<?xml version="1.0" encoding="UTF-8"?>
<testsuites tests="9" failures="5" errors="5" skipped="0">
  <testsuite timestamp="2025-05-23T15:31:14" time="733.292" tests="8" failures="4" errors="4" skipped="0">
    <properties>
      <property name="specId" value="0"/>
      <property name="suiteName" value="Create masterdata for Yard Overview - trigger provide US130988"/>
      <property name="capabilities" value="chrome.136_0_7103_93.windows"/>
      <property name="file" value="file:///D:/a/1/s/test/specs/HTR/yard-overview-trigger.spec.js"/>
    </properties>
    <testcase classname="chrome.136_0_7103_93.windows.Create_masterdata_for_Yard_Overview_-_trigger_provide_US130988" name="Should create a new yard" time="130.767">
      <system-out><![CDATA[
COMMAND: POST /session/707fd792500738763589addbb724467c/window/fullscreen - {}
RESULT: {}
COMMAND: POST /session/707fd792500738763589addbb724467c/execute/async - {"script":"<script> [1562 bytes]","args":[{"selector":{"controlType":"sap.m.GenericTile","properties":{"header":"Manage Yards"}},"wdio_ui5_key":"sapm.GenericTile{\"header\":\"Manage Yards\"}"}]}
RESULT: {"script":"<script> [1562 bytes]","args":[{"selector":{"controlType":"sap.m.GenericTile","properties":{"header":"Manage Yards"}},"wdio_ui5_key":"sapm.GenericTile{\"header\":\"Manage Yards\"}"}]}
RESULT: undefined
COMMAND: POST /session/707fd792500738763589addbb724467c/element - {"using":"xpath","value":"//*[@id=\"__tile41\"]"}
RESULT: {"using":"xpath","value":"//*[@id=\"__tile41\"]"}
COMMAND: POST /session/707fd792500738763589addbb724467c/element/f.EAD07CEE226E3AF466CD8E35709995F4.d.4C21AD80F06BDC6EA603A455A242B31E.e.132/click - {}
RESULT: {}
COMMAND: GET /session/707fd792500738763589addbb724467c/screenshot - {}
RESULT: {}
COMMAND: POST /session/707fd792500738763589addbb724467c/elements - {"using":"xpath","value":"//span[text()='Error']"}
RESULT: {"using":"xpath","value":"//span[text()='Error']"}
COMMAND: POST /session/707fd792500738763589addbb724467c/element - {"using":"xpath","value":"//button[@data-kt=\"addNewYardOverflowToolbarButton\"]"}
RESULT: {"using":"xpath","value":"//button[@data-kt=\"addNewYardOverflowToolbarButton\"]"}
COMMAND: POST /session/707fd792500738763589addbb724467c/elements - {"using":"xpath","value":"//button[@data-kt=\"addNewYardOverflowToolbarButton\"]"}
RESULT: {"using":"xpath","value":"//button[@data-kt=\"addNewYardOverflowToolbarButton\"]"}
COMMAND: POST /session/707fd792500738763589addbb724467c/elements - {"using":"xpath","value":"//button[@data-kt=\"addNewYardOverflowToolbarButton\"]"}
RESULT: {"using":"xpath","value":"//button[@data-kt=\"addNewYardOverflowToolbarButton\"]"}
COMMAND: POST /session/707fd792500738763589addbb724467c/elements - {"using":"xpath","value":"//button[@data-kt=\"addNewYardOverflowToolbarButton\"]"}
RESULT: {"using":"xpath","value":"//button[@data-kt=\"addNewYardOverflowToolbarButton\"]"}
COMMAND: POST /session/707fd792500738763589addbb724467c/elements - {"using":"xpath","value":"//button[@data-kt=\"addNewYardOverflowToolbarButton\"]"}
RESULT: {"using":"xpath","value":"//button[@data-kt=\"addNewYardOverflowToolbarButton\"]"}
COMMAND: POST /session/707fd792500738763589addbb724467c/element - {"using":"xpath","value":"//button[@data-kt=\"addNewYardOverflowToolbarButton\"]"}
RESULT: {"using":"xpath","value":"//button[@data-kt=\"addNewYardOverflowToolbarButton\"]"}
COMMAND: POST /session/707fd792500738763589addbb724467c/execute/sync - {"script":"<script> [8489 bytes]","args":[{"element-6066-11e4-a52e-4f735466cecf":"f.EAD07CEE226E3AF466CD8E35709995F4.d.4C21AD80F06BDC6EA603A455A242B31E.e.258","ELEMENT":"f.EAD07CEE226E3AF466CD8E35709995F4.d.4C21AD80F06BDC6EA603A455A242B31E.e.258"}]}
RESULT: {"script":"<script> [8489 bytes]","args":[{"element-6066-11e4-a52e-4f735466cecf":"f.EAD07CEE226E3AF466CD8E35709995F4.d.4C21AD80F06BDC6EA603A455A242B31E.e.258","ELEMENT":"f.EAD07CEE226E3AF466CD8E35709995F4.d.4C21AD80F06BDC6EA603A455A242B31E.e.258"}]}
COMMAND: GET /session/707fd792500738763589addbb724467c/element/f.EAD07CEE226E3AF466CD8E35709995F4.d.4C21AD80F06BDC6EA603A455A242B31E.e.258/enabled - {}
COMMAND: GET /session/707fd792500738763589addbb724467c/screenshot - {}
RESULT: {}
COMMAND: POST /session/707fd792500738763589addbb724467c/execute/sync - {"script":"<script> [8489 bytes]","args":[{"element-6066-11e4-a52e-4f735466cecf":"f.EAD07CEE226E3AF466CD8E35709995F4.d.4C21AD80F06BDC6EA603A455A242B31E.e.258","ELEMENT":"f.EAD07CEE226E3AF466CD8E35709995F4.d.4C21AD80F06BDC6EA603A455A242B31E.e.258"}]}
COMMAND: GET /session/707fd792500738763589addbb724467c/screenshot - {}
RESULT: {}
RESULT: {"script":"<script> [8489 bytes]","args":[{"element-6066-11e4-a52e-4f735466cecf":"f.EAD07CEE226E3AF466CD8E35709995F4.d.4C21AD80F06BDC6EA603A455A242B31E.e.258","ELEMENT":"f.EAD07CEE226E3AF466CD8E35709995F4.d.4C21AD80F06BDC6EA603A455A242B31E.e.258"}]}
COMMAND: POST /session/707fd792500738763589addbb724467c/execute/sync - {"script":"<script> [5351 bytes]","args":[{"element-6066-11e4-a52e-4f735466cecf":"f.EAD07CEE226E3AF466CD8E35709995F4.d.4C21AD80F06BDC6EA603A455A242B31E.e.258","ELEMENT":"f.EAD07CEE226E3AF466CD8E35709995F4.d.4C21AD80F06BDC6EA603A455A242B31E.e.258"}]}
COMMAND: GET /session/707fd792500738763589addbb724467c/screenshot - {}
RESULT: {}
RESULT: {"script":"<script> [5351 bytes]","args":[{"element-6066-11e4-a52e-4f735466cecf":"f.EAD07CEE226E3AF466CD8E35709995F4.d.4C21AD80F06BDC6EA603A455A242B31E.e.258","ELEMENT":"f.EAD07CEE226E3AF466CD8E35709995F4.d.4C21AD80F06BDC6EA603A455A242B31E.e.258"}]}
COMMAND: POST /session/707fd792500738763589addbb724467c/element/f.EAD07CEE226E3AF466CD8E35709995F4.d.4C21AD80F06BDC6EA603A455A242B31E.e.258/click - {}
COMMAND: GET /session/707fd792500738763589addbb724467c/screenshot - {}
RESULT: {}
RESULT: {}
COMMAND: GET /session/707fd792500738763589addbb724467c/screenshot - {}
RESULT: {}
RESULT: {}
COMMAND: POST /session/707fd792500738763589addbb724467c/element - {"using":"xpath","value":"//input[@id=\"application-manageyards-display-component---NewYard--yardId-inner\"]"}
RESULT: {"using":"xpath","value":"//input[@id=\"application-manageyards-display-component---NewYard--yardId-inner\"]"}
COMMAND: POST /session/707fd792500738763589addbb724467c/element - {"using":"xpath","value":"//input[@id=\"application-manageyards-display-component---NewYard--yardId-inner\"]"}
RESULT: {"using":"xpath","value":"//input[@id=\"application-manageyards-display-component---NewYard--yardId-inner\"]"}
COMMAND: POST /session/707fd792500738763589addbb724467c/execute/async - {"script":"<script> [1562 bytes]","args":[{"selector":{"id":"application-manageyards-display-component---NewYard--addressDetailDetailsName1","interaction":{"idSuffix":"inner"}},"wdio_ui5_key":"applicationmanageyards-display-component---NewYard--addressDetailDetailsName1"}]}
RESULT: {"script":"<script> [1562 bytes]","args":[{"selector":{"id":"application-manageyards-display-component---NewYard--addressDetailDetailsName1","interaction":{"idSuffix":"inner"}},"wdio_ui5_key":"applicationmanageyards-display-component---NewYard--addressDetailDetailsName1"}]}
RESULT: undefined
COMMAND: POST /session/707fd792500738763589addbb724467c/execute/async - {"script":"<script> [776 bytes]","args":[{"enterText":"Other Yard WDIO","selector":{"id":"application-manageyards-display-component---NewYard--addressDetailDetailsName1","interaction":{"idSuffix":"inner"}},"clearTextFirst":true,"interactionType":"ENTER_TEXT"}]}
RESULT: {"script":"<script> [776 bytes]","args":[{"enterText":"Other Yard WDIO","selector":{"id":"application-manageyards-display-component---NewYard--addressDetailDetailsName1","interaction":{"idSuffix":"inner"}},"clearTextFirst":true,"interactionType":"ENTER_TEXT"}]}
COMMAND: POST /session/707fd792500738763589addbb724467c/execute/async - {"script":"<script> [1562 bytes]","args":[{"selector":{"id":"application-manageyards-display-component---NewYard--addressDetailDetailsLanguage-arrow"},"wdio_ui5_key":"applicationmanageyards-display-component---NewYard--addressDetailDetailsLanguage-arrow"}]}
RESULT: {"script":"<script> [1562 bytes]","args":[{"selector":{"id":"application-manageyards-display-component---NewYard--addressDetailDetailsLanguage-arrow"},"wdio_ui5_key":"applicationmanageyards-display-component---NewYard--addressDetailDetailsLanguage-arrow"}]}
RESULT: undefined
COMMAND: POST /session/707fd792500738763589addbb724467c/element - {"using":"xpath","value":"//*[@id=\"application-manageyards-display-component---NewYard--addressDetailDetailsLanguage-arrow\"]"}
RESULT: {"using":"xpath","value":"//*[@id=\"application-manageyards-display-component---NewYard--addressDetailDetailsLanguage-arrow\"]"}
COMMAND: POST /session/707fd792500738763589addbb724467c/element/f.EAD07CEE226E3AF466CD8E35709995F4.d.4C21AD80F06BDC6EA603A455A242B31E.e.694/click - {}
RESULT: {}
COMMAND: POST /session/707fd792500738763589addbb724467c/element - {"using":"xpath","value":"//span[contains(text(), \"English\")]"}
COMMAND: GET /session/707fd792500738763589addbb724467c/screenshot - {}
RESULT: {"using":"xpath","value":"//span[contains(text(), \"English\")]"}
COMMAND: POST /session/707fd792500738763589addbb724467c/element/f.EAD07CEE226E3AF466CD8E35709995F4.d.4C21AD80F06BDC6EA603A455A242B31E.e.695/click - {}
RESULT: {}
RESULT: {}
COMMAND: POST /session/707fd792500738763589addbb724467c/execute/async - {"script":"<script> [1562 bytes]","args":[{"selector":{"id":"application-manageyards-display-component---NewYard--addressDetailDetailsCity1","interaction":{"idSuffix":"inner"}},"wdio_ui5_key":"applicationmanageyards-display-component---NewYard--addressDetailDetailsCity1"}]}
COMMAND: GET /session/707fd792500738763589addbb724467c/screenshot - {}
RESULT: {"script":"<script> [1562 bytes]","args":[{"selector":{"id":"application-manageyards-display-component---NewYard--addressDetailDetailsCity1","interaction":{"idSuffix":"inner"}},"wdio_ui5_key":"applicationmanageyards-display-component---NewYard--addressDetailDetailsCity1"}]}
RESULT: undefined
COMMAND: POST /session/707fd792500738763589addbb724467c/execute/async - {"script":"<script> [776 bytes]","args":[{"enterText":"Rosario","selector":{"id":"application-manageyards-display-component---NewYard--addressDetailDetailsCity1","interaction":{"idSuffix":"inner"}},"clearTextFirst":true,"interactionType":"ENTER_TEXT"}]}
RESULT: {}
RESULT: {"script":"<script> [776 bytes]","args":[{"enterText":"Rosario","selector":{"id":"application-manageyards-display-component---NewYard--addressDetailDetailsCity1","interaction":{"idSuffix":"inner"}},"clearTextFirst":true,"interactionType":"ENTER_TEXT"}]}
COMMAND: POST /session/707fd792500738763589addbb724467c/execute/async - {"script":"<script> [1562 bytes]","args":[{"selector":{"id":"application-manageyards-display-component---NewYard--addressDetailDetailsCountry-arrow"},"wdio_ui5_key":"applicationmanageyards-display-component---NewYard--addressDetailDetailsCountry-arrow"}]}
RESULT: {"script":"<script> [1562 bytes]","args":[{"selector":{"id":"application-manageyards-display-component---NewYard--addressDetailDetailsCountry-arrow"},"wdio_ui5_key":"applicationmanageyards-display-component---NewYard--addressDetailDetailsCountry-arrow"}]}
RESULT: undefined
COMMAND: POST /session/707fd792500738763589addbb724467c/element - {"using":"xpath","value":"//*[@id=\"application-manageyards-display-component---NewYard--addressDetailDetailsCountry-arrow\"]"}
RESULT: {"using":"xpath","value":"//*[@id=\"application-manageyards-display-component---NewYard--addressDetailDetailsCountry-arrow\"]"}
COMMAND: POST /session/707fd792500738763589addbb724467c/element/f.EAD07CEE226E3AF466CD8E35709995F4.d.4C21AD80F06BDC6EA603A455A242B31E.e.697/click - {}
RESULT: {}
COMMAND: POST /session/707fd792500738763589addbb724467c/element - {"using":"xpath","value":"//span[contains(text(), \"Argentina\")]"}
COMMAND: GET /session/707fd792500738763589addbb724467c/screenshot - {}
RESULT: {"using":"xpath","value":"//span[contains(text(), \"Argentina\")]"}
COMMAND: POST /session/707fd792500738763589addbb724467c/element/f.EAD07CEE226E3AF466CD8E35709995F4.d.4C21AD80F06BDC6EA603A455A242B31E.e.699/click - {}
RESULT: {}
RESULT: {}
COMMAND: POST /session/707fd792500738763589addbb724467c/execute/async - {"script":"<script> [1562 bytes]","args":[{"selector":{"id":"application-manageyards-display-component---NewYard--addressEditDetailsCostObjectCstType-arrow"},"wdio_ui5_key":"applicationmanageyards-display-component---NewYard--addressEditDetailsCostObjectCstType-arrow"}]}
COMMAND: GET /session/707fd792500738763589addbb724467c/screenshot - {}
RESULT: {"script":"<script> [1562 bytes]","args":[{"selector":{"id":"application-manageyards-display-component---NewYard--addressEditDetailsCostObjectCstType-arrow"},"wdio_ui5_key":"applicationmanageyards-display-component---NewYard--addressEditDetailsCostObjectCstType-arrow"}]}
RESULT: undefined
COMMAND: POST /session/707fd792500738763589addbb724467c/element - {"using":"xpath","value":"//*[@id=\"application-manageyards-display-component---NewYard--addressEditDetailsCostObjectCstType-arrow\"]"}
RESULT: {}
RESULT: {"using":"xpath","value":"//*[@id=\"application-manageyards-display-component---NewYard--addressEditDetailsCostObjectCstType-arrow\"]"}
COMMAND: POST /session/707fd792500738763589addbb724467c/element/f.EAD07CEE226E3AF466CD8E35709995F4.d.4C21AD80F06BDC6EA603A455A242B31E.e.700/click - {}
RESULT: {}
COMMAND: POST /session/707fd792500738763589addbb724467c/element - {"using":"xpath","value":"//span[contains(text(), \"Cost Center\")]"}
COMMAND: GET /session/707fd792500738763589addbb724467c/screenshot - {}
RESULT: {"using":"xpath","value":"//span[contains(text(), \"Cost Center\")]"}
COMMAND: POST /session/707fd792500738763589addbb724467c/element/f.EAD07CEE226E3AF466CD8E35709995F4.d.4C21AD80F06BDC6EA603A455A242B31E.e.701/click - {}
RESULT: {}
RESULT: {}
COMMAND: GET /session/707fd792500738763589addbb724467c/screenshot - {}
RESULT: {}
COMMAND: POST /session/707fd792500738763589addbb724467c/element - {"using":"xpath","value":"//span[@id=\"application-manageyards-display-component---NewYard--addressNewCostObjectCstID-vhi\"]"}
RESULT: {"using":"xpath","value":"//span[@id=\"application-manageyards-display-component---NewYard--addressNewCostObjectCstID-vhi\"]"}
COMMAND: POST /session/707fd792500738763589addbb724467c/execute/sync - {"script":"<script> [8489 bytes]","args":[{"element-6066-11e4-a52e-4f735466cecf":"f.EAD07CEE226E3AF466CD8E35709995F4.d.4C21AD80F06BDC6EA603A455A242B31E.e.705","ELEMENT":"f.EAD07CEE226E3AF466CD8E35709995F4.d.4C21AD80F06BDC6EA603A455A242B31E.e.705"}]}
RESULT: {"script":"<script> [8489 bytes]","args":[{"element-6066-11e4-a52e-4f735466cecf":"f.EAD07CEE226E3AF466CD8E35709995F4.d.4C21AD80F06BDC6EA603A455A242B31E.e.705","ELEMENT":"f.EAD07CEE226E3AF466CD8E35709995F4.d.4C21AD80F06BDC6EA603A455A242B31E.e.705"}]}
COMMAND: POST /session/707fd792500738763589addbb724467c/execute/async - {"script":"<script> [1562 bytes]","args":[{"selector":{"id":"application-manageyards-display-component---NewYard--addressNewCostObjectCstID-vhi"},"wdio_ui5_key":"applicationmanageyards-display-component---NewYard--addressNewCostObjectCstID-vhi"}]}
COMMAND: GET /session/707fd792500738763589addbb724467c/screenshot - {}
RESULT: {"script":"<script> [1562 bytes]","args":[{"selector":{"id":"application-manageyards-display-component---NewYard--addressNewCostObjectCstID-vhi"},"wdio_ui5_key":"applicationmanageyards-display-component---NewYard--addressNewCostObjectCstID-vhi"}]}
RESULT: undefined
COMMAND: POST /session/707fd792500738763589addbb724467c/element - {"using":"xpath","value":"//*[@id=\"application-manageyards-display-component---NewYard--addressNewCostObjectCstID-vhi\"]"}
RESULT: {}
RESULT: {"using":"xpath","value":"//*[@id=\"application-manageyards-display-component---NewYard--addressNewCostObjectCstID-vhi\"]"}
COMMAND: POST /session/707fd792500738763589addbb724467c/element/f.EAD07CEE226E3AF466CD8E35709995F4.d.4C21AD80F06BDC6EA603A455A242B31E.e.705/click - {}
RESULT: {}
COMMAND: GET /session/707fd792500738763589addbb724467c/screenshot - {}
RESULT: {}
COMMAND: POST /session/707fd792500738763589addbb724467c/execute/async - {"script":"<script> [1562 bytes]","args":[{"selector":{"controlType":"sap.m.SearchField","properties":{"placeholder":"Search"},"searchOpenDialogs":true,"interaction":{"idSuffix":"I"}},"wdio_ui5_key":"sapm.SearchField{\"placeholder\":\"Search\"}"}]}
RESULT: {"script":"<script> [1562 bytes]","args":[{"selector":{"controlType":"sap.m.SearchField","properties":{"placeholder":"Search"},"searchOpenDialogs":true,"interaction":{"idSuffix":"I"}},"wdio_ui5_key":"sapm.SearchField{\"placeholder\":\"Search\"}"}]}
RESULT: undefined
COMMAND: POST /session/707fd792500738763589addbb724467c/execute/async - {"script":"<script> [776 bytes]","args":[{"enterText":"bauh_b","selector":{"controlType":"sap.m.SearchField","properties":{"placeholder":"Search"},"searchOpenDialogs":true,"interaction":{"idSuffix":"I"}},"clearTextFirst":true,"interactionType":"ENTER_TEXT"}]}
RESULT: {"script":"<script> [776 bytes]","args":[{"enterText":"bauh_b","selector":{"controlType":"sap.m.SearchField","properties":{"placeholder":"Search"},"searchOpenDialogs":true,"interaction":{"idSuffix":"I"}},"clearTextFirst":true,"interactionType":"ENTER_TEXT"}]}
COMMAND: POST /session/707fd792500738763589addbb724467c/actions - {"actions":[{"id":"action1","type":"key","parameters":{},"actions":[{"type":"keyDown","value":""},{"type":"pause","duration":10},{"type":"keyUp","value":""}]}]}
RESULT: {"actions":[{"id":"action1","type":"key","parameters":{},"actions":[{"type":"keyDown","value":""},{"type":"pause","duration":10},{"type":"keyUp","value":""}]}]}
COMMAND: GET /session/707fd792500738763589addbb724467c/screenshot - {}
RESULT: {}
COMMAND: POST /session/707fd792500738763589addbb724467c/element - {"using":"xpath","value":"//span[contains(text(), \"Demo Yard\")]"}
RESULT: {"using":"xpath","value":"//span[contains(text(), \"Demo Yard\")]"}
COMMAND: POST /session/707fd792500738763589addbb724467c/element/f.EAD07CEE226E3AF466CD8E35709995F4.d.4C21AD80F06BDC6EA603A455A242B31E.e.745/click - {}
RESULT: {}
COMMAND: GET /session/707fd792500738763589addbb724467c/screenshot - {}
RESULT: {}
COMMAND: POST /session/707fd792500738763589addbb724467c/element - {"using":"xpath","value":"//bdi[contains(text(), \"OK\")]"}
RESULT: {"using":"xpath","value":"//bdi[contains(text(), \"OK\")]"}
COMMAND: POST /session/707fd792500738763589addbb724467c/element/f.EAD07CEE226E3AF466CD8E35709995F4.d.4C21AD80F06BDC6EA603A455A242B31E.e.746/click - {}
RESULT: {}
COMMAND: GET /session/707fd792500738763589addbb724467c/screenshot - {}
RESULT: {}
COMMAND: POST /session/707fd792500738763589addbb724467c/execute/async - {"script":"<script> [1562 bytes]","args":[{"selector":{"id":"application-manageyards-display-component---NewYard--addressEditDetailsCurrency-arrow"},"wdio_ui5_key":"applicationmanageyards-display-component---NewYard--addressEditDetailsCurrency-arrow"}]}
RESULT: {"script":"<script> [1562 bytes]","args":[{"selector":{"id":"application-manageyards-display-component---NewYard--addressEditDetailsCurrency-arrow"},"wdio_ui5_key":"applicationmanageyards-display-component---NewYard--addressEditDetailsCurrency-arrow"}]}
RESULT: undefined
COMMAND: POST /session/707fd792500738763589addbb724467c/element - {"using":"xpath","value":"//*[@id=\"application-manageyards-display-component---NewYard--addressEditDetailsCurrency-arrow\"]"}
RESULT: {"using":"xpath","value":"//*[@id=\"application-manageyards-display-component---NewYard--addressEditDetailsCurrency-arrow\"]"}
COMMAND: POST /session/707fd792500738763589addbb724467c/element/f.EAD07CEE226E3AF466CD8E35709995F4.d.4C21AD80F06BDC6EA603A455A242B31E.e.749/click - {}
RESULT: {}
COMMAND: POST /session/707fd792500738763589addbb724467c/element - {"using":"xpath","value":"//span[contains(text(), \"Euro\")]"}
COMMAND: GET /session/707fd792500738763589addbb724467c/screenshot - {}
RESULT: {"using":"xpath","value":"//span[contains(text(), \"Euro\")]"}
COMMAND: POST /session/707fd792500738763589addbb724467c/element/f.EAD07CEE226E3AF466CD8E35709995F4.d.4C21AD80F06BDC6EA603A455A242B31E.e.750/click - {}
RESULT: {}
RESULT: {}
COMMAND: POST /session/707fd792500738763589addbb724467c/execute/async - {"script":"<script> [1562 bytes]","args":[{"selector":{"controlType":"sap.m.Input","viewName":"etm.portal.ui.manageyards.view.New","viewId":"application-manageyards-display-component---NewYard","bindingPath":{"path":"","propertyPath":"/CONTROLLING_AREA","modelName":"NewYardModel"},"interaction":{"idSuffix":"inner"}},"wdio_ui5_key":"etmportal.ui.manageyards.view.Newsap.m.Input{\"path\":\"\",\"propertyPath\":\"/CONTROLLING_AREA\",\"modelName\":\"NewYardModel\"}"}]}
COMMAND: GET /session/707fd792500738763589addbb724467c/screenshot - {}
RESULT: {"script":"<script> [1562 bytes]","args":[{"selector":{"controlType":"sap.m.Input","viewName":"etm.portal.ui.manageyards.view.New","viewId":"application-manageyards-display-component---NewYard","bindingPath":{"path":"","propertyPath":"/CONTROLLING_AREA","modelName":"NewYardModel"},"interaction":{"idSuffix":"inner"}},"wdio_ui5_key":"etmportal.ui.manageyards.view.Newsap.m.Input{\"path\":\"\",\"propertyPath\":\"/CONTROLLING_AREA\",\"modelName\":\"NewYardModel\"}"}]}
RESULT: undefined
COMMAND: POST /session/707fd792500738763589addbb724467c/execute/async - {"script":"<script> [776 bytes]","args":[{"enterText":"Z001","selector":{"controlType":"sap.m.Input","viewName":"etm.portal.ui.manageyards.view.New","viewId":"application-manageyards-display-component---NewYard","bindingPath":{"path":"","propertyPath":"/CONTROLLING_AREA","modelName":"NewYardModel"},"interaction":{"idSuffix":"inner"}},"clearTextFirst":true,"interactionType":"ENTER_TEXT"}]}
RESULT: {}
RESULT: {"script":"<script> [776 bytes]","args":[{"enterText":"Z001","selector":{"controlType":"sap.m.Input","viewName":"etm.portal.ui.manageyards.view.New","viewId":"application-manageyards-display-component---NewYard","bindingPath":{"path":"","propertyPath":"/CONTROLLING_AREA","modelName":"NewYardModel"},"interaction":{"idSuffix":"inner"}},"clearTextFirst":true,"interactionType":"ENTER_TEXT"}]}
COMMAND: POST /session/707fd792500738763589addbb724467c/execute/async - {"script":"<script> [1562 bytes]","args":[{"selector":{"id":"application-manageyards-display-component---NewYard--companyCodeComboBox","interaction":{"idSuffix":"inner"}},"wdio_ui5_key":"applicationmanageyards-display-component---NewYard--companyCodeComboBox"}]}
RESULT: {"script":"<script> [1562 bytes]","args":[{"selector":{"id":"application-manageyards-display-component---NewYard--companyCodeComboBox","interaction":{"idSuffix":"inner"}},"wdio_ui5_key":"applicationmanageyards-display-component---NewYard--companyCodeComboBox"}]}
RESULT: undefined
COMMAND: POST /session/707fd792500738763589addbb724467c/execute/async - {"script":"<script> [776 bytes]","args":[{"enterText":"1000","selector":{"id":"application-manageyards-display-component---NewYard--companyCodeComboBox","interaction":{"idSuffix":"inner"}},"clearTextFirst":true,"interactionType":"ENTER_TEXT"}]}
RESULT: {"script":"<script> [776 bytes]","args":[{"enterText":"1000","selector":{"id":"application-manageyards-display-component---NewYard--companyCodeComboBox","interaction":{"idSuffix":"inner"}},"clearTextFirst":true,"interactionType":"ENTER_TEXT"}]}
COMMAND: POST /session/707fd792500738763589addbb724467c/execute/async - {"script":"<script> [1562 bytes]","args":[{"selector":{"controlType":"sap.m.Input","viewName":"etm.portal.ui.manageyards.view.New","viewId":"application-manageyards-display-component---NewYard","bindingPath":{"path":"","propertyPath":"/PLANT","modelName":"NewYardModel"},"interaction":{"idSuffix":"inner"}},"wdio_ui5_key":"etmportal.ui.manageyards.view.Newsap.m.Input{\"path\":\"\",\"propertyPath\":\"/PLANT\",\"modelName\":\"NewYardModel\"}"}]}
RESULT: {"script":"<script> [1562 bytes]","args":[{"selector":{"controlType":"sap.m.Input","viewName":"etm.portal.ui.manageyards.view.New","viewId":"application-manageyards-display-component---NewYard","bindingPath":{"path":"","propertyPath":"/PLANT","modelName":"NewYardModel"},"interaction":{"idSuffix":"inner"}},"wdio_ui5_key":"etmportal.ui.manageyards.view.Newsap.m.Input{\"path\":\"\",\"propertyPath\":\"/PLANT\",\"modelName\":\"NewYardModel\"}"}]}
RESULT: undefined
COMMAND: POST /session/707fd792500738763589addbb724467c/execute/async - {"script":"<script> [776 bytes]","args":[{"enterText":"1001","selector":{"controlType":"sap.m.Input","viewName":"etm.portal.ui.manageyards.view.New","viewId":"application-manageyards-display-component---NewYard","bindingPath":{"path":"","propertyPath":"/PLANT","modelName":"NewYardModel"},"interaction":{"idSuffix":"inner"}},"clearTextFirst":true,"interactionType":"ENTER_TEXT"}]}
RESULT: {"script":"<script> [776 bytes]","args":[{"enterText":"1001","selector":{"controlType":"sap.m.Input","viewName":"etm.portal.ui.manageyards.view.New","viewId":"application-manageyards-display-component---NewYard","bindingPath":{"path":"","propertyPath":"/PLANT","modelName":"NewYardModel"},"interaction":{"idSuffix":"inner"}},"clearTextFirst":true,"interactionType":"ENTER_TEXT"}]}
COMMAND: POST /session/707fd792500738763589addbb724467c/execute/async - {"script":"<script> [1562 bytes]","args":[{"selector":{"controlType":"sap.m.Input","viewName":"etm.portal.ui.manageyards.view.New","viewId":"application-manageyards-display-component---NewYard","bindingPath":{"path":"","propertyPath":"/SALES_AREA_VKORG","modelName":"NewYardModel"},"interaction":{"idSuffix":"inner"}},"wdio_ui5_key":"etmportal.ui.manageyards.view.Newsap.m.Input{\"path\":\"\",\"propertyPath\":\"/SALES_AREA_VKORG\",\"modelName\":\"NewYardModel\"}"}]}
RESULT: {"script":"<script> [1562 bytes]","args":[{"selector":{"controlType":"sap.m.Input","viewName":"etm.portal.ui.manageyards.view.New","viewId":"application-manageyards-display-component---NewYard","bindingPath":{"path":"","propertyPath":"/SALES_AREA_VKORG","modelName":"NewYardModel"},"interaction":{"idSuffix":"inner"}},"wdio_ui5_key":"etmportal.ui.manageyards.view.Newsap.m.Input{\"path\":\"\",\"propertyPath\":\"/SALES_AREA_VKORG\",\"modelName\":\"NewYardModel\"}"}]}
RESULT: undefined
COMMAND: POST /session/707fd792500738763589addbb724467c/execute/async - {"script":"<script> [776 bytes]","args":[{"enterText":"C002","selector":{"controlType":"sap.m.Input","viewName":"etm.portal.ui.manageyards.view.New","viewId":"application-manageyards-display-component---NewYard","bindingPath":{"path":"","propertyPath":"/SALES_AREA_VKORG","modelName":"NewYardModel"},"interaction":{"idSuffix":"inner"}},"clearTextFirst":true,"interactionType":"ENTER_TEXT"}]}
RESULT: {"script":"<script> [776 bytes]","args":[{"enterText":"C002","selector":{"controlType":"sap.m.Input","viewName":"etm.portal.ui.manageyards.view.New","viewId":"application-manageyards-display-component---NewYard","bindingPath":{"path":"","propertyPath":"/SALES_AREA_VKORG","modelName":"NewYardModel"},"interaction":{"idSuffix":"inner"}},"clearTextFirst":true,"interactionType":"ENTER_TEXT"}]}
COMMAND: POST /session/707fd792500738763589addbb724467c/execute/async - {"script":"<script> [1562 bytes]","args":[{"selector":{"controlType":"sap.m.Input","viewName":"etm.portal.ui.manageyards.view.New","viewId":"application-manageyards-display-component---NewYard","bindingPath":{"path":"","propertyPath":"/SALES_AREA_VTWEG","modelName":"NewYardModel"},"interaction":{"idSuffix":"inner"}},"wdio_ui5_key":"etmportal.ui.manageyards.view.Newsap.m.Input{\"path\":\"\",\"propertyPath\":\"/SALES_AREA_VTWEG\",\"modelName\":\"NewYardModel\"}"}]}
RESULT: {"script":"<script> [1562 bytes]","args":[{"selector":{"controlType":"sap.m.Input","viewName":"etm.portal.ui.manageyards.view.New","viewId":"application-manageyards-display-component---NewYard","bindingPath":{"path":"","propertyPath":"/SALES_AREA_VTWEG","modelName":"NewYardModel"},"interaction":{"idSuffix":"inner"}},"wdio_ui5_key":"etmportal.ui.manageyards.view.Newsap.m.Input{\"path\":\"\",\"propertyPath\":\"/SALES_AREA_VTWEG\",\"modelName\":\"NewYardModel\"}"}]}
RESULT: undefined
COMMAND: POST /session/707fd792500738763589addbb724467c/execute/async - {"script":"<script> [776 bytes]","args":[{"enterText":"C2","selector":{"controlType":"sap.m.Input","viewName":"etm.portal.ui.manageyards.view.New","viewId":"application-manageyards-display-component---NewYard","bindingPath":{"path":"","propertyPath":"/SALES_AREA_VTWEG","modelName":"NewYardModel"},"interaction":{"idSuffix":"inner"}},"clearTextFirst":true,"interactionType":"ENTER_TEXT"}]}
RESULT: {"script":"<script> [776 bytes]","args":[{"enterText":"C2","selector":{"controlType":"sap.m.Input","viewName":"etm.portal.ui.manageyards.view.New","viewId":"application-manageyards-display-component---NewYard","bindingPath":{"path":"","propertyPath":"/SALES_AREA_VTWEG","modelName":"NewYardModel"},"interaction":{"idSuffix":"inner"}},"clearTextFirst":true,"interactionType":"ENTER_TEXT"}]}
COMMAND: POST /session/707fd792500738763589addbb724467c/execute/async - {"script":"<script> [1562 bytes]","args":[{"selector":{"controlType":"sap.m.Input","viewName":"etm.portal.ui.manageyards.view.New","viewId":"application-manageyards-display-component---NewYard","bindingPath":{"path":"","propertyPath":"/SALES_AREA_SPART","modelName":"NewYardModel"},"interaction":{"idSuffix":"inner"}},"wdio_ui5_key":"etmportal.ui.manageyards.view.Newsap.m.Input{\"path\":\"\",\"propertyPath\":\"/SALES_AREA_SPART\",\"modelName\":\"NewYardModel\"}"}]}
RESULT: {"script":"<script> [1562 bytes]","args":[{"selector":{"controlType":"sap.m.Input","viewName":"etm.portal.ui.manageyards.view.New","viewId":"application-manageyards-display-component---NewYard","bindingPath":{"path":"","propertyPath":"/SALES_AREA_SPART","modelName":"NewYardModel"},"interaction":{"idSuffix":"inner"}},"wdio_ui5_key":"etmportal.ui.manageyards.view.Newsap.m.Input{\"path\":\"\",\"propertyPath\":\"/SALES_AREA_SPART\",\"modelName\":\"NewYardModel\"}"}]}
RESULT: undefined
COMMAND: POST /session/707fd792500738763589addbb724467c/execute/async - {"script":"<script> [776 bytes]","args":[{"enterText":"C2","selector":{"controlType":"sap.m.Input","viewName":"etm.portal.ui.manageyards.view.New","viewId":"application-manageyards-display-component---NewYard","bindingPath":{"path":"","propertyPath":"/SALES_AREA_SPART","modelName":"NewYardModel"},"interaction":{"idSuffix":"inner"}},"clearTextFirst":true,"interactionType":"ENTER_TEXT"}]}
RESULT: {"script":"<script> [776 bytes]","args":[{"enterText":"C2","selector":{"controlType":"sap.m.Input","viewName":"etm.portal.ui.manageyards.view.New","viewId":"application-manageyards-display-component---NewYard","bindingPath":{"path":"","propertyPath":"/SALES_AREA_SPART","modelName":"NewYardModel"},"interaction":{"idSuffix":"inner"}},"clearTextFirst":true,"interactionType":"ENTER_TEXT"}]}
COMMAND: POST /session/707fd792500738763589addbb724467c/execute/async - {"script":"<script> [1562 bytes]","args":[{"selector":{"controlType":"sap.m.Input","viewName":"etm.portal.ui.manageyards.view.New","viewId":"application-manageyards-display-component---NewYard","bindingPath":{"path":"","propertyPath":"/SHIP_POINT","modelName":"NewYardModel"},"interaction":{"idSuffix":"inner"}},"wdio_ui5_key":"etmportal.ui.manageyards.view.Newsap.m.Input{\"path\":\"\",\"propertyPath\":\"/SHIP_POINT\",\"modelName\":\"NewYardModel\"}"}]}
RESULT: {"script":"<script> [1562 bytes]","args":[{"selector":{"controlType":"sap.m.Input","viewName":"etm.portal.ui.manageyards.view.New","viewId":"application-manageyards-display-component---NewYard","bindingPath":{"path":"","propertyPath":"/SHIP_POINT","modelName":"NewYardModel"},"interaction":{"idSuffix":"inner"}},"wdio_ui5_key":"etmportal.ui.manageyards.view.Newsap.m.Input{\"path\":\"\",\"propertyPath\":\"/SHIP_POINT\",\"modelName\":\"NewYardModel\"}"}]}
RESULT: undefined
COMMAND: POST /session/707fd792500738763589addbb724467c/execute/async - {"script":"<script> [776 bytes]","args":[{"enterText":"1710","selector":{"controlType":"sap.m.Input","viewName":"etm.portal.ui.manageyards.view.New","viewId":"application-manageyards-display-component---NewYard","bindingPath":{"path":"","propertyPath":"/SHIP_POINT","modelName":"NewYardModel"},"interaction":{"idSuffix":"inner"}},"clearTextFirst":true,"interactionType":"ENTER_TEXT"}]}
RESULT: {"script":"<script> [776 bytes]","args":[{"enterText":"1710","selector":{"controlType":"sap.m.Input","viewName":"etm.portal.ui.manageyards.view.New","viewId":"application-manageyards-display-component---NewYard","bindingPath":{"path":"","propertyPath":"/SHIP_POINT","modelName":"NewYardModel"},"interaction":{"idSuffix":"inner"}},"clearTextFirst":true,"interactionType":"ENTER_TEXT"}]}
COMMAND: POST /session/707fd792500738763589addbb724467c/execute/async - {"script":"<script> [1562 bytes]","args":[{"selector":{"controlType":"sap.m.Input","viewName":"etm.portal.ui.manageyards.view.New","viewId":"application-manageyards-display-component---NewYard","bindingPath":{"path":"","propertyPath":"/DELIVERY_TYPE","modelName":"NewYardModel"},"interaction":{"idSuffix":"inner"}},"wdio_ui5_key":"etmportal.ui.manageyards.view.Newsap.m.Input{\"path\":\"\",\"propertyPath\":\"/DELIVERY_TYPE\",\"modelName\":\"NewYardModel\"}"}]}
RESULT: {"script":"<script> [1562 bytes]","args":[{"selector":{"controlType":"sap.m.Input","viewName":"etm.portal.ui.manageyards.view.New","viewId":"application-manageyards-display-component---NewYard","bindingPath":{"path":"","propertyPath":"/DELIVERY_TYPE","modelName":"NewYardModel"},"interaction":{"idSuffix":"inner"}},"wdio_ui5_key":"etmportal.ui.manageyards.view.Newsap.m.Input{\"path\":\"\",\"propertyPath\":\"/DELIVERY_TYPE\",\"modelName\":\"NewYardModel\"}"}]}
RESULT: undefined
COMMAND: POST /session/707fd792500738763589addbb724467c/execute/async - {"script":"<script> [776 bytes]","args":[{"enterText":"ZL01","selector":{"controlType":"sap.m.Input","viewName":"etm.portal.ui.manageyards.view.New","viewId":"application-manageyards-display-component---NewYard","bindingPath":{"path":"","propertyPath":"/DELIVERY_TYPE","modelName":"NewYardModel"},"interaction":{"idSuffix":"inner"}},"clearTextFirst":true,"interactionType":"ENTER_TEXT"}]}
RESULT: {"script":"<script> [776 bytes]","args":[{"enterText":"ZL01","selector":{"controlType":"sap.m.Input","viewName":"etm.portal.ui.manageyards.view.New","viewId":"application-manageyards-display-component---NewYard","bindingPath":{"path":"","propertyPath":"/DELIVERY_TYPE","modelName":"NewYardModel"},"interaction":{"idSuffix":"inner"}},"clearTextFirst":true,"interactionType":"ENTER_TEXT"}]}
COMMAND: POST /session/707fd792500738763589addbb724467c/execute/async - {"script":"<script> [1562 bytes]","args":[{"selector":{"controlType":"sap.m.Input","viewName":"etm.portal.ui.manageyards.view.New","viewId":"application-manageyards-display-component---NewYard","bindingPath":{"path":"","propertyPath":"/AUART","modelName":"NewYardModel"},"interaction":{"idSuffix":"inner"}},"wdio_ui5_key":"etmportal.ui.manageyards.view.Newsap.m.Input{\"path\":\"\",\"propertyPath\":\"/AUART\",\"modelName\":\"NewYardModel\"}"}]}
RESULT: {"script":"<script> [1562 bytes]","args":[{"selector":{"controlType":"sap.m.Input","viewName":"etm.portal.ui.manageyards.view.New","viewId":"application-manageyards-display-component---NewYard","bindingPath":{"path":"","propertyPath":"/AUART","modelName":"NewYardModel"},"interaction":{"idSuffix":"inner"}},"wdio_ui5_key":"etmportal.ui.manageyards.view.Newsap.m.Input{\"path\":\"\",\"propertyPath\":\"/AUART\",\"modelName\":\"NewYardModel\"}"}]}
RESULT: undefined
COMMAND: POST /session/707fd792500738763589addbb724467c/execute/async - {"script":"<script> [776 bytes]","args":[{"enterText":"TA","selector":{"controlType":"sap.m.Input","viewName":"etm.portal.ui.manageyards.view.New","viewId":"application-manageyards-display-component---NewYard","bindingPath":{"path":"","propertyPath":"/AUART","modelName":"NewYardModel"},"interaction":{"idSuffix":"inner"}},"clearTextFirst":true,"interactionType":"ENTER_TEXT"}]}
RESULT: {"script":"<script> [776 bytes]","args":[{"enterText":"TA","selector":{"controlType":"sap.m.Input","viewName":"etm.portal.ui.manageyards.view.New","viewId":"application-manageyards-display-component---NewYard","bindingPath":{"path":"","propertyPath":"/AUART","modelName":"NewYardModel"},"interaction":{"idSuffix":"inner"}},"clearTextFirst":true,"interactionType":"ENTER_TEXT"}]}
COMMAND: POST /session/707fd792500738763589addbb724467c/element - {"using":"xpath","value":"//button[@data-kt=\"newYardSaveButton\"]"}
RESULT: {"using":"xpath","value":"//button[@data-kt=\"newYardSaveButton\"]"}
COMMAND: POST /session/707fd792500738763589addbb724467c/element/f.EAD07CEE226E3AF466CD8E35709995F4.d.4C21AD80F06BDC6EA603A455A242B31E.e.680/click - {}
RESULT: {}
COMMAND: GET /session/707fd792500738763589addbb724467c/screenshot - {}
RESULT: {}
COMMAND: POST /session/707fd792500738763589addbb724467c/element - {"using":"xpath","value":"//header[contains(@id, 'ObjectPageLayout-headerTitle')]/div[1]/div[2]/div[1]/span[1]"}
RESULT: {"using":"xpath","value":"//header[contains(@id, 'ObjectPageLayout-headerTitle')]/div[1]/div[2]/div[1]/span[1]"}
COMMAND: POST /session/707fd792500738763589addbb724467c/elements - {"using":"xpath","value":"//header[contains(@id, 'ObjectPageLayout-headerTitle')]/div[1]/div[2]/div[1]/span[1]"}
RESULT: {"using":"xpath","value":"//header[contains(@id, 'ObjectPageLayout-headerTitle')]/div[1]/div[2]/div[1]/span[1]"}
COMMAND: POST /session/707fd792500738763589addbb724467c/execute/sync - {"script":"<script> [56 bytes]","args":[{"element-6066-11e4-a52e-4f735466cecf":"f.EAD07CEE226E3AF466CD8E35709995F4.d.4C21AD80F06BDC6EA603A455A242B31E.e.970","ELEMENT":"f.EAD07CEE226E3AF466CD8E35709995F4.d.4C21AD80F06BDC6EA603A455A242B31E.e.970"}]}
RESULT: {"script":"<script> [56 bytes]","args":[{"element-6066-11e4-a52e-4f735466cecf":"f.EAD07CEE226E3AF466CD8E35709995F4.d.4C21AD80F06BDC6EA603A455A242B31E.e.970","ELEMENT":"f.EAD07CEE226E3AF466CD8E35709995F4.d.4C21AD80F06BDC6EA603A455A242B31E.e.970"}]}
COMMAND: GET /session/707fd792500738763589addbb724467c/screenshot - {}
RESULT: {}
COMMAND: POST /session/707fd792500738763589addbb724467c/element - {"using":"css selector","value":"#shell-header-logo"}
RESULT: {"using":"css selector","value":"#shell-header-logo"}
COMMAND: POST /session/707fd792500738763589addbb724467c/element/f.EAD07CEE226E3AF466CD8E35709995F4.d.4C21AD80F06BDC6EA603A455A242B31E.e.227/click - {}
RESULT: {}
COMMAND: GET /session/707fd792500738763589addbb724467c/screenshot - {}
RESULT: {}
COMMAND: POST /session/707fd792500738763589addbb724467c/execute/sync - {"script":"<script> [299 bytes]","args":[["getModel","getResource"]]}
RESULT: {"script":"<script> [299 bytes]","args":[["getModel","getResource"]]}
]]></system-out>
    </testcase>
    <testcase classname="chrome.136_0_7103_93.windows.Create_masterdata_for_Yard_Overview_-_trigger_provide_US130988" name="Should create a new external partner" time="90.499">
      <system-out><![CDATA[
COMMAND: GET /session/707fd792500738763589addbb724467c/screenshot - {}
COMMAND: POST /session/707fd792500738763589addbb724467c/window/fullscreen - {}
RESULT: {}
COMMAND: POST /session/707fd792500738763589addbb724467c/execute/async - {"script":"<script> [1562 bytes]","args":[{"selector":{"controlType":"sap.m.GenericTile","properties":{"header":"Manage Partners"}},"wdio_ui5_key":"sapm.GenericTile{\"header\":\"Manage Partners\"}"}]}
RESULT: {}
RESULT: {"script":"<script> [1562 bytes]","args":[{"selector":{"controlType":"sap.m.GenericTile","properties":{"header":"Manage Partners"}},"wdio_ui5_key":"sapm.GenericTile{\"header\":\"Manage Partners\"}"}]}
RESULT: undefined
COMMAND: POST /session/707fd792500738763589addbb724467c/element - {"using":"xpath","value":"//*[@id=\"__tile38\"]"}
RESULT: {"using":"xpath","value":"//*[@id=\"__tile38\"]"}
COMMAND: POST /session/707fd792500738763589addbb724467c/element/f.EAD07CEE226E3AF466CD8E35709995F4.d.4C21AD80F06BDC6EA603A455A242B31E.e.123/click - {}
RESULT: {}
COMMAND: GET /session/707fd792500738763589addbb724467c/screenshot - {}
RESULT: {}
COMMAND: POST /session/707fd792500738763589addbb724467c/elements - {"using":"xpath","value":"//span[text()='Error']"}
RESULT: {"using":"xpath","value":"//span[text()='Error']"}
COMMAND: POST /session/707fd792500738763589addbb724467c/element - {"using":"xpath","value":"//button[@data-kt=\"addButton\"]"}
RESULT: {"using":"xpath","value":"//button[@data-kt=\"addButton\"]"}
COMMAND: POST /session/707fd792500738763589addbb724467c/elements - {"using":"xpath","value":"//button[@data-kt=\"addButton\"]"}
RESULT: {"using":"xpath","value":"//button[@data-kt=\"addButton\"]"}
COMMAND: POST /session/707fd792500738763589addbb724467c/execute/sync - {"script":"<script> [8489 bytes]","args":[{"element-6066-11e4-a52e-4f735466cecf":"f.EAD07CEE226E3AF466CD8E35709995F4.d.4C21AD80F06BDC6EA603A455A242B31E.e.1018","ELEMENT":"f.EAD07CEE226E3AF466CD8E35709995F4.d.4C21AD80F06BDC6EA603A455A242B31E.e.1018"}]}
RESULT: {"script":"<script> [8489 bytes]","args":[{"element-6066-11e4-a52e-4f735466cecf":"f.EAD07CEE226E3AF466CD8E35709995F4.d.4C21AD80F06BDC6EA603A455A242B31E.e.1018","ELEMENT":"f.EAD07CEE226E3AF466CD8E35709995F4.d.4C21AD80F06BDC6EA603A455A242B31E.e.1018"}]}
COMMAND: GET /session/707fd792500738763589addbb724467c/element/f.EAD07CEE226E3AF466CD8E35709995F4.d.4C21AD80F06BDC6EA603A455A242B31E.e.1018/enabled - {}
COMMAND: GET /session/707fd792500738763589addbb724467c/screenshot - {}
RESULT: {}
COMMAND: POST /session/707fd792500738763589addbb724467c/execute/sync - {"script":"<script> [8489 bytes]","args":[{"element-6066-11e4-a52e-4f735466cecf":"f.EAD07CEE226E3AF466CD8E35709995F4.d.4C21AD80F06BDC6EA603A455A242B31E.e.1018","ELEMENT":"f.EAD07CEE226E3AF466CD8E35709995F4.d.4C21AD80F06BDC6EA603A455A242B31E.e.1018"}]}
COMMAND: GET /session/707fd792500738763589addbb724467c/screenshot - {}
RESULT: {}
RESULT: {"script":"<script> [8489 bytes]","args":[{"element-6066-11e4-a52e-4f735466cecf":"f.EAD07CEE226E3AF466CD8E35709995F4.d.4C21AD80F06BDC6EA603A455A242B31E.e.1018","ELEMENT":"f.EAD07CEE226E3AF466CD8E35709995F4.d.4C21AD80F06BDC6EA603A455A242B31E.e.1018"}]}
COMMAND: POST /session/707fd792500738763589addbb724467c/execute/sync - {"script":"<script> [5351 bytes]","args":[{"element-6066-11e4-a52e-4f735466cecf":"f.EAD07CEE226E3AF466CD8E35709995F4.d.4C21AD80F06BDC6EA603A455A242B31E.e.1018","ELEMENT":"f.EAD07CEE226E3AF466CD8E35709995F4.d.4C21AD80F06BDC6EA603A455A242B31E.e.1018"}]}
COMMAND: GET /session/707fd792500738763589addbb724467c/screenshot - {}
RESULT: {}
RESULT: {"script":"<script> [5351 bytes]","args":[{"element-6066-11e4-a52e-4f735466cecf":"f.EAD07CEE226E3AF466CD8E35709995F4.d.4C21AD80F06BDC6EA603A455A242B31E.e.1018","ELEMENT":"f.EAD07CEE226E3AF466CD8E35709995F4.d.4C21AD80F06BDC6EA603A455A242B31E.e.1018"}]}
COMMAND: POST /session/707fd792500738763589addbb724467c/element/f.EAD07CEE226E3AF466CD8E35709995F4.d.4C21AD80F06BDC6EA603A455A242B31E.e.1018/click - {}
COMMAND: GET /session/707fd792500738763589addbb724467c/screenshot - {}
RESULT: {}
RESULT: {}
COMMAND: GET /session/707fd792500738763589addbb724467c/screenshot - {}
COMMAND: POST /session/707fd792500738763589addbb724467c/execute/async - {"script":"<script> [1562 bytes]","args":[{"selector":{"id":"application-managepartners-display-component---NewPartner--addressDetailDetailsName1","interaction":{"idSuffix":"inner"}},"wdio_ui5_key":"applicationmanagepartners-display-component---NewPartner--addressDetailDetailsName1"}]}
RESULT: {}
RESULT: {}
RESULT: {"script":"<script> [1562 bytes]","args":[{"selector":{"id":"application-managepartners-display-component---NewPartner--addressDetailDetailsName1","interaction":{"idSuffix":"inner"}},"wdio_ui5_key":"applicationmanagepartners-display-component---NewPartner--addressDetailDetailsName1"}]}
RESULT: undefined
COMMAND: POST /session/707fd792500738763589addbb724467c/execute/async - {"script":"<script> [776 bytes]","args":[{"enterText":"External Partner WDIO","selector":{"id":"application-managepartners-display-component---NewPartner--addressDetailDetailsName1","interaction":{"idSuffix":"inner"}},"clearTextFirst":true,"interactionType":"ENTER_TEXT"}]}
RESULT: {"script":"<script> [776 bytes]","args":[{"enterText":"External Partner WDIO","selector":{"id":"application-managepartners-display-component---NewPartner--addressDetailDetailsName1","interaction":{"idSuffix":"inner"}},"clearTextFirst":true,"interactionType":"ENTER_TEXT"}]}
COMMAND: POST /session/707fd792500738763589addbb724467c/execute/async - {"script":"<script> [1562 bytes]","args":[{"selector":{"id":"application-managepartners-display-component---NewPartner--addressDetailDetailsLanguage-arrow"},"wdio_ui5_key":"applicationmanagepartners-display-component---NewPartner--addressDetailDetailsLanguage-arrow"}]}
RESULT: {"script":"<script> [1562 bytes]","args":[{"selector":{"id":"application-managepartners-display-component---NewPartner--addressDetailDetailsLanguage-arrow"},"wdio_ui5_key":"applicationmanagepartners-display-component---NewPartner--addressDetailDetailsLanguage-arrow"}]}
RESULT: undefined
COMMAND: POST /session/707fd792500738763589addbb724467c/element - {"using":"xpath","value":"//*[@id=\"application-managepartners-display-component---NewPartner--addressDetailDetailsLanguage-arrow\"]"}
RESULT: {"using":"xpath","value":"//*[@id=\"application-managepartners-display-component---NewPartner--addressDetailDetailsLanguage-arrow\"]"}
COMMAND: POST /session/707fd792500738763589addbb724467c/element/f.EAD07CEE226E3AF466CD8E35709995F4.d.4C21AD80F06BDC6EA603A455A242B31E.e.1389/click - {}
RESULT: {}
COMMAND: POST /session/707fd792500738763589addbb724467c/element - {"using":"xpath","value":"//span[contains(text(), \"English\")]"}
COMMAND: GET /session/707fd792500738763589addbb724467c/screenshot - {}
RESULT: {"using":"xpath","value":"//span[contains(text(), \"English\")]"}
COMMAND: POST /session/707fd792500738763589addbb724467c/element/f.EAD07CEE226E3AF466CD8E35709995F4.d.4C21AD80F06BDC6EA603A455A242B31E.e.1390/click - {}
RESULT: {}
RESULT: {}
COMMAND: GET /session/707fd792500738763589addbb724467c/screenshot - {}
RESULT: {}
COMMAND: POST /session/707fd792500738763589addbb724467c/execute/async - {"script":"<script> [1562 bytes]","args":[{"selector":{"id":"application-managepartners-display-component---NewPartner--addressDetailDetailsCity1","interaction":{"idSuffix":"inner"}},"wdio_ui5_key":"applicationmanagepartners-display-component---NewPartner--addressDetailDetailsCity1"}]}
RESULT: {"script":"<script> [1562 bytes]","args":[{"selector":{"id":"application-managepartners-display-component---NewPartner--addressDetailDetailsCity1","interaction":{"idSuffix":"inner"}},"wdio_ui5_key":"applicationmanagepartners-display-component---NewPartner--addressDetailDetailsCity1"}]}
RESULT: undefined
COMMAND: POST /session/707fd792500738763589addbb724467c/execute/async - {"script":"<script> [776 bytes]","args":[{"enterText":"Rosario","selector":{"id":"application-managepartners-display-component---NewPartner--addressDetailDetailsCity1","interaction":{"idSuffix":"inner"}},"clearTextFirst":true,"interactionType":"ENTER_TEXT"}]}
RESULT: {"script":"<script> [776 bytes]","args":[{"enterText":"Rosario","selector":{"id":"application-managepartners-display-component---NewPartner--addressDetailDetailsCity1","interaction":{"idSuffix":"inner"}},"clearTextFirst":true,"interactionType":"ENTER_TEXT"}]}
COMMAND: POST /session/707fd792500738763589addbb724467c/execute/async - {"script":"<script> [1562 bytes]","args":[{"selector":{"id":"application-managepartners-display-component---NewPartner--addressDetailDetailsCountry-arrow"},"wdio_ui5_key":"applicationmanagepartners-display-component---NewPartner--addressDetailDetailsCountry-arrow"}]}
RESULT: {"script":"<script> [1562 bytes]","args":[{"selector":{"id":"application-managepartners-display-component---NewPartner--addressDetailDetailsCountry-arrow"},"wdio_ui5_key":"applicationmanagepartners-display-component---NewPartner--addressDetailDetailsCountry-arrow"}]}
RESULT: undefined
COMMAND: POST /session/707fd792500738763589addbb724467c/element - {"using":"xpath","value":"//*[@id=\"application-managepartners-display-component---NewPartner--addressDetailDetailsCountry-arrow\"]"}
RESULT: {"using":"xpath","value":"//*[@id=\"application-managepartners-display-component---NewPartner--addressDetailDetailsCountry-arrow\"]"}
COMMAND: POST /session/707fd792500738763589addbb724467c/element/f.EAD07CEE226E3AF466CD8E35709995F4.d.4C21AD80F06BDC6EA603A455A242B31E.e.1371/click - {}
RESULT: {}
COMMAND: POST /session/707fd792500738763589addbb724467c/element - {"using":"xpath","value":"//span[contains(text(), \"Argentina\")]"}
COMMAND: GET /session/707fd792500738763589addbb724467c/screenshot - {}
RESULT: {"using":"xpath","value":"//span[contains(text(), \"Argentina\")]"}
COMMAND: POST /session/707fd792500738763589addbb724467c/element/f.EAD07CEE226E3AF466CD8E35709995F4.d.4C21AD80F06BDC6EA603A455A242B31E.e.1392/click - {}
RESULT: {}
RESULT: {}
COMMAND: GET /session/707fd792500738763589addbb724467c/screenshot - {}
RESULT: {}
COMMAND: POST /session/707fd792500738763589addbb724467c/element - {"using":"xpath","value":"//bdi[contains(text(), \"Commercial\")]"}
RESULT: {"using":"xpath","value":"//bdi[contains(text(), \"Commercial\")]"}
COMMAND: POST /session/707fd792500738763589addbb724467c/element/f.EAD07CEE226E3AF466CD8E35709995F4.d.4C21AD80F06BDC6EA603A455A242B31E.e.1393/click - {}
RESULT: {}
COMMAND: GET /session/707fd792500738763589addbb724467c/screenshot - {}
RESULT: {}
COMMAND: POST /session/707fd792500738763589addbb724467c/execute/async - {"script":"<script> [1562 bytes]","args":[{"selector":{"id":"application-managepartners-display-component---NewPartner--partnerDetailInternal-arrow"},"wdio_ui5_key":"applicationmanagepartners-display-component---NewPartner--partnerDetailInternal-arrow"}]}
RESULT: {"script":"<script> [1562 bytes]","args":[{"selector":{"id":"application-managepartners-display-component---NewPartner--partnerDetailInternal-arrow"},"wdio_ui5_key":"applicationmanagepartners-display-component---NewPartner--partnerDetailInternal-arrow"}]}
RESULT: undefined
COMMAND: POST /session/707fd792500738763589addbb724467c/element - {"using":"xpath","value":"//*[@id=\"application-managepartners-display-component---NewPartner--partnerDetailInternal-arrow\"]"}
RESULT: {"using":"xpath","value":"//*[@id=\"application-managepartners-display-component---NewPartner--partnerDetailInternal-arrow\"]"}
COMMAND: POST /session/707fd792500738763589addbb724467c/element/f.EAD07CEE226E3AF466CD8E35709995F4.d.4C21AD80F06BDC6EA603A455A242B31E.e.1399/click - {}
RESULT: {}
COMMAND: POST /session/707fd792500738763589addbb724467c/element - {"using":"xpath","value":"//span[contains(text(), \"External partner\")]"}
COMMAND: GET /session/707fd792500738763589addbb724467c/screenshot - {}
RESULT: {"using":"xpath","value":"//span[contains(text(), \"External partner\")]"}
COMMAND: POST /session/707fd792500738763589addbb724467c/element/f.EAD07CEE226E3AF466CD8E35709995F4.d.4C21AD80F06BDC6EA603A455A242B31E.e.1400/click - {}
RESULT: {}
RESULT: {}
COMMAND: POST /session/707fd792500738763589addbb724467c/execute/async - {"script":"<script> [1562 bytes]","args":[{"selector":{"id":"application-managepartners-display-component---NewPartner--partnerDetailsCurrency-arrow"},"wdio_ui5_key":"applicationmanagepartners-display-component---NewPartner--partnerDetailsCurrency-arrow"}]}
COMMAND: GET /session/707fd792500738763589addbb724467c/screenshot - {}
RESULT: {"script":"<script> [1562 bytes]","args":[{"selector":{"id":"application-managepartners-display-component---NewPartner--partnerDetailsCurrency-arrow"},"wdio_ui5_key":"applicationmanagepartners-display-component---NewPartner--partnerDetailsCurrency-arrow"}]}
RESULT: undefined
COMMAND: POST /session/707fd792500738763589addbb724467c/element - {"using":"xpath","value":"//*[@id=\"application-managepartners-display-component---NewPartner--partnerDetailsCurrency-arrow\"]"}
RESULT: {}
RESULT: {"using":"xpath","value":"//*[@id=\"application-managepartners-display-component---NewPartner--partnerDetailsCurrency-arrow\"]"}
COMMAND: POST /session/707fd792500738763589addbb724467c/element/f.EAD07CEE226E3AF466CD8E35709995F4.d.4C21AD80F06BDC6EA603A455A242B31E.e.1405/click - {}
RESULT: {}
COMMAND: POST /session/707fd792500738763589addbb724467c/element - {"using":"xpath","value":"//span[contains(text(), \"US Dollar\")]"}
COMMAND: GET /session/707fd792500738763589addbb724467c/screenshot - {}
RESULT: {"using":"xpath","value":"//span[contains(text(), \"US Dollar\")]"}
COMMAND: POST /session/707fd792500738763589addbb724467c/element/f.EAD07CEE226E3AF466CD8E35709995F4.d.4C21AD80F06BDC6EA603A455A242B31E.e.1406/click - {}
RESULT: {}
RESULT: {}
COMMAND: GET /session/707fd792500738763589addbb724467c/screenshot - {}
RESULT: {}
COMMAND: POST /session/707fd792500738763589addbb724467c/element - {"using":"xpath","value":"//input[@id=\"application-managepartners-display-component---NewPartner--companyCodeComboBox-inner\"]"}
RESULT: {"using":"xpath","value":"//input[@id=\"application-managepartners-display-component---NewPartner--companyCodeComboBox-inner\"]"}
COMMAND: POST /session/707fd792500738763589addbb724467c/element/f.EAD07CEE226E3AF466CD8E35709995F4.d.4C21AD80F06BDC6EA603A455A242B31E.e.1250/clear - {}
RESULT: {}
COMMAND: POST /session/707fd792500738763589addbb724467c/element/f.EAD07CEE226E3AF466CD8E35709995F4.d.4C21AD80F06BDC6EA603A455A242B31E.e.1250/value - {"text":"C002"}
COMMAND: GET /session/707fd792500738763589addbb724467c/screenshot - {}
RESULT: {"text":"C002"}
COMMAND: GET /session/707fd792500738763589addbb724467c/screenshot - {}
RESULT: {}
RESULT: {}
COMMAND: POST /session/707fd792500738763589addbb724467c/element - {"using":"xpath","value":"//li[.//span[text()= \"C002\"]]"}
RESULT: {"using":"xpath","value":"//li[.//span[text()= \"C002\"]]"}
COMMAND: POST /session/707fd792500738763589addbb724467c/element/f.EAD07CEE226E3AF466CD8E35709995F4.d.4C21AD80F06BDC6EA603A455A242B31E.e.1410/click - {}
RESULT: {}
COMMAND: GET /session/707fd792500738763589addbb724467c/screenshot - {}
RESULT: {}
COMMAND: POST /session/707fd792500738763589addbb724467c/execute/async - {"script":"<script> [1562 bytes]","args":[{"selector":{"id":"application-managepartners-display-component---NewPartner--btnAddTableRow-img"},"wdio_ui5_key":"applicationmanagepartners-display-component---NewPartner--btnAddTableRow-img"}]}
RESULT: {"script":"<script> [1562 bytes]","args":[{"selector":{"id":"application-managepartners-display-component---NewPartner--btnAddTableRow-img"},"wdio_ui5_key":"applicationmanagepartners-display-component---NewPartner--btnAddTableRow-img"}]}
RESULT: undefined
COMMAND: POST /session/707fd792500738763589addbb724467c/element - {"using":"xpath","value":"//*[@id=\"application-managepartners-display-component---NewPartner--btnAddTableRow-img\"]"}
RESULT: {"using":"xpath","value":"//*[@id=\"application-managepartners-display-component---NewPartner--btnAddTableRow-img\"]"}
COMMAND: POST /session/707fd792500738763589addbb724467c/element/f.EAD07CEE226E3AF466CD8E35709995F4.d.4C21AD80F06BDC6EA603A455A242B31E.e.1411/click - {}
RESULT: {}
COMMAND: GET /session/707fd792500738763589addbb724467c/screenshot - {}
RESULT: {}
COMMAND: POST /session/707fd792500738763589addbb724467c/element - {"using":"xpath","value":"//input[@id=\"application-managepartners-display-component---NewPartner--assignmentYard-application-managepartners-display-component---NewPartner--assignmentsTable-0-inner\"]"}
RESULT: {"using":"xpath","value":"//input[@id=\"application-managepartners-display-component---NewPartner--assignmentYard-application-managepartners-display-component---NewPartner--assignmentsTable-0-inner\"]"}
COMMAND: POST /session/707fd792500738763589addbb724467c/element/f.EAD07CEE226E3AF466CD8E35709995F4.d.4C21AD80F06BDC6EA603A455A242B31E.e.1414/clear - {}
RESULT: {}
COMMAND: POST /session/707fd792500738763589addbb724467c/element/f.EAD07CEE226E3AF466CD8E35709995F4.d.4C21AD80F06BDC6EA603A455A242B31E.e.1414/value - {"text":"217"}
COMMAND: GET /session/707fd792500738763589addbb724467c/screenshot - {}
RESULT: {"text":"217"}
COMMAND: GET /session/707fd792500738763589addbb724467c/screenshot - {}
RESULT: {}
RESULT: {}
COMMAND: POST /session/707fd792500738763589addbb724467c/element - {"using":"xpath","value":"//li[.//span[text()='217']]"}
RESULT: {"using":"xpath","value":"//li[.//span[text()='217']]"}
COMMAND: POST /session/707fd792500738763589addbb724467c/element/f.EAD07CEE226E3AF466CD8E35709995F4.d.4C21AD80F06BDC6EA603A455A242B31E.e.1422/click - {}
RESULT: {}
COMMAND: GET /session/707fd792500738763589addbb724467c/screenshot - {}
RESULT: {}
COMMAND: POST /session/707fd792500738763589addbb724467c/actions - {"actions":[{"id":"action2","type":"key","parameters":{},"actions":[{"type":"keyDown","value":""},{"type":"pause","duration":10},{"type":"keyUp","value":""}]}]}
RESULT: {"actions":[{"id":"action2","type":"key","parameters":{},"actions":[{"type":"keyDown","value":""},{"type":"pause","duration":10},{"type":"keyUp","value":""}]}]}
COMMAND: POST /session/707fd792500738763589addbb724467c/element - {"using":"xpath","value":"//td[contains(@id, \"assignmentsTable-0-cell2\")]/div/div"}
COMMAND: GET /session/707fd792500738763589addbb724467c/screenshot - {}
RESULT: {"using":"xpath","value":"//td[contains(@id, \"assignmentsTable-0-cell2\")]/div/div"}
COMMAND: POST /session/707fd792500738763589addbb724467c/element/f.EAD07CEE226E3AF466CD8E35709995F4.d.4C21AD80F06BDC6EA603A455A242B31E.e.1425/click - {}
RESULT: {}
RESULT: {}
COMMAND: GET /session/707fd792500738763589addbb724467c/screenshot - {}
RESULT: {}
COMMAND: POST /session/707fd792500738763589addbb724467c/element - {"using":"xpath","value":"//button[@data-kt=\"saveButton\"]"}
RESULT: {"using":"xpath","value":"//button[@data-kt=\"saveButton\"]"}
COMMAND: POST /session/707fd792500738763589addbb724467c/element/f.EAD07CEE226E3AF466CD8E35709995F4.d.4C21AD80F06BDC6EA603A455A242B31E.e.1373/click - {}
RESULT: {}
COMMAND: GET /session/707fd792500738763589addbb724467c/screenshot - {}
RESULT: {}
COMMAND: POST /session/707fd792500738763589addbb724467c/element - {"using":"xpath","value":"//header[contains(@id, 'ObjectPageLayout-headerTitle')]/div[1]/div[2]/div[2]/span[1]"}
RESULT: {"using":"xpath","value":"//header[contains(@id, 'ObjectPageLayout-headerTitle')]/div[1]/div[2]/div[2]/span[1]"}
COMMAND: POST /session/707fd792500738763589addbb724467c/elements - {"using":"xpath","value":"//header[contains(@id, 'ObjectPageLayout-headerTitle')]/div[1]/div[2]/div[2]/span[1]"}
RESULT: {"using":"xpath","value":"//header[contains(@id, 'ObjectPageLayout-headerTitle')]/div[1]/div[2]/div[2]/span[1]"}
COMMAND: POST /session/707fd792500738763589addbb724467c/execute/sync - {"script":"<script> [56 bytes]","args":[{"element-6066-11e4-a52e-4f735466cecf":"f.EAD07CEE226E3AF466CD8E35709995F4.d.4C21AD80F06BDC6EA603A455A242B31E.e.1551","ELEMENT":"f.EAD07CEE226E3AF466CD8E35709995F4.d.4C21AD80F06BDC6EA603A455A242B31E.e.1551"}]}
RESULT: {"script":"<script> [56 bytes]","args":[{"element-6066-11e4-a52e-4f735466cecf":"f.EAD07CEE226E3AF466CD8E35709995F4.d.4C21AD80F06BDC6EA603A455A242B31E.e.1551","ELEMENT":"f.EAD07CEE226E3AF466CD8E35709995F4.d.4C21AD80F06BDC6EA603A455A242B31E.e.1551"}]}
COMMAND: POST /session/707fd792500738763589addbb724467c/element - {"using":"css selector","value":"#shell-header-logo"}
COMMAND: GET /session/707fd792500738763589addbb724467c/screenshot - {}
RESULT: {"using":"css selector","value":"#shell-header-logo"}
COMMAND: POST /session/707fd792500738763589addbb724467c/element/f.EAD07CEE226E3AF466CD8E35709995F4.d.4C21AD80F06BDC6EA603A455A242B31E.e.974/click - {}
RESULT: {}
RESULT: {}
COMMAND: GET /session/707fd792500738763589addbb724467c/screenshot - {}
RESULT: {}
COMMAND: POST /session/707fd792500738763589addbb724467c/execute/sync - {"script":"<script> [299 bytes]","args":[["getModel","getResource"]]}
RESULT: {"script":"<script> [299 bytes]","args":[["getModel","getResource"]]}
COMMAND: GET /session/707fd792500738763589addbb724467c/screenshot - {}
]]></system-out>
    </testcase>
    <testcase classname="chrome.136_0_7103_93.windows.Create_masterdata_for_Yard_Overview_-_trigger_provide_US130988" name="Should create a new site" time="93.62">
      <system-out><![CDATA[
COMMAND: POST /session/707fd792500738763589addbb724467c/execute/async - {"script":"<script> [1562 bytes]","args":[{"selector":{"controlType":"sap.m.GenericTile","properties":{"header":"Manage Sites"}},"wdio_ui5_key":"sapm.GenericTile{\"header\":\"Manage Sites\"}"}]}
RESULT: {"script":"<script> [1562 bytes]","args":[{"selector":{"controlType":"sap.m.GenericTile","properties":{"header":"Manage Sites"}},"wdio_ui5_key":"sapm.GenericTile{\"header\":\"Manage Sites\"}"}]}
RESULT: undefined
COMMAND: POST /session/707fd792500738763589addbb724467c/element - {"using":"xpath","value":"//*[@id=\"__tile40\"]"}
RESULT: {}
RESULT: {"using":"xpath","value":"//*[@id=\"__tile40\"]"}
COMMAND: POST /session/707fd792500738763589addbb724467c/element/f.EAD07CEE226E3AF466CD8E35709995F4.d.4C21AD80F06BDC6EA603A455A242B31E.e.129/click - {}
RESULT: {}
COMMAND: GET /session/707fd792500738763589addbb724467c/screenshot - {}
RESULT: {}
COMMAND: POST /session/707fd792500738763589addbb724467c/elements - {"using":"xpath","value":"//span[text()='Error']"}
RESULT: {"using":"xpath","value":"//span[text()='Error']"}
COMMAND: POST /session/707fd792500738763589addbb724467c/element - {"using":"xpath","value":"//button[@data-kt=\"addOverflowToolbarButton\"]"}
RESULT: {"using":"xpath","value":"//button[@data-kt=\"addOverflowToolbarButton\"]"}
COMMAND: POST /session/707fd792500738763589addbb724467c/elements - {"using":"xpath","value":"//button[@data-kt=\"addOverflowToolbarButton\"]"}
RESULT: {"using":"xpath","value":"//button[@data-kt=\"addOverflowToolbarButton\"]"}
COMMAND: POST /session/707fd792500738763589addbb724467c/execute/sync - {"script":"<script> [8489 bytes]","args":[{"element-6066-11e4-a52e-4f735466cecf":"f.EAD07CEE226E3AF466CD8E35709995F4.d.4C21AD80F06BDC6EA603A455A242B31E.e.1598","ELEMENT":"f.EAD07CEE226E3AF466CD8E35709995F4.d.4C21AD80F06BDC6EA603A455A242B31E.e.1598"}]}
RESULT: {"script":"<script> [8489 bytes]","args":[{"element-6066-11e4-a52e-4f735466cecf":"f.EAD07CEE226E3AF466CD8E35709995F4.d.4C21AD80F06BDC6EA603A455A242B31E.e.1598","ELEMENT":"f.EAD07CEE226E3AF466CD8E35709995F4.d.4C21AD80F06BDC6EA603A455A242B31E.e.1598"}]}
COMMAND: GET /session/707fd792500738763589addbb724467c/element/f.EAD07CEE226E3AF466CD8E35709995F4.d.4C21AD80F06BDC6EA603A455A242B31E.e.1598/enabled - {}
COMMAND: GET /session/707fd792500738763589addbb724467c/screenshot - {}
RESULT: {}
COMMAND: POST /session/707fd792500738763589addbb724467c/execute/sync - {"script":"<script> [8489 bytes]","args":[{"element-6066-11e4-a52e-4f735466cecf":"f.EAD07CEE226E3AF466CD8E35709995F4.d.4C21AD80F06BDC6EA603A455A242B31E.e.1598","ELEMENT":"f.EAD07CEE226E3AF466CD8E35709995F4.d.4C21AD80F06BDC6EA603A455A242B31E.e.1598"}]}
COMMAND: GET /session/707fd792500738763589addbb724467c/screenshot - {}
RESULT: {}
RESULT: {"script":"<script> [8489 bytes]","args":[{"element-6066-11e4-a52e-4f735466cecf":"f.EAD07CEE226E3AF466CD8E35709995F4.d.4C21AD80F06BDC6EA603A455A242B31E.e.1598","ELEMENT":"f.EAD07CEE226E3AF466CD8E35709995F4.d.4C21AD80F06BDC6EA603A455A242B31E.e.1598"}]}
COMMAND: POST /session/707fd792500738763589addbb724467c/execute/sync - {"script":"<script> [5351 bytes]","args":[{"element-6066-11e4-a52e-4f735466cecf":"f.EAD07CEE226E3AF466CD8E35709995F4.d.4C21AD80F06BDC6EA603A455A242B31E.e.1598","ELEMENT":"f.EAD07CEE226E3AF466CD8E35709995F4.d.4C21AD80F06BDC6EA603A455A242B31E.e.1598"}]}
COMMAND: GET /session/707fd792500738763589addbb724467c/screenshot - {}
RESULT: {}
RESULT: {"script":"<script> [5351 bytes]","args":[{"element-6066-11e4-a52e-4f735466cecf":"f.EAD07CEE226E3AF466CD8E35709995F4.d.4C21AD80F06BDC6EA603A455A242B31E.e.1598","ELEMENT":"f.EAD07CEE226E3AF466CD8E35709995F4.d.4C21AD80F06BDC6EA603A455A242B31E.e.1598"}]}
COMMAND: POST /session/707fd792500738763589addbb724467c/element/f.EAD07CEE226E3AF466CD8E35709995F4.d.4C21AD80F06BDC6EA603A455A242B31E.e.1598/click - {}
COMMAND: GET /session/707fd792500738763589addbb724467c/screenshot - {}
RESULT: {}
RESULT: {}
COMMAND: GET /session/707fd792500738763589addbb724467c/screenshot - {}
RESULT: {}
COMMAND: POST /session/707fd792500738763589addbb724467c/element - {"using":"xpath","value":"//input[@id=\"application-managesites-display-component---NewSite--siteId-inner\"]"}
RESULT: {}
RESULT: {"using":"xpath","value":"//input[@id=\"application-managesites-display-component---NewSite--siteId-inner\"]"}
COMMAND: POST /session/707fd792500738763589addbb724467c/element - {"using":"xpath","value":"//input[@id=\"application-managesites-display-component---NewSite--siteId-inner\"]"}
RESULT: {"using":"xpath","value":"//input[@id=\"application-managesites-display-component---NewSite--siteId-inner\"]"}
COMMAND: POST /session/707fd792500738763589addbb724467c/execute/async - {"script":"<script> [1562 bytes]","args":[{"selector":{"id":"application-managesites-display-component---NewSite--addressDetailDetailsName1","interaction":{"idSuffix":"inner"}},"wdio_ui5_key":"applicationmanagesites-display-component---NewSite--addressDetailDetailsName1"}]}
RESULT: {"script":"<script> [1562 bytes]","args":[{"selector":{"id":"application-managesites-display-component---NewSite--addressDetailDetailsName1","interaction":{"idSuffix":"inner"}},"wdio_ui5_key":"applicationmanagesites-display-component---NewSite--addressDetailDetailsName1"}]}
RESULT: undefined
COMMAND: POST /session/707fd792500738763589addbb724467c/execute/async - {"script":"<script> [776 bytes]","args":[{"enterText":"Other Type Site WDIO","selector":{"id":"application-managesites-display-component---NewSite--addressDetailDetailsName1","interaction":{"idSuffix":"inner"}},"clearTextFirst":true,"interactionType":"ENTER_TEXT"}]}
RESULT: {"script":"<script> [776 bytes]","args":[{"enterText":"Other Type Site WDIO","selector":{"id":"application-managesites-display-component---NewSite--addressDetailDetailsName1","interaction":{"idSuffix":"inner"}},"clearTextFirst":true,"interactionType":"ENTER_TEXT"}]}
COMMAND: POST /session/707fd792500738763589addbb724467c/execute/async - {"script":"<script> [1562 bytes]","args":[{"selector":{"id":"application-managesites-display-component---NewSite--addressDetailDetailsLanguage-arrow"},"wdio_ui5_key":"applicationmanagesites-display-component---NewSite--addressDetailDetailsLanguage-arrow"}]}
RESULT: {"script":"<script> [1562 bytes]","args":[{"selector":{"id":"application-managesites-display-component---NewSite--addressDetailDetailsLanguage-arrow"},"wdio_ui5_key":"applicationmanagesites-display-component---NewSite--addressDetailDetailsLanguage-arrow"}]}
RESULT: undefined
COMMAND: POST /session/707fd792500738763589addbb724467c/element - {"using":"xpath","value":"//*[@id=\"application-managesites-display-component---NewSite--addressDetailDetailsLanguage-arrow\"]"}
RESULT: {"using":"xpath","value":"//*[@id=\"application-managesites-display-component---NewSite--addressDetailDetailsLanguage-arrow\"]"}
COMMAND: POST /session/707fd792500738763589addbb724467c/element/f.EAD07CEE226E3AF466CD8E35709995F4.d.4C21AD80F06BDC6EA603A455A242B31E.e.2152/click - {}
RESULT: {}
COMMAND: POST /session/707fd792500738763589addbb724467c/element - {"using":"xpath","value":"//span[contains(text(), \"English\")]"}
COMMAND: GET /session/707fd792500738763589addbb724467c/screenshot - {}
RESULT: {"using":"xpath","value":"//span[contains(text(), \"English\")]"}
COMMAND: POST /session/707fd792500738763589addbb724467c/element/f.EAD07CEE226E3AF466CD8E35709995F4.d.4C21AD80F06BDC6EA603A455A242B31E.e.2153/click - {}
RESULT: {}
RESULT: {}
COMMAND: POST /session/707fd792500738763589addbb724467c/execute/async - {"script":"<script> [1562 bytes]","args":[{"selector":{"id":"application-managesites-display-component---NewSite--addressDetailDetailsCity1","interaction":{"idSuffix":"inner"}},"wdio_ui5_key":"applicationmanagesites-display-component---NewSite--addressDetailDetailsCity1"}]}
COMMAND: GET /session/707fd792500738763589addbb724467c/screenshot - {}
RESULT: {"script":"<script> [1562 bytes]","args":[{"selector":{"id":"application-managesites-display-component---NewSite--addressDetailDetailsCity1","interaction":{"idSuffix":"inner"}},"wdio_ui5_key":"applicationmanagesites-display-component---NewSite--addressDetailDetailsCity1"}]}
RESULT: undefined
COMMAND: POST /session/707fd792500738763589addbb724467c/execute/async - {"script":"<script> [776 bytes]","args":[{"enterText":"Rosario","selector":{"id":"application-managesites-display-component---NewSite--addressDetailDetailsCity1","interaction":{"idSuffix":"inner"}},"clearTextFirst":true,"interactionType":"ENTER_TEXT"}]}
RESULT: {}
RESULT: {"script":"<script> [776 bytes]","args":[{"enterText":"Rosario","selector":{"id":"application-managesites-display-component---NewSite--addressDetailDetailsCity1","interaction":{"idSuffix":"inner"}},"clearTextFirst":true,"interactionType":"ENTER_TEXT"}]}
COMMAND: POST /session/707fd792500738763589addbb724467c/execute/async - {"script":"<script> [1562 bytes]","args":[{"selector":{"id":"application-managesites-display-component---NewSite--addressDetailDetailsCountry-arrow"},"wdio_ui5_key":"applicationmanagesites-display-component---NewSite--addressDetailDetailsCountry-arrow"}]}
RESULT: {"script":"<script> [1562 bytes]","args":[{"selector":{"id":"application-managesites-display-component---NewSite--addressDetailDetailsCountry-arrow"},"wdio_ui5_key":"applicationmanagesites-display-component---NewSite--addressDetailDetailsCountry-arrow"}]}
RESULT: undefined
COMMAND: POST /session/707fd792500738763589addbb724467c/element - {"using":"xpath","value":"//*[@id=\"application-managesites-display-component---NewSite--addressDetailDetailsCountry-arrow\"]"}
RESULT: {"using":"xpath","value":"//*[@id=\"application-managesites-display-component---NewSite--addressDetailDetailsCountry-arrow\"]"}
COMMAND: POST /session/707fd792500738763589addbb724467c/element/f.EAD07CEE226E3AF466CD8E35709995F4.d.4C21AD80F06BDC6EA603A455A242B31E.e.2155/click - {}
RESULT: {}
COMMAND: POST /session/707fd792500738763589addbb724467c/element - {"using":"xpath","value":"//span[contains(text(), \"Argentina\")]"}
COMMAND: GET /session/707fd792500738763589addbb724467c/screenshot - {}
RESULT: {"using":"xpath","value":"//span[contains(text(), \"Argentina\")]"}
COMMAND: POST /session/707fd792500738763589addbb724467c/element/f.EAD07CEE226E3AF466CD8E35709995F4.d.4C21AD80F06BDC6EA603A455A242B31E.e.2157/click - {}
RESULT: {}
RESULT: {}
COMMAND: GET /session/707fd792500738763589addbb724467c/screenshot - {}
RESULT: {}
COMMAND: POST /session/707fd792500738763589addbb724467c/execute/async - {"script":"<script> [1562 bytes]","args":[{"selector":{"id":"application-managesites-display-component---NewSite--addressEditDetailsCostObjectCstType-arrow"},"wdio_ui5_key":"applicationmanagesites-display-component---NewSite--addressEditDetailsCostObjectCstType-arrow"}]}
RESULT: {"script":"<script> [1562 bytes]","args":[{"selector":{"id":"application-managesites-display-component---NewSite--addressEditDetailsCostObjectCstType-arrow"},"wdio_ui5_key":"applicationmanagesites-display-component---NewSite--addressEditDetailsCostObjectCstType-arrow"}]}
RESULT: undefined
COMMAND: POST /session/707fd792500738763589addbb724467c/element - {"using":"xpath","value":"//*[@id=\"application-managesites-display-component---NewSite--addressEditDetailsCostObjectCstType-arrow\"]"}
RESULT: {"using":"xpath","value":"//*[@id=\"application-managesites-display-component---NewSite--addressEditDetailsCostObjectCstType-arrow\"]"}
COMMAND: POST /session/707fd792500738763589addbb724467c/element/f.EAD07CEE226E3AF466CD8E35709995F4.d.4C21AD80F06BDC6EA603A455A242B31E.e.2158/click - {}
RESULT: {}
COMMAND: POST /session/707fd792500738763589addbb724467c/element - {"using":"xpath","value":"//span[contains(text(), \"Cost Center\")]"}
COMMAND: GET /session/707fd792500738763589addbb724467c/screenshot - {}
RESULT: {"using":"xpath","value":"//span[contains(text(), \"Cost Center\")]"}
COMMAND: POST /session/707fd792500738763589addbb724467c/element/f.EAD07CEE226E3AF466CD8E35709995F4.d.4C21AD80F06BDC6EA603A455A242B31E.e.2159/click - {}
RESULT: {}
RESULT: {}
COMMAND: GET /session/707fd792500738763589addbb724467c/screenshot - {}
RESULT: {}
COMMAND: POST /session/707fd792500738763589addbb724467c/element - {"using":"xpath","value":"//span[@id=\"application-managesites-display-component---NewSite--addressNewCostObjectCstID-vhi\"]"}
RESULT: {"using":"xpath","value":"//span[@id=\"application-managesites-display-component---NewSite--addressNewCostObjectCstID-vhi\"]"}
COMMAND: POST /session/707fd792500738763589addbb724467c/execute/sync - {"script":"<script> [8489 bytes]","args":[{"element-6066-11e4-a52e-4f735466cecf":"f.EAD07CEE226E3AF466CD8E35709995F4.d.4C21AD80F06BDC6EA603A455A242B31E.e.2164","ELEMENT":"f.EAD07CEE226E3AF466CD8E35709995F4.d.4C21AD80F06BDC6EA603A455A242B31E.e.2164"}]}
RESULT: {"script":"<script> [8489 bytes]","args":[{"element-6066-11e4-a52e-4f735466cecf":"f.EAD07CEE226E3AF466CD8E35709995F4.d.4C21AD80F06BDC6EA603A455A242B31E.e.2164","ELEMENT":"f.EAD07CEE226E3AF466CD8E35709995F4.d.4C21AD80F06BDC6EA603A455A242B31E.e.2164"}]}
COMMAND: POST /session/707fd792500738763589addbb724467c/execute/async - {"script":"<script> [1562 bytes]","args":[{"selector":{"id":"application-managesites-display-component---NewSite--addressNewCostObjectCstID-vhi"},"wdio_ui5_key":"applicationmanagesites-display-component---NewSite--addressNewCostObjectCstID-vhi"}]}
COMMAND: GET /session/707fd792500738763589addbb724467c/screenshot - {}
RESULT: {"script":"<script> [1562 bytes]","args":[{"selector":{"id":"application-managesites-display-component---NewSite--addressNewCostObjectCstID-vhi"},"wdio_ui5_key":"applicationmanagesites-display-component---NewSite--addressNewCostObjectCstID-vhi"}]}
RESULT: undefined
COMMAND: POST /session/707fd792500738763589addbb724467c/element - {"using":"xpath","value":"//*[@id=\"application-managesites-display-component---NewSite--addressNewCostObjectCstID-vhi\"]"}
RESULT: {}
RESULT: {"using":"xpath","value":"//*[@id=\"application-managesites-display-component---NewSite--addressNewCostObjectCstID-vhi\"]"}
COMMAND: POST /session/707fd792500738763589addbb724467c/element/f.EAD07CEE226E3AF466CD8E35709995F4.d.4C21AD80F06BDC6EA603A455A242B31E.e.2164/click - {}
RESULT: {}
COMMAND: GET /session/707fd792500738763589addbb724467c/screenshot - {}
RESULT: {}
RESULT: undefined
COMMAND: POST /session/707fd792500738763589addbb724467c/execute/async - {"script":"<script> [776 bytes]","args":[{"enterText":"10001013","selector":{"controlType":"sap.m.SearchField","properties":{"placeholder":"Search"},"searchOpenDialogs":true,"interaction":{"idSuffix":"I"}},"clearTextFirst":true,"interactionType":"ENTER_TEXT"}]}
RESULT: {"script":"<script> [776 bytes]","args":[{"enterText":"10001013","selector":{"controlType":"sap.m.SearchField","properties":{"placeholder":"Search"},"searchOpenDialogs":true,"interaction":{"idSuffix":"I"}},"clearTextFirst":true,"interactionType":"ENTER_TEXT"}]}
COMMAND: POST /session/707fd792500738763589addbb724467c/actions - {"actions":[{"id":"action3","type":"key","parameters":{},"actions":[{"type":"keyDown","value":""},{"type":"pause","duration":10},{"type":"keyUp","value":""}]}]}
RESULT: {"actions":[{"id":"action3","type":"key","parameters":{},"actions":[{"type":"keyDown","value":""},{"type":"pause","duration":10},{"type":"keyUp","value":""}]}]}
COMMAND: GET /session/707fd792500738763589addbb724467c/screenshot - {}
RESULT: {}
COMMAND: POST /session/707fd792500738763589addbb724467c/element - {"using":"xpath","value":"//span[contains(text(), \"General Management\")]"}
RESULT: {"using":"xpath","value":"//span[contains(text(), \"General Management\")]"}
COMMAND: POST /session/707fd792500738763589addbb724467c/element/f.EAD07CEE226E3AF466CD8E35709995F4.d.4C21AD80F06BDC6EA603A455A242B31E.e.2204/click - {}
RESULT: {}
COMMAND: GET /session/707fd792500738763589addbb724467c/screenshot - {}
RESULT: {}
COMMAND: POST /session/707fd792500738763589addbb724467c/element - {"using":"xpath","value":"//bdi[contains(text(), \"OK\")]"}
RESULT: {"using":"xpath","value":"//bdi[contains(text(), \"OK\")]"}
COMMAND: POST /session/707fd792500738763589addbb724467c/element/f.EAD07CEE226E3AF466CD8E35709995F4.d.4C21AD80F06BDC6EA603A455A242B31E.e.2205/click - {}
RESULT: {}
COMMAND: GET /session/707fd792500738763589addbb724467c/screenshot - {}
RESULT: {}
COMMAND: POST /session/707fd792500738763589addbb724467c/element - {"using":"xpath","value":"//input[@id=\"application-managesites-display-component---NewSite--addressDetailDetailsCalendar-inner\"]"}
RESULT: {"using":"xpath","value":"//input[@id=\"application-managesites-display-component---NewSite--addressDetailDetailsCalendar-inner\"]"}
COMMAND: POST /session/707fd792500738763589addbb724467c/element/f.EAD07CEE226E3AF466CD8E35709995F4.d.4C21AD80F06BDC6EA603A455A242B31E.e.1978/clear - {}
RESULT: {}
COMMAND: POST /session/707fd792500738763589addbb724467c/element/f.EAD07CEE226E3AF466CD8E35709995F4.d.4C21AD80F06BDC6EA603A455A242B31E.e.1978/value - {"text":"Unit"}
COMMAND: GET /session/707fd792500738763589addbb724467c/screenshot - {}
RESULT: {"text":"Unit"}
COMMAND: GET /session/707fd792500738763589addbb724467c/screenshot - {}
RESULT: {}
RESULT: {}
COMMAND: POST /session/707fd792500738763589addbb724467c/actions - {"actions":[{"id":"action4","type":"key","parameters":{},"actions":[{"type":"keyDown","value":""},{"type":"pause","duration":10},{"type":"keyUp","value":""}]}]}
RESULT: {"actions":[{"id":"action4","type":"key","parameters":{},"actions":[{"type":"keyDown","value":""},{"type":"pause","duration":10},{"type":"keyUp","value":""}]}]}
COMMAND: POST /session/707fd792500738763589addbb724467c/element - {"using":"xpath","value":"//input[@id=\"application-managesites-display-component---NewSite--addressDetailDetailsYard-inner\"]"}
COMMAND: GET /session/707fd792500738763589addbb724467c/screenshot - {}
RESULT: {"using":"xpath","value":"//input[@id=\"application-managesites-display-component---NewSite--addressDetailDetailsYard-inner\"]"}
COMMAND: POST /session/707fd792500738763589addbb724467c/element/f.EAD07CEE226E3AF466CD8E35709995F4.d.4C21AD80F06BDC6EA603A455A242B31E.e.1979/clear - {}
RESULT: {}
RESULT: {}
COMMAND: POST /session/707fd792500738763589addbb724467c/element/f.EAD07CEE226E3AF466CD8E35709995F4.d.4C21AD80F06BDC6EA603A455A242B31E.e.1979/value - {"text":"217"}
COMMAND: GET /session/707fd792500738763589addbb724467c/screenshot - {}
RESULT: {"text":"217"}
COMMAND: GET /session/707fd792500738763589addbb724467c/screenshot - {}
RESULT: {}
RESULT: {}
COMMAND: POST /session/707fd792500738763589addbb724467c/element - {"using":"xpath","value":"//li[.//span[text()='217']]"}
RESULT: {"using":"xpath","value":"//li[.//span[text()='217']]"}
COMMAND: POST /session/707fd792500738763589addbb724467c/element/f.EAD07CEE226E3AF466CD8E35709995F4.d.4C21AD80F06BDC6EA603A455A242B31E.e.2213/click - {}
RESULT: {}
COMMAND: GET /session/707fd792500738763589addbb724467c/screenshot - {}
RESULT: {}
COMMAND: POST /session/707fd792500738763589addbb724467c/element - {"using":"xpath","value":"//input[@id=\"application-managesites-display-component---NewSite--addressDetailDetailsPartner-inner\"]"}
RESULT: {"using":"xpath","value":"//input[@id=\"application-managesites-display-component---NewSite--addressDetailDetailsPartner-inner\"]"}
COMMAND: POST /session/707fd792500738763589addbb724467c/element - {"using":"xpath","value":"//input[@id=\"application-managesites-display-component---NewSite--addressDetailDetailsPartner-inner\"]"}
RESULT: {"using":"xpath","value":"//input[@id=\"application-managesites-display-component---NewSite--addressDetailDetailsPartner-inner\"]"}
COMMAND: POST /session/707fd792500738763589addbb724467c/element - {"using":"xpath","value":"//button[@data-kt=\"saveButton\"]"}
RESULT: {"using":"xpath","value":"//button[@data-kt=\"saveButton\"]"}
COMMAND: POST /session/707fd792500738763589addbb724467c/element/f.EAD07CEE226E3AF466CD8E35709995F4.d.4C21AD80F06BDC6EA603A455A242B31E.e.2104/click - {}
RESULT: {}
COMMAND: GET /session/707fd792500738763589addbb724467c/screenshot - {}
RESULT: {}
COMMAND: POST /session/707fd792500738763589addbb724467c/element - {"using":"xpath","value":"//header[contains(@id, 'ObjectPageLayout-headerTitle')]/div[1]/div[2]/div[2]/span[1]"}
RESULT: {"using":"xpath","value":"//header[contains(@id, 'ObjectPageLayout-headerTitle')]/div[1]/div[2]/div[2]/span[1]"}
COMMAND: POST /session/707fd792500738763589addbb724467c/elements - {"using":"xpath","value":"//header[contains(@id, 'ObjectPageLayout-headerTitle')]/div[1]/div[2]/div[2]/span[1]"}
RESULT: {"using":"xpath","value":"//header[contains(@id, 'ObjectPageLayout-headerTitle')]/div[1]/div[2]/div[2]/span[1]"}
COMMAND: POST /session/707fd792500738763589addbb724467c/execute/sync - {"script":"<script> [56 bytes]","args":[{"element-6066-11e4-a52e-4f735466cecf":"f.EAD07CEE226E3AF466CD8E35709995F4.d.4C21AD80F06BDC6EA603A455A242B31E.e.2387","ELEMENT":"f.EAD07CEE226E3AF466CD8E35709995F4.d.4C21AD80F06BDC6EA603A455A242B31E.e.2387"}]}
RESULT: {"script":"<script> [56 bytes]","args":[{"element-6066-11e4-a52e-4f735466cecf":"f.EAD07CEE226E3AF466CD8E35709995F4.d.4C21AD80F06BDC6EA603A455A242B31E.e.2387","ELEMENT":"f.EAD07CEE226E3AF466CD8E35709995F4.d.4C21AD80F06BDC6EA603A455A242B31E.e.2387"}]}
COMMAND: POST /session/707fd792500738763589addbb724467c/element - {"using":"css selector","value":"#shell-header-logo"}
COMMAND: GET /session/707fd792500738763589addbb724467c/screenshot - {}
RESULT: {"using":"css selector","value":"#shell-header-logo"}
COMMAND: POST /session/707fd792500738763589addbb724467c/element/f.EAD07CEE226E3AF466CD8E35709995F4.d.4C21AD80F06BDC6EA603A455A242B31E.e.1556/click - {}
RESULT: {}
RESULT: {}
COMMAND: GET /session/707fd792500738763589addbb724467c/screenshot - {}
RESULT: {}
COMMAND: POST /session/707fd792500738763589addbb724467c/execute/sync - {"script":"<script> [299 bytes]","args":[["getModel","getResource"]]}
RESULT: {"script":"<script> [299 bytes]","args":[["getModel","getResource"]]}
]]></system-out>
    </testcase>
    <testcase classname="chrome.136_0_7103_93.windows.Create_masterdata_for_Yard_Overview_-_trigger_provide_US130988" name="Should create a new material" time="119.5">
      <system-out><![CDATA[
COMMAND: GET /session/707fd792500738763589addbb724467c/screenshot - {}
COMMAND: POST /session/707fd792500738763589addbb724467c/execute/async - {"script":"<script> [1562 bytes]","args":[{"selector":{"controlType":"sap.m.GenericTile","properties":{"header":"Manage Resources"}},"wdio_ui5_key":"sapm.GenericTile{\"header\":\"Manage Resources\"}"}]}
RESULT: {}
RESULT: {"script":"<script> [1562 bytes]","args":[{"selector":{"controlType":"sap.m.GenericTile","properties":{"header":"Manage Resources"}},"wdio_ui5_key":"sapm.GenericTile{\"header\":\"Manage Resources\"}"}]}
RESULT: undefined
COMMAND: POST /session/707fd792500738763589addbb724467c/element - {"using":"xpath","value":"//*[@id=\"__tile39\"]"}
RESULT: {"using":"xpath","value":"//*[@id=\"__tile39\"]"}
COMMAND: POST /session/707fd792500738763589addbb724467c/element/f.EAD07CEE226E3AF466CD8E35709995F4.d.4C21AD80F06BDC6EA603A455A242B31E.e.126/click - {}
RESULT: {}
COMMAND: GET /session/707fd792500738763589addbb724467c/screenshot - {}
RESULT: {}
COMMAND: POST /session/707fd792500738763589addbb724467c/elements - {"using":"xpath","value":"//span[text()='Error']"}
RESULT: {"using":"xpath","value":"//span[text()='Error']"}
COMMAND: POST /session/707fd792500738763589addbb724467c/element - {"using":"xpath","value":"//button[@data-kt=\"addNewRUOverflowToolbarButton\"]"}
RESULT: {"using":"xpath","value":"//button[@data-kt=\"addNewRUOverflowToolbarButton\"]"}
COMMAND: POST /session/707fd792500738763589addbb724467c/elements - {"using":"xpath","value":"//button[@data-kt=\"addNewRUOverflowToolbarButton\"]"}
RESULT: {"using":"xpath","value":"//button[@data-kt=\"addNewRUOverflowToolbarButton\"]"}
COMMAND: POST /session/707fd792500738763589addbb724467c/execute/sync - {"script":"<script> [8489 bytes]","args":[{"element-6066-11e4-a52e-4f735466cecf":"f.EAD07CEE226E3AF466CD8E35709995F4.d.4C21AD80F06BDC6EA603A455A242B31E.e.2418","ELEMENT":"f.EAD07CEE226E3AF466CD8E35709995F4.d.4C21AD80F06BDC6EA603A455A242B31E.e.2418"}]}
RESULT: {"script":"<script> [8489 bytes]","args":[{"element-6066-11e4-a52e-4f735466cecf":"f.EAD07CEE226E3AF466CD8E35709995F4.d.4C21AD80F06BDC6EA603A455A242B31E.e.2418","ELEMENT":"f.EAD07CEE226E3AF466CD8E35709995F4.d.4C21AD80F06BDC6EA603A455A242B31E.e.2418"}]}
COMMAND: GET /session/707fd792500738763589addbb724467c/element/f.EAD07CEE226E3AF466CD8E35709995F4.d.4C21AD80F06BDC6EA603A455A242B31E.e.2418/enabled - {}
COMMAND: GET /session/707fd792500738763589addbb724467c/screenshot - {}
RESULT: {}
COMMAND: POST /session/707fd792500738763589addbb724467c/execute/sync - {"script":"<script> [8489 bytes]","args":[{"element-6066-11e4-a52e-4f735466cecf":"f.EAD07CEE226E3AF466CD8E35709995F4.d.4C21AD80F06BDC6EA603A455A242B31E.e.2418","ELEMENT":"f.EAD07CEE226E3AF466CD8E35709995F4.d.4C21AD80F06BDC6EA603A455A242B31E.e.2418"}]}
COMMAND: GET /session/707fd792500738763589addbb724467c/screenshot - {}
RESULT: {}
RESULT: {"script":"<script> [8489 bytes]","args":[{"element-6066-11e4-a52e-4f735466cecf":"f.EAD07CEE226E3AF466CD8E35709995F4.d.4C21AD80F06BDC6EA603A455A242B31E.e.2418","ELEMENT":"f.EAD07CEE226E3AF466CD8E35709995F4.d.4C21AD80F06BDC6EA603A455A242B31E.e.2418"}]}
COMMAND: POST /session/707fd792500738763589addbb724467c/execute/sync - {"script":"<script> [5351 bytes]","args":[{"element-6066-11e4-a52e-4f735466cecf":"f.EAD07CEE226E3AF466CD8E35709995F4.d.4C21AD80F06BDC6EA603A455A242B31E.e.2418","ELEMENT":"f.EAD07CEE226E3AF466CD8E35709995F4.d.4C21AD80F06BDC6EA603A455A242B31E.e.2418"}]}
COMMAND: GET /session/707fd792500738763589addbb724467c/screenshot - {}
RESULT: {}
RESULT: {"script":"<script> [5351 bytes]","args":[{"element-6066-11e4-a52e-4f735466cecf":"f.EAD07CEE226E3AF466CD8E35709995F4.d.4C21AD80F06BDC6EA603A455A242B31E.e.2418","ELEMENT":"f.EAD07CEE226E3AF466CD8E35709995F4.d.4C21AD80F06BDC6EA603A455A242B31E.e.2418"}]}
COMMAND: POST /session/707fd792500738763589addbb724467c/element/f.EAD07CEE226E3AF466CD8E35709995F4.d.4C21AD80F06BDC6EA603A455A242B31E.e.2418/click - {}
COMMAND: GET /session/707fd792500738763589addbb724467c/screenshot - {}
RESULT: {}
RESULT: {}
COMMAND: GET /session/707fd792500738763589addbb724467c/screenshot - {}
COMMAND: POST /session/707fd792500738763589addbb724467c/execute/async - {"script":"<script> [1562 bytes]","args":[{"selector":{"id":"application-manageresources-display-component---newResourceUnit--TYPE-arrow"},"wdio_ui5_key":"applicationmanageresources-display-component---newResourceUnit--TYPE-arrow"}]}
RESULT: {}
RESULT: {}
RESULT: {"script":"<script> [1562 bytes]","args":[{"selector":{"id":"application-manageresources-display-component---newResourceUnit--TYPE-arrow"},"wdio_ui5_key":"applicationmanageresources-display-component---newResourceUnit--TYPE-arrow"}]}
RESULT: undefined
COMMAND: POST /session/707fd792500738763589addbb724467c/element - {"using":"xpath","value":"//*[@id=\"application-manageresources-display-component---newResourceUnit--TYPE-arrow\"]"}
RESULT: {"using":"xpath","value":"//*[@id=\"application-manageresources-display-component---newResourceUnit--TYPE-arrow\"]"}
COMMAND: POST /session/707fd792500738763589addbb724467c/element/f.EAD07CEE226E3AF466CD8E35709995F4.d.4C21AD80F06BDC6EA603A455A242B31E.e.2778/click - {}
RESULT: {}
COMMAND: POST /session/707fd792500738763589addbb724467c/element - {"using":"xpath","value":"//input[@id=\"application-manageresources-display-component---newResourceUnit--TYPE-inner\"]"}
COMMAND: GET /session/707fd792500738763589addbb724467c/screenshot - {}
RESULT: {"using":"xpath","value":"//input[@id=\"application-manageresources-display-component---newResourceUnit--TYPE-inner\"]"}
COMMAND: POST /session/707fd792500738763589addbb724467c/element/f.EAD07CEE226E3AF466CD8E35709995F4.d.4C21AD80F06BDC6EA603A455A242B31E.e.2769/clear - {}
RESULT: {}
RESULT: {}
COMMAND: POST /session/707fd792500738763589addbb724467c/element/f.EAD07CEE226E3AF466CD8E35709995F4.d.4C21AD80F06BDC6EA603A455A242B31E.e.2769/value - {"text":"Material"}
COMMAND: GET /session/707fd792500738763589addbb724467c/screenshot - {}
RESULT: {"text":"Material"}
COMMAND: GET /session/707fd792500738763589addbb724467c/screenshot - {}
RESULT: {}
RESULT: {}
COMMAND: POST /session/707fd792500738763589addbb724467c/actions - {"actions":[{"id":"action5","type":"key","parameters":{},"actions":[{"type":"keyDown","value":""},{"type":"pause","duration":10},{"type":"keyUp","value":""}]}]}
RESULT: {"actions":[{"id":"action5","type":"key","parameters":{},"actions":[{"type":"keyDown","value":""},{"type":"pause","duration":10},{"type":"keyUp","value":""}]}]}
COMMAND: POST /session/707fd792500738763589addbb724467c/execute/async - {"script":"<script> [1562 bytes]","args":[{"selector":{"id":"application-manageresources-display-component---newResourceUnit--SHORT_TEXT","interaction":{"idSuffix":"inner"}},"wdio_ui5_key":"applicationmanageresources-display-component---newResourceUnit--SHORT_TEXT"}]}
COMMAND: GET /session/707fd792500738763589addbb724467c/screenshot - {}
RESULT: {"script":"<script> [1562 bytes]","args":[{"selector":{"id":"application-manageresources-display-component---newResourceUnit--SHORT_TEXT","interaction":{"idSuffix":"inner"}},"wdio_ui5_key":"applicationmanageresources-display-component---newResourceUnit--SHORT_TEXT"}]}
RESULT: undefined
COMMAND: POST /session/707fd792500738763589addbb724467c/execute/async - {"script":"<script> [776 bytes]","args":[{"enterText":"Cement WDIO","selector":{"id":"application-manageresources-display-component---newResourceUnit--SHORT_TEXT","interaction":{"idSuffix":"inner"}},"clearTextFirst":true,"interactionType":"ENTER_TEXT"}]}
RESULT: {}
RESULT: {"script":"<script> [776 bytes]","args":[{"enterText":"Cement WDIO","selector":{"id":"application-manageresources-display-component---newResourceUnit--SHORT_TEXT","interaction":{"idSuffix":"inner"}},"clearTextFirst":true,"interactionType":"ENTER_TEXT"}]}
COMMAND: POST /session/707fd792500738763589addbb724467c/execute/async - {"script":"<script> [1562 bytes]","args":[{"selector":{"id":"application-manageresources-display-component---newResourceUnit--BASE_UNIT_OF_MEASURE","interaction":{"idSuffix":"inner"}},"wdio_ui5_key":"applicationmanageresources-display-component---newResourceUnit--BASE_UNIT_OF_MEASURE"}]}
RESULT: {"script":"<script> [1562 bytes]","args":[{"selector":{"id":"application-manageresources-display-component---newResourceUnit--BASE_UNIT_OF_MEASURE","interaction":{"idSuffix":"inner"}},"wdio_ui5_key":"applicationmanageresources-display-component---newResourceUnit--BASE_UNIT_OF_MEASURE"}]}
RESULT: undefined
COMMAND: POST /session/707fd792500738763589addbb724467c/execute/async - {"script":"<script> [776 bytes]","args":[{"enterText":"Piece","selector":{"id":"application-manageresources-display-component---newResourceUnit--BASE_UNIT_OF_MEASURE","interaction":{"idSuffix":"inner"}},"clearTextFirst":true,"interactionType":"ENTER_TEXT"}]}
RESULT: {"script":"<script> [776 bytes]","args":[{"enterText":"Piece","selector":{"id":"application-manageresources-display-component---newResourceUnit--BASE_UNIT_OF_MEASURE","interaction":{"idSuffix":"inner"}},"clearTextFirst":true,"interactionType":"ENTER_TEXT"}]}
COMMAND: POST /session/707fd792500738763589addbb724467c/execute/async - {"script":"<script> [1562 bytes]","args":[{"selector":{"id":"application-manageresources-display-component---newResourceUnit--WEIGHT_UNIT","interaction":{"idSuffix":"inner"}},"wdio_ui5_key":"applicationmanageresources-display-component---newResourceUnit--WEIGHT_UNIT"}]}
RESULT: {"script":"<script> [1562 bytes]","args":[{"selector":{"id":"application-manageresources-display-component---newResourceUnit--WEIGHT_UNIT","interaction":{"idSuffix":"inner"}},"wdio_ui5_key":"applicationmanageresources-display-component---newResourceUnit--WEIGHT_UNIT"}]}
RESULT: undefined
COMMAND: POST /session/707fd792500738763589addbb724467c/execute/async - {"script":"<script> [776 bytes]","args":[{"enterText":"Gram","selector":{"id":"application-manageresources-display-component---newResourceUnit--WEIGHT_UNIT","interaction":{"idSuffix":"inner"}},"clearTextFirst":true,"interactionType":"ENTER_TEXT"}]}
RESULT: {"script":"<script> [776 bytes]","args":[{"enterText":"Gram","selector":{"id":"application-manageresources-display-component---newResourceUnit--WEIGHT_UNIT","interaction":{"idSuffix":"inner"}},"clearTextFirst":true,"interactionType":"ENTER_TEXT"}]}
COMMAND: POST /session/707fd792500738763589addbb724467c/execute/async - {"script":"<script> [1562 bytes]","args":[{"selector":{"id":"application-manageresources-display-component---newResourceUnit--DIMENSION_UNIT","interaction":{"idSuffix":"inner"}},"wdio_ui5_key":"applicationmanageresources-display-component---newResourceUnit--DIMENSION_UNIT"}]}
RESULT: {"script":"<script> [1562 bytes]","args":[{"selector":{"id":"application-manageresources-display-component---newResourceUnit--DIMENSION_UNIT","interaction":{"idSuffix":"inner"}},"wdio_ui5_key":"applicationmanageresources-display-component---newResourceUnit--DIMENSION_UNIT"}]}
RESULT: undefined
COMMAND: POST /session/707fd792500738763589addbb724467c/execute/async - {"script":"<script> [776 bytes]","args":[{"enterText":"Meter","selector":{"id":"application-manageresources-display-component---newResourceUnit--DIMENSION_UNIT","interaction":{"idSuffix":"inner"}},"clearTextFirst":true,"interactionType":"ENTER_TEXT"}]}
RESULT: {"script":"<script> [776 bytes]","args":[{"enterText":"Meter","selector":{"id":"application-manageresources-display-component---newResourceUnit--DIMENSION_UNIT","interaction":{"idSuffix":"inner"}},"clearTextFirst":true,"interactionType":"ENTER_TEXT"}]}
COMMAND: POST /session/707fd792500738763589addbb724467c/execute/async - {"script":"<script> [1562 bytes]","args":[{"selector":{"id":"application-manageresources-display-component---newResourceUnit--newRRUPage-anchBar-application-manageresources-display-component---newResourceUnit--control-anchor","interaction":{"idSuffix":"BDI-content"}},"wdio_ui5_key":"applicationmanageresources-display-component---newResourceUnit--newRRUPage-anchBar-application-manageresources-display-component---newResourceUnit--control-anchor"}]}
RESULT: {"script":"<script> [1562 bytes]","args":[{"selector":{"id":"application-manageresources-display-component---newResourceUnit--newRRUPage-anchBar-application-manageresources-display-component---newResourceUnit--control-anchor","interaction":{"idSuffix":"BDI-content"}},"wdio_ui5_key":"applicationmanageresources-display-component---newResourceUnit--newRRUPage-anchBar-application-manageresources-display-component---newResourceUnit--control-anchor"}]}
RESULT: undefined
COMMAND: POST /session/707fd792500738763589addbb724467c/element - {"using":"xpath","value":"//*[@id=\"application-manageresources-display-component---newResourceUnit--newRRUPage-anchBar-application-manageresources-display-component---newResourceUnit--control-anchor\"]"}
RESULT: {"using":"xpath","value":"//*[@id=\"application-manageresources-display-component---newResourceUnit--newRRUPage-anchBar-application-manageresources-display-component---newResourceUnit--control-anchor\"]"}
COMMAND: POST /session/707fd792500738763589addbb724467c/element/f.EAD07CEE226E3AF466CD8E35709995F4.d.4C21AD80F06BDC6EA603A455A242B31E.e.2908/click - {}
RESULT: {}
COMMAND: POST /session/707fd792500738763589addbb724467c/execute/async - {"script":"<script> [1562 bytes]","args":[{"selector":{"id":"application-manageresources-display-component---newResourceUnit--PLANNING_GROUP","interaction":{"idSuffix":"inner"}},"wdio_ui5_key":"applicationmanageresources-display-component---newResourceUnit--PLANNING_GROUP"}]}
COMMAND: GET /session/707fd792500738763589addbb724467c/screenshot - {}
RESULT: {"script":"<script> [1562 bytes]","args":[{"selector":{"id":"application-manageresources-display-component---newResourceUnit--PLANNING_GROUP","interaction":{"idSuffix":"inner"}},"wdio_ui5_key":"applicationmanageresources-display-component---newResourceUnit--PLANNING_GROUP"}]}
RESULT: undefined
COMMAND: POST /session/707fd792500738763589addbb724467c/execute/async - {"script":"<script> [776 bytes]","args":[{"enterText":"Material","selector":{"id":"application-manageresources-display-component---newResourceUnit--PLANNING_GROUP","interaction":{"idSuffix":"inner"}},"clearTextFirst":true,"interactionType":"ENTER_TEXT"}]}
RESULT: {}
RESULT: {"script":"<script> [776 bytes]","args":[{"enterText":"Material","selector":{"id":"application-manageresources-display-component---newResourceUnit--PLANNING_GROUP","interaction":{"idSuffix":"inner"}},"clearTextFirst":true,"interactionType":"ENTER_TEXT"}]}
COMMAND: POST /session/707fd792500738763589addbb724467c/execute/async - {"script":"<script> [1562 bytes]","args":[{"selector":{"id":"application-manageresources-display-component---newResourceUnit--PLANNING_INDICATOR","interaction":{"idSuffix":"inner"}},"wdio_ui5_key":"applicationmanageresources-display-component---newResourceUnit--PLANNING_INDICATOR"}]}
RESULT: {"script":"<script> [1562 bytes]","args":[{"selector":{"id":"application-manageresources-display-component---newResourceUnit--PLANNING_INDICATOR","interaction":{"idSuffix":"inner"}},"wdio_ui5_key":"applicationmanageresources-display-component---newResourceUnit--PLANNING_INDICATOR"}]}
RESULT: undefined
COMMAND: POST /session/707fd792500738763589addbb724467c/execute/async - {"script":"<script> [776 bytes]","args":[{"enterText":"10 - infinite","selector":{"id":"application-manageresources-display-component---newResourceUnit--PLANNING_INDICATOR","interaction":{"idSuffix":"inner"}},"clearTextFirst":true,"interactionType":"ENTER_TEXT"}]}
RESULT: {"script":"<script> [776 bytes]","args":[{"enterText":"10 - infinite","selector":{"id":"application-manageresources-display-component---newResourceUnit--PLANNING_INDICATOR","interaction":{"idSuffix":"inner"}},"clearTextFirst":true,"interactionType":"ENTER_TEXT"}]}
COMMAND: POST /session/707fd792500738763589addbb724467c/element - {"using":"css selector","value":"#application-manageresources-display-component---newResourceUnit--btnAddTimeSegment"}
RESULT: {"using":"css selector","value":"#application-manageresources-display-component---newResourceUnit--btnAddTimeSegment"}
COMMAND: GET /session/707fd792500738763589addbb724467c/element/f.EAD07CEE226E3AF466CD8E35709995F4.d.4C21AD80F06BDC6EA603A455A242B31E.e.2918/rect - {}
RESULT: {}
COMMAND: GET /session/707fd792500738763589addbb724467c/window/rect - {}
RESULT: {}
COMMAND: POST /session/707fd792500738763589addbb724467c/execute/sync - {"script":"<script> [92 bytes]","args":[]}
RESULT: {"script":"<script> [92 bytes]","args":[]}
COMMAND: POST /session/707fd792500738763589addbb724467c/actions - {"actions":[{"id":"action6","type":"wheel","parameters":{},"actions":[{"type":"scroll","x":-1888,"y":-32,"deltaX":0,"deltaY":0,"duration":0,"origin":{"element-6066-11e4-a52e-4f735466cecf":"f.EAD07CEE226E3AF466CD8E35709995F4.d.4C21AD80F06BDC6EA603A455A242B31E.e.2918"}}]}]}
COMMAND: GET /session/707fd792500738763589addbb724467c/screenshot - {}
RESULT: {}
COMMAND: POST /session/707fd792500738763589addbb724467c/execute/sync - {"script":"<script> [79 bytes]","args":[{"element-6066-11e4-a52e-4f735466cecf":"f.EAD07CEE226E3AF466CD8E35709995F4.d.4C21AD80F06BDC6EA603A455A242B31E.e.2918","ELEMENT":"f.EAD07CEE226E3AF466CD8E35709995F4.d.4C21AD80F06BDC6EA603A455A242B31E.e.2918"},{"block":"start","inline":"nearest"}]}
RESULT: {"script":"<script> [79 bytes]","args":[{"element-6066-11e4-a52e-4f735466cecf":"f.EAD07CEE226E3AF466CD8E35709995F4.d.4C21AD80F06BDC6EA603A455A242B31E.e.2918","ELEMENT":"f.EAD07CEE226E3AF466CD8E35709995F4.d.4C21AD80F06BDC6EA603A455A242B31E.e.2918"},{"block":"start","inline":"nearest"}]}
COMMAND: POST /session/707fd792500738763589addbb724467c/execute/async - {"script":"<script> [1562 bytes]","args":[{"selector":{"id":"application-manageresources-display-component---newResourceUnit--btnAddTimeSegment","interaction":{"idSuffix":"inner"}},"wdio_ui5_key":"applicationmanageresources-display-component---newResourceUnit--btnAddTimeSegment"}]}
COMMAND: GET /session/707fd792500738763589addbb724467c/screenshot - {}
RESULT: {"script":"<script> [1562 bytes]","args":[{"selector":{"id":"application-manageresources-display-component---newResourceUnit--btnAddTimeSegment","interaction":{"idSuffix":"inner"}},"wdio_ui5_key":"applicationmanageresources-display-component---newResourceUnit--btnAddTimeSegment"}]}
RESULT: undefined
COMMAND: POST /session/707fd792500738763589addbb724467c/element - {"using":"xpath","value":"//*[@id=\"application-manageresources-display-component---newResourceUnit--btnAddTimeSegment\"]"}
RESULT: {}
RESULT: {"using":"xpath","value":"//*[@id=\"application-manageresources-display-component---newResourceUnit--btnAddTimeSegment\"]"}
COMMAND: POST /session/707fd792500738763589addbb724467c/element/f.EAD07CEE226E3AF466CD8E35709995F4.d.4C21AD80F06BDC6EA603A455A242B31E.e.2918/click - {}
RESULT: {}
COMMAND: GET /session/707fd792500738763589addbb724467c/screenshot - {}
RESULT: {}
COMMAND: POST /session/707fd792500738763589addbb724467c/element - {"using":"xpath","value":"//input[@id=\"application-manageresources-display-component---newResourceUnit--idRuTSAdmin-application-manageresources-display-component---newResourceUnit--RUTimeSegment-0-inner\"]"}
RESULT: {"using":"xpath","value":"//input[@id=\"application-manageresources-display-component---newResourceUnit--idRuTSAdmin-application-manageresources-display-component---newResourceUnit--RUTimeSegment-0-inner\"]"}
COMMAND: POST /session/707fd792500738763589addbb724467c/element/f.EAD07CEE226E3AF466CD8E35709995F4.d.4C21AD80F06BDC6EA603A455A242B31E.e.2923/clear - {}
RESULT: {}
COMMAND: POST /session/707fd792500738763589addbb724467c/element/f.EAD07CEE226E3AF466CD8E35709995F4.d.4C21AD80F06BDC6EA603A455A242B31E.e.2923/value - {"text":"217"}
COMMAND: GET /session/707fd792500738763589addbb724467c/screenshot - {}
RESULT: {"text":"217"}
COMMAND: GET /session/707fd792500738763589addbb724467c/screenshot - {}
RESULT: {}
RESULT: {}
COMMAND: POST /session/707fd792500738763589addbb724467c/element - {"using":"xpath","value":"//li[.//span[text()='217']]"}
RESULT: {"using":"xpath","value":"//li[.//span[text()='217']]"}
COMMAND: POST /session/707fd792500738763589addbb724467c/element/f.EAD07CEE226E3AF466CD8E35709995F4.d.4C21AD80F06BDC6EA603A455A242B31E.e.2932/click - {}
RESULT: {}
COMMAND: GET /session/707fd792500738763589addbb724467c/screenshot - {}
RESULT: {}
COMMAND: POST /session/707fd792500738763589addbb724467c/element - {"using":"xpath","value":"(//span[contains(@id, \"-application-manageresources-display-component---newResourceUnit--RUTimeSegment-0-arrow\")])[2]"}
RESULT: {"using":"xpath","value":"(//span[contains(@id, \"-application-manageresources-display-component---newResourceUnit--RUTimeSegment-0-arrow\")])[2]"}
COMMAND: POST /session/707fd792500738763589addbb724467c/element/f.EAD07CEE226E3AF466CD8E35709995F4.d.4C21AD80F06BDC6EA603A455A242B31E.e.2933/click - {}
RESULT: {}
COMMAND: POST /session/707fd792500738763589addbb724467c/element - {"using":"xpath","value":"//span[contains(text(), \"PM Order\")]"}
COMMAND: GET /session/707fd792500738763589addbb724467c/screenshot - {}
RESULT: {"using":"xpath","value":"//span[contains(text(), \"PM Order\")]"}
COMMAND: POST /session/707fd792500738763589addbb724467c/element/f.EAD07CEE226E3AF466CD8E35709995F4.d.4C21AD80F06BDC6EA603A455A242B31E.e.2934/click - {}
RESULT: {}
RESULT: {}
COMMAND: GET /session/707fd792500738763589addbb724467c/screenshot - {}
RESULT: {}
COMMAND: POST /session/707fd792500738763589addbb724467c/element - {"using":"xpath","value":"//td/div/div/div/span[contains(@id, \"newResourceUnit--RUTimeSegment-0-vhi\")][1]"}
RESULT: {"using":"xpath","value":"//td/div/div/div/span[contains(@id, \"newResourceUnit--RUTimeSegment-0-vhi\")][1]"}
COMMAND: GET /session/707fd792500738763589addbb724467c/element/f.EAD07CEE226E3AF466CD8E35709995F4.d.4C21AD80F06BDC6EA603A455A242B31E.e.2938/rect - {}
RESULT: {}
COMMAND: GET /session/707fd792500738763589addbb724467c/window/rect - {}
RESULT: {}
COMMAND: POST /session/707fd792500738763589addbb724467c/execute/sync - {"script":"<script> [92 bytes]","args":[]}
RESULT: {"script":"<script> [92 bytes]","args":[]}
COMMAND: POST /session/707fd792500738763589addbb724467c/actions - {"actions":[{"id":"action7","type":"wheel","parameters":{},"actions":[{"type":"scroll","x":-1888,"y":-24,"deltaX":0,"deltaY":0,"duration":0,"origin":{"element-6066-11e4-a52e-4f735466cecf":"f.EAD07CEE226E3AF466CD8E35709995F4.d.4C21AD80F06BDC6EA603A455A242B31E.e.2938"}}]}]}
COMMAND: GET /session/707fd792500738763589addbb724467c/screenshot - {}
RESULT: {}
COMMAND: POST /session/707fd792500738763589addbb724467c/execute/sync - {"script":"<script> [79 bytes]","args":[{"element-6066-11e4-a52e-4f735466cecf":"f.EAD07CEE226E3AF466CD8E35709995F4.d.4C21AD80F06BDC6EA603A455A242B31E.e.2938","ELEMENT":"f.EAD07CEE226E3AF466CD8E35709995F4.d.4C21AD80F06BDC6EA603A455A242B31E.e.2938"},{"block":"start","inline":"nearest"}]}
RESULT: {"script":"<script> [79 bytes]","args":[{"element-6066-11e4-a52e-4f735466cecf":"f.EAD07CEE226E3AF466CD8E35709995F4.d.4C21AD80F06BDC6EA603A455A242B31E.e.2938","ELEMENT":"f.EAD07CEE226E3AF466CD8E35709995F4.d.4C21AD80F06BDC6EA603A455A242B31E.e.2938"},{"block":"start","inline":"nearest"}]}
COMMAND: GET /session/707fd792500738763589addbb724467c/screenshot - {}
RESULT: {}
COMMAND: POST /session/707fd792500738763589addbb724467c/element/f.EAD07CEE226E3AF466CD8E35709995F4.d.4C21AD80F06BDC6EA603A455A242B31E.e.2938/click - {}
RESULT: {}
COMMAND: GET /session/707fd792500738763589addbb724467c/screenshot - {}
RESULT: {}
RESULT: undefined
COMMAND: POST /session/707fd792500738763589addbb724467c/execute/async - {"script":"<script> [776 bytes]","args":[{"enterText":"4000360","selector":{"controlType":"sap.m.SearchField","properties":{"placeholder":"Search"},"searchOpenDialogs":true,"interaction":{"idSuffix":"I"}},"clearTextFirst":true,"interactionType":"ENTER_TEXT"}]}
RESULT: {"script":"<script> [776 bytes]","args":[{"enterText":"4000360","selector":{"controlType":"sap.m.SearchField","properties":{"placeholder":"Search"},"searchOpenDialogs":true,"interaction":{"idSuffix":"I"}},"clearTextFirst":true,"interactionType":"ENTER_TEXT"}]}
COMMAND: POST /session/707fd792500738763589addbb724467c/actions - {"actions":[{"id":"action8","type":"key","parameters":{},"actions":[{"type":"keyDown","value":""},{"type":"pause","duration":10},{"type":"keyUp","value":""}]}]}
RESULT: {"actions":[{"id":"action8","type":"key","parameters":{},"actions":[{"type":"keyDown","value":""},{"type":"pause","duration":10},{"type":"keyUp","value":""}]}]}
COMMAND: GET /session/707fd792500738763589addbb724467c/screenshot - {}
RESULT: {}
COMMAND: POST /session/707fd792500738763589addbb724467c/element - {"using":"xpath","value":"//td/div/span[contains(text(), \"BGL Vehicles\")]"}
RESULT: {"using":"xpath","value":"//td/div/span[contains(text(), \"BGL Vehicles\")]"}
COMMAND: POST /session/707fd792500738763589addbb724467c/element/f.EAD07CEE226E3AF466CD8E35709995F4.d.4C21AD80F06BDC6EA603A455A242B31E.e.2959/click - {}
RESULT: {}
COMMAND: GET /session/707fd792500738763589addbb724467c/screenshot - {}
RESULT: {}
COMMAND: POST /session/707fd792500738763589addbb724467c/element - {"using":"xpath","value":"//bdi[contains(text(), \"OK\")]"}
RESULT: {"using":"xpath","value":"//bdi[contains(text(), \"OK\")]"}
COMMAND: POST /session/707fd792500738763589addbb724467c/element/f.EAD07CEE226E3AF466CD8E35709995F4.d.4C21AD80F06BDC6EA603A455A242B31E.e.2960/click - {}
RESULT: {}
COMMAND: GET /session/707fd792500738763589addbb724467c/screenshot - {}
RESULT: {}
COMMAND: POST /session/707fd792500738763589addbb724467c/element - {"using":"xpath","value":"//label[contains(@class, 'sapMLabelRequired') and .//bdi[contains(text(), 'Planned Retirement')]]"}
RESULT: {"using":"xpath","value":"//label[contains(@class, 'sapMLabelRequired') and .//bdi[contains(text(), 'Planned Retirement')]]"}
COMMAND: POST /session/707fd792500738763589addbb724467c/elements - {"using":"xpath","value":"//label[contains(@class, 'sapMLabelRequired') and .//bdi[contains(text(), 'Planned Retirement')]]"}
RESULT: {"using":"xpath","value":"//label[contains(@class, 'sapMLabelRequired') and .//bdi[contains(text(), 'Planned Retirement')]]"}
COMMAND: POST /session/707fd792500738763589addbb724467c/element - {"using":"xpath","value":"//button[@data-kt=\"resourceUnitSaveButton\"]"}
RESULT: {"using":"xpath","value":"//button[@data-kt=\"resourceUnitSaveButton\"]"}
COMMAND: POST /session/707fd792500738763589addbb724467c/element/f.EAD07CEE226E3AF466CD8E35709995F4.d.4C21AD80F06BDC6EA603A455A242B31E.e.2795/click - {}
RESULT: {}
COMMAND: GET /session/707fd792500738763589addbb724467c/screenshot - {}
RESULT: {}
COMMAND: POST /session/707fd792500738763589addbb724467c/element - {"using":"xpath","value":"//bdi[contains(text(), \"Close\")]"}
RESULT: {"using":"xpath","value":"//bdi[contains(text(), \"Close\")]"}
COMMAND: POST /session/707fd792500738763589addbb724467c/element/f.EAD07CEE226E3AF466CD8E35709995F4.d.4C21AD80F06BDC6EA603A455A242B31E.e.2966/click - {}
RESULT: {}
COMMAND: GET /session/707fd792500738763589addbb724467c/screenshot - {}
RESULT: {}
COMMAND: POST /session/707fd792500738763589addbb724467c/element - {"using":"xpath","value":"//header[contains(@id, 'detailRruPage-headerTitle')]/div[1]/div[2]/div[2]/span[1]"}
RESULT: {"using":"xpath","value":"//header[contains(@id, 'detailRruPage-headerTitle')]/div[1]/div[2]/div[2]/span[1]"}
COMMAND: POST /session/707fd792500738763589addbb724467c/elements - {"using":"xpath","value":"//header[contains(@id, 'detailRruPage-headerTitle')]/div[1]/div[2]/div[2]/span[1]"}
RESULT: {"using":"xpath","value":"//header[contains(@id, 'detailRruPage-headerTitle')]/div[1]/div[2]/div[2]/span[1]"}
COMMAND: POST /session/707fd792500738763589addbb724467c/execute/sync - {"script":"<script> [56 bytes]","args":[{"element-6066-11e4-a52e-4f735466cecf":"f.EAD07CEE226E3AF466CD8E35709995F4.d.4C21AD80F06BDC6EA603A455A242B31E.e.3003","ELEMENT":"f.EAD07CEE226E3AF466CD8E35709995F4.d.4C21AD80F06BDC6EA603A455A242B31E.e.3003"}]}
RESULT: {"script":"<script> [56 bytes]","args":[{"element-6066-11e4-a52e-4f735466cecf":"f.EAD07CEE226E3AF466CD8E35709995F4.d.4C21AD80F06BDC6EA603A455A242B31E.e.3003","ELEMENT":"f.EAD07CEE226E3AF466CD8E35709995F4.d.4C21AD80F06BDC6EA603A455A242B31E.e.3003"}]}
COMMAND: POST /session/707fd792500738763589addbb724467c/element - {"using":"css selector","value":"#shell-header-logo"}
COMMAND: GET /session/707fd792500738763589addbb724467c/screenshot - {}
RESULT: {"using":"css selector","value":"#shell-header-logo"}
COMMAND: POST /session/707fd792500738763589addbb724467c/element/f.EAD07CEE226E3AF466CD8E35709995F4.d.4C21AD80F06BDC6EA603A455A242B31E.e.2391/click - {}
RESULT: {}
RESULT: {}
COMMAND: GET /session/707fd792500738763589addbb724467c/screenshot - {}
RESULT: {}
]]></system-out>
    </testcase>
    <testcase classname="chrome.136_0_7103_93.windows.Create_masterdata_for_Yard_Overview_-_trigger_provide_US130988" name="Should do a stock increase handover" time="128.404">
      <failure/>
      <error message="Can't call click on element with selector &quot;//button[@data-kt=&quot;PickingTableConfirmAllButton&quot;]&quot; because element wasn't found"/>
      <system-out><![CDATA[
COMMAND: POST /session/707fd792500738763589addbb724467c/execute/async - {"script":"<script> [1562 bytes]","args":[{"selector":{"controlType":"sap.m.GenericTile","properties":{"header":"Manage Handovers"}},"wdio_ui5_key":"sapm.GenericTile{\"header\":\"Manage Handovers\"}"}]}
RESULT: {"script":"<script> [1562 bytes]","args":[{"selector":{"controlType":"sap.m.GenericTile","properties":{"header":"Manage Handovers"}},"wdio_ui5_key":"sapm.GenericTile{\"header\":\"Manage Handovers\"}"}]}
RESULT: undefined
COMMAND: POST /session/707fd792500738763589addbb724467c/element - {"using":"xpath","value":"//*[@id=\"__tile133\"]"}
RESULT: {"using":"xpath","value":"//*[@id=\"__tile133\"]"}
COMMAND: POST /session/707fd792500738763589addbb724467c/element/f.EAD07CEE226E3AF466CD8E35709995F4.d.4C21AD80F06BDC6EA603A455A242B31E.e.200/click - {}
RESULT: {}
COMMAND: GET /session/707fd792500738763589addbb724467c/screenshot - {}
RESULT: {}
COMMAND: POST /session/707fd792500738763589addbb724467c/elements - {"using":"xpath","value":"//span[text()='Error']"}
RESULT: {"using":"xpath","value":"//span[text()='Error']"}
COMMAND: POST /session/707fd792500738763589addbb724467c/element - {"using":"xpath","value":"//button[@data-kt=\"masterHOAddButton\"]"}
RESULT: {"using":"xpath","value":"//button[@data-kt=\"masterHOAddButton\"]"}
COMMAND: POST /session/707fd792500738763589addbb724467c/elements - {"using":"xpath","value":"//button[@data-kt=\"masterHOAddButton\"]"}
RESULT: {"using":"xpath","value":"//button[@data-kt=\"masterHOAddButton\"]"}
COMMAND: POST /session/707fd792500738763589addbb724467c/execute/sync - {"script":"<script> [8489 bytes]","args":[{"element-6066-11e4-a52e-4f735466cecf":"f.EAD07CEE226E3AF466CD8E35709995F4.d.4C21AD80F06BDC6EA603A455A242B31E.e.3042","ELEMENT":"f.EAD07CEE226E3AF466CD8E35709995F4.d.4C21AD80F06BDC6EA603A455A242B31E.e.3042"}]}
RESULT: {"script":"<script> [8489 bytes]","args":[{"element-6066-11e4-a52e-4f735466cecf":"f.EAD07CEE226E3AF466CD8E35709995F4.d.4C21AD80F06BDC6EA603A455A242B31E.e.3042","ELEMENT":"f.EAD07CEE226E3AF466CD8E35709995F4.d.4C21AD80F06BDC6EA603A455A242B31E.e.3042"}]}
COMMAND: GET /session/707fd792500738763589addbb724467c/element/f.EAD07CEE226E3AF466CD8E35709995F4.d.4C21AD80F06BDC6EA603A455A242B31E.e.3042/enabled - {}
COMMAND: GET /session/707fd792500738763589addbb724467c/screenshot - {}
RESULT: {}
COMMAND: POST /session/707fd792500738763589addbb724467c/execute/sync - {"script":"<script> [8489 bytes]","args":[{"element-6066-11e4-a52e-4f735466cecf":"f.EAD07CEE226E3AF466CD8E35709995F4.d.4C21AD80F06BDC6EA603A455A242B31E.e.3042","ELEMENT":"f.EAD07CEE226E3AF466CD8E35709995F4.d.4C21AD80F06BDC6EA603A455A242B31E.e.3042"}]}
COMMAND: GET /session/707fd792500738763589addbb724467c/screenshot - {}
RESULT: {}
RESULT: {"script":"<script> [8489 bytes]","args":[{"element-6066-11e4-a52e-4f735466cecf":"f.EAD07CEE226E3AF466CD8E35709995F4.d.4C21AD80F06BDC6EA603A455A242B31E.e.3042","ELEMENT":"f.EAD07CEE226E3AF466CD8E35709995F4.d.4C21AD80F06BDC6EA603A455A242B31E.e.3042"}]}
COMMAND: POST /session/707fd792500738763589addbb724467c/execute/sync - {"script":"<script> [5351 bytes]","args":[{"element-6066-11e4-a52e-4f735466cecf":"f.EAD07CEE226E3AF466CD8E35709995F4.d.4C21AD80F06BDC6EA603A455A242B31E.e.3042","ELEMENT":"f.EAD07CEE226E3AF466CD8E35709995F4.d.4C21AD80F06BDC6EA603A455A242B31E.e.3042"}]}
COMMAND: GET /session/707fd792500738763589addbb724467c/screenshot - {}
RESULT: {}
RESULT: {"script":"<script> [5351 bytes]","args":[{"element-6066-11e4-a52e-4f735466cecf":"f.EAD07CEE226E3AF466CD8E35709995F4.d.4C21AD80F06BDC6EA603A455A242B31E.e.3042","ELEMENT":"f.EAD07CEE226E3AF466CD8E35709995F4.d.4C21AD80F06BDC6EA603A455A242B31E.e.3042"}]}
COMMAND: POST /session/707fd792500738763589addbb724467c/element/f.EAD07CEE226E3AF466CD8E35709995F4.d.4C21AD80F06BDC6EA603A455A242B31E.e.3042/click - {}
COMMAND: GET /session/707fd792500738763589addbb724467c/screenshot - {}
RESULT: {}
RESULT: {}
COMMAND: GET /session/707fd792500738763589addbb724467c/screenshot - {}
RESULT: {}
RESULT: {}
COMMAND: POST /session/707fd792500738763589addbb724467c/element - {"using":"xpath","value":"//span[contains(@id ,\"AddNewHO--typeSelect-arrow\")]"}
RESULT: {"using":"xpath","value":"//span[contains(@id ,\"AddNewHO--typeSelect-arrow\")]"}
COMMAND: POST /session/707fd792500738763589addbb724467c/element/f.EAD07CEE226E3AF466CD8E35709995F4.d.4C21AD80F06BDC6EA603A455A242B31E.e.3399/click - {}
RESULT: {}
COMMAND: GET /session/707fd792500738763589addbb724467c/screenshot - {}
RESULT: {}
COMMAND: POST /session/707fd792500738763589addbb724467c/element - {"using":"xpath","value":"(//li[contains(text(), \"stock increase yard\")])[1]"}
RESULT: {"using":"xpath","value":"(//li[contains(text(), \"stock increase yard\")])[1]"}
COMMAND: POST /session/707fd792500738763589addbb724467c/element/f.EAD07CEE226E3AF466CD8E35709995F4.d.4C21AD80F06BDC6EA603A455A242B31E.e.3400/click - {}
RESULT: {}
COMMAND: GET /session/707fd792500738763589addbb724467c/screenshot - {}
RESULT: {}
COMMAND: POST /session/707fd792500738763589addbb724467c/execute/async - {"script":"<script> [1562 bytes]","args":[{"selector":{"id":"application-managehandovers-display-component---AddNewHO--dueDate","interaction":{"idSuffix":"inner"}},"wdio_ui5_key":"applicationmanagehandovers-display-component---AddNewHO--dueDate"}]}
RESULT: {"script":"<script> [1562 bytes]","args":[{"selector":{"id":"application-managehandovers-display-component---AddNewHO--dueDate","interaction":{"idSuffix":"inner"}},"wdio_ui5_key":"applicationmanagehandovers-display-component---AddNewHO--dueDate"}]}
RESULT: undefined
COMMAND: POST /session/707fd792500738763589addbb724467c/execute/async - {"script":"<script> [6424 bytes]","args":[{"element-6066-11e4-a52e-4f735466cecf":"f.EAD07CEE226E3AF466CD8E35709995F4.d.4C21AD80F06BDC6EA603A455A242B31E.e.3402"},"setValue",["5/23/25"]]}
RESULT: {"script":"<script> [6424 bytes]","args":[{"element-6066-11e4-a52e-4f735466cecf":"f.EAD07CEE226E3AF466CD8E35709995F4.d.4C21AD80F06BDC6EA603A455A242B31E.e.3402"},"setValue",["5/23/25"]]}
COMMAND: POST /session/707fd792500738763589addbb724467c/element - {"using":"xpath","value":"//input[@id=\"generalSectionFrg--receiveYard-inner\"]"}
RESULT: {"using":"xpath","value":"//input[@id=\"generalSectionFrg--receiveYard-inner\"]"}
COMMAND: POST /session/707fd792500738763589addbb724467c/element/f.EAD07CEE226E3AF466CD8E35709995F4.d.4C21AD80F06BDC6EA603A455A242B31E.e.3408/clear - {}
RESULT: {}
COMMAND: POST /session/707fd792500738763589addbb724467c/element/f.EAD07CEE226E3AF466CD8E35709995F4.d.4C21AD80F06BDC6EA603A455A242B31E.e.3408/value - {"text":"217"}
COMMAND: GET /session/707fd792500738763589addbb724467c/screenshot - {}
RESULT: {"text":"217"}
COMMAND: GET /session/707fd792500738763589addbb724467c/screenshot - {}
RESULT: {}
RESULT: {}
COMMAND: POST /session/707fd792500738763589addbb724467c/element - {"using":"xpath","value":"//li[.//span[text()='217']]"}
RESULT: {"using":"xpath","value":"//li[.//span[text()='217']]"}
COMMAND: POST /session/707fd792500738763589addbb724467c/element/f.EAD07CEE226E3AF466CD8E35709995F4.d.4C21AD80F06BDC6EA603A455A242B31E.e.3425/click - {}
RESULT: {}
COMMAND: GET /session/707fd792500738763589addbb724467c/screenshot - {}
RESULT: {}
COMMAND: POST /session/707fd792500738763589addbb724467c/execute/async - {"script":"<script> [1562 bytes]","args":[{"selector":{"id":"application-managehandovers-display-component---AddNewHO--ObjectPageLayout-anchBar-application-managehandovers-display-component---AddNewHO--section4-anchor","interaction":{"idSuffix":"BDI-content"}},"wdio_ui5_key":"applicationmanagehandovers-display-component---AddNewHO--ObjectPageLayout-anchBar-application-managehandovers-display-component---AddNewHO--section4-anchor"}]}
RESULT: {"script":"<script> [1562 bytes]","args":[{"selector":{"id":"application-managehandovers-display-component---AddNewHO--ObjectPageLayout-anchBar-application-managehandovers-display-component---AddNewHO--section4-anchor","interaction":{"idSuffix":"BDI-content"}},"wdio_ui5_key":"applicationmanagehandovers-display-component---AddNewHO--ObjectPageLayout-anchBar-application-managehandovers-display-component---AddNewHO--section4-anchor"}]}
RESULT: undefined
COMMAND: POST /session/707fd792500738763589addbb724467c/element - {"using":"xpath","value":"//*[@id=\"application-managehandovers-display-component---AddNewHO--ObjectPageLayout-anchBar-application-managehandovers-display-component---AddNewHO--section4-anchor\"]"}
RESULT: {"using":"xpath","value":"//*[@id=\"application-managehandovers-display-component---AddNewHO--ObjectPageLayout-anchBar-application-managehandovers-display-component---AddNewHO--section4-anchor\"]"}
COMMAND: POST /session/707fd792500738763589addbb724467c/element/f.EAD07CEE226E3AF466CD8E35709995F4.d.4C21AD80F06BDC6EA603A455A242B31E.e.3427/click - {}
RESULT: {}
COMMAND: POST /session/707fd792500738763589addbb724467c/element - {"using":"xpath","value":"//button[@aria-label=\"Add\"]"}
COMMAND: GET /session/707fd792500738763589addbb724467c/screenshot - {}
RESULT: {"using":"xpath","value":"//button[@aria-label=\"Add\"]"}
COMMAND: POST /session/707fd792500738763589addbb724467c/element/f.EAD07CEE226E3AF466CD8E35709995F4.d.4C21AD80F06BDC6EA603A455A242B31E.e.3429/click - {}
RESULT: {}
RESULT: {}
COMMAND: GET /session/707fd792500738763589addbb724467c/screenshot - {}
RESULT: {}
COMMAND: POST /session/707fd792500738763589addbb724467c/execute/async - {"script":"<script> [1562 bytes]","args":[{"selector":{"id":"application-managehandovers-display-component---AddNewHO--smartFilterBar-btnBasicSearch","searchOpenDialogs":true,"interaction":{"idSuffix":"I"}},"wdio_ui5_key":"applicationmanagehandovers-display-component---AddNewHO--smartFilterBar-btnBasicSearch"}]}
RESULT: {"script":"<script> [1562 bytes]","args":[{"selector":{"id":"application-managehandovers-display-component---AddNewHO--smartFilterBar-btnBasicSearch","searchOpenDialogs":true,"interaction":{"idSuffix":"I"}},"wdio_ui5_key":"applicationmanagehandovers-display-component---AddNewHO--smartFilterBar-btnBasicSearch"}]}
RESULT: undefined
COMMAND: POST /session/707fd792500738763589addbb724467c/execute/async - {"script":"<script> [776 bytes]","args":[{"enterText":"200079","selector":{"id":"application-managehandovers-display-component---AddNewHO--smartFilterBar-btnBasicSearch","searchOpenDialogs":true,"interaction":{"idSuffix":"I"}},"clearTextFirst":true,"interactionType":"ENTER_TEXT"}]}
RESULT: {"script":"<script> [776 bytes]","args":[{"enterText":"200079","selector":{"id":"application-managehandovers-display-component---AddNewHO--smartFilterBar-btnBasicSearch","searchOpenDialogs":true,"interaction":{"idSuffix":"I"}},"clearTextFirst":true,"interactionType":"ENTER_TEXT"}]}
COMMAND: POST /session/707fd792500738763589addbb724467c/actions - {"actions":[{"id":"action9","type":"key","parameters":{},"actions":[{"type":"keyDown","value":""},{"type":"pause","duration":10},{"type":"keyUp","value":""}]}]}
RESULT: {"actions":[{"id":"action9","type":"key","parameters":{},"actions":[{"type":"keyDown","value":""},{"type":"pause","duration":10},{"type":"keyUp","value":""}]}]}
COMMAND: GET /session/707fd792500738763589addbb724467c/screenshot - {}
RESULT: {}
COMMAND: POST /session/707fd792500738763589addbb724467c/execute/async - {"script":"<script> [1562 bytes]","args":[{"selector":{"id":"application-managehandovers-display-component---AddNewHO--popup-sa","searchOpenDialogs":true,"interaction":{"idSuffix":"CbBg"}},"wdio_ui5_key":"applicationmanagehandovers-display-component---AddNewHO--popup-sa"}]}
RESULT: {"script":"<script> [1562 bytes]","args":[{"selector":{"id":"application-managehandovers-display-component---AddNewHO--popup-sa","searchOpenDialogs":true,"interaction":{"idSuffix":"CbBg"}},"wdio_ui5_key":"applicationmanagehandovers-display-component---AddNewHO--popup-sa"}]}
RESULT: undefined
COMMAND: POST /session/707fd792500738763589addbb724467c/element - {"using":"xpath","value":"//*[@id=\"application-managehandovers-display-component---AddNewHO--popup-sa\"]"}
RESULT: {"using":"xpath","value":"//*[@id=\"application-managehandovers-display-component---AddNewHO--popup-sa\"]"}
COMMAND: POST /session/707fd792500738763589addbb724467c/element/f.EAD07CEE226E3AF466CD8E35709995F4.d.4C21AD80F06BDC6EA603A455A242B31E.e.3573/click - {}
RESULT: {}
COMMAND: GET /session/707fd792500738763589addbb724467c/screenshot - {}
RESULT: {}
COMMAND: POST /session/707fd792500738763589addbb724467c/element - {"using":"xpath","value":"//bdi[contains(text(), \"Select\")]"}
RESULT: {"using":"xpath","value":"//bdi[contains(text(), \"Select\")]"}
COMMAND: POST /session/707fd792500738763589addbb724467c/element/f.EAD07CEE226E3AF466CD8E35709995F4.d.4C21AD80F06BDC6EA603A455A242B31E.e.3574/click - {}
RESULT: {}
COMMAND: GET /session/707fd792500738763589addbb724467c/screenshot - {}
RESULT: {}
COMMAND: POST /session/707fd792500738763589addbb724467c/element - {"using":"xpath","value":"//button[@data-kt=\"AddNewHOSaveButton\"]"}
RESULT: {"using":"xpath","value":"//button[@data-kt=\"AddNewHOSaveButton\"]"}
COMMAND: POST /session/707fd792500738763589addbb724467c/element/f.EAD07CEE226E3AF466CD8E35709995F4.d.4C21AD80F06BDC6EA603A455A242B31E.e.3578/click - {}
RESULT: {}
COMMAND: GET /session/707fd792500738763589addbb724467c/screenshot - {}
COMMAND: POST /session/707fd792500738763589addbb724467c/execute/async - {"script":"<script> [1562 bytes]","args":[{"selector":{"id":"receiptDatePicker","viewName":"etm.portal.ui.managehandovers.view.DetailExecuteHO","interaction":{"idSuffix":"inner"}},"wdio_ui5_key":"receiptDatePickeretmportal.ui.managehandovers.view.DetailExecuteHO"}]}
RESULT: {}
RESULT: {"script":"<script> [1562 bytes]","args":[{"selector":{"id":"receiptDatePicker","viewName":"etm.portal.ui.managehandovers.view.DetailExecuteHO","interaction":{"idSuffix":"inner"}},"wdio_ui5_key":"receiptDatePickeretmportal.ui.managehandovers.view.DetailExecuteHO"}]}
RESULT: undefined
COMMAND: POST /session/707fd792500738763589addbb724467c/execute/async - {"script":"<script> [6424 bytes]","args":[{"element-6066-11e4-a52e-4f735466cecf":"f.EAD07CEE226E3AF466CD8E35709995F4.d.4C21AD80F06BDC6EA603A455A242B31E.e.3604"},"setValue",["5/23/25"]]}
RESULT: {"script":"<script> [6424 bytes]","args":[{"element-6066-11e4-a52e-4f735466cecf":"f.EAD07CEE226E3AF466CD8E35709995F4.d.4C21AD80F06BDC6EA603A455A242B31E.e.3604"},"setValue",["5/23/25"]]}
COMMAND: POST /session/707fd792500738763589addbb724467c/element - {"using":"xpath","value":"//button[@data-kt=\"PickingTableConfirmAllButton\"]"}
RESULT: {"using":"xpath","value":"//button[@data-kt=\"PickingTableConfirmAllButton\"]"}
COMMAND: POST /session/707fd792500738763589addbb724467c/elements - {"using":"xpath","value":"//button[@data-kt=\"PickingTableConfirmAllButton\"]"}
RESULT: {"using":"xpath","value":"//button[@data-kt=\"PickingTableConfirmAllButton\"]"}
COMMAND: POST /session/707fd792500738763589addbb724467c/elements - {"using":"xpath","value":"//button[@data-kt=\"PickingTableConfirmAllButton\"]"}
RESULT: {"using":"xpath","value":"//button[@data-kt=\"PickingTableConfirmAllButton\"]"}
COMMAND: POST /session/707fd792500738763589addbb724467c/elements - {"using":"xpath","value":"//button[@data-kt=\"PickingTableConfirmAllButton\"]"}
RESULT: {"using":"xpath","value":"//button[@data-kt=\"PickingTableConfirmAllButton\"]"}
COMMAND: POST /session/707fd792500738763589addbb724467c/elements - {"using":"xpath","value":"//button[@data-kt=\"PickingTableConfirmAllButton\"]"}
RESULT: {"using":"xpath","value":"//button[@data-kt=\"PickingTableConfirmAllButton\"]"}
COMMAND: POST /session/707fd792500738763589addbb724467c/elements - {"using":"xpath","value":"//button[@data-kt=\"PickingTableConfirmAllButton\"]"}
RESULT: {"using":"xpath","value":"//button[@data-kt=\"PickingTableConfirmAllButton\"]"}
COMMAND: POST /session/707fd792500738763589addbb724467c/elements - {"using":"xpath","value":"//button[@data-kt=\"PickingTableConfirmAllButton\"]"}
RESULT: {"using":"xpath","value":"//button[@data-kt=\"PickingTableConfirmAllButton\"]"}
COMMAND: POST /session/707fd792500738763589addbb724467c/elements - {"using":"xpath","value":"//button[@data-kt=\"PickingTableConfirmAllButton\"]"}
RESULT: {"using":"xpath","value":"//button[@data-kt=\"PickingTableConfirmAllButton\"]"}
COMMAND: POST /session/707fd792500738763589addbb724467c/elements - {"using":"xpath","value":"//button[@data-kt=\"PickingTableConfirmAllButton\"]"}
RESULT: {"using":"xpath","value":"//button[@data-kt=\"PickingTableConfirmAllButton\"]"}
COMMAND: POST /session/707fd792500738763589addbb724467c/elements - {"using":"xpath","value":"//button[@data-kt=\"PickingTableConfirmAllButton\"]"}
RESULT: {"using":"xpath","value":"//button[@data-kt=\"PickingTableConfirmAllButton\"]"}
COMMAND: POST /session/707fd792500738763589addbb724467c/elements - {"using":"xpath","value":"//button[@data-kt=\"PickingTableConfirmAllButton\"]"}
RESULT: {"using":"xpath","value":"//button[@data-kt=\"PickingTableConfirmAllButton\"]"}
COMMAND: POST /session/707fd792500738763589addbb724467c/elements - {"using":"xpath","value":"//button[@data-kt=\"PickingTableConfirmAllButton\"]"}
RESULT: {"using":"xpath","value":"//button[@data-kt=\"PickingTableConfirmAllButton\"]"}
COMMAND: POST /session/707fd792500738763589addbb724467c/elements - {"using":"xpath","value":"//button[@data-kt=\"PickingTableConfirmAllButton\"]"}
RESULT: {"using":"xpath","value":"//button[@data-kt=\"PickingTableConfirmAllButton\"]"}
COMMAND: POST /session/707fd792500738763589addbb724467c/elements - {"using":"xpath","value":"//button[@data-kt=\"PickingTableConfirmAllButton\"]"}
RESULT: {"using":"xpath","value":"//button[@data-kt=\"PickingTableConfirmAllButton\"]"}
COMMAND: POST /session/707fd792500738763589addbb724467c/elements - {"using":"xpath","value":"//button[@data-kt=\"PickingTableConfirmAllButton\"]"}
RESULT: {"using":"xpath","value":"//button[@data-kt=\"PickingTableConfirmAllButton\"]"}
COMMAND: POST /session/707fd792500738763589addbb724467c/elements - {"using":"xpath","value":"//button[@data-kt=\"PickingTableConfirmAllButton\"]"}
RESULT: {"using":"xpath","value":"//button[@data-kt=\"PickingTableConfirmAllButton\"]"}
COMMAND: POST /session/707fd792500738763589addbb724467c/elements - {"using":"xpath","value":"//button[@data-kt=\"PickingTableConfirmAllButton\"]"}
RESULT: {"using":"xpath","value":"//button[@data-kt=\"PickingTableConfirmAllButton\"]"}
COMMAND: POST /session/707fd792500738763589addbb724467c/elements - {"using":"xpath","value":"//button[@data-kt=\"PickingTableConfirmAllButton\"]"}
RESULT: {"using":"xpath","value":"//button[@data-kt=\"PickingTableConfirmAllButton\"]"}
COMMAND: POST /session/707fd792500738763589addbb724467c/elements - {"using":"xpath","value":"//button[@data-kt=\"PickingTableConfirmAllButton\"]"}
RESULT: {"using":"xpath","value":"//button[@data-kt=\"PickingTableConfirmAllButton\"]"}
COMMAND: POST /session/707fd792500738763589addbb724467c/elements - {"using":"xpath","value":"//button[@data-kt=\"PickingTableConfirmAllButton\"]"}
RESULT: {"using":"xpath","value":"//button[@data-kt=\"PickingTableConfirmAllButton\"]"}
COMMAND: POST /session/707fd792500738763589addbb724467c/elements - {"using":"xpath","value":"//button[@data-kt=\"PickingTableConfirmAllButton\"]"}
RESULT: {"using":"xpath","value":"//button[@data-kt=\"PickingTableConfirmAllButton\"]"}
COMMAND: POST /session/707fd792500738763589addbb724467c/elements - {"using":"xpath","value":"//button[@data-kt=\"PickingTableConfirmAllButton\"]"}
RESULT: {"using":"xpath","value":"//button[@data-kt=\"PickingTableConfirmAllButton\"]"}
COMMAND: POST /session/707fd792500738763589addbb724467c/elements - {"using":"xpath","value":"//button[@data-kt=\"PickingTableConfirmAllButton\"]"}
RESULT: {"using":"xpath","value":"//button[@data-kt=\"PickingTableConfirmAllButton\"]"}
COMMAND: POST /session/707fd792500738763589addbb724467c/elements - {"using":"xpath","value":"//button[@data-kt=\"PickingTableConfirmAllButton\"]"}
RESULT: {"using":"xpath","value":"//button[@data-kt=\"PickingTableConfirmAllButton\"]"}
COMMAND: POST /session/707fd792500738763589addbb724467c/elements - {"using":"xpath","value":"//button[@data-kt=\"PickingTableConfirmAllButton\"]"}
RESULT: {"using":"xpath","value":"//button[@data-kt=\"PickingTableConfirmAllButton\"]"}
COMMAND: POST /session/707fd792500738763589addbb724467c/elements - {"using":"xpath","value":"//button[@data-kt=\"PickingTableConfirmAllButton\"]"}
RESULT: {"using":"xpath","value":"//button[@data-kt=\"PickingTableConfirmAllButton\"]"}
COMMAND: POST /session/707fd792500738763589addbb724467c/elements - {"using":"xpath","value":"//button[@data-kt=\"PickingTableConfirmAllButton\"]"}
RESULT: {"using":"xpath","value":"//button[@data-kt=\"PickingTableConfirmAllButton\"]"}
COMMAND: POST /session/707fd792500738763589addbb724467c/elements - {"using":"xpath","value":"//button[@data-kt=\"PickingTableConfirmAllButton\"]"}
RESULT: {"using":"xpath","value":"//button[@data-kt=\"PickingTableConfirmAllButton\"]"}
COMMAND: POST /session/707fd792500738763589addbb724467c/elements - {"using":"xpath","value":"//button[@data-kt=\"PickingTableConfirmAllButton\"]"}
RESULT: {"using":"xpath","value":"//button[@data-kt=\"PickingTableConfirmAllButton\"]"}
COMMAND: POST /session/707fd792500738763589addbb724467c/elements - {"using":"xpath","value":"//button[@data-kt=\"PickingTableConfirmAllButton\"]"}
RESULT: {"using":"xpath","value":"//button[@data-kt=\"PickingTableConfirmAllButton\"]"}
COMMAND: POST /session/707fd792500738763589addbb724467c/elements - {"using":"xpath","value":"//button[@data-kt=\"PickingTableConfirmAllButton\"]"}
RESULT: {"using":"xpath","value":"//button[@data-kt=\"PickingTableConfirmAllButton\"]"}
COMMAND: POST /session/707fd792500738763589addbb724467c/elements - {"using":"xpath","value":"//button[@data-kt=\"PickingTableConfirmAllButton\"]"}
RESULT: {"using":"xpath","value":"//button[@data-kt=\"PickingTableConfirmAllButton\"]"}
COMMAND: POST /session/707fd792500738763589addbb724467c/elements - {"using":"xpath","value":"//button[@data-kt=\"PickingTableConfirmAllButton\"]"}
RESULT: {"using":"xpath","value":"//button[@data-kt=\"PickingTableConfirmAllButton\"]"}
COMMAND: POST /session/707fd792500738763589addbb724467c/elements - {"using":"xpath","value":"//button[@data-kt=\"PickingTableConfirmAllButton\"]"}
RESULT: {"using":"xpath","value":"//button[@data-kt=\"PickingTableConfirmAllButton\"]"}
COMMAND: POST /session/707fd792500738763589addbb724467c/elements - {"using":"xpath","value":"//button[@data-kt=\"PickingTableConfirmAllButton\"]"}
RESULT: {"using":"xpath","value":"//button[@data-kt=\"PickingTableConfirmAllButton\"]"}
COMMAND: POST /session/707fd792500738763589addbb724467c/elements - {"using":"xpath","value":"//button[@data-kt=\"PickingTableConfirmAllButton\"]"}
RESULT: {"using":"xpath","value":"//button[@data-kt=\"PickingTableConfirmAllButton\"]"}
COMMAND: POST /session/707fd792500738763589addbb724467c/elements - {"using":"xpath","value":"//button[@data-kt=\"PickingTableConfirmAllButton\"]"}
RESULT: {"using":"xpath","value":"//button[@data-kt=\"PickingTableConfirmAllButton\"]"}
COMMAND: POST /session/707fd792500738763589addbb724467c/elements - {"using":"xpath","value":"//button[@data-kt=\"PickingTableConfirmAllButton\"]"}
RESULT: {"using":"xpath","value":"//button[@data-kt=\"PickingTableConfirmAllButton\"]"}
COMMAND: POST /session/707fd792500738763589addbb724467c/elements - {"using":"xpath","value":"//button[@data-kt=\"PickingTableConfirmAllButton\"]"}
RESULT: {"using":"xpath","value":"//button[@data-kt=\"PickingTableConfirmAllButton\"]"}
COMMAND: POST /session/707fd792500738763589addbb724467c/elements - {"using":"xpath","value":"//button[@data-kt=\"PickingTableConfirmAllButton\"]"}
RESULT: {"using":"xpath","value":"//button[@data-kt=\"PickingTableConfirmAllButton\"]"}
COMMAND: POST /session/707fd792500738763589addbb724467c/elements - {"using":"xpath","value":"//button[@data-kt=\"PickingTableConfirmAllButton\"]"}
RESULT: {"using":"xpath","value":"//button[@data-kt=\"PickingTableConfirmAllButton\"]"}
COMMAND: POST /session/707fd792500738763589addbb724467c/elements - {"using":"xpath","value":"//button[@data-kt=\"PickingTableConfirmAllButton\"]"}
RESULT: {"using":"xpath","value":"//button[@data-kt=\"PickingTableConfirmAllButton\"]"}
COMMAND: POST /session/707fd792500738763589addbb724467c/elements - {"using":"xpath","value":"//button[@data-kt=\"PickingTableConfirmAllButton\"]"}
RESULT: {"using":"xpath","value":"//button[@data-kt=\"PickingTableConfirmAllButton\"]"}
COMMAND: POST /session/707fd792500738763589addbb724467c/elements - {"using":"xpath","value":"//button[@data-kt=\"PickingTableConfirmAllButton\"]"}
RESULT: {"using":"xpath","value":"//button[@data-kt=\"PickingTableConfirmAllButton\"]"}
COMMAND: POST /session/707fd792500738763589addbb724467c/elements - {"using":"xpath","value":"//button[@data-kt=\"PickingTableConfirmAllButton\"]"}
RESULT: {"using":"xpath","value":"//button[@data-kt=\"PickingTableConfirmAllButton\"]"}
COMMAND: POST /session/707fd792500738763589addbb724467c/elements - {"using":"xpath","value":"//button[@data-kt=\"PickingTableConfirmAllButton\"]"}
RESULT: {"using":"xpath","value":"//button[@data-kt=\"PickingTableConfirmAllButton\"]"}
COMMAND: POST /session/707fd792500738763589addbb724467c/elements - {"using":"xpath","value":"//button[@data-kt=\"PickingTableConfirmAllButton\"]"}
RESULT: {"using":"xpath","value":"//button[@data-kt=\"PickingTableConfirmAllButton\"]"}
COMMAND: POST /session/707fd792500738763589addbb724467c/elements - {"using":"xpath","value":"//button[@data-kt=\"PickingTableConfirmAllButton\"]"}
RESULT: {"using":"xpath","value":"//button[@data-kt=\"PickingTableConfirmAllButton\"]"}
COMMAND: POST /session/707fd792500738763589addbb724467c/elements - {"using":"xpath","value":"//button[@data-kt=\"PickingTableConfirmAllButton\"]"}
RESULT: {"using":"xpath","value":"//button[@data-kt=\"PickingTableConfirmAllButton\"]"}
COMMAND: POST /session/707fd792500738763589addbb724467c/elements - {"using":"xpath","value":"//button[@data-kt=\"PickingTableConfirmAllButton\"]"}
RESULT: {"using":"xpath","value":"//button[@data-kt=\"PickingTableConfirmAllButton\"]"}
COMMAND: POST /session/707fd792500738763589addbb724467c/elements - {"using":"xpath","value":"//button[@data-kt=\"PickingTableConfirmAllButton\"]"}
RESULT: {"using":"xpath","value":"//button[@data-kt=\"PickingTableConfirmAllButton\"]"}
COMMAND: POST /session/707fd792500738763589addbb724467c/elements - {"using":"xpath","value":"//button[@data-kt=\"PickingTableConfirmAllButton\"]"}
RESULT: {"using":"xpath","value":"//button[@data-kt=\"PickingTableConfirmAllButton\"]"}
COMMAND: POST /session/707fd792500738763589addbb724467c/elements - {"using":"xpath","value":"//button[@data-kt=\"PickingTableConfirmAllButton\"]"}
RESULT: {"using":"xpath","value":"//button[@data-kt=\"PickingTableConfirmAllButton\"]"}
COMMAND: POST /session/707fd792500738763589addbb724467c/elements - {"using":"xpath","value":"//button[@data-kt=\"PickingTableConfirmAllButton\"]"}
RESULT: {"using":"xpath","value":"//button[@data-kt=\"PickingTableConfirmAllButton\"]"}
COMMAND: POST /session/707fd792500738763589addbb724467c/elements - {"using":"xpath","value":"//button[@data-kt=\"PickingTableConfirmAllButton\"]"}
RESULT: {"using":"xpath","value":"//button[@data-kt=\"PickingTableConfirmAllButton\"]"}
COMMAND: POST /session/707fd792500738763589addbb724467c/elements - {"using":"xpath","value":"//button[@data-kt=\"PickingTableConfirmAllButton\"]"}
RESULT: {"using":"xpath","value":"//button[@data-kt=\"PickingTableConfirmAllButton\"]"}
COMMAND: POST /session/707fd792500738763589addbb724467c/elements - {"using":"xpath","value":"//button[@data-kt=\"PickingTableConfirmAllButton\"]"}
RESULT: {"using":"xpath","value":"//button[@data-kt=\"PickingTableConfirmAllButton\"]"}
COMMAND: POST /session/707fd792500738763589addbb724467c/elements - {"using":"xpath","value":"//button[@data-kt=\"PickingTableConfirmAllButton\"]"}
RESULT: {"using":"xpath","value":"//button[@data-kt=\"PickingTableConfirmAllButton\"]"}
COMMAND: POST /session/707fd792500738763589addbb724467c/elements - {"using":"xpath","value":"//button[@data-kt=\"PickingTableConfirmAllButton\"]"}
RESULT: {"using":"xpath","value":"//button[@data-kt=\"PickingTableConfirmAllButton\"]"}
COMMAND: POST /session/707fd792500738763589addbb724467c/elements - {"using":"xpath","value":"//button[@data-kt=\"PickingTableConfirmAllButton\"]"}
RESULT: {"using":"xpath","value":"//button[@data-kt=\"PickingTableConfirmAllButton\"]"}
COMMAND: POST /session/707fd792500738763589addbb724467c/elements - {"using":"xpath","value":"//button[@data-kt=\"PickingTableConfirmAllButton\"]"}
RESULT: {"using":"xpath","value":"//button[@data-kt=\"PickingTableConfirmAllButton\"]"}
COMMAND: POST /session/707fd792500738763589addbb724467c/elements - {"using":"xpath","value":"//button[@data-kt=\"PickingTableConfirmAllButton\"]"}
RESULT: {"using":"xpath","value":"//button[@data-kt=\"PickingTableConfirmAllButton\"]"}
COMMAND: POST /session/707fd792500738763589addbb724467c/elements - {"using":"xpath","value":"//button[@data-kt=\"PickingTableConfirmAllButton\"]"}
RESULT: {"using":"xpath","value":"//button[@data-kt=\"PickingTableConfirmAllButton\"]"}
COMMAND: POST /session/707fd792500738763589addbb724467c/elements - {"using":"xpath","value":"//button[@data-kt=\"PickingTableConfirmAllButton\"]"}
RESULT: {"using":"xpath","value":"//button[@data-kt=\"PickingTableConfirmAllButton\"]"}
COMMAND: POST /session/707fd792500738763589addbb724467c/elements - {"using":"xpath","value":"//button[@data-kt=\"PickingTableConfirmAllButton\"]"}
RESULT: {"using":"xpath","value":"//button[@data-kt=\"PickingTableConfirmAllButton\"]"}
COMMAND: POST /session/707fd792500738763589addbb724467c/elements - {"using":"xpath","value":"//button[@data-kt=\"PickingTableConfirmAllButton\"]"}
RESULT: {"using":"xpath","value":"//button[@data-kt=\"PickingTableConfirmAllButton\"]"}
COMMAND: POST /session/707fd792500738763589addbb724467c/elements - {"using":"xpath","value":"//button[@data-kt=\"PickingTableConfirmAllButton\"]"}
RESULT: {"using":"xpath","value":"//button[@data-kt=\"PickingTableConfirmAllButton\"]"}
COMMAND: POST /session/707fd792500738763589addbb724467c/elements - {"using":"xpath","value":"//button[@data-kt=\"PickingTableConfirmAllButton\"]"}
RESULT: {"using":"xpath","value":"//button[@data-kt=\"PickingTableConfirmAllButton\"]"}
COMMAND: POST /session/707fd792500738763589addbb724467c/elements - {"using":"xpath","value":"//button[@data-kt=\"PickingTableConfirmAllButton\"]"}
RESULT: {"using":"xpath","value":"//button[@data-kt=\"PickingTableConfirmAllButton\"]"}
COMMAND: POST /session/707fd792500738763589addbb724467c/elements - {"using":"xpath","value":"//button[@data-kt=\"PickingTableConfirmAllButton\"]"}
RESULT: {"using":"xpath","value":"//button[@data-kt=\"PickingTableConfirmAllButton\"]"}
COMMAND: POST /session/707fd792500738763589addbb724467c/elements - {"using":"xpath","value":"//button[@data-kt=\"PickingTableConfirmAllButton\"]"}
RESULT: {"using":"xpath","value":"//button[@data-kt=\"PickingTableConfirmAllButton\"]"}
COMMAND: POST /session/707fd792500738763589addbb724467c/elements - {"using":"xpath","value":"//button[@data-kt=\"PickingTableConfirmAllButton\"]"}
RESULT: {"using":"xpath","value":"//button[@data-kt=\"PickingTableConfirmAllButton\"]"}
COMMAND: POST /session/707fd792500738763589addbb724467c/elements - {"using":"xpath","value":"//button[@data-kt=\"PickingTableConfirmAllButton\"]"}
RESULT: {"using":"xpath","value":"//button[@data-kt=\"PickingTableConfirmAllButton\"]"}
COMMAND: POST /session/707fd792500738763589addbb724467c/elements - {"using":"xpath","value":"//button[@data-kt=\"PickingTableConfirmAllButton\"]"}
RESULT: {"using":"xpath","value":"//button[@data-kt=\"PickingTableConfirmAllButton\"]"}
COMMAND: POST /session/707fd792500738763589addbb724467c/elements - {"using":"xpath","value":"//button[@data-kt=\"PickingTableConfirmAllButton\"]"}
RESULT: {"using":"xpath","value":"//button[@data-kt=\"PickingTableConfirmAllButton\"]"}
COMMAND: POST /session/707fd792500738763589addbb724467c/elements - {"using":"xpath","value":"//button[@data-kt=\"PickingTableConfirmAllButton\"]"}
RESULT: {"using":"xpath","value":"//button[@data-kt=\"PickingTableConfirmAllButton\"]"}
COMMAND: POST /session/707fd792500738763589addbb724467c/elements - {"using":"xpath","value":"//button[@data-kt=\"PickingTableConfirmAllButton\"]"}
RESULT: {"using":"xpath","value":"//button[@data-kt=\"PickingTableConfirmAllButton\"]"}
COMMAND: POST /session/707fd792500738763589addbb724467c/elements - {"using":"xpath","value":"//button[@data-kt=\"PickingTableConfirmAllButton\"]"}
RESULT: {"using":"xpath","value":"//button[@data-kt=\"PickingTableConfirmAllButton\"]"}
COMMAND: POST /session/707fd792500738763589addbb724467c/elements - {"using":"xpath","value":"//button[@data-kt=\"PickingTableConfirmAllButton\"]"}
RESULT: {"using":"xpath","value":"//button[@data-kt=\"PickingTableConfirmAllButton\"]"}
COMMAND: POST /session/707fd792500738763589addbb724467c/elements - {"using":"xpath","value":"//button[@data-kt=\"PickingTableConfirmAllButton\"]"}
RESULT: {"using":"xpath","value":"//button[@data-kt=\"PickingTableConfirmAllButton\"]"}
COMMAND: POST /session/707fd792500738763589addbb724467c/elements - {"using":"xpath","value":"//button[@data-kt=\"PickingTableConfirmAllButton\"]"}
RESULT: {"using":"xpath","value":"//button[@data-kt=\"PickingTableConfirmAllButton\"]"}
COMMAND: POST /session/707fd792500738763589addbb724467c/elements - {"using":"xpath","value":"//button[@data-kt=\"PickingTableConfirmAllButton\"]"}
RESULT: {"using":"xpath","value":"//button[@data-kt=\"PickingTableConfirmAllButton\"]"}
COMMAND: POST /session/707fd792500738763589addbb724467c/elements - {"using":"xpath","value":"//button[@data-kt=\"PickingTableConfirmAllButton\"]"}
RESULT: {"using":"xpath","value":"//button[@data-kt=\"PickingTableConfirmAllButton\"]"}
COMMAND: POST /session/707fd792500738763589addbb724467c/elements - {"using":"xpath","value":"//button[@data-kt=\"PickingTableConfirmAllButton\"]"}
RESULT: {"using":"xpath","value":"//button[@data-kt=\"PickingTableConfirmAllButton\"]"}
COMMAND: POST /session/707fd792500738763589addbb724467c/elements - {"using":"xpath","value":"//button[@data-kt=\"PickingTableConfirmAllButton\"]"}
RESULT: {"using":"xpath","value":"//button[@data-kt=\"PickingTableConfirmAllButton\"]"}
COMMAND: POST /session/707fd792500738763589addbb724467c/elements - {"using":"xpath","value":"//button[@data-kt=\"PickingTableConfirmAllButton\"]"}
RESULT: {"using":"xpath","value":"//button[@data-kt=\"PickingTableConfirmAllButton\"]"}
COMMAND: POST /session/707fd792500738763589addbb724467c/elements - {"using":"xpath","value":"//button[@data-kt=\"PickingTableConfirmAllButton\"]"}
RESULT: {"using":"xpath","value":"//button[@data-kt=\"PickingTableConfirmAllButton\"]"}
COMMAND: POST /session/707fd792500738763589addbb724467c/elements - {"using":"xpath","value":"//button[@data-kt=\"PickingTableConfirmAllButton\"]"}
RESULT: {"using":"xpath","value":"//button[@data-kt=\"PickingTableConfirmAllButton\"]"}
COMMAND: POST /session/707fd792500738763589addbb724467c/elements - {"using":"xpath","value":"//button[@data-kt=\"PickingTableConfirmAllButton\"]"}
RESULT: {"using":"xpath","value":"//button[@data-kt=\"PickingTableConfirmAllButton\"]"}
COMMAND: POST /session/707fd792500738763589addbb724467c/elements - {"using":"xpath","value":"//button[@data-kt=\"PickingTableConfirmAllButton\"]"}
RESULT: {"using":"xpath","value":"//button[@data-kt=\"PickingTableConfirmAllButton\"]"}
COMMAND: POST /session/707fd792500738763589addbb724467c/elements - {"using":"xpath","value":"//button[@data-kt=\"PickingTableConfirmAllButton\"]"}
RESULT: {"using":"xpath","value":"//button[@data-kt=\"PickingTableConfirmAllButton\"]"}
COMMAND: POST /session/707fd792500738763589addbb724467c/elements - {"using":"xpath","value":"//button[@data-kt=\"PickingTableConfirmAllButton\"]"}
RESULT: {"using":"xpath","value":"//button[@data-kt=\"PickingTableConfirmAllButton\"]"}
COMMAND: POST /session/707fd792500738763589addbb724467c/elements - {"using":"xpath","value":"//button[@data-kt=\"PickingTableConfirmAllButton\"]"}
RESULT: {"using":"xpath","value":"//button[@data-kt=\"PickingTableConfirmAllButton\"]"}
COMMAND: POST /session/707fd792500738763589addbb724467c/elements - {"using":"xpath","value":"//button[@data-kt=\"PickingTableConfirmAllButton\"]"}
RESULT: {"using":"xpath","value":"//button[@data-kt=\"PickingTableConfirmAllButton\"]"}
COMMAND: POST /session/707fd792500738763589addbb724467c/elements - {"using":"xpath","value":"//button[@data-kt=\"PickingTableConfirmAllButton\"]"}
RESULT: {"using":"xpath","value":"//button[@data-kt=\"PickingTableConfirmAllButton\"]"}
COMMAND: POST /session/707fd792500738763589addbb724467c/elements - {"using":"xpath","value":"//button[@data-kt=\"PickingTableConfirmAllButton\"]"}
RESULT: {"using":"xpath","value":"//button[@data-kt=\"PickingTableConfirmAllButton\"]"}
COMMAND: POST /session/707fd792500738763589addbb724467c/elements - {"using":"xpath","value":"//button[@data-kt=\"PickingTableConfirmAllButton\"]"}
RESULT: {"using":"xpath","value":"//button[@data-kt=\"PickingTableConfirmAllButton\"]"}
COMMAND: POST /session/707fd792500738763589addbb724467c/elements - {"using":"xpath","value":"//button[@data-kt=\"PickingTableConfirmAllButton\"]"}
RESULT: {"using":"xpath","value":"//button[@data-kt=\"PickingTableConfirmAllButton\"]"}
COMMAND: POST /session/707fd792500738763589addbb724467c/elements - {"using":"xpath","value":"//button[@data-kt=\"PickingTableConfirmAllButton\"]"}
RESULT: {"using":"xpath","value":"//button[@data-kt=\"PickingTableConfirmAllButton\"]"}
COMMAND: POST /session/707fd792500738763589addbb724467c/elements - {"using":"xpath","value":"//button[@data-kt=\"PickingTableConfirmAllButton\"]"}
RESULT: {"using":"xpath","value":"//button[@data-kt=\"PickingTableConfirmAllButton\"]"}
COMMAND: POST /session/707fd792500738763589addbb724467c/elements - {"using":"xpath","value":"//button[@data-kt=\"PickingTableConfirmAllButton\"]"}
RESULT: {"using":"xpath","value":"//button[@data-kt=\"PickingTableConfirmAllButton\"]"}
COMMAND: POST /session/707fd792500738763589addbb724467c/elements - {"using":"xpath","value":"//button[@data-kt=\"PickingTableConfirmAllButton\"]"}
RESULT: {"using":"xpath","value":"//button[@data-kt=\"PickingTableConfirmAllButton\"]"}
COMMAND: POST /session/707fd792500738763589addbb724467c/elements - {"using":"xpath","value":"//button[@data-kt=\"PickingTableConfirmAllButton\"]"}
RESULT: {"using":"xpath","value":"//button[@data-kt=\"PickingTableConfirmAllButton\"]"}
COMMAND: POST /session/707fd792500738763589addbb724467c/elements - {"using":"xpath","value":"//button[@data-kt=\"PickingTableConfirmAllButton\"]"}
RESULT: {"using":"xpath","value":"//button[@data-kt=\"PickingTableConfirmAllButton\"]"}
COMMAND: POST /session/707fd792500738763589addbb724467c/elements - {"using":"xpath","value":"//button[@data-kt=\"PickingTableConfirmAllButton\"]"}
RESULT: {"using":"xpath","value":"//button[@data-kt=\"PickingTableConfirmAllButton\"]"}
COMMAND: POST /session/707fd792500738763589addbb724467c/elements - {"using":"xpath","value":"//button[@data-kt=\"PickingTableConfirmAllButton\"]"}
RESULT: {"using":"xpath","value":"//button[@data-kt=\"PickingTableConfirmAllButton\"]"}
COMMAND: POST /session/707fd792500738763589addbb724467c/elements - {"using":"xpath","value":"//button[@data-kt=\"PickingTableConfirmAllButton\"]"}
RESULT: {"using":"xpath","value":"//button[@data-kt=\"PickingTableConfirmAllButton\"]"}
COMMAND: POST /session/707fd792500738763589addbb724467c/elements - {"using":"xpath","value":"//button[@data-kt=\"PickingTableConfirmAllButton\"]"}
RESULT: {"using":"xpath","value":"//button[@data-kt=\"PickingTableConfirmAllButton\"]"}
COMMAND: POST /session/707fd792500738763589addbb724467c/elements - {"using":"xpath","value":"//button[@data-kt=\"PickingTableConfirmAllButton\"]"}
RESULT: {"using":"xpath","value":"//button[@data-kt=\"PickingTableConfirmAllButton\"]"}
COMMAND: POST /session/707fd792500738763589addbb724467c/elements - {"using":"xpath","value":"//button[@data-kt=\"PickingTableConfirmAllButton\"]"}
RESULT: {"using":"xpath","value":"//button[@data-kt=\"PickingTableConfirmAllButton\"]"}
COMMAND: POST /session/707fd792500738763589addbb724467c/elements - {"using":"xpath","value":"//button[@data-kt=\"PickingTableConfirmAllButton\"]"}
RESULT: {"using":"xpath","value":"//button[@data-kt=\"PickingTableConfirmAllButton\"]"}
COMMAND: POST /session/707fd792500738763589addbb724467c/elements - {"using":"xpath","value":"//button[@data-kt=\"PickingTableConfirmAllButton\"]"}
RESULT: {"using":"xpath","value":"//button[@data-kt=\"PickingTableConfirmAllButton\"]"}
COMMAND: POST /session/707fd792500738763589addbb724467c/elements - {"using":"xpath","value":"//button[@data-kt=\"PickingTableConfirmAllButton\"]"}
RESULT: {"using":"xpath","value":"//button[@data-kt=\"PickingTableConfirmAllButton\"]"}
COMMAND: POST /session/707fd792500738763589addbb724467c/elements - {"using":"xpath","value":"//button[@data-kt=\"PickingTableConfirmAllButton\"]"}
RESULT: {"using":"xpath","value":"//button[@data-kt=\"PickingTableConfirmAllButton\"]"}
COMMAND: POST /session/707fd792500738763589addbb724467c/elements - {"using":"xpath","value":"//button[@data-kt=\"PickingTableConfirmAllButton\"]"}
RESULT: {"using":"xpath","value":"//button[@data-kt=\"PickingTableConfirmAllButton\"]"}
COMMAND: POST /session/707fd792500738763589addbb724467c/elements - {"using":"xpath","value":"//button[@data-kt=\"PickingTableConfirmAllButton\"]"}
RESULT: {"using":"xpath","value":"//button[@data-kt=\"PickingTableConfirmAllButton\"]"}
COMMAND: POST /session/707fd792500738763589addbb724467c/elements - {"using":"xpath","value":"//button[@data-kt=\"PickingTableConfirmAllButton\"]"}
RESULT: {"using":"xpath","value":"//button[@data-kt=\"PickingTableConfirmAllButton\"]"}
COMMAND: POST /session/707fd792500738763589addbb724467c/elements - {"using":"xpath","value":"//button[@data-kt=\"PickingTableConfirmAllButton\"]"}
RESULT: {"using":"xpath","value":"//button[@data-kt=\"PickingTableConfirmAllButton\"]"}
COMMAND: POST /session/707fd792500738763589addbb724467c/elements - {"using":"xpath","value":"//button[@data-kt=\"PickingTableConfirmAllButton\"]"}
RESULT: {"using":"xpath","value":"//button[@data-kt=\"PickingTableConfirmAllButton\"]"}
COMMAND: POST /session/707fd792500738763589addbb724467c/elements - {"using":"xpath","value":"//button[@data-kt=\"PickingTableConfirmAllButton\"]"}
RESULT: {"using":"xpath","value":"//button[@data-kt=\"PickingTableConfirmAllButton\"]"}
COMMAND: POST /session/707fd792500738763589addbb724467c/elements - {"using":"xpath","value":"//button[@data-kt=\"PickingTableConfirmAllButton\"]"}
RESULT: {"using":"xpath","value":"//button[@data-kt=\"PickingTableConfirmAllButton\"]"}
COMMAND: POST /session/707fd792500738763589addbb724467c/elements - {"using":"xpath","value":"//button[@data-kt=\"PickingTableConfirmAllButton\"]"}
COMMAND: GET /session/707fd792500738763589addbb724467c/screenshot - {}
RESULT: {"using":"xpath","value":"//button[@data-kt=\"PickingTableConfirmAllButton\"]"}
RESULT: {}
]]></system-out>
      <system-err><![CDATA[
Error: Can't call click on element with selector "//button[@data-kt="PickingTableConfirmAllButton"]" because element wasn't found
    at async UtilsPrerequisites.stockIncrease (D:\a\1\s\test\specs\BTS\prerequisites-and-utils-functions.js:1668:9)
    at async Context.<anonymous> (D:\a\1\s\test\specs\HTR\yard-overview-trigger.spec.js:53:9)
]]></system-err>
    </testcase>
    <testcase classname="chrome.136_0_7103_93.windows.Create_masterdata_for_Yard_Overview_-_trigger_provide_US130988" name="Should create a new contract" time="59.936">
      <failure/>
      <error message="element (&quot;//button[@data-kt=&quot;addButton&quot;]&quot;) still not existing after 45000ms"/>
      <system-out><![CDATA[
COMMAND: POST /session/707fd792500738763589addbb724467c/execute/async - {"script":"<script> [1562 bytes]","args":[{"selector":{"controlType":"sap.m.GenericTile","properties":{"header":"Manage Contracts"}},"wdio_ui5_key":"sapm.GenericTile{\"header\":\"Manage Contracts\"}"}]}
COMMAND: GET /session/707fd792500738763589addbb724467c/screenshot - {}
RESULT: {"script":"<script> [1562 bytes]","args":[{"selector":{"controlType":"sap.m.GenericTile","properties":{"header":"Manage Contracts"}},"wdio_ui5_key":"sapm.GenericTile{\"header\":\"Manage Contracts\"}"}]}
RESULT: undefined
RESULT: {}
COMMAND: POST /session/707fd792500738763589addbb724467c/elements - {"using":"xpath","value":"//span[text()='Error']"}
RESULT: {"using":"xpath","value":"//span[text()='Error']"}
COMMAND: POST /session/707fd792500738763589addbb724467c/element - {"using":"xpath","value":"//button[@data-kt=\"addButton\"]"}
RESULT: {"using":"xpath","value":"//button[@data-kt=\"addButton\"]"}
COMMAND: POST /session/707fd792500738763589addbb724467c/elements - {"using":"xpath","value":"//button[@data-kt=\"addButton\"]"}
RESULT: {"using":"xpath","value":"//button[@data-kt=\"addButton\"]"}
COMMAND: POST /session/707fd792500738763589addbb724467c/elements - {"using":"xpath","value":"//button[@data-kt=\"addButton\"]"}
RESULT: {"using":"xpath","value":"//button[@data-kt=\"addButton\"]"}
COMMAND: POST /session/707fd792500738763589addbb724467c/elements - {"using":"xpath","value":"//button[@data-kt=\"addButton\"]"}
RESULT: {"using":"xpath","value":"//button[@data-kt=\"addButton\"]"}
COMMAND: POST /session/707fd792500738763589addbb724467c/elements - {"using":"xpath","value":"//button[@data-kt=\"addButton\"]"}
RESULT: {"using":"xpath","value":"//button[@data-kt=\"addButton\"]"}
COMMAND: POST /session/707fd792500738763589addbb724467c/elements - {"using":"xpath","value":"//button[@data-kt=\"addButton\"]"}
RESULT: {"using":"xpath","value":"//button[@data-kt=\"addButton\"]"}
COMMAND: POST /session/707fd792500738763589addbb724467c/elements - {"using":"xpath","value":"//button[@data-kt=\"addButton\"]"}
RESULT: {"using":"xpath","value":"//button[@data-kt=\"addButton\"]"}
COMMAND: POST /session/707fd792500738763589addbb724467c/elements - {"using":"xpath","value":"//button[@data-kt=\"addButton\"]"}
RESULT: {"using":"xpath","value":"//button[@data-kt=\"addButton\"]"}
COMMAND: POST /session/707fd792500738763589addbb724467c/elements - {"using":"xpath","value":"//button[@data-kt=\"addButton\"]"}
RESULT: {"using":"xpath","value":"//button[@data-kt=\"addButton\"]"}
COMMAND: POST /session/707fd792500738763589addbb724467c/elements - {"using":"xpath","value":"//button[@data-kt=\"addButton\"]"}
RESULT: {"using":"xpath","value":"//button[@data-kt=\"addButton\"]"}
COMMAND: POST /session/707fd792500738763589addbb724467c/elements - {"using":"xpath","value":"//button[@data-kt=\"addButton\"]"}
RESULT: {"using":"xpath","value":"//button[@data-kt=\"addButton\"]"}
COMMAND: POST /session/707fd792500738763589addbb724467c/elements - {"using":"xpath","value":"//button[@data-kt=\"addButton\"]"}
RESULT: {"using":"xpath","value":"//button[@data-kt=\"addButton\"]"}
COMMAND: POST /session/707fd792500738763589addbb724467c/elements - {"using":"xpath","value":"//button[@data-kt=\"addButton\"]"}
RESULT: {"using":"xpath","value":"//button[@data-kt=\"addButton\"]"}
COMMAND: POST /session/707fd792500738763589addbb724467c/elements - {"using":"xpath","value":"//button[@data-kt=\"addButton\"]"}
RESULT: {"using":"xpath","value":"//button[@data-kt=\"addButton\"]"}
COMMAND: POST /session/707fd792500738763589addbb724467c/elements - {"using":"xpath","value":"//button[@data-kt=\"addButton\"]"}
RESULT: {"using":"xpath","value":"//button[@data-kt=\"addButton\"]"}
COMMAND: POST /session/707fd792500738763589addbb724467c/elements - {"using":"xpath","value":"//button[@data-kt=\"addButton\"]"}
RESULT: {"using":"xpath","value":"//button[@data-kt=\"addButton\"]"}
COMMAND: POST /session/707fd792500738763589addbb724467c/elements - {"using":"xpath","value":"//button[@data-kt=\"addButton\"]"}
RESULT: {"using":"xpath","value":"//button[@data-kt=\"addButton\"]"}
COMMAND: POST /session/707fd792500738763589addbb724467c/elements - {"using":"xpath","value":"//button[@data-kt=\"addButton\"]"}
RESULT: {"using":"xpath","value":"//button[@data-kt=\"addButton\"]"}
COMMAND: POST /session/707fd792500738763589addbb724467c/elements - {"using":"xpath","value":"//button[@data-kt=\"addButton\"]"}
RESULT: {"using":"xpath","value":"//button[@data-kt=\"addButton\"]"}
COMMAND: POST /session/707fd792500738763589addbb724467c/elements - {"using":"xpath","value":"//button[@data-kt=\"addButton\"]"}
RESULT: {"using":"xpath","value":"//button[@data-kt=\"addButton\"]"}
COMMAND: POST /session/707fd792500738763589addbb724467c/elements - {"using":"xpath","value":"//button[@data-kt=\"addButton\"]"}
RESULT: {"using":"xpath","value":"//button[@data-kt=\"addButton\"]"}
COMMAND: POST /session/707fd792500738763589addbb724467c/elements - {"using":"xpath","value":"//button[@data-kt=\"addButton\"]"}
RESULT: {"using":"xpath","value":"//button[@data-kt=\"addButton\"]"}
COMMAND: POST /session/707fd792500738763589addbb724467c/elements - {"using":"xpath","value":"//button[@data-kt=\"addButton\"]"}
RESULT: {"using":"xpath","value":"//button[@data-kt=\"addButton\"]"}
COMMAND: POST /session/707fd792500738763589addbb724467c/elements - {"using":"xpath","value":"//button[@data-kt=\"addButton\"]"}
RESULT: {"using":"xpath","value":"//button[@data-kt=\"addButton\"]"}
COMMAND: POST /session/707fd792500738763589addbb724467c/elements - {"using":"xpath","value":"//button[@data-kt=\"addButton\"]"}
RESULT: {"using":"xpath","value":"//button[@data-kt=\"addButton\"]"}
COMMAND: POST /session/707fd792500738763589addbb724467c/elements - {"using":"xpath","value":"//button[@data-kt=\"addButton\"]"}
RESULT: {"using":"xpath","value":"//button[@data-kt=\"addButton\"]"}
COMMAND: POST /session/707fd792500738763589addbb724467c/elements - {"using":"xpath","value":"//button[@data-kt=\"addButton\"]"}
RESULT: {"using":"xpath","value":"//button[@data-kt=\"addButton\"]"}
COMMAND: POST /session/707fd792500738763589addbb724467c/elements - {"using":"xpath","value":"//button[@data-kt=\"addButton\"]"}
RESULT: {"using":"xpath","value":"//button[@data-kt=\"addButton\"]"}
COMMAND: POST /session/707fd792500738763589addbb724467c/elements - {"using":"xpath","value":"//button[@data-kt=\"addButton\"]"}
RESULT: {"using":"xpath","value":"//button[@data-kt=\"addButton\"]"}
COMMAND: POST /session/707fd792500738763589addbb724467c/elements - {"using":"xpath","value":"//button[@data-kt=\"addButton\"]"}
RESULT: {"using":"xpath","value":"//button[@data-kt=\"addButton\"]"}
COMMAND: POST /session/707fd792500738763589addbb724467c/elements - {"using":"xpath","value":"//button[@data-kt=\"addButton\"]"}
RESULT: {"using":"xpath","value":"//button[@data-kt=\"addButton\"]"}
COMMAND: POST /session/707fd792500738763589addbb724467c/elements - {"using":"xpath","value":"//button[@data-kt=\"addButton\"]"}
RESULT: {"using":"xpath","value":"//button[@data-kt=\"addButton\"]"}
COMMAND: POST /session/707fd792500738763589addbb724467c/elements - {"using":"xpath","value":"//button[@data-kt=\"addButton\"]"}
RESULT: {"using":"xpath","value":"//button[@data-kt=\"addButton\"]"}
COMMAND: POST /session/707fd792500738763589addbb724467c/elements - {"using":"xpath","value":"//button[@data-kt=\"addButton\"]"}
RESULT: {"using":"xpath","value":"//button[@data-kt=\"addButton\"]"}
COMMAND: POST /session/707fd792500738763589addbb724467c/elements - {"using":"xpath","value":"//button[@data-kt=\"addButton\"]"}
RESULT: {"using":"xpath","value":"//button[@data-kt=\"addButton\"]"}
COMMAND: POST /session/707fd792500738763589addbb724467c/elements - {"using":"xpath","value":"//button[@data-kt=\"addButton\"]"}
RESULT: {"using":"xpath","value":"//button[@data-kt=\"addButton\"]"}
COMMAND: POST /session/707fd792500738763589addbb724467c/elements - {"using":"xpath","value":"//button[@data-kt=\"addButton\"]"}
RESULT: {"using":"xpath","value":"//button[@data-kt=\"addButton\"]"}
COMMAND: POST /session/707fd792500738763589addbb724467c/elements - {"using":"xpath","value":"//button[@data-kt=\"addButton\"]"}
RESULT: {"using":"xpath","value":"//button[@data-kt=\"addButton\"]"}
COMMAND: POST /session/707fd792500738763589addbb724467c/elements - {"using":"xpath","value":"//button[@data-kt=\"addButton\"]"}
RESULT: {"using":"xpath","value":"//button[@data-kt=\"addButton\"]"}
COMMAND: POST /session/707fd792500738763589addbb724467c/elements - {"using":"xpath","value":"//button[@data-kt=\"addButton\"]"}
RESULT: {"using":"xpath","value":"//button[@data-kt=\"addButton\"]"}
COMMAND: POST /session/707fd792500738763589addbb724467c/elements - {"using":"xpath","value":"//button[@data-kt=\"addButton\"]"}
RESULT: {"using":"xpath","value":"//button[@data-kt=\"addButton\"]"}
COMMAND: POST /session/707fd792500738763589addbb724467c/elements - {"using":"xpath","value":"//button[@data-kt=\"addButton\"]"}
RESULT: {"using":"xpath","value":"//button[@data-kt=\"addButton\"]"}
COMMAND: POST /session/707fd792500738763589addbb724467c/elements - {"using":"xpath","value":"//button[@data-kt=\"addButton\"]"}
RESULT: {"using":"xpath","value":"//button[@data-kt=\"addButton\"]"}
COMMAND: POST /session/707fd792500738763589addbb724467c/elements - {"using":"xpath","value":"//button[@data-kt=\"addButton\"]"}
RESULT: {"using":"xpath","value":"//button[@data-kt=\"addButton\"]"}
COMMAND: POST /session/707fd792500738763589addbb724467c/elements - {"using":"xpath","value":"//button[@data-kt=\"addButton\"]"}
RESULT: {"using":"xpath","value":"//button[@data-kt=\"addButton\"]"}
COMMAND: POST /session/707fd792500738763589addbb724467c/elements - {"using":"xpath","value":"//button[@data-kt=\"addButton\"]"}
RESULT: {"using":"xpath","value":"//button[@data-kt=\"addButton\"]"}
COMMAND: POST /session/707fd792500738763589addbb724467c/elements - {"using":"xpath","value":"//button[@data-kt=\"addButton\"]"}
RESULT: {"using":"xpath","value":"//button[@data-kt=\"addButton\"]"}
COMMAND: POST /session/707fd792500738763589addbb724467c/elements - {"using":"xpath","value":"//button[@data-kt=\"addButton\"]"}
RESULT: {"using":"xpath","value":"//button[@data-kt=\"addButton\"]"}
COMMAND: POST /session/707fd792500738763589addbb724467c/elements - {"using":"xpath","value":"//button[@data-kt=\"addButton\"]"}
RESULT: {"using":"xpath","value":"//button[@data-kt=\"addButton\"]"}
COMMAND: POST /session/707fd792500738763589addbb724467c/elements - {"using":"xpath","value":"//button[@data-kt=\"addButton\"]"}
RESULT: {"using":"xpath","value":"//button[@data-kt=\"addButton\"]"}
COMMAND: POST /session/707fd792500738763589addbb724467c/elements - {"using":"xpath","value":"//button[@data-kt=\"addButton\"]"}
RESULT: {"using":"xpath","value":"//button[@data-kt=\"addButton\"]"}
COMMAND: POST /session/707fd792500738763589addbb724467c/elements - {"using":"xpath","value":"//button[@data-kt=\"addButton\"]"}
RESULT: {"using":"xpath","value":"//button[@data-kt=\"addButton\"]"}
COMMAND: POST /session/707fd792500738763589addbb724467c/elements - {"using":"xpath","value":"//button[@data-kt=\"addButton\"]"}
RESULT: {"using":"xpath","value":"//button[@data-kt=\"addButton\"]"}
COMMAND: POST /session/707fd792500738763589addbb724467c/elements - {"using":"xpath","value":"//button[@data-kt=\"addButton\"]"}
RESULT: {"using":"xpath","value":"//button[@data-kt=\"addButton\"]"}
COMMAND: POST /session/707fd792500738763589addbb724467c/elements - {"using":"xpath","value":"//button[@data-kt=\"addButton\"]"}
RESULT: {"using":"xpath","value":"//button[@data-kt=\"addButton\"]"}
COMMAND: POST /session/707fd792500738763589addbb724467c/elements - {"using":"xpath","value":"//button[@data-kt=\"addButton\"]"}
RESULT: {"using":"xpath","value":"//button[@data-kt=\"addButton\"]"}
COMMAND: POST /session/707fd792500738763589addbb724467c/elements - {"using":"xpath","value":"//button[@data-kt=\"addButton\"]"}
RESULT: {"using":"xpath","value":"//button[@data-kt=\"addButton\"]"}
COMMAND: POST /session/707fd792500738763589addbb724467c/elements - {"using":"xpath","value":"//button[@data-kt=\"addButton\"]"}
RESULT: {"using":"xpath","value":"//button[@data-kt=\"addButton\"]"}
COMMAND: POST /session/707fd792500738763589addbb724467c/elements - {"using":"xpath","value":"//button[@data-kt=\"addButton\"]"}
RESULT: {"using":"xpath","value":"//button[@data-kt=\"addButton\"]"}
COMMAND: POST /session/707fd792500738763589addbb724467c/elements - {"using":"xpath","value":"//button[@data-kt=\"addButton\"]"}
RESULT: {"using":"xpath","value":"//button[@data-kt=\"addButton\"]"}
COMMAND: POST /session/707fd792500738763589addbb724467c/elements - {"using":"xpath","value":"//button[@data-kt=\"addButton\"]"}
RESULT: {"using":"xpath","value":"//button[@data-kt=\"addButton\"]"}
COMMAND: POST /session/707fd792500738763589addbb724467c/elements - {"using":"xpath","value":"//button[@data-kt=\"addButton\"]"}
RESULT: {"using":"xpath","value":"//button[@data-kt=\"addButton\"]"}
COMMAND: POST /session/707fd792500738763589addbb724467c/elements - {"using":"xpath","value":"//button[@data-kt=\"addButton\"]"}
RESULT: {"using":"xpath","value":"//button[@data-kt=\"addButton\"]"}
COMMAND: POST /session/707fd792500738763589addbb724467c/elements - {"using":"xpath","value":"//button[@data-kt=\"addButton\"]"}
RESULT: {"using":"xpath","value":"//button[@data-kt=\"addButton\"]"}
COMMAND: POST /session/707fd792500738763589addbb724467c/elements - {"using":"xpath","value":"//button[@data-kt=\"addButton\"]"}
RESULT: {"using":"xpath","value":"//button[@data-kt=\"addButton\"]"}
COMMAND: POST /session/707fd792500738763589addbb724467c/elements - {"using":"xpath","value":"//button[@data-kt=\"addButton\"]"}
RESULT: {"using":"xpath","value":"//button[@data-kt=\"addButton\"]"}
COMMAND: POST /session/707fd792500738763589addbb724467c/elements - {"using":"xpath","value":"//button[@data-kt=\"addButton\"]"}
RESULT: {"using":"xpath","value":"//button[@data-kt=\"addButton\"]"}
COMMAND: POST /session/707fd792500738763589addbb724467c/elements - {"using":"xpath","value":"//button[@data-kt=\"addButton\"]"}
RESULT: {"using":"xpath","value":"//button[@data-kt=\"addButton\"]"}
COMMAND: POST /session/707fd792500738763589addbb724467c/elements - {"using":"xpath","value":"//button[@data-kt=\"addButton\"]"}
RESULT: {"using":"xpath","value":"//button[@data-kt=\"addButton\"]"}
COMMAND: POST /session/707fd792500738763589addbb724467c/elements - {"using":"xpath","value":"//button[@data-kt=\"addButton\"]"}
RESULT: {"using":"xpath","value":"//button[@data-kt=\"addButton\"]"}
COMMAND: POST /session/707fd792500738763589addbb724467c/elements - {"using":"xpath","value":"//button[@data-kt=\"addButton\"]"}
RESULT: {"using":"xpath","value":"//button[@data-kt=\"addButton\"]"}
COMMAND: POST /session/707fd792500738763589addbb724467c/elements - {"using":"xpath","value":"//button[@data-kt=\"addButton\"]"}
RESULT: {"using":"xpath","value":"//button[@data-kt=\"addButton\"]"}
COMMAND: POST /session/707fd792500738763589addbb724467c/elements - {"using":"xpath","value":"//button[@data-kt=\"addButton\"]"}
RESULT: {"using":"xpath","value":"//button[@data-kt=\"addButton\"]"}
COMMAND: POST /session/707fd792500738763589addbb724467c/elements - {"using":"xpath","value":"//button[@data-kt=\"addButton\"]"}
RESULT: {"using":"xpath","value":"//button[@data-kt=\"addButton\"]"}
COMMAND: POST /session/707fd792500738763589addbb724467c/elements - {"using":"xpath","value":"//button[@data-kt=\"addButton\"]"}
RESULT: {"using":"xpath","value":"//button[@data-kt=\"addButton\"]"}
COMMAND: POST /session/707fd792500738763589addbb724467c/elements - {"using":"xpath","value":"//button[@data-kt=\"addButton\"]"}
RESULT: {"using":"xpath","value":"//button[@data-kt=\"addButton\"]"}
COMMAND: POST /session/707fd792500738763589addbb724467c/elements - {"using":"xpath","value":"//button[@data-kt=\"addButton\"]"}
RESULT: {"using":"xpath","value":"//button[@data-kt=\"addButton\"]"}
COMMAND: POST /session/707fd792500738763589addbb724467c/elements - {"using":"xpath","value":"//button[@data-kt=\"addButton\"]"}
RESULT: {"using":"xpath","value":"//button[@data-kt=\"addButton\"]"}
COMMAND: POST /session/707fd792500738763589addbb724467c/elements - {"using":"xpath","value":"//button[@data-kt=\"addButton\"]"}
RESULT: {"using":"xpath","value":"//button[@data-kt=\"addButton\"]"}
COMMAND: POST /session/707fd792500738763589addbb724467c/elements - {"using":"xpath","value":"//button[@data-kt=\"addButton\"]"}
RESULT: {"using":"xpath","value":"//button[@data-kt=\"addButton\"]"}
COMMAND: POST /session/707fd792500738763589addbb724467c/elements - {"using":"xpath","value":"//button[@data-kt=\"addButton\"]"}
RESULT: {"using":"xpath","value":"//button[@data-kt=\"addButton\"]"}
COMMAND: POST /session/707fd792500738763589addbb724467c/elements - {"using":"xpath","value":"//button[@data-kt=\"addButton\"]"}
RESULT: {"using":"xpath","value":"//button[@data-kt=\"addButton\"]"}
COMMAND: POST /session/707fd792500738763589addbb724467c/elements - {"using":"xpath","value":"//button[@data-kt=\"addButton\"]"}
RESULT: {"using":"xpath","value":"//button[@data-kt=\"addButton\"]"}
COMMAND: POST /session/707fd792500738763589addbb724467c/elements - {"using":"xpath","value":"//button[@data-kt=\"addButton\"]"}
RESULT: {"using":"xpath","value":"//button[@data-kt=\"addButton\"]"}
COMMAND: POST /session/707fd792500738763589addbb724467c/elements - {"using":"xpath","value":"//button[@data-kt=\"addButton\"]"}
RESULT: {"using":"xpath","value":"//button[@data-kt=\"addButton\"]"}
COMMAND: POST /session/707fd792500738763589addbb724467c/elements - {"using":"xpath","value":"//button[@data-kt=\"addButton\"]"}
RESULT: {"using":"xpath","value":"//button[@data-kt=\"addButton\"]"}
COMMAND: POST /session/707fd792500738763589addbb724467c/elements - {"using":"xpath","value":"//button[@data-kt=\"addButton\"]"}
RESULT: {"using":"xpath","value":"//button[@data-kt=\"addButton\"]"}
COMMAND: POST /session/707fd792500738763589addbb724467c/elements - {"using":"xpath","value":"//button[@data-kt=\"addButton\"]"}
RESULT: {"using":"xpath","value":"//button[@data-kt=\"addButton\"]"}
COMMAND: POST /session/707fd792500738763589addbb724467c/elements - {"using":"xpath","value":"//button[@data-kt=\"addButton\"]"}
RESULT: {"using":"xpath","value":"//button[@data-kt=\"addButton\"]"}
COMMAND: POST /session/707fd792500738763589addbb724467c/elements - {"using":"xpath","value":"//button[@data-kt=\"addButton\"]"}
RESULT: {"using":"xpath","value":"//button[@data-kt=\"addButton\"]"}
COMMAND: POST /session/707fd792500738763589addbb724467c/elements - {"using":"xpath","value":"//button[@data-kt=\"addButton\"]"}
RESULT: {"using":"xpath","value":"//button[@data-kt=\"addButton\"]"}
COMMAND: GET /session/707fd792500738763589addbb724467c/screenshot - {}
RESULT: {}
]]></system-out>
      <system-err><![CDATA[
Error: element ("//button[@data-kt="addButton"]") still not existing after 45000ms
    at async UtilsPrerequisites.contractCreation (D:\a\1\s\test\specs\BTS\prerequisites-and-utils-functions.js:1711:9)
    at async Context.<anonymous> (D:\a\1\s\test\specs\HTR\yard-overview-trigger.spec.js:57:44)
]]></system-err>
    </testcase>
    <testcase classname="chrome.136_0_7103_93.windows.Create_masterdata_for_Yard_Overview_-_trigger_provide_US130988" name="Should add created equipment to contract" time="60.372">
      <failure/>
      <error message="Can't call click on element with selector &quot;//button[@data-kt=&quot;contractDetailEditBtnButton&quot;]&quot; because element wasn't found"/>
      <system-out><![CDATA[
COMMAND: POST /session/707fd792500738763589addbb724467c/element - {"using":"xpath","value":"//button[@data-kt=\"contractDetailEditBtnButton\"]"}
COMMAND: GET /session/707fd792500738763589addbb724467c/screenshot - {}
RESULT: {"using":"xpath","value":"//button[@data-kt=\"contractDetailEditBtnButton\"]"}
COMMAND: POST /session/707fd792500738763589addbb724467c/elements - {"using":"xpath","value":"//button[@data-kt=\"contractDetailEditBtnButton\"]"}
RESULT: {}
RESULT: {"using":"xpath","value":"//button[@data-kt=\"contractDetailEditBtnButton\"]"}
COMMAND: POST /session/707fd792500738763589addbb724467c/elements - {"using":"xpath","value":"//button[@data-kt=\"contractDetailEditBtnButton\"]"}
RESULT: {"using":"xpath","value":"//button[@data-kt=\"contractDetailEditBtnButton\"]"}
COMMAND: POST /session/707fd792500738763589addbb724467c/elements - {"using":"xpath","value":"//button[@data-kt=\"contractDetailEditBtnButton\"]"}
RESULT: {"using":"xpath","value":"//button[@data-kt=\"contractDetailEditBtnButton\"]"}
COMMAND: POST /session/707fd792500738763589addbb724467c/elements - {"using":"xpath","value":"//button[@data-kt=\"contractDetailEditBtnButton\"]"}
RESULT: {"using":"xpath","value":"//button[@data-kt=\"contractDetailEditBtnButton\"]"}
COMMAND: POST /session/707fd792500738763589addbb724467c/elements - {"using":"xpath","value":"//button[@data-kt=\"contractDetailEditBtnButton\"]"}
RESULT: {"using":"xpath","value":"//button[@data-kt=\"contractDetailEditBtnButton\"]"}
COMMAND: POST /session/707fd792500738763589addbb724467c/elements - {"using":"xpath","value":"//button[@data-kt=\"contractDetailEditBtnButton\"]"}
RESULT: {"using":"xpath","value":"//button[@data-kt=\"contractDetailEditBtnButton\"]"}
COMMAND: POST /session/707fd792500738763589addbb724467c/elements - {"using":"xpath","value":"//button[@data-kt=\"contractDetailEditBtnButton\"]"}
RESULT: {"using":"xpath","value":"//button[@data-kt=\"contractDetailEditBtnButton\"]"}
COMMAND: POST /session/707fd792500738763589addbb724467c/elements - {"using":"xpath","value":"//button[@data-kt=\"contractDetailEditBtnButton\"]"}
RESULT: {"using":"xpath","value":"//button[@data-kt=\"contractDetailEditBtnButton\"]"}
COMMAND: POST /session/707fd792500738763589addbb724467c/elements - {"using":"xpath","value":"//button[@data-kt=\"contractDetailEditBtnButton\"]"}
RESULT: {"using":"xpath","value":"//button[@data-kt=\"contractDetailEditBtnButton\"]"}
COMMAND: POST /session/707fd792500738763589addbb724467c/elements - {"using":"xpath","value":"//button[@data-kt=\"contractDetailEditBtnButton\"]"}
RESULT: {"using":"xpath","value":"//button[@data-kt=\"contractDetailEditBtnButton\"]"}
COMMAND: POST /session/707fd792500738763589addbb724467c/elements - {"using":"xpath","value":"//button[@data-kt=\"contractDetailEditBtnButton\"]"}
RESULT: {"using":"xpath","value":"//button[@data-kt=\"contractDetailEditBtnButton\"]"}
COMMAND: POST /session/707fd792500738763589addbb724467c/elements - {"using":"xpath","value":"//button[@data-kt=\"contractDetailEditBtnButton\"]"}
RESULT: {"using":"xpath","value":"//button[@data-kt=\"contractDetailEditBtnButton\"]"}
COMMAND: POST /session/707fd792500738763589addbb724467c/elements - {"using":"xpath","value":"//button[@data-kt=\"contractDetailEditBtnButton\"]"}
RESULT: {"using":"xpath","value":"//button[@data-kt=\"contractDetailEditBtnButton\"]"}
COMMAND: POST /session/707fd792500738763589addbb724467c/elements - {"using":"xpath","value":"//button[@data-kt=\"contractDetailEditBtnButton\"]"}
RESULT: {"using":"xpath","value":"//button[@data-kt=\"contractDetailEditBtnButton\"]"}
COMMAND: POST /session/707fd792500738763589addbb724467c/elements - {"using":"xpath","value":"//button[@data-kt=\"contractDetailEditBtnButton\"]"}
RESULT: {"using":"xpath","value":"//button[@data-kt=\"contractDetailEditBtnButton\"]"}
COMMAND: POST /session/707fd792500738763589addbb724467c/elements - {"using":"xpath","value":"//button[@data-kt=\"contractDetailEditBtnButton\"]"}
RESULT: {"using":"xpath","value":"//button[@data-kt=\"contractDetailEditBtnButton\"]"}
COMMAND: POST /session/707fd792500738763589addbb724467c/elements - {"using":"xpath","value":"//button[@data-kt=\"contractDetailEditBtnButton\"]"}
RESULT: {"using":"xpath","value":"//button[@data-kt=\"contractDetailEditBtnButton\"]"}
COMMAND: POST /session/707fd792500738763589addbb724467c/elements - {"using":"xpath","value":"//button[@data-kt=\"contractDetailEditBtnButton\"]"}
RESULT: {"using":"xpath","value":"//button[@data-kt=\"contractDetailEditBtnButton\"]"}
COMMAND: POST /session/707fd792500738763589addbb724467c/elements - {"using":"xpath","value":"//button[@data-kt=\"contractDetailEditBtnButton\"]"}
RESULT: {"using":"xpath","value":"//button[@data-kt=\"contractDetailEditBtnButton\"]"}
COMMAND: POST /session/707fd792500738763589addbb724467c/elements - {"using":"xpath","value":"//button[@data-kt=\"contractDetailEditBtnButton\"]"}
RESULT: {"using":"xpath","value":"//button[@data-kt=\"contractDetailEditBtnButton\"]"}
COMMAND: POST /session/707fd792500738763589addbb724467c/elements - {"using":"xpath","value":"//button[@data-kt=\"contractDetailEditBtnButton\"]"}
RESULT: {"using":"xpath","value":"//button[@data-kt=\"contractDetailEditBtnButton\"]"}
COMMAND: POST /session/707fd792500738763589addbb724467c/elements - {"using":"xpath","value":"//button[@data-kt=\"contractDetailEditBtnButton\"]"}
RESULT: {"using":"xpath","value":"//button[@data-kt=\"contractDetailEditBtnButton\"]"}
COMMAND: POST /session/707fd792500738763589addbb724467c/elements - {"using":"xpath","value":"//button[@data-kt=\"contractDetailEditBtnButton\"]"}
RESULT: {"using":"xpath","value":"//button[@data-kt=\"contractDetailEditBtnButton\"]"}
COMMAND: POST /session/707fd792500738763589addbb724467c/elements - {"using":"xpath","value":"//button[@data-kt=\"contractDetailEditBtnButton\"]"}
RESULT: {"using":"xpath","value":"//button[@data-kt=\"contractDetailEditBtnButton\"]"}
COMMAND: POST /session/707fd792500738763589addbb724467c/elements - {"using":"xpath","value":"//button[@data-kt=\"contractDetailEditBtnButton\"]"}
RESULT: {"using":"xpath","value":"//button[@data-kt=\"contractDetailEditBtnButton\"]"}
COMMAND: POST /session/707fd792500738763589addbb724467c/elements - {"using":"xpath","value":"//button[@data-kt=\"contractDetailEditBtnButton\"]"}
RESULT: {"using":"xpath","value":"//button[@data-kt=\"contractDetailEditBtnButton\"]"}
COMMAND: POST /session/707fd792500738763589addbb724467c/elements - {"using":"xpath","value":"//button[@data-kt=\"contractDetailEditBtnButton\"]"}
RESULT: {"using":"xpath","value":"//button[@data-kt=\"contractDetailEditBtnButton\"]"}
COMMAND: POST /session/707fd792500738763589addbb724467c/elements - {"using":"xpath","value":"//button[@data-kt=\"contractDetailEditBtnButton\"]"}
RESULT: {"using":"xpath","value":"//button[@data-kt=\"contractDetailEditBtnButton\"]"}
COMMAND: POST /session/707fd792500738763589addbb724467c/elements - {"using":"xpath","value":"//button[@data-kt=\"contractDetailEditBtnButton\"]"}
RESULT: {"using":"xpath","value":"//button[@data-kt=\"contractDetailEditBtnButton\"]"}
COMMAND: POST /session/707fd792500738763589addbb724467c/elements - {"using":"xpath","value":"//button[@data-kt=\"contractDetailEditBtnButton\"]"}
RESULT: {"using":"xpath","value":"//button[@data-kt=\"contractDetailEditBtnButton\"]"}
COMMAND: POST /session/707fd792500738763589addbb724467c/elements - {"using":"xpath","value":"//button[@data-kt=\"contractDetailEditBtnButton\"]"}
RESULT: {"using":"xpath","value":"//button[@data-kt=\"contractDetailEditBtnButton\"]"}
COMMAND: POST /session/707fd792500738763589addbb724467c/elements - {"using":"xpath","value":"//button[@data-kt=\"contractDetailEditBtnButton\"]"}
RESULT: {"using":"xpath","value":"//button[@data-kt=\"contractDetailEditBtnButton\"]"}
COMMAND: POST /session/707fd792500738763589addbb724467c/elements - {"using":"xpath","value":"//button[@data-kt=\"contractDetailEditBtnButton\"]"}
RESULT: {"using":"xpath","value":"//button[@data-kt=\"contractDetailEditBtnButton\"]"}
COMMAND: POST /session/707fd792500738763589addbb724467c/elements - {"using":"xpath","value":"//button[@data-kt=\"contractDetailEditBtnButton\"]"}
RESULT: {"using":"xpath","value":"//button[@data-kt=\"contractDetailEditBtnButton\"]"}
COMMAND: POST /session/707fd792500738763589addbb724467c/elements - {"using":"xpath","value":"//button[@data-kt=\"contractDetailEditBtnButton\"]"}
RESULT: {"using":"xpath","value":"//button[@data-kt=\"contractDetailEditBtnButton\"]"}
COMMAND: POST /session/707fd792500738763589addbb724467c/elements - {"using":"xpath","value":"//button[@data-kt=\"contractDetailEditBtnButton\"]"}
RESULT: {"using":"xpath","value":"//button[@data-kt=\"contractDetailEditBtnButton\"]"}
COMMAND: POST /session/707fd792500738763589addbb724467c/elements - {"using":"xpath","value":"//button[@data-kt=\"contractDetailEditBtnButton\"]"}
RESULT: {"using":"xpath","value":"//button[@data-kt=\"contractDetailEditBtnButton\"]"}
COMMAND: POST /session/707fd792500738763589addbb724467c/elements - {"using":"xpath","value":"//button[@data-kt=\"contractDetailEditBtnButton\"]"}
RESULT: {"using":"xpath","value":"//button[@data-kt=\"contractDetailEditBtnButton\"]"}
COMMAND: POST /session/707fd792500738763589addbb724467c/elements - {"using":"xpath","value":"//button[@data-kt=\"contractDetailEditBtnButton\"]"}
RESULT: {"using":"xpath","value":"//button[@data-kt=\"contractDetailEditBtnButton\"]"}
COMMAND: POST /session/707fd792500738763589addbb724467c/elements - {"using":"xpath","value":"//button[@data-kt=\"contractDetailEditBtnButton\"]"}
RESULT: {"using":"xpath","value":"//button[@data-kt=\"contractDetailEditBtnButton\"]"}
COMMAND: POST /session/707fd792500738763589addbb724467c/elements - {"using":"xpath","value":"//button[@data-kt=\"contractDetailEditBtnButton\"]"}
RESULT: {"using":"xpath","value":"//button[@data-kt=\"contractDetailEditBtnButton\"]"}
COMMAND: POST /session/707fd792500738763589addbb724467c/elements - {"using":"xpath","value":"//button[@data-kt=\"contractDetailEditBtnButton\"]"}
RESULT: {"using":"xpath","value":"//button[@data-kt=\"contractDetailEditBtnButton\"]"}
COMMAND: POST /session/707fd792500738763589addbb724467c/elements - {"using":"xpath","value":"//button[@data-kt=\"contractDetailEditBtnButton\"]"}
RESULT: {"using":"xpath","value":"//button[@data-kt=\"contractDetailEditBtnButton\"]"}
COMMAND: POST /session/707fd792500738763589addbb724467c/elements - {"using":"xpath","value":"//button[@data-kt=\"contractDetailEditBtnButton\"]"}
RESULT: {"using":"xpath","value":"//button[@data-kt=\"contractDetailEditBtnButton\"]"}
COMMAND: POST /session/707fd792500738763589addbb724467c/elements - {"using":"xpath","value":"//button[@data-kt=\"contractDetailEditBtnButton\"]"}
RESULT: {"using":"xpath","value":"//button[@data-kt=\"contractDetailEditBtnButton\"]"}
COMMAND: POST /session/707fd792500738763589addbb724467c/elements - {"using":"xpath","value":"//button[@data-kt=\"contractDetailEditBtnButton\"]"}
RESULT: {"using":"xpath","value":"//button[@data-kt=\"contractDetailEditBtnButton\"]"}
COMMAND: POST /session/707fd792500738763589addbb724467c/elements - {"using":"xpath","value":"//button[@data-kt=\"contractDetailEditBtnButton\"]"}
RESULT: {"using":"xpath","value":"//button[@data-kt=\"contractDetailEditBtnButton\"]"}
COMMAND: POST /session/707fd792500738763589addbb724467c/elements - {"using":"xpath","value":"//button[@data-kt=\"contractDetailEditBtnButton\"]"}
RESULT: {"using":"xpath","value":"//button[@data-kt=\"contractDetailEditBtnButton\"]"}
COMMAND: POST /session/707fd792500738763589addbb724467c/elements - {"using":"xpath","value":"//button[@data-kt=\"contractDetailEditBtnButton\"]"}
RESULT: {"using":"xpath","value":"//button[@data-kt=\"contractDetailEditBtnButton\"]"}
COMMAND: POST /session/707fd792500738763589addbb724467c/elements - {"using":"xpath","value":"//button[@data-kt=\"contractDetailEditBtnButton\"]"}
RESULT: {"using":"xpath","value":"//button[@data-kt=\"contractDetailEditBtnButton\"]"}
COMMAND: POST /session/707fd792500738763589addbb724467c/elements - {"using":"xpath","value":"//button[@data-kt=\"contractDetailEditBtnButton\"]"}
RESULT: {"using":"xpath","value":"//button[@data-kt=\"contractDetailEditBtnButton\"]"}
COMMAND: POST /session/707fd792500738763589addbb724467c/elements - {"using":"xpath","value":"//button[@data-kt=\"contractDetailEditBtnButton\"]"}
RESULT: {"using":"xpath","value":"//button[@data-kt=\"contractDetailEditBtnButton\"]"}
COMMAND: POST /session/707fd792500738763589addbb724467c/elements - {"using":"xpath","value":"//button[@data-kt=\"contractDetailEditBtnButton\"]"}
RESULT: {"using":"xpath","value":"//button[@data-kt=\"contractDetailEditBtnButton\"]"}
COMMAND: POST /session/707fd792500738763589addbb724467c/elements - {"using":"xpath","value":"//button[@data-kt=\"contractDetailEditBtnButton\"]"}
RESULT: {"using":"xpath","value":"//button[@data-kt=\"contractDetailEditBtnButton\"]"}
COMMAND: POST /session/707fd792500738763589addbb724467c/elements - {"using":"xpath","value":"//button[@data-kt=\"contractDetailEditBtnButton\"]"}
RESULT: {"using":"xpath","value":"//button[@data-kt=\"contractDetailEditBtnButton\"]"}
COMMAND: POST /session/707fd792500738763589addbb724467c/elements - {"using":"xpath","value":"//button[@data-kt=\"contractDetailEditBtnButton\"]"}
RESULT: {"using":"xpath","value":"//button[@data-kt=\"contractDetailEditBtnButton\"]"}
COMMAND: POST /session/707fd792500738763589addbb724467c/elements - {"using":"xpath","value":"//button[@data-kt=\"contractDetailEditBtnButton\"]"}
RESULT: {"using":"xpath","value":"//button[@data-kt=\"contractDetailEditBtnButton\"]"}
COMMAND: POST /session/707fd792500738763589addbb724467c/elements - {"using":"xpath","value":"//button[@data-kt=\"contractDetailEditBtnButton\"]"}
RESULT: {"using":"xpath","value":"//button[@data-kt=\"contractDetailEditBtnButton\"]"}
COMMAND: POST /session/707fd792500738763589addbb724467c/elements - {"using":"xpath","value":"//button[@data-kt=\"contractDetailEditBtnButton\"]"}
RESULT: {"using":"xpath","value":"//button[@data-kt=\"contractDetailEditBtnButton\"]"}
COMMAND: POST /session/707fd792500738763589addbb724467c/elements - {"using":"xpath","value":"//button[@data-kt=\"contractDetailEditBtnButton\"]"}
RESULT: {"using":"xpath","value":"//button[@data-kt=\"contractDetailEditBtnButton\"]"}
COMMAND: POST /session/707fd792500738763589addbb724467c/elements - {"using":"xpath","value":"//button[@data-kt=\"contractDetailEditBtnButton\"]"}
RESULT: {"using":"xpath","value":"//button[@data-kt=\"contractDetailEditBtnButton\"]"}
COMMAND: POST /session/707fd792500738763589addbb724467c/elements - {"using":"xpath","value":"//button[@data-kt=\"contractDetailEditBtnButton\"]"}
RESULT: {"using":"xpath","value":"//button[@data-kt=\"contractDetailEditBtnButton\"]"}
COMMAND: POST /session/707fd792500738763589addbb724467c/elements - {"using":"xpath","value":"//button[@data-kt=\"contractDetailEditBtnButton\"]"}
RESULT: {"using":"xpath","value":"//button[@data-kt=\"contractDetailEditBtnButton\"]"}
COMMAND: POST /session/707fd792500738763589addbb724467c/elements - {"using":"xpath","value":"//button[@data-kt=\"contractDetailEditBtnButton\"]"}
RESULT: {"using":"xpath","value":"//button[@data-kt=\"contractDetailEditBtnButton\"]"}
COMMAND: POST /session/707fd792500738763589addbb724467c/elements - {"using":"xpath","value":"//button[@data-kt=\"contractDetailEditBtnButton\"]"}
RESULT: {"using":"xpath","value":"//button[@data-kt=\"contractDetailEditBtnButton\"]"}
COMMAND: POST /session/707fd792500738763589addbb724467c/elements - {"using":"xpath","value":"//button[@data-kt=\"contractDetailEditBtnButton\"]"}
RESULT: {"using":"xpath","value":"//button[@data-kt=\"contractDetailEditBtnButton\"]"}
COMMAND: POST /session/707fd792500738763589addbb724467c/elements - {"using":"xpath","value":"//button[@data-kt=\"contractDetailEditBtnButton\"]"}
RESULT: {"using":"xpath","value":"//button[@data-kt=\"contractDetailEditBtnButton\"]"}
COMMAND: POST /session/707fd792500738763589addbb724467c/elements - {"using":"xpath","value":"//button[@data-kt=\"contractDetailEditBtnButton\"]"}
RESULT: {"using":"xpath","value":"//button[@data-kt=\"contractDetailEditBtnButton\"]"}
COMMAND: POST /session/707fd792500738763589addbb724467c/elements - {"using":"xpath","value":"//button[@data-kt=\"contractDetailEditBtnButton\"]"}
RESULT: {"using":"xpath","value":"//button[@data-kt=\"contractDetailEditBtnButton\"]"}
COMMAND: POST /session/707fd792500738763589addbb724467c/elements - {"using":"xpath","value":"//button[@data-kt=\"contractDetailEditBtnButton\"]"}
RESULT: {"using":"xpath","value":"//button[@data-kt=\"contractDetailEditBtnButton\"]"}
COMMAND: POST /session/707fd792500738763589addbb724467c/elements - {"using":"xpath","value":"//button[@data-kt=\"contractDetailEditBtnButton\"]"}
RESULT: {"using":"xpath","value":"//button[@data-kt=\"contractDetailEditBtnButton\"]"}
COMMAND: POST /session/707fd792500738763589addbb724467c/elements - {"using":"xpath","value":"//button[@data-kt=\"contractDetailEditBtnButton\"]"}
RESULT: {"using":"xpath","value":"//button[@data-kt=\"contractDetailEditBtnButton\"]"}
COMMAND: POST /session/707fd792500738763589addbb724467c/elements - {"using":"xpath","value":"//button[@data-kt=\"contractDetailEditBtnButton\"]"}
RESULT: {"using":"xpath","value":"//button[@data-kt=\"contractDetailEditBtnButton\"]"}
COMMAND: POST /session/707fd792500738763589addbb724467c/elements - {"using":"xpath","value":"//button[@data-kt=\"contractDetailEditBtnButton\"]"}
RESULT: {"using":"xpath","value":"//button[@data-kt=\"contractDetailEditBtnButton\"]"}
COMMAND: POST /session/707fd792500738763589addbb724467c/elements - {"using":"xpath","value":"//button[@data-kt=\"contractDetailEditBtnButton\"]"}
RESULT: {"using":"xpath","value":"//button[@data-kt=\"contractDetailEditBtnButton\"]"}
COMMAND: POST /session/707fd792500738763589addbb724467c/elements - {"using":"xpath","value":"//button[@data-kt=\"contractDetailEditBtnButton\"]"}
RESULT: {"using":"xpath","value":"//button[@data-kt=\"contractDetailEditBtnButton\"]"}
COMMAND: POST /session/707fd792500738763589addbb724467c/elements - {"using":"xpath","value":"//button[@data-kt=\"contractDetailEditBtnButton\"]"}
RESULT: {"using":"xpath","value":"//button[@data-kt=\"contractDetailEditBtnButton\"]"}
COMMAND: POST /session/707fd792500738763589addbb724467c/elements - {"using":"xpath","value":"//button[@data-kt=\"contractDetailEditBtnButton\"]"}
RESULT: {"using":"xpath","value":"//button[@data-kt=\"contractDetailEditBtnButton\"]"}
COMMAND: POST /session/707fd792500738763589addbb724467c/elements - {"using":"xpath","value":"//button[@data-kt=\"contractDetailEditBtnButton\"]"}
RESULT: {"using":"xpath","value":"//button[@data-kt=\"contractDetailEditBtnButton\"]"}
COMMAND: POST /session/707fd792500738763589addbb724467c/elements - {"using":"xpath","value":"//button[@data-kt=\"contractDetailEditBtnButton\"]"}
RESULT: {"using":"xpath","value":"//button[@data-kt=\"contractDetailEditBtnButton\"]"}
COMMAND: POST /session/707fd792500738763589addbb724467c/elements - {"using":"xpath","value":"//button[@data-kt=\"contractDetailEditBtnButton\"]"}
RESULT: {"using":"xpath","value":"//button[@data-kt=\"contractDetailEditBtnButton\"]"}
COMMAND: POST /session/707fd792500738763589addbb724467c/elements - {"using":"xpath","value":"//button[@data-kt=\"contractDetailEditBtnButton\"]"}
RESULT: {"using":"xpath","value":"//button[@data-kt=\"contractDetailEditBtnButton\"]"}
COMMAND: POST /session/707fd792500738763589addbb724467c/elements - {"using":"xpath","value":"//button[@data-kt=\"contractDetailEditBtnButton\"]"}
RESULT: {"using":"xpath","value":"//button[@data-kt=\"contractDetailEditBtnButton\"]"}
COMMAND: POST /session/707fd792500738763589addbb724467c/elements - {"using":"xpath","value":"//button[@data-kt=\"contractDetailEditBtnButton\"]"}
RESULT: {"using":"xpath","value":"//button[@data-kt=\"contractDetailEditBtnButton\"]"}
COMMAND: POST /session/707fd792500738763589addbb724467c/elements - {"using":"xpath","value":"//button[@data-kt=\"contractDetailEditBtnButton\"]"}
RESULT: {"using":"xpath","value":"//button[@data-kt=\"contractDetailEditBtnButton\"]"}
COMMAND: POST /session/707fd792500738763589addbb724467c/elements - {"using":"xpath","value":"//button[@data-kt=\"contractDetailEditBtnButton\"]"}
RESULT: {"using":"xpath","value":"//button[@data-kt=\"contractDetailEditBtnButton\"]"}
COMMAND: POST /session/707fd792500738763589addbb724467c/elements - {"using":"xpath","value":"//button[@data-kt=\"contractDetailEditBtnButton\"]"}
RESULT: {"using":"xpath","value":"//button[@data-kt=\"contractDetailEditBtnButton\"]"}
COMMAND: POST /session/707fd792500738763589addbb724467c/elements - {"using":"xpath","value":"//button[@data-kt=\"contractDetailEditBtnButton\"]"}
RESULT: {"using":"xpath","value":"//button[@data-kt=\"contractDetailEditBtnButton\"]"}
COMMAND: POST /session/707fd792500738763589addbb724467c/elements - {"using":"xpath","value":"//button[@data-kt=\"contractDetailEditBtnButton\"]"}
RESULT: {"using":"xpath","value":"//button[@data-kt=\"contractDetailEditBtnButton\"]"}
COMMAND: POST /session/707fd792500738763589addbb724467c/elements - {"using":"xpath","value":"//button[@data-kt=\"contractDetailEditBtnButton\"]"}
RESULT: {"using":"xpath","value":"//button[@data-kt=\"contractDetailEditBtnButton\"]"}
COMMAND: POST /session/707fd792500738763589addbb724467c/elements - {"using":"xpath","value":"//button[@data-kt=\"contractDetailEditBtnButton\"]"}
RESULT: {"using":"xpath","value":"//button[@data-kt=\"contractDetailEditBtnButton\"]"}
COMMAND: POST /session/707fd792500738763589addbb724467c/elements - {"using":"xpath","value":"//button[@data-kt=\"contractDetailEditBtnButton\"]"}
RESULT: {"using":"xpath","value":"//button[@data-kt=\"contractDetailEditBtnButton\"]"}
COMMAND: POST /session/707fd792500738763589addbb724467c/elements - {"using":"xpath","value":"//button[@data-kt=\"contractDetailEditBtnButton\"]"}
RESULT: {"using":"xpath","value":"//button[@data-kt=\"contractDetailEditBtnButton\"]"}
COMMAND: POST /session/707fd792500738763589addbb724467c/elements - {"using":"xpath","value":"//button[@data-kt=\"contractDetailEditBtnButton\"]"}
RESULT: {"using":"xpath","value":"//button[@data-kt=\"contractDetailEditBtnButton\"]"}
COMMAND: POST /session/707fd792500738763589addbb724467c/elements - {"using":"xpath","value":"//button[@data-kt=\"contractDetailEditBtnButton\"]"}
RESULT: {"using":"xpath","value":"//button[@data-kt=\"contractDetailEditBtnButton\"]"}
COMMAND: POST /session/707fd792500738763589addbb724467c/elements - {"using":"xpath","value":"//button[@data-kt=\"contractDetailEditBtnButton\"]"}
RESULT: {"using":"xpath","value":"//button[@data-kt=\"contractDetailEditBtnButton\"]"}
COMMAND: POST /session/707fd792500738763589addbb724467c/elements - {"using":"xpath","value":"//button[@data-kt=\"contractDetailEditBtnButton\"]"}
RESULT: {"using":"xpath","value":"//button[@data-kt=\"contractDetailEditBtnButton\"]"}
COMMAND: POST /session/707fd792500738763589addbb724467c/elements - {"using":"xpath","value":"//button[@data-kt=\"contractDetailEditBtnButton\"]"}
RESULT: {"using":"xpath","value":"//button[@data-kt=\"contractDetailEditBtnButton\"]"}
COMMAND: POST /session/707fd792500738763589addbb724467c/elements - {"using":"xpath","value":"//button[@data-kt=\"contractDetailEditBtnButton\"]"}
RESULT: {"using":"xpath","value":"//button[@data-kt=\"contractDetailEditBtnButton\"]"}
COMMAND: POST /session/707fd792500738763589addbb724467c/elements - {"using":"xpath","value":"//button[@data-kt=\"contractDetailEditBtnButton\"]"}
RESULT: {"using":"xpath","value":"//button[@data-kt=\"contractDetailEditBtnButton\"]"}
COMMAND: POST /session/707fd792500738763589addbb724467c/elements - {"using":"xpath","value":"//button[@data-kt=\"contractDetailEditBtnButton\"]"}
RESULT: {"using":"xpath","value":"//button[@data-kt=\"contractDetailEditBtnButton\"]"}
COMMAND: POST /session/707fd792500738763589addbb724467c/elements - {"using":"xpath","value":"//button[@data-kt=\"contractDetailEditBtnButton\"]"}
RESULT: {"using":"xpath","value":"//button[@data-kt=\"contractDetailEditBtnButton\"]"}
COMMAND: POST /session/707fd792500738763589addbb724467c/elements - {"using":"xpath","value":"//button[@data-kt=\"contractDetailEditBtnButton\"]"}
RESULT: {"using":"xpath","value":"//button[@data-kt=\"contractDetailEditBtnButton\"]"}
COMMAND: POST /session/707fd792500738763589addbb724467c/elements - {"using":"xpath","value":"//button[@data-kt=\"contractDetailEditBtnButton\"]"}
RESULT: {"using":"xpath","value":"//button[@data-kt=\"contractDetailEditBtnButton\"]"}
COMMAND: POST /session/707fd792500738763589addbb724467c/elements - {"using":"xpath","value":"//button[@data-kt=\"contractDetailEditBtnButton\"]"}
RESULT: {"using":"xpath","value":"//button[@data-kt=\"contractDetailEditBtnButton\"]"}
COMMAND: POST /session/707fd792500738763589addbb724467c/elements - {"using":"xpath","value":"//button[@data-kt=\"contractDetailEditBtnButton\"]"}
RESULT: {"using":"xpath","value":"//button[@data-kt=\"contractDetailEditBtnButton\"]"}
COMMAND: POST /session/707fd792500738763589addbb724467c/elements - {"using":"xpath","value":"//button[@data-kt=\"contractDetailEditBtnButton\"]"}
RESULT: {"using":"xpath","value":"//button[@data-kt=\"contractDetailEditBtnButton\"]"}
COMMAND: POST /session/707fd792500738763589addbb724467c/elements - {"using":"xpath","value":"//button[@data-kt=\"contractDetailEditBtnButton\"]"}
RESULT: {"using":"xpath","value":"//button[@data-kt=\"contractDetailEditBtnButton\"]"}
COMMAND: POST /session/707fd792500738763589addbb724467c/elements - {"using":"xpath","value":"//button[@data-kt=\"contractDetailEditBtnButton\"]"}
RESULT: {"using":"xpath","value":"//button[@data-kt=\"contractDetailEditBtnButton\"]"}
COMMAND: POST /session/707fd792500738763589addbb724467c/elements - {"using":"xpath","value":"//button[@data-kt=\"contractDetailEditBtnButton\"]"}
RESULT: {"using":"xpath","value":"//button[@data-kt=\"contractDetailEditBtnButton\"]"}
COMMAND: POST /session/707fd792500738763589addbb724467c/elements - {"using":"xpath","value":"//button[@data-kt=\"contractDetailEditBtnButton\"]"}
RESULT: {"using":"xpath","value":"//button[@data-kt=\"contractDetailEditBtnButton\"]"}
COMMAND: POST /session/707fd792500738763589addbb724467c/elements - {"using":"xpath","value":"//button[@data-kt=\"contractDetailEditBtnButton\"]"}
RESULT: {"using":"xpath","value":"//button[@data-kt=\"contractDetailEditBtnButton\"]"}
COMMAND: POST /session/707fd792500738763589addbb724467c/elements - {"using":"xpath","value":"//button[@data-kt=\"contractDetailEditBtnButton\"]"}
RESULT: {"using":"xpath","value":"//button[@data-kt=\"contractDetailEditBtnButton\"]"}
COMMAND: POST /session/707fd792500738763589addbb724467c/elements - {"using":"xpath","value":"//button[@data-kt=\"contractDetailEditBtnButton\"]"}
RESULT: {"using":"xpath","value":"//button[@data-kt=\"contractDetailEditBtnButton\"]"}
COMMAND: POST /session/707fd792500738763589addbb724467c/elements - {"using":"xpath","value":"//button[@data-kt=\"contractDetailEditBtnButton\"]"}
RESULT: {"using":"xpath","value":"//button[@data-kt=\"contractDetailEditBtnButton\"]"}
COMMAND: POST /session/707fd792500738763589addbb724467c/elements - {"using":"xpath","value":"//button[@data-kt=\"contractDetailEditBtnButton\"]"}
RESULT: {"using":"xpath","value":"//button[@data-kt=\"contractDetailEditBtnButton\"]"}
COMMAND: POST /session/707fd792500738763589addbb724467c/elements - {"using":"xpath","value":"//button[@data-kt=\"contractDetailEditBtnButton\"]"}
RESULT: {"using":"xpath","value":"//button[@data-kt=\"contractDetailEditBtnButton\"]"}
COMMAND: POST /session/707fd792500738763589addbb724467c/elements - {"using":"xpath","value":"//button[@data-kt=\"contractDetailEditBtnButton\"]"}
RESULT: {"using":"xpath","value":"//button[@data-kt=\"contractDetailEditBtnButton\"]"}
COMMAND: POST /session/707fd792500738763589addbb724467c/elements - {"using":"xpath","value":"//button[@data-kt=\"contractDetailEditBtnButton\"]"}
RESULT: {"using":"xpath","value":"//button[@data-kt=\"contractDetailEditBtnButton\"]"}
COMMAND: POST /session/707fd792500738763589addbb724467c/elements - {"using":"xpath","value":"//button[@data-kt=\"contractDetailEditBtnButton\"]"}
RESULT: {"using":"xpath","value":"//button[@data-kt=\"contractDetailEditBtnButton\"]"}
COMMAND: POST /session/707fd792500738763589addbb724467c/elements - {"using":"xpath","value":"//button[@data-kt=\"contractDetailEditBtnButton\"]"}
COMMAND: GET /session/707fd792500738763589addbb724467c/screenshot - {}
RESULT: {"using":"xpath","value":"//button[@data-kt=\"contractDetailEditBtnButton\"]"}
RESULT: {}
]]></system-out>
      <system-err><![CDATA[
Error: Can't call click on element with selector "//button[@data-kt="contractDetailEditBtnButton"]" because element wasn't found
    at async UtilsPrerequisites.addItemToContract (D:\a\1\s\test\specs\BTS\prerequisites-and-utils-functions.js:1822:9)
    at async Context.<anonymous> (D:\a\1\s\test\specs\HTR\yard-overview-trigger.spec.js:61:9)
]]></system-err>
    </testcase>
    <testcase classname="chrome.136_0_7103_93.windows.Create_masterdata_for_Yard_Overview_-_trigger_provide_US130988" name="Navigate to Yard overview and provide the RU" time="32.103">
      <failure/>
      <error message="Search for yard in yard overview failed for our ID!"/>
      <system-out><![CDATA[
COMMAND: GET /session/707fd792500738763589addbb724467c/screenshot - {}
COMMAND: POST /session/707fd792500738763589addbb724467c/execute/async - {"script":"<script> [1562 bytes]","args":[{"selector":{"controlType":"sap.m.GenericTile","properties":{"header":"Yard Overview"}},"wdio_ui5_key":"sapm.GenericTile{\"header\":\"Yard Overview\"}"}]}
RESULT: {"script":"<script> [1562 bytes]","args":[{"selector":{"controlType":"sap.m.GenericTile","properties":{"header":"Yard Overview"}},"wdio_ui5_key":"sapm.GenericTile{\"header\":\"Yard Overview\"}"}]}
RESULT: undefined
RESULT: {}
COMMAND: POST /session/707fd792500738763589addbb724467c/elements - {"using":"xpath","value":"//span[text()='Error']"}
RESULT: {"using":"xpath","value":"//span[text()='Error']"}
COMMAND: POST /session/707fd792500738763589addbb724467c/element - {"using":"xpath","value":"//input[contains(@id,\"smartFilterBar-btnBasicSearch-I\")]"}
RESULT: {"using":"xpath","value":"//input[contains(@id,\"smartFilterBar-btnBasicSearch-I\")]"}
COMMAND: POST /session/707fd792500738763589addbb724467c/elements - {"using":"xpath","value":"//input[contains(@id,\"smartFilterBar-btnBasicSearch-I\")]"}
RESULT: {"using":"xpath","value":"//input[contains(@id,\"smartFilterBar-btnBasicSearch-I\")]"}
COMMAND: POST /session/707fd792500738763589addbb724467c/execute/sync - {"script":"<script> [8489 bytes]","args":[{"element-6066-11e4-a52e-4f735466cecf":"f.EAD07CEE226E3AF466CD8E35709995F4.d.4C21AD80F06BDC6EA603A455A242B31E.e.3016","ELEMENT":"f.EAD07CEE226E3AF466CD8E35709995F4.d.4C21AD80F06BDC6EA603A455A242B31E.e.3016"}]}
RESULT: {"script":"<script> [8489 bytes]","args":[{"element-6066-11e4-a52e-4f735466cecf":"f.EAD07CEE226E3AF466CD8E35709995F4.d.4C21AD80F06BDC6EA603A455A242B31E.e.3016","ELEMENT":"f.EAD07CEE226E3AF466CD8E35709995F4.d.4C21AD80F06BDC6EA603A455A242B31E.e.3016"}]}
COMMAND: GET /session/707fd792500738763589addbb724467c/element/f.EAD07CEE226E3AF466CD8E35709995F4.d.4C21AD80F06BDC6EA603A455A242B31E.e.3016/enabled - {}
COMMAND: GET /session/707fd792500738763589addbb724467c/screenshot - {}
RESULT: {}
COMMAND: POST /session/707fd792500738763589addbb724467c/execute/sync - {"script":"<script> [8489 bytes]","args":[{"element-6066-11e4-a52e-4f735466cecf":"f.EAD07CEE226E3AF466CD8E35709995F4.d.4C21AD80F06BDC6EA603A455A242B31E.e.3016","ELEMENT":"f.EAD07CEE226E3AF466CD8E35709995F4.d.4C21AD80F06BDC6EA603A455A242B31E.e.3016"}]}
COMMAND: GET /session/707fd792500738763589addbb724467c/screenshot - {}
RESULT: {}
RESULT: {"script":"<script> [8489 bytes]","args":[{"element-6066-11e4-a52e-4f735466cecf":"f.EAD07CEE226E3AF466CD8E35709995F4.d.4C21AD80F06BDC6EA603A455A242B31E.e.3016","ELEMENT":"f.EAD07CEE226E3AF466CD8E35709995F4.d.4C21AD80F06BDC6EA603A455A242B31E.e.3016"}]}
COMMAND: POST /session/707fd792500738763589addbb724467c/execute/sync - {"script":"<script> [5351 bytes]","args":[{"element-6066-11e4-a52e-4f735466cecf":"f.EAD07CEE226E3AF466CD8E35709995F4.d.4C21AD80F06BDC6EA603A455A242B31E.e.3016","ELEMENT":"f.EAD07CEE226E3AF466CD8E35709995F4.d.4C21AD80F06BDC6EA603A455A242B31E.e.3016"}]}
COMMAND: GET /session/707fd792500738763589addbb724467c/screenshot - {}
RESULT: {}
RESULT: {"script":"<script> [5351 bytes]","args":[{"element-6066-11e4-a52e-4f735466cecf":"f.EAD07CEE226E3AF466CD8E35709995F4.d.4C21AD80F06BDC6EA603A455A242B31E.e.3016","ELEMENT":"f.EAD07CEE226E3AF466CD8E35709995F4.d.4C21AD80F06BDC6EA603A455A242B31E.e.3016"}]}
COMMAND: GET /session/707fd792500738763589addbb724467c/screenshot - {}
RESULT: {}
RESULT: {}
COMMAND: POST /session/707fd792500738763589addbb724467c/element/f.EAD07CEE226E3AF466CD8E35709995F4.d.4C21AD80F06BDC6EA603A455A242B31E.e.3016/clear - {}
RESULT: {}
COMMAND: POST /session/707fd792500738763589addbb724467c/element/f.EAD07CEE226E3AF466CD8E35709995F4.d.4C21AD80F06BDC6EA603A455A242B31E.e.3016/value - {"text":"217"}
COMMAND: GET /session/707fd792500738763589addbb724467c/screenshot - {}
RESULT: {"text":"217"}
COMMAND: GET /session/707fd792500738763589addbb724467c/screenshot - {}
RESULT: {}
RESULT: {}
COMMAND: POST /session/707fd792500738763589addbb724467c/actions - {"actions":[{"id":"action10","type":"key","parameters":{},"actions":[{"type":"keyDown","value":""},{"type":"pause","duration":10},{"type":"keyUp","value":""}]}]}
RESULT: {"actions":[{"id":"action10","type":"key","parameters":{},"actions":[{"type":"keyDown","value":""},{"type":"pause","duration":10},{"type":"keyUp","value":""}]}]}
COMMAND: GET /session/707fd792500738763589addbb724467c/screenshot - {}
RESULT: {}
COMMAND: POST /session/707fd792500738763589addbb724467c/element - {"using":"xpath","value":"//span[contains(@id, \"smartTable-header-inner\")]"}
RESULT: {"using":"xpath","value":"//span[contains(@id, \"smartTable-header-inner\")]"}
COMMAND: POST /session/707fd792500738763589addbb724467c/elements - {"using":"xpath","value":"//span[contains(@id, \"smartTable-header-inner\")]"}
RESULT: {"using":"xpath","value":"//span[contains(@id, \"smartTable-header-inner\")]"}
COMMAND: POST /session/707fd792500738763589addbb724467c/execute/sync - {"script":"<script> [56 bytes]","args":[{"element-6066-11e4-a52e-4f735466cecf":"f.EAD07CEE226E3AF466CD8E35709995F4.d.4C21AD80F06BDC6EA603A455A242B31E.e.3648","ELEMENT":"f.EAD07CEE226E3AF466CD8E35709995F4.d.4C21AD80F06BDC6EA603A455A242B31E.e.3648"}]}
RESULT: {"script":"<script> [56 bytes]","args":[{"element-6066-11e4-a52e-4f735466cecf":"f.EAD07CEE226E3AF466CD8E35709995F4.d.4C21AD80F06BDC6EA603A455A242B31E.e.3648","ELEMENT":"f.EAD07CEE226E3AF466CD8E35709995F4.d.4C21AD80F06BDC6EA603A455A242B31E.e.3648"}]}
COMMAND: GET /session/707fd792500738763589addbb724467c/screenshot - {}
RESULT: {}
COMMAND: POST /session/707fd792500738763589addbb724467c/execute/sync - {"script":"<script> [56 bytes]","args":[{"element-6066-11e4-a52e-4f735466cecf":"f.EAD07CEE226E3AF466CD8E35709995F4.d.4C21AD80F06BDC6EA603A455A242B31E.e.3648","ELEMENT":"f.EAD07CEE226E3AF466CD8E35709995F4.d.4C21AD80F06BDC6EA603A455A242B31E.e.3648"}]}
RESULT: {"script":"<script> [56 bytes]","args":[{"element-6066-11e4-a52e-4f735466cecf":"f.EAD07CEE226E3AF466CD8E35709995F4.d.4C21AD80F06BDC6EA603A455A242B31E.e.3648","ELEMENT":"f.EAD07CEE226E3AF466CD8E35709995F4.d.4C21AD80F06BDC6EA603A455A242B31E.e.3648"}]}
COMMAND: GET /session/707fd792500738763589addbb724467c/screenshot - {}
RESULT: {}
COMMAND: POST /session/707fd792500738763589addbb724467c/execute/sync - {"script":"<script> [56 bytes]","args":[{"element-6066-11e4-a52e-4f735466cecf":"f.EAD07CEE226E3AF466CD8E35709995F4.d.4C21AD80F06BDC6EA603A455A242B31E.e.3648","ELEMENT":"f.EAD07CEE226E3AF466CD8E35709995F4.d.4C21AD80F06BDC6EA603A455A242B31E.e.3648"}]}
RESULT: {"script":"<script> [56 bytes]","args":[{"element-6066-11e4-a52e-4f735466cecf":"f.EAD07CEE226E3AF466CD8E35709995F4.d.4C21AD80F06BDC6EA603A455A242B31E.e.3648","ELEMENT":"f.EAD07CEE226E3AF466CD8E35709995F4.d.4C21AD80F06BDC6EA603A455A242B31E.e.3648"}]}
COMMAND: GET /session/707fd792500738763589addbb724467c/screenshot - {}
RESULT: {}
COMMAND: POST /session/707fd792500738763589addbb724467c/execute/sync - {"script":"<script> [56 bytes]","args":[{"element-6066-11e4-a52e-4f735466cecf":"f.EAD07CEE226E3AF466CD8E35709995F4.d.4C21AD80F06BDC6EA603A455A242B31E.e.3648","ELEMENT":"f.EAD07CEE226E3AF466CD8E35709995F4.d.4C21AD80F06BDC6EA603A455A242B31E.e.3648"}]}
RESULT: {"script":"<script> [56 bytes]","args":[{"element-6066-11e4-a52e-4f735466cecf":"f.EAD07CEE226E3AF466CD8E35709995F4.d.4C21AD80F06BDC6EA603A455A242B31E.e.3648","ELEMENT":"f.EAD07CEE226E3AF466CD8E35709995F4.d.4C21AD80F06BDC6EA603A455A242B31E.e.3648"}]}
COMMAND: GET /session/707fd792500738763589addbb724467c/screenshot - {}
RESULT: {}
COMMAND: POST /session/707fd792500738763589addbb724467c/execute/sync - {"script":"<script> [56 bytes]","args":[{"element-6066-11e4-a52e-4f735466cecf":"f.EAD07CEE226E3AF466CD8E35709995F4.d.4C21AD80F06BDC6EA603A455A242B31E.e.3648","ELEMENT":"f.EAD07CEE226E3AF466CD8E35709995F4.d.4C21AD80F06BDC6EA603A455A242B31E.e.3648"}]}
RESULT: {"script":"<script> [56 bytes]","args":[{"element-6066-11e4-a52e-4f735466cecf":"f.EAD07CEE226E3AF466CD8E35709995F4.d.4C21AD80F06BDC6EA603A455A242B31E.e.3648","ELEMENT":"f.EAD07CEE226E3AF466CD8E35709995F4.d.4C21AD80F06BDC6EA603A455A242B31E.e.3648"}]}
COMMAND: GET /session/707fd792500738763589addbb724467c/screenshot - {}
RESULT: {}
COMMAND: POST /session/707fd792500738763589addbb724467c/execute/sync - {"script":"<script> [56 bytes]","args":[{"element-6066-11e4-a52e-4f735466cecf":"f.EAD07CEE226E3AF466CD8E35709995F4.d.4C21AD80F06BDC6EA603A455A242B31E.e.3648","ELEMENT":"f.EAD07CEE226E3AF466CD8E35709995F4.d.4C21AD80F06BDC6EA603A455A242B31E.e.3648"}]}
RESULT: {"script":"<script> [56 bytes]","args":[{"element-6066-11e4-a52e-4f735466cecf":"f.EAD07CEE226E3AF466CD8E35709995F4.d.4C21AD80F06BDC6EA603A455A242B31E.e.3648","ELEMENT":"f.EAD07CEE226E3AF466CD8E35709995F4.d.4C21AD80F06BDC6EA603A455A242B31E.e.3648"}]}
COMMAND: GET /session/707fd792500738763589addbb724467c/screenshot - {}
RESULT: {}
COMMAND: POST /session/707fd792500738763589addbb724467c/execute/sync - {"script":"<script> [56 bytes]","args":[{"element-6066-11e4-a52e-4f735466cecf":"f.EAD07CEE226E3AF466CD8E35709995F4.d.4C21AD80F06BDC6EA603A455A242B31E.e.3648","ELEMENT":"f.EAD07CEE226E3AF466CD8E35709995F4.d.4C21AD80F06BDC6EA603A455A242B31E.e.3648"}]}
RESULT: {"script":"<script> [56 bytes]","args":[{"element-6066-11e4-a52e-4f735466cecf":"f.EAD07CEE226E3AF466CD8E35709995F4.d.4C21AD80F06BDC6EA603A455A242B31E.e.3648","ELEMENT":"f.EAD07CEE226E3AF466CD8E35709995F4.d.4C21AD80F06BDC6EA603A455A242B31E.e.3648"}]}
COMMAND: GET /session/707fd792500738763589addbb724467c/screenshot - {}
RESULT: {}
COMMAND: POST /session/707fd792500738763589addbb724467c/execute/sync - {"script":"<script> [56 bytes]","args":[{"element-6066-11e4-a52e-4f735466cecf":"f.EAD07CEE226E3AF466CD8E35709995F4.d.4C21AD80F06BDC6EA603A455A242B31E.e.3648","ELEMENT":"f.EAD07CEE226E3AF466CD8E35709995F4.d.4C21AD80F06BDC6EA603A455A242B31E.e.3648"}]}
RESULT: {"script":"<script> [56 bytes]","args":[{"element-6066-11e4-a52e-4f735466cecf":"f.EAD07CEE226E3AF466CD8E35709995F4.d.4C21AD80F06BDC6EA603A455A242B31E.e.3648","ELEMENT":"f.EAD07CEE226E3AF466CD8E35709995F4.d.4C21AD80F06BDC6EA603A455A242B31E.e.3648"}]}
COMMAND: GET /session/707fd792500738763589addbb724467c/screenshot - {}
RESULT: {}
COMMAND: POST /session/707fd792500738763589addbb724467c/execute/sync - {"script":"<script> [56 bytes]","args":[{"element-6066-11e4-a52e-4f735466cecf":"f.EAD07CEE226E3AF466CD8E35709995F4.d.4C21AD80F06BDC6EA603A455A242B31E.e.3648","ELEMENT":"f.EAD07CEE226E3AF466CD8E35709995F4.d.4C21AD80F06BDC6EA603A455A242B31E.e.3648"}]}
RESULT: {"script":"<script> [56 bytes]","args":[{"element-6066-11e4-a52e-4f735466cecf":"f.EAD07CEE226E3AF466CD8E35709995F4.d.4C21AD80F06BDC6EA603A455A242B31E.e.3648","ELEMENT":"f.EAD07CEE226E3AF466CD8E35709995F4.d.4C21AD80F06BDC6EA603A455A242B31E.e.3648"}]}
COMMAND: GET /session/707fd792500738763589addbb724467c/screenshot - {}
RESULT: {}
COMMAND: POST /session/707fd792500738763589addbb724467c/execute/sync - {"script":"<script> [56 bytes]","args":[{"element-6066-11e4-a52e-4f735466cecf":"f.EAD07CEE226E3AF466CD8E35709995F4.d.4C21AD80F06BDC6EA603A455A242B31E.e.3648","ELEMENT":"f.EAD07CEE226E3AF466CD8E35709995F4.d.4C21AD80F06BDC6EA603A455A242B31E.e.3648"}]}
RESULT: {"script":"<script> [56 bytes]","args":[{"element-6066-11e4-a52e-4f735466cecf":"f.EAD07CEE226E3AF466CD8E35709995F4.d.4C21AD80F06BDC6EA603A455A242B31E.e.3648","ELEMENT":"f.EAD07CEE226E3AF466CD8E35709995F4.d.4C21AD80F06BDC6EA603A455A242B31E.e.3648"}]}
COMMAND: GET /session/707fd792500738763589addbb724467c/screenshot - {}
RESULT: {}
COMMAND: POST /session/707fd792500738763589addbb724467c/execute/sync - {"script":"<script> [56 bytes]","args":[{"element-6066-11e4-a52e-4f735466cecf":"f.EAD07CEE226E3AF466CD8E35709995F4.d.4C21AD80F06BDC6EA603A455A242B31E.e.3648","ELEMENT":"f.EAD07CEE226E3AF466CD8E35709995F4.d.4C21AD80F06BDC6EA603A455A242B31E.e.3648"}]}
RESULT: {"script":"<script> [56 bytes]","args":[{"element-6066-11e4-a52e-4f735466cecf":"f.EAD07CEE226E3AF466CD8E35709995F4.d.4C21AD80F06BDC6EA603A455A242B31E.e.3648","ELEMENT":"f.EAD07CEE226E3AF466CD8E35709995F4.d.4C21AD80F06BDC6EA603A455A242B31E.e.3648"}]}
COMMAND: GET /session/707fd792500738763589addbb724467c/screenshot - {}
RESULT: {}
COMMAND: POST /session/707fd792500738763589addbb724467c/execute/sync - {"script":"<script> [56 bytes]","args":[{"element-6066-11e4-a52e-4f735466cecf":"f.EAD07CEE226E3AF466CD8E35709995F4.d.4C21AD80F06BDC6EA603A455A242B31E.e.3648","ELEMENT":"f.EAD07CEE226E3AF466CD8E35709995F4.d.4C21AD80F06BDC6EA603A455A242B31E.e.3648"}]}
RESULT: {"script":"<script> [56 bytes]","args":[{"element-6066-11e4-a52e-4f735466cecf":"f.EAD07CEE226E3AF466CD8E35709995F4.d.4C21AD80F06BDC6EA603A455A242B31E.e.3648","ELEMENT":"f.EAD07CEE226E3AF466CD8E35709995F4.d.4C21AD80F06BDC6EA603A455A242B31E.e.3648"}]}
COMMAND: GET /session/707fd792500738763589addbb724467c/screenshot - {}
RESULT: {}
COMMAND: POST /session/707fd792500738763589addbb724467c/execute/sync - {"script":"<script> [56 bytes]","args":[{"element-6066-11e4-a52e-4f735466cecf":"f.EAD07CEE226E3AF466CD8E35709995F4.d.4C21AD80F06BDC6EA603A455A242B31E.e.3648","ELEMENT":"f.EAD07CEE226E3AF466CD8E35709995F4.d.4C21AD80F06BDC6EA603A455A242B31E.e.3648"}]}
RESULT: {"script":"<script> [56 bytes]","args":[{"element-6066-11e4-a52e-4f735466cecf":"f.EAD07CEE226E3AF466CD8E35709995F4.d.4C21AD80F06BDC6EA603A455A242B31E.e.3648","ELEMENT":"f.EAD07CEE226E3AF466CD8E35709995F4.d.4C21AD80F06BDC6EA603A455A242B31E.e.3648"}]}
COMMAND: GET /session/707fd792500738763589addbb724467c/screenshot - {}
RESULT: {}
COMMAND: POST /session/707fd792500738763589addbb724467c/execute/sync - {"script":"<script> [56 bytes]","args":[{"element-6066-11e4-a52e-4f735466cecf":"f.EAD07CEE226E3AF466CD8E35709995F4.d.4C21AD80F06BDC6EA603A455A242B31E.e.3648","ELEMENT":"f.EAD07CEE226E3AF466CD8E35709995F4.d.4C21AD80F06BDC6EA603A455A242B31E.e.3648"}]}
RESULT: {"script":"<script> [56 bytes]","args":[{"element-6066-11e4-a52e-4f735466cecf":"f.EAD07CEE226E3AF466CD8E35709995F4.d.4C21AD80F06BDC6EA603A455A242B31E.e.3648","ELEMENT":"f.EAD07CEE226E3AF466CD8E35709995F4.d.4C21AD80F06BDC6EA603A455A242B31E.e.3648"}]}
COMMAND: GET /session/707fd792500738763589addbb724467c/screenshot - {}
RESULT: {}
COMMAND: POST /session/707fd792500738763589addbb724467c/execute/sync - {"script":"<script> [56 bytes]","args":[{"element-6066-11e4-a52e-4f735466cecf":"f.EAD07CEE226E3AF466CD8E35709995F4.d.4C21AD80F06BDC6EA603A455A242B31E.e.3648","ELEMENT":"f.EAD07CEE226E3AF466CD8E35709995F4.d.4C21AD80F06BDC6EA603A455A242B31E.e.3648"}]}
RESULT: {"script":"<script> [56 bytes]","args":[{"element-6066-11e4-a52e-4f735466cecf":"f.EAD07CEE226E3AF466CD8E35709995F4.d.4C21AD80F06BDC6EA603A455A242B31E.e.3648","ELEMENT":"f.EAD07CEE226E3AF466CD8E35709995F4.d.4C21AD80F06BDC6EA603A455A242B31E.e.3648"}]}
COMMAND: GET /session/707fd792500738763589addbb724467c/screenshot - {}
RESULT: {}
COMMAND: POST /session/707fd792500738763589addbb724467c/execute/sync - {"script":"<script> [56 bytes]","args":[{"element-6066-11e4-a52e-4f735466cecf":"f.EAD07CEE226E3AF466CD8E35709995F4.d.4C21AD80F06BDC6EA603A455A242B31E.e.3648","ELEMENT":"f.EAD07CEE226E3AF466CD8E35709995F4.d.4C21AD80F06BDC6EA603A455A242B31E.e.3648"}]}
RESULT: {"script":"<script> [56 bytes]","args":[{"element-6066-11e4-a52e-4f735466cecf":"f.EAD07CEE226E3AF466CD8E35709995F4.d.4C21AD80F06BDC6EA603A455A242B31E.e.3648","ELEMENT":"f.EAD07CEE226E3AF466CD8E35709995F4.d.4C21AD80F06BDC6EA603A455A242B31E.e.3648"}]}
COMMAND: GET /session/707fd792500738763589addbb724467c/screenshot - {}
RESULT: {}
COMMAND: POST /session/707fd792500738763589addbb724467c/execute/sync - {"script":"<script> [56 bytes]","args":[{"element-6066-11e4-a52e-4f735466cecf":"f.EAD07CEE226E3AF466CD8E35709995F4.d.4C21AD80F06BDC6EA603A455A242B31E.e.3648","ELEMENT":"f.EAD07CEE226E3AF466CD8E35709995F4.d.4C21AD80F06BDC6EA603A455A242B31E.e.3648"}]}
RESULT: {"script":"<script> [56 bytes]","args":[{"element-6066-11e4-a52e-4f735466cecf":"f.EAD07CEE226E3AF466CD8E35709995F4.d.4C21AD80F06BDC6EA603A455A242B31E.e.3648","ELEMENT":"f.EAD07CEE226E3AF466CD8E35709995F4.d.4C21AD80F06BDC6EA603A455A242B31E.e.3648"}]}
COMMAND: GET /session/707fd792500738763589addbb724467c/screenshot - {}
RESULT: {}
COMMAND: POST /session/707fd792500738763589addbb724467c/execute/sync - {"script":"<script> [56 bytes]","args":[{"element-6066-11e4-a52e-4f735466cecf":"f.EAD07CEE226E3AF466CD8E35709995F4.d.4C21AD80F06BDC6EA603A455A242B31E.e.3648","ELEMENT":"f.EAD07CEE226E3AF466CD8E35709995F4.d.4C21AD80F06BDC6EA603A455A242B31E.e.3648"}]}
RESULT: {"script":"<script> [56 bytes]","args":[{"element-6066-11e4-a52e-4f735466cecf":"f.EAD07CEE226E3AF466CD8E35709995F4.d.4C21AD80F06BDC6EA603A455A242B31E.e.3648","ELEMENT":"f.EAD07CEE226E3AF466CD8E35709995F4.d.4C21AD80F06BDC6EA603A455A242B31E.e.3648"}]}
COMMAND: GET /session/707fd792500738763589addbb724467c/screenshot - {}
RESULT: {}
COMMAND: POST /session/707fd792500738763589addbb724467c/execute/sync - {"script":"<script> [56 bytes]","args":[{"element-6066-11e4-a52e-4f735466cecf":"f.EAD07CEE226E3AF466CD8E35709995F4.d.4C21AD80F06BDC6EA603A455A242B31E.e.3648","ELEMENT":"f.EAD07CEE226E3AF466CD8E35709995F4.d.4C21AD80F06BDC6EA603A455A242B31E.e.3648"}]}
RESULT: {"script":"<script> [56 bytes]","args":[{"element-6066-11e4-a52e-4f735466cecf":"f.EAD07CEE226E3AF466CD8E35709995F4.d.4C21AD80F06BDC6EA603A455A242B31E.e.3648","ELEMENT":"f.EAD07CEE226E3AF466CD8E35709995F4.d.4C21AD80F06BDC6EA603A455A242B31E.e.3648"}]}
COMMAND: GET /session/707fd792500738763589addbb724467c/screenshot - {}
RESULT: {}
COMMAND: POST /session/707fd792500738763589addbb724467c/execute/sync - {"script":"<script> [56 bytes]","args":[{"element-6066-11e4-a52e-4f735466cecf":"f.EAD07CEE226E3AF466CD8E35709995F4.d.4C21AD80F06BDC6EA603A455A242B31E.e.3648","ELEMENT":"f.EAD07CEE226E3AF466CD8E35709995F4.d.4C21AD80F06BDC6EA603A455A242B31E.e.3648"}]}
RESULT: {"script":"<script> [56 bytes]","args":[{"element-6066-11e4-a52e-4f735466cecf":"f.EAD07CEE226E3AF466CD8E35709995F4.d.4C21AD80F06BDC6EA603A455A242B31E.e.3648","ELEMENT":"f.EAD07CEE226E3AF466CD8E35709995F4.d.4C21AD80F06BDC6EA603A455A242B31E.e.3648"}]}
COMMAND: GET /session/707fd792500738763589addbb724467c/screenshot - {}
RESULT: {}
COMMAND: POST /session/707fd792500738763589addbb724467c/execute/sync - {"script":"<script> [56 bytes]","args":[{"element-6066-11e4-a52e-4f735466cecf":"f.EAD07CEE226E3AF466CD8E35709995F4.d.4C21AD80F06BDC6EA603A455A242B31E.e.3648","ELEMENT":"f.EAD07CEE226E3AF466CD8E35709995F4.d.4C21AD80F06BDC6EA603A455A242B31E.e.3648"}]}
COMMAND: GET /session/707fd792500738763589addbb724467c/screenshot - {}
RESULT: {"script":"<script> [56 bytes]","args":[{"element-6066-11e4-a52e-4f735466cecf":"f.EAD07CEE226E3AF466CD8E35709995F4.d.4C21AD80F06BDC6EA603A455A242B31E.e.3648","ELEMENT":"f.EAD07CEE226E3AF466CD8E35709995F4.d.4C21AD80F06BDC6EA603A455A242B31E.e.3648"}]}
COMMAND: GET /session/707fd792500738763589addbb724467c/screenshot - {}
RESULT: {}
COMMAND: POST /session/707fd792500738763589addbb724467c/element - {"using":"css selector","value":"#j_username"}
COMMAND: POST /session/707fd792500738763589addbb724467c/url - {"url":"https://qa-testing-00-live-etm-ui.cfapps.eu10-004.hana.ondemand.com/"}
COMMAND: GET /session/707fd792500738763589addbb724467c/screenshot - {}
COMMAND: GET /session/707fd792500738763589addbb724467c/screenshot - {}
RESULT: {}
RESULT: {"using":"css selector","value":"#j_username"}
COMMAND: POST /session/707fd792500738763589addbb724467c/element - {"using":"css selector","value":"#j_username"}
RESULT: {"url":"https://qa-testing-00-live-etm-ui.cfapps.eu10-004.hana.ondemand.com/"}
RESULT: undefined
COMMAND: GET /session/707fd792500738763589addbb724467c/screenshot - {}
RESULT: {}
RESULT: {}
RESULT: {"using":"css selector","value":"#j_username"}
COMMAND: POST /session/707fd792500738763589addbb724467c/element - {"using":"css selector","value":"#shell-header-logo"}
RESULT: {}
RESULT: {"using":"css selector","value":"#shell-header-logo"}
COMMAND: POST /session/707fd792500738763589addbb724467c/execute/sync - {"script":"<script> [8489 bytes]","args":[{"element-6066-11e4-a52e-4f735466cecf":"f.EAD07CEE226E3AF466CD8E35709995F4.d.4730293BC72C70196411FF18B141FBF6.e.3668","ELEMENT":"f.EAD07CEE226E3AF466CD8E35709995F4.d.4730293BC72C70196411FF18B141FBF6.e.3668"}]}
RESULT: {"script":"<script> [8489 bytes]","args":[{"element-6066-11e4-a52e-4f735466cecf":"f.EAD07CEE226E3AF466CD8E35709995F4.d.4730293BC72C70196411FF18B141FBF6.e.3668","ELEMENT":"f.EAD07CEE226E3AF466CD8E35709995F4.d.4730293BC72C70196411FF18B141FBF6.e.3668"}]}
COMMAND: POST /session/707fd792500738763589addbb724467c/element - {"using":"css selector","value":"#shell-header-logo"}
COMMAND: GET /session/707fd792500738763589addbb724467c/screenshot - {}
RESULT: {"using":"css selector","value":"#shell-header-logo"}
COMMAND: POST /session/707fd792500738763589addbb724467c/execute/sync - {"script":"<script> [8489 bytes]","args":[{"element-6066-11e4-a52e-4f735466cecf":"f.EAD07CEE226E3AF466CD8E35709995F4.d.4730293BC72C70196411FF18B141FBF6.e.3668","ELEMENT":"f.EAD07CEE226E3AF466CD8E35709995F4.d.4730293BC72C70196411FF18B141FBF6.e.3668"}]}
RESULT: {}
RESULT: {"script":"<script> [8489 bytes]","args":[{"element-6066-11e4-a52e-4f735466cecf":"f.EAD07CEE226E3AF466CD8E35709995F4.d.4730293BC72C70196411FF18B141FBF6.e.3668","ELEMENT":"f.EAD07CEE226E3AF466CD8E35709995F4.d.4730293BC72C70196411FF18B141FBF6.e.3668"}]}
COMMAND: POST /session/707fd792500738763589addbb724467c/execute/sync - {"script":"<script> [5351 bytes]","args":[{"element-6066-11e4-a52e-4f735466cecf":"f.EAD07CEE226E3AF466CD8E35709995F4.d.4730293BC72C70196411FF18B141FBF6.e.3668","ELEMENT":"f.EAD07CEE226E3AF466CD8E35709995F4.d.4730293BC72C70196411FF18B141FBF6.e.3668"}]}
COMMAND: GET /session/707fd792500738763589addbb724467c/screenshot - {}
RESULT: {"script":"<script> [5351 bytes]","args":[{"element-6066-11e4-a52e-4f735466cecf":"f.EAD07CEE226E3AF466CD8E35709995F4.d.4730293BC72C70196411FF18B141FBF6.e.3668","ELEMENT":"f.EAD07CEE226E3AF466CD8E35709995F4.d.4730293BC72C70196411FF18B141FBF6.e.3668"}]}
COMMAND: POST /session/707fd792500738763589addbb724467c/element - {"using":"css selector","value":"#shell-header-logo"}
COMMAND: GET /session/707fd792500738763589addbb724467c/screenshot - {}
RESULT: {}
RESULT: {"using":"css selector","value":"#shell-header-logo"}
COMMAND: POST /session/707fd792500738763589addbb724467c/element/f.EAD07CEE226E3AF466CD8E35709995F4.d.4730293BC72C70196411FF18B141FBF6.e.3668/click - {}
RESULT: {}
RESULT: {}
COMMAND: GET /session/707fd792500738763589addbb724467c/screenshot - {}
RESULT: {}
COMMAND: POST /session/707fd792500738763589addbb724467c/execute/async - {"script":"<script> [189 bytes]","args":[]}
RESULT: {"script":"<script> [189 bytes]","args":[]}
COMMAND: POST /session/707fd792500738763589addbb724467c/execute/async - {"script":"<script> [123 bytes]","args":[]}
RESULT: {"script":"<script> [123 bytes]","args":[]}
COMMAND: POST /session/707fd792500738763589addbb724467c/timeouts - {"script":"<number>"}
RESULT: {"script":"<number>"}
COMMAND: GET /session/707fd792500738763589addbb724467c/timeouts - {}
RESULT: {}
RESULT: undefined
COMMAND: POST /session/707fd792500738763589addbb724467c/execute/async - {"script":"<script> [2676 bytes]","args":[]}
RESULT: {"script":"<script> [2676 bytes]","args":[]}
COMMAND: POST /session/707fd792500738763589addbb724467c/execute/async - {"script":"<script> [2342 bytes]","args":[{"protocol":"http","hostname":"0.0.0.0","path":"/","capabilities":{"browserName":"chrome","goog:chromeOptions":{"binary":"C:\\Program Files\\Google\\Chrome\\Application\\chrome.exe","args":["--start-maximized"]}},"logLevel":"warn","connectionRetryTimeout":120000,"connectionRetryCount":3,"logLevels":{},"enableDirectConnect":true,"strictSSL":true,"_":"65 more keys: [\"cacheDir\",\"port\",\"requestedCapabilities\",\"automationProtocol\",\"baseUrl\",\"waitforInterval\",\"waitforTimeout\",\"onReload\",\"beforeCommand\",\"afterCommand\",\"rootDir\",\"specs\",\"suites\",\"exclude\",\"groupLogsByTestSpec\",\"excludeDriverLogs\",\"bail\",\"framework\",\"reporters\",\"services\",\"maxInstances\",\"maxInstancesPerCapability\",\"injectGlobals\",\"filesToWatch\",\"execArgv\",\"runnerEnv\",\"runner\",\"shard\",\"specFileRetries\",\"specFileRetriesDelay\",\"specFileRetriesDeferred\",\"reporterSyncInterval\",\"reporterSyncTimeout\",\"cucumberFeaturesWithLineNumbers\",\"autoCompileOpts\",\"mochaOpts\",\"jasmineOpts\",\"cucumberOpts\",\"onPrepare\",\"onWorkerStart\",\"onWorkerEnd\",\"before\",\"beforeSession\",\"beforeSuite\",\"beforeHook\",\"beforeTest\",\"afterTest\",\"afterHook\",\"afterSuite\",\"afterSession\",\"after\",\"onComplete\",\"beforeAssertion\",\"afterAssertion\",\"beforeFeature\",\"beforeScenario\",\"beforeStep\",\"afterStep\",\"afterScenario\",\"afterFeature\",\"_\",\"suite\",\"$0\",\"ignoredWorkerServices\",\"wdi5\"]"}]}
RESULT: {"script":"<script> [2342 bytes]","args":[{"protocol":"http","hostname":"0.0.0.0","path":"/","capabilities":{"browserName":"chrome","goog:chromeOptions":{"binary":"C:\\Program Files\\Google\\Chrome\\Application\\chrome.exe","args":["--start-maximized"]}},"logLevel":"warn","connectionRetryTimeout":120000,"connectionRetryCount":3,"logLevels":{},"enableDirectConnect":true,"strictSSL":true,"_":"65 more keys: [\"cacheDir\",\"port\",\"requestedCapabilities\",\"automationProtocol\",\"baseUrl\",\"waitforInterval\",\"waitforTimeout\",\"onReload\",\"beforeCommand\",\"afterCommand\",\"rootDir\",\"specs\",\"suites\",\"exclude\",\"groupLogsByTestSpec\",\"excludeDriverLogs\",\"bail\",\"framework\",\"reporters\",\"services\",\"maxInstances\",\"maxInstancesPerCapability\",\"injectGlobals\",\"filesToWatch\",\"execArgv\",\"runnerEnv\",\"runner\",\"shard\",\"specFileRetries\",\"specFileRetriesDelay\",\"specFileRetriesDeferred\",\"reporterSyncInterval\",\"reporterSyncTimeout\",\"cucumberFeaturesWithLineNumbers\",\"autoCompileOpts\",\"mochaOpts\",\"jasmineOpts\",\"cucumberOpts\",\"onPrepare\",\"onWorkerStart\",\"onWorkerEnd\",\"before\",\"beforeSession\",\"beforeSuite\",\"beforeHook\",\"beforeTest\",\"afterTest\",\"afterHook\",\"afterSuite\",\"afterSession\",\"after\",\"onComplete\",\"beforeAssertion\",\"afterAssertion\",\"beforeFeature\",\"beforeScenario\",\"beforeStep\",\"afterStep\",\"afterScenario\",\"afterFeature\",\"_\",\"suite\",\"$0\",\"ignoredWorkerServices\",\"wdi5\"]"}]}
COMMAND: POST /session/707fd792500738763589addbb724467c/execute/async - {"script":"<script> [21126 bytes]","args":[35000]}
RESULT: {"script":"<script> [21126 bytes]","args":[35000]}
COMMAND: POST /session/707fd792500738763589addbb724467c/window/maximize - {}
RESULT: {}
COMMAND: POST /session/707fd792500738763589addbb724467c/execute/async - {"script":"<script> [1562 bytes]","args":[{"selector":{"id":"shell-header","interaction":{"idSuffix":"icon"}},"wdio_ui5_key":"shellheader"}]}
COMMAND: GET /session/707fd792500738763589addbb724467c/screenshot - {}
RESULT: {"script":"<script> [1562 bytes]","args":[{"selector":{"id":"shell-header","interaction":{"idSuffix":"icon"}},"wdio_ui5_key":"shellheader"}]}
RESULT: undefined
COMMAND: POST /session/707fd792500738763589addbb724467c/window/fullscreen - {}
RESULT: {}
RESULT: {}
]]></system-out>
      <system-err><![CDATA[
Error: Search for yard in yard overview failed for our ID!
    at async Context.<anonymous> (D:\a\1\s\test\specs\HTR\yard-overview-trigger.spec.js:89:43)
]]></system-err>
    </testcase>
  </testsuite>
  <testsuite timestamp="2025-05-23T15:43:28" time="114.982" tests="1" failures="1" errors="1" skipped="0">
    <properties>
      <property name="specId" value="0"/>
      <property name="suiteName" value="Create masterdata for Yard Overview - trigger provide US130988"/>
      <property name="capabilities" value="chrome.136_0_7103_93.windows"/>
      <property name="file" value="file:///D:/a/1/s/test/specs/HTR/site-overview-return.spec.js"/>
    </properties>
    <testcase classname="chrome.136_0_7103_93.windows.Create_masterdata_for_Yard_Overview_-_trigger_provide_US130988" name="Should navigate to site overview and trigger return" time="96.475">
      <failure/>
      <error message="expect(received).toEqual(expected) // deep equality&#xA;&#xA;Expected: &quot;Records (1)&quot;&#xA;Received: &quot;Records&quot;"/>
      <system-out><![CDATA[
COMMAND: POST /session/707fd792500738763589addbb724467c/execute/async - {"script":"<script> [1562 bytes]","args":[{"selector":{"controlType":"sap.m.GenericTile","properties":{"header":"Site Overview"}},"wdio_ui5_key":"sapm.GenericTile{\"header\":\"Site Overview\"}"}]}
RESULT: {"script":"<script> [1562 bytes]","args":[{"selector":{"controlType":"sap.m.GenericTile","properties":{"header":"Site Overview"}},"wdio_ui5_key":"sapm.GenericTile{\"header\":\"Site Overview\"}"}]}
RESULT: undefined
COMMAND: POST /session/707fd792500738763589addbb724467c/element - {"using":"xpath","value":"//*[@id=\"__tile100\"]"}
RESULT: {"using":"xpath","value":"//*[@id=\"__tile100\"]"}
COMMAND: POST /session/707fd792500738763589addbb724467c/element/f.EAD07CEE226E3AF466CD8E35709995F4.d.4730293BC72C70196411FF18B141FBF6.e.3784/click - {}
RESULT: {}
COMMAND: GET /session/707fd792500738763589addbb724467c/screenshot - {}
RESULT: {}
COMMAND: POST /session/707fd792500738763589addbb724467c/elements - {"using":"xpath","value":"//span[text()='Error']"}
RESULT: {"using":"xpath","value":"//span[text()='Error']"}
COMMAND: POST /session/707fd792500738763589addbb724467c/element - {"using":"xpath","value":"//input[contains(@id,\"smartFilterBar-btnBasicSearch-I\")]"}
RESULT: {"using":"xpath","value":"//input[contains(@id,\"smartFilterBar-btnBasicSearch-I\")]"}
COMMAND: POST /session/707fd792500738763589addbb724467c/elements - {"using":"xpath","value":"//input[contains(@id,\"smartFilterBar-btnBasicSearch-I\")]"}
RESULT: {"using":"xpath","value":"//input[contains(@id,\"smartFilterBar-btnBasicSearch-I\")]"}
COMMAND: POST /session/707fd792500738763589addbb724467c/elements - {"using":"xpath","value":"//input[contains(@id,\"smartFilterBar-btnBasicSearch-I\")]"}
RESULT: {"using":"xpath","value":"//input[contains(@id,\"smartFilterBar-btnBasicSearch-I\")]"}
COMMAND: POST /session/707fd792500738763589addbb724467c/element - {"using":"xpath","value":"//input[contains(@id,\"smartFilterBar-btnBasicSearch-I\")]"}
RESULT: {"using":"xpath","value":"//input[contains(@id,\"smartFilterBar-btnBasicSearch-I\")]"}
COMMAND: POST /session/707fd792500738763589addbb724467c/execute/sync - {"script":"<script> [8489 bytes]","args":[{"element-6066-11e4-a52e-4f735466cecf":"f.EAD07CEE226E3AF466CD8E35709995F4.d.4730293BC72C70196411FF18B141FBF6.e.3792","ELEMENT":"f.EAD07CEE226E3AF466CD8E35709995F4.d.4730293BC72C70196411FF18B141FBF6.e.3792"}]}
RESULT: {"script":"<script> [8489 bytes]","args":[{"element-6066-11e4-a52e-4f735466cecf":"f.EAD07CEE226E3AF466CD8E35709995F4.d.4730293BC72C70196411FF18B141FBF6.e.3792","ELEMENT":"f.EAD07CEE226E3AF466CD8E35709995F4.d.4730293BC72C70196411FF18B141FBF6.e.3792"}]}
COMMAND: GET /session/707fd792500738763589addbb724467c/element/f.EAD07CEE226E3AF466CD8E35709995F4.d.4730293BC72C70196411FF18B141FBF6.e.3792/enabled - {}
COMMAND: GET /session/707fd792500738763589addbb724467c/screenshot - {}
RESULT: {}
COMMAND: POST /session/707fd792500738763589addbb724467c/execute/sync - {"script":"<script> [8489 bytes]","args":[{"element-6066-11e4-a52e-4f735466cecf":"f.EAD07CEE226E3AF466CD8E35709995F4.d.4730293BC72C70196411FF18B141FBF6.e.3792","ELEMENT":"f.EAD07CEE226E3AF466CD8E35709995F4.d.4730293BC72C70196411FF18B141FBF6.e.3792"}]}
COMMAND: GET /session/707fd792500738763589addbb724467c/screenshot - {}
RESULT: {}
RESULT: {"script":"<script> [8489 bytes]","args":[{"element-6066-11e4-a52e-4f735466cecf":"f.EAD07CEE226E3AF466CD8E35709995F4.d.4730293BC72C70196411FF18B141FBF6.e.3792","ELEMENT":"f.EAD07CEE226E3AF466CD8E35709995F4.d.4730293BC72C70196411FF18B141FBF6.e.3792"}]}
COMMAND: POST /session/707fd792500738763589addbb724467c/execute/sync - {"script":"<script> [5351 bytes]","args":[{"element-6066-11e4-a52e-4f735466cecf":"f.EAD07CEE226E3AF466CD8E35709995F4.d.4730293BC72C70196411FF18B141FBF6.e.3792","ELEMENT":"f.EAD07CEE226E3AF466CD8E35709995F4.d.4730293BC72C70196411FF18B141FBF6.e.3792"}]}
COMMAND: GET /session/707fd792500738763589addbb724467c/screenshot - {}
RESULT: {}
RESULT: {"script":"<script> [5351 bytes]","args":[{"element-6066-11e4-a52e-4f735466cecf":"f.EAD07CEE226E3AF466CD8E35709995F4.d.4730293BC72C70196411FF18B141FBF6.e.3792","ELEMENT":"f.EAD07CEE226E3AF466CD8E35709995F4.d.4730293BC72C70196411FF18B141FBF6.e.3792"}]}
COMMAND: GET /session/707fd792500738763589addbb724467c/screenshot - {}
RESULT: {}
RESULT: {}
COMMAND: POST /session/707fd792500738763589addbb724467c/element/f.EAD07CEE226E3AF466CD8E35709995F4.d.4730293BC72C70196411FF18B141FBF6.e.3792/clear - {}
RESULT: {}
COMMAND: POST /session/707fd792500738763589addbb724467c/element/f.EAD07CEE226E3AF466CD8E35709995F4.d.4730293BC72C70196411FF18B141FBF6.e.3792/value - {"text":"2071"}
COMMAND: GET /session/707fd792500738763589addbb724467c/screenshot - {}
RESULT: {"text":"2071"}
COMMAND: GET /session/707fd792500738763589addbb724467c/screenshot - {}
RESULT: {}
RESULT: {}
COMMAND: POST /session/707fd792500738763589addbb724467c/actions - {"actions":[{"id":"action11","type":"key","parameters":{},"actions":[{"type":"keyDown","value":""},{"type":"pause","duration":10},{"type":"keyUp","value":""}]}]}
RESULT: {"actions":[{"id":"action11","type":"key","parameters":{},"actions":[{"type":"keyDown","value":""},{"type":"pause","duration":10},{"type":"keyUp","value":""}]}]}
COMMAND: GET /session/707fd792500738763589addbb724467c/screenshot - {}
RESULT: {}
COMMAND: POST /session/707fd792500738763589addbb724467c/element - {"using":"xpath","value":"//span[contains(@id, \"smartTable-header-inner\")]"}
RESULT: {"using":"xpath","value":"//span[contains(@id, \"smartTable-header-inner\")]"}
COMMAND: POST /session/707fd792500738763589addbb724467c/elements - {"using":"xpath","value":"//span[contains(@id, \"smartTable-header-inner\")]"}
RESULT: {"using":"xpath","value":"//span[contains(@id, \"smartTable-header-inner\")]"}
COMMAND: POST /session/707fd792500738763589addbb724467c/execute/sync - {"script":"<script> [56 bytes]","args":[{"element-6066-11e4-a52e-4f735466cecf":"f.EAD07CEE226E3AF466CD8E35709995F4.d.4730293BC72C70196411FF18B141FBF6.e.3913","ELEMENT":"f.EAD07CEE226E3AF466CD8E35709995F4.d.4730293BC72C70196411FF18B141FBF6.e.3913"}]}
RESULT: {"script":"<script> [56 bytes]","args":[{"element-6066-11e4-a52e-4f735466cecf":"f.EAD07CEE226E3AF466CD8E35709995F4.d.4730293BC72C70196411FF18B141FBF6.e.3913","ELEMENT":"f.EAD07CEE226E3AF466CD8E35709995F4.d.4730293BC72C70196411FF18B141FBF6.e.3913"}]}
COMMAND: POST /session/707fd792500738763589addbb724467c/element - {"using":"xpath","value":"(//span[contains(@id, \"imgNav\")])[1]"}
COMMAND: GET /session/707fd792500738763589addbb724467c/screenshot - {}
RESULT: {"using":"xpath","value":"(//span[contains(@id, \"imgNav\")])[1]"}
COMMAND: POST /session/707fd792500738763589addbb724467c/element/f.EAD07CEE226E3AF466CD8E35709995F4.d.4730293BC72C70196411FF18B141FBF6.e.3912/click - {}
RESULT: {}
RESULT: {}
COMMAND: GET /session/707fd792500738763589addbb724467c/screenshot - {}
RESULT: {}
COMMAND: POST /session/707fd792500738763589addbb724467c/execute/async - {"script":"<script> [1562 bytes]","args":[{"selector":{"id":"application-siteinventory-display-component---detailSiteInventory--onSite-triggerAction-returnBtn","interaction":{"idSuffix":"BDI-content"}},"wdio_ui5_key":"applicationsiteinventory-display-component---detailSiteInventory--onSite-triggerAction-returnBtn"}]}
RESULT: {"script":"<script> [1562 bytes]","args":[{"selector":{"id":"application-siteinventory-display-component---detailSiteInventory--onSite-triggerAction-returnBtn","interaction":{"idSuffix":"BDI-content"}},"wdio_ui5_key":"applicationsiteinventory-display-component---detailSiteInventory--onSite-triggerAction-returnBtn"}]}
RESULT: undefined
COMMAND: POST /session/707fd792500738763589addbb724467c/element - {"using":"xpath","value":"//*[@id=\"application-siteinventory-display-component---detailSiteInventory--onSite-triggerAction-returnBtn\"]"}
RESULT: {"using":"xpath","value":"//*[@id=\"application-siteinventory-display-component---detailSiteInventory--onSite-triggerAction-returnBtn\"]"}
COMMAND: POST /session/707fd792500738763589addbb724467c/element/f.EAD07CEE226E3AF466CD8E35709995F4.d.4730293BC72C70196411FF18B141FBF6.e.3965/click - {}
RESULT: {}
COMMAND: GET /session/707fd792500738763589addbb724467c/screenshot - {}
RESULT: {}
COMMAND: POST /session/707fd792500738763589addbb724467c/execute/async - {"script":"<script> [1562 bytes]","args":[{"selector":{"id":"application-siteinventory-display-component---detailSiteInventory--smartSiteHoItemsTable-sa","interaction":{"idSuffix":"CbBg"}},"wdio_ui5_key":"applicationsiteinventory-display-component---detailSiteInventory--smartSiteHoItemsTable-sa"}]}
RESULT: {"script":"<script> [1562 bytes]","args":[{"selector":{"id":"application-siteinventory-display-component---detailSiteInventory--smartSiteHoItemsTable-sa","interaction":{"idSuffix":"CbBg"}},"wdio_ui5_key":"applicationsiteinventory-display-component---detailSiteInventory--smartSiteHoItemsTable-sa"}]}
RESULT: undefined
RESULT: undefined
COMMAND: POST /session/707fd792500738763589addbb724467c/element - {"using":"xpath","value":"//*[@id=\"application-siteinventory-display-component---detailSiteInventory--onSite-triggerAction-returnBtn\"]"}
RESULT: {"using":"xpath","value":"//*[@id=\"application-siteinventory-display-component---detailSiteInventory--onSite-triggerAction-returnBtn\"]"}
COMMAND: POST /session/707fd792500738763589addbb724467c/element/f.EAD07CEE226E3AF466CD8E35709995F4.d.4730293BC72C70196411FF18B141FBF6.e.3965/click - {}
RESULT: {}
COMMAND: GET /session/707fd792500738763589addbb724467c/screenshot - {}
RESULT: {}
COMMAND: POST /session/707fd792500738763589addbb724467c/actions - {"actions":[{"id":"action12","type":"key","parameters":{},"actions":[{"type":"keyDown","value":""},{"type":"pause","duration":10},{"type":"keyUp","value":""}]}]}
RESULT: {"actions":[{"id":"action12","type":"key","parameters":{},"actions":[{"type":"keyDown","value":""},{"type":"pause","duration":10},{"type":"keyUp","value":""}]}]}
COMMAND: GET /session/707fd792500738763589addbb724467c/screenshot - {}
RESULT: {}
COMMAND: POST /session/707fd792500738763589addbb724467c/execute/async - {"script":"<script> [1562 bytes]","args":[{"selector":{"id":"application-siteinventory-display-component---detailSiteInventory--hoItemsSmartTable-btnPersonalisation-img"},"wdio_ui5_key":"applicationsiteinventory-display-component---detailSiteInventory--hoItemsSmartTable-btnPersonalisation-img"}]}
RESULT: {"script":"<script> [1562 bytes]","args":[{"selector":{"id":"application-siteinventory-display-component---detailSiteInventory--hoItemsSmartTable-btnPersonalisation-img"},"wdio_ui5_key":"applicationsiteinventory-display-component---detailSiteInventory--hoItemsSmartTable-btnPersonalisation-img"}]}
RESULT: undefined
COMMAND: POST /session/707fd792500738763589addbb724467c/element - {"using":"xpath","value":"//*[@id=\"application-siteinventory-display-component---detailSiteInventory--hoItemsSmartTable-btnPersonalisation-img\"]"}
RESULT: {"using":"xpath","value":"//*[@id=\"application-siteinventory-display-component---detailSiteInventory--hoItemsSmartTable-btnPersonalisation-img\"]"}
COMMAND: POST /session/707fd792500738763589addbb724467c/element/f.EAD07CEE226E3AF466CD8E35709995F4.d.4730293BC72C70196411FF18B141FBF6.e.3966/click - {}
RESULT: {}
COMMAND: GET /session/707fd792500738763589addbb724467c/screenshot - {}
RESULT: {}
COMMAND: POST /session/707fd792500738763589addbb724467c/element - {"using":"xpath","value":"//input[contains(@id ,\"searchField-I\")]"}
RESULT: {"using":"xpath","value":"//input[contains(@id ,\"searchField-I\")]"}
COMMAND: POST /session/707fd792500738763589addbb724467c/element/f.EAD07CEE226E3AF466CD8E35709995F4.d.4730293BC72C70196411FF18B141FBF6.e.3970/clear - {}
RESULT: {}
COMMAND: POST /session/707fd792500738763589addbb724467c/element/f.EAD07CEE226E3AF466CD8E35709995F4.d.4730293BC72C70196411FF18B141FBF6.e.3970/value - {"text":"Handover Returned"}
COMMAND: GET /session/707fd792500738763589addbb724467c/screenshot - {}
RESULT: {"text":"Handover Returned"}
COMMAND: GET /session/707fd792500738763589addbb724467c/screenshot - {}
RESULT: {}
RESULT: {}
COMMAND: POST /session/707fd792500738763589addbb724467c/element - {"using":"xpath","value":"//div[contains(@id ,\"innerSelectionPanelTable-sa-CbBg\")]"}
RESULT: {"using":"xpath","value":"//div[contains(@id ,\"innerSelectionPanelTable-sa-CbBg\")]"}
COMMAND: POST /session/707fd792500738763589addbb724467c/element/f.EAD07CEE226E3AF466CD8E35709995F4.d.4730293BC72C70196411FF18B141FBF6.e.3996/click - {}
RESULT: {}
COMMAND: POST /session/707fd792500738763589addbb724467c/execute/async - {"script":"<script> [1562 bytes]","args":[{"selector":{"controlType":"sap.m.Button","viewName":"etm.portal.ui.siteinventory.view.Detail","viewId":"application-siteinventory-display-component---detailSiteInventory","properties":{"text":"OK"},"searchOpenDialogs":true,"interaction":{"idSuffix":"BDI-content"}},"wdio_ui5_key":"etmportal.ui.siteinventory.view.Detailsap.m.Button{\"text\":\"OK\"}"}]}
COMMAND: GET /session/707fd792500738763589addbb724467c/screenshot - {}
RESULT: {"script":"<script> [1562 bytes]","args":[{"selector":{"controlType":"sap.m.Button","viewName":"etm.portal.ui.siteinventory.view.Detail","viewId":"application-siteinventory-display-component---detailSiteInventory","properties":{"text":"OK"},"searchOpenDialogs":true,"interaction":{"idSuffix":"BDI-content"}},"wdio_ui5_key":"etmportal.ui.siteinventory.view.Detailsap.m.Button{\"text\":\"OK\"}"}]}
RESULT: undefined
COMMAND: POST /session/707fd792500738763589addbb724467c/element - {"using":"xpath","value":"//*[@id=\"__popup35-confirmBtn\"]"}
RESULT: {}
RESULT: {"using":"xpath","value":"//*[@id=\"__popup35-confirmBtn\"]"}
COMMAND: POST /session/707fd792500738763589addbb724467c/element/f.EAD07CEE226E3AF466CD8E35709995F4.d.4730293BC72C70196411FF18B141FBF6.e.3998/click - {}
RESULT: {}
COMMAND: GET /session/707fd792500738763589addbb724467c/screenshot - {}
RESULT: {}
COMMAND: POST /session/707fd792500738763589addbb724467c/element - {"using":"css selector","value":"#shell-header-logo"}
RESULT: {"using":"css selector","value":"#shell-header-logo"}
COMMAND: POST /session/707fd792500738763589addbb724467c/element/f.EAD07CEE226E3AF466CD8E35709995F4.d.4730293BC72C70196411FF18B141FBF6.e.3668/click - {}
RESULT: {}
COMMAND: GET /session/707fd792500738763589addbb724467c/screenshot - {}
RESULT: {}
COMMAND: POST /session/707fd792500738763589addbb724467c/execute/async - {"script":"<script> [1562 bytes]","args":[{"selector":{"controlType":"sap.m.GenericTile","properties":{"header":"Manage Handovers"}},"wdio_ui5_key":"sapm.GenericTile{\"header\":\"Manage Handovers\"}"}]}
RESULT: {"script":"<script> [1562 bytes]","args":[{"selector":{"controlType":"sap.m.GenericTile","properties":{"header":"Manage Handovers"}},"wdio_ui5_key":"sapm.GenericTile{\"header\":\"Manage Handovers\"}"}]}
RESULT: undefined
COMMAND: POST /session/707fd792500738763589addbb724467c/element - {"using":"xpath","value":"//*[@id=\"__tile132\"]"}
RESULT: {"using":"xpath","value":"//*[@id=\"__tile132\"]"}
COMMAND: POST /session/707fd792500738763589addbb724467c/element/f.EAD07CEE226E3AF466CD8E35709995F4.d.4730293BC72C70196411FF18B141FBF6.e.3711/click - {}
RESULT: {}
COMMAND: GET /session/707fd792500738763589addbb724467c/screenshot - {}
RESULT: {}
COMMAND: POST /session/707fd792500738763589addbb724467c/elements - {"using":"xpath","value":"//span[text()='Error']"}
RESULT: {"using":"xpath","value":"//span[text()='Error']"}
COMMAND: POST /session/707fd792500738763589addbb724467c/element - {"using":"xpath","value":"//button[@data-kt=\"masterHOAddButton\"]"}
RESULT: {"using":"xpath","value":"//button[@data-kt=\"masterHOAddButton\"]"}
COMMAND: POST /session/707fd792500738763589addbb724467c/elements - {"using":"xpath","value":"//button[@data-kt=\"masterHOAddButton\"]"}
RESULT: {"using":"xpath","value":"//button[@data-kt=\"masterHOAddButton\"]"}
COMMAND: POST /session/707fd792500738763589addbb724467c/execute/sync - {"script":"<script> [8489 bytes]","args":[{"element-6066-11e4-a52e-4f735466cecf":"f.EAD07CEE226E3AF466CD8E35709995F4.d.4730293BC72C70196411FF18B141FBF6.e.4039","ELEMENT":"f.EAD07CEE226E3AF466CD8E35709995F4.d.4730293BC72C70196411FF18B141FBF6.e.4039"}]}
RESULT: {"script":"<script> [8489 bytes]","args":[{"element-6066-11e4-a52e-4f735466cecf":"f.EAD07CEE226E3AF466CD8E35709995F4.d.4730293BC72C70196411FF18B141FBF6.e.4039","ELEMENT":"f.EAD07CEE226E3AF466CD8E35709995F4.d.4730293BC72C70196411FF18B141FBF6.e.4039"}]}
COMMAND: GET /session/707fd792500738763589addbb724467c/element/f.EAD07CEE226E3AF466CD8E35709995F4.d.4730293BC72C70196411FF18B141FBF6.e.4039/enabled - {}
COMMAND: GET /session/707fd792500738763589addbb724467c/screenshot - {}
RESULT: {}
COMMAND: POST /session/707fd792500738763589addbb724467c/execute/sync - {"script":"<script> [8489 bytes]","args":[{"element-6066-11e4-a52e-4f735466cecf":"f.EAD07CEE226E3AF466CD8E35709995F4.d.4730293BC72C70196411FF18B141FBF6.e.4039","ELEMENT":"f.EAD07CEE226E3AF466CD8E35709995F4.d.4730293BC72C70196411FF18B141FBF6.e.4039"}]}
COMMAND: GET /session/707fd792500738763589addbb724467c/screenshot - {}
RESULT: {}
RESULT: {"script":"<script> [8489 bytes]","args":[{"element-6066-11e4-a52e-4f735466cecf":"f.EAD07CEE226E3AF466CD8E35709995F4.d.4730293BC72C70196411FF18B141FBF6.e.4039","ELEMENT":"f.EAD07CEE226E3AF466CD8E35709995F4.d.4730293BC72C70196411FF18B141FBF6.e.4039"}]}
COMMAND: POST /session/707fd792500738763589addbb724467c/execute/sync - {"script":"<script> [5351 bytes]","args":[{"element-6066-11e4-a52e-4f735466cecf":"f.EAD07CEE226E3AF466CD8E35709995F4.d.4730293BC72C70196411FF18B141FBF6.e.4039","ELEMENT":"f.EAD07CEE226E3AF466CD8E35709995F4.d.4730293BC72C70196411FF18B141FBF6.e.4039"}]}
COMMAND: GET /session/707fd792500738763589addbb724467c/screenshot - {}
RESULT: {}
RESULT: {"script":"<script> [5351 bytes]","args":[{"element-6066-11e4-a52e-4f735466cecf":"f.EAD07CEE226E3AF466CD8E35709995F4.d.4730293BC72C70196411FF18B141FBF6.e.4039","ELEMENT":"f.EAD07CEE226E3AF466CD8E35709995F4.d.4730293BC72C70196411FF18B141FBF6.e.4039"}]}
COMMAND: GET /session/707fd792500738763589addbb724467c/screenshot - {}
RESULT: {}
RESULT: {}
COMMAND: POST /session/707fd792500738763589addbb724467c/element - {"using":"xpath","value":"//span[contains(@id ,\"filterItemControl_BASIC-SEND_CONTRACT-vhi\")]"}
RESULT: {"using":"xpath","value":"//span[contains(@id ,\"filterItemControl_BASIC-SEND_CONTRACT-vhi\")]"}
COMMAND: POST /session/707fd792500738763589addbb724467c/element/f.EAD07CEE226E3AF466CD8E35709995F4.d.4730293BC72C70196411FF18B141FBF6.e.4069/click - {}
RESULT: {}
COMMAND: GET /session/707fd792500738763589addbb724467c/screenshot - {}
RESULT: {}
COMMAND: POST /session/707fd792500738763589addbb724467c/execute/async - {"script":"<script> [1562 bytes]","args":[{"selector":{"controlType":"sap.m.SearchField","viewName":"etm.portal.ui.managehandovers.view.MasterHO","bindingPath":{"path":"","propertyPath":"/_BASIC_SEARCH_FIELD","modelName":"fi1t3rM0d31"},"searchOpenDialogs":true,"interaction":{"idSuffix":"I"}},"wdio_ui5_key":"etmportal.ui.managehandovers.view.MasterHOsap.m.SearchField{\"path\":\"\",\"propertyPath\":\"/_BASIC_SEARCH_FIELD\",\"modelName\":\"fi1t3rM0d31\"}"}]}
RESULT: {"script":"<script> [1562 bytes]","args":[{"selector":{"controlType":"sap.m.SearchField","viewName":"etm.portal.ui.managehandovers.view.MasterHO","bindingPath":{"path":"","propertyPath":"/_BASIC_SEARCH_FIELD","modelName":"fi1t3rM0d31"},"searchOpenDialogs":true,"interaction":{"idSuffix":"I"}},"wdio_ui5_key":"etmportal.ui.managehandovers.view.MasterHOsap.m.SearchField{\"path\":\"\",\"propertyPath\":\"/_BASIC_SEARCH_FIELD\",\"modelName\":\"fi1t3rM0d31\"}"}]}
RESULT: undefined
COMMAND: POST /session/707fd792500738763589addbb724467c/execute/async - {"script":"<script> [776 bytes]","args":[{"enterText":null,"selector":{"controlType":"sap.m.SearchField","viewName":"etm.portal.ui.managehandovers.view.MasterHO","bindingPath":{"path":"","propertyPath":"/_BASIC_SEARCH_FIELD","modelName":"fi1t3rM0d31"},"searchOpenDialogs":true,"interaction":{"idSuffix":"I"}},"clearTextFirst":true,"interactionType":"ENTER_TEXT"}]}
RESULT: {"script":"<script> [776 bytes]","args":[{"enterText":null,"selector":{"controlType":"sap.m.SearchField","viewName":"etm.portal.ui.managehandovers.view.MasterHO","bindingPath":{"path":"","propertyPath":"/_BASIC_SEARCH_FIELD","modelName":"fi1t3rM0d31"},"searchOpenDialogs":true,"interaction":{"idSuffix":"I"}},"clearTextFirst":true,"interactionType":"ENTER_TEXT"}]}
COMMAND: POST /session/707fd792500738763589addbb724467c/actions - {"actions":[{"id":"action13","type":"key","parameters":{},"actions":[{"type":"keyDown","value":""},{"type":"pause","duration":10},{"type":"keyUp","value":""}]}]}
RESULT: {"actions":[{"id":"action13","type":"key","parameters":{},"actions":[{"type":"keyDown","value":""},{"type":"pause","duration":10},{"type":"keyUp","value":""}]}]}
COMMAND: GET /session/707fd792500738763589addbb724467c/screenshot - {}
RESULT: {}
COMMAND: POST /session/707fd792500738763589addbb724467c/element - {"using":"xpath","value":"//div[contains(@id, 'filterItemControl_BASIC-SEND_CONTRACT-valueHelpDialog-table-rowsel0')]"}
RESULT: {"using":"xpath","value":"//div[contains(@id, 'filterItemControl_BASIC-SEND_CONTRACT-valueHelpDialog-table-rowsel0')]"}
COMMAND: POST /session/707fd792500738763589addbb724467c/element/f.EAD07CEE226E3AF466CD8E35709995F4.d.4730293BC72C70196411FF18B141FBF6.e.4079/click - {}
RESULT: {}
COMMAND: GET /session/707fd792500738763589addbb724467c/screenshot - {}
RESULT: {}
COMMAND: POST /session/707fd792500738763589addbb724467c/element - {"using":"xpath","value":"//bdi[contains(text(), \"OK\")]"}
RESULT: {"using":"xpath","value":"//bdi[contains(text(), \"OK\")]"}
COMMAND: POST /session/707fd792500738763589addbb724467c/element/f.EAD07CEE226E3AF466CD8E35709995F4.d.4730293BC72C70196411FF18B141FBF6.e.4081/click - {}
RESULT: {}
COMMAND: GET /session/707fd792500738763589addbb724467c/screenshot - {}
RESULT: {}
COMMAND: POST /session/707fd792500738763589addbb724467c/element - {"using":"xpath","value":"//span[contains(@id, \"smartTable-header-inner\")]"}
RESULT: {"using":"xpath","value":"//span[contains(@id, \"smartTable-header-inner\")]"}
COMMAND: POST /session/707fd792500738763589addbb724467c/elements - {"using":"xpath","value":"//span[contains(@id, \"smartTable-header-inner\")]"}
RESULT: {"using":"xpath","value":"//span[contains(@id, \"smartTable-header-inner\")]"}
COMMAND: POST /session/707fd792500738763589addbb724467c/execute/sync - {"script":"<script> [56 bytes]","args":[{"element-6066-11e4-a52e-4f735466cecf":"f.EAD07CEE226E3AF466CD8E35709995F4.d.4730293BC72C70196411FF18B141FBF6.e.4093","ELEMENT":"f.EAD07CEE226E3AF466CD8E35709995F4.d.4730293BC72C70196411FF18B141FBF6.e.4093"}]}
RESULT: {"script":"<script> [56 bytes]","args":[{"element-6066-11e4-a52e-4f735466cecf":"f.EAD07CEE226E3AF466CD8E35709995F4.d.4730293BC72C70196411FF18B141FBF6.e.4093","ELEMENT":"f.EAD07CEE226E3AF466CD8E35709995F4.d.4730293BC72C70196411FF18B141FBF6.e.4093"}]}
COMMAND: GET /session/707fd792500738763589addbb724467c/screenshot - {}
COMMAND: GET /session/707fd792500738763589addbb724467c/screenshot - {}
RESULT: {}
COMMAND: GET /session/707fd792500738763589addbb724467c/screenshot - {}
COMMAND: GET /session/707fd792500738763589addbb724467c/screenshot - {}
RESULT: {}
RESULT: {}
RESULT: {}
COMMAND: DELETE /session/707fd792500738763589addbb724467c - {}
RESULT: {}
]]></system-out>
      <system-err><![CDATA[
Error: expect(received).toEqual(expected) // deep equality

Expected: "Records (1)"
Received: "Records"
    at Context.<anonymous> (D:\a\1\s\test\specs\HTR\site-overview-return.spec.js:148:31)
]]></system-err>
    </testcase>
  </testsuite>
</testsuites>