<?xml version="1.0" encoding="UTF-8"?>
<testsuites tests="15" failures="6" errors="6" skipped="0">
  <testsuite timestamp="2025-06-04T16:33:39" time="904.321" tests="9" failures="5" errors="5" skipped="0">
    <properties>
      <property name="specId" value="0" />
      <property name="suiteName" value="Prerequisites &amp; test for yard mass return on Yard Overview US131057" />
      <property name="capabilities" value="chrome.137_0_7151_56.windows" />
      <property name="file" value="file:///D:/a/1/s/test/specs/HTR/yard-mass-return.spec.js" />
    </properties>
    <testcase classname="chrome.137_0_7151_56.windows.Prerequisites_&amp;_test_for_yard_mass_return_on_Yard_Overview_US131057" name="Prereq Should create a new yard used for all following tests" time="122.165">
      <system-out><![CDATA[
COMMAND: POST /session/521154baa6f59f62cd3109f9d0bb8afd/window/fullscreen - {}
RESULT: {}
COMMAND: POST /session/521154baa6f59f62cd3109f9d0bb8afd/execute/async - {"script":"<script> [1562 bytes]","args":[{"selector":{"controlType":"sap.m.GenericTile","properties":{"header":"Manage Yards"}},"wdio_ui5_key":"sapm.GenericTile{\"header\":\"Manage Yards\"}"}]}
RESULT: {"script":"<script> [1562 bytes]","args":[{"selector":{"controlType":"sap.m.GenericTile","properties":{"header":"Manage Yards"}},"wdio_ui5_key":"sapm.GenericTile{\"header\":\"Manage Yards\"}"}]}
RESULT: undefined
COMMAND: POST /session/521154baa6f59f62cd3109f9d0bb8afd/element - {"using":"xpath","value":"//*[@id=\"__tile41\"]"}
RESULT: {"using":"xpath","value":"//*[@id=\"__tile41\"]"}
COMMAND: POST /session/521154baa6f59f62cd3109f9d0bb8afd/element/f.0203AB6512B0FDC94F4CE617B082193D.d.33DEC5362A25F165A30B2D4AD8E4C3C8.e.150/click - {}
RESULT: {}
COMMAND: GET /session/521154baa6f59f62cd3109f9d0bb8afd/screenshot - {}
RESULT: {}
COMMAND: POST /session/521154baa6f59f62cd3109f9d0bb8afd/elements - {"using":"xpath","value":"//span[text()='Error']"}
RESULT: {"using":"xpath","value":"//span[text()='Error']"}
COMMAND: POST /session/521154baa6f59f62cd3109f9d0bb8afd/element - {"using":"xpath","value":"//button[@data-kt=\"addNewYardOverflowToolbarButton\"]"}
RESULT: {"using":"xpath","value":"//button[@data-kt=\"addNewYardOverflowToolbarButton\"]"}
COMMAND: POST /session/521154baa6f59f62cd3109f9d0bb8afd/elements - {"using":"xpath","value":"//button[@data-kt=\"addNewYardOverflowToolbarButton\"]"}
RESULT: {"using":"xpath","value":"//button[@data-kt=\"addNewYardOverflowToolbarButton\"]"}
COMMAND: POST /session/521154baa6f59f62cd3109f9d0bb8afd/execute/sync - {"script":"<script> [8489 bytes]","args":[{"element-6066-11e4-a52e-4f735466cecf":"f.0203AB6512B0FDC94F4CE617B082193D.d.33DEC5362A25F165A30B2D4AD8E4C3C8.e.287","ELEMENT":"f.0203AB6512B0FDC94F4CE617B082193D.d.33DEC5362A25F165A30B2D4AD8E4C3C8.e.287"}]}
RESULT: {"script":"<script> [8489 bytes]","args":[{"element-6066-11e4-a52e-4f735466cecf":"f.0203AB6512B0FDC94F4CE617B082193D.d.33DEC5362A25F165A30B2D4AD8E4C3C8.e.287","ELEMENT":"f.0203AB6512B0FDC94F4CE617B082193D.d.33DEC5362A25F165A30B2D4AD8E4C3C8.e.287"}]}
COMMAND: GET /session/521154baa6f59f62cd3109f9d0bb8afd/element/f.0203AB6512B0FDC94F4CE617B082193D.d.33DEC5362A25F165A30B2D4AD8E4C3C8.e.287/enabled - {}
COMMAND: GET /session/521154baa6f59f62cd3109f9d0bb8afd/screenshot - {}
RESULT: {}
COMMAND: POST /session/521154baa6f59f62cd3109f9d0bb8afd/execute/sync - {"script":"<script> [8489 bytes]","args":[{"element-6066-11e4-a52e-4f735466cecf":"f.0203AB6512B0FDC94F4CE617B082193D.d.33DEC5362A25F165A30B2D4AD8E4C3C8.e.287","ELEMENT":"f.0203AB6512B0FDC94F4CE617B082193D.d.33DEC5362A25F165A30B2D4AD8E4C3C8.e.287"}]}
COMMAND: GET /session/521154baa6f59f62cd3109f9d0bb8afd/screenshot - {}
RESULT: {}
RESULT: {"script":"<script> [8489 bytes]","args":[{"element-6066-11e4-a52e-4f735466cecf":"f.0203AB6512B0FDC94F4CE617B082193D.d.33DEC5362A25F165A30B2D4AD8E4C3C8.e.287","ELEMENT":"f.0203AB6512B0FDC94F4CE617B082193D.d.33DEC5362A25F165A30B2D4AD8E4C3C8.e.287"}]}
COMMAND: POST /session/521154baa6f59f62cd3109f9d0bb8afd/execute/sync - {"script":"<script> [5351 bytes]","args":[{"element-6066-11e4-a52e-4f735466cecf":"f.0203AB6512B0FDC94F4CE617B082193D.d.33DEC5362A25F165A30B2D4AD8E4C3C8.e.287","ELEMENT":"f.0203AB6512B0FDC94F4CE617B082193D.d.33DEC5362A25F165A30B2D4AD8E4C3C8.e.287"}]}
COMMAND: GET /session/521154baa6f59f62cd3109f9d0bb8afd/screenshot - {}
RESULT: {}
RESULT: {"script":"<script> [5351 bytes]","args":[{"element-6066-11e4-a52e-4f735466cecf":"f.0203AB6512B0FDC94F4CE617B082193D.d.33DEC5362A25F165A30B2D4AD8E4C3C8.e.287","ELEMENT":"f.0203AB6512B0FDC94F4CE617B082193D.d.33DEC5362A25F165A30B2D4AD8E4C3C8.e.287"}]}
COMMAND: POST /session/521154baa6f59f62cd3109f9d0bb8afd/element/f.0203AB6512B0FDC94F4CE617B082193D.d.33DEC5362A25F165A30B2D4AD8E4C3C8.e.287/click - {}
COMMAND: GET /session/521154baa6f59f62cd3109f9d0bb8afd/screenshot - {}
RESULT: {}
RESULT: {}
COMMAND: GET /session/521154baa6f59f62cd3109f9d0bb8afd/screenshot - {}
RESULT: {}
COMMAND: POST /session/521154baa6f59f62cd3109f9d0bb8afd/element - {"using":"xpath","value":"//input[@id=\"application-manageyards-display-component---NewYard--yardId-inner\"]"}
RESULT: {}
RESULT: {"using":"xpath","value":"//input[@id=\"application-manageyards-display-component---NewYard--yardId-inner\"]"}
COMMAND: POST /session/521154baa6f59f62cd3109f9d0bb8afd/element - {"using":"xpath","value":"//input[@id=\"application-manageyards-display-component---NewYard--yardId-inner\"]"}
RESULT: {"using":"xpath","value":"//input[@id=\"application-manageyards-display-component---NewYard--yardId-inner\"]"}
COMMAND: POST /session/521154baa6f59f62cd3109f9d0bb8afd/execute/async - {"script":"<script> [1562 bytes]","args":[{"selector":{"id":"application-manageyards-display-component---NewYard--addressDetailDetailsName1","interaction":{"idSuffix":"inner"}},"wdio_ui5_key":"applicationmanageyards-display-component---NewYard--addressDetailDetailsName1"}]}
RESULT: {"script":"<script> [1562 bytes]","args":[{"selector":{"id":"application-manageyards-display-component---NewYard--addressDetailDetailsName1","interaction":{"idSuffix":"inner"}},"wdio_ui5_key":"applicationmanageyards-display-component---NewYard--addressDetailDetailsName1"}]}
RESULT: undefined
COMMAND: POST /session/521154baa6f59f62cd3109f9d0bb8afd/execute/async - {"script":"<script> [776 bytes]","args":[{"enterText":"Other Yard WDIO","selector":{"id":"application-manageyards-display-component---NewYard--addressDetailDetailsName1","interaction":{"idSuffix":"inner"}},"clearTextFirst":true,"interactionType":"ENTER_TEXT"}]}
RESULT: {"script":"<script> [776 bytes]","args":[{"enterText":"Other Yard WDIO","selector":{"id":"application-manageyards-display-component---NewYard--addressDetailDetailsName1","interaction":{"idSuffix":"inner"}},"clearTextFirst":true,"interactionType":"ENTER_TEXT"}]}
COMMAND: POST /session/521154baa6f59f62cd3109f9d0bb8afd/execute/async - {"script":"<script> [1562 bytes]","args":[{"selector":{"id":"application-manageyards-display-component---NewYard--addressDetailDetailsLanguage-arrow"},"wdio_ui5_key":"applicationmanageyards-display-component---NewYard--addressDetailDetailsLanguage-arrow"}]}
RESULT: {"script":"<script> [1562 bytes]","args":[{"selector":{"id":"application-manageyards-display-component---NewYard--addressDetailDetailsLanguage-arrow"},"wdio_ui5_key":"applicationmanageyards-display-component---NewYard--addressDetailDetailsLanguage-arrow"}]}
RESULT: undefined
COMMAND: POST /session/521154baa6f59f62cd3109f9d0bb8afd/element - {"using":"xpath","value":"//*[@id=\"application-manageyards-display-component---NewYard--addressDetailDetailsLanguage-arrow\"]"}
RESULT: {"using":"xpath","value":"//*[@id=\"application-manageyards-display-component---NewYard--addressDetailDetailsLanguage-arrow\"]"}
COMMAND: POST /session/521154baa6f59f62cd3109f9d0bb8afd/element/f.0203AB6512B0FDC94F4CE617B082193D.d.33DEC5362A25F165A30B2D4AD8E4C3C8.e.717/click - {}
RESULT: {}
COMMAND: POST /session/521154baa6f59f62cd3109f9d0bb8afd/element - {"using":"xpath","value":"//span[contains(text(), \"English\")]"}
COMMAND: GET /session/521154baa6f59f62cd3109f9d0bb8afd/screenshot - {}
RESULT: {"using":"xpath","value":"//span[contains(text(), \"English\")]"}
COMMAND: POST /session/521154baa6f59f62cd3109f9d0bb8afd/element/f.0203AB6512B0FDC94F4CE617B082193D.d.33DEC5362A25F165A30B2D4AD8E4C3C8.e.718/click - {}
RESULT: {}
RESULT: {}
COMMAND: POST /session/521154baa6f59f62cd3109f9d0bb8afd/execute/async - {"script":"<script> [1562 bytes]","args":[{"selector":{"id":"application-manageyards-display-component---NewYard--addressDetailDetailsCity1","interaction":{"idSuffix":"inner"}},"wdio_ui5_key":"applicationmanageyards-display-component---NewYard--addressDetailDetailsCity1"}]}
COMMAND: GET /session/521154baa6f59f62cd3109f9d0bb8afd/screenshot - {}
RESULT: {"script":"<script> [1562 bytes]","args":[{"selector":{"id":"application-manageyards-display-component---NewYard--addressDetailDetailsCity1","interaction":{"idSuffix":"inner"}},"wdio_ui5_key":"applicationmanageyards-display-component---NewYard--addressDetailDetailsCity1"}]}
RESULT: undefined
COMMAND: POST /session/521154baa6f59f62cd3109f9d0bb8afd/execute/async - {"script":"<script> [776 bytes]","args":[{"enterText":"Rosario","selector":{"id":"application-manageyards-display-component---NewYard--addressDetailDetailsCity1","interaction":{"idSuffix":"inner"}},"clearTextFirst":true,"interactionType":"ENTER_TEXT"}]}
RESULT: {}
RESULT: {"script":"<script> [776 bytes]","args":[{"enterText":"Rosario","selector":{"id":"application-manageyards-display-component---NewYard--addressDetailDetailsCity1","interaction":{"idSuffix":"inner"}},"clearTextFirst":true,"interactionType":"ENTER_TEXT"}]}
COMMAND: POST /session/521154baa6f59f62cd3109f9d0bb8afd/execute/async - {"script":"<script> [1562 bytes]","args":[{"selector":{"id":"application-manageyards-display-component---NewYard--addressDetailDetailsCountry-arrow"},"wdio_ui5_key":"applicationmanageyards-display-component---NewYard--addressDetailDetailsCountry-arrow"}]}
RESULT: {"script":"<script> [1562 bytes]","args":[{"selector":{"id":"application-manageyards-display-component---NewYard--addressDetailDetailsCountry-arrow"},"wdio_ui5_key":"applicationmanageyards-display-component---NewYard--addressDetailDetailsCountry-arrow"}]}
RESULT: undefined
COMMAND: POST /session/521154baa6f59f62cd3109f9d0bb8afd/element - {"using":"xpath","value":"//*[@id=\"application-manageyards-display-component---NewYard--addressDetailDetailsCountry-arrow\"]"}
RESULT: {"using":"xpath","value":"//*[@id=\"application-manageyards-display-component---NewYard--addressDetailDetailsCountry-arrow\"]"}
COMMAND: POST /session/521154baa6f59f62cd3109f9d0bb8afd/element/f.0203AB6512B0FDC94F4CE617B082193D.d.33DEC5362A25F165A30B2D4AD8E4C3C8.e.720/click - {}
RESULT: {}
COMMAND: POST /session/521154baa6f59f62cd3109f9d0bb8afd/element - {"using":"xpath","value":"//span[contains(text(), \"Argentina\")]"}
COMMAND: GET /session/521154baa6f59f62cd3109f9d0bb8afd/screenshot - {}
RESULT: {"using":"xpath","value":"//span[contains(text(), \"Argentina\")]"}
COMMAND: POST /session/521154baa6f59f62cd3109f9d0bb8afd/element/f.0203AB6512B0FDC94F4CE617B082193D.d.33DEC5362A25F165A30B2D4AD8E4C3C8.e.721/click - {}
RESULT: {}
RESULT: {}
COMMAND: POST /session/521154baa6f59f62cd3109f9d0bb8afd/execute/async - {"script":"<script> [1562 bytes]","args":[{"selector":{"id":"application-manageyards-display-component---NewYard--addressEditDetailsCostObjectCstType-arrow"},"wdio_ui5_key":"applicationmanageyards-display-component---NewYard--addressEditDetailsCostObjectCstType-arrow"}]}
COMMAND: GET /session/521154baa6f59f62cd3109f9d0bb8afd/screenshot - {}
RESULT: {"script":"<script> [1562 bytes]","args":[{"selector":{"id":"application-manageyards-display-component---NewYard--addressEditDetailsCostObjectCstType-arrow"},"wdio_ui5_key":"applicationmanageyards-display-component---NewYard--addressEditDetailsCostObjectCstType-arrow"}]}
RESULT: undefined
COMMAND: POST /session/521154baa6f59f62cd3109f9d0bb8afd/element - {"using":"xpath","value":"//*[@id=\"application-manageyards-display-component---NewYard--addressEditDetailsCostObjectCstType-arrow\"]"}
RESULT: {}
RESULT: {"using":"xpath","value":"//*[@id=\"application-manageyards-display-component---NewYard--addressEditDetailsCostObjectCstType-arrow\"]"}
COMMAND: POST /session/521154baa6f59f62cd3109f9d0bb8afd/element/f.0203AB6512B0FDC94F4CE617B082193D.d.33DEC5362A25F165A30B2D4AD8E4C3C8.e.723/click - {}
RESULT: {}
COMMAND: POST /session/521154baa6f59f62cd3109f9d0bb8afd/element - {"using":"xpath","value":"//span[contains(text(), \"Cost Center\")]"}
COMMAND: GET /session/521154baa6f59f62cd3109f9d0bb8afd/screenshot - {}
RESULT: {"using":"xpath","value":"//span[contains(text(), \"Cost Center\")]"}
COMMAND: POST /session/521154baa6f59f62cd3109f9d0bb8afd/element/f.0203AB6512B0FDC94F4CE617B082193D.d.33DEC5362A25F165A30B2D4AD8E4C3C8.e.724/click - {}
RESULT: {}
RESULT: {}
COMMAND: GET /session/521154baa6f59f62cd3109f9d0bb8afd/screenshot - {}
RESULT: {}
COMMAND: POST /session/521154baa6f59f62cd3109f9d0bb8afd/element - {"using":"xpath","value":"//span[@id=\"application-manageyards-display-component---NewYard--addressNewCostObjectCstID-vhi\"]"}
RESULT: {"using":"xpath","value":"//span[@id=\"application-manageyards-display-component---NewYard--addressNewCostObjectCstID-vhi\"]"}
COMMAND: POST /session/521154baa6f59f62cd3109f9d0bb8afd/execute/sync - {"script":"<script> [8489 bytes]","args":[{"element-6066-11e4-a52e-4f735466cecf":"f.0203AB6512B0FDC94F4CE617B082193D.d.33DEC5362A25F165A30B2D4AD8E4C3C8.e.728","ELEMENT":"f.0203AB6512B0FDC94F4CE617B082193D.d.33DEC5362A25F165A30B2D4AD8E4C3C8.e.728"}]}
RESULT: {"script":"<script> [8489 bytes]","args":[{"element-6066-11e4-a52e-4f735466cecf":"f.0203AB6512B0FDC94F4CE617B082193D.d.33DEC5362A25F165A30B2D4AD8E4C3C8.e.728","ELEMENT":"f.0203AB6512B0FDC94F4CE617B082193D.d.33DEC5362A25F165A30B2D4AD8E4C3C8.e.728"}]}
COMMAND: POST /session/521154baa6f59f62cd3109f9d0bb8afd/execute/async - {"script":"<script> [1562 bytes]","args":[{"selector":{"id":"application-manageyards-display-component---NewYard--addressNewCostObjectCstID-vhi"},"wdio_ui5_key":"applicationmanageyards-display-component---NewYard--addressNewCostObjectCstID-vhi"}]}
COMMAND: GET /session/521154baa6f59f62cd3109f9d0bb8afd/screenshot - {}
RESULT: {"script":"<script> [1562 bytes]","args":[{"selector":{"id":"application-manageyards-display-component---NewYard--addressNewCostObjectCstID-vhi"},"wdio_ui5_key":"applicationmanageyards-display-component---NewYard--addressNewCostObjectCstID-vhi"}]}
RESULT: undefined
COMMAND: POST /session/521154baa6f59f62cd3109f9d0bb8afd/element - {"using":"xpath","value":"//*[@id=\"application-manageyards-display-component---NewYard--addressNewCostObjectCstID-vhi\"]"}
RESULT: {}
RESULT: {"using":"xpath","value":"//*[@id=\"application-manageyards-display-component---NewYard--addressNewCostObjectCstID-vhi\"]"}
COMMAND: POST /session/521154baa6f59f62cd3109f9d0bb8afd/element/f.0203AB6512B0FDC94F4CE617B082193D.d.33DEC5362A25F165A30B2D4AD8E4C3C8.e.728/click - {}
RESULT: {}
COMMAND: GET /session/521154baa6f59f62cd3109f9d0bb8afd/screenshot - {}
RESULT: {}
COMMAND: POST /session/521154baa6f59f62cd3109f9d0bb8afd/execute/async - {"script":"<script> [1562 bytes]","args":[{"selector":{"controlType":"sap.m.SearchField","properties":{"placeholder":"Search"},"searchOpenDialogs":true,"interaction":{"idSuffix":"I"}},"wdio_ui5_key":"sapm.SearchField{\"placeholder\":\"Search\"}"}]}
RESULT: {"script":"<script> [1562 bytes]","args":[{"selector":{"controlType":"sap.m.SearchField","properties":{"placeholder":"Search"},"searchOpenDialogs":true,"interaction":{"idSuffix":"I"}},"wdio_ui5_key":"sapm.SearchField{\"placeholder\":\"Search\"}"}]}
RESULT: undefined
COMMAND: POST /session/521154baa6f59f62cd3109f9d0bb8afd/execute/async - {"script":"<script> [776 bytes]","args":[{"enterText":"bauh_b","selector":{"controlType":"sap.m.SearchField","properties":{"placeholder":"Search"},"searchOpenDialogs":true,"interaction":{"idSuffix":"I"}},"clearTextFirst":true,"interactionType":"ENTER_TEXT"}]}
RESULT: {"script":"<script> [776 bytes]","args":[{"enterText":"bauh_b","selector":{"controlType":"sap.m.SearchField","properties":{"placeholder":"Search"},"searchOpenDialogs":true,"interaction":{"idSuffix":"I"}},"clearTextFirst":true,"interactionType":"ENTER_TEXT"}]}
COMMAND: POST /session/521154baa6f59f62cd3109f9d0bb8afd/actions - {"actions":[{"id":"action1","type":"key","parameters":{},"actions":[{"type":"keyDown","value":"î€‡"},{"type":"pause","duration":10},{"type":"keyUp","value":"î€‡"}]}]}
RESULT: {"actions":[{"id":"action1","type":"key","parameters":{},"actions":[{"type":"keyDown","value":"î€‡"},{"type":"pause","duration":10},{"type":"keyUp","value":"î€‡"}]}]}
COMMAND: GET /session/521154baa6f59f62cd3109f9d0bb8afd/screenshot - {}
RESULT: {}
COMMAND: POST /session/521154baa6f59f62cd3109f9d0bb8afd/element - {"using":"xpath","value":"//span[contains(text(), \"Demo Yard\")]"}
RESULT: {"using":"xpath","value":"//span[contains(text(), \"Demo Yard\")]"}
COMMAND: POST /session/521154baa6f59f62cd3109f9d0bb8afd/element/f.0203AB6512B0FDC94F4CE617B082193D.d.33DEC5362A25F165A30B2D4AD8E4C3C8.e.770/click - {}
RESULT: {}
COMMAND: GET /session/521154baa6f59f62cd3109f9d0bb8afd/screenshot - {}
RESULT: {}
COMMAND: POST /session/521154baa6f59f62cd3109f9d0bb8afd/element - {"using":"xpath","value":"//bdi[contains(text(), \"OK\")]"}
RESULT: {"using":"xpath","value":"//bdi[contains(text(), \"OK\")]"}
COMMAND: POST /session/521154baa6f59f62cd3109f9d0bb8afd/element/f.0203AB6512B0FDC94F4CE617B082193D.d.33DEC5362A25F165A30B2D4AD8E4C3C8.e.771/click - {}
RESULT: {}
COMMAND: GET /session/521154baa6f59f62cd3109f9d0bb8afd/screenshot - {}
RESULT: {}
COMMAND: POST /session/521154baa6f59f62cd3109f9d0bb8afd/execute/async - {"script":"<script> [1562 bytes]","args":[{"selector":{"id":"application-manageyards-display-component---NewYard--addressEditDetailsCurrency-arrow"},"wdio_ui5_key":"applicationmanageyards-display-component---NewYard--addressEditDetailsCurrency-arrow"}]}
RESULT: {"script":"<script> [1562 bytes]","args":[{"selector":{"id":"application-manageyards-display-component---NewYard--addressEditDetailsCurrency-arrow"},"wdio_ui5_key":"applicationmanageyards-display-component---NewYard--addressEditDetailsCurrency-arrow"}]}
RESULT: undefined
COMMAND: POST /session/521154baa6f59f62cd3109f9d0bb8afd/element - {"using":"xpath","value":"//*[@id=\"application-manageyards-display-component---NewYard--addressEditDetailsCurrency-arrow\"]"}
RESULT: {"using":"xpath","value":"//*[@id=\"application-manageyards-display-component---NewYard--addressEditDetailsCurrency-arrow\"]"}
COMMAND: POST /session/521154baa6f59f62cd3109f9d0bb8afd/element/f.0203AB6512B0FDC94F4CE617B082193D.d.33DEC5362A25F165A30B2D4AD8E4C3C8.e.774/click - {}
RESULT: {}
COMMAND: POST /session/521154baa6f59f62cd3109f9d0bb8afd/element - {"using":"xpath","value":"//span[contains(text(), \"Euro\")]"}
COMMAND: GET /session/521154baa6f59f62cd3109f9d0bb8afd/screenshot - {}
RESULT: {"using":"xpath","value":"//span[contains(text(), \"Euro\")]"}
COMMAND: POST /session/521154baa6f59f62cd3109f9d0bb8afd/element/f.0203AB6512B0FDC94F4CE617B082193D.d.33DEC5362A25F165A30B2D4AD8E4C3C8.e.775/click - {}
RESULT: {}
RESULT: {}
COMMAND: POST /session/521154baa6f59f62cd3109f9d0bb8afd/execute/async - {"script":"<script> [1562 bytes]","args":[{"selector":{"controlType":"sap.m.Input","viewName":"etm.portal.ui.manageyards.view.New","viewId":"application-manageyards-display-component---NewYard","bindingPath":{"path":"","propertyPath":"/CONTROLLING_AREA","modelName":"NewYardModel"},"interaction":{"idSuffix":"inner"}},"wdio_ui5_key":"etmportal.ui.manageyards.view.Newsap.m.Input{\"path\":\"\",\"propertyPath\":\"/CONTROLLING_AREA\",\"modelName\":\"NewYardModel\"}"}]}
COMMAND: GET /session/521154baa6f59f62cd3109f9d0bb8afd/screenshot - {}
RESULT: {"script":"<script> [1562 bytes]","args":[{"selector":{"controlType":"sap.m.Input","viewName":"etm.portal.ui.manageyards.view.New","viewId":"application-manageyards-display-component---NewYard","bindingPath":{"path":"","propertyPath":"/CONTROLLING_AREA","modelName":"NewYardModel"},"interaction":{"idSuffix":"inner"}},"wdio_ui5_key":"etmportal.ui.manageyards.view.Newsap.m.Input{\"path\":\"\",\"propertyPath\":\"/CONTROLLING_AREA\",\"modelName\":\"NewYardModel\"}"}]}
RESULT: undefined
COMMAND: POST /session/521154baa6f59f62cd3109f9d0bb8afd/execute/async - {"script":"<script> [776 bytes]","args":[{"enterText":"Z001","selector":{"controlType":"sap.m.Input","viewName":"etm.portal.ui.manageyards.view.New","viewId":"application-manageyards-display-component---NewYard","bindingPath":{"path":"","propertyPath":"/CONTROLLING_AREA","modelName":"NewYardModel"},"interaction":{"idSuffix":"inner"}},"clearTextFirst":true,"interactionType":"ENTER_TEXT"}]}
RESULT: {}
RESULT: {"script":"<script> [776 bytes]","args":[{"enterText":"Z001","selector":{"controlType":"sap.m.Input","viewName":"etm.portal.ui.manageyards.view.New","viewId":"application-manageyards-display-component---NewYard","bindingPath":{"path":"","propertyPath":"/CONTROLLING_AREA","modelName":"NewYardModel"},"interaction":{"idSuffix":"inner"}},"clearTextFirst":true,"interactionType":"ENTER_TEXT"}]}
COMMAND: POST /session/521154baa6f59f62cd3109f9d0bb8afd/execute/async - {"script":"<script> [1562 bytes]","args":[{"selector":{"id":"application-manageyards-display-component---NewYard--companyCodeComboBox","interaction":{"idSuffix":"inner"}},"wdio_ui5_key":"applicationmanageyards-display-component---NewYard--companyCodeComboBox"}]}
RESULT: {"script":"<script> [1562 bytes]","args":[{"selector":{"id":"application-manageyards-display-component---NewYard--companyCodeComboBox","interaction":{"idSuffix":"inner"}},"wdio_ui5_key":"applicationmanageyards-display-component---NewYard--companyCodeComboBox"}]}
RESULT: undefined
COMMAND: POST /session/521154baa6f59f62cd3109f9d0bb8afd/execute/async - {"script":"<script> [776 bytes]","args":[{"enterText":"1000","selector":{"id":"application-manageyards-display-component---NewYard--companyCodeComboBox","interaction":{"idSuffix":"inner"}},"clearTextFirst":true,"interactionType":"ENTER_TEXT"}]}
RESULT: {"script":"<script> [776 bytes]","args":[{"enterText":"1000","selector":{"id":"application-manageyards-display-component---NewYard--companyCodeComboBox","interaction":{"idSuffix":"inner"}},"clearTextFirst":true,"interactionType":"ENTER_TEXT"}]}
COMMAND: POST /session/521154baa6f59f62cd3109f9d0bb8afd/execute/async - {"script":"<script> [1562 bytes]","args":[{"selector":{"controlType":"sap.m.Input","viewName":"etm.portal.ui.manageyards.view.New","viewId":"application-manageyards-display-component---NewYard","bindingPath":{"path":"","propertyPath":"/PLANT","modelName":"NewYardModel"},"interaction":{"idSuffix":"inner"}},"wdio_ui5_key":"etmportal.ui.manageyards.view.Newsap.m.Input{\"path\":\"\",\"propertyPath\":\"/PLANT\",\"modelName\":\"NewYardModel\"}"}]}
RESULT: {"script":"<script> [1562 bytes]","args":[{"selector":{"controlType":"sap.m.Input","viewName":"etm.portal.ui.manageyards.view.New","viewId":"application-manageyards-display-component---NewYard","bindingPath":{"path":"","propertyPath":"/PLANT","modelName":"NewYardModel"},"interaction":{"idSuffix":"inner"}},"wdio_ui5_key":"etmportal.ui.manageyards.view.Newsap.m.Input{\"path\":\"\",\"propertyPath\":\"/PLANT\",\"modelName\":\"NewYardModel\"}"}]}
RESULT: undefined
COMMAND: POST /session/521154baa6f59f62cd3109f9d0bb8afd/execute/async - {"script":"<script> [776 bytes]","args":[{"enterText":"1001","selector":{"controlType":"sap.m.Input","viewName":"etm.portal.ui.manageyards.view.New","viewId":"application-manageyards-display-component---NewYard","bindingPath":{"path":"","propertyPath":"/PLANT","modelName":"NewYardModel"},"interaction":{"idSuffix":"inner"}},"clearTextFirst":true,"interactionType":"ENTER_TEXT"}]}
RESULT: {"script":"<script> [776 bytes]","args":[{"enterText":"1001","selector":{"controlType":"sap.m.Input","viewName":"etm.portal.ui.manageyards.view.New","viewId":"application-manageyards-display-component---NewYard","bindingPath":{"path":"","propertyPath":"/PLANT","modelName":"NewYardModel"},"interaction":{"idSuffix":"inner"}},"clearTextFirst":true,"interactionType":"ENTER_TEXT"}]}
COMMAND: POST /session/521154baa6f59f62cd3109f9d0bb8afd/execute/async - {"script":"<script> [1562 bytes]","args":[{"selector":{"controlType":"sap.m.Input","viewName":"etm.portal.ui.manageyards.view.New","viewId":"application-manageyards-display-component---NewYard","bindingPath":{"path":"","propertyPath":"/SALES_AREA_VKORG","modelName":"NewYardModel"},"interaction":{"idSuffix":"inner"}},"wdio_ui5_key":"etmportal.ui.manageyards.view.Newsap.m.Input{\"path\":\"\",\"propertyPath\":\"/SALES_AREA_VKORG\",\"modelName\":\"NewYardModel\"}"}]}
RESULT: {"script":"<script> [1562 bytes]","args":[{"selector":{"controlType":"sap.m.Input","viewName":"etm.portal.ui.manageyards.view.New","viewId":"application-manageyards-display-component---NewYard","bindingPath":{"path":"","propertyPath":"/SALES_AREA_VKORG","modelName":"NewYardModel"},"interaction":{"idSuffix":"inner"}},"wdio_ui5_key":"etmportal.ui.manageyards.view.Newsap.m.Input{\"path\":\"\",\"propertyPath\":\"/SALES_AREA_VKORG\",\"modelName\":\"NewYardModel\"}"}]}
RESULT: undefined
COMMAND: POST /session/521154baa6f59f62cd3109f9d0bb8afd/execute/async - {"script":"<script> [776 bytes]","args":[{"enterText":"C002","selector":{"controlType":"sap.m.Input","viewName":"etm.portal.ui.manageyards.view.New","viewId":"application-manageyards-display-component---NewYard","bindingPath":{"path":"","propertyPath":"/SALES_AREA_VKORG","modelName":"NewYardModel"},"interaction":{"idSuffix":"inner"}},"clearTextFirst":true,"interactionType":"ENTER_TEXT"}]}
RESULT: {"script":"<script> [776 bytes]","args":[{"enterText":"C002","selector":{"controlType":"sap.m.Input","viewName":"etm.portal.ui.manageyards.view.New","viewId":"application-manageyards-display-component---NewYard","bindingPath":{"path":"","propertyPath":"/SALES_AREA_VKORG","modelName":"NewYardModel"},"interaction":{"idSuffix":"inner"}},"clearTextFirst":true,"interactionType":"ENTER_TEXT"}]}
COMMAND: POST /session/521154baa6f59f62cd3109f9d0bb8afd/execute/async - {"script":"<script> [1562 bytes]","args":[{"selector":{"controlType":"sap.m.Input","viewName":"etm.portal.ui.manageyards.view.New","viewId":"application-manageyards-display-component---NewYard","bindingPath":{"path":"","propertyPath":"/SALES_AREA_VTWEG","modelName":"NewYardModel"},"interaction":{"idSuffix":"inner"}},"wdio_ui5_key":"etmportal.ui.manageyards.view.Newsap.m.Input{\"path\":\"\",\"propertyPath\":\"/SALES_AREA_VTWEG\",\"modelName\":\"NewYardModel\"}"}]}
RESULT: {"script":"<script> [1562 bytes]","args":[{"selector":{"controlType":"sap.m.Input","viewName":"etm.portal.ui.manageyards.view.New","viewId":"application-manageyards-display-component---NewYard","bindingPath":{"path":"","propertyPath":"/SALES_AREA_VTWEG","modelName":"NewYardModel"},"interaction":{"idSuffix":"inner"}},"wdio_ui5_key":"etmportal.ui.manageyards.view.Newsap.m.Input{\"path\":\"\",\"propertyPath\":\"/SALES_AREA_VTWEG\",\"modelName\":\"NewYardModel\"}"}]}
RESULT: undefined
COMMAND: POST /session/521154baa6f59f62cd3109f9d0bb8afd/execute/async - {"script":"<script> [776 bytes]","args":[{"enterText":"C2","selector":{"controlType":"sap.m.Input","viewName":"etm.portal.ui.manageyards.view.New","viewId":"application-manageyards-display-component---NewYard","bindingPath":{"path":"","propertyPath":"/SALES_AREA_VTWEG","modelName":"NewYardModel"},"interaction":{"idSuffix":"inner"}},"clearTextFirst":true,"interactionType":"ENTER_TEXT"}]}
RESULT: {"script":"<script> [776 bytes]","args":[{"enterText":"C2","selector":{"controlType":"sap.m.Input","viewName":"etm.portal.ui.manageyards.view.New","viewId":"application-manageyards-display-component---NewYard","bindingPath":{"path":"","propertyPath":"/SALES_AREA_VTWEG","modelName":"NewYardModel"},"interaction":{"idSuffix":"inner"}},"clearTextFirst":true,"interactionType":"ENTER_TEXT"}]}
COMMAND: POST /session/521154baa6f59f62cd3109f9d0bb8afd/execute/async - {"script":"<script> [1562 bytes]","args":[{"selector":{"controlType":"sap.m.Input","viewName":"etm.portal.ui.manageyards.view.New","viewId":"application-manageyards-display-component---NewYard","bindingPath":{"path":"","propertyPath":"/SALES_AREA_SPART","modelName":"NewYardModel"},"interaction":{"idSuffix":"inner"}},"wdio_ui5_key":"etmportal.ui.manageyards.view.Newsap.m.Input{\"path\":\"\",\"propertyPath\":\"/SALES_AREA_SPART\",\"modelName\":\"NewYardModel\"}"}]}
RESULT: {"script":"<script> [1562 bytes]","args":[{"selector":{"controlType":"sap.m.Input","viewName":"etm.portal.ui.manageyards.view.New","viewId":"application-manageyards-display-component---NewYard","bindingPath":{"path":"","propertyPath":"/SALES_AREA_SPART","modelName":"NewYardModel"},"interaction":{"idSuffix":"inner"}},"wdio_ui5_key":"etmportal.ui.manageyards.view.Newsap.m.Input{\"path\":\"\",\"propertyPath\":\"/SALES_AREA_SPART\",\"modelName\":\"NewYardModel\"}"}]}
RESULT: undefined
COMMAND: POST /session/521154baa6f59f62cd3109f9d0bb8afd/execute/async - {"script":"<script> [776 bytes]","args":[{"enterText":"C2","selector":{"controlType":"sap.m.Input","viewName":"etm.portal.ui.manageyards.view.New","viewId":"application-manageyards-display-component---NewYard","bindingPath":{"path":"","propertyPath":"/SALES_AREA_SPART","modelName":"NewYardModel"},"interaction":{"idSuffix":"inner"}},"clearTextFirst":true,"interactionType":"ENTER_TEXT"}]}
RESULT: {"script":"<script> [776 bytes]","args":[{"enterText":"C2","selector":{"controlType":"sap.m.Input","viewName":"etm.portal.ui.manageyards.view.New","viewId":"application-manageyards-display-component---NewYard","bindingPath":{"path":"","propertyPath":"/SALES_AREA_SPART","modelName":"NewYardModel"},"interaction":{"idSuffix":"inner"}},"clearTextFirst":true,"interactionType":"ENTER_TEXT"}]}
COMMAND: POST /session/521154baa6f59f62cd3109f9d0bb8afd/execute/async - {"script":"<script> [1562 bytes]","args":[{"selector":{"controlType":"sap.m.Input","viewName":"etm.portal.ui.manageyards.view.New","viewId":"application-manageyards-display-component---NewYard","bindingPath":{"path":"","propertyPath":"/SHIP_POINT","modelName":"NewYardModel"},"interaction":{"idSuffix":"inner"}},"wdio_ui5_key":"etmportal.ui.manageyards.view.Newsap.m.Input{\"path\":\"\",\"propertyPath\":\"/SHIP_POINT\",\"modelName\":\"NewYardModel\"}"}]}
RESULT: {"script":"<script> [1562 bytes]","args":[{"selector":{"controlType":"sap.m.Input","viewName":"etm.portal.ui.manageyards.view.New","viewId":"application-manageyards-display-component---NewYard","bindingPath":{"path":"","propertyPath":"/SHIP_POINT","modelName":"NewYardModel"},"interaction":{"idSuffix":"inner"}},"wdio_ui5_key":"etmportal.ui.manageyards.view.Newsap.m.Input{\"path\":\"\",\"propertyPath\":\"/SHIP_POINT\",\"modelName\":\"NewYardModel\"}"}]}
RESULT: undefined
COMMAND: POST /session/521154baa6f59f62cd3109f9d0bb8afd/execute/async - {"script":"<script> [776 bytes]","args":[{"enterText":"1710","selector":{"controlType":"sap.m.Input","viewName":"etm.portal.ui.manageyards.view.New","viewId":"application-manageyards-display-component---NewYard","bindingPath":{"path":"","propertyPath":"/SHIP_POINT","modelName":"NewYardModel"},"interaction":{"idSuffix":"inner"}},"clearTextFirst":true,"interactionType":"ENTER_TEXT"}]}
RESULT: {"script":"<script> [776 bytes]","args":[{"enterText":"1710","selector":{"controlType":"sap.m.Input","viewName":"etm.portal.ui.manageyards.view.New","viewId":"application-manageyards-display-component---NewYard","bindingPath":{"path":"","propertyPath":"/SHIP_POINT","modelName":"NewYardModel"},"interaction":{"idSuffix":"inner"}},"clearTextFirst":true,"interactionType":"ENTER_TEXT"}]}
COMMAND: POST /session/521154baa6f59f62cd3109f9d0bb8afd/execute/async - {"script":"<script> [1562 bytes]","args":[{"selector":{"controlType":"sap.m.Input","viewName":"etm.portal.ui.manageyards.view.New","viewId":"application-manageyards-display-component---NewYard","bindingPath":{"path":"","propertyPath":"/DELIVERY_TYPE","modelName":"NewYardModel"},"interaction":{"idSuffix":"inner"}},"wdio_ui5_key":"etmportal.ui.manageyards.view.Newsap.m.Input{\"path\":\"\",\"propertyPath\":\"/DELIVERY_TYPE\",\"modelName\":\"NewYardModel\"}"}]}
RESULT: {"script":"<script> [1562 bytes]","args":[{"selector":{"controlType":"sap.m.Input","viewName":"etm.portal.ui.manageyards.view.New","viewId":"application-manageyards-display-component---NewYard","bindingPath":{"path":"","propertyPath":"/DELIVERY_TYPE","modelName":"NewYardModel"},"interaction":{"idSuffix":"inner"}},"wdio_ui5_key":"etmportal.ui.manageyards.view.Newsap.m.Input{\"path\":\"\",\"propertyPath\":\"/DELIVERY_TYPE\",\"modelName\":\"NewYardModel\"}"}]}
RESULT: undefined
COMMAND: POST /session/521154baa6f59f62cd3109f9d0bb8afd/execute/async - {"script":"<script> [776 bytes]","args":[{"enterText":"ZL01","selector":{"controlType":"sap.m.Input","viewName":"etm.portal.ui.manageyards.view.New","viewId":"application-manageyards-display-component---NewYard","bindingPath":{"path":"","propertyPath":"/DELIVERY_TYPE","modelName":"NewYardModel"},"interaction":{"idSuffix":"inner"}},"clearTextFirst":true,"interactionType":"ENTER_TEXT"}]}
RESULT: {"script":"<script> [776 bytes]","args":[{"enterText":"ZL01","selector":{"controlType":"sap.m.Input","viewName":"etm.portal.ui.manageyards.view.New","viewId":"application-manageyards-display-component---NewYard","bindingPath":{"path":"","propertyPath":"/DELIVERY_TYPE","modelName":"NewYardModel"},"interaction":{"idSuffix":"inner"}},"clearTextFirst":true,"interactionType":"ENTER_TEXT"}]}
COMMAND: POST /session/521154baa6f59f62cd3109f9d0bb8afd/execute/async - {"script":"<script> [1562 bytes]","args":[{"selector":{"controlType":"sap.m.Input","viewName":"etm.portal.ui.manageyards.view.New","viewId":"application-manageyards-display-component---NewYard","bindingPath":{"path":"","propertyPath":"/AUART","modelName":"NewYardModel"},"interaction":{"idSuffix":"inner"}},"wdio_ui5_key":"etmportal.ui.manageyards.view.Newsap.m.Input{\"path\":\"\",\"propertyPath\":\"/AUART\",\"modelName\":\"NewYardModel\"}"}]}
RESULT: {"script":"<script> [1562 bytes]","args":[{"selector":{"controlType":"sap.m.Input","viewName":"etm.portal.ui.manageyards.view.New","viewId":"application-manageyards-display-component---NewYard","bindingPath":{"path":"","propertyPath":"/AUART","modelName":"NewYardModel"},"interaction":{"idSuffix":"inner"}},"wdio_ui5_key":"etmportal.ui.manageyards.view.Newsap.m.Input{\"path\":\"\",\"propertyPath\":\"/AUART\",\"modelName\":\"NewYardModel\"}"}]}
RESULT: undefined
COMMAND: POST /session/521154baa6f59f62cd3109f9d0bb8afd/execute/async - {"script":"<script> [776 bytes]","args":[{"enterText":"TA","selector":{"controlType":"sap.m.Input","viewName":"etm.portal.ui.manageyards.view.New","viewId":"application-manageyards-display-component---NewYard","bindingPath":{"path":"","propertyPath":"/AUART","modelName":"NewYardModel"},"interaction":{"idSuffix":"inner"}},"clearTextFirst":true,"interactionType":"ENTER_TEXT"}]}
RESULT: {"script":"<script> [776 bytes]","args":[{"enterText":"TA","selector":{"controlType":"sap.m.Input","viewName":"etm.portal.ui.manageyards.view.New","viewId":"application-manageyards-display-component---NewYard","bindingPath":{"path":"","propertyPath":"/AUART","modelName":"NewYardModel"},"interaction":{"idSuffix":"inner"}},"clearTextFirst":true,"interactionType":"ENTER_TEXT"}]}
COMMAND: POST /session/521154baa6f59f62cd3109f9d0bb8afd/element - {"using":"xpath","value":"//button[@data-kt=\"newYardSaveButton\"]"}
RESULT: {"using":"xpath","value":"//button[@data-kt=\"newYardSaveButton\"]"}
COMMAND: POST /session/521154baa6f59f62cd3109f9d0bb8afd/element/f.0203AB6512B0FDC94F4CE617B082193D.d.33DEC5362A25F165A30B2D4AD8E4C3C8.e.702/click - {}
RESULT: {}
COMMAND: GET /session/521154baa6f59f62cd3109f9d0bb8afd/screenshot - {}
RESULT: {}
COMMAND: POST /session/521154baa6f59f62cd3109f9d0bb8afd/element - {"using":"xpath","value":"//header[contains(@id, 'ObjectPageLayout-headerTitle')]/div[1]/div[2]/div[1]/span[1]"}
RESULT: {"using":"xpath","value":"//header[contains(@id, 'ObjectPageLayout-headerTitle')]/div[1]/div[2]/div[1]/span[1]"}
COMMAND: POST /session/521154baa6f59f62cd3109f9d0bb8afd/elements - {"using":"xpath","value":"//header[contains(@id, 'ObjectPageLayout-headerTitle')]/div[1]/div[2]/div[1]/span[1]"}
RESULT: {"using":"xpath","value":"//header[contains(@id, 'ObjectPageLayout-headerTitle')]/div[1]/div[2]/div[1]/span[1]"}
COMMAND: POST /session/521154baa6f59f62cd3109f9d0bb8afd/execute/sync - {"script":"<script> [56 bytes]","args":[{"element-6066-11e4-a52e-4f735466cecf":"f.0203AB6512B0FDC94F4CE617B082193D.d.33DEC5362A25F165A30B2D4AD8E4C3C8.e.993","ELEMENT":"f.0203AB6512B0FDC94F4CE617B082193D.d.33DEC5362A25F165A30B2D4AD8E4C3C8.e.993"}]}
RESULT: {"script":"<script> [56 bytes]","args":[{"element-6066-11e4-a52e-4f735466cecf":"f.0203AB6512B0FDC94F4CE617B082193D.d.33DEC5362A25F165A30B2D4AD8E4C3C8.e.993","ELEMENT":"f.0203AB6512B0FDC94F4CE617B082193D.d.33DEC5362A25F165A30B2D4AD8E4C3C8.e.993"}]}
COMMAND: GET /session/521154baa6f59f62cd3109f9d0bb8afd/screenshot - {}
RESULT: {}
COMMAND: POST /session/521154baa6f59f62cd3109f9d0bb8afd/element - {"using":"css selector","value":"#shell-header-logo"}
RESULT: {"using":"css selector","value":"#shell-header-logo"}
COMMAND: POST /session/521154baa6f59f62cd3109f9d0bb8afd/element/f.0203AB6512B0FDC94F4CE617B082193D.d.33DEC5362A25F165A30B2D4AD8E4C3C8.e.255/click - {}
RESULT: {}
COMMAND: GET /session/521154baa6f59f62cd3109f9d0bb8afd/screenshot - {}
RESULT: {}
COMMAND: POST /session/521154baa6f59f62cd3109f9d0bb8afd/execute/sync - {"script":"<script> [299 bytes]","args":[["getModel","getResource"]]}
RESULT: {"script":"<script> [299 bytes]","args":[["getModel","getResource"]]}
]]></system-out>
    </testcase>
    <testcase classname="chrome.137_0_7151_56.windows.Prerequisites_&amp;_test_for_yard_mass_return_on_Yard_Overview_US131057" name="Prereq Should create a new partner" time="138.858">
      <system-out><![CDATA[
COMMAND: GET /session/521154baa6f59f62cd3109f9d0bb8afd/screenshot - {}
COMMAND: POST /session/521154baa6f59f62cd3109f9d0bb8afd/window/fullscreen - {}
RESULT: {}
RESULT: {}
COMMAND: POST /session/521154baa6f59f62cd3109f9d0bb8afd/execute/async - {"script":"<script> [1562 bytes]","args":[{"selector":{"controlType":"sap.m.GenericTile","properties":{"header":"Manage Partners"}},"wdio_ui5_key":"sapm.GenericTile{\"header\":\"Manage Partners\"}"}]}
RESULT: {"script":"<script> [1562 bytes]","args":[{"selector":{"controlType":"sap.m.GenericTile","properties":{"header":"Manage Partners"}},"wdio_ui5_key":"sapm.GenericTile{\"header\":\"Manage Partners\"}"}]}
RESULT: undefined
COMMAND: POST /session/521154baa6f59f62cd3109f9d0bb8afd/element - {"using":"xpath","value":"//*[@id=\"__tile38\"]"}
RESULT: {"using":"xpath","value":"//*[@id=\"__tile38\"]"}
COMMAND: POST /session/521154baa6f59f62cd3109f9d0bb8afd/element/f.0203AB6512B0FDC94F4CE617B082193D.d.33DEC5362A25F165A30B2D4AD8E4C3C8.e.141/click - {}
RESULT: {}
COMMAND: GET /session/521154baa6f59f62cd3109f9d0bb8afd/screenshot - {}
RESULT: {}
COMMAND: POST /session/521154baa6f59f62cd3109f9d0bb8afd/elements - {"using":"xpath","value":"//span[text()='Error']"}
RESULT: {"using":"xpath","value":"//span[text()='Error']"}
COMMAND: POST /session/521154baa6f59f62cd3109f9d0bb8afd/element - {"using":"xpath","value":"//button[@data-kt=\"addButton\"]"}
RESULT: {"using":"xpath","value":"//button[@data-kt=\"addButton\"]"}
COMMAND: POST /session/521154baa6f59f62cd3109f9d0bb8afd/elements - {"using":"xpath","value":"//button[@data-kt=\"addButton\"]"}
RESULT: {"using":"xpath","value":"//button[@data-kt=\"addButton\"]"}
COMMAND: POST /session/521154baa6f59f62cd3109f9d0bb8afd/execute/sync - {"script":"<script> [8489 bytes]","args":[{"element-6066-11e4-a52e-4f735466cecf":"f.0203AB6512B0FDC94F4CE617B082193D.d.33DEC5362A25F165A30B2D4AD8E4C3C8.e.1031","ELEMENT":"f.0203AB6512B0FDC94F4CE617B082193D.d.33DEC5362A25F165A30B2D4AD8E4C3C8.e.1031"}]}
RESULT: {"script":"<script> [8489 bytes]","args":[{"element-6066-11e4-a52e-4f735466cecf":"f.0203AB6512B0FDC94F4CE617B082193D.d.33DEC5362A25F165A30B2D4AD8E4C3C8.e.1031","ELEMENT":"f.0203AB6512B0FDC94F4CE617B082193D.d.33DEC5362A25F165A30B2D4AD8E4C3C8.e.1031"}]}
COMMAND: GET /session/521154baa6f59f62cd3109f9d0bb8afd/element/f.0203AB6512B0FDC94F4CE617B082193D.d.33DEC5362A25F165A30B2D4AD8E4C3C8.e.1031/enabled - {}
COMMAND: GET /session/521154baa6f59f62cd3109f9d0bb8afd/screenshot - {}
RESULT: {}
COMMAND: POST /session/521154baa6f59f62cd3109f9d0bb8afd/execute/sync - {"script":"<script> [8489 bytes]","args":[{"element-6066-11e4-a52e-4f735466cecf":"f.0203AB6512B0FDC94F4CE617B082193D.d.33DEC5362A25F165A30B2D4AD8E4C3C8.e.1031","ELEMENT":"f.0203AB6512B0FDC94F4CE617B082193D.d.33DEC5362A25F165A30B2D4AD8E4C3C8.e.1031"}]}
COMMAND: GET /session/521154baa6f59f62cd3109f9d0bb8afd/screenshot - {}
RESULT: {}
RESULT: {"script":"<script> [8489 bytes]","args":[{"element-6066-11e4-a52e-4f735466cecf":"f.0203AB6512B0FDC94F4CE617B082193D.d.33DEC5362A25F165A30B2D4AD8E4C3C8.e.1031","ELEMENT":"f.0203AB6512B0FDC94F4CE617B082193D.d.33DEC5362A25F165A30B2D4AD8E4C3C8.e.1031"}]}
COMMAND: POST /session/521154baa6f59f62cd3109f9d0bb8afd/execute/sync - {"script":"<script> [5351 bytes]","args":[{"element-6066-11e4-a52e-4f735466cecf":"f.0203AB6512B0FDC94F4CE617B082193D.d.33DEC5362A25F165A30B2D4AD8E4C3C8.e.1031","ELEMENT":"f.0203AB6512B0FDC94F4CE617B082193D.d.33DEC5362A25F165A30B2D4AD8E4C3C8.e.1031"}]}
COMMAND: GET /session/521154baa6f59f62cd3109f9d0bb8afd/screenshot - {}
RESULT: {}
RESULT: {"script":"<script> [5351 bytes]","args":[{"element-6066-11e4-a52e-4f735466cecf":"f.0203AB6512B0FDC94F4CE617B082193D.d.33DEC5362A25F165A30B2D4AD8E4C3C8.e.1031","ELEMENT":"f.0203AB6512B0FDC94F4CE617B082193D.d.33DEC5362A25F165A30B2D4AD8E4C3C8.e.1031"}]}
COMMAND: POST /session/521154baa6f59f62cd3109f9d0bb8afd/element/f.0203AB6512B0FDC94F4CE617B082193D.d.33DEC5362A25F165A30B2D4AD8E4C3C8.e.1031/click - {}
COMMAND: GET /session/521154baa6f59f62cd3109f9d0bb8afd/screenshot - {}
RESULT: {}
RESULT: {}
COMMAND: GET /session/521154baa6f59f62cd3109f9d0bb8afd/screenshot - {}
COMMAND: POST /session/521154baa6f59f62cd3109f9d0bb8afd/execute/async - {"script":"<script> [1562 bytes]","args":[{"selector":{"id":"application-managepartners-display-component---NewPartner--addressDetailDetailsName1","interaction":{"idSuffix":"inner"}},"wdio_ui5_key":"applicationmanagepartners-display-component---NewPartner--addressDetailDetailsName1"}]}
RESULT: {}
RESULT: {}
RESULT: {"script":"<script> [1562 bytes]","args":[{"selector":{"id":"application-managepartners-display-component---NewPartner--addressDetailDetailsName1","interaction":{"idSuffix":"inner"}},"wdio_ui5_key":"applicationmanagepartners-display-component---NewPartner--addressDetailDetailsName1"}]}
RESULT: undefined
COMMAND: POST /session/521154baa6f59f62cd3109f9d0bb8afd/execute/async - {"script":"<script> [776 bytes]","args":[{"enterText":"Intracompany Partner WDIO","selector":{"id":"application-managepartners-display-component---NewPartner--addressDetailDetailsName1","interaction":{"idSuffix":"inner"}},"clearTextFirst":true,"interactionType":"ENTER_TEXT"}]}
RESULT: {"script":"<script> [776 bytes]","args":[{"enterText":"Intracompany Partner WDIO","selector":{"id":"application-managepartners-display-component---NewPartner--addressDetailDetailsName1","interaction":{"idSuffix":"inner"}},"clearTextFirst":true,"interactionType":"ENTER_TEXT"}]}
COMMAND: POST /session/521154baa6f59f62cd3109f9d0bb8afd/execute/async - {"script":"<script> [1562 bytes]","args":[{"selector":{"id":"application-managepartners-display-component---NewPartner--addressDetailDetailsLanguage-arrow"},"wdio_ui5_key":"applicationmanagepartners-display-component---NewPartner--addressDetailDetailsLanguage-arrow"}]}
RESULT: {"script":"<script> [1562 bytes]","args":[{"selector":{"id":"application-managepartners-display-component---NewPartner--addressDetailDetailsLanguage-arrow"},"wdio_ui5_key":"applicationmanagepartners-display-component---NewPartner--addressDetailDetailsLanguage-arrow"}]}
RESULT: undefined
COMMAND: POST /session/521154baa6f59f62cd3109f9d0bb8afd/element - {"using":"xpath","value":"//*[@id=\"application-managepartners-display-component---NewPartner--addressDetailDetailsLanguage-arrow\"]"}
RESULT: {"using":"xpath","value":"//*[@id=\"application-managepartners-display-component---NewPartner--addressDetailDetailsLanguage-arrow\"]"}
COMMAND: POST /session/521154baa6f59f62cd3109f9d0bb8afd/element/f.0203AB6512B0FDC94F4CE617B082193D.d.33DEC5362A25F165A30B2D4AD8E4C3C8.e.1482/click - {}
RESULT: {}
COMMAND: POST /session/521154baa6f59f62cd3109f9d0bb8afd/element - {"using":"xpath","value":"//span[contains(text(), \"English\")]"}
COMMAND: GET /session/521154baa6f59f62cd3109f9d0bb8afd/screenshot - {}
RESULT: {"using":"xpath","value":"//span[contains(text(), \"English\")]"}
COMMAND: POST /session/521154baa6f59f62cd3109f9d0bb8afd/element/f.0203AB6512B0FDC94F4CE617B082193D.d.33DEC5362A25F165A30B2D4AD8E4C3C8.e.1483/click - {}
RESULT: {}
RESULT: {}
COMMAND: GET /session/521154baa6f59f62cd3109f9d0bb8afd/screenshot - {}
RESULT: {}
COMMAND: POST /session/521154baa6f59f62cd3109f9d0bb8afd/execute/async - {"script":"<script> [1562 bytes]","args":[{"selector":{"id":"application-managepartners-display-component---NewPartner--addressDetailDetailsCity1","interaction":{"idSuffix":"inner"}},"wdio_ui5_key":"applicationmanagepartners-display-component---NewPartner--addressDetailDetailsCity1"}]}
RESULT: {"script":"<script> [1562 bytes]","args":[{"selector":{"id":"application-managepartners-display-component---NewPartner--addressDetailDetailsCity1","interaction":{"idSuffix":"inner"}},"wdio_ui5_key":"applicationmanagepartners-display-component---NewPartner--addressDetailDetailsCity1"}]}
RESULT: undefined
COMMAND: POST /session/521154baa6f59f62cd3109f9d0bb8afd/execute/async - {"script":"<script> [776 bytes]","args":[{"enterText":"Rosario","selector":{"id":"application-managepartners-display-component---NewPartner--addressDetailDetailsCity1","interaction":{"idSuffix":"inner"}},"clearTextFirst":true,"interactionType":"ENTER_TEXT"}]}
RESULT: {"script":"<script> [776 bytes]","args":[{"enterText":"Rosario","selector":{"id":"application-managepartners-display-component---NewPartner--addressDetailDetailsCity1","interaction":{"idSuffix":"inner"}},"clearTextFirst":true,"interactionType":"ENTER_TEXT"}]}
COMMAND: POST /session/521154baa6f59f62cd3109f9d0bb8afd/execute/async - {"script":"<script> [1562 bytes]","args":[{"selector":{"id":"application-managepartners-display-component---NewPartner--addressDetailDetailsCountry-arrow"},"wdio_ui5_key":"applicationmanagepartners-display-component---NewPartner--addressDetailDetailsCountry-arrow"}]}
RESULT: {"script":"<script> [1562 bytes]","args":[{"selector":{"id":"application-managepartners-display-component---NewPartner--addressDetailDetailsCountry-arrow"},"wdio_ui5_key":"applicationmanagepartners-display-component---NewPartner--addressDetailDetailsCountry-arrow"}]}
RESULT: undefined
COMMAND: POST /session/521154baa6f59f62cd3109f9d0bb8afd/element - {"using":"xpath","value":"//*[@id=\"application-managepartners-display-component---NewPartner--addressDetailDetailsCountry-arrow\"]"}
RESULT: {"using":"xpath","value":"//*[@id=\"application-managepartners-display-component---NewPartner--addressDetailDetailsCountry-arrow\"]"}
COMMAND: POST /session/521154baa6f59f62cd3109f9d0bb8afd/element/f.0203AB6512B0FDC94F4CE617B082193D.d.33DEC5362A25F165A30B2D4AD8E4C3C8.e.1448/click - {}
RESULT: {}
COMMAND: POST /session/521154baa6f59f62cd3109f9d0bb8afd/element - {"using":"xpath","value":"//span[contains(text(), \"Argentina\")]"}
COMMAND: GET /session/521154baa6f59f62cd3109f9d0bb8afd/screenshot - {}
RESULT: {"using":"xpath","value":"//span[contains(text(), \"Argentina\")]"}
COMMAND: POST /session/521154baa6f59f62cd3109f9d0bb8afd/element/f.0203AB6512B0FDC94F4CE617B082193D.d.33DEC5362A25F165A30B2D4AD8E4C3C8.e.1485/click - {}
RESULT: {}
RESULT: {}
COMMAND: GET /session/521154baa6f59f62cd3109f9d0bb8afd/screenshot - {}
RESULT: {}
COMMAND: POST /session/521154baa6f59f62cd3109f9d0bb8afd/element - {"using":"xpath","value":"//bdi[contains(text(), \"Commercial\")]"}
RESULT: {"using":"xpath","value":"//bdi[contains(text(), \"Commercial\")]"}
COMMAND: POST /session/521154baa6f59f62cd3109f9d0bb8afd/element/f.0203AB6512B0FDC94F4CE617B082193D.d.33DEC5362A25F165A30B2D4AD8E4C3C8.e.1486/click - {}
RESULT: {}
COMMAND: GET /session/521154baa6f59f62cd3109f9d0bb8afd/screenshot - {}
RESULT: {}
COMMAND: POST /session/521154baa6f59f62cd3109f9d0bb8afd/execute/async - {"script":"<script> [1562 bytes]","args":[{"selector":{"id":"application-managepartners-display-component---NewPartner--partnerDetailInternal-arrow"},"wdio_ui5_key":"applicationmanagepartners-display-component---NewPartner--partnerDetailInternal-arrow"}]}
RESULT: {"script":"<script> [1562 bytes]","args":[{"selector":{"id":"application-managepartners-display-component---NewPartner--partnerDetailInternal-arrow"},"wdio_ui5_key":"applicationmanagepartners-display-component---NewPartner--partnerDetailInternal-arrow"}]}
RESULT: undefined
COMMAND: POST /session/521154baa6f59f62cd3109f9d0bb8afd/element - {"using":"xpath","value":"//*[@id=\"application-managepartners-display-component---NewPartner--partnerDetailInternal-arrow\"]"}
RESULT: {"using":"xpath","value":"//*[@id=\"application-managepartners-display-component---NewPartner--partnerDetailInternal-arrow\"]"}
COMMAND: POST /session/521154baa6f59f62cd3109f9d0bb8afd/element/f.0203AB6512B0FDC94F4CE617B082193D.d.33DEC5362A25F165A30B2D4AD8E4C3C8.e.1492/click - {}
RESULT: {}
COMMAND: POST /session/521154baa6f59f62cd3109f9d0bb8afd/element - {"using":"xpath","value":"//span[contains(text(), \"Affiliated company\")]"}
COMMAND: GET /session/521154baa6f59f62cd3109f9d0bb8afd/screenshot - {}
RESULT: {"using":"xpath","value":"//span[contains(text(), \"Affiliated company\")]"}
COMMAND: POST /session/521154baa6f59f62cd3109f9d0bb8afd/element/f.0203AB6512B0FDC94F4CE617B082193D.d.33DEC5362A25F165A30B2D4AD8E4C3C8.e.1493/click - {}
RESULT: {}
RESULT: {}
COMMAND: POST /session/521154baa6f59f62cd3109f9d0bb8afd/execute/async - {"script":"<script> [1562 bytes]","args":[{"selector":{"id":"application-managepartners-display-component---NewPartner--partnerDetailsCurrency-arrow"},"wdio_ui5_key":"applicationmanagepartners-display-component---NewPartner--partnerDetailsCurrency-arrow"}]}
COMMAND: GET /session/521154baa6f59f62cd3109f9d0bb8afd/screenshot - {}
RESULT: {"script":"<script> [1562 bytes]","args":[{"selector":{"id":"application-managepartners-display-component---NewPartner--partnerDetailsCurrency-arrow"},"wdio_ui5_key":"applicationmanagepartners-display-component---NewPartner--partnerDetailsCurrency-arrow"}]}
RESULT: undefined
COMMAND: POST /session/521154baa6f59f62cd3109f9d0bb8afd/element - {"using":"xpath","value":"//*[@id=\"application-managepartners-display-component---NewPartner--partnerDetailsCurrency-arrow\"]"}
RESULT: {}
RESULT: {"using":"xpath","value":"//*[@id=\"application-managepartners-display-component---NewPartner--partnerDetailsCurrency-arrow\"]"}
COMMAND: POST /session/521154baa6f59f62cd3109f9d0bb8afd/element/f.0203AB6512B0FDC94F4CE617B082193D.d.33DEC5362A25F165A30B2D4AD8E4C3C8.e.1500/click - {}
RESULT: {}
COMMAND: POST /session/521154baa6f59f62cd3109f9d0bb8afd/element - {"using":"xpath","value":"//span[contains(text(), \"Euro\")]"}
COMMAND: GET /session/521154baa6f59f62cd3109f9d0bb8afd/screenshot - {}
RESULT: {"using":"xpath","value":"//span[contains(text(), \"Euro\")]"}
COMMAND: POST /session/521154baa6f59f62cd3109f9d0bb8afd/element/f.0203AB6512B0FDC94F4CE617B082193D.d.33DEC5362A25F165A30B2D4AD8E4C3C8.e.1501/click - {}
RESULT: {}
RESULT: {}
COMMAND: POST /session/521154baa6f59f62cd3109f9d0bb8afd/execute/async - {"script":"<script> [1562 bytes]","args":[{"selector":{"id":"application-managepartners-display-component---NewPartner--addressEditDetailsCostObjectCstType-arrow"},"wdio_ui5_key":"applicationmanagepartners-display-component---NewPartner--addressEditDetailsCostObjectCstType-arrow"}]}
COMMAND: GET /session/521154baa6f59f62cd3109f9d0bb8afd/screenshot - {}
RESULT: {"script":"<script> [1562 bytes]","args":[{"selector":{"id":"application-managepartners-display-component---NewPartner--addressEditDetailsCostObjectCstType-arrow"},"wdio_ui5_key":"applicationmanagepartners-display-component---NewPartner--addressEditDetailsCostObjectCstType-arrow"}]}
RESULT: undefined
COMMAND: POST /session/521154baa6f59f62cd3109f9d0bb8afd/element - {"using":"xpath","value":"//*[@id=\"application-managepartners-display-component---NewPartner--addressEditDetailsCostObjectCstType-arrow\"]"}
RESULT: {}
RESULT: {"using":"xpath","value":"//*[@id=\"application-managepartners-display-component---NewPartner--addressEditDetailsCostObjectCstType-arrow\"]"}
COMMAND: POST /session/521154baa6f59f62cd3109f9d0bb8afd/element/f.0203AB6512B0FDC94F4CE617B082193D.d.33DEC5362A25F165A30B2D4AD8E4C3C8.e.1502/click - {}
RESULT: {}
COMMAND: POST /session/521154baa6f59f62cd3109f9d0bb8afd/element - {"using":"xpath","value":"//span[contains(text(), \"Cost Center\")]"}
COMMAND: GET /session/521154baa6f59f62cd3109f9d0bb8afd/screenshot - {}
RESULT: {"using":"xpath","value":"//span[contains(text(), \"Cost Center\")]"}
COMMAND: POST /session/521154baa6f59f62cd3109f9d0bb8afd/element/f.0203AB6512B0FDC94F4CE617B082193D.d.33DEC5362A25F165A30B2D4AD8E4C3C8.e.1503/click - {}
RESULT: {}
RESULT: {}
COMMAND: GET /session/521154baa6f59f62cd3109f9d0bb8afd/screenshot - {}
RESULT: {}
COMMAND: POST /session/521154baa6f59f62cd3109f9d0bb8afd/element - {"using":"xpath","value":"//span[@id=\"application-managepartners-display-component---NewPartner--addressNewCostObjectCstID-vhi\"]"}
RESULT: {"using":"xpath","value":"//span[@id=\"application-managepartners-display-component---NewPartner--addressNewCostObjectCstID-vhi\"]"}
COMMAND: POST /session/521154baa6f59f62cd3109f9d0bb8afd/execute/sync - {"script":"<script> [8489 bytes]","args":[{"element-6066-11e4-a52e-4f735466cecf":"f.0203AB6512B0FDC94F4CE617B082193D.d.33DEC5362A25F165A30B2D4AD8E4C3C8.e.1507","ELEMENT":"f.0203AB6512B0FDC94F4CE617B082193D.d.33DEC5362A25F165A30B2D4AD8E4C3C8.e.1507"}]}
RESULT: {"script":"<script> [8489 bytes]","args":[{"element-6066-11e4-a52e-4f735466cecf":"f.0203AB6512B0FDC94F4CE617B082193D.d.33DEC5362A25F165A30B2D4AD8E4C3C8.e.1507","ELEMENT":"f.0203AB6512B0FDC94F4CE617B082193D.d.33DEC5362A25F165A30B2D4AD8E4C3C8.e.1507"}]}
COMMAND: POST /session/521154baa6f59f62cd3109f9d0bb8afd/execute/async - {"script":"<script> [1562 bytes]","args":[{"selector":{"id":"application-managepartners-display-component---NewPartner--addressNewCostObjectCstID-vhi"},"wdio_ui5_key":"applicationmanagepartners-display-component---NewPartner--addressNewCostObjectCstID-vhi"}]}
COMMAND: GET /session/521154baa6f59f62cd3109f9d0bb8afd/screenshot - {}
RESULT: {"script":"<script> [1562 bytes]","args":[{"selector":{"id":"application-managepartners-display-component---NewPartner--addressNewCostObjectCstID-vhi"},"wdio_ui5_key":"applicationmanagepartners-display-component---NewPartner--addressNewCostObjectCstID-vhi"}]}
RESULT: undefined
COMMAND: POST /session/521154baa6f59f62cd3109f9d0bb8afd/element - {"using":"xpath","value":"//*[@id=\"application-managepartners-display-component---NewPartner--addressNewCostObjectCstID-vhi\"]"}
RESULT: {}
RESULT: {"using":"xpath","value":"//*[@id=\"application-managepartners-display-component---NewPartner--addressNewCostObjectCstID-vhi\"]"}
COMMAND: POST /session/521154baa6f59f62cd3109f9d0bb8afd/element/f.0203AB6512B0FDC94F4CE617B082193D.d.33DEC5362A25F165A30B2D4AD8E4C3C8.e.1507/click - {}
RESULT: {}
COMMAND: GET /session/521154baa6f59f62cd3109f9d0bb8afd/screenshot - {}
RESULT: {}
RESULT: undefined
COMMAND: POST /session/521154baa6f59f62cd3109f9d0bb8afd/execute/async - {"script":"<script> [776 bytes]","args":[{"enterText":"10001013","selector":{"controlType":"sap.m.SearchField","properties":{"placeholder":"Search"},"searchOpenDialogs":true,"interaction":{"idSuffix":"I"}},"clearTextFirst":true,"interactionType":"ENTER_TEXT"}]}
RESULT: {"script":"<script> [776 bytes]","args":[{"enterText":"10001013","selector":{"controlType":"sap.m.SearchField","properties":{"placeholder":"Search"},"searchOpenDialogs":true,"interaction":{"idSuffix":"I"}},"clearTextFirst":true,"interactionType":"ENTER_TEXT"}]}
COMMAND: POST /session/521154baa6f59f62cd3109f9d0bb8afd/actions - {"actions":[{"id":"action2","type":"key","parameters":{},"actions":[{"type":"keyDown","value":"î€‡"},{"type":"pause","duration":10},{"type":"keyUp","value":"î€‡"}]}]}
RESULT: {"actions":[{"id":"action2","type":"key","parameters":{},"actions":[{"type":"keyDown","value":"î€‡"},{"type":"pause","duration":10},{"type":"keyUp","value":"î€‡"}]}]}
COMMAND: GET /session/521154baa6f59f62cd3109f9d0bb8afd/screenshot - {}
RESULT: {}
COMMAND: POST /session/521154baa6f59f62cd3109f9d0bb8afd/element - {"using":"xpath","value":"//span[contains(text(), \"General Management\")]"}
RESULT: {"using":"xpath","value":"//span[contains(text(), \"General Management\")]"}
COMMAND: POST /session/521154baa6f59f62cd3109f9d0bb8afd/element/f.0203AB6512B0FDC94F4CE617B082193D.d.33DEC5362A25F165A30B2D4AD8E4C3C8.e.1546/click - {}
RESULT: {}
COMMAND: GET /session/521154baa6f59f62cd3109f9d0bb8afd/screenshot - {}
RESULT: {}
COMMAND: POST /session/521154baa6f59f62cd3109f9d0bb8afd/element - {"using":"xpath","value":"//bdi[contains(text(), \"OK\")]"}
RESULT: {"using":"xpath","value":"//bdi[contains(text(), \"OK\")]"}
COMMAND: POST /session/521154baa6f59f62cd3109f9d0bb8afd/element/f.0203AB6512B0FDC94F4CE617B082193D.d.33DEC5362A25F165A30B2D4AD8E4C3C8.e.1547/click - {}
RESULT: {}
COMMAND: GET /session/521154baa6f59f62cd3109f9d0bb8afd/screenshot - {}
RESULT: {}
COMMAND: POST /session/521154baa6f59f62cd3109f9d0bb8afd/element - {"using":"xpath","value":"//input[@id=\"application-managepartners-display-component---NewPartner--companyCodeComboBox-inner\"]"}
RESULT: {"using":"xpath","value":"//input[@id=\"application-managepartners-display-component---NewPartner--companyCodeComboBox-inner\"]"}
COMMAND: POST /session/521154baa6f59f62cd3109f9d0bb8afd/element/f.0203AB6512B0FDC94F4CE617B082193D.d.33DEC5362A25F165A30B2D4AD8E4C3C8.e.1342/clear - {}
RESULT: {}
COMMAND: POST /session/521154baa6f59f62cd3109f9d0bb8afd/element/f.0203AB6512B0FDC94F4CE617B082193D.d.33DEC5362A25F165A30B2D4AD8E4C3C8.e.1342/value - {"text":"1000"}
COMMAND: GET /session/521154baa6f59f62cd3109f9d0bb8afd/screenshot - {}
RESULT: {"text":"1000"}
COMMAND: GET /session/521154baa6f59f62cd3109f9d0bb8afd/screenshot - {}
RESULT: {}
RESULT: {}
COMMAND: POST /session/521154baa6f59f62cd3109f9d0bb8afd/element - {"using":"xpath","value":"//li[.//span[text()= \"1000\"]]"}
RESULT: {"using":"xpath","value":"//li[.//span[text()= \"1000\"]]"}
COMMAND: POST /session/521154baa6f59f62cd3109f9d0bb8afd/element/f.0203AB6512B0FDC94F4CE617B082193D.d.33DEC5362A25F165A30B2D4AD8E4C3C8.e.1553/click - {}
RESULT: {}
COMMAND: GET /session/521154baa6f59f62cd3109f9d0bb8afd/screenshot - {}
RESULT: {}
COMMAND: POST /session/521154baa6f59f62cd3109f9d0bb8afd/execute/async - {"script":"<script> [1562 bytes]","args":[{"selector":{"id":"application-managepartners-display-component---NewPartner--btnAddTableRow-img"},"wdio_ui5_key":"applicationmanagepartners-display-component---NewPartner--btnAddTableRow-img"}]}
RESULT: {"script":"<script> [1562 bytes]","args":[{"selector":{"id":"application-managepartners-display-component---NewPartner--btnAddTableRow-img"},"wdio_ui5_key":"applicationmanagepartners-display-component---NewPartner--btnAddTableRow-img"}]}
RESULT: undefined
COMMAND: POST /session/521154baa6f59f62cd3109f9d0bb8afd/element - {"using":"xpath","value":"//*[@id=\"application-managepartners-display-component---NewPartner--btnAddTableRow-img\"]"}
RESULT: {"using":"xpath","value":"//*[@id=\"application-managepartners-display-component---NewPartner--btnAddTableRow-img\"]"}
COMMAND: POST /session/521154baa6f59f62cd3109f9d0bb8afd/element/f.0203AB6512B0FDC94F4CE617B082193D.d.33DEC5362A25F165A30B2D4AD8E4C3C8.e.1554/click - {}
RESULT: {}
COMMAND: GET /session/521154baa6f59f62cd3109f9d0bb8afd/screenshot - {}
RESULT: {}
COMMAND: POST /session/521154baa6f59f62cd3109f9d0bb8afd/element - {"using":"xpath","value":"//input[@id=\"application-managepartners-display-component---NewPartner--assignmentYard-application-managepartners-display-component---NewPartner--assignmentsTable-0-inner\"]"}
RESULT: {"using":"xpath","value":"//input[@id=\"application-managepartners-display-component---NewPartner--assignmentYard-application-managepartners-display-component---NewPartner--assignmentsTable-0-inner\"]"}
COMMAND: POST /session/521154baa6f59f62cd3109f9d0bb8afd/element/f.0203AB6512B0FDC94F4CE617B082193D.d.33DEC5362A25F165A30B2D4AD8E4C3C8.e.1557/clear - {}
RESULT: {}
COMMAND: POST /session/521154baa6f59f62cd3109f9d0bb8afd/element/f.0203AB6512B0FDC94F4CE617B082193D.d.33DEC5362A25F165A30B2D4AD8E4C3C8.e.1557/value - {"text":"657"}
COMMAND: GET /session/521154baa6f59f62cd3109f9d0bb8afd/screenshot - {}
RESULT: {"text":"657"}
COMMAND: GET /session/521154baa6f59f62cd3109f9d0bb8afd/screenshot - {}
RESULT: {}
RESULT: {}
COMMAND: POST /session/521154baa6f59f62cd3109f9d0bb8afd/element - {"using":"xpath","value":"//li[.//span[text()='657']]"}
RESULT: {"using":"xpath","value":"//li[.//span[text()='657']]"}
COMMAND: POST /session/521154baa6f59f62cd3109f9d0bb8afd/element/f.0203AB6512B0FDC94F4CE617B082193D.d.33DEC5362A25F165A30B2D4AD8E4C3C8.e.1566/click - {}
RESULT: {}
COMMAND: GET /session/521154baa6f59f62cd3109f9d0bb8afd/screenshot - {}
RESULT: {}
COMMAND: POST /session/521154baa6f59f62cd3109f9d0bb8afd/actions - {"actions":[{"id":"action3","type":"key","parameters":{},"actions":[{"type":"keyDown","value":"î€‡"},{"type":"pause","duration":10},{"type":"keyUp","value":"î€‡"}]}]}
RESULT: {"actions":[{"id":"action3","type":"key","parameters":{},"actions":[{"type":"keyDown","value":"î€‡"},{"type":"pause","duration":10},{"type":"keyUp","value":"î€‡"}]}]}
COMMAND: POST /session/521154baa6f59f62cd3109f9d0bb8afd/execute/async - {"script":"<script> [1562 bytes]","args":[{"selector":{"id":"application-managepartners-display-component---NewPartner--externalCustomerComboBox-application-managepartners-display-component---NewPartner--assignmentsTable-0-vhi"},"wdio_ui5_key":"applicationmanagepartners-display-component---NewPartner--externalCustomerComboBox-application-managepartners-display-component---NewPartner--assignmentsTable-0-vhi"}]}
COMMAND: GET /session/521154baa6f59f62cd3109f9d0bb8afd/screenshot - {}
RESULT: {"script":"<script> [1562 bytes]","args":[{"selector":{"id":"application-managepartners-display-component---NewPartner--externalCustomerComboBox-application-managepartners-display-component---NewPartner--assignmentsTable-0-vhi"},"wdio_ui5_key":"applicationmanagepartners-display-component---NewPartner--externalCustomerComboBox-application-managepartners-display-component---NewPartner--assignmentsTable-0-vhi"}]}
RESULT: undefined
COMMAND: POST /session/521154baa6f59f62cd3109f9d0bb8afd/element - {"using":"xpath","value":"//*[@id=\"application-managepartners-display-component---NewPartner--externalCustomerComboBox-application-managepartners-display-component---NewPartner--assignmentsTable-0-vhi\"]"}
RESULT: {}
RESULT: {"using":"xpath","value":"//*[@id=\"application-managepartners-display-component---NewPartner--externalCustomerComboBox-application-managepartners-display-component---NewPartner--assignmentsTable-0-vhi\"]"}
COMMAND: POST /session/521154baa6f59f62cd3109f9d0bb8afd/element/f.0203AB6512B0FDC94F4CE617B082193D.d.33DEC5362A25F165A30B2D4AD8E4C3C8.e.1570/click - {}
RESULT: {}
RESULT: undefined
COMMAND: POST /session/521154baa6f59f62cd3109f9d0bb8afd/execute/async - {"script":"<script> [776 bytes]","args":[{"enterText":"300003","selector":{"controlType":"sap.m.SearchField","properties":{"placeholder":"Search"},"searchOpenDialogs":true,"interaction":{"idSuffix":"I"}},"clearTextFirst":true,"interactionType":"ENTER_TEXT"}]}
COMMAND: GET /session/521154baa6f59f62cd3109f9d0bb8afd/screenshot - {}
RESULT: {"script":"<script> [776 bytes]","args":[{"enterText":"300003","selector":{"controlType":"sap.m.SearchField","properties":{"placeholder":"Search"},"searchOpenDialogs":true,"interaction":{"idSuffix":"I"}},"clearTextFirst":true,"interactionType":"ENTER_TEXT"}]}
COMMAND: POST /session/521154baa6f59f62cd3109f9d0bb8afd/actions - {"actions":[{"id":"action4","type":"key","parameters":{},"actions":[{"type":"keyDown","value":"î€‡"},{"type":"pause","duration":10},{"type":"keyUp","value":"î€‡"}]}]}
RESULT: {}
RESULT: {"actions":[{"id":"action4","type":"key","parameters":{},"actions":[{"type":"keyDown","value":"î€‡"},{"type":"pause","duration":10},{"type":"keyUp","value":"î€‡"}]}]}
COMMAND: GET /session/521154baa6f59f62cd3109f9d0bb8afd/screenshot - {}
RESULT: {}
COMMAND: POST /session/521154baa6f59f62cd3109f9d0bb8afd/element - {"using":"xpath","value":"//span[contains(text(), \"300003\")]"}
RESULT: {"using":"xpath","value":"//span[contains(text(), \"300003\")]"}
COMMAND: POST /session/521154baa6f59f62cd3109f9d0bb8afd/element/f.0203AB6512B0FDC94F4CE617B082193D.d.33DEC5362A25F165A30B2D4AD8E4C3C8.e.1587/click - {}
RESULT: {}
COMMAND: GET /session/521154baa6f59f62cd3109f9d0bb8afd/screenshot - {}
RESULT: {}
COMMAND: POST /session/521154baa6f59f62cd3109f9d0bb8afd/element - {"using":"xpath","value":"//bdi[contains(text(), \"OK\")]"}
RESULT: {"using":"xpath","value":"//bdi[contains(text(), \"OK\")]"}
COMMAND: POST /session/521154baa6f59f62cd3109f9d0bb8afd/element/f.0203AB6512B0FDC94F4CE617B082193D.d.33DEC5362A25F165A30B2D4AD8E4C3C8.e.1589/click - {}
RESULT: {}
COMMAND: GET /session/521154baa6f59f62cd3109f9d0bb8afd/screenshot - {}
RESULT: {}
COMMAND: POST /session/521154baa6f59f62cd3109f9d0bb8afd/execute/async - {"script":"<script> [1562 bytes]","args":[{"selector":{"id":"application-managepartners-display-component---NewPartner--intercompVendorComboBox-application-managepartners-display-component---NewPartner--assignmentsTable-0-vhi"},"wdio_ui5_key":"applicationmanagepartners-display-component---NewPartner--intercompVendorComboBox-application-managepartners-display-component---NewPartner--assignmentsTable-0-vhi"}]}
RESULT: {"script":"<script> [1562 bytes]","args":[{"selector":{"id":"application-managepartners-display-component---NewPartner--intercompVendorComboBox-application-managepartners-display-component---NewPartner--assignmentsTable-0-vhi"},"wdio_ui5_key":"applicationmanagepartners-display-component---NewPartner--intercompVendorComboBox-application-managepartners-display-component---NewPartner--assignmentsTable-0-vhi"}]}
RESULT: undefined
COMMAND: POST /session/521154baa6f59f62cd3109f9d0bb8afd/element - {"using":"xpath","value":"//*[@id=\"application-managepartners-display-component---NewPartner--intercompVendorComboBox-application-managepartners-display-component---NewPartner--assignmentsTable-0-vhi\"]"}
RESULT: {"using":"xpath","value":"//*[@id=\"application-managepartners-display-component---NewPartner--intercompVendorComboBox-application-managepartners-display-component---NewPartner--assignmentsTable-0-vhi\"]"}
COMMAND: POST /session/521154baa6f59f62cd3109f9d0bb8afd/element/f.0203AB6512B0FDC94F4CE617B082193D.d.33DEC5362A25F165A30B2D4AD8E4C3C8.e.1592/click - {}
RESULT: {}
RESULT: undefined
COMMAND: POST /session/521154baa6f59f62cd3109f9d0bb8afd/execute/async - {"script":"<script> [776 bytes]","args":[{"enterText":"100005","selector":{"controlType":"sap.m.SearchField","properties":{"placeholder":"Search"},"searchOpenDialogs":true,"interaction":{"idSuffix":"I"}},"clearTextFirst":true,"interactionType":"ENTER_TEXT"}]}
COMMAND: GET /session/521154baa6f59f62cd3109f9d0bb8afd/screenshot - {}
RESULT: {"script":"<script> [776 bytes]","args":[{"enterText":"100005","selector":{"controlType":"sap.m.SearchField","properties":{"placeholder":"Search"},"searchOpenDialogs":true,"interaction":{"idSuffix":"I"}},"clearTextFirst":true,"interactionType":"ENTER_TEXT"}]}
COMMAND: POST /session/521154baa6f59f62cd3109f9d0bb8afd/actions - {"actions":[{"id":"action5","type":"key","parameters":{},"actions":[{"type":"keyDown","value":"î€‡"},{"type":"pause","duration":10},{"type":"keyUp","value":"î€‡"}]}]}
RESULT: {}
RESULT: {"actions":[{"id":"action5","type":"key","parameters":{},"actions":[{"type":"keyDown","value":"î€‡"},{"type":"pause","duration":10},{"type":"keyUp","value":"î€‡"}]}]}
COMMAND: GET /session/521154baa6f59f62cd3109f9d0bb8afd/screenshot - {}
RESULT: {}
COMMAND: POST /session/521154baa6f59f62cd3109f9d0bb8afd/element - {"using":"xpath","value":"//span[contains(text(), \"Penguins - Field/12345 Berlin\")]"}
RESULT: {"using":"xpath","value":"//span[contains(text(), \"Penguins - Field/12345 Berlin\")]"}
COMMAND: POST /session/521154baa6f59f62cd3109f9d0bb8afd/element/f.0203AB6512B0FDC94F4CE617B082193D.d.33DEC5362A25F165A30B2D4AD8E4C3C8.e.1611/click - {}
RESULT: {}
COMMAND: GET /session/521154baa6f59f62cd3109f9d0bb8afd/screenshot - {}
RESULT: {}
COMMAND: POST /session/521154baa6f59f62cd3109f9d0bb8afd/element - {"using":"xpath","value":"//bdi[contains(text(), \"OK\")]"}
RESULT: {"using":"xpath","value":"//bdi[contains(text(), \"OK\")]"}
COMMAND: POST /session/521154baa6f59f62cd3109f9d0bb8afd/element/f.0203AB6512B0FDC94F4CE617B082193D.d.33DEC5362A25F165A30B2D4AD8E4C3C8.e.1612/click - {}
RESULT: {}
COMMAND: GET /session/521154baa6f59f62cd3109f9d0bb8afd/screenshot - {}
RESULT: {}
COMMAND: POST /session/521154baa6f59f62cd3109f9d0bb8afd/element - {"using":"xpath","value":"//button[@data-kt=\"saveButton\"]"}
RESULT: {"using":"xpath","value":"//button[@data-kt=\"saveButton\"]"}
COMMAND: POST /session/521154baa6f59f62cd3109f9d0bb8afd/element/f.0203AB6512B0FDC94F4CE617B082193D.d.33DEC5362A25F165A30B2D4AD8E4C3C8.e.1450/click - {}
RESULT: {}
COMMAND: GET /session/521154baa6f59f62cd3109f9d0bb8afd/screenshot - {}
RESULT: {}
COMMAND: POST /session/521154baa6f59f62cd3109f9d0bb8afd/element - {"using":"xpath","value":"//header[contains(@id, 'ObjectPageLayout-headerTitle')]/div[1]/div[2]/div[2]/span[1]"}
RESULT: {"using":"xpath","value":"//header[contains(@id, 'ObjectPageLayout-headerTitle')]/div[1]/div[2]/div[2]/span[1]"}
COMMAND: POST /session/521154baa6f59f62cd3109f9d0bb8afd/elements - {"using":"xpath","value":"//header[contains(@id, 'ObjectPageLayout-headerTitle')]/div[1]/div[2]/div[2]/span[1]"}
RESULT: {"using":"xpath","value":"//header[contains(@id, 'ObjectPageLayout-headerTitle')]/div[1]/div[2]/div[2]/span[1]"}
COMMAND: POST /session/521154baa6f59f62cd3109f9d0bb8afd/execute/sync - {"script":"<script> [56 bytes]","args":[{"element-6066-11e4-a52e-4f735466cecf":"f.0203AB6512B0FDC94F4CE617B082193D.d.33DEC5362A25F165A30B2D4AD8E4C3C8.e.1777","ELEMENT":"f.0203AB6512B0FDC94F4CE617B082193D.d.33DEC5362A25F165A30B2D4AD8E4C3C8.e.1777"}]}
RESULT: {"script":"<script> [56 bytes]","args":[{"element-6066-11e4-a52e-4f735466cecf":"f.0203AB6512B0FDC94F4CE617B082193D.d.33DEC5362A25F165A30B2D4AD8E4C3C8.e.1777","ELEMENT":"f.0203AB6512B0FDC94F4CE617B082193D.d.33DEC5362A25F165A30B2D4AD8E4C3C8.e.1777"}]}
COMMAND: POST /session/521154baa6f59f62cd3109f9d0bb8afd/element - {"using":"css selector","value":"#shell-header-logo"}
COMMAND: GET /session/521154baa6f59f62cd3109f9d0bb8afd/screenshot - {}
RESULT: {"using":"css selector","value":"#shell-header-logo"}
COMMAND: POST /session/521154baa6f59f62cd3109f9d0bb8afd/element/f.0203AB6512B0FDC94F4CE617B082193D.d.33DEC5362A25F165A30B2D4AD8E4C3C8.e.998/click - {}
RESULT: {}
RESULT: {}
COMMAND: GET /session/521154baa6f59f62cd3109f9d0bb8afd/screenshot - {}
RESULT: {}
COMMAND: POST /session/521154baa6f59f62cd3109f9d0bb8afd/execute/sync - {"script":"<script> [299 bytes]","args":[["getModel","getResource"]]}
RESULT: {"script":"<script> [299 bytes]","args":[["getModel","getResource"]]}
COMMAND: GET /session/521154baa6f59f62cd3109f9d0bb8afd/screenshot - {}
]]></system-out>
    </testcase>
    <testcase classname="chrome.137_0_7151_56.windows.Prerequisites_&amp;_test_for_yard_mass_return_on_Yard_Overview_US131057" name="Prereq Should create a new site" time="119.962">
      <system-out><![CDATA[
COMMAND: POST /session/521154baa6f59f62cd3109f9d0bb8afd/execute/async - {"script":"<script> [1562 bytes]","args":[{"selector":{"controlType":"sap.m.GenericTile","properties":{"header":"Manage Sites"}},"wdio_ui5_key":"sapm.GenericTile{\"header\":\"Manage Sites\"}"}]}
RESULT: {"script":"<script> [1562 bytes]","args":[{"selector":{"controlType":"sap.m.GenericTile","properties":{"header":"Manage Sites"}},"wdio_ui5_key":"sapm.GenericTile{\"header\":\"Manage Sites\"}"}]}
RESULT: undefined
COMMAND: POST /session/521154baa6f59f62cd3109f9d0bb8afd/element - {"using":"xpath","value":"//*[@id=\"__tile40\"]"}
RESULT: {}
RESULT: {"using":"xpath","value":"//*[@id=\"__tile40\"]"}
COMMAND: POST /session/521154baa6f59f62cd3109f9d0bb8afd/element/f.0203AB6512B0FDC94F4CE617B082193D.d.33DEC5362A25F165A30B2D4AD8E4C3C8.e.147/click - {}
RESULT: {}
COMMAND: GET /session/521154baa6f59f62cd3109f9d0bb8afd/screenshot - {}
RESULT: {}
COMMAND: POST /session/521154baa6f59f62cd3109f9d0bb8afd/elements - {"using":"xpath","value":"//span[text()='Error']"}
RESULT: {"using":"xpath","value":"//span[text()='Error']"}
COMMAND: POST /session/521154baa6f59f62cd3109f9d0bb8afd/element - {"using":"xpath","value":"//button[@data-kt=\"addOverflowToolbarButton\"]"}
RESULT: {"using":"xpath","value":"//button[@data-kt=\"addOverflowToolbarButton\"]"}
COMMAND: POST /session/521154baa6f59f62cd3109f9d0bb8afd/elements - {"using":"xpath","value":"//button[@data-kt=\"addOverflowToolbarButton\"]"}
RESULT: {"using":"xpath","value":"//button[@data-kt=\"addOverflowToolbarButton\"]"}
COMMAND: POST /session/521154baa6f59f62cd3109f9d0bb8afd/execute/sync - {"script":"<script> [8489 bytes]","args":[{"element-6066-11e4-a52e-4f735466cecf":"f.0203AB6512B0FDC94F4CE617B082193D.d.33DEC5362A25F165A30B2D4AD8E4C3C8.e.1824","ELEMENT":"f.0203AB6512B0FDC94F4CE617B082193D.d.33DEC5362A25F165A30B2D4AD8E4C3C8.e.1824"}]}
RESULT: {"script":"<script> [8489 bytes]","args":[{"element-6066-11e4-a52e-4f735466cecf":"f.0203AB6512B0FDC94F4CE617B082193D.d.33DEC5362A25F165A30B2D4AD8E4C3C8.e.1824","ELEMENT":"f.0203AB6512B0FDC94F4CE617B082193D.d.33DEC5362A25F165A30B2D4AD8E4C3C8.e.1824"}]}
COMMAND: GET /session/521154baa6f59f62cd3109f9d0bb8afd/element/f.0203AB6512B0FDC94F4CE617B082193D.d.33DEC5362A25F165A30B2D4AD8E4C3C8.e.1824/enabled - {}
COMMAND: GET /session/521154baa6f59f62cd3109f9d0bb8afd/screenshot - {}
RESULT: {}
COMMAND: POST /session/521154baa6f59f62cd3109f9d0bb8afd/execute/sync - {"script":"<script> [8489 bytes]","args":[{"element-6066-11e4-a52e-4f735466cecf":"f.0203AB6512B0FDC94F4CE617B082193D.d.33DEC5362A25F165A30B2D4AD8E4C3C8.e.1824","ELEMENT":"f.0203AB6512B0FDC94F4CE617B082193D.d.33DEC5362A25F165A30B2D4AD8E4C3C8.e.1824"}]}
COMMAND: GET /session/521154baa6f59f62cd3109f9d0bb8afd/screenshot - {}
RESULT: {}
RESULT: {"script":"<script> [8489 bytes]","args":[{"element-6066-11e4-a52e-4f735466cecf":"f.0203AB6512B0FDC94F4CE617B082193D.d.33DEC5362A25F165A30B2D4AD8E4C3C8.e.1824","ELEMENT":"f.0203AB6512B0FDC94F4CE617B082193D.d.33DEC5362A25F165A30B2D4AD8E4C3C8.e.1824"}]}
COMMAND: POST /session/521154baa6f59f62cd3109f9d0bb8afd/execute/sync - {"script":"<script> [5351 bytes]","args":[{"element-6066-11e4-a52e-4f735466cecf":"f.0203AB6512B0FDC94F4CE617B082193D.d.33DEC5362A25F165A30B2D4AD8E4C3C8.e.1824","ELEMENT":"f.0203AB6512B0FDC94F4CE617B082193D.d.33DEC5362A25F165A30B2D4AD8E4C3C8.e.1824"}]}
COMMAND: GET /session/521154baa6f59f62cd3109f9d0bb8afd/screenshot - {}
RESULT: {}
RESULT: {"script":"<script> [5351 bytes]","args":[{"element-6066-11e4-a52e-4f735466cecf":"f.0203AB6512B0FDC94F4CE617B082193D.d.33DEC5362A25F165A30B2D4AD8E4C3C8.e.1824","ELEMENT":"f.0203AB6512B0FDC94F4CE617B082193D.d.33DEC5362A25F165A30B2D4AD8E4C3C8.e.1824"}]}
COMMAND: POST /session/521154baa6f59f62cd3109f9d0bb8afd/element/f.0203AB6512B0FDC94F4CE617B082193D.d.33DEC5362A25F165A30B2D4AD8E4C3C8.e.1824/click - {}
COMMAND: GET /session/521154baa6f59f62cd3109f9d0bb8afd/screenshot - {}
RESULT: {}
RESULT: {}
COMMAND: GET /session/521154baa6f59f62cd3109f9d0bb8afd/screenshot - {}
RESULT: {}
RESULT: {}
COMMAND: POST /session/521154baa6f59f62cd3109f9d0bb8afd/element - {"using":"xpath","value":"//input[@id=\"application-managesites-display-component---NewSite--siteId-inner\"]"}
RESULT: {"using":"xpath","value":"//input[@id=\"application-managesites-display-component---NewSite--siteId-inner\"]"}
COMMAND: POST /session/521154baa6f59f62cd3109f9d0bb8afd/element - {"using":"xpath","value":"//input[@id=\"application-managesites-display-component---NewSite--siteId-inner\"]"}
RESULT: {"using":"xpath","value":"//input[@id=\"application-managesites-display-component---NewSite--siteId-inner\"]"}
COMMAND: POST /session/521154baa6f59f62cd3109f9d0bb8afd/execute/async - {"script":"<script> [1562 bytes]","args":[{"selector":{"id":"application-managesites-display-component---NewSite--addressDetailDetailsName1","interaction":{"idSuffix":"inner"}},"wdio_ui5_key":"applicationmanagesites-display-component---NewSite--addressDetailDetailsName1"}]}
RESULT: {"script":"<script> [1562 bytes]","args":[{"selector":{"id":"application-managesites-display-component---NewSite--addressDetailDetailsName1","interaction":{"idSuffix":"inner"}},"wdio_ui5_key":"applicationmanagesites-display-component---NewSite--addressDetailDetailsName1"}]}
RESULT: undefined
COMMAND: POST /session/521154baa6f59f62cd3109f9d0bb8afd/execute/async - {"script":"<script> [776 bytes]","args":[{"enterText":"Intracompany Site wdIO","selector":{"id":"application-managesites-display-component---NewSite--addressDetailDetailsName1","interaction":{"idSuffix":"inner"}},"clearTextFirst":true,"interactionType":"ENTER_TEXT"}]}
RESULT: {"script":"<script> [776 bytes]","args":[{"enterText":"Intracompany Site wdIO","selector":{"id":"application-managesites-display-component---NewSite--addressDetailDetailsName1","interaction":{"idSuffix":"inner"}},"clearTextFirst":true,"interactionType":"ENTER_TEXT"}]}
COMMAND: POST /session/521154baa6f59f62cd3109f9d0bb8afd/execute/async - {"script":"<script> [1562 bytes]","args":[{"selector":{"id":"application-managesites-display-component---NewSite--addressDetailDetailsLanguage-arrow"},"wdio_ui5_key":"applicationmanagesites-display-component---NewSite--addressDetailDetailsLanguage-arrow"}]}
RESULT: {"script":"<script> [1562 bytes]","args":[{"selector":{"id":"application-managesites-display-component---NewSite--addressDetailDetailsLanguage-arrow"},"wdio_ui5_key":"applicationmanagesites-display-component---NewSite--addressDetailDetailsLanguage-arrow"}]}
RESULT: undefined
COMMAND: POST /session/521154baa6f59f62cd3109f9d0bb8afd/element - {"using":"xpath","value":"//*[@id=\"application-managesites-display-component---NewSite--addressDetailDetailsLanguage-arrow\"]"}
RESULT: {"using":"xpath","value":"//*[@id=\"application-managesites-display-component---NewSite--addressDetailDetailsLanguage-arrow\"]"}
COMMAND: POST /session/521154baa6f59f62cd3109f9d0bb8afd/element/f.0203AB6512B0FDC94F4CE617B082193D.d.33DEC5362A25F165A30B2D4AD8E4C3C8.e.2443/click - {}
RESULT: {}
COMMAND: POST /session/521154baa6f59f62cd3109f9d0bb8afd/element - {"using":"xpath","value":"//span[contains(text(), \"English\")]"}
COMMAND: GET /session/521154baa6f59f62cd3109f9d0bb8afd/screenshot - {}
RESULT: {"using":"xpath","value":"//span[contains(text(), \"English\")]"}
COMMAND: POST /session/521154baa6f59f62cd3109f9d0bb8afd/element/f.0203AB6512B0FDC94F4CE617B082193D.d.33DEC5362A25F165A30B2D4AD8E4C3C8.e.2444/click - {}
RESULT: {}
RESULT: {}
COMMAND: POST /session/521154baa6f59f62cd3109f9d0bb8afd/execute/async - {"script":"<script> [1562 bytes]","args":[{"selector":{"id":"application-managesites-display-component---NewSite--addressDetailDetailsCity1","interaction":{"idSuffix":"inner"}},"wdio_ui5_key":"applicationmanagesites-display-component---NewSite--addressDetailDetailsCity1"}]}
COMMAND: GET /session/521154baa6f59f62cd3109f9d0bb8afd/screenshot - {}
RESULT: {"script":"<script> [1562 bytes]","args":[{"selector":{"id":"application-managesites-display-component---NewSite--addressDetailDetailsCity1","interaction":{"idSuffix":"inner"}},"wdio_ui5_key":"applicationmanagesites-display-component---NewSite--addressDetailDetailsCity1"}]}
RESULT: undefined
COMMAND: POST /session/521154baa6f59f62cd3109f9d0bb8afd/execute/async - {"script":"<script> [776 bytes]","args":[{"enterText":"Rosario","selector":{"id":"application-managesites-display-component---NewSite--addressDetailDetailsCity1","interaction":{"idSuffix":"inner"}},"clearTextFirst":true,"interactionType":"ENTER_TEXT"}]}
RESULT: {}
RESULT: {"script":"<script> [776 bytes]","args":[{"enterText":"Rosario","selector":{"id":"application-managesites-display-component---NewSite--addressDetailDetailsCity1","interaction":{"idSuffix":"inner"}},"clearTextFirst":true,"interactionType":"ENTER_TEXT"}]}
COMMAND: POST /session/521154baa6f59f62cd3109f9d0bb8afd/execute/async - {"script":"<script> [1562 bytes]","args":[{"selector":{"id":"application-managesites-display-component---NewSite--addressDetailDetailsCountry-arrow"},"wdio_ui5_key":"applicationmanagesites-display-component---NewSite--addressDetailDetailsCountry-arrow"}]}
RESULT: {"script":"<script> [1562 bytes]","args":[{"selector":{"id":"application-managesites-display-component---NewSite--addressDetailDetailsCountry-arrow"},"wdio_ui5_key":"applicationmanagesites-display-component---NewSite--addressDetailDetailsCountry-arrow"}]}
RESULT: undefined
COMMAND: POST /session/521154baa6f59f62cd3109f9d0bb8afd/element - {"using":"xpath","value":"//*[@id=\"application-managesites-display-component---NewSite--addressDetailDetailsCountry-arrow\"]"}
RESULT: {"using":"xpath","value":"//*[@id=\"application-managesites-display-component---NewSite--addressDetailDetailsCountry-arrow\"]"}
COMMAND: POST /session/521154baa6f59f62cd3109f9d0bb8afd/element/f.0203AB6512B0FDC94F4CE617B082193D.d.33DEC5362A25F165A30B2D4AD8E4C3C8.e.2446/click - {}
RESULT: {}
COMMAND: POST /session/521154baa6f59f62cd3109f9d0bb8afd/element - {"using":"xpath","value":"//span[contains(text(), \"Argentina\")]"}
COMMAND: GET /session/521154baa6f59f62cd3109f9d0bb8afd/screenshot - {}
RESULT: {"using":"xpath","value":"//span[contains(text(), \"Argentina\")]"}
COMMAND: POST /session/521154baa6f59f62cd3109f9d0bb8afd/element/f.0203AB6512B0FDC94F4CE617B082193D.d.33DEC5362A25F165A30B2D4AD8E4C3C8.e.2447/click - {}
RESULT: {}
RESULT: {}
COMMAND: GET /session/521154baa6f59f62cd3109f9d0bb8afd/screenshot - {}
RESULT: {}
COMMAND: POST /session/521154baa6f59f62cd3109f9d0bb8afd/execute/async - {"script":"<script> [1562 bytes]","args":[{"selector":{"id":"application-managesites-display-component---NewSite--addressEditDetailsCostObjectCstType-arrow"},"wdio_ui5_key":"applicationmanagesites-display-component---NewSite--addressEditDetailsCostObjectCstType-arrow"}]}
RESULT: {"script":"<script> [1562 bytes]","args":[{"selector":{"id":"application-managesites-display-component---NewSite--addressEditDetailsCostObjectCstType-arrow"},"wdio_ui5_key":"applicationmanagesites-display-component---NewSite--addressEditDetailsCostObjectCstType-arrow"}]}
RESULT: undefined
COMMAND: POST /session/521154baa6f59f62cd3109f9d0bb8afd/element - {"using":"xpath","value":"//*[@id=\"application-managesites-display-component---NewSite--addressEditDetailsCostObjectCstType-arrow\"]"}
RESULT: {"using":"xpath","value":"//*[@id=\"application-managesites-display-component---NewSite--addressEditDetailsCostObjectCstType-arrow\"]"}
COMMAND: POST /session/521154baa6f59f62cd3109f9d0bb8afd/element/f.0203AB6512B0FDC94F4CE617B082193D.d.33DEC5362A25F165A30B2D4AD8E4C3C8.e.2449/click - {}
RESULT: {}
COMMAND: POST /session/521154baa6f59f62cd3109f9d0bb8afd/element - {"using":"xpath","value":"//span[contains(text(), \"Cost Center\")]"}
COMMAND: GET /session/521154baa6f59f62cd3109f9d0bb8afd/screenshot - {}
RESULT: {"using":"xpath","value":"//span[contains(text(), \"Cost Center\")]"}
COMMAND: POST /session/521154baa6f59f62cd3109f9d0bb8afd/element/f.0203AB6512B0FDC94F4CE617B082193D.d.33DEC5362A25F165A30B2D4AD8E4C3C8.e.2450/click - {}
RESULT: {}
RESULT: {}
COMMAND: GET /session/521154baa6f59f62cd3109f9d0bb8afd/screenshot - {}
RESULT: {}
COMMAND: POST /session/521154baa6f59f62cd3109f9d0bb8afd/element - {"using":"xpath","value":"//span[@id=\"application-managesites-display-component---NewSite--addressNewCostObjectCstID-vhi\"]"}
RESULT: {"using":"xpath","value":"//span[@id=\"application-managesites-display-component---NewSite--addressNewCostObjectCstID-vhi\"]"}
COMMAND: POST /session/521154baa6f59f62cd3109f9d0bb8afd/execute/sync - {"script":"<script> [8489 bytes]","args":[{"element-6066-11e4-a52e-4f735466cecf":"f.0203AB6512B0FDC94F4CE617B082193D.d.33DEC5362A25F165A30B2D4AD8E4C3C8.e.2455","ELEMENT":"f.0203AB6512B0FDC94F4CE617B082193D.d.33DEC5362A25F165A30B2D4AD8E4C3C8.e.2455"}]}
RESULT: {"script":"<script> [8489 bytes]","args":[{"element-6066-11e4-a52e-4f735466cecf":"f.0203AB6512B0FDC94F4CE617B082193D.d.33DEC5362A25F165A30B2D4AD8E4C3C8.e.2455","ELEMENT":"f.0203AB6512B0FDC94F4CE617B082193D.d.33DEC5362A25F165A30B2D4AD8E4C3C8.e.2455"}]}
COMMAND: POST /session/521154baa6f59f62cd3109f9d0bb8afd/execute/async - {"script":"<script> [1562 bytes]","args":[{"selector":{"id":"application-managesites-display-component---NewSite--addressNewCostObjectCstID-vhi"},"wdio_ui5_key":"applicationmanagesites-display-component---NewSite--addressNewCostObjectCstID-vhi"}]}
COMMAND: GET /session/521154baa6f59f62cd3109f9d0bb8afd/screenshot - {}
RESULT: {"script":"<script> [1562 bytes]","args":[{"selector":{"id":"application-managesites-display-component---NewSite--addressNewCostObjectCstID-vhi"},"wdio_ui5_key":"applicationmanagesites-display-component---NewSite--addressNewCostObjectCstID-vhi"}]}
RESULT: undefined
COMMAND: POST /session/521154baa6f59f62cd3109f9d0bb8afd/element - {"using":"xpath","value":"//*[@id=\"application-managesites-display-component---NewSite--addressNewCostObjectCstID-vhi\"]"}
RESULT: {}
RESULT: {"using":"xpath","value":"//*[@id=\"application-managesites-display-component---NewSite--addressNewCostObjectCstID-vhi\"]"}
COMMAND: POST /session/521154baa6f59f62cd3109f9d0bb8afd/element/f.0203AB6512B0FDC94F4CE617B082193D.d.33DEC5362A25F165A30B2D4AD8E4C3C8.e.2455/click - {}
RESULT: {}
COMMAND: GET /session/521154baa6f59f62cd3109f9d0bb8afd/screenshot - {}
RESULT: {}
RESULT: undefined
COMMAND: POST /session/521154baa6f59f62cd3109f9d0bb8afd/execute/async - {"script":"<script> [776 bytes]","args":[{"enterText":"10001013","selector":{"controlType":"sap.m.SearchField","properties":{"placeholder":"Search"},"searchOpenDialogs":true,"interaction":{"idSuffix":"I"}},"clearTextFirst":true,"interactionType":"ENTER_TEXT"}]}
RESULT: {"script":"<script> [776 bytes]","args":[{"enterText":"10001013","selector":{"controlType":"sap.m.SearchField","properties":{"placeholder":"Search"},"searchOpenDialogs":true,"interaction":{"idSuffix":"I"}},"clearTextFirst":true,"interactionType":"ENTER_TEXT"}]}
COMMAND: POST /session/521154baa6f59f62cd3109f9d0bb8afd/actions - {"actions":[{"id":"action6","type":"key","parameters":{},"actions":[{"type":"keyDown","value":"î€‡"},{"type":"pause","duration":10},{"type":"keyUp","value":"î€‡"}]}]}
RESULT: {"actions":[{"id":"action6","type":"key","parameters":{},"actions":[{"type":"keyDown","value":"î€‡"},{"type":"pause","duration":10},{"type":"keyUp","value":"î€‡"}]}]}
COMMAND: GET /session/521154baa6f59f62cd3109f9d0bb8afd/screenshot - {}
RESULT: {}
COMMAND: POST /session/521154baa6f59f62cd3109f9d0bb8afd/element - {"using":"xpath","value":"//span[contains(text(), \"General Management\")]"}
RESULT: {"using":"xpath","value":"//span[contains(text(), \"General Management\")]"}
COMMAND: POST /session/521154baa6f59f62cd3109f9d0bb8afd/element/f.0203AB6512B0FDC94F4CE617B082193D.d.33DEC5362A25F165A30B2D4AD8E4C3C8.e.2494/click - {}
RESULT: {}
COMMAND: GET /session/521154baa6f59f62cd3109f9d0bb8afd/screenshot - {}
RESULT: {}
COMMAND: POST /session/521154baa6f59f62cd3109f9d0bb8afd/element - {"using":"xpath","value":"//bdi[contains(text(), \"OK\")]"}
RESULT: {"using":"xpath","value":"//bdi[contains(text(), \"OK\")]"}
COMMAND: POST /session/521154baa6f59f62cd3109f9d0bb8afd/element/f.0203AB6512B0FDC94F4CE617B082193D.d.33DEC5362A25F165A30B2D4AD8E4C3C8.e.2495/click - {}
RESULT: {}
COMMAND: GET /session/521154baa6f59f62cd3109f9d0bb8afd/screenshot - {}
RESULT: {}
COMMAND: POST /session/521154baa6f59f62cd3109f9d0bb8afd/element - {"using":"xpath","value":"//input[@id=\"application-managesites-display-component---NewSite--addressDetailDetailsCalendar-inner\"]"}
RESULT: {"using":"xpath","value":"//input[@id=\"application-managesites-display-component---NewSite--addressDetailDetailsCalendar-inner\"]"}
COMMAND: POST /session/521154baa6f59f62cd3109f9d0bb8afd/element/f.0203AB6512B0FDC94F4CE617B082193D.d.33DEC5362A25F165A30B2D4AD8E4C3C8.e.2292/clear - {}
RESULT: {}
COMMAND: POST /session/521154baa6f59f62cd3109f9d0bb8afd/element/f.0203AB6512B0FDC94F4CE617B082193D.d.33DEC5362A25F165A30B2D4AD8E4C3C8.e.2292/value - {"text":"Unit"}
COMMAND: GET /session/521154baa6f59f62cd3109f9d0bb8afd/screenshot - {}
RESULT: {"text":"Unit"}
COMMAND: GET /session/521154baa6f59f62cd3109f9d0bb8afd/screenshot - {}
RESULT: {}
RESULT: {}
COMMAND: POST /session/521154baa6f59f62cd3109f9d0bb8afd/actions - {"actions":[{"id":"action7","type":"key","parameters":{},"actions":[{"type":"keyDown","value":"î€‡"},{"type":"pause","duration":10},{"type":"keyUp","value":"î€‡"}]}]}
RESULT: {"actions":[{"id":"action7","type":"key","parameters":{},"actions":[{"type":"keyDown","value":"î€‡"},{"type":"pause","duration":10},{"type":"keyUp","value":"î€‡"}]}]}
COMMAND: POST /session/521154baa6f59f62cd3109f9d0bb8afd/element - {"using":"xpath","value":"//input[@id=\"application-managesites-display-component---NewSite--addressDetailDetailsYard-inner\"]"}
COMMAND: GET /session/521154baa6f59f62cd3109f9d0bb8afd/screenshot - {}
RESULT: {"using":"xpath","value":"//input[@id=\"application-managesites-display-component---NewSite--addressDetailDetailsYard-inner\"]"}
COMMAND: POST /session/521154baa6f59f62cd3109f9d0bb8afd/element/f.0203AB6512B0FDC94F4CE617B082193D.d.33DEC5362A25F165A30B2D4AD8E4C3C8.e.2293/clear - {}
RESULT: {}
RESULT: {}
COMMAND: POST /session/521154baa6f59f62cd3109f9d0bb8afd/element/f.0203AB6512B0FDC94F4CE617B082193D.d.33DEC5362A25F165A30B2D4AD8E4C3C8.e.2293/value - {"text":"657"}
COMMAND: GET /session/521154baa6f59f62cd3109f9d0bb8afd/screenshot - {}
RESULT: {"text":"657"}
COMMAND: GET /session/521154baa6f59f62cd3109f9d0bb8afd/screenshot - {}
RESULT: {}
RESULT: {}
COMMAND: POST /session/521154baa6f59f62cd3109f9d0bb8afd/element - {"using":"xpath","value":"//li[.//span[text()='657']]"}
RESULT: {"using":"xpath","value":"//li[.//span[text()='657']]"}
COMMAND: POST /session/521154baa6f59f62cd3109f9d0bb8afd/element/f.0203AB6512B0FDC94F4CE617B082193D.d.33DEC5362A25F165A30B2D4AD8E4C3C8.e.2503/click - {}
RESULT: {}
COMMAND: GET /session/521154baa6f59f62cd3109f9d0bb8afd/screenshot - {}
RESULT: {}
COMMAND: POST /session/521154baa6f59f62cd3109f9d0bb8afd/element - {"using":"xpath","value":"//input[@id=\"application-managesites-display-component---NewSite--addressDetailDetailsPartner-inner\"]"}
RESULT: {"using":"xpath","value":"//input[@id=\"application-managesites-display-component---NewSite--addressDetailDetailsPartner-inner\"]"}
COMMAND: POST /session/521154baa6f59f62cd3109f9d0bb8afd/element - {"using":"xpath","value":"//input[@id=\"application-managesites-display-component---NewSite--addressDetailDetailsPartner-inner\"]"}
RESULT: {"using":"xpath","value":"//input[@id=\"application-managesites-display-component---NewSite--addressDetailDetailsPartner-inner\"]"}
COMMAND: POST /session/521154baa6f59f62cd3109f9d0bb8afd/element - {"using":"xpath","value":"//button[@data-kt=\"saveButton\"]"}
RESULT: {"using":"xpath","value":"//button[@data-kt=\"saveButton\"]"}
COMMAND: POST /session/521154baa6f59f62cd3109f9d0bb8afd/element/f.0203AB6512B0FDC94F4CE617B082193D.d.33DEC5362A25F165A30B2D4AD8E4C3C8.e.2436/click - {}
RESULT: {}
COMMAND: GET /session/521154baa6f59f62cd3109f9d0bb8afd/screenshot - {}
RESULT: {}
COMMAND: POST /session/521154baa6f59f62cd3109f9d0bb8afd/element - {"using":"xpath","value":"//header[contains(@id, 'ObjectPageLayout-headerTitle')]/div[1]/div[2]/div[2]/span[1]"}
RESULT: {"using":"xpath","value":"//header[contains(@id, 'ObjectPageLayout-headerTitle')]/div[1]/div[2]/div[2]/span[1]"}
COMMAND: POST /session/521154baa6f59f62cd3109f9d0bb8afd/elements - {"using":"xpath","value":"//header[contains(@id, 'ObjectPageLayout-headerTitle')]/div[1]/div[2]/div[2]/span[1]"}
RESULT: {"using":"xpath","value":"//header[contains(@id, 'ObjectPageLayout-headerTitle')]/div[1]/div[2]/div[2]/span[1]"}
COMMAND: POST /session/521154baa6f59f62cd3109f9d0bb8afd/execute/sync - {"script":"<script> [56 bytes]","args":[{"element-6066-11e4-a52e-4f735466cecf":"f.0203AB6512B0FDC94F4CE617B082193D.d.33DEC5362A25F165A30B2D4AD8E4C3C8.e.2707","ELEMENT":"f.0203AB6512B0FDC94F4CE617B082193D.d.33DEC5362A25F165A30B2D4AD8E4C3C8.e.2707"}]}
RESULT: {"script":"<script> [56 bytes]","args":[{"element-6066-11e4-a52e-4f735466cecf":"f.0203AB6512B0FDC94F4CE617B082193D.d.33DEC5362A25F165A30B2D4AD8E4C3C8.e.2707","ELEMENT":"f.0203AB6512B0FDC94F4CE617B082193D.d.33DEC5362A25F165A30B2D4AD8E4C3C8.e.2707"}]}
COMMAND: POST /session/521154baa6f59f62cd3109f9d0bb8afd/element - {"using":"css selector","value":"#shell-header-logo"}
COMMAND: GET /session/521154baa6f59f62cd3109f9d0bb8afd/screenshot - {}
RESULT: {"using":"css selector","value":"#shell-header-logo"}
COMMAND: POST /session/521154baa6f59f62cd3109f9d0bb8afd/element/f.0203AB6512B0FDC94F4CE617B082193D.d.33DEC5362A25F165A30B2D4AD8E4C3C8.e.1781/click - {}
RESULT: {}
RESULT: {}
COMMAND: GET /session/521154baa6f59f62cd3109f9d0bb8afd/screenshot - {}
RESULT: {}
COMMAND: POST /session/521154baa6f59f62cd3109f9d0bb8afd/execute/sync - {"script":"<script> [299 bytes]","args":[["getModel","getResource"]]}
RESULT: {"script":"<script> [299 bytes]","args":[["getModel","getResource"]]}
COMMAND: GET /session/521154baa6f59f62cd3109f9d0bb8afd/screenshot - {}
]]></system-out>
    </testcase>
    <testcase classname="chrome.137_0_7151_56.windows.Prerequisites_&amp;_test_for_yard_mass_return_on_Yard_Overview_US131057" name="Prereq Should create a new material" time="126.808">
      <system-out><![CDATA[
COMMAND: POST /session/521154baa6f59f62cd3109f9d0bb8afd/execute/async - {"script":"<script> [1562 bytes]","args":[{"selector":{"controlType":"sap.m.GenericTile","properties":{"header":"Manage Resources"}},"wdio_ui5_key":"sapm.GenericTile{\"header\":\"Manage Resources\"}"}]}
RESULT: {"script":"<script> [1562 bytes]","args":[{"selector":{"controlType":"sap.m.GenericTile","properties":{"header":"Manage Resources"}},"wdio_ui5_key":"sapm.GenericTile{\"header\":\"Manage Resources\"}"}]}
RESULT: undefined
COMMAND: POST /session/521154baa6f59f62cd3109f9d0bb8afd/element - {"using":"xpath","value":"//*[@id=\"__tile39\"]"}
RESULT: {}
RESULT: {"using":"xpath","value":"//*[@id=\"__tile39\"]"}
COMMAND: POST /session/521154baa6f59f62cd3109f9d0bb8afd/element/f.0203AB6512B0FDC94F4CE617B082193D.d.33DEC5362A25F165A30B2D4AD8E4C3C8.e.144/click - {}
RESULT: {}
COMMAND: GET /session/521154baa6f59f62cd3109f9d0bb8afd/screenshot - {}
RESULT: {}
COMMAND: POST /session/521154baa6f59f62cd3109f9d0bb8afd/elements - {"using":"xpath","value":"//span[text()='Error']"}
RESULT: {"using":"xpath","value":"//span[text()='Error']"}
COMMAND: POST /session/521154baa6f59f62cd3109f9d0bb8afd/element - {"using":"xpath","value":"//button[@data-kt=\"addNewRUOverflowToolbarButton\"]"}
RESULT: {"using":"xpath","value":"//button[@data-kt=\"addNewRUOverflowToolbarButton\"]"}
COMMAND: POST /session/521154baa6f59f62cd3109f9d0bb8afd/elements - {"using":"xpath","value":"//button[@data-kt=\"addNewRUOverflowToolbarButton\"]"}
RESULT: {"using":"xpath","value":"//button[@data-kt=\"addNewRUOverflowToolbarButton\"]"}
COMMAND: POST /session/521154baa6f59f62cd3109f9d0bb8afd/execute/sync - {"script":"<script> [8489 bytes]","args":[{"element-6066-11e4-a52e-4f735466cecf":"f.0203AB6512B0FDC94F4CE617B082193D.d.33DEC5362A25F165A30B2D4AD8E4C3C8.e.2737","ELEMENT":"f.0203AB6512B0FDC94F4CE617B082193D.d.33DEC5362A25F165A30B2D4AD8E4C3C8.e.2737"}]}
RESULT: {"script":"<script> [8489 bytes]","args":[{"element-6066-11e4-a52e-4f735466cecf":"f.0203AB6512B0FDC94F4CE617B082193D.d.33DEC5362A25F165A30B2D4AD8E4C3C8.e.2737","ELEMENT":"f.0203AB6512B0FDC94F4CE617B082193D.d.33DEC5362A25F165A30B2D4AD8E4C3C8.e.2737"}]}
COMMAND: GET /session/521154baa6f59f62cd3109f9d0bb8afd/element/f.0203AB6512B0FDC94F4CE617B082193D.d.33DEC5362A25F165A30B2D4AD8E4C3C8.e.2737/enabled - {}
COMMAND: GET /session/521154baa6f59f62cd3109f9d0bb8afd/screenshot - {}
RESULT: {}
COMMAND: POST /session/521154baa6f59f62cd3109f9d0bb8afd/execute/sync - {"script":"<script> [8489 bytes]","args":[{"element-6066-11e4-a52e-4f735466cecf":"f.0203AB6512B0FDC94F4CE617B082193D.d.33DEC5362A25F165A30B2D4AD8E4C3C8.e.2737","ELEMENT":"f.0203AB6512B0FDC94F4CE617B082193D.d.33DEC5362A25F165A30B2D4AD8E4C3C8.e.2737"}]}
COMMAND: GET /session/521154baa6f59f62cd3109f9d0bb8afd/screenshot - {}
RESULT: {}
RESULT: {"script":"<script> [8489 bytes]","args":[{"element-6066-11e4-a52e-4f735466cecf":"f.0203AB6512B0FDC94F4CE617B082193D.d.33DEC5362A25F165A30B2D4AD8E4C3C8.e.2737","ELEMENT":"f.0203AB6512B0FDC94F4CE617B082193D.d.33DEC5362A25F165A30B2D4AD8E4C3C8.e.2737"}]}
COMMAND: POST /session/521154baa6f59f62cd3109f9d0bb8afd/execute/sync - {"script":"<script> [5351 bytes]","args":[{"element-6066-11e4-a52e-4f735466cecf":"f.0203AB6512B0FDC94F4CE617B082193D.d.33DEC5362A25F165A30B2D4AD8E4C3C8.e.2737","ELEMENT":"f.0203AB6512B0FDC94F4CE617B082193D.d.33DEC5362A25F165A30B2D4AD8E4C3C8.e.2737"}]}
COMMAND: GET /session/521154baa6f59f62cd3109f9d0bb8afd/screenshot - {}
RESULT: {}
RESULT: {"script":"<script> [5351 bytes]","args":[{"element-6066-11e4-a52e-4f735466cecf":"f.0203AB6512B0FDC94F4CE617B082193D.d.33DEC5362A25F165A30B2D4AD8E4C3C8.e.2737","ELEMENT":"f.0203AB6512B0FDC94F4CE617B082193D.d.33DEC5362A25F165A30B2D4AD8E4C3C8.e.2737"}]}
COMMAND: POST /session/521154baa6f59f62cd3109f9d0bb8afd/element/f.0203AB6512B0FDC94F4CE617B082193D.d.33DEC5362A25F165A30B2D4AD8E4C3C8.e.2737/click - {}
COMMAND: GET /session/521154baa6f59f62cd3109f9d0bb8afd/screenshot - {}
RESULT: {}
RESULT: {}
COMMAND: GET /session/521154baa6f59f62cd3109f9d0bb8afd/screenshot - {}
COMMAND: POST /session/521154baa6f59f62cd3109f9d0bb8afd/execute/async - {"script":"<script> [1562 bytes]","args":[{"selector":{"id":"application-manageresources-display-component---newResourceUnit--TYPE-arrow"},"wdio_ui5_key":"applicationmanageresources-display-component---newResourceUnit--TYPE-arrow"}]}
RESULT: {}
RESULT: {}
RESULT: {"script":"<script> [1562 bytes]","args":[{"selector":{"id":"application-manageresources-display-component---newResourceUnit--TYPE-arrow"},"wdio_ui5_key":"applicationmanageresources-display-component---newResourceUnit--TYPE-arrow"}]}
RESULT: undefined
COMMAND: POST /session/521154baa6f59f62cd3109f9d0bb8afd/element - {"using":"xpath","value":"//*[@id=\"application-manageresources-display-component---newResourceUnit--TYPE-arrow\"]"}
RESULT: {"using":"xpath","value":"//*[@id=\"application-manageresources-display-component---newResourceUnit--TYPE-arrow\"]"}
COMMAND: POST /session/521154baa6f59f62cd3109f9d0bb8afd/element/f.0203AB6512B0FDC94F4CE617B082193D.d.33DEC5362A25F165A30B2D4AD8E4C3C8.e.3094/click - {}
RESULT: {}
COMMAND: POST /session/521154baa6f59f62cd3109f9d0bb8afd/element - {"using":"xpath","value":"//input[@id=\"application-manageresources-display-component---newResourceUnit--TYPE-inner\"]"}
COMMAND: GET /session/521154baa6f59f62cd3109f9d0bb8afd/screenshot - {}
RESULT: {"using":"xpath","value":"//input[@id=\"application-manageresources-display-component---newResourceUnit--TYPE-inner\"]"}
COMMAND: POST /session/521154baa6f59f62cd3109f9d0bb8afd/element/f.0203AB6512B0FDC94F4CE617B082193D.d.33DEC5362A25F165A30B2D4AD8E4C3C8.e.3089/clear - {}
RESULT: {}
RESULT: {}
COMMAND: POST /session/521154baa6f59f62cd3109f9d0bb8afd/element/f.0203AB6512B0FDC94F4CE617B082193D.d.33DEC5362A25F165A30B2D4AD8E4C3C8.e.3089/value - {"text":"Material"}
COMMAND: GET /session/521154baa6f59f62cd3109f9d0bb8afd/screenshot - {}
RESULT: {"text":"Material"}
COMMAND: GET /session/521154baa6f59f62cd3109f9d0bb8afd/screenshot - {}
RESULT: {}
RESULT: {}
COMMAND: POST /session/521154baa6f59f62cd3109f9d0bb8afd/actions - {"actions":[{"id":"action8","type":"key","parameters":{},"actions":[{"type":"keyDown","value":"î€‡"},{"type":"pause","duration":10},{"type":"keyUp","value":"î€‡"}]}]}
RESULT: {"actions":[{"id":"action8","type":"key","parameters":{},"actions":[{"type":"keyDown","value":"î€‡"},{"type":"pause","duration":10},{"type":"keyUp","value":"î€‡"}]}]}
COMMAND: POST /session/521154baa6f59f62cd3109f9d0bb8afd/execute/async - {"script":"<script> [1562 bytes]","args":[{"selector":{"id":"application-manageresources-display-component---newResourceUnit--SHORT_TEXT","interaction":{"idSuffix":"inner"}},"wdio_ui5_key":"applicationmanageresources-display-component---newResourceUnit--SHORT_TEXT"}]}
COMMAND: GET /session/521154baa6f59f62cd3109f9d0bb8afd/screenshot - {}
RESULT: {"script":"<script> [1562 bytes]","args":[{"selector":{"id":"application-manageresources-display-component---newResourceUnit--SHORT_TEXT","interaction":{"idSuffix":"inner"}},"wdio_ui5_key":"applicationmanageresources-display-component---newResourceUnit--SHORT_TEXT"}]}
RESULT: undefined
COMMAND: POST /session/521154baa6f59f62cd3109f9d0bb8afd/execute/async - {"script":"<script> [776 bytes]","args":[{"enterText":"Cement WDIO","selector":{"id":"application-manageresources-display-component---newResourceUnit--SHORT_TEXT","interaction":{"idSuffix":"inner"}},"clearTextFirst":true,"interactionType":"ENTER_TEXT"}]}
RESULT: {}
RESULT: {"script":"<script> [776 bytes]","args":[{"enterText":"Cement WDIO","selector":{"id":"application-manageresources-display-component---newResourceUnit--SHORT_TEXT","interaction":{"idSuffix":"inner"}},"clearTextFirst":true,"interactionType":"ENTER_TEXT"}]}
COMMAND: POST /session/521154baa6f59f62cd3109f9d0bb8afd/execute/async - {"script":"<script> [1562 bytes]","args":[{"selector":{"id":"application-manageresources-display-component---newResourceUnit--BASE_UNIT_OF_MEASURE","interaction":{"idSuffix":"inner"}},"wdio_ui5_key":"applicationmanageresources-display-component---newResourceUnit--BASE_UNIT_OF_MEASURE"}]}
RESULT: {"script":"<script> [1562 bytes]","args":[{"selector":{"id":"application-manageresources-display-component---newResourceUnit--BASE_UNIT_OF_MEASURE","interaction":{"idSuffix":"inner"}},"wdio_ui5_key":"applicationmanageresources-display-component---newResourceUnit--BASE_UNIT_OF_MEASURE"}]}
RESULT: undefined
COMMAND: POST /session/521154baa6f59f62cd3109f9d0bb8afd/execute/async - {"script":"<script> [776 bytes]","args":[{"enterText":"Piece","selector":{"id":"application-manageresources-display-component---newResourceUnit--BASE_UNIT_OF_MEASURE","interaction":{"idSuffix":"inner"}},"clearTextFirst":true,"interactionType":"ENTER_TEXT"}]}
RESULT: {"script":"<script> [776 bytes]","args":[{"enterText":"Piece","selector":{"id":"application-manageresources-display-component---newResourceUnit--BASE_UNIT_OF_MEASURE","interaction":{"idSuffix":"inner"}},"clearTextFirst":true,"interactionType":"ENTER_TEXT"}]}
COMMAND: POST /session/521154baa6f59f62cd3109f9d0bb8afd/execute/async - {"script":"<script> [1562 bytes]","args":[{"selector":{"id":"application-manageresources-display-component---newResourceUnit--WEIGHT_UNIT","interaction":{"idSuffix":"inner"}},"wdio_ui5_key":"applicationmanageresources-display-component---newResourceUnit--WEIGHT_UNIT"}]}
RESULT: {"script":"<script> [1562 bytes]","args":[{"selector":{"id":"application-manageresources-display-component---newResourceUnit--WEIGHT_UNIT","interaction":{"idSuffix":"inner"}},"wdio_ui5_key":"applicationmanageresources-display-component---newResourceUnit--WEIGHT_UNIT"}]}
RESULT: undefined
COMMAND: POST /session/521154baa6f59f62cd3109f9d0bb8afd/execute/async - {"script":"<script> [776 bytes]","args":[{"enterText":"Gram","selector":{"id":"application-manageresources-display-component---newResourceUnit--WEIGHT_UNIT","interaction":{"idSuffix":"inner"}},"clearTextFirst":true,"interactionType":"ENTER_TEXT"}]}
RESULT: {"script":"<script> [776 bytes]","args":[{"enterText":"Gram","selector":{"id":"application-manageresources-display-component---newResourceUnit--WEIGHT_UNIT","interaction":{"idSuffix":"inner"}},"clearTextFirst":true,"interactionType":"ENTER_TEXT"}]}
COMMAND: POST /session/521154baa6f59f62cd3109f9d0bb8afd/execute/async - {"script":"<script> [1562 bytes]","args":[{"selector":{"id":"application-manageresources-display-component---newResourceUnit--DIMENSION_UNIT","interaction":{"idSuffix":"inner"}},"wdio_ui5_key":"applicationmanageresources-display-component---newResourceUnit--DIMENSION_UNIT"}]}
RESULT: {"script":"<script> [1562 bytes]","args":[{"selector":{"id":"application-manageresources-display-component---newResourceUnit--DIMENSION_UNIT","interaction":{"idSuffix":"inner"}},"wdio_ui5_key":"applicationmanageresources-display-component---newResourceUnit--DIMENSION_UNIT"}]}
RESULT: undefined
COMMAND: POST /session/521154baa6f59f62cd3109f9d0bb8afd/execute/async - {"script":"<script> [776 bytes]","args":[{"enterText":"Meter","selector":{"id":"application-manageresources-display-component---newResourceUnit--DIMENSION_UNIT","interaction":{"idSuffix":"inner"}},"clearTextFirst":true,"interactionType":"ENTER_TEXT"}]}
RESULT: {"script":"<script> [776 bytes]","args":[{"enterText":"Meter","selector":{"id":"application-manageresources-display-component---newResourceUnit--DIMENSION_UNIT","interaction":{"idSuffix":"inner"}},"clearTextFirst":true,"interactionType":"ENTER_TEXT"}]}
COMMAND: POST /session/521154baa6f59f62cd3109f9d0bb8afd/execute/async - {"script":"<script> [1562 bytes]","args":[{"selector":{"id":"application-manageresources-display-component---newResourceUnit--newRRUPage-anchBar-application-manageresources-display-component---newResourceUnit--control-anchor","interaction":{"idSuffix":"BDI-content"}},"wdio_ui5_key":"applicationmanageresources-display-component---newResourceUnit--newRRUPage-anchBar-application-manageresources-display-component---newResourceUnit--control-anchor"}]}
RESULT: {"script":"<script> [1562 bytes]","args":[{"selector":{"id":"application-manageresources-display-component---newResourceUnit--newRRUPage-anchBar-application-manageresources-display-component---newResourceUnit--control-anchor","interaction":{"idSuffix":"BDI-content"}},"wdio_ui5_key":"applicationmanageresources-display-component---newResourceUnit--newRRUPage-anchBar-application-manageresources-display-component---newResourceUnit--control-anchor"}]}
RESULT: undefined
COMMAND: POST /session/521154baa6f59f62cd3109f9d0bb8afd/element - {"using":"xpath","value":"//*[@id=\"application-manageresources-display-component---newResourceUnit--newRRUPage-anchBar-application-manageresources-display-component---newResourceUnit--control-anchor\"]"}
RESULT: {"using":"xpath","value":"//*[@id=\"application-manageresources-display-component---newResourceUnit--newRRUPage-anchBar-application-manageresources-display-component---newResourceUnit--control-anchor\"]"}
COMMAND: POST /session/521154baa6f59f62cd3109f9d0bb8afd/element/f.0203AB6512B0FDC94F4CE617B082193D.d.33DEC5362A25F165A30B2D4AD8E4C3C8.e.3224/click - {}
RESULT: {}
COMMAND: POST /session/521154baa6f59f62cd3109f9d0bb8afd/execute/async - {"script":"<script> [1562 bytes]","args":[{"selector":{"id":"application-manageresources-display-component---newResourceUnit--PLANNING_GROUP","interaction":{"idSuffix":"inner"}},"wdio_ui5_key":"applicationmanageresources-display-component---newResourceUnit--PLANNING_GROUP"}]}
COMMAND: GET /session/521154baa6f59f62cd3109f9d0bb8afd/screenshot - {}
RESULT: {"script":"<script> [1562 bytes]","args":[{"selector":{"id":"application-manageresources-display-component---newResourceUnit--PLANNING_GROUP","interaction":{"idSuffix":"inner"}},"wdio_ui5_key":"applicationmanageresources-display-component---newResourceUnit--PLANNING_GROUP"}]}
RESULT: undefined
COMMAND: POST /session/521154baa6f59f62cd3109f9d0bb8afd/execute/async - {"script":"<script> [776 bytes]","args":[{"enterText":"Material","selector":{"id":"application-manageresources-display-component---newResourceUnit--PLANNING_GROUP","interaction":{"idSuffix":"inner"}},"clearTextFirst":true,"interactionType":"ENTER_TEXT"}]}
RESULT: {}
RESULT: {"script":"<script> [776 bytes]","args":[{"enterText":"Material","selector":{"id":"application-manageresources-display-component---newResourceUnit--PLANNING_GROUP","interaction":{"idSuffix":"inner"}},"clearTextFirst":true,"interactionType":"ENTER_TEXT"}]}
COMMAND: POST /session/521154baa6f59f62cd3109f9d0bb8afd/execute/async - {"script":"<script> [1562 bytes]","args":[{"selector":{"id":"application-manageresources-display-component---newResourceUnit--PLANNING_INDICATOR","interaction":{"idSuffix":"inner"}},"wdio_ui5_key":"applicationmanageresources-display-component---newResourceUnit--PLANNING_INDICATOR"}]}
RESULT: {"script":"<script> [1562 bytes]","args":[{"selector":{"id":"application-manageresources-display-component---newResourceUnit--PLANNING_INDICATOR","interaction":{"idSuffix":"inner"}},"wdio_ui5_key":"applicationmanageresources-display-component---newResourceUnit--PLANNING_INDICATOR"}]}
RESULT: undefined
COMMAND: POST /session/521154baa6f59f62cd3109f9d0bb8afd/execute/async - {"script":"<script> [776 bytes]","args":[{"enterText":"10 - infinite","selector":{"id":"application-manageresources-display-component---newResourceUnit--PLANNING_INDICATOR","interaction":{"idSuffix":"inner"}},"clearTextFirst":true,"interactionType":"ENTER_TEXT"}]}
RESULT: {"script":"<script> [776 bytes]","args":[{"enterText":"10 - infinite","selector":{"id":"application-manageresources-display-component---newResourceUnit--PLANNING_INDICATOR","interaction":{"idSuffix":"inner"}},"clearTextFirst":true,"interactionType":"ENTER_TEXT"}]}
COMMAND: POST /session/521154baa6f59f62cd3109f9d0bb8afd/element - {"using":"css selector","value":"#application-manageresources-display-component---newResourceUnit--btnAddTimeSegment"}
RESULT: {"using":"css selector","value":"#application-manageresources-display-component---newResourceUnit--btnAddTimeSegment"}
COMMAND: GET /session/521154baa6f59f62cd3109f9d0bb8afd/element/f.0203AB6512B0FDC94F4CE617B082193D.d.33DEC5362A25F165A30B2D4AD8E4C3C8.e.3234/rect - {}
RESULT: {}
COMMAND: GET /session/521154baa6f59f62cd3109f9d0bb8afd/window/rect - {}
RESULT: {}
COMMAND: POST /session/521154baa6f59f62cd3109f9d0bb8afd/execute/sync - {"script":"<script> [92 bytes]","args":[]}
RESULT: {"script":"<script> [92 bytes]","args":[]}
COMMAND: POST /session/521154baa6f59f62cd3109f9d0bb8afd/actions - {"actions":[{"id":"action9","type":"wheel","parameters":{},"actions":[{"type":"scroll","x":-1888,"y":-32,"deltaX":0,"deltaY":0,"duration":0,"origin":{"element-6066-11e4-a52e-4f735466cecf":"f.0203AB6512B0FDC94F4CE617B082193D.d.33DEC5362A25F165A30B2D4AD8E4C3C8.e.3234"}}]}]}
COMMAND: GET /session/521154baa6f59f62cd3109f9d0bb8afd/screenshot - {}
RESULT: {}
COMMAND: POST /session/521154baa6f59f62cd3109f9d0bb8afd/execute/sync - {"script":"<script> [79 bytes]","args":[{"element-6066-11e4-a52e-4f735466cecf":"f.0203AB6512B0FDC94F4CE617B082193D.d.33DEC5362A25F165A30B2D4AD8E4C3C8.e.3234","ELEMENT":"f.0203AB6512B0FDC94F4CE617B082193D.d.33DEC5362A25F165A30B2D4AD8E4C3C8.e.3234"},{"block":"start","inline":"nearest"}]}
RESULT: {"script":"<script> [79 bytes]","args":[{"element-6066-11e4-a52e-4f735466cecf":"f.0203AB6512B0FDC94F4CE617B082193D.d.33DEC5362A25F165A30B2D4AD8E4C3C8.e.3234","ELEMENT":"f.0203AB6512B0FDC94F4CE617B082193D.d.33DEC5362A25F165A30B2D4AD8E4C3C8.e.3234"},{"block":"start","inline":"nearest"}]}
COMMAND: POST /session/521154baa6f59f62cd3109f9d0bb8afd/execute/async - {"script":"<script> [1562 bytes]","args":[{"selector":{"id":"application-manageresources-display-component---newResourceUnit--btnAddTimeSegment","interaction":{"idSuffix":"inner"}},"wdio_ui5_key":"applicationmanageresources-display-component---newResourceUnit--btnAddTimeSegment"}]}
COMMAND: GET /session/521154baa6f59f62cd3109f9d0bb8afd/screenshot - {}
RESULT: {"script":"<script> [1562 bytes]","args":[{"selector":{"id":"application-manageresources-display-component---newResourceUnit--btnAddTimeSegment","interaction":{"idSuffix":"inner"}},"wdio_ui5_key":"applicationmanageresources-display-component---newResourceUnit--btnAddTimeSegment"}]}
RESULT: undefined
COMMAND: POST /session/521154baa6f59f62cd3109f9d0bb8afd/element - {"using":"xpath","value":"//*[@id=\"application-manageresources-display-component---newResourceUnit--btnAddTimeSegment\"]"}
RESULT: {}
RESULT: {"using":"xpath","value":"//*[@id=\"application-manageresources-display-component---newResourceUnit--btnAddTimeSegment\"]"}
COMMAND: POST /session/521154baa6f59f62cd3109f9d0bb8afd/element/f.0203AB6512B0FDC94F4CE617B082193D.d.33DEC5362A25F165A30B2D4AD8E4C3C8.e.3234/click - {}
RESULT: {}
COMMAND: GET /session/521154baa6f59f62cd3109f9d0bb8afd/screenshot - {}
RESULT: {}
COMMAND: POST /session/521154baa6f59f62cd3109f9d0bb8afd/element - {"using":"xpath","value":"//input[@id=\"application-manageresources-display-component---newResourceUnit--idRuTSAdmin-application-manageresources-display-component---newResourceUnit--RUTimeSegment-0-inner\"]"}
RESULT: {"using":"xpath","value":"//input[@id=\"application-manageresources-display-component---newResourceUnit--idRuTSAdmin-application-manageresources-display-component---newResourceUnit--RUTimeSegment-0-inner\"]"}
COMMAND: POST /session/521154baa6f59f62cd3109f9d0bb8afd/element/f.0203AB6512B0FDC94F4CE617B082193D.d.33DEC5362A25F165A30B2D4AD8E4C3C8.e.3239/clear - {}
RESULT: {}
COMMAND: POST /session/521154baa6f59f62cd3109f9d0bb8afd/element/f.0203AB6512B0FDC94F4CE617B082193D.d.33DEC5362A25F165A30B2D4AD8E4C3C8.e.3239/value - {"text":"657"}
COMMAND: GET /session/521154baa6f59f62cd3109f9d0bb8afd/screenshot - {}
RESULT: {"text":"657"}
COMMAND: GET /session/521154baa6f59f62cd3109f9d0bb8afd/screenshot - {}
RESULT: {}
RESULT: {}
COMMAND: POST /session/521154baa6f59f62cd3109f9d0bb8afd/element - {"using":"xpath","value":"//li[.//span[text()='657']]"}
RESULT: {"using":"xpath","value":"//li[.//span[text()='657']]"}
COMMAND: POST /session/521154baa6f59f62cd3109f9d0bb8afd/element/f.0203AB6512B0FDC94F4CE617B082193D.d.33DEC5362A25F165A30B2D4AD8E4C3C8.e.3248/click - {}
RESULT: {}
COMMAND: GET /session/521154baa6f59f62cd3109f9d0bb8afd/screenshot - {}
RESULT: {}
COMMAND: POST /session/521154baa6f59f62cd3109f9d0bb8afd/element - {"using":"xpath","value":"(//span[contains(@id, \"-application-manageresources-display-component---newResourceUnit--RUTimeSegment-0-arrow\")])[2]"}
RESULT: {"using":"xpath","value":"(//span[contains(@id, \"-application-manageresources-display-component---newResourceUnit--RUTimeSegment-0-arrow\")])[2]"}
COMMAND: POST /session/521154baa6f59f62cd3109f9d0bb8afd/element/f.0203AB6512B0FDC94F4CE617B082193D.d.33DEC5362A25F165A30B2D4AD8E4C3C8.e.3249/click - {}
RESULT: {}
COMMAND: POST /session/521154baa6f59f62cd3109f9d0bb8afd/element - {"using":"xpath","value":"//span[contains(text(), \"PM Order\")]"}
COMMAND: GET /session/521154baa6f59f62cd3109f9d0bb8afd/screenshot - {}
RESULT: {"using":"xpath","value":"//span[contains(text(), \"PM Order\")]"}
COMMAND: POST /session/521154baa6f59f62cd3109f9d0bb8afd/element/f.0203AB6512B0FDC94F4CE617B082193D.d.33DEC5362A25F165A30B2D4AD8E4C3C8.e.3250/click - {}
RESULT: {}
RESULT: {}
COMMAND: GET /session/521154baa6f59f62cd3109f9d0bb8afd/screenshot - {}
RESULT: {}
COMMAND: POST /session/521154baa6f59f62cd3109f9d0bb8afd/element - {"using":"xpath","value":"//td/div/div/div/span[contains(@id, \"newResourceUnit--RUTimeSegment-0-vhi\")][1]"}
RESULT: {"using":"xpath","value":"//td/div/div/div/span[contains(@id, \"newResourceUnit--RUTimeSegment-0-vhi\")][1]"}
COMMAND: GET /session/521154baa6f59f62cd3109f9d0bb8afd/element/f.0203AB6512B0FDC94F4CE617B082193D.d.33DEC5362A25F165A30B2D4AD8E4C3C8.e.3254/rect - {}
RESULT: {}
COMMAND: GET /session/521154baa6f59f62cd3109f9d0bb8afd/window/rect - {}
RESULT: {}
COMMAND: POST /session/521154baa6f59f62cd3109f9d0bb8afd/execute/sync - {"script":"<script> [92 bytes]","args":[]}
RESULT: {"script":"<script> [92 bytes]","args":[]}
COMMAND: POST /session/521154baa6f59f62cd3109f9d0bb8afd/actions - {"actions":[{"id":"action10","type":"wheel","parameters":{},"actions":[{"type":"scroll","x":-1888,"y":-24,"deltaX":0,"deltaY":0,"duration":0,"origin":{"element-6066-11e4-a52e-4f735466cecf":"f.0203AB6512B0FDC94F4CE617B082193D.d.33DEC5362A25F165A30B2D4AD8E4C3C8.e.3254"}}]}]}
COMMAND: GET /session/521154baa6f59f62cd3109f9d0bb8afd/screenshot - {}
RESULT: {}
COMMAND: POST /session/521154baa6f59f62cd3109f9d0bb8afd/execute/sync - {"script":"<script> [79 bytes]","args":[{"element-6066-11e4-a52e-4f735466cecf":"f.0203AB6512B0FDC94F4CE617B082193D.d.33DEC5362A25F165A30B2D4AD8E4C3C8.e.3254","ELEMENT":"f.0203AB6512B0FDC94F4CE617B082193D.d.33DEC5362A25F165A30B2D4AD8E4C3C8.e.3254"},{"block":"start","inline":"nearest"}]}
RESULT: {"script":"<script> [79 bytes]","args":[{"element-6066-11e4-a52e-4f735466cecf":"f.0203AB6512B0FDC94F4CE617B082193D.d.33DEC5362A25F165A30B2D4AD8E4C3C8.e.3254","ELEMENT":"f.0203AB6512B0FDC94F4CE617B082193D.d.33DEC5362A25F165A30B2D4AD8E4C3C8.e.3254"},{"block":"start","inline":"nearest"}]}
COMMAND: GET /session/521154baa6f59f62cd3109f9d0bb8afd/screenshot - {}
RESULT: {}
COMMAND: POST /session/521154baa6f59f62cd3109f9d0bb8afd/element/f.0203AB6512B0FDC94F4CE617B082193D.d.33DEC5362A25F165A30B2D4AD8E4C3C8.e.3254/click - {}
RESULT: {}
COMMAND: GET /session/521154baa6f59f62cd3109f9d0bb8afd/screenshot - {}
RESULT: {}
RESULT: undefined
COMMAND: POST /session/521154baa6f59f62cd3109f9d0bb8afd/execute/async - {"script":"<script> [776 bytes]","args":[{"enterText":"4000360","selector":{"controlType":"sap.m.SearchField","properties":{"placeholder":"Search"},"searchOpenDialogs":true,"interaction":{"idSuffix":"I"}},"clearTextFirst":true,"interactionType":"ENTER_TEXT"}]}
RESULT: {"script":"<script> [776 bytes]","args":[{"enterText":"4000360","selector":{"controlType":"sap.m.SearchField","properties":{"placeholder":"Search"},"searchOpenDialogs":true,"interaction":{"idSuffix":"I"}},"clearTextFirst":true,"interactionType":"ENTER_TEXT"}]}
COMMAND: POST /session/521154baa6f59f62cd3109f9d0bb8afd/actions - {"actions":[{"id":"action11","type":"key","parameters":{},"actions":[{"type":"keyDown","value":"î€‡"},{"type":"pause","duration":10},{"type":"keyUp","value":"î€‡"}]}]}
RESULT: {"actions":[{"id":"action11","type":"key","parameters":{},"actions":[{"type":"keyDown","value":"î€‡"},{"type":"pause","duration":10},{"type":"keyUp","value":"î€‡"}]}]}
COMMAND: GET /session/521154baa6f59f62cd3109f9d0bb8afd/screenshot - {}
RESULT: {}
COMMAND: POST /session/521154baa6f59f62cd3109f9d0bb8afd/element - {"using":"xpath","value":"//td/div/span[contains(text(), \"BGL Vehicles\")]"}
RESULT: {"using":"xpath","value":"//td/div/span[contains(text(), \"BGL Vehicles\")]"}
COMMAND: POST /session/521154baa6f59f62cd3109f9d0bb8afd/element/f.0203AB6512B0FDC94F4CE617B082193D.d.33DEC5362A25F165A30B2D4AD8E4C3C8.e.3274/click - {}
RESULT: {}
COMMAND: GET /session/521154baa6f59f62cd3109f9d0bb8afd/screenshot - {}
RESULT: {}
COMMAND: POST /session/521154baa6f59f62cd3109f9d0bb8afd/element - {"using":"xpath","value":"//bdi[contains(text(), \"OK\")]"}
RESULT: {"using":"xpath","value":"//bdi[contains(text(), \"OK\")]"}
COMMAND: POST /session/521154baa6f59f62cd3109f9d0bb8afd/element/f.0203AB6512B0FDC94F4CE617B082193D.d.33DEC5362A25F165A30B2D4AD8E4C3C8.e.3275/click - {}
RESULT: {}
COMMAND: GET /session/521154baa6f59f62cd3109f9d0bb8afd/screenshot - {}
RESULT: {}
COMMAND: POST /session/521154baa6f59f62cd3109f9d0bb8afd/element - {"using":"xpath","value":"//label[contains(@class, 'sapMLabelRequired') and .//bdi[contains(text(), 'Planned Retirement')]]"}
RESULT: {"using":"xpath","value":"//label[contains(@class, 'sapMLabelRequired') and .//bdi[contains(text(), 'Planned Retirement')]]"}
COMMAND: POST /session/521154baa6f59f62cd3109f9d0bb8afd/elements - {"using":"xpath","value":"//label[contains(@class, 'sapMLabelRequired') and .//bdi[contains(text(), 'Planned Retirement')]]"}
RESULT: {"using":"xpath","value":"//label[contains(@class, 'sapMLabelRequired') and .//bdi[contains(text(), 'Planned Retirement')]]"}
COMMAND: POST /session/521154baa6f59f62cd3109f9d0bb8afd/element - {"using":"xpath","value":"//button[@data-kt=\"resourceUnitSaveButton\"]"}
RESULT: {"using":"xpath","value":"//button[@data-kt=\"resourceUnitSaveButton\"]"}
COMMAND: POST /session/521154baa6f59f62cd3109f9d0bb8afd/element/f.0203AB6512B0FDC94F4CE617B082193D.d.33DEC5362A25F165A30B2D4AD8E4C3C8.e.3111/click - {}
RESULT: {}
COMMAND: GET /session/521154baa6f59f62cd3109f9d0bb8afd/screenshot - {}
RESULT: {}
COMMAND: POST /session/521154baa6f59f62cd3109f9d0bb8afd/element - {"using":"xpath","value":"//bdi[contains(text(), \"Close\")]"}
RESULT: {"using":"xpath","value":"//bdi[contains(text(), \"Close\")]"}
COMMAND: POST /session/521154baa6f59f62cd3109f9d0bb8afd/element/f.0203AB6512B0FDC94F4CE617B082193D.d.33DEC5362A25F165A30B2D4AD8E4C3C8.e.3282/click - {}
RESULT: {}
COMMAND: GET /session/521154baa6f59f62cd3109f9d0bb8afd/screenshot - {}
COMMAND: POST /session/521154baa6f59f62cd3109f9d0bb8afd/element - {"using":"xpath","value":"//header[contains(@id, 'detailRruPage-headerTitle')]/div[1]/div[2]/div[2]/span[1]"}
RESULT: {}
RESULT: {"using":"xpath","value":"//header[contains(@id, 'detailRruPage-headerTitle')]/div[1]/div[2]/div[2]/span[1]"}
COMMAND: POST /session/521154baa6f59f62cd3109f9d0bb8afd/elements - {"using":"xpath","value":"//header[contains(@id, 'detailRruPage-headerTitle')]/div[1]/div[2]/div[2]/span[1]"}
RESULT: {"using":"xpath","value":"//header[contains(@id, 'detailRruPage-headerTitle')]/div[1]/div[2]/div[2]/span[1]"}
COMMAND: POST /session/521154baa6f59f62cd3109f9d0bb8afd/execute/sync - {"script":"<script> [56 bytes]","args":[{"element-6066-11e4-a52e-4f735466cecf":"f.0203AB6512B0FDC94F4CE617B082193D.d.33DEC5362A25F165A30B2D4AD8E4C3C8.e.3313","ELEMENT":"f.0203AB6512B0FDC94F4CE617B082193D.d.33DEC5362A25F165A30B2D4AD8E4C3C8.e.3313"}]}
RESULT: {"script":"<script> [56 bytes]","args":[{"element-6066-11e4-a52e-4f735466cecf":"f.0203AB6512B0FDC94F4CE617B082193D.d.33DEC5362A25F165A30B2D4AD8E4C3C8.e.3313","ELEMENT":"f.0203AB6512B0FDC94F4CE617B082193D.d.33DEC5362A25F165A30B2D4AD8E4C3C8.e.3313"}]}
COMMAND: POST /session/521154baa6f59f62cd3109f9d0bb8afd/element - {"using":"css selector","value":"#shell-header-logo"}
COMMAND: GET /session/521154baa6f59f62cd3109f9d0bb8afd/screenshot - {}
RESULT: {"using":"css selector","value":"#shell-header-logo"}
COMMAND: POST /session/521154baa6f59f62cd3109f9d0bb8afd/element/f.0203AB6512B0FDC94F4CE617B082193D.d.33DEC5362A25F165A30B2D4AD8E4C3C8.e.2710/click - {}
RESULT: {}
RESULT: {}
COMMAND: GET /session/521154baa6f59f62cd3109f9d0bb8afd/screenshot - {}
RESULT: {}
]]></system-out>
    </testcase>
  </testsuite>
  <testsuite timestamp="2025-06-04T16:48:43" time="393.762" tests="6" failures="1" errors="1" skipped="0">
    <properties>
      <property name="specId" value="0" />
      <property name="suiteName" value="Yard Overview Autoplanning US130989" />
      <property name="capabilities" value="chrome.137_0_7151_56.windows" />
      <property name="file" value="file:///D:/a/1/s/test/specs/HTR/yard-overview-autoplanning.spec.js" />
    </properties>
    <testcase classname="chrome.137_0_7151_56.windows.Yard_Overview_Autoplanning_US130989" name="Prereq Should create a new yard used for all following tests" time="0.025">
      <system-out><![CDATA[
COMMAND: POST /session/521154baa6f59f62cd3109f9d0bb8afd/window/fullscreen - {}
RESULT: {}
]]></system-out>
    </testcase>
    <testcase classname="chrome.137_0_7151_56.windows.Yard_Overview_Autoplanning_US130989" name="Prereq Should create a new partner" time="0.003" />
    <testcase classname="chrome.137_0_7151_56.windows.Yard_Overview_Autoplanning_US130989" name="Prereq Should create a new site" time="0.002" />
    <testcase classname="chrome.137_0_7151_56.windows.Yard_Overview_Autoplanning_US130989" name="Prereq Should create a new material with catalog selection" time="120.523">
      <system-out><![CDATA[
COMMAND: POST /session/521154baa6f59f62cd3109f9d0bb8afd/execute/async - {"script":"<script> [1562 bytes]","args":[{"selector":{"controlType":"sap.m.GenericTile","properties":{"header":"Manage Resources"}},"wdio_ui5_key":"sapm.GenericTile{\"header\":\"Manage Resources\"}"}]}
RESULT: {"script":"<script> [1562 bytes]","args":[{"selector":{"controlType":"sap.m.GenericTile","properties":{"header":"Manage Resources"}},"wdio_ui5_key":"sapm.GenericTile{\"header\":\"Manage Resources\"}"}]}
RESULT: undefined
COMMAND: POST /session/521154baa6f59f62cd3109f9d0bb8afd/element - {"using":"xpath","value":"//*[@id=\"__tile39\"]"}
RESULT: {"using":"xpath","value":"//*[@id=\"__tile39\"]"}
COMMAND: POST /session/521154baa6f59f62cd3109f9d0bb8afd/element/f.0203AB6512B0FDC94F4CE617B082193D.d.C0C9122CBC69E4822D2112D90CAE4240.e.3845/click - {}
RESULT: {}
COMMAND: GET /session/521154baa6f59f62cd3109f9d0bb8afd/screenshot - {}
RESULT: {}
COMMAND: POST /session/521154baa6f59f62cd3109f9d0bb8afd/elements - {"using":"xpath","value":"//span[text()='Error']"}
RESULT: {"using":"xpath","value":"//span[text()='Error']"}
COMMAND: POST /session/521154baa6f59f62cd3109f9d0bb8afd/element - {"using":"xpath","value":"//button[@data-kt=\"addNewRUOverflowToolbarButton\"]"}
RESULT: {"using":"xpath","value":"//button[@data-kt=\"addNewRUOverflowToolbarButton\"]"}
COMMAND: POST /session/521154baa6f59f62cd3109f9d0bb8afd/elements - {"using":"xpath","value":"//button[@data-kt=\"addNewRUOverflowToolbarButton\"]"}
RESULT: {"using":"xpath","value":"//button[@data-kt=\"addNewRUOverflowToolbarButton\"]"}
COMMAND: POST /session/521154baa6f59f62cd3109f9d0bb8afd/elements - {"using":"xpath","value":"//button[@data-kt=\"addNewRUOverflowToolbarButton\"]"}
RESULT: {"using":"xpath","value":"//button[@data-kt=\"addNewRUOverflowToolbarButton\"]"}
COMMAND: POST /session/521154baa6f59f62cd3109f9d0bb8afd/element - {"using":"xpath","value":"//button[@data-kt=\"addNewRUOverflowToolbarButton\"]"}
RESULT: {"using":"xpath","value":"//button[@data-kt=\"addNewRUOverflowToolbarButton\"]"}
COMMAND: POST /session/521154baa6f59f62cd3109f9d0bb8afd/execute/sync - {"script":"<script> [8489 bytes]","args":[{"element-6066-11e4-a52e-4f735466cecf":"f.0203AB6512B0FDC94F4CE617B082193D.d.C0C9122CBC69E4822D2112D90CAE4240.e.3971","ELEMENT":"f.0203AB6512B0FDC94F4CE617B082193D.d.C0C9122CBC69E4822D2112D90CAE4240.e.3971"}]}
RESULT: {"script":"<script> [8489 bytes]","args":[{"element-6066-11e4-a52e-4f735466cecf":"f.0203AB6512B0FDC94F4CE617B082193D.d.C0C9122CBC69E4822D2112D90CAE4240.e.3971","ELEMENT":"f.0203AB6512B0FDC94F4CE617B082193D.d.C0C9122CBC69E4822D2112D90CAE4240.e.3971"}]}
COMMAND: GET /session/521154baa6f59f62cd3109f9d0bb8afd/element/f.0203AB6512B0FDC94F4CE617B082193D.d.C0C9122CBC69E4822D2112D90CAE4240.e.3971/enabled - {}
COMMAND: GET /session/521154baa6f59f62cd3109f9d0bb8afd/screenshot - {}
RESULT: {}
COMMAND: POST /session/521154baa6f59f62cd3109f9d0bb8afd/execute/sync - {"script":"<script> [8489 bytes]","args":[{"element-6066-11e4-a52e-4f735466cecf":"f.0203AB6512B0FDC94F4CE617B082193D.d.C0C9122CBC69E4822D2112D90CAE4240.e.3971","ELEMENT":"f.0203AB6512B0FDC94F4CE617B082193D.d.C0C9122CBC69E4822D2112D90CAE4240.e.3971"}]}
COMMAND: GET /session/521154baa6f59f62cd3109f9d0bb8afd/screenshot - {}
RESULT: {}
RESULT: {"script":"<script> [8489 bytes]","args":[{"element-6066-11e4-a52e-4f735466cecf":"f.0203AB6512B0FDC94F4CE617B082193D.d.C0C9122CBC69E4822D2112D90CAE4240.e.3971","ELEMENT":"f.0203AB6512B0FDC94F4CE617B082193D.d.C0C9122CBC69E4822D2112D90CAE4240.e.3971"}]}
COMMAND: POST /session/521154baa6f59f62cd3109f9d0bb8afd/execute/sync - {"script":"<script> [5351 bytes]","args":[{"element-6066-11e4-a52e-4f735466cecf":"f.0203AB6512B0FDC94F4CE617B082193D.d.C0C9122CBC69E4822D2112D90CAE4240.e.3971","ELEMENT":"f.0203AB6512B0FDC94F4CE617B082193D.d.C0C9122CBC69E4822D2112D90CAE4240.e.3971"}]}
COMMAND: GET /session/521154baa6f59f62cd3109f9d0bb8afd/screenshot - {}
RESULT: {}
RESULT: {"script":"<script> [5351 bytes]","args":[{"element-6066-11e4-a52e-4f735466cecf":"f.0203AB6512B0FDC94F4CE617B082193D.d.C0C9122CBC69E4822D2112D90CAE4240.e.3971","ELEMENT":"f.0203AB6512B0FDC94F4CE617B082193D.d.C0C9122CBC69E4822D2112D90CAE4240.e.3971"}]}
COMMAND: POST /session/521154baa6f59f62cd3109f9d0bb8afd/element/f.0203AB6512B0FDC94F4CE617B082193D.d.C0C9122CBC69E4822D2112D90CAE4240.e.3971/click - {}
COMMAND: GET /session/521154baa6f59f62cd3109f9d0bb8afd/screenshot - {}
RESULT: {}
RESULT: {}
COMMAND: GET /session/521154baa6f59f62cd3109f9d0bb8afd/screenshot - {}
RESULT: {}
RESULT: {}
COMMAND: POST /session/521154baa6f59f62cd3109f9d0bb8afd/execute/async - {"script":"<script> [1562 bytes]","args":[{"selector":{"id":"application-manageresources-display-component---newResourceUnit--TYPE-arrow"},"wdio_ui5_key":"applicationmanageresources-display-component---newResourceUnit--TYPE-arrow"}]}
RESULT: {"script":"<script> [1562 bytes]","args":[{"selector":{"id":"application-manageresources-display-component---newResourceUnit--TYPE-arrow"},"wdio_ui5_key":"applicationmanageresources-display-component---newResourceUnit--TYPE-arrow"}]}
RESULT: undefined
COMMAND: POST /session/521154baa6f59f62cd3109f9d0bb8afd/element - {"using":"xpath","value":"//*[@id=\"application-manageresources-display-component---newResourceUnit--TYPE-arrow\"]"}
RESULT: {"using":"xpath","value":"//*[@id=\"application-manageresources-display-component---newResourceUnit--TYPE-arrow\"]"}
COMMAND: POST /session/521154baa6f59f62cd3109f9d0bb8afd/element/f.0203AB6512B0FDC94F4CE617B082193D.d.C0C9122CBC69E4822D2112D90CAE4240.e.4332/click - {}
RESULT: {}
COMMAND: POST /session/521154baa6f59f62cd3109f9d0bb8afd/element - {"using":"xpath","value":"//input[@id=\"application-manageresources-display-component---newResourceUnit--TYPE-inner\"]"}
COMMAND: GET /session/521154baa6f59f62cd3109f9d0bb8afd/screenshot - {}
RESULT: {"using":"xpath","value":"//input[@id=\"application-manageresources-display-component---newResourceUnit--TYPE-inner\"]"}
COMMAND: POST /session/521154baa6f59f62cd3109f9d0bb8afd/element/f.0203AB6512B0FDC94F4CE617B082193D.d.C0C9122CBC69E4822D2112D90CAE4240.e.4323/clear - {}
RESULT: {}
RESULT: {}
COMMAND: POST /session/521154baa6f59f62cd3109f9d0bb8afd/element/f.0203AB6512B0FDC94F4CE617B082193D.d.C0C9122CBC69E4822D2112D90CAE4240.e.4323/value - {"text":"Material"}
COMMAND: GET /session/521154baa6f59f62cd3109f9d0bb8afd/screenshot - {}
RESULT: {"text":"Material"}
COMMAND: GET /session/521154baa6f59f62cd3109f9d0bb8afd/screenshot - {}
RESULT: {}
RESULT: {}
COMMAND: POST /session/521154baa6f59f62cd3109f9d0bb8afd/actions - {"actions":[{"id":"action12","type":"key","parameters":{},"actions":[{"type":"keyDown","value":"î€‡"},{"type":"pause","duration":10},{"type":"keyUp","value":"î€‡"}]}]}
RESULT: {"actions":[{"id":"action12","type":"key","parameters":{},"actions":[{"type":"keyDown","value":"î€‡"},{"type":"pause","duration":10},{"type":"keyUp","value":"î€‡"}]}]}
COMMAND: POST /session/521154baa6f59f62cd3109f9d0bb8afd/execute/async - {"script":"<script> [1562 bytes]","args":[{"selector":{"id":"application-manageresources-display-component---newResourceUnit--SHORT_TEXT","interaction":{"idSuffix":"inner"}},"wdio_ui5_key":"applicationmanageresources-display-component---newResourceUnit--SHORT_TEXT"}]}
COMMAND: GET /session/521154baa6f59f62cd3109f9d0bb8afd/screenshot - {}
RESULT: {"script":"<script> [1562 bytes]","args":[{"selector":{"id":"application-manageresources-display-component---newResourceUnit--SHORT_TEXT","interaction":{"idSuffix":"inner"}},"wdio_ui5_key":"applicationmanageresources-display-component---newResourceUnit--SHORT_TEXT"}]}
RESULT: undefined
COMMAND: POST /session/521154baa6f59f62cd3109f9d0bb8afd/execute/async - {"script":"<script> [776 bytes]","args":[{"enterText":"Cement WDIO","selector":{"id":"application-manageresources-display-component---newResourceUnit--SHORT_TEXT","interaction":{"idSuffix":"inner"}},"clearTextFirst":true,"interactionType":"ENTER_TEXT"}]}
RESULT: {}
RESULT: {"script":"<script> [776 bytes]","args":[{"enterText":"Cement WDIO","selector":{"id":"application-manageresources-display-component---newResourceUnit--SHORT_TEXT","interaction":{"idSuffix":"inner"}},"clearTextFirst":true,"interactionType":"ENTER_TEXT"}]}
COMMAND: POST /session/521154baa6f59f62cd3109f9d0bb8afd/execute/async - {"script":"<script> [1562 bytes]","args":[{"selector":{"id":"application-manageresources-display-component---newResourceUnit--BASE_UNIT_OF_MEASURE","interaction":{"idSuffix":"inner"}},"wdio_ui5_key":"applicationmanageresources-display-component---newResourceUnit--BASE_UNIT_OF_MEASURE"}]}
RESULT: {"script":"<script> [1562 bytes]","args":[{"selector":{"id":"application-manageresources-display-component---newResourceUnit--BASE_UNIT_OF_MEASURE","interaction":{"idSuffix":"inner"}},"wdio_ui5_key":"applicationmanageresources-display-component---newResourceUnit--BASE_UNIT_OF_MEASURE"}]}
RESULT: undefined
COMMAND: POST /session/521154baa6f59f62cd3109f9d0bb8afd/execute/async - {"script":"<script> [776 bytes]","args":[{"enterText":"Piece","selector":{"id":"application-manageresources-display-component---newResourceUnit--BASE_UNIT_OF_MEASURE","interaction":{"idSuffix":"inner"}},"clearTextFirst":true,"interactionType":"ENTER_TEXT"}]}
RESULT: {"script":"<script> [776 bytes]","args":[{"enterText":"Piece","selector":{"id":"application-manageresources-display-component---newResourceUnit--BASE_UNIT_OF_MEASURE","interaction":{"idSuffix":"inner"}},"clearTextFirst":true,"interactionType":"ENTER_TEXT"}]}
COMMAND: POST /session/521154baa6f59f62cd3109f9d0bb8afd/execute/async - {"script":"<script> [1562 bytes]","args":[{"selector":{"id":"application-manageresources-display-component---newResourceUnit--WEIGHT_UNIT","interaction":{"idSuffix":"inner"}},"wdio_ui5_key":"applicationmanageresources-display-component---newResourceUnit--WEIGHT_UNIT"}]}
RESULT: {"script":"<script> [1562 bytes]","args":[{"selector":{"id":"application-manageresources-display-component---newResourceUnit--WEIGHT_UNIT","interaction":{"idSuffix":"inner"}},"wdio_ui5_key":"applicationmanageresources-display-component---newResourceUnit--WEIGHT_UNIT"}]}
RESULT: undefined
COMMAND: POST /session/521154baa6f59f62cd3109f9d0bb8afd/execute/async - {"script":"<script> [776 bytes]","args":[{"enterText":"Gram","selector":{"id":"application-manageresources-display-component---newResourceUnit--WEIGHT_UNIT","interaction":{"idSuffix":"inner"}},"clearTextFirst":true,"interactionType":"ENTER_TEXT"}]}
RESULT: {"script":"<script> [776 bytes]","args":[{"enterText":"Gram","selector":{"id":"application-manageresources-display-component---newResourceUnit--WEIGHT_UNIT","interaction":{"idSuffix":"inner"}},"clearTextFirst":true,"interactionType":"ENTER_TEXT"}]}
COMMAND: POST /session/521154baa6f59f62cd3109f9d0bb8afd/execute/async - {"script":"<script> [1562 bytes]","args":[{"selector":{"id":"application-manageresources-display-component---newResourceUnit--DIMENSION_UNIT","interaction":{"idSuffix":"inner"}},"wdio_ui5_key":"applicationmanageresources-display-component---newResourceUnit--DIMENSION_UNIT"}]}
RESULT: {"script":"<script> [1562 bytes]","args":[{"selector":{"id":"application-manageresources-display-component---newResourceUnit--DIMENSION_UNIT","interaction":{"idSuffix":"inner"}},"wdio_ui5_key":"applicationmanageresources-display-component---newResourceUnit--DIMENSION_UNIT"}]}
RESULT: undefined
COMMAND: POST /session/521154baa6f59f62cd3109f9d0bb8afd/execute/async - {"script":"<script> [776 bytes]","args":[{"enterText":"Meter","selector":{"id":"application-manageresources-display-component---newResourceUnit--DIMENSION_UNIT","interaction":{"idSuffix":"inner"}},"clearTextFirst":true,"interactionType":"ENTER_TEXT"}]}
RESULT: {"script":"<script> [776 bytes]","args":[{"enterText":"Meter","selector":{"id":"application-manageresources-display-component---newResourceUnit--DIMENSION_UNIT","interaction":{"idSuffix":"inner"}},"clearTextFirst":true,"interactionType":"ENTER_TEXT"}]}
COMMAND: POST /session/521154baa6f59f62cd3109f9d0bb8afd/execute/async - {"script":"<script> [1562 bytes]","args":[{"selector":{"id":"application-manageresources-display-component---newResourceUnit--newRRUPage-anchBar-application-manageresources-display-component---newResourceUnit--control-anchor","interaction":{"idSuffix":"BDI-content"}},"wdio_ui5_key":"applicationmanageresources-display-component---newResourceUnit--newRRUPage-anchBar-application-manageresources-display-component---newResourceUnit--control-anchor"}]}
RESULT: {"script":"<script> [1562 bytes]","args":[{"selector":{"id":"application-manageresources-display-component---newResourceUnit--newRRUPage-anchBar-application-manageresources-display-component---newResourceUnit--control-anchor","interaction":{"idSuffix":"BDI-content"}},"wdio_ui5_key":"applicationmanageresources-display-component---newResourceUnit--newRRUPage-anchBar-application-manageresources-display-component---newResourceUnit--control-anchor"}]}
RESULT: undefined
COMMAND: POST /session/521154baa6f59f62cd3109f9d0bb8afd/element - {"using":"xpath","value":"//*[@id=\"application-manageresources-display-component---newResourceUnit--newRRUPage-anchBar-application-manageresources-display-component---newResourceUnit--control-anchor\"]"}
RESULT: {"using":"xpath","value":"//*[@id=\"application-manageresources-display-component---newResourceUnit--newRRUPage-anchBar-application-manageresources-display-component---newResourceUnit--control-anchor\"]"}
COMMAND: POST /session/521154baa6f59f62cd3109f9d0bb8afd/element/f.0203AB6512B0FDC94F4CE617B082193D.d.C0C9122CBC69E4822D2112D90CAE4240.e.4464/click - {}
RESULT: {}
COMMAND: POST /session/521154baa6f59f62cd3109f9d0bb8afd/execute/async - {"script":"<script> [1562 bytes]","args":[{"selector":{"id":"application-manageresources-display-component---newResourceUnit--PLANNING_GROUP","interaction":{"idSuffix":"inner"}},"wdio_ui5_key":"applicationmanageresources-display-component---newResourceUnit--PLANNING_GROUP"}]}
COMMAND: GET /session/521154baa6f59f62cd3109f9d0bb8afd/screenshot - {}
RESULT: {"script":"<script> [1562 bytes]","args":[{"selector":{"id":"application-manageresources-display-component---newResourceUnit--PLANNING_GROUP","interaction":{"idSuffix":"inner"}},"wdio_ui5_key":"applicationmanageresources-display-component---newResourceUnit--PLANNING_GROUP"}]}
RESULT: undefined
COMMAND: POST /session/521154baa6f59f62cd3109f9d0bb8afd/execute/async - {"script":"<script> [776 bytes]","args":[{"enterText":"Material","selector":{"id":"application-manageresources-display-component---newResourceUnit--PLANNING_GROUP","interaction":{"idSuffix":"inner"}},"clearTextFirst":true,"interactionType":"ENTER_TEXT"}]}
RESULT: {}
RESULT: {"script":"<script> [776 bytes]","args":[{"enterText":"Material","selector":{"id":"application-manageresources-display-component---newResourceUnit--PLANNING_GROUP","interaction":{"idSuffix":"inner"}},"clearTextFirst":true,"interactionType":"ENTER_TEXT"}]}
COMMAND: POST /session/521154baa6f59f62cd3109f9d0bb8afd/execute/async - {"script":"<script> [1562 bytes]","args":[{"selector":{"id":"application-manageresources-display-component---newResourceUnit--PLANNING_INDICATOR","interaction":{"idSuffix":"inner"}},"wdio_ui5_key":"applicationmanageresources-display-component---newResourceUnit--PLANNING_INDICATOR"}]}
RESULT: {"script":"<script> [1562 bytes]","args":[{"selector":{"id":"application-manageresources-display-component---newResourceUnit--PLANNING_INDICATOR","interaction":{"idSuffix":"inner"}},"wdio_ui5_key":"applicationmanageresources-display-component---newResourceUnit--PLANNING_INDICATOR"}]}
RESULT: undefined
COMMAND: POST /session/521154baa6f59f62cd3109f9d0bb8afd/execute/async - {"script":"<script> [776 bytes]","args":[{"enterText":"10 - infinite","selector":{"id":"application-manageresources-display-component---newResourceUnit--PLANNING_INDICATOR","interaction":{"idSuffix":"inner"}},"clearTextFirst":true,"interactionType":"ENTER_TEXT"}]}
RESULT: {"script":"<script> [776 bytes]","args":[{"enterText":"10 - infinite","selector":{"id":"application-manageresources-display-component---newResourceUnit--PLANNING_INDICATOR","interaction":{"idSuffix":"inner"}},"clearTextFirst":true,"interactionType":"ENTER_TEXT"}]}
COMMAND: POST /session/521154baa6f59f62cd3109f9d0bb8afd/element - {"using":"css selector","value":"#application-manageresources-display-component---newResourceUnit--btnAddTimeSegment"}
RESULT: {"using":"css selector","value":"#application-manageresources-display-component---newResourceUnit--btnAddTimeSegment"}
COMMAND: GET /session/521154baa6f59f62cd3109f9d0bb8afd/element/f.0203AB6512B0FDC94F4CE617B082193D.d.C0C9122CBC69E4822D2112D90CAE4240.e.4474/rect - {}
RESULT: {}
COMMAND: GET /session/521154baa6f59f62cd3109f9d0bb8afd/window/rect - {}
RESULT: {}
COMMAND: POST /session/521154baa6f59f62cd3109f9d0bb8afd/execute/sync - {"script":"<script> [92 bytes]","args":[]}
RESULT: {"script":"<script> [92 bytes]","args":[]}
COMMAND: POST /session/521154baa6f59f62cd3109f9d0bb8afd/actions - {"actions":[{"id":"action13","type":"wheel","parameters":{},"actions":[{"type":"scroll","x":-1888,"y":-32,"deltaX":0,"deltaY":0,"duration":0,"origin":{"element-6066-11e4-a52e-4f735466cecf":"f.0203AB6512B0FDC94F4CE617B082193D.d.C0C9122CBC69E4822D2112D90CAE4240.e.4474"}}]}]}
COMMAND: GET /session/521154baa6f59f62cd3109f9d0bb8afd/screenshot - {}
RESULT: {}
COMMAND: POST /session/521154baa6f59f62cd3109f9d0bb8afd/execute/sync - {"script":"<script> [79 bytes]","args":[{"element-6066-11e4-a52e-4f735466cecf":"f.0203AB6512B0FDC94F4CE617B082193D.d.C0C9122CBC69E4822D2112D90CAE4240.e.4474","ELEMENT":"f.0203AB6512B0FDC94F4CE617B082193D.d.C0C9122CBC69E4822D2112D90CAE4240.e.4474"},{"block":"start","inline":"nearest"}]}
RESULT: {"script":"<script> [79 bytes]","args":[{"element-6066-11e4-a52e-4f735466cecf":"f.0203AB6512B0FDC94F4CE617B082193D.d.C0C9122CBC69E4822D2112D90CAE4240.e.4474","ELEMENT":"f.0203AB6512B0FDC94F4CE617B082193D.d.C0C9122CBC69E4822D2112D90CAE4240.e.4474"},{"block":"start","inline":"nearest"}]}
COMMAND: POST /session/521154baa6f59f62cd3109f9d0bb8afd/execute/async - {"script":"<script> [1562 bytes]","args":[{"selector":{"id":"application-manageresources-display-component---newResourceUnit--btnAddTimeSegment","interaction":{"idSuffix":"inner"}},"wdio_ui5_key":"applicationmanageresources-display-component---newResourceUnit--btnAddTimeSegment"}]}
COMMAND: GET /session/521154baa6f59f62cd3109f9d0bb8afd/screenshot - {}
RESULT: {"script":"<script> [1562 bytes]","args":[{"selector":{"id":"application-manageresources-display-component---newResourceUnit--btnAddTimeSegment","interaction":{"idSuffix":"inner"}},"wdio_ui5_key":"applicationmanageresources-display-component---newResourceUnit--btnAddTimeSegment"}]}
RESULT: undefined
COMMAND: POST /session/521154baa6f59f62cd3109f9d0bb8afd/element - {"using":"xpath","value":"//*[@id=\"application-manageresources-display-component---newResourceUnit--btnAddTimeSegment\"]"}
RESULT: {}
RESULT: {"using":"xpath","value":"//*[@id=\"application-manageresources-display-component---newResourceUnit--btnAddTimeSegment\"]"}
COMMAND: POST /session/521154baa6f59f62cd3109f9d0bb8afd/element/f.0203AB6512B0FDC94F4CE617B082193D.d.C0C9122CBC69E4822D2112D90CAE4240.e.4474/click - {}
RESULT: {}
COMMAND: GET /session/521154baa6f59f62cd3109f9d0bb8afd/screenshot - {}
RESULT: {}
COMMAND: POST /session/521154baa6f59f62cd3109f9d0bb8afd/element - {"using":"xpath","value":"//input[@id=\"application-manageresources-display-component---newResourceUnit--idRuTSAdmin-application-manageresources-display-component---newResourceUnit--RUTimeSegment-0-inner\"]"}
RESULT: {"using":"xpath","value":"//input[@id=\"application-manageresources-display-component---newResourceUnit--idRuTSAdmin-application-manageresources-display-component---newResourceUnit--RUTimeSegment-0-inner\"]"}
COMMAND: POST /session/521154baa6f59f62cd3109f9d0bb8afd/element/f.0203AB6512B0FDC94F4CE617B082193D.d.C0C9122CBC69E4822D2112D90CAE4240.e.4479/clear - {}
RESULT: {}
COMMAND: POST /session/521154baa6f59f62cd3109f9d0bb8afd/element/f.0203AB6512B0FDC94F4CE617B082193D.d.C0C9122CBC69E4822D2112D90CAE4240.e.4479/value - {"text":"657"}
COMMAND: GET /session/521154baa6f59f62cd3109f9d0bb8afd/screenshot - {}
RESULT: {"text":"657"}
COMMAND: GET /session/521154baa6f59f62cd3109f9d0bb8afd/screenshot - {}
RESULT: {}
RESULT: {}
COMMAND: POST /session/521154baa6f59f62cd3109f9d0bb8afd/element - {"using":"xpath","value":"//li[.//span[text()='657']]"}
RESULT: {"using":"xpath","value":"//li[.//span[text()='657']]"}
COMMAND: POST /session/521154baa6f59f62cd3109f9d0bb8afd/element/f.0203AB6512B0FDC94F4CE617B082193D.d.C0C9122CBC69E4822D2112D90CAE4240.e.4488/click - {}
RESULT: {}
COMMAND: GET /session/521154baa6f59f62cd3109f9d0bb8afd/screenshot - {}
RESULT: {}
COMMAND: POST /session/521154baa6f59f62cd3109f9d0bb8afd/element - {"using":"xpath","value":"//*[contains(text(), \"Catalogs\")][contains(@id ,\"application-manageresources-display-component---newResourceUnit--newRRUPage-anchBar\")]"}
RESULT: {"using":"xpath","value":"//*[contains(text(), \"Catalogs\")][contains(@id ,\"application-manageresources-display-component---newResourceUnit--newRRUPage-anchBar\")]"}
COMMAND: POST /session/521154baa6f59f62cd3109f9d0bb8afd/element/f.0203AB6512B0FDC94F4CE617B082193D.d.C0C9122CBC69E4822D2112D90CAE4240.e.4489/click - {}
RESULT: {}
COMMAND: GET /session/521154baa6f59f62cd3109f9d0bb8afd/screenshot - {}
RESULT: {}
COMMAND: POST /session/521154baa6f59f62cd3109f9d0bb8afd/element - {"using":"xpath","value":"//*[contains(text(), \"Assign\")][contains(@id ,\"button\")]"}
RESULT: {"using":"xpath","value":"//*[contains(text(), \"Assign\")][contains(@id ,\"button\")]"}
COMMAND: POST /session/521154baa6f59f62cd3109f9d0bb8afd/element/f.0203AB6512B0FDC94F4CE617B082193D.d.C0C9122CBC69E4822D2112D90CAE4240.e.4494/click - {}
RESULT: {}
COMMAND: GET /session/521154baa6f59f62cd3109f9d0bb8afd/screenshot - {}
RESULT: {}
COMMAND: POST /session/521154baa6f59f62cd3109f9d0bb8afd/element - {"using":"xpath","value":"//span[@id = \"application-manageresources-display-component---newResourceUnit--catalogSelect-arrow\"]"}
RESULT: {"using":"xpath","value":"//span[@id = \"application-manageresources-display-component---newResourceUnit--catalogSelect-arrow\"]"}
COMMAND: POST /session/521154baa6f59f62cd3109f9d0bb8afd/element/f.0203AB6512B0FDC94F4CE617B082193D.d.C0C9122CBC69E4822D2112D90CAE4240.e.4502/click - {}
RESULT: {}
COMMAND: GET /session/521154baa6f59f62cd3109f9d0bb8afd/screenshot - {}
RESULT: {}
COMMAND: POST /session/521154baa6f59f62cd3109f9d0bb8afd/element - {"using":"xpath","value":"//li[.//span[text()=\"Webshop Catalog\"]]"}
RESULT: {"using":"xpath","value":"//li[.//span[text()=\"Webshop Catalog\"]]"}
COMMAND: POST /session/521154baa6f59f62cd3109f9d0bb8afd/element/f.0203AB6512B0FDC94F4CE617B082193D.d.C0C9122CBC69E4822D2112D90CAE4240.e.4503/click - {}
RESULT: {}
COMMAND: GET /session/521154baa6f59f62cd3109f9d0bb8afd/screenshot - {}
RESULT: {}
COMMAND: POST /session/521154baa6f59f62cd3109f9d0bb8afd/element - {"using":"xpath","value":"//span[@id = \"application-manageresources-display-component---newResourceUnit--catalogItemSelect-arrow\"]"}
RESULT: {"using":"xpath","value":"//span[@id = \"application-manageresources-display-component---newResourceUnit--catalogItemSelect-arrow\"]"}
COMMAND: POST /session/521154baa6f59f62cd3109f9d0bb8afd/element/f.0203AB6512B0FDC94F4CE617B082193D.d.C0C9122CBC69E4822D2112D90CAE4240.e.4504/click - {}
RESULT: {}
COMMAND: GET /session/521154baa6f59f62cd3109f9d0bb8afd/screenshot - {}
RESULT: {}
COMMAND: POST /session/521154baa6f59f62cd3109f9d0bb8afd/element - {"using":"xpath","value":"//li[.//span[text()=\"Concert - Concert \"]]"}
RESULT: {"using":"xpath","value":"//li[.//span[text()=\"Concert - Concert \"]]"}
COMMAND: POST /session/521154baa6f59f62cd3109f9d0bb8afd/element/f.0203AB6512B0FDC94F4CE617B082193D.d.C0C9122CBC69E4822D2112D90CAE4240.e.4505/click - {}
RESULT: {}
COMMAND: GET /session/521154baa6f59f62cd3109f9d0bb8afd/screenshot - {}
RESULT: {}
COMMAND: POST /session/521154baa6f59f62cd3109f9d0bb8afd/execute/async - {"script":"<script> [1562 bytes]","args":[{"selector":{"id":"application-manageresources-display-component---newResourceUnit--RUAssignmentSaveButton","searchOpenDialogs":true,"interaction":{"idSuffix":"BDI-content"}},"wdio_ui5_key":"applicationmanageresources-display-component---newResourceUnit--RUAssignmentSaveButton"}]}
RESULT: {"script":"<script> [1562 bytes]","args":[{"selector":{"id":"application-manageresources-display-component---newResourceUnit--RUAssignmentSaveButton","searchOpenDialogs":true,"interaction":{"idSuffix":"BDI-content"}},"wdio_ui5_key":"applicationmanageresources-display-component---newResourceUnit--RUAssignmentSaveButton"}]}
RESULT: undefined
COMMAND: POST /session/521154baa6f59f62cd3109f9d0bb8afd/element - {"using":"xpath","value":"//*[@id=\"application-manageresources-display-component---newResourceUnit--RUAssignmentSaveButton\"]"}
RESULT: {"using":"xpath","value":"//*[@id=\"application-manageresources-display-component---newResourceUnit--RUAssignmentSaveButton\"]"}
COMMAND: POST /session/521154baa6f59f62cd3109f9d0bb8afd/element/f.0203AB6512B0FDC94F4CE617B082193D.d.C0C9122CBC69E4822D2112D90CAE4240.e.4523/click - {}
RESULT: {}
COMMAND: GET /session/521154baa6f59f62cd3109f9d0bb8afd/screenshot - {}
RESULT: {}
COMMAND: POST /session/521154baa6f59f62cd3109f9d0bb8afd/element - {"using":"xpath","value":"//button[@data-kt=\"resourceUnitSaveButton\"]"}
RESULT: {"using":"xpath","value":"//button[@data-kt=\"resourceUnitSaveButton\"]"}
COMMAND: POST /session/521154baa6f59f62cd3109f9d0bb8afd/element/f.0203AB6512B0FDC94F4CE617B082193D.d.C0C9122CBC69E4822D2112D90CAE4240.e.4351/click - {}
RESULT: {}
COMMAND: GET /session/521154baa6f59f62cd3109f9d0bb8afd/screenshot - {}
RESULT: {}
COMMAND: POST /session/521154baa6f59f62cd3109f9d0bb8afd/element - {"using":"xpath","value":"//bdi[contains(text(), \"Close\")]"}
RESULT: {"using":"xpath","value":"//bdi[contains(text(), \"Close\")]"}
COMMAND: POST /session/521154baa6f59f62cd3109f9d0bb8afd/element/f.0203AB6512B0FDC94F4CE617B082193D.d.C0C9122CBC69E4822D2112D90CAE4240.e.4532/click - {}
RESULT: {}
COMMAND: GET /session/521154baa6f59f62cd3109f9d0bb8afd/screenshot - {}
RESULT: {}
COMMAND: POST /session/521154baa6f59f62cd3109f9d0bb8afd/element - {"using":"xpath","value":"//header[contains(@id, 'detailRruPage-headerTitle')]/div[1]/div[2]/div[2]/span[1]"}
RESULT: {"using":"xpath","value":"//header[contains(@id, 'detailRruPage-headerTitle')]/div[1]/div[2]/div[2]/span[1]"}
COMMAND: POST /session/521154baa6f59f62cd3109f9d0bb8afd/elements - {"using":"xpath","value":"//header[contains(@id, 'detailRruPage-headerTitle')]/div[1]/div[2]/div[2]/span[1]"}
RESULT: {"using":"xpath","value":"//header[contains(@id, 'detailRruPage-headerTitle')]/div[1]/div[2]/div[2]/span[1]"}
COMMAND: POST /session/521154baa6f59f62cd3109f9d0bb8afd/execute/sync - {"script":"<script> [56 bytes]","args":[{"element-6066-11e4-a52e-4f735466cecf":"f.0203AB6512B0FDC94F4CE617B082193D.d.C0C9122CBC69E4822D2112D90CAE4240.e.4564","ELEMENT":"f.0203AB6512B0FDC94F4CE617B082193D.d.C0C9122CBC69E4822D2112D90CAE4240.e.4564"}]}
RESULT: {"script":"<script> [56 bytes]","args":[{"element-6066-11e4-a52e-4f735466cecf":"f.0203AB6512B0FDC94F4CE617B082193D.d.C0C9122CBC69E4822D2112D90CAE4240.e.4564","ELEMENT":"f.0203AB6512B0FDC94F4CE617B082193D.d.C0C9122CBC69E4822D2112D90CAE4240.e.4564"}]}
COMMAND: POST /session/521154baa6f59f62cd3109f9d0bb8afd/element - {"using":"css selector","value":"#shell-header-logo"}
COMMAND: GET /session/521154baa6f59f62cd3109f9d0bb8afd/screenshot - {}
RESULT: {"using":"css selector","value":"#shell-header-logo"}
COMMAND: POST /session/521154baa6f59f62cd3109f9d0bb8afd/element/f.0203AB6512B0FDC94F4CE617B082193D.d.C0C9122CBC69E4822D2112D90CAE4240.e.3940/click - {}
RESULT: {}
RESULT: {}
COMMAND: GET /session/521154baa6f59f62cd3109f9d0bb8afd/screenshot - {}
RESULT: {}
]]></system-out>
    </testcase>
    <testcase classname="chrome.137_0_7151_56.windows.Yard_Overview_Autoplanning_US130989" name="Should create a new request and add the material" time="100.064">
      <system-out><![CDATA[
COMMAND: POST /session/521154baa6f59f62cd3109f9d0bb8afd/execute/async - {"script":"<script> [1562 bytes]","args":[{"selector":{"controlType":"sap.m.GenericTile","properties":{"header":"Manage Requests"}},"wdio_ui5_key":"sapm.GenericTile{\"header\":\"Manage Requests\"}"}]}
RESULT: {"script":"<script> [1562 bytes]","args":[{"selector":{"controlType":"sap.m.GenericTile","properties":{"header":"Manage Requests"}},"wdio_ui5_key":"sapm.GenericTile{\"header\":\"Manage Requests\"}"}]}
RESULT: undefined
COMMAND: POST /session/521154baa6f59f62cd3109f9d0bb8afd/element - {"using":"xpath","value":"//*[@id=\"__tile47\"]"}
RESULT: {"using":"xpath","value":"//*[@id=\"__tile47\"]"}
COMMAND: POST /session/521154baa6f59f62cd3109f9d0bb8afd/element/f.0203AB6512B0FDC94F4CE617B082193D.d.C0C9122CBC69E4822D2112D90CAE4240.e.3926/click - {}
RESULT: {}
COMMAND: GET /session/521154baa6f59f62cd3109f9d0bb8afd/screenshot - {}
RESULT: {}
COMMAND: POST /session/521154baa6f59f62cd3109f9d0bb8afd/elements - {"using":"xpath","value":"//span[text()='Error']"}
RESULT: {"using":"xpath","value":"//span[text()='Error']"}
COMMAND: POST /session/521154baa6f59f62cd3109f9d0bb8afd/execute/async - {"script":"<script> [1562 bytes]","args":[{"selector":{"id":"btnCreateNew","viewName":"etm.portal.ui.managerequests.view.Master","interaction":{"idSuffix":"inner"}},"wdio_ui5_key":"btnCreateNewetmportal.ui.managerequests.view.Master"}]}
RESULT: {"script":"<script> [1562 bytes]","args":[{"selector":{"id":"btnCreateNew","viewName":"etm.portal.ui.managerequests.view.Master","interaction":{"idSuffix":"inner"}},"wdio_ui5_key":"btnCreateNewetmportal.ui.managerequests.view.Master"}]}
RESULT: undefined
COMMAND: POST /session/521154baa6f59f62cd3109f9d0bb8afd/element - {"using":"xpath","value":"//*[@id=\"__xmlview58--btnCreateNew\"]"}
RESULT: {"using":"xpath","value":"//*[@id=\"__xmlview58--btnCreateNew\"]"}
COMMAND: POST /session/521154baa6f59f62cd3109f9d0bb8afd/element/f.0203AB6512B0FDC94F4CE617B082193D.d.C0C9122CBC69E4822D2112D90CAE4240.e.4620/click - {}
RESULT: {}
COMMAND: GET /session/521154baa6f59f62cd3109f9d0bb8afd/screenshot - {}
RESULT: {}
COMMAND: POST /session/521154baa6f59f62cd3109f9d0bb8afd/execute/async - {"script":"<script> [1562 bytes]","args":[{"selector":{"controlType":"sap.ui.core.Icon","viewName":"etm.portal.ui.managerequests.view.NewRequest","properties":{"src":{"regex":{"source":"full\\-screen"}}}},"wdio_ui5_key":"etmportal.ui.managerequests.view.NewRequestsap.ui.core.Icon{\"src\":{\"regex\":{\"source\":\"full\\\\-screen\"}}}"}]}
RESULT: {"script":"<script> [1562 bytes]","args":[{"selector":{"controlType":"sap.ui.core.Icon","viewName":"etm.portal.ui.managerequests.view.NewRequest","properties":{"src":{"regex":{"source":"full\\-screen"}}}},"wdio_ui5_key":"etmportal.ui.managerequests.view.NewRequestsap.ui.core.Icon{\"src\":{\"regex\":{\"source\":\"full\\\\-screen\"}}}"}]}
RESULT: undefined
COMMAND: POST /session/521154baa6f59f62cd3109f9d0bb8afd/element - {"using":"xpath","value":"//*[@id=\"__button83-img\"]"}
RESULT: {"using":"xpath","value":"//*[@id=\"__button83-img\"]"}
COMMAND: POST /session/521154baa6f59f62cd3109f9d0bb8afd/element/f.0203AB6512B0FDC94F4CE617B082193D.d.C0C9122CBC69E4822D2112D90CAE4240.e.5042/click - {}
RESULT: {}
COMMAND: GET /session/521154baa6f59f62cd3109f9d0bb8afd/screenshot - {}
RESULT: {}
COMMAND: POST /session/521154baa6f59f62cd3109f9d0bb8afd/element - {"using":"xpath","value":"//input[contains(@id ,\"yardId-inner\")]"}
RESULT: {"using":"xpath","value":"//input[contains(@id ,\"yardId-inner\")]"}
COMMAND: POST /session/521154baa6f59f62cd3109f9d0bb8afd/element/f.0203AB6512B0FDC94F4CE617B082193D.d.C0C9122CBC69E4822D2112D90CAE4240.e.4871/value - {"text":"657"}
RESULT: {"text":"657"}
COMMAND: GET /session/521154baa6f59f62cd3109f9d0bb8afd/screenshot - {}
RESULT: {}
COMMAND: POST /session/521154baa6f59f62cd3109f9d0bb8afd/element - {"using":"xpath","value":"//li[.//span[text()='657']]"}
RESULT: {"using":"xpath","value":"//li[.//span[text()='657']]"}
COMMAND: POST /session/521154baa6f59f62cd3109f9d0bb8afd/element/f.0203AB6512B0FDC94F4CE617B082193D.d.C0C9122CBC69E4822D2112D90CAE4240.e.5087/click - {}
RESULT: {}
COMMAND: GET /session/521154baa6f59f62cd3109f9d0bb8afd/screenshot - {}
RESULT: {}
COMMAND: POST /session/521154baa6f59f62cd3109f9d0bb8afd/element - {"using":"xpath","value":"//input[contains(@id ,\"customerNumber-inner\")]"}
RESULT: {"using":"xpath","value":"//input[contains(@id ,\"customerNumber-inner\")]"}
COMMAND: POST /session/521154baa6f59f62cd3109f9d0bb8afd/element/f.0203AB6512B0FDC94F4CE617B082193D.d.C0C9122CBC69E4822D2112D90CAE4240.e.4865/clear - {}
RESULT: {}
COMMAND: POST /session/521154baa6f59f62cd3109f9d0bb8afd/element/f.0203AB6512B0FDC94F4CE617B082193D.d.C0C9122CBC69E4822D2112D90CAE4240.e.4865/value - {"text":"1426"}
COMMAND: GET /session/521154baa6f59f62cd3109f9d0bb8afd/screenshot - {}
RESULT: {"text":"1426"}
COMMAND: GET /session/521154baa6f59f62cd3109f9d0bb8afd/screenshot - {}
RESULT: {}
RESULT: {}
COMMAND: POST /session/521154baa6f59f62cd3109f9d0bb8afd/element - {"using":"xpath","value":"//li[.//span[text()='1426']]"}
RESULT: {"using":"xpath","value":"//li[.//span[text()='1426']]"}
COMMAND: POST /session/521154baa6f59f62cd3109f9d0bb8afd/element/f.0203AB6512B0FDC94F4CE617B082193D.d.C0C9122CBC69E4822D2112D90CAE4240.e.5089/click - {}
RESULT: {}
COMMAND: GET /session/521154baa6f59f62cd3109f9d0bb8afd/screenshot - {}
RESULT: {}
COMMAND: POST /session/521154baa6f59f62cd3109f9d0bb8afd/element - {"using":"xpath","value":"//button[contains(@id ,\"btnAddTableRow\")]"}
RESULT: {"using":"xpath","value":"//button[contains(@id ,\"btnAddTableRow\")]"}
COMMAND: POST /session/521154baa6f59f62cd3109f9d0bb8afd/element/f.0203AB6512B0FDC94F4CE617B082193D.d.C0C9122CBC69E4822D2112D90CAE4240.e.4843/click - {}
RESULT: {}
COMMAND: GET /session/521154baa6f59f62cd3109f9d0bb8afd/screenshot - {}
RESULT: {}
COMMAND: POST /session/521154baa6f59f62cd3109f9d0bb8afd/actions - {"actions":[{"id":"action14","type":"key","parameters":{},"actions":[{"type":"keyDown","value":"î€•"},{"type":"pause","duration":10},{"type":"keyUp","value":"î€•"}]}]}
RESULT: {"actions":[{"id":"action14","type":"key","parameters":{},"actions":[{"type":"keyDown","value":"î€•"},{"type":"pause","duration":10},{"type":"keyUp","value":"î€•"}]}]}
COMMAND: POST /session/521154baa6f59f62cd3109f9d0bb8afd/actions - {"actions":[{"id":"action15","type":"key","parameters":{},"actions":[{"type":"keyDown","value":"î€‡"},{"type":"pause","duration":10},{"type":"keyUp","value":"î€‡"}]}]}
COMMAND: GET /session/521154baa6f59f62cd3109f9d0bb8afd/screenshot - {}
RESULT: {"actions":[{"id":"action15","type":"key","parameters":{},"actions":[{"type":"keyDown","value":"î€‡"},{"type":"pause","duration":10},{"type":"keyUp","value":"î€‡"}]}]}
COMMAND: GET /session/521154baa6f59f62cd3109f9d0bb8afd/screenshot - {}
RESULT: {}
RESULT: {}
COMMAND: POST /session/521154baa6f59f62cd3109f9d0bb8afd/element - {"using":"xpath","value":"//table[contains(@id, \"requestItemsTable-listUl\")]//tbody/tr[1]/td[3]/div/div/input"}
RESULT: {"using":"xpath","value":"//table[contains(@id, \"requestItemsTable-listUl\")]//tbody/tr[1]/td[3]/div/div/input"}
COMMAND: POST /session/521154baa6f59f62cd3109f9d0bb8afd/element/f.0203AB6512B0FDC94F4CE617B082193D.d.C0C9122CBC69E4822D2112D90CAE4240.e.5093/clear - {}
RESULT: {}
COMMAND: POST /session/521154baa6f59f62cd3109f9d0bb8afd/element/f.0203AB6512B0FDC94F4CE617B082193D.d.C0C9122CBC69E4822D2112D90CAE4240.e.5093/value - {"text":"Concert"}
COMMAND: GET /session/521154baa6f59f62cd3109f9d0bb8afd/screenshot - {}
RESULT: {"text":"Concert"}
COMMAND: GET /session/521154baa6f59f62cd3109f9d0bb8afd/screenshot - {}
RESULT: {}
RESULT: {}
COMMAND: POST /session/521154baa6f59f62cd3109f9d0bb8afd/element - {"using":"xpath","value":"//li[.//span[contains(text(), \"Concert\")]]"}
RESULT: {"using":"xpath","value":"//li[.//span[contains(text(), \"Concert\")]]"}
COMMAND: POST /session/521154baa6f59f62cd3109f9d0bb8afd/element/f.0203AB6512B0FDC94F4CE617B082193D.d.C0C9122CBC69E4822D2112D90CAE4240.e.5105/click - {}
RESULT: {}
COMMAND: GET /session/521154baa6f59f62cd3109f9d0bb8afd/screenshot - {}
RESULT: {}
COMMAND: POST /session/521154baa6f59f62cd3109f9d0bb8afd/execute/async - {"script":"<script> [1562 bytes]","args":[{"selector":{"controlType":"sap.ui.core.Icon","viewName":"etm.portal.ui.managerequests.view.NewRequest","properties":{"src":{"regex":{"source":"message\\-error"}}},"ancestor":{"controlType":"sap.m.ColumnListItem","viewName":"etm.portal.ui.managerequests.view.NewRequest","bindingPath":{"modelName":"newRequestItems","path":"/RequestItems/0"},"ancestor":{"id":"requestItemsTable","viewName":"etm.portal.ui.managerequests.view.NewRequest"}}},"wdio_ui5_key":"etmportal.ui.managerequests.view.NewRequestsap.ui.core.Icon{\"src\":{\"regex\":{\"source\":\"message\\\\-error\"}}}{\"controlType\":\"sap.m.ColumnListItem\",\"viewName\":\"etm.portal.ui.managerequests.view.NewRequest\",\"bindingPath\":{\"modelName\":\"newRequestItems\",\"path\":\"/RequestItems/0\"},\"ancestor\":{\"id\":\"requestItemsTable\",\"viewName\":\"etm.portal.ui.managerequests.view.NewRequest\"}}"}]}
RESULT: {"script":"<script> [1562 bytes]","args":[{"selector":{"controlType":"sap.ui.core.Icon","viewName":"etm.portal.ui.managerequests.view.NewRequest","properties":{"src":{"regex":{"source":"message\\-error"}}},"ancestor":{"controlType":"sap.m.ColumnListItem","viewName":"etm.portal.ui.managerequests.view.NewRequest","bindingPath":{"modelName":"newRequestItems","path":"/RequestItems/0"},"ancestor":{"id":"requestItemsTable","viewName":"etm.portal.ui.managerequests.view.NewRequest"}}},"wdio_ui5_key":"etmportal.ui.managerequests.view.NewRequestsap.ui.core.Icon{\"src\":{\"regex\":{\"source\":\"message\\\\-error\"}}}{\"controlType\":\"sap.m.ColumnListItem\",\"viewName\":\"etm.portal.ui.managerequests.view.NewRequest\",\"bindingPath\":{\"modelName\":\"newRequestItems\",\"path\":\"/RequestItems/0\"},\"ancestor\":{\"id\":\"requestItemsTable\",\"viewName\":\"etm.portal.ui.managerequests.view.NewRequest\"}}"}]}
RESULT: undefined
COMMAND: POST /session/521154baa6f59f62cd3109f9d0bb8afd/element - {"using":"xpath","value":"//*[@id=\"__status10-__xmlview59--requestItemsTable-0-icon\"]"}
RESULT: {"using":"xpath","value":"//*[@id=\"__status10-__xmlview59--requestItemsTable-0-icon\"]"}
COMMAND: POST /session/521154baa6f59f62cd3109f9d0bb8afd/element/f.0203AB6512B0FDC94F4CE617B082193D.d.C0C9122CBC69E4822D2112D90CAE4240.e.5106/click - {}
RESULT: {}
COMMAND: POST /session/521154baa6f59f62cd3109f9d0bb8afd/execute/async - {"script":"<script> [1562 bytes]","args":[{"selector":{"controlType":"sap.ui.core.Icon","viewName":"etm.portal.ui.managerequests.view.NewRequest","properties":{"src":{"regex":{"source":"slim\\-arrow\\-down"}}},"searchOpenDialogs":true,"ancestor":{"id":"costObjectAdminTypeComboBox","viewName":"etm.portal.ui.managerequests.view.NewRequest","searchOpenDialogs":true}},"wdio_ui5_key":"etmportal.ui.managerequests.view.NewRequestsap.ui.core.Icon{\"src\":{\"regex\":{\"source\":\"slim\\\\-arrow\\\\-down\"}}}{\"id\":\"costObjectAdminTypeComboBox\",\"viewName\":\"etm.portal.ui.managerequests.view.NewRequest\",\"searchOpenDialogs\":true}"}]}
COMMAND: GET /session/521154baa6f59f62cd3109f9d0bb8afd/screenshot - {}
RESULT: {"script":"<script> [1562 bytes]","args":[{"selector":{"controlType":"sap.ui.core.Icon","viewName":"etm.portal.ui.managerequests.view.NewRequest","properties":{"src":{"regex":{"source":"slim\\-arrow\\-down"}}},"searchOpenDialogs":true,"ancestor":{"id":"costObjectAdminTypeComboBox","viewName":"etm.portal.ui.managerequests.view.NewRequest","searchOpenDialogs":true}},"wdio_ui5_key":"etmportal.ui.managerequests.view.NewRequestsap.ui.core.Icon{\"src\":{\"regex\":{\"source\":\"slim\\\\-arrow\\\\-down\"}}}{\"id\":\"costObjectAdminTypeComboBox\",\"viewName\":\"etm.portal.ui.managerequests.view.NewRequest\",\"searchOpenDialogs\":true}"}]}
RESULT: undefined
COMMAND: POST /session/521154baa6f59f62cd3109f9d0bb8afd/element - {"using":"xpath","value":"//*[@id=\"__xmlview59--costObjectAdminTypeComboBox-arrow\"]"}
RESULT: {}
RESULT: {"using":"xpath","value":"//*[@id=\"__xmlview59--costObjectAdminTypeComboBox-arrow\"]"}
COMMAND: POST /session/521154baa6f59f62cd3109f9d0bb8afd/element/f.0203AB6512B0FDC94F4CE617B082193D.d.C0C9122CBC69E4822D2112D90CAE4240.e.5110/click - {}
RESULT: {}
COMMAND: GET /session/521154baa6f59f62cd3109f9d0bb8afd/screenshot - {}
RESULT: {}
COMMAND: POST /session/521154baa6f59f62cd3109f9d0bb8afd/execute/async - {"script":"<script> [1562 bytes]","args":[{"selector":{"controlType":"sap.m.StandardListItem","viewName":"etm.portal.ui.managerequests.view.NewRequest","properties":{"title":"Cost Center"},"searchOpenDialogs":true,"interaction":{"idSuffix":"content"}},"wdio_ui5_key":"etmportal.ui.managerequests.view.NewRequestsap.m.StandardListItem{\"title\":\"Cost Center\"}"}]}
RESULT: {"script":"<script> [1562 bytes]","args":[{"selector":{"controlType":"sap.m.StandardListItem","viewName":"etm.portal.ui.managerequests.view.NewRequest","properties":{"title":"Cost Center"},"searchOpenDialogs":true,"interaction":{"idSuffix":"content"}},"wdio_ui5_key":"etmportal.ui.managerequests.view.NewRequestsap.m.StandardListItem{\"title\":\"Cost Center\"}"}]}
RESULT: undefined
COMMAND: POST /session/521154baa6f59f62cd3109f9d0bb8afd/element - {"using":"xpath","value":"//*[@id=\"__item1872\"]"}
RESULT: {"using":"xpath","value":"//*[@id=\"__item1872\"]"}
COMMAND: POST /session/521154baa6f59f62cd3109f9d0bb8afd/element/f.0203AB6512B0FDC94F4CE617B082193D.d.C0C9122CBC69E4822D2112D90CAE4240.e.5114/click - {}
RESULT: {}
COMMAND: GET /session/521154baa6f59f62cd3109f9d0bb8afd/screenshot - {}
RESULT: {}
COMMAND: POST /session/521154baa6f59f62cd3109f9d0bb8afd/execute/async - {"script":"<script> [1562 bytes]","args":[{"selector":{"controlType":"sap.m.Button","viewName":"etm.portal.ui.managerequests.view.NewRequest","i18NText":{"propertyName":"text","key":"save"},"searchOpenDialogs":true,"interaction":{"idSuffix":"inner"}},"wdio_ui5_key":"etmportal.ui.managerequests.view.NewRequestsap.m.Button{\"propertyName\":\"text\",\"key\":\"save\"}"}]}
RESULT: {"script":"<script> [1562 bytes]","args":[{"selector":{"controlType":"sap.m.Button","viewName":"etm.portal.ui.managerequests.view.NewRequest","i18NText":{"propertyName":"text","key":"save"},"searchOpenDialogs":true,"interaction":{"idSuffix":"inner"}},"wdio_ui5_key":"etmportal.ui.managerequests.view.NewRequestsap.m.Button{\"propertyName\":\"text\",\"key\":\"save\"}"}]}
RESULT: undefined
COMMAND: POST /session/521154baa6f59f62cd3109f9d0bb8afd/element - {"using":"xpath","value":"//*[@id=\"__button101\"]"}
RESULT: {"using":"xpath","value":"//*[@id=\"__button101\"]"}
COMMAND: POST /session/521154baa6f59f62cd3109f9d0bb8afd/element/f.0203AB6512B0FDC94F4CE617B082193D.d.C0C9122CBC69E4822D2112D90CAE4240.e.5122/click - {}
RESULT: {}
COMMAND: GET /session/521154baa6f59f62cd3109f9d0bb8afd/screenshot - {}
RESULT: {}
COMMAND: POST /session/521154baa6f59f62cd3109f9d0bb8afd/execute/async - {"script":"<script> [1562 bytes]","args":[{"selector":{"controlType":"sap.m.Button","viewName":"etm.portal.ui.managerequests.view.NewRequest","i18NText":{"propertyName":"tooltip","key":"save"},"interaction":{"idSuffix":"BDI-content"}},"wdio_ui5_key":"etmportal.ui.managerequests.view.NewRequestsap.m.Button{\"propertyName\":\"tooltip\",\"key\":\"save\"}"}]}
RESULT: {"script":"<script> [1562 bytes]","args":[{"selector":{"controlType":"sap.m.Button","viewName":"etm.portal.ui.managerequests.view.NewRequest","i18NText":{"propertyName":"tooltip","key":"save"},"interaction":{"idSuffix":"BDI-content"}},"wdio_ui5_key":"etmportal.ui.managerequests.view.NewRequestsap.m.Button{\"propertyName\":\"tooltip\",\"key\":\"save\"}"}]}
RESULT: undefined
COMMAND: POST /session/521154baa6f59f62cd3109f9d0bb8afd/element - {"using":"xpath","value":"//*[@id=\"__button90\"]"}
RESULT: {"using":"xpath","value":"//*[@id=\"__button90\"]"}
COMMAND: POST /session/521154baa6f59f62cd3109f9d0bb8afd/element/f.0203AB6512B0FDC94F4CE617B082193D.d.C0C9122CBC69E4822D2112D90CAE4240.e.5024/click - {}
RESULT: {}
COMMAND: POST /session/521154baa6f59f62cd3109f9d0bb8afd/execute/async - {"script":"<script> [1562 bytes]","args":[{"selector":{"controlType":"sap.m.Button","properties":{"text":"Close"},"searchOpenDialogs":true,"interaction":{"idSuffix":"inner"}},"wdio_ui5_key":"sapm.Button{\"text\":\"Close\"}"}]}
COMMAND: GET /session/521154baa6f59f62cd3109f9d0bb8afd/screenshot - {}
RESULT: {"script":"<script> [1562 bytes]","args":[{"selector":{"controlType":"sap.m.Button","properties":{"text":"Close"},"searchOpenDialogs":true,"interaction":{"idSuffix":"inner"}},"wdio_ui5_key":"sapm.Button{\"text\":\"Close\"}"}]}
RESULT: undefined
COMMAND: POST /session/521154baa6f59f62cd3109f9d0bb8afd/element - {"using":"xpath","value":"//*[@id=\"__mbox-btn-1\"]"}
RESULT: {}
RESULT: {"using":"xpath","value":"//*[@id=\"__mbox-btn-1\"]"}
COMMAND: POST /session/521154baa6f59f62cd3109f9d0bb8afd/element/f.0203AB6512B0FDC94F4CE617B082193D.d.C0C9122CBC69E4822D2112D90CAE4240.e.5125/click - {}
RESULT: {}
COMMAND: GET /session/521154baa6f59f62cd3109f9d0bb8afd/screenshot - {}
RESULT: {}
COMMAND: POST /session/521154baa6f59f62cd3109f9d0bb8afd/execute/async - {"script":"<script> [1562 bytes]","args":[{"selector":{"controlType":"sap.m.Text","viewName":"etm.portal.ui.managerequests.view.Detail","bindingPath":{"propertyPath":"NO","modelName":"catalogModel"}},"wdio_ui5_key":"etmportal.ui.managerequests.view.Detailsap.m.Text{\"propertyPath\":\"NO\",\"modelName\":\"catalogModel\"}"}]}
RESULT: {"script":"<script> [1562 bytes]","args":[{"selector":{"controlType":"sap.m.Text","viewName":"etm.portal.ui.managerequests.view.Detail","bindingPath":{"propertyPath":"NO","modelName":"catalogModel"}},"wdio_ui5_key":"etmportal.ui.managerequests.view.Detailsap.m.Text{\"propertyPath\":\"NO\",\"modelName\":\"catalogModel\"}"}]}
RESULT: undefined
COMMAND: POST /session/521154baa6f59f62cd3109f9d0bb8afd/execute/async - {"script":"<script> [6424 bytes]","args":[{"element-6066-11e4-a52e-4f735466cecf":"f.0203AB6512B0FDC94F4CE617B082193D.d.C0C9122CBC69E4822D2112D90CAE4240.e.5391"},"getText",[]]}
RESULT: {"script":"<script> [6424 bytes]","args":[{"element-6066-11e4-a52e-4f735466cecf":"f.0203AB6512B0FDC94F4CE617B082193D.d.C0C9122CBC69E4822D2112D90CAE4240.e.5391"},"getText",[]]}
COMMAND: POST /session/521154baa6f59f62cd3109f9d0bb8afd/element - {"using":"css selector","value":"#shell-header-logo"}
RESULT: {"using":"css selector","value":"#shell-header-logo"}
COMMAND: POST /session/521154baa6f59f62cd3109f9d0bb8afd/element/f.0203AB6512B0FDC94F4CE617B082193D.d.C0C9122CBC69E4822D2112D90CAE4240.e.4568/click - {}
RESULT: {}
COMMAND: GET /session/521154baa6f59f62cd3109f9d0bb8afd/screenshot - {}
RESULT: {}
]]></system-out>
    </testcase>
  </testsuite>
</testsuites>