<?xml version="1.0" encoding="UTF-8"?>
<testsuites tests="4" failures="1" errors="1" skipped="0">
  <testsuite timestamp="2025-05-04T16:08:16" time="757.64" tests="3" failures="1" errors="1" skipped="0">
    <properties>
      <property name="specId" value="0" />
      <property name="suiteName" value="Webshop - Hyperlinks visible and working properly  US139085" />
      <property name="capabilities" value="chrome.135_0_7049_96.windows" />
      <property name="file" value="file:///D:/a/1/s/test/specs/R2C/webshop-hyperlinks-yard-site.spec.js" />
    </properties>
    <testcase classname="chrome.135_0_7049_96.windows.Webshop_-_Hyperlinks_visible_and_working_properly__US139085" name="Should create prerequisites for webshop suite" time="315.453">
      <system-out><![CDATA[
COMMAND: POST /session/a36c3528002682410c6a9609e98db4f7/execute/async - {"script":"<script> [1562 bytes]","args":[{"selector":{"controlType":"sap.m.GenericTile","properties":{"header":"Manage Yards"}},"wdio_ui5_key":"sapm.GenericTile{\"header\":\"Manage Yards\"}"}]}
RESULT: {"script":"<script> [1562 bytes]","args":[{"selector":{"controlType":"sap.m.GenericTile","properties":{"header":"Manage Yards"}},"wdio_ui5_key":"sapm.GenericTile{\"header\":\"Manage Yards\"}"}]}
RESULT: undefined
COMMAND: POST /session/a36c3528002682410c6a9609e98db4f7/element - {"using":"xpath","value":"//*[@id=\"__tile41\"]"}
RESULT: {"using":"xpath","value":"//*[@id=\"__tile41\"]"}
COMMAND: POST /session/a36c3528002682410c6a9609e98db4f7/element/f.7289231BEAD79D5ECA246980A5680317.d.CDBCA734D5446111A8029A9E3FF835D6.e.116/click - {}
RESULT: {}
COMMAND: GET /session/a36c3528002682410c6a9609e98db4f7/screenshot - {}
RESULT: {}
COMMAND: POST /session/a36c3528002682410c6a9609e98db4f7/execute/async - {"script":"<script> [1562 bytes]","args":[{"selector":{"controlType":"sap.ui.core.Icon","viewName":"etm.portal.ui.manageyards.view.Master","viewId":"application-manageyards-display-component---masterYard","properties":{"src":{"regex":{"source":"add"}}}},"wdio_ui5_key":"etmportal.ui.manageyards.view.Mastersap.ui.core.Icon{\"src\":{\"regex\":{\"source\":\"add\"}}}"}]}
RESULT: {"script":"<script> [1562 bytes]","args":[{"selector":{"controlType":"sap.ui.core.Icon","viewName":"etm.portal.ui.manageyards.view.Master","viewId":"application-manageyards-display-component---masterYard","properties":{"src":{"regex":{"source":"add"}}}},"wdio_ui5_key":"etmportal.ui.manageyards.view.Mastersap.ui.core.Icon{\"src\":{\"regex\":{\"source\":\"add\"}}}"}]}
RESULT: undefined
COMMAND: POST /session/a36c3528002682410c6a9609e98db4f7/element - {"using":"xpath","value":"//*[@id=\"__button4-img\"]"}
RESULT: {"using":"xpath","value":"//*[@id=\"__button4-img\"]"}
COMMAND: POST /session/a36c3528002682410c6a9609e98db4f7/element/f.7289231BEAD79D5ECA246980A5680317.d.CDBCA734D5446111A8029A9E3FF835D6.e.164/click - {}
RESULT: {}
COMMAND: GET /session/a36c3528002682410c6a9609e98db4f7/screenshot - {}
RESULT: {}
COMMAND: POST /session/a36c3528002682410c6a9609e98db4f7/execute/async - {"script":"<script> [1562 bytes]","args":[{"selector":{"id":"application-manageyards-display-component---NewYard--yardId","interaction":{"idSuffix":"inner"}},"wdio_ui5_key":"applicationmanageyards-display-component---NewYard--yardId"}]}
RESULT: {"script":"<script> [1562 bytes]","args":[{"selector":{"id":"application-manageyards-display-component---NewYard--yardId","interaction":{"idSuffix":"inner"}},"wdio_ui5_key":"applicationmanageyards-display-component---NewYard--yardId"}]}
RESULT: undefined
COMMAND: POST /session/a36c3528002682410c6a9609e98db4f7/element - {"using":"xpath","value":"//*[@id=\"application-manageyards-display-component---NewYard--addressDetailDetailsName1-inner\"]"}
RESULT: {"using":"xpath","value":"//*[@id=\"application-manageyards-display-component---NewYard--addressDetailDetailsName1-inner\"]"}
COMMAND: POST /session/a36c3528002682410c6a9609e98db4f7/element/f.7289231BEAD79D5ECA246980A5680317.d.CDBCA734D5446111A8029A9E3FF835D6.e.380/clear - {}
RESULT: {}
COMMAND: POST /session/a36c3528002682410c6a9609e98db4f7/element/f.7289231BEAD79D5ECA246980A5680317.d.CDBCA734D5446111A8029A9E3FF835D6.e.380/value - {"text":"WebdriverYard9s2yv"}
COMMAND: GET /session/a36c3528002682410c6a9609e98db4f7/screenshot - {}
RESULT: {"text":"WebdriverYard9s2yv"}
COMMAND: POST /session/a36c3528002682410c6a9609e98db4f7/element - {"using":"xpath","value":"//*[@id=\"application-manageyards-display-component---NewYard--addressDetailDetailsLanguage-inner\"]"}
COMMAND: GET /session/a36c3528002682410c6a9609e98db4f7/screenshot - {}
RESULT: {}
RESULT: {"using":"xpath","value":"//*[@id=\"application-manageyards-display-component---NewYard--addressDetailDetailsLanguage-inner\"]"}
COMMAND: POST /session/a36c3528002682410c6a9609e98db4f7/element/f.7289231BEAD79D5ECA246980A5680317.d.CDBCA734D5446111A8029A9E3FF835D6.e.381/clear - {}
RESULT: {}
RESULT: {}
COMMAND: POST /session/a36c3528002682410c6a9609e98db4f7/element/f.7289231BEAD79D5ECA246980A5680317.d.CDBCA734D5446111A8029A9E3FF835D6.e.381/value - {"text":"Romanian"}
COMMAND: GET /session/a36c3528002682410c6a9609e98db4f7/screenshot - {}
RESULT: {"text":"Romanian"}
COMMAND: POST /session/a36c3528002682410c6a9609e98db4f7/element - {"using":"xpath","value":"//input[contains(@id ,\"application-manageyards-display-component---NewYard--addressDetailDetailsName1-inner\")]"}
COMMAND: GET /session/a36c3528002682410c6a9609e98db4f7/screenshot - {}
RESULT: {}
RESULT: {"using":"xpath","value":"//input[contains(@id ,\"application-manageyards-display-component---NewYard--addressDetailDetailsName1-inner\")]"}
COMMAND: GET /session/a36c3528002682410c6a9609e98db4f7/element/f.7289231BEAD79D5ECA246980A5680317.d.CDBCA734D5446111A8029A9E3FF835D6.e.380/property/value - {}
RESULT: {}
RESULT: {}
COMMAND: GET /session/a36c3528002682410c6a9609e98db4f7/screenshot - {}
RESULT: {}
COMMAND: POST /session/a36c3528002682410c6a9609e98db4f7/element - {"using":"xpath","value":"//*[@id=\"application-manageyards-display-component---NewYard--addressDetailDetailsCity1-inner\"]"}
RESULT: {"using":"xpath","value":"//*[@id=\"application-manageyards-display-component---NewYard--addressDetailDetailsCity1-inner\"]"}
COMMAND: POST /session/a36c3528002682410c6a9609e98db4f7/element/f.7289231BEAD79D5ECA246980A5680317.d.CDBCA734D5446111A8029A9E3FF835D6.e.383/clear - {}
RESULT: {}
COMMAND: POST /session/a36c3528002682410c6a9609e98db4f7/element/f.7289231BEAD79D5ECA246980A5680317.d.CDBCA734D5446111A8029A9E3FF835D6.e.383/value - {"text":"Bucuresti"}
COMMAND: GET /session/a36c3528002682410c6a9609e98db4f7/screenshot - {}
RESULT: {"text":"Bucuresti"}
COMMAND: GET /session/a36c3528002682410c6a9609e98db4f7/screenshot - {}
RESULT: {}
RESULT: {}
COMMAND: POST /session/a36c3528002682410c6a9609e98db4f7/element - {"using":"xpath","value":"//*[@id=\"application-manageyards-display-component---NewYard--addressDetailDetailsCountry-inner\"]"}
RESULT: {"using":"xpath","value":"//*[@id=\"application-manageyards-display-component---NewYard--addressDetailDetailsCountry-inner\"]"}
COMMAND: POST /session/a36c3528002682410c6a9609e98db4f7/element/f.7289231BEAD79D5ECA246980A5680317.d.CDBCA734D5446111A8029A9E3FF835D6.e.387/clear - {}
RESULT: {}
COMMAND: POST /session/a36c3528002682410c6a9609e98db4f7/element/f.7289231BEAD79D5ECA246980A5680317.d.CDBCA734D5446111A8029A9E3FF835D6.e.387/value - {"text":"Romania"}
COMMAND: GET /session/a36c3528002682410c6a9609e98db4f7/screenshot - {}
RESULT: {"text":"Romania"}
COMMAND: GET /session/a36c3528002682410c6a9609e98db4f7/screenshot - {}
RESULT: {}
RESULT: {}
COMMAND: POST /session/a36c3528002682410c6a9609e98db4f7/element - {"using":"xpath","value":"//div[contains(text(), \"Commercial\")]"}
RESULT: {"using":"xpath","value":"//div[contains(text(), \"Commercial\")]"}
COMMAND: GET /session/a36c3528002682410c6a9609e98db4f7/element/f.7289231BEAD79D5ECA246980A5680317.d.CDBCA734D5446111A8029A9E3FF835D6.e.575/rect - {}
RESULT: {}
COMMAND: GET /session/a36c3528002682410c6a9609e98db4f7/window/rect - {}
RESULT: {}
COMMAND: POST /session/a36c3528002682410c6a9609e98db4f7/execute/sync - {"script":"<script> [92 bytes]","args":[]}
RESULT: {"script":"<script> [92 bytes]","args":[]}
COMMAND: POST /session/a36c3528002682410c6a9609e98db4f7/actions - {"actions":[{"id":"action1","type":"wheel","parameters":{},"actions":[{"type":"scroll","x":-1841,"y":-44,"deltaX":0,"deltaY":0,"duration":0,"origin":{"element-6066-11e4-a52e-4f735466cecf":"f.7289231BEAD79D5ECA246980A5680317.d.CDBCA734D5446111A8029A9E3FF835D6.e.575"}}]}]}
COMMAND: GET /session/a36c3528002682410c6a9609e98db4f7/screenshot - {}
RESULT: {}
COMMAND: POST /session/a36c3528002682410c6a9609e98db4f7/execute/sync - {"script":"<script> [79 bytes]","args":[{"element-6066-11e4-a52e-4f735466cecf":"f.7289231BEAD79D5ECA246980A5680317.d.CDBCA734D5446111A8029A9E3FF835D6.e.575","ELEMENT":"f.7289231BEAD79D5ECA246980A5680317.d.CDBCA734D5446111A8029A9E3FF835D6.e.575"},{"block":"start","inline":"nearest"}]}
RESULT: {"script":"<script> [79 bytes]","args":[{"element-6066-11e4-a52e-4f735466cecf":"f.7289231BEAD79D5ECA246980A5680317.d.CDBCA734D5446111A8029A9E3FF835D6.e.575","ELEMENT":"f.7289231BEAD79D5ECA246980A5680317.d.CDBCA734D5446111A8029A9E3FF835D6.e.575"},{"block":"start","inline":"nearest"}]}
COMMAND: GET /session/a36c3528002682410c6a9609e98db4f7/screenshot - {}
RESULT: {}
COMMAND: POST /session/a36c3528002682410c6a9609e98db4f7/execute/async - {"script":"<script> [1562 bytes]","args":[{"selector":{"id":"application-manageyards-display-component---NewYard--addressEditDetailsCostObjectCstType-arrow"},"wdio_ui5_key":"applicationmanageyards-display-component---NewYard--addressEditDetailsCostObjectCstType-arrow"}]}
RESULT: {"script":"<script> [1562 bytes]","args":[{"selector":{"id":"application-manageyards-display-component---NewYard--addressEditDetailsCostObjectCstType-arrow"},"wdio_ui5_key":"applicationmanageyards-display-component---NewYard--addressEditDetailsCostObjectCstType-arrow"}]}
RESULT: undefined
COMMAND: POST /session/a36c3528002682410c6a9609e98db4f7/element - {"using":"xpath","value":"//*[@id=\"application-manageyards-display-component---NewYard--addressEditDetailsCostObjectCstType-arrow\"]"}
RESULT: {"using":"xpath","value":"//*[@id=\"application-manageyards-display-component---NewYard--addressEditDetailsCostObjectCstType-arrow\"]"}
COMMAND: POST /session/a36c3528002682410c6a9609e98db4f7/element/f.7289231BEAD79D5ECA246980A5680317.d.CDBCA734D5446111A8029A9E3FF835D6.e.583/click - {}
RESULT: {}
COMMAND: POST /session/a36c3528002682410c6a9609e98db4f7/element - {"using":"xpath","value":"//span[contains(text(), \"Cost Center\")]"}
COMMAND: GET /session/a36c3528002682410c6a9609e98db4f7/screenshot - {}
RESULT: {"using":"xpath","value":"//span[contains(text(), \"Cost Center\")]"}
COMMAND: POST /session/a36c3528002682410c6a9609e98db4f7/element/f.7289231BEAD79D5ECA246980A5680317.d.CDBCA734D5446111A8029A9E3FF835D6.e.584/click - {}
RESULT: {}
RESULT: {}
COMMAND: GET /session/a36c3528002682410c6a9609e98db4f7/screenshot - {}
RESULT: {}
COMMAND: POST /session/a36c3528002682410c6a9609e98db4f7/execute/async - {"script":"<script> [1562 bytes]","args":[{"selector":{"id":"application-manageyards-display-component---NewYard--addressNewCostObjectCstID-vhi"},"wdio_ui5_key":"applicationmanageyards-display-component---NewYard--addressNewCostObjectCstID-vhi"}]}
RESULT: {"script":"<script> [1562 bytes]","args":[{"selector":{"id":"application-manageyards-display-component---NewYard--addressNewCostObjectCstID-vhi"},"wdio_ui5_key":"applicationmanageyards-display-component---NewYard--addressNewCostObjectCstID-vhi"}]}
RESULT: undefined
COMMAND: POST /session/a36c3528002682410c6a9609e98db4f7/element - {"using":"xpath","value":"//*[@id=\"application-manageyards-display-component---NewYard--addressNewCostObjectCstID-vhi\"]"}
RESULT: {"using":"xpath","value":"//*[@id=\"application-manageyards-display-component---NewYard--addressNewCostObjectCstID-vhi\"]"}
COMMAND: POST /session/a36c3528002682410c6a9609e98db4f7/element/f.7289231BEAD79D5ECA246980A5680317.d.CDBCA734D5446111A8029A9E3FF835D6.e.588/click - {}
RESULT: {}
COMMAND: GET /session/a36c3528002682410c6a9609e98db4f7/screenshot - {}
RESULT: {}
COMMAND: POST /session/a36c3528002682410c6a9609e98db4f7/execute/async - {"script":"<script> [1562 bytes]","args":[{"selector":{"controlType":"sap.m.SearchField","properties":{"placeholder":"Search"},"searchOpenDialogs":true,"interaction":{"idSuffix":"I"}},"wdio_ui5_key":"sapm.SearchField{\"placeholder\":\"Search\"}"}]}
RESULT: {"script":"<script> [1562 bytes]","args":[{"selector":{"controlType":"sap.m.SearchField","properties":{"placeholder":"Search"},"searchOpenDialogs":true,"interaction":{"idSuffix":"I"}},"wdio_ui5_key":"sapm.SearchField{\"placeholder\":\"Search\"}"}]}
RESULT: undefined
COMMAND: POST /session/a36c3528002682410c6a9609e98db4f7/execute/async - {"script":"<script> [776 bytes]","args":[{"enterText":"10001013","selector":{"controlType":"sap.m.SearchField","properties":{"placeholder":"Search"},"searchOpenDialogs":true,"interaction":{"idSuffix":"I"}},"clearTextFirst":true,"interactionType":"ENTER_TEXT"}]}
RESULT: {"script":"<script> [776 bytes]","args":[{"enterText":"10001013","selector":{"controlType":"sap.m.SearchField","properties":{"placeholder":"Search"},"searchOpenDialogs":true,"interaction":{"idSuffix":"I"}},"clearTextFirst":true,"interactionType":"ENTER_TEXT"}]}
COMMAND: POST /session/a36c3528002682410c6a9609e98db4f7/actions - {"actions":[{"id":"action2","type":"key","parameters":{},"actions":[{"type":"keyDown","value":"î€‡"},{"type":"pause","duration":10},{"type":"keyUp","value":"î€‡"}]}]}
RESULT: {"actions":[{"id":"action2","type":"key","parameters":{},"actions":[{"type":"keyDown","value":"î€‡"},{"type":"pause","duration":10},{"type":"keyUp","value":"î€‡"}]}]}
COMMAND: GET /session/a36c3528002682410c6a9609e98db4f7/screenshot - {}
RESULT: {}
COMMAND: POST /session/a36c3528002682410c6a9609e98db4f7/element - {"using":"xpath","value":"//span[contains(text(), \"General Management\")]"}
RESULT: {"using":"xpath","value":"//span[contains(text(), \"General Management\")]"}
COMMAND: POST /session/a36c3528002682410c6a9609e98db4f7/element/f.7289231BEAD79D5ECA246980A5680317.d.CDBCA734D5446111A8029A9E3FF835D6.e.630/click - {}
RESULT: {}
COMMAND: GET /session/a36c3528002682410c6a9609e98db4f7/screenshot - {}
RESULT: {}
COMMAND: POST /session/a36c3528002682410c6a9609e98db4f7/element - {"using":"xpath","value":"//bdi[contains(text(), \"OK\")]"}
RESULT: {"using":"xpath","value":"//bdi[contains(text(), \"OK\")]"}
COMMAND: POST /session/a36c3528002682410c6a9609e98db4f7/element/f.7289231BEAD79D5ECA246980A5680317.d.CDBCA734D5446111A8029A9E3FF835D6.e.631/click - {}
RESULT: {}
COMMAND: GET /session/a36c3528002682410c6a9609e98db4f7/screenshot - {}
RESULT: {}
COMMAND: POST /session/a36c3528002682410c6a9609e98db4f7/execute/async - {"script":"<script> [1562 bytes]","args":[{"selector":{"controlType":"sap.m.Button","viewName":"etm.portal.ui.manageyards.view.New","viewId":"application-manageyards-display-component---NewYard","i18NText":{"propertyName":"text","key":"save"},"interaction":{"idSuffix":"inner"}},"wdio_ui5_key":"etmportal.ui.manageyards.view.Newsap.m.Button{\"propertyName\":\"text\",\"key\":\"save\"}"}]}
RESULT: {"script":"<script> [1562 bytes]","args":[{"selector":{"controlType":"sap.m.Button","viewName":"etm.portal.ui.manageyards.view.New","viewId":"application-manageyards-display-component---NewYard","i18NText":{"propertyName":"text","key":"save"},"interaction":{"idSuffix":"inner"}},"wdio_ui5_key":"etmportal.ui.manageyards.view.Newsap.m.Button{\"propertyName\":\"text\",\"key\":\"save\"}"}]}
RESULT: undefined
COMMAND: POST /session/a36c3528002682410c6a9609e98db4f7/element - {"using":"xpath","value":"//*[@id=\"__button18\"]"}
RESULT: {"using":"xpath","value":"//*[@id=\"__button18\"]"}
COMMAND: POST /session/a36c3528002682410c6a9609e98db4f7/element/f.7289231BEAD79D5ECA246980A5680317.d.CDBCA734D5446111A8029A9E3FF835D6.e.555/click - {}
RESULT: {}
COMMAND: GET /session/a36c3528002682410c6a9609e98db4f7/screenshot - {}
RESULT: {}
COMMAND: POST /session/a36c3528002682410c6a9609e98db4f7/element - {"using":"xpath","value":"//header/div/div[2]/div[2]/span"}
RESULT: {"using":"xpath","value":"//header/div/div[2]/div[2]/span"}
COMMAND: GET /session/a36c3528002682410c6a9609e98db4f7/element/f.7289231BEAD79D5ECA246980A5680317.d.CDBCA734D5446111A8029A9E3FF835D6.e.827/text - {}
RESULT: {}
COMMAND: POST /session/a36c3528002682410c6a9609e98db4f7/execute/async - {"script":"<script> [1562 bytes]","args":[{"selector":{"controlType":"sap.m.OverflowToolbarButton","viewName":"etm.portal.ui.manageyards.view.Detail","viewId":"application-manageyards-display-component---detailYard","i18NText":{"propertyName":"tooltip","key":"closeColumn"},"interaction":{"idSuffix":"inner"}},"wdio_ui5_key":"etmportal.ui.manageyards.view.Detailsap.m.OverflowToolbarButton{\"propertyName\":\"tooltip\",\"key\":\"closeColumn\"}"}]}
RESULT: {"script":"<script> [1562 bytes]","args":[{"selector":{"controlType":"sap.m.OverflowToolbarButton","viewName":"etm.portal.ui.manageyards.view.Detail","viewId":"application-manageyards-display-component---detailYard","i18NText":{"propertyName":"tooltip","key":"closeColumn"},"interaction":{"idSuffix":"inner"}},"wdio_ui5_key":"etmportal.ui.manageyards.view.Detailsap.m.OverflowToolbarButton{\"propertyName\":\"tooltip\",\"key\":\"closeColumn\"}"}]}
RESULT: undefined
COMMAND: POST /session/a36c3528002682410c6a9609e98db4f7/element - {"using":"xpath","value":"//*[@id=\"__button42\"]"}
RESULT: {"using":"xpath","value":"//*[@id=\"__button42\"]"}
COMMAND: POST /session/a36c3528002682410c6a9609e98db4f7/element/f.7289231BEAD79D5ECA246980A5680317.d.CDBCA734D5446111A8029A9E3FF835D6.e.829/click - {}
RESULT: {}
COMMAND: GET /session/a36c3528002682410c6a9609e98db4f7/screenshot - {}
RESULT: {}
COMMAND: POST /session/a36c3528002682410c6a9609e98db4f7/element - {"using":"css selector","value":"#shell-header-logo"}
RESULT: {"using":"css selector","value":"#shell-header-logo"}
COMMAND: POST /session/a36c3528002682410c6a9609e98db4f7/element/f.7289231BEAD79D5ECA246980A5680317.d.CDBCA734D5446111A8029A9E3FF835D6.e.119/click - {}
RESULT: {}
COMMAND: GET /session/a36c3528002682410c6a9609e98db4f7/screenshot - {}
RESULT: {}
COMMAND: POST /session/a36c3528002682410c6a9609e98db4f7/refresh - {}
RESULT: {}
COMMAND: GET /session/a36c3528002682410c6a9609e98db4f7/screenshot - {}
RESULT: {}
COMMAND: POST /session/a36c3528002682410c6a9609e98db4f7/execute/async - {"script":"<script> [189 bytes]","args":[]}
RESULT: {"script":"<script> [189 bytes]","args":[]}
COMMAND: POST /session/a36c3528002682410c6a9609e98db4f7/execute/async - {"script":"<script> [123 bytes]","args":[]}
RESULT: {"script":"<script> [123 bytes]","args":[]}
COMMAND: POST /session/a36c3528002682410c6a9609e98db4f7/timeouts - {"script":"<number>"}
RESULT: {"script":"<number>"}
COMMAND: GET /session/a36c3528002682410c6a9609e98db4f7/timeouts - {}
RESULT: {}
RESULT: undefined
COMMAND: POST /session/a36c3528002682410c6a9609e98db4f7/execute/async - {"script":"<script> [2676 bytes]","args":[]}
RESULT: {"script":"<script> [2676 bytes]","args":[]}
COMMAND: POST /session/a36c3528002682410c6a9609e98db4f7/execute/async - {"script":"<script> [2342 bytes]","args":[{"protocol":"http","hostname":"0.0.0.0","path":"/","capabilities":{"browserName":"chrome","goog:chromeOptions":{"binary":"C:\\Program Files\\Google\\Chrome\\Application\\chrome.exe","args":["--start-maximized"]}},"logLevel":"warn","connectionRetryTimeout":120000,"connectionRetryCount":3,"logLevels":{},"enableDirectConnect":true,"strictSSL":true,"_":"65 more keys: [\"cacheDir\",\"port\",\"requestedCapabilities\",\"automationProtocol\",\"baseUrl\",\"waitforInterval\",\"waitforTimeout\",\"onReload\",\"beforeCommand\",\"afterCommand\",\"rootDir\",\"specs\",\"suites\",\"exclude\",\"groupLogsByTestSpec\",\"excludeDriverLogs\",\"bail\",\"framework\",\"reporters\",\"services\",\"maxInstances\",\"maxInstancesPerCapability\",\"injectGlobals\",\"filesToWatch\",\"execArgv\",\"runnerEnv\",\"runner\",\"shard\",\"specFileRetries\",\"specFileRetriesDelay\",\"specFileRetriesDeferred\",\"reporterSyncInterval\",\"reporterSyncTimeout\",\"cucumberFeaturesWithLineNumbers\",\"autoCompileOpts\",\"mochaOpts\",\"jasmineOpts\",\"cucumberOpts\",\"onPrepare\",\"onWorkerStart\",\"onWorkerEnd\",\"before\",\"beforeSession\",\"beforeSuite\",\"beforeHook\",\"beforeTest\",\"afterTest\",\"afterHook\",\"afterSuite\",\"afterSession\",\"after\",\"onComplete\",\"beforeAssertion\",\"afterAssertion\",\"beforeFeature\",\"beforeScenario\",\"beforeStep\",\"afterStep\",\"afterScenario\",\"afterFeature\",\"_\",\"suite\",\"$0\",\"ignoredWorkerServices\",\"wdi5\"]"}]}
RESULT: {"script":"<script> [2342 bytes]","args":[{"protocol":"http","hostname":"0.0.0.0","path":"/","capabilities":{"browserName":"chrome","goog:chromeOptions":{"binary":"C:\\Program Files\\Google\\Chrome\\Application\\chrome.exe","args":["--start-maximized"]}},"logLevel":"warn","connectionRetryTimeout":120000,"connectionRetryCount":3,"logLevels":{},"enableDirectConnect":true,"strictSSL":true,"_":"65 more keys: [\"cacheDir\",\"port\",\"requestedCapabilities\",\"automationProtocol\",\"baseUrl\",\"waitforInterval\",\"waitforTimeout\",\"onReload\",\"beforeCommand\",\"afterCommand\",\"rootDir\",\"specs\",\"suites\",\"exclude\",\"groupLogsByTestSpec\",\"excludeDriverLogs\",\"bail\",\"framework\",\"reporters\",\"services\",\"maxInstances\",\"maxInstancesPerCapability\",\"injectGlobals\",\"filesToWatch\",\"execArgv\",\"runnerEnv\",\"runner\",\"shard\",\"specFileRetries\",\"specFileRetriesDelay\",\"specFileRetriesDeferred\",\"reporterSyncInterval\",\"reporterSyncTimeout\",\"cucumberFeaturesWithLineNumbers\",\"autoCompileOpts\",\"mochaOpts\",\"jasmineOpts\",\"cucumberOpts\",\"onPrepare\",\"onWorkerStart\",\"onWorkerEnd\",\"before\",\"beforeSession\",\"beforeSuite\",\"beforeHook\",\"beforeTest\",\"afterTest\",\"afterHook\",\"afterSuite\",\"afterSession\",\"after\",\"onComplete\",\"beforeAssertion\",\"afterAssertion\",\"beforeFeature\",\"beforeScenario\",\"beforeStep\",\"afterStep\",\"afterScenario\",\"afterFeature\",\"_\",\"suite\",\"$0\",\"ignoredWorkerServices\",\"wdi5\"]"}]}
COMMAND: POST /session/a36c3528002682410c6a9609e98db4f7/execute/async - {"script":"<script> [21126 bytes]","args":[35000]}
RESULT: {"script":"<script> [21126 bytes]","args":[35000]}
COMMAND: POST /session/a36c3528002682410c6a9609e98db4f7/execute/async - {"script":"<script> [1562 bytes]","args":[{"selector":{"controlType":"sap.m.GenericTile","properties":{"header":"Manage Sites"}},"wdio_ui5_key":"sapm.GenericTile{\"header\":\"Manage Sites\"}"}]}
RESULT: {"script":"<script> [1562 bytes]","args":[{"selector":{"controlType":"sap.m.GenericTile","properties":{"header":"Manage Sites"}},"wdio_ui5_key":"sapm.GenericTile{\"header\":\"Manage Sites\"}"}]}
RESULT: undefined
COMMAND: POST /session/a36c3528002682410c6a9609e98db4f7/element - {"using":"xpath","value":"//*[@id=\"__tile40\"]"}
RESULT: {"using":"xpath","value":"//*[@id=\"__tile40\"]"}
COMMAND: POST /session/a36c3528002682410c6a9609e98db4f7/element/f.7289231BEAD79D5ECA246980A5680317.d.8608731172A3D3C97F495A9BDA355CCA.e.1185/click - {}
RESULT: {}
COMMAND: GET /session/a36c3528002682410c6a9609e98db4f7/screenshot - {}
RESULT: {}
COMMAND: POST /session/a36c3528002682410c6a9609e98db4f7/execute/async - {"script":"<script> [1562 bytes]","args":[{"selector":{"controlType":"sap.ui.core.Icon","viewName":"etm.portal.ui.managesites.view.Master","viewId":"application-managesites-display-component---masterSite","properties":{"src":{"regex":{"source":"add"}}}},"wdio_ui5_key":"etmportal.ui.managesites.view.Mastersap.ui.core.Icon{\"src\":{\"regex\":{\"source\":\"add\"}}}"}]}
RESULT: {"script":"<script> [1562 bytes]","args":[{"selector":{"controlType":"sap.ui.core.Icon","viewName":"etm.portal.ui.managesites.view.Master","viewId":"application-managesites-display-component---masterSite","properties":{"src":{"regex":{"source":"add"}}}},"wdio_ui5_key":"etmportal.ui.managesites.view.Mastersap.ui.core.Icon{\"src\":{\"regex\":{\"source\":\"add\"}}}"}]}
RESULT: undefined
COMMAND: POST /session/a36c3528002682410c6a9609e98db4f7/element - {"using":"xpath","value":"//*[@id=\"__button4-img\"]"}
RESULT: {"using":"xpath","value":"//*[@id=\"__button4-img\"]"}
COMMAND: POST /session/a36c3528002682410c6a9609e98db4f7/element/f.7289231BEAD79D5ECA246980A5680317.d.8608731172A3D3C97F495A9BDA355CCA.e.1235/click - {}
RESULT: {}
COMMAND: POST /session/a36c3528002682410c6a9609e98db4f7/execute/async - {"script":"<script> [1562 bytes]","args":[{"selector":{"id":"application-managesites-display-component---NewSite--siteId","interaction":{"idSuffix":"inner"}},"wdio_ui5_key":"applicationmanagesites-display-component---NewSite--siteId"}]}
COMMAND: GET /session/a36c3528002682410c6a9609e98db4f7/screenshot - {}
RESULT: {"script":"<script> [1562 bytes]","args":[{"selector":{"id":"application-managesites-display-component---NewSite--siteId","interaction":{"idSuffix":"inner"}},"wdio_ui5_key":"applicationmanagesites-display-component---NewSite--siteId"}]}
RESULT: undefined
COMMAND: POST /session/a36c3528002682410c6a9609e98db4f7/execute/async - {"script":"<script> [1562 bytes]","args":[{"selector":{"id":"application-managesites-display-component---NewSite--addressDetailDetailsName1","interaction":{"idSuffix":"inner"}},"wdio_ui5_key":"applicationmanagesites-display-component---NewSite--addressDetailDetailsName1"}]}
RESULT: {}
RESULT: {"script":"<script> [1562 bytes]","args":[{"selector":{"id":"application-managesites-display-component---NewSite--addressDetailDetailsName1","interaction":{"idSuffix":"inner"}},"wdio_ui5_key":"applicationmanagesites-display-component---NewSite--addressDetailDetailsName1"}]}
RESULT: undefined
COMMAND: POST /session/a36c3528002682410c6a9609e98db4f7/execute/async - {"script":"<script> [776 bytes]","args":[{"enterText":"WebdriverSite7bic5","selector":{"id":"application-managesites-display-component---NewSite--addressDetailDetailsName1","interaction":{"idSuffix":"inner"}},"clearTextFirst":true,"interactionType":"ENTER_TEXT"}]}
RESULT: {"script":"<script> [776 bytes]","args":[{"enterText":"WebdriverSite7bic5","selector":{"id":"application-managesites-display-component---NewSite--addressDetailDetailsName1","interaction":{"idSuffix":"inner"}},"clearTextFirst":true,"interactionType":"ENTER_TEXT"}]}
COMMAND: POST /session/a36c3528002682410c6a9609e98db4f7/execute/async - {"script":"<script> [1562 bytes]","args":[{"selector":{"id":"application-managesites-display-component---NewSite--addressDetailDetailsLanguage","interaction":{"idSuffix":"inner"}},"wdio_ui5_key":"applicationmanagesites-display-component---NewSite--addressDetailDetailsLanguage"}]}
RESULT: {"script":"<script> [1562 bytes]","args":[{"selector":{"id":"application-managesites-display-component---NewSite--addressDetailDetailsLanguage","interaction":{"idSuffix":"inner"}},"wdio_ui5_key":"applicationmanagesites-display-component---NewSite--addressDetailDetailsLanguage"}]}
RESULT: undefined
COMMAND: POST /session/a36c3528002682410c6a9609e98db4f7/execute/async - {"script":"<script> [776 bytes]","args":[{"enterText":"Romanian","selector":{"id":"application-managesites-display-component---NewSite--addressDetailDetailsLanguage","interaction":{"idSuffix":"inner"}},"clearTextFirst":true,"interactionType":"ENTER_TEXT"}]}
RESULT: {"script":"<script> [776 bytes]","args":[{"enterText":"Romanian","selector":{"id":"application-managesites-display-component---NewSite--addressDetailDetailsLanguage","interaction":{"idSuffix":"inner"}},"clearTextFirst":true,"interactionType":"ENTER_TEXT"}]}
COMMAND: POST /session/a36c3528002682410c6a9609e98db4f7/execute/async - {"script":"<script> [1562 bytes]","args":[{"selector":{"id":"application-managesites-display-component---NewSite--addressDetailDetailsCity1","interaction":{"idSuffix":"inner"}},"wdio_ui5_key":"applicationmanagesites-display-component---NewSite--addressDetailDetailsCity1"}]}
RESULT: {"script":"<script> [1562 bytes]","args":[{"selector":{"id":"application-managesites-display-component---NewSite--addressDetailDetailsCity1","interaction":{"idSuffix":"inner"}},"wdio_ui5_key":"applicationmanagesites-display-component---NewSite--addressDetailDetailsCity1"}]}
RESULT: undefined
COMMAND: POST /session/a36c3528002682410c6a9609e98db4f7/execute/async - {"script":"<script> [776 bytes]","args":[{"enterText":"Bucharest","selector":{"id":"application-managesites-display-component---NewSite--addressDetailDetailsCity1","interaction":{"idSuffix":"inner"}},"clearTextFirst":true,"interactionType":"ENTER_TEXT"}]}
RESULT: {"script":"<script> [776 bytes]","args":[{"enterText":"Bucharest","selector":{"id":"application-managesites-display-component---NewSite--addressDetailDetailsCity1","interaction":{"idSuffix":"inner"}},"clearTextFirst":true,"interactionType":"ENTER_TEXT"}]}
COMMAND: POST /session/a36c3528002682410c6a9609e98db4f7/execute/async - {"script":"<script> [1562 bytes]","args":[{"selector":{"id":"application-managesites-display-component---NewSite--addressDetailDetailsCountry","interaction":{"idSuffix":"inner"}},"wdio_ui5_key":"applicationmanagesites-display-component---NewSite--addressDetailDetailsCountry"}]}
RESULT: {"script":"<script> [1562 bytes]","args":[{"selector":{"id":"application-managesites-display-component---NewSite--addressDetailDetailsCountry","interaction":{"idSuffix":"inner"}},"wdio_ui5_key":"applicationmanagesites-display-component---NewSite--addressDetailDetailsCountry"}]}
RESULT: undefined
COMMAND: POST /session/a36c3528002682410c6a9609e98db4f7/execute/async - {"script":"<script> [776 bytes]","args":[{"enterText":"Romania","selector":{"id":"application-managesites-display-component---NewSite--addressDetailDetailsCountry","interaction":{"idSuffix":"inner"}},"clearTextFirst":true,"interactionType":"ENTER_TEXT"}]}
RESULT: {"script":"<script> [776 bytes]","args":[{"enterText":"Romania","selector":{"id":"application-managesites-display-component---NewSite--addressDetailDetailsCountry","interaction":{"idSuffix":"inner"}},"clearTextFirst":true,"interactionType":"ENTER_TEXT"}]}
COMMAND: POST /session/a36c3528002682410c6a9609e98db4f7/element - {"using":"css selector","value":"#application-managesites-display-component---NewSite--addressDetailDetailsCalendar-inner"}
RESULT: {"using":"css selector","value":"#application-managesites-display-component---NewSite--addressDetailDetailsCalendar-inner"}
COMMAND: POST /session/a36c3528002682410c6a9609e98db4f7/element/f.7289231BEAD79D5ECA246980A5680317.d.8608731172A3D3C97F495A9BDA355CCA.e.1466/clear - {}
RESULT: {}
COMMAND: POST /session/a36c3528002682410c6a9609e98db4f7/element/f.7289231BEAD79D5ECA246980A5680317.d.8608731172A3D3C97F495A9BDA355CCA.e.1466/value - {"text":"Germany"}
COMMAND: GET /session/a36c3528002682410c6a9609e98db4f7/screenshot - {}
RESULT: {"text":"Germany"}
COMMAND: POST /session/a36c3528002682410c6a9609e98db4f7/execute/async - {"script":"<script> [1562 bytes]","args":[{"selector":{"id":"application-managesites-display-component---NewSite--addressEditDetailsCostObjectCstType-arrow"},"wdio_ui5_key":"applicationmanagesites-display-component---NewSite--addressEditDetailsCostObjectCstType-arrow"}]}
COMMAND: GET /session/a36c3528002682410c6a9609e98db4f7/screenshot - {}
RESULT: {}
RESULT: {"script":"<script> [1562 bytes]","args":[{"selector":{"id":"application-managesites-display-component---NewSite--addressEditDetailsCostObjectCstType-arrow"},"wdio_ui5_key":"applicationmanagesites-display-component---NewSite--addressEditDetailsCostObjectCstType-arrow"}]}
RESULT: undefined
COMMAND: POST /session/a36c3528002682410c6a9609e98db4f7/element - {"using":"xpath","value":"//*[@id=\"application-managesites-display-component---NewSite--addressEditDetailsCostObjectCstType-arrow\"]"}
RESULT: {}
RESULT: {"using":"xpath","value":"//*[@id=\"application-managesites-display-component---NewSite--addressEditDetailsCostObjectCstType-arrow\"]"}
COMMAND: POST /session/a36c3528002682410c6a9609e98db4f7/element/f.7289231BEAD79D5ECA246980A5680317.d.8608731172A3D3C97F495A9BDA355CCA.e.1619/click - {}
RESULT: {}
COMMAND: POST /session/a36c3528002682410c6a9609e98db4f7/element - {"using":"xpath","value":"//span[contains(text(), \"Work Breakdown Structure\")]"}
COMMAND: GET /session/a36c3528002682410c6a9609e98db4f7/screenshot - {}
RESULT: {"using":"xpath","value":"//span[contains(text(), \"Work Breakdown Structure\")]"}
COMMAND: POST /session/a36c3528002682410c6a9609e98db4f7/element/f.7289231BEAD79D5ECA246980A5680317.d.8608731172A3D3C97F495A9BDA355CCA.e.1620/click - {}
RESULT: {}
RESULT: {}
COMMAND: GET /session/a36c3528002682410c6a9609e98db4f7/screenshot - {}
RESULT: {}
COMMAND: POST /session/a36c3528002682410c6a9609e98db4f7/execute/async - {"script":"<script> [1562 bytes]","args":[{"selector":{"id":"application-managesites-display-component---NewSite--addressNewCostObjectCstID-vhi"},"wdio_ui5_key":"applicationmanagesites-display-component---NewSite--addressNewCostObjectCstID-vhi"}]}
RESULT: {"script":"<script> [1562 bytes]","args":[{"selector":{"id":"application-managesites-display-component---NewSite--addressNewCostObjectCstID-vhi"},"wdio_ui5_key":"applicationmanagesites-display-component---NewSite--addressNewCostObjectCstID-vhi"}]}
RESULT: undefined
COMMAND: POST /session/a36c3528002682410c6a9609e98db4f7/element - {"using":"xpath","value":"//*[@id=\"application-managesites-display-component---NewSite--addressNewCostObjectCstID-vhi\"]"}
RESULT: {"using":"xpath","value":"//*[@id=\"application-managesites-display-component---NewSite--addressNewCostObjectCstID-vhi\"]"}
COMMAND: POST /session/a36c3528002682410c6a9609e98db4f7/element/f.7289231BEAD79D5ECA246980A5680317.d.8608731172A3D3C97F495A9BDA355CCA.e.1625/click - {}
RESULT: {}
COMMAND: GET /session/a36c3528002682410c6a9609e98db4f7/screenshot - {}
RESULT: {}
COMMAND: POST /session/a36c3528002682410c6a9609e98db4f7/execute/async - {"script":"<script> [1562 bytes]","args":[{"selector":{"controlType":"sap.m.SearchField","properties":{"placeholder":"Search"},"searchOpenDialogs":true,"interaction":{"idSuffix":"I"}},"wdio_ui5_key":"sapm.SearchField{\"placeholder\":\"Search\"}"}]}
RESULT: {"script":"<script> [1562 bytes]","args":[{"selector":{"controlType":"sap.m.SearchField","properties":{"placeholder":"Search"},"searchOpenDialogs":true,"interaction":{"idSuffix":"I"}},"wdio_ui5_key":"sapm.SearchField{\"placeholder\":\"Search\"}"}]}
RESULT: undefined
COMMAND: POST /session/a36c3528002682410c6a9609e98db4f7/execute/async - {"script":"<script> [776 bytes]","args":[{"enterText":"A1-000100-01","selector":{"controlType":"sap.m.SearchField","properties":{"placeholder":"Search"},"searchOpenDialogs":true,"interaction":{"idSuffix":"I"}},"clearTextFirst":true,"interactionType":"ENTER_TEXT"}]}
RESULT: {"script":"<script> [776 bytes]","args":[{"enterText":"A1-000100-01","selector":{"controlType":"sap.m.SearchField","properties":{"placeholder":"Search"},"searchOpenDialogs":true,"interaction":{"idSuffix":"I"}},"clearTextFirst":true,"interactionType":"ENTER_TEXT"}]}
COMMAND: POST /session/a36c3528002682410c6a9609e98db4f7/actions - {"actions":[{"id":"action3","type":"key","parameters":{},"actions":[{"type":"keyDown","value":"î€‡"},{"type":"pause","duration":10},{"type":"keyUp","value":"î€‡"}]}]}
RESULT: {"actions":[{"id":"action3","type":"key","parameters":{},"actions":[{"type":"keyDown","value":"î€‡"},{"type":"pause","duration":10},{"type":"keyUp","value":"î€‡"}]}]}
COMMAND: GET /session/a36c3528002682410c6a9609e98db4f7/screenshot - {}
RESULT: {}
COMMAND: POST /session/a36c3528002682410c6a9609e98db4f7/element - {"using":"xpath","value":"//span[contains(text(), \"Template for ETO-Process\")]"}
RESULT: {"using":"xpath","value":"//span[contains(text(), \"Template for ETO-Process\")]"}
COMMAND: POST /session/a36c3528002682410c6a9609e98db4f7/element/f.7289231BEAD79D5ECA246980A5680317.d.8608731172A3D3C97F495A9BDA355CCA.e.1646/click - {}
RESULT: {}
COMMAND: GET /session/a36c3528002682410c6a9609e98db4f7/screenshot - {}
RESULT: {}
COMMAND: POST /session/a36c3528002682410c6a9609e98db4f7/element - {"using":"xpath","value":"//bdi[contains(text(), \"OK\")]"}
RESULT: {"using":"xpath","value":"//bdi[contains(text(), \"OK\")]"}
COMMAND: POST /session/a36c3528002682410c6a9609e98db4f7/element/f.7289231BEAD79D5ECA246980A5680317.d.8608731172A3D3C97F495A9BDA355CCA.e.1647/click - {}
RESULT: {}
COMMAND: GET /session/a36c3528002682410c6a9609e98db4f7/screenshot - {}
RESULT: {}
COMMAND: POST /session/a36c3528002682410c6a9609e98db4f7/element - {"using":"xpath","value":"//input[@id=\"application-managesites-display-component---NewSite--addressDetailDetailsYard-inner\"]"}
RESULT: {"using":"xpath","value":"//input[@id=\"application-managesites-display-component---NewSite--addressDetailDetailsYard-inner\"]"}
COMMAND: POST /session/a36c3528002682410c6a9609e98db4f7/element/f.7289231BEAD79D5ECA246980A5680317.d.8608731172A3D3C97F495A9BDA355CCA.e.1467/value - {"text":"542"}
RESULT: {"text":"542"}
COMMAND: GET /session/a36c3528002682410c6a9609e98db4f7/screenshot - {}
RESULT: {}
COMMAND: POST /session/a36c3528002682410c6a9609e98db4f7/actions - {"actions":[{"id":"action4","type":"key","parameters":{},"actions":[{"type":"keyDown","value":"î€‡"},{"type":"pause","duration":10},{"type":"keyUp","value":"î€‡"}]}]}
RESULT: {"actions":[{"id":"action4","type":"key","parameters":{},"actions":[{"type":"keyDown","value":"î€‡"},{"type":"pause","duration":10},{"type":"keyUp","value":"î€‡"}]}]}
COMMAND: GET /session/a36c3528002682410c6a9609e98db4f7/screenshot - {}
RESULT: {}
COMMAND: POST /session/a36c3528002682410c6a9609e98db4f7/element - {"using":"xpath","value":"//input[@id=\"application-managesites-display-component---NewSite--addressDetailDetailsPartner-inner\"]"}
RESULT: {"using":"xpath","value":"//input[@id=\"application-managesites-display-component---NewSite--addressDetailDetailsPartner-inner\"]"}
COMMAND: POST /session/a36c3528002682410c6a9609e98db4f7/elements - {"using":"xpath","value":"//input[@id=\"application-managesites-display-component---NewSite--addressDetailDetailsPartner-inner\"]"}
RESULT: {"using":"xpath","value":"//input[@id=\"application-managesites-display-component---NewSite--addressDetailDetailsPartner-inner\"]"}
COMMAND: POST /session/a36c3528002682410c6a9609e98db4f7/execute/async - {"script":"<script> [1562 bytes]","args":[{"selector":{"controlType":"sap.m.Button","viewName":"etm.portal.ui.managesites.view.NewSmartSite","viewId":"application-managesites-display-component---NewSite","properties":{"text":"Commercial"},"interaction":{"idSuffix":"BDI-content"}},"wdio_ui5_key":"etmportal.ui.managesites.view.NewSmartSitesap.m.Button{\"text\":\"Commercial\"}"}]}
RESULT: {"script":"<script> [1562 bytes]","args":[{"selector":{"controlType":"sap.m.Button","viewName":"etm.portal.ui.managesites.view.NewSmartSite","viewId":"application-managesites-display-component---NewSite","properties":{"text":"Commercial"},"interaction":{"idSuffix":"BDI-content"}},"wdio_ui5_key":"etmportal.ui.managesites.view.NewSmartSitesap.m.Button{\"text\":\"Commercial\"}"}]}
RESULT: undefined
COMMAND: POST /session/a36c3528002682410c6a9609e98db4f7/element - {"using":"xpath","value":"//*[@id=\"application-managesites-display-component---NewSite--ObjectPageLayout-anchBar-__section5-anchor\"]"}
RESULT: {"using":"xpath","value":"//*[@id=\"application-managesites-display-component---NewSite--ObjectPageLayout-anchBar-__section5-anchor\"]"}
COMMAND: POST /session/a36c3528002682410c6a9609e98db4f7/element/f.7289231BEAD79D5ECA246980A5680317.d.8608731172A3D3C97F495A9BDA355CCA.e.1654/click - {}
RESULT: {}
COMMAND: POST /session/a36c3528002682410c6a9609e98db4f7/execute/async - {"script":"<script> [1562 bytes]","args":[{"selector":{"controlType":"sap.m.Button","viewName":"etm.portal.ui.managesites.view.NewSmartSite","viewId":"application-managesites-display-component---NewSite","i18NText":{"propertyName":"text","key":"save"},"interaction":{"idSuffix":"BDI-content"}},"wdio_ui5_key":"etmportal.ui.managesites.view.NewSmartSitesap.m.Button{\"propertyName\":\"text\",\"key\":\"save\"}"}]}
COMMAND: GET /session/a36c3528002682410c6a9609e98db4f7/screenshot - {}
RESULT: {"script":"<script> [1562 bytes]","args":[{"selector":{"controlType":"sap.m.Button","viewName":"etm.portal.ui.managesites.view.NewSmartSite","viewId":"application-managesites-display-component---NewSite","i18NText":{"propertyName":"text","key":"save"},"interaction":{"idSuffix":"BDI-content"}},"wdio_ui5_key":"etmportal.ui.managesites.view.NewSmartSitesap.m.Button{\"propertyName\":\"text\",\"key\":\"save\"}"}]}
RESULT: undefined
COMMAND: POST /session/a36c3528002682410c6a9609e98db4f7/element - {"using":"xpath","value":"//*[@id=\"__button16\"]"}
RESULT: {}
RESULT: {"using":"xpath","value":"//*[@id=\"__button16\"]"}
COMMAND: POST /session/a36c3528002682410c6a9609e98db4f7/element/f.7289231BEAD79D5ECA246980A5680317.d.8608731172A3D3C97F495A9BDA355CCA.e.1598/click - {}
RESULT: {}
COMMAND: GET /session/a36c3528002682410c6a9609e98db4f7/screenshot - {}
RESULT: {}
COMMAND: POST /session/a36c3528002682410c6a9609e98db4f7/execute/async - {"script":"<script> [1562 bytes]","args":[{"selector":{"id":"application-managesites-display-component---detailSite--addressDetailDetailsYardText"},"wdio_ui5_key":"applicationmanagesites-display-component---detailSite--addressDetailDetailsYardText"}]}
RESULT: {"script":"<script> [1562 bytes]","args":[{"selector":{"id":"application-managesites-display-component---detailSite--addressDetailDetailsYardText"},"wdio_ui5_key":"applicationmanagesites-display-component---detailSite--addressDetailDetailsYardText"}]}
RESULT: undefined
COMMAND: POST /session/a36c3528002682410c6a9609e98db4f7/element - {"using":"xpath","value":"//header/div/div[2]/div[2]/span"}
RESULT: {"using":"xpath","value":"//header/div/div[2]/div[2]/span"}
COMMAND: GET /session/a36c3528002682410c6a9609e98db4f7/element/f.7289231BEAD79D5ECA246980A5680317.d.8608731172A3D3C97F495A9BDA355CCA.e.1860/text - {}
RESULT: {}
COMMAND: POST /session/a36c3528002682410c6a9609e98db4f7/element - {"using":"xpath","value":"//header/div/div/div/div/div/div[2]/div/span"}
RESULT: {"using":"xpath","value":"//header/div/div/div/div/div/div[2]/div/span"}
COMMAND: GET /session/a36c3528002682410c6a9609e98db4f7/element/f.7289231BEAD79D5ECA246980A5680317.d.8608731172A3D3C97F495A9BDA355CCA.e.1861/text - {}
RESULT: {}
COMMAND: POST /session/a36c3528002682410c6a9609e98db4f7/element - {"using":"css selector","value":"#shell-header-logo"}
RESULT: {"using":"css selector","value":"#shell-header-logo"}
COMMAND: POST /session/a36c3528002682410c6a9609e98db4f7/element/f.7289231BEAD79D5ECA246980A5680317.d.8608731172A3D3C97F495A9BDA355CCA.e.1188/click - {}
RESULT: {}
COMMAND: GET /session/a36c3528002682410c6a9609e98db4f7/screenshot - {}
RESULT: {}
COMMAND: POST /session/a36c3528002682410c6a9609e98db4f7/execute/async - {"script":"<script> [1562 bytes]","args":[{"selector":{"controlType":"sap.m.GenericTile","properties":{"header":"Manage Partners"}},"wdio_ui5_key":"sapm.GenericTile{\"header\":\"Manage Partners\"}"}]}
RESULT: {"script":"<script> [1562 bytes]","args":[{"selector":{"controlType":"sap.m.GenericTile","properties":{"header":"Manage Partners"}},"wdio_ui5_key":"sapm.GenericTile{\"header\":\"Manage Partners\"}"}]}
RESULT: undefined
COMMAND: POST /session/a36c3528002682410c6a9609e98db4f7/element - {"using":"xpath","value":"//*[@id=\"__tile38\"]"}
RESULT: {"using":"xpath","value":"//*[@id=\"__tile38\"]"}
COMMAND: POST /session/a36c3528002682410c6a9609e98db4f7/element/f.7289231BEAD79D5ECA246980A5680317.d.8608731172A3D3C97F495A9BDA355CCA.e.1863/click - {}
RESULT: {}
COMMAND: GET /session/a36c3528002682410c6a9609e98db4f7/screenshot - {}
RESULT: {}
COMMAND: POST /session/a36c3528002682410c6a9609e98db4f7/execute/async - {"script":"<script> [1562 bytes]","args":[{"selector":{"controlType":"sap.ui.core.Icon","viewName":"etm.portal.ui.managepartners.view.Master","viewId":"application-managepartners-display-component---masterPtm","properties":{"src":{"regex":{"source":"add"}}}},"wdio_ui5_key":"etmportal.ui.managepartners.view.Mastersap.ui.core.Icon{\"src\":{\"regex\":{\"source\":\"add\"}}}"}]}
RESULT: {"script":"<script> [1562 bytes]","args":[{"selector":{"controlType":"sap.ui.core.Icon","viewName":"etm.portal.ui.managepartners.view.Master","viewId":"application-managepartners-display-component---masterPtm","properties":{"src":{"regex":{"source":"add"}}}},"wdio_ui5_key":"etmportal.ui.managepartners.view.Mastersap.ui.core.Icon{\"src\":{\"regex\":{\"source\":\"add\"}}}"}]}
RESULT: undefined
COMMAND: POST /session/a36c3528002682410c6a9609e98db4f7/element - {"using":"xpath","value":"//*[@id=\"__button60-img\"]"}
RESULT: {"using":"xpath","value":"//*[@id=\"__button60-img\"]"}
COMMAND: POST /session/a36c3528002682410c6a9609e98db4f7/element/f.7289231BEAD79D5ECA246980A5680317.d.8608731172A3D3C97F495A9BDA355CCA.e.1913/click - {}
RESULT: {}
COMMAND: GET /session/a36c3528002682410c6a9609e98db4f7/screenshot - {}
COMMAND: POST /session/a36c3528002682410c6a9609e98db4f7/execute/async - {"script":"<script> [1562 bytes]","args":[{"selector":{"id":"application-managepartners-display-component---NewPartner--partnerId","interaction":{"idSuffix":"inner"}},"wdio_ui5_key":"applicationmanagepartners-display-component---NewPartner--partnerId"}]}
RESULT: {}
RESULT: {"script":"<script> [1562 bytes]","args":[{"selector":{"id":"application-managepartners-display-component---NewPartner--partnerId","interaction":{"idSuffix":"inner"}},"wdio_ui5_key":"applicationmanagepartners-display-component---NewPartner--partnerId"}]}
RESULT: undefined
COMMAND: POST /session/a36c3528002682410c6a9609e98db4f7/execute/async - {"script":"<script> [1562 bytes]","args":[{"selector":{"id":"application-managepartners-display-component---NewPartner--addressDetailDetailsName1","interaction":{"idSuffix":"inner"}},"wdio_ui5_key":"applicationmanagepartners-display-component---NewPartner--addressDetailDetailsName1"}]}
RESULT: {"script":"<script> [1562 bytes]","args":[{"selector":{"id":"application-managepartners-display-component---NewPartner--addressDetailDetailsName1","interaction":{"idSuffix":"inner"}},"wdio_ui5_key":"applicationmanagepartners-display-component---NewPartner--addressDetailDetailsName1"}]}
RESULT: undefined
COMMAND: POST /session/a36c3528002682410c6a9609e98db4f7/execute/async - {"script":"<script> [776 bytes]","args":[{"enterText":"WebdriverPartnerloo96l","selector":{"id":"application-managepartners-display-component---NewPartner--addressDetailDetailsName1","interaction":{"idSuffix":"inner"}},"clearTextFirst":true,"interactionType":"ENTER_TEXT"}]}
RESULT: {"script":"<script> [776 bytes]","args":[{"enterText":"WebdriverPartnerloo96l","selector":{"id":"application-managepartners-display-component---NewPartner--addressDetailDetailsName1","interaction":{"idSuffix":"inner"}},"clearTextFirst":true,"interactionType":"ENTER_TEXT"}]}
COMMAND: POST /session/a36c3528002682410c6a9609e98db4f7/execute/async - {"script":"<script> [1562 bytes]","args":[{"selector":{"id":"application-managepartners-display-component---NewPartner--addressDetailDetailsLanguage","interaction":{"idSuffix":"inner"}},"wdio_ui5_key":"applicationmanagepartners-display-component---NewPartner--addressDetailDetailsLanguage"}]}
RESULT: {"script":"<script> [1562 bytes]","args":[{"selector":{"id":"application-managepartners-display-component---NewPartner--addressDetailDetailsLanguage","interaction":{"idSuffix":"inner"}},"wdio_ui5_key":"applicationmanagepartners-display-component---NewPartner--addressDetailDetailsLanguage"}]}
RESULT: undefined
COMMAND: POST /session/a36c3528002682410c6a9609e98db4f7/execute/async - {"script":"<script> [776 bytes]","args":[{"enterText":"Romanian","selector":{"id":"application-managepartners-display-component---NewPartner--addressDetailDetailsLanguage","interaction":{"idSuffix":"inner"}},"clearTextFirst":true,"interactionType":"ENTER_TEXT"}]}
RESULT: {"script":"<script> [776 bytes]","args":[{"enterText":"Romanian","selector":{"id":"application-managepartners-display-component---NewPartner--addressDetailDetailsLanguage","interaction":{"idSuffix":"inner"}},"clearTextFirst":true,"interactionType":"ENTER_TEXT"}]}
COMMAND: POST /session/a36c3528002682410c6a9609e98db4f7/element - {"using":"xpath","value":"//input[contains(@id ,\"application-managepartners-display-component---NewPartner--addressDetailDetailsName1-inner\")]"}
RESULT: {"using":"xpath","value":"//input[contains(@id ,\"application-managepartners-display-component---NewPartner--addressDetailDetailsName1-inner\")]"}
COMMAND: GET /session/a36c3528002682410c6a9609e98db4f7/element/f.7289231BEAD79D5ECA246980A5680317.d.8608731172A3D3C97F495A9BDA355CCA.e.2089/property/value - {}
RESULT: {}
COMMAND: POST /session/a36c3528002682410c6a9609e98db4f7/execute/async - {"script":"<script> [1562 bytes]","args":[{"selector":{"id":"application-managepartners-display-component---NewPartner--addressDetailDetailsCity1","interaction":{"idSuffix":"inner"}},"wdio_ui5_key":"applicationmanagepartners-display-component---NewPartner--addressDetailDetailsCity1"}]}
COMMAND: GET /session/a36c3528002682410c6a9609e98db4f7/screenshot - {}
RESULT: {"script":"<script> [1562 bytes]","args":[{"selector":{"id":"application-managepartners-display-component---NewPartner--addressDetailDetailsCity1","interaction":{"idSuffix":"inner"}},"wdio_ui5_key":"applicationmanagepartners-display-component---NewPartner--addressDetailDetailsCity1"}]}
RESULT: undefined
COMMAND: POST /session/a36c3528002682410c6a9609e98db4f7/execute/async - {"script":"<script> [776 bytes]","args":[{"enterText":"Bucharest","selector":{"id":"application-managepartners-display-component---NewPartner--addressDetailDetailsCity1","interaction":{"idSuffix":"inner"}},"clearTextFirst":true,"interactionType":"ENTER_TEXT"}]}
RESULT: {}
RESULT: {"script":"<script> [776 bytes]","args":[{"enterText":"Bucharest","selector":{"id":"application-managepartners-display-component---NewPartner--addressDetailDetailsCity1","interaction":{"idSuffix":"inner"}},"clearTextFirst":true,"interactionType":"ENTER_TEXT"}]}
COMMAND: POST /session/a36c3528002682410c6a9609e98db4f7/execute/async - {"script":"<script> [1562 bytes]","args":[{"selector":{"id":"application-managepartners-display-component---NewPartner--addressDetailDetailsCountry","interaction":{"idSuffix":"inner"}},"wdio_ui5_key":"applicationmanagepartners-display-component---NewPartner--addressDetailDetailsCountry"}]}
RESULT: {"script":"<script> [1562 bytes]","args":[{"selector":{"id":"application-managepartners-display-component---NewPartner--addressDetailDetailsCountry","interaction":{"idSuffix":"inner"}},"wdio_ui5_key":"applicationmanagepartners-display-component---NewPartner--addressDetailDetailsCountry"}]}
RESULT: undefined
COMMAND: POST /session/a36c3528002682410c6a9609e98db4f7/execute/async - {"script":"<script> [6424 bytes]","args":[{"element-6066-11e4-a52e-4f735466cecf":"f.7289231BEAD79D5ECA246980A5680317.d.8608731172A3D3C97F495A9BDA355CCA.e.2096"},"setValue",["Romania"]]}
RESULT: {"script":"<script> [6424 bytes]","args":[{"element-6066-11e4-a52e-4f735466cecf":"f.7289231BEAD79D5ECA246980A5680317.d.8608731172A3D3C97F495A9BDA355CCA.e.2096"},"setValue",["Romania"]]}
COMMAND: POST /session/a36c3528002682410c6a9609e98db4f7/execute/async - {"script":"<script> [1562 bytes]","args":[{"selector":{"id":"application-managepartners-display-component---NewPartner--partnerDetailInternal","interaction":{"idSuffix":"inner"}},"wdio_ui5_key":"applicationmanagepartners-display-component---NewPartner--partnerDetailInternal"}]}
RESULT: {"script":"<script> [1562 bytes]","args":[{"selector":{"id":"application-managepartners-display-component---NewPartner--partnerDetailInternal","interaction":{"idSuffix":"inner"}},"wdio_ui5_key":"applicationmanagepartners-display-component---NewPartner--partnerDetailInternal"}]}
RESULT: undefined
COMMAND: POST /session/a36c3528002682410c6a9609e98db4f7/execute/async - {"script":"<script> [776 bytes]","args":[{"enterText":"External partner","selector":{"id":"application-managepartners-display-component---NewPartner--partnerDetailInternal","interaction":{"idSuffix":"inner"}},"clearTextFirst":true,"interactionType":"ENTER_TEXT"}]}
RESULT: {"script":"<script> [776 bytes]","args":[{"enterText":"External partner","selector":{"id":"application-managepartners-display-component---NewPartner--partnerDetailInternal","interaction":{"idSuffix":"inner"}},"clearTextFirst":true,"interactionType":"ENTER_TEXT"}]}
COMMAND: POST /session/a36c3528002682410c6a9609e98db4f7/execute/async - {"script":"<script> [1562 bytes]","args":[{"selector":{"id":"application-managepartners-display-component---NewPartner--partnerDetailsCurrency","interaction":{"idSuffix":"inner"}},"wdio_ui5_key":"applicationmanagepartners-display-component---NewPartner--partnerDetailsCurrency"}]}
RESULT: {"script":"<script> [1562 bytes]","args":[{"selector":{"id":"application-managepartners-display-component---NewPartner--partnerDetailsCurrency","interaction":{"idSuffix":"inner"}},"wdio_ui5_key":"applicationmanagepartners-display-component---NewPartner--partnerDetailsCurrency"}]}
RESULT: undefined
COMMAND: POST /session/a36c3528002682410c6a9609e98db4f7/execute/async - {"script":"<script> [776 bytes]","args":[{"enterText":"Euro","selector":{"id":"application-managepartners-display-component---NewPartner--partnerDetailsCurrency","interaction":{"idSuffix":"inner"}},"clearTextFirst":true,"interactionType":"ENTER_TEXT"}]}
RESULT: {"script":"<script> [776 bytes]","args":[{"enterText":"Euro","selector":{"id":"application-managepartners-display-component---NewPartner--partnerDetailsCurrency","interaction":{"idSuffix":"inner"}},"clearTextFirst":true,"interactionType":"ENTER_TEXT"}]}
COMMAND: POST /session/a36c3528002682410c6a9609e98db4f7/execute/async - {"script":"<script> [1562 bytes]","args":[{"selector":{"controlType":"sap.m.Button","viewName":"etm.portal.ui.managepartners.view.NewPartner","viewId":"application-managepartners-display-component---NewPartner","properties":{"text":"Commercial"},"interaction":{"idSuffix":"BDI-content"}},"wdio_ui5_key":"etmportal.ui.managepartners.view.NewPartnersap.m.Button{\"text\":\"Commercial\"}"}]}
RESULT: {"script":"<script> [1562 bytes]","args":[{"selector":{"controlType":"sap.m.Button","viewName":"etm.portal.ui.managepartners.view.NewPartner","viewId":"application-managepartners-display-component---NewPartner","properties":{"text":"Commercial"},"interaction":{"idSuffix":"BDI-content"}},"wdio_ui5_key":"etmportal.ui.managepartners.view.NewPartnersap.m.Button{\"text\":\"Commercial\"}"}]}
RESULT: undefined
COMMAND: POST /session/a36c3528002682410c6a9609e98db4f7/element - {"using":"xpath","value":"//*[@id=\"application-managepartners-display-component---NewPartner--ObjectPageLayout-anchBar-__section29-anchor\"]"}
RESULT: {"using":"xpath","value":"//*[@id=\"application-managepartners-display-component---NewPartner--ObjectPageLayout-anchBar-__section29-anchor\"]"}
COMMAND: POST /session/a36c3528002682410c6a9609e98db4f7/element/f.7289231BEAD79D5ECA246980A5680317.d.8608731172A3D3C97F495A9BDA355CCA.e.2344/click - {}
RESULT: {}
COMMAND: GET /session/a36c3528002682410c6a9609e98db4f7/screenshot - {}
RESULT: {}
COMMAND: POST /session/a36c3528002682410c6a9609e98db4f7/execute/async - {"script":"<script> [1562 bytes]","args":[{"selector":{"id":"application-managepartners-display-component---NewPartner--btnAddTableRow-img"},"wdio_ui5_key":"applicationmanagepartners-display-component---NewPartner--btnAddTableRow-img"}]}
RESULT: {"script":"<script> [1562 bytes]","args":[{"selector":{"id":"application-managepartners-display-component---NewPartner--btnAddTableRow-img"},"wdio_ui5_key":"applicationmanagepartners-display-component---NewPartner--btnAddTableRow-img"}]}
RESULT: undefined
COMMAND: POST /session/a36c3528002682410c6a9609e98db4f7/element - {"using":"xpath","value":"//*[@id=\"application-managepartners-display-component---NewPartner--btnAddTableRow-img\"]"}
RESULT: {"using":"xpath","value":"//*[@id=\"application-managepartners-display-component---NewPartner--btnAddTableRow-img\"]"}
COMMAND: POST /session/a36c3528002682410c6a9609e98db4f7/element/f.7289231BEAD79D5ECA246980A5680317.d.8608731172A3D3C97F495A9BDA355CCA.e.2350/click - {}
RESULT: {}
COMMAND: POST /session/a36c3528002682410c6a9609e98db4f7/element - {"using":"xpath","value":"//input[contains(@id ,\"application-managepartners-display-component---NewPartner--assignmentYard-application-managepartners-display-component---NewPartner\")]"}
COMMAND: GET /session/a36c3528002682410c6a9609e98db4f7/screenshot - {}
RESULT: {"using":"xpath","value":"//input[contains(@id ,\"application-managepartners-display-component---NewPartner--assignmentYard-application-managepartners-display-component---NewPartner\")]"}
COMMAND: POST /session/a36c3528002682410c6a9609e98db4f7/element/f.7289231BEAD79D5ECA246980A5680317.d.8608731172A3D3C97F495A9BDA355CCA.e.2355/clear - {}
RESULT: {}
RESULT: {}
COMMAND: POST /session/a36c3528002682410c6a9609e98db4f7/element/f.7289231BEAD79D5ECA246980A5680317.d.8608731172A3D3C97F495A9BDA355CCA.e.2355/value - {"text":"542"}
COMMAND: GET /session/a36c3528002682410c6a9609e98db4f7/screenshot - {}
RESULT: {"text":"542"}
COMMAND: GET /session/a36c3528002682410c6a9609e98db4f7/screenshot - {}
RESULT: {}
RESULT: {}
COMMAND: POST /session/a36c3528002682410c6a9609e98db4f7/execute/async - {"script":"<script> [1562 bytes]","args":[{"selector":{"controlType":"sap.m.Button","viewName":"etm.portal.ui.managepartners.view.NewPartner","viewId":"application-managepartners-display-component---NewPartner","i18NText":{"propertyName":"text","key":"save"},"interaction":{"idSuffix":"BDI-content"}},"wdio_ui5_key":"etmportal.ui.managepartners.view.NewPartnersap.m.Button{\"propertyName\":\"text\",\"key\":\"save\"}"}]}
RESULT: {"script":"<script> [1562 bytes]","args":[{"selector":{"controlType":"sap.m.Button","viewName":"etm.portal.ui.managepartners.view.NewPartner","viewId":"application-managepartners-display-component---NewPartner","i18NText":{"propertyName":"text","key":"save"},"interaction":{"idSuffix":"BDI-content"}},"wdio_ui5_key":"etmportal.ui.managepartners.view.NewPartnersap.m.Button{\"propertyName\":\"text\",\"key\":\"save\"}"}]}
RESULT: undefined
COMMAND: POST /session/a36c3528002682410c6a9609e98db4f7/element - {"using":"xpath","value":"//*[@id=\"__button68\"]"}
RESULT: {"using":"xpath","value":"//*[@id=\"__button68\"]"}
COMMAND: POST /session/a36c3528002682410c6a9609e98db4f7/element/f.7289231BEAD79D5ECA246980A5680317.d.8608731172A3D3C97F495A9BDA355CCA.e.2322/click - {}
RESULT: {}
COMMAND: GET /session/a36c3528002682410c6a9609e98db4f7/screenshot - {}
RESULT: {}
COMMAND: POST /session/a36c3528002682410c6a9609e98db4f7/element - {"using":"xpath","value":"//header/div/div[2]/div[2]/span"}
RESULT: {"using":"xpath","value":"//header/div/div[2]/div[2]/span"}
COMMAND: GET /session/a36c3528002682410c6a9609e98db4f7/element/f.7289231BEAD79D5ECA246980A5680317.d.8608731172A3D3C97F495A9BDA355CCA.e.2526/text - {}
RESULT: {}
COMMAND: POST /session/a36c3528002682410c6a9609e98db4f7/element - {"using":"xpath","value":"//header/div/div/div/div/div/div[2]/div/span"}
RESULT: {"using":"xpath","value":"//header/div/div/div/div/div/div[2]/div/span"}
COMMAND: GET /session/a36c3528002682410c6a9609e98db4f7/element/f.7289231BEAD79D5ECA246980A5680317.d.8608731172A3D3C97F495A9BDA355CCA.e.2527/text - {}
RESULT: {}
COMMAND: POST /session/a36c3528002682410c6a9609e98db4f7/execute/async - {"script":"<script> [1562 bytes]","args":[{"selector":{"id":"application-managepartners-display-component---detailPtm--partnerType"},"wdio_ui5_key":"applicationmanagepartners-display-component---detailPtm--partnerType"}]}
RESULT: {"script":"<script> [1562 bytes]","args":[{"selector":{"id":"application-managepartners-display-component---detailPtm--partnerType"},"wdio_ui5_key":"applicationmanagepartners-display-component---detailPtm--partnerType"}]}
RESULT: undefined
COMMAND: POST /session/a36c3528002682410c6a9609e98db4f7/execute/async - {"script":"<script> [6424 bytes]","args":[{"element-6066-11e4-a52e-4f735466cecf":"f.7289231BEAD79D5ECA246980A5680317.d.8608731172A3D3C97F495A9BDA355CCA.e.2528"},"getText",[]]}
RESULT: {"script":"<script> [6424 bytes]","args":[{"element-6066-11e4-a52e-4f735466cecf":"f.7289231BEAD79D5ECA246980A5680317.d.8608731172A3D3C97F495A9BDA355CCA.e.2528"},"getText",[]]}
COMMAND: POST /session/a36c3528002682410c6a9609e98db4f7/element - {"using":"css selector","value":"#shell-header-logo"}
RESULT: {"using":"css selector","value":"#shell-header-logo"}
COMMAND: POST /session/a36c3528002682410c6a9609e98db4f7/element/f.7289231BEAD79D5ECA246980A5680317.d.8608731172A3D3C97F495A9BDA355CCA.e.1866/click - {}
RESULT: {}
COMMAND: GET /session/a36c3528002682410c6a9609e98db4f7/screenshot - {}
RESULT: {}
]]></system-out>
    </testcase>
    <testcase classname="chrome.135_0_7049_96.windows.Webshop_-_Hyperlinks_visible_and_working_properly__US139085" name="Should create a new contract" time="101.246">
      <system-out><![CDATA[
COMMAND: POST /session/a36c3528002682410c6a9609e98db4f7/execute/async - {"script":"<script> [1562 bytes]","args":[{"selector":{"controlType":"sap.m.Text","viewName":"etm.portal.ui.managecontractstile.view.Master","properties":{"text":"Manage Contracts"},"interaction":{"idSuffix":"inner"}},"wdio_ui5_key":"etmportal.ui.managecontractstile.view.Mastersap.m.Text{\"text\":\"Manage Contracts\"}"}]}
RESULT: {"script":"<script> [1562 bytes]","args":[{"selector":{"controlType":"sap.m.Text","viewName":"etm.portal.ui.managecontractstile.view.Master","properties":{"text":"Manage Contracts"},"interaction":{"idSuffix":"inner"}},"wdio_ui5_key":"etmportal.ui.managecontractstile.view.Mastersap.m.Text{\"text\":\"Manage Contracts\"}"}]}
RESULT: undefined
COMMAND: POST /session/a36c3528002682410c6a9609e98db4f7/element - {"using":"xpath","value":"//*[@id=\"__tile130-title\"]"}
RESULT: {"using":"xpath","value":"//*[@id=\"__tile130-title\"]"}
COMMAND: POST /session/a36c3528002682410c6a9609e98db4f7/element/f.7289231BEAD79D5ECA246980A5680317.d.8608731172A3D3C97F495A9BDA355CCA.e.2531/click - {}
RESULT: {}
COMMAND: GET /session/a36c3528002682410c6a9609e98db4f7/screenshot - {}
RESULT: {}
COMMAND: POST /session/a36c3528002682410c6a9609e98db4f7/element - {"using":"xpath","value":"//button[@data-kt=\"addButton\"]"}
RESULT: {"using":"xpath","value":"//button[@data-kt=\"addButton\"]"}
COMMAND: POST /session/a36c3528002682410c6a9609e98db4f7/element/f.7289231BEAD79D5ECA246980A5680317.d.8608731172A3D3C97F495A9BDA355CCA.e.2584/click - {}
RESULT: {}
COMMAND: GET /session/a36c3528002682410c6a9609e98db4f7/screenshot - {}
RESULT: {}
COMMAND: POST /session/a36c3528002682410c6a9609e98db4f7/execute/async - {"script":"<script> [1562 bytes]","args":[{"selector":{"id":"application-managecontracts-display-component---AddNewContract--projectDescription","interaction":{"idSuffix":"inner"}},"wdio_ui5_key":"applicationmanagecontracts-display-component---AddNewContract--projectDescription"}]}
RESULT: {"script":"<script> [1562 bytes]","args":[{"selector":{"id":"application-managecontracts-display-component---AddNewContract--projectDescription","interaction":{"idSuffix":"inner"}},"wdio_ui5_key":"applicationmanagecontracts-display-component---AddNewContract--projectDescription"}]}
RESULT: undefined
COMMAND: POST /session/a36c3528002682410c6a9609e98db4f7/execute/async - {"script":"<script> [776 bytes]","args":[{"enterText":"WdIOR2c5g6vm","selector":{"id":"application-managecontracts-display-component---AddNewContract--projectDescription","interaction":{"idSuffix":"inner"}},"clearTextFirst":true,"interactionType":"ENTER_TEXT"}]}
RESULT: {"script":"<script> [776 bytes]","args":[{"enterText":"WdIOR2c5g6vm","selector":{"id":"application-managecontracts-display-component---AddNewContract--projectDescription","interaction":{"idSuffix":"inner"}},"clearTextFirst":true,"interactionType":"ENTER_TEXT"}]}
COMMAND: POST /session/a36c3528002682410c6a9609e98db4f7/element - {"using":"xpath","value":"//input[@id=\"application-managecontracts-display-component---AddNewContract--yardId-inner\"]"}
RESULT: {"using":"xpath","value":"//input[@id=\"application-managecontracts-display-component---AddNewContract--yardId-inner\"]"}
COMMAND: POST /session/a36c3528002682410c6a9609e98db4f7/element/f.7289231BEAD79D5ECA246980A5680317.d.8608731172A3D3C97F495A9BDA355CCA.e.2868/clear - {}
RESULT: {}
COMMAND: POST /session/a36c3528002682410c6a9609e98db4f7/element/f.7289231BEAD79D5ECA246980A5680317.d.8608731172A3D3C97F495A9BDA355CCA.e.2868/value - {"text":"WebdriverYard9s2yv"}
COMMAND: GET /session/a36c3528002682410c6a9609e98db4f7/screenshot - {}
RESULT: {"text":"WebdriverYard9s2yv"}
COMMAND: GET /session/a36c3528002682410c6a9609e98db4f7/screenshot - {}
RESULT: {}
RESULT: {}
COMMAND: POST /session/a36c3528002682410c6a9609e98db4f7/actions - {"actions":[{"id":"action5","type":"key","parameters":{},"actions":[{"type":"keyDown","value":"î€‡"},{"type":"pause","duration":10},{"type":"keyUp","value":"î€‡"}]}]}
RESULT: {"actions":[{"id":"action5","type":"key","parameters":{},"actions":[{"type":"keyDown","value":"î€‡"},{"type":"pause","duration":10},{"type":"keyUp","value":"î€‡"}]}]}
COMMAND: GET /session/a36c3528002682410c6a9609e98db4f7/screenshot - {}
RESULT: {}
COMMAND: POST /session/a36c3528002682410c6a9609e98db4f7/element - {"using":"xpath","value":"//input[@id=\"application-managecontracts-display-component---AddNewContract--customerSelect-inner\"]"}
RESULT: {"using":"xpath","value":"//input[@id=\"application-managecontracts-display-component---AddNewContract--customerSelect-inner\"]"}
COMMAND: POST /session/a36c3528002682410c6a9609e98db4f7/element/f.7289231BEAD79D5ECA246980A5680317.d.8608731172A3D3C97F495A9BDA355CCA.e.2866/clear - {}
RESULT: {}
COMMAND: POST /session/a36c3528002682410c6a9609e98db4f7/element/f.7289231BEAD79D5ECA246980A5680317.d.8608731172A3D3C97F495A9BDA355CCA.e.2866/value - {"text":"WebdriverPartnerloo96l"}
COMMAND: GET /session/a36c3528002682410c6a9609e98db4f7/screenshot - {}
RESULT: {"text":"WebdriverPartnerloo96l"}
COMMAND: GET /session/a36c3528002682410c6a9609e98db4f7/screenshot - {}
RESULT: {}
RESULT: {}
COMMAND: POST /session/a36c3528002682410c6a9609e98db4f7/actions - {"actions":[{"id":"action6","type":"key","parameters":{},"actions":[{"type":"keyDown","value":"î€‡"},{"type":"pause","duration":10},{"type":"keyUp","value":"î€‡"}]}]}
RESULT: {"actions":[{"id":"action6","type":"key","parameters":{},"actions":[{"type":"keyDown","value":"î€‡"},{"type":"pause","duration":10},{"type":"keyUp","value":"î€‡"}]}]}
COMMAND: GET /session/a36c3528002682410c6a9609e98db4f7/screenshot - {}
RESULT: {}
COMMAND: POST /session/a36c3528002682410c6a9609e98db4f7/element - {"using":"xpath","value":"//input[@id=\"application-managecontracts-display-component---AddNewContract--site-inner\"]"}
RESULT: {"using":"xpath","value":"//input[@id=\"application-managecontracts-display-component---AddNewContract--site-inner\"]"}
COMMAND: POST /session/a36c3528002682410c6a9609e98db4f7/element/f.7289231BEAD79D5ECA246980A5680317.d.8608731172A3D3C97F495A9BDA355CCA.e.2867/clear - {}
RESULT: {}
COMMAND: POST /session/a36c3528002682410c6a9609e98db4f7/element/f.7289231BEAD79D5ECA246980A5680317.d.8608731172A3D3C97F495A9BDA355CCA.e.2867/value - {"text":"WebdriverSite7bic5"}
COMMAND: GET /session/a36c3528002682410c6a9609e98db4f7/screenshot - {}
RESULT: {"text":"WebdriverSite7bic5"}
COMMAND: GET /session/a36c3528002682410c6a9609e98db4f7/screenshot - {}
RESULT: {}
RESULT: {}
COMMAND: POST /session/a36c3528002682410c6a9609e98db4f7/actions - {"actions":[{"id":"action7","type":"key","parameters":{},"actions":[{"type":"keyDown","value":"î€‡"},{"type":"pause","duration":10},{"type":"keyUp","value":"î€‡"}]}]}
RESULT: {"actions":[{"id":"action7","type":"key","parameters":{},"actions":[{"type":"keyDown","value":"î€‡"},{"type":"pause","duration":10},{"type":"keyUp","value":"î€‡"}]}]}
COMMAND: GET /session/a36c3528002682410c6a9609e98db4f7/screenshot - {}
RESULT: {}
COMMAND: POST /session/a36c3528002682410c6a9609e98db4f7/element - {"using":"xpath","value":"//button[@data-kt=\"saveButton\"]"}
RESULT: {"using":"xpath","value":"//button[@data-kt=\"saveButton\"]"}
COMMAND: POST /session/a36c3528002682410c6a9609e98db4f7/element/f.7289231BEAD79D5ECA246980A5680317.d.8608731172A3D3C97F495A9BDA355CCA.e.2881/click - {}
RESULT: {}
COMMAND: GET /session/a36c3528002682410c6a9609e98db4f7/screenshot - {}
RESULT: {}
COMMAND: POST /session/a36c3528002682410c6a9609e98db4f7/execute/async - {"script":"<script> [1562 bytes]","args":[{"selector":{"id":"contractDetailTitleNoExpanded","viewName":"etm.portal.ui.managecontracts.view.Detail"},"wdio_ui5_key":"contractDetailTitleNoExpandedetmportal.ui.managecontracts.view.Detail"}]}
RESULT: {"script":"<script> [1562 bytes]","args":[{"selector":{"id":"contractDetailTitleNoExpanded","viewName":"etm.portal.ui.managecontracts.view.Detail"},"wdio_ui5_key":"contractDetailTitleNoExpandedetmportal.ui.managecontracts.view.Detail"}]}
RESULT: undefined
COMMAND: POST /session/a36c3528002682410c6a9609e98db4f7/execute/async - {"script":"<script> [6424 bytes]","args":[{"element-6066-11e4-a52e-4f735466cecf":"f.7289231BEAD79D5ECA246980A5680317.d.8608731172A3D3C97F495A9BDA355CCA.e.2964"},"getText",[]]}
RESULT: {"script":"<script> [6424 bytes]","args":[{"element-6066-11e4-a52e-4f735466cecf":"f.7289231BEAD79D5ECA246980A5680317.d.8608731172A3D3C97F495A9BDA355CCA.e.2964"},"getText",[]]}
COMMAND: POST /session/a36c3528002682410c6a9609e98db4f7/element - {"using":"css selector","value":"#shell-header-logo"}
RESULT: {"using":"css selector","value":"#shell-header-logo"}
COMMAND: POST /session/a36c3528002682410c6a9609e98db4f7/element/f.7289231BEAD79D5ECA246980A5680317.d.8608731172A3D3C97F495A9BDA355CCA.e.2534/click - {}
RESULT: {}
COMMAND: GET /session/a36c3528002682410c6a9609e98db4f7/screenshot - {}
RESULT: {}
]]></system-out>
    </testcase>
  </testsuite>
  <testsuite timestamp="2025-05-04T16:20:54" time="251.887" tests="1" failures="0" errors="0" skipped="0">
    <properties>
      <property name="specId" value="0" />
      <property name="suiteName" value="Webshop - Hyperlinks visible and working properly  US139085" />
      <property name="capabilities" value="chrome.135_0_7049_96.windows" />
      <property name="file" value="file:///D:/a/1/s/test/specs/R2C/webshop-hyperlinks-partner-address-contract-item.spec.js" />
    </properties>
    <testcase classname="chrome.135_0_7049_96.windows.Webshop_-_Hyperlinks_visible_and_working_properly__US139085" name="Should verify the customer address contract and catalog item hyperlinks" time="251.88">
      <system-out><![CDATA[
COMMAND: GET /session/a36c3528002682410c6a9609e98db4f7/screenshot - {}
COMMAND: GET /session/a36c3528002682410c6a9609e98db4f7/screenshot - {}
RESULT: {}
RESULT: {}
COMMAND: POST /session/a36c3528002682410c6a9609e98db4f7/element - {"using":"xpath","value":"//*[contains(@data-kt ,\"webshopDetailAddressLink\")]"}
RESULT: {"using":"xpath","value":"//*[contains(@data-kt ,\"webshopDetailAddressLink\")]"}
COMMAND: POST /session/a36c3528002682410c6a9609e98db4f7/element/f.7289231BEAD79D5ECA246980A5680317.d.8608731172A3D3C97F495A9BDA355CCA.e.4586/click - {}
RESULT: {}
COMMAND: GET /session/a36c3528002682410c6a9609e98db4f7/screenshot - {}
RESULT: {}
COMMAND: POST /session/a36c3528002682410c6a9609e98db4f7/element - {"using":"xpath","value":"//*[contains(@data-kt ,\"ContextMenuId2Link\")][contains(text(), \"Address Overview\")]"}
RESULT: {"using":"xpath","value":"//*[contains(@data-kt ,\"ContextMenuId2Link\")][contains(text(), \"Address Overview\")]"}
COMMAND: POST /session/a36c3528002682410c6a9609e98db4f7/execute/sync - {"script":"<script> [8489 bytes]","args":[{"element-6066-11e4-a52e-4f735466cecf":"f.7289231BEAD79D5ECA246980A5680317.d.8608731172A3D3C97F495A9BDA355CCA.e.4588","ELEMENT":"f.7289231BEAD79D5ECA246980A5680317.d.8608731172A3D3C97F495A9BDA355CCA.e.4588"}]}
COMMAND: POST /session/a36c3528002682410c6a9609e98db4f7/element - {"using":"xpath","value":"//*[contains(@data-kt ,\"ContextMenuId2Link\")][contains(text(), \"Address Overview\")]"}
RESULT: {"script":"<script> [8489 bytes]","args":[{"element-6066-11e4-a52e-4f735466cecf":"f.7289231BEAD79D5ECA246980A5680317.d.8608731172A3D3C97F495A9BDA355CCA.e.4588","ELEMENT":"f.7289231BEAD79D5ECA246980A5680317.d.8608731172A3D3C97F495A9BDA355CCA.e.4588"}]}
COMMAND: GET /session/a36c3528002682410c6a9609e98db4f7/screenshot - {}
RESULT: {"using":"xpath","value":"//*[contains(@data-kt ,\"ContextMenuId2Link\")][contains(text(), \"Address Overview\")]"}
COMMAND: POST /session/a36c3528002682410c6a9609e98db4f7/element/f.7289231BEAD79D5ECA246980A5680317.d.8608731172A3D3C97F495A9BDA355CCA.e.4588/click - {}
RESULT: {}
RESULT: {}
COMMAND: GET /session/a36c3528002682410c6a9609e98db4f7/screenshot - {}
RESULT: {}
RESULT: undefined
COMMAND: POST /session/a36c3528002682410c6a9609e98db4f7/execute/async - {"script":"<script> [6424 bytes]","args":[{"element-6066-11e4-a52e-4f735466cecf":"f.7289231BEAD79D5ECA246980A5680317.d.8608731172A3D3C97F495A9BDA355CCA.e.3206"},"getTitle",[]]}
COMMAND: POST /session/a36c3528002682410c6a9609e98db4f7/execute/async - {"script":"<script> [1562 bytes]","args":[{"selector":{"id":"shellAppTitle"},"wdio_ui5_key":"shellAppTitle"}]}
RESULT: {"script":"<script> [1562 bytes]","args":[{"selector":{"id":"shellAppTitle"},"wdio_ui5_key":"shellAppTitle"}]}
COMMAND: POST /session/a36c3528002682410c6a9609e98db4f7/execute/async - {"script":"<script> [6424 bytes]","args":[{"element-6066-11e4-a52e-4f735466cecf":"f.7289231BEAD79D5ECA246980A5680317.d.8608731172A3D3C97F495A9BDA355CCA.e.4778"},"getTitle",[]]}
RESULT: {"script":"<script> [6424 bytes]","args":[{"element-6066-11e4-a52e-4f735466cecf":"f.7289231BEAD79D5ECA246980A5680317.d.8608731172A3D3C97F495A9BDA355CCA.e.4778"},"getTitle",[]]}
COMMAND: POST /session/a36c3528002682410c6a9609e98db4f7/element - {"using":"xpath","value":"//span[contains(@id ,\"application-addressmanagement-display-component---detailAdm--addressDetailDetailsName1\")][contains(text(), \"WebdriverSite7bic5\")]"}
RESULT: {"using":"xpath","value":"//span[contains(@id ,\"application-addressmanagement-display-component---detailAdm--addressDetailDetailsName1\")][contains(text(), \"WebdriverSite7bic5\")]"}
COMMAND: POST /session/a36c3528002682410c6a9609e98db4f7/execute/sync - {"script":"<script> [8489 bytes]","args":[{"element-6066-11e4-a52e-4f735466cecf":"f.7289231BEAD79D5ECA246980A5680317.d.8608731172A3D3C97F495A9BDA355CCA.e.4779","ELEMENT":"f.7289231BEAD79D5ECA246980A5680317.d.8608731172A3D3C97F495A9BDA355CCA.e.4779"}]}
RESULT: undefined
COMMAND: POST /session/a36c3528002682410c6a9609e98db4f7/element - {"using":"xpath","value":"//*[@id=\"backBtn\"]"}
RESULT: {"script":"<script> [8489 bytes]","args":[{"element-6066-11e4-a52e-4f735466cecf":"f.7289231BEAD79D5ECA246980A5680317.d.8608731172A3D3C97F495A9BDA355CCA.e.4779","ELEMENT":"f.7289231BEAD79D5ECA246980A5680317.d.8608731172A3D3C97F495A9BDA355CCA.e.4779"}]}
COMMAND: GET /session/a36c3528002682410c6a9609e98db4f7/screenshot - {}
RESULT: {"using":"xpath","value":"//*[@id=\"backBtn\"]"}
COMMAND: POST /session/a36c3528002682410c6a9609e98db4f7/element/f.7289231BEAD79D5ECA246980A5680317.d.8608731172A3D3C97F495A9BDA355CCA.e.3208/click - {}
RESULT: {}
RESULT: {}
COMMAND: GET /session/a36c3528002682410c6a9609e98db4f7/screenshot - {}
COMMAND: POST /session/a36c3528002682410c6a9609e98db4f7/element - {"using":"xpath","value":"//*[contains(@data-kt ,\"webshopDetailAddressLink\")]"}
RESULT: {}
RESULT: {"using":"xpath","value":"//*[contains(@data-kt ,\"webshopDetailAddressLink\")]"}
COMMAND: POST /session/a36c3528002682410c6a9609e98db4f7/element/f.7289231BEAD79D5ECA246980A5680317.d.8608731172A3D3C97F495A9BDA355CCA.e.4929/click - {}
RESULT: {}
COMMAND: GET /session/a36c3528002682410c6a9609e98db4f7/screenshot - {}
RESULT: {}
COMMAND: POST /session/a36c3528002682410c6a9609e98db4f7/element - {"using":"xpath","value":"//button[contains(@data-kt ,\"ContextMenuExternalId2Link\")]"}
RESULT: {"using":"xpath","value":"//button[contains(@data-kt ,\"ContextMenuExternalId2Link\")]"}
COMMAND: POST /session/a36c3528002682410c6a9609e98db4f7/element/f.7289231BEAD79D5ECA246980A5680317.d.8608731172A3D3C97F495A9BDA355CCA.e.4931/click - {}
RESULT: {}
COMMAND: GET /session/a36c3528002682410c6a9609e98db4f7/screenshot - {}
RESULT: {}
COMMAND: GET /session/a36c3528002682410c6a9609e98db4f7/window/handles - {}
RESULT: {}
COMMAND: POST /session/a36c3528002682410c6a9609e98db4f7/window - {"handle":"EB5F7433BD632226DFBF0419AE18A53F"}
RESULT: {"handle":"EB5F7433BD632226DFBF0419AE18A53F"}
COMMAND: GET /session/a36c3528002682410c6a9609e98db4f7/url - {}
RESULT: {}
COMMAND: GET /session/a36c3528002682410c6a9609e98db4f7/screenshot - {}
RESULT: {}
COMMAND: POST /session/a36c3528002682410c6a9609e98db4f7/execute/sync - {"script":"<script> [8489 bytes]","args":[{"element-6066-11e4-a52e-4f735466cecf":"f.7289231BEAD79D5ECA246980A5680317.d.8608731172A3D3C97F495A9BDA355CCA.e.4779","ELEMENT":"f.7289231BEAD79D5ECA246980A5680317.d.8608731172A3D3C97F495A9BDA355CCA.e.4779"}]}
COMMAND: DELETE /session/a36c3528002682410c6a9609e98db4f7/window - {}
RESULT: {}
COMMAND: POST /session/a36c3528002682410c6a9609e98db4f7/window - {"handle":"7289231BEAD79D5ECA246980A5680317"}
RESULT: {"handle":"7289231BEAD79D5ECA246980A5680317"}
COMMAND: GET /session/a36c3528002682410c6a9609e98db4f7/url - {}
COMMAND: POST /session/a36c3528002682410c6a9609e98db4f7/element - {"using":"xpath","value":"//span[contains(@id ,\"application-addressmanagement-display-component---detailAdm--addressDetailDetailsName1\")][contains(text(), \"WebdriverSite7bic5\")]"}
RESULT: {}
COMMAND: GET /session/a36c3528002682410c6a9609e98db4f7/screenshot - {}
RESULT: {"using":"xpath","value":"//span[contains(@id ,\"application-addressmanagement-display-component---detailAdm--addressDetailDetailsName1\")][contains(text(), \"WebdriverSite7bic5\")]"}
COMMAND: POST /session/a36c3528002682410c6a9609e98db4f7/element - {"using":"xpath","value":"//span[contains(@id ,\"application-addressmanagement-display-component---detailAdm--addressDetailDetailsName1\")][contains(text(), \"WebdriverSite7bic5\")]"}
RESULT: {}
RESULT: {"using":"xpath","value":"//span[contains(@id ,\"application-addressmanagement-display-component---detailAdm--addressDetailDetailsName1\")][contains(text(), \"WebdriverSite7bic5\")]"}
COMMAND: POST /session/a36c3528002682410c6a9609e98db4f7/element - {"using":"xpath","value":"//span[contains(@id ,\"application-addressmanagement-display-component---detailAdm--addressDetailDetailsName1\")][contains(text(), \"WebdriverSite7bic5\")]"}
RESULT: {"using":"xpath","value":"//span[contains(@id ,\"application-addressmanagement-display-component---detailAdm--addressDetailDetailsName1\")][contains(text(), \"WebdriverSite7bic5\")]"}
COMMAND: POST /session/a36c3528002682410c6a9609e98db4f7/element - {"using":"xpath","value":"//span[contains(@id ,\"application-addressmanagement-display-component---detailAdm--addressDetailDetailsName1\")][contains(text(), \"WebdriverSite7bic5\")]"}
RESULT: {"using":"xpath","value":"//span[contains(@id ,\"application-addressmanagement-display-component---detailAdm--addressDetailDetailsName1\")][contains(text(), \"WebdriverSite7bic5\")]"}
COMMAND: POST /session/a36c3528002682410c6a9609e98db4f7/element - {"using":"xpath","value":"//span[contains(@id ,\"application-addressmanagement-display-component---detailAdm--addressDetailDetailsName1\")][contains(text(), \"WebdriverSite7bic5\")]"}
RESULT: {"using":"xpath","value":"//span[contains(@id ,\"application-addressmanagement-display-component---detailAdm--addressDetailDetailsName1\")][contains(text(), \"WebdriverSite7bic5\")]"}
COMMAND: POST /session/a36c3528002682410c6a9609e98db4f7/element - {"using":"xpath","value":"//span[contains(@id ,\"application-addressmanagement-display-component---detailAdm--addressDetailDetailsName1\")][contains(text(), \"WebdriverSite7bic5\")]"}
RESULT: {"using":"xpath","value":"//span[contains(@id ,\"application-addressmanagement-display-component---detailAdm--addressDetailDetailsName1\")][contains(text(), \"WebdriverSite7bic5\")]"}
COMMAND: POST /session/a36c3528002682410c6a9609e98db4f7/element - {"using":"xpath","value":"//span[contains(@id ,\"application-addressmanagement-display-component---detailAdm--addressDetailDetailsName1\")][contains(text(), \"WebdriverSite7bic5\")]"}
COMMAND: POST /session/a36c3528002682410c6a9609e98db4f7/element - {"using":"xpath","value":"//*[contains(@data-kt ,\"webshopDetailCustomerLink\")]"}
RESULT: {"using":"xpath","value":"//span[contains(@id ,\"application-addressmanagement-display-component---detailAdm--addressDetailDetailsName1\")][contains(text(), \"WebdriverSite7bic5\")]"}
RESULT: {"using":"xpath","value":"//*[contains(@data-kt ,\"webshopDetailCustomerLink\")]"}
COMMAND: POST /session/a36c3528002682410c6a9609e98db4f7/element/f.7289231BEAD79D5ECA246980A5680317.d.8608731172A3D3C97F495A9BDA355CCA.e.4938/click - {}
RESULT: {}
COMMAND: GET /session/a36c3528002682410c6a9609e98db4f7/screenshot - {}
COMMAND: POST /session/a36c3528002682410c6a9609e98db4f7/element - {"using":"xpath","value":"//span[contains(@id ,\"application-addressmanagement-display-component---detailAdm--addressDetailDetailsName1\")][contains(text(), \"WebdriverSite7bic5\")]"}
RESULT: {}
RESULT: {"using":"xpath","value":"//span[contains(@id ,\"application-addressmanagement-display-component---detailAdm--addressDetailDetailsName1\")][contains(text(), \"WebdriverSite7bic5\")]"}
COMMAND: POST /session/a36c3528002682410c6a9609e98db4f7/element - {"using":"xpath","value":"//span[contains(@id ,\"application-addressmanagement-display-component---detailAdm--addressDetailDetailsName1\")][contains(text(), \"WebdriverSite7bic5\")]"}
RESULT: {"using":"xpath","value":"//span[contains(@id ,\"application-addressmanagement-display-component---detailAdm--addressDetailDetailsName1\")][contains(text(), \"WebdriverSite7bic5\")]"}
COMMAND: POST /session/a36c3528002682410c6a9609e98db4f7/element - {"using":"xpath","value":"//span[contains(@id ,\"application-addressmanagement-display-component---detailAdm--addressDetailDetailsName1\")][contains(text(), \"WebdriverSite7bic5\")]"}
RESULT: {"using":"xpath","value":"//span[contains(@id ,\"application-addressmanagement-display-component---detailAdm--addressDetailDetailsName1\")][contains(text(), \"WebdriverSite7bic5\")]"}
COMMAND: POST /session/a36c3528002682410c6a9609e98db4f7/element - {"using":"xpath","value":"//span[contains(@id ,\"application-addressmanagement-display-component---detailAdm--addressDetailDetailsName1\")][contains(text(), \"WebdriverSite7bic5\")]"}
RESULT: {"using":"xpath","value":"//span[contains(@id ,\"application-addressmanagement-display-component---detailAdm--addressDetailDetailsName1\")][contains(text(), \"WebdriverSite7bic5\")]"}
COMMAND: POST /session/a36c3528002682410c6a9609e98db4f7/element - {"using":"xpath","value":"//*[contains(@data-kt ,\"ContextMenuId2Link\")][contains(text(), \"Partner Overview\")]"}
RESULT: {"using":"xpath","value":"//*[contains(@data-kt ,\"ContextMenuId2Link\")][contains(text(), \"Partner Overview\")]"}
COMMAND: POST /session/a36c3528002682410c6a9609e98db4f7/execute/sync - {"script":"<script> [8489 bytes]","args":[{"element-6066-11e4-a52e-4f735466cecf":"f.7289231BEAD79D5ECA246980A5680317.d.8608731172A3D3C97F495A9BDA355CCA.e.4940","ELEMENT":"f.7289231BEAD79D5ECA246980A5680317.d.8608731172A3D3C97F495A9BDA355CCA.e.4940"}]}
COMMAND: POST /session/a36c3528002682410c6a9609e98db4f7/element - {"using":"xpath","value":"//*[contains(@data-kt ,\"ContextMenuId2Link\")][contains(text(), \"Partner Overview\")]"}
RESULT: {"script":"<script> [8489 bytes]","args":[{"element-6066-11e4-a52e-4f735466cecf":"f.7289231BEAD79D5ECA246980A5680317.d.8608731172A3D3C97F495A9BDA355CCA.e.4940","ELEMENT":"f.7289231BEAD79D5ECA246980A5680317.d.8608731172A3D3C97F495A9BDA355CCA.e.4940"}]}
COMMAND: GET /session/a36c3528002682410c6a9609e98db4f7/screenshot - {}
RESULT: {"using":"xpath","value":"//*[contains(@data-kt ,\"ContextMenuId2Link\")][contains(text(), \"Partner Overview\")]"}
COMMAND: POST /session/a36c3528002682410c6a9609e98db4f7/element/f.7289231BEAD79D5ECA246980A5680317.d.8608731172A3D3C97F495A9BDA355CCA.e.4940/click - {}
RESULT: {}
COMMAND: POST /session/a36c3528002682410c6a9609e98db4f7/element - {"using":"xpath","value":"//span[contains(@id ,\"application-addressmanagement-display-component---detailAdm--addressDetailDetailsName1\")][contains(text(), \"WebdriverSite7bic5\")]"}
RESULT: {}
COMMAND: GET /session/a36c3528002682410c6a9609e98db4f7/screenshot - {}
RESULT: {"using":"xpath","value":"//span[contains(@id ,\"application-addressmanagement-display-component---detailAdm--addressDetailDetailsName1\")][contains(text(), \"WebdriverSite7bic5\")]"}
COMMAND: POST /session/a36c3528002682410c6a9609e98db4f7/element - {"using":"xpath","value":"//span[contains(@id ,\"application-addressmanagement-display-component---detailAdm--addressDetailDetailsName1\")][contains(text(), \"WebdriverSite7bic5\")]"}
RESULT: {}
RESULT: {"using":"xpath","value":"//span[contains(@id ,\"application-addressmanagement-display-component---detailAdm--addressDetailDetailsName1\")][contains(text(), \"WebdriverSite7bic5\")]"}
COMMAND: POST /session/a36c3528002682410c6a9609e98db4f7/element - {"using":"xpath","value":"//span[contains(@id ,\"application-addressmanagement-display-component---detailAdm--addressDetailDetailsName1\")][contains(text(), \"WebdriverSite7bic5\")]"}
RESULT: {"using":"xpath","value":"//span[contains(@id ,\"application-addressmanagement-display-component---detailAdm--addressDetailDetailsName1\")][contains(text(), \"WebdriverSite7bic5\")]"}
COMMAND: POST /session/a36c3528002682410c6a9609e98db4f7/element - {"using":"xpath","value":"//span[contains(@id ,\"application-addressmanagement-display-component---detailAdm--addressDetailDetailsName1\")][contains(text(), \"WebdriverSite7bic5\")]"}
RESULT: {"using":"xpath","value":"//span[contains(@id ,\"application-addressmanagement-display-component---detailAdm--addressDetailDetailsName1\")][contains(text(), \"WebdriverSite7bic5\")]"}
COMMAND: POST /session/a36c3528002682410c6a9609e98db4f7/element - {"using":"xpath","value":"//span[contains(@id ,\"application-addressmanagement-display-component---detailAdm--addressDetailDetailsName1\")][contains(text(), \"WebdriverSite7bic5\")]"}
RESULT: {"using":"xpath","value":"//span[contains(@id ,\"application-addressmanagement-display-component---detailAdm--addressDetailDetailsName1\")][contains(text(), \"WebdriverSite7bic5\")]"}
COMMAND: POST /session/a36c3528002682410c6a9609e98db4f7/element - {"using":"xpath","value":"//span[contains(@id ,\"application-addressmanagement-display-component---detailAdm--addressDetailDetailsName1\")][contains(text(), \"WebdriverSite7bic5\")]"}
RESULT: {"using":"xpath","value":"//span[contains(@id ,\"application-addressmanagement-display-component---detailAdm--addressDetailDetailsName1\")][contains(text(), \"WebdriverSite7bic5\")]"}
COMMAND: POST /session/a36c3528002682410c6a9609e98db4f7/element - {"using":"xpath","value":"//span[contains(@id ,\"application-addressmanagement-display-component---detailAdm--addressDetailDetailsName1\")][contains(text(), \"WebdriverSite7bic5\")]"}
RESULT: undefined
COMMAND: POST /session/a36c3528002682410c6a9609e98db4f7/execute/async - {"script":"<script> [6424 bytes]","args":[{"element-6066-11e4-a52e-4f735466cecf":"f.7289231BEAD79D5ECA246980A5680317.d.8608731172A3D3C97F495A9BDA355CCA.e.3206"},"getTitle",[]]}
RESULT: {"using":"xpath","value":"//span[contains(@id ,\"application-addressmanagement-display-component---detailAdm--addressDetailDetailsName1\")][contains(text(), \"WebdriverSite7bic5\")]"}
COMMAND: POST /session/a36c3528002682410c6a9609e98db4f7/execute/async - {"script":"<script> [1562 bytes]","args":[{"selector":{"id":"shellAppTitle"},"wdio_ui5_key":"shellAppTitle"}]}
COMMAND: POST /session/a36c3528002682410c6a9609e98db4f7/element - {"using":"xpath","value":"//span[contains(@id ,\"application-addressmanagement-display-component---detailAdm--addressDetailDetailsName1\")][contains(text(), \"WebdriverSite7bic5\")]"}
RESULT: {"script":"<script> [1562 bytes]","args":[{"selector":{"id":"shellAppTitle"},"wdio_ui5_key":"shellAppTitle"}]}
COMMAND: POST /session/a36c3528002682410c6a9609e98db4f7/execute/async - {"script":"<script> [6424 bytes]","args":[{"element-6066-11e4-a52e-4f735466cecf":"f.7289231BEAD79D5ECA246980A5680317.d.8608731172A3D3C97F495A9BDA355CCA.e.5176"},"getTitle",[]]}
RESULT: {"using":"xpath","value":"//span[contains(@id ,\"application-addressmanagement-display-component---detailAdm--addressDetailDetailsName1\")][contains(text(), \"WebdriverSite7bic5\")]"}
RESULT: {"script":"<script> [6424 bytes]","args":[{"element-6066-11e4-a52e-4f735466cecf":"f.7289231BEAD79D5ECA246980A5680317.d.8608731172A3D3C97F495A9BDA355CCA.e.5176"},"getTitle",[]]}
COMMAND: POST /session/a36c3528002682410c6a9609e98db4f7/element - {"using":"xpath","value":"//span[contains(@id ,\"title\")][contains(text(), \"WebdriverPartnerloo96l\")]"}
RESULT: {"using":"xpath","value":"//span[contains(@id ,\"title\")][contains(text(), \"WebdriverPartnerloo96l\")]"}
COMMAND: POST /session/a36c3528002682410c6a9609e98db4f7/execute/sync - {"script":"<script> [8489 bytes]","args":[{"element-6066-11e4-a52e-4f735466cecf":"f.7289231BEAD79D5ECA246980A5680317.d.8608731172A3D3C97F495A9BDA355CCA.e.5177","ELEMENT":"f.7289231BEAD79D5ECA246980A5680317.d.8608731172A3D3C97F495A9BDA355CCA.e.5177"}]}
RESULT: undefined
COMMAND: POST /session/a36c3528002682410c6a9609e98db4f7/element - {"using":"xpath","value":"//*[@id=\"backBtn\"]"}
COMMAND: POST /session/a36c3528002682410c6a9609e98db4f7/element - {"using":"xpath","value":"//span[contains(@id ,\"application-addressmanagement-display-component---detailAdm--addressDetailDetailsName1\")][contains(text(), \"WebdriverSite7bic5\")]"}
RESULT: {"script":"<script> [8489 bytes]","args":[{"element-6066-11e4-a52e-4f735466cecf":"f.7289231BEAD79D5ECA246980A5680317.d.8608731172A3D3C97F495A9BDA355CCA.e.5177","ELEMENT":"f.7289231BEAD79D5ECA246980A5680317.d.8608731172A3D3C97F495A9BDA355CCA.e.5177"}]}
COMMAND: GET /session/a36c3528002682410c6a9609e98db4f7/screenshot - {}
RESULT: {"using":"xpath","value":"//*[@id=\"backBtn\"]"}
COMMAND: POST /session/a36c3528002682410c6a9609e98db4f7/element/f.7289231BEAD79D5ECA246980A5680317.d.8608731172A3D3C97F495A9BDA355CCA.e.3208/click - {}
RESULT: {"using":"xpath","value":"//span[contains(@id ,\"application-addressmanagement-display-component---detailAdm--addressDetailDetailsName1\")][contains(text(), \"WebdriverSite7bic5\")]"}
RESULT: {}
COMMAND: POST /session/a36c3528002682410c6a9609e98db4f7/execute/sync - {"script":"<script> [8489 bytes]","args":[{"element-6066-11e4-a52e-4f735466cecf":"f.7289231BEAD79D5ECA246980A5680317.d.8608731172A3D3C97F495A9BDA355CCA.e.5177","ELEMENT":"f.7289231BEAD79D5ECA246980A5680317.d.8608731172A3D3C97F495A9BDA355CCA.e.5177"}]}
COMMAND: POST /session/a36c3528002682410c6a9609e98db4f7/element - {"using":"xpath","value":"//span[contains(@id ,\"application-addressmanagement-display-component---detailAdm--addressDetailDetailsName1\")][contains(text(), \"WebdriverSite7bic5\")]"}
RESULT: {}
COMMAND: GET /session/a36c3528002682410c6a9609e98db4f7/screenshot - {}
COMMAND: POST /session/a36c3528002682410c6a9609e98db4f7/element - {"using":"xpath","value":"//span[contains(@id ,\"title\")][contains(text(), \"WebdriverPartnerloo96l\")]"}
RESULT: {"using":"xpath","value":"//span[contains(@id ,\"application-addressmanagement-display-component---detailAdm--addressDetailDetailsName1\")][contains(text(), \"WebdriverSite7bic5\")]"}
RESULT: {}
RESULT: {"using":"xpath","value":"//span[contains(@id ,\"title\")][contains(text(), \"WebdriverPartnerloo96l\")]"}
COMMAND: POST /session/a36c3528002682410c6a9609e98db4f7/element - {"using":"xpath","value":"//span[contains(@id ,\"title\")][contains(text(), \"WebdriverPartnerloo96l\")]"}
RESULT: {"using":"xpath","value":"//span[contains(@id ,\"title\")][contains(text(), \"WebdriverPartnerloo96l\")]"}
COMMAND: POST /session/a36c3528002682410c6a9609e98db4f7/element - {"using":"xpath","value":"//span[contains(@id ,\"application-addressmanagement-display-component---detailAdm--addressDetailDetailsName1\")][contains(text(), \"WebdriverSite7bic5\")]"}
RESULT: {"using":"xpath","value":"//span[contains(@id ,\"application-addressmanagement-display-component---detailAdm--addressDetailDetailsName1\")][contains(text(), \"WebdriverSite7bic5\")]"}
COMMAND: POST /session/a36c3528002682410c6a9609e98db4f7/element - {"using":"xpath","value":"//span[contains(@id ,\"title\")][contains(text(), \"WebdriverPartnerloo96l\")]"}
RESULT: {"using":"xpath","value":"//span[contains(@id ,\"title\")][contains(text(), \"WebdriverPartnerloo96l\")]"}
COMMAND: POST /session/a36c3528002682410c6a9609e98db4f7/element - {"using":"xpath","value":"//span[contains(@id ,\"application-addressmanagement-display-component---detailAdm--addressDetailDetailsName1\")][contains(text(), \"WebdriverSite7bic5\")]"}
RESULT: {"using":"xpath","value":"//span[contains(@id ,\"application-addressmanagement-display-component---detailAdm--addressDetailDetailsName1\")][contains(text(), \"WebdriverSite7bic5\")]"}
COMMAND: POST /session/a36c3528002682410c6a9609e98db4f7/element - {"using":"xpath","value":"//span[contains(@id ,\"title\")][contains(text(), \"WebdriverPartnerloo96l\")]"}
COMMAND: POST /session/a36c3528002682410c6a9609e98db4f7/element - {"using":"xpath","value":"//span[contains(@id ,\"application-addressmanagement-display-component---detailAdm--addressDetailDetailsName1\")][contains(text(), \"WebdriverSite7bic5\")]"}
RESULT: {"using":"xpath","value":"//span[contains(@id ,\"title\")][contains(text(), \"WebdriverPartnerloo96l\")]"}
RESULT: {"using":"xpath","value":"//span[contains(@id ,\"application-addressmanagement-display-component---detailAdm--addressDetailDetailsName1\")][contains(text(), \"WebdriverSite7bic5\")]"}
COMMAND: POST /session/a36c3528002682410c6a9609e98db4f7/element - {"using":"xpath","value":"//span[contains(@id ,\"title\")][contains(text(), \"WebdriverPartnerloo96l\")]"}
COMMAND: POST /session/a36c3528002682410c6a9609e98db4f7/element - {"using":"xpath","value":"//span[contains(@id ,\"application-addressmanagement-display-component---detailAdm--addressDetailDetailsName1\")][contains(text(), \"WebdriverSite7bic5\")]"}
RESULT: {"using":"xpath","value":"//span[contains(@id ,\"title\")][contains(text(), \"WebdriverPartnerloo96l\")]"}
RESULT: {"using":"xpath","value":"//span[contains(@id ,\"application-addressmanagement-display-component---detailAdm--addressDetailDetailsName1\")][contains(text(), \"WebdriverSite7bic5\")]"}
COMMAND: POST /session/a36c3528002682410c6a9609e98db4f7/element - {"using":"xpath","value":"//span[contains(@id ,\"title\")][contains(text(), \"WebdriverPartnerloo96l\")]"}
RESULT: {"using":"xpath","value":"//span[contains(@id ,\"title\")][contains(text(), \"WebdriverPartnerloo96l\")]"}
COMMAND: POST /session/a36c3528002682410c6a9609e98db4f7/element - {"using":"xpath","value":"//span[contains(@id ,\"application-addressmanagement-display-component---detailAdm--addressDetailDetailsName1\")][contains(text(), \"WebdriverSite7bic5\")]"}
RESULT: {"using":"xpath","value":"//span[contains(@id ,\"application-addressmanagement-display-component---detailAdm--addressDetailDetailsName1\")][contains(text(), \"WebdriverSite7bic5\")]"}
COMMAND: POST /session/a36c3528002682410c6a9609e98db4f7/element - {"using":"xpath","value":"//span[contains(@id ,\"title\")][contains(text(), \"WebdriverPartnerloo96l\")]"}
COMMAND: POST /session/a36c3528002682410c6a9609e98db4f7/element - {"using":"xpath","value":"//span[contains(@id ,\"application-addressmanagement-display-component---detailAdm--addressDetailDetailsName1\")][contains(text(), \"WebdriverSite7bic5\")]"}
RESULT: {"using":"xpath","value":"//span[contains(@id ,\"title\")][contains(text(), \"WebdriverPartnerloo96l\")]"}
RESULT: {"using":"xpath","value":"//span[contains(@id ,\"application-addressmanagement-display-component---detailAdm--addressDetailDetailsName1\")][contains(text(), \"WebdriverSite7bic5\")]"}
COMMAND: POST /session/a36c3528002682410c6a9609e98db4f7/element - {"using":"xpath","value":"//span[contains(@id ,\"title\")][contains(text(), \"WebdriverPartnerloo96l\")]"}
COMMAND: POST /session/a36c3528002682410c6a9609e98db4f7/element - {"using":"xpath","value":"//span[contains(@id ,\"application-addressmanagement-display-component---detailAdm--addressDetailDetailsName1\")][contains(text(), \"WebdriverSite7bic5\")]"}
RESULT: {"using":"xpath","value":"//span[contains(@id ,\"title\")][contains(text(), \"WebdriverPartnerloo96l\")]"}
RESULT: {"using":"xpath","value":"//span[contains(@id ,\"application-addressmanagement-display-component---detailAdm--addressDetailDetailsName1\")][contains(text(), \"WebdriverSite7bic5\")]"}
COMMAND: POST /session/a36c3528002682410c6a9609e98db4f7/element - {"using":"xpath","value":"//span[contains(@id ,\"title\")][contains(text(), \"WebdriverPartnerloo96l\")]"}
COMMAND: POST /session/a36c3528002682410c6a9609e98db4f7/element - {"using":"xpath","value":"//span[contains(@id ,\"application-addressmanagement-display-component---detailAdm--addressDetailDetailsName1\")][contains(text(), \"WebdriverSite7bic5\")]"}
RESULT: {"using":"xpath","value":"//span[contains(@id ,\"title\")][contains(text(), \"WebdriverPartnerloo96l\")]"}
RESULT: {"using":"xpath","value":"//span[contains(@id ,\"application-addressmanagement-display-component---detailAdm--addressDetailDetailsName1\")][contains(text(), \"WebdriverSite7bic5\")]"}
COMMAND: POST /session/a36c3528002682410c6a9609e98db4f7/element - {"using":"xpath","value":"//span[contains(@id ,\"title\")][contains(text(), \"WebdriverPartnerloo96l\")]"}
COMMAND: POST /session/a36c3528002682410c6a9609e98db4f7/element - {"using":"xpath","value":"//span[contains(@id ,\"application-addressmanagement-display-component---detailAdm--addressDetailDetailsName1\")][contains(text(), \"WebdriverSite7bic5\")]"}
RESULT: {"using":"xpath","value":"//span[contains(@id ,\"title\")][contains(text(), \"WebdriverPartnerloo96l\")]"}
RESULT: {"using":"xpath","value":"//span[contains(@id ,\"application-addressmanagement-display-component---detailAdm--addressDetailDetailsName1\")][contains(text(), \"WebdriverSite7bic5\")]"}
COMMAND: POST /session/a36c3528002682410c6a9609e98db4f7/element - {"using":"xpath","value":"//span[contains(@id ,\"title\")][contains(text(), \"WebdriverPartnerloo96l\")]"}
COMMAND: POST /session/a36c3528002682410c6a9609e98db4f7/element - {"using":"xpath","value":"//span[contains(@id ,\"application-addressmanagement-display-component---detailAdm--addressDetailDetailsName1\")][contains(text(), \"WebdriverSite7bic5\")]"}
RESULT: {"using":"xpath","value":"//span[contains(@id ,\"title\")][contains(text(), \"WebdriverPartnerloo96l\")]"}
RESULT: {"using":"xpath","value":"//span[contains(@id ,\"application-addressmanagement-display-component---detailAdm--addressDetailDetailsName1\")][contains(text(), \"WebdriverSite7bic5\")]"}
COMMAND: POST /session/a36c3528002682410c6a9609e98db4f7/element - {"using":"xpath","value":"//span[contains(@id ,\"title\")][contains(text(), \"WebdriverPartnerloo96l\")]"}
COMMAND: POST /session/a36c3528002682410c6a9609e98db4f7/element - {"using":"xpath","value":"//span[contains(@id ,\"application-addressmanagement-display-component---detailAdm--addressDetailDetailsName1\")][contains(text(), \"WebdriverSite7bic5\")]"}
RESULT: {"using":"xpath","value":"//span[contains(@id ,\"title\")][contains(text(), \"WebdriverPartnerloo96l\")]"}
RESULT: {"using":"xpath","value":"//span[contains(@id ,\"application-addressmanagement-display-component---detailAdm--addressDetailDetailsName1\")][contains(text(), \"WebdriverSite7bic5\")]"}
COMMAND: POST /session/a36c3528002682410c6a9609e98db4f7/element - {"using":"xpath","value":"//span[contains(@id ,\"title\")][contains(text(), \"WebdriverPartnerloo96l\")]"}
COMMAND: POST /session/a36c3528002682410c6a9609e98db4f7/element - {"using":"xpath","value":"//span[contains(@id ,\"application-addressmanagement-display-component---detailAdm--addressDetailDetailsName1\")][contains(text(), \"WebdriverSite7bic5\")]"}
RESULT: {"using":"xpath","value":"//span[contains(@id ,\"title\")][contains(text(), \"WebdriverPartnerloo96l\")]"}
RESULT: {"using":"xpath","value":"//span[contains(@id ,\"application-addressmanagement-display-component---detailAdm--addressDetailDetailsName1\")][contains(text(), \"WebdriverSite7bic5\")]"}
COMMAND: POST /session/a36c3528002682410c6a9609e98db4f7/element - {"using":"xpath","value":"//span[contains(@id ,\"title\")][contains(text(), \"WebdriverPartnerloo96l\")]"}
COMMAND: POST /session/a36c3528002682410c6a9609e98db4f7/element - {"using":"xpath","value":"//span[contains(@id ,\"application-addressmanagement-display-component---detailAdm--addressDetailDetailsName1\")][contains(text(), \"WebdriverSite7bic5\")]"}
RESULT: {"using":"xpath","value":"//span[contains(@id ,\"title\")][contains(text(), \"WebdriverPartnerloo96l\")]"}
RESULT: {"using":"xpath","value":"//span[contains(@id ,\"application-addressmanagement-display-component---detailAdm--addressDetailDetailsName1\")][contains(text(), \"WebdriverSite7bic5\")]"}
COMMAND: POST /session/a36c3528002682410c6a9609e98db4f7/element - {"using":"xpath","value":"//span[contains(@id ,\"title\")][contains(text(), \"WebdriverPartnerloo96l\")]"}
RESULT: {"using":"xpath","value":"//span[contains(@id ,\"title\")][contains(text(), \"WebdriverPartnerloo96l\")]"}
COMMAND: POST /session/a36c3528002682410c6a9609e98db4f7/element - {"using":"xpath","value":"//span[contains(@id ,\"application-addressmanagement-display-component---detailAdm--addressDetailDetailsName1\")][contains(text(), \"WebdriverSite7bic5\")]"}
RESULT: {"using":"xpath","value":"//span[contains(@id ,\"application-addressmanagement-display-component---detailAdm--addressDetailDetailsName1\")][contains(text(), \"WebdriverSite7bic5\")]"}
COMMAND: POST /session/a36c3528002682410c6a9609e98db4f7/element - {"using":"xpath","value":"//span[contains(@id ,\"title\")][contains(text(), \"WebdriverPartnerloo96l\")]"}
COMMAND: POST /session/a36c3528002682410c6a9609e98db4f7/element - {"using":"xpath","value":"//span[contains(@id ,\"application-addressmanagement-display-component---detailAdm--addressDetailDetailsName1\")][contains(text(), \"WebdriverSite7bic5\")]"}
RESULT: {"using":"xpath","value":"//span[contains(@id ,\"title\")][contains(text(), \"WebdriverPartnerloo96l\")]"}
RESULT: {"using":"xpath","value":"//span[contains(@id ,\"application-addressmanagement-display-component---detailAdm--addressDetailDetailsName1\")][contains(text(), \"WebdriverSite7bic5\")]"}
COMMAND: POST /session/a36c3528002682410c6a9609e98db4f7/element - {"using":"xpath","value":"//span[contains(@id ,\"title\")][contains(text(), \"WebdriverPartnerloo96l\")]"}
COMMAND: POST /session/a36c3528002682410c6a9609e98db4f7/element - {"using":"xpath","value":"//span[contains(@id ,\"application-addressmanagement-display-component---detailAdm--addressDetailDetailsName1\")][contains(text(), \"WebdriverSite7bic5\")]"}
RESULT: {"using":"xpath","value":"//span[contains(@id ,\"title\")][contains(text(), \"WebdriverPartnerloo96l\")]"}
RESULT: {"using":"xpath","value":"//span[contains(@id ,\"application-addressmanagement-display-component---detailAdm--addressDetailDetailsName1\")][contains(text(), \"WebdriverSite7bic5\")]"}
COMMAND: POST /session/a36c3528002682410c6a9609e98db4f7/element - {"using":"xpath","value":"//*[contains(@data-kt ,\"webshopDetailCustomerLink\")]"}
RESULT: {"using":"xpath","value":"//*[contains(@data-kt ,\"webshopDetailCustomerLink\")]"}
COMMAND: POST /session/a36c3528002682410c6a9609e98db4f7/element/f.7289231BEAD79D5ECA246980A5680317.d.8608731172A3D3C97F495A9BDA355CCA.e.5346/click - {}
RESULT: {}
COMMAND: GET /session/a36c3528002682410c6a9609e98db4f7/screenshot - {}
COMMAND: POST /session/a36c3528002682410c6a9609e98db4f7/element - {"using":"xpath","value":"//span[contains(@id ,\"title\")][contains(text(), \"WebdriverPartnerloo96l\")]"}
COMMAND: POST /session/a36c3528002682410c6a9609e98db4f7/element - {"using":"xpath","value":"//span[contains(@id ,\"application-addressmanagement-display-component---detailAdm--addressDetailDetailsName1\")][contains(text(), \"WebdriverSite7bic5\")]"}
RESULT: {}
RESULT: {"using":"xpath","value":"//span[contains(@id ,\"title\")][contains(text(), \"WebdriverPartnerloo96l\")]"}
COMMAND: POST /session/a36c3528002682410c6a9609e98db4f7/execute/sync - {"script":"<script> [8489 bytes]","args":[{"element-6066-11e4-a52e-4f735466cecf":"f.7289231BEAD79D5ECA246980A5680317.d.8608731172A3D3C97F495A9BDA355CCA.e.5348","ELEMENT":"f.7289231BEAD79D5ECA246980A5680317.d.8608731172A3D3C97F495A9BDA355CCA.e.5348"}]}
RESULT: {"using":"xpath","value":"//span[contains(@id ,\"application-addressmanagement-display-component---detailAdm--addressDetailDetailsName1\")][contains(text(), \"WebdriverSite7bic5\")]"}
RESULT: {"script":"<script> [8489 bytes]","args":[{"element-6066-11e4-a52e-4f735466cecf":"f.7289231BEAD79D5ECA246980A5680317.d.8608731172A3D3C97F495A9BDA355CCA.e.5348","ELEMENT":"f.7289231BEAD79D5ECA246980A5680317.d.8608731172A3D3C97F495A9BDA355CCA.e.5348"}]}
COMMAND: GET /session/a36c3528002682410c6a9609e98db4f7/screenshot - {}
RESULT: {}
COMMAND: POST /session/a36c3528002682410c6a9609e98db4f7/element - {"using":"xpath","value":"//span[contains(@id ,\"application-addressmanagement-display-component---detailAdm--addressDetailDetailsName1\")][contains(text(), \"WebdriverSite7bic5\")]"}
RESULT: {"using":"xpath","value":"//span[contains(@id ,\"application-addressmanagement-display-component---detailAdm--addressDetailDetailsName1\")][contains(text(), \"WebdriverSite7bic5\")]"}
COMMAND: POST /session/a36c3528002682410c6a9609e98db4f7/element - {"using":"xpath","value":"//span[contains(@id ,\"application-addressmanagement-display-component---detailAdm--addressDetailDetailsName1\")][contains(text(), \"WebdriverSite7bic5\")]"}
RESULT: {"using":"xpath","value":"//span[contains(@id ,\"application-addressmanagement-display-component---detailAdm--addressDetailDetailsName1\")][contains(text(), \"WebdriverSite7bic5\")]"}
COMMAND: POST /session/a36c3528002682410c6a9609e98db4f7/element - {"using":"xpath","value":"//button[contains(@data-kt ,\"ContextMenuExternalId2Link\")]"}
COMMAND: POST /session/a36c3528002682410c6a9609e98db4f7/element - {"using":"xpath","value":"//span[contains(@id ,\"application-addressmanagement-display-component---detailAdm--addressDetailDetailsName1\")][contains(text(), \"WebdriverSite7bic5\")]"}
RESULT: {"using":"xpath","value":"//button[contains(@data-kt ,\"ContextMenuExternalId2Link\")]"}
COMMAND: POST /session/a36c3528002682410c6a9609e98db4f7/element/f.7289231BEAD79D5ECA246980A5680317.d.8608731172A3D3C97F495A9BDA355CCA.e.5347/click - {}
RESULT: {"using":"xpath","value":"//span[contains(@id ,\"application-addressmanagement-display-component---detailAdm--addressDetailDetailsName1\")][contains(text(), \"WebdriverSite7bic5\")]"}
RESULT: {}
COMMAND: GET /session/a36c3528002682410c6a9609e98db4f7/screenshot - {}
COMMAND: POST /session/a36c3528002682410c6a9609e98db4f7/element - {"using":"xpath","value":"//span[contains(@id ,\"application-addressmanagement-display-component---detailAdm--addressDetailDetailsName1\")][contains(text(), \"WebdriverSite7bic5\")]"}
RESULT: {}
RESULT: {"using":"xpath","value":"//span[contains(@id ,\"application-addressmanagement-display-component---detailAdm--addressDetailDetailsName1\")][contains(text(), \"WebdriverSite7bic5\")]"}
COMMAND: POST /session/a36c3528002682410c6a9609e98db4f7/element - {"using":"xpath","value":"//span[contains(@id ,\"application-addressmanagement-display-component---detailAdm--addressDetailDetailsName1\")][contains(text(), \"WebdriverSite7bic5\")]"}
RESULT: {"using":"xpath","value":"//span[contains(@id ,\"application-addressmanagement-display-component---detailAdm--addressDetailDetailsName1\")][contains(text(), \"WebdriverSite7bic5\")]"}
COMMAND: POST /session/a36c3528002682410c6a9609e98db4f7/element - {"using":"xpath","value":"//span[contains(@id ,\"application-addressmanagement-display-component---detailAdm--addressDetailDetailsName1\")][contains(text(), \"WebdriverSite7bic5\")]"}
RESULT: {"using":"xpath","value":"//span[contains(@id ,\"application-addressmanagement-display-component---detailAdm--addressDetailDetailsName1\")][contains(text(), \"WebdriverSite7bic5\")]"}
COMMAND: POST /session/a36c3528002682410c6a9609e98db4f7/element - {"using":"xpath","value":"//span[contains(@id ,\"application-addressmanagement-display-component---detailAdm--addressDetailDetailsName1\")][contains(text(), \"WebdriverSite7bic5\")]"}
RESULT: {"using":"xpath","value":"//span[contains(@id ,\"application-addressmanagement-display-component---detailAdm--addressDetailDetailsName1\")][contains(text(), \"WebdriverSite7bic5\")]"}
COMMAND: GET /session/a36c3528002682410c6a9609e98db4f7/window/handles - {}
RESULT: {}
COMMAND: POST /session/a36c3528002682410c6a9609e98db4f7/window - {"handle":"C8BB7425AC85B491944607F92D66E79E"}
RESULT: {"handle":"C8BB7425AC85B491944607F92D66E79E"}
COMMAND: GET /session/a36c3528002682410c6a9609e98db4f7/url - {}
RESULT: {}
COMMAND: GET /session/a36c3528002682410c6a9609e98db4f7/screenshot - {}
COMMAND: POST /session/a36c3528002682410c6a9609e98db4f7/execute/sync - {"script":"<script> [8489 bytes]","args":[{"element-6066-11e4-a52e-4f735466cecf":"f.7289231BEAD79D5ECA246980A5680317.d.8608731172A3D3C97F495A9BDA355CCA.e.5348","ELEMENT":"f.7289231BEAD79D5ECA246980A5680317.d.8608731172A3D3C97F495A9BDA355CCA.e.5348"}]}
COMMAND: DELETE /session/a36c3528002682410c6a9609e98db4f7/window - {}
RESULT: {}
RESULT: {}
COMMAND: POST /session/a36c3528002682410c6a9609e98db4f7/window - {"handle":"7289231BEAD79D5ECA246980A5680317"}
RESULT: {"handle":"7289231BEAD79D5ECA246980A5680317"}
COMMAND: GET /session/a36c3528002682410c6a9609e98db4f7/url - {}
RESULT: {"script":"<script> [8489 bytes]","args":[{"element-6066-11e4-a52e-4f735466cecf":"f.7289231BEAD79D5ECA246980A5680317.d.8608731172A3D3C97F495A9BDA355CCA.e.5348","ELEMENT":"f.7289231BEAD79D5ECA246980A5680317.d.8608731172A3D3C97F495A9BDA355CCA.e.5348"}]}
RESULT: {}
COMMAND: GET /session/a36c3528002682410c6a9609e98db4f7/screenshot - {}
COMMAND: GET /session/a36c3528002682410c6a9609e98db4f7/screenshot - {}
RESULT: {}
RESULT: {}
COMMAND: POST /session/a36c3528002682410c6a9609e98db4f7/element - {"using":"xpath","value":"//*[contains(@data-kt ,\"webshopDetailContractLink\")]"}
RESULT: {"using":"xpath","value":"//*[contains(@data-kt ,\"webshopDetailContractLink\")]"}
COMMAND: POST /session/a36c3528002682410c6a9609e98db4f7/element/f.7289231BEAD79D5ECA246980A5680317.d.8608731172A3D3C97F495A9BDA355CCA.e.5572/click - {}
RESULT: {}
COMMAND: GET /session/a36c3528002682410c6a9609e98db4f7/screenshot - {}
RESULT: {}
COMMAND: POST /session/a36c3528002682410c6a9609e98db4f7/element - {"using":"xpath","value":"//*[contains(@data-kt ,\"ContextMenuId2Link\")][contains(text(), \"Contract Overview\")]"}
RESULT: {"using":"xpath","value":"//*[contains(@data-kt ,\"ContextMenuId2Link\")][contains(text(), \"Contract Overview\")]"}
COMMAND: POST /session/a36c3528002682410c6a9609e98db4f7/execute/sync - {"script":"<script> [8489 bytes]","args":[{"element-6066-11e4-a52e-4f735466cecf":"f.7289231BEAD79D5ECA246980A5680317.d.8608731172A3D3C97F495A9BDA355CCA.e.5574","ELEMENT":"f.7289231BEAD79D5ECA246980A5680317.d.8608731172A3D3C97F495A9BDA355CCA.e.5574"}]}
COMMAND: POST /session/a36c3528002682410c6a9609e98db4f7/element - {"using":"xpath","value":"//*[contains(@data-kt ,\"ContextMenuId2Link\")][contains(text(), \"Contract Overview\")]"}
RESULT: {"script":"<script> [8489 bytes]","args":[{"element-6066-11e4-a52e-4f735466cecf":"f.7289231BEAD79D5ECA246980A5680317.d.8608731172A3D3C97F495A9BDA355CCA.e.5574","ELEMENT":"f.7289231BEAD79D5ECA246980A5680317.d.8608731172A3D3C97F495A9BDA355CCA.e.5574"}]}
RESULT: {"using":"xpath","value":"//*[contains(@data-kt ,\"ContextMenuId2Link\")][contains(text(), \"Contract Overview\")]"}
COMMAND: POST /session/a36c3528002682410c6a9609e98db4f7/element/f.7289231BEAD79D5ECA246980A5680317.d.8608731172A3D3C97F495A9BDA355CCA.e.5574/click - {}
COMMAND: GET /session/a36c3528002682410c6a9609e98db4f7/screenshot - {}
RESULT: {}
COMMAND: GET /session/a36c3528002682410c6a9609e98db4f7/screenshot - {}
RESULT: {}
RESULT: {}
RESULT: undefined
COMMAND: POST /session/a36c3528002682410c6a9609e98db4f7/execute/async - {"script":"<script> [6424 bytes]","args":[{"element-6066-11e4-a52e-4f735466cecf":"f.7289231BEAD79D5ECA246980A5680317.d.8608731172A3D3C97F495A9BDA355CCA.e.3206"},"getTitle",[]]}
COMMAND: POST /session/a36c3528002682410c6a9609e98db4f7/execute/async - {"script":"<script> [1562 bytes]","args":[{"selector":{"id":"shellAppTitle"},"wdio_ui5_key":"shellAppTitle"}]}
RESULT: {"script":"<script> [1562 bytes]","args":[{"selector":{"id":"shellAppTitle"},"wdio_ui5_key":"shellAppTitle"}]}
COMMAND: POST /session/a36c3528002682410c6a9609e98db4f7/execute/async - {"script":"<script> [6424 bytes]","args":[{"element-6066-11e4-a52e-4f735466cecf":"f.7289231BEAD79D5ECA246980A5680317.d.8608731172A3D3C97F495A9BDA355CCA.e.5791"},"getTitle",[]]}
RESULT: {"script":"<script> [6424 bytes]","args":[{"element-6066-11e4-a52e-4f735466cecf":"f.7289231BEAD79D5ECA246980A5680317.d.8608731172A3D3C97F495A9BDA355CCA.e.5791"},"getTitle",[]]}
COMMAND: POST /session/a36c3528002682410c6a9609e98db4f7/element - {"using":"xpath","value":"//span[contains(@id ,\"contractDetailTitleNoExpanded\")][contains(text(), \"10501\")]"}
RESULT: {"using":"xpath","value":"//span[contains(@id ,\"contractDetailTitleNoExpanded\")][contains(text(), \"10501\")]"}
COMMAND: POST /session/a36c3528002682410c6a9609e98db4f7/execute/sync - {"script":"<script> [8489 bytes]","args":[{"element-6066-11e4-a52e-4f735466cecf":"f.7289231BEAD79D5ECA246980A5680317.d.8608731172A3D3C97F495A9BDA355CCA.e.5792","ELEMENT":"f.7289231BEAD79D5ECA246980A5680317.d.8608731172A3D3C97F495A9BDA355CCA.e.5792"}]}
RESULT: undefined
COMMAND: POST /session/a36c3528002682410c6a9609e98db4f7/element - {"using":"xpath","value":"//*[@id=\"backBtn\"]"}
RESULT: {"script":"<script> [8489 bytes]","args":[{"element-6066-11e4-a52e-4f735466cecf":"f.7289231BEAD79D5ECA246980A5680317.d.8608731172A3D3C97F495A9BDA355CCA.e.5792","ELEMENT":"f.7289231BEAD79D5ECA246980A5680317.d.8608731172A3D3C97F495A9BDA355CCA.e.5792"}]}
COMMAND: GET /session/a36c3528002682410c6a9609e98db4f7/screenshot - {}
RESULT: {"using":"xpath","value":"//*[@id=\"backBtn\"]"}
COMMAND: POST /session/a36c3528002682410c6a9609e98db4f7/element/f.7289231BEAD79D5ECA246980A5680317.d.8608731172A3D3C97F495A9BDA355CCA.e.3208/click - {}
RESULT: {}
RESULT: {}
COMMAND: GET /session/a36c3528002682410c6a9609e98db4f7/screenshot - {}
RESULT: {}
COMMAND: POST /session/a36c3528002682410c6a9609e98db4f7/element - {"using":"xpath","value":"//*[contains(@data-kt ,\"webshopDetailContractLink\")]"}
RESULT: {"using":"xpath","value":"//*[contains(@data-kt ,\"webshopDetailContractLink\")]"}
COMMAND: POST /session/a36c3528002682410c6a9609e98db4f7/element/f.7289231BEAD79D5ECA246980A5680317.d.8608731172A3D3C97F495A9BDA355CCA.e.5945/click - {}
RESULT: {}
COMMAND: GET /session/a36c3528002682410c6a9609e98db4f7/screenshot - {}
RESULT: {}
COMMAND: POST /session/a36c3528002682410c6a9609e98db4f7/element - {"using":"xpath","value":"//button[contains(@data-kt ,\"ContextMenuExternalId2Link\")]"}
RESULT: {"using":"xpath","value":"//button[contains(@data-kt ,\"ContextMenuExternalId2Link\")]"}
COMMAND: POST /session/a36c3528002682410c6a9609e98db4f7/element/f.7289231BEAD79D5ECA246980A5680317.d.8608731172A3D3C97F495A9BDA355CCA.e.5946/click - {}
RESULT: {}
COMMAND: GET /session/a36c3528002682410c6a9609e98db4f7/screenshot - {}
RESULT: {}
COMMAND: GET /session/a36c3528002682410c6a9609e98db4f7/window/handles - {}
RESULT: {}
COMMAND: POST /session/a36c3528002682410c6a9609e98db4f7/window - {"handle":"FF5A80225BCE8BA1AD74790AEB495BB2"}
RESULT: {"handle":"FF5A80225BCE8BA1AD74790AEB495BB2"}
COMMAND: GET /session/a36c3528002682410c6a9609e98db4f7/url - {}
RESULT: {}
COMMAND: GET /session/a36c3528002682410c6a9609e98db4f7/screenshot - {}
RESULT: {}
COMMAND: POST /session/a36c3528002682410c6a9609e98db4f7/execute/sync - {"script":"<script> [8489 bytes]","args":[{"element-6066-11e4-a52e-4f735466cecf":"f.7289231BEAD79D5ECA246980A5680317.d.8608731172A3D3C97F495A9BDA355CCA.e.5792","ELEMENT":"f.7289231BEAD79D5ECA246980A5680317.d.8608731172A3D3C97F495A9BDA355CCA.e.5792"}]}
COMMAND: DELETE /session/a36c3528002682410c6a9609e98db4f7/window - {}
RESULT: {}
COMMAND: POST /session/a36c3528002682410c6a9609e98db4f7/window - {"handle":"7289231BEAD79D5ECA246980A5680317"}
RESULT: {"handle":"7289231BEAD79D5ECA246980A5680317"}
COMMAND: GET /session/a36c3528002682410c6a9609e98db4f7/url - {}
COMMAND: POST /session/a36c3528002682410c6a9609e98db4f7/element - {"using":"xpath","value":"//span[contains(@id ,\"contractDetailTitleNoExpanded\")][contains(text(), \"10501\")]"}
RESULT: {}
COMMAND: GET /session/a36c3528002682410c6a9609e98db4f7/screenshot - {}
RESULT: {"using":"xpath","value":"//span[contains(@id ,\"contractDetailTitleNoExpanded\")][contains(text(), \"10501\")]"}
COMMAND: POST /session/a36c3528002682410c6a9609e98db4f7/element - {"using":"xpath","value":"//span[contains(@id ,\"contractDetailTitleNoExpanded\")][contains(text(), \"10501\")]"}
RESULT: {}
RESULT: {"using":"xpath","value":"//span[contains(@id ,\"contractDetailTitleNoExpanded\")][contains(text(), \"10501\")]"}
COMMAND: POST /session/a36c3528002682410c6a9609e98db4f7/element - {"using":"xpath","value":"//span[contains(@id ,\"contractDetailTitleNoExpanded\")][contains(text(), \"10501\")]"}
RESULT: {"using":"xpath","value":"//span[contains(@id ,\"contractDetailTitleNoExpanded\")][contains(text(), \"10501\")]"}
COMMAND: POST /session/a36c3528002682410c6a9609e98db4f7/element - {"using":"xpath","value":"//span[contains(@id ,\"contractDetailTitleNoExpanded\")][contains(text(), \"10501\")]"}
RESULT: {"using":"xpath","value":"//span[contains(@id ,\"contractDetailTitleNoExpanded\")][contains(text(), \"10501\")]"}
COMMAND: POST /session/a36c3528002682410c6a9609e98db4f7/element - {"using":"xpath","value":"//span[contains(@id ,\"contractDetailTitleNoExpanded\")][contains(text(), \"10501\")]"}
RESULT: {"using":"xpath","value":"//span[contains(@id ,\"contractDetailTitleNoExpanded\")][contains(text(), \"10501\")]"}
COMMAND: POST /session/a36c3528002682410c6a9609e98db4f7/element - {"using":"xpath","value":"//span[contains(@id ,\"contractDetailTitleNoExpanded\")][contains(text(), \"10501\")]"}
RESULT: {"using":"xpath","value":"//span[contains(@id ,\"contractDetailTitleNoExpanded\")][contains(text(), \"10501\")]"}
COMMAND: POST /session/a36c3528002682410c6a9609e98db4f7/element - {"using":"xpath","value":"//span[contains(@id ,\"contractDetailTitleNoExpanded\")][contains(text(), \"10501\")]"}
RESULT: {"using":"xpath","value":"//span[contains(@id ,\"contractDetailTitleNoExpanded\")][contains(text(), \"10501\")]"}
COMMAND: POST /session/a36c3528002682410c6a9609e98db4f7/element - {"using":"xpath","value":"//span[contains(@id ,\"contractDetailTitleNoExpanded\")][contains(text(), \"10501\")]"}
RESULT: {"using":"xpath","value":"//span[contains(@id ,\"contractDetailTitleNoExpanded\")][contains(text(), \"10501\")]"}
COMMAND: POST /session/a36c3528002682410c6a9609e98db4f7/element - {"using":"xpath","value":"//*[contains(@data-kt ,\"webshopDetailCatalogItemLink\")]"}
RESULT: {"using":"xpath","value":"//*[contains(@data-kt ,\"webshopDetailCatalogItemLink\")]"}
COMMAND: POST /session/a36c3528002682410c6a9609e98db4f7/element/f.7289231BEAD79D5ECA246980A5680317.d.8608731172A3D3C97F495A9BDA355CCA.e.6144/click - {}
RESULT: {}
COMMAND: GET /session/a36c3528002682410c6a9609e98db4f7/screenshot - {}
COMMAND: POST /session/a36c3528002682410c6a9609e98db4f7/element - {"using":"xpath","value":"//span[contains(@id ,\"contractDetailTitleNoExpanded\")][contains(text(), \"10501\")]"}
RESULT: {}
RESULT: {"using":"xpath","value":"//span[contains(@id ,\"contractDetailTitleNoExpanded\")][contains(text(), \"10501\")]"}
COMMAND: POST /session/a36c3528002682410c6a9609e98db4f7/element - {"using":"xpath","value":"//span[contains(@id ,\"contractDetailTitleNoExpanded\")][contains(text(), \"10501\")]"}
COMMAND: POST /session/a36c3528002682410c6a9609e98db4f7/element - {"using":"xpath","value":"(//span[contains(text(), \"Dri-Prime CD150M Diesel Pump\")])[2]"}
RESULT: {"using":"xpath","value":"//span[contains(@id ,\"contractDetailTitleNoExpanded\")][contains(text(), \"10501\")]"}
RESULT: {"using":"xpath","value":"(//span[contains(text(), \"Dri-Prime CD150M Diesel Pump\")])[2]"}
COMMAND: POST /session/a36c3528002682410c6a9609e98db4f7/execute/sync - {"script":"<script> [8489 bytes]","args":[{"element-6066-11e4-a52e-4f735466cecf":"f.7289231BEAD79D5ECA246980A5680317.d.8608731172A3D3C97F495A9BDA355CCA.e.6150","ELEMENT":"f.7289231BEAD79D5ECA246980A5680317.d.8608731172A3D3C97F495A9BDA355CCA.e.6150"}]}
COMMAND: POST /session/a36c3528002682410c6a9609e98db4f7/actions - {"actions":[{"id":"action10","type":"key","parameters":{},"actions":[{"type":"keyDown","value":"î€•"},{"type":"pause","duration":10},{"type":"keyUp","value":"î€•"}]}]}
RESULT: {"script":"<script> [8489 bytes]","args":[{"element-6066-11e4-a52e-4f735466cecf":"f.7289231BEAD79D5ECA246980A5680317.d.8608731172A3D3C97F495A9BDA355CCA.e.6150","ELEMENT":"f.7289231BEAD79D5ECA246980A5680317.d.8608731172A3D3C97F495A9BDA355CCA.e.6150"}]}
COMMAND: GET /session/a36c3528002682410c6a9609e98db4f7/screenshot - {}
RESULT: {"actions":[{"id":"action10","type":"key","parameters":{},"actions":[{"type":"keyDown","value":"î€•"},{"type":"pause","duration":10},{"type":"keyUp","value":"î€•"}]}]}
COMMAND: POST /session/a36c3528002682410c6a9609e98db4f7/actions - {"actions":[{"id":"action11","type":"key","parameters":{},"actions":[{"type":"keyDown","value":"î€•"},{"type":"pause","duration":10},{"type":"keyUp","value":"î€•"}]}]}
COMMAND: POST /session/a36c3528002682410c6a9609e98db4f7/element - {"using":"xpath","value":"//span[contains(@id ,\"contractDetailTitleNoExpanded\")][contains(text(), \"10501\")]"}
COMMAND: GET /session/a36c3528002682410c6a9609e98db4f7/screenshot - {}
RESULT: {}
RESULT: {"actions":[{"id":"action11","type":"key","parameters":{},"actions":[{"type":"keyDown","value":"î€•"},{"type":"pause","duration":10},{"type":"keyUp","value":"î€•"}]}]}
COMMAND: POST /session/a36c3528002682410c6a9609e98db4f7/actions - {"actions":[{"id":"action12","type":"key","parameters":{},"actions":[{"type":"keyDown","value":"î€•"},{"type":"pause","duration":10},{"type":"keyUp","value":"î€•"}]}]}
COMMAND: GET /session/a36c3528002682410c6a9609e98db4f7/screenshot - {}
RESULT: {"using":"xpath","value":"//span[contains(@id ,\"contractDetailTitleNoExpanded\")][contains(text(), \"10501\")]"}
RESULT: {}
RESULT: {"actions":[{"id":"action12","type":"key","parameters":{},"actions":[{"type":"keyDown","value":"î€•"},{"type":"pause","duration":10},{"type":"keyUp","value":"î€•"}]}]}
COMMAND: POST /session/a36c3528002682410c6a9609e98db4f7/element - {"using":"xpath","value":"(//textarea[@rows=\"15\"])[1]"}
COMMAND: POST /session/a36c3528002682410c6a9609e98db4f7/element - {"using":"xpath","value":"//span[contains(@id ,\"contractDetailTitleNoExpanded\")][contains(text(), \"10501\")]"}
COMMAND: GET /session/a36c3528002682410c6a9609e98db4f7/screenshot - {}
RESULT: {}
RESULT: {"using":"xpath","value":"//span[contains(@id ,\"contractDetailTitleNoExpanded\")][contains(text(), \"10501\")]"}
RESULT: {"using":"xpath","value":"(//textarea[@rows=\"15\"])[1]"}
COMMAND: POST /session/a36c3528002682410c6a9609e98db4f7/execute/sync - {"script":"<script> [8489 bytes]","args":[{"element-6066-11e4-a52e-4f735466cecf":"f.7289231BEAD79D5ECA246980A5680317.d.8608731172A3D3C97F495A9BDA355CCA.e.6149","ELEMENT":"f.7289231BEAD79D5ECA246980A5680317.d.8608731172A3D3C97F495A9BDA355CCA.e.6149"}]}
RESULT: {}
RESULT: {"script":"<script> [8489 bytes]","args":[{"element-6066-11e4-a52e-4f735466cecf":"f.7289231BEAD79D5ECA246980A5680317.d.8608731172A3D3C97F495A9BDA355CCA.e.6149","ELEMENT":"f.7289231BEAD79D5ECA246980A5680317.d.8608731172A3D3C97F495A9BDA355CCA.e.6149"}]}
COMMAND: GET /session/a36c3528002682410c6a9609e98db4f7/screenshot - {}
COMMAND: POST /session/a36c3528002682410c6a9609e98db4f7/element - {"using":"xpath","value":"//span[contains(@id ,\"contractDetailTitleNoExpanded\")][contains(text(), \"10501\")]"}
RESULT: {}
RESULT: {"using":"xpath","value":"//span[contains(@id ,\"contractDetailTitleNoExpanded\")][contains(text(), \"10501\")]"}
COMMAND: POST /session/a36c3528002682410c6a9609e98db4f7/element - {"using":"xpath","value":"//span[contains(@id ,\"contractDetailTitleNoExpanded\")][contains(text(), \"10501\")]"}
RESULT: {"using":"xpath","value":"//span[contains(@id ,\"contractDetailTitleNoExpanded\")][contains(text(), \"10501\")]"}
COMMAND: POST /session/a36c3528002682410c6a9609e98db4f7/element - {"using":"xpath","value":"//span[contains(@id ,\"contractDetailTitleNoExpanded\")][contains(text(), \"10501\")]"}
RESULT: {"using":"xpath","value":"//span[contains(@id ,\"contractDetailTitleNoExpanded\")][contains(text(), \"10501\")]"}
COMMAND: POST /session/a36c3528002682410c6a9609e98db4f7/element - {"using":"xpath","value":"//span[contains(@id ,\"contractDetailTitleNoExpanded\")][contains(text(), \"10501\")]"}
RESULT: {"using":"xpath","value":"//span[contains(@id ,\"contractDetailTitleNoExpanded\")][contains(text(), \"10501\")]"}
COMMAND: POST /session/a36c3528002682410c6a9609e98db4f7/element - {"using":"xpath","value":"//span[contains(@id ,\"contractDetailTitleNoExpanded\")][contains(text(), \"10501\")]"}
RESULT: {"using":"xpath","value":"//span[contains(@id ,\"contractDetailTitleNoExpanded\")][contains(text(), \"10501\")]"}
COMMAND: POST /session/a36c3528002682410c6a9609e98db4f7/element - {"using":"xpath","value":"//span[contains(@id ,\"contractDetailTitleNoExpanded\")][contains(text(), \"10501\")]"}
RESULT: {"using":"xpath","value":"//span[contains(@id ,\"contractDetailTitleNoExpanded\")][contains(text(), \"10501\")]"}
COMMAND: POST /session/a36c3528002682410c6a9609e98db4f7/element - {"using":"xpath","value":"//span[contains(@id ,\"contractDetailTitleNoExpanded\")][contains(text(), \"10501\")]"}
RESULT: {"using":"xpath","value":"//span[contains(@id ,\"contractDetailTitleNoExpanded\")][contains(text(), \"10501\")]"}
COMMAND: POST /session/a36c3528002682410c6a9609e98db4f7/element - {"using":"xpath","value":"//span[contains(@id ,\"contractDetailTitleNoExpanded\")][contains(text(), \"10501\")]"}
RESULT: {"using":"xpath","value":"//span[contains(@id ,\"contractDetailTitleNoExpanded\")][contains(text(), \"10501\")]"}
COMMAND: POST /session/a36c3528002682410c6a9609e98db4f7/element - {"using":"xpath","value":"//span[contains(@id ,\"contractDetailTitleNoExpanded\")][contains(text(), \"10501\")]"}
RESULT: {"using":"xpath","value":"//span[contains(@id ,\"contractDetailTitleNoExpanded\")][contains(text(), \"10501\")]"}
COMMAND: POST /session/a36c3528002682410c6a9609e98db4f7/execute/async - {"script":"<script> [1562 bytes]","args":[{"selector":{"controlType":"sap.tnt.NavigationListItem","viewName":"etm.portal.ui.webshop.view.RequestDetail","i18NText":{"propertyName":"text","key":"exit"},"interaction":{"idSuffix":"a"}},"wdio_ui5_key":"etmportal.ui.webshop.view.RequestDetailsap.tnt.NavigationListItem{\"propertyName\":\"text\",\"key\":\"exit\"}"}]}
COMMAND: POST /session/a36c3528002682410c6a9609e98db4f7/element - {"using":"xpath","value":"//span[contains(@id ,\"contractDetailTitleNoExpanded\")][contains(text(), \"10501\")]"}
RESULT: {"script":"<script> [1562 bytes]","args":[{"selector":{"controlType":"sap.tnt.NavigationListItem","viewName":"etm.portal.ui.webshop.view.RequestDetail","i18NText":{"propertyName":"text","key":"exit"},"interaction":{"idSuffix":"a"}},"wdio_ui5_key":"etmportal.ui.webshop.view.RequestDetailsap.tnt.NavigationListItem{\"propertyName\":\"text\",\"key\":\"exit\"}"}]}
RESULT: undefined
COMMAND: POST /session/a36c3528002682410c6a9609e98db4f7/element - {"using":"xpath","value":"//*[@id=\"__item3907\"]"}
RESULT: {"using":"xpath","value":"//span[contains(@id ,\"contractDetailTitleNoExpanded\")][contains(text(), \"10501\")]"}
RESULT: {"using":"xpath","value":"//*[@id=\"__item3907\"]"}
COMMAND: POST /session/a36c3528002682410c6a9609e98db4f7/element/f.7289231BEAD79D5ECA246980A5680317.d.8608731172A3D3C97F495A9BDA355CCA.e.6158/click - {}
RESULT: {}
COMMAND: GET /session/a36c3528002682410c6a9609e98db4f7/screenshot - {}
COMMAND: POST /session/a36c3528002682410c6a9609e98db4f7/element - {"using":"xpath","value":"//span[contains(@id ,\"contractDetailTitleNoExpanded\")][contains(text(), \"10501\")]"}
RESULT: {}
RESULT: {"using":"xpath","value":"//span[contains(@id ,\"contractDetailTitleNoExpanded\")][contains(text(), \"10501\")]"}
COMMAND: POST /session/a36c3528002682410c6a9609e98db4f7/element - {"using":"xpath","value":"//span[contains(@id ,\"contractDetailTitleNoExpanded\")][contains(text(), \"10501\")]"}
RESULT: {"using":"xpath","value":"//span[contains(@id ,\"contractDetailTitleNoExpanded\")][contains(text(), \"10501\")]"}
COMMAND: POST /session/a36c3528002682410c6a9609e98db4f7/element - {"using":"xpath","value":"//span[contains(@id ,\"contractDetailTitleNoExpanded\")][contains(text(), \"10501\")]"}
RESULT: {"using":"xpath","value":"//span[contains(@id ,\"contractDetailTitleNoExpanded\")][contains(text(), \"10501\")]"}
COMMAND: POST /session/a36c3528002682410c6a9609e98db4f7/element - {"using":"xpath","value":"//span[contains(@id ,\"contractDetailTitleNoExpanded\")][contains(text(), \"10501\")]"}
RESULT: {"using":"xpath","value":"//span[contains(@id ,\"contractDetailTitleNoExpanded\")][contains(text(), \"10501\")]"}
COMMAND: POST /session/a36c3528002682410c6a9609e98db4f7/element - {"using":"xpath","value":"//span[contains(@id ,\"contractDetailTitleNoExpanded\")][contains(text(), \"10501\")]"}
RESULT: {"using":"xpath","value":"//span[contains(@id ,\"contractDetailTitleNoExpanded\")][contains(text(), \"10501\")]"}
COMMAND: POST /session/a36c3528002682410c6a9609e98db4f7/element - {"using":"xpath","value":"//span[contains(@id ,\"contractDetailTitleNoExpanded\")][contains(text(), \"10501\")]"}
RESULT: {"using":"xpath","value":"//span[contains(@id ,\"contractDetailTitleNoExpanded\")][contains(text(), \"10501\")]"}
COMMAND: POST /session/a36c3528002682410c6a9609e98db4f7/element - {"using":"xpath","value":"//span[contains(@id ,\"contractDetailTitleNoExpanded\")][contains(text(), \"10501\")]"}
RESULT: {"using":"xpath","value":"//span[contains(@id ,\"contractDetailTitleNoExpanded\")][contains(text(), \"10501\")]"}
COMMAND: POST /session/a36c3528002682410c6a9609e98db4f7/element - {"using":"xpath","value":"//span[contains(@id ,\"contractDetailTitleNoExpanded\")][contains(text(), \"10501\")]"}
RESULT: {"using":"xpath","value":"//span[contains(@id ,\"contractDetailTitleNoExpanded\")][contains(text(), \"10501\")]"}
COMMAND: POST /session/a36c3528002682410c6a9609e98db4f7/element - {"using":"xpath","value":"//span[contains(@id ,\"contractDetailTitleNoExpanded\")][contains(text(), \"10501\")]"}
RESULT: {"using":"xpath","value":"//span[contains(@id ,\"contractDetailTitleNoExpanded\")][contains(text(), \"10501\")]"}
COMMAND: POST /session/a36c3528002682410c6a9609e98db4f7/element - {"using":"xpath","value":"//span[contains(@id ,\"contractDetailTitleNoExpanded\")][contains(text(), \"10501\")]"}
RESULT: {"using":"xpath","value":"//span[contains(@id ,\"contractDetailTitleNoExpanded\")][contains(text(), \"10501\")]"}
COMMAND: POST /session/a36c3528002682410c6a9609e98db4f7/element - {"using":"xpath","value":"//span[contains(@id ,\"contractDetailTitleNoExpanded\")][contains(text(), \"10501\")]"}
RESULT: {"using":"xpath","value":"//span[contains(@id ,\"contractDetailTitleNoExpanded\")][contains(text(), \"10501\")]"}
COMMAND: POST /session/a36c3528002682410c6a9609e98db4f7/element - {"using":"xpath","value":"//span[contains(@id ,\"contractDetailTitleNoExpanded\")][contains(text(), \"10501\")]"}
RESULT: {"using":"xpath","value":"//span[contains(@id ,\"contractDetailTitleNoExpanded\")][contains(text(), \"10501\")]"}
COMMAND: POST /session/a36c3528002682410c6a9609e98db4f7/element - {"using":"xpath","value":"//span[contains(@id ,\"contractDetailTitleNoExpanded\")][contains(text(), \"10501\")]"}
RESULT: {"using":"xpath","value":"//span[contains(@id ,\"contractDetailTitleNoExpanded\")][contains(text(), \"10501\")]"}
COMMAND: POST /session/a36c3528002682410c6a9609e98db4f7/element - {"using":"xpath","value":"//span[contains(@id ,\"contractDetailTitleNoExpanded\")][contains(text(), \"10501\")]"}
RESULT: {"using":"xpath","value":"//span[contains(@id ,\"contractDetailTitleNoExpanded\")][contains(text(), \"10501\")]"}
COMMAND: POST /session/a36c3528002682410c6a9609e98db4f7/element - {"using":"xpath","value":"//span[contains(@id ,\"contractDetailTitleNoExpanded\")][contains(text(), \"10501\")]"}
RESULT: {"using":"xpath","value":"//span[contains(@id ,\"contractDetailTitleNoExpanded\")][contains(text(), \"10501\")]"}
COMMAND: POST /session/a36c3528002682410c6a9609e98db4f7/element - {"using":"xpath","value":"//span[contains(@id ,\"contractDetailTitleNoExpanded\")][contains(text(), \"10501\")]"}
RESULT: {"using":"xpath","value":"//span[contains(@id ,\"contractDetailTitleNoExpanded\")][contains(text(), \"10501\")]"}
COMMAND: POST /session/a36c3528002682410c6a9609e98db4f7/element - {"using":"xpath","value":"//span[contains(@id ,\"contractDetailTitleNoExpanded\")][contains(text(), \"10501\")]"}
RESULT: {"using":"xpath","value":"//span[contains(@id ,\"contractDetailTitleNoExpanded\")][contains(text(), \"10501\")]"}
COMMAND: POST /session/a36c3528002682410c6a9609e98db4f7/element - {"using":"xpath","value":"//span[contains(@id ,\"contractDetailTitleNoExpanded\")][contains(text(), \"10501\")]"}
RESULT: {"using":"xpath","value":"//span[contains(@id ,\"contractDetailTitleNoExpanded\")][contains(text(), \"10501\")]"}
COMMAND: POST /session/a36c3528002682410c6a9609e98db4f7/element - {"using":"xpath","value":"//span[contains(@id ,\"contractDetailTitleNoExpanded\")][contains(text(), \"10501\")]"}
RESULT: {"using":"xpath","value":"//span[contains(@id ,\"contractDetailTitleNoExpanded\")][contains(text(), \"10501\")]"}
COMMAND: POST /session/a36c3528002682410c6a9609e98db4f7/element - {"using":"xpath","value":"//span[contains(@id ,\"contractDetailTitleNoExpanded\")][contains(text(), \"10501\")]"}
RESULT: {"using":"xpath","value":"//span[contains(@id ,\"contractDetailTitleNoExpanded\")][contains(text(), \"10501\")]"}
COMMAND: POST /session/a36c3528002682410c6a9609e98db4f7/element - {"using":"xpath","value":"//span[contains(@id ,\"contractDetailTitleNoExpanded\")][contains(text(), \"10501\")]"}
RESULT: {"using":"xpath","value":"//span[contains(@id ,\"contractDetailTitleNoExpanded\")][contains(text(), \"10501\")]"}
COMMAND: POST /session/a36c3528002682410c6a9609e98db4f7/element - {"using":"xpath","value":"//span[contains(@id ,\"contractDetailTitleNoExpanded\")][contains(text(), \"10501\")]"}
RESULT: {"using":"xpath","value":"//span[contains(@id ,\"contractDetailTitleNoExpanded\")][contains(text(), \"10501\")]"}
COMMAND: POST /session/a36c3528002682410c6a9609e98db4f7/element - {"using":"xpath","value":"//span[contains(@id ,\"contractDetailTitleNoExpanded\")][contains(text(), \"10501\")]"}
RESULT: {"using":"xpath","value":"//span[contains(@id ,\"contractDetailTitleNoExpanded\")][contains(text(), \"10501\")]"}
COMMAND: POST /session/a36c3528002682410c6a9609e98db4f7/element - {"using":"xpath","value":"//span[contains(@id ,\"contractDetailTitleNoExpanded\")][contains(text(), \"10501\")]"}
RESULT: {"using":"xpath","value":"//span[contains(@id ,\"contractDetailTitleNoExpanded\")][contains(text(), \"10501\")]"}
COMMAND: POST /session/a36c3528002682410c6a9609e98db4f7/element - {"using":"xpath","value":"//span[contains(@id ,\"contractDetailTitleNoExpanded\")][contains(text(), \"10501\")]"}
RESULT: {"using":"xpath","value":"//span[contains(@id ,\"contractDetailTitleNoExpanded\")][contains(text(), \"10501\")]"}
COMMAND: POST /session/a36c3528002682410c6a9609e98db4f7/element - {"using":"xpath","value":"//span[contains(@id ,\"contractDetailTitleNoExpanded\")][contains(text(), \"10501\")]"}
RESULT: {"using":"xpath","value":"//span[contains(@id ,\"contractDetailTitleNoExpanded\")][contains(text(), \"10501\")]"}
COMMAND: POST /session/a36c3528002682410c6a9609e98db4f7/element - {"using":"xpath","value":"//span[contains(@id ,\"contractDetailTitleNoExpanded\")][contains(text(), \"10501\")]"}
RESULT: {"using":"xpath","value":"//span[contains(@id ,\"contractDetailTitleNoExpanded\")][contains(text(), \"10501\")]"}
COMMAND: POST /session/a36c3528002682410c6a9609e98db4f7/element - {"using":"xpath","value":"//span[contains(@id ,\"contractDetailTitleNoExpanded\")][contains(text(), \"10501\")]"}
RESULT: {"using":"xpath","value":"//span[contains(@id ,\"contractDetailTitleNoExpanded\")][contains(text(), \"10501\")]"}
COMMAND: POST /session/a36c3528002682410c6a9609e98db4f7/element - {"using":"xpath","value":"//span[contains(@id ,\"contractDetailTitleNoExpanded\")][contains(text(), \"10501\")]"}
RESULT: {"using":"xpath","value":"//span[contains(@id ,\"contractDetailTitleNoExpanded\")][contains(text(), \"10501\")]"}
COMMAND: POST /session/a36c3528002682410c6a9609e98db4f7/element - {"using":"xpath","value":"//span[contains(@id ,\"contractDetailTitleNoExpanded\")][contains(text(), \"10501\")]"}
RESULT: {"using":"xpath","value":"//span[contains(@id ,\"contractDetailTitleNoExpanded\")][contains(text(), \"10501\")]"}
COMMAND: POST /session/a36c3528002682410c6a9609e98db4f7/element - {"using":"xpath","value":"//span[contains(@id ,\"contractDetailTitleNoExpanded\")][contains(text(), \"10501\")]"}
RESULT: {"using":"xpath","value":"//span[contains(@id ,\"contractDetailTitleNoExpanded\")][contains(text(), \"10501\")]"}
COMMAND: POST /session/a36c3528002682410c6a9609e98db4f7/element - {"using":"xpath","value":"//span[contains(@id ,\"contractDetailTitleNoExpanded\")][contains(text(), \"10501\")]"}
RESULT: {"using":"xpath","value":"//span[contains(@id ,\"contractDetailTitleNoExpanded\")][contains(text(), \"10501\")]"}
COMMAND: POST /session/a36c3528002682410c6a9609e98db4f7/element - {"using":"xpath","value":"//span[contains(@id ,\"contractDetailTitleNoExpanded\")][contains(text(), \"10501\")]"}
RESULT: {"using":"xpath","value":"//span[contains(@id ,\"contractDetailTitleNoExpanded\")][contains(text(), \"10501\")]"}
COMMAND: POST /session/a36c3528002682410c6a9609e98db4f7/element - {"using":"xpath","value":"//span[contains(@id ,\"contractDetailTitleNoExpanded\")][contains(text(), \"10501\")]"}
RESULT: {"using":"xpath","value":"//span[contains(@id ,\"contractDetailTitleNoExpanded\")][contains(text(), \"10501\")]"}
COMMAND: POST /session/a36c3528002682410c6a9609e98db4f7/element - {"using":"xpath","value":"//span[contains(@id ,\"contractDetailTitleNoExpanded\")][contains(text(), \"10501\")]"}
RESULT: {"using":"xpath","value":"//span[contains(@id ,\"contractDetailTitleNoExpanded\")][contains(text(), \"10501\")]"}
COMMAND: POST /session/a36c3528002682410c6a9609e98db4f7/element - {"using":"xpath","value":"//span[contains(@id ,\"contractDetailTitleNoExpanded\")][contains(text(), \"10501\")]"}
RESULT: {"using":"xpath","value":"//span[contains(@id ,\"contractDetailTitleNoExpanded\")][contains(text(), \"10501\")]"}
COMMAND: POST /session/a36c3528002682410c6a9609e98db4f7/element - {"using":"xpath","value":"//span[contains(@id ,\"contractDetailTitleNoExpanded\")][contains(text(), \"10501\")]"}
RESULT: {"using":"xpath","value":"//span[contains(@id ,\"contractDetailTitleNoExpanded\")][contains(text(), \"10501\")]"}
COMMAND: POST /session/a36c3528002682410c6a9609e98db4f7/element - {"using":"xpath","value":"//span[contains(@id ,\"contractDetailTitleNoExpanded\")][contains(text(), \"10501\")]"}
RESULT: {"using":"xpath","value":"//span[contains(@id ,\"contractDetailTitleNoExpanded\")][contains(text(), \"10501\")]"}
COMMAND: POST /session/a36c3528002682410c6a9609e98db4f7/element - {"using":"xpath","value":"//span[contains(@id ,\"contractDetailTitleNoExpanded\")][contains(text(), \"10501\")]"}
RESULT: {"using":"xpath","value":"//span[contains(@id ,\"contractDetailTitleNoExpanded\")][contains(text(), \"10501\")]"}
COMMAND: POST /session/a36c3528002682410c6a9609e98db4f7/element - {"using":"xpath","value":"//span[contains(@id ,\"contractDetailTitleNoExpanded\")][contains(text(), \"10501\")]"}
RESULT: {"using":"xpath","value":"//span[contains(@id ,\"contractDetailTitleNoExpanded\")][contains(text(), \"10501\")]"}
COMMAND: POST /session/a36c3528002682410c6a9609e98db4f7/element - {"using":"xpath","value":"//span[contains(@id ,\"contractDetailTitleNoExpanded\")][contains(text(), \"10501\")]"}
RESULT: {"using":"xpath","value":"//span[contains(@id ,\"contractDetailTitleNoExpanded\")][contains(text(), \"10501\")]"}
COMMAND: POST /session/a36c3528002682410c6a9609e98db4f7/element - {"using":"xpath","value":"//span[contains(@id ,\"contractDetailTitleNoExpanded\")][contains(text(), \"10501\")]"}
RESULT: {"using":"xpath","value":"//span[contains(@id ,\"contractDetailTitleNoExpanded\")][contains(text(), \"10501\")]"}
COMMAND: POST /session/a36c3528002682410c6a9609e98db4f7/element - {"using":"xpath","value":"//span[contains(@id ,\"contractDetailTitleNoExpanded\")][contains(text(), \"10501\")]"}
RESULT: {"using":"xpath","value":"//span[contains(@id ,\"contractDetailTitleNoExpanded\")][contains(text(), \"10501\")]"}
COMMAND: POST /session/a36c3528002682410c6a9609e98db4f7/element - {"using":"xpath","value":"//span[contains(@id ,\"contractDetailTitleNoExpanded\")][contains(text(), \"10501\")]"}
RESULT: {"using":"xpath","value":"//span[contains(@id ,\"contractDetailTitleNoExpanded\")][contains(text(), \"10501\")]"}
COMMAND: POST /session/a36c3528002682410c6a9609e98db4f7/element - {"using":"xpath","value":"//span[contains(@id ,\"contractDetailTitleNoExpanded\")][contains(text(), \"10501\")]"}
RESULT: {"using":"xpath","value":"//span[contains(@id ,\"contractDetailTitleNoExpanded\")][contains(text(), \"10501\")]"}
COMMAND: POST /session/a36c3528002682410c6a9609e98db4f7/element - {"using":"xpath","value":"//span[contains(@id ,\"contractDetailTitleNoExpanded\")][contains(text(), \"10501\")]"}
RESULT: {"using":"xpath","value":"//span[contains(@id ,\"contractDetailTitleNoExpanded\")][contains(text(), \"10501\")]"}
COMMAND: POST /session/a36c3528002682410c6a9609e98db4f7/element - {"using":"xpath","value":"//span[contains(@id ,\"contractDetailTitleNoExpanded\")][contains(text(), \"10501\")]"}
RESULT: {"using":"xpath","value":"//span[contains(@id ,\"contractDetailTitleNoExpanded\")][contains(text(), \"10501\")]"}
COMMAND: POST /session/a36c3528002682410c6a9609e98db4f7/element - {"using":"xpath","value":"//span[contains(@id ,\"contractDetailTitleNoExpanded\")][contains(text(), \"10501\")]"}
RESULT: {"using":"xpath","value":"//span[contains(@id ,\"contractDetailTitleNoExpanded\")][contains(text(), \"10501\")]"}
COMMAND: POST /session/a36c3528002682410c6a9609e98db4f7/element - {"using":"xpath","value":"//span[contains(@id ,\"contractDetailTitleNoExpanded\")][contains(text(), \"10501\")]"}
RESULT: {"using":"xpath","value":"//span[contains(@id ,\"contractDetailTitleNoExpanded\")][contains(text(), \"10501\")]"}
COMMAND: POST /session/a36c3528002682410c6a9609e98db4f7/element - {"using":"xpath","value":"//span[contains(@id ,\"contractDetailTitleNoExpanded\")][contains(text(), \"10501\")]"}
RESULT: {"using":"xpath","value":"//span[contains(@id ,\"contractDetailTitleNoExpanded\")][contains(text(), \"10501\")]"}
COMMAND: POST /session/a36c3528002682410c6a9609e98db4f7/element - {"using":"xpath","value":"//span[contains(@id ,\"contractDetailTitleNoExpanded\")][contains(text(), \"10501\")]"}
RESULT: {"using":"xpath","value":"//span[contains(@id ,\"contractDetailTitleNoExpanded\")][contains(text(), \"10501\")]"}
COMMAND: POST /session/a36c3528002682410c6a9609e98db4f7/element - {"using":"xpath","value":"//span[contains(@id ,\"contractDetailTitleNoExpanded\")][contains(text(), \"10501\")]"}
RESULT: {"using":"xpath","value":"//span[contains(@id ,\"contractDetailTitleNoExpanded\")][contains(text(), \"10501\")]"}
COMMAND: POST /session/a36c3528002682410c6a9609e98db4f7/element - {"using":"xpath","value":"//span[contains(@id ,\"contractDetailTitleNoExpanded\")][contains(text(), \"10501\")]"}
RESULT: {"using":"xpath","value":"//span[contains(@id ,\"contractDetailTitleNoExpanded\")][contains(text(), \"10501\")]"}
COMMAND: POST /session/a36c3528002682410c6a9609e98db4f7/element - {"using":"xpath","value":"//span[contains(@id ,\"contractDetailTitleNoExpanded\")][contains(text(), \"10501\")]"}
RESULT: {"using":"xpath","value":"//span[contains(@id ,\"contractDetailTitleNoExpanded\")][contains(text(), \"10501\")]"}
COMMAND: POST /session/a36c3528002682410c6a9609e98db4f7/element - {"using":"xpath","value":"//span[contains(@id ,\"contractDetailTitleNoExpanded\")][contains(text(), \"10501\")]"}
RESULT: {"using":"xpath","value":"//span[contains(@id ,\"contractDetailTitleNoExpanded\")][contains(text(), \"10501\")]"}
COMMAND: POST /session/a36c3528002682410c6a9609e98db4f7/element - {"using":"xpath","value":"//span[contains(@id ,\"contractDetailTitleNoExpanded\")][contains(text(), \"10501\")]"}
RESULT: {"using":"xpath","value":"//span[contains(@id ,\"contractDetailTitleNoExpanded\")][contains(text(), \"10501\")]"}
COMMAND: POST /session/a36c3528002682410c6a9609e98db4f7/element - {"using":"xpath","value":"//span[contains(@id ,\"contractDetailTitleNoExpanded\")][contains(text(), \"10501\")]"}
RESULT: {"using":"xpath","value":"//span[contains(@id ,\"contractDetailTitleNoExpanded\")][contains(text(), \"10501\")]"}
COMMAND: POST /session/a36c3528002682410c6a9609e98db4f7/element - {"using":"xpath","value":"//span[contains(@id ,\"contractDetailTitleNoExpanded\")][contains(text(), \"10501\")]"}
RESULT: {"using":"xpath","value":"//span[contains(@id ,\"contractDetailTitleNoExpanded\")][contains(text(), \"10501\")]"}
COMMAND: POST /session/a36c3528002682410c6a9609e98db4f7/element - {"using":"xpath","value":"//span[contains(@id ,\"contractDetailTitleNoExpanded\")][contains(text(), \"10501\")]"}
RESULT: {"using":"xpath","value":"//span[contains(@id ,\"contractDetailTitleNoExpanded\")][contains(text(), \"10501\")]"}
COMMAND: POST /session/a36c3528002682410c6a9609e98db4f7/element - {"using":"xpath","value":"//span[contains(@id ,\"contractDetailTitleNoExpanded\")][contains(text(), \"10501\")]"}
RESULT: {"using":"xpath","value":"//span[contains(@id ,\"contractDetailTitleNoExpanded\")][contains(text(), \"10501\")]"}
COMMAND: POST /session/a36c3528002682410c6a9609e98db4f7/element - {"using":"xpath","value":"//span[contains(@id ,\"contractDetailTitleNoExpanded\")][contains(text(), \"10501\")]"}
RESULT: {"using":"xpath","value":"//span[contains(@id ,\"contractDetailTitleNoExpanded\")][contains(text(), \"10501\")]"}
COMMAND: POST /session/a36c3528002682410c6a9609e98db4f7/element - {"using":"xpath","value":"//span[contains(@id ,\"contractDetailTitleNoExpanded\")][contains(text(), \"10501\")]"}
RESULT: {"using":"xpath","value":"//span[contains(@id ,\"contractDetailTitleNoExpanded\")][contains(text(), \"10501\")]"}
COMMAND: POST /session/a36c3528002682410c6a9609e98db4f7/element - {"using":"xpath","value":"//span[contains(@id ,\"contractDetailTitleNoExpanded\")][contains(text(), \"10501\")]"}
RESULT: {"using":"xpath","value":"//span[contains(@id ,\"contractDetailTitleNoExpanded\")][contains(text(), \"10501\")]"}
COMMAND: POST /session/a36c3528002682410c6a9609e98db4f7/element - {"using":"xpath","value":"//span[contains(@id ,\"contractDetailTitleNoExpanded\")][contains(text(), \"10501\")]"}
RESULT: {"using":"xpath","value":"//span[contains(@id ,\"contractDetailTitleNoExpanded\")][contains(text(), \"10501\")]"}
COMMAND: POST /session/a36c3528002682410c6a9609e98db4f7/element - {"using":"xpath","value":"//span[contains(@id ,\"contractDetailTitleNoExpanded\")][contains(text(), \"10501\")]"}
RESULT: {"using":"xpath","value":"//span[contains(@id ,\"contractDetailTitleNoExpanded\")][contains(text(), \"10501\")]"}
COMMAND: POST /session/a36c3528002682410c6a9609e98db4f7/element - {"using":"xpath","value":"//span[contains(@id ,\"contractDetailTitleNoExpanded\")][contains(text(), \"10501\")]"}
RESULT: {"using":"xpath","value":"//span[contains(@id ,\"contractDetailTitleNoExpanded\")][contains(text(), \"10501\")]"}
COMMAND: POST /session/a36c3528002682410c6a9609e98db4f7/element - {"using":"xpath","value":"//span[contains(@id ,\"contractDetailTitleNoExpanded\")][contains(text(), \"10501\")]"}
RESULT: {"using":"xpath","value":"//span[contains(@id ,\"contractDetailTitleNoExpanded\")][contains(text(), \"10501\")]"}
COMMAND: POST /session/a36c3528002682410c6a9609e98db4f7/element - {"using":"xpath","value":"//span[contains(@id ,\"contractDetailTitleNoExpanded\")][contains(text(), \"10501\")]"}
RESULT: {"using":"xpath","value":"//span[contains(@id ,\"contractDetailTitleNoExpanded\")][contains(text(), \"10501\")]"}
COMMAND: POST /session/a36c3528002682410c6a9609e98db4f7/element - {"using":"xpath","value":"//span[contains(@id ,\"contractDetailTitleNoExpanded\")][contains(text(), \"10501\")]"}
RESULT: {"using":"xpath","value":"//span[contains(@id ,\"contractDetailTitleNoExpanded\")][contains(text(), \"10501\")]"}
COMMAND: POST /session/a36c3528002682410c6a9609e98db4f7/element - {"using":"xpath","value":"//span[contains(@id ,\"contractDetailTitleNoExpanded\")][contains(text(), \"10501\")]"}
RESULT: {"using":"xpath","value":"//span[contains(@id ,\"contractDetailTitleNoExpanded\")][contains(text(), \"10501\")]"}
COMMAND: POST /session/a36c3528002682410c6a9609e98db4f7/element - {"using":"xpath","value":"//span[contains(@id ,\"contractDetailTitleNoExpanded\")][contains(text(), \"10501\")]"}
RESULT: {"using":"xpath","value":"//span[contains(@id ,\"contractDetailTitleNoExpanded\")][contains(text(), \"10501\")]"}
COMMAND: POST /session/a36c3528002682410c6a9609e98db4f7/element - {"using":"xpath","value":"//span[contains(@id ,\"contractDetailTitleNoExpanded\")][contains(text(), \"10501\")]"}
RESULT: {"using":"xpath","value":"//span[contains(@id ,\"contractDetailTitleNoExpanded\")][contains(text(), \"10501\")]"}
COMMAND: POST /session/a36c3528002682410c6a9609e98db4f7/element - {"using":"xpath","value":"//span[contains(@id ,\"contractDetailTitleNoExpanded\")][contains(text(), \"10501\")]"}
RESULT: {"using":"xpath","value":"//span[contains(@id ,\"contractDetailTitleNoExpanded\")][contains(text(), \"10501\")]"}
COMMAND: POST /session/a36c3528002682410c6a9609e98db4f7/element - {"using":"xpath","value":"//span[contains(@id ,\"contractDetailTitleNoExpanded\")][contains(text(), \"10501\")]"}
RESULT: {"using":"xpath","value":"//span[contains(@id ,\"contractDetailTitleNoExpanded\")][contains(text(), \"10501\")]"}
COMMAND: POST /session/a36c3528002682410c6a9609e98db4f7/element - {"using":"xpath","value":"//span[contains(@id ,\"contractDetailTitleNoExpanded\")][contains(text(), \"10501\")]"}
RESULT: {"using":"xpath","value":"//span[contains(@id ,\"contractDetailTitleNoExpanded\")][contains(text(), \"10501\")]"}
COMMAND: POST /session/a36c3528002682410c6a9609e98db4f7/element - {"using":"xpath","value":"//span[contains(@id ,\"contractDetailTitleNoExpanded\")][contains(text(), \"10501\")]"}
RESULT: {"using":"xpath","value":"//span[contains(@id ,\"contractDetailTitleNoExpanded\")][contains(text(), \"10501\")]"}
COMMAND: DELETE /session/a36c3528002682410c6a9609e98db4f7 - {}
RESULT: {}
]]></system-out>
    </testcase>
  </testsuite>
</testsuites>