<?xml version="1.0" encoding="UTF-8"?>
<testsuites tests="23" failures="1" errors="1" skipped="0">
  <testsuite timestamp="2025-05-16T17:48:35" time="1070.609" tests="6" failures="0" errors="0" skipped="0">
    <properties>
      <property name="specId" value="0" />
      <property name="suiteName" value="Standard contract - add contract items by Insert Request US118222" />
      <property name="capabilities" value="chrome.136_0_7103_93.windows" />
      <property name="file" value="file:///D:/a/1/s/test/specs/R2C/standard-contract-add-contract-items-by-insert-request.spec.js" />
    </properties>
    <testcase classname="chrome.136_0_7103_93.windows.Standard_contract_-_add_contract_items_by_Insert_Request_US118222" name="Should create prerequisites yard partner site material and equipment" time="294.282">
      <system-out><![CDATA[
COMMAND: POST /session/04aee939af97850adaa3733c1af52842/execute/async - {"script":"<script> [1562 bytes]","args":[{"selector":{"controlType":"sap.m.GenericTile","properties":{"header":"Manage Yards"}},"wdio_ui5_key":"sapm.GenericTile{\"header\":\"Manage Yards\"}"}]}
RESULT: {"script":"<script> [1562 bytes]","args":[{"selector":{"controlType":"sap.m.GenericTile","properties":{"header":"Manage Yards"}},"wdio_ui5_key":"sapm.GenericTile{\"header\":\"Manage Yards\"}"}]}
RESULT: undefined
COMMAND: POST /session/04aee939af97850adaa3733c1af52842/element - {"using":"xpath","value":"//*[@id=\"__tile41\"]"}
RESULT: {"using":"xpath","value":"//*[@id=\"__tile41\"]"}
COMMAND: POST /session/04aee939af97850adaa3733c1af52842/element/f.244B6B55DE4F2A8C3CFC86491C19658C.d.3E82E97F8CC2281BC3D365AA9D13DF06.e.114/click - {}
RESULT: {}
COMMAND: GET /session/04aee939af97850adaa3733c1af52842/screenshot - {}
RESULT: {}
COMMAND: POST /session/04aee939af97850adaa3733c1af52842/elements - {"using":"xpath","value":"//span[text()='Error']"}
RESULT: {"using":"xpath","value":"//span[text()='Error']"}
COMMAND: POST /session/04aee939af97850adaa3733c1af52842/execute/async - {"script":"<script> [1562 bytes]","args":[{"selector":{"controlType":"sap.ui.core.Icon","viewName":"etm.portal.ui.manageyards.view.Master","viewId":"application-manageyards-display-component---masterYard","properties":{"src":{"regex":{"source":"add"}}}},"wdio_ui5_key":"etmportal.ui.manageyards.view.Mastersap.ui.core.Icon{\"src\":{\"regex\":{\"source\":\"add\"}}}"}]}
RESULT: {"script":"<script> [1562 bytes]","args":[{"selector":{"controlType":"sap.ui.core.Icon","viewName":"etm.portal.ui.manageyards.view.Master","viewId":"application-manageyards-display-component---masterYard","properties":{"src":{"regex":{"source":"add"}}}},"wdio_ui5_key":"etmportal.ui.manageyards.view.Mastersap.ui.core.Icon{\"src\":{\"regex\":{\"source\":\"add\"}}}"}]}
RESULT: undefined
COMMAND: POST /session/04aee939af97850adaa3733c1af52842/element - {"using":"xpath","value":"//*[@id=\"__button4-img\"]"}
RESULT: {"using":"xpath","value":"//*[@id=\"__button4-img\"]"}
COMMAND: POST /session/04aee939af97850adaa3733c1af52842/element/f.244B6B55DE4F2A8C3CFC86491C19658C.d.3E82E97F8CC2281BC3D365AA9D13DF06.e.163/click - {}
RESULT: {}
COMMAND: GET /session/04aee939af97850adaa3733c1af52842/screenshot - {}
RESULT: {}
COMMAND: POST /session/04aee939af97850adaa3733c1af52842/execute/async - {"script":"<script> [1562 bytes]","args":[{"selector":{"id":"application-manageyards-display-component---NewYard--yardId","interaction":{"idSuffix":"inner"}},"wdio_ui5_key":"applicationmanageyards-display-component---NewYard--yardId"}]}
RESULT: {"script":"<script> [1562 bytes]","args":[{"selector":{"id":"application-manageyards-display-component---NewYard--yardId","interaction":{"idSuffix":"inner"}},"wdio_ui5_key":"applicationmanageyards-display-component---NewYard--yardId"}]}
RESULT: undefined
COMMAND: POST /session/04aee939af97850adaa3733c1af52842/element - {"using":"xpath","value":"//*[@id=\"application-manageyards-display-component---NewYard--addressDetailDetailsName1-inner\"]"}
RESULT: {"using":"xpath","value":"//*[@id=\"application-manageyards-display-component---NewYard--addressDetailDetailsName1-inner\"]"}
COMMAND: POST /session/04aee939af97850adaa3733c1af52842/element/f.244B6B55DE4F2A8C3CFC86491C19658C.d.3E82E97F8CC2281BC3D365AA9D13DF06.e.333/clear - {}
RESULT: {}
COMMAND: POST /session/04aee939af97850adaa3733c1af52842/element/f.244B6B55DE4F2A8C3CFC86491C19658C.d.3E82E97F8CC2281BC3D365AA9D13DF06.e.333/value - {"text":"WebdriverYardf6lo1"}
COMMAND: GET /session/04aee939af97850adaa3733c1af52842/screenshot - {}
RESULT: {"text":"WebdriverYardf6lo1"}
COMMAND: POST /session/04aee939af97850adaa3733c1af52842/element - {"using":"xpath","value":"//*[@id=\"application-manageyards-display-component---NewYard--addressDetailDetailsLanguage-inner\"]"}
COMMAND: GET /session/04aee939af97850adaa3733c1af52842/screenshot - {}
RESULT: {}
RESULT: {"using":"xpath","value":"//*[@id=\"application-manageyards-display-component---NewYard--addressDetailDetailsLanguage-inner\"]"}
COMMAND: POST /session/04aee939af97850adaa3733c1af52842/element/f.244B6B55DE4F2A8C3CFC86491C19658C.d.3E82E97F8CC2281BC3D365AA9D13DF06.e.334/clear - {}
RESULT: {}
RESULT: {}
COMMAND: POST /session/04aee939af97850adaa3733c1af52842/element/f.244B6B55DE4F2A8C3CFC86491C19658C.d.3E82E97F8CC2281BC3D365AA9D13DF06.e.334/value - {"text":"Romanian"}
COMMAND: GET /session/04aee939af97850adaa3733c1af52842/screenshot - {}
RESULT: {"text":"Romanian"}
COMMAND: POST /session/04aee939af97850adaa3733c1af52842/element - {"using":"xpath","value":"//input[contains(@id ,\"application-manageyards-display-component---NewYard--addressDetailDetailsName1-inner\")]"}
COMMAND: GET /session/04aee939af97850adaa3733c1af52842/screenshot - {}
RESULT: {}
RESULT: {"using":"xpath","value":"//input[contains(@id ,\"application-manageyards-display-component---NewYard--addressDetailDetailsName1-inner\")]"}
COMMAND: GET /session/04aee939af97850adaa3733c1af52842/element/f.244B6B55DE4F2A8C3CFC86491C19658C.d.3E82E97F8CC2281BC3D365AA9D13DF06.e.333/property/value - {}
RESULT: {}
RESULT: {}
COMMAND: GET /session/04aee939af97850adaa3733c1af52842/screenshot - {}
RESULT: {}
COMMAND: POST /session/04aee939af97850adaa3733c1af52842/element - {"using":"xpath","value":"//*[@id=\"application-manageyards-display-component---NewYard--addressDetailDetailsCity1-inner\"]"}
RESULT: {"using":"xpath","value":"//*[@id=\"application-manageyards-display-component---NewYard--addressDetailDetailsCity1-inner\"]"}
COMMAND: POST /session/04aee939af97850adaa3733c1af52842/element/f.244B6B55DE4F2A8C3CFC86491C19658C.d.3E82E97F8CC2281BC3D365AA9D13DF06.e.336/clear - {}
RESULT: {}
COMMAND: POST /session/04aee939af97850adaa3733c1af52842/element/f.244B6B55DE4F2A8C3CFC86491C19658C.d.3E82E97F8CC2281BC3D365AA9D13DF06.e.336/value - {"text":"Bucuresti"}
COMMAND: GET /session/04aee939af97850adaa3733c1af52842/screenshot - {}
RESULT: {"text":"Bucuresti"}
COMMAND: GET /session/04aee939af97850adaa3733c1af52842/screenshot - {}
RESULT: {}
RESULT: {}
COMMAND: POST /session/04aee939af97850adaa3733c1af52842/element - {"using":"xpath","value":"//*[@id=\"application-manageyards-display-component---NewYard--addressDetailDetailsCountry-inner\"]"}
RESULT: {"using":"xpath","value":"//*[@id=\"application-manageyards-display-component---NewYard--addressDetailDetailsCountry-inner\"]"}
COMMAND: POST /session/04aee939af97850adaa3733c1af52842/element/f.244B6B55DE4F2A8C3CFC86491C19658C.d.3E82E97F8CC2281BC3D365AA9D13DF06.e.340/clear - {}
RESULT: {}
COMMAND: POST /session/04aee939af97850adaa3733c1af52842/element/f.244B6B55DE4F2A8C3CFC86491C19658C.d.3E82E97F8CC2281BC3D365AA9D13DF06.e.340/value - {"text":"Romania"}
COMMAND: GET /session/04aee939af97850adaa3733c1af52842/screenshot - {}
RESULT: {"text":"Romania"}
COMMAND: GET /session/04aee939af97850adaa3733c1af52842/screenshot - {}
RESULT: {}
RESULT: {}
COMMAND: POST /session/04aee939af97850adaa3733c1af52842/element - {"using":"xpath","value":"//div[contains(text(), \"Commercial\")]"}
RESULT: {"using":"xpath","value":"//div[contains(text(), \"Commercial\")]"}
COMMAND: GET /session/04aee939af97850adaa3733c1af52842/element/f.244B6B55DE4F2A8C3CFC86491C19658C.d.3E82E97F8CC2281BC3D365AA9D13DF06.e.583/rect - {}
RESULT: {}
COMMAND: GET /session/04aee939af97850adaa3733c1af52842/window/rect - {}
RESULT: {}
COMMAND: POST /session/04aee939af97850adaa3733c1af52842/execute/sync - {"script":"<script> [92 bytes]","args":[]}
RESULT: {"script":"<script> [92 bytes]","args":[]}
COMMAND: POST /session/04aee939af97850adaa3733c1af52842/actions - {"actions":[{"id":"action1","type":"wheel","parameters":{},"actions":[{"type":"scroll","x":-1841,"y":-44,"deltaX":0,"deltaY":0,"duration":0,"origin":{"element-6066-11e4-a52e-4f735466cecf":"f.244B6B55DE4F2A8C3CFC86491C19658C.d.3E82E97F8CC2281BC3D365AA9D13DF06.e.583"}}]}]}
COMMAND: GET /session/04aee939af97850adaa3733c1af52842/screenshot - {}
RESULT: {}
COMMAND: POST /session/04aee939af97850adaa3733c1af52842/execute/sync - {"script":"<script> [79 bytes]","args":[{"element-6066-11e4-a52e-4f735466cecf":"f.244B6B55DE4F2A8C3CFC86491C19658C.d.3E82E97F8CC2281BC3D365AA9D13DF06.e.583","ELEMENT":"f.244B6B55DE4F2A8C3CFC86491C19658C.d.3E82E97F8CC2281BC3D365AA9D13DF06.e.583"},{"block":"start","inline":"nearest"}]}
RESULT: {"script":"<script> [79 bytes]","args":[{"element-6066-11e4-a52e-4f735466cecf":"f.244B6B55DE4F2A8C3CFC86491C19658C.d.3E82E97F8CC2281BC3D365AA9D13DF06.e.583","ELEMENT":"f.244B6B55DE4F2A8C3CFC86491C19658C.d.3E82E97F8CC2281BC3D365AA9D13DF06.e.583"},{"block":"start","inline":"nearest"}]}
COMMAND: GET /session/04aee939af97850adaa3733c1af52842/screenshot - {}
RESULT: {}
COMMAND: POST /session/04aee939af97850adaa3733c1af52842/execute/async - {"script":"<script> [1562 bytes]","args":[{"selector":{"id":"application-manageyards-display-component---NewYard--addressEditDetailsCostObjectCstType-arrow"},"wdio_ui5_key":"applicationmanageyards-display-component---NewYard--addressEditDetailsCostObjectCstType-arrow"}]}
RESULT: {"script":"<script> [1562 bytes]","args":[{"selector":{"id":"application-manageyards-display-component---NewYard--addressEditDetailsCostObjectCstType-arrow"},"wdio_ui5_key":"applicationmanageyards-display-component---NewYard--addressEditDetailsCostObjectCstType-arrow"}]}
RESULT: undefined
COMMAND: POST /session/04aee939af97850adaa3733c1af52842/element - {"using":"xpath","value":"//*[@id=\"application-manageyards-display-component---NewYard--addressEditDetailsCostObjectCstType-arrow\"]"}
RESULT: {"using":"xpath","value":"//*[@id=\"application-manageyards-display-component---NewYard--addressEditDetailsCostObjectCstType-arrow\"]"}
COMMAND: POST /session/04aee939af97850adaa3733c1af52842/element/f.244B6B55DE4F2A8C3CFC86491C19658C.d.3E82E97F8CC2281BC3D365AA9D13DF06.e.592/click - {}
RESULT: {}
COMMAND: POST /session/04aee939af97850adaa3733c1af52842/element - {"using":"xpath","value":"//span[contains(text(), \"Cost Center\")]"}
COMMAND: GET /session/04aee939af97850adaa3733c1af52842/screenshot - {}
RESULT: {"using":"xpath","value":"//span[contains(text(), \"Cost Center\")]"}
COMMAND: POST /session/04aee939af97850adaa3733c1af52842/element/f.244B6B55DE4F2A8C3CFC86491C19658C.d.3E82E97F8CC2281BC3D365AA9D13DF06.e.604/click - {}
RESULT: {}
RESULT: {}
COMMAND: GET /session/04aee939af97850adaa3733c1af52842/screenshot - {}
RESULT: {}
COMMAND: POST /session/04aee939af97850adaa3733c1af52842/execute/async - {"script":"<script> [1562 bytes]","args":[{"selector":{"id":"application-manageyards-display-component---NewYard--addressNewCostObjectCstID-vhi"},"wdio_ui5_key":"applicationmanageyards-display-component---NewYard--addressNewCostObjectCstID-vhi"}]}
RESULT: {"script":"<script> [1562 bytes]","args":[{"selector":{"id":"application-manageyards-display-component---NewYard--addressNewCostObjectCstID-vhi"},"wdio_ui5_key":"applicationmanageyards-display-component---NewYard--addressNewCostObjectCstID-vhi"}]}
RESULT: undefined
COMMAND: POST /session/04aee939af97850adaa3733c1af52842/element - {"using":"xpath","value":"//*[@id=\"application-manageyards-display-component---NewYard--addressNewCostObjectCstID-vhi\"]"}
RESULT: {"using":"xpath","value":"//*[@id=\"application-manageyards-display-component---NewYard--addressNewCostObjectCstID-vhi\"]"}
COMMAND: POST /session/04aee939af97850adaa3733c1af52842/element/f.244B6B55DE4F2A8C3CFC86491C19658C.d.3E82E97F8CC2281BC3D365AA9D13DF06.e.608/click - {}
RESULT: {}
COMMAND: GET /session/04aee939af97850adaa3733c1af52842/screenshot - {}
RESULT: {}
COMMAND: POST /session/04aee939af97850adaa3733c1af52842/execute/async - {"script":"<script> [1562 bytes]","args":[{"selector":{"controlType":"sap.m.SearchField","properties":{"placeholder":"Search"},"searchOpenDialogs":true,"interaction":{"idSuffix":"I"}},"wdio_ui5_key":"sapm.SearchField{\"placeholder\":\"Search\"}"}]}
RESULT: {"script":"<script> [1562 bytes]","args":[{"selector":{"controlType":"sap.m.SearchField","properties":{"placeholder":"Search"},"searchOpenDialogs":true,"interaction":{"idSuffix":"I"}},"wdio_ui5_key":"sapm.SearchField{\"placeholder\":\"Search\"}"}]}
RESULT: undefined
COMMAND: POST /session/04aee939af97850adaa3733c1af52842/execute/async - {"script":"<script> [776 bytes]","args":[{"enterText":"10001013","selector":{"controlType":"sap.m.SearchField","properties":{"placeholder":"Search"},"searchOpenDialogs":true,"interaction":{"idSuffix":"I"}},"clearTextFirst":true,"interactionType":"ENTER_TEXT"}]}
RESULT: {"script":"<script> [776 bytes]","args":[{"enterText":"10001013","selector":{"controlType":"sap.m.SearchField","properties":{"placeholder":"Search"},"searchOpenDialogs":true,"interaction":{"idSuffix":"I"}},"clearTextFirst":true,"interactionType":"ENTER_TEXT"}]}
COMMAND: POST /session/04aee939af97850adaa3733c1af52842/actions - {"actions":[{"id":"action2","type":"key","parameters":{},"actions":[{"type":"keyDown","value":"î€‡"},{"type":"pause","duration":10},{"type":"keyUp","value":"î€‡"}]}]}
RESULT: {"actions":[{"id":"action2","type":"key","parameters":{},"actions":[{"type":"keyDown","value":"î€‡"},{"type":"pause","duration":10},{"type":"keyUp","value":"î€‡"}]}]}
COMMAND: GET /session/04aee939af97850adaa3733c1af52842/screenshot - {}
RESULT: {}
COMMAND: POST /session/04aee939af97850adaa3733c1af52842/element - {"using":"xpath","value":"//span[contains(text(), \"General Management\")]"}
RESULT: {"using":"xpath","value":"//span[contains(text(), \"General Management\")]"}
COMMAND: POST /session/04aee939af97850adaa3733c1af52842/element/f.244B6B55DE4F2A8C3CFC86491C19658C.d.3E82E97F8CC2281BC3D365AA9D13DF06.e.650/click - {}
RESULT: {}
COMMAND: GET /session/04aee939af97850adaa3733c1af52842/screenshot - {}
RESULT: {}
COMMAND: POST /session/04aee939af97850adaa3733c1af52842/element - {"using":"xpath","value":"//bdi[contains(text(), \"OK\")]"}
RESULT: {"using":"xpath","value":"//bdi[contains(text(), \"OK\")]"}
COMMAND: POST /session/04aee939af97850adaa3733c1af52842/element/f.244B6B55DE4F2A8C3CFC86491C19658C.d.3E82E97F8CC2281BC3D365AA9D13DF06.e.651/click - {}
RESULT: {}
COMMAND: GET /session/04aee939af97850adaa3733c1af52842/screenshot - {}
RESULT: {}
COMMAND: POST /session/04aee939af97850adaa3733c1af52842/execute/async - {"script":"<script> [1562 bytes]","args":[{"selector":{"controlType":"sap.m.Button","viewName":"etm.portal.ui.manageyards.view.New","viewId":"application-manageyards-display-component---NewYard","i18NText":{"propertyName":"text","key":"save"},"interaction":{"idSuffix":"inner"}},"wdio_ui5_key":"etmportal.ui.manageyards.view.Newsap.m.Button{\"propertyName\":\"text\",\"key\":\"save\"}"}]}
RESULT: {"script":"<script> [1562 bytes]","args":[{"selector":{"controlType":"sap.m.Button","viewName":"etm.portal.ui.manageyards.view.New","viewId":"application-manageyards-display-component---NewYard","i18NText":{"propertyName":"text","key":"save"},"interaction":{"idSuffix":"inner"}},"wdio_ui5_key":"etmportal.ui.manageyards.view.Newsap.m.Button{\"propertyName\":\"text\",\"key\":\"save\"}"}]}
RESULT: undefined
COMMAND: POST /session/04aee939af97850adaa3733c1af52842/element - {"using":"xpath","value":"//*[@id=\"__button18\"]"}
RESULT: {"using":"xpath","value":"//*[@id=\"__button18\"]"}
COMMAND: POST /session/04aee939af97850adaa3733c1af52842/element/f.244B6B55DE4F2A8C3CFC86491C19658C.d.3E82E97F8CC2281BC3D365AA9D13DF06.e.540/click - {}
RESULT: {}
COMMAND: GET /session/04aee939af97850adaa3733c1af52842/screenshot - {}
RESULT: {}
COMMAND: POST /session/04aee939af97850adaa3733c1af52842/element - {"using":"xpath","value":"//header/div/div[2]/div[2]/span"}
RESULT: {"using":"xpath","value":"//header/div/div[2]/div[2]/span"}
COMMAND: GET /session/04aee939af97850adaa3733c1af52842/element/f.244B6B55DE4F2A8C3CFC86491C19658C.d.3E82E97F8CC2281BC3D365AA9D13DF06.e.850/text - {}
RESULT: {}
COMMAND: POST /session/04aee939af97850adaa3733c1af52842/execute/async - {"script":"<script> [1562 bytes]","args":[{"selector":{"controlType":"sap.m.OverflowToolbarButton","viewName":"etm.portal.ui.manageyards.view.Detail","viewId":"application-manageyards-display-component---detailYard","i18NText":{"propertyName":"tooltip","key":"closeColumn"},"interaction":{"idSuffix":"inner"}},"wdio_ui5_key":"etmportal.ui.manageyards.view.Detailsap.m.OverflowToolbarButton{\"propertyName\":\"tooltip\",\"key\":\"closeColumn\"}"}]}
RESULT: {"script":"<script> [1562 bytes]","args":[{"selector":{"controlType":"sap.m.OverflowToolbarButton","viewName":"etm.portal.ui.manageyards.view.Detail","viewId":"application-manageyards-display-component---detailYard","i18NText":{"propertyName":"tooltip","key":"closeColumn"},"interaction":{"idSuffix":"inner"}},"wdio_ui5_key":"etmportal.ui.manageyards.view.Detailsap.m.OverflowToolbarButton{\"propertyName\":\"tooltip\",\"key\":\"closeColumn\"}"}]}
RESULT: undefined
COMMAND: POST /session/04aee939af97850adaa3733c1af52842/element - {"using":"xpath","value":"//*[@id=\"__button40\"]"}
RESULT: {"using":"xpath","value":"//*[@id=\"__button40\"]"}
COMMAND: POST /session/04aee939af97850adaa3733c1af52842/element/f.244B6B55DE4F2A8C3CFC86491C19658C.d.3E82E97F8CC2281BC3D365AA9D13DF06.e.852/click - {}
RESULT: {}
COMMAND: GET /session/04aee939af97850adaa3733c1af52842/screenshot - {}
RESULT: {}
COMMAND: POST /session/04aee939af97850adaa3733c1af52842/element - {"using":"css selector","value":"#shell-header-logo"}
RESULT: {"using":"css selector","value":"#shell-header-logo"}
COMMAND: POST /session/04aee939af97850adaa3733c1af52842/element/f.244B6B55DE4F2A8C3CFC86491C19658C.d.3E82E97F8CC2281BC3D365AA9D13DF06.e.116/click - {}
RESULT: {}
COMMAND: GET /session/04aee939af97850adaa3733c1af52842/screenshot - {}
RESULT: {}
COMMAND: POST /session/04aee939af97850adaa3733c1af52842/refresh - {}
RESULT: {}
COMMAND: GET /session/04aee939af97850adaa3733c1af52842/screenshot - {}
RESULT: {}
COMMAND: POST /session/04aee939af97850adaa3733c1af52842/execute/async - {"script":"<script> [189 bytes]","args":[]}
RESULT: {"script":"<script> [189 bytes]","args":[]}
COMMAND: POST /session/04aee939af97850adaa3733c1af52842/execute/async - {"script":"<script> [123 bytes]","args":[]}
RESULT: {"script":"<script> [123 bytes]","args":[]}
COMMAND: POST /session/04aee939af97850adaa3733c1af52842/timeouts - {"script":"<number>"}
RESULT: {"script":"<number>"}
COMMAND: GET /session/04aee939af97850adaa3733c1af52842/timeouts - {}
RESULT: {}
RESULT: undefined
COMMAND: POST /session/04aee939af97850adaa3733c1af52842/execute/async - {"script":"<script> [2676 bytes]","args":[]}
RESULT: {"script":"<script> [2676 bytes]","args":[]}
COMMAND: POST /session/04aee939af97850adaa3733c1af52842/execute/async - {"script":"<script> [2342 bytes]","args":[{"protocol":"http","hostname":"0.0.0.0","path":"/","capabilities":{"browserName":"chrome","goog:chromeOptions":{"binary":"C:\\Program Files\\Google\\Chrome\\Application\\chrome.exe","args":["--start-maximized"]}},"logLevel":"warn","connectionRetryTimeout":120000,"connectionRetryCount":3,"logLevels":{},"enableDirectConnect":true,"strictSSL":true,"_":"65 more keys: [\"cacheDir\",\"port\",\"requestedCapabilities\",\"automationProtocol\",\"baseUrl\",\"waitforInterval\",\"waitforTimeout\",\"onReload\",\"beforeCommand\",\"afterCommand\",\"rootDir\",\"specs\",\"suites\",\"exclude\",\"groupLogsByTestSpec\",\"excludeDriverLogs\",\"bail\",\"framework\",\"reporters\",\"services\",\"maxInstances\",\"maxInstancesPerCapability\",\"injectGlobals\",\"filesToWatch\",\"execArgv\",\"runnerEnv\",\"runner\",\"shard\",\"specFileRetries\",\"specFileRetriesDelay\",\"specFileRetriesDeferred\",\"reporterSyncInterval\",\"reporterSyncTimeout\",\"cucumberFeaturesWithLineNumbers\",\"autoCompileOpts\",\"mochaOpts\",\"jasmineOpts\",\"cucumberOpts\",\"onPrepare\",\"onWorkerStart\",\"onWorkerEnd\",\"before\",\"beforeSession\",\"beforeSuite\",\"beforeHook\",\"beforeTest\",\"afterTest\",\"afterHook\",\"afterSuite\",\"afterSession\",\"after\",\"onComplete\",\"beforeAssertion\",\"afterAssertion\",\"beforeFeature\",\"beforeScenario\",\"beforeStep\",\"afterStep\",\"afterScenario\",\"afterFeature\",\"_\",\"suite\",\"$0\",\"ignoredWorkerServices\",\"wdi5\"]"}]}
RESULT: {"script":"<script> [2342 bytes]","args":[{"protocol":"http","hostname":"0.0.0.0","path":"/","capabilities":{"browserName":"chrome","goog:chromeOptions":{"binary":"C:\\Program Files\\Google\\Chrome\\Application\\chrome.exe","args":["--start-maximized"]}},"logLevel":"warn","connectionRetryTimeout":120000,"connectionRetryCount":3,"logLevels":{},"enableDirectConnect":true,"strictSSL":true,"_":"65 more keys: [\"cacheDir\",\"port\",\"requestedCapabilities\",\"automationProtocol\",\"baseUrl\",\"waitforInterval\",\"waitforTimeout\",\"onReload\",\"beforeCommand\",\"afterCommand\",\"rootDir\",\"specs\",\"suites\",\"exclude\",\"groupLogsByTestSpec\",\"excludeDriverLogs\",\"bail\",\"framework\",\"reporters\",\"services\",\"maxInstances\",\"maxInstancesPerCapability\",\"injectGlobals\",\"filesToWatch\",\"execArgv\",\"runnerEnv\",\"runner\",\"shard\",\"specFileRetries\",\"specFileRetriesDelay\",\"specFileRetriesDeferred\",\"reporterSyncInterval\",\"reporterSyncTimeout\",\"cucumberFeaturesWithLineNumbers\",\"autoCompileOpts\",\"mochaOpts\",\"jasmineOpts\",\"cucumberOpts\",\"onPrepare\",\"onWorkerStart\",\"onWorkerEnd\",\"before\",\"beforeSession\",\"beforeSuite\",\"beforeHook\",\"beforeTest\",\"afterTest\",\"afterHook\",\"afterSuite\",\"afterSession\",\"after\",\"onComplete\",\"beforeAssertion\",\"afterAssertion\",\"beforeFeature\",\"beforeScenario\",\"beforeStep\",\"afterStep\",\"afterScenario\",\"afterFeature\",\"_\",\"suite\",\"$0\",\"ignoredWorkerServices\",\"wdi5\"]"}]}
COMMAND: POST /session/04aee939af97850adaa3733c1af52842/execute/async - {"script":"<script> [21126 bytes]","args":[35000]}
RESULT: {"script":"<script> [21126 bytes]","args":[35000]}
COMMAND: POST /session/04aee939af97850adaa3733c1af52842/execute/async - {"script":"<script> [1562 bytes]","args":[{"selector":{"controlType":"sap.m.GenericTile","properties":{"header":"Manage Partners"}},"wdio_ui5_key":"sapm.GenericTile{\"header\":\"Manage Partners\"}"}]}
RESULT: {"script":"<script> [1562 bytes]","args":[{"selector":{"controlType":"sap.m.GenericTile","properties":{"header":"Manage Partners"}},"wdio_ui5_key":"sapm.GenericTile{\"header\":\"Manage Partners\"}"}]}
RESULT: undefined
COMMAND: POST /session/04aee939af97850adaa3733c1af52842/element - {"using":"xpath","value":"//*[@id=\"__tile38\"]"}
RESULT: {"using":"xpath","value":"//*[@id=\"__tile38\"]"}
COMMAND: POST /session/04aee939af97850adaa3733c1af52842/element/f.244B6B55DE4F2A8C3CFC86491C19658C.d.8D24A495F3F3AEB9CE31C8E03434287E.e.1207/click - {}
RESULT: {}
COMMAND: GET /session/04aee939af97850adaa3733c1af52842/screenshot - {}
RESULT: {}
COMMAND: POST /session/04aee939af97850adaa3733c1af52842/elements - {"using":"xpath","value":"//span[text()='Error']"}
RESULT: {"using":"xpath","value":"//span[text()='Error']"}
COMMAND: POST /session/04aee939af97850adaa3733c1af52842/execute/async - {"script":"<script> [1562 bytes]","args":[{"selector":{"controlType":"sap.ui.core.Icon","viewName":"etm.portal.ui.managepartners.view.Master","viewId":"application-managepartners-display-component---masterPtm","properties":{"src":{"regex":{"source":"add"}}}},"wdio_ui5_key":"etmportal.ui.managepartners.view.Mastersap.ui.core.Icon{\"src\":{\"regex\":{\"source\":\"add\"}}}"}]}
RESULT: {"script":"<script> [1562 bytes]","args":[{"selector":{"controlType":"sap.ui.core.Icon","viewName":"etm.portal.ui.managepartners.view.Master","viewId":"application-managepartners-display-component---masterPtm","properties":{"src":{"regex":{"source":"add"}}}},"wdio_ui5_key":"etmportal.ui.managepartners.view.Mastersap.ui.core.Icon{\"src\":{\"regex\":{\"source\":\"add\"}}}"}]}
RESULT: undefined
COMMAND: POST /session/04aee939af97850adaa3733c1af52842/element - {"using":"xpath","value":"//*[@id=\"__button4-img\"]"}
RESULT: {"using":"xpath","value":"//*[@id=\"__button4-img\"]"}
COMMAND: POST /session/04aee939af97850adaa3733c1af52842/element/f.244B6B55DE4F2A8C3CFC86491C19658C.d.8D24A495F3F3AEB9CE31C8E03434287E.e.1258/click - {}
RESULT: {}
COMMAND: GET /session/04aee939af97850adaa3733c1af52842/screenshot - {}
RESULT: {}
COMMAND: POST /session/04aee939af97850adaa3733c1af52842/execute/async - {"script":"<script> [1562 bytes]","args":[{"selector":{"id":"application-managepartners-display-component---NewPartner--partnerId","interaction":{"idSuffix":"inner"}},"wdio_ui5_key":"applicationmanagepartners-display-component---NewPartner--partnerId"}]}
RESULT: {"script":"<script> [1562 bytes]","args":[{"selector":{"id":"application-managepartners-display-component---NewPartner--partnerId","interaction":{"idSuffix":"inner"}},"wdio_ui5_key":"applicationmanagepartners-display-component---NewPartner--partnerId"}]}
RESULT: undefined
COMMAND: POST /session/04aee939af97850adaa3733c1af52842/execute/async - {"script":"<script> [1562 bytes]","args":[{"selector":{"id":"application-managepartners-display-component---NewPartner--addressDetailDetailsName1","interaction":{"idSuffix":"inner"}},"wdio_ui5_key":"applicationmanagepartners-display-component---NewPartner--addressDetailDetailsName1"}]}
RESULT: {"script":"<script> [1562 bytes]","args":[{"selector":{"id":"application-managepartners-display-component---NewPartner--addressDetailDetailsName1","interaction":{"idSuffix":"inner"}},"wdio_ui5_key":"applicationmanagepartners-display-component---NewPartner--addressDetailDetailsName1"}]}
RESULT: undefined
COMMAND: POST /session/04aee939af97850adaa3733c1af52842/execute/async - {"script":"<script> [776 bytes]","args":[{"enterText":"WebdriverPartnerd2m4xi","selector":{"id":"application-managepartners-display-component---NewPartner--addressDetailDetailsName1","interaction":{"idSuffix":"inner"}},"clearTextFirst":true,"interactionType":"ENTER_TEXT"}]}
RESULT: {"script":"<script> [776 bytes]","args":[{"enterText":"WebdriverPartnerd2m4xi","selector":{"id":"application-managepartners-display-component---NewPartner--addressDetailDetailsName1","interaction":{"idSuffix":"inner"}},"clearTextFirst":true,"interactionType":"ENTER_TEXT"}]}
COMMAND: POST /session/04aee939af97850adaa3733c1af52842/execute/async - {"script":"<script> [1562 bytes]","args":[{"selector":{"id":"application-managepartners-display-component---NewPartner--addressDetailDetailsLanguage","interaction":{"idSuffix":"inner"}},"wdio_ui5_key":"applicationmanagepartners-display-component---NewPartner--addressDetailDetailsLanguage"}]}
RESULT: {"script":"<script> [1562 bytes]","args":[{"selector":{"id":"application-managepartners-display-component---NewPartner--addressDetailDetailsLanguage","interaction":{"idSuffix":"inner"}},"wdio_ui5_key":"applicationmanagepartners-display-component---NewPartner--addressDetailDetailsLanguage"}]}
RESULT: undefined
COMMAND: POST /session/04aee939af97850adaa3733c1af52842/execute/async - {"script":"<script> [776 bytes]","args":[{"enterText":"Romanian","selector":{"id":"application-managepartners-display-component---NewPartner--addressDetailDetailsLanguage","interaction":{"idSuffix":"inner"}},"clearTextFirst":true,"interactionType":"ENTER_TEXT"}]}
RESULT: {"script":"<script> [776 bytes]","args":[{"enterText":"Romanian","selector":{"id":"application-managepartners-display-component---NewPartner--addressDetailDetailsLanguage","interaction":{"idSuffix":"inner"}},"clearTextFirst":true,"interactionType":"ENTER_TEXT"}]}
COMMAND: POST /session/04aee939af97850adaa3733c1af52842/element - {"using":"xpath","value":"//input[contains(@id ,\"application-managepartners-display-component---NewPartner--addressDetailDetailsName1-inner\")]"}
RESULT: {"using":"xpath","value":"//input[contains(@id ,\"application-managepartners-display-component---NewPartner--addressDetailDetailsName1-inner\")]"}
COMMAND: GET /session/04aee939af97850adaa3733c1af52842/element/f.244B6B55DE4F2A8C3CFC86491C19658C.d.8D24A495F3F3AEB9CE31C8E03434287E.e.1396/property/value - {}
RESULT: {}
COMMAND: POST /session/04aee939af97850adaa3733c1af52842/execute/async - {"script":"<script> [1562 bytes]","args":[{"selector":{"id":"application-managepartners-display-component---NewPartner--addressDetailDetailsCity1","interaction":{"idSuffix":"inner"}},"wdio_ui5_key":"applicationmanagepartners-display-component---NewPartner--addressDetailDetailsCity1"}]}
COMMAND: GET /session/04aee939af97850adaa3733c1af52842/screenshot - {}
RESULT: {"script":"<script> [1562 bytes]","args":[{"selector":{"id":"application-managepartners-display-component---NewPartner--addressDetailDetailsCity1","interaction":{"idSuffix":"inner"}},"wdio_ui5_key":"applicationmanagepartners-display-component---NewPartner--addressDetailDetailsCity1"}]}
RESULT: undefined
COMMAND: POST /session/04aee939af97850adaa3733c1af52842/execute/async - {"script":"<script> [776 bytes]","args":[{"enterText":"Bucharest","selector":{"id":"application-managepartners-display-component---NewPartner--addressDetailDetailsCity1","interaction":{"idSuffix":"inner"}},"clearTextFirst":true,"interactionType":"ENTER_TEXT"}]}
RESULT: {}
RESULT: {"script":"<script> [776 bytes]","args":[{"enterText":"Bucharest","selector":{"id":"application-managepartners-display-component---NewPartner--addressDetailDetailsCity1","interaction":{"idSuffix":"inner"}},"clearTextFirst":true,"interactionType":"ENTER_TEXT"}]}
COMMAND: POST /session/04aee939af97850adaa3733c1af52842/execute/async - {"script":"<script> [1562 bytes]","args":[{"selector":{"id":"application-managepartners-display-component---NewPartner--addressDetailDetailsCountry","interaction":{"idSuffix":"inner"}},"wdio_ui5_key":"applicationmanagepartners-display-component---NewPartner--addressDetailDetailsCountry"}]}
RESULT: {"script":"<script> [1562 bytes]","args":[{"selector":{"id":"application-managepartners-display-component---NewPartner--addressDetailDetailsCountry","interaction":{"idSuffix":"inner"}},"wdio_ui5_key":"applicationmanagepartners-display-component---NewPartner--addressDetailDetailsCountry"}]}
RESULT: undefined
COMMAND: POST /session/04aee939af97850adaa3733c1af52842/execute/async - {"script":"<script> [6424 bytes]","args":[{"element-6066-11e4-a52e-4f735466cecf":"f.244B6B55DE4F2A8C3CFC86491C19658C.d.8D24A495F3F3AEB9CE31C8E03434287E.e.1403"},"setValue",["Romania"]]}
RESULT: {"script":"<script> [6424 bytes]","args":[{"element-6066-11e4-a52e-4f735466cecf":"f.244B6B55DE4F2A8C3CFC86491C19658C.d.8D24A495F3F3AEB9CE31C8E03434287E.e.1403"},"setValue",["Romania"]]}
COMMAND: POST /session/04aee939af97850adaa3733c1af52842/execute/async - {"script":"<script> [1562 bytes]","args":[{"selector":{"id":"application-managepartners-display-component---NewPartner--partnerDetailInternal","interaction":{"idSuffix":"inner"}},"wdio_ui5_key":"applicationmanagepartners-display-component---NewPartner--partnerDetailInternal"}]}
RESULT: {"script":"<script> [1562 bytes]","args":[{"selector":{"id":"application-managepartners-display-component---NewPartner--partnerDetailInternal","interaction":{"idSuffix":"inner"}},"wdio_ui5_key":"applicationmanagepartners-display-component---NewPartner--partnerDetailInternal"}]}
RESULT: undefined
COMMAND: POST /session/04aee939af97850adaa3733c1af52842/execute/async - {"script":"<script> [776 bytes]","args":[{"enterText":"External partner","selector":{"id":"application-managepartners-display-component---NewPartner--partnerDetailInternal","interaction":{"idSuffix":"inner"}},"clearTextFirst":true,"interactionType":"ENTER_TEXT"}]}
RESULT: {"script":"<script> [776 bytes]","args":[{"enterText":"External partner","selector":{"id":"application-managepartners-display-component---NewPartner--partnerDetailInternal","interaction":{"idSuffix":"inner"}},"clearTextFirst":true,"interactionType":"ENTER_TEXT"}]}
COMMAND: POST /session/04aee939af97850adaa3733c1af52842/execute/async - {"script":"<script> [1562 bytes]","args":[{"selector":{"id":"application-managepartners-display-component---NewPartner--partnerDetailsCurrency","interaction":{"idSuffix":"inner"}},"wdio_ui5_key":"applicationmanagepartners-display-component---NewPartner--partnerDetailsCurrency"}]}
RESULT: {"script":"<script> [1562 bytes]","args":[{"selector":{"id":"application-managepartners-display-component---NewPartner--partnerDetailsCurrency","interaction":{"idSuffix":"inner"}},"wdio_ui5_key":"applicationmanagepartners-display-component---NewPartner--partnerDetailsCurrency"}]}
RESULT: undefined
COMMAND: POST /session/04aee939af97850adaa3733c1af52842/execute/async - {"script":"<script> [776 bytes]","args":[{"enterText":"Euro","selector":{"id":"application-managepartners-display-component---NewPartner--partnerDetailsCurrency","interaction":{"idSuffix":"inner"}},"clearTextFirst":true,"interactionType":"ENTER_TEXT"}]}
RESULT: {"script":"<script> [776 bytes]","args":[{"enterText":"Euro","selector":{"id":"application-managepartners-display-component---NewPartner--partnerDetailsCurrency","interaction":{"idSuffix":"inner"}},"clearTextFirst":true,"interactionType":"ENTER_TEXT"}]}
COMMAND: POST /session/04aee939af97850adaa3733c1af52842/execute/async - {"script":"<script> [1562 bytes]","args":[{"selector":{"controlType":"sap.m.Button","viewName":"etm.portal.ui.managepartners.view.NewPartner","viewId":"application-managepartners-display-component---NewPartner","properties":{"text":"Commercial"},"interaction":{"idSuffix":"BDI-content"}},"wdio_ui5_key":"etmportal.ui.managepartners.view.NewPartnersap.m.Button{\"text\":\"Commercial\"}"}]}
RESULT: {"script":"<script> [1562 bytes]","args":[{"selector":{"controlType":"sap.m.Button","viewName":"etm.portal.ui.managepartners.view.NewPartner","viewId":"application-managepartners-display-component---NewPartner","properties":{"text":"Commercial"},"interaction":{"idSuffix":"BDI-content"}},"wdio_ui5_key":"etmportal.ui.managepartners.view.NewPartnersap.m.Button{\"text\":\"Commercial\"}"}]}
RESULT: undefined
COMMAND: POST /session/04aee939af97850adaa3733c1af52842/element - {"using":"xpath","value":"//*[@id=\"application-managepartners-display-component---NewPartner--ObjectPageLayout-anchBar-__section5-anchor\"]"}
RESULT: {"using":"xpath","value":"//*[@id=\"application-managepartners-display-component---NewPartner--ObjectPageLayout-anchBar-__section5-anchor\"]"}
COMMAND: POST /session/04aee939af97850adaa3733c1af52842/element/f.244B6B55DE4F2A8C3CFC86491C19658C.d.8D24A495F3F3AEB9CE31C8E03434287E.e.1687/click - {}
RESULT: {}
COMMAND: GET /session/04aee939af97850adaa3733c1af52842/screenshot - {}
RESULT: {}
COMMAND: POST /session/04aee939af97850adaa3733c1af52842/execute/async - {"script":"<script> [1562 bytes]","args":[{"selector":{"id":"application-managepartners-display-component---NewPartner--btnAddTableRow-img"},"wdio_ui5_key":"applicationmanagepartners-display-component---NewPartner--btnAddTableRow-img"}]}
RESULT: {"script":"<script> [1562 bytes]","args":[{"selector":{"id":"application-managepartners-display-component---NewPartner--btnAddTableRow-img"},"wdio_ui5_key":"applicationmanagepartners-display-component---NewPartner--btnAddTableRow-img"}]}
RESULT: undefined
COMMAND: POST /session/04aee939af97850adaa3733c1af52842/element - {"using":"xpath","value":"//*[@id=\"application-managepartners-display-component---NewPartner--btnAddTableRow-img\"]"}
RESULT: {"using":"xpath","value":"//*[@id=\"application-managepartners-display-component---NewPartner--btnAddTableRow-img\"]"}
COMMAND: POST /session/04aee939af97850adaa3733c1af52842/element/f.244B6B55DE4F2A8C3CFC86491C19658C.d.8D24A495F3F3AEB9CE31C8E03434287E.e.1695/click - {}
RESULT: {}
COMMAND: POST /session/04aee939af97850adaa3733c1af52842/element - {"using":"xpath","value":"//input[contains(@id ,\"application-managepartners-display-component---NewPartner--assignmentYard-application-managepartners-display-component---NewPartner\")]"}
COMMAND: GET /session/04aee939af97850adaa3733c1af52842/screenshot - {}
RESULT: {"using":"xpath","value":"//input[contains(@id ,\"application-managepartners-display-component---NewPartner--assignmentYard-application-managepartners-display-component---NewPartner\")]"}
COMMAND: POST /session/04aee939af97850adaa3733c1af52842/element/f.244B6B55DE4F2A8C3CFC86491C19658C.d.8D24A495F3F3AEB9CE31C8E03434287E.e.1698/clear - {}
RESULT: {}
RESULT: {}
COMMAND: POST /session/04aee939af97850adaa3733c1af52842/element/f.244B6B55DE4F2A8C3CFC86491C19658C.d.8D24A495F3F3AEB9CE31C8E03434287E.e.1698/value - {"text":"WebdriverYardf6lo1"}
COMMAND: GET /session/04aee939af97850adaa3733c1af52842/screenshot - {}
RESULT: {"text":"WebdriverYardf6lo1"}
COMMAND: GET /session/04aee939af97850adaa3733c1af52842/screenshot - {}
RESULT: {}
RESULT: {}
COMMAND: POST /session/04aee939af97850adaa3733c1af52842/execute/async - {"script":"<script> [1562 bytes]","args":[{"selector":{"controlType":"sap.m.Button","viewName":"etm.portal.ui.managepartners.view.NewPartner","viewId":"application-managepartners-display-component---NewPartner","i18NText":{"propertyName":"text","key":"save"},"interaction":{"idSuffix":"BDI-content"}},"wdio_ui5_key":"etmportal.ui.managepartners.view.NewPartnersap.m.Button{\"propertyName\":\"text\",\"key\":\"save\"}"}]}
RESULT: {"script":"<script> [1562 bytes]","args":[{"selector":{"controlType":"sap.m.Button","viewName":"etm.portal.ui.managepartners.view.NewPartner","viewId":"application-managepartners-display-component---NewPartner","i18NText":{"propertyName":"text","key":"save"},"interaction":{"idSuffix":"BDI-content"}},"wdio_ui5_key":"etmportal.ui.managepartners.view.NewPartnersap.m.Button{\"propertyName\":\"text\",\"key\":\"save\"}"}]}
RESULT: undefined
COMMAND: POST /session/04aee939af97850adaa3733c1af52842/element - {"using":"xpath","value":"//*[@id=\"__button12\"]"}
RESULT: {"using":"xpath","value":"//*[@id=\"__button12\"]"}
COMMAND: POST /session/04aee939af97850adaa3733c1af52842/element/f.244B6B55DE4F2A8C3CFC86491C19658C.d.8D24A495F3F3AEB9CE31C8E03434287E.e.1626/click - {}
RESULT: {}
COMMAND: GET /session/04aee939af97850adaa3733c1af52842/screenshot - {}
RESULT: {}
COMMAND: POST /session/04aee939af97850adaa3733c1af52842/element - {"using":"xpath","value":"//header/div/div[2]/div[2]/span"}
RESULT: {"using":"xpath","value":"//header/div/div[2]/div[2]/span"}
COMMAND: GET /session/04aee939af97850adaa3733c1af52842/element/f.244B6B55DE4F2A8C3CFC86491C19658C.d.8D24A495F3F3AEB9CE31C8E03434287E.e.1870/text - {}
RESULT: {}
COMMAND: POST /session/04aee939af97850adaa3733c1af52842/element - {"using":"xpath","value":"//header/div/div/div/div/div/div[2]/div/span"}
RESULT: {"using":"xpath","value":"//header/div/div/div/div/div/div[2]/div/span"}
COMMAND: GET /session/04aee939af97850adaa3733c1af52842/element/f.244B6B55DE4F2A8C3CFC86491C19658C.d.8D24A495F3F3AEB9CE31C8E03434287E.e.1871/text - {}
RESULT: {}
COMMAND: POST /session/04aee939af97850adaa3733c1af52842/execute/async - {"script":"<script> [1562 bytes]","args":[{"selector":{"id":"application-managepartners-display-component---detailPtm--partnerType"},"wdio_ui5_key":"applicationmanagepartners-display-component---detailPtm--partnerType"}]}
RESULT: {"script":"<script> [1562 bytes]","args":[{"selector":{"id":"application-managepartners-display-component---detailPtm--partnerType"},"wdio_ui5_key":"applicationmanagepartners-display-component---detailPtm--partnerType"}]}
RESULT: undefined
COMMAND: POST /session/04aee939af97850adaa3733c1af52842/execute/async - {"script":"<script> [6424 bytes]","args":[{"element-6066-11e4-a52e-4f735466cecf":"f.244B6B55DE4F2A8C3CFC86491C19658C.d.8D24A495F3F3AEB9CE31C8E03434287E.e.1872"},"getText",[]]}
RESULT: {"script":"<script> [6424 bytes]","args":[{"element-6066-11e4-a52e-4f735466cecf":"f.244B6B55DE4F2A8C3CFC86491C19658C.d.8D24A495F3F3AEB9CE31C8E03434287E.e.1872"},"getText",[]]}
COMMAND: POST /session/04aee939af97850adaa3733c1af52842/element - {"using":"css selector","value":"#shell-header-logo"}
RESULT: {"using":"css selector","value":"#shell-header-logo"}
COMMAND: POST /session/04aee939af97850adaa3733c1af52842/element/f.244B6B55DE4F2A8C3CFC86491C19658C.d.8D24A495F3F3AEB9CE31C8E03434287E.e.1210/click - {}
RESULT: {}
COMMAND: GET /session/04aee939af97850adaa3733c1af52842/screenshot - {}
RESULT: {}
COMMAND: POST /session/04aee939af97850adaa3733c1af52842/execute/async - {"script":"<script> [1562 bytes]","args":[{"selector":{"controlType":"sap.m.GenericTile","properties":{"header":"Manage Sites"}},"wdio_ui5_key":"sapm.GenericTile{\"header\":\"Manage Sites\"}"}]}
RESULT: {"script":"<script> [1562 bytes]","args":[{"selector":{"controlType":"sap.m.GenericTile","properties":{"header":"Manage Sites"}},"wdio_ui5_key":"sapm.GenericTile{\"header\":\"Manage Sites\"}"}]}
RESULT: undefined
COMMAND: POST /session/04aee939af97850adaa3733c1af52842/element - {"using":"xpath","value":"//*[@id=\"__tile40\"]"}
RESULT: {"using":"xpath","value":"//*[@id=\"__tile40\"]"}
COMMAND: POST /session/04aee939af97850adaa3733c1af52842/element/f.244B6B55DE4F2A8C3CFC86491C19658C.d.8D24A495F3F3AEB9CE31C8E03434287E.e.1874/click - {}
RESULT: {}
COMMAND: GET /session/04aee939af97850adaa3733c1af52842/screenshot - {}
RESULT: {}
COMMAND: POST /session/04aee939af97850adaa3733c1af52842/elements - {"using":"xpath","value":"//span[text()='Error']"}
RESULT: {"using":"xpath","value":"//span[text()='Error']"}
COMMAND: POST /session/04aee939af97850adaa3733c1af52842/execute/async - {"script":"<script> [1562 bytes]","args":[{"selector":{"controlType":"sap.ui.core.Icon","viewName":"etm.portal.ui.managesites.view.Master","viewId":"application-managesites-display-component---masterSite","properties":{"src":{"regex":{"source":"add"}}}},"wdio_ui5_key":"etmportal.ui.managesites.view.Mastersap.ui.core.Icon{\"src\":{\"regex\":{\"source\":\"add\"}}}"}]}
RESULT: {"script":"<script> [1562 bytes]","args":[{"selector":{"controlType":"sap.ui.core.Icon","viewName":"etm.portal.ui.managesites.view.Master","viewId":"application-managesites-display-component---masterSite","properties":{"src":{"regex":{"source":"add"}}}},"wdio_ui5_key":"etmportal.ui.managesites.view.Mastersap.ui.core.Icon{\"src\":{\"regex\":{\"source\":\"add\"}}}"}]}
RESULT: undefined
COMMAND: POST /session/04aee939af97850adaa3733c1af52842/element - {"using":"xpath","value":"//*[@id=\"__button48-img\"]"}
RESULT: {"using":"xpath","value":"//*[@id=\"__button48-img\"]"}
COMMAND: POST /session/04aee939af97850adaa3733c1af52842/element/f.244B6B55DE4F2A8C3CFC86491C19658C.d.8D24A495F3F3AEB9CE31C8E03434287E.e.1923/click - {}
RESULT: {}
COMMAND: POST /session/04aee939af97850adaa3733c1af52842/execute/async - {"script":"<script> [1562 bytes]","args":[{"selector":{"id":"application-managesites-display-component---NewSite--siteId","interaction":{"idSuffix":"inner"}},"wdio_ui5_key":"applicationmanagesites-display-component---NewSite--siteId"}]}
COMMAND: GET /session/04aee939af97850adaa3733c1af52842/screenshot - {}
RESULT: {"script":"<script> [1562 bytes]","args":[{"selector":{"id":"application-managesites-display-component---NewSite--siteId","interaction":{"idSuffix":"inner"}},"wdio_ui5_key":"applicationmanagesites-display-component---NewSite--siteId"}]}
RESULT: undefined
COMMAND: POST /session/04aee939af97850adaa3733c1af52842/execute/async - {"script":"<script> [1562 bytes]","args":[{"selector":{"id":"application-managesites-display-component---NewSite--addressDetailDetailsName1","interaction":{"idSuffix":"inner"}},"wdio_ui5_key":"applicationmanagesites-display-component---NewSite--addressDetailDetailsName1"}]}
RESULT: {}
RESULT: {"script":"<script> [1562 bytes]","args":[{"selector":{"id":"application-managesites-display-component---NewSite--addressDetailDetailsName1","interaction":{"idSuffix":"inner"}},"wdio_ui5_key":"applicationmanagesites-display-component---NewSite--addressDetailDetailsName1"}]}
RESULT: undefined
COMMAND: POST /session/04aee939af97850adaa3733c1af52842/execute/async - {"script":"<script> [776 bytes]","args":[{"enterText":"WebdriverSited2samg","selector":{"id":"application-managesites-display-component---NewSite--addressDetailDetailsName1","interaction":{"idSuffix":"inner"}},"clearTextFirst":true,"interactionType":"ENTER_TEXT"}]}
RESULT: {"script":"<script> [776 bytes]","args":[{"enterText":"WebdriverSited2samg","selector":{"id":"application-managesites-display-component---NewSite--addressDetailDetailsName1","interaction":{"idSuffix":"inner"}},"clearTextFirst":true,"interactionType":"ENTER_TEXT"}]}
COMMAND: POST /session/04aee939af97850adaa3733c1af52842/execute/async - {"script":"<script> [1562 bytes]","args":[{"selector":{"id":"application-managesites-display-component---NewSite--addressDetailDetailsLanguage","interaction":{"idSuffix":"inner"}},"wdio_ui5_key":"applicationmanagesites-display-component---NewSite--addressDetailDetailsLanguage"}]}
RESULT: {"script":"<script> [1562 bytes]","args":[{"selector":{"id":"application-managesites-display-component---NewSite--addressDetailDetailsLanguage","interaction":{"idSuffix":"inner"}},"wdio_ui5_key":"applicationmanagesites-display-component---NewSite--addressDetailDetailsLanguage"}]}
RESULT: undefined
COMMAND: POST /session/04aee939af97850adaa3733c1af52842/execute/async - {"script":"<script> [776 bytes]","args":[{"enterText":"Romanian","selector":{"id":"application-managesites-display-component---NewSite--addressDetailDetailsLanguage","interaction":{"idSuffix":"inner"}},"clearTextFirst":true,"interactionType":"ENTER_TEXT"}]}
RESULT: {"script":"<script> [776 bytes]","args":[{"enterText":"Romanian","selector":{"id":"application-managesites-display-component---NewSite--addressDetailDetailsLanguage","interaction":{"idSuffix":"inner"}},"clearTextFirst":true,"interactionType":"ENTER_TEXT"}]}
COMMAND: POST /session/04aee939af97850adaa3733c1af52842/execute/async - {"script":"<script> [1562 bytes]","args":[{"selector":{"id":"application-managesites-display-component---NewSite--addressDetailDetailsCity1","interaction":{"idSuffix":"inner"}},"wdio_ui5_key":"applicationmanagesites-display-component---NewSite--addressDetailDetailsCity1"}]}
RESULT: {"script":"<script> [1562 bytes]","args":[{"selector":{"id":"application-managesites-display-component---NewSite--addressDetailDetailsCity1","interaction":{"idSuffix":"inner"}},"wdio_ui5_key":"applicationmanagesites-display-component---NewSite--addressDetailDetailsCity1"}]}
RESULT: undefined
COMMAND: POST /session/04aee939af97850adaa3733c1af52842/execute/async - {"script":"<script> [776 bytes]","args":[{"enterText":"Bucharest","selector":{"id":"application-managesites-display-component---NewSite--addressDetailDetailsCity1","interaction":{"idSuffix":"inner"}},"clearTextFirst":true,"interactionType":"ENTER_TEXT"}]}
RESULT: {"script":"<script> [776 bytes]","args":[{"enterText":"Bucharest","selector":{"id":"application-managesites-display-component---NewSite--addressDetailDetailsCity1","interaction":{"idSuffix":"inner"}},"clearTextFirst":true,"interactionType":"ENTER_TEXT"}]}
COMMAND: POST /session/04aee939af97850adaa3733c1af52842/execute/async - {"script":"<script> [1562 bytes]","args":[{"selector":{"id":"application-managesites-display-component---NewSite--addressDetailDetailsCountry","interaction":{"idSuffix":"inner"}},"wdio_ui5_key":"applicationmanagesites-display-component---NewSite--addressDetailDetailsCountry"}]}
RESULT: {"script":"<script> [1562 bytes]","args":[{"selector":{"id":"application-managesites-display-component---NewSite--addressDetailDetailsCountry","interaction":{"idSuffix":"inner"}},"wdio_ui5_key":"applicationmanagesites-display-component---NewSite--addressDetailDetailsCountry"}]}
RESULT: undefined
COMMAND: POST /session/04aee939af97850adaa3733c1af52842/execute/async - {"script":"<script> [776 bytes]","args":[{"enterText":"Romania","selector":{"id":"application-managesites-display-component---NewSite--addressDetailDetailsCountry","interaction":{"idSuffix":"inner"}},"clearTextFirst":true,"interactionType":"ENTER_TEXT"}]}
RESULT: {"script":"<script> [776 bytes]","args":[{"enterText":"Romania","selector":{"id":"application-managesites-display-component---NewSite--addressDetailDetailsCountry","interaction":{"idSuffix":"inner"}},"clearTextFirst":true,"interactionType":"ENTER_TEXT"}]}
COMMAND: POST /session/04aee939af97850adaa3733c1af52842/element - {"using":"css selector","value":"#application-managesites-display-component---NewSite--addressDetailDetailsCalendar-inner"}
RESULT: {"using":"css selector","value":"#application-managesites-display-component---NewSite--addressDetailDetailsCalendar-inner"}
COMMAND: POST /session/04aee939af97850adaa3733c1af52842/element/f.244B6B55DE4F2A8C3CFC86491C19658C.d.8D24A495F3F3AEB9CE31C8E03434287E.e.2088/clear - {}
RESULT: {}
COMMAND: POST /session/04aee939af97850adaa3733c1af52842/element/f.244B6B55DE4F2A8C3CFC86491C19658C.d.8D24A495F3F3AEB9CE31C8E03434287E.e.2088/value - {"text":"Germany"}
COMMAND: GET /session/04aee939af97850adaa3733c1af52842/screenshot - {}
RESULT: {"text":"Germany"}
COMMAND: POST /session/04aee939af97850adaa3733c1af52842/execute/async - {"script":"<script> [1562 bytes]","args":[{"selector":{"id":"application-managesites-display-component---NewSite--addressEditDetailsCostObjectCstType-arrow"},"wdio_ui5_key":"applicationmanagesites-display-component---NewSite--addressEditDetailsCostObjectCstType-arrow"}]}
COMMAND: GET /session/04aee939af97850adaa3733c1af52842/screenshot - {}
RESULT: {}
RESULT: {"script":"<script> [1562 bytes]","args":[{"selector":{"id":"application-managesites-display-component---NewSite--addressEditDetailsCostObjectCstType-arrow"},"wdio_ui5_key":"applicationmanagesites-display-component---NewSite--addressEditDetailsCostObjectCstType-arrow"}]}
RESULT: undefined
COMMAND: POST /session/04aee939af97850adaa3733c1af52842/element - {"using":"xpath","value":"//*[@id=\"application-managesites-display-component---NewSite--addressEditDetailsCostObjectCstType-arrow\"]"}
RESULT: {}
RESULT: {"using":"xpath","value":"//*[@id=\"application-managesites-display-component---NewSite--addressEditDetailsCostObjectCstType-arrow\"]"}
COMMAND: POST /session/04aee939af97850adaa3733c1af52842/element/f.244B6B55DE4F2A8C3CFC86491C19658C.d.8D24A495F3F3AEB9CE31C8E03434287E.e.2316/click - {}
RESULT: {}
COMMAND: POST /session/04aee939af97850adaa3733c1af52842/element - {"using":"xpath","value":"//span[contains(text(), \"Work Breakdown Structure\")]"}
COMMAND: GET /session/04aee939af97850adaa3733c1af52842/screenshot - {}
RESULT: {"using":"xpath","value":"//span[contains(text(), \"Work Breakdown Structure\")]"}
COMMAND: POST /session/04aee939af97850adaa3733c1af52842/element/f.244B6B55DE4F2A8C3CFC86491C19658C.d.8D24A495F3F3AEB9CE31C8E03434287E.e.2318/click - {}
RESULT: {}
RESULT: {}
COMMAND: GET /session/04aee939af97850adaa3733c1af52842/screenshot - {}
RESULT: {}
COMMAND: POST /session/04aee939af97850adaa3733c1af52842/execute/async - {"script":"<script> [1562 bytes]","args":[{"selector":{"id":"application-managesites-display-component---NewSite--addressNewCostObjectCstID-vhi"},"wdio_ui5_key":"applicationmanagesites-display-component---NewSite--addressNewCostObjectCstID-vhi"}]}
RESULT: {"script":"<script> [1562 bytes]","args":[{"selector":{"id":"application-managesites-display-component---NewSite--addressNewCostObjectCstID-vhi"},"wdio_ui5_key":"applicationmanagesites-display-component---NewSite--addressNewCostObjectCstID-vhi"}]}
RESULT: undefined
COMMAND: POST /session/04aee939af97850adaa3733c1af52842/element - {"using":"xpath","value":"//*[@id=\"application-managesites-display-component---NewSite--addressNewCostObjectCstID-vhi\"]"}
RESULT: {"using":"xpath","value":"//*[@id=\"application-managesites-display-component---NewSite--addressNewCostObjectCstID-vhi\"]"}
COMMAND: POST /session/04aee939af97850adaa3733c1af52842/element/f.244B6B55DE4F2A8C3CFC86491C19658C.d.8D24A495F3F3AEB9CE31C8E03434287E.e.2323/click - {}
RESULT: {}
COMMAND: GET /session/04aee939af97850adaa3733c1af52842/screenshot - {}
RESULT: {}
COMMAND: POST /session/04aee939af97850adaa3733c1af52842/execute/async - {"script":"<script> [1562 bytes]","args":[{"selector":{"controlType":"sap.m.SearchField","properties":{"placeholder":"Search"},"searchOpenDialogs":true,"interaction":{"idSuffix":"I"}},"wdio_ui5_key":"sapm.SearchField{\"placeholder\":\"Search\"}"}]}
RESULT: {"script":"<script> [1562 bytes]","args":[{"selector":{"controlType":"sap.m.SearchField","properties":{"placeholder":"Search"},"searchOpenDialogs":true,"interaction":{"idSuffix":"I"}},"wdio_ui5_key":"sapm.SearchField{\"placeholder\":\"Search\"}"}]}
RESULT: undefined
COMMAND: POST /session/04aee939af97850adaa3733c1af52842/execute/async - {"script":"<script> [776 bytes]","args":[{"enterText":"A1-000100-01","selector":{"controlType":"sap.m.SearchField","properties":{"placeholder":"Search"},"searchOpenDialogs":true,"interaction":{"idSuffix":"I"}},"clearTextFirst":true,"interactionType":"ENTER_TEXT"}]}
RESULT: {"script":"<script> [776 bytes]","args":[{"enterText":"A1-000100-01","selector":{"controlType":"sap.m.SearchField","properties":{"placeholder":"Search"},"searchOpenDialogs":true,"interaction":{"idSuffix":"I"}},"clearTextFirst":true,"interactionType":"ENTER_TEXT"}]}
COMMAND: POST /session/04aee939af97850adaa3733c1af52842/actions - {"actions":[{"id":"action3","type":"key","parameters":{},"actions":[{"type":"keyDown","value":"î€‡"},{"type":"pause","duration":10},{"type":"keyUp","value":"î€‡"}]}]}
RESULT: {"actions":[{"id":"action3","type":"key","parameters":{},"actions":[{"type":"keyDown","value":"î€‡"},{"type":"pause","duration":10},{"type":"keyUp","value":"î€‡"}]}]}
COMMAND: GET /session/04aee939af97850adaa3733c1af52842/screenshot - {}
RESULT: {}
COMMAND: POST /session/04aee939af97850adaa3733c1af52842/element - {"using":"xpath","value":"//span[contains(text(), \"Template for ETO-Process\")]"}
RESULT: {"using":"xpath","value":"//span[contains(text(), \"Template for ETO-Process\")]"}
COMMAND: POST /session/04aee939af97850adaa3733c1af52842/element/f.244B6B55DE4F2A8C3CFC86491C19658C.d.8D24A495F3F3AEB9CE31C8E03434287E.e.2343/click - {}
RESULT: {}
COMMAND: GET /session/04aee939af97850adaa3733c1af52842/screenshot - {}
RESULT: {}
COMMAND: POST /session/04aee939af97850adaa3733c1af52842/element - {"using":"xpath","value":"//bdi[contains(text(), \"OK\")]"}
RESULT: {"using":"xpath","value":"//bdi[contains(text(), \"OK\")]"}
COMMAND: POST /session/04aee939af97850adaa3733c1af52842/element/f.244B6B55DE4F2A8C3CFC86491C19658C.d.8D24A495F3F3AEB9CE31C8E03434287E.e.2344/click - {}
RESULT: {}
COMMAND: GET /session/04aee939af97850adaa3733c1af52842/screenshot - {}
RESULT: {}
COMMAND: POST /session/04aee939af97850adaa3733c1af52842/element - {"using":"xpath","value":"//input[@id=\"application-managesites-display-component---NewSite--addressDetailDetailsYard-inner\"]"}
RESULT: {"using":"xpath","value":"//input[@id=\"application-managesites-display-component---NewSite--addressDetailDetailsYard-inner\"]"}
COMMAND: POST /session/04aee939af97850adaa3733c1af52842/element/f.244B6B55DE4F2A8C3CFC86491C19658C.d.8D24A495F3F3AEB9CE31C8E03434287E.e.2089/value - {"text":"WebdriverYardf6lo1"}
RESULT: {"text":"WebdriverYardf6lo1"}
COMMAND: GET /session/04aee939af97850adaa3733c1af52842/screenshot - {}
RESULT: {}
COMMAND: POST /session/04aee939af97850adaa3733c1af52842/actions - {"actions":[{"id":"action4","type":"key","parameters":{},"actions":[{"type":"keyDown","value":"î€‡"},{"type":"pause","duration":10},{"type":"keyUp","value":"î€‡"}]}]}
RESULT: {"actions":[{"id":"action4","type":"key","parameters":{},"actions":[{"type":"keyDown","value":"î€‡"},{"type":"pause","duration":10},{"type":"keyUp","value":"î€‡"}]}]}
COMMAND: GET /session/04aee939af97850adaa3733c1af52842/screenshot - {}
RESULT: {}
COMMAND: POST /session/04aee939af97850adaa3733c1af52842/element - {"using":"xpath","value":"//input[@id=\"application-managesites-display-component---NewSite--addressDetailDetailsPartner-inner\"]"}
RESULT: {"using":"xpath","value":"//input[@id=\"application-managesites-display-component---NewSite--addressDetailDetailsPartner-inner\"]"}
COMMAND: POST /session/04aee939af97850adaa3733c1af52842/elements - {"using":"xpath","value":"//input[@id=\"application-managesites-display-component---NewSite--addressDetailDetailsPartner-inner\"]"}
RESULT: {"using":"xpath","value":"//input[@id=\"application-managesites-display-component---NewSite--addressDetailDetailsPartner-inner\"]"}
COMMAND: POST /session/04aee939af97850adaa3733c1af52842/execute/async - {"script":"<script> [1562 bytes]","args":[{"selector":{"controlType":"sap.m.Button","viewName":"etm.portal.ui.managesites.view.NewSmartSite","viewId":"application-managesites-display-component---NewSite","properties":{"text":"Commercial"},"interaction":{"idSuffix":"BDI-content"}},"wdio_ui5_key":"etmportal.ui.managesites.view.NewSmartSitesap.m.Button{\"text\":\"Commercial\"}"}]}
RESULT: {"script":"<script> [1562 bytes]","args":[{"selector":{"controlType":"sap.m.Button","viewName":"etm.portal.ui.managesites.view.NewSmartSite","viewId":"application-managesites-display-component---NewSite","properties":{"text":"Commercial"},"interaction":{"idSuffix":"BDI-content"}},"wdio_ui5_key":"etmportal.ui.managesites.view.NewSmartSitesap.m.Button{\"text\":\"Commercial\"}"}]}
RESULT: undefined
COMMAND: POST /session/04aee939af97850adaa3733c1af52842/element - {"using":"xpath","value":"//*[@id=\"application-managesites-display-component---NewSite--ObjectPageLayout-anchBar-__section29-anchor\"]"}
RESULT: {"using":"xpath","value":"//*[@id=\"application-managesites-display-component---NewSite--ObjectPageLayout-anchBar-__section29-anchor\"]"}
COMMAND: POST /session/04aee939af97850adaa3733c1af52842/element/f.244B6B55DE4F2A8C3CFC86491C19658C.d.8D24A495F3F3AEB9CE31C8E03434287E.e.2351/click - {}
RESULT: {}
COMMAND: POST /session/04aee939af97850adaa3733c1af52842/execute/async - {"script":"<script> [1562 bytes]","args":[{"selector":{"controlType":"sap.m.Button","viewName":"etm.portal.ui.managesites.view.NewSmartSite","viewId":"application-managesites-display-component---NewSite","i18NText":{"propertyName":"text","key":"save"},"interaction":{"idSuffix":"BDI-content"}},"wdio_ui5_key":"etmportal.ui.managesites.view.NewSmartSitesap.m.Button{\"propertyName\":\"text\",\"key\":\"save\"}"}]}
COMMAND: GET /session/04aee939af97850adaa3733c1af52842/screenshot - {}
RESULT: {"script":"<script> [1562 bytes]","args":[{"selector":{"controlType":"sap.m.Button","viewName":"etm.portal.ui.managesites.view.NewSmartSite","viewId":"application-managesites-display-component---NewSite","i18NText":{"propertyName":"text","key":"save"},"interaction":{"idSuffix":"BDI-content"}},"wdio_ui5_key":"etmportal.ui.managesites.view.NewSmartSitesap.m.Button{\"propertyName\":\"text\",\"key\":\"save\"}"}]}
RESULT: undefined
COMMAND: POST /session/04aee939af97850adaa3733c1af52842/element - {"using":"xpath","value":"//*[@id=\"__button60\"]"}
RESULT: {}
RESULT: {"using":"xpath","value":"//*[@id=\"__button60\"]"}
COMMAND: POST /session/04aee939af97850adaa3733c1af52842/element/f.244B6B55DE4F2A8C3CFC86491C19658C.d.8D24A495F3F3AEB9CE31C8E03434287E.e.2255/click - {}
RESULT: {}
COMMAND: GET /session/04aee939af97850adaa3733c1af52842/screenshot - {}
RESULT: {}
COMMAND: POST /session/04aee939af97850adaa3733c1af52842/execute/async - {"script":"<script> [1562 bytes]","args":[{"selector":{"id":"application-managesites-display-component---detailSite--addressDetailDetailsYardText"},"wdio_ui5_key":"applicationmanagesites-display-component---detailSite--addressDetailDetailsYardText"}]}
RESULT: {"script":"<script> [1562 bytes]","args":[{"selector":{"id":"application-managesites-display-component---detailSite--addressDetailDetailsYardText"},"wdio_ui5_key":"applicationmanagesites-display-component---detailSite--addressDetailDetailsYardText"}]}
RESULT: undefined
COMMAND: POST /session/04aee939af97850adaa3733c1af52842/element - {"using":"xpath","value":"//header/div/div[2]/div[2]/span"}
RESULT: {"using":"xpath","value":"//header/div/div[2]/div[2]/span"}
COMMAND: GET /session/04aee939af97850adaa3733c1af52842/element/f.244B6B55DE4F2A8C3CFC86491C19658C.d.8D24A495F3F3AEB9CE31C8E03434287E.e.2564/text - {}
RESULT: {}
COMMAND: POST /session/04aee939af97850adaa3733c1af52842/element - {"using":"xpath","value":"//header/div/div/div/div/div/div[2]/div/span"}
RESULT: {"using":"xpath","value":"//header/div/div/div/div/div/div[2]/div/span"}
COMMAND: GET /session/04aee939af97850adaa3733c1af52842/element/f.244B6B55DE4F2A8C3CFC86491C19658C.d.8D24A495F3F3AEB9CE31C8E03434287E.e.2565/text - {}
RESULT: {}
COMMAND: POST /session/04aee939af97850adaa3733c1af52842/element - {"using":"css selector","value":"#shell-header-logo"}
RESULT: {"using":"css selector","value":"#shell-header-logo"}
COMMAND: POST /session/04aee939af97850adaa3733c1af52842/element/f.244B6B55DE4F2A8C3CFC86491C19658C.d.8D24A495F3F3AEB9CE31C8E03434287E.e.1877/click - {}
RESULT: {}
COMMAND: GET /session/04aee939af97850adaa3733c1af52842/screenshot - {}
RESULT: {}
]]></system-out>
    </testcase>
    <testcase classname="chrome.136_0_7103_93.windows.Standard_contract_-_add_contract_items_by_Insert_Request_US118222" name="Should create 2 new resources and a catalog item" time="379.901">
      <system-out><![CDATA[
COMMAND: POST /session/04aee939af97850adaa3733c1af52842/execute/async - {"script":"<script> [1562 bytes]","args":[{"selector":{"controlType":"sap.m.GenericTile","properties":{"header":"Manage Resources"}},"wdio_ui5_key":"sapm.GenericTile{\"header\":\"Manage Resources\"}"}]}
RESULT: {"script":"<script> [1562 bytes]","args":[{"selector":{"controlType":"sap.m.GenericTile","properties":{"header":"Manage Resources"}},"wdio_ui5_key":"sapm.GenericTile{\"header\":\"Manage Resources\"}"}]}
RESULT: undefined
COMMAND: POST /session/04aee939af97850adaa3733c1af52842/element - {"using":"xpath","value":"//*[@id=\"__tile39\"]"}
RESULT: {"using":"xpath","value":"//*[@id=\"__tile39\"]"}
COMMAND: POST /session/04aee939af97850adaa3733c1af52842/element/f.244B6B55DE4F2A8C3CFC86491C19658C.d.8D24A495F3F3AEB9CE31C8E03434287E.e.2567/click - {}
RESULT: {}
COMMAND: GET /session/04aee939af97850adaa3733c1af52842/screenshot - {}
RESULT: {}
COMMAND: POST /session/04aee939af97850adaa3733c1af52842/elements - {"using":"xpath","value":"//span[text()='Error']"}
RESULT: {"using":"xpath","value":"//span[text()='Error']"}
COMMAND: POST /session/04aee939af97850adaa3733c1af52842/element - {"using":"xpath","value":"//button[@data-kt=\"addNewRUOverflowToolbarButton\"]"}
RESULT: {"using":"xpath","value":"//button[@data-kt=\"addNewRUOverflowToolbarButton\"]"}
COMMAND: POST /session/04aee939af97850adaa3733c1af52842/execute/sync - {"script":"<script> [8489 bytes]","args":[{"element-6066-11e4-a52e-4f735466cecf":"f.244B6B55DE4F2A8C3CFC86491C19658C.d.8D24A495F3F3AEB9CE31C8E03434287E.e.2611","ELEMENT":"f.244B6B55DE4F2A8C3CFC86491C19658C.d.8D24A495F3F3AEB9CE31C8E03434287E.e.2611"}]}
RESULT: {"script":"<script> [8489 bytes]","args":[{"element-6066-11e4-a52e-4f735466cecf":"f.244B6B55DE4F2A8C3CFC86491C19658C.d.8D24A495F3F3AEB9CE31C8E03434287E.e.2611","ELEMENT":"f.244B6B55DE4F2A8C3CFC86491C19658C.d.8D24A495F3F3AEB9CE31C8E03434287E.e.2611"}]}
COMMAND: POST /session/04aee939af97850adaa3733c1af52842/element/f.244B6B55DE4F2A8C3CFC86491C19658C.d.8D24A495F3F3AEB9CE31C8E03434287E.e.2611/click - {}
COMMAND: GET /session/04aee939af97850adaa3733c1af52842/screenshot - {}
RESULT: {}
COMMAND: POST /session/04aee939af97850adaa3733c1af52842/execute/async - {"script":"<script> [1562 bytes]","args":[{"selector":{"id":"application-manageresources-display-component---newResourceUnit--TYPE-arrow"},"wdio_ui5_key":"applicationmanageresources-display-component---newResourceUnit--TYPE-arrow"}]}
COMMAND: GET /session/04aee939af97850adaa3733c1af52842/screenshot - {}
RESULT: {}
RESULT: {"script":"<script> [1562 bytes]","args":[{"selector":{"id":"application-manageresources-display-component---newResourceUnit--TYPE-arrow"},"wdio_ui5_key":"applicationmanageresources-display-component---newResourceUnit--TYPE-arrow"}]}
RESULT: undefined
COMMAND: POST /session/04aee939af97850adaa3733c1af52842/element - {"using":"xpath","value":"//*[@id=\"application-manageresources-display-component---newResourceUnit--TYPE-arrow\"]"}
RESULT: {}
RESULT: {"using":"xpath","value":"//*[@id=\"application-manageresources-display-component---newResourceUnit--TYPE-arrow\"]"}
COMMAND: POST /session/04aee939af97850adaa3733c1af52842/element/f.244B6B55DE4F2A8C3CFC86491C19658C.d.8D24A495F3F3AEB9CE31C8E03434287E.e.2937/click - {}
RESULT: {}
COMMAND: POST /session/04aee939af97850adaa3733c1af52842/execute/async - {"script":"<script> [1562 bytes]","args":[{"selector":{"controlType":"sap.m.StandardListItem","viewName":"reusables.view.manageresources.NewResourceUnit","viewId":"application-manageresources-display-component---newResourceUnit","properties":{"title":"Material"},"searchOpenDialogs":true,"interaction":{"idSuffix":"titleText"}},"wdio_ui5_key":"reusablesview.manageresources.NewResourceUnitsap.m.StandardListItem{\"title\":\"Material\"}"}]}
COMMAND: GET /session/04aee939af97850adaa3733c1af52842/screenshot - {}
RESULT: {"script":"<script> [1562 bytes]","args":[{"selector":{"controlType":"sap.m.StandardListItem","viewName":"reusables.view.manageresources.NewResourceUnit","viewId":"application-manageresources-display-component---newResourceUnit","properties":{"title":"Material"},"searchOpenDialogs":true,"interaction":{"idSuffix":"titleText"}},"wdio_ui5_key":"reusablesview.manageresources.NewResourceUnitsap.m.StandardListItem{\"title\":\"Material\"}"}]}
RESULT: undefined
COMMAND: POST /session/04aee939af97850adaa3733c1af52842/element - {"using":"xpath","value":"//*[@id=\"__item1043\"]"}
RESULT: {}
RESULT: {"using":"xpath","value":"//*[@id=\"__item1043\"]"}
COMMAND: POST /session/04aee939af97850adaa3733c1af52842/element/f.244B6B55DE4F2A8C3CFC86491C19658C.d.8D24A495F3F3AEB9CE31C8E03434287E.e.2940/click - {}
RESULT: {}
COMMAND: POST /session/04aee939af97850adaa3733c1af52842/execute/async - {"script":"<script> [1562 bytes]","args":[{"selector":{"id":"application-manageresources-display-component---newResourceUnit--SHORT_TEXT","interaction":{"idSuffix":"inner"}},"wdio_ui5_key":"applicationmanageresources-display-component---newResourceUnit--SHORT_TEXT"}]}
COMMAND: GET /session/04aee939af97850adaa3733c1af52842/screenshot - {}
RESULT: {"script":"<script> [1562 bytes]","args":[{"selector":{"id":"application-manageresources-display-component---newResourceUnit--SHORT_TEXT","interaction":{"idSuffix":"inner"}},"wdio_ui5_key":"applicationmanageresources-display-component---newResourceUnit--SHORT_TEXT"}]}
RESULT: undefined
COMMAND: POST /session/04aee939af97850adaa3733c1af52842/execute/async - {"script":"<script> [776 bytes]","args":[{"enterText":"WebdriverRUR2Ckxoi1","selector":{"id":"application-manageresources-display-component---newResourceUnit--SHORT_TEXT","interaction":{"idSuffix":"inner"}},"clearTextFirst":true,"interactionType":"ENTER_TEXT"}]}
RESULT: {}
RESULT: {"script":"<script> [776 bytes]","args":[{"enterText":"WebdriverRUR2Ckxoi1","selector":{"id":"application-manageresources-display-component---newResourceUnit--SHORT_TEXT","interaction":{"idSuffix":"inner"}},"clearTextFirst":true,"interactionType":"ENTER_TEXT"}]}
COMMAND: POST /session/04aee939af97850adaa3733c1af52842/execute/async - {"script":"<script> [1562 bytes]","args":[{"selector":{"id":"application-manageresources-display-component---newResourceUnit--BASE_UNIT_OF_MEASURE-arrow"},"wdio_ui5_key":"applicationmanageresources-display-component---newResourceUnit--BASE_UNIT_OF_MEASURE-arrow"}]}
RESULT: {"script":"<script> [1562 bytes]","args":[{"selector":{"id":"application-manageresources-display-component---newResourceUnit--BASE_UNIT_OF_MEASURE-arrow"},"wdio_ui5_key":"applicationmanageresources-display-component---newResourceUnit--BASE_UNIT_OF_MEASURE-arrow"}]}
RESULT: undefined
COMMAND: POST /session/04aee939af97850adaa3733c1af52842/element - {"using":"xpath","value":"//*[@id=\"application-manageresources-display-component---newResourceUnit--BASE_UNIT_OF_MEASURE-arrow\"]"}
RESULT: {"using":"xpath","value":"//*[@id=\"application-manageresources-display-component---newResourceUnit--BASE_UNIT_OF_MEASURE-arrow\"]"}
COMMAND: POST /session/04aee939af97850adaa3733c1af52842/element/f.244B6B55DE4F2A8C3CFC86491C19658C.d.8D24A495F3F3AEB9CE31C8E03434287E.e.2994/click - {}
RESULT: {}
COMMAND: POST /session/04aee939af97850adaa3733c1af52842/execute/async - {"script":"<script> [1562 bytes]","args":[{"selector":{"controlType":"sap.m.StandardListItem","viewName":"reusables.view.manageresources.NewResourceUnit","viewId":"application-manageresources-display-component---newResourceUnit","properties":{"title":"Piece"},"searchOpenDialogs":true,"interaction":{"idSuffix":"titleText"}},"wdio_ui5_key":"reusablesview.manageresources.NewResourceUnitsap.m.StandardListItem{\"title\":\"Piece\"}"}]}
COMMAND: GET /session/04aee939af97850adaa3733c1af52842/screenshot - {}
RESULT: {}
RESULT: {"script":"<script> [1562 bytes]","args":[{"selector":{"controlType":"sap.m.StandardListItem","viewName":"reusables.view.manageresources.NewResourceUnit","viewId":"application-manageresources-display-component---newResourceUnit","properties":{"title":"Piece"},"searchOpenDialogs":true,"interaction":{"idSuffix":"titleText"}},"wdio_ui5_key":"reusablesview.manageresources.NewResourceUnitsap.m.StandardListItem{\"title\":\"Piece\"}"}]}
RESULT: undefined
COMMAND: POST /session/04aee939af97850adaa3733c1af52842/element - {"using":"xpath","value":"//*[@id=\"__item1085\"]"}
RESULT: {"using":"xpath","value":"//*[@id=\"__item1085\"]"}
COMMAND: POST /session/04aee939af97850adaa3733c1af52842/element/f.244B6B55DE4F2A8C3CFC86491C19658C.d.8D24A495F3F3AEB9CE31C8E03434287E.e.2996/click - {}
RESULT: {}
COMMAND: POST /session/04aee939af97850adaa3733c1af52842/element - {"using":"xpath","value":"//input[contains(@id ,\"application-manageresources-display-component---newResourceUnit--SHORT_TEXT-inner\")]"}
COMMAND: GET /session/04aee939af97850adaa3733c1af52842/screenshot - {}
RESULT: {"using":"xpath","value":"//input[contains(@id ,\"application-manageresources-display-component---newResourceUnit--SHORT_TEXT-inner\")]"}
COMMAND: GET /session/04aee939af97850adaa3733c1af52842/element/f.244B6B55DE4F2A8C3CFC86491C19658C.d.8D24A495F3F3AEB9CE31C8E03434287E.e.2957/property/value - {}
RESULT: {}
RESULT: {}
COMMAND: POST /session/04aee939af97850adaa3733c1af52842/execute/async - {"script":"<script> [1562 bytes]","args":[{"selector":{"id":"application-manageresources-display-component---newResourceUnit--WEIGHT_UNIT-arrow"},"wdio_ui5_key":"applicationmanageresources-display-component---newResourceUnit--WEIGHT_UNIT-arrow"}]}
COMMAND: GET /session/04aee939af97850adaa3733c1af52842/screenshot - {}
RESULT: {"script":"<script> [1562 bytes]","args":[{"selector":{"id":"application-manageresources-display-component---newResourceUnit--WEIGHT_UNIT-arrow"},"wdio_ui5_key":"applicationmanageresources-display-component---newResourceUnit--WEIGHT_UNIT-arrow"}]}
RESULT: undefined
COMMAND: POST /session/04aee939af97850adaa3733c1af52842/element - {"using":"xpath","value":"//*[@id=\"application-manageresources-display-component---newResourceUnit--WEIGHT_UNIT-arrow\"]"}
RESULT: {}
RESULT: {"using":"xpath","value":"//*[@id=\"application-manageresources-display-component---newResourceUnit--WEIGHT_UNIT-arrow\"]"}
COMMAND: POST /session/04aee939af97850adaa3733c1af52842/element/f.244B6B55DE4F2A8C3CFC86491C19658C.d.8D24A495F3F3AEB9CE31C8E03434287E.e.2997/click - {}
RESULT: {}
COMMAND: POST /session/04aee939af97850adaa3733c1af52842/execute/async - {"script":"<script> [1562 bytes]","args":[{"selector":{"controlType":"sap.m.StandardListItem","viewName":"reusables.view.manageresources.NewResourceUnit","viewId":"application-manageresources-display-component---newResourceUnit","properties":{"title":"Gram"},"searchOpenDialogs":true,"interaction":{"idSuffix":"content"}},"wdio_ui5_key":"reusablesview.manageresources.NewResourceUnitsap.m.StandardListItem{\"title\":\"Gram\"}"}]}
COMMAND: GET /session/04aee939af97850adaa3733c1af52842/screenshot - {}
RESULT: {"script":"<script> [1562 bytes]","args":[{"selector":{"controlType":"sap.m.StandardListItem","viewName":"reusables.view.manageresources.NewResourceUnit","viewId":"application-manageresources-display-component---newResourceUnit","properties":{"title":"Gram"},"searchOpenDialogs":true,"interaction":{"idSuffix":"content"}},"wdio_ui5_key":"reusablesview.manageresources.NewResourceUnitsap.m.StandardListItem{\"title\":\"Gram\"}"}]}
RESULT: undefined
COMMAND: POST /session/04aee939af97850adaa3733c1af52842/element - {"using":"xpath","value":"//*[@id=\"__item1150\"]"}
RESULT: {}
RESULT: {"using":"xpath","value":"//*[@id=\"__item1150\"]"}
COMMAND: POST /session/04aee939af97850adaa3733c1af52842/element/f.244B6B55DE4F2A8C3CFC86491C19658C.d.8D24A495F3F3AEB9CE31C8E03434287E.e.2999/click - {}
RESULT: {}
COMMAND: POST /session/04aee939af97850adaa3733c1af52842/execute/async - {"script":"<script> [1562 bytes]","args":[{"selector":{"id":"application-manageresources-display-component---newResourceUnit--newRRUPage-OPHeaderContent-collapseBtn-img"},"wdio_ui5_key":"applicationmanageresources-display-component---newResourceUnit--newRRUPage-OPHeaderContent-collapseBtn-img"}]}
COMMAND: GET /session/04aee939af97850adaa3733c1af52842/screenshot - {}
RESULT: {"script":"<script> [1562 bytes]","args":[{"selector":{"id":"application-manageresources-display-component---newResourceUnit--newRRUPage-OPHeaderContent-collapseBtn-img"},"wdio_ui5_key":"applicationmanageresources-display-component---newResourceUnit--newRRUPage-OPHeaderContent-collapseBtn-img"}]}
RESULT: undefined
COMMAND: POST /session/04aee939af97850adaa3733c1af52842/element - {"using":"xpath","value":"//*[@id=\"application-manageresources-display-component---newResourceUnit--newRRUPage-OPHeaderContent-collapseBtn-img\"]"}
RESULT: {}
RESULT: {"using":"xpath","value":"//*[@id=\"application-manageresources-display-component---newResourceUnit--newRRUPage-OPHeaderContent-collapseBtn-img\"]"}
COMMAND: POST /session/04aee939af97850adaa3733c1af52842/element/f.244B6B55DE4F2A8C3CFC86491C19658C.d.8D24A495F3F3AEB9CE31C8E03434287E.e.2947/click - {}
RESULT: {}
COMMAND: GET /session/04aee939af97850adaa3733c1af52842/screenshot - {}
RESULT: {}
COMMAND: POST /session/04aee939af97850adaa3733c1af52842/element - {"using":"xpath","value":"(//span[contains(@id ,\"application-manageresources-display-component---newResourceUnit--DIMENSION_UNIT-arrow\")])[1]"}
RESULT: {"using":"xpath","value":"(//span[contains(@id ,\"application-manageresources-display-component---newResourceUnit--DIMENSION_UNIT-arrow\")])[1]"}
COMMAND: POST /session/04aee939af97850adaa3733c1af52842/element/f.244B6B55DE4F2A8C3CFC86491C19658C.d.8D24A495F3F3AEB9CE31C8E03434287E.e.3005/click - {}
RESULT: {}
COMMAND: GET /session/04aee939af97850adaa3733c1af52842/screenshot - {}
RESULT: {}
COMMAND: POST /session/04aee939af97850adaa3733c1af52842/execute/async - {"script":"<script> [1562 bytes]","args":[{"selector":{"controlType":"sap.m.StandardListItem","viewName":"reusables.view.manageresources.NewResourceUnit","viewId":"application-manageresources-display-component---newResourceUnit","properties":{"title":"Centimeter"},"searchOpenDialogs":true,"interaction":{"idSuffix":"titleText"}},"wdio_ui5_key":"reusablesview.manageresources.NewResourceUnitsap.m.StandardListItem{\"title\":\"Centimeter\"}"}]}
RESULT: {"script":"<script> [1562 bytes]","args":[{"selector":{"controlType":"sap.m.StandardListItem","viewName":"reusables.view.manageresources.NewResourceUnit","viewId":"application-manageresources-display-component---newResourceUnit","properties":{"title":"Centimeter"},"searchOpenDialogs":true,"interaction":{"idSuffix":"titleText"}},"wdio_ui5_key":"reusablesview.manageresources.NewResourceUnitsap.m.StandardListItem{\"title\":\"Centimeter\"}"}]}
RESULT: undefined
COMMAND: POST /session/04aee939af97850adaa3733c1af52842/element - {"using":"xpath","value":"//*[@id=\"__item1153\"]"}
RESULT: {"using":"xpath","value":"//*[@id=\"__item1153\"]"}
COMMAND: POST /session/04aee939af97850adaa3733c1af52842/element/f.244B6B55DE4F2A8C3CFC86491C19658C.d.8D24A495F3F3AEB9CE31C8E03434287E.e.3007/click - {}
RESULT: {}
COMMAND: POST /session/04aee939af97850adaa3733c1af52842/execute/async - {"script":"<script> [1562 bytes]","args":[{"selector":{"id":"application-manageresources-display-component---newResourceUnit--newRRUPage-anchBar-application-manageresources-display-component---newResourceUnit--reference-anchor","interaction":{"idSuffix":"BDI-content"}},"wdio_ui5_key":"applicationmanageresources-display-component---newResourceUnit--newRRUPage-anchBar-application-manageresources-display-component---newResourceUnit--reference-anchor"}]}
COMMAND: GET /session/04aee939af97850adaa3733c1af52842/screenshot - {}
RESULT: {"script":"<script> [1562 bytes]","args":[{"selector":{"id":"application-manageresources-display-component---newResourceUnit--newRRUPage-anchBar-application-manageresources-display-component---newResourceUnit--reference-anchor","interaction":{"idSuffix":"BDI-content"}},"wdio_ui5_key":"applicationmanageresources-display-component---newResourceUnit--newRRUPage-anchBar-application-manageresources-display-component---newResourceUnit--reference-anchor"}]}
RESULT: undefined
COMMAND: POST /session/04aee939af97850adaa3733c1af52842/element - {"using":"xpath","value":"//*[@id=\"application-manageresources-display-component---newResourceUnit--newRRUPage-anchBar-application-manageresources-display-component---newResourceUnit--reference-anchor\"]"}
RESULT: {}
RESULT: {"using":"xpath","value":"//*[@id=\"application-manageresources-display-component---newResourceUnit--newRRUPage-anchBar-application-manageresources-display-component---newResourceUnit--reference-anchor\"]"}
COMMAND: POST /session/04aee939af97850adaa3733c1af52842/element/f.244B6B55DE4F2A8C3CFC86491C19658C.d.8D24A495F3F3AEB9CE31C8E03434287E.e.3009/click - {}
RESULT: {}
COMMAND: POST /session/04aee939af97850adaa3733c1af52842/execute/async - {"script":"<script> [1562 bytes]","args":[{"selector":{"id":"application-manageresources-display-component---newResourceUnit--PLANNING_GROUP-arrow"},"wdio_ui5_key":"applicationmanageresources-display-component---newResourceUnit--PLANNING_GROUP-arrow"}]}
COMMAND: GET /session/04aee939af97850adaa3733c1af52842/screenshot - {}
RESULT: {"script":"<script> [1562 bytes]","args":[{"selector":{"id":"application-manageresources-display-component---newResourceUnit--PLANNING_GROUP-arrow"},"wdio_ui5_key":"applicationmanageresources-display-component---newResourceUnit--PLANNING_GROUP-arrow"}]}
RESULT: undefined
COMMAND: POST /session/04aee939af97850adaa3733c1af52842/element - {"using":"xpath","value":"//*[@id=\"application-manageresources-display-component---newResourceUnit--PLANNING_GROUP-arrow\"]"}
RESULT: {}
RESULT: {"using":"xpath","value":"//*[@id=\"application-manageresources-display-component---newResourceUnit--PLANNING_GROUP-arrow\"]"}
COMMAND: POST /session/04aee939af97850adaa3733c1af52842/element/f.244B6B55DE4F2A8C3CFC86491C19658C.d.8D24A495F3F3AEB9CE31C8E03434287E.e.3013/click - {}
RESULT: {}
COMMAND: POST /session/04aee939af97850adaa3733c1af52842/execute/async - {"script":"<script> [1562 bytes]","args":[{"selector":{"controlType":"sap.m.StandardListItem","viewName":"reusables.view.manageresources.NewResourceUnit","viewId":"application-manageresources-display-component---newResourceUnit","properties":{"title":"Heavy Equi"},"searchOpenDialogs":true,"interaction":{"idSuffix":"content"}},"wdio_ui5_key":"reusablesview.manageresources.NewResourceUnitsap.m.StandardListItem{\"title\":\"Heavy Equi\"}"}]}
COMMAND: GET /session/04aee939af97850adaa3733c1af52842/screenshot - {}
RESULT: {"script":"<script> [1562 bytes]","args":[{"selector":{"controlType":"sap.m.StandardListItem","viewName":"reusables.view.manageresources.NewResourceUnit","viewId":"application-manageresources-display-component---newResourceUnit","properties":{"title":"Heavy Equi"},"searchOpenDialogs":true,"interaction":{"idSuffix":"content"}},"wdio_ui5_key":"reusablesview.manageresources.NewResourceUnitsap.m.StandardListItem{\"title\":\"Heavy Equi\"}"}]}
RESULT: undefined
COMMAND: POST /session/04aee939af97850adaa3733c1af52842/element - {"using":"xpath","value":"//*[@id=\"__item1161\"]"}
RESULT: {}
RESULT: {"using":"xpath","value":"//*[@id=\"__item1161\"]"}
COMMAND: POST /session/04aee939af97850adaa3733c1af52842/element/f.244B6B55DE4F2A8C3CFC86491C19658C.d.8D24A495F3F3AEB9CE31C8E03434287E.e.3017/click - {}
RESULT: {}
COMMAND: GET /session/04aee939af97850adaa3733c1af52842/screenshot - {}
RESULT: {}
COMMAND: POST /session/04aee939af97850adaa3733c1af52842/execute/async - {"script":"<script> [1562 bytes]","args":[{"selector":{"id":"application-manageresources-display-component---newResourceUnit--PLANNING_INDICATOR-arrow"},"wdio_ui5_key":"applicationmanageresources-display-component---newResourceUnit--PLANNING_INDICATOR-arrow"}]}
RESULT: {"script":"<script> [1562 bytes]","args":[{"selector":{"id":"application-manageresources-display-component---newResourceUnit--PLANNING_INDICATOR-arrow"},"wdio_ui5_key":"applicationmanageresources-display-component---newResourceUnit--PLANNING_INDICATOR-arrow"}]}
RESULT: undefined
COMMAND: POST /session/04aee939af97850adaa3733c1af52842/element - {"using":"xpath","value":"//*[@id=\"application-manageresources-display-component---newResourceUnit--PLANNING_INDICATOR-arrow\"]"}
RESULT: {"using":"xpath","value":"//*[@id=\"application-manageresources-display-component---newResourceUnit--PLANNING_INDICATOR-arrow\"]"}
COMMAND: POST /session/04aee939af97850adaa3733c1af52842/element/f.244B6B55DE4F2A8C3CFC86491C19658C.d.8D24A495F3F3AEB9CE31C8E03434287E.e.3018/click - {}
RESULT: {}
COMMAND: POST /session/04aee939af97850adaa3733c1af52842/execute/async - {"script":"<script> [1562 bytes]","args":[{"selector":{"controlType":"sap.m.StandardListItem","viewName":"reusables.view.manageresources.NewResourceUnit","viewId":"application-manageresources-display-component---newResourceUnit","properties":{"title":"10 - infinite"},"searchOpenDialogs":true,"interaction":{"idSuffix":"content"}},"wdio_ui5_key":"reusablesview.manageresources.NewResourceUnitsap.m.StandardListItem{\"title\":\"10 - infinite\"}"}]}
COMMAND: GET /session/04aee939af97850adaa3733c1af52842/screenshot - {}
RESULT: {"script":"<script> [1562 bytes]","args":[{"selector":{"controlType":"sap.m.StandardListItem","viewName":"reusables.view.manageresources.NewResourceUnit","viewId":"application-manageresources-display-component---newResourceUnit","properties":{"title":"10 - infinite"},"searchOpenDialogs":true,"interaction":{"idSuffix":"content"}},"wdio_ui5_key":"reusablesview.manageresources.NewResourceUnitsap.m.StandardListItem{\"title\":\"10 - infinite\"}"}]}
RESULT: undefined
COMMAND: POST /session/04aee939af97850adaa3733c1af52842/element - {"using":"xpath","value":"//*[@id=\"__item1171\"]"}
RESULT: {}
RESULT: {"using":"xpath","value":"//*[@id=\"__item1171\"]"}
COMMAND: POST /session/04aee939af97850adaa3733c1af52842/element/f.244B6B55DE4F2A8C3CFC86491C19658C.d.8D24A495F3F3AEB9CE31C8E03434287E.e.3020/click - {}
RESULT: {}
COMMAND: GET /session/04aee939af97850adaa3733c1af52842/screenshot - {}
RESULT: {}
COMMAND: POST /session/04aee939af97850adaa3733c1af52842/element - {"using":"xpath","value":"//bdi[contains(text(), \"Time Segment\")]"}
RESULT: {"using":"xpath","value":"//bdi[contains(text(), \"Time Segment\")]"}
COMMAND: GET /session/04aee939af97850adaa3733c1af52842/element/f.244B6B55DE4F2A8C3CFC86491C19658C.d.8D24A495F3F3AEB9CE31C8E03434287E.e.3021/rect - {}
RESULT: {}
COMMAND: GET /session/04aee939af97850adaa3733c1af52842/window/rect - {}
RESULT: {}
COMMAND: POST /session/04aee939af97850adaa3733c1af52842/execute/sync - {"script":"<script> [92 bytes]","args":[]}
RESULT: {"script":"<script> [92 bytes]","args":[]}
COMMAND: POST /session/04aee939af97850adaa3733c1af52842/actions - {"actions":[{"id":"action5","type":"wheel","parameters":{},"actions":[{"type":"scroll","x":-1820,"y":-21,"deltaX":0,"deltaY":0,"duration":0,"origin":{"element-6066-11e4-a52e-4f735466cecf":"f.244B6B55DE4F2A8C3CFC86491C19658C.d.8D24A495F3F3AEB9CE31C8E03434287E.e.3021"}}]}]}
COMMAND: GET /session/04aee939af97850adaa3733c1af52842/screenshot - {}
RESULT: {}
COMMAND: POST /session/04aee939af97850adaa3733c1af52842/execute/sync - {"script":"<script> [79 bytes]","args":[{"element-6066-11e4-a52e-4f735466cecf":"f.244B6B55DE4F2A8C3CFC86491C19658C.d.8D24A495F3F3AEB9CE31C8E03434287E.e.3021","ELEMENT":"f.244B6B55DE4F2A8C3CFC86491C19658C.d.8D24A495F3F3AEB9CE31C8E03434287E.e.3021"},{"block":"start","inline":"nearest"}]}
RESULT: {"script":"<script> [79 bytes]","args":[{"element-6066-11e4-a52e-4f735466cecf":"f.244B6B55DE4F2A8C3CFC86491C19658C.d.8D24A495F3F3AEB9CE31C8E03434287E.e.3021","ELEMENT":"f.244B6B55DE4F2A8C3CFC86491C19658C.d.8D24A495F3F3AEB9CE31C8E03434287E.e.3021"},{"block":"start","inline":"nearest"}]}
COMMAND: GET /session/04aee939af97850adaa3733c1af52842/screenshot - {}
RESULT: {}
COMMAND: POST /session/04aee939af97850adaa3733c1af52842/element - {"using":"xpath","value":"//span[@id=\"application-manageresources-display-component---newResourceUnit--btnAddTimeSegment-img\"]"}
RESULT: {"using":"xpath","value":"//span[@id=\"application-manageresources-display-component---newResourceUnit--btnAddTimeSegment-img\"]"}
COMMAND: POST /session/04aee939af97850adaa3733c1af52842/execute/sync - {"script":"<script> [8489 bytes]","args":[{"element-6066-11e4-a52e-4f735466cecf":"f.244B6B55DE4F2A8C3CFC86491C19658C.d.8D24A495F3F3AEB9CE31C8E03434287E.e.3024","ELEMENT":"f.244B6B55DE4F2A8C3CFC86491C19658C.d.8D24A495F3F3AEB9CE31C8E03434287E.e.3024"}]}
RESULT: {"script":"<script> [8489 bytes]","args":[{"element-6066-11e4-a52e-4f735466cecf":"f.244B6B55DE4F2A8C3CFC86491C19658C.d.8D24A495F3F3AEB9CE31C8E03434287E.e.3024","ELEMENT":"f.244B6B55DE4F2A8C3CFC86491C19658C.d.8D24A495F3F3AEB9CE31C8E03434287E.e.3024"}]}
COMMAND: POST /session/04aee939af97850adaa3733c1af52842/element/f.244B6B55DE4F2A8C3CFC86491C19658C.d.8D24A495F3F3AEB9CE31C8E03434287E.e.3024/click - {}
COMMAND: GET /session/04aee939af97850adaa3733c1af52842/screenshot - {}
RESULT: {}
COMMAND: GET /session/04aee939af97850adaa3733c1af52842/screenshot - {}
COMMAND: POST /session/04aee939af97850adaa3733c1af52842/element - {"using":"xpath","value":"//input[@id=\"application-manageresources-display-component---newResourceUnit--idRuTSAdmin-application-manageresources-display-component---newResourceUnit--RUTimeSegment-0-inner\"]"}
RESULT: {}
RESULT: {}
RESULT: {"using":"xpath","value":"//input[@id=\"application-manageresources-display-component---newResourceUnit--idRuTSAdmin-application-manageresources-display-component---newResourceUnit--RUTimeSegment-0-inner\"]"}
COMMAND: POST /session/04aee939af97850adaa3733c1af52842/element/f.244B6B55DE4F2A8C3CFC86491C19658C.d.8D24A495F3F3AEB9CE31C8E03434287E.e.3027/clear - {}
RESULT: {}
COMMAND: POST /session/04aee939af97850adaa3733c1af52842/element/f.244B6B55DE4F2A8C3CFC86491C19658C.d.8D24A495F3F3AEB9CE31C8E03434287E.e.3027/value - {"text":"WebdriverYardf6lo1"}
COMMAND: GET /session/04aee939af97850adaa3733c1af52842/screenshot - {}
RESULT: {"text":"WebdriverYardf6lo1"}
COMMAND: GET /session/04aee939af97850adaa3733c1af52842/screenshot - {}
RESULT: {}
RESULT: {}
COMMAND: POST /session/04aee939af97850adaa3733c1af52842/actions - {"actions":[{"id":"action6","type":"key","parameters":{},"actions":[{"type":"keyDown","value":"î€‡"},{"type":"pause","duration":10},{"type":"keyUp","value":"î€‡"}]}]}
RESULT: {"actions":[{"id":"action6","type":"key","parameters":{},"actions":[{"type":"keyDown","value":"î€‡"},{"type":"pause","duration":10},{"type":"keyUp","value":"î€‡"}]}]}
COMMAND: GET /session/04aee939af97850adaa3733c1af52842/screenshot - {}
RESULT: {}
COMMAND: POST /session/04aee939af97850adaa3733c1af52842/execute/async - {"script":"<script> [1562 bytes]","args":[{"selector":{"controlType":"sap.m.Button","viewName":"reusables.view.manageresources.NewResourceUnit","viewId":"application-manageresources-display-component---newResourceUnit","i18NText":{"propertyName":"tooltip","key":"save"},"interaction":{"idSuffix":"BDI-content"}},"wdio_ui5_key":"reusablesview.manageresources.NewResourceUnitsap.m.Button{\"propertyName\":\"tooltip\",\"key\":\"save\"}"}]}
RESULT: {"script":"<script> [1562 bytes]","args":[{"selector":{"controlType":"sap.m.Button","viewName":"reusables.view.manageresources.NewResourceUnit","viewId":"application-manageresources-display-component---newResourceUnit","i18NText":{"propertyName":"tooltip","key":"save"},"interaction":{"idSuffix":"BDI-content"}},"wdio_ui5_key":"reusablesview.manageresources.NewResourceUnitsap.m.Button{\"propertyName\":\"tooltip\",\"key\":\"save\"}"}]}
RESULT: undefined
COMMAND: POST /session/04aee939af97850adaa3733c1af52842/element - {"using":"xpath","value":"//*[@id=\"application-manageresources-display-component---newResourceUnit--createRuButton\"]"}
RESULT: {"using":"xpath","value":"//*[@id=\"application-manageresources-display-component---newResourceUnit--createRuButton\"]"}
COMMAND: POST /session/04aee939af97850adaa3733c1af52842/element/f.244B6B55DE4F2A8C3CFC86491C19658C.d.8D24A495F3F3AEB9CE31C8E03434287E.e.2953/click - {}
RESULT: {}
COMMAND: GET /session/04aee939af97850adaa3733c1af52842/screenshot - {}
RESULT: {}
COMMAND: POST /session/04aee939af97850adaa3733c1af52842/execute/async - {"script":"<script> [1562 bytes]","args":[{"selector":{"controlType":"sap.m.Title","properties":{"text":"Success"},"searchOpenDialogs":true},"wdio_ui5_key":"sapm.Title{\"text\":\"Success\"}"}]}
RESULT: {"script":"<script> [1562 bytes]","args":[{"selector":{"controlType":"sap.m.Title","properties":{"text":"Success"},"searchOpenDialogs":true},"wdio_ui5_key":"sapm.Title{\"text\":\"Success\"}"}]}
RESULT: undefined
COMMAND: POST /session/04aee939af97850adaa3733c1af52842/execute/async - {"script":"<script> [6424 bytes]","args":[{"element-6066-11e4-a52e-4f735466cecf":"f.244B6B55DE4F2A8C3CFC86491C19658C.d.8D24A495F3F3AEB9CE31C8E03434287E.e.3042"},"getText",[]]}
RESULT: {"script":"<script> [6424 bytes]","args":[{"element-6066-11e4-a52e-4f735466cecf":"f.244B6B55DE4F2A8C3CFC86491C19658C.d.8D24A495F3F3AEB9CE31C8E03434287E.e.3042"},"getText",[]]}
COMMAND: POST /session/04aee939af97850adaa3733c1af52842/element - {"using":"xpath","value":"//*[contains(@id, '__text') and (contains(text(), 'successfully created') or contains(., 'successfully created'))]"}
RESULT: {"using":"xpath","value":"//*[contains(@id, '__text') and (contains(text(), 'successfully created') or contains(., 'successfully created'))]"}
COMMAND: GET /session/04aee939af97850adaa3733c1af52842/element/f.244B6B55DE4F2A8C3CFC86491C19658C.d.8D24A495F3F3AEB9CE31C8E03434287E.e.3040/text - {}
RESULT: {}
COMMAND: POST /session/04aee939af97850adaa3733c1af52842/execute/async - {"script":"<script> [1562 bytes]","args":[{"selector":{"controlType":"sap.m.Button","properties":{"text":"Close"},"searchOpenDialogs":true,"interaction":{"idSuffix":"BDI-content"}},"wdio_ui5_key":"sapm.Button{\"text\":\"Close\"}"}]}
RESULT: {"script":"<script> [1562 bytes]","args":[{"selector":{"controlType":"sap.m.Button","properties":{"text":"Close"},"searchOpenDialogs":true,"interaction":{"idSuffix":"BDI-content"}},"wdio_ui5_key":"sapm.Button{\"text\":\"Close\"}"}]}
RESULT: undefined
COMMAND: POST /session/04aee939af97850adaa3733c1af52842/element - {"using":"xpath","value":"//*[@id=\"__mbox-btn-0\"]"}
RESULT: {"using":"xpath","value":"//*[@id=\"__mbox-btn-0\"]"}
COMMAND: POST /session/04aee939af97850adaa3733c1af52842/element/f.244B6B55DE4F2A8C3CFC86491C19658C.d.8D24A495F3F3AEB9CE31C8E03434287E.e.3039/click - {}
RESULT: {}
COMMAND: GET /session/04aee939af97850adaa3733c1af52842/screenshot - {}
RESULT: {}
COMMAND: POST /session/04aee939af97850adaa3733c1af52842/execute/async - {"script":"<script> [1562 bytes]","args":[{"selector":{"controlType":"sap.ui.core.Icon","viewName":"etm.portal.ui.manageresources.view.Detail","viewId":"application-manageresources-display-component---detailRU","properties":{"src":{"regex":{"source":"overflow"}}}},"wdio_ui5_key":"etmportal.ui.manageresources.view.Detailsap.ui.core.Icon{\"src\":{\"regex\":{\"source\":\"overflow\"}}}"}]}
RESULT: {"script":"<script> [1562 bytes]","args":[{"selector":{"controlType":"sap.ui.core.Icon","viewName":"etm.portal.ui.manageresources.view.Detail","viewId":"application-manageresources-display-component---detailRU","properties":{"src":{"regex":{"source":"overflow"}}}},"wdio_ui5_key":"etmportal.ui.manageresources.view.Detailsap.ui.core.Icon{\"src\":{\"regex\":{\"source\":\"overflow\"}}}"}]}
RESULT: undefined
COMMAND: POST /session/04aee939af97850adaa3733c1af52842/element - {"using":"xpath","value":"//*[@id=\"__title31-_actionsToolbar-overflowButton-img\"]"}
RESULT: {"using":"xpath","value":"//*[@id=\"__title31-_actionsToolbar-overflowButton-img\"]"}
COMMAND: POST /session/04aee939af97850adaa3733c1af52842/element/f.244B6B55DE4F2A8C3CFC86491C19658C.d.8D24A495F3F3AEB9CE31C8E03434287E.e.3071/click - {}
RESULT: {}
COMMAND: POST /session/04aee939af97850adaa3733c1af52842/execute/async - {"script":"<script> [1562 bytes]","args":[{"selector":{"controlType":"sap.m.Button","viewName":"etm.portal.ui.manageresources.view.Detail","viewId":"application-manageresources-display-component---detailRU","i18NText":{"propertyName":"tooltip","key":"closeColumn"},"searchOpenDialogs":true,"interaction":{"idSuffix":"inner"}},"wdio_ui5_key":"etmportal.ui.manageresources.view.Detailsap.m.Button{\"propertyName\":\"tooltip\",\"key\":\"closeColumn\"}"}]}
COMMAND: GET /session/04aee939af97850adaa3733c1af52842/screenshot - {}
RESULT: {"script":"<script> [1562 bytes]","args":[{"selector":{"controlType":"sap.m.Button","viewName":"etm.portal.ui.manageresources.view.Detail","viewId":"application-manageresources-display-component---detailRU","i18NText":{"propertyName":"tooltip","key":"closeColumn"},"searchOpenDialogs":true,"interaction":{"idSuffix":"inner"}},"wdio_ui5_key":"etmportal.ui.manageresources.view.Detailsap.m.Button{\"propertyName\":\"tooltip\",\"key\":\"closeColumn\"}"}]}
RESULT: undefined
COMMAND: POST /session/04aee939af97850adaa3733c1af52842/element - {"using":"xpath","value":"//*[@id=\"__button137\"]"}
RESULT: {}
RESULT: {"using":"xpath","value":"//*[@id=\"__button137\"]"}
COMMAND: POST /session/04aee939af97850adaa3733c1af52842/element/f.244B6B55DE4F2A8C3CFC86491C19658C.d.8D24A495F3F3AEB9CE31C8E03434287E.e.3073/click - {}
RESULT: {}
COMMAND: GET /session/04aee939af97850adaa3733c1af52842/screenshot - {}
RESULT: {}
COMMAND: POST /session/04aee939af97850adaa3733c1af52842/refresh - {}
RESULT: {}
COMMAND: GET /session/04aee939af97850adaa3733c1af52842/screenshot - {}
RESULT: {}
COMMAND: POST /session/04aee939af97850adaa3733c1af52842/execute/async - {"script":"<script> [189 bytes]","args":[]}
RESULT: {"script":"<script> [189 bytes]","args":[]}
COMMAND: POST /session/04aee939af97850adaa3733c1af52842/execute/async - {"script":"<script> [123 bytes]","args":[]}
RESULT: {"script":"<script> [123 bytes]","args":[]}
COMMAND: POST /session/04aee939af97850adaa3733c1af52842/timeouts - {"script":"<number>"}
RESULT: {"script":"<number>"}
COMMAND: GET /session/04aee939af97850adaa3733c1af52842/timeouts - {}
RESULT: {}
RESULT: undefined
COMMAND: POST /session/04aee939af97850adaa3733c1af52842/execute/async - {"script":"<script> [2676 bytes]","args":[]}
RESULT: {"script":"<script> [2676 bytes]","args":[]}
COMMAND: POST /session/04aee939af97850adaa3733c1af52842/execute/async - {"script":"<script> [2342 bytes]","args":[{"protocol":"http","hostname":"0.0.0.0","path":"/","capabilities":{"browserName":"chrome","goog:chromeOptions":{"binary":"C:\\Program Files\\Google\\Chrome\\Application\\chrome.exe","args":["--start-maximized"]}},"logLevel":"warn","connectionRetryTimeout":120000,"connectionRetryCount":3,"logLevels":{},"enableDirectConnect":true,"strictSSL":true,"_":"65 more keys: [\"cacheDir\",\"port\",\"requestedCapabilities\",\"automationProtocol\",\"baseUrl\",\"waitforInterval\",\"waitforTimeout\",\"onReload\",\"beforeCommand\",\"afterCommand\",\"rootDir\",\"specs\",\"suites\",\"exclude\",\"groupLogsByTestSpec\",\"excludeDriverLogs\",\"bail\",\"framework\",\"reporters\",\"services\",\"maxInstances\",\"maxInstancesPerCapability\",\"injectGlobals\",\"filesToWatch\",\"execArgv\",\"runnerEnv\",\"runner\",\"shard\",\"specFileRetries\",\"specFileRetriesDelay\",\"specFileRetriesDeferred\",\"reporterSyncInterval\",\"reporterSyncTimeout\",\"cucumberFeaturesWithLineNumbers\",\"autoCompileOpts\",\"mochaOpts\",\"jasmineOpts\",\"cucumberOpts\",\"onPrepare\",\"onWorkerStart\",\"onWorkerEnd\",\"before\",\"beforeSession\",\"beforeSuite\",\"beforeHook\",\"beforeTest\",\"afterTest\",\"afterHook\",\"afterSuite\",\"afterSession\",\"after\",\"onComplete\",\"beforeAssertion\",\"afterAssertion\",\"beforeFeature\",\"beforeScenario\",\"beforeStep\",\"afterStep\",\"afterScenario\",\"afterFeature\",\"_\",\"suite\",\"$0\",\"ignoredWorkerServices\",\"wdi5\"]"}]}
RESULT: {"script":"<script> [2342 bytes]","args":[{"protocol":"http","hostname":"0.0.0.0","path":"/","capabilities":{"browserName":"chrome","goog:chromeOptions":{"binary":"C:\\Program Files\\Google\\Chrome\\Application\\chrome.exe","args":["--start-maximized"]}},"logLevel":"warn","connectionRetryTimeout":120000,"connectionRetryCount":3,"logLevels":{},"enableDirectConnect":true,"strictSSL":true,"_":"65 more keys: [\"cacheDir\",\"port\",\"requestedCapabilities\",\"automationProtocol\",\"baseUrl\",\"waitforInterval\",\"waitforTimeout\",\"onReload\",\"beforeCommand\",\"afterCommand\",\"rootDir\",\"specs\",\"suites\",\"exclude\",\"groupLogsByTestSpec\",\"excludeDriverLogs\",\"bail\",\"framework\",\"reporters\",\"services\",\"maxInstances\",\"maxInstancesPerCapability\",\"injectGlobals\",\"filesToWatch\",\"execArgv\",\"runnerEnv\",\"runner\",\"shard\",\"specFileRetries\",\"specFileRetriesDelay\",\"specFileRetriesDeferred\",\"reporterSyncInterval\",\"reporterSyncTimeout\",\"cucumberFeaturesWithLineNumbers\",\"autoCompileOpts\",\"mochaOpts\",\"jasmineOpts\",\"cucumberOpts\",\"onPrepare\",\"onWorkerStart\",\"onWorkerEnd\",\"before\",\"beforeSession\",\"beforeSuite\",\"beforeHook\",\"beforeTest\",\"afterTest\",\"afterHook\",\"afterSuite\",\"afterSession\",\"after\",\"onComplete\",\"beforeAssertion\",\"afterAssertion\",\"beforeFeature\",\"beforeScenario\",\"beforeStep\",\"afterStep\",\"afterScenario\",\"afterFeature\",\"_\",\"suite\",\"$0\",\"ignoredWorkerServices\",\"wdi5\"]"}]}
COMMAND: POST /session/04aee939af97850adaa3733c1af52842/execute/async - {"script":"<script> [21126 bytes]","args":[35000]}
RESULT: {"script":"<script> [21126 bytes]","args":[35000]}
COMMAND: POST /session/04aee939af97850adaa3733c1af52842/element - {"using":"css selector","value":"#shell-header-logo"}
RESULT: {"using":"css selector","value":"#shell-header-logo"}
COMMAND: POST /session/04aee939af97850adaa3733c1af52842/element/f.244B6B55DE4F2A8C3CFC86491C19658C.d.3D6742E72C84DFC55C164B11B54C15B0.e.3151/click - {}
RESULT: {}
COMMAND: GET /session/04aee939af97850adaa3733c1af52842/screenshot - {}
RESULT: {}
COMMAND: POST /session/04aee939af97850adaa3733c1af52842/execute/async - {"script":"<script> [1562 bytes]","args":[{"selector":{"controlType":"sap.m.GenericTile","properties":{"header":"Manage Resources"}},"wdio_ui5_key":"sapm.GenericTile{\"header\":\"Manage Resources\"}"}]}
RESULT: {"script":"<script> [1562 bytes]","args":[{"selector":{"controlType":"sap.m.GenericTile","properties":{"header":"Manage Resources"}},"wdio_ui5_key":"sapm.GenericTile{\"header\":\"Manage Resources\"}"}]}
RESULT: undefined
COMMAND: POST /session/04aee939af97850adaa3733c1af52842/element - {"using":"xpath","value":"//*[@id=\"__tile39\"]"}
RESULT: {"using":"xpath","value":"//*[@id=\"__tile39\"]"}
COMMAND: POST /session/04aee939af97850adaa3733c1af52842/element/f.244B6B55DE4F2A8C3CFC86491C19658C.d.3D6742E72C84DFC55C164B11B54C15B0.e.3336/click - {}
RESULT: {}
COMMAND: GET /session/04aee939af97850adaa3733c1af52842/screenshot - {}
RESULT: {}
COMMAND: POST /session/04aee939af97850adaa3733c1af52842/elements - {"using":"xpath","value":"//span[text()='Error']"}
RESULT: {"using":"xpath","value":"//span[text()='Error']"}
COMMAND: POST /session/04aee939af97850adaa3733c1af52842/element - {"using":"xpath","value":"//button[@data-kt=\"addNewRUOverflowToolbarButton\"]"}
RESULT: {"using":"xpath","value":"//button[@data-kt=\"addNewRUOverflowToolbarButton\"]"}
COMMAND: POST /session/04aee939af97850adaa3733c1af52842/execute/sync - {"script":"<script> [8489 bytes]","args":[{"element-6066-11e4-a52e-4f735466cecf":"f.244B6B55DE4F2A8C3CFC86491C19658C.d.3D6742E72C84DFC55C164B11B54C15B0.e.3377","ELEMENT":"f.244B6B55DE4F2A8C3CFC86491C19658C.d.3D6742E72C84DFC55C164B11B54C15B0.e.3377"}]}
RESULT: {"script":"<script> [8489 bytes]","args":[{"element-6066-11e4-a52e-4f735466cecf":"f.244B6B55DE4F2A8C3CFC86491C19658C.d.3D6742E72C84DFC55C164B11B54C15B0.e.3377","ELEMENT":"f.244B6B55DE4F2A8C3CFC86491C19658C.d.3D6742E72C84DFC55C164B11B54C15B0.e.3377"}]}
COMMAND: POST /session/04aee939af97850adaa3733c1af52842/element/f.244B6B55DE4F2A8C3CFC86491C19658C.d.3D6742E72C84DFC55C164B11B54C15B0.e.3377/click - {}
COMMAND: GET /session/04aee939af97850adaa3733c1af52842/screenshot - {}
RESULT: {}
COMMAND: GET /session/04aee939af97850adaa3733c1af52842/screenshot - {}
COMMAND: POST /session/04aee939af97850adaa3733c1af52842/execute/async - {"script":"<script> [1562 bytes]","args":[{"selector":{"id":"application-manageresources-display-component---newResourceUnit--TYPE-arrow"},"wdio_ui5_key":"applicationmanageresources-display-component---newResourceUnit--TYPE-arrow"}]}
RESULT: {}
RESULT: {}
RESULT: {"script":"<script> [1562 bytes]","args":[{"selector":{"id":"application-manageresources-display-component---newResourceUnit--TYPE-arrow"},"wdio_ui5_key":"applicationmanageresources-display-component---newResourceUnit--TYPE-arrow"}]}
RESULT: undefined
COMMAND: POST /session/04aee939af97850adaa3733c1af52842/element - {"using":"xpath","value":"//*[@id=\"application-manageresources-display-component---newResourceUnit--TYPE-arrow\"]"}
RESULT: {"using":"xpath","value":"//*[@id=\"application-manageresources-display-component---newResourceUnit--TYPE-arrow\"]"}
COMMAND: POST /session/04aee939af97850adaa3733c1af52842/element/f.244B6B55DE4F2A8C3CFC86491C19658C.d.3D6742E72C84DFC55C164B11B54C15B0.e.3698/click - {}
RESULT: {}
COMMAND: POST /session/04aee939af97850adaa3733c1af52842/execute/async - {"script":"<script> [1562 bytes]","args":[{"selector":{"controlType":"sap.m.StandardListItem","viewName":"reusables.view.manageresources.NewResourceUnit","viewId":"application-manageresources-display-component---newResourceUnit","properties":{"title":"Equipment"},"searchOpenDialogs":true,"interaction":{"idSuffix":"content"}},"wdio_ui5_key":"reusablesview.manageresources.NewResourceUnitsap.m.StandardListItem{\"title\":\"Equipment\"}"}]}
COMMAND: GET /session/04aee939af97850adaa3733c1af52842/screenshot - {}
RESULT: {"script":"<script> [1562 bytes]","args":[{"selector":{"controlType":"sap.m.StandardListItem","viewName":"reusables.view.manageresources.NewResourceUnit","viewId":"application-manageresources-display-component---newResourceUnit","properties":{"title":"Equipment"},"searchOpenDialogs":true,"interaction":{"idSuffix":"content"}},"wdio_ui5_key":"reusablesview.manageresources.NewResourceUnitsap.m.StandardListItem{\"title\":\"Equipment\"}"}]}
RESULT: undefined
COMMAND: POST /session/04aee939af97850adaa3733c1af52842/element - {"using":"xpath","value":"//*[@id=\"__item180\"]"}
RESULT: {}
RESULT: {"using":"xpath","value":"//*[@id=\"__item180\"]"}
COMMAND: POST /session/04aee939af97850adaa3733c1af52842/element/f.244B6B55DE4F2A8C3CFC86491C19658C.d.3D6742E72C84DFC55C164B11B54C15B0.e.3701/click - {}
RESULT: {}
COMMAND: POST /session/04aee939af97850adaa3733c1af52842/execute/async - {"script":"<script> [1562 bytes]","args":[{"selector":{"id":"application-manageresources-display-component---newResourceUnit--resourceId","interaction":{"idSuffix":"inner"}},"wdio_ui5_key":"applicationmanageresources-display-component---newResourceUnit--resourceId"}]}
COMMAND: GET /session/04aee939af97850adaa3733c1af52842/screenshot - {}
RESULT: {"script":"<script> [1562 bytes]","args":[{"selector":{"id":"application-manageresources-display-component---newResourceUnit--resourceId","interaction":{"idSuffix":"inner"}},"wdio_ui5_key":"applicationmanageresources-display-component---newResourceUnit--resourceId"}]}
RESULT: undefined
COMMAND: POST /session/04aee939af97850adaa3733c1af52842/execute/async - {"script":"<script> [776 bytes]","args":[{"enterText":"WdIOR2cEquip6lf2si","selector":{"id":"application-manageresources-display-component---newResourceUnit--resourceId","interaction":{"idSuffix":"inner"}},"clearTextFirst":true,"interactionType":"ENTER_TEXT"}]}
RESULT: {}
RESULT: {"script":"<script> [776 bytes]","args":[{"enterText":"WdIOR2cEquip6lf2si","selector":{"id":"application-manageresources-display-component---newResourceUnit--resourceId","interaction":{"idSuffix":"inner"}},"clearTextFirst":true,"interactionType":"ENTER_TEXT"}]}
COMMAND: POST /session/04aee939af97850adaa3733c1af52842/execute/async - {"script":"<script> [1562 bytes]","args":[{"selector":{"id":"application-manageresources-display-component---newResourceUnit--SHORT_TEXT","interaction":{"idSuffix":"inner"}},"wdio_ui5_key":"applicationmanageresources-display-component---newResourceUnit--SHORT_TEXT"}]}
RESULT: {"script":"<script> [1562 bytes]","args":[{"selector":{"id":"application-manageresources-display-component---newResourceUnit--SHORT_TEXT","interaction":{"idSuffix":"inner"}},"wdio_ui5_key":"applicationmanageresources-display-component---newResourceUnit--SHORT_TEXT"}]}
RESULT: undefined
COMMAND: POST /session/04aee939af97850adaa3733c1af52842/execute/async - {"script":"<script> [776 bytes]","args":[{"enterText":"WdIOR2cEquip6lf2si","selector":{"id":"application-manageresources-display-component---newResourceUnit--SHORT_TEXT","interaction":{"idSuffix":"inner"}},"clearTextFirst":true,"interactionType":"ENTER_TEXT"}]}
RESULT: {"script":"<script> [776 bytes]","args":[{"enterText":"WdIOR2cEquip6lf2si","selector":{"id":"application-manageresources-display-component---newResourceUnit--SHORT_TEXT","interaction":{"idSuffix":"inner"}},"clearTextFirst":true,"interactionType":"ENTER_TEXT"}]}
COMMAND: POST /session/04aee939af97850adaa3733c1af52842/execute/async - {"script":"<script> [1562 bytes]","args":[{"selector":{"id":"application-manageresources-display-component---newResourceUnit--BASE_UNIT_OF_MEASURE","interaction":{"idSuffix":"inner"}},"wdio_ui5_key":"applicationmanageresources-display-component---newResourceUnit--BASE_UNIT_OF_MEASURE"}]}
RESULT: {"script":"<script> [1562 bytes]","args":[{"selector":{"id":"application-manageresources-display-component---newResourceUnit--BASE_UNIT_OF_MEASURE","interaction":{"idSuffix":"inner"}},"wdio_ui5_key":"applicationmanageresources-display-component---newResourceUnit--BASE_UNIT_OF_MEASURE"}]}
RESULT: undefined
COMMAND: POST /session/04aee939af97850adaa3733c1af52842/execute/async - {"script":"<script> [776 bytes]","args":[{"enterText":"Piece","selector":{"id":"application-manageresources-display-component---newResourceUnit--BASE_UNIT_OF_MEASURE","interaction":{"idSuffix":"inner"}},"clearTextFirst":true,"interactionType":"ENTER_TEXT"}]}
RESULT: {"script":"<script> [776 bytes]","args":[{"enterText":"Piece","selector":{"id":"application-manageresources-display-component---newResourceUnit--BASE_UNIT_OF_MEASURE","interaction":{"idSuffix":"inner"}},"clearTextFirst":true,"interactionType":"ENTER_TEXT"}]}
COMMAND: POST /session/04aee939af97850adaa3733c1af52842/execute/async - {"script":"<script> [1562 bytes]","args":[{"selector":{"id":"application-manageresources-display-component---newResourceUnit--WEIGHT_UNIT","interaction":{"idSuffix":"inner"}},"wdio_ui5_key":"applicationmanageresources-display-component---newResourceUnit--WEIGHT_UNIT"}]}
RESULT: {"script":"<script> [1562 bytes]","args":[{"selector":{"id":"application-manageresources-display-component---newResourceUnit--WEIGHT_UNIT","interaction":{"idSuffix":"inner"}},"wdio_ui5_key":"applicationmanageresources-display-component---newResourceUnit--WEIGHT_UNIT"}]}
RESULT: undefined
COMMAND: POST /session/04aee939af97850adaa3733c1af52842/execute/async - {"script":"<script> [776 bytes]","args":[{"enterText":"Gram","selector":{"id":"application-manageresources-display-component---newResourceUnit--WEIGHT_UNIT","interaction":{"idSuffix":"inner"}},"clearTextFirst":true,"interactionType":"ENTER_TEXT"}]}
RESULT: {"script":"<script> [776 bytes]","args":[{"enterText":"Gram","selector":{"id":"application-manageresources-display-component---newResourceUnit--WEIGHT_UNIT","interaction":{"idSuffix":"inner"}},"clearTextFirst":true,"interactionType":"ENTER_TEXT"}]}
COMMAND: POST /session/04aee939af97850adaa3733c1af52842/execute/async - {"script":"<script> [1562 bytes]","args":[{"selector":{"id":"application-manageresources-display-component---newResourceUnit--newRRUPage-OPHeaderContent-collapseBtn-img"},"wdio_ui5_key":"applicationmanageresources-display-component---newResourceUnit--newRRUPage-OPHeaderContent-collapseBtn-img"}]}
RESULT: {"script":"<script> [1562 bytes]","args":[{"selector":{"id":"application-manageresources-display-component---newResourceUnit--newRRUPage-OPHeaderContent-collapseBtn-img"},"wdio_ui5_key":"applicationmanageresources-display-component---newResourceUnit--newRRUPage-OPHeaderContent-collapseBtn-img"}]}
RESULT: undefined
COMMAND: POST /session/04aee939af97850adaa3733c1af52842/element - {"using":"xpath","value":"//*[@id=\"application-manageresources-display-component---newResourceUnit--newRRUPage-OPHeaderContent-collapseBtn-img\"]"}
RESULT: {"using":"xpath","value":"//*[@id=\"application-manageresources-display-component---newResourceUnit--newRRUPage-OPHeaderContent-collapseBtn-img\"]"}
COMMAND: POST /session/04aee939af97850adaa3733c1af52842/element/f.244B6B55DE4F2A8C3CFC86491C19658C.d.3D6742E72C84DFC55C164B11B54C15B0.e.3709/click - {}
RESULT: {}
COMMAND: GET /session/04aee939af97850adaa3733c1af52842/screenshot - {}
RESULT: {}
COMMAND: POST /session/04aee939af97850adaa3733c1af52842/element - {"using":"xpath","value":"(//span[contains(@id ,\"application-manageresources-display-component---newResourceUnit--DIMENSION_UNIT-arrow\")])[1]"}
RESULT: {"using":"xpath","value":"(//span[contains(@id ,\"application-manageresources-display-component---newResourceUnit--DIMENSION_UNIT-arrow\")])[1]"}
COMMAND: POST /session/04aee939af97850adaa3733c1af52842/element/f.244B6B55DE4F2A8C3CFC86491C19658C.d.3D6742E72C84DFC55C164B11B54C15B0.e.3830/click - {}
RESULT: {}
COMMAND: GET /session/04aee939af97850adaa3733c1af52842/screenshot - {}
RESULT: {}
COMMAND: POST /session/04aee939af97850adaa3733c1af52842/execute/async - {"script":"<script> [1562 bytes]","args":[{"selector":{"controlType":"sap.m.StandardListItem","viewName":"reusables.view.manageresources.NewResourceUnit","viewId":"application-manageresources-display-component---newResourceUnit","properties":{"title":"Centimeter"},"searchOpenDialogs":true,"interaction":{"idSuffix":"titleText"}},"wdio_ui5_key":"reusablesview.manageresources.NewResourceUnitsap.m.StandardListItem{\"title\":\"Centimeter\"}"}]}
RESULT: {"script":"<script> [1562 bytes]","args":[{"selector":{"controlType":"sap.m.StandardListItem","viewName":"reusables.view.manageresources.NewResourceUnit","viewId":"application-manageresources-display-component---newResourceUnit","properties":{"title":"Centimeter"},"searchOpenDialogs":true,"interaction":{"idSuffix":"titleText"}},"wdio_ui5_key":"reusablesview.manageresources.NewResourceUnitsap.m.StandardListItem{\"title\":\"Centimeter\"}"}]}
RESULT: undefined
COMMAND: POST /session/04aee939af97850adaa3733c1af52842/element - {"using":"xpath","value":"//*[@id=\"__item221\"]"}
RESULT: {"using":"xpath","value":"//*[@id=\"__item221\"]"}
COMMAND: POST /session/04aee939af97850adaa3733c1af52842/element/f.244B6B55DE4F2A8C3CFC86491C19658C.d.3D6742E72C84DFC55C164B11B54C15B0.e.3834/click - {}
RESULT: {}
COMMAND: GET /session/04aee939af97850adaa3733c1af52842/screenshot - {}
RESULT: {}
COMMAND: POST /session/04aee939af97850adaa3733c1af52842/execute/async - {"script":"<script> [1562 bytes]","args":[{"selector":{"id":"application-manageresources-display-component---newResourceUnit--newRRUPage-anchBar-application-manageresources-display-component---newResourceUnit--control-anchor","interaction":{"idSuffix":"BDI-content"}},"wdio_ui5_key":"applicationmanageresources-display-component---newResourceUnit--newRRUPage-anchBar-application-manageresources-display-component---newResourceUnit--control-anchor"}]}
RESULT: {"script":"<script> [1562 bytes]","args":[{"selector":{"id":"application-manageresources-display-component---newResourceUnit--newRRUPage-anchBar-application-manageresources-display-component---newResourceUnit--control-anchor","interaction":{"idSuffix":"BDI-content"}},"wdio_ui5_key":"applicationmanageresources-display-component---newResourceUnit--newRRUPage-anchBar-application-manageresources-display-component---newResourceUnit--control-anchor"}]}
RESULT: undefined
COMMAND: POST /session/04aee939af97850adaa3733c1af52842/element - {"using":"xpath","value":"//*[@id=\"application-manageresources-display-component---newResourceUnit--newRRUPage-anchBar-application-manageresources-display-component---newResourceUnit--control-anchor\"]"}
RESULT: {"using":"xpath","value":"//*[@id=\"application-manageresources-display-component---newResourceUnit--newRRUPage-anchBar-application-manageresources-display-component---newResourceUnit--control-anchor\"]"}
COMMAND: POST /session/04aee939af97850adaa3733c1af52842/element/f.244B6B55DE4F2A8C3CFC86491C19658C.d.3D6742E72C84DFC55C164B11B54C15B0.e.3836/click - {}
RESULT: {}
COMMAND: POST /session/04aee939af97850adaa3733c1af52842/execute/async - {"script":"<script> [1562 bytes]","args":[{"selector":{"id":"application-manageresources-display-component---newResourceUnit--PLANNING_GROUP","interaction":{"idSuffix":"inner"}},"wdio_ui5_key":"applicationmanageresources-display-component---newResourceUnit--PLANNING_GROUP"}]}
COMMAND: GET /session/04aee939af97850adaa3733c1af52842/screenshot - {}
RESULT: {"script":"<script> [1562 bytes]","args":[{"selector":{"id":"application-manageresources-display-component---newResourceUnit--PLANNING_GROUP","interaction":{"idSuffix":"inner"}},"wdio_ui5_key":"applicationmanageresources-display-component---newResourceUnit--PLANNING_GROUP"}]}
RESULT: undefined
COMMAND: POST /session/04aee939af97850adaa3733c1af52842/execute/async - {"script":"<script> [776 bytes]","args":[{"enterText":"Heavy Equi","selector":{"id":"application-manageresources-display-component---newResourceUnit--PLANNING_GROUP","interaction":{"idSuffix":"inner"}},"clearTextFirst":true,"interactionType":"ENTER_TEXT"}]}
RESULT: {}
RESULT: {"script":"<script> [776 bytes]","args":[{"enterText":"Heavy Equi","selector":{"id":"application-manageresources-display-component---newResourceUnit--PLANNING_GROUP","interaction":{"idSuffix":"inner"}},"clearTextFirst":true,"interactionType":"ENTER_TEXT"}]}
COMMAND: POST /session/04aee939af97850adaa3733c1af52842/execute/async - {"script":"<script> [1562 bytes]","args":[{"selector":{"id":"application-manageresources-display-component---newResourceUnit--ITEM_TYPE-arrow"},"wdio_ui5_key":"applicationmanageresources-display-component---newResourceUnit--ITEM_TYPE-arrow"}]}
RESULT: {"script":"<script> [1562 bytes]","args":[{"selector":{"id":"application-manageresources-display-component---newResourceUnit--ITEM_TYPE-arrow"},"wdio_ui5_key":"applicationmanageresources-display-component---newResourceUnit--ITEM_TYPE-arrow"}]}
RESULT: undefined
COMMAND: POST /session/04aee939af97850adaa3733c1af52842/element - {"using":"xpath","value":"//*[@id=\"application-manageresources-display-component---newResourceUnit--ITEM_TYPE-arrow\"]"}
RESULT: {"using":"xpath","value":"//*[@id=\"application-manageresources-display-component---newResourceUnit--ITEM_TYPE-arrow\"]"}
COMMAND: POST /session/04aee939af97850adaa3733c1af52842/element/f.244B6B55DE4F2A8C3CFC86491C19658C.d.3D6742E72C84DFC55C164B11B54C15B0.e.3841/click - {}
RESULT: {}
COMMAND: POST /session/04aee939af97850adaa3733c1af52842/execute/async - {"script":"<script> [1562 bytes]","args":[{"selector":{"controlType":"sap.m.StandardListItem","viewName":"reusables.view.manageresources.NewResourceUnit","viewId":"application-manageresources-display-component---newResourceUnit","properties":{"title":"Resource Unit"},"searchOpenDialogs":true,"interaction":{"idSuffix":"titleText"}},"wdio_ui5_key":"reusablesview.manageresources.NewResourceUnitsap.m.StandardListItem{\"title\":\"Resource Unit\"}"}]}
COMMAND: GET /session/04aee939af97850adaa3733c1af52842/screenshot - {}
RESULT: {"script":"<script> [1562 bytes]","args":[{"selector":{"controlType":"sap.m.StandardListItem","viewName":"reusables.view.manageresources.NewResourceUnit","viewId":"application-manageresources-display-component---newResourceUnit","properties":{"title":"Resource Unit"},"searchOpenDialogs":true,"interaction":{"idSuffix":"titleText"}},"wdio_ui5_key":"reusablesview.manageresources.NewResourceUnitsap.m.StandardListItem{\"title\":\"Resource Unit\"}"}]}
RESULT: undefined
COMMAND: POST /session/04aee939af97850adaa3733c1af52842/element - {"using":"xpath","value":"//*[@id=\"__item243\"]"}
RESULT: {}
RESULT: {"using":"xpath","value":"//*[@id=\"__item243\"]"}
COMMAND: POST /session/04aee939af97850adaa3733c1af52842/element/f.244B6B55DE4F2A8C3CFC86491C19658C.d.3D6742E72C84DFC55C164B11B54C15B0.e.3843/click - {}
RESULT: {}
COMMAND: POST /session/04aee939af97850adaa3733c1af52842/element - {"using":"xpath","value":"//bdi[contains(text(), \"Time Segment\")]"}
COMMAND: GET /session/04aee939af97850adaa3733c1af52842/screenshot - {}
RESULT: {"using":"xpath","value":"//bdi[contains(text(), \"Time Segment\")]"}
COMMAND: GET /session/04aee939af97850adaa3733c1af52842/element/f.244B6B55DE4F2A8C3CFC86491C19658C.d.3D6742E72C84DFC55C164B11B54C15B0.e.3844/rect - {}
RESULT: {}
RESULT: {}
COMMAND: GET /session/04aee939af97850adaa3733c1af52842/window/rect - {}
RESULT: {}
COMMAND: POST /session/04aee939af97850adaa3733c1af52842/execute/sync - {"script":"<script> [92 bytes]","args":[]}
RESULT: {"script":"<script> [92 bytes]","args":[]}
COMMAND: POST /session/04aee939af97850adaa3733c1af52842/actions - {"actions":[{"id":"action7","type":"wheel","parameters":{},"actions":[{"type":"scroll","x":-1820,"y":-21,"deltaX":0,"deltaY":0,"duration":0,"origin":{"element-6066-11e4-a52e-4f735466cecf":"f.244B6B55DE4F2A8C3CFC86491C19658C.d.3D6742E72C84DFC55C164B11B54C15B0.e.3844"}}]}]}
COMMAND: GET /session/04aee939af97850adaa3733c1af52842/screenshot - {}
RESULT: {}
COMMAND: POST /session/04aee939af97850adaa3733c1af52842/execute/sync - {"script":"<script> [79 bytes]","args":[{"element-6066-11e4-a52e-4f735466cecf":"f.244B6B55DE4F2A8C3CFC86491C19658C.d.3D6742E72C84DFC55C164B11B54C15B0.e.3844","ELEMENT":"f.244B6B55DE4F2A8C3CFC86491C19658C.d.3D6742E72C84DFC55C164B11B54C15B0.e.3844"},{"block":"start","inline":"nearest"}]}
RESULT: {"script":"<script> [79 bytes]","args":[{"element-6066-11e4-a52e-4f735466cecf":"f.244B6B55DE4F2A8C3CFC86491C19658C.d.3D6742E72C84DFC55C164B11B54C15B0.e.3844","ELEMENT":"f.244B6B55DE4F2A8C3CFC86491C19658C.d.3D6742E72C84DFC55C164B11B54C15B0.e.3844"},{"block":"start","inline":"nearest"}]}
COMMAND: POST /session/04aee939af97850adaa3733c1af52842/execute/async - {"script":"<script> [1562 bytes]","args":[{"selector":{"id":"application-manageresources-display-component---newResourceUnit--btnAddTimeSegment-img"},"wdio_ui5_key":"applicationmanageresources-display-component---newResourceUnit--btnAddTimeSegment-img"}]}
COMMAND: GET /session/04aee939af97850adaa3733c1af52842/screenshot - {}
RESULT: {"script":"<script> [1562 bytes]","args":[{"selector":{"id":"application-manageresources-display-component---newResourceUnit--btnAddTimeSegment-img"},"wdio_ui5_key":"applicationmanageresources-display-component---newResourceUnit--btnAddTimeSegment-img"}]}
RESULT: undefined
COMMAND: POST /session/04aee939af97850adaa3733c1af52842/element - {"using":"xpath","value":"//*[@id=\"application-manageresources-display-component---newResourceUnit--btnAddTimeSegment-img\"]"}
RESULT: {}
RESULT: {"using":"xpath","value":"//*[@id=\"application-manageresources-display-component---newResourceUnit--btnAddTimeSegment-img\"]"}
COMMAND: POST /session/04aee939af97850adaa3733c1af52842/element/f.244B6B55DE4F2A8C3CFC86491C19658C.d.3D6742E72C84DFC55C164B11B54C15B0.e.3847/click - {}
RESULT: {}
COMMAND: GET /session/04aee939af97850adaa3733c1af52842/screenshot - {}
RESULT: {}
COMMAND: POST /session/04aee939af97850adaa3733c1af52842/element - {"using":"xpath","value":"//input[@id=\"application-manageresources-display-component---newResourceUnit--idRuTSAdmin-application-manageresources-display-component---newResourceUnit--RUTimeSegment-0-inner\"]"}
RESULT: {"using":"xpath","value":"//input[@id=\"application-manageresources-display-component---newResourceUnit--idRuTSAdmin-application-manageresources-display-component---newResourceUnit--RUTimeSegment-0-inner\"]"}
COMMAND: POST /session/04aee939af97850adaa3733c1af52842/element/f.244B6B55DE4F2A8C3CFC86491C19658C.d.3D6742E72C84DFC55C164B11B54C15B0.e.3851/clear - {}
RESULT: {}
COMMAND: POST /session/04aee939af97850adaa3733c1af52842/element/f.244B6B55DE4F2A8C3CFC86491C19658C.d.3D6742E72C84DFC55C164B11B54C15B0.e.3851/value - {"text":"WebdriverYardf6lo1"}
COMMAND: GET /session/04aee939af97850adaa3733c1af52842/screenshot - {}
RESULT: {"text":"WebdriverYardf6lo1"}
COMMAND: GET /session/04aee939af97850adaa3733c1af52842/screenshot - {}
RESULT: {}
RESULT: {}
COMMAND: POST /session/04aee939af97850adaa3733c1af52842/actions - {"actions":[{"id":"action8","type":"key","parameters":{},"actions":[{"type":"keyDown","value":"î€‡"},{"type":"pause","duration":10},{"type":"keyUp","value":"î€‡"}]}]}
RESULT: {"actions":[{"id":"action8","type":"key","parameters":{},"actions":[{"type":"keyDown","value":"î€‡"},{"type":"pause","duration":10},{"type":"keyUp","value":"î€‡"}]}]}
COMMAND: POST /session/04aee939af97850adaa3733c1af52842/execute/async - {"script":"<script> [1562 bytes]","args":[{"selector":{"controlType":"sap.ui.core.Icon","viewName":"reusables.view.manageresources.NewResourceUnit","viewId":"application-manageresources-display-component---newResourceUnit","properties":{"src":{"regex":{"source":"slim\\-arrow\\-down"}}},"ancestor":{"controlType":"sap.m.ComboBox","viewName":"reusables.view.manageresources.NewResourceUnit","viewId":"application-manageresources-display-component---newResourceUnit","bindingPath":{"path":"/RESOURCE_UNIT_TIME_SEQUENCES/0","propertyPath":"COST_OBJECT_ADMIN_CST_TYPE","modelName":"oNewRruModel"}}},"wdio_ui5_key":"reusablesview.manageresources.NewResourceUnitsap.ui.core.Icon{\"src\":{\"regex\":{\"source\":\"slim\\\\-arrow\\\\-down\"}}}{\"controlType\":\"sap.m.ComboBox\",\"viewName\":\"reusables.view.manageresources.NewResourceUnit\",\"viewId\":\"application-manageresources-display-component---newResourceUnit\",\"bindingPath\":{\"path\":\"/RESOURCE_UNIT_TIME_SEQUENCES/0\",\"propertyPath\":\"COST_OBJECT_ADMIN_CST_TYPE\",\"modelName\":\"oNewRruModel\"}}"}]}
COMMAND: GET /session/04aee939af97850adaa3733c1af52842/screenshot - {}
RESULT: {"script":"<script> [1562 bytes]","args":[{"selector":{"controlType":"sap.ui.core.Icon","viewName":"reusables.view.manageresources.NewResourceUnit","viewId":"application-manageresources-display-component---newResourceUnit","properties":{"src":{"regex":{"source":"slim\\-arrow\\-down"}}},"ancestor":{"controlType":"sap.m.ComboBox","viewName":"reusables.view.manageresources.NewResourceUnit","viewId":"application-manageresources-display-component---newResourceUnit","bindingPath":{"path":"/RESOURCE_UNIT_TIME_SEQUENCES/0","propertyPath":"COST_OBJECT_ADMIN_CST_TYPE","modelName":"oNewRruModel"}}},"wdio_ui5_key":"reusablesview.manageresources.NewResourceUnitsap.ui.core.Icon{\"src\":{\"regex\":{\"source\":\"slim\\\\-arrow\\\\-down\"}}}{\"controlType\":\"sap.m.ComboBox\",\"viewName\":\"reusables.view.manageresources.NewResourceUnit\",\"viewId\":\"application-manageresources-display-component---newResourceUnit\",\"bindingPath\":{\"path\":\"/RESOURCE_UNIT_TIME_SEQUENCES/0\",\"propertyPath\":\"COST_OBJECT_ADMIN_CST_TYPE\",\"modelName\":\"oNewRruModel\"}}"}]}
RESULT: undefined
COMMAND: POST /session/04aee939af97850adaa3733c1af52842/element - {"using":"xpath","value":"//*[@id=\"__box7-application-manageresources-display-component---newResourceUnit--RUTimeSegment-0-arrow\"]"}
RESULT: {}
RESULT: {"using":"xpath","value":"//*[@id=\"__box7-application-manageresources-display-component---newResourceUnit--RUTimeSegment-0-arrow\"]"}
COMMAND: POST /session/04aee939af97850adaa3733c1af52842/element/f.244B6B55DE4F2A8C3CFC86491C19658C.d.3D6742E72C84DFC55C164B11B54C15B0.e.3863/click - {}
RESULT: {}
COMMAND: POST /session/04aee939af97850adaa3733c1af52842/execute/async - {"script":"<script> [1562 bytes]","args":[{"selector":{"controlType":"sap.m.StandardListItem","viewName":"reusables.view.manageresources.NewResourceUnit","viewId":"application-manageresources-display-component---newResourceUnit","properties":{"title":"PM Order"},"searchOpenDialogs":true,"interaction":{"idSuffix":"titleText"}},"wdio_ui5_key":"reusablesview.manageresources.NewResourceUnitsap.m.StandardListItem{\"title\":\"PM Order\"}"}]}
COMMAND: GET /session/04aee939af97850adaa3733c1af52842/screenshot - {}
RESULT: {"script":"<script> [1562 bytes]","args":[{"selector":{"controlType":"sap.m.StandardListItem","viewName":"reusables.view.manageresources.NewResourceUnit","viewId":"application-manageresources-display-component---newResourceUnit","properties":{"title":"PM Order"},"searchOpenDialogs":true,"interaction":{"idSuffix":"titleText"}},"wdio_ui5_key":"reusablesview.manageresources.NewResourceUnitsap.m.StandardListItem{\"title\":\"PM Order\"}"}]}
RESULT: undefined
COMMAND: POST /session/04aee939af97850adaa3733c1af52842/element - {"using":"xpath","value":"//*[@id=\"__item627\"]"}
RESULT: {}
RESULT: {"using":"xpath","value":"//*[@id=\"__item627\"]"}
COMMAND: POST /session/04aee939af97850adaa3733c1af52842/element/f.244B6B55DE4F2A8C3CFC86491C19658C.d.3D6742E72C84DFC55C164B11B54C15B0.e.3867/click - {}
RESULT: {}
COMMAND: GET /session/04aee939af97850adaa3733c1af52842/screenshot - {}
RESULT: {}
COMMAND: POST /session/04aee939af97850adaa3733c1af52842/element - {"using":"xpath","value":"(//input[contains(@id ,\"-application-manageresources-display-component---newResourceUnit--RUTimeSegment-0-inner\")])[8]"}
RESULT: {"using":"xpath","value":"(//input[contains(@id ,\"-application-manageresources-display-component---newResourceUnit--RUTimeSegment-0-inner\")])[8]"}
COMMAND: POST /session/04aee939af97850adaa3733c1af52842/element/f.244B6B55DE4F2A8C3CFC86491C19658C.d.3D6742E72C84DFC55C164B11B54C15B0.e.3870/clear - {}
RESULT: {}
COMMAND: POST /session/04aee939af97850adaa3733c1af52842/element/f.244B6B55DE4F2A8C3CFC86491C19658C.d.3D6742E72C84DFC55C164B11B54C15B0.e.3870/value - {"text":"4000360"}
COMMAND: GET /session/04aee939af97850adaa3733c1af52842/screenshot - {}
RESULT: {"text":"4000360"}
COMMAND: GET /session/04aee939af97850adaa3733c1af52842/screenshot - {}
RESULT: {}
RESULT: {}
COMMAND: POST /session/04aee939af97850adaa3733c1af52842/actions - {"actions":[{"id":"action9","type":"key","parameters":{},"actions":[{"type":"keyDown","value":"î€‡"},{"type":"pause","duration":10},{"type":"keyUp","value":"î€‡"}]}]}
RESULT: {"actions":[{"id":"action9","type":"key","parameters":{},"actions":[{"type":"keyDown","value":"î€‡"},{"type":"pause","duration":10},{"type":"keyUp","value":"î€‡"}]}]}
COMMAND: GET /session/04aee939af97850adaa3733c1af52842/screenshot - {}
RESULT: {}
COMMAND: POST /session/04aee939af97850adaa3733c1af52842/element - {"using":"xpath","value":"//input[contains(@id ,\"application-manageresources-display-component---newResourceUnit--newTimeSegmentFromDatePicker-application-manageresources-display-component---newResourceUnit--RUTimeSegment-0-inner\")]"}
RESULT: {"using":"xpath","value":"//input[contains(@id ,\"application-manageresources-display-component---newResourceUnit--newTimeSegmentFromDatePicker-application-manageresources-display-component---newResourceUnit--RUTimeSegment-0-inner\")]"}
COMMAND: POST /session/04aee939af97850adaa3733c1af52842/element/f.244B6B55DE4F2A8C3CFC86491C19658C.d.3D6742E72C84DFC55C164B11B54C15B0.e.3858/clear - {}
RESULT: {}
COMMAND: POST /session/04aee939af97850adaa3733c1af52842/element/f.244B6B55DE4F2A8C3CFC86491C19658C.d.3D6742E72C84DFC55C164B11B54C15B0.e.3858/clear - {}
COMMAND: GET /session/04aee939af97850adaa3733c1af52842/screenshot - {}
RESULT: {}
COMMAND: POST /session/04aee939af97850adaa3733c1af52842/element/f.244B6B55DE4F2A8C3CFC86491C19658C.d.3D6742E72C84DFC55C164B11B54C15B0.e.3858/value - {"text":"06/16/24"}
COMMAND: GET /session/04aee939af97850adaa3733c1af52842/screenshot - {}
RESULT: {}
RESULT: {"text":"06/16/24"}
COMMAND: POST /session/04aee939af97850adaa3733c1af52842/execute/async - {"script":"<script> [1562 bytes]","args":[{"selector":{"id":"application-manageresources-display-component---newResourceUnit--newRRUPage-anchBar-application-manageresources-display-component---newResourceUnit--resource-anchor","interaction":{"idSuffix":"BDI-content"}},"wdio_ui5_key":"applicationmanageresources-display-component---newResourceUnit--newRRUPage-anchBar-application-manageresources-display-component---newResourceUnit--resource-anchor"}]}
COMMAND: GET /session/04aee939af97850adaa3733c1af52842/screenshot - {}
RESULT: {}
RESULT: {"script":"<script> [1562 bytes]","args":[{"selector":{"id":"application-manageresources-display-component---newResourceUnit--newRRUPage-anchBar-application-manageresources-display-component---newResourceUnit--resource-anchor","interaction":{"idSuffix":"BDI-content"}},"wdio_ui5_key":"applicationmanageresources-display-component---newResourceUnit--newRRUPage-anchBar-application-manageresources-display-component---newResourceUnit--resource-anchor"}]}
RESULT: undefined
COMMAND: POST /session/04aee939af97850adaa3733c1af52842/element - {"using":"xpath","value":"//*[@id=\"application-manageresources-display-component---newResourceUnit--newRRUPage-anchBar-application-manageresources-display-component---newResourceUnit--resource-anchor\"]"}
RESULT: {}
RESULT: {"using":"xpath","value":"//*[@id=\"application-manageresources-display-component---newResourceUnit--newRRUPage-anchBar-application-manageresources-display-component---newResourceUnit--resource-anchor\"]"}
COMMAND: POST /session/04aee939af97850adaa3733c1af52842/element/f.244B6B55DE4F2A8C3CFC86491C19658C.d.3D6742E72C84DFC55C164B11B54C15B0.e.3877/click - {}
RESULT: {}
COMMAND: POST /session/04aee939af97850adaa3733c1af52842/execute/async - {"script":"<script> [1562 bytes]","args":[{"selector":{"id":"application-manageresources-display-component---newResourceUnit--PLANNED_DELIVERY_DATE","interaction":{"idSuffix":"inner"}},"wdio_ui5_key":"applicationmanageresources-display-component---newResourceUnit--PLANNED_DELIVERY_DATE"}]}
COMMAND: GET /session/04aee939af97850adaa3733c1af52842/screenshot - {}
RESULT: {"script":"<script> [1562 bytes]","args":[{"selector":{"id":"application-manageresources-display-component---newResourceUnit--PLANNED_DELIVERY_DATE","interaction":{"idSuffix":"inner"}},"wdio_ui5_key":"applicationmanageresources-display-component---newResourceUnit--PLANNED_DELIVERY_DATE"}]}
RESULT: undefined
COMMAND: POST /session/04aee939af97850adaa3733c1af52842/execute/async - {"script":"<script> [6424 bytes]","args":[{"element-6066-11e4-a52e-4f735466cecf":"f.244B6B55DE4F2A8C3CFC86491C19658C.d.3D6742E72C84DFC55C164B11B54C15B0.e.3755"},"setValue",["06/16/24"]]}
RESULT: {}
RESULT: {"script":"<script> [6424 bytes]","args":[{"element-6066-11e4-a52e-4f735466cecf":"f.244B6B55DE4F2A8C3CFC86491C19658C.d.3D6742E72C84DFC55C164B11B54C15B0.e.3755"},"setValue",["06/16/24"]]}
COMMAND: POST /session/04aee939af97850adaa3733c1af52842/execute/async - {"script":"<script> [1562 bytes]","args":[{"selector":{"id":"application-manageresources-display-component---newResourceUnit--RETIRE_PLANNED_DATE","interaction":{"idSuffix":"inner"}},"wdio_ui5_key":"applicationmanageresources-display-component---newResourceUnit--RETIRE_PLANNED_DATE"}]}
RESULT: {"script":"<script> [1562 bytes]","args":[{"selector":{"id":"application-manageresources-display-component---newResourceUnit--RETIRE_PLANNED_DATE","interaction":{"idSuffix":"inner"}},"wdio_ui5_key":"applicationmanageresources-display-component---newResourceUnit--RETIRE_PLANNED_DATE"}]}
RESULT: undefined
COMMAND: POST /session/04aee939af97850adaa3733c1af52842/execute/async - {"script":"<script> [776 bytes]","args":[{"enterText":"3/14/29","selector":{"id":"application-manageresources-display-component---newResourceUnit--RETIRE_PLANNED_DATE","interaction":{"idSuffix":"inner"}},"clearTextFirst":true,"interactionType":"ENTER_TEXT"}]}
RESULT: {"script":"<script> [776 bytes]","args":[{"enterText":"3/14/29","selector":{"id":"application-manageresources-display-component---newResourceUnit--RETIRE_PLANNED_DATE","interaction":{"idSuffix":"inner"}},"clearTextFirst":true,"interactionType":"ENTER_TEXT"}]}
COMMAND: POST /session/04aee939af97850adaa3733c1af52842/execute/async - {"script":"<script> [1562 bytes]","args":[{"selector":{"controlType":"sap.m.Button","viewName":"reusables.view.manageresources.NewResourceUnit","viewId":"application-manageresources-display-component---newResourceUnit","i18NText":{"propertyName":"tooltip","key":"save"},"interaction":{"idSuffix":"BDI-content"}},"wdio_ui5_key":"reusablesview.manageresources.NewResourceUnitsap.m.Button{\"propertyName\":\"tooltip\",\"key\":\"save\"}"}]}
RESULT: {"script":"<script> [1562 bytes]","args":[{"selector":{"controlType":"sap.m.Button","viewName":"reusables.view.manageresources.NewResourceUnit","viewId":"application-manageresources-display-component---newResourceUnit","i18NText":{"propertyName":"tooltip","key":"save"},"interaction":{"idSuffix":"BDI-content"}},"wdio_ui5_key":"reusablesview.manageresources.NewResourceUnitsap.m.Button{\"propertyName\":\"tooltip\",\"key\":\"save\"}"}]}
RESULT: undefined
COMMAND: POST /session/04aee939af97850adaa3733c1af52842/element - {"using":"xpath","value":"//*[@id=\"application-manageresources-display-component---newResourceUnit--createRuButton\"]"}
RESULT: {"using":"xpath","value":"//*[@id=\"application-manageresources-display-component---newResourceUnit--createRuButton\"]"}
COMMAND: POST /session/04aee939af97850adaa3733c1af52842/element/f.244B6B55DE4F2A8C3CFC86491C19658C.d.3D6742E72C84DFC55C164B11B54C15B0.e.3715/click - {}
RESULT: {}
COMMAND: GET /session/04aee939af97850adaa3733c1af52842/screenshot - {}
RESULT: {}
COMMAND: POST /session/04aee939af97850adaa3733c1af52842/execute/async - {"script":"<script> [1562 bytes]","args":[{"selector":{"controlType":"sap.m.Button","properties":{"text":"Close"},"searchOpenDialogs":true,"interaction":{"idSuffix":"inner"}},"wdio_ui5_key":"sapm.Button{\"text\":\"Close\"}"}]}
RESULT: {"script":"<script> [1562 bytes]","args":[{"selector":{"controlType":"sap.m.Button","properties":{"text":"Close"},"searchOpenDialogs":true,"interaction":{"idSuffix":"inner"}},"wdio_ui5_key":"sapm.Button{\"text\":\"Close\"}"}]}
RESULT: undefined
COMMAND: POST /session/04aee939af97850adaa3733c1af52842/element - {"using":"xpath","value":"//*[@id=\"__mbox-btn-0\"]"}
RESULT: {"using":"xpath","value":"//*[@id=\"__mbox-btn-0\"]"}
COMMAND: POST /session/04aee939af97850adaa3733c1af52842/element/f.244B6B55DE4F2A8C3CFC86491C19658C.d.3D6742E72C84DFC55C164B11B54C15B0.e.3885/click - {}
RESULT: {}
COMMAND: GET /session/04aee939af97850adaa3733c1af52842/screenshot - {}
RESULT: {}
COMMAND: POST /session/04aee939af97850adaa3733c1af52842/execute/async - {"script":"<script> [1562 bytes]","args":[{"selector":{"controlType":"sap.m.Text","viewName":"etm.portal.ui.manageresources.view.Detail","viewId":"application-manageresources-display-component---detailRU","bindingPath":{"propertyPath":"ID","modelName":"catalogModel"}},"wdio_ui5_key":"etmportal.ui.manageresources.view.Detailsap.m.Text{\"propertyPath\":\"ID\",\"modelName\":\"catalogModel\"}"}]}
RESULT: {"script":"<script> [1562 bytes]","args":[{"selector":{"controlType":"sap.m.Text","viewName":"etm.portal.ui.manageresources.view.Detail","viewId":"application-manageresources-display-component---detailRU","bindingPath":{"propertyPath":"ID","modelName":"catalogModel"}},"wdio_ui5_key":"etmportal.ui.manageresources.view.Detailsap.m.Text{\"propertyPath\":\"ID\",\"modelName\":\"catalogModel\"}"}]}
RESULT: undefined
COMMAND: POST /session/04aee939af97850adaa3733c1af52842/execute/async - {"script":"<script> [6424 bytes]","args":[{"element-6066-11e4-a52e-4f735466cecf":"f.244B6B55DE4F2A8C3CFC86491C19658C.d.3D6742E72C84DFC55C164B11B54C15B0.e.3923"},"getText",[]]}
RESULT: {"script":"<script> [6424 bytes]","args":[{"element-6066-11e4-a52e-4f735466cecf":"f.244B6B55DE4F2A8C3CFC86491C19658C.d.3D6742E72C84DFC55C164B11B54C15B0.e.3923"},"getText",[]]}
COMMAND: POST /session/04aee939af97850adaa3733c1af52842/element - {"using":"css selector","value":"#shell-header-logo"}
RESULT: {"using":"css selector","value":"#shell-header-logo"}
COMMAND: POST /session/04aee939af97850adaa3733c1af52842/element/f.244B6B55DE4F2A8C3CFC86491C19658C.d.3D6742E72C84DFC55C164B11B54C15B0.e.3338/click - {}
RESULT: {}
COMMAND: GET /session/04aee939af97850adaa3733c1af52842/screenshot - {}
RESULT: {}
COMMAND: POST /session/04aee939af97850adaa3733c1af52842/execute/async - {"script":"<script> [1562 bytes]","args":[{"selector":{"controlType":"sap.m.GenericTile","properties":{"header":"Manage Catalogs"}},"wdio_ui5_key":"sapm.GenericTile{\"header\":\"Manage Catalogs\"}"}]}
RESULT: {"script":"<script> [1562 bytes]","args":[{"selector":{"controlType":"sap.m.GenericTile","properties":{"header":"Manage Catalogs"}},"wdio_ui5_key":"sapm.GenericTile{\"header\":\"Manage Catalogs\"}"}]}
RESULT: undefined
COMMAND: POST /session/04aee939af97850adaa3733c1af52842/element - {"using":"xpath","value":"//*[@id=\"__tile37\"]"}
RESULT: {"using":"xpath","value":"//*[@id=\"__tile37\"]"}
COMMAND: POST /session/04aee939af97850adaa3733c1af52842/element/f.244B6B55DE4F2A8C3CFC86491C19658C.d.3D6742E72C84DFC55C164B11B54C15B0.e.3925/click - {}
RESULT: {}
COMMAND: GET /session/04aee939af97850adaa3733c1af52842/screenshot - {}
RESULT: {}
COMMAND: POST /session/04aee939af97850adaa3733c1af52842/elements - {"using":"xpath","value":"//span[text()='Error']"}
RESULT: {"using":"xpath","value":"//span[text()='Error']"}
COMMAND: POST /session/04aee939af97850adaa3733c1af52842/execute/async - {"script":"<script> [1562 bytes]","args":[{"selector":{"controlType":"sap.m.Text","viewName":"etm.portal.ui.managecatalogs.view.MasterCatalogs","viewId":"application-managecatalogs-display-component---masterCatalogs","bindingPath":{"path":"/Catalogs('0D7502D073D53A0F1700BE067B89AFF9')","propertyPath":"DESCRIPTION","modelName":"catalogModel"}},"wdio_ui5_key":"etmportal.ui.managecatalogs.view.MasterCatalogssap.m.Text{\"path\":\"/Catalogs('0D7502D073D53A0F1700BE067B89AFF9')\",\"propertyPath\":\"DESCRIPTION\",\"modelName\":\"catalogModel\"}"}]}
RESULT: {"script":"<script> [1562 bytes]","args":[{"selector":{"controlType":"sap.m.Text","viewName":"etm.portal.ui.managecatalogs.view.MasterCatalogs","viewId":"application-managecatalogs-display-component---masterCatalogs","bindingPath":{"path":"/Catalogs('0D7502D073D53A0F1700BE067B89AFF9')","propertyPath":"DESCRIPTION","modelName":"catalogModel"}},"wdio_ui5_key":"etmportal.ui.managecatalogs.view.MasterCatalogssap.m.Text{\"path\":\"/Catalogs('0D7502D073D53A0F1700BE067B89AFF9')\",\"propertyPath\":\"DESCRIPTION\",\"modelName\":\"catalogModel\"}"}]}
RESULT: undefined
COMMAND: POST /session/04aee939af97850adaa3733c1af52842/element - {"using":"xpath","value":"//*[@id=\"__text919-application-managecatalogs-display-component---masterCatalogs--CatalogsTable-11\"]"}
RESULT: {"using":"xpath","value":"//*[@id=\"__text919-application-managecatalogs-display-component---masterCatalogs--CatalogsTable-11\"]"}
COMMAND: POST /session/04aee939af97850adaa3733c1af52842/element/f.244B6B55DE4F2A8C3CFC86491C19658C.d.3D6742E72C84DFC55C164B11B54C15B0.e.3995/click - {}
RESULT: {}
COMMAND: POST /session/04aee939af97850adaa3733c1af52842/execute/async - {"script":"<script> [1562 bytes]","args":[{"selector":{"controlType":"sap.ui.layout.HorizontalLayout","viewName":"etm.portal.ui.managecatalogs.view.MasterItems","viewId":"application-managecatalogs-display-component---masterCatalogItems","ancestor":{"id":"application-managecatalogs-display-component---masterCatalogItems--idCatalogItemsTree-rows-row0"}},"wdio_ui5_key":"etmportal.ui.managecatalogs.view.MasterItemssap.ui.layout.HorizontalLayout{\"id\":\"application-managecatalogs-display-component---masterCatalogItems--idCatalogItemsTree-rows-row0\"}"}]}
COMMAND: GET /session/04aee939af97850adaa3733c1af52842/screenshot - {}
RESULT: {"script":"<script> [1562 bytes]","args":[{"selector":{"controlType":"sap.ui.layout.HorizontalLayout","viewName":"etm.portal.ui.managecatalogs.view.MasterItems","viewId":"application-managecatalogs-display-component---masterCatalogItems","ancestor":{"id":"application-managecatalogs-display-component---masterCatalogItems--idCatalogItemsTree-rows-row0"}},"wdio_ui5_key":"etmportal.ui.managecatalogs.view.MasterItemssap.ui.layout.HorizontalLayout{\"id\":\"application-managecatalogs-display-component---masterCatalogItems--idCatalogItemsTree-rows-row0\"}"}]}
RESULT: undefined
COMMAND: POST /session/04aee939af97850adaa3733c1af52842/element - {"using":"xpath","value":"//*[@id=\"__layout279-__clone1722\"]"}
RESULT: {}
RESULT: {"using":"xpath","value":"//*[@id=\"__layout279-__clone1722\"]"}
COMMAND: POST /session/04aee939af97850adaa3733c1af52842/element/f.244B6B55DE4F2A8C3CFC86491C19658C.d.3D6742E72C84DFC55C164B11B54C15B0.e.4029/click - {}
RESULT: {}
COMMAND: GET /session/04aee939af97850adaa3733c1af52842/screenshot - {}
COMMAND: POST /session/04aee939af97850adaa3733c1af52842/execute/async - {"script":"<script> [1562 bytes]","args":[{"selector":{"controlType":"sap.m.Button","viewName":"etm.portal.ui.managecatalogs.view.Detail","viewId":"application-managecatalogs-display-component---detailCatalog","i18NText":{"propertyName":"text","key":"edit"},"interaction":{"idSuffix":"BDI-content"}},"wdio_ui5_key":"etmportal.ui.managecatalogs.view.Detailsap.m.Button{\"propertyName\":\"text\",\"key\":\"edit\"}"}]}
RESULT: {}
RESULT: {"script":"<script> [1562 bytes]","args":[{"selector":{"controlType":"sap.m.Button","viewName":"etm.portal.ui.managecatalogs.view.Detail","viewId":"application-managecatalogs-display-component---detailCatalog","i18NText":{"propertyName":"text","key":"edit"},"interaction":{"idSuffix":"BDI-content"}},"wdio_ui5_key":"etmportal.ui.managecatalogs.view.Detailsap.m.Button{\"propertyName\":\"text\",\"key\":\"edit\"}"}]}
RESULT: undefined
COMMAND: POST /session/04aee939af97850adaa3733c1af52842/element - {"using":"xpath","value":"//*[@id=\"__button118\"]"}
RESULT: {"using":"xpath","value":"//*[@id=\"__button118\"]"}
COMMAND: POST /session/04aee939af97850adaa3733c1af52842/element/f.244B6B55DE4F2A8C3CFC86491C19658C.d.3D6742E72C84DFC55C164B11B54C15B0.e.4143/click - {}
RESULT: {}
COMMAND: GET /session/04aee939af97850adaa3733c1af52842/screenshot - {}
RESULT: {}
COMMAND: POST /session/04aee939af97850adaa3733c1af52842/element - {"using":"xpath","value":"//bdi[contains(text(), \"Unlock\")]"}
RESULT: {"using":"xpath","value":"//bdi[contains(text(), \"Unlock\")]"}
COMMAND: POST /session/04aee939af97850adaa3733c1af52842/elements - {"using":"xpath","value":"//bdi[contains(text(), \"Unlock\")]"}
RESULT: {"using":"xpath","value":"//bdi[contains(text(), \"Unlock\")]"}
COMMAND: POST /session/04aee939af97850adaa3733c1af52842/execute/async - {"script":"<script> [1562 bytes]","args":[{"selector":{"controlType":"sap.ui.core.Icon","viewName":"etm.portal.ui.managecatalogs.view.Detail","viewId":"application-managecatalogs-display-component---detailCatalog","properties":{"src":{"regex":{"source":"add\\-folder"}}}},"wdio_ui5_key":"etmportal.ui.managecatalogs.view.Detailsap.ui.core.Icon{\"src\":{\"regex\":{\"source\":\"add\\\\-folder\"}}}"}]}
RESULT: {"script":"<script> [1562 bytes]","args":[{"selector":{"controlType":"sap.ui.core.Icon","viewName":"etm.portal.ui.managecatalogs.view.Detail","viewId":"application-managecatalogs-display-component---detailCatalog","properties":{"src":{"regex":{"source":"add\\-folder"}}}},"wdio_ui5_key":"etmportal.ui.managecatalogs.view.Detailsap.ui.core.Icon{\"src\":{\"regex\":{\"source\":\"add\\\\-folder\"}}}"}]}
RESULT: undefined
COMMAND: POST /session/04aee939af97850adaa3733c1af52842/element - {"using":"xpath","value":"//*[@id=\"__button126-img\"]"}
RESULT: {"using":"xpath","value":"//*[@id=\"__button126-img\"]"}
COMMAND: POST /session/04aee939af97850adaa3733c1af52842/element/f.244B6B55DE4F2A8C3CFC86491C19658C.d.3D6742E72C84DFC55C164B11B54C15B0.e.4149/click - {}
RESULT: {}
COMMAND: GET /session/04aee939af97850adaa3733c1af52842/screenshot - {}
RESULT: {}
COMMAND: POST /session/04aee939af97850adaa3733c1af52842/execute/async - {"script":"<script> [1562 bytes]","args":[{"selector":{"id":"application-managecatalogs-display-component---detailCatalog--numberInput","searchOpenDialogs":true,"interaction":{"idSuffix":"inner"}},"wdio_ui5_key":"applicationmanagecatalogs-display-component---detailCatalog--numberInput"}]}
RESULT: {"script":"<script> [1562 bytes]","args":[{"selector":{"id":"application-managecatalogs-display-component---detailCatalog--numberInput","searchOpenDialogs":true,"interaction":{"idSuffix":"inner"}},"wdio_ui5_key":"applicationmanagecatalogs-display-component---detailCatalog--numberInput"}]}
RESULT: undefined
COMMAND: POST /session/04aee939af97850adaa3733c1af52842/execute/async - {"script":"<script> [776 bytes]","args":[{"enterText":"Section875zk","selector":{"id":"application-managecatalogs-display-component---detailCatalog--numberInput","searchOpenDialogs":true,"interaction":{"idSuffix":"inner"}},"clearTextFirst":true,"interactionType":"ENTER_TEXT"}]}
RESULT: {"script":"<script> [776 bytes]","args":[{"enterText":"Section875zk","selector":{"id":"application-managecatalogs-display-component---detailCatalog--numberInput","searchOpenDialogs":true,"interaction":{"idSuffix":"inner"}},"clearTextFirst":true,"interactionType":"ENTER_TEXT"}]}
COMMAND: POST /session/04aee939af97850adaa3733c1af52842/element - {"using":"css selector","value":"#application-managecatalogs-display-component---detailCatalog--nameInput-inner"}
RESULT: {"using":"css selector","value":"#application-managecatalogs-display-component---detailCatalog--nameInput-inner"}
COMMAND: POST /session/04aee939af97850adaa3733c1af52842/elements - {"using":"css selector","value":"#application-managecatalogs-display-component---detailCatalog--nameInput-inner"}
RESULT: {"using":"css selector","value":"#application-managecatalogs-display-component---detailCatalog--nameInput-inner"}
COMMAND: POST /session/04aee939af97850adaa3733c1af52842/element/f.244B6B55DE4F2A8C3CFC86491C19658C.d.3D6742E72C84DFC55C164B11B54C15B0.e.4153/clear - {}
RESULT: {}
COMMAND: POST /session/04aee939af97850adaa3733c1af52842/element/f.244B6B55DE4F2A8C3CFC86491C19658C.d.3D6742E72C84DFC55C164B11B54C15B0.e.4153/value - {"text":"Webdriverjb24v"}
COMMAND: GET /session/04aee939af97850adaa3733c1af52842/screenshot - {}
RESULT: {"text":"Webdriverjb24v"}
COMMAND: POST /session/04aee939af97850adaa3733c1af52842/execute/async - {"script":"<script> [1562 bytes]","args":[{"selector":{"controlType":"sap.m.Button","viewName":"etm.portal.ui.managecatalogs.view.Detail","viewId":"application-managecatalogs-display-component---detailCatalog","i18NText":{"propertyName":"text","key":"create"},"searchOpenDialogs":true,"interaction":{"idSuffix":"BDI-content"}},"wdio_ui5_key":"etmportal.ui.managecatalogs.view.Detailsap.m.Button{\"propertyName\":\"text\",\"key\":\"create\"}"}]}
COMMAND: GET /session/04aee939af97850adaa3733c1af52842/screenshot - {}
RESULT: {}
RESULT: {"script":"<script> [1562 bytes]","args":[{"selector":{"controlType":"sap.m.Button","viewName":"etm.portal.ui.managecatalogs.view.Detail","viewId":"application-managecatalogs-display-component---detailCatalog","i18NText":{"propertyName":"text","key":"create"},"searchOpenDialogs":true,"interaction":{"idSuffix":"BDI-content"}},"wdio_ui5_key":"etmportal.ui.managecatalogs.view.Detailsap.m.Button{\"propertyName\":\"text\",\"key\":\"create\"}"}]}
RESULT: undefined
COMMAND: POST /session/04aee939af97850adaa3733c1af52842/element - {"using":"xpath","value":"//*[@id=\"__button96\"]"}
RESULT: {}
RESULT: {"using":"xpath","value":"//*[@id=\"__button96\"]"}
COMMAND: POST /session/04aee939af97850adaa3733c1af52842/element/f.244B6B55DE4F2A8C3CFC86491C19658C.d.3D6742E72C84DFC55C164B11B54C15B0.e.4158/click - {}
RESULT: {}
COMMAND: GET /session/04aee939af97850adaa3733c1af52842/screenshot - {}
RESULT: {}
COMMAND: POST /session/04aee939af97850adaa3733c1af52842/element - {"using":"xpath","value":"//button[@title=\"Save\"]"}
RESULT: {"using":"xpath","value":"//button[@title=\"Save\"]"}
COMMAND: POST /session/04aee939af97850adaa3733c1af52842/element/f.244B6B55DE4F2A8C3CFC86491C19658C.d.3D6742E72C84DFC55C164B11B54C15B0.e.4159/click - {}
RESULT: {}
COMMAND: POST /session/04aee939af97850adaa3733c1af52842/execute/async - {"script":"<script> [1562 bytes]","args":[{"selector":{"controlType":"sap.ui.core.Icon","viewName":"etm.portal.ui.managecatalogs.view.Detail","viewId":"application-managecatalogs-display-component---detailCatalog","properties":{"src":{"regex":{"source":"decline"}}}},"wdio_ui5_key":"etmportal.ui.managecatalogs.view.Detailsap.ui.core.Icon{\"src\":{\"regex\":{\"source\":\"decline\"}}}"}]}
COMMAND: GET /session/04aee939af97850adaa3733c1af52842/screenshot - {}
RESULT: {"script":"<script> [1562 bytes]","args":[{"selector":{"controlType":"sap.ui.core.Icon","viewName":"etm.portal.ui.managecatalogs.view.Detail","viewId":"application-managecatalogs-display-component---detailCatalog","properties":{"src":{"regex":{"source":"decline"}}}},"wdio_ui5_key":"etmportal.ui.managecatalogs.view.Detailsap.ui.core.Icon{\"src\":{\"regex\":{\"source\":\"decline\"}}}"}]}
RESULT: undefined
COMMAND: POST /session/04aee939af97850adaa3733c1af52842/element - {"using":"xpath","value":"//*[@id=\"__button121-img\"]"}
RESULT: {}
RESULT: {"using":"xpath","value":"//*[@id=\"__button121-img\"]"}
COMMAND: POST /session/04aee939af97850adaa3733c1af52842/element/f.244B6B55DE4F2A8C3CFC86491C19658C.d.3D6742E72C84DFC55C164B11B54C15B0.e.4164/click - {}
RESULT: {}
COMMAND: GET /session/04aee939af97850adaa3733c1af52842/screenshot - {}
RESULT: {}
COMMAND: POST /session/04aee939af97850adaa3733c1af52842/execute/async - {"script":"<script> [1562 bytes]","args":[{"selector":{"controlType":"sap.ui.core.Icon","viewName":"etm.portal.ui.managecatalogs.view.MasterItems","viewId":"application-managecatalogs-display-component---masterCatalogItems","properties":{"src":{"regex":{"source":"refresh"}}}},"wdio_ui5_key":"etmportal.ui.managecatalogs.view.MasterItemssap.ui.core.Icon{\"src\":{\"regex\":{\"source\":\"refresh\"}}}"}]}
RESULT: {"script":"<script> [1562 bytes]","args":[{"selector":{"controlType":"sap.ui.core.Icon","viewName":"etm.portal.ui.managecatalogs.view.MasterItems","viewId":"application-managecatalogs-display-component---masterCatalogItems","properties":{"src":{"regex":{"source":"refresh"}}}},"wdio_ui5_key":"etmportal.ui.managecatalogs.view.MasterItemssap.ui.core.Icon{\"src\":{\"regex\":{\"source\":\"refresh\"}}}"}]}
RESULT: undefined
COMMAND: POST /session/04aee939af97850adaa3733c1af52842/element - {"using":"xpath","value":"//*[@id=\"__button94-img\"]"}
RESULT: {"using":"xpath","value":"//*[@id=\"__button94-img\"]"}
COMMAND: POST /session/04aee939af97850adaa3733c1af52842/element/f.244B6B55DE4F2A8C3CFC86491C19658C.d.3D6742E72C84DFC55C164B11B54C15B0.e.4200/click - {}
RESULT: {}
COMMAND: POST /session/04aee939af97850adaa3733c1af52842/execute/async - {"script":"<script> [1562 bytes]","args":[{"selector":{"id":"application-managecatalogs-display-component---masterCatalogItems--searchItemsField","interaction":{"idSuffix":"I"}},"wdio_ui5_key":"applicationmanagecatalogs-display-component---masterCatalogItems--searchItemsField"}]}
COMMAND: GET /session/04aee939af97850adaa3733c1af52842/screenshot - {}
RESULT: {"script":"<script> [1562 bytes]","args":[{"selector":{"id":"application-managecatalogs-display-component---masterCatalogItems--searchItemsField","interaction":{"idSuffix":"I"}},"wdio_ui5_key":"applicationmanagecatalogs-display-component---masterCatalogItems--searchItemsField"}]}
RESULT: undefined
COMMAND: POST /session/04aee939af97850adaa3733c1af52842/execute/async - {"script":"<script> [776 bytes]","args":[{"enterText":"Webdriverjb24v","selector":{"id":"application-managecatalogs-display-component---masterCatalogItems--searchItemsField","interaction":{"idSuffix":"I"}},"clearTextFirst":true,"interactionType":"ENTER_TEXT"}]}
RESULT: {}
RESULT: {"script":"<script> [776 bytes]","args":[{"enterText":"Webdriverjb24v","selector":{"id":"application-managecatalogs-display-component---masterCatalogItems--searchItemsField","interaction":{"idSuffix":"I"}},"clearTextFirst":true,"interactionType":"ENTER_TEXT"}]}
COMMAND: POST /session/04aee939af97850adaa3733c1af52842/actions - {"actions":[{"id":"action10","type":"key","parameters":{},"actions":[{"type":"keyDown","value":"î€‡"},{"type":"pause","duration":10},{"type":"keyUp","value":"î€‡"}]}]}
RESULT: {"actions":[{"id":"action10","type":"key","parameters":{},"actions":[{"type":"keyDown","value":"î€‡"},{"type":"pause","duration":10},{"type":"keyUp","value":"î€‡"}]}]}
COMMAND: POST /session/04aee939af97850adaa3733c1af52842/element - {"using":"xpath","value":"(//span[contains(text(), \"Webdriverjb24v\")])[1]"}
COMMAND: GET /session/04aee939af97850adaa3733c1af52842/screenshot - {}
RESULT: {"using":"xpath","value":"(//span[contains(text(), \"Webdriverjb24v\")])[1]"}
COMMAND: POST /session/04aee939af97850adaa3733c1af52842/element/f.244B6B55DE4F2A8C3CFC86491C19658C.d.3D6742E72C84DFC55C164B11B54C15B0.e.4203/click - {}
RESULT: {}
RESULT: {}
COMMAND: GET /session/04aee939af97850adaa3733c1af52842/screenshot - {}
RESULT: {}
RESULT: undefined
COMMAND: POST /session/04aee939af97850adaa3733c1af52842/element - {"using":"xpath","value":"//*[@id=\"__button118\"]"}
RESULT: {"using":"xpath","value":"//*[@id=\"__button118\"]"}
COMMAND: POST /session/04aee939af97850adaa3733c1af52842/element/f.244B6B55DE4F2A8C3CFC86491C19658C.d.3D6742E72C84DFC55C164B11B54C15B0.e.4273/click - {}
RESULT: {}
COMMAND: GET /session/04aee939af97850adaa3733c1af52842/screenshot - {}
RESULT: {}
RESULT: undefined
COMMAND: POST /session/04aee939af97850adaa3733c1af52842/element - {"using":"xpath","value":"//*[@id=\"__button126-img\"]"}
RESULT: {"using":"xpath","value":"//*[@id=\"__button126-img\"]"}
COMMAND: POST /session/04aee939af97850adaa3733c1af52842/element/f.244B6B55DE4F2A8C3CFC86491C19658C.d.3D6742E72C84DFC55C164B11B54C15B0.e.4290/click - {}
RESULT: {}
COMMAND: GET /session/04aee939af97850adaa3733c1af52842/screenshot - {}
RESULT: {}
RESULT: undefined
COMMAND: POST /session/04aee939af97850adaa3733c1af52842/execute/async - {"script":"<script> [776 bytes]","args":[{"enterText":"SecondSectionoxt9j","selector":{"id":"application-managecatalogs-display-component---detailCatalog--numberInput","searchOpenDialogs":true,"interaction":{"idSuffix":"inner"}},"clearTextFirst":true,"interactionType":"ENTER_TEXT"}]}
RESULT: {"script":"<script> [776 bytes]","args":[{"enterText":"SecondSectionoxt9j","selector":{"id":"application-managecatalogs-display-component---detailCatalog--numberInput","searchOpenDialogs":true,"interaction":{"idSuffix":"inner"}},"clearTextFirst":true,"interactionType":"ENTER_TEXT"}]}
COMMAND: POST /session/04aee939af97850adaa3733c1af52842/element - {"using":"xpath","value":"//input[contains(@id ,\"application-managecatalogs-display-component---detailCatalog--nameInput-inner\")]"}
RESULT: {"using":"xpath","value":"//input[contains(@id ,\"application-managecatalogs-display-component---detailCatalog--nameInput-inner\")]"}
COMMAND: POST /session/04aee939af97850adaa3733c1af52842/elements - {"using":"xpath","value":"//input[contains(@id ,\"application-managecatalogs-display-component---detailCatalog--nameInput-inner\")]"}
RESULT: {"using":"xpath","value":"//input[contains(@id ,\"application-managecatalogs-display-component---detailCatalog--nameInput-inner\")]"}
COMMAND: POST /session/04aee939af97850adaa3733c1af52842/element/f.244B6B55DE4F2A8C3CFC86491C19658C.d.3D6742E72C84DFC55C164B11B54C15B0.e.4294/clear - {}
RESULT: {}
COMMAND: POST /session/04aee939af97850adaa3733c1af52842/element/f.244B6B55DE4F2A8C3CFC86491C19658C.d.3D6742E72C84DFC55C164B11B54C15B0.e.4294/value - {"text":"webdriversecond4qi6o"}
COMMAND: GET /session/04aee939af97850adaa3733c1af52842/screenshot - {}
RESULT: {}
RESULT: {"text":"webdriversecond4qi6o"}
RESULT: undefined
COMMAND: POST /session/04aee939af97850adaa3733c1af52842/element - {"using":"xpath","value":"//*[@id=\"__button96\"]"}
COMMAND: GET /session/04aee939af97850adaa3733c1af52842/screenshot - {}
RESULT: {"using":"xpath","value":"//*[@id=\"__button96\"]"}
COMMAND: POST /session/04aee939af97850adaa3733c1af52842/element/f.244B6B55DE4F2A8C3CFC86491C19658C.d.3D6742E72C84DFC55C164B11B54C15B0.e.4298/click - {}
RESULT: {}
RESULT: {}
COMMAND: GET /session/04aee939af97850adaa3733c1af52842/screenshot - {}
RESULT: {}
COMMAND: POST /session/04aee939af97850adaa3733c1af52842/element - {"using":"xpath","value":"//button[@title=\"Save\"]"}
RESULT: {"using":"xpath","value":"//button[@title=\"Save\"]"}
COMMAND: POST /session/04aee939af97850adaa3733c1af52842/element/f.244B6B55DE4F2A8C3CFC86491C19658C.d.3D6742E72C84DFC55C164B11B54C15B0.e.4277/click - {}
RESULT: {}
COMMAND: GET /session/04aee939af97850adaa3733c1af52842/screenshot - {}
RESULT: {}
RESULT: undefined
COMMAND: POST /session/04aee939af97850adaa3733c1af52842/element - {"using":"xpath","value":"//*[@id=\"__button121-img\"]"}
RESULT: {"using":"xpath","value":"//*[@id=\"__button121-img\"]"}
COMMAND: POST /session/04aee939af97850adaa3733c1af52842/element/f.244B6B55DE4F2A8C3CFC86491C19658C.d.3D6742E72C84DFC55C164B11B54C15B0.e.4302/click - {}
RESULT: {}
COMMAND: GET /session/04aee939af97850adaa3733c1af52842/screenshot - {}
RESULT: {}
RESULT: undefined
COMMAND: POST /session/04aee939af97850adaa3733c1af52842/element - {"using":"xpath","value":"//*[@id=\"__button94-img\"]"}
RESULT: {"using":"xpath","value":"//*[@id=\"__button94-img\"]"}
COMMAND: POST /session/04aee939af97850adaa3733c1af52842/element/f.244B6B55DE4F2A8C3CFC86491C19658C.d.3D6742E72C84DFC55C164B11B54C15B0.e.4339/click - {}
RESULT: {}
COMMAND: GET /session/04aee939af97850adaa3733c1af52842/screenshot - {}
RESULT: {}
RESULT: undefined
COMMAND: POST /session/04aee939af97850adaa3733c1af52842/execute/async - {"script":"<script> [776 bytes]","args":[{"enterText":"SecondSectionoxt9j","selector":{"id":"application-managecatalogs-display-component---masterCatalogItems--searchItemsField","interaction":{"idSuffix":"I"}},"clearTextFirst":true,"interactionType":"ENTER_TEXT"}]}
RESULT: {"script":"<script> [776 bytes]","args":[{"enterText":"SecondSectionoxt9j","selector":{"id":"application-managecatalogs-display-component---masterCatalogItems--searchItemsField","interaction":{"idSuffix":"I"}},"clearTextFirst":true,"interactionType":"ENTER_TEXT"}]}
COMMAND: POST /session/04aee939af97850adaa3733c1af52842/actions - {"actions":[{"id":"action11","type":"key","parameters":{},"actions":[{"type":"keyDown","value":"î€‡"},{"type":"pause","duration":10},{"type":"keyUp","value":"î€‡"}]}]}
RESULT: {"actions":[{"id":"action11","type":"key","parameters":{},"actions":[{"type":"keyDown","value":"î€‡"},{"type":"pause","duration":10},{"type":"keyUp","value":"î€‡"}]}]}
COMMAND: POST /session/04aee939af97850adaa3733c1af52842/element - {"using":"xpath","value":"(//span[contains(text(), \"SecondSectionoxt9j\")])[1]"}
COMMAND: GET /session/04aee939af97850adaa3733c1af52842/screenshot - {}
RESULT: {"using":"xpath","value":"(//span[contains(text(), \"SecondSectionoxt9j\")])[1]"}
COMMAND: POST /session/04aee939af97850adaa3733c1af52842/element/f.244B6B55DE4F2A8C3CFC86491C19658C.d.3D6742E72C84DFC55C164B11B54C15B0.e.4342/click - {}
RESULT: {}
RESULT: {}
COMMAND: POST /session/04aee939af97850adaa3733c1af52842/element - {"using":"xpath","value":"(//span[contains(text(), \"SecondSectionoxt9j\")])[1]"}
COMMAND: GET /session/04aee939af97850adaa3733c1af52842/screenshot - {}
RESULT: {"using":"xpath","value":"(//span[contains(text(), \"SecondSectionoxt9j\")])[1]"}
COMMAND: GET /session/04aee939af97850adaa3733c1af52842/element/f.244B6B55DE4F2A8C3CFC86491C19658C.d.3D6742E72C84DFC55C164B11B54C15B0.e.4342/text - {}
RESULT: {}
COMMAND: POST /session/04aee939af97850adaa3733c1af52842/element - {"using":"xpath","value":"(//span[contains(text(), \"SecondSectionoxt9j\")])[1]"}
RESULT: {"using":"xpath","value":"(//span[contains(text(), \"SecondSectionoxt9j\")])[1]"}
COMMAND: GET /session/04aee939af97850adaa3733c1af52842/element/f.244B6B55DE4F2A8C3CFC86491C19658C.d.3D6742E72C84DFC55C164B11B54C15B0.e.4342/text - {}
COMMAND: POST /session/04aee939af97850adaa3733c1af52842/element - {"using":"xpath","value":"(//span[contains(text(), \"SecondSectionoxt9j\")])[1]"}
RESULT: {"using":"xpath","value":"(//span[contains(text(), \"SecondSectionoxt9j\")])[1]"}
COMMAND: GET /session/04aee939af97850adaa3733c1af52842/element/f.244B6B55DE4F2A8C3CFC86491C19658C.d.3D6742E72C84DFC55C164B11B54C15B0.e.4395/text - {}
RESULT: {}
COMMAND: POST /session/04aee939af97850adaa3733c1af52842/refresh - {}
RESULT: {}
COMMAND: GET /session/04aee939af97850adaa3733c1af52842/screenshot - {}
RESULT: {}
COMMAND: POST /session/04aee939af97850adaa3733c1af52842/execute/async - {"script":"<script> [189 bytes]","args":[]}
RESULT: {"script":"<script> [189 bytes]","args":[]}
COMMAND: POST /session/04aee939af97850adaa3733c1af52842/execute/async - {"script":"<script> [123 bytes]","args":[]}
RESULT: {"script":"<script> [123 bytes]","args":[]}
COMMAND: POST /session/04aee939af97850adaa3733c1af52842/timeouts - {"script":"<number>"}
RESULT: {"script":"<number>"}
COMMAND: GET /session/04aee939af97850adaa3733c1af52842/timeouts - {}
RESULT: {}
RESULT: undefined
COMMAND: POST /session/04aee939af97850adaa3733c1af52842/execute/async - {"script":"<script> [2676 bytes]","args":[]}
RESULT: {"script":"<script> [2676 bytes]","args":[]}
COMMAND: POST /session/04aee939af97850adaa3733c1af52842/execute/async - {"script":"<script> [2342 bytes]","args":[{"protocol":"http","hostname":"0.0.0.0","path":"/","capabilities":{"browserName":"chrome","goog:chromeOptions":{"binary":"C:\\Program Files\\Google\\Chrome\\Application\\chrome.exe","args":["--start-maximized"]}},"logLevel":"warn","connectionRetryTimeout":120000,"connectionRetryCount":3,"logLevels":{},"enableDirectConnect":true,"strictSSL":true,"_":"65 more keys: [\"cacheDir\",\"port\",\"requestedCapabilities\",\"automationProtocol\",\"baseUrl\",\"waitforInterval\",\"waitforTimeout\",\"onReload\",\"beforeCommand\",\"afterCommand\",\"rootDir\",\"specs\",\"suites\",\"exclude\",\"groupLogsByTestSpec\",\"excludeDriverLogs\",\"bail\",\"framework\",\"reporters\",\"services\",\"maxInstances\",\"maxInstancesPerCapability\",\"injectGlobals\",\"filesToWatch\",\"execArgv\",\"runnerEnv\",\"runner\",\"shard\",\"specFileRetries\",\"specFileRetriesDelay\",\"specFileRetriesDeferred\",\"reporterSyncInterval\",\"reporterSyncTimeout\",\"cucumberFeaturesWithLineNumbers\",\"autoCompileOpts\",\"mochaOpts\",\"jasmineOpts\",\"cucumberOpts\",\"onPrepare\",\"onWorkerStart\",\"onWorkerEnd\",\"before\",\"beforeSession\",\"beforeSuite\",\"beforeHook\",\"beforeTest\",\"afterTest\",\"afterHook\",\"afterSuite\",\"afterSession\",\"after\",\"onComplete\",\"beforeAssertion\",\"afterAssertion\",\"beforeFeature\",\"beforeScenario\",\"beforeStep\",\"afterStep\",\"afterScenario\",\"afterFeature\",\"_\",\"suite\",\"$0\",\"ignoredWorkerServices\",\"wdi5\"]"}]}
RESULT: {"script":"<script> [2342 bytes]","args":[{"protocol":"http","hostname":"0.0.0.0","path":"/","capabilities":{"browserName":"chrome","goog:chromeOptions":{"binary":"C:\\Program Files\\Google\\Chrome\\Application\\chrome.exe","args":["--start-maximized"]}},"logLevel":"warn","connectionRetryTimeout":120000,"connectionRetryCount":3,"logLevels":{},"enableDirectConnect":true,"strictSSL":true,"_":"65 more keys: [\"cacheDir\",\"port\",\"requestedCapabilities\",\"automationProtocol\",\"baseUrl\",\"waitforInterval\",\"waitforTimeout\",\"onReload\",\"beforeCommand\",\"afterCommand\",\"rootDir\",\"specs\",\"suites\",\"exclude\",\"groupLogsByTestSpec\",\"excludeDriverLogs\",\"bail\",\"framework\",\"reporters\",\"services\",\"maxInstances\",\"maxInstancesPerCapability\",\"injectGlobals\",\"filesToWatch\",\"execArgv\",\"runnerEnv\",\"runner\",\"shard\",\"specFileRetries\",\"specFileRetriesDelay\",\"specFileRetriesDeferred\",\"reporterSyncInterval\",\"reporterSyncTimeout\",\"cucumberFeaturesWithLineNumbers\",\"autoCompileOpts\",\"mochaOpts\",\"jasmineOpts\",\"cucumberOpts\",\"onPrepare\",\"onWorkerStart\",\"onWorkerEnd\",\"before\",\"beforeSession\",\"beforeSuite\",\"beforeHook\",\"beforeTest\",\"afterTest\",\"afterHook\",\"afterSuite\",\"afterSession\",\"after\",\"onComplete\",\"beforeAssertion\",\"afterAssertion\",\"beforeFeature\",\"beforeScenario\",\"beforeStep\",\"afterStep\",\"afterScenario\",\"afterFeature\",\"_\",\"suite\",\"$0\",\"ignoredWorkerServices\",\"wdi5\"]"}]}
COMMAND: POST /session/04aee939af97850adaa3733c1af52842/execute/async - {"script":"<script> [21126 bytes]","args":[35000]}
RESULT: {"script":"<script> [21126 bytes]","args":[35000]}
COMMAND: POST /session/04aee939af97850adaa3733c1af52842/execute/async - {"script":"<script> [1562 bytes]","args":[{"selector":{"controlType":"sap.m.Button","viewName":"etm.portal.ui.managecatalogs.view.Detail","viewId":"application-managecatalogs-display-component---detailCatalog","i18NText":{"propertyName":"text","key":"edit"},"interaction":{"idSuffix":"BDI-content"}},"wdio_ui5_key":"etmportal.ui.managecatalogs.view.Detailsap.m.Button{\"propertyName\":\"text\",\"key\":\"edit\"}"}]}
RESULT: {"script":"<script> [1562 bytes]","args":[{"selector":{"controlType":"sap.m.Button","viewName":"etm.portal.ui.managecatalogs.view.Detail","viewId":"application-managecatalogs-display-component---detailCatalog","i18NText":{"propertyName":"text","key":"edit"},"interaction":{"idSuffix":"BDI-content"}},"wdio_ui5_key":"etmportal.ui.managecatalogs.view.Detailsap.m.Button{\"propertyName\":\"text\",\"key\":\"edit\"}"}]}
RESULT: undefined
COMMAND: POST /session/04aee939af97850adaa3733c1af52842/element - {"using":"xpath","value":"//*[@id=\"__button25\"]"}
RESULT: {"using":"xpath","value":"//*[@id=\"__button25\"]"}
COMMAND: POST /session/04aee939af97850adaa3733c1af52842/element/f.244B6B55DE4F2A8C3CFC86491C19658C.d.DCCC76869F4195123369C055CF52E593.e.4452/click - {}
RESULT: {}
COMMAND: GET /session/04aee939af97850adaa3733c1af52842/screenshot - {}
RESULT: {}
COMMAND: POST /session/04aee939af97850adaa3733c1af52842/element - {"using":"xpath","value":"//button[contains(@title ,\"Create Catalog Item\")]"}
RESULT: {"using":"xpath","value":"//button[contains(@title ,\"Create Catalog Item\")]"}
COMMAND: POST /session/04aee939af97850adaa3733c1af52842/element/f.244B6B55DE4F2A8C3CFC86491C19658C.d.DCCC76869F4195123369C055CF52E593.e.4456/click - {}
RESULT: {}
COMMAND: POST /session/04aee939af97850adaa3733c1af52842/execute/async - {"script":"<script> [1562 bytes]","args":[{"selector":{"id":"application-managecatalogs-display-component---detailCatalog--newItemNumberInput","searchOpenDialogs":true,"interaction":{"idSuffix":"inner"}},"wdio_ui5_key":"applicationmanagecatalogs-display-component---detailCatalog--newItemNumberInput"}]}
COMMAND: GET /session/04aee939af97850adaa3733c1af52842/screenshot - {}
RESULT: {"script":"<script> [1562 bytes]","args":[{"selector":{"id":"application-managecatalogs-display-component---detailCatalog--newItemNumberInput","searchOpenDialogs":true,"interaction":{"idSuffix":"inner"}},"wdio_ui5_key":"applicationmanagecatalogs-display-component---detailCatalog--newItemNumberInput"}]}
RESULT: undefined
COMMAND: POST /session/04aee939af97850adaa3733c1af52842/execute/async - {"script":"<script> [776 bytes]","args":[{"enterText":"catalogItem7b4ii","selector":{"id":"application-managecatalogs-display-component---detailCatalog--newItemNumberInput","searchOpenDialogs":true,"interaction":{"idSuffix":"inner"}},"clearTextFirst":true,"interactionType":"ENTER_TEXT"}]}
RESULT: {}
RESULT: {"script":"<script> [776 bytes]","args":[{"enterText":"catalogItem7b4ii","selector":{"id":"application-managecatalogs-display-component---detailCatalog--newItemNumberInput","searchOpenDialogs":true,"interaction":{"idSuffix":"inner"}},"clearTextFirst":true,"interactionType":"ENTER_TEXT"}]}
COMMAND: POST /session/04aee939af97850adaa3733c1af52842/execute/async - {"script":"<script> [1562 bytes]","args":[{"selector":{"controlType":"sap.m.Input","viewName":"etm.portal.ui.managecatalogs.view.Detail","viewId":"application-managecatalogs-display-component---detailCatalog","bindingPath":{"path":"","propertyPath":"/DESCRIPTION"},"searchOpenDialogs":true,"interaction":{"idSuffix":"inner"}},"wdio_ui5_key":"etmportal.ui.managecatalogs.view.Detailsap.m.Input{\"path\":\"\",\"propertyPath\":\"/DESCRIPTION\"}"}]}
RESULT: {"script":"<script> [1562 bytes]","args":[{"selector":{"controlType":"sap.m.Input","viewName":"etm.portal.ui.managecatalogs.view.Detail","viewId":"application-managecatalogs-display-component---detailCatalog","bindingPath":{"path":"","propertyPath":"/DESCRIPTION"},"searchOpenDialogs":true,"interaction":{"idSuffix":"inner"}},"wdio_ui5_key":"etmportal.ui.managecatalogs.view.Detailsap.m.Input{\"path\":\"\",\"propertyPath\":\"/DESCRIPTION\"}"}]}
RESULT: undefined
COMMAND: POST /session/04aee939af97850adaa3733c1af52842/execute/async - {"script":"<script> [776 bytes]","args":[{"enterText":"catalogItemNamee66jk","selector":{"controlType":"sap.m.Input","viewName":"etm.portal.ui.managecatalogs.view.Detail","viewId":"application-managecatalogs-display-component---detailCatalog","bindingPath":{"path":"","propertyPath":"/DESCRIPTION"},"searchOpenDialogs":true,"interaction":{"idSuffix":"inner"}},"clearTextFirst":true,"interactionType":"ENTER_TEXT"}]}
RESULT: {"script":"<script> [776 bytes]","args":[{"enterText":"catalogItemNamee66jk","selector":{"controlType":"sap.m.Input","viewName":"etm.portal.ui.managecatalogs.view.Detail","viewId":"application-managecatalogs-display-component---detailCatalog","bindingPath":{"path":"","propertyPath":"/DESCRIPTION"},"searchOpenDialogs":true,"interaction":{"idSuffix":"inner"}},"clearTextFirst":true,"interactionType":"ENTER_TEXT"}]}
COMMAND: POST /session/04aee939af97850adaa3733c1af52842/actions - {"actions":[{"id":"action12","type":"key","parameters":{},"actions":[{"type":"keyDown","value":"î€„"},{"type":"pause","duration":10},{"type":"keyUp","value":"î€„"}]}]}
RESULT: {"actions":[{"id":"action12","type":"key","parameters":{},"actions":[{"type":"keyDown","value":"î€„"},{"type":"pause","duration":10},{"type":"keyUp","value":"î€„"}]}]}
COMMAND: GET /session/04aee939af97850adaa3733c1af52842/screenshot - {}
RESULT: {}
COMMAND: POST /session/04aee939af97850adaa3733c1af52842/actions - {"actions":[{"id":"action13","type":"key","parameters":{},"actions":[{"type":"keyDown","value":"î€‡"},{"type":"pause","duration":10},{"type":"keyUp","value":"î€‡"}]}]}
RESULT: {"actions":[{"id":"action13","type":"key","parameters":{},"actions":[{"type":"keyDown","value":"î€‡"},{"type":"pause","duration":10},{"type":"keyUp","value":"î€‡"}]}]}
COMMAND: GET /session/04aee939af97850adaa3733c1af52842/screenshot - {}
RESULT: {}
COMMAND: POST /session/04aee939af97850adaa3733c1af52842/element - {"using":"xpath","value":"//button[@title=\"Save\"]"}
RESULT: {"using":"xpath","value":"//button[@title=\"Save\"]"}
COMMAND: POST /session/04aee939af97850adaa3733c1af52842/element/f.244B6B55DE4F2A8C3CFC86491C19658C.d.DCCC76869F4195123369C055CF52E593.e.4465/click - {}
RESULT: {}
COMMAND: GET /session/04aee939af97850adaa3733c1af52842/screenshot - {}
RESULT: {}
COMMAND: POST /session/04aee939af97850adaa3733c1af52842/execute/async - {"script":"<script> [1562 bytes]","args":[{"selector":{"controlType":"sap.ui.core.Icon","viewName":"etm.portal.ui.managecatalogs.view.Detail","viewId":"application-managecatalogs-display-component---detailCatalog","properties":{"src":{"regex":{"source":"decline"}}}},"wdio_ui5_key":"etmportal.ui.managecatalogs.view.Detailsap.ui.core.Icon{\"src\":{\"regex\":{\"source\":\"decline\"}}}"}]}
RESULT: {"script":"<script> [1562 bytes]","args":[{"selector":{"controlType":"sap.ui.core.Icon","viewName":"etm.portal.ui.managecatalogs.view.Detail","viewId":"application-managecatalogs-display-component---detailCatalog","properties":{"src":{"regex":{"source":"decline"}}}},"wdio_ui5_key":"etmportal.ui.managecatalogs.view.Detailsap.ui.core.Icon{\"src\":{\"regex\":{\"source\":\"decline\"}}}"}]}
RESULT: undefined
COMMAND: POST /session/04aee939af97850adaa3733c1af52842/element - {"using":"xpath","value":"//*[@id=\"__button28-img\"]"}
RESULT: {"using":"xpath","value":"//*[@id=\"__button28-img\"]"}
COMMAND: POST /session/04aee939af97850adaa3733c1af52842/element/f.244B6B55DE4F2A8C3CFC86491C19658C.d.DCCC76869F4195123369C055CF52E593.e.4470/click - {}
RESULT: {}
COMMAND: GET /session/04aee939af97850adaa3733c1af52842/screenshot - {}
RESULT: {}
COMMAND: POST /session/04aee939af97850adaa3733c1af52842/execute/async - {"script":"<script> [1562 bytes]","args":[{"selector":{"controlType":"sap.ui.core.Icon","viewName":"etm.portal.ui.managecatalogs.view.MasterItems","viewId":"application-managecatalogs-display-component---masterCatalogItems","properties":{"src":{"regex":{"source":"refresh"}}}},"wdio_ui5_key":"etmportal.ui.managecatalogs.view.MasterItemssap.ui.core.Icon{\"src\":{\"regex\":{\"source\":\"refresh\"}}}"}]}
RESULT: {"script":"<script> [1562 bytes]","args":[{"selector":{"controlType":"sap.ui.core.Icon","viewName":"etm.portal.ui.managecatalogs.view.MasterItems","viewId":"application-managecatalogs-display-component---masterCatalogItems","properties":{"src":{"regex":{"source":"refresh"}}}},"wdio_ui5_key":"etmportal.ui.managecatalogs.view.MasterItemssap.ui.core.Icon{\"src\":{\"regex\":{\"source\":\"refresh\"}}}"}]}
RESULT: undefined
COMMAND: POST /session/04aee939af97850adaa3733c1af52842/element - {"using":"xpath","value":"//*[@id=\"__button1-img\"]"}
RESULT: {"using":"xpath","value":"//*[@id=\"__button1-img\"]"}
COMMAND: POST /session/04aee939af97850adaa3733c1af52842/element/f.244B6B55DE4F2A8C3CFC86491C19658C.d.DCCC76869F4195123369C055CF52E593.e.4478/click - {}
RESULT: {}
COMMAND: GET /session/04aee939af97850adaa3733c1af52842/screenshot - {}
RESULT: {}
COMMAND: POST /session/04aee939af97850adaa3733c1af52842/execute/async - {"script":"<script> [1562 bytes]","args":[{"selector":{"id":"application-managecatalogs-display-component---masterCatalogItems--searchItemsField","interaction":{"idSuffix":"I"}},"wdio_ui5_key":"applicationmanagecatalogs-display-component---masterCatalogItems--searchItemsField"}]}
RESULT: {"script":"<script> [1562 bytes]","args":[{"selector":{"id":"application-managecatalogs-display-component---masterCatalogItems--searchItemsField","interaction":{"idSuffix":"I"}},"wdio_ui5_key":"applicationmanagecatalogs-display-component---masterCatalogItems--searchItemsField"}]}
RESULT: undefined
COMMAND: POST /session/04aee939af97850adaa3733c1af52842/execute/async - {"script":"<script> [776 bytes]","args":[{"enterText":"catalogItemNamee66jk","selector":{"id":"application-managecatalogs-display-component---masterCatalogItems--searchItemsField","interaction":{"idSuffix":"I"}},"clearTextFirst":true,"interactionType":"ENTER_TEXT"}]}
RESULT: {"script":"<script> [776 bytes]","args":[{"enterText":"catalogItemNamee66jk","selector":{"id":"application-managecatalogs-display-component---masterCatalogItems--searchItemsField","interaction":{"idSuffix":"I"}},"clearTextFirst":true,"interactionType":"ENTER_TEXT"}]}
COMMAND: POST /session/04aee939af97850adaa3733c1af52842/actions - {"actions":[{"id":"action14","type":"key","parameters":{},"actions":[{"type":"keyDown","value":"î€‡"},{"type":"pause","duration":10},{"type":"keyUp","value":"î€‡"}]}]}
RESULT: {"actions":[{"id":"action14","type":"key","parameters":{},"actions":[{"type":"keyDown","value":"î€‡"},{"type":"pause","duration":10},{"type":"keyUp","value":"î€‡"}]}]}
COMMAND: POST /session/04aee939af97850adaa3733c1af52842/element - {"using":"xpath","value":"(//span[contains(text(), \"catalogItemNamee66jk\")])[1]"}
COMMAND: GET /session/04aee939af97850adaa3733c1af52842/screenshot - {}
RESULT: {"using":"xpath","value":"(//span[contains(text(), \"catalogItemNamee66jk\")])[1]"}
COMMAND: POST /session/04aee939af97850adaa3733c1af52842/element/f.244B6B55DE4F2A8C3CFC86491C19658C.d.DCCC76869F4195123369C055CF52E593.e.4515/click - {}
RESULT: {}
RESULT: {}
COMMAND: GET /session/04aee939af97850adaa3733c1af52842/screenshot - {}
RESULT: {}
COMMAND: POST /session/04aee939af97850adaa3733c1af52842/element - {"using":"xpath","value":"//span[contains(text(), \"catalogItem7b4ii\")]"}
RESULT: {"using":"xpath","value":"//span[contains(text(), \"catalogItem7b4ii\")]"}
COMMAND: GET /session/04aee939af97850adaa3733c1af52842/element/f.244B6B55DE4F2A8C3CFC86491C19658C.d.DCCC76869F4195123369C055CF52E593.e.4578/text - {}
RESULT: {}
]]></system-out>
    </testcase>
    <testcase classname="chrome.136_0_7103_93.windows.Standard_contract_-_add_contract_items_by_Insert_Request_US118222" name="Should assign resources to the catalog item" time="54.023">
      <system-out><![CDATA[
RESULT: undefined
COMMAND: POST /session/04aee939af97850adaa3733c1af52842/element - {"using":"xpath","value":"//*[@id=\"__button25\"]"}
RESULT: {"using":"xpath","value":"//*[@id=\"__button25\"]"}
COMMAND: POST /session/04aee939af97850adaa3733c1af52842/element/f.244B6B55DE4F2A8C3CFC86491C19658C.d.DCCC76869F4195123369C055CF52E593.e.4579/click - {}
RESULT: {}
COMMAND: GET /session/04aee939af97850adaa3733c1af52842/screenshot - {}
RESULT: {}
COMMAND: POST /session/04aee939af97850adaa3733c1af52842/execute/async - {"script":"<script> [1562 bytes]","args":[{"selector":{"id":"application-managecatalogs-display-component---detailCatalog--BASE_UNIT_OF_MEASURE-arrow"},"wdio_ui5_key":"applicationmanagecatalogs-display-component---detailCatalog--BASE_UNIT_OF_MEASURE-arrow"}]}
RESULT: {"script":"<script> [1562 bytes]","args":[{"selector":{"id":"application-managecatalogs-display-component---detailCatalog--BASE_UNIT_OF_MEASURE-arrow"},"wdio_ui5_key":"applicationmanagecatalogs-display-component---detailCatalog--BASE_UNIT_OF_MEASURE-arrow"}]}
RESULT: undefined
COMMAND: POST /session/04aee939af97850adaa3733c1af52842/element - {"using":"xpath","value":"//*[@id=\"application-managecatalogs-display-component---detailCatalog--BASE_UNIT_OF_MEASURE-arrow\"]"}
RESULT: {"using":"xpath","value":"//*[@id=\"application-managecatalogs-display-component---detailCatalog--BASE_UNIT_OF_MEASURE-arrow\"]"}
COMMAND: POST /session/04aee939af97850adaa3733c1af52842/element/f.244B6B55DE4F2A8C3CFC86491C19658C.d.DCCC76869F4195123369C055CF52E593.e.4606/click - {}
RESULT: {}
COMMAND: POST /session/04aee939af97850adaa3733c1af52842/execute/async - {"script":"<script> [1562 bytes]","args":[{"selector":{"controlType":"sap.m.StandardListItem","viewName":"etm.portal.ui.managecatalogs.view.Detail","viewId":"application-managecatalogs-display-component---detailCatalog","properties":{"title":"Piece"},"searchOpenDialogs":true,"interaction":{"idSuffix":"titleText"}},"wdio_ui5_key":"etmportal.ui.managecatalogs.view.Detailsap.m.StandardListItem{\"title\":\"Piece\"}"}]}
COMMAND: GET /session/04aee939af97850adaa3733c1af52842/screenshot - {}
RESULT: {"script":"<script> [1562 bytes]","args":[{"selector":{"controlType":"sap.m.StandardListItem","viewName":"etm.portal.ui.managecatalogs.view.Detail","viewId":"application-managecatalogs-display-component---detailCatalog","properties":{"title":"Piece"},"searchOpenDialogs":true,"interaction":{"idSuffix":"titleText"}},"wdio_ui5_key":"etmportal.ui.managecatalogs.view.Detailsap.m.StandardListItem{\"title\":\"Piece\"}"}]}
RESULT: undefined
COMMAND: POST /session/04aee939af97850adaa3733c1af52842/element - {"using":"xpath","value":"//*[@id=\"__item221\"]"}
RESULT: {}
RESULT: {"using":"xpath","value":"//*[@id=\"__item221\"]"}
COMMAND: POST /session/04aee939af97850adaa3733c1af52842/element/f.244B6B55DE4F2A8C3CFC86491C19658C.d.DCCC76869F4195123369C055CF52E593.e.4610/click - {}
RESULT: {}
COMMAND: POST /session/04aee939af97850adaa3733c1af52842/execute/async - {"script":"<script> [1562 bytes]","args":[{"selector":{"id":"application-managecatalogs-display-component---detailCatalog--ObjectPageLayout-anchBar-application-managecatalogs-display-component---detailCatalog--sectionRUs-anchor","interaction":{"idSuffix":"BDI-content"}},"wdio_ui5_key":"applicationmanagecatalogs-display-component---detailCatalog--ObjectPageLayout-anchBar-application-managecatalogs-display-component---detailCatalog--sectionRUs-anchor"}]}
COMMAND: GET /session/04aee939af97850adaa3733c1af52842/screenshot - {}
RESULT: {"script":"<script> [1562 bytes]","args":[{"selector":{"id":"application-managecatalogs-display-component---detailCatalog--ObjectPageLayout-anchBar-application-managecatalogs-display-component---detailCatalog--sectionRUs-anchor","interaction":{"idSuffix":"BDI-content"}},"wdio_ui5_key":"applicationmanagecatalogs-display-component---detailCatalog--ObjectPageLayout-anchBar-application-managecatalogs-display-component---detailCatalog--sectionRUs-anchor"}]}
RESULT: undefined
COMMAND: POST /session/04aee939af97850adaa3733c1af52842/element - {"using":"xpath","value":"//*[@id=\"application-managecatalogs-display-component---detailCatalog--ObjectPageLayout-anchBar-application-managecatalogs-display-component---detailCatalog--sectionRUs-anchor\"]"}
RESULT: {}
RESULT: {"using":"xpath","value":"//*[@id=\"application-managecatalogs-display-component---detailCatalog--ObjectPageLayout-anchBar-application-managecatalogs-display-component---detailCatalog--sectionRUs-anchor\"]"}
COMMAND: POST /session/04aee939af97850adaa3733c1af52842/element/f.244B6B55DE4F2A8C3CFC86491C19658C.d.DCCC76869F4195123369C055CF52E593.e.4612/click - {}
RESULT: {}
COMMAND: POST /session/04aee939af97850adaa3733c1af52842/element - {"using":"xpath","value":"//button[contains(@data-kt ,\"catalogItemAssignRuButton\")]"}
COMMAND: GET /session/04aee939af97850adaa3733c1af52842/screenshot - {}
RESULT: {"using":"xpath","value":"//button[contains(@data-kt ,\"catalogItemAssignRuButton\")]"}
COMMAND: POST /session/04aee939af97850adaa3733c1af52842/element/f.244B6B55DE4F2A8C3CFC86491C19658C.d.DCCC76869F4195123369C055CF52E593.e.4616/click - {}
RESULT: {}
RESULT: {}
COMMAND: GET /session/04aee939af97850adaa3733c1af52842/screenshot - {}
RESULT: {}
COMMAND: POST /session/04aee939af97850adaa3733c1af52842/actions - {"actions":[{"id":"action15","type":"key","parameters":{},"actions":[{"type":"keyDown","value":"î€‡"},{"type":"pause","duration":10},{"type":"keyUp","value":"î€‡"}]}]}
RESULT: {"actions":[{"id":"action15","type":"key","parameters":{},"actions":[{"type":"keyDown","value":"î€‡"},{"type":"pause","duration":10},{"type":"keyUp","value":"î€‡"}]}]}
COMMAND: POST /session/04aee939af97850adaa3733c1af52842/execute/async - {"script":"<script> [1562 bytes]","args":[{"selector":{"id":"application-managecatalogs-display-component---detailCatalog--assignRUSearchField-vhi","searchOpenDialogs":true},"wdio_ui5_key":"applicationmanagecatalogs-display-component---detailCatalog--assignRUSearchField-vhi"}]}
COMMAND: GET /session/04aee939af97850adaa3733c1af52842/screenshot - {}
RESULT: {"script":"<script> [1562 bytes]","args":[{"selector":{"id":"application-managecatalogs-display-component---detailCatalog--assignRUSearchField-vhi","searchOpenDialogs":true},"wdio_ui5_key":"applicationmanagecatalogs-display-component---detailCatalog--assignRUSearchField-vhi"}]}
RESULT: undefined
COMMAND: POST /session/04aee939af97850adaa3733c1af52842/element - {"using":"xpath","value":"//*[@id=\"application-managecatalogs-display-component---detailCatalog--assignRUSearchField-vhi\"]"}
RESULT: {}
RESULT: {"using":"xpath","value":"//*[@id=\"application-managecatalogs-display-component---detailCatalog--assignRUSearchField-vhi\"]"}
COMMAND: POST /session/04aee939af97850adaa3733c1af52842/element/f.244B6B55DE4F2A8C3CFC86491C19658C.d.DCCC76869F4195123369C055CF52E593.e.4637/click - {}
RESULT: {}
COMMAND: GET /session/04aee939af97850adaa3733c1af52842/screenshot - {}
RESULT: {}
COMMAND: POST /session/04aee939af97850adaa3733c1af52842/element - {"using":"xpath","value":"//input[contains(@id ,\"searchField-I\")]"}
RESULT: {"using":"xpath","value":"//input[contains(@id ,\"searchField-I\")]"}
COMMAND: POST /session/04aee939af97850adaa3733c1af52842/element/f.244B6B55DE4F2A8C3CFC86491C19658C.d.DCCC76869F4195123369C055CF52E593.e.4641/clear - {}
RESULT: {}
COMMAND: POST /session/04aee939af97850adaa3733c1af52842/element/f.244B6B55DE4F2A8C3CFC86491C19658C.d.DCCC76869F4195123369C055CF52E593.e.4641/value - {"text":"WdIOR2cEquip6lf2si"}
COMMAND: GET /session/04aee939af97850adaa3733c1af52842/screenshot - {}
RESULT: {"text":"WdIOR2cEquip6lf2si"}
COMMAND: GET /session/04aee939af97850adaa3733c1af52842/screenshot - {}
RESULT: {}
RESULT: {}
COMMAND: POST /session/04aee939af97850adaa3733c1af52842/actions - {"actions":[{"id":"action16","type":"key","parameters":{},"actions":[{"type":"keyDown","value":"î€‡"},{"type":"pause","duration":10},{"type":"keyUp","value":"î€‡"}]}]}
RESULT: {"actions":[{"id":"action16","type":"key","parameters":{},"actions":[{"type":"keyDown","value":"î€‡"},{"type":"pause","duration":10},{"type":"keyUp","value":"î€‡"}]}]}
COMMAND: GET /session/04aee939af97850adaa3733c1af52842/screenshot - {}
RESULT: {}
COMMAND: POST /session/04aee939af97850adaa3733c1af52842/actions - {"actions":[{"id":"action17","type":"key","parameters":{},"actions":[{"type":"keyDown","value":"î€„"},{"type":"pause","duration":10},{"type":"keyUp","value":"î€„"}]}]}
RESULT: {"actions":[{"id":"action17","type":"key","parameters":{},"actions":[{"type":"keyDown","value":"î€„"},{"type":"pause","duration":10},{"type":"keyUp","value":"î€„"}]}]}
COMMAND: GET /session/04aee939af97850adaa3733c1af52842/screenshot - {}
RESULT: {}
COMMAND: POST /session/04aee939af97850adaa3733c1af52842/actions - {"actions":[{"id":"action18","type":"key","parameters":{},"actions":[{"type":"keyDown","value":"î€‡"},{"type":"pause","duration":10},{"type":"keyUp","value":"î€‡"}]}]}
RESULT: {"actions":[{"id":"action18","type":"key","parameters":{},"actions":[{"type":"keyDown","value":"î€‡"},{"type":"pause","duration":10},{"type":"keyUp","value":"î€‡"}]}]}
COMMAND: GET /session/04aee939af97850adaa3733c1af52842/screenshot - {}
RESULT: {}
COMMAND: POST /session/04aee939af97850adaa3733c1af52842/element - {"using":"xpath","value":"//bdi[contains(@id ,\"application-managecatalogs-display-component---detailCatalog--RUAssignmentSaveButton-BDI-content\")]"}
RESULT: {"using":"xpath","value":"//bdi[contains(@id ,\"application-managecatalogs-display-component---detailCatalog--RUAssignmentSaveButton-BDI-content\")]"}
COMMAND: POST /session/04aee939af97850adaa3733c1af52842/element/f.244B6B55DE4F2A8C3CFC86491C19658C.d.DCCC76869F4195123369C055CF52E593.e.4674/click - {}
RESULT: {}
COMMAND: GET /session/04aee939af97850adaa3733c1af52842/screenshot - {}
RESULT: {}
COMMAND: POST /session/04aee939af97850adaa3733c1af52842/element - {"using":"xpath","value":"//bdi[contains(@id ,\"application-managecatalogs-display-component---detailCatalog--ObjectPageLayout-anchBar-application-managecatalogs-display-component---detailCatalog--sectionRUs-anchor-BDI-content\")]"}
RESULT: {"using":"xpath","value":"//bdi[contains(@id ,\"application-managecatalogs-display-component---detailCatalog--ObjectPageLayout-anchBar-application-managecatalogs-display-component---detailCatalog--sectionRUs-anchor-BDI-content\")]"}
COMMAND: POST /session/04aee939af97850adaa3733c1af52842/element/f.244B6B55DE4F2A8C3CFC86491C19658C.d.DCCC76869F4195123369C055CF52E593.e.4695/click - {}
RESULT: {}
COMMAND: GET /session/04aee939af97850adaa3733c1af52842/screenshot - {}
RESULT: {}
COMMAND: POST /session/04aee939af97850adaa3733c1af52842/element - {"using":"xpath","value":"//button[contains(@data-kt ,\"catalogItemAssignRuButton\")]"}
RESULT: {"using":"xpath","value":"//button[contains(@data-kt ,\"catalogItemAssignRuButton\")]"}
COMMAND: POST /session/04aee939af97850adaa3733c1af52842/element/f.244B6B55DE4F2A8C3CFC86491C19658C.d.DCCC76869F4195123369C055CF52E593.e.4616/click - {}
RESULT: {}
COMMAND: GET /session/04aee939af97850adaa3733c1af52842/screenshot - {}
RESULT: {}
COMMAND: POST /session/04aee939af97850adaa3733c1af52842/actions - {"actions":[{"id":"action19","type":"key","parameters":{},"actions":[{"type":"keyDown","value":"î€‡"},{"type":"pause","duration":10},{"type":"keyUp","value":"î€‡"}]}]}
RESULT: {"actions":[{"id":"action19","type":"key","parameters":{},"actions":[{"type":"keyDown","value":"î€‡"},{"type":"pause","duration":10},{"type":"keyUp","value":"î€‡"}]}]}
RESULT: undefined
COMMAND: POST /session/04aee939af97850adaa3733c1af52842/element - {"using":"xpath","value":"//*[@id=\"application-managecatalogs-display-component---detailCatalog--assignRUSearchField-vhi\"]"}
COMMAND: GET /session/04aee939af97850adaa3733c1af52842/screenshot - {}
RESULT: {"using":"xpath","value":"//*[@id=\"application-managecatalogs-display-component---detailCatalog--assignRUSearchField-vhi\"]"}
COMMAND: POST /session/04aee939af97850adaa3733c1af52842/elements - {"using":"xpath","value":"//*[@id=\"application-managecatalogs-display-component---detailCatalog--assignRUSearchField-vhi\"]"}
RESULT: {}
RESULT: {"using":"xpath","value":"//*[@id=\"application-managecatalogs-display-component---detailCatalog--assignRUSearchField-vhi\"]"}
COMMAND: POST /session/04aee939af97850adaa3733c1af52842/element - {"using":"xpath","value":"//*[@id=\"application-managecatalogs-display-component---detailCatalog--assignRUSearchField-vhi\"]"}
RESULT: {"using":"xpath","value":"//*[@id=\"application-managecatalogs-display-component---detailCatalog--assignRUSearchField-vhi\"]"}
COMMAND: POST /session/04aee939af97850adaa3733c1af52842/element/f.244B6B55DE4F2A8C3CFC86491C19658C.d.DCCC76869F4195123369C055CF52E593.e.4712/click - {}
RESULT: {}
COMMAND: POST /session/04aee939af97850adaa3733c1af52842/execute/async - {"script":"<script> [1562 bytes]","args":[{"selector":{"controlType":"sap.m.SearchField","viewName":"etm.portal.ui.managecatalogs.view.Detail","viewId":"application-managecatalogs-display-component---detailCatalog","searchOpenDialogs":true,"interaction":{"idSuffix":"I"}},"wdio_ui5_key":"etmportal.ui.managecatalogs.view.Detailsap.m.SearchField"}]}
COMMAND: GET /session/04aee939af97850adaa3733c1af52842/screenshot - {}
RESULT: {"script":"<script> [1562 bytes]","args":[{"selector":{"controlType":"sap.m.SearchField","viewName":"etm.portal.ui.managecatalogs.view.Detail","viewId":"application-managecatalogs-display-component---detailCatalog","searchOpenDialogs":true,"interaction":{"idSuffix":"I"}},"wdio_ui5_key":"etmportal.ui.managecatalogs.view.Detailsap.m.SearchField"}]}
RESULT: undefined
COMMAND: POST /session/04aee939af97850adaa3733c1af52842/execute/async - {"script":"<script> [776 bytes]","args":[{"enterText":"WebdriverRUR2Ckxoi1","selector":{"controlType":"sap.m.SearchField","viewName":"etm.portal.ui.managecatalogs.view.Detail","viewId":"application-managecatalogs-display-component---detailCatalog","searchOpenDialogs":true,"interaction":{"idSuffix":"I"}},"clearTextFirst":true,"interactionType":"ENTER_TEXT"}]}
RESULT: {}
RESULT: {"script":"<script> [776 bytes]","args":[{"enterText":"WebdriverRUR2Ckxoi1","selector":{"controlType":"sap.m.SearchField","viewName":"etm.portal.ui.managecatalogs.view.Detail","viewId":"application-managecatalogs-display-component---detailCatalog","searchOpenDialogs":true,"interaction":{"idSuffix":"I"}},"clearTextFirst":true,"interactionType":"ENTER_TEXT"}]}
COMMAND: POST /session/04aee939af97850adaa3733c1af52842/actions - {"actions":[{"id":"action20","type":"key","parameters":{},"actions":[{"type":"keyDown","value":"î€‡"},{"type":"pause","duration":10},{"type":"keyUp","value":"î€‡"}]}]}
RESULT: {"actions":[{"id":"action20","type":"key","parameters":{},"actions":[{"type":"keyDown","value":"î€‡"},{"type":"pause","duration":10},{"type":"keyUp","value":"î€‡"}]}]}
COMMAND: GET /session/04aee939af97850adaa3733c1af52842/screenshot - {}
RESULT: {}
COMMAND: POST /session/04aee939af97850adaa3733c1af52842/element - {"using":"xpath","value":"(//span[contains(text(), \"WebdriverRUR2Ckxoi1\")])[1]"}
RESULT: {"using":"xpath","value":"(//span[contains(text(), \"WebdriverRUR2Ckxoi1\")])[1]"}
COMMAND: POST /session/04aee939af97850adaa3733c1af52842/element/f.244B6B55DE4F2A8C3CFC86491C19658C.d.DCCC76869F4195123369C055CF52E593.e.4746/click - {}
RESULT: {}
COMMAND: POST /session/04aee939af97850adaa3733c1af52842/execute/async - {"script":"<script> [1562 bytes]","args":[{"selector":{"id":"application-managecatalogs-display-component---detailCatalog--RUAssignmentSaveButton","searchOpenDialogs":true,"interaction":{"idSuffix":"BDI-content"}},"wdio_ui5_key":"applicationmanagecatalogs-display-component---detailCatalog--RUAssignmentSaveButton"}]}
COMMAND: GET /session/04aee939af97850adaa3733c1af52842/screenshot - {}
RESULT: {"script":"<script> [1562 bytes]","args":[{"selector":{"id":"application-managecatalogs-display-component---detailCatalog--RUAssignmentSaveButton","searchOpenDialogs":true,"interaction":{"idSuffix":"BDI-content"}},"wdio_ui5_key":"applicationmanagecatalogs-display-component---detailCatalog--RUAssignmentSaveButton"}]}
RESULT: undefined
COMMAND: POST /session/04aee939af97850adaa3733c1af52842/element - {"using":"xpath","value":"//*[@id=\"application-managecatalogs-display-component---detailCatalog--RUAssignmentSaveButton\"]"}
RESULT: {}
RESULT: {"using":"xpath","value":"//*[@id=\"application-managecatalogs-display-component---detailCatalog--RUAssignmentSaveButton\"]"}
COMMAND: POST /session/04aee939af97850adaa3733c1af52842/element/f.244B6B55DE4F2A8C3CFC86491C19658C.d.DCCC76869F4195123369C055CF52E593.e.4749/click - {}
RESULT: {}
COMMAND: GET /session/04aee939af97850adaa3733c1af52842/screenshot - {}
RESULT: {}
COMMAND: POST /session/04aee939af97850adaa3733c1af52842/element - {"using":"xpath","value":"//bdi[contains(text(), \"Save\")]"}
RESULT: {"using":"xpath","value":"//bdi[contains(text(), \"Save\")]"}
COMMAND: POST /session/04aee939af97850adaa3733c1af52842/element/f.244B6B55DE4F2A8C3CFC86491C19658C.d.DCCC76869F4195123369C055CF52E593.e.4760/click - {}
RESULT: {}
COMMAND: GET /session/04aee939af97850adaa3733c1af52842/screenshot - {}
RESULT: {}
COMMAND: POST /session/04aee939af97850adaa3733c1af52842/element - {"using":"css selector","value":"#shell-header-logo"}
RESULT: {"using":"css selector","value":"#shell-header-logo"}
COMMAND: POST /session/04aee939af97850adaa3733c1af52842/element/f.244B6B55DE4F2A8C3CFC86491C19658C.d.DCCC76869F4195123369C055CF52E593.e.4416/click - {}
RESULT: {}
COMMAND: GET /session/04aee939af97850adaa3733c1af52842/screenshot - {}
RESULT: {}
]]></system-out>
    </testcase>
    <testcase classname="chrome.136_0_7103_93.windows.Standard_contract_-_add_contract_items_by_Insert_Request_US118222" name="Should create a new contract" time="90.02">
      <system-out><![CDATA[
COMMAND: POST /session/04aee939af97850adaa3733c1af52842/execute/async - {"script":"<script> [1562 bytes]","args":[{"selector":{"controlType":"sap.m.GenericTile","properties":{"header":"Manage Contracts"}},"wdio_ui5_key":"sapm.GenericTile{\"header\":\"Manage Contracts\"}"}]}
RESULT: {"script":"<script> [1562 bytes]","args":[{"selector":{"controlType":"sap.m.GenericTile","properties":{"header":"Manage Contracts"}},"wdio_ui5_key":"sapm.GenericTile{\"header\":\"Manage Contracts\"}"}]}
RESULT: undefined
COMMAND: POST /session/04aee939af97850adaa3733c1af52842/element - {"using":"xpath","value":"//*[@id=\"__tile130\"]"}
RESULT: {"using":"xpath","value":"//*[@id=\"__tile130\"]"}
COMMAND: POST /session/04aee939af97850adaa3733c1af52842/element/f.244B6B55DE4F2A8C3CFC86491C19658C.d.DCCC76869F4195123369C055CF52E593.e.4792/click - {}
RESULT: {}
COMMAND: GET /session/04aee939af97850adaa3733c1af52842/screenshot - {}
RESULT: {}
COMMAND: POST /session/04aee939af97850adaa3733c1af52842/elements - {"using":"xpath","value":"//span[text()='Error']"}
RESULT: {"using":"xpath","value":"//span[text()='Error']"}
COMMAND: POST /session/04aee939af97850adaa3733c1af52842/element - {"using":"xpath","value":"//button[@data-kt=\"addButton\"]"}
RESULT: {"using":"xpath","value":"//button[@data-kt=\"addButton\"]"}
COMMAND: POST /session/04aee939af97850adaa3733c1af52842/element/f.244B6B55DE4F2A8C3CFC86491C19658C.d.DCCC76869F4195123369C055CF52E593.e.4836/click - {}
RESULT: {}
COMMAND: GET /session/04aee939af97850adaa3733c1af52842/screenshot - {}
RESULT: {}
COMMAND: POST /session/04aee939af97850adaa3733c1af52842/execute/async - {"script":"<script> [1562 bytes]","args":[{"selector":{"id":"application-managecontracts-display-component---AddNewContract--projectDescription","interaction":{"idSuffix":"inner"}},"wdio_ui5_key":"applicationmanagecontracts-display-component---AddNewContract--projectDescription"}]}
RESULT: {"script":"<script> [1562 bytes]","args":[{"selector":{"id":"application-managecontracts-display-component---AddNewContract--projectDescription","interaction":{"idSuffix":"inner"}},"wdio_ui5_key":"applicationmanagecontracts-display-component---AddNewContract--projectDescription"}]}
RESULT: undefined
COMMAND: POST /session/04aee939af97850adaa3733c1af52842/execute/async - {"script":"<script> [776 bytes]","args":[{"enterText":"WdIOR2cu3btu","selector":{"id":"application-managecontracts-display-component---AddNewContract--projectDescription","interaction":{"idSuffix":"inner"}},"clearTextFirst":true,"interactionType":"ENTER_TEXT"}]}
RESULT: {"script":"<script> [776 bytes]","args":[{"enterText":"WdIOR2cu3btu","selector":{"id":"application-managecontracts-display-component---AddNewContract--projectDescription","interaction":{"idSuffix":"inner"}},"clearTextFirst":true,"interactionType":"ENTER_TEXT"}]}
COMMAND: POST /session/04aee939af97850adaa3733c1af52842/element - {"using":"xpath","value":"//input[@id=\"application-managecontracts-display-component---AddNewContract--yardId-inner\"]"}
RESULT: {"using":"xpath","value":"//input[@id=\"application-managecontracts-display-component---AddNewContract--yardId-inner\"]"}
COMMAND: POST /session/04aee939af97850adaa3733c1af52842/element/f.244B6B55DE4F2A8C3CFC86491C19658C.d.DCCC76869F4195123369C055CF52E593.e.5143/clear - {}
RESULT: {}
COMMAND: POST /session/04aee939af97850adaa3733c1af52842/element/f.244B6B55DE4F2A8C3CFC86491C19658C.d.DCCC76869F4195123369C055CF52E593.e.5143/value - {"text":"WebdriverYardf6lo1"}
COMMAND: GET /session/04aee939af97850adaa3733c1af52842/screenshot - {}
RESULT: {"text":"WebdriverYardf6lo1"}
COMMAND: GET /session/04aee939af97850adaa3733c1af52842/screenshot - {}
RESULT: {}
RESULT: {}
COMMAND: POST /session/04aee939af97850adaa3733c1af52842/actions - {"actions":[{"id":"action21","type":"key","parameters":{},"actions":[{"type":"keyDown","value":"î€‡"},{"type":"pause","duration":10},{"type":"keyUp","value":"î€‡"}]}]}
RESULT: {"actions":[{"id":"action21","type":"key","parameters":{},"actions":[{"type":"keyDown","value":"î€‡"},{"type":"pause","duration":10},{"type":"keyUp","value":"î€‡"}]}]}
COMMAND: GET /session/04aee939af97850adaa3733c1af52842/screenshot - {}
RESULT: {}
COMMAND: POST /session/04aee939af97850adaa3733c1af52842/element - {"using":"xpath","value":"//input[@id=\"application-managecontracts-display-component---AddNewContract--customerSelect-inner\"]"}
RESULT: {"using":"xpath","value":"//input[@id=\"application-managecontracts-display-component---AddNewContract--customerSelect-inner\"]"}
COMMAND: POST /session/04aee939af97850adaa3733c1af52842/element/f.244B6B55DE4F2A8C3CFC86491C19658C.d.DCCC76869F4195123369C055CF52E593.e.5141/clear - {}
RESULT: {}
COMMAND: POST /session/04aee939af97850adaa3733c1af52842/element/f.244B6B55DE4F2A8C3CFC86491C19658C.d.DCCC76869F4195123369C055CF52E593.e.5141/value - {"text":"WebdriverPartnerd2m4xi"}
COMMAND: GET /session/04aee939af97850adaa3733c1af52842/screenshot - {}
RESULT: {"text":"WebdriverPartnerd2m4xi"}
COMMAND: GET /session/04aee939af97850adaa3733c1af52842/screenshot - {}
RESULT: {}
RESULT: {}
COMMAND: POST /session/04aee939af97850adaa3733c1af52842/actions - {"actions":[{"id":"action22","type":"key","parameters":{},"actions":[{"type":"keyDown","value":"î€‡"},{"type":"pause","duration":10},{"type":"keyUp","value":"î€‡"}]}]}
RESULT: {"actions":[{"id":"action22","type":"key","parameters":{},"actions":[{"type":"keyDown","value":"î€‡"},{"type":"pause","duration":10},{"type":"keyUp","value":"î€‡"}]}]}
COMMAND: GET /session/04aee939af97850adaa3733c1af52842/screenshot - {}
RESULT: {}
COMMAND: POST /session/04aee939af97850adaa3733c1af52842/element - {"using":"xpath","value":"//input[@id=\"application-managecontracts-display-component---AddNewContract--site-inner\"]"}
RESULT: {"using":"xpath","value":"//input[@id=\"application-managecontracts-display-component---AddNewContract--site-inner\"]"}
COMMAND: POST /session/04aee939af97850adaa3733c1af52842/element/f.244B6B55DE4F2A8C3CFC86491C19658C.d.DCCC76869F4195123369C055CF52E593.e.5142/clear - {}
RESULT: {}
COMMAND: POST /session/04aee939af97850adaa3733c1af52842/element/f.244B6B55DE4F2A8C3CFC86491C19658C.d.DCCC76869F4195123369C055CF52E593.e.5142/value - {"text":"WebdriverSited2samg"}
COMMAND: GET /session/04aee939af97850adaa3733c1af52842/screenshot - {}
RESULT: {"text":"WebdriverSited2samg"}
COMMAND: GET /session/04aee939af97850adaa3733c1af52842/screenshot - {}
RESULT: {}
RESULT: {}
COMMAND: POST /session/04aee939af97850adaa3733c1af52842/actions - {"actions":[{"id":"action23","type":"key","parameters":{},"actions":[{"type":"keyDown","value":"î€‡"},{"type":"pause","duration":10},{"type":"keyUp","value":"î€‡"}]}]}
RESULT: {"actions":[{"id":"action23","type":"key","parameters":{},"actions":[{"type":"keyDown","value":"î€‡"},{"type":"pause","duration":10},{"type":"keyUp","value":"î€‡"}]}]}
COMMAND: GET /session/04aee939af97850adaa3733c1af52842/screenshot - {}
RESULT: {}
COMMAND: POST /session/04aee939af97850adaa3733c1af52842/element - {"using":"xpath","value":"//button[@data-kt=\"saveButton\"]"}
RESULT: {"using":"xpath","value":"//button[@data-kt=\"saveButton\"]"}
COMMAND: POST /session/04aee939af97850adaa3733c1af52842/element/f.244B6B55DE4F2A8C3CFC86491C19658C.d.DCCC76869F4195123369C055CF52E593.e.5177/click - {}
RESULT: {}
COMMAND: GET /session/04aee939af97850adaa3733c1af52842/screenshot - {}
RESULT: {}
COMMAND: POST /session/04aee939af97850adaa3733c1af52842/execute/async - {"script":"<script> [1562 bytes]","args":[{"selector":{"id":"contractDetailTitleNoExpanded","viewName":"etm.portal.ui.managecontracts.view.Detail"},"wdio_ui5_key":"contractDetailTitleNoExpandedetmportal.ui.managecontracts.view.Detail"}]}
RESULT: {"script":"<script> [1562 bytes]","args":[{"selector":{"id":"contractDetailTitleNoExpanded","viewName":"etm.portal.ui.managecontracts.view.Detail"},"wdio_ui5_key":"contractDetailTitleNoExpandedetmportal.ui.managecontracts.view.Detail"}]}
RESULT: undefined
COMMAND: POST /session/04aee939af97850adaa3733c1af52842/execute/async - {"script":"<script> [6424 bytes]","args":[{"element-6066-11e4-a52e-4f735466cecf":"f.244B6B55DE4F2A8C3CFC86491C19658C.d.DCCC76869F4195123369C055CF52E593.e.5190"},"getText",[]]}
RESULT: {"script":"<script> [6424 bytes]","args":[{"element-6066-11e4-a52e-4f735466cecf":"f.244B6B55DE4F2A8C3CFC86491C19658C.d.DCCC76869F4195123369C055CF52E593.e.5190"},"getText",[]]}
]]></system-out>
    </testcase>
    <testcase classname="chrome.136_0_7103_93.windows.Standard_contract_-_add_contract_items_by_Insert_Request_US118222" name="Should create a new request and plan it" time="164.292">
      <system-out><![CDATA[
COMMAND: POST /session/04aee939af97850adaa3733c1af52842/element - {"using":"css selector","value":"#shell-header-logo"}
RESULT: {"using":"css selector","value":"#shell-header-logo"}
COMMAND: POST /session/04aee939af97850adaa3733c1af52842/element/f.244B6B55DE4F2A8C3CFC86491C19658C.d.DCCC76869F4195123369C055CF52E593.e.4794/click - {}
RESULT: {}
COMMAND: GET /session/04aee939af97850adaa3733c1af52842/screenshot - {}
RESULT: {}
COMMAND: POST /session/04aee939af97850adaa3733c1af52842/execute/async - {"script":"<script> [1562 bytes]","args":[{"selector":{"controlType":"sap.m.GenericTile","properties":{"header":"Manage Requests"}},"wdio_ui5_key":"sapm.GenericTile{\"header\":\"Manage Requests\"}"}]}
RESULT: {"script":"<script> [1562 bytes]","args":[{"selector":{"controlType":"sap.m.GenericTile","properties":{"header":"Manage Requests"}},"wdio_ui5_key":"sapm.GenericTile{\"header\":\"Manage Requests\"}"}]}
RESULT: undefined
COMMAND: POST /session/04aee939af97850adaa3733c1af52842/element - {"using":"xpath","value":"//*[@id=\"__tile47\"]"}
RESULT: {"using":"xpath","value":"//*[@id=\"__tile47\"]"}
COMMAND: POST /session/04aee939af97850adaa3733c1af52842/element/f.244B6B55DE4F2A8C3CFC86491C19658C.d.DCCC76869F4195123369C055CF52E593.e.5193/click - {}
RESULT: {}
COMMAND: GET /session/04aee939af97850adaa3733c1af52842/screenshot - {}
RESULT: {}
COMMAND: POST /session/04aee939af97850adaa3733c1af52842/elements - {"using":"xpath","value":"//span[text()='Error']"}
RESULT: {"using":"xpath","value":"//span[text()='Error']"}
COMMAND: POST /session/04aee939af97850adaa3733c1af52842/element - {"using":"xpath","value":"//button[contains(@data-kt ,\"btnCreateNewOverflowToolbarButton\")]"}
COMMAND: POST /session/04aee939af97850adaa3733c1af52842/element - {"using":"xpath","value":"(//span[contains(@class ,\"sapMObjStatusText\")])[1]"}
RESULT: {"using":"xpath","value":"//button[contains(@data-kt ,\"btnCreateNewOverflowToolbarButton\")]"}
COMMAND: POST /session/04aee939af97850adaa3733c1af52842/element/f.244B6B55DE4F2A8C3CFC86491C19658C.d.DCCC76869F4195123369C055CF52E593.e.5232/click - {}
RESULT: {"using":"xpath","value":"(//span[contains(@class ,\"sapMObjStatusText\")])[1]"}
COMMAND: POST /session/04aee939af97850adaa3733c1af52842/execute/sync - {"script":"<script> [8489 bytes]","args":[{"element-6066-11e4-a52e-4f735466cecf":"f.244B6B55DE4F2A8C3CFC86491C19658C.d.DCCC76869F4195123369C055CF52E593.e.5296","ELEMENT":"f.244B6B55DE4F2A8C3CFC86491C19658C.d.DCCC76869F4195123369C055CF52E593.e.5296"}]}
RESULT: {}
COMMAND: GET /session/04aee939af97850adaa3733c1af52842/screenshot - {}
RESULT: {"script":"<script> [8489 bytes]","args":[{"element-6066-11e4-a52e-4f735466cecf":"f.244B6B55DE4F2A8C3CFC86491C19658C.d.DCCC76869F4195123369C055CF52E593.e.5296","ELEMENT":"f.244B6B55DE4F2A8C3CFC86491C19658C.d.DCCC76869F4195123369C055CF52E593.e.5296"}]}
COMMAND: GET /session/04aee939af97850adaa3733c1af52842/screenshot - {}
RESULT: {}
RESULT: {}
COMMAND: POST /session/04aee939af97850adaa3733c1af52842/element - {"using":"xpath","value":"//input[contains(@id ,\"yardId-inner\")]"}
RESULT: {"using":"xpath","value":"//input[contains(@id ,\"yardId-inner\")]"}
COMMAND: POST /session/04aee939af97850adaa3733c1af52842/execute/sync - {"script":"<script> [8489 bytes]","args":[{"element-6066-11e4-a52e-4f735466cecf":"f.244B6B55DE4F2A8C3CFC86491C19658C.d.DCCC76869F4195123369C055CF52E593.e.5382","ELEMENT":"f.244B6B55DE4F2A8C3CFC86491C19658C.d.DCCC76869F4195123369C055CF52E593.e.5382"}]}
RESULT: {"script":"<script> [8489 bytes]","args":[{"element-6066-11e4-a52e-4f735466cecf":"f.244B6B55DE4F2A8C3CFC86491C19658C.d.DCCC76869F4195123369C055CF52E593.e.5382","ELEMENT":"f.244B6B55DE4F2A8C3CFC86491C19658C.d.DCCC76869F4195123369C055CF52E593.e.5382"}]}
COMMAND: POST /session/04aee939af97850adaa3733c1af52842/element - {"using":"xpath","value":"//input[contains(@id ,\"requestContractNo-inner\")]"}
COMMAND: POST /session/04aee939af97850adaa3733c1af52842/element - {"using":"xpath","value":"//input[contains(@id ,\"requestContractNo-inner\")]"}
COMMAND: GET /session/04aee939af97850adaa3733c1af52842/screenshot - {}
RESULT: {"using":"xpath","value":"//input[contains(@id ,\"requestContractNo-inner\")]"}
COMMAND: POST /session/04aee939af97850adaa3733c1af52842/element/f.244B6B55DE4F2A8C3CFC86491C19658C.d.DCCC76869F4195123369C055CF52E593.e.5379/value - {"text":"10316"}
RESULT: {"using":"xpath","value":"//input[contains(@id ,\"requestContractNo-inner\")]"}
COMMAND: GET /session/04aee939af97850adaa3733c1af52842/element/f.244B6B55DE4F2A8C3CFC86491C19658C.d.DCCC76869F4195123369C055CF52E593.e.5379/enabled - {}
RESULT: {}
RESULT: {"text":"10316"}
COMMAND: GET /session/04aee939af97850adaa3733c1af52842/screenshot - {}
RESULT: {}
COMMAND: GET /session/04aee939af97850adaa3733c1af52842/screenshot - {}
RESULT: {}
RESULT: {}
COMMAND: POST /session/04aee939af97850adaa3733c1af52842/actions - {"actions":[{"id":"action24","type":"key","parameters":{},"actions":[{"type":"keyDown","value":"î€‡"},{"type":"pause","duration":10},{"type":"keyUp","value":"î€‡"}]}]}
RESULT: {"actions":[{"id":"action24","type":"key","parameters":{},"actions":[{"type":"keyDown","value":"î€‡"},{"type":"pause","duration":10},{"type":"keyUp","value":"î€‡"}]}]}
COMMAND: GET /session/04aee939af97850adaa3733c1af52842/screenshot - {}
RESULT: {}
COMMAND: POST /session/04aee939af97850adaa3733c1af52842/execute/async - {"script":"<script> [1562 bytes]","args":[{"selector":{"controlType":"sap.ui.core.Icon","viewName":"etm.portal.ui.managerequests.view.NewRequest","properties":{"src":{"regex":{"source":"add"}}}},"wdio_ui5_key":"etmportal.ui.managerequests.view.NewRequestsap.ui.core.Icon{\"src\":{\"regex\":{\"source\":\"add\"}}}"}]}
RESULT: {"script":"<script> [1562 bytes]","args":[{"selector":{"controlType":"sap.ui.core.Icon","viewName":"etm.portal.ui.managerequests.view.NewRequest","properties":{"src":{"regex":{"source":"add"}}}},"wdio_ui5_key":"etmportal.ui.managerequests.view.NewRequestsap.ui.core.Icon{\"src\":{\"regex\":{\"source\":\"add\"}}}"}]}
RESULT: undefined
COMMAND: POST /session/04aee939af97850adaa3733c1af52842/element - {"using":"xpath","value":"//*[@id=\"__xmlview61--btnAddTableRow-img\"]"}
RESULT: {"using":"xpath","value":"//*[@id=\"__xmlview61--btnAddTableRow-img\"]"}
COMMAND: POST /session/04aee939af97850adaa3733c1af52842/element/f.244B6B55DE4F2A8C3CFC86491C19658C.d.DCCC76869F4195123369C055CF52E593.e.5569/click - {}
RESULT: {}
COMMAND: GET /session/04aee939af97850adaa3733c1af52842/screenshot - {}
RESULT: {}
COMMAND: POST /session/04aee939af97850adaa3733c1af52842/execute/async - {"script":"<script> [1562 bytes]","args":[{"selector":{"controlType":"sap.ui.unified.MenuItem","viewName":"etm.portal.ui.managerequests.view.NewRequest","i18NText":{"propertyName":"text","key":"standardEntry"},"searchOpenDialogs":true,"interaction":{"idSuffix":"txt"}},"wdio_ui5_key":"etmportal.ui.managerequests.view.NewRequestsap.ui.unified.MenuItem{\"propertyName\":\"text\",\"key\":\"standardEntry\"}"}]}
RESULT: {"script":"<script> [1562 bytes]","args":[{"selector":{"controlType":"sap.ui.unified.MenuItem","viewName":"etm.portal.ui.managerequests.view.NewRequest","i18NText":{"propertyName":"text","key":"standardEntry"},"searchOpenDialogs":true,"interaction":{"idSuffix":"txt"}},"wdio_ui5_key":"etmportal.ui.managerequests.view.NewRequestsap.ui.unified.MenuItem{\"propertyName\":\"text\",\"key\":\"standardEntry\"}"}]}
RESULT: undefined
COMMAND: POST /session/04aee939af97850adaa3733c1af52842/element - {"using":"xpath","value":"//*[@id=\"__item1773\"]"}
RESULT: {"using":"xpath","value":"//*[@id=\"__item1773\"]"}
COMMAND: POST /session/04aee939af97850adaa3733c1af52842/element/f.244B6B55DE4F2A8C3CFC86491C19658C.d.DCCC76869F4195123369C055CF52E593.e.5573/click - {}
RESULT: {}
COMMAND: GET /session/04aee939af97850adaa3733c1af52842/screenshot - {}
RESULT: {}
RESULT: undefined
COMMAND: POST /session/04aee939af97850adaa3733c1af52842/element - {"using":"xpath","value":"//*[@id=\"__xmlview61--btnAddTableRow-img\"]"}
RESULT: {"using":"xpath","value":"//*[@id=\"__xmlview61--btnAddTableRow-img\"]"}
COMMAND: POST /session/04aee939af97850adaa3733c1af52842/element/f.244B6B55DE4F2A8C3CFC86491C19658C.d.DCCC76869F4195123369C055CF52E593.e.5569/click - {}
RESULT: {}
COMMAND: GET /session/04aee939af97850adaa3733c1af52842/screenshot - {}
RESULT: {}
RESULT: undefined
COMMAND: POST /session/04aee939af97850adaa3733c1af52842/element - {"using":"xpath","value":"//*[@id=\"__item1773\"]"}
RESULT: {"using":"xpath","value":"//*[@id=\"__item1773\"]"}
COMMAND: POST /session/04aee939af97850adaa3733c1af52842/element/f.244B6B55DE4F2A8C3CFC86491C19658C.d.DCCC76869F4195123369C055CF52E593.e.5585/click - {}
RESULT: {}
COMMAND: GET /session/04aee939af97850adaa3733c1af52842/screenshot - {}
RESULT: {}
COMMAND: POST /session/04aee939af97850adaa3733c1af52842/element - {"using":"xpath","value":"(//input[contains(@id ,\"requestItemsTable-0-inner\")])[1]"}
RESULT: {"using":"xpath","value":"(//input[contains(@id ,\"requestItemsTable-0-inner\")])[1]"}
COMMAND: POST /session/04aee939af97850adaa3733c1af52842/element/f.244B6B55DE4F2A8C3CFC86491C19658C.d.DCCC76869F4195123369C055CF52E593.e.5575/clear - {}
RESULT: {}
COMMAND: POST /session/04aee939af97850adaa3733c1af52842/element/f.244B6B55DE4F2A8C3CFC86491C19658C.d.DCCC76869F4195123369C055CF52E593.e.5575/value - {"text":"catalogItem7b4ii"}
COMMAND: GET /session/04aee939af97850adaa3733c1af52842/screenshot - {}
RESULT: {"text":"catalogItem7b4ii"}
COMMAND: GET /session/04aee939af97850adaa3733c1af52842/screenshot - {}
RESULT: {}
RESULT: {}
COMMAND: POST /session/04aee939af97850adaa3733c1af52842/actions - {"actions":[{"id":"action25","type":"key","parameters":{},"actions":[{"type":"keyDown","value":"î€‡"},{"type":"pause","duration":10},{"type":"keyUp","value":"î€‡"}]}]}
RESULT: {"actions":[{"id":"action25","type":"key","parameters":{},"actions":[{"type":"keyDown","value":"î€‡"},{"type":"pause","duration":10},{"type":"keyUp","value":"î€‡"}]}]}
COMMAND: POST /session/04aee939af97850adaa3733c1af52842/element - {"using":"xpath","value":"(//input[contains(@id ,\"requestItemsTable-1-inner\")])[1]"}
COMMAND: GET /session/04aee939af97850adaa3733c1af52842/screenshot - {}
RESULT: {"using":"xpath","value":"(//input[contains(@id ,\"requestItemsTable-1-inner\")])[1]"}
COMMAND: POST /session/04aee939af97850adaa3733c1af52842/element/f.244B6B55DE4F2A8C3CFC86491C19658C.d.DCCC76869F4195123369C055CF52E593.e.5587/clear - {}
RESULT: {}
RESULT: {}
COMMAND: POST /session/04aee939af97850adaa3733c1af52842/element/f.244B6B55DE4F2A8C3CFC86491C19658C.d.DCCC76869F4195123369C055CF52E593.e.5587/value - {"text":"catalogItem7b4ii"}
COMMAND: GET /session/04aee939af97850adaa3733c1af52842/screenshot - {}
RESULT: {"text":"catalogItem7b4ii"}
COMMAND: GET /session/04aee939af97850adaa3733c1af52842/screenshot - {}
RESULT: {}
RESULT: {}
COMMAND: POST /session/04aee939af97850adaa3733c1af52842/actions - {"actions":[{"id":"action26","type":"key","parameters":{},"actions":[{"type":"keyDown","value":"î€‡"},{"type":"pause","duration":10},{"type":"keyUp","value":"î€‡"}]}]}
RESULT: {"actions":[{"id":"action26","type":"key","parameters":{},"actions":[{"type":"keyDown","value":"î€‡"},{"type":"pause","duration":10},{"type":"keyUp","value":"î€‡"}]}]}
COMMAND: GET /session/04aee939af97850adaa3733c1af52842/screenshot - {}
RESULT: {}
COMMAND: POST /session/04aee939af97850adaa3733c1af52842/execute/async - {"script":"<script> [1562 bytes]","args":[{"selector":{"controlType":"sap.ui.core.Icon","viewName":"etm.portal.ui.managerequests.view.NewRequest","properties":{"src":{"regex":{"source":"slim\\-arrow\\-down"}}},"ancestor":{"controlType":"sap.m.Button","viewName":"etm.portal.ui.managerequests.view.NewRequest","properties":{"icon":"sap-icon://slim-arrow-down"}}},"wdio_ui5_key":"etmportal.ui.managerequests.view.NewRequestsap.ui.core.Icon{\"src\":{\"regex\":{\"source\":\"slim\\\\-arrow\\\\-down\"}}}{\"controlType\":\"sap.m.Button\",\"viewName\":\"etm.portal.ui.managerequests.view.NewRequest\",\"properties\":{\"icon\":\"sap-icon://slim-arrow-down\"}}"}]}
RESULT: {"script":"<script> [1562 bytes]","args":[{"selector":{"controlType":"sap.ui.core.Icon","viewName":"etm.portal.ui.managerequests.view.NewRequest","properties":{"src":{"regex":{"source":"slim\\-arrow\\-down"}}},"ancestor":{"controlType":"sap.m.Button","viewName":"etm.portal.ui.managerequests.view.NewRequest","properties":{"icon":"sap-icon://slim-arrow-down"}}},"wdio_ui5_key":"etmportal.ui.managerequests.view.NewRequestsap.ui.core.Icon{\"src\":{\"regex\":{\"source\":\"slim\\\\-arrow\\\\-down\"}}}{\"controlType\":\"sap.m.Button\",\"viewName\":\"etm.portal.ui.managerequests.view.NewRequest\",\"properties\":{\"icon\":\"sap-icon://slim-arrow-down\"}}"}]}
RESULT: undefined
COMMAND: POST /session/04aee939af97850adaa3733c1af52842/element - {"using":"xpath","value":"//*[@id=\"__title45-expandBtn-img\"]"}
RESULT: {"using":"xpath","value":"//*[@id=\"__title45-expandBtn-img\"]"}
COMMAND: POST /session/04aee939af97850adaa3733c1af52842/element/f.244B6B55DE4F2A8C3CFC86491C19658C.d.DCCC76869F4195123369C055CF52E593.e.5607/click - {}
RESULT: {}
COMMAND: POST /session/04aee939af97850adaa3733c1af52842/element - {"using":"xpath","value":"//div[contains(@data-kt ,\"splitAllocationObjectStatus\")]"}
COMMAND: GET /session/04aee939af97850adaa3733c1af52842/screenshot - {}
RESULT: {"using":"xpath","value":"//div[contains(@data-kt ,\"splitAllocationObjectStatus\")]"}
COMMAND: POST /session/04aee939af97850adaa3733c1af52842/elements - {"using":"xpath","value":"//div[contains(@data-kt ,\"splitAllocationObjectStatus\")]"}
RESULT: {}
RESULT: {"using":"xpath","value":"//div[contains(@data-kt ,\"splitAllocationObjectStatus\")]"}
COMMAND: POST /session/04aee939af97850adaa3733c1af52842/execute/async - {"script":"<script> [1562 bytes]","args":[{"selector":{"controlType":"sap.ui.core.Icon","viewName":"etm.portal.ui.managerequests.view.NewRequest","properties":{"src":{"regex":{"source":"message\\-error"}}},"ancestor":{"controlType":"sap.m.ColumnListItem","viewName":"etm.portal.ui.managerequests.view.NewRequest","bindingPath":{"modelName":"newRequestItems","path":"/RequestItems/0"},"ancestor":{"id":"requestItemsTable","viewName":"etm.portal.ui.managerequests.view.NewRequest"}}},"wdio_ui5_key":"etmportal.ui.managerequests.view.NewRequestsap.ui.core.Icon{\"src\":{\"regex\":{\"source\":\"message\\\\-error\"}}}{\"controlType\":\"sap.m.ColumnListItem\",\"viewName\":\"etm.portal.ui.managerequests.view.NewRequest\",\"bindingPath\":{\"modelName\":\"newRequestItems\",\"path\":\"/RequestItems/0\"},\"ancestor\":{\"id\":\"requestItemsTable\",\"viewName\":\"etm.portal.ui.managerequests.view.NewRequest\"}}"}]}
RESULT: {"script":"<script> [1562 bytes]","args":[{"selector":{"controlType":"sap.ui.core.Icon","viewName":"etm.portal.ui.managerequests.view.NewRequest","properties":{"src":{"regex":{"source":"message\\-error"}}},"ancestor":{"controlType":"sap.m.ColumnListItem","viewName":"etm.portal.ui.managerequests.view.NewRequest","bindingPath":{"modelName":"newRequestItems","path":"/RequestItems/0"},"ancestor":{"id":"requestItemsTable","viewName":"etm.portal.ui.managerequests.view.NewRequest"}}},"wdio_ui5_key":"etmportal.ui.managerequests.view.NewRequestsap.ui.core.Icon{\"src\":{\"regex\":{\"source\":\"message\\\\-error\"}}}{\"controlType\":\"sap.m.ColumnListItem\",\"viewName\":\"etm.portal.ui.managerequests.view.NewRequest\",\"bindingPath\":{\"modelName\":\"newRequestItems\",\"path\":\"/RequestItems/0\"},\"ancestor\":{\"id\":\"requestItemsTable\",\"viewName\":\"etm.portal.ui.managerequests.view.NewRequest\"}}"}]}
RESULT: undefined
COMMAND: POST /session/04aee939af97850adaa3733c1af52842/element - {"using":"xpath","value":"//*[@id=\"__status15-__xmlview61--requestItemsTable-0-icon\"]"}
RESULT: {"using":"xpath","value":"//*[@id=\"__status15-__xmlview61--requestItemsTable-0-icon\"]"}
COMMAND: POST /session/04aee939af97850adaa3733c1af52842/element/f.244B6B55DE4F2A8C3CFC86491C19658C.d.DCCC76869F4195123369C055CF52E593.e.5613/click - {}
RESULT: {}
COMMAND: GET /session/04aee939af97850adaa3733c1af52842/screenshot - {}
RESULT: {}
COMMAND: POST /session/04aee939af97850adaa3733c1af52842/execute/async - {"script":"<script> [1562 bytes]","args":[{"selector":{"id":"costObjectAdminTypeComboBox","viewName":"etm.portal.ui.managerequests.view.NewRequest","searchOpenDialogs":true,"interaction":{"idSuffix":"inner"}},"wdio_ui5_key":"costObjectAdminTypeComboBoxetmportal.ui.managerequests.view.NewRequest"}]}
RESULT: {"script":"<script> [1562 bytes]","args":[{"selector":{"id":"costObjectAdminTypeComboBox","viewName":"etm.portal.ui.managerequests.view.NewRequest","searchOpenDialogs":true,"interaction":{"idSuffix":"inner"}},"wdio_ui5_key":"costObjectAdminTypeComboBoxetmportal.ui.managerequests.view.NewRequest"}]}
RESULT: undefined
COMMAND: POST /session/04aee939af97850adaa3733c1af52842/execute/async - {"script":"<script> [776 bytes]","args":[{"enterText":"Cost Center","selector":{"id":"costObjectAdminTypeComboBox","viewName":"etm.portal.ui.managerequests.view.NewRequest","searchOpenDialogs":true,"interaction":{"idSuffix":"inner"}},"clearTextFirst":true,"interactionType":"ENTER_TEXT"}]}
RESULT: {"script":"<script> [776 bytes]","args":[{"enterText":"Cost Center","selector":{"id":"costObjectAdminTypeComboBox","viewName":"etm.portal.ui.managerequests.view.NewRequest","searchOpenDialogs":true,"interaction":{"idSuffix":"inner"}},"clearTextFirst":true,"interactionType":"ENTER_TEXT"}]}
COMMAND: POST /session/04aee939af97850adaa3733c1af52842/actions - {"actions":[{"id":"action27","type":"key","parameters":{},"actions":[{"type":"keyDown","value":"î€‡"},{"type":"pause","duration":10},{"type":"keyUp","value":"î€‡"}]}]}
RESULT: {"actions":[{"id":"action27","type":"key","parameters":{},"actions":[{"type":"keyDown","value":"î€‡"},{"type":"pause","duration":10},{"type":"keyUp","value":"î€‡"}]}]}
COMMAND: GET /session/04aee939af97850adaa3733c1af52842/screenshot - {}
RESULT: {}
COMMAND: POST /session/04aee939af97850adaa3733c1af52842/execute/async - {"script":"<script> [1562 bytes]","args":[{"selector":{"controlType":"sap.ui.core.Icon","viewName":"etm.portal.ui.managerequests.view.NewRequest","properties":{"src":{"regex":{"source":"value\\-help"}}},"searchOpenDialogs":true},"wdio_ui5_key":"etmportal.ui.managerequests.view.NewRequestsap.ui.core.Icon{\"src\":{\"regex\":{\"source\":\"value\\\\-help\"}}}"}]}
RESULT: {"script":"<script> [1562 bytes]","args":[{"selector":{"controlType":"sap.ui.core.Icon","viewName":"etm.portal.ui.managerequests.view.NewRequest","properties":{"src":{"regex":{"source":"value\\-help"}}},"searchOpenDialogs":true},"wdio_ui5_key":"etmportal.ui.managerequests.view.NewRequestsap.ui.core.Icon{\"src\":{\"regex\":{\"source\":\"value\\\\-help\"}}}"}]}
RESULT: undefined
COMMAND: POST /session/04aee939af97850adaa3733c1af52842/element - {"using":"xpath","value":"//*[@id=\"__xmlview61--costObjectIdComboBox-vhi\"]"}
RESULT: {"using":"xpath","value":"//*[@id=\"__xmlview61--costObjectIdComboBox-vhi\"]"}
COMMAND: POST /session/04aee939af97850adaa3733c1af52842/element/f.244B6B55DE4F2A8C3CFC86491C19658C.d.DCCC76869F4195123369C055CF52E593.e.5625/click - {}
RESULT: {}
COMMAND: POST /session/04aee939af97850adaa3733c1af52842/execute/async - {"script":"<script> [1562 bytes]","args":[{"selector":{"controlType":"sap.m.SearchField","properties":{"placeholder":"Search"},"searchOpenDialogs":true,"interaction":{"idSuffix":"I"}},"wdio_ui5_key":"sapm.SearchField{\"placeholder\":\"Search\"}"}]}
COMMAND: GET /session/04aee939af97850adaa3733c1af52842/screenshot - {}
RESULT: {"script":"<script> [1562 bytes]","args":[{"selector":{"controlType":"sap.m.SearchField","properties":{"placeholder":"Search"},"searchOpenDialogs":true,"interaction":{"idSuffix":"I"}},"wdio_ui5_key":"sapm.SearchField{\"placeholder\":\"Search\"}"}]}
RESULT: undefined
COMMAND: POST /session/04aee939af97850adaa3733c1af52842/execute/async - {"script":"<script> [776 bytes]","args":[{"enterText":"10001013","selector":{"controlType":"sap.m.SearchField","properties":{"placeholder":"Search"},"searchOpenDialogs":true,"interaction":{"idSuffix":"I"}},"clearTextFirst":true,"interactionType":"ENTER_TEXT"}]}
RESULT: {}
RESULT: {"script":"<script> [776 bytes]","args":[{"enterText":"10001013","selector":{"controlType":"sap.m.SearchField","properties":{"placeholder":"Search"},"searchOpenDialogs":true,"interaction":{"idSuffix":"I"}},"clearTextFirst":true,"interactionType":"ENTER_TEXT"}]}
COMMAND: POST /session/04aee939af97850adaa3733c1af52842/actions - {"actions":[{"id":"action28","type":"key","parameters":{},"actions":[{"type":"keyDown","value":"î€‡"},{"type":"pause","duration":10},{"type":"keyUp","value":"î€‡"}]}]}
RESULT: {"actions":[{"id":"action28","type":"key","parameters":{},"actions":[{"type":"keyDown","value":"î€‡"},{"type":"pause","duration":10},{"type":"keyUp","value":"î€‡"}]}]}
COMMAND: GET /session/04aee939af97850adaa3733c1af52842/screenshot - {}
RESULT: {}
COMMAND: POST /session/04aee939af97850adaa3733c1af52842/element - {"using":"xpath","value":"//span[contains(text(), \"General Management\")]"}
RESULT: {"using":"xpath","value":"//span[contains(text(), \"General Management\")]"}
COMMAND: POST /session/04aee939af97850adaa3733c1af52842/element/f.244B6B55DE4F2A8C3CFC86491C19658C.d.DCCC76869F4195123369C055CF52E593.e.5665/click - {}
RESULT: {}
COMMAND: GET /session/04aee939af97850adaa3733c1af52842/screenshot - {}
RESULT: {}
COMMAND: POST /session/04aee939af97850adaa3733c1af52842/element - {"using":"xpath","value":"//bdi[contains(text(), \"OK\")]"}
RESULT: {"using":"xpath","value":"//bdi[contains(text(), \"OK\")]"}
COMMAND: POST /session/04aee939af97850adaa3733c1af52842/element/f.244B6B55DE4F2A8C3CFC86491C19658C.d.DCCC76869F4195123369C055CF52E593.e.5666/click - {}
RESULT: {}
COMMAND: GET /session/04aee939af97850adaa3733c1af52842/screenshot - {}
RESULT: {}
COMMAND: POST /session/04aee939af97850adaa3733c1af52842/element - {"using":"xpath","value":"(//bdi[contains(@id ,\"BDI-content\")][contains(text(), \"Save\")])[1]"}
RESULT: {"using":"xpath","value":"(//bdi[contains(@id ,\"BDI-content\")][contains(text(), \"Save\")])[1]"}
COMMAND: POST /session/04aee939af97850adaa3733c1af52842/element/f.244B6B55DE4F2A8C3CFC86491C19658C.d.DCCC76869F4195123369C055CF52E593.e.5670/click - {}
RESULT: {}
COMMAND: GET /session/04aee939af97850adaa3733c1af52842/screenshot - {}
RESULT: {}
COMMAND: POST /session/04aee939af97850adaa3733c1af52842/execute/async - {"script":"<script> [1562 bytes]","args":[{"selector":{"controlType":"sap.ui.core.Icon","viewName":"etm.portal.ui.managerequests.view.NewRequest","properties":{"src":{"regex":{"source":"message\\-error"}}},"ancestor":{"controlType":"sap.m.ColumnListItem","viewName":"etm.portal.ui.managerequests.view.NewRequest","bindingPath":{"modelName":"newRequestItems","path":"/RequestItems/1"},"ancestor":{"id":"requestItemsTable","viewName":"etm.portal.ui.managerequests.view.NewRequest"}}},"wdio_ui5_key":"etmportal.ui.managerequests.view.NewRequestsap.ui.core.Icon{\"src\":{\"regex\":{\"source\":\"message\\\\-error\"}}}{\"controlType\":\"sap.m.ColumnListItem\",\"viewName\":\"etm.portal.ui.managerequests.view.NewRequest\",\"bindingPath\":{\"modelName\":\"newRequestItems\",\"path\":\"/RequestItems/1\"},\"ancestor\":{\"id\":\"requestItemsTable\",\"viewName\":\"etm.portal.ui.managerequests.view.NewRequest\"}}"}]}
RESULT: {"script":"<script> [1562 bytes]","args":[{"selector":{"controlType":"sap.ui.core.Icon","viewName":"etm.portal.ui.managerequests.view.NewRequest","properties":{"src":{"regex":{"source":"message\\-error"}}},"ancestor":{"controlType":"sap.m.ColumnListItem","viewName":"etm.portal.ui.managerequests.view.NewRequest","bindingPath":{"modelName":"newRequestItems","path":"/RequestItems/1"},"ancestor":{"id":"requestItemsTable","viewName":"etm.portal.ui.managerequests.view.NewRequest"}}},"wdio_ui5_key":"etmportal.ui.managerequests.view.NewRequestsap.ui.core.Icon{\"src\":{\"regex\":{\"source\":\"message\\\\-error\"}}}{\"controlType\":\"sap.m.ColumnListItem\",\"viewName\":\"etm.portal.ui.managerequests.view.NewRequest\",\"bindingPath\":{\"modelName\":\"newRequestItems\",\"path\":\"/RequestItems/1\"},\"ancestor\":{\"id\":\"requestItemsTable\",\"viewName\":\"etm.portal.ui.managerequests.view.NewRequest\"}}"}]}
RESULT: undefined
COMMAND: POST /session/04aee939af97850adaa3733c1af52842/element - {"using":"xpath","value":"//*[@id=\"__status15-__xmlview61--requestItemsTable-1-icon\"]"}
RESULT: {"using":"xpath","value":"//*[@id=\"__status15-__xmlview61--requestItemsTable-1-icon\"]"}
COMMAND: POST /session/04aee939af97850adaa3733c1af52842/element/f.244B6B55DE4F2A8C3CFC86491C19658C.d.DCCC76869F4195123369C055CF52E593.e.5673/click - {}
RESULT: {}
COMMAND: GET /session/04aee939af97850adaa3733c1af52842/screenshot - {}
RESULT: {}
RESULT: undefined
COMMAND: POST /session/04aee939af97850adaa3733c1af52842/execute/async - {"script":"<script> [776 bytes]","args":[{"enterText":"Cost Center","selector":{"id":"costObjectAdminTypeComboBox","viewName":"etm.portal.ui.managerequests.view.NewRequest","searchOpenDialogs":true,"interaction":{"idSuffix":"inner"}},"clearTextFirst":true,"interactionType":"ENTER_TEXT"}]}
RESULT: {"script":"<script> [776 bytes]","args":[{"enterText":"Cost Center","selector":{"id":"costObjectAdminTypeComboBox","viewName":"etm.portal.ui.managerequests.view.NewRequest","searchOpenDialogs":true,"interaction":{"idSuffix":"inner"}},"clearTextFirst":true,"interactionType":"ENTER_TEXT"}]}
COMMAND: POST /session/04aee939af97850adaa3733c1af52842/actions - {"actions":[{"id":"action29","type":"key","parameters":{},"actions":[{"type":"keyDown","value":"î€‡"},{"type":"pause","duration":10},{"type":"keyUp","value":"î€‡"}]}]}
RESULT: {"actions":[{"id":"action29","type":"key","parameters":{},"actions":[{"type":"keyDown","value":"î€‡"},{"type":"pause","duration":10},{"type":"keyUp","value":"î€‡"}]}]}
COMMAND: GET /session/04aee939af97850adaa3733c1af52842/screenshot - {}
RESULT: {}
RESULT: undefined
COMMAND: POST /session/04aee939af97850adaa3733c1af52842/element - {"using":"xpath","value":"//*[@id=\"__xmlview61--costObjectIdComboBox-vhi\"]"}
RESULT: {"using":"xpath","value":"//*[@id=\"__xmlview61--costObjectIdComboBox-vhi\"]"}
COMMAND: POST /session/04aee939af97850adaa3733c1af52842/element/f.244B6B55DE4F2A8C3CFC86491C19658C.d.DCCC76869F4195123369C055CF52E593.e.5683/click - {}
RESULT: {}
RESULT: undefined
COMMAND: POST /session/04aee939af97850adaa3733c1af52842/execute/async - {"script":"<script> [776 bytes]","args":[{"enterText":"10001013","selector":{"controlType":"sap.m.SearchField","properties":{"placeholder":"Search"},"searchOpenDialogs":true,"interaction":{"idSuffix":"I"}},"clearTextFirst":true,"interactionType":"ENTER_TEXT"}]}
COMMAND: GET /session/04aee939af97850adaa3733c1af52842/screenshot - {}
RESULT: {"script":"<script> [776 bytes]","args":[{"enterText":"10001013","selector":{"controlType":"sap.m.SearchField","properties":{"placeholder":"Search"},"searchOpenDialogs":true,"interaction":{"idSuffix":"I"}},"clearTextFirst":true,"interactionType":"ENTER_TEXT"}]}
COMMAND: POST /session/04aee939af97850adaa3733c1af52842/actions - {"actions":[{"id":"action30","type":"key","parameters":{},"actions":[{"type":"keyDown","value":"î€‡"},{"type":"pause","duration":10},{"type":"keyUp","value":"î€‡"}]}]}
RESULT: {}
RESULT: {"actions":[{"id":"action30","type":"key","parameters":{},"actions":[{"type":"keyDown","value":"î€‡"},{"type":"pause","duration":10},{"type":"keyUp","value":"î€‡"}]}]}
COMMAND: GET /session/04aee939af97850adaa3733c1af52842/screenshot - {}
RESULT: {}
COMMAND: POST /session/04aee939af97850adaa3733c1af52842/element - {"using":"xpath","value":"//span[contains(text(), \"General Management\")]"}
RESULT: {"using":"xpath","value":"//span[contains(text(), \"General Management\")]"}
COMMAND: POST /session/04aee939af97850adaa3733c1af52842/element/f.244B6B55DE4F2A8C3CFC86491C19658C.d.DCCC76869F4195123369C055CF52E593.e.5720/click - {}
RESULT: {}
COMMAND: GET /session/04aee939af97850adaa3733c1af52842/screenshot - {}
RESULT: {}
COMMAND: POST /session/04aee939af97850adaa3733c1af52842/element - {"using":"xpath","value":"//bdi[contains(text(), \"OK\")]"}
RESULT: {"using":"xpath","value":"//bdi[contains(text(), \"OK\")]"}
COMMAND: POST /session/04aee939af97850adaa3733c1af52842/element/f.244B6B55DE4F2A8C3CFC86491C19658C.d.DCCC76869F4195123369C055CF52E593.e.5721/click - {}
RESULT: {}
COMMAND: GET /session/04aee939af97850adaa3733c1af52842/screenshot - {}
RESULT: {}
COMMAND: POST /session/04aee939af97850adaa3733c1af52842/element - {"using":"xpath","value":"(//bdi[contains(@id ,\"BDI-content\")][contains(text(), \"Save\")])[1]"}
RESULT: {"using":"xpath","value":"(//bdi[contains(@id ,\"BDI-content\")][contains(text(), \"Save\")])[1]"}
COMMAND: POST /session/04aee939af97850adaa3733c1af52842/element/f.244B6B55DE4F2A8C3CFC86491C19658C.d.DCCC76869F4195123369C055CF52E593.e.5725/click - {}
RESULT: {}
COMMAND: GET /session/04aee939af97850adaa3733c1af52842/screenshot - {}
RESULT: {}
COMMAND: POST /session/04aee939af97850adaa3733c1af52842/execute/async - {"script":"<script> [1562 bytes]","args":[{"selector":{"controlType":"sap.m.Button","viewName":"etm.portal.ui.managerequests.view.NewRequest","i18NText":{"propertyName":"tooltip","key":"save"},"interaction":{"idSuffix":"content"}},"wdio_ui5_key":"etmportal.ui.managerequests.view.NewRequestsap.m.Button{\"propertyName\":\"tooltip\",\"key\":\"save\"}"}]}
RESULT: {"script":"<script> [1562 bytes]","args":[{"selector":{"controlType":"sap.m.Button","viewName":"etm.portal.ui.managerequests.view.NewRequest","i18NText":{"propertyName":"tooltip","key":"save"},"interaction":{"idSuffix":"content"}},"wdio_ui5_key":"etmportal.ui.managerequests.view.NewRequestsap.m.Button{\"propertyName\":\"tooltip\",\"key\":\"save\"}"}]}
RESULT: undefined
COMMAND: POST /session/04aee939af97850adaa3733c1af52842/element - {"using":"xpath","value":"//*[@id=\"__button101\"]"}
RESULT: {"using":"xpath","value":"//*[@id=\"__button101\"]"}
COMMAND: POST /session/04aee939af97850adaa3733c1af52842/element/f.244B6B55DE4F2A8C3CFC86491C19658C.d.DCCC76869F4195123369C055CF52E593.e.5464/click - {}
RESULT: {}
COMMAND: GET /session/04aee939af97850adaa3733c1af52842/screenshot - {}
RESULT: {}
COMMAND: POST /session/04aee939af97850adaa3733c1af52842/execute/async - {"script":"<script> [1562 bytes]","args":[{"selector":{"controlType":"sap.m.Title","properties":{"text":"Success"},"searchOpenDialogs":true},"wdio_ui5_key":"sapm.Title{\"text\":\"Success\"}"}]}
RESULT: {"script":"<script> [1562 bytes]","args":[{"selector":{"controlType":"sap.m.Title","properties":{"text":"Success"},"searchOpenDialogs":true},"wdio_ui5_key":"sapm.Title{\"text\":\"Success\"}"}]}
RESULT: undefined
COMMAND: POST /session/04aee939af97850adaa3733c1af52842/execute/async - {"script":"<script> [6424 bytes]","args":[{"element-6066-11e4-a52e-4f735466cecf":"f.244B6B55DE4F2A8C3CFC86491C19658C.d.DCCC76869F4195123369C055CF52E593.e.5731"},"getText",[]]}
RESULT: {"script":"<script> [6424 bytes]","args":[{"element-6066-11e4-a52e-4f735466cecf":"f.244B6B55DE4F2A8C3CFC86491C19658C.d.DCCC76869F4195123369C055CF52E593.e.5731"},"getText",[]]}
COMMAND: POST /session/04aee939af97850adaa3733c1af52842/execute/async - {"script":"<script> [1562 bytes]","args":[{"selector":{"controlType":"sap.m.Button","properties":{"text":"Close"},"searchOpenDialogs":true,"interaction":{"idSuffix":"BDI-content"}},"wdio_ui5_key":"sapm.Button{\"text\":\"Close\"}"}]}
RESULT: {"script":"<script> [1562 bytes]","args":[{"selector":{"controlType":"sap.m.Button","properties":{"text":"Close"},"searchOpenDialogs":true,"interaction":{"idSuffix":"BDI-content"}},"wdio_ui5_key":"sapm.Button{\"text\":\"Close\"}"}]}
RESULT: undefined
COMMAND: POST /session/04aee939af97850adaa3733c1af52842/element - {"using":"xpath","value":"//*[@id=\"__mbox-btn-4\"]"}
RESULT: {"using":"xpath","value":"//*[@id=\"__mbox-btn-4\"]"}
COMMAND: POST /session/04aee939af97850adaa3733c1af52842/element/f.244B6B55DE4F2A8C3CFC86491C19658C.d.DCCC76869F4195123369C055CF52E593.e.5730/click - {}
RESULT: {}
COMMAND: GET /session/04aee939af97850adaa3733c1af52842/screenshot - {}
RESULT: {}
COMMAND: POST /session/04aee939af97850adaa3733c1af52842/execute/async - {"script":"<script> [1562 bytes]","args":[{"selector":{"controlType":"sap.m.Text","viewName":"etm.portal.ui.managerequests.view.Detail","bindingPath":{"propertyPath":"NO","modelName":"catalogModel"}},"wdio_ui5_key":"etmportal.ui.managerequests.view.Detailsap.m.Text{\"propertyPath\":\"NO\",\"modelName\":\"catalogModel\"}"}]}
RESULT: {"script":"<script> [1562 bytes]","args":[{"selector":{"controlType":"sap.m.Text","viewName":"etm.portal.ui.managerequests.view.Detail","bindingPath":{"propertyPath":"NO","modelName":"catalogModel"}},"wdio_ui5_key":"etmportal.ui.managerequests.view.Detailsap.m.Text{\"propertyPath\":\"NO\",\"modelName\":\"catalogModel\"}"}]}
RESULT: undefined
COMMAND: POST /session/04aee939af97850adaa3733c1af52842/execute/async - {"script":"<script> [6424 bytes]","args":[{"element-6066-11e4-a52e-4f735466cecf":"f.244B6B55DE4F2A8C3CFC86491C19658C.d.DCCC76869F4195123369C055CF52E593.e.5862"},"getText",[]]}
RESULT: {"script":"<script> [6424 bytes]","args":[{"element-6066-11e4-a52e-4f735466cecf":"f.244B6B55DE4F2A8C3CFC86491C19658C.d.DCCC76869F4195123369C055CF52E593.e.5862"},"getText",[]]}
COMMAND: POST /session/04aee939af97850adaa3733c1af52842/execute/async - {"script":"<script> [1562 bytes]","args":[{"selector":{"controlType":"sap.ui.core.Icon","viewName":"etm.portal.ui.managerequests.view.Detail","properties":{"src":{"regex":{"source":"date\\-time"}}},"ancestor":{"controlType":"sap.m.ColumnListItem","viewName":"etm.portal.ui.managerequests.view.Detail","bindingPath":{"path":"/SmartRequestItemsPlanningBoard(ITEM=10m,REQUEST='20137')"},"ancestor":{"id":"requestItemsTable","viewName":"etm.portal.ui.managerequests.view.Detail"}}},"wdio_ui5_key":"etmportal.ui.managerequests.view.Detailsap.ui.core.Icon{\"src\":{\"regex\":{\"source\":\"date\\\\-time\"}}}{\"controlType\":\"sap.m.ColumnListItem\",\"viewName\":\"etm.portal.ui.managerequests.view.Detail\",\"bindingPath\":{\"path\":\"/SmartRequestItemsPlanningBoard(ITEM=10m,REQUEST='20137')\"},\"ancestor\":{\"id\":\"requestItemsTable\",\"viewName\":\"etm.portal.ui.managerequests.view.Detail\"}}"}]}
RESULT: {"script":"<script> [1562 bytes]","args":[{"selector":{"controlType":"sap.ui.core.Icon","viewName":"etm.portal.ui.managerequests.view.Detail","properties":{"src":{"regex":{"source":"date\\-time"}}},"ancestor":{"controlType":"sap.m.ColumnListItem","viewName":"etm.portal.ui.managerequests.view.Detail","bindingPath":{"path":"/SmartRequestItemsPlanningBoard(ITEM=10m,REQUEST='20137')"},"ancestor":{"id":"requestItemsTable","viewName":"etm.portal.ui.managerequests.view.Detail"}}},"wdio_ui5_key":"etmportal.ui.managerequests.view.Detailsap.ui.core.Icon{\"src\":{\"regex\":{\"source\":\"date\\\\-time\"}}}{\"controlType\":\"sap.m.ColumnListItem\",\"viewName\":\"etm.portal.ui.managerequests.view.Detail\",\"bindingPath\":{\"path\":\"/SmartRequestItemsPlanningBoard(ITEM=10m,REQUEST='20137')\"},\"ancestor\":{\"id\":\"requestItemsTable\",\"viewName\":\"etm.portal.ui.managerequests.view.Detail\"}}"}]}
RESULT: undefined
COMMAND: POST /session/04aee939af97850adaa3733c1af52842/element - {"using":"xpath","value":"//*[@id=\"__button129-__clone6973-img\"]"}
RESULT: {"using":"xpath","value":"//*[@id=\"__button129-__clone6973-img\"]"}
COMMAND: POST /session/04aee939af97850adaa3733c1af52842/element/f.244B6B55DE4F2A8C3CFC86491C19658C.d.DCCC76869F4195123369C055CF52E593.e.5863/click - {}
RESULT: {}
COMMAND: POST /session/04aee939af97850adaa3733c1af52842/execute/async - {"script":"<script> [1562 bytes]","args":[{"selector":{"controlType":"sap.m.Button","viewName":"etm.portal.ui.managerequests.view.Detail","properties":{"text":"Close"},"searchOpenDialogs":true,"interaction":{"idSuffix":"BDI-content"}},"wdio_ui5_key":"etmportal.ui.managerequests.view.Detailsap.m.Button{\"text\":\"Close\"}"}]}
COMMAND: GET /session/04aee939af97850adaa3733c1af52842/screenshot - {}
RESULT: {"script":"<script> [1562 bytes]","args":[{"selector":{"controlType":"sap.m.Button","viewName":"etm.portal.ui.managerequests.view.Detail","properties":{"text":"Close"},"searchOpenDialogs":true,"interaction":{"idSuffix":"BDI-content"}},"wdio_ui5_key":"etmportal.ui.managerequests.view.Detailsap.m.Button{\"text\":\"Close\"}"}]}
RESULT: undefined
COMMAND: POST /session/04aee939af97850adaa3733c1af52842/element - {"using":"xpath","value":"//*[@id=\"__button137\"]"}
RESULT: {}
RESULT: {"using":"xpath","value":"//*[@id=\"__button137\"]"}
COMMAND: POST /session/04aee939af97850adaa3733c1af52842/element/f.244B6B55DE4F2A8C3CFC86491C19658C.d.DCCC76869F4195123369C055CF52E593.e.5865/click - {}
RESULT: {}
COMMAND: POST /session/04aee939af97850adaa3733c1af52842/execute/async - {"script":"<script> [1562 bytes]","args":[{"selector":{"controlType":"sap.ui.core.Icon","viewName":"etm.portal.ui.managerequests.view.Detail","properties":{"src":{"regex":{"source":"date\\-time"}}},"ancestor":{"controlType":"sap.m.ColumnListItem","viewName":"etm.portal.ui.managerequests.view.Detail","bindingPath":{"path":"/SmartRequestItemsPlanningBoard(ITEM=20m,REQUEST='20137')"},"ancestor":{"id":"requestItemsTable","viewName":"etm.portal.ui.managerequests.view.Detail"}}},"wdio_ui5_key":"etmportal.ui.managerequests.view.Detailsap.ui.core.Icon{\"src\":{\"regex\":{\"source\":\"date\\\\-time\"}}}{\"controlType\":\"sap.m.ColumnListItem\",\"viewName\":\"etm.portal.ui.managerequests.view.Detail\",\"bindingPath\":{\"path\":\"/SmartRequestItemsPlanningBoard(ITEM=20m,REQUEST='20137')\"},\"ancestor\":{\"id\":\"requestItemsTable\",\"viewName\":\"etm.portal.ui.managerequests.view.Detail\"}}"}]}
COMMAND: GET /session/04aee939af97850adaa3733c1af52842/screenshot - {}
RESULT: {"script":"<script> [1562 bytes]","args":[{"selector":{"controlType":"sap.ui.core.Icon","viewName":"etm.portal.ui.managerequests.view.Detail","properties":{"src":{"regex":{"source":"date\\-time"}}},"ancestor":{"controlType":"sap.m.ColumnListItem","viewName":"etm.portal.ui.managerequests.view.Detail","bindingPath":{"path":"/SmartRequestItemsPlanningBoard(ITEM=20m,REQUEST='20137')"},"ancestor":{"id":"requestItemsTable","viewName":"etm.portal.ui.managerequests.view.Detail"}}},"wdio_ui5_key":"etmportal.ui.managerequests.view.Detailsap.ui.core.Icon{\"src\":{\"regex\":{\"source\":\"date\\\\-time\"}}}{\"controlType\":\"sap.m.ColumnListItem\",\"viewName\":\"etm.portal.ui.managerequests.view.Detail\",\"bindingPath\":{\"path\":\"/SmartRequestItemsPlanningBoard(ITEM=20m,REQUEST='20137')\"},\"ancestor\":{\"id\":\"requestItemsTable\",\"viewName\":\"etm.portal.ui.managerequests.view.Detail\"}}"}]}
RESULT: undefined
COMMAND: POST /session/04aee939af97850adaa3733c1af52842/element - {"using":"xpath","value":"//*[@id=\"__button129-__clone6974-img\"]"}
RESULT: {}
RESULT: {"using":"xpath","value":"//*[@id=\"__button129-__clone6974-img\"]"}
COMMAND: POST /session/04aee939af97850adaa3733c1af52842/element/f.244B6B55DE4F2A8C3CFC86491C19658C.d.DCCC76869F4195123369C055CF52E593.e.5877/click - {}
RESULT: {}
RESULT: undefined
COMMAND: POST /session/04aee939af97850adaa3733c1af52842/element - {"using":"xpath","value":"//*[@id=\"__button137\"]"}
COMMAND: GET /session/04aee939af97850adaa3733c1af52842/screenshot - {}
RESULT: {"using":"xpath","value":"//*[@id=\"__button137\"]"}
COMMAND: POST /session/04aee939af97850adaa3733c1af52842/elements - {"using":"xpath","value":"//*[@id=\"__button137\"]"}
RESULT: {}
RESULT: {"using":"xpath","value":"//*[@id=\"__button137\"]"}
COMMAND: POST /session/04aee939af97850adaa3733c1af52842/elements - {"using":"xpath","value":"//*[@id=\"__button137\"]"}
RESULT: {"using":"xpath","value":"//*[@id=\"__button137\"]"}
COMMAND: POST /session/04aee939af97850adaa3733c1af52842/element - {"using":"xpath","value":"//*[@id=\"__button137\"]"}
RESULT: {"using":"xpath","value":"//*[@id=\"__button137\"]"}
COMMAND: POST /session/04aee939af97850adaa3733c1af52842/element/f.244B6B55DE4F2A8C3CFC86491C19658C.d.DCCC76869F4195123369C055CF52E593.e.5883/click - {}
RESULT: {}
COMMAND: POST /session/04aee939af97850adaa3733c1af52842/element - {"using":"css selector","value":"#shell-header-logo"}
COMMAND: GET /session/04aee939af97850adaa3733c1af52842/screenshot - {}
RESULT: {"using":"css selector","value":"#shell-header-logo"}
COMMAND: POST /session/04aee939af97850adaa3733c1af52842/element/f.244B6B55DE4F2A8C3CFC86491C19658C.d.DCCC76869F4195123369C055CF52E593.e.5198/click - {}
RESULT: {}
RESULT: {}
COMMAND: GET /session/04aee939af97850adaa3733c1af52842/screenshot - {}
RESULT: {}
]]></system-out>
    </testcase>
    <testcase classname="chrome.136_0_7103_93.windows.Standard_contract_-_add_contract_items_by_Insert_Request_US118222" name="Should insert the request into the contract" time="61.059">
      <system-out><![CDATA[
RESULT: undefined
COMMAND: POST /session/04aee939af97850adaa3733c1af52842/element - {"using":"xpath","value":"//*[@id=\"__tile130\"]"}
RESULT: {"using":"xpath","value":"//*[@id=\"__tile130\"]"}
COMMAND: POST /session/04aee939af97850adaa3733c1af52842/element/f.244B6B55DE4F2A8C3CFC86491C19658C.d.DCCC76869F4195123369C055CF52E593.e.4792/click - {}
RESULT: {}
COMMAND: GET /session/04aee939af97850adaa3733c1af52842/screenshot - {}
RESULT: {}
COMMAND: POST /session/04aee939af97850adaa3733c1af52842/elements - {"using":"xpath","value":"//span[text()='Error']"}
RESULT: {"using":"xpath","value":"//span[text()='Error']"}
COMMAND: POST /session/04aee939af97850adaa3733c1af52842/execute/async - {"script":"<script> [1562 bytes]","args":[{"selector":{"controlType":"sap.m.SearchField","viewName":"etm.portal.ui.managecontracts.view.Master","bindingPath":{"path":"","propertyPath":"/_BASIC_SEARCH_FIELD","modelName":"fi1t3rM0d31"},"interaction":{"idSuffix":"I"}},"wdio_ui5_key":"etmportal.ui.managecontracts.view.Mastersap.m.SearchField{\"path\":\"\",\"propertyPath\":\"/_BASIC_SEARCH_FIELD\",\"modelName\":\"fi1t3rM0d31\"}"}]}
RESULT: {"script":"<script> [1562 bytes]","args":[{"selector":{"controlType":"sap.m.SearchField","viewName":"etm.portal.ui.managecontracts.view.Master","bindingPath":{"path":"","propertyPath":"/_BASIC_SEARCH_FIELD","modelName":"fi1t3rM0d31"},"interaction":{"idSuffix":"I"}},"wdio_ui5_key":"etmportal.ui.managecontracts.view.Mastersap.m.SearchField{\"path\":\"\",\"propertyPath\":\"/_BASIC_SEARCH_FIELD\",\"modelName\":\"fi1t3rM0d31\"}"}]}
RESULT: undefined
COMMAND: POST /session/04aee939af97850adaa3733c1af52842/execute/async - {"script":"<script> [776 bytes]","args":[{"enterText":"10316","selector":{"controlType":"sap.m.SearchField","viewName":"etm.portal.ui.managecontracts.view.Master","bindingPath":{"path":"","propertyPath":"/_BASIC_SEARCH_FIELD","modelName":"fi1t3rM0d31"},"interaction":{"idSuffix":"I"}},"clearTextFirst":true,"interactionType":"ENTER_TEXT"}]}
RESULT: {"script":"<script> [776 bytes]","args":[{"enterText":"10316","selector":{"controlType":"sap.m.SearchField","viewName":"etm.portal.ui.managecontracts.view.Master","bindingPath":{"path":"","propertyPath":"/_BASIC_SEARCH_FIELD","modelName":"fi1t3rM0d31"},"interaction":{"idSuffix":"I"}},"clearTextFirst":true,"interactionType":"ENTER_TEXT"}]}
COMMAND: POST /session/04aee939af97850adaa3733c1af52842/actions - {"actions":[{"id":"action31","type":"key","parameters":{},"actions":[{"type":"keyDown","value":"î€‡"},{"type":"pause","duration":10},{"type":"keyUp","value":"î€‡"}]}]}
RESULT: {"actions":[{"id":"action31","type":"key","parameters":{},"actions":[{"type":"keyDown","value":"î€‡"},{"type":"pause","duration":10},{"type":"keyUp","value":"î€‡"}]}]}
COMMAND: GET /session/04aee939af97850adaa3733c1af52842/screenshot - {}
RESULT: {}
COMMAND: POST /session/04aee939af97850adaa3733c1af52842/execute/async - {"script":"<script> [1562 bytes]","args":[{"selector":{"controlType":"sap.ui.core.Icon","viewName":"etm.portal.ui.managecontracts.view.Master","properties":{"src":{"regex":{"source":"slim\\-arrow\\-right"}}}},"wdio_ui5_key":"etmportal.ui.managecontracts.view.Mastersap.ui.core.Icon{\"src\":{\"regex\":{\"source\":\"slim\\\\-arrow\\\\-right\"}}}"}]}
RESULT: {"script":"<script> [1562 bytes]","args":[{"selector":{"controlType":"sap.ui.core.Icon","viewName":"etm.portal.ui.managecontracts.view.Master","properties":{"src":{"regex":{"source":"slim\\-arrow\\-right"}}}},"wdio_ui5_key":"etmportal.ui.managecontracts.view.Mastersap.ui.core.Icon{\"src\":{\"regex\":{\"source\":\"slim\\\\-arrow\\\\-right\"}}}"}]}
RESULT: undefined
COMMAND: POST /session/04aee939af97850adaa3733c1af52842/element - {"using":"xpath","value":"//*[@id=\"__item2054-__clone7086-imgNav\"]"}
RESULT: {"using":"xpath","value":"//*[@id=\"__item2054-__clone7086-imgNav\"]"}
COMMAND: POST /session/04aee939af97850adaa3733c1af52842/element/f.244B6B55DE4F2A8C3CFC86491C19658C.d.DCCC76869F4195123369C055CF52E593.e.5994/click - {}
RESULT: {}
COMMAND: POST /session/04aee939af97850adaa3733c1af52842/execute/async - {"script":"<script> [1562 bytes]","args":[{"selector":{"id":"addRequestItemBtn","viewName":"etm.portal.ui.managecontracts.view.Detail","interaction":{"idSuffix":"BDI-content"}},"wdio_ui5_key":"addRequestItemBtnetmportal.ui.managecontracts.view.Detail"}]}
COMMAND: GET /session/04aee939af97850adaa3733c1af52842/screenshot - {}
RESULT: {"script":"<script> [1562 bytes]","args":[{"selector":{"id":"addRequestItemBtn","viewName":"etm.portal.ui.managecontracts.view.Detail","interaction":{"idSuffix":"BDI-content"}},"wdio_ui5_key":"addRequestItemBtnetmportal.ui.managecontracts.view.Detail"}]}
RESULT: undefined
COMMAND: POST /session/04aee939af97850adaa3733c1af52842/element - {"using":"xpath","value":"//*[@id=\"__xmlview64--addRequestItemBtn\"]"}
RESULT: {}
RESULT: {"using":"xpath","value":"//*[@id=\"__xmlview64--addRequestItemBtn\"]"}
COMMAND: POST /session/04aee939af97850adaa3733c1af52842/element/f.244B6B55DE4F2A8C3CFC86491C19658C.d.DCCC76869F4195123369C055CF52E593.e.6063/click - {}
RESULT: {}
COMMAND: GET /session/04aee939af97850adaa3733c1af52842/screenshot - {}
RESULT: {}
COMMAND: POST /session/04aee939af97850adaa3733c1af52842/element - {"using":"xpath","value":"//div[contains(@id ,\"popupRequestTable-sa-CbBg\")]"}
RESULT: {"using":"xpath","value":"//div[contains(@id ,\"popupRequestTable-sa-CbBg\")]"}
COMMAND: POST /session/04aee939af97850adaa3733c1af52842/element/f.244B6B55DE4F2A8C3CFC86491C19658C.d.DCCC76869F4195123369C055CF52E593.e.6183/click - {}
RESULT: {}
COMMAND: GET /session/04aee939af97850adaa3733c1af52842/screenshot - {}
RESULT: {}
COMMAND: POST /session/04aee939af97850adaa3733c1af52842/execute/async - {"script":"<script> [1562 bytes]","args":[{"selector":{"controlType":"sap.m.Button","viewName":"etm.portal.ui.managecontracts.view.Detail","i18NText":{"propertyName":"text","key":"selectionDone"},"searchOpenDialogs":true,"interaction":{"idSuffix":"BDI-content"}},"wdio_ui5_key":"etmportal.ui.managecontracts.view.Detailsap.m.Button{\"propertyName\":\"text\",\"key\":\"selectionDone\"}"}]}
RESULT: {"script":"<script> [1562 bytes]","args":[{"selector":{"controlType":"sap.m.Button","viewName":"etm.portal.ui.managecontracts.view.Detail","i18NText":{"propertyName":"text","key":"selectionDone"},"searchOpenDialogs":true,"interaction":{"idSuffix":"BDI-content"}},"wdio_ui5_key":"etmportal.ui.managecontracts.view.Detailsap.m.Button{\"propertyName\":\"text\",\"key\":\"selectionDone\"}"}]}
RESULT: undefined
COMMAND: POST /session/04aee939af97850adaa3733c1af52842/element - {"using":"xpath","value":"//*[@id=\"__button148\"]"}
RESULT: {"using":"xpath","value":"//*[@id=\"__button148\"]"}
COMMAND: POST /session/04aee939af97850adaa3733c1af52842/element/f.244B6B55DE4F2A8C3CFC86491C19658C.d.DCCC76869F4195123369C055CF52E593.e.6185/click - {}
RESULT: {}
COMMAND: POST /session/04aee939af97850adaa3733c1af52842/execute/async - {"script":"<script> [1562 bytes]","args":[{"selector":{"controlType":"sap.m.Text","properties":{"text":"Started processing request items into the contract."},"searchOpenDialogs":true},"wdio_ui5_key":"sapm.Text{\"text\":\"Started processing request items into the contract.\"}"}]}
COMMAND: GET /session/04aee939af97850adaa3733c1af52842/screenshot - {}
RESULT: {"script":"<script> [1562 bytes]","args":[{"selector":{"controlType":"sap.m.Text","properties":{"text":"Started processing request items into the contract."},"searchOpenDialogs":true},"wdio_ui5_key":"sapm.Text{\"text\":\"Started processing request items into the contract.\"}"}]}
RESULT: undefined
COMMAND: POST /session/04aee939af97850adaa3733c1af52842/execute/async - {"script":"<script> [6424 bytes]","args":[{"element-6066-11e4-a52e-4f735466cecf":"f.244B6B55DE4F2A8C3CFC86491C19658C.d.DCCC76869F4195123369C055CF52E593.e.6187"},"getText",[]]}
RESULT: {}
RESULT: {"script":"<script> [6424 bytes]","args":[{"element-6066-11e4-a52e-4f735466cecf":"f.244B6B55DE4F2A8C3CFC86491C19658C.d.DCCC76869F4195123369C055CF52E593.e.6187"},"getText",[]]}
COMMAND: POST /session/04aee939af97850adaa3733c1af52842/execute/async - {"script":"<script> [1562 bytes]","args":[{"selector":{"controlType":"sap.m.Button","properties":{"text":"OK"},"searchOpenDialogs":true,"interaction":{"idSuffix":"inner"}},"wdio_ui5_key":"sapm.Button{\"text\":\"OK\"}"}]}
RESULT: {"script":"<script> [1562 bytes]","args":[{"selector":{"controlType":"sap.m.Button","properties":{"text":"OK"},"searchOpenDialogs":true,"interaction":{"idSuffix":"inner"}},"wdio_ui5_key":"sapm.Button{\"text\":\"OK\"}"}]}
RESULT: undefined
COMMAND: POST /session/04aee939af97850adaa3733c1af52842/element - {"using":"xpath","value":"//*[@id=\"__mbox-btn-5\"]"}
RESULT: {"using":"xpath","value":"//*[@id=\"__mbox-btn-5\"]"}
COMMAND: POST /session/04aee939af97850adaa3733c1af52842/element/f.244B6B55DE4F2A8C3CFC86491C19658C.d.DCCC76869F4195123369C055CF52E593.e.6186/click - {}
RESULT: {}
COMMAND: POST /session/04aee939af97850adaa3733c1af52842/execute/async - {"script":"<script> [1562 bytes]","args":[{"selector":{"id":"headerBillingItemsTabFilter","viewName":"etm.portal.ui.managecontracts.view.Detail","interaction":{"idSuffix":"text"}},"wdio_ui5_key":"headerBillingItemsTabFilteretmportal.ui.managecontracts.view.Detail"}]}
COMMAND: GET /session/04aee939af97850adaa3733c1af52842/screenshot - {}
RESULT: {"script":"<script> [1562 bytes]","args":[{"selector":{"id":"headerBillingItemsTabFilter","viewName":"etm.portal.ui.managecontracts.view.Detail","interaction":{"idSuffix":"text"}},"wdio_ui5_key":"headerBillingItemsTabFilteretmportal.ui.managecontracts.view.Detail"}]}
RESULT: undefined
COMMAND: POST /session/04aee939af97850adaa3733c1af52842/element - {"using":"xpath","value":"//*[@id=\"__xmlview64--headerBillingItemsTabFilter\"]"}
RESULT: {}
RESULT: {"using":"xpath","value":"//*[@id=\"__xmlview64--headerBillingItemsTabFilter\"]"}
COMMAND: POST /session/04aee939af97850adaa3733c1af52842/element/f.244B6B55DE4F2A8C3CFC86491C19658C.d.DCCC76869F4195123369C055CF52E593.e.6197/click - {}
RESULT: {}
COMMAND: GET /session/04aee939af97850adaa3733c1af52842/screenshot - {}
RESULT: {}
COMMAND: POST /session/04aee939af97850adaa3733c1af52842/execute/async - {"script":"<script> [1562 bytes]","args":[{"selector":{"controlType":"sap.ui.core.Icon","viewName":"etm.portal.ui.managecontracts.view.Detail","properties":{"src":{"regex":{"source":"synchronize"}}}},"wdio_ui5_key":"etmportal.ui.managecontracts.view.Detailsap.ui.core.Icon{\"src\":{\"regex\":{\"source\":\"synchronize\"}}}"}]}
RESULT: {"script":"<script> [1562 bytes]","args":[{"selector":{"controlType":"sap.ui.core.Icon","viewName":"etm.portal.ui.managecontracts.view.Detail","properties":{"src":{"regex":{"source":"synchronize"}}}},"wdio_ui5_key":"etmportal.ui.managecontracts.view.Detailsap.ui.core.Icon{\"src\":{\"regex\":{\"source\":\"synchronize\"}}}"}]}
RESULT: undefined
COMMAND: POST /session/04aee939af97850adaa3733c1af52842/element - {"using":"xpath","value":"//*[@id=\"__xmlview64--btnToggleUpdate-img\"]"}
RESULT: {"using":"xpath","value":"//*[@id=\"__xmlview64--btnToggleUpdate-img\"]"}
COMMAND: POST /session/04aee939af97850adaa3733c1af52842/element/f.244B6B55DE4F2A8C3CFC86491C19658C.d.DCCC76869F4195123369C055CF52E593.e.6062/click - {}
RESULT: {}
COMMAND: GET /session/04aee939af97850adaa3733c1af52842/screenshot - {}
RESULT: {}
RESULT: undefined
COMMAND: POST /session/04aee939af97850adaa3733c1af52842/element - {"using":"xpath","value":"//*[@id=\"__xmlview64--headerBillingItemsTabFilter\"]"}
RESULT: {"using":"xpath","value":"//*[@id=\"__xmlview64--headerBillingItemsTabFilter\"]"}
COMMAND: POST /session/04aee939af97850adaa3733c1af52842/element/f.244B6B55DE4F2A8C3CFC86491C19658C.d.DCCC76869F4195123369C055CF52E593.e.6197/click - {}
RESULT: {}
COMMAND: POST /session/04aee939af97850adaa3733c1af52842/execute/async - {"script":"<script> [1562 bytes]","args":[{"selector":{"controlType":"sap.m.Title","viewName":"etm.portal.ui.managecontracts.view.Detail","properties":{"text":"Contract Items (2)"}},"wdio_ui5_key":"etmportal.ui.managecontracts.view.Detailsap.m.Title{\"text\":\"Contract Items (2)\"}"}]}
COMMAND: GET /session/04aee939af97850adaa3733c1af52842/screenshot - {}
RESULT: {"script":"<script> [1562 bytes]","args":[{"selector":{"controlType":"sap.m.Title","viewName":"etm.portal.ui.managecontracts.view.Detail","properties":{"text":"Contract Items (2)"}},"wdio_ui5_key":"etmportal.ui.managecontracts.view.Detailsap.m.Title{\"text\":\"Contract Items (2)\"}"}]}
RESULT: undefined
COMMAND: POST /session/04aee939af97850adaa3733c1af52842/execute/async - {"script":"<script> [6424 bytes]","args":[{"element-6066-11e4-a52e-4f735466cecf":"f.244B6B55DE4F2A8C3CFC86491C19658C.d.DCCC76869F4195123369C055CF52E593.e.6205"},"getText",[]]}
RESULT: {}
RESULT: {"script":"<script> [6424 bytes]","args":[{"element-6066-11e4-a52e-4f735466cecf":"f.244B6B55DE4F2A8C3CFC86491C19658C.d.DCCC76869F4195123369C055CF52E593.e.6205"},"getText",[]]}
COMMAND: POST /session/04aee939af97850adaa3733c1af52842/execute/async - {"script":"<script> [1562 bytes]","args":[{"selector":{"controlType":"sap.m.ObjectStatus","viewName":"etm.portal.ui.managecontracts.view.Detail","bindingPath":{"path":"/SmartContractItems(CONTRACT='10316',ITEM=10m,SUB_ITEM=0m)","propertyPath":"STATUS"}},"wdio_ui5_key":"etmportal.ui.managecontracts.view.Detailsap.m.ObjectStatus{\"path\":\"/SmartContractItems(CONTRACT='10316',ITEM=10m,SUB_ITEM=0m)\",\"propertyPath\":\"STATUS\"}"}]}
RESULT: {"script":"<script> [1562 bytes]","args":[{"selector":{"controlType":"sap.m.ObjectStatus","viewName":"etm.portal.ui.managecontracts.view.Detail","bindingPath":{"path":"/SmartContractItems(CONTRACT='10316',ITEM=10m,SUB_ITEM=0m)","propertyPath":"STATUS"}},"wdio_ui5_key":"etmportal.ui.managecontracts.view.Detailsap.m.ObjectStatus{\"path\":\"/SmartContractItems(CONTRACT='10316',ITEM=10m,SUB_ITEM=0m)\",\"propertyPath\":\"STATUS\"}"}]}
RESULT: undefined
COMMAND: POST /session/04aee939af97850adaa3733c1af52842/execute/async - {"script":"<script> [6424 bytes]","args":[{"element-6066-11e4-a52e-4f735466cecf":"f.244B6B55DE4F2A8C3CFC86491C19658C.d.DCCC76869F4195123369C055CF52E593.e.6207"},"getText",[]]}
RESULT: {"script":"<script> [6424 bytes]","args":[{"element-6066-11e4-a52e-4f735466cecf":"f.244B6B55DE4F2A8C3CFC86491C19658C.d.DCCC76869F4195123369C055CF52E593.e.6207"},"getText",[]]}
COMMAND: POST /session/04aee939af97850adaa3733c1af52842/execute/async - {"script":"<script> [1562 bytes]","args":[{"selector":{"controlType":"sap.m.ObjectStatus","viewName":"etm.portal.ui.managecontracts.view.Detail","bindingPath":{"path":"/SmartContractItems(CONTRACT='10316',ITEM=20m,SUB_ITEM=0m)","propertyPath":"STATUS"}},"wdio_ui5_key":"etmportal.ui.managecontracts.view.Detailsap.m.ObjectStatus{\"path\":\"/SmartContractItems(CONTRACT='10316',ITEM=20m,SUB_ITEM=0m)\",\"propertyPath\":\"STATUS\"}"}]}
RESULT: {"script":"<script> [1562 bytes]","args":[{"selector":{"controlType":"sap.m.ObjectStatus","viewName":"etm.portal.ui.managecontracts.view.Detail","bindingPath":{"path":"/SmartContractItems(CONTRACT='10316',ITEM=20m,SUB_ITEM=0m)","propertyPath":"STATUS"}},"wdio_ui5_key":"etmportal.ui.managecontracts.view.Detailsap.m.ObjectStatus{\"path\":\"/SmartContractItems(CONTRACT='10316',ITEM=20m,SUB_ITEM=0m)\",\"propertyPath\":\"STATUS\"}"}]}
RESULT: undefined
COMMAND: POST /session/04aee939af97850adaa3733c1af52842/execute/async - {"script":"<script> [6424 bytes]","args":[{"element-6066-11e4-a52e-4f735466cecf":"f.244B6B55DE4F2A8C3CFC86491C19658C.d.DCCC76869F4195123369C055CF52E593.e.6208"},"getText",[]]}
RESULT: {"script":"<script> [6424 bytes]","args":[{"element-6066-11e4-a52e-4f735466cecf":"f.244B6B55DE4F2A8C3CFC86491C19658C.d.DCCC76869F4195123369C055CF52E593.e.6208"},"getText",[]]}
]]></system-out>
    </testcase>
  </testsuite>
  <testsuite timestamp="2025-05-16T18:06:26" time="77.676" tests="1" failures="0" errors="0" skipped="0">
    <properties>
      <property name="specId" value="0" />
      <property name="suiteName" value="Manage contracts - revert request US152962" />
      <property name="capabilities" value="chrome.136_0_7103_93.windows" />
      <property name="file" value="file:///D:/a/1/s/test/specs/R2C/manage-contracts-revert-request.spec.js" />
    </properties>
    <testcase classname="chrome.136_0_7103_93.windows.Manage_contracts_-_revert_request_US152962" name="Should revert the request" time="77.673">
      <system-out><![CDATA[
COMMAND: POST /session/04aee939af97850adaa3733c1af52842/execute/async - {"script":"<script> [1562 bytes]","args":[{"selector":{"id":"revertPlanningBtn","viewName":"etm.portal.ui.managecontracts.view.Detail","interaction":{"idSuffix":"BDI-content"}},"wdio_ui5_key":"revertPlanningBtnetmportal.ui.managecontracts.view.Detail"}]}
RESULT: {"script":"<script> [1562 bytes]","args":[{"selector":{"id":"revertPlanningBtn","viewName":"etm.portal.ui.managecontracts.view.Detail","interaction":{"idSuffix":"BDI-content"}},"wdio_ui5_key":"revertPlanningBtnetmportal.ui.managecontracts.view.Detail"}]}
RESULT: undefined
COMMAND: POST /session/04aee939af97850adaa3733c1af52842/element - {"using":"xpath","value":"//*[@id=\"__xmlview64--revertPlanningBtn\"]"}
RESULT: {"using":"xpath","value":"//*[@id=\"__xmlview64--revertPlanningBtn\"]"}
COMMAND: POST /session/04aee939af97850adaa3733c1af52842/element/f.244B6B55DE4F2A8C3CFC86491C19658C.d.DCCC76869F4195123369C055CF52E593.e.6066/click - {}
RESULT: {}
COMMAND: POST /session/04aee939af97850adaa3733c1af52842/element - {"using":"xpath","value":"(//div[contains(@id ,\"selectMulti-CbBg\")])[2]"}
COMMAND: GET /session/04aee939af97850adaa3733c1af52842/screenshot - {}
RESULT: {"using":"xpath","value":"(//div[contains(@id ,\"selectMulti-CbBg\")])[2]"}
COMMAND: POST /session/04aee939af97850adaa3733c1af52842/element/f.244B6B55DE4F2A8C3CFC86491C19658C.d.DCCC76869F4195123369C055CF52E593.e.6254/click - {}
RESULT: {}
RESULT: {}
COMMAND: GET /session/04aee939af97850adaa3733c1af52842/screenshot - {}
RESULT: {}
COMMAND: POST /session/04aee939af97850adaa3733c1af52842/element - {"using":"xpath","value":"//span[contains(@id ,\"executeRevertPlanningBtn-content\")]"}
RESULT: {"using":"xpath","value":"//span[contains(@id ,\"executeRevertPlanningBtn-content\")]"}
COMMAND: POST /session/04aee939af97850adaa3733c1af52842/element/f.244B6B55DE4F2A8C3CFC86491C19658C.d.DCCC76869F4195123369C055CF52E593.e.6256/click - {}
RESULT: {}
COMMAND: GET /session/04aee939af97850adaa3733c1af52842/screenshot - {}
RESULT: {}
COMMAND: POST /session/04aee939af97850adaa3733c1af52842/actions - {"actions":[{"id":"action32","type":"key","parameters":{},"actions":[{"type":"keyDown","value":"î€‡"},{"type":"pause","duration":10},{"type":"keyUp","value":"î€‡"}]}]}
RESULT: {"actions":[{"id":"action32","type":"key","parameters":{},"actions":[{"type":"keyDown","value":"î€‡"},{"type":"pause","duration":10},{"type":"keyUp","value":"î€‡"}]}]}
COMMAND: GET /session/04aee939af97850adaa3733c1af52842/screenshot - {}
RESULT: {}
COMMAND: POST /session/04aee939af97850adaa3733c1af52842/refresh - {}
RESULT: {}
COMMAND: GET /session/04aee939af97850adaa3733c1af52842/screenshot - {}
RESULT: {}
COMMAND: POST /session/04aee939af97850adaa3733c1af52842/execute/async - {"script":"<script> [189 bytes]","args":[]}
RESULT: {"script":"<script> [189 bytes]","args":[]}
COMMAND: POST /session/04aee939af97850adaa3733c1af52842/execute/async - {"script":"<script> [123 bytes]","args":[]}
RESULT: {"script":"<script> [123 bytes]","args":[]}
COMMAND: POST /session/04aee939af97850adaa3733c1af52842/timeouts - {"script":"<number>"}
RESULT: {"script":"<number>"}
COMMAND: GET /session/04aee939af97850adaa3733c1af52842/timeouts - {}
RESULT: {}
RESULT: undefined
COMMAND: POST /session/04aee939af97850adaa3733c1af52842/execute/async - {"script":"<script> [2676 bytes]","args":[]}
RESULT: {"script":"<script> [2676 bytes]","args":[]}
COMMAND: POST /session/04aee939af97850adaa3733c1af52842/execute/async - {"script":"<script> [2342 bytes]","args":[{"protocol":"http","hostname":"0.0.0.0","path":"/","capabilities":{"browserName":"chrome","goog:chromeOptions":{"binary":"C:\\Program Files\\Google\\Chrome\\Application\\chrome.exe","args":["--start-maximized"]}},"logLevel":"warn","connectionRetryTimeout":120000,"connectionRetryCount":3,"logLevels":{},"enableDirectConnect":true,"strictSSL":true,"_":"65 more keys: [\"cacheDir\",\"port\",\"requestedCapabilities\",\"automationProtocol\",\"baseUrl\",\"waitforInterval\",\"waitforTimeout\",\"onReload\",\"beforeCommand\",\"afterCommand\",\"rootDir\",\"specs\",\"suites\",\"exclude\",\"groupLogsByTestSpec\",\"excludeDriverLogs\",\"bail\",\"framework\",\"reporters\",\"services\",\"maxInstances\",\"maxInstancesPerCapability\",\"injectGlobals\",\"filesToWatch\",\"execArgv\",\"runnerEnv\",\"runner\",\"shard\",\"specFileRetries\",\"specFileRetriesDelay\",\"specFileRetriesDeferred\",\"reporterSyncInterval\",\"reporterSyncTimeout\",\"cucumberFeaturesWithLineNumbers\",\"autoCompileOpts\",\"mochaOpts\",\"jasmineOpts\",\"cucumberOpts\",\"onPrepare\",\"onWorkerStart\",\"onWorkerEnd\",\"before\",\"beforeSession\",\"beforeSuite\",\"beforeHook\",\"beforeTest\",\"afterTest\",\"afterHook\",\"afterSuite\",\"afterSession\",\"after\",\"onComplete\",\"beforeAssertion\",\"afterAssertion\",\"beforeFeature\",\"beforeScenario\",\"beforeStep\",\"afterStep\",\"afterScenario\",\"afterFeature\",\"_\",\"suite\",\"$0\",\"ignoredWorkerServices\",\"wdi5\"]"}]}
RESULT: {"script":"<script> [2342 bytes]","args":[{"protocol":"http","hostname":"0.0.0.0","path":"/","capabilities":{"browserName":"chrome","goog:chromeOptions":{"binary":"C:\\Program Files\\Google\\Chrome\\Application\\chrome.exe","args":["--start-maximized"]}},"logLevel":"warn","connectionRetryTimeout":120000,"connectionRetryCount":3,"logLevels":{},"enableDirectConnect":true,"strictSSL":true,"_":"65 more keys: [\"cacheDir\",\"port\",\"requestedCapabilities\",\"automationProtocol\",\"baseUrl\",\"waitforInterval\",\"waitforTimeout\",\"onReload\",\"beforeCommand\",\"afterCommand\",\"rootDir\",\"specs\",\"suites\",\"exclude\",\"groupLogsByTestSpec\",\"excludeDriverLogs\",\"bail\",\"framework\",\"reporters\",\"services\",\"maxInstances\",\"maxInstancesPerCapability\",\"injectGlobals\",\"filesToWatch\",\"execArgv\",\"runnerEnv\",\"runner\",\"shard\",\"specFileRetries\",\"specFileRetriesDelay\",\"specFileRetriesDeferred\",\"reporterSyncInterval\",\"reporterSyncTimeout\",\"cucumberFeaturesWithLineNumbers\",\"autoCompileOpts\",\"mochaOpts\",\"jasmineOpts\",\"cucumberOpts\",\"onPrepare\",\"onWorkerStart\",\"onWorkerEnd\",\"before\",\"beforeSession\",\"beforeSuite\",\"beforeHook\",\"beforeTest\",\"afterTest\",\"afterHook\",\"afterSuite\",\"afterSession\",\"after\",\"onComplete\",\"beforeAssertion\",\"afterAssertion\",\"beforeFeature\",\"beforeScenario\",\"beforeStep\",\"afterStep\",\"afterScenario\",\"afterFeature\",\"_\",\"suite\",\"$0\",\"ignoredWorkerServices\",\"wdi5\"]"}]}
COMMAND: POST /session/04aee939af97850adaa3733c1af52842/execute/async - {"script":"<script> [21126 bytes]","args":[35000]}
RESULT: {"script":"<script> [21126 bytes]","args":[35000]}
COMMAND: POST /session/04aee939af97850adaa3733c1af52842/execute/async - {"script":"<script> [1562 bytes]","args":[{"selector":{"controlType":"sap.m.Title","viewName":"etm.portal.ui.managecontracts.view.Detail","properties":{"text":"Contract Items (1)"}},"wdio_ui5_key":"etmportal.ui.managecontracts.view.Detailsap.m.Title{\"text\":\"Contract Items (1)\"}"}]}
RESULT: {"script":"<script> [1562 bytes]","args":[{"selector":{"controlType":"sap.m.Title","viewName":"etm.portal.ui.managecontracts.view.Detail","properties":{"text":"Contract Items (1)"}},"wdio_ui5_key":"etmportal.ui.managecontracts.view.Detailsap.m.Title{\"text\":\"Contract Items (1)\"}"}]}
RESULT: undefined
COMMAND: POST /session/04aee939af97850adaa3733c1af52842/execute/async - {"script":"<script> [6424 bytes]","args":[{"element-6066-11e4-a52e-4f735466cecf":"f.244B6B55DE4F2A8C3CFC86491C19658C.d.8D0D34224FEBE760FFF0F4FB34D67107.e.6472"},"getText",[]]}
RESULT: {"script":"<script> [6424 bytes]","args":[{"element-6066-11e4-a52e-4f735466cecf":"f.244B6B55DE4F2A8C3CFC86491C19658C.d.8D0D34224FEBE760FFF0F4FB34D67107.e.6472"},"getText",[]]}
COMMAND: POST /session/04aee939af97850adaa3733c1af52842/execute/async - {"script":"<script> [1562 bytes]","args":[{"selector":{"id":"contractDetailEditBtn","viewName":"etm.portal.ui.managecontracts.view.Detail","interaction":{"idSuffix":"inner"}},"wdio_ui5_key":"contractDetailEditBtnetmportal.ui.managecontracts.view.Detail"}]}
RESULT: {"script":"<script> [1562 bytes]","args":[{"selector":{"id":"contractDetailEditBtn","viewName":"etm.portal.ui.managecontracts.view.Detail","interaction":{"idSuffix":"inner"}},"wdio_ui5_key":"contractDetailEditBtnetmportal.ui.managecontracts.view.Detail"}]}
RESULT: undefined
COMMAND: POST /session/04aee939af97850adaa3733c1af52842/element - {"using":"xpath","value":"//*[@id=\"__xmlview1--contractDetailEditBtn\"]"}
RESULT: {"using":"xpath","value":"//*[@id=\"__xmlview1--contractDetailEditBtn\"]"}
COMMAND: POST /session/04aee939af97850adaa3733c1af52842/element/f.244B6B55DE4F2A8C3CFC86491C19658C.d.8D0D34224FEBE760FFF0F4FB34D67107.e.6294/click - {}
RESULT: {}
COMMAND: GET /session/04aee939af97850adaa3733c1af52842/screenshot - {}
RESULT: {}
COMMAND: POST /session/04aee939af97850adaa3733c1af52842/element - {"using":"xpath","value":"(//span[contains(text(), \"Header Billing Items\")])[2]"}
RESULT: {"using":"xpath","value":"(//span[contains(text(), \"Header Billing Items\")])[2]"}
COMMAND: POST /session/04aee939af97850adaa3733c1af52842/element/f.244B6B55DE4F2A8C3CFC86491C19658C.d.8D0D34224FEBE760FFF0F4FB34D67107.e.6537/click - {}
RESULT: {}
COMMAND: GET /session/04aee939af97850adaa3733c1af52842/screenshot - {}
RESULT: {}
COMMAND: POST /session/04aee939af97850adaa3733c1af52842/element - {"using":"xpath","value":"//div[contains(@id ,\"ProductsTable-sa-CbBg\")]"}
RESULT: {"using":"xpath","value":"//div[contains(@id ,\"ProductsTable-sa-CbBg\")]"}
COMMAND: POST /session/04aee939af97850adaa3733c1af52842/element/f.244B6B55DE4F2A8C3CFC86491C19658C.d.8D0D34224FEBE760FFF0F4FB34D67107.e.6540/click - {}
RESULT: {}
COMMAND: GET /session/04aee939af97850adaa3733c1af52842/screenshot - {}
RESULT: {}
COMMAND: POST /session/04aee939af97850adaa3733c1af52842/execute/async - {"script":"<script> [1562 bytes]","args":[{"selector":{"id":"deleteBtn","viewName":"etm.portal.ui.managecontracts.view.EditContract","interaction":{"idSuffix":"BDI-content"}},"wdio_ui5_key":"deleteBtnetmportal.ui.managecontracts.view.EditContract"}]}
RESULT: {"script":"<script> [1562 bytes]","args":[{"selector":{"id":"deleteBtn","viewName":"etm.portal.ui.managecontracts.view.EditContract","interaction":{"idSuffix":"BDI-content"}},"wdio_ui5_key":"deleteBtnetmportal.ui.managecontracts.view.EditContract"}]}
RESULT: undefined
COMMAND: POST /session/04aee939af97850adaa3733c1af52842/element - {"using":"xpath","value":"//*[@id=\"__xmlview2--deleteBtn\"]"}
RESULT: {"using":"xpath","value":"//*[@id=\"__xmlview2--deleteBtn\"]"}
COMMAND: POST /session/04aee939af97850adaa3733c1af52842/element/f.244B6B55DE4F2A8C3CFC86491C19658C.d.8D0D34224FEBE760FFF0F4FB34D67107.e.6543/click - {}
RESULT: {}
COMMAND: POST /session/04aee939af97850adaa3733c1af52842/element - {"using":"xpath","value":"//bdi[contains(@id ,\"BDI-content\")][contains(text(), \"OK\")]"}
COMMAND: GET /session/04aee939af97850adaa3733c1af52842/screenshot - {}
RESULT: {}
RESULT: {"using":"xpath","value":"//bdi[contains(@id ,\"BDI-content\")][contains(text(), \"OK\")]"}
COMMAND: POST /session/04aee939af97850adaa3733c1af52842/element/f.244B6B55DE4F2A8C3CFC86491C19658C.d.8D0D34224FEBE760FFF0F4FB34D67107.e.6545/click - {}
RESULT: {}
COMMAND: GET /session/04aee939af97850adaa3733c1af52842/screenshot - {}
RESULT: {}
COMMAND: POST /session/04aee939af97850adaa3733c1af52842/element - {"using":"xpath","value":"//bdi[contains(@id ,\"BDI-content\")][contains(text(), \"Save\")]"}
RESULT: {"using":"xpath","value":"//bdi[contains(@id ,\"BDI-content\")][contains(text(), \"Save\")]"}
COMMAND: POST /session/04aee939af97850adaa3733c1af52842/element/f.244B6B55DE4F2A8C3CFC86491C19658C.d.8D0D34224FEBE760FFF0F4FB34D67107.e.6547/click - {}
RESULT: {}
COMMAND: GET /session/04aee939af97850adaa3733c1af52842/screenshot - {}
RESULT: {}
COMMAND: POST /session/04aee939af97850adaa3733c1af52842/element - {"using":"xpath","value":"(//span[contains(text(), \"Header Billing Items\")])[1]"}
RESULT: {"using":"xpath","value":"(//span[contains(text(), \"Header Billing Items\")])[1]"}
COMMAND: POST /session/04aee939af97850adaa3733c1af52842/element/f.244B6B55DE4F2A8C3CFC86491C19658C.d.8D0D34224FEBE760FFF0F4FB34D67107.e.6550/click - {}
RESULT: {}
COMMAND: GET /session/04aee939af97850adaa3733c1af52842/screenshot - {}
RESULT: {}
COMMAND: POST /session/04aee939af97850adaa3733c1af52842/execute/async - {"script":"<script> [1562 bytes]","args":[{"selector":{"controlType":"sap.m.ObjectStatus","viewName":"etm.portal.ui.managecontracts.view.Detail","bindingPath":{"path":"/SmartContractItems(CONTRACT='10316',ITEM=10m,SUB_ITEM=0m)","propertyPath":"STATUS"}},"wdio_ui5_key":"etmportal.ui.managecontracts.view.Detailsap.m.ObjectStatus{\"path\":\"/SmartContractItems(CONTRACT='10316',ITEM=10m,SUB_ITEM=0m)\",\"propertyPath\":\"STATUS\"}"}]}
RESULT: {"script":"<script> [1562 bytes]","args":[{"selector":{"controlType":"sap.m.ObjectStatus","viewName":"etm.portal.ui.managecontracts.view.Detail","bindingPath":{"path":"/SmartContractItems(CONTRACT='10316',ITEM=10m,SUB_ITEM=0m)","propertyPath":"STATUS"}},"wdio_ui5_key":"etmportal.ui.managecontracts.view.Detailsap.m.ObjectStatus{\"path\":\"/SmartContractItems(CONTRACT='10316',ITEM=10m,SUB_ITEM=0m)\",\"propertyPath\":\"STATUS\"}"}]}
RESULT: undefined
COMMAND: POST /session/04aee939af97850adaa3733c1af52842/execute/async - {"script":"<script> [6424 bytes]","args":[{"element-6066-11e4-a52e-4f735466cecf":"f.244B6B55DE4F2A8C3CFC86491C19658C.d.8D0D34224FEBE760FFF0F4FB34D67107.e.6552"},"getText",[]]}
RESULT: {"script":"<script> [6424 bytes]","args":[{"element-6066-11e4-a52e-4f735466cecf":"f.244B6B55DE4F2A8C3CFC86491C19658C.d.8D0D34224FEBE760FFF0F4FB34D67107.e.6552"},"getText",[]]}
COMMAND: POST /session/04aee939af97850adaa3733c1af52842/element - {"using":"css selector","value":"#shell-header-logo"}
RESULT: {"using":"css selector","value":"#shell-header-logo"}
COMMAND: POST /session/04aee939af97850adaa3733c1af52842/element/f.244B6B55DE4F2A8C3CFC86491C19658C.d.8D0D34224FEBE760FFF0F4FB34D67107.e.6456/click - {}
RESULT: {}
COMMAND: GET /session/04aee939af97850adaa3733c1af52842/screenshot - {}
RESULT: {}
COMMAND: POST /session/04aee939af97850adaa3733c1af52842/execute/async - {"script":"<script> [1562 bytes]","args":[{"selector":{"controlType":"sap.m.GenericTile","properties":{"header":"Manage Requests"}},"wdio_ui5_key":"sapm.GenericTile{\"header\":\"Manage Requests\"}"}]}
RESULT: {"script":"<script> [1562 bytes]","args":[{"selector":{"controlType":"sap.m.GenericTile","properties":{"header":"Manage Requests"}},"wdio_ui5_key":"sapm.GenericTile{\"header\":\"Manage Requests\"}"}]}
RESULT: undefined
COMMAND: POST /session/04aee939af97850adaa3733c1af52842/element - {"using":"xpath","value":"//*[@id=\"__tile47\"]"}
RESULT: {"using":"xpath","value":"//*[@id=\"__tile47\"]"}
COMMAND: POST /session/04aee939af97850adaa3733c1af52842/element/f.244B6B55DE4F2A8C3CFC86491C19658C.d.8D0D34224FEBE760FFF0F4FB34D67107.e.6568/click - {}
RESULT: {}
COMMAND: GET /session/04aee939af97850adaa3733c1af52842/screenshot - {}
RESULT: {}
COMMAND: POST /session/04aee939af97850adaa3733c1af52842/execute/async - {"script":"<script> [1562 bytes]","args":[{"selector":{"controlType":"sap.m.SearchField","viewName":"etm.portal.ui.managerequests.view.Master","bindingPath":{"path":"","propertyPath":"/_BASIC_SEARCH_FIELD","modelName":"fi1t3rM0d31"},"interaction":{"idSuffix":"I"}},"wdio_ui5_key":"etmportal.ui.managerequests.view.Mastersap.m.SearchField{\"path\":\"\",\"propertyPath\":\"/_BASIC_SEARCH_FIELD\",\"modelName\":\"fi1t3rM0d31\"}"}]}
COMMAND: POST /session/04aee939af97850adaa3733c1af52842/elements - {"using":"xpath","value":"//span[text()='Error']"}
RESULT: {"script":"<script> [1562 bytes]","args":[{"selector":{"controlType":"sap.m.SearchField","viewName":"etm.portal.ui.managerequests.view.Master","bindingPath":{"path":"","propertyPath":"/_BASIC_SEARCH_FIELD","modelName":"fi1t3rM0d31"},"interaction":{"idSuffix":"I"}},"wdio_ui5_key":"etmportal.ui.managerequests.view.Mastersap.m.SearchField{\"path\":\"\",\"propertyPath\":\"/_BASIC_SEARCH_FIELD\",\"modelName\":\"fi1t3rM0d31\"}"}]}
RESULT: undefined
COMMAND: POST /session/04aee939af97850adaa3733c1af52842/execute/async - {"script":"<script> [776 bytes]","args":[{"enterText":"20137","selector":{"controlType":"sap.m.SearchField","viewName":"etm.portal.ui.managerequests.view.Master","bindingPath":{"path":"","propertyPath":"/_BASIC_SEARCH_FIELD","modelName":"fi1t3rM0d31"},"interaction":{"idSuffix":"I"}},"clearTextFirst":true,"interactionType":"ENTER_TEXT"}]}
RESULT: {"using":"xpath","value":"//span[text()='Error']"}
RESULT: {"script":"<script> [776 bytes]","args":[{"enterText":"20137","selector":{"controlType":"sap.m.SearchField","viewName":"etm.portal.ui.managerequests.view.Master","bindingPath":{"path":"","propertyPath":"/_BASIC_SEARCH_FIELD","modelName":"fi1t3rM0d31"},"interaction":{"idSuffix":"I"}},"clearTextFirst":true,"interactionType":"ENTER_TEXT"}]}
COMMAND: POST /session/04aee939af97850adaa3733c1af52842/actions - {"actions":[{"id":"action33","type":"key","parameters":{},"actions":[{"type":"keyDown","value":"î€‡"},{"type":"pause","duration":10},{"type":"keyUp","value":"î€‡"}]}]}
RESULT: {"actions":[{"id":"action33","type":"key","parameters":{},"actions":[{"type":"keyDown","value":"î€‡"},{"type":"pause","duration":10},{"type":"keyUp","value":"î€‡"}]}]}
COMMAND: GET /session/04aee939af97850adaa3733c1af52842/screenshot - {}
RESULT: {}
COMMAND: POST /session/04aee939af97850adaa3733c1af52842/execute/async - {"script":"<script> [1562 bytes]","args":[{"selector":{"controlType":"sap.m.Text","viewName":"etm.portal.ui.managerequests.view.Master","bindingPath":{"path":"/SmartManageRequests('20137')","propertyPath":"NO"}},"wdio_ui5_key":"etmportal.ui.managerequests.view.Mastersap.m.Text{\"path\":\"/SmartManageRequests('20137')\",\"propertyPath\":\"NO\"}"}]}
RESULT: {"script":"<script> [1562 bytes]","args":[{"selector":{"controlType":"sap.m.Text","viewName":"etm.portal.ui.managerequests.view.Master","bindingPath":{"path":"/SmartManageRequests('20137')","propertyPath":"NO"}},"wdio_ui5_key":"etmportal.ui.managerequests.view.Mastersap.m.Text{\"path\":\"/SmartManageRequests('20137')\",\"propertyPath\":\"NO\"}"}]}
RESULT: undefined
COMMAND: POST /session/04aee939af97850adaa3733c1af52842/element - {"using":"xpath","value":"//*[@id=\"__text463-__clone168\"]"}
RESULT: {"using":"xpath","value":"//*[@id=\"__text463-__clone168\"]"}
COMMAND: POST /session/04aee939af97850adaa3733c1af52842/element/f.244B6B55DE4F2A8C3CFC86491C19658C.d.8D0D34224FEBE760FFF0F4FB34D67107.e.6692/click - {}
RESULT: {}
COMMAND: GET /session/04aee939af97850adaa3733c1af52842/screenshot - {}
RESULT: {}
COMMAND: POST /session/04aee939af97850adaa3733c1af52842/execute/async - {"script":"<script> [1562 bytes]","args":[{"selector":{"controlType":"sap.ui.core.Icon","viewName":"etm.portal.ui.managerequests.view.Detail","properties":{"src":{"regex":{"source":"slim\\-arrow\\-up"}}}},"wdio_ui5_key":"etmportal.ui.managerequests.view.Detailsap.ui.core.Icon{\"src\":{\"regex\":{\"source\":\"slim\\\\-arrow\\\\-up\"}}}"}]}
RESULT: {"script":"<script> [1562 bytes]","args":[{"selector":{"controlType":"sap.ui.core.Icon","viewName":"etm.portal.ui.managerequests.view.Detail","properties":{"src":{"regex":{"source":"slim\\-arrow\\-up"}}}},"wdio_ui5_key":"etmportal.ui.managerequests.view.Detailsap.ui.core.Icon{\"src\":{\"regex\":{\"source\":\"slim\\\\-arrow\\\\-up\"}}}"}]}
RESULT: undefined
COMMAND: POST /session/04aee939af97850adaa3733c1af52842/element - {"using":"xpath","value":"//*[@id=\"__xmlview62--detailRequestPage-OPHeaderContent-collapseBtn-img\"]"}
RESULT: {"using":"xpath","value":"//*[@id=\"__xmlview62--detailRequestPage-OPHeaderContent-collapseBtn-img\"]"}
COMMAND: POST /session/04aee939af97850adaa3733c1af52842/element/f.244B6B55DE4F2A8C3CFC86491C19658C.d.8D0D34224FEBE760FFF0F4FB34D67107.e.6843/click - {}
RESULT: {}
COMMAND: GET /session/04aee939af97850adaa3733c1af52842/screenshot - {}
RESULT: {}
COMMAND: POST /session/04aee939af97850adaa3733c1af52842/execute/async - {"script":"<script> [1562 bytes]","args":[{"selector":{"controlType":"sap.m.Text","viewName":"etm.portal.ui.managerequests.view.Detail","bindingPath":{"path":"/SmartRequestItemsPlanningBoard(ITEM=20m,REQUEST='20137')","propertyPath":"STATUS_DESC"}},"wdio_ui5_key":"etmportal.ui.managerequests.view.Detailsap.m.Text{\"path\":\"/SmartRequestItemsPlanningBoard(ITEM=20m,REQUEST='20137')\",\"propertyPath\":\"STATUS_DESC\"}"}]}
RESULT: {"script":"<script> [1562 bytes]","args":[{"selector":{"controlType":"sap.m.Text","viewName":"etm.portal.ui.managerequests.view.Detail","bindingPath":{"path":"/SmartRequestItemsPlanningBoard(ITEM=20m,REQUEST='20137')","propertyPath":"STATUS_DESC"}},"wdio_ui5_key":"etmportal.ui.managerequests.view.Detailsap.m.Text{\"path\":\"/SmartRequestItemsPlanningBoard(ITEM=20m,REQUEST='20137')\",\"propertyPath\":\"STATUS_DESC\"}"}]}
RESULT: undefined
COMMAND: POST /session/04aee939af97850adaa3733c1af52842/execute/async - {"script":"<script> [6424 bytes]","args":[{"element-6066-11e4-a52e-4f735466cecf":"f.244B6B55DE4F2A8C3CFC86491C19658C.d.8D0D34224FEBE760FFF0F4FB34D67107.e.6899"},"getText",[]]}
RESULT: {"script":"<script> [6424 bytes]","args":[{"element-6066-11e4-a52e-4f735466cecf":"f.244B6B55DE4F2A8C3CFC86491C19658C.d.8D0D34224FEBE760FFF0F4FB34D67107.e.6899"},"getText",[]]}
COMMAND: POST /session/04aee939af97850adaa3733c1af52842/element - {"using":"css selector","value":"#shell-header-logo"}
RESULT: {"using":"css selector","value":"#shell-header-logo"}
COMMAND: POST /session/04aee939af97850adaa3733c1af52842/element/f.244B6B55DE4F2A8C3CFC86491C19658C.d.8D0D34224FEBE760FFF0F4FB34D67107.e.6572/click - {}
RESULT: {}
COMMAND: GET /session/04aee939af97850adaa3733c1af52842/screenshot - {}
RESULT: {}
]]></system-out>
    </testcase>
  </testsuite>
  <testsuite timestamp="2025-05-16T18:07:44" time="235.882" tests="4" failures="0" errors="0" skipped="0">
    <properties>
      <property name="specId" value="0" />
      <property name="suiteName" value="Standard contract close-reopen US111278" />
      <property name="capabilities" value="chrome.136_0_7103_93.windows" />
      <property name="file" value="file:///D:/a/1/s/test/specs/R2C/standard-contract-close-reopen.spec.js" />
    </properties>
    <testcase classname="chrome.136_0_7103_93.windows.Standard_contract_close-reopen_US111278" name="Should create a new contract and add an item" time="135.224">
      <system-out><![CDATA[
COMMAND: POST /session/04aee939af97850adaa3733c1af52842/execute/async - {"script":"<script> [1562 bytes]","args":[{"selector":{"controlType":"sap.m.GenericTile","properties":{"header":"Manage Contracts"}},"wdio_ui5_key":"sapm.GenericTile{\"header\":\"Manage Contracts\"}"}]}
RESULT: {"script":"<script> [1562 bytes]","args":[{"selector":{"controlType":"sap.m.GenericTile","properties":{"header":"Manage Contracts"}},"wdio_ui5_key":"sapm.GenericTile{\"header\":\"Manage Contracts\"}"}]}
RESULT: undefined
COMMAND: POST /session/04aee939af97850adaa3733c1af52842/element - {"using":"xpath","value":"//*[@id=\"__tile133\"]"}
RESULT: {"using":"xpath","value":"//*[@id=\"__tile133\"]"}
COMMAND: POST /session/04aee939af97850adaa3733c1af52842/element/f.244B6B55DE4F2A8C3CFC86491C19658C.d.8D0D34224FEBE760FFF0F4FB34D67107.e.6904/click - {}
RESULT: {}
COMMAND: GET /session/04aee939af97850adaa3733c1af52842/screenshot - {}
RESULT: {}
COMMAND: POST /session/04aee939af97850adaa3733c1af52842/elements - {"using":"xpath","value":"//span[text()='Error']"}
RESULT: {"using":"xpath","value":"//span[text()='Error']"}
COMMAND: POST /session/04aee939af97850adaa3733c1af52842/element - {"using":"xpath","value":"//button[@data-kt=\"addButton\"]"}
RESULT: {"using":"xpath","value":"//button[@data-kt=\"addButton\"]"}
COMMAND: POST /session/04aee939af97850adaa3733c1af52842/element/f.244B6B55DE4F2A8C3CFC86491C19658C.d.8D0D34224FEBE760FFF0F4FB34D67107.e.6952/click - {}
RESULT: {}
COMMAND: GET /session/04aee939af97850adaa3733c1af52842/screenshot - {}
RESULT: {}
COMMAND: POST /session/04aee939af97850adaa3733c1af52842/execute/async - {"script":"<script> [1562 bytes]","args":[{"selector":{"id":"application-managecontracts-display-component---AddNewContract--projectDescription","interaction":{"idSuffix":"inner"}},"wdio_ui5_key":"applicationmanagecontracts-display-component---AddNewContract--projectDescription"}]}
RESULT: {"script":"<script> [1562 bytes]","args":[{"selector":{"id":"application-managecontracts-display-component---AddNewContract--projectDescription","interaction":{"idSuffix":"inner"}},"wdio_ui5_key":"applicationmanagecontracts-display-component---AddNewContract--projectDescription"}]}
RESULT: undefined
COMMAND: POST /session/04aee939af97850adaa3733c1af52842/execute/async - {"script":"<script> [776 bytes]","args":[{"enterText":"WdIOR2c67jqc","selector":{"id":"application-managecontracts-display-component---AddNewContract--projectDescription","interaction":{"idSuffix":"inner"}},"clearTextFirst":true,"interactionType":"ENTER_TEXT"}]}
RESULT: {"script":"<script> [776 bytes]","args":[{"enterText":"WdIOR2c67jqc","selector":{"id":"application-managecontracts-display-component---AddNewContract--projectDescription","interaction":{"idSuffix":"inner"}},"clearTextFirst":true,"interactionType":"ENTER_TEXT"}]}
COMMAND: POST /session/04aee939af97850adaa3733c1af52842/element - {"using":"xpath","value":"//input[@id=\"application-managecontracts-display-component---AddNewContract--yardId-inner\"]"}
RESULT: {"using":"xpath","value":"//input[@id=\"application-managecontracts-display-component---AddNewContract--yardId-inner\"]"}
COMMAND: POST /session/04aee939af97850adaa3733c1af52842/element/f.244B6B55DE4F2A8C3CFC86491C19658C.d.8D0D34224FEBE760FFF0F4FB34D67107.e.7259/clear - {}
RESULT: {}
COMMAND: POST /session/04aee939af97850adaa3733c1af52842/element/f.244B6B55DE4F2A8C3CFC86491C19658C.d.8D0D34224FEBE760FFF0F4FB34D67107.e.7259/value - {"text":"WebdriverYardf6lo1"}
COMMAND: GET /session/04aee939af97850adaa3733c1af52842/screenshot - {}
RESULT: {"text":"WebdriverYardf6lo1"}
COMMAND: GET /session/04aee939af97850adaa3733c1af52842/screenshot - {}
RESULT: {}
RESULT: {}
COMMAND: POST /session/04aee939af97850adaa3733c1af52842/actions - {"actions":[{"id":"action34","type":"key","parameters":{},"actions":[{"type":"keyDown","value":"î€‡"},{"type":"pause","duration":10},{"type":"keyUp","value":"î€‡"}]}]}
RESULT: {"actions":[{"id":"action34","type":"key","parameters":{},"actions":[{"type":"keyDown","value":"î€‡"},{"type":"pause","duration":10},{"type":"keyUp","value":"î€‡"}]}]}
COMMAND: GET /session/04aee939af97850adaa3733c1af52842/screenshot - {}
RESULT: {}
COMMAND: POST /session/04aee939af97850adaa3733c1af52842/element - {"using":"xpath","value":"//input[@id=\"application-managecontracts-display-component---AddNewContract--customerSelect-inner\"]"}
RESULT: {"using":"xpath","value":"//input[@id=\"application-managecontracts-display-component---AddNewContract--customerSelect-inner\"]"}
COMMAND: POST /session/04aee939af97850adaa3733c1af52842/element/f.244B6B55DE4F2A8C3CFC86491C19658C.d.8D0D34224FEBE760FFF0F4FB34D67107.e.7257/clear - {}
RESULT: {}
COMMAND: POST /session/04aee939af97850adaa3733c1af52842/element/f.244B6B55DE4F2A8C3CFC86491C19658C.d.8D0D34224FEBE760FFF0F4FB34D67107.e.7257/value - {"text":"WebdriverPartnerd2m4xi"}
COMMAND: GET /session/04aee939af97850adaa3733c1af52842/screenshot - {}
RESULT: {"text":"WebdriverPartnerd2m4xi"}
COMMAND: GET /session/04aee939af97850adaa3733c1af52842/screenshot - {}
RESULT: {}
RESULT: {}
COMMAND: POST /session/04aee939af97850adaa3733c1af52842/actions - {"actions":[{"id":"action35","type":"key","parameters":{},"actions":[{"type":"keyDown","value":"î€‡"},{"type":"pause","duration":10},{"type":"keyUp","value":"î€‡"}]}]}
RESULT: {"actions":[{"id":"action35","type":"key","parameters":{},"actions":[{"type":"keyDown","value":"î€‡"},{"type":"pause","duration":10},{"type":"keyUp","value":"î€‡"}]}]}
COMMAND: GET /session/04aee939af97850adaa3733c1af52842/screenshot - {}
RESULT: {}
COMMAND: POST /session/04aee939af97850adaa3733c1af52842/element - {"using":"xpath","value":"//input[@id=\"application-managecontracts-display-component---AddNewContract--site-inner\"]"}
RESULT: {"using":"xpath","value":"//input[@id=\"application-managecontracts-display-component---AddNewContract--site-inner\"]"}
COMMAND: POST /session/04aee939af97850adaa3733c1af52842/element/f.244B6B55DE4F2A8C3CFC86491C19658C.d.8D0D34224FEBE760FFF0F4FB34D67107.e.7258/clear - {}
RESULT: {}
COMMAND: POST /session/04aee939af97850adaa3733c1af52842/element/f.244B6B55DE4F2A8C3CFC86491C19658C.d.8D0D34224FEBE760FFF0F4FB34D67107.e.7258/value - {"text":"WebdriverSited2samg"}
COMMAND: GET /session/04aee939af97850adaa3733c1af52842/screenshot - {}
RESULT: {"text":"WebdriverSited2samg"}
COMMAND: GET /session/04aee939af97850adaa3733c1af52842/screenshot - {}
RESULT: {}
RESULT: {}
COMMAND: POST /session/04aee939af97850adaa3733c1af52842/actions - {"actions":[{"id":"action36","type":"key","parameters":{},"actions":[{"type":"keyDown","value":"î€‡"},{"type":"pause","duration":10},{"type":"keyUp","value":"î€‡"}]}]}
RESULT: {"actions":[{"id":"action36","type":"key","parameters":{},"actions":[{"type":"keyDown","value":"î€‡"},{"type":"pause","duration":10},{"type":"keyUp","value":"î€‡"}]}]}
COMMAND: GET /session/04aee939af97850adaa3733c1af52842/screenshot - {}
RESULT: {}
COMMAND: POST /session/04aee939af97850adaa3733c1af52842/element - {"using":"xpath","value":"//button[@data-kt=\"saveButton\"]"}
RESULT: {"using":"xpath","value":"//button[@data-kt=\"saveButton\"]"}
COMMAND: POST /session/04aee939af97850adaa3733c1af52842/element/f.244B6B55DE4F2A8C3CFC86491C19658C.d.8D0D34224FEBE760FFF0F4FB34D67107.e.7291/click - {}
RESULT: {}
COMMAND: GET /session/04aee939af97850adaa3733c1af52842/screenshot - {}
RESULT: {}
COMMAND: POST /session/04aee939af97850adaa3733c1af52842/execute/async - {"script":"<script> [1562 bytes]","args":[{"selector":{"id":"contractDetailTitleNoExpanded","viewName":"etm.portal.ui.managecontracts.view.Detail"},"wdio_ui5_key":"contractDetailTitleNoExpandedetmportal.ui.managecontracts.view.Detail"}]}
RESULT: {"script":"<script> [1562 bytes]","args":[{"selector":{"id":"contractDetailTitleNoExpanded","viewName":"etm.portal.ui.managecontracts.view.Detail"},"wdio_ui5_key":"contractDetailTitleNoExpandedetmportal.ui.managecontracts.view.Detail"}]}
RESULT: undefined
COMMAND: POST /session/04aee939af97850adaa3733c1af52842/execute/async - {"script":"<script> [6424 bytes]","args":[{"element-6066-11e4-a52e-4f735466cecf":"f.244B6B55DE4F2A8C3CFC86491C19658C.d.8D0D34224FEBE760FFF0F4FB34D67107.e.7300"},"getText",[]]}
RESULT: {"script":"<script> [6424 bytes]","args":[{"element-6066-11e4-a52e-4f735466cecf":"f.244B6B55DE4F2A8C3CFC86491C19658C.d.8D0D34224FEBE760FFF0F4FB34D67107.e.7300"},"getText",[]]}
COMMAND: POST /session/04aee939af97850adaa3733c1af52842/execute/async - {"script":"<script> [1562 bytes]","args":[{"selector":{"id":"closeContractBtn","viewName":"etm.portal.ui.managecontracts.view.Detail"},"wdio_ui5_key":"closeContractBtnetmportal.ui.managecontracts.view.Detail"}]}
RESULT: {"script":"<script> [1562 bytes]","args":[{"selector":{"id":"closeContractBtn","viewName":"etm.portal.ui.managecontracts.view.Detail"},"wdio_ui5_key":"closeContractBtnetmportal.ui.managecontracts.view.Detail"}]}
RESULT: undefined
COMMAND: POST /session/04aee939af97850adaa3733c1af52842/execute/async - {"script":"<script> [6424 bytes]","args":[{"element-6066-11e4-a52e-4f735466cecf":"f.244B6B55DE4F2A8C3CFC86491C19658C.d.8D0D34224FEBE760FFF0F4FB34D67107.e.7301"},"getEnabled",[]]}
RESULT: {"script":"<script> [6424 bytes]","args":[{"element-6066-11e4-a52e-4f735466cecf":"f.244B6B55DE4F2A8C3CFC86491C19658C.d.8D0D34224FEBE760FFF0F4FB34D67107.e.7301"},"getEnabled",[]]}
COMMAND: POST /session/04aee939af97850adaa3733c1af52842/element - {"using":"xpath","value":"//button[@data-kt=\"contractDetailEditBtnButton\"]"}
RESULT: {"using":"xpath","value":"//button[@data-kt=\"contractDetailEditBtnButton\"]"}
COMMAND: POST /session/04aee939af97850adaa3733c1af52842/element/f.244B6B55DE4F2A8C3CFC86491C19658C.d.8D0D34224FEBE760FFF0F4FB34D67107.e.7302/click - {}
RESULT: {}
COMMAND: GET /session/04aee939af97850adaa3733c1af52842/screenshot - {}
RESULT: {}
COMMAND: POST /session/04aee939af97850adaa3733c1af52842/element - {"using":"xpath","value":"(//span[contains(text(), \"Additional Addresses\")])[2]"}
RESULT: {"using":"xpath","value":"(//span[contains(text(), \"Additional Addresses\")])[2]"}
COMMAND: POST /session/04aee939af97850adaa3733c1af52842/element/f.244B6B55DE4F2A8C3CFC86491C19658C.d.8D0D34224FEBE760FFF0F4FB34D67107.e.7361/click - {}
RESULT: {}
COMMAND: GET /session/04aee939af97850adaa3733c1af52842/screenshot - {}
RESULT: {}
COMMAND: POST /session/04aee939af97850adaa3733c1af52842/element - {"using":"xpath","value":"//button[@data-kt=\"btnAddTableRowOverflowToolbarButton\"]"}
RESULT: {"using":"xpath","value":"//button[@data-kt=\"btnAddTableRowOverflowToolbarButton\"]"}
COMMAND: POST /session/04aee939af97850adaa3733c1af52842/element/f.244B6B55DE4F2A8C3CFC86491C19658C.d.8D0D34224FEBE760FFF0F4FB34D67107.e.7363/click - {}
RESULT: {}
COMMAND: GET /session/04aee939af97850adaa3733c1af52842/screenshot - {}
RESULT: {}
COMMAND: POST /session/04aee939af97850adaa3733c1af52842/element - {"using":"xpath","value":"//div[(text() = 'Standard Entry' or . = 'Standard Entry')]"}
RESULT: {"using":"xpath","value":"//div[(text() = 'Standard Entry' or . = 'Standard Entry')]"}
COMMAND: POST /session/04aee939af97850adaa3733c1af52842/element/f.244B6B55DE4F2A8C3CFC86491C19658C.d.8D0D34224FEBE760FFF0F4FB34D67107.e.7365/click - {}
RESULT: {}
COMMAND: POST /session/04aee939af97850adaa3733c1af52842/element - {"using":"xpath","value":"//td[6]/div/div/input[1]"}
COMMAND: GET /session/04aee939af97850adaa3733c1af52842/screenshot - {}
RESULT: {"using":"xpath","value":"//td[6]/div/div/input[1]"}
COMMAND: POST /session/04aee939af97850adaa3733c1af52842/element/f.244B6B55DE4F2A8C3CFC86491C19658C.d.8D0D34224FEBE760FFF0F4FB34D67107.e.7367/click - {}
RESULT: {}
RESULT: {}
COMMAND: POST /session/04aee939af97850adaa3733c1af52842/actions - {"actions":[{"id":"action37","type":"key","parameters":{},"actions":[{"type":"keyDown","value":"î€ƒ"},{"type":"pause","duration":10},{"type":"keyUp","value":"î€ƒ"}]}]}
COMMAND: GET /session/04aee939af97850adaa3733c1af52842/screenshot - {}
RESULT: {"actions":[{"id":"action37","type":"key","parameters":{},"actions":[{"type":"keyDown","value":"î€ƒ"},{"type":"pause","duration":10},{"type":"keyUp","value":"î€ƒ"}]}]}
COMMAND: POST /session/04aee939af97850adaa3733c1af52842/element - {"using":"xpath","value":"//td[6]/div/div/input[1]"}
COMMAND: GET /session/04aee939af97850adaa3733c1af52842/screenshot - {}
RESULT: {}
RESULT: {"using":"xpath","value":"//td[6]/div/div/input[1]"}
COMMAND: POST /session/04aee939af97850adaa3733c1af52842/element/f.244B6B55DE4F2A8C3CFC86491C19658C.d.8D0D34224FEBE760FFF0F4FB34D67107.e.7367/clear - {}
RESULT: {}
RESULT: {}
COMMAND: POST /session/04aee939af97850adaa3733c1af52842/element/f.244B6B55DE4F2A8C3CFC86491C19658C.d.8D0D34224FEBE760FFF0F4FB34D67107.e.7367/value - {"text":"Material"}
COMMAND: GET /session/04aee939af97850adaa3733c1af52842/screenshot - {}
RESULT: {"text":"Material"}
COMMAND: GET /session/04aee939af97850adaa3733c1af52842/screenshot - {}
RESULT: {}
RESULT: {}
COMMAND: POST /session/04aee939af97850adaa3733c1af52842/actions - {"actions":[{"id":"action38","type":"key","parameters":{},"actions":[{"type":"keyDown","value":"î€‡"},{"type":"pause","duration":10},{"type":"keyUp","value":"î€‡"}]}]}
RESULT: {"actions":[{"id":"action38","type":"key","parameters":{},"actions":[{"type":"keyDown","value":"î€‡"},{"type":"pause","duration":10},{"type":"keyUp","value":"î€‡"}]}]}
COMMAND: GET /session/04aee939af97850adaa3733c1af52842/screenshot - {}
RESULT: {}
COMMAND: POST /session/04aee939af97850adaa3733c1af52842/actions - {"actions":[{"id":"action39","type":"key","parameters":{},"actions":[{"type":"keyDown","value":"î€‡"},{"type":"pause","duration":10},{"type":"keyUp","value":"î€‡"}]}]}
RESULT: {"actions":[{"id":"action39","type":"key","parameters":{},"actions":[{"type":"keyDown","value":"î€‡"},{"type":"pause","duration":10},{"type":"keyUp","value":"î€‡"}]}]}
COMMAND: POST /session/04aee939af97850adaa3733c1af52842/element - {"using":"xpath","value":"//td[7]/div/div/input"}
COMMAND: GET /session/04aee939af97850adaa3733c1af52842/screenshot - {}
RESULT: {"using":"xpath","value":"//td[7]/div/div/input"}
COMMAND: POST /session/04aee939af97850adaa3733c1af52842/element/f.244B6B55DE4F2A8C3CFC86491C19658C.d.8D0D34224FEBE760FFF0F4FB34D67107.e.7380/clear - {}
RESULT: {}
RESULT: {}
COMMAND: POST /session/04aee939af97850adaa3733c1af52842/element/f.244B6B55DE4F2A8C3CFC86491C19658C.d.8D0D34224FEBE760FFF0F4FB34D67107.e.7380/value - {"text":"WebdriverRUR2Ckxoi1"}
COMMAND: GET /session/04aee939af97850adaa3733c1af52842/screenshot - {}
RESULT: {"text":"WebdriverRUR2Ckxoi1"}
COMMAND: GET /session/04aee939af97850adaa3733c1af52842/screenshot - {}
RESULT: {}
RESULT: {}
COMMAND: POST /session/04aee939af97850adaa3733c1af52842/actions - {"actions":[{"id":"action40","type":"key","parameters":{},"actions":[{"type":"keyDown","value":"î€‡"},{"type":"pause","duration":10},{"type":"keyUp","value":"î€‡"}]}]}
RESULT: {"actions":[{"id":"action40","type":"key","parameters":{},"actions":[{"type":"keyDown","value":"î€‡"},{"type":"pause","duration":10},{"type":"keyUp","value":"î€‡"}]}]}
COMMAND: GET /session/04aee939af97850adaa3733c1af52842/screenshot - {}
RESULT: {}
COMMAND: POST /session/04aee939af97850adaa3733c1af52842/actions - {"actions":[{"id":"action41","type":"key","parameters":{},"actions":[{"type":"keyDown","value":"î€‡"},{"type":"pause","duration":10},{"type":"keyUp","value":"î€‡"}]}]}
RESULT: {"actions":[{"id":"action41","type":"key","parameters":{},"actions":[{"type":"keyDown","value":"î€‡"},{"type":"pause","duration":10},{"type":"keyUp","value":"î€‡"}]}]}
COMMAND: GET /session/04aee939af97850adaa3733c1af52842/screenshot - {}
RESULT: {}
COMMAND: POST /session/04aee939af97850adaa3733c1af52842/element - {"using":"xpath","value":"(//button[@data-kt=\"saveButton\"])[2]"}
RESULT: {"using":"xpath","value":"(//button[@data-kt=\"saveButton\"])[2]"}
COMMAND: POST /session/04aee939af97850adaa3733c1af52842/element/f.244B6B55DE4F2A8C3CFC86491C19658C.d.8D0D34224FEBE760FFF0F4FB34D67107.e.7406/click - {}
RESULT: {}
COMMAND: GET /session/04aee939af97850adaa3733c1af52842/screenshot - {}
RESULT: {}
]]></system-out>
    </testcase>
    <testcase classname="chrome.136_0_7103_93.windows.Standard_contract_close-reopen_US111278" name="It should close the contract" time="20.943">
      <system-out><![CDATA[
RESULT: undefined
COMMAND: POST /session/04aee939af97850adaa3733c1af52842/element - {"using":"xpath","value":"//*[@id=\"__xmlview64--closeContractBtn\"]"}
RESULT: {"using":"xpath","value":"//*[@id=\"__xmlview64--closeContractBtn\"]"}
COMMAND: POST /session/04aee939af97850adaa3733c1af52842/element/f.244B6B55DE4F2A8C3CFC86491C19658C.d.8D0D34224FEBE760FFF0F4FB34D67107.e.7301/click - {}
RESULT: {}
COMMAND: GET /session/04aee939af97850adaa3733c1af52842/screenshot - {}
RESULT: {}
COMMAND: POST /session/04aee939af97850adaa3733c1af52842/element - {"using":"xpath","value":"//span[contains(text(), \"Do you want to close the whole contract?\")]"}
RESULT: {"using":"xpath","value":"//span[contains(text(), \"Do you want to close the whole contract?\")]"}
COMMAND: POST /session/04aee939af97850adaa3733c1af52842/execute/sync - {"script":"<script> [8489 bytes]","args":[{"element-6066-11e4-a52e-4f735466cecf":"f.244B6B55DE4F2A8C3CFC86491C19658C.d.8D0D34224FEBE760FFF0F4FB34D67107.e.7410","ELEMENT":"f.244B6B55DE4F2A8C3CFC86491C19658C.d.8D0D34224FEBE760FFF0F4FB34D67107.e.7410"}]}
RESULT: {"script":"<script> [8489 bytes]","args":[{"element-6066-11e4-a52e-4f735466cecf":"f.244B6B55DE4F2A8C3CFC86491C19658C.d.8D0D34224FEBE760FFF0F4FB34D67107.e.7410","ELEMENT":"f.244B6B55DE4F2A8C3CFC86491C19658C.d.8D0D34224FEBE760FFF0F4FB34D67107.e.7410"}]}
COMMAND: POST /session/04aee939af97850adaa3733c1af52842/element - {"using":"xpath","value":"//bdi[contains(text(), \"OK\")]"}
COMMAND: GET /session/04aee939af97850adaa3733c1af52842/screenshot - {}
RESULT: {"using":"xpath","value":"//bdi[contains(text(), \"OK\")]"}
COMMAND: POST /session/04aee939af97850adaa3733c1af52842/element/f.244B6B55DE4F2A8C3CFC86491C19658C.d.8D0D34224FEBE760FFF0F4FB34D67107.e.7411/click - {}
RESULT: {}
RESULT: {}
COMMAND: GET /session/04aee939af97850adaa3733c1af52842/screenshot - {}
RESULT: {}
COMMAND: POST /session/04aee939af97850adaa3733c1af52842/element - {"using":"xpath","value":"//input[contains(@id ,\"smartContractFilterBar-btnBasicSearch-I\")]"}
RESULT: {"using":"xpath","value":"//input[contains(@id ,\"smartContractFilterBar-btnBasicSearch-I\")]"}
COMMAND: POST /session/04aee939af97850adaa3733c1af52842/element/f.244B6B55DE4F2A8C3CFC86491C19658C.d.8D0D34224FEBE760FFF0F4FB34D67107.e.6916/clear - {}
RESULT: {}
COMMAND: POST /session/04aee939af97850adaa3733c1af52842/element/f.244B6B55DE4F2A8C3CFC86491C19658C.d.8D0D34224FEBE760FFF0F4FB34D67107.e.6916/value - {"text":"10319"}
COMMAND: GET /session/04aee939af97850adaa3733c1af52842/screenshot - {}
RESULT: {"text":"10319"}
COMMAND: POST /session/04aee939af97850adaa3733c1af52842/actions - {"actions":[{"id":"action42","type":"key","parameters":{},"actions":[{"type":"keyDown","value":"î€‡"},{"type":"pause","duration":10},{"type":"keyUp","value":"î€‡"}]}]}
COMMAND: GET /session/04aee939af97850adaa3733c1af52842/screenshot - {}
RESULT: {}
RESULT: {"actions":[{"id":"action42","type":"key","parameters":{},"actions":[{"type":"keyDown","value":"î€‡"},{"type":"pause","duration":10},{"type":"keyUp","value":"î€‡"}]}]}
COMMAND: GET /session/04aee939af97850adaa3733c1af52842/screenshot - {}
RESULT: {}
RESULT: {}
COMMAND: POST /session/04aee939af97850adaa3733c1af52842/execute/async - {"script":"<script> [1562 bytes]","args":[{"selector":{"controlType":"sap.ui.core.Icon","viewName":"etm.portal.ui.managecontracts.view.Master","properties":{"src":{"regex":{"source":"slim\\-arrow\\-right"}}}},"wdio_ui5_key":"etmportal.ui.managecontracts.view.Mastersap.ui.core.Icon{\"src\":{\"regex\":{\"source\":\"slim\\\\-arrow\\\\-right\"}}}"}]}
RESULT: {"script":"<script> [1562 bytes]","args":[{"selector":{"controlType":"sap.ui.core.Icon","viewName":"etm.portal.ui.managecontracts.view.Master","properties":{"src":{"regex":{"source":"slim\\-arrow\\-right"}}}},"wdio_ui5_key":"etmportal.ui.managecontracts.view.Mastersap.ui.core.Icon{\"src\":{\"regex\":{\"source\":\"slim\\\\-arrow\\\\-right\"}}}"}]}
RESULT: undefined
COMMAND: POST /session/04aee939af97850adaa3733c1af52842/element - {"using":"xpath","value":"//*[@id=\"__item126-__clone4676-imgNav\"]"}
RESULT: {"using":"xpath","value":"//*[@id=\"__item126-__clone4676-imgNav\"]"}
COMMAND: POST /session/04aee939af97850adaa3733c1af52842/element/f.244B6B55DE4F2A8C3CFC86491C19658C.d.8D0D34224FEBE760FFF0F4FB34D67107.e.7614/click - {}
RESULT: {}
COMMAND: POST /session/04aee939af97850adaa3733c1af52842/execute/async - {"script":"<script> [1562 bytes]","args":[{"selector":{"controlType":"sap.m.ObjectStatus","viewName":"etm.portal.ui.managecontracts.view.Detail","bindingPath":{"propertyPath":"LINK_TO_LOGISTICAL_STATUS/DESCRIPTION","modelName":"catalogModel"}},"wdio_ui5_key":"etmportal.ui.managecontracts.view.Detailsap.m.ObjectStatus{\"propertyPath\":\"LINK_TO_LOGISTICAL_STATUS/DESCRIPTION\",\"modelName\":\"catalogModel\"}"}]}
COMMAND: GET /session/04aee939af97850adaa3733c1af52842/screenshot - {}
RESULT: {"script":"<script> [1562 bytes]","args":[{"selector":{"controlType":"sap.m.ObjectStatus","viewName":"etm.portal.ui.managecontracts.view.Detail","bindingPath":{"propertyPath":"LINK_TO_LOGISTICAL_STATUS/DESCRIPTION","modelName":"catalogModel"}},"wdio_ui5_key":"etmportal.ui.managecontracts.view.Detailsap.m.ObjectStatus{\"propertyPath\":\"LINK_TO_LOGISTICAL_STATUS/DESCRIPTION\",\"modelName\":\"catalogModel\"}"}]}
RESULT: undefined
COMMAND: POST /session/04aee939af97850adaa3733c1af52842/execute/async - {"script":"<script> [6424 bytes]","args":[{"element-6066-11e4-a52e-4f735466cecf":"f.244B6B55DE4F2A8C3CFC86491C19658C.d.8D0D34224FEBE760FFF0F4FB34D67107.e.7656"},"getText",[]]}
RESULT: {}
RESULT: {"script":"<script> [6424 bytes]","args":[{"element-6066-11e4-a52e-4f735466cecf":"f.244B6B55DE4F2A8C3CFC86491C19658C.d.8D0D34224FEBE760FFF0F4FB34D67107.e.7656"},"getText",[]]}
]]></system-out>
    </testcase>
    <testcase classname="chrome.136_0_7103_93.windows.Standard_contract_close-reopen_US111278" name="Should reopen the contract" time="10.044">
      <system-out><![CDATA[
COMMAND: POST /session/04aee939af97850adaa3733c1af52842/execute/async - {"script":"<script> [1562 bytes]","args":[{"selector":{"id":"openContractBtn","viewName":"etm.portal.ui.managecontracts.view.Detail"},"wdio_ui5_key":"openContractBtnetmportal.ui.managecontracts.view.Detail"}]}
RESULT: {"script":"<script> [1562 bytes]","args":[{"selector":{"id":"openContractBtn","viewName":"etm.portal.ui.managecontracts.view.Detail"},"wdio_ui5_key":"openContractBtnetmportal.ui.managecontracts.view.Detail"}]}
RESULT: undefined
COMMAND: POST /session/04aee939af97850adaa3733c1af52842/execute/async - {"script":"<script> [6424 bytes]","args":[{"element-6066-11e4-a52e-4f735466cecf":"f.244B6B55DE4F2A8C3CFC86491C19658C.d.8D0D34224FEBE760FFF0F4FB34D67107.e.7634"},"getEnabled",[]]}
RESULT: {"script":"<script> [6424 bytes]","args":[{"element-6066-11e4-a52e-4f735466cecf":"f.244B6B55DE4F2A8C3CFC86491C19658C.d.8D0D34224FEBE760FFF0F4FB34D67107.e.7634"},"getEnabled",[]]}
COMMAND: POST /session/04aee939af97850adaa3733c1af52842/element - {"using":"xpath","value":"//bdi[contains(text(), \"Edit\")]"}
RESULT: {"using":"xpath","value":"//bdi[contains(text(), \"Edit\")]"}
COMMAND: POST /session/04aee939af97850adaa3733c1af52842/element - {"using":"xpath","value":"//bdi[contains(text(), \"Edit\")]"}
RESULT: undefined
COMMAND: POST /session/04aee939af97850adaa3733c1af52842/element - {"using":"xpath","value":"//*[@id=\"__xmlview64--openContractBtn\"]"}
RESULT: {"using":"xpath","value":"//bdi[contains(text(), \"Edit\")]"}
RESULT: {"using":"xpath","value":"//*[@id=\"__xmlview64--openContractBtn\"]"}
COMMAND: POST /session/04aee939af97850adaa3733c1af52842/element/f.244B6B55DE4F2A8C3CFC86491C19658C.d.8D0D34224FEBE760FFF0F4FB34D67107.e.7634/click - {}
RESULT: {}
COMMAND: POST /session/04aee939af97850adaa3733c1af52842/execute/async - {"script":"<script> [1562 bytes]","args":[{"selector":{"controlType":"sap.m.Text","properties":{"text":"Contract has been reopened successfully"},"searchOpenDialogs":true},"wdio_ui5_key":"sapm.Text{\"text\":\"Contract has been reopened successfully\"}"}]}
COMMAND: GET /session/04aee939af97850adaa3733c1af52842/screenshot - {}
RESULT: {"script":"<script> [1562 bytes]","args":[{"selector":{"controlType":"sap.m.Text","properties":{"text":"Contract has been reopened successfully"},"searchOpenDialogs":true},"wdio_ui5_key":"sapm.Text{\"text\":\"Contract has been reopened successfully\"}"}]}
RESULT: undefined
COMMAND: POST /session/04aee939af97850adaa3733c1af52842/execute/async - {"script":"<script> [6424 bytes]","args":[{"element-6066-11e4-a52e-4f735466cecf":"f.244B6B55DE4F2A8C3CFC86491C19658C.d.8D0D34224FEBE760FFF0F4FB34D67107.e.7659"},"getText",[]]}
RESULT: {}
RESULT: {"script":"<script> [6424 bytes]","args":[{"element-6066-11e4-a52e-4f735466cecf":"f.244B6B55DE4F2A8C3CFC86491C19658C.d.8D0D34224FEBE760FFF0F4FB34D67107.e.7659"},"getText",[]]}
COMMAND: POST /session/04aee939af97850adaa3733c1af52842/element - {"using":"xpath","value":"//bdi[contains(text(), \"OK\")]"}
RESULT: {"using":"xpath","value":"//bdi[contains(text(), \"OK\")]"}
COMMAND: POST /session/04aee939af97850adaa3733c1af52842/element/f.244B6B55DE4F2A8C3CFC86491C19658C.d.8D0D34224FEBE760FFF0F4FB34D67107.e.7660/click - {}
RESULT: {}
COMMAND: GET /session/04aee939af97850adaa3733c1af52842/screenshot - {}
RESULT: {}
COMMAND: POST /session/04aee939af97850adaa3733c1af52842/element - {"using":"xpath","value":"//bdi[contains(text(), \"Edit\")]"}
RESULT: undefined
COMMAND: POST /session/04aee939af97850adaa3733c1af52842/execute/async - {"script":"<script> [6424 bytes]","args":[{"element-6066-11e4-a52e-4f735466cecf":"f.244B6B55DE4F2A8C3CFC86491C19658C.d.8D0D34224FEBE760FFF0F4FB34D67107.e.7301"},"getEnabled",[]]}
RESULT: {"using":"xpath","value":"//bdi[contains(text(), \"Edit\")]"}
COMMAND: POST /session/04aee939af97850adaa3733c1af52842/execute/sync - {"script":"<script> [8489 bytes]","args":[{"element-6066-11e4-a52e-4f735466cecf":"f.244B6B55DE4F2A8C3CFC86491C19658C.d.8D0D34224FEBE760FFF0F4FB34D67107.e.7661","ELEMENT":"f.244B6B55DE4F2A8C3CFC86491C19658C.d.8D0D34224FEBE760FFF0F4FB34D67107.e.7661"}]}
COMMAND: POST /session/04aee939af97850adaa3733c1af52842/execute/async - {"script":"<script> [1562 bytes]","args":[{"selector":{"id":"closeContractBtn","viewName":"etm.portal.ui.managecontracts.view.Detail"},"wdio_ui5_key":"closeContractBtnetmportal.ui.managecontracts.view.Detail"}]}
RESULT: {"script":"<script> [8489 bytes]","args":[{"element-6066-11e4-a52e-4f735466cecf":"f.244B6B55DE4F2A8C3CFC86491C19658C.d.8D0D34224FEBE760FFF0F4FB34D67107.e.7661","ELEMENT":"f.244B6B55DE4F2A8C3CFC86491C19658C.d.8D0D34224FEBE760FFF0F4FB34D67107.e.7661"}]}
COMMAND: GET /session/04aee939af97850adaa3733c1af52842/screenshot - {}
RESULT: {"script":"<script> [1562 bytes]","args":[{"selector":{"id":"closeContractBtn","viewName":"etm.portal.ui.managecontracts.view.Detail"},"wdio_ui5_key":"closeContractBtnetmportal.ui.managecontracts.view.Detail"}]}
COMMAND: POST /session/04aee939af97850adaa3733c1af52842/execute/async - {"script":"<script> [6424 bytes]","args":[{"element-6066-11e4-a52e-4f735466cecf":"f.244B6B55DE4F2A8C3CFC86491C19658C.d.8D0D34224FEBE760FFF0F4FB34D67107.e.7662"},"getEnabled",[]]}
RESULT: {}
RESULT: {"script":"<script> [6424 bytes]","args":[{"element-6066-11e4-a52e-4f735466cecf":"f.244B6B55DE4F2A8C3CFC86491C19658C.d.8D0D34224FEBE760FFF0F4FB34D67107.e.7662"},"getEnabled",[]]}
]]></system-out>
    </testcase>
    <testcase classname="chrome.136_0_7103_93.windows.Standard_contract_close-reopen_US111278" name="Should verify for multiple statuses that open button is not visible" time="66.022">
      <system-out><![CDATA[
COMMAND: POST /session/04aee939af97850adaa3733c1af52842/execute/async - {"script":"<script> [1562 bytes]","args":[{"selector":{"controlType":"sap.ui.core.Icon","viewName":"etm.portal.ui.managecontracts.view.Detail","properties":{"src":{"regex":{"source":"decline"}}}},"wdio_ui5_key":"etmportal.ui.managecontracts.view.Detailsap.ui.core.Icon{\"src\":{\"regex\":{\"source\":\"decline\"}}}"}]}
RESULT: {"script":"<script> [1562 bytes]","args":[{"selector":{"controlType":"sap.ui.core.Icon","viewName":"etm.portal.ui.managecontracts.view.Detail","properties":{"src":{"regex":{"source":"decline"}}}},"wdio_ui5_key":"etmportal.ui.managecontracts.view.Detailsap.ui.core.Icon{\"src\":{\"regex\":{\"source\":\"decline\"}}}"}]}
RESULT: undefined
COMMAND: POST /session/04aee939af97850adaa3733c1af52842/element - {"using":"xpath","value":"//*[@id=\"__xmlview64--closeColumnBtn-img\"]"}
RESULT: {"using":"xpath","value":"//*[@id=\"__xmlview64--closeColumnBtn-img\"]"}
COMMAND: POST /session/04aee939af97850adaa3733c1af52842/element/f.244B6B55DE4F2A8C3CFC86491C19658C.d.8D0D34224FEBE760FFF0F4FB34D67107.e.7632/click - {}
RESULT: {}
COMMAND: GET /session/04aee939af97850adaa3733c1af52842/screenshot - {}
COMMAND: POST /session/04aee939af97850adaa3733c1af52842/element - {"using":"xpath","value":"//div[contains(@id ,\"smartContractFilterBar-btnBasicSearch-reset\")]"}
RESULT: {}
RESULT: {"using":"xpath","value":"//div[contains(@id ,\"smartContractFilterBar-btnBasicSearch-reset\")]"}
COMMAND: POST /session/04aee939af97850adaa3733c1af52842/element/f.244B6B55DE4F2A8C3CFC86491C19658C.d.8D0D34224FEBE760FFF0F4FB34D67107.e.7635/click - {}
RESULT: {}
COMMAND: GET /session/04aee939af97850adaa3733c1af52842/screenshot - {}
COMMAND: POST /session/04aee939af97850adaa3733c1af52842/execute/async - {"script":"<script> [1562 bytes]","args":[{"selector":{"controlType":"sap.ui.core.Icon","viewName":"etm.portal.ui.managecontracts.view.Master","properties":{"src":{"regex":{"source":"slim\\-arrow\\-down"}}},"ancestor":{"id":"smartContractStatusFilter","viewName":"etm.portal.ui.managecontracts.view.Master"}},"wdio_ui5_key":"etmportal.ui.managecontracts.view.Mastersap.ui.core.Icon{\"src\":{\"regex\":{\"source\":\"slim\\\\-arrow\\\\-down\"}}}{\"id\":\"smartContractStatusFilter\",\"viewName\":\"etm.portal.ui.managecontracts.view.Master\"}"}]}
RESULT: {}
RESULT: {"script":"<script> [1562 bytes]","args":[{"selector":{"controlType":"sap.ui.core.Icon","viewName":"etm.portal.ui.managecontracts.view.Master","properties":{"src":{"regex":{"source":"slim\\-arrow\\-down"}}},"ancestor":{"id":"smartContractStatusFilter","viewName":"etm.portal.ui.managecontracts.view.Master"}},"wdio_ui5_key":"etmportal.ui.managecontracts.view.Mastersap.ui.core.Icon{\"src\":{\"regex\":{\"source\":\"slim\\\\-arrow\\\\-down\"}}}{\"id\":\"smartContractStatusFilter\",\"viewName\":\"etm.portal.ui.managecontracts.view.Master\"}"}]}
RESULT: undefined
COMMAND: POST /session/04aee939af97850adaa3733c1af52842/element - {"using":"xpath","value":"//*[@id=\"__xmlview63--smartContractStatusFilter-arrow\"]"}
RESULT: {"using":"xpath","value":"//*[@id=\"__xmlview63--smartContractStatusFilter-arrow\"]"}
COMMAND: POST /session/04aee939af97850adaa3733c1af52842/element/f.244B6B55DE4F2A8C3CFC86491C19658C.d.8D0D34224FEBE760FFF0F4FB34D67107.e.7707/click - {}
RESULT: {}
COMMAND: POST /session/04aee939af97850adaa3733c1af52842/execute/async - {"script":"<script> [1562 bytes]","args":[{"selector":{"controlType":"sap.m.CheckBox","viewName":"etm.portal.ui.managecontracts.view.Master","properties":{"editable":true},"searchOpenDialogs":true,"ancestor":{"controlType":"sap.m.StandardListItem","viewName":"etm.portal.ui.managecontracts.view.Master","properties":{"title":"partial provided"},"searchOpenDialogs":true},"interaction":{"idSuffix":"CbBg"}},"wdio_ui5_key":"etmportal.ui.managecontracts.view.Mastersap.m.CheckBox{\"editable\":true}{\"controlType\":\"sap.m.StandardListItem\",\"viewName\":\"etm.portal.ui.managecontracts.view.Master\",\"properties\":{\"title\":\"partial provided\"},\"searchOpenDialogs\":true}"}]}
COMMAND: GET /session/04aee939af97850adaa3733c1af52842/screenshot - {}
RESULT: {"script":"<script> [1562 bytes]","args":[{"selector":{"controlType":"sap.m.CheckBox","viewName":"etm.portal.ui.managecontracts.view.Master","properties":{"editable":true},"searchOpenDialogs":true,"ancestor":{"controlType":"sap.m.StandardListItem","viewName":"etm.portal.ui.managecontracts.view.Master","properties":{"title":"partial provided"},"searchOpenDialogs":true},"interaction":{"idSuffix":"CbBg"}},"wdio_ui5_key":"etmportal.ui.managecontracts.view.Mastersap.m.CheckBox{\"editable\":true}{\"controlType\":\"sap.m.StandardListItem\",\"viewName\":\"etm.portal.ui.managecontracts.view.Master\",\"properties\":{\"title\":\"partial provided\"},\"searchOpenDialogs\":true}"}]}
RESULT: undefined
COMMAND: POST /session/04aee939af97850adaa3733c1af52842/element - {"using":"xpath","value":"//*[@id=\"__item1512-selectMulti\"]"}
RESULT: {}
RESULT: {"using":"xpath","value":"//*[@id=\"__item1512-selectMulti\"]"}
COMMAND: POST /session/04aee939af97850adaa3733c1af52842/element/f.244B6B55DE4F2A8C3CFC86491C19658C.d.8D0D34224FEBE760FFF0F4FB34D67107.e.7717/click - {}
RESULT: {}
COMMAND: GET /session/04aee939af97850adaa3733c1af52842/screenshot - {}
RESULT: {}
COMMAND: POST /session/04aee939af97850adaa3733c1af52842/element - {"using":"xpath","value":"(//span[contains(@title ,\"Navigation\")])[2]"}
RESULT: {"using":"xpath","value":"(//span[contains(@title ,\"Navigation\")])[2]"}
COMMAND: POST /session/04aee939af97850adaa3733c1af52842/element/f.244B6B55DE4F2A8C3CFC86491C19658C.d.8D0D34224FEBE760FFF0F4FB34D67107.e.7751/click - {}
RESULT: {}
COMMAND: GET /session/04aee939af97850adaa3733c1af52842/screenshot - {}
RESULT: {}
COMMAND: POST /session/04aee939af97850adaa3733c1af52842/element - {"using":"xpath","value":"//bdi[contains(@id ,\"closeContractBtn-BDI-content\")]"}
RESULT: {"using":"xpath","value":"//bdi[contains(@id ,\"closeContractBtn-BDI-content\")]"}
COMMAND: POST /session/04aee939af97850adaa3733c1af52842/execute/sync - {"script":"<script> [8489 bytes]","args":[{"element-6066-11e4-a52e-4f735466cecf":"f.244B6B55DE4F2A8C3CFC86491C19658C.d.8D0D34224FEBE760FFF0F4FB34D67107.e.7939","ELEMENT":"f.244B6B55DE4F2A8C3CFC86491C19658C.d.8D0D34224FEBE760FFF0F4FB34D67107.e.7939"}]}
RESULT: undefined
COMMAND: POST /session/04aee939af97850adaa3733c1af52842/element - {"using":"xpath","value":"//*[@id=\"__xmlview64--closeColumnBtn-img\"]"}
RESULT: {"script":"<script> [8489 bytes]","args":[{"element-6066-11e4-a52e-4f735466cecf":"f.244B6B55DE4F2A8C3CFC86491C19658C.d.8D0D34224FEBE760FFF0F4FB34D67107.e.7939","ELEMENT":"f.244B6B55DE4F2A8C3CFC86491C19658C.d.8D0D34224FEBE760FFF0F4FB34D67107.e.7939"}]}
COMMAND: GET /session/04aee939af97850adaa3733c1af52842/screenshot - {}
RESULT: {"using":"xpath","value":"//*[@id=\"__xmlview64--closeColumnBtn-img\"]"}
COMMAND: POST /session/04aee939af97850adaa3733c1af52842/element/f.244B6B55DE4F2A8C3CFC86491C19658C.d.8D0D34224FEBE760FFF0F4FB34D67107.e.7632/click - {}
RESULT: {}
RESULT: {}
COMMAND: GET /session/04aee939af97850adaa3733c1af52842/screenshot - {}
COMMAND: POST /session/04aee939af97850adaa3733c1af52842/execute/sync - {"script":"<script> [8489 bytes]","args":[{"element-6066-11e4-a52e-4f735466cecf":"f.244B6B55DE4F2A8C3CFC86491C19658C.d.8D0D34224FEBE760FFF0F4FB34D67107.e.7939","ELEMENT":"f.244B6B55DE4F2A8C3CFC86491C19658C.d.8D0D34224FEBE760FFF0F4FB34D67107.e.7939"}]}
COMMAND: POST /session/04aee939af97850adaa3733c1af52842/refresh - {}
RESULT: {}
RESULT: {"script":"<script> [8489 bytes]","args":[{"element-6066-11e4-a52e-4f735466cecf":"f.244B6B55DE4F2A8C3CFC86491C19658C.d.8D0D34224FEBE760FFF0F4FB34D67107.e.7939","ELEMENT":"f.244B6B55DE4F2A8C3CFC86491C19658C.d.8D0D34224FEBE760FFF0F4FB34D67107.e.7939"}]}
COMMAND: GET /session/04aee939af97850adaa3733c1af52842/screenshot - {}
RESULT: {}
COMMAND: GET /session/04aee939af97850adaa3733c1af52842/screenshot - {}
RESULT: {}
RESULT: {}
COMMAND: POST /session/04aee939af97850adaa3733c1af52842/execute/async - {"script":"<script> [189 bytes]","args":[]}
RESULT: {"script":"<script> [189 bytes]","args":[]}
COMMAND: POST /session/04aee939af97850adaa3733c1af52842/execute/async - {"script":"<script> [123 bytes]","args":[]}
RESULT: {"script":"<script> [123 bytes]","args":[]}
COMMAND: POST /session/04aee939af97850adaa3733c1af52842/timeouts - {"script":"<number>"}
RESULT: {"script":"<number>"}
COMMAND: GET /session/04aee939af97850adaa3733c1af52842/timeouts - {}
RESULT: {}
RESULT: undefined
COMMAND: POST /session/04aee939af97850adaa3733c1af52842/execute/async - {"script":"<script> [2676 bytes]","args":[]}
RESULT: {"script":"<script> [2676 bytes]","args":[]}
COMMAND: POST /session/04aee939af97850adaa3733c1af52842/execute/async - {"script":"<script> [2342 bytes]","args":[{"protocol":"http","hostname":"0.0.0.0","path":"/","capabilities":{"browserName":"chrome","goog:chromeOptions":{"binary":"C:\\Program Files\\Google\\Chrome\\Application\\chrome.exe","args":["--start-maximized"]}},"logLevel":"warn","connectionRetryTimeout":120000,"connectionRetryCount":3,"logLevels":{},"enableDirectConnect":true,"strictSSL":true,"_":"65 more keys: [\"cacheDir\",\"port\",\"requestedCapabilities\",\"automationProtocol\",\"baseUrl\",\"waitforInterval\",\"waitforTimeout\",\"onReload\",\"beforeCommand\",\"afterCommand\",\"rootDir\",\"specs\",\"suites\",\"exclude\",\"groupLogsByTestSpec\",\"excludeDriverLogs\",\"bail\",\"framework\",\"reporters\",\"services\",\"maxInstances\",\"maxInstancesPerCapability\",\"injectGlobals\",\"filesToWatch\",\"execArgv\",\"runnerEnv\",\"runner\",\"shard\",\"specFileRetries\",\"specFileRetriesDelay\",\"specFileRetriesDeferred\",\"reporterSyncInterval\",\"reporterSyncTimeout\",\"cucumberFeaturesWithLineNumbers\",\"autoCompileOpts\",\"mochaOpts\",\"jasmineOpts\",\"cucumberOpts\",\"onPrepare\",\"onWorkerStart\",\"onWorkerEnd\",\"before\",\"beforeSession\",\"beforeSuite\",\"beforeHook\",\"beforeTest\",\"afterTest\",\"afterHook\",\"afterSuite\",\"afterSession\",\"after\",\"onComplete\",\"beforeAssertion\",\"afterAssertion\",\"beforeFeature\",\"beforeScenario\",\"beforeStep\",\"afterStep\",\"afterScenario\",\"afterFeature\",\"_\",\"suite\",\"$0\",\"ignoredWorkerServices\",\"wdi5\"]"}]}
RESULT: {"script":"<script> [2342 bytes]","args":[{"protocol":"http","hostname":"0.0.0.0","path":"/","capabilities":{"browserName":"chrome","goog:chromeOptions":{"binary":"C:\\Program Files\\Google\\Chrome\\Application\\chrome.exe","args":["--start-maximized"]}},"logLevel":"warn","connectionRetryTimeout":120000,"connectionRetryCount":3,"logLevels":{},"enableDirectConnect":true,"strictSSL":true,"_":"65 more keys: [\"cacheDir\",\"port\",\"requestedCapabilities\",\"automationProtocol\",\"baseUrl\",\"waitforInterval\",\"waitforTimeout\",\"onReload\",\"beforeCommand\",\"afterCommand\",\"rootDir\",\"specs\",\"suites\",\"exclude\",\"groupLogsByTestSpec\",\"excludeDriverLogs\",\"bail\",\"framework\",\"reporters\",\"services\",\"maxInstances\",\"maxInstancesPerCapability\",\"injectGlobals\",\"filesToWatch\",\"execArgv\",\"runnerEnv\",\"runner\",\"shard\",\"specFileRetries\",\"specFileRetriesDelay\",\"specFileRetriesDeferred\",\"reporterSyncInterval\",\"reporterSyncTimeout\",\"cucumberFeaturesWithLineNumbers\",\"autoCompileOpts\",\"mochaOpts\",\"jasmineOpts\",\"cucumberOpts\",\"onPrepare\",\"onWorkerStart\",\"onWorkerEnd\",\"before\",\"beforeSession\",\"beforeSuite\",\"beforeHook\",\"beforeTest\",\"afterTest\",\"afterHook\",\"afterSuite\",\"afterSession\",\"after\",\"onComplete\",\"beforeAssertion\",\"afterAssertion\",\"beforeFeature\",\"beforeScenario\",\"beforeStep\",\"afterStep\",\"afterScenario\",\"afterFeature\",\"_\",\"suite\",\"$0\",\"ignoredWorkerServices\",\"wdi5\"]"}]}
COMMAND: POST /session/04aee939af97850adaa3733c1af52842/execute/async - {"script":"<script> [21126 bytes]","args":[35000]}
RESULT: {"script":"<script> [21126 bytes]","args":[35000]}
COMMAND: POST /session/04aee939af97850adaa3733c1af52842/execute/async - {"script":"<script> [1562 bytes]","args":[{"selector":{"controlType":"sap.ui.core.Icon","viewName":"etm.portal.ui.managecontracts.view.Master","properties":{"src":{"regex":{"source":"slim\\-arrow\\-down"}}},"ancestor":{"id":"smartContractStatusFilter","viewName":"etm.portal.ui.managecontracts.view.Master"}},"wdio_ui5_key":"etmportal.ui.managecontracts.view.Mastersap.ui.core.Icon{\"src\":{\"regex\":{\"source\":\"slim\\\\-arrow\\\\-down\"}}}{\"id\":\"smartContractStatusFilter\",\"viewName\":\"etm.portal.ui.managecontracts.view.Master\"}"}]}
RESULT: {"script":"<script> [1562 bytes]","args":[{"selector":{"controlType":"sap.ui.core.Icon","viewName":"etm.portal.ui.managecontracts.view.Master","properties":{"src":{"regex":{"source":"slim\\-arrow\\-down"}}},"ancestor":{"id":"smartContractStatusFilter","viewName":"etm.portal.ui.managecontracts.view.Master"}},"wdio_ui5_key":"etmportal.ui.managecontracts.view.Mastersap.ui.core.Icon{\"src\":{\"regex\":{\"source\":\"slim\\\\-arrow\\\\-down\"}}}{\"id\":\"smartContractStatusFilter\",\"viewName\":\"etm.portal.ui.managecontracts.view.Master\"}"}]}
RESULT: undefined
COMMAND: POST /session/04aee939af97850adaa3733c1af52842/element - {"using":"xpath","value":"//*[@id=\"__xmlview0--smartContractStatusFilter-arrow\"]"}
RESULT: {"using":"xpath","value":"//*[@id=\"__xmlview0--smartContractStatusFilter-arrow\"]"}
COMMAND: POST /session/04aee939af97850adaa3733c1af52842/element/f.244B6B55DE4F2A8C3CFC86491C19658C.d.E8AFBDC1AC930B40D72C0231F542D988.e.8124/click - {}
RESULT: {}
COMMAND: GET /session/04aee939af97850adaa3733c1af52842/screenshot - {}
RESULT: {}
COMMAND: POST /session/04aee939af97850adaa3733c1af52842/execute/async - {"script":"<script> [1562 bytes]","args":[{"selector":{"controlType":"sap.m.CheckBox","viewName":"etm.portal.ui.managecontracts.view.Master","properties":{"editable":true},"searchOpenDialogs":true,"ancestor":{"controlType":"sap.m.StandardListItem","viewName":"etm.portal.ui.managecontracts.view.Master","properties":{"title":"partial billed"},"searchOpenDialogs":true},"interaction":{"idSuffix":"CbBg"}},"wdio_ui5_key":"etmportal.ui.managecontracts.view.Mastersap.m.CheckBox{\"editable\":true}{\"controlType\":\"sap.m.StandardListItem\",\"viewName\":\"etm.portal.ui.managecontracts.view.Master\",\"properties\":{\"title\":\"partial billed\"},\"searchOpenDialogs\":true}"}]}
RESULT: {"script":"<script> [1562 bytes]","args":[{"selector":{"controlType":"sap.m.CheckBox","viewName":"etm.portal.ui.managecontracts.view.Master","properties":{"editable":true},"searchOpenDialogs":true,"ancestor":{"controlType":"sap.m.StandardListItem","viewName":"etm.portal.ui.managecontracts.view.Master","properties":{"title":"partial billed"},"searchOpenDialogs":true},"interaction":{"idSuffix":"CbBg"}},"wdio_ui5_key":"etmportal.ui.managecontracts.view.Mastersap.m.CheckBox{\"editable\":true}{\"controlType\":\"sap.m.StandardListItem\",\"viewName\":\"etm.portal.ui.managecontracts.view.Master\",\"properties\":{\"title\":\"partial billed\"},\"searchOpenDialogs\":true}"}]}
RESULT: undefined
COMMAND: POST /session/04aee939af97850adaa3733c1af52842/element - {"using":"xpath","value":"//*[@id=\"__item41-selectMulti\"]"}
RESULT: {"using":"xpath","value":"//*[@id=\"__item41-selectMulti\"]"}
COMMAND: POST /session/04aee939af97850adaa3733c1af52842/element/f.244B6B55DE4F2A8C3CFC86491C19658C.d.E8AFBDC1AC930B40D72C0231F542D988.e.8133/click - {}
RESULT: {}
COMMAND: GET /session/04aee939af97850adaa3733c1af52842/screenshot - {}
RESULT: {}
COMMAND: POST /session/04aee939af97850adaa3733c1af52842/element - {"using":"xpath","value":"(//span[contains(@title ,\"Navigation\")])[2]"}
RESULT: {"using":"xpath","value":"(//span[contains(@title ,\"Navigation\")])[2]"}
COMMAND: POST /session/04aee939af97850adaa3733c1af52842/element/f.244B6B55DE4F2A8C3CFC86491C19658C.d.E8AFBDC1AC930B40D72C0231F542D988.e.8168/click - {}
RESULT: {}
COMMAND: GET /session/04aee939af97850adaa3733c1af52842/screenshot - {}
RESULT: {}
COMMAND: POST /session/04aee939af97850adaa3733c1af52842/execute/sync - {"script":"<script> [8489 bytes]","args":[{"element-6066-11e4-a52e-4f735466cecf":"f.244B6B55DE4F2A8C3CFC86491C19658C.d.8D0D34224FEBE760FFF0F4FB34D67107.e.7939","ELEMENT":"f.244B6B55DE4F2A8C3CFC86491C19658C.d.8D0D34224FEBE760FFF0F4FB34D67107.e.7939"}]}
COMMAND: POST /session/04aee939af97850adaa3733c1af52842/element - {"using":"css selector","value":"#shell-header-logo"}
COMMAND: POST /session/04aee939af97850adaa3733c1af52842/element - {"using":"xpath","value":"//bdi[contains(@id ,\"closeContractBtn-BDI-content\")]"}
RESULT: {"using":"css selector","value":"#shell-header-logo"}
COMMAND: POST /session/04aee939af97850adaa3733c1af52842/element/f.244B6B55DE4F2A8C3CFC86491C19658C.d.E8AFBDC1AC930B40D72C0231F542D988.e.8082/click - {}
RESULT: {"using":"xpath","value":"//bdi[contains(@id ,\"closeContractBtn-BDI-content\")]"}
COMMAND: POST /session/04aee939af97850adaa3733c1af52842/element - {"using":"xpath","value":"//bdi[contains(@id ,\"closeContractBtn-BDI-content\")]"}
RESULT: {}
COMMAND: GET /session/04aee939af97850adaa3733c1af52842/screenshot - {}
RESULT: {"using":"xpath","value":"//bdi[contains(@id ,\"closeContractBtn-BDI-content\")]"}
RESULT: {}
]]></system-out>
    </testcase>
  </testsuite>
  <testsuite timestamp="2025-05-16T18:11:39" time="52.842" tests="1" failures="0" errors="0" skipped="0">
    <properties>
      <property name="specId" value="0" />
      <property name="suiteName" value="Standard contract decline US151279" />
      <property name="capabilities" value="chrome.136_0_7103_93.windows" />
      <property name="file" value="file:///D:/a/1/s/test/specs/R2C/standard-contract-decline.spec.js" />
    </properties>
    <testcase classname="chrome.136_0_7103_93.windows.Standard_contract_decline_US151279" name="Should decline a contract" time="48.11">
      <system-out><![CDATA[
COMMAND: POST /session/04aee939af97850adaa3733c1af52842/execute/async - {"script":"<script> [1562 bytes]","args":[{"selector":{"controlType":"sap.m.GenericTile","properties":{"header":"Manage Contracts"}},"wdio_ui5_key":"sapm.GenericTile{\"header\":\"Manage Contracts\"}"}]}
RESULT: {"script":"<script> [1562 bytes]","args":[{"selector":{"controlType":"sap.m.GenericTile","properties":{"header":"Manage Contracts"}},"wdio_ui5_key":"sapm.GenericTile{\"header\":\"Manage Contracts\"}"}]}
RESULT: undefined
COMMAND: POST /session/04aee939af97850adaa3733c1af52842/element - {"using":"xpath","value":"//*[@id=\"__tile130\"]"}
RESULT: {"using":"xpath","value":"//*[@id=\"__tile130\"]"}
COMMAND: POST /session/04aee939af97850adaa3733c1af52842/element/f.244B6B55DE4F2A8C3CFC86491C19658C.d.E8AFBDC1AC930B40D72C0231F542D988.e.8502/click - {}
RESULT: {}
COMMAND: GET /session/04aee939af97850adaa3733c1af52842/screenshot - {}
RESULT: {}
COMMAND: POST /session/04aee939af97850adaa3733c1af52842/elements - {"using":"xpath","value":"//span[text()='Error']"}
COMMAND: POST /session/04aee939af97850adaa3733c1af52842/element - {"using":"xpath","value":"//input[contains(@id ,\"smartContractFilterBar-btnBasicSearch-I\")]"}
RESULT: {"using":"xpath","value":"//span[text()='Error']"}
RESULT: {"using":"xpath","value":"//input[contains(@id ,\"smartContractFilterBar-btnBasicSearch-I\")]"}
COMMAND: POST /session/04aee939af97850adaa3733c1af52842/element/f.244B6B55DE4F2A8C3CFC86491C19658C.d.E8AFBDC1AC930B40D72C0231F542D988.e.8508/clear - {}
RESULT: {}
COMMAND: POST /session/04aee939af97850adaa3733c1af52842/element/f.244B6B55DE4F2A8C3CFC86491C19658C.d.E8AFBDC1AC930B40D72C0231F542D988.e.8508/value - {"text":"10319"}
COMMAND: GET /session/04aee939af97850adaa3733c1af52842/screenshot - {}
RESULT: {"text":"10319"}
COMMAND: POST /session/04aee939af97850adaa3733c1af52842/actions - {"actions":[{"id":"action43","type":"key","parameters":{},"actions":[{"type":"keyDown","value":"î€‡"},{"type":"pause","duration":10},{"type":"keyUp","value":"î€‡"}]}]}
COMMAND: GET /session/04aee939af97850adaa3733c1af52842/screenshot - {}
RESULT: {}
RESULT: {"actions":[{"id":"action43","type":"key","parameters":{},"actions":[{"type":"keyDown","value":"î€‡"},{"type":"pause","duration":10},{"type":"keyUp","value":"î€‡"}]}]}
COMMAND: GET /session/04aee939af97850adaa3733c1af52842/screenshot - {}
RESULT: {}
RESULT: {}
COMMAND: POST /session/04aee939af97850adaa3733c1af52842/execute/async - {"script":"<script> [1562 bytes]","args":[{"selector":{"controlType":"sap.ui.core.Icon","viewName":"etm.portal.ui.managecontracts.view.Master","properties":{"src":{"regex":{"source":"slim\\-arrow\\-right"}}}},"wdio_ui5_key":"etmportal.ui.managecontracts.view.Mastersap.ui.core.Icon{\"src\":{\"regex\":{\"source\":\"slim\\\\-arrow\\\\-right\"}}}"}]}
RESULT: {"script":"<script> [1562 bytes]","args":[{"selector":{"controlType":"sap.ui.core.Icon","viewName":"etm.portal.ui.managecontracts.view.Master","properties":{"src":{"regex":{"source":"slim\\-arrow\\-right"}}}},"wdio_ui5_key":"etmportal.ui.managecontracts.view.Mastersap.ui.core.Icon{\"src\":{\"regex\":{\"source\":\"slim\\\\-arrow\\\\-right\"}}}"}]}
RESULT: undefined
COMMAND: POST /session/04aee939af97850adaa3733c1af52842/element - {"using":"xpath","value":"//*[@id=\"__item77-__clone193-imgNav\"]"}
RESULT: {"using":"xpath","value":"//*[@id=\"__item77-__clone193-imgNav\"]"}
COMMAND: POST /session/04aee939af97850adaa3733c1af52842/element/f.244B6B55DE4F2A8C3CFC86491C19658C.d.E8AFBDC1AC930B40D72C0231F542D988.e.8607/click - {}
RESULT: {}
COMMAND: GET /session/04aee939af97850adaa3733c1af52842/screenshot - {}
RESULT: {}
COMMAND: POST /session/04aee939af97850adaa3733c1af52842/execute/async - {"script":"<script> [1562 bytes]","args":[{"selector":{"id":"cancelContractBtn","viewName":"etm.portal.ui.managecontracts.view.Detail","interaction":{"idSuffix":"BDI-content"}},"wdio_ui5_key":"cancelContractBtnetmportal.ui.managecontracts.view.Detail"}]}
RESULT: {"script":"<script> [1562 bytes]","args":[{"selector":{"id":"cancelContractBtn","viewName":"etm.portal.ui.managecontracts.view.Detail","interaction":{"idSuffix":"BDI-content"}},"wdio_ui5_key":"cancelContractBtnetmportal.ui.managecontracts.view.Detail"}]}
RESULT: undefined
COMMAND: POST /session/04aee939af97850adaa3733c1af52842/element - {"using":"xpath","value":"//*[@id=\"__xmlview61--cancelContractBtn\"]"}
RESULT: {"using":"xpath","value":"//*[@id=\"__xmlview61--cancelContractBtn\"]"}
COMMAND: POST /session/04aee939af97850adaa3733c1af52842/element/f.244B6B55DE4F2A8C3CFC86491C19658C.d.E8AFBDC1AC930B40D72C0231F542D988.e.8735/click - {}
RESULT: {}
COMMAND: GET /session/04aee939af97850adaa3733c1af52842/screenshot - {}
RESULT: {}
COMMAND: POST /session/04aee939af97850adaa3733c1af52842/execute/async - {"script":"<script> [1562 bytes]","args":[{"selector":{"controlType":"sap.m.Text","properties":{"text":"Do you want to cancel the whole contract?"},"searchOpenDialogs":true},"wdio_ui5_key":"sapm.Text{\"text\":\"Do you want to cancel the whole contract?\"}"}]}
RESULT: {"script":"<script> [1562 bytes]","args":[{"selector":{"controlType":"sap.m.Text","properties":{"text":"Do you want to cancel the whole contract?"},"searchOpenDialogs":true},"wdio_ui5_key":"sapm.Text{\"text\":\"Do you want to cancel the whole contract?\"}"}]}
RESULT: undefined
COMMAND: POST /session/04aee939af97850adaa3733c1af52842/execute/async - {"script":"<script> [6424 bytes]","args":[{"element-6066-11e4-a52e-4f735466cecf":"f.244B6B55DE4F2A8C3CFC86491C19658C.d.E8AFBDC1AC930B40D72C0231F542D988.e.8737"},"getText",[]]}
RESULT: {"script":"<script> [6424 bytes]","args":[{"element-6066-11e4-a52e-4f735466cecf":"f.244B6B55DE4F2A8C3CFC86491C19658C.d.E8AFBDC1AC930B40D72C0231F542D988.e.8737"},"getText",[]]}
COMMAND: POST /session/04aee939af97850adaa3733c1af52842/element - {"using":"xpath","value":"//bdi[contains(text(), \"OK\")]"}
RESULT: {"using":"xpath","value":"//bdi[contains(text(), \"OK\")]"}
COMMAND: POST /session/04aee939af97850adaa3733c1af52842/element/f.244B6B55DE4F2A8C3CFC86491C19658C.d.E8AFBDC1AC930B40D72C0231F542D988.e.8738/click - {}
RESULT: {}
COMMAND: GET /session/04aee939af97850adaa3733c1af52842/screenshot - {}
RESULT: {}
COMMAND: POST /session/04aee939af97850adaa3733c1af52842/element - {"using":"xpath","value":"//input[contains(@id ,\"smartContractFilterBar-btnBasicSearch-I\")]"}
RESULT: {"using":"xpath","value":"//input[contains(@id ,\"smartContractFilterBar-btnBasicSearch-I\")]"}
COMMAND: POST /session/04aee939af97850adaa3733c1af52842/element/f.244B6B55DE4F2A8C3CFC86491C19658C.d.E8AFBDC1AC930B40D72C0231F542D988.e.8508/clear - {}
RESULT: {}
COMMAND: POST /session/04aee939af97850adaa3733c1af52842/element/f.244B6B55DE4F2A8C3CFC86491C19658C.d.E8AFBDC1AC930B40D72C0231F542D988.e.8508/value - {"text":"10319"}
COMMAND: GET /session/04aee939af97850adaa3733c1af52842/screenshot - {}
RESULT: {"text":"10319"}
COMMAND: POST /session/04aee939af97850adaa3733c1af52842/actions - {"actions":[{"id":"action44","type":"key","parameters":{},"actions":[{"type":"keyDown","value":"î€‡"},{"type":"pause","duration":10},{"type":"keyUp","value":"î€‡"}]}]}
COMMAND: GET /session/04aee939af97850adaa3733c1af52842/screenshot - {}
RESULT: {}
RESULT: {"actions":[{"id":"action44","type":"key","parameters":{},"actions":[{"type":"keyDown","value":"î€‡"},{"type":"pause","duration":10},{"type":"keyUp","value":"î€‡"}]}]}
COMMAND: GET /session/04aee939af97850adaa3733c1af52842/screenshot - {}
RESULT: {}
RESULT: {}
COMMAND: POST /session/04aee939af97850adaa3733c1af52842/execute/async - {"script":"<script> [1562 bytes]","args":[{"selector":{"controlType":"sap.m.ObjectStatus","viewName":"etm.portal.ui.managecontracts.view.Master","bindingPath":{"path":"/SmartContractHeaders('10319')","propertyPath":"STATUS_DESCRIPTION"}},"wdio_ui5_key":"etmportal.ui.managecontracts.view.Mastersap.m.ObjectStatus{\"path\":\"/SmartContractHeaders('10319')\",\"propertyPath\":\"STATUS_DESCRIPTION\"}"}]}
RESULT: {"script":"<script> [1562 bytes]","args":[{"selector":{"controlType":"sap.m.ObjectStatus","viewName":"etm.portal.ui.managecontracts.view.Master","bindingPath":{"path":"/SmartContractHeaders('10319')","propertyPath":"STATUS_DESCRIPTION"}},"wdio_ui5_key":"etmportal.ui.managecontracts.view.Mastersap.m.ObjectStatus{\"path\":\"/SmartContractHeaders('10319')\",\"propertyPath\":\"STATUS_DESCRIPTION\"}"}]}
RESULT: undefined
COMMAND: POST /session/04aee939af97850adaa3733c1af52842/execute/async - {"script":"<script> [6424 bytes]","args":[{"element-6066-11e4-a52e-4f735466cecf":"f.244B6B55DE4F2A8C3CFC86491C19658C.d.E8AFBDC1AC930B40D72C0231F542D988.e.8793"},"getText",[]]}
RESULT: {"script":"<script> [6424 bytes]","args":[{"element-6066-11e4-a52e-4f735466cecf":"f.244B6B55DE4F2A8C3CFC86491C19658C.d.E8AFBDC1AC930B40D72C0231F542D988.e.8793"},"getText",[]]}
RESULT: undefined
COMMAND: POST /session/04aee939af97850adaa3733c1af52842/element - {"using":"xpath","value":"//*[@id=\"__item77-__clone193-imgNav\"]"}
RESULT: {"using":"xpath","value":"//*[@id=\"__item77-__clone193-imgNav\"]"}
COMMAND: POST /session/04aee939af97850adaa3733c1af52842/element/f.244B6B55DE4F2A8C3CFC86491C19658C.d.E8AFBDC1AC930B40D72C0231F542D988.e.8607/click - {}
RESULT: {}
COMMAND: GET /session/04aee939af97850adaa3733c1af52842/screenshot - {}
RESULT: {}
COMMAND: POST /session/04aee939af97850adaa3733c1af52842/execute/async - {"script":"<script> [1562 bytes]","args":[{"selector":{"controlType":"sap.m.ObjectStatus","viewName":"etm.portal.ui.managecontracts.view.Detail","bindingPath":{"path":"/SmartContractItems(CONTRACT='10319',ITEM=10m,SUB_ITEM=0m)","propertyPath":"STATUS"}},"wdio_ui5_key":"etmportal.ui.managecontracts.view.Detailsap.m.ObjectStatus{\"path\":\"/SmartContractItems(CONTRACT='10319',ITEM=10m,SUB_ITEM=0m)\",\"propertyPath\":\"STATUS\"}"}]}
RESULT: {"script":"<script> [1562 bytes]","args":[{"selector":{"controlType":"sap.m.ObjectStatus","viewName":"etm.portal.ui.managecontracts.view.Detail","bindingPath":{"path":"/SmartContractItems(CONTRACT='10319',ITEM=10m,SUB_ITEM=0m)","propertyPath":"STATUS"}},"wdio_ui5_key":"etmportal.ui.managecontracts.view.Detailsap.m.ObjectStatus{\"path\":\"/SmartContractItems(CONTRACT='10319',ITEM=10m,SUB_ITEM=0m)\",\"propertyPath\":\"STATUS\"}"}]}
RESULT: undefined
COMMAND: POST /session/04aee939af97850adaa3733c1af52842/execute/async - {"script":"<script> [6424 bytes]","args":[{"element-6066-11e4-a52e-4f735466cecf":"f.244B6B55DE4F2A8C3CFC86491C19658C.d.E8AFBDC1AC930B40D72C0231F542D988.e.8822"},"getText",[]]}
RESULT: {"script":"<script> [6424 bytes]","args":[{"element-6066-11e4-a52e-4f735466cecf":"f.244B6B55DE4F2A8C3CFC86491C19658C.d.E8AFBDC1AC930B40D72C0231F542D988.e.8822"},"getText",[]]}
COMMAND: POST /session/04aee939af97850adaa3733c1af52842/element - {"using":"css selector","value":"#shell-header-logo"}
RESULT: {"using":"css selector","value":"#shell-header-logo"}
COMMAND: POST /session/04aee939af97850adaa3733c1af52842/element/f.244B6B55DE4F2A8C3CFC86491C19658C.d.E8AFBDC1AC930B40D72C0231F542D988.e.8504/click - {}
RESULT: {}
COMMAND: GET /session/04aee939af97850adaa3733c1af52842/screenshot - {}
RESULT: {}
]]></system-out>
    </testcase>
  </testsuite>
  <testsuite timestamp="2025-05-16T18:12:32" time="175.836" tests="2" failures="0" errors="0" skipped="0">
    <properties>
      <property name="specId" value="0" />
      <property name="suiteName" value="Insert service into a contract US152956" />
      <property name="capabilities" value="chrome.136_0_7103_93.windows" />
      <property name="file" value="file:///D:/a/1/s/test/specs/R2C/insert-service-into-a-contract.spec.js" />
    </properties>
    <testcase classname="chrome.136_0_7103_93.windows.Insert_service_into_a_contract_US152956" name="Should create a new contract" time="94.011">
      <system-out><![CDATA[
RESULT: undefined
COMMAND: POST /session/04aee939af97850adaa3733c1af52842/element - {"using":"xpath","value":"//*[@id=\"__tile130\"]"}
RESULT: {"using":"xpath","value":"//*[@id=\"__tile130\"]"}
COMMAND: POST /session/04aee939af97850adaa3733c1af52842/element/f.244B6B55DE4F2A8C3CFC86491C19658C.d.E8AFBDC1AC930B40D72C0231F542D988.e.8502/click - {}
RESULT: {}
COMMAND: GET /session/04aee939af97850adaa3733c1af52842/screenshot - {}
RESULT: {}
COMMAND: POST /session/04aee939af97850adaa3733c1af52842/elements - {"using":"xpath","value":"//span[text()='Error']"}
RESULT: {"using":"xpath","value":"//span[text()='Error']"}
COMMAND: POST /session/04aee939af97850adaa3733c1af52842/element - {"using":"xpath","value":"//button[@data-kt=\"addButton\"]"}
RESULT: {"using":"xpath","value":"//button[@data-kt=\"addButton\"]"}
COMMAND: POST /session/04aee939af97850adaa3733c1af52842/element/f.244B6B55DE4F2A8C3CFC86491C19658C.d.E8AFBDC1AC930B40D72C0231F542D988.e.8875/click - {}
RESULT: {}
COMMAND: GET /session/04aee939af97850adaa3733c1af52842/screenshot - {}
RESULT: {}
COMMAND: POST /session/04aee939af97850adaa3733c1af52842/execute/async - {"script":"<script> [1562 bytes]","args":[{"selector":{"id":"application-managecontracts-display-component---AddNewContract--projectDescription","interaction":{"idSuffix":"inner"}},"wdio_ui5_key":"applicationmanagecontracts-display-component---AddNewContract--projectDescription"}]}
RESULT: {"script":"<script> [1562 bytes]","args":[{"selector":{"id":"application-managecontracts-display-component---AddNewContract--projectDescription","interaction":{"idSuffix":"inner"}},"wdio_ui5_key":"applicationmanagecontracts-display-component---AddNewContract--projectDescription"}]}
RESULT: undefined
COMMAND: POST /session/04aee939af97850adaa3733c1af52842/execute/async - {"script":"<script> [776 bytes]","args":[{"enterText":"WdIOR2cj141b","selector":{"id":"application-managecontracts-display-component---AddNewContract--projectDescription","interaction":{"idSuffix":"inner"}},"clearTextFirst":true,"interactionType":"ENTER_TEXT"}]}
RESULT: {"script":"<script> [776 bytes]","args":[{"enterText":"WdIOR2cj141b","selector":{"id":"application-managecontracts-display-component---AddNewContract--projectDescription","interaction":{"idSuffix":"inner"}},"clearTextFirst":true,"interactionType":"ENTER_TEXT"}]}
COMMAND: POST /session/04aee939af97850adaa3733c1af52842/element - {"using":"xpath","value":"//input[@id=\"application-managecontracts-display-component---AddNewContract--yardId-inner\"]"}
RESULT: {"using":"xpath","value":"//input[@id=\"application-managecontracts-display-component---AddNewContract--yardId-inner\"]"}
COMMAND: POST /session/04aee939af97850adaa3733c1af52842/element/f.244B6B55DE4F2A8C3CFC86491C19658C.d.E8AFBDC1AC930B40D72C0231F542D988.e.9176/clear - {}
RESULT: {}
COMMAND: POST /session/04aee939af97850adaa3733c1af52842/element/f.244B6B55DE4F2A8C3CFC86491C19658C.d.E8AFBDC1AC930B40D72C0231F542D988.e.9176/value - {"text":"WebdriverYardf6lo1"}
COMMAND: GET /session/04aee939af97850adaa3733c1af52842/screenshot - {}
RESULT: {"text":"WebdriverYardf6lo1"}
COMMAND: GET /session/04aee939af97850adaa3733c1af52842/screenshot - {}
RESULT: {}
RESULT: {}
COMMAND: POST /session/04aee939af97850adaa3733c1af52842/actions - {"actions":[{"id":"action45","type":"key","parameters":{},"actions":[{"type":"keyDown","value":"î€‡"},{"type":"pause","duration":10},{"type":"keyUp","value":"î€‡"}]}]}
RESULT: {"actions":[{"id":"action45","type":"key","parameters":{},"actions":[{"type":"keyDown","value":"î€‡"},{"type":"pause","duration":10},{"type":"keyUp","value":"î€‡"}]}]}
COMMAND: GET /session/04aee939af97850adaa3733c1af52842/screenshot - {}
RESULT: {}
COMMAND: POST /session/04aee939af97850adaa3733c1af52842/element - {"using":"xpath","value":"//input[@id=\"application-managecontracts-display-component---AddNewContract--customerSelect-inner\"]"}
RESULT: {"using":"xpath","value":"//input[@id=\"application-managecontracts-display-component---AddNewContract--customerSelect-inner\"]"}
COMMAND: POST /session/04aee939af97850adaa3733c1af52842/element/f.244B6B55DE4F2A8C3CFC86491C19658C.d.E8AFBDC1AC930B40D72C0231F542D988.e.9174/clear - {}
RESULT: {}
COMMAND: POST /session/04aee939af97850adaa3733c1af52842/element/f.244B6B55DE4F2A8C3CFC86491C19658C.d.E8AFBDC1AC930B40D72C0231F542D988.e.9174/value - {"text":"WebdriverPartnerd2m4xi"}
COMMAND: GET /session/04aee939af97850adaa3733c1af52842/screenshot - {}
RESULT: {"text":"WebdriverPartnerd2m4xi"}
COMMAND: GET /session/04aee939af97850adaa3733c1af52842/screenshot - {}
RESULT: {}
RESULT: {}
COMMAND: POST /session/04aee939af97850adaa3733c1af52842/actions - {"actions":[{"id":"action46","type":"key","parameters":{},"actions":[{"type":"keyDown","value":"î€‡"},{"type":"pause","duration":10},{"type":"keyUp","value":"î€‡"}]}]}
RESULT: {"actions":[{"id":"action46","type":"key","parameters":{},"actions":[{"type":"keyDown","value":"î€‡"},{"type":"pause","duration":10},{"type":"keyUp","value":"î€‡"}]}]}
COMMAND: GET /session/04aee939af97850adaa3733c1af52842/screenshot - {}
RESULT: {}
COMMAND: POST /session/04aee939af97850adaa3733c1af52842/element - {"using":"xpath","value":"//input[@id=\"application-managecontracts-display-component---AddNewContract--site-inner\"]"}
RESULT: {"using":"xpath","value":"//input[@id=\"application-managecontracts-display-component---AddNewContract--site-inner\"]"}
COMMAND: POST /session/04aee939af97850adaa3733c1af52842/element/f.244B6B55DE4F2A8C3CFC86491C19658C.d.E8AFBDC1AC930B40D72C0231F542D988.e.9175/clear - {}
RESULT: {}
COMMAND: POST /session/04aee939af97850adaa3733c1af52842/element/f.244B6B55DE4F2A8C3CFC86491C19658C.d.E8AFBDC1AC930B40D72C0231F542D988.e.9175/value - {"text":"WebdriverSited2samg"}
COMMAND: GET /session/04aee939af97850adaa3733c1af52842/screenshot - {}
RESULT: {"text":"WebdriverSited2samg"}
COMMAND: GET /session/04aee939af97850adaa3733c1af52842/screenshot - {}
RESULT: {}
RESULT: {}
COMMAND: POST /session/04aee939af97850adaa3733c1af52842/actions - {"actions":[{"id":"action47","type":"key","parameters":{},"actions":[{"type":"keyDown","value":"î€‡"},{"type":"pause","duration":10},{"type":"keyUp","value":"î€‡"}]}]}
RESULT: {"actions":[{"id":"action47","type":"key","parameters":{},"actions":[{"type":"keyDown","value":"î€‡"},{"type":"pause","duration":10},{"type":"keyUp","value":"î€‡"}]}]}
COMMAND: GET /session/04aee939af97850adaa3733c1af52842/screenshot - {}
COMMAND: POST /session/04aee939af97850adaa3733c1af52842/element - {"using":"xpath","value":"//button[@data-kt=\"saveButton\"]"}
RESULT: {}
RESULT: {"using":"xpath","value":"//button[@data-kt=\"saveButton\"]"}
COMMAND: POST /session/04aee939af97850adaa3733c1af52842/element/f.244B6B55DE4F2A8C3CFC86491C19658C.d.E8AFBDC1AC930B40D72C0231F542D988.e.9208/click - {}
RESULT: {}
COMMAND: GET /session/04aee939af97850adaa3733c1af52842/screenshot - {}
RESULT: {}
COMMAND: POST /session/04aee939af97850adaa3733c1af52842/execute/async - {"script":"<script> [1562 bytes]","args":[{"selector":{"id":"contractDetailTitleNoExpanded","viewName":"etm.portal.ui.managecontracts.view.Detail"},"wdio_ui5_key":"contractDetailTitleNoExpandedetmportal.ui.managecontracts.view.Detail"}]}
RESULT: {"script":"<script> [1562 bytes]","args":[{"selector":{"id":"contractDetailTitleNoExpanded","viewName":"etm.portal.ui.managecontracts.view.Detail"},"wdio_ui5_key":"contractDetailTitleNoExpandedetmportal.ui.managecontracts.view.Detail"}]}
RESULT: undefined
COMMAND: POST /session/04aee939af97850adaa3733c1af52842/execute/async - {"script":"<script> [6424 bytes]","args":[{"element-6066-11e4-a52e-4f735466cecf":"f.244B6B55DE4F2A8C3CFC86491C19658C.d.E8AFBDC1AC930B40D72C0231F542D988.e.9220"},"getText",[]]}
RESULT: {"script":"<script> [6424 bytes]","args":[{"element-6066-11e4-a52e-4f735466cecf":"f.244B6B55DE4F2A8C3CFC86491C19658C.d.E8AFBDC1AC930B40D72C0231F542D988.e.9220"},"getText",[]]}
]]></system-out>
    </testcase>
    <testcase classname="chrome.136_0_7103_93.windows.Insert_service_into_a_contract_US152956" name="Should add a service unit and a service group to the contract" time="77.991">
      <system-out><![CDATA[
COMMAND: POST /session/04aee939af97850adaa3733c1af52842/element - {"using":"xpath","value":"//button[@data-kt=\"contractDetailEditBtnButton\"]"}
RESULT: {"using":"xpath","value":"//button[@data-kt=\"contractDetailEditBtnButton\"]"}
COMMAND: POST /session/04aee939af97850adaa3733c1af52842/execute/sync - {"script":"<script> [8489 bytes]","args":[{"element-6066-11e4-a52e-4f735466cecf":"f.244B6B55DE4F2A8C3CFC86491C19658C.d.E8AFBDC1AC930B40D72C0231F542D988.e.9221","ELEMENT":"f.244B6B55DE4F2A8C3CFC86491C19658C.d.E8AFBDC1AC930B40D72C0231F542D988.e.9221"}]}
RESULT: {"script":"<script> [8489 bytes]","args":[{"element-6066-11e4-a52e-4f735466cecf":"f.244B6B55DE4F2A8C3CFC86491C19658C.d.E8AFBDC1AC930B40D72C0231F542D988.e.9221","ELEMENT":"f.244B6B55DE4F2A8C3CFC86491C19658C.d.E8AFBDC1AC930B40D72C0231F542D988.e.9221"}]}
COMMAND: POST /session/04aee939af97850adaa3733c1af52842/execute/sync - {"script":"<script> [8489 bytes]","args":[{"element-6066-11e4-a52e-4f735466cecf":"f.244B6B55DE4F2A8C3CFC86491C19658C.d.E8AFBDC1AC930B40D72C0231F542D988.e.9221","ELEMENT":"f.244B6B55DE4F2A8C3CFC86491C19658C.d.E8AFBDC1AC930B40D72C0231F542D988.e.9221"}]}
COMMAND: GET /session/04aee939af97850adaa3733c1af52842/screenshot - {}
RESULT: {}
RESULT: {"script":"<script> [8489 bytes]","args":[{"element-6066-11e4-a52e-4f735466cecf":"f.244B6B55DE4F2A8C3CFC86491C19658C.d.E8AFBDC1AC930B40D72C0231F542D988.e.9221","ELEMENT":"f.244B6B55DE4F2A8C3CFC86491C19658C.d.E8AFBDC1AC930B40D72C0231F542D988.e.9221"}]}
COMMAND: POST /session/04aee939af97850adaa3733c1af52842/execute/sync - {"script":"<script> [5351 bytes]","args":[{"element-6066-11e4-a52e-4f735466cecf":"f.244B6B55DE4F2A8C3CFC86491C19658C.d.E8AFBDC1AC930B40D72C0231F542D988.e.9221","ELEMENT":"f.244B6B55DE4F2A8C3CFC86491C19658C.d.E8AFBDC1AC930B40D72C0231F542D988.e.9221"}]}
COMMAND: GET /session/04aee939af97850adaa3733c1af52842/screenshot - {}
RESULT: {"script":"<script> [5351 bytes]","args":[{"element-6066-11e4-a52e-4f735466cecf":"f.244B6B55DE4F2A8C3CFC86491C19658C.d.E8AFBDC1AC930B40D72C0231F542D988.e.9221","ELEMENT":"f.244B6B55DE4F2A8C3CFC86491C19658C.d.E8AFBDC1AC930B40D72C0231F542D988.e.9221"}]}
COMMAND: POST /session/04aee939af97850adaa3733c1af52842/element/f.244B6B55DE4F2A8C3CFC86491C19658C.d.E8AFBDC1AC930B40D72C0231F542D988.e.9221/click - {}
COMMAND: GET /session/04aee939af97850adaa3733c1af52842/screenshot - {}
RESULT: {}
RESULT: {}
COMMAND: GET /session/04aee939af97850adaa3733c1af52842/screenshot - {}
RESULT: {}
RESULT: {}
COMMAND: POST /session/04aee939af97850adaa3733c1af52842/element - {"using":"xpath","value":"(//span[contains(text(), \"Additional Addresses\")])[2]"}
RESULT: {"using":"xpath","value":"(//span[contains(text(), \"Additional Addresses\")])[2]"}
COMMAND: POST /session/04aee939af97850adaa3733c1af52842/element/f.244B6B55DE4F2A8C3CFC86491C19658C.d.E8AFBDC1AC930B40D72C0231F542D988.e.9275/click - {}
RESULT: {}
COMMAND: GET /session/04aee939af97850adaa3733c1af52842/screenshot - {}
RESULT: {}
COMMAND: POST /session/04aee939af97850adaa3733c1af52842/element - {"using":"xpath","value":"//button[@data-kt=\"btnAddTableRowOverflowToolbarButton\"]"}
RESULT: {"using":"xpath","value":"//button[@data-kt=\"btnAddTableRowOverflowToolbarButton\"]"}
COMMAND: POST /session/04aee939af97850adaa3733c1af52842/element/f.244B6B55DE4F2A8C3CFC86491C19658C.d.E8AFBDC1AC930B40D72C0231F542D988.e.9279/click - {}
RESULT: {}
COMMAND: GET /session/04aee939af97850adaa3733c1af52842/screenshot - {}
RESULT: {}
COMMAND: POST /session/04aee939af97850adaa3733c1af52842/element - {"using":"xpath","value":"//div[(text() = 'Standard Entry' or . = 'Standard Entry')]"}
RESULT: {"using":"xpath","value":"//div[(text() = 'Standard Entry' or . = 'Standard Entry')]"}
COMMAND: POST /session/04aee939af97850adaa3733c1af52842/element/f.244B6B55DE4F2A8C3CFC86491C19658C.d.E8AFBDC1AC930B40D72C0231F542D988.e.9281/click - {}
RESULT: {}
COMMAND: POST /session/04aee939af97850adaa3733c1af52842/element - {"using":"xpath","value":"//button[@data-kt=\"btnAddTableRowOverflowToolbarButton\"]"}
COMMAND: GET /session/04aee939af97850adaa3733c1af52842/screenshot - {}
RESULT: {"using":"xpath","value":"//button[@data-kt=\"btnAddTableRowOverflowToolbarButton\"]"}
COMMAND: POST /session/04aee939af97850adaa3733c1af52842/element/f.244B6B55DE4F2A8C3CFC86491C19658C.d.E8AFBDC1AC930B40D72C0231F542D988.e.9279/click - {}
RESULT: {}
RESULT: {}
COMMAND: GET /session/04aee939af97850adaa3733c1af52842/screenshot - {}
RESULT: {}
COMMAND: POST /session/04aee939af97850adaa3733c1af52842/element - {"using":"xpath","value":"//div[(text() = 'Standard Entry' or . = 'Standard Entry')]"}
RESULT: {"using":"xpath","value":"//div[(text() = 'Standard Entry' or . = 'Standard Entry')]"}
COMMAND: POST /session/04aee939af97850adaa3733c1af52842/element/f.244B6B55DE4F2A8C3CFC86491C19658C.d.E8AFBDC1AC930B40D72C0231F542D988.e.9293/click - {}
RESULT: {}
COMMAND: POST /session/04aee939af97850adaa3733c1af52842/element - {"using":"xpath","value":"(//td[6]/div/div/input)[1]"}
COMMAND: GET /session/04aee939af97850adaa3733c1af52842/screenshot - {}
RESULT: {"using":"xpath","value":"(//td[6]/div/div/input)[1]"}
COMMAND: POST /session/04aee939af97850adaa3733c1af52842/element/f.244B6B55DE4F2A8C3CFC86491C19658C.d.E8AFBDC1AC930B40D72C0231F542D988.e.9295/click - {}
RESULT: {}
RESULT: {}
COMMAND: POST /session/04aee939af97850adaa3733c1af52842/actions - {"actions":[{"id":"action48","type":"key","parameters":{},"actions":[{"type":"keyDown","value":"î€ƒ"},{"type":"pause","duration":10},{"type":"keyUp","value":"î€ƒ"}]}]}
COMMAND: GET /session/04aee939af97850adaa3733c1af52842/screenshot - {}
RESULT: {"actions":[{"id":"action48","type":"key","parameters":{},"actions":[{"type":"keyDown","value":"î€ƒ"},{"type":"pause","duration":10},{"type":"keyUp","value":"î€ƒ"}]}]}
COMMAND: POST /session/04aee939af97850adaa3733c1af52842/element - {"using":"xpath","value":"(//td[6]/div/div/input)[1]"}
COMMAND: GET /session/04aee939af97850adaa3733c1af52842/screenshot - {}
RESULT: {}
RESULT: {"using":"xpath","value":"(//td[6]/div/div/input)[1]"}
COMMAND: POST /session/04aee939af97850adaa3733c1af52842/element/f.244B6B55DE4F2A8C3CFC86491C19658C.d.E8AFBDC1AC930B40D72C0231F542D988.e.9295/clear - {}
RESULT: {}
RESULT: {}
COMMAND: POST /session/04aee939af97850adaa3733c1af52842/element/f.244B6B55DE4F2A8C3CFC86491C19658C.d.E8AFBDC1AC930B40D72C0231F542D988.e.9295/value - {"text":"Service Unit"}
COMMAND: GET /session/04aee939af97850adaa3733c1af52842/screenshot - {}
RESULT: {"text":"Service Unit"}
COMMAND: GET /session/04aee939af97850adaa3733c1af52842/screenshot - {}
RESULT: {}
RESULT: {}
COMMAND: POST /session/04aee939af97850adaa3733c1af52842/actions - {"actions":[{"id":"action49","type":"key","parameters":{},"actions":[{"type":"keyDown","value":"î€‡"},{"type":"pause","duration":10},{"type":"keyUp","value":"î€‡"}]}]}
RESULT: {"actions":[{"id":"action49","type":"key","parameters":{},"actions":[{"type":"keyDown","value":"î€‡"},{"type":"pause","duration":10},{"type":"keyUp","value":"î€‡"}]}]}
COMMAND: GET /session/04aee939af97850adaa3733c1af52842/screenshot - {}
RESULT: {}
COMMAND: POST /session/04aee939af97850adaa3733c1af52842/actions - {"actions":[{"id":"action50","type":"key","parameters":{},"actions":[{"type":"keyDown","value":"î€‡"},{"type":"pause","duration":10},{"type":"keyUp","value":"î€‡"}]}]}
RESULT: {"actions":[{"id":"action50","type":"key","parameters":{},"actions":[{"type":"keyDown","value":"î€‡"},{"type":"pause","duration":10},{"type":"keyUp","value":"î€‡"}]}]}
COMMAND: POST /session/04aee939af97850adaa3733c1af52842/element - {"using":"xpath","value":"(//td[7]/div/div/input)[1]"}
COMMAND: GET /session/04aee939af97850adaa3733c1af52842/screenshot - {}
RESULT: {"using":"xpath","value":"(//td[7]/div/div/input)[1]"}
COMMAND: POST /session/04aee939af97850adaa3733c1af52842/element/f.244B6B55DE4F2A8C3CFC86491C19658C.d.E8AFBDC1AC930B40D72C0231F542D988.e.9311/clear - {}
RESULT: {}
RESULT: {}
COMMAND: POST /session/04aee939af97850adaa3733c1af52842/element/f.244B6B55DE4F2A8C3CFC86491C19658C.d.E8AFBDC1AC930B40D72C0231F542D988.e.9311/value - {"text":"1000001"}
COMMAND: GET /session/04aee939af97850adaa3733c1af52842/screenshot - {}
RESULT: {"text":"1000001"}
COMMAND: GET /session/04aee939af97850adaa3733c1af52842/screenshot - {}
RESULT: {}
RESULT: {}
COMMAND: POST /session/04aee939af97850adaa3733c1af52842/actions - {"actions":[{"id":"action51","type":"key","parameters":{},"actions":[{"type":"keyDown","value":"î€‡"},{"type":"pause","duration":10},{"type":"keyUp","value":"î€‡"}]}]}
RESULT: {"actions":[{"id":"action51","type":"key","parameters":{},"actions":[{"type":"keyDown","value":"î€‡"},{"type":"pause","duration":10},{"type":"keyUp","value":"î€‡"}]}]}
COMMAND: GET /session/04aee939af97850adaa3733c1af52842/screenshot - {}
RESULT: {}
COMMAND: POST /session/04aee939af97850adaa3733c1af52842/actions - {"actions":[{"id":"action52","type":"key","parameters":{},"actions":[{"type":"keyDown","value":"î€‡"},{"type":"pause","duration":10},{"type":"keyUp","value":"î€‡"}]}]}
RESULT: {"actions":[{"id":"action52","type":"key","parameters":{},"actions":[{"type":"keyDown","value":"î€‡"},{"type":"pause","duration":10},{"type":"keyUp","value":"î€‡"}]}]}
COMMAND: GET /session/04aee939af97850adaa3733c1af52842/screenshot - {}
RESULT: {}
COMMAND: POST /session/04aee939af97850adaa3733c1af52842/element - {"using":"xpath","value":"(//td[6]/div/div/input)[2]"}
RESULT: {"using":"xpath","value":"(//td[6]/div/div/input)[2]"}
COMMAND: POST /session/04aee939af97850adaa3733c1af52842/element/f.244B6B55DE4F2A8C3CFC86491C19658C.d.E8AFBDC1AC930B40D72C0231F542D988.e.9283/click - {}
RESULT: {}
COMMAND: POST /session/04aee939af97850adaa3733c1af52842/actions - {"actions":[{"id":"action53","type":"key","parameters":{},"actions":[{"type":"keyDown","value":"î€ƒ"},{"type":"pause","duration":10},{"type":"keyUp","value":"î€ƒ"}]}]}
COMMAND: GET /session/04aee939af97850adaa3733c1af52842/screenshot - {}
RESULT: {"actions":[{"id":"action53","type":"key","parameters":{},"actions":[{"type":"keyDown","value":"î€ƒ"},{"type":"pause","duration":10},{"type":"keyUp","value":"î€ƒ"}]}]}
COMMAND: POST /session/04aee939af97850adaa3733c1af52842/element - {"using":"xpath","value":"(//td[6]/div/div/input)[2]"}
COMMAND: GET /session/04aee939af97850adaa3733c1af52842/screenshot - {}
RESULT: {}
RESULT: {"using":"xpath","value":"(//td[6]/div/div/input)[2]"}
COMMAND: POST /session/04aee939af97850adaa3733c1af52842/element/f.244B6B55DE4F2A8C3CFC86491C19658C.d.E8AFBDC1AC930B40D72C0231F542D988.e.9283/clear - {}
RESULT: {}
RESULT: {}
COMMAND: POST /session/04aee939af97850adaa3733c1af52842/element/f.244B6B55DE4F2A8C3CFC86491C19658C.d.E8AFBDC1AC930B40D72C0231F542D988.e.9283/value - {"text":"Service Unit Group"}
COMMAND: GET /session/04aee939af97850adaa3733c1af52842/screenshot - {}
RESULT: {"text":"Service Unit Group"}
COMMAND: GET /session/04aee939af97850adaa3733c1af52842/screenshot - {}
RESULT: {}
RESULT: {}
COMMAND: POST /session/04aee939af97850adaa3733c1af52842/actions - {"actions":[{"id":"action54","type":"key","parameters":{},"actions":[{"type":"keyDown","value":"î€‡"},{"type":"pause","duration":10},{"type":"keyUp","value":"î€‡"}]}]}
RESULT: {"actions":[{"id":"action54","type":"key","parameters":{},"actions":[{"type":"keyDown","value":"î€‡"},{"type":"pause","duration":10},{"type":"keyUp","value":"î€‡"}]}]}
COMMAND: GET /session/04aee939af97850adaa3733c1af52842/screenshot - {}
RESULT: {}
COMMAND: POST /session/04aee939af97850adaa3733c1af52842/actions - {"actions":[{"id":"action55","type":"key","parameters":{},"actions":[{"type":"keyDown","value":"î€‡"},{"type":"pause","duration":10},{"type":"keyUp","value":"î€‡"}]}]}
RESULT: {"actions":[{"id":"action55","type":"key","parameters":{},"actions":[{"type":"keyDown","value":"î€‡"},{"type":"pause","duration":10},{"type":"keyUp","value":"î€‡"}]}]}
COMMAND: POST /session/04aee939af97850adaa3733c1af52842/element - {"using":"xpath","value":"(//td[7]/div/div/input)[2]"}
COMMAND: GET /session/04aee939af97850adaa3733c1af52842/screenshot - {}
RESULT: {"using":"xpath","value":"(//td[7]/div/div/input)[2]"}
COMMAND: POST /session/04aee939af97850adaa3733c1af52842/element/f.244B6B55DE4F2A8C3CFC86491C19658C.d.E8AFBDC1AC930B40D72C0231F542D988.e.9340/clear - {}
RESULT: {}
RESULT: {}
COMMAND: POST /session/04aee939af97850adaa3733c1af52842/element/f.244B6B55DE4F2A8C3CFC86491C19658C.d.E8AFBDC1AC930B40D72C0231F542D988.e.9340/value - {"text":"1100001"}
COMMAND: GET /session/04aee939af97850adaa3733c1af52842/screenshot - {}
RESULT: {"text":"1100001"}
COMMAND: GET /session/04aee939af97850adaa3733c1af52842/screenshot - {}
RESULT: {}
RESULT: {}
COMMAND: POST /session/04aee939af97850adaa3733c1af52842/actions - {"actions":[{"id":"action56","type":"key","parameters":{},"actions":[{"type":"keyDown","value":"î€‡"},{"type":"pause","duration":10},{"type":"keyUp","value":"î€‡"}]}]}
RESULT: {"actions":[{"id":"action56","type":"key","parameters":{},"actions":[{"type":"keyDown","value":"î€‡"},{"type":"pause","duration":10},{"type":"keyUp","value":"î€‡"}]}]}
COMMAND: GET /session/04aee939af97850adaa3733c1af52842/screenshot - {}
RESULT: {}
COMMAND: POST /session/04aee939af97850adaa3733c1af52842/actions - {"actions":[{"id":"action57","type":"key","parameters":{},"actions":[{"type":"keyDown","value":"î€‡"},{"type":"pause","duration":10},{"type":"keyUp","value":"î€‡"}]}]}
RESULT: {"actions":[{"id":"action57","type":"key","parameters":{},"actions":[{"type":"keyDown","value":"î€‡"},{"type":"pause","duration":10},{"type":"keyUp","value":"î€‡"}]}]}
COMMAND: GET /session/04aee939af97850adaa3733c1af52842/screenshot - {}
RESULT: {}
COMMAND: POST /session/04aee939af97850adaa3733c1af52842/element - {"using":"xpath","value":"(//button[@data-kt=\"saveButton\"])[2]"}
RESULT: {"using":"xpath","value":"(//button[@data-kt=\"saveButton\"])[2]"}
COMMAND: POST /session/04aee939af97850adaa3733c1af52842/element/f.244B6B55DE4F2A8C3CFC86491C19658C.d.E8AFBDC1AC930B40D72C0231F542D988.e.9364/click - {}
RESULT: {}
COMMAND: GET /session/04aee939af97850adaa3733c1af52842/screenshot - {}
RESULT: {}
COMMAND: POST /session/04aee939af97850adaa3733c1af52842/element - {"using":"xpath","value":"(//span[contains(text(), \"Additional Addresses\")])[1]"}
RESULT: {"using":"xpath","value":"(//span[contains(text(), \"Additional Addresses\")])[1]"}
COMMAND: POST /session/04aee939af97850adaa3733c1af52842/element/f.244B6B55DE4F2A8C3CFC86491C19658C.d.E8AFBDC1AC930B40D72C0231F542D988.e.9368/click - {}
RESULT: {}
COMMAND: GET /session/04aee939af97850adaa3733c1af52842/screenshot - {}
RESULT: {}
COMMAND: POST /session/04aee939af97850adaa3733c1af52842/execute/async - {"script":"<script> [1562 bytes]","args":[{"selector":{"controlType":"sap.m.Title","viewName":"etm.portal.ui.managecontracts.view.Detail","properties":{"text":"Contract Items (2)"}},"wdio_ui5_key":"etmportal.ui.managecontracts.view.Detailsap.m.Title{\"text\":\"Contract Items (2)\"}"}]}
RESULT: {"script":"<script> [1562 bytes]","args":[{"selector":{"controlType":"sap.m.Title","viewName":"etm.portal.ui.managecontracts.view.Detail","properties":{"text":"Contract Items (2)"}},"wdio_ui5_key":"etmportal.ui.managecontracts.view.Detailsap.m.Title{\"text\":\"Contract Items (2)\"}"}]}
RESULT: undefined
COMMAND: POST /session/04aee939af97850adaa3733c1af52842/execute/async - {"script":"<script> [6424 bytes]","args":[{"element-6066-11e4-a52e-4f735466cecf":"f.244B6B55DE4F2A8C3CFC86491C19658C.d.E8AFBDC1AC930B40D72C0231F542D988.e.9372"},"getText",[]]}
RESULT: {"script":"<script> [6424 bytes]","args":[{"element-6066-11e4-a52e-4f735466cecf":"f.244B6B55DE4F2A8C3CFC86491C19658C.d.E8AFBDC1AC930B40D72C0231F542D988.e.9372"},"getText",[]]}
COMMAND: POST /session/04aee939af97850adaa3733c1af52842/element - {"using":"xpath","value":"(//span[contains(@class ,\"sapMObjStatusText\")])[1]"}
RESULT: {"using":"xpath","value":"(//span[contains(@class ,\"sapMObjStatusText\")])[1]"}
COMMAND: GET /session/04aee939af97850adaa3733c1af52842/element/f.244B6B55DE4F2A8C3CFC86491C19658C.d.E8AFBDC1AC930B40D72C0231F542D988.e.9373/text - {}
RESULT: {}
COMMAND: POST /session/04aee939af97850adaa3733c1af52842/element - {"using":"xpath","value":"(//span[contains(@class ,\"sapMObjStatusText\")])[4]"}
RESULT: {"using":"xpath","value":"(//span[contains(@class ,\"sapMObjStatusText\")])[4]"}
COMMAND: GET /session/04aee939af97850adaa3733c1af52842/element/f.244B6B55DE4F2A8C3CFC86491C19658C.d.E8AFBDC1AC930B40D72C0231F542D988.e.9374/text - {}
RESULT: {}
COMMAND: POST /session/04aee939af97850adaa3733c1af52842/element - {"using":"css selector","value":"#shell-header-logo"}
RESULT: {"using":"css selector","value":"#shell-header-logo"}
COMMAND: POST /session/04aee939af97850adaa3733c1af52842/element/f.244B6B55DE4F2A8C3CFC86491C19658C.d.E8AFBDC1AC930B40D72C0231F542D988.e.8826/click - {}
RESULT: {}
COMMAND: GET /session/04aee939af97850adaa3733c1af52842/screenshot - {}
RESULT: {}
]]></system-out>
    </testcase>
  </testsuite>
  <testsuite timestamp="2025-05-16T18:15:28" time="178.316" tests="2" failures="0" errors="0" skipped="0">
    <properties>
      <property name="specId" value="0" />
      <property name="suiteName" value="Reduced contract US151275" />
      <property name="capabilities" value="chrome.136_0_7103_93.windows" />
      <property name="file" value="file:///D:/a/1/s/test/specs/R2C/reduced-contract-creation.spec.js" />
    </properties>
    <testcase classname="chrome.136_0_7103_93.windows.Reduced_contract_US151275" name="Should create a new reduced contract" time="126.85">
      <system-out><![CDATA[
RESULT: undefined
COMMAND: POST /session/04aee939af97850adaa3733c1af52842/element - {"using":"xpath","value":"//*[@id=\"__tile130\"]"}
RESULT: {"using":"xpath","value":"//*[@id=\"__tile130\"]"}
COMMAND: POST /session/04aee939af97850adaa3733c1af52842/element/f.244B6B55DE4F2A8C3CFC86491C19658C.d.E8AFBDC1AC930B40D72C0231F542D988.e.8502/click - {}
RESULT: {}
COMMAND: GET /session/04aee939af97850adaa3733c1af52842/screenshot - {}
RESULT: {}
COMMAND: POST /session/04aee939af97850adaa3733c1af52842/elements - {"using":"xpath","value":"//span[text()='Error']"}
RESULT: {"using":"xpath","value":"//span[text()='Error']"}
COMMAND: POST /session/04aee939af97850adaa3733c1af52842/element - {"using":"xpath","value":"//button[@data-kt=\"addButton\"]"}
RESULT: {"using":"xpath","value":"//button[@data-kt=\"addButton\"]"}
COMMAND: POST /session/04aee939af97850adaa3733c1af52842/element/f.244B6B55DE4F2A8C3CFC86491C19658C.d.E8AFBDC1AC930B40D72C0231F542D988.e.9429/click - {}
RESULT: {}
COMMAND: GET /session/04aee939af97850adaa3733c1af52842/screenshot - {}
RESULT: {}
COMMAND: POST /session/04aee939af97850adaa3733c1af52842/refresh - {}
RESULT: {}
COMMAND: GET /session/04aee939af97850adaa3733c1af52842/screenshot - {}
RESULT: {}
COMMAND: POST /session/04aee939af97850adaa3733c1af52842/execute/async - {"script":"<script> [189 bytes]","args":[]}
RESULT: {"script":"<script> [189 bytes]","args":[]}
COMMAND: POST /session/04aee939af97850adaa3733c1af52842/execute/async - {"script":"<script> [123 bytes]","args":[]}
RESULT: {"script":"<script> [123 bytes]","args":[]}
COMMAND: POST /session/04aee939af97850adaa3733c1af52842/timeouts - {"script":"<number>"}
RESULT: {"script":"<number>"}
COMMAND: GET /session/04aee939af97850adaa3733c1af52842/timeouts - {}
RESULT: {}
RESULT: undefined
COMMAND: POST /session/04aee939af97850adaa3733c1af52842/execute/async - {"script":"<script> [2676 bytes]","args":[]}
RESULT: {"script":"<script> [2676 bytes]","args":[]}
COMMAND: POST /session/04aee939af97850adaa3733c1af52842/execute/async - {"script":"<script> [2342 bytes]","args":[{"protocol":"http","hostname":"0.0.0.0","path":"/","capabilities":{"browserName":"chrome","goog:chromeOptions":{"binary":"C:\\Program Files\\Google\\Chrome\\Application\\chrome.exe","args":["--start-maximized"]}},"logLevel":"warn","connectionRetryTimeout":120000,"connectionRetryCount":3,"logLevels":{},"enableDirectConnect":true,"strictSSL":true,"_":"65 more keys: [\"cacheDir\",\"port\",\"requestedCapabilities\",\"automationProtocol\",\"baseUrl\",\"waitforInterval\",\"waitforTimeout\",\"onReload\",\"beforeCommand\",\"afterCommand\",\"rootDir\",\"specs\",\"suites\",\"exclude\",\"groupLogsByTestSpec\",\"excludeDriverLogs\",\"bail\",\"framework\",\"reporters\",\"services\",\"maxInstances\",\"maxInstancesPerCapability\",\"injectGlobals\",\"filesToWatch\",\"execArgv\",\"runnerEnv\",\"runner\",\"shard\",\"specFileRetries\",\"specFileRetriesDelay\",\"specFileRetriesDeferred\",\"reporterSyncInterval\",\"reporterSyncTimeout\",\"cucumberFeaturesWithLineNumbers\",\"autoCompileOpts\",\"mochaOpts\",\"jasmineOpts\",\"cucumberOpts\",\"onPrepare\",\"onWorkerStart\",\"onWorkerEnd\",\"before\",\"beforeSession\",\"beforeSuite\",\"beforeHook\",\"beforeTest\",\"afterTest\",\"afterHook\",\"afterSuite\",\"afterSession\",\"after\",\"onComplete\",\"beforeAssertion\",\"afterAssertion\",\"beforeFeature\",\"beforeScenario\",\"beforeStep\",\"afterStep\",\"afterScenario\",\"afterFeature\",\"_\",\"suite\",\"$0\",\"ignoredWorkerServices\",\"wdi5\"]"}]}
RESULT: {"script":"<script> [2342 bytes]","args":[{"protocol":"http","hostname":"0.0.0.0","path":"/","capabilities":{"browserName":"chrome","goog:chromeOptions":{"binary":"C:\\Program Files\\Google\\Chrome\\Application\\chrome.exe","args":["--start-maximized"]}},"logLevel":"warn","connectionRetryTimeout":120000,"connectionRetryCount":3,"logLevels":{},"enableDirectConnect":true,"strictSSL":true,"_":"65 more keys: [\"cacheDir\",\"port\",\"requestedCapabilities\",\"automationProtocol\",\"baseUrl\",\"waitforInterval\",\"waitforTimeout\",\"onReload\",\"beforeCommand\",\"afterCommand\",\"rootDir\",\"specs\",\"suites\",\"exclude\",\"groupLogsByTestSpec\",\"excludeDriverLogs\",\"bail\",\"framework\",\"reporters\",\"services\",\"maxInstances\",\"maxInstancesPerCapability\",\"injectGlobals\",\"filesToWatch\",\"execArgv\",\"runnerEnv\",\"runner\",\"shard\",\"specFileRetries\",\"specFileRetriesDelay\",\"specFileRetriesDeferred\",\"reporterSyncInterval\",\"reporterSyncTimeout\",\"cucumberFeaturesWithLineNumbers\",\"autoCompileOpts\",\"mochaOpts\",\"jasmineOpts\",\"cucumberOpts\",\"onPrepare\",\"onWorkerStart\",\"onWorkerEnd\",\"before\",\"beforeSession\",\"beforeSuite\",\"beforeHook\",\"beforeTest\",\"afterTest\",\"afterHook\",\"afterSuite\",\"afterSession\",\"after\",\"onComplete\",\"beforeAssertion\",\"afterAssertion\",\"beforeFeature\",\"beforeScenario\",\"beforeStep\",\"afterStep\",\"afterScenario\",\"afterFeature\",\"_\",\"suite\",\"$0\",\"ignoredWorkerServices\",\"wdi5\"]"}]}
COMMAND: POST /session/04aee939af97850adaa3733c1af52842/execute/async - {"script":"<script> [21126 bytes]","args":[35000]}
RESULT: {"script":"<script> [21126 bytes]","args":[35000]}
COMMAND: POST /session/04aee939af97850adaa3733c1af52842/execute/async - {"script":"<script> [1562 bytes]","args":[{"selector":{"id":"application-managecontracts-display-component---AddNewContract--contractType","interaction":{"idSuffix":"arrow"}},"wdio_ui5_key":"applicationmanagecontracts-display-component---AddNewContract--contractType"}]}
RESULT: {"script":"<script> [1562 bytes]","args":[{"selector":{"id":"application-managecontracts-display-component---AddNewContract--contractType","interaction":{"idSuffix":"arrow"}},"wdio_ui5_key":"applicationmanagecontracts-display-component---AddNewContract--contractType"}]}
RESULT: undefined
COMMAND: POST /session/04aee939af97850adaa3733c1af52842/element - {"using":"xpath","value":"//*[@id=\"application-managecontracts-display-component---AddNewContract--contractType\"]"}
RESULT: {"using":"xpath","value":"//*[@id=\"application-managecontracts-display-component---AddNewContract--contractType\"]"}
COMMAND: POST /session/04aee939af97850adaa3733c1af52842/element/f.244B6B55DE4F2A8C3CFC86491C19658C.d.505353D2AD1C586BB812F2E5453868B1.e.9968/click - {}
RESULT: {}
COMMAND: GET /session/04aee939af97850adaa3733c1af52842/screenshot - {}
RESULT: {}
COMMAND: POST /session/04aee939af97850adaa3733c1af52842/execute/async - {"script":"<script> [1562 bytes]","args":[{"selector":{"controlType":"sap.ui.core.Item","viewName":"etm.portal.ui.managecontracts.view.AddNewContract","viewId":"application-managecontracts-display-component---AddNewContract","bindingPath":{"path":"/ContractTypes('02')","propertyPath":"ID","modelName":"catalogModel"},"searchOpenDialogs":true},"wdio_ui5_key":"etmportal.ui.managecontracts.view.AddNewContractsap.ui.core.Item{\"path\":\"/ContractTypes('02')\",\"propertyPath\":\"ID\",\"modelName\":\"catalogModel\"}"}]}
RESULT: {"script":"<script> [1562 bytes]","args":[{"selector":{"controlType":"sap.ui.core.Item","viewName":"etm.portal.ui.managecontracts.view.AddNewContract","viewId":"application-managecontracts-display-component---AddNewContract","bindingPath":{"path":"/ContractTypes('02')","propertyPath":"ID","modelName":"catalogModel"},"searchOpenDialogs":true},"wdio_ui5_key":"etmportal.ui.managecontracts.view.AddNewContractsap.ui.core.Item{\"path\":\"/ContractTypes('02')\",\"propertyPath\":\"ID\",\"modelName\":\"catalogModel\"}"}]}
RESULT: undefined
COMMAND: POST /session/04aee939af97850adaa3733c1af52842/element - {"using":"xpath","value":"//*[@id=\"__item57-application-managecontracts-display-component---AddNewContract--contractType-1\"]"}
RESULT: {"using":"xpath","value":"//*[@id=\"__item57-application-managecontracts-display-component---AddNewContract--contractType-1\"]"}
COMMAND: POST /session/04aee939af97850adaa3733c1af52842/element/f.244B6B55DE4F2A8C3CFC86491C19658C.d.505353D2AD1C586BB812F2E5453868B1.e.9969/click - {}
RESULT: {}
COMMAND: GET /session/04aee939af97850adaa3733c1af52842/screenshot - {}
RESULT: {}
COMMAND: POST /session/04aee939af97850adaa3733c1af52842/execute/async - {"script":"<script> [1562 bytes]","args":[{"selector":{"id":"application-managecontracts-display-component---AddNewContract--projectDescription","interaction":{"idSuffix":"inner"}},"wdio_ui5_key":"applicationmanagecontracts-display-component---AddNewContract--projectDescription"}]}
RESULT: {"script":"<script> [1562 bytes]","args":[{"selector":{"id":"application-managecontracts-display-component---AddNewContract--projectDescription","interaction":{"idSuffix":"inner"}},"wdio_ui5_key":"applicationmanagecontracts-display-component---AddNewContract--projectDescription"}]}
RESULT: undefined
COMMAND: POST /session/04aee939af97850adaa3733c1af52842/execute/async - {"script":"<script> [776 bytes]","args":[{"enterText":"WdIOReducedp810o","selector":{"id":"application-managecontracts-display-component---AddNewContract--projectDescription","interaction":{"idSuffix":"inner"}},"clearTextFirst":true,"interactionType":"ENTER_TEXT"}]}
RESULT: {"script":"<script> [776 bytes]","args":[{"enterText":"WdIOReducedp810o","selector":{"id":"application-managecontracts-display-component---AddNewContract--projectDescription","interaction":{"idSuffix":"inner"}},"clearTextFirst":true,"interactionType":"ENTER_TEXT"}]}
COMMAND: POST /session/04aee939af97850adaa3733c1af52842/element - {"using":"xpath","value":"//input[@id=\"application-managecontracts-display-component---AddNewContract--yardId-inner\"]"}
RESULT: {"using":"xpath","value":"//input[@id=\"application-managecontracts-display-component---AddNewContract--yardId-inner\"]"}
COMMAND: POST /session/04aee939af97850adaa3733c1af52842/element/f.244B6B55DE4F2A8C3CFC86491C19658C.d.505353D2AD1C586BB812F2E5453868B1.e.9873/clear - {}
RESULT: {}
COMMAND: POST /session/04aee939af97850adaa3733c1af52842/element/f.244B6B55DE4F2A8C3CFC86491C19658C.d.505353D2AD1C586BB812F2E5453868B1.e.9873/value - {"text":"WebdriverYardf6lo1"}
COMMAND: GET /session/04aee939af97850adaa3733c1af52842/screenshot - {}
RESULT: {"text":"WebdriverYardf6lo1"}
COMMAND: GET /session/04aee939af97850adaa3733c1af52842/screenshot - {}
RESULT: {}
RESULT: {}
COMMAND: POST /session/04aee939af97850adaa3733c1af52842/actions - {"actions":[{"id":"action58","type":"key","parameters":{},"actions":[{"type":"keyDown","value":"î€‡"},{"type":"pause","duration":10},{"type":"keyUp","value":"î€‡"}]}]}
RESULT: {"actions":[{"id":"action58","type":"key","parameters":{},"actions":[{"type":"keyDown","value":"î€‡"},{"type":"pause","duration":10},{"type":"keyUp","value":"î€‡"}]}]}
COMMAND: GET /session/04aee939af97850adaa3733c1af52842/screenshot - {}
RESULT: {}
COMMAND: POST /session/04aee939af97850adaa3733c1af52842/element - {"using":"xpath","value":"//input[@id=\"application-managecontracts-display-component---AddNewContract--customerSelect-inner\"]"}
RESULT: {"using":"xpath","value":"//input[@id=\"application-managecontracts-display-component---AddNewContract--customerSelect-inner\"]"}
COMMAND: POST /session/04aee939af97850adaa3733c1af52842/element/f.244B6B55DE4F2A8C3CFC86491C19658C.d.505353D2AD1C586BB812F2E5453868B1.e.9871/clear - {}
RESULT: {}
COMMAND: POST /session/04aee939af97850adaa3733c1af52842/element/f.244B6B55DE4F2A8C3CFC86491C19658C.d.505353D2AD1C586BB812F2E5453868B1.e.9871/value - {"text":"WebdriverPartnerd2m4xi"}
COMMAND: GET /session/04aee939af97850adaa3733c1af52842/screenshot - {}
RESULT: {"text":"WebdriverPartnerd2m4xi"}
COMMAND: GET /session/04aee939af97850adaa3733c1af52842/screenshot - {}
RESULT: {}
RESULT: {}
COMMAND: POST /session/04aee939af97850adaa3733c1af52842/actions - {"actions":[{"id":"action59","type":"key","parameters":{},"actions":[{"type":"keyDown","value":"î€‡"},{"type":"pause","duration":10},{"type":"keyUp","value":"î€‡"}]}]}
RESULT: {"actions":[{"id":"action59","type":"key","parameters":{},"actions":[{"type":"keyDown","value":"î€‡"},{"type":"pause","duration":10},{"type":"keyUp","value":"î€‡"}]}]}
COMMAND: GET /session/04aee939af97850adaa3733c1af52842/screenshot - {}
RESULT: {}
COMMAND: POST /session/04aee939af97850adaa3733c1af52842/execute/async - {"script":"<script> [1562 bytes]","args":[{"selector":{"id":"application-managecontracts-display-component---AddNewContract--calendarInput-arrow"},"wdio_ui5_key":"applicationmanagecontracts-display-component---AddNewContract--calendarInput-arrow"}]}
RESULT: {"script":"<script> [1562 bytes]","args":[{"selector":{"id":"application-managecontracts-display-component---AddNewContract--calendarInput-arrow"},"wdio_ui5_key":"applicationmanagecontracts-display-component---AddNewContract--calendarInput-arrow"}]}
RESULT: undefined
COMMAND: POST /session/04aee939af97850adaa3733c1af52842/element - {"using":"xpath","value":"//*[@id=\"application-managecontracts-display-component---AddNewContract--calendarInput-arrow\"]"}
RESULT: {"using":"xpath","value":"//*[@id=\"application-managecontracts-display-component---AddNewContract--calendarInput-arrow\"]"}
COMMAND: POST /session/04aee939af97850adaa3733c1af52842/element/f.244B6B55DE4F2A8C3CFC86491C19658C.d.505353D2AD1C586BB812F2E5453868B1.e.9843/click - {}
RESULT: {}
COMMAND: GET /session/04aee939af97850adaa3733c1af52842/screenshot - {}
RESULT: {}
COMMAND: POST /session/04aee939af97850adaa3733c1af52842/execute/async - {"script":"<script> [1562 bytes]","args":[{"selector":{"controlType":"sap.m.StandardListItem","viewName":"etm.portal.ui.managecontracts.view.AddNewContract","viewId":"application-managecontracts-display-component---AddNewContract","properties":{"title":"1 - Calendar unit test patch"},"searchOpenDialogs":true,"interaction":{"idSuffix":"titleText"}},"wdio_ui5_key":"etmportal.ui.managecontracts.view.AddNewContractsap.m.StandardListItem{\"title\":\"1 - Calendar unit test patch\"}"}]}
RESULT: {"script":"<script> [1562 bytes]","args":[{"selector":{"controlType":"sap.m.StandardListItem","viewName":"etm.portal.ui.managecontracts.view.AddNewContract","viewId":"application-managecontracts-display-component---AddNewContract","properties":{"title":"1 - Calendar unit test patch"},"searchOpenDialogs":true,"interaction":{"idSuffix":"titleText"}},"wdio_ui5_key":"etmportal.ui.managecontracts.view.AddNewContractsap.m.StandardListItem{\"title\":\"1 - Calendar unit test patch\"}"}]}
RESULT: undefined
COMMAND: POST /session/04aee939af97850adaa3733c1af52842/element - {"using":"xpath","value":"//*[@id=\"__item707\"]"}
RESULT: {"using":"xpath","value":"//*[@id=\"__item707\"]"}
COMMAND: POST /session/04aee939af97850adaa3733c1af52842/element/f.244B6B55DE4F2A8C3CFC86491C19658C.d.505353D2AD1C586BB812F2E5453868B1.e.9976/click - {}
RESULT: {}
COMMAND: GET /session/04aee939af97850adaa3733c1af52842/screenshot - {}
RESULT: {}
COMMAND: POST /session/04aee939af97850adaa3733c1af52842/execute/async - {"script":"<script> [1562 bytes]","args":[{"selector":{"id":"application-managecontracts-display-component---AddNewContract--streetInput","interaction":{"idSuffix":"inner"}},"wdio_ui5_key":"applicationmanagecontracts-display-component---AddNewContract--streetInput"}]}
RESULT: {"script":"<script> [1562 bytes]","args":[{"selector":{"id":"application-managecontracts-display-component---AddNewContract--streetInput","interaction":{"idSuffix":"inner"}},"wdio_ui5_key":"applicationmanagecontracts-display-component---AddNewContract--streetInput"}]}
RESULT: undefined
COMMAND: POST /session/04aee939af97850adaa3733c1af52842/execute/async - {"script":"<script> [776 bytes]","args":[{"enterText":"StreetWdIO","selector":{"id":"application-managecontracts-display-component---AddNewContract--streetInput","interaction":{"idSuffix":"inner"}},"clearTextFirst":true,"interactionType":"ENTER_TEXT"}]}
RESULT: {"script":"<script> [776 bytes]","args":[{"enterText":"StreetWdIO","selector":{"id":"application-managecontracts-display-component---AddNewContract--streetInput","interaction":{"idSuffix":"inner"}},"clearTextFirst":true,"interactionType":"ENTER_TEXT"}]}
COMMAND: POST /session/04aee939af97850adaa3733c1af52842/execute/async - {"script":"<script> [1562 bytes]","args":[{"selector":{"id":"application-managecontracts-display-component---AddNewContract--numberInput","interaction":{"idSuffix":"inner"}},"wdio_ui5_key":"applicationmanagecontracts-display-component---AddNewContract--numberInput"}]}
RESULT: {"script":"<script> [1562 bytes]","args":[{"selector":{"id":"application-managecontracts-display-component---AddNewContract--numberInput","interaction":{"idSuffix":"inner"}},"wdio_ui5_key":"applicationmanagecontracts-display-component---AddNewContract--numberInput"}]}
RESULT: undefined
COMMAND: POST /session/04aee939af97850adaa3733c1af52842/execute/async - {"script":"<script> [776 bytes]","args":[{"enterText":"3","selector":{"id":"application-managecontracts-display-component---AddNewContract--numberInput","interaction":{"idSuffix":"inner"}},"clearTextFirst":true,"interactionType":"ENTER_TEXT"}]}
RESULT: {"script":"<script> [776 bytes]","args":[{"enterText":"3","selector":{"id":"application-managecontracts-display-component---AddNewContract--numberInput","interaction":{"idSuffix":"inner"}},"clearTextFirst":true,"interactionType":"ENTER_TEXT"}]}
COMMAND: POST /session/04aee939af97850adaa3733c1af52842/execute/async - {"script":"<script> [1562 bytes]","args":[{"selector":{"id":"application-managecontracts-display-component---AddNewContract--cityInput","interaction":{"idSuffix":"inner"}},"wdio_ui5_key":"applicationmanagecontracts-display-component---AddNewContract--cityInput"}]}
RESULT: {"script":"<script> [1562 bytes]","args":[{"selector":{"id":"application-managecontracts-display-component---AddNewContract--cityInput","interaction":{"idSuffix":"inner"}},"wdio_ui5_key":"applicationmanagecontracts-display-component---AddNewContract--cityInput"}]}
RESULT: undefined
COMMAND: POST /session/04aee939af97850adaa3733c1af52842/execute/async - {"script":"<script> [776 bytes]","args":[{"enterText":"Bucharest","selector":{"id":"application-managecontracts-display-component---AddNewContract--cityInput","interaction":{"idSuffix":"inner"}},"clearTextFirst":true,"interactionType":"ENTER_TEXT"}]}
RESULT: {"script":"<script> [776 bytes]","args":[{"enterText":"Bucharest","selector":{"id":"application-managecontracts-display-component---AddNewContract--cityInput","interaction":{"idSuffix":"inner"}},"clearTextFirst":true,"interactionType":"ENTER_TEXT"}]}
COMMAND: POST /session/04aee939af97850adaa3733c1af52842/execute/async - {"script":"<script> [1562 bytes]","args":[{"selector":{"id":"application-managecontracts-display-component---AddNewContract--zipInput","interaction":{"idSuffix":"inner"}},"wdio_ui5_key":"applicationmanagecontracts-display-component---AddNewContract--zipInput"}]}
RESULT: {"script":"<script> [1562 bytes]","args":[{"selector":{"id":"application-managecontracts-display-component---AddNewContract--zipInput","interaction":{"idSuffix":"inner"}},"wdio_ui5_key":"applicationmanagecontracts-display-component---AddNewContract--zipInput"}]}
RESULT: undefined
COMMAND: POST /session/04aee939af97850adaa3733c1af52842/execute/async - {"script":"<script> [776 bytes]","args":[{"enterText":"021210","selector":{"id":"application-managecontracts-display-component---AddNewContract--zipInput","interaction":{"idSuffix":"inner"}},"clearTextFirst":true,"interactionType":"ENTER_TEXT"}]}
RESULT: {"script":"<script> [776 bytes]","args":[{"enterText":"021210","selector":{"id":"application-managecontracts-display-component---AddNewContract--zipInput","interaction":{"idSuffix":"inner"}},"clearTextFirst":true,"interactionType":"ENTER_TEXT"}]}
COMMAND: POST /session/04aee939af97850adaa3733c1af52842/element - {"using":"xpath","value":"//bdi[contains(@id ,\"application-managecontracts-display-component---AddNewContract--saveBtn-BDI-content\")]"}
RESULT: {"using":"xpath","value":"//bdi[contains(@id ,\"application-managecontracts-display-component---AddNewContract--saveBtn-BDI-content\")]"}
COMMAND: POST /session/04aee939af97850adaa3733c1af52842/element/f.244B6B55DE4F2A8C3CFC86491C19658C.d.505353D2AD1C586BB812F2E5453868B1.e.9981/click - {}
RESULT: {}
COMMAND: GET /session/04aee939af97850adaa3733c1af52842/screenshot - {}
RESULT: {}
COMMAND: POST /session/04aee939af97850adaa3733c1af52842/element - {"using":"xpath","value":"//button[contains(@data-kt ,\"contractDetailEditBtnButton\")]"}
RESULT: {"using":"xpath","value":"//button[contains(@data-kt ,\"contractDetailEditBtnButton\")]"}
COMMAND: POST /session/04aee939af97850adaa3733c1af52842/execute/sync - {"script":"<script> [8489 bytes]","args":[{"element-6066-11e4-a52e-4f735466cecf":"f.244B6B55DE4F2A8C3CFC86491C19658C.d.505353D2AD1C586BB812F2E5453868B1.e.10039","ELEMENT":"f.244B6B55DE4F2A8C3CFC86491C19658C.d.505353D2AD1C586BB812F2E5453868B1.e.10039"}]}
RESULT: {"script":"<script> [8489 bytes]","args":[{"element-6066-11e4-a52e-4f735466cecf":"f.244B6B55DE4F2A8C3CFC86491C19658C.d.505353D2AD1C586BB812F2E5453868B1.e.10039","ELEMENT":"f.244B6B55DE4F2A8C3CFC86491C19658C.d.505353D2AD1C586BB812F2E5453868B1.e.10039"}]}
COMMAND: POST /session/04aee939af97850adaa3733c1af52842/execute/sync - {"script":"<script> [8489 bytes]","args":[{"element-6066-11e4-a52e-4f735466cecf":"f.244B6B55DE4F2A8C3CFC86491C19658C.d.505353D2AD1C586BB812F2E5453868B1.e.10039","ELEMENT":"f.244B6B55DE4F2A8C3CFC86491C19658C.d.505353D2AD1C586BB812F2E5453868B1.e.10039"}]}
COMMAND: GET /session/04aee939af97850adaa3733c1af52842/screenshot - {}
RESULT: {"script":"<script> [8489 bytes]","args":[{"element-6066-11e4-a52e-4f735466cecf":"f.244B6B55DE4F2A8C3CFC86491C19658C.d.505353D2AD1C586BB812F2E5453868B1.e.10039","ELEMENT":"f.244B6B55DE4F2A8C3CFC86491C19658C.d.505353D2AD1C586BB812F2E5453868B1.e.10039"}]}
COMMAND: POST /session/04aee939af97850adaa3733c1af52842/execute/sync - {"script":"<script> [5351 bytes]","args":[{"element-6066-11e4-a52e-4f735466cecf":"f.244B6B55DE4F2A8C3CFC86491C19658C.d.505353D2AD1C586BB812F2E5453868B1.e.10039","ELEMENT":"f.244B6B55DE4F2A8C3CFC86491C19658C.d.505353D2AD1C586BB812F2E5453868B1.e.10039"}]}
COMMAND: GET /session/04aee939af97850adaa3733c1af52842/screenshot - {}
RESULT: {}
RESULT: {"script":"<script> [5351 bytes]","args":[{"element-6066-11e4-a52e-4f735466cecf":"f.244B6B55DE4F2A8C3CFC86491C19658C.d.505353D2AD1C586BB812F2E5453868B1.e.10039","ELEMENT":"f.244B6B55DE4F2A8C3CFC86491C19658C.d.505353D2AD1C586BB812F2E5453868B1.e.10039"}]}
COMMAND: POST /session/04aee939af97850adaa3733c1af52842/execute/async - {"script":"<script> [1562 bytes]","args":[{"selector":{"controlType":"sap.m.Text","viewName":"etm.portal.ui.managecontracts.view.Detail","bindingPath":{"propertyPath":"LINK_TO_C_CONTRACT_TYPES/DESCRIPTION","modelName":"catalogModel"}},"wdio_ui5_key":"etmportal.ui.managecontracts.view.Detailsap.m.Text{\"propertyPath\":\"LINK_TO_C_CONTRACT_TYPES/DESCRIPTION\",\"modelName\":\"catalogModel\"}"}]}
COMMAND: GET /session/04aee939af97850adaa3733c1af52842/screenshot - {}
RESULT: {}
RESULT: {}
RESULT: {"script":"<script> [1562 bytes]","args":[{"selector":{"controlType":"sap.m.Text","viewName":"etm.portal.ui.managecontracts.view.Detail","bindingPath":{"propertyPath":"LINK_TO_C_CONTRACT_TYPES/DESCRIPTION","modelName":"catalogModel"}},"wdio_ui5_key":"etmportal.ui.managecontracts.view.Detailsap.m.Text{\"propertyPath\":\"LINK_TO_C_CONTRACT_TYPES/DESCRIPTION\",\"modelName\":\"catalogModel\"}"}]}
RESULT: undefined
COMMAND: POST /session/04aee939af97850adaa3733c1af52842/execute/async - {"script":"<script> [6424 bytes]","args":[{"element-6066-11e4-a52e-4f735466cecf":"f.244B6B55DE4F2A8C3CFC86491C19658C.d.505353D2AD1C586BB812F2E5453868B1.e.10042"},"getText",[]]}
RESULT: {"script":"<script> [6424 bytes]","args":[{"element-6066-11e4-a52e-4f735466cecf":"f.244B6B55DE4F2A8C3CFC86491C19658C.d.505353D2AD1C586BB812F2E5453868B1.e.10042"},"getText",[]]}
COMMAND: POST /session/04aee939af97850adaa3733c1af52842/element/f.244B6B55DE4F2A8C3CFC86491C19658C.d.505353D2AD1C586BB812F2E5453868B1.e.10039/click - {}
RESULT: {}
COMMAND: GET /session/04aee939af97850adaa3733c1af52842/screenshot - {}
RESULT: {}
]]></system-out>
    </testcase>
    <testcase classname="chrome.136_0_7103_93.windows.Reduced_contract_US151275" name="Should add a RU to the contract" time="46.464">
      <system-out><![CDATA[
COMMAND: POST /session/04aee939af97850adaa3733c1af52842/element - {"using":"xpath","value":"(//span[contains(text(), \"Header Billing Items\")])[2]"}
RESULT: {"using":"xpath","value":"(//span[contains(text(), \"Header Billing Items\")])[2]"}
COMMAND: POST /session/04aee939af97850adaa3733c1af52842/element/f.244B6B55DE4F2A8C3CFC86491C19658C.d.505353D2AD1C586BB812F2E5453868B1.e.10086/click - {}
RESULT: {}
COMMAND: GET /session/04aee939af97850adaa3733c1af52842/screenshot - {}
RESULT: {}
COMMAND: POST /session/04aee939af97850adaa3733c1af52842/element - {"using":"xpath","value":"//button[@data-kt=\"btnAddTableRowOverflowToolbarButton\"]"}
RESULT: {"using":"xpath","value":"//button[@data-kt=\"btnAddTableRowOverflowToolbarButton\"]"}
COMMAND: POST /session/04aee939af97850adaa3733c1af52842/element/f.244B6B55DE4F2A8C3CFC86491C19658C.d.505353D2AD1C586BB812F2E5453868B1.e.10089/click - {}
RESULT: {}
COMMAND: GET /session/04aee939af97850adaa3733c1af52842/screenshot - {}
RESULT: {}
COMMAND: POST /session/04aee939af97850adaa3733c1af52842/element - {"using":"xpath","value":"//div[(text() = 'Standard Entry' or . = 'Standard Entry')]"}
RESULT: {"using":"xpath","value":"//div[(text() = 'Standard Entry' or . = 'Standard Entry')]"}
COMMAND: POST /session/04aee939af97850adaa3733c1af52842/element/f.244B6B55DE4F2A8C3CFC86491C19658C.d.505353D2AD1C586BB812F2E5453868B1.e.10091/click - {}
RESULT: {}
COMMAND: POST /session/04aee939af97850adaa3733c1af52842/element - {"using":"xpath","value":"//td[6]/div/div/input[1]"}
COMMAND: GET /session/04aee939af97850adaa3733c1af52842/screenshot - {}
RESULT: {"using":"xpath","value":"//td[6]/div/div/input[1]"}
COMMAND: POST /session/04aee939af97850adaa3733c1af52842/element/f.244B6B55DE4F2A8C3CFC86491C19658C.d.505353D2AD1C586BB812F2E5453868B1.e.10093/click - {}
RESULT: {}
RESULT: {}
COMMAND: POST /session/04aee939af97850adaa3733c1af52842/actions - {"actions":[{"id":"action60","type":"key","parameters":{},"actions":[{"type":"keyDown","value":"î€ƒ"},{"type":"pause","duration":10},{"type":"keyUp","value":"î€ƒ"}]}]}
COMMAND: GET /session/04aee939af97850adaa3733c1af52842/screenshot - {}
RESULT: {"actions":[{"id":"action60","type":"key","parameters":{},"actions":[{"type":"keyDown","value":"î€ƒ"},{"type":"pause","duration":10},{"type":"keyUp","value":"î€ƒ"}]}]}
COMMAND: POST /session/04aee939af97850adaa3733c1af52842/element - {"using":"xpath","value":"//td[6]/div/div/input[1]"}
COMMAND: GET /session/04aee939af97850adaa3733c1af52842/screenshot - {}
RESULT: {}
RESULT: {"using":"xpath","value":"//td[6]/div/div/input[1]"}
COMMAND: POST /session/04aee939af97850adaa3733c1af52842/element/f.244B6B55DE4F2A8C3CFC86491C19658C.d.505353D2AD1C586BB812F2E5453868B1.e.10093/clear - {}
RESULT: {}
RESULT: {}
COMMAND: POST /session/04aee939af97850adaa3733c1af52842/element/f.244B6B55DE4F2A8C3CFC86491C19658C.d.505353D2AD1C586BB812F2E5453868B1.e.10093/value - {"text":"Material"}
COMMAND: GET /session/04aee939af97850adaa3733c1af52842/screenshot - {}
RESULT: {"text":"Material"}
COMMAND: GET /session/04aee939af97850adaa3733c1af52842/screenshot - {}
RESULT: {}
RESULT: {}
COMMAND: POST /session/04aee939af97850adaa3733c1af52842/actions - {"actions":[{"id":"action61","type":"key","parameters":{},"actions":[{"type":"keyDown","value":"î€‡"},{"type":"pause","duration":10},{"type":"keyUp","value":"î€‡"}]}]}
RESULT: {"actions":[{"id":"action61","type":"key","parameters":{},"actions":[{"type":"keyDown","value":"î€‡"},{"type":"pause","duration":10},{"type":"keyUp","value":"î€‡"}]}]}
COMMAND: GET /session/04aee939af97850adaa3733c1af52842/screenshot - {}
RESULT: {}
COMMAND: POST /session/04aee939af97850adaa3733c1af52842/actions - {"actions":[{"id":"action62","type":"key","parameters":{},"actions":[{"type":"keyDown","value":"î€‡"},{"type":"pause","duration":10},{"type":"keyUp","value":"î€‡"}]}]}
RESULT: {"actions":[{"id":"action62","type":"key","parameters":{},"actions":[{"type":"keyDown","value":"î€‡"},{"type":"pause","duration":10},{"type":"keyUp","value":"î€‡"}]}]}
COMMAND: POST /session/04aee939af97850adaa3733c1af52842/element - {"using":"xpath","value":"//td[7]/div/div/input"}
COMMAND: GET /session/04aee939af97850adaa3733c1af52842/screenshot - {}
RESULT: {"using":"xpath","value":"//td[7]/div/div/input"}
COMMAND: POST /session/04aee939af97850adaa3733c1af52842/element/f.244B6B55DE4F2A8C3CFC86491C19658C.d.505353D2AD1C586BB812F2E5453868B1.e.10106/clear - {}
RESULT: {}
RESULT: {}
COMMAND: POST /session/04aee939af97850adaa3733c1af52842/element/f.244B6B55DE4F2A8C3CFC86491C19658C.d.505353D2AD1C586BB812F2E5453868B1.e.10106/value - {"text":"WebdriverRUR2C"}
COMMAND: GET /session/04aee939af97850adaa3733c1af52842/screenshot - {}
RESULT: {"text":"WebdriverRUR2C"}
COMMAND: GET /session/04aee939af97850adaa3733c1af52842/screenshot - {}
RESULT: {}
RESULT: {}
COMMAND: POST /session/04aee939af97850adaa3733c1af52842/actions - {"actions":[{"id":"action63","type":"key","parameters":{},"actions":[{"type":"keyDown","value":"î€‡"},{"type":"pause","duration":10},{"type":"keyUp","value":"î€‡"}]}]}
RESULT: {"actions":[{"id":"action63","type":"key","parameters":{},"actions":[{"type":"keyDown","value":"î€‡"},{"type":"pause","duration":10},{"type":"keyUp","value":"î€‡"}]}]}
COMMAND: GET /session/04aee939af97850adaa3733c1af52842/screenshot - {}
RESULT: {}
COMMAND: POST /session/04aee939af97850adaa3733c1af52842/actions - {"actions":[{"id":"action64","type":"key","parameters":{},"actions":[{"type":"keyDown","value":"î€‡"},{"type":"pause","duration":10},{"type":"keyUp","value":"î€‡"}]}]}
RESULT: {"actions":[{"id":"action64","type":"key","parameters":{},"actions":[{"type":"keyDown","value":"î€‡"},{"type":"pause","duration":10},{"type":"keyUp","value":"î€‡"}]}]}
COMMAND: GET /session/04aee939af97850adaa3733c1af52842/screenshot - {}
RESULT: {}
COMMAND: POST /session/04aee939af97850adaa3733c1af52842/element - {"using":"xpath","value":"(//button[@data-kt=\"saveButton\"])[2]"}
RESULT: {"using":"xpath","value":"(//button[@data-kt=\"saveButton\"])[2]"}
COMMAND: POST /session/04aee939af97850adaa3733c1af52842/element/f.244B6B55DE4F2A8C3CFC86491C19658C.d.505353D2AD1C586BB812F2E5453868B1.e.10131/click - {}
RESULT: {}
COMMAND: GET /session/04aee939af97850adaa3733c1af52842/screenshot - {}
RESULT: {}
COMMAND: POST /session/04aee939af97850adaa3733c1af52842/element - {"using":"xpath","value":"//button[contains(@data-kt ,\"contractDetailEditBtnButton\")]"}
RESULT: {"using":"xpath","value":"//button[contains(@data-kt ,\"contractDetailEditBtnButton\")]"}
COMMAND: POST /session/04aee939af97850adaa3733c1af52842/execute/sync - {"script":"<script> [8489 bytes]","args":[{"element-6066-11e4-a52e-4f735466cecf":"f.244B6B55DE4F2A8C3CFC86491C19658C.d.505353D2AD1C586BB812F2E5453868B1.e.10039","ELEMENT":"f.244B6B55DE4F2A8C3CFC86491C19658C.d.505353D2AD1C586BB812F2E5453868B1.e.10039"}]}
RESULT: {"script":"<script> [8489 bytes]","args":[{"element-6066-11e4-a52e-4f735466cecf":"f.244B6B55DE4F2A8C3CFC86491C19658C.d.505353D2AD1C586BB812F2E5453868B1.e.10039","ELEMENT":"f.244B6B55DE4F2A8C3CFC86491C19658C.d.505353D2AD1C586BB812F2E5453868B1.e.10039"}]}
COMMAND: POST /session/04aee939af97850adaa3733c1af52842/execute/sync - {"script":"<script> [8489 bytes]","args":[{"element-6066-11e4-a52e-4f735466cecf":"f.244B6B55DE4F2A8C3CFC86491C19658C.d.505353D2AD1C586BB812F2E5453868B1.e.10039","ELEMENT":"f.244B6B55DE4F2A8C3CFC86491C19658C.d.505353D2AD1C586BB812F2E5453868B1.e.10039"}]}
COMMAND: GET /session/04aee939af97850adaa3733c1af52842/screenshot - {}
RESULT: {"script":"<script> [8489 bytes]","args":[{"element-6066-11e4-a52e-4f735466cecf":"f.244B6B55DE4F2A8C3CFC86491C19658C.d.505353D2AD1C586BB812F2E5453868B1.e.10039","ELEMENT":"f.244B6B55DE4F2A8C3CFC86491C19658C.d.505353D2AD1C586BB812F2E5453868B1.e.10039"}]}
COMMAND: POST /session/04aee939af97850adaa3733c1af52842/execute/sync - {"script":"<script> [5351 bytes]","args":[{"element-6066-11e4-a52e-4f735466cecf":"f.244B6B55DE4F2A8C3CFC86491C19658C.d.505353D2AD1C586BB812F2E5453868B1.e.10039","ELEMENT":"f.244B6B55DE4F2A8C3CFC86491C19658C.d.505353D2AD1C586BB812F2E5453868B1.e.10039"}]}
COMMAND: GET /session/04aee939af97850adaa3733c1af52842/screenshot - {}
RESULT: {}
RESULT: {"script":"<script> [5351 bytes]","args":[{"element-6066-11e4-a52e-4f735466cecf":"f.244B6B55DE4F2A8C3CFC86491C19658C.d.505353D2AD1C586BB812F2E5453868B1.e.10039","ELEMENT":"f.244B6B55DE4F2A8C3CFC86491C19658C.d.505353D2AD1C586BB812F2E5453868B1.e.10039"}]}
COMMAND: POST /session/04aee939af97850adaa3733c1af52842/element - {"using":"xpath","value":"(//span[contains(text(), \"Header Billing Items\")])[1]"}
COMMAND: GET /session/04aee939af97850adaa3733c1af52842/screenshot - {}
RESULT: {}
RESULT: {"using":"xpath","value":"(//span[contains(text(), \"Header Billing Items\")])[1]"}
COMMAND: POST /session/04aee939af97850adaa3733c1af52842/element/f.244B6B55DE4F2A8C3CFC86491C19658C.d.505353D2AD1C586BB812F2E5453868B1.e.10134/click - {}
RESULT: {}
RESULT: {}
COMMAND: GET /session/04aee939af97850adaa3733c1af52842/screenshot - {}
RESULT: {}
COMMAND: POST /session/04aee939af97850adaa3733c1af52842/execute/async - {"script":"<script> [1562 bytes]","args":[{"selector":{"controlType":"sap.m.Title","viewName":"etm.portal.ui.managecontracts.view.Detail","properties":{"text":"Contract Items (1)"}},"wdio_ui5_key":"etmportal.ui.managecontracts.view.Detailsap.m.Title{\"text\":\"Contract Items (1)\"}"}]}
RESULT: {"script":"<script> [1562 bytes]","args":[{"selector":{"controlType":"sap.m.Title","viewName":"etm.portal.ui.managecontracts.view.Detail","properties":{"text":"Contract Items (1)"}},"wdio_ui5_key":"etmportal.ui.managecontracts.view.Detailsap.m.Title{\"text\":\"Contract Items (1)\"}"}]}
RESULT: undefined
COMMAND: POST /session/04aee939af97850adaa3733c1af52842/execute/async - {"script":"<script> [6424 bytes]","args":[{"element-6066-11e4-a52e-4f735466cecf":"f.244B6B55DE4F2A8C3CFC86491C19658C.d.505353D2AD1C586BB812F2E5453868B1.e.10136"},"getText",[]]}
RESULT: {"script":"<script> [6424 bytes]","args":[{"element-6066-11e4-a52e-4f735466cecf":"f.244B6B55DE4F2A8C3CFC86491C19658C.d.505353D2AD1C586BB812F2E5453868B1.e.10136"},"getText",[]]}
COMMAND: POST /session/04aee939af97850adaa3733c1af52842/element - {"using":"xpath","value":"(//span[contains(@class ,\"sapMObjStatusText\")])[1]"}
RESULT: {"using":"xpath","value":"(//span[contains(@class ,\"sapMObjStatusText\")])[1]"}
COMMAND: GET /session/04aee939af97850adaa3733c1af52842/element/f.244B6B55DE4F2A8C3CFC86491C19658C.d.505353D2AD1C586BB812F2E5453868B1.e.10137/text - {}
RESULT: {}
COMMAND: POST /session/04aee939af97850adaa3733c1af52842/refresh - {}
RESULT: {}
COMMAND: GET /session/04aee939af97850adaa3733c1af52842/screenshot - {}
RESULT: {}
COMMAND: POST /session/04aee939af97850adaa3733c1af52842/execute/async - {"script":"<script> [189 bytes]","args":[]}
RESULT: {"script":"<script> [189 bytes]","args":[]}
COMMAND: POST /session/04aee939af97850adaa3733c1af52842/execute/async - {"script":"<script> [123 bytes]","args":[]}
RESULT: {"script":"<script> [123 bytes]","args":[]}
COMMAND: POST /session/04aee939af97850adaa3733c1af52842/timeouts - {"script":"<number>"}
RESULT: {"script":"<number>"}
COMMAND: GET /session/04aee939af97850adaa3733c1af52842/timeouts - {}
RESULT: {}
RESULT: undefined
COMMAND: POST /session/04aee939af97850adaa3733c1af52842/execute/async - {"script":"<script> [2676 bytes]","args":[]}
RESULT: {"script":"<script> [2676 bytes]","args":[]}
COMMAND: POST /session/04aee939af97850adaa3733c1af52842/execute/async - {"script":"<script> [2342 bytes]","args":[{"protocol":"http","hostname":"0.0.0.0","path":"/","capabilities":{"browserName":"chrome","goog:chromeOptions":{"binary":"C:\\Program Files\\Google\\Chrome\\Application\\chrome.exe","args":["--start-maximized"]}},"logLevel":"warn","connectionRetryTimeout":120000,"connectionRetryCount":3,"logLevels":{},"enableDirectConnect":true,"strictSSL":true,"_":"65 more keys: [\"cacheDir\",\"port\",\"requestedCapabilities\",\"automationProtocol\",\"baseUrl\",\"waitforInterval\",\"waitforTimeout\",\"onReload\",\"beforeCommand\",\"afterCommand\",\"rootDir\",\"specs\",\"suites\",\"exclude\",\"groupLogsByTestSpec\",\"excludeDriverLogs\",\"bail\",\"framework\",\"reporters\",\"services\",\"maxInstances\",\"maxInstancesPerCapability\",\"injectGlobals\",\"filesToWatch\",\"execArgv\",\"runnerEnv\",\"runner\",\"shard\",\"specFileRetries\",\"specFileRetriesDelay\",\"specFileRetriesDeferred\",\"reporterSyncInterval\",\"reporterSyncTimeout\",\"cucumberFeaturesWithLineNumbers\",\"autoCompileOpts\",\"mochaOpts\",\"jasmineOpts\",\"cucumberOpts\",\"onPrepare\",\"onWorkerStart\",\"onWorkerEnd\",\"before\",\"beforeSession\",\"beforeSuite\",\"beforeHook\",\"beforeTest\",\"afterTest\",\"afterHook\",\"afterSuite\",\"afterSession\",\"after\",\"onComplete\",\"beforeAssertion\",\"afterAssertion\",\"beforeFeature\",\"beforeScenario\",\"beforeStep\",\"afterStep\",\"afterScenario\",\"afterFeature\",\"_\",\"suite\",\"$0\",\"ignoredWorkerServices\",\"wdi5\"]"}]}
RESULT: {"script":"<script> [2342 bytes]","args":[{"protocol":"http","hostname":"0.0.0.0","path":"/","capabilities":{"browserName":"chrome","goog:chromeOptions":{"binary":"C:\\Program Files\\Google\\Chrome\\Application\\chrome.exe","args":["--start-maximized"]}},"logLevel":"warn","connectionRetryTimeout":120000,"connectionRetryCount":3,"logLevels":{},"enableDirectConnect":true,"strictSSL":true,"_":"65 more keys: [\"cacheDir\",\"port\",\"requestedCapabilities\",\"automationProtocol\",\"baseUrl\",\"waitforInterval\",\"waitforTimeout\",\"onReload\",\"beforeCommand\",\"afterCommand\",\"rootDir\",\"specs\",\"suites\",\"exclude\",\"groupLogsByTestSpec\",\"excludeDriverLogs\",\"bail\",\"framework\",\"reporters\",\"services\",\"maxInstances\",\"maxInstancesPerCapability\",\"injectGlobals\",\"filesToWatch\",\"execArgv\",\"runnerEnv\",\"runner\",\"shard\",\"specFileRetries\",\"specFileRetriesDelay\",\"specFileRetriesDeferred\",\"reporterSyncInterval\",\"reporterSyncTimeout\",\"cucumberFeaturesWithLineNumbers\",\"autoCompileOpts\",\"mochaOpts\",\"jasmineOpts\",\"cucumberOpts\",\"onPrepare\",\"onWorkerStart\",\"onWorkerEnd\",\"before\",\"beforeSession\",\"beforeSuite\",\"beforeHook\",\"beforeTest\",\"afterTest\",\"afterHook\",\"afterSuite\",\"afterSession\",\"after\",\"onComplete\",\"beforeAssertion\",\"afterAssertion\",\"beforeFeature\",\"beforeScenario\",\"beforeStep\",\"afterStep\",\"afterScenario\",\"afterFeature\",\"_\",\"suite\",\"$0\",\"ignoredWorkerServices\",\"wdi5\"]"}]}
COMMAND: POST /session/04aee939af97850adaa3733c1af52842/execute/async - {"script":"<script> [21126 bytes]","args":[35000]}
RESULT: {"script":"<script> [21126 bytes]","args":[35000]}
COMMAND: POST /session/04aee939af97850adaa3733c1af52842/element - {"using":"css selector","value":"#shell-header-logo"}
RESULT: {"using":"css selector","value":"#shell-header-logo"}
COMMAND: POST /session/04aee939af97850adaa3733c1af52842/element/f.244B6B55DE4F2A8C3CFC86491C19658C.d.C91ED5F0BCE3ACFF4B7D85D0378813D1.e.10144/click - {}
RESULT: {}
COMMAND: GET /session/04aee939af97850adaa3733c1af52842/screenshot - {}
RESULT: {}
]]></system-out>
    </testcase>
  </testsuite>
  <testsuite timestamp="2025-05-16T18:18:26" time="1239.133" tests="7" failures="1" errors="1" skipped="0">
    <properties>
      <property name="specId" value="0" />
      <property name="suiteName" value="E2E - Logistical and commercial statuses" />
      <property name="capabilities" value="chrome.136_0_7103_93.windows" />
      <property name="file" value="file:///D:/a/1/s/test/specs/R2C/E2E-Logistical-and-commercial-status.spec.js" />
    </properties>
    <testcase classname="chrome.136_0_7103_93.windows.E2E_-_Logistical_and_commercial_statuses" name="Should create prerequisites yard partner and site" time="292.797">
      <system-out><![CDATA[
COMMAND: POST /session/04aee939af97850adaa3733c1af52842/execute/async - {"script":"<script> [1562 bytes]","args":[{"selector":{"controlType":"sap.m.GenericTile","properties":{"header":"Manage Yards"}},"wdio_ui5_key":"sapm.GenericTile{\"header\":\"Manage Yards\"}"}]}
RESULT: {"script":"<script> [1562 bytes]","args":[{"selector":{"controlType":"sap.m.GenericTile","properties":{"header":"Manage Yards"}},"wdio_ui5_key":"sapm.GenericTile{\"header\":\"Manage Yards\"}"}]}
RESULT: undefined
COMMAND: POST /session/04aee939af97850adaa3733c1af52842/element - {"using":"xpath","value":"//*[@id=\"__tile41\"]"}
RESULT: {"using":"xpath","value":"//*[@id=\"__tile41\"]"}
COMMAND: POST /session/04aee939af97850adaa3733c1af52842/element/f.244B6B55DE4F2A8C3CFC86491C19658C.d.C91ED5F0BCE3ACFF4B7D85D0378813D1.e.10378/click - {}
RESULT: {}
COMMAND: GET /session/04aee939af97850adaa3733c1af52842/screenshot - {}
RESULT: {}
COMMAND: POST /session/04aee939af97850adaa3733c1af52842/elements - {"using":"xpath","value":"//span[text()='Error']"}
RESULT: {"using":"xpath","value":"//span[text()='Error']"}
COMMAND: POST /session/04aee939af97850adaa3733c1af52842/execute/async - {"script":"<script> [1562 bytes]","args":[{"selector":{"controlType":"sap.ui.core.Icon","viewName":"etm.portal.ui.manageyards.view.Master","viewId":"application-manageyards-display-component---masterYard","properties":{"src":{"regex":{"source":"add"}}}},"wdio_ui5_key":"etmportal.ui.manageyards.view.Mastersap.ui.core.Icon{\"src\":{\"regex\":{\"source\":\"add\"}}}"}]}
RESULT: {"script":"<script> [1562 bytes]","args":[{"selector":{"controlType":"sap.ui.core.Icon","viewName":"etm.portal.ui.manageyards.view.Master","viewId":"application-manageyards-display-component---masterYard","properties":{"src":{"regex":{"source":"add"}}}},"wdio_ui5_key":"etmportal.ui.manageyards.view.Mastersap.ui.core.Icon{\"src\":{\"regex\":{\"source\":\"add\"}}}"}]}
RESULT: undefined
COMMAND: POST /session/04aee939af97850adaa3733c1af52842/element - {"using":"xpath","value":"//*[@id=\"__button14-img\"]"}
RESULT: {"using":"xpath","value":"//*[@id=\"__button14-img\"]"}
COMMAND: POST /session/04aee939af97850adaa3733c1af52842/element/f.244B6B55DE4F2A8C3CFC86491C19658C.d.C91ED5F0BCE3ACFF4B7D85D0378813D1.e.10421/click - {}
RESULT: {}
COMMAND: GET /session/04aee939af97850adaa3733c1af52842/screenshot - {}
RESULT: {}
COMMAND: POST /session/04aee939af97850adaa3733c1af52842/execute/async - {"script":"<script> [1562 bytes]","args":[{"selector":{"id":"application-manageyards-display-component---NewYard--yardId","interaction":{"idSuffix":"inner"}},"wdio_ui5_key":"applicationmanageyards-display-component---NewYard--yardId"}]}
RESULT: {"script":"<script> [1562 bytes]","args":[{"selector":{"id":"application-manageyards-display-component---NewYard--yardId","interaction":{"idSuffix":"inner"}},"wdio_ui5_key":"applicationmanageyards-display-component---NewYard--yardId"}]}
RESULT: undefined
COMMAND: POST /session/04aee939af97850adaa3733c1af52842/element - {"using":"xpath","value":"//*[@id=\"application-manageyards-display-component---NewYard--addressDetailDetailsName1-inner\"]"}
RESULT: {"using":"xpath","value":"//*[@id=\"application-manageyards-display-component---NewYard--addressDetailDetailsName1-inner\"]"}
COMMAND: POST /session/04aee939af97850adaa3733c1af52842/element/f.244B6B55DE4F2A8C3CFC86491C19658C.d.C91ED5F0BCE3ACFF4B7D85D0378813D1.e.10730/clear - {}
RESULT: {}
COMMAND: POST /session/04aee939af97850adaa3733c1af52842/element/f.244B6B55DE4F2A8C3CFC86491C19658C.d.C91ED5F0BCE3ACFF4B7D85D0378813D1.e.10730/value - {"text":"WebdriverYardf1n7g"}
COMMAND: GET /session/04aee939af97850adaa3733c1af52842/screenshot - {}
RESULT: {"text":"WebdriverYardf1n7g"}
COMMAND: POST /session/04aee939af97850adaa3733c1af52842/element - {"using":"xpath","value":"//*[@id=\"application-manageyards-display-component---NewYard--addressDetailDetailsLanguage-inner\"]"}
COMMAND: GET /session/04aee939af97850adaa3733c1af52842/screenshot - {}
RESULT: {}
RESULT: {"using":"xpath","value":"//*[@id=\"application-manageyards-display-component---NewYard--addressDetailDetailsLanguage-inner\"]"}
COMMAND: POST /session/04aee939af97850adaa3733c1af52842/element/f.244B6B55DE4F2A8C3CFC86491C19658C.d.C91ED5F0BCE3ACFF4B7D85D0378813D1.e.10731/clear - {}
RESULT: {}
RESULT: {}
COMMAND: POST /session/04aee939af97850adaa3733c1af52842/element/f.244B6B55DE4F2A8C3CFC86491C19658C.d.C91ED5F0BCE3ACFF4B7D85D0378813D1.e.10731/value - {"text":"Romanian"}
COMMAND: GET /session/04aee939af97850adaa3733c1af52842/screenshot - {}
RESULT: {"text":"Romanian"}
COMMAND: POST /session/04aee939af97850adaa3733c1af52842/element - {"using":"xpath","value":"//input[contains(@id ,\"application-manageyards-display-component---NewYard--addressDetailDetailsName1-inner\")]"}
COMMAND: GET /session/04aee939af97850adaa3733c1af52842/screenshot - {}
RESULT: {}
RESULT: {"using":"xpath","value":"//input[contains(@id ,\"application-manageyards-display-component---NewYard--addressDetailDetailsName1-inner\")]"}
COMMAND: GET /session/04aee939af97850adaa3733c1af52842/element/f.244B6B55DE4F2A8C3CFC86491C19658C.d.C91ED5F0BCE3ACFF4B7D85D0378813D1.e.10730/property/value - {}
RESULT: {}
RESULT: {}
COMMAND: GET /session/04aee939af97850adaa3733c1af52842/screenshot - {}
RESULT: {}
COMMAND: POST /session/04aee939af97850adaa3733c1af52842/element - {"using":"xpath","value":"//*[@id=\"application-manageyards-display-component---NewYard--addressDetailDetailsCity1-inner\"]"}
RESULT: {"using":"xpath","value":"//*[@id=\"application-manageyards-display-component---NewYard--addressDetailDetailsCity1-inner\"]"}
COMMAND: POST /session/04aee939af97850adaa3733c1af52842/element/f.244B6B55DE4F2A8C3CFC86491C19658C.d.C91ED5F0BCE3ACFF4B7D85D0378813D1.e.10733/clear - {}
RESULT: {}
COMMAND: POST /session/04aee939af97850adaa3733c1af52842/element/f.244B6B55DE4F2A8C3CFC86491C19658C.d.C91ED5F0BCE3ACFF4B7D85D0378813D1.e.10733/value - {"text":"Bucuresti"}
COMMAND: GET /session/04aee939af97850adaa3733c1af52842/screenshot - {}
RESULT: {"text":"Bucuresti"}
COMMAND: GET /session/04aee939af97850adaa3733c1af52842/screenshot - {}
RESULT: {}
RESULT: {}
COMMAND: POST /session/04aee939af97850adaa3733c1af52842/element - {"using":"xpath","value":"//*[@id=\"application-manageyards-display-component---NewYard--addressDetailDetailsCountry-inner\"]"}
RESULT: {"using":"xpath","value":"//*[@id=\"application-manageyards-display-component---NewYard--addressDetailDetailsCountry-inner\"]"}
COMMAND: POST /session/04aee939af97850adaa3733c1af52842/element/f.244B6B55DE4F2A8C3CFC86491C19658C.d.C91ED5F0BCE3ACFF4B7D85D0378813D1.e.10737/clear - {}
RESULT: {}
COMMAND: POST /session/04aee939af97850adaa3733c1af52842/element/f.244B6B55DE4F2A8C3CFC86491C19658C.d.C91ED5F0BCE3ACFF4B7D85D0378813D1.e.10737/value - {"text":"Romania"}
COMMAND: GET /session/04aee939af97850adaa3733c1af52842/screenshot - {}
RESULT: {"text":"Romania"}
COMMAND: GET /session/04aee939af97850adaa3733c1af52842/screenshot - {}
RESULT: {}
RESULT: {}
COMMAND: POST /session/04aee939af97850adaa3733c1af52842/element - {"using":"xpath","value":"//div[contains(text(), \"Commercial\")]"}
RESULT: {"using":"xpath","value":"//div[contains(text(), \"Commercial\")]"}
COMMAND: GET /session/04aee939af97850adaa3733c1af52842/element/f.244B6B55DE4F2A8C3CFC86491C19658C.d.C91ED5F0BCE3ACFF4B7D85D0378813D1.e.10994/rect - {}
RESULT: {}
COMMAND: GET /session/04aee939af97850adaa3733c1af52842/window/rect - {}
RESULT: {}
COMMAND: POST /session/04aee939af97850adaa3733c1af52842/execute/sync - {"script":"<script> [92 bytes]","args":[]}
RESULT: {"script":"<script> [92 bytes]","args":[]}
COMMAND: POST /session/04aee939af97850adaa3733c1af52842/actions - {"actions":[{"id":"action65","type":"wheel","parameters":{},"actions":[{"type":"scroll","x":-1841,"y":-44,"deltaX":0,"deltaY":0,"duration":0,"origin":{"element-6066-11e4-a52e-4f735466cecf":"f.244B6B55DE4F2A8C3CFC86491C19658C.d.C91ED5F0BCE3ACFF4B7D85D0378813D1.e.10994"}}]}]}
COMMAND: GET /session/04aee939af97850adaa3733c1af52842/screenshot - {}
RESULT: {}
COMMAND: POST /session/04aee939af97850adaa3733c1af52842/execute/sync - {"script":"<script> [79 bytes]","args":[{"element-6066-11e4-a52e-4f735466cecf":"f.244B6B55DE4F2A8C3CFC86491C19658C.d.C91ED5F0BCE3ACFF4B7D85D0378813D1.e.10994","ELEMENT":"f.244B6B55DE4F2A8C3CFC86491C19658C.d.C91ED5F0BCE3ACFF4B7D85D0378813D1.e.10994"},{"block":"start","inline":"nearest"}]}
RESULT: {"script":"<script> [79 bytes]","args":[{"element-6066-11e4-a52e-4f735466cecf":"f.244B6B55DE4F2A8C3CFC86491C19658C.d.C91ED5F0BCE3ACFF4B7D85D0378813D1.e.10994","ELEMENT":"f.244B6B55DE4F2A8C3CFC86491C19658C.d.C91ED5F0BCE3ACFF4B7D85D0378813D1.e.10994"},{"block":"start","inline":"nearest"}]}
COMMAND: GET /session/04aee939af97850adaa3733c1af52842/screenshot - {}
RESULT: {}
COMMAND: POST /session/04aee939af97850adaa3733c1af52842/execute/async - {"script":"<script> [1562 bytes]","args":[{"selector":{"id":"application-manageyards-display-component---NewYard--addressEditDetailsCostObjectCstType-arrow"},"wdio_ui5_key":"applicationmanageyards-display-component---NewYard--addressEditDetailsCostObjectCstType-arrow"}]}
RESULT: {"script":"<script> [1562 bytes]","args":[{"selector":{"id":"application-manageyards-display-component---NewYard--addressEditDetailsCostObjectCstType-arrow"},"wdio_ui5_key":"applicationmanageyards-display-component---NewYard--addressEditDetailsCostObjectCstType-arrow"}]}
RESULT: undefined
COMMAND: POST /session/04aee939af97850adaa3733c1af52842/element - {"using":"xpath","value":"//*[@id=\"application-manageyards-display-component---NewYard--addressEditDetailsCostObjectCstType-arrow\"]"}
RESULT: {"using":"xpath","value":"//*[@id=\"application-manageyards-display-component---NewYard--addressEditDetailsCostObjectCstType-arrow\"]"}
COMMAND: POST /session/04aee939af97850adaa3733c1af52842/element/f.244B6B55DE4F2A8C3CFC86491C19658C.d.C91ED5F0BCE3ACFF4B7D85D0378813D1.e.11002/click - {}
RESULT: {}
COMMAND: POST /session/04aee939af97850adaa3733c1af52842/element - {"using":"xpath","value":"//span[contains(text(), \"Cost Center\")]"}
COMMAND: GET /session/04aee939af97850adaa3733c1af52842/screenshot - {}
RESULT: {"using":"xpath","value":"//span[contains(text(), \"Cost Center\")]"}
COMMAND: POST /session/04aee939af97850adaa3733c1af52842/element/f.244B6B55DE4F2A8C3CFC86491C19658C.d.C91ED5F0BCE3ACFF4B7D85D0378813D1.e.11003/click - {}
RESULT: {}
RESULT: {}
COMMAND: GET /session/04aee939af97850adaa3733c1af52842/screenshot - {}
RESULT: {}
COMMAND: POST /session/04aee939af97850adaa3733c1af52842/execute/async - {"script":"<script> [1562 bytes]","args":[{"selector":{"id":"application-manageyards-display-component---NewYard--addressNewCostObjectCstID-vhi"},"wdio_ui5_key":"applicationmanageyards-display-component---NewYard--addressNewCostObjectCstID-vhi"}]}
RESULT: {"script":"<script> [1562 bytes]","args":[{"selector":{"id":"application-manageyards-display-component---NewYard--addressNewCostObjectCstID-vhi"},"wdio_ui5_key":"applicationmanageyards-display-component---NewYard--addressNewCostObjectCstID-vhi"}]}
RESULT: undefined
COMMAND: POST /session/04aee939af97850adaa3733c1af52842/element - {"using":"xpath","value":"//*[@id=\"application-manageyards-display-component---NewYard--addressNewCostObjectCstID-vhi\"]"}
RESULT: {"using":"xpath","value":"//*[@id=\"application-manageyards-display-component---NewYard--addressNewCostObjectCstID-vhi\"]"}
COMMAND: POST /session/04aee939af97850adaa3733c1af52842/element/f.244B6B55DE4F2A8C3CFC86491C19658C.d.C91ED5F0BCE3ACFF4B7D85D0378813D1.e.11007/click - {}
RESULT: {}
COMMAND: GET /session/04aee939af97850adaa3733c1af52842/screenshot - {}
RESULT: {}
COMMAND: POST /session/04aee939af97850adaa3733c1af52842/execute/async - {"script":"<script> [1562 bytes]","args":[{"selector":{"controlType":"sap.m.SearchField","properties":{"placeholder":"Search"},"searchOpenDialogs":true,"interaction":{"idSuffix":"I"}},"wdio_ui5_key":"sapm.SearchField{\"placeholder\":\"Search\"}"}]}
RESULT: {"script":"<script> [1562 bytes]","args":[{"selector":{"controlType":"sap.m.SearchField","properties":{"placeholder":"Search"},"searchOpenDialogs":true,"interaction":{"idSuffix":"I"}},"wdio_ui5_key":"sapm.SearchField{\"placeholder\":\"Search\"}"}]}
RESULT: undefined
COMMAND: POST /session/04aee939af97850adaa3733c1af52842/execute/async - {"script":"<script> [776 bytes]","args":[{"enterText":"10001013","selector":{"controlType":"sap.m.SearchField","properties":{"placeholder":"Search"},"searchOpenDialogs":true,"interaction":{"idSuffix":"I"}},"clearTextFirst":true,"interactionType":"ENTER_TEXT"}]}
RESULT: {"script":"<script> [776 bytes]","args":[{"enterText":"10001013","selector":{"controlType":"sap.m.SearchField","properties":{"placeholder":"Search"},"searchOpenDialogs":true,"interaction":{"idSuffix":"I"}},"clearTextFirst":true,"interactionType":"ENTER_TEXT"}]}
COMMAND: POST /session/04aee939af97850adaa3733c1af52842/actions - {"actions":[{"id":"action66","type":"key","parameters":{},"actions":[{"type":"keyDown","value":"î€‡"},{"type":"pause","duration":10},{"type":"keyUp","value":"î€‡"}]}]}
RESULT: {"actions":[{"id":"action66","type":"key","parameters":{},"actions":[{"type":"keyDown","value":"î€‡"},{"type":"pause","duration":10},{"type":"keyUp","value":"î€‡"}]}]}
COMMAND: GET /session/04aee939af97850adaa3733c1af52842/screenshot - {}
RESULT: {}
COMMAND: POST /session/04aee939af97850adaa3733c1af52842/element - {"using":"xpath","value":"//span[contains(text(), \"General Management\")]"}
RESULT: {"using":"xpath","value":"//span[contains(text(), \"General Management\")]"}
COMMAND: POST /session/04aee939af97850adaa3733c1af52842/element/f.244B6B55DE4F2A8C3CFC86491C19658C.d.C91ED5F0BCE3ACFF4B7D85D0378813D1.e.11048/click - {}
RESULT: {}
COMMAND: GET /session/04aee939af97850adaa3733c1af52842/screenshot - {}
RESULT: {}
COMMAND: POST /session/04aee939af97850adaa3733c1af52842/element - {"using":"xpath","value":"//bdi[contains(text(), \"OK\")]"}
RESULT: {"using":"xpath","value":"//bdi[contains(text(), \"OK\")]"}
COMMAND: POST /session/04aee939af97850adaa3733c1af52842/element/f.244B6B55DE4F2A8C3CFC86491C19658C.d.C91ED5F0BCE3ACFF4B7D85D0378813D1.e.11049/click - {}
RESULT: {}
COMMAND: GET /session/04aee939af97850adaa3733c1af52842/screenshot - {}
RESULT: {}
COMMAND: POST /session/04aee939af97850adaa3733c1af52842/execute/async - {"script":"<script> [1562 bytes]","args":[{"selector":{"controlType":"sap.m.Button","viewName":"etm.portal.ui.manageyards.view.New","viewId":"application-manageyards-display-component---NewYard","i18NText":{"propertyName":"text","key":"save"},"interaction":{"idSuffix":"inner"}},"wdio_ui5_key":"etmportal.ui.manageyards.view.Newsap.m.Button{\"propertyName\":\"text\",\"key\":\"save\"}"}]}
RESULT: {"script":"<script> [1562 bytes]","args":[{"selector":{"controlType":"sap.m.Button","viewName":"etm.portal.ui.manageyards.view.New","viewId":"application-manageyards-display-component---NewYard","i18NText":{"propertyName":"text","key":"save"},"interaction":{"idSuffix":"inner"}},"wdio_ui5_key":"etmportal.ui.manageyards.view.Newsap.m.Button{\"propertyName\":\"text\",\"key\":\"save\"}"}]}
RESULT: undefined
COMMAND: POST /session/04aee939af97850adaa3733c1af52842/element - {"using":"xpath","value":"//*[@id=\"__button28\"]"}
RESULT: {"using":"xpath","value":"//*[@id=\"__button28\"]"}
COMMAND: POST /session/04aee939af97850adaa3733c1af52842/element/f.244B6B55DE4F2A8C3CFC86491C19658C.d.C91ED5F0BCE3ACFF4B7D85D0378813D1.e.10955/click - {}
RESULT: {}
COMMAND: GET /session/04aee939af97850adaa3733c1af52842/screenshot - {}
RESULT: {}
COMMAND: POST /session/04aee939af97850adaa3733c1af52842/element - {"using":"xpath","value":"//header/div/div[2]/div[2]/span"}
RESULT: {"using":"xpath","value":"//header/div/div[2]/div[2]/span"}
COMMAND: GET /session/04aee939af97850adaa3733c1af52842/element/f.244B6B55DE4F2A8C3CFC86491C19658C.d.C91ED5F0BCE3ACFF4B7D85D0378813D1.e.11247/text - {}
RESULT: {}
COMMAND: POST /session/04aee939af97850adaa3733c1af52842/execute/async - {"script":"<script> [1562 bytes]","args":[{"selector":{"controlType":"sap.m.OverflowToolbarButton","viewName":"etm.portal.ui.manageyards.view.Detail","viewId":"application-manageyards-display-component---detailYard","i18NText":{"propertyName":"tooltip","key":"closeColumn"},"interaction":{"idSuffix":"inner"}},"wdio_ui5_key":"etmportal.ui.manageyards.view.Detailsap.m.OverflowToolbarButton{\"propertyName\":\"tooltip\",\"key\":\"closeColumn\"}"}]}
RESULT: {"script":"<script> [1562 bytes]","args":[{"selector":{"controlType":"sap.m.OverflowToolbarButton","viewName":"etm.portal.ui.manageyards.view.Detail","viewId":"application-manageyards-display-component---detailYard","i18NText":{"propertyName":"tooltip","key":"closeColumn"},"interaction":{"idSuffix":"inner"}},"wdio_ui5_key":"etmportal.ui.manageyards.view.Detailsap.m.OverflowToolbarButton{\"propertyName\":\"tooltip\",\"key\":\"closeColumn\"}"}]}
RESULT: undefined
COMMAND: POST /session/04aee939af97850adaa3733c1af52842/element - {"using":"xpath","value":"//*[@id=\"__button50\"]"}
RESULT: {"using":"xpath","value":"//*[@id=\"__button50\"]"}
COMMAND: POST /session/04aee939af97850adaa3733c1af52842/element/f.244B6B55DE4F2A8C3CFC86491C19658C.d.C91ED5F0BCE3ACFF4B7D85D0378813D1.e.11249/click - {}
RESULT: {}
COMMAND: GET /session/04aee939af97850adaa3733c1af52842/screenshot - {}
RESULT: {}
COMMAND: POST /session/04aee939af97850adaa3733c1af52842/element - {"using":"css selector","value":"#shell-header-logo"}
RESULT: {"using":"css selector","value":"#shell-header-logo"}
COMMAND: POST /session/04aee939af97850adaa3733c1af52842/element/f.244B6B55DE4F2A8C3CFC86491C19658C.d.C91ED5F0BCE3ACFF4B7D85D0378813D1.e.10381/click - {}
RESULT: {}
COMMAND: GET /session/04aee939af97850adaa3733c1af52842/screenshot - {}
RESULT: {}
COMMAND: POST /session/04aee939af97850adaa3733c1af52842/refresh - {}
RESULT: {}
COMMAND: GET /session/04aee939af97850adaa3733c1af52842/screenshot - {}
RESULT: {}
COMMAND: POST /session/04aee939af97850adaa3733c1af52842/execute/async - {"script":"<script> [189 bytes]","args":[]}
RESULT: {"script":"<script> [189 bytes]","args":[]}
COMMAND: POST /session/04aee939af97850adaa3733c1af52842/execute/async - {"script":"<script> [123 bytes]","args":[]}
RESULT: {"script":"<script> [123 bytes]","args":[]}
COMMAND: POST /session/04aee939af97850adaa3733c1af52842/timeouts - {"script":"<number>"}
RESULT: {"script":"<number>"}
COMMAND: GET /session/04aee939af97850adaa3733c1af52842/timeouts - {}
RESULT: {}
RESULT: undefined
COMMAND: POST /session/04aee939af97850adaa3733c1af52842/execute/async - {"script":"<script> [2676 bytes]","args":[]}
RESULT: {"script":"<script> [2676 bytes]","args":[]}
COMMAND: POST /session/04aee939af97850adaa3733c1af52842/execute/async - {"script":"<script> [2342 bytes]","args":[{"protocol":"http","hostname":"0.0.0.0","path":"/","capabilities":{"browserName":"chrome","goog:chromeOptions":{"binary":"C:\\Program Files\\Google\\Chrome\\Application\\chrome.exe","args":["--start-maximized"]}},"logLevel":"warn","connectionRetryTimeout":120000,"connectionRetryCount":3,"logLevels":{},"enableDirectConnect":true,"strictSSL":true,"_":"65 more keys: [\"cacheDir\",\"port\",\"requestedCapabilities\",\"automationProtocol\",\"baseUrl\",\"waitforInterval\",\"waitforTimeout\",\"onReload\",\"beforeCommand\",\"afterCommand\",\"rootDir\",\"specs\",\"suites\",\"exclude\",\"groupLogsByTestSpec\",\"excludeDriverLogs\",\"bail\",\"framework\",\"reporters\",\"services\",\"maxInstances\",\"maxInstancesPerCapability\",\"injectGlobals\",\"filesToWatch\",\"execArgv\",\"runnerEnv\",\"runner\",\"shard\",\"specFileRetries\",\"specFileRetriesDelay\",\"specFileRetriesDeferred\",\"reporterSyncInterval\",\"reporterSyncTimeout\",\"cucumberFeaturesWithLineNumbers\",\"autoCompileOpts\",\"mochaOpts\",\"jasmineOpts\",\"cucumberOpts\",\"onPrepare\",\"onWorkerStart\",\"onWorkerEnd\",\"before\",\"beforeSession\",\"beforeSuite\",\"beforeHook\",\"beforeTest\",\"afterTest\",\"afterHook\",\"afterSuite\",\"afterSession\",\"after\",\"onComplete\",\"beforeAssertion\",\"afterAssertion\",\"beforeFeature\",\"beforeScenario\",\"beforeStep\",\"afterStep\",\"afterScenario\",\"afterFeature\",\"_\",\"suite\",\"$0\",\"ignoredWorkerServices\",\"wdi5\"]"}]}
RESULT: {"script":"<script> [2342 bytes]","args":[{"protocol":"http","hostname":"0.0.0.0","path":"/","capabilities":{"browserName":"chrome","goog:chromeOptions":{"binary":"C:\\Program Files\\Google\\Chrome\\Application\\chrome.exe","args":["--start-maximized"]}},"logLevel":"warn","connectionRetryTimeout":120000,"connectionRetryCount":3,"logLevels":{},"enableDirectConnect":true,"strictSSL":true,"_":"65 more keys: [\"cacheDir\",\"port\",\"requestedCapabilities\",\"automationProtocol\",\"baseUrl\",\"waitforInterval\",\"waitforTimeout\",\"onReload\",\"beforeCommand\",\"afterCommand\",\"rootDir\",\"specs\",\"suites\",\"exclude\",\"groupLogsByTestSpec\",\"excludeDriverLogs\",\"bail\",\"framework\",\"reporters\",\"services\",\"maxInstances\",\"maxInstancesPerCapability\",\"injectGlobals\",\"filesToWatch\",\"execArgv\",\"runnerEnv\",\"runner\",\"shard\",\"specFileRetries\",\"specFileRetriesDelay\",\"specFileRetriesDeferred\",\"reporterSyncInterval\",\"reporterSyncTimeout\",\"cucumberFeaturesWithLineNumbers\",\"autoCompileOpts\",\"mochaOpts\",\"jasmineOpts\",\"cucumberOpts\",\"onPrepare\",\"onWorkerStart\",\"onWorkerEnd\",\"before\",\"beforeSession\",\"beforeSuite\",\"beforeHook\",\"beforeTest\",\"afterTest\",\"afterHook\",\"afterSuite\",\"afterSession\",\"after\",\"onComplete\",\"beforeAssertion\",\"afterAssertion\",\"beforeFeature\",\"beforeScenario\",\"beforeStep\",\"afterStep\",\"afterScenario\",\"afterFeature\",\"_\",\"suite\",\"$0\",\"ignoredWorkerServices\",\"wdi5\"]"}]}
COMMAND: POST /session/04aee939af97850adaa3733c1af52842/execute/async - {"script":"<script> [21126 bytes]","args":[35000]}
RESULT: {"script":"<script> [21126 bytes]","args":[35000]}
COMMAND: POST /session/04aee939af97850adaa3733c1af52842/execute/async - {"script":"<script> [1562 bytes]","args":[{"selector":{"controlType":"sap.m.GenericTile","properties":{"header":"Manage Partners"}},"wdio_ui5_key":"sapm.GenericTile{\"header\":\"Manage Partners\"}"}]}
RESULT: {"script":"<script> [1562 bytes]","args":[{"selector":{"controlType":"sap.m.GenericTile","properties":{"header":"Manage Partners"}},"wdio_ui5_key":"sapm.GenericTile{\"header\":\"Manage Partners\"}"}]}
RESULT: undefined
COMMAND: POST /session/04aee939af97850adaa3733c1af52842/element - {"using":"xpath","value":"//*[@id=\"__tile38\"]"}
RESULT: {"using":"xpath","value":"//*[@id=\"__tile38\"]"}
COMMAND: POST /session/04aee939af97850adaa3733c1af52842/element/f.244B6B55DE4F2A8C3CFC86491C19658C.d.F5FC893C2F8E0889E5586F42C9981467.e.11603/click - {}
RESULT: {}
COMMAND: GET /session/04aee939af97850adaa3733c1af52842/screenshot - {}
RESULT: {}
COMMAND: POST /session/04aee939af97850adaa3733c1af52842/elements - {"using":"xpath","value":"//span[text()='Error']"}
RESULT: {"using":"xpath","value":"//span[text()='Error']"}
COMMAND: POST /session/04aee939af97850adaa3733c1af52842/execute/async - {"script":"<script> [1562 bytes]","args":[{"selector":{"controlType":"sap.ui.core.Icon","viewName":"etm.portal.ui.managepartners.view.Master","viewId":"application-managepartners-display-component---masterPtm","properties":{"src":{"regex":{"source":"add"}}}},"wdio_ui5_key":"etmportal.ui.managepartners.view.Mastersap.ui.core.Icon{\"src\":{\"regex\":{\"source\":\"add\"}}}"}]}
RESULT: {"script":"<script> [1562 bytes]","args":[{"selector":{"controlType":"sap.ui.core.Icon","viewName":"etm.portal.ui.managepartners.view.Master","viewId":"application-managepartners-display-component---masterPtm","properties":{"src":{"regex":{"source":"add"}}}},"wdio_ui5_key":"etmportal.ui.managepartners.view.Mastersap.ui.core.Icon{\"src\":{\"regex\":{\"source\":\"add\"}}}"}]}
RESULT: undefined
COMMAND: POST /session/04aee939af97850adaa3733c1af52842/element - {"using":"xpath","value":"//*[@id=\"__button4-img\"]"}
RESULT: {"using":"xpath","value":"//*[@id=\"__button4-img\"]"}
COMMAND: POST /session/04aee939af97850adaa3733c1af52842/element/f.244B6B55DE4F2A8C3CFC86491C19658C.d.F5FC893C2F8E0889E5586F42C9981467.e.11750/click - {}
RESULT: {}
COMMAND: GET /session/04aee939af97850adaa3733c1af52842/screenshot - {}
RESULT: {}
COMMAND: POST /session/04aee939af97850adaa3733c1af52842/execute/async - {"script":"<script> [1562 bytes]","args":[{"selector":{"id":"application-managepartners-display-component---NewPartner--partnerId","interaction":{"idSuffix":"inner"}},"wdio_ui5_key":"applicationmanagepartners-display-component---NewPartner--partnerId"}]}
RESULT: {"script":"<script> [1562 bytes]","args":[{"selector":{"id":"application-managepartners-display-component---NewPartner--partnerId","interaction":{"idSuffix":"inner"}},"wdio_ui5_key":"applicationmanagepartners-display-component---NewPartner--partnerId"}]}
RESULT: undefined
COMMAND: POST /session/04aee939af97850adaa3733c1af52842/execute/async - {"script":"<script> [1562 bytes]","args":[{"selector":{"id":"application-managepartners-display-component---NewPartner--addressDetailDetailsName1","interaction":{"idSuffix":"inner"}},"wdio_ui5_key":"applicationmanagepartners-display-component---NewPartner--addressDetailDetailsName1"}]}
RESULT: {"script":"<script> [1562 bytes]","args":[{"selector":{"id":"application-managepartners-display-component---NewPartner--addressDetailDetailsName1","interaction":{"idSuffix":"inner"}},"wdio_ui5_key":"applicationmanagepartners-display-component---NewPartner--addressDetailDetailsName1"}]}
RESULT: undefined
COMMAND: POST /session/04aee939af97850adaa3733c1af52842/execute/async - {"script":"<script> [776 bytes]","args":[{"enterText":"WebdriverPartner6m29b","selector":{"id":"application-managepartners-display-component---NewPartner--addressDetailDetailsName1","interaction":{"idSuffix":"inner"}},"clearTextFirst":true,"interactionType":"ENTER_TEXT"}]}
RESULT: {"script":"<script> [776 bytes]","args":[{"enterText":"WebdriverPartner6m29b","selector":{"id":"application-managepartners-display-component---NewPartner--addressDetailDetailsName1","interaction":{"idSuffix":"inner"}},"clearTextFirst":true,"interactionType":"ENTER_TEXT"}]}
COMMAND: POST /session/04aee939af97850adaa3733c1af52842/execute/async - {"script":"<script> [1562 bytes]","args":[{"selector":{"id":"application-managepartners-display-component---NewPartner--addressDetailDetailsLanguage","interaction":{"idSuffix":"inner"}},"wdio_ui5_key":"applicationmanagepartners-display-component---NewPartner--addressDetailDetailsLanguage"}]}
RESULT: {"script":"<script> [1562 bytes]","args":[{"selector":{"id":"application-managepartners-display-component---NewPartner--addressDetailDetailsLanguage","interaction":{"idSuffix":"inner"}},"wdio_ui5_key":"applicationmanagepartners-display-component---NewPartner--addressDetailDetailsLanguage"}]}
RESULT: undefined
COMMAND: POST /session/04aee939af97850adaa3733c1af52842/execute/async - {"script":"<script> [776 bytes]","args":[{"enterText":"Romanian","selector":{"id":"application-managepartners-display-component---NewPartner--addressDetailDetailsLanguage","interaction":{"idSuffix":"inner"}},"clearTextFirst":true,"interactionType":"ENTER_TEXT"}]}
RESULT: {"script":"<script> [776 bytes]","args":[{"enterText":"Romanian","selector":{"id":"application-managepartners-display-component---NewPartner--addressDetailDetailsLanguage","interaction":{"idSuffix":"inner"}},"clearTextFirst":true,"interactionType":"ENTER_TEXT"}]}
COMMAND: POST /session/04aee939af97850adaa3733c1af52842/element - {"using":"xpath","value":"//input[contains(@id ,\"application-managepartners-display-component---NewPartner--addressDetailDetailsName1-inner\")]"}
RESULT: {"using":"xpath","value":"//input[contains(@id ,\"application-managepartners-display-component---NewPartner--addressDetailDetailsName1-inner\")]"}
COMMAND: GET /session/04aee939af97850adaa3733c1af52842/element/f.244B6B55DE4F2A8C3CFC86491C19658C.d.F5FC893C2F8E0889E5586F42C9981467.e.11834/property/value - {}
RESULT: {}
COMMAND: POST /session/04aee939af97850adaa3733c1af52842/execute/async - {"script":"<script> [1562 bytes]","args":[{"selector":{"id":"application-managepartners-display-component---NewPartner--addressDetailDetailsCity1","interaction":{"idSuffix":"inner"}},"wdio_ui5_key":"applicationmanagepartners-display-component---NewPartner--addressDetailDetailsCity1"}]}
COMMAND: GET /session/04aee939af97850adaa3733c1af52842/screenshot - {}
RESULT: {"script":"<script> [1562 bytes]","args":[{"selector":{"id":"application-managepartners-display-component---NewPartner--addressDetailDetailsCity1","interaction":{"idSuffix":"inner"}},"wdio_ui5_key":"applicationmanagepartners-display-component---NewPartner--addressDetailDetailsCity1"}]}
RESULT: undefined
COMMAND: POST /session/04aee939af97850adaa3733c1af52842/execute/async - {"script":"<script> [776 bytes]","args":[{"enterText":"Bucharest","selector":{"id":"application-managepartners-display-component---NewPartner--addressDetailDetailsCity1","interaction":{"idSuffix":"inner"}},"clearTextFirst":true,"interactionType":"ENTER_TEXT"}]}
RESULT: {}
RESULT: {"script":"<script> [776 bytes]","args":[{"enterText":"Bucharest","selector":{"id":"application-managepartners-display-component---NewPartner--addressDetailDetailsCity1","interaction":{"idSuffix":"inner"}},"clearTextFirst":true,"interactionType":"ENTER_TEXT"}]}
COMMAND: POST /session/04aee939af97850adaa3733c1af52842/execute/async - {"script":"<script> [1562 bytes]","args":[{"selector":{"id":"application-managepartners-display-component---NewPartner--addressDetailDetailsCountry","interaction":{"idSuffix":"inner"}},"wdio_ui5_key":"applicationmanagepartners-display-component---NewPartner--addressDetailDetailsCountry"}]}
RESULT: {"script":"<script> [1562 bytes]","args":[{"selector":{"id":"application-managepartners-display-component---NewPartner--addressDetailDetailsCountry","interaction":{"idSuffix":"inner"}},"wdio_ui5_key":"applicationmanagepartners-display-component---NewPartner--addressDetailDetailsCountry"}]}
RESULT: undefined
COMMAND: POST /session/04aee939af97850adaa3733c1af52842/execute/async - {"script":"<script> [6424 bytes]","args":[{"element-6066-11e4-a52e-4f735466cecf":"f.244B6B55DE4F2A8C3CFC86491C19658C.d.F5FC893C2F8E0889E5586F42C9981467.e.11841"},"setValue",["Romania"]]}
RESULT: {"script":"<script> [6424 bytes]","args":[{"element-6066-11e4-a52e-4f735466cecf":"f.244B6B55DE4F2A8C3CFC86491C19658C.d.F5FC893C2F8E0889E5586F42C9981467.e.11841"},"setValue",["Romania"]]}
COMMAND: POST /session/04aee939af97850adaa3733c1af52842/execute/async - {"script":"<script> [1562 bytes]","args":[{"selector":{"id":"application-managepartners-display-component---NewPartner--partnerDetailInternal","interaction":{"idSuffix":"inner"}},"wdio_ui5_key":"applicationmanagepartners-display-component---NewPartner--partnerDetailInternal"}]}
RESULT: {"script":"<script> [1562 bytes]","args":[{"selector":{"id":"application-managepartners-display-component---NewPartner--partnerDetailInternal","interaction":{"idSuffix":"inner"}},"wdio_ui5_key":"applicationmanagepartners-display-component---NewPartner--partnerDetailInternal"}]}
RESULT: undefined
COMMAND: POST /session/04aee939af97850adaa3733c1af52842/execute/async - {"script":"<script> [776 bytes]","args":[{"enterText":"External partner","selector":{"id":"application-managepartners-display-component---NewPartner--partnerDetailInternal","interaction":{"idSuffix":"inner"}},"clearTextFirst":true,"interactionType":"ENTER_TEXT"}]}
RESULT: {"script":"<script> [776 bytes]","args":[{"enterText":"External partner","selector":{"id":"application-managepartners-display-component---NewPartner--partnerDetailInternal","interaction":{"idSuffix":"inner"}},"clearTextFirst":true,"interactionType":"ENTER_TEXT"}]}
COMMAND: POST /session/04aee939af97850adaa3733c1af52842/execute/async - {"script":"<script> [1562 bytes]","args":[{"selector":{"id":"application-managepartners-display-component---NewPartner--partnerDetailsCurrency","interaction":{"idSuffix":"inner"}},"wdio_ui5_key":"applicationmanagepartners-display-component---NewPartner--partnerDetailsCurrency"}]}
RESULT: {"script":"<script> [1562 bytes]","args":[{"selector":{"id":"application-managepartners-display-component---NewPartner--partnerDetailsCurrency","interaction":{"idSuffix":"inner"}},"wdio_ui5_key":"applicationmanagepartners-display-component---NewPartner--partnerDetailsCurrency"}]}
RESULT: undefined
COMMAND: POST /session/04aee939af97850adaa3733c1af52842/execute/async - {"script":"<script> [776 bytes]","args":[{"enterText":"Euro","selector":{"id":"application-managepartners-display-component---NewPartner--partnerDetailsCurrency","interaction":{"idSuffix":"inner"}},"clearTextFirst":true,"interactionType":"ENTER_TEXT"}]}
RESULT: {"script":"<script> [776 bytes]","args":[{"enterText":"Euro","selector":{"id":"application-managepartners-display-component---NewPartner--partnerDetailsCurrency","interaction":{"idSuffix":"inner"}},"clearTextFirst":true,"interactionType":"ENTER_TEXT"}]}
COMMAND: POST /session/04aee939af97850adaa3733c1af52842/execute/async - {"script":"<script> [1562 bytes]","args":[{"selector":{"controlType":"sap.m.Button","viewName":"etm.portal.ui.managepartners.view.NewPartner","viewId":"application-managepartners-display-component---NewPartner","properties":{"text":"Commercial"},"interaction":{"idSuffix":"BDI-content"}},"wdio_ui5_key":"etmportal.ui.managepartners.view.NewPartnersap.m.Button{\"text\":\"Commercial\"}"}]}
RESULT: {"script":"<script> [1562 bytes]","args":[{"selector":{"controlType":"sap.m.Button","viewName":"etm.portal.ui.managepartners.view.NewPartner","viewId":"application-managepartners-display-component---NewPartner","properties":{"text":"Commercial"},"interaction":{"idSuffix":"BDI-content"}},"wdio_ui5_key":"etmportal.ui.managepartners.view.NewPartnersap.m.Button{\"text\":\"Commercial\"}"}]}
RESULT: undefined
COMMAND: POST /session/04aee939af97850adaa3733c1af52842/element - {"using":"xpath","value":"//*[@id=\"application-managepartners-display-component---NewPartner--ObjectPageLayout-anchBar-__section5-anchor\"]"}
RESULT: {"using":"xpath","value":"//*[@id=\"application-managepartners-display-component---NewPartner--ObjectPageLayout-anchBar-__section5-anchor\"]"}
COMMAND: POST /session/04aee939af97850adaa3733c1af52842/element/f.244B6B55DE4F2A8C3CFC86491C19658C.d.F5FC893C2F8E0889E5586F42C9981467.e.12081/click - {}
RESULT: {}
COMMAND: GET /session/04aee939af97850adaa3733c1af52842/screenshot - {}
RESULT: {}
COMMAND: POST /session/04aee939af97850adaa3733c1af52842/execute/async - {"script":"<script> [1562 bytes]","args":[{"selector":{"id":"application-managepartners-display-component---NewPartner--btnAddTableRow-img"},"wdio_ui5_key":"applicationmanagepartners-display-component---NewPartner--btnAddTableRow-img"}]}
RESULT: {"script":"<script> [1562 bytes]","args":[{"selector":{"id":"application-managepartners-display-component---NewPartner--btnAddTableRow-img"},"wdio_ui5_key":"applicationmanagepartners-display-component---NewPartner--btnAddTableRow-img"}]}
RESULT: undefined
COMMAND: POST /session/04aee939af97850adaa3733c1af52842/element - {"using":"xpath","value":"//*[@id=\"application-managepartners-display-component---NewPartner--btnAddTableRow-img\"]"}
RESULT: {"using":"xpath","value":"//*[@id=\"application-managepartners-display-component---NewPartner--btnAddTableRow-img\"]"}
COMMAND: POST /session/04aee939af97850adaa3733c1af52842/element/f.244B6B55DE4F2A8C3CFC86491C19658C.d.F5FC893C2F8E0889E5586F42C9981467.e.12087/click - {}
RESULT: {}
COMMAND: POST /session/04aee939af97850adaa3733c1af52842/element - {"using":"xpath","value":"//input[contains(@id ,\"application-managepartners-display-component---NewPartner--assignmentYard-application-managepartners-display-component---NewPartner\")]"}
COMMAND: GET /session/04aee939af97850adaa3733c1af52842/screenshot - {}
RESULT: {"using":"xpath","value":"//input[contains(@id ,\"application-managepartners-display-component---NewPartner--assignmentYard-application-managepartners-display-component---NewPartner\")]"}
COMMAND: POST /session/04aee939af97850adaa3733c1af52842/elements - {"using":"xpath","value":"//input[contains(@id ,\"application-managepartners-display-component---NewPartner--assignmentYard-application-managepartners-display-component---NewPartner\")]"}
RESULT: {}
RESULT: {"using":"xpath","value":"//input[contains(@id ,\"application-managepartners-display-component---NewPartner--assignmentYard-application-managepartners-display-component---NewPartner\")]"}
COMMAND: POST /session/04aee939af97850adaa3733c1af52842/element - {"using":"xpath","value":"//input[contains(@id ,\"application-managepartners-display-component---NewPartner--assignmentYard-application-managepartners-display-component---NewPartner\")]"}
RESULT: {"using":"xpath","value":"//input[contains(@id ,\"application-managepartners-display-component---NewPartner--assignmentYard-application-managepartners-display-component---NewPartner\")]"}
COMMAND: POST /session/04aee939af97850adaa3733c1af52842/element/f.244B6B55DE4F2A8C3CFC86491C19658C.d.F5FC893C2F8E0889E5586F42C9981467.e.12090/clear - {}
RESULT: {}
COMMAND: POST /session/04aee939af97850adaa3733c1af52842/element/f.244B6B55DE4F2A8C3CFC86491C19658C.d.F5FC893C2F8E0889E5586F42C9981467.e.12090/value - {"text":"WebdriverYardf1n7g"}
COMMAND: GET /session/04aee939af97850adaa3733c1af52842/screenshot - {}
RESULT: {"text":"WebdriverYardf1n7g"}
COMMAND: GET /session/04aee939af97850adaa3733c1af52842/screenshot - {}
RESULT: {}
RESULT: {}
COMMAND: POST /session/04aee939af97850adaa3733c1af52842/execute/async - {"script":"<script> [1562 bytes]","args":[{"selector":{"controlType":"sap.m.Button","viewName":"etm.portal.ui.managepartners.view.NewPartner","viewId":"application-managepartners-display-component---NewPartner","i18NText":{"propertyName":"text","key":"save"},"interaction":{"idSuffix":"BDI-content"}},"wdio_ui5_key":"etmportal.ui.managepartners.view.NewPartnersap.m.Button{\"propertyName\":\"text\",\"key\":\"save\"}"}]}
RESULT: {"script":"<script> [1562 bytes]","args":[{"selector":{"controlType":"sap.m.Button","viewName":"etm.portal.ui.managepartners.view.NewPartner","viewId":"application-managepartners-display-component---NewPartner","i18NText":{"propertyName":"text","key":"save"},"interaction":{"idSuffix":"BDI-content"}},"wdio_ui5_key":"etmportal.ui.managepartners.view.NewPartnersap.m.Button{\"propertyName\":\"text\",\"key\":\"save\"}"}]}
RESULT: undefined
COMMAND: POST /session/04aee939af97850adaa3733c1af52842/element - {"using":"xpath","value":"//*[@id=\"__button12\"]"}
RESULT: {"using":"xpath","value":"//*[@id=\"__button12\"]"}
COMMAND: POST /session/04aee939af97850adaa3733c1af52842/element/f.244B6B55DE4F2A8C3CFC86491C19658C.d.F5FC893C2F8E0889E5586F42C9981467.e.11987/click - {}
RESULT: {}
COMMAND: GET /session/04aee939af97850adaa3733c1af52842/screenshot - {}
RESULT: {}
COMMAND: POST /session/04aee939af97850adaa3733c1af52842/element - {"using":"xpath","value":"//header/div/div[2]/div[2]/span"}
RESULT: {"using":"xpath","value":"//header/div/div[2]/div[2]/span"}
COMMAND: GET /session/04aee939af97850adaa3733c1af52842/element/f.244B6B55DE4F2A8C3CFC86491C19658C.d.F5FC893C2F8E0889E5586F42C9981467.e.12261/text - {}
RESULT: {}
COMMAND: POST /session/04aee939af97850adaa3733c1af52842/element - {"using":"xpath","value":"//header/div/div/div/div/div/div[2]/div/span"}
RESULT: {"using":"xpath","value":"//header/div/div/div/div/div/div[2]/div/span"}
COMMAND: GET /session/04aee939af97850adaa3733c1af52842/element/f.244B6B55DE4F2A8C3CFC86491C19658C.d.F5FC893C2F8E0889E5586F42C9981467.e.12262/text - {}
RESULT: {}
COMMAND: POST /session/04aee939af97850adaa3733c1af52842/execute/async - {"script":"<script> [1562 bytes]","args":[{"selector":{"id":"application-managepartners-display-component---detailPtm--partnerType"},"wdio_ui5_key":"applicationmanagepartners-display-component---detailPtm--partnerType"}]}
RESULT: {"script":"<script> [1562 bytes]","args":[{"selector":{"id":"application-managepartners-display-component---detailPtm--partnerType"},"wdio_ui5_key":"applicationmanagepartners-display-component---detailPtm--partnerType"}]}
RESULT: undefined
COMMAND: POST /session/04aee939af97850adaa3733c1af52842/execute/async - {"script":"<script> [6424 bytes]","args":[{"element-6066-11e4-a52e-4f735466cecf":"f.244B6B55DE4F2A8C3CFC86491C19658C.d.F5FC893C2F8E0889E5586F42C9981467.e.12263"},"getText",[]]}
RESULT: {"script":"<script> [6424 bytes]","args":[{"element-6066-11e4-a52e-4f735466cecf":"f.244B6B55DE4F2A8C3CFC86491C19658C.d.F5FC893C2F8E0889E5586F42C9981467.e.12263"},"getText",[]]}
COMMAND: POST /session/04aee939af97850adaa3733c1af52842/element - {"using":"css selector","value":"#shell-header-logo"}
RESULT: {"using":"css selector","value":"#shell-header-logo"}
COMMAND: POST /session/04aee939af97850adaa3733c1af52842/element/f.244B6B55DE4F2A8C3CFC86491C19658C.d.F5FC893C2F8E0889E5586F42C9981467.e.11604/click - {}
RESULT: {}
COMMAND: GET /session/04aee939af97850adaa3733c1af52842/screenshot - {}
RESULT: {}
COMMAND: POST /session/04aee939af97850adaa3733c1af52842/execute/async - {"script":"<script> [1562 bytes]","args":[{"selector":{"controlType":"sap.m.GenericTile","properties":{"header":"Manage Sites"}},"wdio_ui5_key":"sapm.GenericTile{\"header\":\"Manage Sites\"}"}]}
RESULT: {"script":"<script> [1562 bytes]","args":[{"selector":{"controlType":"sap.m.GenericTile","properties":{"header":"Manage Sites"}},"wdio_ui5_key":"sapm.GenericTile{\"header\":\"Manage Sites\"}"}]}
RESULT: undefined
COMMAND: POST /session/04aee939af97850adaa3733c1af52842/element - {"using":"xpath","value":"//*[@id=\"__tile40\"]"}
RESULT: {"using":"xpath","value":"//*[@id=\"__tile40\"]"}
COMMAND: POST /session/04aee939af97850adaa3733c1af52842/element/f.244B6B55DE4F2A8C3CFC86491C19658C.d.F5FC893C2F8E0889E5586F42C9981467.e.12265/click - {}
RESULT: {}
COMMAND: GET /session/04aee939af97850adaa3733c1af52842/screenshot - {}
RESULT: {}
COMMAND: POST /session/04aee939af97850adaa3733c1af52842/elements - {"using":"xpath","value":"//span[text()='Error']"}
RESULT: {"using":"xpath","value":"//span[text()='Error']"}
COMMAND: POST /session/04aee939af97850adaa3733c1af52842/execute/async - {"script":"<script> [1562 bytes]","args":[{"selector":{"controlType":"sap.ui.core.Icon","viewName":"etm.portal.ui.managesites.view.Master","viewId":"application-managesites-display-component---masterSite","properties":{"src":{"regex":{"source":"add"}}}},"wdio_ui5_key":"etmportal.ui.managesites.view.Mastersap.ui.core.Icon{\"src\":{\"regex\":{\"source\":\"add\"}}}"}]}
RESULT: {"script":"<script> [1562 bytes]","args":[{"selector":{"controlType":"sap.ui.core.Icon","viewName":"etm.portal.ui.managesites.view.Master","viewId":"application-managesites-display-component---masterSite","properties":{"src":{"regex":{"source":"add"}}}},"wdio_ui5_key":"etmportal.ui.managesites.view.Mastersap.ui.core.Icon{\"src\":{\"regex\":{\"source\":\"add\"}}}"}]}
RESULT: undefined
COMMAND: POST /session/04aee939af97850adaa3733c1af52842/element - {"using":"xpath","value":"//*[@id=\"__button48-img\"]"}
RESULT: {"using":"xpath","value":"//*[@id=\"__button48-img\"]"}
COMMAND: POST /session/04aee939af97850adaa3733c1af52842/element/f.244B6B55DE4F2A8C3CFC86491C19658C.d.F5FC893C2F8E0889E5586F42C9981467.e.12312/click - {}
RESULT: {}
COMMAND: POST /session/04aee939af97850adaa3733c1af52842/execute/async - {"script":"<script> [1562 bytes]","args":[{"selector":{"id":"application-managesites-display-component---NewSite--siteId","interaction":{"idSuffix":"inner"}},"wdio_ui5_key":"applicationmanagesites-display-component---NewSite--siteId"}]}
COMMAND: GET /session/04aee939af97850adaa3733c1af52842/screenshot - {}
RESULT: {"script":"<script> [1562 bytes]","args":[{"selector":{"id":"application-managesites-display-component---NewSite--siteId","interaction":{"idSuffix":"inner"}},"wdio_ui5_key":"applicationmanagesites-display-component---NewSite--siteId"}]}
RESULT: undefined
COMMAND: POST /session/04aee939af97850adaa3733c1af52842/execute/async - {"script":"<script> [1562 bytes]","args":[{"selector":{"id":"application-managesites-display-component---NewSite--addressDetailDetailsName1","interaction":{"idSuffix":"inner"}},"wdio_ui5_key":"applicationmanagesites-display-component---NewSite--addressDetailDetailsName1"}]}
RESULT: {}
RESULT: {"script":"<script> [1562 bytes]","args":[{"selector":{"id":"application-managesites-display-component---NewSite--addressDetailDetailsName1","interaction":{"idSuffix":"inner"}},"wdio_ui5_key":"applicationmanagesites-display-component---NewSite--addressDetailDetailsName1"}]}
RESULT: undefined
COMMAND: POST /session/04aee939af97850adaa3733c1af52842/execute/async - {"script":"<script> [776 bytes]","args":[{"enterText":"WebdriverSitemzwp9i","selector":{"id":"application-managesites-display-component---NewSite--addressDetailDetailsName1","interaction":{"idSuffix":"inner"}},"clearTextFirst":true,"interactionType":"ENTER_TEXT"}]}
RESULT: {"script":"<script> [776 bytes]","args":[{"enterText":"WebdriverSitemzwp9i","selector":{"id":"application-managesites-display-component---NewSite--addressDetailDetailsName1","interaction":{"idSuffix":"inner"}},"clearTextFirst":true,"interactionType":"ENTER_TEXT"}]}
COMMAND: POST /session/04aee939af97850adaa3733c1af52842/execute/async - {"script":"<script> [1562 bytes]","args":[{"selector":{"id":"application-managesites-display-component---NewSite--addressDetailDetailsLanguage","interaction":{"idSuffix":"inner"}},"wdio_ui5_key":"applicationmanagesites-display-component---NewSite--addressDetailDetailsLanguage"}]}
RESULT: {"script":"<script> [1562 bytes]","args":[{"selector":{"id":"application-managesites-display-component---NewSite--addressDetailDetailsLanguage","interaction":{"idSuffix":"inner"}},"wdio_ui5_key":"applicationmanagesites-display-component---NewSite--addressDetailDetailsLanguage"}]}
RESULT: undefined
COMMAND: POST /session/04aee939af97850adaa3733c1af52842/execute/async - {"script":"<script> [776 bytes]","args":[{"enterText":"Romanian","selector":{"id":"application-managesites-display-component---NewSite--addressDetailDetailsLanguage","interaction":{"idSuffix":"inner"}},"clearTextFirst":true,"interactionType":"ENTER_TEXT"}]}
RESULT: {"script":"<script> [776 bytes]","args":[{"enterText":"Romanian","selector":{"id":"application-managesites-display-component---NewSite--addressDetailDetailsLanguage","interaction":{"idSuffix":"inner"}},"clearTextFirst":true,"interactionType":"ENTER_TEXT"}]}
COMMAND: POST /session/04aee939af97850adaa3733c1af52842/execute/async - {"script":"<script> [1562 bytes]","args":[{"selector":{"id":"application-managesites-display-component---NewSite--addressDetailDetailsCity1","interaction":{"idSuffix":"inner"}},"wdio_ui5_key":"applicationmanagesites-display-component---NewSite--addressDetailDetailsCity1"}]}
RESULT: {"script":"<script> [1562 bytes]","args":[{"selector":{"id":"application-managesites-display-component---NewSite--addressDetailDetailsCity1","interaction":{"idSuffix":"inner"}},"wdio_ui5_key":"applicationmanagesites-display-component---NewSite--addressDetailDetailsCity1"}]}
RESULT: undefined
COMMAND: POST /session/04aee939af97850adaa3733c1af52842/execute/async - {"script":"<script> [776 bytes]","args":[{"enterText":"Bucharest","selector":{"id":"application-managesites-display-component---NewSite--addressDetailDetailsCity1","interaction":{"idSuffix":"inner"}},"clearTextFirst":true,"interactionType":"ENTER_TEXT"}]}
RESULT: {"script":"<script> [776 bytes]","args":[{"enterText":"Bucharest","selector":{"id":"application-managesites-display-component---NewSite--addressDetailDetailsCity1","interaction":{"idSuffix":"inner"}},"clearTextFirst":true,"interactionType":"ENTER_TEXT"}]}
COMMAND: POST /session/04aee939af97850adaa3733c1af52842/execute/async - {"script":"<script> [1562 bytes]","args":[{"selector":{"id":"application-managesites-display-component---NewSite--addressDetailDetailsCountry","interaction":{"idSuffix":"inner"}},"wdio_ui5_key":"applicationmanagesites-display-component---NewSite--addressDetailDetailsCountry"}]}
RESULT: {"script":"<script> [1562 bytes]","args":[{"selector":{"id":"application-managesites-display-component---NewSite--addressDetailDetailsCountry","interaction":{"idSuffix":"inner"}},"wdio_ui5_key":"applicationmanagesites-display-component---NewSite--addressDetailDetailsCountry"}]}
RESULT: undefined
COMMAND: POST /session/04aee939af97850adaa3733c1af52842/execute/async - {"script":"<script> [776 bytes]","args":[{"enterText":"Romania","selector":{"id":"application-managesites-display-component---NewSite--addressDetailDetailsCountry","interaction":{"idSuffix":"inner"}},"clearTextFirst":true,"interactionType":"ENTER_TEXT"}]}
RESULT: {"script":"<script> [776 bytes]","args":[{"enterText":"Romania","selector":{"id":"application-managesites-display-component---NewSite--addressDetailDetailsCountry","interaction":{"idSuffix":"inner"}},"clearTextFirst":true,"interactionType":"ENTER_TEXT"}]}
COMMAND: POST /session/04aee939af97850adaa3733c1af52842/element - {"using":"css selector","value":"#application-managesites-display-component---NewSite--addressDetailDetailsCalendar-inner"}
RESULT: {"using":"css selector","value":"#application-managesites-display-component---NewSite--addressDetailDetailsCalendar-inner"}
COMMAND: POST /session/04aee939af97850adaa3733c1af52842/element/f.244B6B55DE4F2A8C3CFC86491C19658C.d.F5FC893C2F8E0889E5586F42C9981467.e.12689/clear - {}
RESULT: {}
COMMAND: POST /session/04aee939af97850adaa3733c1af52842/element/f.244B6B55DE4F2A8C3CFC86491C19658C.d.F5FC893C2F8E0889E5586F42C9981467.e.12689/value - {"text":"Germany"}
COMMAND: GET /session/04aee939af97850adaa3733c1af52842/screenshot - {}
RESULT: {"text":"Germany"}
COMMAND: POST /session/04aee939af97850adaa3733c1af52842/execute/async - {"script":"<script> [1562 bytes]","args":[{"selector":{"id":"application-managesites-display-component---NewSite--addressEditDetailsCostObjectCstType-arrow"},"wdio_ui5_key":"applicationmanagesites-display-component---NewSite--addressEditDetailsCostObjectCstType-arrow"}]}
COMMAND: GET /session/04aee939af97850adaa3733c1af52842/screenshot - {}
RESULT: {}
RESULT: {"script":"<script> [1562 bytes]","args":[{"selector":{"id":"application-managesites-display-component---NewSite--addressEditDetailsCostObjectCstType-arrow"},"wdio_ui5_key":"applicationmanagesites-display-component---NewSite--addressEditDetailsCostObjectCstType-arrow"}]}
RESULT: undefined
COMMAND: POST /session/04aee939af97850adaa3733c1af52842/element - {"using":"xpath","value":"//*[@id=\"application-managesites-display-component---NewSite--addressEditDetailsCostObjectCstType-arrow\"]"}
RESULT: {}
RESULT: {"using":"xpath","value":"//*[@id=\"application-managesites-display-component---NewSite--addressEditDetailsCostObjectCstType-arrow\"]"}
COMMAND: POST /session/04aee939af97850adaa3733c1af52842/element/f.244B6B55DE4F2A8C3CFC86491C19658C.d.F5FC893C2F8E0889E5586F42C9981467.e.12885/click - {}
RESULT: {}
COMMAND: POST /session/04aee939af97850adaa3733c1af52842/element - {"using":"xpath","value":"//span[contains(text(), \"Work Breakdown Structure\")]"}
COMMAND: GET /session/04aee939af97850adaa3733c1af52842/screenshot - {}
RESULT: {"using":"xpath","value":"//span[contains(text(), \"Work Breakdown Structure\")]"}
COMMAND: POST /session/04aee939af97850adaa3733c1af52842/element/f.244B6B55DE4F2A8C3CFC86491C19658C.d.F5FC893C2F8E0889E5586F42C9981467.e.12886/click - {}
RESULT: {}
RESULT: {}
COMMAND: GET /session/04aee939af97850adaa3733c1af52842/screenshot - {}
RESULT: {}
COMMAND: POST /session/04aee939af97850adaa3733c1af52842/execute/async - {"script":"<script> [1562 bytes]","args":[{"selector":{"id":"application-managesites-display-component---NewSite--addressNewCostObjectCstID-vhi"},"wdio_ui5_key":"applicationmanagesites-display-component---NewSite--addressNewCostObjectCstID-vhi"}]}
RESULT: {"script":"<script> [1562 bytes]","args":[{"selector":{"id":"application-managesites-display-component---NewSite--addressNewCostObjectCstID-vhi"},"wdio_ui5_key":"applicationmanagesites-display-component---NewSite--addressNewCostObjectCstID-vhi"}]}
RESULT: undefined
COMMAND: POST /session/04aee939af97850adaa3733c1af52842/element - {"using":"xpath","value":"//*[@id=\"application-managesites-display-component---NewSite--addressNewCostObjectCstID-vhi\"]"}
RESULT: {"using":"xpath","value":"//*[@id=\"application-managesites-display-component---NewSite--addressNewCostObjectCstID-vhi\"]"}
COMMAND: POST /session/04aee939af97850adaa3733c1af52842/element/f.244B6B55DE4F2A8C3CFC86491C19658C.d.F5FC893C2F8E0889E5586F42C9981467.e.12891/click - {}
RESULT: {}
COMMAND: GET /session/04aee939af97850adaa3733c1af52842/screenshot - {}
RESULT: {}
COMMAND: POST /session/04aee939af97850adaa3733c1af52842/execute/async - {"script":"<script> [1562 bytes]","args":[{"selector":{"controlType":"sap.m.SearchField","properties":{"placeholder":"Search"},"searchOpenDialogs":true,"interaction":{"idSuffix":"I"}},"wdio_ui5_key":"sapm.SearchField{\"placeholder\":\"Search\"}"}]}
RESULT: {"script":"<script> [1562 bytes]","args":[{"selector":{"controlType":"sap.m.SearchField","properties":{"placeholder":"Search"},"searchOpenDialogs":true,"interaction":{"idSuffix":"I"}},"wdio_ui5_key":"sapm.SearchField{\"placeholder\":\"Search\"}"}]}
RESULT: undefined
COMMAND: POST /session/04aee939af97850adaa3733c1af52842/execute/async - {"script":"<script> [776 bytes]","args":[{"enterText":"A1-000100-01","selector":{"controlType":"sap.m.SearchField","properties":{"placeholder":"Search"},"searchOpenDialogs":true,"interaction":{"idSuffix":"I"}},"clearTextFirst":true,"interactionType":"ENTER_TEXT"}]}
RESULT: {"script":"<script> [776 bytes]","args":[{"enterText":"A1-000100-01","selector":{"controlType":"sap.m.SearchField","properties":{"placeholder":"Search"},"searchOpenDialogs":true,"interaction":{"idSuffix":"I"}},"clearTextFirst":true,"interactionType":"ENTER_TEXT"}]}
COMMAND: POST /session/04aee939af97850adaa3733c1af52842/actions - {"actions":[{"id":"action67","type":"key","parameters":{},"actions":[{"type":"keyDown","value":"î€‡"},{"type":"pause","duration":10},{"type":"keyUp","value":"î€‡"}]}]}
RESULT: {"actions":[{"id":"action67","type":"key","parameters":{},"actions":[{"type":"keyDown","value":"î€‡"},{"type":"pause","duration":10},{"type":"keyUp","value":"î€‡"}]}]}
COMMAND: GET /session/04aee939af97850adaa3733c1af52842/screenshot - {}
RESULT: {}
COMMAND: POST /session/04aee939af97850adaa3733c1af52842/element - {"using":"xpath","value":"//span[contains(text(), \"Template for ETO-Process\")]"}
RESULT: {"using":"xpath","value":"//span[contains(text(), \"Template for ETO-Process\")]"}
COMMAND: POST /session/04aee939af97850adaa3733c1af52842/element/f.244B6B55DE4F2A8C3CFC86491C19658C.d.F5FC893C2F8E0889E5586F42C9981467.e.12911/click - {}
RESULT: {}
COMMAND: GET /session/04aee939af97850adaa3733c1af52842/screenshot - {}
RESULT: {}
COMMAND: POST /session/04aee939af97850adaa3733c1af52842/element - {"using":"xpath","value":"//bdi[contains(text(), \"OK\")]"}
RESULT: {"using":"xpath","value":"//bdi[contains(text(), \"OK\")]"}
COMMAND: POST /session/04aee939af97850adaa3733c1af52842/element/f.244B6B55DE4F2A8C3CFC86491C19658C.d.F5FC893C2F8E0889E5586F42C9981467.e.12912/click - {}
RESULT: {}
COMMAND: GET /session/04aee939af97850adaa3733c1af52842/screenshot - {}
RESULT: {}
COMMAND: POST /session/04aee939af97850adaa3733c1af52842/element - {"using":"xpath","value":"//input[@id=\"application-managesites-display-component---NewSite--addressDetailDetailsYard-inner\"]"}
RESULT: {"using":"xpath","value":"//input[@id=\"application-managesites-display-component---NewSite--addressDetailDetailsYard-inner\"]"}
COMMAND: POST /session/04aee939af97850adaa3733c1af52842/element/f.244B6B55DE4F2A8C3CFC86491C19658C.d.F5FC893C2F8E0889E5586F42C9981467.e.12690/value - {"text":"WebdriverYardf1n7g"}
RESULT: {"text":"WebdriverYardf1n7g"}
COMMAND: GET /session/04aee939af97850adaa3733c1af52842/screenshot - {}
RESULT: {}
COMMAND: POST /session/04aee939af97850adaa3733c1af52842/actions - {"actions":[{"id":"action68","type":"key","parameters":{},"actions":[{"type":"keyDown","value":"î€‡"},{"type":"pause","duration":10},{"type":"keyUp","value":"î€‡"}]}]}
RESULT: {"actions":[{"id":"action68","type":"key","parameters":{},"actions":[{"type":"keyDown","value":"î€‡"},{"type":"pause","duration":10},{"type":"keyUp","value":"î€‡"}]}]}
COMMAND: GET /session/04aee939af97850adaa3733c1af52842/screenshot - {}
RESULT: {}
COMMAND: POST /session/04aee939af97850adaa3733c1af52842/element - {"using":"xpath","value":"//input[@id=\"application-managesites-display-component---NewSite--addressDetailDetailsPartner-inner\"]"}
RESULT: {"using":"xpath","value":"//input[@id=\"application-managesites-display-component---NewSite--addressDetailDetailsPartner-inner\"]"}
COMMAND: POST /session/04aee939af97850adaa3733c1af52842/elements - {"using":"xpath","value":"//input[@id=\"application-managesites-display-component---NewSite--addressDetailDetailsPartner-inner\"]"}
RESULT: {"using":"xpath","value":"//input[@id=\"application-managesites-display-component---NewSite--addressDetailDetailsPartner-inner\"]"}
COMMAND: POST /session/04aee939af97850adaa3733c1af52842/execute/async - {"script":"<script> [1562 bytes]","args":[{"selector":{"controlType":"sap.m.Button","viewName":"etm.portal.ui.managesites.view.NewSmartSite","viewId":"application-managesites-display-component---NewSite","properties":{"text":"Commercial"},"interaction":{"idSuffix":"BDI-content"}},"wdio_ui5_key":"etmportal.ui.managesites.view.NewSmartSitesap.m.Button{\"text\":\"Commercial\"}"}]}
RESULT: {"script":"<script> [1562 bytes]","args":[{"selector":{"controlType":"sap.m.Button","viewName":"etm.portal.ui.managesites.view.NewSmartSite","viewId":"application-managesites-display-component---NewSite","properties":{"text":"Commercial"},"interaction":{"idSuffix":"BDI-content"}},"wdio_ui5_key":"etmportal.ui.managesites.view.NewSmartSitesap.m.Button{\"text\":\"Commercial\"}"}]}
RESULT: undefined
COMMAND: POST /session/04aee939af97850adaa3733c1af52842/element - {"using":"xpath","value":"//*[@id=\"application-managesites-display-component---NewSite--ObjectPageLayout-anchBar-__section29-anchor\"]"}
RESULT: {"using":"xpath","value":"//*[@id=\"application-managesites-display-component---NewSite--ObjectPageLayout-anchBar-__section29-anchor\"]"}
COMMAND: POST /session/04aee939af97850adaa3733c1af52842/element/f.244B6B55DE4F2A8C3CFC86491C19658C.d.F5FC893C2F8E0889E5586F42C9981467.e.12919/click - {}
RESULT: {}
COMMAND: POST /session/04aee939af97850adaa3733c1af52842/execute/async - {"script":"<script> [1562 bytes]","args":[{"selector":{"controlType":"sap.m.Button","viewName":"etm.portal.ui.managesites.view.NewSmartSite","viewId":"application-managesites-display-component---NewSite","i18NText":{"propertyName":"text","key":"save"},"interaction":{"idSuffix":"BDI-content"}},"wdio_ui5_key":"etmportal.ui.managesites.view.NewSmartSitesap.m.Button{\"propertyName\":\"text\",\"key\":\"save\"}"}]}
COMMAND: GET /session/04aee939af97850adaa3733c1af52842/screenshot - {}
RESULT: {"script":"<script> [1562 bytes]","args":[{"selector":{"controlType":"sap.m.Button","viewName":"etm.portal.ui.managesites.view.NewSmartSite","viewId":"application-managesites-display-component---NewSite","i18NText":{"propertyName":"text","key":"save"},"interaction":{"idSuffix":"BDI-content"}},"wdio_ui5_key":"etmportal.ui.managesites.view.NewSmartSitesap.m.Button{\"propertyName\":\"text\",\"key\":\"save\"}"}]}
RESULT: undefined
COMMAND: POST /session/04aee939af97850adaa3733c1af52842/element - {"using":"xpath","value":"//*[@id=\"__button60\"]"}
RESULT: {}
RESULT: {"using":"xpath","value":"//*[@id=\"__button60\"]"}
COMMAND: POST /session/04aee939af97850adaa3733c1af52842/element/f.244B6B55DE4F2A8C3CFC86491C19658C.d.F5FC893C2F8E0889E5586F42C9981467.e.12822/click - {}
RESULT: {}
COMMAND: GET /session/04aee939af97850adaa3733c1af52842/screenshot - {}
RESULT: {}
COMMAND: POST /session/04aee939af97850adaa3733c1af52842/execute/async - {"script":"<script> [1562 bytes]","args":[{"selector":{"id":"application-managesites-display-component---detailSite--addressDetailDetailsYardText"},"wdio_ui5_key":"applicationmanagesites-display-component---detailSite--addressDetailDetailsYardText"}]}
RESULT: {"script":"<script> [1562 bytes]","args":[{"selector":{"id":"application-managesites-display-component---detailSite--addressDetailDetailsYardText"},"wdio_ui5_key":"applicationmanagesites-display-component---detailSite--addressDetailDetailsYardText"}]}
RESULT: undefined
COMMAND: POST /session/04aee939af97850adaa3733c1af52842/element - {"using":"xpath","value":"//header/div/div[2]/div[2]/span"}
RESULT: {"using":"xpath","value":"//header/div/div[2]/div[2]/span"}
COMMAND: GET /session/04aee939af97850adaa3733c1af52842/element/f.244B6B55DE4F2A8C3CFC86491C19658C.d.F5FC893C2F8E0889E5586F42C9981467.e.13124/text - {}
RESULT: {}
COMMAND: POST /session/04aee939af97850adaa3733c1af52842/element - {"using":"xpath","value":"//header/div/div/div/div/div/div[2]/div/span"}
RESULT: {"using":"xpath","value":"//header/div/div/div/div/div/div[2]/div/span"}
COMMAND: GET /session/04aee939af97850adaa3733c1af52842/element/f.244B6B55DE4F2A8C3CFC86491C19658C.d.F5FC893C2F8E0889E5586F42C9981467.e.13125/text - {}
RESULT: {}
COMMAND: POST /session/04aee939af97850adaa3733c1af52842/element - {"using":"css selector","value":"#shell-header-logo"}
RESULT: {"using":"css selector","value":"#shell-header-logo"}
COMMAND: POST /session/04aee939af97850adaa3733c1af52842/element/f.244B6B55DE4F2A8C3CFC86491C19658C.d.F5FC893C2F8E0889E5586F42C9981467.e.12268/click - {}
RESULT: {}
COMMAND: GET /session/04aee939af97850adaa3733c1af52842/screenshot - {}
RESULT: {}
]]></system-out>
    </testcase>
    <testcase classname="chrome.136_0_7103_93.windows.E2E_-_Logistical_and_commercial_statuses" name="It should stock increase the resource" time="203.096">
      <system-out><![CDATA[
COMMAND: POST /session/04aee939af97850adaa3733c1af52842/execute/async - {"script":"<script> [1562 bytes]","args":[{"selector":{"controlType":"sap.m.GenericTile","properties":{"header":"Manage Resources"}},"wdio_ui5_key":"sapm.GenericTile{\"header\":\"Manage Resources\"}"}]}
RESULT: {"script":"<script> [1562 bytes]","args":[{"selector":{"controlType":"sap.m.GenericTile","properties":{"header":"Manage Resources"}},"wdio_ui5_key":"sapm.GenericTile{\"header\":\"Manage Resources\"}"}]}
RESULT: undefined
COMMAND: POST /session/04aee939af97850adaa3733c1af52842/element - {"using":"xpath","value":"//*[@id=\"__tile39\"]"}
RESULT: {"using":"xpath","value":"//*[@id=\"__tile39\"]"}
COMMAND: POST /session/04aee939af97850adaa3733c1af52842/element/f.244B6B55DE4F2A8C3CFC86491C19658C.d.F5FC893C2F8E0889E5586F42C9981467.e.13127/click - {}
RESULT: {}
COMMAND: GET /session/04aee939af97850adaa3733c1af52842/screenshot - {}
RESULT: {}
COMMAND: POST /session/04aee939af97850adaa3733c1af52842/elements - {"using":"xpath","value":"//span[text()='Error']"}
RESULT: {"using":"xpath","value":"//span[text()='Error']"}
COMMAND: POST /session/04aee939af97850adaa3733c1af52842/element - {"using":"xpath","value":"//button[@data-kt=\"addNewRUOverflowToolbarButton\"]"}
RESULT: {"using":"xpath","value":"//button[@data-kt=\"addNewRUOverflowToolbarButton\"]"}
COMMAND: POST /session/04aee939af97850adaa3733c1af52842/execute/sync - {"script":"<script> [8489 bytes]","args":[{"element-6066-11e4-a52e-4f735466cecf":"f.244B6B55DE4F2A8C3CFC86491C19658C.d.F5FC893C2F8E0889E5586F42C9981467.e.13170","ELEMENT":"f.244B6B55DE4F2A8C3CFC86491C19658C.d.F5FC893C2F8E0889E5586F42C9981467.e.13170"}]}
RESULT: {"script":"<script> [8489 bytes]","args":[{"element-6066-11e4-a52e-4f735466cecf":"f.244B6B55DE4F2A8C3CFC86491C19658C.d.F5FC893C2F8E0889E5586F42C9981467.e.13170","ELEMENT":"f.244B6B55DE4F2A8C3CFC86491C19658C.d.F5FC893C2F8E0889E5586F42C9981467.e.13170"}]}
COMMAND: POST /session/04aee939af97850adaa3733c1af52842/element/f.244B6B55DE4F2A8C3CFC86491C19658C.d.F5FC893C2F8E0889E5586F42C9981467.e.13170/click - {}
COMMAND: GET /session/04aee939af97850adaa3733c1af52842/screenshot - {}
RESULT: {}
COMMAND: POST /session/04aee939af97850adaa3733c1af52842/execute/async - {"script":"<script> [1562 bytes]","args":[{"selector":{"id":"application-manageresources-display-component---newResourceUnit--TYPE-arrow"},"wdio_ui5_key":"applicationmanageresources-display-component---newResourceUnit--TYPE-arrow"}]}
COMMAND: GET /session/04aee939af97850adaa3733c1af52842/screenshot - {}
RESULT: {}
RESULT: {"script":"<script> [1562 bytes]","args":[{"selector":{"id":"application-manageresources-display-component---newResourceUnit--TYPE-arrow"},"wdio_ui5_key":"applicationmanageresources-display-component---newResourceUnit--TYPE-arrow"}]}
RESULT: undefined
COMMAND: POST /session/04aee939af97850adaa3733c1af52842/element - {"using":"xpath","value":"//*[@id=\"application-manageresources-display-component---newResourceUnit--TYPE-arrow\"]"}
RESULT: {}
RESULT: {"using":"xpath","value":"//*[@id=\"application-manageresources-display-component---newResourceUnit--TYPE-arrow\"]"}
COMMAND: POST /session/04aee939af97850adaa3733c1af52842/element/f.244B6B55DE4F2A8C3CFC86491C19658C.d.F5FC893C2F8E0889E5586F42C9981467.e.13493/click - {}
RESULT: {}
COMMAND: POST /session/04aee939af97850adaa3733c1af52842/execute/async - {"script":"<script> [1562 bytes]","args":[{"selector":{"controlType":"sap.m.StandardListItem","viewName":"reusables.view.manageresources.NewResourceUnit","viewId":"application-manageresources-display-component---newResourceUnit","properties":{"title":"Material"},"searchOpenDialogs":true,"interaction":{"idSuffix":"titleText"}},"wdio_ui5_key":"reusablesview.manageresources.NewResourceUnitsap.m.StandardListItem{\"title\":\"Material\"}"}]}
COMMAND: GET /session/04aee939af97850adaa3733c1af52842/screenshot - {}
RESULT: {"script":"<script> [1562 bytes]","args":[{"selector":{"controlType":"sap.m.StandardListItem","viewName":"reusables.view.manageresources.NewResourceUnit","viewId":"application-manageresources-display-component---newResourceUnit","properties":{"title":"Material"},"searchOpenDialogs":true,"interaction":{"idSuffix":"titleText"}},"wdio_ui5_key":"reusablesview.manageresources.NewResourceUnitsap.m.StandardListItem{\"title\":\"Material\"}"}]}
RESULT: undefined
COMMAND: POST /session/04aee939af97850adaa3733c1af52842/element - {"using":"xpath","value":"//*[@id=\"__item1047\"]"}
RESULT: {}
RESULT: {"using":"xpath","value":"//*[@id=\"__item1047\"]"}
COMMAND: POST /session/04aee939af97850adaa3733c1af52842/element/f.244B6B55DE4F2A8C3CFC86491C19658C.d.F5FC893C2F8E0889E5586F42C9981467.e.13495/click - {}
RESULT: {}
COMMAND: POST /session/04aee939af97850adaa3733c1af52842/execute/async - {"script":"<script> [1562 bytes]","args":[{"selector":{"id":"application-manageresources-display-component---newResourceUnit--SHORT_TEXT","interaction":{"idSuffix":"inner"}},"wdio_ui5_key":"applicationmanageresources-display-component---newResourceUnit--SHORT_TEXT"}]}
COMMAND: GET /session/04aee939af97850adaa3733c1af52842/screenshot - {}
RESULT: {"script":"<script> [1562 bytes]","args":[{"selector":{"id":"application-manageresources-display-component---newResourceUnit--SHORT_TEXT","interaction":{"idSuffix":"inner"}},"wdio_ui5_key":"applicationmanageresources-display-component---newResourceUnit--SHORT_TEXT"}]}
RESULT: undefined
COMMAND: POST /session/04aee939af97850adaa3733c1af52842/execute/async - {"script":"<script> [776 bytes]","args":[{"enterText":"WebdriverRUR2Ce1jsb","selector":{"id":"application-manageresources-display-component---newResourceUnit--SHORT_TEXT","interaction":{"idSuffix":"inner"}},"clearTextFirst":true,"interactionType":"ENTER_TEXT"}]}
RESULT: {}
RESULT: {"script":"<script> [776 bytes]","args":[{"enterText":"WebdriverRUR2Ce1jsb","selector":{"id":"application-manageresources-display-component---newResourceUnit--SHORT_TEXT","interaction":{"idSuffix":"inner"}},"clearTextFirst":true,"interactionType":"ENTER_TEXT"}]}
COMMAND: POST /session/04aee939af97850adaa3733c1af52842/execute/async - {"script":"<script> [1562 bytes]","args":[{"selector":{"id":"application-manageresources-display-component---newResourceUnit--BASE_UNIT_OF_MEASURE-arrow"},"wdio_ui5_key":"applicationmanageresources-display-component---newResourceUnit--BASE_UNIT_OF_MEASURE-arrow"}]}
RESULT: {"script":"<script> [1562 bytes]","args":[{"selector":{"id":"application-manageresources-display-component---newResourceUnit--BASE_UNIT_OF_MEASURE-arrow"},"wdio_ui5_key":"applicationmanageresources-display-component---newResourceUnit--BASE_UNIT_OF_MEASURE-arrow"}]}
RESULT: undefined
COMMAND: POST /session/04aee939af97850adaa3733c1af52842/element - {"using":"xpath","value":"//*[@id=\"application-manageresources-display-component---newResourceUnit--BASE_UNIT_OF_MEASURE-arrow\"]"}
RESULT: {"using":"xpath","value":"//*[@id=\"application-manageresources-display-component---newResourceUnit--BASE_UNIT_OF_MEASURE-arrow\"]"}
COMMAND: POST /session/04aee939af97850adaa3733c1af52842/element/f.244B6B55DE4F2A8C3CFC86491C19658C.d.F5FC893C2F8E0889E5586F42C9981467.e.13551/click - {}
RESULT: {}
COMMAND: POST /session/04aee939af97850adaa3733c1af52842/execute/async - {"script":"<script> [1562 bytes]","args":[{"selector":{"controlType":"sap.m.StandardListItem","viewName":"reusables.view.manageresources.NewResourceUnit","viewId":"application-manageresources-display-component---newResourceUnit","properties":{"title":"Piece"},"searchOpenDialogs":true,"interaction":{"idSuffix":"titleText"}},"wdio_ui5_key":"reusablesview.manageresources.NewResourceUnitsap.m.StandardListItem{\"title\":\"Piece\"}"}]}
COMMAND: GET /session/04aee939af97850adaa3733c1af52842/screenshot - {}
RESULT: {"script":"<script> [1562 bytes]","args":[{"selector":{"controlType":"sap.m.StandardListItem","viewName":"reusables.view.manageresources.NewResourceUnit","viewId":"application-manageresources-display-component---newResourceUnit","properties":{"title":"Piece"},"searchOpenDialogs":true,"interaction":{"idSuffix":"titleText"}},"wdio_ui5_key":"reusablesview.manageresources.NewResourceUnitsap.m.StandardListItem{\"title\":\"Piece\"}"}]}
RESULT: undefined
COMMAND: POST /session/04aee939af97850adaa3733c1af52842/element - {"using":"xpath","value":"//*[@id=\"__item1089\"]"}
RESULT: {}
RESULT: {"using":"xpath","value":"//*[@id=\"__item1089\"]"}
COMMAND: POST /session/04aee939af97850adaa3733c1af52842/element/f.244B6B55DE4F2A8C3CFC86491C19658C.d.F5FC893C2F8E0889E5586F42C9981467.e.13553/click - {}
RESULT: {}
COMMAND: POST /session/04aee939af97850adaa3733c1af52842/element - {"using":"xpath","value":"//input[contains(@id ,\"application-manageresources-display-component---newResourceUnit--SHORT_TEXT-inner\")]"}
COMMAND: GET /session/04aee939af97850adaa3733c1af52842/screenshot - {}
RESULT: {"using":"xpath","value":"//input[contains(@id ,\"application-manageresources-display-component---newResourceUnit--SHORT_TEXT-inner\")]"}
COMMAND: GET /session/04aee939af97850adaa3733c1af52842/element/f.244B6B55DE4F2A8C3CFC86491C19658C.d.F5FC893C2F8E0889E5586F42C9981467.e.13513/property/value - {}
RESULT: {}
RESULT: {}
COMMAND: POST /session/04aee939af97850adaa3733c1af52842/execute/async - {"script":"<script> [1562 bytes]","args":[{"selector":{"id":"application-manageresources-display-component---newResourceUnit--WEIGHT_UNIT-arrow"},"wdio_ui5_key":"applicationmanageresources-display-component---newResourceUnit--WEIGHT_UNIT-arrow"}]}
COMMAND: GET /session/04aee939af97850adaa3733c1af52842/screenshot - {}
RESULT: {"script":"<script> [1562 bytes]","args":[{"selector":{"id":"application-manageresources-display-component---newResourceUnit--WEIGHT_UNIT-arrow"},"wdio_ui5_key":"applicationmanageresources-display-component---newResourceUnit--WEIGHT_UNIT-arrow"}]}
RESULT: undefined
COMMAND: POST /session/04aee939af97850adaa3733c1af52842/element - {"using":"xpath","value":"//*[@id=\"application-manageresources-display-component---newResourceUnit--WEIGHT_UNIT-arrow\"]"}
RESULT: {}
RESULT: {"using":"xpath","value":"//*[@id=\"application-manageresources-display-component---newResourceUnit--WEIGHT_UNIT-arrow\"]"}
COMMAND: POST /session/04aee939af97850adaa3733c1af52842/element/f.244B6B55DE4F2A8C3CFC86491C19658C.d.F5FC893C2F8E0889E5586F42C9981467.e.13554/click - {}
RESULT: {}
COMMAND: POST /session/04aee939af97850adaa3733c1af52842/execute/async - {"script":"<script> [1562 bytes]","args":[{"selector":{"controlType":"sap.m.StandardListItem","viewName":"reusables.view.manageresources.NewResourceUnit","viewId":"application-manageresources-display-component---newResourceUnit","properties":{"title":"Gram"},"searchOpenDialogs":true,"interaction":{"idSuffix":"content"}},"wdio_ui5_key":"reusablesview.manageresources.NewResourceUnitsap.m.StandardListItem{\"title\":\"Gram\"}"}]}
COMMAND: GET /session/04aee939af97850adaa3733c1af52842/screenshot - {}
RESULT: {"script":"<script> [1562 bytes]","args":[{"selector":{"controlType":"sap.m.StandardListItem","viewName":"reusables.view.manageresources.NewResourceUnit","viewId":"application-manageresources-display-component---newResourceUnit","properties":{"title":"Gram"},"searchOpenDialogs":true,"interaction":{"idSuffix":"content"}},"wdio_ui5_key":"reusablesview.manageresources.NewResourceUnitsap.m.StandardListItem{\"title\":\"Gram\"}"}]}
RESULT: undefined
COMMAND: POST /session/04aee939af97850adaa3733c1af52842/element - {"using":"xpath","value":"//*[@id=\"__item1154\"]"}
RESULT: {}
RESULT: {"using":"xpath","value":"//*[@id=\"__item1154\"]"}
COMMAND: POST /session/04aee939af97850adaa3733c1af52842/element/f.244B6B55DE4F2A8C3CFC86491C19658C.d.F5FC893C2F8E0889E5586F42C9981467.e.13556/click - {}
RESULT: {}
COMMAND: POST /session/04aee939af97850adaa3733c1af52842/execute/async - {"script":"<script> [1562 bytes]","args":[{"selector":{"id":"application-manageresources-display-component---newResourceUnit--newRRUPage-OPHeaderContent-collapseBtn-img"},"wdio_ui5_key":"applicationmanageresources-display-component---newResourceUnit--newRRUPage-OPHeaderContent-collapseBtn-img"}]}
COMMAND: GET /session/04aee939af97850adaa3733c1af52842/screenshot - {}
RESULT: {"script":"<script> [1562 bytes]","args":[{"selector":{"id":"application-manageresources-display-component---newResourceUnit--newRRUPage-OPHeaderContent-collapseBtn-img"},"wdio_ui5_key":"applicationmanageresources-display-component---newResourceUnit--newRRUPage-OPHeaderContent-collapseBtn-img"}]}
RESULT: undefined
COMMAND: POST /session/04aee939af97850adaa3733c1af52842/element - {"using":"xpath","value":"//*[@id=\"application-manageresources-display-component---newResourceUnit--newRRUPage-OPHeaderContent-collapseBtn-img\"]"}
RESULT: {}
RESULT: {"using":"xpath","value":"//*[@id=\"application-manageresources-display-component---newResourceUnit--newRRUPage-OPHeaderContent-collapseBtn-img\"]"}
COMMAND: POST /session/04aee939af97850adaa3733c1af52842/element/f.244B6B55DE4F2A8C3CFC86491C19658C.d.F5FC893C2F8E0889E5586F42C9981467.e.13503/click - {}
RESULT: {}
COMMAND: GET /session/04aee939af97850adaa3733c1af52842/screenshot - {}
RESULT: {}
COMMAND: POST /session/04aee939af97850adaa3733c1af52842/element - {"using":"xpath","value":"(//span[contains(@id ,\"application-manageresources-display-component---newResourceUnit--DIMENSION_UNIT-arrow\")])[1]"}
RESULT: {"using":"xpath","value":"(//span[contains(@id ,\"application-manageresources-display-component---newResourceUnit--DIMENSION_UNIT-arrow\")])[1]"}
COMMAND: POST /session/04aee939af97850adaa3733c1af52842/element/f.244B6B55DE4F2A8C3CFC86491C19658C.d.F5FC893C2F8E0889E5586F42C9981467.e.13562/click - {}
RESULT: {}
COMMAND: GET /session/04aee939af97850adaa3733c1af52842/screenshot - {}
RESULT: {}
COMMAND: POST /session/04aee939af97850adaa3733c1af52842/execute/async - {"script":"<script> [1562 bytes]","args":[{"selector":{"controlType":"sap.m.StandardListItem","viewName":"reusables.view.manageresources.NewResourceUnit","viewId":"application-manageresources-display-component---newResourceUnit","properties":{"title":"Centimeter"},"searchOpenDialogs":true,"interaction":{"idSuffix":"titleText"}},"wdio_ui5_key":"reusablesview.manageresources.NewResourceUnitsap.m.StandardListItem{\"title\":\"Centimeter\"}"}]}
RESULT: {"script":"<script> [1562 bytes]","args":[{"selector":{"controlType":"sap.m.StandardListItem","viewName":"reusables.view.manageresources.NewResourceUnit","viewId":"application-manageresources-display-component---newResourceUnit","properties":{"title":"Centimeter"},"searchOpenDialogs":true,"interaction":{"idSuffix":"titleText"}},"wdio_ui5_key":"reusablesview.manageresources.NewResourceUnitsap.m.StandardListItem{\"title\":\"Centimeter\"}"}]}
RESULT: undefined
COMMAND: POST /session/04aee939af97850adaa3733c1af52842/element - {"using":"xpath","value":"//*[@id=\"__item1157\"]"}
RESULT: {"using":"xpath","value":"//*[@id=\"__item1157\"]"}
COMMAND: POST /session/04aee939af97850adaa3733c1af52842/element/f.244B6B55DE4F2A8C3CFC86491C19658C.d.F5FC893C2F8E0889E5586F42C9981467.e.13564/click - {}
RESULT: {}
COMMAND: POST /session/04aee939af97850adaa3733c1af52842/execute/async - {"script":"<script> [1562 bytes]","args":[{"selector":{"id":"application-manageresources-display-component---newResourceUnit--newRRUPage-anchBar-application-manageresources-display-component---newResourceUnit--reference-anchor","interaction":{"idSuffix":"BDI-content"}},"wdio_ui5_key":"applicationmanageresources-display-component---newResourceUnit--newRRUPage-anchBar-application-manageresources-display-component---newResourceUnit--reference-anchor"}]}
COMMAND: GET /session/04aee939af97850adaa3733c1af52842/screenshot - {}
RESULT: {"script":"<script> [1562 bytes]","args":[{"selector":{"id":"application-manageresources-display-component---newResourceUnit--newRRUPage-anchBar-application-manageresources-display-component---newResourceUnit--reference-anchor","interaction":{"idSuffix":"BDI-content"}},"wdio_ui5_key":"applicationmanageresources-display-component---newResourceUnit--newRRUPage-anchBar-application-manageresources-display-component---newResourceUnit--reference-anchor"}]}
RESULT: undefined
COMMAND: POST /session/04aee939af97850adaa3733c1af52842/element - {"using":"xpath","value":"//*[@id=\"application-manageresources-display-component---newResourceUnit--newRRUPage-anchBar-application-manageresources-display-component---newResourceUnit--reference-anchor\"]"}
RESULT: {}
RESULT: {"using":"xpath","value":"//*[@id=\"application-manageresources-display-component---newResourceUnit--newRRUPage-anchBar-application-manageresources-display-component---newResourceUnit--reference-anchor\"]"}
COMMAND: POST /session/04aee939af97850adaa3733c1af52842/element/f.244B6B55DE4F2A8C3CFC86491C19658C.d.F5FC893C2F8E0889E5586F42C9981467.e.13566/click - {}
RESULT: {}
COMMAND: POST /session/04aee939af97850adaa3733c1af52842/execute/async - {"script":"<script> [1562 bytes]","args":[{"selector":{"id":"application-manageresources-display-component---newResourceUnit--PLANNING_GROUP-arrow"},"wdio_ui5_key":"applicationmanageresources-display-component---newResourceUnit--PLANNING_GROUP-arrow"}]}
COMMAND: GET /session/04aee939af97850adaa3733c1af52842/screenshot - {}
RESULT: {"script":"<script> [1562 bytes]","args":[{"selector":{"id":"application-manageresources-display-component---newResourceUnit--PLANNING_GROUP-arrow"},"wdio_ui5_key":"applicationmanageresources-display-component---newResourceUnit--PLANNING_GROUP-arrow"}]}
RESULT: undefined
COMMAND: POST /session/04aee939af97850adaa3733c1af52842/element - {"using":"xpath","value":"//*[@id=\"application-manageresources-display-component---newResourceUnit--PLANNING_GROUP-arrow\"]"}
RESULT: {}
RESULT: {"using":"xpath","value":"//*[@id=\"application-manageresources-display-component---newResourceUnit--PLANNING_GROUP-arrow\"]"}
COMMAND: POST /session/04aee939af97850adaa3733c1af52842/element/f.244B6B55DE4F2A8C3CFC86491C19658C.d.F5FC893C2F8E0889E5586F42C9981467.e.13570/click - {}
RESULT: {}
COMMAND: POST /session/04aee939af97850adaa3733c1af52842/execute/async - {"script":"<script> [1562 bytes]","args":[{"selector":{"controlType":"sap.m.StandardListItem","viewName":"reusables.view.manageresources.NewResourceUnit","viewId":"application-manageresources-display-component---newResourceUnit","properties":{"title":"Heavy Equi"},"searchOpenDialogs":true,"interaction":{"idSuffix":"content"}},"wdio_ui5_key":"reusablesview.manageresources.NewResourceUnitsap.m.StandardListItem{\"title\":\"Heavy Equi\"}"}]}
COMMAND: GET /session/04aee939af97850adaa3733c1af52842/screenshot - {}
RESULT: {"script":"<script> [1562 bytes]","args":[{"selector":{"controlType":"sap.m.StandardListItem","viewName":"reusables.view.manageresources.NewResourceUnit","viewId":"application-manageresources-display-component---newResourceUnit","properties":{"title":"Heavy Equi"},"searchOpenDialogs":true,"interaction":{"idSuffix":"content"}},"wdio_ui5_key":"reusablesview.manageresources.NewResourceUnitsap.m.StandardListItem{\"title\":\"Heavy Equi\"}"}]}
RESULT: undefined
COMMAND: POST /session/04aee939af97850adaa3733c1af52842/element - {"using":"xpath","value":"//*[@id=\"__item1165\"]"}
RESULT: {}
RESULT: {"using":"xpath","value":"//*[@id=\"__item1165\"]"}
COMMAND: POST /session/04aee939af97850adaa3733c1af52842/element/f.244B6B55DE4F2A8C3CFC86491C19658C.d.F5FC893C2F8E0889E5586F42C9981467.e.13572/click - {}
RESULT: {}
COMMAND: GET /session/04aee939af97850adaa3733c1af52842/screenshot - {}
RESULT: {}
COMMAND: POST /session/04aee939af97850adaa3733c1af52842/execute/async - {"script":"<script> [1562 bytes]","args":[{"selector":{"id":"application-manageresources-display-component---newResourceUnit--PLANNING_INDICATOR-arrow"},"wdio_ui5_key":"applicationmanageresources-display-component---newResourceUnit--PLANNING_INDICATOR-arrow"}]}
RESULT: {"script":"<script> [1562 bytes]","args":[{"selector":{"id":"application-manageresources-display-component---newResourceUnit--PLANNING_INDICATOR-arrow"},"wdio_ui5_key":"applicationmanageresources-display-component---newResourceUnit--PLANNING_INDICATOR-arrow"}]}
RESULT: undefined
COMMAND: POST /session/04aee939af97850adaa3733c1af52842/element - {"using":"xpath","value":"//*[@id=\"application-manageresources-display-component---newResourceUnit--PLANNING_INDICATOR-arrow\"]"}
RESULT: {"using":"xpath","value":"//*[@id=\"application-manageresources-display-component---newResourceUnit--PLANNING_INDICATOR-arrow\"]"}
COMMAND: POST /session/04aee939af97850adaa3733c1af52842/element/f.244B6B55DE4F2A8C3CFC86491C19658C.d.F5FC893C2F8E0889E5586F42C9981467.e.13573/click - {}
RESULT: {}
COMMAND: POST /session/04aee939af97850adaa3733c1af52842/execute/async - {"script":"<script> [1562 bytes]","args":[{"selector":{"controlType":"sap.m.StandardListItem","viewName":"reusables.view.manageresources.NewResourceUnit","viewId":"application-manageresources-display-component---newResourceUnit","properties":{"title":"10 - infinite"},"searchOpenDialogs":true,"interaction":{"idSuffix":"content"}},"wdio_ui5_key":"reusablesview.manageresources.NewResourceUnitsap.m.StandardListItem{\"title\":\"10 - infinite\"}"}]}
COMMAND: GET /session/04aee939af97850adaa3733c1af52842/screenshot - {}
RESULT: {"script":"<script> [1562 bytes]","args":[{"selector":{"controlType":"sap.m.StandardListItem","viewName":"reusables.view.manageresources.NewResourceUnit","viewId":"application-manageresources-display-component---newResourceUnit","properties":{"title":"10 - infinite"},"searchOpenDialogs":true,"interaction":{"idSuffix":"content"}},"wdio_ui5_key":"reusablesview.manageresources.NewResourceUnitsap.m.StandardListItem{\"title\":\"10 - infinite\"}"}]}
RESULT: undefined
COMMAND: POST /session/04aee939af97850adaa3733c1af52842/element - {"using":"xpath","value":"//*[@id=\"__item1175\"]"}
RESULT: {}
RESULT: {"using":"xpath","value":"//*[@id=\"__item1175\"]"}
COMMAND: POST /session/04aee939af97850adaa3733c1af52842/element/f.244B6B55DE4F2A8C3CFC86491C19658C.d.F5FC893C2F8E0889E5586F42C9981467.e.13575/click - {}
RESULT: {}
COMMAND: GET /session/04aee939af97850adaa3733c1af52842/screenshot - {}
RESULT: {}
COMMAND: POST /session/04aee939af97850adaa3733c1af52842/element - {"using":"xpath","value":"//bdi[contains(text(), \"Time Segment\")]"}
RESULT: {"using":"xpath","value":"//bdi[contains(text(), \"Time Segment\")]"}
COMMAND: GET /session/04aee939af97850adaa3733c1af52842/element/f.244B6B55DE4F2A8C3CFC86491C19658C.d.F5FC893C2F8E0889E5586F42C9981467.e.13576/rect - {}
RESULT: {}
COMMAND: GET /session/04aee939af97850adaa3733c1af52842/window/rect - {}
RESULT: {}
COMMAND: POST /session/04aee939af97850adaa3733c1af52842/execute/sync - {"script":"<script> [92 bytes]","args":[]}
RESULT: {"script":"<script> [92 bytes]","args":[]}
COMMAND: POST /session/04aee939af97850adaa3733c1af52842/actions - {"actions":[{"id":"action69","type":"wheel","parameters":{},"actions":[{"type":"scroll","x":-1820,"y":-21,"deltaX":0,"deltaY":0,"duration":0,"origin":{"element-6066-11e4-a52e-4f735466cecf":"f.244B6B55DE4F2A8C3CFC86491C19658C.d.F5FC893C2F8E0889E5586F42C9981467.e.13576"}}]}]}
COMMAND: GET /session/04aee939af97850adaa3733c1af52842/screenshot - {}
RESULT: {}
COMMAND: POST /session/04aee939af97850adaa3733c1af52842/execute/sync - {"script":"<script> [79 bytes]","args":[{"element-6066-11e4-a52e-4f735466cecf":"f.244B6B55DE4F2A8C3CFC86491C19658C.d.F5FC893C2F8E0889E5586F42C9981467.e.13576","ELEMENT":"f.244B6B55DE4F2A8C3CFC86491C19658C.d.F5FC893C2F8E0889E5586F42C9981467.e.13576"},{"block":"start","inline":"nearest"}]}
RESULT: {"script":"<script> [79 bytes]","args":[{"element-6066-11e4-a52e-4f735466cecf":"f.244B6B55DE4F2A8C3CFC86491C19658C.d.F5FC893C2F8E0889E5586F42C9981467.e.13576","ELEMENT":"f.244B6B55DE4F2A8C3CFC86491C19658C.d.F5FC893C2F8E0889E5586F42C9981467.e.13576"},{"block":"start","inline":"nearest"}]}
COMMAND: GET /session/04aee939af97850adaa3733c1af52842/screenshot - {}
RESULT: {}
COMMAND: POST /session/04aee939af97850adaa3733c1af52842/element - {"using":"xpath","value":"//span[@id=\"application-manageresources-display-component---newResourceUnit--btnAddTimeSegment-img\"]"}
RESULT: {"using":"xpath","value":"//span[@id=\"application-manageresources-display-component---newResourceUnit--btnAddTimeSegment-img\"]"}
COMMAND: POST /session/04aee939af97850adaa3733c1af52842/execute/sync - {"script":"<script> [8489 bytes]","args":[{"element-6066-11e4-a52e-4f735466cecf":"f.244B6B55DE4F2A8C3CFC86491C19658C.d.F5FC893C2F8E0889E5586F42C9981467.e.13579","ELEMENT":"f.244B6B55DE4F2A8C3CFC86491C19658C.d.F5FC893C2F8E0889E5586F42C9981467.e.13579"}]}
RESULT: {"script":"<script> [8489 bytes]","args":[{"element-6066-11e4-a52e-4f735466cecf":"f.244B6B55DE4F2A8C3CFC86491C19658C.d.F5FC893C2F8E0889E5586F42C9981467.e.13579","ELEMENT":"f.244B6B55DE4F2A8C3CFC86491C19658C.d.F5FC893C2F8E0889E5586F42C9981467.e.13579"}]}
COMMAND: POST /session/04aee939af97850adaa3733c1af52842/element/f.244B6B55DE4F2A8C3CFC86491C19658C.d.F5FC893C2F8E0889E5586F42C9981467.e.13579/click - {}
COMMAND: GET /session/04aee939af97850adaa3733c1af52842/screenshot - {}
RESULT: {}
COMMAND: GET /session/04aee939af97850adaa3733c1af52842/screenshot - {}
RESULT: {}
COMMAND: POST /session/04aee939af97850adaa3733c1af52842/element - {"using":"xpath","value":"//input[@id=\"application-manageresources-display-component---newResourceUnit--idRuTSAdmin-application-manageresources-display-component---newResourceUnit--RUTimeSegment-0-inner\"]"}
RESULT: {}
RESULT: {"using":"xpath","value":"//input[@id=\"application-manageresources-display-component---newResourceUnit--idRuTSAdmin-application-manageresources-display-component---newResourceUnit--RUTimeSegment-0-inner\"]"}
COMMAND: POST /session/04aee939af97850adaa3733c1af52842/element/f.244B6B55DE4F2A8C3CFC86491C19658C.d.F5FC893C2F8E0889E5586F42C9981467.e.13582/clear - {}
RESULT: {}
COMMAND: POST /session/04aee939af97850adaa3733c1af52842/element/f.244B6B55DE4F2A8C3CFC86491C19658C.d.F5FC893C2F8E0889E5586F42C9981467.e.13582/value - {"text":"WebdriverYardf1n7g"}
COMMAND: GET /session/04aee939af97850adaa3733c1af52842/screenshot - {}
RESULT: {"text":"WebdriverYardf1n7g"}
COMMAND: GET /session/04aee939af97850adaa3733c1af52842/screenshot - {}
RESULT: {}
RESULT: {}
COMMAND: POST /session/04aee939af97850adaa3733c1af52842/actions - {"actions":[{"id":"action70","type":"key","parameters":{},"actions":[{"type":"keyDown","value":"î€‡"},{"type":"pause","duration":10},{"type":"keyUp","value":"î€‡"}]}]}
RESULT: {"actions":[{"id":"action70","type":"key","parameters":{},"actions":[{"type":"keyDown","value":"î€‡"},{"type":"pause","duration":10},{"type":"keyUp","value":"î€‡"}]}]}
COMMAND: GET /session/04aee939af97850adaa3733c1af52842/screenshot - {}
RESULT: {}
COMMAND: POST /session/04aee939af97850adaa3733c1af52842/execute/async - {"script":"<script> [1562 bytes]","args":[{"selector":{"controlType":"sap.m.Button","viewName":"reusables.view.manageresources.NewResourceUnit","viewId":"application-manageresources-display-component---newResourceUnit","i18NText":{"propertyName":"tooltip","key":"save"},"interaction":{"idSuffix":"BDI-content"}},"wdio_ui5_key":"reusablesview.manageresources.NewResourceUnitsap.m.Button{\"propertyName\":\"tooltip\",\"key\":\"save\"}"}]}
RESULT: {"script":"<script> [1562 bytes]","args":[{"selector":{"controlType":"sap.m.Button","viewName":"reusables.view.manageresources.NewResourceUnit","viewId":"application-manageresources-display-component---newResourceUnit","i18NText":{"propertyName":"tooltip","key":"save"},"interaction":{"idSuffix":"BDI-content"}},"wdio_ui5_key":"reusablesview.manageresources.NewResourceUnitsap.m.Button{\"propertyName\":\"tooltip\",\"key\":\"save\"}"}]}
RESULT: undefined
COMMAND: POST /session/04aee939af97850adaa3733c1af52842/element - {"using":"xpath","value":"//*[@id=\"application-manageresources-display-component---newResourceUnit--createRuButton\"]"}
RESULT: {"using":"xpath","value":"//*[@id=\"application-manageresources-display-component---newResourceUnit--createRuButton\"]"}
COMMAND: POST /session/04aee939af97850adaa3733c1af52842/element/f.244B6B55DE4F2A8C3CFC86491C19658C.d.F5FC893C2F8E0889E5586F42C9981467.e.13509/click - {}
RESULT: {}
COMMAND: GET /session/04aee939af97850adaa3733c1af52842/screenshot - {}
RESULT: {}
COMMAND: POST /session/04aee939af97850adaa3733c1af52842/execute/async - {"script":"<script> [1562 bytes]","args":[{"selector":{"controlType":"sap.m.Title","properties":{"text":"Success"},"searchOpenDialogs":true},"wdio_ui5_key":"sapm.Title{\"text\":\"Success\"}"}]}
RESULT: {"script":"<script> [1562 bytes]","args":[{"selector":{"controlType":"sap.m.Title","properties":{"text":"Success"},"searchOpenDialogs":true},"wdio_ui5_key":"sapm.Title{\"text\":\"Success\"}"}]}
RESULT: undefined
COMMAND: POST /session/04aee939af97850adaa3733c1af52842/execute/async - {"script":"<script> [6424 bytes]","args":[{"element-6066-11e4-a52e-4f735466cecf":"f.244B6B55DE4F2A8C3CFC86491C19658C.d.F5FC893C2F8E0889E5586F42C9981467.e.13595"},"getText",[]]}
RESULT: {"script":"<script> [6424 bytes]","args":[{"element-6066-11e4-a52e-4f735466cecf":"f.244B6B55DE4F2A8C3CFC86491C19658C.d.F5FC893C2F8E0889E5586F42C9981467.e.13595"},"getText",[]]}
COMMAND: POST /session/04aee939af97850adaa3733c1af52842/element - {"using":"xpath","value":"//*[contains(@id, '__text') and (contains(text(), 'successfully created') or contains(., 'successfully created'))]"}
RESULT: {"using":"xpath","value":"//*[contains(@id, '__text') and (contains(text(), 'successfully created') or contains(., 'successfully created'))]"}
COMMAND: GET /session/04aee939af97850adaa3733c1af52842/element/f.244B6B55DE4F2A8C3CFC86491C19658C.d.F5FC893C2F8E0889E5586F42C9981467.e.13593/text - {}
RESULT: {}
COMMAND: POST /session/04aee939af97850adaa3733c1af52842/execute/async - {"script":"<script> [1562 bytes]","args":[{"selector":{"controlType":"sap.m.Button","properties":{"text":"Close"},"searchOpenDialogs":true,"interaction":{"idSuffix":"BDI-content"}},"wdio_ui5_key":"sapm.Button{\"text\":\"Close\"}"}]}
RESULT: {"script":"<script> [1562 bytes]","args":[{"selector":{"controlType":"sap.m.Button","properties":{"text":"Close"},"searchOpenDialogs":true,"interaction":{"idSuffix":"BDI-content"}},"wdio_ui5_key":"sapm.Button{\"text\":\"Close\"}"}]}
RESULT: undefined
COMMAND: POST /session/04aee939af97850adaa3733c1af52842/element - {"using":"xpath","value":"//*[@id=\"__mbox-btn-0\"]"}
RESULT: {"using":"xpath","value":"//*[@id=\"__mbox-btn-0\"]"}
COMMAND: POST /session/04aee939af97850adaa3733c1af52842/element/f.244B6B55DE4F2A8C3CFC86491C19658C.d.F5FC893C2F8E0889E5586F42C9981467.e.13592/click - {}
RESULT: {}
COMMAND: GET /session/04aee939af97850adaa3733c1af52842/screenshot - {}
RESULT: {}
COMMAND: POST /session/04aee939af97850adaa3733c1af52842/execute/async - {"script":"<script> [1562 bytes]","args":[{"selector":{"controlType":"sap.ui.core.Icon","viewName":"etm.portal.ui.manageresources.view.Detail","viewId":"application-manageresources-display-component---detailRU","properties":{"src":{"regex":{"source":"overflow"}}}},"wdio_ui5_key":"etmportal.ui.manageresources.view.Detailsap.ui.core.Icon{\"src\":{\"regex\":{\"source\":\"overflow\"}}}"}]}
RESULT: {"script":"<script> [1562 bytes]","args":[{"selector":{"controlType":"sap.ui.core.Icon","viewName":"etm.portal.ui.manageresources.view.Detail","viewId":"application-manageresources-display-component---detailRU","properties":{"src":{"regex":{"source":"overflow"}}}},"wdio_ui5_key":"etmportal.ui.manageresources.view.Detailsap.ui.core.Icon{\"src\":{\"regex\":{\"source\":\"overflow\"}}}"}]}
RESULT: undefined
COMMAND: POST /session/04aee939af97850adaa3733c1af52842/element - {"using":"xpath","value":"//*[@id=\"__title31-_actionsToolbar-overflowButton-img\"]"}
RESULT: {"using":"xpath","value":"//*[@id=\"__title31-_actionsToolbar-overflowButton-img\"]"}
COMMAND: POST /session/04aee939af97850adaa3733c1af52842/element/f.244B6B55DE4F2A8C3CFC86491C19658C.d.F5FC893C2F8E0889E5586F42C9981467.e.13626/click - {}
RESULT: {}
COMMAND: POST /session/04aee939af97850adaa3733c1af52842/execute/async - {"script":"<script> [1562 bytes]","args":[{"selector":{"controlType":"sap.m.Button","viewName":"etm.portal.ui.manageresources.view.Detail","viewId":"application-manageresources-display-component---detailRU","i18NText":{"propertyName":"tooltip","key":"closeColumn"},"searchOpenDialogs":true,"interaction":{"idSuffix":"inner"}},"wdio_ui5_key":"etmportal.ui.manageresources.view.Detailsap.m.Button{\"propertyName\":\"tooltip\",\"key\":\"closeColumn\"}"}]}
COMMAND: GET /session/04aee939af97850adaa3733c1af52842/screenshot - {}
RESULT: {"script":"<script> [1562 bytes]","args":[{"selector":{"controlType":"sap.m.Button","viewName":"etm.portal.ui.manageresources.view.Detail","viewId":"application-manageresources-display-component---detailRU","i18NText":{"propertyName":"tooltip","key":"closeColumn"},"searchOpenDialogs":true,"interaction":{"idSuffix":"inner"}},"wdio_ui5_key":"etmportal.ui.manageresources.view.Detailsap.m.Button{\"propertyName\":\"tooltip\",\"key\":\"closeColumn\"}"}]}
RESULT: undefined
COMMAND: POST /session/04aee939af97850adaa3733c1af52842/element - {"using":"xpath","value":"//*[@id=\"__button137\"]"}
RESULT: {}
RESULT: {"using":"xpath","value":"//*[@id=\"__button137\"]"}
COMMAND: POST /session/04aee939af97850adaa3733c1af52842/element/f.244B6B55DE4F2A8C3CFC86491C19658C.d.F5FC893C2F8E0889E5586F42C9981467.e.13628/click - {}
RESULT: {}
COMMAND: GET /session/04aee939af97850adaa3733c1af52842/screenshot - {}
RESULT: {}
COMMAND: POST /session/04aee939af97850adaa3733c1af52842/refresh - {}
RESULT: {}
COMMAND: GET /session/04aee939af97850adaa3733c1af52842/screenshot - {}
RESULT: {}
COMMAND: POST /session/04aee939af97850adaa3733c1af52842/execute/async - {"script":"<script> [189 bytes]","args":[]}
RESULT: {"script":"<script> [189 bytes]","args":[]}
COMMAND: POST /session/04aee939af97850adaa3733c1af52842/execute/async - {"script":"<script> [123 bytes]","args":[]}
RESULT: {"script":"<script> [123 bytes]","args":[]}
COMMAND: POST /session/04aee939af97850adaa3733c1af52842/timeouts - {"script":"<number>"}
RESULT: {"script":"<number>"}
COMMAND: GET /session/04aee939af97850adaa3733c1af52842/timeouts - {}
RESULT: {}
RESULT: undefined
COMMAND: POST /session/04aee939af97850adaa3733c1af52842/execute/async - {"script":"<script> [2676 bytes]","args":[]}
RESULT: {"script":"<script> [2676 bytes]","args":[]}
COMMAND: POST /session/04aee939af97850adaa3733c1af52842/execute/async - {"script":"<script> [2342 bytes]","args":[{"protocol":"http","hostname":"0.0.0.0","path":"/","capabilities":{"browserName":"chrome","goog:chromeOptions":{"binary":"C:\\Program Files\\Google\\Chrome\\Application\\chrome.exe","args":["--start-maximized"]}},"logLevel":"warn","connectionRetryTimeout":120000,"connectionRetryCount":3,"logLevels":{},"enableDirectConnect":true,"strictSSL":true,"_":"65 more keys: [\"cacheDir\",\"port\",\"requestedCapabilities\",\"automationProtocol\",\"baseUrl\",\"waitforInterval\",\"waitforTimeout\",\"onReload\",\"beforeCommand\",\"afterCommand\",\"rootDir\",\"specs\",\"suites\",\"exclude\",\"groupLogsByTestSpec\",\"excludeDriverLogs\",\"bail\",\"framework\",\"reporters\",\"services\",\"maxInstances\",\"maxInstancesPerCapability\",\"injectGlobals\",\"filesToWatch\",\"execArgv\",\"runnerEnv\",\"runner\",\"shard\",\"specFileRetries\",\"specFileRetriesDelay\",\"specFileRetriesDeferred\",\"reporterSyncInterval\",\"reporterSyncTimeout\",\"cucumberFeaturesWithLineNumbers\",\"autoCompileOpts\",\"mochaOpts\",\"jasmineOpts\",\"cucumberOpts\",\"onPrepare\",\"onWorkerStart\",\"onWorkerEnd\",\"before\",\"beforeSession\",\"beforeSuite\",\"beforeHook\",\"beforeTest\",\"afterTest\",\"afterHook\",\"afterSuite\",\"afterSession\",\"after\",\"onComplete\",\"beforeAssertion\",\"afterAssertion\",\"beforeFeature\",\"beforeScenario\",\"beforeStep\",\"afterStep\",\"afterScenario\",\"afterFeature\",\"_\",\"suite\",\"$0\",\"ignoredWorkerServices\",\"wdi5\"]"}]}
RESULT: {"script":"<script> [2342 bytes]","args":[{"protocol":"http","hostname":"0.0.0.0","path":"/","capabilities":{"browserName":"chrome","goog:chromeOptions":{"binary":"C:\\Program Files\\Google\\Chrome\\Application\\chrome.exe","args":["--start-maximized"]}},"logLevel":"warn","connectionRetryTimeout":120000,"connectionRetryCount":3,"logLevels":{},"enableDirectConnect":true,"strictSSL":true,"_":"65 more keys: [\"cacheDir\",\"port\",\"requestedCapabilities\",\"automationProtocol\",\"baseUrl\",\"waitforInterval\",\"waitforTimeout\",\"onReload\",\"beforeCommand\",\"afterCommand\",\"rootDir\",\"specs\",\"suites\",\"exclude\",\"groupLogsByTestSpec\",\"excludeDriverLogs\",\"bail\",\"framework\",\"reporters\",\"services\",\"maxInstances\",\"maxInstancesPerCapability\",\"injectGlobals\",\"filesToWatch\",\"execArgv\",\"runnerEnv\",\"runner\",\"shard\",\"specFileRetries\",\"specFileRetriesDelay\",\"specFileRetriesDeferred\",\"reporterSyncInterval\",\"reporterSyncTimeout\",\"cucumberFeaturesWithLineNumbers\",\"autoCompileOpts\",\"mochaOpts\",\"jasmineOpts\",\"cucumberOpts\",\"onPrepare\",\"onWorkerStart\",\"onWorkerEnd\",\"before\",\"beforeSession\",\"beforeSuite\",\"beforeHook\",\"beforeTest\",\"afterTest\",\"afterHook\",\"afterSuite\",\"afterSession\",\"after\",\"onComplete\",\"beforeAssertion\",\"afterAssertion\",\"beforeFeature\",\"beforeScenario\",\"beforeStep\",\"afterStep\",\"afterScenario\",\"afterFeature\",\"_\",\"suite\",\"$0\",\"ignoredWorkerServices\",\"wdi5\"]"}]}
COMMAND: POST /session/04aee939af97850adaa3733c1af52842/execute/async - {"script":"<script> [21126 bytes]","args":[35000]}
RESULT: {"script":"<script> [21126 bytes]","args":[35000]}
COMMAND: POST /session/04aee939af97850adaa3733c1af52842/element - {"using":"css selector","value":"#shell-header-logo"}
RESULT: {"using":"css selector","value":"#shell-header-logo"}
COMMAND: POST /session/04aee939af97850adaa3733c1af52842/element/f.244B6B55DE4F2A8C3CFC86491C19658C.d.FC763ADC11EBEDCC0CB363DE4721AB3A.e.13781/click - {}
RESULT: {}
COMMAND: GET /session/04aee939af97850adaa3733c1af52842/screenshot - {}
RESULT: {}
COMMAND: POST /session/04aee939af97850adaa3733c1af52842/execute/async - {"script":"<script> [1562 bytes]","args":[{"selector":{"controlType":"sap.m.GenericTile","properties":{"header":"Manage Handovers"}},"wdio_ui5_key":"sapm.GenericTile{\"header\":\"Manage Handovers\"}"}]}
RESULT: {"script":"<script> [1562 bytes]","args":[{"selector":{"controlType":"sap.m.GenericTile","properties":{"header":"Manage Handovers"}},"wdio_ui5_key":"sapm.GenericTile{\"header\":\"Manage Handovers\"}"}]}
RESULT: undefined
COMMAND: POST /session/04aee939af97850adaa3733c1af52842/element - {"using":"xpath","value":"//*[@id=\"__tile133\"]"}
RESULT: {"using":"xpath","value":"//*[@id=\"__tile133\"]"}
COMMAND: POST /session/04aee939af97850adaa3733c1af52842/element/f.244B6B55DE4F2A8C3CFC86491C19658C.d.FC763ADC11EBEDCC0CB363DE4721AB3A.e.13966/click - {}
RESULT: {}
COMMAND: GET /session/04aee939af97850adaa3733c1af52842/screenshot - {}
RESULT: {}
COMMAND: POST /session/04aee939af97850adaa3733c1af52842/elements - {"using":"xpath","value":"//span[text()='Error']"}
RESULT: {"using":"xpath","value":"//span[text()='Error']"}
COMMAND: POST /session/04aee939af97850adaa3733c1af52842/element - {"using":"xpath","value":"//button[@data-kt=\"masterHOAddButton\"]"}
RESULT: {"using":"xpath","value":"//button[@data-kt=\"masterHOAddButton\"]"}
COMMAND: POST /session/04aee939af97850adaa3733c1af52842/execute/sync - {"script":"<script> [8489 bytes]","args":[{"element-6066-11e4-a52e-4f735466cecf":"f.244B6B55DE4F2A8C3CFC86491C19658C.d.FC763ADC11EBEDCC0CB363DE4721AB3A.e.14006","ELEMENT":"f.244B6B55DE4F2A8C3CFC86491C19658C.d.FC763ADC11EBEDCC0CB363DE4721AB3A.e.14006"}]}
RESULT: {"script":"<script> [8489 bytes]","args":[{"element-6066-11e4-a52e-4f735466cecf":"f.244B6B55DE4F2A8C3CFC86491C19658C.d.FC763ADC11EBEDCC0CB363DE4721AB3A.e.14006","ELEMENT":"f.244B6B55DE4F2A8C3CFC86491C19658C.d.FC763ADC11EBEDCC0CB363DE4721AB3A.e.14006"}]}
COMMAND: POST /session/04aee939af97850adaa3733c1af52842/element/f.244B6B55DE4F2A8C3CFC86491C19658C.d.FC763ADC11EBEDCC0CB363DE4721AB3A.e.14006/click - {}
COMMAND: GET /session/04aee939af97850adaa3733c1af52842/screenshot - {}
RESULT: {}
COMMAND: GET /session/04aee939af97850adaa3733c1af52842/screenshot - {}
RESULT: {}
COMMAND: POST /session/04aee939af97850adaa3733c1af52842/element - {"using":"xpath","value":"//span[contains(@id ,\"AddNewHO--typeSelect-arrow\")]"}
RESULT: {}
RESULT: {"using":"xpath","value":"//span[contains(@id ,\"AddNewHO--typeSelect-arrow\")]"}
COMMAND: POST /session/04aee939af97850adaa3733c1af52842/element/f.244B6B55DE4F2A8C3CFC86491C19658C.d.FC763ADC11EBEDCC0CB363DE4721AB3A.e.14297/click - {}
RESULT: {}
COMMAND: GET /session/04aee939af97850adaa3733c1af52842/screenshot - {}
RESULT: {}
COMMAND: POST /session/04aee939af97850adaa3733c1af52842/element - {"using":"xpath","value":"(//li[contains(text(), \"stock increase yard\")])[1]"}
RESULT: {"using":"xpath","value":"(//li[contains(text(), \"stock increase yard\")])[1]"}
COMMAND: POST /session/04aee939af97850adaa3733c1af52842/element/f.244B6B55DE4F2A8C3CFC86491C19658C.d.FC763ADC11EBEDCC0CB363DE4721AB3A.e.14298/click - {}
RESULT: {}
COMMAND: GET /session/04aee939af97850adaa3733c1af52842/screenshot - {}
RESULT: {}
COMMAND: POST /session/04aee939af97850adaa3733c1af52842/execute/async - {"script":"<script> [1562 bytes]","args":[{"selector":{"id":"application-managehandovers-display-component---AddNewHO--dueDate","interaction":{"idSuffix":"inner"}},"wdio_ui5_key":"applicationmanagehandovers-display-component---AddNewHO--dueDate"}]}
RESULT: {"script":"<script> [1562 bytes]","args":[{"selector":{"id":"application-managehandovers-display-component---AddNewHO--dueDate","interaction":{"idSuffix":"inner"}},"wdio_ui5_key":"applicationmanagehandovers-display-component---AddNewHO--dueDate"}]}
RESULT: undefined
COMMAND: POST /session/04aee939af97850adaa3733c1af52842/execute/async - {"script":"<script> [6424 bytes]","args":[{"element-6066-11e4-a52e-4f735466cecf":"f.244B6B55DE4F2A8C3CFC86491C19658C.d.FC763ADC11EBEDCC0CB363DE4721AB3A.e.14300"},"setValue",["5/16/25"]]}
RESULT: {"script":"<script> [6424 bytes]","args":[{"element-6066-11e4-a52e-4f735466cecf":"f.244B6B55DE4F2A8C3CFC86491C19658C.d.FC763ADC11EBEDCC0CB363DE4721AB3A.e.14300"},"setValue",["5/16/25"]]}
COMMAND: POST /session/04aee939af97850adaa3733c1af52842/element - {"using":"xpath","value":"//input[@id=\"generalSectionFrg--receiveYard-inner\"]"}
RESULT: {"using":"xpath","value":"//input[@id=\"generalSectionFrg--receiveYard-inner\"]"}
COMMAND: POST /session/04aee939af97850adaa3733c1af52842/element/f.244B6B55DE4F2A8C3CFC86491C19658C.d.FC763ADC11EBEDCC0CB363DE4721AB3A.e.14304/clear - {}
RESULT: {}
COMMAND: POST /session/04aee939af97850adaa3733c1af52842/element/f.244B6B55DE4F2A8C3CFC86491C19658C.d.FC763ADC11EBEDCC0CB363DE4721AB3A.e.14304/value - {"text":"WebdriverYardf1n7g"}
COMMAND: GET /session/04aee939af97850adaa3733c1af52842/screenshot - {}
RESULT: {"text":"WebdriverYardf1n7g"}
COMMAND: GET /session/04aee939af97850adaa3733c1af52842/screenshot - {}
RESULT: {}
RESULT: {}
COMMAND: POST /session/04aee939af97850adaa3733c1af52842/execute/async - {"script":"<script> [1562 bytes]","args":[{"selector":{"id":"application-managehandovers-display-component---AddNewHO--ObjectPageLayout-anchBar-application-managehandovers-display-component---AddNewHO--section4-anchor","interaction":{"idSuffix":"BDI-content"}},"wdio_ui5_key":"applicationmanagehandovers-display-component---AddNewHO--ObjectPageLayout-anchBar-application-managehandovers-display-component---AddNewHO--section4-anchor"}]}
RESULT: {"script":"<script> [1562 bytes]","args":[{"selector":{"id":"application-managehandovers-display-component---AddNewHO--ObjectPageLayout-anchBar-application-managehandovers-display-component---AddNewHO--section4-anchor","interaction":{"idSuffix":"BDI-content"}},"wdio_ui5_key":"applicationmanagehandovers-display-component---AddNewHO--ObjectPageLayout-anchBar-application-managehandovers-display-component---AddNewHO--section4-anchor"}]}
RESULT: undefined
COMMAND: POST /session/04aee939af97850adaa3733c1af52842/element - {"using":"xpath","value":"//*[@id=\"application-managehandovers-display-component---AddNewHO--ObjectPageLayout-anchBar-application-managehandovers-display-component---AddNewHO--section4-anchor\"]"}
RESULT: {"using":"xpath","value":"//*[@id=\"application-managehandovers-display-component---AddNewHO--ObjectPageLayout-anchBar-application-managehandovers-display-component---AddNewHO--section4-anchor\"]"}
COMMAND: POST /session/04aee939af97850adaa3733c1af52842/element/f.244B6B55DE4F2A8C3CFC86491C19658C.d.FC763ADC11EBEDCC0CB363DE4721AB3A.e.14322/click - {}
RESULT: {}
COMMAND: GET /session/04aee939af97850adaa3733c1af52842/screenshot - {}
RESULT: {}
COMMAND: POST /session/04aee939af97850adaa3733c1af52842/element - {"using":"xpath","value":"//button[@aria-label=\"Add\"]"}
RESULT: {"using":"xpath","value":"//button[@aria-label=\"Add\"]"}
COMMAND: POST /session/04aee939af97850adaa3733c1af52842/element/f.244B6B55DE4F2A8C3CFC86491C19658C.d.FC763ADC11EBEDCC0CB363DE4721AB3A.e.14326/click - {}
RESULT: {}
COMMAND: GET /session/04aee939af97850adaa3733c1af52842/screenshot - {}
RESULT: {}
COMMAND: POST /session/04aee939af97850adaa3733c1af52842/execute/async - {"script":"<script> [1562 bytes]","args":[{"selector":{"id":"application-managehandovers-display-component---AddNewHO--smartFilterBar-btnBasicSearch","searchOpenDialogs":true,"interaction":{"idSuffix":"I"}},"wdio_ui5_key":"applicationmanagehandovers-display-component---AddNewHO--smartFilterBar-btnBasicSearch"}]}
RESULT: {"script":"<script> [1562 bytes]","args":[{"selector":{"id":"application-managehandovers-display-component---AddNewHO--smartFilterBar-btnBasicSearch","searchOpenDialogs":true,"interaction":{"idSuffix":"I"}},"wdio_ui5_key":"applicationmanagehandovers-display-component---AddNewHO--smartFilterBar-btnBasicSearch"}]}
RESULT: undefined
COMMAND: POST /session/04aee939af97850adaa3733c1af52842/execute/async - {"script":"<script> [776 bytes]","args":[{"enterText":"WebdriverRUR2Ce1jsb","selector":{"id":"application-managehandovers-display-component---AddNewHO--smartFilterBar-btnBasicSearch","searchOpenDialogs":true,"interaction":{"idSuffix":"I"}},"clearTextFirst":true,"interactionType":"ENTER_TEXT"}]}
RESULT: {"script":"<script> [776 bytes]","args":[{"enterText":"WebdriverRUR2Ce1jsb","selector":{"id":"application-managehandovers-display-component---AddNewHO--smartFilterBar-btnBasicSearch","searchOpenDialogs":true,"interaction":{"idSuffix":"I"}},"clearTextFirst":true,"interactionType":"ENTER_TEXT"}]}
COMMAND: POST /session/04aee939af97850adaa3733c1af52842/actions - {"actions":[{"id":"action71","type":"key","parameters":{},"actions":[{"type":"keyDown","value":"î€‡"},{"type":"pause","duration":10},{"type":"keyUp","value":"î€‡"}]}]}
RESULT: {"actions":[{"id":"action71","type":"key","parameters":{},"actions":[{"type":"keyDown","value":"î€‡"},{"type":"pause","duration":10},{"type":"keyUp","value":"î€‡"}]}]}
COMMAND: POST /session/04aee939af97850adaa3733c1af52842/execute/async - {"script":"<script> [1562 bytes]","args":[{"selector":{"id":"application-managehandovers-display-component---AddNewHO--popup-sa","searchOpenDialogs":true,"interaction":{"idSuffix":"CbBg"}},"wdio_ui5_key":"applicationmanagehandovers-display-component---AddNewHO--popup-sa"}]}
COMMAND: GET /session/04aee939af97850adaa3733c1af52842/screenshot - {}
RESULT: {"script":"<script> [1562 bytes]","args":[{"selector":{"id":"application-managehandovers-display-component---AddNewHO--popup-sa","searchOpenDialogs":true,"interaction":{"idSuffix":"CbBg"}},"wdio_ui5_key":"applicationmanagehandovers-display-component---AddNewHO--popup-sa"}]}
RESULT: undefined
COMMAND: POST /session/04aee939af97850adaa3733c1af52842/element - {"using":"xpath","value":"//*[@id=\"application-managehandovers-display-component---AddNewHO--popup-sa\"]"}
RESULT: {}
RESULT: {"using":"xpath","value":"//*[@id=\"application-managehandovers-display-component---AddNewHO--popup-sa\"]"}
COMMAND: POST /session/04aee939af97850adaa3733c1af52842/element/f.244B6B55DE4F2A8C3CFC86491C19658C.d.FC763ADC11EBEDCC0CB363DE4721AB3A.e.14439/click - {}
RESULT: {}
COMMAND: GET /session/04aee939af97850adaa3733c1af52842/screenshot - {}
RESULT: {}
COMMAND: POST /session/04aee939af97850adaa3733c1af52842/element - {"using":"xpath","value":"//bdi[contains(text(), \"Select\")]"}
RESULT: {"using":"xpath","value":"//bdi[contains(text(), \"Select\")]"}
COMMAND: POST /session/04aee939af97850adaa3733c1af52842/element/f.244B6B55DE4F2A8C3CFC86491C19658C.d.FC763ADC11EBEDCC0CB363DE4721AB3A.e.14440/click - {}
RESULT: {}
COMMAND: GET /session/04aee939af97850adaa3733c1af52842/screenshot - {}
RESULT: {}
COMMAND: POST /session/04aee939af97850adaa3733c1af52842/execute/async - {"script":"<script> [1562 bytes]","args":[{"selector":{"controlType":"sap.m.Input","viewName":"etm.portal.ui.managehandovers.view.AddNewHO","viewId":"application-managehandovers-display-component---AddNewHO","bindingPath":{"path":"/items/0","propertyPath":"TYPE","modelName":"hoItemsModel"},"interaction":{"idSuffix":"inner"}},"wdio_ui5_key":"etmportal.ui.managehandovers.view.AddNewHOsap.m.Input{\"path\":\"/items/0\",\"propertyPath\":\"TYPE\",\"modelName\":\"hoItemsModel\"}"}]}
RESULT: {"script":"<script> [1562 bytes]","args":[{"selector":{"controlType":"sap.m.Input","viewName":"etm.portal.ui.managehandovers.view.AddNewHO","viewId":"application-managehandovers-display-component---AddNewHO","bindingPath":{"path":"/items/0","propertyPath":"TYPE","modelName":"hoItemsModel"},"interaction":{"idSuffix":"inner"}},"wdio_ui5_key":"etmportal.ui.managehandovers.view.AddNewHOsap.m.Input{\"path\":\"/items/0\",\"propertyPath\":\"TYPE\",\"modelName\":\"hoItemsModel\"}"}]}
RESULT: undefined
COMMAND: POST /session/04aee939af97850adaa3733c1af52842/execute/async - {"script":"<script> [776 bytes]","args":[{"enterText":"100","selector":{"controlType":"sap.m.Input","viewName":"etm.portal.ui.managehandovers.view.AddNewHO","viewId":"application-managehandovers-display-component---AddNewHO","bindingPath":{"path":"/items/0","propertyPath":"TYPE","modelName":"hoItemsModel"},"interaction":{"idSuffix":"inner"}},"clearTextFirst":true,"interactionType":"ENTER_TEXT"}]}
RESULT: {"script":"<script> [776 bytes]","args":[{"enterText":"100","selector":{"controlType":"sap.m.Input","viewName":"etm.portal.ui.managehandovers.view.AddNewHO","viewId":"application-managehandovers-display-component---AddNewHO","bindingPath":{"path":"/items/0","propertyPath":"TYPE","modelName":"hoItemsModel"},"interaction":{"idSuffix":"inner"}},"clearTextFirst":true,"interactionType":"ENTER_TEXT"}]}
COMMAND: POST /session/04aee939af97850adaa3733c1af52842/element - {"using":"xpath","value":"//button[@data-kt=\"AddNewHOSaveButton\"]"}
RESULT: {"using":"xpath","value":"//button[@data-kt=\"AddNewHOSaveButton\"]"}
COMMAND: POST /session/04aee939af97850adaa3733c1af52842/element/f.244B6B55DE4F2A8C3CFC86491C19658C.d.FC763ADC11EBEDCC0CB363DE4721AB3A.e.14445/click - {}
RESULT: {}
COMMAND: GET /session/04aee939af97850adaa3733c1af52842/screenshot - {}
RESULT: {}
COMMAND: POST /session/04aee939af97850adaa3733c1af52842/execute/async - {"script":"<script> [1562 bytes]","args":[{"selector":{"id":"receiptDatePicker","viewName":"etm.portal.ui.managehandovers.view.DetailExecuteHO","interaction":{"idSuffix":"inner"}},"wdio_ui5_key":"receiptDatePickeretmportal.ui.managehandovers.view.DetailExecuteHO"}]}
RESULT: {"script":"<script> [1562 bytes]","args":[{"selector":{"id":"receiptDatePicker","viewName":"etm.portal.ui.managehandovers.view.DetailExecuteHO","interaction":{"idSuffix":"inner"}},"wdio_ui5_key":"receiptDatePickeretmportal.ui.managehandovers.view.DetailExecuteHO"}]}
RESULT: undefined
COMMAND: POST /session/04aee939af97850adaa3733c1af52842/execute/async - {"script":"<script> [6424 bytes]","args":[{"element-6066-11e4-a52e-4f735466cecf":"f.244B6B55DE4F2A8C3CFC86491C19658C.d.FC763ADC11EBEDCC0CB363DE4721AB3A.e.14467"},"setValue",["5/16/25"]]}
RESULT: {"script":"<script> [6424 bytes]","args":[{"element-6066-11e4-a52e-4f735466cecf":"f.244B6B55DE4F2A8C3CFC86491C19658C.d.FC763ADC11EBEDCC0CB363DE4721AB3A.e.14467"},"setValue",["5/16/25"]]}
COMMAND: POST /session/04aee939af97850adaa3733c1af52842/element - {"using":"xpath","value":"//button[@data-kt=\"PickingTableConfirmAllButton\"]"}
RESULT: {"using":"xpath","value":"//button[@data-kt=\"PickingTableConfirmAllButton\"]"}
COMMAND: POST /session/04aee939af97850adaa3733c1af52842/element/f.244B6B55DE4F2A8C3CFC86491C19658C.d.FC763ADC11EBEDCC0CB363DE4721AB3A.e.14481/click - {}
RESULT: {}
COMMAND: GET /session/04aee939af97850adaa3733c1af52842/screenshot - {}
RESULT: {}
COMMAND: POST /session/04aee939af97850adaa3733c1af52842/element - {"using":"xpath","value":"//bdi[contains(text(), \"OK\")]"}
RESULT: {"using":"xpath","value":"//bdi[contains(text(), \"OK\")]"}
COMMAND: POST /session/04aee939af97850adaa3733c1af52842/element/f.244B6B55DE4F2A8C3CFC86491C19658C.d.FC763ADC11EBEDCC0CB363DE4721AB3A.e.14484/click - {}
RESULT: {}
COMMAND: GET /session/04aee939af97850adaa3733c1af52842/screenshot - {}
RESULT: {}
COMMAND: POST /session/04aee939af97850adaa3733c1af52842/element - {"using":"xpath","value":"(//bdi[contains(text(), \"Receive\")])[2]"}
RESULT: {"using":"xpath","value":"(//bdi[contains(text(), \"Receive\")])[2]"}
COMMAND: POST /session/04aee939af97850adaa3733c1af52842/element/f.244B6B55DE4F2A8C3CFC86491C19658C.d.FC763ADC11EBEDCC0CB363DE4721AB3A.e.14485/click - {}
RESULT: {}
COMMAND: GET /session/04aee939af97850adaa3733c1af52842/screenshot - {}
RESULT: {}
COMMAND: POST /session/04aee939af97850adaa3733c1af52842/element - {"using":"css selector","value":"#shell-header-logo"}
RESULT: {"using":"css selector","value":"#shell-header-logo"}
COMMAND: POST /session/04aee939af97850adaa3733c1af52842/element/f.244B6B55DE4F2A8C3CFC86491C19658C.d.FC763ADC11EBEDCC0CB363DE4721AB3A.e.13969/click - {}
RESULT: {}
]]></system-out>
    </testcase>
    <testcase classname="chrome.136_0_7103_93.windows.E2E_-_Logistical_and_commercial_statuses" name="Should add a pricing rule and a condition to the RU" time="97.781">
      <system-out><![CDATA[
COMMAND: POST /session/04aee939af97850adaa3733c1af52842/execute/async - {"script":"<script> [1562 bytes]","args":[{"selector":{"controlType":"sap.m.GenericTile","properties":{"header":"Manage Pricing Rules"}},"wdio_ui5_key":"sapm.GenericTile{\"header\":\"Manage Pricing Rules\"}"}]}
COMMAND: GET /session/04aee939af97850adaa3733c1af52842/screenshot - {}
RESULT: {"script":"<script> [1562 bytes]","args":[{"selector":{"controlType":"sap.m.GenericTile","properties":{"header":"Manage Pricing Rules"}},"wdio_ui5_key":"sapm.GenericTile{\"header\":\"Manage Pricing Rules\"}"}]}
RESULT: undefined
COMMAND: POST /session/04aee939af97850adaa3733c1af52842/element - {"using":"xpath","value":"//*[@id=\"__tile55\"]"}
RESULT: {}
RESULT: {"using":"xpath","value":"//*[@id=\"__tile55\"]"}
COMMAND: POST /session/04aee939af97850adaa3733c1af52842/element/f.244B6B55DE4F2A8C3CFC86491C19658C.d.FC763ADC11EBEDCC0CB363DE4721AB3A.e.14632/click - {}
RESULT: {}
COMMAND: GET /session/04aee939af97850adaa3733c1af52842/screenshot - {}
RESULT: {}
COMMAND: POST /session/04aee939af97850adaa3733c1af52842/elements - {"using":"xpath","value":"//span[text()='Error']"}
RESULT: {"using":"xpath","value":"//span[text()='Error']"}
COMMAND: POST /session/04aee939af97850adaa3733c1af52842/execute/async - {"script":"<script> [1562 bytes]","args":[{"selector":{"controlType":"sap.ui.core.Icon","viewName":"etm.portal.ui.managepricingrules.view.MasterHeader","viewId":"application-managepricingrules-display-component---priceInfoHeader","properties":{"src":{"regex":{"source":"activity\\-items"}}}},"wdio_ui5_key":"etmportal.ui.managepricingrules.view.MasterHeadersap.ui.core.Icon{\"src\":{\"regex\":{\"source\":\"activity\\\\-items\"}}}"}]}
RESULT: {"script":"<script> [1562 bytes]","args":[{"selector":{"controlType":"sap.ui.core.Icon","viewName":"etm.portal.ui.managepricingrules.view.MasterHeader","viewId":"application-managepricingrules-display-component---priceInfoHeader","properties":{"src":{"regex":{"source":"activity\\-items"}}}},"wdio_ui5_key":"etmportal.ui.managepricingrules.view.MasterHeadersap.ui.core.Icon{\"src\":{\"regex\":{\"source\":\"activity\\\\-items\"}}}"}]}
RESULT: undefined
COMMAND: POST /session/04aee939af97850adaa3733c1af52842/element - {"using":"xpath","value":"//*[@id=\"__filter22-icon\"]"}
RESULT: {"using":"xpath","value":"//*[@id=\"__filter22-icon\"]"}
COMMAND: POST /session/04aee939af97850adaa3733c1af52842/element/f.244B6B55DE4F2A8C3CFC86491C19658C.d.FC763ADC11EBEDCC0CB363DE4721AB3A.e.14682/click - {}
RESULT: {}
COMMAND: GET /session/04aee939af97850adaa3733c1af52842/screenshot - {}
RESULT: {}
COMMAND: POST /session/04aee939af97850adaa3733c1af52842/execute/async - {"script":"<script> [1562 bytes]","args":[{"selector":{"controlType":"sap.ui.core.Icon","viewName":"etm.portal.ui.managepricingrules.view.MasterItem","viewId":"application-managepricingrules-display-component---priceInfoItem","properties":{"src":{"regex":{"source":"add"}}}},"wdio_ui5_key":"etmportal.ui.managepricingrules.view.MasterItemsap.ui.core.Icon{\"src\":{\"regex\":{\"source\":\"add\"}}}"}]}
RESULT: {"script":"<script> [1562 bytes]","args":[{"selector":{"controlType":"sap.ui.core.Icon","viewName":"etm.portal.ui.managepricingrules.view.MasterItem","viewId":"application-managepricingrules-display-component---priceInfoItem","properties":{"src":{"regex":{"source":"add"}}}},"wdio_ui5_key":"etmportal.ui.managepricingrules.view.MasterItemsap.ui.core.Icon{\"src\":{\"regex\":{\"source\":\"add\"}}}"}]}
RESULT: undefined
COMMAND: POST /session/04aee939af97850adaa3733c1af52842/element - {"using":"xpath","value":"//*[@id=\"__button73-img\"]"}
RESULT: {"using":"xpath","value":"//*[@id=\"__button73-img\"]"}
COMMAND: POST /session/04aee939af97850adaa3733c1af52842/element/f.244B6B55DE4F2A8C3CFC86491C19658C.d.FC763ADC11EBEDCC0CB363DE4721AB3A.e.14729/click - {}
RESULT: {}
COMMAND: GET /session/04aee939af97850adaa3733c1af52842/screenshot - {}
RESULT: {}
COMMAND: POST /session/04aee939af97850adaa3733c1af52842/element - {"using":"xpath","value":"//input[@id=\"application-managepricingrules-display-component---newInfoPriceItem--condRU-inner\"]"}
RESULT: {"using":"xpath","value":"//input[@id=\"application-managepricingrules-display-component---newInfoPriceItem--condRU-inner\"]"}
COMMAND: POST /session/04aee939af97850adaa3733c1af52842/element/f.244B6B55DE4F2A8C3CFC86491C19658C.d.FC763ADC11EBEDCC0CB363DE4721AB3A.e.14940/clear - {}
RESULT: {}
COMMAND: POST /session/04aee939af97850adaa3733c1af52842/element/f.244B6B55DE4F2A8C3CFC86491C19658C.d.FC763ADC11EBEDCC0CB363DE4721AB3A.e.14940/value - {"text":"WebdriverRUR2Ce1jsb"}
COMMAND: GET /session/04aee939af97850adaa3733c1af52842/screenshot - {}
RESULT: {"text":"WebdriverRUR2Ce1jsb"}
COMMAND: POST /session/04aee939af97850adaa3733c1af52842/execute/async - {"script":"<script> [1562 bytes]","args":[{"selector":{"id":"application-managepricingrules-display-component---newInfoPriceItem--condValidTo","interaction":{"idSuffix":"inner"}},"wdio_ui5_key":"applicationmanagepricingrules-display-component---newInfoPriceItem--condValidTo"}]}
COMMAND: GET /session/04aee939af97850adaa3733c1af52842/screenshot - {}
RESULT: {}
RESULT: {"script":"<script> [1562 bytes]","args":[{"selector":{"id":"application-managepricingrules-display-component---newInfoPriceItem--condValidTo","interaction":{"idSuffix":"inner"}},"wdio_ui5_key":"applicationmanagepricingrules-display-component---newInfoPriceItem--condValidTo"}]}
RESULT: undefined
COMMAND: POST /session/04aee939af97850adaa3733c1af52842/execute/async - {"script":"<script> [776 bytes]","args":[{"enterText":"5/18/33","selector":{"id":"application-managepricingrules-display-component---newInfoPriceItem--condValidTo","interaction":{"idSuffix":"inner"}},"clearTextFirst":true,"interactionType":"ENTER_TEXT"}]}
RESULT: {}
RESULT: {"script":"<script> [776 bytes]","args":[{"enterText":"5/18/33","selector":{"id":"application-managepricingrules-display-component---newInfoPriceItem--condValidTo","interaction":{"idSuffix":"inner"}},"clearTextFirst":true,"interactionType":"ENTER_TEXT"}]}
COMMAND: POST /session/04aee939af97850adaa3733c1af52842/execute/async - {"script":"<script> [1562 bytes]","args":[{"selector":{"id":"application-managepricingrules-display-component---newInfoPriceItem--billType-arrow"},"wdio_ui5_key":"applicationmanagepricingrules-display-component---newInfoPriceItem--billType-arrow"}]}
RESULT: {"script":"<script> [1562 bytes]","args":[{"selector":{"id":"application-managepricingrules-display-component---newInfoPriceItem--billType-arrow"},"wdio_ui5_key":"applicationmanagepricingrules-display-component---newInfoPriceItem--billType-arrow"}]}
RESULT: undefined
COMMAND: POST /session/04aee939af97850adaa3733c1af52842/element - {"using":"xpath","value":"//*[@id=\"application-managepricingrules-display-component---newInfoPriceItem--billType-arrow\"]"}
RESULT: {"using":"xpath","value":"//*[@id=\"application-managepricingrules-display-component---newInfoPriceItem--billType-arrow\"]"}
COMMAND: POST /session/04aee939af97850adaa3733c1af52842/element/f.244B6B55DE4F2A8C3CFC86491C19658C.d.FC763ADC11EBEDCC0CB363DE4721AB3A.e.15027/click - {}
RESULT: {}
COMMAND: POST /session/04aee939af97850adaa3733c1af52842/element - {"using":"xpath","value":"//span[contains(text(), \"TB - Time based\")]"}
COMMAND: GET /session/04aee939af97850adaa3733c1af52842/screenshot - {}
RESULT: {"using":"xpath","value":"//span[contains(text(), \"TB - Time based\")]"}
COMMAND: POST /session/04aee939af97850adaa3733c1af52842/element/f.244B6B55DE4F2A8C3CFC86491C19658C.d.FC763ADC11EBEDCC0CB363DE4721AB3A.e.15079/click - {}
RESULT: {}
RESULT: {}
COMMAND: POST /session/04aee939af97850adaa3733c1af52842/execute/async - {"script":"<script> [1562 bytes]","args":[{"selector":{"id":"application-managepricingrules-display-component---newInfoPriceItem--priceProc-arrow"},"wdio_ui5_key":"applicationmanagepricingrules-display-component---newInfoPriceItem--priceProc-arrow"}]}
COMMAND: GET /session/04aee939af97850adaa3733c1af52842/screenshot - {}
RESULT: {"script":"<script> [1562 bytes]","args":[{"selector":{"id":"application-managepricingrules-display-component---newInfoPriceItem--priceProc-arrow"},"wdio_ui5_key":"applicationmanagepricingrules-display-component---newInfoPriceItem--priceProc-arrow"}]}
RESULT: undefined
COMMAND: POST /session/04aee939af97850adaa3733c1af52842/element - {"using":"xpath","value":"//*[@id=\"application-managepricingrules-display-component---newInfoPriceItem--priceProc-arrow\"]"}
RESULT: {}
RESULT: {"using":"xpath","value":"//*[@id=\"application-managepricingrules-display-component---newInfoPriceItem--priceProc-arrow\"]"}
COMMAND: POST /session/04aee939af97850adaa3733c1af52842/element/f.244B6B55DE4F2A8C3CFC86491C19658C.d.FC763ADC11EBEDCC0CB363DE4721AB3A.e.15034/click - {}
RESULT: {}
COMMAND: POST /session/04aee939af97850adaa3733c1af52842/element - {"using":"xpath","value":"//span[contains(text(), \"TBS - Time based standard\")]"}
COMMAND: GET /session/04aee939af97850adaa3733c1af52842/screenshot - {}
RESULT: {"using":"xpath","value":"//span[contains(text(), \"TBS - Time based standard\")]"}
COMMAND: POST /session/04aee939af97850adaa3733c1af52842/element/f.244B6B55DE4F2A8C3CFC86491C19658C.d.FC763ADC11EBEDCC0CB363DE4721AB3A.e.15080/click - {}
RESULT: {}
RESULT: {}
COMMAND: POST /session/04aee939af97850adaa3733c1af52842/execute/async - {"script":"<script> [1562 bytes]","args":[{"selector":{"id":"application-managepricingrules-display-component---newInfoPriceItem--calcBase-arrow"},"wdio_ui5_key":"applicationmanagepricingrules-display-component---newInfoPriceItem--calcBase-arrow"}]}
COMMAND: GET /session/04aee939af97850adaa3733c1af52842/screenshot - {}
RESULT: {"script":"<script> [1562 bytes]","args":[{"selector":{"id":"application-managepricingrules-display-component---newInfoPriceItem--calcBase-arrow"},"wdio_ui5_key":"applicationmanagepricingrules-display-component---newInfoPriceItem--calcBase-arrow"}]}
RESULT: undefined
COMMAND: POST /session/04aee939af97850adaa3733c1af52842/element - {"using":"xpath","value":"//*[@id=\"application-managepricingrules-display-component---newInfoPriceItem--calcBase-arrow\"]"}
RESULT: {}
RESULT: {"using":"xpath","value":"//*[@id=\"application-managepricingrules-display-component---newInfoPriceItem--calcBase-arrow\"]"}
COMMAND: POST /session/04aee939af97850adaa3733c1af52842/element/f.244B6B55DE4F2A8C3CFC86491C19658C.d.FC763ADC11EBEDCC0CB363DE4721AB3A.e.15041/click - {}
RESULT: {}
COMMAND: GET /session/04aee939af97850adaa3733c1af52842/screenshot - {}
RESULT: {}
COMMAND: POST /session/04aee939af97850adaa3733c1af52842/element - {"using":"xpath","value":"//span[contains(text(), \"0006 - TB(calendar days)\")]"}
RESULT: {"using":"xpath","value":"//span[contains(text(), \"0006 - TB(calendar days)\")]"}
COMMAND: POST /session/04aee939af97850adaa3733c1af52842/element/f.244B6B55DE4F2A8C3CFC86491C19658C.d.FC763ADC11EBEDCC0CB363DE4721AB3A.e.15081/click - {}
RESULT: {}
COMMAND: POST /session/04aee939af97850adaa3733c1af52842/execute/async - {"script":"<script> [1562 bytes]","args":[{"selector":{"id":"application-managepricingrules-display-component---newInfoPriceItem--daysMonth","interaction":{"idSuffix":"inner"}},"wdio_ui5_key":"applicationmanagepricingrules-display-component---newInfoPriceItem--daysMonth"}]}
COMMAND: GET /session/04aee939af97850adaa3733c1af52842/screenshot - {}
RESULT: {"script":"<script> [1562 bytes]","args":[{"selector":{"id":"application-managepricingrules-display-component---newInfoPriceItem--daysMonth","interaction":{"idSuffix":"inner"}},"wdio_ui5_key":"applicationmanagepricingrules-display-component---newInfoPriceItem--daysMonth"}]}
RESULT: undefined
COMMAND: POST /session/04aee939af97850adaa3733c1af52842/execute/async - {"script":"<script> [776 bytes]","args":[{"enterText":"30","selector":{"id":"application-managepricingrules-display-component---newInfoPriceItem--daysMonth","interaction":{"idSuffix":"inner"}},"clearTextFirst":true,"interactionType":"ENTER_TEXT"}]}
RESULT: {}
RESULT: {"script":"<script> [776 bytes]","args":[{"enterText":"30","selector":{"id":"application-managepricingrules-display-component---newInfoPriceItem--daysMonth","interaction":{"idSuffix":"inner"}},"clearTextFirst":true,"interactionType":"ENTER_TEXT"}]}
COMMAND: POST /session/04aee939af97850adaa3733c1af52842/element - {"using":"xpath","value":"//button[@data-kt=\"saveNewRuleButton\"]"}
RESULT: {"using":"xpath","value":"//button[@data-kt=\"saveNewRuleButton\"]"}
COMMAND: POST /session/04aee939af97850adaa3733c1af52842/element/f.244B6B55DE4F2A8C3CFC86491C19658C.d.FC763ADC11EBEDCC0CB363DE4721AB3A.e.15062/click - {}
RESULT: {}
COMMAND: GET /session/04aee939af97850adaa3733c1af52842/screenshot - {}
RESULT: {}
COMMAND: POST /session/04aee939af97850adaa3733c1af52842/element - {"using":"css selector","value":"#shell-header-logo"}
RESULT: {"using":"css selector","value":"#shell-header-logo"}
COMMAND: POST /session/04aee939af97850adaa3733c1af52842/element/f.244B6B55DE4F2A8C3CFC86491C19658C.d.FC763ADC11EBEDCC0CB363DE4721AB3A.e.14636/click - {}
RESULT: {}
COMMAND: GET /session/04aee939af97850adaa3733c1af52842/screenshot - {}
RESULT: {}
COMMAND: POST /session/04aee939af97850adaa3733c1af52842/execute/async - {"script":"<script> [1562 bytes]","args":[{"selector":{"controlType":"sap.m.Text","properties":{"text":"Manage Conditions & Prices"},"interaction":{"idSuffix":"inner"}},"wdio_ui5_key":"sapm.Text{\"text\":\"Manage Conditions & Prices\"}"}]}
RESULT: {"script":"<script> [1562 bytes]","args":[{"selector":{"controlType":"sap.m.Text","properties":{"text":"Manage Conditions & Prices"},"interaction":{"idSuffix":"inner"}},"wdio_ui5_key":"sapm.Text{\"text\":\"Manage Conditions & Prices\"}"}]}
RESULT: undefined
COMMAND: POST /session/04aee939af97850adaa3733c1af52842/element - {"using":"xpath","value":"//*[@id=\"__tile53-title\"]"}
RESULT: {"using":"xpath","value":"//*[@id=\"__tile53-title\"]"}
COMMAND: POST /session/04aee939af97850adaa3733c1af52842/element/f.244B6B55DE4F2A8C3CFC86491C19658C.d.FC763ADC11EBEDCC0CB363DE4721AB3A.e.15100/click - {}
RESULT: {}
COMMAND: GET /session/04aee939af97850adaa3733c1af52842/screenshot - {}
RESULT: {}
COMMAND: POST /session/04aee939af97850adaa3733c1af52842/element - {"using":"xpath","value":"//button[@aria-label=\"Create\"]"}
RESULT: {"using":"xpath","value":"//button[@aria-label=\"Create\"]"}
COMMAND: POST /session/04aee939af97850adaa3733c1af52842/element/f.244B6B55DE4F2A8C3CFC86491C19658C.d.FC763ADC11EBEDCC0CB363DE4721AB3A.e.15142/click - {}
RESULT: {}
COMMAND: POST /session/04aee939af97850adaa3733c1af52842/actions - {"actions":[{"id":"action72","type":"key","parameters":{},"actions":[{"type":"keyDown","value":"î€‡"},{"type":"pause","duration":10},{"type":"keyUp","value":"î€‡"}]}]}
COMMAND: GET /session/04aee939af97850adaa3733c1af52842/screenshot - {}
RESULT: {"actions":[{"id":"action72","type":"key","parameters":{},"actions":[{"type":"keyDown","value":"î€‡"},{"type":"pause","duration":10},{"type":"keyUp","value":"î€‡"}]}]}
COMMAND: GET /session/04aee939af97850adaa3733c1af52842/screenshot - {}
COMMAND: POST /session/04aee939af97850adaa3733c1af52842/execute/async - {"script":"<script> [1562 bytes]","args":[{"selector":{"id":"application-manageconditionprice-display-component---newCondition--condBillCond-arrow"},"wdio_ui5_key":"applicationmanageconditionprice-display-component---newCondition--condBillCond-arrow"}]}
RESULT: {}
RESULT: {}
RESULT: {"script":"<script> [1562 bytes]","args":[{"selector":{"id":"application-manageconditionprice-display-component---newCondition--condBillCond-arrow"},"wdio_ui5_key":"applicationmanageconditionprice-display-component---newCondition--condBillCond-arrow"}]}
RESULT: undefined
COMMAND: POST /session/04aee939af97850adaa3733c1af52842/element - {"using":"xpath","value":"//*[@id=\"application-manageconditionprice-display-component---newCondition--condBillCond-arrow\"]"}
RESULT: {"using":"xpath","value":"//*[@id=\"application-manageconditionprice-display-component---newCondition--condBillCond-arrow\"]"}
COMMAND: POST /session/04aee939af97850adaa3733c1af52842/element/f.244B6B55DE4F2A8C3CFC86491C19658C.d.FC763ADC11EBEDCC0CB363DE4721AB3A.e.15461/click - {}
RESULT: {}
COMMAND: POST /session/04aee939af97850adaa3733c1af52842/element - {"using":"xpath","value":"//span[contains(text(), \"DISP - D&I special price\")]"}
COMMAND: GET /session/04aee939af97850adaa3733c1af52842/screenshot - {}
RESULT: {"using":"xpath","value":"//span[contains(text(), \"DISP - D&I special price\")]"}
COMMAND: POST /session/04aee939af97850adaa3733c1af52842/element/f.244B6B55DE4F2A8C3CFC86491C19658C.d.FC763ADC11EBEDCC0CB363DE4721AB3A.e.15462/click - {}
RESULT: {}
RESULT: {}
COMMAND: POST /session/04aee939af97850adaa3733c1af52842/execute/async - {"script":"<script> [1562 bytes]","args":[{"selector":{"id":"application-manageconditionprice-display-component---newCondition--condValidTo","interaction":{"idSuffix":"inner"}},"wdio_ui5_key":"applicationmanageconditionprice-display-component---newCondition--condValidTo"}]}
COMMAND: GET /session/04aee939af97850adaa3733c1af52842/screenshot - {}
RESULT: {"script":"<script> [1562 bytes]","args":[{"selector":{"id":"application-manageconditionprice-display-component---newCondition--condValidTo","interaction":{"idSuffix":"inner"}},"wdio_ui5_key":"applicationmanageconditionprice-display-component---newCondition--condValidTo"}]}
RESULT: undefined
COMMAND: POST /session/04aee939af97850adaa3733c1af52842/execute/async - {"script":"<script> [776 bytes]","args":[{"enterText":"5/11/33","selector":{"id":"application-manageconditionprice-display-component---newCondition--condValidTo","interaction":{"idSuffix":"inner"}},"clearTextFirst":true,"interactionType":"ENTER_TEXT"}]}
RESULT: {}
RESULT: {"script":"<script> [776 bytes]","args":[{"enterText":"5/11/33","selector":{"id":"application-manageconditionprice-display-component---newCondition--condValidTo","interaction":{"idSuffix":"inner"}},"clearTextFirst":true,"interactionType":"ENTER_TEXT"}]}
COMMAND: POST /session/04aee939af97850adaa3733c1af52842/element - {"using":"xpath","value":"//input[@id=\"application-manageconditionprice-display-component---newCondition--condRU-inner\"]"}
RESULT: {"using":"xpath","value":"//input[@id=\"application-manageconditionprice-display-component---newCondition--condRU-inner\"]"}
COMMAND: POST /session/04aee939af97850adaa3733c1af52842/element/f.244B6B55DE4F2A8C3CFC86491C19658C.d.FC763ADC11EBEDCC0CB363DE4721AB3A.e.15217/clear - {}
RESULT: {}
COMMAND: POST /session/04aee939af97850adaa3733c1af52842/element/f.244B6B55DE4F2A8C3CFC86491C19658C.d.FC763ADC11EBEDCC0CB363DE4721AB3A.e.15217/value - {"text":"WebdriverRUR2Ce1jsb"}
COMMAND: GET /session/04aee939af97850adaa3733c1af52842/screenshot - {}
RESULT: {"text":"WebdriverRUR2Ce1jsb"}
COMMAND: GET /session/04aee939af97850adaa3733c1af52842/screenshot - {}
RESULT: {}
RESULT: {}
COMMAND: POST /session/04aee939af97850adaa3733c1af52842/actions - {"actions":[{"id":"action73","type":"key","parameters":{},"actions":[{"type":"keyDown","value":"î€‡"},{"type":"pause","duration":10},{"type":"keyUp","value":"î€‡"}]}]}
RESULT: {"actions":[{"id":"action73","type":"key","parameters":{},"actions":[{"type":"keyDown","value":"î€‡"},{"type":"pause","duration":10},{"type":"keyUp","value":"î€‡"}]}]}
COMMAND: POST /session/04aee939af97850adaa3733c1af52842/execute/async - {"script":"<script> [1562 bytes]","args":[{"selector":{"id":"application-manageconditionprice-display-component---newCondition--condBaseQty","interaction":{"idSuffix":"inner"}},"wdio_ui5_key":"applicationmanageconditionprice-display-component---newCondition--condBaseQty"}]}
COMMAND: GET /session/04aee939af97850adaa3733c1af52842/screenshot - {}
RESULT: {"script":"<script> [1562 bytes]","args":[{"selector":{"id":"application-manageconditionprice-display-component---newCondition--condBaseQty","interaction":{"idSuffix":"inner"}},"wdio_ui5_key":"applicationmanageconditionprice-display-component---newCondition--condBaseQty"}]}
RESULT: undefined
COMMAND: POST /session/04aee939af97850adaa3733c1af52842/execute/async - {"script":"<script> [776 bytes]","args":[{"enterText":"1","selector":{"id":"application-manageconditionprice-display-component---newCondition--condBaseQty","interaction":{"idSuffix":"inner"}},"clearTextFirst":true,"interactionType":"ENTER_TEXT"}]}
RESULT: {}
RESULT: {"script":"<script> [776 bytes]","args":[{"enterText":"1","selector":{"id":"application-manageconditionprice-display-component---newCondition--condBaseQty","interaction":{"idSuffix":"inner"}},"clearTextFirst":true,"interactionType":"ENTER_TEXT"}]}
COMMAND: POST /session/04aee939af97850adaa3733c1af52842/execute/async - {"script":"<script> [1562 bytes]","args":[{"selector":{"id":"application-manageconditionprice-display-component---newCondition--condValue","interaction":{"idSuffix":"inner"}},"wdio_ui5_key":"applicationmanageconditionprice-display-component---newCondition--condValue"}]}
RESULT: {"script":"<script> [1562 bytes]","args":[{"selector":{"id":"application-manageconditionprice-display-component---newCondition--condValue","interaction":{"idSuffix":"inner"}},"wdio_ui5_key":"applicationmanageconditionprice-display-component---newCondition--condValue"}]}
RESULT: undefined
COMMAND: POST /session/04aee939af97850adaa3733c1af52842/execute/async - {"script":"<script> [776 bytes]","args":[{"enterText":"100","selector":{"id":"application-manageconditionprice-display-component---newCondition--condValue","interaction":{"idSuffix":"inner"}},"clearTextFirst":true,"interactionType":"ENTER_TEXT"}]}
RESULT: {"script":"<script> [776 bytes]","args":[{"enterText":"100","selector":{"id":"application-manageconditionprice-display-component---newCondition--condValue","interaction":{"idSuffix":"inner"}},"clearTextFirst":true,"interactionType":"ENTER_TEXT"}]}
COMMAND: POST /session/04aee939af97850adaa3733c1af52842/execute/async - {"script":"<script> [1562 bytes]","args":[{"selector":{"id":"application-manageconditionprice-display-component---newCondition--condCurr-arrow"},"wdio_ui5_key":"applicationmanageconditionprice-display-component---newCondition--condCurr-arrow"}]}
RESULT: {"script":"<script> [1562 bytes]","args":[{"selector":{"id":"application-manageconditionprice-display-component---newCondition--condCurr-arrow"},"wdio_ui5_key":"applicationmanageconditionprice-display-component---newCondition--condCurr-arrow"}]}
RESULT: undefined
COMMAND: POST /session/04aee939af97850adaa3733c1af52842/element - {"using":"xpath","value":"//*[@id=\"application-manageconditionprice-display-component---newCondition--condCurr-arrow\"]"}
RESULT: {"using":"xpath","value":"//*[@id=\"application-manageconditionprice-display-component---newCondition--condCurr-arrow\"]"}
COMMAND: POST /session/04aee939af97850adaa3733c1af52842/element/f.244B6B55DE4F2A8C3CFC86491C19658C.d.FC763ADC11EBEDCC0CB363DE4721AB3A.e.15454/click - {}
RESULT: {}
COMMAND: POST /session/04aee939af97850adaa3733c1af52842/element - {"using":"xpath","value":"//span[contains(text(), \"Euro\")]"}
COMMAND: GET /session/04aee939af97850adaa3733c1af52842/screenshot - {}
RESULT: {"using":"xpath","value":"//span[contains(text(), \"Euro\")]"}
COMMAND: POST /session/04aee939af97850adaa3733c1af52842/element/f.244B6B55DE4F2A8C3CFC86491C19658C.d.FC763ADC11EBEDCC0CB363DE4721AB3A.e.15498/click - {}
RESULT: {}
RESULT: {}
COMMAND: POST /session/04aee939af97850adaa3733c1af52842/element - {"using":"xpath","value":"//button[@data-kt=\"saveButton\"]"}
COMMAND: GET /session/04aee939af97850adaa3733c1af52842/screenshot - {}
RESULT: {"using":"xpath","value":"//button[@data-kt=\"saveButton\"]"}
COMMAND: POST /session/04aee939af97850adaa3733c1af52842/element/f.244B6B55DE4F2A8C3CFC86491C19658C.d.FC763ADC11EBEDCC0CB363DE4721AB3A.e.15455/click - {}
RESULT: {}
RESULT: {}
COMMAND: GET /session/04aee939af97850adaa3733c1af52842/screenshot - {}
RESULT: {}
COMMAND: POST /session/04aee939af97850adaa3733c1af52842/element - {"using":"css selector","value":"#shell-header-logo"}
RESULT: {"using":"css selector","value":"#shell-header-logo"}
COMMAND: POST /session/04aee939af97850adaa3733c1af52842/element/f.244B6B55DE4F2A8C3CFC86491C19658C.d.FC763ADC11EBEDCC0CB363DE4721AB3A.e.15103/click - {}
RESULT: {}
COMMAND: GET /session/04aee939af97850adaa3733c1af52842/screenshot - {}
RESULT: {}
]]></system-out>
    </testcase>
    <testcase classname="chrome.136_0_7103_93.windows.E2E_-_Logistical_and_commercial_statuses" name="Should create a new contract" time="65.451">
      <system-out><![CDATA[
COMMAND: POST /session/04aee939af97850adaa3733c1af52842/execute/async - {"script":"<script> [1562 bytes]","args":[{"selector":{"controlType":"sap.m.GenericTile","properties":{"header":"Manage Contracts"}},"wdio_ui5_key":"sapm.GenericTile{\"header\":\"Manage Contracts\"}"}]}
RESULT: {"script":"<script> [1562 bytes]","args":[{"selector":{"controlType":"sap.m.GenericTile","properties":{"header":"Manage Contracts"}},"wdio_ui5_key":"sapm.GenericTile{\"header\":\"Manage Contracts\"}"}]}
RESULT: undefined
COMMAND: POST /session/04aee939af97850adaa3733c1af52842/element - {"using":"xpath","value":"//*[@id=\"__tile131\"]"}
RESULT: {"using":"xpath","value":"//*[@id=\"__tile131\"]"}
COMMAND: POST /session/04aee939af97850adaa3733c1af52842/element/f.244B6B55DE4F2A8C3CFC86491C19658C.d.FC763ADC11EBEDCC0CB363DE4721AB3A.e.15647/click - {}
RESULT: {}
COMMAND: GET /session/04aee939af97850adaa3733c1af52842/screenshot - {}
RESULT: {}
COMMAND: POST /session/04aee939af97850adaa3733c1af52842/elements - {"using":"xpath","value":"//span[text()='Error']"}
RESULT: {"using":"xpath","value":"//span[text()='Error']"}
COMMAND: POST /session/04aee939af97850adaa3733c1af52842/element - {"using":"xpath","value":"//button[@data-kt=\"addButton\"]"}
RESULT: {"using":"xpath","value":"//button[@data-kt=\"addButton\"]"}
COMMAND: POST /session/04aee939af97850adaa3733c1af52842/element/f.244B6B55DE4F2A8C3CFC86491C19658C.d.FC763ADC11EBEDCC0CB363DE4721AB3A.e.15693/click - {}
RESULT: {}
COMMAND: GET /session/04aee939af97850adaa3733c1af52842/screenshot - {}
COMMAND: POST /session/04aee939af97850adaa3733c1af52842/execute/async - {"script":"<script> [1562 bytes]","args":[{"selector":{"id":"application-managecontracts-display-component---AddNewContract--projectDescription","interaction":{"idSuffix":"inner"}},"wdio_ui5_key":"applicationmanagecontracts-display-component---AddNewContract--projectDescription"}]}
RESULT: {}
RESULT: {"script":"<script> [1562 bytes]","args":[{"selector":{"id":"application-managecontracts-display-component---AddNewContract--projectDescription","interaction":{"idSuffix":"inner"}},"wdio_ui5_key":"applicationmanagecontracts-display-component---AddNewContract--projectDescription"}]}
RESULT: undefined
COMMAND: POST /session/04aee939af97850adaa3733c1af52842/execute/async - {"script":"<script> [776 bytes]","args":[{"enterText":"WdIOR2cxnw1u","selector":{"id":"application-managecontracts-display-component---AddNewContract--projectDescription","interaction":{"idSuffix":"inner"}},"clearTextFirst":true,"interactionType":"ENTER_TEXT"}]}
RESULT: {"script":"<script> [776 bytes]","args":[{"enterText":"WdIOR2cxnw1u","selector":{"id":"application-managecontracts-display-component---AddNewContract--projectDescription","interaction":{"idSuffix":"inner"}},"clearTextFirst":true,"interactionType":"ENTER_TEXT"}]}
COMMAND: POST /session/04aee939af97850adaa3733c1af52842/element - {"using":"xpath","value":"//input[@id=\"application-managecontracts-display-component---AddNewContract--yardId-inner\"]"}
RESULT: {"using":"xpath","value":"//input[@id=\"application-managecontracts-display-component---AddNewContract--yardId-inner\"]"}
COMMAND: POST /session/04aee939af97850adaa3733c1af52842/element/f.244B6B55DE4F2A8C3CFC86491C19658C.d.FC763ADC11EBEDCC0CB363DE4721AB3A.e.15999/clear - {}
RESULT: {}
COMMAND: POST /session/04aee939af97850adaa3733c1af52842/element/f.244B6B55DE4F2A8C3CFC86491C19658C.d.FC763ADC11EBEDCC0CB363DE4721AB3A.e.15999/value - {"text":"WebdriverYardf1n7g"}
COMMAND: GET /session/04aee939af97850adaa3733c1af52842/screenshot - {}
RESULT: {"text":"WebdriverYardf1n7g"}
COMMAND: GET /session/04aee939af97850adaa3733c1af52842/screenshot - {}
RESULT: {}
RESULT: {}
COMMAND: POST /session/04aee939af97850adaa3733c1af52842/actions - {"actions":[{"id":"action74","type":"key","parameters":{},"actions":[{"type":"keyDown","value":"î€‡"},{"type":"pause","duration":10},{"type":"keyUp","value":"î€‡"}]}]}
RESULT: {"actions":[{"id":"action74","type":"key","parameters":{},"actions":[{"type":"keyDown","value":"î€‡"},{"type":"pause","duration":10},{"type":"keyUp","value":"î€‡"}]}]}
COMMAND: GET /session/04aee939af97850adaa3733c1af52842/screenshot - {}
RESULT: {}
COMMAND: POST /session/04aee939af97850adaa3733c1af52842/element - {"using":"xpath","value":"//input[@id=\"application-managecontracts-display-component---AddNewContract--customerSelect-inner\"]"}
RESULT: {"using":"xpath","value":"//input[@id=\"application-managecontracts-display-component---AddNewContract--customerSelect-inner\"]"}
COMMAND: POST /session/04aee939af97850adaa3733c1af52842/element/f.244B6B55DE4F2A8C3CFC86491C19658C.d.FC763ADC11EBEDCC0CB363DE4721AB3A.e.15997/clear - {}
RESULT: {}
COMMAND: POST /session/04aee939af97850adaa3733c1af52842/element/f.244B6B55DE4F2A8C3CFC86491C19658C.d.FC763ADC11EBEDCC0CB363DE4721AB3A.e.15997/value - {"text":"WebdriverPartner6m29b"}
COMMAND: GET /session/04aee939af97850adaa3733c1af52842/screenshot - {}
RESULT: {"text":"WebdriverPartner6m29b"}
COMMAND: GET /session/04aee939af97850adaa3733c1af52842/screenshot - {}
RESULT: {}
RESULT: {}
COMMAND: POST /session/04aee939af97850adaa3733c1af52842/actions - {"actions":[{"id":"action75","type":"key","parameters":{},"actions":[{"type":"keyDown","value":"î€‡"},{"type":"pause","duration":10},{"type":"keyUp","value":"î€‡"}]}]}
RESULT: {"actions":[{"id":"action75","type":"key","parameters":{},"actions":[{"type":"keyDown","value":"î€‡"},{"type":"pause","duration":10},{"type":"keyUp","value":"î€‡"}]}]}
COMMAND: GET /session/04aee939af97850adaa3733c1af52842/screenshot - {}
RESULT: {}
COMMAND: POST /session/04aee939af97850adaa3733c1af52842/element - {"using":"xpath","value":"//input[@id=\"application-managecontracts-display-component---AddNewContract--site-inner\"]"}
RESULT: {"using":"xpath","value":"//input[@id=\"application-managecontracts-display-component---AddNewContract--site-inner\"]"}
COMMAND: POST /session/04aee939af97850adaa3733c1af52842/element/f.244B6B55DE4F2A8C3CFC86491C19658C.d.FC763ADC11EBEDCC0CB363DE4721AB3A.e.15998/clear - {}
RESULT: {}
COMMAND: POST /session/04aee939af97850adaa3733c1af52842/element/f.244B6B55DE4F2A8C3CFC86491C19658C.d.FC763ADC11EBEDCC0CB363DE4721AB3A.e.15998/value - {"text":"WebdriverSitemzwp9i"}
COMMAND: GET /session/04aee939af97850adaa3733c1af52842/screenshot - {}
RESULT: {"text":"WebdriverSitemzwp9i"}
COMMAND: GET /session/04aee939af97850adaa3733c1af52842/screenshot - {}
RESULT: {}
RESULT: {}
COMMAND: POST /session/04aee939af97850adaa3733c1af52842/actions - {"actions":[{"id":"action76","type":"key","parameters":{},"actions":[{"type":"keyDown","value":"î€‡"},{"type":"pause","duration":10},{"type":"keyUp","value":"î€‡"}]}]}
RESULT: {"actions":[{"id":"action76","type":"key","parameters":{},"actions":[{"type":"keyDown","value":"î€‡"},{"type":"pause","duration":10},{"type":"keyUp","value":"î€‡"}]}]}
COMMAND: POST /session/04aee939af97850adaa3733c1af52842/element - {"using":"xpath","value":"//button[@data-kt=\"saveButton\"]"}
COMMAND: GET /session/04aee939af97850adaa3733c1af52842/screenshot - {}
RESULT: {"using":"xpath","value":"//button[@data-kt=\"saveButton\"]"}
COMMAND: POST /session/04aee939af97850adaa3733c1af52842/element/f.244B6B55DE4F2A8C3CFC86491C19658C.d.FC763ADC11EBEDCC0CB363DE4721AB3A.e.16032/click - {}
RESULT: {}
RESULT: {}
COMMAND: GET /session/04aee939af97850adaa3733c1af52842/screenshot - {}
RESULT: {}
COMMAND: POST /session/04aee939af97850adaa3733c1af52842/execute/async - {"script":"<script> [1562 bytes]","args":[{"selector":{"id":"contractDetailTitleNoExpanded","viewName":"etm.portal.ui.managecontracts.view.Detail"},"wdio_ui5_key":"contractDetailTitleNoExpandedetmportal.ui.managecontracts.view.Detail"}]}
RESULT: {"script":"<script> [1562 bytes]","args":[{"selector":{"id":"contractDetailTitleNoExpanded","viewName":"etm.portal.ui.managecontracts.view.Detail"},"wdio_ui5_key":"contractDetailTitleNoExpandedetmportal.ui.managecontracts.view.Detail"}]}
RESULT: undefined
COMMAND: POST /session/04aee939af97850adaa3733c1af52842/execute/async - {"script":"<script> [6424 bytes]","args":[{"element-6066-11e4-a52e-4f735466cecf":"f.244B6B55DE4F2A8C3CFC86491C19658C.d.FC763ADC11EBEDCC0CB363DE4721AB3A.e.16048"},"getText",[]]}
RESULT: {"script":"<script> [6424 bytes]","args":[{"element-6066-11e4-a52e-4f735466cecf":"f.244B6B55DE4F2A8C3CFC86491C19658C.d.FC763ADC11EBEDCC0CB363DE4721AB3A.e.16048"},"getText",[]]}
]]></system-out>
    </testcase>
    <testcase classname="chrome.136_0_7103_93.windows.E2E_-_Logistical_and_commercial_statuses" name="Should add materialID to the contract" time="42.632">
      <system-out><![CDATA[
COMMAND: POST /session/04aee939af97850adaa3733c1af52842/element - {"using":"xpath","value":"//button[@data-kt=\"contractDetailEditBtnButton\"]"}
RESULT: {"using":"xpath","value":"//button[@data-kt=\"contractDetailEditBtnButton\"]"}
COMMAND: POST /session/04aee939af97850adaa3733c1af52842/element/f.244B6B55DE4F2A8C3CFC86491C19658C.d.FC763ADC11EBEDCC0CB363DE4721AB3A.e.16049/click - {}
RESULT: {}
COMMAND: GET /session/04aee939af97850adaa3733c1af52842/screenshot - {}
RESULT: {}
COMMAND: POST /session/04aee939af97850adaa3733c1af52842/element - {"using":"xpath","value":"(//span[contains(text(), \"Additional Addresses\")])[2]"}
RESULT: {"using":"xpath","value":"(//span[contains(text(), \"Additional Addresses\")])[2]"}
COMMAND: POST /session/04aee939af97850adaa3733c1af52842/element/f.244B6B55DE4F2A8C3CFC86491C19658C.d.FC763ADC11EBEDCC0CB363DE4721AB3A.e.16108/click - {}
RESULT: {}
COMMAND: GET /session/04aee939af97850adaa3733c1af52842/screenshot - {}
RESULT: {}
COMMAND: POST /session/04aee939af97850adaa3733c1af52842/element - {"using":"xpath","value":"//button[@data-kt=\"btnAddTableRowOverflowToolbarButton\"]"}
RESULT: {"using":"xpath","value":"//button[@data-kt=\"btnAddTableRowOverflowToolbarButton\"]"}
COMMAND: POST /session/04aee939af97850adaa3733c1af52842/element/f.244B6B55DE4F2A8C3CFC86491C19658C.d.FC763ADC11EBEDCC0CB363DE4721AB3A.e.16110/click - {}
RESULT: {}
COMMAND: GET /session/04aee939af97850adaa3733c1af52842/screenshot - {}
RESULT: {}
COMMAND: POST /session/04aee939af97850adaa3733c1af52842/element - {"using":"xpath","value":"//div[(text() = 'Standard Entry' or . = 'Standard Entry')]"}
RESULT: {"using":"xpath","value":"//div[(text() = 'Standard Entry' or . = 'Standard Entry')]"}
COMMAND: POST /session/04aee939af97850adaa3733c1af52842/element/f.244B6B55DE4F2A8C3CFC86491C19658C.d.FC763ADC11EBEDCC0CB363DE4721AB3A.e.16112/click - {}
RESULT: {}
COMMAND: POST /session/04aee939af97850adaa3733c1af52842/element - {"using":"xpath","value":"//td[6]/div/div/input[1]"}
COMMAND: GET /session/04aee939af97850adaa3733c1af52842/screenshot - {}
RESULT: {"using":"xpath","value":"//td[6]/div/div/input[1]"}
COMMAND: POST /session/04aee939af97850adaa3733c1af52842/element/f.244B6B55DE4F2A8C3CFC86491C19658C.d.FC763ADC11EBEDCC0CB363DE4721AB3A.e.16114/click - {}
RESULT: {}
RESULT: {}
COMMAND: POST /session/04aee939af97850adaa3733c1af52842/actions - {"actions":[{"id":"action77","type":"key","parameters":{},"actions":[{"type":"keyDown","value":"î€ƒ"},{"type":"pause","duration":10},{"type":"keyUp","value":"î€ƒ"}]}]}
COMMAND: GET /session/04aee939af97850adaa3733c1af52842/screenshot - {}
RESULT: {"actions":[{"id":"action77","type":"key","parameters":{},"actions":[{"type":"keyDown","value":"î€ƒ"},{"type":"pause","duration":10},{"type":"keyUp","value":"î€ƒ"}]}]}
COMMAND: POST /session/04aee939af97850adaa3733c1af52842/element - {"using":"xpath","value":"//td[6]/div/div/input[1]"}
COMMAND: GET /session/04aee939af97850adaa3733c1af52842/screenshot - {}
RESULT: {}
RESULT: {"using":"xpath","value":"//td[6]/div/div/input[1]"}
COMMAND: POST /session/04aee939af97850adaa3733c1af52842/element/f.244B6B55DE4F2A8C3CFC86491C19658C.d.FC763ADC11EBEDCC0CB363DE4721AB3A.e.16114/clear - {}
RESULT: {}
RESULT: {}
COMMAND: POST /session/04aee939af97850adaa3733c1af52842/element/f.244B6B55DE4F2A8C3CFC86491C19658C.d.FC763ADC11EBEDCC0CB363DE4721AB3A.e.16114/value - {"text":"Material"}
COMMAND: GET /session/04aee939af97850adaa3733c1af52842/screenshot - {}
RESULT: {"text":"Material"}
COMMAND: GET /session/04aee939af97850adaa3733c1af52842/screenshot - {}
RESULT: {}
RESULT: {}
COMMAND: POST /session/04aee939af97850adaa3733c1af52842/actions - {"actions":[{"id":"action78","type":"key","parameters":{},"actions":[{"type":"keyDown","value":"î€‡"},{"type":"pause","duration":10},{"type":"keyUp","value":"î€‡"}]}]}
RESULT: {"actions":[{"id":"action78","type":"key","parameters":{},"actions":[{"type":"keyDown","value":"î€‡"},{"type":"pause","duration":10},{"type":"keyUp","value":"î€‡"}]}]}
COMMAND: GET /session/04aee939af97850adaa3733c1af52842/screenshot - {}
RESULT: {}
COMMAND: POST /session/04aee939af97850adaa3733c1af52842/actions - {"actions":[{"id":"action79","type":"key","parameters":{},"actions":[{"type":"keyDown","value":"î€‡"},{"type":"pause","duration":10},{"type":"keyUp","value":"î€‡"}]}]}
RESULT: {"actions":[{"id":"action79","type":"key","parameters":{},"actions":[{"type":"keyDown","value":"î€‡"},{"type":"pause","duration":10},{"type":"keyUp","value":"î€‡"}]}]}
COMMAND: POST /session/04aee939af97850adaa3733c1af52842/element - {"using":"xpath","value":"//td[7]/div/div/input"}
COMMAND: GET /session/04aee939af97850adaa3733c1af52842/screenshot - {}
RESULT: {"using":"xpath","value":"//td[7]/div/div/input"}
COMMAND: POST /session/04aee939af97850adaa3733c1af52842/element/f.244B6B55DE4F2A8C3CFC86491C19658C.d.FC763ADC11EBEDCC0CB363DE4721AB3A.e.16127/clear - {}
RESULT: {}
RESULT: {}
COMMAND: POST /session/04aee939af97850adaa3733c1af52842/element/f.244B6B55DE4F2A8C3CFC86491C19658C.d.FC763ADC11EBEDCC0CB363DE4721AB3A.e.16127/value - {"text":"WebdriverRUR2Ce1jsb"}
COMMAND: GET /session/04aee939af97850adaa3733c1af52842/screenshot - {}
RESULT: {"text":"WebdriverRUR2Ce1jsb"}
COMMAND: GET /session/04aee939af97850adaa3733c1af52842/screenshot - {}
RESULT: {}
RESULT: {}
COMMAND: POST /session/04aee939af97850adaa3733c1af52842/actions - {"actions":[{"id":"action80","type":"key","parameters":{},"actions":[{"type":"keyDown","value":"î€‡"},{"type":"pause","duration":10},{"type":"keyUp","value":"î€‡"}]}]}
RESULT: {"actions":[{"id":"action80","type":"key","parameters":{},"actions":[{"type":"keyDown","value":"î€‡"},{"type":"pause","duration":10},{"type":"keyUp","value":"î€‡"}]}]}
COMMAND: GET /session/04aee939af97850adaa3733c1af52842/screenshot - {}
RESULT: {}
COMMAND: POST /session/04aee939af97850adaa3733c1af52842/actions - {"actions":[{"id":"action81","type":"key","parameters":{},"actions":[{"type":"keyDown","value":"î€‡"},{"type":"pause","duration":10},{"type":"keyUp","value":"î€‡"}]}]}
RESULT: {"actions":[{"id":"action81","type":"key","parameters":{},"actions":[{"type":"keyDown","value":"î€‡"},{"type":"pause","duration":10},{"type":"keyUp","value":"î€‡"}]}]}
COMMAND: GET /session/04aee939af97850adaa3733c1af52842/screenshot - {}
RESULT: {}
COMMAND: POST /session/04aee939af97850adaa3733c1af52842/element - {"using":"xpath","value":"(//button[@data-kt=\"saveButton\"])[2]"}
RESULT: {"using":"xpath","value":"(//button[@data-kt=\"saveButton\"])[2]"}
COMMAND: POST /session/04aee939af97850adaa3733c1af52842/element/f.244B6B55DE4F2A8C3CFC86491C19658C.d.FC763ADC11EBEDCC0CB363DE4721AB3A.e.16150/click - {}
RESULT: {}
COMMAND: GET /session/04aee939af97850adaa3733c1af52842/screenshot - {}
RESULT: {}
]]></system-out>
    </testcase>
    <testcase classname="chrome.136_0_7103_93.windows.E2E_-_Logistical_and_commercial_statuses" name="It should follow the handover steps to the status fully provided" time="357">
      <system-out><![CDATA[
COMMAND: POST /session/04aee939af97850adaa3733c1af52842/execute/async - {"script":"<script> [1562 bytes]","args":[{"selector":{"id":"contractDetailProvideButton","viewName":"etm.portal.ui.managecontracts.view.Detail","interaction":{"idSuffix":"BDI-content"}},"wdio_ui5_key":"contractDetailProvideButtonetmportal.ui.managecontracts.view.Detail"}]}
RESULT: {"script":"<script> [1562 bytes]","args":[{"selector":{"id":"contractDetailProvideButton","viewName":"etm.portal.ui.managecontracts.view.Detail","interaction":{"idSuffix":"BDI-content"}},"wdio_ui5_key":"contractDetailProvideButtonetmportal.ui.managecontracts.view.Detail"}]}
RESULT: undefined
COMMAND: POST /session/04aee939af97850adaa3733c1af52842/element - {"using":"xpath","value":"//*[@id=\"__xmlview61--contractDetailProvideButton\"]"}
RESULT: {"using":"xpath","value":"//*[@id=\"__xmlview61--contractDetailProvideButton\"]"}
COMMAND: POST /session/04aee939af97850adaa3733c1af52842/element/f.244B6B55DE4F2A8C3CFC86491C19658C.d.FC763ADC11EBEDCC0CB363DE4721AB3A.e.16155/click - {}
RESULT: {}
COMMAND: GET /session/04aee939af97850adaa3733c1af52842/screenshot - {}
RESULT: {}
COMMAND: POST /session/04aee939af97850adaa3733c1af52842/execute/async - {"script":"<script> [1562 bytes]","args":[{"selector":{"id":"application-managehandovers-display-component---AddNewHO--oneStep","interaction":{"idSuffix":"CbBg"}},"wdio_ui5_key":"applicationmanagehandovers-display-component---AddNewHO--oneStep"}]}
RESULT: {"script":"<script> [1562 bytes]","args":[{"selector":{"id":"application-managehandovers-display-component---AddNewHO--oneStep","interaction":{"idSuffix":"CbBg"}},"wdio_ui5_key":"applicationmanagehandovers-display-component---AddNewHO--oneStep"}]}
RESULT: undefined
COMMAND: POST /session/04aee939af97850adaa3733c1af52842/element - {"using":"xpath","value":"//*[@id=\"application-managehandovers-display-component---AddNewHO--oneStep\"]"}
RESULT: {"using":"xpath","value":"//*[@id=\"application-managehandovers-display-component---AddNewHO--oneStep\"]"}
COMMAND: POST /session/04aee939af97850adaa3733c1af52842/element/f.244B6B55DE4F2A8C3CFC86491C19658C.d.FC763ADC11EBEDCC0CB363DE4721AB3A.e.16325/click - {}
RESULT: {}
RESULT: undefined
COMMAND: POST /session/04aee939af97850adaa3733c1af52842/execute/async - {"script":"<script> [776 bytes]","args":[{"enterText":"05/16/25","selector":{"id":"application-managehandovers-display-component---AddNewHO--dueDate","interaction":{"idSuffix":"inner"}},"clearTextFirst":true,"interactionType":"ENTER_TEXT"}]}
COMMAND: GET /session/04aee939af97850adaa3733c1af52842/screenshot - {}
RESULT: {"script":"<script> [776 bytes]","args":[{"enterText":"05/16/25","selector":{"id":"application-managehandovers-display-component---AddNewHO--dueDate","interaction":{"idSuffix":"inner"}},"clearTextFirst":true,"interactionType":"ENTER_TEXT"}]}
RESULT: undefined
COMMAND: POST /session/04aee939af97850adaa3733c1af52842/element - {"using":"xpath","value":"//*[@id=\"application-managehandovers-display-component---AddNewHO--ObjectPageLayout-anchBar-application-managehandovers-display-component---AddNewHO--section4-anchor\"]"}
RESULT: {}
RESULT: {"using":"xpath","value":"//*[@id=\"application-managehandovers-display-component---AddNewHO--ObjectPageLayout-anchBar-application-managehandovers-display-component---AddNewHO--section4-anchor\"]"}
COMMAND: POST /session/04aee939af97850adaa3733c1af52842/element/f.244B6B55DE4F2A8C3CFC86491C19658C.d.FC763ADC11EBEDCC0CB363DE4721AB3A.e.16326/click - {}
RESULT: {}
COMMAND: POST /session/04aee939af97850adaa3733c1af52842/execute/async - {"script":"<script> [1562 bytes]","args":[{"selector":{"controlType":"sap.ui.core.Icon","viewName":"etm.portal.ui.managehandovers.view.AddNewHO","viewId":"application-managehandovers-display-component---AddNewHO","properties":{"src":{"regex":{"source":"add"}}}},"wdio_ui5_key":"etmportal.ui.managehandovers.view.AddNewHOsap.ui.core.Icon{\"src\":{\"regex\":{\"source\":\"add\"}}}"}]}
COMMAND: GET /session/04aee939af97850adaa3733c1af52842/screenshot - {}
RESULT: {"script":"<script> [1562 bytes]","args":[{"selector":{"controlType":"sap.ui.core.Icon","viewName":"etm.portal.ui.managehandovers.view.AddNewHO","viewId":"application-managehandovers-display-component---AddNewHO","properties":{"src":{"regex":{"source":"add"}}}},"wdio_ui5_key":"etmportal.ui.managehandovers.view.AddNewHOsap.ui.core.Icon{\"src\":{\"regex\":{\"source\":\"add\"}}}"}]}
RESULT: undefined
COMMAND: POST /session/04aee939af97850adaa3733c1af52842/element - {"using":"xpath","value":"//*[@id=\"__button166-img\"]"}
RESULT: {}
RESULT: {"using":"xpath","value":"//*[@id=\"__button166-img\"]"}
COMMAND: POST /session/04aee939af97850adaa3733c1af52842/element/f.244B6B55DE4F2A8C3CFC86491C19658C.d.FC763ADC11EBEDCC0CB363DE4721AB3A.e.16330/click - {}
RESULT: {}
COMMAND: GET /session/04aee939af97850adaa3733c1af52842/screenshot - {}
RESULT: {}
RESULT: undefined
COMMAND: POST /session/04aee939af97850adaa3733c1af52842/element - {"using":"xpath","value":"//*[@id=\"application-managehandovers-display-component---AddNewHO--popup-sa\"]"}
RESULT: {"using":"xpath","value":"//*[@id=\"application-managehandovers-display-component---AddNewHO--popup-sa\"]"}
COMMAND: POST /session/04aee939af97850adaa3733c1af52842/element/f.244B6B55DE4F2A8C3CFC86491C19658C.d.FC763ADC11EBEDCC0CB363DE4721AB3A.e.16346/click - {}
RESULT: {}
COMMAND: POST /session/04aee939af97850adaa3733c1af52842/execute/async - {"script":"<script> [1562 bytes]","args":[{"selector":{"controlType":"sap.m.Button","viewName":"etm.portal.ui.managehandovers.view.AddNewHO","viewId":"application-managehandovers-display-component---AddNewHO","i18NText":{"propertyName":"text","key":"select"},"searchOpenDialogs":true,"interaction":{"idSuffix":"inner"}},"wdio_ui5_key":"etmportal.ui.managehandovers.view.AddNewHOsap.m.Button{\"propertyName\":\"text\",\"key\":\"select\"}"}]}
COMMAND: GET /session/04aee939af97850adaa3733c1af52842/screenshot - {}
RESULT: {"script":"<script> [1562 bytes]","args":[{"selector":{"controlType":"sap.m.Button","viewName":"etm.portal.ui.managehandovers.view.AddNewHO","viewId":"application-managehandovers-display-component---AddNewHO","i18NText":{"propertyName":"text","key":"select"},"searchOpenDialogs":true,"interaction":{"idSuffix":"inner"}},"wdio_ui5_key":"etmportal.ui.managehandovers.view.AddNewHOsap.m.Button{\"propertyName\":\"text\",\"key\":\"select\"}"}]}
RESULT: undefined
COMMAND: POST /session/04aee939af97850adaa3733c1af52842/element - {"using":"xpath","value":"//*[@id=\"__button169\"]"}
RESULT: {}
RESULT: {"using":"xpath","value":"//*[@id=\"__button169\"]"}
COMMAND: POST /session/04aee939af97850adaa3733c1af52842/element/f.244B6B55DE4F2A8C3CFC86491C19658C.d.FC763ADC11EBEDCC0CB363DE4721AB3A.e.16348/click - {}
RESULT: {}
COMMAND: POST /session/04aee939af97850adaa3733c1af52842/execute/async - {"script":"<script> [1562 bytes]","args":[{"selector":{"id":"application-managehandovers-display-component---AddNewHO--confirmCreationButton","interaction":{"idSuffix":"BDI-content"}},"wdio_ui5_key":"applicationmanagehandovers-display-component---AddNewHO--confirmCreationButton"}]}
COMMAND: GET /session/04aee939af97850adaa3733c1af52842/screenshot - {}
RESULT: {"script":"<script> [1562 bytes]","args":[{"selector":{"id":"application-managehandovers-display-component---AddNewHO--confirmCreationButton","interaction":{"idSuffix":"BDI-content"}},"wdio_ui5_key":"applicationmanagehandovers-display-component---AddNewHO--confirmCreationButton"}]}
RESULT: undefined
COMMAND: POST /session/04aee939af97850adaa3733c1af52842/element - {"using":"xpath","value":"//*[@id=\"application-managehandovers-display-component---AddNewHO--confirmCreationButton\"]"}
RESULT: {}
RESULT: {"using":"xpath","value":"//*[@id=\"application-managehandovers-display-component---AddNewHO--confirmCreationButton\"]"}
COMMAND: POST /session/04aee939af97850adaa3733c1af52842/element/f.244B6B55DE4F2A8C3CFC86491C19658C.d.FC763ADC11EBEDCC0CB363DE4721AB3A.e.16289/click - {}
RESULT: {}
COMMAND: GET /session/04aee939af97850adaa3733c1af52842/screenshot - {}
RESULT: {}
COMMAND: POST /session/04aee939af97850adaa3733c1af52842/element - {"using":"xpath","value":"//a[contains(@data-kt ,\"GeneralSectionReceiveContracttLink\")]"}
RESULT: {"using":"xpath","value":"//a[contains(@data-kt ,\"GeneralSectionReceiveContracttLink\")]"}
COMMAND: POST /session/04aee939af97850adaa3733c1af52842/element/f.244B6B55DE4F2A8C3CFC86491C19658C.d.FC763ADC11EBEDCC0CB363DE4721AB3A.e.16382/click - {}
RESULT: {}
COMMAND: GET /session/04aee939af97850adaa3733c1af52842/screenshot - {}
RESULT: {}
COMMAND: POST /session/04aee939af97850adaa3733c1af52842/element - {"using":"xpath","value":"//a[contains(@data-kt ,\"ContextMenuId2Link\")]"}
RESULT: {"using":"xpath","value":"//a[contains(@data-kt ,\"ContextMenuId2Link\")]"}
COMMAND: POST /session/04aee939af97850adaa3733c1af52842/element/f.244B6B55DE4F2A8C3CFC86491C19658C.d.FC763ADC11EBEDCC0CB363DE4721AB3A.e.16386/click - {}
RESULT: {}
COMMAND: GET /session/04aee939af97850adaa3733c1af52842/screenshot - {}
RESULT: {}
COMMAND: POST /session/04aee939af97850adaa3733c1af52842/execute/async - {"script":"<script> [1562 bytes]","args":[{"selector":{"controlType":"sap.m.ObjectStatus","viewName":"etm.portal.ui.managecontracts.view.Detail","bindingPath":{"propertyPath":"LINK_TO_LOGISTICAL_STATUS/DESCRIPTION","modelName":"catalogModel"}},"wdio_ui5_key":"etmportal.ui.managecontracts.view.Detailsap.m.ObjectStatus{\"propertyPath\":\"LINK_TO_LOGISTICAL_STATUS/DESCRIPTION\",\"modelName\":\"catalogModel\"}"}]}
RESULT: {"script":"<script> [1562 bytes]","args":[{"selector":{"controlType":"sap.m.ObjectStatus","viewName":"etm.portal.ui.managecontracts.view.Detail","bindingPath":{"propertyPath":"LINK_TO_LOGISTICAL_STATUS/DESCRIPTION","modelName":"catalogModel"}},"wdio_ui5_key":"etmportal.ui.managecontracts.view.Detailsap.m.ObjectStatus{\"propertyPath\":\"LINK_TO_LOGISTICAL_STATUS/DESCRIPTION\",\"modelName\":\"catalogModel\"}"}]}
RESULT: undefined
COMMAND: POST /session/04aee939af97850adaa3733c1af52842/execute/async - {"script":"<script> [6424 bytes]","args":[{"element-6066-11e4-a52e-4f735466cecf":"f.244B6B55DE4F2A8C3CFC86491C19658C.d.FC763ADC11EBEDCC0CB363DE4721AB3A.e.16614"},"getText",[]]}
RESULT: {"script":"<script> [6424 bytes]","args":[{"element-6066-11e4-a52e-4f735466cecf":"f.244B6B55DE4F2A8C3CFC86491C19658C.d.FC763ADC11EBEDCC0CB363DE4721AB3A.e.16614"},"getText",[]]}
COMMAND: POST /session/04aee939af97850adaa3733c1af52842/execute/async - {"script":"<script> [1562 bytes]","args":[{"selector":{"controlType":"sap.m.ObjectStatus","viewName":"etm.portal.ui.managecontracts.view.Detail","bindingPath":{"propertyPath":"LINK_TO_COMMERCIAL_STATUS/DESCRIPTION","modelName":"catalogModel"}},"wdio_ui5_key":"etmportal.ui.managecontracts.view.Detailsap.m.ObjectStatus{\"propertyPath\":\"LINK_TO_COMMERCIAL_STATUS/DESCRIPTION\",\"modelName\":\"catalogModel\"}"}]}
RESULT: {"script":"<script> [1562 bytes]","args":[{"selector":{"controlType":"sap.m.ObjectStatus","viewName":"etm.portal.ui.managecontracts.view.Detail","bindingPath":{"propertyPath":"LINK_TO_COMMERCIAL_STATUS/DESCRIPTION","modelName":"catalogModel"}},"wdio_ui5_key":"etmportal.ui.managecontracts.view.Detailsap.m.ObjectStatus{\"propertyPath\":\"LINK_TO_COMMERCIAL_STATUS/DESCRIPTION\",\"modelName\":\"catalogModel\"}"}]}
RESULT: undefined
COMMAND: POST /session/04aee939af97850adaa3733c1af52842/execute/async - {"script":"<script> [6424 bytes]","args":[{"element-6066-11e4-a52e-4f735466cecf":"f.244B6B55DE4F2A8C3CFC86491C19658C.d.FC763ADC11EBEDCC0CB363DE4721AB3A.e.16615"},"getText",[]]}
RESULT: {"script":"<script> [6424 bytes]","args":[{"element-6066-11e4-a52e-4f735466cecf":"f.244B6B55DE4F2A8C3CFC86491C19658C.d.FC763ADC11EBEDCC0CB363DE4721AB3A.e.16615"},"getText",[]]}
COMMAND: POST /session/04aee939af97850adaa3733c1af52842/execute/async - {"script":"<script> [1562 bytes]","args":[{"selector":{"id":"backBtn"},"wdio_ui5_key":"backBtn"}]}
RESULT: {"script":"<script> [1562 bytes]","args":[{"selector":{"id":"backBtn"},"wdio_ui5_key":"backBtn"}]}
RESULT: undefined
COMMAND: POST /session/04aee939af97850adaa3733c1af52842/element - {"using":"xpath","value":"//*[@id=\"backBtn\"]"}
RESULT: {"using":"xpath","value":"//*[@id=\"backBtn\"]"}
COMMAND: POST /session/04aee939af97850adaa3733c1af52842/element/f.244B6B55DE4F2A8C3CFC86491C19658C.d.FC763ADC11EBEDCC0CB363DE4721AB3A.e.16616/click - {}
RESULT: {}
COMMAND: GET /session/04aee939af97850adaa3733c1af52842/screenshot - {}
RESULT: {}
COMMAND: POST /session/04aee939af97850adaa3733c1af52842/execute/async - {"script":"<script> [1562 bytes]","args":[{"selector":{"controlType":"sap.m.Text","viewName":"etm.portal.ui.managehandovers.view.DetailExecuteHO","bindingPath":{"propertyPath":"NO","modelName":"catalogModel"}},"wdio_ui5_key":"etmportal.ui.managehandovers.view.DetailExecuteHOsap.m.Text{\"propertyPath\":\"NO\",\"modelName\":\"catalogModel\"}"}]}
RESULT: {"script":"<script> [1562 bytes]","args":[{"selector":{"controlType":"sap.m.Text","viewName":"etm.portal.ui.managehandovers.view.DetailExecuteHO","bindingPath":{"propertyPath":"NO","modelName":"catalogModel"}},"wdio_ui5_key":"etmportal.ui.managehandovers.view.DetailExecuteHOsap.m.Text{\"propertyPath\":\"NO\",\"modelName\":\"catalogModel\"}"}]}
RESULT: undefined
COMMAND: POST /session/04aee939af97850adaa3733c1af52842/execute/async - {"script":"<script> [6424 bytes]","args":[{"element-6066-11e4-a52e-4f735466cecf":"f.244B6B55DE4F2A8C3CFC86491C19658C.d.FC763ADC11EBEDCC0CB363DE4721AB3A.e.16760"},"getText",[]]}
RESULT: {"script":"<script> [6424 bytes]","args":[{"element-6066-11e4-a52e-4f735466cecf":"f.244B6B55DE4F2A8C3CFC86491C19658C.d.FC763ADC11EBEDCC0CB363DE4721AB3A.e.16760"},"getText",[]]}
COMMAND: POST /session/04aee939af97850adaa3733c1af52842/element - {"using":"xpath","value":"//input[contains(@id ,\"issueDatePicker-inner\")]"}
RESULT: {"using":"xpath","value":"//input[contains(@id ,\"issueDatePicker-inner\")]"}
COMMAND: GET /session/04aee939af97850adaa3733c1af52842/element/f.244B6B55DE4F2A8C3CFC86491C19658C.d.FC763ADC11EBEDCC0CB363DE4721AB3A.e.16734/property/value - {}
RESULT: {}
COMMAND: POST /session/04aee939af97850adaa3733c1af52842/element/f.244B6B55DE4F2A8C3CFC86491C19658C.d.FC763ADC11EBEDCC0CB363DE4721AB3A.e.16734/clear - {}
COMMAND: GET /session/04aee939af97850adaa3733c1af52842/screenshot - {}
RESULT: {}
COMMAND: POST /session/04aee939af97850adaa3733c1af52842/element/f.244B6B55DE4F2A8C3CFC86491C19658C.d.FC763ADC11EBEDCC0CB363DE4721AB3A.e.16734/value - {"text":"05/16/25"}
COMMAND: GET /session/04aee939af97850adaa3733c1af52842/screenshot - {}
RESULT: {}
RESULT: {"text":"05/16/25"}
COMMAND: GET /session/04aee939af97850adaa3733c1af52842/screenshot - {}
RESULT: {}
RESULT: {}
COMMAND: POST /session/04aee939af97850adaa3733c1af52842/execute/async - {"script":"<script> [1562 bytes]","args":[{"selector":{"controlType":"sap.m.Button","viewName":"etm.portal.ui.managehandovers.view.DetailExecuteHO","i18NText":{"propertyName":"text","key":"confirmAll"},"interaction":{"idSuffix":"inner"}},"wdio_ui5_key":"etmportal.ui.managehandovers.view.DetailExecuteHOsap.m.Button{\"propertyName\":\"text\",\"key\":\"confirmAll\"}"}]}
RESULT: {"script":"<script> [1562 bytes]","args":[{"selector":{"controlType":"sap.m.Button","viewName":"etm.portal.ui.managehandovers.view.DetailExecuteHO","i18NText":{"propertyName":"text","key":"confirmAll"},"interaction":{"idSuffix":"inner"}},"wdio_ui5_key":"etmportal.ui.managehandovers.view.DetailExecuteHOsap.m.Button{\"propertyName\":\"text\",\"key\":\"confirmAll\"}"}]}
RESULT: undefined
COMMAND: POST /session/04aee939af97850adaa3733c1af52842/element - {"using":"xpath","value":"//*[@id=\"__button249\"]"}
RESULT: {"using":"xpath","value":"//*[@id=\"__button249\"]"}
COMMAND: POST /session/04aee939af97850adaa3733c1af52842/element/f.244B6B55DE4F2A8C3CFC86491C19658C.d.FC763ADC11EBEDCC0CB363DE4721AB3A.e.16766/click - {}
RESULT: {}
COMMAND: GET /session/04aee939af97850adaa3733c1af52842/screenshot - {}
RESULT: {}
COMMAND: POST /session/04aee939af97850adaa3733c1af52842/actions - {"actions":[{"id":"action82","type":"key","parameters":{},"actions":[{"type":"keyDown","value":"î€‡"},{"type":"pause","duration":10},{"type":"keyUp","value":"î€‡"}]}]}
RESULT: {"actions":[{"id":"action82","type":"key","parameters":{},"actions":[{"type":"keyDown","value":"î€‡"},{"type":"pause","duration":10},{"type":"keyUp","value":"î€‡"}]}]}
COMMAND: GET /session/04aee939af97850adaa3733c1af52842/screenshot - {}
RESULT: {}
RESULT: undefined
COMMAND: POST /session/04aee939af97850adaa3733c1af52842/element - {"using":"xpath","value":"//*[@id=\"__button249\"]"}
RESULT: {"using":"xpath","value":"//*[@id=\"__button249\"]"}
COMMAND: POST /session/04aee939af97850adaa3733c1af52842/element/f.244B6B55DE4F2A8C3CFC86491C19658C.d.FC763ADC11EBEDCC0CB363DE4721AB3A.e.16766/click - {}
RESULT: {}
COMMAND: GET /session/04aee939af97850adaa3733c1af52842/screenshot - {}
RESULT: {}
COMMAND: POST /session/04aee939af97850adaa3733c1af52842/execute/async - {"script":"<script> [1562 bytes]","args":[{"selector":{"controlType":"sap.m.Button","properties":{"text":"OK"},"searchOpenDialogs":true,"interaction":{"idSuffix":"content"}},"wdio_ui5_key":"sapm.Button{\"text\":\"OK\"}"}]}
RESULT: {"script":"<script> [1562 bytes]","args":[{"selector":{"controlType":"sap.m.Button","properties":{"text":"OK"},"searchOpenDialogs":true,"interaction":{"idSuffix":"content"}},"wdio_ui5_key":"sapm.Button{\"text\":\"OK\"}"}]}
RESULT: undefined
COMMAND: POST /session/04aee939af97850adaa3733c1af52842/element - {"using":"xpath","value":"//*[@id=\"__mbox-btn-4\"]"}
RESULT: {"using":"xpath","value":"//*[@id=\"__mbox-btn-4\"]"}
COMMAND: POST /session/04aee939af97850adaa3733c1af52842/element/f.244B6B55DE4F2A8C3CFC86491C19658C.d.FC763ADC11EBEDCC0CB363DE4721AB3A.e.16775/click - {}
RESULT: {}
COMMAND: GET /session/04aee939af97850adaa3733c1af52842/screenshot - {}
RESULT: {}
COMMAND: POST /session/04aee939af97850adaa3733c1af52842/element - {"using":"xpath","value":"//button[contains(@data-kt ,\"execHoPickFooterButton\")]"}
RESULT: {"using":"xpath","value":"//button[contains(@data-kt ,\"execHoPickFooterButton\")]"}
COMMAND: POST /session/04aee939af97850adaa3733c1af52842/element/f.244B6B55DE4F2A8C3CFC86491C19658C.d.FC763ADC11EBEDCC0CB363DE4721AB3A.e.16779/click - {}
RESULT: {}
COMMAND: GET /session/04aee939af97850adaa3733c1af52842/screenshot - {}
RESULT: {}
COMMAND: POST /session/04aee939af97850adaa3733c1af52842/refresh - {}
RESULT: {}
COMMAND: GET /session/04aee939af97850adaa3733c1af52842/screenshot - {}
RESULT: {}
COMMAND: POST /session/04aee939af97850adaa3733c1af52842/refresh - {}
RESULT: {}
COMMAND: GET /session/04aee939af97850adaa3733c1af52842/screenshot - {}
RESULT: {}
COMMAND: POST /session/04aee939af97850adaa3733c1af52842/window/fullscreen - {}
RESULT: {}
COMMAND: POST /session/04aee939af97850adaa3733c1af52842/execute/async - {"script":"<script> [189 bytes]","args":[]}
RESULT: {"script":"<script> [189 bytes]","args":[]}
COMMAND: POST /session/04aee939af97850adaa3733c1af52842/execute/async - {"script":"<script> [123 bytes]","args":[]}
RESULT: {"script":"<script> [123 bytes]","args":[]}
COMMAND: POST /session/04aee939af97850adaa3733c1af52842/timeouts - {"script":"<number>"}
RESULT: {"script":"<number>"}
COMMAND: GET /session/04aee939af97850adaa3733c1af52842/timeouts - {}
RESULT: {}
RESULT: undefined
COMMAND: POST /session/04aee939af97850adaa3733c1af52842/execute/async - {"script":"<script> [2676 bytes]","args":[]}
RESULT: {"script":"<script> [2676 bytes]","args":[]}
COMMAND: POST /session/04aee939af97850adaa3733c1af52842/execute/async - {"script":"<script> [2342 bytes]","args":[{"protocol":"http","hostname":"0.0.0.0","path":"/","capabilities":{"browserName":"chrome","goog:chromeOptions":{"binary":"C:\\Program Files\\Google\\Chrome\\Application\\chrome.exe","args":["--start-maximized"]}},"logLevel":"warn","connectionRetryTimeout":120000,"connectionRetryCount":3,"logLevels":{},"enableDirectConnect":true,"strictSSL":true,"_":"65 more keys: [\"cacheDir\",\"port\",\"requestedCapabilities\",\"automationProtocol\",\"baseUrl\",\"waitforInterval\",\"waitforTimeout\",\"onReload\",\"beforeCommand\",\"afterCommand\",\"rootDir\",\"specs\",\"suites\",\"exclude\",\"groupLogsByTestSpec\",\"excludeDriverLogs\",\"bail\",\"framework\",\"reporters\",\"services\",\"maxInstances\",\"maxInstancesPerCapability\",\"injectGlobals\",\"filesToWatch\",\"execArgv\",\"runnerEnv\",\"runner\",\"shard\",\"specFileRetries\",\"specFileRetriesDelay\",\"specFileRetriesDeferred\",\"reporterSyncInterval\",\"reporterSyncTimeout\",\"cucumberFeaturesWithLineNumbers\",\"autoCompileOpts\",\"mochaOpts\",\"jasmineOpts\",\"cucumberOpts\",\"onPrepare\",\"onWorkerStart\",\"onWorkerEnd\",\"before\",\"beforeSession\",\"beforeSuite\",\"beforeHook\",\"beforeTest\",\"afterTest\",\"afterHook\",\"afterSuite\",\"afterSession\",\"after\",\"onComplete\",\"beforeAssertion\",\"afterAssertion\",\"beforeFeature\",\"beforeScenario\",\"beforeStep\",\"afterStep\",\"afterScenario\",\"afterFeature\",\"_\",\"suite\",\"$0\",\"ignoredWorkerServices\",\"wdi5\"]"}]}
RESULT: {"script":"<script> [2342 bytes]","args":[{"protocol":"http","hostname":"0.0.0.0","path":"/","capabilities":{"browserName":"chrome","goog:chromeOptions":{"binary":"C:\\Program Files\\Google\\Chrome\\Application\\chrome.exe","args":["--start-maximized"]}},"logLevel":"warn","connectionRetryTimeout":120000,"connectionRetryCount":3,"logLevels":{},"enableDirectConnect":true,"strictSSL":true,"_":"65 more keys: [\"cacheDir\",\"port\",\"requestedCapabilities\",\"automationProtocol\",\"baseUrl\",\"waitforInterval\",\"waitforTimeout\",\"onReload\",\"beforeCommand\",\"afterCommand\",\"rootDir\",\"specs\",\"suites\",\"exclude\",\"groupLogsByTestSpec\",\"excludeDriverLogs\",\"bail\",\"framework\",\"reporters\",\"services\",\"maxInstances\",\"maxInstancesPerCapability\",\"injectGlobals\",\"filesToWatch\",\"execArgv\",\"runnerEnv\",\"runner\",\"shard\",\"specFileRetries\",\"specFileRetriesDelay\",\"specFileRetriesDeferred\",\"reporterSyncInterval\",\"reporterSyncTimeout\",\"cucumberFeaturesWithLineNumbers\",\"autoCompileOpts\",\"mochaOpts\",\"jasmineOpts\",\"cucumberOpts\",\"onPrepare\",\"onWorkerStart\",\"onWorkerEnd\",\"before\",\"beforeSession\",\"beforeSuite\",\"beforeHook\",\"beforeTest\",\"afterTest\",\"afterHook\",\"afterSuite\",\"afterSession\",\"after\",\"onComplete\",\"beforeAssertion\",\"afterAssertion\",\"beforeFeature\",\"beforeScenario\",\"beforeStep\",\"afterStep\",\"afterScenario\",\"afterFeature\",\"_\",\"suite\",\"$0\",\"ignoredWorkerServices\",\"wdi5\"]"}]}
COMMAND: POST /session/04aee939af97850adaa3733c1af52842/execute/async - {"script":"<script> [21126 bytes]","args":[35000]}
RESULT: {"script":"<script> [21126 bytes]","args":[35000]}
COMMAND: POST /session/04aee939af97850adaa3733c1af52842/execute/async - {"script":"<script> [1562 bytes]","args":[{"selector":{"controlType":"sap.m.SearchField","viewName":"etm.portal.ui.managehandovers.view.MasterHO","bindingPath":{"path":"","propertyPath":"/_BASIC_SEARCH_FIELD","modelName":"fi1t3rM0d31"},"interaction":{"idSuffix":"I"}},"wdio_ui5_key":"etmportal.ui.managehandovers.view.MasterHOsap.m.SearchField{\"path\":\"\",\"propertyPath\":\"/_BASIC_SEARCH_FIELD\",\"modelName\":\"fi1t3rM0d31\"}"}]}
RESULT: {"script":"<script> [1562 bytes]","args":[{"selector":{"controlType":"sap.m.SearchField","viewName":"etm.portal.ui.managehandovers.view.MasterHO","bindingPath":{"path":"","propertyPath":"/_BASIC_SEARCH_FIELD","modelName":"fi1t3rM0d31"},"interaction":{"idSuffix":"I"}},"wdio_ui5_key":"etmportal.ui.managehandovers.view.MasterHOsap.m.SearchField{\"path\":\"\",\"propertyPath\":\"/_BASIC_SEARCH_FIELD\",\"modelName\":\"fi1t3rM0d31\"}"}]}
RESULT: undefined
COMMAND: POST /session/04aee939af97850adaa3733c1af52842/execute/async - {"script":"<script> [776 bytes]","args":[{"enterText":"30611","selector":{"controlType":"sap.m.SearchField","viewName":"etm.portal.ui.managehandovers.view.MasterHO","bindingPath":{"path":"","propertyPath":"/_BASIC_SEARCH_FIELD","modelName":"fi1t3rM0d31"},"interaction":{"idSuffix":"I"}},"clearTextFirst":true,"interactionType":"ENTER_TEXT"}]}
RESULT: {"script":"<script> [776 bytes]","args":[{"enterText":"30611","selector":{"controlType":"sap.m.SearchField","viewName":"etm.portal.ui.managehandovers.view.MasterHO","bindingPath":{"path":"","propertyPath":"/_BASIC_SEARCH_FIELD","modelName":"fi1t3rM0d31"},"interaction":{"idSuffix":"I"}},"clearTextFirst":true,"interactionType":"ENTER_TEXT"}]}
COMMAND: POST /session/04aee939af97850adaa3733c1af52842/actions - {"actions":[{"id":"action83","type":"key","parameters":{},"actions":[{"type":"keyDown","value":"î€‡"},{"type":"pause","duration":10},{"type":"keyUp","value":"î€‡"}]}]}
RESULT: {"actions":[{"id":"action83","type":"key","parameters":{},"actions":[{"type":"keyDown","value":"î€‡"},{"type":"pause","duration":10},{"type":"keyUp","value":"î€‡"}]}]}
COMMAND: GET /session/04aee939af97850adaa3733c1af52842/screenshot - {}
RESULT: {}
COMMAND: POST /session/04aee939af97850adaa3733c1af52842/execute/async - {"script":"<script> [1562 bytes]","args":[{"selector":{"controlType":"sap.m.Title","viewName":"etm.portal.ui.managehandovers.view.MasterHO","properties":{"text":"Records (1)"}},"wdio_ui5_key":"etmportal.ui.managehandovers.view.MasterHOsap.m.Title{\"text\":\"Records (1)\"}"}]}
RESULT: {"script":"<script> [1562 bytes]","args":[{"selector":{"controlType":"sap.m.Title","viewName":"etm.portal.ui.managehandovers.view.MasterHO","properties":{"text":"Records (1)"}},"wdio_ui5_key":"etmportal.ui.managehandovers.view.MasterHOsap.m.Title{\"text\":\"Records (1)\"}"}]}
RESULT: undefined
COMMAND: POST /session/04aee939af97850adaa3733c1af52842/execute/async - {"script":"<script> [6424 bytes]","args":[{"element-6066-11e4-a52e-4f735466cecf":"f.244B6B55DE4F2A8C3CFC86491C19658C.d.6D494A34B777AB43EA012D8C3DD17848.e.17150"},"getText",[]]}
RESULT: {"script":"<script> [6424 bytes]","args":[{"element-6066-11e4-a52e-4f735466cecf":"f.244B6B55DE4F2A8C3CFC86491C19658C.d.6D494A34B777AB43EA012D8C3DD17848.e.17150"},"getText",[]]}
COMMAND: POST /session/04aee939af97850adaa3733c1af52842/execute/async - {"script":"<script> [1562 bytes]","args":[{"selector":{"controlType":"sap.ui.core.Icon","viewName":"etm.portal.ui.managehandovers.view.MasterHO","properties":{"src":{"regex":{"source":"slim\\-arrow\\-right"}}}},"wdio_ui5_key":"etmportal.ui.managehandovers.view.MasterHOsap.ui.core.Icon{\"src\":{\"regex\":{\"source\":\"slim\\\\-arrow\\\\-right\"}}}"}]}
RESULT: {"script":"<script> [1562 bytes]","args":[{"selector":{"controlType":"sap.ui.core.Icon","viewName":"etm.portal.ui.managehandovers.view.MasterHO","properties":{"src":{"regex":{"source":"slim\\-arrow\\-right"}}}},"wdio_ui5_key":"etmportal.ui.managehandovers.view.MasterHOsap.ui.core.Icon{\"src\":{\"regex\":{\"source\":\"slim\\\\-arrow\\\\-right\"}}}"}]}
RESULT: undefined
COMMAND: POST /session/04aee939af97850adaa3733c1af52842/element - {"using":"xpath","value":"//*[@id=\"__item29-__clone17-imgNav\"]"}
RESULT: {"using":"xpath","value":"//*[@id=\"__item29-__clone17-imgNav\"]"}
COMMAND: POST /session/04aee939af97850adaa3733c1af52842/element/f.244B6B55DE4F2A8C3CFC86491C19658C.d.6D494A34B777AB43EA012D8C3DD17848.e.17149/click - {}
RESULT: {}
COMMAND: GET /session/04aee939af97850adaa3733c1af52842/screenshot - {}
RESULT: {}
COMMAND: POST /session/04aee939af97850adaa3733c1af52842/element - {"using":"xpath","value":"//a[contains(@data-kt ,\"GeneralSectionReceiveContracttLink\")]"}
RESULT: {"using":"xpath","value":"//a[contains(@data-kt ,\"GeneralSectionReceiveContracttLink\")]"}
COMMAND: POST /session/04aee939af97850adaa3733c1af52842/element/f.244B6B55DE4F2A8C3CFC86491C19658C.d.6D494A34B777AB43EA012D8C3DD17848.e.17236/click - {}
RESULT: {}
COMMAND: GET /session/04aee939af97850adaa3733c1af52842/screenshot - {}
RESULT: {}
COMMAND: POST /session/04aee939af97850adaa3733c1af52842/element - {"using":"xpath","value":"//a[contains(@data-kt ,\"ContextMenuId2Link\")]"}
RESULT: {"using":"xpath","value":"//a[contains(@data-kt ,\"ContextMenuId2Link\")]"}
COMMAND: POST /session/04aee939af97850adaa3733c1af52842/element/f.244B6B55DE4F2A8C3CFC86491C19658C.d.6D494A34B777AB43EA012D8C3DD17848.e.17239/click - {}
RESULT: {}
COMMAND: GET /session/04aee939af97850adaa3733c1af52842/screenshot - {}
RESULT: {}
COMMAND: POST /session/04aee939af97850adaa3733c1af52842/execute/async - {"script":"<script> [1562 bytes]","args":[{"selector":{"controlType":"sap.m.ObjectStatus","viewName":"etm.portal.ui.managecontracts.view.Detail","bindingPath":{"propertyPath":"LINK_TO_LOGISTICAL_STATUS/DESCRIPTION","modelName":"catalogModel"}},"wdio_ui5_key":"etmportal.ui.managecontracts.view.Detailsap.m.ObjectStatus{\"propertyPath\":\"LINK_TO_LOGISTICAL_STATUS/DESCRIPTION\",\"modelName\":\"catalogModel\"}"}]}
RESULT: {"script":"<script> [1562 bytes]","args":[{"selector":{"controlType":"sap.m.ObjectStatus","viewName":"etm.portal.ui.managecontracts.view.Detail","bindingPath":{"propertyPath":"LINK_TO_LOGISTICAL_STATUS/DESCRIPTION","modelName":"catalogModel"}},"wdio_ui5_key":"etmportal.ui.managecontracts.view.Detailsap.m.ObjectStatus{\"propertyPath\":\"LINK_TO_LOGISTICAL_STATUS/DESCRIPTION\",\"modelName\":\"catalogModel\"}"}]}
RESULT: undefined
COMMAND: POST /session/04aee939af97850adaa3733c1af52842/execute/async - {"script":"<script> [6424 bytes]","args":[{"element-6066-11e4-a52e-4f735466cecf":"f.244B6B55DE4F2A8C3CFC86491C19658C.d.6D494A34B777AB43EA012D8C3DD17848.e.17467"},"getText",[]]}
RESULT: {"script":"<script> [6424 bytes]","args":[{"element-6066-11e4-a52e-4f735466cecf":"f.244B6B55DE4F2A8C3CFC86491C19658C.d.6D494A34B777AB43EA012D8C3DD17848.e.17467"},"getText",[]]}
COMMAND: POST /session/04aee939af97850adaa3733c1af52842/execute/async - {"script":"<script> [1562 bytes]","args":[{"selector":{"controlType":"sap.m.ObjectStatus","viewName":"etm.portal.ui.managecontracts.view.Detail","bindingPath":{"propertyPath":"LINK_TO_COMMERCIAL_STATUS/DESCRIPTION","modelName":"catalogModel"}},"wdio_ui5_key":"etmportal.ui.managecontracts.view.Detailsap.m.ObjectStatus{\"propertyPath\":\"LINK_TO_COMMERCIAL_STATUS/DESCRIPTION\",\"modelName\":\"catalogModel\"}"}]}
RESULT: {"script":"<script> [1562 bytes]","args":[{"selector":{"controlType":"sap.m.ObjectStatus","viewName":"etm.portal.ui.managecontracts.view.Detail","bindingPath":{"propertyPath":"LINK_TO_COMMERCIAL_STATUS/DESCRIPTION","modelName":"catalogModel"}},"wdio_ui5_key":"etmportal.ui.managecontracts.view.Detailsap.m.ObjectStatus{\"propertyPath\":\"LINK_TO_COMMERCIAL_STATUS/DESCRIPTION\",\"modelName\":\"catalogModel\"}"}]}
RESULT: undefined
COMMAND: POST /session/04aee939af97850adaa3733c1af52842/execute/async - {"script":"<script> [6424 bytes]","args":[{"element-6066-11e4-a52e-4f735466cecf":"f.244B6B55DE4F2A8C3CFC86491C19658C.d.6D494A34B777AB43EA012D8C3DD17848.e.17469"},"getText",[]]}
RESULT: {"script":"<script> [6424 bytes]","args":[{"element-6066-11e4-a52e-4f735466cecf":"f.244B6B55DE4F2A8C3CFC86491C19658C.d.6D494A34B777AB43EA012D8C3DD17848.e.17469"},"getText",[]]}
COMMAND: POST /session/04aee939af97850adaa3733c1af52842/execute/async - {"script":"<script> [1562 bytes]","args":[{"selector":{"id":"backBtn"},"wdio_ui5_key":"backBtn"}]}
RESULT: {"script":"<script> [1562 bytes]","args":[{"selector":{"id":"backBtn"},"wdio_ui5_key":"backBtn"}]}
RESULT: undefined
COMMAND: POST /session/04aee939af97850adaa3733c1af52842/element - {"using":"xpath","value":"//*[@id=\"backBtn\"]"}
RESULT: {"using":"xpath","value":"//*[@id=\"backBtn\"]"}
COMMAND: POST /session/04aee939af97850adaa3733c1af52842/element/f.244B6B55DE4F2A8C3CFC86491C19658C.d.6D494A34B777AB43EA012D8C3DD17848.e.17470/click - {}
RESULT: {}
COMMAND: GET /session/04aee939af97850adaa3733c1af52842/screenshot - {}
COMMAND: POST /session/04aee939af97850adaa3733c1af52842/execute/async - {"script":"<script> [1562 bytes]","args":[{"selector":{"controlType":"sap.m.Button","viewName":"etm.portal.ui.managehandovers.view.DetailExecuteHO","i18NText":{"propertyName":"text","key":"confirmAll"},"interaction":{"idSuffix":"BDI-content"}},"wdio_ui5_key":"etmportal.ui.managehandovers.view.DetailExecuteHOsap.m.Button{\"propertyName\":\"text\",\"key\":\"confirmAll\"}"}]}
RESULT: {}
RESULT: {"script":"<script> [1562 bytes]","args":[{"selector":{"controlType":"sap.m.Button","viewName":"etm.portal.ui.managehandovers.view.DetailExecuteHO","i18NText":{"propertyName":"text","key":"confirmAll"},"interaction":{"idSuffix":"BDI-content"}},"wdio_ui5_key":"etmportal.ui.managehandovers.view.DetailExecuteHOsap.m.Button{\"propertyName\":\"text\",\"key\":\"confirmAll\"}"}]}
RESULT: undefined
COMMAND: POST /session/04aee939af97850adaa3733c1af52842/element - {"using":"xpath","value":"//*[@id=\"__button81\"]"}
RESULT: {"using":"xpath","value":"//*[@id=\"__button81\"]"}
COMMAND: POST /session/04aee939af97850adaa3733c1af52842/element/f.244B6B55DE4F2A8C3CFC86491C19658C.d.6D494A34B777AB43EA012D8C3DD17848.e.17757/click - {}
RESULT: {}
COMMAND: GET /session/04aee939af97850adaa3733c1af52842/screenshot - {}
RESULT: {}
COMMAND: POST /session/04aee939af97850adaa3733c1af52842/execute/async - {"script":"<script> [1562 bytes]","args":[{"selector":{"controlType":"sap.m.Button","properties":{"text":"OK"},"searchOpenDialogs":true,"interaction":{"idSuffix":"inner"}},"wdio_ui5_key":"sapm.Button{\"text\":\"OK\"}"}]}
RESULT: {"script":"<script> [1562 bytes]","args":[{"selector":{"controlType":"sap.m.Button","properties":{"text":"OK"},"searchOpenDialogs":true,"interaction":{"idSuffix":"inner"}},"wdio_ui5_key":"sapm.Button{\"text\":\"OK\"}"}]}
RESULT: undefined
COMMAND: POST /session/04aee939af97850adaa3733c1af52842/element - {"using":"xpath","value":"//*[@id=\"__mbox-btn-0\"]"}
RESULT: {"using":"xpath","value":"//*[@id=\"__mbox-btn-0\"]"}
COMMAND: POST /session/04aee939af97850adaa3733c1af52842/element/f.244B6B55DE4F2A8C3CFC86491C19658C.d.6D494A34B777AB43EA012D8C3DD17848.e.17761/click - {}
RESULT: {}
COMMAND: GET /session/04aee939af97850adaa3733c1af52842/screenshot - {}
RESULT: {}
COMMAND: POST /session/04aee939af97850adaa3733c1af52842/element - {"using":"xpath","value":"//button[contains(@data-kt ,\"execHoIssueFooterButton\")]"}
RESULT: {"using":"xpath","value":"//button[contains(@data-kt ,\"execHoIssueFooterButton\")]"}
COMMAND: POST /session/04aee939af97850adaa3733c1af52842/element/f.244B6B55DE4F2A8C3CFC86491C19658C.d.6D494A34B777AB43EA012D8C3DD17848.e.17764/click - {}
RESULT: {}
COMMAND: GET /session/04aee939af97850adaa3733c1af52842/screenshot - {}
RESULT: {}
COMMAND: POST /session/04aee939af97850adaa3733c1af52842/refresh - {}
RESULT: {}
COMMAND: GET /session/04aee939af97850adaa3733c1af52842/screenshot - {}
RESULT: {}
COMMAND: POST /session/04aee939af97850adaa3733c1af52842/refresh - {}
RESULT: {}
COMMAND: GET /session/04aee939af97850adaa3733c1af52842/screenshot - {}
RESULT: {}
COMMAND: POST /session/04aee939af97850adaa3733c1af52842/window/fullscreen - {}
RESULT: {}
COMMAND: POST /session/04aee939af97850adaa3733c1af52842/execute/async - {"script":"<script> [189 bytes]","args":[]}
RESULT: {"script":"<script> [189 bytes]","args":[]}
COMMAND: POST /session/04aee939af97850adaa3733c1af52842/execute/async - {"script":"<script> [123 bytes]","args":[]}
RESULT: {"script":"<script> [123 bytes]","args":[]}
COMMAND: POST /session/04aee939af97850adaa3733c1af52842/timeouts - {"script":"<number>"}
RESULT: {"script":"<number>"}
COMMAND: GET /session/04aee939af97850adaa3733c1af52842/timeouts - {}
RESULT: {}
RESULT: undefined
COMMAND: POST /session/04aee939af97850adaa3733c1af52842/execute/async - {"script":"<script> [2676 bytes]","args":[]}
RESULT: {"script":"<script> [2676 bytes]","args":[]}
COMMAND: POST /session/04aee939af97850adaa3733c1af52842/execute/async - {"script":"<script> [2342 bytes]","args":[{"protocol":"http","hostname":"0.0.0.0","path":"/","capabilities":{"browserName":"chrome","goog:chromeOptions":{"binary":"C:\\Program Files\\Google\\Chrome\\Application\\chrome.exe","args":["--start-maximized"]}},"logLevel":"warn","connectionRetryTimeout":120000,"connectionRetryCount":3,"logLevels":{},"enableDirectConnect":true,"strictSSL":true,"_":"65 more keys: [\"cacheDir\",\"port\",\"requestedCapabilities\",\"automationProtocol\",\"baseUrl\",\"waitforInterval\",\"waitforTimeout\",\"onReload\",\"beforeCommand\",\"afterCommand\",\"rootDir\",\"specs\",\"suites\",\"exclude\",\"groupLogsByTestSpec\",\"excludeDriverLogs\",\"bail\",\"framework\",\"reporters\",\"services\",\"maxInstances\",\"maxInstancesPerCapability\",\"injectGlobals\",\"filesToWatch\",\"execArgv\",\"runnerEnv\",\"runner\",\"shard\",\"specFileRetries\",\"specFileRetriesDelay\",\"specFileRetriesDeferred\",\"reporterSyncInterval\",\"reporterSyncTimeout\",\"cucumberFeaturesWithLineNumbers\",\"autoCompileOpts\",\"mochaOpts\",\"jasmineOpts\",\"cucumberOpts\",\"onPrepare\",\"onWorkerStart\",\"onWorkerEnd\",\"before\",\"beforeSession\",\"beforeSuite\",\"beforeHook\",\"beforeTest\",\"afterTest\",\"afterHook\",\"afterSuite\",\"afterSession\",\"after\",\"onComplete\",\"beforeAssertion\",\"afterAssertion\",\"beforeFeature\",\"beforeScenario\",\"beforeStep\",\"afterStep\",\"afterScenario\",\"afterFeature\",\"_\",\"suite\",\"$0\",\"ignoredWorkerServices\",\"wdi5\"]"}]}
RESULT: {"script":"<script> [2342 bytes]","args":[{"protocol":"http","hostname":"0.0.0.0","path":"/","capabilities":{"browserName":"chrome","goog:chromeOptions":{"binary":"C:\\Program Files\\Google\\Chrome\\Application\\chrome.exe","args":["--start-maximized"]}},"logLevel":"warn","connectionRetryTimeout":120000,"connectionRetryCount":3,"logLevels":{},"enableDirectConnect":true,"strictSSL":true,"_":"65 more keys: [\"cacheDir\",\"port\",\"requestedCapabilities\",\"automationProtocol\",\"baseUrl\",\"waitforInterval\",\"waitforTimeout\",\"onReload\",\"beforeCommand\",\"afterCommand\",\"rootDir\",\"specs\",\"suites\",\"exclude\",\"groupLogsByTestSpec\",\"excludeDriverLogs\",\"bail\",\"framework\",\"reporters\",\"services\",\"maxInstances\",\"maxInstancesPerCapability\",\"injectGlobals\",\"filesToWatch\",\"execArgv\",\"runnerEnv\",\"runner\",\"shard\",\"specFileRetries\",\"specFileRetriesDelay\",\"specFileRetriesDeferred\",\"reporterSyncInterval\",\"reporterSyncTimeout\",\"cucumberFeaturesWithLineNumbers\",\"autoCompileOpts\",\"mochaOpts\",\"jasmineOpts\",\"cucumberOpts\",\"onPrepare\",\"onWorkerStart\",\"onWorkerEnd\",\"before\",\"beforeSession\",\"beforeSuite\",\"beforeHook\",\"beforeTest\",\"afterTest\",\"afterHook\",\"afterSuite\",\"afterSession\",\"after\",\"onComplete\",\"beforeAssertion\",\"afterAssertion\",\"beforeFeature\",\"beforeScenario\",\"beforeStep\",\"afterStep\",\"afterScenario\",\"afterFeature\",\"_\",\"suite\",\"$0\",\"ignoredWorkerServices\",\"wdi5\"]"}]}
COMMAND: POST /session/04aee939af97850adaa3733c1af52842/execute/async - {"script":"<script> [21126 bytes]","args":[35000]}
RESULT: {"script":"<script> [21126 bytes]","args":[35000]}
COMMAND: POST /session/04aee939af97850adaa3733c1af52842/execute/async - {"script":"<script> [1562 bytes]","args":[{"selector":{"controlType":"sap.m.SearchField","viewName":"etm.portal.ui.managehandovers.view.MasterHO","bindingPath":{"path":"","propertyPath":"/_BASIC_SEARCH_FIELD","modelName":"fi1t3rM0d31"},"interaction":{"idSuffix":"I"}},"wdio_ui5_key":"etmportal.ui.managehandovers.view.MasterHOsap.m.SearchField{\"path\":\"\",\"propertyPath\":\"/_BASIC_SEARCH_FIELD\",\"modelName\":\"fi1t3rM0d31\"}"}]}
RESULT: {"script":"<script> [1562 bytes]","args":[{"selector":{"controlType":"sap.m.SearchField","viewName":"etm.portal.ui.managehandovers.view.MasterHO","bindingPath":{"path":"","propertyPath":"/_BASIC_SEARCH_FIELD","modelName":"fi1t3rM0d31"},"interaction":{"idSuffix":"I"}},"wdio_ui5_key":"etmportal.ui.managehandovers.view.MasterHOsap.m.SearchField{\"path\":\"\",\"propertyPath\":\"/_BASIC_SEARCH_FIELD\",\"modelName\":\"fi1t3rM0d31\"}"}]}
RESULT: undefined
COMMAND: POST /session/04aee939af97850adaa3733c1af52842/execute/async - {"script":"<script> [776 bytes]","args":[{"enterText":"30611","selector":{"controlType":"sap.m.SearchField","viewName":"etm.portal.ui.managehandovers.view.MasterHO","bindingPath":{"path":"","propertyPath":"/_BASIC_SEARCH_FIELD","modelName":"fi1t3rM0d31"},"interaction":{"idSuffix":"I"}},"clearTextFirst":true,"interactionType":"ENTER_TEXT"}]}
RESULT: {"script":"<script> [776 bytes]","args":[{"enterText":"30611","selector":{"controlType":"sap.m.SearchField","viewName":"etm.portal.ui.managehandovers.view.MasterHO","bindingPath":{"path":"","propertyPath":"/_BASIC_SEARCH_FIELD","modelName":"fi1t3rM0d31"},"interaction":{"idSuffix":"I"}},"clearTextFirst":true,"interactionType":"ENTER_TEXT"}]}
COMMAND: POST /session/04aee939af97850adaa3733c1af52842/actions - {"actions":[{"id":"action84","type":"key","parameters":{},"actions":[{"type":"keyDown","value":"î€‡"},{"type":"pause","duration":10},{"type":"keyUp","value":"î€‡"}]}]}
RESULT: {"actions":[{"id":"action84","type":"key","parameters":{},"actions":[{"type":"keyDown","value":"î€‡"},{"type":"pause","duration":10},{"type":"keyUp","value":"î€‡"}]}]}
COMMAND: GET /session/04aee939af97850adaa3733c1af52842/screenshot - {}
RESULT: {}
COMMAND: POST /session/04aee939af97850adaa3733c1af52842/execute/async - {"script":"<script> [1562 bytes]","args":[{"selector":{"controlType":"sap.m.Title","viewName":"etm.portal.ui.managehandovers.view.MasterHO","properties":{"text":"Records (1)"}},"wdio_ui5_key":"etmportal.ui.managehandovers.view.MasterHOsap.m.Title{\"text\":\"Records (1)\"}"}]}
RESULT: {"script":"<script> [1562 bytes]","args":[{"selector":{"controlType":"sap.m.Title","viewName":"etm.portal.ui.managehandovers.view.MasterHO","properties":{"text":"Records (1)"}},"wdio_ui5_key":"etmportal.ui.managehandovers.view.MasterHOsap.m.Title{\"text\":\"Records (1)\"}"}]}
RESULT: undefined
COMMAND: POST /session/04aee939af97850adaa3733c1af52842/execute/async - {"script":"<script> [6424 bytes]","args":[{"element-6066-11e4-a52e-4f735466cecf":"f.244B6B55DE4F2A8C3CFC86491C19658C.d.1F1E3BC98771D447B7844337209FAFFB.e.17947"},"getText",[]]}
RESULT: {"script":"<script> [6424 bytes]","args":[{"element-6066-11e4-a52e-4f735466cecf":"f.244B6B55DE4F2A8C3CFC86491C19658C.d.1F1E3BC98771D447B7844337209FAFFB.e.17947"},"getText",[]]}
COMMAND: POST /session/04aee939af97850adaa3733c1af52842/execute/async - {"script":"<script> [1562 bytes]","args":[{"selector":{"controlType":"sap.ui.core.Icon","viewName":"etm.portal.ui.managehandovers.view.MasterHO","properties":{"src":{"regex":{"source":"slim\\-arrow\\-right"}}}},"wdio_ui5_key":"etmportal.ui.managehandovers.view.MasterHOsap.ui.core.Icon{\"src\":{\"regex\":{\"source\":\"slim\\\\-arrow\\\\-right\"}}}"}]}
RESULT: {"script":"<script> [1562 bytes]","args":[{"selector":{"controlType":"sap.ui.core.Icon","viewName":"etm.portal.ui.managehandovers.view.MasterHO","properties":{"src":{"regex":{"source":"slim\\-arrow\\-right"}}}},"wdio_ui5_key":"etmportal.ui.managehandovers.view.MasterHOsap.ui.core.Icon{\"src\":{\"regex\":{\"source\":\"slim\\\\-arrow\\\\-right\"}}}"}]}
RESULT: undefined
COMMAND: POST /session/04aee939af97850adaa3733c1af52842/element - {"using":"xpath","value":"//*[@id=\"__item27-__clone17-imgNav\"]"}
RESULT: {"using":"xpath","value":"//*[@id=\"__item27-__clone17-imgNav\"]"}
COMMAND: POST /session/04aee939af97850adaa3733c1af52842/element/f.244B6B55DE4F2A8C3CFC86491C19658C.d.1F1E3BC98771D447B7844337209FAFFB.e.17946/click - {}
RESULT: {}
COMMAND: GET /session/04aee939af97850adaa3733c1af52842/screenshot - {}
RESULT: {}
COMMAND: POST /session/04aee939af97850adaa3733c1af52842/execute/async - {"script":"<script> [1562 bytes]","args":[{"selector":{"controlType":"sap.m.ObjectStatus","viewName":"etm.portal.ui.managehandovers.view.DetailExecuteHO","labelFor":{"text":"Status"}},"wdio_ui5_key":"etmportal.ui.managehandovers.view.DetailExecuteHOsap.m.ObjectStatus{\"text\":\"Status\"}"}]}
RESULT: {"script":"<script> [1562 bytes]","args":[{"selector":{"controlType":"sap.m.ObjectStatus","viewName":"etm.portal.ui.managehandovers.view.DetailExecuteHO","labelFor":{"text":"Status"}},"wdio_ui5_key":"etmportal.ui.managehandovers.view.DetailExecuteHOsap.m.ObjectStatus{\"text\":\"Status\"}"}]}
RESULT: undefined
COMMAND: POST /session/04aee939af97850adaa3733c1af52842/execute/async - {"script":"<script> [6424 bytes]","args":[{"element-6066-11e4-a52e-4f735466cecf":"f.244B6B55DE4F2A8C3CFC86491C19658C.d.1F1E3BC98771D447B7844337209FAFFB.e.18036"},"getText",[]]}
RESULT: {"script":"<script> [6424 bytes]","args":[{"element-6066-11e4-a52e-4f735466cecf":"f.244B6B55DE4F2A8C3CFC86491C19658C.d.1F1E3BC98771D447B7844337209FAFFB.e.18036"},"getText",[]]}
COMMAND: POST /session/04aee939af97850adaa3733c1af52842/execute/async - {"script":"<script> [1562 bytes]","args":[{"selector":{"controlType":"sap.m.Button","viewName":"etm.portal.ui.managehandovers.view.DetailExecuteHO","i18NText":{"propertyName":"text","key":"confirmAll"},"interaction":{"idSuffix":"BDI-content"}},"wdio_ui5_key":"etmportal.ui.managehandovers.view.DetailExecuteHOsap.m.Button{\"propertyName\":\"text\",\"key\":\"confirmAll\"}"}]}
RESULT: {"script":"<script> [1562 bytes]","args":[{"selector":{"controlType":"sap.m.Button","viewName":"etm.portal.ui.managehandovers.view.DetailExecuteHO","i18NText":{"propertyName":"text","key":"confirmAll"},"interaction":{"idSuffix":"BDI-content"}},"wdio_ui5_key":"etmportal.ui.managehandovers.view.DetailExecuteHOsap.m.Button{\"propertyName\":\"text\",\"key\":\"confirmAll\"}"}]}
RESULT: undefined
COMMAND: POST /session/04aee939af97850adaa3733c1af52842/element - {"using":"xpath","value":"//*[@id=\"__button29\"]"}
RESULT: {"using":"xpath","value":"//*[@id=\"__button29\"]"}
COMMAND: POST /session/04aee939af97850adaa3733c1af52842/element/f.244B6B55DE4F2A8C3CFC86491C19658C.d.1F1E3BC98771D447B7844337209FAFFB.e.18039/click - {}
RESULT: {}
COMMAND: GET /session/04aee939af97850adaa3733c1af52842/screenshot - {}
RESULT: {}
COMMAND: POST /session/04aee939af97850adaa3733c1af52842/execute/async - {"script":"<script> [1562 bytes]","args":[{"selector":{"controlType":"sap.m.Button","properties":{"text":"OK"},"searchOpenDialogs":true,"interaction":{"idSuffix":"BDI-content"}},"wdio_ui5_key":"sapm.Button{\"text\":\"OK\"}"}]}
RESULT: {"script":"<script> [1562 bytes]","args":[{"selector":{"controlType":"sap.m.Button","properties":{"text":"OK"},"searchOpenDialogs":true,"interaction":{"idSuffix":"BDI-content"}},"wdio_ui5_key":"sapm.Button{\"text\":\"OK\"}"}]}
RESULT: undefined
COMMAND: POST /session/04aee939af97850adaa3733c1af52842/element - {"using":"xpath","value":"//*[@id=\"__mbox-btn-0\"]"}
RESULT: {"using":"xpath","value":"//*[@id=\"__mbox-btn-0\"]"}
COMMAND: POST /session/04aee939af97850adaa3733c1af52842/element/f.244B6B55DE4F2A8C3CFC86491C19658C.d.1F1E3BC98771D447B7844337209FAFFB.e.18040/click - {}
RESULT: {}
COMMAND: GET /session/04aee939af97850adaa3733c1af52842/screenshot - {}
RESULT: {}
COMMAND: POST /session/04aee939af97850adaa3733c1af52842/element - {"using":"xpath","value":"//button[contains(@data-kt ,\"execHoReceiveFooterButton\")]"}
RESULT: {"using":"xpath","value":"//button[contains(@data-kt ,\"execHoReceiveFooterButton\")]"}
COMMAND: POST /session/04aee939af97850adaa3733c1af52842/element/f.244B6B55DE4F2A8C3CFC86491C19658C.d.1F1E3BC98771D447B7844337209FAFFB.e.18002/click - {}
RESULT: {}
COMMAND: GET /session/04aee939af97850adaa3733c1af52842/screenshot - {}
RESULT: {}
COMMAND: POST /session/04aee939af97850adaa3733c1af52842/refresh - {}
RESULT: {}
COMMAND: GET /session/04aee939af97850adaa3733c1af52842/screenshot - {}
RESULT: {}
COMMAND: POST /session/04aee939af97850adaa3733c1af52842/refresh - {}
RESULT: {}
COMMAND: GET /session/04aee939af97850adaa3733c1af52842/screenshot - {}
RESULT: {}
COMMAND: POST /session/04aee939af97850adaa3733c1af52842/window/fullscreen - {}
RESULT: {}
COMMAND: POST /session/04aee939af97850adaa3733c1af52842/execute/async - {"script":"<script> [189 bytes]","args":[]}
RESULT: {"script":"<script> [189 bytes]","args":[]}
COMMAND: POST /session/04aee939af97850adaa3733c1af52842/execute/async - {"script":"<script> [123 bytes]","args":[]}
RESULT: {"script":"<script> [123 bytes]","args":[]}
COMMAND: POST /session/04aee939af97850adaa3733c1af52842/timeouts - {"script":"<number>"}
RESULT: {"script":"<number>"}
COMMAND: GET /session/04aee939af97850adaa3733c1af52842/timeouts - {}
RESULT: {}
RESULT: undefined
COMMAND: POST /session/04aee939af97850adaa3733c1af52842/execute/async - {"script":"<script> [2676 bytes]","args":[]}
RESULT: {"script":"<script> [2676 bytes]","args":[]}
COMMAND: POST /session/04aee939af97850adaa3733c1af52842/execute/async - {"script":"<script> [2342 bytes]","args":[{"protocol":"http","hostname":"0.0.0.0","path":"/","capabilities":{"browserName":"chrome","goog:chromeOptions":{"binary":"C:\\Program Files\\Google\\Chrome\\Application\\chrome.exe","args":["--start-maximized"]}},"logLevel":"warn","connectionRetryTimeout":120000,"connectionRetryCount":3,"logLevels":{},"enableDirectConnect":true,"strictSSL":true,"_":"65 more keys: [\"cacheDir\",\"port\",\"requestedCapabilities\",\"automationProtocol\",\"baseUrl\",\"waitforInterval\",\"waitforTimeout\",\"onReload\",\"beforeCommand\",\"afterCommand\",\"rootDir\",\"specs\",\"suites\",\"exclude\",\"groupLogsByTestSpec\",\"excludeDriverLogs\",\"bail\",\"framework\",\"reporters\",\"services\",\"maxInstances\",\"maxInstancesPerCapability\",\"injectGlobals\",\"filesToWatch\",\"execArgv\",\"runnerEnv\",\"runner\",\"shard\",\"specFileRetries\",\"specFileRetriesDelay\",\"specFileRetriesDeferred\",\"reporterSyncInterval\",\"reporterSyncTimeout\",\"cucumberFeaturesWithLineNumbers\",\"autoCompileOpts\",\"mochaOpts\",\"jasmineOpts\",\"cucumberOpts\",\"onPrepare\",\"onWorkerStart\",\"onWorkerEnd\",\"before\",\"beforeSession\",\"beforeSuite\",\"beforeHook\",\"beforeTest\",\"afterTest\",\"afterHook\",\"afterSuite\",\"afterSession\",\"after\",\"onComplete\",\"beforeAssertion\",\"afterAssertion\",\"beforeFeature\",\"beforeScenario\",\"beforeStep\",\"afterStep\",\"afterScenario\",\"afterFeature\",\"_\",\"suite\",\"$0\",\"ignoredWorkerServices\",\"wdi5\"]"}]}
RESULT: {"script":"<script> [2342 bytes]","args":[{"protocol":"http","hostname":"0.0.0.0","path":"/","capabilities":{"browserName":"chrome","goog:chromeOptions":{"binary":"C:\\Program Files\\Google\\Chrome\\Application\\chrome.exe","args":["--start-maximized"]}},"logLevel":"warn","connectionRetryTimeout":120000,"connectionRetryCount":3,"logLevels":{},"enableDirectConnect":true,"strictSSL":true,"_":"65 more keys: [\"cacheDir\",\"port\",\"requestedCapabilities\",\"automationProtocol\",\"baseUrl\",\"waitforInterval\",\"waitforTimeout\",\"onReload\",\"beforeCommand\",\"afterCommand\",\"rootDir\",\"specs\",\"suites\",\"exclude\",\"groupLogsByTestSpec\",\"excludeDriverLogs\",\"bail\",\"framework\",\"reporters\",\"services\",\"maxInstances\",\"maxInstancesPerCapability\",\"injectGlobals\",\"filesToWatch\",\"execArgv\",\"runnerEnv\",\"runner\",\"shard\",\"specFileRetries\",\"specFileRetriesDelay\",\"specFileRetriesDeferred\",\"reporterSyncInterval\",\"reporterSyncTimeout\",\"cucumberFeaturesWithLineNumbers\",\"autoCompileOpts\",\"mochaOpts\",\"jasmineOpts\",\"cucumberOpts\",\"onPrepare\",\"onWorkerStart\",\"onWorkerEnd\",\"before\",\"beforeSession\",\"beforeSuite\",\"beforeHook\",\"beforeTest\",\"afterTest\",\"afterHook\",\"afterSuite\",\"afterSession\",\"after\",\"onComplete\",\"beforeAssertion\",\"afterAssertion\",\"beforeFeature\",\"beforeScenario\",\"beforeStep\",\"afterStep\",\"afterScenario\",\"afterFeature\",\"_\",\"suite\",\"$0\",\"ignoredWorkerServices\",\"wdi5\"]"}]}
COMMAND: POST /session/04aee939af97850adaa3733c1af52842/execute/async - {"script":"<script> [21126 bytes]","args":[35000]}
RESULT: {"script":"<script> [21126 bytes]","args":[35000]}
COMMAND: POST /session/04aee939af97850adaa3733c1af52842/execute/async - {"script":"<script> [1562 bytes]","args":[{"selector":{"controlType":"sap.m.SearchField","viewName":"etm.portal.ui.managehandovers.view.MasterHO","bindingPath":{"path":"","propertyPath":"/_BASIC_SEARCH_FIELD","modelName":"fi1t3rM0d31"},"interaction":{"idSuffix":"I"}},"wdio_ui5_key":"etmportal.ui.managehandovers.view.MasterHOsap.m.SearchField{\"path\":\"\",\"propertyPath\":\"/_BASIC_SEARCH_FIELD\",\"modelName\":\"fi1t3rM0d31\"}"}]}
RESULT: {"script":"<script> [1562 bytes]","args":[{"selector":{"controlType":"sap.m.SearchField","viewName":"etm.portal.ui.managehandovers.view.MasterHO","bindingPath":{"path":"","propertyPath":"/_BASIC_SEARCH_FIELD","modelName":"fi1t3rM0d31"},"interaction":{"idSuffix":"I"}},"wdio_ui5_key":"etmportal.ui.managehandovers.view.MasterHOsap.m.SearchField{\"path\":\"\",\"propertyPath\":\"/_BASIC_SEARCH_FIELD\",\"modelName\":\"fi1t3rM0d31\"}"}]}
RESULT: undefined
COMMAND: POST /session/04aee939af97850adaa3733c1af52842/execute/async - {"script":"<script> [776 bytes]","args":[{"enterText":"30611","selector":{"controlType":"sap.m.SearchField","viewName":"etm.portal.ui.managehandovers.view.MasterHO","bindingPath":{"path":"","propertyPath":"/_BASIC_SEARCH_FIELD","modelName":"fi1t3rM0d31"},"interaction":{"idSuffix":"I"}},"clearTextFirst":true,"interactionType":"ENTER_TEXT"}]}
RESULT: {"script":"<script> [776 bytes]","args":[{"enterText":"30611","selector":{"controlType":"sap.m.SearchField","viewName":"etm.portal.ui.managehandovers.view.MasterHO","bindingPath":{"path":"","propertyPath":"/_BASIC_SEARCH_FIELD","modelName":"fi1t3rM0d31"},"interaction":{"idSuffix":"I"}},"clearTextFirst":true,"interactionType":"ENTER_TEXT"}]}
COMMAND: POST /session/04aee939af97850adaa3733c1af52842/actions - {"actions":[{"id":"action85","type":"key","parameters":{},"actions":[{"type":"keyDown","value":"î€‡"},{"type":"pause","duration":10},{"type":"keyUp","value":"î€‡"}]}]}
RESULT: {"actions":[{"id":"action85","type":"key","parameters":{},"actions":[{"type":"keyDown","value":"î€‡"},{"type":"pause","duration":10},{"type":"keyUp","value":"î€‡"}]}]}
COMMAND: GET /session/04aee939af97850adaa3733c1af52842/screenshot - {}
RESULT: {}
COMMAND: POST /session/04aee939af97850adaa3733c1af52842/execute/async - {"script":"<script> [1562 bytes]","args":[{"selector":{"controlType":"sap.m.Title","viewName":"etm.portal.ui.managehandovers.view.MasterHO","properties":{"text":"Records (1)"}},"wdio_ui5_key":"etmportal.ui.managehandovers.view.MasterHOsap.m.Title{\"text\":\"Records (1)\"}"}]}
RESULT: {"script":"<script> [1562 bytes]","args":[{"selector":{"controlType":"sap.m.Title","viewName":"etm.portal.ui.managehandovers.view.MasterHO","properties":{"text":"Records (1)"}},"wdio_ui5_key":"etmportal.ui.managehandovers.view.MasterHOsap.m.Title{\"text\":\"Records (1)\"}"}]}
RESULT: undefined
COMMAND: POST /session/04aee939af97850adaa3733c1af52842/execute/async - {"script":"<script> [6424 bytes]","args":[{"element-6066-11e4-a52e-4f735466cecf":"f.244B6B55DE4F2A8C3CFC86491C19658C.d.29064E6BDDA4E20E3C66E3F4FEE38BED.e.18209"},"getText",[]]}
RESULT: {"script":"<script> [6424 bytes]","args":[{"element-6066-11e4-a52e-4f735466cecf":"f.244B6B55DE4F2A8C3CFC86491C19658C.d.29064E6BDDA4E20E3C66E3F4FEE38BED.e.18209"},"getText",[]]}
COMMAND: POST /session/04aee939af97850adaa3733c1af52842/execute/async - {"script":"<script> [1562 bytes]","args":[{"selector":{"controlType":"sap.ui.core.Icon","viewName":"etm.portal.ui.managehandovers.view.MasterHO","properties":{"src":{"regex":{"source":"slim\\-arrow\\-right"}}}},"wdio_ui5_key":"etmportal.ui.managehandovers.view.MasterHOsap.ui.core.Icon{\"src\":{\"regex\":{\"source\":\"slim\\\\-arrow\\\\-right\"}}}"}]}
RESULT: {"script":"<script> [1562 bytes]","args":[{"selector":{"controlType":"sap.ui.core.Icon","viewName":"etm.portal.ui.managehandovers.view.MasterHO","properties":{"src":{"regex":{"source":"slim\\-arrow\\-right"}}}},"wdio_ui5_key":"etmportal.ui.managehandovers.view.MasterHOsap.ui.core.Icon{\"src\":{\"regex\":{\"source\":\"slim\\\\-arrow\\\\-right\"}}}"}]}
RESULT: undefined
COMMAND: POST /session/04aee939af97850adaa3733c1af52842/element - {"using":"xpath","value":"//*[@id=\"__item29-__clone17-imgNav\"]"}
RESULT: {"using":"xpath","value":"//*[@id=\"__item29-__clone17-imgNav\"]"}
COMMAND: POST /session/04aee939af97850adaa3733c1af52842/element/f.244B6B55DE4F2A8C3CFC86491C19658C.d.29064E6BDDA4E20E3C66E3F4FEE38BED.e.18208/click - {}
RESULT: {}
COMMAND: GET /session/04aee939af97850adaa3733c1af52842/screenshot - {}
RESULT: {}
COMMAND: POST /session/04aee939af97850adaa3733c1af52842/execute/async - {"script":"<script> [1562 bytes]","args":[{"selector":{"controlType":"sap.m.ObjectStatus","viewName":"etm.portal.ui.managehandovers.view.DetailManageHO","viewId":"application-managehandovers-display-component---detailManageHO","labelFor":{"text":"Status"}},"wdio_ui5_key":"etmportal.ui.managehandovers.view.DetailManageHOsap.m.ObjectStatus{\"text\":\"Status\"}"}]}
RESULT: {"script":"<script> [1562 bytes]","args":[{"selector":{"controlType":"sap.m.ObjectStatus","viewName":"etm.portal.ui.managehandovers.view.DetailManageHO","viewId":"application-managehandovers-display-component---detailManageHO","labelFor":{"text":"Status"}},"wdio_ui5_key":"etmportal.ui.managehandovers.view.DetailManageHOsap.m.ObjectStatus{\"text\":\"Status\"}"}]}
RESULT: undefined
COMMAND: POST /session/04aee939af97850adaa3733c1af52842/execute/async - {"script":"<script> [6424 bytes]","args":[{"element-6066-11e4-a52e-4f735466cecf":"f.244B6B55DE4F2A8C3CFC86491C19658C.d.29064E6BDDA4E20E3C66E3F4FEE38BED.e.18296"},"getText",[]]}
RESULT: {"script":"<script> [6424 bytes]","args":[{"element-6066-11e4-a52e-4f735466cecf":"f.244B6B55DE4F2A8C3CFC86491C19658C.d.29064E6BDDA4E20E3C66E3F4FEE38BED.e.18296"},"getText",[]]}
COMMAND: POST /session/04aee939af97850adaa3733c1af52842/element - {"using":"xpath","value":"//a[contains(@data-kt ,\"GeneralSectionReceiveContracttLink\")]"}
RESULT: {"using":"xpath","value":"//a[contains(@data-kt ,\"GeneralSectionReceiveContracttLink\")]"}
COMMAND: POST /session/04aee939af97850adaa3733c1af52842/element/f.244B6B55DE4F2A8C3CFC86491C19658C.d.29064E6BDDA4E20E3C66E3F4FEE38BED.e.18297/click - {}
RESULT: {}
COMMAND: GET /session/04aee939af97850adaa3733c1af52842/screenshot - {}
RESULT: {}
COMMAND: POST /session/04aee939af97850adaa3733c1af52842/element - {"using":"xpath","value":"//a[contains(@data-kt ,\"ContextMenuId2Link\")]"}
RESULT: {"using":"xpath","value":"//a[contains(@data-kt ,\"ContextMenuId2Link\")]"}
COMMAND: POST /session/04aee939af97850adaa3733c1af52842/element/f.244B6B55DE4F2A8C3CFC86491C19658C.d.29064E6BDDA4E20E3C66E3F4FEE38BED.e.18300/click - {}
RESULT: {}
COMMAND: GET /session/04aee939af97850adaa3733c1af52842/screenshot - {}
RESULT: {}
COMMAND: POST /session/04aee939af97850adaa3733c1af52842/execute/async - {"script":"<script> [1562 bytes]","args":[{"selector":{"controlType":"sap.m.ObjectStatus","viewName":"etm.portal.ui.managecontracts.view.Detail","bindingPath":{"propertyPath":"LINK_TO_LOGISTICAL_STATUS/DESCRIPTION","modelName":"catalogModel"}},"wdio_ui5_key":"etmportal.ui.managecontracts.view.Detailsap.m.ObjectStatus{\"propertyPath\":\"LINK_TO_LOGISTICAL_STATUS/DESCRIPTION\",\"modelName\":\"catalogModel\"}"}]}
RESULT: {"script":"<script> [1562 bytes]","args":[{"selector":{"controlType":"sap.m.ObjectStatus","viewName":"etm.portal.ui.managecontracts.view.Detail","bindingPath":{"propertyPath":"LINK_TO_LOGISTICAL_STATUS/DESCRIPTION","modelName":"catalogModel"}},"wdio_ui5_key":"etmportal.ui.managecontracts.view.Detailsap.m.ObjectStatus{\"propertyPath\":\"LINK_TO_LOGISTICAL_STATUS/DESCRIPTION\",\"modelName\":\"catalogModel\"}"}]}
RESULT: undefined
COMMAND: POST /session/04aee939af97850adaa3733c1af52842/execute/async - {"script":"<script> [6424 bytes]","args":[{"element-6066-11e4-a52e-4f735466cecf":"f.244B6B55DE4F2A8C3CFC86491C19658C.d.29064E6BDDA4E20E3C66E3F4FEE38BED.e.18536"},"getText",[]]}
RESULT: {"script":"<script> [6424 bytes]","args":[{"element-6066-11e4-a52e-4f735466cecf":"f.244B6B55DE4F2A8C3CFC86491C19658C.d.29064E6BDDA4E20E3C66E3F4FEE38BED.e.18536"},"getText",[]]}
COMMAND: POST /session/04aee939af97850adaa3733c1af52842/execute/async - {"script":"<script> [1562 bytes]","args":[{"selector":{"controlType":"sap.m.ObjectStatus","viewName":"etm.portal.ui.managecontracts.view.Detail","bindingPath":{"propertyPath":"LINK_TO_COMMERCIAL_STATUS/DESCRIPTION","modelName":"catalogModel"}},"wdio_ui5_key":"etmportal.ui.managecontracts.view.Detailsap.m.ObjectStatus{\"propertyPath\":\"LINK_TO_COMMERCIAL_STATUS/DESCRIPTION\",\"modelName\":\"catalogModel\"}"}]}
RESULT: {"script":"<script> [1562 bytes]","args":[{"selector":{"controlType":"sap.m.ObjectStatus","viewName":"etm.portal.ui.managecontracts.view.Detail","bindingPath":{"propertyPath":"LINK_TO_COMMERCIAL_STATUS/DESCRIPTION","modelName":"catalogModel"}},"wdio_ui5_key":"etmportal.ui.managecontracts.view.Detailsap.m.ObjectStatus{\"propertyPath\":\"LINK_TO_COMMERCIAL_STATUS/DESCRIPTION\",\"modelName\":\"catalogModel\"}"}]}
RESULT: undefined
COMMAND: POST /session/04aee939af97850adaa3733c1af52842/execute/async - {"script":"<script> [6424 bytes]","args":[{"element-6066-11e4-a52e-4f735466cecf":"f.244B6B55DE4F2A8C3CFC86491C19658C.d.29064E6BDDA4E20E3C66E3F4FEE38BED.e.18537"},"getText",[]]}
RESULT: {"script":"<script> [6424 bytes]","args":[{"element-6066-11e4-a52e-4f735466cecf":"f.244B6B55DE4F2A8C3CFC86491C19658C.d.29064E6BDDA4E20E3C66E3F4FEE38BED.e.18537"},"getText",[]]}
]]></system-out>
    </testcase>
  </testsuite>
</testsuites>