<?xml version="1.0" encoding="UTF-8"?>
<testsuites tests="21" failures="0" errors="0" skipped="0">
  <testsuite timestamp="2025-05-18T16:56:50" time="379.348" tests="3" failures="0" errors="0" skipped="0">
    <properties>
      <property name="specId" value="0" />
      <property name="suiteName" value="Create condition pricing US117289 US134625" />
      <property name="capabilities" value="chrome.136_0_7103_93.windows" />
      <property name="file" value="file:///D:/a/1/s/test/specs/BTS/create-condition-pricing.spec.js" />
    </properties>
    <testcase classname="chrome.136_0_7103_93.windows.Create_condition_pricing_US117289_US134625" name="Should create a new yard used for all following tests" time="129.256">
      <system-out><![CDATA[
COMMAND: POST /session/060cacbffd4401a8364377c341db2bd1/window/fullscreen - {}
RESULT: {}
COMMAND: POST /session/060cacbffd4401a8364377c341db2bd1/execute/async - {"script":"<script> [1562 bytes]","args":[{"selector":{"controlType":"sap.m.GenericTile","properties":{"header":"Manage Yards"}},"wdio_ui5_key":"sapm.GenericTile{\"header\":\"Manage Yards\"}"}]}
RESULT: {"script":"<script> [1562 bytes]","args":[{"selector":{"controlType":"sap.m.GenericTile","properties":{"header":"Manage Yards"}},"wdio_ui5_key":"sapm.GenericTile{\"header\":\"Manage Yards\"}"}]}
RESULT: undefined
COMMAND: POST /session/060cacbffd4401a8364377c341db2bd1/element - {"using":"xpath","value":"//*[@id=\"__tile41\"]"}
RESULT: {"using":"xpath","value":"//*[@id=\"__tile41\"]"}
COMMAND: POST /session/060cacbffd4401a8364377c341db2bd1/element/f.137111DC309FACC23B5F67A3B3455007.d.1DA6A49864D9E17CC1FA42768F7F7FF3.e.163/click - {}
RESULT: {}
COMMAND: GET /session/060cacbffd4401a8364377c341db2bd1/screenshot - {}
RESULT: {}
COMMAND: POST /session/060cacbffd4401a8364377c341db2bd1/elements - {"using":"xpath","value":"//span[text()='Error']"}
RESULT: {"using":"xpath","value":"//span[text()='Error']"}
COMMAND: POST /session/060cacbffd4401a8364377c341db2bd1/element - {"using":"xpath","value":"//button[@data-kt=\"addNewYardOverflowToolbarButton\"]"}
RESULT: {"using":"xpath","value":"//button[@data-kt=\"addNewYardOverflowToolbarButton\"]"}
COMMAND: POST /session/060cacbffd4401a8364377c341db2bd1/elements - {"using":"xpath","value":"//button[@data-kt=\"addNewYardOverflowToolbarButton\"]"}
RESULT: {"using":"xpath","value":"//button[@data-kt=\"addNewYardOverflowToolbarButton\"]"}
COMMAND: POST /session/060cacbffd4401a8364377c341db2bd1/elements - {"using":"xpath","value":"//button[@data-kt=\"addNewYardOverflowToolbarButton\"]"}
RESULT: {"using":"xpath","value":"//button[@data-kt=\"addNewYardOverflowToolbarButton\"]"}
COMMAND: POST /session/060cacbffd4401a8364377c341db2bd1/elements - {"using":"xpath","value":"//button[@data-kt=\"addNewYardOverflowToolbarButton\"]"}
RESULT: {"using":"xpath","value":"//button[@data-kt=\"addNewYardOverflowToolbarButton\"]"}
COMMAND: POST /session/060cacbffd4401a8364377c341db2bd1/elements - {"using":"xpath","value":"//button[@data-kt=\"addNewYardOverflowToolbarButton\"]"}
RESULT: {"using":"xpath","value":"//button[@data-kt=\"addNewYardOverflowToolbarButton\"]"}
COMMAND: POST /session/060cacbffd4401a8364377c341db2bd1/elements - {"using":"xpath","value":"//button[@data-kt=\"addNewYardOverflowToolbarButton\"]"}
RESULT: {"using":"xpath","value":"//button[@data-kt=\"addNewYardOverflowToolbarButton\"]"}
COMMAND: POST /session/060cacbffd4401a8364377c341db2bd1/elements - {"using":"xpath","value":"//button[@data-kt=\"addNewYardOverflowToolbarButton\"]"}
RESULT: {"using":"xpath","value":"//button[@data-kt=\"addNewYardOverflowToolbarButton\"]"}
COMMAND: POST /session/060cacbffd4401a8364377c341db2bd1/elements - {"using":"xpath","value":"//button[@data-kt=\"addNewYardOverflowToolbarButton\"]"}
RESULT: {"using":"xpath","value":"//button[@data-kt=\"addNewYardOverflowToolbarButton\"]"}
COMMAND: POST /session/060cacbffd4401a8364377c341db2bd1/elements - {"using":"xpath","value":"//button[@data-kt=\"addNewYardOverflowToolbarButton\"]"}
RESULT: {"using":"xpath","value":"//button[@data-kt=\"addNewYardOverflowToolbarButton\"]"}
COMMAND: POST /session/060cacbffd4401a8364377c341db2bd1/elements - {"using":"xpath","value":"//button[@data-kt=\"addNewYardOverflowToolbarButton\"]"}
RESULT: {"using":"xpath","value":"//button[@data-kt=\"addNewYardOverflowToolbarButton\"]"}
COMMAND: POST /session/060cacbffd4401a8364377c341db2bd1/elements - {"using":"xpath","value":"//button[@data-kt=\"addNewYardOverflowToolbarButton\"]"}
RESULT: {"using":"xpath","value":"//button[@data-kt=\"addNewYardOverflowToolbarButton\"]"}
COMMAND: POST /session/060cacbffd4401a8364377c341db2bd1/elements - {"using":"xpath","value":"//button[@data-kt=\"addNewYardOverflowToolbarButton\"]"}
RESULT: {"using":"xpath","value":"//button[@data-kt=\"addNewYardOverflowToolbarButton\"]"}
COMMAND: POST /session/060cacbffd4401a8364377c341db2bd1/elements - {"using":"xpath","value":"//button[@data-kt=\"addNewYardOverflowToolbarButton\"]"}
RESULT: {"using":"xpath","value":"//button[@data-kt=\"addNewYardOverflowToolbarButton\"]"}
COMMAND: POST /session/060cacbffd4401a8364377c341db2bd1/element - {"using":"xpath","value":"//button[@data-kt=\"addNewYardOverflowToolbarButton\"]"}
RESULT: {"using":"xpath","value":"//button[@data-kt=\"addNewYardOverflowToolbarButton\"]"}
COMMAND: POST /session/060cacbffd4401a8364377c341db2bd1/execute/sync - {"script":"<script> [8489 bytes]","args":[{"element-6066-11e4-a52e-4f735466cecf":"f.137111DC309FACC23B5F67A3B3455007.d.1DA6A49864D9E17CC1FA42768F7F7FF3.e.303","ELEMENT":"f.137111DC309FACC23B5F67A3B3455007.d.1DA6A49864D9E17CC1FA42768F7F7FF3.e.303"}]}
RESULT: {"script":"<script> [8489 bytes]","args":[{"element-6066-11e4-a52e-4f735466cecf":"f.137111DC309FACC23B5F67A3B3455007.d.1DA6A49864D9E17CC1FA42768F7F7FF3.e.303","ELEMENT":"f.137111DC309FACC23B5F67A3B3455007.d.1DA6A49864D9E17CC1FA42768F7F7FF3.e.303"}]}
COMMAND: GET /session/060cacbffd4401a8364377c341db2bd1/element/f.137111DC309FACC23B5F67A3B3455007.d.1DA6A49864D9E17CC1FA42768F7F7FF3.e.303/enabled - {}
COMMAND: GET /session/060cacbffd4401a8364377c341db2bd1/screenshot - {}
RESULT: {}
COMMAND: POST /session/060cacbffd4401a8364377c341db2bd1/execute/sync - {"script":"<script> [8489 bytes]","args":[{"element-6066-11e4-a52e-4f735466cecf":"f.137111DC309FACC23B5F67A3B3455007.d.1DA6A49864D9E17CC1FA42768F7F7FF3.e.303","ELEMENT":"f.137111DC309FACC23B5F67A3B3455007.d.1DA6A49864D9E17CC1FA42768F7F7FF3.e.303"}]}
COMMAND: GET /session/060cacbffd4401a8364377c341db2bd1/screenshot - {}
RESULT: {}
RESULT: {"script":"<script> [8489 bytes]","args":[{"element-6066-11e4-a52e-4f735466cecf":"f.137111DC309FACC23B5F67A3B3455007.d.1DA6A49864D9E17CC1FA42768F7F7FF3.e.303","ELEMENT":"f.137111DC309FACC23B5F67A3B3455007.d.1DA6A49864D9E17CC1FA42768F7F7FF3.e.303"}]}
COMMAND: POST /session/060cacbffd4401a8364377c341db2bd1/execute/sync - {"script":"<script> [5351 bytes]","args":[{"element-6066-11e4-a52e-4f735466cecf":"f.137111DC309FACC23B5F67A3B3455007.d.1DA6A49864D9E17CC1FA42768F7F7FF3.e.303","ELEMENT":"f.137111DC309FACC23B5F67A3B3455007.d.1DA6A49864D9E17CC1FA42768F7F7FF3.e.303"}]}
COMMAND: GET /session/060cacbffd4401a8364377c341db2bd1/screenshot - {}
RESULT: {}
RESULT: {"script":"<script> [5351 bytes]","args":[{"element-6066-11e4-a52e-4f735466cecf":"f.137111DC309FACC23B5F67A3B3455007.d.1DA6A49864D9E17CC1FA42768F7F7FF3.e.303","ELEMENT":"f.137111DC309FACC23B5F67A3B3455007.d.1DA6A49864D9E17CC1FA42768F7F7FF3.e.303"}]}
COMMAND: POST /session/060cacbffd4401a8364377c341db2bd1/element/f.137111DC309FACC23B5F67A3B3455007.d.1DA6A49864D9E17CC1FA42768F7F7FF3.e.303/click - {}
COMMAND: GET /session/060cacbffd4401a8364377c341db2bd1/screenshot - {}
RESULT: {}
RESULT: {}
COMMAND: GET /session/060cacbffd4401a8364377c341db2bd1/screenshot - {}
RESULT: {}
RESULT: {}
COMMAND: POST /session/060cacbffd4401a8364377c341db2bd1/element - {"using":"xpath","value":"//input[@id=\"application-manageyards-display-component---NewYard--yardId-inner\"]"}
RESULT: {"using":"xpath","value":"//input[@id=\"application-manageyards-display-component---NewYard--yardId-inner\"]"}
COMMAND: POST /session/060cacbffd4401a8364377c341db2bd1/element - {"using":"xpath","value":"//input[@id=\"application-manageyards-display-component---NewYard--yardId-inner\"]"}
RESULT: {"using":"xpath","value":"//input[@id=\"application-manageyards-display-component---NewYard--yardId-inner\"]"}
COMMAND: POST /session/060cacbffd4401a8364377c341db2bd1/execute/async - {"script":"<script> [1562 bytes]","args":[{"selector":{"id":"application-manageyards-display-component---NewYard--addressDetailDetailsName1","interaction":{"idSuffix":"inner"}},"wdio_ui5_key":"applicationmanageyards-display-component---NewYard--addressDetailDetailsName1"}]}
RESULT: {"script":"<script> [1562 bytes]","args":[{"selector":{"id":"application-manageyards-display-component---NewYard--addressDetailDetailsName1","interaction":{"idSuffix":"inner"}},"wdio_ui5_key":"applicationmanageyards-display-component---NewYard--addressDetailDetailsName1"}]}
RESULT: undefined
COMMAND: POST /session/060cacbffd4401a8364377c341db2bd1/execute/async - {"script":"<script> [776 bytes]","args":[{"enterText":"DailyPrice WDIO","selector":{"id":"application-manageyards-display-component---NewYard--addressDetailDetailsName1","interaction":{"idSuffix":"inner"}},"clearTextFirst":true,"interactionType":"ENTER_TEXT"}]}
RESULT: {"script":"<script> [776 bytes]","args":[{"enterText":"DailyPrice WDIO","selector":{"id":"application-manageyards-display-component---NewYard--addressDetailDetailsName1","interaction":{"idSuffix":"inner"}},"clearTextFirst":true,"interactionType":"ENTER_TEXT"}]}
COMMAND: POST /session/060cacbffd4401a8364377c341db2bd1/execute/async - {"script":"<script> [1562 bytes]","args":[{"selector":{"id":"application-manageyards-display-component---NewYard--addressDetailDetailsLanguage-arrow"},"wdio_ui5_key":"applicationmanageyards-display-component---NewYard--addressDetailDetailsLanguage-arrow"}]}
RESULT: {"script":"<script> [1562 bytes]","args":[{"selector":{"id":"application-manageyards-display-component---NewYard--addressDetailDetailsLanguage-arrow"},"wdio_ui5_key":"applicationmanageyards-display-component---NewYard--addressDetailDetailsLanguage-arrow"}]}
RESULT: undefined
COMMAND: POST /session/060cacbffd4401a8364377c341db2bd1/element - {"using":"xpath","value":"//*[@id=\"application-manageyards-display-component---NewYard--addressDetailDetailsLanguage-arrow\"]"}
RESULT: {"using":"xpath","value":"//*[@id=\"application-manageyards-display-component---NewYard--addressDetailDetailsLanguage-arrow\"]"}
COMMAND: POST /session/060cacbffd4401a8364377c341db2bd1/element/f.137111DC309FACC23B5F67A3B3455007.d.1DA6A49864D9E17CC1FA42768F7F7FF3.e.733/click - {}
RESULT: {}
COMMAND: POST /session/060cacbffd4401a8364377c341db2bd1/element - {"using":"xpath","value":"//span[contains(text(), \"English\")]"}
COMMAND: GET /session/060cacbffd4401a8364377c341db2bd1/screenshot - {}
RESULT: {"using":"xpath","value":"//span[contains(text(), \"English\")]"}
COMMAND: POST /session/060cacbffd4401a8364377c341db2bd1/element/f.137111DC309FACC23B5F67A3B3455007.d.1DA6A49864D9E17CC1FA42768F7F7FF3.e.734/click - {}
RESULT: {}
RESULT: {}
COMMAND: POST /session/060cacbffd4401a8364377c341db2bd1/execute/async - {"script":"<script> [1562 bytes]","args":[{"selector":{"id":"application-manageyards-display-component---NewYard--addressDetailDetailsCity1","interaction":{"idSuffix":"inner"}},"wdio_ui5_key":"applicationmanageyards-display-component---NewYard--addressDetailDetailsCity1"}]}
COMMAND: GET /session/060cacbffd4401a8364377c341db2bd1/screenshot - {}
RESULT: {"script":"<script> [1562 bytes]","args":[{"selector":{"id":"application-manageyards-display-component---NewYard--addressDetailDetailsCity1","interaction":{"idSuffix":"inner"}},"wdio_ui5_key":"applicationmanageyards-display-component---NewYard--addressDetailDetailsCity1"}]}
RESULT: undefined
COMMAND: POST /session/060cacbffd4401a8364377c341db2bd1/execute/async - {"script":"<script> [776 bytes]","args":[{"enterText":"Rosario","selector":{"id":"application-manageyards-display-component---NewYard--addressDetailDetailsCity1","interaction":{"idSuffix":"inner"}},"clearTextFirst":true,"interactionType":"ENTER_TEXT"}]}
RESULT: {}
RESULT: {"script":"<script> [776 bytes]","args":[{"enterText":"Rosario","selector":{"id":"application-manageyards-display-component---NewYard--addressDetailDetailsCity1","interaction":{"idSuffix":"inner"}},"clearTextFirst":true,"interactionType":"ENTER_TEXT"}]}
COMMAND: POST /session/060cacbffd4401a8364377c341db2bd1/execute/async - {"script":"<script> [1562 bytes]","args":[{"selector":{"id":"application-manageyards-display-component---NewYard--addressDetailDetailsCountry-arrow"},"wdio_ui5_key":"applicationmanageyards-display-component---NewYard--addressDetailDetailsCountry-arrow"}]}
RESULT: {"script":"<script> [1562 bytes]","args":[{"selector":{"id":"application-manageyards-display-component---NewYard--addressDetailDetailsCountry-arrow"},"wdio_ui5_key":"applicationmanageyards-display-component---NewYard--addressDetailDetailsCountry-arrow"}]}
RESULT: undefined
COMMAND: POST /session/060cacbffd4401a8364377c341db2bd1/element - {"using":"xpath","value":"//*[@id=\"application-manageyards-display-component---NewYard--addressDetailDetailsCountry-arrow\"]"}
RESULT: {"using":"xpath","value":"//*[@id=\"application-manageyards-display-component---NewYard--addressDetailDetailsCountry-arrow\"]"}
COMMAND: POST /session/060cacbffd4401a8364377c341db2bd1/element/f.137111DC309FACC23B5F67A3B3455007.d.1DA6A49864D9E17CC1FA42768F7F7FF3.e.736/click - {}
RESULT: {}
COMMAND: POST /session/060cacbffd4401a8364377c341db2bd1/element - {"using":"xpath","value":"//span[contains(text(), \"Argentina\")]"}
COMMAND: GET /session/060cacbffd4401a8364377c341db2bd1/screenshot - {}
RESULT: {"using":"xpath","value":"//span[contains(text(), \"Argentina\")]"}
COMMAND: POST /session/060cacbffd4401a8364377c341db2bd1/element/f.137111DC309FACC23B5F67A3B3455007.d.1DA6A49864D9E17CC1FA42768F7F7FF3.e.737/click - {}
RESULT: {}
RESULT: {}
COMMAND: POST /session/060cacbffd4401a8364377c341db2bd1/execute/async - {"script":"<script> [1562 bytes]","args":[{"selector":{"id":"application-manageyards-display-component---NewYard--addressEditDetailsCostObjectCstType-arrow"},"wdio_ui5_key":"applicationmanageyards-display-component---NewYard--addressEditDetailsCostObjectCstType-arrow"}]}
COMMAND: GET /session/060cacbffd4401a8364377c341db2bd1/screenshot - {}
RESULT: {"script":"<script> [1562 bytes]","args":[{"selector":{"id":"application-manageyards-display-component---NewYard--addressEditDetailsCostObjectCstType-arrow"},"wdio_ui5_key":"applicationmanageyards-display-component---NewYard--addressEditDetailsCostObjectCstType-arrow"}]}
RESULT: undefined
COMMAND: POST /session/060cacbffd4401a8364377c341db2bd1/element - {"using":"xpath","value":"//*[@id=\"application-manageyards-display-component---NewYard--addressEditDetailsCostObjectCstType-arrow\"]"}
RESULT: {}
RESULT: {"using":"xpath","value":"//*[@id=\"application-manageyards-display-component---NewYard--addressEditDetailsCostObjectCstType-arrow\"]"}
COMMAND: POST /session/060cacbffd4401a8364377c341db2bd1/element/f.137111DC309FACC23B5F67A3B3455007.d.1DA6A49864D9E17CC1FA42768F7F7FF3.e.739/click - {}
RESULT: {}
COMMAND: POST /session/060cacbffd4401a8364377c341db2bd1/element - {"using":"xpath","value":"//span[contains(text(), \"Cost Center\")]"}
COMMAND: GET /session/060cacbffd4401a8364377c341db2bd1/screenshot - {}
RESULT: {"using":"xpath","value":"//span[contains(text(), \"Cost Center\")]"}
COMMAND: POST /session/060cacbffd4401a8364377c341db2bd1/element/f.137111DC309FACC23B5F67A3B3455007.d.1DA6A49864D9E17CC1FA42768F7F7FF3.e.740/click - {}
RESULT: {}
RESULT: {}
COMMAND: GET /session/060cacbffd4401a8364377c341db2bd1/screenshot - {}
RESULT: {}
COMMAND: POST /session/060cacbffd4401a8364377c341db2bd1/element - {"using":"xpath","value":"//span[@id=\"application-manageyards-display-component---NewYard--addressNewCostObjectCstID-vhi\"]"}
RESULT: {"using":"xpath","value":"//span[@id=\"application-manageyards-display-component---NewYard--addressNewCostObjectCstID-vhi\"]"}
COMMAND: POST /session/060cacbffd4401a8364377c341db2bd1/execute/sync - {"script":"<script> [8489 bytes]","args":[{"element-6066-11e4-a52e-4f735466cecf":"f.137111DC309FACC23B5F67A3B3455007.d.1DA6A49864D9E17CC1FA42768F7F7FF3.e.744","ELEMENT":"f.137111DC309FACC23B5F67A3B3455007.d.1DA6A49864D9E17CC1FA42768F7F7FF3.e.744"}]}
RESULT: {"script":"<script> [8489 bytes]","args":[{"element-6066-11e4-a52e-4f735466cecf":"f.137111DC309FACC23B5F67A3B3455007.d.1DA6A49864D9E17CC1FA42768F7F7FF3.e.744","ELEMENT":"f.137111DC309FACC23B5F67A3B3455007.d.1DA6A49864D9E17CC1FA42768F7F7FF3.e.744"}]}
COMMAND: POST /session/060cacbffd4401a8364377c341db2bd1/execute/async - {"script":"<script> [1562 bytes]","args":[{"selector":{"id":"application-manageyards-display-component---NewYard--addressNewCostObjectCstID-vhi"},"wdio_ui5_key":"applicationmanageyards-display-component---NewYard--addressNewCostObjectCstID-vhi"}]}
COMMAND: GET /session/060cacbffd4401a8364377c341db2bd1/screenshot - {}
RESULT: {"script":"<script> [1562 bytes]","args":[{"selector":{"id":"application-manageyards-display-component---NewYard--addressNewCostObjectCstID-vhi"},"wdio_ui5_key":"applicationmanageyards-display-component---NewYard--addressNewCostObjectCstID-vhi"}]}
RESULT: undefined
COMMAND: POST /session/060cacbffd4401a8364377c341db2bd1/element - {"using":"xpath","value":"//*[@id=\"application-manageyards-display-component---NewYard--addressNewCostObjectCstID-vhi\"]"}
RESULT: {}
RESULT: {"using":"xpath","value":"//*[@id=\"application-manageyards-display-component---NewYard--addressNewCostObjectCstID-vhi\"]"}
COMMAND: POST /session/060cacbffd4401a8364377c341db2bd1/element/f.137111DC309FACC23B5F67A3B3455007.d.1DA6A49864D9E17CC1FA42768F7F7FF3.e.744/click - {}
RESULT: {}
COMMAND: GET /session/060cacbffd4401a8364377c341db2bd1/screenshot - {}
RESULT: {}
COMMAND: POST /session/060cacbffd4401a8364377c341db2bd1/execute/async - {"script":"<script> [1562 bytes]","args":[{"selector":{"controlType":"sap.m.SearchField","properties":{"placeholder":"Search"},"searchOpenDialogs":true,"interaction":{"idSuffix":"I"}},"wdio_ui5_key":"sapm.SearchField{\"placeholder\":\"Search\"}"}]}
RESULT: {"script":"<script> [1562 bytes]","args":[{"selector":{"controlType":"sap.m.SearchField","properties":{"placeholder":"Search"},"searchOpenDialogs":true,"interaction":{"idSuffix":"I"}},"wdio_ui5_key":"sapm.SearchField{\"placeholder\":\"Search\"}"}]}
RESULT: undefined
COMMAND: POST /session/060cacbffd4401a8364377c341db2bd1/execute/async - {"script":"<script> [776 bytes]","args":[{"enterText":"bauh_b","selector":{"controlType":"sap.m.SearchField","properties":{"placeholder":"Search"},"searchOpenDialogs":true,"interaction":{"idSuffix":"I"}},"clearTextFirst":true,"interactionType":"ENTER_TEXT"}]}
RESULT: {"script":"<script> [776 bytes]","args":[{"enterText":"bauh_b","selector":{"controlType":"sap.m.SearchField","properties":{"placeholder":"Search"},"searchOpenDialogs":true,"interaction":{"idSuffix":"I"}},"clearTextFirst":true,"interactionType":"ENTER_TEXT"}]}
COMMAND: POST /session/060cacbffd4401a8364377c341db2bd1/actions - {"actions":[{"id":"action1","type":"key","parameters":{},"actions":[{"type":"keyDown","value":"î€‡"},{"type":"pause","duration":10},{"type":"keyUp","value":"î€‡"}]}]}
RESULT: {"actions":[{"id":"action1","type":"key","parameters":{},"actions":[{"type":"keyDown","value":"î€‡"},{"type":"pause","duration":10},{"type":"keyUp","value":"î€‡"}]}]}
COMMAND: GET /session/060cacbffd4401a8364377c341db2bd1/screenshot - {}
RESULT: {}
COMMAND: POST /session/060cacbffd4401a8364377c341db2bd1/element - {"using":"xpath","value":"//span[contains(text(), \"Demo Yard\")]"}
RESULT: {"using":"xpath","value":"//span[contains(text(), \"Demo Yard\")]"}
COMMAND: POST /session/060cacbffd4401a8364377c341db2bd1/element/f.137111DC309FACC23B5F67A3B3455007.d.1DA6A49864D9E17CC1FA42768F7F7FF3.e.784/click - {}
RESULT: {}
COMMAND: GET /session/060cacbffd4401a8364377c341db2bd1/screenshot - {}
RESULT: {}
COMMAND: POST /session/060cacbffd4401a8364377c341db2bd1/element - {"using":"xpath","value":"//bdi[contains(text(), \"OK\")]"}
RESULT: {"using":"xpath","value":"//bdi[contains(text(), \"OK\")]"}
COMMAND: POST /session/060cacbffd4401a8364377c341db2bd1/element/f.137111DC309FACC23B5F67A3B3455007.d.1DA6A49864D9E17CC1FA42768F7F7FF3.e.785/click - {}
RESULT: {}
COMMAND: GET /session/060cacbffd4401a8364377c341db2bd1/screenshot - {}
RESULT: {}
COMMAND: POST /session/060cacbffd4401a8364377c341db2bd1/execute/async - {"script":"<script> [1562 bytes]","args":[{"selector":{"id":"application-manageyards-display-component---NewYard--addressEditDetailsCurrency-arrow"},"wdio_ui5_key":"applicationmanageyards-display-component---NewYard--addressEditDetailsCurrency-arrow"}]}
RESULT: {"script":"<script> [1562 bytes]","args":[{"selector":{"id":"application-manageyards-display-component---NewYard--addressEditDetailsCurrency-arrow"},"wdio_ui5_key":"applicationmanageyards-display-component---NewYard--addressEditDetailsCurrency-arrow"}]}
RESULT: undefined
COMMAND: POST /session/060cacbffd4401a8364377c341db2bd1/element - {"using":"xpath","value":"//*[@id=\"application-manageyards-display-component---NewYard--addressEditDetailsCurrency-arrow\"]"}
RESULT: {"using":"xpath","value":"//*[@id=\"application-manageyards-display-component---NewYard--addressEditDetailsCurrency-arrow\"]"}
COMMAND: POST /session/060cacbffd4401a8364377c341db2bd1/element/f.137111DC309FACC23B5F67A3B3455007.d.1DA6A49864D9E17CC1FA42768F7F7FF3.e.788/click - {}
RESULT: {}
COMMAND: POST /session/060cacbffd4401a8364377c341db2bd1/element - {"using":"xpath","value":"//span[contains(text(), \"Euro\")]"}
COMMAND: GET /session/060cacbffd4401a8364377c341db2bd1/screenshot - {}
RESULT: {"using":"xpath","value":"//span[contains(text(), \"Euro\")]"}
COMMAND: POST /session/060cacbffd4401a8364377c341db2bd1/element/f.137111DC309FACC23B5F67A3B3455007.d.1DA6A49864D9E17CC1FA42768F7F7FF3.e.789/click - {}
RESULT: {}
RESULT: {}
COMMAND: POST /session/060cacbffd4401a8364377c341db2bd1/execute/async - {"script":"<script> [1562 bytes]","args":[{"selector":{"controlType":"sap.m.Input","viewName":"etm.portal.ui.manageyards.view.New","viewId":"application-manageyards-display-component---NewYard","bindingPath":{"path":"","propertyPath":"/CONTROLLING_AREA","modelName":"NewYardModel"},"interaction":{"idSuffix":"inner"}},"wdio_ui5_key":"etmportal.ui.manageyards.view.Newsap.m.Input{\"path\":\"\",\"propertyPath\":\"/CONTROLLING_AREA\",\"modelName\":\"NewYardModel\"}"}]}
COMMAND: GET /session/060cacbffd4401a8364377c341db2bd1/screenshot - {}
RESULT: {"script":"<script> [1562 bytes]","args":[{"selector":{"controlType":"sap.m.Input","viewName":"etm.portal.ui.manageyards.view.New","viewId":"application-manageyards-display-component---NewYard","bindingPath":{"path":"","propertyPath":"/CONTROLLING_AREA","modelName":"NewYardModel"},"interaction":{"idSuffix":"inner"}},"wdio_ui5_key":"etmportal.ui.manageyards.view.Newsap.m.Input{\"path\":\"\",\"propertyPath\":\"/CONTROLLING_AREA\",\"modelName\":\"NewYardModel\"}"}]}
RESULT: undefined
COMMAND: POST /session/060cacbffd4401a8364377c341db2bd1/execute/async - {"script":"<script> [776 bytes]","args":[{"enterText":"Z001","selector":{"controlType":"sap.m.Input","viewName":"etm.portal.ui.manageyards.view.New","viewId":"application-manageyards-display-component---NewYard","bindingPath":{"path":"","propertyPath":"/CONTROLLING_AREA","modelName":"NewYardModel"},"interaction":{"idSuffix":"inner"}},"clearTextFirst":true,"interactionType":"ENTER_TEXT"}]}
RESULT: {}
RESULT: {"script":"<script> [776 bytes]","args":[{"enterText":"Z001","selector":{"controlType":"sap.m.Input","viewName":"etm.portal.ui.manageyards.view.New","viewId":"application-manageyards-display-component---NewYard","bindingPath":{"path":"","propertyPath":"/CONTROLLING_AREA","modelName":"NewYardModel"},"interaction":{"idSuffix":"inner"}},"clearTextFirst":true,"interactionType":"ENTER_TEXT"}]}
COMMAND: POST /session/060cacbffd4401a8364377c341db2bd1/execute/async - {"script":"<script> [1562 bytes]","args":[{"selector":{"id":"application-manageyards-display-component---NewYard--companyCodeComboBox","interaction":{"idSuffix":"inner"}},"wdio_ui5_key":"applicationmanageyards-display-component---NewYard--companyCodeComboBox"}]}
RESULT: {"script":"<script> [1562 bytes]","args":[{"selector":{"id":"application-manageyards-display-component---NewYard--companyCodeComboBox","interaction":{"idSuffix":"inner"}},"wdio_ui5_key":"applicationmanageyards-display-component---NewYard--companyCodeComboBox"}]}
RESULT: undefined
COMMAND: POST /session/060cacbffd4401a8364377c341db2bd1/execute/async - {"script":"<script> [776 bytes]","args":[{"enterText":"1000","selector":{"id":"application-manageyards-display-component---NewYard--companyCodeComboBox","interaction":{"idSuffix":"inner"}},"clearTextFirst":true,"interactionType":"ENTER_TEXT"}]}
RESULT: {"script":"<script> [776 bytes]","args":[{"enterText":"1000","selector":{"id":"application-manageyards-display-component---NewYard--companyCodeComboBox","interaction":{"idSuffix":"inner"}},"clearTextFirst":true,"interactionType":"ENTER_TEXT"}]}
COMMAND: POST /session/060cacbffd4401a8364377c341db2bd1/execute/async - {"script":"<script> [1562 bytes]","args":[{"selector":{"controlType":"sap.m.Input","viewName":"etm.portal.ui.manageyards.view.New","viewId":"application-manageyards-display-component---NewYard","bindingPath":{"path":"","propertyPath":"/PLANT","modelName":"NewYardModel"},"interaction":{"idSuffix":"inner"}},"wdio_ui5_key":"etmportal.ui.manageyards.view.Newsap.m.Input{\"path\":\"\",\"propertyPath\":\"/PLANT\",\"modelName\":\"NewYardModel\"}"}]}
RESULT: {"script":"<script> [1562 bytes]","args":[{"selector":{"controlType":"sap.m.Input","viewName":"etm.portal.ui.manageyards.view.New","viewId":"application-manageyards-display-component---NewYard","bindingPath":{"path":"","propertyPath":"/PLANT","modelName":"NewYardModel"},"interaction":{"idSuffix":"inner"}},"wdio_ui5_key":"etmportal.ui.manageyards.view.Newsap.m.Input{\"path\":\"\",\"propertyPath\":\"/PLANT\",\"modelName\":\"NewYardModel\"}"}]}
RESULT: undefined
COMMAND: POST /session/060cacbffd4401a8364377c341db2bd1/execute/async - {"script":"<script> [776 bytes]","args":[{"enterText":"1001","selector":{"controlType":"sap.m.Input","viewName":"etm.portal.ui.manageyards.view.New","viewId":"application-manageyards-display-component---NewYard","bindingPath":{"path":"","propertyPath":"/PLANT","modelName":"NewYardModel"},"interaction":{"idSuffix":"inner"}},"clearTextFirst":true,"interactionType":"ENTER_TEXT"}]}
RESULT: {"script":"<script> [776 bytes]","args":[{"enterText":"1001","selector":{"controlType":"sap.m.Input","viewName":"etm.portal.ui.manageyards.view.New","viewId":"application-manageyards-display-component---NewYard","bindingPath":{"path":"","propertyPath":"/PLANT","modelName":"NewYardModel"},"interaction":{"idSuffix":"inner"}},"clearTextFirst":true,"interactionType":"ENTER_TEXT"}]}
COMMAND: POST /session/060cacbffd4401a8364377c341db2bd1/execute/async - {"script":"<script> [1562 bytes]","args":[{"selector":{"controlType":"sap.m.Input","viewName":"etm.portal.ui.manageyards.view.New","viewId":"application-manageyards-display-component---NewYard","bindingPath":{"path":"","propertyPath":"/SALES_AREA_VKORG","modelName":"NewYardModel"},"interaction":{"idSuffix":"inner"}},"wdio_ui5_key":"etmportal.ui.manageyards.view.Newsap.m.Input{\"path\":\"\",\"propertyPath\":\"/SALES_AREA_VKORG\",\"modelName\":\"NewYardModel\"}"}]}
RESULT: {"script":"<script> [1562 bytes]","args":[{"selector":{"controlType":"sap.m.Input","viewName":"etm.portal.ui.manageyards.view.New","viewId":"application-manageyards-display-component---NewYard","bindingPath":{"path":"","propertyPath":"/SALES_AREA_VKORG","modelName":"NewYardModel"},"interaction":{"idSuffix":"inner"}},"wdio_ui5_key":"etmportal.ui.manageyards.view.Newsap.m.Input{\"path\":\"\",\"propertyPath\":\"/SALES_AREA_VKORG\",\"modelName\":\"NewYardModel\"}"}]}
RESULT: undefined
COMMAND: POST /session/060cacbffd4401a8364377c341db2bd1/execute/async - {"script":"<script> [776 bytes]","args":[{"enterText":"C002","selector":{"controlType":"sap.m.Input","viewName":"etm.portal.ui.manageyards.view.New","viewId":"application-manageyards-display-component---NewYard","bindingPath":{"path":"","propertyPath":"/SALES_AREA_VKORG","modelName":"NewYardModel"},"interaction":{"idSuffix":"inner"}},"clearTextFirst":true,"interactionType":"ENTER_TEXT"}]}
RESULT: {"script":"<script> [776 bytes]","args":[{"enterText":"C002","selector":{"controlType":"sap.m.Input","viewName":"etm.portal.ui.manageyards.view.New","viewId":"application-manageyards-display-component---NewYard","bindingPath":{"path":"","propertyPath":"/SALES_AREA_VKORG","modelName":"NewYardModel"},"interaction":{"idSuffix":"inner"}},"clearTextFirst":true,"interactionType":"ENTER_TEXT"}]}
COMMAND: POST /session/060cacbffd4401a8364377c341db2bd1/execute/async - {"script":"<script> [1562 bytes]","args":[{"selector":{"controlType":"sap.m.Input","viewName":"etm.portal.ui.manageyards.view.New","viewId":"application-manageyards-display-component---NewYard","bindingPath":{"path":"","propertyPath":"/SALES_AREA_VTWEG","modelName":"NewYardModel"},"interaction":{"idSuffix":"inner"}},"wdio_ui5_key":"etmportal.ui.manageyards.view.Newsap.m.Input{\"path\":\"\",\"propertyPath\":\"/SALES_AREA_VTWEG\",\"modelName\":\"NewYardModel\"}"}]}
RESULT: {"script":"<script> [1562 bytes]","args":[{"selector":{"controlType":"sap.m.Input","viewName":"etm.portal.ui.manageyards.view.New","viewId":"application-manageyards-display-component---NewYard","bindingPath":{"path":"","propertyPath":"/SALES_AREA_VTWEG","modelName":"NewYardModel"},"interaction":{"idSuffix":"inner"}},"wdio_ui5_key":"etmportal.ui.manageyards.view.Newsap.m.Input{\"path\":\"\",\"propertyPath\":\"/SALES_AREA_VTWEG\",\"modelName\":\"NewYardModel\"}"}]}
RESULT: undefined
COMMAND: POST /session/060cacbffd4401a8364377c341db2bd1/execute/async - {"script":"<script> [776 bytes]","args":[{"enterText":"C2","selector":{"controlType":"sap.m.Input","viewName":"etm.portal.ui.manageyards.view.New","viewId":"application-manageyards-display-component---NewYard","bindingPath":{"path":"","propertyPath":"/SALES_AREA_VTWEG","modelName":"NewYardModel"},"interaction":{"idSuffix":"inner"}},"clearTextFirst":true,"interactionType":"ENTER_TEXT"}]}
RESULT: {"script":"<script> [776 bytes]","args":[{"enterText":"C2","selector":{"controlType":"sap.m.Input","viewName":"etm.portal.ui.manageyards.view.New","viewId":"application-manageyards-display-component---NewYard","bindingPath":{"path":"","propertyPath":"/SALES_AREA_VTWEG","modelName":"NewYardModel"},"interaction":{"idSuffix":"inner"}},"clearTextFirst":true,"interactionType":"ENTER_TEXT"}]}
COMMAND: POST /session/060cacbffd4401a8364377c341db2bd1/execute/async - {"script":"<script> [1562 bytes]","args":[{"selector":{"controlType":"sap.m.Input","viewName":"etm.portal.ui.manageyards.view.New","viewId":"application-manageyards-display-component---NewYard","bindingPath":{"path":"","propertyPath":"/SALES_AREA_SPART","modelName":"NewYardModel"},"interaction":{"idSuffix":"inner"}},"wdio_ui5_key":"etmportal.ui.manageyards.view.Newsap.m.Input{\"path\":\"\",\"propertyPath\":\"/SALES_AREA_SPART\",\"modelName\":\"NewYardModel\"}"}]}
RESULT: {"script":"<script> [1562 bytes]","args":[{"selector":{"controlType":"sap.m.Input","viewName":"etm.portal.ui.manageyards.view.New","viewId":"application-manageyards-display-component---NewYard","bindingPath":{"path":"","propertyPath":"/SALES_AREA_SPART","modelName":"NewYardModel"},"interaction":{"idSuffix":"inner"}},"wdio_ui5_key":"etmportal.ui.manageyards.view.Newsap.m.Input{\"path\":\"\",\"propertyPath\":\"/SALES_AREA_SPART\",\"modelName\":\"NewYardModel\"}"}]}
RESULT: undefined
COMMAND: POST /session/060cacbffd4401a8364377c341db2bd1/execute/async - {"script":"<script> [776 bytes]","args":[{"enterText":"C2","selector":{"controlType":"sap.m.Input","viewName":"etm.portal.ui.manageyards.view.New","viewId":"application-manageyards-display-component---NewYard","bindingPath":{"path":"","propertyPath":"/SALES_AREA_SPART","modelName":"NewYardModel"},"interaction":{"idSuffix":"inner"}},"clearTextFirst":true,"interactionType":"ENTER_TEXT"}]}
RESULT: {"script":"<script> [776 bytes]","args":[{"enterText":"C2","selector":{"controlType":"sap.m.Input","viewName":"etm.portal.ui.manageyards.view.New","viewId":"application-manageyards-display-component---NewYard","bindingPath":{"path":"","propertyPath":"/SALES_AREA_SPART","modelName":"NewYardModel"},"interaction":{"idSuffix":"inner"}},"clearTextFirst":true,"interactionType":"ENTER_TEXT"}]}
COMMAND: POST /session/060cacbffd4401a8364377c341db2bd1/execute/async - {"script":"<script> [1562 bytes]","args":[{"selector":{"controlType":"sap.m.Input","viewName":"etm.portal.ui.manageyards.view.New","viewId":"application-manageyards-display-component---NewYard","bindingPath":{"path":"","propertyPath":"/SHIP_POINT","modelName":"NewYardModel"},"interaction":{"idSuffix":"inner"}},"wdio_ui5_key":"etmportal.ui.manageyards.view.Newsap.m.Input{\"path\":\"\",\"propertyPath\":\"/SHIP_POINT\",\"modelName\":\"NewYardModel\"}"}]}
RESULT: {"script":"<script> [1562 bytes]","args":[{"selector":{"controlType":"sap.m.Input","viewName":"etm.portal.ui.manageyards.view.New","viewId":"application-manageyards-display-component---NewYard","bindingPath":{"path":"","propertyPath":"/SHIP_POINT","modelName":"NewYardModel"},"interaction":{"idSuffix":"inner"}},"wdio_ui5_key":"etmportal.ui.manageyards.view.Newsap.m.Input{\"path\":\"\",\"propertyPath\":\"/SHIP_POINT\",\"modelName\":\"NewYardModel\"}"}]}
RESULT: undefined
COMMAND: POST /session/060cacbffd4401a8364377c341db2bd1/execute/async - {"script":"<script> [776 bytes]","args":[{"enterText":"1710","selector":{"controlType":"sap.m.Input","viewName":"etm.portal.ui.manageyards.view.New","viewId":"application-manageyards-display-component---NewYard","bindingPath":{"path":"","propertyPath":"/SHIP_POINT","modelName":"NewYardModel"},"interaction":{"idSuffix":"inner"}},"clearTextFirst":true,"interactionType":"ENTER_TEXT"}]}
RESULT: {"script":"<script> [776 bytes]","args":[{"enterText":"1710","selector":{"controlType":"sap.m.Input","viewName":"etm.portal.ui.manageyards.view.New","viewId":"application-manageyards-display-component---NewYard","bindingPath":{"path":"","propertyPath":"/SHIP_POINT","modelName":"NewYardModel"},"interaction":{"idSuffix":"inner"}},"clearTextFirst":true,"interactionType":"ENTER_TEXT"}]}
COMMAND: POST /session/060cacbffd4401a8364377c341db2bd1/execute/async - {"script":"<script> [1562 bytes]","args":[{"selector":{"controlType":"sap.m.Input","viewName":"etm.portal.ui.manageyards.view.New","viewId":"application-manageyards-display-component---NewYard","bindingPath":{"path":"","propertyPath":"/DELIVERY_TYPE","modelName":"NewYardModel"},"interaction":{"idSuffix":"inner"}},"wdio_ui5_key":"etmportal.ui.manageyards.view.Newsap.m.Input{\"path\":\"\",\"propertyPath\":\"/DELIVERY_TYPE\",\"modelName\":\"NewYardModel\"}"}]}
RESULT: {"script":"<script> [1562 bytes]","args":[{"selector":{"controlType":"sap.m.Input","viewName":"etm.portal.ui.manageyards.view.New","viewId":"application-manageyards-display-component---NewYard","bindingPath":{"path":"","propertyPath":"/DELIVERY_TYPE","modelName":"NewYardModel"},"interaction":{"idSuffix":"inner"}},"wdio_ui5_key":"etmportal.ui.manageyards.view.Newsap.m.Input{\"path\":\"\",\"propertyPath\":\"/DELIVERY_TYPE\",\"modelName\":\"NewYardModel\"}"}]}
RESULT: undefined
COMMAND: POST /session/060cacbffd4401a8364377c341db2bd1/execute/async - {"script":"<script> [776 bytes]","args":[{"enterText":"ZL01","selector":{"controlType":"sap.m.Input","viewName":"etm.portal.ui.manageyards.view.New","viewId":"application-manageyards-display-component---NewYard","bindingPath":{"path":"","propertyPath":"/DELIVERY_TYPE","modelName":"NewYardModel"},"interaction":{"idSuffix":"inner"}},"clearTextFirst":true,"interactionType":"ENTER_TEXT"}]}
RESULT: {"script":"<script> [776 bytes]","args":[{"enterText":"ZL01","selector":{"controlType":"sap.m.Input","viewName":"etm.portal.ui.manageyards.view.New","viewId":"application-manageyards-display-component---NewYard","bindingPath":{"path":"","propertyPath":"/DELIVERY_TYPE","modelName":"NewYardModel"},"interaction":{"idSuffix":"inner"}},"clearTextFirst":true,"interactionType":"ENTER_TEXT"}]}
COMMAND: POST /session/060cacbffd4401a8364377c341db2bd1/execute/async - {"script":"<script> [1562 bytes]","args":[{"selector":{"controlType":"sap.m.Input","viewName":"etm.portal.ui.manageyards.view.New","viewId":"application-manageyards-display-component---NewYard","bindingPath":{"path":"","propertyPath":"/AUART","modelName":"NewYardModel"},"interaction":{"idSuffix":"inner"}},"wdio_ui5_key":"etmportal.ui.manageyards.view.Newsap.m.Input{\"path\":\"\",\"propertyPath\":\"/AUART\",\"modelName\":\"NewYardModel\"}"}]}
RESULT: {"script":"<script> [1562 bytes]","args":[{"selector":{"controlType":"sap.m.Input","viewName":"etm.portal.ui.manageyards.view.New","viewId":"application-manageyards-display-component---NewYard","bindingPath":{"path":"","propertyPath":"/AUART","modelName":"NewYardModel"},"interaction":{"idSuffix":"inner"}},"wdio_ui5_key":"etmportal.ui.manageyards.view.Newsap.m.Input{\"path\":\"\",\"propertyPath\":\"/AUART\",\"modelName\":\"NewYardModel\"}"}]}
RESULT: undefined
COMMAND: POST /session/060cacbffd4401a8364377c341db2bd1/execute/async - {"script":"<script> [776 bytes]","args":[{"enterText":"TA","selector":{"controlType":"sap.m.Input","viewName":"etm.portal.ui.manageyards.view.New","viewId":"application-manageyards-display-component---NewYard","bindingPath":{"path":"","propertyPath":"/AUART","modelName":"NewYardModel"},"interaction":{"idSuffix":"inner"}},"clearTextFirst":true,"interactionType":"ENTER_TEXT"}]}
RESULT: {"script":"<script> [776 bytes]","args":[{"enterText":"TA","selector":{"controlType":"sap.m.Input","viewName":"etm.portal.ui.manageyards.view.New","viewId":"application-manageyards-display-component---NewYard","bindingPath":{"path":"","propertyPath":"/AUART","modelName":"NewYardModel"},"interaction":{"idSuffix":"inner"}},"clearTextFirst":true,"interactionType":"ENTER_TEXT"}]}
COMMAND: POST /session/060cacbffd4401a8364377c341db2bd1/element - {"using":"xpath","value":"//button[@data-kt=\"newYardSaveButton\"]"}
RESULT: {"using":"xpath","value":"//button[@data-kt=\"newYardSaveButton\"]"}
COMMAND: POST /session/060cacbffd4401a8364377c341db2bd1/element/f.137111DC309FACC23B5F67A3B3455007.d.1DA6A49864D9E17CC1FA42768F7F7FF3.e.698/click - {}
RESULT: {}
COMMAND: GET /session/060cacbffd4401a8364377c341db2bd1/screenshot - {}
RESULT: {}
COMMAND: POST /session/060cacbffd4401a8364377c341db2bd1/element - {"using":"xpath","value":"//header[contains(@id, 'ObjectPageLayout-headerTitle')]/div[1]/div[2]/div[1]/span[1]"}
RESULT: {"using":"xpath","value":"//header[contains(@id, 'ObjectPageLayout-headerTitle')]/div[1]/div[2]/div[1]/span[1]"}
COMMAND: POST /session/060cacbffd4401a8364377c341db2bd1/elements - {"using":"xpath","value":"//header[contains(@id, 'ObjectPageLayout-headerTitle')]/div[1]/div[2]/div[1]/span[1]"}
RESULT: {"using":"xpath","value":"//header[contains(@id, 'ObjectPageLayout-headerTitle')]/div[1]/div[2]/div[1]/span[1]"}
COMMAND: POST /session/060cacbffd4401a8364377c341db2bd1/execute/sync - {"script":"<script> [56 bytes]","args":[{"element-6066-11e4-a52e-4f735466cecf":"f.137111DC309FACC23B5F67A3B3455007.d.1DA6A49864D9E17CC1FA42768F7F7FF3.e.1015","ELEMENT":"f.137111DC309FACC23B5F67A3B3455007.d.1DA6A49864D9E17CC1FA42768F7F7FF3.e.1015"}]}
RESULT: {"script":"<script> [56 bytes]","args":[{"element-6066-11e4-a52e-4f735466cecf":"f.137111DC309FACC23B5F67A3B3455007.d.1DA6A49864D9E17CC1FA42768F7F7FF3.e.1015","ELEMENT":"f.137111DC309FACC23B5F67A3B3455007.d.1DA6A49864D9E17CC1FA42768F7F7FF3.e.1015"}]}
COMMAND: GET /session/060cacbffd4401a8364377c341db2bd1/screenshot - {}
RESULT: {}
COMMAND: POST /session/060cacbffd4401a8364377c341db2bd1/element - {"using":"css selector","value":"#shell-header-logo"}
RESULT: {"using":"css selector","value":"#shell-header-logo"}
COMMAND: POST /session/060cacbffd4401a8364377c341db2bd1/element/f.137111DC309FACC23B5F67A3B3455007.d.1DA6A49864D9E17CC1FA42768F7F7FF3.e.136/click - {}
RESULT: {}
COMMAND: GET /session/060cacbffd4401a8364377c341db2bd1/screenshot - {}
RESULT: {}
COMMAND: POST /session/060cacbffd4401a8364377c341db2bd1/execute/sync - {"script":"<script> [299 bytes]","args":[["getModel","getResource"]]}
RESULT: {"script":"<script> [299 bytes]","args":[["getModel","getResource"]]}
]]></system-out>
    </testcase>
    <testcase classname="chrome.136_0_7103_93.windows.Create_condition_pricing_US117289_US134625" name="Should create a new equipment used for all following tests" time="134.885">
      <system-out><![CDATA[
COMMAND: POST /session/060cacbffd4401a8364377c341db2bd1/execute/async - {"script":"<script> [1562 bytes]","args":[{"selector":{"controlType":"sap.m.GenericTile","properties":{"header":"Manage Resources"}},"wdio_ui5_key":"sapm.GenericTile{\"header\":\"Manage Resources\"}"}]}
COMMAND: GET /session/060cacbffd4401a8364377c341db2bd1/screenshot - {}
RESULT: {}
RESULT: {"script":"<script> [1562 bytes]","args":[{"selector":{"controlType":"sap.m.GenericTile","properties":{"header":"Manage Resources"}},"wdio_ui5_key":"sapm.GenericTile{\"header\":\"Manage Resources\"}"}]}
RESULT: undefined
COMMAND: POST /session/060cacbffd4401a8364377c341db2bd1/element - {"using":"xpath","value":"//*[@id=\"__tile39\"]"}
RESULT: {"using":"xpath","value":"//*[@id=\"__tile39\"]"}
COMMAND: POST /session/060cacbffd4401a8364377c341db2bd1/element/f.137111DC309FACC23B5F67A3B3455007.d.1DA6A49864D9E17CC1FA42768F7F7FF3.e.142/click - {}
RESULT: {}
COMMAND: GET /session/060cacbffd4401a8364377c341db2bd1/screenshot - {}
RESULT: {}
COMMAND: POST /session/060cacbffd4401a8364377c341db2bd1/elements - {"using":"xpath","value":"//span[text()='Error']"}
RESULT: {"using":"xpath","value":"//span[text()='Error']"}
COMMAND: POST /session/060cacbffd4401a8364377c341db2bd1/element - {"using":"xpath","value":"//button[@data-kt=\"addNewRUOverflowToolbarButton\"]"}
RESULT: {"using":"xpath","value":"//button[@data-kt=\"addNewRUOverflowToolbarButton\"]"}
COMMAND: POST /session/060cacbffd4401a8364377c341db2bd1/elements - {"using":"xpath","value":"//button[@data-kt=\"addNewRUOverflowToolbarButton\"]"}
RESULT: {"using":"xpath","value":"//button[@data-kt=\"addNewRUOverflowToolbarButton\"]"}
COMMAND: POST /session/060cacbffd4401a8364377c341db2bd1/execute/sync - {"script":"<script> [8489 bytes]","args":[{"element-6066-11e4-a52e-4f735466cecf":"f.137111DC309FACC23B5F67A3B3455007.d.1DA6A49864D9E17CC1FA42768F7F7FF3.e.1047","ELEMENT":"f.137111DC309FACC23B5F67A3B3455007.d.1DA6A49864D9E17CC1FA42768F7F7FF3.e.1047"}]}
RESULT: {"script":"<script> [8489 bytes]","args":[{"element-6066-11e4-a52e-4f735466cecf":"f.137111DC309FACC23B5F67A3B3455007.d.1DA6A49864D9E17CC1FA42768F7F7FF3.e.1047","ELEMENT":"f.137111DC309FACC23B5F67A3B3455007.d.1DA6A49864D9E17CC1FA42768F7F7FF3.e.1047"}]}
COMMAND: GET /session/060cacbffd4401a8364377c341db2bd1/element/f.137111DC309FACC23B5F67A3B3455007.d.1DA6A49864D9E17CC1FA42768F7F7FF3.e.1047/enabled - {}
COMMAND: GET /session/060cacbffd4401a8364377c341db2bd1/screenshot - {}
RESULT: {}
COMMAND: POST /session/060cacbffd4401a8364377c341db2bd1/execute/sync - {"script":"<script> [8489 bytes]","args":[{"element-6066-11e4-a52e-4f735466cecf":"f.137111DC309FACC23B5F67A3B3455007.d.1DA6A49864D9E17CC1FA42768F7F7FF3.e.1047","ELEMENT":"f.137111DC309FACC23B5F67A3B3455007.d.1DA6A49864D9E17CC1FA42768F7F7FF3.e.1047"}]}
COMMAND: GET /session/060cacbffd4401a8364377c341db2bd1/screenshot - {}
RESULT: {}
RESULT: {"script":"<script> [8489 bytes]","args":[{"element-6066-11e4-a52e-4f735466cecf":"f.137111DC309FACC23B5F67A3B3455007.d.1DA6A49864D9E17CC1FA42768F7F7FF3.e.1047","ELEMENT":"f.137111DC309FACC23B5F67A3B3455007.d.1DA6A49864D9E17CC1FA42768F7F7FF3.e.1047"}]}
COMMAND: POST /session/060cacbffd4401a8364377c341db2bd1/execute/sync - {"script":"<script> [5351 bytes]","args":[{"element-6066-11e4-a52e-4f735466cecf":"f.137111DC309FACC23B5F67A3B3455007.d.1DA6A49864D9E17CC1FA42768F7F7FF3.e.1047","ELEMENT":"f.137111DC309FACC23B5F67A3B3455007.d.1DA6A49864D9E17CC1FA42768F7F7FF3.e.1047"}]}
COMMAND: GET /session/060cacbffd4401a8364377c341db2bd1/screenshot - {}
RESULT: {}
RESULT: {}
RESULT: {"script":"<script> [5351 bytes]","args":[{"element-6066-11e4-a52e-4f735466cecf":"f.137111DC309FACC23B5F67A3B3455007.d.1DA6A49864D9E17CC1FA42768F7F7FF3.e.1047","ELEMENT":"f.137111DC309FACC23B5F67A3B3455007.d.1DA6A49864D9E17CC1FA42768F7F7FF3.e.1047"}]}
COMMAND: POST /session/060cacbffd4401a8364377c341db2bd1/element/f.137111DC309FACC23B5F67A3B3455007.d.1DA6A49864D9E17CC1FA42768F7F7FF3.e.1047/click - {}
COMMAND: GET /session/060cacbffd4401a8364377c341db2bd1/screenshot - {}
RESULT: {}
COMMAND: GET /session/060cacbffd4401a8364377c341db2bd1/screenshot - {}
COMMAND: POST /session/060cacbffd4401a8364377c341db2bd1/execute/async - {"script":"<script> [1562 bytes]","args":[{"selector":{"id":"application-manageresources-display-component---newResourceUnit--TYPE-arrow"},"wdio_ui5_key":"applicationmanageresources-display-component---newResourceUnit--TYPE-arrow"}]}
RESULT: {}
RESULT: {}
RESULT: {"script":"<script> [1562 bytes]","args":[{"selector":{"id":"application-manageresources-display-component---newResourceUnit--TYPE-arrow"},"wdio_ui5_key":"applicationmanageresources-display-component---newResourceUnit--TYPE-arrow"}]}
RESULT: undefined
COMMAND: POST /session/060cacbffd4401a8364377c341db2bd1/element - {"using":"xpath","value":"//*[@id=\"application-manageresources-display-component---newResourceUnit--TYPE-arrow\"]"}
RESULT: {"using":"xpath","value":"//*[@id=\"application-manageresources-display-component---newResourceUnit--TYPE-arrow\"]"}
COMMAND: POST /session/060cacbffd4401a8364377c341db2bd1/element/f.137111DC309FACC23B5F67A3B3455007.d.1DA6A49864D9E17CC1FA42768F7F7FF3.e.1411/click - {}
RESULT: {}
COMMAND: POST /session/060cacbffd4401a8364377c341db2bd1/element - {"using":"xpath","value":"//input[@id=\"application-manageresources-display-component---newResourceUnit--TYPE-inner\"]"}
COMMAND: GET /session/060cacbffd4401a8364377c341db2bd1/screenshot - {}
RESULT: {"using":"xpath","value":"//input[@id=\"application-manageresources-display-component---newResourceUnit--TYPE-inner\"]"}
COMMAND: POST /session/060cacbffd4401a8364377c341db2bd1/element/f.137111DC309FACC23B5F67A3B3455007.d.1DA6A49864D9E17CC1FA42768F7F7FF3.e.1395/clear - {}
RESULT: {}
RESULT: {}
COMMAND: POST /session/060cacbffd4401a8364377c341db2bd1/element/f.137111DC309FACC23B5F67A3B3455007.d.1DA6A49864D9E17CC1FA42768F7F7FF3.e.1395/value - {"text":"Equipment"}
COMMAND: GET /session/060cacbffd4401a8364377c341db2bd1/screenshot - {}
RESULT: {"text":"Equipment"}
COMMAND: GET /session/060cacbffd4401a8364377c341db2bd1/screenshot - {}
RESULT: {}
RESULT: {}
COMMAND: POST /session/060cacbffd4401a8364377c341db2bd1/actions - {"actions":[{"id":"action2","type":"key","parameters":{},"actions":[{"type":"keyDown","value":"î€‡"},{"type":"pause","duration":10},{"type":"keyUp","value":"î€‡"}]}]}
RESULT: {"actions":[{"id":"action2","type":"key","parameters":{},"actions":[{"type":"keyDown","value":"î€‡"},{"type":"pause","duration":10},{"type":"keyUp","value":"î€‡"}]}]}
COMMAND: POST /session/060cacbffd4401a8364377c341db2bd1/execute/async - {"script":"<script> [1562 bytes]","args":[{"selector":{"id":"application-manageresources-display-component---newResourceUnit--resourceId","interaction":{"idSuffix":"inner"}},"wdio_ui5_key":"applicationmanageresources-display-component---newResourceUnit--resourceId"}]}
COMMAND: GET /session/060cacbffd4401a8364377c341db2bd1/screenshot - {}
RESULT: {"script":"<script> [1562 bytes]","args":[{"selector":{"id":"application-manageresources-display-component---newResourceUnit--resourceId","interaction":{"idSuffix":"inner"}},"wdio_ui5_key":"applicationmanageresources-display-component---newResourceUnit--resourceId"}]}
RESULT: undefined
COMMAND: POST /session/060cacbffd4401a8364377c341db2bd1/execute/async - {"script":"<script> [776 bytes]","args":[{"enterText":"HF5Cuz7MYw","selector":{"id":"application-manageresources-display-component---newResourceUnit--resourceId","interaction":{"idSuffix":"inner"}},"clearTextFirst":true,"interactionType":"ENTER_TEXT"}]}
RESULT: {}
RESULT: {"script":"<script> [776 bytes]","args":[{"enterText":"HF5Cuz7MYw","selector":{"id":"application-manageresources-display-component---newResourceUnit--resourceId","interaction":{"idSuffix":"inner"}},"clearTextFirst":true,"interactionType":"ENTER_TEXT"}]}
COMMAND: POST /session/060cacbffd4401a8364377c341db2bd1/execute/async - {"script":"<script> [1562 bytes]","args":[{"selector":{"id":"application-manageresources-display-component---newResourceUnit--SHORT_TEXT","interaction":{"idSuffix":"inner"}},"wdio_ui5_key":"applicationmanageresources-display-component---newResourceUnit--SHORT_TEXT"}]}
RESULT: {"script":"<script> [1562 bytes]","args":[{"selector":{"id":"application-manageresources-display-component---newResourceUnit--SHORT_TEXT","interaction":{"idSuffix":"inner"}},"wdio_ui5_key":"applicationmanageresources-display-component---newResourceUnit--SHORT_TEXT"}]}
RESULT: undefined
COMMAND: POST /session/060cacbffd4401a8364377c341db2bd1/execute/async - {"script":"<script> [776 bytes]","args":[{"enterText":"Intercompany Equipment WDIO","selector":{"id":"application-manageresources-display-component---newResourceUnit--SHORT_TEXT","interaction":{"idSuffix":"inner"}},"clearTextFirst":true,"interactionType":"ENTER_TEXT"}]}
RESULT: {"script":"<script> [776 bytes]","args":[{"enterText":"Intercompany Equipment WDIO","selector":{"id":"application-manageresources-display-component---newResourceUnit--SHORT_TEXT","interaction":{"idSuffix":"inner"}},"clearTextFirst":true,"interactionType":"ENTER_TEXT"}]}
COMMAND: POST /session/060cacbffd4401a8364377c341db2bd1/execute/async - {"script":"<script> [1562 bytes]","args":[{"selector":{"id":"application-manageresources-display-component---newResourceUnit--BASE_UNIT_OF_MEASURE","interaction":{"idSuffix":"inner"}},"wdio_ui5_key":"applicationmanageresources-display-component---newResourceUnit--BASE_UNIT_OF_MEASURE"}]}
RESULT: {"script":"<script> [1562 bytes]","args":[{"selector":{"id":"application-manageresources-display-component---newResourceUnit--BASE_UNIT_OF_MEASURE","interaction":{"idSuffix":"inner"}},"wdio_ui5_key":"applicationmanageresources-display-component---newResourceUnit--BASE_UNIT_OF_MEASURE"}]}
RESULT: undefined
COMMAND: POST /session/060cacbffd4401a8364377c341db2bd1/execute/async - {"script":"<script> [776 bytes]","args":[{"enterText":"Piece","selector":{"id":"application-manageresources-display-component---newResourceUnit--BASE_UNIT_OF_MEASURE","interaction":{"idSuffix":"inner"}},"clearTextFirst":true,"interactionType":"ENTER_TEXT"}]}
RESULT: {"script":"<script> [776 bytes]","args":[{"enterText":"Piece","selector":{"id":"application-manageresources-display-component---newResourceUnit--BASE_UNIT_OF_MEASURE","interaction":{"idSuffix":"inner"}},"clearTextFirst":true,"interactionType":"ENTER_TEXT"}]}
COMMAND: POST /session/060cacbffd4401a8364377c341db2bd1/execute/async - {"script":"<script> [1562 bytes]","args":[{"selector":{"id":"application-manageresources-display-component---newResourceUnit--WEIGHT_UNIT","interaction":{"idSuffix":"inner"}},"wdio_ui5_key":"applicationmanageresources-display-component---newResourceUnit--WEIGHT_UNIT"}]}
RESULT: {"script":"<script> [1562 bytes]","args":[{"selector":{"id":"application-manageresources-display-component---newResourceUnit--WEIGHT_UNIT","interaction":{"idSuffix":"inner"}},"wdio_ui5_key":"applicationmanageresources-display-component---newResourceUnit--WEIGHT_UNIT"}]}
RESULT: undefined
COMMAND: POST /session/060cacbffd4401a8364377c341db2bd1/execute/async - {"script":"<script> [776 bytes]","args":[{"enterText":"Gram","selector":{"id":"application-manageresources-display-component---newResourceUnit--WEIGHT_UNIT","interaction":{"idSuffix":"inner"}},"clearTextFirst":true,"interactionType":"ENTER_TEXT"}]}
RESULT: {"script":"<script> [776 bytes]","args":[{"enterText":"Gram","selector":{"id":"application-manageresources-display-component---newResourceUnit--WEIGHT_UNIT","interaction":{"idSuffix":"inner"}},"clearTextFirst":true,"interactionType":"ENTER_TEXT"}]}
COMMAND: POST /session/060cacbffd4401a8364377c341db2bd1/execute/async - {"script":"<script> [1562 bytes]","args":[{"selector":{"id":"application-manageresources-display-component---newResourceUnit--DIMENSION_UNIT","interaction":{"idSuffix":"inner"}},"wdio_ui5_key":"applicationmanageresources-display-component---newResourceUnit--DIMENSION_UNIT"}]}
RESULT: {"script":"<script> [1562 bytes]","args":[{"selector":{"id":"application-manageresources-display-component---newResourceUnit--DIMENSION_UNIT","interaction":{"idSuffix":"inner"}},"wdio_ui5_key":"applicationmanageresources-display-component---newResourceUnit--DIMENSION_UNIT"}]}
RESULT: undefined
COMMAND: POST /session/060cacbffd4401a8364377c341db2bd1/execute/async - {"script":"<script> [776 bytes]","args":[{"enterText":"Meter","selector":{"id":"application-manageresources-display-component---newResourceUnit--DIMENSION_UNIT","interaction":{"idSuffix":"inner"}},"clearTextFirst":true,"interactionType":"ENTER_TEXT"}]}
RESULT: {"script":"<script> [776 bytes]","args":[{"enterText":"Meter","selector":{"id":"application-manageresources-display-component---newResourceUnit--DIMENSION_UNIT","interaction":{"idSuffix":"inner"}},"clearTextFirst":true,"interactionType":"ENTER_TEXT"}]}
COMMAND: POST /session/060cacbffd4401a8364377c341db2bd1/execute/async - {"script":"<script> [1562 bytes]","args":[{"selector":{"id":"application-manageresources-display-component---newResourceUnit--newRRUPage-anchBar-application-manageresources-display-component---newResourceUnit--control-anchor","interaction":{"idSuffix":"BDI-content"}},"wdio_ui5_key":"applicationmanageresources-display-component---newResourceUnit--newRRUPage-anchBar-application-manageresources-display-component---newResourceUnit--control-anchor"}]}
RESULT: {"script":"<script> [1562 bytes]","args":[{"selector":{"id":"application-manageresources-display-component---newResourceUnit--newRRUPage-anchBar-application-manageresources-display-component---newResourceUnit--control-anchor","interaction":{"idSuffix":"BDI-content"}},"wdio_ui5_key":"applicationmanageresources-display-component---newResourceUnit--newRRUPage-anchBar-application-manageresources-display-component---newResourceUnit--control-anchor"}]}
RESULT: undefined
COMMAND: POST /session/060cacbffd4401a8364377c341db2bd1/element - {"using":"xpath","value":"//*[@id=\"application-manageresources-display-component---newResourceUnit--newRRUPage-anchBar-application-manageresources-display-component---newResourceUnit--control-anchor\"]"}
RESULT: {"using":"xpath","value":"//*[@id=\"application-manageresources-display-component---newResourceUnit--newRRUPage-anchBar-application-manageresources-display-component---newResourceUnit--control-anchor\"]"}
COMMAND: POST /session/060cacbffd4401a8364377c341db2bd1/element/f.137111DC309FACC23B5F67A3B3455007.d.1DA6A49864D9E17CC1FA42768F7F7FF3.e.1542/click - {}
RESULT: {}
COMMAND: POST /session/060cacbffd4401a8364377c341db2bd1/execute/async - {"script":"<script> [1562 bytes]","args":[{"selector":{"id":"application-manageresources-display-component---newResourceUnit--PLANNING_GROUP","interaction":{"idSuffix":"inner"}},"wdio_ui5_key":"applicationmanageresources-display-component---newResourceUnit--PLANNING_GROUP"}]}
COMMAND: GET /session/060cacbffd4401a8364377c341db2bd1/screenshot - {}
RESULT: {"script":"<script> [1562 bytes]","args":[{"selector":{"id":"application-manageresources-display-component---newResourceUnit--PLANNING_GROUP","interaction":{"idSuffix":"inner"}},"wdio_ui5_key":"applicationmanageresources-display-component---newResourceUnit--PLANNING_GROUP"}]}
RESULT: undefined
COMMAND: POST /session/060cacbffd4401a8364377c341db2bd1/execute/async - {"script":"<script> [776 bytes]","args":[{"enterText":"Heavy Equi","selector":{"id":"application-manageresources-display-component---newResourceUnit--PLANNING_GROUP","interaction":{"idSuffix":"inner"}},"clearTextFirst":true,"interactionType":"ENTER_TEXT"}]}
RESULT: {}
RESULT: {"script":"<script> [776 bytes]","args":[{"enterText":"Heavy Equi","selector":{"id":"application-manageresources-display-component---newResourceUnit--PLANNING_GROUP","interaction":{"idSuffix":"inner"}},"clearTextFirst":true,"interactionType":"ENTER_TEXT"}]}
COMMAND: POST /session/060cacbffd4401a8364377c341db2bd1/execute/async - {"script":"<script> [1562 bytes]","args":[{"selector":{"id":"application-manageresources-display-component---newResourceUnit--ITEM_TYPE-arrow"},"wdio_ui5_key":"applicationmanageresources-display-component---newResourceUnit--ITEM_TYPE-arrow"}]}
RESULT: {"script":"<script> [1562 bytes]","args":[{"selector":{"id":"application-manageresources-display-component---newResourceUnit--ITEM_TYPE-arrow"},"wdio_ui5_key":"applicationmanageresources-display-component---newResourceUnit--ITEM_TYPE-arrow"}]}
RESULT: undefined
COMMAND: POST /session/060cacbffd4401a8364377c341db2bd1/element - {"using":"xpath","value":"//*[@id=\"application-manageresources-display-component---newResourceUnit--ITEM_TYPE-arrow\"]"}
RESULT: {"using":"xpath","value":"//*[@id=\"application-manageresources-display-component---newResourceUnit--ITEM_TYPE-arrow\"]"}
COMMAND: POST /session/060cacbffd4401a8364377c341db2bd1/element/f.137111DC309FACC23B5F67A3B3455007.d.1DA6A49864D9E17CC1FA42768F7F7FF3.e.1549/click - {}
RESULT: {}
COMMAND: POST /session/060cacbffd4401a8364377c341db2bd1/element - {"using":"xpath","value":"(//span[contains(text(), \"Resource Unit\")])[2]"}
COMMAND: GET /session/060cacbffd4401a8364377c341db2bd1/screenshot - {}
RESULT: {"using":"xpath","value":"(//span[contains(text(), \"Resource Unit\")])[2]"}
COMMAND: POST /session/060cacbffd4401a8364377c341db2bd1/element/f.137111DC309FACC23B5F67A3B3455007.d.1DA6A49864D9E17CC1FA42768F7F7FF3.e.1550/click - {}
RESULT: {}
RESULT: {}
COMMAND: GET /session/060cacbffd4401a8364377c341db2bd1/screenshot - {}
RESULT: {}
COMMAND: POST /session/060cacbffd4401a8364377c341db2bd1/element - {"using":"css selector","value":"#application-manageresources-display-component---newResourceUnit--btnAddTimeSegment"}
RESULT: {"using":"css selector","value":"#application-manageresources-display-component---newResourceUnit--btnAddTimeSegment"}
COMMAND: GET /session/060cacbffd4401a8364377c341db2bd1/element/f.137111DC309FACC23B5F67A3B3455007.d.1DA6A49864D9E17CC1FA42768F7F7FF3.e.1551/rect - {}
RESULT: {}
COMMAND: GET /session/060cacbffd4401a8364377c341db2bd1/window/rect - {}
RESULT: {}
COMMAND: POST /session/060cacbffd4401a8364377c341db2bd1/execute/sync - {"script":"<script> [92 bytes]","args":[]}
RESULT: {"script":"<script> [92 bytes]","args":[]}
COMMAND: POST /session/060cacbffd4401a8364377c341db2bd1/actions - {"actions":[{"id":"action3","type":"wheel","parameters":{},"actions":[{"type":"scroll","x":-1888,"y":-32,"deltaX":0,"deltaY":0,"duration":0,"origin":{"element-6066-11e4-a52e-4f735466cecf":"f.137111DC309FACC23B5F67A3B3455007.d.1DA6A49864D9E17CC1FA42768F7F7FF3.e.1551"}}]}]}
COMMAND: GET /session/060cacbffd4401a8364377c341db2bd1/screenshot - {}
RESULT: {}
COMMAND: POST /session/060cacbffd4401a8364377c341db2bd1/execute/sync - {"script":"<script> [79 bytes]","args":[{"element-6066-11e4-a52e-4f735466cecf":"f.137111DC309FACC23B5F67A3B3455007.d.1DA6A49864D9E17CC1FA42768F7F7FF3.e.1551","ELEMENT":"f.137111DC309FACC23B5F67A3B3455007.d.1DA6A49864D9E17CC1FA42768F7F7FF3.e.1551"},{"block":"start","inline":"nearest"}]}
RESULT: {"script":"<script> [79 bytes]","args":[{"element-6066-11e4-a52e-4f735466cecf":"f.137111DC309FACC23B5F67A3B3455007.d.1DA6A49864D9E17CC1FA42768F7F7FF3.e.1551","ELEMENT":"f.137111DC309FACC23B5F67A3B3455007.d.1DA6A49864D9E17CC1FA42768F7F7FF3.e.1551"},{"block":"start","inline":"nearest"}]}
COMMAND: POST /session/060cacbffd4401a8364377c341db2bd1/execute/async - {"script":"<script> [1562 bytes]","args":[{"selector":{"id":"application-manageresources-display-component---newResourceUnit--btnAddTimeSegment","interaction":{"idSuffix":"inner"}},"wdio_ui5_key":"applicationmanageresources-display-component---newResourceUnit--btnAddTimeSegment"}]}
COMMAND: GET /session/060cacbffd4401a8364377c341db2bd1/screenshot - {}
RESULT: {"script":"<script> [1562 bytes]","args":[{"selector":{"id":"application-manageresources-display-component---newResourceUnit--btnAddTimeSegment","interaction":{"idSuffix":"inner"}},"wdio_ui5_key":"applicationmanageresources-display-component---newResourceUnit--btnAddTimeSegment"}]}
RESULT: undefined
COMMAND: POST /session/060cacbffd4401a8364377c341db2bd1/element - {"using":"xpath","value":"//*[@id=\"application-manageresources-display-component---newResourceUnit--btnAddTimeSegment\"]"}
RESULT: {}
RESULT: {"using":"xpath","value":"//*[@id=\"application-manageresources-display-component---newResourceUnit--btnAddTimeSegment\"]"}
COMMAND: POST /session/060cacbffd4401a8364377c341db2bd1/element/f.137111DC309FACC23B5F67A3B3455007.d.1DA6A49864D9E17CC1FA42768F7F7FF3.e.1551/click - {}
RESULT: {}
COMMAND: GET /session/060cacbffd4401a8364377c341db2bd1/screenshot - {}
RESULT: {}
COMMAND: POST /session/060cacbffd4401a8364377c341db2bd1/element - {"using":"xpath","value":"//input[@id=\"application-manageresources-display-component---newResourceUnit--idRuTSAdmin-application-manageresources-display-component---newResourceUnit--RUTimeSegment-0-inner\"]"}
RESULT: {"using":"xpath","value":"//input[@id=\"application-manageresources-display-component---newResourceUnit--idRuTSAdmin-application-manageresources-display-component---newResourceUnit--RUTimeSegment-0-inner\"]"}
COMMAND: POST /session/060cacbffd4401a8364377c341db2bd1/element/f.137111DC309FACC23B5F67A3B3455007.d.1DA6A49864D9E17CC1FA42768F7F7FF3.e.1557/clear - {}
RESULT: {}
COMMAND: POST /session/060cacbffd4401a8364377c341db2bd1/element/f.137111DC309FACC23B5F67A3B3455007.d.1DA6A49864D9E17CC1FA42768F7F7FF3.e.1557/value - {"text":"526"}
COMMAND: GET /session/060cacbffd4401a8364377c341db2bd1/screenshot - {}
RESULT: {"text":"526"}
COMMAND: GET /session/060cacbffd4401a8364377c341db2bd1/screenshot - {}
RESULT: {}
RESULT: {}
COMMAND: POST /session/060cacbffd4401a8364377c341db2bd1/element - {"using":"xpath","value":"//li[.//span[text()='526']]"}
RESULT: {"using":"xpath","value":"//li[.//span[text()='526']]"}
COMMAND: POST /session/060cacbffd4401a8364377c341db2bd1/element/f.137111DC309FACC23B5F67A3B3455007.d.1DA6A49864D9E17CC1FA42768F7F7FF3.e.1570/click - {}
RESULT: {}
COMMAND: GET /session/060cacbffd4401a8364377c341db2bd1/screenshot - {}
RESULT: {}
COMMAND: POST /session/060cacbffd4401a8364377c341db2bd1/element - {"using":"xpath","value":"(//span[contains(@id, \"-application-manageresources-display-component---newResourceUnit--RUTimeSegment-0-arrow\")])[6]"}
RESULT: {"using":"xpath","value":"(//span[contains(@id, \"-application-manageresources-display-component---newResourceUnit--RUTimeSegment-0-arrow\")])[6]"}
COMMAND: POST /session/060cacbffd4401a8364377c341db2bd1/element/f.137111DC309FACC23B5F67A3B3455007.d.1DA6A49864D9E17CC1FA42768F7F7FF3.e.1571/click - {}
RESULT: {}
COMMAND: GET /session/060cacbffd4401a8364377c341db2bd1/screenshot - {}
RESULT: {}
COMMAND: POST /session/060cacbffd4401a8364377c341db2bd1/element - {"using":"xpath","value":"//span[contains(text(), \"PM Order\")]"}
RESULT: {"using":"xpath","value":"//span[contains(text(), \"PM Order\")]"}
COMMAND: POST /session/060cacbffd4401a8364377c341db2bd1/element/f.137111DC309FACC23B5F67A3B3455007.d.1DA6A49864D9E17CC1FA42768F7F7FF3.e.1574/click - {}
RESULT: {}
COMMAND: GET /session/060cacbffd4401a8364377c341db2bd1/screenshot - {}
RESULT: {}
COMMAND: POST /session/060cacbffd4401a8364377c341db2bd1/element - {"using":"xpath","value":"(//span[contains(@id ,\"manageresources-display-component---newResourceUnit--RUTimeSegment-0-vhi\")])[1]"}
RESULT: {"using":"xpath","value":"(//span[contains(@id ,\"manageresources-display-component---newResourceUnit--RUTimeSegment-0-vhi\")])[1]"}
COMMAND: GET /session/060cacbffd4401a8364377c341db2bd1/element/f.137111DC309FACC23B5F67A3B3455007.d.1DA6A49864D9E17CC1FA42768F7F7FF3.e.1578/rect - {}
RESULT: {}
COMMAND: GET /session/060cacbffd4401a8364377c341db2bd1/window/rect - {}
RESULT: {}
COMMAND: POST /session/060cacbffd4401a8364377c341db2bd1/execute/sync - {"script":"<script> [92 bytes]","args":[]}
RESULT: {"script":"<script> [92 bytes]","args":[]}
COMMAND: POST /session/060cacbffd4401a8364377c341db2bd1/actions - {"actions":[{"id":"action4","type":"wheel","parameters":{},"actions":[{"type":"scroll","x":-869,"y":-24,"deltaX":0,"deltaY":0,"duration":0,"origin":{"element-6066-11e4-a52e-4f735466cecf":"f.137111DC309FACC23B5F67A3B3455007.d.1DA6A49864D9E17CC1FA42768F7F7FF3.e.1578"}}]}]}
COMMAND: GET /session/060cacbffd4401a8364377c341db2bd1/screenshot - {}
RESULT: {"actions":[{"id":"action4","type":"wheel","parameters":{},"actions":[{"type":"scroll","x":-869,"y":-24,"deltaX":0,"deltaY":0,"duration":0,"origin":{"element-6066-11e4-a52e-4f735466cecf":"f.137111DC309FACC23B5F67A3B3455007.d.1DA6A49864D9E17CC1FA42768F7F7FF3.e.1578"}}]}]}
COMMAND: DELETE /session/060cacbffd4401a8364377c341db2bd1/actions - {}
COMMAND: GET /session/060cacbffd4401a8364377c341db2bd1/screenshot - {}
RESULT: {}
RESULT: {}
COMMAND: GET /session/060cacbffd4401a8364377c341db2bd1/screenshot - {}
RESULT: {}
RESULT: {}
COMMAND: POST /session/060cacbffd4401a8364377c341db2bd1/element/f.137111DC309FACC23B5F67A3B3455007.d.1DA6A49864D9E17CC1FA42768F7F7FF3.e.1578/click - {}
RESULT: {}
COMMAND: GET /session/060cacbffd4401a8364377c341db2bd1/screenshot - {}
RESULT: {}
RESULT: undefined
COMMAND: POST /session/060cacbffd4401a8364377c341db2bd1/execute/async - {"script":"<script> [776 bytes]","args":[{"enterText":"4000360","selector":{"controlType":"sap.m.SearchField","properties":{"placeholder":"Search"},"searchOpenDialogs":true,"interaction":{"idSuffix":"I"}},"clearTextFirst":true,"interactionType":"ENTER_TEXT"}]}
RESULT: {"script":"<script> [776 bytes]","args":[{"enterText":"4000360","selector":{"controlType":"sap.m.SearchField","properties":{"placeholder":"Search"},"searchOpenDialogs":true,"interaction":{"idSuffix":"I"}},"clearTextFirst":true,"interactionType":"ENTER_TEXT"}]}
COMMAND: POST /session/060cacbffd4401a8364377c341db2bd1/actions - {"actions":[{"id":"action5","type":"key","parameters":{},"actions":[{"type":"keyDown","value":"î€‡"},{"type":"pause","duration":10},{"type":"keyUp","value":"î€‡"}]}]}
RESULT: {"actions":[{"id":"action5","type":"key","parameters":{},"actions":[{"type":"keyDown","value":"î€‡"},{"type":"pause","duration":10},{"type":"keyUp","value":"î€‡"}]}]}
COMMAND: GET /session/060cacbffd4401a8364377c341db2bd1/screenshot - {}
RESULT: {}
COMMAND: POST /session/060cacbffd4401a8364377c341db2bd1/element - {"using":"xpath","value":"//td/div/span[contains(text(), \"BGL Vehicles\")]"}
RESULT: {"using":"xpath","value":"//td/div/span[contains(text(), \"BGL Vehicles\")]"}
COMMAND: POST /session/060cacbffd4401a8364377c341db2bd1/element/f.137111DC309FACC23B5F67A3B3455007.d.1DA6A49864D9E17CC1FA42768F7F7FF3.e.1597/click - {}
RESULT: {}
COMMAND: GET /session/060cacbffd4401a8364377c341db2bd1/screenshot - {}
RESULT: {}
COMMAND: POST /session/060cacbffd4401a8364377c341db2bd1/element - {"using":"xpath","value":"//bdi[contains(text(), \"OK\")]"}
RESULT: {"using":"xpath","value":"//bdi[contains(text(), \"OK\")]"}
COMMAND: POST /session/060cacbffd4401a8364377c341db2bd1/element/f.137111DC309FACC23B5F67A3B3455007.d.1DA6A49864D9E17CC1FA42768F7F7FF3.e.1598/click - {}
RESULT: {}
COMMAND: GET /session/060cacbffd4401a8364377c341db2bd1/screenshot - {}
RESULT: {}
COMMAND: POST /session/060cacbffd4401a8364377c341db2bd1/execute/async - {"script":"<script> [1562 bytes]","args":[{"selector":{"id":"application-manageresources-display-component---newResourceUnit--newRRUPage-anchBar-application-manageresources-display-component---newResourceUnit--resource-anchor","interaction":{"idSuffix":"BDI-content"}},"wdio_ui5_key":"applicationmanageresources-display-component---newResourceUnit--newRRUPage-anchBar-application-manageresources-display-component---newResourceUnit--resource-anchor"}]}
RESULT: {"script":"<script> [1562 bytes]","args":[{"selector":{"id":"application-manageresources-display-component---newResourceUnit--newRRUPage-anchBar-application-manageresources-display-component---newResourceUnit--resource-anchor","interaction":{"idSuffix":"BDI-content"}},"wdio_ui5_key":"applicationmanageresources-display-component---newResourceUnit--newRRUPage-anchBar-application-manageresources-display-component---newResourceUnit--resource-anchor"}]}
RESULT: undefined
COMMAND: POST /session/060cacbffd4401a8364377c341db2bd1/element - {"using":"xpath","value":"//*[@id=\"application-manageresources-display-component---newResourceUnit--newRRUPage-anchBar-application-manageresources-display-component---newResourceUnit--resource-anchor\"]"}
RESULT: {"using":"xpath","value":"//*[@id=\"application-manageresources-display-component---newResourceUnit--newRRUPage-anchBar-application-manageresources-display-component---newResourceUnit--resource-anchor\"]"}
COMMAND: POST /session/060cacbffd4401a8364377c341db2bd1/element/f.137111DC309FACC23B5F67A3B3455007.d.1DA6A49864D9E17CC1FA42768F7F7FF3.e.1602/click - {}
RESULT: {}
COMMAND: POST /session/060cacbffd4401a8364377c341db2bd1/execute/async - {"script":"<script> [1562 bytes]","args":[{"selector":{"id":"application-manageresources-display-component---newResourceUnit--PLANNED_DELIVERY_DATE","interaction":{"idSuffix":"inner"}},"wdio_ui5_key":"applicationmanageresources-display-component---newResourceUnit--PLANNED_DELIVERY_DATE"}]}
COMMAND: GET /session/060cacbffd4401a8364377c341db2bd1/screenshot - {}
RESULT: {"script":"<script> [1562 bytes]","args":[{"selector":{"id":"application-manageresources-display-component---newResourceUnit--PLANNED_DELIVERY_DATE","interaction":{"idSuffix":"inner"}},"wdio_ui5_key":"applicationmanageresources-display-component---newResourceUnit--PLANNED_DELIVERY_DATE"}]}
RESULT: undefined
COMMAND: POST /session/060cacbffd4401a8364377c341db2bd1/execute/async - {"script":"<script> [6424 bytes]","args":[{"element-6066-11e4-a52e-4f735466cecf":"f.137111DC309FACC23B5F67A3B3455007.d.1DA6A49864D9E17CC1FA42768F7F7FF3.e.1466"},"setValue",["5/18/25"]]}
RESULT: {}
RESULT: {"script":"<script> [6424 bytes]","args":[{"element-6066-11e4-a52e-4f735466cecf":"f.137111DC309FACC23B5F67A3B3455007.d.1DA6A49864D9E17CC1FA42768F7F7FF3.e.1466"},"setValue",["5/18/25"]]}
COMMAND: POST /session/060cacbffd4401a8364377c341db2bd1/element - {"using":"xpath","value":"//label[contains(@class, 'sapMLabelRequired') and .//bdi[contains(text(), 'Planned Retirement')]]"}
RESULT: {"using":"xpath","value":"//label[contains(@class, 'sapMLabelRequired') and .//bdi[contains(text(), 'Planned Retirement')]]"}
COMMAND: POST /session/060cacbffd4401a8364377c341db2bd1/elements - {"using":"xpath","value":"//label[contains(@class, 'sapMLabelRequired') and .//bdi[contains(text(), 'Planned Retirement')]]"}
RESULT: {"using":"xpath","value":"//label[contains(@class, 'sapMLabelRequired') and .//bdi[contains(text(), 'Planned Retirement')]]"}
COMMAND: POST /session/060cacbffd4401a8364377c341db2bd1/element - {"using":"xpath","value":"//button[@data-kt=\"resourceUnitSaveButton\"]"}
RESULT: {"using":"xpath","value":"//button[@data-kt=\"resourceUnitSaveButton\"]"}
COMMAND: POST /session/060cacbffd4401a8364377c341db2bd1/element/f.137111DC309FACC23B5F67A3B3455007.d.1DA6A49864D9E17CC1FA42768F7F7FF3.e.1427/click - {}
RESULT: {}
COMMAND: GET /session/060cacbffd4401a8364377c341db2bd1/screenshot - {}
RESULT: {}
COMMAND: POST /session/060cacbffd4401a8364377c341db2bd1/element - {"using":"xpath","value":"//bdi[contains(text(), \"Close\")]"}
RESULT: {"using":"xpath","value":"//bdi[contains(text(), \"Close\")]"}
COMMAND: POST /session/060cacbffd4401a8364377c341db2bd1/element/f.137111DC309FACC23B5F67A3B3455007.d.1DA6A49864D9E17CC1FA42768F7F7FF3.e.1610/click - {}
RESULT: {}
COMMAND: GET /session/060cacbffd4401a8364377c341db2bd1/screenshot - {}
RESULT: {}
COMMAND: POST /session/060cacbffd4401a8364377c341db2bd1/element - {"using":"xpath","value":"(//button[contains(@id ,\"actionsToolbar-overflowButton\")])[1]"}
RESULT: {"using":"xpath","value":"(//button[contains(@id ,\"actionsToolbar-overflowButton\")])[1]"}
COMMAND: POST /session/060cacbffd4401a8364377c341db2bd1/element/f.137111DC309FACC23B5F67A3B3455007.d.1DA6A49864D9E17CC1FA42768F7F7FF3.e.1667/click - {}
RESULT: {}
COMMAND: GET /session/060cacbffd4401a8364377c341db2bd1/screenshot - {}
RESULT: {}
COMMAND: POST /session/060cacbffd4401a8364377c341db2bd1/element - {"using":"xpath","value":"//button[@data-kt=\"priceInfoButton\"]"}
RESULT: {"using":"xpath","value":"//button[@data-kt=\"priceInfoButton\"]"}
COMMAND: POST /session/060cacbffd4401a8364377c341db2bd1/element/f.137111DC309FACC23B5F67A3B3455007.d.1DA6A49864D9E17CC1FA42768F7F7FF3.e.1669/click - {}
RESULT: {}
COMMAND: GET /session/060cacbffd4401a8364377c341db2bd1/screenshot - {}
RESULT: {}
COMMAND: POST /session/060cacbffd4401a8364377c341db2bd1/element - {"using":"css selector","value":"#shell-header-logo"}
RESULT: {"using":"css selector","value":"#shell-header-logo"}
COMMAND: POST /session/060cacbffd4401a8364377c341db2bd1/element/f.137111DC309FACC23B5F67A3B3455007.d.1DA6A49864D9E17CC1FA42768F7F7FF3.e.1019/click - {}
RESULT: {}
]]></system-out>
    </testcase>
    <testcase classname="chrome.136_0_7103_93.windows.Create_condition_pricing_US117289_US134625" name="Should create new condition" time="64.665">
      <system-out><![CDATA[
COMMAND: POST /session/060cacbffd4401a8364377c341db2bd1/execute/async - {"script":"<script> [1562 bytes]","args":[{"selector":{"controlType":"sap.m.GenericTile","properties":{"header":"Manage Conditions & Prices"}},"wdio_ui5_key":"sapm.GenericTile{\"header\":\"Manage Conditions & Prices\"}"}]}
COMMAND: GET /session/060cacbffd4401a8364377c341db2bd1/screenshot - {}
RESULT: {"script":"<script> [1562 bytes]","args":[{"selector":{"controlType":"sap.m.GenericTile","properties":{"header":"Manage Conditions & Prices"}},"wdio_ui5_key":"sapm.GenericTile{\"header\":\"Manage Conditions & Prices\"}"}]}
RESULT: undefined
COMMAND: POST /session/060cacbffd4401a8364377c341db2bd1/element - {"using":"xpath","value":"//*[@id=\"__tile53\"]"}
RESULT: {}
RESULT: {"using":"xpath","value":"//*[@id=\"__tile53\"]"}
COMMAND: POST /session/060cacbffd4401a8364377c341db2bd1/element/f.137111DC309FACC23B5F67A3B3455007.d.1DA6A49864D9E17CC1FA42768F7F7FF3.e.204/click - {}
RESULT: {}
COMMAND: GET /session/060cacbffd4401a8364377c341db2bd1/screenshot - {}
RESULT: {}
COMMAND: POST /session/060cacbffd4401a8364377c341db2bd1/elements - {"using":"xpath","value":"//span[text()='Error']"}
RESULT: {"using":"xpath","value":"//span[text()='Error']"}
COMMAND: POST /session/060cacbffd4401a8364377c341db2bd1/element - {"using":"xpath","value":"//button[@aria-label=\"Create\"]"}
RESULT: {"using":"xpath","value":"//button[@aria-label=\"Create\"]"}
COMMAND: POST /session/060cacbffd4401a8364377c341db2bd1/elements - {"using":"xpath","value":"//button[@aria-label=\"Create\"]"}
RESULT: {"using":"xpath","value":"//button[@aria-label=\"Create\"]"}
COMMAND: POST /session/060cacbffd4401a8364377c341db2bd1/execute/sync - {"script":"<script> [8489 bytes]","args":[{"element-6066-11e4-a52e-4f735466cecf":"f.137111DC309FACC23B5F67A3B3455007.d.1DA6A49864D9E17CC1FA42768F7F7FF3.e.1741","ELEMENT":"f.137111DC309FACC23B5F67A3B3455007.d.1DA6A49864D9E17CC1FA42768F7F7FF3.e.1741"}]}
RESULT: {"script":"<script> [8489 bytes]","args":[{"element-6066-11e4-a52e-4f735466cecf":"f.137111DC309FACC23B5F67A3B3455007.d.1DA6A49864D9E17CC1FA42768F7F7FF3.e.1741","ELEMENT":"f.137111DC309FACC23B5F67A3B3455007.d.1DA6A49864D9E17CC1FA42768F7F7FF3.e.1741"}]}
COMMAND: GET /session/060cacbffd4401a8364377c341db2bd1/element/f.137111DC309FACC23B5F67A3B3455007.d.1DA6A49864D9E17CC1FA42768F7F7FF3.e.1741/enabled - {}
COMMAND: GET /session/060cacbffd4401a8364377c341db2bd1/screenshot - {}
RESULT: {}
COMMAND: POST /session/060cacbffd4401a8364377c341db2bd1/execute/sync - {"script":"<script> [8489 bytes]","args":[{"element-6066-11e4-a52e-4f735466cecf":"f.137111DC309FACC23B5F67A3B3455007.d.1DA6A49864D9E17CC1FA42768F7F7FF3.e.1741","ELEMENT":"f.137111DC309FACC23B5F67A3B3455007.d.1DA6A49864D9E17CC1FA42768F7F7FF3.e.1741"}]}
COMMAND: GET /session/060cacbffd4401a8364377c341db2bd1/screenshot - {}
RESULT: {}
RESULT: {"script":"<script> [8489 bytes]","args":[{"element-6066-11e4-a52e-4f735466cecf":"f.137111DC309FACC23B5F67A3B3455007.d.1DA6A49864D9E17CC1FA42768F7F7FF3.e.1741","ELEMENT":"f.137111DC309FACC23B5F67A3B3455007.d.1DA6A49864D9E17CC1FA42768F7F7FF3.e.1741"}]}
COMMAND: POST /session/060cacbffd4401a8364377c341db2bd1/execute/sync - {"script":"<script> [5351 bytes]","args":[{"element-6066-11e4-a52e-4f735466cecf":"f.137111DC309FACC23B5F67A3B3455007.d.1DA6A49864D9E17CC1FA42768F7F7FF3.e.1741","ELEMENT":"f.137111DC309FACC23B5F67A3B3455007.d.1DA6A49864D9E17CC1FA42768F7F7FF3.e.1741"}]}
COMMAND: GET /session/060cacbffd4401a8364377c341db2bd1/screenshot - {}
RESULT: {}
RESULT: {"script":"<script> [5351 bytes]","args":[{"element-6066-11e4-a52e-4f735466cecf":"f.137111DC309FACC23B5F67A3B3455007.d.1DA6A49864D9E17CC1FA42768F7F7FF3.e.1741","ELEMENT":"f.137111DC309FACC23B5F67A3B3455007.d.1DA6A49864D9E17CC1FA42768F7F7FF3.e.1741"}]}
COMMAND: POST /session/060cacbffd4401a8364377c341db2bd1/element/f.137111DC309FACC23B5F67A3B3455007.d.1DA6A49864D9E17CC1FA42768F7F7FF3.e.1741/click - {}
COMMAND: GET /session/060cacbffd4401a8364377c341db2bd1/screenshot - {}
RESULT: {}
RESULT: {}
COMMAND: GET /session/060cacbffd4401a8364377c341db2bd1/screenshot - {}
RESULT: {}
RESULT: {}
COMMAND: POST /session/060cacbffd4401a8364377c341db2bd1/actions - {"actions":[{"id":"action6","type":"key","parameters":{},"actions":[{"type":"keyDown","value":"î€‡"},{"type":"pause","duration":10},{"type":"keyUp","value":"î€‡"}]}]}
RESULT: {"actions":[{"id":"action6","type":"key","parameters":{},"actions":[{"type":"keyDown","value":"î€‡"},{"type":"pause","duration":10},{"type":"keyUp","value":"î€‡"}]}]}
COMMAND: GET /session/060cacbffd4401a8364377c341db2bd1/screenshot - {}
RESULT: {}
COMMAND: POST /session/060cacbffd4401a8364377c341db2bd1/execute/async - {"script":"<script> [1562 bytes]","args":[{"selector":{"id":"application-manageconditionprice-display-component---newCondition--condBillCond-arrow"},"wdio_ui5_key":"applicationmanageconditionprice-display-component---newCondition--condBillCond-arrow"}]}
RESULT: {"script":"<script> [1562 bytes]","args":[{"selector":{"id":"application-manageconditionprice-display-component---newCondition--condBillCond-arrow"},"wdio_ui5_key":"applicationmanageconditionprice-display-component---newCondition--condBillCond-arrow"}]}
RESULT: undefined
COMMAND: POST /session/060cacbffd4401a8364377c341db2bd1/element - {"using":"xpath","value":"//*[@id=\"application-manageconditionprice-display-component---newCondition--condBillCond-arrow\"]"}
RESULT: {"using":"xpath","value":"//*[@id=\"application-manageconditionprice-display-component---newCondition--condBillCond-arrow\"]"}
COMMAND: POST /session/060cacbffd4401a8364377c341db2bd1/element/f.137111DC309FACC23B5F67A3B3455007.d.1DA6A49864D9E17CC1FA42768F7F7FF3.e.1922/click - {}
RESULT: {}
COMMAND: GET /session/060cacbffd4401a8364377c341db2bd1/screenshot - {}
RESULT: {}
COMMAND: POST /session/060cacbffd4401a8364377c341db2bd1/element - {"using":"xpath","value":"//li[.//span[contains(text(), \"SAPR - Sales price\")]]"}
RESULT: {"using":"xpath","value":"//li[.//span[contains(text(), \"SAPR - Sales price\")]]"}
COMMAND: POST /session/060cacbffd4401a8364377c341db2bd1/element/f.137111DC309FACC23B5F67A3B3455007.d.1DA6A49864D9E17CC1FA42768F7F7FF3.e.1925/click - {}
RESULT: {}
COMMAND: GET /session/060cacbffd4401a8364377c341db2bd1/screenshot - {}
RESULT: {}
COMMAND: POST /session/060cacbffd4401a8364377c341db2bd1/execute/async - {"script":"<script> [1562 bytes]","args":[{"selector":{"id":"application-manageconditionprice-display-component---newCondition--condValidTo","interaction":{"idSuffix":"inner"}},"wdio_ui5_key":"applicationmanageconditionprice-display-component---newCondition--condValidTo"}]}
RESULT: {"script":"<script> [1562 bytes]","args":[{"selector":{"id":"application-manageconditionprice-display-component---newCondition--condValidTo","interaction":{"idSuffix":"inner"}},"wdio_ui5_key":"applicationmanageconditionprice-display-component---newCondition--condValidTo"}]}
RESULT: undefined
COMMAND: POST /session/060cacbffd4401a8364377c341db2bd1/execute/async - {"script":"<script> [776 bytes]","args":[{"enterText":"1/18/26","selector":{"id":"application-manageconditionprice-display-component---newCondition--condValidTo","interaction":{"idSuffix":"inner"}},"clearTextFirst":true,"interactionType":"ENTER_TEXT"}]}
RESULT: {"script":"<script> [776 bytes]","args":[{"enterText":"1/18/26","selector":{"id":"application-manageconditionprice-display-component---newCondition--condValidTo","interaction":{"idSuffix":"inner"}},"clearTextFirst":true,"interactionType":"ENTER_TEXT"}]}
COMMAND: POST /session/060cacbffd4401a8364377c341db2bd1/element - {"using":"xpath","value":"//input[@id=\"application-manageconditionprice-display-component---newCondition--condRU-inner\"]"}
RESULT: {"using":"xpath","value":"//input[@id=\"application-manageconditionprice-display-component---newCondition--condRU-inner\"]"}
COMMAND: POST /session/060cacbffd4401a8364377c341db2bd1/element/f.137111DC309FACC23B5F67A3B3455007.d.1DA6A49864D9E17CC1FA42768F7F7FF3.e.1787/clear - {}
RESULT: {}
COMMAND: POST /session/060cacbffd4401a8364377c341db2bd1/element/f.137111DC309FACC23B5F67A3B3455007.d.1DA6A49864D9E17CC1FA42768F7F7FF3.e.1787/value - {"text":"HF5Cuz7MYw"}
COMMAND: GET /session/060cacbffd4401a8364377c341db2bd1/screenshot - {}
RESULT: {"text":"HF5Cuz7MYw"}
COMMAND: GET /session/060cacbffd4401a8364377c341db2bd1/screenshot - {}
RESULT: {}
RESULT: {}
COMMAND: POST /session/060cacbffd4401a8364377c341db2bd1/actions - {"actions":[{"id":"action7","type":"key","parameters":{},"actions":[{"type":"keyDown","value":"î€‡"},{"type":"pause","duration":10},{"type":"keyUp","value":"î€‡"}]}]}
RESULT: {"actions":[{"id":"action7","type":"key","parameters":{},"actions":[{"type":"keyDown","value":"î€‡"},{"type":"pause","duration":10},{"type":"keyUp","value":"î€‡"}]}]}
COMMAND: POST /session/060cacbffd4401a8364377c341db2bd1/execute/async - {"script":"<script> [1562 bytes]","args":[{"selector":{"id":"application-manageconditionprice-display-component---newCondition--condBaseQty","interaction":{"idSuffix":"inner"}},"wdio_ui5_key":"applicationmanageconditionprice-display-component---newCondition--condBaseQty"}]}
COMMAND: GET /session/060cacbffd4401a8364377c341db2bd1/screenshot - {}
RESULT: {"script":"<script> [1562 bytes]","args":[{"selector":{"id":"application-manageconditionprice-display-component---newCondition--condBaseQty","interaction":{"idSuffix":"inner"}},"wdio_ui5_key":"applicationmanageconditionprice-display-component---newCondition--condBaseQty"}]}
RESULT: undefined
COMMAND: POST /session/060cacbffd4401a8364377c341db2bd1/execute/async - {"script":"<script> [776 bytes]","args":[{"enterText":"1","selector":{"id":"application-manageconditionprice-display-component---newCondition--condBaseQty","interaction":{"idSuffix":"inner"}},"clearTextFirst":true,"interactionType":"ENTER_TEXT"}]}
RESULT: {}
RESULT: {"script":"<script> [776 bytes]","args":[{"enterText":"1","selector":{"id":"application-manageconditionprice-display-component---newCondition--condBaseQty","interaction":{"idSuffix":"inner"}},"clearTextFirst":true,"interactionType":"ENTER_TEXT"}]}
COMMAND: POST /session/060cacbffd4401a8364377c341db2bd1/execute/async - {"script":"<script> [1562 bytes]","args":[{"selector":{"id":"application-manageconditionprice-display-component---newCondition--condValue","interaction":{"idSuffix":"inner"}},"wdio_ui5_key":"applicationmanageconditionprice-display-component---newCondition--condValue"}]}
RESULT: {"script":"<script> [1562 bytes]","args":[{"selector":{"id":"application-manageconditionprice-display-component---newCondition--condValue","interaction":{"idSuffix":"inner"}},"wdio_ui5_key":"applicationmanageconditionprice-display-component---newCondition--condValue"}]}
RESULT: undefined
COMMAND: POST /session/060cacbffd4401a8364377c341db2bd1/execute/async - {"script":"<script> [776 bytes]","args":[{"enterText":"200","selector":{"id":"application-manageconditionprice-display-component---newCondition--condValue","interaction":{"idSuffix":"inner"}},"clearTextFirst":true,"interactionType":"ENTER_TEXT"}]}
RESULT: {"script":"<script> [776 bytes]","args":[{"enterText":"200","selector":{"id":"application-manageconditionprice-display-component---newCondition--condValue","interaction":{"idSuffix":"inner"}},"clearTextFirst":true,"interactionType":"ENTER_TEXT"}]}
COMMAND: POST /session/060cacbffd4401a8364377c341db2bd1/execute/async - {"script":"<script> [1562 bytes]","args":[{"selector":{"id":"application-manageconditionprice-display-component---newCondition--condCurr-arrow"},"wdio_ui5_key":"applicationmanageconditionprice-display-component---newCondition--condCurr-arrow"}]}
RESULT: {"script":"<script> [1562 bytes]","args":[{"selector":{"id":"application-manageconditionprice-display-component---newCondition--condCurr-arrow"},"wdio_ui5_key":"applicationmanageconditionprice-display-component---newCondition--condCurr-arrow"}]}
RESULT: undefined
COMMAND: POST /session/060cacbffd4401a8364377c341db2bd1/element - {"using":"xpath","value":"//*[@id=\"application-manageconditionprice-display-component---newCondition--condCurr-arrow\"]"}
RESULT: {"using":"xpath","value":"//*[@id=\"application-manageconditionprice-display-component---newCondition--condCurr-arrow\"]"}
COMMAND: POST /session/060cacbffd4401a8364377c341db2bd1/element/f.137111DC309FACC23B5F67A3B3455007.d.1DA6A49864D9E17CC1FA42768F7F7FF3.e.1895/click - {}
RESULT: {}
COMMAND: POST /session/060cacbffd4401a8364377c341db2bd1/element - {"using":"xpath","value":"//span[contains(text(), \"Euro\")]"}
COMMAND: GET /session/060cacbffd4401a8364377c341db2bd1/screenshot - {}
RESULT: {"using":"xpath","value":"//span[contains(text(), \"Euro\")]"}
COMMAND: POST /session/060cacbffd4401a8364377c341db2bd1/element/f.137111DC309FACC23B5F67A3B3455007.d.1DA6A49864D9E17CC1FA42768F7F7FF3.e.1961/click - {}
RESULT: {}
RESULT: {}
COMMAND: POST /session/060cacbffd4401a8364377c341db2bd1/element - {"using":"xpath","value":"//button[@data-kt=\"saveButton\"]"}
COMMAND: GET /session/060cacbffd4401a8364377c341db2bd1/screenshot - {}
RESULT: {"using":"xpath","value":"//button[@data-kt=\"saveButton\"]"}
COMMAND: POST /session/060cacbffd4401a8364377c341db2bd1/element/f.137111DC309FACC23B5F67A3B3455007.d.1DA6A49864D9E17CC1FA42768F7F7FF3.e.1896/click - {}
RESULT: {}
RESULT: {}
COMMAND: GET /session/060cacbffd4401a8364377c341db2bd1/screenshot - {}
RESULT: {}
COMMAND: POST /session/060cacbffd4401a8364377c341db2bd1/execute/async - {"script":"<script> [1562 bytes]","args":[{"selector":{"id":"application-manageconditionprice-display-component---conditions--smartFilterBar-btnBasicSearch","interaction":{"idSuffix":"I"}},"wdio_ui5_key":"applicationmanageconditionprice-display-component---conditions--smartFilterBar-btnBasicSearch"}]}
RESULT: {"script":"<script> [1562 bytes]","args":[{"selector":{"id":"application-manageconditionprice-display-component---conditions--smartFilterBar-btnBasicSearch","interaction":{"idSuffix":"I"}},"wdio_ui5_key":"applicationmanageconditionprice-display-component---conditions--smartFilterBar-btnBasicSearch"}]}
RESULT: undefined
COMMAND: POST /session/060cacbffd4401a8364377c341db2bd1/execute/async - {"script":"<script> [776 bytes]","args":[{"enterText":"HF5Cuz7MYw","selector":{"id":"application-manageconditionprice-display-component---conditions--smartFilterBar-btnBasicSearch","interaction":{"idSuffix":"I"}},"clearTextFirst":true,"interactionType":"ENTER_TEXT"}]}
RESULT: {"script":"<script> [776 bytes]","args":[{"enterText":"HF5Cuz7MYw","selector":{"id":"application-manageconditionprice-display-component---conditions--smartFilterBar-btnBasicSearch","interaction":{"idSuffix":"I"}},"clearTextFirst":true,"interactionType":"ENTER_TEXT"}]}
COMMAND: POST /session/060cacbffd4401a8364377c341db2bd1/actions - {"actions":[{"id":"action8","type":"key","parameters":{},"actions":[{"type":"keyDown","value":"î€‡"},{"type":"pause","duration":10},{"type":"keyUp","value":"î€‡"}]}]}
RESULT: {"actions":[{"id":"action8","type":"key","parameters":{},"actions":[{"type":"keyDown","value":"î€‡"},{"type":"pause","duration":10},{"type":"keyUp","value":"î€‡"}]}]}
COMMAND: GET /session/060cacbffd4401a8364377c341db2bd1/screenshot - {}
RESULT: {}
COMMAND: POST /session/060cacbffd4401a8364377c341db2bd1/execute/async - {"script":"<script> [1562 bytes]","args":[{"selector":{"id":"application-manageconditionprice-display-component---conditions--smartFilterBar-filterItemControl_BASIC-BILL_TYPES-vhi"},"wdio_ui5_key":"applicationmanageconditionprice-display-component---conditions--smartFilterBar-filterItemControl_BASIC-BILL_TYPES-vhi"}]}
RESULT: {"script":"<script> [1562 bytes]","args":[{"selector":{"id":"application-manageconditionprice-display-component---conditions--smartFilterBar-filterItemControl_BASIC-BILL_TYPES-vhi"},"wdio_ui5_key":"applicationmanageconditionprice-display-component---conditions--smartFilterBar-filterItemControl_BASIC-BILL_TYPES-vhi"}]}
RESULT: undefined
COMMAND: POST /session/060cacbffd4401a8364377c341db2bd1/element - {"using":"xpath","value":"//*[@id=\"application-manageconditionprice-display-component---conditions--smartFilterBar-filterItemControl_BASIC-BILL_TYPES-vhi\"]"}
RESULT: {"using":"xpath","value":"//*[@id=\"application-manageconditionprice-display-component---conditions--smartFilterBar-filterItemControl_BASIC-BILL_TYPES-vhi\"]"}
COMMAND: POST /session/060cacbffd4401a8364377c341db2bd1/element/f.137111DC309FACC23B5F67A3B3455007.d.1DA6A49864D9E17CC1FA42768F7F7FF3.e.2067/click - {}
RESULT: {}
COMMAND: POST /session/060cacbffd4401a8364377c341db2bd1/execute/async - {"script":"<script> [1562 bytes]","args":[{"selector":{"id":"application-manageconditionprice-display-component---conditions--smartFilterBar-filterItemControl_BASIC-BILL_TYPES-valueHelpDialog-smartFilterBar-btnBasicSearch","searchOpenDialogs":true,"interaction":{"idSuffix":"I"}},"wdio_ui5_key":"applicationmanageconditionprice-display-component---conditions--smartFilterBar-filterItemControl_BASIC-BILL_TYPES-valueHelpDialog-smartFilterBar-btnBasicSearch"}]}
COMMAND: GET /session/060cacbffd4401a8364377c341db2bd1/screenshot - {}
RESULT: {"script":"<script> [1562 bytes]","args":[{"selector":{"id":"application-manageconditionprice-display-component---conditions--smartFilterBar-filterItemControl_BASIC-BILL_TYPES-valueHelpDialog-smartFilterBar-btnBasicSearch","searchOpenDialogs":true,"interaction":{"idSuffix":"I"}},"wdio_ui5_key":"applicationmanageconditionprice-display-component---conditions--smartFilterBar-filterItemControl_BASIC-BILL_TYPES-valueHelpDialog-smartFilterBar-btnBasicSearch"}]}
RESULT: undefined
COMMAND: POST /session/060cacbffd4401a8364377c341db2bd1/execute/async - {"script":"<script> [776 bytes]","args":[{"enterText":"one","selector":{"id":"application-manageconditionprice-display-component---conditions--smartFilterBar-filterItemControl_BASIC-BILL_TYPES-valueHelpDialog-smartFilterBar-btnBasicSearch","searchOpenDialogs":true,"interaction":{"idSuffix":"I"}},"clearTextFirst":true,"interactionType":"ENTER_TEXT"}]}
RESULT: {}
RESULT: {"script":"<script> [776 bytes]","args":[{"enterText":"one","selector":{"id":"application-manageconditionprice-display-component---conditions--smartFilterBar-filterItemControl_BASIC-BILL_TYPES-valueHelpDialog-smartFilterBar-btnBasicSearch","searchOpenDialogs":true,"interaction":{"idSuffix":"I"}},"clearTextFirst":true,"interactionType":"ENTER_TEXT"}]}
COMMAND: POST /session/060cacbffd4401a8364377c341db2bd1/actions - {"actions":[{"id":"action9","type":"key","parameters":{},"actions":[{"type":"keyDown","value":"î€‡"},{"type":"pause","duration":10},{"type":"keyUp","value":"î€‡"}]}]}
RESULT: {"actions":[{"id":"action9","type":"key","parameters":{},"actions":[{"type":"keyDown","value":"î€‡"},{"type":"pause","duration":10},{"type":"keyUp","value":"î€‡"}]}]}
COMMAND: GET /session/060cacbffd4401a8364377c341db2bd1/screenshot - {}
RESULT: {}
COMMAND: POST /session/060cacbffd4401a8364377c341db2bd1/element - {"using":"xpath","value":"//div[contains(@id, 'application-manageconditionprice-display-component---conditions--smartFilterBar-filterItemControl_BASIC-BILL_TYPES-valueHelpDialog-table-rowsel0')]"}
RESULT: {"using":"xpath","value":"//div[contains(@id, 'application-manageconditionprice-display-component---conditions--smartFilterBar-filterItemControl_BASIC-BILL_TYPES-valueHelpDialog-table-rowsel0')]"}
COMMAND: POST /session/060cacbffd4401a8364377c341db2bd1/element/f.137111DC309FACC23B5F67A3B3455007.d.1DA6A49864D9E17CC1FA42768F7F7FF3.e.2076/click - {}
RESULT: {}
COMMAND: GET /session/060cacbffd4401a8364377c341db2bd1/screenshot - {}
RESULT: {}
COMMAND: POST /session/060cacbffd4401a8364377c341db2bd1/element - {"using":"xpath","value":"//bdi[contains(text(), \"OK\")]"}
RESULT: {"using":"xpath","value":"//bdi[contains(text(), \"OK\")]"}
COMMAND: POST /session/060cacbffd4401a8364377c341db2bd1/element/f.137111DC309FACC23B5F67A3B3455007.d.1DA6A49864D9E17CC1FA42768F7F7FF3.e.2078/click - {}
RESULT: {}
COMMAND: GET /session/060cacbffd4401a8364377c341db2bd1/screenshot - {}
RESULT: {}
COMMAND: POST /session/060cacbffd4401a8364377c341db2bd1/element - {"using":"xpath","value":"//span[@id=\"application-manageconditionprice-display-component---conditions--smartTable-header-inner\"]"}
RESULT: {"using":"xpath","value":"//span[@id=\"application-manageconditionprice-display-component---conditions--smartTable-header-inner\"]"}
COMMAND: POST /session/060cacbffd4401a8364377c341db2bd1/elements - {"using":"xpath","value":"//span[@id=\"application-manageconditionprice-display-component---conditions--smartTable-header-inner\"]"}
RESULT: {"using":"xpath","value":"//span[@id=\"application-manageconditionprice-display-component---conditions--smartTable-header-inner\"]"}
COMMAND: POST /session/060cacbffd4401a8364377c341db2bd1/execute/sync - {"script":"<script> [56 bytes]","args":[{"element-6066-11e4-a52e-4f735466cecf":"f.137111DC309FACC23B5F67A3B3455007.d.1DA6A49864D9E17CC1FA42768F7F7FF3.e.2081","ELEMENT":"f.137111DC309FACC23B5F67A3B3455007.d.1DA6A49864D9E17CC1FA42768F7F7FF3.e.2081"}]}
RESULT: {"script":"<script> [56 bytes]","args":[{"element-6066-11e4-a52e-4f735466cecf":"f.137111DC309FACC23B5F67A3B3455007.d.1DA6A49864D9E17CC1FA42768F7F7FF3.e.2081","ELEMENT":"f.137111DC309FACC23B5F67A3B3455007.d.1DA6A49864D9E17CC1FA42768F7F7FF3.e.2081"}]}
COMMAND: POST /session/060cacbffd4401a8364377c341db2bd1/element - {"using":"css selector","value":"#shell-header-logo"}
COMMAND: GET /session/060cacbffd4401a8364377c341db2bd1/screenshot - {}
RESULT: {"using":"css selector","value":"#shell-header-logo"}
COMMAND: POST /session/060cacbffd4401a8364377c341db2bd1/element/f.137111DC309FACC23B5F67A3B3455007.d.1DA6A49864D9E17CC1FA42768F7F7FF3.e.1708/click - {}
RESULT: {}
RESULT: {}
COMMAND: GET /session/060cacbffd4401a8364377c341db2bd1/screenshot - {}
RESULT: {}
COMMAND: POST /session/060cacbffd4401a8364377c341db2bd1/element - {"using":"css selector","value":"#j_username"}
COMMAND: POST /session/060cacbffd4401a8364377c341db2bd1/url - {"url":"https://qa-testing-00-live-etm-ui.cfapps.eu10-004.hana.ondemand.com/"}
RESULT: {"using":"css selector","value":"#j_username"}
COMMAND: POST /session/060cacbffd4401a8364377c341db2bd1/element - {"using":"css selector","value":"#j_username"}
RESULT: {"url":"https://qa-testing-00-live-etm-ui.cfapps.eu10-004.hana.ondemand.com/"}
RESULT: undefined
COMMAND: GET /session/060cacbffd4401a8364377c341db2bd1/screenshot - {}
RESULT: {"using":"css selector","value":"#j_username"}
COMMAND: POST /session/060cacbffd4401a8364377c341db2bd1/element - {"using":"css selector","value":"#shell-header-logo"}
RESULT: {}
RESULT: {"using":"css selector","value":"#shell-header-logo"}
COMMAND: POST /session/060cacbffd4401a8364377c341db2bd1/execute/sync - {"script":"<script> [8489 bytes]","args":[{"element-6066-11e4-a52e-4f735466cecf":"f.137111DC309FACC23B5F67A3B3455007.d.5673B357A8E1689CF6E2C18BCCCC0EF4.e.2105","ELEMENT":"f.137111DC309FACC23B5F67A3B3455007.d.5673B357A8E1689CF6E2C18BCCCC0EF4.e.2105"}]}
RESULT: {"script":"<script> [8489 bytes]","args":[{"element-6066-11e4-a52e-4f735466cecf":"f.137111DC309FACC23B5F67A3B3455007.d.5673B357A8E1689CF6E2C18BCCCC0EF4.e.2105","ELEMENT":"f.137111DC309FACC23B5F67A3B3455007.d.5673B357A8E1689CF6E2C18BCCCC0EF4.e.2105"}]}
COMMAND: POST /session/060cacbffd4401a8364377c341db2bd1/element - {"using":"css selector","value":"#shell-header-logo"}
COMMAND: GET /session/060cacbffd4401a8364377c341db2bd1/screenshot - {}
RESULT: {"using":"css selector","value":"#shell-header-logo"}
COMMAND: POST /session/060cacbffd4401a8364377c341db2bd1/execute/sync - {"script":"<script> [8489 bytes]","args":[{"element-6066-11e4-a52e-4f735466cecf":"f.137111DC309FACC23B5F67A3B3455007.d.5673B357A8E1689CF6E2C18BCCCC0EF4.e.2105","ELEMENT":"f.137111DC309FACC23B5F67A3B3455007.d.5673B357A8E1689CF6E2C18BCCCC0EF4.e.2105"}]}
RESULT: {}
RESULT: {"script":"<script> [8489 bytes]","args":[{"element-6066-11e4-a52e-4f735466cecf":"f.137111DC309FACC23B5F67A3B3455007.d.5673B357A8E1689CF6E2C18BCCCC0EF4.e.2105","ELEMENT":"f.137111DC309FACC23B5F67A3B3455007.d.5673B357A8E1689CF6E2C18BCCCC0EF4.e.2105"}]}
COMMAND: POST /session/060cacbffd4401a8364377c341db2bd1/execute/sync - {"script":"<script> [5351 bytes]","args":[{"element-6066-11e4-a52e-4f735466cecf":"f.137111DC309FACC23B5F67A3B3455007.d.5673B357A8E1689CF6E2C18BCCCC0EF4.e.2105","ELEMENT":"f.137111DC309FACC23B5F67A3B3455007.d.5673B357A8E1689CF6E2C18BCCCC0EF4.e.2105"}]}
COMMAND: GET /session/060cacbffd4401a8364377c341db2bd1/screenshot - {}
RESULT: {"script":"<script> [5351 bytes]","args":[{"element-6066-11e4-a52e-4f735466cecf":"f.137111DC309FACC23B5F67A3B3455007.d.5673B357A8E1689CF6E2C18BCCCC0EF4.e.2105","ELEMENT":"f.137111DC309FACC23B5F67A3B3455007.d.5673B357A8E1689CF6E2C18BCCCC0EF4.e.2105"}]}
COMMAND: POST /session/060cacbffd4401a8364377c341db2bd1/element - {"using":"css selector","value":"#shell-header-logo"}
COMMAND: GET /session/060cacbffd4401a8364377c341db2bd1/screenshot - {}
RESULT: {}
RESULT: {"using":"css selector","value":"#shell-header-logo"}
COMMAND: POST /session/060cacbffd4401a8364377c341db2bd1/element/f.137111DC309FACC23B5F67A3B3455007.d.5673B357A8E1689CF6E2C18BCCCC0EF4.e.2105/click - {}
RESULT: {}
RESULT: {}
COMMAND: GET /session/060cacbffd4401a8364377c341db2bd1/screenshot - {}
RESULT: {}
COMMAND: POST /session/060cacbffd4401a8364377c341db2bd1/execute/async - {"script":"<script> [189 bytes]","args":[]}
RESULT: {"script":"<script> [189 bytes]","args":[]}
COMMAND: POST /session/060cacbffd4401a8364377c341db2bd1/execute/async - {"script":"<script> [123 bytes]","args":[]}
RESULT: {"script":"<script> [123 bytes]","args":[]}
COMMAND: POST /session/060cacbffd4401a8364377c341db2bd1/timeouts - {"script":"<number>"}
RESULT: {"script":"<number>"}
COMMAND: GET /session/060cacbffd4401a8364377c341db2bd1/timeouts - {}
RESULT: {}
RESULT: undefined
COMMAND: POST /session/060cacbffd4401a8364377c341db2bd1/execute/async - {"script":"<script> [2676 bytes]","args":[]}
RESULT: {"script":"<script> [2676 bytes]","args":[]}
COMMAND: POST /session/060cacbffd4401a8364377c341db2bd1/execute/async - {"script":"<script> [2342 bytes]","args":[{"protocol":"http","hostname":"0.0.0.0","path":"/","capabilities":{"browserName":"chrome","goog:chromeOptions":{"binary":"C:\\Program Files\\Google\\Chrome\\Application\\chrome.exe","args":["--start-maximized"]}},"logLevel":"warn","connectionRetryTimeout":120000,"connectionRetryCount":3,"logLevels":{},"enableDirectConnect":true,"strictSSL":true,"_":"65 more keys: [\"cacheDir\",\"port\",\"requestedCapabilities\",\"automationProtocol\",\"baseUrl\",\"waitforInterval\",\"waitforTimeout\",\"onReload\",\"beforeCommand\",\"afterCommand\",\"rootDir\",\"specs\",\"suites\",\"exclude\",\"groupLogsByTestSpec\",\"excludeDriverLogs\",\"bail\",\"framework\",\"reporters\",\"services\",\"maxInstances\",\"maxInstancesPerCapability\",\"injectGlobals\",\"filesToWatch\",\"execArgv\",\"runnerEnv\",\"runner\",\"shard\",\"specFileRetries\",\"specFileRetriesDelay\",\"specFileRetriesDeferred\",\"reporterSyncInterval\",\"reporterSyncTimeout\",\"cucumberFeaturesWithLineNumbers\",\"autoCompileOpts\",\"mochaOpts\",\"jasmineOpts\",\"cucumberOpts\",\"onPrepare\",\"onWorkerStart\",\"onWorkerEnd\",\"before\",\"beforeSession\",\"beforeSuite\",\"beforeHook\",\"beforeTest\",\"afterTest\",\"afterHook\",\"afterSuite\",\"afterSession\",\"after\",\"onComplete\",\"beforeAssertion\",\"afterAssertion\",\"beforeFeature\",\"beforeScenario\",\"beforeStep\",\"afterStep\",\"afterScenario\",\"afterFeature\",\"_\",\"suite\",\"$0\",\"ignoredWorkerServices\",\"wdi5\"]"}]}
RESULT: {"script":"<script> [2342 bytes]","args":[{"protocol":"http","hostname":"0.0.0.0","path":"/","capabilities":{"browserName":"chrome","goog:chromeOptions":{"binary":"C:\\Program Files\\Google\\Chrome\\Application\\chrome.exe","args":["--start-maximized"]}},"logLevel":"warn","connectionRetryTimeout":120000,"connectionRetryCount":3,"logLevels":{},"enableDirectConnect":true,"strictSSL":true,"_":"65 more keys: [\"cacheDir\",\"port\",\"requestedCapabilities\",\"automationProtocol\",\"baseUrl\",\"waitforInterval\",\"waitforTimeout\",\"onReload\",\"beforeCommand\",\"afterCommand\",\"rootDir\",\"specs\",\"suites\",\"exclude\",\"groupLogsByTestSpec\",\"excludeDriverLogs\",\"bail\",\"framework\",\"reporters\",\"services\",\"maxInstances\",\"maxInstancesPerCapability\",\"injectGlobals\",\"filesToWatch\",\"execArgv\",\"runnerEnv\",\"runner\",\"shard\",\"specFileRetries\",\"specFileRetriesDelay\",\"specFileRetriesDeferred\",\"reporterSyncInterval\",\"reporterSyncTimeout\",\"cucumberFeaturesWithLineNumbers\",\"autoCompileOpts\",\"mochaOpts\",\"jasmineOpts\",\"cucumberOpts\",\"onPrepare\",\"onWorkerStart\",\"onWorkerEnd\",\"before\",\"beforeSession\",\"beforeSuite\",\"beforeHook\",\"beforeTest\",\"afterTest\",\"afterHook\",\"afterSuite\",\"afterSession\",\"after\",\"onComplete\",\"beforeAssertion\",\"afterAssertion\",\"beforeFeature\",\"beforeScenario\",\"beforeStep\",\"afterStep\",\"afterScenario\",\"afterFeature\",\"_\",\"suite\",\"$0\",\"ignoredWorkerServices\",\"wdi5\"]"}]}
COMMAND: POST /session/060cacbffd4401a8364377c341db2bd1/execute/async - {"script":"<script> [21126 bytes]","args":[35000]}
RESULT: {"script":"<script> [21126 bytes]","args":[35000]}
COMMAND: POST /session/060cacbffd4401a8364377c341db2bd1/window/maximize - {}
RESULT: {}
COMMAND: POST /session/060cacbffd4401a8364377c341db2bd1/execute/async - {"script":"<script> [1562 bytes]","args":[{"selector":{"id":"shell-header","interaction":{"idSuffix":"icon"}},"wdio_ui5_key":"shellheader"}]}
COMMAND: GET /session/060cacbffd4401a8364377c341db2bd1/screenshot - {}
RESULT: {"script":"<script> [1562 bytes]","args":[{"selector":{"id":"shell-header","interaction":{"idSuffix":"icon"}},"wdio_ui5_key":"shellheader"}]}
RESULT: undefined
COMMAND: POST /session/060cacbffd4401a8364377c341db2bd1/refresh - {}
RESULT: {}
RESULT: {}
COMMAND: GET /session/060cacbffd4401a8364377c341db2bd1/screenshot - {}
RESULT: {}
COMMAND: POST /session/060cacbffd4401a8364377c341db2bd1/refresh - {}
RESULT: {}
COMMAND: GET /session/060cacbffd4401a8364377c341db2bd1/screenshot - {}
RESULT: {}
COMMAND: POST /session/060cacbffd4401a8364377c341db2bd1/window/fullscreen - {}
RESULT: {}
COMMAND: POST /session/060cacbffd4401a8364377c341db2bd1/execute/async - {"script":"<script> [189 bytes]","args":[]}
RESULT: {"script":"<script> [189 bytes]","args":[]}
COMMAND: POST /session/060cacbffd4401a8364377c341db2bd1/execute/async - {"script":"<script> [123 bytes]","args":[]}
RESULT: {"script":"<script> [123 bytes]","args":[]}
COMMAND: POST /session/060cacbffd4401a8364377c341db2bd1/timeouts - {"script":"<number>"}
RESULT: {"script":"<number>"}
COMMAND: GET /session/060cacbffd4401a8364377c341db2bd1/timeouts - {}
RESULT: {}
RESULT: undefined
COMMAND: POST /session/060cacbffd4401a8364377c341db2bd1/execute/async - {"script":"<script> [2676 bytes]","args":[]}
RESULT: {"script":"<script> [2676 bytes]","args":[]}
COMMAND: POST /session/060cacbffd4401a8364377c341db2bd1/execute/async - {"script":"<script> [2342 bytes]","args":[{"protocol":"http","hostname":"0.0.0.0","path":"/","capabilities":{"browserName":"chrome","goog:chromeOptions":{"binary":"C:\\Program Files\\Google\\Chrome\\Application\\chrome.exe","args":["--start-maximized"]}},"logLevel":"warn","connectionRetryTimeout":120000,"connectionRetryCount":3,"logLevels":{},"enableDirectConnect":true,"strictSSL":true,"_":"65 more keys: [\"cacheDir\",\"port\",\"requestedCapabilities\",\"automationProtocol\",\"baseUrl\",\"waitforInterval\",\"waitforTimeout\",\"onReload\",\"beforeCommand\",\"afterCommand\",\"rootDir\",\"specs\",\"suites\",\"exclude\",\"groupLogsByTestSpec\",\"excludeDriverLogs\",\"bail\",\"framework\",\"reporters\",\"services\",\"maxInstances\",\"maxInstancesPerCapability\",\"injectGlobals\",\"filesToWatch\",\"execArgv\",\"runnerEnv\",\"runner\",\"shard\",\"specFileRetries\",\"specFileRetriesDelay\",\"specFileRetriesDeferred\",\"reporterSyncInterval\",\"reporterSyncTimeout\",\"cucumberFeaturesWithLineNumbers\",\"autoCompileOpts\",\"mochaOpts\",\"jasmineOpts\",\"cucumberOpts\",\"onPrepare\",\"onWorkerStart\",\"onWorkerEnd\",\"before\",\"beforeSession\",\"beforeSuite\",\"beforeHook\",\"beforeTest\",\"afterTest\",\"afterHook\",\"afterSuite\",\"afterSession\",\"after\",\"onComplete\",\"beforeAssertion\",\"afterAssertion\",\"beforeFeature\",\"beforeScenario\",\"beforeStep\",\"afterStep\",\"afterScenario\",\"afterFeature\",\"_\",\"suite\",\"$0\",\"ignoredWorkerServices\",\"wdi5\"]"}]}
RESULT: {"script":"<script> [2342 bytes]","args":[{"protocol":"http","hostname":"0.0.0.0","path":"/","capabilities":{"browserName":"chrome","goog:chromeOptions":{"binary":"C:\\Program Files\\Google\\Chrome\\Application\\chrome.exe","args":["--start-maximized"]}},"logLevel":"warn","connectionRetryTimeout":120000,"connectionRetryCount":3,"logLevels":{},"enableDirectConnect":true,"strictSSL":true,"_":"65 more keys: [\"cacheDir\",\"port\",\"requestedCapabilities\",\"automationProtocol\",\"baseUrl\",\"waitforInterval\",\"waitforTimeout\",\"onReload\",\"beforeCommand\",\"afterCommand\",\"rootDir\",\"specs\",\"suites\",\"exclude\",\"groupLogsByTestSpec\",\"excludeDriverLogs\",\"bail\",\"framework\",\"reporters\",\"services\",\"maxInstances\",\"maxInstancesPerCapability\",\"injectGlobals\",\"filesToWatch\",\"execArgv\",\"runnerEnv\",\"runner\",\"shard\",\"specFileRetries\",\"specFileRetriesDelay\",\"specFileRetriesDeferred\",\"reporterSyncInterval\",\"reporterSyncTimeout\",\"cucumberFeaturesWithLineNumbers\",\"autoCompileOpts\",\"mochaOpts\",\"jasmineOpts\",\"cucumberOpts\",\"onPrepare\",\"onWorkerStart\",\"onWorkerEnd\",\"before\",\"beforeSession\",\"beforeSuite\",\"beforeHook\",\"beforeTest\",\"afterTest\",\"afterHook\",\"afterSuite\",\"afterSession\",\"after\",\"onComplete\",\"beforeAssertion\",\"afterAssertion\",\"beforeFeature\",\"beforeScenario\",\"beforeStep\",\"afterStep\",\"afterScenario\",\"afterFeature\",\"_\",\"suite\",\"$0\",\"ignoredWorkerServices\",\"wdi5\"]"}]}
COMMAND: POST /session/060cacbffd4401a8364377c341db2bd1/execute/async - {"script":"<script> [21126 bytes]","args":[35000]}
RESULT: {"script":"<script> [21126 bytes]","args":[35000]}
]]></system-out>
    </testcase>
  </testsuite>
  <testsuite timestamp="2025-05-18T17:03:09" time="118.948" tests="3" failures="0" errors="0" skipped="0">
    <properties>
      <property name="specId" value="0" />
      <property name="suiteName" value="Set up pricing rule(OT) 104624" />
      <property name="capabilities" value="chrome.136_0_7103_93.windows" />
      <property name="file" value="file:///D:/a/1/s/test/specs/BTS/create-pricing-rule.spec.js" />
    </properties>
    <testcase classname="chrome.136_0_7103_93.windows.Set_up_pricing_rule(OT)_104624" name="Should create a new yard used for all following tests" time="0.027">
      <system-out><![CDATA[
COMMAND: POST /session/060cacbffd4401a8364377c341db2bd1/window/fullscreen - {}
RESULT: {}
]]></system-out>
    </testcase>
    <testcase classname="chrome.136_0_7103_93.windows.Set_up_pricing_rule(OT)_104624" name="Should create a new equipment used for all following tests" time="0.004" />
    <testcase classname="chrome.136_0_7103_93.windows.Set_up_pricing_rule(OT)_104624" name="Should create new pricing rule on the created resource from earlier module or above" time="64.467">
      <system-out><![CDATA[
COMMAND: POST /session/060cacbffd4401a8364377c341db2bd1/execute/async - {"script":"<script> [1562 bytes]","args":[{"selector":{"controlType":"sap.m.GenericTile","properties":{"header":"Manage Pricing Rules"}},"wdio_ui5_key":"sapm.GenericTile{\"header\":\"Manage Pricing Rules\"}"}]}
RESULT: {"script":"<script> [1562 bytes]","args":[{"selector":{"controlType":"sap.m.GenericTile","properties":{"header":"Manage Pricing Rules"}},"wdio_ui5_key":"sapm.GenericTile{\"header\":\"Manage Pricing Rules\"}"}]}
RESULT: undefined
COMMAND: POST /session/060cacbffd4401a8364377c341db2bd1/element - {"using":"xpath","value":"//*[@id=\"__tile55\"]"}
RESULT: {"using":"xpath","value":"//*[@id=\"__tile55\"]"}
COMMAND: POST /session/060cacbffd4401a8364377c341db2bd1/element/f.137111DC309FACC23B5F67A3B3455007.d.2D5B0828089A70F937C6CA70E1080BB5.e.2353/click - {}
RESULT: {}
COMMAND: GET /session/060cacbffd4401a8364377c341db2bd1/screenshot - {}
RESULT: {}
COMMAND: POST /session/060cacbffd4401a8364377c341db2bd1/elements - {"using":"xpath","value":"//span[text()='Error']"}
RESULT: {"using":"xpath","value":"//span[text()='Error']"}
COMMAND: POST /session/060cacbffd4401a8364377c341db2bd1/execute/async - {"script":"<script> [1562 bytes]","args":[{"selector":{"controlType":"sap.ui.core.Icon","viewName":"etm.portal.ui.managepricingrules.view.MasterHeader","viewId":"application-managepricingrules-display-component---priceInfoHeader","properties":{"src":{"regex":{"source":"activity\\-items"}}}},"wdio_ui5_key":"etmportal.ui.managepricingrules.view.MasterHeadersap.ui.core.Icon{\"src\":{\"regex\":{\"source\":\"activity\\\\-items\"}}}"}]}
RESULT: {"script":"<script> [1562 bytes]","args":[{"selector":{"controlType":"sap.ui.core.Icon","viewName":"etm.portal.ui.managepricingrules.view.MasterHeader","viewId":"application-managepricingrules-display-component---priceInfoHeader","properties":{"src":{"regex":{"source":"activity\\-items"}}}},"wdio_ui5_key":"etmportal.ui.managepricingrules.view.MasterHeadersap.ui.core.Icon{\"src\":{\"regex\":{\"source\":\"activity\\\\-items\"}}}"}]}
RESULT: undefined
COMMAND: POST /session/060cacbffd4401a8364377c341db2bd1/element - {"using":"xpath","value":"//*[@id=\"__filter1-icon\"]"}
RESULT: {"using":"xpath","value":"//*[@id=\"__filter1-icon\"]"}
COMMAND: POST /session/060cacbffd4401a8364377c341db2bd1/element/f.137111DC309FACC23B5F67A3B3455007.d.2D5B0828089A70F937C6CA70E1080BB5.e.2406/click - {}
RESULT: {}
COMMAND: GET /session/060cacbffd4401a8364377c341db2bd1/screenshot - {}
RESULT: {}
COMMAND: POST /session/060cacbffd4401a8364377c341db2bd1/element - {"using":"xpath","value":"//button[@data-kt=\"addButton\"]"}
RESULT: {"using":"xpath","value":"//button[@data-kt=\"addButton\"]"}
COMMAND: POST /session/060cacbffd4401a8364377c341db2bd1/elements - {"using":"xpath","value":"//button[@data-kt=\"addButton\"]"}
RESULT: {"using":"xpath","value":"//button[@data-kt=\"addButton\"]"}
COMMAND: POST /session/060cacbffd4401a8364377c341db2bd1/execute/sync - {"script":"<script> [8489 bytes]","args":[{"element-6066-11e4-a52e-4f735466cecf":"f.137111DC309FACC23B5F67A3B3455007.d.2D5B0828089A70F937C6CA70E1080BB5.e.2453","ELEMENT":"f.137111DC309FACC23B5F67A3B3455007.d.2D5B0828089A70F937C6CA70E1080BB5.e.2453"}]}
RESULT: {"script":"<script> [8489 bytes]","args":[{"element-6066-11e4-a52e-4f735466cecf":"f.137111DC309FACC23B5F67A3B3455007.d.2D5B0828089A70F937C6CA70E1080BB5.e.2453","ELEMENT":"f.137111DC309FACC23B5F67A3B3455007.d.2D5B0828089A70F937C6CA70E1080BB5.e.2453"}]}
COMMAND: GET /session/060cacbffd4401a8364377c341db2bd1/element/f.137111DC309FACC23B5F67A3B3455007.d.2D5B0828089A70F937C6CA70E1080BB5.e.2453/enabled - {}
COMMAND: GET /session/060cacbffd4401a8364377c341db2bd1/screenshot - {}
RESULT: {}
COMMAND: POST /session/060cacbffd4401a8364377c341db2bd1/execute/sync - {"script":"<script> [8489 bytes]","args":[{"element-6066-11e4-a52e-4f735466cecf":"f.137111DC309FACC23B5F67A3B3455007.d.2D5B0828089A70F937C6CA70E1080BB5.e.2453","ELEMENT":"f.137111DC309FACC23B5F67A3B3455007.d.2D5B0828089A70F937C6CA70E1080BB5.e.2453"}]}
COMMAND: GET /session/060cacbffd4401a8364377c341db2bd1/screenshot - {}
RESULT: {}
RESULT: {"script":"<script> [8489 bytes]","args":[{"element-6066-11e4-a52e-4f735466cecf":"f.137111DC309FACC23B5F67A3B3455007.d.2D5B0828089A70F937C6CA70E1080BB5.e.2453","ELEMENT":"f.137111DC309FACC23B5F67A3B3455007.d.2D5B0828089A70F937C6CA70E1080BB5.e.2453"}]}
COMMAND: POST /session/060cacbffd4401a8364377c341db2bd1/execute/sync - {"script":"<script> [5351 bytes]","args":[{"element-6066-11e4-a52e-4f735466cecf":"f.137111DC309FACC23B5F67A3B3455007.d.2D5B0828089A70F937C6CA70E1080BB5.e.2453","ELEMENT":"f.137111DC309FACC23B5F67A3B3455007.d.2D5B0828089A70F937C6CA70E1080BB5.e.2453"}]}
COMMAND: GET /session/060cacbffd4401a8364377c341db2bd1/screenshot - {}
RESULT: {}
RESULT: {"script":"<script> [5351 bytes]","args":[{"element-6066-11e4-a52e-4f735466cecf":"f.137111DC309FACC23B5F67A3B3455007.d.2D5B0828089A70F937C6CA70E1080BB5.e.2453","ELEMENT":"f.137111DC309FACC23B5F67A3B3455007.d.2D5B0828089A70F937C6CA70E1080BB5.e.2453"}]}
COMMAND: POST /session/060cacbffd4401a8364377c341db2bd1/element/f.137111DC309FACC23B5F67A3B3455007.d.2D5B0828089A70F937C6CA70E1080BB5.e.2453/click - {}
COMMAND: GET /session/060cacbffd4401a8364377c341db2bd1/screenshot - {}
RESULT: {}
RESULT: {}
COMMAND: GET /session/060cacbffd4401a8364377c341db2bd1/screenshot - {}
RESULT: {}
RESULT: {}
COMMAND: POST /session/060cacbffd4401a8364377c341db2bd1/execute/async - {"script":"<script> [1562 bytes]","args":[{"selector":{"controlType":"sap.m.Title","viewName":"etm.portal.ui.managepricingrules.view.NewItem","viewId":"application-managepricingrules-display-component---newInfoPriceItem","properties":{"text":"New Pricing Rules - Item Level"}},"wdio_ui5_key":"etmportal.ui.managepricingrules.view.NewItemsap.m.Title{\"text\":\"New Pricing Rules - Item Level\"}"}]}
RESULT: {"script":"<script> [1562 bytes]","args":[{"selector":{"controlType":"sap.m.Title","viewName":"etm.portal.ui.managepricingrules.view.NewItem","viewId":"application-managepricingrules-display-component---newInfoPriceItem","properties":{"text":"New Pricing Rules - Item Level"}},"wdio_ui5_key":"etmportal.ui.managepricingrules.view.NewItemsap.m.Title{\"text\":\"New Pricing Rules - Item Level\"}"}]}
RESULT: undefined
COMMAND: POST /session/060cacbffd4401a8364377c341db2bd1/execute/async - {"script":"<script> [6424 bytes]","args":[{"element-6066-11e4-a52e-4f735466cecf":"f.137111DC309FACC23B5F67A3B3455007.d.2D5B0828089A70F937C6CA70E1080BB5.e.2739"},"getText",[]]}
RESULT: {"script":"<script> [6424 bytes]","args":[{"element-6066-11e4-a52e-4f735466cecf":"f.137111DC309FACC23B5F67A3B3455007.d.2D5B0828089A70F937C6CA70E1080BB5.e.2739"},"getText",[]]}
COMMAND: POST /session/060cacbffd4401a8364377c341db2bd1/execute/async - {"script":"<script> [1562 bytes]","args":[{"selector":{"id":"application-managepricingrules-display-component---newInfoPriceItem--condValidTo","interaction":{"idSuffix":"inner"}},"wdio_ui5_key":"applicationmanagepricingrules-display-component---newInfoPriceItem--condValidTo"}]}
RESULT: {"script":"<script> [1562 bytes]","args":[{"selector":{"id":"application-managepricingrules-display-component---newInfoPriceItem--condValidTo","interaction":{"idSuffix":"inner"}},"wdio_ui5_key":"applicationmanagepricingrules-display-component---newInfoPriceItem--condValidTo"}]}
RESULT: undefined
COMMAND: POST /session/060cacbffd4401a8364377c341db2bd1/execute/async - {"script":"<script> [776 bytes]","args":[{"enterText":"1/18/26","selector":{"id":"application-managepricingrules-display-component---newInfoPriceItem--condValidTo","interaction":{"idSuffix":"inner"}},"clearTextFirst":true,"interactionType":"ENTER_TEXT"}]}
RESULT: {"script":"<script> [776 bytes]","args":[{"enterText":"1/18/26","selector":{"id":"application-managepricingrules-display-component---newInfoPriceItem--condValidTo","interaction":{"idSuffix":"inner"}},"clearTextFirst":true,"interactionType":"ENTER_TEXT"}]}
COMMAND: POST /session/060cacbffd4401a8364377c341db2bd1/element - {"using":"xpath","value":"//input[@id=\"application-managepricingrules-display-component---newInfoPriceItem--condRU-inner\"]"}
RESULT: {"using":"xpath","value":"//input[@id=\"application-managepricingrules-display-component---newInfoPriceItem--condRU-inner\"]"}
COMMAND: POST /session/060cacbffd4401a8364377c341db2bd1/element/f.137111DC309FACC23B5F67A3B3455007.d.2D5B0828089A70F937C6CA70E1080BB5.e.2708/clear - {}
RESULT: {}
COMMAND: POST /session/060cacbffd4401a8364377c341db2bd1/element/f.137111DC309FACC23B5F67A3B3455007.d.2D5B0828089A70F937C6CA70E1080BB5.e.2708/value - {"text":"HF5Cuz7MYw"}
COMMAND: GET /session/060cacbffd4401a8364377c341db2bd1/screenshot - {}
RESULT: {"text":"HF5Cuz7MYw"}
COMMAND: GET /session/060cacbffd4401a8364377c341db2bd1/screenshot - {}
RESULT: {}
RESULT: {}
COMMAND: POST /session/060cacbffd4401a8364377c341db2bd1/execute/async - {"script":"<script> [1562 bytes]","args":[{"selector":{"id":"application-managepricingrules-display-component---newInfoPriceItem--billType-arrow"},"wdio_ui5_key":"applicationmanagepricingrules-display-component---newInfoPriceItem--billType-arrow"}]}
RESULT: {"script":"<script> [1562 bytes]","args":[{"selector":{"id":"application-managepricingrules-display-component---newInfoPriceItem--billType-arrow"},"wdio_ui5_key":"applicationmanagepricingrules-display-component---newInfoPriceItem--billType-arrow"}]}
RESULT: undefined
COMMAND: POST /session/060cacbffd4401a8364377c341db2bd1/element - {"using":"xpath","value":"//*[@id=\"application-managepricingrules-display-component---newInfoPriceItem--billType-arrow\"]"}
RESULT: {"using":"xpath","value":"//*[@id=\"application-managepricingrules-display-component---newInfoPriceItem--billType-arrow\"]"}
COMMAND: POST /session/060cacbffd4401a8364377c341db2bd1/element/f.137111DC309FACC23B5F67A3B3455007.d.2D5B0828089A70F937C6CA70E1080BB5.e.2799/click - {}
RESULT: {}
COMMAND: POST /session/060cacbffd4401a8364377c341db2bd1/element - {"using":"xpath","value":"//span[contains(text(), \"OT - Sales (one-time)\")]"}
COMMAND: GET /session/060cacbffd4401a8364377c341db2bd1/screenshot - {}
RESULT: {"using":"xpath","value":"//span[contains(text(), \"OT - Sales (one-time)\")]"}
COMMAND: POST /session/060cacbffd4401a8364377c341db2bd1/element/f.137111DC309FACC23B5F67A3B3455007.d.2D5B0828089A70F937C6CA70E1080BB5.e.2843/click - {}
RESULT: {}
RESULT: {}
COMMAND: POST /session/060cacbffd4401a8364377c341db2bd1/execute/async - {"script":"<script> [1562 bytes]","args":[{"selector":{"id":"application-managepricingrules-display-component---newInfoPriceItem--priceProc-arrow"},"wdio_ui5_key":"applicationmanagepricingrules-display-component---newInfoPriceItem--priceProc-arrow"}]}
COMMAND: GET /session/060cacbffd4401a8364377c341db2bd1/screenshot - {}
RESULT: {"script":"<script> [1562 bytes]","args":[{"selector":{"id":"application-managepricingrules-display-component---newInfoPriceItem--priceProc-arrow"},"wdio_ui5_key":"applicationmanagepricingrules-display-component---newInfoPriceItem--priceProc-arrow"}]}
RESULT: undefined
COMMAND: POST /session/060cacbffd4401a8364377c341db2bd1/element - {"using":"xpath","value":"//*[@id=\"application-managepricingrules-display-component---newInfoPriceItem--priceProc-arrow\"]"}
RESULT: {}
RESULT: {"using":"xpath","value":"//*[@id=\"application-managepricingrules-display-component---newInfoPriceItem--priceProc-arrow\"]"}
COMMAND: POST /session/060cacbffd4401a8364377c341db2bd1/element/f.137111DC309FACC23B5F67A3B3455007.d.2D5B0828089A70F937C6CA70E1080BB5.e.2806/click - {}
RESULT: {}
COMMAND: POST /session/060cacbffd4401a8364377c341db2bd1/element - {"using":"xpath","value":"//span[contains(text(), \"MAT - Material\")]"}
COMMAND: GET /session/060cacbffd4401a8364377c341db2bd1/screenshot - {}
RESULT: {"using":"xpath","value":"//span[contains(text(), \"MAT - Material\")]"}
COMMAND: POST /session/060cacbffd4401a8364377c341db2bd1/element/f.137111DC309FACC23B5F67A3B3455007.d.2D5B0828089A70F937C6CA70E1080BB5.e.2844/click - {}
RESULT: {}
RESULT: {}
COMMAND: POST /session/060cacbffd4401a8364377c341db2bd1/execute/async - {"script":"<script> [1562 bytes]","args":[{"selector":{"id":"application-managepricingrules-display-component---newInfoPriceItem--calcBase-arrow"},"wdio_ui5_key":"applicationmanagepricingrules-display-component---newInfoPriceItem--calcBase-arrow"}]}
COMMAND: GET /session/060cacbffd4401a8364377c341db2bd1/screenshot - {}
RESULT: {"script":"<script> [1562 bytes]","args":[{"selector":{"id":"application-managepricingrules-display-component---newInfoPriceItem--calcBase-arrow"},"wdio_ui5_key":"applicationmanagepricingrules-display-component---newInfoPriceItem--calcBase-arrow"}]}
RESULT: undefined
COMMAND: POST /session/060cacbffd4401a8364377c341db2bd1/element - {"using":"xpath","value":"//*[@id=\"application-managepricingrules-display-component---newInfoPriceItem--calcBase-arrow\"]"}
RESULT: {}
RESULT: {"using":"xpath","value":"//*[@id=\"application-managepricingrules-display-component---newInfoPriceItem--calcBase-arrow\"]"}
COMMAND: POST /session/060cacbffd4401a8364377c341db2bd1/element/f.137111DC309FACC23B5F67A3B3455007.d.2D5B0828089A70F937C6CA70E1080BB5.e.2813/click - {}
RESULT: {}
COMMAND: GET /session/060cacbffd4401a8364377c341db2bd1/screenshot - {}
RESULT: {}
COMMAND: POST /session/060cacbffd4401a8364377c341db2bd1/element - {"using":"xpath","value":"//span[contains(text(), \"0001 - TB(exact month + cal_days)\")]"}
RESULT: {"using":"xpath","value":"//span[contains(text(), \"0001 - TB(exact month + cal_days)\")]"}
COMMAND: POST /session/060cacbffd4401a8364377c341db2bd1/element/f.137111DC309FACC23B5F67A3B3455007.d.2D5B0828089A70F937C6CA70E1080BB5.e.2845/click - {}
RESULT: {}
COMMAND: GET /session/060cacbffd4401a8364377c341db2bd1/screenshot - {}
RESULT: {}
COMMAND: POST /session/060cacbffd4401a8364377c341db2bd1/element - {"using":"xpath","value":"//button[@data-kt=\"saveNewRuleButton\"]"}
RESULT: {"using":"xpath","value":"//button[@data-kt=\"saveNewRuleButton\"]"}
COMMAND: POST /session/060cacbffd4401a8364377c341db2bd1/element/f.137111DC309FACC23B5F67A3B3455007.d.2D5B0828089A70F937C6CA70E1080BB5.e.2833/click - {}
RESULT: {}
COMMAND: GET /session/060cacbffd4401a8364377c341db2bd1/screenshot - {}
RESULT: {}
COMMAND: POST /session/060cacbffd4401a8364377c341db2bd1/execute/async - {"script":"<script> [1562 bytes]","args":[{"selector":{"id":"application-managepricingrules-display-component---priceInfoItem--smartFilterBar-btnBasicSearch","interaction":{"idSuffix":"I"}},"wdio_ui5_key":"applicationmanagepricingrules-display-component---priceInfoItem--smartFilterBar-btnBasicSearch"}]}
RESULT: {"script":"<script> [1562 bytes]","args":[{"selector":{"id":"application-managepricingrules-display-component---priceInfoItem--smartFilterBar-btnBasicSearch","interaction":{"idSuffix":"I"}},"wdio_ui5_key":"applicationmanagepricingrules-display-component---priceInfoItem--smartFilterBar-btnBasicSearch"}]}
RESULT: undefined
COMMAND: POST /session/060cacbffd4401a8364377c341db2bd1/execute/async - {"script":"<script> [776 bytes]","args":[{"enterText":"HF5Cuz7MYw","selector":{"id":"application-managepricingrules-display-component---priceInfoItem--smartFilterBar-btnBasicSearch","interaction":{"idSuffix":"I"}},"clearTextFirst":true,"interactionType":"ENTER_TEXT"}]}
RESULT: {"script":"<script> [776 bytes]","args":[{"enterText":"HF5Cuz7MYw","selector":{"id":"application-managepricingrules-display-component---priceInfoItem--smartFilterBar-btnBasicSearch","interaction":{"idSuffix":"I"}},"clearTextFirst":true,"interactionType":"ENTER_TEXT"}]}
COMMAND: POST /session/060cacbffd4401a8364377c341db2bd1/actions - {"actions":[{"id":"action10","type":"key","parameters":{},"actions":[{"type":"keyDown","value":"î€‡"},{"type":"pause","duration":10},{"type":"keyUp","value":"î€‡"}]}]}
RESULT: {"actions":[{"id":"action10","type":"key","parameters":{},"actions":[{"type":"keyDown","value":"î€‡"},{"type":"pause","duration":10},{"type":"keyUp","value":"î€‡"}]}]}
COMMAND: GET /session/060cacbffd4401a8364377c341db2bd1/screenshot - {}
RESULT: {}
COMMAND: POST /session/060cacbffd4401a8364377c341db2bd1/element - {"using":"xpath","value":"//span[@id=\"application-managepricingrules-display-component---priceInfoItem--smartTable-header-inner\"]"}
RESULT: {"using":"xpath","value":"//span[@id=\"application-managepricingrules-display-component---priceInfoItem--smartTable-header-inner\"]"}
COMMAND: POST /session/060cacbffd4401a8364377c341db2bd1/elements - {"using":"xpath","value":"//span[@id=\"application-managepricingrules-display-component---priceInfoItem--smartTable-header-inner\"]"}
RESULT: {"using":"xpath","value":"//span[@id=\"application-managepricingrules-display-component---priceInfoItem--smartTable-header-inner\"]"}
COMMAND: POST /session/060cacbffd4401a8364377c341db2bd1/execute/sync - {"script":"<script> [56 bytes]","args":[{"element-6066-11e4-a52e-4f735466cecf":"f.137111DC309FACC23B5F67A3B3455007.d.2D5B0828089A70F937C6CA70E1080BB5.e.2873","ELEMENT":"f.137111DC309FACC23B5F67A3B3455007.d.2D5B0828089A70F937C6CA70E1080BB5.e.2873"}]}
RESULT: {"script":"<script> [56 bytes]","args":[{"element-6066-11e4-a52e-4f735466cecf":"f.137111DC309FACC23B5F67A3B3455007.d.2D5B0828089A70F937C6CA70E1080BB5.e.2873","ELEMENT":"f.137111DC309FACC23B5F67A3B3455007.d.2D5B0828089A70F937C6CA70E1080BB5.e.2873"}]}
COMMAND: POST /session/060cacbffd4401a8364377c341db2bd1/element - {"using":"css selector","value":"#shell-header-logo"}
COMMAND: GET /session/060cacbffd4401a8364377c341db2bd1/screenshot - {}
RESULT: {"using":"css selector","value":"#shell-header-logo"}
COMMAND: POST /session/060cacbffd4401a8364377c341db2bd1/element/f.137111DC309FACC23B5F67A3B3455007.d.2D5B0828089A70F937C6CA70E1080BB5.e.2359/click - {}
RESULT: {}
RESULT: {}
COMMAND: GET /session/060cacbffd4401a8364377c341db2bd1/screenshot - {}
RESULT: {}
COMMAND: POST /session/060cacbffd4401a8364377c341db2bd1/element - {"using":"css selector","value":"#j_username"}
COMMAND: POST /session/060cacbffd4401a8364377c341db2bd1/url - {"url":"https://qa-testing-00-live-etm-ui.cfapps.eu10-004.hana.ondemand.com/"}
RESULT: {"using":"css selector","value":"#j_username"}
COMMAND: POST /session/060cacbffd4401a8364377c341db2bd1/element - {"using":"css selector","value":"#j_username"}
RESULT: {"url":"https://qa-testing-00-live-etm-ui.cfapps.eu10-004.hana.ondemand.com/"}
RESULT: undefined
COMMAND: GET /session/060cacbffd4401a8364377c341db2bd1/screenshot - {}
RESULT: {"using":"css selector","value":"#j_username"}
COMMAND: POST /session/060cacbffd4401a8364377c341db2bd1/element - {"using":"css selector","value":"#shell-header-logo"}
RESULT: {}
RESULT: {"using":"css selector","value":"#shell-header-logo"}
COMMAND: POST /session/060cacbffd4401a8364377c341db2bd1/execute/sync - {"script":"<script> [8489 bytes]","args":[{"element-6066-11e4-a52e-4f735466cecf":"f.137111DC309FACC23B5F67A3B3455007.d.530FFB93111C586A72B0D970774AB65A.e.2886","ELEMENT":"f.137111DC309FACC23B5F67A3B3455007.d.530FFB93111C586A72B0D970774AB65A.e.2886"}]}
RESULT: {"script":"<script> [8489 bytes]","args":[{"element-6066-11e4-a52e-4f735466cecf":"f.137111DC309FACC23B5F67A3B3455007.d.530FFB93111C586A72B0D970774AB65A.e.2886","ELEMENT":"f.137111DC309FACC23B5F67A3B3455007.d.530FFB93111C586A72B0D970774AB65A.e.2886"}]}
COMMAND: POST /session/060cacbffd4401a8364377c341db2bd1/element - {"using":"css selector","value":"#shell-header-logo"}
COMMAND: GET /session/060cacbffd4401a8364377c341db2bd1/screenshot - {}
RESULT: {"using":"css selector","value":"#shell-header-logo"}
COMMAND: POST /session/060cacbffd4401a8364377c341db2bd1/execute/sync - {"script":"<script> [8489 bytes]","args":[{"element-6066-11e4-a52e-4f735466cecf":"f.137111DC309FACC23B5F67A3B3455007.d.530FFB93111C586A72B0D970774AB65A.e.2886","ELEMENT":"f.137111DC309FACC23B5F67A3B3455007.d.530FFB93111C586A72B0D970774AB65A.e.2886"}]}
RESULT: {}
RESULT: {"script":"<script> [8489 bytes]","args":[{"element-6066-11e4-a52e-4f735466cecf":"f.137111DC309FACC23B5F67A3B3455007.d.530FFB93111C586A72B0D970774AB65A.e.2886","ELEMENT":"f.137111DC309FACC23B5F67A3B3455007.d.530FFB93111C586A72B0D970774AB65A.e.2886"}]}
COMMAND: POST /session/060cacbffd4401a8364377c341db2bd1/execute/sync - {"script":"<script> [5351 bytes]","args":[{"element-6066-11e4-a52e-4f735466cecf":"f.137111DC309FACC23B5F67A3B3455007.d.530FFB93111C586A72B0D970774AB65A.e.2886","ELEMENT":"f.137111DC309FACC23B5F67A3B3455007.d.530FFB93111C586A72B0D970774AB65A.e.2886"}]}
COMMAND: GET /session/060cacbffd4401a8364377c341db2bd1/screenshot - {}
RESULT: {"script":"<script> [5351 bytes]","args":[{"element-6066-11e4-a52e-4f735466cecf":"f.137111DC309FACC23B5F67A3B3455007.d.530FFB93111C586A72B0D970774AB65A.e.2886","ELEMENT":"f.137111DC309FACC23B5F67A3B3455007.d.530FFB93111C586A72B0D970774AB65A.e.2886"}]}
COMMAND: POST /session/060cacbffd4401a8364377c341db2bd1/element - {"using":"css selector","value":"#shell-header-logo"}
COMMAND: GET /session/060cacbffd4401a8364377c341db2bd1/screenshot - {}
RESULT: {}
RESULT: {"using":"css selector","value":"#shell-header-logo"}
COMMAND: POST /session/060cacbffd4401a8364377c341db2bd1/element/f.137111DC309FACC23B5F67A3B3455007.d.530FFB93111C586A72B0D970774AB65A.e.2886/click - {}
RESULT: {}
RESULT: {}
COMMAND: GET /session/060cacbffd4401a8364377c341db2bd1/screenshot - {}
RESULT: {}
COMMAND: POST /session/060cacbffd4401a8364377c341db2bd1/execute/async - {"script":"<script> [189 bytes]","args":[]}
RESULT: {"script":"<script> [189 bytes]","args":[]}
COMMAND: POST /session/060cacbffd4401a8364377c341db2bd1/execute/async - {"script":"<script> [123 bytes]","args":[]}
RESULT: {"script":"<script> [123 bytes]","args":[]}
COMMAND: POST /session/060cacbffd4401a8364377c341db2bd1/timeouts - {"script":"<number>"}
RESULT: {"script":"<number>"}
COMMAND: GET /session/060cacbffd4401a8364377c341db2bd1/timeouts - {}
RESULT: {}
RESULT: undefined
COMMAND: POST /session/060cacbffd4401a8364377c341db2bd1/execute/async - {"script":"<script> [2676 bytes]","args":[]}
RESULT: {"script":"<script> [2676 bytes]","args":[]}
COMMAND: POST /session/060cacbffd4401a8364377c341db2bd1/execute/async - {"script":"<script> [2342 bytes]","args":[{"protocol":"http","hostname":"0.0.0.0","path":"/","capabilities":{"browserName":"chrome","goog:chromeOptions":{"binary":"C:\\Program Files\\Google\\Chrome\\Application\\chrome.exe","args":["--start-maximized"]}},"logLevel":"warn","connectionRetryTimeout":120000,"connectionRetryCount":3,"logLevels":{},"enableDirectConnect":true,"strictSSL":true,"_":"65 more keys: [\"cacheDir\",\"port\",\"requestedCapabilities\",\"automationProtocol\",\"baseUrl\",\"waitforInterval\",\"waitforTimeout\",\"onReload\",\"beforeCommand\",\"afterCommand\",\"rootDir\",\"specs\",\"suites\",\"exclude\",\"groupLogsByTestSpec\",\"excludeDriverLogs\",\"bail\",\"framework\",\"reporters\",\"services\",\"maxInstances\",\"maxInstancesPerCapability\",\"injectGlobals\",\"filesToWatch\",\"execArgv\",\"runnerEnv\",\"runner\",\"shard\",\"specFileRetries\",\"specFileRetriesDelay\",\"specFileRetriesDeferred\",\"reporterSyncInterval\",\"reporterSyncTimeout\",\"cucumberFeaturesWithLineNumbers\",\"autoCompileOpts\",\"mochaOpts\",\"jasmineOpts\",\"cucumberOpts\",\"onPrepare\",\"onWorkerStart\",\"onWorkerEnd\",\"before\",\"beforeSession\",\"beforeSuite\",\"beforeHook\",\"beforeTest\",\"afterTest\",\"afterHook\",\"afterSuite\",\"afterSession\",\"after\",\"onComplete\",\"beforeAssertion\",\"afterAssertion\",\"beforeFeature\",\"beforeScenario\",\"beforeStep\",\"afterStep\",\"afterScenario\",\"afterFeature\",\"_\",\"suite\",\"$0\",\"ignoredWorkerServices\",\"wdi5\"]"}]}
RESULT: {"script":"<script> [2342 bytes]","args":[{"protocol":"http","hostname":"0.0.0.0","path":"/","capabilities":{"browserName":"chrome","goog:chromeOptions":{"binary":"C:\\Program Files\\Google\\Chrome\\Application\\chrome.exe","args":["--start-maximized"]}},"logLevel":"warn","connectionRetryTimeout":120000,"connectionRetryCount":3,"logLevels":{},"enableDirectConnect":true,"strictSSL":true,"_":"65 more keys: [\"cacheDir\",\"port\",\"requestedCapabilities\",\"automationProtocol\",\"baseUrl\",\"waitforInterval\",\"waitforTimeout\",\"onReload\",\"beforeCommand\",\"afterCommand\",\"rootDir\",\"specs\",\"suites\",\"exclude\",\"groupLogsByTestSpec\",\"excludeDriverLogs\",\"bail\",\"framework\",\"reporters\",\"services\",\"maxInstances\",\"maxInstancesPerCapability\",\"injectGlobals\",\"filesToWatch\",\"execArgv\",\"runnerEnv\",\"runner\",\"shard\",\"specFileRetries\",\"specFileRetriesDelay\",\"specFileRetriesDeferred\",\"reporterSyncInterval\",\"reporterSyncTimeout\",\"cucumberFeaturesWithLineNumbers\",\"autoCompileOpts\",\"mochaOpts\",\"jasmineOpts\",\"cucumberOpts\",\"onPrepare\",\"onWorkerStart\",\"onWorkerEnd\",\"before\",\"beforeSession\",\"beforeSuite\",\"beforeHook\",\"beforeTest\",\"afterTest\",\"afterHook\",\"afterSuite\",\"afterSession\",\"after\",\"onComplete\",\"beforeAssertion\",\"afterAssertion\",\"beforeFeature\",\"beforeScenario\",\"beforeStep\",\"afterStep\",\"afterScenario\",\"afterFeature\",\"_\",\"suite\",\"$0\",\"ignoredWorkerServices\",\"wdi5\"]"}]}
COMMAND: POST /session/060cacbffd4401a8364377c341db2bd1/execute/async - {"script":"<script> [21126 bytes]","args":[35000]}
RESULT: {"script":"<script> [21126 bytes]","args":[35000]}
COMMAND: POST /session/060cacbffd4401a8364377c341db2bd1/window/maximize - {}
RESULT: {}
COMMAND: POST /session/060cacbffd4401a8364377c341db2bd1/execute/async - {"script":"<script> [1562 bytes]","args":[{"selector":{"id":"shell-header","interaction":{"idSuffix":"icon"}},"wdio_ui5_key":"shellheader"}]}
COMMAND: GET /session/060cacbffd4401a8364377c341db2bd1/screenshot - {}
RESULT: {"script":"<script> [1562 bytes]","args":[{"selector":{"id":"shell-header","interaction":{"idSuffix":"icon"}},"wdio_ui5_key":"shellheader"}]}
RESULT: undefined
COMMAND: POST /session/060cacbffd4401a8364377c341db2bd1/refresh - {}
RESULT: {}
RESULT: {}
COMMAND: GET /session/060cacbffd4401a8364377c341db2bd1/screenshot - {}
RESULT: {}
COMMAND: POST /session/060cacbffd4401a8364377c341db2bd1/refresh - {}
RESULT: {}
COMMAND: GET /session/060cacbffd4401a8364377c341db2bd1/screenshot - {}
RESULT: {}
COMMAND: POST /session/060cacbffd4401a8364377c341db2bd1/window/fullscreen - {}
RESULT: {}
COMMAND: POST /session/060cacbffd4401a8364377c341db2bd1/execute/async - {"script":"<script> [189 bytes]","args":[]}
RESULT: {"script":"<script> [189 bytes]","args":[]}
COMMAND: POST /session/060cacbffd4401a8364377c341db2bd1/execute/async - {"script":"<script> [123 bytes]","args":[]}
RESULT: {"script":"<script> [123 bytes]","args":[]}
COMMAND: POST /session/060cacbffd4401a8364377c341db2bd1/timeouts - {"script":"<number>"}
RESULT: {"script":"<number>"}
COMMAND: GET /session/060cacbffd4401a8364377c341db2bd1/timeouts - {}
RESULT: {}
RESULT: undefined
COMMAND: POST /session/060cacbffd4401a8364377c341db2bd1/execute/async - {"script":"<script> [2676 bytes]","args":[]}
RESULT: {"script":"<script> [2676 bytes]","args":[]}
COMMAND: POST /session/060cacbffd4401a8364377c341db2bd1/execute/async - {"script":"<script> [2342 bytes]","args":[{"protocol":"http","hostname":"0.0.0.0","path":"/","capabilities":{"browserName":"chrome","goog:chromeOptions":{"binary":"C:\\Program Files\\Google\\Chrome\\Application\\chrome.exe","args":["--start-maximized"]}},"logLevel":"warn","connectionRetryTimeout":120000,"connectionRetryCount":3,"logLevels":{},"enableDirectConnect":true,"strictSSL":true,"_":"65 more keys: [\"cacheDir\",\"port\",\"requestedCapabilities\",\"automationProtocol\",\"baseUrl\",\"waitforInterval\",\"waitforTimeout\",\"onReload\",\"beforeCommand\",\"afterCommand\",\"rootDir\",\"specs\",\"suites\",\"exclude\",\"groupLogsByTestSpec\",\"excludeDriverLogs\",\"bail\",\"framework\",\"reporters\",\"services\",\"maxInstances\",\"maxInstancesPerCapability\",\"injectGlobals\",\"filesToWatch\",\"execArgv\",\"runnerEnv\",\"runner\",\"shard\",\"specFileRetries\",\"specFileRetriesDelay\",\"specFileRetriesDeferred\",\"reporterSyncInterval\",\"reporterSyncTimeout\",\"cucumberFeaturesWithLineNumbers\",\"autoCompileOpts\",\"mochaOpts\",\"jasmineOpts\",\"cucumberOpts\",\"onPrepare\",\"onWorkerStart\",\"onWorkerEnd\",\"before\",\"beforeSession\",\"beforeSuite\",\"beforeHook\",\"beforeTest\",\"afterTest\",\"afterHook\",\"afterSuite\",\"afterSession\",\"after\",\"onComplete\",\"beforeAssertion\",\"afterAssertion\",\"beforeFeature\",\"beforeScenario\",\"beforeStep\",\"afterStep\",\"afterScenario\",\"afterFeature\",\"_\",\"suite\",\"$0\",\"ignoredWorkerServices\",\"wdi5\"]"}]}
RESULT: {"script":"<script> [2342 bytes]","args":[{"protocol":"http","hostname":"0.0.0.0","path":"/","capabilities":{"browserName":"chrome","goog:chromeOptions":{"binary":"C:\\Program Files\\Google\\Chrome\\Application\\chrome.exe","args":["--start-maximized"]}},"logLevel":"warn","connectionRetryTimeout":120000,"connectionRetryCount":3,"logLevels":{},"enableDirectConnect":true,"strictSSL":true,"_":"65 more keys: [\"cacheDir\",\"port\",\"requestedCapabilities\",\"automationProtocol\",\"baseUrl\",\"waitforInterval\",\"waitforTimeout\",\"onReload\",\"beforeCommand\",\"afterCommand\",\"rootDir\",\"specs\",\"suites\",\"exclude\",\"groupLogsByTestSpec\",\"excludeDriverLogs\",\"bail\",\"framework\",\"reporters\",\"services\",\"maxInstances\",\"maxInstancesPerCapability\",\"injectGlobals\",\"filesToWatch\",\"execArgv\",\"runnerEnv\",\"runner\",\"shard\",\"specFileRetries\",\"specFileRetriesDelay\",\"specFileRetriesDeferred\",\"reporterSyncInterval\",\"reporterSyncTimeout\",\"cucumberFeaturesWithLineNumbers\",\"autoCompileOpts\",\"mochaOpts\",\"jasmineOpts\",\"cucumberOpts\",\"onPrepare\",\"onWorkerStart\",\"onWorkerEnd\",\"before\",\"beforeSession\",\"beforeSuite\",\"beforeHook\",\"beforeTest\",\"afterTest\",\"afterHook\",\"afterSuite\",\"afterSession\",\"after\",\"onComplete\",\"beforeAssertion\",\"afterAssertion\",\"beforeFeature\",\"beforeScenario\",\"beforeStep\",\"afterStep\",\"afterScenario\",\"afterFeature\",\"_\",\"suite\",\"$0\",\"ignoredWorkerServices\",\"wdi5\"]"}]}
COMMAND: POST /session/060cacbffd4401a8364377c341db2bd1/execute/async - {"script":"<script> [21126 bytes]","args":[35000]}
RESULT: {"script":"<script> [21126 bytes]","args":[35000]}
]]></system-out>
    </testcase>
  </testsuite>
  <testsuite timestamp="2025-05-18T17:05:08" time="388.47" tests="6" failures="0" errors="0" skipped="0">
    <properties>
      <property name="specId" value="0" />
      <property name="suiteName" value="Edit and delete daily price US134629 US134627" />
      <property name="capabilities" value="chrome.136_0_7103_93.windows" />
      <property name="file" value="file:///D:/a/1/s/test/specs/BTS/conditions-prices-daily-price.spec.js" />
    </properties>
    <testcase classname="chrome.136_0_7103_93.windows.Edit_and_delete_daily_price_US134629_US134627" name="Should create a new yard used for all following tests" time="0.158">
      <system-out><![CDATA[
COMMAND: POST /session/060cacbffd4401a8364377c341db2bd1/window/fullscreen - {}
RESULT: {}
]]></system-out>
    </testcase>
    <testcase classname="chrome.136_0_7103_93.windows.Edit_and_delete_daily_price_US134629_US134627" name="Should create a new partner" time="133.075">
      <system-out><![CDATA[
COMMAND: POST /session/060cacbffd4401a8364377c341db2bd1/window/fullscreen - {}
RESULT: {}
COMMAND: POST /session/060cacbffd4401a8364377c341db2bd1/execute/async - {"script":"<script> [1562 bytes]","args":[{"selector":{"controlType":"sap.m.GenericTile","properties":{"header":"Manage Partners"}},"wdio_ui5_key":"sapm.GenericTile{\"header\":\"Manage Partners\"}"}]}
RESULT: {"script":"<script> [1562 bytes]","args":[{"selector":{"controlType":"sap.m.GenericTile","properties":{"header":"Manage Partners"}},"wdio_ui5_key":"sapm.GenericTile{\"header\":\"Manage Partners\"}"}]}
RESULT: undefined
COMMAND: POST /session/060cacbffd4401a8364377c341db2bd1/element - {"using":"xpath","value":"//*[@id=\"__tile38\"]"}
RESULT: {"using":"xpath","value":"//*[@id=\"__tile38\"]"}
COMMAND: POST /session/060cacbffd4401a8364377c341db2bd1/element/f.137111DC309FACC23B5F67A3B3455007.d.0690310078EA462A43DDC4879C12BD98.e.3031/click - {}
RESULT: {}
COMMAND: GET /session/060cacbffd4401a8364377c341db2bd1/screenshot - {}
RESULT: {}
COMMAND: POST /session/060cacbffd4401a8364377c341db2bd1/elements - {"using":"xpath","value":"//span[text()='Error']"}
RESULT: {"using":"xpath","value":"//span[text()='Error']"}
COMMAND: POST /session/060cacbffd4401a8364377c341db2bd1/element - {"using":"xpath","value":"//button[@data-kt=\"addButton\"]"}
RESULT: {"using":"xpath","value":"//button[@data-kt=\"addButton\"]"}
COMMAND: POST /session/060cacbffd4401a8364377c341db2bd1/elements - {"using":"xpath","value":"//button[@data-kt=\"addButton\"]"}
RESULT: {"using":"xpath","value":"//button[@data-kt=\"addButton\"]"}
COMMAND: POST /session/060cacbffd4401a8364377c341db2bd1/execute/sync - {"script":"<script> [8489 bytes]","args":[{"element-6066-11e4-a52e-4f735466cecf":"f.137111DC309FACC23B5F67A3B3455007.d.0690310078EA462A43DDC4879C12BD98.e.3190","ELEMENT":"f.137111DC309FACC23B5F67A3B3455007.d.0690310078EA462A43DDC4879C12BD98.e.3190"}]}
RESULT: {"script":"<script> [8489 bytes]","args":[{"element-6066-11e4-a52e-4f735466cecf":"f.137111DC309FACC23B5F67A3B3455007.d.0690310078EA462A43DDC4879C12BD98.e.3190","ELEMENT":"f.137111DC309FACC23B5F67A3B3455007.d.0690310078EA462A43DDC4879C12BD98.e.3190"}]}
COMMAND: GET /session/060cacbffd4401a8364377c341db2bd1/element/f.137111DC309FACC23B5F67A3B3455007.d.0690310078EA462A43DDC4879C12BD98.e.3190/enabled - {}
COMMAND: GET /session/060cacbffd4401a8364377c341db2bd1/screenshot - {}
RESULT: {}
COMMAND: POST /session/060cacbffd4401a8364377c341db2bd1/execute/sync - {"script":"<script> [8489 bytes]","args":[{"element-6066-11e4-a52e-4f735466cecf":"f.137111DC309FACC23B5F67A3B3455007.d.0690310078EA462A43DDC4879C12BD98.e.3190","ELEMENT":"f.137111DC309FACC23B5F67A3B3455007.d.0690310078EA462A43DDC4879C12BD98.e.3190"}]}
COMMAND: GET /session/060cacbffd4401a8364377c341db2bd1/screenshot - {}
RESULT: {}
RESULT: {"script":"<script> [8489 bytes]","args":[{"element-6066-11e4-a52e-4f735466cecf":"f.137111DC309FACC23B5F67A3B3455007.d.0690310078EA462A43DDC4879C12BD98.e.3190","ELEMENT":"f.137111DC309FACC23B5F67A3B3455007.d.0690310078EA462A43DDC4879C12BD98.e.3190"}]}
COMMAND: POST /session/060cacbffd4401a8364377c341db2bd1/execute/sync - {"script":"<script> [5351 bytes]","args":[{"element-6066-11e4-a52e-4f735466cecf":"f.137111DC309FACC23B5F67A3B3455007.d.0690310078EA462A43DDC4879C12BD98.e.3190","ELEMENT":"f.137111DC309FACC23B5F67A3B3455007.d.0690310078EA462A43DDC4879C12BD98.e.3190"}]}
COMMAND: GET /session/060cacbffd4401a8364377c341db2bd1/screenshot - {}
RESULT: {}
RESULT: {"script":"<script> [5351 bytes]","args":[{"element-6066-11e4-a52e-4f735466cecf":"f.137111DC309FACC23B5F67A3B3455007.d.0690310078EA462A43DDC4879C12BD98.e.3190","ELEMENT":"f.137111DC309FACC23B5F67A3B3455007.d.0690310078EA462A43DDC4879C12BD98.e.3190"}]}
COMMAND: POST /session/060cacbffd4401a8364377c341db2bd1/element/f.137111DC309FACC23B5F67A3B3455007.d.0690310078EA462A43DDC4879C12BD98.e.3190/click - {}
COMMAND: GET /session/060cacbffd4401a8364377c341db2bd1/screenshot - {}
RESULT: {}
RESULT: {}
COMMAND: GET /session/060cacbffd4401a8364377c341db2bd1/screenshot - {}
COMMAND: POST /session/060cacbffd4401a8364377c341db2bd1/execute/async - {"script":"<script> [1562 bytes]","args":[{"selector":{"id":"application-managepartners-display-component---NewPartner--addressDetailDetailsName1","interaction":{"idSuffix":"inner"}},"wdio_ui5_key":"applicationmanagepartners-display-component---NewPartner--addressDetailDetailsName1"}]}
RESULT: {}
RESULT: {}
RESULT: {"script":"<script> [1562 bytes]","args":[{"selector":{"id":"application-managepartners-display-component---NewPartner--addressDetailDetailsName1","interaction":{"idSuffix":"inner"}},"wdio_ui5_key":"applicationmanagepartners-display-component---NewPartner--addressDetailDetailsName1"}]}
RESULT: undefined
COMMAND: POST /session/060cacbffd4401a8364377c341db2bd1/execute/async - {"script":"<script> [776 bytes]","args":[{"enterText":"DailyPrice Partner WDIO","selector":{"id":"application-managepartners-display-component---NewPartner--addressDetailDetailsName1","interaction":{"idSuffix":"inner"}},"clearTextFirst":true,"interactionType":"ENTER_TEXT"}]}
RESULT: {"script":"<script> [776 bytes]","args":[{"enterText":"DailyPrice Partner WDIO","selector":{"id":"application-managepartners-display-component---NewPartner--addressDetailDetailsName1","interaction":{"idSuffix":"inner"}},"clearTextFirst":true,"interactionType":"ENTER_TEXT"}]}
COMMAND: POST /session/060cacbffd4401a8364377c341db2bd1/execute/async - {"script":"<script> [1562 bytes]","args":[{"selector":{"id":"application-managepartners-display-component---NewPartner--addressDetailDetailsLanguage-arrow"},"wdio_ui5_key":"applicationmanagepartners-display-component---NewPartner--addressDetailDetailsLanguage-arrow"}]}
RESULT: {"script":"<script> [1562 bytes]","args":[{"selector":{"id":"application-managepartners-display-component---NewPartner--addressDetailDetailsLanguage-arrow"},"wdio_ui5_key":"applicationmanagepartners-display-component---NewPartner--addressDetailDetailsLanguage-arrow"}]}
RESULT: undefined
COMMAND: POST /session/060cacbffd4401a8364377c341db2bd1/element - {"using":"xpath","value":"//*[@id=\"application-managepartners-display-component---NewPartner--addressDetailDetailsLanguage-arrow\"]"}
RESULT: {"using":"xpath","value":"//*[@id=\"application-managepartners-display-component---NewPartner--addressDetailDetailsLanguage-arrow\"]"}
COMMAND: POST /session/060cacbffd4401a8364377c341db2bd1/element/f.137111DC309FACC23B5F67A3B3455007.d.0690310078EA462A43DDC4879C12BD98.e.3645/click - {}
RESULT: {}
COMMAND: POST /session/060cacbffd4401a8364377c341db2bd1/element - {"using":"xpath","value":"//span[contains(text(), \"English\")]"}
COMMAND: GET /session/060cacbffd4401a8364377c341db2bd1/screenshot - {}
RESULT: {"using":"xpath","value":"//span[contains(text(), \"English\")]"}
COMMAND: POST /session/060cacbffd4401a8364377c341db2bd1/element/f.137111DC309FACC23B5F67A3B3455007.d.0690310078EA462A43DDC4879C12BD98.e.3646/click - {}
RESULT: {}
RESULT: {}
COMMAND: GET /session/060cacbffd4401a8364377c341db2bd1/screenshot - {}
RESULT: {}
COMMAND: POST /session/060cacbffd4401a8364377c341db2bd1/execute/async - {"script":"<script> [1562 bytes]","args":[{"selector":{"id":"application-managepartners-display-component---NewPartner--addressDetailDetailsCity1","interaction":{"idSuffix":"inner"}},"wdio_ui5_key":"applicationmanagepartners-display-component---NewPartner--addressDetailDetailsCity1"}]}
RESULT: {"script":"<script> [1562 bytes]","args":[{"selector":{"id":"application-managepartners-display-component---NewPartner--addressDetailDetailsCity1","interaction":{"idSuffix":"inner"}},"wdio_ui5_key":"applicationmanagepartners-display-component---NewPartner--addressDetailDetailsCity1"}]}
RESULT: undefined
COMMAND: POST /session/060cacbffd4401a8364377c341db2bd1/execute/async - {"script":"<script> [776 bytes]","args":[{"enterText":"Rosario","selector":{"id":"application-managepartners-display-component---NewPartner--addressDetailDetailsCity1","interaction":{"idSuffix":"inner"}},"clearTextFirst":true,"interactionType":"ENTER_TEXT"}]}
RESULT: {"script":"<script> [776 bytes]","args":[{"enterText":"Rosario","selector":{"id":"application-managepartners-display-component---NewPartner--addressDetailDetailsCity1","interaction":{"idSuffix":"inner"}},"clearTextFirst":true,"interactionType":"ENTER_TEXT"}]}
COMMAND: POST /session/060cacbffd4401a8364377c341db2bd1/execute/async - {"script":"<script> [1562 bytes]","args":[{"selector":{"id":"application-managepartners-display-component---NewPartner--addressDetailDetailsCountry-arrow"},"wdio_ui5_key":"applicationmanagepartners-display-component---NewPartner--addressDetailDetailsCountry-arrow"}]}
RESULT: {"script":"<script> [1562 bytes]","args":[{"selector":{"id":"application-managepartners-display-component---NewPartner--addressDetailDetailsCountry-arrow"},"wdio_ui5_key":"applicationmanagepartners-display-component---NewPartner--addressDetailDetailsCountry-arrow"}]}
RESULT: undefined
COMMAND: POST /session/060cacbffd4401a8364377c341db2bd1/element - {"using":"xpath","value":"//*[@id=\"application-managepartners-display-component---NewPartner--addressDetailDetailsCountry-arrow\"]"}
RESULT: {"using":"xpath","value":"//*[@id=\"application-managepartners-display-component---NewPartner--addressDetailDetailsCountry-arrow\"]"}
COMMAND: POST /session/060cacbffd4401a8364377c341db2bd1/element/f.137111DC309FACC23B5F67A3B3455007.d.0690310078EA462A43DDC4879C12BD98.e.3632/click - {}
RESULT: {}
COMMAND: POST /session/060cacbffd4401a8364377c341db2bd1/element - {"using":"xpath","value":"//span[contains(text(), \"Argentina\")]"}
COMMAND: GET /session/060cacbffd4401a8364377c341db2bd1/screenshot - {}
RESULT: {"using":"xpath","value":"//span[contains(text(), \"Argentina\")]"}
COMMAND: POST /session/060cacbffd4401a8364377c341db2bd1/element/f.137111DC309FACC23B5F67A3B3455007.d.0690310078EA462A43DDC4879C12BD98.e.3648/click - {}
RESULT: {}
RESULT: {}
COMMAND: GET /session/060cacbffd4401a8364377c341db2bd1/screenshot - {}
RESULT: {}
COMMAND: POST /session/060cacbffd4401a8364377c341db2bd1/element - {"using":"xpath","value":"//bdi[contains(text(), \"Commercial\")]"}
RESULT: {"using":"xpath","value":"//bdi[contains(text(), \"Commercial\")]"}
COMMAND: POST /session/060cacbffd4401a8364377c341db2bd1/element/f.137111DC309FACC23B5F67A3B3455007.d.0690310078EA462A43DDC4879C12BD98.e.3649/click - {}
RESULT: {}
COMMAND: GET /session/060cacbffd4401a8364377c341db2bd1/screenshot - {}
RESULT: {}
COMMAND: POST /session/060cacbffd4401a8364377c341db2bd1/execute/async - {"script":"<script> [1562 bytes]","args":[{"selector":{"id":"application-managepartners-display-component---NewPartner--partnerDetailInternal-arrow"},"wdio_ui5_key":"applicationmanagepartners-display-component---NewPartner--partnerDetailInternal-arrow"}]}
RESULT: {"script":"<script> [1562 bytes]","args":[{"selector":{"id":"application-managepartners-display-component---NewPartner--partnerDetailInternal-arrow"},"wdio_ui5_key":"applicationmanagepartners-display-component---NewPartner--partnerDetailInternal-arrow"}]}
RESULT: undefined
COMMAND: POST /session/060cacbffd4401a8364377c341db2bd1/element - {"using":"xpath","value":"//*[@id=\"application-managepartners-display-component---NewPartner--partnerDetailInternal-arrow\"]"}
RESULT: {"using":"xpath","value":"//*[@id=\"application-managepartners-display-component---NewPartner--partnerDetailInternal-arrow\"]"}
COMMAND: POST /session/060cacbffd4401a8364377c341db2bd1/element/f.137111DC309FACC23B5F67A3B3455007.d.0690310078EA462A43DDC4879C12BD98.e.3655/click - {}
RESULT: {}
COMMAND: POST /session/060cacbffd4401a8364377c341db2bd1/element - {"using":"xpath","value":"//span[contains(text(), \"Affiliated company\")]"}
COMMAND: GET /session/060cacbffd4401a8364377c341db2bd1/screenshot - {}
RESULT: {"using":"xpath","value":"//span[contains(text(), \"Affiliated company\")]"}
COMMAND: POST /session/060cacbffd4401a8364377c341db2bd1/element/f.137111DC309FACC23B5F67A3B3455007.d.0690310078EA462A43DDC4879C12BD98.e.3656/click - {}
RESULT: {}
RESULT: {}
COMMAND: POST /session/060cacbffd4401a8364377c341db2bd1/execute/async - {"script":"<script> [1562 bytes]","args":[{"selector":{"id":"application-managepartners-display-component---NewPartner--partnerDetailsCurrency-arrow"},"wdio_ui5_key":"applicationmanagepartners-display-component---NewPartner--partnerDetailsCurrency-arrow"}]}
COMMAND: GET /session/060cacbffd4401a8364377c341db2bd1/screenshot - {}
RESULT: {"script":"<script> [1562 bytes]","args":[{"selector":{"id":"application-managepartners-display-component---NewPartner--partnerDetailsCurrency-arrow"},"wdio_ui5_key":"applicationmanagepartners-display-component---NewPartner--partnerDetailsCurrency-arrow"}]}
RESULT: undefined
COMMAND: POST /session/060cacbffd4401a8364377c341db2bd1/element - {"using":"xpath","value":"//*[@id=\"application-managepartners-display-component---NewPartner--partnerDetailsCurrency-arrow\"]"}
RESULT: {}
RESULT: {"using":"xpath","value":"//*[@id=\"application-managepartners-display-component---NewPartner--partnerDetailsCurrency-arrow\"]"}
COMMAND: POST /session/060cacbffd4401a8364377c341db2bd1/element/f.137111DC309FACC23B5F67A3B3455007.d.0690310078EA462A43DDC4879C12BD98.e.3663/click - {}
RESULT: {}
COMMAND: POST /session/060cacbffd4401a8364377c341db2bd1/element - {"using":"xpath","value":"//span[contains(text(), \"Euro\")]"}
COMMAND: GET /session/060cacbffd4401a8364377c341db2bd1/screenshot - {}
RESULT: {"using":"xpath","value":"//span[contains(text(), \"Euro\")]"}
COMMAND: POST /session/060cacbffd4401a8364377c341db2bd1/element/f.137111DC309FACC23B5F67A3B3455007.d.0690310078EA462A43DDC4879C12BD98.e.3664/click - {}
RESULT: {}
RESULT: {}
COMMAND: POST /session/060cacbffd4401a8364377c341db2bd1/execute/async - {"script":"<script> [1562 bytes]","args":[{"selector":{"id":"application-managepartners-display-component---NewPartner--addressEditDetailsCostObjectCstType-arrow"},"wdio_ui5_key":"applicationmanagepartners-display-component---NewPartner--addressEditDetailsCostObjectCstType-arrow"}]}
COMMAND: GET /session/060cacbffd4401a8364377c341db2bd1/screenshot - {}
RESULT: {"script":"<script> [1562 bytes]","args":[{"selector":{"id":"application-managepartners-display-component---NewPartner--addressEditDetailsCostObjectCstType-arrow"},"wdio_ui5_key":"applicationmanagepartners-display-component---NewPartner--addressEditDetailsCostObjectCstType-arrow"}]}
RESULT: undefined
COMMAND: POST /session/060cacbffd4401a8364377c341db2bd1/element - {"using":"xpath","value":"//*[@id=\"application-managepartners-display-component---NewPartner--addressEditDetailsCostObjectCstType-arrow\"]"}
RESULT: {}
RESULT: {"using":"xpath","value":"//*[@id=\"application-managepartners-display-component---NewPartner--addressEditDetailsCostObjectCstType-arrow\"]"}
COMMAND: POST /session/060cacbffd4401a8364377c341db2bd1/element/f.137111DC309FACC23B5F67A3B3455007.d.0690310078EA462A43DDC4879C12BD98.e.3665/click - {}
RESULT: {}
COMMAND: POST /session/060cacbffd4401a8364377c341db2bd1/element - {"using":"xpath","value":"//span[contains(text(), \"Cost Center\")]"}
COMMAND: GET /session/060cacbffd4401a8364377c341db2bd1/screenshot - {}
RESULT: {"using":"xpath","value":"//span[contains(text(), \"Cost Center\")]"}
COMMAND: POST /session/060cacbffd4401a8364377c341db2bd1/element/f.137111DC309FACC23B5F67A3B3455007.d.0690310078EA462A43DDC4879C12BD98.e.3666/click - {}
RESULT: {}
RESULT: {}
COMMAND: GET /session/060cacbffd4401a8364377c341db2bd1/screenshot - {}
RESULT: {}
COMMAND: POST /session/060cacbffd4401a8364377c341db2bd1/element - {"using":"xpath","value":"//span[@id=\"application-managepartners-display-component---NewPartner--addressNewCostObjectCstID-vhi\"]"}
RESULT: {"using":"xpath","value":"//span[@id=\"application-managepartners-display-component---NewPartner--addressNewCostObjectCstID-vhi\"]"}
COMMAND: POST /session/060cacbffd4401a8364377c341db2bd1/execute/sync - {"script":"<script> [8489 bytes]","args":[{"element-6066-11e4-a52e-4f735466cecf":"f.137111DC309FACC23B5F67A3B3455007.d.0690310078EA462A43DDC4879C12BD98.e.3670","ELEMENT":"f.137111DC309FACC23B5F67A3B3455007.d.0690310078EA462A43DDC4879C12BD98.e.3670"}]}
RESULT: {"script":"<script> [8489 bytes]","args":[{"element-6066-11e4-a52e-4f735466cecf":"f.137111DC309FACC23B5F67A3B3455007.d.0690310078EA462A43DDC4879C12BD98.e.3670","ELEMENT":"f.137111DC309FACC23B5F67A3B3455007.d.0690310078EA462A43DDC4879C12BD98.e.3670"}]}
COMMAND: POST /session/060cacbffd4401a8364377c341db2bd1/execute/async - {"script":"<script> [1562 bytes]","args":[{"selector":{"id":"application-managepartners-display-component---NewPartner--addressNewCostObjectCstID-vhi"},"wdio_ui5_key":"applicationmanagepartners-display-component---NewPartner--addressNewCostObjectCstID-vhi"}]}
COMMAND: GET /session/060cacbffd4401a8364377c341db2bd1/screenshot - {}
RESULT: {"script":"<script> [1562 bytes]","args":[{"selector":{"id":"application-managepartners-display-component---NewPartner--addressNewCostObjectCstID-vhi"},"wdio_ui5_key":"applicationmanagepartners-display-component---NewPartner--addressNewCostObjectCstID-vhi"}]}
RESULT: undefined
COMMAND: POST /session/060cacbffd4401a8364377c341db2bd1/element - {"using":"xpath","value":"//*[@id=\"application-managepartners-display-component---NewPartner--addressNewCostObjectCstID-vhi\"]"}
RESULT: {}
RESULT: {"using":"xpath","value":"//*[@id=\"application-managepartners-display-component---NewPartner--addressNewCostObjectCstID-vhi\"]"}
COMMAND: POST /session/060cacbffd4401a8364377c341db2bd1/element/f.137111DC309FACC23B5F67A3B3455007.d.0690310078EA462A43DDC4879C12BD98.e.3670/click - {}
RESULT: {}
COMMAND: GET /session/060cacbffd4401a8364377c341db2bd1/screenshot - {}
RESULT: {}
COMMAND: POST /session/060cacbffd4401a8364377c341db2bd1/execute/async - {"script":"<script> [1562 bytes]","args":[{"selector":{"controlType":"sap.m.SearchField","properties":{"placeholder":"Search"},"searchOpenDialogs":true,"interaction":{"idSuffix":"I"}},"wdio_ui5_key":"sapm.SearchField{\"placeholder\":\"Search\"}"}]}
RESULT: {"script":"<script> [1562 bytes]","args":[{"selector":{"controlType":"sap.m.SearchField","properties":{"placeholder":"Search"},"searchOpenDialogs":true,"interaction":{"idSuffix":"I"}},"wdio_ui5_key":"sapm.SearchField{\"placeholder\":\"Search\"}"}]}
RESULT: undefined
COMMAND: POST /session/060cacbffd4401a8364377c341db2bd1/execute/async - {"script":"<script> [776 bytes]","args":[{"enterText":"10001013","selector":{"controlType":"sap.m.SearchField","properties":{"placeholder":"Search"},"searchOpenDialogs":true,"interaction":{"idSuffix":"I"}},"clearTextFirst":true,"interactionType":"ENTER_TEXT"}]}
RESULT: {"script":"<script> [776 bytes]","args":[{"enterText":"10001013","selector":{"controlType":"sap.m.SearchField","properties":{"placeholder":"Search"},"searchOpenDialogs":true,"interaction":{"idSuffix":"I"}},"clearTextFirst":true,"interactionType":"ENTER_TEXT"}]}
COMMAND: POST /session/060cacbffd4401a8364377c341db2bd1/actions - {"actions":[{"id":"action11","type":"key","parameters":{},"actions":[{"type":"keyDown","value":"î€‡"},{"type":"pause","duration":10},{"type":"keyUp","value":"î€‡"}]}]}
RESULT: {"actions":[{"id":"action11","type":"key","parameters":{},"actions":[{"type":"keyDown","value":"î€‡"},{"type":"pause","duration":10},{"type":"keyUp","value":"î€‡"}]}]}
COMMAND: GET /session/060cacbffd4401a8364377c341db2bd1/screenshot - {}
RESULT: {}
COMMAND: POST /session/060cacbffd4401a8364377c341db2bd1/element - {"using":"xpath","value":"//span[contains(text(), \"General Management\")]"}
RESULT: {"using":"xpath","value":"//span[contains(text(), \"General Management\")]"}
COMMAND: POST /session/060cacbffd4401a8364377c341db2bd1/element/f.137111DC309FACC23B5F67A3B3455007.d.0690310078EA462A43DDC4879C12BD98.e.3711/click - {}
RESULT: {}
COMMAND: GET /session/060cacbffd4401a8364377c341db2bd1/screenshot - {}
RESULT: {}
COMMAND: POST /session/060cacbffd4401a8364377c341db2bd1/element - {"using":"xpath","value":"//bdi[contains(text(), \"OK\")]"}
RESULT: {"using":"xpath","value":"//bdi[contains(text(), \"OK\")]"}
COMMAND: POST /session/060cacbffd4401a8364377c341db2bd1/element/f.137111DC309FACC23B5F67A3B3455007.d.0690310078EA462A43DDC4879C12BD98.e.3712/click - {}
RESULT: {}
COMMAND: GET /session/060cacbffd4401a8364377c341db2bd1/screenshot - {}
RESULT: {}
COMMAND: POST /session/060cacbffd4401a8364377c341db2bd1/element - {"using":"xpath","value":"//input[@id=\"application-managepartners-display-component---NewPartner--companyCodeComboBox-inner\"]"}
RESULT: {"using":"xpath","value":"//input[@id=\"application-managepartners-display-component---NewPartner--companyCodeComboBox-inner\"]"}
COMMAND: POST /session/060cacbffd4401a8364377c341db2bd1/element/f.137111DC309FACC23B5F67A3B3455007.d.0690310078EA462A43DDC4879C12BD98.e.3513/clear - {}
RESULT: {}
COMMAND: POST /session/060cacbffd4401a8364377c341db2bd1/element/f.137111DC309FACC23B5F67A3B3455007.d.0690310078EA462A43DDC4879C12BD98.e.3513/value - {"text":"C002"}
COMMAND: GET /session/060cacbffd4401a8364377c341db2bd1/screenshot - {}
RESULT: {"text":"C002"}
COMMAND: GET /session/060cacbffd4401a8364377c341db2bd1/screenshot - {}
RESULT: {}
RESULT: {}
COMMAND: POST /session/060cacbffd4401a8364377c341db2bd1/element - {"using":"xpath","value":"//li[.//span[text()= \"C002\"]]"}
RESULT: {"using":"xpath","value":"//li[.//span[text()= \"C002\"]]"}
COMMAND: POST /session/060cacbffd4401a8364377c341db2bd1/element/f.137111DC309FACC23B5F67A3B3455007.d.0690310078EA462A43DDC4879C12BD98.e.3718/click - {}
RESULT: {}
COMMAND: GET /session/060cacbffd4401a8364377c341db2bd1/screenshot - {}
RESULT: {}
COMMAND: POST /session/060cacbffd4401a8364377c341db2bd1/execute/async - {"script":"<script> [1562 bytes]","args":[{"selector":{"id":"application-managepartners-display-component---NewPartner--btnAddTableRow-img"},"wdio_ui5_key":"applicationmanagepartners-display-component---NewPartner--btnAddTableRow-img"}]}
RESULT: {"script":"<script> [1562 bytes]","args":[{"selector":{"id":"application-managepartners-display-component---NewPartner--btnAddTableRow-img"},"wdio_ui5_key":"applicationmanagepartners-display-component---NewPartner--btnAddTableRow-img"}]}
RESULT: undefined
COMMAND: POST /session/060cacbffd4401a8364377c341db2bd1/element - {"using":"xpath","value":"//*[@id=\"application-managepartners-display-component---NewPartner--btnAddTableRow-img\"]"}
RESULT: {"using":"xpath","value":"//*[@id=\"application-managepartners-display-component---NewPartner--btnAddTableRow-img\"]"}
COMMAND: POST /session/060cacbffd4401a8364377c341db2bd1/element/f.137111DC309FACC23B5F67A3B3455007.d.0690310078EA462A43DDC4879C12BD98.e.3719/click - {}
RESULT: {}
COMMAND: GET /session/060cacbffd4401a8364377c341db2bd1/screenshot - {}
RESULT: {}
COMMAND: POST /session/060cacbffd4401a8364377c341db2bd1/element - {"using":"xpath","value":"//input[@id=\"application-managepartners-display-component---NewPartner--assignmentYard-application-managepartners-display-component---NewPartner--assignmentsTable-0-inner\"]"}
RESULT: {"using":"xpath","value":"//input[@id=\"application-managepartners-display-component---NewPartner--assignmentYard-application-managepartners-display-component---NewPartner--assignmentsTable-0-inner\"]"}
COMMAND: POST /session/060cacbffd4401a8364377c341db2bd1/element/f.137111DC309FACC23B5F67A3B3455007.d.0690310078EA462A43DDC4879C12BD98.e.3722/clear - {}
RESULT: {}
COMMAND: POST /session/060cacbffd4401a8364377c341db2bd1/element/f.137111DC309FACC23B5F67A3B3455007.d.0690310078EA462A43DDC4879C12BD98.e.3722/value - {"text":"526"}
COMMAND: GET /session/060cacbffd4401a8364377c341db2bd1/screenshot - {}
RESULT: {"text":"526"}
COMMAND: GET /session/060cacbffd4401a8364377c341db2bd1/screenshot - {}
RESULT: {}
RESULT: {}
COMMAND: POST /session/060cacbffd4401a8364377c341db2bd1/element - {"using":"xpath","value":"//li[.//span[text()='526']]"}
RESULT: {"using":"xpath","value":"//li[.//span[text()='526']]"}
COMMAND: POST /session/060cacbffd4401a8364377c341db2bd1/element/f.137111DC309FACC23B5F67A3B3455007.d.0690310078EA462A43DDC4879C12BD98.e.3731/click - {}
RESULT: {}
COMMAND: GET /session/060cacbffd4401a8364377c341db2bd1/screenshot - {}
RESULT: {}
COMMAND: POST /session/060cacbffd4401a8364377c341db2bd1/actions - {"actions":[{"id":"action12","type":"key","parameters":{},"actions":[{"type":"keyDown","value":"î€‡"},{"type":"pause","duration":10},{"type":"keyUp","value":"î€‡"}]}]}
RESULT: {"actions":[{"id":"action12","type":"key","parameters":{},"actions":[{"type":"keyDown","value":"î€‡"},{"type":"pause","duration":10},{"type":"keyUp","value":"î€‡"}]}]}
COMMAND: POST /session/060cacbffd4401a8364377c341db2bd1/execute/async - {"script":"<script> [1562 bytes]","args":[{"selector":{"id":"application-managepartners-display-component---NewPartner--externalCustomerComboBox-application-managepartners-display-component---NewPartner--assignmentsTable-0-vhi"},"wdio_ui5_key":"applicationmanagepartners-display-component---NewPartner--externalCustomerComboBox-application-managepartners-display-component---NewPartner--assignmentsTable-0-vhi"}]}
COMMAND: GET /session/060cacbffd4401a8364377c341db2bd1/screenshot - {}
RESULT: {"script":"<script> [1562 bytes]","args":[{"selector":{"id":"application-managepartners-display-component---NewPartner--externalCustomerComboBox-application-managepartners-display-component---NewPartner--assignmentsTable-0-vhi"},"wdio_ui5_key":"applicationmanagepartners-display-component---NewPartner--externalCustomerComboBox-application-managepartners-display-component---NewPartner--assignmentsTable-0-vhi"}]}
RESULT: undefined
COMMAND: POST /session/060cacbffd4401a8364377c341db2bd1/element - {"using":"xpath","value":"//*[@id=\"application-managepartners-display-component---NewPartner--externalCustomerComboBox-application-managepartners-display-component---NewPartner--assignmentsTable-0-vhi\"]"}
RESULT: {}
RESULT: {"using":"xpath","value":"//*[@id=\"application-managepartners-display-component---NewPartner--externalCustomerComboBox-application-managepartners-display-component---NewPartner--assignmentsTable-0-vhi\"]"}
COMMAND: POST /session/060cacbffd4401a8364377c341db2bd1/element/f.137111DC309FACC23B5F67A3B3455007.d.0690310078EA462A43DDC4879C12BD98.e.3735/click - {}
RESULT: {}
RESULT: undefined
COMMAND: POST /session/060cacbffd4401a8364377c341db2bd1/execute/async - {"script":"<script> [776 bytes]","args":[{"enterText":"300003","selector":{"controlType":"sap.m.SearchField","properties":{"placeholder":"Search"},"searchOpenDialogs":true,"interaction":{"idSuffix":"I"}},"clearTextFirst":true,"interactionType":"ENTER_TEXT"}]}
COMMAND: GET /session/060cacbffd4401a8364377c341db2bd1/screenshot - {}
RESULT: {"script":"<script> [776 bytes]","args":[{"enterText":"300003","selector":{"controlType":"sap.m.SearchField","properties":{"placeholder":"Search"},"searchOpenDialogs":true,"interaction":{"idSuffix":"I"}},"clearTextFirst":true,"interactionType":"ENTER_TEXT"}]}
COMMAND: POST /session/060cacbffd4401a8364377c341db2bd1/actions - {"actions":[{"id":"action13","type":"key","parameters":{},"actions":[{"type":"keyDown","value":"î€‡"},{"type":"pause","duration":10},{"type":"keyUp","value":"î€‡"}]}]}
RESULT: {}
RESULT: {"actions":[{"id":"action13","type":"key","parameters":{},"actions":[{"type":"keyDown","value":"î€‡"},{"type":"pause","duration":10},{"type":"keyUp","value":"î€‡"}]}]}
COMMAND: GET /session/060cacbffd4401a8364377c341db2bd1/screenshot - {}
RESULT: {}
COMMAND: POST /session/060cacbffd4401a8364377c341db2bd1/element - {"using":"xpath","value":"//span[contains(text(), \"300003\")]"}
RESULT: {"using":"xpath","value":"//span[contains(text(), \"300003\")]"}
COMMAND: POST /session/060cacbffd4401a8364377c341db2bd1/element/f.137111DC309FACC23B5F67A3B3455007.d.0690310078EA462A43DDC4879C12BD98.e.3753/click - {}
RESULT: {}
COMMAND: GET /session/060cacbffd4401a8364377c341db2bd1/screenshot - {}
RESULT: {}
COMMAND: POST /session/060cacbffd4401a8364377c341db2bd1/element - {"using":"xpath","value":"//bdi[contains(text(), \"OK\")]"}
RESULT: {"using":"xpath","value":"//bdi[contains(text(), \"OK\")]"}
COMMAND: POST /session/060cacbffd4401a8364377c341db2bd1/element/f.137111DC309FACC23B5F67A3B3455007.d.0690310078EA462A43DDC4879C12BD98.e.3755/click - {}
RESULT: {}
COMMAND: GET /session/060cacbffd4401a8364377c341db2bd1/screenshot - {}
RESULT: {}
COMMAND: POST /session/060cacbffd4401a8364377c341db2bd1/execute/async - {"script":"<script> [1562 bytes]","args":[{"selector":{"id":"application-managepartners-display-component---NewPartner--intercompVendorComboBox-application-managepartners-display-component---NewPartner--assignmentsTable-0-vhi"},"wdio_ui5_key":"applicationmanagepartners-display-component---NewPartner--intercompVendorComboBox-application-managepartners-display-component---NewPartner--assignmentsTable-0-vhi"}]}
RESULT: {"script":"<script> [1562 bytes]","args":[{"selector":{"id":"application-managepartners-display-component---NewPartner--intercompVendorComboBox-application-managepartners-display-component---NewPartner--assignmentsTable-0-vhi"},"wdio_ui5_key":"applicationmanagepartners-display-component---NewPartner--intercompVendorComboBox-application-managepartners-display-component---NewPartner--assignmentsTable-0-vhi"}]}
RESULT: undefined
COMMAND: POST /session/060cacbffd4401a8364377c341db2bd1/element - {"using":"xpath","value":"//*[@id=\"application-managepartners-display-component---NewPartner--intercompVendorComboBox-application-managepartners-display-component---NewPartner--assignmentsTable-0-vhi\"]"}
RESULT: {"using":"xpath","value":"//*[@id=\"application-managepartners-display-component---NewPartner--intercompVendorComboBox-application-managepartners-display-component---NewPartner--assignmentsTable-0-vhi\"]"}
COMMAND: POST /session/060cacbffd4401a8364377c341db2bd1/element/f.137111DC309FACC23B5F67A3B3455007.d.0690310078EA462A43DDC4879C12BD98.e.3759/click - {}
RESULT: {}
RESULT: undefined
COMMAND: POST /session/060cacbffd4401a8364377c341db2bd1/execute/async - {"script":"<script> [776 bytes]","args":[{"enterText":"100005","selector":{"controlType":"sap.m.SearchField","properties":{"placeholder":"Search"},"searchOpenDialogs":true,"interaction":{"idSuffix":"I"}},"clearTextFirst":true,"interactionType":"ENTER_TEXT"}]}
COMMAND: GET /session/060cacbffd4401a8364377c341db2bd1/screenshot - {}
RESULT: {"script":"<script> [776 bytes]","args":[{"enterText":"100005","selector":{"controlType":"sap.m.SearchField","properties":{"placeholder":"Search"},"searchOpenDialogs":true,"interaction":{"idSuffix":"I"}},"clearTextFirst":true,"interactionType":"ENTER_TEXT"}]}
COMMAND: POST /session/060cacbffd4401a8364377c341db2bd1/actions - {"actions":[{"id":"action14","type":"key","parameters":{},"actions":[{"type":"keyDown","value":"î€‡"},{"type":"pause","duration":10},{"type":"keyUp","value":"î€‡"}]}]}
RESULT: {}
RESULT: {"actions":[{"id":"action14","type":"key","parameters":{},"actions":[{"type":"keyDown","value":"î€‡"},{"type":"pause","duration":10},{"type":"keyUp","value":"î€‡"}]}]}
COMMAND: GET /session/060cacbffd4401a8364377c341db2bd1/screenshot - {}
RESULT: {}
COMMAND: POST /session/060cacbffd4401a8364377c341db2bd1/element - {"using":"xpath","value":"//span[contains(text(), \"Penguins - Field/12345 Berlin\")]"}
RESULT: {"using":"xpath","value":"//span[contains(text(), \"Penguins - Field/12345 Berlin\")]"}
COMMAND: POST /session/060cacbffd4401a8364377c341db2bd1/element/f.137111DC309FACC23B5F67A3B3455007.d.0690310078EA462A43DDC4879C12BD98.e.3778/click - {}
RESULT: {}
COMMAND: GET /session/060cacbffd4401a8364377c341db2bd1/screenshot - {}
RESULT: {}
COMMAND: POST /session/060cacbffd4401a8364377c341db2bd1/element - {"using":"xpath","value":"//bdi[contains(text(), \"OK\")]"}
RESULT: {"using":"xpath","value":"//bdi[contains(text(), \"OK\")]"}
COMMAND: POST /session/060cacbffd4401a8364377c341db2bd1/element/f.137111DC309FACC23B5F67A3B3455007.d.0690310078EA462A43DDC4879C12BD98.e.3779/click - {}
RESULT: {}
COMMAND: GET /session/060cacbffd4401a8364377c341db2bd1/screenshot - {}
RESULT: {}
COMMAND: POST /session/060cacbffd4401a8364377c341db2bd1/element - {"using":"xpath","value":"//button[@data-kt=\"saveButton\"]"}
RESULT: {"using":"xpath","value":"//button[@data-kt=\"saveButton\"]"}
COMMAND: POST /session/060cacbffd4401a8364377c341db2bd1/element/f.137111DC309FACC23B5F67A3B3455007.d.0690310078EA462A43DDC4879C12BD98.e.3545/click - {}
RESULT: {}
COMMAND: GET /session/060cacbffd4401a8364377c341db2bd1/screenshot - {}
RESULT: {}
COMMAND: POST /session/060cacbffd4401a8364377c341db2bd1/element - {"using":"xpath","value":"//header[contains(@id, 'ObjectPageLayout-headerTitle')]/div[1]/div[2]/div[2]/span[1]"}
RESULT: {"using":"xpath","value":"//header[contains(@id, 'ObjectPageLayout-headerTitle')]/div[1]/div[2]/div[2]/span[1]"}
COMMAND: POST /session/060cacbffd4401a8364377c341db2bd1/elements - {"using":"xpath","value":"//header[contains(@id, 'ObjectPageLayout-headerTitle')]/div[1]/div[2]/div[2]/span[1]"}
RESULT: {"using":"xpath","value":"//header[contains(@id, 'ObjectPageLayout-headerTitle')]/div[1]/div[2]/div[2]/span[1]"}
COMMAND: POST /session/060cacbffd4401a8364377c341db2bd1/execute/sync - {"script":"<script> [56 bytes]","args":[{"element-6066-11e4-a52e-4f735466cecf":"f.137111DC309FACC23B5F67A3B3455007.d.0690310078EA462A43DDC4879C12BD98.e.3944","ELEMENT":"f.137111DC309FACC23B5F67A3B3455007.d.0690310078EA462A43DDC4879C12BD98.e.3944"}]}
RESULT: {"script":"<script> [56 bytes]","args":[{"element-6066-11e4-a52e-4f735466cecf":"f.137111DC309FACC23B5F67A3B3455007.d.0690310078EA462A43DDC4879C12BD98.e.3944","ELEMENT":"f.137111DC309FACC23B5F67A3B3455007.d.0690310078EA462A43DDC4879C12BD98.e.3944"}]}
COMMAND: POST /session/060cacbffd4401a8364377c341db2bd1/element - {"using":"css selector","value":"#shell-header-logo"}
COMMAND: GET /session/060cacbffd4401a8364377c341db2bd1/screenshot - {}
RESULT: {"using":"css selector","value":"#shell-header-logo"}
COMMAND: POST /session/060cacbffd4401a8364377c341db2bd1/element/f.137111DC309FACC23B5F67A3B3455007.d.0690310078EA462A43DDC4879C12BD98.e.3156/click - {}
RESULT: {}
RESULT: {}
COMMAND: GET /session/060cacbffd4401a8364377c341db2bd1/screenshot - {}
RESULT: {}
COMMAND: POST /session/060cacbffd4401a8364377c341db2bd1/execute/sync - {"script":"<script> [299 bytes]","args":[["getModel","getResource"]]}
RESULT: {"script":"<script> [299 bytes]","args":[["getModel","getResource"]]}
]]></system-out>
    </testcase>
    <testcase classname="chrome.136_0_7103_93.windows.Edit_and_delete_daily_price_US134629_US134627" name="Should create a new site used for following tests" time="90.411">
      <system-out><![CDATA[
COMMAND: POST /session/060cacbffd4401a8364377c341db2bd1/execute/async - {"script":"<script> [1562 bytes]","args":[{"selector":{"controlType":"sap.m.GenericTile","properties":{"header":"Manage Sites"}},"wdio_ui5_key":"sapm.GenericTile{\"header\":\"Manage Sites\"}"}]}
COMMAND: GET /session/060cacbffd4401a8364377c341db2bd1/screenshot - {}
RESULT: {"script":"<script> [1562 bytes]","args":[{"selector":{"controlType":"sap.m.GenericTile","properties":{"header":"Manage Sites"}},"wdio_ui5_key":"sapm.GenericTile{\"header\":\"Manage Sites\"}"}]}
RESULT: undefined
COMMAND: POST /session/060cacbffd4401a8364377c341db2bd1/element - {"using":"xpath","value":"//*[@id=\"__tile40\"]"}
RESULT: {}
RESULT: {"using":"xpath","value":"//*[@id=\"__tile40\"]"}
COMMAND: POST /session/060cacbffd4401a8364377c341db2bd1/element/f.137111DC309FACC23B5F67A3B3455007.d.0690310078EA462A43DDC4879C12BD98.e.3047/click - {}
RESULT: {}
COMMAND: GET /session/060cacbffd4401a8364377c341db2bd1/screenshot - {}
RESULT: {}
COMMAND: POST /session/060cacbffd4401a8364377c341db2bd1/elements - {"using":"xpath","value":"//span[text()='Error']"}
RESULT: {"using":"xpath","value":"//span[text()='Error']"}
COMMAND: POST /session/060cacbffd4401a8364377c341db2bd1/element - {"using":"xpath","value":"//button[@data-kt=\"addOverflowToolbarButton\"]"}
RESULT: {"using":"xpath","value":"//button[@data-kt=\"addOverflowToolbarButton\"]"}
COMMAND: POST /session/060cacbffd4401a8364377c341db2bd1/elements - {"using":"xpath","value":"//button[@data-kt=\"addOverflowToolbarButton\"]"}
RESULT: {"using":"xpath","value":"//button[@data-kt=\"addOverflowToolbarButton\"]"}
COMMAND: POST /session/060cacbffd4401a8364377c341db2bd1/execute/sync - {"script":"<script> [8489 bytes]","args":[{"element-6066-11e4-a52e-4f735466cecf":"f.137111DC309FACC23B5F67A3B3455007.d.0690310078EA462A43DDC4879C12BD98.e.3992","ELEMENT":"f.137111DC309FACC23B5F67A3B3455007.d.0690310078EA462A43DDC4879C12BD98.e.3992"}]}
RESULT: {"script":"<script> [8489 bytes]","args":[{"element-6066-11e4-a52e-4f735466cecf":"f.137111DC309FACC23B5F67A3B3455007.d.0690310078EA462A43DDC4879C12BD98.e.3992","ELEMENT":"f.137111DC309FACC23B5F67A3B3455007.d.0690310078EA462A43DDC4879C12BD98.e.3992"}]}
COMMAND: GET /session/060cacbffd4401a8364377c341db2bd1/element/f.137111DC309FACC23B5F67A3B3455007.d.0690310078EA462A43DDC4879C12BD98.e.3992/enabled - {}
COMMAND: GET /session/060cacbffd4401a8364377c341db2bd1/screenshot - {}
RESULT: {}
COMMAND: POST /session/060cacbffd4401a8364377c341db2bd1/execute/sync - {"script":"<script> [8489 bytes]","args":[{"element-6066-11e4-a52e-4f735466cecf":"f.137111DC309FACC23B5F67A3B3455007.d.0690310078EA462A43DDC4879C12BD98.e.3992","ELEMENT":"f.137111DC309FACC23B5F67A3B3455007.d.0690310078EA462A43DDC4879C12BD98.e.3992"}]}
COMMAND: GET /session/060cacbffd4401a8364377c341db2bd1/screenshot - {}
RESULT: {}
RESULT: {"script":"<script> [8489 bytes]","args":[{"element-6066-11e4-a52e-4f735466cecf":"f.137111DC309FACC23B5F67A3B3455007.d.0690310078EA462A43DDC4879C12BD98.e.3992","ELEMENT":"f.137111DC309FACC23B5F67A3B3455007.d.0690310078EA462A43DDC4879C12BD98.e.3992"}]}
COMMAND: POST /session/060cacbffd4401a8364377c341db2bd1/execute/sync - {"script":"<script> [5351 bytes]","args":[{"element-6066-11e4-a52e-4f735466cecf":"f.137111DC309FACC23B5F67A3B3455007.d.0690310078EA462A43DDC4879C12BD98.e.3992","ELEMENT":"f.137111DC309FACC23B5F67A3B3455007.d.0690310078EA462A43DDC4879C12BD98.e.3992"}]}
COMMAND: GET /session/060cacbffd4401a8364377c341db2bd1/screenshot - {}
RESULT: {}
RESULT: {"script":"<script> [5351 bytes]","args":[{"element-6066-11e4-a52e-4f735466cecf":"f.137111DC309FACC23B5F67A3B3455007.d.0690310078EA462A43DDC4879C12BD98.e.3992","ELEMENT":"f.137111DC309FACC23B5F67A3B3455007.d.0690310078EA462A43DDC4879C12BD98.e.3992"}]}
COMMAND: POST /session/060cacbffd4401a8364377c341db2bd1/element/f.137111DC309FACC23B5F67A3B3455007.d.0690310078EA462A43DDC4879C12BD98.e.3992/click - {}
COMMAND: GET /session/060cacbffd4401a8364377c341db2bd1/screenshot - {}
RESULT: {}
RESULT: {}
COMMAND: GET /session/060cacbffd4401a8364377c341db2bd1/screenshot - {}
COMMAND: POST /session/060cacbffd4401a8364377c341db2bd1/element - {"using":"xpath","value":"//input[@id=\"application-managesites-display-component---NewSite--siteId-inner\"]"}
RESULT: {}
RESULT: {}
RESULT: {"using":"xpath","value":"//input[@id=\"application-managesites-display-component---NewSite--siteId-inner\"]"}
COMMAND: POST /session/060cacbffd4401a8364377c341db2bd1/element - {"using":"xpath","value":"//input[@id=\"application-managesites-display-component---NewSite--siteId-inner\"]"}
RESULT: {"using":"xpath","value":"//input[@id=\"application-managesites-display-component---NewSite--siteId-inner\"]"}
COMMAND: POST /session/060cacbffd4401a8364377c341db2bd1/execute/async - {"script":"<script> [1562 bytes]","args":[{"selector":{"id":"application-managesites-display-component---NewSite--addressDetailDetailsName1","interaction":{"idSuffix":"inner"}},"wdio_ui5_key":"applicationmanagesites-display-component---NewSite--addressDetailDetailsName1"}]}
RESULT: {"script":"<script> [1562 bytes]","args":[{"selector":{"id":"application-managesites-display-component---NewSite--addressDetailDetailsName1","interaction":{"idSuffix":"inner"}},"wdio_ui5_key":"applicationmanagesites-display-component---NewSite--addressDetailDetailsName1"}]}
RESULT: undefined
COMMAND: POST /session/060cacbffd4401a8364377c341db2bd1/execute/async - {"script":"<script> [776 bytes]","args":[{"enterText":"DailyPrice WDIO","selector":{"id":"application-managesites-display-component---NewSite--addressDetailDetailsName1","interaction":{"idSuffix":"inner"}},"clearTextFirst":true,"interactionType":"ENTER_TEXT"}]}
RESULT: {"script":"<script> [776 bytes]","args":[{"enterText":"DailyPrice WDIO","selector":{"id":"application-managesites-display-component---NewSite--addressDetailDetailsName1","interaction":{"idSuffix":"inner"}},"clearTextFirst":true,"interactionType":"ENTER_TEXT"}]}
COMMAND: POST /session/060cacbffd4401a8364377c341db2bd1/execute/async - {"script":"<script> [1562 bytes]","args":[{"selector":{"id":"application-managesites-display-component---NewSite--addressDetailDetailsLanguage-arrow"},"wdio_ui5_key":"applicationmanagesites-display-component---NewSite--addressDetailDetailsLanguage-arrow"}]}
RESULT: {"script":"<script> [1562 bytes]","args":[{"selector":{"id":"application-managesites-display-component---NewSite--addressDetailDetailsLanguage-arrow"},"wdio_ui5_key":"applicationmanagesites-display-component---NewSite--addressDetailDetailsLanguage-arrow"}]}
RESULT: undefined
COMMAND: POST /session/060cacbffd4401a8364377c341db2bd1/element - {"using":"xpath","value":"//*[@id=\"application-managesites-display-component---NewSite--addressDetailDetailsLanguage-arrow\"]"}
RESULT: {"using":"xpath","value":"//*[@id=\"application-managesites-display-component---NewSite--addressDetailDetailsLanguage-arrow\"]"}
COMMAND: POST /session/060cacbffd4401a8364377c341db2bd1/element/f.137111DC309FACC23B5F67A3B3455007.d.0690310078EA462A43DDC4879C12BD98.e.4627/click - {}
RESULT: {}
COMMAND: POST /session/060cacbffd4401a8364377c341db2bd1/element - {"using":"xpath","value":"//span[contains(text(), \"English\")]"}
COMMAND: GET /session/060cacbffd4401a8364377c341db2bd1/screenshot - {}
RESULT: {"using":"xpath","value":"//span[contains(text(), \"English\")]"}
COMMAND: POST /session/060cacbffd4401a8364377c341db2bd1/element/f.137111DC309FACC23B5F67A3B3455007.d.0690310078EA462A43DDC4879C12BD98.e.4628/click - {}
RESULT: {}
RESULT: {}
COMMAND: POST /session/060cacbffd4401a8364377c341db2bd1/execute/async - {"script":"<script> [1562 bytes]","args":[{"selector":{"id":"application-managesites-display-component---NewSite--addressDetailDetailsCity1","interaction":{"idSuffix":"inner"}},"wdio_ui5_key":"applicationmanagesites-display-component---NewSite--addressDetailDetailsCity1"}]}
COMMAND: GET /session/060cacbffd4401a8364377c341db2bd1/screenshot - {}
RESULT: {"script":"<script> [1562 bytes]","args":[{"selector":{"id":"application-managesites-display-component---NewSite--addressDetailDetailsCity1","interaction":{"idSuffix":"inner"}},"wdio_ui5_key":"applicationmanagesites-display-component---NewSite--addressDetailDetailsCity1"}]}
RESULT: undefined
COMMAND: POST /session/060cacbffd4401a8364377c341db2bd1/execute/async - {"script":"<script> [776 bytes]","args":[{"enterText":"Rosario","selector":{"id":"application-managesites-display-component---NewSite--addressDetailDetailsCity1","interaction":{"idSuffix":"inner"}},"clearTextFirst":true,"interactionType":"ENTER_TEXT"}]}
RESULT: {}
RESULT: {"script":"<script> [776 bytes]","args":[{"enterText":"Rosario","selector":{"id":"application-managesites-display-component---NewSite--addressDetailDetailsCity1","interaction":{"idSuffix":"inner"}},"clearTextFirst":true,"interactionType":"ENTER_TEXT"}]}
COMMAND: POST /session/060cacbffd4401a8364377c341db2bd1/execute/async - {"script":"<script> [1562 bytes]","args":[{"selector":{"id":"application-managesites-display-component---NewSite--addressDetailDetailsCountry-arrow"},"wdio_ui5_key":"applicationmanagesites-display-component---NewSite--addressDetailDetailsCountry-arrow"}]}
RESULT: {"script":"<script> [1562 bytes]","args":[{"selector":{"id":"application-managesites-display-component---NewSite--addressDetailDetailsCountry-arrow"},"wdio_ui5_key":"applicationmanagesites-display-component---NewSite--addressDetailDetailsCountry-arrow"}]}
RESULT: undefined
COMMAND: POST /session/060cacbffd4401a8364377c341db2bd1/element - {"using":"xpath","value":"//*[@id=\"application-managesites-display-component---NewSite--addressDetailDetailsCountry-arrow\"]"}
RESULT: {"using":"xpath","value":"//*[@id=\"application-managesites-display-component---NewSite--addressDetailDetailsCountry-arrow\"]"}
COMMAND: POST /session/060cacbffd4401a8364377c341db2bd1/element/f.137111DC309FACC23B5F67A3B3455007.d.0690310078EA462A43DDC4879C12BD98.e.4630/click - {}
RESULT: {}
COMMAND: POST /session/060cacbffd4401a8364377c341db2bd1/element - {"using":"xpath","value":"//span[contains(text(), \"Argentina\")]"}
COMMAND: GET /session/060cacbffd4401a8364377c341db2bd1/screenshot - {}
RESULT: {"using":"xpath","value":"//span[contains(text(), \"Argentina\")]"}
COMMAND: POST /session/060cacbffd4401a8364377c341db2bd1/element/f.137111DC309FACC23B5F67A3B3455007.d.0690310078EA462A43DDC4879C12BD98.e.4631/click - {}
RESULT: {}
RESULT: {}
COMMAND: GET /session/060cacbffd4401a8364377c341db2bd1/screenshot - {}
RESULT: {}
COMMAND: POST /session/060cacbffd4401a8364377c341db2bd1/execute/async - {"script":"<script> [1562 bytes]","args":[{"selector":{"id":"application-managesites-display-component---NewSite--addressEditDetailsCostObjectCstType-arrow"},"wdio_ui5_key":"applicationmanagesites-display-component---NewSite--addressEditDetailsCostObjectCstType-arrow"}]}
RESULT: {"script":"<script> [1562 bytes]","args":[{"selector":{"id":"application-managesites-display-component---NewSite--addressEditDetailsCostObjectCstType-arrow"},"wdio_ui5_key":"applicationmanagesites-display-component---NewSite--addressEditDetailsCostObjectCstType-arrow"}]}
RESULT: undefined
COMMAND: POST /session/060cacbffd4401a8364377c341db2bd1/element - {"using":"xpath","value":"//*[@id=\"application-managesites-display-component---NewSite--addressEditDetailsCostObjectCstType-arrow\"]"}
RESULT: {"using":"xpath","value":"//*[@id=\"application-managesites-display-component---NewSite--addressEditDetailsCostObjectCstType-arrow\"]"}
COMMAND: POST /session/060cacbffd4401a8364377c341db2bd1/element/f.137111DC309FACC23B5F67A3B3455007.d.0690310078EA462A43DDC4879C12BD98.e.4633/click - {}
RESULT: {}
COMMAND: POST /session/060cacbffd4401a8364377c341db2bd1/element - {"using":"xpath","value":"//span[contains(text(), \"Cost Center\")]"}
COMMAND: GET /session/060cacbffd4401a8364377c341db2bd1/screenshot - {}
RESULT: {"using":"xpath","value":"//span[contains(text(), \"Cost Center\")]"}
COMMAND: POST /session/060cacbffd4401a8364377c341db2bd1/element/f.137111DC309FACC23B5F67A3B3455007.d.0690310078EA462A43DDC4879C12BD98.e.4634/click - {}
RESULT: {}
RESULT: {}
COMMAND: GET /session/060cacbffd4401a8364377c341db2bd1/screenshot - {}
RESULT: {}
COMMAND: POST /session/060cacbffd4401a8364377c341db2bd1/element - {"using":"xpath","value":"//span[@id=\"application-managesites-display-component---NewSite--addressNewCostObjectCstID-vhi\"]"}
RESULT: {"using":"xpath","value":"//span[@id=\"application-managesites-display-component---NewSite--addressNewCostObjectCstID-vhi\"]"}
COMMAND: POST /session/060cacbffd4401a8364377c341db2bd1/execute/sync - {"script":"<script> [8489 bytes]","args":[{"element-6066-11e4-a52e-4f735466cecf":"f.137111DC309FACC23B5F67A3B3455007.d.0690310078EA462A43DDC4879C12BD98.e.4639","ELEMENT":"f.137111DC309FACC23B5F67A3B3455007.d.0690310078EA462A43DDC4879C12BD98.e.4639"}]}
RESULT: {"script":"<script> [8489 bytes]","args":[{"element-6066-11e4-a52e-4f735466cecf":"f.137111DC309FACC23B5F67A3B3455007.d.0690310078EA462A43DDC4879C12BD98.e.4639","ELEMENT":"f.137111DC309FACC23B5F67A3B3455007.d.0690310078EA462A43DDC4879C12BD98.e.4639"}]}
COMMAND: POST /session/060cacbffd4401a8364377c341db2bd1/execute/async - {"script":"<script> [1562 bytes]","args":[{"selector":{"id":"application-managesites-display-component---NewSite--addressNewCostObjectCstID-vhi"},"wdio_ui5_key":"applicationmanagesites-display-component---NewSite--addressNewCostObjectCstID-vhi"}]}
COMMAND: GET /session/060cacbffd4401a8364377c341db2bd1/screenshot - {}
RESULT: {"script":"<script> [1562 bytes]","args":[{"selector":{"id":"application-managesites-display-component---NewSite--addressNewCostObjectCstID-vhi"},"wdio_ui5_key":"applicationmanagesites-display-component---NewSite--addressNewCostObjectCstID-vhi"}]}
RESULT: undefined
COMMAND: POST /session/060cacbffd4401a8364377c341db2bd1/element - {"using":"xpath","value":"//*[@id=\"application-managesites-display-component---NewSite--addressNewCostObjectCstID-vhi\"]"}
RESULT: {}
RESULT: {"using":"xpath","value":"//*[@id=\"application-managesites-display-component---NewSite--addressNewCostObjectCstID-vhi\"]"}
COMMAND: POST /session/060cacbffd4401a8364377c341db2bd1/element/f.137111DC309FACC23B5F67A3B3455007.d.0690310078EA462A43DDC4879C12BD98.e.4639/click - {}
RESULT: {}
COMMAND: GET /session/060cacbffd4401a8364377c341db2bd1/screenshot - {}
RESULT: {}
RESULT: undefined
COMMAND: POST /session/060cacbffd4401a8364377c341db2bd1/execute/async - {"script":"<script> [776 bytes]","args":[{"enterText":"10001013","selector":{"controlType":"sap.m.SearchField","properties":{"placeholder":"Search"},"searchOpenDialogs":true,"interaction":{"idSuffix":"I"}},"clearTextFirst":true,"interactionType":"ENTER_TEXT"}]}
RESULT: {"script":"<script> [776 bytes]","args":[{"enterText":"10001013","selector":{"controlType":"sap.m.SearchField","properties":{"placeholder":"Search"},"searchOpenDialogs":true,"interaction":{"idSuffix":"I"}},"clearTextFirst":true,"interactionType":"ENTER_TEXT"}]}
COMMAND: POST /session/060cacbffd4401a8364377c341db2bd1/actions - {"actions":[{"id":"action15","type":"key","parameters":{},"actions":[{"type":"keyDown","value":"î€‡"},{"type":"pause","duration":10},{"type":"keyUp","value":"î€‡"}]}]}
RESULT: {"actions":[{"id":"action15","type":"key","parameters":{},"actions":[{"type":"keyDown","value":"î€‡"},{"type":"pause","duration":10},{"type":"keyUp","value":"î€‡"}]}]}
COMMAND: GET /session/060cacbffd4401a8364377c341db2bd1/screenshot - {}
RESULT: {}
COMMAND: POST /session/060cacbffd4401a8364377c341db2bd1/element - {"using":"xpath","value":"//span[contains(text(), \"General Management\")]"}
RESULT: {"using":"xpath","value":"//span[contains(text(), \"General Management\")]"}
COMMAND: POST /session/060cacbffd4401a8364377c341db2bd1/element/f.137111DC309FACC23B5F67A3B3455007.d.0690310078EA462A43DDC4879C12BD98.e.4677/click - {}
RESULT: {}
COMMAND: GET /session/060cacbffd4401a8364377c341db2bd1/screenshot - {}
RESULT: {}
COMMAND: POST /session/060cacbffd4401a8364377c341db2bd1/element - {"using":"xpath","value":"//bdi[contains(text(), \"OK\")]"}
RESULT: {"using":"xpath","value":"//bdi[contains(text(), \"OK\")]"}
COMMAND: POST /session/060cacbffd4401a8364377c341db2bd1/element/f.137111DC309FACC23B5F67A3B3455007.d.0690310078EA462A43DDC4879C12BD98.e.4678/click - {}
RESULT: {}
COMMAND: GET /session/060cacbffd4401a8364377c341db2bd1/screenshot - {}
RESULT: {}
COMMAND: POST /session/060cacbffd4401a8364377c341db2bd1/element - {"using":"xpath","value":"//input[@id=\"application-managesites-display-component---NewSite--addressDetailDetailsCalendar-inner\"]"}
RESULT: {"using":"xpath","value":"//input[@id=\"application-managesites-display-component---NewSite--addressDetailDetailsCalendar-inner\"]"}
COMMAND: POST /session/060cacbffd4401a8364377c341db2bd1/element/f.137111DC309FACC23B5F67A3B3455007.d.0690310078EA462A43DDC4879C12BD98.e.4422/clear - {}
RESULT: {}
COMMAND: POST /session/060cacbffd4401a8364377c341db2bd1/element/f.137111DC309FACC23B5F67A3B3455007.d.0690310078EA462A43DDC4879C12BD98.e.4422/value - {"text":"Unit"}
COMMAND: GET /session/060cacbffd4401a8364377c341db2bd1/screenshot - {}
RESULT: {"text":"Unit"}
COMMAND: GET /session/060cacbffd4401a8364377c341db2bd1/screenshot - {}
RESULT: {}
RESULT: {}
COMMAND: POST /session/060cacbffd4401a8364377c341db2bd1/actions - {"actions":[{"id":"action16","type":"key","parameters":{},"actions":[{"type":"keyDown","value":"î€‡"},{"type":"pause","duration":10},{"type":"keyUp","value":"î€‡"}]}]}
RESULT: {"actions":[{"id":"action16","type":"key","parameters":{},"actions":[{"type":"keyDown","value":"î€‡"},{"type":"pause","duration":10},{"type":"keyUp","value":"î€‡"}]}]}
COMMAND: POST /session/060cacbffd4401a8364377c341db2bd1/element - {"using":"xpath","value":"//input[@id=\"application-managesites-display-component---NewSite--addressDetailDetailsYard-inner\"]"}
COMMAND: GET /session/060cacbffd4401a8364377c341db2bd1/screenshot - {}
RESULT: {"using":"xpath","value":"//input[@id=\"application-managesites-display-component---NewSite--addressDetailDetailsYard-inner\"]"}
COMMAND: POST /session/060cacbffd4401a8364377c341db2bd1/element/f.137111DC309FACC23B5F67A3B3455007.d.0690310078EA462A43DDC4879C12BD98.e.4423/clear - {}
RESULT: {}
RESULT: {}
COMMAND: POST /session/060cacbffd4401a8364377c341db2bd1/element/f.137111DC309FACC23B5F67A3B3455007.d.0690310078EA462A43DDC4879C12BD98.e.4423/value - {"text":"526"}
COMMAND: GET /session/060cacbffd4401a8364377c341db2bd1/screenshot - {}
RESULT: {"text":"526"}
COMMAND: GET /session/060cacbffd4401a8364377c341db2bd1/screenshot - {}
RESULT: {}
RESULT: {}
COMMAND: POST /session/060cacbffd4401a8364377c341db2bd1/element - {"using":"xpath","value":"//li[.//span[text()='526']]"}
RESULT: {"using":"xpath","value":"//li[.//span[text()='526']]"}
COMMAND: POST /session/060cacbffd4401a8364377c341db2bd1/element/f.137111DC309FACC23B5F67A3B3455007.d.0690310078EA462A43DDC4879C12BD98.e.4686/click - {}
RESULT: {}
COMMAND: GET /session/060cacbffd4401a8364377c341db2bd1/screenshot - {}
RESULT: {}
COMMAND: POST /session/060cacbffd4401a8364377c341db2bd1/element - {"using":"xpath","value":"//input[@id=\"application-managesites-display-component---NewSite--addressDetailDetailsPartner-inner\"]"}
RESULT: {"using":"xpath","value":"//input[@id=\"application-managesites-display-component---NewSite--addressDetailDetailsPartner-inner\"]"}
COMMAND: POST /session/060cacbffd4401a8364377c341db2bd1/element - {"using":"xpath","value":"//input[@id=\"application-managesites-display-component---NewSite--addressDetailDetailsPartner-inner\"]"}
RESULT: {"using":"xpath","value":"//input[@id=\"application-managesites-display-component---NewSite--addressDetailDetailsPartner-inner\"]"}
COMMAND: POST /session/060cacbffd4401a8364377c341db2bd1/element - {"using":"xpath","value":"//button[@data-kt=\"saveButton\"]"}
RESULT: {"using":"xpath","value":"//button[@data-kt=\"saveButton\"]"}
COMMAND: POST /session/060cacbffd4401a8364377c341db2bd1/element/f.137111DC309FACC23B5F67A3B3455007.d.0690310078EA462A43DDC4879C12BD98.e.4568/click - {}
RESULT: {}
COMMAND: GET /session/060cacbffd4401a8364377c341db2bd1/screenshot - {}
RESULT: {}
COMMAND: POST /session/060cacbffd4401a8364377c341db2bd1/element - {"using":"xpath","value":"//header[contains(@id, 'ObjectPageLayout-headerTitle')]/div[1]/div[2]/div[2]/span[1]"}
RESULT: {"using":"xpath","value":"//header[contains(@id, 'ObjectPageLayout-headerTitle')]/div[1]/div[2]/div[2]/span[1]"}
COMMAND: POST /session/060cacbffd4401a8364377c341db2bd1/elements - {"using":"xpath","value":"//header[contains(@id, 'ObjectPageLayout-headerTitle')]/div[1]/div[2]/div[2]/span[1]"}
RESULT: {"using":"xpath","value":"//header[contains(@id, 'ObjectPageLayout-headerTitle')]/div[1]/div[2]/div[2]/span[1]"}
COMMAND: POST /session/060cacbffd4401a8364377c341db2bd1/execute/sync - {"script":"<script> [56 bytes]","args":[{"element-6066-11e4-a52e-4f735466cecf":"f.137111DC309FACC23B5F67A3B3455007.d.0690310078EA462A43DDC4879C12BD98.e.4890","ELEMENT":"f.137111DC309FACC23B5F67A3B3455007.d.0690310078EA462A43DDC4879C12BD98.e.4890"}]}
RESULT: {"script":"<script> [56 bytes]","args":[{"element-6066-11e4-a52e-4f735466cecf":"f.137111DC309FACC23B5F67A3B3455007.d.0690310078EA462A43DDC4879C12BD98.e.4890","ELEMENT":"f.137111DC309FACC23B5F67A3B3455007.d.0690310078EA462A43DDC4879C12BD98.e.4890"}]}
COMMAND: POST /session/060cacbffd4401a8364377c341db2bd1/element - {"using":"css selector","value":"#shell-header-logo"}
COMMAND: GET /session/060cacbffd4401a8364377c341db2bd1/screenshot - {}
RESULT: {"using":"css selector","value":"#shell-header-logo"}
COMMAND: POST /session/060cacbffd4401a8364377c341db2bd1/element/f.137111DC309FACC23B5F67A3B3455007.d.0690310078EA462A43DDC4879C12BD98.e.3948/click - {}
RESULT: {}
RESULT: {}
COMMAND: GET /session/060cacbffd4401a8364377c341db2bd1/screenshot - {}
RESULT: {}
COMMAND: POST /session/060cacbffd4401a8364377c341db2bd1/execute/sync - {"script":"<script> [299 bytes]","args":[["getModel","getResource"]]}
RESULT: {"script":"<script> [299 bytes]","args":[["getModel","getResource"]]}
COMMAND: GET /session/060cacbffd4401a8364377c341db2bd1/screenshot - {}
]]></system-out>
    </testcase>
    <testcase classname="chrome.136_0_7103_93.windows.Edit_and_delete_daily_price_US134629_US134627" name="Should go to Manage Conditions Daily Price and add the 2 rows one with yard site and one with yard" time="77.778">
      <system-out><![CDATA[
COMMAND: POST /session/060cacbffd4401a8364377c341db2bd1/execute/async - {"script":"<script> [1562 bytes]","args":[{"selector":{"controlType":"sap.m.GenericTile","properties":{"header":"Manage Conditions & Prices"}},"wdio_ui5_key":"sapm.GenericTile{\"header\":\"Manage Conditions & Prices\"}"}]}
RESULT: {}
RESULT: {"script":"<script> [1562 bytes]","args":[{"selector":{"controlType":"sap.m.GenericTile","properties":{"header":"Manage Conditions & Prices"}},"wdio_ui5_key":"sapm.GenericTile{\"header\":\"Manage Conditions & Prices\"}"}]}
RESULT: undefined
COMMAND: POST /session/060cacbffd4401a8364377c341db2bd1/element - {"using":"xpath","value":"//*[@id=\"__tile53\"]"}
RESULT: {"using":"xpath","value":"//*[@id=\"__tile53\"]"}
COMMAND: POST /session/060cacbffd4401a8364377c341db2bd1/element/f.137111DC309FACC23B5F67A3B3455007.d.0690310078EA462A43DDC4879C12BD98.e.3091/click - {}
RESULT: {}
COMMAND: GET /session/060cacbffd4401a8364377c341db2bd1/screenshot - {}
RESULT: {}
COMMAND: POST /session/060cacbffd4401a8364377c341db2bd1/elements - {"using":"xpath","value":"//span[text()='Error']"}
RESULT: {"using":"xpath","value":"//span[text()='Error']"}
COMMAND: POST /session/060cacbffd4401a8364377c341db2bd1/element - {"using":"xpath","value":"//button[@aria-label=\"Create\"]"}
RESULT: {"using":"xpath","value":"//button[@aria-label=\"Create\"]"}
COMMAND: POST /session/060cacbffd4401a8364377c341db2bd1/element/f.137111DC309FACC23B5F67A3B3455007.d.0690310078EA462A43DDC4879C12BD98.e.4929/click - {}
RESULT: {}
COMMAND: GET /session/060cacbffd4401a8364377c341db2bd1/screenshot - {}
RESULT: {}
COMMAND: POST /session/060cacbffd4401a8364377c341db2bd1/actions - {"actions":[{"id":"action17","type":"key","parameters":{},"actions":[{"type":"keyDown","value":"î€•"},{"type":"pause","duration":10},{"type":"keyUp","value":"î€•"}]}]}
RESULT: {"actions":[{"id":"action17","type":"key","parameters":{},"actions":[{"type":"keyDown","value":"î€•"},{"type":"pause","duration":10},{"type":"keyUp","value":"î€•"}]}]}
COMMAND: POST /session/060cacbffd4401a8364377c341db2bd1/actions - {"actions":[{"id":"action18","type":"key","parameters":{},"actions":[{"type":"keyDown","value":"î€‡"},{"type":"pause","duration":10},{"type":"keyUp","value":"î€‡"}]}]}
COMMAND: GET /session/060cacbffd4401a8364377c341db2bd1/screenshot - {}
RESULT: {"actions":[{"id":"action18","type":"key","parameters":{},"actions":[{"type":"keyDown","value":"î€‡"},{"type":"pause","duration":10},{"type":"keyUp","value":"î€‡"}]}]}
COMMAND: POST /session/060cacbffd4401a8364377c341db2bd1/execute/async - {"script":"<script> [1562 bytes]","args":[{"selector":{"controlType":"sap.m.Title","viewName":"etm.portal.ui.manageconditionprice.view.DailyPrices","viewId":"application-manageconditionprice-display-component---dailyPrices","i18NText":{"propertyName":"text","key":"dailyPrices"}},"wdio_ui5_key":"etmportal.ui.manageconditionprice.view.DailyPricessap.m.Title{\"propertyName\":\"text\",\"key\":\"dailyPrices\"}"}]}
COMMAND: GET /session/060cacbffd4401a8364377c341db2bd1/screenshot - {}
RESULT: {}
RESULT: {"script":"<script> [1562 bytes]","args":[{"selector":{"controlType":"sap.m.Title","viewName":"etm.portal.ui.manageconditionprice.view.DailyPrices","viewId":"application-manageconditionprice-display-component---dailyPrices","i18NText":{"propertyName":"text","key":"dailyPrices"}},"wdio_ui5_key":"etmportal.ui.manageconditionprice.view.DailyPricessap.m.Title{\"propertyName\":\"text\",\"key\":\"dailyPrices\"}"}]}
RESULT: undefined
COMMAND: POST /session/060cacbffd4401a8364377c341db2bd1/execute/async - {"script":"<script> [6424 bytes]","args":[{"element-6066-11e4-a52e-4f735466cecf":"f.137111DC309FACC23B5F67A3B3455007.d.0690310078EA462A43DDC4879C12BD98.e.5300"},"getText",[]]}
RESULT: {}
RESULT: {"script":"<script> [6424 bytes]","args":[{"element-6066-11e4-a52e-4f735466cecf":"f.137111DC309FACC23B5F67A3B3455007.d.0690310078EA462A43DDC4879C12BD98.e.5300"},"getText",[]]}
COMMAND: POST /session/060cacbffd4401a8364377c341db2bd1/execute/async - {"script":"<script> [1562 bytes]","args":[{"selector":{"id":"application-manageconditionprice-display-component---dailyPrices--condBillCond","interaction":{"idSuffix":"inner"}},"wdio_ui5_key":"applicationmanageconditionprice-display-component---dailyPrices--condBillCond"}]}
RESULT: {"script":"<script> [1562 bytes]","args":[{"selector":{"id":"application-manageconditionprice-display-component---dailyPrices--condBillCond","interaction":{"idSuffix":"inner"}},"wdio_ui5_key":"applicationmanageconditionprice-display-component---dailyPrices--condBillCond"}]}
RESULT: undefined
COMMAND: POST /session/060cacbffd4401a8364377c341db2bd1/execute/async - {"script":"<script> [776 bytes]","args":[{"enterText":"Residual Value %","selector":{"id":"application-manageconditionprice-display-component---dailyPrices--condBillCond","interaction":{"idSuffix":"inner"}},"clearTextFirst":true,"interactionType":"ENTER_TEXT"}]}
RESULT: {"script":"<script> [776 bytes]","args":[{"enterText":"Residual Value %","selector":{"id":"application-manageconditionprice-display-component---dailyPrices--condBillCond","interaction":{"idSuffix":"inner"}},"clearTextFirst":true,"interactionType":"ENTER_TEXT"}]}
COMMAND: POST /session/060cacbffd4401a8364377c341db2bd1/execute/async - {"script":"<script> [1562 bytes]","args":[{"selector":{"controlType":"sap.m.StandardListItem","viewName":"etm.portal.ui.manageconditionprice.view.DailyPrices","viewId":"application-manageconditionprice-display-component---dailyPrices","properties":{"type":"Active"},"searchOpenDialogs":true,"interaction":{"idSuffix":"titleText"}},"wdio_ui5_key":"etmportal.ui.manageconditionprice.view.DailyPricessap.m.StandardListItem{\"type\":\"Active\"}"}]}
RESULT: {"script":"<script> [1562 bytes]","args":[{"selector":{"controlType":"sap.m.StandardListItem","viewName":"etm.portal.ui.manageconditionprice.view.DailyPrices","viewId":"application-manageconditionprice-display-component---dailyPrices","properties":{"type":"Active"},"searchOpenDialogs":true,"interaction":{"idSuffix":"titleText"}},"wdio_ui5_key":"etmportal.ui.manageconditionprice.view.DailyPricessap.m.StandardListItem{\"type\":\"Active\"}"}]}
RESULT: undefined
COMMAND: POST /session/060cacbffd4401a8364377c341db2bd1/element - {"using":"xpath","value":"//*[@id=\"__item1178\"]"}
RESULT: {"using":"xpath","value":"//*[@id=\"__item1178\"]"}
COMMAND: POST /session/060cacbffd4401a8364377c341db2bd1/element/f.137111DC309FACC23B5F67A3B3455007.d.0690310078EA462A43DDC4879C12BD98.e.5304/click - {}
RESULT: {}
COMMAND: POST /session/060cacbffd4401a8364377c341db2bd1/execute/async - {"script":"<script> [1562 bytes]","args":[{"selector":{"id":"application-manageconditionprice-display-component---dailyPrices--editBtn","interaction":{"idSuffix":"BDI-content"}},"wdio_ui5_key":"applicationmanageconditionprice-display-component---dailyPrices--editBtn"}]}
COMMAND: GET /session/060cacbffd4401a8364377c341db2bd1/screenshot - {}
RESULT: {"script":"<script> [1562 bytes]","args":[{"selector":{"id":"application-manageconditionprice-display-component---dailyPrices--editBtn","interaction":{"idSuffix":"BDI-content"}},"wdio_ui5_key":"applicationmanageconditionprice-display-component---dailyPrices--editBtn"}]}
RESULT: undefined
COMMAND: POST /session/060cacbffd4401a8364377c341db2bd1/element - {"using":"xpath","value":"//*[@id=\"application-manageconditionprice-display-component---dailyPrices--editBtn\"]"}
RESULT: {}
RESULT: {"using":"xpath","value":"//*[@id=\"application-manageconditionprice-display-component---dailyPrices--editBtn\"]"}
COMMAND: POST /session/060cacbffd4401a8364377c341db2bd1/element/f.137111DC309FACC23B5F67A3B3455007.d.0690310078EA462A43DDC4879C12BD98.e.5302/click - {}
RESULT: {}
COMMAND: POST /session/060cacbffd4401a8364377c341db2bd1/execute/async - {"script":"<script> [1562 bytes]","args":[{"selector":{"controlType":"sap.m.Button","viewName":"etm.portal.ui.manageconditionprice.view.DailyPrices","viewId":"application-manageconditionprice-display-component---dailyPrices","i18NText":{"propertyName":"text","key":"add"},"interaction":{"idSuffix":"BDI-content"}},"wdio_ui5_key":"etmportal.ui.manageconditionprice.view.DailyPricessap.m.Button{\"propertyName\":\"text\",\"key\":\"add\"}"}]}
COMMAND: GET /session/060cacbffd4401a8364377c341db2bd1/screenshot - {}
RESULT: {"script":"<script> [1562 bytes]","args":[{"selector":{"controlType":"sap.m.Button","viewName":"etm.portal.ui.manageconditionprice.view.DailyPrices","viewId":"application-manageconditionprice-display-component---dailyPrices","i18NText":{"propertyName":"text","key":"add"},"interaction":{"idSuffix":"BDI-content"}},"wdio_ui5_key":"etmportal.ui.manageconditionprice.view.DailyPricessap.m.Button{\"propertyName\":\"text\",\"key\":\"add\"}"}]}
RESULT: undefined
COMMAND: POST /session/060cacbffd4401a8364377c341db2bd1/element - {"using":"xpath","value":"//*[@id=\"__button105\"]"}
RESULT: {}
RESULT: {"using":"xpath","value":"//*[@id=\"__button105\"]"}
COMMAND: POST /session/060cacbffd4401a8364377c341db2bd1/element/f.137111DC309FACC23B5F67A3B3455007.d.0690310078EA462A43DDC4879C12BD98.e.5312/click - {}
RESULT: {}
COMMAND: POST /session/060cacbffd4401a8364377c341db2bd1/elements - {"using":"css selector","value":"table tr"}
COMMAND: GET /session/060cacbffd4401a8364377c341db2bd1/screenshot - {}
RESULT: {"using":"css selector","value":"table tr"}
COMMAND: POST /session/060cacbffd4401a8364377c341db2bd1/element/f.137111DC309FACC23B5F67A3B3455007.d.0690310078EA462A43DDC4879C12BD98.e.5510/elements - {"using":"css selector","value":"input"}
RESULT: {}
RESULT: {"using":"css selector","value":"input"}
COMMAND: POST /session/060cacbffd4401a8364377c341db2bd1/element/f.137111DC309FACC23B5F67A3B3455007.d.0690310078EA462A43DDC4879C12BD98.e.5513/clear - {}
COMMAND: POST /session/060cacbffd4401a8364377c341db2bd1/element/f.137111DC309FACC23B5F67A3B3455007.d.0690310078EA462A43DDC4879C12BD98.e.5511/clear - {}
COMMAND: POST /session/060cacbffd4401a8364377c341db2bd1/element/f.137111DC309FACC23B5F67A3B3455007.d.0690310078EA462A43DDC4879C12BD98.e.5514/clear - {}
COMMAND: POST /session/060cacbffd4401a8364377c341db2bd1/element/f.137111DC309FACC23B5F67A3B3455007.d.0690310078EA462A43DDC4879C12BD98.e.5512/clear - {}
COMMAND: POST /session/060cacbffd4401a8364377c341db2bd1/element/f.137111DC309FACC23B5F67A3B3455007.d.0690310078EA462A43DDC4879C12BD98.e.5510/elements - {"using":"css selector","value":"td"}
RESULT: {}
COMMAND: POST /session/060cacbffd4401a8364377c341db2bd1/element/f.137111DC309FACC23B5F67A3B3455007.d.0690310078EA462A43DDC4879C12BD98.e.5513/value - {"text":"705.60"}
COMMAND: GET /session/060cacbffd4401a8364377c341db2bd1/screenshot - {}
RESULT: {}
COMMAND: POST /session/060cacbffd4401a8364377c341db2bd1/element/f.137111DC309FACC23B5F67A3B3455007.d.0690310078EA462A43DDC4879C12BD98.e.5511/value - {"text":"05/18/25"}
COMMAND: GET /session/060cacbffd4401a8364377c341db2bd1/screenshot - {}
RESULT: {}
COMMAND: POST /session/060cacbffd4401a8364377c341db2bd1/element/f.137111DC309FACC23B5F67A3B3455007.d.0690310078EA462A43DDC4879C12BD98.e.5514/value - {"text":"Euro"}
COMMAND: GET /session/060cacbffd4401a8364377c341db2bd1/screenshot - {}
RESULT: {}
COMMAND: POST /session/060cacbffd4401a8364377c341db2bd1/element/f.137111DC309FACC23B5F67A3B3455007.d.0690310078EA462A43DDC4879C12BD98.e.5512/value - {"text":"10/18/25"}
COMMAND: GET /session/060cacbffd4401a8364377c341db2bd1/screenshot - {}
RESULT: {"using":"css selector","value":"td"}
COMMAND: POST /session/060cacbffd4401a8364377c341db2bd1/element - {"using":"xpath","value":".//li[contains(., \"2259\") and not(.//li)]"}
COMMAND: POST /session/060cacbffd4401a8364377c341db2bd1/element/f.137111DC309FACC23B5F67A3B3455007.d.0690310078EA462A43DDC4879C12BD98.e.5532/element - {"using":"css selector","value":"input"}
COMMAND: POST /session/060cacbffd4401a8364377c341db2bd1/element/f.137111DC309FACC23B5F67A3B3455007.d.0690310078EA462A43DDC4879C12BD98.e.5532/element - {"using":"css selector","value":"input"}
RESULT: {"text":"705.60"}
COMMAND: GET /session/060cacbffd4401a8364377c341db2bd1/screenshot - {}
RESULT: {}
RESULT: {"text":"05/18/25"}
COMMAND: GET /session/060cacbffd4401a8364377c341db2bd1/screenshot - {}
RESULT: {}
RESULT: {}
RESULT: {"text":"Euro"}
COMMAND: GET /session/060cacbffd4401a8364377c341db2bd1/screenshot - {}
RESULT: {"text":"10/18/25"}
COMMAND: GET /session/060cacbffd4401a8364377c341db2bd1/screenshot - {}
RESULT: {}
RESULT: {"using":"css selector","value":"input"}
COMMAND: POST /session/060cacbffd4401a8364377c341db2bd1/element/f.137111DC309FACC23B5F67A3B3455007.d.0690310078EA462A43DDC4879C12BD98.e.5515/click - {}
RESULT: {"using":"css selector","value":"input"}
COMMAND: POST /session/060cacbffd4401a8364377c341db2bd1/element/f.137111DC309FACC23B5F67A3B3455007.d.0690310078EA462A43DDC4879C12BD98.e.5515/clear - {}
RESULT: {"using":"xpath","value":".//li[contains(., \"2259\") and not(.//li)]"}
RESULT: {}
RESULT: {}
RESULT: {}
RESULT: {}
RESULT: {}
COMMAND: GET /session/060cacbffd4401a8364377c341db2bd1/screenshot - {}
RESULT: {}
COMMAND: POST /session/060cacbffd4401a8364377c341db2bd1/element/f.137111DC309FACC23B5F67A3B3455007.d.0690310078EA462A43DDC4879C12BD98.e.5515/value - {"text":"2259"}
COMMAND: GET /session/060cacbffd4401a8364377c341db2bd1/screenshot - {}
COMMAND: POST /session/060cacbffd4401a8364377c341db2bd1/elements - {"using":"xpath","value":".//li[contains(., \"2259\") and not(.//li)]"}
RESULT: {}
RESULT: {"text":"2259"}
COMMAND: GET /session/060cacbffd4401a8364377c341db2bd1/screenshot - {}
RESULT: {}
RESULT: {"using":"xpath","value":".//li[contains(., \"2259\") and not(.//li)]"}
COMMAND: POST /session/060cacbffd4401a8364377c341db2bd1/elements - {"using":"xpath","value":".//li[contains(., \"2259\") and not(.//li)]"}
RESULT: {}
RESULT: {"using":"xpath","value":".//li[contains(., \"2259\") and not(.//li)]"}
COMMAND: POST /session/060cacbffd4401a8364377c341db2bd1/element - {"using":"xpath","value":".//li[contains(., \"2259\") and not(.//li)]"}
RESULT: {"using":"xpath","value":".//li[contains(., \"2259\") and not(.//li)]"}
COMMAND: POST /session/060cacbffd4401a8364377c341db2bd1/element/f.137111DC309FACC23B5F67A3B3455007.d.0690310078EA462A43DDC4879C12BD98.e.5539/click - {}
RESULT: {}
COMMAND: POST /session/060cacbffd4401a8364377c341db2bd1/element/f.137111DC309FACC23B5F67A3B3455007.d.0690310078EA462A43DDC4879C12BD98.e.5533/element - {"using":"css selector","value":"input"}
COMMAND: GET /session/060cacbffd4401a8364377c341db2bd1/screenshot - {}
RESULT: {"using":"css selector","value":"input"}
COMMAND: POST /session/060cacbffd4401a8364377c341db2bd1/element/f.137111DC309FACC23B5F67A3B3455007.d.0690310078EA462A43DDC4879C12BD98.e.5516/click - {}
RESULT: {}
RESULT: {}
COMMAND: GET /session/060cacbffd4401a8364377c341db2bd1/screenshot - {}
RESULT: {}
COMMAND: POST /session/060cacbffd4401a8364377c341db2bd1/element/f.137111DC309FACC23B5F67A3B3455007.d.0690310078EA462A43DDC4879C12BD98.e.5533/element - {"using":"css selector","value":"input"}
RESULT: {"using":"css selector","value":"input"}
COMMAND: POST /session/060cacbffd4401a8364377c341db2bd1/element/f.137111DC309FACC23B5F67A3B3455007.d.0690310078EA462A43DDC4879C12BD98.e.5516/clear - {}
RESULT: {}
COMMAND: POST /session/060cacbffd4401a8364377c341db2bd1/element/f.137111DC309FACC23B5F67A3B3455007.d.0690310078EA462A43DDC4879C12BD98.e.5516/value - {"text":"526"}
COMMAND: GET /session/060cacbffd4401a8364377c341db2bd1/screenshot - {}
RESULT: {"text":"526"}
COMMAND: GET /session/060cacbffd4401a8364377c341db2bd1/screenshot - {}
RESULT: {}
RESULT: {}
COMMAND: POST /session/060cacbffd4401a8364377c341db2bd1/element - {"using":"xpath","value":".//li[contains(., \"526\") and not(.//li)]"}
RESULT: {"using":"xpath","value":".//li[contains(., \"526\") and not(.//li)]"}
COMMAND: POST /session/060cacbffd4401a8364377c341db2bd1/element/f.137111DC309FACC23B5F67A3B3455007.d.0690310078EA462A43DDC4879C12BD98.e.5540/click - {}
RESULT: {}
RESULT: undefined
COMMAND: POST /session/060cacbffd4401a8364377c341db2bd1/element - {"using":"xpath","value":"//*[@id=\"__button105\"]"}
COMMAND: GET /session/060cacbffd4401a8364377c341db2bd1/screenshot - {}
RESULT: {"using":"xpath","value":"//*[@id=\"__button105\"]"}
COMMAND: POST /session/060cacbffd4401a8364377c341db2bd1/element/f.137111DC309FACC23B5F67A3B3455007.d.0690310078EA462A43DDC4879C12BD98.e.5312/click - {}
RESULT: {}
RESULT: {}
COMMAND: POST /session/060cacbffd4401a8364377c341db2bd1/elements - {"using":"css selector","value":"table tr"}
COMMAND: GET /session/060cacbffd4401a8364377c341db2bd1/screenshot - {}
RESULT: {"using":"css selector","value":"table tr"}
COMMAND: POST /session/060cacbffd4401a8364377c341db2bd1/element/f.137111DC309FACC23B5F67A3B3455007.d.0690310078EA462A43DDC4879C12BD98.e.5542/elements - {"using":"css selector","value":"input"}
RESULT: {}
RESULT: {"using":"css selector","value":"input"}
COMMAND: POST /session/060cacbffd4401a8364377c341db2bd1/element/f.137111DC309FACC23B5F67A3B3455007.d.0690310078EA462A43DDC4879C12BD98.e.5545/clear - {}
COMMAND: POST /session/060cacbffd4401a8364377c341db2bd1/element/f.137111DC309FACC23B5F67A3B3455007.d.0690310078EA462A43DDC4879C12BD98.e.5543/clear - {}
COMMAND: POST /session/060cacbffd4401a8364377c341db2bd1/element/f.137111DC309FACC23B5F67A3B3455007.d.0690310078EA462A43DDC4879C12BD98.e.5546/clear - {}
COMMAND: POST /session/060cacbffd4401a8364377c341db2bd1/element/f.137111DC309FACC23B5F67A3B3455007.d.0690310078EA462A43DDC4879C12BD98.e.5544/clear - {}
RESULT: {}
COMMAND: POST /session/060cacbffd4401a8364377c341db2bd1/element/f.137111DC309FACC23B5F67A3B3455007.d.0690310078EA462A43DDC4879C12BD98.e.5544/value - {"text":"10/18/25"}
COMMAND: GET /session/060cacbffd4401a8364377c341db2bd1/screenshot - {}
RESULT: {}
COMMAND: POST /session/060cacbffd4401a8364377c341db2bd1/element/f.137111DC309FACC23B5F67A3B3455007.d.0690310078EA462A43DDC4879C12BD98.e.5546/value - {"text":"US Dollar"}
COMMAND: GET /session/060cacbffd4401a8364377c341db2bd1/screenshot - {}
RESULT: {}
COMMAND: POST /session/060cacbffd4401a8364377c341db2bd1/element/f.137111DC309FACC23B5F67A3B3455007.d.0690310078EA462A43DDC4879C12BD98.e.5543/value - {"text":"05/18/25"}
COMMAND: GET /session/060cacbffd4401a8364377c341db2bd1/screenshot - {}
RESULT: {}
COMMAND: POST /session/060cacbffd4401a8364377c341db2bd1/element/f.137111DC309FACC23B5F67A3B3455007.d.0690310078EA462A43DDC4879C12BD98.e.5545/value - {"text":"99.5"}
COMMAND: GET /session/060cacbffd4401a8364377c341db2bd1/screenshot - {}
RESULT: {"text":"10/18/25"}
COMMAND: GET /session/060cacbffd4401a8364377c341db2bd1/screenshot - {}
RESULT: {}
COMMAND: POST /session/060cacbffd4401a8364377c341db2bd1/element/f.137111DC309FACC23B5F67A3B3455007.d.0690310078EA462A43DDC4879C12BD98.e.5542/elements - {"using":"css selector","value":"td"}
RESULT: {"text":"US Dollar"}
COMMAND: GET /session/060cacbffd4401a8364377c341db2bd1/screenshot - {}
RESULT: {}
RESULT: {"text":"05/18/25"}
COMMAND: GET /session/060cacbffd4401a8364377c341db2bd1/screenshot - {}
RESULT: {}
RESULT: {"text":"99.5"}
COMMAND: GET /session/060cacbffd4401a8364377c341db2bd1/screenshot - {}
RESULT: {}
RESULT: {}
RESULT: {"using":"css selector","value":"td"}
COMMAND: POST /session/060cacbffd4401a8364377c341db2bd1/element/f.137111DC309FACC23B5F67A3B3455007.d.0690310078EA462A43DDC4879C12BD98.e.5564/element - {"using":"css selector","value":"input"}
RESULT: {}
RESULT: {}
RESULT: {}
RESULT: {"using":"css selector","value":"input"}
COMMAND: POST /session/060cacbffd4401a8364377c341db2bd1/element/f.137111DC309FACC23B5F67A3B3455007.d.0690310078EA462A43DDC4879C12BD98.e.5547/click - {}
RESULT: {}
COMMAND: GET /session/060cacbffd4401a8364377c341db2bd1/screenshot - {}
RESULT: {}
COMMAND: POST /session/060cacbffd4401a8364377c341db2bd1/element/f.137111DC309FACC23B5F67A3B3455007.d.0690310078EA462A43DDC4879C12BD98.e.5564/element - {"using":"css selector","value":"input"}
RESULT: {"using":"css selector","value":"input"}
COMMAND: POST /session/060cacbffd4401a8364377c341db2bd1/element/f.137111DC309FACC23B5F67A3B3455007.d.0690310078EA462A43DDC4879C12BD98.e.5547/clear - {}
RESULT: {}
COMMAND: POST /session/060cacbffd4401a8364377c341db2bd1/element/f.137111DC309FACC23B5F67A3B3455007.d.0690310078EA462A43DDC4879C12BD98.e.5547/value - {"text":"2259"}
COMMAND: GET /session/060cacbffd4401a8364377c341db2bd1/screenshot - {}
RESULT: {"text":"2259"}
COMMAND: GET /session/060cacbffd4401a8364377c341db2bd1/screenshot - {}
RESULT: {}
RESULT: {}
COMMAND: POST /session/060cacbffd4401a8364377c341db2bd1/element - {"using":"xpath","value":"(//li[div//span[contains(text(), '2259')]])[2]"}
RESULT: {"using":"xpath","value":"(//li[div//span[contains(text(), '2259')]])[2]"}
COMMAND: POST /session/060cacbffd4401a8364377c341db2bd1/element/f.137111DC309FACC23B5F67A3B3455007.d.0690310078EA462A43DDC4879C12BD98.e.5569/click - {}
RESULT: {}
COMMAND: POST /session/060cacbffd4401a8364377c341db2bd1/execute/async - {"script":"<script> [1562 bytes]","args":[{"selector":{"controlType":"sap.m.Button","viewName":"etm.portal.ui.manageconditionprice.view.DailyPrices","viewId":"application-manageconditionprice-display-component---dailyPrices","i18NText":{"propertyName":"tooltip","key":"save"},"interaction":{"idSuffix":"BDI-content"}},"wdio_ui5_key":"etmportal.ui.manageconditionprice.view.DailyPricessap.m.Button{\"propertyName\":\"tooltip\",\"key\":\"save\"}"}]}
COMMAND: GET /session/060cacbffd4401a8364377c341db2bd1/screenshot - {}
RESULT: {"script":"<script> [1562 bytes]","args":[{"selector":{"controlType":"sap.m.Button","viewName":"etm.portal.ui.manageconditionprice.view.DailyPrices","viewId":"application-manageconditionprice-display-component---dailyPrices","i18NText":{"propertyName":"tooltip","key":"save"},"interaction":{"idSuffix":"BDI-content"}},"wdio_ui5_key":"etmportal.ui.manageconditionprice.view.DailyPricessap.m.Button{\"propertyName\":\"tooltip\",\"key\":\"save\"}"}]}
RESULT: undefined
COMMAND: POST /session/060cacbffd4401a8364377c341db2bd1/element - {"using":"xpath","value":"//*[@id=\"__button107\"]"}
RESULT: {}
RESULT: {"using":"xpath","value":"//*[@id=\"__button107\"]"}
COMMAND: POST /session/060cacbffd4401a8364377c341db2bd1/element/f.137111DC309FACC23B5F67A3B3455007.d.0690310078EA462A43DDC4879C12BD98.e.5306/click - {}
RESULT: {}
COMMAND: GET /session/060cacbffd4401a8364377c341db2bd1/screenshot - {}
RESULT: {}
]]></system-out>
    </testcase>
    <testcase classname="chrome.136_0_7103_93.windows.Edit_and_delete_daily_price_US134629_US134627" name="Should check whether the 2 rows have been added then edit one of the rows s currency and value and save and check the edited values" time="12.017">
      <system-out><![CDATA[
COMMAND: POST /session/060cacbffd4401a8364377c341db2bd1/elements - {"using":"css selector","value":"table tr"}
RESULT: {"using":"css selector","value":"table tr"}
COMMAND: POST /session/060cacbffd4401a8364377c341db2bd1/element/f.137111DC309FACC23B5F67A3B3455007.d.0690310078EA462A43DDC4879C12BD98.e.5542/elements - {"using":"css selector","value":"td"}
RESULT: {"using":"css selector","value":"td"}
COMMAND: POST /session/060cacbffd4401a8364377c341db2bd1/element/f.137111DC309FACC23B5F67A3B3455007.d.0690310078EA462A43DDC4879C12BD98.e.5510/elements - {"using":"css selector","value":"td"}
RESULT: {"using":"css selector","value":"td"}
COMMAND: POST /session/060cacbffd4401a8364377c341db2bd1/element/f.137111DC309FACC23B5F67A3B3455007.d.0690310078EA462A43DDC4879C12BD98.e.5572/element - {"using":"css selector","value":".sapMObjectNumberText"}
RESULT: {"using":"css selector","value":".sapMObjectNumberText"}
COMMAND: GET /session/060cacbffd4401a8364377c341db2bd1/element/f.137111DC309FACC23B5F67A3B3455007.d.0690310078EA462A43DDC4879C12BD98.e.5574/text - {}
RESULT: {}
COMMAND: POST /session/060cacbffd4401a8364377c341db2bd1/element/f.137111DC309FACC23B5F67A3B3455007.d.0690310078EA462A43DDC4879C12BD98.e.5573/element - {"using":"css selector","value":".sapMObjectNumberText"}
RESULT: {"using":"css selector","value":".sapMObjectNumberText"}
COMMAND: GET /session/060cacbffd4401a8364377c341db2bd1/element/f.137111DC309FACC23B5F67A3B3455007.d.0690310078EA462A43DDC4879C12BD98.e.5575/text - {}
RESULT: {}
RESULT: undefined
COMMAND: POST /session/060cacbffd4401a8364377c341db2bd1/element - {"using":"xpath","value":"//*[@id=\"application-manageconditionprice-display-component---dailyPrices--editBtn\"]"}
RESULT: {"using":"xpath","value":"//*[@id=\"application-manageconditionprice-display-component---dailyPrices--editBtn\"]"}
COMMAND: POST /session/060cacbffd4401a8364377c341db2bd1/element/f.137111DC309FACC23B5F67A3B3455007.d.0690310078EA462A43DDC4879C12BD98.e.5571/click - {}
RESULT: {}
COMMAND: POST /session/060cacbffd4401a8364377c341db2bd1/elements - {"using":"css selector","value":"table tr"}
COMMAND: GET /session/060cacbffd4401a8364377c341db2bd1/screenshot - {}
RESULT: {"using":"css selector","value":"table tr"}
COMMAND: POST /session/060cacbffd4401a8364377c341db2bd1/element/f.137111DC309FACC23B5F67A3B3455007.d.0690310078EA462A43DDC4879C12BD98.e.5542/elements - {"using":"css selector","value":"input"}
RESULT: {}
RESULT: {"using":"css selector","value":"input"}
COMMAND: POST /session/060cacbffd4401a8364377c341db2bd1/element/f.137111DC309FACC23B5F67A3B3455007.d.0690310078EA462A43DDC4879C12BD98.e.5590/clear - {}
COMMAND: POST /session/060cacbffd4401a8364377c341db2bd1/element/f.137111DC309FACC23B5F67A3B3455007.d.0690310078EA462A43DDC4879C12BD98.e.5591/clear - {}
RESULT: {}
COMMAND: POST /session/060cacbffd4401a8364377c341db2bd1/element/f.137111DC309FACC23B5F67A3B3455007.d.0690310078EA462A43DDC4879C12BD98.e.5590/value - {"text":"566.1"}
COMMAND: GET /session/060cacbffd4401a8364377c341db2bd1/screenshot - {}
RESULT: {}
COMMAND: POST /session/060cacbffd4401a8364377c341db2bd1/element/f.137111DC309FACC23B5F67A3B3455007.d.0690310078EA462A43DDC4879C12BD98.e.5591/value - {"text":"US Dollar"}
COMMAND: GET /session/060cacbffd4401a8364377c341db2bd1/screenshot - {}
RESULT: {"text":"566.1"}
COMMAND: GET /session/060cacbffd4401a8364377c341db2bd1/screenshot - {}
RESULT: {}
RESULT: {"text":"US Dollar"}
COMMAND: GET /session/060cacbffd4401a8364377c341db2bd1/screenshot - {}
RESULT: undefined
COMMAND: POST /session/060cacbffd4401a8364377c341db2bd1/element - {"using":"xpath","value":"//*[@id=\"__button107\"]"}
RESULT: {}
RESULT: {}
RESULT: {}
RESULT: {"using":"xpath","value":"//*[@id=\"__button107\"]"}
COMMAND: POST /session/060cacbffd4401a8364377c341db2bd1/element/f.137111DC309FACC23B5F67A3B3455007.d.0690310078EA462A43DDC4879C12BD98.e.5576/click - {}
RESULT: {}
COMMAND: GET /session/060cacbffd4401a8364377c341db2bd1/screenshot - {}
RESULT: {}
COMMAND: POST /session/060cacbffd4401a8364377c341db2bd1/elements - {"using":"css selector","value":"table tr"}
RESULT: {"using":"css selector","value":"table tr"}
COMMAND: POST /session/060cacbffd4401a8364377c341db2bd1/element/f.137111DC309FACC23B5F67A3B3455007.d.0690310078EA462A43DDC4879C12BD98.e.5542/elements - {"using":"css selector","value":"td"}
RESULT: {"using":"css selector","value":"td"}
COMMAND: POST /session/060cacbffd4401a8364377c341db2bd1/element/f.137111DC309FACC23B5F67A3B3455007.d.0690310078EA462A43DDC4879C12BD98.e.5595/element - {"using":"css selector","value":".sapMObjectNumberText"}
RESULT: {"using":"css selector","value":".sapMObjectNumberText"}
COMMAND: GET /session/060cacbffd4401a8364377c341db2bd1/element/f.137111DC309FACC23B5F67A3B3455007.d.0690310078EA462A43DDC4879C12BD98.e.5597/text - {}
RESULT: {}
]]></system-out>
    </testcase>
    <testcase classname="chrome.136_0_7103_93.windows.Edit_and_delete_daily_price_US134629_US134627" name="Should go into edit and delete all the rows that match the yard we have created for this scenario check if all rows deleted" time="27.939">
      <system-out><![CDATA[
RESULT: undefined
COMMAND: POST /session/060cacbffd4401a8364377c341db2bd1/element - {"using":"xpath","value":"//*[@id=\"application-manageconditionprice-display-component---dailyPrices--editBtn\"]"}
RESULT: {"using":"xpath","value":"//*[@id=\"application-manageconditionprice-display-component---dailyPrices--editBtn\"]"}
COMMAND: POST /session/060cacbffd4401a8364377c341db2bd1/element/f.137111DC309FACC23B5F67A3B3455007.d.0690310078EA462A43DDC4879C12BD98.e.5594/click - {}
RESULT: {}
COMMAND: GET /session/060cacbffd4401a8364377c341db2bd1/screenshot - {}
RESULT: {}
COMMAND: POST /session/060cacbffd4401a8364377c341db2bd1/elements - {"using":"css selector","value":"table tr"}
RESULT: {"using":"css selector","value":"table tr"}
COMMAND: POST /session/060cacbffd4401a8364377c341db2bd1/element/f.137111DC309FACC23B5F67A3B3455007.d.0690310078EA462A43DDC4879C12BD98.e.5314/elements - {"using":"css selector","value":"td"}
RESULT: {"using":"css selector","value":"td"}
COMMAND: POST /session/060cacbffd4401a8364377c341db2bd1/element/f.137111DC309FACC23B5F67A3B3455007.d.0690310078EA462A43DDC4879C12BD98.e.5315/elements - {"using":"css selector","value":"td"}
RESULT: {"using":"css selector","value":"td"}
COMMAND: POST /session/060cacbffd4401a8364377c341db2bd1/element/f.137111DC309FACC23B5F67A3B3455007.d.0690310078EA462A43DDC4879C12BD98.e.5316/elements - {"using":"css selector","value":"td"}
RESULT: {"using":"css selector","value":"td"}
COMMAND: POST /session/060cacbffd4401a8364377c341db2bd1/element/f.137111DC309FACC23B5F67A3B3455007.d.0690310078EA462A43DDC4879C12BD98.e.5236/elements - {"using":"css selector","value":"td"}
RESULT: {"using":"css selector","value":"td"}
COMMAND: POST /session/060cacbffd4401a8364377c341db2bd1/element/f.137111DC309FACC23B5F67A3B3455007.d.0690310078EA462A43DDC4879C12BD98.e.5237/elements - {"using":"css selector","value":"td"}
RESULT: {"using":"css selector","value":"td"}
COMMAND: POST /session/060cacbffd4401a8364377c341db2bd1/element/f.137111DC309FACC23B5F67A3B3455007.d.0690310078EA462A43DDC4879C12BD98.e.5245/elements - {"using":"css selector","value":"td"}
RESULT: {"using":"css selector","value":"td"}
COMMAND: POST /session/060cacbffd4401a8364377c341db2bd1/element/f.137111DC309FACC23B5F67A3B3455007.d.0690310078EA462A43DDC4879C12BD98.e.5246/elements - {"using":"css selector","value":"td"}
RESULT: {"using":"css selector","value":"td"}
COMMAND: POST /session/060cacbffd4401a8364377c341db2bd1/element/f.137111DC309FACC23B5F67A3B3455007.d.0690310078EA462A43DDC4879C12BD98.e.5254/elements - {"using":"css selector","value":"td"}
RESULT: {"using":"css selector","value":"td"}
COMMAND: POST /session/060cacbffd4401a8364377c341db2bd1/element/f.137111DC309FACC23B5F67A3B3455007.d.0690310078EA462A43DDC4879C12BD98.e.5255/elements - {"using":"css selector","value":"td"}
RESULT: {"using":"css selector","value":"td"}
COMMAND: POST /session/060cacbffd4401a8364377c341db2bd1/element/f.137111DC309FACC23B5F67A3B3455007.d.0690310078EA462A43DDC4879C12BD98.e.5259/elements - {"using":"css selector","value":"td"}
RESULT: {"using":"css selector","value":"td"}
COMMAND: POST /session/060cacbffd4401a8364377c341db2bd1/element/f.137111DC309FACC23B5F67A3B3455007.d.0690310078EA462A43DDC4879C12BD98.e.5317/elements - {"using":"css selector","value":"td"}
RESULT: {"using":"css selector","value":"td"}
COMMAND: POST /session/060cacbffd4401a8364377c341db2bd1/element/f.137111DC309FACC23B5F67A3B3455007.d.0690310078EA462A43DDC4879C12BD98.e.5318/elements - {"using":"css selector","value":"td"}
RESULT: {"using":"css selector","value":"td"}
COMMAND: POST /session/060cacbffd4401a8364377c341db2bd1/element/f.137111DC309FACC23B5F67A3B3455007.d.0690310078EA462A43DDC4879C12BD98.e.5319/elements - {"using":"css selector","value":"td"}
RESULT: {"using":"css selector","value":"td"}
COMMAND: POST /session/060cacbffd4401a8364377c341db2bd1/element/f.137111DC309FACC23B5F67A3B3455007.d.0690310078EA462A43DDC4879C12BD98.e.5320/elements - {"using":"css selector","value":"td"}
RESULT: {"using":"css selector","value":"td"}
COMMAND: POST /session/060cacbffd4401a8364377c341db2bd1/element/f.137111DC309FACC23B5F67A3B3455007.d.0690310078EA462A43DDC4879C12BD98.e.5321/elements - {"using":"css selector","value":"td"}
RESULT: {"using":"css selector","value":"td"}
COMMAND: POST /session/060cacbffd4401a8364377c341db2bd1/element/f.137111DC309FACC23B5F67A3B3455007.d.0690310078EA462A43DDC4879C12BD98.e.5322/elements - {"using":"css selector","value":"td"}
RESULT: {"using":"css selector","value":"td"}
COMMAND: POST /session/060cacbffd4401a8364377c341db2bd1/element/f.137111DC309FACC23B5F67A3B3455007.d.0690310078EA462A43DDC4879C12BD98.e.5323/elements - {"using":"css selector","value":"td"}
RESULT: {"using":"css selector","value":"td"}
COMMAND: POST /session/060cacbffd4401a8364377c341db2bd1/element/f.137111DC309FACC23B5F67A3B3455007.d.0690310078EA462A43DDC4879C12BD98.e.5324/elements - {"using":"css selector","value":"td"}
RESULT: {"using":"css selector","value":"td"}
COMMAND: POST /session/060cacbffd4401a8364377c341db2bd1/element/f.137111DC309FACC23B5F67A3B3455007.d.0690310078EA462A43DDC4879C12BD98.e.5325/elements - {"using":"css selector","value":"td"}
RESULT: {"using":"css selector","value":"td"}
COMMAND: POST /session/060cacbffd4401a8364377c341db2bd1/element/f.137111DC309FACC23B5F67A3B3455007.d.0690310078EA462A43DDC4879C12BD98.e.5326/elements - {"using":"css selector","value":"td"}
RESULT: {"using":"css selector","value":"td"}
COMMAND: POST /session/060cacbffd4401a8364377c341db2bd1/element/f.137111DC309FACC23B5F67A3B3455007.d.0690310078EA462A43DDC4879C12BD98.e.5327/elements - {"using":"css selector","value":"td"}
RESULT: {"using":"css selector","value":"td"}
COMMAND: POST /session/060cacbffd4401a8364377c341db2bd1/element/f.137111DC309FACC23B5F67A3B3455007.d.0690310078EA462A43DDC4879C12BD98.e.5328/elements - {"using":"css selector","value":"td"}
RESULT: {"using":"css selector","value":"td"}
COMMAND: POST /session/060cacbffd4401a8364377c341db2bd1/element/f.137111DC309FACC23B5F67A3B3455007.d.0690310078EA462A43DDC4879C12BD98.e.5329/elements - {"using":"css selector","value":"td"}
RESULT: {"using":"css selector","value":"td"}
COMMAND: POST /session/060cacbffd4401a8364377c341db2bd1/element/f.137111DC309FACC23B5F67A3B3455007.d.0690310078EA462A43DDC4879C12BD98.e.5330/elements - {"using":"css selector","value":"td"}
RESULT: {"using":"css selector","value":"td"}
COMMAND: POST /session/060cacbffd4401a8364377c341db2bd1/element/f.137111DC309FACC23B5F67A3B3455007.d.0690310078EA462A43DDC4879C12BD98.e.5331/elements - {"using":"css selector","value":"td"}
RESULT: {"using":"css selector","value":"td"}
COMMAND: POST /session/060cacbffd4401a8364377c341db2bd1/element/f.137111DC309FACC23B5F67A3B3455007.d.0690310078EA462A43DDC4879C12BD98.e.5332/elements - {"using":"css selector","value":"td"}
RESULT: {"using":"css selector","value":"td"}
COMMAND: POST /session/060cacbffd4401a8364377c341db2bd1/element/f.137111DC309FACC23B5F67A3B3455007.d.0690310078EA462A43DDC4879C12BD98.e.5333/elements - {"using":"css selector","value":"td"}
RESULT: {"using":"css selector","value":"td"}
COMMAND: POST /session/060cacbffd4401a8364377c341db2bd1/element/f.137111DC309FACC23B5F67A3B3455007.d.0690310078EA462A43DDC4879C12BD98.e.5334/elements - {"using":"css selector","value":"td"}
RESULT: {"using":"css selector","value":"td"}
COMMAND: POST /session/060cacbffd4401a8364377c341db2bd1/element/f.137111DC309FACC23B5F67A3B3455007.d.0690310078EA462A43DDC4879C12BD98.e.5335/elements - {"using":"css selector","value":"td"}
RESULT: {"using":"css selector","value":"td"}
COMMAND: POST /session/060cacbffd4401a8364377c341db2bd1/element/f.137111DC309FACC23B5F67A3B3455007.d.0690310078EA462A43DDC4879C12BD98.e.5336/elements - {"using":"css selector","value":"td"}
RESULT: {"using":"css selector","value":"td"}
COMMAND: POST /session/060cacbffd4401a8364377c341db2bd1/element/f.137111DC309FACC23B5F67A3B3455007.d.0690310078EA462A43DDC4879C12BD98.e.5337/elements - {"using":"css selector","value":"td"}
RESULT: {"using":"css selector","value":"td"}
COMMAND: POST /session/060cacbffd4401a8364377c341db2bd1/element/f.137111DC309FACC23B5F67A3B3455007.d.0690310078EA462A43DDC4879C12BD98.e.5338/elements - {"using":"css selector","value":"td"}
RESULT: {"using":"css selector","value":"td"}
COMMAND: POST /session/060cacbffd4401a8364377c341db2bd1/element/f.137111DC309FACC23B5F67A3B3455007.d.0690310078EA462A43DDC4879C12BD98.e.5339/elements - {"using":"css selector","value":"td"}
RESULT: {"using":"css selector","value":"td"}
COMMAND: POST /session/060cacbffd4401a8364377c341db2bd1/element/f.137111DC309FACC23B5F67A3B3455007.d.0690310078EA462A43DDC4879C12BD98.e.5340/elements - {"using":"css selector","value":"td"}
RESULT: {"using":"css selector","value":"td"}
COMMAND: POST /session/060cacbffd4401a8364377c341db2bd1/element/f.137111DC309FACC23B5F67A3B3455007.d.0690310078EA462A43DDC4879C12BD98.e.5341/elements - {"using":"css selector","value":"td"}
RESULT: {"using":"css selector","value":"td"}
COMMAND: POST /session/060cacbffd4401a8364377c341db2bd1/element/f.137111DC309FACC23B5F67A3B3455007.d.0690310078EA462A43DDC4879C12BD98.e.5342/elements - {"using":"css selector","value":"td"}
RESULT: {"using":"css selector","value":"td"}
COMMAND: POST /session/060cacbffd4401a8364377c341db2bd1/element/f.137111DC309FACC23B5F67A3B3455007.d.0690310078EA462A43DDC4879C12BD98.e.5343/elements - {"using":"css selector","value":"td"}
RESULT: {"using":"css selector","value":"td"}
COMMAND: POST /session/060cacbffd4401a8364377c341db2bd1/element/f.137111DC309FACC23B5F67A3B3455007.d.0690310078EA462A43DDC4879C12BD98.e.5344/elements - {"using":"css selector","value":"td"}
RESULT: {"using":"css selector","value":"td"}
COMMAND: POST /session/060cacbffd4401a8364377c341db2bd1/element/f.137111DC309FACC23B5F67A3B3455007.d.0690310078EA462A43DDC4879C12BD98.e.5345/elements - {"using":"css selector","value":"td"}
RESULT: {"using":"css selector","value":"td"}
COMMAND: POST /session/060cacbffd4401a8364377c341db2bd1/element/f.137111DC309FACC23B5F67A3B3455007.d.0690310078EA462A43DDC4879C12BD98.e.5346/elements - {"using":"css selector","value":"td"}
RESULT: {"using":"css selector","value":"td"}
COMMAND: POST /session/060cacbffd4401a8364377c341db2bd1/element/f.137111DC309FACC23B5F67A3B3455007.d.0690310078EA462A43DDC4879C12BD98.e.5347/elements - {"using":"css selector","value":"td"}
RESULT: {"using":"css selector","value":"td"}
COMMAND: POST /session/060cacbffd4401a8364377c341db2bd1/element/f.137111DC309FACC23B5F67A3B3455007.d.0690310078EA462A43DDC4879C12BD98.e.5348/elements - {"using":"css selector","value":"td"}
RESULT: {"using":"css selector","value":"td"}
COMMAND: POST /session/060cacbffd4401a8364377c341db2bd1/element/f.137111DC309FACC23B5F67A3B3455007.d.0690310078EA462A43DDC4879C12BD98.e.5349/elements - {"using":"css selector","value":"td"}
RESULT: {"using":"css selector","value":"td"}
COMMAND: POST /session/060cacbffd4401a8364377c341db2bd1/element/f.137111DC309FACC23B5F67A3B3455007.d.0690310078EA462A43DDC4879C12BD98.e.5350/elements - {"using":"css selector","value":"td"}
RESULT: {"using":"css selector","value":"td"}
COMMAND: POST /session/060cacbffd4401a8364377c341db2bd1/element/f.137111DC309FACC23B5F67A3B3455007.d.0690310078EA462A43DDC4879C12BD98.e.5351/elements - {"using":"css selector","value":"td"}
RESULT: {"using":"css selector","value":"td"}
COMMAND: POST /session/060cacbffd4401a8364377c341db2bd1/element/f.137111DC309FACC23B5F67A3B3455007.d.0690310078EA462A43DDC4879C12BD98.e.5352/elements - {"using":"css selector","value":"td"}
RESULT: {"using":"css selector","value":"td"}
COMMAND: POST /session/060cacbffd4401a8364377c341db2bd1/element/f.137111DC309FACC23B5F67A3B3455007.d.0690310078EA462A43DDC4879C12BD98.e.5353/elements - {"using":"css selector","value":"td"}
RESULT: {"using":"css selector","value":"td"}
COMMAND: POST /session/060cacbffd4401a8364377c341db2bd1/element/f.137111DC309FACC23B5F67A3B3455007.d.0690310078EA462A43DDC4879C12BD98.e.5354/elements - {"using":"css selector","value":"td"}
RESULT: {"using":"css selector","value":"td"}
COMMAND: POST /session/060cacbffd4401a8364377c341db2bd1/element/f.137111DC309FACC23B5F67A3B3455007.d.0690310078EA462A43DDC4879C12BD98.e.5355/elements - {"using":"css selector","value":"td"}
RESULT: {"using":"css selector","value":"td"}
COMMAND: POST /session/060cacbffd4401a8364377c341db2bd1/element/f.137111DC309FACC23B5F67A3B3455007.d.0690310078EA462A43DDC4879C12BD98.e.5356/elements - {"using":"css selector","value":"td"}
RESULT: {"using":"css selector","value":"td"}
COMMAND: POST /session/060cacbffd4401a8364377c341db2bd1/element/f.137111DC309FACC23B5F67A3B3455007.d.0690310078EA462A43DDC4879C12BD98.e.5357/elements - {"using":"css selector","value":"td"}
RESULT: {"using":"css selector","value":"td"}
COMMAND: POST /session/060cacbffd4401a8364377c341db2bd1/element/f.137111DC309FACC23B5F67A3B3455007.d.0690310078EA462A43DDC4879C12BD98.e.5358/elements - {"using":"css selector","value":"td"}
RESULT: {"using":"css selector","value":"td"}
COMMAND: POST /session/060cacbffd4401a8364377c341db2bd1/element/f.137111DC309FACC23B5F67A3B3455007.d.0690310078EA462A43DDC4879C12BD98.e.5359/elements - {"using":"css selector","value":"td"}
RESULT: {"using":"css selector","value":"td"}
COMMAND: POST /session/060cacbffd4401a8364377c341db2bd1/element/f.137111DC309FACC23B5F67A3B3455007.d.0690310078EA462A43DDC4879C12BD98.e.5360/elements - {"using":"css selector","value":"td"}
RESULT: {"using":"css selector","value":"td"}
COMMAND: POST /session/060cacbffd4401a8364377c341db2bd1/element/f.137111DC309FACC23B5F67A3B3455007.d.0690310078EA462A43DDC4879C12BD98.e.5361/elements - {"using":"css selector","value":"td"}
RESULT: {"using":"css selector","value":"td"}
COMMAND: POST /session/060cacbffd4401a8364377c341db2bd1/element/f.137111DC309FACC23B5F67A3B3455007.d.0690310078EA462A43DDC4879C12BD98.e.5362/elements - {"using":"css selector","value":"td"}
RESULT: {"using":"css selector","value":"td"}
COMMAND: POST /session/060cacbffd4401a8364377c341db2bd1/element/f.137111DC309FACC23B5F67A3B3455007.d.0690310078EA462A43DDC4879C12BD98.e.5363/elements - {"using":"css selector","value":"td"}
RESULT: {"using":"css selector","value":"td"}
COMMAND: POST /session/060cacbffd4401a8364377c341db2bd1/element/f.137111DC309FACC23B5F67A3B3455007.d.0690310078EA462A43DDC4879C12BD98.e.5364/elements - {"using":"css selector","value":"td"}
RESULT: {"using":"css selector","value":"td"}
COMMAND: POST /session/060cacbffd4401a8364377c341db2bd1/element/f.137111DC309FACC23B5F67A3B3455007.d.0690310078EA462A43DDC4879C12BD98.e.5365/elements - {"using":"css selector","value":"td"}
RESULT: {"using":"css selector","value":"td"}
COMMAND: POST /session/060cacbffd4401a8364377c341db2bd1/element/f.137111DC309FACC23B5F67A3B3455007.d.0690310078EA462A43DDC4879C12BD98.e.5366/elements - {"using":"css selector","value":"td"}
RESULT: {"using":"css selector","value":"td"}
COMMAND: POST /session/060cacbffd4401a8364377c341db2bd1/element/f.137111DC309FACC23B5F67A3B3455007.d.0690310078EA462A43DDC4879C12BD98.e.5367/elements - {"using":"css selector","value":"td"}
RESULT: {"using":"css selector","value":"td"}
COMMAND: POST /session/060cacbffd4401a8364377c341db2bd1/element/f.137111DC309FACC23B5F67A3B3455007.d.0690310078EA462A43DDC4879C12BD98.e.5368/elements - {"using":"css selector","value":"td"}
RESULT: {"using":"css selector","value":"td"}
COMMAND: POST /session/060cacbffd4401a8364377c341db2bd1/element/f.137111DC309FACC23B5F67A3B3455007.d.0690310078EA462A43DDC4879C12BD98.e.5369/elements - {"using":"css selector","value":"td"}
RESULT: {"using":"css selector","value":"td"}
COMMAND: POST /session/060cacbffd4401a8364377c341db2bd1/element/f.137111DC309FACC23B5F67A3B3455007.d.0690310078EA462A43DDC4879C12BD98.e.5370/elements - {"using":"css selector","value":"td"}
RESULT: {"using":"css selector","value":"td"}
COMMAND: POST /session/060cacbffd4401a8364377c341db2bd1/element/f.137111DC309FACC23B5F67A3B3455007.d.0690310078EA462A43DDC4879C12BD98.e.5371/elements - {"using":"css selector","value":"td"}
RESULT: {"using":"css selector","value":"td"}
COMMAND: POST /session/060cacbffd4401a8364377c341db2bd1/element/f.137111DC309FACC23B5F67A3B3455007.d.0690310078EA462A43DDC4879C12BD98.e.5372/elements - {"using":"css selector","value":"td"}
RESULT: {"using":"css selector","value":"td"}
COMMAND: POST /session/060cacbffd4401a8364377c341db2bd1/element/f.137111DC309FACC23B5F67A3B3455007.d.0690310078EA462A43DDC4879C12BD98.e.5373/elements - {"using":"css selector","value":"td"}
RESULT: {"using":"css selector","value":"td"}
COMMAND: POST /session/060cacbffd4401a8364377c341db2bd1/element/f.137111DC309FACC23B5F67A3B3455007.d.0690310078EA462A43DDC4879C12BD98.e.5374/elements - {"using":"css selector","value":"td"}
RESULT: {"using":"css selector","value":"td"}
COMMAND: POST /session/060cacbffd4401a8364377c341db2bd1/element/f.137111DC309FACC23B5F67A3B3455007.d.0690310078EA462A43DDC4879C12BD98.e.5375/elements - {"using":"css selector","value":"td"}
RESULT: {"using":"css selector","value":"td"}
COMMAND: POST /session/060cacbffd4401a8364377c341db2bd1/element/f.137111DC309FACC23B5F67A3B3455007.d.0690310078EA462A43DDC4879C12BD98.e.5376/elements - {"using":"css selector","value":"td"}
RESULT: {"using":"css selector","value":"td"}
COMMAND: POST /session/060cacbffd4401a8364377c341db2bd1/element/f.137111DC309FACC23B5F67A3B3455007.d.0690310078EA462A43DDC4879C12BD98.e.5377/elements - {"using":"css selector","value":"td"}
RESULT: {"using":"css selector","value":"td"}
COMMAND: POST /session/060cacbffd4401a8364377c341db2bd1/element/f.137111DC309FACC23B5F67A3B3455007.d.0690310078EA462A43DDC4879C12BD98.e.5378/elements - {"using":"css selector","value":"td"}
RESULT: {"using":"css selector","value":"td"}
COMMAND: POST /session/060cacbffd4401a8364377c341db2bd1/element/f.137111DC309FACC23B5F67A3B3455007.d.0690310078EA462A43DDC4879C12BD98.e.5379/elements - {"using":"css selector","value":"td"}
RESULT: {"using":"css selector","value":"td"}
COMMAND: POST /session/060cacbffd4401a8364377c341db2bd1/element/f.137111DC309FACC23B5F67A3B3455007.d.0690310078EA462A43DDC4879C12BD98.e.5380/elements - {"using":"css selector","value":"td"}
RESULT: {"using":"css selector","value":"td"}
COMMAND: POST /session/060cacbffd4401a8364377c341db2bd1/element/f.137111DC309FACC23B5F67A3B3455007.d.0690310078EA462A43DDC4879C12BD98.e.5381/elements - {"using":"css selector","value":"td"}
RESULT: {"using":"css selector","value":"td"}
COMMAND: POST /session/060cacbffd4401a8364377c341db2bd1/element/f.137111DC309FACC23B5F67A3B3455007.d.0690310078EA462A43DDC4879C12BD98.e.5382/elements - {"using":"css selector","value":"td"}
RESULT: {"using":"css selector","value":"td"}
COMMAND: POST /session/060cacbffd4401a8364377c341db2bd1/element/f.137111DC309FACC23B5F67A3B3455007.d.0690310078EA462A43DDC4879C12BD98.e.5383/elements - {"using":"css selector","value":"td"}
RESULT: {"using":"css selector","value":"td"}
COMMAND: POST /session/060cacbffd4401a8364377c341db2bd1/element/f.137111DC309FACC23B5F67A3B3455007.d.0690310078EA462A43DDC4879C12BD98.e.5384/elements - {"using":"css selector","value":"td"}
RESULT: {"using":"css selector","value":"td"}
COMMAND: POST /session/060cacbffd4401a8364377c341db2bd1/element/f.137111DC309FACC23B5F67A3B3455007.d.0690310078EA462A43DDC4879C12BD98.e.5385/elements - {"using":"css selector","value":"td"}
RESULT: {"using":"css selector","value":"td"}
COMMAND: POST /session/060cacbffd4401a8364377c341db2bd1/element/f.137111DC309FACC23B5F67A3B3455007.d.0690310078EA462A43DDC4879C12BD98.e.5386/elements - {"using":"css selector","value":"td"}
RESULT: {"using":"css selector","value":"td"}
COMMAND: POST /session/060cacbffd4401a8364377c341db2bd1/element/f.137111DC309FACC23B5F67A3B3455007.d.0690310078EA462A43DDC4879C12BD98.e.5387/elements - {"using":"css selector","value":"td"}
RESULT: {"using":"css selector","value":"td"}
COMMAND: POST /session/060cacbffd4401a8364377c341db2bd1/element/f.137111DC309FACC23B5F67A3B3455007.d.0690310078EA462A43DDC4879C12BD98.e.5388/elements - {"using":"css selector","value":"td"}
RESULT: {"using":"css selector","value":"td"}
COMMAND: POST /session/060cacbffd4401a8364377c341db2bd1/element/f.137111DC309FACC23B5F67A3B3455007.d.0690310078EA462A43DDC4879C12BD98.e.5389/elements - {"using":"css selector","value":"td"}
RESULT: {"using":"css selector","value":"td"}
COMMAND: POST /session/060cacbffd4401a8364377c341db2bd1/element/f.137111DC309FACC23B5F67A3B3455007.d.0690310078EA462A43DDC4879C12BD98.e.5390/elements - {"using":"css selector","value":"td"}
RESULT: {"using":"css selector","value":"td"}
COMMAND: POST /session/060cacbffd4401a8364377c341db2bd1/element/f.137111DC309FACC23B5F67A3B3455007.d.0690310078EA462A43DDC4879C12BD98.e.5391/elements - {"using":"css selector","value":"td"}
RESULT: {"using":"css selector","value":"td"}
COMMAND: POST /session/060cacbffd4401a8364377c341db2bd1/element/f.137111DC309FACC23B5F67A3B3455007.d.0690310078EA462A43DDC4879C12BD98.e.5392/elements - {"using":"css selector","value":"td"}
RESULT: {"using":"css selector","value":"td"}
COMMAND: POST /session/060cacbffd4401a8364377c341db2bd1/element/f.137111DC309FACC23B5F67A3B3455007.d.0690310078EA462A43DDC4879C12BD98.e.5393/elements - {"using":"css selector","value":"td"}
RESULT: {"using":"css selector","value":"td"}
COMMAND: POST /session/060cacbffd4401a8364377c341db2bd1/element/f.137111DC309FACC23B5F67A3B3455007.d.0690310078EA462A43DDC4879C12BD98.e.5394/elements - {"using":"css selector","value":"td"}
RESULT: {"using":"css selector","value":"td"}
COMMAND: POST /session/060cacbffd4401a8364377c341db2bd1/element/f.137111DC309FACC23B5F67A3B3455007.d.0690310078EA462A43DDC4879C12BD98.e.5395/elements - {"using":"css selector","value":"td"}
RESULT: {"using":"css selector","value":"td"}
COMMAND: POST /session/060cacbffd4401a8364377c341db2bd1/element/f.137111DC309FACC23B5F67A3B3455007.d.0690310078EA462A43DDC4879C12BD98.e.5396/elements - {"using":"css selector","value":"td"}
RESULT: {"using":"css selector","value":"td"}
COMMAND: POST /session/060cacbffd4401a8364377c341db2bd1/element/f.137111DC309FACC23B5F67A3B3455007.d.0690310078EA462A43DDC4879C12BD98.e.5397/elements - {"using":"css selector","value":"td"}
RESULT: {"using":"css selector","value":"td"}
COMMAND: POST /session/060cacbffd4401a8364377c341db2bd1/element/f.137111DC309FACC23B5F67A3B3455007.d.0690310078EA462A43DDC4879C12BD98.e.5398/elements - {"using":"css selector","value":"td"}
RESULT: {"using":"css selector","value":"td"}
COMMAND: POST /session/060cacbffd4401a8364377c341db2bd1/element/f.137111DC309FACC23B5F67A3B3455007.d.0690310078EA462A43DDC4879C12BD98.e.5399/elements - {"using":"css selector","value":"td"}
RESULT: {"using":"css selector","value":"td"}
COMMAND: POST /session/060cacbffd4401a8364377c341db2bd1/element/f.137111DC309FACC23B5F67A3B3455007.d.0690310078EA462A43DDC4879C12BD98.e.5400/elements - {"using":"css selector","value":"td"}
RESULT: {"using":"css selector","value":"td"}
COMMAND: POST /session/060cacbffd4401a8364377c341db2bd1/element/f.137111DC309FACC23B5F67A3B3455007.d.0690310078EA462A43DDC4879C12BD98.e.5401/elements - {"using":"css selector","value":"td"}
RESULT: {"using":"css selector","value":"td"}
COMMAND: POST /session/060cacbffd4401a8364377c341db2bd1/element/f.137111DC309FACC23B5F67A3B3455007.d.0690310078EA462A43DDC4879C12BD98.e.5402/elements - {"using":"css selector","value":"td"}
RESULT: {"using":"css selector","value":"td"}
COMMAND: POST /session/060cacbffd4401a8364377c341db2bd1/element/f.137111DC309FACC23B5F67A3B3455007.d.0690310078EA462A43DDC4879C12BD98.e.5403/elements - {"using":"css selector","value":"td"}
RESULT: {"using":"css selector","value":"td"}
COMMAND: POST /session/060cacbffd4401a8364377c341db2bd1/element/f.137111DC309FACC23B5F67A3B3455007.d.0690310078EA462A43DDC4879C12BD98.e.5404/elements - {"using":"css selector","value":"td"}
RESULT: {"using":"css selector","value":"td"}
COMMAND: POST /session/060cacbffd4401a8364377c341db2bd1/element/f.137111DC309FACC23B5F67A3B3455007.d.0690310078EA462A43DDC4879C12BD98.e.5405/elements - {"using":"css selector","value":"td"}
RESULT: {"using":"css selector","value":"td"}
COMMAND: POST /session/060cacbffd4401a8364377c341db2bd1/element/f.137111DC309FACC23B5F67A3B3455007.d.0690310078EA462A43DDC4879C12BD98.e.5406/elements - {"using":"css selector","value":"td"}
RESULT: {"using":"css selector","value":"td"}
COMMAND: POST /session/060cacbffd4401a8364377c341db2bd1/element/f.137111DC309FACC23B5F67A3B3455007.d.0690310078EA462A43DDC4879C12BD98.e.5407/elements - {"using":"css selector","value":"td"}
RESULT: {"using":"css selector","value":"td"}
COMMAND: POST /session/060cacbffd4401a8364377c341db2bd1/element/f.137111DC309FACC23B5F67A3B3455007.d.0690310078EA462A43DDC4879C12BD98.e.5408/elements - {"using":"css selector","value":"td"}
RESULT: {"using":"css selector","value":"td"}
COMMAND: POST /session/060cacbffd4401a8364377c341db2bd1/element/f.137111DC309FACC23B5F67A3B3455007.d.0690310078EA462A43DDC4879C12BD98.e.5409/elements - {"using":"css selector","value":"td"}
RESULT: {"using":"css selector","value":"td"}
COMMAND: POST /session/060cacbffd4401a8364377c341db2bd1/element/f.137111DC309FACC23B5F67A3B3455007.d.0690310078EA462A43DDC4879C12BD98.e.5410/elements - {"using":"css selector","value":"td"}
RESULT: {"using":"css selector","value":"td"}
COMMAND: POST /session/060cacbffd4401a8364377c341db2bd1/element/f.137111DC309FACC23B5F67A3B3455007.d.0690310078EA462A43DDC4879C12BD98.e.5411/elements - {"using":"css selector","value":"td"}
RESULT: {"using":"css selector","value":"td"}
COMMAND: POST /session/060cacbffd4401a8364377c341db2bd1/element/f.137111DC309FACC23B5F67A3B3455007.d.0690310078EA462A43DDC4879C12BD98.e.5412/elements - {"using":"css selector","value":"td"}
RESULT: {"using":"css selector","value":"td"}
COMMAND: POST /session/060cacbffd4401a8364377c341db2bd1/element/f.137111DC309FACC23B5F67A3B3455007.d.0690310078EA462A43DDC4879C12BD98.e.5413/elements - {"using":"css selector","value":"td"}
RESULT: {"using":"css selector","value":"td"}
COMMAND: POST /session/060cacbffd4401a8364377c341db2bd1/element/f.137111DC309FACC23B5F67A3B3455007.d.0690310078EA462A43DDC4879C12BD98.e.5414/elements - {"using":"css selector","value":"td"}
RESULT: {"using":"css selector","value":"td"}
COMMAND: POST /session/060cacbffd4401a8364377c341db2bd1/element/f.137111DC309FACC23B5F67A3B3455007.d.0690310078EA462A43DDC4879C12BD98.e.5415/elements - {"using":"css selector","value":"td"}
RESULT: {"using":"css selector","value":"td"}
COMMAND: POST /session/060cacbffd4401a8364377c341db2bd1/element/f.137111DC309FACC23B5F67A3B3455007.d.0690310078EA462A43DDC4879C12BD98.e.5416/elements - {"using":"css selector","value":"td"}
RESULT: {"using":"css selector","value":"td"}
COMMAND: POST /session/060cacbffd4401a8364377c341db2bd1/element/f.137111DC309FACC23B5F67A3B3455007.d.0690310078EA462A43DDC4879C12BD98.e.5417/elements - {"using":"css selector","value":"td"}
RESULT: {"using":"css selector","value":"td"}
COMMAND: POST /session/060cacbffd4401a8364377c341db2bd1/element/f.137111DC309FACC23B5F67A3B3455007.d.0690310078EA462A43DDC4879C12BD98.e.5418/elements - {"using":"css selector","value":"td"}
RESULT: {"using":"css selector","value":"td"}
COMMAND: POST /session/060cacbffd4401a8364377c341db2bd1/element/f.137111DC309FACC23B5F67A3B3455007.d.0690310078EA462A43DDC4879C12BD98.e.5419/elements - {"using":"css selector","value":"td"}
RESULT: {"using":"css selector","value":"td"}
COMMAND: POST /session/060cacbffd4401a8364377c341db2bd1/element/f.137111DC309FACC23B5F67A3B3455007.d.0690310078EA462A43DDC4879C12BD98.e.5420/elements - {"using":"css selector","value":"td"}
RESULT: {"using":"css selector","value":"td"}
COMMAND: POST /session/060cacbffd4401a8364377c341db2bd1/element/f.137111DC309FACC23B5F67A3B3455007.d.0690310078EA462A43DDC4879C12BD98.e.5421/elements - {"using":"css selector","value":"td"}
RESULT: {"using":"css selector","value":"td"}
COMMAND: POST /session/060cacbffd4401a8364377c341db2bd1/element/f.137111DC309FACC23B5F67A3B3455007.d.0690310078EA462A43DDC4879C12BD98.e.5422/elements - {"using":"css selector","value":"td"}
RESULT: {"using":"css selector","value":"td"}
COMMAND: POST /session/060cacbffd4401a8364377c341db2bd1/element/f.137111DC309FACC23B5F67A3B3455007.d.0690310078EA462A43DDC4879C12BD98.e.5423/elements - {"using":"css selector","value":"td"}
RESULT: {"using":"css selector","value":"td"}
COMMAND: POST /session/060cacbffd4401a8364377c341db2bd1/element/f.137111DC309FACC23B5F67A3B3455007.d.0690310078EA462A43DDC4879C12BD98.e.5424/elements - {"using":"css selector","value":"td"}
RESULT: {"using":"css selector","value":"td"}
COMMAND: POST /session/060cacbffd4401a8364377c341db2bd1/element/f.137111DC309FACC23B5F67A3B3455007.d.0690310078EA462A43DDC4879C12BD98.e.5425/elements - {"using":"css selector","value":"td"}
RESULT: {"using":"css selector","value":"td"}
COMMAND: POST /session/060cacbffd4401a8364377c341db2bd1/element/f.137111DC309FACC23B5F67A3B3455007.d.0690310078EA462A43DDC4879C12BD98.e.5426/elements - {"using":"css selector","value":"td"}
RESULT: {"using":"css selector","value":"td"}
COMMAND: POST /session/060cacbffd4401a8364377c341db2bd1/element/f.137111DC309FACC23B5F67A3B3455007.d.0690310078EA462A43DDC4879C12BD98.e.5427/elements - {"using":"css selector","value":"td"}
RESULT: {"using":"css selector","value":"td"}
COMMAND: POST /session/060cacbffd4401a8364377c341db2bd1/element/f.137111DC309FACC23B5F67A3B3455007.d.0690310078EA462A43DDC4879C12BD98.e.5428/elements - {"using":"css selector","value":"td"}
RESULT: {"using":"css selector","value":"td"}
COMMAND: POST /session/060cacbffd4401a8364377c341db2bd1/element/f.137111DC309FACC23B5F67A3B3455007.d.0690310078EA462A43DDC4879C12BD98.e.5429/elements - {"using":"css selector","value":"td"}
RESULT: {"using":"css selector","value":"td"}
COMMAND: POST /session/060cacbffd4401a8364377c341db2bd1/element/f.137111DC309FACC23B5F67A3B3455007.d.0690310078EA462A43DDC4879C12BD98.e.5430/elements - {"using":"css selector","value":"td"}
RESULT: {"using":"css selector","value":"td"}
COMMAND: POST /session/060cacbffd4401a8364377c341db2bd1/element/f.137111DC309FACC23B5F67A3B3455007.d.0690310078EA462A43DDC4879C12BD98.e.5431/elements - {"using":"css selector","value":"td"}
RESULT: {"using":"css selector","value":"td"}
COMMAND: POST /session/060cacbffd4401a8364377c341db2bd1/element/f.137111DC309FACC23B5F67A3B3455007.d.0690310078EA462A43DDC4879C12BD98.e.5432/elements - {"using":"css selector","value":"td"}
RESULT: {"using":"css selector","value":"td"}
COMMAND: POST /session/060cacbffd4401a8364377c341db2bd1/element/f.137111DC309FACC23B5F67A3B3455007.d.0690310078EA462A43DDC4879C12BD98.e.5433/elements - {"using":"css selector","value":"td"}
RESULT: {"using":"css selector","value":"td"}
COMMAND: POST /session/060cacbffd4401a8364377c341db2bd1/element/f.137111DC309FACC23B5F67A3B3455007.d.0690310078EA462A43DDC4879C12BD98.e.5434/elements - {"using":"css selector","value":"td"}
RESULT: {"using":"css selector","value":"td"}
COMMAND: POST /session/060cacbffd4401a8364377c341db2bd1/element/f.137111DC309FACC23B5F67A3B3455007.d.0690310078EA462A43DDC4879C12BD98.e.5435/elements - {"using":"css selector","value":"td"}
RESULT: {"using":"css selector","value":"td"}
COMMAND: POST /session/060cacbffd4401a8364377c341db2bd1/element/f.137111DC309FACC23B5F67A3B3455007.d.0690310078EA462A43DDC4879C12BD98.e.5436/elements - {"using":"css selector","value":"td"}
RESULT: {"using":"css selector","value":"td"}
COMMAND: POST /session/060cacbffd4401a8364377c341db2bd1/element/f.137111DC309FACC23B5F67A3B3455007.d.0690310078EA462A43DDC4879C12BD98.e.5437/elements - {"using":"css selector","value":"td"}
RESULT: {"using":"css selector","value":"td"}
COMMAND: POST /session/060cacbffd4401a8364377c341db2bd1/element/f.137111DC309FACC23B5F67A3B3455007.d.0690310078EA462A43DDC4879C12BD98.e.5438/elements - {"using":"css selector","value":"td"}
RESULT: {"using":"css selector","value":"td"}
COMMAND: POST /session/060cacbffd4401a8364377c341db2bd1/element/f.137111DC309FACC23B5F67A3B3455007.d.0690310078EA462A43DDC4879C12BD98.e.5439/elements - {"using":"css selector","value":"td"}
RESULT: {"using":"css selector","value":"td"}
COMMAND: POST /session/060cacbffd4401a8364377c341db2bd1/element/f.137111DC309FACC23B5F67A3B3455007.d.0690310078EA462A43DDC4879C12BD98.e.5440/elements - {"using":"css selector","value":"td"}
RESULT: {"using":"css selector","value":"td"}
COMMAND: POST /session/060cacbffd4401a8364377c341db2bd1/element/f.137111DC309FACC23B5F67A3B3455007.d.0690310078EA462A43DDC4879C12BD98.e.5441/elements - {"using":"css selector","value":"td"}
RESULT: {"using":"css selector","value":"td"}
COMMAND: POST /session/060cacbffd4401a8364377c341db2bd1/element/f.137111DC309FACC23B5F67A3B3455007.d.0690310078EA462A43DDC4879C12BD98.e.5442/elements - {"using":"css selector","value":"td"}
RESULT: {"using":"css selector","value":"td"}
COMMAND: POST /session/060cacbffd4401a8364377c341db2bd1/element/f.137111DC309FACC23B5F67A3B3455007.d.0690310078EA462A43DDC4879C12BD98.e.5443/elements - {"using":"css selector","value":"td"}
RESULT: {"using":"css selector","value":"td"}
COMMAND: POST /session/060cacbffd4401a8364377c341db2bd1/element/f.137111DC309FACC23B5F67A3B3455007.d.0690310078EA462A43DDC4879C12BD98.e.5444/elements - {"using":"css selector","value":"td"}
RESULT: {"using":"css selector","value":"td"}
COMMAND: POST /session/060cacbffd4401a8364377c341db2bd1/element/f.137111DC309FACC23B5F67A3B3455007.d.0690310078EA462A43DDC4879C12BD98.e.5445/elements - {"using":"css selector","value":"td"}
RESULT: {"using":"css selector","value":"td"}
COMMAND: POST /session/060cacbffd4401a8364377c341db2bd1/element/f.137111DC309FACC23B5F67A3B3455007.d.0690310078EA462A43DDC4879C12BD98.e.5446/elements - {"using":"css selector","value":"td"}
RESULT: {"using":"css selector","value":"td"}
COMMAND: POST /session/060cacbffd4401a8364377c341db2bd1/element/f.137111DC309FACC23B5F67A3B3455007.d.0690310078EA462A43DDC4879C12BD98.e.5447/elements - {"using":"css selector","value":"td"}
RESULT: {"using":"css selector","value":"td"}
COMMAND: POST /session/060cacbffd4401a8364377c341db2bd1/element/f.137111DC309FACC23B5F67A3B3455007.d.0690310078EA462A43DDC4879C12BD98.e.5448/elements - {"using":"css selector","value":"td"}
RESULT: {"using":"css selector","value":"td"}
COMMAND: POST /session/060cacbffd4401a8364377c341db2bd1/element/f.137111DC309FACC23B5F67A3B3455007.d.0690310078EA462A43DDC4879C12BD98.e.5449/elements - {"using":"css selector","value":"td"}
RESULT: {"using":"css selector","value":"td"}
COMMAND: POST /session/060cacbffd4401a8364377c341db2bd1/element/f.137111DC309FACC23B5F67A3B3455007.d.0690310078EA462A43DDC4879C12BD98.e.5450/elements - {"using":"css selector","value":"td"}
RESULT: {"using":"css selector","value":"td"}
COMMAND: POST /session/060cacbffd4401a8364377c341db2bd1/element/f.137111DC309FACC23B5F67A3B3455007.d.0690310078EA462A43DDC4879C12BD98.e.5451/elements - {"using":"css selector","value":"td"}
RESULT: {"using":"css selector","value":"td"}
COMMAND: POST /session/060cacbffd4401a8364377c341db2bd1/element/f.137111DC309FACC23B5F67A3B3455007.d.0690310078EA462A43DDC4879C12BD98.e.5452/elements - {"using":"css selector","value":"td"}
RESULT: {"using":"css selector","value":"td"}
COMMAND: POST /session/060cacbffd4401a8364377c341db2bd1/element/f.137111DC309FACC23B5F67A3B3455007.d.0690310078EA462A43DDC4879C12BD98.e.5453/elements - {"using":"css selector","value":"td"}
RESULT: {"using":"css selector","value":"td"}
COMMAND: POST /session/060cacbffd4401a8364377c341db2bd1/element/f.137111DC309FACC23B5F67A3B3455007.d.0690310078EA462A43DDC4879C12BD98.e.5454/elements - {"using":"css selector","value":"td"}
RESULT: {"using":"css selector","value":"td"}
COMMAND: POST /session/060cacbffd4401a8364377c341db2bd1/element/f.137111DC309FACC23B5F67A3B3455007.d.0690310078EA462A43DDC4879C12BD98.e.5455/elements - {"using":"css selector","value":"td"}
RESULT: {"using":"css selector","value":"td"}
COMMAND: POST /session/060cacbffd4401a8364377c341db2bd1/element/f.137111DC309FACC23B5F67A3B3455007.d.0690310078EA462A43DDC4879C12BD98.e.5456/elements - {"using":"css selector","value":"td"}
RESULT: {"using":"css selector","value":"td"}
COMMAND: POST /session/060cacbffd4401a8364377c341db2bd1/element/f.137111DC309FACC23B5F67A3B3455007.d.0690310078EA462A43DDC4879C12BD98.e.5457/elements - {"using":"css selector","value":"td"}
RESULT: {"using":"css selector","value":"td"}
COMMAND: POST /session/060cacbffd4401a8364377c341db2bd1/element/f.137111DC309FACC23B5F67A3B3455007.d.0690310078EA462A43DDC4879C12BD98.e.5458/elements - {"using":"css selector","value":"td"}
RESULT: {"using":"css selector","value":"td"}
COMMAND: POST /session/060cacbffd4401a8364377c341db2bd1/element/f.137111DC309FACC23B5F67A3B3455007.d.0690310078EA462A43DDC4879C12BD98.e.5459/elements - {"using":"css selector","value":"td"}
RESULT: {"using":"css selector","value":"td"}
COMMAND: POST /session/060cacbffd4401a8364377c341db2bd1/element/f.137111DC309FACC23B5F67A3B3455007.d.0690310078EA462A43DDC4879C12BD98.e.5460/elements - {"using":"css selector","value":"td"}
RESULT: {"using":"css selector","value":"td"}
COMMAND: POST /session/060cacbffd4401a8364377c341db2bd1/element/f.137111DC309FACC23B5F67A3B3455007.d.0690310078EA462A43DDC4879C12BD98.e.5461/elements - {"using":"css selector","value":"td"}
RESULT: {"using":"css selector","value":"td"}
COMMAND: POST /session/060cacbffd4401a8364377c341db2bd1/element/f.137111DC309FACC23B5F67A3B3455007.d.0690310078EA462A43DDC4879C12BD98.e.5462/elements - {"using":"css selector","value":"td"}
RESULT: {"using":"css selector","value":"td"}
COMMAND: POST /session/060cacbffd4401a8364377c341db2bd1/element/f.137111DC309FACC23B5F67A3B3455007.d.0690310078EA462A43DDC4879C12BD98.e.5463/elements - {"using":"css selector","value":"td"}
RESULT: {"using":"css selector","value":"td"}
COMMAND: POST /session/060cacbffd4401a8364377c341db2bd1/element/f.137111DC309FACC23B5F67A3B3455007.d.0690310078EA462A43DDC4879C12BD98.e.5464/elements - {"using":"css selector","value":"td"}
RESULT: {"using":"css selector","value":"td"}
COMMAND: POST /session/060cacbffd4401a8364377c341db2bd1/element/f.137111DC309FACC23B5F67A3B3455007.d.0690310078EA462A43DDC4879C12BD98.e.5465/elements - {"using":"css selector","value":"td"}
RESULT: {"using":"css selector","value":"td"}
COMMAND: POST /session/060cacbffd4401a8364377c341db2bd1/element/f.137111DC309FACC23B5F67A3B3455007.d.0690310078EA462A43DDC4879C12BD98.e.5466/elements - {"using":"css selector","value":"td"}
RESULT: {"using":"css selector","value":"td"}
COMMAND: POST /session/060cacbffd4401a8364377c341db2bd1/element/f.137111DC309FACC23B5F67A3B3455007.d.0690310078EA462A43DDC4879C12BD98.e.5467/elements - {"using":"css selector","value":"td"}
RESULT: {"using":"css selector","value":"td"}
COMMAND: POST /session/060cacbffd4401a8364377c341db2bd1/element/f.137111DC309FACC23B5F67A3B3455007.d.0690310078EA462A43DDC4879C12BD98.e.5468/elements - {"using":"css selector","value":"td"}
RESULT: {"using":"css selector","value":"td"}
COMMAND: POST /session/060cacbffd4401a8364377c341db2bd1/element/f.137111DC309FACC23B5F67A3B3455007.d.0690310078EA462A43DDC4879C12BD98.e.5469/elements - {"using":"css selector","value":"td"}
RESULT: {"using":"css selector","value":"td"}
COMMAND: POST /session/060cacbffd4401a8364377c341db2bd1/element/f.137111DC309FACC23B5F67A3B3455007.d.0690310078EA462A43DDC4879C12BD98.e.5470/elements - {"using":"css selector","value":"td"}
RESULT: {"using":"css selector","value":"td"}
COMMAND: POST /session/060cacbffd4401a8364377c341db2bd1/element/f.137111DC309FACC23B5F67A3B3455007.d.0690310078EA462A43DDC4879C12BD98.e.5471/elements - {"using":"css selector","value":"td"}
RESULT: {"using":"css selector","value":"td"}
COMMAND: POST /session/060cacbffd4401a8364377c341db2bd1/element/f.137111DC309FACC23B5F67A3B3455007.d.0690310078EA462A43DDC4879C12BD98.e.5472/elements - {"using":"css selector","value":"td"}
RESULT: {"using":"css selector","value":"td"}
COMMAND: POST /session/060cacbffd4401a8364377c341db2bd1/element/f.137111DC309FACC23B5F67A3B3455007.d.0690310078EA462A43DDC4879C12BD98.e.5473/elements - {"using":"css selector","value":"td"}
RESULT: {"using":"css selector","value":"td"}
COMMAND: POST /session/060cacbffd4401a8364377c341db2bd1/element/f.137111DC309FACC23B5F67A3B3455007.d.0690310078EA462A43DDC4879C12BD98.e.5474/elements - {"using":"css selector","value":"td"}
RESULT: {"using":"css selector","value":"td"}
COMMAND: POST /session/060cacbffd4401a8364377c341db2bd1/element/f.137111DC309FACC23B5F67A3B3455007.d.0690310078EA462A43DDC4879C12BD98.e.5475/elements - {"using":"css selector","value":"td"}
RESULT: {"using":"css selector","value":"td"}
COMMAND: POST /session/060cacbffd4401a8364377c341db2bd1/element/f.137111DC309FACC23B5F67A3B3455007.d.0690310078EA462A43DDC4879C12BD98.e.5476/elements - {"using":"css selector","value":"td"}
RESULT: {"using":"css selector","value":"td"}
COMMAND: POST /session/060cacbffd4401a8364377c341db2bd1/element/f.137111DC309FACC23B5F67A3B3455007.d.0690310078EA462A43DDC4879C12BD98.e.5477/elements - {"using":"css selector","value":"td"}
RESULT: {"using":"css selector","value":"td"}
COMMAND: POST /session/060cacbffd4401a8364377c341db2bd1/element/f.137111DC309FACC23B5F67A3B3455007.d.0690310078EA462A43DDC4879C12BD98.e.5478/elements - {"using":"css selector","value":"td"}
RESULT: {"using":"css selector","value":"td"}
COMMAND: POST /session/060cacbffd4401a8364377c341db2bd1/element/f.137111DC309FACC23B5F67A3B3455007.d.0690310078EA462A43DDC4879C12BD98.e.5479/elements - {"using":"css selector","value":"td"}
RESULT: {"using":"css selector","value":"td"}
COMMAND: POST /session/060cacbffd4401a8364377c341db2bd1/element/f.137111DC309FACC23B5F67A3B3455007.d.0690310078EA462A43DDC4879C12BD98.e.5480/elements - {"using":"css selector","value":"td"}
RESULT: {"using":"css selector","value":"td"}
COMMAND: POST /session/060cacbffd4401a8364377c341db2bd1/element/f.137111DC309FACC23B5F67A3B3455007.d.0690310078EA462A43DDC4879C12BD98.e.5481/elements - {"using":"css selector","value":"td"}
RESULT: {"using":"css selector","value":"td"}
COMMAND: POST /session/060cacbffd4401a8364377c341db2bd1/element/f.137111DC309FACC23B5F67A3B3455007.d.0690310078EA462A43DDC4879C12BD98.e.5482/elements - {"using":"css selector","value":"td"}
RESULT: {"using":"css selector","value":"td"}
COMMAND: POST /session/060cacbffd4401a8364377c341db2bd1/element/f.137111DC309FACC23B5F67A3B3455007.d.0690310078EA462A43DDC4879C12BD98.e.5483/elements - {"using":"css selector","value":"td"}
RESULT: {"using":"css selector","value":"td"}
COMMAND: POST /session/060cacbffd4401a8364377c341db2bd1/element/f.137111DC309FACC23B5F67A3B3455007.d.0690310078EA462A43DDC4879C12BD98.e.5484/elements - {"using":"css selector","value":"td"}
RESULT: {"using":"css selector","value":"td"}
COMMAND: POST /session/060cacbffd4401a8364377c341db2bd1/element/f.137111DC309FACC23B5F67A3B3455007.d.0690310078EA462A43DDC4879C12BD98.e.5485/elements - {"using":"css selector","value":"td"}
RESULT: {"using":"css selector","value":"td"}
COMMAND: POST /session/060cacbffd4401a8364377c341db2bd1/element/f.137111DC309FACC23B5F67A3B3455007.d.0690310078EA462A43DDC4879C12BD98.e.5486/elements - {"using":"css selector","value":"td"}
RESULT: {"using":"css selector","value":"td"}
COMMAND: POST /session/060cacbffd4401a8364377c341db2bd1/element/f.137111DC309FACC23B5F67A3B3455007.d.0690310078EA462A43DDC4879C12BD98.e.5487/elements - {"using":"css selector","value":"td"}
RESULT: {"using":"css selector","value":"td"}
COMMAND: POST /session/060cacbffd4401a8364377c341db2bd1/element/f.137111DC309FACC23B5F67A3B3455007.d.0690310078EA462A43DDC4879C12BD98.e.5488/elements - {"using":"css selector","value":"td"}
RESULT: {"using":"css selector","value":"td"}
COMMAND: POST /session/060cacbffd4401a8364377c341db2bd1/element/f.137111DC309FACC23B5F67A3B3455007.d.0690310078EA462A43DDC4879C12BD98.e.5489/elements - {"using":"css selector","value":"td"}
RESULT: {"using":"css selector","value":"td"}
COMMAND: POST /session/060cacbffd4401a8364377c341db2bd1/element/f.137111DC309FACC23B5F67A3B3455007.d.0690310078EA462A43DDC4879C12BD98.e.5490/elements - {"using":"css selector","value":"td"}
RESULT: {"using":"css selector","value":"td"}
COMMAND: POST /session/060cacbffd4401a8364377c341db2bd1/element/f.137111DC309FACC23B5F67A3B3455007.d.0690310078EA462A43DDC4879C12BD98.e.5491/elements - {"using":"css selector","value":"td"}
RESULT: {"using":"css selector","value":"td"}
COMMAND: POST /session/060cacbffd4401a8364377c341db2bd1/element/f.137111DC309FACC23B5F67A3B3455007.d.0690310078EA462A43DDC4879C12BD98.e.5492/elements - {"using":"css selector","value":"td"}
RESULT: {"using":"css selector","value":"td"}
COMMAND: POST /session/060cacbffd4401a8364377c341db2bd1/element/f.137111DC309FACC23B5F67A3B3455007.d.0690310078EA462A43DDC4879C12BD98.e.5493/elements - {"using":"css selector","value":"td"}
RESULT: {"using":"css selector","value":"td"}
COMMAND: POST /session/060cacbffd4401a8364377c341db2bd1/element/f.137111DC309FACC23B5F67A3B3455007.d.0690310078EA462A43DDC4879C12BD98.e.5494/elements - {"using":"css selector","value":"td"}
RESULT: {"using":"css selector","value":"td"}
COMMAND: POST /session/060cacbffd4401a8364377c341db2bd1/element/f.137111DC309FACC23B5F67A3B3455007.d.0690310078EA462A43DDC4879C12BD98.e.5495/elements - {"using":"css selector","value":"td"}
RESULT: {"using":"css selector","value":"td"}
COMMAND: POST /session/060cacbffd4401a8364377c341db2bd1/element/f.137111DC309FACC23B5F67A3B3455007.d.0690310078EA462A43DDC4879C12BD98.e.5496/elements - {"using":"css selector","value":"td"}
RESULT: {"using":"css selector","value":"td"}
COMMAND: POST /session/060cacbffd4401a8364377c341db2bd1/element/f.137111DC309FACC23B5F67A3B3455007.d.0690310078EA462A43DDC4879C12BD98.e.5497/elements - {"using":"css selector","value":"td"}
RESULT: {"using":"css selector","value":"td"}
COMMAND: POST /session/060cacbffd4401a8364377c341db2bd1/element/f.137111DC309FACC23B5F67A3B3455007.d.0690310078EA462A43DDC4879C12BD98.e.5498/elements - {"using":"css selector","value":"td"}
RESULT: {"using":"css selector","value":"td"}
COMMAND: POST /session/060cacbffd4401a8364377c341db2bd1/element/f.137111DC309FACC23B5F67A3B3455007.d.0690310078EA462A43DDC4879C12BD98.e.5499/elements - {"using":"css selector","value":"td"}
RESULT: {"using":"css selector","value":"td"}
COMMAND: POST /session/060cacbffd4401a8364377c341db2bd1/element/f.137111DC309FACC23B5F67A3B3455007.d.0690310078EA462A43DDC4879C12BD98.e.5500/elements - {"using":"css selector","value":"td"}
RESULT: {"using":"css selector","value":"td"}
COMMAND: POST /session/060cacbffd4401a8364377c341db2bd1/element/f.137111DC309FACC23B5F67A3B3455007.d.0690310078EA462A43DDC4879C12BD98.e.5501/elements - {"using":"css selector","value":"td"}
RESULT: {"using":"css selector","value":"td"}
COMMAND: POST /session/060cacbffd4401a8364377c341db2bd1/element/f.137111DC309FACC23B5F67A3B3455007.d.0690310078EA462A43DDC4879C12BD98.e.5502/elements - {"using":"css selector","value":"td"}
RESULT: {"using":"css selector","value":"td"}
COMMAND: POST /session/060cacbffd4401a8364377c341db2bd1/element/f.137111DC309FACC23B5F67A3B3455007.d.0690310078EA462A43DDC4879C12BD98.e.5503/elements - {"using":"css selector","value":"td"}
RESULT: {"using":"css selector","value":"td"}
COMMAND: POST /session/060cacbffd4401a8364377c341db2bd1/element/f.137111DC309FACC23B5F67A3B3455007.d.0690310078EA462A43DDC4879C12BD98.e.5504/elements - {"using":"css selector","value":"td"}
RESULT: {"using":"css selector","value":"td"}
COMMAND: POST /session/060cacbffd4401a8364377c341db2bd1/element/f.137111DC309FACC23B5F67A3B3455007.d.0690310078EA462A43DDC4879C12BD98.e.5505/elements - {"using":"css selector","value":"td"}
RESULT: {"using":"css selector","value":"td"}
COMMAND: POST /session/060cacbffd4401a8364377c341db2bd1/element/f.137111DC309FACC23B5F67A3B3455007.d.0690310078EA462A43DDC4879C12BD98.e.5506/elements - {"using":"css selector","value":"td"}
RESULT: {"using":"css selector","value":"td"}
COMMAND: POST /session/060cacbffd4401a8364377c341db2bd1/element/f.137111DC309FACC23B5F67A3B3455007.d.0690310078EA462A43DDC4879C12BD98.e.5507/elements - {"using":"css selector","value":"td"}
RESULT: {"using":"css selector","value":"td"}
COMMAND: POST /session/060cacbffd4401a8364377c341db2bd1/element/f.137111DC309FACC23B5F67A3B3455007.d.0690310078EA462A43DDC4879C12BD98.e.5508/elements - {"using":"css selector","value":"td"}
RESULT: {"using":"css selector","value":"td"}
COMMAND: POST /session/060cacbffd4401a8364377c341db2bd1/element/f.137111DC309FACC23B5F67A3B3455007.d.0690310078EA462A43DDC4879C12BD98.e.5509/elements - {"using":"css selector","value":"td"}
RESULT: {"using":"css selector","value":"td"}
COMMAND: POST /session/060cacbffd4401a8364377c341db2bd1/element/f.137111DC309FACC23B5F67A3B3455007.d.0690310078EA462A43DDC4879C12BD98.e.5510/elements - {"using":"css selector","value":"td"}
RESULT: {"using":"css selector","value":"td"}
COMMAND: POST /session/060cacbffd4401a8364377c341db2bd1/element/f.137111DC309FACC23B5F67A3B3455007.d.0690310078EA462A43DDC4879C12BD98.e.5532/element - {"using":"css selector","value":"input"}
RESULT: {"using":"css selector","value":"input"}
COMMAND: GET /session/060cacbffd4401a8364377c341db2bd1/element/f.137111DC309FACC23B5F67A3B3455007.d.0690310078EA462A43DDC4879C12BD98.e.5515/property/value - {}
RESULT: {}
COMMAND: POST /session/060cacbffd4401a8364377c341db2bd1/element/f.137111DC309FACC23B5F67A3B3455007.d.0690310078EA462A43DDC4879C12BD98.e.5510/element - {"using":"css selector","value":".sapMCbBg"}
COMMAND: GET /session/060cacbffd4401a8364377c341db2bd1/screenshot - {}
RESULT: {"using":"css selector","value":".sapMCbBg"}
COMMAND: GET /session/060cacbffd4401a8364377c341db2bd1/element/f.137111DC309FACC23B5F67A3B3455007.d.0690310078EA462A43DDC4879C12BD98.e.6403/selected - {}
RESULT: {}
RESULT: {}
COMMAND: POST /session/060cacbffd4401a8364377c341db2bd1/element/f.137111DC309FACC23B5F67A3B3455007.d.0690310078EA462A43DDC4879C12BD98.e.6403/click - {}
COMMAND: GET /session/060cacbffd4401a8364377c341db2bd1/screenshot - {}
RESULT: {}
COMMAND: POST /session/060cacbffd4401a8364377c341db2bd1/element/f.137111DC309FACC23B5F67A3B3455007.d.0690310078EA462A43DDC4879C12BD98.e.5542/elements - {"using":"css selector","value":"td"}
COMMAND: GET /session/060cacbffd4401a8364377c341db2bd1/screenshot - {}
RESULT: {}
RESULT: {"using":"css selector","value":"td"}
COMMAND: POST /session/060cacbffd4401a8364377c341db2bd1/element/f.137111DC309FACC23B5F67A3B3455007.d.0690310078EA462A43DDC4879C12BD98.e.5564/element - {"using":"css selector","value":"input"}
RESULT: {}
RESULT: {"using":"css selector","value":"input"}
COMMAND: GET /session/060cacbffd4401a8364377c341db2bd1/element/f.137111DC309FACC23B5F67A3B3455007.d.0690310078EA462A43DDC4879C12BD98.e.5547/property/value - {}
RESULT: {}
COMMAND: POST /session/060cacbffd4401a8364377c341db2bd1/element/f.137111DC309FACC23B5F67A3B3455007.d.0690310078EA462A43DDC4879C12BD98.e.5542/element - {"using":"css selector","value":".sapMCbBg"}
COMMAND: GET /session/060cacbffd4401a8364377c341db2bd1/screenshot - {}
RESULT: {"using":"css selector","value":".sapMCbBg"}
COMMAND: GET /session/060cacbffd4401a8364377c341db2bd1/element/f.137111DC309FACC23B5F67A3B3455007.d.0690310078EA462A43DDC4879C12BD98.e.6407/selected - {}
RESULT: {}
RESULT: {}
COMMAND: POST /session/060cacbffd4401a8364377c341db2bd1/element/f.137111DC309FACC23B5F67A3B3455007.d.0690310078EA462A43DDC4879C12BD98.e.6407/click - {}
COMMAND: GET /session/060cacbffd4401a8364377c341db2bd1/screenshot - {}
RESULT: {}
COMMAND: GET /session/060cacbffd4401a8364377c341db2bd1/screenshot - {}
RESULT: {}
RESULT: {}
COMMAND: POST /session/060cacbffd4401a8364377c341db2bd1/execute/async - {"script":"<script> [1562 bytes]","args":[{"selector":{"id":"application-manageconditionprice-display-component---dailyPrices--deleteBtn","interaction":{"idSuffix":"content"}},"wdio_ui5_key":"applicationmanageconditionprice-display-component---dailyPrices--deleteBtn"}]}
RESULT: {"script":"<script> [1562 bytes]","args":[{"selector":{"id":"application-manageconditionprice-display-component---dailyPrices--deleteBtn","interaction":{"idSuffix":"content"}},"wdio_ui5_key":"applicationmanageconditionprice-display-component---dailyPrices--deleteBtn"}]}
RESULT: undefined
COMMAND: POST /session/060cacbffd4401a8364377c341db2bd1/element - {"using":"xpath","value":"//*[@id=\"application-manageconditionprice-display-component---dailyPrices--deleteBtn\"]"}
RESULT: {"using":"xpath","value":"//*[@id=\"application-manageconditionprice-display-component---dailyPrices--deleteBtn\"]"}
COMMAND: POST /session/060cacbffd4401a8364377c341db2bd1/element/f.137111DC309FACC23B5F67A3B3455007.d.0690310078EA462A43DDC4879C12BD98.e.6409/click - {}
RESULT: {}
COMMAND: POST /session/060cacbffd4401a8364377c341db2bd1/execute/async - {"script":"<script> [1562 bytes]","args":[{"selector":{"controlType":"sap.m.Button","properties":{"text":"OK"},"searchOpenDialogs":true,"interaction":{"idSuffix":"BDI-content"}},"wdio_ui5_key":"sapm.Button{\"text\":\"OK\"}"}]}
COMMAND: GET /session/060cacbffd4401a8364377c341db2bd1/screenshot - {}
RESULT: {"script":"<script> [1562 bytes]","args":[{"selector":{"controlType":"sap.m.Button","properties":{"text":"OK"},"searchOpenDialogs":true,"interaction":{"idSuffix":"BDI-content"}},"wdio_ui5_key":"sapm.Button{\"text\":\"OK\"}"}]}
RESULT: undefined
COMMAND: POST /session/060cacbffd4401a8364377c341db2bd1/element - {"using":"xpath","value":"//*[@id=\"__mbox-btn-0\"]"}
RESULT: {}
RESULT: {"using":"xpath","value":"//*[@id=\"__mbox-btn-0\"]"}
COMMAND: POST /session/060cacbffd4401a8364377c341db2bd1/element/f.137111DC309FACC23B5F67A3B3455007.d.0690310078EA462A43DDC4879C12BD98.e.6410/click - {}
RESULT: {}
COMMAND: GET /session/060cacbffd4401a8364377c341db2bd1/screenshot - {}
RESULT: {}
RESULT: undefined
COMMAND: POST /session/060cacbffd4401a8364377c341db2bd1/element - {"using":"xpath","value":"//*[@id=\"__button107\"]"}
RESULT: {"using":"xpath","value":"//*[@id=\"__button107\"]"}
COMMAND: POST /session/060cacbffd4401a8364377c341db2bd1/element/f.137111DC309FACC23B5F67A3B3455007.d.0690310078EA462A43DDC4879C12BD98.e.5598/click - {}
RESULT: {}
COMMAND: GET /session/060cacbffd4401a8364377c341db2bd1/screenshot - {}
RESULT: {}
COMMAND: POST /session/060cacbffd4401a8364377c341db2bd1/elements - {"using":"css selector","value":"table tr"}
RESULT: {"using":"css selector","value":"table tr"}
COMMAND: POST /session/060cacbffd4401a8364377c341db2bd1/element/f.137111DC309FACC23B5F67A3B3455007.d.0690310078EA462A43DDC4879C12BD98.e.5314/elements - {"using":"css selector","value":"td"}
RESULT: {"using":"css selector","value":"td"}
COMMAND: POST /session/060cacbffd4401a8364377c341db2bd1/element/f.137111DC309FACC23B5F67A3B3455007.d.0690310078EA462A43DDC4879C12BD98.e.5315/elements - {"using":"css selector","value":"td"}
RESULT: {"using":"css selector","value":"td"}
COMMAND: POST /session/060cacbffd4401a8364377c341db2bd1/element/f.137111DC309FACC23B5F67A3B3455007.d.0690310078EA462A43DDC4879C12BD98.e.5316/elements - {"using":"css selector","value":"td"}
RESULT: {"using":"css selector","value":"td"}
COMMAND: POST /session/060cacbffd4401a8364377c341db2bd1/element/f.137111DC309FACC23B5F67A3B3455007.d.0690310078EA462A43DDC4879C12BD98.e.5236/elements - {"using":"css selector","value":"td"}
RESULT: {"using":"css selector","value":"td"}
COMMAND: POST /session/060cacbffd4401a8364377c341db2bd1/element/f.137111DC309FACC23B5F67A3B3455007.d.0690310078EA462A43DDC4879C12BD98.e.5237/elements - {"using":"css selector","value":"td"}
RESULT: {"using":"css selector","value":"td"}
COMMAND: POST /session/060cacbffd4401a8364377c341db2bd1/element/f.137111DC309FACC23B5F67A3B3455007.d.0690310078EA462A43DDC4879C12BD98.e.5245/elements - {"using":"css selector","value":"td"}
RESULT: {"using":"css selector","value":"td"}
COMMAND: POST /session/060cacbffd4401a8364377c341db2bd1/element/f.137111DC309FACC23B5F67A3B3455007.d.0690310078EA462A43DDC4879C12BD98.e.5246/elements - {"using":"css selector","value":"td"}
RESULT: {"using":"css selector","value":"td"}
COMMAND: POST /session/060cacbffd4401a8364377c341db2bd1/element/f.137111DC309FACC23B5F67A3B3455007.d.0690310078EA462A43DDC4879C12BD98.e.5254/elements - {"using":"css selector","value":"td"}
RESULT: {"using":"css selector","value":"td"}
COMMAND: POST /session/060cacbffd4401a8364377c341db2bd1/element/f.137111DC309FACC23B5F67A3B3455007.d.0690310078EA462A43DDC4879C12BD98.e.5255/elements - {"using":"css selector","value":"td"}
RESULT: {"using":"css selector","value":"td"}
COMMAND: POST /session/060cacbffd4401a8364377c341db2bd1/element/f.137111DC309FACC23B5F67A3B3455007.d.0690310078EA462A43DDC4879C12BD98.e.5259/elements - {"using":"css selector","value":"td"}
RESULT: {"using":"css selector","value":"td"}
COMMAND: POST /session/060cacbffd4401a8364377c341db2bd1/element/f.137111DC309FACC23B5F67A3B3455007.d.0690310078EA462A43DDC4879C12BD98.e.5317/elements - {"using":"css selector","value":"td"}
RESULT: {"using":"css selector","value":"td"}
COMMAND: POST /session/060cacbffd4401a8364377c341db2bd1/element/f.137111DC309FACC23B5F67A3B3455007.d.0690310078EA462A43DDC4879C12BD98.e.5318/elements - {"using":"css selector","value":"td"}
RESULT: {"using":"css selector","value":"td"}
COMMAND: POST /session/060cacbffd4401a8364377c341db2bd1/element/f.137111DC309FACC23B5F67A3B3455007.d.0690310078EA462A43DDC4879C12BD98.e.5319/elements - {"using":"css selector","value":"td"}
RESULT: {"using":"css selector","value":"td"}
COMMAND: POST /session/060cacbffd4401a8364377c341db2bd1/element/f.137111DC309FACC23B5F67A3B3455007.d.0690310078EA462A43DDC4879C12BD98.e.5320/elements - {"using":"css selector","value":"td"}
RESULT: {"using":"css selector","value":"td"}
COMMAND: POST /session/060cacbffd4401a8364377c341db2bd1/element/f.137111DC309FACC23B5F67A3B3455007.d.0690310078EA462A43DDC4879C12BD98.e.5321/elements - {"using":"css selector","value":"td"}
RESULT: {"using":"css selector","value":"td"}
COMMAND: POST /session/060cacbffd4401a8364377c341db2bd1/element/f.137111DC309FACC23B5F67A3B3455007.d.0690310078EA462A43DDC4879C12BD98.e.5322/elements - {"using":"css selector","value":"td"}
RESULT: {"using":"css selector","value":"td"}
COMMAND: POST /session/060cacbffd4401a8364377c341db2bd1/element/f.137111DC309FACC23B5F67A3B3455007.d.0690310078EA462A43DDC4879C12BD98.e.5323/elements - {"using":"css selector","value":"td"}
RESULT: {"using":"css selector","value":"td"}
COMMAND: POST /session/060cacbffd4401a8364377c341db2bd1/element/f.137111DC309FACC23B5F67A3B3455007.d.0690310078EA462A43DDC4879C12BD98.e.5324/elements - {"using":"css selector","value":"td"}
RESULT: {"using":"css selector","value":"td"}
COMMAND: POST /session/060cacbffd4401a8364377c341db2bd1/element/f.137111DC309FACC23B5F67A3B3455007.d.0690310078EA462A43DDC4879C12BD98.e.5325/elements - {"using":"css selector","value":"td"}
RESULT: {"using":"css selector","value":"td"}
COMMAND: POST /session/060cacbffd4401a8364377c341db2bd1/element/f.137111DC309FACC23B5F67A3B3455007.d.0690310078EA462A43DDC4879C12BD98.e.5326/elements - {"using":"css selector","value":"td"}
RESULT: {"using":"css selector","value":"td"}
COMMAND: POST /session/060cacbffd4401a8364377c341db2bd1/element/f.137111DC309FACC23B5F67A3B3455007.d.0690310078EA462A43DDC4879C12BD98.e.5327/elements - {"using":"css selector","value":"td"}
RESULT: {"using":"css selector","value":"td"}
COMMAND: POST /session/060cacbffd4401a8364377c341db2bd1/element/f.137111DC309FACC23B5F67A3B3455007.d.0690310078EA462A43DDC4879C12BD98.e.5328/elements - {"using":"css selector","value":"td"}
RESULT: {"using":"css selector","value":"td"}
COMMAND: POST /session/060cacbffd4401a8364377c341db2bd1/element/f.137111DC309FACC23B5F67A3B3455007.d.0690310078EA462A43DDC4879C12BD98.e.5329/elements - {"using":"css selector","value":"td"}
RESULT: {"using":"css selector","value":"td"}
COMMAND: POST /session/060cacbffd4401a8364377c341db2bd1/element/f.137111DC309FACC23B5F67A3B3455007.d.0690310078EA462A43DDC4879C12BD98.e.5330/elements - {"using":"css selector","value":"td"}
RESULT: {"using":"css selector","value":"td"}
COMMAND: POST /session/060cacbffd4401a8364377c341db2bd1/element/f.137111DC309FACC23B5F67A3B3455007.d.0690310078EA462A43DDC4879C12BD98.e.5331/elements - {"using":"css selector","value":"td"}
RESULT: {"using":"css selector","value":"td"}
COMMAND: POST /session/060cacbffd4401a8364377c341db2bd1/element/f.137111DC309FACC23B5F67A3B3455007.d.0690310078EA462A43DDC4879C12BD98.e.5332/elements - {"using":"css selector","value":"td"}
RESULT: {"using":"css selector","value":"td"}
COMMAND: POST /session/060cacbffd4401a8364377c341db2bd1/element/f.137111DC309FACC23B5F67A3B3455007.d.0690310078EA462A43DDC4879C12BD98.e.5333/elements - {"using":"css selector","value":"td"}
RESULT: {"using":"css selector","value":"td"}
COMMAND: POST /session/060cacbffd4401a8364377c341db2bd1/element/f.137111DC309FACC23B5F67A3B3455007.d.0690310078EA462A43DDC4879C12BD98.e.5334/elements - {"using":"css selector","value":"td"}
RESULT: {"using":"css selector","value":"td"}
COMMAND: POST /session/060cacbffd4401a8364377c341db2bd1/element/f.137111DC309FACC23B5F67A3B3455007.d.0690310078EA462A43DDC4879C12BD98.e.5335/elements - {"using":"css selector","value":"td"}
RESULT: {"using":"css selector","value":"td"}
COMMAND: POST /session/060cacbffd4401a8364377c341db2bd1/element/f.137111DC309FACC23B5F67A3B3455007.d.0690310078EA462A43DDC4879C12BD98.e.5336/elements - {"using":"css selector","value":"td"}
RESULT: {"using":"css selector","value":"td"}
COMMAND: POST /session/060cacbffd4401a8364377c341db2bd1/element/f.137111DC309FACC23B5F67A3B3455007.d.0690310078EA462A43DDC4879C12BD98.e.5337/elements - {"using":"css selector","value":"td"}
RESULT: {"using":"css selector","value":"td"}
COMMAND: POST /session/060cacbffd4401a8364377c341db2bd1/element/f.137111DC309FACC23B5F67A3B3455007.d.0690310078EA462A43DDC4879C12BD98.e.5338/elements - {"using":"css selector","value":"td"}
RESULT: {"using":"css selector","value":"td"}
COMMAND: POST /session/060cacbffd4401a8364377c341db2bd1/element/f.137111DC309FACC23B5F67A3B3455007.d.0690310078EA462A43DDC4879C12BD98.e.5339/elements - {"using":"css selector","value":"td"}
RESULT: {"using":"css selector","value":"td"}
COMMAND: POST /session/060cacbffd4401a8364377c341db2bd1/element/f.137111DC309FACC23B5F67A3B3455007.d.0690310078EA462A43DDC4879C12BD98.e.5340/elements - {"using":"css selector","value":"td"}
RESULT: {"using":"css selector","value":"td"}
COMMAND: POST /session/060cacbffd4401a8364377c341db2bd1/element/f.137111DC309FACC23B5F67A3B3455007.d.0690310078EA462A43DDC4879C12BD98.e.5341/elements - {"using":"css selector","value":"td"}
RESULT: {"using":"css selector","value":"td"}
COMMAND: POST /session/060cacbffd4401a8364377c341db2bd1/element/f.137111DC309FACC23B5F67A3B3455007.d.0690310078EA462A43DDC4879C12BD98.e.5342/elements - {"using":"css selector","value":"td"}
RESULT: {"using":"css selector","value":"td"}
COMMAND: POST /session/060cacbffd4401a8364377c341db2bd1/element/f.137111DC309FACC23B5F67A3B3455007.d.0690310078EA462A43DDC4879C12BD98.e.5343/elements - {"using":"css selector","value":"td"}
RESULT: {"using":"css selector","value":"td"}
COMMAND: POST /session/060cacbffd4401a8364377c341db2bd1/element/f.137111DC309FACC23B5F67A3B3455007.d.0690310078EA462A43DDC4879C12BD98.e.5344/elements - {"using":"css selector","value":"td"}
RESULT: {"using":"css selector","value":"td"}
COMMAND: POST /session/060cacbffd4401a8364377c341db2bd1/element/f.137111DC309FACC23B5F67A3B3455007.d.0690310078EA462A43DDC4879C12BD98.e.5345/elements - {"using":"css selector","value":"td"}
RESULT: {"using":"css selector","value":"td"}
COMMAND: POST /session/060cacbffd4401a8364377c341db2bd1/element/f.137111DC309FACC23B5F67A3B3455007.d.0690310078EA462A43DDC4879C12BD98.e.5346/elements - {"using":"css selector","value":"td"}
RESULT: {"using":"css selector","value":"td"}
COMMAND: POST /session/060cacbffd4401a8364377c341db2bd1/element/f.137111DC309FACC23B5F67A3B3455007.d.0690310078EA462A43DDC4879C12BD98.e.5347/elements - {"using":"css selector","value":"td"}
RESULT: {"using":"css selector","value":"td"}
COMMAND: POST /session/060cacbffd4401a8364377c341db2bd1/element/f.137111DC309FACC23B5F67A3B3455007.d.0690310078EA462A43DDC4879C12BD98.e.5348/elements - {"using":"css selector","value":"td"}
RESULT: {"using":"css selector","value":"td"}
COMMAND: POST /session/060cacbffd4401a8364377c341db2bd1/element/f.137111DC309FACC23B5F67A3B3455007.d.0690310078EA462A43DDC4879C12BD98.e.5349/elements - {"using":"css selector","value":"td"}
RESULT: {"using":"css selector","value":"td"}
COMMAND: POST /session/060cacbffd4401a8364377c341db2bd1/element/f.137111DC309FACC23B5F67A3B3455007.d.0690310078EA462A43DDC4879C12BD98.e.5350/elements - {"using":"css selector","value":"td"}
RESULT: {"using":"css selector","value":"td"}
COMMAND: POST /session/060cacbffd4401a8364377c341db2bd1/element/f.137111DC309FACC23B5F67A3B3455007.d.0690310078EA462A43DDC4879C12BD98.e.5351/elements - {"using":"css selector","value":"td"}
RESULT: {"using":"css selector","value":"td"}
COMMAND: POST /session/060cacbffd4401a8364377c341db2bd1/element/f.137111DC309FACC23B5F67A3B3455007.d.0690310078EA462A43DDC4879C12BD98.e.5352/elements - {"using":"css selector","value":"td"}
RESULT: {"using":"css selector","value":"td"}
COMMAND: POST /session/060cacbffd4401a8364377c341db2bd1/element/f.137111DC309FACC23B5F67A3B3455007.d.0690310078EA462A43DDC4879C12BD98.e.5353/elements - {"using":"css selector","value":"td"}
RESULT: {"using":"css selector","value":"td"}
COMMAND: POST /session/060cacbffd4401a8364377c341db2bd1/element/f.137111DC309FACC23B5F67A3B3455007.d.0690310078EA462A43DDC4879C12BD98.e.5354/elements - {"using":"css selector","value":"td"}
RESULT: {"using":"css selector","value":"td"}
COMMAND: POST /session/060cacbffd4401a8364377c341db2bd1/element/f.137111DC309FACC23B5F67A3B3455007.d.0690310078EA462A43DDC4879C12BD98.e.5355/elements - {"using":"css selector","value":"td"}
RESULT: {"using":"css selector","value":"td"}
COMMAND: POST /session/060cacbffd4401a8364377c341db2bd1/element/f.137111DC309FACC23B5F67A3B3455007.d.0690310078EA462A43DDC4879C12BD98.e.5356/elements - {"using":"css selector","value":"td"}
RESULT: {"using":"css selector","value":"td"}
COMMAND: POST /session/060cacbffd4401a8364377c341db2bd1/element/f.137111DC309FACC23B5F67A3B3455007.d.0690310078EA462A43DDC4879C12BD98.e.5357/elements - {"using":"css selector","value":"td"}
RESULT: {"using":"css selector","value":"td"}
COMMAND: POST /session/060cacbffd4401a8364377c341db2bd1/element/f.137111DC309FACC23B5F67A3B3455007.d.0690310078EA462A43DDC4879C12BD98.e.5358/elements - {"using":"css selector","value":"td"}
RESULT: {"using":"css selector","value":"td"}
COMMAND: POST /session/060cacbffd4401a8364377c341db2bd1/element/f.137111DC309FACC23B5F67A3B3455007.d.0690310078EA462A43DDC4879C12BD98.e.5359/elements - {"using":"css selector","value":"td"}
RESULT: {"using":"css selector","value":"td"}
COMMAND: POST /session/060cacbffd4401a8364377c341db2bd1/element/f.137111DC309FACC23B5F67A3B3455007.d.0690310078EA462A43DDC4879C12BD98.e.5360/elements - {"using":"css selector","value":"td"}
RESULT: {"using":"css selector","value":"td"}
COMMAND: POST /session/060cacbffd4401a8364377c341db2bd1/element/f.137111DC309FACC23B5F67A3B3455007.d.0690310078EA462A43DDC4879C12BD98.e.5361/elements - {"using":"css selector","value":"td"}
RESULT: {"using":"css selector","value":"td"}
COMMAND: POST /session/060cacbffd4401a8364377c341db2bd1/element/f.137111DC309FACC23B5F67A3B3455007.d.0690310078EA462A43DDC4879C12BD98.e.5362/elements - {"using":"css selector","value":"td"}
RESULT: {"using":"css selector","value":"td"}
COMMAND: POST /session/060cacbffd4401a8364377c341db2bd1/element/f.137111DC309FACC23B5F67A3B3455007.d.0690310078EA462A43DDC4879C12BD98.e.5363/elements - {"using":"css selector","value":"td"}
RESULT: {"using":"css selector","value":"td"}
COMMAND: POST /session/060cacbffd4401a8364377c341db2bd1/element/f.137111DC309FACC23B5F67A3B3455007.d.0690310078EA462A43DDC4879C12BD98.e.5364/elements - {"using":"css selector","value":"td"}
RESULT: {"using":"css selector","value":"td"}
COMMAND: POST /session/060cacbffd4401a8364377c341db2bd1/element/f.137111DC309FACC23B5F67A3B3455007.d.0690310078EA462A43DDC4879C12BD98.e.5365/elements - {"using":"css selector","value":"td"}
RESULT: {"using":"css selector","value":"td"}
COMMAND: POST /session/060cacbffd4401a8364377c341db2bd1/element/f.137111DC309FACC23B5F67A3B3455007.d.0690310078EA462A43DDC4879C12BD98.e.5366/elements - {"using":"css selector","value":"td"}
RESULT: {"using":"css selector","value":"td"}
COMMAND: POST /session/060cacbffd4401a8364377c341db2bd1/element/f.137111DC309FACC23B5F67A3B3455007.d.0690310078EA462A43DDC4879C12BD98.e.5367/elements - {"using":"css selector","value":"td"}
RESULT: {"using":"css selector","value":"td"}
COMMAND: POST /session/060cacbffd4401a8364377c341db2bd1/element/f.137111DC309FACC23B5F67A3B3455007.d.0690310078EA462A43DDC4879C12BD98.e.5368/elements - {"using":"css selector","value":"td"}
RESULT: {"using":"css selector","value":"td"}
COMMAND: POST /session/060cacbffd4401a8364377c341db2bd1/element/f.137111DC309FACC23B5F67A3B3455007.d.0690310078EA462A43DDC4879C12BD98.e.5369/elements - {"using":"css selector","value":"td"}
RESULT: {"using":"css selector","value":"td"}
COMMAND: POST /session/060cacbffd4401a8364377c341db2bd1/element/f.137111DC309FACC23B5F67A3B3455007.d.0690310078EA462A43DDC4879C12BD98.e.5370/elements - {"using":"css selector","value":"td"}
RESULT: {"using":"css selector","value":"td"}
COMMAND: POST /session/060cacbffd4401a8364377c341db2bd1/element/f.137111DC309FACC23B5F67A3B3455007.d.0690310078EA462A43DDC4879C12BD98.e.5371/elements - {"using":"css selector","value":"td"}
RESULT: {"using":"css selector","value":"td"}
COMMAND: POST /session/060cacbffd4401a8364377c341db2bd1/element/f.137111DC309FACC23B5F67A3B3455007.d.0690310078EA462A43DDC4879C12BD98.e.5372/elements - {"using":"css selector","value":"td"}
RESULT: {"using":"css selector","value":"td"}
COMMAND: POST /session/060cacbffd4401a8364377c341db2bd1/element/f.137111DC309FACC23B5F67A3B3455007.d.0690310078EA462A43DDC4879C12BD98.e.5373/elements - {"using":"css selector","value":"td"}
RESULT: {"using":"css selector","value":"td"}
COMMAND: POST /session/060cacbffd4401a8364377c341db2bd1/element/f.137111DC309FACC23B5F67A3B3455007.d.0690310078EA462A43DDC4879C12BD98.e.5374/elements - {"using":"css selector","value":"td"}
RESULT: {"using":"css selector","value":"td"}
COMMAND: POST /session/060cacbffd4401a8364377c341db2bd1/element/f.137111DC309FACC23B5F67A3B3455007.d.0690310078EA462A43DDC4879C12BD98.e.5375/elements - {"using":"css selector","value":"td"}
RESULT: {"using":"css selector","value":"td"}
COMMAND: POST /session/060cacbffd4401a8364377c341db2bd1/element/f.137111DC309FACC23B5F67A3B3455007.d.0690310078EA462A43DDC4879C12BD98.e.5376/elements - {"using":"css selector","value":"td"}
RESULT: {"using":"css selector","value":"td"}
COMMAND: POST /session/060cacbffd4401a8364377c341db2bd1/element/f.137111DC309FACC23B5F67A3B3455007.d.0690310078EA462A43DDC4879C12BD98.e.5377/elements - {"using":"css selector","value":"td"}
RESULT: {"using":"css selector","value":"td"}
COMMAND: POST /session/060cacbffd4401a8364377c341db2bd1/element/f.137111DC309FACC23B5F67A3B3455007.d.0690310078EA462A43DDC4879C12BD98.e.5378/elements - {"using":"css selector","value":"td"}
RESULT: {"using":"css selector","value":"td"}
COMMAND: POST /session/060cacbffd4401a8364377c341db2bd1/element/f.137111DC309FACC23B5F67A3B3455007.d.0690310078EA462A43DDC4879C12BD98.e.5379/elements - {"using":"css selector","value":"td"}
RESULT: {"using":"css selector","value":"td"}
COMMAND: POST /session/060cacbffd4401a8364377c341db2bd1/element/f.137111DC309FACC23B5F67A3B3455007.d.0690310078EA462A43DDC4879C12BD98.e.5380/elements - {"using":"css selector","value":"td"}
RESULT: {"using":"css selector","value":"td"}
COMMAND: POST /session/060cacbffd4401a8364377c341db2bd1/element/f.137111DC309FACC23B5F67A3B3455007.d.0690310078EA462A43DDC4879C12BD98.e.5381/elements - {"using":"css selector","value":"td"}
RESULT: {"using":"css selector","value":"td"}
COMMAND: POST /session/060cacbffd4401a8364377c341db2bd1/element/f.137111DC309FACC23B5F67A3B3455007.d.0690310078EA462A43DDC4879C12BD98.e.5382/elements - {"using":"css selector","value":"td"}
RESULT: {"using":"css selector","value":"td"}
COMMAND: POST /session/060cacbffd4401a8364377c341db2bd1/element/f.137111DC309FACC23B5F67A3B3455007.d.0690310078EA462A43DDC4879C12BD98.e.5383/elements - {"using":"css selector","value":"td"}
RESULT: {"using":"css selector","value":"td"}
COMMAND: POST /session/060cacbffd4401a8364377c341db2bd1/element/f.137111DC309FACC23B5F67A3B3455007.d.0690310078EA462A43DDC4879C12BD98.e.5384/elements - {"using":"css selector","value":"td"}
RESULT: {"using":"css selector","value":"td"}
COMMAND: POST /session/060cacbffd4401a8364377c341db2bd1/element/f.137111DC309FACC23B5F67A3B3455007.d.0690310078EA462A43DDC4879C12BD98.e.5385/elements - {"using":"css selector","value":"td"}
RESULT: {"using":"css selector","value":"td"}
COMMAND: POST /session/060cacbffd4401a8364377c341db2bd1/element/f.137111DC309FACC23B5F67A3B3455007.d.0690310078EA462A43DDC4879C12BD98.e.5386/elements - {"using":"css selector","value":"td"}
RESULT: {"using":"css selector","value":"td"}
COMMAND: POST /session/060cacbffd4401a8364377c341db2bd1/element/f.137111DC309FACC23B5F67A3B3455007.d.0690310078EA462A43DDC4879C12BD98.e.5387/elements - {"using":"css selector","value":"td"}
RESULT: {"using":"css selector","value":"td"}
COMMAND: POST /session/060cacbffd4401a8364377c341db2bd1/element/f.137111DC309FACC23B5F67A3B3455007.d.0690310078EA462A43DDC4879C12BD98.e.5388/elements - {"using":"css selector","value":"td"}
RESULT: {"using":"css selector","value":"td"}
COMMAND: POST /session/060cacbffd4401a8364377c341db2bd1/element/f.137111DC309FACC23B5F67A3B3455007.d.0690310078EA462A43DDC4879C12BD98.e.5389/elements - {"using":"css selector","value":"td"}
RESULT: {"using":"css selector","value":"td"}
COMMAND: POST /session/060cacbffd4401a8364377c341db2bd1/element/f.137111DC309FACC23B5F67A3B3455007.d.0690310078EA462A43DDC4879C12BD98.e.5390/elements - {"using":"css selector","value":"td"}
RESULT: {"using":"css selector","value":"td"}
COMMAND: POST /session/060cacbffd4401a8364377c341db2bd1/element/f.137111DC309FACC23B5F67A3B3455007.d.0690310078EA462A43DDC4879C12BD98.e.5391/elements - {"using":"css selector","value":"td"}
RESULT: {"using":"css selector","value":"td"}
COMMAND: POST /session/060cacbffd4401a8364377c341db2bd1/element/f.137111DC309FACC23B5F67A3B3455007.d.0690310078EA462A43DDC4879C12BD98.e.5392/elements - {"using":"css selector","value":"td"}
RESULT: {"using":"css selector","value":"td"}
COMMAND: POST /session/060cacbffd4401a8364377c341db2bd1/element/f.137111DC309FACC23B5F67A3B3455007.d.0690310078EA462A43DDC4879C12BD98.e.5393/elements - {"using":"css selector","value":"td"}
RESULT: {"using":"css selector","value":"td"}
COMMAND: POST /session/060cacbffd4401a8364377c341db2bd1/element/f.137111DC309FACC23B5F67A3B3455007.d.0690310078EA462A43DDC4879C12BD98.e.5394/elements - {"using":"css selector","value":"td"}
RESULT: {"using":"css selector","value":"td"}
COMMAND: POST /session/060cacbffd4401a8364377c341db2bd1/element/f.137111DC309FACC23B5F67A3B3455007.d.0690310078EA462A43DDC4879C12BD98.e.5395/elements - {"using":"css selector","value":"td"}
RESULT: {"using":"css selector","value":"td"}
COMMAND: POST /session/060cacbffd4401a8364377c341db2bd1/element/f.137111DC309FACC23B5F67A3B3455007.d.0690310078EA462A43DDC4879C12BD98.e.5396/elements - {"using":"css selector","value":"td"}
RESULT: {"using":"css selector","value":"td"}
COMMAND: POST /session/060cacbffd4401a8364377c341db2bd1/element/f.137111DC309FACC23B5F67A3B3455007.d.0690310078EA462A43DDC4879C12BD98.e.5397/elements - {"using":"css selector","value":"td"}
RESULT: {"using":"css selector","value":"td"}
COMMAND: POST /session/060cacbffd4401a8364377c341db2bd1/element/f.137111DC309FACC23B5F67A3B3455007.d.0690310078EA462A43DDC4879C12BD98.e.5398/elements - {"using":"css selector","value":"td"}
RESULT: {"using":"css selector","value":"td"}
COMMAND: POST /session/060cacbffd4401a8364377c341db2bd1/element/f.137111DC309FACC23B5F67A3B3455007.d.0690310078EA462A43DDC4879C12BD98.e.5399/elements - {"using":"css selector","value":"td"}
RESULT: {"using":"css selector","value":"td"}
COMMAND: POST /session/060cacbffd4401a8364377c341db2bd1/element/f.137111DC309FACC23B5F67A3B3455007.d.0690310078EA462A43DDC4879C12BD98.e.5400/elements - {"using":"css selector","value":"td"}
RESULT: {"using":"css selector","value":"td"}
COMMAND: POST /session/060cacbffd4401a8364377c341db2bd1/element/f.137111DC309FACC23B5F67A3B3455007.d.0690310078EA462A43DDC4879C12BD98.e.5401/elements - {"using":"css selector","value":"td"}
RESULT: {"using":"css selector","value":"td"}
COMMAND: POST /session/060cacbffd4401a8364377c341db2bd1/element/f.137111DC309FACC23B5F67A3B3455007.d.0690310078EA462A43DDC4879C12BD98.e.5402/elements - {"using":"css selector","value":"td"}
RESULT: {"using":"css selector","value":"td"}
COMMAND: POST /session/060cacbffd4401a8364377c341db2bd1/element/f.137111DC309FACC23B5F67A3B3455007.d.0690310078EA462A43DDC4879C12BD98.e.5403/elements - {"using":"css selector","value":"td"}
RESULT: {"using":"css selector","value":"td"}
COMMAND: POST /session/060cacbffd4401a8364377c341db2bd1/element/f.137111DC309FACC23B5F67A3B3455007.d.0690310078EA462A43DDC4879C12BD98.e.5404/elements - {"using":"css selector","value":"td"}
RESULT: {"using":"css selector","value":"td"}
COMMAND: POST /session/060cacbffd4401a8364377c341db2bd1/element/f.137111DC309FACC23B5F67A3B3455007.d.0690310078EA462A43DDC4879C12BD98.e.5405/elements - {"using":"css selector","value":"td"}
RESULT: {"using":"css selector","value":"td"}
COMMAND: POST /session/060cacbffd4401a8364377c341db2bd1/element/f.137111DC309FACC23B5F67A3B3455007.d.0690310078EA462A43DDC4879C12BD98.e.5406/elements - {"using":"css selector","value":"td"}
RESULT: {"using":"css selector","value":"td"}
COMMAND: POST /session/060cacbffd4401a8364377c341db2bd1/element/f.137111DC309FACC23B5F67A3B3455007.d.0690310078EA462A43DDC4879C12BD98.e.5407/elements - {"using":"css selector","value":"td"}
RESULT: {"using":"css selector","value":"td"}
COMMAND: POST /session/060cacbffd4401a8364377c341db2bd1/element/f.137111DC309FACC23B5F67A3B3455007.d.0690310078EA462A43DDC4879C12BD98.e.5408/elements - {"using":"css selector","value":"td"}
RESULT: {"using":"css selector","value":"td"}
COMMAND: POST /session/060cacbffd4401a8364377c341db2bd1/element/f.137111DC309FACC23B5F67A3B3455007.d.0690310078EA462A43DDC4879C12BD98.e.5409/elements - {"using":"css selector","value":"td"}
RESULT: {"using":"css selector","value":"td"}
COMMAND: POST /session/060cacbffd4401a8364377c341db2bd1/element/f.137111DC309FACC23B5F67A3B3455007.d.0690310078EA462A43DDC4879C12BD98.e.5410/elements - {"using":"css selector","value":"td"}
RESULT: {"using":"css selector","value":"td"}
COMMAND: POST /session/060cacbffd4401a8364377c341db2bd1/element/f.137111DC309FACC23B5F67A3B3455007.d.0690310078EA462A43DDC4879C12BD98.e.5411/elements - {"using":"css selector","value":"td"}
RESULT: {"using":"css selector","value":"td"}
COMMAND: POST /session/060cacbffd4401a8364377c341db2bd1/element/f.137111DC309FACC23B5F67A3B3455007.d.0690310078EA462A43DDC4879C12BD98.e.5412/elements - {"using":"css selector","value":"td"}
RESULT: {"using":"css selector","value":"td"}
COMMAND: POST /session/060cacbffd4401a8364377c341db2bd1/element/f.137111DC309FACC23B5F67A3B3455007.d.0690310078EA462A43DDC4879C12BD98.e.5413/elements - {"using":"css selector","value":"td"}
RESULT: {"using":"css selector","value":"td"}
COMMAND: POST /session/060cacbffd4401a8364377c341db2bd1/element/f.137111DC309FACC23B5F67A3B3455007.d.0690310078EA462A43DDC4879C12BD98.e.5414/elements - {"using":"css selector","value":"td"}
RESULT: {"using":"css selector","value":"td"}
COMMAND: POST /session/060cacbffd4401a8364377c341db2bd1/element/f.137111DC309FACC23B5F67A3B3455007.d.0690310078EA462A43DDC4879C12BD98.e.5415/elements - {"using":"css selector","value":"td"}
RESULT: {"using":"css selector","value":"td"}
COMMAND: POST /session/060cacbffd4401a8364377c341db2bd1/element/f.137111DC309FACC23B5F67A3B3455007.d.0690310078EA462A43DDC4879C12BD98.e.5416/elements - {"using":"css selector","value":"td"}
RESULT: {"using":"css selector","value":"td"}
COMMAND: POST /session/060cacbffd4401a8364377c341db2bd1/element/f.137111DC309FACC23B5F67A3B3455007.d.0690310078EA462A43DDC4879C12BD98.e.5417/elements - {"using":"css selector","value":"td"}
RESULT: {"using":"css selector","value":"td"}
COMMAND: POST /session/060cacbffd4401a8364377c341db2bd1/element/f.137111DC309FACC23B5F67A3B3455007.d.0690310078EA462A43DDC4879C12BD98.e.5418/elements - {"using":"css selector","value":"td"}
RESULT: {"using":"css selector","value":"td"}
COMMAND: POST /session/060cacbffd4401a8364377c341db2bd1/element/f.137111DC309FACC23B5F67A3B3455007.d.0690310078EA462A43DDC4879C12BD98.e.5419/elements - {"using":"css selector","value":"td"}
RESULT: {"using":"css selector","value":"td"}
COMMAND: POST /session/060cacbffd4401a8364377c341db2bd1/element/f.137111DC309FACC23B5F67A3B3455007.d.0690310078EA462A43DDC4879C12BD98.e.5420/elements - {"using":"css selector","value":"td"}
RESULT: {"using":"css selector","value":"td"}
COMMAND: POST /session/060cacbffd4401a8364377c341db2bd1/element/f.137111DC309FACC23B5F67A3B3455007.d.0690310078EA462A43DDC4879C12BD98.e.5421/elements - {"using":"css selector","value":"td"}
RESULT: {"using":"css selector","value":"td"}
COMMAND: POST /session/060cacbffd4401a8364377c341db2bd1/element/f.137111DC309FACC23B5F67A3B3455007.d.0690310078EA462A43DDC4879C12BD98.e.5422/elements - {"using":"css selector","value":"td"}
RESULT: {"using":"css selector","value":"td"}
COMMAND: POST /session/060cacbffd4401a8364377c341db2bd1/element/f.137111DC309FACC23B5F67A3B3455007.d.0690310078EA462A43DDC4879C12BD98.e.5423/elements - {"using":"css selector","value":"td"}
RESULT: {"using":"css selector","value":"td"}
COMMAND: POST /session/060cacbffd4401a8364377c341db2bd1/element/f.137111DC309FACC23B5F67A3B3455007.d.0690310078EA462A43DDC4879C12BD98.e.5424/elements - {"using":"css selector","value":"td"}
RESULT: {"using":"css selector","value":"td"}
COMMAND: POST /session/060cacbffd4401a8364377c341db2bd1/element/f.137111DC309FACC23B5F67A3B3455007.d.0690310078EA462A43DDC4879C12BD98.e.5425/elements - {"using":"css selector","value":"td"}
RESULT: {"using":"css selector","value":"td"}
COMMAND: POST /session/060cacbffd4401a8364377c341db2bd1/element/f.137111DC309FACC23B5F67A3B3455007.d.0690310078EA462A43DDC4879C12BD98.e.5426/elements - {"using":"css selector","value":"td"}
RESULT: {"using":"css selector","value":"td"}
COMMAND: POST /session/060cacbffd4401a8364377c341db2bd1/element/f.137111DC309FACC23B5F67A3B3455007.d.0690310078EA462A43DDC4879C12BD98.e.5427/elements - {"using":"css selector","value":"td"}
RESULT: {"using":"css selector","value":"td"}
COMMAND: POST /session/060cacbffd4401a8364377c341db2bd1/element/f.137111DC309FACC23B5F67A3B3455007.d.0690310078EA462A43DDC4879C12BD98.e.5428/elements - {"using":"css selector","value":"td"}
RESULT: {"using":"css selector","value":"td"}
COMMAND: POST /session/060cacbffd4401a8364377c341db2bd1/element/f.137111DC309FACC23B5F67A3B3455007.d.0690310078EA462A43DDC4879C12BD98.e.5429/elements - {"using":"css selector","value":"td"}
RESULT: {"using":"css selector","value":"td"}
COMMAND: POST /session/060cacbffd4401a8364377c341db2bd1/element/f.137111DC309FACC23B5F67A3B3455007.d.0690310078EA462A43DDC4879C12BD98.e.5430/elements - {"using":"css selector","value":"td"}
RESULT: {"using":"css selector","value":"td"}
COMMAND: POST /session/060cacbffd4401a8364377c341db2bd1/element/f.137111DC309FACC23B5F67A3B3455007.d.0690310078EA462A43DDC4879C12BD98.e.5431/elements - {"using":"css selector","value":"td"}
RESULT: {"using":"css selector","value":"td"}
COMMAND: POST /session/060cacbffd4401a8364377c341db2bd1/element/f.137111DC309FACC23B5F67A3B3455007.d.0690310078EA462A43DDC4879C12BD98.e.5432/elements - {"using":"css selector","value":"td"}
RESULT: {"using":"css selector","value":"td"}
COMMAND: POST /session/060cacbffd4401a8364377c341db2bd1/element/f.137111DC309FACC23B5F67A3B3455007.d.0690310078EA462A43DDC4879C12BD98.e.5433/elements - {"using":"css selector","value":"td"}
RESULT: {"using":"css selector","value":"td"}
COMMAND: POST /session/060cacbffd4401a8364377c341db2bd1/element/f.137111DC309FACC23B5F67A3B3455007.d.0690310078EA462A43DDC4879C12BD98.e.5434/elements - {"using":"css selector","value":"td"}
RESULT: {"using":"css selector","value":"td"}
COMMAND: POST /session/060cacbffd4401a8364377c341db2bd1/element/f.137111DC309FACC23B5F67A3B3455007.d.0690310078EA462A43DDC4879C12BD98.e.5435/elements - {"using":"css selector","value":"td"}
RESULT: {"using":"css selector","value":"td"}
COMMAND: POST /session/060cacbffd4401a8364377c341db2bd1/element/f.137111DC309FACC23B5F67A3B3455007.d.0690310078EA462A43DDC4879C12BD98.e.5436/elements - {"using":"css selector","value":"td"}
RESULT: {"using":"css selector","value":"td"}
COMMAND: POST /session/060cacbffd4401a8364377c341db2bd1/element/f.137111DC309FACC23B5F67A3B3455007.d.0690310078EA462A43DDC4879C12BD98.e.5437/elements - {"using":"css selector","value":"td"}
RESULT: {"using":"css selector","value":"td"}
COMMAND: POST /session/060cacbffd4401a8364377c341db2bd1/element/f.137111DC309FACC23B5F67A3B3455007.d.0690310078EA462A43DDC4879C12BD98.e.5438/elements - {"using":"css selector","value":"td"}
RESULT: {"using":"css selector","value":"td"}
COMMAND: POST /session/060cacbffd4401a8364377c341db2bd1/element/f.137111DC309FACC23B5F67A3B3455007.d.0690310078EA462A43DDC4879C12BD98.e.5439/elements - {"using":"css selector","value":"td"}
RESULT: {"using":"css selector","value":"td"}
COMMAND: POST /session/060cacbffd4401a8364377c341db2bd1/element/f.137111DC309FACC23B5F67A3B3455007.d.0690310078EA462A43DDC4879C12BD98.e.5440/elements - {"using":"css selector","value":"td"}
RESULT: {"using":"css selector","value":"td"}
COMMAND: POST /session/060cacbffd4401a8364377c341db2bd1/element/f.137111DC309FACC23B5F67A3B3455007.d.0690310078EA462A43DDC4879C12BD98.e.5441/elements - {"using":"css selector","value":"td"}
RESULT: {"using":"css selector","value":"td"}
COMMAND: POST /session/060cacbffd4401a8364377c341db2bd1/element/f.137111DC309FACC23B5F67A3B3455007.d.0690310078EA462A43DDC4879C12BD98.e.5442/elements - {"using":"css selector","value":"td"}
RESULT: {"using":"css selector","value":"td"}
COMMAND: POST /session/060cacbffd4401a8364377c341db2bd1/element/f.137111DC309FACC23B5F67A3B3455007.d.0690310078EA462A43DDC4879C12BD98.e.5443/elements - {"using":"css selector","value":"td"}
RESULT: {"using":"css selector","value":"td"}
COMMAND: POST /session/060cacbffd4401a8364377c341db2bd1/element/f.137111DC309FACC23B5F67A3B3455007.d.0690310078EA462A43DDC4879C12BD98.e.5444/elements - {"using":"css selector","value":"td"}
RESULT: {"using":"css selector","value":"td"}
COMMAND: POST /session/060cacbffd4401a8364377c341db2bd1/element/f.137111DC309FACC23B5F67A3B3455007.d.0690310078EA462A43DDC4879C12BD98.e.5445/elements - {"using":"css selector","value":"td"}
RESULT: {"using":"css selector","value":"td"}
COMMAND: POST /session/060cacbffd4401a8364377c341db2bd1/element/f.137111DC309FACC23B5F67A3B3455007.d.0690310078EA462A43DDC4879C12BD98.e.5446/elements - {"using":"css selector","value":"td"}
RESULT: {"using":"css selector","value":"td"}
COMMAND: POST /session/060cacbffd4401a8364377c341db2bd1/element/f.137111DC309FACC23B5F67A3B3455007.d.0690310078EA462A43DDC4879C12BD98.e.5447/elements - {"using":"css selector","value":"td"}
RESULT: {"using":"css selector","value":"td"}
COMMAND: POST /session/060cacbffd4401a8364377c341db2bd1/element/f.137111DC309FACC23B5F67A3B3455007.d.0690310078EA462A43DDC4879C12BD98.e.5448/elements - {"using":"css selector","value":"td"}
RESULT: {"using":"css selector","value":"td"}
COMMAND: POST /session/060cacbffd4401a8364377c341db2bd1/element/f.137111DC309FACC23B5F67A3B3455007.d.0690310078EA462A43DDC4879C12BD98.e.5449/elements - {"using":"css selector","value":"td"}
RESULT: {"using":"css selector","value":"td"}
COMMAND: POST /session/060cacbffd4401a8364377c341db2bd1/element/f.137111DC309FACC23B5F67A3B3455007.d.0690310078EA462A43DDC4879C12BD98.e.5450/elements - {"using":"css selector","value":"td"}
RESULT: {"using":"css selector","value":"td"}
COMMAND: POST /session/060cacbffd4401a8364377c341db2bd1/element/f.137111DC309FACC23B5F67A3B3455007.d.0690310078EA462A43DDC4879C12BD98.e.5451/elements - {"using":"css selector","value":"td"}
RESULT: {"using":"css selector","value":"td"}
COMMAND: POST /session/060cacbffd4401a8364377c341db2bd1/element/f.137111DC309FACC23B5F67A3B3455007.d.0690310078EA462A43DDC4879C12BD98.e.5452/elements - {"using":"css selector","value":"td"}
RESULT: {"using":"css selector","value":"td"}
COMMAND: POST /session/060cacbffd4401a8364377c341db2bd1/element/f.137111DC309FACC23B5F67A3B3455007.d.0690310078EA462A43DDC4879C12BD98.e.5453/elements - {"using":"css selector","value":"td"}
RESULT: {"using":"css selector","value":"td"}
COMMAND: POST /session/060cacbffd4401a8364377c341db2bd1/element/f.137111DC309FACC23B5F67A3B3455007.d.0690310078EA462A43DDC4879C12BD98.e.5454/elements - {"using":"css selector","value":"td"}
RESULT: {"using":"css selector","value":"td"}
COMMAND: POST /session/060cacbffd4401a8364377c341db2bd1/element/f.137111DC309FACC23B5F67A3B3455007.d.0690310078EA462A43DDC4879C12BD98.e.5455/elements - {"using":"css selector","value":"td"}
RESULT: {"using":"css selector","value":"td"}
COMMAND: POST /session/060cacbffd4401a8364377c341db2bd1/element/f.137111DC309FACC23B5F67A3B3455007.d.0690310078EA462A43DDC4879C12BD98.e.5456/elements - {"using":"css selector","value":"td"}
RESULT: {"using":"css selector","value":"td"}
COMMAND: POST /session/060cacbffd4401a8364377c341db2bd1/element/f.137111DC309FACC23B5F67A3B3455007.d.0690310078EA462A43DDC4879C12BD98.e.5457/elements - {"using":"css selector","value":"td"}
RESULT: {"using":"css selector","value":"td"}
COMMAND: POST /session/060cacbffd4401a8364377c341db2bd1/element/f.137111DC309FACC23B5F67A3B3455007.d.0690310078EA462A43DDC4879C12BD98.e.5458/elements - {"using":"css selector","value":"td"}
RESULT: {"using":"css selector","value":"td"}
COMMAND: POST /session/060cacbffd4401a8364377c341db2bd1/element/f.137111DC309FACC23B5F67A3B3455007.d.0690310078EA462A43DDC4879C12BD98.e.5459/elements - {"using":"css selector","value":"td"}
RESULT: {"using":"css selector","value":"td"}
COMMAND: POST /session/060cacbffd4401a8364377c341db2bd1/element/f.137111DC309FACC23B5F67A3B3455007.d.0690310078EA462A43DDC4879C12BD98.e.5460/elements - {"using":"css selector","value":"td"}
RESULT: {"using":"css selector","value":"td"}
COMMAND: POST /session/060cacbffd4401a8364377c341db2bd1/element/f.137111DC309FACC23B5F67A3B3455007.d.0690310078EA462A43DDC4879C12BD98.e.5461/elements - {"using":"css selector","value":"td"}
RESULT: {"using":"css selector","value":"td"}
COMMAND: POST /session/060cacbffd4401a8364377c341db2bd1/element/f.137111DC309FACC23B5F67A3B3455007.d.0690310078EA462A43DDC4879C12BD98.e.5462/elements - {"using":"css selector","value":"td"}
RESULT: {"using":"css selector","value":"td"}
COMMAND: POST /session/060cacbffd4401a8364377c341db2bd1/element/f.137111DC309FACC23B5F67A3B3455007.d.0690310078EA462A43DDC4879C12BD98.e.5463/elements - {"using":"css selector","value":"td"}
RESULT: {"using":"css selector","value":"td"}
COMMAND: POST /session/060cacbffd4401a8364377c341db2bd1/element/f.137111DC309FACC23B5F67A3B3455007.d.0690310078EA462A43DDC4879C12BD98.e.5464/elements - {"using":"css selector","value":"td"}
RESULT: {"using":"css selector","value":"td"}
COMMAND: POST /session/060cacbffd4401a8364377c341db2bd1/element/f.137111DC309FACC23B5F67A3B3455007.d.0690310078EA462A43DDC4879C12BD98.e.5465/elements - {"using":"css selector","value":"td"}
RESULT: {"using":"css selector","value":"td"}
COMMAND: POST /session/060cacbffd4401a8364377c341db2bd1/element/f.137111DC309FACC23B5F67A3B3455007.d.0690310078EA462A43DDC4879C12BD98.e.5466/elements - {"using":"css selector","value":"td"}
RESULT: {"using":"css selector","value":"td"}
COMMAND: POST /session/060cacbffd4401a8364377c341db2bd1/element/f.137111DC309FACC23B5F67A3B3455007.d.0690310078EA462A43DDC4879C12BD98.e.5467/elements - {"using":"css selector","value":"td"}
RESULT: {"using":"css selector","value":"td"}
COMMAND: POST /session/060cacbffd4401a8364377c341db2bd1/element/f.137111DC309FACC23B5F67A3B3455007.d.0690310078EA462A43DDC4879C12BD98.e.5468/elements - {"using":"css selector","value":"td"}
RESULT: {"using":"css selector","value":"td"}
COMMAND: POST /session/060cacbffd4401a8364377c341db2bd1/element/f.137111DC309FACC23B5F67A3B3455007.d.0690310078EA462A43DDC4879C12BD98.e.5469/elements - {"using":"css selector","value":"td"}
RESULT: {"using":"css selector","value":"td"}
COMMAND: POST /session/060cacbffd4401a8364377c341db2bd1/element/f.137111DC309FACC23B5F67A3B3455007.d.0690310078EA462A43DDC4879C12BD98.e.5470/elements - {"using":"css selector","value":"td"}
RESULT: {"using":"css selector","value":"td"}
COMMAND: POST /session/060cacbffd4401a8364377c341db2bd1/element/f.137111DC309FACC23B5F67A3B3455007.d.0690310078EA462A43DDC4879C12BD98.e.5471/elements - {"using":"css selector","value":"td"}
RESULT: {"using":"css selector","value":"td"}
COMMAND: POST /session/060cacbffd4401a8364377c341db2bd1/element/f.137111DC309FACC23B5F67A3B3455007.d.0690310078EA462A43DDC4879C12BD98.e.5472/elements - {"using":"css selector","value":"td"}
RESULT: {"using":"css selector","value":"td"}
COMMAND: POST /session/060cacbffd4401a8364377c341db2bd1/element/f.137111DC309FACC23B5F67A3B3455007.d.0690310078EA462A43DDC4879C12BD98.e.5473/elements - {"using":"css selector","value":"td"}
RESULT: {"using":"css selector","value":"td"}
COMMAND: POST /session/060cacbffd4401a8364377c341db2bd1/element/f.137111DC309FACC23B5F67A3B3455007.d.0690310078EA462A43DDC4879C12BD98.e.5474/elements - {"using":"css selector","value":"td"}
RESULT: {"using":"css selector","value":"td"}
COMMAND: POST /session/060cacbffd4401a8364377c341db2bd1/element/f.137111DC309FACC23B5F67A3B3455007.d.0690310078EA462A43DDC4879C12BD98.e.5475/elements - {"using":"css selector","value":"td"}
RESULT: {"using":"css selector","value":"td"}
COMMAND: POST /session/060cacbffd4401a8364377c341db2bd1/element/f.137111DC309FACC23B5F67A3B3455007.d.0690310078EA462A43DDC4879C12BD98.e.5476/elements - {"using":"css selector","value":"td"}
RESULT: {"using":"css selector","value":"td"}
COMMAND: POST /session/060cacbffd4401a8364377c341db2bd1/element/f.137111DC309FACC23B5F67A3B3455007.d.0690310078EA462A43DDC4879C12BD98.e.5477/elements - {"using":"css selector","value":"td"}
RESULT: {"using":"css selector","value":"td"}
COMMAND: POST /session/060cacbffd4401a8364377c341db2bd1/element/f.137111DC309FACC23B5F67A3B3455007.d.0690310078EA462A43DDC4879C12BD98.e.5478/elements - {"using":"css selector","value":"td"}
RESULT: {"using":"css selector","value":"td"}
COMMAND: POST /session/060cacbffd4401a8364377c341db2bd1/element/f.137111DC309FACC23B5F67A3B3455007.d.0690310078EA462A43DDC4879C12BD98.e.5479/elements - {"using":"css selector","value":"td"}
RESULT: {"using":"css selector","value":"td"}
COMMAND: POST /session/060cacbffd4401a8364377c341db2bd1/element/f.137111DC309FACC23B5F67A3B3455007.d.0690310078EA462A43DDC4879C12BD98.e.5480/elements - {"using":"css selector","value":"td"}
RESULT: {"using":"css selector","value":"td"}
COMMAND: POST /session/060cacbffd4401a8364377c341db2bd1/element/f.137111DC309FACC23B5F67A3B3455007.d.0690310078EA462A43DDC4879C12BD98.e.5481/elements - {"using":"css selector","value":"td"}
RESULT: {"using":"css selector","value":"td"}
COMMAND: POST /session/060cacbffd4401a8364377c341db2bd1/element/f.137111DC309FACC23B5F67A3B3455007.d.0690310078EA462A43DDC4879C12BD98.e.5482/elements - {"using":"css selector","value":"td"}
RESULT: {"using":"css selector","value":"td"}
COMMAND: POST /session/060cacbffd4401a8364377c341db2bd1/element/f.137111DC309FACC23B5F67A3B3455007.d.0690310078EA462A43DDC4879C12BD98.e.5483/elements - {"using":"css selector","value":"td"}
RESULT: {"using":"css selector","value":"td"}
COMMAND: POST /session/060cacbffd4401a8364377c341db2bd1/element/f.137111DC309FACC23B5F67A3B3455007.d.0690310078EA462A43DDC4879C12BD98.e.5484/elements - {"using":"css selector","value":"td"}
RESULT: {"using":"css selector","value":"td"}
COMMAND: POST /session/060cacbffd4401a8364377c341db2bd1/element/f.137111DC309FACC23B5F67A3B3455007.d.0690310078EA462A43DDC4879C12BD98.e.5485/elements - {"using":"css selector","value":"td"}
RESULT: {"using":"css selector","value":"td"}
COMMAND: POST /session/060cacbffd4401a8364377c341db2bd1/element/f.137111DC309FACC23B5F67A3B3455007.d.0690310078EA462A43DDC4879C12BD98.e.5486/elements - {"using":"css selector","value":"td"}
RESULT: {"using":"css selector","value":"td"}
COMMAND: POST /session/060cacbffd4401a8364377c341db2bd1/element/f.137111DC309FACC23B5F67A3B3455007.d.0690310078EA462A43DDC4879C12BD98.e.5487/elements - {"using":"css selector","value":"td"}
RESULT: {"using":"css selector","value":"td"}
COMMAND: POST /session/060cacbffd4401a8364377c341db2bd1/element/f.137111DC309FACC23B5F67A3B3455007.d.0690310078EA462A43DDC4879C12BD98.e.5488/elements - {"using":"css selector","value":"td"}
RESULT: {"using":"css selector","value":"td"}
COMMAND: POST /session/060cacbffd4401a8364377c341db2bd1/element/f.137111DC309FACC23B5F67A3B3455007.d.0690310078EA462A43DDC4879C12BD98.e.5489/elements - {"using":"css selector","value":"td"}
RESULT: {"using":"css selector","value":"td"}
COMMAND: POST /session/060cacbffd4401a8364377c341db2bd1/element/f.137111DC309FACC23B5F67A3B3455007.d.0690310078EA462A43DDC4879C12BD98.e.5490/elements - {"using":"css selector","value":"td"}
RESULT: {"using":"css selector","value":"td"}
COMMAND: POST /session/060cacbffd4401a8364377c341db2bd1/element/f.137111DC309FACC23B5F67A3B3455007.d.0690310078EA462A43DDC4879C12BD98.e.5491/elements - {"using":"css selector","value":"td"}
RESULT: {"using":"css selector","value":"td"}
COMMAND: POST /session/060cacbffd4401a8364377c341db2bd1/element/f.137111DC309FACC23B5F67A3B3455007.d.0690310078EA462A43DDC4879C12BD98.e.5492/elements - {"using":"css selector","value":"td"}
RESULT: {"using":"css selector","value":"td"}
COMMAND: POST /session/060cacbffd4401a8364377c341db2bd1/element/f.137111DC309FACC23B5F67A3B3455007.d.0690310078EA462A43DDC4879C12BD98.e.5493/elements - {"using":"css selector","value":"td"}
RESULT: {"using":"css selector","value":"td"}
COMMAND: POST /session/060cacbffd4401a8364377c341db2bd1/element/f.137111DC309FACC23B5F67A3B3455007.d.0690310078EA462A43DDC4879C12BD98.e.5494/elements - {"using":"css selector","value":"td"}
RESULT: {"using":"css selector","value":"td"}
COMMAND: POST /session/060cacbffd4401a8364377c341db2bd1/element/f.137111DC309FACC23B5F67A3B3455007.d.0690310078EA462A43DDC4879C12BD98.e.5495/elements - {"using":"css selector","value":"td"}
RESULT: {"using":"css selector","value":"td"}
COMMAND: POST /session/060cacbffd4401a8364377c341db2bd1/element/f.137111DC309FACC23B5F67A3B3455007.d.0690310078EA462A43DDC4879C12BD98.e.5496/elements - {"using":"css selector","value":"td"}
RESULT: {"using":"css selector","value":"td"}
COMMAND: POST /session/060cacbffd4401a8364377c341db2bd1/element/f.137111DC309FACC23B5F67A3B3455007.d.0690310078EA462A43DDC4879C12BD98.e.5497/elements - {"using":"css selector","value":"td"}
RESULT: {"using":"css selector","value":"td"}
COMMAND: POST /session/060cacbffd4401a8364377c341db2bd1/element/f.137111DC309FACC23B5F67A3B3455007.d.0690310078EA462A43DDC4879C12BD98.e.5498/elements - {"using":"css selector","value":"td"}
RESULT: {"using":"css selector","value":"td"}
COMMAND: POST /session/060cacbffd4401a8364377c341db2bd1/element/f.137111DC309FACC23B5F67A3B3455007.d.0690310078EA462A43DDC4879C12BD98.e.5499/elements - {"using":"css selector","value":"td"}
RESULT: {"using":"css selector","value":"td"}
COMMAND: POST /session/060cacbffd4401a8364377c341db2bd1/element/f.137111DC309FACC23B5F67A3B3455007.d.0690310078EA462A43DDC4879C12BD98.e.5500/elements - {"using":"css selector","value":"td"}
RESULT: {"using":"css selector","value":"td"}
COMMAND: POST /session/060cacbffd4401a8364377c341db2bd1/element/f.137111DC309FACC23B5F67A3B3455007.d.0690310078EA462A43DDC4879C12BD98.e.5501/elements - {"using":"css selector","value":"td"}
RESULT: {"using":"css selector","value":"td"}
COMMAND: POST /session/060cacbffd4401a8364377c341db2bd1/element/f.137111DC309FACC23B5F67A3B3455007.d.0690310078EA462A43DDC4879C12BD98.e.5502/elements - {"using":"css selector","value":"td"}
RESULT: {"using":"css selector","value":"td"}
COMMAND: POST /session/060cacbffd4401a8364377c341db2bd1/element/f.137111DC309FACC23B5F67A3B3455007.d.0690310078EA462A43DDC4879C12BD98.e.5503/elements - {"using":"css selector","value":"td"}
RESULT: {"using":"css selector","value":"td"}
COMMAND: POST /session/060cacbffd4401a8364377c341db2bd1/element/f.137111DC309FACC23B5F67A3B3455007.d.0690310078EA462A43DDC4879C12BD98.e.5504/elements - {"using":"css selector","value":"td"}
RESULT: {"using":"css selector","value":"td"}
COMMAND: POST /session/060cacbffd4401a8364377c341db2bd1/element/f.137111DC309FACC23B5F67A3B3455007.d.0690310078EA462A43DDC4879C12BD98.e.5505/elements - {"using":"css selector","value":"td"}
RESULT: {"using":"css selector","value":"td"}
COMMAND: POST /session/060cacbffd4401a8364377c341db2bd1/element/f.137111DC309FACC23B5F67A3B3455007.d.0690310078EA462A43DDC4879C12BD98.e.5506/elements - {"using":"css selector","value":"td"}
RESULT: {"using":"css selector","value":"td"}
COMMAND: POST /session/060cacbffd4401a8364377c341db2bd1/element/f.137111DC309FACC23B5F67A3B3455007.d.0690310078EA462A43DDC4879C12BD98.e.5507/elements - {"using":"css selector","value":"td"}
RESULT: {"using":"css selector","value":"td"}
COMMAND: POST /session/060cacbffd4401a8364377c341db2bd1/element/f.137111DC309FACC23B5F67A3B3455007.d.0690310078EA462A43DDC4879C12BD98.e.5508/elements - {"using":"css selector","value":"td"}
RESULT: {"using":"css selector","value":"td"}
COMMAND: POST /session/060cacbffd4401a8364377c341db2bd1/element/f.137111DC309FACC23B5F67A3B3455007.d.0690310078EA462A43DDC4879C12BD98.e.5509/elements - {"using":"css selector","value":"td"}
RESULT: {"using":"css selector","value":"td"}
COMMAND: POST /session/060cacbffd4401a8364377c341db2bd1/element/f.137111DC309FACC23B5F67A3B3455007.d.0690310078EA462A43DDC4879C12BD98.e.6415/elements - {"using":"css selector","value":"td"}
RESULT: {"using":"css selector","value":"td"}
COMMAND: POST /session/060cacbffd4401a8364377c341db2bd1/element - {"using":"css selector","value":"#j_username"}
COMMAND: POST /session/060cacbffd4401a8364377c341db2bd1/url - {"url":"https://qa-testing-00-live-etm-ui.cfapps.eu10-004.hana.ondemand.com/"}
RESULT: {"url":"https://qa-testing-00-live-etm-ui.cfapps.eu10-004.hana.ondemand.com/"}
RESULT: undefined
COMMAND: GET /session/060cacbffd4401a8364377c341db2bd1/screenshot - {}
RESULT: {"using":"css selector","value":"#j_username"}
COMMAND: POST /session/060cacbffd4401a8364377c341db2bd1/element - {"using":"css selector","value":"#j_username"}
RESULT: {}
RESULT: {"using":"css selector","value":"#j_username"}
COMMAND: POST /session/060cacbffd4401a8364377c341db2bd1/element - {"using":"css selector","value":"#shell-header-logo"}
RESULT: {"using":"css selector","value":"#shell-header-logo"}
COMMAND: POST /session/060cacbffd4401a8364377c341db2bd1/execute/sync - {"script":"<script> [8489 bytes]","args":[{"element-6066-11e4-a52e-4f735466cecf":"f.137111DC309FACC23B5F67A3B3455007.d.AC719EDD1C316722304D392C02E27735.e.6423","ELEMENT":"f.137111DC309FACC23B5F67A3B3455007.d.AC719EDD1C316722304D392C02E27735.e.6423"}]}
RESULT: {"script":"<script> [8489 bytes]","args":[{"element-6066-11e4-a52e-4f735466cecf":"f.137111DC309FACC23B5F67A3B3455007.d.AC719EDD1C316722304D392C02E27735.e.6423","ELEMENT":"f.137111DC309FACC23B5F67A3B3455007.d.AC719EDD1C316722304D392C02E27735.e.6423"}]}
COMMAND: POST /session/060cacbffd4401a8364377c341db2bd1/element - {"using":"css selector","value":"#shell-header-logo"}
COMMAND: GET /session/060cacbffd4401a8364377c341db2bd1/screenshot - {}
RESULT: {"using":"css selector","value":"#shell-header-logo"}
COMMAND: POST /session/060cacbffd4401a8364377c341db2bd1/execute/sync - {"script":"<script> [8489 bytes]","args":[{"element-6066-11e4-a52e-4f735466cecf":"f.137111DC309FACC23B5F67A3B3455007.d.AC719EDD1C316722304D392C02E27735.e.6423","ELEMENT":"f.137111DC309FACC23B5F67A3B3455007.d.AC719EDD1C316722304D392C02E27735.e.6423"}]}
RESULT: {}
RESULT: {"script":"<script> [8489 bytes]","args":[{"element-6066-11e4-a52e-4f735466cecf":"f.137111DC309FACC23B5F67A3B3455007.d.AC719EDD1C316722304D392C02E27735.e.6423","ELEMENT":"f.137111DC309FACC23B5F67A3B3455007.d.AC719EDD1C316722304D392C02E27735.e.6423"}]}
COMMAND: POST /session/060cacbffd4401a8364377c341db2bd1/execute/sync - {"script":"<script> [5351 bytes]","args":[{"element-6066-11e4-a52e-4f735466cecf":"f.137111DC309FACC23B5F67A3B3455007.d.AC719EDD1C316722304D392C02E27735.e.6423","ELEMENT":"f.137111DC309FACC23B5F67A3B3455007.d.AC719EDD1C316722304D392C02E27735.e.6423"}]}
COMMAND: GET /session/060cacbffd4401a8364377c341db2bd1/screenshot - {}
RESULT: {"script":"<script> [5351 bytes]","args":[{"element-6066-11e4-a52e-4f735466cecf":"f.137111DC309FACC23B5F67A3B3455007.d.AC719EDD1C316722304D392C02E27735.e.6423","ELEMENT":"f.137111DC309FACC23B5F67A3B3455007.d.AC719EDD1C316722304D392C02E27735.e.6423"}]}
COMMAND: POST /session/060cacbffd4401a8364377c341db2bd1/element - {"using":"css selector","value":"#shell-header-logo"}
COMMAND: GET /session/060cacbffd4401a8364377c341db2bd1/screenshot - {}
RESULT: {}
RESULT: {"using":"css selector","value":"#shell-header-logo"}
COMMAND: POST /session/060cacbffd4401a8364377c341db2bd1/element/f.137111DC309FACC23B5F67A3B3455007.d.AC719EDD1C316722304D392C02E27735.e.6423/click - {}
RESULT: {}
RESULT: {}
COMMAND: GET /session/060cacbffd4401a8364377c341db2bd1/screenshot - {}
RESULT: {}
COMMAND: POST /session/060cacbffd4401a8364377c341db2bd1/execute/async - {"script":"<script> [189 bytes]","args":[]}
RESULT: {"script":"<script> [189 bytes]","args":[]}
COMMAND: POST /session/060cacbffd4401a8364377c341db2bd1/execute/async - {"script":"<script> [123 bytes]","args":[]}
RESULT: {"script":"<script> [123 bytes]","args":[]}
COMMAND: POST /session/060cacbffd4401a8364377c341db2bd1/timeouts - {"script":"<number>"}
RESULT: {"script":"<number>"}
COMMAND: GET /session/060cacbffd4401a8364377c341db2bd1/timeouts - {}
RESULT: {}
RESULT: undefined
COMMAND: POST /session/060cacbffd4401a8364377c341db2bd1/execute/async - {"script":"<script> [2676 bytes]","args":[]}
RESULT: {"script":"<script> [2676 bytes]","args":[]}
COMMAND: POST /session/060cacbffd4401a8364377c341db2bd1/execute/async - {"script":"<script> [2342 bytes]","args":[{"protocol":"http","hostname":"0.0.0.0","path":"/","capabilities":{"browserName":"chrome","goog:chromeOptions":{"binary":"C:\\Program Files\\Google\\Chrome\\Application\\chrome.exe","args":["--start-maximized"]}},"logLevel":"warn","connectionRetryTimeout":120000,"connectionRetryCount":3,"logLevels":{},"enableDirectConnect":true,"strictSSL":true,"_":"65 more keys: [\"cacheDir\",\"port\",\"requestedCapabilities\",\"automationProtocol\",\"baseUrl\",\"waitforInterval\",\"waitforTimeout\",\"onReload\",\"beforeCommand\",\"afterCommand\",\"rootDir\",\"specs\",\"suites\",\"exclude\",\"groupLogsByTestSpec\",\"excludeDriverLogs\",\"bail\",\"framework\",\"reporters\",\"services\",\"maxInstances\",\"maxInstancesPerCapability\",\"injectGlobals\",\"filesToWatch\",\"execArgv\",\"runnerEnv\",\"runner\",\"shard\",\"specFileRetries\",\"specFileRetriesDelay\",\"specFileRetriesDeferred\",\"reporterSyncInterval\",\"reporterSyncTimeout\",\"cucumberFeaturesWithLineNumbers\",\"autoCompileOpts\",\"mochaOpts\",\"jasmineOpts\",\"cucumberOpts\",\"onPrepare\",\"onWorkerStart\",\"onWorkerEnd\",\"before\",\"beforeSession\",\"beforeSuite\",\"beforeHook\",\"beforeTest\",\"afterTest\",\"afterHook\",\"afterSuite\",\"afterSession\",\"after\",\"onComplete\",\"beforeAssertion\",\"afterAssertion\",\"beforeFeature\",\"beforeScenario\",\"beforeStep\",\"afterStep\",\"afterScenario\",\"afterFeature\",\"_\",\"suite\",\"$0\",\"ignoredWorkerServices\",\"wdi5\"]"}]}
RESULT: {"script":"<script> [2342 bytes]","args":[{"protocol":"http","hostname":"0.0.0.0","path":"/","capabilities":{"browserName":"chrome","goog:chromeOptions":{"binary":"C:\\Program Files\\Google\\Chrome\\Application\\chrome.exe","args":["--start-maximized"]}},"logLevel":"warn","connectionRetryTimeout":120000,"connectionRetryCount":3,"logLevels":{},"enableDirectConnect":true,"strictSSL":true,"_":"65 more keys: [\"cacheDir\",\"port\",\"requestedCapabilities\",\"automationProtocol\",\"baseUrl\",\"waitforInterval\",\"waitforTimeout\",\"onReload\",\"beforeCommand\",\"afterCommand\",\"rootDir\",\"specs\",\"suites\",\"exclude\",\"groupLogsByTestSpec\",\"excludeDriverLogs\",\"bail\",\"framework\",\"reporters\",\"services\",\"maxInstances\",\"maxInstancesPerCapability\",\"injectGlobals\",\"filesToWatch\",\"execArgv\",\"runnerEnv\",\"runner\",\"shard\",\"specFileRetries\",\"specFileRetriesDelay\",\"specFileRetriesDeferred\",\"reporterSyncInterval\",\"reporterSyncTimeout\",\"cucumberFeaturesWithLineNumbers\",\"autoCompileOpts\",\"mochaOpts\",\"jasmineOpts\",\"cucumberOpts\",\"onPrepare\",\"onWorkerStart\",\"onWorkerEnd\",\"before\",\"beforeSession\",\"beforeSuite\",\"beforeHook\",\"beforeTest\",\"afterTest\",\"afterHook\",\"afterSuite\",\"afterSession\",\"after\",\"onComplete\",\"beforeAssertion\",\"afterAssertion\",\"beforeFeature\",\"beforeScenario\",\"beforeStep\",\"afterStep\",\"afterScenario\",\"afterFeature\",\"_\",\"suite\",\"$0\",\"ignoredWorkerServices\",\"wdi5\"]"}]}
COMMAND: POST /session/060cacbffd4401a8364377c341db2bd1/execute/async - {"script":"<script> [21126 bytes]","args":[35000]}
RESULT: {"script":"<script> [21126 bytes]","args":[35000]}
COMMAND: POST /session/060cacbffd4401a8364377c341db2bd1/window/maximize - {}
RESULT: {}
COMMAND: POST /session/060cacbffd4401a8364377c341db2bd1/execute/async - {"script":"<script> [1562 bytes]","args":[{"selector":{"id":"shell-header","interaction":{"idSuffix":"icon"}},"wdio_ui5_key":"shellheader"}]}
COMMAND: GET /session/060cacbffd4401a8364377c341db2bd1/screenshot - {}
RESULT: {"script":"<script> [1562 bytes]","args":[{"selector":{"id":"shell-header","interaction":{"idSuffix":"icon"}},"wdio_ui5_key":"shellheader"}]}
RESULT: undefined
COMMAND: POST /session/060cacbffd4401a8364377c341db2bd1/refresh - {}
RESULT: {}
RESULT: {}
COMMAND: GET /session/060cacbffd4401a8364377c341db2bd1/screenshot - {}
RESULT: {}
COMMAND: POST /session/060cacbffd4401a8364377c341db2bd1/refresh - {}
RESULT: {}
COMMAND: GET /session/060cacbffd4401a8364377c341db2bd1/screenshot - {}
RESULT: {}
COMMAND: POST /session/060cacbffd4401a8364377c341db2bd1/window/fullscreen - {}
RESULT: {}
COMMAND: POST /session/060cacbffd4401a8364377c341db2bd1/execute/async - {"script":"<script> [189 bytes]","args":[]}
RESULT: {"script":"<script> [189 bytes]","args":[]}
COMMAND: POST /session/060cacbffd4401a8364377c341db2bd1/execute/async - {"script":"<script> [123 bytes]","args":[]}
RESULT: {"script":"<script> [123 bytes]","args":[]}
COMMAND: POST /session/060cacbffd4401a8364377c341db2bd1/timeouts - {"script":"<number>"}
RESULT: {"script":"<number>"}
COMMAND: GET /session/060cacbffd4401a8364377c341db2bd1/timeouts - {}
RESULT: {}
RESULT: undefined
COMMAND: POST /session/060cacbffd4401a8364377c341db2bd1/execute/async - {"script":"<script> [2676 bytes]","args":[]}
RESULT: {"script":"<script> [2676 bytes]","args":[]}
COMMAND: POST /session/060cacbffd4401a8364377c341db2bd1/execute/async - {"script":"<script> [2342 bytes]","args":[{"protocol":"http","hostname":"0.0.0.0","path":"/","capabilities":{"browserName":"chrome","goog:chromeOptions":{"binary":"C:\\Program Files\\Google\\Chrome\\Application\\chrome.exe","args":["--start-maximized"]}},"logLevel":"warn","connectionRetryTimeout":120000,"connectionRetryCount":3,"logLevels":{},"enableDirectConnect":true,"strictSSL":true,"_":"65 more keys: [\"cacheDir\",\"port\",\"requestedCapabilities\",\"automationProtocol\",\"baseUrl\",\"waitforInterval\",\"waitforTimeout\",\"onReload\",\"beforeCommand\",\"afterCommand\",\"rootDir\",\"specs\",\"suites\",\"exclude\",\"groupLogsByTestSpec\",\"excludeDriverLogs\",\"bail\",\"framework\",\"reporters\",\"services\",\"maxInstances\",\"maxInstancesPerCapability\",\"injectGlobals\",\"filesToWatch\",\"execArgv\",\"runnerEnv\",\"runner\",\"shard\",\"specFileRetries\",\"specFileRetriesDelay\",\"specFileRetriesDeferred\",\"reporterSyncInterval\",\"reporterSyncTimeout\",\"cucumberFeaturesWithLineNumbers\",\"autoCompileOpts\",\"mochaOpts\",\"jasmineOpts\",\"cucumberOpts\",\"onPrepare\",\"onWorkerStart\",\"onWorkerEnd\",\"before\",\"beforeSession\",\"beforeSuite\",\"beforeHook\",\"beforeTest\",\"afterTest\",\"afterHook\",\"afterSuite\",\"afterSession\",\"after\",\"onComplete\",\"beforeAssertion\",\"afterAssertion\",\"beforeFeature\",\"beforeScenario\",\"beforeStep\",\"afterStep\",\"afterScenario\",\"afterFeature\",\"_\",\"suite\",\"$0\",\"ignoredWorkerServices\",\"wdi5\"]"}]}
RESULT: {"script":"<script> [2342 bytes]","args":[{"protocol":"http","hostname":"0.0.0.0","path":"/","capabilities":{"browserName":"chrome","goog:chromeOptions":{"binary":"C:\\Program Files\\Google\\Chrome\\Application\\chrome.exe","args":["--start-maximized"]}},"logLevel":"warn","connectionRetryTimeout":120000,"connectionRetryCount":3,"logLevels":{},"enableDirectConnect":true,"strictSSL":true,"_":"65 more keys: [\"cacheDir\",\"port\",\"requestedCapabilities\",\"automationProtocol\",\"baseUrl\",\"waitforInterval\",\"waitforTimeout\",\"onReload\",\"beforeCommand\",\"afterCommand\",\"rootDir\",\"specs\",\"suites\",\"exclude\",\"groupLogsByTestSpec\",\"excludeDriverLogs\",\"bail\",\"framework\",\"reporters\",\"services\",\"maxInstances\",\"maxInstancesPerCapability\",\"injectGlobals\",\"filesToWatch\",\"execArgv\",\"runnerEnv\",\"runner\",\"shard\",\"specFileRetries\",\"specFileRetriesDelay\",\"specFileRetriesDeferred\",\"reporterSyncInterval\",\"reporterSyncTimeout\",\"cucumberFeaturesWithLineNumbers\",\"autoCompileOpts\",\"mochaOpts\",\"jasmineOpts\",\"cucumberOpts\",\"onPrepare\",\"onWorkerStart\",\"onWorkerEnd\",\"before\",\"beforeSession\",\"beforeSuite\",\"beforeHook\",\"beforeTest\",\"afterTest\",\"afterHook\",\"afterSuite\",\"afterSession\",\"after\",\"onComplete\",\"beforeAssertion\",\"afterAssertion\",\"beforeFeature\",\"beforeScenario\",\"beforeStep\",\"afterStep\",\"afterScenario\",\"afterFeature\",\"_\",\"suite\",\"$0\",\"ignoredWorkerServices\",\"wdi5\"]"}]}
COMMAND: POST /session/060cacbffd4401a8364377c341db2bd1/execute/async - {"script":"<script> [21126 bytes]","args":[35000]}
RESULT: {"script":"<script> [21126 bytes]","args":[35000]}
]]></system-out>
    </testcase>
  </testsuite>
  <testsuite timestamp="2025-05-18T17:11:37" time="392.716" tests="9" failures="0" errors="0" skipped="0">
    <properties>
      <property name="specId" value="0" />
      <property name="suiteName" value="US134625 Set up price condition - one time" />
      <property name="capabilities" value="chrome.136_0_7103_93.windows" />
      <property name="file" value="file:///D:/a/1/s/test/specs/BTS/set-up-price-condition-one-time.spec.js" />
    </properties>
    <testcase classname="chrome.136_0_7103_93.windows.US134625_Set_up_price_condition_-_one_time" name="Should create a new yard used for all following tests" time="0.012">
      <system-out><![CDATA[
COMMAND: POST /session/060cacbffd4401a8364377c341db2bd1/window/fullscreen - {}
RESULT: {}
]]></system-out>
    </testcase>
    <testcase classname="chrome.136_0_7103_93.windows.US134625_Set_up_price_condition_-_one_time" name="Should create a new partner" time="0.003" />
    <testcase classname="chrome.136_0_7103_93.windows.US134625_Set_up_price_condition_-_one_time" name="Should create a new site used for following tests" time="0.003" />
    <testcase classname="chrome.136_0_7103_93.windows.US134625_Set_up_price_condition_-_one_time" name="Should create a new material for billing type one time" time="104.184">
      <system-out><![CDATA[
COMMAND: POST /session/060cacbffd4401a8364377c341db2bd1/execute/async - {"script":"<script> [1562 bytes]","args":[{"selector":{"controlType":"sap.m.GenericTile","properties":{"header":"Manage Resources"}},"wdio_ui5_key":"sapm.GenericTile{\"header\":\"Manage Resources\"}"}]}
RESULT: {"script":"<script> [1562 bytes]","args":[{"selector":{"controlType":"sap.m.GenericTile","properties":{"header":"Manage Resources"}},"wdio_ui5_key":"sapm.GenericTile{\"header\":\"Manage Resources\"}"}]}
RESULT: undefined
COMMAND: POST /session/060cacbffd4401a8364377c341db2bd1/element - {"using":"xpath","value":"//*[@id=\"__tile39\"]"}
RESULT: {"using":"xpath","value":"//*[@id=\"__tile39\"]"}
COMMAND: POST /session/060cacbffd4401a8364377c341db2bd1/element/f.137111DC309FACC23B5F67A3B3455007.d.893306EE2DA43D86AB11E25593F7DA24.e.6586/click - {}
RESULT: {}
COMMAND: GET /session/060cacbffd4401a8364377c341db2bd1/screenshot - {}
RESULT: {}
COMMAND: POST /session/060cacbffd4401a8364377c341db2bd1/elements - {"using":"xpath","value":"//span[text()='Error']"}
RESULT: {"using":"xpath","value":"//span[text()='Error']"}
COMMAND: POST /session/060cacbffd4401a8364377c341db2bd1/element - {"using":"xpath","value":"//button[@data-kt=\"addNewRUOverflowToolbarButton\"]"}
RESULT: {"using":"xpath","value":"//button[@data-kt=\"addNewRUOverflowToolbarButton\"]"}
COMMAND: POST /session/060cacbffd4401a8364377c341db2bd1/elements - {"using":"xpath","value":"//button[@data-kt=\"addNewRUOverflowToolbarButton\"]"}
RESULT: {"using":"xpath","value":"//button[@data-kt=\"addNewRUOverflowToolbarButton\"]"}
COMMAND: POST /session/060cacbffd4401a8364377c341db2bd1/execute/sync - {"script":"<script> [8489 bytes]","args":[{"element-6066-11e4-a52e-4f735466cecf":"f.137111DC309FACC23B5F67A3B3455007.d.893306EE2DA43D86AB11E25593F7DA24.e.6726","ELEMENT":"f.137111DC309FACC23B5F67A3B3455007.d.893306EE2DA43D86AB11E25593F7DA24.e.6726"}]}
RESULT: {"script":"<script> [8489 bytes]","args":[{"element-6066-11e4-a52e-4f735466cecf":"f.137111DC309FACC23B5F67A3B3455007.d.893306EE2DA43D86AB11E25593F7DA24.e.6726","ELEMENT":"f.137111DC309FACC23B5F67A3B3455007.d.893306EE2DA43D86AB11E25593F7DA24.e.6726"}]}
COMMAND: GET /session/060cacbffd4401a8364377c341db2bd1/element/f.137111DC309FACC23B5F67A3B3455007.d.893306EE2DA43D86AB11E25593F7DA24.e.6726/enabled - {}
COMMAND: GET /session/060cacbffd4401a8364377c341db2bd1/screenshot - {}
RESULT: {}
COMMAND: POST /session/060cacbffd4401a8364377c341db2bd1/execute/sync - {"script":"<script> [8489 bytes]","args":[{"element-6066-11e4-a52e-4f735466cecf":"f.137111DC309FACC23B5F67A3B3455007.d.893306EE2DA43D86AB11E25593F7DA24.e.6726","ELEMENT":"f.137111DC309FACC23B5F67A3B3455007.d.893306EE2DA43D86AB11E25593F7DA24.e.6726"}]}
COMMAND: GET /session/060cacbffd4401a8364377c341db2bd1/screenshot - {}
RESULT: {}
RESULT: {"script":"<script> [8489 bytes]","args":[{"element-6066-11e4-a52e-4f735466cecf":"f.137111DC309FACC23B5F67A3B3455007.d.893306EE2DA43D86AB11E25593F7DA24.e.6726","ELEMENT":"f.137111DC309FACC23B5F67A3B3455007.d.893306EE2DA43D86AB11E25593F7DA24.e.6726"}]}
COMMAND: POST /session/060cacbffd4401a8364377c341db2bd1/execute/sync - {"script":"<script> [5351 bytes]","args":[{"element-6066-11e4-a52e-4f735466cecf":"f.137111DC309FACC23B5F67A3B3455007.d.893306EE2DA43D86AB11E25593F7DA24.e.6726","ELEMENT":"f.137111DC309FACC23B5F67A3B3455007.d.893306EE2DA43D86AB11E25593F7DA24.e.6726"}]}
COMMAND: GET /session/060cacbffd4401a8364377c341db2bd1/screenshot - {}
RESULT: {}
RESULT: {"script":"<script> [5351 bytes]","args":[{"element-6066-11e4-a52e-4f735466cecf":"f.137111DC309FACC23B5F67A3B3455007.d.893306EE2DA43D86AB11E25593F7DA24.e.6726","ELEMENT":"f.137111DC309FACC23B5F67A3B3455007.d.893306EE2DA43D86AB11E25593F7DA24.e.6726"}]}
COMMAND: POST /session/060cacbffd4401a8364377c341db2bd1/element/f.137111DC309FACC23B5F67A3B3455007.d.893306EE2DA43D86AB11E25593F7DA24.e.6726/click - {}
COMMAND: GET /session/060cacbffd4401a8364377c341db2bd1/screenshot - {}
RESULT: {}
RESULT: {}
COMMAND: GET /session/060cacbffd4401a8364377c341db2bd1/screenshot - {}
RESULT: {}
RESULT: {}
COMMAND: POST /session/060cacbffd4401a8364377c341db2bd1/execute/async - {"script":"<script> [1562 bytes]","args":[{"selector":{"id":"application-manageresources-display-component---newResourceUnit--TYPE-arrow"},"wdio_ui5_key":"applicationmanageresources-display-component---newResourceUnit--TYPE-arrow"}]}
RESULT: {"script":"<script> [1562 bytes]","args":[{"selector":{"id":"application-manageresources-display-component---newResourceUnit--TYPE-arrow"},"wdio_ui5_key":"applicationmanageresources-display-component---newResourceUnit--TYPE-arrow"}]}
RESULT: undefined
COMMAND: POST /session/060cacbffd4401a8364377c341db2bd1/element - {"using":"xpath","value":"//*[@id=\"application-manageresources-display-component---newResourceUnit--TYPE-arrow\"]"}
RESULT: {"using":"xpath","value":"//*[@id=\"application-manageresources-display-component---newResourceUnit--TYPE-arrow\"]"}
COMMAND: POST /session/060cacbffd4401a8364377c341db2bd1/element/f.137111DC309FACC23B5F67A3B3455007.d.893306EE2DA43D86AB11E25593F7DA24.e.7087/click - {}
RESULT: {}
COMMAND: POST /session/060cacbffd4401a8364377c341db2bd1/element - {"using":"xpath","value":"//input[@id=\"application-manageresources-display-component---newResourceUnit--TYPE-inner\"]"}
COMMAND: GET /session/060cacbffd4401a8364377c341db2bd1/screenshot - {}
RESULT: {"using":"xpath","value":"//input[@id=\"application-manageresources-display-component---newResourceUnit--TYPE-inner\"]"}
COMMAND: POST /session/060cacbffd4401a8364377c341db2bd1/element/f.137111DC309FACC23B5F67A3B3455007.d.893306EE2DA43D86AB11E25593F7DA24.e.7078/clear - {}
RESULT: {}
RESULT: {}
COMMAND: POST /session/060cacbffd4401a8364377c341db2bd1/element/f.137111DC309FACC23B5F67A3B3455007.d.893306EE2DA43D86AB11E25593F7DA24.e.7078/value - {"text":"Material"}
COMMAND: GET /session/060cacbffd4401a8364377c341db2bd1/screenshot - {}
RESULT: {"text":"Material"}
COMMAND: GET /session/060cacbffd4401a8364377c341db2bd1/screenshot - {}
RESULT: {}
RESULT: {}
COMMAND: POST /session/060cacbffd4401a8364377c341db2bd1/actions - {"actions":[{"id":"action19","type":"key","parameters":{},"actions":[{"type":"keyDown","value":"î€‡"},{"type":"pause","duration":10},{"type":"keyUp","value":"î€‡"}]}]}
RESULT: {"actions":[{"id":"action19","type":"key","parameters":{},"actions":[{"type":"keyDown","value":"î€‡"},{"type":"pause","duration":10},{"type":"keyUp","value":"î€‡"}]}]}
COMMAND: POST /session/060cacbffd4401a8364377c341db2bd1/execute/async - {"script":"<script> [1562 bytes]","args":[{"selector":{"id":"application-manageresources-display-component---newResourceUnit--SHORT_TEXT","interaction":{"idSuffix":"inner"}},"wdio_ui5_key":"applicationmanageresources-display-component---newResourceUnit--SHORT_TEXT"}]}
COMMAND: GET /session/060cacbffd4401a8364377c341db2bd1/screenshot - {}
RESULT: {"script":"<script> [1562 bytes]","args":[{"selector":{"id":"application-manageresources-display-component---newResourceUnit--SHORT_TEXT","interaction":{"idSuffix":"inner"}},"wdio_ui5_key":"applicationmanageresources-display-component---newResourceUnit--SHORT_TEXT"}]}
RESULT: undefined
COMMAND: POST /session/060cacbffd4401a8364377c341db2bd1/execute/async - {"script":"<script> [776 bytes]","args":[{"enterText":"Cement WDIO","selector":{"id":"application-manageresources-display-component---newResourceUnit--SHORT_TEXT","interaction":{"idSuffix":"inner"}},"clearTextFirst":true,"interactionType":"ENTER_TEXT"}]}
RESULT: {}
RESULT: {"script":"<script> [776 bytes]","args":[{"enterText":"Cement WDIO","selector":{"id":"application-manageresources-display-component---newResourceUnit--SHORT_TEXT","interaction":{"idSuffix":"inner"}},"clearTextFirst":true,"interactionType":"ENTER_TEXT"}]}
COMMAND: POST /session/060cacbffd4401a8364377c341db2bd1/execute/async - {"script":"<script> [1562 bytes]","args":[{"selector":{"id":"application-manageresources-display-component---newResourceUnit--BASE_UNIT_OF_MEASURE","interaction":{"idSuffix":"inner"}},"wdio_ui5_key":"applicationmanageresources-display-component---newResourceUnit--BASE_UNIT_OF_MEASURE"}]}
RESULT: {"script":"<script> [1562 bytes]","args":[{"selector":{"id":"application-manageresources-display-component---newResourceUnit--BASE_UNIT_OF_MEASURE","interaction":{"idSuffix":"inner"}},"wdio_ui5_key":"applicationmanageresources-display-component---newResourceUnit--BASE_UNIT_OF_MEASURE"}]}
RESULT: undefined
COMMAND: POST /session/060cacbffd4401a8364377c341db2bd1/execute/async - {"script":"<script> [776 bytes]","args":[{"enterText":"Piece","selector":{"id":"application-manageresources-display-component---newResourceUnit--BASE_UNIT_OF_MEASURE","interaction":{"idSuffix":"inner"}},"clearTextFirst":true,"interactionType":"ENTER_TEXT"}]}
RESULT: {"script":"<script> [776 bytes]","args":[{"enterText":"Piece","selector":{"id":"application-manageresources-display-component---newResourceUnit--BASE_UNIT_OF_MEASURE","interaction":{"idSuffix":"inner"}},"clearTextFirst":true,"interactionType":"ENTER_TEXT"}]}
COMMAND: POST /session/060cacbffd4401a8364377c341db2bd1/execute/async - {"script":"<script> [1562 bytes]","args":[{"selector":{"id":"application-manageresources-display-component---newResourceUnit--WEIGHT_UNIT","interaction":{"idSuffix":"inner"}},"wdio_ui5_key":"applicationmanageresources-display-component---newResourceUnit--WEIGHT_UNIT"}]}
RESULT: {"script":"<script> [1562 bytes]","args":[{"selector":{"id":"application-manageresources-display-component---newResourceUnit--WEIGHT_UNIT","interaction":{"idSuffix":"inner"}},"wdio_ui5_key":"applicationmanageresources-display-component---newResourceUnit--WEIGHT_UNIT"}]}
RESULT: undefined
COMMAND: POST /session/060cacbffd4401a8364377c341db2bd1/execute/async - {"script":"<script> [776 bytes]","args":[{"enterText":"Gram","selector":{"id":"application-manageresources-display-component---newResourceUnit--WEIGHT_UNIT","interaction":{"idSuffix":"inner"}},"clearTextFirst":true,"interactionType":"ENTER_TEXT"}]}
RESULT: {"script":"<script> [776 bytes]","args":[{"enterText":"Gram","selector":{"id":"application-manageresources-display-component---newResourceUnit--WEIGHT_UNIT","interaction":{"idSuffix":"inner"}},"clearTextFirst":true,"interactionType":"ENTER_TEXT"}]}
COMMAND: POST /session/060cacbffd4401a8364377c341db2bd1/execute/async - {"script":"<script> [1562 bytes]","args":[{"selector":{"id":"application-manageresources-display-component---newResourceUnit--DIMENSION_UNIT","interaction":{"idSuffix":"inner"}},"wdio_ui5_key":"applicationmanageresources-display-component---newResourceUnit--DIMENSION_UNIT"}]}
RESULT: {"script":"<script> [1562 bytes]","args":[{"selector":{"id":"application-manageresources-display-component---newResourceUnit--DIMENSION_UNIT","interaction":{"idSuffix":"inner"}},"wdio_ui5_key":"applicationmanageresources-display-component---newResourceUnit--DIMENSION_UNIT"}]}
RESULT: undefined
COMMAND: POST /session/060cacbffd4401a8364377c341db2bd1/execute/async - {"script":"<script> [776 bytes]","args":[{"enterText":"Meter","selector":{"id":"application-manageresources-display-component---newResourceUnit--DIMENSION_UNIT","interaction":{"idSuffix":"inner"}},"clearTextFirst":true,"interactionType":"ENTER_TEXT"}]}
RESULT: {"script":"<script> [776 bytes]","args":[{"enterText":"Meter","selector":{"id":"application-manageresources-display-component---newResourceUnit--DIMENSION_UNIT","interaction":{"idSuffix":"inner"}},"clearTextFirst":true,"interactionType":"ENTER_TEXT"}]}
COMMAND: POST /session/060cacbffd4401a8364377c341db2bd1/execute/async - {"script":"<script> [1562 bytes]","args":[{"selector":{"id":"application-manageresources-display-component---newResourceUnit--newRRUPage-anchBar-application-manageresources-display-component---newResourceUnit--control-anchor","interaction":{"idSuffix":"BDI-content"}},"wdio_ui5_key":"applicationmanageresources-display-component---newResourceUnit--newRRUPage-anchBar-application-manageresources-display-component---newResourceUnit--control-anchor"}]}
RESULT: {"script":"<script> [1562 bytes]","args":[{"selector":{"id":"application-manageresources-display-component---newResourceUnit--newRRUPage-anchBar-application-manageresources-display-component---newResourceUnit--control-anchor","interaction":{"idSuffix":"BDI-content"}},"wdio_ui5_key":"applicationmanageresources-display-component---newResourceUnit--newRRUPage-anchBar-application-manageresources-display-component---newResourceUnit--control-anchor"}]}
RESULT: undefined
COMMAND: POST /session/060cacbffd4401a8364377c341db2bd1/element - {"using":"xpath","value":"//*[@id=\"application-manageresources-display-component---newResourceUnit--newRRUPage-anchBar-application-manageresources-display-component---newResourceUnit--control-anchor\"]"}
RESULT: {"using":"xpath","value":"//*[@id=\"application-manageresources-display-component---newResourceUnit--newRRUPage-anchBar-application-manageresources-display-component---newResourceUnit--control-anchor\"]"}
COMMAND: POST /session/060cacbffd4401a8364377c341db2bd1/element/f.137111DC309FACC23B5F67A3B3455007.d.893306EE2DA43D86AB11E25593F7DA24.e.7153/click - {}
RESULT: {}
COMMAND: POST /session/060cacbffd4401a8364377c341db2bd1/execute/async - {"script":"<script> [1562 bytes]","args":[{"selector":{"id":"application-manageresources-display-component---newResourceUnit--PLANNING_GROUP","interaction":{"idSuffix":"inner"}},"wdio_ui5_key":"applicationmanageresources-display-component---newResourceUnit--PLANNING_GROUP"}]}
COMMAND: GET /session/060cacbffd4401a8364377c341db2bd1/screenshot - {}
RESULT: {"script":"<script> [1562 bytes]","args":[{"selector":{"id":"application-manageresources-display-component---newResourceUnit--PLANNING_GROUP","interaction":{"idSuffix":"inner"}},"wdio_ui5_key":"applicationmanageresources-display-component---newResourceUnit--PLANNING_GROUP"}]}
RESULT: undefined
COMMAND: POST /session/060cacbffd4401a8364377c341db2bd1/execute/async - {"script":"<script> [776 bytes]","args":[{"enterText":"Material","selector":{"id":"application-manageresources-display-component---newResourceUnit--PLANNING_GROUP","interaction":{"idSuffix":"inner"}},"clearTextFirst":true,"interactionType":"ENTER_TEXT"}]}
RESULT: {}
RESULT: {"script":"<script> [776 bytes]","args":[{"enterText":"Material","selector":{"id":"application-manageresources-display-component---newResourceUnit--PLANNING_GROUP","interaction":{"idSuffix":"inner"}},"clearTextFirst":true,"interactionType":"ENTER_TEXT"}]}
COMMAND: POST /session/060cacbffd4401a8364377c341db2bd1/execute/async - {"script":"<script> [1562 bytes]","args":[{"selector":{"id":"application-manageresources-display-component---newResourceUnit--PLANNING_INDICATOR","interaction":{"idSuffix":"inner"}},"wdio_ui5_key":"applicationmanageresources-display-component---newResourceUnit--PLANNING_INDICATOR"}]}
RESULT: {"script":"<script> [1562 bytes]","args":[{"selector":{"id":"application-manageresources-display-component---newResourceUnit--PLANNING_INDICATOR","interaction":{"idSuffix":"inner"}},"wdio_ui5_key":"applicationmanageresources-display-component---newResourceUnit--PLANNING_INDICATOR"}]}
RESULT: undefined
COMMAND: POST /session/060cacbffd4401a8364377c341db2bd1/execute/async - {"script":"<script> [776 bytes]","args":[{"enterText":"10 - infinite","selector":{"id":"application-manageresources-display-component---newResourceUnit--PLANNING_INDICATOR","interaction":{"idSuffix":"inner"}},"clearTextFirst":true,"interactionType":"ENTER_TEXT"}]}
RESULT: {"script":"<script> [776 bytes]","args":[{"enterText":"10 - infinite","selector":{"id":"application-manageresources-display-component---newResourceUnit--PLANNING_INDICATOR","interaction":{"idSuffix":"inner"}},"clearTextFirst":true,"interactionType":"ENTER_TEXT"}]}
COMMAND: POST /session/060cacbffd4401a8364377c341db2bd1/element - {"using":"css selector","value":"#application-manageresources-display-component---newResourceUnit--btnAddTimeSegment"}
RESULT: {"using":"css selector","value":"#application-manageresources-display-component---newResourceUnit--btnAddTimeSegment"}
COMMAND: GET /session/060cacbffd4401a8364377c341db2bd1/element/f.137111DC309FACC23B5F67A3B3455007.d.893306EE2DA43D86AB11E25593F7DA24.e.7161/rect - {}
RESULT: {}
COMMAND: GET /session/060cacbffd4401a8364377c341db2bd1/window/rect - {}
RESULT: {}
COMMAND: POST /session/060cacbffd4401a8364377c341db2bd1/execute/sync - {"script":"<script> [92 bytes]","args":[]}
RESULT: {"script":"<script> [92 bytes]","args":[]}
COMMAND: POST /session/060cacbffd4401a8364377c341db2bd1/actions - {"actions":[{"id":"action20","type":"wheel","parameters":{},"actions":[{"type":"scroll","x":-1888,"y":-32,"deltaX":0,"deltaY":0,"duration":0,"origin":{"element-6066-11e4-a52e-4f735466cecf":"f.137111DC309FACC23B5F67A3B3455007.d.893306EE2DA43D86AB11E25593F7DA24.e.7161"}}]}]}
COMMAND: GET /session/060cacbffd4401a8364377c341db2bd1/screenshot - {}
RESULT: {}
COMMAND: POST /session/060cacbffd4401a8364377c341db2bd1/execute/sync - {"script":"<script> [79 bytes]","args":[{"element-6066-11e4-a52e-4f735466cecf":"f.137111DC309FACC23B5F67A3B3455007.d.893306EE2DA43D86AB11E25593F7DA24.e.7161","ELEMENT":"f.137111DC309FACC23B5F67A3B3455007.d.893306EE2DA43D86AB11E25593F7DA24.e.7161"},{"block":"start","inline":"nearest"}]}
RESULT: {"script":"<script> [79 bytes]","args":[{"element-6066-11e4-a52e-4f735466cecf":"f.137111DC309FACC23B5F67A3B3455007.d.893306EE2DA43D86AB11E25593F7DA24.e.7161","ELEMENT":"f.137111DC309FACC23B5F67A3B3455007.d.893306EE2DA43D86AB11E25593F7DA24.e.7161"},{"block":"start","inline":"nearest"}]}
COMMAND: POST /session/060cacbffd4401a8364377c341db2bd1/execute/async - {"script":"<script> [1562 bytes]","args":[{"selector":{"id":"application-manageresources-display-component---newResourceUnit--btnAddTimeSegment","interaction":{"idSuffix":"inner"}},"wdio_ui5_key":"applicationmanageresources-display-component---newResourceUnit--btnAddTimeSegment"}]}
COMMAND: GET /session/060cacbffd4401a8364377c341db2bd1/screenshot - {}
RESULT: {"script":"<script> [1562 bytes]","args":[{"selector":{"id":"application-manageresources-display-component---newResourceUnit--btnAddTimeSegment","interaction":{"idSuffix":"inner"}},"wdio_ui5_key":"applicationmanageresources-display-component---newResourceUnit--btnAddTimeSegment"}]}
RESULT: undefined
COMMAND: POST /session/060cacbffd4401a8364377c341db2bd1/element - {"using":"xpath","value":"//*[@id=\"application-manageresources-display-component---newResourceUnit--btnAddTimeSegment\"]"}
RESULT: {}
RESULT: {"using":"xpath","value":"//*[@id=\"application-manageresources-display-component---newResourceUnit--btnAddTimeSegment\"]"}
COMMAND: POST /session/060cacbffd4401a8364377c341db2bd1/element/f.137111DC309FACC23B5F67A3B3455007.d.893306EE2DA43D86AB11E25593F7DA24.e.7161/click - {}
RESULT: {}
COMMAND: GET /session/060cacbffd4401a8364377c341db2bd1/screenshot - {}
RESULT: {}
COMMAND: POST /session/060cacbffd4401a8364377c341db2bd1/element - {"using":"xpath","value":"//input[@id=\"application-manageresources-display-component---newResourceUnit--idRuTSAdmin-application-manageresources-display-component---newResourceUnit--RUTimeSegment-0-inner\"]"}
RESULT: {"using":"xpath","value":"//input[@id=\"application-manageresources-display-component---newResourceUnit--idRuTSAdmin-application-manageresources-display-component---newResourceUnit--RUTimeSegment-0-inner\"]"}
COMMAND: POST /session/060cacbffd4401a8364377c341db2bd1/element/f.137111DC309FACC23B5F67A3B3455007.d.893306EE2DA43D86AB11E25593F7DA24.e.7166/clear - {}
RESULT: {}
COMMAND: POST /session/060cacbffd4401a8364377c341db2bd1/element/f.137111DC309FACC23B5F67A3B3455007.d.893306EE2DA43D86AB11E25593F7DA24.e.7166/value - {"text":"526"}
COMMAND: GET /session/060cacbffd4401a8364377c341db2bd1/screenshot - {}
RESULT: {"text":"526"}
COMMAND: GET /session/060cacbffd4401a8364377c341db2bd1/screenshot - {}
RESULT: {}
RESULT: {}
COMMAND: POST /session/060cacbffd4401a8364377c341db2bd1/element - {"using":"xpath","value":"//li[.//span[text()='526']]"}
RESULT: {"using":"xpath","value":"//li[.//span[text()='526']]"}
COMMAND: POST /session/060cacbffd4401a8364377c341db2bd1/element/f.137111DC309FACC23B5F67A3B3455007.d.893306EE2DA43D86AB11E25593F7DA24.e.7175/click - {}
RESULT: {}
COMMAND: GET /session/060cacbffd4401a8364377c341db2bd1/screenshot - {}
RESULT: {}
COMMAND: POST /session/060cacbffd4401a8364377c341db2bd1/element - {"using":"xpath","value":"(//span[contains(@id, \"-application-manageresources-display-component---newResourceUnit--RUTimeSegment-0-arrow\")])[2]"}
RESULT: {"using":"xpath","value":"(//span[contains(@id, \"-application-manageresources-display-component---newResourceUnit--RUTimeSegment-0-arrow\")])[2]"}
COMMAND: POST /session/060cacbffd4401a8364377c341db2bd1/element/f.137111DC309FACC23B5F67A3B3455007.d.893306EE2DA43D86AB11E25593F7DA24.e.7176/click - {}
RESULT: {}
COMMAND: POST /session/060cacbffd4401a8364377c341db2bd1/element - {"using":"xpath","value":"//span[contains(text(), \"PM Order\")]"}
COMMAND: GET /session/060cacbffd4401a8364377c341db2bd1/screenshot - {}
RESULT: {"using":"xpath","value":"//span[contains(text(), \"PM Order\")]"}
COMMAND: POST /session/060cacbffd4401a8364377c341db2bd1/element/f.137111DC309FACC23B5F67A3B3455007.d.893306EE2DA43D86AB11E25593F7DA24.e.7177/click - {}
RESULT: {}
RESULT: {}
COMMAND: GET /session/060cacbffd4401a8364377c341db2bd1/screenshot - {}
RESULT: {}
COMMAND: POST /session/060cacbffd4401a8364377c341db2bd1/element - {"using":"xpath","value":"//td/div/div/div/span[contains(@id, \"newResourceUnit--RUTimeSegment-0-vhi\")][1]"}
RESULT: {"using":"xpath","value":"//td/div/div/div/span[contains(@id, \"newResourceUnit--RUTimeSegment-0-vhi\")][1]"}
COMMAND: GET /session/060cacbffd4401a8364377c341db2bd1/element/f.137111DC309FACC23B5F67A3B3455007.d.893306EE2DA43D86AB11E25593F7DA24.e.7181/rect - {}
RESULT: {}
COMMAND: GET /session/060cacbffd4401a8364377c341db2bd1/window/rect - {}
RESULT: {}
COMMAND: POST /session/060cacbffd4401a8364377c341db2bd1/execute/sync - {"script":"<script> [92 bytes]","args":[]}
RESULT: {"script":"<script> [92 bytes]","args":[]}
COMMAND: POST /session/060cacbffd4401a8364377c341db2bd1/actions - {"actions":[{"id":"action21","type":"wheel","parameters":{},"actions":[{"type":"scroll","x":-1888,"y":-24,"deltaX":0,"deltaY":0,"duration":0,"origin":{"element-6066-11e4-a52e-4f735466cecf":"f.137111DC309FACC23B5F67A3B3455007.d.893306EE2DA43D86AB11E25593F7DA24.e.7181"}}]}]}
COMMAND: GET /session/060cacbffd4401a8364377c341db2bd1/screenshot - {}
RESULT: {}
COMMAND: POST /session/060cacbffd4401a8364377c341db2bd1/execute/sync - {"script":"<script> [79 bytes]","args":[{"element-6066-11e4-a52e-4f735466cecf":"f.137111DC309FACC23B5F67A3B3455007.d.893306EE2DA43D86AB11E25593F7DA24.e.7181","ELEMENT":"f.137111DC309FACC23B5F67A3B3455007.d.893306EE2DA43D86AB11E25593F7DA24.e.7181"},{"block":"start","inline":"nearest"}]}
RESULT: {"script":"<script> [79 bytes]","args":[{"element-6066-11e4-a52e-4f735466cecf":"f.137111DC309FACC23B5F67A3B3455007.d.893306EE2DA43D86AB11E25593F7DA24.e.7181","ELEMENT":"f.137111DC309FACC23B5F67A3B3455007.d.893306EE2DA43D86AB11E25593F7DA24.e.7181"},{"block":"start","inline":"nearest"}]}
COMMAND: GET /session/060cacbffd4401a8364377c341db2bd1/screenshot - {}
RESULT: {}
COMMAND: POST /session/060cacbffd4401a8364377c341db2bd1/element/f.137111DC309FACC23B5F67A3B3455007.d.893306EE2DA43D86AB11E25593F7DA24.e.7181/click - {}
RESULT: {}
COMMAND: GET /session/060cacbffd4401a8364377c341db2bd1/screenshot - {}
RESULT: {}
COMMAND: POST /session/060cacbffd4401a8364377c341db2bd1/execute/async - {"script":"<script> [1562 bytes]","args":[{"selector":{"controlType":"sap.m.SearchField","properties":{"placeholder":"Search"},"searchOpenDialogs":true,"interaction":{"idSuffix":"I"}},"wdio_ui5_key":"sapm.SearchField{\"placeholder\":\"Search\"}"}]}
RESULT: {"script":"<script> [1562 bytes]","args":[{"selector":{"controlType":"sap.m.SearchField","properties":{"placeholder":"Search"},"searchOpenDialogs":true,"interaction":{"idSuffix":"I"}},"wdio_ui5_key":"sapm.SearchField{\"placeholder\":\"Search\"}"}]}
RESULT: undefined
COMMAND: POST /session/060cacbffd4401a8364377c341db2bd1/execute/async - {"script":"<script> [776 bytes]","args":[{"enterText":"4000360","selector":{"controlType":"sap.m.SearchField","properties":{"placeholder":"Search"},"searchOpenDialogs":true,"interaction":{"idSuffix":"I"}},"clearTextFirst":true,"interactionType":"ENTER_TEXT"}]}
RESULT: {"script":"<script> [776 bytes]","args":[{"enterText":"4000360","selector":{"controlType":"sap.m.SearchField","properties":{"placeholder":"Search"},"searchOpenDialogs":true,"interaction":{"idSuffix":"I"}},"clearTextFirst":true,"interactionType":"ENTER_TEXT"}]}
COMMAND: POST /session/060cacbffd4401a8364377c341db2bd1/actions - {"actions":[{"id":"action22","type":"key","parameters":{},"actions":[{"type":"keyDown","value":"î€‡"},{"type":"pause","duration":10},{"type":"keyUp","value":"î€‡"}]}]}
RESULT: {"actions":[{"id":"action22","type":"key","parameters":{},"actions":[{"type":"keyDown","value":"î€‡"},{"type":"pause","duration":10},{"type":"keyUp","value":"î€‡"}]}]}
COMMAND: GET /session/060cacbffd4401a8364377c341db2bd1/screenshot - {}
RESULT: {}
COMMAND: POST /session/060cacbffd4401a8364377c341db2bd1/element - {"using":"xpath","value":"//td/div/span[contains(text(), \"BGL Vehicles\")]"}
RESULT: {"using":"xpath","value":"//td/div/span[contains(text(), \"BGL Vehicles\")]"}
COMMAND: POST /session/060cacbffd4401a8364377c341db2bd1/element/f.137111DC309FACC23B5F67A3B3455007.d.893306EE2DA43D86AB11E25593F7DA24.e.7202/click - {}
RESULT: {}
COMMAND: GET /session/060cacbffd4401a8364377c341db2bd1/screenshot - {}
RESULT: {}
COMMAND: POST /session/060cacbffd4401a8364377c341db2bd1/element - {"using":"xpath","value":"//bdi[contains(text(), \"OK\")]"}
RESULT: {"using":"xpath","value":"//bdi[contains(text(), \"OK\")]"}
COMMAND: POST /session/060cacbffd4401a8364377c341db2bd1/element/f.137111DC309FACC23B5F67A3B3455007.d.893306EE2DA43D86AB11E25593F7DA24.e.7203/click - {}
RESULT: {}
COMMAND: GET /session/060cacbffd4401a8364377c341db2bd1/screenshot - {}
RESULT: {}
COMMAND: POST /session/060cacbffd4401a8364377c341db2bd1/element - {"using":"xpath","value":"//label[contains(@class, 'sapMLabelRequired') and .//bdi[contains(text(), 'Planned Retirement')]]"}
RESULT: {"using":"xpath","value":"//label[contains(@class, 'sapMLabelRequired') and .//bdi[contains(text(), 'Planned Retirement')]]"}
COMMAND: POST /session/060cacbffd4401a8364377c341db2bd1/elements - {"using":"xpath","value":"//label[contains(@class, 'sapMLabelRequired') and .//bdi[contains(text(), 'Planned Retirement')]]"}
RESULT: {"using":"xpath","value":"//label[contains(@class, 'sapMLabelRequired') and .//bdi[contains(text(), 'Planned Retirement')]]"}
COMMAND: POST /session/060cacbffd4401a8364377c341db2bd1/element - {"using":"xpath","value":"//button[@data-kt=\"resourceUnitSaveButton\"]"}
RESULT: {"using":"xpath","value":"//button[@data-kt=\"resourceUnitSaveButton\"]"}
COMMAND: POST /session/060cacbffd4401a8364377c341db2bd1/element/f.137111DC309FACC23B5F67A3B3455007.d.893306EE2DA43D86AB11E25593F7DA24.e.7105/click - {}
RESULT: {}
COMMAND: GET /session/060cacbffd4401a8364377c341db2bd1/screenshot - {}
RESULT: {}
COMMAND: POST /session/060cacbffd4401a8364377c341db2bd1/element - {"using":"xpath","value":"//bdi[contains(text(), \"Close\")]"}
RESULT: {"using":"xpath","value":"//bdi[contains(text(), \"Close\")]"}
COMMAND: POST /session/060cacbffd4401a8364377c341db2bd1/element/f.137111DC309FACC23B5F67A3B3455007.d.893306EE2DA43D86AB11E25593F7DA24.e.7209/click - {}
RESULT: {}
COMMAND: GET /session/060cacbffd4401a8364377c341db2bd1/screenshot - {}
RESULT: {}
COMMAND: POST /session/060cacbffd4401a8364377c341db2bd1/element - {"using":"xpath","value":"//header[contains(@id, 'detailRruPage-headerTitle')]/div[1]/div[2]/div[2]/span[1]"}
RESULT: {"using":"xpath","value":"//header[contains(@id, 'detailRruPage-headerTitle')]/div[1]/div[2]/div[2]/span[1]"}
COMMAND: POST /session/060cacbffd4401a8364377c341db2bd1/elements - {"using":"xpath","value":"//header[contains(@id, 'detailRruPage-headerTitle')]/div[1]/div[2]/div[2]/span[1]"}
RESULT: {"using":"xpath","value":"//header[contains(@id, 'detailRruPage-headerTitle')]/div[1]/div[2]/div[2]/span[1]"}
COMMAND: POST /session/060cacbffd4401a8364377c341db2bd1/execute/sync - {"script":"<script> [56 bytes]","args":[{"element-6066-11e4-a52e-4f735466cecf":"f.137111DC309FACC23B5F67A3B3455007.d.893306EE2DA43D86AB11E25593F7DA24.e.7242","ELEMENT":"f.137111DC309FACC23B5F67A3B3455007.d.893306EE2DA43D86AB11E25593F7DA24.e.7242"}]}
RESULT: {"script":"<script> [56 bytes]","args":[{"element-6066-11e4-a52e-4f735466cecf":"f.137111DC309FACC23B5F67A3B3455007.d.893306EE2DA43D86AB11E25593F7DA24.e.7242","ELEMENT":"f.137111DC309FACC23B5F67A3B3455007.d.893306EE2DA43D86AB11E25593F7DA24.e.7242"}]}
]]></system-out>
    </testcase>
    <testcase classname="chrome.136_0_7103_93.windows.US134625_Set_up_price_condition_-_one_time" name="Should create new pricing rule one time" time="55.764">
      <system-out><![CDATA[
COMMAND: POST /session/060cacbffd4401a8364377c341db2bd1/element - {"using":"xpath","value":"(//button[contains(@id ,\"actionsToolbar-overflowButton\")])[1]"}
COMMAND: GET /session/060cacbffd4401a8364377c341db2bd1/screenshot - {}
RESULT: {"using":"xpath","value":"(//button[contains(@id ,\"actionsToolbar-overflowButton\")])[1]"}
COMMAND: POST /session/060cacbffd4401a8364377c341db2bd1/element/f.137111DC309FACC23B5F67A3B3455007.d.893306EE2DA43D86AB11E25593F7DA24.e.7243/click - {}
RESULT: {}
RESULT: {}
COMMAND: GET /session/060cacbffd4401a8364377c341db2bd1/screenshot - {}
RESULT: {}
COMMAND: POST /session/060cacbffd4401a8364377c341db2bd1/element - {"using":"xpath","value":"//button[@data-kt=\"priceInfoButton\"]"}
RESULT: {"using":"xpath","value":"//button[@data-kt=\"priceInfoButton\"]"}
COMMAND: POST /session/060cacbffd4401a8364377c341db2bd1/element/f.137111DC309FACC23B5F67A3B3455007.d.893306EE2DA43D86AB11E25593F7DA24.e.7245/click - {}
RESULT: {}
COMMAND: GET /session/060cacbffd4401a8364377c341db2bd1/screenshot - {}
RESULT: {}
COMMAND: POST /session/060cacbffd4401a8364377c341db2bd1/element - {"using":"xpath","value":"//button[@data-kt=\"addButton\"]"}
RESULT: {"using":"xpath","value":"//button[@data-kt=\"addButton\"]"}
COMMAND: POST /session/060cacbffd4401a8364377c341db2bd1/elements - {"using":"xpath","value":"//button[@data-kt=\"addButton\"]"}
RESULT: {"using":"xpath","value":"//button[@data-kt=\"addButton\"]"}
COMMAND: POST /session/060cacbffd4401a8364377c341db2bd1/elements - {"using":"xpath","value":"//button[@data-kt=\"addButton\"]"}
RESULT: {"using":"xpath","value":"//button[@data-kt=\"addButton\"]"}
COMMAND: POST /session/060cacbffd4401a8364377c341db2bd1/element - {"using":"xpath","value":"//button[@data-kt=\"addButton\"]"}
RESULT: {"using":"xpath","value":"//button[@data-kt=\"addButton\"]"}
COMMAND: POST /session/060cacbffd4401a8364377c341db2bd1/execute/sync - {"script":"<script> [8489 bytes]","args":[{"element-6066-11e4-a52e-4f735466cecf":"f.137111DC309FACC23B5F67A3B3455007.d.893306EE2DA43D86AB11E25593F7DA24.e.7281","ELEMENT":"f.137111DC309FACC23B5F67A3B3455007.d.893306EE2DA43D86AB11E25593F7DA24.e.7281"}]}
RESULT: {"script":"<script> [8489 bytes]","args":[{"element-6066-11e4-a52e-4f735466cecf":"f.137111DC309FACC23B5F67A3B3455007.d.893306EE2DA43D86AB11E25593F7DA24.e.7281","ELEMENT":"f.137111DC309FACC23B5F67A3B3455007.d.893306EE2DA43D86AB11E25593F7DA24.e.7281"}]}
COMMAND: GET /session/060cacbffd4401a8364377c341db2bd1/element/f.137111DC309FACC23B5F67A3B3455007.d.893306EE2DA43D86AB11E25593F7DA24.e.7281/enabled - {}
COMMAND: GET /session/060cacbffd4401a8364377c341db2bd1/screenshot - {}
RESULT: {}
COMMAND: POST /session/060cacbffd4401a8364377c341db2bd1/execute/sync - {"script":"<script> [8489 bytes]","args":[{"element-6066-11e4-a52e-4f735466cecf":"f.137111DC309FACC23B5F67A3B3455007.d.893306EE2DA43D86AB11E25593F7DA24.e.7281","ELEMENT":"f.137111DC309FACC23B5F67A3B3455007.d.893306EE2DA43D86AB11E25593F7DA24.e.7281"}]}
COMMAND: GET /session/060cacbffd4401a8364377c341db2bd1/screenshot - {}
RESULT: {}
RESULT: {"script":"<script> [8489 bytes]","args":[{"element-6066-11e4-a52e-4f735466cecf":"f.137111DC309FACC23B5F67A3B3455007.d.893306EE2DA43D86AB11E25593F7DA24.e.7281","ELEMENT":"f.137111DC309FACC23B5F67A3B3455007.d.893306EE2DA43D86AB11E25593F7DA24.e.7281"}]}
COMMAND: POST /session/060cacbffd4401a8364377c341db2bd1/execute/sync - {"script":"<script> [5351 bytes]","args":[{"element-6066-11e4-a52e-4f735466cecf":"f.137111DC309FACC23B5F67A3B3455007.d.893306EE2DA43D86AB11E25593F7DA24.e.7281","ELEMENT":"f.137111DC309FACC23B5F67A3B3455007.d.893306EE2DA43D86AB11E25593F7DA24.e.7281"}]}
COMMAND: GET /session/060cacbffd4401a8364377c341db2bd1/screenshot - {}
RESULT: {}
RESULT: {"script":"<script> [5351 bytes]","args":[{"element-6066-11e4-a52e-4f735466cecf":"f.137111DC309FACC23B5F67A3B3455007.d.893306EE2DA43D86AB11E25593F7DA24.e.7281","ELEMENT":"f.137111DC309FACC23B5F67A3B3455007.d.893306EE2DA43D86AB11E25593F7DA24.e.7281"}]}
COMMAND: POST /session/060cacbffd4401a8364377c341db2bd1/element/f.137111DC309FACC23B5F67A3B3455007.d.893306EE2DA43D86AB11E25593F7DA24.e.7281/click - {}
COMMAND: GET /session/060cacbffd4401a8364377c341db2bd1/screenshot - {}
RESULT: {}
RESULT: {}
COMMAND: GET /session/060cacbffd4401a8364377c341db2bd1/screenshot - {}
RESULT: {}
RESULT: {}
COMMAND: POST /session/060cacbffd4401a8364377c341db2bd1/execute/async - {"script":"<script> [1562 bytes]","args":[{"selector":{"controlType":"sap.m.Title","viewName":"etm.portal.ui.managepricingrules.view.NewItem","viewId":"application-managepricingrules-display-component---newInfoPriceItem","properties":{"text":"New Pricing Rules - Item Level"}},"wdio_ui5_key":"etmportal.ui.managepricingrules.view.NewItemsap.m.Title{\"text\":\"New Pricing Rules - Item Level\"}"}]}
RESULT: {"script":"<script> [1562 bytes]","args":[{"selector":{"controlType":"sap.m.Title","viewName":"etm.portal.ui.managepricingrules.view.NewItem","viewId":"application-managepricingrules-display-component---newInfoPriceItem","properties":{"text":"New Pricing Rules - Item Level"}},"wdio_ui5_key":"etmportal.ui.managepricingrules.view.NewItemsap.m.Title{\"text\":\"New Pricing Rules - Item Level\"}"}]}
RESULT: undefined
COMMAND: POST /session/060cacbffd4401a8364377c341db2bd1/execute/async - {"script":"<script> [6424 bytes]","args":[{"element-6066-11e4-a52e-4f735466cecf":"f.137111DC309FACC23B5F67A3B3455007.d.893306EE2DA43D86AB11E25593F7DA24.e.7453"},"getText",[]]}
RESULT: {"script":"<script> [6424 bytes]","args":[{"element-6066-11e4-a52e-4f735466cecf":"f.137111DC309FACC23B5F67A3B3455007.d.893306EE2DA43D86AB11E25593F7DA24.e.7453"},"getText",[]]}
COMMAND: POST /session/060cacbffd4401a8364377c341db2bd1/execute/async - {"script":"<script> [1562 bytes]","args":[{"selector":{"id":"application-managepricingrules-display-component---newInfoPriceItem--condValidTo","interaction":{"idSuffix":"inner"}},"wdio_ui5_key":"applicationmanagepricingrules-display-component---newInfoPriceItem--condValidTo"}]}
RESULT: {"script":"<script> [1562 bytes]","args":[{"selector":{"id":"application-managepricingrules-display-component---newInfoPriceItem--condValidTo","interaction":{"idSuffix":"inner"}},"wdio_ui5_key":"applicationmanagepricingrules-display-component---newInfoPriceItem--condValidTo"}]}
RESULT: undefined
COMMAND: POST /session/060cacbffd4401a8364377c341db2bd1/execute/async - {"script":"<script> [776 bytes]","args":[{"enterText":"1/18/26","selector":{"id":"application-managepricingrules-display-component---newInfoPriceItem--condValidTo","interaction":{"idSuffix":"inner"}},"clearTextFirst":true,"interactionType":"ENTER_TEXT"}]}
RESULT: {"script":"<script> [776 bytes]","args":[{"enterText":"1/18/26","selector":{"id":"application-managepricingrules-display-component---newInfoPriceItem--condValidTo","interaction":{"idSuffix":"inner"}},"clearTextFirst":true,"interactionType":"ENTER_TEXT"}]}
COMMAND: POST /session/060cacbffd4401a8364377c341db2bd1/execute/async - {"script":"<script> [1562 bytes]","args":[{"selector":{"id":"application-managepricingrules-display-component---newInfoPriceItem--billType-arrow"},"wdio_ui5_key":"applicationmanagepricingrules-display-component---newInfoPriceItem--billType-arrow"}]}
RESULT: {"script":"<script> [1562 bytes]","args":[{"selector":{"id":"application-managepricingrules-display-component---newInfoPriceItem--billType-arrow"},"wdio_ui5_key":"applicationmanagepricingrules-display-component---newInfoPriceItem--billType-arrow"}]}
RESULT: undefined
COMMAND: POST /session/060cacbffd4401a8364377c341db2bd1/element - {"using":"xpath","value":"//*[@id=\"application-managepricingrules-display-component---newInfoPriceItem--billType-arrow\"]"}
RESULT: {"using":"xpath","value":"//*[@id=\"application-managepricingrules-display-component---newInfoPriceItem--billType-arrow\"]"}
COMMAND: POST /session/060cacbffd4401a8364377c341db2bd1/element/f.137111DC309FACC23B5F67A3B3455007.d.893306EE2DA43D86AB11E25593F7DA24.e.7411/click - {}
RESULT: {}
COMMAND: POST /session/060cacbffd4401a8364377c341db2bd1/element - {"using":"xpath","value":"//span[contains(text(), \"OT - Sales (one-time)\")]"}
COMMAND: GET /session/060cacbffd4401a8364377c341db2bd1/screenshot - {}
RESULT: {"using":"xpath","value":"//span[contains(text(), \"OT - Sales (one-time)\")]"}
COMMAND: POST /session/060cacbffd4401a8364377c341db2bd1/element/f.137111DC309FACC23B5F67A3B3455007.d.893306EE2DA43D86AB11E25593F7DA24.e.7455/click - {}
RESULT: {}
RESULT: {}
COMMAND: POST /session/060cacbffd4401a8364377c341db2bd1/execute/async - {"script":"<script> [1562 bytes]","args":[{"selector":{"id":"application-managepricingrules-display-component---newInfoPriceItem--priceProc-arrow"},"wdio_ui5_key":"applicationmanagepricingrules-display-component---newInfoPriceItem--priceProc-arrow"}]}
COMMAND: GET /session/060cacbffd4401a8364377c341db2bd1/screenshot - {}
RESULT: {"script":"<script> [1562 bytes]","args":[{"selector":{"id":"application-managepricingrules-display-component---newInfoPriceItem--priceProc-arrow"},"wdio_ui5_key":"applicationmanagepricingrules-display-component---newInfoPriceItem--priceProc-arrow"}]}
RESULT: undefined
COMMAND: POST /session/060cacbffd4401a8364377c341db2bd1/element - {"using":"xpath","value":"//*[@id=\"application-managepricingrules-display-component---newInfoPriceItem--priceProc-arrow\"]"}
RESULT: {}
RESULT: {"using":"xpath","value":"//*[@id=\"application-managepricingrules-display-component---newInfoPriceItem--priceProc-arrow\"]"}
COMMAND: POST /session/060cacbffd4401a8364377c341db2bd1/element/f.137111DC309FACC23B5F67A3B3455007.d.893306EE2DA43D86AB11E25593F7DA24.e.7418/click - {}
RESULT: {}
COMMAND: POST /session/060cacbffd4401a8364377c341db2bd1/element - {"using":"xpath","value":"//span[contains(text(), \"MAT - Material\")]"}
COMMAND: GET /session/060cacbffd4401a8364377c341db2bd1/screenshot - {}
RESULT: {"using":"xpath","value":"//span[contains(text(), \"MAT - Material\")]"}
COMMAND: POST /session/060cacbffd4401a8364377c341db2bd1/element/f.137111DC309FACC23B5F67A3B3455007.d.893306EE2DA43D86AB11E25593F7DA24.e.7456/click - {}
RESULT: {}
RESULT: {}
COMMAND: POST /session/060cacbffd4401a8364377c341db2bd1/execute/async - {"script":"<script> [1562 bytes]","args":[{"selector":{"id":"application-managepricingrules-display-component---newInfoPriceItem--calcBase-arrow"},"wdio_ui5_key":"applicationmanagepricingrules-display-component---newInfoPriceItem--calcBase-arrow"}]}
COMMAND: GET /session/060cacbffd4401a8364377c341db2bd1/screenshot - {}
RESULT: {"script":"<script> [1562 bytes]","args":[{"selector":{"id":"application-managepricingrules-display-component---newInfoPriceItem--calcBase-arrow"},"wdio_ui5_key":"applicationmanagepricingrules-display-component---newInfoPriceItem--calcBase-arrow"}]}
RESULT: undefined
COMMAND: POST /session/060cacbffd4401a8364377c341db2bd1/element - {"using":"xpath","value":"//*[@id=\"application-managepricingrules-display-component---newInfoPriceItem--calcBase-arrow\"]"}
RESULT: {}
RESULT: {"using":"xpath","value":"//*[@id=\"application-managepricingrules-display-component---newInfoPriceItem--calcBase-arrow\"]"}
COMMAND: POST /session/060cacbffd4401a8364377c341db2bd1/element/f.137111DC309FACC23B5F67A3B3455007.d.893306EE2DA43D86AB11E25593F7DA24.e.7425/click - {}
RESULT: {}
COMMAND: GET /session/060cacbffd4401a8364377c341db2bd1/screenshot - {}
RESULT: {}
COMMAND: POST /session/060cacbffd4401a8364377c341db2bd1/element - {"using":"xpath","value":"//span[contains(text(), \"0001 - TB(exact month + cal_days)\")]"}
RESULT: {"using":"xpath","value":"//span[contains(text(), \"0001 - TB(exact month + cal_days)\")]"}
COMMAND: POST /session/060cacbffd4401a8364377c341db2bd1/element/f.137111DC309FACC23B5F67A3B3455007.d.893306EE2DA43D86AB11E25593F7DA24.e.7457/click - {}
RESULT: {}
COMMAND: GET /session/060cacbffd4401a8364377c341db2bd1/screenshot - {}
RESULT: {}
COMMAND: POST /session/060cacbffd4401a8364377c341db2bd1/element - {"using":"xpath","value":"//button[@data-kt=\"saveNewRuleButton\"]"}
RESULT: {"using":"xpath","value":"//button[@data-kt=\"saveNewRuleButton\"]"}
COMMAND: POST /session/060cacbffd4401a8364377c341db2bd1/element/f.137111DC309FACC23B5F67A3B3455007.d.893306EE2DA43D86AB11E25593F7DA24.e.7445/click - {}
RESULT: {}
COMMAND: GET /session/060cacbffd4401a8364377c341db2bd1/screenshot - {}
RESULT: {}
COMMAND: POST /session/060cacbffd4401a8364377c341db2bd1/execute/async - {"script":"<script> [1562 bytes]","args":[{"selector":{"id":"application-managepricingrules-display-component---priceInfoItem--smartFilterBar-btnBasicSearch","interaction":{"idSuffix":"I"}},"wdio_ui5_key":"applicationmanagepricingrules-display-component---priceInfoItem--smartFilterBar-btnBasicSearch"}]}
RESULT: {"script":"<script> [1562 bytes]","args":[{"selector":{"id":"application-managepricingrules-display-component---priceInfoItem--smartFilterBar-btnBasicSearch","interaction":{"idSuffix":"I"}},"wdio_ui5_key":"applicationmanagepricingrules-display-component---priceInfoItem--smartFilterBar-btnBasicSearch"}]}
RESULT: undefined
COMMAND: POST /session/060cacbffd4401a8364377c341db2bd1/execute/async - {"script":"<script> [776 bytes]","args":[{"enterText":"200278","selector":{"id":"application-managepricingrules-display-component---priceInfoItem--smartFilterBar-btnBasicSearch","interaction":{"idSuffix":"I"}},"clearTextFirst":true,"interactionType":"ENTER_TEXT"}]}
RESULT: {"script":"<script> [776 bytes]","args":[{"enterText":"200278","selector":{"id":"application-managepricingrules-display-component---priceInfoItem--smartFilterBar-btnBasicSearch","interaction":{"idSuffix":"I"}},"clearTextFirst":true,"interactionType":"ENTER_TEXT"}]}
COMMAND: POST /session/060cacbffd4401a8364377c341db2bd1/actions - {"actions":[{"id":"action23","type":"key","parameters":{},"actions":[{"type":"keyDown","value":"î€‡"},{"type":"pause","duration":10},{"type":"keyUp","value":"î€‡"}]}]}
RESULT: {"actions":[{"id":"action23","type":"key","parameters":{},"actions":[{"type":"keyDown","value":"î€‡"},{"type":"pause","duration":10},{"type":"keyUp","value":"î€‡"}]}]}
COMMAND: GET /session/060cacbffd4401a8364377c341db2bd1/screenshot - {}
RESULT: {}
COMMAND: POST /session/060cacbffd4401a8364377c341db2bd1/element - {"using":"xpath","value":"//span[@id=\"application-managepricingrules-display-component---priceInfoItem--smartTable-header-inner\"]"}
RESULT: {"using":"xpath","value":"//span[@id=\"application-managepricingrules-display-component---priceInfoItem--smartTable-header-inner\"]"}
COMMAND: POST /session/060cacbffd4401a8364377c341db2bd1/elements - {"using":"xpath","value":"//span[@id=\"application-managepricingrules-display-component---priceInfoItem--smartTable-header-inner\"]"}
RESULT: {"using":"xpath","value":"//span[@id=\"application-managepricingrules-display-component---priceInfoItem--smartTable-header-inner\"]"}
COMMAND: POST /session/060cacbffd4401a8364377c341db2bd1/execute/sync - {"script":"<script> [56 bytes]","args":[{"element-6066-11e4-a52e-4f735466cecf":"f.137111DC309FACC23B5F67A3B3455007.d.893306EE2DA43D86AB11E25593F7DA24.e.7469","ELEMENT":"f.137111DC309FACC23B5F67A3B3455007.d.893306EE2DA43D86AB11E25593F7DA24.e.7469"}]}
RESULT: {"script":"<script> [56 bytes]","args":[{"element-6066-11e4-a52e-4f735466cecf":"f.137111DC309FACC23B5F67A3B3455007.d.893306EE2DA43D86AB11E25593F7DA24.e.7469","ELEMENT":"f.137111DC309FACC23B5F67A3B3455007.d.893306EE2DA43D86AB11E25593F7DA24.e.7469"}]}
COMMAND: POST /session/060cacbffd4401a8364377c341db2bd1/element - {"using":"css selector","value":"#shell-header-logo"}
COMMAND: GET /session/060cacbffd4401a8364377c341db2bd1/screenshot - {}
RESULT: {"using":"css selector","value":"#shell-header-logo"}
COMMAND: POST /session/060cacbffd4401a8364377c341db2bd1/element/f.137111DC309FACC23B5F67A3B3455007.d.893306EE2DA43D86AB11E25593F7DA24.e.6695/click - {}
RESULT: {}
RESULT: {}
COMMAND: GET /session/060cacbffd4401a8364377c341db2bd1/screenshot - {}
RESULT: {}
]]></system-out>
    </testcase>
    <testcase classname="chrome.136_0_7103_93.windows.US134625_Set_up_price_condition_-_one_time" name="Should create new condition one time" time="62.724">
      <system-out><![CDATA[
COMMAND: POST /session/060cacbffd4401a8364377c341db2bd1/execute/async - {"script":"<script> [1562 bytes]","args":[{"selector":{"controlType":"sap.m.GenericTile","properties":{"header":"Manage Conditions & Prices"}},"wdio_ui5_key":"sapm.GenericTile{\"header\":\"Manage Conditions & Prices\"}"}]}
RESULT: {"script":"<script> [1562 bytes]","args":[{"selector":{"controlType":"sap.m.GenericTile","properties":{"header":"Manage Conditions & Prices"}},"wdio_ui5_key":"sapm.GenericTile{\"header\":\"Manage Conditions & Prices\"}"}]}
RESULT: undefined
COMMAND: POST /session/060cacbffd4401a8364377c341db2bd1/element - {"using":"xpath","value":"//*[@id=\"__tile53\"]"}
RESULT: {"using":"xpath","value":"//*[@id=\"__tile53\"]"}
COMMAND: POST /session/060cacbffd4401a8364377c341db2bd1/element/f.137111DC309FACC23B5F67A3B3455007.d.893306EE2DA43D86AB11E25593F7DA24.e.6633/click - {}
RESULT: {}
COMMAND: GET /session/060cacbffd4401a8364377c341db2bd1/screenshot - {}
RESULT: {}
COMMAND: POST /session/060cacbffd4401a8364377c341db2bd1/elements - {"using":"xpath","value":"//span[text()='Error']"}
RESULT: {"using":"xpath","value":"//span[text()='Error']"}
COMMAND: POST /session/060cacbffd4401a8364377c341db2bd1/element - {"using":"xpath","value":"//button[@aria-label=\"Create\"]"}
RESULT: {"using":"xpath","value":"//button[@aria-label=\"Create\"]"}
COMMAND: POST /session/060cacbffd4401a8364377c341db2bd1/elements - {"using":"xpath","value":"//button[@aria-label=\"Create\"]"}
RESULT: {"using":"xpath","value":"//button[@aria-label=\"Create\"]"}
COMMAND: POST /session/060cacbffd4401a8364377c341db2bd1/execute/sync - {"script":"<script> [8489 bytes]","args":[{"element-6066-11e4-a52e-4f735466cecf":"f.137111DC309FACC23B5F67A3B3455007.d.893306EE2DA43D86AB11E25593F7DA24.e.7504","ELEMENT":"f.137111DC309FACC23B5F67A3B3455007.d.893306EE2DA43D86AB11E25593F7DA24.e.7504"}]}
RESULT: {"script":"<script> [8489 bytes]","args":[{"element-6066-11e4-a52e-4f735466cecf":"f.137111DC309FACC23B5F67A3B3455007.d.893306EE2DA43D86AB11E25593F7DA24.e.7504","ELEMENT":"f.137111DC309FACC23B5F67A3B3455007.d.893306EE2DA43D86AB11E25593F7DA24.e.7504"}]}
COMMAND: GET /session/060cacbffd4401a8364377c341db2bd1/element/f.137111DC309FACC23B5F67A3B3455007.d.893306EE2DA43D86AB11E25593F7DA24.e.7504/enabled - {}
COMMAND: GET /session/060cacbffd4401a8364377c341db2bd1/screenshot - {}
RESULT: {}
COMMAND: POST /session/060cacbffd4401a8364377c341db2bd1/execute/sync - {"script":"<script> [8489 bytes]","args":[{"element-6066-11e4-a52e-4f735466cecf":"f.137111DC309FACC23B5F67A3B3455007.d.893306EE2DA43D86AB11E25593F7DA24.e.7504","ELEMENT":"f.137111DC309FACC23B5F67A3B3455007.d.893306EE2DA43D86AB11E25593F7DA24.e.7504"}]}
COMMAND: GET /session/060cacbffd4401a8364377c341db2bd1/screenshot - {}
RESULT: {}
RESULT: {"script":"<script> [8489 bytes]","args":[{"element-6066-11e4-a52e-4f735466cecf":"f.137111DC309FACC23B5F67A3B3455007.d.893306EE2DA43D86AB11E25593F7DA24.e.7504","ELEMENT":"f.137111DC309FACC23B5F67A3B3455007.d.893306EE2DA43D86AB11E25593F7DA24.e.7504"}]}
COMMAND: POST /session/060cacbffd4401a8364377c341db2bd1/execute/sync - {"script":"<script> [5351 bytes]","args":[{"element-6066-11e4-a52e-4f735466cecf":"f.137111DC309FACC23B5F67A3B3455007.d.893306EE2DA43D86AB11E25593F7DA24.e.7504","ELEMENT":"f.137111DC309FACC23B5F67A3B3455007.d.893306EE2DA43D86AB11E25593F7DA24.e.7504"}]}
COMMAND: GET /session/060cacbffd4401a8364377c341db2bd1/screenshot - {}
RESULT: {}
RESULT: {"script":"<script> [5351 bytes]","args":[{"element-6066-11e4-a52e-4f735466cecf":"f.137111DC309FACC23B5F67A3B3455007.d.893306EE2DA43D86AB11E25593F7DA24.e.7504","ELEMENT":"f.137111DC309FACC23B5F67A3B3455007.d.893306EE2DA43D86AB11E25593F7DA24.e.7504"}]}
COMMAND: POST /session/060cacbffd4401a8364377c341db2bd1/element/f.137111DC309FACC23B5F67A3B3455007.d.893306EE2DA43D86AB11E25593F7DA24.e.7504/click - {}
COMMAND: GET /session/060cacbffd4401a8364377c341db2bd1/screenshot - {}
RESULT: {}
RESULT: {}
COMMAND: GET /session/060cacbffd4401a8364377c341db2bd1/screenshot - {}
RESULT: {}
RESULT: {}
COMMAND: POST /session/060cacbffd4401a8364377c341db2bd1/actions - {"actions":[{"id":"action24","type":"key","parameters":{},"actions":[{"type":"keyDown","value":"î€‡"},{"type":"pause","duration":10},{"type":"keyUp","value":"î€‡"}]}]}
RESULT: {"actions":[{"id":"action24","type":"key","parameters":{},"actions":[{"type":"keyDown","value":"î€‡"},{"type":"pause","duration":10},{"type":"keyUp","value":"î€‡"}]}]}
COMMAND: GET /session/060cacbffd4401a8364377c341db2bd1/screenshot - {}
RESULT: {}
COMMAND: POST /session/060cacbffd4401a8364377c341db2bd1/execute/async - {"script":"<script> [1562 bytes]","args":[{"selector":{"id":"application-manageconditionprice-display-component---newCondition--condBillCond-arrow"},"wdio_ui5_key":"applicationmanageconditionprice-display-component---newCondition--condBillCond-arrow"}]}
RESULT: {"script":"<script> [1562 bytes]","args":[{"selector":{"id":"application-manageconditionprice-display-component---newCondition--condBillCond-arrow"},"wdio_ui5_key":"applicationmanageconditionprice-display-component---newCondition--condBillCond-arrow"}]}
RESULT: undefined
COMMAND: POST /session/060cacbffd4401a8364377c341db2bd1/element - {"using":"xpath","value":"//*[@id=\"application-manageconditionprice-display-component---newCondition--condBillCond-arrow\"]"}
RESULT: {"using":"xpath","value":"//*[@id=\"application-manageconditionprice-display-component---newCondition--condBillCond-arrow\"]"}
COMMAND: POST /session/060cacbffd4401a8364377c341db2bd1/element/f.137111DC309FACC23B5F67A3B3455007.d.893306EE2DA43D86AB11E25593F7DA24.e.7689/click - {}
RESULT: {}
COMMAND: GET /session/060cacbffd4401a8364377c341db2bd1/screenshot - {}
RESULT: {}
COMMAND: POST /session/060cacbffd4401a8364377c341db2bd1/element - {"using":"xpath","value":"//li[.//span[contains(text(), \"SAPR - Sales price\")]]"}
RESULT: {"using":"xpath","value":"//li[.//span[contains(text(), \"SAPR - Sales price\")]]"}
COMMAND: POST /session/060cacbffd4401a8364377c341db2bd1/element/f.137111DC309FACC23B5F67A3B3455007.d.893306EE2DA43D86AB11E25593F7DA24.e.7692/click - {}
RESULT: {}
COMMAND: GET /session/060cacbffd4401a8364377c341db2bd1/screenshot - {}
RESULT: {}
COMMAND: POST /session/060cacbffd4401a8364377c341db2bd1/execute/async - {"script":"<script> [1562 bytes]","args":[{"selector":{"id":"application-manageconditionprice-display-component---newCondition--condValidTo","interaction":{"idSuffix":"inner"}},"wdio_ui5_key":"applicationmanageconditionprice-display-component---newCondition--condValidTo"}]}
RESULT: {"script":"<script> [1562 bytes]","args":[{"selector":{"id":"application-manageconditionprice-display-component---newCondition--condValidTo","interaction":{"idSuffix":"inner"}},"wdio_ui5_key":"applicationmanageconditionprice-display-component---newCondition--condValidTo"}]}
RESULT: undefined
COMMAND: POST /session/060cacbffd4401a8364377c341db2bd1/execute/async - {"script":"<script> [776 bytes]","args":[{"enterText":"1/18/26","selector":{"id":"application-manageconditionprice-display-component---newCondition--condValidTo","interaction":{"idSuffix":"inner"}},"clearTextFirst":true,"interactionType":"ENTER_TEXT"}]}
RESULT: {"script":"<script> [776 bytes]","args":[{"enterText":"1/18/26","selector":{"id":"application-manageconditionprice-display-component---newCondition--condValidTo","interaction":{"idSuffix":"inner"}},"clearTextFirst":true,"interactionType":"ENTER_TEXT"}]}
COMMAND: POST /session/060cacbffd4401a8364377c341db2bd1/element - {"using":"xpath","value":"//input[@id=\"application-manageconditionprice-display-component---newCondition--condRU-inner\"]"}
RESULT: {"using":"xpath","value":"//input[@id=\"application-manageconditionprice-display-component---newCondition--condRU-inner\"]"}
COMMAND: POST /session/060cacbffd4401a8364377c341db2bd1/element/f.137111DC309FACC23B5F67A3B3455007.d.893306EE2DA43D86AB11E25593F7DA24.e.7520/clear - {}
RESULT: {}
COMMAND: POST /session/060cacbffd4401a8364377c341db2bd1/element/f.137111DC309FACC23B5F67A3B3455007.d.893306EE2DA43D86AB11E25593F7DA24.e.7520/value - {"text":"200278"}
COMMAND: GET /session/060cacbffd4401a8364377c341db2bd1/screenshot - {}
RESULT: {"text":"200278"}
COMMAND: GET /session/060cacbffd4401a8364377c341db2bd1/screenshot - {}
RESULT: {}
RESULT: {}
COMMAND: POST /session/060cacbffd4401a8364377c341db2bd1/actions - {"actions":[{"id":"action25","type":"key","parameters":{},"actions":[{"type":"keyDown","value":"î€‡"},{"type":"pause","duration":10},{"type":"keyUp","value":"î€‡"}]}]}
RESULT: {"actions":[{"id":"action25","type":"key","parameters":{},"actions":[{"type":"keyDown","value":"î€‡"},{"type":"pause","duration":10},{"type":"keyUp","value":"î€‡"}]}]}
COMMAND: POST /session/060cacbffd4401a8364377c341db2bd1/execute/async - {"script":"<script> [1562 bytes]","args":[{"selector":{"id":"application-manageconditionprice-display-component---newCondition--condBaseQty","interaction":{"idSuffix":"inner"}},"wdio_ui5_key":"applicationmanageconditionprice-display-component---newCondition--condBaseQty"}]}
COMMAND: GET /session/060cacbffd4401a8364377c341db2bd1/screenshot - {}
RESULT: {"script":"<script> [1562 bytes]","args":[{"selector":{"id":"application-manageconditionprice-display-component---newCondition--condBaseQty","interaction":{"idSuffix":"inner"}},"wdio_ui5_key":"applicationmanageconditionprice-display-component---newCondition--condBaseQty"}]}
RESULT: undefined
COMMAND: POST /session/060cacbffd4401a8364377c341db2bd1/execute/async - {"script":"<script> [776 bytes]","args":[{"enterText":"1","selector":{"id":"application-manageconditionprice-display-component---newCondition--condBaseQty","interaction":{"idSuffix":"inner"}},"clearTextFirst":true,"interactionType":"ENTER_TEXT"}]}
RESULT: {}
RESULT: {"script":"<script> [776 bytes]","args":[{"enterText":"1","selector":{"id":"application-manageconditionprice-display-component---newCondition--condBaseQty","interaction":{"idSuffix":"inner"}},"clearTextFirst":true,"interactionType":"ENTER_TEXT"}]}
COMMAND: POST /session/060cacbffd4401a8364377c341db2bd1/execute/async - {"script":"<script> [1562 bytes]","args":[{"selector":{"id":"application-manageconditionprice-display-component---newCondition--condValue","interaction":{"idSuffix":"inner"}},"wdio_ui5_key":"applicationmanageconditionprice-display-component---newCondition--condValue"}]}
RESULT: {"script":"<script> [1562 bytes]","args":[{"selector":{"id":"application-manageconditionprice-display-component---newCondition--condValue","interaction":{"idSuffix":"inner"}},"wdio_ui5_key":"applicationmanageconditionprice-display-component---newCondition--condValue"}]}
RESULT: undefined
COMMAND: POST /session/060cacbffd4401a8364377c341db2bd1/execute/async - {"script":"<script> [776 bytes]","args":[{"enterText":"100.00","selector":{"id":"application-manageconditionprice-display-component---newCondition--condValue","interaction":{"idSuffix":"inner"}},"clearTextFirst":true,"interactionType":"ENTER_TEXT"}]}
RESULT: {"script":"<script> [776 bytes]","args":[{"enterText":"100.00","selector":{"id":"application-manageconditionprice-display-component---newCondition--condValue","interaction":{"idSuffix":"inner"}},"clearTextFirst":true,"interactionType":"ENTER_TEXT"}]}
COMMAND: POST /session/060cacbffd4401a8364377c341db2bd1/execute/async - {"script":"<script> [1562 bytes]","args":[{"selector":{"id":"application-manageconditionprice-display-component---newCondition--condCurr-arrow"},"wdio_ui5_key":"applicationmanageconditionprice-display-component---newCondition--condCurr-arrow"}]}
RESULT: {"script":"<script> [1562 bytes]","args":[{"selector":{"id":"application-manageconditionprice-display-component---newCondition--condCurr-arrow"},"wdio_ui5_key":"applicationmanageconditionprice-display-component---newCondition--condCurr-arrow"}]}
RESULT: undefined
COMMAND: POST /session/060cacbffd4401a8364377c341db2bd1/element - {"using":"xpath","value":"//*[@id=\"application-manageconditionprice-display-component---newCondition--condCurr-arrow\"]"}
RESULT: {"using":"xpath","value":"//*[@id=\"application-manageconditionprice-display-component---newCondition--condCurr-arrow\"]"}
COMMAND: POST /session/060cacbffd4401a8364377c341db2bd1/element/f.137111DC309FACC23B5F67A3B3455007.d.893306EE2DA43D86AB11E25593F7DA24.e.7669/click - {}
RESULT: {}
COMMAND: POST /session/060cacbffd4401a8364377c341db2bd1/element - {"using":"xpath","value":"//span[contains(text(), \"Euro\")]"}
COMMAND: GET /session/060cacbffd4401a8364377c341db2bd1/screenshot - {}
RESULT: {"using":"xpath","value":"//span[contains(text(), \"Euro\")]"}
COMMAND: POST /session/060cacbffd4401a8364377c341db2bd1/element/f.137111DC309FACC23B5F67A3B3455007.d.893306EE2DA43D86AB11E25593F7DA24.e.7728/click - {}
RESULT: {}
RESULT: {}
COMMAND: POST /session/060cacbffd4401a8364377c341db2bd1/element - {"using":"xpath","value":"//button[@data-kt=\"saveButton\"]"}
COMMAND: GET /session/060cacbffd4401a8364377c341db2bd1/screenshot - {}
RESULT: {"using":"xpath","value":"//button[@data-kt=\"saveButton\"]"}
COMMAND: POST /session/060cacbffd4401a8364377c341db2bd1/element/f.137111DC309FACC23B5F67A3B3455007.d.893306EE2DA43D86AB11E25593F7DA24.e.7670/click - {}
RESULT: {}
RESULT: {}
COMMAND: GET /session/060cacbffd4401a8364377c341db2bd1/screenshot - {}
RESULT: {}
COMMAND: POST /session/060cacbffd4401a8364377c341db2bd1/execute/async - {"script":"<script> [1562 bytes]","args":[{"selector":{"id":"application-manageconditionprice-display-component---conditions--smartFilterBar-btnBasicSearch","interaction":{"idSuffix":"I"}},"wdio_ui5_key":"applicationmanageconditionprice-display-component---conditions--smartFilterBar-btnBasicSearch"}]}
RESULT: {"script":"<script> [1562 bytes]","args":[{"selector":{"id":"application-manageconditionprice-display-component---conditions--smartFilterBar-btnBasicSearch","interaction":{"idSuffix":"I"}},"wdio_ui5_key":"applicationmanageconditionprice-display-component---conditions--smartFilterBar-btnBasicSearch"}]}
RESULT: undefined
COMMAND: POST /session/060cacbffd4401a8364377c341db2bd1/execute/async - {"script":"<script> [776 bytes]","args":[{"enterText":"200278","selector":{"id":"application-manageconditionprice-display-component---conditions--smartFilterBar-btnBasicSearch","interaction":{"idSuffix":"I"}},"clearTextFirst":true,"interactionType":"ENTER_TEXT"}]}
RESULT: {"script":"<script> [776 bytes]","args":[{"enterText":"200278","selector":{"id":"application-manageconditionprice-display-component---conditions--smartFilterBar-btnBasicSearch","interaction":{"idSuffix":"I"}},"clearTextFirst":true,"interactionType":"ENTER_TEXT"}]}
COMMAND: POST /session/060cacbffd4401a8364377c341db2bd1/actions - {"actions":[{"id":"action26","type":"key","parameters":{},"actions":[{"type":"keyDown","value":"î€‡"},{"type":"pause","duration":10},{"type":"keyUp","value":"î€‡"}]}]}
RESULT: {"actions":[{"id":"action26","type":"key","parameters":{},"actions":[{"type":"keyDown","value":"î€‡"},{"type":"pause","duration":10},{"type":"keyUp","value":"î€‡"}]}]}
COMMAND: GET /session/060cacbffd4401a8364377c341db2bd1/screenshot - {}
RESULT: {}
COMMAND: POST /session/060cacbffd4401a8364377c341db2bd1/execute/async - {"script":"<script> [1562 bytes]","args":[{"selector":{"id":"application-manageconditionprice-display-component---conditions--smartFilterBar-filterItemControl_BASIC-BILL_TYPES-vhi"},"wdio_ui5_key":"applicationmanageconditionprice-display-component---conditions--smartFilterBar-filterItemControl_BASIC-BILL_TYPES-vhi"}]}
RESULT: {"script":"<script> [1562 bytes]","args":[{"selector":{"id":"application-manageconditionprice-display-component---conditions--smartFilterBar-filterItemControl_BASIC-BILL_TYPES-vhi"},"wdio_ui5_key":"applicationmanageconditionprice-display-component---conditions--smartFilterBar-filterItemControl_BASIC-BILL_TYPES-vhi"}]}
RESULT: undefined
COMMAND: POST /session/060cacbffd4401a8364377c341db2bd1/element - {"using":"xpath","value":"//*[@id=\"application-manageconditionprice-display-component---conditions--smartFilterBar-filterItemControl_BASIC-BILL_TYPES-vhi\"]"}
RESULT: {"using":"xpath","value":"//*[@id=\"application-manageconditionprice-display-component---conditions--smartFilterBar-filterItemControl_BASIC-BILL_TYPES-vhi\"]"}
COMMAND: POST /session/060cacbffd4401a8364377c341db2bd1/element/f.137111DC309FACC23B5F67A3B3455007.d.893306EE2DA43D86AB11E25593F7DA24.e.7835/click - {}
RESULT: {}
COMMAND: POST /session/060cacbffd4401a8364377c341db2bd1/execute/async - {"script":"<script> [1562 bytes]","args":[{"selector":{"id":"application-manageconditionprice-display-component---conditions--smartFilterBar-filterItemControl_BASIC-BILL_TYPES-valueHelpDialog-smartFilterBar-btnBasicSearch","searchOpenDialogs":true,"interaction":{"idSuffix":"I"}},"wdio_ui5_key":"applicationmanageconditionprice-display-component---conditions--smartFilterBar-filterItemControl_BASIC-BILL_TYPES-valueHelpDialog-smartFilterBar-btnBasicSearch"}]}
COMMAND: GET /session/060cacbffd4401a8364377c341db2bd1/screenshot - {}
RESULT: {"script":"<script> [1562 bytes]","args":[{"selector":{"id":"application-manageconditionprice-display-component---conditions--smartFilterBar-filterItemControl_BASIC-BILL_TYPES-valueHelpDialog-smartFilterBar-btnBasicSearch","searchOpenDialogs":true,"interaction":{"idSuffix":"I"}},"wdio_ui5_key":"applicationmanageconditionprice-display-component---conditions--smartFilterBar-filterItemControl_BASIC-BILL_TYPES-valueHelpDialog-smartFilterBar-btnBasicSearch"}]}
RESULT: undefined
COMMAND: POST /session/060cacbffd4401a8364377c341db2bd1/execute/async - {"script":"<script> [776 bytes]","args":[{"enterText":"one","selector":{"id":"application-manageconditionprice-display-component---conditions--smartFilterBar-filterItemControl_BASIC-BILL_TYPES-valueHelpDialog-smartFilterBar-btnBasicSearch","searchOpenDialogs":true,"interaction":{"idSuffix":"I"}},"clearTextFirst":true,"interactionType":"ENTER_TEXT"}]}
RESULT: {}
RESULT: {"script":"<script> [776 bytes]","args":[{"enterText":"one","selector":{"id":"application-manageconditionprice-display-component---conditions--smartFilterBar-filterItemControl_BASIC-BILL_TYPES-valueHelpDialog-smartFilterBar-btnBasicSearch","searchOpenDialogs":true,"interaction":{"idSuffix":"I"}},"clearTextFirst":true,"interactionType":"ENTER_TEXT"}]}
COMMAND: POST /session/060cacbffd4401a8364377c341db2bd1/actions - {"actions":[{"id":"action27","type":"key","parameters":{},"actions":[{"type":"keyDown","value":"î€‡"},{"type":"pause","duration":10},{"type":"keyUp","value":"î€‡"}]}]}
RESULT: {"actions":[{"id":"action27","type":"key","parameters":{},"actions":[{"type":"keyDown","value":"î€‡"},{"type":"pause","duration":10},{"type":"keyUp","value":"î€‡"}]}]}
COMMAND: GET /session/060cacbffd4401a8364377c341db2bd1/screenshot - {}
RESULT: {}
COMMAND: POST /session/060cacbffd4401a8364377c341db2bd1/element - {"using":"xpath","value":"//div[contains(@id, 'application-manageconditionprice-display-component---conditions--smartFilterBar-filterItemControl_BASIC-BILL_TYPES-valueHelpDialog-table-rowsel0')]"}
RESULT: {"using":"xpath","value":"//div[contains(@id, 'application-manageconditionprice-display-component---conditions--smartFilterBar-filterItemControl_BASIC-BILL_TYPES-valueHelpDialog-table-rowsel0')]"}
COMMAND: POST /session/060cacbffd4401a8364377c341db2bd1/element/f.137111DC309FACC23B5F67A3B3455007.d.893306EE2DA43D86AB11E25593F7DA24.e.7844/click - {}
RESULT: {}
COMMAND: GET /session/060cacbffd4401a8364377c341db2bd1/screenshot - {}
RESULT: {}
COMMAND: POST /session/060cacbffd4401a8364377c341db2bd1/element - {"using":"xpath","value":"//bdi[contains(text(), \"OK\")]"}
RESULT: {"using":"xpath","value":"//bdi[contains(text(), \"OK\")]"}
COMMAND: POST /session/060cacbffd4401a8364377c341db2bd1/element/f.137111DC309FACC23B5F67A3B3455007.d.893306EE2DA43D86AB11E25593F7DA24.e.7846/click - {}
RESULT: {}
COMMAND: GET /session/060cacbffd4401a8364377c341db2bd1/screenshot - {}
RESULT: {}
COMMAND: POST /session/060cacbffd4401a8364377c341db2bd1/element - {"using":"xpath","value":"//span[@id=\"application-manageconditionprice-display-component---conditions--smartTable-header-inner\"]"}
RESULT: {"using":"xpath","value":"//span[@id=\"application-manageconditionprice-display-component---conditions--smartTable-header-inner\"]"}
COMMAND: POST /session/060cacbffd4401a8364377c341db2bd1/elements - {"using":"xpath","value":"//span[@id=\"application-manageconditionprice-display-component---conditions--smartTable-header-inner\"]"}
RESULT: {"using":"xpath","value":"//span[@id=\"application-manageconditionprice-display-component---conditions--smartTable-header-inner\"]"}
COMMAND: POST /session/060cacbffd4401a8364377c341db2bd1/execute/sync - {"script":"<script> [56 bytes]","args":[{"element-6066-11e4-a52e-4f735466cecf":"f.137111DC309FACC23B5F67A3B3455007.d.893306EE2DA43D86AB11E25593F7DA24.e.7849","ELEMENT":"f.137111DC309FACC23B5F67A3B3455007.d.893306EE2DA43D86AB11E25593F7DA24.e.7849"}]}
RESULT: {"script":"<script> [56 bytes]","args":[{"element-6066-11e4-a52e-4f735466cecf":"f.137111DC309FACC23B5F67A3B3455007.d.893306EE2DA43D86AB11E25593F7DA24.e.7849","ELEMENT":"f.137111DC309FACC23B5F67A3B3455007.d.893306EE2DA43D86AB11E25593F7DA24.e.7849"}]}
COMMAND: POST /session/060cacbffd4401a8364377c341db2bd1/element - {"using":"css selector","value":"#shell-header-logo"}
COMMAND: GET /session/060cacbffd4401a8364377c341db2bd1/screenshot - {}
RESULT: {"using":"css selector","value":"#shell-header-logo"}
COMMAND: POST /session/060cacbffd4401a8364377c341db2bd1/element/f.137111DC309FACC23B5F67A3B3455007.d.893306EE2DA43D86AB11E25593F7DA24.e.7472/click - {}
RESULT: {}
RESULT: {}
COMMAND: GET /session/060cacbffd4401a8364377c341db2bd1/screenshot - {}
RESULT: {}
]]></system-out>
    </testcase>
    <testcase classname="chrome.136_0_7103_93.windows.US134625_Set_up_price_condition_-_one_time" name="Should create a new contract" time="58.567">
      <system-out><![CDATA[
COMMAND: POST /session/060cacbffd4401a8364377c341db2bd1/execute/async - {"script":"<script> [1562 bytes]","args":[{"selector":{"controlType":"sap.m.GenericTile","properties":{"header":"Manage Contracts"}},"wdio_ui5_key":"sapm.GenericTile{\"header\":\"Manage Contracts\"}"}]}
RESULT: {"script":"<script> [1562 bytes]","args":[{"selector":{"controlType":"sap.m.GenericTile","properties":{"header":"Manage Contracts"}},"wdio_ui5_key":"sapm.GenericTile{\"header\":\"Manage Contracts\"}"}]}
RESULT: undefined
COMMAND: POST /session/060cacbffd4401a8364377c341db2bd1/element - {"using":"xpath","value":"//*[@id=\"__tile130\"]"}
RESULT: {"using":"xpath","value":"//*[@id=\"__tile130\"]"}
COMMAND: POST /session/060cacbffd4401a8364377c341db2bd1/element/f.137111DC309FACC23B5F67A3B3455007.d.893306EE2DA43D86AB11E25593F7DA24.e.6602/click - {}
RESULT: {}
COMMAND: GET /session/060cacbffd4401a8364377c341db2bd1/screenshot - {}
RESULT: {}
COMMAND: POST /session/060cacbffd4401a8364377c341db2bd1/elements - {"using":"xpath","value":"//span[text()='Error']"}
RESULT: {"using":"xpath","value":"//span[text()='Error']"}
COMMAND: POST /session/060cacbffd4401a8364377c341db2bd1/element - {"using":"xpath","value":"//button[@data-kt=\"addButton\"]"}
RESULT: {"using":"xpath","value":"//button[@data-kt=\"addButton\"]"}
COMMAND: POST /session/060cacbffd4401a8364377c341db2bd1/elements - {"using":"xpath","value":"//button[@data-kt=\"addButton\"]"}
RESULT: {"using":"xpath","value":"//button[@data-kt=\"addButton\"]"}
COMMAND: POST /session/060cacbffd4401a8364377c341db2bd1/execute/sync - {"script":"<script> [8489 bytes]","args":[{"element-6066-11e4-a52e-4f735466cecf":"f.137111DC309FACC23B5F67A3B3455007.d.893306EE2DA43D86AB11E25593F7DA24.e.7898","ELEMENT":"f.137111DC309FACC23B5F67A3B3455007.d.893306EE2DA43D86AB11E25593F7DA24.e.7898"}]}
RESULT: {"script":"<script> [8489 bytes]","args":[{"element-6066-11e4-a52e-4f735466cecf":"f.137111DC309FACC23B5F67A3B3455007.d.893306EE2DA43D86AB11E25593F7DA24.e.7898","ELEMENT":"f.137111DC309FACC23B5F67A3B3455007.d.893306EE2DA43D86AB11E25593F7DA24.e.7898"}]}
COMMAND: GET /session/060cacbffd4401a8364377c341db2bd1/element/f.137111DC309FACC23B5F67A3B3455007.d.893306EE2DA43D86AB11E25593F7DA24.e.7898/enabled - {}
COMMAND: GET /session/060cacbffd4401a8364377c341db2bd1/screenshot - {}
RESULT: {}
COMMAND: POST /session/060cacbffd4401a8364377c341db2bd1/execute/sync - {"script":"<script> [8489 bytes]","args":[{"element-6066-11e4-a52e-4f735466cecf":"f.137111DC309FACC23B5F67A3B3455007.d.893306EE2DA43D86AB11E25593F7DA24.e.7898","ELEMENT":"f.137111DC309FACC23B5F67A3B3455007.d.893306EE2DA43D86AB11E25593F7DA24.e.7898"}]}
COMMAND: GET /session/060cacbffd4401a8364377c341db2bd1/screenshot - {}
RESULT: {}
RESULT: {"script":"<script> [8489 bytes]","args":[{"element-6066-11e4-a52e-4f735466cecf":"f.137111DC309FACC23B5F67A3B3455007.d.893306EE2DA43D86AB11E25593F7DA24.e.7898","ELEMENT":"f.137111DC309FACC23B5F67A3B3455007.d.893306EE2DA43D86AB11E25593F7DA24.e.7898"}]}
COMMAND: POST /session/060cacbffd4401a8364377c341db2bd1/execute/sync - {"script":"<script> [5351 bytes]","args":[{"element-6066-11e4-a52e-4f735466cecf":"f.137111DC309FACC23B5F67A3B3455007.d.893306EE2DA43D86AB11E25593F7DA24.e.7898","ELEMENT":"f.137111DC309FACC23B5F67A3B3455007.d.893306EE2DA43D86AB11E25593F7DA24.e.7898"}]}
COMMAND: GET /session/060cacbffd4401a8364377c341db2bd1/screenshot - {}
RESULT: {}
RESULT: {"script":"<script> [5351 bytes]","args":[{"element-6066-11e4-a52e-4f735466cecf":"f.137111DC309FACC23B5F67A3B3455007.d.893306EE2DA43D86AB11E25593F7DA24.e.7898","ELEMENT":"f.137111DC309FACC23B5F67A3B3455007.d.893306EE2DA43D86AB11E25593F7DA24.e.7898"}]}
COMMAND: GET /session/060cacbffd4401a8364377c341db2bd1/screenshot - {}
RESULT: {}
RESULT: {}
COMMAND: POST /session/060cacbffd4401a8364377c341db2bd1/element/f.137111DC309FACC23B5F67A3B3455007.d.893306EE2DA43D86AB11E25593F7DA24.e.7898/click - {}
RESULT: {}
COMMAND: GET /session/060cacbffd4401a8364377c341db2bd1/screenshot - {}
RESULT: {}
COMMAND: POST /session/060cacbffd4401a8364377c341db2bd1/execute/async - {"script":"<script> [1562 bytes]","args":[{"selector":{"id":"application-managecontracts-display-component---AddNewContract--projectDescription","interaction":{"idSuffix":"inner"}},"wdio_ui5_key":"applicationmanagecontracts-display-component---AddNewContract--projectDescription"}]}
RESULT: {"script":"<script> [1562 bytes]","args":[{"selector":{"id":"application-managecontracts-display-component---AddNewContract--projectDescription","interaction":{"idSuffix":"inner"}},"wdio_ui5_key":"applicationmanagecontracts-display-component---AddNewContract--projectDescription"}]}
RESULT: undefined
COMMAND: POST /session/060cacbffd4401a8364377c341db2bd1/execute/async - {"script":"<script> [776 bytes]","args":[{"enterText":"Intercompany Contract WDIO","selector":{"id":"application-managecontracts-display-component---AddNewContract--projectDescription","interaction":{"idSuffix":"inner"}},"clearTextFirst":true,"interactionType":"ENTER_TEXT"}]}
RESULT: {"script":"<script> [776 bytes]","args":[{"enterText":"Intercompany Contract WDIO","selector":{"id":"application-managecontracts-display-component---AddNewContract--projectDescription","interaction":{"idSuffix":"inner"}},"clearTextFirst":true,"interactionType":"ENTER_TEXT"}]}
COMMAND: POST /session/060cacbffd4401a8364377c341db2bd1/element - {"using":"xpath","value":"//input[@id=\"application-managecontracts-display-component---AddNewContract--site-inner\"]"}
RESULT: {"using":"xpath","value":"//input[@id=\"application-managecontracts-display-component---AddNewContract--site-inner\"]"}
COMMAND: POST /session/060cacbffd4401a8364377c341db2bd1/element/f.137111DC309FACC23B5F67A3B3455007.d.893306EE2DA43D86AB11E25593F7DA24.e.8258/clear - {}
RESULT: {}
COMMAND: POST /session/060cacbffd4401a8364377c341db2bd1/element/f.137111DC309FACC23B5F67A3B3455007.d.893306EE2DA43D86AB11E25593F7DA24.e.8258/value - {"text":"2259"}
COMMAND: GET /session/060cacbffd4401a8364377c341db2bd1/screenshot - {}
RESULT: {"text":"2259"}
COMMAND: GET /session/060cacbffd4401a8364377c341db2bd1/screenshot - {}
RESULT: {}
RESULT: {}
COMMAND: POST /session/060cacbffd4401a8364377c341db2bd1/element - {"using":"xpath","value":"//li[.//span[text()='2259']]"}
RESULT: {"using":"xpath","value":"//li[.//span[text()='2259']]"}
COMMAND: POST /session/060cacbffd4401a8364377c341db2bd1/element/f.137111DC309FACC23B5F67A3B3455007.d.893306EE2DA43D86AB11E25593F7DA24.e.8289/click - {}
RESULT: {}
COMMAND: GET /session/060cacbffd4401a8364377c341db2bd1/screenshot - {}
RESULT: {}
COMMAND: POST /session/060cacbffd4401a8364377c341db2bd1/element - {"using":"xpath","value":"//input[@id=\"application-managecontracts-display-component---AddNewContract--yardId-inner\"]"}
RESULT: {"using":"xpath","value":"//input[@id=\"application-managecontracts-display-component---AddNewContract--yardId-inner\"]"}
COMMAND: GET /session/060cacbffd4401a8364377c341db2bd1/element/f.137111DC309FACC23B5F67A3B3455007.d.893306EE2DA43D86AB11E25593F7DA24.e.8259/property/value - {}
RESULT: {}
COMMAND: POST /session/060cacbffd4401a8364377c341db2bd1/element - {"using":"xpath","value":"//input[@id=\"application-managecontracts-display-component---AddNewContract--customerSelect-inner\"]"}
COMMAND: GET /session/060cacbffd4401a8364377c341db2bd1/screenshot - {}
RESULT: {"using":"xpath","value":"//input[@id=\"application-managecontracts-display-component---AddNewContract--customerSelect-inner\"]"}
COMMAND: POST /session/060cacbffd4401a8364377c341db2bd1/element/f.137111DC309FACC23B5F67A3B3455007.d.893306EE2DA43D86AB11E25593F7DA24.e.8257/clear - {}
RESULT: {}
RESULT: {}
COMMAND: POST /session/060cacbffd4401a8364377c341db2bd1/element/f.137111DC309FACC23B5F67A3B3455007.d.893306EE2DA43D86AB11E25593F7DA24.e.8257/value - {"text":"1307"}
COMMAND: GET /session/060cacbffd4401a8364377c341db2bd1/screenshot - {}
RESULT: {"text":"1307"}
COMMAND: GET /session/060cacbffd4401a8364377c341db2bd1/screenshot - {}
RESULT: {}
RESULT: {}
COMMAND: POST /session/060cacbffd4401a8364377c341db2bd1/element - {"using":"xpath","value":"//li[.//span[text()='1307']]"}
RESULT: {"using":"xpath","value":"//li[.//span[text()='1307']]"}
COMMAND: POST /session/060cacbffd4401a8364377c341db2bd1/element/f.137111DC309FACC23B5F67A3B3455007.d.893306EE2DA43D86AB11E25593F7DA24.e.8292/click - {}
RESULT: {}
COMMAND: GET /session/060cacbffd4401a8364377c341db2bd1/screenshot - {}
RESULT: {}
COMMAND: POST /session/060cacbffd4401a8364377c341db2bd1/element - {"using":"xpath","value":"//button[@data-kt=\"saveButton\"]"}
RESULT: {"using":"xpath","value":"//button[@data-kt=\"saveButton\"]"}
COMMAND: POST /session/060cacbffd4401a8364377c341db2bd1/element/f.137111DC309FACC23B5F67A3B3455007.d.893306EE2DA43D86AB11E25593F7DA24.e.8293/click - {}
RESULT: {}
COMMAND: GET /session/060cacbffd4401a8364377c341db2bd1/screenshot - {}
RESULT: {}
COMMAND: POST /session/060cacbffd4401a8364377c341db2bd1/element - {"using":"xpath","value":"//span[contains(@id ,\"contractDetailTitleNoExpanded\")]"}
RESULT: {"using":"xpath","value":"//span[contains(@id ,\"contractDetailTitleNoExpanded\")]"}
COMMAND: POST /session/060cacbffd4401a8364377c341db2bd1/elements - {"using":"xpath","value":"//span[contains(@id ,\"contractDetailTitleNoExpanded\")]"}
RESULT: {"using":"xpath","value":"//span[contains(@id ,\"contractDetailTitleNoExpanded\")]"}
COMMAND: POST /session/060cacbffd4401a8364377c341db2bd1/execute/sync - {"script":"<script> [56 bytes]","args":[{"element-6066-11e4-a52e-4f735466cecf":"f.137111DC309FACC23B5F67A3B3455007.d.893306EE2DA43D86AB11E25593F7DA24.e.8364","ELEMENT":"f.137111DC309FACC23B5F67A3B3455007.d.893306EE2DA43D86AB11E25593F7DA24.e.8364"}]}
RESULT: {"script":"<script> [56 bytes]","args":[{"element-6066-11e4-a52e-4f735466cecf":"f.137111DC309FACC23B5F67A3B3455007.d.893306EE2DA43D86AB11E25593F7DA24.e.8364","ELEMENT":"f.137111DC309FACC23B5F67A3B3455007.d.893306EE2DA43D86AB11E25593F7DA24.e.8364"}]}
COMMAND: GET /session/060cacbffd4401a8364377c341db2bd1/screenshot - {}
RESULT: {}
]]></system-out>
    </testcase>
    <testcase classname="chrome.136_0_7103_93.windows.US134625_Set_up_price_condition_-_one_time" name="Should add the material to the contract" time="51.606">
      <system-out><![CDATA[
COMMAND: POST /session/060cacbffd4401a8364377c341db2bd1/element - {"using":"xpath","value":"//button[@data-kt=\"contractDetailEditBtnButton\"]"}
RESULT: {"using":"xpath","value":"//button[@data-kt=\"contractDetailEditBtnButton\"]"}
COMMAND: POST /session/060cacbffd4401a8364377c341db2bd1/element/f.137111DC309FACC23B5F67A3B3455007.d.893306EE2DA43D86AB11E25593F7DA24.e.8365/click - {}
RESULT: {}
COMMAND: GET /session/060cacbffd4401a8364377c341db2bd1/screenshot - {}
RESULT: {}
COMMAND: POST /session/060cacbffd4401a8364377c341db2bd1/element - {"using":"xpath","value":"(//span[contains(text(), \"Additional Addresses\")])[2]"}
RESULT: {"using":"xpath","value":"(//span[contains(text(), \"Additional Addresses\")])[2]"}
COMMAND: POST /session/060cacbffd4401a8364377c341db2bd1/element/f.137111DC309FACC23B5F67A3B3455007.d.893306EE2DA43D86AB11E25593F7DA24.e.8419/click - {}
RESULT: {}
COMMAND: GET /session/060cacbffd4401a8364377c341db2bd1/screenshot - {}
RESULT: {}
COMMAND: POST /session/060cacbffd4401a8364377c341db2bd1/element - {"using":"xpath","value":"//button[@data-kt=\"btnAddTableRowOverflowToolbarButton\"]"}
RESULT: {"using":"xpath","value":"//button[@data-kt=\"btnAddTableRowOverflowToolbarButton\"]"}
COMMAND: POST /session/060cacbffd4401a8364377c341db2bd1/element/f.137111DC309FACC23B5F67A3B3455007.d.893306EE2DA43D86AB11E25593F7DA24.e.8423/click - {}
RESULT: {}
COMMAND: GET /session/060cacbffd4401a8364377c341db2bd1/screenshot - {}
RESULT: {}
COMMAND: POST /session/060cacbffd4401a8364377c341db2bd1/element - {"using":"xpath","value":"//div[(text() = 'Standard Entry' or . = 'Standard Entry')]"}
RESULT: {"using":"xpath","value":"//div[(text() = 'Standard Entry' or . = 'Standard Entry')]"}
COMMAND: POST /session/060cacbffd4401a8364377c341db2bd1/element/f.137111DC309FACC23B5F67A3B3455007.d.893306EE2DA43D86AB11E25593F7DA24.e.8425/click - {}
RESULT: {}
COMMAND: GET /session/060cacbffd4401a8364377c341db2bd1/screenshot - {}
RESULT: {}
COMMAND: POST /session/060cacbffd4401a8364377c341db2bd1/element - {"using":"xpath","value":"//td[6]/div/div/div/span"}
RESULT: {"using":"xpath","value":"//td[6]/div/div/div/span"}
COMMAND: POST /session/060cacbffd4401a8364377c341db2bd1/element/f.137111DC309FACC23B5F67A3B3455007.d.893306EE2DA43D86AB11E25593F7DA24.e.8437/click - {}
RESULT: {}
COMMAND: GET /session/060cacbffd4401a8364377c341db2bd1/screenshot - {}
RESULT: {}
COMMAND: POST /session/060cacbffd4401a8364377c341db2bd1/element - {"using":"xpath","value":"(//span[contains(text(), \"Material\")])"}
RESULT: {"using":"xpath","value":"(//span[contains(text(), \"Material\")])"}
COMMAND: POST /session/060cacbffd4401a8364377c341db2bd1/element/f.137111DC309FACC23B5F67A3B3455007.d.893306EE2DA43D86AB11E25593F7DA24.e.8438/click - {}
RESULT: {}
COMMAND: GET /session/060cacbffd4401a8364377c341db2bd1/screenshot - {}
RESULT: {}
COMMAND: POST /session/060cacbffd4401a8364377c341db2bd1/element - {"using":"xpath","value":"//td[7]/div/div/input"}
RESULT: {"using":"xpath","value":"//td[7]/div/div/input"}
COMMAND: POST /session/060cacbffd4401a8364377c341db2bd1/element/f.137111DC309FACC23B5F67A3B3455007.d.893306EE2DA43D86AB11E25593F7DA24.e.8442/clear - {}
RESULT: {}
COMMAND: POST /session/060cacbffd4401a8364377c341db2bd1/element/f.137111DC309FACC23B5F67A3B3455007.d.893306EE2DA43D86AB11E25593F7DA24.e.8442/value - {"text":"200278"}
COMMAND: GET /session/060cacbffd4401a8364377c341db2bd1/screenshot - {}
RESULT: {"text":"200278"}
COMMAND: GET /session/060cacbffd4401a8364377c341db2bd1/screenshot - {}
RESULT: {}
RESULT: {}
COMMAND: POST /session/060cacbffd4401a8364377c341db2bd1/actions - {"actions":[{"id":"action28","type":"key","parameters":{},"actions":[{"type":"keyDown","value":"î€‡"},{"type":"pause","duration":10},{"type":"keyUp","value":"î€‡"}]}]}
RESULT: {"actions":[{"id":"action28","type":"key","parameters":{},"actions":[{"type":"keyDown","value":"î€‡"},{"type":"pause","duration":10},{"type":"keyUp","value":"î€‡"}]}]}
COMMAND: GET /session/060cacbffd4401a8364377c341db2bd1/screenshot - {}
RESULT: {}
COMMAND: POST /session/060cacbffd4401a8364377c341db2bd1/execute/sync - {"script":"<script> [276 bytes]","args":["No pricing information was found"]}
RESULT: {"script":"<script> [276 bytes]","args":["No pricing information was found"]}
COMMAND: POST /session/060cacbffd4401a8364377c341db2bd1/element - {"using":"xpath","value":"(//button[@data-kt=\"saveButton\"])[2]"}
COMMAND: GET /session/060cacbffd4401a8364377c341db2bd1/screenshot - {}
RESULT: {"using":"xpath","value":"(//button[@data-kt=\"saveButton\"])[2]"}
COMMAND: POST /session/060cacbffd4401a8364377c341db2bd1/element/f.137111DC309FACC23B5F67A3B3455007.d.893306EE2DA43D86AB11E25593F7DA24.e.8465/click - {}
RESULT: {}
RESULT: {}
COMMAND: GET /session/060cacbffd4401a8364377c341db2bd1/screenshot - {}
RESULT: {}
COMMAND: POST /session/060cacbffd4401a8364377c341db2bd1/execute/sync - {"script":"<script> [276 bytes]","args":["Some contract items are having rental validity exceeding header rental validity"]}
RESULT: {"script":"<script> [276 bytes]","args":["Some contract items are having rental validity exceeding header rental validity"]}
COMMAND: GET /session/060cacbffd4401a8364377c341db2bd1/screenshot - {}
RESULT: {}
COMMAND: POST /session/060cacbffd4401a8364377c341db2bd1/element - {"using":"xpath","value":"//span[contains(@id ,\"contractItemsSmartTable-header-inner\")]"}
RESULT: {"using":"xpath","value":"//span[contains(@id ,\"contractItemsSmartTable-header-inner\")]"}
COMMAND: POST /session/060cacbffd4401a8364377c341db2bd1/elements - {"using":"xpath","value":"//span[contains(@id ,\"contractItemsSmartTable-header-inner\")]"}
RESULT: {"using":"xpath","value":"//span[contains(@id ,\"contractItemsSmartTable-header-inner\")]"}
COMMAND: POST /session/060cacbffd4401a8364377c341db2bd1/execute/sync - {"script":"<script> [56 bytes]","args":[{"element-6066-11e4-a52e-4f735466cecf":"f.137111DC309FACC23B5F67A3B3455007.d.893306EE2DA43D86AB11E25593F7DA24.e.8472","ELEMENT":"f.137111DC309FACC23B5F67A3B3455007.d.893306EE2DA43D86AB11E25593F7DA24.e.8472"}]}
RESULT: {"script":"<script> [56 bytes]","args":[{"element-6066-11e4-a52e-4f735466cecf":"f.137111DC309FACC23B5F67A3B3455007.d.893306EE2DA43D86AB11E25593F7DA24.e.8472","ELEMENT":"f.137111DC309FACC23B5F67A3B3455007.d.893306EE2DA43D86AB11E25593F7DA24.e.8472"}]}
]]></system-out>
    </testcase>
    <testcase classname="chrome.136_0_7103_93.windows.US134625_Set_up_price_condition_-_one_time" name="Should verify the bill item creation and pricing condition" time="11.211">
      <system-out><![CDATA[
COMMAND: POST /session/060cacbffd4401a8364377c341db2bd1/execute/async - {"script":"<script> [1562 bytes]","args":[{"selector":{"controlType":"sap.ui.core.Icon","viewName":"etm.portal.ui.managecontracts.view.Detail","properties":{"src":{"regex":{"source":"slim\\-arrow\\-right"}}}},"wdio_ui5_key":"etmportal.ui.managecontracts.view.Detailsap.ui.core.Icon{\"src\":{\"regex\":{\"source\":\"slim\\\\-arrow\\\\-right\"}}}"}]}
COMMAND: GET /session/060cacbffd4401a8364377c341db2bd1/screenshot - {}
RESULT: {"script":"<script> [1562 bytes]","args":[{"selector":{"controlType":"sap.ui.core.Icon","viewName":"etm.portal.ui.managecontracts.view.Detail","properties":{"src":{"regex":{"source":"slim\\-arrow\\-right"}}}},"wdio_ui5_key":"etmportal.ui.managecontracts.view.Detailsap.ui.core.Icon{\"src\":{\"regex\":{\"source\":\"slim\\\\-arrow\\\\-right\"}}}"}]}
RESULT: undefined
COMMAND: POST /session/060cacbffd4401a8364377c341db2bd1/element - {"using":"xpath","value":"//*[@id=\"__item1600-__clone3292-imgNav\"]"}
RESULT: {}
RESULT: {"using":"xpath","value":"//*[@id=\"__item1600-__clone3292-imgNav\"]"}
COMMAND: POST /session/060cacbffd4401a8364377c341db2bd1/element/f.137111DC309FACC23B5F67A3B3455007.d.893306EE2DA43D86AB11E25593F7DA24.e.8473/click - {}
RESULT: {}
COMMAND: GET /session/060cacbffd4401a8364377c341db2bd1/screenshot - {}
COMMAND: POST /session/060cacbffd4401a8364377c341db2bd1/execute/async - {"script":"<script> [1562 bytes]","args":[{"selector":{"controlType":"sap.m.Text","viewName":"etm.portal.ui.managecontracts.view.BillingItem","viewId":"application-managecontracts-display-component---BillingItem","bindingPath":{"propertyPath":"LINK_TO_C_BILL_TYPES/DESCRIPTION"}},"wdio_ui5_key":"etmportal.ui.managecontracts.view.BillingItemsap.m.Text{\"propertyPath\":\"LINK_TO_C_BILL_TYPES/DESCRIPTION\"}"}]}
RESULT: {}
RESULT: {"script":"<script> [1562 bytes]","args":[{"selector":{"controlType":"sap.m.Text","viewName":"etm.portal.ui.managecontracts.view.BillingItem","viewId":"application-managecontracts-display-component---BillingItem","bindingPath":{"propertyPath":"LINK_TO_C_BILL_TYPES/DESCRIPTION"}},"wdio_ui5_key":"etmportal.ui.managecontracts.view.BillingItemsap.m.Text{\"propertyPath\":\"LINK_TO_C_BILL_TYPES/DESCRIPTION\"}"}]}
RESULT: undefined
COMMAND: POST /session/060cacbffd4401a8364377c341db2bd1/execute/async - {"script":"<script> [6424 bytes]","args":[{"element-6066-11e4-a52e-4f735466cecf":"f.137111DC309FACC23B5F67A3B3455007.d.893306EE2DA43D86AB11E25593F7DA24.e.8524"},"getText",[]]}
RESULT: {"script":"<script> [6424 bytes]","args":[{"element-6066-11e4-a52e-4f735466cecf":"f.137111DC309FACC23B5F67A3B3455007.d.893306EE2DA43D86AB11E25593F7DA24.e.8524"},"getText",[]]}
COMMAND: POST /session/060cacbffd4401a8364377c341db2bd1/execute/async - {"script":"<script> [1562 bytes]","args":[{"selector":{"controlType":"sap.m.ObjectNumber","viewName":"etm.portal.ui.managecontracts.view.BillingItem","viewId":"application-managecontracts-display-component---BillingItem","bindingPath":{"propertyPath":"BASE_PRICE"}},"wdio_ui5_key":"etmportal.ui.managecontracts.view.BillingItemsap.m.ObjectNumber{\"propertyPath\":\"BASE_PRICE\"}"}]}
RESULT: {"script":"<script> [1562 bytes]","args":[{"selector":{"controlType":"sap.m.ObjectNumber","viewName":"etm.portal.ui.managecontracts.view.BillingItem","viewId":"application-managecontracts-display-component---BillingItem","bindingPath":{"propertyPath":"BASE_PRICE"}},"wdio_ui5_key":"etmportal.ui.managecontracts.view.BillingItemsap.m.ObjectNumber{\"propertyPath\":\"BASE_PRICE\"}"}]}
RESULT: undefined
COMMAND: POST /session/060cacbffd4401a8364377c341db2bd1/execute/async - {"script":"<script> [6424 bytes]","args":[{"element-6066-11e4-a52e-4f735466cecf":"f.137111DC309FACC23B5F67A3B3455007.d.893306EE2DA43D86AB11E25593F7DA24.e.8525"},"getNumber",[]]}
RESULT: {"script":"<script> [6424 bytes]","args":[{"element-6066-11e4-a52e-4f735466cecf":"f.137111DC309FACC23B5F67A3B3455007.d.893306EE2DA43D86AB11E25593F7DA24.e.8525"},"getNumber",[]]}
COMMAND: POST /session/060cacbffd4401a8364377c341db2bd1/execute/async - {"script":"<script> [1562 bytes]","args":[{"selector":{"controlType":"sap.m.ObjectNumber","viewName":"etm.portal.ui.managecontracts.view.BillingItem","viewId":"application-managecontracts-display-component---BillingItem","bindingPath":{"propertyPath":"BASE_QUANTITY"}},"wdio_ui5_key":"etmportal.ui.managecontracts.view.BillingItemsap.m.ObjectNumber{\"propertyPath\":\"BASE_QUANTITY\"}"}]}
RESULT: {"script":"<script> [1562 bytes]","args":[{"selector":{"controlType":"sap.m.ObjectNumber","viewName":"etm.portal.ui.managecontracts.view.BillingItem","viewId":"application-managecontracts-display-component---BillingItem","bindingPath":{"propertyPath":"BASE_QUANTITY"}},"wdio_ui5_key":"etmportal.ui.managecontracts.view.BillingItemsap.m.ObjectNumber{\"propertyPath\":\"BASE_QUANTITY\"}"}]}
RESULT: undefined
COMMAND: POST /session/060cacbffd4401a8364377c341db2bd1/execute/async - {"script":"<script> [6424 bytes]","args":[{"element-6066-11e4-a52e-4f735466cecf":"f.137111DC309FACC23B5F67A3B3455007.d.893306EE2DA43D86AB11E25593F7DA24.e.8526"},"getNumber",[]]}
RESULT: {"script":"<script> [6424 bytes]","args":[{"element-6066-11e4-a52e-4f735466cecf":"f.137111DC309FACC23B5F67A3B3455007.d.893306EE2DA43D86AB11E25593F7DA24.e.8526"},"getNumber",[]]}
COMMAND: DELETE /session/060cacbffd4401a8364377c341db2bd1 - {}
RESULT: {}
]]></system-out>
    </testcase>
  </testsuite>
</testsuites>