<?xml version="1.0" encoding="UTF-8"?>
<testsuites tests="10" failures="0" errors="0" skipped="0">
  <testsuite timestamp="2025-04-16T16:38:12" time="326.608" tests="3" failures="0" errors="0" skipped="0">
    <properties>
      <property name="specId" value="0"/>
      <property name="suiteName" value="Create and verify Order without Template US127247"/>
      <property name="capabilities" value="chrome.135_0_7049_42.windows"/>
      <property name="file" value="file:///D:/a/1/s/test/specs/ISC/create-iscorder.spec.js"/>
    </properties>
    <testcase classname="chrome.135_0_7049_42.windows.Create_and_verify_Order_without_Template_US127247" name="Should create material" time="140.959">
      <system-out><![CDATA[
COMMAND: POST /session/d9610c833ec57c166d7422fa869fd077/window/maximize - {}
RESULT: {}
COMMAND: POST /session/d9610c833ec57c166d7422fa869fd077/execute/async - {"script":"<script> [1562 bytes]","args":[{"selector":{"controlType":"sap.m.GenericTile","properties":{"header":"Manage Resources"}},"wdio_ui5_key":"sapm.GenericTile{\"header\":\"Manage Resources\"}"}]}
COMMAND: GET /session/d9610c833ec57c166d7422fa869fd077/screenshot - {}
RESULT: {"script":"<script> [1562 bytes]","args":[{"selector":{"controlType":"sap.m.GenericTile","properties":{"header":"Manage Resources"}},"wdio_ui5_key":"sapm.GenericTile{\"header\":\"Manage Resources\"}"}]}
RESULT: undefined
COMMAND: POST /session/d9610c833ec57c166d7422fa869fd077/element - {"using":"xpath","value":"//*[@id=\"__tile39\"]"}
RESULT: {}
RESULT: {"using":"xpath","value":"//*[@id=\"__tile39\"]"}
COMMAND: POST /session/d9610c833ec57c166d7422fa869fd077/element/f.4930A98DED63071A496B4A4D5B7A2D08.d.EE485A0C0AE3FACB3244D459391D0EB8.e.116/click - {}
RESULT: {}
COMMAND: GET /session/d9610c833ec57c166d7422fa869fd077/screenshot - {}
RESULT: {}
COMMAND: POST /session/d9610c833ec57c166d7422fa869fd077/execute/async - {"script":"<script> [1562 bytes]","args":[{"selector":{"controlType":"sap.m.OverflowToolbarButton","viewName":"etm.portal.ui.manageresources.view.Master","viewId":"application-manageresources-display-component---masterRU","bindingPath":{"path":"","propertyPath":"/isLogbook","modelName":"minimumStockRPGModel"},"interaction":{"idSuffix":"inner"}},"wdio_ui5_key":"etmportal.ui.manageresources.view.Mastersap.m.OverflowToolbarButton{\"path\":\"\",\"propertyPath\":\"/isLogbook\",\"modelName\":\"minimumStockRPGModel\"}"}]}
RESULT: undefined
RESULT: {"script":"<script> [1562 bytes]","args":[{"selector":{"controlType":"sap.m.OverflowToolbarButton","viewName":"etm.portal.ui.manageresources.view.Master","viewId":"application-manageresources-display-component---masterRU","bindingPath":{"path":"","propertyPath":"/isLogbook","modelName":"minimumStockRPGModel"},"interaction":{"idSuffix":"inner"}},"wdio_ui5_key":"etmportal.ui.manageresources.view.Mastersap.m.OverflowToolbarButton{\"path\":\"\",\"propertyPath\":\"/isLogbook\",\"modelName\":\"minimumStockRPGModel\"}"}]}
RESULT: undefined
COMMAND: POST /session/d9610c833ec57c166d7422fa869fd077/element - {"using":"xpath","value":"//*[@id=\"__button5\"]"}
RESULT: {"using":"xpath","value":"//*[@id=\"__button5\"]"}
COMMAND: POST /session/d9610c833ec57c166d7422fa869fd077/element/f.4930A98DED63071A496B4A4D5B7A2D08.d.EE485A0C0AE3FACB3244D459391D0EB8.e.160/click - {}
RESULT: {}
COMMAND: POST /session/d9610c833ec57c166d7422fa869fd077/execute/async - {"script":"<script> [1562 bytes]","args":[{"selector":{"id":"application-manageresources-display-component---newResourceUnit--TYPE-arrow"},"wdio_ui5_key":"applicationmanageresources-display-component---newResourceUnit--TYPE-arrow"}]}
COMMAND: GET /session/d9610c833ec57c166d7422fa869fd077/screenshot - {}
RESULT: {"script":"<script> [1562 bytes]","args":[{"selector":{"id":"application-manageresources-display-component---newResourceUnit--TYPE-arrow"},"wdio_ui5_key":"applicationmanageresources-display-component---newResourceUnit--TYPE-arrow"}]}
RESULT: undefined
COMMAND: POST /session/d9610c833ec57c166d7422fa869fd077/element - {"using":"xpath","value":"//*[@id=\"application-manageresources-display-component---newResourceUnit--TYPE-arrow\"]"}
RESULT: {}
RESULT: {"using":"xpath","value":"//*[@id=\"application-manageresources-display-component---newResourceUnit--TYPE-arrow\"]"}
COMMAND: POST /session/d9610c833ec57c166d7422fa869fd077/element/f.4930A98DED63071A496B4A4D5B7A2D08.d.EE485A0C0AE3FACB3244D459391D0EB8.e.475/click - {}
RESULT: {}
COMMAND: POST /session/d9610c833ec57c166d7422fa869fd077/execute/async - {"script":"<script> [1562 bytes]","args":[{"selector":{"controlType":"sap.m.StandardListItem","viewName":"reusables.view.manageresources.NewResourceUnit","viewId":"application-manageresources-display-component---newResourceUnit","properties":{"title":"Equipment"},"searchOpenDialogs":true},"wdio_ui5_key":"reusablesview.manageresources.NewResourceUnitsap.m.StandardListItem{\"title\":\"Equipment\"}"}]}
COMMAND: GET /session/d9610c833ec57c166d7422fa869fd077/screenshot - {}
RESULT: {"script":"<script> [1562 bytes]","args":[{"selector":{"controlType":"sap.m.StandardListItem","viewName":"reusables.view.manageresources.NewResourceUnit","viewId":"application-manageresources-display-component---newResourceUnit","properties":{"title":"Equipment"},"searchOpenDialogs":true},"wdio_ui5_key":"reusablesview.manageresources.NewResourceUnitsap.m.StandardListItem{\"title\":\"Equipment\"}"}]}
RESULT: undefined
COMMAND: POST /session/d9610c833ec57c166d7422fa869fd077/element - {"using":"xpath","value":"//*[@id=\"__item141\"]"}
RESULT: {}
RESULT: {"using":"xpath","value":"//*[@id=\"__item141\"]"}
COMMAND: POST /session/d9610c833ec57c166d7422fa869fd077/element/f.4930A98DED63071A496B4A4D5B7A2D08.d.EE485A0C0AE3FACB3244D459391D0EB8.e.477/click - {}
RESULT: {}
COMMAND: POST /session/d9610c833ec57c166d7422fa869fd077/execute/async - {"script":"<script> [1562 bytes]","args":[{"selector":{"id":"application-manageresources-display-component---newResourceUnit--resourceId","interaction":{"idSuffix":"inner"}},"wdio_ui5_key":"applicationmanageresources-display-component---newResourceUnit--resourceId"}]}
COMMAND: GET /session/d9610c833ec57c166d7422fa869fd077/screenshot - {}
RESULT: {"script":"<script> [1562 bytes]","args":[{"selector":{"id":"application-manageresources-display-component---newResourceUnit--resourceId","interaction":{"idSuffix":"inner"}},"wdio_ui5_key":"applicationmanageresources-display-component---newResourceUnit--resourceId"}]}
RESULT: undefined
COMMAND: POST /session/d9610c833ec57c166d7422fa869fd077/execute/async - {"script":"<script> [776 bytes]","args":[{"enterText":"wdi5-1744821459205","selector":{"id":"application-manageresources-display-component---newResourceUnit--resourceId","interaction":{"idSuffix":"inner"}},"clearTextFirst":true,"interactionType":"ENTER_TEXT"}]}
RESULT: {}
RESULT: {"script":"<script> [776 bytes]","args":[{"enterText":"wdi5-1744821459205","selector":{"id":"application-manageresources-display-component---newResourceUnit--resourceId","interaction":{"idSuffix":"inner"}},"clearTextFirst":true,"interactionType":"ENTER_TEXT"}]}
COMMAND: POST /session/d9610c833ec57c166d7422fa869fd077/execute/async - {"script":"<script> [1562 bytes]","args":[{"selector":{"id":"application-manageresources-display-component---newResourceUnit--SHORT_TEXT","interaction":{"idSuffix":"inner"}},"wdio_ui5_key":"applicationmanageresources-display-component---newResourceUnit--SHORT_TEXT"}]}
RESULT: {"script":"<script> [1562 bytes]","args":[{"selector":{"id":"application-manageresources-display-component---newResourceUnit--SHORT_TEXT","interaction":{"idSuffix":"inner"}},"wdio_ui5_key":"applicationmanageresources-display-component---newResourceUnit--SHORT_TEXT"}]}
RESULT: undefined
COMMAND: POST /session/d9610c833ec57c166d7422fa869fd077/execute/async - {"script":"<script> [776 bytes]","args":[{"enterText":"WDI5Test","selector":{"id":"application-manageresources-display-component---newResourceUnit--SHORT_TEXT","interaction":{"idSuffix":"inner"}},"clearTextFirst":true,"interactionType":"ENTER_TEXT"}]}
RESULT: {"script":"<script> [776 bytes]","args":[{"enterText":"WDI5Test","selector":{"id":"application-manageresources-display-component---newResourceUnit--SHORT_TEXT","interaction":{"idSuffix":"inner"}},"clearTextFirst":true,"interactionType":"ENTER_TEXT"}]}
COMMAND: POST /session/d9610c833ec57c166d7422fa869fd077/execute/async - {"script":"<script> [1562 bytes]","args":[{"selector":{"id":"application-manageresources-display-component---newResourceUnit--BASE_UNIT_OF_MEASURE-arrow"},"wdio_ui5_key":"applicationmanageresources-display-component---newResourceUnit--BASE_UNIT_OF_MEASURE-arrow"}]}
RESULT: {"script":"<script> [1562 bytes]","args":[{"selector":{"id":"application-manageresources-display-component---newResourceUnit--BASE_UNIT_OF_MEASURE-arrow"},"wdio_ui5_key":"applicationmanageresources-display-component---newResourceUnit--BASE_UNIT_OF_MEASURE-arrow"}]}
RESULT: undefined
COMMAND: POST /session/d9610c833ec57c166d7422fa869fd077/element - {"using":"xpath","value":"//*[@id=\"application-manageresources-display-component---newResourceUnit--BASE_UNIT_OF_MEASURE-arrow\"]"}
RESULT: {"using":"xpath","value":"//*[@id=\"application-manageresources-display-component---newResourceUnit--BASE_UNIT_OF_MEASURE-arrow\"]"}
COMMAND: POST /session/d9610c833ec57c166d7422fa869fd077/element/f.4930A98DED63071A496B4A4D5B7A2D08.d.EE485A0C0AE3FACB3244D459391D0EB8.e.603/click - {}
RESULT: {}
COMMAND: POST /session/d9610c833ec57c166d7422fa869fd077/execute/async - {"script":"<script> [1562 bytes]","args":[{"selector":{"controlType":"sap.m.StandardListItem","viewName":"reusables.view.manageresources.NewResourceUnit","viewId":"application-manageresources-display-component---newResourceUnit","properties":{"title":"Piece"},"searchOpenDialogs":true},"wdio_ui5_key":"reusablesview.manageresources.NewResourceUnitsap.m.StandardListItem{\"title\":\"Piece\"}"}]}
COMMAND: GET /session/d9610c833ec57c166d7422fa869fd077/screenshot - {}
RESULT: {}
RESULT: {"script":"<script> [1562 bytes]","args":[{"selector":{"controlType":"sap.m.StandardListItem","viewName":"reusables.view.manageresources.NewResourceUnit","viewId":"application-manageresources-display-component---newResourceUnit","properties":{"title":"Piece"},"searchOpenDialogs":true},"wdio_ui5_key":"reusablesview.manageresources.NewResourceUnitsap.m.StandardListItem{\"title\":\"Piece\"}"}]}
RESULT: undefined
COMMAND: POST /session/d9610c833ec57c166d7422fa869fd077/element - {"using":"xpath","value":"//*[@id=\"__item177\"]"}
RESULT: {"using":"xpath","value":"//*[@id=\"__item177\"]"}
COMMAND: POST /session/d9610c833ec57c166d7422fa869fd077/element/f.4930A98DED63071A496B4A4D5B7A2D08.d.EE485A0C0AE3FACB3244D459391D0EB8.e.604/click - {}
RESULT: {}
COMMAND: POST /session/d9610c833ec57c166d7422fa869fd077/execute/async - {"script":"<script> [1562 bytes]","args":[{"selector":{"id":"application-manageresources-display-component---newResourceUnit--WEIGHT_UNIT-arrow"},"wdio_ui5_key":"applicationmanageresources-display-component---newResourceUnit--WEIGHT_UNIT-arrow"}]}
COMMAND: GET /session/d9610c833ec57c166d7422fa869fd077/screenshot - {}
RESULT: {"script":"<script> [1562 bytes]","args":[{"selector":{"id":"application-manageresources-display-component---newResourceUnit--WEIGHT_UNIT-arrow"},"wdio_ui5_key":"applicationmanageresources-display-component---newResourceUnit--WEIGHT_UNIT-arrow"}]}
RESULT: undefined
COMMAND: POST /session/d9610c833ec57c166d7422fa869fd077/element - {"using":"xpath","value":"//*[@id=\"application-manageresources-display-component---newResourceUnit--WEIGHT_UNIT-arrow\"]"}
RESULT: {}
RESULT: {"using":"xpath","value":"//*[@id=\"application-manageresources-display-component---newResourceUnit--WEIGHT_UNIT-arrow\"]"}
COMMAND: POST /session/d9610c833ec57c166d7422fa869fd077/element/f.4930A98DED63071A496B4A4D5B7A2D08.d.EE485A0C0AE3FACB3244D459391D0EB8.e.605/click - {}
RESULT: {}
COMMAND: POST /session/d9610c833ec57c166d7422fa869fd077/execute/async - {"script":"<script> [1562 bytes]","args":[{"selector":{"controlType":"sap.m.StandardListItem","viewName":"reusables.view.manageresources.NewResourceUnit","viewId":"application-manageresources-display-component---newResourceUnit","properties":{"title":"Gram"},"searchOpenDialogs":true},"wdio_ui5_key":"reusablesview.manageresources.NewResourceUnitsap.m.StandardListItem{\"title\":\"Gram\"}"}]}
COMMAND: GET /session/d9610c833ec57c166d7422fa869fd077/screenshot - {}
RESULT: {"script":"<script> [1562 bytes]","args":[{"selector":{"controlType":"sap.m.StandardListItem","viewName":"reusables.view.manageresources.NewResourceUnit","viewId":"application-manageresources-display-component---newResourceUnit","properties":{"title":"Gram"},"searchOpenDialogs":true},"wdio_ui5_key":"reusablesview.manageresources.NewResourceUnitsap.m.StandardListItem{\"title\":\"Gram\"}"}]}
RESULT: undefined
COMMAND: POST /session/d9610c833ec57c166d7422fa869fd077/element - {"using":"xpath","value":"//*[@id=\"__item178\"]"}
RESULT: {}
RESULT: {"using":"xpath","value":"//*[@id=\"__item178\"]"}
COMMAND: POST /session/d9610c833ec57c166d7422fa869fd077/element/f.4930A98DED63071A496B4A4D5B7A2D08.d.EE485A0C0AE3FACB3244D459391D0EB8.e.606/click - {}
RESULT: {}
COMMAND: GET /session/d9610c833ec57c166d7422fa869fd077/screenshot - {}
RESULT: {}
COMMAND: POST /session/d9610c833ec57c166d7422fa869fd077/execute/async - {"script":"<script> [1562 bytes]","args":[{"selector":{"controlType":"sap.m.Label","viewName":"reusables.view.manageresources.NewResourceUnit","viewId":"application-manageresources-display-component---newResourceUnit","i18NText":{"propertyName":"text","key":"weightUoM"},"interaction":{"idSuffix":"bdi"}},"wdio_ui5_key":"reusablesview.manageresources.NewResourceUnitsap.m.Label{\"propertyName\":\"text\",\"key\":\"weightUoM\"}"}]}
RESULT: {"script":"<script> [1562 bytes]","args":[{"selector":{"controlType":"sap.m.Label","viewName":"reusables.view.manageresources.NewResourceUnit","viewId":"application-manageresources-display-component---newResourceUnit","i18NText":{"propertyName":"text","key":"weightUoM"},"interaction":{"idSuffix":"bdi"}},"wdio_ui5_key":"reusablesview.manageresources.NewResourceUnitsap.m.Label{\"propertyName\":\"text\",\"key\":\"weightUoM\"}"}]}
RESULT: undefined
COMMAND: POST /session/d9610c833ec57c166d7422fa869fd077/element - {"using":"xpath","value":"//*[@id=\"__label21\"]"}
RESULT: {"using":"xpath","value":"//*[@id=\"__label21\"]"}
COMMAND: POST /session/d9610c833ec57c166d7422fa869fd077/element/f.4930A98DED63071A496B4A4D5B7A2D08.d.EE485A0C0AE3FACB3244D459391D0EB8.e.608/click - {}
RESULT: {}
COMMAND: POST /session/d9610c833ec57c166d7422fa869fd077/actions - {"actions":[{"type":"key","id":"keyboard","actions":[{"type":"keyDown","value":""}]}]}
COMMAND: GET /session/d9610c833ec57c166d7422fa869fd077/screenshot - {}
RESULT: {"actions":[{"type":"key","id":"keyboard","actions":[{"type":"keyDown","value":""}]}]}
COMMAND: GET /session/d9610c833ec57c166d7422fa869fd077/screenshot - {}
RESULT: {}
RESULT: {}
COMMAND: POST /session/d9610c833ec57c166d7422fa869fd077/actions - {"actions":[{"type":"key","id":"keyboard","actions":[{"type":"keyDown","value":""}]}]}
RESULT: {"actions":[{"type":"key","id":"keyboard","actions":[{"type":"keyDown","value":""}]}]}
COMMAND: GET /session/d9610c833ec57c166d7422fa869fd077/screenshot - {}
RESULT: {}
COMMAND: POST /session/d9610c833ec57c166d7422fa869fd077/execute/async - {"script":"<script> [1562 bytes]","args":[{"selector":{"id":"application-manageresources-display-component---newResourceUnit--newRRUPage-OPHeaderContent-collapseBtn-img"},"wdio_ui5_key":"applicationmanageresources-display-component---newResourceUnit--newRRUPage-OPHeaderContent-collapseBtn-img"}]}
RESULT: {"script":"<script> [1562 bytes]","args":[{"selector":{"id":"application-manageresources-display-component---newResourceUnit--newRRUPage-OPHeaderContent-collapseBtn-img"},"wdio_ui5_key":"applicationmanageresources-display-component---newResourceUnit--newRRUPage-OPHeaderContent-collapseBtn-img"}]}
RESULT: undefined
COMMAND: POST /session/d9610c833ec57c166d7422fa869fd077/element - {"using":"xpath","value":"//*[@id=\"application-manageresources-display-component---newResourceUnit--newRRUPage-OPHeaderContent-collapseBtn-img\"]"}
RESULT: {"using":"xpath","value":"//*[@id=\"application-manageresources-display-component---newResourceUnit--newRRUPage-OPHeaderContent-collapseBtn-img\"]"}
COMMAND: POST /session/d9610c833ec57c166d7422fa869fd077/element/f.4930A98DED63071A496B4A4D5B7A2D08.d.EE485A0C0AE3FACB3244D459391D0EB8.e.485/click - {}
RESULT: {}
COMMAND: GET /session/d9610c833ec57c166d7422fa869fd077/screenshot - {}
RESULT: {}
COMMAND: POST /session/d9610c833ec57c166d7422fa869fd077/element - {"using":"xpath","value":"(//span[contains(@id ,\"application-manageresources-display-component---newResourceUnit--DIMENSION_UNIT-arrow\")])[1]"}
RESULT: {"using":"xpath","value":"(//span[contains(@id ,\"application-manageresources-display-component---newResourceUnit--DIMENSION_UNIT-arrow\")])[1]"}
COMMAND: POST /session/d9610c833ec57c166d7422fa869fd077/element/f.4930A98DED63071A496B4A4D5B7A2D08.d.EE485A0C0AE3FACB3244D459391D0EB8.e.616/click - {}
RESULT: {}
COMMAND: GET /session/d9610c833ec57c166d7422fa869fd077/screenshot - {}
RESULT: {}
COMMAND: POST /session/d9610c833ec57c166d7422fa869fd077/execute/async - {"script":"<script> [1562 bytes]","args":[{"selector":{"controlType":"sap.m.StandardListItem","viewName":"reusables.view.manageresources.NewResourceUnit","viewId":"application-manageresources-display-component---newResourceUnit","properties":{"title":"Centimeter"},"searchOpenDialogs":true},"wdio_ui5_key":"reusablesview.manageresources.NewResourceUnitsap.m.StandardListItem{\"title\":\"Centimeter\"}"}]}
RESULT: {"script":"<script> [1562 bytes]","args":[{"selector":{"controlType":"sap.m.StandardListItem","viewName":"reusables.view.manageresources.NewResourceUnit","viewId":"application-manageresources-display-component---newResourceUnit","properties":{"title":"Centimeter"},"searchOpenDialogs":true},"wdio_ui5_key":"reusablesview.manageresources.NewResourceUnitsap.m.StandardListItem{\"title\":\"Centimeter\"}"}]}
RESULT: undefined
COMMAND: POST /session/d9610c833ec57c166d7422fa869fd077/element - {"using":"xpath","value":"//*[@id=\"__item181\"]"}
RESULT: {"using":"xpath","value":"//*[@id=\"__item181\"]"}
COMMAND: POST /session/d9610c833ec57c166d7422fa869fd077/element/f.4930A98DED63071A496B4A4D5B7A2D08.d.EE485A0C0AE3FACB3244D459391D0EB8.e.617/click - {}
RESULT: {}
COMMAND: GET /session/d9610c833ec57c166d7422fa869fd077/screenshot - {}
RESULT: {}
COMMAND: POST /session/d9610c833ec57c166d7422fa869fd077/execute/async - {"script":"<script> [1562 bytes]","args":[{"selector":{"id":"application-manageresources-display-component---newResourceUnit--newRRUPage-anchBar-application-manageresources-display-component---newResourceUnit--control-anchor","interaction":{"idSuffix":"BDI-content"}},"wdio_ui5_key":"applicationmanageresources-display-component---newResourceUnit--newRRUPage-anchBar-application-manageresources-display-component---newResourceUnit--control-anchor"}]}
RESULT: {"script":"<script> [1562 bytes]","args":[{"selector":{"id":"application-manageresources-display-component---newResourceUnit--newRRUPage-anchBar-application-manageresources-display-component---newResourceUnit--control-anchor","interaction":{"idSuffix":"BDI-content"}},"wdio_ui5_key":"applicationmanageresources-display-component---newResourceUnit--newRRUPage-anchBar-application-manageresources-display-component---newResourceUnit--control-anchor"}]}
RESULT: undefined
COMMAND: POST /session/d9610c833ec57c166d7422fa869fd077/element - {"using":"xpath","value":"//*[@id=\"application-manageresources-display-component---newResourceUnit--newRRUPage-anchBar-application-manageresources-display-component---newResourceUnit--control-anchor\"]"}
RESULT: {"using":"xpath","value":"//*[@id=\"application-manageresources-display-component---newResourceUnit--newRRUPage-anchBar-application-manageresources-display-component---newResourceUnit--control-anchor\"]"}
COMMAND: POST /session/d9610c833ec57c166d7422fa869fd077/element/f.4930A98DED63071A496B4A4D5B7A2D08.d.EE485A0C0AE3FACB3244D459391D0EB8.e.619/click - {}
RESULT: {}
COMMAND: POST /session/d9610c833ec57c166d7422fa869fd077/execute/async - {"script":"<script> [1562 bytes]","args":[{"selector":{"id":"application-manageresources-display-component---newResourceUnit--PLANNING_GROUP-arrow"},"wdio_ui5_key":"applicationmanageresources-display-component---newResourceUnit--PLANNING_GROUP-arrow"}]}
COMMAND: GET /session/d9610c833ec57c166d7422fa869fd077/screenshot - {}
RESULT: {"script":"<script> [1562 bytes]","args":[{"selector":{"id":"application-manageresources-display-component---newResourceUnit--PLANNING_GROUP-arrow"},"wdio_ui5_key":"applicationmanageresources-display-component---newResourceUnit--PLANNING_GROUP-arrow"}]}
RESULT: undefined
COMMAND: POST /session/d9610c833ec57c166d7422fa869fd077/element - {"using":"xpath","value":"//*[@id=\"application-manageresources-display-component---newResourceUnit--PLANNING_GROUP-arrow\"]"}
RESULT: {}
RESULT: {"using":"xpath","value":"//*[@id=\"application-manageresources-display-component---newResourceUnit--PLANNING_GROUP-arrow\"]"}
COMMAND: POST /session/d9610c833ec57c166d7422fa869fd077/element/f.4930A98DED63071A496B4A4D5B7A2D08.d.EE485A0C0AE3FACB3244D459391D0EB8.e.623/click - {}
RESULT: {}
COMMAND: GET /session/d9610c833ec57c166d7422fa869fd077/screenshot - {}
RESULT: {}
COMMAND: POST /session/d9610c833ec57c166d7422fa869fd077/execute/async - {"script":"<script> [1562 bytes]","args":[{"selector":{"controlType":"sap.m.StandardListItem","viewName":"reusables.view.manageresources.NewResourceUnit","viewId":"application-manageresources-display-component---newResourceUnit","properties":{"title":"Overplanning"},"searchOpenDialogs":true},"wdio_ui5_key":"reusablesview.manageresources.NewResourceUnitsap.m.StandardListItem{\"title\":\"Overplanning\"}"}]}
RESULT: {"script":"<script> [1562 bytes]","args":[{"selector":{"controlType":"sap.m.StandardListItem","viewName":"reusables.view.manageresources.NewResourceUnit","viewId":"application-manageresources-display-component---newResourceUnit","properties":{"title":"Overplanning"},"searchOpenDialogs":true},"wdio_ui5_key":"reusablesview.manageresources.NewResourceUnitsap.m.StandardListItem{\"title\":\"Overplanning\"}"}]}
RESULT: undefined
COMMAND: POST /session/d9610c833ec57c166d7422fa869fd077/element - {"using":"xpath","value":"//*[@id=\"__item187\"]"}
RESULT: {"using":"xpath","value":"//*[@id=\"__item187\"]"}
COMMAND: POST /session/d9610c833ec57c166d7422fa869fd077/element/f.4930A98DED63071A496B4A4D5B7A2D08.d.EE485A0C0AE3FACB3244D459391D0EB8.e.624/click - {}
RESULT: {}
COMMAND: GET /session/d9610c833ec57c166d7422fa869fd077/screenshot - {}
RESULT: {}
COMMAND: POST /session/d9610c833ec57c166d7422fa869fd077/execute/async - {"script":"<script> [1562 bytes]","args":[{"selector":{"controlType":"sap.m.Label","viewName":"reusables.view.manageresources.NewResourceUnit","viewId":"application-manageresources-display-component---newResourceUnit","i18NText":{"propertyName":"text","key":"planningGroup"},"interaction":{"idSuffix":"bdi"}},"wdio_ui5_key":"reusablesview.manageresources.NewResourceUnitsap.m.Label{\"propertyName\":\"text\",\"key\":\"planningGroup\"}"}]}
RESULT: {"script":"<script> [1562 bytes]","args":[{"selector":{"controlType":"sap.m.Label","viewName":"reusables.view.manageresources.NewResourceUnit","viewId":"application-manageresources-display-component---newResourceUnit","i18NText":{"propertyName":"text","key":"planningGroup"},"interaction":{"idSuffix":"bdi"}},"wdio_ui5_key":"reusablesview.manageresources.NewResourceUnitsap.m.Label{\"propertyName\":\"text\",\"key\":\"planningGroup\"}"}]}
RESULT: undefined
COMMAND: POST /session/d9610c833ec57c166d7422fa869fd077/element - {"using":"xpath","value":"//*[@id=\"__label32\"]"}
RESULT: {"using":"xpath","value":"//*[@id=\"__label32\"]"}
COMMAND: POST /session/d9610c833ec57c166d7422fa869fd077/element/f.4930A98DED63071A496B4A4D5B7A2D08.d.EE485A0C0AE3FACB3244D459391D0EB8.e.626/click - {}
RESULT: {}
COMMAND: GET /session/d9610c833ec57c166d7422fa869fd077/screenshot - {}
RESULT: {}
COMMAND: POST /session/d9610c833ec57c166d7422fa869fd077/actions - {"actions":[{"type":"key","id":"keyboard","actions":[{"type":"keyDown","value":""}]}]}
RESULT: {"actions":[{"type":"key","id":"keyboard","actions":[{"type":"keyDown","value":""}]}]}
COMMAND: GET /session/d9610c833ec57c166d7422fa869fd077/screenshot - {}
RESULT: {}
COMMAND: POST /session/d9610c833ec57c166d7422fa869fd077/actions - {"actions":[{"type":"key","id":"keyboard","actions":[{"type":"keyDown","value":""}]}]}
RESULT: {"actions":[{"type":"key","id":"keyboard","actions":[{"type":"keyDown","value":""}]}]}
COMMAND: GET /session/d9610c833ec57c166d7422fa869fd077/screenshot - {}
RESULT: {}
COMMAND: POST /session/d9610c833ec57c166d7422fa869fd077/actions - {"actions":[{"type":"key","id":"keyboard","actions":[{"type":"keyDown","value":""}]}]}
RESULT: {"actions":[{"type":"key","id":"keyboard","actions":[{"type":"keyDown","value":""}]}]}
COMMAND: GET /session/d9610c833ec57c166d7422fa869fd077/screenshot - {}
RESULT: {}
COMMAND: POST /session/d9610c833ec57c166d7422fa869fd077/actions - {"actions":[{"type":"key","id":"keyboard","actions":[{"type":"keyDown","value":""}]}]}
RESULT: {"actions":[{"type":"key","id":"keyboard","actions":[{"type":"keyDown","value":""}]}]}
COMMAND: GET /session/d9610c833ec57c166d7422fa869fd077/screenshot - {}
RESULT: {}
COMMAND: POST /session/d9610c833ec57c166d7422fa869fd077/actions - {"actions":[{"type":"key","id":"keyboard","actions":[{"type":"keyDown","value":""}]}]}
RESULT: {"actions":[{"type":"key","id":"keyboard","actions":[{"type":"keyDown","value":""}]}]}
COMMAND: GET /session/d9610c833ec57c166d7422fa869fd077/screenshot - {}
RESULT: {}
COMMAND: POST /session/d9610c833ec57c166d7422fa869fd077/actions - {"actions":[{"type":"key","id":"keyboard","actions":[{"type":"keyDown","value":""}]}]}
RESULT: {"actions":[{"type":"key","id":"keyboard","actions":[{"type":"keyDown","value":""}]}]}
COMMAND: GET /session/d9610c833ec57c166d7422fa869fd077/screenshot - {}
RESULT: {}
COMMAND: POST /session/d9610c833ec57c166d7422fa869fd077/execute/async - {"script":"<script> [1562 bytes]","args":[{"selector":{"id":"application-manageresources-display-component---newResourceUnit--btnAddTimeSegment-img","properties":{"src":"sap-icon://add"}},"wdio_ui5_key":"applicationmanageresources-display-component---newResourceUnit--btnAddTimeSegment-img{\"src\":\"sap-icon://add\"}"}]}
RESULT: {"script":"<script> [1562 bytes]","args":[{"selector":{"id":"application-manageresources-display-component---newResourceUnit--btnAddTimeSegment-img","properties":{"src":"sap-icon://add"}},"wdio_ui5_key":"applicationmanageresources-display-component---newResourceUnit--btnAddTimeSegment-img{\"src\":\"sap-icon://add\"}"}]}
RESULT: undefined
COMMAND: POST /session/d9610c833ec57c166d7422fa869fd077/element - {"using":"xpath","value":"//*[@id=\"application-manageresources-display-component---newResourceUnit--btnAddTimeSegment-img\"]"}
RESULT: {"using":"xpath","value":"//*[@id=\"application-manageresources-display-component---newResourceUnit--btnAddTimeSegment-img\"]"}
COMMAND: POST /session/d9610c833ec57c166d7422fa869fd077/element/f.4930A98DED63071A496B4A4D5B7A2D08.d.EE485A0C0AE3FACB3244D459391D0EB8.e.627/click - {}
RESULT: {}
COMMAND: GET /session/d9610c833ec57c166d7422fa869fd077/screenshot - {}
RESULT: {}
COMMAND: POST /session/d9610c833ec57c166d7422fa869fd077/execute/async - {"script":"<script> [1562 bytes]","args":[{"selector":{"controlType":"sap.m.Input","viewName":"reusables.view.manageresources.NewResourceUnit","viewId":"application-manageresources-display-component---newResourceUnit","bindingPath":{"path":"/RESOURCE_UNIT_IDS/0","propertyPath":"ID","modelName":"oNewRruModel"}},"wdio_ui5_key":"reusablesview.manageresources.NewResourceUnitsap.m.Input{\"path\":\"/RESOURCE_UNIT_IDS/0\",\"propertyPath\":\"ID\",\"modelName\":\"oNewRruModel\"}"}]}
RESULT: {"script":"<script> [1562 bytes]","args":[{"selector":{"controlType":"sap.m.Input","viewName":"reusables.view.manageresources.NewResourceUnit","viewId":"application-manageresources-display-component---newResourceUnit","bindingPath":{"path":"/RESOURCE_UNIT_IDS/0","propertyPath":"ID","modelName":"oNewRruModel"}},"wdio_ui5_key":"reusablesview.manageresources.NewResourceUnitsap.m.Input{\"path\":\"/RESOURCE_UNIT_IDS/0\",\"propertyPath\":\"ID\",\"modelName\":\"oNewRruModel\"}"}]}
RESULT: undefined
COMMAND: POST /session/d9610c833ec57c166d7422fa869fd077/execute/async - {"script":"<script> [1562 bytes]","args":[{"selector":{"id":"application-manageresources-display-component---newResourceUnit--idRuTSAdmin-application-manageresources-display-component---newResourceUnit--RUTimeSegment-0","interaction":{"idSuffix":"inner"}},"wdio_ui5_key":"applicationmanageresources-display-component---newResourceUnit--idRuTSAdmin-application-manageresources-display-component---newResourceUnit--RUTimeSegment-0"}]}
RESULT: {"script":"<script> [1562 bytes]","args":[{"selector":{"id":"application-manageresources-display-component---newResourceUnit--idRuTSAdmin-application-manageresources-display-component---newResourceUnit--RUTimeSegment-0","interaction":{"idSuffix":"inner"}},"wdio_ui5_key":"applicationmanageresources-display-component---newResourceUnit--idRuTSAdmin-application-manageresources-display-component---newResourceUnit--RUTimeSegment-0"}]}
RESULT: undefined
COMMAND: POST /session/d9610c833ec57c166d7422fa869fd077/execute/async - {"script":"<script> [776 bytes]","args":[{"enterText":"101 - Test","selector":{"id":"application-manageresources-display-component---newResourceUnit--idRuTSAdmin-application-manageresources-display-component---newResourceUnit--RUTimeSegment-0","interaction":{"idSuffix":"inner"}},"clearTextFirst":true,"interactionType":"ENTER_TEXT"}]}
RESULT: {"script":"<script> [776 bytes]","args":[{"enterText":"101 - Test","selector":{"id":"application-manageresources-display-component---newResourceUnit--idRuTSAdmin-application-manageresources-display-component---newResourceUnit--RUTimeSegment-0","interaction":{"idSuffix":"inner"}},"clearTextFirst":true,"interactionType":"ENTER_TEXT"}]}
COMMAND: POST /session/d9610c833ec57c166d7422fa869fd077/execute/async - {"script":"<script> [1562 bytes]","args":[{"selector":{"id":"application-manageresources-display-component---newResourceUnit--newRRUPage-anchBar-application-manageresources-display-component---newResourceUnit--resource-anchor","interaction":{"idSuffix":"BDI-content"}},"wdio_ui5_key":"applicationmanageresources-display-component---newResourceUnit--newRRUPage-anchBar-application-manageresources-display-component---newResourceUnit--resource-anchor"}]}
RESULT: {"script":"<script> [1562 bytes]","args":[{"selector":{"id":"application-manageresources-display-component---newResourceUnit--newRRUPage-anchBar-application-manageresources-display-component---newResourceUnit--resource-anchor","interaction":{"idSuffix":"BDI-content"}},"wdio_ui5_key":"applicationmanageresources-display-component---newResourceUnit--newRRUPage-anchBar-application-manageresources-display-component---newResourceUnit--resource-anchor"}]}
RESULT: undefined
COMMAND: POST /session/d9610c833ec57c166d7422fa869fd077/element - {"using":"xpath","value":"//*[@id=\"application-manageresources-display-component---newResourceUnit--newRRUPage-anchBar-application-manageresources-display-component---newResourceUnit--resource-anchor\"]"}
RESULT: {"using":"xpath","value":"//*[@id=\"application-manageresources-display-component---newResourceUnit--newRRUPage-anchBar-application-manageresources-display-component---newResourceUnit--resource-anchor\"]"}
COMMAND: POST /session/d9610c833ec57c166d7422fa869fd077/element/f.4930A98DED63071A496B4A4D5B7A2D08.d.EE485A0C0AE3FACB3244D459391D0EB8.e.646/click - {}
RESULT: {}
COMMAND: POST /session/d9610c833ec57c166d7422fa869fd077/execute/async - {"script":"<script> [1562 bytes]","args":[{"selector":{"id":"application-manageresources-display-component---newResourceUnit--PLANNED_DELIVERY_DATE","interaction":{"idSuffix":"inner"}},"wdio_ui5_key":"applicationmanageresources-display-component---newResourceUnit--PLANNED_DELIVERY_DATE"}]}
COMMAND: GET /session/d9610c833ec57c166d7422fa869fd077/screenshot - {}
RESULT: {"script":"<script> [1562 bytes]","args":[{"selector":{"id":"application-manageresources-display-component---newResourceUnit--PLANNED_DELIVERY_DATE","interaction":{"idSuffix":"inner"}},"wdio_ui5_key":"applicationmanageresources-display-component---newResourceUnit--PLANNED_DELIVERY_DATE"}]}
RESULT: undefined
COMMAND: POST /session/d9610c833ec57c166d7422fa869fd077/execute/async - {"script":"<script> [776 bytes]","args":[{"enterText":"6/26/24","selector":{"id":"application-manageresources-display-component---newResourceUnit--PLANNED_DELIVERY_DATE","interaction":{"idSuffix":"inner"}},"clearTextFirst":true,"interactionType":"ENTER_TEXT"}]}
RESULT: {}
RESULT: {"script":"<script> [776 bytes]","args":[{"enterText":"6/26/24","selector":{"id":"application-manageresources-display-component---newResourceUnit--PLANNED_DELIVERY_DATE","interaction":{"idSuffix":"inner"}},"clearTextFirst":true,"interactionType":"ENTER_TEXT"}]}
COMMAND: POST /session/d9610c833ec57c166d7422fa869fd077/execute/async - {"script":"<script> [1562 bytes]","args":[{"selector":{"id":"application-manageresources-display-component---newResourceUnit--newRRUPage-anchBar-application-manageresources-display-component---newResourceUnit--identifiers-anchor"},"wdio_ui5_key":"applicationmanageresources-display-component---newResourceUnit--newRRUPage-anchBar-application-manageresources-display-component---newResourceUnit--identifiers-anchor"}]}
RESULT: {"script":"<script> [1562 bytes]","args":[{"selector":{"id":"application-manageresources-display-component---newResourceUnit--newRRUPage-anchBar-application-manageresources-display-component---newResourceUnit--identifiers-anchor"},"wdio_ui5_key":"applicationmanageresources-display-component---newResourceUnit--newRRUPage-anchBar-application-manageresources-display-component---newResourceUnit--identifiers-anchor"}]}
RESULT: undefined
COMMAND: POST /session/d9610c833ec57c166d7422fa869fd077/element - {"using":"xpath","value":"//*[@id=\"application-manageresources-display-component---newResourceUnit--newRRUPage-anchBar-application-manageresources-display-component---newResourceUnit--identifiers-anchor\"]"}
RESULT: {"using":"xpath","value":"//*[@id=\"application-manageresources-display-component---newResourceUnit--newRRUPage-anchBar-application-manageresources-display-component---newResourceUnit--identifiers-anchor\"]"}
COMMAND: POST /session/d9610c833ec57c166d7422fa869fd077/element/f.4930A98DED63071A496B4A4D5B7A2D08.d.EE485A0C0AE3FACB3244D459391D0EB8.e.651/click - {}
RESULT: {}
COMMAND: GET /session/d9610c833ec57c166d7422fa869fd077/screenshot - {}
RESULT: {}
COMMAND: POST /session/d9610c833ec57c166d7422fa869fd077/execute/async - {"script":"<script> [1562 bytes]","args":[{"selector":{"id":"application-manageresources-display-component---newResourceUnit--btnAddIdentifier-img","properties":{"src":"sap-icon://add"}},"wdio_ui5_key":"applicationmanageresources-display-component---newResourceUnit--btnAddIdentifier-img{\"src\":\"sap-icon://add\"}"}]}
RESULT: {"script":"<script> [1562 bytes]","args":[{"selector":{"id":"application-manageresources-display-component---newResourceUnit--btnAddIdentifier-img","properties":{"src":"sap-icon://add"}},"wdio_ui5_key":"applicationmanageresources-display-component---newResourceUnit--btnAddIdentifier-img{\"src\":\"sap-icon://add\"}"}]}
RESULT: undefined
COMMAND: POST /session/d9610c833ec57c166d7422fa869fd077/element - {"using":"xpath","value":"//*[@id=\"application-manageresources-display-component---newResourceUnit--btnAddIdentifier-img\"]"}
RESULT: {"using":"xpath","value":"//*[@id=\"application-manageresources-display-component---newResourceUnit--btnAddIdentifier-img\"]"}
COMMAND: POST /session/d9610c833ec57c166d7422fa869fd077/element/f.4930A98DED63071A496B4A4D5B7A2D08.d.EE485A0C0AE3FACB3244D459391D0EB8.e.655/click - {}
RESULT: {}
COMMAND: POST /session/d9610c833ec57c166d7422fa869fd077/execute/async - {"script":"<script> [1562 bytes]","args":[{"selector":{"id":"application-manageresources-display-component---newResourceUnit--idRuIdTypeSelect-application-manageresources-display-component---newResourceUnit--RUIdentifiers-0-arrow"},"wdio_ui5_key":"applicationmanageresources-display-component---newResourceUnit--idRuIdTypeSelect-application-manageresources-display-component---newResourceUnit--RUIdentifiers-0-arrow"}]}
COMMAND: GET /session/d9610c833ec57c166d7422fa869fd077/screenshot - {}
RESULT: {"script":"<script> [1562 bytes]","args":[{"selector":{"id":"application-manageresources-display-component---newResourceUnit--idRuIdTypeSelect-application-manageresources-display-component---newResourceUnit--RUIdentifiers-0-arrow"},"wdio_ui5_key":"applicationmanageresources-display-component---newResourceUnit--idRuIdTypeSelect-application-manageresources-display-component---newResourceUnit--RUIdentifiers-0-arrow"}]}
RESULT: undefined
COMMAND: POST /session/d9610c833ec57c166d7422fa869fd077/element - {"using":"xpath","value":"//*[@id=\"application-manageresources-display-component---newResourceUnit--idRuIdTypeSelect-application-manageresources-display-component---newResourceUnit--RUIdentifiers-0-arrow\"]"}
RESULT: {}
RESULT: {"using":"xpath","value":"//*[@id=\"application-manageresources-display-component---newResourceUnit--idRuIdTypeSelect-application-manageresources-display-component---newResourceUnit--RUIdentifiers-0-arrow\"]"}
COMMAND: POST /session/d9610c833ec57c166d7422fa869fd077/element/f.4930A98DED63071A496B4A4D5B7A2D08.d.EE485A0C0AE3FACB3244D459391D0EB8.e.662/click - {}
RESULT: {}
COMMAND: POST /session/d9610c833ec57c166d7422fa869fd077/execute/async - {"script":"<script> [1562 bytes]","args":[{"selector":{"controlType":"sap.m.StandardListItem","viewName":"reusables.view.manageresources.NewResourceUnit","viewId":"application-manageresources-display-component---newResourceUnit","properties":{"title":"Barcode"},"searchOpenDialogs":true},"wdio_ui5_key":"reusablesview.manageresources.NewResourceUnitsap.m.StandardListItem{\"title\":\"Barcode\"}"}]}
COMMAND: GET /session/d9610c833ec57c166d7422fa869fd077/screenshot - {}
RESULT: {"script":"<script> [1562 bytes]","args":[{"selector":{"controlType":"sap.m.StandardListItem","viewName":"reusables.view.manageresources.NewResourceUnit","viewId":"application-manageresources-display-component---newResourceUnit","properties":{"title":"Barcode"},"searchOpenDialogs":true},"wdio_ui5_key":"reusablesview.manageresources.NewResourceUnitsap.m.StandardListItem{\"title\":\"Barcode\"}"}]}
RESULT: undefined
COMMAND: POST /session/d9610c833ec57c166d7422fa869fd077/element - {"using":"xpath","value":"//*[@id=\"__item534\"]"}
RESULT: {}
RESULT: {"using":"xpath","value":"//*[@id=\"__item534\"]"}
COMMAND: POST /session/d9610c833ec57c166d7422fa869fd077/element/f.4930A98DED63071A496B4A4D5B7A2D08.d.EE485A0C0AE3FACB3244D459391D0EB8.e.663/click - {}
RESULT: {}
COMMAND: GET /session/d9610c833ec57c166d7422fa869fd077/screenshot - {}
RESULT: {}
COMMAND: POST /session/d9610c833ec57c166d7422fa869fd077/execute/async - {"script":"<script> [1562 bytes]","args":[{"selector":{"controlType":"sap.m.Input","viewName":"reusables.view.manageresources.NewResourceUnit","viewId":"application-manageresources-display-component---newResourceUnit","bindingPath":{"path":"/RESOURCE_UNIT_IDS/0","propertyPath":"ID","modelName":"oNewRruModel"},"properties":{"type":"Text"},"interaction":{"idSuffix":"inner"}},"wdio_ui5_key":"reusablesview.manageresources.NewResourceUnitsap.m.Input{\"path\":\"/RESOURCE_UNIT_IDS/0\",\"propertyPath\":\"ID\",\"modelName\":\"oNewRruModel\"}{\"type\":\"Text\"}"}]}
RESULT: {"script":"<script> [1562 bytes]","args":[{"selector":{"controlType":"sap.m.Input","viewName":"reusables.view.manageresources.NewResourceUnit","viewId":"application-manageresources-display-component---newResourceUnit","bindingPath":{"path":"/RESOURCE_UNIT_IDS/0","propertyPath":"ID","modelName":"oNewRruModel"},"properties":{"type":"Text"},"interaction":{"idSuffix":"inner"}},"wdio_ui5_key":"reusablesview.manageresources.NewResourceUnitsap.m.Input{\"path\":\"/RESOURCE_UNIT_IDS/0\",\"propertyPath\":\"ID\",\"modelName\":\"oNewRruModel\"}{\"type\":\"Text\"}"}]}
RESULT: undefined
COMMAND: POST /session/d9610c833ec57c166d7422fa869fd077/execute/async - {"script":"<script> [776 bytes]","args":[{"enterText":"wdi5_test","selector":{"controlType":"sap.m.Input","viewName":"reusables.view.manageresources.NewResourceUnit","viewId":"application-manageresources-display-component---newResourceUnit","bindingPath":{"path":"/RESOURCE_UNIT_IDS/0","propertyPath":"ID","modelName":"oNewRruModel"},"properties":{"type":"Text"},"interaction":{"idSuffix":"inner"}},"clearTextFirst":true,"interactionType":"ENTER_TEXT"}]}
RESULT: {"script":"<script> [776 bytes]","args":[{"enterText":"wdi5_test","selector":{"controlType":"sap.m.Input","viewName":"reusables.view.manageresources.NewResourceUnit","viewId":"application-manageresources-display-component---newResourceUnit","bindingPath":{"path":"/RESOURCE_UNIT_IDS/0","propertyPath":"ID","modelName":"oNewRruModel"},"properties":{"type":"Text"},"interaction":{"idSuffix":"inner"}},"clearTextFirst":true,"interactionType":"ENTER_TEXT"}]}
COMMAND: POST /session/d9610c833ec57c166d7422fa869fd077/element - {"using":"xpath","value":"//button[@title = 'Save' and @class = 'sapMBtnBase sapMBtn sapMBtnInverted sapMBarChild']"}
RESULT: {"using":"xpath","value":"//button[@title = 'Save' and @class = 'sapMBtnBase sapMBtn sapMBtnInverted sapMBarChild']"}
COMMAND: POST /session/d9610c833ec57c166d7422fa869fd077/element/f.4930A98DED63071A496B4A4D5B7A2D08.d.EE485A0C0AE3FACB3244D459391D0EB8.e.491/click - {}
RESULT: {}
COMMAND: GET /session/d9610c833ec57c166d7422fa869fd077/screenshot - {}
RESULT: {}
COMMAND: POST /session/d9610c833ec57c166d7422fa869fd077/execute/async - {"script":"<script> [1562 bytes]","args":[{"selector":{"controlType":"sap.m.Button","properties":{"text":"Close"},"searchOpenDialogs":true,"interaction":{"idSuffix":"BDI-content"}},"wdio_ui5_key":"sapm.Button{\"text\":\"Close\"}"}]}
RESULT: {"script":"<script> [1562 bytes]","args":[{"selector":{"controlType":"sap.m.Button","properties":{"text":"Close"},"searchOpenDialogs":true,"interaction":{"idSuffix":"BDI-content"}},"wdio_ui5_key":"sapm.Button{\"text\":\"Close\"}"}]}
RESULT: undefined
COMMAND: POST /session/d9610c833ec57c166d7422fa869fd077/element - {"using":"xpath","value":"//*[@id=\"__mbox-btn-0\"]"}
RESULT: {"using":"xpath","value":"//*[@id=\"__mbox-btn-0\"]"}
COMMAND: POST /session/d9610c833ec57c166d7422fa869fd077/element/f.4930A98DED63071A496B4A4D5B7A2D08.d.EE485A0C0AE3FACB3244D459391D0EB8.e.665/click - {}
RESULT: {}
COMMAND: GET /session/d9610c833ec57c166d7422fa869fd077/screenshot - {}
COMMAND: POST /session/d9610c833ec57c166d7422fa869fd077/element - {"using":"css selector","value":"#shell-header-logo"}
RESULT: {}
RESULT: {"using":"css selector","value":"#shell-header-logo"}
COMMAND: POST /session/d9610c833ec57c166d7422fa869fd077/element/f.4930A98DED63071A496B4A4D5B7A2D08.d.EE485A0C0AE3FACB3244D459391D0EB8.e.118/click - {}
RESULT: {}
COMMAND: GET /session/d9610c833ec57c166d7422fa869fd077/screenshot - {}
RESULT: {}
]]></system-out>
    </testcase>
    <testcase classname="chrome.135_0_7049_42.windows.Create_and_verify_Order_without_Template_US127247" name="Should create ISC order" time="80.982">
      <system-out><![CDATA[
COMMAND: POST /session/d9610c833ec57c166d7422fa869fd077/execute/async - {"script":"<script> [1562 bytes]","args":[{"selector":{"controlType":"sap.m.GenericTile","properties":{"header":"ISC Orders"}},"wdio_ui5_key":"sapm.GenericTile{\"header\":\"ISC Orders\"}"}]}
RESULT: {"script":"<script> [1562 bytes]","args":[{"selector":{"controlType":"sap.m.GenericTile","properties":{"header":"ISC Orders"}},"wdio_ui5_key":"sapm.GenericTile{\"header\":\"ISC Orders\"}"}]}
RESULT: undefined
COMMAND: POST /session/d9610c833ec57c166d7422fa869fd077/element - {"using":"xpath","value":"//*[@id=\"__tile108\"]"}
RESULT: {"using":"xpath","value":"//*[@id=\"__tile108\"]"}
COMMAND: POST /session/d9610c833ec57c166d7422fa869fd077/element/f.4930A98DED63071A496B4A4D5B7A2D08.d.EE485A0C0AE3FACB3244D459391D0EB8.e.681/click - {}
RESULT: {}
COMMAND: GET /session/d9610c833ec57c166d7422fa869fd077/screenshot - {}
RESULT: {}
COMMAND: POST /session/d9610c833ec57c166d7422fa869fd077/execute/async - {"script":"<script> [1562 bytes]","args":[{"selector":{"id":"application-iscorders-display-component---orderList--addOrder-img"},"wdio_ui5_key":"applicationiscorders-display-component---orderList--addOrder-img"}]}
RESULT: {"script":"<script> [1562 bytes]","args":[{"selector":{"id":"application-iscorders-display-component---orderList--addOrder-img"},"wdio_ui5_key":"applicationiscorders-display-component---orderList--addOrder-img"}]}
RESULT: undefined
COMMAND: POST /session/d9610c833ec57c166d7422fa869fd077/element - {"using":"xpath","value":"//*[@id=\"application-iscorders-display-component---orderList--addOrder-img\"]"}
RESULT: {"using":"xpath","value":"//*[@id=\"application-iscorders-display-component---orderList--addOrder-img\"]"}
COMMAND: POST /session/d9610c833ec57c166d7422fa869fd077/element/f.4930A98DED63071A496B4A4D5B7A2D08.d.EE485A0C0AE3FACB3244D459391D0EB8.e.731/click - {}
RESULT: {}
COMMAND: POST /session/d9610c833ec57c166d7422fa869fd077/execute/async - {"script":"<script> [1562 bytes]","args":[{"selector":{"id":"application-iscorders-display-component---createOrder--orderTitle"},"wdio_ui5_key":"applicationiscorders-display-component---createOrder--orderTitle"}]}
COMMAND: GET /session/d9610c833ec57c166d7422fa869fd077/screenshot - {}
RESULT: {"script":"<script> [1562 bytes]","args":[{"selector":{"id":"application-iscorders-display-component---createOrder--orderTitle"},"wdio_ui5_key":"applicationiscorders-display-component---createOrder--orderTitle"}]}
RESULT: undefined
COMMAND: POST /session/d9610c833ec57c166d7422fa869fd077/execute/async - {"script":"<script> [776 bytes]","args":[{"enterText":"WDI5_test","selector":{"id":"application-iscorders-display-component---createOrder--orderTitle"},"clearTextFirst":true,"interactionType":"ENTER_TEXT"}]}
RESULT: {}
RESULT: {"script":"<script> [776 bytes]","args":[{"enterText":"WDI5_test","selector":{"id":"application-iscorders-display-component---createOrder--orderTitle"},"clearTextFirst":true,"interactionType":"ENTER_TEXT"}]}
COMMAND: POST /session/d9610c833ec57c166d7422fa869fd077/execute/async - {"script":"<script> [1562 bytes]","args":[{"selector":{"id":"application-iscorders-display-component---createOrder--orderDesc"},"wdio_ui5_key":"applicationiscorders-display-component---createOrder--orderDesc"}]}
RESULT: {"script":"<script> [1562 bytes]","args":[{"selector":{"id":"application-iscorders-display-component---createOrder--orderDesc"},"wdio_ui5_key":"applicationiscorders-display-component---createOrder--orderDesc"}]}
RESULT: undefined
COMMAND: POST /session/d9610c833ec57c166d7422fa869fd077/execute/async - {"script":"<script> [776 bytes]","args":[{"enterText":"WDI5_test","selector":{"id":"application-iscorders-display-component---createOrder--orderDesc"},"clearTextFirst":true,"interactionType":"ENTER_TEXT"}]}
RESULT: {"script":"<script> [776 bytes]","args":[{"enterText":"WDI5_test","selector":{"id":"application-iscorders-display-component---createOrder--orderDesc"},"clearTextFirst":true,"interactionType":"ENTER_TEXT"}]}
COMMAND: POST /session/d9610c833ec57c166d7422fa869fd077/execute/async - {"script":"<script> [1562 bytes]","args":[{"selector":{"controlType":"sap.m.Title","viewName":"etm.portal.ui.iscorders.view.New","viewId":"application-iscorders-display-component---createOrder","i18NText":{"propertyName":"text","key":"orderDetail"},"interaction":{"idSuffix":"inner"}},"wdio_ui5_key":"etmportal.ui.iscorders.view.Newsap.m.Title{\"propertyName\":\"text\",\"key\":\"orderDetail\"}"}]}
RESULT: {"script":"<script> [1562 bytes]","args":[{"selector":{"controlType":"sap.m.Title","viewName":"etm.portal.ui.iscorders.view.New","viewId":"application-iscorders-display-component---createOrder","i18NText":{"propertyName":"text","key":"orderDetail"},"interaction":{"idSuffix":"inner"}},"wdio_ui5_key":"etmportal.ui.iscorders.view.Newsap.m.Title{\"propertyName\":\"text\",\"key\":\"orderDetail\"}"}]}
RESULT: undefined
COMMAND: POST /session/d9610c833ec57c166d7422fa869fd077/element - {"using":"xpath","value":"//*[@id=\"__title24\"]"}
RESULT: {"using":"xpath","value":"//*[@id=\"__title24\"]"}
COMMAND: POST /session/d9610c833ec57c166d7422fa869fd077/element/f.4930A98DED63071A496B4A4D5B7A2D08.d.EE485A0C0AE3FACB3244D459391D0EB8.e.1121/click - {}
RESULT: {}
COMMAND: POST /session/d9610c833ec57c166d7422fa869fd077/actions - {"actions":[{"type":"key","id":"keyboard","actions":[{"type":"keyDown","value":""}]}]}
COMMAND: GET /session/d9610c833ec57c166d7422fa869fd077/screenshot - {}
RESULT: {"actions":[{"type":"key","id":"keyboard","actions":[{"type":"keyDown","value":""}]}]}
COMMAND: GET /session/d9610c833ec57c166d7422fa869fd077/screenshot - {}
RESULT: {}
RESULT: {}
COMMAND: POST /session/d9610c833ec57c166d7422fa869fd077/actions - {"actions":[{"type":"key","id":"keyboard","actions":[{"type":"keyDown","value":""}]}]}
RESULT: {"actions":[{"type":"key","id":"keyboard","actions":[{"type":"keyDown","value":""}]}]}
COMMAND: GET /session/d9610c833ec57c166d7422fa869fd077/screenshot - {}
RESULT: {}
COMMAND: POST /session/d9610c833ec57c166d7422fa869fd077/actions - {"actions":[{"type":"key","id":"keyboard","actions":[{"type":"keyDown","value":""}]}]}
RESULT: {"actions":[{"type":"key","id":"keyboard","actions":[{"type":"keyDown","value":""}]}]}
COMMAND: GET /session/d9610c833ec57c166d7422fa869fd077/screenshot - {}
RESULT: {}
COMMAND: POST /session/d9610c833ec57c166d7422fa869fd077/actions - {"actions":[{"type":"key","id":"keyboard","actions":[{"type":"keyDown","value":""}]}]}
RESULT: {"actions":[{"type":"key","id":"keyboard","actions":[{"type":"keyDown","value":""}]}]}
COMMAND: GET /session/d9610c833ec57c166d7422fa869fd077/screenshot - {}
RESULT: {}
COMMAND: POST /session/d9610c833ec57c166d7422fa869fd077/actions - {"actions":[{"type":"key","id":"keyboard","actions":[{"type":"keyDown","value":""}]}]}
RESULT: {"actions":[{"type":"key","id":"keyboard","actions":[{"type":"keyDown","value":""}]}]}
COMMAND: GET /session/d9610c833ec57c166d7422fa869fd077/screenshot - {}
RESULT: {}
COMMAND: POST /session/d9610c833ec57c166d7422fa869fd077/actions - {"actions":[{"type":"key","id":"keyboard","actions":[{"type":"keyDown","value":""}]}]}
RESULT: {"actions":[{"type":"key","id":"keyboard","actions":[{"type":"keyDown","value":""}]}]}
COMMAND: GET /session/d9610c833ec57c166d7422fa869fd077/screenshot - {}
RESULT: {}
COMMAND: POST /session/d9610c833ec57c166d7422fa869fd077/execute/async - {"script":"<script> [1562 bytes]","args":[{"selector":{"id":"application-iscorders-display-component---createOrder--resourceValue-vhi"},"wdio_ui5_key":"applicationiscorders-display-component---createOrder--resourceValue-vhi"}]}
RESULT: {"script":"<script> [1562 bytes]","args":[{"selector":{"id":"application-iscorders-display-component---createOrder--resourceValue-vhi"},"wdio_ui5_key":"applicationiscorders-display-component---createOrder--resourceValue-vhi"}]}
RESULT: undefined
COMMAND: POST /session/d9610c833ec57c166d7422fa869fd077/element - {"using":"xpath","value":"//*[@id=\"application-iscorders-display-component---createOrder--resourceValue-vhi\"]"}
RESULT: {"using":"xpath","value":"//*[@id=\"application-iscorders-display-component---createOrder--resourceValue-vhi\"]"}
COMMAND: POST /session/d9610c833ec57c166d7422fa869fd077/element/f.4930A98DED63071A496B4A4D5B7A2D08.d.EE485A0C0AE3FACB3244D459391D0EB8.e.1136/click - {}
RESULT: {}
COMMAND: POST /session/d9610c833ec57c166d7422fa869fd077/execute/async - {"script":"<script> [1562 bytes]","args":[{"selector":{"id":"application-iscorders-display-component---createOrder--smartFilterBar-btnBasicSearch","searchOpenDialogs":true,"interaction":{"idSuffix":"I"}},"wdio_ui5_key":"applicationiscorders-display-component---createOrder--smartFilterBar-btnBasicSearch"}]}
COMMAND: GET /session/d9610c833ec57c166d7422fa869fd077/screenshot - {}
RESULT: {"script":"<script> [1562 bytes]","args":[{"selector":{"id":"application-iscorders-display-component---createOrder--smartFilterBar-btnBasicSearch","searchOpenDialogs":true,"interaction":{"idSuffix":"I"}},"wdio_ui5_key":"applicationiscorders-display-component---createOrder--smartFilterBar-btnBasicSearch"}]}
RESULT: undefined
COMMAND: POST /session/d9610c833ec57c166d7422fa869fd077/execute/async - {"script":"<script> [776 bytes]","args":[{"enterText":"wdi5-1744821459205","selector":{"id":"application-iscorders-display-component---createOrder--smartFilterBar-btnBasicSearch","searchOpenDialogs":true,"interaction":{"idSuffix":"I"}},"clearTextFirst":true,"interactionType":"ENTER_TEXT"}]}
RESULT: {}
RESULT: {"script":"<script> [776 bytes]","args":[{"enterText":"wdi5-1744821459205","selector":{"id":"application-iscorders-display-component---createOrder--smartFilterBar-btnBasicSearch","searchOpenDialogs":true,"interaction":{"idSuffix":"I"}},"clearTextFirst":true,"interactionType":"ENTER_TEXT"}]}
COMMAND: POST /session/d9610c833ec57c166d7422fa869fd077/actions - {"actions":[{"id":"action1","type":"key","parameters":{},"actions":[{"type":"keyDown","value":""},{"type":"pause","duration":10},{"type":"keyUp","value":""}]}]}
RESULT: {"actions":[{"id":"action1","type":"key","parameters":{},"actions":[{"type":"keyDown","value":""},{"type":"pause","duration":10},{"type":"keyUp","value":""}]}]}
COMMAND: GET /session/d9610c833ec57c166d7422fa869fd077/screenshot - {}
RESULT: {}
COMMAND: POST /session/d9610c833ec57c166d7422fa869fd077/execute/async - {"script":"<script> [1562 bytes]","args":[{"selector":{"controlType":"sap.ui.table.Row","viewName":"etm.portal.ui.iscorders.view.New","viewId":"application-iscorders-display-component---createOrder","searchOpenDialogs":true,"descendant":{"controlType":"sap.m.Text","viewName":"etm.portal.ui.iscorders.view.New","viewId":"application-iscorders-display-component---createOrder","bindingPath":{"path":"/IscResourceUnits('wdi5-1744821459205')","propertyPath":"ID"},"searchOpenDialogs":true},"interaction":{"idSuffix":"col0"}},"wdio_ui5_key":"etmportal.ui.iscorders.view.Newsap.ui.table.Row{\"controlType\":\"sap.m.Text\",\"viewName\":\"etm.portal.ui.iscorders.view.New\",\"viewId\":\"application-iscorders-display-component---createOrder\",\"bindingPath\":{\"path\":\"/IscResourceUnits('wdi5-1744821459205')\",\"propertyPath\":\"ID\"},\"searchOpenDialogs\":true}"}]}
RESULT: {"script":"<script> [1562 bytes]","args":[{"selector":{"controlType":"sap.ui.table.Row","viewName":"etm.portal.ui.iscorders.view.New","viewId":"application-iscorders-display-component---createOrder","searchOpenDialogs":true,"descendant":{"controlType":"sap.m.Text","viewName":"etm.portal.ui.iscorders.view.New","viewId":"application-iscorders-display-component---createOrder","bindingPath":{"path":"/IscResourceUnits('wdi5-1744821459205')","propertyPath":"ID"},"searchOpenDialogs":true},"interaction":{"idSuffix":"col0"}},"wdio_ui5_key":"etmportal.ui.iscorders.view.Newsap.ui.table.Row{\"controlType\":\"sap.m.Text\",\"viewName\":\"etm.portal.ui.iscorders.view.New\",\"viewId\":\"application-iscorders-display-component---createOrder\",\"bindingPath\":{\"path\":\"/IscResourceUnits('wdi5-1744821459205')\",\"propertyPath\":\"ID\"},\"searchOpenDialogs\":true}"}]}
RESULT: undefined
COMMAND: POST /session/d9610c833ec57c166d7422fa869fd077/element - {"using":"xpath","value":"//*[@id=\"application-iscorders-display-component---createOrder--resourceSelectionTable-rows-row0\"]"}
RESULT: {"using":"xpath","value":"//*[@id=\"application-iscorders-display-component---createOrder--resourceSelectionTable-rows-row0\"]"}
COMMAND: POST /session/d9610c833ec57c166d7422fa869fd077/element/f.4930A98DED63071A496B4A4D5B7A2D08.d.EE485A0C0AE3FACB3244D459391D0EB8.e.1189/click - {}
RESULT: {}
COMMAND: POST /session/d9610c833ec57c166d7422fa869fd077/execute/async - {"script":"<script> [1562 bytes]","args":[{"selector":{"controlType":"sap.m.Button","viewName":"etm.portal.ui.iscorders.view.New","viewId":"application-iscorders-display-component---createOrder","i18NText":{"propertyName":"text","key":"select"},"searchOpenDialogs":true},"wdio_ui5_key":"etmportal.ui.iscorders.view.Newsap.m.Button{\"propertyName\":\"text\",\"key\":\"select\"}"}]}
COMMAND: GET /session/d9610c833ec57c166d7422fa869fd077/screenshot - {}
RESULT: {"script":"<script> [1562 bytes]","args":[{"selector":{"controlType":"sap.m.Button","viewName":"etm.portal.ui.iscorders.view.New","viewId":"application-iscorders-display-component---createOrder","i18NText":{"propertyName":"text","key":"select"},"searchOpenDialogs":true},"wdio_ui5_key":"etmportal.ui.iscorders.view.Newsap.m.Button{\"propertyName\":\"text\",\"key\":\"select\"}"}]}
RESULT: undefined
COMMAND: POST /session/d9610c833ec57c166d7422fa869fd077/element - {"using":"xpath","value":"//*[@id=\"application-iscorders-display-component---createOrder--resourceSelectionButton\"]"}
RESULT: {}
RESULT: {"using":"xpath","value":"//*[@id=\"application-iscorders-display-component---createOrder--resourceSelectionButton\"]"}
COMMAND: POST /session/d9610c833ec57c166d7422fa869fd077/element/f.4930A98DED63071A496B4A4D5B7A2D08.d.EE485A0C0AE3FACB3244D459391D0EB8.e.1190/click - {}
RESULT: {}
COMMAND: POST /session/d9610c833ec57c166d7422fa869fd077/execute/async - {"script":"<script> [1562 bytes]","args":[{"selector":{"controlType":"sap.m.Button","viewName":"etm.portal.ui.iscorders.view.New","viewId":"application-iscorders-display-component---createOrder","properties":{"text":"Scheduling"}},"wdio_ui5_key":"etmportal.ui.iscorders.view.Newsap.m.Button{\"text\":\"Scheduling\"}"}]}
COMMAND: GET /session/d9610c833ec57c166d7422fa869fd077/screenshot - {}
RESULT: {"script":"<script> [1562 bytes]","args":[{"selector":{"controlType":"sap.m.Button","viewName":"etm.portal.ui.iscorders.view.New","viewId":"application-iscorders-display-component---createOrder","properties":{"text":"Scheduling"}},"wdio_ui5_key":"etmportal.ui.iscorders.view.Newsap.m.Button{\"text\":\"Scheduling\"}"}]}
RESULT: undefined
COMMAND: POST /session/d9610c833ec57c166d7422fa869fd077/element - {"using":"xpath","value":"//*[@id=\"__layout170-anchBar-application-iscorders-display-component---createOrder--templateUnitSection-anchor\"]"}
RESULT: {}
RESULT: {"using":"xpath","value":"//*[@id=\"__layout170-anchBar-application-iscorders-display-component---createOrder--templateUnitSection-anchor\"]"}
COMMAND: POST /session/d9610c833ec57c166d7422fa869fd077/element/f.4930A98DED63071A496B4A4D5B7A2D08.d.EE485A0C0AE3FACB3244D459391D0EB8.e.1200/click - {}
RESULT: {}
COMMAND: POST /session/d9610c833ec57c166d7422fa869fd077/execute/async - {"script":"<script> [1562 bytes]","args":[{"selector":{"id":"application-iscorders-display-component---createOrder--durationDimension-arrow"},"wdio_ui5_key":"applicationiscorders-display-component---createOrder--durationDimension-arrow"}]}
COMMAND: GET /session/d9610c833ec57c166d7422fa869fd077/screenshot - {}
RESULT: {"script":"<script> [1562 bytes]","args":[{"selector":{"id":"application-iscorders-display-component---createOrder--durationDimension-arrow"},"wdio_ui5_key":"applicationiscorders-display-component---createOrder--durationDimension-arrow"}]}
RESULT: undefined
COMMAND: POST /session/d9610c833ec57c166d7422fa869fd077/element - {"using":"xpath","value":"//*[@id=\"application-iscorders-display-component---createOrder--durationDimension-arrow\"]"}
RESULT: {}
RESULT: {"using":"xpath","value":"//*[@id=\"application-iscorders-display-component---createOrder--durationDimension-arrow\"]"}
COMMAND: POST /session/d9610c833ec57c166d7422fa869fd077/element/f.4930A98DED63071A496B4A4D5B7A2D08.d.EE485A0C0AE3FACB3244D459391D0EB8.e.1205/click - {}
RESULT: {}
COMMAND: POST /session/d9610c833ec57c166d7422fa869fd077/execute/async - {"script":"<script> [1562 bytes]","args":[{"selector":{"controlType":"sap.m.StandardListItem","viewName":"etm.portal.ui.iscorders.view.New","viewId":"application-iscorders-display-component---createOrder","properties":{"title":"Hours"},"searchOpenDialogs":true},"wdio_ui5_key":"etmportal.ui.iscorders.view.Newsap.m.StandardListItem{\"title\":\"Hours\"}"}]}
COMMAND: GET /session/d9610c833ec57c166d7422fa869fd077/screenshot - {}
RESULT: {"script":"<script> [1562 bytes]","args":[{"selector":{"controlType":"sap.m.StandardListItem","viewName":"etm.portal.ui.iscorders.view.New","viewId":"application-iscorders-display-component---createOrder","properties":{"title":"Hours"},"searchOpenDialogs":true},"wdio_ui5_key":"etmportal.ui.iscorders.view.Newsap.m.StandardListItem{\"title\":\"Hours\"}"}]}
RESULT: undefined
COMMAND: POST /session/d9610c833ec57c166d7422fa869fd077/element - {"using":"xpath","value":"//*[@id=\"__item641\"]"}
RESULT: {}
RESULT: {"using":"xpath","value":"//*[@id=\"__item641\"]"}
COMMAND: POST /session/d9610c833ec57c166d7422fa869fd077/element/f.4930A98DED63071A496B4A4D5B7A2D08.d.EE485A0C0AE3FACB3244D459391D0EB8.e.1206/click - {}
RESULT: {}
COMMAND: POST /session/d9610c833ec57c166d7422fa869fd077/execute/async - {"script":"<script> [1562 bytes]","args":[{"selector":{"id":"application-iscorders-display-component---createOrder--saveOrderButton"},"wdio_ui5_key":"applicationiscorders-display-component---createOrder--saveOrderButton"}]}
COMMAND: GET /session/d9610c833ec57c166d7422fa869fd077/screenshot - {}
RESULT: {"script":"<script> [1562 bytes]","args":[{"selector":{"id":"application-iscorders-display-component---createOrder--saveOrderButton"},"wdio_ui5_key":"applicationiscorders-display-component---createOrder--saveOrderButton"}]}
RESULT: undefined
COMMAND: POST /session/d9610c833ec57c166d7422fa869fd077/element - {"using":"xpath","value":"//*[@id=\"application-iscorders-display-component---createOrder--saveOrderButton\"]"}
RESULT: {}
RESULT: {"using":"xpath","value":"//*[@id=\"application-iscorders-display-component---createOrder--saveOrderButton\"]"}
COMMAND: POST /session/d9610c833ec57c166d7422fa869fd077/element/f.4930A98DED63071A496B4A4D5B7A2D08.d.EE485A0C0AE3FACB3244D459391D0EB8.e.1114/click - {}
RESULT: {}
COMMAND: GET /session/d9610c833ec57c166d7422fa869fd077/screenshot - {}
RESULT: {}
COMMAND: POST /session/d9610c833ec57c166d7422fa869fd077/execute/async - {"script":"<script> [1562 bytes]","args":[{"selector":{"controlType":"sap.m.Link","viewName":"reusables.view.ISC.Orders.Detail","viewId":"application-iscorders-display-component---displayOrder","bindingPath":{"propertyPath":"RESOURCE_UNIT","modelName":"catalogModel"}},"wdio_ui5_key":"reusablesview.ISC.Orders.Detailsap.m.Link{\"propertyPath\":\"RESOURCE_UNIT\",\"modelName\":\"catalogModel\"}"}]}
RESULT: {"script":"<script> [1562 bytes]","args":[{"selector":{"controlType":"sap.m.Link","viewName":"reusables.view.ISC.Orders.Detail","viewId":"application-iscorders-display-component---displayOrder","bindingPath":{"propertyPath":"RESOURCE_UNIT","modelName":"catalogModel"}},"wdio_ui5_key":"reusablesview.ISC.Orders.Detailsap.m.Link{\"propertyPath\":\"RESOURCE_UNIT\",\"modelName\":\"catalogModel\"}"}]}
RESULT: undefined
COMMAND: POST /session/d9610c833ec57c166d7422fa869fd077/execute/async - {"script":"<script> [6424 bytes]","args":[{"element-6066-11e4-a52e-4f735466cecf":"f.4930A98DED63071A496B4A4D5B7A2D08.d.EE485A0C0AE3FACB3244D459391D0EB8.e.1241"},"getText",[]]}
RESULT: {"script":"<script> [6424 bytes]","args":[{"element-6066-11e4-a52e-4f735466cecf":"f.4930A98DED63071A496B4A4D5B7A2D08.d.EE485A0C0AE3FACB3244D459391D0EB8.e.1241"},"getText",[]]}
]]></system-out>
    </testcase>
    <testcase classname="chrome.135_0_7049_42.windows.Create_and_verify_Order_without_Template_US127247" name="Should edit and verify Order without Template" time="69.406">
      <system-out><![CDATA[
COMMAND: POST /session/d9610c833ec57c166d7422fa869fd077/execute/async - {"script":"<script> [1562 bytes]","args":[{"selector":{"id":"application-iscorders-display-component---displayOrder--editOrderButton","interaction":{"idSuffix":"BDI-content"}},"wdio_ui5_key":"applicationiscorders-display-component---displayOrder--editOrderButton"}]}
RESULT: {"script":"<script> [1562 bytes]","args":[{"selector":{"id":"application-iscorders-display-component---displayOrder--editOrderButton","interaction":{"idSuffix":"BDI-content"}},"wdio_ui5_key":"applicationiscorders-display-component---displayOrder--editOrderButton"}]}
RESULT: undefined
COMMAND: POST /session/d9610c833ec57c166d7422fa869fd077/element - {"using":"xpath","value":"//*[@id=\"application-iscorders-display-component---displayOrder--editOrderButton\"]"}
RESULT: {"using":"xpath","value":"//*[@id=\"application-iscorders-display-component---displayOrder--editOrderButton\"]"}
COMMAND: POST /session/d9610c833ec57c166d7422fa869fd077/element/f.4930A98DED63071A496B4A4D5B7A2D08.d.EE485A0C0AE3FACB3244D459391D0EB8.e.1243/click - {}
RESULT: {}
COMMAND: POST /session/d9610c833ec57c166d7422fa869fd077/execute/async - {"script":"<script> [1562 bytes]","args":[{"selector":{"id":"application-iscorders-display-component---editOrder--tagInput","interaction":{"idSuffix":"inner"}},"wdio_ui5_key":"applicationiscorders-display-component---editOrder--tagInput"}]}
COMMAND: GET /session/d9610c833ec57c166d7422fa869fd077/screenshot - {}
RESULT: {"script":"<script> [1562 bytes]","args":[{"selector":{"id":"application-iscorders-display-component---editOrder--tagInput","interaction":{"idSuffix":"inner"}},"wdio_ui5_key":"applicationiscorders-display-component---editOrder--tagInput"}]}
RESULT: undefined
COMMAND: POST /session/d9610c833ec57c166d7422fa869fd077/execute/async - {"script":"<script> [776 bytes]","args":[{"enterText":"test-tag-1","selector":{"id":"application-iscorders-display-component---editOrder--tagInput","interaction":{"idSuffix":"inner"}},"clearTextFirst":true,"interactionType":"ENTER_TEXT"}]}
RESULT: {}
RESULT: {"script":"<script> [776 bytes]","args":[{"enterText":"test-tag-1","selector":{"id":"application-iscorders-display-component---editOrder--tagInput","interaction":{"idSuffix":"inner"}},"clearTextFirst":true,"interactionType":"ENTER_TEXT"}]}
COMMAND: POST /session/d9610c833ec57c166d7422fa869fd077/actions - {"actions":[{"id":"action2","type":"key","parameters":{},"actions":[{"type":"keyDown","value":""},{"type":"pause","duration":10},{"type":"keyUp","value":""}]}]}
RESULT: {"actions":[{"id":"action2","type":"key","parameters":{},"actions":[{"type":"keyDown","value":""},{"type":"pause","duration":10},{"type":"keyUp","value":""}]}]}
COMMAND: POST /session/d9610c833ec57c166d7422fa869fd077/execute/async - {"script":"<script> [1562 bytes]","args":[{"selector":{"id":"application-iscorders-display-component---editOrder--ObjectPageLayout-anchBar-application-iscorders-display-component---editOrder--templateUnitSection-anchor","interaction":{"idSuffix":"BDI-content"}},"wdio_ui5_key":"applicationiscorders-display-component---editOrder--ObjectPageLayout-anchBar-application-iscorders-display-component---editOrder--templateUnitSection-anchor"}]}
COMMAND: GET /session/d9610c833ec57c166d7422fa869fd077/screenshot - {}
RESULT: {"script":"<script> [1562 bytes]","args":[{"selector":{"id":"application-iscorders-display-component---editOrder--ObjectPageLayout-anchBar-application-iscorders-display-component---editOrder--templateUnitSection-anchor","interaction":{"idSuffix":"BDI-content"}},"wdio_ui5_key":"applicationiscorders-display-component---editOrder--ObjectPageLayout-anchBar-application-iscorders-display-component---editOrder--templateUnitSection-anchor"}]}
RESULT: undefined
COMMAND: POST /session/d9610c833ec57c166d7422fa869fd077/element - {"using":"xpath","value":"//*[@id=\"application-iscorders-display-component---editOrder--ObjectPageLayout-anchBar-application-iscorders-display-component---editOrder--templateUnitSection-anchor\"]"}
RESULT: {}
RESULT: {"using":"xpath","value":"//*[@id=\"application-iscorders-display-component---editOrder--ObjectPageLayout-anchBar-application-iscorders-display-component---editOrder--templateUnitSection-anchor\"]"}
COMMAND: POST /session/d9610c833ec57c166d7422fa869fd077/element/f.4930A98DED63071A496B4A4D5B7A2D08.d.EE485A0C0AE3FACB3244D459391D0EB8.e.1334/click - {}
RESULT: {}
COMMAND: POST /session/d9610c833ec57c166d7422fa869fd077/execute/async - {"script":"<script> [1562 bytes]","args":[{"selector":{"id":"application-iscorders-display-component---editOrder--durationDimension-arrow"},"wdio_ui5_key":"applicationiscorders-display-component---editOrder--durationDimension-arrow"}]}
COMMAND: GET /session/d9610c833ec57c166d7422fa869fd077/screenshot - {}
RESULT: {"script":"<script> [1562 bytes]","args":[{"selector":{"id":"application-iscorders-display-component---editOrder--durationDimension-arrow"},"wdio_ui5_key":"applicationiscorders-display-component---editOrder--durationDimension-arrow"}]}
RESULT: undefined
COMMAND: POST /session/d9610c833ec57c166d7422fa869fd077/element - {"using":"xpath","value":"//*[@id=\"application-iscorders-display-component---editOrder--durationDimension-arrow\"]"}
RESULT: {}
RESULT: {"using":"xpath","value":"//*[@id=\"application-iscorders-display-component---editOrder--durationDimension-arrow\"]"}
COMMAND: POST /session/d9610c833ec57c166d7422fa869fd077/element/f.4930A98DED63071A496B4A4D5B7A2D08.d.EE485A0C0AE3FACB3244D459391D0EB8.e.1340/click - {}
RESULT: {}
COMMAND: POST /session/d9610c833ec57c166d7422fa869fd077/execute/async - {"script":"<script> [1562 bytes]","args":[{"selector":{"controlType":"sap.m.StandardListItem","properties":{"title":"Days"},"searchOpenDialogs":true},"wdio_ui5_key":"sapm.StandardListItem{\"title\":\"Days\"}"}]}
COMMAND: GET /session/d9610c833ec57c166d7422fa869fd077/screenshot - {}
RESULT: {"script":"<script> [1562 bytes]","args":[{"selector":{"controlType":"sap.m.StandardListItem","properties":{"title":"Days"},"searchOpenDialogs":true},"wdio_ui5_key":"sapm.StandardListItem{\"title\":\"Days\"}"}]}
RESULT: undefined
COMMAND: POST /session/d9610c833ec57c166d7422fa869fd077/element - {"using":"xpath","value":"//*[@id=\"__item748\"]"}
RESULT: {}
RESULT: {"using":"xpath","value":"//*[@id=\"__item748\"]"}
COMMAND: POST /session/d9610c833ec57c166d7422fa869fd077/element/f.4930A98DED63071A496B4A4D5B7A2D08.d.EE485A0C0AE3FACB3244D459391D0EB8.e.1343/click - {}
RESULT: {}
COMMAND: POST /session/d9610c833ec57c166d7422fa869fd077/execute/async - {"script":"<script> [1562 bytes]","args":[{"selector":{"id":"application-iscorders-display-component---editOrder--reminderDimension-arrow"},"wdio_ui5_key":"applicationiscorders-display-component---editOrder--reminderDimension-arrow"}]}
COMMAND: GET /session/d9610c833ec57c166d7422fa869fd077/screenshot - {}
RESULT: {"script":"<script> [1562 bytes]","args":[{"selector":{"id":"application-iscorders-display-component---editOrder--reminderDimension-arrow"},"wdio_ui5_key":"applicationiscorders-display-component---editOrder--reminderDimension-arrow"}]}
RESULT: undefined
COMMAND: POST /session/d9610c833ec57c166d7422fa869fd077/element - {"using":"xpath","value":"//*[@id=\"application-iscorders-display-component---editOrder--reminderDimension-arrow\"]"}
RESULT: {}
RESULT: {"using":"xpath","value":"//*[@id=\"application-iscorders-display-component---editOrder--reminderDimension-arrow\"]"}
COMMAND: POST /session/d9610c833ec57c166d7422fa869fd077/element/f.4930A98DED63071A496B4A4D5B7A2D08.d.EE485A0C0AE3FACB3244D459391D0EB8.e.1344/click - {}
RESULT: {}
COMMAND: POST /session/d9610c833ec57c166d7422fa869fd077/execute/async - {"script":"<script> [1562 bytes]","args":[{"selector":{"controlType":"sap.m.StandardListItem","properties":{"title":"Weeks"},"searchOpenDialogs":true},"wdio_ui5_key":"sapm.StandardListItem{\"title\":\"Weeks\"}"}]}
COMMAND: GET /session/d9610c833ec57c166d7422fa869fd077/screenshot - {}
RESULT: {"script":"<script> [1562 bytes]","args":[{"selector":{"controlType":"sap.m.StandardListItem","properties":{"title":"Weeks"},"searchOpenDialogs":true},"wdio_ui5_key":"sapm.StandardListItem{\"title\":\"Weeks\"}"}]}
RESULT: undefined
COMMAND: POST /session/d9610c833ec57c166d7422fa869fd077/element - {"using":"xpath","value":"//*[@id=\"__item750\"]"}
RESULT: {}
RESULT: {"using":"xpath","value":"//*[@id=\"__item750\"]"}
COMMAND: POST /session/d9610c833ec57c166d7422fa869fd077/element/f.4930A98DED63071A496B4A4D5B7A2D08.d.EE485A0C0AE3FACB3244D459391D0EB8.e.1345/click - {}
RESULT: {}
COMMAND: POST /session/d9610c833ec57c166d7422fa869fd077/execute/async - {"script":"<script> [1562 bytes]","args":[{"selector":{"id":"application-iscorders-display-component---editOrder--remindersInput","interaction":{"idSuffix":"inner"}},"wdio_ui5_key":"applicationiscorders-display-component---editOrder--remindersInput"}]}
COMMAND: GET /session/d9610c833ec57c166d7422fa869fd077/screenshot - {}
RESULT: {"script":"<script> [1562 bytes]","args":[{"selector":{"id":"application-iscorders-display-component---editOrder--remindersInput","interaction":{"idSuffix":"inner"}},"wdio_ui5_key":"applicationiscorders-display-component---editOrder--remindersInput"}]}
RESULT: undefined
COMMAND: POST /session/d9610c833ec57c166d7422fa869fd077/execute/async - {"script":"<script> [776 bytes]","args":[{"enterText":"1","selector":{"id":"application-iscorders-display-component---editOrder--remindersInput","interaction":{"idSuffix":"inner"}},"clearTextFirst":true,"interactionType":"ENTER_TEXT"}]}
RESULT: {}
RESULT: {"script":"<script> [776 bytes]","args":[{"enterText":"1","selector":{"id":"application-iscorders-display-component---editOrder--remindersInput","interaction":{"idSuffix":"inner"}},"clearTextFirst":true,"interactionType":"ENTER_TEXT"}]}
COMMAND: POST /session/d9610c833ec57c166d7422fa869fd077/execute/async - {"script":"<script> [1562 bytes]","args":[{"selector":{"id":"application-iscorders-display-component---editOrder--ObjectPageLayout-anchBar-application-iscorders-display-component---editOrder--personsUnitSection-anchor","interaction":{"idSuffix":"BDI-content"}},"wdio_ui5_key":"applicationiscorders-display-component---editOrder--ObjectPageLayout-anchBar-application-iscorders-display-component---editOrder--personsUnitSection-anchor"}]}
RESULT: {"script":"<script> [1562 bytes]","args":[{"selector":{"id":"application-iscorders-display-component---editOrder--ObjectPageLayout-anchBar-application-iscorders-display-component---editOrder--personsUnitSection-anchor","interaction":{"idSuffix":"BDI-content"}},"wdio_ui5_key":"applicationiscorders-display-component---editOrder--ObjectPageLayout-anchBar-application-iscorders-display-component---editOrder--personsUnitSection-anchor"}]}
RESULT: undefined
COMMAND: POST /session/d9610c833ec57c166d7422fa869fd077/element - {"using":"xpath","value":"//*[@id=\"application-iscorders-display-component---editOrder--ObjectPageLayout-anchBar-application-iscorders-display-component---editOrder--personsUnitSection-anchor\"]"}
RESULT: {"using":"xpath","value":"//*[@id=\"application-iscorders-display-component---editOrder--ObjectPageLayout-anchBar-application-iscorders-display-component---editOrder--personsUnitSection-anchor\"]"}
COMMAND: POST /session/d9610c833ec57c166d7422fa869fd077/element/f.4930A98DED63071A496B4A4D5B7A2D08.d.EE485A0C0AE3FACB3244D459391D0EB8.e.1348/click - {}
RESULT: {}
COMMAND: POST /session/d9610c833ec57c166d7422fa869fd077/execute/async - {"script":"<script> [1562 bytes]","args":[{"selector":{"controlType":"sap.ui.core.Icon","viewName":"reusables.view.ISC.Orders.Edit","viewId":"application-iscorders-display-component---editOrder","properties":{"src":{"regex":{"source":"add"}}},"ancestor":{"controlType":"sap.m.OverflowToolbarButton","viewName":"reusables.view.ISC.Orders.Edit","viewId":"application-iscorders-display-component---editOrder","properties":{"icon":"sap-icon://add"}}},"wdio_ui5_key":"reusablesview.ISC.Orders.Editsap.ui.core.Icon{\"src\":{\"regex\":{\"source\":\"add\"}}}{\"controlType\":\"sap.m.OverflowToolbarButton\",\"viewName\":\"reusables.view.ISC.Orders.Edit\",\"viewId\":\"application-iscorders-display-component---editOrder\",\"properties\":{\"icon\":\"sap-icon://add\"}}"}]}
COMMAND: GET /session/d9610c833ec57c166d7422fa869fd077/screenshot - {}
RESULT: {"script":"<script> [1562 bytes]","args":[{"selector":{"controlType":"sap.ui.core.Icon","viewName":"reusables.view.ISC.Orders.Edit","viewId":"application-iscorders-display-component---editOrder","properties":{"src":{"regex":{"source":"add"}}},"ancestor":{"controlType":"sap.m.OverflowToolbarButton","viewName":"reusables.view.ISC.Orders.Edit","viewId":"application-iscorders-display-component---editOrder","properties":{"icon":"sap-icon://add"}}},"wdio_ui5_key":"reusablesview.ISC.Orders.Editsap.ui.core.Icon{\"src\":{\"regex\":{\"source\":\"add\"}}}{\"controlType\":\"sap.m.OverflowToolbarButton\",\"viewName\":\"reusables.view.ISC.Orders.Edit\",\"viewId\":\"application-iscorders-display-component---editOrder\",\"properties\":{\"icon\":\"sap-icon://add\"}}"}]}
RESULT: undefined
COMMAND: POST /session/d9610c833ec57c166d7422fa869fd077/element - {"using":"xpath","value":"//*[@id=\"__button151-img\"]"}
RESULT: {}
RESULT: {"using":"xpath","value":"//*[@id=\"__button151-img\"]"}
COMMAND: POST /session/d9610c833ec57c166d7422fa869fd077/element/f.4930A98DED63071A496B4A4D5B7A2D08.d.EE485A0C0AE3FACB3244D459391D0EB8.e.1352/click - {}
RESULT: {}
COMMAND: POST /session/d9610c833ec57c166d7422fa869fd077/execute/async - {"script":"<script> [1562 bytes]","args":[{"selector":{"controlType":"sap.m.SearchField","searchOpenDialogs":true,"interaction":{"idSuffix":"I"}},"wdio_ui5_key":"sapm.SearchField"}]}
COMMAND: GET /session/d9610c833ec57c166d7422fa869fd077/screenshot - {}
RESULT: {"script":"<script> [1562 bytes]","args":[{"selector":{"controlType":"sap.m.SearchField","searchOpenDialogs":true,"interaction":{"idSuffix":"I"}},"wdio_ui5_key":"sapm.SearchField"}]}
RESULT: undefined
COMMAND: POST /session/d9610c833ec57c166d7422fa869fd077/execute/async - {"script":"<script> [776 bytes]","args":[{"enterText":"Dummy","selector":{"controlType":"sap.m.SearchField","searchOpenDialogs":true,"interaction":{"idSuffix":"I"}},"clearTextFirst":true,"interactionType":"ENTER_TEXT"}]}
RESULT: {}
RESULT: {"script":"<script> [776 bytes]","args":[{"enterText":"Dummy","selector":{"controlType":"sap.m.SearchField","searchOpenDialogs":true,"interaction":{"idSuffix":"I"}},"clearTextFirst":true,"interactionType":"ENTER_TEXT"}]}
COMMAND: POST /session/d9610c833ec57c166d7422fa869fd077/actions - {"actions":[{"id":"action3","type":"key","parameters":{},"actions":[{"type":"keyDown","value":""},{"type":"pause","duration":10},{"type":"keyUp","value":""}]}]}
RESULT: {"actions":[{"id":"action3","type":"key","parameters":{},"actions":[{"type":"keyDown","value":""},{"type":"pause","duration":10},{"type":"keyUp","value":""}]}]}
COMMAND: GET /session/d9610c833ec57c166d7422fa869fd077/screenshot - {}
RESULT: {}
COMMAND: POST /session/d9610c833ec57c166d7422fa869fd077/element - {"using":"xpath","value":"//span[contains(text(), \"Email: dummy@bearingpoint.com\")]"}
RESULT: {"using":"xpath","value":"//span[contains(text(), \"Email: dummy@bearingpoint.com\")]"}
COMMAND: POST /session/d9610c833ec57c166d7422fa869fd077/element/f.4930A98DED63071A496B4A4D5B7A2D08.d.EE485A0C0AE3FACB3244D459391D0EB8.e.1363/click - {}
RESULT: {}
COMMAND: GET /session/d9610c833ec57c166d7422fa869fd077/screenshot - {}
RESULT: {}
COMMAND: POST /session/d9610c833ec57c166d7422fa869fd077/element - {"using":"xpath","value":"//button[contains(@id ,\"application-iscorders-display-component---editOrder--createTaskButton\")]"}
RESULT: {"using":"xpath","value":"//button[contains(@id ,\"application-iscorders-display-component---editOrder--createTaskButton\")]"}
COMMAND: POST /session/d9610c833ec57c166d7422fa869fd077/element/f.4930A98DED63071A496B4A4D5B7A2D08.d.EE485A0C0AE3FACB3244D459391D0EB8.e.1366/click - {}
RESULT: {}
COMMAND: GET /session/d9610c833ec57c166d7422fa869fd077/screenshot - {}
RESULT: {}
COMMAND: POST /session/d9610c833ec57c166d7422fa869fd077/execute/async - {"script":"<script> [1562 bytes]","args":[{"selector":{"controlType":"sap.m.Input","viewName":"reusables.view.ISC.Orders.Edit","viewId":"application-iscorders-display-component---editOrder","bindingPath":{"path":"/0","propertyPath":"NAME","modelName":"tasksModel"},"interaction":{"idSuffix":"inner"}},"wdio_ui5_key":"reusablesview.ISC.Orders.Editsap.m.Input{\"path\":\"/0\",\"propertyPath\":\"NAME\",\"modelName\":\"tasksModel\"}"}]}
RESULT: {"script":"<script> [1562 bytes]","args":[{"selector":{"controlType":"sap.m.Input","viewName":"reusables.view.ISC.Orders.Edit","viewId":"application-iscorders-display-component---editOrder","bindingPath":{"path":"/0","propertyPath":"NAME","modelName":"tasksModel"},"interaction":{"idSuffix":"inner"}},"wdio_ui5_key":"reusablesview.ISC.Orders.Editsap.m.Input{\"path\":\"/0\",\"propertyPath\":\"NAME\",\"modelName\":\"tasksModel\"}"}]}
RESULT: undefined
COMMAND: POST /session/d9610c833ec57c166d7422fa869fd077/execute/async - {"script":"<script> [776 bytes]","args":[{"enterText":"Wdi5-task","selector":{"controlType":"sap.m.Input","viewName":"reusables.view.ISC.Orders.Edit","viewId":"application-iscorders-display-component---editOrder","bindingPath":{"path":"/0","propertyPath":"NAME","modelName":"tasksModel"},"interaction":{"idSuffix":"inner"}},"clearTextFirst":true,"interactionType":"ENTER_TEXT"}]}
RESULT: {"script":"<script> [776 bytes]","args":[{"enterText":"Wdi5-task","selector":{"controlType":"sap.m.Input","viewName":"reusables.view.ISC.Orders.Edit","viewId":"application-iscorders-display-component---editOrder","bindingPath":{"path":"/0","propertyPath":"NAME","modelName":"tasksModel"},"interaction":{"idSuffix":"inner"}},"clearTextFirst":true,"interactionType":"ENTER_TEXT"}]}
COMMAND: POST /session/d9610c833ec57c166d7422fa869fd077/element - {"using":"xpath","value":"//bdi[contains(@id ,\"application-iscorders-display-component---editOrder--saveOrderButton-BDI-content\")]"}
RESULT: {"using":"xpath","value":"//bdi[contains(@id ,\"application-iscorders-display-component---editOrder--saveOrderButton-BDI-content\")]"}
COMMAND: POST /session/d9610c833ec57c166d7422fa869fd077/element/f.4930A98DED63071A496B4A4D5B7A2D08.d.EE485A0C0AE3FACB3244D459391D0EB8.e.1369/click - {}
RESULT: {}
COMMAND: GET /session/d9610c833ec57c166d7422fa869fd077/screenshot - {}
RESULT: {}
COMMAND: POST /session/d9610c833ec57c166d7422fa869fd077/execute/async - {"script":"<script> [1562 bytes]","args":[{"selector":{"controlType":"sap.m.Button","properties":{"text":"Stakeholders"},"interaction":{"idSuffix":"BDI-content"}},"wdio_ui5_key":"sapm.Button{\"text\":\"Stakeholders\"}"}]}
RESULT: {"script":"<script> [1562 bytes]","args":[{"selector":{"controlType":"sap.m.Button","properties":{"text":"Stakeholders"},"interaction":{"idSuffix":"BDI-content"}},"wdio_ui5_key":"sapm.Button{\"text\":\"Stakeholders\"}"}]}
RESULT: undefined
COMMAND: POST /session/d9610c833ec57c166d7422fa869fd077/element - {"using":"xpath","value":"//*[@id=\"__layout235-anchBar-application-iscorders-display-component---displayOrder--personsUnitSection-anchor\"]"}
RESULT: {"using":"xpath","value":"//*[@id=\"__layout235-anchBar-application-iscorders-display-component---displayOrder--personsUnitSection-anchor\"]"}
COMMAND: POST /session/d9610c833ec57c166d7422fa869fd077/element/f.4930A98DED63071A496B4A4D5B7A2D08.d.EE485A0C0AE3FACB3244D459391D0EB8.e.1401/click - {}
RESULT: {}
COMMAND: POST /session/d9610c833ec57c166d7422fa869fd077/element - {"using":"xpath","value":"//span[contains(@id ,\"application-iscorders-display-component---displayOrder--orderPersonTable\")][contains(text(), \"dummy\")]"}
COMMAND: GET /session/d9610c833ec57c166d7422fa869fd077/screenshot - {}
RESULT: {"using":"xpath","value":"//span[contains(@id ,\"application-iscorders-display-component---displayOrder--orderPersonTable\")][contains(text(), \"dummy\")]"}
RESULT: {}
COMMAND: GET /session/d9610c833ec57c166d7422fa869fd077/element/f.4930A98DED63071A496B4A4D5B7A2D08.d.EE485A0C0AE3FACB3244D459391D0EB8.e.1403/text - {}
RESULT: {}
COMMAND: POST /session/d9610c833ec57c166d7422fa869fd077/execute/async - {"script":"<script> [1562 bytes]","args":[{"selector":{"controlType":"sap.m.Text","viewName":"reusables.view.ISC.Orders.Detail","viewId":"application-iscorders-display-component---displayOrder","bindingPath":{"path":"/0","propertyPath":"NAME","modelName":"tasksModel"}},"wdio_ui5_key":"reusablesview.ISC.Orders.Detailsap.m.Text{\"path\":\"/0\",\"propertyPath\":\"NAME\",\"modelName\":\"tasksModel\"}"}]}
RESULT: {"script":"<script> [1562 bytes]","args":[{"selector":{"controlType":"sap.m.Text","viewName":"reusables.view.ISC.Orders.Detail","viewId":"application-iscorders-display-component---displayOrder","bindingPath":{"path":"/0","propertyPath":"NAME","modelName":"tasksModel"}},"wdio_ui5_key":"reusablesview.ISC.Orders.Detailsap.m.Text{\"path\":\"/0\",\"propertyPath\":\"NAME\",\"modelName\":\"tasksModel\"}"}]}
RESULT: undefined
COMMAND: POST /session/d9610c833ec57c166d7422fa869fd077/execute/async - {"script":"<script> [6424 bytes]","args":[{"element-6066-11e4-a52e-4f735466cecf":"f.4930A98DED63071A496B4A4D5B7A2D08.d.EE485A0C0AE3FACB3244D459391D0EB8.e.1406"},"getText",[]]}
RESULT: {"script":"<script> [6424 bytes]","args":[{"element-6066-11e4-a52e-4f735466cecf":"f.4930A98DED63071A496B4A4D5B7A2D08.d.EE485A0C0AE3FACB3244D459391D0EB8.e.1406"},"getText",[]]}
COMMAND: POST /session/d9610c833ec57c166d7422fa869fd077/refresh - {}
RESULT: {}
COMMAND: GET /session/d9610c833ec57c166d7422fa869fd077/screenshot - {}
COMMAND: POST /session/d9610c833ec57c166d7422fa869fd077/refresh - {}
RESULT: {}
RESULT: {}
COMMAND: GET /session/d9610c833ec57c166d7422fa869fd077/screenshot - {}
RESULT: {}
COMMAND: POST /session/d9610c833ec57c166d7422fa869fd077/execute/async - {"script":"<script> [189 bytes]","args":[]}
RESULT: {"script":"<script> [189 bytes]","args":[]}
COMMAND: POST /session/d9610c833ec57c166d7422fa869fd077/execute/async - {"script":"<script> [123 bytes]","args":[]}
RESULT: {"script":"<script> [123 bytes]","args":[]}
COMMAND: POST /session/d9610c833ec57c166d7422fa869fd077/timeouts - {"script":"<number>"}
RESULT: {"script":"<number>"}
COMMAND: GET /session/d9610c833ec57c166d7422fa869fd077/timeouts - {}
RESULT: {}
RESULT: undefined
COMMAND: POST /session/d9610c833ec57c166d7422fa869fd077/execute/async - {"script":"<script> [2676 bytes]","args":[]}
RESULT: {"script":"<script> [2676 bytes]","args":[]}
COMMAND: POST /session/d9610c833ec57c166d7422fa869fd077/execute/async - {"script":"<script> [2342 bytes]","args":[{"protocol":"http","hostname":"0.0.0.0","path":"/","capabilities":{"browserName":"chrome","goog:chromeOptions":{"binary":"C:\\Program Files\\Google\\Chrome\\Application\\chrome.exe","args":["--start-maximized"]}},"logLevel":"warn","connectionRetryTimeout":120000,"connectionRetryCount":3,"logLevels":{},"enableDirectConnect":true,"strictSSL":true,"_":"65 more keys: [\"cacheDir\",\"port\",\"requestedCapabilities\",\"automationProtocol\",\"baseUrl\",\"waitforInterval\",\"waitforTimeout\",\"onReload\",\"beforeCommand\",\"afterCommand\",\"rootDir\",\"specs\",\"suites\",\"exclude\",\"groupLogsByTestSpec\",\"excludeDriverLogs\",\"bail\",\"framework\",\"reporters\",\"services\",\"maxInstances\",\"maxInstancesPerCapability\",\"injectGlobals\",\"filesToWatch\",\"execArgv\",\"runnerEnv\",\"runner\",\"shard\",\"specFileRetries\",\"specFileRetriesDelay\",\"specFileRetriesDeferred\",\"reporterSyncInterval\",\"reporterSyncTimeout\",\"cucumberFeaturesWithLineNumbers\",\"autoCompileOpts\",\"mochaOpts\",\"jasmineOpts\",\"cucumberOpts\",\"onPrepare\",\"onWorkerStart\",\"onWorkerEnd\",\"before\",\"beforeSession\",\"beforeSuite\",\"beforeHook\",\"beforeTest\",\"afterTest\",\"afterHook\",\"afterSuite\",\"afterSession\",\"after\",\"onComplete\",\"beforeAssertion\",\"afterAssertion\",\"beforeFeature\",\"beforeScenario\",\"beforeStep\",\"afterStep\",\"afterScenario\",\"afterFeature\",\"_\",\"suite\",\"$0\",\"ignoredWorkerServices\",\"wdi5\"]"}]}
RESULT: {"script":"<script> [2342 bytes]","args":[{"protocol":"http","hostname":"0.0.0.0","path":"/","capabilities":{"browserName":"chrome","goog:chromeOptions":{"binary":"C:\\Program Files\\Google\\Chrome\\Application\\chrome.exe","args":["--start-maximized"]}},"logLevel":"warn","connectionRetryTimeout":120000,"connectionRetryCount":3,"logLevels":{},"enableDirectConnect":true,"strictSSL":true,"_":"65 more keys: [\"cacheDir\",\"port\",\"requestedCapabilities\",\"automationProtocol\",\"baseUrl\",\"waitforInterval\",\"waitforTimeout\",\"onReload\",\"beforeCommand\",\"afterCommand\",\"rootDir\",\"specs\",\"suites\",\"exclude\",\"groupLogsByTestSpec\",\"excludeDriverLogs\",\"bail\",\"framework\",\"reporters\",\"services\",\"maxInstances\",\"maxInstancesPerCapability\",\"injectGlobals\",\"filesToWatch\",\"execArgv\",\"runnerEnv\",\"runner\",\"shard\",\"specFileRetries\",\"specFileRetriesDelay\",\"specFileRetriesDeferred\",\"reporterSyncInterval\",\"reporterSyncTimeout\",\"cucumberFeaturesWithLineNumbers\",\"autoCompileOpts\",\"mochaOpts\",\"jasmineOpts\",\"cucumberOpts\",\"onPrepare\",\"onWorkerStart\",\"onWorkerEnd\",\"before\",\"beforeSession\",\"beforeSuite\",\"beforeHook\",\"beforeTest\",\"afterTest\",\"afterHook\",\"afterSuite\",\"afterSession\",\"after\",\"onComplete\",\"beforeAssertion\",\"afterAssertion\",\"beforeFeature\",\"beforeScenario\",\"beforeStep\",\"afterStep\",\"afterScenario\",\"afterFeature\",\"_\",\"suite\",\"$0\",\"ignoredWorkerServices\",\"wdi5\"]"}]}
COMMAND: POST /session/d9610c833ec57c166d7422fa869fd077/execute/async - {"script":"<script> [21126 bytes]","args":[35000]}
RESULT: {"script":"<script> [21126 bytes]","args":[35000]}
COMMAND: POST /session/d9610c833ec57c166d7422fa869fd077/element - {"using":"css selector","value":"#shell-header-logo"}
RESULT: {"using":"css selector","value":"#shell-header-logo"}
COMMAND: POST /session/d9610c833ec57c166d7422fa869fd077/element/f.4930A98DED63071A496B4A4D5B7A2D08.d.901DC85EA38A599E64EA784B618944BA.e.1419/click - {}
RESULT: {}
COMMAND: GET /session/d9610c833ec57c166d7422fa869fd077/screenshot - {}
RESULT: {}
COMMAND: POST /session/d9610c833ec57c166d7422fa869fd077/execute/async - {"script":"<script> [1562 bytes]","args":[{"selector":{"controlType":"sap.ushell.ui.launchpad.AnchorItem","bindingPath":{"path":"/groups/6","propertyPath":"index"},"interaction":{"idSuffix":"inner"}},"wdio_ui5_key":"sapushell.ui.launchpad.AnchorItem{\"path\":\"/groups/6\",\"propertyPath\":\"index\"}"}]}
RESULT: {"script":"<script> [1562 bytes]","args":[{"selector":{"controlType":"sap.ushell.ui.launchpad.AnchorItem","bindingPath":{"path":"/groups/6","propertyPath":"index"},"interaction":{"idSuffix":"inner"}},"wdio_ui5_key":"sapushell.ui.launchpad.AnchorItem{\"path\":\"/groups/6\",\"propertyPath\":\"index\"}"}]}
RESULT: undefined
COMMAND: POST /session/d9610c833ec57c166d7422fa869fd077/element - {"using":"xpath","value":"//*[@id=\"__item90-anchorNavigationBar-6\"]"}
RESULT: {"using":"xpath","value":"//*[@id=\"__item90-anchorNavigationBar-6\"]"}
COMMAND: POST /session/d9610c833ec57c166d7422fa869fd077/element/f.4930A98DED63071A496B4A4D5B7A2D08.d.901DC85EA38A599E64EA784B618944BA.e.1648/click - {}
RESULT: {}
COMMAND: GET /session/d9610c833ec57c166d7422fa869fd077/screenshot - {}
RESULT: {}
COMMAND: POST /session/d9610c833ec57c166d7422fa869fd077/execute/async - {"script":"<script> [1562 bytes]","args":[{"selector":{"controlType":"sap.m.GenericTile","properties":{"header":"ISC Orders"}},"wdio_ui5_key":"sapm.GenericTile{\"header\":\"ISC Orders\"}"}]}
RESULT: {"script":"<script> [1562 bytes]","args":[{"selector":{"controlType":"sap.m.GenericTile","properties":{"header":"ISC Orders"}},"wdio_ui5_key":"sapm.GenericTile{\"header\":\"ISC Orders\"}"}]}
RESULT: undefined
COMMAND: POST /session/d9610c833ec57c166d7422fa869fd077/element - {"using":"xpath","value":"//*[@id=\"__tile108\"]"}
RESULT: {"using":"xpath","value":"//*[@id=\"__tile108\"]"}
COMMAND: POST /session/d9610c833ec57c166d7422fa869fd077/element/f.4930A98DED63071A496B4A4D5B7A2D08.d.901DC85EA38A599E64EA784B618944BA.e.1651/click - {}
RESULT: {}
COMMAND: GET /session/d9610c833ec57c166d7422fa869fd077/screenshot - {}
RESULT: {}
]]></system-out>
    </testcase>
  </testsuite>
  <testsuite timestamp="2025-04-16T16:43:39" time="390.863" tests="5" failures="0" errors="0" skipped="0">
    <properties>
      <property name="specId" value="0"/>
      <property name="suiteName" value="Verify smart filtering on ISC orders US116616"/>
      <property name="capabilities" value="chrome.135_0_7049_42.windows"/>
      <property name="file" value="file:///D:/a/1/s/test/specs/ISC/filter-iscorder.spec.js"/>
    </properties>
    <testcase classname="chrome.135_0_7049_42.windows.Verify_smart_filtering_on_ISC_orders_US116616" name="Should filter usign STATUS created" time="47.142">
      <system-out><![CDATA[
COMMAND: POST /session/d9610c833ec57c166d7422fa869fd077/execute/async - {"script":"<script> [1562 bytes]","args":[{"selector":{"controlType":"sap.ui.core.Icon","viewName":"etm.portal.ui.iscorders.view.Master","viewId":"application-iscorders-display-component---orderList","properties":{"src":{"regex":{"source":"slim\\-arrow\\-down"}}},"ancestor":{"controlType":"sap.m.MultiComboBox","viewName":"etm.portal.ui.iscorders.view.Master","viewId":"application-iscorders-display-component---orderList","labelFor":{"text":"Status"}}},"wdio_ui5_key":"etmportal.ui.iscorders.view.Mastersap.ui.core.Icon{\"src\":{\"regex\":{\"source\":\"slim\\\\-arrow\\\\-down\"}}}{\"controlType\":\"sap.m.MultiComboBox\",\"viewName\":\"etm.portal.ui.iscorders.view.Master\",\"viewId\":\"application-iscorders-display-component---orderList\",\"labelFor\":{\"text\":\"Status\"}}"}]}
RESULT: {"script":"<script> [1562 bytes]","args":[{"selector":{"controlType":"sap.ui.core.Icon","viewName":"etm.portal.ui.iscorders.view.Master","viewId":"application-iscorders-display-component---orderList","properties":{"src":{"regex":{"source":"slim\\-arrow\\-down"}}},"ancestor":{"controlType":"sap.m.MultiComboBox","viewName":"etm.portal.ui.iscorders.view.Master","viewId":"application-iscorders-display-component---orderList","labelFor":{"text":"Status"}}},"wdio_ui5_key":"etmportal.ui.iscorders.view.Mastersap.ui.core.Icon{\"src\":{\"regex\":{\"source\":\"slim\\\\-arrow\\\\-down\"}}}{\"controlType\":\"sap.m.MultiComboBox\",\"viewName\":\"etm.portal.ui.iscorders.view.Master\",\"viewId\":\"application-iscorders-display-component---orderList\",\"labelFor\":{\"text\":\"Status\"}}"}]}
RESULT: undefined
COMMAND: POST /session/d9610c833ec57c166d7422fa869fd077/element - {"using":"xpath","value":"//*[@id=\"__box23-arrow\"]"}
RESULT: {"using":"xpath","value":"//*[@id=\"__box23-arrow\"]"}
COMMAND: POST /session/d9610c833ec57c166d7422fa869fd077/element/f.4930A98DED63071A496B4A4D5B7A2D08.d.901DC85EA38A599E64EA784B618944BA.e.1755/click - {}
RESULT: {}
COMMAND: POST /session/d9610c833ec57c166d7422fa869fd077/execute/async - {"script":"<script> [1562 bytes]","args":[{"selector":{"controlType":"sap.m.StandardListItem","viewName":"etm.portal.ui.iscorders.view.Master","viewId":"application-iscorders-display-component---orderList","properties":{"title":"created"},"searchOpenDialogs":true,"interaction":{"idSuffix":"titleText"}},"wdio_ui5_key":"etmportal.ui.iscorders.view.Mastersap.m.StandardListItem{\"title\":\"created\"}"}]}
COMMAND: GET /session/d9610c833ec57c166d7422fa869fd077/screenshot - {}
RESULT: {"script":"<script> [1562 bytes]","args":[{"selector":{"controlType":"sap.m.StandardListItem","viewName":"etm.portal.ui.iscorders.view.Master","viewId":"application-iscorders-display-component---orderList","properties":{"title":"created"},"searchOpenDialogs":true,"interaction":{"idSuffix":"titleText"}},"wdio_ui5_key":"etmportal.ui.iscorders.view.Mastersap.m.StandardListItem{\"title\":\"created\"}"}]}
RESULT: undefined
COMMAND: POST /session/d9610c833ec57c166d7422fa869fd077/element - {"using":"xpath","value":"//*[@id=\"__item119\"]"}
RESULT: {}
RESULT: {"using":"xpath","value":"//*[@id=\"__item119\"]"}
COMMAND: POST /session/d9610c833ec57c166d7422fa869fd077/element/f.4930A98DED63071A496B4A4D5B7A2D08.d.901DC85EA38A599E64EA784B618944BA.e.1763/click - {}
RESULT: {}
COMMAND: GET /session/d9610c833ec57c166d7422fa869fd077/screenshot - {}
RESULT: {}
COMMAND: POST /session/d9610c833ec57c166d7422fa869fd077/execute/async - {"script":"<script> [1562 bytes]","args":[{"selector":{"controlType":"sap.m.Button","properties":{"text":"OK"},"searchOpenDialogs":true,"ancestor":{"controlType":"sap.m.Dialog","properties":{"icon":"sap-icon://alert"},"searchOpenDialogs":true},"interaction":{"idSuffix":"inner"}},"wdio_ui5_key":"sapm.Button{\"text\":\"OK\"}{\"controlType\":\"sap.m.Dialog\",\"properties\":{\"icon\":\"sap-icon://alert\"},\"searchOpenDialogs\":true}"}]}
RESULT: {"script":"<script> [1562 bytes]","args":[{"selector":{"controlType":"sap.m.Button","properties":{"text":"OK"},"searchOpenDialogs":true,"ancestor":{"controlType":"sap.m.Dialog","properties":{"icon":"sap-icon://alert"},"searchOpenDialogs":true},"interaction":{"idSuffix":"inner"}},"wdio_ui5_key":"sapm.Button{\"text\":\"OK\"}{\"controlType\":\"sap.m.Dialog\",\"properties\":{\"icon\":\"sap-icon://alert\"},\"searchOpenDialogs\":true}"}]}
RESULT: undefined
COMMAND: POST /session/d9610c833ec57c166d7422fa869fd077/execute/async - {"script":"<script> [1562 bytes]","args":[{"selector":{"controlType":"sap.ui.comp.smarttable.SmartTable","viewName":"etm.portal.ui.iscorders.view.Master","id":"application-iscorders-display-component---orderList--smartTable"},"wdio_ui5_key":"applicationiscorders-display-component---orderList--smartTableetm.portal.ui.iscorders.view.Mastersap.ui.comp.smarttable.SmartTable"}]}
RESULT: {"script":"<script> [1562 bytes]","args":[{"selector":{"controlType":"sap.ui.comp.smarttable.SmartTable","viewName":"etm.portal.ui.iscorders.view.Master","id":"application-iscorders-display-component---orderList--smartTable"},"wdio_ui5_key":"applicationiscorders-display-component---orderList--smartTableetm.portal.ui.iscorders.view.Mastersap.ui.comp.smarttable.SmartTable"}]}
RESULT: undefined
COMMAND: POST /session/d9610c833ec57c166d7422fa869fd077/execute/async - {"script":"<script> [6424 bytes]","args":[{"element-6066-11e4-a52e-4f735466cecf":"f.4930A98DED63071A496B4A4D5B7A2D08.d.901DC85EA38A599E64EA784B618944BA.e.2003"},"getItems",[]]}
RESULT: {"script":"<script> [6424 bytes]","args":[{"element-6066-11e4-a52e-4f735466cecf":"f.4930A98DED63071A496B4A4D5B7A2D08.d.901DC85EA38A599E64EA784B618944BA.e.2003"},"getItems",[]]}
COMMAND: POST /session/d9610c833ec57c166d7422fa869fd077/execute/async - {"script":"<script> [1562 bytes]","args":[{"wdio_ui5_key":"application-iscorders-display-component---orderList--customOrdersTable","selector":{"id":"application-iscorders-display-component---orderList--customOrdersTable"}}]}
RESULT: {"script":"<script> [1562 bytes]","args":[{"wdio_ui5_key":"application-iscorders-display-component---orderList--customOrdersTable","selector":{"id":"application-iscorders-display-component---orderList--customOrdersTable"}}]}
RESULT: undefined
COMMAND: POST /session/d9610c833ec57c166d7422fa869fd077/element - {"using":"css selector","value":"#shell-header-logo"}
RESULT: {"using":"css selector","value":"#shell-header-logo"}
COMMAND: POST /session/d9610c833ec57c166d7422fa869fd077/element/f.4930A98DED63071A496B4A4D5B7A2D08.d.901DC85EA38A599E64EA784B618944BA.e.1655/click - {}
RESULT: {}
COMMAND: GET /session/d9610c833ec57c166d7422fa869fd077/screenshot - {}
RESULT: {}
COMMAND: POST /session/d9610c833ec57c166d7422fa869fd077/refresh - {}
RESULT: {}
COMMAND: GET /session/d9610c833ec57c166d7422fa869fd077/screenshot - {}
RESULT: {}
COMMAND: POST /session/d9610c833ec57c166d7422fa869fd077/refresh - {}
RESULT: {}
COMMAND: GET /session/d9610c833ec57c166d7422fa869fd077/screenshot - {}
RESULT: {}
COMMAND: POST /session/d9610c833ec57c166d7422fa869fd077/execute/async - {"script":"<script> [189 bytes]","args":[]}
RESULT: {"script":"<script> [189 bytes]","args":[]}
COMMAND: POST /session/d9610c833ec57c166d7422fa869fd077/execute/async - {"script":"<script> [123 bytes]","args":[]}
RESULT: {"script":"<script> [123 bytes]","args":[]}
COMMAND: POST /session/d9610c833ec57c166d7422fa869fd077/timeouts - {"script":"<number>"}
RESULT: {"script":"<number>"}
COMMAND: GET /session/d9610c833ec57c166d7422fa869fd077/timeouts - {}
RESULT: {}
RESULT: undefined
COMMAND: POST /session/d9610c833ec57c166d7422fa869fd077/execute/async - {"script":"<script> [2676 bytes]","args":[]}
RESULT: {"script":"<script> [2676 bytes]","args":[]}
COMMAND: POST /session/d9610c833ec57c166d7422fa869fd077/execute/async - {"script":"<script> [2342 bytes]","args":[{"protocol":"http","hostname":"0.0.0.0","path":"/","capabilities":{"browserName":"chrome","goog:chromeOptions":{"binary":"C:\\Program Files\\Google\\Chrome\\Application\\chrome.exe","args":["--start-maximized"]}},"logLevel":"warn","connectionRetryTimeout":120000,"connectionRetryCount":3,"logLevels":{},"enableDirectConnect":true,"strictSSL":true,"_":"65 more keys: [\"cacheDir\",\"port\",\"requestedCapabilities\",\"automationProtocol\",\"baseUrl\",\"waitforInterval\",\"waitforTimeout\",\"onReload\",\"beforeCommand\",\"afterCommand\",\"rootDir\",\"specs\",\"suites\",\"exclude\",\"groupLogsByTestSpec\",\"excludeDriverLogs\",\"bail\",\"framework\",\"reporters\",\"services\",\"maxInstances\",\"maxInstancesPerCapability\",\"injectGlobals\",\"filesToWatch\",\"execArgv\",\"runnerEnv\",\"runner\",\"shard\",\"specFileRetries\",\"specFileRetriesDelay\",\"specFileRetriesDeferred\",\"reporterSyncInterval\",\"reporterSyncTimeout\",\"cucumberFeaturesWithLineNumbers\",\"autoCompileOpts\",\"mochaOpts\",\"jasmineOpts\",\"cucumberOpts\",\"onPrepare\",\"onWorkerStart\",\"onWorkerEnd\",\"before\",\"beforeSession\",\"beforeSuite\",\"beforeHook\",\"beforeTest\",\"afterTest\",\"afterHook\",\"afterSuite\",\"afterSession\",\"after\",\"onComplete\",\"beforeAssertion\",\"afterAssertion\",\"beforeFeature\",\"beforeScenario\",\"beforeStep\",\"afterStep\",\"afterScenario\",\"afterFeature\",\"_\",\"suite\",\"$0\",\"ignoredWorkerServices\",\"wdi5\"]"}]}
RESULT: {"script":"<script> [2342 bytes]","args":[{"protocol":"http","hostname":"0.0.0.0","path":"/","capabilities":{"browserName":"chrome","goog:chromeOptions":{"binary":"C:\\Program Files\\Google\\Chrome\\Application\\chrome.exe","args":["--start-maximized"]}},"logLevel":"warn","connectionRetryTimeout":120000,"connectionRetryCount":3,"logLevels":{},"enableDirectConnect":true,"strictSSL":true,"_":"65 more keys: [\"cacheDir\",\"port\",\"requestedCapabilities\",\"automationProtocol\",\"baseUrl\",\"waitforInterval\",\"waitforTimeout\",\"onReload\",\"beforeCommand\",\"afterCommand\",\"rootDir\",\"specs\",\"suites\",\"exclude\",\"groupLogsByTestSpec\",\"excludeDriverLogs\",\"bail\",\"framework\",\"reporters\",\"services\",\"maxInstances\",\"maxInstancesPerCapability\",\"injectGlobals\",\"filesToWatch\",\"execArgv\",\"runnerEnv\",\"runner\",\"shard\",\"specFileRetries\",\"specFileRetriesDelay\",\"specFileRetriesDeferred\",\"reporterSyncInterval\",\"reporterSyncTimeout\",\"cucumberFeaturesWithLineNumbers\",\"autoCompileOpts\",\"mochaOpts\",\"jasmineOpts\",\"cucumberOpts\",\"onPrepare\",\"onWorkerStart\",\"onWorkerEnd\",\"before\",\"beforeSession\",\"beforeSuite\",\"beforeHook\",\"beforeTest\",\"afterTest\",\"afterHook\",\"afterSuite\",\"afterSession\",\"after\",\"onComplete\",\"beforeAssertion\",\"afterAssertion\",\"beforeFeature\",\"beforeScenario\",\"beforeStep\",\"afterStep\",\"afterScenario\",\"afterFeature\",\"_\",\"suite\",\"$0\",\"ignoredWorkerServices\",\"wdi5\"]"}]}
COMMAND: POST /session/d9610c833ec57c166d7422fa869fd077/execute/async - {"script":"<script> [21126 bytes]","args":[35000]}
RESULT: {"script":"<script> [21126 bytes]","args":[35000]}
]]></system-out>
    </testcase>
    <testcase classname="chrome.135_0_7049_42.windows.Verify_smart_filtering_on_ISC_orders_US116616" name="Should filter usign STATUS confirmed" time="76.447">
      <system-out><![CDATA[
COMMAND: POST /session/d9610c833ec57c166d7422fa869fd077/execute/async - {"script":"<script> [1562 bytes]","args":[{"selector":{"controlType":"sap.m.GenericTile","properties":{"header":"ISC Orders"}},"wdio_ui5_key":"sapm.GenericTile{\"header\":\"ISC Orders\"}"}]}
RESULT: {"script":"<script> [1562 bytes]","args":[{"selector":{"controlType":"sap.m.GenericTile","properties":{"header":"ISC Orders"}},"wdio_ui5_key":"sapm.GenericTile{\"header\":\"ISC Orders\"}"}]}
RESULT: undefined
COMMAND: POST /session/d9610c833ec57c166d7422fa869fd077/element - {"using":"xpath","value":"//*[@id=\"__tile108\"]"}
RESULT: {"using":"xpath","value":"//*[@id=\"__tile108\"]"}
COMMAND: POST /session/d9610c833ec57c166d7422fa869fd077/element/f.4930A98DED63071A496B4A4D5B7A2D08.d.9B9D8D251385A3439BEEA56B860D4593.e.2042/click - {}
RESULT: {}
COMMAND: GET /session/d9610c833ec57c166d7422fa869fd077/screenshot - {}
RESULT: {}
COMMAND: POST /session/d9610c833ec57c166d7422fa869fd077/execute/async - {"script":"<script> [1562 bytes]","args":[{"selector":{"controlType":"sap.ui.core.Icon","viewName":"etm.portal.ui.iscorders.view.Master","viewId":"application-iscorders-display-component---orderList","properties":{"src":{"regex":{"source":"slim\\-arrow\\-down"}}},"ancestor":{"controlType":"sap.m.MultiComboBox","viewName":"etm.portal.ui.iscorders.view.Master","viewId":"application-iscorders-display-component---orderList","labelFor":{"text":"Status"}}},"wdio_ui5_key":"etmportal.ui.iscorders.view.Mastersap.ui.core.Icon{\"src\":{\"regex\":{\"source\":\"slim\\\\-arrow\\\\-down\"}}}{\"controlType\":\"sap.m.MultiComboBox\",\"viewName\":\"etm.portal.ui.iscorders.view.Master\",\"viewId\":\"application-iscorders-display-component---orderList\",\"labelFor\":{\"text\":\"Status\"}}"}]}
RESULT: {"script":"<script> [1562 bytes]","args":[{"selector":{"controlType":"sap.ui.core.Icon","viewName":"etm.portal.ui.iscorders.view.Master","viewId":"application-iscorders-display-component---orderList","properties":{"src":{"regex":{"source":"slim\\-arrow\\-down"}}},"ancestor":{"controlType":"sap.m.MultiComboBox","viewName":"etm.portal.ui.iscorders.view.Master","viewId":"application-iscorders-display-component---orderList","labelFor":{"text":"Status"}}},"wdio_ui5_key":"etmportal.ui.iscorders.view.Mastersap.ui.core.Icon{\"src\":{\"regex\":{\"source\":\"slim\\\\-arrow\\\\-down\"}}}{\"controlType\":\"sap.m.MultiComboBox\",\"viewName\":\"etm.portal.ui.iscorders.view.Master\",\"viewId\":\"application-iscorders-display-component---orderList\",\"labelFor\":{\"text\":\"Status\"}}"}]}
RESULT: undefined
COMMAND: POST /session/d9610c833ec57c166d7422fa869fd077/element - {"using":"xpath","value":"//*[@id=\"__box5-arrow\"]"}
RESULT: {"using":"xpath","value":"//*[@id=\"__box5-arrow\"]"}
COMMAND: POST /session/d9610c833ec57c166d7422fa869fd077/element/f.4930A98DED63071A496B4A4D5B7A2D08.d.9B9D8D251385A3439BEEA56B860D4593.e.2141/click - {}
RESULT: {}
COMMAND: POST /session/d9610c833ec57c166d7422fa869fd077/execute/async - {"script":"<script> [1562 bytes]","args":[{"selector":{"controlType":"sap.m.StandardListItem","viewName":"etm.portal.ui.iscorders.view.Master","viewId":"application-iscorders-display-component---orderList","properties":{"title":"confirmed"},"searchOpenDialogs":true,"interaction":{"idSuffix":"titleText"}},"wdio_ui5_key":"etmportal.ui.iscorders.view.Mastersap.m.StandardListItem{\"title\":\"confirmed\"}"}]}
COMMAND: GET /session/d9610c833ec57c166d7422fa869fd077/screenshot - {}
RESULT: {"script":"<script> [1562 bytes]","args":[{"selector":{"controlType":"sap.m.StandardListItem","viewName":"etm.portal.ui.iscorders.view.Master","viewId":"application-iscorders-display-component---orderList","properties":{"title":"confirmed"},"searchOpenDialogs":true,"interaction":{"idSuffix":"titleText"}},"wdio_ui5_key":"etmportal.ui.iscorders.view.Mastersap.m.StandardListItem{\"title\":\"confirmed\"}"}]}
RESULT: undefined
COMMAND: POST /session/d9610c833ec57c166d7422fa869fd077/element - {"using":"xpath","value":"//*[@id=\"__item46\"]"}
RESULT: {}
RESULT: {"using":"xpath","value":"//*[@id=\"__item46\"]"}
COMMAND: POST /session/d9610c833ec57c166d7422fa869fd077/element/f.4930A98DED63071A496B4A4D5B7A2D08.d.9B9D8D251385A3439BEEA56B860D4593.e.2149/click - {}
RESULT: {}
COMMAND: GET /session/d9610c833ec57c166d7422fa869fd077/screenshot - {}
RESULT: {}
COMMAND: POST /session/d9610c833ec57c166d7422fa869fd077/execute/async - {"script":"<script> [1562 bytes]","args":[{"selector":{"controlType":"sap.m.Button","properties":{"text":"OK"},"searchOpenDialogs":true,"ancestor":{"controlType":"sap.m.Dialog","properties":{"icon":"sap-icon://alert"},"searchOpenDialogs":true},"interaction":{"idSuffix":"inner"}},"wdio_ui5_key":"sapm.Button{\"text\":\"OK\"}{\"controlType\":\"sap.m.Dialog\",\"properties\":{\"icon\":\"sap-icon://alert\"},\"searchOpenDialogs\":true}"}]}
RESULT: {"script":"<script> [1562 bytes]","args":[{"selector":{"controlType":"sap.m.Button","properties":{"text":"OK"},"searchOpenDialogs":true,"ancestor":{"controlType":"sap.m.Dialog","properties":{"icon":"sap-icon://alert"},"searchOpenDialogs":true},"interaction":{"idSuffix":"inner"}},"wdio_ui5_key":"sapm.Button{\"text\":\"OK\"}{\"controlType\":\"sap.m.Dialog\",\"properties\":{\"icon\":\"sap-icon://alert\"},\"searchOpenDialogs\":true}"}]}
RESULT: undefined
COMMAND: POST /session/d9610c833ec57c166d7422fa869fd077/execute/async - {"script":"<script> [1562 bytes]","args":[{"selector":{"controlType":"sap.ui.comp.smarttable.SmartTable","viewName":"etm.portal.ui.iscorders.view.Master","id":"application-iscorders-display-component---orderList--smartTable"},"wdio_ui5_key":"applicationiscorders-display-component---orderList--smartTableetm.portal.ui.iscorders.view.Mastersap.ui.comp.smarttable.SmartTable"}]}
RESULT: {"script":"<script> [1562 bytes]","args":[{"selector":{"controlType":"sap.ui.comp.smarttable.SmartTable","viewName":"etm.portal.ui.iscorders.view.Master","id":"application-iscorders-display-component---orderList--smartTable"},"wdio_ui5_key":"applicationiscorders-display-component---orderList--smartTableetm.portal.ui.iscorders.view.Mastersap.ui.comp.smarttable.SmartTable"}]}
RESULT: undefined
COMMAND: POST /session/d9610c833ec57c166d7422fa869fd077/execute/async - {"script":"<script> [6424 bytes]","args":[{"element-6066-11e4-a52e-4f735466cecf":"f.4930A98DED63071A496B4A4D5B7A2D08.d.9B9D8D251385A3439BEEA56B860D4593.e.2333"},"getItems",[]]}
RESULT: {"script":"<script> [6424 bytes]","args":[{"element-6066-11e4-a52e-4f735466cecf":"f.4930A98DED63071A496B4A4D5B7A2D08.d.9B9D8D251385A3439BEEA56B860D4593.e.2333"},"getItems",[]]}
COMMAND: POST /session/d9610c833ec57c166d7422fa869fd077/execute/async - {"script":"<script> [1562 bytes]","args":[{"wdio_ui5_key":"application-iscorders-display-component---orderList--customOrdersTable","selector":{"id":"application-iscorders-display-component---orderList--customOrdersTable"}}]}
RESULT: {"script":"<script> [1562 bytes]","args":[{"wdio_ui5_key":"application-iscorders-display-component---orderList--customOrdersTable","selector":{"id":"application-iscorders-display-component---orderList--customOrdersTable"}}]}
RESULT: undefined
COMMAND: POST /session/d9610c833ec57c166d7422fa869fd077/element - {"using":"css selector","value":"#shell-header-logo"}
RESULT: {"using":"css selector","value":"#shell-header-logo"}
COMMAND: POST /session/d9610c833ec57c166d7422fa869fd077/element/f.4930A98DED63071A496B4A4D5B7A2D08.d.9B9D8D251385A3439BEEA56B860D4593.e.2046/click - {}
RESULT: {}
COMMAND: GET /session/d9610c833ec57c166d7422fa869fd077/screenshot - {}
RESULT: {}
COMMAND: POST /session/d9610c833ec57c166d7422fa869fd077/refresh - {}
RESULT: {}
COMMAND: GET /session/d9610c833ec57c166d7422fa869fd077/screenshot - {}
RESULT: {}
COMMAND: POST /session/d9610c833ec57c166d7422fa869fd077/refresh - {}
RESULT: {}
COMMAND: GET /session/d9610c833ec57c166d7422fa869fd077/screenshot - {}
RESULT: {}
COMMAND: POST /session/d9610c833ec57c166d7422fa869fd077/execute/async - {"script":"<script> [189 bytes]","args":[]}
RESULT: {"script":"<script> [189 bytes]","args":[]}
COMMAND: POST /session/d9610c833ec57c166d7422fa869fd077/execute/async - {"script":"<script> [123 bytes]","args":[]}
RESULT: {"script":"<script> [123 bytes]","args":[]}
COMMAND: POST /session/d9610c833ec57c166d7422fa869fd077/timeouts - {"script":"<number>"}
RESULT: {"script":"<number>"}
COMMAND: GET /session/d9610c833ec57c166d7422fa869fd077/timeouts - {}
RESULT: {}
RESULT: undefined
COMMAND: POST /session/d9610c833ec57c166d7422fa869fd077/execute/async - {"script":"<script> [2676 bytes]","args":[]}
RESULT: {"script":"<script> [2676 bytes]","args":[]}
COMMAND: POST /session/d9610c833ec57c166d7422fa869fd077/execute/async - {"script":"<script> [2342 bytes]","args":[{"protocol":"http","hostname":"0.0.0.0","path":"/","capabilities":{"browserName":"chrome","goog:chromeOptions":{"binary":"C:\\Program Files\\Google\\Chrome\\Application\\chrome.exe","args":["--start-maximized"]}},"logLevel":"warn","connectionRetryTimeout":120000,"connectionRetryCount":3,"logLevels":{},"enableDirectConnect":true,"strictSSL":true,"_":"65 more keys: [\"cacheDir\",\"port\",\"requestedCapabilities\",\"automationProtocol\",\"baseUrl\",\"waitforInterval\",\"waitforTimeout\",\"onReload\",\"beforeCommand\",\"afterCommand\",\"rootDir\",\"specs\",\"suites\",\"exclude\",\"groupLogsByTestSpec\",\"excludeDriverLogs\",\"bail\",\"framework\",\"reporters\",\"services\",\"maxInstances\",\"maxInstancesPerCapability\",\"injectGlobals\",\"filesToWatch\",\"execArgv\",\"runnerEnv\",\"runner\",\"shard\",\"specFileRetries\",\"specFileRetriesDelay\",\"specFileRetriesDeferred\",\"reporterSyncInterval\",\"reporterSyncTimeout\",\"cucumberFeaturesWithLineNumbers\",\"autoCompileOpts\",\"mochaOpts\",\"jasmineOpts\",\"cucumberOpts\",\"onPrepare\",\"onWorkerStart\",\"onWorkerEnd\",\"before\",\"beforeSession\",\"beforeSuite\",\"beforeHook\",\"beforeTest\",\"afterTest\",\"afterHook\",\"afterSuite\",\"afterSession\",\"after\",\"onComplete\",\"beforeAssertion\",\"afterAssertion\",\"beforeFeature\",\"beforeScenario\",\"beforeStep\",\"afterStep\",\"afterScenario\",\"afterFeature\",\"_\",\"suite\",\"$0\",\"ignoredWorkerServices\",\"wdi5\"]"}]}
RESULT: {"script":"<script> [2342 bytes]","args":[{"protocol":"http","hostname":"0.0.0.0","path":"/","capabilities":{"browserName":"chrome","goog:chromeOptions":{"binary":"C:\\Program Files\\Google\\Chrome\\Application\\chrome.exe","args":["--start-maximized"]}},"logLevel":"warn","connectionRetryTimeout":120000,"connectionRetryCount":3,"logLevels":{},"enableDirectConnect":true,"strictSSL":true,"_":"65 more keys: [\"cacheDir\",\"port\",\"requestedCapabilities\",\"automationProtocol\",\"baseUrl\",\"waitforInterval\",\"waitforTimeout\",\"onReload\",\"beforeCommand\",\"afterCommand\",\"rootDir\",\"specs\",\"suites\",\"exclude\",\"groupLogsByTestSpec\",\"excludeDriverLogs\",\"bail\",\"framework\",\"reporters\",\"services\",\"maxInstances\",\"maxInstancesPerCapability\",\"injectGlobals\",\"filesToWatch\",\"execArgv\",\"runnerEnv\",\"runner\",\"shard\",\"specFileRetries\",\"specFileRetriesDelay\",\"specFileRetriesDeferred\",\"reporterSyncInterval\",\"reporterSyncTimeout\",\"cucumberFeaturesWithLineNumbers\",\"autoCompileOpts\",\"mochaOpts\",\"jasmineOpts\",\"cucumberOpts\",\"onPrepare\",\"onWorkerStart\",\"onWorkerEnd\",\"before\",\"beforeSession\",\"beforeSuite\",\"beforeHook\",\"beforeTest\",\"afterTest\",\"afterHook\",\"afterSuite\",\"afterSession\",\"after\",\"onComplete\",\"beforeAssertion\",\"afterAssertion\",\"beforeFeature\",\"beforeScenario\",\"beforeStep\",\"afterStep\",\"afterScenario\",\"afterFeature\",\"_\",\"suite\",\"$0\",\"ignoredWorkerServices\",\"wdi5\"]"}]}
COMMAND: POST /session/d9610c833ec57c166d7422fa869fd077/execute/async - {"script":"<script> [21126 bytes]","args":[35000]}
RESULT: {"script":"<script> [21126 bytes]","args":[35000]}
]]></system-out>
    </testcase>
    <testcase classname="chrome.135_0_7049_42.windows.Verify_smart_filtering_on_ISC_orders_US116616" name="Should filter usign STATUS confirm not OK" time="63.762">
      <system-out><![CDATA[
COMMAND: POST /session/d9610c833ec57c166d7422fa869fd077/execute/async - {"script":"<script> [1562 bytes]","args":[{"selector":{"controlType":"sap.m.GenericTile","properties":{"header":"ISC Orders"}},"wdio_ui5_key":"sapm.GenericTile{\"header\":\"ISC Orders\"}"}]}
RESULT: {"script":"<script> [1562 bytes]","args":[{"selector":{"controlType":"sap.m.GenericTile","properties":{"header":"ISC Orders"}},"wdio_ui5_key":"sapm.GenericTile{\"header\":\"ISC Orders\"}"}]}
RESULT: undefined
COMMAND: POST /session/d9610c833ec57c166d7422fa869fd077/element - {"using":"xpath","value":"//*[@id=\"__tile108\"]"}
RESULT: {"using":"xpath","value":"//*[@id=\"__tile108\"]"}
COMMAND: POST /session/d9610c833ec57c166d7422fa869fd077/element/f.4930A98DED63071A496B4A4D5B7A2D08.d.4432BFD9899C2C22CAC23E16F14F8B66.e.2369/click - {}
RESULT: {}
COMMAND: GET /session/d9610c833ec57c166d7422fa869fd077/screenshot - {}
RESULT: {}
COMMAND: POST /session/d9610c833ec57c166d7422fa869fd077/execute/async - {"script":"<script> [1562 bytes]","args":[{"selector":{"controlType":"sap.ui.core.Icon","viewName":"etm.portal.ui.iscorders.view.Master","viewId":"application-iscorders-display-component---orderList","properties":{"src":{"regex":{"source":"slim\\-arrow\\-down"}}},"ancestor":{"controlType":"sap.m.MultiComboBox","viewName":"etm.portal.ui.iscorders.view.Master","viewId":"application-iscorders-display-component---orderList","labelFor":{"text":"Status"}}},"wdio_ui5_key":"etmportal.ui.iscorders.view.Mastersap.ui.core.Icon{\"src\":{\"regex\":{\"source\":\"slim\\\\-arrow\\\\-down\"}}}{\"controlType\":\"sap.m.MultiComboBox\",\"viewName\":\"etm.portal.ui.iscorders.view.Master\",\"viewId\":\"application-iscorders-display-component---orderList\",\"labelFor\":{\"text\":\"Status\"}}"}]}
RESULT: {"script":"<script> [1562 bytes]","args":[{"selector":{"controlType":"sap.ui.core.Icon","viewName":"etm.portal.ui.iscorders.view.Master","viewId":"application-iscorders-display-component---orderList","properties":{"src":{"regex":{"source":"slim\\-arrow\\-down"}}},"ancestor":{"controlType":"sap.m.MultiComboBox","viewName":"etm.portal.ui.iscorders.view.Master","viewId":"application-iscorders-display-component---orderList","labelFor":{"text":"Status"}}},"wdio_ui5_key":"etmportal.ui.iscorders.view.Mastersap.ui.core.Icon{\"src\":{\"regex\":{\"source\":\"slim\\\\-arrow\\\\-down\"}}}{\"controlType\":\"sap.m.MultiComboBox\",\"viewName\":\"etm.portal.ui.iscorders.view.Master\",\"viewId\":\"application-iscorders-display-component---orderList\",\"labelFor\":{\"text\":\"Status\"}}"}]}
RESULT: undefined
COMMAND: POST /session/d9610c833ec57c166d7422fa869fd077/element - {"using":"xpath","value":"//*[@id=\"__box5-arrow\"]"}
RESULT: {"using":"xpath","value":"//*[@id=\"__box5-arrow\"]"}
COMMAND: POST /session/d9610c833ec57c166d7422fa869fd077/element/f.4930A98DED63071A496B4A4D5B7A2D08.d.4432BFD9899C2C22CAC23E16F14F8B66.e.2469/click - {}
RESULT: {}
COMMAND: POST /session/d9610c833ec57c166d7422fa869fd077/execute/async - {"script":"<script> [1562 bytes]","args":[{"selector":{"controlType":"sap.m.StandardListItem","viewName":"etm.portal.ui.iscorders.view.Master","viewId":"application-iscorders-display-component---orderList","properties":{"title":"confirm - not OK"},"searchOpenDialogs":true,"interaction":{"idSuffix":"titleText"}},"wdio_ui5_key":"etmportal.ui.iscorders.view.Mastersap.m.StandardListItem{\"title\":\"confirm - not OK\"}"}]}
COMMAND: GET /session/d9610c833ec57c166d7422fa869fd077/screenshot - {}
RESULT: {"script":"<script> [1562 bytes]","args":[{"selector":{"controlType":"sap.m.StandardListItem","viewName":"etm.portal.ui.iscorders.view.Master","viewId":"application-iscorders-display-component---orderList","properties":{"title":"confirm - not OK"},"searchOpenDialogs":true,"interaction":{"idSuffix":"titleText"}},"wdio_ui5_key":"etmportal.ui.iscorders.view.Mastersap.m.StandardListItem{\"title\":\"confirm - not OK\"}"}]}
RESULT: undefined
RESULT: {}
COMMAND: POST /session/d9610c833ec57c166d7422fa869fd077/execute/async - {"script":"<script> [1562 bytes]","args":[{"selector":{"controlType":"sap.m.Button","properties":{"text":"OK"},"searchOpenDialogs":true,"ancestor":{"controlType":"sap.m.Dialog","properties":{"icon":"sap-icon://alert"},"searchOpenDialogs":true},"interaction":{"idSuffix":"inner"}},"wdio_ui5_key":"sapm.Button{\"text\":\"OK\"}{\"controlType\":\"sap.m.Dialog\",\"properties\":{\"icon\":\"sap-icon://alert\"},\"searchOpenDialogs\":true}"}]}
RESULT: {"script":"<script> [1562 bytes]","args":[{"selector":{"controlType":"sap.m.Button","properties":{"text":"OK"},"searchOpenDialogs":true,"ancestor":{"controlType":"sap.m.Dialog","properties":{"icon":"sap-icon://alert"},"searchOpenDialogs":true},"interaction":{"idSuffix":"inner"}},"wdio_ui5_key":"sapm.Button{\"text\":\"OK\"}{\"controlType\":\"sap.m.Dialog\",\"properties\":{\"icon\":\"sap-icon://alert\"},\"searchOpenDialogs\":true}"}]}
RESULT: undefined
COMMAND: POST /session/d9610c833ec57c166d7422fa869fd077/execute/async - {"script":"<script> [1562 bytes]","args":[{"selector":{"controlType":"sap.ui.comp.smarttable.SmartTable","viewName":"etm.portal.ui.iscorders.view.Master","id":"application-iscorders-display-component---orderList--smartTable"},"wdio_ui5_key":"applicationiscorders-display-component---orderList--smartTableetm.portal.ui.iscorders.view.Mastersap.ui.comp.smarttable.SmartTable"}]}
RESULT: {"script":"<script> [1562 bytes]","args":[{"selector":{"controlType":"sap.ui.comp.smarttable.SmartTable","viewName":"etm.portal.ui.iscorders.view.Master","id":"application-iscorders-display-component---orderList--smartTable"},"wdio_ui5_key":"applicationiscorders-display-component---orderList--smartTableetm.portal.ui.iscorders.view.Mastersap.ui.comp.smarttable.SmartTable"}]}
RESULT: undefined
COMMAND: POST /session/d9610c833ec57c166d7422fa869fd077/execute/async - {"script":"<script> [6424 bytes]","args":[{"element-6066-11e4-a52e-4f735466cecf":"f.4930A98DED63071A496B4A4D5B7A2D08.d.4432BFD9899C2C22CAC23E16F14F8B66.e.2476"},"getItems",[]]}
RESULT: {"script":"<script> [6424 bytes]","args":[{"element-6066-11e4-a52e-4f735466cecf":"f.4930A98DED63071A496B4A4D5B7A2D08.d.4432BFD9899C2C22CAC23E16F14F8B66.e.2476"},"getItems",[]]}
COMMAND: POST /session/d9610c833ec57c166d7422fa869fd077/execute/async - {"script":"<script> [1562 bytes]","args":[{"wdio_ui5_key":"application-iscorders-display-component---orderList--customOrdersTable","selector":{"id":"application-iscorders-display-component---orderList--customOrdersTable"}}]}
RESULT: {"script":"<script> [1562 bytes]","args":[{"wdio_ui5_key":"application-iscorders-display-component---orderList--customOrdersTable","selector":{"id":"application-iscorders-display-component---orderList--customOrdersTable"}}]}
RESULT: undefined
COMMAND: POST /session/d9610c833ec57c166d7422fa869fd077/element - {"using":"css selector","value":"#shell-header-logo"}
RESULT: {"using":"css selector","value":"#shell-header-logo"}
COMMAND: POST /session/d9610c833ec57c166d7422fa869fd077/element/f.4930A98DED63071A496B4A4D5B7A2D08.d.4432BFD9899C2C22CAC23E16F14F8B66.e.2373/click - {}
RESULT: {}
COMMAND: GET /session/d9610c833ec57c166d7422fa869fd077/screenshot - {}
RESULT: {}
COMMAND: POST /session/d9610c833ec57c166d7422fa869fd077/refresh - {}
RESULT: {}
COMMAND: GET /session/d9610c833ec57c166d7422fa869fd077/screenshot - {}
RESULT: {}
COMMAND: POST /session/d9610c833ec57c166d7422fa869fd077/refresh - {}
RESULT: {}
COMMAND: GET /session/d9610c833ec57c166d7422fa869fd077/screenshot - {}
RESULT: {}
COMMAND: POST /session/d9610c833ec57c166d7422fa869fd077/execute/async - {"script":"<script> [189 bytes]","args":[]}
RESULT: {"script":"<script> [189 bytes]","args":[]}
COMMAND: POST /session/d9610c833ec57c166d7422fa869fd077/execute/async - {"script":"<script> [123 bytes]","args":[]}
RESULT: {"script":"<script> [123 bytes]","args":[]}
COMMAND: POST /session/d9610c833ec57c166d7422fa869fd077/timeouts - {"script":"<number>"}
RESULT: {"script":"<number>"}
COMMAND: GET /session/d9610c833ec57c166d7422fa869fd077/timeouts - {}
RESULT: {}
RESULT: undefined
COMMAND: POST /session/d9610c833ec57c166d7422fa869fd077/execute/async - {"script":"<script> [2676 bytes]","args":[]}
RESULT: {"script":"<script> [2676 bytes]","args":[]}
COMMAND: POST /session/d9610c833ec57c166d7422fa869fd077/execute/async - {"script":"<script> [2342 bytes]","args":[{"protocol":"http","hostname":"0.0.0.0","path":"/","capabilities":{"browserName":"chrome","goog:chromeOptions":{"binary":"C:\\Program Files\\Google\\Chrome\\Application\\chrome.exe","args":["--start-maximized"]}},"logLevel":"warn","connectionRetryTimeout":120000,"connectionRetryCount":3,"logLevels":{},"enableDirectConnect":true,"strictSSL":true,"_":"65 more keys: [\"cacheDir\",\"port\",\"requestedCapabilities\",\"automationProtocol\",\"baseUrl\",\"waitforInterval\",\"waitforTimeout\",\"onReload\",\"beforeCommand\",\"afterCommand\",\"rootDir\",\"specs\",\"suites\",\"exclude\",\"groupLogsByTestSpec\",\"excludeDriverLogs\",\"bail\",\"framework\",\"reporters\",\"services\",\"maxInstances\",\"maxInstancesPerCapability\",\"injectGlobals\",\"filesToWatch\",\"execArgv\",\"runnerEnv\",\"runner\",\"shard\",\"specFileRetries\",\"specFileRetriesDelay\",\"specFileRetriesDeferred\",\"reporterSyncInterval\",\"reporterSyncTimeout\",\"cucumberFeaturesWithLineNumbers\",\"autoCompileOpts\",\"mochaOpts\",\"jasmineOpts\",\"cucumberOpts\",\"onPrepare\",\"onWorkerStart\",\"onWorkerEnd\",\"before\",\"beforeSession\",\"beforeSuite\",\"beforeHook\",\"beforeTest\",\"afterTest\",\"afterHook\",\"afterSuite\",\"afterSession\",\"after\",\"onComplete\",\"beforeAssertion\",\"afterAssertion\",\"beforeFeature\",\"beforeScenario\",\"beforeStep\",\"afterStep\",\"afterScenario\",\"afterFeature\",\"_\",\"suite\",\"$0\",\"ignoredWorkerServices\",\"wdi5\"]"}]}
RESULT: {"script":"<script> [2342 bytes]","args":[{"protocol":"http","hostname":"0.0.0.0","path":"/","capabilities":{"browserName":"chrome","goog:chromeOptions":{"binary":"C:\\Program Files\\Google\\Chrome\\Application\\chrome.exe","args":["--start-maximized"]}},"logLevel":"warn","connectionRetryTimeout":120000,"connectionRetryCount":3,"logLevels":{},"enableDirectConnect":true,"strictSSL":true,"_":"65 more keys: [\"cacheDir\",\"port\",\"requestedCapabilities\",\"automationProtocol\",\"baseUrl\",\"waitforInterval\",\"waitforTimeout\",\"onReload\",\"beforeCommand\",\"afterCommand\",\"rootDir\",\"specs\",\"suites\",\"exclude\",\"groupLogsByTestSpec\",\"excludeDriverLogs\",\"bail\",\"framework\",\"reporters\",\"services\",\"maxInstances\",\"maxInstancesPerCapability\",\"injectGlobals\",\"filesToWatch\",\"execArgv\",\"runnerEnv\",\"runner\",\"shard\",\"specFileRetries\",\"specFileRetriesDelay\",\"specFileRetriesDeferred\",\"reporterSyncInterval\",\"reporterSyncTimeout\",\"cucumberFeaturesWithLineNumbers\",\"autoCompileOpts\",\"mochaOpts\",\"jasmineOpts\",\"cucumberOpts\",\"onPrepare\",\"onWorkerStart\",\"onWorkerEnd\",\"before\",\"beforeSession\",\"beforeSuite\",\"beforeHook\",\"beforeTest\",\"afterTest\",\"afterHook\",\"afterSuite\",\"afterSession\",\"after\",\"onComplete\",\"beforeAssertion\",\"afterAssertion\",\"beforeFeature\",\"beforeScenario\",\"beforeStep\",\"afterStep\",\"afterScenario\",\"afterFeature\",\"_\",\"suite\",\"$0\",\"ignoredWorkerServices\",\"wdi5\"]"}]}
COMMAND: POST /session/d9610c833ec57c166d7422fa869fd077/execute/async - {"script":"<script> [21126 bytes]","args":[35000]}
RESULT: {"script":"<script> [21126 bytes]","args":[35000]}
]]></system-out>
    </testcase>
    <testcase classname="chrome.135_0_7049_42.windows.Verify_smart_filtering_on_ISC_orders_US116616" name="Should filter usign STATUS canceled" time="71.122">
      <system-out><![CDATA[
COMMAND: POST /session/d9610c833ec57c166d7422fa869fd077/execute/async - {"script":"<script> [1562 bytes]","args":[{"selector":{"controlType":"sap.m.GenericTile","properties":{"header":"ISC Orders"}},"wdio_ui5_key":"sapm.GenericTile{\"header\":\"ISC Orders\"}"}]}
RESULT: {"script":"<script> [1562 bytes]","args":[{"selector":{"controlType":"sap.m.GenericTile","properties":{"header":"ISC Orders"}},"wdio_ui5_key":"sapm.GenericTile{\"header\":\"ISC Orders\"}"}]}
RESULT: undefined
COMMAND: POST /session/d9610c833ec57c166d7422fa869fd077/element - {"using":"xpath","value":"//*[@id=\"__tile108\"]"}
RESULT: {"using":"xpath","value":"//*[@id=\"__tile108\"]"}
COMMAND: POST /session/d9610c833ec57c166d7422fa869fd077/element/f.4930A98DED63071A496B4A4D5B7A2D08.d.85B0520D4C8CA7BA3DB805D8692CD60F.e.2512/click - {}
RESULT: {}
COMMAND: GET /session/d9610c833ec57c166d7422fa869fd077/screenshot - {}
RESULT: {}
COMMAND: POST /session/d9610c833ec57c166d7422fa869fd077/execute/async - {"script":"<script> [1562 bytes]","args":[{"selector":{"controlType":"sap.ui.core.Icon","viewName":"etm.portal.ui.iscorders.view.Master","viewId":"application-iscorders-display-component---orderList","properties":{"src":{"regex":{"source":"slim\\-arrow\\-down"}}},"ancestor":{"controlType":"sap.m.MultiComboBox","viewName":"etm.portal.ui.iscorders.view.Master","viewId":"application-iscorders-display-component---orderList","labelFor":{"text":"Status"}}},"wdio_ui5_key":"etmportal.ui.iscorders.view.Mastersap.ui.core.Icon{\"src\":{\"regex\":{\"source\":\"slim\\\\-arrow\\\\-down\"}}}{\"controlType\":\"sap.m.MultiComboBox\",\"viewName\":\"etm.portal.ui.iscorders.view.Master\",\"viewId\":\"application-iscorders-display-component---orderList\",\"labelFor\":{\"text\":\"Status\"}}"}]}
RESULT: {"script":"<script> [1562 bytes]","args":[{"selector":{"controlType":"sap.ui.core.Icon","viewName":"etm.portal.ui.iscorders.view.Master","viewId":"application-iscorders-display-component---orderList","properties":{"src":{"regex":{"source":"slim\\-arrow\\-down"}}},"ancestor":{"controlType":"sap.m.MultiComboBox","viewName":"etm.portal.ui.iscorders.view.Master","viewId":"application-iscorders-display-component---orderList","labelFor":{"text":"Status"}}},"wdio_ui5_key":"etmportal.ui.iscorders.view.Mastersap.ui.core.Icon{\"src\":{\"regex\":{\"source\":\"slim\\\\-arrow\\\\-down\"}}}{\"controlType\":\"sap.m.MultiComboBox\",\"viewName\":\"etm.portal.ui.iscorders.view.Master\",\"viewId\":\"application-iscorders-display-component---orderList\",\"labelFor\":{\"text\":\"Status\"}}"}]}
RESULT: undefined
COMMAND: POST /session/d9610c833ec57c166d7422fa869fd077/element - {"using":"xpath","value":"//*[@id=\"__box5-arrow\"]"}
RESULT: {"using":"xpath","value":"//*[@id=\"__box5-arrow\"]"}
COMMAND: POST /session/d9610c833ec57c166d7422fa869fd077/element/f.4930A98DED63071A496B4A4D5B7A2D08.d.85B0520D4C8CA7BA3DB805D8692CD60F.e.2610/click - {}
RESULT: {}
COMMAND: POST /session/d9610c833ec57c166d7422fa869fd077/execute/async - {"script":"<script> [1562 bytes]","args":[{"selector":{"controlType":"sap.m.StandardListItem","viewName":"etm.portal.ui.iscorders.view.Master","viewId":"application-iscorders-display-component---orderList","properties":{"title":"canceled"},"searchOpenDialogs":true,"interaction":{"idSuffix":"titleText"}},"wdio_ui5_key":"etmportal.ui.iscorders.view.Mastersap.m.StandardListItem{\"title\":\"canceled\"}"}]}
COMMAND: GET /session/d9610c833ec57c166d7422fa869fd077/screenshot - {}
RESULT: {"script":"<script> [1562 bytes]","args":[{"selector":{"controlType":"sap.m.StandardListItem","viewName":"etm.portal.ui.iscorders.view.Master","viewId":"application-iscorders-display-component---orderList","properties":{"title":"canceled"},"searchOpenDialogs":true,"interaction":{"idSuffix":"titleText"}},"wdio_ui5_key":"etmportal.ui.iscorders.view.Mastersap.m.StandardListItem{\"title\":\"canceled\"}"}]}
RESULT: undefined
COMMAND: POST /session/d9610c833ec57c166d7422fa869fd077/element - {"using":"xpath","value":"//*[@id=\"__item48\"]"}
RESULT: {}
RESULT: {"using":"xpath","value":"//*[@id=\"__item48\"]"}
COMMAND: POST /session/d9610c833ec57c166d7422fa869fd077/element/f.4930A98DED63071A496B4A4D5B7A2D08.d.85B0520D4C8CA7BA3DB805D8692CD60F.e.2620/click - {}
RESULT: {}
COMMAND: GET /session/d9610c833ec57c166d7422fa869fd077/screenshot - {}
RESULT: {}
COMMAND: POST /session/d9610c833ec57c166d7422fa869fd077/execute/async - {"script":"<script> [1562 bytes]","args":[{"selector":{"controlType":"sap.m.Button","properties":{"text":"OK"},"searchOpenDialogs":true,"ancestor":{"controlType":"sap.m.Dialog","properties":{"icon":"sap-icon://alert"},"searchOpenDialogs":true},"interaction":{"idSuffix":"inner"}},"wdio_ui5_key":"sapm.Button{\"text\":\"OK\"}{\"controlType\":\"sap.m.Dialog\",\"properties\":{\"icon\":\"sap-icon://alert\"},\"searchOpenDialogs\":true}"}]}
RESULT: {"script":"<script> [1562 bytes]","args":[{"selector":{"controlType":"sap.m.Button","properties":{"text":"OK"},"searchOpenDialogs":true,"ancestor":{"controlType":"sap.m.Dialog","properties":{"icon":"sap-icon://alert"},"searchOpenDialogs":true},"interaction":{"idSuffix":"inner"}},"wdio_ui5_key":"sapm.Button{\"text\":\"OK\"}{\"controlType\":\"sap.m.Dialog\",\"properties\":{\"icon\":\"sap-icon://alert\"},\"searchOpenDialogs\":true}"}]}
RESULT: undefined
COMMAND: POST /session/d9610c833ec57c166d7422fa869fd077/execute/async - {"script":"<script> [1562 bytes]","args":[{"selector":{"controlType":"sap.ui.comp.smarttable.SmartTable","viewName":"etm.portal.ui.iscorders.view.Master","id":"application-iscorders-display-component---orderList--smartTable"},"wdio_ui5_key":"applicationiscorders-display-component---orderList--smartTableetm.portal.ui.iscorders.view.Mastersap.ui.comp.smarttable.SmartTable"}]}
RESULT: {"script":"<script> [1562 bytes]","args":[{"selector":{"controlType":"sap.ui.comp.smarttable.SmartTable","viewName":"etm.portal.ui.iscorders.view.Master","id":"application-iscorders-display-component---orderList--smartTable"},"wdio_ui5_key":"applicationiscorders-display-component---orderList--smartTableetm.portal.ui.iscorders.view.Mastersap.ui.comp.smarttable.SmartTable"}]}
RESULT: undefined
COMMAND: POST /session/d9610c833ec57c166d7422fa869fd077/execute/async - {"script":"<script> [6424 bytes]","args":[{"element-6066-11e4-a52e-4f735466cecf":"f.4930A98DED63071A496B4A4D5B7A2D08.d.85B0520D4C8CA7BA3DB805D8692CD60F.e.2659"},"getItems",[]]}
RESULT: {"script":"<script> [6424 bytes]","args":[{"element-6066-11e4-a52e-4f735466cecf":"f.4930A98DED63071A496B4A4D5B7A2D08.d.85B0520D4C8CA7BA3DB805D8692CD60F.e.2659"},"getItems",[]]}
COMMAND: POST /session/d9610c833ec57c166d7422fa869fd077/execute/async - {"script":"<script> [1562 bytes]","args":[{"wdio_ui5_key":"application-iscorders-display-component---orderList--customOrdersTable","selector":{"id":"application-iscorders-display-component---orderList--customOrdersTable"}}]}
RESULT: {"script":"<script> [1562 bytes]","args":[{"wdio_ui5_key":"application-iscorders-display-component---orderList--customOrdersTable","selector":{"id":"application-iscorders-display-component---orderList--customOrdersTable"}}]}
RESULT: undefined
COMMAND: POST /session/d9610c833ec57c166d7422fa869fd077/element - {"using":"css selector","value":"#shell-header-logo"}
RESULT: {"using":"css selector","value":"#shell-header-logo"}
COMMAND: POST /session/d9610c833ec57c166d7422fa869fd077/element/f.4930A98DED63071A496B4A4D5B7A2D08.d.85B0520D4C8CA7BA3DB805D8692CD60F.e.2516/click - {}
RESULT: {}
COMMAND: GET /session/d9610c833ec57c166d7422fa869fd077/screenshot - {}
RESULT: {}
COMMAND: POST /session/d9610c833ec57c166d7422fa869fd077/refresh - {}
RESULT: {}
COMMAND: GET /session/d9610c833ec57c166d7422fa869fd077/screenshot - {}
RESULT: {}
COMMAND: POST /session/d9610c833ec57c166d7422fa869fd077/refresh - {}
RESULT: {}
COMMAND: GET /session/d9610c833ec57c166d7422fa869fd077/screenshot - {}
RESULT: {}
COMMAND: POST /session/d9610c833ec57c166d7422fa869fd077/execute/async - {"script":"<script> [189 bytes]","args":[]}
RESULT: {"script":"<script> [189 bytes]","args":[]}
COMMAND: POST /session/d9610c833ec57c166d7422fa869fd077/execute/async - {"script":"<script> [123 bytes]","args":[]}
RESULT: {"script":"<script> [123 bytes]","args":[]}
COMMAND: POST /session/d9610c833ec57c166d7422fa869fd077/timeouts - {"script":"<number>"}
RESULT: {"script":"<number>"}
COMMAND: GET /session/d9610c833ec57c166d7422fa869fd077/timeouts - {}
RESULT: {}
RESULT: undefined
COMMAND: POST /session/d9610c833ec57c166d7422fa869fd077/execute/async - {"script":"<script> [2676 bytes]","args":[]}
RESULT: {"script":"<script> [2676 bytes]","args":[]}
COMMAND: POST /session/d9610c833ec57c166d7422fa869fd077/execute/async - {"script":"<script> [2342 bytes]","args":[{"protocol":"http","hostname":"0.0.0.0","path":"/","capabilities":{"browserName":"chrome","goog:chromeOptions":{"binary":"C:\\Program Files\\Google\\Chrome\\Application\\chrome.exe","args":["--start-maximized"]}},"logLevel":"warn","connectionRetryTimeout":120000,"connectionRetryCount":3,"logLevels":{},"enableDirectConnect":true,"strictSSL":true,"_":"65 more keys: [\"cacheDir\",\"port\",\"requestedCapabilities\",\"automationProtocol\",\"baseUrl\",\"waitforInterval\",\"waitforTimeout\",\"onReload\",\"beforeCommand\",\"afterCommand\",\"rootDir\",\"specs\",\"suites\",\"exclude\",\"groupLogsByTestSpec\",\"excludeDriverLogs\",\"bail\",\"framework\",\"reporters\",\"services\",\"maxInstances\",\"maxInstancesPerCapability\",\"injectGlobals\",\"filesToWatch\",\"execArgv\",\"runnerEnv\",\"runner\",\"shard\",\"specFileRetries\",\"specFileRetriesDelay\",\"specFileRetriesDeferred\",\"reporterSyncInterval\",\"reporterSyncTimeout\",\"cucumberFeaturesWithLineNumbers\",\"autoCompileOpts\",\"mochaOpts\",\"jasmineOpts\",\"cucumberOpts\",\"onPrepare\",\"onWorkerStart\",\"onWorkerEnd\",\"before\",\"beforeSession\",\"beforeSuite\",\"beforeHook\",\"beforeTest\",\"afterTest\",\"afterHook\",\"afterSuite\",\"afterSession\",\"after\",\"onComplete\",\"beforeAssertion\",\"afterAssertion\",\"beforeFeature\",\"beforeScenario\",\"beforeStep\",\"afterStep\",\"afterScenario\",\"afterFeature\",\"_\",\"suite\",\"$0\",\"ignoredWorkerServices\",\"wdi5\"]"}]}
RESULT: {"script":"<script> [2342 bytes]","args":[{"protocol":"http","hostname":"0.0.0.0","path":"/","capabilities":{"browserName":"chrome","goog:chromeOptions":{"binary":"C:\\Program Files\\Google\\Chrome\\Application\\chrome.exe","args":["--start-maximized"]}},"logLevel":"warn","connectionRetryTimeout":120000,"connectionRetryCount":3,"logLevels":{},"enableDirectConnect":true,"strictSSL":true,"_":"65 more keys: [\"cacheDir\",\"port\",\"requestedCapabilities\",\"automationProtocol\",\"baseUrl\",\"waitforInterval\",\"waitforTimeout\",\"onReload\",\"beforeCommand\",\"afterCommand\",\"rootDir\",\"specs\",\"suites\",\"exclude\",\"groupLogsByTestSpec\",\"excludeDriverLogs\",\"bail\",\"framework\",\"reporters\",\"services\",\"maxInstances\",\"maxInstancesPerCapability\",\"injectGlobals\",\"filesToWatch\",\"execArgv\",\"runnerEnv\",\"runner\",\"shard\",\"specFileRetries\",\"specFileRetriesDelay\",\"specFileRetriesDeferred\",\"reporterSyncInterval\",\"reporterSyncTimeout\",\"cucumberFeaturesWithLineNumbers\",\"autoCompileOpts\",\"mochaOpts\",\"jasmineOpts\",\"cucumberOpts\",\"onPrepare\",\"onWorkerStart\",\"onWorkerEnd\",\"before\",\"beforeSession\",\"beforeSuite\",\"beforeHook\",\"beforeTest\",\"afterTest\",\"afterHook\",\"afterSuite\",\"afterSession\",\"after\",\"onComplete\",\"beforeAssertion\",\"afterAssertion\",\"beforeFeature\",\"beforeScenario\",\"beforeStep\",\"afterStep\",\"afterScenario\",\"afterFeature\",\"_\",\"suite\",\"$0\",\"ignoredWorkerServices\",\"wdi5\"]"}]}
COMMAND: POST /session/d9610c833ec57c166d7422fa869fd077/execute/async - {"script":"<script> [21126 bytes]","args":[35000]}
RESULT: {"script":"<script> [21126 bytes]","args":[35000]}
]]></system-out>
    </testcase>
    <testcase classname="chrome.135_0_7049_42.windows.Verify_smart_filtering_on_ISC_orders_US116616" name="Should filter usign STATUS released" time="35.7">
      <system-out><![CDATA[
COMMAND: POST /session/d9610c833ec57c166d7422fa869fd077/execute/async - {"script":"<script> [1562 bytes]","args":[{"selector":{"controlType":"sap.m.GenericTile","properties":{"header":"ISC Orders"}},"wdio_ui5_key":"sapm.GenericTile{\"header\":\"ISC Orders\"}"}]}
RESULT: {"script":"<script> [1562 bytes]","args":[{"selector":{"controlType":"sap.m.GenericTile","properties":{"header":"ISC Orders"}},"wdio_ui5_key":"sapm.GenericTile{\"header\":\"ISC Orders\"}"}]}
RESULT: undefined
COMMAND: POST /session/d9610c833ec57c166d7422fa869fd077/element - {"using":"xpath","value":"//*[@id=\"__tile108\"]"}
RESULT: {"using":"xpath","value":"//*[@id=\"__tile108\"]"}
COMMAND: POST /session/d9610c833ec57c166d7422fa869fd077/element/f.4930A98DED63071A496B4A4D5B7A2D08.d.46DF84F6CD170C6A722D07788858F42F.e.2705/click - {}
RESULT: {}
COMMAND: GET /session/d9610c833ec57c166d7422fa869fd077/screenshot - {}
RESULT: {}
COMMAND: POST /session/d9610c833ec57c166d7422fa869fd077/execute/async - {"script":"<script> [1562 bytes]","args":[{"selector":{"controlType":"sap.ui.core.Icon","viewName":"etm.portal.ui.iscorders.view.Master","viewId":"application-iscorders-display-component---orderList","properties":{"src":{"regex":{"source":"slim\\-arrow\\-down"}}},"ancestor":{"controlType":"sap.m.MultiComboBox","viewName":"etm.portal.ui.iscorders.view.Master","viewId":"application-iscorders-display-component---orderList","labelFor":{"text":"Status"}}},"wdio_ui5_key":"etmportal.ui.iscorders.view.Mastersap.ui.core.Icon{\"src\":{\"regex\":{\"source\":\"slim\\\\-arrow\\\\-down\"}}}{\"controlType\":\"sap.m.MultiComboBox\",\"viewName\":\"etm.portal.ui.iscorders.view.Master\",\"viewId\":\"application-iscorders-display-component---orderList\",\"labelFor\":{\"text\":\"Status\"}}"}]}
RESULT: {"script":"<script> [1562 bytes]","args":[{"selector":{"controlType":"sap.ui.core.Icon","viewName":"etm.portal.ui.iscorders.view.Master","viewId":"application-iscorders-display-component---orderList","properties":{"src":{"regex":{"source":"slim\\-arrow\\-down"}}},"ancestor":{"controlType":"sap.m.MultiComboBox","viewName":"etm.portal.ui.iscorders.view.Master","viewId":"application-iscorders-display-component---orderList","labelFor":{"text":"Status"}}},"wdio_ui5_key":"etmportal.ui.iscorders.view.Mastersap.ui.core.Icon{\"src\":{\"regex\":{\"source\":\"slim\\\\-arrow\\\\-down\"}}}{\"controlType\":\"sap.m.MultiComboBox\",\"viewName\":\"etm.portal.ui.iscorders.view.Master\",\"viewId\":\"application-iscorders-display-component---orderList\",\"labelFor\":{\"text\":\"Status\"}}"}]}
RESULT: undefined
COMMAND: POST /session/d9610c833ec57c166d7422fa869fd077/element - {"using":"xpath","value":"//*[@id=\"__box5-arrow\"]"}
RESULT: {"using":"xpath","value":"//*[@id=\"__box5-arrow\"]"}
COMMAND: POST /session/d9610c833ec57c166d7422fa869fd077/element/f.4930A98DED63071A496B4A4D5B7A2D08.d.46DF84F6CD170C6A722D07788858F42F.e.2802/click - {}
RESULT: {}
COMMAND: POST /session/d9610c833ec57c166d7422fa869fd077/execute/async - {"script":"<script> [1562 bytes]","args":[{"selector":{"controlType":"sap.m.StandardListItem","viewName":"etm.portal.ui.iscorders.view.Master","viewId":"application-iscorders-display-component---orderList","properties":{"title":"released"},"searchOpenDialogs":true,"interaction":{"idSuffix":"titleText"}},"wdio_ui5_key":"etmportal.ui.iscorders.view.Mastersap.m.StandardListItem{\"title\":\"released\"}"}]}
COMMAND: GET /session/d9610c833ec57c166d7422fa869fd077/screenshot - {}
RESULT: {"script":"<script> [1562 bytes]","args":[{"selector":{"controlType":"sap.m.StandardListItem","viewName":"etm.portal.ui.iscorders.view.Master","viewId":"application-iscorders-display-component---orderList","properties":{"title":"released"},"searchOpenDialogs":true,"interaction":{"idSuffix":"titleText"}},"wdio_ui5_key":"etmportal.ui.iscorders.view.Mastersap.m.StandardListItem{\"title\":\"released\"}"}]}
RESULT: undefined
COMMAND: POST /session/d9610c833ec57c166d7422fa869fd077/element - {"using":"xpath","value":"//*[@id=\"__item50\"]"}
RESULT: {}
RESULT: {"using":"xpath","value":"//*[@id=\"__item50\"]"}
COMMAND: POST /session/d9610c833ec57c166d7422fa869fd077/element/f.4930A98DED63071A496B4A4D5B7A2D08.d.46DF84F6CD170C6A722D07788858F42F.e.2812/click - {}
RESULT: {}
COMMAND: GET /session/d9610c833ec57c166d7422fa869fd077/screenshot - {}
RESULT: {}
COMMAND: POST /session/d9610c833ec57c166d7422fa869fd077/execute/async - {"script":"<script> [1562 bytes]","args":[{"selector":{"controlType":"sap.m.Button","properties":{"text":"OK"},"searchOpenDialogs":true,"ancestor":{"controlType":"sap.m.Dialog","properties":{"icon":"sap-icon://alert"},"searchOpenDialogs":true},"interaction":{"idSuffix":"inner"}},"wdio_ui5_key":"sapm.Button{\"text\":\"OK\"}{\"controlType\":\"sap.m.Dialog\",\"properties\":{\"icon\":\"sap-icon://alert\"},\"searchOpenDialogs\":true}"}]}
RESULT: {"script":"<script> [1562 bytes]","args":[{"selector":{"controlType":"sap.m.Button","properties":{"text":"OK"},"searchOpenDialogs":true,"ancestor":{"controlType":"sap.m.Dialog","properties":{"icon":"sap-icon://alert"},"searchOpenDialogs":true},"interaction":{"idSuffix":"inner"}},"wdio_ui5_key":"sapm.Button{\"text\":\"OK\"}{\"controlType\":\"sap.m.Dialog\",\"properties\":{\"icon\":\"sap-icon://alert\"},\"searchOpenDialogs\":true}"}]}
RESULT: undefined
COMMAND: POST /session/d9610c833ec57c166d7422fa869fd077/execute/async - {"script":"<script> [1562 bytes]","args":[{"selector":{"controlType":"sap.ui.comp.smarttable.SmartTable","viewName":"etm.portal.ui.iscorders.view.Master","id":"application-iscorders-display-component---orderList--smartTable"},"wdio_ui5_key":"applicationiscorders-display-component---orderList--smartTableetm.portal.ui.iscorders.view.Mastersap.ui.comp.smarttable.SmartTable"}]}
RESULT: {"script":"<script> [1562 bytes]","args":[{"selector":{"controlType":"sap.ui.comp.smarttable.SmartTable","viewName":"etm.portal.ui.iscorders.view.Master","id":"application-iscorders-display-component---orderList--smartTable"},"wdio_ui5_key":"applicationiscorders-display-component---orderList--smartTableetm.portal.ui.iscorders.view.Mastersap.ui.comp.smarttable.SmartTable"}]}
RESULT: undefined
COMMAND: POST /session/d9610c833ec57c166d7422fa869fd077/execute/async - {"script":"<script> [6424 bytes]","args":[{"element-6066-11e4-a52e-4f735466cecf":"f.4930A98DED63071A496B4A4D5B7A2D08.d.46DF84F6CD170C6A722D07788858F42F.e.2876"},"getItems",[]]}
RESULT: {"script":"<script> [6424 bytes]","args":[{"element-6066-11e4-a52e-4f735466cecf":"f.4930A98DED63071A496B4A4D5B7A2D08.d.46DF84F6CD170C6A722D07788858F42F.e.2876"},"getItems",[]]}
COMMAND: POST /session/d9610c833ec57c166d7422fa869fd077/execute/async - {"script":"<script> [1562 bytes]","args":[{"wdio_ui5_key":"application-iscorders-display-component---orderList--customOrdersTable","selector":{"id":"application-iscorders-display-component---orderList--customOrdersTable"}}]}
RESULT: {"script":"<script> [1562 bytes]","args":[{"wdio_ui5_key":"application-iscorders-display-component---orderList--customOrdersTable","selector":{"id":"application-iscorders-display-component---orderList--customOrdersTable"}}]}
RESULT: undefined
COMMAND: POST /session/d9610c833ec57c166d7422fa869fd077/element - {"using":"css selector","value":"#shell-header-logo"}
RESULT: {"using":"css selector","value":"#shell-header-logo"}
COMMAND: POST /session/d9610c833ec57c166d7422fa869fd077/element/f.4930A98DED63071A496B4A4D5B7A2D08.d.46DF84F6CD170C6A722D07788858F42F.e.2709/click - {}
RESULT: {}
COMMAND: GET /session/d9610c833ec57c166d7422fa869fd077/screenshot - {}
RESULT: {}
COMMAND: POST /session/d9610c833ec57c166d7422fa869fd077/element - {"using":"css selector","value":"#shell-header-logo"}
RESULT: {"using":"css selector","value":"#shell-header-logo"}
COMMAND: POST /session/d9610c833ec57c166d7422fa869fd077/element/f.4930A98DED63071A496B4A4D5B7A2D08.d.46DF84F6CD170C6A722D07788858F42F.e.2881/click - {}
RESULT: {}
COMMAND: GET /session/d9610c833ec57c166d7422fa869fd077/screenshot - {}
RESULT: {}
]]></system-out>
    </testcase>
  </testsuite>
  <testsuite timestamp="2025-04-16T16:50:10" time="219.229" tests="2" failures="0" errors="0" skipped="0">
    <properties>
      <property name="specId" value="0"/>
      <property name="suiteName" value="Create and verify Order using template US151480"/>
      <property name="capabilities" value="chrome.135_0_7049_42.windows"/>
      <property name="file" value="file:///D:/a/1/s/test/specs/ISC/create-and-verify-order-using-template.spec.js"/>
    </properties>
    <testcase classname="chrome.135_0_7049_42.windows.Create_and_verify_Order_using_template_US151480" name="Should create a new equipment" time="110.423">
      <system-out><![CDATA[
COMMAND: POST /session/d9610c833ec57c166d7422fa869fd077/execute/async - {"script":"<script> [1562 bytes]","args":[{"selector":{"controlType":"sap.m.GenericTile","properties":{"header":"Manage Resources"}},"wdio_ui5_key":"sapm.GenericTile{\"header\":\"Manage Resources\"}"}]}
RESULT: {"script":"<script> [1562 bytes]","args":[{"selector":{"controlType":"sap.m.GenericTile","properties":{"header":"Manage Resources"}},"wdio_ui5_key":"sapm.GenericTile{\"header\":\"Manage Resources\"}"}]}
RESULT: undefined
COMMAND: POST /session/d9610c833ec57c166d7422fa869fd077/element - {"using":"xpath","value":"//*[@id=\"__tile39\"]"}
RESULT: {"using":"xpath","value":"//*[@id=\"__tile39\"]"}
COMMAND: POST /session/d9610c833ec57c166d7422fa869fd077/element/f.4930A98DED63071A496B4A4D5B7A2D08.d.46DF84F6CD170C6A722D07788858F42F.e.2882/click - {}
RESULT: {}
COMMAND: GET /session/d9610c833ec57c166d7422fa869fd077/screenshot - {}
RESULT: {}
RESULT: undefined
RESULT: undefined
COMMAND: POST /session/d9610c833ec57c166d7422fa869fd077/element - {"using":"xpath","value":"//button[@data-kt=\"addNewRUOverflowToolbarButton\"]"}
RESULT: {"using":"xpath","value":"//button[@data-kt=\"addNewRUOverflowToolbarButton\"]"}
COMMAND: POST /session/d9610c833ec57c166d7422fa869fd077/element - {"using":"xpath","value":"//button[@data-kt=\"addNewRUOverflowToolbarButton\"]"}
RESULT: {"using":"xpath","value":"//button[@data-kt=\"addNewRUOverflowToolbarButton\"]"}
COMMAND: POST /session/d9610c833ec57c166d7422fa869fd077/execute/sync - {"script":"<script> [8489 bytes]","args":[{"element-6066-11e4-a52e-4f735466cecf":"f.4930A98DED63071A496B4A4D5B7A2D08.d.46DF84F6CD170C6A722D07788858F42F.e.2913","ELEMENT":"f.4930A98DED63071A496B4A4D5B7A2D08.d.46DF84F6CD170C6A722D07788858F42F.e.2913"}]}
RESULT: {"script":"<script> [8489 bytes]","args":[{"element-6066-11e4-a52e-4f735466cecf":"f.4930A98DED63071A496B4A4D5B7A2D08.d.46DF84F6CD170C6A722D07788858F42F.e.2913","ELEMENT":"f.4930A98DED63071A496B4A4D5B7A2D08.d.46DF84F6CD170C6A722D07788858F42F.e.2913"}]}
COMMAND: POST /session/d9610c833ec57c166d7422fa869fd077/element/f.4930A98DED63071A496B4A4D5B7A2D08.d.46DF84F6CD170C6A722D07788858F42F.e.2913/click - {}
COMMAND: GET /session/d9610c833ec57c166d7422fa869fd077/screenshot - {}
RESULT: {}
COMMAND: GET /session/d9610c833ec57c166d7422fa869fd077/screenshot - {}
RESULT: {}
COMMAND: POST /session/d9610c833ec57c166d7422fa869fd077/execute/async - {"script":"<script> [1562 bytes]","args":[{"selector":{"id":"application-manageresources-display-component---newResourceUnit--TYPE-arrow"},"wdio_ui5_key":"applicationmanageresources-display-component---newResourceUnit--TYPE-arrow"}]}
RESULT: {}
RESULT: {"script":"<script> [1562 bytes]","args":[{"selector":{"id":"application-manageresources-display-component---newResourceUnit--TYPE-arrow"},"wdio_ui5_key":"applicationmanageresources-display-component---newResourceUnit--TYPE-arrow"}]}
RESULT: undefined
COMMAND: POST /session/d9610c833ec57c166d7422fa869fd077/element - {"using":"xpath","value":"//*[@id=\"application-manageresources-display-component---newResourceUnit--TYPE-arrow\"]"}
RESULT: {"using":"xpath","value":"//*[@id=\"application-manageresources-display-component---newResourceUnit--TYPE-arrow\"]"}
COMMAND: POST /session/d9610c833ec57c166d7422fa869fd077/element/f.4930A98DED63071A496B4A4D5B7A2D08.d.46DF84F6CD170C6A722D07788858F42F.e.3233/click - {}
RESULT: {}
COMMAND: POST /session/d9610c833ec57c166d7422fa869fd077/execute/async - {"script":"<script> [1562 bytes]","args":[{"selector":{"controlType":"sap.m.StandardListItem","viewName":"reusables.view.manageresources.NewResourceUnit","viewId":"application-manageresources-display-component---newResourceUnit","properties":{"title":"Equipment"},"searchOpenDialogs":true,"interaction":{"idSuffix":"content"}},"wdio_ui5_key":"reusablesview.manageresources.NewResourceUnitsap.m.StandardListItem{\"title\":\"Equipment\"}"}]}
COMMAND: GET /session/d9610c833ec57c166d7422fa869fd077/screenshot - {}
RESULT: {"script":"<script> [1562 bytes]","args":[{"selector":{"controlType":"sap.m.StandardListItem","viewName":"reusables.view.manageresources.NewResourceUnit","viewId":"application-manageresources-display-component---newResourceUnit","properties":{"title":"Equipment"},"searchOpenDialogs":true,"interaction":{"idSuffix":"content"}},"wdio_ui5_key":"reusablesview.manageresources.NewResourceUnitsap.m.StandardListItem{\"title\":\"Equipment\"}"}]}
RESULT: undefined
COMMAND: POST /session/d9610c833ec57c166d7422fa869fd077/element - {"using":"xpath","value":"//*[@id=\"__item181\"]"}
RESULT: {}
RESULT: {"using":"xpath","value":"//*[@id=\"__item181\"]"}
COMMAND: POST /session/d9610c833ec57c166d7422fa869fd077/element/f.4930A98DED63071A496B4A4D5B7A2D08.d.46DF84F6CD170C6A722D07788858F42F.e.3236/click - {}
RESULT: {}
COMMAND: POST /session/d9610c833ec57c166d7422fa869fd077/execute/async - {"script":"<script> [1562 bytes]","args":[{"selector":{"id":"application-manageresources-display-component---newResourceUnit--resourceId","interaction":{"idSuffix":"inner"}},"wdio_ui5_key":"applicationmanageresources-display-component---newResourceUnit--resourceId"}]}
COMMAND: GET /session/d9610c833ec57c166d7422fa869fd077/screenshot - {}
RESULT: {"script":"<script> [1562 bytes]","args":[{"selector":{"id":"application-manageresources-display-component---newResourceUnit--resourceId","interaction":{"idSuffix":"inner"}},"wdio_ui5_key":"applicationmanageresources-display-component---newResourceUnit--resourceId"}]}
RESULT: undefined
COMMAND: POST /session/d9610c833ec57c166d7422fa869fd077/execute/async - {"script":"<script> [776 bytes]","args":[{"enterText":"WdIOIscEquipzzqq6i","selector":{"id":"application-manageresources-display-component---newResourceUnit--resourceId","interaction":{"idSuffix":"inner"}},"clearTextFirst":true,"interactionType":"ENTER_TEXT"}]}
RESULT: {}
RESULT: {"script":"<script> [776 bytes]","args":[{"enterText":"WdIOIscEquipzzqq6i","selector":{"id":"application-manageresources-display-component---newResourceUnit--resourceId","interaction":{"idSuffix":"inner"}},"clearTextFirst":true,"interactionType":"ENTER_TEXT"}]}
COMMAND: POST /session/d9610c833ec57c166d7422fa869fd077/execute/async - {"script":"<script> [1562 bytes]","args":[{"selector":{"id":"application-manageresources-display-component---newResourceUnit--SHORT_TEXT","interaction":{"idSuffix":"inner"}},"wdio_ui5_key":"applicationmanageresources-display-component---newResourceUnit--SHORT_TEXT"}]}
RESULT: {"script":"<script> [1562 bytes]","args":[{"selector":{"id":"application-manageresources-display-component---newResourceUnit--SHORT_TEXT","interaction":{"idSuffix":"inner"}},"wdio_ui5_key":"applicationmanageresources-display-component---newResourceUnit--SHORT_TEXT"}]}
RESULT: undefined
COMMAND: POST /session/d9610c833ec57c166d7422fa869fd077/execute/async - {"script":"<script> [776 bytes]","args":[{"enterText":"WdIOIscEquipzzqq6i","selector":{"id":"application-manageresources-display-component---newResourceUnit--SHORT_TEXT","interaction":{"idSuffix":"inner"}},"clearTextFirst":true,"interactionType":"ENTER_TEXT"}]}
RESULT: {"script":"<script> [776 bytes]","args":[{"enterText":"WdIOIscEquipzzqq6i","selector":{"id":"application-manageresources-display-component---newResourceUnit--SHORT_TEXT","interaction":{"idSuffix":"inner"}},"clearTextFirst":true,"interactionType":"ENTER_TEXT"}]}
COMMAND: POST /session/d9610c833ec57c166d7422fa869fd077/execute/async - {"script":"<script> [1562 bytes]","args":[{"selector":{"id":"application-manageresources-display-component---newResourceUnit--BASE_UNIT_OF_MEASURE","interaction":{"idSuffix":"inner"}},"wdio_ui5_key":"applicationmanageresources-display-component---newResourceUnit--BASE_UNIT_OF_MEASURE"}]}
RESULT: {"script":"<script> [1562 bytes]","args":[{"selector":{"id":"application-manageresources-display-component---newResourceUnit--BASE_UNIT_OF_MEASURE","interaction":{"idSuffix":"inner"}},"wdio_ui5_key":"applicationmanageresources-display-component---newResourceUnit--BASE_UNIT_OF_MEASURE"}]}
RESULT: undefined
COMMAND: POST /session/d9610c833ec57c166d7422fa869fd077/execute/async - {"script":"<script> [776 bytes]","args":[{"enterText":"Piece","selector":{"id":"application-manageresources-display-component---newResourceUnit--BASE_UNIT_OF_MEASURE","interaction":{"idSuffix":"inner"}},"clearTextFirst":true,"interactionType":"ENTER_TEXT"}]}
RESULT: {"script":"<script> [776 bytes]","args":[{"enterText":"Piece","selector":{"id":"application-manageresources-display-component---newResourceUnit--BASE_UNIT_OF_MEASURE","interaction":{"idSuffix":"inner"}},"clearTextFirst":true,"interactionType":"ENTER_TEXT"}]}
COMMAND: POST /session/d9610c833ec57c166d7422fa869fd077/execute/async - {"script":"<script> [1562 bytes]","args":[{"selector":{"id":"application-manageresources-display-component---newResourceUnit--WEIGHT_UNIT","interaction":{"idSuffix":"inner"}},"wdio_ui5_key":"applicationmanageresources-display-component---newResourceUnit--WEIGHT_UNIT"}]}
RESULT: {"script":"<script> [1562 bytes]","args":[{"selector":{"id":"application-manageresources-display-component---newResourceUnit--WEIGHT_UNIT","interaction":{"idSuffix":"inner"}},"wdio_ui5_key":"applicationmanageresources-display-component---newResourceUnit--WEIGHT_UNIT"}]}
RESULT: undefined
COMMAND: POST /session/d9610c833ec57c166d7422fa869fd077/execute/async - {"script":"<script> [776 bytes]","args":[{"enterText":"Gram","selector":{"id":"application-manageresources-display-component---newResourceUnit--WEIGHT_UNIT","interaction":{"idSuffix":"inner"}},"clearTextFirst":true,"interactionType":"ENTER_TEXT"}]}
RESULT: {"script":"<script> [776 bytes]","args":[{"enterText":"Gram","selector":{"id":"application-manageresources-display-component---newResourceUnit--WEIGHT_UNIT","interaction":{"idSuffix":"inner"}},"clearTextFirst":true,"interactionType":"ENTER_TEXT"}]}
COMMAND: POST /session/d9610c833ec57c166d7422fa869fd077/execute/async - {"script":"<script> [1562 bytes]","args":[{"selector":{"id":"application-manageresources-display-component---newResourceUnit--DIMENSION_UNIT","interaction":{"idSuffix":"inner"}},"wdio_ui5_key":"applicationmanageresources-display-component---newResourceUnit--DIMENSION_UNIT"}]}
RESULT: {"script":"<script> [1562 bytes]","args":[{"selector":{"id":"application-manageresources-display-component---newResourceUnit--DIMENSION_UNIT","interaction":{"idSuffix":"inner"}},"wdio_ui5_key":"applicationmanageresources-display-component---newResourceUnit--DIMENSION_UNIT"}]}
RESULT: undefined
COMMAND: POST /session/d9610c833ec57c166d7422fa869fd077/execute/async - {"script":"<script> [776 bytes]","args":[{"enterText":"Meter","selector":{"id":"application-manageresources-display-component---newResourceUnit--DIMENSION_UNIT","interaction":{"idSuffix":"inner"}},"clearTextFirst":true,"interactionType":"ENTER_TEXT"}]}
RESULT: {"script":"<script> [776 bytes]","args":[{"enterText":"Meter","selector":{"id":"application-manageresources-display-component---newResourceUnit--DIMENSION_UNIT","interaction":{"idSuffix":"inner"}},"clearTextFirst":true,"interactionType":"ENTER_TEXT"}]}
COMMAND: POST /session/d9610c833ec57c166d7422fa869fd077/execute/async - {"script":"<script> [1562 bytes]","args":[{"selector":{"id":"application-manageresources-display-component---newResourceUnit--newRRUPage-anchBar-application-manageresources-display-component---newResourceUnit--control-anchor","interaction":{"idSuffix":"BDI-content"}},"wdio_ui5_key":"applicationmanageresources-display-component---newResourceUnit--newRRUPage-anchBar-application-manageresources-display-component---newResourceUnit--control-anchor"}]}
RESULT: {"script":"<script> [1562 bytes]","args":[{"selector":{"id":"application-manageresources-display-component---newResourceUnit--newRRUPage-anchBar-application-manageresources-display-component---newResourceUnit--control-anchor","interaction":{"idSuffix":"BDI-content"}},"wdio_ui5_key":"applicationmanageresources-display-component---newResourceUnit--newRRUPage-anchBar-application-manageresources-display-component---newResourceUnit--control-anchor"}]}
RESULT: undefined
COMMAND: POST /session/d9610c833ec57c166d7422fa869fd077/element - {"using":"xpath","value":"//*[@id=\"application-manageresources-display-component---newResourceUnit--newRRUPage-anchBar-application-manageresources-display-component---newResourceUnit--control-anchor\"]"}
RESULT: {"using":"xpath","value":"//*[@id=\"application-manageresources-display-component---newResourceUnit--newRRUPage-anchBar-application-manageresources-display-component---newResourceUnit--control-anchor\"]"}
COMMAND: POST /session/d9610c833ec57c166d7422fa869fd077/element/f.4930A98DED63071A496B4A4D5B7A2D08.d.46DF84F6CD170C6A722D07788858F42F.e.3370/click - {}
RESULT: {}
COMMAND: POST /session/d9610c833ec57c166d7422fa869fd077/execute/async - {"script":"<script> [1562 bytes]","args":[{"selector":{"id":"application-manageresources-display-component---newResourceUnit--PLANNING_GROUP","interaction":{"idSuffix":"inner"}},"wdio_ui5_key":"applicationmanageresources-display-component---newResourceUnit--PLANNING_GROUP"}]}
COMMAND: GET /session/d9610c833ec57c166d7422fa869fd077/screenshot - {}
RESULT: {"script":"<script> [1562 bytes]","args":[{"selector":{"id":"application-manageresources-display-component---newResourceUnit--PLANNING_GROUP","interaction":{"idSuffix":"inner"}},"wdio_ui5_key":"applicationmanageresources-display-component---newResourceUnit--PLANNING_GROUP"}]}
RESULT: undefined
COMMAND: POST /session/d9610c833ec57c166d7422fa869fd077/execute/async - {"script":"<script> [776 bytes]","args":[{"enterText":"Heavy Equi","selector":{"id":"application-manageresources-display-component---newResourceUnit--PLANNING_GROUP","interaction":{"idSuffix":"inner"}},"clearTextFirst":true,"interactionType":"ENTER_TEXT"}]}
RESULT: {}
RESULT: {"script":"<script> [776 bytes]","args":[{"enterText":"Heavy Equi","selector":{"id":"application-manageresources-display-component---newResourceUnit--PLANNING_GROUP","interaction":{"idSuffix":"inner"}},"clearTextFirst":true,"interactionType":"ENTER_TEXT"}]}
COMMAND: POST /session/d9610c833ec57c166d7422fa869fd077/execute/async - {"script":"<script> [1562 bytes]","args":[{"selector":{"id":"application-manageresources-display-component---newResourceUnit--ITEM_TYPE-arrow"},"wdio_ui5_key":"applicationmanageresources-display-component---newResourceUnit--ITEM_TYPE-arrow"}]}
RESULT: {"script":"<script> [1562 bytes]","args":[{"selector":{"id":"application-manageresources-display-component---newResourceUnit--ITEM_TYPE-arrow"},"wdio_ui5_key":"applicationmanageresources-display-component---newResourceUnit--ITEM_TYPE-arrow"}]}
RESULT: undefined
COMMAND: POST /session/d9610c833ec57c166d7422fa869fd077/element - {"using":"xpath","value":"//*[@id=\"application-manageresources-display-component---newResourceUnit--ITEM_TYPE-arrow\"]"}
RESULT: {"using":"xpath","value":"//*[@id=\"application-manageresources-display-component---newResourceUnit--ITEM_TYPE-arrow\"]"}
COMMAND: POST /session/d9610c833ec57c166d7422fa869fd077/element/f.4930A98DED63071A496B4A4D5B7A2D08.d.46DF84F6CD170C6A722D07788858F42F.e.3377/click - {}
RESULT: {}
COMMAND: POST /session/d9610c833ec57c166d7422fa869fd077/execute/async - {"script":"<script> [1562 bytes]","args":[{"selector":{"controlType":"sap.m.StandardListItem","viewName":"reusables.view.manageresources.NewResourceUnit","viewId":"application-manageresources-display-component---newResourceUnit","properties":{"title":"Resource Unit"},"searchOpenDialogs":true,"interaction":{"idSuffix":"titleText"}},"wdio_ui5_key":"reusablesview.manageresources.NewResourceUnitsap.m.StandardListItem{\"title\":\"Resource Unit\"}"}]}
COMMAND: GET /session/d9610c833ec57c166d7422fa869fd077/screenshot - {}
RESULT: {"script":"<script> [1562 bytes]","args":[{"selector":{"controlType":"sap.m.StandardListItem","viewName":"reusables.view.manageresources.NewResourceUnit","viewId":"application-manageresources-display-component---newResourceUnit","properties":{"title":"Resource Unit"},"searchOpenDialogs":true,"interaction":{"idSuffix":"titleText"}},"wdio_ui5_key":"reusablesview.manageresources.NewResourceUnitsap.m.StandardListItem{\"title\":\"Resource Unit\"}"}]}
RESULT: undefined
COMMAND: POST /session/d9610c833ec57c166d7422fa869fd077/element - {"using":"xpath","value":"//*[@id=\"__item250\"]"}
RESULT: {}
RESULT: {"using":"xpath","value":"//*[@id=\"__item250\"]"}
COMMAND: POST /session/d9610c833ec57c166d7422fa869fd077/element/f.4930A98DED63071A496B4A4D5B7A2D08.d.46DF84F6CD170C6A722D07788858F42F.e.3379/click - {}
RESULT: {}
COMMAND: POST /session/d9610c833ec57c166d7422fa869fd077/element - {"using":"xpath","value":"//bdi[contains(text(), \"Time Segment\")]"}
COMMAND: GET /session/d9610c833ec57c166d7422fa869fd077/screenshot - {}
RESULT: {"using":"xpath","value":"//bdi[contains(text(), \"Time Segment\")]"}
COMMAND: GET /session/d9610c833ec57c166d7422fa869fd077/element/f.4930A98DED63071A496B4A4D5B7A2D08.d.46DF84F6CD170C6A722D07788858F42F.e.3380/rect - {}
RESULT: {}
RESULT: {}
COMMAND: GET /session/d9610c833ec57c166d7422fa869fd077/window/rect - {}
RESULT: {}
COMMAND: POST /session/d9610c833ec57c166d7422fa869fd077/execute/sync - {"script":"<script> [92 bytes]","args":[]}
RESULT: {"script":"<script> [92 bytes]","args":[]}
COMMAND: POST /session/d9610c833ec57c166d7422fa869fd077/actions - {"actions":[{"id":"action4","type":"wheel","parameters":{},"actions":[{"type":"scroll","x":-1820,"y":-21,"deltaX":0,"deltaY":0,"duration":0,"origin":{"element-6066-11e4-a52e-4f735466cecf":"f.4930A98DED63071A496B4A4D5B7A2D08.d.46DF84F6CD170C6A722D07788858F42F.e.3380"}}]}]}
COMMAND: GET /session/d9610c833ec57c166d7422fa869fd077/screenshot - {}
RESULT: {}
COMMAND: POST /session/d9610c833ec57c166d7422fa869fd077/execute/sync - {"script":"<script> [79 bytes]","args":[{"element-6066-11e4-a52e-4f735466cecf":"f.4930A98DED63071A496B4A4D5B7A2D08.d.46DF84F6CD170C6A722D07788858F42F.e.3380","ELEMENT":"f.4930A98DED63071A496B4A4D5B7A2D08.d.46DF84F6CD170C6A722D07788858F42F.e.3380"},{"block":"start","inline":"nearest"}]}
RESULT: {"script":"<script> [79 bytes]","args":[{"element-6066-11e4-a52e-4f735466cecf":"f.4930A98DED63071A496B4A4D5B7A2D08.d.46DF84F6CD170C6A722D07788858F42F.e.3380","ELEMENT":"f.4930A98DED63071A496B4A4D5B7A2D08.d.46DF84F6CD170C6A722D07788858F42F.e.3380"},{"block":"start","inline":"nearest"}]}
COMMAND: POST /session/d9610c833ec57c166d7422fa869fd077/execute/async - {"script":"<script> [1562 bytes]","args":[{"selector":{"id":"application-manageresources-display-component---newResourceUnit--btnAddTimeSegment-img"},"wdio_ui5_key":"applicationmanageresources-display-component---newResourceUnit--btnAddTimeSegment-img"}]}
COMMAND: GET /session/d9610c833ec57c166d7422fa869fd077/screenshot - {}
RESULT: {"script":"<script> [1562 bytes]","args":[{"selector":{"id":"application-manageresources-display-component---newResourceUnit--btnAddTimeSegment-img"},"wdio_ui5_key":"applicationmanageresources-display-component---newResourceUnit--btnAddTimeSegment-img"}]}
RESULT: undefined
COMMAND: POST /session/d9610c833ec57c166d7422fa869fd077/element - {"using":"xpath","value":"//*[@id=\"application-manageresources-display-component---newResourceUnit--btnAddTimeSegment-img\"]"}
RESULT: {}
RESULT: {"using":"xpath","value":"//*[@id=\"application-manageresources-display-component---newResourceUnit--btnAddTimeSegment-img\"]"}
COMMAND: POST /session/d9610c833ec57c166d7422fa869fd077/element/f.4930A98DED63071A496B4A4D5B7A2D08.d.46DF84F6CD170C6A722D07788858F42F.e.3381/click - {}
RESULT: {}
COMMAND: GET /session/d9610c833ec57c166d7422fa869fd077/screenshot - {}
RESULT: {}
COMMAND: POST /session/d9610c833ec57c166d7422fa869fd077/element - {"using":"xpath","value":"//input[@id=\"application-manageresources-display-component---newResourceUnit--idRuTSAdmin-application-manageresources-display-component---newResourceUnit--RUTimeSegment-0-inner\"]"}
RESULT: {"using":"xpath","value":"//input[@id=\"application-manageresources-display-component---newResourceUnit--idRuTSAdmin-application-manageresources-display-component---newResourceUnit--RUTimeSegment-0-inner\"]"}
COMMAND: POST /session/d9610c833ec57c166d7422fa869fd077/element/f.4930A98DED63071A496B4A4D5B7A2D08.d.46DF84F6CD170C6A722D07788858F42F.e.3387/clear - {}
RESULT: {}
COMMAND: POST /session/d9610c833ec57c166d7422fa869fd077/element/f.4930A98DED63071A496B4A4D5B7A2D08.d.46DF84F6CD170C6A722D07788858F42F.e.3387/value - {"text":"webdriveryard"}
COMMAND: GET /session/d9610c833ec57c166d7422fa869fd077/screenshot - {}
RESULT: {"text":"webdriveryard"}
COMMAND: GET /session/d9610c833ec57c166d7422fa869fd077/screenshot - {}
RESULT: {}
RESULT: {}
COMMAND: POST /session/d9610c833ec57c166d7422fa869fd077/actions - {"actions":[{"id":"action5","type":"key","parameters":{},"actions":[{"type":"keyDown","value":""},{"type":"pause","duration":10},{"type":"keyUp","value":""}]}]}
RESULT: {"actions":[{"id":"action5","type":"key","parameters":{},"actions":[{"type":"keyDown","value":""},{"type":"pause","duration":10},{"type":"keyUp","value":""}]}]}
COMMAND: POST /session/d9610c833ec57c166d7422fa869fd077/execute/async - {"script":"<script> [1562 bytes]","args":[{"selector":{"controlType":"sap.ui.core.Icon","viewName":"reusables.view.manageresources.NewResourceUnit","viewId":"application-manageresources-display-component---newResourceUnit","properties":{"src":{"regex":{"source":"slim\\-arrow\\-down"}}},"ancestor":{"controlType":"sap.m.ComboBox","viewName":"reusables.view.manageresources.NewResourceUnit","viewId":"application-manageresources-display-component---newResourceUnit","bindingPath":{"path":"/RESOURCE_UNIT_TIME_SEQUENCES/0","propertyPath":"COST_OBJECT_ADMIN_CST_TYPE","modelName":"oNewRruModel"}}},"wdio_ui5_key":"reusablesview.manageresources.NewResourceUnitsap.ui.core.Icon{\"src\":{\"regex\":{\"source\":\"slim\\\\-arrow\\\\-down\"}}}{\"controlType\":\"sap.m.ComboBox\",\"viewName\":\"reusables.view.manageresources.NewResourceUnit\",\"viewId\":\"application-manageresources-display-component---newResourceUnit\",\"bindingPath\":{\"path\":\"/RESOURCE_UNIT_TIME_SEQUENCES/0\",\"propertyPath\":\"COST_OBJECT_ADMIN_CST_TYPE\",\"modelName\":\"oNewRruModel\"}}"}]}
COMMAND: GET /session/d9610c833ec57c166d7422fa869fd077/screenshot - {}
RESULT: {"script":"<script> [1562 bytes]","args":[{"selector":{"controlType":"sap.ui.core.Icon","viewName":"reusables.view.manageresources.NewResourceUnit","viewId":"application-manageresources-display-component---newResourceUnit","properties":{"src":{"regex":{"source":"slim\\-arrow\\-down"}}},"ancestor":{"controlType":"sap.m.ComboBox","viewName":"reusables.view.manageresources.NewResourceUnit","viewId":"application-manageresources-display-component---newResourceUnit","bindingPath":{"path":"/RESOURCE_UNIT_TIME_SEQUENCES/0","propertyPath":"COST_OBJECT_ADMIN_CST_TYPE","modelName":"oNewRruModel"}}},"wdio_ui5_key":"reusablesview.manageresources.NewResourceUnitsap.ui.core.Icon{\"src\":{\"regex\":{\"source\":\"slim\\\\-arrow\\\\-down\"}}}{\"controlType\":\"sap.m.ComboBox\",\"viewName\":\"reusables.view.manageresources.NewResourceUnit\",\"viewId\":\"application-manageresources-display-component---newResourceUnit\",\"bindingPath\":{\"path\":\"/RESOURCE_UNIT_TIME_SEQUENCES/0\",\"propertyPath\":\"COST_OBJECT_ADMIN_CST_TYPE\",\"modelName\":\"oNewRruModel\"}}"}]}
RESULT: undefined
COMMAND: POST /session/d9610c833ec57c166d7422fa869fd077/element - {"using":"xpath","value":"//*[@id=\"__box13-application-manageresources-display-component---newResourceUnit--RUTimeSegment-0-arrow\"]"}
RESULT: {}
RESULT: {"using":"xpath","value":"//*[@id=\"__box13-application-manageresources-display-component---newResourceUnit--RUTimeSegment-0-arrow\"]"}
COMMAND: POST /session/d9610c833ec57c166d7422fa869fd077/element/f.4930A98DED63071A496B4A4D5B7A2D08.d.46DF84F6CD170C6A722D07788858F42F.e.3401/click - {}
RESULT: {}
COMMAND: POST /session/d9610c833ec57c166d7422fa869fd077/execute/async - {"script":"<script> [1562 bytes]","args":[{"selector":{"controlType":"sap.m.StandardListItem","viewName":"reusables.view.manageresources.NewResourceUnit","viewId":"application-manageresources-display-component---newResourceUnit","properties":{"title":"PM Order"},"searchOpenDialogs":true,"interaction":{"idSuffix":"titleText"}},"wdio_ui5_key":"reusablesview.manageresources.NewResourceUnitsap.m.StandardListItem{\"title\":\"PM Order\"}"}]}
COMMAND: GET /session/d9610c833ec57c166d7422fa869fd077/screenshot - {}
RESULT: {}
RESULT: {"script":"<script> [1562 bytes]","args":[{"selector":{"controlType":"sap.m.StandardListItem","viewName":"reusables.view.manageresources.NewResourceUnit","viewId":"application-manageresources-display-component---newResourceUnit","properties":{"title":"PM Order"},"searchOpenDialogs":true,"interaction":{"idSuffix":"titleText"}},"wdio_ui5_key":"reusablesview.manageresources.NewResourceUnitsap.m.StandardListItem{\"title\":\"PM Order\"}"}]}
RESULT: undefined
COMMAND: POST /session/d9610c833ec57c166d7422fa869fd077/element - {"using":"xpath","value":"//*[@id=\"__item640\"]"}
RESULT: {"using":"xpath","value":"//*[@id=\"__item640\"]"}
COMMAND: POST /session/d9610c833ec57c166d7422fa869fd077/element/f.4930A98DED63071A496B4A4D5B7A2D08.d.46DF84F6CD170C6A722D07788858F42F.e.3405/click - {}
RESULT: {}
COMMAND: POST /session/d9610c833ec57c166d7422fa869fd077/element - {"using":"xpath","value":"(//input[contains(@id ,\"-application-manageresources-display-component---newResourceUnit--RUTimeSegment-0-inner\")])[8]"}
COMMAND: GET /session/d9610c833ec57c166d7422fa869fd077/screenshot - {}
RESULT: {"using":"xpath","value":"(//input[contains(@id ,\"-application-manageresources-display-component---newResourceUnit--RUTimeSegment-0-inner\")])[8]"}
COMMAND: POST /session/d9610c833ec57c166d7422fa869fd077/element/f.4930A98DED63071A496B4A4D5B7A2D08.d.46DF84F6CD170C6A722D07788858F42F.e.3393/clear - {}
RESULT: {}
RESULT: {}
COMMAND: POST /session/d9610c833ec57c166d7422fa869fd077/element/f.4930A98DED63071A496B4A4D5B7A2D08.d.46DF84F6CD170C6A722D07788858F42F.e.3393/value - {"text":"4000360"}
COMMAND: GET /session/d9610c833ec57c166d7422fa869fd077/screenshot - {}
RESULT: {}
COMMAND: POST /session/d9610c833ec57c166d7422fa869fd077/element - {"using":"xpath","value":"(//input[contains(@id ,\"-application-manageresources-display-component---newResourceUnit--RUTimeSegment-0-inner\")])[8]"}
RESULT: {"using":"xpath","value":"(//input[contains(@id ,\"-application-manageresources-display-component---newResourceUnit--RUTimeSegment-0-inner\")])[8]"}
COMMAND: POST /session/d9610c833ec57c166d7422fa869fd077/element/f.4930A98DED63071A496B4A4D5B7A2D08.d.46DF84F6CD170C6A722D07788858F42F.e.3393/value - {"text":"4000360"}
COMMAND: POST /session/d9610c833ec57c166d7422fa869fd077/element - {"using":"xpath","value":"(//input[contains(@id ,\"-application-manageresources-display-component---newResourceUnit--RUTimeSegment-0-inner\")])[8]"}
RESULT: {"using":"xpath","value":"(//input[contains(@id ,\"-application-manageresources-display-component---newResourceUnit--RUTimeSegment-0-inner\")])[8]"}
COMMAND: POST /session/d9610c833ec57c166d7422fa869fd077/element/f.4930A98DED63071A496B4A4D5B7A2D08.d.46DF84F6CD170C6A722D07788858F42F.e.3409/value - {"text":"4000360"}
RESULT: {"text":"4000360"}
COMMAND: GET /session/d9610c833ec57c166d7422fa869fd077/screenshot - {}
RESULT: {}
COMMAND: POST /session/d9610c833ec57c166d7422fa869fd077/actions - {"actions":[{"id":"action6","type":"key","parameters":{},"actions":[{"type":"keyDown","value":""},{"type":"pause","duration":10},{"type":"keyUp","value":""}]}]}
RESULT: {"actions":[{"id":"action6","type":"key","parameters":{},"actions":[{"type":"keyDown","value":""},{"type":"pause","duration":10},{"type":"keyUp","value":""}]}]}
COMMAND: GET /session/d9610c833ec57c166d7422fa869fd077/screenshot - {}
RESULT: {}
COMMAND: POST /session/d9610c833ec57c166d7422fa869fd077/execute/async - {"script":"<script> [1562 bytes]","args":[{"selector":{"id":"application-manageresources-display-component---newResourceUnit--newTimeSegmentDateRangePicker-application-manageresources-display-component---newResourceUnit--RUTimeSegment-0","interaction":{"idSuffix":"inner"}},"wdio_ui5_key":"applicationmanageresources-display-component---newResourceUnit--newTimeSegmentDateRangePicker-application-manageresources-display-component---newResourceUnit--RUTimeSegment-0"}]}
RESULT: {"script":"<script> [1562 bytes]","args":[{"selector":{"id":"application-manageresources-display-component---newResourceUnit--newTimeSegmentDateRangePicker-application-manageresources-display-component---newResourceUnit--RUTimeSegment-0","interaction":{"idSuffix":"inner"}},"wdio_ui5_key":"applicationmanageresources-display-component---newResourceUnit--newTimeSegmentDateRangePicker-application-manageresources-display-component---newResourceUnit--RUTimeSegment-0"}]}
RESULT: undefined
COMMAND: POST /session/d9610c833ec57c166d7422fa869fd077/execute/async - {"script":"<script> [1562 bytes]","args":[{"selector":{"id":"application-manageresources-display-component---newResourceUnit--newRRUPage-anchBar-application-manageresources-display-component---newResourceUnit--resource-anchor","interaction":{"idSuffix":"BDI-content"}},"wdio_ui5_key":"applicationmanageresources-display-component---newResourceUnit--newRRUPage-anchBar-application-manageresources-display-component---newResourceUnit--resource-anchor"}]}
RESULT: {"script":"<script> [1562 bytes]","args":[{"selector":{"id":"application-manageresources-display-component---newResourceUnit--newRRUPage-anchBar-application-manageresources-display-component---newResourceUnit--resource-anchor","interaction":{"idSuffix":"BDI-content"}},"wdio_ui5_key":"applicationmanageresources-display-component---newResourceUnit--newRRUPage-anchBar-application-manageresources-display-component---newResourceUnit--resource-anchor"}]}
RESULT: undefined
COMMAND: POST /session/d9610c833ec57c166d7422fa869fd077/element - {"using":"xpath","value":"//*[@id=\"application-manageresources-display-component---newResourceUnit--newRRUPage-anchBar-application-manageresources-display-component---newResourceUnit--resource-anchor\"]"}
RESULT: {"using":"xpath","value":"//*[@id=\"application-manageresources-display-component---newResourceUnit--newRRUPage-anchBar-application-manageresources-display-component---newResourceUnit--resource-anchor\"]"}
COMMAND: POST /session/d9610c833ec57c166d7422fa869fd077/element/f.4930A98DED63071A496B4A4D5B7A2D08.d.46DF84F6CD170C6A722D07788858F42F.e.3427/click - {}
RESULT: {}
COMMAND: POST /session/d9610c833ec57c166d7422fa869fd077/execute/async - {"script":"<script> [1562 bytes]","args":[{"selector":{"id":"application-manageresources-display-component---newResourceUnit--PLANNED_DELIVERY_DATE","interaction":{"idSuffix":"inner"}},"wdio_ui5_key":"applicationmanageresources-display-component---newResourceUnit--PLANNED_DELIVERY_DATE"}]}
COMMAND: GET /session/d9610c833ec57c166d7422fa869fd077/screenshot - {}
RESULT: {"script":"<script> [1562 bytes]","args":[{"selector":{"id":"application-manageresources-display-component---newResourceUnit--PLANNED_DELIVERY_DATE","interaction":{"idSuffix":"inner"}},"wdio_ui5_key":"applicationmanageresources-display-component---newResourceUnit--PLANNED_DELIVERY_DATE"}]}
RESULT: undefined
COMMAND: POST /session/d9610c833ec57c166d7422fa869fd077/execute/async - {"script":"<script> [6424 bytes]","args":[{"element-6066-11e4-a52e-4f735466cecf":"f.4930A98DED63071A496B4A4D5B7A2D08.d.46DF84F6CD170C6A722D07788858F42F.e.3290"},"setValue",["05/27/24"]]}
RESULT: {}
RESULT: {"script":"<script> [6424 bytes]","args":[{"element-6066-11e4-a52e-4f735466cecf":"f.4930A98DED63071A496B4A4D5B7A2D08.d.46DF84F6CD170C6A722D07788858F42F.e.3290"},"setValue",["05/27/24"]]}
COMMAND: POST /session/d9610c833ec57c166d7422fa869fd077/execute/async - {"script":"<script> [1562 bytes]","args":[{"selector":{"id":"application-manageresources-display-component---newResourceUnit--RETIRE_PLANNED_DATE","interaction":{"idSuffix":"inner"}},"wdio_ui5_key":"applicationmanageresources-display-component---newResourceUnit--RETIRE_PLANNED_DATE"}]}
RESULT: {"script":"<script> [1562 bytes]","args":[{"selector":{"id":"application-manageresources-display-component---newResourceUnit--RETIRE_PLANNED_DATE","interaction":{"idSuffix":"inner"}},"wdio_ui5_key":"applicationmanageresources-display-component---newResourceUnit--RETIRE_PLANNED_DATE"}]}
RESULT: undefined
COMMAND: POST /session/d9610c833ec57c166d7422fa869fd077/execute/async - {"script":"<script> [776 bytes]","args":[{"enterText":"3/14/29","selector":{"id":"application-manageresources-display-component---newResourceUnit--RETIRE_PLANNED_DATE","interaction":{"idSuffix":"inner"}},"clearTextFirst":true,"interactionType":"ENTER_TEXT"}]}
RESULT: {"script":"<script> [776 bytes]","args":[{"enterText":"3/14/29","selector":{"id":"application-manageresources-display-component---newResourceUnit--RETIRE_PLANNED_DATE","interaction":{"idSuffix":"inner"}},"clearTextFirst":true,"interactionType":"ENTER_TEXT"}]}
COMMAND: POST /session/d9610c833ec57c166d7422fa869fd077/execute/async - {"script":"<script> [1562 bytes]","args":[{"selector":{"controlType":"sap.m.Button","viewName":"reusables.view.manageresources.NewResourceUnit","viewId":"application-manageresources-display-component---newResourceUnit","i18NText":{"propertyName":"tooltip","key":"save"},"interaction":{"idSuffix":"BDI-content"}},"wdio_ui5_key":"reusablesview.manageresources.NewResourceUnitsap.m.Button{\"propertyName\":\"tooltip\",\"key\":\"save\"}"}]}
RESULT: {"script":"<script> [1562 bytes]","args":[{"selector":{"controlType":"sap.m.Button","viewName":"reusables.view.manageresources.NewResourceUnit","viewId":"application-manageresources-display-component---newResourceUnit","i18NText":{"propertyName":"tooltip","key":"save"},"interaction":{"idSuffix":"BDI-content"}},"wdio_ui5_key":"reusablesview.manageresources.NewResourceUnitsap.m.Button{\"propertyName\":\"tooltip\",\"key\":\"save\"}"}]}
RESULT: undefined
COMMAND: POST /session/d9610c833ec57c166d7422fa869fd077/element - {"using":"xpath","value":"//*[@id=\"application-manageresources-display-component---newResourceUnit--createRuButton\"]"}
RESULT: {"using":"xpath","value":"//*[@id=\"application-manageresources-display-component---newResourceUnit--createRuButton\"]"}
COMMAND: POST /session/d9610c833ec57c166d7422fa869fd077/element/f.4930A98DED63071A496B4A4D5B7A2D08.d.46DF84F6CD170C6A722D07788858F42F.e.3250/click - {}
RESULT: {}
COMMAND: GET /session/d9610c833ec57c166d7422fa869fd077/screenshot - {}
RESULT: {}
COMMAND: POST /session/d9610c833ec57c166d7422fa869fd077/execute/async - {"script":"<script> [1562 bytes]","args":[{"selector":{"controlType":"sap.m.Button","properties":{"text":"Close"},"searchOpenDialogs":true,"interaction":{"idSuffix":"inner"}},"wdio_ui5_key":"sapm.Button{\"text\":\"Close\"}"}]}
RESULT: {"script":"<script> [1562 bytes]","args":[{"selector":{"controlType":"sap.m.Button","properties":{"text":"Close"},"searchOpenDialogs":true,"interaction":{"idSuffix":"inner"}},"wdio_ui5_key":"sapm.Button{\"text\":\"Close\"}"}]}
RESULT: undefined
COMMAND: POST /session/d9610c833ec57c166d7422fa869fd077/element - {"using":"xpath","value":"//*[@id=\"__mbox-btn-0\"]"}
RESULT: {"using":"xpath","value":"//*[@id=\"__mbox-btn-0\"]"}
COMMAND: POST /session/d9610c833ec57c166d7422fa869fd077/element/f.4930A98DED63071A496B4A4D5B7A2D08.d.46DF84F6CD170C6A722D07788858F42F.e.3435/click - {}
RESULT: {}
COMMAND: GET /session/d9610c833ec57c166d7422fa869fd077/screenshot - {}
COMMAND: POST /session/d9610c833ec57c166d7422fa869fd077/execute/async - {"script":"<script> [1562 bytes]","args":[{"selector":{"controlType":"sap.m.Text","viewName":"etm.portal.ui.manageresources.view.Detail","viewId":"application-manageresources-display-component---detailRU","bindingPath":{"propertyPath":"ID","modelName":"catalogModel"}},"wdio_ui5_key":"etmportal.ui.manageresources.view.Detailsap.m.Text{\"propertyPath\":\"ID\",\"modelName\":\"catalogModel\"}"}]}
RESULT: {}
RESULT: {"script":"<script> [1562 bytes]","args":[{"selector":{"controlType":"sap.m.Text","viewName":"etm.portal.ui.manageresources.view.Detail","viewId":"application-manageresources-display-component---detailRU","bindingPath":{"propertyPath":"ID","modelName":"catalogModel"}},"wdio_ui5_key":"etmportal.ui.manageresources.view.Detailsap.m.Text{\"propertyPath\":\"ID\",\"modelName\":\"catalogModel\"}"}]}
RESULT: undefined
COMMAND: POST /session/d9610c833ec57c166d7422fa869fd077/execute/async - {"script":"<script> [6424 bytes]","args":[{"element-6066-11e4-a52e-4f735466cecf":"f.4930A98DED63071A496B4A4D5B7A2D08.d.46DF84F6CD170C6A722D07788858F42F.e.3472"},"getText",[]]}
RESULT: {"script":"<script> [6424 bytes]","args":[{"element-6066-11e4-a52e-4f735466cecf":"f.4930A98DED63071A496B4A4D5B7A2D08.d.46DF84F6CD170C6A722D07788858F42F.e.3472"},"getText",[]]}
COMMAND: POST /session/d9610c833ec57c166d7422fa869fd077/element - {"using":"css selector","value":"#shell-header-logo"}
RESULT: {"using":"css selector","value":"#shell-header-logo"}
COMMAND: POST /session/d9610c833ec57c166d7422fa869fd077/element/f.4930A98DED63071A496B4A4D5B7A2D08.d.46DF84F6CD170C6A722D07788858F42F.e.2881/click - {}
RESULT: {}
COMMAND: GET /session/d9610c833ec57c166d7422fa869fd077/screenshot - {}
RESULT: {}
]]></system-out>
    </testcase>
    <testcase classname="chrome.135_0_7049_42.windows.Create_and_verify_Order_using_template_US151480" name="Should create a ISC order with template then verify the resource compliance status" time="105.596">
      <system-out><![CDATA[
RESULT: undefined
COMMAND: POST /session/d9610c833ec57c166d7422fa869fd077/element - {"using":"xpath","value":"//*[@id=\"__tile108\"]"}
RESULT: {"using":"xpath","value":"//*[@id=\"__tile108\"]"}
COMMAND: POST /session/d9610c833ec57c166d7422fa869fd077/element/f.4930A98DED63071A496B4A4D5B7A2D08.d.46DF84F6CD170C6A722D07788858F42F.e.2705/click - {}
RESULT: {}
COMMAND: GET /session/d9610c833ec57c166d7422fa869fd077/screenshot - {}
RESULT: {}
COMMAND: POST /session/d9610c833ec57c166d7422fa869fd077/execute/async - {"script":"<script> [1562 bytes]","args":[{"selector":{"id":"application-iscorders-display-component---orderList--addOrder-img"},"wdio_ui5_key":"applicationiscorders-display-component---orderList--addOrder-img"}]}
RESULT: {"script":"<script> [1562 bytes]","args":[{"selector":{"id":"application-iscorders-display-component---orderList--addOrder-img"},"wdio_ui5_key":"applicationiscorders-display-component---orderList--addOrder-img"}]}
RESULT: undefined
COMMAND: POST /session/d9610c833ec57c166d7422fa869fd077/element - {"using":"xpath","value":"//*[@id=\"application-iscorders-display-component---orderList--addOrder-img\"]"}
RESULT: {"using":"xpath","value":"//*[@id=\"application-iscorders-display-component---orderList--addOrder-img\"]"}
COMMAND: POST /session/d9610c833ec57c166d7422fa869fd077/element/f.4930A98DED63071A496B4A4D5B7A2D08.d.46DF84F6CD170C6A722D07788858F42F.e.3521/click - {}
RESULT: {}
COMMAND: GET /session/d9610c833ec57c166d7422fa869fd077/screenshot - {}
RESULT: {}
COMMAND: POST /session/d9610c833ec57c166d7422fa869fd077/execute/async - {"script":"<script> [1562 bytes]","args":[{"selector":{"id":"application-iscorders-display-component---createOrder--resourceValue-vhi"},"wdio_ui5_key":"applicationiscorders-display-component---createOrder--resourceValue-vhi"}]}
RESULT: {"script":"<script> [1562 bytes]","args":[{"selector":{"id":"application-iscorders-display-component---createOrder--resourceValue-vhi"},"wdio_ui5_key":"applicationiscorders-display-component---createOrder--resourceValue-vhi"}]}
RESULT: undefined
COMMAND: POST /session/d9610c833ec57c166d7422fa869fd077/element - {"using":"xpath","value":"//*[@id=\"application-iscorders-display-component---createOrder--resourceValue-vhi\"]"}
RESULT: {"using":"xpath","value":"//*[@id=\"application-iscorders-display-component---createOrder--resourceValue-vhi\"]"}
COMMAND: POST /session/d9610c833ec57c166d7422fa869fd077/element/f.4930A98DED63071A496B4A4D5B7A2D08.d.46DF84F6CD170C6A722D07788858F42F.e.3914/click - {}
RESULT: {}
COMMAND: GET /session/d9610c833ec57c166d7422fa869fd077/screenshot - {}
RESULT: {}
COMMAND: POST /session/d9610c833ec57c166d7422fa869fd077/element - {"using":"xpath","value":"//input[contains(@id ,\"application-iscorders-display-component---createOrder--smartFilterBar-btnBasicSearch-I\")]"}
RESULT: {"using":"xpath","value":"//input[contains(@id ,\"application-iscorders-display-component---createOrder--smartFilterBar-btnBasicSearch-I\")]"}
COMMAND: POST /session/d9610c833ec57c166d7422fa869fd077/element/f.4930A98DED63071A496B4A4D5B7A2D08.d.46DF84F6CD170C6A722D07788858F42F.e.3917/clear - {}
RESULT: {}
COMMAND: POST /session/d9610c833ec57c166d7422fa869fd077/element/f.4930A98DED63071A496B4A4D5B7A2D08.d.46DF84F6CD170C6A722D07788858F42F.e.3917/value - {"text":"WdIOIscEquipzzqq6i"}
COMMAND: GET /session/d9610c833ec57c166d7422fa869fd077/screenshot - {}
RESULT: {"text":"WdIOIscEquipzzqq6i"}
COMMAND: POST /session/d9610c833ec57c166d7422fa869fd077/actions - {"actions":[{"id":"action7","type":"key","parameters":{},"actions":[{"type":"keyDown","value":""},{"type":"pause","duration":10},{"type":"keyUp","value":""}]}]}
COMMAND: GET /session/d9610c833ec57c166d7422fa869fd077/screenshot - {}
RESULT: {}
RESULT: {"actions":[{"id":"action7","type":"key","parameters":{},"actions":[{"type":"keyDown","value":""},{"type":"pause","duration":10},{"type":"keyUp","value":""}]}]}
COMMAND: GET /session/d9610c833ec57c166d7422fa869fd077/screenshot - {}
RESULT: {}
RESULT: {}
COMMAND: POST /session/d9610c833ec57c166d7422fa869fd077/element - {"using":"xpath","value":"(//span[contains(text(), \"WdIOIscEquipzzqq6i\")])[1]"}
RESULT: {"using":"xpath","value":"(//span[contains(text(), \"WdIOIscEquipzzqq6i\")])[1]"}
COMMAND: POST /session/d9610c833ec57c166d7422fa869fd077/element/f.4930A98DED63071A496B4A4D5B7A2D08.d.46DF84F6CD170C6A722D07788858F42F.e.3928/click - {}
RESULT: {}
COMMAND: GET /session/d9610c833ec57c166d7422fa869fd077/screenshot - {}
RESULT: {}
COMMAND: POST /session/d9610c833ec57c166d7422fa869fd077/execute/async - {"script":"<script> [1562 bytes]","args":[{"selector":{"id":"application-iscorders-display-component---createOrder--resourceSelectionButton","searchOpenDialogs":true,"interaction":{"idSuffix":"BDI-content"}},"wdio_ui5_key":"applicationiscorders-display-component---createOrder--resourceSelectionButton"}]}
RESULT: {"script":"<script> [1562 bytes]","args":[{"selector":{"id":"application-iscorders-display-component---createOrder--resourceSelectionButton","searchOpenDialogs":true,"interaction":{"idSuffix":"BDI-content"}},"wdio_ui5_key":"applicationiscorders-display-component---createOrder--resourceSelectionButton"}]}
RESULT: undefined
COMMAND: POST /session/d9610c833ec57c166d7422fa869fd077/element - {"using":"xpath","value":"//*[@id=\"application-iscorders-display-component---createOrder--resourceSelectionButton\"]"}
RESULT: {"using":"xpath","value":"//*[@id=\"application-iscorders-display-component---createOrder--resourceSelectionButton\"]"}
COMMAND: POST /session/d9610c833ec57c166d7422fa869fd077/element/f.4930A98DED63071A496B4A4D5B7A2D08.d.46DF84F6CD170C6A722D07788858F42F.e.3931/click - {}
RESULT: {}
COMMAND: GET /session/d9610c833ec57c166d7422fa869fd077/screenshot - {}
RESULT: {}
COMMAND: POST /session/d9610c833ec57c166d7422fa869fd077/execute/async - {"script":"<script> [1562 bytes]","args":[{"selector":{"id":"application-iscorders-display-component---createOrder--templateValue-vhi"},"wdio_ui5_key":"applicationiscorders-display-component---createOrder--templateValue-vhi"}]}
RESULT: {"script":"<script> [1562 bytes]","args":[{"selector":{"id":"application-iscorders-display-component---createOrder--templateValue-vhi"},"wdio_ui5_key":"applicationiscorders-display-component---createOrder--templateValue-vhi"}]}
RESULT: undefined
COMMAND: POST /session/d9610c833ec57c166d7422fa869fd077/element - {"using":"xpath","value":"//*[@id=\"application-iscorders-display-component---createOrder--templateValue-vhi\"]"}
RESULT: {"using":"xpath","value":"//*[@id=\"application-iscorders-display-component---createOrder--templateValue-vhi\"]"}
COMMAND: POST /session/d9610c833ec57c166d7422fa869fd077/element/f.4930A98DED63071A496B4A4D5B7A2D08.d.46DF84F6CD170C6A722D07788858F42F.e.3936/click - {}
RESULT: {}
COMMAND: GET /session/d9610c833ec57c166d7422fa869fd077/screenshot - {}
RESULT: {}
COMMAND: POST /session/d9610c833ec57c166d7422fa869fd077/element - {"using":"xpath","value":"//input[contains(@id ,\"application-iscorders-display-component---createOrder--smartFilterBarTemplates-btnBasicSearch-I\")]"}
RESULT: {"using":"xpath","value":"//input[contains(@id ,\"application-iscorders-display-component---createOrder--smartFilterBarTemplates-btnBasicSearch-I\")]"}
COMMAND: POST /session/d9610c833ec57c166d7422fa869fd077/element/f.4930A98DED63071A496B4A4D5B7A2D08.d.46DF84F6CD170C6A722D07788858F42F.e.3938/clear - {}
RESULT: {}
COMMAND: POST /session/d9610c833ec57c166d7422fa869fd077/element/f.4930A98DED63071A496B4A4D5B7A2D08.d.46DF84F6CD170C6A722D07788858F42F.e.3938/value - {"text":"Inspection template"}
COMMAND: GET /session/d9610c833ec57c166d7422fa869fd077/screenshot - {}
RESULT: {"text":"Inspection template"}
COMMAND: POST /session/d9610c833ec57c166d7422fa869fd077/actions - {"actions":[{"id":"action8","type":"key","parameters":{},"actions":[{"type":"keyDown","value":""},{"type":"pause","duration":10},{"type":"keyUp","value":""}]}]}
COMMAND: GET /session/d9610c833ec57c166d7422fa869fd077/screenshot - {}
RESULT: {}
RESULT: {"actions":[{"id":"action8","type":"key","parameters":{},"actions":[{"type":"keyDown","value":""},{"type":"pause","duration":10},{"type":"keyUp","value":""}]}]}
COMMAND: GET /session/d9610c833ec57c166d7422fa869fd077/screenshot - {}
RESULT: {}
RESULT: {}
COMMAND: POST /session/d9610c833ec57c166d7422fa869fd077/element - {"using":"xpath","value":"(//span[contains(text(), \"Inspection template\")])[1]"}
RESULT: {"using":"xpath","value":"(//span[contains(text(), \"Inspection template\")])[1]"}
COMMAND: POST /session/d9610c833ec57c166d7422fa869fd077/element/f.4930A98DED63071A496B4A4D5B7A2D08.d.46DF84F6CD170C6A722D07788858F42F.e.3952/click - {}
RESULT: {}
COMMAND: GET /session/d9610c833ec57c166d7422fa869fd077/screenshot - {}
RESULT: {}
COMMAND: POST /session/d9610c833ec57c166d7422fa869fd077/execute/async - {"script":"<script> [1562 bytes]","args":[{"selector":{"id":"application-iscorders-display-component---createOrder--templateSelectionButton","searchOpenDialogs":true,"interaction":{"idSuffix":"BDI-content"}},"wdio_ui5_key":"applicationiscorders-display-component---createOrder--templateSelectionButton"}]}
RESULT: {"script":"<script> [1562 bytes]","args":[{"selector":{"id":"application-iscorders-display-component---createOrder--templateSelectionButton","searchOpenDialogs":true,"interaction":{"idSuffix":"BDI-content"}},"wdio_ui5_key":"applicationiscorders-display-component---createOrder--templateSelectionButton"}]}
RESULT: undefined
COMMAND: POST /session/d9610c833ec57c166d7422fa869fd077/element - {"using":"xpath","value":"//*[@id=\"application-iscorders-display-component---createOrder--templateSelectionButton\"]"}
RESULT: {"using":"xpath","value":"//*[@id=\"application-iscorders-display-component---createOrder--templateSelectionButton\"]"}
COMMAND: POST /session/d9610c833ec57c166d7422fa869fd077/element/f.4930A98DED63071A496B4A4D5B7A2D08.d.46DF84F6CD170C6A722D07788858F42F.e.3955/click - {}
RESULT: {}
COMMAND: GET /session/d9610c833ec57c166d7422fa869fd077/screenshot - {}
RESULT: {}
COMMAND: POST /session/d9610c833ec57c166d7422fa869fd077/execute/async - {"script":"<script> [1562 bytes]","args":[{"selector":{"id":"application-iscorders-display-component---createOrder--saveOrderButton","interaction":{"idSuffix":"BDI-content"}},"wdio_ui5_key":"applicationiscorders-display-component---createOrder--saveOrderButton"}]}
RESULT: {"script":"<script> [1562 bytes]","args":[{"selector":{"id":"application-iscorders-display-component---createOrder--saveOrderButton","interaction":{"idSuffix":"BDI-content"}},"wdio_ui5_key":"applicationiscorders-display-component---createOrder--saveOrderButton"}]}
RESULT: undefined
COMMAND: POST /session/d9610c833ec57c166d7422fa869fd077/element - {"using":"xpath","value":"//*[@id=\"application-iscorders-display-component---createOrder--saveOrderButton\"]"}
RESULT: {"using":"xpath","value":"//*[@id=\"application-iscorders-display-component---createOrder--saveOrderButton\"]"}
COMMAND: POST /session/d9610c833ec57c166d7422fa869fd077/element/f.4930A98DED63071A496B4A4D5B7A2D08.d.46DF84F6CD170C6A722D07788858F42F.e.3910/click - {}
RESULT: {}
COMMAND: GET /session/d9610c833ec57c166d7422fa869fd077/screenshot - {}
RESULT: {}
COMMAND: POST /session/d9610c833ec57c166d7422fa869fd077/execute/async - {"script":"<script> [1562 bytes]","args":[{"selector":{"controlType":"sap.m.Link","viewName":"reusables.view.ISC.Orders.Detail","viewId":"application-iscorders-display-component---displayOrder","bindingPath":{"propertyPath":"RESOURCE_UNIT","modelName":"catalogModel"}},"wdio_ui5_key":"reusablesview.ISC.Orders.Detailsap.m.Link{\"propertyPath\":\"RESOURCE_UNIT\",\"modelName\":\"catalogModel\"}"}]}
RESULT: {"script":"<script> [1562 bytes]","args":[{"selector":{"controlType":"sap.m.Link","viewName":"reusables.view.ISC.Orders.Detail","viewId":"application-iscorders-display-component---displayOrder","bindingPath":{"propertyPath":"RESOURCE_UNIT","modelName":"catalogModel"}},"wdio_ui5_key":"reusablesview.ISC.Orders.Detailsap.m.Link{\"propertyPath\":\"RESOURCE_UNIT\",\"modelName\":\"catalogModel\"}"}]}
RESULT: undefined
COMMAND: POST /session/d9610c833ec57c166d7422fa869fd077/element - {"using":"xpath","value":"//*[@id=\"__link35\"]"}
RESULT: {"using":"xpath","value":"//*[@id=\"__link35\"]"}
COMMAND: POST /session/d9610c833ec57c166d7422fa869fd077/element/f.4930A98DED63071A496B4A4D5B7A2D08.d.46DF84F6CD170C6A722D07788858F42F.e.3987/click - {}
RESULT: {}
COMMAND: GET /session/d9610c833ec57c166d7422fa869fd077/screenshot - {}
RESULT: {}
COMMAND: POST /session/d9610c833ec57c166d7422fa869fd077/execute/async - {"script":"<script> [1562 bytes]","args":[{"selector":{"controlType":"sap.m.Link","viewName":"reusables.view.ISC.Orders.Detail","viewId":"application-iscorders-display-component---displayOrder","properties":{"text":"RU Overview"},"searchOpenDialogs":true},"wdio_ui5_key":"reusablesview.ISC.Orders.Detailsap.m.Link{\"text\":\"RU Overview\"}"}]}
RESULT: {"script":"<script> [1562 bytes]","args":[{"selector":{"controlType":"sap.m.Link","viewName":"reusables.view.ISC.Orders.Detail","viewId":"application-iscorders-display-component---displayOrder","properties":{"text":"RU Overview"},"searchOpenDialogs":true},"wdio_ui5_key":"reusablesview.ISC.Orders.Detailsap.m.Link{\"text\":\"RU Overview\"}"}]}
RESULT: undefined
COMMAND: POST /session/d9610c833ec57c166d7422fa869fd077/element - {"using":"xpath","value":"//*[@id=\"__link44\"]"}
RESULT: {"using":"xpath","value":"//*[@id=\"__link44\"]"}
COMMAND: POST /session/d9610c833ec57c166d7422fa869fd077/element/f.4930A98DED63071A496B4A4D5B7A2D08.d.46DF84F6CD170C6A722D07788858F42F.e.3990/click - {}
RESULT: {}
COMMAND: GET /session/d9610c833ec57c166d7422fa869fd077/screenshot - {}
RESULT: undefined
RESULT: undefined
RESULT: {}
COMMAND: POST /session/d9610c833ec57c166d7422fa869fd077/execute/async - {"script":"<script> [1562 bytes]","args":[{"selector":{"controlType":"sap.ui.core.Icon","viewName":"etm.portal.ui.manageresources.view.Detail","viewId":"application-manageresources-display-component---detailRU","properties":{"src":{"regex":{"source":"slim\\-arrow\\-down"}}}},"wdio_ui5_key":"etmportal.ui.manageresources.view.Detailsap.ui.core.Icon{\"src\":{\"regex\":{\"source\":\"slim\\\\-arrow\\\\-down\"}}}"}]}
RESULT: {"script":"<script> [1562 bytes]","args":[{"selector":{"controlType":"sap.ui.core.Icon","viewName":"etm.portal.ui.manageresources.view.Detail","viewId":"application-manageresources-display-component---detailRU","properties":{"src":{"regex":{"source":"slim\\-arrow\\-down"}}}},"wdio_ui5_key":"etmportal.ui.manageresources.view.Detailsap.ui.core.Icon{\"src\":{\"regex\":{\"source\":\"slim\\\\-arrow\\\\-down\"}}}"}]}
RESULT: undefined
COMMAND: POST /session/d9610c833ec57c166d7422fa869fd077/element - {"using":"xpath","value":"//*[@id=\"__title57-expandBtn-img\"]"}
RESULT: {"using":"xpath","value":"//*[@id=\"__title57-expandBtn-img\"]"}
COMMAND: POST /session/d9610c833ec57c166d7422fa869fd077/element/f.4930A98DED63071A496B4A4D5B7A2D08.d.46DF84F6CD170C6A722D07788858F42F.e.4219/click - {}
RESULT: {}
COMMAND: POST /session/d9610c833ec57c166d7422fa869fd077/execute/async - {"script":"<script> [1562 bytes]","args":[{"selector":{"controlType":"sap.m.GenericTag","viewName":"etm.portal.ui.manageresources.view.Detail","viewId":"application-manageresources-display-component---detailRU","bindingPath":{"propertyPath":"COMPLIANCE_STATUS","modelName":"catalogModel"}},"wdio_ui5_key":"etmportal.ui.manageresources.view.Detailsap.m.GenericTag{\"propertyPath\":\"COMPLIANCE_STATUS\",\"modelName\":\"catalogModel\"}"}]}
COMMAND: GET /session/d9610c833ec57c166d7422fa869fd077/screenshot - {}
RESULT: {"script":"<script> [1562 bytes]","args":[{"selector":{"controlType":"sap.m.GenericTag","viewName":"etm.portal.ui.manageresources.view.Detail","viewId":"application-manageresources-display-component---detailRU","bindingPath":{"propertyPath":"COMPLIANCE_STATUS","modelName":"catalogModel"}},"wdio_ui5_key":"etmportal.ui.manageresources.view.Detailsap.m.GenericTag{\"propertyPath\":\"COMPLIANCE_STATUS\",\"modelName\":\"catalogModel\"}"}]}
RESULT: undefined
COMMAND: POST /session/d9610c833ec57c166d7422fa869fd077/execute/async - {"script":"<script> [6424 bytes]","args":[{"element-6066-11e4-a52e-4f735466cecf":"f.4930A98DED63071A496B4A4D5B7A2D08.d.46DF84F6CD170C6A722D07788858F42F.e.4232"},"getText",[]]}
RESULT: {}
RESULT: {"script":"<script> [6424 bytes]","args":[{"element-6066-11e4-a52e-4f735466cecf":"f.4930A98DED63071A496B4A4D5B7A2D08.d.46DF84F6CD170C6A722D07788858F42F.e.4232"},"getText",[]]}
COMMAND: DELETE /session/d9610c833ec57c166d7422fa869fd077 - {}
RESULT: {}
]]></system-out>
    </testcase>
  </testsuite>
</testsuites>