<?xml version="1.0" encoding="UTF-8"?>
<testsuites tests="53" failures="0" errors="0" skipped="0">
  <testsuite timestamp="2025-06-14T17:18:00" time="278.208" tests="5" failures="0" errors="0" skipped="0">
    <properties>
      <property name="specId" value="0"/>
      <property name="suiteName" value="Tests for DXCW CAE environment, including specific login to the system US"/>
      <property name="capabilities" value="chrome.137_0_7151_69.windows"/>
      <property name="file" value="file:///D:/a/1/s/test/specs/BTS/dxcw-cae.spec.js"/>
    </properties>
    <testcase classname="chrome.137_0_7151_69.windows.Tests_for_DXCW_CAE_environment,_including_specific_login_to_the_system_US" name="Should login to the DXCW CAE env US156289" time="27.283">
      <system-out><![CDATA[
COMMAND: POST /session/ba8f8306183d693af77ab2140b410afd/url - {"url":"https://qa-testing-00-live-dxcw-portal.cfapps.eu10-004.hana.ondemand.com/"}
RESULT: {"url":"https://qa-testing-00-live-dxcw-portal.cfapps.eu10-004.hana.ondemand.com/"}
COMMAND: GET /session/ba8f8306183d693af77ab2140b410afd/screenshot - {}
RESULT: {}
COMMAND: POST /session/ba8f8306183d693af77ab2140b410afd/element - {"using":"xpath","value":"//input[@id = \"j_username\"]"}
RESULT: {"using":"xpath","value":"//input[@id = \"j_username\"]"}
COMMAND: POST /session/ba8f8306183d693af77ab2140b410afd/execute/sync - {"script":"<script> [8489 bytes]","args":[{"element-6066-11e4-a52e-4f735466cecf":"f.389042B4FF7C30867E20C40CA0954A5B.d.856DE3F93F3184C8DE1C62EB1DBA67C2.e.35","ELEMENT":"f.389042B4FF7C30867E20C40CA0954A5B.d.856DE3F93F3184C8DE1C62EB1DBA67C2.e.35"}]}
RESULT: {"script":"<script> [8489 bytes]","args":[{"element-6066-11e4-a52e-4f735466cecf":"f.389042B4FF7C30867E20C40CA0954A5B.d.856DE3F93F3184C8DE1C62EB1DBA67C2.e.35","ELEMENT":"f.389042B4FF7C30867E20C40CA0954A5B.d.856DE3F93F3184C8DE1C62EB1DBA67C2.e.35"}]}
COMMAND: POST /session/ba8f8306183d693af77ab2140b410afd/element - {"using":"xpath","value":"//input[@id = \"j_username\"]"}
COMMAND: GET /session/ba8f8306183d693af77ab2140b410afd/screenshot - {}
RESULT: {"using":"xpath","value":"//input[@id = \"j_username\"]"}
COMMAND: POST /session/ba8f8306183d693af77ab2140b410afd/element/f.389042B4FF7C30867E20C40CA0954A5B.d.856DE3F93F3184C8DE1C62EB1DBA67C2.e.35/clear - {}
RESULT: {}
RESULT: {}
COMMAND: POST /session/ba8f8306183d693af77ab2140b410afd/element/f.389042B4FF7C30867E20C40CA0954A5B.d.856DE3F93F3184C8DE1C62EB1DBA67C2.e.35/value - {"text":"test1etm@bearingpoint.com"}
COMMAND: GET /session/ba8f8306183d693af77ab2140b410afd/screenshot - {}
RESULT: {"text":"test1etm@bearingpoint.com"}
COMMAND: POST /session/ba8f8306183d693af77ab2140b410afd/element - {"using":"xpath","value":"//input[@id = \"j_password\"]"}
COMMAND: GET /session/ba8f8306183d693af77ab2140b410afd/screenshot - {}
RESULT: {}
RESULT: {"using":"xpath","value":"//input[@id = \"j_password\"]"}
COMMAND: POST /session/ba8f8306183d693af77ab2140b410afd/element/f.389042B4FF7C30867E20C40CA0954A5B.d.856DE3F93F3184C8DE1C62EB1DBA67C2.e.37/clear - {}
RESULT: {}
RESULT: {}
COMMAND: POST /session/ba8f8306183d693af77ab2140b410afd/element/f.389042B4FF7C30867E20C40CA0954A5B.d.856DE3F93F3184C8DE1C62EB1DBA67C2.e.37/value - {"text":"ETM.next2024"}
COMMAND: GET /session/ba8f8306183d693af77ab2140b410afd/screenshot - {}
RESULT: {"text":"ETM.next2024"}
COMMAND: GET /session/ba8f8306183d693af77ab2140b410afd/screenshot - {}
RESULT: {}
RESULT: {}
COMMAND: POST /session/ba8f8306183d693af77ab2140b410afd/element - {"using":"css selector","value":"button[type=\"submit\"]"}
RESULT: {"using":"css selector","value":"button[type=\"submit\"]"}
COMMAND: POST /session/ba8f8306183d693af77ab2140b410afd/element/f.389042B4FF7C30867E20C40CA0954A5B.d.856DE3F93F3184C8DE1C62EB1DBA67C2.e.58/click - {}
RESULT: {}
COMMAND: POST /session/ba8f8306183d693af77ab2140b410afd/element - {"using":"xpath","value":"//a[contains(@aria-label,\"Migration Service\")]"}
COMMAND: GET /session/ba8f8306183d693af77ab2140b410afd/screenshot - {}
RESULT: {"using":"xpath","value":"//a[contains(@aria-label,\"Migration Service\")]"}
COMMAND: POST /session/ba8f8306183d693af77ab2140b410afd/execute/sync - {"script":"<script> [8489 bytes]","args":[{"element-6066-11e4-a52e-4f735466cecf":"f.389042B4FF7C30867E20C40CA0954A5B.d.319BD23D098A8136AA2D29420FD9C75F.e.77","ELEMENT":"f.389042B4FF7C30867E20C40CA0954A5B.d.319BD23D098A8136AA2D29420FD9C75F.e.77"}]}
RESULT: {}
RESULT: {"script":"<script> [8489 bytes]","args":[{"element-6066-11e4-a52e-4f735466cecf":"f.389042B4FF7C30867E20C40CA0954A5B.d.319BD23D098A8136AA2D29420FD9C75F.e.77","ELEMENT":"f.389042B4FF7C30867E20C40CA0954A5B.d.319BD23D098A8136AA2D29420FD9C75F.e.77"}]}
COMMAND: POST /session/ba8f8306183d693af77ab2140b410afd/execute/sync - {"script":"<script> [8489 bytes]","args":[{"element-6066-11e4-a52e-4f735466cecf":"f.389042B4FF7C30867E20C40CA0954A5B.d.319BD23D098A8136AA2D29420FD9C75F.e.77","ELEMENT":"f.389042B4FF7C30867E20C40CA0954A5B.d.319BD23D098A8136AA2D29420FD9C75F.e.77"}]}
COMMAND: GET /session/ba8f8306183d693af77ab2140b410afd/screenshot - {}
RESULT: {"script":"<script> [8489 bytes]","args":[{"element-6066-11e4-a52e-4f735466cecf":"f.389042B4FF7C30867E20C40CA0954A5B.d.319BD23D098A8136AA2D29420FD9C75F.e.77","ELEMENT":"f.389042B4FF7C30867E20C40CA0954A5B.d.319BD23D098A8136AA2D29420FD9C75F.e.77"}]}
COMMAND: POST /session/ba8f8306183d693af77ab2140b410afd/window/fullscreen - {}
COMMAND: GET /session/ba8f8306183d693af77ab2140b410afd/screenshot - {}
RESULT: {}
RESULT: {}
COMMAND: POST /session/ba8f8306183d693af77ab2140b410afd/execute/async - {"script":"<script> [189 bytes]","args":[]}
RESULT: {}
RESULT: {"script":"<script> [189 bytes]","args":[]}
COMMAND: POST /session/ba8f8306183d693af77ab2140b410afd/execute/async - {"script":"<script> [123 bytes]","args":[]}
RESULT: {"script":"<script> [123 bytes]","args":[]}
COMMAND: POST /session/ba8f8306183d693af77ab2140b410afd/timeouts - {"script":"<number>"}
RESULT: {"script":"<number>"}
COMMAND: GET /session/ba8f8306183d693af77ab2140b410afd/timeouts - {}
RESULT: {}
COMMAND: POST /session/ba8f8306183d693af77ab2140b410afd/execute/async - {"script":"<script> [78 bytes]","args":[]}
RESULT: {"script":"<script> [78 bytes]","args":[]}
RESULT: undefined
COMMAND: POST /session/ba8f8306183d693af77ab2140b410afd/execute/async - {"script":"<script> [2676 bytes]","args":[]}
RESULT: {"script":"<script> [2676 bytes]","args":[]}
COMMAND: POST /session/ba8f8306183d693af77ab2140b410afd/execute/async - {"script":"<script> [2342 bytes]","args":[{"protocol":"http","hostname":"0.0.0.0","path":"/","capabilities":{"browserName":"chrome","goog:chromeOptions":{"binary":"C:\\Program Files\\Google\\Chrome\\Application\\chrome.exe","args":["--start-maximized"]}},"logLevel":"warn","connectionRetryTimeout":120000,"connectionRetryCount":3,"logLevels":{},"enableDirectConnect":true,"strictSSL":true,"_":"65 more keys: [\"cacheDir\",\"port\",\"requestedCapabilities\",\"automationProtocol\",\"baseUrl\",\"waitforInterval\",\"waitforTimeout\",\"onReload\",\"beforeCommand\",\"afterCommand\",\"rootDir\",\"specs\",\"suites\",\"exclude\",\"groupLogsByTestSpec\",\"excludeDriverLogs\",\"bail\",\"framework\",\"reporters\",\"services\",\"maxInstances\",\"maxInstancesPerCapability\",\"injectGlobals\",\"filesToWatch\",\"execArgv\",\"runnerEnv\",\"runner\",\"shard\",\"specFileRetries\",\"specFileRetriesDelay\",\"specFileRetriesDeferred\",\"reporterSyncInterval\",\"reporterSyncTimeout\",\"cucumberFeaturesWithLineNumbers\",\"autoCompileOpts\",\"mochaOpts\",\"jasmineOpts\",\"cucumberOpts\",\"onPrepare\",\"onWorkerStart\",\"onWorkerEnd\",\"before\",\"beforeSession\",\"beforeSuite\",\"beforeHook\",\"beforeTest\",\"afterTest\",\"afterHook\",\"afterSuite\",\"afterSession\",\"after\",\"onComplete\",\"beforeAssertion\",\"afterAssertion\",\"beforeFeature\",\"beforeScenario\",\"beforeStep\",\"afterStep\",\"afterScenario\",\"afterFeature\",\"_\",\"suite\",\"$0\",\"ignoredWorkerServices\",\"wdi5\"]"}]}
RESULT: {"script":"<script> [2342 bytes]","args":[{"protocol":"http","hostname":"0.0.0.0","path":"/","capabilities":{"browserName":"chrome","goog:chromeOptions":{"binary":"C:\\Program Files\\Google\\Chrome\\Application\\chrome.exe","args":["--start-maximized"]}},"logLevel":"warn","connectionRetryTimeout":120000,"connectionRetryCount":3,"logLevels":{},"enableDirectConnect":true,"strictSSL":true,"_":"65 more keys: [\"cacheDir\",\"port\",\"requestedCapabilities\",\"automationProtocol\",\"baseUrl\",\"waitforInterval\",\"waitforTimeout\",\"onReload\",\"beforeCommand\",\"afterCommand\",\"rootDir\",\"specs\",\"suites\",\"exclude\",\"groupLogsByTestSpec\",\"excludeDriverLogs\",\"bail\",\"framework\",\"reporters\",\"services\",\"maxInstances\",\"maxInstancesPerCapability\",\"injectGlobals\",\"filesToWatch\",\"execArgv\",\"runnerEnv\",\"runner\",\"shard\",\"specFileRetries\",\"specFileRetriesDelay\",\"specFileRetriesDeferred\",\"reporterSyncInterval\",\"reporterSyncTimeout\",\"cucumberFeaturesWithLineNumbers\",\"autoCompileOpts\",\"mochaOpts\",\"jasmineOpts\",\"cucumberOpts\",\"onPrepare\",\"onWorkerStart\",\"onWorkerEnd\",\"before\",\"beforeSession\",\"beforeSuite\",\"beforeHook\",\"beforeTest\",\"afterTest\",\"afterHook\",\"afterSuite\",\"afterSession\",\"after\",\"onComplete\",\"beforeAssertion\",\"afterAssertion\",\"beforeFeature\",\"beforeScenario\",\"beforeStep\",\"afterStep\",\"afterScenario\",\"afterFeature\",\"_\",\"suite\",\"$0\",\"ignoredWorkerServices\",\"wdi5\"]"}]}
COMMAND: POST /session/ba8f8306183d693af77ab2140b410afd/execute/async - {"script":"<script> [21126 bytes]","args":[35000]}
RESULT: {"script":"<script> [21126 bytes]","args":[35000]}
]]></system-out>
    </testcase>
    <testcase classname="chrome.137_0_7151_69.windows.Tests_for_DXCW_CAE_environment,_including_specific_login_to_the_system_US" name="Should upload address file entry used for later tests as master data US156291" time="81.351">
      <system-out><![CDATA[
COMMAND: POST /session/ba8f8306183d693af77ab2140b410afd/execute/async - {"script":"<script> [1562 bytes]","args":[{"selector":{"controlType":"sap.m.GenericTile","properties":{"header":"Migration Service"}},"wdio_ui5_key":"sapm.GenericTile{\"header\":\"Migration Service\"}"}]}
RESULT: {"script":"<script> [1562 bytes]","args":[{"selector":{"controlType":"sap.m.GenericTile","properties":{"header":"Migration Service"}},"wdio_ui5_key":"sapm.GenericTile{\"header\":\"Migration Service\"}"}]}
RESULT: undefined
COMMAND: POST /session/ba8f8306183d693af77ab2140b410afd/element - {"using":"xpath","value":"//*[@id=\"__tile25\"]"}
RESULT: {"using":"xpath","value":"//*[@id=\"__tile25\"]"}
COMMAND: POST /session/ba8f8306183d693af77ab2140b410afd/element/f.389042B4FF7C30867E20C40CA0954A5B.d.319BD23D098A8136AA2D29420FD9C75F.e.120/click - {}
RESULT: {}
COMMAND: GET /session/ba8f8306183d693af77ab2140b410afd/screenshot - {}
RESULT: {}
RESULT: undefined
RESULT: undefined
COMMAND: POST /session/ba8f8306183d693af77ab2140b410afd/elements - {"using":"xpath","value":"//span[text()='Error']"}
RESULT: {"using":"xpath","value":"//span[text()='Error']"}
COMMAND: POST /session/ba8f8306183d693af77ab2140b410afd/execute/async - {"script":"<script> [1562 bytes]","args":[{"selector":{"controlType":"sap.m.GenericTile","viewName":"bbs.dxcw.migration.view.Home","i18NText":{"propertyName":"header","key":"migrationService"}},"wdio_ui5_key":"bbsdxcw.migration.view.Homesap.m.GenericTile{\"propertyName\":\"header\",\"key\":\"migrationService\"}"}]}
RESULT: {"script":"<script> [1562 bytes]","args":[{"selector":{"controlType":"sap.m.GenericTile","viewName":"bbs.dxcw.migration.view.Home","i18NText":{"propertyName":"header","key":"migrationService"}},"wdio_ui5_key":"bbsdxcw.migration.view.Homesap.m.GenericTile{\"propertyName\":\"header\",\"key\":\"migrationService\"}"}]}
RESULT: undefined
COMMAND: POST /session/ba8f8306183d693af77ab2140b410afd/element - {"using":"xpath","value":"//*[@id=\"__tile26\"]"}
RESULT: {"using":"xpath","value":"//*[@id=\"__tile26\"]"}
COMMAND: POST /session/ba8f8306183d693af77ab2140b410afd/element/f.389042B4FF7C30867E20C40CA0954A5B.d.319BD23D098A8136AA2D29420FD9C75F.e.124/click - {}
RESULT: {}
COMMAND: GET /session/ba8f8306183d693af77ab2140b410afd/screenshot - {}
RESULT: {}
COMMAND: POST /session/ba8f8306183d693af77ab2140b410afd/element - {"using":"xpath","value":"//bdi[contains(text(), \"Create new Draft\")]"}
RESULT: {"using":"xpath","value":"//bdi[contains(text(), \"Create new Draft\")]"}
COMMAND: POST /session/ba8f8306183d693af77ab2140b410afd/elements - {"using":"xpath","value":"//bdi[contains(text(), \"Create new Draft\")]"}
RESULT: {"using":"xpath","value":"//bdi[contains(text(), \"Create new Draft\")]"}
COMMAND: POST /session/ba8f8306183d693af77ab2140b410afd/execute/sync - {"script":"<script> [8489 bytes]","args":[{"element-6066-11e4-a52e-4f735466cecf":"f.389042B4FF7C30867E20C40CA0954A5B.d.319BD23D098A8136AA2D29420FD9C75F.e.144","ELEMENT":"f.389042B4FF7C30867E20C40CA0954A5B.d.319BD23D098A8136AA2D29420FD9C75F.e.144"}]}
RESULT: {"script":"<script> [8489 bytes]","args":[{"element-6066-11e4-a52e-4f735466cecf":"f.389042B4FF7C30867E20C40CA0954A5B.d.319BD23D098A8136AA2D29420FD9C75F.e.144","ELEMENT":"f.389042B4FF7C30867E20C40CA0954A5B.d.319BD23D098A8136AA2D29420FD9C75F.e.144"}]}
COMMAND: GET /session/ba8f8306183d693af77ab2140b410afd/element/f.389042B4FF7C30867E20C40CA0954A5B.d.319BD23D098A8136AA2D29420FD9C75F.e.144/enabled - {}
COMMAND: GET /session/ba8f8306183d693af77ab2140b410afd/screenshot - {}
RESULT: {}
COMMAND: POST /session/ba8f8306183d693af77ab2140b410afd/execute/sync - {"script":"<script> [8489 bytes]","args":[{"element-6066-11e4-a52e-4f735466cecf":"f.389042B4FF7C30867E20C40CA0954A5B.d.319BD23D098A8136AA2D29420FD9C75F.e.144","ELEMENT":"f.389042B4FF7C30867E20C40CA0954A5B.d.319BD23D098A8136AA2D29420FD9C75F.e.144"}]}
COMMAND: GET /session/ba8f8306183d693af77ab2140b410afd/screenshot - {}
RESULT: {}
RESULT: {"script":"<script> [8489 bytes]","args":[{"element-6066-11e4-a52e-4f735466cecf":"f.389042B4FF7C30867E20C40CA0954A5B.d.319BD23D098A8136AA2D29420FD9C75F.e.144","ELEMENT":"f.389042B4FF7C30867E20C40CA0954A5B.d.319BD23D098A8136AA2D29420FD9C75F.e.144"}]}
COMMAND: POST /session/ba8f8306183d693af77ab2140b410afd/execute/sync - {"script":"<script> [5351 bytes]","args":[{"element-6066-11e4-a52e-4f735466cecf":"f.389042B4FF7C30867E20C40CA0954A5B.d.319BD23D098A8136AA2D29420FD9C75F.e.144","ELEMENT":"f.389042B4FF7C30867E20C40CA0954A5B.d.319BD23D098A8136AA2D29420FD9C75F.e.144"}]}
COMMAND: GET /session/ba8f8306183d693af77ab2140b410afd/screenshot - {}
RESULT: {}
RESULT: {"script":"<script> [5351 bytes]","args":[{"element-6066-11e4-a52e-4f735466cecf":"f.389042B4FF7C30867E20C40CA0954A5B.d.319BD23D098A8136AA2D29420FD9C75F.e.144","ELEMENT":"f.389042B4FF7C30867E20C40CA0954A5B.d.319BD23D098A8136AA2D29420FD9C75F.e.144"}]}
COMMAND: GET /session/ba8f8306183d693af77ab2140b410afd/screenshot - {}
RESULT: {}
RESULT: {}
COMMAND: POST /session/ba8f8306183d693af77ab2140b410afd/element - {"using":"xpath","value":"//bdi[contains(text(), \"Create new Draft\")]"}
RESULT: {"using":"xpath","value":"//bdi[contains(text(), \"Create new Draft\")]"}
COMMAND: POST /session/ba8f8306183d693af77ab2140b410afd/element/f.389042B4FF7C30867E20C40CA0954A5B.d.319BD23D098A8136AA2D29420FD9C75F.e.144/click - {}
RESULT: {}
COMMAND: GET /session/ba8f8306183d693af77ab2140b410afd/screenshot - {}
RESULT: {}
COMMAND: POST /session/ba8f8306183d693af77ab2140b410afd/element - {"using":"xpath","value":"//li[.//div[text()=\"Address\"]]"}
RESULT: {"using":"xpath","value":"//li[.//div[text()=\"Address\"]]"}
COMMAND: POST /session/ba8f8306183d693af77ab2140b410afd/element/f.389042B4FF7C30867E20C40CA0954A5B.d.319BD23D098A8136AA2D29420FD9C75F.e.288/click - {}
RESULT: {}
COMMAND: GET /session/ba8f8306183d693af77ab2140b410afd/screenshot - {}
COMMAND: POST /session/ba8f8306183d693af77ab2140b410afd/file - {"file":"[base64] 7080 bytes"}
RESULT: {}
RESULT: {"file":"[base64] 7080 bytes"}
COMMAND: POST /session/ba8f8306183d693af77ab2140b410afd/element - {"using":"xpath","value":"//input[(@type=\"file\") and contains(@id,\"BOList-10-0-1-uploader-fu\")]"}
RESULT: {"using":"xpath","value":"//input[(@type=\"file\") and contains(@id,\"BOList-10-0-1-uploader-fu\")]"}
COMMAND: POST /session/ba8f8306183d693af77ab2140b410afd/element/f.389042B4FF7C30867E20C40CA0954A5B.d.319BD23D098A8136AA2D29420FD9C75F.e.290/clear - {}
RESULT: {}
COMMAND: POST /session/ba8f8306183d693af77ab2140b410afd/element/f.389042B4FF7C30867E20C40CA0954A5B.d.319BD23D098A8136AA2D29420FD9C75F.e.290/value - {"text":"C:\\Windows\\SystemTemp\\scoped_dir4840_2122868118\\upload4840_1658915511\\Address.xlsx"}
COMMAND: GET /session/ba8f8306183d693af77ab2140b410afd/screenshot - {}
RESULT: {"text":"C:\\Windows\\SystemTemp\\scoped_dir4840_2122868118\\upload4840_1658915511\\Address.xlsx"}
COMMAND: GET /session/ba8f8306183d693af77ab2140b410afd/screenshot - {}
RESULT: {}
RESULT: {}
COMMAND: POST /session/ba8f8306183d693af77ab2140b410afd/element - {"using":"xpath","value":"//bdi[contains(text(), \"Match by name\")]"}
RESULT: {"using":"xpath","value":"//bdi[contains(text(), \"Match by name\")]"}
COMMAND: POST /session/ba8f8306183d693af77ab2140b410afd/element/f.389042B4FF7C30867E20C40CA0954A5B.d.319BD23D098A8136AA2D29420FD9C75F.e.304/click - {}
RESULT: {}
COMMAND: GET /session/ba8f8306183d693af77ab2140b410afd/screenshot - {}
RESULT: {}
COMMAND: POST /session/ba8f8306183d693af77ab2140b410afd/element - {"using":"xpath","value":"//bdi[text() = \"OK\"]"}
RESULT: {"using":"xpath","value":"//bdi[text() = \"OK\"]"}
COMMAND: POST /session/ba8f8306183d693af77ab2140b410afd/element/f.389042B4FF7C30867E20C40CA0954A5B.d.319BD23D098A8136AA2D29420FD9C75F.e.305/click - {}
RESULT: {}
COMMAND: GET /session/ba8f8306183d693af77ab2140b410afd/screenshot - {}
RESULT: {}
COMMAND: POST /session/ba8f8306183d693af77ab2140b410afd/element - {"using":"xpath","value":"//button[contains(@id,\"uploadBtn\")]"}
RESULT: {"using":"xpath","value":"//button[contains(@id,\"uploadBtn\")]"}
COMMAND: POST /session/ba8f8306183d693af77ab2140b410afd/element/f.389042B4FF7C30867E20C40CA0954A5B.d.319BD23D098A8136AA2D29420FD9C75F.e.285/click - {}
RESULT: {}
COMMAND: GET /session/ba8f8306183d693af77ab2140b410afd/screenshot - {}
RESULT: {}
COMMAND: POST /session/ba8f8306183d693af77ab2140b410afd/element - {"using":"xpath","value":"//button[.//bdi[contains(text(),\"Refresh Logs\")]]"}
RESULT: {"using":"xpath","value":"//button[.//bdi[contains(text(),\"Refresh Logs\")]]"}
COMMAND: POST /session/ba8f8306183d693af77ab2140b410afd/element/f.389042B4FF7C30867E20C40CA0954A5B.d.319BD23D098A8136AA2D29420FD9C75F.e.317/click - {}
RESULT: {}
COMMAND: GET /session/ba8f8306183d693af77ab2140b410afd/screenshot - {}
RESULT: {}
COMMAND: POST /session/ba8f8306183d693af77ab2140b410afd/element - {"using":"xpath","value":"//table[contains(@id,\"customHandoversTable-listUl\")]/tbody/tr[1]/td[4]/span"}
RESULT: {"using":"xpath","value":"//table[contains(@id,\"customHandoversTable-listUl\")]/tbody/tr[1]/td[4]/span"}
COMMAND: POST /session/ba8f8306183d693af77ab2140b410afd/execute/sync - {"script":"<script> [56 bytes]","args":[{"element-6066-11e4-a52e-4f735466cecf":"f.389042B4FF7C30867E20C40CA0954A5B.d.319BD23D098A8136AA2D29420FD9C75F.e.608","ELEMENT":"f.389042B4FF7C30867E20C40CA0954A5B.d.319BD23D098A8136AA2D29420FD9C75F.e.608"}]}
RESULT: {"script":"<script> [56 bytes]","args":[{"element-6066-11e4-a52e-4f735466cecf":"f.389042B4FF7C30867E20C40CA0954A5B.d.319BD23D098A8136AA2D29420FD9C75F.e.608","ELEMENT":"f.389042B4FF7C30867E20C40CA0954A5B.d.319BD23D098A8136AA2D29420FD9C75F.e.608"}]}
COMMAND: POST /session/ba8f8306183d693af77ab2140b410afd/element - {"using":"xpath","value":"//table[contains(@id,\"customHandoversTable-listUl\")]/tbody/tr[1]/td[7]/div/span[2]"}
COMMAND: GET /session/ba8f8306183d693af77ab2140b410afd/screenshot - {}
RESULT: {"using":"xpath","value":"//table[contains(@id,\"customHandoversTable-listUl\")]/tbody/tr[1]/td[7]/div/span[2]"}
COMMAND: POST /session/ba8f8306183d693af77ab2140b410afd/execute/sync - {"script":"<script> [56 bytes]","args":[{"element-6066-11e4-a52e-4f735466cecf":"f.389042B4FF7C30867E20C40CA0954A5B.d.319BD23D098A8136AA2D29420FD9C75F.e.609","ELEMENT":"f.389042B4FF7C30867E20C40CA0954A5B.d.319BD23D098A8136AA2D29420FD9C75F.e.609"}]}
RESULT: {}
RESULT: {"script":"<script> [56 bytes]","args":[{"element-6066-11e4-a52e-4f735466cecf":"f.389042B4FF7C30867E20C40CA0954A5B.d.319BD23D098A8136AA2D29420FD9C75F.e.609","ELEMENT":"f.389042B4FF7C30867E20C40CA0954A5B.d.319BD23D098A8136AA2D29420FD9C75F.e.609"}]}
COMMAND: POST /session/ba8f8306183d693af77ab2140b410afd/element - {"using":"xpath","value":"//table[contains(@id,\"customHandoversTable-listUl\")]/tbody/tr[1]/td[8]/div/span[2]"}
COMMAND: GET /session/ba8f8306183d693af77ab2140b410afd/screenshot - {}
RESULT: {"using":"xpath","value":"//table[contains(@id,\"customHandoversTable-listUl\")]/tbody/tr[1]/td[8]/div/span[2]"}
COMMAND: POST /session/ba8f8306183d693af77ab2140b410afd/execute/sync - {"script":"<script> [56 bytes]","args":[{"element-6066-11e4-a52e-4f735466cecf":"f.389042B4FF7C30867E20C40CA0954A5B.d.319BD23D098A8136AA2D29420FD9C75F.e.612","ELEMENT":"f.389042B4FF7C30867E20C40CA0954A5B.d.319BD23D098A8136AA2D29420FD9C75F.e.612"}]}
RESULT: {}
RESULT: {"script":"<script> [56 bytes]","args":[{"element-6066-11e4-a52e-4f735466cecf":"f.389042B4FF7C30867E20C40CA0954A5B.d.319BD23D098A8136AA2D29420FD9C75F.e.612","ELEMENT":"f.389042B4FF7C30867E20C40CA0954A5B.d.319BD23D098A8136AA2D29420FD9C75F.e.612"}]}
COMMAND: GET /session/ba8f8306183d693af77ab2140b410afd/screenshot - {}
RESULT: {}
COMMAND: POST /session/ba8f8306183d693af77ab2140b410afd/execute/async - {"script":"<script> [1562 bytes]","args":[{"selector":{"controlType":"sap.ui.core.Icon","viewName":"bbs.dxcw.migration.view.migration.MigrationMaster","properties":{"src":{"regex":{"source":"notes"}}}},"wdio_ui5_key":"bbsdxcw.migration.view.migration.MigrationMastersap.ui.core.Icon{\"src\":{\"regex\":{\"source\":\"notes\"}}}"}]}
RESULT: {"script":"<script> [1562 bytes]","args":[{"selector":{"controlType":"sap.ui.core.Icon","viewName":"bbs.dxcw.migration.view.migration.MigrationMaster","properties":{"src":{"regex":{"source":"notes"}}}},"wdio_ui5_key":"bbsdxcw.migration.view.migration.MigrationMastersap.ui.core.Icon{\"src\":{\"regex\":{\"source\":\"notes\"}}}"}]}
RESULT: undefined
COMMAND: POST /session/ba8f8306183d693af77ab2140b410afd/element - {"using":"xpath","value":"//*[@id=\"__filter0-icon\"]"}
RESULT: {"using":"xpath","value":"//*[@id=\"__filter0-icon\"]"}
COMMAND: POST /session/ba8f8306183d693af77ab2140b410afd/element/f.389042B4FF7C30867E20C40CA0954A5B.d.319BD23D098A8136AA2D29420FD9C75F.e.613/click - {}
RESULT: {}
COMMAND: GET /session/ba8f8306183d693af77ab2140b410afd/screenshot - {}
RESULT: {}
]]></system-out>
    </testcase>
    <testcase classname="chrome.137_0_7151_69.windows.Tests_for_DXCW_CAE_environment,_including_specific_login_to_the_system_US" name="Should upload yard file entry used for later tests as master data US156291" time="49.012">
      <system-out><![CDATA[
COMMAND: POST /session/ba8f8306183d693af77ab2140b410afd/element - {"using":"xpath","value":"//bdi[contains(text(), \"Create new Draft\")]"}
RESULT: {"using":"xpath","value":"//bdi[contains(text(), \"Create new Draft\")]"}
COMMAND: POST /session/ba8f8306183d693af77ab2140b410afd/element/f.389042B4FF7C30867E20C40CA0954A5B.d.319BD23D098A8136AA2D29420FD9C75F.e.617/click - {}
RESULT: {}
COMMAND: GET /session/ba8f8306183d693af77ab2140b410afd/screenshot - {}
RESULT: {}
COMMAND: POST /session/ba8f8306183d693af77ab2140b410afd/element - {"using":"xpath","value":"//li[.//div[text()=\"Yards\"]]"}
RESULT: {"using":"xpath","value":"//li[.//div[text()=\"Yards\"]]"}
COMMAND: POST /session/ba8f8306183d693af77ab2140b410afd/element/f.389042B4FF7C30867E20C40CA0954A5B.d.319BD23D098A8136AA2D29420FD9C75F.e.734/click - {}
RESULT: {}
COMMAND: GET /session/ba8f8306183d693af77ab2140b410afd/screenshot - {}
COMMAND: POST /session/ba8f8306183d693af77ab2140b410afd/file - {"file":"[base64] 6816 bytes"}
RESULT: {}
RESULT: {"file":"[base64] 6816 bytes"}
COMMAND: POST /session/ba8f8306183d693af77ab2140b410afd/element - {"using":"xpath","value":"//input[(@type=\"file\") and contains(@id,\"BOList-15-0-1-uploader-fu\")]"}
RESULT: {"using":"xpath","value":"//input[(@type=\"file\") and contains(@id,\"BOList-15-0-1-uploader-fu\")]"}
COMMAND: POST /session/ba8f8306183d693af77ab2140b410afd/element/f.389042B4FF7C30867E20C40CA0954A5B.d.319BD23D098A8136AA2D29420FD9C75F.e.739/clear - {}
RESULT: {}
COMMAND: POST /session/ba8f8306183d693af77ab2140b410afd/element/f.389042B4FF7C30867E20C40CA0954A5B.d.319BD23D098A8136AA2D29420FD9C75F.e.739/value - {"text":"C:\\Windows\\SystemTemp\\scoped_dir4840_2122868118\\upload4840_1363193004\\Yards.xlsx"}
COMMAND: GET /session/ba8f8306183d693af77ab2140b410afd/screenshot - {}
RESULT: {"text":"C:\\Windows\\SystemTemp\\scoped_dir4840_2122868118\\upload4840_1363193004\\Yards.xlsx"}
COMMAND: GET /session/ba8f8306183d693af77ab2140b410afd/screenshot - {}
RESULT: {}
RESULT: {}
COMMAND: POST /session/ba8f8306183d693af77ab2140b410afd/element - {"using":"xpath","value":"//bdi[contains(text(), \"Match by name\")]"}
RESULT: {"using":"xpath","value":"//bdi[contains(text(), \"Match by name\")]"}
COMMAND: POST /session/ba8f8306183d693af77ab2140b410afd/element/f.389042B4FF7C30867E20C40CA0954A5B.d.319BD23D098A8136AA2D29420FD9C75F.e.747/click - {}
RESULT: {}
COMMAND: GET /session/ba8f8306183d693af77ab2140b410afd/screenshot - {}
RESULT: {}
COMMAND: POST /session/ba8f8306183d693af77ab2140b410afd/element - {"using":"xpath","value":"//bdi[text() = \"OK\"]"}
RESULT: {"using":"xpath","value":"//bdi[text() = \"OK\"]"}
COMMAND: POST /session/ba8f8306183d693af77ab2140b410afd/element/f.389042B4FF7C30867E20C40CA0954A5B.d.319BD23D098A8136AA2D29420FD9C75F.e.749/click - {}
RESULT: {}
COMMAND: GET /session/ba8f8306183d693af77ab2140b410afd/screenshot - {}
RESULT: {}
COMMAND: POST /session/ba8f8306183d693af77ab2140b410afd/element - {"using":"xpath","value":"//button[contains(@id,\"uploadBtn\")]"}
RESULT: {"using":"xpath","value":"//button[contains(@id,\"uploadBtn\")]"}
COMMAND: POST /session/ba8f8306183d693af77ab2140b410afd/element/f.389042B4FF7C30867E20C40CA0954A5B.d.319BD23D098A8136AA2D29420FD9C75F.e.285/click - {}
RESULT: {}
COMMAND: GET /session/ba8f8306183d693af77ab2140b410afd/screenshot - {}
RESULT: {}
COMMAND: POST /session/ba8f8306183d693af77ab2140b410afd/element - {"using":"xpath","value":"//button[.//bdi[contains(text(),\"Refresh Logs\")]]"}
RESULT: {"using":"xpath","value":"//button[.//bdi[contains(text(),\"Refresh Logs\")]]"}
COMMAND: POST /session/ba8f8306183d693af77ab2140b410afd/element/f.389042B4FF7C30867E20C40CA0954A5B.d.319BD23D098A8136AA2D29420FD9C75F.e.755/click - {}
RESULT: {}
COMMAND: GET /session/ba8f8306183d693af77ab2140b410afd/screenshot - {}
RESULT: {}
COMMAND: POST /session/ba8f8306183d693af77ab2140b410afd/element - {"using":"xpath","value":"//table[contains(@id,\"customHandoversTable-listUl\")]/tbody/tr[1]/td[4]/span"}
RESULT: {"using":"xpath","value":"//table[contains(@id,\"customHandoversTable-listUl\")]/tbody/tr[1]/td[4]/span"}
COMMAND: POST /session/ba8f8306183d693af77ab2140b410afd/execute/sync - {"script":"<script> [56 bytes]","args":[{"element-6066-11e4-a52e-4f735466cecf":"f.389042B4FF7C30867E20C40CA0954A5B.d.319BD23D098A8136AA2D29420FD9C75F.e.1046","ELEMENT":"f.389042B4FF7C30867E20C40CA0954A5B.d.319BD23D098A8136AA2D29420FD9C75F.e.1046"}]}
RESULT: {"script":"<script> [56 bytes]","args":[{"element-6066-11e4-a52e-4f735466cecf":"f.389042B4FF7C30867E20C40CA0954A5B.d.319BD23D098A8136AA2D29420FD9C75F.e.1046","ELEMENT":"f.389042B4FF7C30867E20C40CA0954A5B.d.319BD23D098A8136AA2D29420FD9C75F.e.1046"}]}
COMMAND: POST /session/ba8f8306183d693af77ab2140b410afd/element - {"using":"xpath","value":"//table[contains(@id,\"customHandoversTable-listUl\")]/tbody/tr[1]/td[7]/div/span[2]"}
COMMAND: GET /session/ba8f8306183d693af77ab2140b410afd/screenshot - {}
RESULT: {"using":"xpath","value":"//table[contains(@id,\"customHandoversTable-listUl\")]/tbody/tr[1]/td[7]/div/span[2]"}
COMMAND: POST /session/ba8f8306183d693af77ab2140b410afd/execute/sync - {"script":"<script> [56 bytes]","args":[{"element-6066-11e4-a52e-4f735466cecf":"f.389042B4FF7C30867E20C40CA0954A5B.d.319BD23D098A8136AA2D29420FD9C75F.e.1047","ELEMENT":"f.389042B4FF7C30867E20C40CA0954A5B.d.319BD23D098A8136AA2D29420FD9C75F.e.1047"}]}
RESULT: {}
RESULT: {"script":"<script> [56 bytes]","args":[{"element-6066-11e4-a52e-4f735466cecf":"f.389042B4FF7C30867E20C40CA0954A5B.d.319BD23D098A8136AA2D29420FD9C75F.e.1047","ELEMENT":"f.389042B4FF7C30867E20C40CA0954A5B.d.319BD23D098A8136AA2D29420FD9C75F.e.1047"}]}
COMMAND: POST /session/ba8f8306183d693af77ab2140b410afd/element - {"using":"xpath","value":"//table[contains(@id,\"customHandoversTable-listUl\")]/tbody/tr[1]/td[8]/div/span[2]"}
COMMAND: GET /session/ba8f8306183d693af77ab2140b410afd/screenshot - {}
RESULT: {"using":"xpath","value":"//table[contains(@id,\"customHandoversTable-listUl\")]/tbody/tr[1]/td[8]/div/span[2]"}
COMMAND: POST /session/ba8f8306183d693af77ab2140b410afd/execute/sync - {"script":"<script> [56 bytes]","args":[{"element-6066-11e4-a52e-4f735466cecf":"f.389042B4FF7C30867E20C40CA0954A5B.d.319BD23D098A8136AA2D29420FD9C75F.e.1050","ELEMENT":"f.389042B4FF7C30867E20C40CA0954A5B.d.319BD23D098A8136AA2D29420FD9C75F.e.1050"}]}
RESULT: {}
RESULT: {"script":"<script> [56 bytes]","args":[{"element-6066-11e4-a52e-4f735466cecf":"f.389042B4FF7C30867E20C40CA0954A5B.d.319BD23D098A8136AA2D29420FD9C75F.e.1050","ELEMENT":"f.389042B4FF7C30867E20C40CA0954A5B.d.319BD23D098A8136AA2D29420FD9C75F.e.1050"}]}
COMMAND: GET /session/ba8f8306183d693af77ab2140b410afd/screenshot - {}
RESULT: {}
RESULT: undefined
COMMAND: POST /session/ba8f8306183d693af77ab2140b410afd/element - {"using":"xpath","value":"//*[@id=\"__filter0-icon\"]"}
RESULT: {"using":"xpath","value":"//*[@id=\"__filter0-icon\"]"}
COMMAND: POST /session/ba8f8306183d693af77ab2140b410afd/element/f.389042B4FF7C30867E20C40CA0954A5B.d.319BD23D098A8136AA2D29420FD9C75F.e.613/click - {}
RESULT: {}
COMMAND: GET /session/ba8f8306183d693af77ab2140b410afd/screenshot - {}
RESULT: {}
]]></system-out>
    </testcase>
    <testcase classname="chrome.137_0_7151_69.windows.Tests_for_DXCW_CAE_environment,_including_specific_login_to_the_system_US" name="Should upload compound partner files entry used for later tests as master data US156291" time="63.954">
      <system-out><![CDATA[
COMMAND: POST /session/ba8f8306183d693af77ab2140b410afd/element - {"using":"xpath","value":"//bdi[contains(text(), \"Create new Draft\")]"}
RESULT: {"using":"xpath","value":"//bdi[contains(text(), \"Create new Draft\")]"}
COMMAND: POST /session/ba8f8306183d693af77ab2140b410afd/element/f.389042B4FF7C30867E20C40CA0954A5B.d.319BD23D098A8136AA2D29420FD9C75F.e.1054/click - {}
RESULT: {}
COMMAND: GET /session/ba8f8306183d693af77ab2140b410afd/screenshot - {}
RESULT: {}
COMMAND: POST /session/ba8f8306183d693af77ab2140b410afd/element - {"using":"xpath","value":"//li[.//div[text()=\"Partners\"]]"}
RESULT: {"using":"xpath","value":"//li[.//div[text()=\"Partners\"]]"}
COMMAND: POST /session/ba8f8306183d693af77ab2140b410afd/element/f.389042B4FF7C30867E20C40CA0954A5B.d.319BD23D098A8136AA2D29420FD9C75F.e.1171/click - {}
RESULT: {}
COMMAND: GET /session/ba8f8306183d693af77ab2140b410afd/screenshot - {}
COMMAND: POST /session/ba8f8306183d693af77ab2140b410afd/file - {"file":"[base64] 6748 bytes"}
RESULT: {}
RESULT: {"file":"[base64] 6748 bytes"}
COMMAND: POST /session/ba8f8306183d693af77ab2140b410afd/element - {"using":"xpath","value":"//input[(@type=\"file\") and contains(@id,\"BOList-4-0-1-uploader-fu\")]"}
RESULT: {"using":"xpath","value":"//input[(@type=\"file\") and contains(@id,\"BOList-4-0-1-uploader-fu\")]"}
COMMAND: POST /session/ba8f8306183d693af77ab2140b410afd/element/f.389042B4FF7C30867E20C40CA0954A5B.d.319BD23D098A8136AA2D29420FD9C75F.e.1183/clear - {}
RESULT: {}
COMMAND: POST /session/ba8f8306183d693af77ab2140b410afd/element/f.389042B4FF7C30867E20C40CA0954A5B.d.319BD23D098A8136AA2D29420FD9C75F.e.1183/value - {"text":"C:\\Windows\\SystemTemp\\scoped_dir4840_2122868118\\upload4840_1349089810\\Partners.xlsx"}
COMMAND: GET /session/ba8f8306183d693af77ab2140b410afd/screenshot - {}
RESULT: {"text":"C:\\Windows\\SystemTemp\\scoped_dir4840_2122868118\\upload4840_1349089810\\Partners.xlsx"}
COMMAND: GET /session/ba8f8306183d693af77ab2140b410afd/screenshot - {}
RESULT: {}
RESULT: {}
COMMAND: POST /session/ba8f8306183d693af77ab2140b410afd/element - {"using":"xpath","value":"//bdi[contains(text(), \"Match by name\")]"}
RESULT: {"using":"xpath","value":"//bdi[contains(text(), \"Match by name\")]"}
COMMAND: POST /session/ba8f8306183d693af77ab2140b410afd/element/f.389042B4FF7C30867E20C40CA0954A5B.d.319BD23D098A8136AA2D29420FD9C75F.e.1193/click - {}
RESULT: {}
COMMAND: GET /session/ba8f8306183d693af77ab2140b410afd/screenshot - {}
RESULT: {}
COMMAND: POST /session/ba8f8306183d693af77ab2140b410afd/element - {"using":"xpath","value":"//bdi[text() = \"OK\"]"}
RESULT: {"using":"xpath","value":"//bdi[text() = \"OK\"]"}
COMMAND: POST /session/ba8f8306183d693af77ab2140b410afd/element/f.389042B4FF7C30867E20C40CA0954A5B.d.319BD23D098A8136AA2D29420FD9C75F.e.1194/click - {}
RESULT: {}
COMMAND: GET /session/ba8f8306183d693af77ab2140b410afd/screenshot - {}
RESULT: {}
COMMAND: POST /session/ba8f8306183d693af77ab2140b410afd/file - {"file":"[base64] 6424 bytes"}
RESULT: {"file":"[base64] 6424 bytes"}
COMMAND: POST /session/ba8f8306183d693af77ab2140b410afd/element - {"using":"xpath","value":"//input[(@type=\"file\") and contains(@id,\"BOList-4-1-1-uploader-fu\")]"}
RESULT: {"using":"xpath","value":"//input[(@type=\"file\") and contains(@id,\"BOList-4-1-1-uploader-fu\")]"}
COMMAND: POST /session/ba8f8306183d693af77ab2140b410afd/element/f.389042B4FF7C30867E20C40CA0954A5B.d.319BD23D098A8136AA2D29420FD9C75F.e.1197/clear - {}
RESULT: {}
COMMAND: POST /session/ba8f8306183d693af77ab2140b410afd/element/f.389042B4FF7C30867E20C40CA0954A5B.d.319BD23D098A8136AA2D29420FD9C75F.e.1197/value - {"text":"C:\\Windows\\SystemTemp\\scoped_dir4840_2122868118\\upload4840_161153191\\YardsPartners.xlsx"}
COMMAND: GET /session/ba8f8306183d693af77ab2140b410afd/screenshot - {}
RESULT: {"text":"C:\\Windows\\SystemTemp\\scoped_dir4840_2122868118\\upload4840_161153191\\YardsPartners.xlsx"}
COMMAND: GET /session/ba8f8306183d693af77ab2140b410afd/screenshot - {}
RESULT: {}
RESULT: {}
COMMAND: POST /session/ba8f8306183d693af77ab2140b410afd/element - {"using":"xpath","value":"//bdi[contains(text(), \"Match by name\")]"}
RESULT: {"using":"xpath","value":"//bdi[contains(text(), \"Match by name\")]"}
COMMAND: POST /session/ba8f8306183d693af77ab2140b410afd/element/f.389042B4FF7C30867E20C40CA0954A5B.d.319BD23D098A8136AA2D29420FD9C75F.e.1205/click - {}
RESULT: {}
COMMAND: GET /session/ba8f8306183d693af77ab2140b410afd/screenshot - {}
RESULT: {}
COMMAND: POST /session/ba8f8306183d693af77ab2140b410afd/element - {"using":"xpath","value":"//bdi[text() = \"OK\"]"}
RESULT: {"using":"xpath","value":"//bdi[text() = \"OK\"]"}
COMMAND: POST /session/ba8f8306183d693af77ab2140b410afd/element/f.389042B4FF7C30867E20C40CA0954A5B.d.319BD23D098A8136AA2D29420FD9C75F.e.1206/click - {}
RESULT: {}
COMMAND: GET /session/ba8f8306183d693af77ab2140b410afd/screenshot - {}
RESULT: {}
COMMAND: POST /session/ba8f8306183d693af77ab2140b410afd/execute/async - {"script":"<script> [1562 bytes]","args":[{"selector":{"controlType":"sap.m.Switch","viewName":"bbs.dxcw.migration.view.migration.MigrationNewDraft","bindingPath":{"path":"","propertyPath":"/isComposition","modelName":"ContentModel"},"interaction":{"idSuffix":"textoff"}},"wdio_ui5_key":"bbsdxcw.migration.view.migration.MigrationNewDraftsap.m.Switch{\"path\":\"\",\"propertyPath\":\"/isComposition\",\"modelName\":\"ContentModel\"}"}]}
RESULT: {"script":"<script> [1562 bytes]","args":[{"selector":{"controlType":"sap.m.Switch","viewName":"bbs.dxcw.migration.view.migration.MigrationNewDraft","bindingPath":{"path":"","propertyPath":"/isComposition","modelName":"ContentModel"},"interaction":{"idSuffix":"textoff"}},"wdio_ui5_key":"bbsdxcw.migration.view.migration.MigrationNewDraftsap.m.Switch{\"path\":\"\",\"propertyPath\":\"/isComposition\",\"modelName\":\"ContentModel\"}"}]}
RESULT: undefined
COMMAND: POST /session/ba8f8306183d693af77ab2140b410afd/element - {"using":"xpath","value":"//*[@id=\"__switch0\"]"}
RESULT: {"using":"xpath","value":"//*[@id=\"__switch0\"]"}
COMMAND: POST /session/ba8f8306183d693af77ab2140b410afd/element/f.389042B4FF7C30867E20C40CA0954A5B.d.319BD23D098A8136AA2D29420FD9C75F.e.277/click - {}
RESULT: {}
COMMAND: POST /session/ba8f8306183d693af77ab2140b410afd/element - {"using":"xpath","value":"//button[contains(@id,\"uploadBtn\")]"}
COMMAND: GET /session/ba8f8306183d693af77ab2140b410afd/screenshot - {}
RESULT: {"using":"xpath","value":"//button[contains(@id,\"uploadBtn\")]"}
COMMAND: POST /session/ba8f8306183d693af77ab2140b410afd/element/f.389042B4FF7C30867E20C40CA0954A5B.d.319BD23D098A8136AA2D29420FD9C75F.e.285/click - {}
RESULT: {}
RESULT: {}
COMMAND: GET /session/ba8f8306183d693af77ab2140b410afd/screenshot - {}
RESULT: {}
COMMAND: POST /session/ba8f8306183d693af77ab2140b410afd/element - {"using":"xpath","value":"//button[.//bdi[contains(text(),\"Refresh Logs\")]]"}
RESULT: {"using":"xpath","value":"//button[.//bdi[contains(text(),\"Refresh Logs\")]]"}
COMMAND: POST /session/ba8f8306183d693af77ab2140b410afd/element/f.389042B4FF7C30867E20C40CA0954A5B.d.319BD23D098A8136AA2D29420FD9C75F.e.1218/click - {}
RESULT: {}
COMMAND: GET /session/ba8f8306183d693af77ab2140b410afd/screenshot - {}
RESULT: {}
COMMAND: POST /session/ba8f8306183d693af77ab2140b410afd/element - {"using":"xpath","value":"//table[contains(@id,\"customHandoversTable-listUl\")]/tbody/tr[1]/td[4]/span"}
RESULT: {"using":"xpath","value":"//table[contains(@id,\"customHandoversTable-listUl\")]/tbody/tr[1]/td[4]/span"}
COMMAND: POST /session/ba8f8306183d693af77ab2140b410afd/execute/sync - {"script":"<script> [56 bytes]","args":[{"element-6066-11e4-a52e-4f735466cecf":"f.389042B4FF7C30867E20C40CA0954A5B.d.319BD23D098A8136AA2D29420FD9C75F.e.1509","ELEMENT":"f.389042B4FF7C30867E20C40CA0954A5B.d.319BD23D098A8136AA2D29420FD9C75F.e.1509"}]}
RESULT: {"script":"<script> [56 bytes]","args":[{"element-6066-11e4-a52e-4f735466cecf":"f.389042B4FF7C30867E20C40CA0954A5B.d.319BD23D098A8136AA2D29420FD9C75F.e.1509","ELEMENT":"f.389042B4FF7C30867E20C40CA0954A5B.d.319BD23D098A8136AA2D29420FD9C75F.e.1509"}]}
COMMAND: POST /session/ba8f8306183d693af77ab2140b410afd/element - {"using":"xpath","value":"//table[contains(@id,\"customHandoversTable-listUl\")]/tbody/tr[1]/td[7]/div/span[2]"}
COMMAND: GET /session/ba8f8306183d693af77ab2140b410afd/screenshot - {}
RESULT: {"using":"xpath","value":"//table[contains(@id,\"customHandoversTable-listUl\")]/tbody/tr[1]/td[7]/div/span[2]"}
COMMAND: POST /session/ba8f8306183d693af77ab2140b410afd/execute/sync - {"script":"<script> [56 bytes]","args":[{"element-6066-11e4-a52e-4f735466cecf":"f.389042B4FF7C30867E20C40CA0954A5B.d.319BD23D098A8136AA2D29420FD9C75F.e.1510","ELEMENT":"f.389042B4FF7C30867E20C40CA0954A5B.d.319BD23D098A8136AA2D29420FD9C75F.e.1510"}]}
RESULT: {}
RESULT: {"script":"<script> [56 bytes]","args":[{"element-6066-11e4-a52e-4f735466cecf":"f.389042B4FF7C30867E20C40CA0954A5B.d.319BD23D098A8136AA2D29420FD9C75F.e.1510","ELEMENT":"f.389042B4FF7C30867E20C40CA0954A5B.d.319BD23D098A8136AA2D29420FD9C75F.e.1510"}]}
COMMAND: POST /session/ba8f8306183d693af77ab2140b410afd/element - {"using":"xpath","value":"//table[contains(@id,\"customHandoversTable-listUl\")]/tbody/tr[1]/td[8]/div/span[2]"}
COMMAND: GET /session/ba8f8306183d693af77ab2140b410afd/screenshot - {}
RESULT: {"using":"xpath","value":"//table[contains(@id,\"customHandoversTable-listUl\")]/tbody/tr[1]/td[8]/div/span[2]"}
COMMAND: POST /session/ba8f8306183d693af77ab2140b410afd/execute/sync - {"script":"<script> [56 bytes]","args":[{"element-6066-11e4-a52e-4f735466cecf":"f.389042B4FF7C30867E20C40CA0954A5B.d.319BD23D098A8136AA2D29420FD9C75F.e.1513","ELEMENT":"f.389042B4FF7C30867E20C40CA0954A5B.d.319BD23D098A8136AA2D29420FD9C75F.e.1513"}]}
RESULT: {}
RESULT: {"script":"<script> [56 bytes]","args":[{"element-6066-11e4-a52e-4f735466cecf":"f.389042B4FF7C30867E20C40CA0954A5B.d.319BD23D098A8136AA2D29420FD9C75F.e.1513","ELEMENT":"f.389042B4FF7C30867E20C40CA0954A5B.d.319BD23D098A8136AA2D29420FD9C75F.e.1513"}]}
COMMAND: GET /session/ba8f8306183d693af77ab2140b410afd/screenshot - {}
RESULT: {}
RESULT: undefined
COMMAND: POST /session/ba8f8306183d693af77ab2140b410afd/element - {"using":"xpath","value":"//*[@id=\"__filter0-icon\"]"}
RESULT: {"using":"xpath","value":"//*[@id=\"__filter0-icon\"]"}
COMMAND: POST /session/ba8f8306183d693af77ab2140b410afd/element/f.389042B4FF7C30867E20C40CA0954A5B.d.319BD23D098A8136AA2D29420FD9C75F.e.613/click - {}
RESULT: {}
COMMAND: GET /session/ba8f8306183d693af77ab2140b410afd/screenshot - {}
RESULT: {}
]]></system-out>
    </testcase>
    <testcase classname="chrome.137_0_7151_69.windows.Tests_for_DXCW_CAE_environment,_including_specific_login_to_the_system_US" name="Should upload site file entry used for later tests as master data US156291" time="56.298">
      <system-out><![CDATA[
COMMAND: POST /session/ba8f8306183d693af77ab2140b410afd/element - {"using":"xpath","value":"//bdi[contains(text(), \"Create new Draft\")]"}
RESULT: {"using":"xpath","value":"//bdi[contains(text(), \"Create new Draft\")]"}
COMMAND: POST /session/ba8f8306183d693af77ab2140b410afd/element/f.389042B4FF7C30867E20C40CA0954A5B.d.319BD23D098A8136AA2D29420FD9C75F.e.1517/click - {}
RESULT: {}
COMMAND: GET /session/ba8f8306183d693af77ab2140b410afd/screenshot - {}
RESULT: {}
COMMAND: POST /session/ba8f8306183d693af77ab2140b410afd/element - {"using":"xpath","value":"//li[.//div[text()=\"Sites\"]]"}
RESULT: {"using":"xpath","value":"//li[.//div[text()=\"Sites\"]]"}
COMMAND: POST /session/ba8f8306183d693af77ab2140b410afd/element/f.389042B4FF7C30867E20C40CA0954A5B.d.319BD23D098A8136AA2D29420FD9C75F.e.1176/click - {}
RESULT: {}
COMMAND: GET /session/ba8f8306183d693af77ab2140b410afd/screenshot - {}
COMMAND: POST /session/ba8f8306183d693af77ab2140b410afd/file - {"file":"[base64] 6440 bytes"}
RESULT: {}
RESULT: {"file":"[base64] 6440 bytes"}
COMMAND: POST /session/ba8f8306183d693af77ab2140b410afd/element - {"using":"xpath","value":"//input[(@type=\"file\") and contains(@id,\"BOList-9-0-1-uploader-fu\")]"}
RESULT: {"using":"xpath","value":"//input[(@type=\"file\") and contains(@id,\"BOList-9-0-1-uploader-fu\")]"}
COMMAND: POST /session/ba8f8306183d693af77ab2140b410afd/element/f.389042B4FF7C30867E20C40CA0954A5B.d.319BD23D098A8136AA2D29420FD9C75F.e.1634/clear - {}
RESULT: {}
COMMAND: POST /session/ba8f8306183d693af77ab2140b410afd/element/f.389042B4FF7C30867E20C40CA0954A5B.d.319BD23D098A8136AA2D29420FD9C75F.e.1634/value - {"text":"C:\\Windows\\SystemTemp\\scoped_dir4840_2122868118\\upload4840_267597332\\Sites.xlsx"}
COMMAND: GET /session/ba8f8306183d693af77ab2140b410afd/screenshot - {}
RESULT: {"text":"C:\\Windows\\SystemTemp\\scoped_dir4840_2122868118\\upload4840_267597332\\Sites.xlsx"}
COMMAND: GET /session/ba8f8306183d693af77ab2140b410afd/screenshot - {}
RESULT: {}
RESULT: {}
COMMAND: POST /session/ba8f8306183d693af77ab2140b410afd/element - {"using":"xpath","value":"//bdi[contains(text(), \"Match by name\")]"}
RESULT: {"using":"xpath","value":"//bdi[contains(text(), \"Match by name\")]"}
COMMAND: POST /session/ba8f8306183d693af77ab2140b410afd/element/f.389042B4FF7C30867E20C40CA0954A5B.d.319BD23D098A8136AA2D29420FD9C75F.e.1642/click - {}
RESULT: {}
COMMAND: GET /session/ba8f8306183d693af77ab2140b410afd/screenshot - {}
RESULT: {}
COMMAND: POST /session/ba8f8306183d693af77ab2140b410afd/element - {"using":"xpath","value":"//bdi[text() = \"OK\"]"}
RESULT: {"using":"xpath","value":"//bdi[text() = \"OK\"]"}
COMMAND: POST /session/ba8f8306183d693af77ab2140b410afd/element/f.389042B4FF7C30867E20C40CA0954A5B.d.319BD23D098A8136AA2D29420FD9C75F.e.1643/click - {}
RESULT: {}
COMMAND: GET /session/ba8f8306183d693af77ab2140b410afd/screenshot - {}
RESULT: {}
COMMAND: POST /session/ba8f8306183d693af77ab2140b410afd/element - {"using":"xpath","value":"//button[contains(@id,\"uploadBtn\")]"}
RESULT: {"using":"xpath","value":"//button[contains(@id,\"uploadBtn\")]"}
COMMAND: POST /session/ba8f8306183d693af77ab2140b410afd/element/f.389042B4FF7C30867E20C40CA0954A5B.d.319BD23D098A8136AA2D29420FD9C75F.e.285/click - {}
RESULT: {}
COMMAND: GET /session/ba8f8306183d693af77ab2140b410afd/screenshot - {}
RESULT: {}
COMMAND: POST /session/ba8f8306183d693af77ab2140b410afd/element - {"using":"xpath","value":"//button[.//bdi[contains(text(),\"Refresh Logs\")]]"}
RESULT: {"using":"xpath","value":"//button[.//bdi[contains(text(),\"Refresh Logs\")]]"}
COMMAND: POST /session/ba8f8306183d693af77ab2140b410afd/element/f.389042B4FF7C30867E20C40CA0954A5B.d.319BD23D098A8136AA2D29420FD9C75F.e.1650/click - {}
RESULT: {}
COMMAND: GET /session/ba8f8306183d693af77ab2140b410afd/screenshot - {}
RESULT: {}
COMMAND: POST /session/ba8f8306183d693af77ab2140b410afd/element - {"using":"xpath","value":"//table[contains(@id,\"customHandoversTable-listUl\")]/tbody/tr[1]/td[4]/span"}
RESULT: {"using":"xpath","value":"//table[contains(@id,\"customHandoversTable-listUl\")]/tbody/tr[1]/td[4]/span"}
COMMAND: POST /session/ba8f8306183d693af77ab2140b410afd/execute/sync - {"script":"<script> [56 bytes]","args":[{"element-6066-11e4-a52e-4f735466cecf":"f.389042B4FF7C30867E20C40CA0954A5B.d.319BD23D098A8136AA2D29420FD9C75F.e.1937","ELEMENT":"f.389042B4FF7C30867E20C40CA0954A5B.d.319BD23D098A8136AA2D29420FD9C75F.e.1937"}]}
RESULT: {"script":"<script> [56 bytes]","args":[{"element-6066-11e4-a52e-4f735466cecf":"f.389042B4FF7C30867E20C40CA0954A5B.d.319BD23D098A8136AA2D29420FD9C75F.e.1937","ELEMENT":"f.389042B4FF7C30867E20C40CA0954A5B.d.319BD23D098A8136AA2D29420FD9C75F.e.1937"}]}
COMMAND: POST /session/ba8f8306183d693af77ab2140b410afd/element - {"using":"xpath","value":"//table[contains(@id,\"customHandoversTable-listUl\")]/tbody/tr[1]/td[7]/div/span[2]"}
COMMAND: GET /session/ba8f8306183d693af77ab2140b410afd/screenshot - {}
RESULT: {"using":"xpath","value":"//table[contains(@id,\"customHandoversTable-listUl\")]/tbody/tr[1]/td[7]/div/span[2]"}
COMMAND: POST /session/ba8f8306183d693af77ab2140b410afd/execute/sync - {"script":"<script> [56 bytes]","args":[{"element-6066-11e4-a52e-4f735466cecf":"f.389042B4FF7C30867E20C40CA0954A5B.d.319BD23D098A8136AA2D29420FD9C75F.e.1938","ELEMENT":"f.389042B4FF7C30867E20C40CA0954A5B.d.319BD23D098A8136AA2D29420FD9C75F.e.1938"}]}
RESULT: {}
RESULT: {"script":"<script> [56 bytes]","args":[{"element-6066-11e4-a52e-4f735466cecf":"f.389042B4FF7C30867E20C40CA0954A5B.d.319BD23D098A8136AA2D29420FD9C75F.e.1938","ELEMENT":"f.389042B4FF7C30867E20C40CA0954A5B.d.319BD23D098A8136AA2D29420FD9C75F.e.1938"}]}
COMMAND: POST /session/ba8f8306183d693af77ab2140b410afd/element - {"using":"xpath","value":"//table[contains(@id,\"customHandoversTable-listUl\")]/tbody/tr[1]/td[8]/div/span[2]"}
COMMAND: GET /session/ba8f8306183d693af77ab2140b410afd/screenshot - {}
RESULT: {"using":"xpath","value":"//table[contains(@id,\"customHandoversTable-listUl\")]/tbody/tr[1]/td[8]/div/span[2]"}
COMMAND: POST /session/ba8f8306183d693af77ab2140b410afd/execute/sync - {"script":"<script> [56 bytes]","args":[{"element-6066-11e4-a52e-4f735466cecf":"f.389042B4FF7C30867E20C40CA0954A5B.d.319BD23D098A8136AA2D29420FD9C75F.e.1941","ELEMENT":"f.389042B4FF7C30867E20C40CA0954A5B.d.319BD23D098A8136AA2D29420FD9C75F.e.1941"}]}
RESULT: {}
RESULT: {"script":"<script> [56 bytes]","args":[{"element-6066-11e4-a52e-4f735466cecf":"f.389042B4FF7C30867E20C40CA0954A5B.d.319BD23D098A8136AA2D29420FD9C75F.e.1941","ELEMENT":"f.389042B4FF7C30867E20C40CA0954A5B.d.319BD23D098A8136AA2D29420FD9C75F.e.1941"}]}
COMMAND: GET /session/ba8f8306183d693af77ab2140b410afd/screenshot - {}
RESULT: {}
RESULT: undefined
COMMAND: POST /session/ba8f8306183d693af77ab2140b410afd/element - {"using":"xpath","value":"//*[@id=\"__filter0-icon\"]"}
RESULT: {"using":"xpath","value":"//*[@id=\"__filter0-icon\"]"}
COMMAND: POST /session/ba8f8306183d693af77ab2140b410afd/element/f.389042B4FF7C30867E20C40CA0954A5B.d.319BD23D098A8136AA2D29420FD9C75F.e.613/click - {}
RESULT: {}
COMMAND: GET /session/ba8f8306183d693af77ab2140b410afd/screenshot - {}
RESULT: {}
COMMAND: POST /session/ba8f8306183d693af77ab2140b410afd/element - {"using":"css selector","value":"#shell-header-logo"}
RESULT: {"using":"css selector","value":"#shell-header-logo"}
COMMAND: POST /session/ba8f8306183d693af77ab2140b410afd/element/f.389042B4FF7C30867E20C40CA0954A5B.d.319BD23D098A8136AA2D29420FD9C75F.e.122/click - {}
RESULT: {}
COMMAND: GET /session/ba8f8306183d693af77ab2140b410afd/screenshot - {}
RESULT: {}
COMMAND: POST /session/ba8f8306183d693af77ab2140b410afd/element - {"using":"css selector","value":"#j_username"}
COMMAND: POST /session/ba8f8306183d693af77ab2140b410afd/url - {"url":"https://qa-testing-00-live-etm-ui.cfapps.eu10-004.hana.ondemand.com/"}
RESULT: {"using":"css selector","value":"#j_username"}
COMMAND: POST /session/ba8f8306183d693af77ab2140b410afd/element - {"using":"css selector","value":"#j_username"}
RESULT: {"url":"https://qa-testing-00-live-etm-ui.cfapps.eu10-004.hana.ondemand.com/"}
RESULT: undefined
COMMAND: GET /session/ba8f8306183d693af77ab2140b410afd/screenshot - {}
RESULT: {"using":"css selector","value":"#j_username"}
COMMAND: POST /session/ba8f8306183d693af77ab2140b410afd/element - {"using":"css selector","value":"#shell-header-logo"}
RESULT: {}
RESULT: {"using":"css selector","value":"#shell-header-logo"}
COMMAND: POST /session/ba8f8306183d693af77ab2140b410afd/element - {"using":"css selector","value":"#shell-header-logo"}
RESULT: {"using":"css selector","value":"#shell-header-logo"}
COMMAND: POST /session/ba8f8306183d693af77ab2140b410afd/execute/sync - {"script":"<script> [8489 bytes]","args":[{"element-6066-11e4-a52e-4f735466cecf":"f.389042B4FF7C30867E20C40CA0954A5B.d.58D1974E088738DC3D097E656A5F519D.e.1951","ELEMENT":"f.389042B4FF7C30867E20C40CA0954A5B.d.58D1974E088738DC3D097E656A5F519D.e.1951"}]}
RESULT: {"script":"<script> [8489 bytes]","args":[{"element-6066-11e4-a52e-4f735466cecf":"f.389042B4FF7C30867E20C40CA0954A5B.d.58D1974E088738DC3D097E656A5F519D.e.1951","ELEMENT":"f.389042B4FF7C30867E20C40CA0954A5B.d.58D1974E088738DC3D097E656A5F519D.e.1951"}]}
COMMAND: POST /session/ba8f8306183d693af77ab2140b410afd/element - {"using":"css selector","value":"#shell-header-logo"}
COMMAND: GET /session/ba8f8306183d693af77ab2140b410afd/screenshot - {}
RESULT: {"using":"css selector","value":"#shell-header-logo"}
COMMAND: POST /session/ba8f8306183d693af77ab2140b410afd/execute/sync - {"script":"<script> [8489 bytes]","args":[{"element-6066-11e4-a52e-4f735466cecf":"f.389042B4FF7C30867E20C40CA0954A5B.d.58D1974E088738DC3D097E656A5F519D.e.1951","ELEMENT":"f.389042B4FF7C30867E20C40CA0954A5B.d.58D1974E088738DC3D097E656A5F519D.e.1951"}]}
RESULT: {}
RESULT: {"script":"<script> [8489 bytes]","args":[{"element-6066-11e4-a52e-4f735466cecf":"f.389042B4FF7C30867E20C40CA0954A5B.d.58D1974E088738DC3D097E656A5F519D.e.1951","ELEMENT":"f.389042B4FF7C30867E20C40CA0954A5B.d.58D1974E088738DC3D097E656A5F519D.e.1951"}]}
COMMAND: POST /session/ba8f8306183d693af77ab2140b410afd/execute/sync - {"script":"<script> [5351 bytes]","args":[{"element-6066-11e4-a52e-4f735466cecf":"f.389042B4FF7C30867E20C40CA0954A5B.d.58D1974E088738DC3D097E656A5F519D.e.1951","ELEMENT":"f.389042B4FF7C30867E20C40CA0954A5B.d.58D1974E088738DC3D097E656A5F519D.e.1951"}]}
COMMAND: GET /session/ba8f8306183d693af77ab2140b410afd/screenshot - {}
RESULT: {}
RESULT: {"script":"<script> [5351 bytes]","args":[{"element-6066-11e4-a52e-4f735466cecf":"f.389042B4FF7C30867E20C40CA0954A5B.d.58D1974E088738DC3D097E656A5F519D.e.1951","ELEMENT":"f.389042B4FF7C30867E20C40CA0954A5B.d.58D1974E088738DC3D097E656A5F519D.e.1951"}]}
COMMAND: POST /session/ba8f8306183d693af77ab2140b410afd/element - {"using":"css selector","value":"#shell-header-logo"}
COMMAND: GET /session/ba8f8306183d693af77ab2140b410afd/screenshot - {}
RESULT: {"using":"css selector","value":"#shell-header-logo"}
COMMAND: POST /session/ba8f8306183d693af77ab2140b410afd/element/f.389042B4FF7C30867E20C40CA0954A5B.d.58D1974E088738DC3D097E656A5F519D.e.1951/click - {}
RESULT: {}
RESULT: {}
COMMAND: GET /session/ba8f8306183d693af77ab2140b410afd/screenshot - {}
RESULT: {}
COMMAND: POST /session/ba8f8306183d693af77ab2140b410afd/execute/async - {"script":"<script> [189 bytes]","args":[]}
RESULT: {"script":"<script> [189 bytes]","args":[]}
COMMAND: POST /session/ba8f8306183d693af77ab2140b410afd/execute/async - {"script":"<script> [123 bytes]","args":[]}
RESULT: {"script":"<script> [123 bytes]","args":[]}
COMMAND: POST /session/ba8f8306183d693af77ab2140b410afd/timeouts - {"script":"<number>"}
RESULT: {"script":"<number>"}
COMMAND: GET /session/ba8f8306183d693af77ab2140b410afd/timeouts - {}
RESULT: {}
RESULT: undefined
COMMAND: POST /session/ba8f8306183d693af77ab2140b410afd/execute/async - {"script":"<script> [2676 bytes]","args":[]}
RESULT: {"script":"<script> [2676 bytes]","args":[]}
COMMAND: POST /session/ba8f8306183d693af77ab2140b410afd/execute/async - {"script":"<script> [2342 bytes]","args":[{"protocol":"http","hostname":"0.0.0.0","path":"/","capabilities":{"browserName":"chrome","goog:chromeOptions":{"binary":"C:\\Program Files\\Google\\Chrome\\Application\\chrome.exe","args":["--start-maximized"]}},"logLevel":"warn","connectionRetryTimeout":120000,"connectionRetryCount":3,"logLevels":{},"enableDirectConnect":true,"strictSSL":true,"_":"65 more keys: [\"cacheDir\",\"port\",\"requestedCapabilities\",\"automationProtocol\",\"baseUrl\",\"waitforInterval\",\"waitforTimeout\",\"onReload\",\"beforeCommand\",\"afterCommand\",\"rootDir\",\"specs\",\"suites\",\"exclude\",\"groupLogsByTestSpec\",\"excludeDriverLogs\",\"bail\",\"framework\",\"reporters\",\"services\",\"maxInstances\",\"maxInstancesPerCapability\",\"injectGlobals\",\"filesToWatch\",\"execArgv\",\"runnerEnv\",\"runner\",\"shard\",\"specFileRetries\",\"specFileRetriesDelay\",\"specFileRetriesDeferred\",\"reporterSyncInterval\",\"reporterSyncTimeout\",\"cucumberFeaturesWithLineNumbers\",\"autoCompileOpts\",\"mochaOpts\",\"jasmineOpts\",\"cucumberOpts\",\"onPrepare\",\"onWorkerStart\",\"onWorkerEnd\",\"before\",\"beforeSession\",\"beforeSuite\",\"beforeHook\",\"beforeTest\",\"afterTest\",\"afterHook\",\"afterSuite\",\"afterSession\",\"after\",\"onComplete\",\"beforeAssertion\",\"afterAssertion\",\"beforeFeature\",\"beforeScenario\",\"beforeStep\",\"afterStep\",\"afterScenario\",\"afterFeature\",\"_\",\"suite\",\"$0\",\"ignoredWorkerServices\",\"wdi5\"]"}]}
RESULT: {"script":"<script> [2342 bytes]","args":[{"protocol":"http","hostname":"0.0.0.0","path":"/","capabilities":{"browserName":"chrome","goog:chromeOptions":{"binary":"C:\\Program Files\\Google\\Chrome\\Application\\chrome.exe","args":["--start-maximized"]}},"logLevel":"warn","connectionRetryTimeout":120000,"connectionRetryCount":3,"logLevels":{},"enableDirectConnect":true,"strictSSL":true,"_":"65 more keys: [\"cacheDir\",\"port\",\"requestedCapabilities\",\"automationProtocol\",\"baseUrl\",\"waitforInterval\",\"waitforTimeout\",\"onReload\",\"beforeCommand\",\"afterCommand\",\"rootDir\",\"specs\",\"suites\",\"exclude\",\"groupLogsByTestSpec\",\"excludeDriverLogs\",\"bail\",\"framework\",\"reporters\",\"services\",\"maxInstances\",\"maxInstancesPerCapability\",\"injectGlobals\",\"filesToWatch\",\"execArgv\",\"runnerEnv\",\"runner\",\"shard\",\"specFileRetries\",\"specFileRetriesDelay\",\"specFileRetriesDeferred\",\"reporterSyncInterval\",\"reporterSyncTimeout\",\"cucumberFeaturesWithLineNumbers\",\"autoCompileOpts\",\"mochaOpts\",\"jasmineOpts\",\"cucumberOpts\",\"onPrepare\",\"onWorkerStart\",\"onWorkerEnd\",\"before\",\"beforeSession\",\"beforeSuite\",\"beforeHook\",\"beforeTest\",\"afterTest\",\"afterHook\",\"afterSuite\",\"afterSession\",\"after\",\"onComplete\",\"beforeAssertion\",\"afterAssertion\",\"beforeFeature\",\"beforeScenario\",\"beforeStep\",\"afterStep\",\"afterScenario\",\"afterFeature\",\"_\",\"suite\",\"$0\",\"ignoredWorkerServices\",\"wdi5\"]"}]}
COMMAND: POST /session/ba8f8306183d693af77ab2140b410afd/execute/async - {"script":"<script> [21126 bytes]","args":[35000]}
RESULT: {"script":"<script> [21126 bytes]","args":[35000]}
COMMAND: POST /session/ba8f8306183d693af77ab2140b410afd/window/maximize - {}
RESULT: {}
COMMAND: POST /session/ba8f8306183d693af77ab2140b410afd/execute/async - {"script":"<script> [1562 bytes]","args":[{"selector":{"id":"shell-header","interaction":{"idSuffix":"icon"}},"wdio_ui5_key":"shellheader"}]}
COMMAND: GET /session/ba8f8306183d693af77ab2140b410afd/screenshot - {}
RESULT: {"script":"<script> [1562 bytes]","args":[{"selector":{"id":"shell-header","interaction":{"idSuffix":"icon"}},"wdio_ui5_key":"shellheader"}]}
RESULT: undefined
COMMAND: POST /session/ba8f8306183d693af77ab2140b410afd/refresh - {}
RESULT: {}
RESULT: {}
COMMAND: GET /session/ba8f8306183d693af77ab2140b410afd/screenshot - {}
RESULT: {}
COMMAND: POST /session/ba8f8306183d693af77ab2140b410afd/refresh - {}
RESULT: {}
COMMAND: GET /session/ba8f8306183d693af77ab2140b410afd/screenshot - {}
RESULT: {}
COMMAND: POST /session/ba8f8306183d693af77ab2140b410afd/window/fullscreen - {}
RESULT: {}
COMMAND: POST /session/ba8f8306183d693af77ab2140b410afd/execute/async - {"script":"<script> [189 bytes]","args":[]}
RESULT: {"script":"<script> [189 bytes]","args":[]}
COMMAND: POST /session/ba8f8306183d693af77ab2140b410afd/execute/async - {"script":"<script> [123 bytes]","args":[]}
RESULT: {"script":"<script> [123 bytes]","args":[]}
COMMAND: POST /session/ba8f8306183d693af77ab2140b410afd/timeouts - {"script":"<number>"}
RESULT: {"script":"<number>"}
COMMAND: GET /session/ba8f8306183d693af77ab2140b410afd/timeouts - {}
RESULT: {}
RESULT: undefined
COMMAND: POST /session/ba8f8306183d693af77ab2140b410afd/execute/async - {"script":"<script> [2676 bytes]","args":[]}
RESULT: {"script":"<script> [2676 bytes]","args":[]}
COMMAND: POST /session/ba8f8306183d693af77ab2140b410afd/execute/async - {"script":"<script> [2342 bytes]","args":[{"protocol":"http","hostname":"0.0.0.0","path":"/","capabilities":{"browserName":"chrome","goog:chromeOptions":{"binary":"C:\\Program Files\\Google\\Chrome\\Application\\chrome.exe","args":["--start-maximized"]}},"logLevel":"warn","connectionRetryTimeout":120000,"connectionRetryCount":3,"logLevels":{},"enableDirectConnect":true,"strictSSL":true,"_":"65 more keys: [\"cacheDir\",\"port\",\"requestedCapabilities\",\"automationProtocol\",\"baseUrl\",\"waitforInterval\",\"waitforTimeout\",\"onReload\",\"beforeCommand\",\"afterCommand\",\"rootDir\",\"specs\",\"suites\",\"exclude\",\"groupLogsByTestSpec\",\"excludeDriverLogs\",\"bail\",\"framework\",\"reporters\",\"services\",\"maxInstances\",\"maxInstancesPerCapability\",\"injectGlobals\",\"filesToWatch\",\"execArgv\",\"runnerEnv\",\"runner\",\"shard\",\"specFileRetries\",\"specFileRetriesDelay\",\"specFileRetriesDeferred\",\"reporterSyncInterval\",\"reporterSyncTimeout\",\"cucumberFeaturesWithLineNumbers\",\"autoCompileOpts\",\"mochaOpts\",\"jasmineOpts\",\"cucumberOpts\",\"onPrepare\",\"onWorkerStart\",\"onWorkerEnd\",\"before\",\"beforeSession\",\"beforeSuite\",\"beforeHook\",\"beforeTest\",\"afterTest\",\"afterHook\",\"afterSuite\",\"afterSession\",\"after\",\"onComplete\",\"beforeAssertion\",\"afterAssertion\",\"beforeFeature\",\"beforeScenario\",\"beforeStep\",\"afterStep\",\"afterScenario\",\"afterFeature\",\"_\",\"suite\",\"$0\",\"ignoredWorkerServices\",\"wdi5\"]"}]}
RESULT: {"script":"<script> [2342 bytes]","args":[{"protocol":"http","hostname":"0.0.0.0","path":"/","capabilities":{"browserName":"chrome","goog:chromeOptions":{"binary":"C:\\Program Files\\Google\\Chrome\\Application\\chrome.exe","args":["--start-maximized"]}},"logLevel":"warn","connectionRetryTimeout":120000,"connectionRetryCount":3,"logLevels":{},"enableDirectConnect":true,"strictSSL":true,"_":"65 more keys: [\"cacheDir\",\"port\",\"requestedCapabilities\",\"automationProtocol\",\"baseUrl\",\"waitforInterval\",\"waitforTimeout\",\"onReload\",\"beforeCommand\",\"afterCommand\",\"rootDir\",\"specs\",\"suites\",\"exclude\",\"groupLogsByTestSpec\",\"excludeDriverLogs\",\"bail\",\"framework\",\"reporters\",\"services\",\"maxInstances\",\"maxInstancesPerCapability\",\"injectGlobals\",\"filesToWatch\",\"execArgv\",\"runnerEnv\",\"runner\",\"shard\",\"specFileRetries\",\"specFileRetriesDelay\",\"specFileRetriesDeferred\",\"reporterSyncInterval\",\"reporterSyncTimeout\",\"cucumberFeaturesWithLineNumbers\",\"autoCompileOpts\",\"mochaOpts\",\"jasmineOpts\",\"cucumberOpts\",\"onPrepare\",\"onWorkerStart\",\"onWorkerEnd\",\"before\",\"beforeSession\",\"beforeSuite\",\"beforeHook\",\"beforeTest\",\"afterTest\",\"afterHook\",\"afterSuite\",\"afterSession\",\"after\",\"onComplete\",\"beforeAssertion\",\"afterAssertion\",\"beforeFeature\",\"beforeScenario\",\"beforeStep\",\"afterStep\",\"afterScenario\",\"afterFeature\",\"_\",\"suite\",\"$0\",\"ignoredWorkerServices\",\"wdi5\"]"}]}
COMMAND: POST /session/ba8f8306183d693af77ab2140b410afd/execute/async - {"script":"<script> [21126 bytes]","args":[35000]}
RESULT: {"script":"<script> [21126 bytes]","args":[35000]}
]]></system-out>
    </testcase>
  </testsuite>
  <testsuite timestamp="2025-06-14T17:22:39" time="1186.986" tests="12" failures="0" errors="0" skipped="0">
    <properties>
      <property name="specId" value="0"/>
      <property name="suiteName" value="Billing Transfer - Master data &amp; Intercompany US127250"/>
      <property name="capabilities" value="chrome.137_0_7151_69.windows"/>
      <property name="file" value="file:///D:/a/1/s/test/specs/BTS/billing-transfer-intercompany.spec.js"/>
    </properties>
    <testcase classname="chrome.137_0_7151_69.windows.Billing_Transfer_-_Master_data_&amp;_Intercompany_US127250" name="Should create a new yard" time="139.013">
      <system-out><![CDATA[
COMMAND: POST /session/ba8f8306183d693af77ab2140b410afd/window/fullscreen - {}
RESULT: {}
COMMAND: POST /session/ba8f8306183d693af77ab2140b410afd/execute/async - {"script":"<script> [1562 bytes]","args":[{"selector":{"controlType":"sap.m.GenericTile","properties":{"header":"Manage Yards"}},"wdio_ui5_key":"sapm.GenericTile{\"header\":\"Manage Yards\"}"}]}
RESULT: {"script":"<script> [1562 bytes]","args":[{"selector":{"controlType":"sap.m.GenericTile","properties":{"header":"Manage Yards"}},"wdio_ui5_key":"sapm.GenericTile{\"header\":\"Manage Yards\"}"}]}
RESULT: undefined
COMMAND: POST /session/ba8f8306183d693af77ab2140b410afd/element - {"using":"xpath","value":"//*[@id=\"__tile42\"]"}
RESULT: {"using":"xpath","value":"//*[@id=\"__tile42\"]"}
COMMAND: POST /session/ba8f8306183d693af77ab2140b410afd/element/f.389042B4FF7C30867E20C40CA0954A5B.d.2D7B0A3BF109214E5306CA9BF773DC19.e.2123/click - {}
RESULT: {}
COMMAND: GET /session/ba8f8306183d693af77ab2140b410afd/screenshot - {}
RESULT: {}
COMMAND: POST /session/ba8f8306183d693af77ab2140b410afd/elements - {"using":"xpath","value":"//span[text()='Error']"}
RESULT: {"using":"xpath","value":"//span[text()='Error']"}
COMMAND: POST /session/ba8f8306183d693af77ab2140b410afd/element - {"using":"xpath","value":"//button[@data-kt=\"addNewYardOverflowToolbarButton\"]"}
RESULT: {"using":"xpath","value":"//button[@data-kt=\"addNewYardOverflowToolbarButton\"]"}
COMMAND: POST /session/ba8f8306183d693af77ab2140b410afd/elements - {"using":"xpath","value":"//button[@data-kt=\"addNewYardOverflowToolbarButton\"]"}
RESULT: {"using":"xpath","value":"//button[@data-kt=\"addNewYardOverflowToolbarButton\"]"}
COMMAND: POST /session/ba8f8306183d693af77ab2140b410afd/elements - {"using":"xpath","value":"//button[@data-kt=\"addNewYardOverflowToolbarButton\"]"}
RESULT: {"using":"xpath","value":"//button[@data-kt=\"addNewYardOverflowToolbarButton\"]"}
COMMAND: POST /session/ba8f8306183d693af77ab2140b410afd/elements - {"using":"xpath","value":"//button[@data-kt=\"addNewYardOverflowToolbarButton\"]"}
RESULT: {"using":"xpath","value":"//button[@data-kt=\"addNewYardOverflowToolbarButton\"]"}
COMMAND: POST /session/ba8f8306183d693af77ab2140b410afd/elements - {"using":"xpath","value":"//button[@data-kt=\"addNewYardOverflowToolbarButton\"]"}
RESULT: {"using":"xpath","value":"//button[@data-kt=\"addNewYardOverflowToolbarButton\"]"}
COMMAND: POST /session/ba8f8306183d693af77ab2140b410afd/elements - {"using":"xpath","value":"//button[@data-kt=\"addNewYardOverflowToolbarButton\"]"}
RESULT: {"using":"xpath","value":"//button[@data-kt=\"addNewYardOverflowToolbarButton\"]"}
COMMAND: POST /session/ba8f8306183d693af77ab2140b410afd/elements - {"using":"xpath","value":"//button[@data-kt=\"addNewYardOverflowToolbarButton\"]"}
RESULT: {"using":"xpath","value":"//button[@data-kt=\"addNewYardOverflowToolbarButton\"]"}
COMMAND: POST /session/ba8f8306183d693af77ab2140b410afd/elements - {"using":"xpath","value":"//button[@data-kt=\"addNewYardOverflowToolbarButton\"]"}
RESULT: {"using":"xpath","value":"//button[@data-kt=\"addNewYardOverflowToolbarButton\"]"}
COMMAND: POST /session/ba8f8306183d693af77ab2140b410afd/elements - {"using":"xpath","value":"//button[@data-kt=\"addNewYardOverflowToolbarButton\"]"}
RESULT: {"using":"xpath","value":"//button[@data-kt=\"addNewYardOverflowToolbarButton\"]"}
COMMAND: POST /session/ba8f8306183d693af77ab2140b410afd/elements - {"using":"xpath","value":"//button[@data-kt=\"addNewYardOverflowToolbarButton\"]"}
RESULT: {"using":"xpath","value":"//button[@data-kt=\"addNewYardOverflowToolbarButton\"]"}
COMMAND: POST /session/ba8f8306183d693af77ab2140b410afd/elements - {"using":"xpath","value":"//button[@data-kt=\"addNewYardOverflowToolbarButton\"]"}
RESULT: {"using":"xpath","value":"//button[@data-kt=\"addNewYardOverflowToolbarButton\"]"}
COMMAND: POST /session/ba8f8306183d693af77ab2140b410afd/elements - {"using":"xpath","value":"//button[@data-kt=\"addNewYardOverflowToolbarButton\"]"}
RESULT: {"using":"xpath","value":"//button[@data-kt=\"addNewYardOverflowToolbarButton\"]"}
COMMAND: POST /session/ba8f8306183d693af77ab2140b410afd/elements - {"using":"xpath","value":"//button[@data-kt=\"addNewYardOverflowToolbarButton\"]"}
RESULT: {"using":"xpath","value":"//button[@data-kt=\"addNewYardOverflowToolbarButton\"]"}
COMMAND: POST /session/ba8f8306183d693af77ab2140b410afd/elements - {"using":"xpath","value":"//button[@data-kt=\"addNewYardOverflowToolbarButton\"]"}
RESULT: {"using":"xpath","value":"//button[@data-kt=\"addNewYardOverflowToolbarButton\"]"}
COMMAND: POST /session/ba8f8306183d693af77ab2140b410afd/elements - {"using":"xpath","value":"//button[@data-kt=\"addNewYardOverflowToolbarButton\"]"}
RESULT: {"using":"xpath","value":"//button[@data-kt=\"addNewYardOverflowToolbarButton\"]"}
COMMAND: POST /session/ba8f8306183d693af77ab2140b410afd/elements - {"using":"xpath","value":"//button[@data-kt=\"addNewYardOverflowToolbarButton\"]"}
RESULT: {"using":"xpath","value":"//button[@data-kt=\"addNewYardOverflowToolbarButton\"]"}
COMMAND: POST /session/ba8f8306183d693af77ab2140b410afd/elements - {"using":"xpath","value":"//button[@data-kt=\"addNewYardOverflowToolbarButton\"]"}
RESULT: {"using":"xpath","value":"//button[@data-kt=\"addNewYardOverflowToolbarButton\"]"}
COMMAND: POST /session/ba8f8306183d693af77ab2140b410afd/elements - {"using":"xpath","value":"//button[@data-kt=\"addNewYardOverflowToolbarButton\"]"}
RESULT: {"using":"xpath","value":"//button[@data-kt=\"addNewYardOverflowToolbarButton\"]"}
COMMAND: POST /session/ba8f8306183d693af77ab2140b410afd/elements - {"using":"xpath","value":"//button[@data-kt=\"addNewYardOverflowToolbarButton\"]"}
RESULT: {"using":"xpath","value":"//button[@data-kt=\"addNewYardOverflowToolbarButton\"]"}
COMMAND: POST /session/ba8f8306183d693af77ab2140b410afd/elements - {"using":"xpath","value":"//button[@data-kt=\"addNewYardOverflowToolbarButton\"]"}
RESULT: {"using":"xpath","value":"//button[@data-kt=\"addNewYardOverflowToolbarButton\"]"}
COMMAND: POST /session/ba8f8306183d693af77ab2140b410afd/elements - {"using":"xpath","value":"//button[@data-kt=\"addNewYardOverflowToolbarButton\"]"}
RESULT: {"using":"xpath","value":"//button[@data-kt=\"addNewYardOverflowToolbarButton\"]"}
COMMAND: POST /session/ba8f8306183d693af77ab2140b410afd/elements - {"using":"xpath","value":"//button[@data-kt=\"addNewYardOverflowToolbarButton\"]"}
RESULT: {"using":"xpath","value":"//button[@data-kt=\"addNewYardOverflowToolbarButton\"]"}
COMMAND: POST /session/ba8f8306183d693af77ab2140b410afd/elements - {"using":"xpath","value":"//button[@data-kt=\"addNewYardOverflowToolbarButton\"]"}
RESULT: {"using":"xpath","value":"//button[@data-kt=\"addNewYardOverflowToolbarButton\"]"}
COMMAND: POST /session/ba8f8306183d693af77ab2140b410afd/elements - {"using":"xpath","value":"//button[@data-kt=\"addNewYardOverflowToolbarButton\"]"}
RESULT: {"using":"xpath","value":"//button[@data-kt=\"addNewYardOverflowToolbarButton\"]"}
COMMAND: POST /session/ba8f8306183d693af77ab2140b410afd/elements - {"using":"xpath","value":"//button[@data-kt=\"addNewYardOverflowToolbarButton\"]"}
RESULT: {"using":"xpath","value":"//button[@data-kt=\"addNewYardOverflowToolbarButton\"]"}
COMMAND: POST /session/ba8f8306183d693af77ab2140b410afd/elements - {"using":"xpath","value":"//button[@data-kt=\"addNewYardOverflowToolbarButton\"]"}
RESULT: {"using":"xpath","value":"//button[@data-kt=\"addNewYardOverflowToolbarButton\"]"}
COMMAND: POST /session/ba8f8306183d693af77ab2140b410afd/elements - {"using":"xpath","value":"//button[@data-kt=\"addNewYardOverflowToolbarButton\"]"}
RESULT: {"using":"xpath","value":"//button[@data-kt=\"addNewYardOverflowToolbarButton\"]"}
COMMAND: POST /session/ba8f8306183d693af77ab2140b410afd/element - {"using":"xpath","value":"//button[@data-kt=\"addNewYardOverflowToolbarButton\"]"}
RESULT: {"using":"xpath","value":"//button[@data-kt=\"addNewYardOverflowToolbarButton\"]"}
COMMAND: POST /session/ba8f8306183d693af77ab2140b410afd/execute/sync - {"script":"<script> [8489 bytes]","args":[{"element-6066-11e4-a52e-4f735466cecf":"f.389042B4FF7C30867E20C40CA0954A5B.d.2D7B0A3BF109214E5306CA9BF773DC19.e.2258","ELEMENT":"f.389042B4FF7C30867E20C40CA0954A5B.d.2D7B0A3BF109214E5306CA9BF773DC19.e.2258"}]}
RESULT: {"script":"<script> [8489 bytes]","args":[{"element-6066-11e4-a52e-4f735466cecf":"f.389042B4FF7C30867E20C40CA0954A5B.d.2D7B0A3BF109214E5306CA9BF773DC19.e.2258","ELEMENT":"f.389042B4FF7C30867E20C40CA0954A5B.d.2D7B0A3BF109214E5306CA9BF773DC19.e.2258"}]}
COMMAND: GET /session/ba8f8306183d693af77ab2140b410afd/element/f.389042B4FF7C30867E20C40CA0954A5B.d.2D7B0A3BF109214E5306CA9BF773DC19.e.2258/enabled - {}
COMMAND: GET /session/ba8f8306183d693af77ab2140b410afd/screenshot - {}
RESULT: {}
COMMAND: POST /session/ba8f8306183d693af77ab2140b410afd/execute/sync - {"script":"<script> [8489 bytes]","args":[{"element-6066-11e4-a52e-4f735466cecf":"f.389042B4FF7C30867E20C40CA0954A5B.d.2D7B0A3BF109214E5306CA9BF773DC19.e.2258","ELEMENT":"f.389042B4FF7C30867E20C40CA0954A5B.d.2D7B0A3BF109214E5306CA9BF773DC19.e.2258"}]}
COMMAND: GET /session/ba8f8306183d693af77ab2140b410afd/screenshot - {}
RESULT: {}
RESULT: {"script":"<script> [8489 bytes]","args":[{"element-6066-11e4-a52e-4f735466cecf":"f.389042B4FF7C30867E20C40CA0954A5B.d.2D7B0A3BF109214E5306CA9BF773DC19.e.2258","ELEMENT":"f.389042B4FF7C30867E20C40CA0954A5B.d.2D7B0A3BF109214E5306CA9BF773DC19.e.2258"}]}
COMMAND: POST /session/ba8f8306183d693af77ab2140b410afd/execute/sync - {"script":"<script> [5351 bytes]","args":[{"element-6066-11e4-a52e-4f735466cecf":"f.389042B4FF7C30867E20C40CA0954A5B.d.2D7B0A3BF109214E5306CA9BF773DC19.e.2258","ELEMENT":"f.389042B4FF7C30867E20C40CA0954A5B.d.2D7B0A3BF109214E5306CA9BF773DC19.e.2258"}]}
COMMAND: GET /session/ba8f8306183d693af77ab2140b410afd/screenshot - {}
RESULT: {}
RESULT: {"script":"<script> [5351 bytes]","args":[{"element-6066-11e4-a52e-4f735466cecf":"f.389042B4FF7C30867E20C40CA0954A5B.d.2D7B0A3BF109214E5306CA9BF773DC19.e.2258","ELEMENT":"f.389042B4FF7C30867E20C40CA0954A5B.d.2D7B0A3BF109214E5306CA9BF773DC19.e.2258"}]}
COMMAND: POST /session/ba8f8306183d693af77ab2140b410afd/element/f.389042B4FF7C30867E20C40CA0954A5B.d.2D7B0A3BF109214E5306CA9BF773DC19.e.2258/click - {}
COMMAND: GET /session/ba8f8306183d693af77ab2140b410afd/screenshot - {}
RESULT: {}
RESULT: {}
COMMAND: GET /session/ba8f8306183d693af77ab2140b410afd/screenshot - {}
COMMAND: POST /session/ba8f8306183d693af77ab2140b410afd/element - {"using":"xpath","value":"//input[@id=\"application-manageyards-display-component---NewYard--yardId-inner\"]"}
RESULT: {}
RESULT: {}
RESULT: {"using":"xpath","value":"//input[@id=\"application-manageyards-display-component---NewYard--yardId-inner\"]"}
COMMAND: POST /session/ba8f8306183d693af77ab2140b410afd/element - {"using":"xpath","value":"//input[@id=\"application-manageyards-display-component---NewYard--yardId-inner\"]"}
RESULT: {"using":"xpath","value":"//input[@id=\"application-manageyards-display-component---NewYard--yardId-inner\"]"}
COMMAND: POST /session/ba8f8306183d693af77ab2140b410afd/execute/async - {"script":"<script> [1562 bytes]","args":[{"selector":{"id":"application-manageyards-display-component---NewYard--addressDetailDetailsName1","interaction":{"idSuffix":"inner"}},"wdio_ui5_key":"applicationmanageyards-display-component---NewYard--addressDetailDetailsName1"}]}
RESULT: {"script":"<script> [1562 bytes]","args":[{"selector":{"id":"application-manageyards-display-component---NewYard--addressDetailDetailsName1","interaction":{"idSuffix":"inner"}},"wdio_ui5_key":"applicationmanageyards-display-component---NewYard--addressDetailDetailsName1"}]}
RESULT: undefined
COMMAND: POST /session/ba8f8306183d693af77ab2140b410afd/execute/async - {"script":"<script> [776 bytes]","args":[{"enterText":"Intercompany Yard wdIO","selector":{"id":"application-manageyards-display-component---NewYard--addressDetailDetailsName1","interaction":{"idSuffix":"inner"}},"clearTextFirst":true,"interactionType":"ENTER_TEXT"}]}
RESULT: {"script":"<script> [776 bytes]","args":[{"enterText":"Intercompany Yard wdIO","selector":{"id":"application-manageyards-display-component---NewYard--addressDetailDetailsName1","interaction":{"idSuffix":"inner"}},"clearTextFirst":true,"interactionType":"ENTER_TEXT"}]}
COMMAND: POST /session/ba8f8306183d693af77ab2140b410afd/execute/async - {"script":"<script> [1562 bytes]","args":[{"selector":{"id":"application-manageyards-display-component---NewYard--addressDetailDetailsLanguage-arrow"},"wdio_ui5_key":"applicationmanageyards-display-component---NewYard--addressDetailDetailsLanguage-arrow"}]}
RESULT: {"script":"<script> [1562 bytes]","args":[{"selector":{"id":"application-manageyards-display-component---NewYard--addressDetailDetailsLanguage-arrow"},"wdio_ui5_key":"applicationmanageyards-display-component---NewYard--addressDetailDetailsLanguage-arrow"}]}
RESULT: undefined
COMMAND: POST /session/ba8f8306183d693af77ab2140b410afd/element - {"using":"xpath","value":"//*[@id=\"application-manageyards-display-component---NewYard--addressDetailDetailsLanguage-arrow\"]"}
RESULT: {"using":"xpath","value":"//*[@id=\"application-manageyards-display-component---NewYard--addressDetailDetailsLanguage-arrow\"]"}
COMMAND: POST /session/ba8f8306183d693af77ab2140b410afd/element/f.389042B4FF7C30867E20C40CA0954A5B.d.2D7B0A3BF109214E5306CA9BF773DC19.e.2692/click - {}
RESULT: {}
COMMAND: POST /session/ba8f8306183d693af77ab2140b410afd/element - {"using":"xpath","value":"//span[contains(text(), \"English\")]"}
COMMAND: GET /session/ba8f8306183d693af77ab2140b410afd/screenshot - {}
RESULT: {"using":"xpath","value":"//span[contains(text(), \"English\")]"}
COMMAND: POST /session/ba8f8306183d693af77ab2140b410afd/element/f.389042B4FF7C30867E20C40CA0954A5B.d.2D7B0A3BF109214E5306CA9BF773DC19.e.2693/click - {}
RESULT: {}
RESULT: {}
COMMAND: POST /session/ba8f8306183d693af77ab2140b410afd/execute/async - {"script":"<script> [1562 bytes]","args":[{"selector":{"id":"application-manageyards-display-component---NewYard--addressDetailDetailsCity1","interaction":{"idSuffix":"inner"}},"wdio_ui5_key":"applicationmanageyards-display-component---NewYard--addressDetailDetailsCity1"}]}
COMMAND: GET /session/ba8f8306183d693af77ab2140b410afd/screenshot - {}
RESULT: {"script":"<script> [1562 bytes]","args":[{"selector":{"id":"application-manageyards-display-component---NewYard--addressDetailDetailsCity1","interaction":{"idSuffix":"inner"}},"wdio_ui5_key":"applicationmanageyards-display-component---NewYard--addressDetailDetailsCity1"}]}
RESULT: undefined
COMMAND: POST /session/ba8f8306183d693af77ab2140b410afd/execute/async - {"script":"<script> [776 bytes]","args":[{"enterText":"Rosario","selector":{"id":"application-manageyards-display-component---NewYard--addressDetailDetailsCity1","interaction":{"idSuffix":"inner"}},"clearTextFirst":true,"interactionType":"ENTER_TEXT"}]}
RESULT: {}
RESULT: {"script":"<script> [776 bytes]","args":[{"enterText":"Rosario","selector":{"id":"application-manageyards-display-component---NewYard--addressDetailDetailsCity1","interaction":{"idSuffix":"inner"}},"clearTextFirst":true,"interactionType":"ENTER_TEXT"}]}
COMMAND: POST /session/ba8f8306183d693af77ab2140b410afd/execute/async - {"script":"<script> [1562 bytes]","args":[{"selector":{"id":"application-manageyards-display-component---NewYard--addressDetailDetailsCountry-arrow"},"wdio_ui5_key":"applicationmanageyards-display-component---NewYard--addressDetailDetailsCountry-arrow"}]}
RESULT: {"script":"<script> [1562 bytes]","args":[{"selector":{"id":"application-manageyards-display-component---NewYard--addressDetailDetailsCountry-arrow"},"wdio_ui5_key":"applicationmanageyards-display-component---NewYard--addressDetailDetailsCountry-arrow"}]}
RESULT: undefined
COMMAND: POST /session/ba8f8306183d693af77ab2140b410afd/element - {"using":"xpath","value":"//*[@id=\"application-manageyards-display-component---NewYard--addressDetailDetailsCountry-arrow\"]"}
RESULT: {"using":"xpath","value":"//*[@id=\"application-manageyards-display-component---NewYard--addressDetailDetailsCountry-arrow\"]"}
COMMAND: POST /session/ba8f8306183d693af77ab2140b410afd/element/f.389042B4FF7C30867E20C40CA0954A5B.d.2D7B0A3BF109214E5306CA9BF773DC19.e.2695/click - {}
RESULT: {}
COMMAND: POST /session/ba8f8306183d693af77ab2140b410afd/element - {"using":"xpath","value":"//span[contains(text(), \"Argentina\")]"}
COMMAND: GET /session/ba8f8306183d693af77ab2140b410afd/screenshot - {}
RESULT: {"using":"xpath","value":"//span[contains(text(), \"Argentina\")]"}
COMMAND: POST /session/ba8f8306183d693af77ab2140b410afd/element/f.389042B4FF7C30867E20C40CA0954A5B.d.2D7B0A3BF109214E5306CA9BF773DC19.e.2697/click - {}
RESULT: {}
RESULT: {}
COMMAND: POST /session/ba8f8306183d693af77ab2140b410afd/execute/async - {"script":"<script> [1562 bytes]","args":[{"selector":{"id":"application-manageyards-display-component---NewYard--addressEditDetailsCostObjectCstType-arrow"},"wdio_ui5_key":"applicationmanageyards-display-component---NewYard--addressEditDetailsCostObjectCstType-arrow"}]}
COMMAND: GET /session/ba8f8306183d693af77ab2140b410afd/screenshot - {}
RESULT: {"script":"<script> [1562 bytes]","args":[{"selector":{"id":"application-manageyards-display-component---NewYard--addressEditDetailsCostObjectCstType-arrow"},"wdio_ui5_key":"applicationmanageyards-display-component---NewYard--addressEditDetailsCostObjectCstType-arrow"}]}
RESULT: undefined
COMMAND: POST /session/ba8f8306183d693af77ab2140b410afd/element - {"using":"xpath","value":"//*[@id=\"application-manageyards-display-component---NewYard--addressEditDetailsCostObjectCstType-arrow\"]"}
RESULT: {}
RESULT: {"using":"xpath","value":"//*[@id=\"application-manageyards-display-component---NewYard--addressEditDetailsCostObjectCstType-arrow\"]"}
COMMAND: POST /session/ba8f8306183d693af77ab2140b410afd/element/f.389042B4FF7C30867E20C40CA0954A5B.d.2D7B0A3BF109214E5306CA9BF773DC19.e.2698/click - {}
RESULT: {}
COMMAND: POST /session/ba8f8306183d693af77ab2140b410afd/element - {"using":"xpath","value":"//span[contains(text(), \"Cost Center\")]"}
COMMAND: GET /session/ba8f8306183d693af77ab2140b410afd/screenshot - {}
RESULT: {"using":"xpath","value":"//span[contains(text(), \"Cost Center\")]"}
COMMAND: POST /session/ba8f8306183d693af77ab2140b410afd/element/f.389042B4FF7C30867E20C40CA0954A5B.d.2D7B0A3BF109214E5306CA9BF773DC19.e.2699/click - {}
RESULT: {}
RESULT: {}
COMMAND: GET /session/ba8f8306183d693af77ab2140b410afd/screenshot - {}
RESULT: {}
COMMAND: POST /session/ba8f8306183d693af77ab2140b410afd/element - {"using":"xpath","value":"//span[@id=\"application-manageyards-display-component---NewYard--addressNewCostObjectCstID-vhi\"]"}
RESULT: {"using":"xpath","value":"//span[@id=\"application-manageyards-display-component---NewYard--addressNewCostObjectCstID-vhi\"]"}
COMMAND: POST /session/ba8f8306183d693af77ab2140b410afd/execute/sync - {"script":"<script> [8489 bytes]","args":[{"element-6066-11e4-a52e-4f735466cecf":"f.389042B4FF7C30867E20C40CA0954A5B.d.2D7B0A3BF109214E5306CA9BF773DC19.e.2703","ELEMENT":"f.389042B4FF7C30867E20C40CA0954A5B.d.2D7B0A3BF109214E5306CA9BF773DC19.e.2703"}]}
RESULT: {"script":"<script> [8489 bytes]","args":[{"element-6066-11e4-a52e-4f735466cecf":"f.389042B4FF7C30867E20C40CA0954A5B.d.2D7B0A3BF109214E5306CA9BF773DC19.e.2703","ELEMENT":"f.389042B4FF7C30867E20C40CA0954A5B.d.2D7B0A3BF109214E5306CA9BF773DC19.e.2703"}]}
COMMAND: POST /session/ba8f8306183d693af77ab2140b410afd/execute/async - {"script":"<script> [1562 bytes]","args":[{"selector":{"id":"application-manageyards-display-component---NewYard--addressNewCostObjectCstID-vhi"},"wdio_ui5_key":"applicationmanageyards-display-component---NewYard--addressNewCostObjectCstID-vhi"}]}
COMMAND: GET /session/ba8f8306183d693af77ab2140b410afd/screenshot - {}
RESULT: {}
RESULT: {"script":"<script> [1562 bytes]","args":[{"selector":{"id":"application-manageyards-display-component---NewYard--addressNewCostObjectCstID-vhi"},"wdio_ui5_key":"applicationmanageyards-display-component---NewYard--addressNewCostObjectCstID-vhi"}]}
RESULT: undefined
COMMAND: POST /session/ba8f8306183d693af77ab2140b410afd/element - {"using":"xpath","value":"//*[@id=\"application-manageyards-display-component---NewYard--addressNewCostObjectCstID-vhi\"]"}
RESULT: {"using":"xpath","value":"//*[@id=\"application-manageyards-display-component---NewYard--addressNewCostObjectCstID-vhi\"]"}
COMMAND: POST /session/ba8f8306183d693af77ab2140b410afd/element/f.389042B4FF7C30867E20C40CA0954A5B.d.2D7B0A3BF109214E5306CA9BF773DC19.e.2703/click - {}
RESULT: {}
COMMAND: GET /session/ba8f8306183d693af77ab2140b410afd/screenshot - {}
RESULT: {}
COMMAND: POST /session/ba8f8306183d693af77ab2140b410afd/execute/async - {"script":"<script> [1562 bytes]","args":[{"selector":{"controlType":"sap.m.SearchField","properties":{"placeholder":"Search"},"searchOpenDialogs":true,"interaction":{"idSuffix":"I"}},"wdio_ui5_key":"sapm.SearchField{\"placeholder\":\"Search\"}"}]}
RESULT: {"script":"<script> [1562 bytes]","args":[{"selector":{"controlType":"sap.m.SearchField","properties":{"placeholder":"Search"},"searchOpenDialogs":true,"interaction":{"idSuffix":"I"}},"wdio_ui5_key":"sapm.SearchField{\"placeholder\":\"Search\"}"}]}
RESULT: undefined
COMMAND: POST /session/ba8f8306183d693af77ab2140b410afd/execute/async - {"script":"<script> [776 bytes]","args":[{"enterText":"bauh_b","selector":{"controlType":"sap.m.SearchField","properties":{"placeholder":"Search"},"searchOpenDialogs":true,"interaction":{"idSuffix":"I"}},"clearTextFirst":true,"interactionType":"ENTER_TEXT"}]}
RESULT: {"script":"<script> [776 bytes]","args":[{"enterText":"bauh_b","selector":{"controlType":"sap.m.SearchField","properties":{"placeholder":"Search"},"searchOpenDialogs":true,"interaction":{"idSuffix":"I"}},"clearTextFirst":true,"interactionType":"ENTER_TEXT"}]}
COMMAND: POST /session/ba8f8306183d693af77ab2140b410afd/actions - {"actions":[{"id":"action1","type":"key","parameters":{},"actions":[{"type":"keyDown","value":""},{"type":"pause","duration":10},{"type":"keyUp","value":""}]}]}
RESULT: {"actions":[{"id":"action1","type":"key","parameters":{},"actions":[{"type":"keyDown","value":""},{"type":"pause","duration":10},{"type":"keyUp","value":""}]}]}
COMMAND: GET /session/ba8f8306183d693af77ab2140b410afd/screenshot - {}
RESULT: {}
COMMAND: POST /session/ba8f8306183d693af77ab2140b410afd/element - {"using":"xpath","value":"//span[contains(text(), \"Demo Yard\")]"}
RESULT: {"using":"xpath","value":"//span[contains(text(), \"Demo Yard\")]"}
COMMAND: POST /session/ba8f8306183d693af77ab2140b410afd/element/f.389042B4FF7C30867E20C40CA0954A5B.d.2D7B0A3BF109214E5306CA9BF773DC19.e.2746/click - {}
RESULT: {}
COMMAND: GET /session/ba8f8306183d693af77ab2140b410afd/screenshot - {}
RESULT: {}
COMMAND: POST /session/ba8f8306183d693af77ab2140b410afd/element - {"using":"xpath","value":"//bdi[contains(text(), \"OK\")]"}
RESULT: {"using":"xpath","value":"//bdi[contains(text(), \"OK\")]"}
COMMAND: POST /session/ba8f8306183d693af77ab2140b410afd/element/f.389042B4FF7C30867E20C40CA0954A5B.d.2D7B0A3BF109214E5306CA9BF773DC19.e.2747/click - {}
RESULT: {}
COMMAND: GET /session/ba8f8306183d693af77ab2140b410afd/screenshot - {}
RESULT: {}
COMMAND: POST /session/ba8f8306183d693af77ab2140b410afd/execute/async - {"script":"<script> [1562 bytes]","args":[{"selector":{"id":"application-manageyards-display-component---NewYard--addressEditDetailsCurrency-arrow"},"wdio_ui5_key":"applicationmanageyards-display-component---NewYard--addressEditDetailsCurrency-arrow"}]}
RESULT: {"script":"<script> [1562 bytes]","args":[{"selector":{"id":"application-manageyards-display-component---NewYard--addressEditDetailsCurrency-arrow"},"wdio_ui5_key":"applicationmanageyards-display-component---NewYard--addressEditDetailsCurrency-arrow"}]}
RESULT: undefined
COMMAND: POST /session/ba8f8306183d693af77ab2140b410afd/element - {"using":"xpath","value":"//*[@id=\"application-manageyards-display-component---NewYard--addressEditDetailsCurrency-arrow\"]"}
RESULT: {"using":"xpath","value":"//*[@id=\"application-manageyards-display-component---NewYard--addressEditDetailsCurrency-arrow\"]"}
COMMAND: POST /session/ba8f8306183d693af77ab2140b410afd/element/f.389042B4FF7C30867E20C40CA0954A5B.d.2D7B0A3BF109214E5306CA9BF773DC19.e.2750/click - {}
RESULT: {}
COMMAND: POST /session/ba8f8306183d693af77ab2140b410afd/element - {"using":"xpath","value":"//span[contains(text(), \"Euro\")]"}
COMMAND: GET /session/ba8f8306183d693af77ab2140b410afd/screenshot - {}
RESULT: {"using":"xpath","value":"//span[contains(text(), \"Euro\")]"}
COMMAND: POST /session/ba8f8306183d693af77ab2140b410afd/element/f.389042B4FF7C30867E20C40CA0954A5B.d.2D7B0A3BF109214E5306CA9BF773DC19.e.2751/click - {}
RESULT: {}
RESULT: {}
COMMAND: POST /session/ba8f8306183d693af77ab2140b410afd/execute/async - {"script":"<script> [1562 bytes]","args":[{"selector":{"controlType":"sap.m.Input","viewName":"etm.portal.ui.manageyards.view.New","viewId":"application-manageyards-display-component---NewYard","bindingPath":{"path":"","propertyPath":"/CONTROLLING_AREA","modelName":"NewYardModel"},"interaction":{"idSuffix":"inner"}},"wdio_ui5_key":"etmportal.ui.manageyards.view.Newsap.m.Input{\"path\":\"\",\"propertyPath\":\"/CONTROLLING_AREA\",\"modelName\":\"NewYardModel\"}"}]}
COMMAND: GET /session/ba8f8306183d693af77ab2140b410afd/screenshot - {}
RESULT: {"script":"<script> [1562 bytes]","args":[{"selector":{"controlType":"sap.m.Input","viewName":"etm.portal.ui.manageyards.view.New","viewId":"application-manageyards-display-component---NewYard","bindingPath":{"path":"","propertyPath":"/CONTROLLING_AREA","modelName":"NewYardModel"},"interaction":{"idSuffix":"inner"}},"wdio_ui5_key":"etmportal.ui.manageyards.view.Newsap.m.Input{\"path\":\"\",\"propertyPath\":\"/CONTROLLING_AREA\",\"modelName\":\"NewYardModel\"}"}]}
RESULT: undefined
COMMAND: POST /session/ba8f8306183d693af77ab2140b410afd/execute/async - {"script":"<script> [776 bytes]","args":[{"enterText":"Z001","selector":{"controlType":"sap.m.Input","viewName":"etm.portal.ui.manageyards.view.New","viewId":"application-manageyards-display-component---NewYard","bindingPath":{"path":"","propertyPath":"/CONTROLLING_AREA","modelName":"NewYardModel"},"interaction":{"idSuffix":"inner"}},"clearTextFirst":true,"interactionType":"ENTER_TEXT"}]}
RESULT: {}
RESULT: {"script":"<script> [776 bytes]","args":[{"enterText":"Z001","selector":{"controlType":"sap.m.Input","viewName":"etm.portal.ui.manageyards.view.New","viewId":"application-manageyards-display-component---NewYard","bindingPath":{"path":"","propertyPath":"/CONTROLLING_AREA","modelName":"NewYardModel"},"interaction":{"idSuffix":"inner"}},"clearTextFirst":true,"interactionType":"ENTER_TEXT"}]}
COMMAND: POST /session/ba8f8306183d693af77ab2140b410afd/execute/async - {"script":"<script> [1562 bytes]","args":[{"selector":{"id":"application-manageyards-display-component---NewYard--companyCodeComboBox","interaction":{"idSuffix":"inner"}},"wdio_ui5_key":"applicationmanageyards-display-component---NewYard--companyCodeComboBox"}]}
RESULT: {"script":"<script> [1562 bytes]","args":[{"selector":{"id":"application-manageyards-display-component---NewYard--companyCodeComboBox","interaction":{"idSuffix":"inner"}},"wdio_ui5_key":"applicationmanageyards-display-component---NewYard--companyCodeComboBox"}]}
RESULT: undefined
COMMAND: POST /session/ba8f8306183d693af77ab2140b410afd/execute/async - {"script":"<script> [776 bytes]","args":[{"enterText":"1000","selector":{"id":"application-manageyards-display-component---NewYard--companyCodeComboBox","interaction":{"idSuffix":"inner"}},"clearTextFirst":true,"interactionType":"ENTER_TEXT"}]}
RESULT: {"script":"<script> [776 bytes]","args":[{"enterText":"1000","selector":{"id":"application-manageyards-display-component---NewYard--companyCodeComboBox","interaction":{"idSuffix":"inner"}},"clearTextFirst":true,"interactionType":"ENTER_TEXT"}]}
COMMAND: POST /session/ba8f8306183d693af77ab2140b410afd/execute/async - {"script":"<script> [1562 bytes]","args":[{"selector":{"controlType":"sap.m.Input","viewName":"etm.portal.ui.manageyards.view.New","viewId":"application-manageyards-display-component---NewYard","bindingPath":{"path":"","propertyPath":"/PLANT","modelName":"NewYardModel"},"interaction":{"idSuffix":"inner"}},"wdio_ui5_key":"etmportal.ui.manageyards.view.Newsap.m.Input{\"path\":\"\",\"propertyPath\":\"/PLANT\",\"modelName\":\"NewYardModel\"}"}]}
RESULT: {"script":"<script> [1562 bytes]","args":[{"selector":{"controlType":"sap.m.Input","viewName":"etm.portal.ui.manageyards.view.New","viewId":"application-manageyards-display-component---NewYard","bindingPath":{"path":"","propertyPath":"/PLANT","modelName":"NewYardModel"},"interaction":{"idSuffix":"inner"}},"wdio_ui5_key":"etmportal.ui.manageyards.view.Newsap.m.Input{\"path\":\"\",\"propertyPath\":\"/PLANT\",\"modelName\":\"NewYardModel\"}"}]}
RESULT: undefined
COMMAND: POST /session/ba8f8306183d693af77ab2140b410afd/execute/async - {"script":"<script> [776 bytes]","args":[{"enterText":"1001","selector":{"controlType":"sap.m.Input","viewName":"etm.portal.ui.manageyards.view.New","viewId":"application-manageyards-display-component---NewYard","bindingPath":{"path":"","propertyPath":"/PLANT","modelName":"NewYardModel"},"interaction":{"idSuffix":"inner"}},"clearTextFirst":true,"interactionType":"ENTER_TEXT"}]}
RESULT: {"script":"<script> [776 bytes]","args":[{"enterText":"1001","selector":{"controlType":"sap.m.Input","viewName":"etm.portal.ui.manageyards.view.New","viewId":"application-manageyards-display-component---NewYard","bindingPath":{"path":"","propertyPath":"/PLANT","modelName":"NewYardModel"},"interaction":{"idSuffix":"inner"}},"clearTextFirst":true,"interactionType":"ENTER_TEXT"}]}
COMMAND: POST /session/ba8f8306183d693af77ab2140b410afd/execute/async - {"script":"<script> [1562 bytes]","args":[{"selector":{"controlType":"sap.m.Input","viewName":"etm.portal.ui.manageyards.view.New","viewId":"application-manageyards-display-component---NewYard","bindingPath":{"path":"","propertyPath":"/SALES_AREA_VKORG","modelName":"NewYardModel"},"interaction":{"idSuffix":"inner"}},"wdio_ui5_key":"etmportal.ui.manageyards.view.Newsap.m.Input{\"path\":\"\",\"propertyPath\":\"/SALES_AREA_VKORG\",\"modelName\":\"NewYardModel\"}"}]}
RESULT: {"script":"<script> [1562 bytes]","args":[{"selector":{"controlType":"sap.m.Input","viewName":"etm.portal.ui.manageyards.view.New","viewId":"application-manageyards-display-component---NewYard","bindingPath":{"path":"","propertyPath":"/SALES_AREA_VKORG","modelName":"NewYardModel"},"interaction":{"idSuffix":"inner"}},"wdio_ui5_key":"etmportal.ui.manageyards.view.Newsap.m.Input{\"path\":\"\",\"propertyPath\":\"/SALES_AREA_VKORG\",\"modelName\":\"NewYardModel\"}"}]}
RESULT: undefined
COMMAND: POST /session/ba8f8306183d693af77ab2140b410afd/execute/async - {"script":"<script> [776 bytes]","args":[{"enterText":"C002","selector":{"controlType":"sap.m.Input","viewName":"etm.portal.ui.manageyards.view.New","viewId":"application-manageyards-display-component---NewYard","bindingPath":{"path":"","propertyPath":"/SALES_AREA_VKORG","modelName":"NewYardModel"},"interaction":{"idSuffix":"inner"}},"clearTextFirst":true,"interactionType":"ENTER_TEXT"}]}
RESULT: {"script":"<script> [776 bytes]","args":[{"enterText":"C002","selector":{"controlType":"sap.m.Input","viewName":"etm.portal.ui.manageyards.view.New","viewId":"application-manageyards-display-component---NewYard","bindingPath":{"path":"","propertyPath":"/SALES_AREA_VKORG","modelName":"NewYardModel"},"interaction":{"idSuffix":"inner"}},"clearTextFirst":true,"interactionType":"ENTER_TEXT"}]}
COMMAND: POST /session/ba8f8306183d693af77ab2140b410afd/execute/async - {"script":"<script> [1562 bytes]","args":[{"selector":{"controlType":"sap.m.Input","viewName":"etm.portal.ui.manageyards.view.New","viewId":"application-manageyards-display-component---NewYard","bindingPath":{"path":"","propertyPath":"/SALES_AREA_VTWEG","modelName":"NewYardModel"},"interaction":{"idSuffix":"inner"}},"wdio_ui5_key":"etmportal.ui.manageyards.view.Newsap.m.Input{\"path\":\"\",\"propertyPath\":\"/SALES_AREA_VTWEG\",\"modelName\":\"NewYardModel\"}"}]}
RESULT: {"script":"<script> [1562 bytes]","args":[{"selector":{"controlType":"sap.m.Input","viewName":"etm.portal.ui.manageyards.view.New","viewId":"application-manageyards-display-component---NewYard","bindingPath":{"path":"","propertyPath":"/SALES_AREA_VTWEG","modelName":"NewYardModel"},"interaction":{"idSuffix":"inner"}},"wdio_ui5_key":"etmportal.ui.manageyards.view.Newsap.m.Input{\"path\":\"\",\"propertyPath\":\"/SALES_AREA_VTWEG\",\"modelName\":\"NewYardModel\"}"}]}
RESULT: undefined
COMMAND: POST /session/ba8f8306183d693af77ab2140b410afd/execute/async - {"script":"<script> [776 bytes]","args":[{"enterText":"C2","selector":{"controlType":"sap.m.Input","viewName":"etm.portal.ui.manageyards.view.New","viewId":"application-manageyards-display-component---NewYard","bindingPath":{"path":"","propertyPath":"/SALES_AREA_VTWEG","modelName":"NewYardModel"},"interaction":{"idSuffix":"inner"}},"clearTextFirst":true,"interactionType":"ENTER_TEXT"}]}
RESULT: {"script":"<script> [776 bytes]","args":[{"enterText":"C2","selector":{"controlType":"sap.m.Input","viewName":"etm.portal.ui.manageyards.view.New","viewId":"application-manageyards-display-component---NewYard","bindingPath":{"path":"","propertyPath":"/SALES_AREA_VTWEG","modelName":"NewYardModel"},"interaction":{"idSuffix":"inner"}},"clearTextFirst":true,"interactionType":"ENTER_TEXT"}]}
COMMAND: POST /session/ba8f8306183d693af77ab2140b410afd/execute/async - {"script":"<script> [1562 bytes]","args":[{"selector":{"controlType":"sap.m.Input","viewName":"etm.portal.ui.manageyards.view.New","viewId":"application-manageyards-display-component---NewYard","bindingPath":{"path":"","propertyPath":"/SALES_AREA_SPART","modelName":"NewYardModel"},"interaction":{"idSuffix":"inner"}},"wdio_ui5_key":"etmportal.ui.manageyards.view.Newsap.m.Input{\"path\":\"\",\"propertyPath\":\"/SALES_AREA_SPART\",\"modelName\":\"NewYardModel\"}"}]}
RESULT: {"script":"<script> [1562 bytes]","args":[{"selector":{"controlType":"sap.m.Input","viewName":"etm.portal.ui.manageyards.view.New","viewId":"application-manageyards-display-component---NewYard","bindingPath":{"path":"","propertyPath":"/SALES_AREA_SPART","modelName":"NewYardModel"},"interaction":{"idSuffix":"inner"}},"wdio_ui5_key":"etmportal.ui.manageyards.view.Newsap.m.Input{\"path\":\"\",\"propertyPath\":\"/SALES_AREA_SPART\",\"modelName\":\"NewYardModel\"}"}]}
RESULT: undefined
COMMAND: POST /session/ba8f8306183d693af77ab2140b410afd/execute/async - {"script":"<script> [776 bytes]","args":[{"enterText":"C2","selector":{"controlType":"sap.m.Input","viewName":"etm.portal.ui.manageyards.view.New","viewId":"application-manageyards-display-component---NewYard","bindingPath":{"path":"","propertyPath":"/SALES_AREA_SPART","modelName":"NewYardModel"},"interaction":{"idSuffix":"inner"}},"clearTextFirst":true,"interactionType":"ENTER_TEXT"}]}
RESULT: {"script":"<script> [776 bytes]","args":[{"enterText":"C2","selector":{"controlType":"sap.m.Input","viewName":"etm.portal.ui.manageyards.view.New","viewId":"application-manageyards-display-component---NewYard","bindingPath":{"path":"","propertyPath":"/SALES_AREA_SPART","modelName":"NewYardModel"},"interaction":{"idSuffix":"inner"}},"clearTextFirst":true,"interactionType":"ENTER_TEXT"}]}
COMMAND: POST /session/ba8f8306183d693af77ab2140b410afd/execute/async - {"script":"<script> [1562 bytes]","args":[{"selector":{"controlType":"sap.m.Input","viewName":"etm.portal.ui.manageyards.view.New","viewId":"application-manageyards-display-component---NewYard","bindingPath":{"path":"","propertyPath":"/SHIP_POINT","modelName":"NewYardModel"},"interaction":{"idSuffix":"inner"}},"wdio_ui5_key":"etmportal.ui.manageyards.view.Newsap.m.Input{\"path\":\"\",\"propertyPath\":\"/SHIP_POINT\",\"modelName\":\"NewYardModel\"}"}]}
RESULT: {"script":"<script> [1562 bytes]","args":[{"selector":{"controlType":"sap.m.Input","viewName":"etm.portal.ui.manageyards.view.New","viewId":"application-manageyards-display-component---NewYard","bindingPath":{"path":"","propertyPath":"/SHIP_POINT","modelName":"NewYardModel"},"interaction":{"idSuffix":"inner"}},"wdio_ui5_key":"etmportal.ui.manageyards.view.Newsap.m.Input{\"path\":\"\",\"propertyPath\":\"/SHIP_POINT\",\"modelName\":\"NewYardModel\"}"}]}
RESULT: undefined
COMMAND: POST /session/ba8f8306183d693af77ab2140b410afd/execute/async - {"script":"<script> [776 bytes]","args":[{"enterText":"1710","selector":{"controlType":"sap.m.Input","viewName":"etm.portal.ui.manageyards.view.New","viewId":"application-manageyards-display-component---NewYard","bindingPath":{"path":"","propertyPath":"/SHIP_POINT","modelName":"NewYardModel"},"interaction":{"idSuffix":"inner"}},"clearTextFirst":true,"interactionType":"ENTER_TEXT"}]}
RESULT: {"script":"<script> [776 bytes]","args":[{"enterText":"1710","selector":{"controlType":"sap.m.Input","viewName":"etm.portal.ui.manageyards.view.New","viewId":"application-manageyards-display-component---NewYard","bindingPath":{"path":"","propertyPath":"/SHIP_POINT","modelName":"NewYardModel"},"interaction":{"idSuffix":"inner"}},"clearTextFirst":true,"interactionType":"ENTER_TEXT"}]}
COMMAND: POST /session/ba8f8306183d693af77ab2140b410afd/execute/async - {"script":"<script> [1562 bytes]","args":[{"selector":{"controlType":"sap.m.Input","viewName":"etm.portal.ui.manageyards.view.New","viewId":"application-manageyards-display-component---NewYard","bindingPath":{"path":"","propertyPath":"/DELIVERY_TYPE","modelName":"NewYardModel"},"interaction":{"idSuffix":"inner"}},"wdio_ui5_key":"etmportal.ui.manageyards.view.Newsap.m.Input{\"path\":\"\",\"propertyPath\":\"/DELIVERY_TYPE\",\"modelName\":\"NewYardModel\"}"}]}
RESULT: {"script":"<script> [1562 bytes]","args":[{"selector":{"controlType":"sap.m.Input","viewName":"etm.portal.ui.manageyards.view.New","viewId":"application-manageyards-display-component---NewYard","bindingPath":{"path":"","propertyPath":"/DELIVERY_TYPE","modelName":"NewYardModel"},"interaction":{"idSuffix":"inner"}},"wdio_ui5_key":"etmportal.ui.manageyards.view.Newsap.m.Input{\"path\":\"\",\"propertyPath\":\"/DELIVERY_TYPE\",\"modelName\":\"NewYardModel\"}"}]}
RESULT: undefined
COMMAND: POST /session/ba8f8306183d693af77ab2140b410afd/execute/async - {"script":"<script> [776 bytes]","args":[{"enterText":"ZL01","selector":{"controlType":"sap.m.Input","viewName":"etm.portal.ui.manageyards.view.New","viewId":"application-manageyards-display-component---NewYard","bindingPath":{"path":"","propertyPath":"/DELIVERY_TYPE","modelName":"NewYardModel"},"interaction":{"idSuffix":"inner"}},"clearTextFirst":true,"interactionType":"ENTER_TEXT"}]}
RESULT: {"script":"<script> [776 bytes]","args":[{"enterText":"ZL01","selector":{"controlType":"sap.m.Input","viewName":"etm.portal.ui.manageyards.view.New","viewId":"application-manageyards-display-component---NewYard","bindingPath":{"path":"","propertyPath":"/DELIVERY_TYPE","modelName":"NewYardModel"},"interaction":{"idSuffix":"inner"}},"clearTextFirst":true,"interactionType":"ENTER_TEXT"}]}
COMMAND: POST /session/ba8f8306183d693af77ab2140b410afd/execute/async - {"script":"<script> [1562 bytes]","args":[{"selector":{"controlType":"sap.m.Input","viewName":"etm.portal.ui.manageyards.view.New","viewId":"application-manageyards-display-component---NewYard","bindingPath":{"path":"","propertyPath":"/AUART","modelName":"NewYardModel"},"interaction":{"idSuffix":"inner"}},"wdio_ui5_key":"etmportal.ui.manageyards.view.Newsap.m.Input{\"path\":\"\",\"propertyPath\":\"/AUART\",\"modelName\":\"NewYardModel\"}"}]}
RESULT: {"script":"<script> [1562 bytes]","args":[{"selector":{"controlType":"sap.m.Input","viewName":"etm.portal.ui.manageyards.view.New","viewId":"application-manageyards-display-component---NewYard","bindingPath":{"path":"","propertyPath":"/AUART","modelName":"NewYardModel"},"interaction":{"idSuffix":"inner"}},"wdio_ui5_key":"etmportal.ui.manageyards.view.Newsap.m.Input{\"path\":\"\",\"propertyPath\":\"/AUART\",\"modelName\":\"NewYardModel\"}"}]}
RESULT: undefined
COMMAND: POST /session/ba8f8306183d693af77ab2140b410afd/execute/async - {"script":"<script> [776 bytes]","args":[{"enterText":"TA","selector":{"controlType":"sap.m.Input","viewName":"etm.portal.ui.manageyards.view.New","viewId":"application-manageyards-display-component---NewYard","bindingPath":{"path":"","propertyPath":"/AUART","modelName":"NewYardModel"},"interaction":{"idSuffix":"inner"}},"clearTextFirst":true,"interactionType":"ENTER_TEXT"}]}
RESULT: {"script":"<script> [776 bytes]","args":[{"enterText":"TA","selector":{"controlType":"sap.m.Input","viewName":"etm.portal.ui.manageyards.view.New","viewId":"application-manageyards-display-component---NewYard","bindingPath":{"path":"","propertyPath":"/AUART","modelName":"NewYardModel"},"interaction":{"idSuffix":"inner"}},"clearTextFirst":true,"interactionType":"ENTER_TEXT"}]}
COMMAND: POST /session/ba8f8306183d693af77ab2140b410afd/element - {"using":"xpath","value":"//button[@data-kt=\"newYardSaveButton\"]"}
RESULT: {"using":"xpath","value":"//button[@data-kt=\"newYardSaveButton\"]"}
COMMAND: POST /session/ba8f8306183d693af77ab2140b410afd/element/f.389042B4FF7C30867E20C40CA0954A5B.d.2D7B0A3BF109214E5306CA9BF773DC19.e.2685/click - {}
RESULT: {}
COMMAND: GET /session/ba8f8306183d693af77ab2140b410afd/screenshot - {}
RESULT: {}
COMMAND: POST /session/ba8f8306183d693af77ab2140b410afd/element - {"using":"xpath","value":"//header[contains(@id, 'ObjectPageLayout-headerTitle')]/div[1]/div[2]/div[1]/span[1]"}
RESULT: {"using":"xpath","value":"//header[contains(@id, 'ObjectPageLayout-headerTitle')]/div[1]/div[2]/div[1]/span[1]"}
COMMAND: POST /session/ba8f8306183d693af77ab2140b410afd/elements - {"using":"xpath","value":"//header[contains(@id, 'ObjectPageLayout-headerTitle')]/div[1]/div[2]/div[1]/span[1]"}
RESULT: {"using":"xpath","value":"//header[contains(@id, 'ObjectPageLayout-headerTitle')]/div[1]/div[2]/div[1]/span[1]"}
COMMAND: POST /session/ba8f8306183d693af77ab2140b410afd/execute/sync - {"script":"<script> [56 bytes]","args":[{"element-6066-11e4-a52e-4f735466cecf":"f.389042B4FF7C30867E20C40CA0954A5B.d.2D7B0A3BF109214E5306CA9BF773DC19.e.2975","ELEMENT":"f.389042B4FF7C30867E20C40CA0954A5B.d.2D7B0A3BF109214E5306CA9BF773DC19.e.2975"}]}
RESULT: {"script":"<script> [56 bytes]","args":[{"element-6066-11e4-a52e-4f735466cecf":"f.389042B4FF7C30867E20C40CA0954A5B.d.2D7B0A3BF109214E5306CA9BF773DC19.e.2975","ELEMENT":"f.389042B4FF7C30867E20C40CA0954A5B.d.2D7B0A3BF109214E5306CA9BF773DC19.e.2975"}]}
COMMAND: GET /session/ba8f8306183d693af77ab2140b410afd/screenshot - {}
RESULT: {}
COMMAND: POST /session/ba8f8306183d693af77ab2140b410afd/element - {"using":"css selector","value":"#shell-header-logo"}
RESULT: {"using":"css selector","value":"#shell-header-logo"}
COMMAND: POST /session/ba8f8306183d693af77ab2140b410afd/element/f.389042B4FF7C30867E20C40CA0954A5B.d.2D7B0A3BF109214E5306CA9BF773DC19.e.2231/click - {}
RESULT: {}
COMMAND: GET /session/ba8f8306183d693af77ab2140b410afd/screenshot - {}
RESULT: {}
COMMAND: POST /session/ba8f8306183d693af77ab2140b410afd/execute/sync - {"script":"<script> [299 bytes]","args":[["getModel","getResource"]]}
RESULT: {"script":"<script> [299 bytes]","args":[["getModel","getResource"]]}
COMMAND: GET /session/ba8f8306183d693af77ab2140b410afd/screenshot - {}
]]></system-out>
    </testcase>
    <testcase classname="chrome.137_0_7151_69.windows.Billing_Transfer_-_Master_data_&amp;_Intercompany_US127250" name="Should create a new partner" time="146.84">
      <system-out><![CDATA[
COMMAND: POST /session/ba8f8306183d693af77ab2140b410afd/window/fullscreen - {}
RESULT: {}
RESULT: {}
COMMAND: POST /session/ba8f8306183d693af77ab2140b410afd/execute/async - {"script":"<script> [1562 bytes]","args":[{"selector":{"controlType":"sap.m.GenericTile","properties":{"header":"Manage Partners"}},"wdio_ui5_key":"sapm.GenericTile{\"header\":\"Manage Partners\"}"}]}
RESULT: {"script":"<script> [1562 bytes]","args":[{"selector":{"controlType":"sap.m.GenericTile","properties":{"header":"Manage Partners"}},"wdio_ui5_key":"sapm.GenericTile{\"header\":\"Manage Partners\"}"}]}
RESULT: undefined
COMMAND: POST /session/ba8f8306183d693af77ab2140b410afd/element - {"using":"xpath","value":"//*[@id=\"__tile39\"]"}
RESULT: {"using":"xpath","value":"//*[@id=\"__tile39\"]"}
COMMAND: POST /session/ba8f8306183d693af77ab2140b410afd/element/f.389042B4FF7C30867E20C40CA0954A5B.d.2D7B0A3BF109214E5306CA9BF773DC19.e.2114/click - {}
RESULT: {}
COMMAND: GET /session/ba8f8306183d693af77ab2140b410afd/screenshot - {}
RESULT: {}
COMMAND: POST /session/ba8f8306183d693af77ab2140b410afd/elements - {"using":"xpath","value":"//span[text()='Error']"}
RESULT: {"using":"xpath","value":"//span[text()='Error']"}
COMMAND: POST /session/ba8f8306183d693af77ab2140b410afd/element - {"using":"xpath","value":"//button[@data-kt=\"addButton\"]"}
RESULT: {"using":"xpath","value":"//button[@data-kt=\"addButton\"]"}
COMMAND: POST /session/ba8f8306183d693af77ab2140b410afd/elements - {"using":"xpath","value":"//button[@data-kt=\"addButton\"]"}
RESULT: {"using":"xpath","value":"//button[@data-kt=\"addButton\"]"}
COMMAND: POST /session/ba8f8306183d693af77ab2140b410afd/execute/sync - {"script":"<script> [8489 bytes]","args":[{"element-6066-11e4-a52e-4f735466cecf":"f.389042B4FF7C30867E20C40CA0954A5B.d.2D7B0A3BF109214E5306CA9BF773DC19.e.3024","ELEMENT":"f.389042B4FF7C30867E20C40CA0954A5B.d.2D7B0A3BF109214E5306CA9BF773DC19.e.3024"}]}
RESULT: {"script":"<script> [8489 bytes]","args":[{"element-6066-11e4-a52e-4f735466cecf":"f.389042B4FF7C30867E20C40CA0954A5B.d.2D7B0A3BF109214E5306CA9BF773DC19.e.3024","ELEMENT":"f.389042B4FF7C30867E20C40CA0954A5B.d.2D7B0A3BF109214E5306CA9BF773DC19.e.3024"}]}
COMMAND: GET /session/ba8f8306183d693af77ab2140b410afd/element/f.389042B4FF7C30867E20C40CA0954A5B.d.2D7B0A3BF109214E5306CA9BF773DC19.e.3024/enabled - {}
COMMAND: GET /session/ba8f8306183d693af77ab2140b410afd/screenshot - {}
RESULT: {}
COMMAND: POST /session/ba8f8306183d693af77ab2140b410afd/execute/sync - {"script":"<script> [8489 bytes]","args":[{"element-6066-11e4-a52e-4f735466cecf":"f.389042B4FF7C30867E20C40CA0954A5B.d.2D7B0A3BF109214E5306CA9BF773DC19.e.3024","ELEMENT":"f.389042B4FF7C30867E20C40CA0954A5B.d.2D7B0A3BF109214E5306CA9BF773DC19.e.3024"}]}
COMMAND: GET /session/ba8f8306183d693af77ab2140b410afd/screenshot - {}
RESULT: {}
RESULT: {"script":"<script> [8489 bytes]","args":[{"element-6066-11e4-a52e-4f735466cecf":"f.389042B4FF7C30867E20C40CA0954A5B.d.2D7B0A3BF109214E5306CA9BF773DC19.e.3024","ELEMENT":"f.389042B4FF7C30867E20C40CA0954A5B.d.2D7B0A3BF109214E5306CA9BF773DC19.e.3024"}]}
COMMAND: POST /session/ba8f8306183d693af77ab2140b410afd/execute/sync - {"script":"<script> [5351 bytes]","args":[{"element-6066-11e4-a52e-4f735466cecf":"f.389042B4FF7C30867E20C40CA0954A5B.d.2D7B0A3BF109214E5306CA9BF773DC19.e.3024","ELEMENT":"f.389042B4FF7C30867E20C40CA0954A5B.d.2D7B0A3BF109214E5306CA9BF773DC19.e.3024"}]}
COMMAND: GET /session/ba8f8306183d693af77ab2140b410afd/screenshot - {}
RESULT: {}
RESULT: {"script":"<script> [5351 bytes]","args":[{"element-6066-11e4-a52e-4f735466cecf":"f.389042B4FF7C30867E20C40CA0954A5B.d.2D7B0A3BF109214E5306CA9BF773DC19.e.3024","ELEMENT":"f.389042B4FF7C30867E20C40CA0954A5B.d.2D7B0A3BF109214E5306CA9BF773DC19.e.3024"}]}
COMMAND: POST /session/ba8f8306183d693af77ab2140b410afd/element/f.389042B4FF7C30867E20C40CA0954A5B.d.2D7B0A3BF109214E5306CA9BF773DC19.e.3024/click - {}
COMMAND: GET /session/ba8f8306183d693af77ab2140b410afd/screenshot - {}
RESULT: {}
RESULT: {}
COMMAND: GET /session/ba8f8306183d693af77ab2140b410afd/screenshot - {}
COMMAND: POST /session/ba8f8306183d693af77ab2140b410afd/execute/async - {"script":"<script> [1562 bytes]","args":[{"selector":{"id":"application-managepartners-display-component---NewPartner--addressDetailDetailsName1","interaction":{"idSuffix":"inner"}},"wdio_ui5_key":"applicationmanagepartners-display-component---NewPartner--addressDetailDetailsName1"}]}
RESULT: {}
RESULT: {}
RESULT: {"script":"<script> [1562 bytes]","args":[{"selector":{"id":"application-managepartners-display-component---NewPartner--addressDetailDetailsName1","interaction":{"idSuffix":"inner"}},"wdio_ui5_key":"applicationmanagepartners-display-component---NewPartner--addressDetailDetailsName1"}]}
RESULT: undefined
COMMAND: POST /session/ba8f8306183d693af77ab2140b410afd/execute/async - {"script":"<script> [776 bytes]","args":[{"enterText":"Intercompany Partner WDIO","selector":{"id":"application-managepartners-display-component---NewPartner--addressDetailDetailsName1","interaction":{"idSuffix":"inner"}},"clearTextFirst":true,"interactionType":"ENTER_TEXT"}]}
RESULT: {"script":"<script> [776 bytes]","args":[{"enterText":"Intercompany Partner WDIO","selector":{"id":"application-managepartners-display-component---NewPartner--addressDetailDetailsName1","interaction":{"idSuffix":"inner"}},"clearTextFirst":true,"interactionType":"ENTER_TEXT"}]}
COMMAND: POST /session/ba8f8306183d693af77ab2140b410afd/execute/async - {"script":"<script> [1562 bytes]","args":[{"selector":{"id":"application-managepartners-display-component---NewPartner--addressDetailDetailsLanguage-arrow"},"wdio_ui5_key":"applicationmanagepartners-display-component---NewPartner--addressDetailDetailsLanguage-arrow"}]}
RESULT: {"script":"<script> [1562 bytes]","args":[{"selector":{"id":"application-managepartners-display-component---NewPartner--addressDetailDetailsLanguage-arrow"},"wdio_ui5_key":"applicationmanagepartners-display-component---NewPartner--addressDetailDetailsLanguage-arrow"}]}
RESULT: undefined
COMMAND: POST /session/ba8f8306183d693af77ab2140b410afd/element - {"using":"xpath","value":"//*[@id=\"application-managepartners-display-component---NewPartner--addressDetailDetailsLanguage-arrow\"]"}
RESULT: {"using":"xpath","value":"//*[@id=\"application-managepartners-display-component---NewPartner--addressDetailDetailsLanguage-arrow\"]"}
COMMAND: POST /session/ba8f8306183d693af77ab2140b410afd/element/f.389042B4FF7C30867E20C40CA0954A5B.d.2D7B0A3BF109214E5306CA9BF773DC19.e.3461/click - {}
RESULT: {}
COMMAND: POST /session/ba8f8306183d693af77ab2140b410afd/element - {"using":"xpath","value":"//span[contains(text(), \"English\")]"}
COMMAND: GET /session/ba8f8306183d693af77ab2140b410afd/screenshot - {}
RESULT: {"using":"xpath","value":"//span[contains(text(), \"English\")]"}
COMMAND: POST /session/ba8f8306183d693af77ab2140b410afd/element/f.389042B4FF7C30867E20C40CA0954A5B.d.2D7B0A3BF109214E5306CA9BF773DC19.e.3462/click - {}
RESULT: {}
RESULT: {}
COMMAND: GET /session/ba8f8306183d693af77ab2140b410afd/screenshot - {}
RESULT: {}
COMMAND: POST /session/ba8f8306183d693af77ab2140b410afd/execute/async - {"script":"<script> [1562 bytes]","args":[{"selector":{"id":"application-managepartners-display-component---NewPartner--addressDetailDetailsCity1","interaction":{"idSuffix":"inner"}},"wdio_ui5_key":"applicationmanagepartners-display-component---NewPartner--addressDetailDetailsCity1"}]}
RESULT: {"script":"<script> [1562 bytes]","args":[{"selector":{"id":"application-managepartners-display-component---NewPartner--addressDetailDetailsCity1","interaction":{"idSuffix":"inner"}},"wdio_ui5_key":"applicationmanagepartners-display-component---NewPartner--addressDetailDetailsCity1"}]}
RESULT: undefined
COMMAND: POST /session/ba8f8306183d693af77ab2140b410afd/execute/async - {"script":"<script> [776 bytes]","args":[{"enterText":"Rosario","selector":{"id":"application-managepartners-display-component---NewPartner--addressDetailDetailsCity1","interaction":{"idSuffix":"inner"}},"clearTextFirst":true,"interactionType":"ENTER_TEXT"}]}
RESULT: {"script":"<script> [776 bytes]","args":[{"enterText":"Rosario","selector":{"id":"application-managepartners-display-component---NewPartner--addressDetailDetailsCity1","interaction":{"idSuffix":"inner"}},"clearTextFirst":true,"interactionType":"ENTER_TEXT"}]}
COMMAND: POST /session/ba8f8306183d693af77ab2140b410afd/execute/async - {"script":"<script> [1562 bytes]","args":[{"selector":{"id":"application-managepartners-display-component---NewPartner--addressDetailDetailsCountry-arrow"},"wdio_ui5_key":"applicationmanagepartners-display-component---NewPartner--addressDetailDetailsCountry-arrow"}]}
RESULT: {"script":"<script> [1562 bytes]","args":[{"selector":{"id":"application-managepartners-display-component---NewPartner--addressDetailDetailsCountry-arrow"},"wdio_ui5_key":"applicationmanagepartners-display-component---NewPartner--addressDetailDetailsCountry-arrow"}]}
RESULT: undefined
COMMAND: POST /session/ba8f8306183d693af77ab2140b410afd/element - {"using":"xpath","value":"//*[@id=\"application-managepartners-display-component---NewPartner--addressDetailDetailsCountry-arrow\"]"}
RESULT: {"using":"xpath","value":"//*[@id=\"application-managepartners-display-component---NewPartner--addressDetailDetailsCountry-arrow\"]"}
COMMAND: POST /session/ba8f8306183d693af77ab2140b410afd/element/f.389042B4FF7C30867E20C40CA0954A5B.d.2D7B0A3BF109214E5306CA9BF773DC19.e.3417/click - {}
RESULT: {}
COMMAND: POST /session/ba8f8306183d693af77ab2140b410afd/element - {"using":"xpath","value":"//span[contains(text(), \"Argentina\")]"}
COMMAND: GET /session/ba8f8306183d693af77ab2140b410afd/screenshot - {}
RESULT: {"using":"xpath","value":"//span[contains(text(), \"Argentina\")]"}
COMMAND: POST /session/ba8f8306183d693af77ab2140b410afd/element/f.389042B4FF7C30867E20C40CA0954A5B.d.2D7B0A3BF109214E5306CA9BF773DC19.e.3464/click - {}
RESULT: {}
RESULT: {}
COMMAND: GET /session/ba8f8306183d693af77ab2140b410afd/screenshot - {}
RESULT: {}
COMMAND: POST /session/ba8f8306183d693af77ab2140b410afd/element - {"using":"xpath","value":"//bdi[contains(text(), \"Commercial\")]"}
RESULT: {"using":"xpath","value":"//bdi[contains(text(), \"Commercial\")]"}
COMMAND: POST /session/ba8f8306183d693af77ab2140b410afd/element/f.389042B4FF7C30867E20C40CA0954A5B.d.2D7B0A3BF109214E5306CA9BF773DC19.e.3465/click - {}
RESULT: {}
COMMAND: GET /session/ba8f8306183d693af77ab2140b410afd/screenshot - {}
RESULT: {}
COMMAND: POST /session/ba8f8306183d693af77ab2140b410afd/execute/async - {"script":"<script> [1562 bytes]","args":[{"selector":{"id":"application-managepartners-display-component---NewPartner--partnerDetailInternal-arrow"},"wdio_ui5_key":"applicationmanagepartners-display-component---NewPartner--partnerDetailInternal-arrow"}]}
RESULT: {"script":"<script> [1562 bytes]","args":[{"selector":{"id":"application-managepartners-display-component---NewPartner--partnerDetailInternal-arrow"},"wdio_ui5_key":"applicationmanagepartners-display-component---NewPartner--partnerDetailInternal-arrow"}]}
RESULT: undefined
COMMAND: POST /session/ba8f8306183d693af77ab2140b410afd/element - {"using":"xpath","value":"//*[@id=\"application-managepartners-display-component---NewPartner--partnerDetailInternal-arrow\"]"}
RESULT: {"using":"xpath","value":"//*[@id=\"application-managepartners-display-component---NewPartner--partnerDetailInternal-arrow\"]"}
COMMAND: POST /session/ba8f8306183d693af77ab2140b410afd/element/f.389042B4FF7C30867E20C40CA0954A5B.d.2D7B0A3BF109214E5306CA9BF773DC19.e.3473/click - {}
RESULT: {}
COMMAND: POST /session/ba8f8306183d693af77ab2140b410afd/element - {"using":"xpath","value":"//span[contains(text(), \"Affiliated company\")]"}
COMMAND: GET /session/ba8f8306183d693af77ab2140b410afd/screenshot - {}
RESULT: {"using":"xpath","value":"//span[contains(text(), \"Affiliated company\")]"}
COMMAND: POST /session/ba8f8306183d693af77ab2140b410afd/element/f.389042B4FF7C30867E20C40CA0954A5B.d.2D7B0A3BF109214E5306CA9BF773DC19.e.3474/click - {}
RESULT: {}
RESULT: {}
COMMAND: POST /session/ba8f8306183d693af77ab2140b410afd/execute/async - {"script":"<script> [1562 bytes]","args":[{"selector":{"id":"application-managepartners-display-component---NewPartner--partnerDetailsCurrency-arrow"},"wdio_ui5_key":"applicationmanagepartners-display-component---NewPartner--partnerDetailsCurrency-arrow"}]}
COMMAND: GET /session/ba8f8306183d693af77ab2140b410afd/screenshot - {}
RESULT: {"script":"<script> [1562 bytes]","args":[{"selector":{"id":"application-managepartners-display-component---NewPartner--partnerDetailsCurrency-arrow"},"wdio_ui5_key":"applicationmanagepartners-display-component---NewPartner--partnerDetailsCurrency-arrow"}]}
RESULT: undefined
COMMAND: POST /session/ba8f8306183d693af77ab2140b410afd/element - {"using":"xpath","value":"//*[@id=\"application-managepartners-display-component---NewPartner--partnerDetailsCurrency-arrow\"]"}
RESULT: {}
RESULT: {"using":"xpath","value":"//*[@id=\"application-managepartners-display-component---NewPartner--partnerDetailsCurrency-arrow\"]"}
COMMAND: POST /session/ba8f8306183d693af77ab2140b410afd/element/f.389042B4FF7C30867E20C40CA0954A5B.d.2D7B0A3BF109214E5306CA9BF773DC19.e.3481/click - {}
RESULT: {}
COMMAND: POST /session/ba8f8306183d693af77ab2140b410afd/element - {"using":"xpath","value":"//span[contains(text(), \"Euro\")]"}
COMMAND: GET /session/ba8f8306183d693af77ab2140b410afd/screenshot - {}
RESULT: {"using":"xpath","value":"//span[contains(text(), \"Euro\")]"}
COMMAND: POST /session/ba8f8306183d693af77ab2140b410afd/element/f.389042B4FF7C30867E20C40CA0954A5B.d.2D7B0A3BF109214E5306CA9BF773DC19.e.3482/click - {}
RESULT: {}
RESULT: {}
COMMAND: POST /session/ba8f8306183d693af77ab2140b410afd/execute/async - {"script":"<script> [1562 bytes]","args":[{"selector":{"id":"application-managepartners-display-component---NewPartner--addressEditDetailsCostObjectCstType-arrow"},"wdio_ui5_key":"applicationmanagepartners-display-component---NewPartner--addressEditDetailsCostObjectCstType-arrow"}]}
COMMAND: GET /session/ba8f8306183d693af77ab2140b410afd/screenshot - {}
RESULT: {"script":"<script> [1562 bytes]","args":[{"selector":{"id":"application-managepartners-display-component---NewPartner--addressEditDetailsCostObjectCstType-arrow"},"wdio_ui5_key":"applicationmanagepartners-display-component---NewPartner--addressEditDetailsCostObjectCstType-arrow"}]}
RESULT: undefined
COMMAND: POST /session/ba8f8306183d693af77ab2140b410afd/element - {"using":"xpath","value":"//*[@id=\"application-managepartners-display-component---NewPartner--addressEditDetailsCostObjectCstType-arrow\"]"}
RESULT: {}
RESULT: {"using":"xpath","value":"//*[@id=\"application-managepartners-display-component---NewPartner--addressEditDetailsCostObjectCstType-arrow\"]"}
COMMAND: POST /session/ba8f8306183d693af77ab2140b410afd/element/f.389042B4FF7C30867E20C40CA0954A5B.d.2D7B0A3BF109214E5306CA9BF773DC19.e.3483/click - {}
RESULT: {}
COMMAND: POST /session/ba8f8306183d693af77ab2140b410afd/element - {"using":"xpath","value":"//span[contains(text(), \"Cost Center\")]"}
COMMAND: GET /session/ba8f8306183d693af77ab2140b410afd/screenshot - {}
RESULT: {"using":"xpath","value":"//span[contains(text(), \"Cost Center\")]"}
COMMAND: POST /session/ba8f8306183d693af77ab2140b410afd/element/f.389042B4FF7C30867E20C40CA0954A5B.d.2D7B0A3BF109214E5306CA9BF773DC19.e.3484/click - {}
RESULT: {}
RESULT: {}
COMMAND: GET /session/ba8f8306183d693af77ab2140b410afd/screenshot - {}
RESULT: {}
COMMAND: POST /session/ba8f8306183d693af77ab2140b410afd/element - {"using":"xpath","value":"//span[@id=\"application-managepartners-display-component---NewPartner--addressNewCostObjectCstID-vhi\"]"}
RESULT: {"using":"xpath","value":"//span[@id=\"application-managepartners-display-component---NewPartner--addressNewCostObjectCstID-vhi\"]"}
COMMAND: POST /session/ba8f8306183d693af77ab2140b410afd/execute/sync - {"script":"<script> [8489 bytes]","args":[{"element-6066-11e4-a52e-4f735466cecf":"f.389042B4FF7C30867E20C40CA0954A5B.d.2D7B0A3BF109214E5306CA9BF773DC19.e.3488","ELEMENT":"f.389042B4FF7C30867E20C40CA0954A5B.d.2D7B0A3BF109214E5306CA9BF773DC19.e.3488"}]}
RESULT: {"script":"<script> [8489 bytes]","args":[{"element-6066-11e4-a52e-4f735466cecf":"f.389042B4FF7C30867E20C40CA0954A5B.d.2D7B0A3BF109214E5306CA9BF773DC19.e.3488","ELEMENT":"f.389042B4FF7C30867E20C40CA0954A5B.d.2D7B0A3BF109214E5306CA9BF773DC19.e.3488"}]}
COMMAND: POST /session/ba8f8306183d693af77ab2140b410afd/execute/async - {"script":"<script> [1562 bytes]","args":[{"selector":{"id":"application-managepartners-display-component---NewPartner--addressNewCostObjectCstID-vhi"},"wdio_ui5_key":"applicationmanagepartners-display-component---NewPartner--addressNewCostObjectCstID-vhi"}]}
COMMAND: GET /session/ba8f8306183d693af77ab2140b410afd/screenshot - {}
RESULT: {"script":"<script> [1562 bytes]","args":[{"selector":{"id":"application-managepartners-display-component---NewPartner--addressNewCostObjectCstID-vhi"},"wdio_ui5_key":"applicationmanagepartners-display-component---NewPartner--addressNewCostObjectCstID-vhi"}]}
RESULT: undefined
COMMAND: POST /session/ba8f8306183d693af77ab2140b410afd/element - {"using":"xpath","value":"//*[@id=\"application-managepartners-display-component---NewPartner--addressNewCostObjectCstID-vhi\"]"}
RESULT: {}
RESULT: {"using":"xpath","value":"//*[@id=\"application-managepartners-display-component---NewPartner--addressNewCostObjectCstID-vhi\"]"}
COMMAND: POST /session/ba8f8306183d693af77ab2140b410afd/element/f.389042B4FF7C30867E20C40CA0954A5B.d.2D7B0A3BF109214E5306CA9BF773DC19.e.3488/click - {}
RESULT: {}
COMMAND: GET /session/ba8f8306183d693af77ab2140b410afd/screenshot - {}
RESULT: {}
RESULT: undefined
COMMAND: POST /session/ba8f8306183d693af77ab2140b410afd/execute/async - {"script":"<script> [776 bytes]","args":[{"enterText":"10001013","selector":{"controlType":"sap.m.SearchField","properties":{"placeholder":"Search"},"searchOpenDialogs":true,"interaction":{"idSuffix":"I"}},"clearTextFirst":true,"interactionType":"ENTER_TEXT"}]}
RESULT: {"script":"<script> [776 bytes]","args":[{"enterText":"10001013","selector":{"controlType":"sap.m.SearchField","properties":{"placeholder":"Search"},"searchOpenDialogs":true,"interaction":{"idSuffix":"I"}},"clearTextFirst":true,"interactionType":"ENTER_TEXT"}]}
COMMAND: POST /session/ba8f8306183d693af77ab2140b410afd/actions - {"actions":[{"id":"action2","type":"key","parameters":{},"actions":[{"type":"keyDown","value":""},{"type":"pause","duration":10},{"type":"keyUp","value":""}]}]}
RESULT: {"actions":[{"id":"action2","type":"key","parameters":{},"actions":[{"type":"keyDown","value":""},{"type":"pause","duration":10},{"type":"keyUp","value":""}]}]}
COMMAND: GET /session/ba8f8306183d693af77ab2140b410afd/screenshot - {}
RESULT: {}
COMMAND: POST /session/ba8f8306183d693af77ab2140b410afd/element - {"using":"xpath","value":"//span[contains(text(), \"General Management\")]"}
RESULT: {"using":"xpath","value":"//span[contains(text(), \"General Management\")]"}
COMMAND: POST /session/ba8f8306183d693af77ab2140b410afd/element/f.389042B4FF7C30867E20C40CA0954A5B.d.2D7B0A3BF109214E5306CA9BF773DC19.e.3527/click - {}
RESULT: {}
COMMAND: GET /session/ba8f8306183d693af77ab2140b410afd/screenshot - {}
RESULT: {}
COMMAND: POST /session/ba8f8306183d693af77ab2140b410afd/element - {"using":"xpath","value":"//bdi[contains(text(), \"OK\")]"}
RESULT: {"using":"xpath","value":"//bdi[contains(text(), \"OK\")]"}
COMMAND: POST /session/ba8f8306183d693af77ab2140b410afd/element/f.389042B4FF7C30867E20C40CA0954A5B.d.2D7B0A3BF109214E5306CA9BF773DC19.e.3528/click - {}
RESULT: {}
COMMAND: GET /session/ba8f8306183d693af77ab2140b410afd/screenshot - {}
RESULT: {}
COMMAND: POST /session/ba8f8306183d693af77ab2140b410afd/element - {"using":"xpath","value":"//input[@id=\"application-managepartners-display-component---NewPartner--companyCodeComboBox-inner\"]"}
RESULT: {"using":"xpath","value":"//input[@id=\"application-managepartners-display-component---NewPartner--companyCodeComboBox-inner\"]"}
COMMAND: POST /session/ba8f8306183d693af77ab2140b410afd/element/f.389042B4FF7C30867E20C40CA0954A5B.d.2D7B0A3BF109214E5306CA9BF773DC19.e.3374/clear - {}
RESULT: {}
COMMAND: POST /session/ba8f8306183d693af77ab2140b410afd/element/f.389042B4FF7C30867E20C40CA0954A5B.d.2D7B0A3BF109214E5306CA9BF773DC19.e.3374/value - {"text":"C002"}
COMMAND: GET /session/ba8f8306183d693af77ab2140b410afd/screenshot - {}
RESULT: {"text":"C002"}
COMMAND: GET /session/ba8f8306183d693af77ab2140b410afd/screenshot - {}
RESULT: {}
RESULT: {}
COMMAND: POST /session/ba8f8306183d693af77ab2140b410afd/element - {"using":"xpath","value":"//li[.//span[text()= \"C002\"]]"}
RESULT: {"using":"xpath","value":"//li[.//span[text()= \"C002\"]]"}
COMMAND: POST /session/ba8f8306183d693af77ab2140b410afd/element/f.389042B4FF7C30867E20C40CA0954A5B.d.2D7B0A3BF109214E5306CA9BF773DC19.e.3534/click - {}
RESULT: {}
COMMAND: GET /session/ba8f8306183d693af77ab2140b410afd/screenshot - {}
RESULT: {}
COMMAND: POST /session/ba8f8306183d693af77ab2140b410afd/execute/async - {"script":"<script> [1562 bytes]","args":[{"selector":{"id":"application-managepartners-display-component---NewPartner--btnAddTableRow-img"},"wdio_ui5_key":"applicationmanagepartners-display-component---NewPartner--btnAddTableRow-img"}]}
RESULT: {"script":"<script> [1562 bytes]","args":[{"selector":{"id":"application-managepartners-display-component---NewPartner--btnAddTableRow-img"},"wdio_ui5_key":"applicationmanagepartners-display-component---NewPartner--btnAddTableRow-img"}]}
RESULT: undefined
COMMAND: POST /session/ba8f8306183d693af77ab2140b410afd/element - {"using":"xpath","value":"//*[@id=\"application-managepartners-display-component---NewPartner--btnAddTableRow-img\"]"}
RESULT: {"using":"xpath","value":"//*[@id=\"application-managepartners-display-component---NewPartner--btnAddTableRow-img\"]"}
COMMAND: POST /session/ba8f8306183d693af77ab2140b410afd/element/f.389042B4FF7C30867E20C40CA0954A5B.d.2D7B0A3BF109214E5306CA9BF773DC19.e.3535/click - {}
RESULT: {}
COMMAND: GET /session/ba8f8306183d693af77ab2140b410afd/screenshot - {}
RESULT: {}
COMMAND: POST /session/ba8f8306183d693af77ab2140b410afd/element - {"using":"xpath","value":"//input[@id=\"application-managepartners-display-component---NewPartner--assignmentYard-application-managepartners-display-component---NewPartner--assignmentsTable-0-inner\"]"}
RESULT: {"using":"xpath","value":"//input[@id=\"application-managepartners-display-component---NewPartner--assignmentYard-application-managepartners-display-component---NewPartner--assignmentsTable-0-inner\"]"}
COMMAND: POST /session/ba8f8306183d693af77ab2140b410afd/element/f.389042B4FF7C30867E20C40CA0954A5B.d.2D7B0A3BF109214E5306CA9BF773DC19.e.3538/clear - {}
RESULT: {}
COMMAND: POST /session/ba8f8306183d693af77ab2140b410afd/element/f.389042B4FF7C30867E20C40CA0954A5B.d.2D7B0A3BF109214E5306CA9BF773DC19.e.3538/value - {"text":"270"}
COMMAND: GET /session/ba8f8306183d693af77ab2140b410afd/screenshot - {}
RESULT: {"text":"270"}
COMMAND: GET /session/ba8f8306183d693af77ab2140b410afd/screenshot - {}
RESULT: {}
RESULT: {}
COMMAND: POST /session/ba8f8306183d693af77ab2140b410afd/element - {"using":"xpath","value":"//ul[contains(@id,\"NewPartner--assignmentsTable-0-popup-list-listUl\")]//li[.//span[text()='270']]"}
RESULT: {"using":"xpath","value":"//ul[contains(@id,\"NewPartner--assignmentsTable-0-popup-list-listUl\")]//li[.//span[text()='270']]"}
COMMAND: POST /session/ba8f8306183d693af77ab2140b410afd/element/f.389042B4FF7C30867E20C40CA0954A5B.d.2D7B0A3BF109214E5306CA9BF773DC19.e.3547/click - {}
RESULT: {}
COMMAND: GET /session/ba8f8306183d693af77ab2140b410afd/screenshot - {}
RESULT: {}
COMMAND: POST /session/ba8f8306183d693af77ab2140b410afd/actions - {"actions":[{"id":"action3","type":"key","parameters":{},"actions":[{"type":"keyDown","value":""},{"type":"pause","duration":10},{"type":"keyUp","value":""}]}]}
RESULT: {"actions":[{"id":"action3","type":"key","parameters":{},"actions":[{"type":"keyDown","value":""},{"type":"pause","duration":10},{"type":"keyUp","value":""}]}]}
COMMAND: POST /session/ba8f8306183d693af77ab2140b410afd/execute/async - {"script":"<script> [1562 bytes]","args":[{"selector":{"id":"application-managepartners-display-component---NewPartner--externalCustomerComboBox-application-managepartners-display-component---NewPartner--assignmentsTable-0-vhi"},"wdio_ui5_key":"applicationmanagepartners-display-component---NewPartner--externalCustomerComboBox-application-managepartners-display-component---NewPartner--assignmentsTable-0-vhi"}]}
COMMAND: GET /session/ba8f8306183d693af77ab2140b410afd/screenshot - {}
RESULT: {"script":"<script> [1562 bytes]","args":[{"selector":{"id":"application-managepartners-display-component---NewPartner--externalCustomerComboBox-application-managepartners-display-component---NewPartner--assignmentsTable-0-vhi"},"wdio_ui5_key":"applicationmanagepartners-display-component---NewPartner--externalCustomerComboBox-application-managepartners-display-component---NewPartner--assignmentsTable-0-vhi"}]}
RESULT: undefined
COMMAND: POST /session/ba8f8306183d693af77ab2140b410afd/element - {"using":"xpath","value":"//*[@id=\"application-managepartners-display-component---NewPartner--externalCustomerComboBox-application-managepartners-display-component---NewPartner--assignmentsTable-0-vhi\"]"}
RESULT: {}
RESULT: {"using":"xpath","value":"//*[@id=\"application-managepartners-display-component---NewPartner--externalCustomerComboBox-application-managepartners-display-component---NewPartner--assignmentsTable-0-vhi\"]"}
COMMAND: POST /session/ba8f8306183d693af77ab2140b410afd/element/f.389042B4FF7C30867E20C40CA0954A5B.d.2D7B0A3BF109214E5306CA9BF773DC19.e.3551/click - {}
RESULT: {}
RESULT: undefined
COMMAND: POST /session/ba8f8306183d693af77ab2140b410afd/execute/async - {"script":"<script> [776 bytes]","args":[{"enterText":"300003","selector":{"controlType":"sap.m.SearchField","properties":{"placeholder":"Search"},"searchOpenDialogs":true,"interaction":{"idSuffix":"I"}},"clearTextFirst":true,"interactionType":"ENTER_TEXT"}]}
COMMAND: GET /session/ba8f8306183d693af77ab2140b410afd/screenshot - {}
RESULT: {"script":"<script> [776 bytes]","args":[{"enterText":"300003","selector":{"controlType":"sap.m.SearchField","properties":{"placeholder":"Search"},"searchOpenDialogs":true,"interaction":{"idSuffix":"I"}},"clearTextFirst":true,"interactionType":"ENTER_TEXT"}]}
COMMAND: POST /session/ba8f8306183d693af77ab2140b410afd/actions - {"actions":[{"id":"action4","type":"key","parameters":{},"actions":[{"type":"keyDown","value":""},{"type":"pause","duration":10},{"type":"keyUp","value":""}]}]}
RESULT: {}
RESULT: {"actions":[{"id":"action4","type":"key","parameters":{},"actions":[{"type":"keyDown","value":""},{"type":"pause","duration":10},{"type":"keyUp","value":""}]}]}
COMMAND: GET /session/ba8f8306183d693af77ab2140b410afd/screenshot - {}
RESULT: {}
COMMAND: POST /session/ba8f8306183d693af77ab2140b410afd/element - {"using":"xpath","value":"//span[contains(text(), \"300003\")]"}
RESULT: {"using":"xpath","value":"//span[contains(text(), \"300003\")]"}
COMMAND: POST /session/ba8f8306183d693af77ab2140b410afd/element/f.389042B4FF7C30867E20C40CA0954A5B.d.2D7B0A3BF109214E5306CA9BF773DC19.e.3602/click - {}
RESULT: {}
COMMAND: GET /session/ba8f8306183d693af77ab2140b410afd/screenshot - {}
RESULT: {}
COMMAND: POST /session/ba8f8306183d693af77ab2140b410afd/element - {"using":"xpath","value":"//bdi[contains(text(), \"OK\")]"}
RESULT: {"using":"xpath","value":"//bdi[contains(text(), \"OK\")]"}
COMMAND: POST /session/ba8f8306183d693af77ab2140b410afd/element/f.389042B4FF7C30867E20C40CA0954A5B.d.2D7B0A3BF109214E5306CA9BF773DC19.e.3604/click - {}
RESULT: {}
COMMAND: GET /session/ba8f8306183d693af77ab2140b410afd/screenshot - {}
RESULT: {}
COMMAND: POST /session/ba8f8306183d693af77ab2140b410afd/execute/async - {"script":"<script> [1562 bytes]","args":[{"selector":{"id":"application-managepartners-display-component---NewPartner--intercompVendorComboBox-application-managepartners-display-component---NewPartner--assignmentsTable-0-vhi"},"wdio_ui5_key":"applicationmanagepartners-display-component---NewPartner--intercompVendorComboBox-application-managepartners-display-component---NewPartner--assignmentsTable-0-vhi"}]}
RESULT: {"script":"<script> [1562 bytes]","args":[{"selector":{"id":"application-managepartners-display-component---NewPartner--intercompVendorComboBox-application-managepartners-display-component---NewPartner--assignmentsTable-0-vhi"},"wdio_ui5_key":"applicationmanagepartners-display-component---NewPartner--intercompVendorComboBox-application-managepartners-display-component---NewPartner--assignmentsTable-0-vhi"}]}
RESULT: undefined
COMMAND: POST /session/ba8f8306183d693af77ab2140b410afd/element - {"using":"xpath","value":"//*[@id=\"application-managepartners-display-component---NewPartner--intercompVendorComboBox-application-managepartners-display-component---NewPartner--assignmentsTable-0-vhi\"]"}
RESULT: {"using":"xpath","value":"//*[@id=\"application-managepartners-display-component---NewPartner--intercompVendorComboBox-application-managepartners-display-component---NewPartner--assignmentsTable-0-vhi\"]"}
COMMAND: POST /session/ba8f8306183d693af77ab2140b410afd/element/f.389042B4FF7C30867E20C40CA0954A5B.d.2D7B0A3BF109214E5306CA9BF773DC19.e.3607/click - {}
RESULT: {}
RESULT: undefined
COMMAND: POST /session/ba8f8306183d693af77ab2140b410afd/execute/async - {"script":"<script> [776 bytes]","args":[{"enterText":"100005","selector":{"controlType":"sap.m.SearchField","properties":{"placeholder":"Search"},"searchOpenDialogs":true,"interaction":{"idSuffix":"I"}},"clearTextFirst":true,"interactionType":"ENTER_TEXT"}]}
COMMAND: GET /session/ba8f8306183d693af77ab2140b410afd/screenshot - {}
RESULT: {"script":"<script> [776 bytes]","args":[{"enterText":"100005","selector":{"controlType":"sap.m.SearchField","properties":{"placeholder":"Search"},"searchOpenDialogs":true,"interaction":{"idSuffix":"I"}},"clearTextFirst":true,"interactionType":"ENTER_TEXT"}]}
COMMAND: POST /session/ba8f8306183d693af77ab2140b410afd/actions - {"actions":[{"id":"action5","type":"key","parameters":{},"actions":[{"type":"keyDown","value":""},{"type":"pause","duration":10},{"type":"keyUp","value":""}]}]}
RESULT: {}
RESULT: {"actions":[{"id":"action5","type":"key","parameters":{},"actions":[{"type":"keyDown","value":""},{"type":"pause","duration":10},{"type":"keyUp","value":""}]}]}
COMMAND: GET /session/ba8f8306183d693af77ab2140b410afd/screenshot - {}
RESULT: {}
COMMAND: POST /session/ba8f8306183d693af77ab2140b410afd/element - {"using":"xpath","value":"//span[contains(text(), \"Penguins - Field/12345 Berlin\")]"}
RESULT: {"using":"xpath","value":"//span[contains(text(), \"Penguins - Field/12345 Berlin\")]"}
COMMAND: POST /session/ba8f8306183d693af77ab2140b410afd/element/f.389042B4FF7C30867E20C40CA0954A5B.d.2D7B0A3BF109214E5306CA9BF773DC19.e.3624/click - {}
RESULT: {}
COMMAND: GET /session/ba8f8306183d693af77ab2140b410afd/screenshot - {}
RESULT: {}
COMMAND: POST /session/ba8f8306183d693af77ab2140b410afd/element - {"using":"xpath","value":"//bdi[contains(text(), \"OK\")]"}
RESULT: {"using":"xpath","value":"//bdi[contains(text(), \"OK\")]"}
COMMAND: POST /session/ba8f8306183d693af77ab2140b410afd/element/f.389042B4FF7C30867E20C40CA0954A5B.d.2D7B0A3BF109214E5306CA9BF773DC19.e.3625/click - {}
RESULT: {}
COMMAND: GET /session/ba8f8306183d693af77ab2140b410afd/screenshot - {}
RESULT: {}
COMMAND: POST /session/ba8f8306183d693af77ab2140b410afd/element - {"using":"xpath","value":"//button[@data-kt=\"saveButton\"]"}
RESULT: {"using":"xpath","value":"//button[@data-kt=\"saveButton\"]"}
COMMAND: POST /session/ba8f8306183d693af77ab2140b410afd/element/f.389042B4FF7C30867E20C40CA0954A5B.d.2D7B0A3BF109214E5306CA9BF773DC19.e.3438/click - {}
RESULT: {}
COMMAND: GET /session/ba8f8306183d693af77ab2140b410afd/screenshot - {}
RESULT: {}
COMMAND: POST /session/ba8f8306183d693af77ab2140b410afd/element - {"using":"xpath","value":"//header[contains(@id, 'ObjectPageLayout-headerTitle')]/div[1]/div[2]/div[2]/span[1]"}
RESULT: {"using":"xpath","value":"//header[contains(@id, 'ObjectPageLayout-headerTitle')]/div[1]/div[2]/div[2]/span[1]"}
COMMAND: POST /session/ba8f8306183d693af77ab2140b410afd/elements - {"using":"xpath","value":"//header[contains(@id, 'ObjectPageLayout-headerTitle')]/div[1]/div[2]/div[2]/span[1]"}
RESULT: {"using":"xpath","value":"//header[contains(@id, 'ObjectPageLayout-headerTitle')]/div[1]/div[2]/div[2]/span[1]"}
COMMAND: POST /session/ba8f8306183d693af77ab2140b410afd/execute/sync - {"script":"<script> [56 bytes]","args":[{"element-6066-11e4-a52e-4f735466cecf":"f.389042B4FF7C30867E20C40CA0954A5B.d.2D7B0A3BF109214E5306CA9BF773DC19.e.3788","ELEMENT":"f.389042B4FF7C30867E20C40CA0954A5B.d.2D7B0A3BF109214E5306CA9BF773DC19.e.3788"}]}
RESULT: {"script":"<script> [56 bytes]","args":[{"element-6066-11e4-a52e-4f735466cecf":"f.389042B4FF7C30867E20C40CA0954A5B.d.2D7B0A3BF109214E5306CA9BF773DC19.e.3788","ELEMENT":"f.389042B4FF7C30867E20C40CA0954A5B.d.2D7B0A3BF109214E5306CA9BF773DC19.e.3788"}]}
COMMAND: POST /session/ba8f8306183d693af77ab2140b410afd/element - {"using":"css selector","value":"#shell-header-logo"}
COMMAND: GET /session/ba8f8306183d693af77ab2140b410afd/screenshot - {}
RESULT: {"using":"css selector","value":"#shell-header-logo"}
COMMAND: POST /session/ba8f8306183d693af77ab2140b410afd/element/f.389042B4FF7C30867E20C40CA0954A5B.d.2D7B0A3BF109214E5306CA9BF773DC19.e.2979/click - {}
RESULT: {}
RESULT: {}
COMMAND: GET /session/ba8f8306183d693af77ab2140b410afd/screenshot - {}
RESULT: {}
COMMAND: POST /session/ba8f8306183d693af77ab2140b410afd/execute/sync - {"script":"<script> [299 bytes]","args":[["getModel","getResource"]]}
RESULT: {"script":"<script> [299 bytes]","args":[["getModel","getResource"]]}
]]></system-out>
    </testcase>
    <testcase classname="chrome.137_0_7151_69.windows.Billing_Transfer_-_Master_data_&amp;_Intercompany_US127250" name="Should create a new site" time="105.646">
      <system-out><![CDATA[
COMMAND: POST /session/ba8f8306183d693af77ab2140b410afd/execute/async - {"script":"<script> [1562 bytes]","args":[{"selector":{"controlType":"sap.m.GenericTile","properties":{"header":"Manage Sites"}},"wdio_ui5_key":"sapm.GenericTile{\"header\":\"Manage Sites\"}"}]}
COMMAND: GET /session/ba8f8306183d693af77ab2140b410afd/screenshot - {}
RESULT: {"script":"<script> [1562 bytes]","args":[{"selector":{"controlType":"sap.m.GenericTile","properties":{"header":"Manage Sites"}},"wdio_ui5_key":"sapm.GenericTile{\"header\":\"Manage Sites\"}"}]}
RESULT: undefined
COMMAND: POST /session/ba8f8306183d693af77ab2140b410afd/element - {"using":"xpath","value":"//*[@id=\"__tile41\"]"}
RESULT: {}
RESULT: {"using":"xpath","value":"//*[@id=\"__tile41\"]"}
COMMAND: POST /session/ba8f8306183d693af77ab2140b410afd/element/f.389042B4FF7C30867E20C40CA0954A5B.d.2D7B0A3BF109214E5306CA9BF773DC19.e.2120/click - {}
RESULT: {}
COMMAND: GET /session/ba8f8306183d693af77ab2140b410afd/screenshot - {}
RESULT: {}
COMMAND: POST /session/ba8f8306183d693af77ab2140b410afd/elements - {"using":"xpath","value":"//span[text()='Error']"}
RESULT: {"using":"xpath","value":"//span[text()='Error']"}
COMMAND: POST /session/ba8f8306183d693af77ab2140b410afd/element - {"using":"xpath","value":"//button[@data-kt=\"addOverflowToolbarButton\"]"}
RESULT: {"using":"xpath","value":"//button[@data-kt=\"addOverflowToolbarButton\"]"}
COMMAND: POST /session/ba8f8306183d693af77ab2140b410afd/elements - {"using":"xpath","value":"//button[@data-kt=\"addOverflowToolbarButton\"]"}
RESULT: {"using":"xpath","value":"//button[@data-kt=\"addOverflowToolbarButton\"]"}
COMMAND: POST /session/ba8f8306183d693af77ab2140b410afd/execute/sync - {"script":"<script> [8489 bytes]","args":[{"element-6066-11e4-a52e-4f735466cecf":"f.389042B4FF7C30867E20C40CA0954A5B.d.2D7B0A3BF109214E5306CA9BF773DC19.e.3836","ELEMENT":"f.389042B4FF7C30867E20C40CA0954A5B.d.2D7B0A3BF109214E5306CA9BF773DC19.e.3836"}]}
RESULT: {"script":"<script> [8489 bytes]","args":[{"element-6066-11e4-a52e-4f735466cecf":"f.389042B4FF7C30867E20C40CA0954A5B.d.2D7B0A3BF109214E5306CA9BF773DC19.e.3836","ELEMENT":"f.389042B4FF7C30867E20C40CA0954A5B.d.2D7B0A3BF109214E5306CA9BF773DC19.e.3836"}]}
COMMAND: GET /session/ba8f8306183d693af77ab2140b410afd/element/f.389042B4FF7C30867E20C40CA0954A5B.d.2D7B0A3BF109214E5306CA9BF773DC19.e.3836/enabled - {}
COMMAND: GET /session/ba8f8306183d693af77ab2140b410afd/screenshot - {}
RESULT: {}
COMMAND: POST /session/ba8f8306183d693af77ab2140b410afd/execute/sync - {"script":"<script> [8489 bytes]","args":[{"element-6066-11e4-a52e-4f735466cecf":"f.389042B4FF7C30867E20C40CA0954A5B.d.2D7B0A3BF109214E5306CA9BF773DC19.e.3836","ELEMENT":"f.389042B4FF7C30867E20C40CA0954A5B.d.2D7B0A3BF109214E5306CA9BF773DC19.e.3836"}]}
COMMAND: GET /session/ba8f8306183d693af77ab2140b410afd/screenshot - {}
RESULT: {}
RESULT: {"script":"<script> [8489 bytes]","args":[{"element-6066-11e4-a52e-4f735466cecf":"f.389042B4FF7C30867E20C40CA0954A5B.d.2D7B0A3BF109214E5306CA9BF773DC19.e.3836","ELEMENT":"f.389042B4FF7C30867E20C40CA0954A5B.d.2D7B0A3BF109214E5306CA9BF773DC19.e.3836"}]}
COMMAND: POST /session/ba8f8306183d693af77ab2140b410afd/execute/sync - {"script":"<script> [5351 bytes]","args":[{"element-6066-11e4-a52e-4f735466cecf":"f.389042B4FF7C30867E20C40CA0954A5B.d.2D7B0A3BF109214E5306CA9BF773DC19.e.3836","ELEMENT":"f.389042B4FF7C30867E20C40CA0954A5B.d.2D7B0A3BF109214E5306CA9BF773DC19.e.3836"}]}
COMMAND: GET /session/ba8f8306183d693af77ab2140b410afd/screenshot - {}
RESULT: {}
RESULT: {"script":"<script> [5351 bytes]","args":[{"element-6066-11e4-a52e-4f735466cecf":"f.389042B4FF7C30867E20C40CA0954A5B.d.2D7B0A3BF109214E5306CA9BF773DC19.e.3836","ELEMENT":"f.389042B4FF7C30867E20C40CA0954A5B.d.2D7B0A3BF109214E5306CA9BF773DC19.e.3836"}]}
COMMAND: POST /session/ba8f8306183d693af77ab2140b410afd/element/f.389042B4FF7C30867E20C40CA0954A5B.d.2D7B0A3BF109214E5306CA9BF773DC19.e.3836/click - {}
COMMAND: GET /session/ba8f8306183d693af77ab2140b410afd/screenshot - {}
RESULT: {}
RESULT: {}
COMMAND: GET /session/ba8f8306183d693af77ab2140b410afd/screenshot - {}
COMMAND: POST /session/ba8f8306183d693af77ab2140b410afd/element - {"using":"xpath","value":"//input[@id=\"application-managesites-display-component---NewSite--siteId-inner\"]"}
RESULT: {}
RESULT: {}
RESULT: {"using":"xpath","value":"//input[@id=\"application-managesites-display-component---NewSite--siteId-inner\"]"}
COMMAND: POST /session/ba8f8306183d693af77ab2140b410afd/element - {"using":"xpath","value":"//input[@id=\"application-managesites-display-component---NewSite--siteId-inner\"]"}
RESULT: {"using":"xpath","value":"//input[@id=\"application-managesites-display-component---NewSite--siteId-inner\"]"}
COMMAND: POST /session/ba8f8306183d693af77ab2140b410afd/execute/async - {"script":"<script> [1562 bytes]","args":[{"selector":{"id":"application-managesites-display-component---NewSite--addressDetailDetailsName1","interaction":{"idSuffix":"inner"}},"wdio_ui5_key":"applicationmanagesites-display-component---NewSite--addressDetailDetailsName1"}]}
RESULT: {"script":"<script> [1562 bytes]","args":[{"selector":{"id":"application-managesites-display-component---NewSite--addressDetailDetailsName1","interaction":{"idSuffix":"inner"}},"wdio_ui5_key":"applicationmanagesites-display-component---NewSite--addressDetailDetailsName1"}]}
RESULT: undefined
COMMAND: POST /session/ba8f8306183d693af77ab2140b410afd/execute/async - {"script":"<script> [776 bytes]","args":[{"enterText":"Intercompany Site wdIO","selector":{"id":"application-managesites-display-component---NewSite--addressDetailDetailsName1","interaction":{"idSuffix":"inner"}},"clearTextFirst":true,"interactionType":"ENTER_TEXT"}]}
RESULT: {"script":"<script> [776 bytes]","args":[{"enterText":"Intercompany Site wdIO","selector":{"id":"application-managesites-display-component---NewSite--addressDetailDetailsName1","interaction":{"idSuffix":"inner"}},"clearTextFirst":true,"interactionType":"ENTER_TEXT"}]}
COMMAND: POST /session/ba8f8306183d693af77ab2140b410afd/execute/async - {"script":"<script> [1562 bytes]","args":[{"selector":{"id":"application-managesites-display-component---NewSite--addressDetailDetailsLanguage-arrow"},"wdio_ui5_key":"applicationmanagesites-display-component---NewSite--addressDetailDetailsLanguage-arrow"}]}
RESULT: {"script":"<script> [1562 bytes]","args":[{"selector":{"id":"application-managesites-display-component---NewSite--addressDetailDetailsLanguage-arrow"},"wdio_ui5_key":"applicationmanagesites-display-component---NewSite--addressDetailDetailsLanguage-arrow"}]}
RESULT: undefined
COMMAND: POST /session/ba8f8306183d693af77ab2140b410afd/element - {"using":"xpath","value":"//*[@id=\"application-managesites-display-component---NewSite--addressDetailDetailsLanguage-arrow\"]"}
RESULT: {"using":"xpath","value":"//*[@id=\"application-managesites-display-component---NewSite--addressDetailDetailsLanguage-arrow\"]"}
COMMAND: POST /session/ba8f8306183d693af77ab2140b410afd/element/f.389042B4FF7C30867E20C40CA0954A5B.d.2D7B0A3BF109214E5306CA9BF773DC19.e.4235/click - {}
RESULT: {}
COMMAND: POST /session/ba8f8306183d693af77ab2140b410afd/element - {"using":"xpath","value":"//span[contains(text(), \"English\")]"}
COMMAND: GET /session/ba8f8306183d693af77ab2140b410afd/screenshot - {}
RESULT: {"using":"xpath","value":"//span[contains(text(), \"English\")]"}
COMMAND: POST /session/ba8f8306183d693af77ab2140b410afd/element/f.389042B4FF7C30867E20C40CA0954A5B.d.2D7B0A3BF109214E5306CA9BF773DC19.e.4236/click - {}
RESULT: {}
RESULT: {}
COMMAND: POST /session/ba8f8306183d693af77ab2140b410afd/execute/async - {"script":"<script> [1562 bytes]","args":[{"selector":{"id":"application-managesites-display-component---NewSite--addressDetailDetailsCity1","interaction":{"idSuffix":"inner"}},"wdio_ui5_key":"applicationmanagesites-display-component---NewSite--addressDetailDetailsCity1"}]}
COMMAND: GET /session/ba8f8306183d693af77ab2140b410afd/screenshot - {}
RESULT: {"script":"<script> [1562 bytes]","args":[{"selector":{"id":"application-managesites-display-component---NewSite--addressDetailDetailsCity1","interaction":{"idSuffix":"inner"}},"wdio_ui5_key":"applicationmanagesites-display-component---NewSite--addressDetailDetailsCity1"}]}
RESULT: undefined
COMMAND: POST /session/ba8f8306183d693af77ab2140b410afd/execute/async - {"script":"<script> [776 bytes]","args":[{"enterText":"Rosario","selector":{"id":"application-managesites-display-component---NewSite--addressDetailDetailsCity1","interaction":{"idSuffix":"inner"}},"clearTextFirst":true,"interactionType":"ENTER_TEXT"}]}
RESULT: {}
RESULT: {"script":"<script> [776 bytes]","args":[{"enterText":"Rosario","selector":{"id":"application-managesites-display-component---NewSite--addressDetailDetailsCity1","interaction":{"idSuffix":"inner"}},"clearTextFirst":true,"interactionType":"ENTER_TEXT"}]}
COMMAND: POST /session/ba8f8306183d693af77ab2140b410afd/execute/async - {"script":"<script> [1562 bytes]","args":[{"selector":{"id":"application-managesites-display-component---NewSite--addressDetailDetailsCountry-arrow"},"wdio_ui5_key":"applicationmanagesites-display-component---NewSite--addressDetailDetailsCountry-arrow"}]}
RESULT: {"script":"<script> [1562 bytes]","args":[{"selector":{"id":"application-managesites-display-component---NewSite--addressDetailDetailsCountry-arrow"},"wdio_ui5_key":"applicationmanagesites-display-component---NewSite--addressDetailDetailsCountry-arrow"}]}
RESULT: undefined
COMMAND: POST /session/ba8f8306183d693af77ab2140b410afd/element - {"using":"xpath","value":"//*[@id=\"application-managesites-display-component---NewSite--addressDetailDetailsCountry-arrow\"]"}
RESULT: {"using":"xpath","value":"//*[@id=\"application-managesites-display-component---NewSite--addressDetailDetailsCountry-arrow\"]"}
COMMAND: POST /session/ba8f8306183d693af77ab2140b410afd/element/f.389042B4FF7C30867E20C40CA0954A5B.d.2D7B0A3BF109214E5306CA9BF773DC19.e.4238/click - {}
RESULT: {}
COMMAND: POST /session/ba8f8306183d693af77ab2140b410afd/element - {"using":"xpath","value":"//span[contains(text(), \"Argentina\")]"}
COMMAND: GET /session/ba8f8306183d693af77ab2140b410afd/screenshot - {}
RESULT: {"using":"xpath","value":"//span[contains(text(), \"Argentina\")]"}
COMMAND: POST /session/ba8f8306183d693af77ab2140b410afd/element/f.389042B4FF7C30867E20C40CA0954A5B.d.2D7B0A3BF109214E5306CA9BF773DC19.e.4239/click - {}
RESULT: {}
RESULT: {}
COMMAND: GET /session/ba8f8306183d693af77ab2140b410afd/screenshot - {}
RESULT: {}
COMMAND: POST /session/ba8f8306183d693af77ab2140b410afd/execute/async - {"script":"<script> [1562 bytes]","args":[{"selector":{"id":"application-managesites-display-component---NewSite--addressEditDetailsCostObjectCstType-arrow"},"wdio_ui5_key":"applicationmanagesites-display-component---NewSite--addressEditDetailsCostObjectCstType-arrow"}]}
RESULT: {"script":"<script> [1562 bytes]","args":[{"selector":{"id":"application-managesites-display-component---NewSite--addressEditDetailsCostObjectCstType-arrow"},"wdio_ui5_key":"applicationmanagesites-display-component---NewSite--addressEditDetailsCostObjectCstType-arrow"}]}
RESULT: undefined
COMMAND: POST /session/ba8f8306183d693af77ab2140b410afd/element - {"using":"xpath","value":"//*[@id=\"application-managesites-display-component---NewSite--addressEditDetailsCostObjectCstType-arrow\"]"}
RESULT: {"using":"xpath","value":"//*[@id=\"application-managesites-display-component---NewSite--addressEditDetailsCostObjectCstType-arrow\"]"}
COMMAND: POST /session/ba8f8306183d693af77ab2140b410afd/element/f.389042B4FF7C30867E20C40CA0954A5B.d.2D7B0A3BF109214E5306CA9BF773DC19.e.4241/click - {}
RESULT: {}
COMMAND: POST /session/ba8f8306183d693af77ab2140b410afd/element - {"using":"xpath","value":"//span[contains(text(), \"Cost Center\")]"}
COMMAND: GET /session/ba8f8306183d693af77ab2140b410afd/screenshot - {}
RESULT: {"using":"xpath","value":"//span[contains(text(), \"Cost Center\")]"}
COMMAND: POST /session/ba8f8306183d693af77ab2140b410afd/element/f.389042B4FF7C30867E20C40CA0954A5B.d.2D7B0A3BF109214E5306CA9BF773DC19.e.4242/click - {}
RESULT: {}
RESULT: {}
COMMAND: GET /session/ba8f8306183d693af77ab2140b410afd/screenshot - {}
RESULT: {}
COMMAND: POST /session/ba8f8306183d693af77ab2140b410afd/element - {"using":"xpath","value":"//span[@id=\"application-managesites-display-component---NewSite--addressNewCostObjectCstID-vhi\"]"}
RESULT: {"using":"xpath","value":"//span[@id=\"application-managesites-display-component---NewSite--addressNewCostObjectCstID-vhi\"]"}
COMMAND: POST /session/ba8f8306183d693af77ab2140b410afd/execute/sync - {"script":"<script> [8489 bytes]","args":[{"element-6066-11e4-a52e-4f735466cecf":"f.389042B4FF7C30867E20C40CA0954A5B.d.2D7B0A3BF109214E5306CA9BF773DC19.e.4246","ELEMENT":"f.389042B4FF7C30867E20C40CA0954A5B.d.2D7B0A3BF109214E5306CA9BF773DC19.e.4246"}]}
RESULT: {"script":"<script> [8489 bytes]","args":[{"element-6066-11e4-a52e-4f735466cecf":"f.389042B4FF7C30867E20C40CA0954A5B.d.2D7B0A3BF109214E5306CA9BF773DC19.e.4246","ELEMENT":"f.389042B4FF7C30867E20C40CA0954A5B.d.2D7B0A3BF109214E5306CA9BF773DC19.e.4246"}]}
COMMAND: POST /session/ba8f8306183d693af77ab2140b410afd/execute/async - {"script":"<script> [1562 bytes]","args":[{"selector":{"id":"application-managesites-display-component---NewSite--addressNewCostObjectCstID-vhi"},"wdio_ui5_key":"applicationmanagesites-display-component---NewSite--addressNewCostObjectCstID-vhi"}]}
COMMAND: GET /session/ba8f8306183d693af77ab2140b410afd/screenshot - {}
RESULT: {"script":"<script> [1562 bytes]","args":[{"selector":{"id":"application-managesites-display-component---NewSite--addressNewCostObjectCstID-vhi"},"wdio_ui5_key":"applicationmanagesites-display-component---NewSite--addressNewCostObjectCstID-vhi"}]}
RESULT: undefined
COMMAND: POST /session/ba8f8306183d693af77ab2140b410afd/element - {"using":"xpath","value":"//*[@id=\"application-managesites-display-component---NewSite--addressNewCostObjectCstID-vhi\"]"}
RESULT: {}
RESULT: {"using":"xpath","value":"//*[@id=\"application-managesites-display-component---NewSite--addressNewCostObjectCstID-vhi\"]"}
COMMAND: POST /session/ba8f8306183d693af77ab2140b410afd/element/f.389042B4FF7C30867E20C40CA0954A5B.d.2D7B0A3BF109214E5306CA9BF773DC19.e.4246/click - {}
RESULT: {}
COMMAND: GET /session/ba8f8306183d693af77ab2140b410afd/screenshot - {}
RESULT: {}
RESULT: undefined
COMMAND: POST /session/ba8f8306183d693af77ab2140b410afd/execute/async - {"script":"<script> [776 bytes]","args":[{"enterText":"10001013","selector":{"controlType":"sap.m.SearchField","properties":{"placeholder":"Search"},"searchOpenDialogs":true,"interaction":{"idSuffix":"I"}},"clearTextFirst":true,"interactionType":"ENTER_TEXT"}]}
RESULT: {"script":"<script> [776 bytes]","args":[{"enterText":"10001013","selector":{"controlType":"sap.m.SearchField","properties":{"placeholder":"Search"},"searchOpenDialogs":true,"interaction":{"idSuffix":"I"}},"clearTextFirst":true,"interactionType":"ENTER_TEXT"}]}
COMMAND: POST /session/ba8f8306183d693af77ab2140b410afd/actions - {"actions":[{"id":"action6","type":"key","parameters":{},"actions":[{"type":"keyDown","value":""},{"type":"pause","duration":10},{"type":"keyUp","value":""}]}]}
RESULT: {"actions":[{"id":"action6","type":"key","parameters":{},"actions":[{"type":"keyDown","value":""},{"type":"pause","duration":10},{"type":"keyUp","value":""}]}]}
COMMAND: GET /session/ba8f8306183d693af77ab2140b410afd/screenshot - {}
RESULT: {}
COMMAND: POST /session/ba8f8306183d693af77ab2140b410afd/element - {"using":"xpath","value":"//span[contains(text(), \"General Management\")]"}
RESULT: {"using":"xpath","value":"//span[contains(text(), \"General Management\")]"}
COMMAND: POST /session/ba8f8306183d693af77ab2140b410afd/element/f.389042B4FF7C30867E20C40CA0954A5B.d.2D7B0A3BF109214E5306CA9BF773DC19.e.4285/click - {}
RESULT: {}
COMMAND: GET /session/ba8f8306183d693af77ab2140b410afd/screenshot - {}
RESULT: {}
COMMAND: POST /session/ba8f8306183d693af77ab2140b410afd/element - {"using":"xpath","value":"//bdi[contains(text(), \"OK\")]"}
RESULT: {"using":"xpath","value":"//bdi[contains(text(), \"OK\")]"}
COMMAND: POST /session/ba8f8306183d693af77ab2140b410afd/element/f.389042B4FF7C30867E20C40CA0954A5B.d.2D7B0A3BF109214E5306CA9BF773DC19.e.4286/click - {}
RESULT: {}
COMMAND: GET /session/ba8f8306183d693af77ab2140b410afd/screenshot - {}
RESULT: {}
COMMAND: POST /session/ba8f8306183d693af77ab2140b410afd/element - {"using":"xpath","value":"//input[@id=\"application-managesites-display-component---NewSite--addressDetailDetailsCalendar-inner\"]"}
RESULT: {"using":"xpath","value":"//input[@id=\"application-managesites-display-component---NewSite--addressDetailDetailsCalendar-inner\"]"}
COMMAND: POST /session/ba8f8306183d693af77ab2140b410afd/element/f.389042B4FF7C30867E20C40CA0954A5B.d.2D7B0A3BF109214E5306CA9BF773DC19.e.4033/clear - {}
RESULT: {}
COMMAND: POST /session/ba8f8306183d693af77ab2140b410afd/element/f.389042B4FF7C30867E20C40CA0954A5B.d.2D7B0A3BF109214E5306CA9BF773DC19.e.4033/value - {"text":"Unit"}
COMMAND: GET /session/ba8f8306183d693af77ab2140b410afd/screenshot - {}
RESULT: {}
RESULT: {"text":"Unit"}
COMMAND: GET /session/ba8f8306183d693af77ab2140b410afd/screenshot - {}
RESULT: {}
COMMAND: POST /session/ba8f8306183d693af77ab2140b410afd/actions - {"actions":[{"id":"action7","type":"key","parameters":{},"actions":[{"type":"keyDown","value":""},{"type":"pause","duration":10},{"type":"keyUp","value":""}]}]}
RESULT: {"actions":[{"id":"action7","type":"key","parameters":{},"actions":[{"type":"keyDown","value":""},{"type":"pause","duration":10},{"type":"keyUp","value":""}]}]}
COMMAND: POST /session/ba8f8306183d693af77ab2140b410afd/element - {"using":"xpath","value":"//input[@id=\"application-managesites-display-component---NewSite--addressDetailDetailsYard-inner\"]"}
COMMAND: GET /session/ba8f8306183d693af77ab2140b410afd/screenshot - {}
RESULT: {"using":"xpath","value":"//input[@id=\"application-managesites-display-component---NewSite--addressDetailDetailsYard-inner\"]"}
COMMAND: POST /session/ba8f8306183d693af77ab2140b410afd/element/f.389042B4FF7C30867E20C40CA0954A5B.d.2D7B0A3BF109214E5306CA9BF773DC19.e.4034/clear - {}
RESULT: {}
RESULT: {}
COMMAND: POST /session/ba8f8306183d693af77ab2140b410afd/element/f.389042B4FF7C30867E20C40CA0954A5B.d.2D7B0A3BF109214E5306CA9BF773DC19.e.4034/value - {"text":"270"}
COMMAND: GET /session/ba8f8306183d693af77ab2140b410afd/screenshot - {}
RESULT: {"text":"270"}
COMMAND: GET /session/ba8f8306183d693af77ab2140b410afd/screenshot - {}
RESULT: {}
RESULT: {}
COMMAND: POST /session/ba8f8306183d693af77ab2140b410afd/element - {"using":"xpath","value":"//li[.//span[text()='270']]"}
RESULT: {"using":"xpath","value":"//li[.//span[text()='270']]"}
COMMAND: POST /session/ba8f8306183d693af77ab2140b410afd/element/f.389042B4FF7C30867E20C40CA0954A5B.d.2D7B0A3BF109214E5306CA9BF773DC19.e.4294/click - {}
RESULT: {}
COMMAND: GET /session/ba8f8306183d693af77ab2140b410afd/screenshot - {}
RESULT: {}
COMMAND: POST /session/ba8f8306183d693af77ab2140b410afd/element - {"using":"xpath","value":"//input[@id=\"application-managesites-display-component---NewSite--addressDetailDetailsPartner-inner\"]"}
RESULT: {"using":"xpath","value":"//input[@id=\"application-managesites-display-component---NewSite--addressDetailDetailsPartner-inner\"]"}
COMMAND: POST /session/ba8f8306183d693af77ab2140b410afd/element - {"using":"xpath","value":"//input[@id=\"application-managesites-display-component---NewSite--addressDetailDetailsPartner-inner\"]"}
RESULT: {"using":"xpath","value":"//input[@id=\"application-managesites-display-component---NewSite--addressDetailDetailsPartner-inner\"]"}
COMMAND: POST /session/ba8f8306183d693af77ab2140b410afd/element - {"using":"xpath","value":"//button[@data-kt=\"saveButton\"]"}
RESULT: {"using":"xpath","value":"//button[@data-kt=\"saveButton\"]"}
COMMAND: POST /session/ba8f8306183d693af77ab2140b410afd/element/f.389042B4FF7C30867E20C40CA0954A5B.d.2D7B0A3BF109214E5306CA9BF773DC19.e.4228/click - {}
RESULT: {}
COMMAND: GET /session/ba8f8306183d693af77ab2140b410afd/screenshot - {}
COMMAND: POST /session/ba8f8306183d693af77ab2140b410afd/element - {"using":"xpath","value":"//header[contains(@id, 'ObjectPageLayout-headerTitle')]/div[1]/div[2]/div[2]/span[1]"}
RESULT: {}
RESULT: {"using":"xpath","value":"//header[contains(@id, 'ObjectPageLayout-headerTitle')]/div[1]/div[2]/div[2]/span[1]"}
COMMAND: POST /session/ba8f8306183d693af77ab2140b410afd/elements - {"using":"xpath","value":"//header[contains(@id, 'ObjectPageLayout-headerTitle')]/div[1]/div[2]/div[2]/span[1]"}
RESULT: {"using":"xpath","value":"//header[contains(@id, 'ObjectPageLayout-headerTitle')]/div[1]/div[2]/div[2]/span[1]"}
COMMAND: POST /session/ba8f8306183d693af77ab2140b410afd/execute/sync - {"script":"<script> [56 bytes]","args":[{"element-6066-11e4-a52e-4f735466cecf":"f.389042B4FF7C30867E20C40CA0954A5B.d.2D7B0A3BF109214E5306CA9BF773DC19.e.4494","ELEMENT":"f.389042B4FF7C30867E20C40CA0954A5B.d.2D7B0A3BF109214E5306CA9BF773DC19.e.4494"}]}
RESULT: {"script":"<script> [56 bytes]","args":[{"element-6066-11e4-a52e-4f735466cecf":"f.389042B4FF7C30867E20C40CA0954A5B.d.2D7B0A3BF109214E5306CA9BF773DC19.e.4494","ELEMENT":"f.389042B4FF7C30867E20C40CA0954A5B.d.2D7B0A3BF109214E5306CA9BF773DC19.e.4494"}]}
COMMAND: POST /session/ba8f8306183d693af77ab2140b410afd/element - {"using":"css selector","value":"#shell-header-logo"}
COMMAND: GET /session/ba8f8306183d693af77ab2140b410afd/screenshot - {}
RESULT: {"using":"css selector","value":"#shell-header-logo"}
COMMAND: POST /session/ba8f8306183d693af77ab2140b410afd/element/f.389042B4FF7C30867E20C40CA0954A5B.d.2D7B0A3BF109214E5306CA9BF773DC19.e.3793/click - {}
RESULT: {}
RESULT: {}
COMMAND: GET /session/ba8f8306183d693af77ab2140b410afd/screenshot - {}
RESULT: {}
COMMAND: POST /session/ba8f8306183d693af77ab2140b410afd/execute/sync - {"script":"<script> [299 bytes]","args":[["getModel","getResource"]]}
RESULT: {"script":"<script> [299 bytes]","args":[["getModel","getResource"]]}
]]></system-out>
    </testcase>
    <testcase classname="chrome.137_0_7151_69.windows.Billing_Transfer_-_Master_data_&amp;_Intercompany_US127250" name="Should create a new equipment" time="145.245">
      <system-out><![CDATA[
COMMAND: POST /session/ba8f8306183d693af77ab2140b410afd/execute/async - {"script":"<script> [1562 bytes]","args":[{"selector":{"controlType":"sap.m.GenericTile","properties":{"header":"Manage Resources"}},"wdio_ui5_key":"sapm.GenericTile{\"header\":\"Manage Resources\"}"}]}
COMMAND: GET /session/ba8f8306183d693af77ab2140b410afd/screenshot - {}
RESULT: {"script":"<script> [1562 bytes]","args":[{"selector":{"controlType":"sap.m.GenericTile","properties":{"header":"Manage Resources"}},"wdio_ui5_key":"sapm.GenericTile{\"header\":\"Manage Resources\"}"}]}
RESULT: undefined
COMMAND: POST /session/ba8f8306183d693af77ab2140b410afd/element - {"using":"xpath","value":"//*[@id=\"__tile40\"]"}
RESULT: {}
RESULT: {"using":"xpath","value":"//*[@id=\"__tile40\"]"}
COMMAND: POST /session/ba8f8306183d693af77ab2140b410afd/element/f.389042B4FF7C30867E20C40CA0954A5B.d.2D7B0A3BF109214E5306CA9BF773DC19.e.2117/click - {}
RESULT: {}
COMMAND: GET /session/ba8f8306183d693af77ab2140b410afd/screenshot - {}
RESULT: {}
COMMAND: POST /session/ba8f8306183d693af77ab2140b410afd/elements - {"using":"xpath","value":"//span[text()='Error']"}
RESULT: {"using":"xpath","value":"//span[text()='Error']"}
COMMAND: POST /session/ba8f8306183d693af77ab2140b410afd/element - {"using":"xpath","value":"//button[@data-kt=\"addNewRUOverflowToolbarButton\"]"}
RESULT: {"using":"xpath","value":"//button[@data-kt=\"addNewRUOverflowToolbarButton\"]"}
COMMAND: POST /session/ba8f8306183d693af77ab2140b410afd/elements - {"using":"xpath","value":"//button[@data-kt=\"addNewRUOverflowToolbarButton\"]"}
RESULT: {"using":"xpath","value":"//button[@data-kt=\"addNewRUOverflowToolbarButton\"]"}
COMMAND: POST /session/ba8f8306183d693af77ab2140b410afd/elements - {"using":"xpath","value":"//button[@data-kt=\"addNewRUOverflowToolbarButton\"]"}
RESULT: {"using":"xpath","value":"//button[@data-kt=\"addNewRUOverflowToolbarButton\"]"}
COMMAND: POST /session/ba8f8306183d693af77ab2140b410afd/elements - {"using":"xpath","value":"//button[@data-kt=\"addNewRUOverflowToolbarButton\"]"}
RESULT: {"using":"xpath","value":"//button[@data-kt=\"addNewRUOverflowToolbarButton\"]"}
COMMAND: POST /session/ba8f8306183d693af77ab2140b410afd/element - {"using":"xpath","value":"//button[@data-kt=\"addNewRUOverflowToolbarButton\"]"}
RESULT: {"using":"xpath","value":"//button[@data-kt=\"addNewRUOverflowToolbarButton\"]"}
COMMAND: POST /session/ba8f8306183d693af77ab2140b410afd/execute/sync - {"script":"<script> [8489 bytes]","args":[{"element-6066-11e4-a52e-4f735466cecf":"f.389042B4FF7C30867E20C40CA0954A5B.d.2D7B0A3BF109214E5306CA9BF773DC19.e.4527","ELEMENT":"f.389042B4FF7C30867E20C40CA0954A5B.d.2D7B0A3BF109214E5306CA9BF773DC19.e.4527"}]}
RESULT: {"script":"<script> [8489 bytes]","args":[{"element-6066-11e4-a52e-4f735466cecf":"f.389042B4FF7C30867E20C40CA0954A5B.d.2D7B0A3BF109214E5306CA9BF773DC19.e.4527","ELEMENT":"f.389042B4FF7C30867E20C40CA0954A5B.d.2D7B0A3BF109214E5306CA9BF773DC19.e.4527"}]}
COMMAND: GET /session/ba8f8306183d693af77ab2140b410afd/element/f.389042B4FF7C30867E20C40CA0954A5B.d.2D7B0A3BF109214E5306CA9BF773DC19.e.4527/enabled - {}
COMMAND: GET /session/ba8f8306183d693af77ab2140b410afd/screenshot - {}
RESULT: {}
COMMAND: POST /session/ba8f8306183d693af77ab2140b410afd/execute/sync - {"script":"<script> [8489 bytes]","args":[{"element-6066-11e4-a52e-4f735466cecf":"f.389042B4FF7C30867E20C40CA0954A5B.d.2D7B0A3BF109214E5306CA9BF773DC19.e.4527","ELEMENT":"f.389042B4FF7C30867E20C40CA0954A5B.d.2D7B0A3BF109214E5306CA9BF773DC19.e.4527"}]}
COMMAND: GET /session/ba8f8306183d693af77ab2140b410afd/screenshot - {}
RESULT: {}
RESULT: {"script":"<script> [8489 bytes]","args":[{"element-6066-11e4-a52e-4f735466cecf":"f.389042B4FF7C30867E20C40CA0954A5B.d.2D7B0A3BF109214E5306CA9BF773DC19.e.4527","ELEMENT":"f.389042B4FF7C30867E20C40CA0954A5B.d.2D7B0A3BF109214E5306CA9BF773DC19.e.4527"}]}
COMMAND: POST /session/ba8f8306183d693af77ab2140b410afd/execute/sync - {"script":"<script> [5351 bytes]","args":[{"element-6066-11e4-a52e-4f735466cecf":"f.389042B4FF7C30867E20C40CA0954A5B.d.2D7B0A3BF109214E5306CA9BF773DC19.e.4527","ELEMENT":"f.389042B4FF7C30867E20C40CA0954A5B.d.2D7B0A3BF109214E5306CA9BF773DC19.e.4527"}]}
COMMAND: GET /session/ba8f8306183d693af77ab2140b410afd/screenshot - {}
RESULT: {}
RESULT: {"script":"<script> [5351 bytes]","args":[{"element-6066-11e4-a52e-4f735466cecf":"f.389042B4FF7C30867E20C40CA0954A5B.d.2D7B0A3BF109214E5306CA9BF773DC19.e.4527","ELEMENT":"f.389042B4FF7C30867E20C40CA0954A5B.d.2D7B0A3BF109214E5306CA9BF773DC19.e.4527"}]}
COMMAND: POST /session/ba8f8306183d693af77ab2140b410afd/element/f.389042B4FF7C30867E20C40CA0954A5B.d.2D7B0A3BF109214E5306CA9BF773DC19.e.4527/click - {}
COMMAND: GET /session/ba8f8306183d693af77ab2140b410afd/screenshot - {}
RESULT: {}
RESULT: {}
COMMAND: GET /session/ba8f8306183d693af77ab2140b410afd/screenshot - {}
RESULT: {}
RESULT: {}
COMMAND: POST /session/ba8f8306183d693af77ab2140b410afd/execute/async - {"script":"<script> [1562 bytes]","args":[{"selector":{"id":"application-manageresources-display-component---newResourceUnit--TYPE-arrow"},"wdio_ui5_key":"applicationmanageresources-display-component---newResourceUnit--TYPE-arrow"}]}
RESULT: {"script":"<script> [1562 bytes]","args":[{"selector":{"id":"application-manageresources-display-component---newResourceUnit--TYPE-arrow"},"wdio_ui5_key":"applicationmanageresources-display-component---newResourceUnit--TYPE-arrow"}]}
RESULT: undefined
COMMAND: POST /session/ba8f8306183d693af77ab2140b410afd/element - {"using":"xpath","value":"//*[@id=\"application-manageresources-display-component---newResourceUnit--TYPE-arrow\"]"}
RESULT: {"using":"xpath","value":"//*[@id=\"application-manageresources-display-component---newResourceUnit--TYPE-arrow\"]"}
COMMAND: POST /session/ba8f8306183d693af77ab2140b410afd/element/f.389042B4FF7C30867E20C40CA0954A5B.d.2D7B0A3BF109214E5306CA9BF773DC19.e.4887/click - {}
RESULT: {}
COMMAND: POST /session/ba8f8306183d693af77ab2140b410afd/element - {"using":"xpath","value":"//input[@id=\"application-manageresources-display-component---newResourceUnit--TYPE-inner\"]"}
COMMAND: GET /session/ba8f8306183d693af77ab2140b410afd/screenshot - {}
RESULT: {"using":"xpath","value":"//input[@id=\"application-manageresources-display-component---newResourceUnit--TYPE-inner\"]"}
COMMAND: POST /session/ba8f8306183d693af77ab2140b410afd/element/f.389042B4FF7C30867E20C40CA0954A5B.d.2D7B0A3BF109214E5306CA9BF773DC19.e.4884/clear - {}
RESULT: {}
RESULT: {}
COMMAND: POST /session/ba8f8306183d693af77ab2140b410afd/element/f.389042B4FF7C30867E20C40CA0954A5B.d.2D7B0A3BF109214E5306CA9BF773DC19.e.4884/value - {"text":"Equipment"}
COMMAND: GET /session/ba8f8306183d693af77ab2140b410afd/screenshot - {}
RESULT: {"text":"Equipment"}
COMMAND: GET /session/ba8f8306183d693af77ab2140b410afd/screenshot - {}
RESULT: {}
RESULT: {}
COMMAND: POST /session/ba8f8306183d693af77ab2140b410afd/actions - {"actions":[{"id":"action8","type":"key","parameters":{},"actions":[{"type":"keyDown","value":""},{"type":"pause","duration":10},{"type":"keyUp","value":""}]}]}
RESULT: {"actions":[{"id":"action8","type":"key","parameters":{},"actions":[{"type":"keyDown","value":""},{"type":"pause","duration":10},{"type":"keyUp","value":""}]}]}
COMMAND: POST /session/ba8f8306183d693af77ab2140b410afd/execute/async - {"script":"<script> [1562 bytes]","args":[{"selector":{"id":"application-manageresources-display-component---newResourceUnit--resourceId","interaction":{"idSuffix":"inner"}},"wdio_ui5_key":"applicationmanageresources-display-component---newResourceUnit--resourceId"}]}
COMMAND: GET /session/ba8f8306183d693af77ab2140b410afd/screenshot - {}
RESULT: {"script":"<script> [1562 bytes]","args":[{"selector":{"id":"application-manageresources-display-component---newResourceUnit--resourceId","interaction":{"idSuffix":"inner"}},"wdio_ui5_key":"applicationmanageresources-display-component---newResourceUnit--resourceId"}]}
RESULT: undefined
COMMAND: POST /session/ba8f8306183d693af77ab2140b410afd/execute/async - {"script":"<script> [776 bytes]","args":[{"enterText":"fP8Y41j9hj","selector":{"id":"application-manageresources-display-component---newResourceUnit--resourceId","interaction":{"idSuffix":"inner"}},"clearTextFirst":true,"interactionType":"ENTER_TEXT"}]}
RESULT: {}
RESULT: {"script":"<script> [776 bytes]","args":[{"enterText":"fP8Y41j9hj","selector":{"id":"application-manageresources-display-component---newResourceUnit--resourceId","interaction":{"idSuffix":"inner"}},"clearTextFirst":true,"interactionType":"ENTER_TEXT"}]}
COMMAND: POST /session/ba8f8306183d693af77ab2140b410afd/execute/async - {"script":"<script> [1562 bytes]","args":[{"selector":{"id":"application-manageresources-display-component---newResourceUnit--SHORT_TEXT","interaction":{"idSuffix":"inner"}},"wdio_ui5_key":"applicationmanageresources-display-component---newResourceUnit--SHORT_TEXT"}]}
RESULT: {"script":"<script> [1562 bytes]","args":[{"selector":{"id":"application-manageresources-display-component---newResourceUnit--SHORT_TEXT","interaction":{"idSuffix":"inner"}},"wdio_ui5_key":"applicationmanageresources-display-component---newResourceUnit--SHORT_TEXT"}]}
RESULT: undefined
COMMAND: POST /session/ba8f8306183d693af77ab2140b410afd/execute/async - {"script":"<script> [776 bytes]","args":[{"enterText":"Intercompany Equipment WDIO","selector":{"id":"application-manageresources-display-component---newResourceUnit--SHORT_TEXT","interaction":{"idSuffix":"inner"}},"clearTextFirst":true,"interactionType":"ENTER_TEXT"}]}
RESULT: {"script":"<script> [776 bytes]","args":[{"enterText":"Intercompany Equipment WDIO","selector":{"id":"application-manageresources-display-component---newResourceUnit--SHORT_TEXT","interaction":{"idSuffix":"inner"}},"clearTextFirst":true,"interactionType":"ENTER_TEXT"}]}
COMMAND: POST /session/ba8f8306183d693af77ab2140b410afd/execute/async - {"script":"<script> [1562 bytes]","args":[{"selector":{"id":"application-manageresources-display-component---newResourceUnit--BASE_UNIT_OF_MEASURE","interaction":{"idSuffix":"inner"}},"wdio_ui5_key":"applicationmanageresources-display-component---newResourceUnit--BASE_UNIT_OF_MEASURE"}]}
RESULT: {"script":"<script> [1562 bytes]","args":[{"selector":{"id":"application-manageresources-display-component---newResourceUnit--BASE_UNIT_OF_MEASURE","interaction":{"idSuffix":"inner"}},"wdio_ui5_key":"applicationmanageresources-display-component---newResourceUnit--BASE_UNIT_OF_MEASURE"}]}
RESULT: undefined
COMMAND: POST /session/ba8f8306183d693af77ab2140b410afd/execute/async - {"script":"<script> [776 bytes]","args":[{"enterText":"Piece","selector":{"id":"application-manageresources-display-component---newResourceUnit--BASE_UNIT_OF_MEASURE","interaction":{"idSuffix":"inner"}},"clearTextFirst":true,"interactionType":"ENTER_TEXT"}]}
RESULT: {"script":"<script> [776 bytes]","args":[{"enterText":"Piece","selector":{"id":"application-manageresources-display-component---newResourceUnit--BASE_UNIT_OF_MEASURE","interaction":{"idSuffix":"inner"}},"clearTextFirst":true,"interactionType":"ENTER_TEXT"}]}
COMMAND: POST /session/ba8f8306183d693af77ab2140b410afd/execute/async - {"script":"<script> [1562 bytes]","args":[{"selector":{"id":"application-manageresources-display-component---newResourceUnit--WEIGHT_UNIT","interaction":{"idSuffix":"inner"}},"wdio_ui5_key":"applicationmanageresources-display-component---newResourceUnit--WEIGHT_UNIT"}]}
RESULT: {"script":"<script> [1562 bytes]","args":[{"selector":{"id":"application-manageresources-display-component---newResourceUnit--WEIGHT_UNIT","interaction":{"idSuffix":"inner"}},"wdio_ui5_key":"applicationmanageresources-display-component---newResourceUnit--WEIGHT_UNIT"}]}
RESULT: undefined
COMMAND: POST /session/ba8f8306183d693af77ab2140b410afd/execute/async - {"script":"<script> [776 bytes]","args":[{"enterText":"Gram","selector":{"id":"application-manageresources-display-component---newResourceUnit--WEIGHT_UNIT","interaction":{"idSuffix":"inner"}},"clearTextFirst":true,"interactionType":"ENTER_TEXT"}]}
RESULT: {"script":"<script> [776 bytes]","args":[{"enterText":"Gram","selector":{"id":"application-manageresources-display-component---newResourceUnit--WEIGHT_UNIT","interaction":{"idSuffix":"inner"}},"clearTextFirst":true,"interactionType":"ENTER_TEXT"}]}
COMMAND: POST /session/ba8f8306183d693af77ab2140b410afd/execute/async - {"script":"<script> [1562 bytes]","args":[{"selector":{"id":"application-manageresources-display-component---newResourceUnit--DIMENSION_UNIT","interaction":{"idSuffix":"inner"}},"wdio_ui5_key":"applicationmanageresources-display-component---newResourceUnit--DIMENSION_UNIT"}]}
RESULT: {"script":"<script> [1562 bytes]","args":[{"selector":{"id":"application-manageresources-display-component---newResourceUnit--DIMENSION_UNIT","interaction":{"idSuffix":"inner"}},"wdio_ui5_key":"applicationmanageresources-display-component---newResourceUnit--DIMENSION_UNIT"}]}
RESULT: undefined
COMMAND: POST /session/ba8f8306183d693af77ab2140b410afd/execute/async - {"script":"<script> [776 bytes]","args":[{"enterText":"Meter","selector":{"id":"application-manageresources-display-component---newResourceUnit--DIMENSION_UNIT","interaction":{"idSuffix":"inner"}},"clearTextFirst":true,"interactionType":"ENTER_TEXT"}]}
RESULT: {"script":"<script> [776 bytes]","args":[{"enterText":"Meter","selector":{"id":"application-manageresources-display-component---newResourceUnit--DIMENSION_UNIT","interaction":{"idSuffix":"inner"}},"clearTextFirst":true,"interactionType":"ENTER_TEXT"}]}
COMMAND: POST /session/ba8f8306183d693af77ab2140b410afd/execute/async - {"script":"<script> [1562 bytes]","args":[{"selector":{"id":"application-manageresources-display-component---newResourceUnit--newRRUPage-anchBar-application-manageresources-display-component---newResourceUnit--control-anchor","interaction":{"idSuffix":"BDI-content"}},"wdio_ui5_key":"applicationmanageresources-display-component---newResourceUnit--newRRUPage-anchBar-application-manageresources-display-component---newResourceUnit--control-anchor"}]}
RESULT: {"script":"<script> [1562 bytes]","args":[{"selector":{"id":"application-manageresources-display-component---newResourceUnit--newRRUPage-anchBar-application-manageresources-display-component---newResourceUnit--control-anchor","interaction":{"idSuffix":"BDI-content"}},"wdio_ui5_key":"applicationmanageresources-display-component---newResourceUnit--newRRUPage-anchBar-application-manageresources-display-component---newResourceUnit--control-anchor"}]}
RESULT: undefined
COMMAND: POST /session/ba8f8306183d693af77ab2140b410afd/element - {"using":"xpath","value":"//*[@id=\"application-manageresources-display-component---newResourceUnit--newRRUPage-anchBar-application-manageresources-display-component---newResourceUnit--control-anchor\"]"}
RESULT: {"using":"xpath","value":"//*[@id=\"application-manageresources-display-component---newResourceUnit--newRRUPage-anchBar-application-manageresources-display-component---newResourceUnit--control-anchor\"]"}
COMMAND: POST /session/ba8f8306183d693af77ab2140b410afd/element/f.389042B4FF7C30867E20C40CA0954A5B.d.2D7B0A3BF109214E5306CA9BF773DC19.e.5043/click - {}
RESULT: {}
COMMAND: POST /session/ba8f8306183d693af77ab2140b410afd/execute/async - {"script":"<script> [1562 bytes]","args":[{"selector":{"id":"application-manageresources-display-component---newResourceUnit--PLANNING_GROUP","interaction":{"idSuffix":"inner"}},"wdio_ui5_key":"applicationmanageresources-display-component---newResourceUnit--PLANNING_GROUP"}]}
COMMAND: GET /session/ba8f8306183d693af77ab2140b410afd/screenshot - {}
RESULT: {"script":"<script> [1562 bytes]","args":[{"selector":{"id":"application-manageresources-display-component---newResourceUnit--PLANNING_GROUP","interaction":{"idSuffix":"inner"}},"wdio_ui5_key":"applicationmanageresources-display-component---newResourceUnit--PLANNING_GROUP"}]}
RESULT: undefined
COMMAND: POST /session/ba8f8306183d693af77ab2140b410afd/execute/async - {"script":"<script> [776 bytes]","args":[{"enterText":"Heavy Equi","selector":{"id":"application-manageresources-display-component---newResourceUnit--PLANNING_GROUP","interaction":{"idSuffix":"inner"}},"clearTextFirst":true,"interactionType":"ENTER_TEXT"}]}
RESULT: {}
RESULT: {"script":"<script> [776 bytes]","args":[{"enterText":"Heavy Equi","selector":{"id":"application-manageresources-display-component---newResourceUnit--PLANNING_GROUP","interaction":{"idSuffix":"inner"}},"clearTextFirst":true,"interactionType":"ENTER_TEXT"}]}
COMMAND: POST /session/ba8f8306183d693af77ab2140b410afd/execute/async - {"script":"<script> [1562 bytes]","args":[{"selector":{"id":"application-manageresources-display-component---newResourceUnit--ITEM_TYPE-arrow"},"wdio_ui5_key":"applicationmanageresources-display-component---newResourceUnit--ITEM_TYPE-arrow"}]}
RESULT: {"script":"<script> [1562 bytes]","args":[{"selector":{"id":"application-manageresources-display-component---newResourceUnit--ITEM_TYPE-arrow"},"wdio_ui5_key":"applicationmanageresources-display-component---newResourceUnit--ITEM_TYPE-arrow"}]}
RESULT: undefined
COMMAND: POST /session/ba8f8306183d693af77ab2140b410afd/element - {"using":"xpath","value":"//*[@id=\"application-manageresources-display-component---newResourceUnit--ITEM_TYPE-arrow\"]"}
RESULT: {"using":"xpath","value":"//*[@id=\"application-manageresources-display-component---newResourceUnit--ITEM_TYPE-arrow\"]"}
COMMAND: POST /session/ba8f8306183d693af77ab2140b410afd/element/f.389042B4FF7C30867E20C40CA0954A5B.d.2D7B0A3BF109214E5306CA9BF773DC19.e.5050/click - {}
RESULT: {}
COMMAND: POST /session/ba8f8306183d693af77ab2140b410afd/element - {"using":"xpath","value":"//ul[contains(@id,\"ITEM_TYPE-popup-list-listUl\")]//li[.//span[contains(text(),\"Resource Unit\")]]"}
COMMAND: GET /session/ba8f8306183d693af77ab2140b410afd/screenshot - {}
RESULT: {"using":"xpath","value":"//ul[contains(@id,\"ITEM_TYPE-popup-list-listUl\")]//li[.//span[contains(text(),\"Resource Unit\")]]"}
COMMAND: POST /session/ba8f8306183d693af77ab2140b410afd/element/f.389042B4FF7C30867E20C40CA0954A5B.d.2D7B0A3BF109214E5306CA9BF773DC19.e.5051/click - {}
RESULT: {}
RESULT: {}
COMMAND: GET /session/ba8f8306183d693af77ab2140b410afd/screenshot - {}
RESULT: {}
COMMAND: POST /session/ba8f8306183d693af77ab2140b410afd/element - {"using":"css selector","value":"#application-manageresources-display-component---newResourceUnit--btnAddTimeSegment"}
RESULT: {"using":"css selector","value":"#application-manageresources-display-component---newResourceUnit--btnAddTimeSegment"}
COMMAND: GET /session/ba8f8306183d693af77ab2140b410afd/element/f.389042B4FF7C30867E20C40CA0954A5B.d.2D7B0A3BF109214E5306CA9BF773DC19.e.5059/rect - {}
RESULT: {}
COMMAND: GET /session/ba8f8306183d693af77ab2140b410afd/window/rect - {}
RESULT: {}
COMMAND: POST /session/ba8f8306183d693af77ab2140b410afd/execute/sync - {"script":"<script> [92 bytes]","args":[]}
RESULT: {"script":"<script> [92 bytes]","args":[]}
COMMAND: POST /session/ba8f8306183d693af77ab2140b410afd/actions - {"actions":[{"id":"action9","type":"wheel","parameters":{},"actions":[{"type":"scroll","x":-1888,"y":-32,"deltaX":0,"deltaY":0,"duration":0,"origin":{"element-6066-11e4-a52e-4f735466cecf":"f.389042B4FF7C30867E20C40CA0954A5B.d.2D7B0A3BF109214E5306CA9BF773DC19.e.5059"}}]}]}
COMMAND: GET /session/ba8f8306183d693af77ab2140b410afd/screenshot - {}
RESULT: {}
COMMAND: POST /session/ba8f8306183d693af77ab2140b410afd/execute/sync - {"script":"<script> [79 bytes]","args":[{"element-6066-11e4-a52e-4f735466cecf":"f.389042B4FF7C30867E20C40CA0954A5B.d.2D7B0A3BF109214E5306CA9BF773DC19.e.5059","ELEMENT":"f.389042B4FF7C30867E20C40CA0954A5B.d.2D7B0A3BF109214E5306CA9BF773DC19.e.5059"},{"block":"start","inline":"nearest"}]}
RESULT: {"script":"<script> [79 bytes]","args":[{"element-6066-11e4-a52e-4f735466cecf":"f.389042B4FF7C30867E20C40CA0954A5B.d.2D7B0A3BF109214E5306CA9BF773DC19.e.5059","ELEMENT":"f.389042B4FF7C30867E20C40CA0954A5B.d.2D7B0A3BF109214E5306CA9BF773DC19.e.5059"},{"block":"start","inline":"nearest"}]}
COMMAND: POST /session/ba8f8306183d693af77ab2140b410afd/execute/async - {"script":"<script> [1562 bytes]","args":[{"selector":{"id":"application-manageresources-display-component---newResourceUnit--btnAddTimeSegment","interaction":{"idSuffix":"inner"}},"wdio_ui5_key":"applicationmanageresources-display-component---newResourceUnit--btnAddTimeSegment"}]}
COMMAND: GET /session/ba8f8306183d693af77ab2140b410afd/screenshot - {}
RESULT: {"script":"<script> [1562 bytes]","args":[{"selector":{"id":"application-manageresources-display-component---newResourceUnit--btnAddTimeSegment","interaction":{"idSuffix":"inner"}},"wdio_ui5_key":"applicationmanageresources-display-component---newResourceUnit--btnAddTimeSegment"}]}
RESULT: undefined
COMMAND: POST /session/ba8f8306183d693af77ab2140b410afd/element - {"using":"xpath","value":"//*[@id=\"application-manageresources-display-component---newResourceUnit--btnAddTimeSegment\"]"}
RESULT: {}
RESULT: {"using":"xpath","value":"//*[@id=\"application-manageresources-display-component---newResourceUnit--btnAddTimeSegment\"]"}
COMMAND: POST /session/ba8f8306183d693af77ab2140b410afd/element/f.389042B4FF7C30867E20C40CA0954A5B.d.2D7B0A3BF109214E5306CA9BF773DC19.e.5059/click - {}
RESULT: {}
COMMAND: GET /session/ba8f8306183d693af77ab2140b410afd/screenshot - {}
RESULT: {}
COMMAND: POST /session/ba8f8306183d693af77ab2140b410afd/element - {"using":"xpath","value":"//input[@id=\"application-manageresources-display-component---newResourceUnit--idRuTSAdmin-application-manageresources-display-component---newResourceUnit--RUTimeSegment-0-inner\"]"}
RESULT: {"using":"xpath","value":"//input[@id=\"application-manageresources-display-component---newResourceUnit--idRuTSAdmin-application-manageresources-display-component---newResourceUnit--RUTimeSegment-0-inner\"]"}
COMMAND: POST /session/ba8f8306183d693af77ab2140b410afd/element/f.389042B4FF7C30867E20C40CA0954A5B.d.2D7B0A3BF109214E5306CA9BF773DC19.e.5065/clear - {}
RESULT: {}
COMMAND: POST /session/ba8f8306183d693af77ab2140b410afd/element/f.389042B4FF7C30867E20C40CA0954A5B.d.2D7B0A3BF109214E5306CA9BF773DC19.e.5065/value - {"text":"270"}
COMMAND: GET /session/ba8f8306183d693af77ab2140b410afd/screenshot - {}
RESULT: {"text":"270"}
COMMAND: GET /session/ba8f8306183d693af77ab2140b410afd/screenshot - {}
RESULT: {}
RESULT: {}
COMMAND: POST /session/ba8f8306183d693af77ab2140b410afd/element - {"using":"xpath","value":"//li[.//span[text()='270']]"}
RESULT: {"using":"xpath","value":"//li[.//span[text()='270']]"}
COMMAND: POST /session/ba8f8306183d693af77ab2140b410afd/element/f.389042B4FF7C30867E20C40CA0954A5B.d.2D7B0A3BF109214E5306CA9BF773DC19.e.5076/click - {}
RESULT: {}
COMMAND: GET /session/ba8f8306183d693af77ab2140b410afd/screenshot - {}
RESULT: {}
COMMAND: POST /session/ba8f8306183d693af77ab2140b410afd/element - {"using":"xpath","value":"(//span[contains(@id, \"-application-manageresources-display-component---newResourceUnit--RUTimeSegment-0-arrow\")])[6]"}
RESULT: {"using":"xpath","value":"(//span[contains(@id, \"-application-manageresources-display-component---newResourceUnit--RUTimeSegment-0-arrow\")])[6]"}
COMMAND: POST /session/ba8f8306183d693af77ab2140b410afd/element/f.389042B4FF7C30867E20C40CA0954A5B.d.2D7B0A3BF109214E5306CA9BF773DC19.e.5077/click - {}
RESULT: {}
COMMAND: GET /session/ba8f8306183d693af77ab2140b410afd/screenshot - {}
RESULT: {}
COMMAND: POST /session/ba8f8306183d693af77ab2140b410afd/element - {"using":"xpath","value":"//span[contains(text(), \"PM Order\")]"}
RESULT: {"using":"xpath","value":"//span[contains(text(), \"PM Order\")]"}
COMMAND: POST /session/ba8f8306183d693af77ab2140b410afd/element/f.389042B4FF7C30867E20C40CA0954A5B.d.2D7B0A3BF109214E5306CA9BF773DC19.e.5080/click - {}
RESULT: {}
COMMAND: GET /session/ba8f8306183d693af77ab2140b410afd/screenshot - {}
RESULT: {}
COMMAND: POST /session/ba8f8306183d693af77ab2140b410afd/element - {"using":"xpath","value":"(//span[contains(@id ,\"manageresources-display-component---newResourceUnit--RUTimeSegment-0-vhi\")])[1]"}
RESULT: {"using":"xpath","value":"(//span[contains(@id ,\"manageresources-display-component---newResourceUnit--RUTimeSegment-0-vhi\")])[1]"}
COMMAND: GET /session/ba8f8306183d693af77ab2140b410afd/element/f.389042B4FF7C30867E20C40CA0954A5B.d.2D7B0A3BF109214E5306CA9BF773DC19.e.5084/rect - {}
RESULT: {}
COMMAND: GET /session/ba8f8306183d693af77ab2140b410afd/window/rect - {}
RESULT: {}
COMMAND: POST /session/ba8f8306183d693af77ab2140b410afd/execute/sync - {"script":"<script> [92 bytes]","args":[]}
RESULT: {"script":"<script> [92 bytes]","args":[]}
COMMAND: POST /session/ba8f8306183d693af77ab2140b410afd/actions - {"actions":[{"id":"action10","type":"wheel","parameters":{},"actions":[{"type":"scroll","x":-869,"y":-24,"deltaX":0,"deltaY":0,"duration":0,"origin":{"element-6066-11e4-a52e-4f735466cecf":"f.389042B4FF7C30867E20C40CA0954A5B.d.2D7B0A3BF109214E5306CA9BF773DC19.e.5084"}}]}]}
COMMAND: GET /session/ba8f8306183d693af77ab2140b410afd/screenshot - {}
RESULT: {"actions":[{"id":"action10","type":"wheel","parameters":{},"actions":[{"type":"scroll","x":-869,"y":-24,"deltaX":0,"deltaY":0,"duration":0,"origin":{"element-6066-11e4-a52e-4f735466cecf":"f.389042B4FF7C30867E20C40CA0954A5B.d.2D7B0A3BF109214E5306CA9BF773DC19.e.5084"}}]}]}
COMMAND: DELETE /session/ba8f8306183d693af77ab2140b410afd/actions - {}
COMMAND: GET /session/ba8f8306183d693af77ab2140b410afd/screenshot - {}
RESULT: {}
RESULT: {}
COMMAND: GET /session/ba8f8306183d693af77ab2140b410afd/screenshot - {}
RESULT: {}
RESULT: {}
COMMAND: POST /session/ba8f8306183d693af77ab2140b410afd/element/f.389042B4FF7C30867E20C40CA0954A5B.d.2D7B0A3BF109214E5306CA9BF773DC19.e.5084/click - {}
RESULT: {}
COMMAND: GET /session/ba8f8306183d693af77ab2140b410afd/screenshot - {}
RESULT: {}
RESULT: undefined
COMMAND: POST /session/ba8f8306183d693af77ab2140b410afd/execute/async - {"script":"<script> [776 bytes]","args":[{"enterText":"4000360","selector":{"controlType":"sap.m.SearchField","properties":{"placeholder":"Search"},"searchOpenDialogs":true,"interaction":{"idSuffix":"I"}},"clearTextFirst":true,"interactionType":"ENTER_TEXT"}]}
RESULT: {"script":"<script> [776 bytes]","args":[{"enterText":"4000360","selector":{"controlType":"sap.m.SearchField","properties":{"placeholder":"Search"},"searchOpenDialogs":true,"interaction":{"idSuffix":"I"}},"clearTextFirst":true,"interactionType":"ENTER_TEXT"}]}
COMMAND: POST /session/ba8f8306183d693af77ab2140b410afd/actions - {"actions":[{"id":"action11","type":"key","parameters":{},"actions":[{"type":"keyDown","value":""},{"type":"pause","duration":10},{"type":"keyUp","value":""}]}]}
RESULT: {"actions":[{"id":"action11","type":"key","parameters":{},"actions":[{"type":"keyDown","value":""},{"type":"pause","duration":10},{"type":"keyUp","value":""}]}]}
COMMAND: GET /session/ba8f8306183d693af77ab2140b410afd/screenshot - {}
RESULT: {}
COMMAND: POST /session/ba8f8306183d693af77ab2140b410afd/element - {"using":"xpath","value":"//td/div/span[contains(text(), \"BGL Vehicles\")]"}
RESULT: {"using":"xpath","value":"//td/div/span[contains(text(), \"BGL Vehicles\")]"}
COMMAND: POST /session/ba8f8306183d693af77ab2140b410afd/element/f.389042B4FF7C30867E20C40CA0954A5B.d.2D7B0A3BF109214E5306CA9BF773DC19.e.5106/click - {}
RESULT: {}
COMMAND: GET /session/ba8f8306183d693af77ab2140b410afd/screenshot - {}
RESULT: {}
COMMAND: POST /session/ba8f8306183d693af77ab2140b410afd/element - {"using":"xpath","value":"//bdi[contains(text(), \"OK\")]"}
RESULT: {"using":"xpath","value":"//bdi[contains(text(), \"OK\")]"}
COMMAND: POST /session/ba8f8306183d693af77ab2140b410afd/element/f.389042B4FF7C30867E20C40CA0954A5B.d.2D7B0A3BF109214E5306CA9BF773DC19.e.5107/click - {}
RESULT: {}
COMMAND: GET /session/ba8f8306183d693af77ab2140b410afd/screenshot - {}
RESULT: {}
COMMAND: POST /session/ba8f8306183d693af77ab2140b410afd/execute/async - {"script":"<script> [1562 bytes]","args":[{"selector":{"id":"application-manageresources-display-component---newResourceUnit--newRRUPage-anchBar-application-manageresources-display-component---newResourceUnit--resource-anchor","interaction":{"idSuffix":"BDI-content"}},"wdio_ui5_key":"applicationmanageresources-display-component---newResourceUnit--newRRUPage-anchBar-application-manageresources-display-component---newResourceUnit--resource-anchor"}]}
RESULT: {"script":"<script> [1562 bytes]","args":[{"selector":{"id":"application-manageresources-display-component---newResourceUnit--newRRUPage-anchBar-application-manageresources-display-component---newResourceUnit--resource-anchor","interaction":{"idSuffix":"BDI-content"}},"wdio_ui5_key":"applicationmanageresources-display-component---newResourceUnit--newRRUPage-anchBar-application-manageresources-display-component---newResourceUnit--resource-anchor"}]}
RESULT: undefined
COMMAND: POST /session/ba8f8306183d693af77ab2140b410afd/element - {"using":"xpath","value":"//*[@id=\"application-manageresources-display-component---newResourceUnit--newRRUPage-anchBar-application-manageresources-display-component---newResourceUnit--resource-anchor\"]"}
RESULT: {"using":"xpath","value":"//*[@id=\"application-manageresources-display-component---newResourceUnit--newRRUPage-anchBar-application-manageresources-display-component---newResourceUnit--resource-anchor\"]"}
COMMAND: POST /session/ba8f8306183d693af77ab2140b410afd/element/f.389042B4FF7C30867E20C40CA0954A5B.d.2D7B0A3BF109214E5306CA9BF773DC19.e.5111/click - {}
RESULT: {}
COMMAND: POST /session/ba8f8306183d693af77ab2140b410afd/execute/async - {"script":"<script> [1562 bytes]","args":[{"selector":{"id":"application-manageresources-display-component---newResourceUnit--PLANNED_DELIVERY_DATE","interaction":{"idSuffix":"inner"}},"wdio_ui5_key":"applicationmanageresources-display-component---newResourceUnit--PLANNED_DELIVERY_DATE"}]}
COMMAND: GET /session/ba8f8306183d693af77ab2140b410afd/screenshot - {}
RESULT: {"script":"<script> [1562 bytes]","args":[{"selector":{"id":"application-manageresources-display-component---newResourceUnit--PLANNED_DELIVERY_DATE","interaction":{"idSuffix":"inner"}},"wdio_ui5_key":"applicationmanageresources-display-component---newResourceUnit--PLANNED_DELIVERY_DATE"}]}
RESULT: undefined
COMMAND: POST /session/ba8f8306183d693af77ab2140b410afd/execute/async - {"script":"<script> [6424 bytes]","args":[{"element-6066-11e4-a52e-4f735466cecf":"f.389042B4FF7C30867E20C40CA0954A5B.d.2D7B0A3BF109214E5306CA9BF773DC19.e.4943"},"setValue",["6/14/25"]]}
RESULT: {}
RESULT: {"script":"<script> [6424 bytes]","args":[{"element-6066-11e4-a52e-4f735466cecf":"f.389042B4FF7C30867E20C40CA0954A5B.d.2D7B0A3BF109214E5306CA9BF773DC19.e.4943"},"setValue",["6/14/25"]]}
COMMAND: POST /session/ba8f8306183d693af77ab2140b410afd/element - {"using":"xpath","value":"//label[contains(@class, 'sapMLabelRequired') and .//bdi[contains(text(), 'Planned Retirement')]]"}
RESULT: {"using":"xpath","value":"//label[contains(@class, 'sapMLabelRequired') and .//bdi[contains(text(), 'Planned Retirement')]]"}
COMMAND: POST /session/ba8f8306183d693af77ab2140b410afd/elements - {"using":"xpath","value":"//label[contains(@class, 'sapMLabelRequired') and .//bdi[contains(text(), 'Planned Retirement')]]"}
RESULT: {"using":"xpath","value":"//label[contains(@class, 'sapMLabelRequired') and .//bdi[contains(text(), 'Planned Retirement')]]"}
COMMAND: POST /session/ba8f8306183d693af77ab2140b410afd/element - {"using":"xpath","value":"//button[@data-kt=\"resourceUnitSaveButton\"]"}
RESULT: {"using":"xpath","value":"//button[@data-kt=\"resourceUnitSaveButton\"]"}
COMMAND: POST /session/ba8f8306183d693af77ab2140b410afd/element/f.389042B4FF7C30867E20C40CA0954A5B.d.2D7B0A3BF109214E5306CA9BF773DC19.e.4903/click - {}
RESULT: {}
COMMAND: GET /session/ba8f8306183d693af77ab2140b410afd/screenshot - {}
RESULT: {}
COMMAND: POST /session/ba8f8306183d693af77ab2140b410afd/element - {"using":"xpath","value":"//bdi[contains(text(), \"Close\")]"}
RESULT: {"using":"xpath","value":"//bdi[contains(text(), \"Close\")]"}
COMMAND: POST /session/ba8f8306183d693af77ab2140b410afd/element/f.389042B4FF7C30867E20C40CA0954A5B.d.2D7B0A3BF109214E5306CA9BF773DC19.e.5121/click - {}
RESULT: {}
COMMAND: GET /session/ba8f8306183d693af77ab2140b410afd/screenshot - {}
RESULT: {}
COMMAND: POST /session/ba8f8306183d693af77ab2140b410afd/element - {"using":"xpath","value":"(//button[contains(@id ,\"actionsToolbar-overflowButton\")])[1]"}
RESULT: {"using":"xpath","value":"(//button[contains(@id ,\"actionsToolbar-overflowButton\")])[1]"}
COMMAND: POST /session/ba8f8306183d693af77ab2140b410afd/element/f.389042B4FF7C30867E20C40CA0954A5B.d.2D7B0A3BF109214E5306CA9BF773DC19.e.5178/click - {}
RESULT: {}
COMMAND: GET /session/ba8f8306183d693af77ab2140b410afd/screenshot - {}
RESULT: {}
COMMAND: POST /session/ba8f8306183d693af77ab2140b410afd/element - {"using":"xpath","value":"//button[@data-kt=\"priceInfoButton\"]"}
RESULT: {"using":"xpath","value":"//button[@data-kt=\"priceInfoButton\"]"}
COMMAND: POST /session/ba8f8306183d693af77ab2140b410afd/element/f.389042B4FF7C30867E20C40CA0954A5B.d.2D7B0A3BF109214E5306CA9BF773DC19.e.5180/click - {}
RESULT: {}
COMMAND: GET /session/ba8f8306183d693af77ab2140b410afd/screenshot - {}
RESULT: {}
]]></system-out>
    </testcase>
    <testcase classname="chrome.137_0_7151_69.windows.Billing_Transfer_-_Master_data_&amp;_Intercompany_US127250" name="Should create new pricing rule TB on the equipment TB" time="61.609">
      <system-out><![CDATA[
COMMAND: POST /session/ba8f8306183d693af77ab2140b410afd/element - {"using":"xpath","value":"//button[@data-kt=\"addButton\"]"}
RESULT: {"using":"xpath","value":"//button[@data-kt=\"addButton\"]"}
COMMAND: POST /session/ba8f8306183d693af77ab2140b410afd/elements - {"using":"xpath","value":"//button[@data-kt=\"addButton\"]"}
RESULT: {"using":"xpath","value":"//button[@data-kt=\"addButton\"]"}
COMMAND: POST /session/ba8f8306183d693af77ab2140b410afd/element - {"using":"xpath","value":"//button[@data-kt=\"addButton\"]"}
RESULT: {"using":"xpath","value":"//button[@data-kt=\"addButton\"]"}
COMMAND: POST /session/ba8f8306183d693af77ab2140b410afd/execute/sync - {"script":"<script> [8489 bytes]","args":[{"element-6066-11e4-a52e-4f735466cecf":"f.389042B4FF7C30867E20C40CA0954A5B.d.2D7B0A3BF109214E5306CA9BF773DC19.e.5227","ELEMENT":"f.389042B4FF7C30867E20C40CA0954A5B.d.2D7B0A3BF109214E5306CA9BF773DC19.e.5227"}]}
RESULT: {"script":"<script> [8489 bytes]","args":[{"element-6066-11e4-a52e-4f735466cecf":"f.389042B4FF7C30867E20C40CA0954A5B.d.2D7B0A3BF109214E5306CA9BF773DC19.e.5227","ELEMENT":"f.389042B4FF7C30867E20C40CA0954A5B.d.2D7B0A3BF109214E5306CA9BF773DC19.e.5227"}]}
COMMAND: GET /session/ba8f8306183d693af77ab2140b410afd/element/f.389042B4FF7C30867E20C40CA0954A5B.d.2D7B0A3BF109214E5306CA9BF773DC19.e.5227/enabled - {}
COMMAND: GET /session/ba8f8306183d693af77ab2140b410afd/screenshot - {}
RESULT: {}
COMMAND: POST /session/ba8f8306183d693af77ab2140b410afd/execute/sync - {"script":"<script> [8489 bytes]","args":[{"element-6066-11e4-a52e-4f735466cecf":"f.389042B4FF7C30867E20C40CA0954A5B.d.2D7B0A3BF109214E5306CA9BF773DC19.e.5227","ELEMENT":"f.389042B4FF7C30867E20C40CA0954A5B.d.2D7B0A3BF109214E5306CA9BF773DC19.e.5227"}]}
COMMAND: GET /session/ba8f8306183d693af77ab2140b410afd/screenshot - {}
RESULT: {}
RESULT: {"script":"<script> [8489 bytes]","args":[{"element-6066-11e4-a52e-4f735466cecf":"f.389042B4FF7C30867E20C40CA0954A5B.d.2D7B0A3BF109214E5306CA9BF773DC19.e.5227","ELEMENT":"f.389042B4FF7C30867E20C40CA0954A5B.d.2D7B0A3BF109214E5306CA9BF773DC19.e.5227"}]}
COMMAND: POST /session/ba8f8306183d693af77ab2140b410afd/execute/sync - {"script":"<script> [5351 bytes]","args":[{"element-6066-11e4-a52e-4f735466cecf":"f.389042B4FF7C30867E20C40CA0954A5B.d.2D7B0A3BF109214E5306CA9BF773DC19.e.5227","ELEMENT":"f.389042B4FF7C30867E20C40CA0954A5B.d.2D7B0A3BF109214E5306CA9BF773DC19.e.5227"}]}
COMMAND: GET /session/ba8f8306183d693af77ab2140b410afd/screenshot - {}
RESULT: {}
RESULT: {"script":"<script> [5351 bytes]","args":[{"element-6066-11e4-a52e-4f735466cecf":"f.389042B4FF7C30867E20C40CA0954A5B.d.2D7B0A3BF109214E5306CA9BF773DC19.e.5227","ELEMENT":"f.389042B4FF7C30867E20C40CA0954A5B.d.2D7B0A3BF109214E5306CA9BF773DC19.e.5227"}]}
COMMAND: POST /session/ba8f8306183d693af77ab2140b410afd/element/f.389042B4FF7C30867E20C40CA0954A5B.d.2D7B0A3BF109214E5306CA9BF773DC19.e.5227/click - {}
COMMAND: GET /session/ba8f8306183d693af77ab2140b410afd/screenshot - {}
RESULT: {}
RESULT: {}
COMMAND: GET /session/ba8f8306183d693af77ab2140b410afd/screenshot - {}
RESULT: {}
RESULT: {}
COMMAND: POST /session/ba8f8306183d693af77ab2140b410afd/execute/async - {"script":"<script> [1562 bytes]","args":[{"selector":{"controlType":"sap.m.Title","viewName":"etm.portal.ui.managepricingrules.view.NewItem","viewId":"application-managepricingrules-display-component---newInfoPriceItem","properties":{"text":"New Pricing Rules - Item Level"}},"wdio_ui5_key":"etmportal.ui.managepricingrules.view.NewItemsap.m.Title{\"text\":\"New Pricing Rules - Item Level\"}"}]}
RESULT: {"script":"<script> [1562 bytes]","args":[{"selector":{"controlType":"sap.m.Title","viewName":"etm.portal.ui.managepricingrules.view.NewItem","viewId":"application-managepricingrules-display-component---newInfoPriceItem","properties":{"text":"New Pricing Rules - Item Level"}},"wdio_ui5_key":"etmportal.ui.managepricingrules.view.NewItemsap.m.Title{\"text\":\"New Pricing Rules - Item Level\"}"}]}
RESULT: undefined
COMMAND: POST /session/ba8f8306183d693af77ab2140b410afd/execute/async - {"script":"<script> [6424 bytes]","args":[{"element-6066-11e4-a52e-4f735466cecf":"f.389042B4FF7C30867E20C40CA0954A5B.d.2D7B0A3BF109214E5306CA9BF773DC19.e.5406"},"getText",[]]}
RESULT: {"script":"<script> [6424 bytes]","args":[{"element-6066-11e4-a52e-4f735466cecf":"f.389042B4FF7C30867E20C40CA0954A5B.d.2D7B0A3BF109214E5306CA9BF773DC19.e.5406"},"getText",[]]}
COMMAND: POST /session/ba8f8306183d693af77ab2140b410afd/execute/async - {"script":"<script> [1562 bytes]","args":[{"selector":{"id":"application-managepricingrules-display-component---newInfoPriceItem--condValidTo","interaction":{"idSuffix":"inner"}},"wdio_ui5_key":"applicationmanagepricingrules-display-component---newInfoPriceItem--condValidTo"}]}
RESULT: {"script":"<script> [1562 bytes]","args":[{"selector":{"id":"application-managepricingrules-display-component---newInfoPriceItem--condValidTo","interaction":{"idSuffix":"inner"}},"wdio_ui5_key":"applicationmanagepricingrules-display-component---newInfoPriceItem--condValidTo"}]}
RESULT: undefined
COMMAND: POST /session/ba8f8306183d693af77ab2140b410afd/execute/async - {"script":"<script> [776 bytes]","args":[{"enterText":"2/14/26","selector":{"id":"application-managepricingrules-display-component---newInfoPriceItem--condValidTo","interaction":{"idSuffix":"inner"}},"clearTextFirst":true,"interactionType":"ENTER_TEXT"}]}
RESULT: {"script":"<script> [776 bytes]","args":[{"enterText":"2/14/26","selector":{"id":"application-managepricingrules-display-component---newInfoPriceItem--condValidTo","interaction":{"idSuffix":"inner"}},"clearTextFirst":true,"interactionType":"ENTER_TEXT"}]}
COMMAND: POST /session/ba8f8306183d693af77ab2140b410afd/execute/async - {"script":"<script> [1562 bytes]","args":[{"selector":{"id":"application-managepricingrules-display-component---newInfoPriceItem--billType-arrow"},"wdio_ui5_key":"applicationmanagepricingrules-display-component---newInfoPriceItem--billType-arrow"}]}
RESULT: {"script":"<script> [1562 bytes]","args":[{"selector":{"id":"application-managepricingrules-display-component---newInfoPriceItem--billType-arrow"},"wdio_ui5_key":"applicationmanagepricingrules-display-component---newInfoPriceItem--billType-arrow"}]}
RESULT: undefined
COMMAND: POST /session/ba8f8306183d693af77ab2140b410afd/element - {"using":"xpath","value":"//*[@id=\"application-managepricingrules-display-component---newInfoPriceItem--billType-arrow\"]"}
RESULT: {"using":"xpath","value":"//*[@id=\"application-managepricingrules-display-component---newInfoPriceItem--billType-arrow\"]"}
COMMAND: POST /session/ba8f8306183d693af77ab2140b410afd/element/f.389042B4FF7C30867E20C40CA0954A5B.d.2D7B0A3BF109214E5306CA9BF773DC19.e.5408/click - {}
RESULT: {}
COMMAND: POST /session/ba8f8306183d693af77ab2140b410afd/element - {"using":"xpath","value":"//span[contains(text(), \"TB - Time based\")]"}
COMMAND: GET /session/ba8f8306183d693af77ab2140b410afd/screenshot - {}
RESULT: {"using":"xpath","value":"//span[contains(text(), \"TB - Time based\")]"}
COMMAND: POST /session/ba8f8306183d693af77ab2140b410afd/element/f.389042B4FF7C30867E20C40CA0954A5B.d.2D7B0A3BF109214E5306CA9BF773DC19.e.5409/click - {}
RESULT: {}
RESULT: {}
COMMAND: POST /session/ba8f8306183d693af77ab2140b410afd/execute/async - {"script":"<script> [1562 bytes]","args":[{"selector":{"id":"application-managepricingrules-display-component---newInfoPriceItem--priceProc-arrow"},"wdio_ui5_key":"applicationmanagepricingrules-display-component---newInfoPriceItem--priceProc-arrow"}]}
COMMAND: GET /session/ba8f8306183d693af77ab2140b410afd/screenshot - {}
RESULT: {"script":"<script> [1562 bytes]","args":[{"selector":{"id":"application-managepricingrules-display-component---newInfoPriceItem--priceProc-arrow"},"wdio_ui5_key":"applicationmanagepricingrules-display-component---newInfoPriceItem--priceProc-arrow"}]}
RESULT: undefined
COMMAND: POST /session/ba8f8306183d693af77ab2140b410afd/element - {"using":"xpath","value":"//*[@id=\"application-managepricingrules-display-component---newInfoPriceItem--priceProc-arrow\"]"}
RESULT: {}
RESULT: {"using":"xpath","value":"//*[@id=\"application-managepricingrules-display-component---newInfoPriceItem--priceProc-arrow\"]"}
COMMAND: POST /session/ba8f8306183d693af77ab2140b410afd/element/f.389042B4FF7C30867E20C40CA0954A5B.d.2D7B0A3BF109214E5306CA9BF773DC19.e.5371/click - {}
RESULT: {}
COMMAND: POST /session/ba8f8306183d693af77ab2140b410afd/element - {"using":"xpath","value":"//span[contains(text(), \"TBS - Time based standard\")]"}
COMMAND: GET /session/ba8f8306183d693af77ab2140b410afd/screenshot - {}
RESULT: {"using":"xpath","value":"//span[contains(text(), \"TBS - Time based standard\")]"}
COMMAND: POST /session/ba8f8306183d693af77ab2140b410afd/element/f.389042B4FF7C30867E20C40CA0954A5B.d.2D7B0A3BF109214E5306CA9BF773DC19.e.5410/click - {}
RESULT: {}
RESULT: {}
COMMAND: POST /session/ba8f8306183d693af77ab2140b410afd/execute/async - {"script":"<script> [1562 bytes]","args":[{"selector":{"id":"application-managepricingrules-display-component---newInfoPriceItem--calcBase-arrow"},"wdio_ui5_key":"applicationmanagepricingrules-display-component---newInfoPriceItem--calcBase-arrow"}]}
COMMAND: GET /session/ba8f8306183d693af77ab2140b410afd/screenshot - {}
RESULT: {"script":"<script> [1562 bytes]","args":[{"selector":{"id":"application-managepricingrules-display-component---newInfoPriceItem--calcBase-arrow"},"wdio_ui5_key":"applicationmanagepricingrules-display-component---newInfoPriceItem--calcBase-arrow"}]}
RESULT: undefined
COMMAND: POST /session/ba8f8306183d693af77ab2140b410afd/element - {"using":"xpath","value":"//*[@id=\"application-managepricingrules-display-component---newInfoPriceItem--calcBase-arrow\"]"}
RESULT: {}
RESULT: {"using":"xpath","value":"//*[@id=\"application-managepricingrules-display-component---newInfoPriceItem--calcBase-arrow\"]"}
COMMAND: POST /session/ba8f8306183d693af77ab2140b410afd/element/f.389042B4FF7C30867E20C40CA0954A5B.d.2D7B0A3BF109214E5306CA9BF773DC19.e.5378/click - {}
RESULT: {}
COMMAND: GET /session/ba8f8306183d693af77ab2140b410afd/screenshot - {}
RESULT: {}
COMMAND: POST /session/ba8f8306183d693af77ab2140b410afd/element - {"using":"xpath","value":"//span[contains(text(), \"0006 - TB(calendar days)\")]"}
RESULT: {"using":"xpath","value":"//span[contains(text(), \"0006 - TB(calendar days)\")]"}
COMMAND: POST /session/ba8f8306183d693af77ab2140b410afd/element/f.389042B4FF7C30867E20C40CA0954A5B.d.2D7B0A3BF109214E5306CA9BF773DC19.e.5411/click - {}
RESULT: {}
COMMAND: GET /session/ba8f8306183d693af77ab2140b410afd/screenshot - {}
RESULT: {}
COMMAND: POST /session/ba8f8306183d693af77ab2140b410afd/execute/async - {"script":"<script> [1562 bytes]","args":[{"selector":{"id":"application-managepricingrules-display-component---newInfoPriceItem--daysMonth","interaction":{"idSuffix":"inner"}},"wdio_ui5_key":"applicationmanagepricingrules-display-component---newInfoPriceItem--daysMonth"}]}
RESULT: {"script":"<script> [1562 bytes]","args":[{"selector":{"id":"application-managepricingrules-display-component---newInfoPriceItem--daysMonth","interaction":{"idSuffix":"inner"}},"wdio_ui5_key":"applicationmanagepricingrules-display-component---newInfoPriceItem--daysMonth"}]}
RESULT: undefined
COMMAND: POST /session/ba8f8306183d693af77ab2140b410afd/execute/async - {"script":"<script> [776 bytes]","args":[{"enterText":"30","selector":{"id":"application-managepricingrules-display-component---newInfoPriceItem--daysMonth","interaction":{"idSuffix":"inner"}},"clearTextFirst":true,"interactionType":"ENTER_TEXT"}]}
RESULT: {"script":"<script> [776 bytes]","args":[{"enterText":"30","selector":{"id":"application-managepricingrules-display-component---newInfoPriceItem--daysMonth","interaction":{"idSuffix":"inner"}},"clearTextFirst":true,"interactionType":"ENTER_TEXT"}]}
COMMAND: POST /session/ba8f8306183d693af77ab2140b410afd/element - {"using":"xpath","value":"//button[@data-kt=\"saveNewRuleButton\"]"}
RESULT: {"using":"xpath","value":"//button[@data-kt=\"saveNewRuleButton\"]"}
COMMAND: POST /session/ba8f8306183d693af77ab2140b410afd/element/f.389042B4FF7C30867E20C40CA0954A5B.d.2D7B0A3BF109214E5306CA9BF773DC19.e.5395/click - {}
RESULT: {}
COMMAND: GET /session/ba8f8306183d693af77ab2140b410afd/screenshot - {}
RESULT: {}
COMMAND: POST /session/ba8f8306183d693af77ab2140b410afd/execute/async - {"script":"<script> [1562 bytes]","args":[{"selector":{"id":"application-managepricingrules-display-component---priceInfoItem--smartFilterBar-btnBasicSearch","interaction":{"idSuffix":"I"}},"wdio_ui5_key":"applicationmanagepricingrules-display-component---priceInfoItem--smartFilterBar-btnBasicSearch"}]}
RESULT: {"script":"<script> [1562 bytes]","args":[{"selector":{"id":"application-managepricingrules-display-component---priceInfoItem--smartFilterBar-btnBasicSearch","interaction":{"idSuffix":"I"}},"wdio_ui5_key":"applicationmanagepricingrules-display-component---priceInfoItem--smartFilterBar-btnBasicSearch"}]}
RESULT: undefined
COMMAND: POST /session/ba8f8306183d693af77ab2140b410afd/execute/async - {"script":"<script> [776 bytes]","args":[{"enterText":"fP8Y41j9hj","selector":{"id":"application-managepricingrules-display-component---priceInfoItem--smartFilterBar-btnBasicSearch","interaction":{"idSuffix":"I"}},"clearTextFirst":true,"interactionType":"ENTER_TEXT"}]}
RESULT: {"script":"<script> [776 bytes]","args":[{"enterText":"fP8Y41j9hj","selector":{"id":"application-managepricingrules-display-component---priceInfoItem--smartFilterBar-btnBasicSearch","interaction":{"idSuffix":"I"}},"clearTextFirst":true,"interactionType":"ENTER_TEXT"}]}
COMMAND: POST /session/ba8f8306183d693af77ab2140b410afd/actions - {"actions":[{"id":"action12","type":"key","parameters":{},"actions":[{"type":"keyDown","value":""},{"type":"pause","duration":10},{"type":"keyUp","value":""}]}]}
RESULT: {"actions":[{"id":"action12","type":"key","parameters":{},"actions":[{"type":"keyDown","value":""},{"type":"pause","duration":10},{"type":"keyUp","value":""}]}]}
COMMAND: GET /session/ba8f8306183d693af77ab2140b410afd/screenshot - {}
RESULT: {}
COMMAND: POST /session/ba8f8306183d693af77ab2140b410afd/element - {"using":"xpath","value":"//span[@id=\"application-managepricingrules-display-component---priceInfoItem--smartTable-header-inner\"]"}
RESULT: {"using":"xpath","value":"//span[@id=\"application-managepricingrules-display-component---priceInfoItem--smartTable-header-inner\"]"}
COMMAND: POST /session/ba8f8306183d693af77ab2140b410afd/elements - {"using":"xpath","value":"//span[@id=\"application-managepricingrules-display-component---priceInfoItem--smartTable-header-inner\"]"}
RESULT: {"using":"xpath","value":"//span[@id=\"application-managepricingrules-display-component---priceInfoItem--smartTable-header-inner\"]"}
COMMAND: POST /session/ba8f8306183d693af77ab2140b410afd/execute/sync - {"script":"<script> [56 bytes]","args":[{"element-6066-11e4-a52e-4f735466cecf":"f.389042B4FF7C30867E20C40CA0954A5B.d.2D7B0A3BF109214E5306CA9BF773DC19.e.5438","ELEMENT":"f.389042B4FF7C30867E20C40CA0954A5B.d.2D7B0A3BF109214E5306CA9BF773DC19.e.5438"}]}
RESULT: {"script":"<script> [56 bytes]","args":[{"element-6066-11e4-a52e-4f735466cecf":"f.389042B4FF7C30867E20C40CA0954A5B.d.2D7B0A3BF109214E5306CA9BF773DC19.e.5438","ELEMENT":"f.389042B4FF7C30867E20C40CA0954A5B.d.2D7B0A3BF109214E5306CA9BF773DC19.e.5438"}]}
COMMAND: POST /session/ba8f8306183d693af77ab2140b410afd/element - {"using":"css selector","value":"#shell-header-logo"}
COMMAND: GET /session/ba8f8306183d693af77ab2140b410afd/screenshot - {}
RESULT: {"using":"css selector","value":"#shell-header-logo"}
COMMAND: POST /session/ba8f8306183d693af77ab2140b410afd/element/f.389042B4FF7C30867E20C40CA0954A5B.d.2D7B0A3BF109214E5306CA9BF773DC19.e.4499/click - {}
RESULT: {}
RESULT: {}
COMMAND: GET /session/ba8f8306183d693af77ab2140b410afd/screenshot - {}
RESULT: {}
]]></system-out>
    </testcase>
    <testcase classname="chrome.137_0_7151_69.windows.Billing_Transfer_-_Master_data_&amp;_Intercompany_US127250" name="Should create new condition for equipment TB" time="77.322">
      <system-out><![CDATA[
COMMAND: POST /session/ba8f8306183d693af77ab2140b410afd/execute/async - {"script":"<script> [1562 bytes]","args":[{"selector":{"controlType":"sap.m.GenericTile","properties":{"header":"Manage Conditions & Prices"}},"wdio_ui5_key":"sapm.GenericTile{\"header\":\"Manage Conditions & Prices\"}"}]}
RESULT: {"script":"<script> [1562 bytes]","args":[{"selector":{"controlType":"sap.m.GenericTile","properties":{"header":"Manage Conditions & Prices"}},"wdio_ui5_key":"sapm.GenericTile{\"header\":\"Manage Conditions & Prices\"}"}]}
RESULT: undefined
COMMAND: POST /session/ba8f8306183d693af77ab2140b410afd/element - {"using":"xpath","value":"//*[@id=\"__tile55\"]"}
RESULT: {"using":"xpath","value":"//*[@id=\"__tile55\"]"}
COMMAND: POST /session/ba8f8306183d693af77ab2140b410afd/element/f.389042B4FF7C30867E20C40CA0954A5B.d.2D7B0A3BF109214E5306CA9BF773DC19.e.2167/click - {}
RESULT: {}
COMMAND: GET /session/ba8f8306183d693af77ab2140b410afd/screenshot - {}
RESULT: {}
COMMAND: POST /session/ba8f8306183d693af77ab2140b410afd/elements - {"using":"xpath","value":"//span[text()='Error']"}
RESULT: {"using":"xpath","value":"//span[text()='Error']"}
COMMAND: POST /session/ba8f8306183d693af77ab2140b410afd/element - {"using":"xpath","value":"//button[@aria-label=\"Create\"]"}
RESULT: {"using":"xpath","value":"//button[@aria-label=\"Create\"]"}
COMMAND: POST /session/ba8f8306183d693af77ab2140b410afd/elements - {"using":"xpath","value":"//button[@aria-label=\"Create\"]"}
RESULT: {"using":"xpath","value":"//button[@aria-label=\"Create\"]"}
COMMAND: POST /session/ba8f8306183d693af77ab2140b410afd/elements - {"using":"xpath","value":"//button[@aria-label=\"Create\"]"}
RESULT: {"using":"xpath","value":"//button[@aria-label=\"Create\"]"}
COMMAND: POST /session/ba8f8306183d693af77ab2140b410afd/elements - {"using":"xpath","value":"//button[@aria-label=\"Create\"]"}
RESULT: {"using":"xpath","value":"//button[@aria-label=\"Create\"]"}
COMMAND: POST /session/ba8f8306183d693af77ab2140b410afd/element - {"using":"xpath","value":"//button[@aria-label=\"Create\"]"}
RESULT: {"using":"xpath","value":"//button[@aria-label=\"Create\"]"}
COMMAND: POST /session/ba8f8306183d693af77ab2140b410afd/execute/sync - {"script":"<script> [8489 bytes]","args":[{"element-6066-11e4-a52e-4f735466cecf":"f.389042B4FF7C30867E20C40CA0954A5B.d.2D7B0A3BF109214E5306CA9BF773DC19.e.5474","ELEMENT":"f.389042B4FF7C30867E20C40CA0954A5B.d.2D7B0A3BF109214E5306CA9BF773DC19.e.5474"}]}
RESULT: {"script":"<script> [8489 bytes]","args":[{"element-6066-11e4-a52e-4f735466cecf":"f.389042B4FF7C30867E20C40CA0954A5B.d.2D7B0A3BF109214E5306CA9BF773DC19.e.5474","ELEMENT":"f.389042B4FF7C30867E20C40CA0954A5B.d.2D7B0A3BF109214E5306CA9BF773DC19.e.5474"}]}
COMMAND: GET /session/ba8f8306183d693af77ab2140b410afd/element/f.389042B4FF7C30867E20C40CA0954A5B.d.2D7B0A3BF109214E5306CA9BF773DC19.e.5474/enabled - {}
COMMAND: GET /session/ba8f8306183d693af77ab2140b410afd/screenshot - {}
RESULT: {}
COMMAND: POST /session/ba8f8306183d693af77ab2140b410afd/execute/sync - {"script":"<script> [8489 bytes]","args":[{"element-6066-11e4-a52e-4f735466cecf":"f.389042B4FF7C30867E20C40CA0954A5B.d.2D7B0A3BF109214E5306CA9BF773DC19.e.5474","ELEMENT":"f.389042B4FF7C30867E20C40CA0954A5B.d.2D7B0A3BF109214E5306CA9BF773DC19.e.5474"}]}
COMMAND: GET /session/ba8f8306183d693af77ab2140b410afd/screenshot - {}
RESULT: {}
RESULT: {"script":"<script> [8489 bytes]","args":[{"element-6066-11e4-a52e-4f735466cecf":"f.389042B4FF7C30867E20C40CA0954A5B.d.2D7B0A3BF109214E5306CA9BF773DC19.e.5474","ELEMENT":"f.389042B4FF7C30867E20C40CA0954A5B.d.2D7B0A3BF109214E5306CA9BF773DC19.e.5474"}]}
COMMAND: POST /session/ba8f8306183d693af77ab2140b410afd/execute/sync - {"script":"<script> [5351 bytes]","args":[{"element-6066-11e4-a52e-4f735466cecf":"f.389042B4FF7C30867E20C40CA0954A5B.d.2D7B0A3BF109214E5306CA9BF773DC19.e.5474","ELEMENT":"f.389042B4FF7C30867E20C40CA0954A5B.d.2D7B0A3BF109214E5306CA9BF773DC19.e.5474"}]}
COMMAND: GET /session/ba8f8306183d693af77ab2140b410afd/screenshot - {}
RESULT: {}
RESULT: {"script":"<script> [5351 bytes]","args":[{"element-6066-11e4-a52e-4f735466cecf":"f.389042B4FF7C30867E20C40CA0954A5B.d.2D7B0A3BF109214E5306CA9BF773DC19.e.5474","ELEMENT":"f.389042B4FF7C30867E20C40CA0954A5B.d.2D7B0A3BF109214E5306CA9BF773DC19.e.5474"}]}
COMMAND: POST /session/ba8f8306183d693af77ab2140b410afd/element/f.389042B4FF7C30867E20C40CA0954A5B.d.2D7B0A3BF109214E5306CA9BF773DC19.e.5474/click - {}
COMMAND: GET /session/ba8f8306183d693af77ab2140b410afd/screenshot - {}
RESULT: {}
RESULT: {}
COMMAND: GET /session/ba8f8306183d693af77ab2140b410afd/screenshot - {}
RESULT: {}
RESULT: {}
COMMAND: POST /session/ba8f8306183d693af77ab2140b410afd/actions - {"actions":[{"id":"action13","type":"key","parameters":{},"actions":[{"type":"keyDown","value":""},{"type":"pause","duration":10},{"type":"keyUp","value":""}]}]}
RESULT: {"actions":[{"id":"action13","type":"key","parameters":{},"actions":[{"type":"keyDown","value":""},{"type":"pause","duration":10},{"type":"keyUp","value":""}]}]}
COMMAND: GET /session/ba8f8306183d693af77ab2140b410afd/screenshot - {}
COMMAND: POST /session/ba8f8306183d693af77ab2140b410afd/execute/async - {"script":"<script> [1562 bytes]","args":[{"selector":{"id":"application-manageconditionprice-display-component---newCondition--condBillCond-arrow"},"wdio_ui5_key":"applicationmanageconditionprice-display-component---newCondition--condBillCond-arrow"}]}
RESULT: {}
RESULT: {"script":"<script> [1562 bytes]","args":[{"selector":{"id":"application-manageconditionprice-display-component---newCondition--condBillCond-arrow"},"wdio_ui5_key":"applicationmanageconditionprice-display-component---newCondition--condBillCond-arrow"}]}
RESULT: undefined
COMMAND: POST /session/ba8f8306183d693af77ab2140b410afd/element - {"using":"xpath","value":"//*[@id=\"application-manageconditionprice-display-component---newCondition--condBillCond-arrow\"]"}
RESULT: {"using":"xpath","value":"//*[@id=\"application-manageconditionprice-display-component---newCondition--condBillCond-arrow\"]"}
COMMAND: POST /session/ba8f8306183d693af77ab2140b410afd/element/f.389042B4FF7C30867E20C40CA0954A5B.d.2D7B0A3BF109214E5306CA9BF773DC19.e.5654/click - {}
RESULT: {}
COMMAND: GET /session/ba8f8306183d693af77ab2140b410afd/screenshot - {}
RESULT: {}
COMMAND: POST /session/ba8f8306183d693af77ab2140b410afd/element - {"using":"xpath","value":"//li[.//span[contains(text(), \"DISP - D&I special price\")]]"}
RESULT: {"using":"xpath","value":"//li[.//span[contains(text(), \"DISP - D&I special price\")]]"}
COMMAND: POST /session/ba8f8306183d693af77ab2140b410afd/element/f.389042B4FF7C30867E20C40CA0954A5B.d.2D7B0A3BF109214E5306CA9BF773DC19.e.5657/click - {}
RESULT: {}
COMMAND: GET /session/ba8f8306183d693af77ab2140b410afd/screenshot - {}
RESULT: {}
COMMAND: POST /session/ba8f8306183d693af77ab2140b410afd/execute/async - {"script":"<script> [1562 bytes]","args":[{"selector":{"id":"application-manageconditionprice-display-component---newCondition--condValidTo","interaction":{"idSuffix":"inner"}},"wdio_ui5_key":"applicationmanageconditionprice-display-component---newCondition--condValidTo"}]}
RESULT: {"script":"<script> [1562 bytes]","args":[{"selector":{"id":"application-manageconditionprice-display-component---newCondition--condValidTo","interaction":{"idSuffix":"inner"}},"wdio_ui5_key":"applicationmanageconditionprice-display-component---newCondition--condValidTo"}]}
RESULT: undefined
COMMAND: POST /session/ba8f8306183d693af77ab2140b410afd/execute/async - {"script":"<script> [776 bytes]","args":[{"enterText":"2/14/26","selector":{"id":"application-manageconditionprice-display-component---newCondition--condValidTo","interaction":{"idSuffix":"inner"}},"clearTextFirst":true,"interactionType":"ENTER_TEXT"}]}
RESULT: {"script":"<script> [776 bytes]","args":[{"enterText":"2/14/26","selector":{"id":"application-manageconditionprice-display-component---newCondition--condValidTo","interaction":{"idSuffix":"inner"}},"clearTextFirst":true,"interactionType":"ENTER_TEXT"}]}
COMMAND: POST /session/ba8f8306183d693af77ab2140b410afd/element - {"using":"xpath","value":"//input[@id=\"application-manageconditionprice-display-component---newCondition--condRU-inner\"]"}
RESULT: {"using":"xpath","value":"//input[@id=\"application-manageconditionprice-display-component---newCondition--condRU-inner\"]"}
COMMAND: POST /session/ba8f8306183d693af77ab2140b410afd/element/f.389042B4FF7C30867E20C40CA0954A5B.d.2D7B0A3BF109214E5306CA9BF773DC19.e.5519/clear - {}
RESULT: {}
COMMAND: POST /session/ba8f8306183d693af77ab2140b410afd/element/f.389042B4FF7C30867E20C40CA0954A5B.d.2D7B0A3BF109214E5306CA9BF773DC19.e.5519/value - {"text":"fP8Y41j9hj"}
COMMAND: GET /session/ba8f8306183d693af77ab2140b410afd/screenshot - {}
RESULT: {"text":"fP8Y41j9hj"}
COMMAND: GET /session/ba8f8306183d693af77ab2140b410afd/screenshot - {}
RESULT: {}
RESULT: {}
COMMAND: POST /session/ba8f8306183d693af77ab2140b410afd/actions - {"actions":[{"id":"action14","type":"key","parameters":{},"actions":[{"type":"keyDown","value":""},{"type":"pause","duration":10},{"type":"keyUp","value":""}]}]}
RESULT: {"actions":[{"id":"action14","type":"key","parameters":{},"actions":[{"type":"keyDown","value":""},{"type":"pause","duration":10},{"type":"keyUp","value":""}]}]}
COMMAND: POST /session/ba8f8306183d693af77ab2140b410afd/execute/async - {"script":"<script> [1562 bytes]","args":[{"selector":{"id":"application-manageconditionprice-display-component---newCondition--condBaseQty","interaction":{"idSuffix":"inner"}},"wdio_ui5_key":"applicationmanageconditionprice-display-component---newCondition--condBaseQty"}]}
COMMAND: GET /session/ba8f8306183d693af77ab2140b410afd/screenshot - {}
RESULT: {"script":"<script> [1562 bytes]","args":[{"selector":{"id":"application-manageconditionprice-display-component---newCondition--condBaseQty","interaction":{"idSuffix":"inner"}},"wdio_ui5_key":"applicationmanageconditionprice-display-component---newCondition--condBaseQty"}]}
RESULT: undefined
COMMAND: POST /session/ba8f8306183d693af77ab2140b410afd/execute/async - {"script":"<script> [776 bytes]","args":[{"enterText":"1","selector":{"id":"application-manageconditionprice-display-component---newCondition--condBaseQty","interaction":{"idSuffix":"inner"}},"clearTextFirst":true,"interactionType":"ENTER_TEXT"}]}
RESULT: {}
RESULT: {"script":"<script> [776 bytes]","args":[{"enterText":"1","selector":{"id":"application-manageconditionprice-display-component---newCondition--condBaseQty","interaction":{"idSuffix":"inner"}},"clearTextFirst":true,"interactionType":"ENTER_TEXT"}]}
COMMAND: POST /session/ba8f8306183d693af77ab2140b410afd/execute/async - {"script":"<script> [1562 bytes]","args":[{"selector":{"id":"application-manageconditionprice-display-component---newCondition--condValue","interaction":{"idSuffix":"inner"}},"wdio_ui5_key":"applicationmanageconditionprice-display-component---newCondition--condValue"}]}
RESULT: {"script":"<script> [1562 bytes]","args":[{"selector":{"id":"application-manageconditionprice-display-component---newCondition--condValue","interaction":{"idSuffix":"inner"}},"wdio_ui5_key":"applicationmanageconditionprice-display-component---newCondition--condValue"}]}
RESULT: undefined
COMMAND: POST /session/ba8f8306183d693af77ab2140b410afd/execute/async - {"script":"<script> [776 bytes]","args":[{"enterText":"100","selector":{"id":"application-manageconditionprice-display-component---newCondition--condValue","interaction":{"idSuffix":"inner"}},"clearTextFirst":true,"interactionType":"ENTER_TEXT"}]}
RESULT: {"script":"<script> [776 bytes]","args":[{"enterText":"100","selector":{"id":"application-manageconditionprice-display-component---newCondition--condValue","interaction":{"idSuffix":"inner"}},"clearTextFirst":true,"interactionType":"ENTER_TEXT"}]}
COMMAND: POST /session/ba8f8306183d693af77ab2140b410afd/execute/async - {"script":"<script> [1562 bytes]","args":[{"selector":{"id":"application-manageconditionprice-display-component---newCondition--condCurr-arrow"},"wdio_ui5_key":"applicationmanageconditionprice-display-component---newCondition--condCurr-arrow"}]}
RESULT: {"script":"<script> [1562 bytes]","args":[{"selector":{"id":"application-manageconditionprice-display-component---newCondition--condCurr-arrow"},"wdio_ui5_key":"applicationmanageconditionprice-display-component---newCondition--condCurr-arrow"}]}
RESULT: undefined
COMMAND: POST /session/ba8f8306183d693af77ab2140b410afd/element - {"using":"xpath","value":"//*[@id=\"application-manageconditionprice-display-component---newCondition--condCurr-arrow\"]"}
RESULT: {"using":"xpath","value":"//*[@id=\"application-manageconditionprice-display-component---newCondition--condCurr-arrow\"]"}
COMMAND: POST /session/ba8f8306183d693af77ab2140b410afd/element/f.389042B4FF7C30867E20C40CA0954A5B.d.2D7B0A3BF109214E5306CA9BF773DC19.e.5618/click - {}
RESULT: {}
COMMAND: POST /session/ba8f8306183d693af77ab2140b410afd/element - {"using":"xpath","value":"//span[contains(text(), \"Euro\")]"}
COMMAND: GET /session/ba8f8306183d693af77ab2140b410afd/screenshot - {}
RESULT: {"using":"xpath","value":"//span[contains(text(), \"Euro\")]"}
COMMAND: POST /session/ba8f8306183d693af77ab2140b410afd/element/f.389042B4FF7C30867E20C40CA0954A5B.d.2D7B0A3BF109214E5306CA9BF773DC19.e.5695/click - {}
RESULT: {}
RESULT: {}
COMMAND: POST /session/ba8f8306183d693af77ab2140b410afd/element - {"using":"xpath","value":"//button[@data-kt=\"saveButton\"]"}
COMMAND: GET /session/ba8f8306183d693af77ab2140b410afd/screenshot - {}
RESULT: {"using":"xpath","value":"//button[@data-kt=\"saveButton\"]"}
COMMAND: POST /session/ba8f8306183d693af77ab2140b410afd/element/f.389042B4FF7C30867E20C40CA0954A5B.d.2D7B0A3BF109214E5306CA9BF773DC19.e.5619/click - {}
RESULT: {}
RESULT: {}
COMMAND: GET /session/ba8f8306183d693af77ab2140b410afd/screenshot - {}
RESULT: {}
COMMAND: POST /session/ba8f8306183d693af77ab2140b410afd/execute/async - {"script":"<script> [1562 bytes]","args":[{"selector":{"id":"application-manageconditionprice-display-component---conditions--smartFilterBar-btnBasicSearch","interaction":{"idSuffix":"I"}},"wdio_ui5_key":"applicationmanageconditionprice-display-component---conditions--smartFilterBar-btnBasicSearch"}]}
RESULT: {"script":"<script> [1562 bytes]","args":[{"selector":{"id":"application-manageconditionprice-display-component---conditions--smartFilterBar-btnBasicSearch","interaction":{"idSuffix":"I"}},"wdio_ui5_key":"applicationmanageconditionprice-display-component---conditions--smartFilterBar-btnBasicSearch"}]}
RESULT: undefined
COMMAND: POST /session/ba8f8306183d693af77ab2140b410afd/execute/async - {"script":"<script> [776 bytes]","args":[{"enterText":"fP8Y41j9hj","selector":{"id":"application-manageconditionprice-display-component---conditions--smartFilterBar-btnBasicSearch","interaction":{"idSuffix":"I"}},"clearTextFirst":true,"interactionType":"ENTER_TEXT"}]}
RESULT: {"script":"<script> [776 bytes]","args":[{"enterText":"fP8Y41j9hj","selector":{"id":"application-manageconditionprice-display-component---conditions--smartFilterBar-btnBasicSearch","interaction":{"idSuffix":"I"}},"clearTextFirst":true,"interactionType":"ENTER_TEXT"}]}
COMMAND: POST /session/ba8f8306183d693af77ab2140b410afd/actions - {"actions":[{"id":"action15","type":"key","parameters":{},"actions":[{"type":"keyDown","value":""},{"type":"pause","duration":10},{"type":"keyUp","value":""}]}]}
RESULT: {"actions":[{"id":"action15","type":"key","parameters":{},"actions":[{"type":"keyDown","value":""},{"type":"pause","duration":10},{"type":"keyUp","value":""}]}]}
COMMAND: GET /session/ba8f8306183d693af77ab2140b410afd/screenshot - {}
RESULT: {}
COMMAND: POST /session/ba8f8306183d693af77ab2140b410afd/execute/async - {"script":"<script> [1562 bytes]","args":[{"selector":{"id":"application-manageconditionprice-display-component---conditions--smartFilterBar-filterItemControl_BASIC-BILL_TYPES-vhi"},"wdio_ui5_key":"applicationmanageconditionprice-display-component---conditions--smartFilterBar-filterItemControl_BASIC-BILL_TYPES-vhi"}]}
RESULT: {"script":"<script> [1562 bytes]","args":[{"selector":{"id":"application-manageconditionprice-display-component---conditions--smartFilterBar-filterItemControl_BASIC-BILL_TYPES-vhi"},"wdio_ui5_key":"applicationmanageconditionprice-display-component---conditions--smartFilterBar-filterItemControl_BASIC-BILL_TYPES-vhi"}]}
RESULT: undefined
COMMAND: POST /session/ba8f8306183d693af77ab2140b410afd/element - {"using":"xpath","value":"//*[@id=\"application-manageconditionprice-display-component---conditions--smartFilterBar-filterItemControl_BASIC-BILL_TYPES-vhi\"]"}
RESULT: {"using":"xpath","value":"//*[@id=\"application-manageconditionprice-display-component---conditions--smartFilterBar-filterItemControl_BASIC-BILL_TYPES-vhi\"]"}
COMMAND: POST /session/ba8f8306183d693af77ab2140b410afd/element/f.389042B4FF7C30867E20C40CA0954A5B.d.2D7B0A3BF109214E5306CA9BF773DC19.e.5711/click - {}
RESULT: {}
COMMAND: POST /session/ba8f8306183d693af77ab2140b410afd/execute/async - {"script":"<script> [1562 bytes]","args":[{"selector":{"id":"application-manageconditionprice-display-component---conditions--smartFilterBar-filterItemControl_BASIC-BILL_TYPES-valueHelpDialog-smartFilterBar-btnBasicSearch","searchOpenDialogs":true,"interaction":{"idSuffix":"I"}},"wdio_ui5_key":"applicationmanageconditionprice-display-component---conditions--smartFilterBar-filterItemControl_BASIC-BILL_TYPES-valueHelpDialog-smartFilterBar-btnBasicSearch"}]}
COMMAND: GET /session/ba8f8306183d693af77ab2140b410afd/screenshot - {}
RESULT: {"script":"<script> [1562 bytes]","args":[{"selector":{"id":"application-manageconditionprice-display-component---conditions--smartFilterBar-filterItemControl_BASIC-BILL_TYPES-valueHelpDialog-smartFilterBar-btnBasicSearch","searchOpenDialogs":true,"interaction":{"idSuffix":"I"}},"wdio_ui5_key":"applicationmanageconditionprice-display-component---conditions--smartFilterBar-filterItemControl_BASIC-BILL_TYPES-valueHelpDialog-smartFilterBar-btnBasicSearch"}]}
RESULT: undefined
COMMAND: POST /session/ba8f8306183d693af77ab2140b410afd/execute/async - {"script":"<script> [776 bytes]","args":[{"enterText":"TB","selector":{"id":"application-manageconditionprice-display-component---conditions--smartFilterBar-filterItemControl_BASIC-BILL_TYPES-valueHelpDialog-smartFilterBar-btnBasicSearch","searchOpenDialogs":true,"interaction":{"idSuffix":"I"}},"clearTextFirst":true,"interactionType":"ENTER_TEXT"}]}
RESULT: {}
RESULT: {"script":"<script> [776 bytes]","args":[{"enterText":"TB","selector":{"id":"application-manageconditionprice-display-component---conditions--smartFilterBar-filterItemControl_BASIC-BILL_TYPES-valueHelpDialog-smartFilterBar-btnBasicSearch","searchOpenDialogs":true,"interaction":{"idSuffix":"I"}},"clearTextFirst":true,"interactionType":"ENTER_TEXT"}]}
COMMAND: POST /session/ba8f8306183d693af77ab2140b410afd/actions - {"actions":[{"id":"action16","type":"key","parameters":{},"actions":[{"type":"keyDown","value":""},{"type":"pause","duration":10},{"type":"keyUp","value":""}]}]}
RESULT: {"actions":[{"id":"action16","type":"key","parameters":{},"actions":[{"type":"keyDown","value":""},{"type":"pause","duration":10},{"type":"keyUp","value":""}]}]}
COMMAND: GET /session/ba8f8306183d693af77ab2140b410afd/screenshot - {}
RESULT: {}
COMMAND: POST /session/ba8f8306183d693af77ab2140b410afd/element - {"using":"xpath","value":"//div[contains(@id, 'application-manageconditionprice-display-component---conditions--smartFilterBar-filterItemControl_BASIC-BILL_TYPES-valueHelpDialog-table-rowsel0')]"}
RESULT: {"using":"xpath","value":"//div[contains(@id, 'application-manageconditionprice-display-component---conditions--smartFilterBar-filterItemControl_BASIC-BILL_TYPES-valueHelpDialog-table-rowsel0')]"}
COMMAND: POST /session/ba8f8306183d693af77ab2140b410afd/element/f.389042B4FF7C30867E20C40CA0954A5B.d.2D7B0A3BF109214E5306CA9BF773DC19.e.5720/click - {}
RESULT: {}
COMMAND: GET /session/ba8f8306183d693af77ab2140b410afd/screenshot - {}
RESULT: {}
COMMAND: POST /session/ba8f8306183d693af77ab2140b410afd/element - {"using":"xpath","value":"//bdi[contains(text(), \"OK\")]"}
RESULT: {"using":"xpath","value":"//bdi[contains(text(), \"OK\")]"}
COMMAND: POST /session/ba8f8306183d693af77ab2140b410afd/element/f.389042B4FF7C30867E20C40CA0954A5B.d.2D7B0A3BF109214E5306CA9BF773DC19.e.5722/click - {}
RESULT: {}
COMMAND: GET /session/ba8f8306183d693af77ab2140b410afd/screenshot - {}
RESULT: {}
COMMAND: POST /session/ba8f8306183d693af77ab2140b410afd/element - {"using":"xpath","value":"//span[@id=\"application-manageconditionprice-display-component---conditions--smartTable-header-inner\"]"}
RESULT: {"using":"xpath","value":"//span[@id=\"application-manageconditionprice-display-component---conditions--smartTable-header-inner\"]"}
COMMAND: POST /session/ba8f8306183d693af77ab2140b410afd/elements - {"using":"xpath","value":"//span[@id=\"application-manageconditionprice-display-component---conditions--smartTable-header-inner\"]"}
RESULT: {"using":"xpath","value":"//span[@id=\"application-manageconditionprice-display-component---conditions--smartTable-header-inner\"]"}
COMMAND: POST /session/ba8f8306183d693af77ab2140b410afd/execute/sync - {"script":"<script> [56 bytes]","args":[{"element-6066-11e4-a52e-4f735466cecf":"f.389042B4FF7C30867E20C40CA0954A5B.d.2D7B0A3BF109214E5306CA9BF773DC19.e.5725","ELEMENT":"f.389042B4FF7C30867E20C40CA0954A5B.d.2D7B0A3BF109214E5306CA9BF773DC19.e.5725"}]}
RESULT: {"script":"<script> [56 bytes]","args":[{"element-6066-11e4-a52e-4f735466cecf":"f.389042B4FF7C30867E20C40CA0954A5B.d.2D7B0A3BF109214E5306CA9BF773DC19.e.5725","ELEMENT":"f.389042B4FF7C30867E20C40CA0954A5B.d.2D7B0A3BF109214E5306CA9BF773DC19.e.5725"}]}
COMMAND: POST /session/ba8f8306183d693af77ab2140b410afd/element - {"using":"css selector","value":"#shell-header-logo"}
COMMAND: GET /session/ba8f8306183d693af77ab2140b410afd/screenshot - {}
RESULT: {"using":"css selector","value":"#shell-header-logo"}
COMMAND: POST /session/ba8f8306183d693af77ab2140b410afd/element/f.389042B4FF7C30867E20C40CA0954A5B.d.2D7B0A3BF109214E5306CA9BF773DC19.e.5442/click - {}
RESULT: {}
RESULT: {}
COMMAND: GET /session/ba8f8306183d693af77ab2140b410afd/screenshot - {}
RESULT: {}
]]></system-out>
    </testcase>
    <testcase classname="chrome.137_0_7151_69.windows.Billing_Transfer_-_Master_data_&amp;_Intercompany_US127250" name="Should do a stock increase" time="105.438">
      <system-out><![CDATA[
COMMAND: POST /session/ba8f8306183d693af77ab2140b410afd/execute/async - {"script":"<script> [1562 bytes]","args":[{"selector":{"controlType":"sap.m.GenericTile","properties":{"header":"Manage Handovers"}},"wdio_ui5_key":"sapm.GenericTile{\"header\":\"Manage Handovers\"}"}]}
RESULT: {"script":"<script> [1562 bytes]","args":[{"selector":{"controlType":"sap.m.GenericTile","properties":{"header":"Manage Handovers"}},"wdio_ui5_key":"sapm.GenericTile{\"header\":\"Manage Handovers\"}"}]}
RESULT: undefined
COMMAND: POST /session/ba8f8306183d693af77ab2140b410afd/element - {"using":"xpath","value":"//*[@id=\"__tile135\"]"}
RESULT: {"using":"xpath","value":"//*[@id=\"__tile135\"]"}
COMMAND: POST /session/ba8f8306183d693af77ab2140b410afd/element/f.389042B4FF7C30867E20C40CA0954A5B.d.2D7B0A3BF109214E5306CA9BF773DC19.e.2205/click - {}
RESULT: {}
COMMAND: GET /session/ba8f8306183d693af77ab2140b410afd/screenshot - {}
RESULT: {}
COMMAND: POST /session/ba8f8306183d693af77ab2140b410afd/elements - {"using":"xpath","value":"//span[text()='Error']"}
RESULT: {"using":"xpath","value":"//span[text()='Error']"}
COMMAND: POST /session/ba8f8306183d693af77ab2140b410afd/element - {"using":"xpath","value":"//button[@data-kt=\"masterHOAddButton\"]"}
RESULT: {"using":"xpath","value":"//button[@data-kt=\"masterHOAddButton\"]"}
COMMAND: POST /session/ba8f8306183d693af77ab2140b410afd/elements - {"using":"xpath","value":"//button[@data-kt=\"masterHOAddButton\"]"}
RESULT: {"using":"xpath","value":"//button[@data-kt=\"masterHOAddButton\"]"}
COMMAND: POST /session/ba8f8306183d693af77ab2140b410afd/elements - {"using":"xpath","value":"//button[@data-kt=\"masterHOAddButton\"]"}
RESULT: {"using":"xpath","value":"//button[@data-kt=\"masterHOAddButton\"]"}
COMMAND: POST /session/ba8f8306183d693af77ab2140b410afd/element - {"using":"xpath","value":"//button[@data-kt=\"masterHOAddButton\"]"}
RESULT: {"using":"xpath","value":"//button[@data-kt=\"masterHOAddButton\"]"}
COMMAND: POST /session/ba8f8306183d693af77ab2140b410afd/execute/sync - {"script":"<script> [8489 bytes]","args":[{"element-6066-11e4-a52e-4f735466cecf":"f.389042B4FF7C30867E20C40CA0954A5B.d.2D7B0A3BF109214E5306CA9BF773DC19.e.5769","ELEMENT":"f.389042B4FF7C30867E20C40CA0954A5B.d.2D7B0A3BF109214E5306CA9BF773DC19.e.5769"}]}
RESULT: {"script":"<script> [8489 bytes]","args":[{"element-6066-11e4-a52e-4f735466cecf":"f.389042B4FF7C30867E20C40CA0954A5B.d.2D7B0A3BF109214E5306CA9BF773DC19.e.5769","ELEMENT":"f.389042B4FF7C30867E20C40CA0954A5B.d.2D7B0A3BF109214E5306CA9BF773DC19.e.5769"}]}
COMMAND: GET /session/ba8f8306183d693af77ab2140b410afd/element/f.389042B4FF7C30867E20C40CA0954A5B.d.2D7B0A3BF109214E5306CA9BF773DC19.e.5769/enabled - {}
COMMAND: GET /session/ba8f8306183d693af77ab2140b410afd/screenshot - {}
RESULT: {}
COMMAND: POST /session/ba8f8306183d693af77ab2140b410afd/execute/sync - {"script":"<script> [8489 bytes]","args":[{"element-6066-11e4-a52e-4f735466cecf":"f.389042B4FF7C30867E20C40CA0954A5B.d.2D7B0A3BF109214E5306CA9BF773DC19.e.5769","ELEMENT":"f.389042B4FF7C30867E20C40CA0954A5B.d.2D7B0A3BF109214E5306CA9BF773DC19.e.5769"}]}
COMMAND: GET /session/ba8f8306183d693af77ab2140b410afd/screenshot - {}
RESULT: {}
RESULT: {"script":"<script> [8489 bytes]","args":[{"element-6066-11e4-a52e-4f735466cecf":"f.389042B4FF7C30867E20C40CA0954A5B.d.2D7B0A3BF109214E5306CA9BF773DC19.e.5769","ELEMENT":"f.389042B4FF7C30867E20C40CA0954A5B.d.2D7B0A3BF109214E5306CA9BF773DC19.e.5769"}]}
COMMAND: POST /session/ba8f8306183d693af77ab2140b410afd/execute/sync - {"script":"<script> [5351 bytes]","args":[{"element-6066-11e4-a52e-4f735466cecf":"f.389042B4FF7C30867E20C40CA0954A5B.d.2D7B0A3BF109214E5306CA9BF773DC19.e.5769","ELEMENT":"f.389042B4FF7C30867E20C40CA0954A5B.d.2D7B0A3BF109214E5306CA9BF773DC19.e.5769"}]}
COMMAND: GET /session/ba8f8306183d693af77ab2140b410afd/screenshot - {}
RESULT: {}
RESULT: {"script":"<script> [5351 bytes]","args":[{"element-6066-11e4-a52e-4f735466cecf":"f.389042B4FF7C30867E20C40CA0954A5B.d.2D7B0A3BF109214E5306CA9BF773DC19.e.5769","ELEMENT":"f.389042B4FF7C30867E20C40CA0954A5B.d.2D7B0A3BF109214E5306CA9BF773DC19.e.5769"}]}
COMMAND: POST /session/ba8f8306183d693af77ab2140b410afd/element/f.389042B4FF7C30867E20C40CA0954A5B.d.2D7B0A3BF109214E5306CA9BF773DC19.e.5769/click - {}
COMMAND: GET /session/ba8f8306183d693af77ab2140b410afd/screenshot - {}
RESULT: {}
RESULT: {}
COMMAND: GET /session/ba8f8306183d693af77ab2140b410afd/screenshot - {}
RESULT: {}
RESULT: {}
COMMAND: POST /session/ba8f8306183d693af77ab2140b410afd/element - {"using":"xpath","value":"//span[contains(@id ,\"AddNewHO--typeSelect-arrow\")]"}
RESULT: {"using":"xpath","value":"//span[contains(@id ,\"AddNewHO--typeSelect-arrow\")]"}
COMMAND: POST /session/ba8f8306183d693af77ab2140b410afd/element/f.389042B4FF7C30867E20C40CA0954A5B.d.2D7B0A3BF109214E5306CA9BF773DC19.e.6110/click - {}
RESULT: {}
COMMAND: GET /session/ba8f8306183d693af77ab2140b410afd/screenshot - {}
RESULT: {}
COMMAND: POST /session/ba8f8306183d693af77ab2140b410afd/element - {"using":"xpath","value":"(//li[contains(text(), \"stock increase yard\")])[1]"}
RESULT: {"using":"xpath","value":"(//li[contains(text(), \"stock increase yard\")])[1]"}
COMMAND: POST /session/ba8f8306183d693af77ab2140b410afd/element/f.389042B4FF7C30867E20C40CA0954A5B.d.2D7B0A3BF109214E5306CA9BF773DC19.e.6111/click - {}
RESULT: {}
COMMAND: GET /session/ba8f8306183d693af77ab2140b410afd/screenshot - {}
RESULT: {}
COMMAND: POST /session/ba8f8306183d693af77ab2140b410afd/execute/async - {"script":"<script> [1562 bytes]","args":[{"selector":{"id":"application-managehandovers-display-component---AddNewHO--dueDate","interaction":{"idSuffix":"inner"}},"wdio_ui5_key":"applicationmanagehandovers-display-component---AddNewHO--dueDate"}]}
RESULT: {"script":"<script> [1562 bytes]","args":[{"selector":{"id":"application-managehandovers-display-component---AddNewHO--dueDate","interaction":{"idSuffix":"inner"}},"wdio_ui5_key":"applicationmanagehandovers-display-component---AddNewHO--dueDate"}]}
RESULT: undefined
COMMAND: POST /session/ba8f8306183d693af77ab2140b410afd/execute/async - {"script":"<script> [6424 bytes]","args":[{"element-6066-11e4-a52e-4f735466cecf":"f.389042B4FF7C30867E20C40CA0954A5B.d.2D7B0A3BF109214E5306CA9BF773DC19.e.6115"},"setValue",["6/14/25"]]}
RESULT: {"script":"<script> [6424 bytes]","args":[{"element-6066-11e4-a52e-4f735466cecf":"f.389042B4FF7C30867E20C40CA0954A5B.d.2D7B0A3BF109214E5306CA9BF773DC19.e.6115"},"setValue",["6/14/25"]]}
COMMAND: POST /session/ba8f8306183d693af77ab2140b410afd/element - {"using":"xpath","value":"//input[@id=\"generalSectionFrg--receiveYard-inner\"]"}
RESULT: {"using":"xpath","value":"//input[@id=\"generalSectionFrg--receiveYard-inner\"]"}
COMMAND: POST /session/ba8f8306183d693af77ab2140b410afd/element/f.389042B4FF7C30867E20C40CA0954A5B.d.2D7B0A3BF109214E5306CA9BF773DC19.e.6121/clear - {}
RESULT: {}
COMMAND: POST /session/ba8f8306183d693af77ab2140b410afd/element/f.389042B4FF7C30867E20C40CA0954A5B.d.2D7B0A3BF109214E5306CA9BF773DC19.e.6121/value - {"text":"270"}
COMMAND: GET /session/ba8f8306183d693af77ab2140b410afd/screenshot - {}
RESULT: {"text":"270"}
COMMAND: GET /session/ba8f8306183d693af77ab2140b410afd/screenshot - {}
RESULT: {}
RESULT: {}
COMMAND: POST /session/ba8f8306183d693af77ab2140b410afd/element - {"using":"xpath","value":"//li[.//span[contains(normalize-space(.), '270 -')]]"}
RESULT: {"using":"xpath","value":"//li[.//span[contains(normalize-space(.), '270 -')]]"}
COMMAND: POST /session/ba8f8306183d693af77ab2140b410afd/element/f.389042B4FF7C30867E20C40CA0954A5B.d.2D7B0A3BF109214E5306CA9BF773DC19.e.6137/click - {}
RESULT: {}
COMMAND: GET /session/ba8f8306183d693af77ab2140b410afd/screenshot - {}
RESULT: {}
COMMAND: POST /session/ba8f8306183d693af77ab2140b410afd/execute/async - {"script":"<script> [1562 bytes]","args":[{"selector":{"id":"application-managehandovers-display-component---AddNewHO--ObjectPageLayout-anchBar-application-managehandovers-display-component---AddNewHO--section4-anchor","interaction":{"idSuffix":"BDI-content"}},"wdio_ui5_key":"applicationmanagehandovers-display-component---AddNewHO--ObjectPageLayout-anchBar-application-managehandovers-display-component---AddNewHO--section4-anchor"}]}
RESULT: {"script":"<script> [1562 bytes]","args":[{"selector":{"id":"application-managehandovers-display-component---AddNewHO--ObjectPageLayout-anchBar-application-managehandovers-display-component---AddNewHO--section4-anchor","interaction":{"idSuffix":"BDI-content"}},"wdio_ui5_key":"applicationmanagehandovers-display-component---AddNewHO--ObjectPageLayout-anchBar-application-managehandovers-display-component---AddNewHO--section4-anchor"}]}
RESULT: undefined
COMMAND: POST /session/ba8f8306183d693af77ab2140b410afd/element - {"using":"xpath","value":"//*[@id=\"application-managehandovers-display-component---AddNewHO--ObjectPageLayout-anchBar-application-managehandovers-display-component---AddNewHO--section4-anchor\"]"}
RESULT: {"using":"xpath","value":"//*[@id=\"application-managehandovers-display-component---AddNewHO--ObjectPageLayout-anchBar-application-managehandovers-display-component---AddNewHO--section4-anchor\"]"}
COMMAND: POST /session/ba8f8306183d693af77ab2140b410afd/element/f.389042B4FF7C30867E20C40CA0954A5B.d.2D7B0A3BF109214E5306CA9BF773DC19.e.6139/click - {}
RESULT: {}
COMMAND: GET /session/ba8f8306183d693af77ab2140b410afd/screenshot - {}
RESULT: {}
COMMAND: POST /session/ba8f8306183d693af77ab2140b410afd/element - {"using":"xpath","value":"//button[@aria-label=\"Add\"]"}
RESULT: {"using":"xpath","value":"//button[@aria-label=\"Add\"]"}
COMMAND: POST /session/ba8f8306183d693af77ab2140b410afd/element/f.389042B4FF7C30867E20C40CA0954A5B.d.2D7B0A3BF109214E5306CA9BF773DC19.e.6143/click - {}
RESULT: {}
COMMAND: GET /session/ba8f8306183d693af77ab2140b410afd/screenshot - {}
RESULT: {}
COMMAND: POST /session/ba8f8306183d693af77ab2140b410afd/execute/async - {"script":"<script> [1562 bytes]","args":[{"selector":{"id":"application-managehandovers-display-component---AddNewHO--smartFilterBar-btnBasicSearch","searchOpenDialogs":true,"interaction":{"idSuffix":"I"}},"wdio_ui5_key":"applicationmanagehandovers-display-component---AddNewHO--smartFilterBar-btnBasicSearch"}]}
RESULT: {"script":"<script> [1562 bytes]","args":[{"selector":{"id":"application-managehandovers-display-component---AddNewHO--smartFilterBar-btnBasicSearch","searchOpenDialogs":true,"interaction":{"idSuffix":"I"}},"wdio_ui5_key":"applicationmanagehandovers-display-component---AddNewHO--smartFilterBar-btnBasicSearch"}]}
RESULT: undefined
COMMAND: POST /session/ba8f8306183d693af77ab2140b410afd/execute/async - {"script":"<script> [776 bytes]","args":[{"enterText":"fP8Y41j9hj","selector":{"id":"application-managehandovers-display-component---AddNewHO--smartFilterBar-btnBasicSearch","searchOpenDialogs":true,"interaction":{"idSuffix":"I"}},"clearTextFirst":true,"interactionType":"ENTER_TEXT"}]}
RESULT: {"script":"<script> [776 bytes]","args":[{"enterText":"fP8Y41j9hj","selector":{"id":"application-managehandovers-display-component---AddNewHO--smartFilterBar-btnBasicSearch","searchOpenDialogs":true,"interaction":{"idSuffix":"I"}},"clearTextFirst":true,"interactionType":"ENTER_TEXT"}]}
COMMAND: POST /session/ba8f8306183d693af77ab2140b410afd/actions - {"actions":[{"id":"action17","type":"key","parameters":{},"actions":[{"type":"keyDown","value":""},{"type":"pause","duration":10},{"type":"keyUp","value":""}]}]}
RESULT: {"actions":[{"id":"action17","type":"key","parameters":{},"actions":[{"type":"keyDown","value":""},{"type":"pause","duration":10},{"type":"keyUp","value":""}]}]}
COMMAND: GET /session/ba8f8306183d693af77ab2140b410afd/screenshot - {}
RESULT: {}
COMMAND: POST /session/ba8f8306183d693af77ab2140b410afd/execute/async - {"script":"<script> [1562 bytes]","args":[{"selector":{"id":"application-managehandovers-display-component---AddNewHO--popup-sa","searchOpenDialogs":true,"interaction":{"idSuffix":"CbBg"}},"wdio_ui5_key":"applicationmanagehandovers-display-component---AddNewHO--popup-sa"}]}
RESULT: {"script":"<script> [1562 bytes]","args":[{"selector":{"id":"application-managehandovers-display-component---AddNewHO--popup-sa","searchOpenDialogs":true,"interaction":{"idSuffix":"CbBg"}},"wdio_ui5_key":"applicationmanagehandovers-display-component---AddNewHO--popup-sa"}]}
RESULT: undefined
COMMAND: POST /session/ba8f8306183d693af77ab2140b410afd/element - {"using":"xpath","value":"//*[@id=\"application-managehandovers-display-component---AddNewHO--popup-sa\"]"}
RESULT: {"using":"xpath","value":"//*[@id=\"application-managehandovers-display-component---AddNewHO--popup-sa\"]"}
COMMAND: POST /session/ba8f8306183d693af77ab2140b410afd/element/f.389042B4FF7C30867E20C40CA0954A5B.d.2D7B0A3BF109214E5306CA9BF773DC19.e.6294/click - {}
RESULT: {}
COMMAND: GET /session/ba8f8306183d693af77ab2140b410afd/screenshot - {}
RESULT: {}
COMMAND: POST /session/ba8f8306183d693af77ab2140b410afd/element - {"using":"xpath","value":"//bdi[contains(text(), \"Select\")]"}
RESULT: {"using":"xpath","value":"//bdi[contains(text(), \"Select\")]"}
COMMAND: POST /session/ba8f8306183d693af77ab2140b410afd/element/f.389042B4FF7C30867E20C40CA0954A5B.d.2D7B0A3BF109214E5306CA9BF773DC19.e.6295/click - {}
RESULT: {}
COMMAND: GET /session/ba8f8306183d693af77ab2140b410afd/screenshot - {}
RESULT: {}
COMMAND: POST /session/ba8f8306183d693af77ab2140b410afd/element - {"using":"xpath","value":"//button[@data-kt=\"AddNewHOSaveButton\"]"}
RESULT: {"using":"xpath","value":"//button[@data-kt=\"AddNewHOSaveButton\"]"}
COMMAND: POST /session/ba8f8306183d693af77ab2140b410afd/element/f.389042B4FF7C30867E20C40CA0954A5B.d.2D7B0A3BF109214E5306CA9BF773DC19.e.6299/click - {}
RESULT: {}
COMMAND: GET /session/ba8f8306183d693af77ab2140b410afd/screenshot - {}
COMMAND: POST /session/ba8f8306183d693af77ab2140b410afd/execute/async - {"script":"<script> [1562 bytes]","args":[{"selector":{"id":"receiptDatePicker","viewName":"etm.portal.ui.managehandovers.view.DetailExecuteHO","interaction":{"idSuffix":"inner"}},"wdio_ui5_key":"receiptDatePickeretmportal.ui.managehandovers.view.DetailExecuteHO"}]}
RESULT: {}
RESULT: {"script":"<script> [1562 bytes]","args":[{"selector":{"id":"receiptDatePicker","viewName":"etm.portal.ui.managehandovers.view.DetailExecuteHO","interaction":{"idSuffix":"inner"}},"wdio_ui5_key":"receiptDatePickeretmportal.ui.managehandovers.view.DetailExecuteHO"}]}
RESULT: undefined
COMMAND: POST /session/ba8f8306183d693af77ab2140b410afd/execute/async - {"script":"<script> [6424 bytes]","args":[{"element-6066-11e4-a52e-4f735466cecf":"f.389042B4FF7C30867E20C40CA0954A5B.d.2D7B0A3BF109214E5306CA9BF773DC19.e.6329"},"setValue",["6/14/25"]]}
RESULT: {"script":"<script> [6424 bytes]","args":[{"element-6066-11e4-a52e-4f735466cecf":"f.389042B4FF7C30867E20C40CA0954A5B.d.2D7B0A3BF109214E5306CA9BF773DC19.e.6329"},"setValue",["6/14/25"]]}
COMMAND: POST /session/ba8f8306183d693af77ab2140b410afd/element - {"using":"xpath","value":"//button[@data-kt=\"ReceivingTableConfirmAllButton\"]"}
RESULT: {"using":"xpath","value":"//button[@data-kt=\"ReceivingTableConfirmAllButton\"]"}
COMMAND: POST /session/ba8f8306183d693af77ab2140b410afd/element/f.389042B4FF7C30867E20C40CA0954A5B.d.2D7B0A3BF109214E5306CA9BF773DC19.e.6343/click - {}
RESULT: {}
COMMAND: GET /session/ba8f8306183d693af77ab2140b410afd/screenshot - {}
RESULT: {}
COMMAND: POST /session/ba8f8306183d693af77ab2140b410afd/element - {"using":"xpath","value":"//bdi[contains(text(), \"OK\")]"}
RESULT: {"using":"xpath","value":"//bdi[contains(text(), \"OK\")]"}
COMMAND: POST /session/ba8f8306183d693af77ab2140b410afd/element/f.389042B4FF7C30867E20C40CA0954A5B.d.2D7B0A3BF109214E5306CA9BF773DC19.e.6345/click - {}
RESULT: {}
COMMAND: GET /session/ba8f8306183d693af77ab2140b410afd/screenshot - {}
RESULT: {}
COMMAND: POST /session/ba8f8306183d693af77ab2140b410afd/element - {"using":"xpath","value":"(//bdi[contains(text(), \"Receive\")])[2]"}
RESULT: {"using":"xpath","value":"(//bdi[contains(text(), \"Receive\")])[2]"}
COMMAND: POST /session/ba8f8306183d693af77ab2140b410afd/element/f.389042B4FF7C30867E20C40CA0954A5B.d.2D7B0A3BF109214E5306CA9BF773DC19.e.6347/click - {}
RESULT: {}
COMMAND: GET /session/ba8f8306183d693af77ab2140b410afd/screenshot - {}
RESULT: {}
COMMAND: POST /session/ba8f8306183d693af77ab2140b410afd/element - {"using":"css selector","value":"#shell-header-logo"}
RESULT: {"using":"css selector","value":"#shell-header-logo"}
COMMAND: POST /session/ba8f8306183d693af77ab2140b410afd/element/f.389042B4FF7C30867E20C40CA0954A5B.d.2D7B0A3BF109214E5306CA9BF773DC19.e.5732/click - {}
RESULT: {}
COMMAND: GET /session/ba8f8306183d693af77ab2140b410afd/screenshot - {}
RESULT: {}
]]></system-out>
    </testcase>
    <testcase classname="chrome.137_0_7151_69.windows.Billing_Transfer_-_Master_data_&amp;_Intercompany_US127250" name="Should create a new contract" time="64.872">
      <system-out><![CDATA[
COMMAND: POST /session/ba8f8306183d693af77ab2140b410afd/execute/async - {"script":"<script> [1562 bytes]","args":[{"selector":{"controlType":"sap.m.GenericTile","properties":{"header":"Manage Contracts"}},"wdio_ui5_key":"sapm.GenericTile{\"header\":\"Manage Contracts\"}"}]}
RESULT: {"script":"<script> [1562 bytes]","args":[{"selector":{"controlType":"sap.m.GenericTile","properties":{"header":"Manage Contracts"}},"wdio_ui5_key":"sapm.GenericTile{\"header\":\"Manage Contracts\"}"}]}
RESULT: undefined
COMMAND: POST /session/ba8f8306183d693af77ab2140b410afd/element - {"using":"xpath","value":"//*[@id=\"__tile132\"]"}
RESULT: {"using":"xpath","value":"//*[@id=\"__tile132\"]"}
COMMAND: POST /session/ba8f8306183d693af77ab2140b410afd/element/f.389042B4FF7C30867E20C40CA0954A5B.d.2D7B0A3BF109214E5306CA9BF773DC19.e.2133/click - {}
RESULT: {}
COMMAND: GET /session/ba8f8306183d693af77ab2140b410afd/screenshot - {}
RESULT: {}
COMMAND: POST /session/ba8f8306183d693af77ab2140b410afd/elements - {"using":"xpath","value":"//span[text()='Error']"}
RESULT: {"using":"xpath","value":"//span[text()='Error']"}
COMMAND: POST /session/ba8f8306183d693af77ab2140b410afd/element - {"using":"xpath","value":"//button[@data-kt=\"addButton\"]"}
RESULT: {"using":"xpath","value":"//button[@data-kt=\"addButton\"]"}
COMMAND: POST /session/ba8f8306183d693af77ab2140b410afd/elements - {"using":"xpath","value":"//button[@data-kt=\"addButton\"]"}
RESULT: {"using":"xpath","value":"//button[@data-kt=\"addButton\"]"}
COMMAND: POST /session/ba8f8306183d693af77ab2140b410afd/execute/sync - {"script":"<script> [8489 bytes]","args":[{"element-6066-11e4-a52e-4f735466cecf":"f.389042B4FF7C30867E20C40CA0954A5B.d.2D7B0A3BF109214E5306CA9BF773DC19.e.6574","ELEMENT":"f.389042B4FF7C30867E20C40CA0954A5B.d.2D7B0A3BF109214E5306CA9BF773DC19.e.6574"}]}
RESULT: {"script":"<script> [8489 bytes]","args":[{"element-6066-11e4-a52e-4f735466cecf":"f.389042B4FF7C30867E20C40CA0954A5B.d.2D7B0A3BF109214E5306CA9BF773DC19.e.6574","ELEMENT":"f.389042B4FF7C30867E20C40CA0954A5B.d.2D7B0A3BF109214E5306CA9BF773DC19.e.6574"}]}
COMMAND: GET /session/ba8f8306183d693af77ab2140b410afd/element/f.389042B4FF7C30867E20C40CA0954A5B.d.2D7B0A3BF109214E5306CA9BF773DC19.e.6574/enabled - {}
COMMAND: GET /session/ba8f8306183d693af77ab2140b410afd/screenshot - {}
RESULT: {}
COMMAND: POST /session/ba8f8306183d693af77ab2140b410afd/execute/sync - {"script":"<script> [8489 bytes]","args":[{"element-6066-11e4-a52e-4f735466cecf":"f.389042B4FF7C30867E20C40CA0954A5B.d.2D7B0A3BF109214E5306CA9BF773DC19.e.6574","ELEMENT":"f.389042B4FF7C30867E20C40CA0954A5B.d.2D7B0A3BF109214E5306CA9BF773DC19.e.6574"}]}
COMMAND: GET /session/ba8f8306183d693af77ab2140b410afd/screenshot - {}
RESULT: {}
RESULT: {"script":"<script> [8489 bytes]","args":[{"element-6066-11e4-a52e-4f735466cecf":"f.389042B4FF7C30867E20C40CA0954A5B.d.2D7B0A3BF109214E5306CA9BF773DC19.e.6574","ELEMENT":"f.389042B4FF7C30867E20C40CA0954A5B.d.2D7B0A3BF109214E5306CA9BF773DC19.e.6574"}]}
COMMAND: POST /session/ba8f8306183d693af77ab2140b410afd/execute/sync - {"script":"<script> [5351 bytes]","args":[{"element-6066-11e4-a52e-4f735466cecf":"f.389042B4FF7C30867E20C40CA0954A5B.d.2D7B0A3BF109214E5306CA9BF773DC19.e.6574","ELEMENT":"f.389042B4FF7C30867E20C40CA0954A5B.d.2D7B0A3BF109214E5306CA9BF773DC19.e.6574"}]}
COMMAND: GET /session/ba8f8306183d693af77ab2140b410afd/screenshot - {}
RESULT: {}
RESULT: {"script":"<script> [5351 bytes]","args":[{"element-6066-11e4-a52e-4f735466cecf":"f.389042B4FF7C30867E20C40CA0954A5B.d.2D7B0A3BF109214E5306CA9BF773DC19.e.6574","ELEMENT":"f.389042B4FF7C30867E20C40CA0954A5B.d.2D7B0A3BF109214E5306CA9BF773DC19.e.6574"}]}
COMMAND: GET /session/ba8f8306183d693af77ab2140b410afd/screenshot - {}
RESULT: {}
RESULT: {}
COMMAND: POST /session/ba8f8306183d693af77ab2140b410afd/element/f.389042B4FF7C30867E20C40CA0954A5B.d.2D7B0A3BF109214E5306CA9BF773DC19.e.6574/click - {}
RESULT: {}
COMMAND: GET /session/ba8f8306183d693af77ab2140b410afd/screenshot - {}
COMMAND: POST /session/ba8f8306183d693af77ab2140b410afd/execute/async - {"script":"<script> [1562 bytes]","args":[{"selector":{"id":"application-managecontracts-display-component---AddNewContract--projectDescription","interaction":{"idSuffix":"inner"}},"wdio_ui5_key":"applicationmanagecontracts-display-component---AddNewContract--projectDescription"}]}
RESULT: {}
RESULT: {"script":"<script> [1562 bytes]","args":[{"selector":{"id":"application-managecontracts-display-component---AddNewContract--projectDescription","interaction":{"idSuffix":"inner"}},"wdio_ui5_key":"applicationmanagecontracts-display-component---AddNewContract--projectDescription"}]}
RESULT: undefined
COMMAND: POST /session/ba8f8306183d693af77ab2140b410afd/execute/async - {"script":"<script> [776 bytes]","args":[{"enterText":"Intercompany Contract WDIO","selector":{"id":"application-managecontracts-display-component---AddNewContract--projectDescription","interaction":{"idSuffix":"inner"}},"clearTextFirst":true,"interactionType":"ENTER_TEXT"}]}
RESULT: {"script":"<script> [776 bytes]","args":[{"enterText":"Intercompany Contract WDIO","selector":{"id":"application-managecontracts-display-component---AddNewContract--projectDescription","interaction":{"idSuffix":"inner"}},"clearTextFirst":true,"interactionType":"ENTER_TEXT"}]}
COMMAND: POST /session/ba8f8306183d693af77ab2140b410afd/element - {"using":"xpath","value":"//input[@id=\"application-managecontracts-display-component---AddNewContract--site-inner\"]"}
RESULT: {"using":"xpath","value":"//input[@id=\"application-managecontracts-display-component---AddNewContract--site-inner\"]"}
COMMAND: POST /session/ba8f8306183d693af77ab2140b410afd/element/f.389042B4FF7C30867E20C40CA0954A5B.d.2D7B0A3BF109214E5306CA9BF773DC19.e.6893/clear - {}
RESULT: {}
COMMAND: POST /session/ba8f8306183d693af77ab2140b410afd/element/f.389042B4FF7C30867E20C40CA0954A5B.d.2D7B0A3BF109214E5306CA9BF773DC19.e.6893/value - {"text":"2109"}
COMMAND: GET /session/ba8f8306183d693af77ab2140b410afd/screenshot - {}
RESULT: {"text":"2109"}
COMMAND: GET /session/ba8f8306183d693af77ab2140b410afd/screenshot - {}
RESULT: {}
RESULT: {}
COMMAND: POST /session/ba8f8306183d693af77ab2140b410afd/element - {"using":"xpath","value":"//li[.//span[text()='2109']]"}
RESULT: {"using":"xpath","value":"//li[.//span[text()='2109']]"}
COMMAND: POST /session/ba8f8306183d693af77ab2140b410afd/element/f.389042B4FF7C30867E20C40CA0954A5B.d.2D7B0A3BF109214E5306CA9BF773DC19.e.6975/click - {}
RESULT: {}
COMMAND: GET /session/ba8f8306183d693af77ab2140b410afd/screenshot - {}
RESULT: {}
COMMAND: POST /session/ba8f8306183d693af77ab2140b410afd/element - {"using":"xpath","value":"//input[@id=\"application-managecontracts-display-component---AddNewContract--yardId-inner\"]"}
RESULT: {"using":"xpath","value":"//input[@id=\"application-managecontracts-display-component---AddNewContract--yardId-inner\"]"}
COMMAND: GET /session/ba8f8306183d693af77ab2140b410afd/element/f.389042B4FF7C30867E20C40CA0954A5B.d.2D7B0A3BF109214E5306CA9BF773DC19.e.6894/property/value - {}
RESULT: {}
COMMAND: POST /session/ba8f8306183d693af77ab2140b410afd/element - {"using":"xpath","value":"//input[@id=\"application-managecontracts-display-component---AddNewContract--customerSelect-inner\"]"}
COMMAND: GET /session/ba8f8306183d693af77ab2140b410afd/screenshot - {}
RESULT: {"using":"xpath","value":"//input[@id=\"application-managecontracts-display-component---AddNewContract--customerSelect-inner\"]"}
COMMAND: POST /session/ba8f8306183d693af77ab2140b410afd/element/f.389042B4FF7C30867E20C40CA0954A5B.d.2D7B0A3BF109214E5306CA9BF773DC19.e.6892/clear - {}
RESULT: {}
RESULT: {}
COMMAND: POST /session/ba8f8306183d693af77ab2140b410afd/element/f.389042B4FF7C30867E20C40CA0954A5B.d.2D7B0A3BF109214E5306CA9BF773DC19.e.6892/value - {"text":"1118"}
COMMAND: GET /session/ba8f8306183d693af77ab2140b410afd/screenshot - {}
RESULT: {"text":"1118"}
COMMAND: GET /session/ba8f8306183d693af77ab2140b410afd/screenshot - {}
RESULT: {}
RESULT: {}
COMMAND: POST /session/ba8f8306183d693af77ab2140b410afd/element - {"using":"xpath","value":"//li[.//span[text()='1118']]"}
RESULT: {"using":"xpath","value":"//li[.//span[text()='1118']]"}
COMMAND: POST /session/ba8f8306183d693af77ab2140b410afd/element/f.389042B4FF7C30867E20C40CA0954A5B.d.2D7B0A3BF109214E5306CA9BF773DC19.e.6978/click - {}
RESULT: {}
COMMAND: GET /session/ba8f8306183d693af77ab2140b410afd/screenshot - {}
RESULT: {}
COMMAND: POST /session/ba8f8306183d693af77ab2140b410afd/element - {"using":"xpath","value":"//button[@data-kt=\"saveButton\"]"}
RESULT: {"using":"xpath","value":"//button[@data-kt=\"saveButton\"]"}
COMMAND: POST /session/ba8f8306183d693af77ab2140b410afd/element/f.389042B4FF7C30867E20C40CA0954A5B.d.2D7B0A3BF109214E5306CA9BF773DC19.e.6968/click - {}
RESULT: {}
COMMAND: GET /session/ba8f8306183d693af77ab2140b410afd/screenshot - {}
RESULT: {}
COMMAND: POST /session/ba8f8306183d693af77ab2140b410afd/element - {"using":"xpath","value":"//span[contains(@id ,\"contractDetailTitleNoExpanded\")]"}
RESULT: {"using":"xpath","value":"//span[contains(@id ,\"contractDetailTitleNoExpanded\")]"}
COMMAND: POST /session/ba8f8306183d693af77ab2140b410afd/elements - {"using":"xpath","value":"//span[contains(@id ,\"contractDetailTitleNoExpanded\")]"}
RESULT: {"using":"xpath","value":"//span[contains(@id ,\"contractDetailTitleNoExpanded\")]"}
COMMAND: POST /session/ba8f8306183d693af77ab2140b410afd/execute/sync - {"script":"<script> [56 bytes]","args":[{"element-6066-11e4-a52e-4f735466cecf":"f.389042B4FF7C30867E20C40CA0954A5B.d.2D7B0A3BF109214E5306CA9BF773DC19.e.7049","ELEMENT":"f.389042B4FF7C30867E20C40CA0954A5B.d.2D7B0A3BF109214E5306CA9BF773DC19.e.7049"}]}
RESULT: {"script":"<script> [56 bytes]","args":[{"element-6066-11e4-a52e-4f735466cecf":"f.389042B4FF7C30867E20C40CA0954A5B.d.2D7B0A3BF109214E5306CA9BF773DC19.e.7049","ELEMENT":"f.389042B4FF7C30867E20C40CA0954A5B.d.2D7B0A3BF109214E5306CA9BF773DC19.e.7049"}]}
COMMAND: GET /session/ba8f8306183d693af77ab2140b410afd/screenshot - {}
RESULT: {}
]]></system-out>
    </testcase>
    <testcase classname="chrome.137_0_7151_69.windows.Billing_Transfer_-_Master_data_&amp;_Intercompany_US127250" name="Should add equipment to the contract" time="47.516">
      <system-out><![CDATA[
COMMAND: POST /session/ba8f8306183d693af77ab2140b410afd/element - {"using":"xpath","value":"//button[@data-kt=\"contractDetailEditBtnButton\"]"}
RESULT: {"using":"xpath","value":"//button[@data-kt=\"contractDetailEditBtnButton\"]"}
COMMAND: POST /session/ba8f8306183d693af77ab2140b410afd/element/f.389042B4FF7C30867E20C40CA0954A5B.d.2D7B0A3BF109214E5306CA9BF773DC19.e.7052/click - {}
RESULT: {}
COMMAND: GET /session/ba8f8306183d693af77ab2140b410afd/screenshot - {}
RESULT: {}
COMMAND: POST /session/ba8f8306183d693af77ab2140b410afd/element - {"using":"xpath","value":"(//span[contains(text(), \"Additional Addresses\")])[2]"}
RESULT: {"using":"xpath","value":"(//span[contains(text(), \"Additional Addresses\")])[2]"}
COMMAND: POST /session/ba8f8306183d693af77ab2140b410afd/element/f.389042B4FF7C30867E20C40CA0954A5B.d.2D7B0A3BF109214E5306CA9BF773DC19.e.7110/click - {}
RESULT: {}
COMMAND: GET /session/ba8f8306183d693af77ab2140b410afd/screenshot - {}
RESULT: {}
COMMAND: POST /session/ba8f8306183d693af77ab2140b410afd/element - {"using":"xpath","value":"//button[@data-kt=\"btnAddTableRowOverflowToolbarButton\"]"}
RESULT: {"using":"xpath","value":"//button[@data-kt=\"btnAddTableRowOverflowToolbarButton\"]"}
COMMAND: POST /session/ba8f8306183d693af77ab2140b410afd/element/f.389042B4FF7C30867E20C40CA0954A5B.d.2D7B0A3BF109214E5306CA9BF773DC19.e.7112/click - {}
RESULT: {}
COMMAND: GET /session/ba8f8306183d693af77ab2140b410afd/screenshot - {}
RESULT: {}
COMMAND: POST /session/ba8f8306183d693af77ab2140b410afd/element - {"using":"xpath","value":"//div[(text() = 'Standard Entry' or . = 'Standard Entry')]"}
RESULT: {"using":"xpath","value":"//div[(text() = 'Standard Entry' or . = 'Standard Entry')]"}
COMMAND: POST /session/ba8f8306183d693af77ab2140b410afd/element/f.389042B4FF7C30867E20C40CA0954A5B.d.2D7B0A3BF109214E5306CA9BF773DC19.e.7114/click - {}
RESULT: {}
COMMAND: GET /session/ba8f8306183d693af77ab2140b410afd/screenshot - {}
RESULT: {}
COMMAND: POST /session/ba8f8306183d693af77ab2140b410afd/element - {"using":"xpath","value":"//td[7]/div/div/input"}
RESULT: {"using":"xpath","value":"//td[7]/div/div/input"}
COMMAND: POST /session/ba8f8306183d693af77ab2140b410afd/element/f.389042B4FF7C30867E20C40CA0954A5B.d.2D7B0A3BF109214E5306CA9BF773DC19.e.7123/clear - {}
RESULT: {}
COMMAND: POST /session/ba8f8306183d693af77ab2140b410afd/element/f.389042B4FF7C30867E20C40CA0954A5B.d.2D7B0A3BF109214E5306CA9BF773DC19.e.7123/value - {"text":"fP8Y41j9hj"}
COMMAND: GET /session/ba8f8306183d693af77ab2140b410afd/screenshot - {}
RESULT: {"text":"fP8Y41j9hj"}
COMMAND: GET /session/ba8f8306183d693af77ab2140b410afd/screenshot - {}
RESULT: {}
RESULT: {}
COMMAND: POST /session/ba8f8306183d693af77ab2140b410afd/actions - {"actions":[{"id":"action18","type":"key","parameters":{},"actions":[{"type":"keyDown","value":""},{"type":"pause","duration":10},{"type":"keyUp","value":""}]}]}
RESULT: {"actions":[{"id":"action18","type":"key","parameters":{},"actions":[{"type":"keyDown","value":""},{"type":"pause","duration":10},{"type":"keyUp","value":""}]}]}
COMMAND: GET /session/ba8f8306183d693af77ab2140b410afd/screenshot - {}
RESULT: {}
COMMAND: POST /session/ba8f8306183d693af77ab2140b410afd/execute/sync - {"script":"<script> [276 bytes]","args":["No pricing information was found"]}
RESULT: {"script":"<script> [276 bytes]","args":["No pricing information was found"]}
COMMAND: POST /session/ba8f8306183d693af77ab2140b410afd/element - {"using":"xpath","value":"(//button[@data-kt=\"saveButton\"])[2]"}
COMMAND: GET /session/ba8f8306183d693af77ab2140b410afd/screenshot - {}
RESULT: {"using":"xpath","value":"(//button[@data-kt=\"saveButton\"])[2]"}
COMMAND: POST /session/ba8f8306183d693af77ab2140b410afd/element/f.389042B4FF7C30867E20C40CA0954A5B.d.2D7B0A3BF109214E5306CA9BF773DC19.e.7138/click - {}
RESULT: {}
RESULT: {}
COMMAND: GET /session/ba8f8306183d693af77ab2140b410afd/screenshot - {}
RESULT: {}
COMMAND: POST /session/ba8f8306183d693af77ab2140b410afd/execute/sync - {"script":"<script> [276 bytes]","args":["Some contract items are having rental validity exceeding header rental validity"]}
RESULT: {"script":"<script> [276 bytes]","args":["Some contract items are having rental validity exceeding header rental validity"]}
COMMAND: GET /session/ba8f8306183d693af77ab2140b410afd/screenshot - {}
RESULT: {}
COMMAND: POST /session/ba8f8306183d693af77ab2140b410afd/element - {"using":"xpath","value":"//span[contains(@id ,\"contractItemsSmartTable-header-inner\")]"}
RESULT: {"using":"xpath","value":"//span[contains(@id ,\"contractItemsSmartTable-header-inner\")]"}
COMMAND: POST /session/ba8f8306183d693af77ab2140b410afd/elements - {"using":"xpath","value":"//span[contains(@id ,\"contractItemsSmartTable-header-inner\")]"}
RESULT: {"using":"xpath","value":"//span[contains(@id ,\"contractItemsSmartTable-header-inner\")]"}
COMMAND: POST /session/ba8f8306183d693af77ab2140b410afd/execute/sync - {"script":"<script> [56 bytes]","args":[{"element-6066-11e4-a52e-4f735466cecf":"f.389042B4FF7C30867E20C40CA0954A5B.d.2D7B0A3BF109214E5306CA9BF773DC19.e.7145","ELEMENT":"f.389042B4FF7C30867E20C40CA0954A5B.d.2D7B0A3BF109214E5306CA9BF773DC19.e.7145"}]}
RESULT: {"script":"<script> [56 bytes]","args":[{"element-6066-11e4-a52e-4f735466cecf":"f.389042B4FF7C30867E20C40CA0954A5B.d.2D7B0A3BF109214E5306CA9BF773DC19.e.7145","ELEMENT":"f.389042B4FF7C30867E20C40CA0954A5B.d.2D7B0A3BF109214E5306CA9BF773DC19.e.7145"}]}
COMMAND: GET /session/ba8f8306183d693af77ab2140b410afd/screenshot - {}
]]></system-out>
    </testcase>
    <testcase classname="chrome.137_0_7151_69.windows.Billing_Transfer_-_Master_data_&amp;_Intercompany_US127250" name="Should do a provide to site handover" time="70.073">
      <system-out><![CDATA[
COMMAND: POST /session/ba8f8306183d693af77ab2140b410afd/element - {"using":"xpath","value":"//button[@data-kt=\"provideButton\"]"}
RESULT: {"using":"xpath","value":"//button[@data-kt=\"provideButton\"]"}
COMMAND: POST /session/ba8f8306183d693af77ab2140b410afd/element/f.389042B4FF7C30867E20C40CA0954A5B.d.2D7B0A3BF109214E5306CA9BF773DC19.e.7146/click - {}
RESULT: {}
RESULT: {}
COMMAND: GET /session/ba8f8306183d693af77ab2140b410afd/screenshot - {}
RESULT: {}
RESULT: undefined
COMMAND: POST /session/ba8f8306183d693af77ab2140b410afd/execute/async - {"script":"<script> [6424 bytes]","args":[{"element-6066-11e4-a52e-4f735466cecf":"f.389042B4FF7C30867E20C40CA0954A5B.d.2D7B0A3BF109214E5306CA9BF773DC19.e.6115"},"setValue",["6/14/25"]]}
COMMAND: POST /session/ba8f8306183d693af77ab2140b410afd/execute/async - {"script":"<script> [1562 bytes]","args":[{"selector":{"id":"application-managehandovers-display-component---AddNewHO--dueDate","interaction":{"idSuffix":"inner"}},"wdio_ui5_key":"applicationmanagehandovers-display-component---AddNewHO--dueDate"}]}
RESULT: {"script":"<script> [1562 bytes]","args":[{"selector":{"id":"application-managehandovers-display-component---AddNewHO--dueDate","interaction":{"idSuffix":"inner"}},"wdio_ui5_key":"applicationmanagehandovers-display-component---AddNewHO--dueDate"}]}
COMMAND: POST /session/ba8f8306183d693af77ab2140b410afd/execute/async - {"script":"<script> [6424 bytes]","args":[{"element-6066-11e4-a52e-4f735466cecf":"f.389042B4FF7C30867E20C40CA0954A5B.d.2D7B0A3BF109214E5306CA9BF773DC19.e.7222"},"setValue",["6/14/25"]]}
RESULT: {"script":"<script> [6424 bytes]","args":[{"element-6066-11e4-a52e-4f735466cecf":"f.389042B4FF7C30867E20C40CA0954A5B.d.2D7B0A3BF109214E5306CA9BF773DC19.e.7222"},"setValue",["6/14/25"]]}
COMMAND: POST /session/ba8f8306183d693af77ab2140b410afd/element - {"using":"xpath","value":"//bdi[contains(text(), \"Instructions\")]"}
RESULT: {"using":"xpath","value":"//bdi[contains(text(), \"Instructions\")]"}
COMMAND: POST /session/ba8f8306183d693af77ab2140b410afd/element/f.389042B4FF7C30867E20C40CA0954A5B.d.2D7B0A3BF109214E5306CA9BF773DC19.e.7334/click - {}
RESULT: {}
COMMAND: GET /session/ba8f8306183d693af77ab2140b410afd/screenshot - {}
RESULT: {}
COMMAND: POST /session/ba8f8306183d693af77ab2140b410afd/element - {"using":"xpath","value":"//button[@data-kt=\"AddNewHOProvideAddItemsButton\"]"}
RESULT: {"using":"xpath","value":"//button[@data-kt=\"AddNewHOProvideAddItemsButton\"]"}
COMMAND: POST /session/ba8f8306183d693af77ab2140b410afd/element/f.389042B4FF7C30867E20C40CA0954A5B.d.2D7B0A3BF109214E5306CA9BF773DC19.e.7338/click - {}
RESULT: {}
COMMAND: GET /session/ba8f8306183d693af77ab2140b410afd/screenshot - {}
RESULT: {}
RESULT: undefined
COMMAND: POST /session/ba8f8306183d693af77ab2140b410afd/element - {"using":"xpath","value":"//*[@id=\"application-managehandovers-display-component---AddNewHO--popup-sa\"]"}
RESULT: {"using":"xpath","value":"//*[@id=\"application-managehandovers-display-component---AddNewHO--popup-sa\"]"}
COMMAND: POST /session/ba8f8306183d693af77ab2140b410afd/element/f.389042B4FF7C30867E20C40CA0954A5B.d.2D7B0A3BF109214E5306CA9BF773DC19.e.7348/click - {}
RESULT: {}
COMMAND: GET /session/ba8f8306183d693af77ab2140b410afd/screenshot - {}
RESULT: {}
COMMAND: POST /session/ba8f8306183d693af77ab2140b410afd/element - {"using":"xpath","value":"//*[contains(@id ,\"BDI-content\")][contains(text(), \"Select\")]"}
RESULT: {"using":"xpath","value":"//*[contains(@id ,\"BDI-content\")][contains(text(), \"Select\")]"}
COMMAND: POST /session/ba8f8306183d693af77ab2140b410afd/element/f.389042B4FF7C30867E20C40CA0954A5B.d.2D7B0A3BF109214E5306CA9BF773DC19.e.7349/click - {}
RESULT: {}
COMMAND: GET /session/ba8f8306183d693af77ab2140b410afd/screenshot - {}
RESULT: {}
COMMAND: POST /session/ba8f8306183d693af77ab2140b410afd/execute/async - {"script":"<script> [1562 bytes]","args":[{"selector":{"id":"application-managehandovers-display-component---AddNewHO--confirmCreationButton","interaction":{"idSuffix":"BDI-content"}},"wdio_ui5_key":"applicationmanagehandovers-display-component---AddNewHO--confirmCreationButton"}]}
RESULT: {"script":"<script> [1562 bytes]","args":[{"selector":{"id":"application-managehandovers-display-component---AddNewHO--confirmCreationButton","interaction":{"idSuffix":"BDI-content"}},"wdio_ui5_key":"applicationmanagehandovers-display-component---AddNewHO--confirmCreationButton"}]}
RESULT: undefined
COMMAND: POST /session/ba8f8306183d693af77ab2140b410afd/element - {"using":"xpath","value":"//*[@id=\"application-managehandovers-display-component---AddNewHO--confirmCreationButton\"]"}
RESULT: {"using":"xpath","value":"//*[@id=\"application-managehandovers-display-component---AddNewHO--confirmCreationButton\"]"}
COMMAND: POST /session/ba8f8306183d693af77ab2140b410afd/element/f.389042B4FF7C30867E20C40CA0954A5B.d.2D7B0A3BF109214E5306CA9BF773DC19.e.7269/click - {}
RESULT: {}
COMMAND: GET /session/ba8f8306183d693af77ab2140b410afd/screenshot - {}
RESULT: {}
COMMAND: POST /session/ba8f8306183d693af77ab2140b410afd/execute/async - {"script":"<script> [1562 bytes]","args":[{"selector":{"id":"issueDatePicker","viewName":"etm.portal.ui.managehandovers.view.DetailExecuteHO","interaction":{"idSuffix":"inner"}},"wdio_ui5_key":"issueDatePickeretmportal.ui.managehandovers.view.DetailExecuteHO"}]}
RESULT: {"script":"<script> [1562 bytes]","args":[{"selector":{"id":"issueDatePicker","viewName":"etm.portal.ui.managehandovers.view.DetailExecuteHO","interaction":{"idSuffix":"inner"}},"wdio_ui5_key":"issueDatePickeretmportal.ui.managehandovers.view.DetailExecuteHO"}]}
RESULT: undefined
COMMAND: POST /session/ba8f8306183d693af77ab2140b410afd/execute/async - {"script":"<script> [776 bytes]","args":[{"enterText":"6/14/25","selector":{"id":"issueDatePicker","viewName":"etm.portal.ui.managehandovers.view.DetailExecuteHO","interaction":{"idSuffix":"inner"}},"clearTextFirst":true,"interactionType":"ENTER_TEXT"}]}
RESULT: {"script":"<script> [776 bytes]","args":[{"enterText":"6/14/25","selector":{"id":"issueDatePicker","viewName":"etm.portal.ui.managehandovers.view.DetailExecuteHO","interaction":{"idSuffix":"inner"}},"clearTextFirst":true,"interactionType":"ENTER_TEXT"}]}
COMMAND: POST /session/ba8f8306183d693af77ab2140b410afd/element - {"using":"xpath","value":"//button[@data-kt=\"PickingTableConfirmAllButton\"]"}
RESULT: {"using":"xpath","value":"//button[@data-kt=\"PickingTableConfirmAllButton\"]"}
COMMAND: POST /session/ba8f8306183d693af77ab2140b410afd/element/f.389042B4FF7C30867E20C40CA0954A5B.d.2D7B0A3BF109214E5306CA9BF773DC19.e.7411/click - {}
RESULT: {}
COMMAND: GET /session/ba8f8306183d693af77ab2140b410afd/screenshot - {}
RESULT: {}
COMMAND: POST /session/ba8f8306183d693af77ab2140b410afd/element - {"using":"xpath","value":"//bdi[contains(text(), \"OK\")]"}
RESULT: {"using":"xpath","value":"//bdi[contains(text(), \"OK\")]"}
COMMAND: POST /session/ba8f8306183d693af77ab2140b410afd/element/f.389042B4FF7C30867E20C40CA0954A5B.d.2D7B0A3BF109214E5306CA9BF773DC19.e.7415/click - {}
RESULT: {}
COMMAND: GET /session/ba8f8306183d693af77ab2140b410afd/screenshot - {}
RESULT: {}
COMMAND: POST /session/ba8f8306183d693af77ab2140b410afd/element - {"using":"xpath","value":"//bdi[contains(text(), \"Issue\")]"}
RESULT: {"using":"xpath","value":"//bdi[contains(text(), \"Issue\")]"}
COMMAND: POST /session/ba8f8306183d693af77ab2140b410afd/element/f.389042B4FF7C30867E20C40CA0954A5B.d.2D7B0A3BF109214E5306CA9BF773DC19.e.7416/click - {}
RESULT: {}
COMMAND: GET /session/ba8f8306183d693af77ab2140b410afd/screenshot - {}
RESULT: {}
COMMAND: POST /session/ba8f8306183d693af77ab2140b410afd/element - {"using":"css selector","value":"#shell-header-logo"}
RESULT: {"using":"css selector","value":"#shell-header-logo"}
COMMAND: POST /session/ba8f8306183d693af77ab2140b410afd/element/f.389042B4FF7C30867E20C40CA0954A5B.d.2D7B0A3BF109214E5306CA9BF773DC19.e.6524/click - {}
RESULT: {}
COMMAND: GET /session/ba8f8306183d693af77ab2140b410afd/screenshot - {}
RESULT: {}
]]></system-out>
    </testcase>
    <testcase classname="chrome.137_0_7151_69.windows.Billing_Transfer_-_Master_data_&amp;_Intercompany_US127250" name="Should go navigate to Manage Billings and trigger contract calculation check result" time="79.045">
      <system-out><![CDATA[
COMMAND: POST /session/ba8f8306183d693af77ab2140b410afd/execute/async - {"script":"<script> [1562 bytes]","args":[{"selector":{"controlType":"sap.m.GenericTile","properties":{"header":"Manage Billings"}},"wdio_ui5_key":"sapm.GenericTile{\"header\":\"Manage Billings\"}"}]}
RESULT: {"script":"<script> [1562 bytes]","args":[{"selector":{"controlType":"sap.m.GenericTile","properties":{"header":"Manage Billings"}},"wdio_ui5_key":"sapm.GenericTile{\"header\":\"Manage Billings\"}"}]}
RESULT: undefined
COMMAND: POST /session/ba8f8306183d693af77ab2140b410afd/element - {"using":"xpath","value":"//*[@id=\"__tile53\"]"}
RESULT: {"using":"xpath","value":"//*[@id=\"__tile53\"]"}
COMMAND: POST /session/ba8f8306183d693af77ab2140b410afd/element/f.389042B4FF7C30867E20C40CA0954A5B.d.2D7B0A3BF109214E5306CA9BF773DC19.e.2163/click - {}
RESULT: {}
COMMAND: GET /session/ba8f8306183d693af77ab2140b410afd/screenshot - {}
RESULT: {}
COMMAND: POST /session/ba8f8306183d693af77ab2140b410afd/elements - {"using":"xpath","value":"//span[text()='Error']"}
RESULT: {"using":"xpath","value":"//span[text()='Error']"}
COMMAND: POST /session/ba8f8306183d693af77ab2140b410afd/execute/async - {"script":"<script> [1562 bytes]","args":[{"selector":{"id":"application-managebillings-display-component---billRunCalcResult--smartFilterBar-btnBasicSearch","interaction":{"idSuffix":"I"}},"wdio_ui5_key":"applicationmanagebillings-display-component---billRunCalcResult--smartFilterBar-btnBasicSearch"}]}
RESULT: {"script":"<script> [1562 bytes]","args":[{"selector":{"id":"application-managebillings-display-component---billRunCalcResult--smartFilterBar-btnBasicSearch","interaction":{"idSuffix":"I"}},"wdio_ui5_key":"applicationmanagebillings-display-component---billRunCalcResult--smartFilterBar-btnBasicSearch"}]}
RESULT: undefined
COMMAND: POST /session/ba8f8306183d693af77ab2140b410afd/execute/async - {"script":"<script> [776 bytes]","args":[{"enterText":"10201","selector":{"id":"application-managebillings-display-component---billRunCalcResult--smartFilterBar-btnBasicSearch","interaction":{"idSuffix":"I"}},"clearTextFirst":true,"interactionType":"ENTER_TEXT"}]}
RESULT: {"script":"<script> [776 bytes]","args":[{"enterText":"10201","selector":{"id":"application-managebillings-display-component---billRunCalcResult--smartFilterBar-btnBasicSearch","interaction":{"idSuffix":"I"}},"clearTextFirst":true,"interactionType":"ENTER_TEXT"}]}
COMMAND: POST /session/ba8f8306183d693af77ab2140b410afd/actions - {"actions":[{"id":"action19","type":"key","parameters":{},"actions":[{"type":"keyDown","value":""},{"type":"pause","duration":10},{"type":"keyUp","value":""}]}]}
RESULT: {"actions":[{"id":"action19","type":"key","parameters":{},"actions":[{"type":"keyDown","value":""},{"type":"pause","duration":10},{"type":"keyUp","value":""}]}]}
COMMAND: GET /session/ba8f8306183d693af77ab2140b410afd/screenshot - {}
COMMAND: POST /session/ba8f8306183d693af77ab2140b410afd/element - {"using":"xpath","value":"//td[@aria-colindex=\"1\"]/div/div[contains(@class, \"sapMCbBg\")]"}
RESULT: {}
RESULT: {"using":"xpath","value":"//td[@aria-colindex=\"1\"]/div/div[contains(@class, \"sapMCbBg\")]"}
COMMAND: POST /session/ba8f8306183d693af77ab2140b410afd/element/f.389042B4FF7C30867E20C40CA0954A5B.d.2D7B0A3BF109214E5306CA9BF773DC19.e.7944/click - {}
RESULT: {}
COMMAND: GET /session/ba8f8306183d693af77ab2140b410afd/screenshot - {}
RESULT: {}
COMMAND: POST /session/ba8f8306183d693af77ab2140b410afd/execute/async - {"script":"<script> [1562 bytes]","args":[{"selector":{"id":"application-managebillings-display-component---billRunCalcResult--contractBillRunDate","interaction":{"idSuffix":"inner"}},"wdio_ui5_key":"applicationmanagebillings-display-component---billRunCalcResult--contractBillRunDate"}]}
RESULT: {"script":"<script> [1562 bytes]","args":[{"selector":{"id":"application-managebillings-display-component---billRunCalcResult--contractBillRunDate","interaction":{"idSuffix":"inner"}},"wdio_ui5_key":"applicationmanagebillings-display-component---billRunCalcResult--contractBillRunDate"}]}
RESULT: undefined
COMMAND: POST /session/ba8f8306183d693af77ab2140b410afd/execute/async - {"script":"<script> [776 bytes]","args":[{"enterText":"7/14/25","selector":{"id":"application-managebillings-display-component---billRunCalcResult--contractBillRunDate","interaction":{"idSuffix":"inner"}},"clearTextFirst":true,"interactionType":"ENTER_TEXT"}]}
RESULT: {"script":"<script> [776 bytes]","args":[{"enterText":"7/14/25","selector":{"id":"application-managebillings-display-component---billRunCalcResult--contractBillRunDate","interaction":{"idSuffix":"inner"}},"clearTextFirst":true,"interactionType":"ENTER_TEXT"}]}
COMMAND: POST /session/ba8f8306183d693af77ab2140b410afd/element - {"using":"xpath","value":"//bdi[contains(text(), \"Trigger Calculation\")]"}
RESULT: {"using":"xpath","value":"//bdi[contains(text(), \"Trigger Calculation\")]"}
COMMAND: POST /session/ba8f8306183d693af77ab2140b410afd/element/f.389042B4FF7C30867E20C40CA0954A5B.d.2D7B0A3BF109214E5306CA9BF773DC19.e.7965/click - {}
RESULT: {}
COMMAND: GET /session/ba8f8306183d693af77ab2140b410afd/screenshot - {}
RESULT: {}
COMMAND: POST /session/ba8f8306183d693af77ab2140b410afd/element - {"using":"xpath","value":"(//span[contains(@id, \"imgNav\")])[1]"}
RESULT: {"using":"xpath","value":"(//span[contains(@id, \"imgNav\")])[1]"}
COMMAND: POST /session/ba8f8306183d693af77ab2140b410afd/element/f.389042B4FF7C30867E20C40CA0954A5B.d.2D7B0A3BF109214E5306CA9BF773DC19.e.7958/click - {}
RESULT: {}
COMMAND: GET /session/ba8f8306183d693af77ab2140b410afd/screenshot - {}
RESULT: {}
COMMAND: POST /session/ba8f8306183d693af77ab2140b410afd/element - {"using":"xpath","value":"//tr/td[6]/div[1]/span[1]/span[1]"}
RESULT: {"using":"xpath","value":"//tr/td[6]/div[1]/span[1]/span[1]"}
COMMAND: GET /session/ba8f8306183d693af77ab2140b410afd/element/f.389042B4FF7C30867E20C40CA0954A5B.d.2D7B0A3BF109214E5306CA9BF773DC19.e.7970/text - {}
RESULT: {}
COMMAND: POST /session/ba8f8306183d693af77ab2140b410afd/element - {"using":"xpath","value":"(//span[contains(@id, \"imgNav\")])[2]"}
RESULT: {"using":"xpath","value":"(//span[contains(@id, \"imgNav\")])[2]"}
COMMAND: POST /session/ba8f8306183d693af77ab2140b410afd/element/f.389042B4FF7C30867E20C40CA0954A5B.d.2D7B0A3BF109214E5306CA9BF773DC19.e.7971/click - {}
RESULT: {}
COMMAND: POST /session/ba8f8306183d693af77ab2140b410afd/element - {"using":"xpath","value":"//bdi[contains(text(), \"Business Confirm\")]"}
RESULT: {"using":"xpath","value":"//bdi[contains(text(), \"Business Confirm\")]"}
COMMAND: POST /session/ba8f8306183d693af77ab2140b410afd/elements - {"using":"xpath","value":"//bdi[contains(text(), \"Business Confirm\")]"}
RESULT: {"using":"xpath","value":"//bdi[contains(text(), \"Business Confirm\")]"}
COMMAND: GET /session/ba8f8306183d693af77ab2140b410afd/screenshot - {}
RESULT: {}
COMMAND: POST /session/ba8f8306183d693af77ab2140b410afd/elements - {"using":"xpath","value":"//bdi[contains(text(), \"Business Confirm\")]"}
RESULT: {"using":"xpath","value":"//bdi[contains(text(), \"Business Confirm\")]"}
COMMAND: POST /session/ba8f8306183d693af77ab2140b410afd/elements - {"using":"xpath","value":"//bdi[contains(text(), \"Business Confirm\")]"}
RESULT: {"using":"xpath","value":"//bdi[contains(text(), \"Business Confirm\")]"}
COMMAND: POST /session/ba8f8306183d693af77ab2140b410afd/element - {"using":"xpath","value":"//bdi[contains(text(), \"Business Confirm\")]"}
RESULT: {"using":"xpath","value":"//bdi[contains(text(), \"Business Confirm\")]"}
COMMAND: POST /session/ba8f8306183d693af77ab2140b410afd/element/f.389042B4FF7C30867E20C40CA0954A5B.d.2D7B0A3BF109214E5306CA9BF773DC19.e.8014/click - {}
RESULT: {}
COMMAND: POST /session/ba8f8306183d693af77ab2140b410afd/element - {"using":"css selector","value":"#shell-header-logo"}
COMMAND: GET /session/ba8f8306183d693af77ab2140b410afd/screenshot - {}
RESULT: {"using":"css selector","value":"#shell-header-logo"}
COMMAND: POST /session/ba8f8306183d693af77ab2140b410afd/element/f.389042B4FF7C30867E20C40CA0954A5B.d.2D7B0A3BF109214E5306CA9BF773DC19.e.7616/click - {}
RESULT: {}
RESULT: {}
COMMAND: GET /session/ba8f8306183d693af77ab2140b410afd/screenshot - {}
RESULT: {}
]]></system-out>
    </testcase>
    <testcase classname="chrome.137_0_7151_69.windows.Billing_Transfer_-_Master_data_&amp;_Intercompany_US127250" name="Should do Billing Transfer all the way into invoice open for intercompany case" time="84.147">
      <system-out><![CDATA[
COMMAND: POST /session/ba8f8306183d693af77ab2140b410afd/execute/async - {"script":"<script> [1562 bytes]","args":[{"selector":{"controlType":"sap.m.GenericTile","properties":{"header":"Billing Transfer"}},"wdio_ui5_key":"sapm.GenericTile{\"header\":\"Billing Transfer\"}"}]}
RESULT: {"script":"<script> [1562 bytes]","args":[{"selector":{"controlType":"sap.m.GenericTile","properties":{"header":"Billing Transfer"}},"wdio_ui5_key":"sapm.GenericTile{\"header\":\"Billing Transfer\"}"}]}
RESULT: undefined
COMMAND: POST /session/ba8f8306183d693af77ab2140b410afd/element - {"using":"xpath","value":"//*[@id=\"__tile52\"]"}
RESULT: {"using":"xpath","value":"//*[@id=\"__tile52\"]"}
COMMAND: POST /session/ba8f8306183d693af77ab2140b410afd/element/f.389042B4FF7C30867E20C40CA0954A5B.d.2D7B0A3BF109214E5306CA9BF773DC19.e.2161/click - {}
RESULT: {}
COMMAND: GET /session/ba8f8306183d693af77ab2140b410afd/screenshot - {}
RESULT: {}
COMMAND: POST /session/ba8f8306183d693af77ab2140b410afd/elements - {"using":"xpath","value":"//span[text()='Error']"}
RESULT: {"using":"xpath","value":"//span[text()='Error']"}
COMMAND: POST /session/ba8f8306183d693af77ab2140b410afd/element - {"using":"xpath","value":"//input[contains(@id ,\"application-billingtransfer-display-component---billingWorkbench--smartFilterBar-btnBasicSearch\")]"}
RESULT: {"using":"xpath","value":"//input[contains(@id ,\"application-billingtransfer-display-component---billingWorkbench--smartFilterBar-btnBasicSearch\")]"}
COMMAND: POST /session/ba8f8306183d693af77ab2140b410afd/elements - {"using":"xpath","value":"//input[contains(@id ,\"application-billingtransfer-display-component---billingWorkbench--smartFilterBar-btnBasicSearch\")]"}
RESULT: {"using":"xpath","value":"//input[contains(@id ,\"application-billingtransfer-display-component---billingWorkbench--smartFilterBar-btnBasicSearch\")]"}
COMMAND: POST /session/ba8f8306183d693af77ab2140b410afd/execute/sync - {"script":"<script> [8489 bytes]","args":[{"element-6066-11e4-a52e-4f735466cecf":"f.389042B4FF7C30867E20C40CA0954A5B.d.2D7B0A3BF109214E5306CA9BF773DC19.e.8032","ELEMENT":"f.389042B4FF7C30867E20C40CA0954A5B.d.2D7B0A3BF109214E5306CA9BF773DC19.e.8032"}]}
RESULT: {"script":"<script> [8489 bytes]","args":[{"element-6066-11e4-a52e-4f735466cecf":"f.389042B4FF7C30867E20C40CA0954A5B.d.2D7B0A3BF109214E5306CA9BF773DC19.e.8032","ELEMENT":"f.389042B4FF7C30867E20C40CA0954A5B.d.2D7B0A3BF109214E5306CA9BF773DC19.e.8032"}]}
COMMAND: GET /session/ba8f8306183d693af77ab2140b410afd/element/f.389042B4FF7C30867E20C40CA0954A5B.d.2D7B0A3BF109214E5306CA9BF773DC19.e.8032/enabled - {}
COMMAND: GET /session/ba8f8306183d693af77ab2140b410afd/screenshot - {}
RESULT: {}
COMMAND: POST /session/ba8f8306183d693af77ab2140b410afd/element/f.389042B4FF7C30867E20C40CA0954A5B.d.2D7B0A3BF109214E5306CA9BF773DC19.e.8032/click - {}
COMMAND: GET /session/ba8f8306183d693af77ab2140b410afd/screenshot - {}
RESULT: {}
RESULT: {}
COMMAND: GET /session/ba8f8306183d693af77ab2140b410afd/screenshot - {}
RESULT: {}
RESULT: {}
COMMAND: POST /session/ba8f8306183d693af77ab2140b410afd/element/f.389042B4FF7C30867E20C40CA0954A5B.d.2D7B0A3BF109214E5306CA9BF773DC19.e.8032/clear - {}
RESULT: {}
COMMAND: POST /session/ba8f8306183d693af77ab2140b410afd/element/f.389042B4FF7C30867E20C40CA0954A5B.d.2D7B0A3BF109214E5306CA9BF773DC19.e.8032/value - {"text":"10201"}
COMMAND: GET /session/ba8f8306183d693af77ab2140b410afd/screenshot - {}
RESULT: {"text":"10201"}
COMMAND: POST /session/ba8f8306183d693af77ab2140b410afd/actions - {"actions":[{"id":"action20","type":"key","parameters":{},"actions":[{"type":"keyDown","value":""},{"type":"pause","duration":10},{"type":"keyUp","value":""}]}]}
COMMAND: GET /session/ba8f8306183d693af77ab2140b410afd/screenshot - {}
RESULT: {}
RESULT: {"actions":[{"id":"action20","type":"key","parameters":{},"actions":[{"type":"keyDown","value":""},{"type":"pause","duration":10},{"type":"keyUp","value":""}]}]}
COMMAND: GET /session/ba8f8306183d693af77ab2140b410afd/screenshot - {}
RESULT: {}
RESULT: {}
COMMAND: POST /session/ba8f8306183d693af77ab2140b410afd/element - {"using":"xpath","value":"//span[contains(@id ,\"application-billingtransfer-display-component---billingWorkbench--smartTableBillingRuns-header-inner\")]"}
RESULT: {"using":"xpath","value":"//span[contains(@id ,\"application-billingtransfer-display-component---billingWorkbench--smartTableBillingRuns-header-inner\")]"}
COMMAND: POST /session/ba8f8306183d693af77ab2140b410afd/elements - {"using":"xpath","value":"//span[contains(@id ,\"application-billingtransfer-display-component---billingWorkbench--smartTableBillingRuns-header-inner\")]"}
RESULT: {"using":"xpath","value":"//span[contains(@id ,\"application-billingtransfer-display-component---billingWorkbench--smartTableBillingRuns-header-inner\")]"}
COMMAND: POST /session/ba8f8306183d693af77ab2140b410afd/execute/sync - {"script":"<script> [56 bytes]","args":[{"element-6066-11e4-a52e-4f735466cecf":"f.389042B4FF7C30867E20C40CA0954A5B.d.2D7B0A3BF109214E5306CA9BF773DC19.e.8253","ELEMENT":"f.389042B4FF7C30867E20C40CA0954A5B.d.2D7B0A3BF109214E5306CA9BF773DC19.e.8253"}]}
RESULT: {"script":"<script> [56 bytes]","args":[{"element-6066-11e4-a52e-4f735466cecf":"f.389042B4FF7C30867E20C40CA0954A5B.d.2D7B0A3BF109214E5306CA9BF773DC19.e.8253","ELEMENT":"f.389042B4FF7C30867E20C40CA0954A5B.d.2D7B0A3BF109214E5306CA9BF773DC19.e.8253"}]}
COMMAND: POST /session/ba8f8306183d693af77ab2140b410afd/element - {"using":"xpath","value":"//td[@aria-colindex=\"1\"]/div/div[contains(@class, \"sapMCbBg\")]"}
COMMAND: GET /session/ba8f8306183d693af77ab2140b410afd/screenshot - {}
RESULT: {"using":"xpath","value":"//td[@aria-colindex=\"1\"]/div/div[contains(@class, \"sapMCbBg\")]"}
COMMAND: POST /session/ba8f8306183d693af77ab2140b410afd/element/f.389042B4FF7C30867E20C40CA0954A5B.d.2D7B0A3BF109214E5306CA9BF773DC19.e.8100/click - {}
RESULT: {}
RESULT: {}
COMMAND: GET /session/ba8f8306183d693af77ab2140b410afd/screenshot - {}
RESULT: {}
COMMAND: POST /session/ba8f8306183d693af77ab2140b410afd/element - {"using":"xpath","value":"//bdi[contains(text(), \"Check\")]"}
RESULT: {"using":"xpath","value":"//bdi[contains(text(), \"Check\")]"}
COMMAND: POST /session/ba8f8306183d693af77ab2140b410afd/element/f.389042B4FF7C30867E20C40CA0954A5B.d.2D7B0A3BF109214E5306CA9BF773DC19.e.8254/click - {}
RESULT: {}
COMMAND: GET /session/ba8f8306183d693af77ab2140b410afd/screenshot - {}
RESULT: {}
COMMAND: POST /session/ba8f8306183d693af77ab2140b410afd/element - {"using":"xpath","value":"//bdi[contains(text(), \"OK\")]"}
RESULT: {"using":"xpath","value":"//bdi[contains(text(), \"OK\")]"}
COMMAND: POST /session/ba8f8306183d693af77ab2140b410afd/element/f.389042B4FF7C30867E20C40CA0954A5B.d.2D7B0A3BF109214E5306CA9BF773DC19.e.8257/click - {}
RESULT: {}
COMMAND: GET /session/ba8f8306183d693af77ab2140b410afd/screenshot - {}
RESULT: {}
COMMAND: POST /session/ba8f8306183d693af77ab2140b410afd/element - {"using":"xpath","value":"(//span[contains(text(), \"CO/SD checked\")]/parent::div/preceding-sibling::div/span)[1]"}
RESULT: {"using":"xpath","value":"(//span[contains(text(), \"CO/SD checked\")]/parent::div/preceding-sibling::div/span)[1]"}
COMMAND: POST /session/ba8f8306183d693af77ab2140b410afd/element/f.389042B4FF7C30867E20C40CA0954A5B.d.2D7B0A3BF109214E5306CA9BF773DC19.e.8260/click - {}
RESULT: {}
COMMAND: GET /session/ba8f8306183d693af77ab2140b410afd/screenshot - {}
RESULT: {}
COMMAND: POST /session/ba8f8306183d693af77ab2140b410afd/element - {"using":"xpath","value":"//input[contains(@id ,\"application-billingtransfer-display-component---billingWorkbench--smartFilterBar-btnBasicSearch\")]"}
RESULT: {"using":"xpath","value":"//input[contains(@id ,\"application-billingtransfer-display-component---billingWorkbench--smartFilterBar-btnBasicSearch\")]"}
COMMAND: POST /session/ba8f8306183d693af77ab2140b410afd/elements - {"using":"xpath","value":"//input[contains(@id ,\"application-billingtransfer-display-component---billingWorkbench--smartFilterBar-btnBasicSearch\")]"}
RESULT: {"using":"xpath","value":"//input[contains(@id ,\"application-billingtransfer-display-component---billingWorkbench--smartFilterBar-btnBasicSearch\")]"}
COMMAND: POST /session/ba8f8306183d693af77ab2140b410afd/execute/sync - {"script":"<script> [8489 bytes]","args":[{"element-6066-11e4-a52e-4f735466cecf":"f.389042B4FF7C30867E20C40CA0954A5B.d.2D7B0A3BF109214E5306CA9BF773DC19.e.8032","ELEMENT":"f.389042B4FF7C30867E20C40CA0954A5B.d.2D7B0A3BF109214E5306CA9BF773DC19.e.8032"}]}
RESULT: {"script":"<script> [8489 bytes]","args":[{"element-6066-11e4-a52e-4f735466cecf":"f.389042B4FF7C30867E20C40CA0954A5B.d.2D7B0A3BF109214E5306CA9BF773DC19.e.8032","ELEMENT":"f.389042B4FF7C30867E20C40CA0954A5B.d.2D7B0A3BF109214E5306CA9BF773DC19.e.8032"}]}
COMMAND: GET /session/ba8f8306183d693af77ab2140b410afd/element/f.389042B4FF7C30867E20C40CA0954A5B.d.2D7B0A3BF109214E5306CA9BF773DC19.e.8032/enabled - {}
COMMAND: GET /session/ba8f8306183d693af77ab2140b410afd/screenshot - {}
RESULT: {}
COMMAND: POST /session/ba8f8306183d693af77ab2140b410afd/element/f.389042B4FF7C30867E20C40CA0954A5B.d.2D7B0A3BF109214E5306CA9BF773DC19.e.8032/click - {}
COMMAND: GET /session/ba8f8306183d693af77ab2140b410afd/screenshot - {}
RESULT: {}
RESULT: {}
COMMAND: GET /session/ba8f8306183d693af77ab2140b410afd/screenshot - {}
RESULT: {}
RESULT: {}
COMMAND: POST /session/ba8f8306183d693af77ab2140b410afd/element/f.389042B4FF7C30867E20C40CA0954A5B.d.2D7B0A3BF109214E5306CA9BF773DC19.e.8032/clear - {}
RESULT: {}
COMMAND: POST /session/ba8f8306183d693af77ab2140b410afd/element/f.389042B4FF7C30867E20C40CA0954A5B.d.2D7B0A3BF109214E5306CA9BF773DC19.e.8032/value - {"text":"10201"}
COMMAND: GET /session/ba8f8306183d693af77ab2140b410afd/screenshot - {}
RESULT: {"text":"10201"}
COMMAND: POST /session/ba8f8306183d693af77ab2140b410afd/actions - {"actions":[{"id":"action21","type":"key","parameters":{},"actions":[{"type":"keyDown","value":""},{"type":"pause","duration":10},{"type":"keyUp","value":""}]}]}
COMMAND: GET /session/ba8f8306183d693af77ab2140b410afd/screenshot - {}
RESULT: {}
RESULT: {"actions":[{"id":"action21","type":"key","parameters":{},"actions":[{"type":"keyDown","value":""},{"type":"pause","duration":10},{"type":"keyUp","value":""}]}]}
COMMAND: GET /session/ba8f8306183d693af77ab2140b410afd/screenshot - {}
RESULT: {}
RESULT: {}
COMMAND: POST /session/ba8f8306183d693af77ab2140b410afd/element - {"using":"xpath","value":"//span[contains(@id ,\"application-billingtransfer-display-component---billingWorkbench--smartTableBillingRuns-header-inner\")]"}
RESULT: {"using":"xpath","value":"//span[contains(@id ,\"application-billingtransfer-display-component---billingWorkbench--smartTableBillingRuns-header-inner\")]"}
COMMAND: POST /session/ba8f8306183d693af77ab2140b410afd/elements - {"using":"xpath","value":"//span[contains(@id ,\"application-billingtransfer-display-component---billingWorkbench--smartTableBillingRuns-header-inner\")]"}
RESULT: {"using":"xpath","value":"//span[contains(@id ,\"application-billingtransfer-display-component---billingWorkbench--smartTableBillingRuns-header-inner\")]"}
COMMAND: POST /session/ba8f8306183d693af77ab2140b410afd/execute/sync - {"script":"<script> [56 bytes]","args":[{"element-6066-11e4-a52e-4f735466cecf":"f.389042B4FF7C30867E20C40CA0954A5B.d.2D7B0A3BF109214E5306CA9BF773DC19.e.8253","ELEMENT":"f.389042B4FF7C30867E20C40CA0954A5B.d.2D7B0A3BF109214E5306CA9BF773DC19.e.8253"}]}
RESULT: {"script":"<script> [56 bytes]","args":[{"element-6066-11e4-a52e-4f735466cecf":"f.389042B4FF7C30867E20C40CA0954A5B.d.2D7B0A3BF109214E5306CA9BF773DC19.e.8253","ELEMENT":"f.389042B4FF7C30867E20C40CA0954A5B.d.2D7B0A3BF109214E5306CA9BF773DC19.e.8253"}]}
COMMAND: POST /session/ba8f8306183d693af77ab2140b410afd/element - {"using":"xpath","value":"//td[@aria-colindex=\"1\"]/div/div[contains(@class, \"sapMCbBg\")]"}
COMMAND: GET /session/ba8f8306183d693af77ab2140b410afd/screenshot - {}
RESULT: {"using":"xpath","value":"//td[@aria-colindex=\"1\"]/div/div[contains(@class, \"sapMCbBg\")]"}
COMMAND: POST /session/ba8f8306183d693af77ab2140b410afd/element/f.389042B4FF7C30867E20C40CA0954A5B.d.2D7B0A3BF109214E5306CA9BF773DC19.e.8265/click - {}
RESULT: {}
RESULT: {}
COMMAND: GET /session/ba8f8306183d693af77ab2140b410afd/screenshot - {}
RESULT: {}
COMMAND: POST /session/ba8f8306183d693af77ab2140b410afd/element - {"using":"xpath","value":"//bdi[text()=\"Transfer\"]"}
RESULT: {"using":"xpath","value":"//bdi[text()=\"Transfer\"]"}
COMMAND: POST /session/ba8f8306183d693af77ab2140b410afd/element/f.389042B4FF7C30867E20C40CA0954A5B.d.2D7B0A3BF109214E5306CA9BF773DC19.e.8266/click - {}
RESULT: {}
COMMAND: GET /session/ba8f8306183d693af77ab2140b410afd/screenshot - {}
RESULT: {}
COMMAND: POST /session/ba8f8306183d693af77ab2140b410afd/element - {"using":"xpath","value":"//bdi[contains(text(), \"OK\")]"}
RESULT: {"using":"xpath","value":"//bdi[contains(text(), \"OK\")]"}
COMMAND: POST /session/ba8f8306183d693af77ab2140b410afd/element/f.389042B4FF7C30867E20C40CA0954A5B.d.2D7B0A3BF109214E5306CA9BF773DC19.e.8269/click - {}
RESULT: {}
COMMAND: GET /session/ba8f8306183d693af77ab2140b410afd/screenshot - {}
RESULT: {}
COMMAND: POST /session/ba8f8306183d693af77ab2140b410afd/element - {"using":"xpath","value":"(//span[contains(text(), \"Invoice open\")]/parent::div/preceding-sibling::div/span)[1]"}
RESULT: {"using":"xpath","value":"(//span[contains(text(), \"Invoice open\")]/parent::div/preceding-sibling::div/span)[1]"}
COMMAND: POST /session/ba8f8306183d693af77ab2140b410afd/element/f.389042B4FF7C30867E20C40CA0954A5B.d.2D7B0A3BF109214E5306CA9BF773DC19.e.8282/click - {}
RESULT: {}
COMMAND: GET /session/ba8f8306183d693af77ab2140b410afd/screenshot - {}
RESULT: {}
COMMAND: POST /session/ba8f8306183d693af77ab2140b410afd/element - {"using":"xpath","value":"//input[contains(@id ,\"application-billingtransfer-display-component---billingWorkbench--smartFilterBar-btnBasicSearch\")]"}
RESULT: {"using":"xpath","value":"//input[contains(@id ,\"application-billingtransfer-display-component---billingWorkbench--smartFilterBar-btnBasicSearch\")]"}
COMMAND: POST /session/ba8f8306183d693af77ab2140b410afd/elements - {"using":"xpath","value":"//input[contains(@id ,\"application-billingtransfer-display-component---billingWorkbench--smartFilterBar-btnBasicSearch\")]"}
RESULT: {"using":"xpath","value":"//input[contains(@id ,\"application-billingtransfer-display-component---billingWorkbench--smartFilterBar-btnBasicSearch\")]"}
COMMAND: POST /session/ba8f8306183d693af77ab2140b410afd/execute/sync - {"script":"<script> [8489 bytes]","args":[{"element-6066-11e4-a52e-4f735466cecf":"f.389042B4FF7C30867E20C40CA0954A5B.d.2D7B0A3BF109214E5306CA9BF773DC19.e.8032","ELEMENT":"f.389042B4FF7C30867E20C40CA0954A5B.d.2D7B0A3BF109214E5306CA9BF773DC19.e.8032"}]}
RESULT: {"script":"<script> [8489 bytes]","args":[{"element-6066-11e4-a52e-4f735466cecf":"f.389042B4FF7C30867E20C40CA0954A5B.d.2D7B0A3BF109214E5306CA9BF773DC19.e.8032","ELEMENT":"f.389042B4FF7C30867E20C40CA0954A5B.d.2D7B0A3BF109214E5306CA9BF773DC19.e.8032"}]}
COMMAND: GET /session/ba8f8306183d693af77ab2140b410afd/element/f.389042B4FF7C30867E20C40CA0954A5B.d.2D7B0A3BF109214E5306CA9BF773DC19.e.8032/enabled - {}
COMMAND: GET /session/ba8f8306183d693af77ab2140b410afd/screenshot - {}
RESULT: {}
COMMAND: POST /session/ba8f8306183d693af77ab2140b410afd/element/f.389042B4FF7C30867E20C40CA0954A5B.d.2D7B0A3BF109214E5306CA9BF773DC19.e.8032/click - {}
COMMAND: GET /session/ba8f8306183d693af77ab2140b410afd/screenshot - {}
RESULT: {}
RESULT: {}
COMMAND: GET /session/ba8f8306183d693af77ab2140b410afd/screenshot - {}
RESULT: {}
RESULT: {}
COMMAND: POST /session/ba8f8306183d693af77ab2140b410afd/element/f.389042B4FF7C30867E20C40CA0954A5B.d.2D7B0A3BF109214E5306CA9BF773DC19.e.8032/clear - {}
RESULT: {}
COMMAND: POST /session/ba8f8306183d693af77ab2140b410afd/element/f.389042B4FF7C30867E20C40CA0954A5B.d.2D7B0A3BF109214E5306CA9BF773DC19.e.8032/value - {"text":"10201"}
COMMAND: GET /session/ba8f8306183d693af77ab2140b410afd/screenshot - {}
RESULT: {"text":"10201"}
COMMAND: POST /session/ba8f8306183d693af77ab2140b410afd/actions - {"actions":[{"id":"action22","type":"key","parameters":{},"actions":[{"type":"keyDown","value":""},{"type":"pause","duration":10},{"type":"keyUp","value":""}]}]}
COMMAND: GET /session/ba8f8306183d693af77ab2140b410afd/screenshot - {}
RESULT: {}
RESULT: {"actions":[{"id":"action22","type":"key","parameters":{},"actions":[{"type":"keyDown","value":""},{"type":"pause","duration":10},{"type":"keyUp","value":""}]}]}
COMMAND: GET /session/ba8f8306183d693af77ab2140b410afd/screenshot - {}
RESULT: {}
RESULT: {}
COMMAND: POST /session/ba8f8306183d693af77ab2140b410afd/element - {"using":"xpath","value":"//span[contains(@id ,\"application-billingtransfer-display-component---billingWorkbench--smartTableBillingRuns-header-inner\")]"}
RESULT: {"using":"xpath","value":"//span[contains(@id ,\"application-billingtransfer-display-component---billingWorkbench--smartTableBillingRuns-header-inner\")]"}
COMMAND: POST /session/ba8f8306183d693af77ab2140b410afd/elements - {"using":"xpath","value":"//span[contains(@id ,\"application-billingtransfer-display-component---billingWorkbench--smartTableBillingRuns-header-inner\")]"}
RESULT: {"using":"xpath","value":"//span[contains(@id ,\"application-billingtransfer-display-component---billingWorkbench--smartTableBillingRuns-header-inner\")]"}
COMMAND: POST /session/ba8f8306183d693af77ab2140b410afd/execute/sync - {"script":"<script> [56 bytes]","args":[{"element-6066-11e4-a52e-4f735466cecf":"f.389042B4FF7C30867E20C40CA0954A5B.d.2D7B0A3BF109214E5306CA9BF773DC19.e.8253","ELEMENT":"f.389042B4FF7C30867E20C40CA0954A5B.d.2D7B0A3BF109214E5306CA9BF773DC19.e.8253"}]}
RESULT: {"script":"<script> [56 bytes]","args":[{"element-6066-11e4-a52e-4f735466cecf":"f.389042B4FF7C30867E20C40CA0954A5B.d.2D7B0A3BF109214E5306CA9BF773DC19.e.8253","ELEMENT":"f.389042B4FF7C30867E20C40CA0954A5B.d.2D7B0A3BF109214E5306CA9BF773DC19.e.8253"}]}
COMMAND: POST /session/ba8f8306183d693af77ab2140b410afd/element - {"using":"css selector","value":"#shell-header-logo"}
COMMAND: GET /session/ba8f8306183d693af77ab2140b410afd/screenshot - {}
RESULT: {"using":"css selector","value":"#shell-header-logo"}
COMMAND: POST /session/ba8f8306183d693af77ab2140b410afd/element/f.389042B4FF7C30867E20C40CA0954A5B.d.2D7B0A3BF109214E5306CA9BF773DC19.e.8029/click - {}
RESULT: {}
RESULT: {}
COMMAND: GET /session/ba8f8306183d693af77ab2140b410afd/screenshot - {}
RESULT: {}
COMMAND: POST /session/ba8f8306183d693af77ab2140b410afd/element - {"using":"css selector","value":"#j_username"}
COMMAND: POST /session/ba8f8306183d693af77ab2140b410afd/url - {"url":"https://qa-testing-00-live-etm-ui.cfapps.eu10-004.hana.ondemand.com/"}
RESULT: {"using":"css selector","value":"#j_username"}
COMMAND: POST /session/ba8f8306183d693af77ab2140b410afd/element - {"using":"css selector","value":"#j_username"}
RESULT: {"url":"https://qa-testing-00-live-etm-ui.cfapps.eu10-004.hana.ondemand.com/"}
RESULT: undefined
COMMAND: GET /session/ba8f8306183d693af77ab2140b410afd/screenshot - {}
RESULT: {"using":"css selector","value":"#j_username"}
COMMAND: POST /session/ba8f8306183d693af77ab2140b410afd/element - {"using":"css selector","value":"#shell-header-logo"}
RESULT: {}
RESULT: {"using":"css selector","value":"#shell-header-logo"}
COMMAND: POST /session/ba8f8306183d693af77ab2140b410afd/execute/sync - {"script":"<script> [8489 bytes]","args":[{"element-6066-11e4-a52e-4f735466cecf":"f.389042B4FF7C30867E20C40CA0954A5B.d.D7736090AAFDE5A502D36844B85AFF66.e.8300","ELEMENT":"f.389042B4FF7C30867E20C40CA0954A5B.d.D7736090AAFDE5A502D36844B85AFF66.e.8300"}]}
RESULT: {"script":"<script> [8489 bytes]","args":[{"element-6066-11e4-a52e-4f735466cecf":"f.389042B4FF7C30867E20C40CA0954A5B.d.D7736090AAFDE5A502D36844B85AFF66.e.8300","ELEMENT":"f.389042B4FF7C30867E20C40CA0954A5B.d.D7736090AAFDE5A502D36844B85AFF66.e.8300"}]}
COMMAND: POST /session/ba8f8306183d693af77ab2140b410afd/element - {"using":"css selector","value":"#shell-header-logo"}
COMMAND: GET /session/ba8f8306183d693af77ab2140b410afd/screenshot - {}
RESULT: {"using":"css selector","value":"#shell-header-logo"}
COMMAND: POST /session/ba8f8306183d693af77ab2140b410afd/execute/sync - {"script":"<script> [8489 bytes]","args":[{"element-6066-11e4-a52e-4f735466cecf":"f.389042B4FF7C30867E20C40CA0954A5B.d.D7736090AAFDE5A502D36844B85AFF66.e.8300","ELEMENT":"f.389042B4FF7C30867E20C40CA0954A5B.d.D7736090AAFDE5A502D36844B85AFF66.e.8300"}]}
RESULT: {}
RESULT: {"script":"<script> [8489 bytes]","args":[{"element-6066-11e4-a52e-4f735466cecf":"f.389042B4FF7C30867E20C40CA0954A5B.d.D7736090AAFDE5A502D36844B85AFF66.e.8300","ELEMENT":"f.389042B4FF7C30867E20C40CA0954A5B.d.D7736090AAFDE5A502D36844B85AFF66.e.8300"}]}
COMMAND: POST /session/ba8f8306183d693af77ab2140b410afd/execute/sync - {"script":"<script> [5351 bytes]","args":[{"element-6066-11e4-a52e-4f735466cecf":"f.389042B4FF7C30867E20C40CA0954A5B.d.D7736090AAFDE5A502D36844B85AFF66.e.8300","ELEMENT":"f.389042B4FF7C30867E20C40CA0954A5B.d.D7736090AAFDE5A502D36844B85AFF66.e.8300"}]}
COMMAND: GET /session/ba8f8306183d693af77ab2140b410afd/screenshot - {}
RESULT: {"script":"<script> [5351 bytes]","args":[{"element-6066-11e4-a52e-4f735466cecf":"f.389042B4FF7C30867E20C40CA0954A5B.d.D7736090AAFDE5A502D36844B85AFF66.e.8300","ELEMENT":"f.389042B4FF7C30867E20C40CA0954A5B.d.D7736090AAFDE5A502D36844B85AFF66.e.8300"}]}
COMMAND: POST /session/ba8f8306183d693af77ab2140b410afd/element - {"using":"css selector","value":"#shell-header-logo"}
COMMAND: GET /session/ba8f8306183d693af77ab2140b410afd/screenshot - {}
RESULT: {}
RESULT: {"using":"css selector","value":"#shell-header-logo"}
COMMAND: POST /session/ba8f8306183d693af77ab2140b410afd/element/f.389042B4FF7C30867E20C40CA0954A5B.d.D7736090AAFDE5A502D36844B85AFF66.e.8300/click - {}
RESULT: {}
RESULT: {}
COMMAND: GET /session/ba8f8306183d693af77ab2140b410afd/screenshot - {}
RESULT: {}
COMMAND: POST /session/ba8f8306183d693af77ab2140b410afd/execute/async - {"script":"<script> [189 bytes]","args":[]}
RESULT: {"script":"<script> [189 bytes]","args":[]}
COMMAND: POST /session/ba8f8306183d693af77ab2140b410afd/execute/async - {"script":"<script> [123 bytes]","args":[]}
RESULT: {"script":"<script> [123 bytes]","args":[]}
COMMAND: POST /session/ba8f8306183d693af77ab2140b410afd/timeouts - {"script":"<number>"}
RESULT: {"script":"<number>"}
COMMAND: GET /session/ba8f8306183d693af77ab2140b410afd/timeouts - {}
RESULT: {}
RESULT: undefined
COMMAND: POST /session/ba8f8306183d693af77ab2140b410afd/execute/async - {"script":"<script> [2676 bytes]","args":[]}
RESULT: {"script":"<script> [2676 bytes]","args":[]}
COMMAND: POST /session/ba8f8306183d693af77ab2140b410afd/execute/async - {"script":"<script> [2342 bytes]","args":[{"protocol":"http","hostname":"0.0.0.0","path":"/","capabilities":{"browserName":"chrome","goog:chromeOptions":{"binary":"C:\\Program Files\\Google\\Chrome\\Application\\chrome.exe","args":["--start-maximized"]}},"logLevel":"warn","connectionRetryTimeout":120000,"connectionRetryCount":3,"logLevels":{},"enableDirectConnect":true,"strictSSL":true,"_":"65 more keys: [\"cacheDir\",\"port\",\"requestedCapabilities\",\"automationProtocol\",\"baseUrl\",\"waitforInterval\",\"waitforTimeout\",\"onReload\",\"beforeCommand\",\"afterCommand\",\"rootDir\",\"specs\",\"suites\",\"exclude\",\"groupLogsByTestSpec\",\"excludeDriverLogs\",\"bail\",\"framework\",\"reporters\",\"services\",\"maxInstances\",\"maxInstancesPerCapability\",\"injectGlobals\",\"filesToWatch\",\"execArgv\",\"runnerEnv\",\"runner\",\"shard\",\"specFileRetries\",\"specFileRetriesDelay\",\"specFileRetriesDeferred\",\"reporterSyncInterval\",\"reporterSyncTimeout\",\"cucumberFeaturesWithLineNumbers\",\"autoCompileOpts\",\"mochaOpts\",\"jasmineOpts\",\"cucumberOpts\",\"onPrepare\",\"onWorkerStart\",\"onWorkerEnd\",\"before\",\"beforeSession\",\"beforeSuite\",\"beforeHook\",\"beforeTest\",\"afterTest\",\"afterHook\",\"afterSuite\",\"afterSession\",\"after\",\"onComplete\",\"beforeAssertion\",\"afterAssertion\",\"beforeFeature\",\"beforeScenario\",\"beforeStep\",\"afterStep\",\"afterScenario\",\"afterFeature\",\"_\",\"suite\",\"$0\",\"ignoredWorkerServices\",\"wdi5\"]"}]}
RESULT: {"script":"<script> [2342 bytes]","args":[{"protocol":"http","hostname":"0.0.0.0","path":"/","capabilities":{"browserName":"chrome","goog:chromeOptions":{"binary":"C:\\Program Files\\Google\\Chrome\\Application\\chrome.exe","args":["--start-maximized"]}},"logLevel":"warn","connectionRetryTimeout":120000,"connectionRetryCount":3,"logLevels":{},"enableDirectConnect":true,"strictSSL":true,"_":"65 more keys: [\"cacheDir\",\"port\",\"requestedCapabilities\",\"automationProtocol\",\"baseUrl\",\"waitforInterval\",\"waitforTimeout\",\"onReload\",\"beforeCommand\",\"afterCommand\",\"rootDir\",\"specs\",\"suites\",\"exclude\",\"groupLogsByTestSpec\",\"excludeDriverLogs\",\"bail\",\"framework\",\"reporters\",\"services\",\"maxInstances\",\"maxInstancesPerCapability\",\"injectGlobals\",\"filesToWatch\",\"execArgv\",\"runnerEnv\",\"runner\",\"shard\",\"specFileRetries\",\"specFileRetriesDelay\",\"specFileRetriesDeferred\",\"reporterSyncInterval\",\"reporterSyncTimeout\",\"cucumberFeaturesWithLineNumbers\",\"autoCompileOpts\",\"mochaOpts\",\"jasmineOpts\",\"cucumberOpts\",\"onPrepare\",\"onWorkerStart\",\"onWorkerEnd\",\"before\",\"beforeSession\",\"beforeSuite\",\"beforeHook\",\"beforeTest\",\"afterTest\",\"afterHook\",\"afterSuite\",\"afterSession\",\"after\",\"onComplete\",\"beforeAssertion\",\"afterAssertion\",\"beforeFeature\",\"beforeScenario\",\"beforeStep\",\"afterStep\",\"afterScenario\",\"afterFeature\",\"_\",\"suite\",\"$0\",\"ignoredWorkerServices\",\"wdi5\"]"}]}
COMMAND: POST /session/ba8f8306183d693af77ab2140b410afd/execute/async - {"script":"<script> [21126 bytes]","args":[35000]}
RESULT: {"script":"<script> [21126 bytes]","args":[35000]}
COMMAND: POST /session/ba8f8306183d693af77ab2140b410afd/window/maximize - {}
RESULT: {}
COMMAND: POST /session/ba8f8306183d693af77ab2140b410afd/execute/async - {"script":"<script> [1562 bytes]","args":[{"selector":{"id":"shell-header","interaction":{"idSuffix":"icon"}},"wdio_ui5_key":"shellheader"}]}
COMMAND: GET /session/ba8f8306183d693af77ab2140b410afd/screenshot - {}
RESULT: {"script":"<script> [1562 bytes]","args":[{"selector":{"id":"shell-header","interaction":{"idSuffix":"icon"}},"wdio_ui5_key":"shellheader"}]}
RESULT: undefined
COMMAND: POST /session/ba8f8306183d693af77ab2140b410afd/refresh - {}
RESULT: {}
RESULT: {}
COMMAND: GET /session/ba8f8306183d693af77ab2140b410afd/screenshot - {}
RESULT: {}
COMMAND: POST /session/ba8f8306183d693af77ab2140b410afd/refresh - {}
RESULT: {}
COMMAND: GET /session/ba8f8306183d693af77ab2140b410afd/screenshot - {}
RESULT: {}
COMMAND: POST /session/ba8f8306183d693af77ab2140b410afd/window/fullscreen - {}
RESULT: {}
COMMAND: POST /session/ba8f8306183d693af77ab2140b410afd/execute/async - {"script":"<script> [189 bytes]","args":[]}
RESULT: {"script":"<script> [189 bytes]","args":[]}
COMMAND: POST /session/ba8f8306183d693af77ab2140b410afd/execute/async - {"script":"<script> [123 bytes]","args":[]}
RESULT: {"script":"<script> [123 bytes]","args":[]}
COMMAND: POST /session/ba8f8306183d693af77ab2140b410afd/timeouts - {"script":"<number>"}
RESULT: {"script":"<number>"}
COMMAND: GET /session/ba8f8306183d693af77ab2140b410afd/timeouts - {}
RESULT: {}
RESULT: undefined
COMMAND: POST /session/ba8f8306183d693af77ab2140b410afd/execute/async - {"script":"<script> [2676 bytes]","args":[]}
RESULT: {"script":"<script> [2676 bytes]","args":[]}
COMMAND: POST /session/ba8f8306183d693af77ab2140b410afd/execute/async - {"script":"<script> [2342 bytes]","args":[{"protocol":"http","hostname":"0.0.0.0","path":"/","capabilities":{"browserName":"chrome","goog:chromeOptions":{"binary":"C:\\Program Files\\Google\\Chrome\\Application\\chrome.exe","args":["--start-maximized"]}},"logLevel":"warn","connectionRetryTimeout":120000,"connectionRetryCount":3,"logLevels":{},"enableDirectConnect":true,"strictSSL":true,"_":"65 more keys: [\"cacheDir\",\"port\",\"requestedCapabilities\",\"automationProtocol\",\"baseUrl\",\"waitforInterval\",\"waitforTimeout\",\"onReload\",\"beforeCommand\",\"afterCommand\",\"rootDir\",\"specs\",\"suites\",\"exclude\",\"groupLogsByTestSpec\",\"excludeDriverLogs\",\"bail\",\"framework\",\"reporters\",\"services\",\"maxInstances\",\"maxInstancesPerCapability\",\"injectGlobals\",\"filesToWatch\",\"execArgv\",\"runnerEnv\",\"runner\",\"shard\",\"specFileRetries\",\"specFileRetriesDelay\",\"specFileRetriesDeferred\",\"reporterSyncInterval\",\"reporterSyncTimeout\",\"cucumberFeaturesWithLineNumbers\",\"autoCompileOpts\",\"mochaOpts\",\"jasmineOpts\",\"cucumberOpts\",\"onPrepare\",\"onWorkerStart\",\"onWorkerEnd\",\"before\",\"beforeSession\",\"beforeSuite\",\"beforeHook\",\"beforeTest\",\"afterTest\",\"afterHook\",\"afterSuite\",\"afterSession\",\"after\",\"onComplete\",\"beforeAssertion\",\"afterAssertion\",\"beforeFeature\",\"beforeScenario\",\"beforeStep\",\"afterStep\",\"afterScenario\",\"afterFeature\",\"_\",\"suite\",\"$0\",\"ignoredWorkerServices\",\"wdi5\"]"}]}
RESULT: {"script":"<script> [2342 bytes]","args":[{"protocol":"http","hostname":"0.0.0.0","path":"/","capabilities":{"browserName":"chrome","goog:chromeOptions":{"binary":"C:\\Program Files\\Google\\Chrome\\Application\\chrome.exe","args":["--start-maximized"]}},"logLevel":"warn","connectionRetryTimeout":120000,"connectionRetryCount":3,"logLevels":{},"enableDirectConnect":true,"strictSSL":true,"_":"65 more keys: [\"cacheDir\",\"port\",\"requestedCapabilities\",\"automationProtocol\",\"baseUrl\",\"waitforInterval\",\"waitforTimeout\",\"onReload\",\"beforeCommand\",\"afterCommand\",\"rootDir\",\"specs\",\"suites\",\"exclude\",\"groupLogsByTestSpec\",\"excludeDriverLogs\",\"bail\",\"framework\",\"reporters\",\"services\",\"maxInstances\",\"maxInstancesPerCapability\",\"injectGlobals\",\"filesToWatch\",\"execArgv\",\"runnerEnv\",\"runner\",\"shard\",\"specFileRetries\",\"specFileRetriesDelay\",\"specFileRetriesDeferred\",\"reporterSyncInterval\",\"reporterSyncTimeout\",\"cucumberFeaturesWithLineNumbers\",\"autoCompileOpts\",\"mochaOpts\",\"jasmineOpts\",\"cucumberOpts\",\"onPrepare\",\"onWorkerStart\",\"onWorkerEnd\",\"before\",\"beforeSession\",\"beforeSuite\",\"beforeHook\",\"beforeTest\",\"afterTest\",\"afterHook\",\"afterSuite\",\"afterSession\",\"after\",\"onComplete\",\"beforeAssertion\",\"afterAssertion\",\"beforeFeature\",\"beforeScenario\",\"beforeStep\",\"afterStep\",\"afterScenario\",\"afterFeature\",\"_\",\"suite\",\"$0\",\"ignoredWorkerServices\",\"wdi5\"]"}]}
COMMAND: POST /session/ba8f8306183d693af77ab2140b410afd/execute/async - {"script":"<script> [21126 bytes]","args":[35000]}
RESULT: {"script":"<script> [21126 bytes]","args":[35000]}
]]></system-out>
    </testcase>
  </testsuite>
  <testsuite timestamp="2025-06-14T17:42:26" time="1184.296" tests="12" failures="0" errors="0" skipped="0">
    <properties>
      <property name="specId" value="0"/>
      <property name="suiteName" value="Billing Transfer - Intracompany US127249"/>
      <property name="capabilities" value="chrome.137_0_7151_69.windows"/>
      <property name="file" value="file:///D:/a/1/s/test/specs/BTS/billing-transfer-intracompany.spec.js"/>
    </properties>
    <testcase classname="chrome.137_0_7151_69.windows.Billing_Transfer_-_Intracompany_US127249" name="Should create a new yard" time="138.417">
      <system-out><![CDATA[
COMMAND: POST /session/ba8f8306183d693af77ab2140b410afd/window/fullscreen - {}
RESULT: {}
COMMAND: POST /session/ba8f8306183d693af77ab2140b410afd/execute/async - {"script":"<script> [1562 bytes]","args":[{"selector":{"controlType":"sap.m.GenericTile","properties":{"header":"Manage Yards"}},"wdio_ui5_key":"sapm.GenericTile{\"header\":\"Manage Yards\"}"}]}
RESULT: {"script":"<script> [1562 bytes]","args":[{"selector":{"controlType":"sap.m.GenericTile","properties":{"header":"Manage Yards"}},"wdio_ui5_key":"sapm.GenericTile{\"header\":\"Manage Yards\"}"}]}
RESULT: undefined
COMMAND: POST /session/ba8f8306183d693af77ab2140b410afd/element - {"using":"xpath","value":"//*[@id=\"__tile42\"]"}
RESULT: {"using":"xpath","value":"//*[@id=\"__tile42\"]"}
COMMAND: POST /session/ba8f8306183d693af77ab2140b410afd/element/f.389042B4FF7C30867E20C40CA0954A5B.d.E30047F56B3E5B546E98F9FBF506C611.e.8465/click - {}
RESULT: {}
COMMAND: GET /session/ba8f8306183d693af77ab2140b410afd/screenshot - {}
RESULT: {}
COMMAND: POST /session/ba8f8306183d693af77ab2140b410afd/elements - {"using":"xpath","value":"//span[text()='Error']"}
RESULT: {"using":"xpath","value":"//span[text()='Error']"}
COMMAND: POST /session/ba8f8306183d693af77ab2140b410afd/element - {"using":"xpath","value":"//button[@data-kt=\"addNewYardOverflowToolbarButton\"]"}
RESULT: {"using":"xpath","value":"//button[@data-kt=\"addNewYardOverflowToolbarButton\"]"}
COMMAND: POST /session/ba8f8306183d693af77ab2140b410afd/elements - {"using":"xpath","value":"//button[@data-kt=\"addNewYardOverflowToolbarButton\"]"}
RESULT: {"using":"xpath","value":"//button[@data-kt=\"addNewYardOverflowToolbarButton\"]"}
COMMAND: POST /session/ba8f8306183d693af77ab2140b410afd/elements - {"using":"xpath","value":"//button[@data-kt=\"addNewYardOverflowToolbarButton\"]"}
RESULT: {"using":"xpath","value":"//button[@data-kt=\"addNewYardOverflowToolbarButton\"]"}
COMMAND: POST /session/ba8f8306183d693af77ab2140b410afd/elements - {"using":"xpath","value":"//button[@data-kt=\"addNewYardOverflowToolbarButton\"]"}
RESULT: {"using":"xpath","value":"//button[@data-kt=\"addNewYardOverflowToolbarButton\"]"}
COMMAND: POST /session/ba8f8306183d693af77ab2140b410afd/elements - {"using":"xpath","value":"//button[@data-kt=\"addNewYardOverflowToolbarButton\"]"}
RESULT: {"using":"xpath","value":"//button[@data-kt=\"addNewYardOverflowToolbarButton\"]"}
COMMAND: POST /session/ba8f8306183d693af77ab2140b410afd/elements - {"using":"xpath","value":"//button[@data-kt=\"addNewYardOverflowToolbarButton\"]"}
RESULT: {"using":"xpath","value":"//button[@data-kt=\"addNewYardOverflowToolbarButton\"]"}
COMMAND: POST /session/ba8f8306183d693af77ab2140b410afd/elements - {"using":"xpath","value":"//button[@data-kt=\"addNewYardOverflowToolbarButton\"]"}
RESULT: {"using":"xpath","value":"//button[@data-kt=\"addNewYardOverflowToolbarButton\"]"}
COMMAND: POST /session/ba8f8306183d693af77ab2140b410afd/elements - {"using":"xpath","value":"//button[@data-kt=\"addNewYardOverflowToolbarButton\"]"}
RESULT: {"using":"xpath","value":"//button[@data-kt=\"addNewYardOverflowToolbarButton\"]"}
COMMAND: POST /session/ba8f8306183d693af77ab2140b410afd/elements - {"using":"xpath","value":"//button[@data-kt=\"addNewYardOverflowToolbarButton\"]"}
RESULT: {"using":"xpath","value":"//button[@data-kt=\"addNewYardOverflowToolbarButton\"]"}
COMMAND: POST /session/ba8f8306183d693af77ab2140b410afd/elements - {"using":"xpath","value":"//button[@data-kt=\"addNewYardOverflowToolbarButton\"]"}
RESULT: {"using":"xpath","value":"//button[@data-kt=\"addNewYardOverflowToolbarButton\"]"}
COMMAND: POST /session/ba8f8306183d693af77ab2140b410afd/elements - {"using":"xpath","value":"//button[@data-kt=\"addNewYardOverflowToolbarButton\"]"}
RESULT: {"using":"xpath","value":"//button[@data-kt=\"addNewYardOverflowToolbarButton\"]"}
COMMAND: POST /session/ba8f8306183d693af77ab2140b410afd/elements - {"using":"xpath","value":"//button[@data-kt=\"addNewYardOverflowToolbarButton\"]"}
RESULT: {"using":"xpath","value":"//button[@data-kt=\"addNewYardOverflowToolbarButton\"]"}
COMMAND: POST /session/ba8f8306183d693af77ab2140b410afd/elements - {"using":"xpath","value":"//button[@data-kt=\"addNewYardOverflowToolbarButton\"]"}
RESULT: {"using":"xpath","value":"//button[@data-kt=\"addNewYardOverflowToolbarButton\"]"}
COMMAND: POST /session/ba8f8306183d693af77ab2140b410afd/elements - {"using":"xpath","value":"//button[@data-kt=\"addNewYardOverflowToolbarButton\"]"}
RESULT: {"using":"xpath","value":"//button[@data-kt=\"addNewYardOverflowToolbarButton\"]"}
COMMAND: POST /session/ba8f8306183d693af77ab2140b410afd/element - {"using":"xpath","value":"//button[@data-kt=\"addNewYardOverflowToolbarButton\"]"}
RESULT: {"using":"xpath","value":"//button[@data-kt=\"addNewYardOverflowToolbarButton\"]"}
COMMAND: POST /session/ba8f8306183d693af77ab2140b410afd/execute/sync - {"script":"<script> [8489 bytes]","args":[{"element-6066-11e4-a52e-4f735466cecf":"f.389042B4FF7C30867E20C40CA0954A5B.d.E30047F56B3E5B546E98F9FBF506C611.e.8579","ELEMENT":"f.389042B4FF7C30867E20C40CA0954A5B.d.E30047F56B3E5B546E98F9FBF506C611.e.8579"}]}
RESULT: {"script":"<script> [8489 bytes]","args":[{"element-6066-11e4-a52e-4f735466cecf":"f.389042B4FF7C30867E20C40CA0954A5B.d.E30047F56B3E5B546E98F9FBF506C611.e.8579","ELEMENT":"f.389042B4FF7C30867E20C40CA0954A5B.d.E30047F56B3E5B546E98F9FBF506C611.e.8579"}]}
COMMAND: GET /session/ba8f8306183d693af77ab2140b410afd/element/f.389042B4FF7C30867E20C40CA0954A5B.d.E30047F56B3E5B546E98F9FBF506C611.e.8579/enabled - {}
COMMAND: GET /session/ba8f8306183d693af77ab2140b410afd/screenshot - {}
RESULT: {}
COMMAND: POST /session/ba8f8306183d693af77ab2140b410afd/execute/sync - {"script":"<script> [8489 bytes]","args":[{"element-6066-11e4-a52e-4f735466cecf":"f.389042B4FF7C30867E20C40CA0954A5B.d.E30047F56B3E5B546E98F9FBF506C611.e.8579","ELEMENT":"f.389042B4FF7C30867E20C40CA0954A5B.d.E30047F56B3E5B546E98F9FBF506C611.e.8579"}]}
COMMAND: GET /session/ba8f8306183d693af77ab2140b410afd/screenshot - {}
RESULT: {}
RESULT: {"script":"<script> [8489 bytes]","args":[{"element-6066-11e4-a52e-4f735466cecf":"f.389042B4FF7C30867E20C40CA0954A5B.d.E30047F56B3E5B546E98F9FBF506C611.e.8579","ELEMENT":"f.389042B4FF7C30867E20C40CA0954A5B.d.E30047F56B3E5B546E98F9FBF506C611.e.8579"}]}
COMMAND: POST /session/ba8f8306183d693af77ab2140b410afd/execute/sync - {"script":"<script> [5351 bytes]","args":[{"element-6066-11e4-a52e-4f735466cecf":"f.389042B4FF7C30867E20C40CA0954A5B.d.E30047F56B3E5B546E98F9FBF506C611.e.8579","ELEMENT":"f.389042B4FF7C30867E20C40CA0954A5B.d.E30047F56B3E5B546E98F9FBF506C611.e.8579"}]}
COMMAND: GET /session/ba8f8306183d693af77ab2140b410afd/screenshot - {}
RESULT: {}
RESULT: {"script":"<script> [5351 bytes]","args":[{"element-6066-11e4-a52e-4f735466cecf":"f.389042B4FF7C30867E20C40CA0954A5B.d.E30047F56B3E5B546E98F9FBF506C611.e.8579","ELEMENT":"f.389042B4FF7C30867E20C40CA0954A5B.d.E30047F56B3E5B546E98F9FBF506C611.e.8579"}]}
COMMAND: POST /session/ba8f8306183d693af77ab2140b410afd/element/f.389042B4FF7C30867E20C40CA0954A5B.d.E30047F56B3E5B546E98F9FBF506C611.e.8579/click - {}
COMMAND: GET /session/ba8f8306183d693af77ab2140b410afd/screenshot - {}
RESULT: {}
RESULT: {}
COMMAND: GET /session/ba8f8306183d693af77ab2140b410afd/screenshot - {}
COMMAND: POST /session/ba8f8306183d693af77ab2140b410afd/element - {"using":"xpath","value":"//input[@id=\"application-manageyards-display-component---NewYard--yardId-inner\"]"}
RESULT: {}
RESULT: {}
RESULT: {"using":"xpath","value":"//input[@id=\"application-manageyards-display-component---NewYard--yardId-inner\"]"}
COMMAND: POST /session/ba8f8306183d693af77ab2140b410afd/element - {"using":"xpath","value":"//input[@id=\"application-manageyards-display-component---NewYard--yardId-inner\"]"}
RESULT: {"using":"xpath","value":"//input[@id=\"application-manageyards-display-component---NewYard--yardId-inner\"]"}
COMMAND: POST /session/ba8f8306183d693af77ab2140b410afd/execute/async - {"script":"<script> [1562 bytes]","args":[{"selector":{"id":"application-manageyards-display-component---NewYard--addressDetailDetailsName1","interaction":{"idSuffix":"inner"}},"wdio_ui5_key":"applicationmanageyards-display-component---NewYard--addressDetailDetailsName1"}]}
RESULT: {"script":"<script> [1562 bytes]","args":[{"selector":{"id":"application-manageyards-display-component---NewYard--addressDetailDetailsName1","interaction":{"idSuffix":"inner"}},"wdio_ui5_key":"applicationmanageyards-display-component---NewYard--addressDetailDetailsName1"}]}
RESULT: undefined
COMMAND: POST /session/ba8f8306183d693af77ab2140b410afd/execute/async - {"script":"<script> [776 bytes]","args":[{"enterText":"Intracompany Yard wdIO","selector":{"id":"application-manageyards-display-component---NewYard--addressDetailDetailsName1","interaction":{"idSuffix":"inner"}},"clearTextFirst":true,"interactionType":"ENTER_TEXT"}]}
RESULT: {"script":"<script> [776 bytes]","args":[{"enterText":"Intracompany Yard wdIO","selector":{"id":"application-manageyards-display-component---NewYard--addressDetailDetailsName1","interaction":{"idSuffix":"inner"}},"clearTextFirst":true,"interactionType":"ENTER_TEXT"}]}
COMMAND: POST /session/ba8f8306183d693af77ab2140b410afd/execute/async - {"script":"<script> [1562 bytes]","args":[{"selector":{"id":"application-manageyards-display-component---NewYard--addressDetailDetailsLanguage-arrow"},"wdio_ui5_key":"applicationmanageyards-display-component---NewYard--addressDetailDetailsLanguage-arrow"}]}
RESULT: {"script":"<script> [1562 bytes]","args":[{"selector":{"id":"application-manageyards-display-component---NewYard--addressDetailDetailsLanguage-arrow"},"wdio_ui5_key":"applicationmanageyards-display-component---NewYard--addressDetailDetailsLanguage-arrow"}]}
RESULT: undefined
COMMAND: POST /session/ba8f8306183d693af77ab2140b410afd/element - {"using":"xpath","value":"//*[@id=\"application-manageyards-display-component---NewYard--addressDetailDetailsLanguage-arrow\"]"}
RESULT: {"using":"xpath","value":"//*[@id=\"application-manageyards-display-component---NewYard--addressDetailDetailsLanguage-arrow\"]"}
COMMAND: POST /session/ba8f8306183d693af77ab2140b410afd/element/f.389042B4FF7C30867E20C40CA0954A5B.d.E30047F56B3E5B546E98F9FBF506C611.e.9010/click - {}
RESULT: {}
COMMAND: POST /session/ba8f8306183d693af77ab2140b410afd/element - {"using":"xpath","value":"//span[contains(text(), \"English\")]"}
COMMAND: GET /session/ba8f8306183d693af77ab2140b410afd/screenshot - {}
RESULT: {"using":"xpath","value":"//span[contains(text(), \"English\")]"}
COMMAND: POST /session/ba8f8306183d693af77ab2140b410afd/element/f.389042B4FF7C30867E20C40CA0954A5B.d.E30047F56B3E5B546E98F9FBF506C611.e.9011/click - {}
RESULT: {}
RESULT: {}
COMMAND: POST /session/ba8f8306183d693af77ab2140b410afd/execute/async - {"script":"<script> [1562 bytes]","args":[{"selector":{"id":"application-manageyards-display-component---NewYard--addressDetailDetailsCity1","interaction":{"idSuffix":"inner"}},"wdio_ui5_key":"applicationmanageyards-display-component---NewYard--addressDetailDetailsCity1"}]}
COMMAND: GET /session/ba8f8306183d693af77ab2140b410afd/screenshot - {}
RESULT: {"script":"<script> [1562 bytes]","args":[{"selector":{"id":"application-manageyards-display-component---NewYard--addressDetailDetailsCity1","interaction":{"idSuffix":"inner"}},"wdio_ui5_key":"applicationmanageyards-display-component---NewYard--addressDetailDetailsCity1"}]}
RESULT: undefined
COMMAND: POST /session/ba8f8306183d693af77ab2140b410afd/execute/async - {"script":"<script> [776 bytes]","args":[{"enterText":"Rosario","selector":{"id":"application-manageyards-display-component---NewYard--addressDetailDetailsCity1","interaction":{"idSuffix":"inner"}},"clearTextFirst":true,"interactionType":"ENTER_TEXT"}]}
RESULT: {}
RESULT: {"script":"<script> [776 bytes]","args":[{"enterText":"Rosario","selector":{"id":"application-manageyards-display-component---NewYard--addressDetailDetailsCity1","interaction":{"idSuffix":"inner"}},"clearTextFirst":true,"interactionType":"ENTER_TEXT"}]}
COMMAND: POST /session/ba8f8306183d693af77ab2140b410afd/execute/async - {"script":"<script> [1562 bytes]","args":[{"selector":{"id":"application-manageyards-display-component---NewYard--addressDetailDetailsCountry-arrow"},"wdio_ui5_key":"applicationmanageyards-display-component---NewYard--addressDetailDetailsCountry-arrow"}]}
RESULT: {"script":"<script> [1562 bytes]","args":[{"selector":{"id":"application-manageyards-display-component---NewYard--addressDetailDetailsCountry-arrow"},"wdio_ui5_key":"applicationmanageyards-display-component---NewYard--addressDetailDetailsCountry-arrow"}]}
RESULT: undefined
COMMAND: POST /session/ba8f8306183d693af77ab2140b410afd/element - {"using":"xpath","value":"//*[@id=\"application-manageyards-display-component---NewYard--addressDetailDetailsCountry-arrow\"]"}
RESULT: {"using":"xpath","value":"//*[@id=\"application-manageyards-display-component---NewYard--addressDetailDetailsCountry-arrow\"]"}
COMMAND: POST /session/ba8f8306183d693af77ab2140b410afd/element/f.389042B4FF7C30867E20C40CA0954A5B.d.E30047F56B3E5B546E98F9FBF506C611.e.9013/click - {}
RESULT: {}
COMMAND: POST /session/ba8f8306183d693af77ab2140b410afd/element - {"using":"xpath","value":"//span[contains(text(), \"Argentina\")]"}
COMMAND: GET /session/ba8f8306183d693af77ab2140b410afd/screenshot - {}
RESULT: {"using":"xpath","value":"//span[contains(text(), \"Argentina\")]"}
COMMAND: POST /session/ba8f8306183d693af77ab2140b410afd/element/f.389042B4FF7C30867E20C40CA0954A5B.d.E30047F56B3E5B546E98F9FBF506C611.e.9014/click - {}
RESULT: {}
RESULT: {}
COMMAND: POST /session/ba8f8306183d693af77ab2140b410afd/execute/async - {"script":"<script> [1562 bytes]","args":[{"selector":{"id":"application-manageyards-display-component---NewYard--addressEditDetailsCostObjectCstType-arrow"},"wdio_ui5_key":"applicationmanageyards-display-component---NewYard--addressEditDetailsCostObjectCstType-arrow"}]}
COMMAND: GET /session/ba8f8306183d693af77ab2140b410afd/screenshot - {}
RESULT: {"script":"<script> [1562 bytes]","args":[{"selector":{"id":"application-manageyards-display-component---NewYard--addressEditDetailsCostObjectCstType-arrow"},"wdio_ui5_key":"applicationmanageyards-display-component---NewYard--addressEditDetailsCostObjectCstType-arrow"}]}
RESULT: undefined
COMMAND: POST /session/ba8f8306183d693af77ab2140b410afd/element - {"using":"xpath","value":"//*[@id=\"application-manageyards-display-component---NewYard--addressEditDetailsCostObjectCstType-arrow\"]"}
RESULT: {}
RESULT: {"using":"xpath","value":"//*[@id=\"application-manageyards-display-component---NewYard--addressEditDetailsCostObjectCstType-arrow\"]"}
COMMAND: POST /session/ba8f8306183d693af77ab2140b410afd/element/f.389042B4FF7C30867E20C40CA0954A5B.d.E30047F56B3E5B546E98F9FBF506C611.e.9016/click - {}
RESULT: {}
COMMAND: POST /session/ba8f8306183d693af77ab2140b410afd/element - {"using":"xpath","value":"//span[contains(text(), \"Cost Center\")]"}
COMMAND: GET /session/ba8f8306183d693af77ab2140b410afd/screenshot - {}
RESULT: {"using":"xpath","value":"//span[contains(text(), \"Cost Center\")]"}
COMMAND: POST /session/ba8f8306183d693af77ab2140b410afd/element/f.389042B4FF7C30867E20C40CA0954A5B.d.E30047F56B3E5B546E98F9FBF506C611.e.9017/click - {}
RESULT: {}
RESULT: {}
COMMAND: GET /session/ba8f8306183d693af77ab2140b410afd/screenshot - {}
RESULT: {}
COMMAND: POST /session/ba8f8306183d693af77ab2140b410afd/element - {"using":"xpath","value":"//span[@id=\"application-manageyards-display-component---NewYard--addressNewCostObjectCstID-vhi\"]"}
RESULT: {"using":"xpath","value":"//span[@id=\"application-manageyards-display-component---NewYard--addressNewCostObjectCstID-vhi\"]"}
COMMAND: POST /session/ba8f8306183d693af77ab2140b410afd/execute/sync - {"script":"<script> [8489 bytes]","args":[{"element-6066-11e4-a52e-4f735466cecf":"f.389042B4FF7C30867E20C40CA0954A5B.d.E30047F56B3E5B546E98F9FBF506C611.e.9021","ELEMENT":"f.389042B4FF7C30867E20C40CA0954A5B.d.E30047F56B3E5B546E98F9FBF506C611.e.9021"}]}
RESULT: {"script":"<script> [8489 bytes]","args":[{"element-6066-11e4-a52e-4f735466cecf":"f.389042B4FF7C30867E20C40CA0954A5B.d.E30047F56B3E5B546E98F9FBF506C611.e.9021","ELEMENT":"f.389042B4FF7C30867E20C40CA0954A5B.d.E30047F56B3E5B546E98F9FBF506C611.e.9021"}]}
COMMAND: POST /session/ba8f8306183d693af77ab2140b410afd/execute/async - {"script":"<script> [1562 bytes]","args":[{"selector":{"id":"application-manageyards-display-component---NewYard--addressNewCostObjectCstID-vhi"},"wdio_ui5_key":"applicationmanageyards-display-component---NewYard--addressNewCostObjectCstID-vhi"}]}
COMMAND: GET /session/ba8f8306183d693af77ab2140b410afd/screenshot - {}
RESULT: {"script":"<script> [1562 bytes]","args":[{"selector":{"id":"application-manageyards-display-component---NewYard--addressNewCostObjectCstID-vhi"},"wdio_ui5_key":"applicationmanageyards-display-component---NewYard--addressNewCostObjectCstID-vhi"}]}
RESULT: undefined
COMMAND: POST /session/ba8f8306183d693af77ab2140b410afd/element - {"using":"xpath","value":"//*[@id=\"application-manageyards-display-component---NewYard--addressNewCostObjectCstID-vhi\"]"}
RESULT: {}
RESULT: {"using":"xpath","value":"//*[@id=\"application-manageyards-display-component---NewYard--addressNewCostObjectCstID-vhi\"]"}
COMMAND: POST /session/ba8f8306183d693af77ab2140b410afd/element/f.389042B4FF7C30867E20C40CA0954A5B.d.E30047F56B3E5B546E98F9FBF506C611.e.9021/click - {}
RESULT: {}
COMMAND: GET /session/ba8f8306183d693af77ab2140b410afd/screenshot - {}
RESULT: {}
COMMAND: POST /session/ba8f8306183d693af77ab2140b410afd/execute/async - {"script":"<script> [1562 bytes]","args":[{"selector":{"controlType":"sap.m.SearchField","properties":{"placeholder":"Search"},"searchOpenDialogs":true,"interaction":{"idSuffix":"I"}},"wdio_ui5_key":"sapm.SearchField{\"placeholder\":\"Search\"}"}]}
RESULT: {"script":"<script> [1562 bytes]","args":[{"selector":{"controlType":"sap.m.SearchField","properties":{"placeholder":"Search"},"searchOpenDialogs":true,"interaction":{"idSuffix":"I"}},"wdio_ui5_key":"sapm.SearchField{\"placeholder\":\"Search\"}"}]}
RESULT: undefined
COMMAND: POST /session/ba8f8306183d693af77ab2140b410afd/execute/async - {"script":"<script> [776 bytes]","args":[{"enterText":"bauh_b","selector":{"controlType":"sap.m.SearchField","properties":{"placeholder":"Search"},"searchOpenDialogs":true,"interaction":{"idSuffix":"I"}},"clearTextFirst":true,"interactionType":"ENTER_TEXT"}]}
RESULT: {"script":"<script> [776 bytes]","args":[{"enterText":"bauh_b","selector":{"controlType":"sap.m.SearchField","properties":{"placeholder":"Search"},"searchOpenDialogs":true,"interaction":{"idSuffix":"I"}},"clearTextFirst":true,"interactionType":"ENTER_TEXT"}]}
COMMAND: POST /session/ba8f8306183d693af77ab2140b410afd/actions - {"actions":[{"id":"action23","type":"key","parameters":{},"actions":[{"type":"keyDown","value":""},{"type":"pause","duration":10},{"type":"keyUp","value":""}]}]}
RESULT: {"actions":[{"id":"action23","type":"key","parameters":{},"actions":[{"type":"keyDown","value":""},{"type":"pause","duration":10},{"type":"keyUp","value":""}]}]}
COMMAND: GET /session/ba8f8306183d693af77ab2140b410afd/screenshot - {}
RESULT: {}
COMMAND: POST /session/ba8f8306183d693af77ab2140b410afd/element - {"using":"xpath","value":"//span[contains(text(), \"Demo Yard\")]"}
RESULT: {"using":"xpath","value":"//span[contains(text(), \"Demo Yard\")]"}
COMMAND: POST /session/ba8f8306183d693af77ab2140b410afd/element/f.389042B4FF7C30867E20C40CA0954A5B.d.E30047F56B3E5B546E98F9FBF506C611.e.9062/click - {}
RESULT: {}
COMMAND: GET /session/ba8f8306183d693af77ab2140b410afd/screenshot - {}
RESULT: {}
COMMAND: POST /session/ba8f8306183d693af77ab2140b410afd/element - {"using":"xpath","value":"//bdi[contains(text(), \"OK\")]"}
RESULT: {"using":"xpath","value":"//bdi[contains(text(), \"OK\")]"}
COMMAND: POST /session/ba8f8306183d693af77ab2140b410afd/element/f.389042B4FF7C30867E20C40CA0954A5B.d.E30047F56B3E5B546E98F9FBF506C611.e.9063/click - {}
RESULT: {}
COMMAND: GET /session/ba8f8306183d693af77ab2140b410afd/screenshot - {}
RESULT: {}
COMMAND: POST /session/ba8f8306183d693af77ab2140b410afd/execute/async - {"script":"<script> [1562 bytes]","args":[{"selector":{"id":"application-manageyards-display-component---NewYard--addressEditDetailsCurrency-arrow"},"wdio_ui5_key":"applicationmanageyards-display-component---NewYard--addressEditDetailsCurrency-arrow"}]}
RESULT: {"script":"<script> [1562 bytes]","args":[{"selector":{"id":"application-manageyards-display-component---NewYard--addressEditDetailsCurrency-arrow"},"wdio_ui5_key":"applicationmanageyards-display-component---NewYard--addressEditDetailsCurrency-arrow"}]}
RESULT: undefined
COMMAND: POST /session/ba8f8306183d693af77ab2140b410afd/element - {"using":"xpath","value":"//*[@id=\"application-manageyards-display-component---NewYard--addressEditDetailsCurrency-arrow\"]"}
RESULT: {"using":"xpath","value":"//*[@id=\"application-manageyards-display-component---NewYard--addressEditDetailsCurrency-arrow\"]"}
COMMAND: POST /session/ba8f8306183d693af77ab2140b410afd/element/f.389042B4FF7C30867E20C40CA0954A5B.d.E30047F56B3E5B546E98F9FBF506C611.e.9066/click - {}
RESULT: {}
COMMAND: POST /session/ba8f8306183d693af77ab2140b410afd/element - {"using":"xpath","value":"//span[contains(text(), \"Euro\")]"}
COMMAND: GET /session/ba8f8306183d693af77ab2140b410afd/screenshot - {}
RESULT: {"using":"xpath","value":"//span[contains(text(), \"Euro\")]"}
COMMAND: POST /session/ba8f8306183d693af77ab2140b410afd/element/f.389042B4FF7C30867E20C40CA0954A5B.d.E30047F56B3E5B546E98F9FBF506C611.e.9067/click - {}
RESULT: {}
RESULT: {}
COMMAND: POST /session/ba8f8306183d693af77ab2140b410afd/execute/async - {"script":"<script> [1562 bytes]","args":[{"selector":{"controlType":"sap.m.Input","viewName":"etm.portal.ui.manageyards.view.New","viewId":"application-manageyards-display-component---NewYard","bindingPath":{"path":"","propertyPath":"/CONTROLLING_AREA","modelName":"NewYardModel"},"interaction":{"idSuffix":"inner"}},"wdio_ui5_key":"etmportal.ui.manageyards.view.Newsap.m.Input{\"path\":\"\",\"propertyPath\":\"/CONTROLLING_AREA\",\"modelName\":\"NewYardModel\"}"}]}
COMMAND: GET /session/ba8f8306183d693af77ab2140b410afd/screenshot - {}
RESULT: {"script":"<script> [1562 bytes]","args":[{"selector":{"controlType":"sap.m.Input","viewName":"etm.portal.ui.manageyards.view.New","viewId":"application-manageyards-display-component---NewYard","bindingPath":{"path":"","propertyPath":"/CONTROLLING_AREA","modelName":"NewYardModel"},"interaction":{"idSuffix":"inner"}},"wdio_ui5_key":"etmportal.ui.manageyards.view.Newsap.m.Input{\"path\":\"\",\"propertyPath\":\"/CONTROLLING_AREA\",\"modelName\":\"NewYardModel\"}"}]}
RESULT: undefined
COMMAND: POST /session/ba8f8306183d693af77ab2140b410afd/execute/async - {"script":"<script> [776 bytes]","args":[{"enterText":"Z001","selector":{"controlType":"sap.m.Input","viewName":"etm.portal.ui.manageyards.view.New","viewId":"application-manageyards-display-component---NewYard","bindingPath":{"path":"","propertyPath":"/CONTROLLING_AREA","modelName":"NewYardModel"},"interaction":{"idSuffix":"inner"}},"clearTextFirst":true,"interactionType":"ENTER_TEXT"}]}
RESULT: {}
RESULT: {"script":"<script> [776 bytes]","args":[{"enterText":"Z001","selector":{"controlType":"sap.m.Input","viewName":"etm.portal.ui.manageyards.view.New","viewId":"application-manageyards-display-component---NewYard","bindingPath":{"path":"","propertyPath":"/CONTROLLING_AREA","modelName":"NewYardModel"},"interaction":{"idSuffix":"inner"}},"clearTextFirst":true,"interactionType":"ENTER_TEXT"}]}
COMMAND: POST /session/ba8f8306183d693af77ab2140b410afd/execute/async - {"script":"<script> [1562 bytes]","args":[{"selector":{"id":"application-manageyards-display-component---NewYard--companyCodeComboBox","interaction":{"idSuffix":"inner"}},"wdio_ui5_key":"applicationmanageyards-display-component---NewYard--companyCodeComboBox"}]}
RESULT: {"script":"<script> [1562 bytes]","args":[{"selector":{"id":"application-manageyards-display-component---NewYard--companyCodeComboBox","interaction":{"idSuffix":"inner"}},"wdio_ui5_key":"applicationmanageyards-display-component---NewYard--companyCodeComboBox"}]}
RESULT: undefined
COMMAND: POST /session/ba8f8306183d693af77ab2140b410afd/execute/async - {"script":"<script> [776 bytes]","args":[{"enterText":"1000","selector":{"id":"application-manageyards-display-component---NewYard--companyCodeComboBox","interaction":{"idSuffix":"inner"}},"clearTextFirst":true,"interactionType":"ENTER_TEXT"}]}
RESULT: {"script":"<script> [776 bytes]","args":[{"enterText":"1000","selector":{"id":"application-manageyards-display-component---NewYard--companyCodeComboBox","interaction":{"idSuffix":"inner"}},"clearTextFirst":true,"interactionType":"ENTER_TEXT"}]}
COMMAND: POST /session/ba8f8306183d693af77ab2140b410afd/execute/async - {"script":"<script> [1562 bytes]","args":[{"selector":{"controlType":"sap.m.Input","viewName":"etm.portal.ui.manageyards.view.New","viewId":"application-manageyards-display-component---NewYard","bindingPath":{"path":"","propertyPath":"/PLANT","modelName":"NewYardModel"},"interaction":{"idSuffix":"inner"}},"wdio_ui5_key":"etmportal.ui.manageyards.view.Newsap.m.Input{\"path\":\"\",\"propertyPath\":\"/PLANT\",\"modelName\":\"NewYardModel\"}"}]}
RESULT: {"script":"<script> [1562 bytes]","args":[{"selector":{"controlType":"sap.m.Input","viewName":"etm.portal.ui.manageyards.view.New","viewId":"application-manageyards-display-component---NewYard","bindingPath":{"path":"","propertyPath":"/PLANT","modelName":"NewYardModel"},"interaction":{"idSuffix":"inner"}},"wdio_ui5_key":"etmportal.ui.manageyards.view.Newsap.m.Input{\"path\":\"\",\"propertyPath\":\"/PLANT\",\"modelName\":\"NewYardModel\"}"}]}
RESULT: undefined
COMMAND: POST /session/ba8f8306183d693af77ab2140b410afd/execute/async - {"script":"<script> [776 bytes]","args":[{"enterText":"1001","selector":{"controlType":"sap.m.Input","viewName":"etm.portal.ui.manageyards.view.New","viewId":"application-manageyards-display-component---NewYard","bindingPath":{"path":"","propertyPath":"/PLANT","modelName":"NewYardModel"},"interaction":{"idSuffix":"inner"}},"clearTextFirst":true,"interactionType":"ENTER_TEXT"}]}
RESULT: {"script":"<script> [776 bytes]","args":[{"enterText":"1001","selector":{"controlType":"sap.m.Input","viewName":"etm.portal.ui.manageyards.view.New","viewId":"application-manageyards-display-component---NewYard","bindingPath":{"path":"","propertyPath":"/PLANT","modelName":"NewYardModel"},"interaction":{"idSuffix":"inner"}},"clearTextFirst":true,"interactionType":"ENTER_TEXT"}]}
COMMAND: POST /session/ba8f8306183d693af77ab2140b410afd/execute/async - {"script":"<script> [1562 bytes]","args":[{"selector":{"controlType":"sap.m.Input","viewName":"etm.portal.ui.manageyards.view.New","viewId":"application-manageyards-display-component---NewYard","bindingPath":{"path":"","propertyPath":"/SALES_AREA_VKORG","modelName":"NewYardModel"},"interaction":{"idSuffix":"inner"}},"wdio_ui5_key":"etmportal.ui.manageyards.view.Newsap.m.Input{\"path\":\"\",\"propertyPath\":\"/SALES_AREA_VKORG\",\"modelName\":\"NewYardModel\"}"}]}
RESULT: {"script":"<script> [1562 bytes]","args":[{"selector":{"controlType":"sap.m.Input","viewName":"etm.portal.ui.manageyards.view.New","viewId":"application-manageyards-display-component---NewYard","bindingPath":{"path":"","propertyPath":"/SALES_AREA_VKORG","modelName":"NewYardModel"},"interaction":{"idSuffix":"inner"}},"wdio_ui5_key":"etmportal.ui.manageyards.view.Newsap.m.Input{\"path\":\"\",\"propertyPath\":\"/SALES_AREA_VKORG\",\"modelName\":\"NewYardModel\"}"}]}
RESULT: undefined
COMMAND: POST /session/ba8f8306183d693af77ab2140b410afd/execute/async - {"script":"<script> [776 bytes]","args":[{"enterText":"C002","selector":{"controlType":"sap.m.Input","viewName":"etm.portal.ui.manageyards.view.New","viewId":"application-manageyards-display-component---NewYard","bindingPath":{"path":"","propertyPath":"/SALES_AREA_VKORG","modelName":"NewYardModel"},"interaction":{"idSuffix":"inner"}},"clearTextFirst":true,"interactionType":"ENTER_TEXT"}]}
RESULT: {"script":"<script> [776 bytes]","args":[{"enterText":"C002","selector":{"controlType":"sap.m.Input","viewName":"etm.portal.ui.manageyards.view.New","viewId":"application-manageyards-display-component---NewYard","bindingPath":{"path":"","propertyPath":"/SALES_AREA_VKORG","modelName":"NewYardModel"},"interaction":{"idSuffix":"inner"}},"clearTextFirst":true,"interactionType":"ENTER_TEXT"}]}
COMMAND: POST /session/ba8f8306183d693af77ab2140b410afd/execute/async - {"script":"<script> [1562 bytes]","args":[{"selector":{"controlType":"sap.m.Input","viewName":"etm.portal.ui.manageyards.view.New","viewId":"application-manageyards-display-component---NewYard","bindingPath":{"path":"","propertyPath":"/SALES_AREA_VTWEG","modelName":"NewYardModel"},"interaction":{"idSuffix":"inner"}},"wdio_ui5_key":"etmportal.ui.manageyards.view.Newsap.m.Input{\"path\":\"\",\"propertyPath\":\"/SALES_AREA_VTWEG\",\"modelName\":\"NewYardModel\"}"}]}
RESULT: {"script":"<script> [1562 bytes]","args":[{"selector":{"controlType":"sap.m.Input","viewName":"etm.portal.ui.manageyards.view.New","viewId":"application-manageyards-display-component---NewYard","bindingPath":{"path":"","propertyPath":"/SALES_AREA_VTWEG","modelName":"NewYardModel"},"interaction":{"idSuffix":"inner"}},"wdio_ui5_key":"etmportal.ui.manageyards.view.Newsap.m.Input{\"path\":\"\",\"propertyPath\":\"/SALES_AREA_VTWEG\",\"modelName\":\"NewYardModel\"}"}]}
RESULT: undefined
COMMAND: POST /session/ba8f8306183d693af77ab2140b410afd/execute/async - {"script":"<script> [776 bytes]","args":[{"enterText":"C2","selector":{"controlType":"sap.m.Input","viewName":"etm.portal.ui.manageyards.view.New","viewId":"application-manageyards-display-component---NewYard","bindingPath":{"path":"","propertyPath":"/SALES_AREA_VTWEG","modelName":"NewYardModel"},"interaction":{"idSuffix":"inner"}},"clearTextFirst":true,"interactionType":"ENTER_TEXT"}]}
RESULT: {"script":"<script> [776 bytes]","args":[{"enterText":"C2","selector":{"controlType":"sap.m.Input","viewName":"etm.portal.ui.manageyards.view.New","viewId":"application-manageyards-display-component---NewYard","bindingPath":{"path":"","propertyPath":"/SALES_AREA_VTWEG","modelName":"NewYardModel"},"interaction":{"idSuffix":"inner"}},"clearTextFirst":true,"interactionType":"ENTER_TEXT"}]}
COMMAND: POST /session/ba8f8306183d693af77ab2140b410afd/execute/async - {"script":"<script> [1562 bytes]","args":[{"selector":{"controlType":"sap.m.Input","viewName":"etm.portal.ui.manageyards.view.New","viewId":"application-manageyards-display-component---NewYard","bindingPath":{"path":"","propertyPath":"/SALES_AREA_SPART","modelName":"NewYardModel"},"interaction":{"idSuffix":"inner"}},"wdio_ui5_key":"etmportal.ui.manageyards.view.Newsap.m.Input{\"path\":\"\",\"propertyPath\":\"/SALES_AREA_SPART\",\"modelName\":\"NewYardModel\"}"}]}
RESULT: {"script":"<script> [1562 bytes]","args":[{"selector":{"controlType":"sap.m.Input","viewName":"etm.portal.ui.manageyards.view.New","viewId":"application-manageyards-display-component---NewYard","bindingPath":{"path":"","propertyPath":"/SALES_AREA_SPART","modelName":"NewYardModel"},"interaction":{"idSuffix":"inner"}},"wdio_ui5_key":"etmportal.ui.manageyards.view.Newsap.m.Input{\"path\":\"\",\"propertyPath\":\"/SALES_AREA_SPART\",\"modelName\":\"NewYardModel\"}"}]}
RESULT: undefined
COMMAND: POST /session/ba8f8306183d693af77ab2140b410afd/execute/async - {"script":"<script> [776 bytes]","args":[{"enterText":"C2","selector":{"controlType":"sap.m.Input","viewName":"etm.portal.ui.manageyards.view.New","viewId":"application-manageyards-display-component---NewYard","bindingPath":{"path":"","propertyPath":"/SALES_AREA_SPART","modelName":"NewYardModel"},"interaction":{"idSuffix":"inner"}},"clearTextFirst":true,"interactionType":"ENTER_TEXT"}]}
RESULT: {"script":"<script> [776 bytes]","args":[{"enterText":"C2","selector":{"controlType":"sap.m.Input","viewName":"etm.portal.ui.manageyards.view.New","viewId":"application-manageyards-display-component---NewYard","bindingPath":{"path":"","propertyPath":"/SALES_AREA_SPART","modelName":"NewYardModel"},"interaction":{"idSuffix":"inner"}},"clearTextFirst":true,"interactionType":"ENTER_TEXT"}]}
COMMAND: POST /session/ba8f8306183d693af77ab2140b410afd/execute/async - {"script":"<script> [1562 bytes]","args":[{"selector":{"controlType":"sap.m.Input","viewName":"etm.portal.ui.manageyards.view.New","viewId":"application-manageyards-display-component---NewYard","bindingPath":{"path":"","propertyPath":"/SHIP_POINT","modelName":"NewYardModel"},"interaction":{"idSuffix":"inner"}},"wdio_ui5_key":"etmportal.ui.manageyards.view.Newsap.m.Input{\"path\":\"\",\"propertyPath\":\"/SHIP_POINT\",\"modelName\":\"NewYardModel\"}"}]}
RESULT: {"script":"<script> [1562 bytes]","args":[{"selector":{"controlType":"sap.m.Input","viewName":"etm.portal.ui.manageyards.view.New","viewId":"application-manageyards-display-component---NewYard","bindingPath":{"path":"","propertyPath":"/SHIP_POINT","modelName":"NewYardModel"},"interaction":{"idSuffix":"inner"}},"wdio_ui5_key":"etmportal.ui.manageyards.view.Newsap.m.Input{\"path\":\"\",\"propertyPath\":\"/SHIP_POINT\",\"modelName\":\"NewYardModel\"}"}]}
RESULT: undefined
COMMAND: POST /session/ba8f8306183d693af77ab2140b410afd/execute/async - {"script":"<script> [776 bytes]","args":[{"enterText":"1710","selector":{"controlType":"sap.m.Input","viewName":"etm.portal.ui.manageyards.view.New","viewId":"application-manageyards-display-component---NewYard","bindingPath":{"path":"","propertyPath":"/SHIP_POINT","modelName":"NewYardModel"},"interaction":{"idSuffix":"inner"}},"clearTextFirst":true,"interactionType":"ENTER_TEXT"}]}
RESULT: {"script":"<script> [776 bytes]","args":[{"enterText":"1710","selector":{"controlType":"sap.m.Input","viewName":"etm.portal.ui.manageyards.view.New","viewId":"application-manageyards-display-component---NewYard","bindingPath":{"path":"","propertyPath":"/SHIP_POINT","modelName":"NewYardModel"},"interaction":{"idSuffix":"inner"}},"clearTextFirst":true,"interactionType":"ENTER_TEXT"}]}
COMMAND: POST /session/ba8f8306183d693af77ab2140b410afd/execute/async - {"script":"<script> [1562 bytes]","args":[{"selector":{"controlType":"sap.m.Input","viewName":"etm.portal.ui.manageyards.view.New","viewId":"application-manageyards-display-component---NewYard","bindingPath":{"path":"","propertyPath":"/DELIVERY_TYPE","modelName":"NewYardModel"},"interaction":{"idSuffix":"inner"}},"wdio_ui5_key":"etmportal.ui.manageyards.view.Newsap.m.Input{\"path\":\"\",\"propertyPath\":\"/DELIVERY_TYPE\",\"modelName\":\"NewYardModel\"}"}]}
RESULT: {"script":"<script> [1562 bytes]","args":[{"selector":{"controlType":"sap.m.Input","viewName":"etm.portal.ui.manageyards.view.New","viewId":"application-manageyards-display-component---NewYard","bindingPath":{"path":"","propertyPath":"/DELIVERY_TYPE","modelName":"NewYardModel"},"interaction":{"idSuffix":"inner"}},"wdio_ui5_key":"etmportal.ui.manageyards.view.Newsap.m.Input{\"path\":\"\",\"propertyPath\":\"/DELIVERY_TYPE\",\"modelName\":\"NewYardModel\"}"}]}
RESULT: undefined
COMMAND: POST /session/ba8f8306183d693af77ab2140b410afd/execute/async - {"script":"<script> [776 bytes]","args":[{"enterText":"ZL01","selector":{"controlType":"sap.m.Input","viewName":"etm.portal.ui.manageyards.view.New","viewId":"application-manageyards-display-component---NewYard","bindingPath":{"path":"","propertyPath":"/DELIVERY_TYPE","modelName":"NewYardModel"},"interaction":{"idSuffix":"inner"}},"clearTextFirst":true,"interactionType":"ENTER_TEXT"}]}
RESULT: {"script":"<script> [776 bytes]","args":[{"enterText":"ZL01","selector":{"controlType":"sap.m.Input","viewName":"etm.portal.ui.manageyards.view.New","viewId":"application-manageyards-display-component---NewYard","bindingPath":{"path":"","propertyPath":"/DELIVERY_TYPE","modelName":"NewYardModel"},"interaction":{"idSuffix":"inner"}},"clearTextFirst":true,"interactionType":"ENTER_TEXT"}]}
COMMAND: POST /session/ba8f8306183d693af77ab2140b410afd/execute/async - {"script":"<script> [1562 bytes]","args":[{"selector":{"controlType":"sap.m.Input","viewName":"etm.portal.ui.manageyards.view.New","viewId":"application-manageyards-display-component---NewYard","bindingPath":{"path":"","propertyPath":"/AUART","modelName":"NewYardModel"},"interaction":{"idSuffix":"inner"}},"wdio_ui5_key":"etmportal.ui.manageyards.view.Newsap.m.Input{\"path\":\"\",\"propertyPath\":\"/AUART\",\"modelName\":\"NewYardModel\"}"}]}
RESULT: {"script":"<script> [1562 bytes]","args":[{"selector":{"controlType":"sap.m.Input","viewName":"etm.portal.ui.manageyards.view.New","viewId":"application-manageyards-display-component---NewYard","bindingPath":{"path":"","propertyPath":"/AUART","modelName":"NewYardModel"},"interaction":{"idSuffix":"inner"}},"wdio_ui5_key":"etmportal.ui.manageyards.view.Newsap.m.Input{\"path\":\"\",\"propertyPath\":\"/AUART\",\"modelName\":\"NewYardModel\"}"}]}
RESULT: undefined
COMMAND: POST /session/ba8f8306183d693af77ab2140b410afd/execute/async - {"script":"<script> [776 bytes]","args":[{"enterText":"TA","selector":{"controlType":"sap.m.Input","viewName":"etm.portal.ui.manageyards.view.New","viewId":"application-manageyards-display-component---NewYard","bindingPath":{"path":"","propertyPath":"/AUART","modelName":"NewYardModel"},"interaction":{"idSuffix":"inner"}},"clearTextFirst":true,"interactionType":"ENTER_TEXT"}]}
RESULT: {"script":"<script> [776 bytes]","args":[{"enterText":"TA","selector":{"controlType":"sap.m.Input","viewName":"etm.portal.ui.manageyards.view.New","viewId":"application-manageyards-display-component---NewYard","bindingPath":{"path":"","propertyPath":"/AUART","modelName":"NewYardModel"},"interaction":{"idSuffix":"inner"}},"clearTextFirst":true,"interactionType":"ENTER_TEXT"}]}
COMMAND: POST /session/ba8f8306183d693af77ab2140b410afd/element - {"using":"xpath","value":"//button[@data-kt=\"newYardSaveButton\"]"}
RESULT: {"using":"xpath","value":"//button[@data-kt=\"newYardSaveButton\"]"}
COMMAND: POST /session/ba8f8306183d693af77ab2140b410afd/element/f.389042B4FF7C30867E20C40CA0954A5B.d.E30047F56B3E5B546E98F9FBF506C611.e.8993/click - {}
RESULT: {}
COMMAND: GET /session/ba8f8306183d693af77ab2140b410afd/screenshot - {}
RESULT: {}
COMMAND: POST /session/ba8f8306183d693af77ab2140b410afd/element - {"using":"xpath","value":"//header[contains(@id, 'ObjectPageLayout-headerTitle')]/div[1]/div[2]/div[1]/span[1]"}
RESULT: {"using":"xpath","value":"//header[contains(@id, 'ObjectPageLayout-headerTitle')]/div[1]/div[2]/div[1]/span[1]"}
COMMAND: POST /session/ba8f8306183d693af77ab2140b410afd/elements - {"using":"xpath","value":"//header[contains(@id, 'ObjectPageLayout-headerTitle')]/div[1]/div[2]/div[1]/span[1]"}
RESULT: {"using":"xpath","value":"//header[contains(@id, 'ObjectPageLayout-headerTitle')]/div[1]/div[2]/div[1]/span[1]"}
COMMAND: POST /session/ba8f8306183d693af77ab2140b410afd/execute/sync - {"script":"<script> [56 bytes]","args":[{"element-6066-11e4-a52e-4f735466cecf":"f.389042B4FF7C30867E20C40CA0954A5B.d.E30047F56B3E5B546E98F9FBF506C611.e.9292","ELEMENT":"f.389042B4FF7C30867E20C40CA0954A5B.d.E30047F56B3E5B546E98F9FBF506C611.e.9292"}]}
RESULT: {"script":"<script> [56 bytes]","args":[{"element-6066-11e4-a52e-4f735466cecf":"f.389042B4FF7C30867E20C40CA0954A5B.d.E30047F56B3E5B546E98F9FBF506C611.e.9292","ELEMENT":"f.389042B4FF7C30867E20C40CA0954A5B.d.E30047F56B3E5B546E98F9FBF506C611.e.9292"}]}
COMMAND: GET /session/ba8f8306183d693af77ab2140b410afd/screenshot - {}
RESULT: {}
COMMAND: POST /session/ba8f8306183d693af77ab2140b410afd/element - {"using":"css selector","value":"#shell-header-logo"}
RESULT: {"using":"css selector","value":"#shell-header-logo"}
COMMAND: POST /session/ba8f8306183d693af77ab2140b410afd/element/f.389042B4FF7C30867E20C40CA0954A5B.d.E30047F56B3E5B546E98F9FBF506C611.e.8552/click - {}
RESULT: {}
COMMAND: GET /session/ba8f8306183d693af77ab2140b410afd/screenshot - {}
RESULT: {}
COMMAND: POST /session/ba8f8306183d693af77ab2140b410afd/execute/sync - {"script":"<script> [299 bytes]","args":[["getModel","getResource"]]}
RESULT: {"script":"<script> [299 bytes]","args":[["getModel","getResource"]]}
]]></system-out>
    </testcase>
    <testcase classname="chrome.137_0_7151_69.windows.Billing_Transfer_-_Intracompany_US127249" name="Should create a new partner" time="146.049">
      <system-out><![CDATA[
COMMAND: POST /session/ba8f8306183d693af77ab2140b410afd/window/fullscreen - {}
COMMAND: GET /session/ba8f8306183d693af77ab2140b410afd/screenshot - {}
RESULT: {}
COMMAND: POST /session/ba8f8306183d693af77ab2140b410afd/execute/async - {"script":"<script> [1562 bytes]","args":[{"selector":{"controlType":"sap.m.GenericTile","properties":{"header":"Manage Partners"}},"wdio_ui5_key":"sapm.GenericTile{\"header\":\"Manage Partners\"}"}]}
RESULT: {}
RESULT: {"script":"<script> [1562 bytes]","args":[{"selector":{"controlType":"sap.m.GenericTile","properties":{"header":"Manage Partners"}},"wdio_ui5_key":"sapm.GenericTile{\"header\":\"Manage Partners\"}"}]}
RESULT: undefined
COMMAND: POST /session/ba8f8306183d693af77ab2140b410afd/element - {"using":"xpath","value":"//*[@id=\"__tile39\"]"}
RESULT: {"using":"xpath","value":"//*[@id=\"__tile39\"]"}
COMMAND: POST /session/ba8f8306183d693af77ab2140b410afd/element/f.389042B4FF7C30867E20C40CA0954A5B.d.E30047F56B3E5B546E98F9FBF506C611.e.8456/click - {}
RESULT: {}
COMMAND: GET /session/ba8f8306183d693af77ab2140b410afd/screenshot - {}
RESULT: {}
COMMAND: POST /session/ba8f8306183d693af77ab2140b410afd/elements - {"using":"xpath","value":"//span[text()='Error']"}
RESULT: {"using":"xpath","value":"//span[text()='Error']"}
COMMAND: POST /session/ba8f8306183d693af77ab2140b410afd/element - {"using":"xpath","value":"//button[@data-kt=\"addButton\"]"}
RESULT: {"using":"xpath","value":"//button[@data-kt=\"addButton\"]"}
COMMAND: POST /session/ba8f8306183d693af77ab2140b410afd/elements - {"using":"xpath","value":"//button[@data-kt=\"addButton\"]"}
RESULT: {"using":"xpath","value":"//button[@data-kt=\"addButton\"]"}
COMMAND: POST /session/ba8f8306183d693af77ab2140b410afd/execute/sync - {"script":"<script> [8489 bytes]","args":[{"element-6066-11e4-a52e-4f735466cecf":"f.389042B4FF7C30867E20C40CA0954A5B.d.E30047F56B3E5B546E98F9FBF506C611.e.9341","ELEMENT":"f.389042B4FF7C30867E20C40CA0954A5B.d.E30047F56B3E5B546E98F9FBF506C611.e.9341"}]}
RESULT: {"script":"<script> [8489 bytes]","args":[{"element-6066-11e4-a52e-4f735466cecf":"f.389042B4FF7C30867E20C40CA0954A5B.d.E30047F56B3E5B546E98F9FBF506C611.e.9341","ELEMENT":"f.389042B4FF7C30867E20C40CA0954A5B.d.E30047F56B3E5B546E98F9FBF506C611.e.9341"}]}
COMMAND: GET /session/ba8f8306183d693af77ab2140b410afd/element/f.389042B4FF7C30867E20C40CA0954A5B.d.E30047F56B3E5B546E98F9FBF506C611.e.9341/enabled - {}
COMMAND: GET /session/ba8f8306183d693af77ab2140b410afd/screenshot - {}
RESULT: {}
COMMAND: POST /session/ba8f8306183d693af77ab2140b410afd/execute/sync - {"script":"<script> [8489 bytes]","args":[{"element-6066-11e4-a52e-4f735466cecf":"f.389042B4FF7C30867E20C40CA0954A5B.d.E30047F56B3E5B546E98F9FBF506C611.e.9341","ELEMENT":"f.389042B4FF7C30867E20C40CA0954A5B.d.E30047F56B3E5B546E98F9FBF506C611.e.9341"}]}
COMMAND: GET /session/ba8f8306183d693af77ab2140b410afd/screenshot - {}
RESULT: {}
RESULT: {"script":"<script> [8489 bytes]","args":[{"element-6066-11e4-a52e-4f735466cecf":"f.389042B4FF7C30867E20C40CA0954A5B.d.E30047F56B3E5B546E98F9FBF506C611.e.9341","ELEMENT":"f.389042B4FF7C30867E20C40CA0954A5B.d.E30047F56B3E5B546E98F9FBF506C611.e.9341"}]}
COMMAND: POST /session/ba8f8306183d693af77ab2140b410afd/execute/sync - {"script":"<script> [5351 bytes]","args":[{"element-6066-11e4-a52e-4f735466cecf":"f.389042B4FF7C30867E20C40CA0954A5B.d.E30047F56B3E5B546E98F9FBF506C611.e.9341","ELEMENT":"f.389042B4FF7C30867E20C40CA0954A5B.d.E30047F56B3E5B546E98F9FBF506C611.e.9341"}]}
RESULT: {}
RESULT: {"script":"<script> [5351 bytes]","args":[{"element-6066-11e4-a52e-4f735466cecf":"f.389042B4FF7C30867E20C40CA0954A5B.d.E30047F56B3E5B546E98F9FBF506C611.e.9341","ELEMENT":"f.389042B4FF7C30867E20C40CA0954A5B.d.E30047F56B3E5B546E98F9FBF506C611.e.9341"}]}
COMMAND: POST /session/ba8f8306183d693af77ab2140b410afd/element/f.389042B4FF7C30867E20C40CA0954A5B.d.E30047F56B3E5B546E98F9FBF506C611.e.9341/click - {}
COMMAND: GET /session/ba8f8306183d693af77ab2140b410afd/screenshot - {}
COMMAND: GET /session/ba8f8306183d693af77ab2140b410afd/screenshot - {}
RESULT: {}
COMMAND: GET /session/ba8f8306183d693af77ab2140b410afd/screenshot - {}
RESULT: {}
COMMAND: POST /session/ba8f8306183d693af77ab2140b410afd/execute/async - {"script":"<script> [1562 bytes]","args":[{"selector":{"id":"application-managepartners-display-component---NewPartner--addressDetailDetailsName1","interaction":{"idSuffix":"inner"}},"wdio_ui5_key":"applicationmanagepartners-display-component---NewPartner--addressDetailDetailsName1"}]}
RESULT: {}
RESULT: {}
RESULT: {"script":"<script> [1562 bytes]","args":[{"selector":{"id":"application-managepartners-display-component---NewPartner--addressDetailDetailsName1","interaction":{"idSuffix":"inner"}},"wdio_ui5_key":"applicationmanagepartners-display-component---NewPartner--addressDetailDetailsName1"}]}
RESULT: undefined
COMMAND: POST /session/ba8f8306183d693af77ab2140b410afd/execute/async - {"script":"<script> [776 bytes]","args":[{"enterText":"Intracompany Partner WDIO","selector":{"id":"application-managepartners-display-component---NewPartner--addressDetailDetailsName1","interaction":{"idSuffix":"inner"}},"clearTextFirst":true,"interactionType":"ENTER_TEXT"}]}
RESULT: {"script":"<script> [776 bytes]","args":[{"enterText":"Intracompany Partner WDIO","selector":{"id":"application-managepartners-display-component---NewPartner--addressDetailDetailsName1","interaction":{"idSuffix":"inner"}},"clearTextFirst":true,"interactionType":"ENTER_TEXT"}]}
COMMAND: POST /session/ba8f8306183d693af77ab2140b410afd/execute/async - {"script":"<script> [1562 bytes]","args":[{"selector":{"id":"application-managepartners-display-component---NewPartner--addressDetailDetailsLanguage-arrow"},"wdio_ui5_key":"applicationmanagepartners-display-component---NewPartner--addressDetailDetailsLanguage-arrow"}]}
RESULT: {"script":"<script> [1562 bytes]","args":[{"selector":{"id":"application-managepartners-display-component---NewPartner--addressDetailDetailsLanguage-arrow"},"wdio_ui5_key":"applicationmanagepartners-display-component---NewPartner--addressDetailDetailsLanguage-arrow"}]}
RESULT: undefined
COMMAND: POST /session/ba8f8306183d693af77ab2140b410afd/element - {"using":"xpath","value":"//*[@id=\"application-managepartners-display-component---NewPartner--addressDetailDetailsLanguage-arrow\"]"}
RESULT: {"using":"xpath","value":"//*[@id=\"application-managepartners-display-component---NewPartner--addressDetailDetailsLanguage-arrow\"]"}
COMMAND: POST /session/ba8f8306183d693af77ab2140b410afd/element/f.389042B4FF7C30867E20C40CA0954A5B.d.E30047F56B3E5B546E98F9FBF506C611.e.9775/click - {}
RESULT: {}
COMMAND: POST /session/ba8f8306183d693af77ab2140b410afd/element - {"using":"xpath","value":"//span[contains(text(), \"English\")]"}
COMMAND: GET /session/ba8f8306183d693af77ab2140b410afd/screenshot - {}
RESULT: {"using":"xpath","value":"//span[contains(text(), \"English\")]"}
COMMAND: POST /session/ba8f8306183d693af77ab2140b410afd/element/f.389042B4FF7C30867E20C40CA0954A5B.d.E30047F56B3E5B546E98F9FBF506C611.e.9776/click - {}
RESULT: {}
RESULT: {}
COMMAND: GET /session/ba8f8306183d693af77ab2140b410afd/screenshot - {}
RESULT: {}
COMMAND: POST /session/ba8f8306183d693af77ab2140b410afd/execute/async - {"script":"<script> [1562 bytes]","args":[{"selector":{"id":"application-managepartners-display-component---NewPartner--addressDetailDetailsCity1","interaction":{"idSuffix":"inner"}},"wdio_ui5_key":"applicationmanagepartners-display-component---NewPartner--addressDetailDetailsCity1"}]}
RESULT: {"script":"<script> [1562 bytes]","args":[{"selector":{"id":"application-managepartners-display-component---NewPartner--addressDetailDetailsCity1","interaction":{"idSuffix":"inner"}},"wdio_ui5_key":"applicationmanagepartners-display-component---NewPartner--addressDetailDetailsCity1"}]}
RESULT: undefined
COMMAND: POST /session/ba8f8306183d693af77ab2140b410afd/execute/async - {"script":"<script> [776 bytes]","args":[{"enterText":"Rosario","selector":{"id":"application-managepartners-display-component---NewPartner--addressDetailDetailsCity1","interaction":{"idSuffix":"inner"}},"clearTextFirst":true,"interactionType":"ENTER_TEXT"}]}
RESULT: {"script":"<script> [776 bytes]","args":[{"enterText":"Rosario","selector":{"id":"application-managepartners-display-component---NewPartner--addressDetailDetailsCity1","interaction":{"idSuffix":"inner"}},"clearTextFirst":true,"interactionType":"ENTER_TEXT"}]}
COMMAND: POST /session/ba8f8306183d693af77ab2140b410afd/execute/async - {"script":"<script> [1562 bytes]","args":[{"selector":{"id":"application-managepartners-display-component---NewPartner--addressDetailDetailsCountry-arrow"},"wdio_ui5_key":"applicationmanagepartners-display-component---NewPartner--addressDetailDetailsCountry-arrow"}]}
RESULT: {"script":"<script> [1562 bytes]","args":[{"selector":{"id":"application-managepartners-display-component---NewPartner--addressDetailDetailsCountry-arrow"},"wdio_ui5_key":"applicationmanagepartners-display-component---NewPartner--addressDetailDetailsCountry-arrow"}]}
RESULT: undefined
COMMAND: POST /session/ba8f8306183d693af77ab2140b410afd/element - {"using":"xpath","value":"//*[@id=\"application-managepartners-display-component---NewPartner--addressDetailDetailsCountry-arrow\"]"}
RESULT: {"using":"xpath","value":"//*[@id=\"application-managepartners-display-component---NewPartner--addressDetailDetailsCountry-arrow\"]"}
COMMAND: POST /session/ba8f8306183d693af77ab2140b410afd/element/f.389042B4FF7C30867E20C40CA0954A5B.d.E30047F56B3E5B546E98F9FBF506C611.e.9729/click - {}
RESULT: {}
COMMAND: POST /session/ba8f8306183d693af77ab2140b410afd/element - {"using":"xpath","value":"//span[contains(text(), \"Argentina\")]"}
COMMAND: GET /session/ba8f8306183d693af77ab2140b410afd/screenshot - {}
RESULT: {"using":"xpath","value":"//span[contains(text(), \"Argentina\")]"}
COMMAND: POST /session/ba8f8306183d693af77ab2140b410afd/element/f.389042B4FF7C30867E20C40CA0954A5B.d.E30047F56B3E5B546E98F9FBF506C611.e.9778/click - {}
RESULT: {}
RESULT: {}
COMMAND: GET /session/ba8f8306183d693af77ab2140b410afd/screenshot - {}
RESULT: {}
COMMAND: POST /session/ba8f8306183d693af77ab2140b410afd/element - {"using":"xpath","value":"//bdi[contains(text(), \"Commercial\")]"}
RESULT: {"using":"xpath","value":"//bdi[contains(text(), \"Commercial\")]"}
COMMAND: POST /session/ba8f8306183d693af77ab2140b410afd/element/f.389042B4FF7C30867E20C40CA0954A5B.d.E30047F56B3E5B546E98F9FBF506C611.e.9779/click - {}
RESULT: {}
COMMAND: GET /session/ba8f8306183d693af77ab2140b410afd/screenshot - {}
RESULT: {}
COMMAND: POST /session/ba8f8306183d693af77ab2140b410afd/execute/async - {"script":"<script> [1562 bytes]","args":[{"selector":{"id":"application-managepartners-display-component---NewPartner--partnerDetailInternal-arrow"},"wdio_ui5_key":"applicationmanagepartners-display-component---NewPartner--partnerDetailInternal-arrow"}]}
RESULT: {"script":"<script> [1562 bytes]","args":[{"selector":{"id":"application-managepartners-display-component---NewPartner--partnerDetailInternal-arrow"},"wdio_ui5_key":"applicationmanagepartners-display-component---NewPartner--partnerDetailInternal-arrow"}]}
RESULT: undefined
COMMAND: POST /session/ba8f8306183d693af77ab2140b410afd/element - {"using":"xpath","value":"//*[@id=\"application-managepartners-display-component---NewPartner--partnerDetailInternal-arrow\"]"}
RESULT: {"using":"xpath","value":"//*[@id=\"application-managepartners-display-component---NewPartner--partnerDetailInternal-arrow\"]"}
COMMAND: POST /session/ba8f8306183d693af77ab2140b410afd/element/f.389042B4FF7C30867E20C40CA0954A5B.d.E30047F56B3E5B546E98F9FBF506C611.e.9785/click - {}
RESULT: {}
COMMAND: POST /session/ba8f8306183d693af77ab2140b410afd/element - {"using":"xpath","value":"//span[contains(text(), \"Affiliated company\")]"}
COMMAND: GET /session/ba8f8306183d693af77ab2140b410afd/screenshot - {}
RESULT: {"using":"xpath","value":"//span[contains(text(), \"Affiliated company\")]"}
COMMAND: POST /session/ba8f8306183d693af77ab2140b410afd/element/f.389042B4FF7C30867E20C40CA0954A5B.d.E30047F56B3E5B546E98F9FBF506C611.e.9786/click - {}
RESULT: {}
RESULT: {}
COMMAND: POST /session/ba8f8306183d693af77ab2140b410afd/execute/async - {"script":"<script> [1562 bytes]","args":[{"selector":{"id":"application-managepartners-display-component---NewPartner--partnerDetailsCurrency-arrow"},"wdio_ui5_key":"applicationmanagepartners-display-component---NewPartner--partnerDetailsCurrency-arrow"}]}
COMMAND: GET /session/ba8f8306183d693af77ab2140b410afd/screenshot - {}
RESULT: {"script":"<script> [1562 bytes]","args":[{"selector":{"id":"application-managepartners-display-component---NewPartner--partnerDetailsCurrency-arrow"},"wdio_ui5_key":"applicationmanagepartners-display-component---NewPartner--partnerDetailsCurrency-arrow"}]}
RESULT: undefined
COMMAND: POST /session/ba8f8306183d693af77ab2140b410afd/element - {"using":"xpath","value":"//*[@id=\"application-managepartners-display-component---NewPartner--partnerDetailsCurrency-arrow\"]"}
RESULT: {}
RESULT: {"using":"xpath","value":"//*[@id=\"application-managepartners-display-component---NewPartner--partnerDetailsCurrency-arrow\"]"}
COMMAND: POST /session/ba8f8306183d693af77ab2140b410afd/element/f.389042B4FF7C30867E20C40CA0954A5B.d.E30047F56B3E5B546E98F9FBF506C611.e.9793/click - {}
RESULT: {}
COMMAND: POST /session/ba8f8306183d693af77ab2140b410afd/element - {"using":"xpath","value":"//span[contains(text(), \"Euro\")]"}
COMMAND: GET /session/ba8f8306183d693af77ab2140b410afd/screenshot - {}
RESULT: {"using":"xpath","value":"//span[contains(text(), \"Euro\")]"}
COMMAND: POST /session/ba8f8306183d693af77ab2140b410afd/element/f.389042B4FF7C30867E20C40CA0954A5B.d.E30047F56B3E5B546E98F9FBF506C611.e.9794/click - {}
RESULT: {}
RESULT: {}
COMMAND: POST /session/ba8f8306183d693af77ab2140b410afd/execute/async - {"script":"<script> [1562 bytes]","args":[{"selector":{"id":"application-managepartners-display-component---NewPartner--addressEditDetailsCostObjectCstType-arrow"},"wdio_ui5_key":"applicationmanagepartners-display-component---NewPartner--addressEditDetailsCostObjectCstType-arrow"}]}
COMMAND: GET /session/ba8f8306183d693af77ab2140b410afd/screenshot - {}
RESULT: {"script":"<script> [1562 bytes]","args":[{"selector":{"id":"application-managepartners-display-component---NewPartner--addressEditDetailsCostObjectCstType-arrow"},"wdio_ui5_key":"applicationmanagepartners-display-component---NewPartner--addressEditDetailsCostObjectCstType-arrow"}]}
RESULT: undefined
COMMAND: POST /session/ba8f8306183d693af77ab2140b410afd/element - {"using":"xpath","value":"//*[@id=\"application-managepartners-display-component---NewPartner--addressEditDetailsCostObjectCstType-arrow\"]"}
RESULT: {}
RESULT: {"using":"xpath","value":"//*[@id=\"application-managepartners-display-component---NewPartner--addressEditDetailsCostObjectCstType-arrow\"]"}
COMMAND: POST /session/ba8f8306183d693af77ab2140b410afd/element/f.389042B4FF7C30867E20C40CA0954A5B.d.E30047F56B3E5B546E98F9FBF506C611.e.9795/click - {}
RESULT: {}
COMMAND: POST /session/ba8f8306183d693af77ab2140b410afd/element - {"using":"xpath","value":"//span[contains(text(), \"Cost Center\")]"}
COMMAND: GET /session/ba8f8306183d693af77ab2140b410afd/screenshot - {}
RESULT: {"using":"xpath","value":"//span[contains(text(), \"Cost Center\")]"}
COMMAND: POST /session/ba8f8306183d693af77ab2140b410afd/element/f.389042B4FF7C30867E20C40CA0954A5B.d.E30047F56B3E5B546E98F9FBF506C611.e.9796/click - {}
RESULT: {}
RESULT: {}
COMMAND: GET /session/ba8f8306183d693af77ab2140b410afd/screenshot - {}
RESULT: {}
COMMAND: POST /session/ba8f8306183d693af77ab2140b410afd/element - {"using":"xpath","value":"//span[@id=\"application-managepartners-display-component---NewPartner--addressNewCostObjectCstID-vhi\"]"}
RESULT: {"using":"xpath","value":"//span[@id=\"application-managepartners-display-component---NewPartner--addressNewCostObjectCstID-vhi\"]"}
COMMAND: POST /session/ba8f8306183d693af77ab2140b410afd/execute/sync - {"script":"<script> [8489 bytes]","args":[{"element-6066-11e4-a52e-4f735466cecf":"f.389042B4FF7C30867E20C40CA0954A5B.d.E30047F56B3E5B546E98F9FBF506C611.e.9800","ELEMENT":"f.389042B4FF7C30867E20C40CA0954A5B.d.E30047F56B3E5B546E98F9FBF506C611.e.9800"}]}
RESULT: {"script":"<script> [8489 bytes]","args":[{"element-6066-11e4-a52e-4f735466cecf":"f.389042B4FF7C30867E20C40CA0954A5B.d.E30047F56B3E5B546E98F9FBF506C611.e.9800","ELEMENT":"f.389042B4FF7C30867E20C40CA0954A5B.d.E30047F56B3E5B546E98F9FBF506C611.e.9800"}]}
COMMAND: POST /session/ba8f8306183d693af77ab2140b410afd/execute/async - {"script":"<script> [1562 bytes]","args":[{"selector":{"id":"application-managepartners-display-component---NewPartner--addressNewCostObjectCstID-vhi"},"wdio_ui5_key":"applicationmanagepartners-display-component---NewPartner--addressNewCostObjectCstID-vhi"}]}
COMMAND: GET /session/ba8f8306183d693af77ab2140b410afd/screenshot - {}
RESULT: {"script":"<script> [1562 bytes]","args":[{"selector":{"id":"application-managepartners-display-component---NewPartner--addressNewCostObjectCstID-vhi"},"wdio_ui5_key":"applicationmanagepartners-display-component---NewPartner--addressNewCostObjectCstID-vhi"}]}
RESULT: undefined
COMMAND: POST /session/ba8f8306183d693af77ab2140b410afd/element - {"using":"xpath","value":"//*[@id=\"application-managepartners-display-component---NewPartner--addressNewCostObjectCstID-vhi\"]"}
RESULT: {}
RESULT: {"using":"xpath","value":"//*[@id=\"application-managepartners-display-component---NewPartner--addressNewCostObjectCstID-vhi\"]"}
COMMAND: POST /session/ba8f8306183d693af77ab2140b410afd/element/f.389042B4FF7C30867E20C40CA0954A5B.d.E30047F56B3E5B546E98F9FBF506C611.e.9800/click - {}
RESULT: {}
COMMAND: GET /session/ba8f8306183d693af77ab2140b410afd/screenshot - {}
RESULT: {}
RESULT: undefined
COMMAND: POST /session/ba8f8306183d693af77ab2140b410afd/execute/async - {"script":"<script> [776 bytes]","args":[{"enterText":"10001013","selector":{"controlType":"sap.m.SearchField","properties":{"placeholder":"Search"},"searchOpenDialogs":true,"interaction":{"idSuffix":"I"}},"clearTextFirst":true,"interactionType":"ENTER_TEXT"}]}
RESULT: {"script":"<script> [776 bytes]","args":[{"enterText":"10001013","selector":{"controlType":"sap.m.SearchField","properties":{"placeholder":"Search"},"searchOpenDialogs":true,"interaction":{"idSuffix":"I"}},"clearTextFirst":true,"interactionType":"ENTER_TEXT"}]}
COMMAND: POST /session/ba8f8306183d693af77ab2140b410afd/actions - {"actions":[{"id":"action24","type":"key","parameters":{},"actions":[{"type":"keyDown","value":""},{"type":"pause","duration":10},{"type":"keyUp","value":""}]}]}
RESULT: {"actions":[{"id":"action24","type":"key","parameters":{},"actions":[{"type":"keyDown","value":""},{"type":"pause","duration":10},{"type":"keyUp","value":""}]}]}
COMMAND: GET /session/ba8f8306183d693af77ab2140b410afd/screenshot - {}
RESULT: {}
COMMAND: POST /session/ba8f8306183d693af77ab2140b410afd/element - {"using":"xpath","value":"//span[contains(text(), \"General Management\")]"}
RESULT: {"using":"xpath","value":"//span[contains(text(), \"General Management\")]"}
COMMAND: POST /session/ba8f8306183d693af77ab2140b410afd/element/f.389042B4FF7C30867E20C40CA0954A5B.d.E30047F56B3E5B546E98F9FBF506C611.e.9839/click - {}
RESULT: {}
COMMAND: GET /session/ba8f8306183d693af77ab2140b410afd/screenshot - {}
RESULT: {}
COMMAND: POST /session/ba8f8306183d693af77ab2140b410afd/element - {"using":"xpath","value":"//bdi[contains(text(), \"OK\")]"}
RESULT: {"using":"xpath","value":"//bdi[contains(text(), \"OK\")]"}
COMMAND: POST /session/ba8f8306183d693af77ab2140b410afd/element/f.389042B4FF7C30867E20C40CA0954A5B.d.E30047F56B3E5B546E98F9FBF506C611.e.9840/click - {}
RESULT: {}
COMMAND: GET /session/ba8f8306183d693af77ab2140b410afd/screenshot - {}
RESULT: {}
COMMAND: POST /session/ba8f8306183d693af77ab2140b410afd/element - {"using":"xpath","value":"//input[@id=\"application-managepartners-display-component---NewPartner--companyCodeComboBox-inner\"]"}
RESULT: {"using":"xpath","value":"//input[@id=\"application-managepartners-display-component---NewPartner--companyCodeComboBox-inner\"]"}
COMMAND: POST /session/ba8f8306183d693af77ab2140b410afd/element/f.389042B4FF7C30867E20C40CA0954A5B.d.E30047F56B3E5B546E98F9FBF506C611.e.9724/clear - {}
RESULT: {}
COMMAND: POST /session/ba8f8306183d693af77ab2140b410afd/element/f.389042B4FF7C30867E20C40CA0954A5B.d.E30047F56B3E5B546E98F9FBF506C611.e.9724/value - {"text":"1000"}
COMMAND: GET /session/ba8f8306183d693af77ab2140b410afd/screenshot - {}
RESULT: {"text":"1000"}
COMMAND: GET /session/ba8f8306183d693af77ab2140b410afd/screenshot - {}
RESULT: {}
RESULT: {}
COMMAND: POST /session/ba8f8306183d693af77ab2140b410afd/element - {"using":"xpath","value":"//li[.//span[text()= \"1000\"]]"}
RESULT: {"using":"xpath","value":"//li[.//span[text()= \"1000\"]]"}
COMMAND: POST /session/ba8f8306183d693af77ab2140b410afd/element/f.389042B4FF7C30867E20C40CA0954A5B.d.E30047F56B3E5B546E98F9FBF506C611.e.9846/click - {}
RESULT: {}
COMMAND: GET /session/ba8f8306183d693af77ab2140b410afd/screenshot - {}
RESULT: {}
COMMAND: POST /session/ba8f8306183d693af77ab2140b410afd/execute/async - {"script":"<script> [1562 bytes]","args":[{"selector":{"id":"application-managepartners-display-component---NewPartner--btnAddTableRow-img"},"wdio_ui5_key":"applicationmanagepartners-display-component---NewPartner--btnAddTableRow-img"}]}
RESULT: {"script":"<script> [1562 bytes]","args":[{"selector":{"id":"application-managepartners-display-component---NewPartner--btnAddTableRow-img"},"wdio_ui5_key":"applicationmanagepartners-display-component---NewPartner--btnAddTableRow-img"}]}
RESULT: undefined
COMMAND: POST /session/ba8f8306183d693af77ab2140b410afd/element - {"using":"xpath","value":"//*[@id=\"application-managepartners-display-component---NewPartner--btnAddTableRow-img\"]"}
RESULT: {"using":"xpath","value":"//*[@id=\"application-managepartners-display-component---NewPartner--btnAddTableRow-img\"]"}
COMMAND: POST /session/ba8f8306183d693af77ab2140b410afd/element/f.389042B4FF7C30867E20C40CA0954A5B.d.E30047F56B3E5B546E98F9FBF506C611.e.9847/click - {}
RESULT: {}
COMMAND: GET /session/ba8f8306183d693af77ab2140b410afd/screenshot - {}
RESULT: {}
COMMAND: POST /session/ba8f8306183d693af77ab2140b410afd/element - {"using":"xpath","value":"//input[@id=\"application-managepartners-display-component---NewPartner--assignmentYard-application-managepartners-display-component---NewPartner--assignmentsTable-0-inner\"]"}
RESULT: {"using":"xpath","value":"//input[@id=\"application-managepartners-display-component---NewPartner--assignmentYard-application-managepartners-display-component---NewPartner--assignmentsTable-0-inner\"]"}
COMMAND: POST /session/ba8f8306183d693af77ab2140b410afd/element/f.389042B4FF7C30867E20C40CA0954A5B.d.E30047F56B3E5B546E98F9FBF506C611.e.9850/clear - {}
RESULT: {}
COMMAND: POST /session/ba8f8306183d693af77ab2140b410afd/element/f.389042B4FF7C30867E20C40CA0954A5B.d.E30047F56B3E5B546E98F9FBF506C611.e.9850/value - {"text":"273"}
COMMAND: GET /session/ba8f8306183d693af77ab2140b410afd/screenshot - {}
RESULT: {"text":"273"}
COMMAND: GET /session/ba8f8306183d693af77ab2140b410afd/screenshot - {}
RESULT: {}
RESULT: {}
COMMAND: POST /session/ba8f8306183d693af77ab2140b410afd/element - {"using":"xpath","value":"//ul[contains(@id,\"NewPartner--assignmentsTable-0-popup-list-listUl\")]//li[.//span[text()='273']]"}
RESULT: {"using":"xpath","value":"//ul[contains(@id,\"NewPartner--assignmentsTable-0-popup-list-listUl\")]//li[.//span[text()='273']]"}
COMMAND: POST /session/ba8f8306183d693af77ab2140b410afd/element/f.389042B4FF7C30867E20C40CA0954A5B.d.E30047F56B3E5B546E98F9FBF506C611.e.9859/click - {}
RESULT: {}
COMMAND: GET /session/ba8f8306183d693af77ab2140b410afd/screenshot - {}
RESULT: {}
COMMAND: POST /session/ba8f8306183d693af77ab2140b410afd/actions - {"actions":[{"id":"action25","type":"key","parameters":{},"actions":[{"type":"keyDown","value":""},{"type":"pause","duration":10},{"type":"keyUp","value":""}]}]}
RESULT: {"actions":[{"id":"action25","type":"key","parameters":{},"actions":[{"type":"keyDown","value":""},{"type":"pause","duration":10},{"type":"keyUp","value":""}]}]}
COMMAND: POST /session/ba8f8306183d693af77ab2140b410afd/execute/async - {"script":"<script> [1562 bytes]","args":[{"selector":{"id":"application-managepartners-display-component---NewPartner--externalCustomerComboBox-application-managepartners-display-component---NewPartner--assignmentsTable-0-vhi"},"wdio_ui5_key":"applicationmanagepartners-display-component---NewPartner--externalCustomerComboBox-application-managepartners-display-component---NewPartner--assignmentsTable-0-vhi"}]}
COMMAND: GET /session/ba8f8306183d693af77ab2140b410afd/screenshot - {}
RESULT: {"script":"<script> [1562 bytes]","args":[{"selector":{"id":"application-managepartners-display-component---NewPartner--externalCustomerComboBox-application-managepartners-display-component---NewPartner--assignmentsTable-0-vhi"},"wdio_ui5_key":"applicationmanagepartners-display-component---NewPartner--externalCustomerComboBox-application-managepartners-display-component---NewPartner--assignmentsTable-0-vhi"}]}
RESULT: undefined
COMMAND: POST /session/ba8f8306183d693af77ab2140b410afd/element - {"using":"xpath","value":"//*[@id=\"application-managepartners-display-component---NewPartner--externalCustomerComboBox-application-managepartners-display-component---NewPartner--assignmentsTable-0-vhi\"]"}
RESULT: {}
RESULT: {"using":"xpath","value":"//*[@id=\"application-managepartners-display-component---NewPartner--externalCustomerComboBox-application-managepartners-display-component---NewPartner--assignmentsTable-0-vhi\"]"}
COMMAND: POST /session/ba8f8306183d693af77ab2140b410afd/element/f.389042B4FF7C30867E20C40CA0954A5B.d.E30047F56B3E5B546E98F9FBF506C611.e.9863/click - {}
RESULT: {}
RESULT: undefined
COMMAND: POST /session/ba8f8306183d693af77ab2140b410afd/execute/async - {"script":"<script> [776 bytes]","args":[{"enterText":"300003","selector":{"controlType":"sap.m.SearchField","properties":{"placeholder":"Search"},"searchOpenDialogs":true,"interaction":{"idSuffix":"I"}},"clearTextFirst":true,"interactionType":"ENTER_TEXT"}]}
COMMAND: GET /session/ba8f8306183d693af77ab2140b410afd/screenshot - {}
RESULT: {"script":"<script> [776 bytes]","args":[{"enterText":"300003","selector":{"controlType":"sap.m.SearchField","properties":{"placeholder":"Search"},"searchOpenDialogs":true,"interaction":{"idSuffix":"I"}},"clearTextFirst":true,"interactionType":"ENTER_TEXT"}]}
COMMAND: POST /session/ba8f8306183d693af77ab2140b410afd/actions - {"actions":[{"id":"action26","type":"key","parameters":{},"actions":[{"type":"keyDown","value":""},{"type":"pause","duration":10},{"type":"keyUp","value":""}]}]}
RESULT: {}
RESULT: {"actions":[{"id":"action26","type":"key","parameters":{},"actions":[{"type":"keyDown","value":""},{"type":"pause","duration":10},{"type":"keyUp","value":""}]}]}
COMMAND: GET /session/ba8f8306183d693af77ab2140b410afd/screenshot - {}
RESULT: {}
COMMAND: POST /session/ba8f8306183d693af77ab2140b410afd/element - {"using":"xpath","value":"//span[contains(text(), \"300003\")]"}
RESULT: {"using":"xpath","value":"//span[contains(text(), \"300003\")]"}
COMMAND: POST /session/ba8f8306183d693af77ab2140b410afd/element/f.389042B4FF7C30867E20C40CA0954A5B.d.E30047F56B3E5B546E98F9FBF506C611.e.9913/click - {}
RESULT: {}
COMMAND: GET /session/ba8f8306183d693af77ab2140b410afd/screenshot - {}
RESULT: {}
COMMAND: POST /session/ba8f8306183d693af77ab2140b410afd/element - {"using":"xpath","value":"//bdi[contains(text(), \"OK\")]"}
RESULT: {"using":"xpath","value":"//bdi[contains(text(), \"OK\")]"}
COMMAND: POST /session/ba8f8306183d693af77ab2140b410afd/element/f.389042B4FF7C30867E20C40CA0954A5B.d.E30047F56B3E5B546E98F9FBF506C611.e.9915/click - {}
RESULT: {}
COMMAND: GET /session/ba8f8306183d693af77ab2140b410afd/screenshot - {}
RESULT: {}
COMMAND: POST /session/ba8f8306183d693af77ab2140b410afd/execute/async - {"script":"<script> [1562 bytes]","args":[{"selector":{"id":"application-managepartners-display-component---NewPartner--intercompVendorComboBox-application-managepartners-display-component---NewPartner--assignmentsTable-0-vhi"},"wdio_ui5_key":"applicationmanagepartners-display-component---NewPartner--intercompVendorComboBox-application-managepartners-display-component---NewPartner--assignmentsTable-0-vhi"}]}
RESULT: {"script":"<script> [1562 bytes]","args":[{"selector":{"id":"application-managepartners-display-component---NewPartner--intercompVendorComboBox-application-managepartners-display-component---NewPartner--assignmentsTable-0-vhi"},"wdio_ui5_key":"applicationmanagepartners-display-component---NewPartner--intercompVendorComboBox-application-managepartners-display-component---NewPartner--assignmentsTable-0-vhi"}]}
RESULT: undefined
COMMAND: POST /session/ba8f8306183d693af77ab2140b410afd/element - {"using":"xpath","value":"//*[@id=\"application-managepartners-display-component---NewPartner--intercompVendorComboBox-application-managepartners-display-component---NewPartner--assignmentsTable-0-vhi\"]"}
RESULT: {"using":"xpath","value":"//*[@id=\"application-managepartners-display-component---NewPartner--intercompVendorComboBox-application-managepartners-display-component---NewPartner--assignmentsTable-0-vhi\"]"}
COMMAND: POST /session/ba8f8306183d693af77ab2140b410afd/element/f.389042B4FF7C30867E20C40CA0954A5B.d.E30047F56B3E5B546E98F9FBF506C611.e.9919/click - {}
RESULT: {}
RESULT: undefined
COMMAND: POST /session/ba8f8306183d693af77ab2140b410afd/execute/async - {"script":"<script> [776 bytes]","args":[{"enterText":"100005","selector":{"controlType":"sap.m.SearchField","properties":{"placeholder":"Search"},"searchOpenDialogs":true,"interaction":{"idSuffix":"I"}},"clearTextFirst":true,"interactionType":"ENTER_TEXT"}]}
COMMAND: GET /session/ba8f8306183d693af77ab2140b410afd/screenshot - {}
RESULT: {"script":"<script> [776 bytes]","args":[{"enterText":"100005","selector":{"controlType":"sap.m.SearchField","properties":{"placeholder":"Search"},"searchOpenDialogs":true,"interaction":{"idSuffix":"I"}},"clearTextFirst":true,"interactionType":"ENTER_TEXT"}]}
COMMAND: POST /session/ba8f8306183d693af77ab2140b410afd/actions - {"actions":[{"id":"action27","type":"key","parameters":{},"actions":[{"type":"keyDown","value":""},{"type":"pause","duration":10},{"type":"keyUp","value":""}]}]}
RESULT: {}
RESULT: {"actions":[{"id":"action27","type":"key","parameters":{},"actions":[{"type":"keyDown","value":""},{"type":"pause","duration":10},{"type":"keyUp","value":""}]}]}
COMMAND: GET /session/ba8f8306183d693af77ab2140b410afd/screenshot - {}
RESULT: {}
COMMAND: POST /session/ba8f8306183d693af77ab2140b410afd/element - {"using":"xpath","value":"//span[contains(text(), \"Penguins - Field/12345 Berlin\")]"}
RESULT: {"using":"xpath","value":"//span[contains(text(), \"Penguins - Field/12345 Berlin\")]"}
COMMAND: POST /session/ba8f8306183d693af77ab2140b410afd/element/f.389042B4FF7C30867E20C40CA0954A5B.d.E30047F56B3E5B546E98F9FBF506C611.e.9936/click - {}
RESULT: {}
COMMAND: GET /session/ba8f8306183d693af77ab2140b410afd/screenshot - {}
RESULT: {}
COMMAND: POST /session/ba8f8306183d693af77ab2140b410afd/element - {"using":"xpath","value":"//bdi[contains(text(), \"OK\")]"}
RESULT: {"using":"xpath","value":"//bdi[contains(text(), \"OK\")]"}
COMMAND: POST /session/ba8f8306183d693af77ab2140b410afd/element/f.389042B4FF7C30867E20C40CA0954A5B.d.E30047F56B3E5B546E98F9FBF506C611.e.9937/click - {}
RESULT: {}
COMMAND: GET /session/ba8f8306183d693af77ab2140b410afd/screenshot - {}
RESULT: {}
COMMAND: POST /session/ba8f8306183d693af77ab2140b410afd/element - {"using":"xpath","value":"//button[@data-kt=\"saveButton\"]"}
RESULT: {"using":"xpath","value":"//button[@data-kt=\"saveButton\"]"}
COMMAND: POST /session/ba8f8306183d693af77ab2140b410afd/element/f.389042B4FF7C30867E20C40CA0954A5B.d.E30047F56B3E5B546E98F9FBF506C611.e.9760/click - {}
RESULT: {}
COMMAND: GET /session/ba8f8306183d693af77ab2140b410afd/screenshot - {}
RESULT: {}
COMMAND: POST /session/ba8f8306183d693af77ab2140b410afd/element - {"using":"xpath","value":"//header[contains(@id, 'ObjectPageLayout-headerTitle')]/div[1]/div[2]/div[2]/span[1]"}
RESULT: {"using":"xpath","value":"//header[contains(@id, 'ObjectPageLayout-headerTitle')]/div[1]/div[2]/div[2]/span[1]"}
COMMAND: POST /session/ba8f8306183d693af77ab2140b410afd/elements - {"using":"xpath","value":"//header[contains(@id, 'ObjectPageLayout-headerTitle')]/div[1]/div[2]/div[2]/span[1]"}
RESULT: {"using":"xpath","value":"//header[contains(@id, 'ObjectPageLayout-headerTitle')]/div[1]/div[2]/div[2]/span[1]"}
COMMAND: POST /session/ba8f8306183d693af77ab2140b410afd/execute/sync - {"script":"<script> [56 bytes]","args":[{"element-6066-11e4-a52e-4f735466cecf":"f.389042B4FF7C30867E20C40CA0954A5B.d.E30047F56B3E5B546E98F9FBF506C611.e.10104","ELEMENT":"f.389042B4FF7C30867E20C40CA0954A5B.d.E30047F56B3E5B546E98F9FBF506C611.e.10104"}]}
RESULT: {"script":"<script> [56 bytes]","args":[{"element-6066-11e4-a52e-4f735466cecf":"f.389042B4FF7C30867E20C40CA0954A5B.d.E30047F56B3E5B546E98F9FBF506C611.e.10104","ELEMENT":"f.389042B4FF7C30867E20C40CA0954A5B.d.E30047F56B3E5B546E98F9FBF506C611.e.10104"}]}
COMMAND: POST /session/ba8f8306183d693af77ab2140b410afd/element - {"using":"css selector","value":"#shell-header-logo"}
COMMAND: GET /session/ba8f8306183d693af77ab2140b410afd/screenshot - {}
RESULT: {"using":"css selector","value":"#shell-header-logo"}
COMMAND: POST /session/ba8f8306183d693af77ab2140b410afd/element/f.389042B4FF7C30867E20C40CA0954A5B.d.E30047F56B3E5B546E98F9FBF506C611.e.9296/click - {}
RESULT: {}
RESULT: {}
COMMAND: GET /session/ba8f8306183d693af77ab2140b410afd/screenshot - {}
RESULT: {}
COMMAND: POST /session/ba8f8306183d693af77ab2140b410afd/execute/sync - {"script":"<script> [299 bytes]","args":[["getModel","getResource"]]}
RESULT: {"script":"<script> [299 bytes]","args":[["getModel","getResource"]]}
]]></system-out>
    </testcase>
    <testcase classname="chrome.137_0_7151_69.windows.Billing_Transfer_-_Intracompany_US127249" name="Should create a new site" time="105.809">
      <system-out><![CDATA[
COMMAND: GET /session/ba8f8306183d693af77ab2140b410afd/screenshot - {}
COMMAND: POST /session/ba8f8306183d693af77ab2140b410afd/execute/async - {"script":"<script> [1562 bytes]","args":[{"selector":{"controlType":"sap.m.GenericTile","properties":{"header":"Manage Sites"}},"wdio_ui5_key":"sapm.GenericTile{\"header\":\"Manage Sites\"}"}]}
RESULT: {}
RESULT: {"script":"<script> [1562 bytes]","args":[{"selector":{"controlType":"sap.m.GenericTile","properties":{"header":"Manage Sites"}},"wdio_ui5_key":"sapm.GenericTile{\"header\":\"Manage Sites\"}"}]}
RESULT: undefined
COMMAND: POST /session/ba8f8306183d693af77ab2140b410afd/element - {"using":"xpath","value":"//*[@id=\"__tile41\"]"}
RESULT: {"using":"xpath","value":"//*[@id=\"__tile41\"]"}
COMMAND: POST /session/ba8f8306183d693af77ab2140b410afd/element/f.389042B4FF7C30867E20C40CA0954A5B.d.E30047F56B3E5B546E98F9FBF506C611.e.8462/click - {}
RESULT: {}
COMMAND: GET /session/ba8f8306183d693af77ab2140b410afd/screenshot - {}
RESULT: {}
COMMAND: POST /session/ba8f8306183d693af77ab2140b410afd/elements - {"using":"xpath","value":"//span[text()='Error']"}
RESULT: {"using":"xpath","value":"//span[text()='Error']"}
COMMAND: POST /session/ba8f8306183d693af77ab2140b410afd/element - {"using":"xpath","value":"//button[@data-kt=\"addOverflowToolbarButton\"]"}
RESULT: {"using":"xpath","value":"//button[@data-kt=\"addOverflowToolbarButton\"]"}
COMMAND: POST /session/ba8f8306183d693af77ab2140b410afd/elements - {"using":"xpath","value":"//button[@data-kt=\"addOverflowToolbarButton\"]"}
RESULT: {"using":"xpath","value":"//button[@data-kt=\"addOverflowToolbarButton\"]"}
COMMAND: POST /session/ba8f8306183d693af77ab2140b410afd/execute/sync - {"script":"<script> [8489 bytes]","args":[{"element-6066-11e4-a52e-4f735466cecf":"f.389042B4FF7C30867E20C40CA0954A5B.d.E30047F56B3E5B546E98F9FBF506C611.e.10152","ELEMENT":"f.389042B4FF7C30867E20C40CA0954A5B.d.E30047F56B3E5B546E98F9FBF506C611.e.10152"}]}
RESULT: {"script":"<script> [8489 bytes]","args":[{"element-6066-11e4-a52e-4f735466cecf":"f.389042B4FF7C30867E20C40CA0954A5B.d.E30047F56B3E5B546E98F9FBF506C611.e.10152","ELEMENT":"f.389042B4FF7C30867E20C40CA0954A5B.d.E30047F56B3E5B546E98F9FBF506C611.e.10152"}]}
COMMAND: GET /session/ba8f8306183d693af77ab2140b410afd/element/f.389042B4FF7C30867E20C40CA0954A5B.d.E30047F56B3E5B546E98F9FBF506C611.e.10152/enabled - {}
COMMAND: GET /session/ba8f8306183d693af77ab2140b410afd/screenshot - {}
RESULT: {}
COMMAND: POST /session/ba8f8306183d693af77ab2140b410afd/execute/sync - {"script":"<script> [8489 bytes]","args":[{"element-6066-11e4-a52e-4f735466cecf":"f.389042B4FF7C30867E20C40CA0954A5B.d.E30047F56B3E5B546E98F9FBF506C611.e.10152","ELEMENT":"f.389042B4FF7C30867E20C40CA0954A5B.d.E30047F56B3E5B546E98F9FBF506C611.e.10152"}]}
COMMAND: GET /session/ba8f8306183d693af77ab2140b410afd/screenshot - {}
RESULT: {}
RESULT: {"script":"<script> [8489 bytes]","args":[{"element-6066-11e4-a52e-4f735466cecf":"f.389042B4FF7C30867E20C40CA0954A5B.d.E30047F56B3E5B546E98F9FBF506C611.e.10152","ELEMENT":"f.389042B4FF7C30867E20C40CA0954A5B.d.E30047F56B3E5B546E98F9FBF506C611.e.10152"}]}
COMMAND: POST /session/ba8f8306183d693af77ab2140b410afd/execute/sync - {"script":"<script> [5351 bytes]","args":[{"element-6066-11e4-a52e-4f735466cecf":"f.389042B4FF7C30867E20C40CA0954A5B.d.E30047F56B3E5B546E98F9FBF506C611.e.10152","ELEMENT":"f.389042B4FF7C30867E20C40CA0954A5B.d.E30047F56B3E5B546E98F9FBF506C611.e.10152"}]}
COMMAND: GET /session/ba8f8306183d693af77ab2140b410afd/screenshot - {}
RESULT: {}
RESULT: {"script":"<script> [5351 bytes]","args":[{"element-6066-11e4-a52e-4f735466cecf":"f.389042B4FF7C30867E20C40CA0954A5B.d.E30047F56B3E5B546E98F9FBF506C611.e.10152","ELEMENT":"f.389042B4FF7C30867E20C40CA0954A5B.d.E30047F56B3E5B546E98F9FBF506C611.e.10152"}]}
COMMAND: POST /session/ba8f8306183d693af77ab2140b410afd/element/f.389042B4FF7C30867E20C40CA0954A5B.d.E30047F56B3E5B546E98F9FBF506C611.e.10152/click - {}
COMMAND: GET /session/ba8f8306183d693af77ab2140b410afd/screenshot - {}
RESULT: {}
RESULT: {}
COMMAND: GET /session/ba8f8306183d693af77ab2140b410afd/screenshot - {}
COMMAND: POST /session/ba8f8306183d693af77ab2140b410afd/element - {"using":"xpath","value":"//input[@id=\"application-managesites-display-component---NewSite--siteId-inner\"]"}
RESULT: {}
RESULT: {}
RESULT: {"using":"xpath","value":"//input[@id=\"application-managesites-display-component---NewSite--siteId-inner\"]"}
COMMAND: POST /session/ba8f8306183d693af77ab2140b410afd/element - {"using":"xpath","value":"//input[@id=\"application-managesites-display-component---NewSite--siteId-inner\"]"}
RESULT: {"using":"xpath","value":"//input[@id=\"application-managesites-display-component---NewSite--siteId-inner\"]"}
COMMAND: POST /session/ba8f8306183d693af77ab2140b410afd/execute/async - {"script":"<script> [1562 bytes]","args":[{"selector":{"id":"application-managesites-display-component---NewSite--addressDetailDetailsName1","interaction":{"idSuffix":"inner"}},"wdio_ui5_key":"applicationmanagesites-display-component---NewSite--addressDetailDetailsName1"}]}
RESULT: {"script":"<script> [1562 bytes]","args":[{"selector":{"id":"application-managesites-display-component---NewSite--addressDetailDetailsName1","interaction":{"idSuffix":"inner"}},"wdio_ui5_key":"applicationmanagesites-display-component---NewSite--addressDetailDetailsName1"}]}
RESULT: undefined
COMMAND: POST /session/ba8f8306183d693af77ab2140b410afd/execute/async - {"script":"<script> [776 bytes]","args":[{"enterText":"Intracompany Site wdIO","selector":{"id":"application-managesites-display-component---NewSite--addressDetailDetailsName1","interaction":{"idSuffix":"inner"}},"clearTextFirst":true,"interactionType":"ENTER_TEXT"}]}
RESULT: {"script":"<script> [776 bytes]","args":[{"enterText":"Intracompany Site wdIO","selector":{"id":"application-managesites-display-component---NewSite--addressDetailDetailsName1","interaction":{"idSuffix":"inner"}},"clearTextFirst":true,"interactionType":"ENTER_TEXT"}]}
COMMAND: POST /session/ba8f8306183d693af77ab2140b410afd/execute/async - {"script":"<script> [1562 bytes]","args":[{"selector":{"id":"application-managesites-display-component---NewSite--addressDetailDetailsLanguage-arrow"},"wdio_ui5_key":"applicationmanagesites-display-component---NewSite--addressDetailDetailsLanguage-arrow"}]}
RESULT: {"script":"<script> [1562 bytes]","args":[{"selector":{"id":"application-managesites-display-component---NewSite--addressDetailDetailsLanguage-arrow"},"wdio_ui5_key":"applicationmanagesites-display-component---NewSite--addressDetailDetailsLanguage-arrow"}]}
RESULT: undefined
COMMAND: POST /session/ba8f8306183d693af77ab2140b410afd/element - {"using":"xpath","value":"//*[@id=\"application-managesites-display-component---NewSite--addressDetailDetailsLanguage-arrow\"]"}
RESULT: {"using":"xpath","value":"//*[@id=\"application-managesites-display-component---NewSite--addressDetailDetailsLanguage-arrow\"]"}
COMMAND: POST /session/ba8f8306183d693af77ab2140b410afd/element/f.389042B4FF7C30867E20C40CA0954A5B.d.E30047F56B3E5B546E98F9FBF506C611.e.10551/click - {}
RESULT: {}
COMMAND: POST /session/ba8f8306183d693af77ab2140b410afd/element - {"using":"xpath","value":"//span[contains(text(), \"English\")]"}
COMMAND: GET /session/ba8f8306183d693af77ab2140b410afd/screenshot - {}
RESULT: {"using":"xpath","value":"//span[contains(text(), \"English\")]"}
COMMAND: POST /session/ba8f8306183d693af77ab2140b410afd/element/f.389042B4FF7C30867E20C40CA0954A5B.d.E30047F56B3E5B546E98F9FBF506C611.e.10552/click - {}
RESULT: {}
RESULT: {}
COMMAND: POST /session/ba8f8306183d693af77ab2140b410afd/execute/async - {"script":"<script> [1562 bytes]","args":[{"selector":{"id":"application-managesites-display-component---NewSite--addressDetailDetailsCity1","interaction":{"idSuffix":"inner"}},"wdio_ui5_key":"applicationmanagesites-display-component---NewSite--addressDetailDetailsCity1"}]}
COMMAND: GET /session/ba8f8306183d693af77ab2140b410afd/screenshot - {}
RESULT: {"script":"<script> [1562 bytes]","args":[{"selector":{"id":"application-managesites-display-component---NewSite--addressDetailDetailsCity1","interaction":{"idSuffix":"inner"}},"wdio_ui5_key":"applicationmanagesites-display-component---NewSite--addressDetailDetailsCity1"}]}
RESULT: undefined
COMMAND: POST /session/ba8f8306183d693af77ab2140b410afd/execute/async - {"script":"<script> [776 bytes]","args":[{"enterText":"Rosario","selector":{"id":"application-managesites-display-component---NewSite--addressDetailDetailsCity1","interaction":{"idSuffix":"inner"}},"clearTextFirst":true,"interactionType":"ENTER_TEXT"}]}
RESULT: {}
RESULT: {"script":"<script> [776 bytes]","args":[{"enterText":"Rosario","selector":{"id":"application-managesites-display-component---NewSite--addressDetailDetailsCity1","interaction":{"idSuffix":"inner"}},"clearTextFirst":true,"interactionType":"ENTER_TEXT"}]}
COMMAND: POST /session/ba8f8306183d693af77ab2140b410afd/execute/async - {"script":"<script> [1562 bytes]","args":[{"selector":{"id":"application-managesites-display-component---NewSite--addressDetailDetailsCountry-arrow"},"wdio_ui5_key":"applicationmanagesites-display-component---NewSite--addressDetailDetailsCountry-arrow"}]}
RESULT: {"script":"<script> [1562 bytes]","args":[{"selector":{"id":"application-managesites-display-component---NewSite--addressDetailDetailsCountry-arrow"},"wdio_ui5_key":"applicationmanagesites-display-component---NewSite--addressDetailDetailsCountry-arrow"}]}
RESULT: undefined
COMMAND: POST /session/ba8f8306183d693af77ab2140b410afd/element - {"using":"xpath","value":"//*[@id=\"application-managesites-display-component---NewSite--addressDetailDetailsCountry-arrow\"]"}
RESULT: {"using":"xpath","value":"//*[@id=\"application-managesites-display-component---NewSite--addressDetailDetailsCountry-arrow\"]"}
COMMAND: POST /session/ba8f8306183d693af77ab2140b410afd/element/f.389042B4FF7C30867E20C40CA0954A5B.d.E30047F56B3E5B546E98F9FBF506C611.e.10554/click - {}
RESULT: {}
COMMAND: POST /session/ba8f8306183d693af77ab2140b410afd/element - {"using":"xpath","value":"//span[contains(text(), \"Argentina\")]"}
COMMAND: GET /session/ba8f8306183d693af77ab2140b410afd/screenshot - {}
RESULT: {"using":"xpath","value":"//span[contains(text(), \"Argentina\")]"}
COMMAND: POST /session/ba8f8306183d693af77ab2140b410afd/element/f.389042B4FF7C30867E20C40CA0954A5B.d.E30047F56B3E5B546E98F9FBF506C611.e.10555/click - {}
RESULT: {}
RESULT: {}
COMMAND: GET /session/ba8f8306183d693af77ab2140b410afd/screenshot - {}
RESULT: {}
COMMAND: POST /session/ba8f8306183d693af77ab2140b410afd/execute/async - {"script":"<script> [1562 bytes]","args":[{"selector":{"id":"application-managesites-display-component---NewSite--addressEditDetailsCostObjectCstType-arrow"},"wdio_ui5_key":"applicationmanagesites-display-component---NewSite--addressEditDetailsCostObjectCstType-arrow"}]}
RESULT: {"script":"<script> [1562 bytes]","args":[{"selector":{"id":"application-managesites-display-component---NewSite--addressEditDetailsCostObjectCstType-arrow"},"wdio_ui5_key":"applicationmanagesites-display-component---NewSite--addressEditDetailsCostObjectCstType-arrow"}]}
RESULT: undefined
COMMAND: POST /session/ba8f8306183d693af77ab2140b410afd/element - {"using":"xpath","value":"//*[@id=\"application-managesites-display-component---NewSite--addressEditDetailsCostObjectCstType-arrow\"]"}
RESULT: {"using":"xpath","value":"//*[@id=\"application-managesites-display-component---NewSite--addressEditDetailsCostObjectCstType-arrow\"]"}
COMMAND: POST /session/ba8f8306183d693af77ab2140b410afd/element/f.389042B4FF7C30867E20C40CA0954A5B.d.E30047F56B3E5B546E98F9FBF506C611.e.10557/click - {}
RESULT: {}
COMMAND: POST /session/ba8f8306183d693af77ab2140b410afd/element - {"using":"xpath","value":"//span[contains(text(), \"Cost Center\")]"}
COMMAND: GET /session/ba8f8306183d693af77ab2140b410afd/screenshot - {}
RESULT: {"using":"xpath","value":"//span[contains(text(), \"Cost Center\")]"}
COMMAND: POST /session/ba8f8306183d693af77ab2140b410afd/element/f.389042B4FF7C30867E20C40CA0954A5B.d.E30047F56B3E5B546E98F9FBF506C611.e.10559/click - {}
RESULT: {}
RESULT: {}
COMMAND: GET /session/ba8f8306183d693af77ab2140b410afd/screenshot - {}
RESULT: {}
COMMAND: POST /session/ba8f8306183d693af77ab2140b410afd/element - {"using":"xpath","value":"//span[@id=\"application-managesites-display-component---NewSite--addressNewCostObjectCstID-vhi\"]"}
RESULT: {"using":"xpath","value":"//span[@id=\"application-managesites-display-component---NewSite--addressNewCostObjectCstID-vhi\"]"}
COMMAND: POST /session/ba8f8306183d693af77ab2140b410afd/execute/sync - {"script":"<script> [8489 bytes]","args":[{"element-6066-11e4-a52e-4f735466cecf":"f.389042B4FF7C30867E20C40CA0954A5B.d.E30047F56B3E5B546E98F9FBF506C611.e.10563","ELEMENT":"f.389042B4FF7C30867E20C40CA0954A5B.d.E30047F56B3E5B546E98F9FBF506C611.e.10563"}]}
RESULT: {"script":"<script> [8489 bytes]","args":[{"element-6066-11e4-a52e-4f735466cecf":"f.389042B4FF7C30867E20C40CA0954A5B.d.E30047F56B3E5B546E98F9FBF506C611.e.10563","ELEMENT":"f.389042B4FF7C30867E20C40CA0954A5B.d.E30047F56B3E5B546E98F9FBF506C611.e.10563"}]}
COMMAND: POST /session/ba8f8306183d693af77ab2140b410afd/execute/async - {"script":"<script> [1562 bytes]","args":[{"selector":{"id":"application-managesites-display-component---NewSite--addressNewCostObjectCstID-vhi"},"wdio_ui5_key":"applicationmanagesites-display-component---NewSite--addressNewCostObjectCstID-vhi"}]}
COMMAND: GET /session/ba8f8306183d693af77ab2140b410afd/screenshot - {}
RESULT: {"script":"<script> [1562 bytes]","args":[{"selector":{"id":"application-managesites-display-component---NewSite--addressNewCostObjectCstID-vhi"},"wdio_ui5_key":"applicationmanagesites-display-component---NewSite--addressNewCostObjectCstID-vhi"}]}
RESULT: undefined
COMMAND: POST /session/ba8f8306183d693af77ab2140b410afd/element - {"using":"xpath","value":"//*[@id=\"application-managesites-display-component---NewSite--addressNewCostObjectCstID-vhi\"]"}
RESULT: {}
RESULT: {"using":"xpath","value":"//*[@id=\"application-managesites-display-component---NewSite--addressNewCostObjectCstID-vhi\"]"}
COMMAND: POST /session/ba8f8306183d693af77ab2140b410afd/element/f.389042B4FF7C30867E20C40CA0954A5B.d.E30047F56B3E5B546E98F9FBF506C611.e.10563/click - {}
RESULT: {}
COMMAND: GET /session/ba8f8306183d693af77ab2140b410afd/screenshot - {}
RESULT: {}
RESULT: undefined
COMMAND: POST /session/ba8f8306183d693af77ab2140b410afd/execute/async - {"script":"<script> [776 bytes]","args":[{"enterText":"10001013","selector":{"controlType":"sap.m.SearchField","properties":{"placeholder":"Search"},"searchOpenDialogs":true,"interaction":{"idSuffix":"I"}},"clearTextFirst":true,"interactionType":"ENTER_TEXT"}]}
RESULT: {"script":"<script> [776 bytes]","args":[{"enterText":"10001013","selector":{"controlType":"sap.m.SearchField","properties":{"placeholder":"Search"},"searchOpenDialogs":true,"interaction":{"idSuffix":"I"}},"clearTextFirst":true,"interactionType":"ENTER_TEXT"}]}
COMMAND: POST /session/ba8f8306183d693af77ab2140b410afd/actions - {"actions":[{"id":"action28","type":"key","parameters":{},"actions":[{"type":"keyDown","value":""},{"type":"pause","duration":10},{"type":"keyUp","value":""}]}]}
RESULT: {"actions":[{"id":"action28","type":"key","parameters":{},"actions":[{"type":"keyDown","value":""},{"type":"pause","duration":10},{"type":"keyUp","value":""}]}]}
COMMAND: GET /session/ba8f8306183d693af77ab2140b410afd/screenshot - {}
RESULT: {}
COMMAND: POST /session/ba8f8306183d693af77ab2140b410afd/element - {"using":"xpath","value":"//span[contains(text(), \"General Management\")]"}
RESULT: {"using":"xpath","value":"//span[contains(text(), \"General Management\")]"}
COMMAND: POST /session/ba8f8306183d693af77ab2140b410afd/element/f.389042B4FF7C30867E20C40CA0954A5B.d.E30047F56B3E5B546E98F9FBF506C611.e.10602/click - {}
RESULT: {}
COMMAND: GET /session/ba8f8306183d693af77ab2140b410afd/screenshot - {}
RESULT: {}
COMMAND: POST /session/ba8f8306183d693af77ab2140b410afd/element - {"using":"xpath","value":"//bdi[contains(text(), \"OK\")]"}
RESULT: {"using":"xpath","value":"//bdi[contains(text(), \"OK\")]"}
COMMAND: POST /session/ba8f8306183d693af77ab2140b410afd/element/f.389042B4FF7C30867E20C40CA0954A5B.d.E30047F56B3E5B546E98F9FBF506C611.e.10603/click - {}
RESULT: {}
COMMAND: GET /session/ba8f8306183d693af77ab2140b410afd/screenshot - {}
RESULT: {}
COMMAND: POST /session/ba8f8306183d693af77ab2140b410afd/element - {"using":"xpath","value":"//input[@id=\"application-managesites-display-component---NewSite--addressDetailDetailsCalendar-inner\"]"}
RESULT: {"using":"xpath","value":"//input[@id=\"application-managesites-display-component---NewSite--addressDetailDetailsCalendar-inner\"]"}
COMMAND: POST /session/ba8f8306183d693af77ab2140b410afd/element/f.389042B4FF7C30867E20C40CA0954A5B.d.E30047F56B3E5B546E98F9FBF506C611.e.10348/clear - {}
RESULT: {}
COMMAND: POST /session/ba8f8306183d693af77ab2140b410afd/element/f.389042B4FF7C30867E20C40CA0954A5B.d.E30047F56B3E5B546E98F9FBF506C611.e.10348/value - {"text":"Unit"}
COMMAND: GET /session/ba8f8306183d693af77ab2140b410afd/screenshot - {}
RESULT: {"text":"Unit"}
COMMAND: GET /session/ba8f8306183d693af77ab2140b410afd/screenshot - {}
RESULT: {}
RESULT: {}
COMMAND: POST /session/ba8f8306183d693af77ab2140b410afd/actions - {"actions":[{"id":"action29","type":"key","parameters":{},"actions":[{"type":"keyDown","value":""},{"type":"pause","duration":10},{"type":"keyUp","value":""}]}]}
RESULT: {"actions":[{"id":"action29","type":"key","parameters":{},"actions":[{"type":"keyDown","value":""},{"type":"pause","duration":10},{"type":"keyUp","value":""}]}]}
COMMAND: POST /session/ba8f8306183d693af77ab2140b410afd/element - {"using":"xpath","value":"//input[@id=\"application-managesites-display-component---NewSite--addressDetailDetailsYard-inner\"]"}
COMMAND: GET /session/ba8f8306183d693af77ab2140b410afd/screenshot - {}
RESULT: {"using":"xpath","value":"//input[@id=\"application-managesites-display-component---NewSite--addressDetailDetailsYard-inner\"]"}
COMMAND: POST /session/ba8f8306183d693af77ab2140b410afd/element/f.389042B4FF7C30867E20C40CA0954A5B.d.E30047F56B3E5B546E98F9FBF506C611.e.10349/clear - {}
RESULT: {}
RESULT: {}
COMMAND: POST /session/ba8f8306183d693af77ab2140b410afd/element/f.389042B4FF7C30867E20C40CA0954A5B.d.E30047F56B3E5B546E98F9FBF506C611.e.10349/value - {"text":"273"}
COMMAND: GET /session/ba8f8306183d693af77ab2140b410afd/screenshot - {}
RESULT: {}
RESULT: {"text":"273"}
COMMAND: GET /session/ba8f8306183d693af77ab2140b410afd/screenshot - {}
RESULT: {}
COMMAND: POST /session/ba8f8306183d693af77ab2140b410afd/element - {"using":"xpath","value":"//li[.//span[text()='273']]"}
RESULT: {"using":"xpath","value":"//li[.//span[text()='273']]"}
COMMAND: POST /session/ba8f8306183d693af77ab2140b410afd/element/f.389042B4FF7C30867E20C40CA0954A5B.d.E30047F56B3E5B546E98F9FBF506C611.e.10611/click - {}
RESULT: {}
COMMAND: GET /session/ba8f8306183d693af77ab2140b410afd/screenshot - {}
RESULT: {}
COMMAND: POST /session/ba8f8306183d693af77ab2140b410afd/element - {"using":"xpath","value":"//input[@id=\"application-managesites-display-component---NewSite--addressDetailDetailsPartner-inner\"]"}
RESULT: {"using":"xpath","value":"//input[@id=\"application-managesites-display-component---NewSite--addressDetailDetailsPartner-inner\"]"}
COMMAND: POST /session/ba8f8306183d693af77ab2140b410afd/element - {"using":"xpath","value":"//input[@id=\"application-managesites-display-component---NewSite--addressDetailDetailsPartner-inner\"]"}
RESULT: {"using":"xpath","value":"//input[@id=\"application-managesites-display-component---NewSite--addressDetailDetailsPartner-inner\"]"}
COMMAND: POST /session/ba8f8306183d693af77ab2140b410afd/element - {"using":"xpath","value":"//button[@data-kt=\"saveButton\"]"}
RESULT: {"using":"xpath","value":"//button[@data-kt=\"saveButton\"]"}
COMMAND: POST /session/ba8f8306183d693af77ab2140b410afd/element/f.389042B4FF7C30867E20C40CA0954A5B.d.E30047F56B3E5B546E98F9FBF506C611.e.10544/click - {}
RESULT: {}
COMMAND: GET /session/ba8f8306183d693af77ab2140b410afd/screenshot - {}
RESULT: {}
COMMAND: POST /session/ba8f8306183d693af77ab2140b410afd/element - {"using":"xpath","value":"//header[contains(@id, 'ObjectPageLayout-headerTitle')]/div[1]/div[2]/div[2]/span[1]"}
RESULT: {"using":"xpath","value":"//header[contains(@id, 'ObjectPageLayout-headerTitle')]/div[1]/div[2]/div[2]/span[1]"}
COMMAND: POST /session/ba8f8306183d693af77ab2140b410afd/elements - {"using":"xpath","value":"//header[contains(@id, 'ObjectPageLayout-headerTitle')]/div[1]/div[2]/div[2]/span[1]"}
RESULT: {"using":"xpath","value":"//header[contains(@id, 'ObjectPageLayout-headerTitle')]/div[1]/div[2]/div[2]/span[1]"}
COMMAND: POST /session/ba8f8306183d693af77ab2140b410afd/execute/sync - {"script":"<script> [56 bytes]","args":[{"element-6066-11e4-a52e-4f735466cecf":"f.389042B4FF7C30867E20C40CA0954A5B.d.E30047F56B3E5B546E98F9FBF506C611.e.10812","ELEMENT":"f.389042B4FF7C30867E20C40CA0954A5B.d.E30047F56B3E5B546E98F9FBF506C611.e.10812"}]}
RESULT: {"script":"<script> [56 bytes]","args":[{"element-6066-11e4-a52e-4f735466cecf":"f.389042B4FF7C30867E20C40CA0954A5B.d.E30047F56B3E5B546E98F9FBF506C611.e.10812","ELEMENT":"f.389042B4FF7C30867E20C40CA0954A5B.d.E30047F56B3E5B546E98F9FBF506C611.e.10812"}]}
COMMAND: POST /session/ba8f8306183d693af77ab2140b410afd/element - {"using":"css selector","value":"#shell-header-logo"}
COMMAND: GET /session/ba8f8306183d693af77ab2140b410afd/screenshot - {}
RESULT: {"using":"css selector","value":"#shell-header-logo"}
COMMAND: POST /session/ba8f8306183d693af77ab2140b410afd/element/f.389042B4FF7C30867E20C40CA0954A5B.d.E30047F56B3E5B546E98F9FBF506C611.e.10109/click - {}
RESULT: {}
RESULT: {}
COMMAND: GET /session/ba8f8306183d693af77ab2140b410afd/screenshot - {}
RESULT: {}
COMMAND: POST /session/ba8f8306183d693af77ab2140b410afd/execute/sync - {"script":"<script> [299 bytes]","args":[["getModel","getResource"]]}
RESULT: {"script":"<script> [299 bytes]","args":[["getModel","getResource"]]}
]]></system-out>
    </testcase>
    <testcase classname="chrome.137_0_7151_69.windows.Billing_Transfer_-_Intracompany_US127249" name="Should create a new equipment" time="146.023">
      <system-out><![CDATA[
COMMAND: GET /session/ba8f8306183d693af77ab2140b410afd/screenshot - {}
COMMAND: POST /session/ba8f8306183d693af77ab2140b410afd/execute/async - {"script":"<script> [1562 bytes]","args":[{"selector":{"controlType":"sap.m.GenericTile","properties":{"header":"Manage Resources"}},"wdio_ui5_key":"sapm.GenericTile{\"header\":\"Manage Resources\"}"}]}
RESULT: {"script":"<script> [1562 bytes]","args":[{"selector":{"controlType":"sap.m.GenericTile","properties":{"header":"Manage Resources"}},"wdio_ui5_key":"sapm.GenericTile{\"header\":\"Manage Resources\"}"}]}
RESULT: undefined
COMMAND: POST /session/ba8f8306183d693af77ab2140b410afd/element - {"using":"xpath","value":"//*[@id=\"__tile40\"]"}
RESULT: {}
RESULT: {"using":"xpath","value":"//*[@id=\"__tile40\"]"}
COMMAND: POST /session/ba8f8306183d693af77ab2140b410afd/element/f.389042B4FF7C30867E20C40CA0954A5B.d.E30047F56B3E5B546E98F9FBF506C611.e.8459/click - {}
RESULT: {}
COMMAND: GET /session/ba8f8306183d693af77ab2140b410afd/screenshot - {}
COMMAND: POST /session/ba8f8306183d693af77ab2140b410afd/elements - {"using":"xpath","value":"//span[text()='Error']"}
RESULT: {}
RESULT: {"using":"xpath","value":"//span[text()='Error']"}
COMMAND: POST /session/ba8f8306183d693af77ab2140b410afd/element - {"using":"xpath","value":"//button[@data-kt=\"addNewRUOverflowToolbarButton\"]"}
RESULT: {"using":"xpath","value":"//button[@data-kt=\"addNewRUOverflowToolbarButton\"]"}
COMMAND: POST /session/ba8f8306183d693af77ab2140b410afd/elements - {"using":"xpath","value":"//button[@data-kt=\"addNewRUOverflowToolbarButton\"]"}
RESULT: {"using":"xpath","value":"//button[@data-kt=\"addNewRUOverflowToolbarButton\"]"}
COMMAND: POST /session/ba8f8306183d693af77ab2140b410afd/elements - {"using":"xpath","value":"//button[@data-kt=\"addNewRUOverflowToolbarButton\"]"}
RESULT: {"using":"xpath","value":"//button[@data-kt=\"addNewRUOverflowToolbarButton\"]"}
COMMAND: POST /session/ba8f8306183d693af77ab2140b410afd/element - {"using":"xpath","value":"//button[@data-kt=\"addNewRUOverflowToolbarButton\"]"}
RESULT: {"using":"xpath","value":"//button[@data-kt=\"addNewRUOverflowToolbarButton\"]"}
COMMAND: POST /session/ba8f8306183d693af77ab2140b410afd/execute/sync - {"script":"<script> [8489 bytes]","args":[{"element-6066-11e4-a52e-4f735466cecf":"f.389042B4FF7C30867E20C40CA0954A5B.d.E30047F56B3E5B546E98F9FBF506C611.e.10854","ELEMENT":"f.389042B4FF7C30867E20C40CA0954A5B.d.E30047F56B3E5B546E98F9FBF506C611.e.10854"}]}
RESULT: {"script":"<script> [8489 bytes]","args":[{"element-6066-11e4-a52e-4f735466cecf":"f.389042B4FF7C30867E20C40CA0954A5B.d.E30047F56B3E5B546E98F9FBF506C611.e.10854","ELEMENT":"f.389042B4FF7C30867E20C40CA0954A5B.d.E30047F56B3E5B546E98F9FBF506C611.e.10854"}]}
COMMAND: GET /session/ba8f8306183d693af77ab2140b410afd/element/f.389042B4FF7C30867E20C40CA0954A5B.d.E30047F56B3E5B546E98F9FBF506C611.e.10854/enabled - {}
COMMAND: GET /session/ba8f8306183d693af77ab2140b410afd/screenshot - {}
RESULT: {}
COMMAND: POST /session/ba8f8306183d693af77ab2140b410afd/execute/sync - {"script":"<script> [8489 bytes]","args":[{"element-6066-11e4-a52e-4f735466cecf":"f.389042B4FF7C30867E20C40CA0954A5B.d.E30047F56B3E5B546E98F9FBF506C611.e.10854","ELEMENT":"f.389042B4FF7C30867E20C40CA0954A5B.d.E30047F56B3E5B546E98F9FBF506C611.e.10854"}]}
COMMAND: GET /session/ba8f8306183d693af77ab2140b410afd/screenshot - {}
RESULT: {}
RESULT: {"script":"<script> [8489 bytes]","args":[{"element-6066-11e4-a52e-4f735466cecf":"f.389042B4FF7C30867E20C40CA0954A5B.d.E30047F56B3E5B546E98F9FBF506C611.e.10854","ELEMENT":"f.389042B4FF7C30867E20C40CA0954A5B.d.E30047F56B3E5B546E98F9FBF506C611.e.10854"}]}
COMMAND: POST /session/ba8f8306183d693af77ab2140b410afd/execute/sync - {"script":"<script> [5351 bytes]","args":[{"element-6066-11e4-a52e-4f735466cecf":"f.389042B4FF7C30867E20C40CA0954A5B.d.E30047F56B3E5B546E98F9FBF506C611.e.10854","ELEMENT":"f.389042B4FF7C30867E20C40CA0954A5B.d.E30047F56B3E5B546E98F9FBF506C611.e.10854"}]}
COMMAND: GET /session/ba8f8306183d693af77ab2140b410afd/screenshot - {}
RESULT: {}
RESULT: {"script":"<script> [5351 bytes]","args":[{"element-6066-11e4-a52e-4f735466cecf":"f.389042B4FF7C30867E20C40CA0954A5B.d.E30047F56B3E5B546E98F9FBF506C611.e.10854","ELEMENT":"f.389042B4FF7C30867E20C40CA0954A5B.d.E30047F56B3E5B546E98F9FBF506C611.e.10854"}]}
COMMAND: POST /session/ba8f8306183d693af77ab2140b410afd/element/f.389042B4FF7C30867E20C40CA0954A5B.d.E30047F56B3E5B546E98F9FBF506C611.e.10854/click - {}
COMMAND: GET /session/ba8f8306183d693af77ab2140b410afd/screenshot - {}
RESULT: {}
RESULT: {}
COMMAND: GET /session/ba8f8306183d693af77ab2140b410afd/screenshot - {}
COMMAND: POST /session/ba8f8306183d693af77ab2140b410afd/execute/async - {"script":"<script> [1562 bytes]","args":[{"selector":{"id":"application-manageresources-display-component---newResourceUnit--TYPE-arrow"},"wdio_ui5_key":"applicationmanageresources-display-component---newResourceUnit--TYPE-arrow"}]}
RESULT: {}
RESULT: {}
RESULT: {"script":"<script> [1562 bytes]","args":[{"selector":{"id":"application-manageresources-display-component---newResourceUnit--TYPE-arrow"},"wdio_ui5_key":"applicationmanageresources-display-component---newResourceUnit--TYPE-arrow"}]}
RESULT: undefined
COMMAND: POST /session/ba8f8306183d693af77ab2140b410afd/element - {"using":"xpath","value":"//*[@id=\"application-manageresources-display-component---newResourceUnit--TYPE-arrow\"]"}
RESULT: {"using":"xpath","value":"//*[@id=\"application-manageresources-display-component---newResourceUnit--TYPE-arrow\"]"}
COMMAND: POST /session/ba8f8306183d693af77ab2140b410afd/element/f.389042B4FF7C30867E20C40CA0954A5B.d.E30047F56B3E5B546E98F9FBF506C611.e.11199/click - {}
RESULT: {}
COMMAND: POST /session/ba8f8306183d693af77ab2140b410afd/element - {"using":"xpath","value":"//input[@id=\"application-manageresources-display-component---newResourceUnit--TYPE-inner\"]"}
COMMAND: GET /session/ba8f8306183d693af77ab2140b410afd/screenshot - {}
RESULT: {"using":"xpath","value":"//input[@id=\"application-manageresources-display-component---newResourceUnit--TYPE-inner\"]"}
COMMAND: POST /session/ba8f8306183d693af77ab2140b410afd/element/f.389042B4FF7C30867E20C40CA0954A5B.d.E30047F56B3E5B546E98F9FBF506C611.e.11195/clear - {}
RESULT: {}
RESULT: {}
COMMAND: POST /session/ba8f8306183d693af77ab2140b410afd/element/f.389042B4FF7C30867E20C40CA0954A5B.d.E30047F56B3E5B546E98F9FBF506C611.e.11195/value - {"text":"Equipment"}
COMMAND: GET /session/ba8f8306183d693af77ab2140b410afd/screenshot - {}
RESULT: {"text":"Equipment"}
COMMAND: GET /session/ba8f8306183d693af77ab2140b410afd/screenshot - {}
RESULT: {}
RESULT: {}
COMMAND: POST /session/ba8f8306183d693af77ab2140b410afd/actions - {"actions":[{"id":"action30","type":"key","parameters":{},"actions":[{"type":"keyDown","value":""},{"type":"pause","duration":10},{"type":"keyUp","value":""}]}]}
RESULT: {"actions":[{"id":"action30","type":"key","parameters":{},"actions":[{"type":"keyDown","value":""},{"type":"pause","duration":10},{"type":"keyUp","value":""}]}]}
COMMAND: POST /session/ba8f8306183d693af77ab2140b410afd/execute/async - {"script":"<script> [1562 bytes]","args":[{"selector":{"id":"application-manageresources-display-component---newResourceUnit--resourceId","interaction":{"idSuffix":"inner"}},"wdio_ui5_key":"applicationmanageresources-display-component---newResourceUnit--resourceId"}]}
COMMAND: GET /session/ba8f8306183d693af77ab2140b410afd/screenshot - {}
RESULT: {"script":"<script> [1562 bytes]","args":[{"selector":{"id":"application-manageresources-display-component---newResourceUnit--resourceId","interaction":{"idSuffix":"inner"}},"wdio_ui5_key":"applicationmanageresources-display-component---newResourceUnit--resourceId"}]}
RESULT: undefined
COMMAND: POST /session/ba8f8306183d693af77ab2140b410afd/execute/async - {"script":"<script> [776 bytes]","args":[{"enterText":"caPix4zgVP","selector":{"id":"application-manageresources-display-component---newResourceUnit--resourceId","interaction":{"idSuffix":"inner"}},"clearTextFirst":true,"interactionType":"ENTER_TEXT"}]}
RESULT: {}
RESULT: {"script":"<script> [776 bytes]","args":[{"enterText":"caPix4zgVP","selector":{"id":"application-manageresources-display-component---newResourceUnit--resourceId","interaction":{"idSuffix":"inner"}},"clearTextFirst":true,"interactionType":"ENTER_TEXT"}]}
COMMAND: POST /session/ba8f8306183d693af77ab2140b410afd/execute/async - {"script":"<script> [1562 bytes]","args":[{"selector":{"id":"application-manageresources-display-component---newResourceUnit--SHORT_TEXT","interaction":{"idSuffix":"inner"}},"wdio_ui5_key":"applicationmanageresources-display-component---newResourceUnit--SHORT_TEXT"}]}
RESULT: {"script":"<script> [1562 bytes]","args":[{"selector":{"id":"application-manageresources-display-component---newResourceUnit--SHORT_TEXT","interaction":{"idSuffix":"inner"}},"wdio_ui5_key":"applicationmanageresources-display-component---newResourceUnit--SHORT_TEXT"}]}
RESULT: undefined
COMMAND: POST /session/ba8f8306183d693af77ab2140b410afd/execute/async - {"script":"<script> [776 bytes]","args":[{"enterText":"Intercompany Equipment WDIO","selector":{"id":"application-manageresources-display-component---newResourceUnit--SHORT_TEXT","interaction":{"idSuffix":"inner"}},"clearTextFirst":true,"interactionType":"ENTER_TEXT"}]}
RESULT: {"script":"<script> [776 bytes]","args":[{"enterText":"Intercompany Equipment WDIO","selector":{"id":"application-manageresources-display-component---newResourceUnit--SHORT_TEXT","interaction":{"idSuffix":"inner"}},"clearTextFirst":true,"interactionType":"ENTER_TEXT"}]}
COMMAND: POST /session/ba8f8306183d693af77ab2140b410afd/execute/async - {"script":"<script> [1562 bytes]","args":[{"selector":{"id":"application-manageresources-display-component---newResourceUnit--BASE_UNIT_OF_MEASURE","interaction":{"idSuffix":"inner"}},"wdio_ui5_key":"applicationmanageresources-display-component---newResourceUnit--BASE_UNIT_OF_MEASURE"}]}
RESULT: {"script":"<script> [1562 bytes]","args":[{"selector":{"id":"application-manageresources-display-component---newResourceUnit--BASE_UNIT_OF_MEASURE","interaction":{"idSuffix":"inner"}},"wdio_ui5_key":"applicationmanageresources-display-component---newResourceUnit--BASE_UNIT_OF_MEASURE"}]}
RESULT: undefined
COMMAND: POST /session/ba8f8306183d693af77ab2140b410afd/execute/async - {"script":"<script> [776 bytes]","args":[{"enterText":"Piece","selector":{"id":"application-manageresources-display-component---newResourceUnit--BASE_UNIT_OF_MEASURE","interaction":{"idSuffix":"inner"}},"clearTextFirst":true,"interactionType":"ENTER_TEXT"}]}
RESULT: {"script":"<script> [776 bytes]","args":[{"enterText":"Piece","selector":{"id":"application-manageresources-display-component---newResourceUnit--BASE_UNIT_OF_MEASURE","interaction":{"idSuffix":"inner"}},"clearTextFirst":true,"interactionType":"ENTER_TEXT"}]}
COMMAND: POST /session/ba8f8306183d693af77ab2140b410afd/execute/async - {"script":"<script> [1562 bytes]","args":[{"selector":{"id":"application-manageresources-display-component---newResourceUnit--WEIGHT_UNIT","interaction":{"idSuffix":"inner"}},"wdio_ui5_key":"applicationmanageresources-display-component---newResourceUnit--WEIGHT_UNIT"}]}
RESULT: {"script":"<script> [1562 bytes]","args":[{"selector":{"id":"application-manageresources-display-component---newResourceUnit--WEIGHT_UNIT","interaction":{"idSuffix":"inner"}},"wdio_ui5_key":"applicationmanageresources-display-component---newResourceUnit--WEIGHT_UNIT"}]}
RESULT: undefined
COMMAND: POST /session/ba8f8306183d693af77ab2140b410afd/execute/async - {"script":"<script> [776 bytes]","args":[{"enterText":"Gram","selector":{"id":"application-manageresources-display-component---newResourceUnit--WEIGHT_UNIT","interaction":{"idSuffix":"inner"}},"clearTextFirst":true,"interactionType":"ENTER_TEXT"}]}
RESULT: {"script":"<script> [776 bytes]","args":[{"enterText":"Gram","selector":{"id":"application-manageresources-display-component---newResourceUnit--WEIGHT_UNIT","interaction":{"idSuffix":"inner"}},"clearTextFirst":true,"interactionType":"ENTER_TEXT"}]}
COMMAND: POST /session/ba8f8306183d693af77ab2140b410afd/execute/async - {"script":"<script> [1562 bytes]","args":[{"selector":{"id":"application-manageresources-display-component---newResourceUnit--DIMENSION_UNIT","interaction":{"idSuffix":"inner"}},"wdio_ui5_key":"applicationmanageresources-display-component---newResourceUnit--DIMENSION_UNIT"}]}
RESULT: {"script":"<script> [1562 bytes]","args":[{"selector":{"id":"application-manageresources-display-component---newResourceUnit--DIMENSION_UNIT","interaction":{"idSuffix":"inner"}},"wdio_ui5_key":"applicationmanageresources-display-component---newResourceUnit--DIMENSION_UNIT"}]}
RESULT: undefined
COMMAND: POST /session/ba8f8306183d693af77ab2140b410afd/execute/async - {"script":"<script> [776 bytes]","args":[{"enterText":"Meter","selector":{"id":"application-manageresources-display-component---newResourceUnit--DIMENSION_UNIT","interaction":{"idSuffix":"inner"}},"clearTextFirst":true,"interactionType":"ENTER_TEXT"}]}
RESULT: {"script":"<script> [776 bytes]","args":[{"enterText":"Meter","selector":{"id":"application-manageresources-display-component---newResourceUnit--DIMENSION_UNIT","interaction":{"idSuffix":"inner"}},"clearTextFirst":true,"interactionType":"ENTER_TEXT"}]}
COMMAND: POST /session/ba8f8306183d693af77ab2140b410afd/execute/async - {"script":"<script> [1562 bytes]","args":[{"selector":{"id":"application-manageresources-display-component---newResourceUnit--newRRUPage-anchBar-application-manageresources-display-component---newResourceUnit--control-anchor","interaction":{"idSuffix":"BDI-content"}},"wdio_ui5_key":"applicationmanageresources-display-component---newResourceUnit--newRRUPage-anchBar-application-manageresources-display-component---newResourceUnit--control-anchor"}]}
RESULT: {"script":"<script> [1562 bytes]","args":[{"selector":{"id":"application-manageresources-display-component---newResourceUnit--newRRUPage-anchBar-application-manageresources-display-component---newResourceUnit--control-anchor","interaction":{"idSuffix":"BDI-content"}},"wdio_ui5_key":"applicationmanageresources-display-component---newResourceUnit--newRRUPage-anchBar-application-manageresources-display-component---newResourceUnit--control-anchor"}]}
RESULT: undefined
COMMAND: POST /session/ba8f8306183d693af77ab2140b410afd/element - {"using":"xpath","value":"//*[@id=\"application-manageresources-display-component---newResourceUnit--newRRUPage-anchBar-application-manageresources-display-component---newResourceUnit--control-anchor\"]"}
RESULT: {"using":"xpath","value":"//*[@id=\"application-manageresources-display-component---newResourceUnit--newRRUPage-anchBar-application-manageresources-display-component---newResourceUnit--control-anchor\"]"}
COMMAND: POST /session/ba8f8306183d693af77ab2140b410afd/element/f.389042B4FF7C30867E20C40CA0954A5B.d.E30047F56B3E5B546E98F9FBF506C611.e.11355/click - {}
RESULT: {}
COMMAND: POST /session/ba8f8306183d693af77ab2140b410afd/execute/async - {"script":"<script> [1562 bytes]","args":[{"selector":{"id":"application-manageresources-display-component---newResourceUnit--PLANNING_GROUP","interaction":{"idSuffix":"inner"}},"wdio_ui5_key":"applicationmanageresources-display-component---newResourceUnit--PLANNING_GROUP"}]}
COMMAND: GET /session/ba8f8306183d693af77ab2140b410afd/screenshot - {}
RESULT: {"script":"<script> [1562 bytes]","args":[{"selector":{"id":"application-manageresources-display-component---newResourceUnit--PLANNING_GROUP","interaction":{"idSuffix":"inner"}},"wdio_ui5_key":"applicationmanageresources-display-component---newResourceUnit--PLANNING_GROUP"}]}
RESULT: undefined
COMMAND: POST /session/ba8f8306183d693af77ab2140b410afd/execute/async - {"script":"<script> [776 bytes]","args":[{"enterText":"Heavy Equi","selector":{"id":"application-manageresources-display-component---newResourceUnit--PLANNING_GROUP","interaction":{"idSuffix":"inner"}},"clearTextFirst":true,"interactionType":"ENTER_TEXT"}]}
RESULT: {}
RESULT: {"script":"<script> [776 bytes]","args":[{"enterText":"Heavy Equi","selector":{"id":"application-manageresources-display-component---newResourceUnit--PLANNING_GROUP","interaction":{"idSuffix":"inner"}},"clearTextFirst":true,"interactionType":"ENTER_TEXT"}]}
COMMAND: POST /session/ba8f8306183d693af77ab2140b410afd/execute/async - {"script":"<script> [1562 bytes]","args":[{"selector":{"id":"application-manageresources-display-component---newResourceUnit--ITEM_TYPE-arrow"},"wdio_ui5_key":"applicationmanageresources-display-component---newResourceUnit--ITEM_TYPE-arrow"}]}
RESULT: {"script":"<script> [1562 bytes]","args":[{"selector":{"id":"application-manageresources-display-component---newResourceUnit--ITEM_TYPE-arrow"},"wdio_ui5_key":"applicationmanageresources-display-component---newResourceUnit--ITEM_TYPE-arrow"}]}
RESULT: undefined
COMMAND: POST /session/ba8f8306183d693af77ab2140b410afd/element - {"using":"xpath","value":"//*[@id=\"application-manageresources-display-component---newResourceUnit--ITEM_TYPE-arrow\"]"}
RESULT: {"using":"xpath","value":"//*[@id=\"application-manageresources-display-component---newResourceUnit--ITEM_TYPE-arrow\"]"}
COMMAND: POST /session/ba8f8306183d693af77ab2140b410afd/element/f.389042B4FF7C30867E20C40CA0954A5B.d.E30047F56B3E5B546E98F9FBF506C611.e.11362/click - {}
RESULT: {}
COMMAND: POST /session/ba8f8306183d693af77ab2140b410afd/element - {"using":"xpath","value":"//ul[contains(@id,\"ITEM_TYPE-popup-list-listUl\")]//li[.//span[contains(text(),\"Resource Unit\")]]"}
COMMAND: GET /session/ba8f8306183d693af77ab2140b410afd/screenshot - {}
RESULT: {"using":"xpath","value":"//ul[contains(@id,\"ITEM_TYPE-popup-list-listUl\")]//li[.//span[contains(text(),\"Resource Unit\")]]"}
COMMAND: POST /session/ba8f8306183d693af77ab2140b410afd/element/f.389042B4FF7C30867E20C40CA0954A5B.d.E30047F56B3E5B546E98F9FBF506C611.e.11363/click - {}
RESULT: {}
RESULT: {}
COMMAND: GET /session/ba8f8306183d693af77ab2140b410afd/screenshot - {}
RESULT: {}
COMMAND: POST /session/ba8f8306183d693af77ab2140b410afd/element - {"using":"css selector","value":"#application-manageresources-display-component---newResourceUnit--btnAddTimeSegment"}
RESULT: {"using":"css selector","value":"#application-manageresources-display-component---newResourceUnit--btnAddTimeSegment"}
COMMAND: GET /session/ba8f8306183d693af77ab2140b410afd/element/f.389042B4FF7C30867E20C40CA0954A5B.d.E30047F56B3E5B546E98F9FBF506C611.e.11371/rect - {}
RESULT: {}
COMMAND: GET /session/ba8f8306183d693af77ab2140b410afd/window/rect - {}
RESULT: {}
COMMAND: POST /session/ba8f8306183d693af77ab2140b410afd/execute/sync - {"script":"<script> [92 bytes]","args":[]}
RESULT: {"script":"<script> [92 bytes]","args":[]}
COMMAND: POST /session/ba8f8306183d693af77ab2140b410afd/actions - {"actions":[{"id":"action31","type":"wheel","parameters":{},"actions":[{"type":"scroll","x":-1888,"y":-32,"deltaX":0,"deltaY":0,"duration":0,"origin":{"element-6066-11e4-a52e-4f735466cecf":"f.389042B4FF7C30867E20C40CA0954A5B.d.E30047F56B3E5B546E98F9FBF506C611.e.11371"}}]}]}
COMMAND: GET /session/ba8f8306183d693af77ab2140b410afd/screenshot - {}
RESULT: {}
COMMAND: POST /session/ba8f8306183d693af77ab2140b410afd/execute/sync - {"script":"<script> [79 bytes]","args":[{"element-6066-11e4-a52e-4f735466cecf":"f.389042B4FF7C30867E20C40CA0954A5B.d.E30047F56B3E5B546E98F9FBF506C611.e.11371","ELEMENT":"f.389042B4FF7C30867E20C40CA0954A5B.d.E30047F56B3E5B546E98F9FBF506C611.e.11371"},{"block":"start","inline":"nearest"}]}
RESULT: {"script":"<script> [79 bytes]","args":[{"element-6066-11e4-a52e-4f735466cecf":"f.389042B4FF7C30867E20C40CA0954A5B.d.E30047F56B3E5B546E98F9FBF506C611.e.11371","ELEMENT":"f.389042B4FF7C30867E20C40CA0954A5B.d.E30047F56B3E5B546E98F9FBF506C611.e.11371"},{"block":"start","inline":"nearest"}]}
COMMAND: POST /session/ba8f8306183d693af77ab2140b410afd/execute/async - {"script":"<script> [1562 bytes]","args":[{"selector":{"id":"application-manageresources-display-component---newResourceUnit--btnAddTimeSegment","interaction":{"idSuffix":"inner"}},"wdio_ui5_key":"applicationmanageresources-display-component---newResourceUnit--btnAddTimeSegment"}]}
COMMAND: GET /session/ba8f8306183d693af77ab2140b410afd/screenshot - {}
RESULT: {"script":"<script> [1562 bytes]","args":[{"selector":{"id":"application-manageresources-display-component---newResourceUnit--btnAddTimeSegment","interaction":{"idSuffix":"inner"}},"wdio_ui5_key":"applicationmanageresources-display-component---newResourceUnit--btnAddTimeSegment"}]}
RESULT: undefined
COMMAND: POST /session/ba8f8306183d693af77ab2140b410afd/element - {"using":"xpath","value":"//*[@id=\"application-manageresources-display-component---newResourceUnit--btnAddTimeSegment\"]"}
RESULT: {}
RESULT: {"using":"xpath","value":"//*[@id=\"application-manageresources-display-component---newResourceUnit--btnAddTimeSegment\"]"}
COMMAND: POST /session/ba8f8306183d693af77ab2140b410afd/element/f.389042B4FF7C30867E20C40CA0954A5B.d.E30047F56B3E5B546E98F9FBF506C611.e.11371/click - {}
RESULT: {}
COMMAND: GET /session/ba8f8306183d693af77ab2140b410afd/screenshot - {}
RESULT: {}
COMMAND: POST /session/ba8f8306183d693af77ab2140b410afd/element - {"using":"xpath","value":"//input[@id=\"application-manageresources-display-component---newResourceUnit--idRuTSAdmin-application-manageresources-display-component---newResourceUnit--RUTimeSegment-0-inner\"]"}
RESULT: {"using":"xpath","value":"//input[@id=\"application-manageresources-display-component---newResourceUnit--idRuTSAdmin-application-manageresources-display-component---newResourceUnit--RUTimeSegment-0-inner\"]"}
COMMAND: POST /session/ba8f8306183d693af77ab2140b410afd/element/f.389042B4FF7C30867E20C40CA0954A5B.d.E30047F56B3E5B546E98F9FBF506C611.e.11377/clear - {}
RESULT: {}
COMMAND: POST /session/ba8f8306183d693af77ab2140b410afd/element/f.389042B4FF7C30867E20C40CA0954A5B.d.E30047F56B3E5B546E98F9FBF506C611.e.11377/value - {"text":"273"}
COMMAND: GET /session/ba8f8306183d693af77ab2140b410afd/screenshot - {}
RESULT: {"text":"273"}
COMMAND: GET /session/ba8f8306183d693af77ab2140b410afd/screenshot - {}
RESULT: {}
RESULT: {}
COMMAND: POST /session/ba8f8306183d693af77ab2140b410afd/element - {"using":"xpath","value":"//li[.//span[text()='273']]"}
RESULT: {"using":"xpath","value":"//li[.//span[text()='273']]"}
COMMAND: POST /session/ba8f8306183d693af77ab2140b410afd/element/f.389042B4FF7C30867E20C40CA0954A5B.d.E30047F56B3E5B546E98F9FBF506C611.e.11389/click - {}
RESULT: {}
COMMAND: GET /session/ba8f8306183d693af77ab2140b410afd/screenshot - {}
RESULT: {}
COMMAND: POST /session/ba8f8306183d693af77ab2140b410afd/element - {"using":"xpath","value":"(//span[contains(@id, \"-application-manageresources-display-component---newResourceUnit--RUTimeSegment-0-arrow\")])[6]"}
RESULT: {"using":"xpath","value":"(//span[contains(@id, \"-application-manageresources-display-component---newResourceUnit--RUTimeSegment-0-arrow\")])[6]"}
COMMAND: POST /session/ba8f8306183d693af77ab2140b410afd/element/f.389042B4FF7C30867E20C40CA0954A5B.d.E30047F56B3E5B546E98F9FBF506C611.e.11390/click - {}
RESULT: {}
COMMAND: GET /session/ba8f8306183d693af77ab2140b410afd/screenshot - {}
RESULT: {}
COMMAND: POST /session/ba8f8306183d693af77ab2140b410afd/element - {"using":"xpath","value":"//span[contains(text(), \"PM Order\")]"}
RESULT: {"using":"xpath","value":"//span[contains(text(), \"PM Order\")]"}
COMMAND: POST /session/ba8f8306183d693af77ab2140b410afd/element/f.389042B4FF7C30867E20C40CA0954A5B.d.E30047F56B3E5B546E98F9FBF506C611.e.11393/click - {}
RESULT: {}
COMMAND: GET /session/ba8f8306183d693af77ab2140b410afd/screenshot - {}
RESULT: {}
COMMAND: POST /session/ba8f8306183d693af77ab2140b410afd/element - {"using":"xpath","value":"(//span[contains(@id ,\"manageresources-display-component---newResourceUnit--RUTimeSegment-0-vhi\")])[1]"}
RESULT: {"using":"xpath","value":"(//span[contains(@id ,\"manageresources-display-component---newResourceUnit--RUTimeSegment-0-vhi\")])[1]"}
COMMAND: GET /session/ba8f8306183d693af77ab2140b410afd/element/f.389042B4FF7C30867E20C40CA0954A5B.d.E30047F56B3E5B546E98F9FBF506C611.e.11397/rect - {}
RESULT: {}
COMMAND: GET /session/ba8f8306183d693af77ab2140b410afd/window/rect - {}
RESULT: {}
COMMAND: POST /session/ba8f8306183d693af77ab2140b410afd/execute/sync - {"script":"<script> [92 bytes]","args":[]}
RESULT: {"script":"<script> [92 bytes]","args":[]}
COMMAND: POST /session/ba8f8306183d693af77ab2140b410afd/actions - {"actions":[{"id":"action32","type":"wheel","parameters":{},"actions":[{"type":"scroll","x":-869,"y":-24,"deltaX":0,"deltaY":0,"duration":0,"origin":{"element-6066-11e4-a52e-4f735466cecf":"f.389042B4FF7C30867E20C40CA0954A5B.d.E30047F56B3E5B546E98F9FBF506C611.e.11397"}}]}]}
COMMAND: GET /session/ba8f8306183d693af77ab2140b410afd/screenshot - {}
RESULT: {"actions":[{"id":"action32","type":"wheel","parameters":{},"actions":[{"type":"scroll","x":-869,"y":-24,"deltaX":0,"deltaY":0,"duration":0,"origin":{"element-6066-11e4-a52e-4f735466cecf":"f.389042B4FF7C30867E20C40CA0954A5B.d.E30047F56B3E5B546E98F9FBF506C611.e.11397"}}]}]}
COMMAND: DELETE /session/ba8f8306183d693af77ab2140b410afd/actions - {}
COMMAND: GET /session/ba8f8306183d693af77ab2140b410afd/screenshot - {}
RESULT: {}
RESULT: {}
COMMAND: GET /session/ba8f8306183d693af77ab2140b410afd/screenshot - {}
RESULT: {}
RESULT: {}
COMMAND: POST /session/ba8f8306183d693af77ab2140b410afd/element/f.389042B4FF7C30867E20C40CA0954A5B.d.E30047F56B3E5B546E98F9FBF506C611.e.11397/click - {}
RESULT: {}
COMMAND: GET /session/ba8f8306183d693af77ab2140b410afd/screenshot - {}
RESULT: {}
RESULT: undefined
COMMAND: POST /session/ba8f8306183d693af77ab2140b410afd/execute/async - {"script":"<script> [776 bytes]","args":[{"enterText":"4000360","selector":{"controlType":"sap.m.SearchField","properties":{"placeholder":"Search"},"searchOpenDialogs":true,"interaction":{"idSuffix":"I"}},"clearTextFirst":true,"interactionType":"ENTER_TEXT"}]}
RESULT: {"script":"<script> [776 bytes]","args":[{"enterText":"4000360","selector":{"controlType":"sap.m.SearchField","properties":{"placeholder":"Search"},"searchOpenDialogs":true,"interaction":{"idSuffix":"I"}},"clearTextFirst":true,"interactionType":"ENTER_TEXT"}]}
COMMAND: POST /session/ba8f8306183d693af77ab2140b410afd/actions - {"actions":[{"id":"action33","type":"key","parameters":{},"actions":[{"type":"keyDown","value":""},{"type":"pause","duration":10},{"type":"keyUp","value":""}]}]}
RESULT: {"actions":[{"id":"action33","type":"key","parameters":{},"actions":[{"type":"keyDown","value":""},{"type":"pause","duration":10},{"type":"keyUp","value":""}]}]}
COMMAND: GET /session/ba8f8306183d693af77ab2140b410afd/screenshot - {}
RESULT: {}
COMMAND: POST /session/ba8f8306183d693af77ab2140b410afd/element - {"using":"xpath","value":"//td/div/span[contains(text(), \"BGL Vehicles\")]"}
RESULT: {"using":"xpath","value":"//td/div/span[contains(text(), \"BGL Vehicles\")]"}
COMMAND: POST /session/ba8f8306183d693af77ab2140b410afd/element/f.389042B4FF7C30867E20C40CA0954A5B.d.E30047F56B3E5B546E98F9FBF506C611.e.11418/click - {}
RESULT: {}
COMMAND: GET /session/ba8f8306183d693af77ab2140b410afd/screenshot - {}
RESULT: {}
COMMAND: POST /session/ba8f8306183d693af77ab2140b410afd/element - {"using":"xpath","value":"//bdi[contains(text(), \"OK\")]"}
RESULT: {"using":"xpath","value":"//bdi[contains(text(), \"OK\")]"}
COMMAND: POST /session/ba8f8306183d693af77ab2140b410afd/element/f.389042B4FF7C30867E20C40CA0954A5B.d.E30047F56B3E5B546E98F9FBF506C611.e.11419/click - {}
RESULT: {}
COMMAND: GET /session/ba8f8306183d693af77ab2140b410afd/screenshot - {}
RESULT: {}
COMMAND: POST /session/ba8f8306183d693af77ab2140b410afd/execute/async - {"script":"<script> [1562 bytes]","args":[{"selector":{"id":"application-manageresources-display-component---newResourceUnit--newRRUPage-anchBar-application-manageresources-display-component---newResourceUnit--resource-anchor","interaction":{"idSuffix":"BDI-content"}},"wdio_ui5_key":"applicationmanageresources-display-component---newResourceUnit--newRRUPage-anchBar-application-manageresources-display-component---newResourceUnit--resource-anchor"}]}
RESULT: {"script":"<script> [1562 bytes]","args":[{"selector":{"id":"application-manageresources-display-component---newResourceUnit--newRRUPage-anchBar-application-manageresources-display-component---newResourceUnit--resource-anchor","interaction":{"idSuffix":"BDI-content"}},"wdio_ui5_key":"applicationmanageresources-display-component---newResourceUnit--newRRUPage-anchBar-application-manageresources-display-component---newResourceUnit--resource-anchor"}]}
RESULT: undefined
COMMAND: POST /session/ba8f8306183d693af77ab2140b410afd/element - {"using":"xpath","value":"//*[@id=\"application-manageresources-display-component---newResourceUnit--newRRUPage-anchBar-application-manageresources-display-component---newResourceUnit--resource-anchor\"]"}
RESULT: {"using":"xpath","value":"//*[@id=\"application-manageresources-display-component---newResourceUnit--newRRUPage-anchBar-application-manageresources-display-component---newResourceUnit--resource-anchor\"]"}
COMMAND: POST /session/ba8f8306183d693af77ab2140b410afd/element/f.389042B4FF7C30867E20C40CA0954A5B.d.E30047F56B3E5B546E98F9FBF506C611.e.11423/click - {}
RESULT: {}
COMMAND: POST /session/ba8f8306183d693af77ab2140b410afd/execute/async - {"script":"<script> [1562 bytes]","args":[{"selector":{"id":"application-manageresources-display-component---newResourceUnit--PLANNED_DELIVERY_DATE","interaction":{"idSuffix":"inner"}},"wdio_ui5_key":"applicationmanageresources-display-component---newResourceUnit--PLANNED_DELIVERY_DATE"}]}
COMMAND: GET /session/ba8f8306183d693af77ab2140b410afd/screenshot - {}
RESULT: {"script":"<script> [1562 bytes]","args":[{"selector":{"id":"application-manageresources-display-component---newResourceUnit--PLANNED_DELIVERY_DATE","interaction":{"idSuffix":"inner"}},"wdio_ui5_key":"applicationmanageresources-display-component---newResourceUnit--PLANNED_DELIVERY_DATE"}]}
RESULT: undefined
COMMAND: POST /session/ba8f8306183d693af77ab2140b410afd/execute/async - {"script":"<script> [6424 bytes]","args":[{"element-6066-11e4-a52e-4f735466cecf":"f.389042B4FF7C30867E20C40CA0954A5B.d.E30047F56B3E5B546E98F9FBF506C611.e.11255"},"setValue",["6/14/25"]]}
RESULT: {}
RESULT: {"script":"<script> [6424 bytes]","args":[{"element-6066-11e4-a52e-4f735466cecf":"f.389042B4FF7C30867E20C40CA0954A5B.d.E30047F56B3E5B546E98F9FBF506C611.e.11255"},"setValue",["6/14/25"]]}
COMMAND: POST /session/ba8f8306183d693af77ab2140b410afd/element - {"using":"xpath","value":"//label[contains(@class, 'sapMLabelRequired') and .//bdi[contains(text(), 'Planned Retirement')]]"}
RESULT: {"using":"xpath","value":"//label[contains(@class, 'sapMLabelRequired') and .//bdi[contains(text(), 'Planned Retirement')]]"}
COMMAND: POST /session/ba8f8306183d693af77ab2140b410afd/elements - {"using":"xpath","value":"//label[contains(@class, 'sapMLabelRequired') and .//bdi[contains(text(), 'Planned Retirement')]]"}
RESULT: {"using":"xpath","value":"//label[contains(@class, 'sapMLabelRequired') and .//bdi[contains(text(), 'Planned Retirement')]]"}
COMMAND: POST /session/ba8f8306183d693af77ab2140b410afd/element - {"using":"xpath","value":"//button[@data-kt=\"resourceUnitSaveButton\"]"}
RESULT: {"using":"xpath","value":"//button[@data-kt=\"resourceUnitSaveButton\"]"}
COMMAND: POST /session/ba8f8306183d693af77ab2140b410afd/element/f.389042B4FF7C30867E20C40CA0954A5B.d.E30047F56B3E5B546E98F9FBF506C611.e.11215/click - {}
RESULT: {}
COMMAND: GET /session/ba8f8306183d693af77ab2140b410afd/screenshot - {}
RESULT: {}
COMMAND: POST /session/ba8f8306183d693af77ab2140b410afd/element - {"using":"xpath","value":"//bdi[contains(text(), \"Close\")]"}
RESULT: {"using":"xpath","value":"//bdi[contains(text(), \"Close\")]"}
COMMAND: POST /session/ba8f8306183d693af77ab2140b410afd/element/f.389042B4FF7C30867E20C40CA0954A5B.d.E30047F56B3E5B546E98F9FBF506C611.e.11433/click - {}
RESULT: {}
COMMAND: GET /session/ba8f8306183d693af77ab2140b410afd/screenshot - {}
COMMAND: POST /session/ba8f8306183d693af77ab2140b410afd/element - {"using":"xpath","value":"(//button[contains(@id ,\"actionsToolbar-overflowButton\")])[1]"}
RESULT: {}
RESULT: {"using":"xpath","value":"(//button[contains(@id ,\"actionsToolbar-overflowButton\")])[1]"}
COMMAND: POST /session/ba8f8306183d693af77ab2140b410afd/element/f.389042B4FF7C30867E20C40CA0954A5B.d.E30047F56B3E5B546E98F9FBF506C611.e.11464/click - {}
RESULT: {}
COMMAND: GET /session/ba8f8306183d693af77ab2140b410afd/screenshot - {}
RESULT: {}
COMMAND: POST /session/ba8f8306183d693af77ab2140b410afd/element - {"using":"xpath","value":"//button[@data-kt=\"priceInfoButton\"]"}
RESULT: {"using":"xpath","value":"//button[@data-kt=\"priceInfoButton\"]"}
COMMAND: POST /session/ba8f8306183d693af77ab2140b410afd/element/f.389042B4FF7C30867E20C40CA0954A5B.d.E30047F56B3E5B546E98F9FBF506C611.e.11468/click - {}
RESULT: {}
COMMAND: GET /session/ba8f8306183d693af77ab2140b410afd/screenshot - {}
]]></system-out>
    </testcase>
    <testcase classname="chrome.137_0_7151_69.windows.Billing_Transfer_-_Intracompany_US127249" name="Should create a pricing procedure" time="61.928">
      <system-out><![CDATA[
COMMAND: POST /session/ba8f8306183d693af77ab2140b410afd/element - {"using":"xpath","value":"//button[@data-kt=\"addButton\"]"}
RESULT: {}
RESULT: {"using":"xpath","value":"//button[@data-kt=\"addButton\"]"}
COMMAND: POST /session/ba8f8306183d693af77ab2140b410afd/elements - {"using":"xpath","value":"//button[@data-kt=\"addButton\"]"}
RESULT: {"using":"xpath","value":"//button[@data-kt=\"addButton\"]"}
COMMAND: POST /session/ba8f8306183d693af77ab2140b410afd/execute/sync - {"script":"<script> [8489 bytes]","args":[{"element-6066-11e4-a52e-4f735466cecf":"f.389042B4FF7C30867E20C40CA0954A5B.d.E30047F56B3E5B546E98F9FBF506C611.e.11514","ELEMENT":"f.389042B4FF7C30867E20C40CA0954A5B.d.E30047F56B3E5B546E98F9FBF506C611.e.11514"}]}
RESULT: {"script":"<script> [8489 bytes]","args":[{"element-6066-11e4-a52e-4f735466cecf":"f.389042B4FF7C30867E20C40CA0954A5B.d.E30047F56B3E5B546E98F9FBF506C611.e.11514","ELEMENT":"f.389042B4FF7C30867E20C40CA0954A5B.d.E30047F56B3E5B546E98F9FBF506C611.e.11514"}]}
COMMAND: GET /session/ba8f8306183d693af77ab2140b410afd/element/f.389042B4FF7C30867E20C40CA0954A5B.d.E30047F56B3E5B546E98F9FBF506C611.e.11514/enabled - {}
COMMAND: GET /session/ba8f8306183d693af77ab2140b410afd/screenshot - {}
RESULT: {}
COMMAND: POST /session/ba8f8306183d693af77ab2140b410afd/execute/sync - {"script":"<script> [8489 bytes]","args":[{"element-6066-11e4-a52e-4f735466cecf":"f.389042B4FF7C30867E20C40CA0954A5B.d.E30047F56B3E5B546E98F9FBF506C611.e.11514","ELEMENT":"f.389042B4FF7C30867E20C40CA0954A5B.d.E30047F56B3E5B546E98F9FBF506C611.e.11514"}]}
COMMAND: GET /session/ba8f8306183d693af77ab2140b410afd/screenshot - {}
RESULT: {}
RESULT: {"script":"<script> [8489 bytes]","args":[{"element-6066-11e4-a52e-4f735466cecf":"f.389042B4FF7C30867E20C40CA0954A5B.d.E30047F56B3E5B546E98F9FBF506C611.e.11514","ELEMENT":"f.389042B4FF7C30867E20C40CA0954A5B.d.E30047F56B3E5B546E98F9FBF506C611.e.11514"}]}
COMMAND: POST /session/ba8f8306183d693af77ab2140b410afd/execute/sync - {"script":"<script> [5351 bytes]","args":[{"element-6066-11e4-a52e-4f735466cecf":"f.389042B4FF7C30867E20C40CA0954A5B.d.E30047F56B3E5B546E98F9FBF506C611.e.11514","ELEMENT":"f.389042B4FF7C30867E20C40CA0954A5B.d.E30047F56B3E5B546E98F9FBF506C611.e.11514"}]}
COMMAND: GET /session/ba8f8306183d693af77ab2140b410afd/screenshot - {}
RESULT: {}
RESULT: {"script":"<script> [5351 bytes]","args":[{"element-6066-11e4-a52e-4f735466cecf":"f.389042B4FF7C30867E20C40CA0954A5B.d.E30047F56B3E5B546E98F9FBF506C611.e.11514","ELEMENT":"f.389042B4FF7C30867E20C40CA0954A5B.d.E30047F56B3E5B546E98F9FBF506C611.e.11514"}]}
COMMAND: POST /session/ba8f8306183d693af77ab2140b410afd/element/f.389042B4FF7C30867E20C40CA0954A5B.d.E30047F56B3E5B546E98F9FBF506C611.e.11514/click - {}
COMMAND: GET /session/ba8f8306183d693af77ab2140b410afd/screenshot - {}
RESULT: {}
RESULT: {}
COMMAND: GET /session/ba8f8306183d693af77ab2140b410afd/screenshot - {}
RESULT: {}
RESULT: {}
COMMAND: POST /session/ba8f8306183d693af77ab2140b410afd/execute/async - {"script":"<script> [1562 bytes]","args":[{"selector":{"controlType":"sap.m.Title","viewName":"etm.portal.ui.managepricingrules.view.NewItem","viewId":"application-managepricingrules-display-component---newInfoPriceItem","properties":{"text":"New Pricing Rules - Item Level"}},"wdio_ui5_key":"etmportal.ui.managepricingrules.view.NewItemsap.m.Title{\"text\":\"New Pricing Rules - Item Level\"}"}]}
RESULT: {"script":"<script> [1562 bytes]","args":[{"selector":{"controlType":"sap.m.Title","viewName":"etm.portal.ui.managepricingrules.view.NewItem","viewId":"application-managepricingrules-display-component---newInfoPriceItem","properties":{"text":"New Pricing Rules - Item Level"}},"wdio_ui5_key":"etmportal.ui.managepricingrules.view.NewItemsap.m.Title{\"text\":\"New Pricing Rules - Item Level\"}"}]}
RESULT: undefined
COMMAND: POST /session/ba8f8306183d693af77ab2140b410afd/execute/async - {"script":"<script> [6424 bytes]","args":[{"element-6066-11e4-a52e-4f735466cecf":"f.389042B4FF7C30867E20C40CA0954A5B.d.E30047F56B3E5B546E98F9FBF506C611.e.11590"},"getText",[]]}
RESULT: {"script":"<script> [6424 bytes]","args":[{"element-6066-11e4-a52e-4f735466cecf":"f.389042B4FF7C30867E20C40CA0954A5B.d.E30047F56B3E5B546E98F9FBF506C611.e.11590"},"getText",[]]}
COMMAND: POST /session/ba8f8306183d693af77ab2140b410afd/execute/async - {"script":"<script> [1562 bytes]","args":[{"selector":{"id":"application-managepricingrules-display-component---newInfoPriceItem--condValidTo","interaction":{"idSuffix":"inner"}},"wdio_ui5_key":"applicationmanagepricingrules-display-component---newInfoPriceItem--condValidTo"}]}
RESULT: {"script":"<script> [1562 bytes]","args":[{"selector":{"id":"application-managepricingrules-display-component---newInfoPriceItem--condValidTo","interaction":{"idSuffix":"inner"}},"wdio_ui5_key":"applicationmanagepricingrules-display-component---newInfoPriceItem--condValidTo"}]}
RESULT: undefined
COMMAND: POST /session/ba8f8306183d693af77ab2140b410afd/execute/async - {"script":"<script> [776 bytes]","args":[{"enterText":"2/14/26","selector":{"id":"application-managepricingrules-display-component---newInfoPriceItem--condValidTo","interaction":{"idSuffix":"inner"}},"clearTextFirst":true,"interactionType":"ENTER_TEXT"}]}
RESULT: {"script":"<script> [776 bytes]","args":[{"enterText":"2/14/26","selector":{"id":"application-managepricingrules-display-component---newInfoPriceItem--condValidTo","interaction":{"idSuffix":"inner"}},"clearTextFirst":true,"interactionType":"ENTER_TEXT"}]}
COMMAND: POST /session/ba8f8306183d693af77ab2140b410afd/execute/async - {"script":"<script> [1562 bytes]","args":[{"selector":{"id":"application-managepricingrules-display-component---newInfoPriceItem--billType-arrow"},"wdio_ui5_key":"applicationmanagepricingrules-display-component---newInfoPriceItem--billType-arrow"}]}
RESULT: {"script":"<script> [1562 bytes]","args":[{"selector":{"id":"application-managepricingrules-display-component---newInfoPriceItem--billType-arrow"},"wdio_ui5_key":"applicationmanagepricingrules-display-component---newInfoPriceItem--billType-arrow"}]}
RESULT: undefined
COMMAND: POST /session/ba8f8306183d693af77ab2140b410afd/element - {"using":"xpath","value":"//*[@id=\"application-managepricingrules-display-component---newInfoPriceItem--billType-arrow\"]"}
RESULT: {"using":"xpath","value":"//*[@id=\"application-managepricingrules-display-component---newInfoPriceItem--billType-arrow\"]"}
COMMAND: POST /session/ba8f8306183d693af77ab2140b410afd/element/f.389042B4FF7C30867E20C40CA0954A5B.d.E30047F56B3E5B546E98F9FBF506C611.e.11658/click - {}
RESULT: {}
COMMAND: POST /session/ba8f8306183d693af77ab2140b410afd/element - {"using":"xpath","value":"//span[contains(text(), \"TB - Time based\")]"}
COMMAND: GET /session/ba8f8306183d693af77ab2140b410afd/screenshot - {}
RESULT: {"using":"xpath","value":"//span[contains(text(), \"TB - Time based\")]"}
COMMAND: POST /session/ba8f8306183d693af77ab2140b410afd/element/f.389042B4FF7C30867E20C40CA0954A5B.d.E30047F56B3E5B546E98F9FBF506C611.e.11700/click - {}
RESULT: {}
RESULT: {}
COMMAND: POST /session/ba8f8306183d693af77ab2140b410afd/execute/async - {"script":"<script> [1562 bytes]","args":[{"selector":{"id":"application-managepricingrules-display-component---newInfoPriceItem--priceProc-arrow"},"wdio_ui5_key":"applicationmanagepricingrules-display-component---newInfoPriceItem--priceProc-arrow"}]}
COMMAND: GET /session/ba8f8306183d693af77ab2140b410afd/screenshot - {}
RESULT: {"script":"<script> [1562 bytes]","args":[{"selector":{"id":"application-managepricingrules-display-component---newInfoPriceItem--priceProc-arrow"},"wdio_ui5_key":"applicationmanagepricingrules-display-component---newInfoPriceItem--priceProc-arrow"}]}
RESULT: undefined
COMMAND: POST /session/ba8f8306183d693af77ab2140b410afd/element - {"using":"xpath","value":"//*[@id=\"application-managepricingrules-display-component---newInfoPriceItem--priceProc-arrow\"]"}
RESULT: {}
RESULT: {"using":"xpath","value":"//*[@id=\"application-managepricingrules-display-component---newInfoPriceItem--priceProc-arrow\"]"}
COMMAND: POST /session/ba8f8306183d693af77ab2140b410afd/element/f.389042B4FF7C30867E20C40CA0954A5B.d.E30047F56B3E5B546E98F9FBF506C611.e.11665/click - {}
RESULT: {}
COMMAND: POST /session/ba8f8306183d693af77ab2140b410afd/element - {"using":"xpath","value":"//span[contains(text(), \"TBS - Time based standard\")]"}
COMMAND: GET /session/ba8f8306183d693af77ab2140b410afd/screenshot - {}
RESULT: {"using":"xpath","value":"//span[contains(text(), \"TBS - Time based standard\")]"}
COMMAND: POST /session/ba8f8306183d693af77ab2140b410afd/element/f.389042B4FF7C30867E20C40CA0954A5B.d.E30047F56B3E5B546E98F9FBF506C611.e.11701/click - {}
RESULT: {}
RESULT: {}
COMMAND: POST /session/ba8f8306183d693af77ab2140b410afd/execute/async - {"script":"<script> [1562 bytes]","args":[{"selector":{"id":"application-managepricingrules-display-component---newInfoPriceItem--calcBase-arrow"},"wdio_ui5_key":"applicationmanagepricingrules-display-component---newInfoPriceItem--calcBase-arrow"}]}
COMMAND: GET /session/ba8f8306183d693af77ab2140b410afd/screenshot - {}
RESULT: {"script":"<script> [1562 bytes]","args":[{"selector":{"id":"application-managepricingrules-display-component---newInfoPriceItem--calcBase-arrow"},"wdio_ui5_key":"applicationmanagepricingrules-display-component---newInfoPriceItem--calcBase-arrow"}]}
RESULT: undefined
COMMAND: POST /session/ba8f8306183d693af77ab2140b410afd/element - {"using":"xpath","value":"//*[@id=\"application-managepricingrules-display-component---newInfoPriceItem--calcBase-arrow\"]"}
RESULT: {}
RESULT: {"using":"xpath","value":"//*[@id=\"application-managepricingrules-display-component---newInfoPriceItem--calcBase-arrow\"]"}
COMMAND: POST /session/ba8f8306183d693af77ab2140b410afd/element/f.389042B4FF7C30867E20C40CA0954A5B.d.E30047F56B3E5B546E98F9FBF506C611.e.11672/click - {}
RESULT: {}
COMMAND: GET /session/ba8f8306183d693af77ab2140b410afd/screenshot - {}
RESULT: {}
COMMAND: POST /session/ba8f8306183d693af77ab2140b410afd/element - {"using":"xpath","value":"//span[contains(text(), \"0006 - TB(calendar days)\")]"}
RESULT: {"using":"xpath","value":"//span[contains(text(), \"0006 - TB(calendar days)\")]"}
COMMAND: POST /session/ba8f8306183d693af77ab2140b410afd/element/f.389042B4FF7C30867E20C40CA0954A5B.d.E30047F56B3E5B546E98F9FBF506C611.e.11702/click - {}
RESULT: {}
COMMAND: GET /session/ba8f8306183d693af77ab2140b410afd/screenshot - {}
RESULT: {}
COMMAND: POST /session/ba8f8306183d693af77ab2140b410afd/execute/async - {"script":"<script> [1562 bytes]","args":[{"selector":{"id":"application-managepricingrules-display-component---newInfoPriceItem--daysMonth","interaction":{"idSuffix":"inner"}},"wdio_ui5_key":"applicationmanagepricingrules-display-component---newInfoPriceItem--daysMonth"}]}
RESULT: {"script":"<script> [1562 bytes]","args":[{"selector":{"id":"application-managepricingrules-display-component---newInfoPriceItem--daysMonth","interaction":{"idSuffix":"inner"}},"wdio_ui5_key":"applicationmanagepricingrules-display-component---newInfoPriceItem--daysMonth"}]}
RESULT: undefined
COMMAND: POST /session/ba8f8306183d693af77ab2140b410afd/execute/async - {"script":"<script> [776 bytes]","args":[{"enterText":"30","selector":{"id":"application-managepricingrules-display-component---newInfoPriceItem--daysMonth","interaction":{"idSuffix":"inner"}},"clearTextFirst":true,"interactionType":"ENTER_TEXT"}]}
RESULT: {"script":"<script> [776 bytes]","args":[{"enterText":"30","selector":{"id":"application-managepricingrules-display-component---newInfoPriceItem--daysMonth","interaction":{"idSuffix":"inner"}},"clearTextFirst":true,"interactionType":"ENTER_TEXT"}]}
COMMAND: POST /session/ba8f8306183d693af77ab2140b410afd/element - {"using":"xpath","value":"//button[@data-kt=\"saveNewRuleButton\"]"}
RESULT: {"using":"xpath","value":"//button[@data-kt=\"saveNewRuleButton\"]"}
COMMAND: POST /session/ba8f8306183d693af77ab2140b410afd/element/f.389042B4FF7C30867E20C40CA0954A5B.d.E30047F56B3E5B546E98F9FBF506C611.e.11693/click - {}
RESULT: {}
COMMAND: GET /session/ba8f8306183d693af77ab2140b410afd/screenshot - {}
RESULT: {}
COMMAND: POST /session/ba8f8306183d693af77ab2140b410afd/execute/async - {"script":"<script> [1562 bytes]","args":[{"selector":{"id":"application-managepricingrules-display-component---priceInfoItem--smartFilterBar-btnBasicSearch","interaction":{"idSuffix":"I"}},"wdio_ui5_key":"applicationmanagepricingrules-display-component---priceInfoItem--smartFilterBar-btnBasicSearch"}]}
RESULT: {"script":"<script> [1562 bytes]","args":[{"selector":{"id":"application-managepricingrules-display-component---priceInfoItem--smartFilterBar-btnBasicSearch","interaction":{"idSuffix":"I"}},"wdio_ui5_key":"applicationmanagepricingrules-display-component---priceInfoItem--smartFilterBar-btnBasicSearch"}]}
RESULT: undefined
COMMAND: POST /session/ba8f8306183d693af77ab2140b410afd/execute/async - {"script":"<script> [776 bytes]","args":[{"enterText":"caPix4zgVP","selector":{"id":"application-managepricingrules-display-component---priceInfoItem--smartFilterBar-btnBasicSearch","interaction":{"idSuffix":"I"}},"clearTextFirst":true,"interactionType":"ENTER_TEXT"}]}
RESULT: {"script":"<script> [776 bytes]","args":[{"enterText":"caPix4zgVP","selector":{"id":"application-managepricingrules-display-component---priceInfoItem--smartFilterBar-btnBasicSearch","interaction":{"idSuffix":"I"}},"clearTextFirst":true,"interactionType":"ENTER_TEXT"}]}
COMMAND: POST /session/ba8f8306183d693af77ab2140b410afd/actions - {"actions":[{"id":"action34","type":"key","parameters":{},"actions":[{"type":"keyDown","value":""},{"type":"pause","duration":10},{"type":"keyUp","value":""}]}]}
RESULT: {"actions":[{"id":"action34","type":"key","parameters":{},"actions":[{"type":"keyDown","value":""},{"type":"pause","duration":10},{"type":"keyUp","value":""}]}]}
COMMAND: GET /session/ba8f8306183d693af77ab2140b410afd/screenshot - {}
RESULT: {}
COMMAND: POST /session/ba8f8306183d693af77ab2140b410afd/element - {"using":"xpath","value":"//span[@id=\"application-managepricingrules-display-component---priceInfoItem--smartTable-header-inner\"]"}
RESULT: {"using":"xpath","value":"//span[@id=\"application-managepricingrules-display-component---priceInfoItem--smartTable-header-inner\"]"}
COMMAND: POST /session/ba8f8306183d693af77ab2140b410afd/elements - {"using":"xpath","value":"//span[@id=\"application-managepricingrules-display-component---priceInfoItem--smartTable-header-inner\"]"}
RESULT: {"using":"xpath","value":"//span[@id=\"application-managepricingrules-display-component---priceInfoItem--smartTable-header-inner\"]"}
COMMAND: POST /session/ba8f8306183d693af77ab2140b410afd/execute/sync - {"script":"<script> [56 bytes]","args":[{"element-6066-11e4-a52e-4f735466cecf":"f.389042B4FF7C30867E20C40CA0954A5B.d.E30047F56B3E5B546E98F9FBF506C611.e.11729","ELEMENT":"f.389042B4FF7C30867E20C40CA0954A5B.d.E30047F56B3E5B546E98F9FBF506C611.e.11729"}]}
RESULT: {"script":"<script> [56 bytes]","args":[{"element-6066-11e4-a52e-4f735466cecf":"f.389042B4FF7C30867E20C40CA0954A5B.d.E30047F56B3E5B546E98F9FBF506C611.e.11729","ELEMENT":"f.389042B4FF7C30867E20C40CA0954A5B.d.E30047F56B3E5B546E98F9FBF506C611.e.11729"}]}
COMMAND: POST /session/ba8f8306183d693af77ab2140b410afd/element - {"using":"css selector","value":"#shell-header-logo"}
COMMAND: GET /session/ba8f8306183d693af77ab2140b410afd/screenshot - {}
RESULT: {"using":"css selector","value":"#shell-header-logo"}
COMMAND: POST /session/ba8f8306183d693af77ab2140b410afd/element/f.389042B4FF7C30867E20C40CA0954A5B.d.E30047F56B3E5B546E98F9FBF506C611.e.10815/click - {}
RESULT: {}
RESULT: {}
COMMAND: GET /session/ba8f8306183d693af77ab2140b410afd/screenshot - {}
RESULT: {}
]]></system-out>
    </testcase>
    <testcase classname="chrome.137_0_7151_69.windows.Billing_Transfer_-_Intracompany_US127249" name="Should manage conditions" time="71.261">
      <system-out><![CDATA[
COMMAND: POST /session/ba8f8306183d693af77ab2140b410afd/execute/async - {"script":"<script> [1562 bytes]","args":[{"selector":{"controlType":"sap.m.GenericTile","properties":{"header":"Manage Conditions & Prices"}},"wdio_ui5_key":"sapm.GenericTile{\"header\":\"Manage Conditions & Prices\"}"}]}
RESULT: {"script":"<script> [1562 bytes]","args":[{"selector":{"controlType":"sap.m.GenericTile","properties":{"header":"Manage Conditions & Prices"}},"wdio_ui5_key":"sapm.GenericTile{\"header\":\"Manage Conditions & Prices\"}"}]}
RESULT: undefined
COMMAND: POST /session/ba8f8306183d693af77ab2140b410afd/element - {"using":"xpath","value":"//*[@id=\"__tile55\"]"}
RESULT: {"using":"xpath","value":"//*[@id=\"__tile55\"]"}
COMMAND: POST /session/ba8f8306183d693af77ab2140b410afd/element/f.389042B4FF7C30867E20C40CA0954A5B.d.E30047F56B3E5B546E98F9FBF506C611.e.8500/click - {}
RESULT: {}
COMMAND: GET /session/ba8f8306183d693af77ab2140b410afd/screenshot - {}
RESULT: {}
COMMAND: POST /session/ba8f8306183d693af77ab2140b410afd/elements - {"using":"xpath","value":"//span[text()='Error']"}
RESULT: {"using":"xpath","value":"//span[text()='Error']"}
COMMAND: POST /session/ba8f8306183d693af77ab2140b410afd/element - {"using":"xpath","value":"//button[@aria-label=\"Create\"]"}
RESULT: {"using":"xpath","value":"//button[@aria-label=\"Create\"]"}
COMMAND: POST /session/ba8f8306183d693af77ab2140b410afd/elements - {"using":"xpath","value":"//button[@aria-label=\"Create\"]"}
RESULT: {"using":"xpath","value":"//button[@aria-label=\"Create\"]"}
COMMAND: POST /session/ba8f8306183d693af77ab2140b410afd/execute/sync - {"script":"<script> [8489 bytes]","args":[{"element-6066-11e4-a52e-4f735466cecf":"f.389042B4FF7C30867E20C40CA0954A5B.d.E30047F56B3E5B546E98F9FBF506C611.e.11764","ELEMENT":"f.389042B4FF7C30867E20C40CA0954A5B.d.E30047F56B3E5B546E98F9FBF506C611.e.11764"}]}
RESULT: {"script":"<script> [8489 bytes]","args":[{"element-6066-11e4-a52e-4f735466cecf":"f.389042B4FF7C30867E20C40CA0954A5B.d.E30047F56B3E5B546E98F9FBF506C611.e.11764","ELEMENT":"f.389042B4FF7C30867E20C40CA0954A5B.d.E30047F56B3E5B546E98F9FBF506C611.e.11764"}]}
COMMAND: GET /session/ba8f8306183d693af77ab2140b410afd/element/f.389042B4FF7C30867E20C40CA0954A5B.d.E30047F56B3E5B546E98F9FBF506C611.e.11764/enabled - {}
COMMAND: GET /session/ba8f8306183d693af77ab2140b410afd/screenshot - {}
RESULT: {}
COMMAND: POST /session/ba8f8306183d693af77ab2140b410afd/execute/sync - {"script":"<script> [8489 bytes]","args":[{"element-6066-11e4-a52e-4f735466cecf":"f.389042B4FF7C30867E20C40CA0954A5B.d.E30047F56B3E5B546E98F9FBF506C611.e.11764","ELEMENT":"f.389042B4FF7C30867E20C40CA0954A5B.d.E30047F56B3E5B546E98F9FBF506C611.e.11764"}]}
COMMAND: GET /session/ba8f8306183d693af77ab2140b410afd/screenshot - {}
RESULT: {}
RESULT: {"script":"<script> [8489 bytes]","args":[{"element-6066-11e4-a52e-4f735466cecf":"f.389042B4FF7C30867E20C40CA0954A5B.d.E30047F56B3E5B546E98F9FBF506C611.e.11764","ELEMENT":"f.389042B4FF7C30867E20C40CA0954A5B.d.E30047F56B3E5B546E98F9FBF506C611.e.11764"}]}
COMMAND: POST /session/ba8f8306183d693af77ab2140b410afd/execute/sync - {"script":"<script> [5351 bytes]","args":[{"element-6066-11e4-a52e-4f735466cecf":"f.389042B4FF7C30867E20C40CA0954A5B.d.E30047F56B3E5B546E98F9FBF506C611.e.11764","ELEMENT":"f.389042B4FF7C30867E20C40CA0954A5B.d.E30047F56B3E5B546E98F9FBF506C611.e.11764"}]}
COMMAND: GET /session/ba8f8306183d693af77ab2140b410afd/screenshot - {}
RESULT: {}
RESULT: {"script":"<script> [5351 bytes]","args":[{"element-6066-11e4-a52e-4f735466cecf":"f.389042B4FF7C30867E20C40CA0954A5B.d.E30047F56B3E5B546E98F9FBF506C611.e.11764","ELEMENT":"f.389042B4FF7C30867E20C40CA0954A5B.d.E30047F56B3E5B546E98F9FBF506C611.e.11764"}]}
COMMAND: POST /session/ba8f8306183d693af77ab2140b410afd/element/f.389042B4FF7C30867E20C40CA0954A5B.d.E30047F56B3E5B546E98F9FBF506C611.e.11764/click - {}
COMMAND: GET /session/ba8f8306183d693af77ab2140b410afd/screenshot - {}
RESULT: {}
RESULT: {}
COMMAND: GET /session/ba8f8306183d693af77ab2140b410afd/screenshot - {}
RESULT: {}
RESULT: {}
COMMAND: POST /session/ba8f8306183d693af77ab2140b410afd/actions - {"actions":[{"id":"action35","type":"key","parameters":{},"actions":[{"type":"keyDown","value":""},{"type":"pause","duration":10},{"type":"keyUp","value":""}]}]}
RESULT: {"actions":[{"id":"action35","type":"key","parameters":{},"actions":[{"type":"keyDown","value":""},{"type":"pause","duration":10},{"type":"keyUp","value":""}]}]}
COMMAND: GET /session/ba8f8306183d693af77ab2140b410afd/screenshot - {}
RESULT: {}
COMMAND: POST /session/ba8f8306183d693af77ab2140b410afd/execute/async - {"script":"<script> [1562 bytes]","args":[{"selector":{"id":"application-manageconditionprice-display-component---newCondition--condBillCond-arrow"},"wdio_ui5_key":"applicationmanageconditionprice-display-component---newCondition--condBillCond-arrow"}]}
RESULT: {"script":"<script> [1562 bytes]","args":[{"selector":{"id":"application-manageconditionprice-display-component---newCondition--condBillCond-arrow"},"wdio_ui5_key":"applicationmanageconditionprice-display-component---newCondition--condBillCond-arrow"}]}
RESULT: undefined
COMMAND: POST /session/ba8f8306183d693af77ab2140b410afd/element - {"using":"xpath","value":"//*[@id=\"application-manageconditionprice-display-component---newCondition--condBillCond-arrow\"]"}
RESULT: {"using":"xpath","value":"//*[@id=\"application-manageconditionprice-display-component---newCondition--condBillCond-arrow\"]"}
COMMAND: POST /session/ba8f8306183d693af77ab2140b410afd/element/f.389042B4FF7C30867E20C40CA0954A5B.d.E30047F56B3E5B546E98F9FBF506C611.e.11941/click - {}
RESULT: {}
COMMAND: GET /session/ba8f8306183d693af77ab2140b410afd/screenshot - {}
RESULT: {}
COMMAND: POST /session/ba8f8306183d693af77ab2140b410afd/element - {"using":"xpath","value":"//li[.//span[contains(text(), \"DISP - D&I special price\")]]"}
RESULT: {"using":"xpath","value":"//li[.//span[contains(text(), \"DISP - D&I special price\")]]"}
COMMAND: POST /session/ba8f8306183d693af77ab2140b410afd/element/f.389042B4FF7C30867E20C40CA0954A5B.d.E30047F56B3E5B546E98F9FBF506C611.e.11944/click - {}
RESULT: {}
COMMAND: GET /session/ba8f8306183d693af77ab2140b410afd/screenshot - {}
RESULT: {}
COMMAND: POST /session/ba8f8306183d693af77ab2140b410afd/execute/async - {"script":"<script> [1562 bytes]","args":[{"selector":{"id":"application-manageconditionprice-display-component---newCondition--condValidTo","interaction":{"idSuffix":"inner"}},"wdio_ui5_key":"applicationmanageconditionprice-display-component---newCondition--condValidTo"}]}
RESULT: {"script":"<script> [1562 bytes]","args":[{"selector":{"id":"application-manageconditionprice-display-component---newCondition--condValidTo","interaction":{"idSuffix":"inner"}},"wdio_ui5_key":"applicationmanageconditionprice-display-component---newCondition--condValidTo"}]}
RESULT: undefined
COMMAND: POST /session/ba8f8306183d693af77ab2140b410afd/execute/async - {"script":"<script> [776 bytes]","args":[{"enterText":"2/14/26","selector":{"id":"application-manageconditionprice-display-component---newCondition--condValidTo","interaction":{"idSuffix":"inner"}},"clearTextFirst":true,"interactionType":"ENTER_TEXT"}]}
RESULT: {"script":"<script> [776 bytes]","args":[{"enterText":"2/14/26","selector":{"id":"application-manageconditionprice-display-component---newCondition--condValidTo","interaction":{"idSuffix":"inner"}},"clearTextFirst":true,"interactionType":"ENTER_TEXT"}]}
COMMAND: POST /session/ba8f8306183d693af77ab2140b410afd/element - {"using":"xpath","value":"//input[@id=\"application-manageconditionprice-display-component---newCondition--condRU-inner\"]"}
RESULT: {"using":"xpath","value":"//input[@id=\"application-manageconditionprice-display-component---newCondition--condRU-inner\"]"}
COMMAND: POST /session/ba8f8306183d693af77ab2140b410afd/element/f.389042B4FF7C30867E20C40CA0954A5B.d.E30047F56B3E5B546E98F9FBF506C611.e.11809/clear - {}
RESULT: {}
COMMAND: POST /session/ba8f8306183d693af77ab2140b410afd/element/f.389042B4FF7C30867E20C40CA0954A5B.d.E30047F56B3E5B546E98F9FBF506C611.e.11809/value - {"text":"caPix4zgVP"}
COMMAND: GET /session/ba8f8306183d693af77ab2140b410afd/screenshot - {}
RESULT: {"text":"caPix4zgVP"}
COMMAND: GET /session/ba8f8306183d693af77ab2140b410afd/screenshot - {}
RESULT: {}
RESULT: {}
COMMAND: POST /session/ba8f8306183d693af77ab2140b410afd/actions - {"actions":[{"id":"action36","type":"key","parameters":{},"actions":[{"type":"keyDown","value":""},{"type":"pause","duration":10},{"type":"keyUp","value":""}]}]}
RESULT: {"actions":[{"id":"action36","type":"key","parameters":{},"actions":[{"type":"keyDown","value":""},{"type":"pause","duration":10},{"type":"keyUp","value":""}]}]}
COMMAND: POST /session/ba8f8306183d693af77ab2140b410afd/execute/async - {"script":"<script> [1562 bytes]","args":[{"selector":{"id":"application-manageconditionprice-display-component---newCondition--condBaseQty","interaction":{"idSuffix":"inner"}},"wdio_ui5_key":"applicationmanageconditionprice-display-component---newCondition--condBaseQty"}]}
COMMAND: GET /session/ba8f8306183d693af77ab2140b410afd/screenshot - {}
RESULT: {"script":"<script> [1562 bytes]","args":[{"selector":{"id":"application-manageconditionprice-display-component---newCondition--condBaseQty","interaction":{"idSuffix":"inner"}},"wdio_ui5_key":"applicationmanageconditionprice-display-component---newCondition--condBaseQty"}]}
RESULT: undefined
COMMAND: POST /session/ba8f8306183d693af77ab2140b410afd/execute/async - {"script":"<script> [776 bytes]","args":[{"enterText":"1","selector":{"id":"application-manageconditionprice-display-component---newCondition--condBaseQty","interaction":{"idSuffix":"inner"}},"clearTextFirst":true,"interactionType":"ENTER_TEXT"}]}
RESULT: {}
RESULT: {"script":"<script> [776 bytes]","args":[{"enterText":"1","selector":{"id":"application-manageconditionprice-display-component---newCondition--condBaseQty","interaction":{"idSuffix":"inner"}},"clearTextFirst":true,"interactionType":"ENTER_TEXT"}]}
COMMAND: POST /session/ba8f8306183d693af77ab2140b410afd/execute/async - {"script":"<script> [1562 bytes]","args":[{"selector":{"id":"application-manageconditionprice-display-component---newCondition--condValue","interaction":{"idSuffix":"inner"}},"wdio_ui5_key":"applicationmanageconditionprice-display-component---newCondition--condValue"}]}
RESULT: {"script":"<script> [1562 bytes]","args":[{"selector":{"id":"application-manageconditionprice-display-component---newCondition--condValue","interaction":{"idSuffix":"inner"}},"wdio_ui5_key":"applicationmanageconditionprice-display-component---newCondition--condValue"}]}
RESULT: undefined
COMMAND: POST /session/ba8f8306183d693af77ab2140b410afd/execute/async - {"script":"<script> [776 bytes]","args":[{"enterText":"200","selector":{"id":"application-manageconditionprice-display-component---newCondition--condValue","interaction":{"idSuffix":"inner"}},"clearTextFirst":true,"interactionType":"ENTER_TEXT"}]}
RESULT: {"script":"<script> [776 bytes]","args":[{"enterText":"200","selector":{"id":"application-manageconditionprice-display-component---newCondition--condValue","interaction":{"idSuffix":"inner"}},"clearTextFirst":true,"interactionType":"ENTER_TEXT"}]}
COMMAND: POST /session/ba8f8306183d693af77ab2140b410afd/execute/async - {"script":"<script> [1562 bytes]","args":[{"selector":{"id":"application-manageconditionprice-display-component---newCondition--condCurr-arrow"},"wdio_ui5_key":"applicationmanageconditionprice-display-component---newCondition--condCurr-arrow"}]}
RESULT: {"script":"<script> [1562 bytes]","args":[{"selector":{"id":"application-manageconditionprice-display-component---newCondition--condCurr-arrow"},"wdio_ui5_key":"applicationmanageconditionprice-display-component---newCondition--condCurr-arrow"}]}
RESULT: undefined
COMMAND: POST /session/ba8f8306183d693af77ab2140b410afd/element - {"using":"xpath","value":"//*[@id=\"application-manageconditionprice-display-component---newCondition--condCurr-arrow\"]"}
RESULT: {"using":"xpath","value":"//*[@id=\"application-manageconditionprice-display-component---newCondition--condCurr-arrow\"]"}
COMMAND: POST /session/ba8f8306183d693af77ab2140b410afd/element/f.389042B4FF7C30867E20C40CA0954A5B.d.E30047F56B3E5B546E98F9FBF506C611.e.11913/click - {}
RESULT: {}
COMMAND: POST /session/ba8f8306183d693af77ab2140b410afd/element - {"using":"xpath","value":"//span[contains(text(), \"Euro\")]"}
COMMAND: GET /session/ba8f8306183d693af77ab2140b410afd/screenshot - {}
RESULT: {"using":"xpath","value":"//span[contains(text(), \"Euro\")]"}
COMMAND: POST /session/ba8f8306183d693af77ab2140b410afd/element/f.389042B4FF7C30867E20C40CA0954A5B.d.E30047F56B3E5B546E98F9FBF506C611.e.11979/click - {}
RESULT: {}
RESULT: {}
COMMAND: POST /session/ba8f8306183d693af77ab2140b410afd/element - {"using":"xpath","value":"//button[@data-kt=\"saveButton\"]"}
COMMAND: GET /session/ba8f8306183d693af77ab2140b410afd/screenshot - {}
RESULT: {"using":"xpath","value":"//button[@data-kt=\"saveButton\"]"}
COMMAND: POST /session/ba8f8306183d693af77ab2140b410afd/element/f.389042B4FF7C30867E20C40CA0954A5B.d.E30047F56B3E5B546E98F9FBF506C611.e.11914/click - {}
RESULT: {}
RESULT: {}
COMMAND: GET /session/ba8f8306183d693af77ab2140b410afd/screenshot - {}
RESULT: {}
COMMAND: POST /session/ba8f8306183d693af77ab2140b410afd/execute/async - {"script":"<script> [1562 bytes]","args":[{"selector":{"id":"application-manageconditionprice-display-component---conditions--smartFilterBar-btnBasicSearch","interaction":{"idSuffix":"I"}},"wdio_ui5_key":"applicationmanageconditionprice-display-component---conditions--smartFilterBar-btnBasicSearch"}]}
RESULT: {"script":"<script> [1562 bytes]","args":[{"selector":{"id":"application-manageconditionprice-display-component---conditions--smartFilterBar-btnBasicSearch","interaction":{"idSuffix":"I"}},"wdio_ui5_key":"applicationmanageconditionprice-display-component---conditions--smartFilterBar-btnBasicSearch"}]}
RESULT: undefined
COMMAND: POST /session/ba8f8306183d693af77ab2140b410afd/execute/async - {"script":"<script> [776 bytes]","args":[{"enterText":"caPix4zgVP","selector":{"id":"application-manageconditionprice-display-component---conditions--smartFilterBar-btnBasicSearch","interaction":{"idSuffix":"I"}},"clearTextFirst":true,"interactionType":"ENTER_TEXT"}]}
RESULT: {"script":"<script> [776 bytes]","args":[{"enterText":"caPix4zgVP","selector":{"id":"application-manageconditionprice-display-component---conditions--smartFilterBar-btnBasicSearch","interaction":{"idSuffix":"I"}},"clearTextFirst":true,"interactionType":"ENTER_TEXT"}]}
COMMAND: POST /session/ba8f8306183d693af77ab2140b410afd/actions - {"actions":[{"id":"action37","type":"key","parameters":{},"actions":[{"type":"keyDown","value":""},{"type":"pause","duration":10},{"type":"keyUp","value":""}]}]}
RESULT: {"actions":[{"id":"action37","type":"key","parameters":{},"actions":[{"type":"keyDown","value":""},{"type":"pause","duration":10},{"type":"keyUp","value":""}]}]}
COMMAND: GET /session/ba8f8306183d693af77ab2140b410afd/screenshot - {}
RESULT: {}
COMMAND: POST /session/ba8f8306183d693af77ab2140b410afd/execute/async - {"script":"<script> [1562 bytes]","args":[{"selector":{"id":"application-manageconditionprice-display-component---conditions--smartFilterBar-filterItemControl_BASIC-BILL_TYPES-vhi"},"wdio_ui5_key":"applicationmanageconditionprice-display-component---conditions--smartFilterBar-filterItemControl_BASIC-BILL_TYPES-vhi"}]}
RESULT: {"script":"<script> [1562 bytes]","args":[{"selector":{"id":"application-manageconditionprice-display-component---conditions--smartFilterBar-filterItemControl_BASIC-BILL_TYPES-vhi"},"wdio_ui5_key":"applicationmanageconditionprice-display-component---conditions--smartFilterBar-filterItemControl_BASIC-BILL_TYPES-vhi"}]}
RESULT: undefined
COMMAND: POST /session/ba8f8306183d693af77ab2140b410afd/element - {"using":"xpath","value":"//*[@id=\"application-manageconditionprice-display-component---conditions--smartFilterBar-filterItemControl_BASIC-BILL_TYPES-vhi\"]"}
RESULT: {"using":"xpath","value":"//*[@id=\"application-manageconditionprice-display-component---conditions--smartFilterBar-filterItemControl_BASIC-BILL_TYPES-vhi\"]"}
COMMAND: POST /session/ba8f8306183d693af77ab2140b410afd/element/f.389042B4FF7C30867E20C40CA0954A5B.d.E30047F56B3E5B546E98F9FBF506C611.e.12085/click - {}
RESULT: {}
COMMAND: POST /session/ba8f8306183d693af77ab2140b410afd/execute/async - {"script":"<script> [1562 bytes]","args":[{"selector":{"id":"application-manageconditionprice-display-component---conditions--smartFilterBar-filterItemControl_BASIC-BILL_TYPES-valueHelpDialog-smartFilterBar-btnBasicSearch","searchOpenDialogs":true,"interaction":{"idSuffix":"I"}},"wdio_ui5_key":"applicationmanageconditionprice-display-component---conditions--smartFilterBar-filterItemControl_BASIC-BILL_TYPES-valueHelpDialog-smartFilterBar-btnBasicSearch"}]}
COMMAND: GET /session/ba8f8306183d693af77ab2140b410afd/screenshot - {}
RESULT: {"script":"<script> [1562 bytes]","args":[{"selector":{"id":"application-manageconditionprice-display-component---conditions--smartFilterBar-filterItemControl_BASIC-BILL_TYPES-valueHelpDialog-smartFilterBar-btnBasicSearch","searchOpenDialogs":true,"interaction":{"idSuffix":"I"}},"wdio_ui5_key":"applicationmanageconditionprice-display-component---conditions--smartFilterBar-filterItemControl_BASIC-BILL_TYPES-valueHelpDialog-smartFilterBar-btnBasicSearch"}]}
RESULT: undefined
COMMAND: POST /session/ba8f8306183d693af77ab2140b410afd/execute/async - {"script":"<script> [776 bytes]","args":[{"enterText":"TB","selector":{"id":"application-manageconditionprice-display-component---conditions--smartFilterBar-filterItemControl_BASIC-BILL_TYPES-valueHelpDialog-smartFilterBar-btnBasicSearch","searchOpenDialogs":true,"interaction":{"idSuffix":"I"}},"clearTextFirst":true,"interactionType":"ENTER_TEXT"}]}
RESULT: {}
RESULT: {"script":"<script> [776 bytes]","args":[{"enterText":"TB","selector":{"id":"application-manageconditionprice-display-component---conditions--smartFilterBar-filterItemControl_BASIC-BILL_TYPES-valueHelpDialog-smartFilterBar-btnBasicSearch","searchOpenDialogs":true,"interaction":{"idSuffix":"I"}},"clearTextFirst":true,"interactionType":"ENTER_TEXT"}]}
COMMAND: POST /session/ba8f8306183d693af77ab2140b410afd/actions - {"actions":[{"id":"action38","type":"key","parameters":{},"actions":[{"type":"keyDown","value":""},{"type":"pause","duration":10},{"type":"keyUp","value":""}]}]}
RESULT: {"actions":[{"id":"action38","type":"key","parameters":{},"actions":[{"type":"keyDown","value":""},{"type":"pause","duration":10},{"type":"keyUp","value":""}]}]}
COMMAND: GET /session/ba8f8306183d693af77ab2140b410afd/screenshot - {}
RESULT: {}
COMMAND: POST /session/ba8f8306183d693af77ab2140b410afd/element - {"using":"xpath","value":"//div[contains(@id, 'application-manageconditionprice-display-component---conditions--smartFilterBar-filterItemControl_BASIC-BILL_TYPES-valueHelpDialog-table-rowsel0')]"}
RESULT: {"using":"xpath","value":"//div[contains(@id, 'application-manageconditionprice-display-component---conditions--smartFilterBar-filterItemControl_BASIC-BILL_TYPES-valueHelpDialog-table-rowsel0')]"}
COMMAND: POST /session/ba8f8306183d693af77ab2140b410afd/element/f.389042B4FF7C30867E20C40CA0954A5B.d.E30047F56B3E5B546E98F9FBF506C611.e.12094/click - {}
RESULT: {}
COMMAND: GET /session/ba8f8306183d693af77ab2140b410afd/screenshot - {}
RESULT: {}
COMMAND: POST /session/ba8f8306183d693af77ab2140b410afd/element - {"using":"xpath","value":"//bdi[contains(text(), \"OK\")]"}
RESULT: {"using":"xpath","value":"//bdi[contains(text(), \"OK\")]"}
COMMAND: POST /session/ba8f8306183d693af77ab2140b410afd/element/f.389042B4FF7C30867E20C40CA0954A5B.d.E30047F56B3E5B546E98F9FBF506C611.e.12096/click - {}
RESULT: {}
COMMAND: GET /session/ba8f8306183d693af77ab2140b410afd/screenshot - {}
RESULT: {}
COMMAND: POST /session/ba8f8306183d693af77ab2140b410afd/element - {"using":"xpath","value":"//span[@id=\"application-manageconditionprice-display-component---conditions--smartTable-header-inner\"]"}
RESULT: {"using":"xpath","value":"//span[@id=\"application-manageconditionprice-display-component---conditions--smartTable-header-inner\"]"}
COMMAND: POST /session/ba8f8306183d693af77ab2140b410afd/elements - {"using":"xpath","value":"//span[@id=\"application-manageconditionprice-display-component---conditions--smartTable-header-inner\"]"}
RESULT: {"using":"xpath","value":"//span[@id=\"application-manageconditionprice-display-component---conditions--smartTable-header-inner\"]"}
COMMAND: POST /session/ba8f8306183d693af77ab2140b410afd/execute/sync - {"script":"<script> [56 bytes]","args":[{"element-6066-11e4-a52e-4f735466cecf":"f.389042B4FF7C30867E20C40CA0954A5B.d.E30047F56B3E5B546E98F9FBF506C611.e.12099","ELEMENT":"f.389042B4FF7C30867E20C40CA0954A5B.d.E30047F56B3E5B546E98F9FBF506C611.e.12099"}]}
RESULT: {"script":"<script> [56 bytes]","args":[{"element-6066-11e4-a52e-4f735466cecf":"f.389042B4FF7C30867E20C40CA0954A5B.d.E30047F56B3E5B546E98F9FBF506C611.e.12099","ELEMENT":"f.389042B4FF7C30867E20C40CA0954A5B.d.E30047F56B3E5B546E98F9FBF506C611.e.12099"}]}
COMMAND: POST /session/ba8f8306183d693af77ab2140b410afd/element - {"using":"css selector","value":"#shell-header-logo"}
COMMAND: GET /session/ba8f8306183d693af77ab2140b410afd/screenshot - {}
RESULT: {"using":"css selector","value":"#shell-header-logo"}
COMMAND: POST /session/ba8f8306183d693af77ab2140b410afd/element/f.389042B4FF7C30867E20C40CA0954A5B.d.E30047F56B3E5B546E98F9FBF506C611.e.11732/click - {}
RESULT: {}
RESULT: {}
COMMAND: GET /session/ba8f8306183d693af77ab2140b410afd/screenshot - {}
RESULT: {}
]]></system-out>
    </testcase>
    <testcase classname="chrome.137_0_7151_69.windows.Billing_Transfer_-_Intracompany_US127249" name="Should do a stock increase handover" time="103.009">
      <system-out><![CDATA[
COMMAND: POST /session/ba8f8306183d693af77ab2140b410afd/execute/async - {"script":"<script> [1562 bytes]","args":[{"selector":{"controlType":"sap.m.GenericTile","properties":{"header":"Manage Handovers"}},"wdio_ui5_key":"sapm.GenericTile{\"header\":\"Manage Handovers\"}"}]}
RESULT: {"script":"<script> [1562 bytes]","args":[{"selector":{"controlType":"sap.m.GenericTile","properties":{"header":"Manage Handovers"}},"wdio_ui5_key":"sapm.GenericTile{\"header\":\"Manage Handovers\"}"}]}
RESULT: undefined
COMMAND: POST /session/ba8f8306183d693af77ab2140b410afd/element - {"using":"xpath","value":"//*[@id=\"__tile134\"]"}
RESULT: {"using":"xpath","value":"//*[@id=\"__tile134\"]"}
COMMAND: POST /session/ba8f8306183d693af77ab2140b410afd/element/f.389042B4FF7C30867E20C40CA0954A5B.d.E30047F56B3E5B546E98F9FBF506C611.e.12103/click - {}
RESULT: {}
COMMAND: GET /session/ba8f8306183d693af77ab2140b410afd/screenshot - {}
COMMAND: POST /session/ba8f8306183d693af77ab2140b410afd/elements - {"using":"xpath","value":"//span[text()='Error']"}
RESULT: {}
RESULT: {"using":"xpath","value":"//span[text()='Error']"}
COMMAND: POST /session/ba8f8306183d693af77ab2140b410afd/element - {"using":"xpath","value":"//button[@data-kt=\"masterHOAddButton\"]"}
RESULT: {"using":"xpath","value":"//button[@data-kt=\"masterHOAddButton\"]"}
COMMAND: POST /session/ba8f8306183d693af77ab2140b410afd/elements - {"using":"xpath","value":"//button[@data-kt=\"masterHOAddButton\"]"}
RESULT: {"using":"xpath","value":"//button[@data-kt=\"masterHOAddButton\"]"}
COMMAND: POST /session/ba8f8306183d693af77ab2140b410afd/execute/sync - {"script":"<script> [8489 bytes]","args":[{"element-6066-11e4-a52e-4f735466cecf":"f.389042B4FF7C30867E20C40CA0954A5B.d.E30047F56B3E5B546E98F9FBF506C611.e.12143","ELEMENT":"f.389042B4FF7C30867E20C40CA0954A5B.d.E30047F56B3E5B546E98F9FBF506C611.e.12143"}]}
RESULT: {"script":"<script> [8489 bytes]","args":[{"element-6066-11e4-a52e-4f735466cecf":"f.389042B4FF7C30867E20C40CA0954A5B.d.E30047F56B3E5B546E98F9FBF506C611.e.12143","ELEMENT":"f.389042B4FF7C30867E20C40CA0954A5B.d.E30047F56B3E5B546E98F9FBF506C611.e.12143"}]}
COMMAND: GET /session/ba8f8306183d693af77ab2140b410afd/element/f.389042B4FF7C30867E20C40CA0954A5B.d.E30047F56B3E5B546E98F9FBF506C611.e.12143/enabled - {}
COMMAND: GET /session/ba8f8306183d693af77ab2140b410afd/screenshot - {}
RESULT: {}
COMMAND: POST /session/ba8f8306183d693af77ab2140b410afd/execute/sync - {"script":"<script> [8489 bytes]","args":[{"element-6066-11e4-a52e-4f735466cecf":"f.389042B4FF7C30867E20C40CA0954A5B.d.E30047F56B3E5B546E98F9FBF506C611.e.12143","ELEMENT":"f.389042B4FF7C30867E20C40CA0954A5B.d.E30047F56B3E5B546E98F9FBF506C611.e.12143"}]}
COMMAND: GET /session/ba8f8306183d693af77ab2140b410afd/screenshot - {}
RESULT: {}
RESULT: {"script":"<script> [8489 bytes]","args":[{"element-6066-11e4-a52e-4f735466cecf":"f.389042B4FF7C30867E20C40CA0954A5B.d.E30047F56B3E5B546E98F9FBF506C611.e.12143","ELEMENT":"f.389042B4FF7C30867E20C40CA0954A5B.d.E30047F56B3E5B546E98F9FBF506C611.e.12143"}]}
COMMAND: POST /session/ba8f8306183d693af77ab2140b410afd/execute/sync - {"script":"<script> [5351 bytes]","args":[{"element-6066-11e4-a52e-4f735466cecf":"f.389042B4FF7C30867E20C40CA0954A5B.d.E30047F56B3E5B546E98F9FBF506C611.e.12143","ELEMENT":"f.389042B4FF7C30867E20C40CA0954A5B.d.E30047F56B3E5B546E98F9FBF506C611.e.12143"}]}
COMMAND: GET /session/ba8f8306183d693af77ab2140b410afd/screenshot - {}
RESULT: {}
RESULT: {"script":"<script> [5351 bytes]","args":[{"element-6066-11e4-a52e-4f735466cecf":"f.389042B4FF7C30867E20C40CA0954A5B.d.E30047F56B3E5B546E98F9FBF506C611.e.12143","ELEMENT":"f.389042B4FF7C30867E20C40CA0954A5B.d.E30047F56B3E5B546E98F9FBF506C611.e.12143"}]}
COMMAND: POST /session/ba8f8306183d693af77ab2140b410afd/element/f.389042B4FF7C30867E20C40CA0954A5B.d.E30047F56B3E5B546E98F9FBF506C611.e.12143/click - {}
COMMAND: GET /session/ba8f8306183d693af77ab2140b410afd/screenshot - {}
RESULT: {}
RESULT: {}
COMMAND: GET /session/ba8f8306183d693af77ab2140b410afd/screenshot - {}
COMMAND: POST /session/ba8f8306183d693af77ab2140b410afd/element - {"using":"xpath","value":"//span[contains(@id ,\"AddNewHO--typeSelect-arrow\")]"}
RESULT: {}
RESULT: {}
RESULT: {"using":"xpath","value":"//span[contains(@id ,\"AddNewHO--typeSelect-arrow\")]"}
COMMAND: POST /session/ba8f8306183d693af77ab2140b410afd/element/f.389042B4FF7C30867E20C40CA0954A5B.d.E30047F56B3E5B546E98F9FBF506C611.e.12481/click - {}
RESULT: {}
COMMAND: GET /session/ba8f8306183d693af77ab2140b410afd/screenshot - {}
RESULT: {}
COMMAND: POST /session/ba8f8306183d693af77ab2140b410afd/element - {"using":"xpath","value":"(//li[contains(text(), \"stock increase yard\")])[1]"}
RESULT: {"using":"xpath","value":"(//li[contains(text(), \"stock increase yard\")])[1]"}
COMMAND: POST /session/ba8f8306183d693af77ab2140b410afd/element/f.389042B4FF7C30867E20C40CA0954A5B.d.E30047F56B3E5B546E98F9FBF506C611.e.12482/click - {}
RESULT: {}
COMMAND: GET /session/ba8f8306183d693af77ab2140b410afd/screenshot - {}
RESULT: {}
COMMAND: POST /session/ba8f8306183d693af77ab2140b410afd/execute/async - {"script":"<script> [1562 bytes]","args":[{"selector":{"id":"application-managehandovers-display-component---AddNewHO--dueDate","interaction":{"idSuffix":"inner"}},"wdio_ui5_key":"applicationmanagehandovers-display-component---AddNewHO--dueDate"}]}
RESULT: {"script":"<script> [1562 bytes]","args":[{"selector":{"id":"application-managehandovers-display-component---AddNewHO--dueDate","interaction":{"idSuffix":"inner"}},"wdio_ui5_key":"applicationmanagehandovers-display-component---AddNewHO--dueDate"}]}
RESULT: undefined
COMMAND: POST /session/ba8f8306183d693af77ab2140b410afd/execute/async - {"script":"<script> [6424 bytes]","args":[{"element-6066-11e4-a52e-4f735466cecf":"f.389042B4FF7C30867E20C40CA0954A5B.d.E30047F56B3E5B546E98F9FBF506C611.e.12486"},"setValue",["6/14/25"]]}
RESULT: {"script":"<script> [6424 bytes]","args":[{"element-6066-11e4-a52e-4f735466cecf":"f.389042B4FF7C30867E20C40CA0954A5B.d.E30047F56B3E5B546E98F9FBF506C611.e.12486"},"setValue",["6/14/25"]]}
COMMAND: POST /session/ba8f8306183d693af77ab2140b410afd/element - {"using":"xpath","value":"//input[@id=\"generalSectionFrg--receiveYard-inner\"]"}
RESULT: {"using":"xpath","value":"//input[@id=\"generalSectionFrg--receiveYard-inner\"]"}
COMMAND: POST /session/ba8f8306183d693af77ab2140b410afd/element/f.389042B4FF7C30867E20C40CA0954A5B.d.E30047F56B3E5B546E98F9FBF506C611.e.12492/clear - {}
RESULT: {}
COMMAND: POST /session/ba8f8306183d693af77ab2140b410afd/element/f.389042B4FF7C30867E20C40CA0954A5B.d.E30047F56B3E5B546E98F9FBF506C611.e.12492/value - {"text":"273"}
COMMAND: GET /session/ba8f8306183d693af77ab2140b410afd/screenshot - {}
RESULT: {"text":"273"}
COMMAND: GET /session/ba8f8306183d693af77ab2140b410afd/screenshot - {}
RESULT: {}
RESULT: {}
COMMAND: POST /session/ba8f8306183d693af77ab2140b410afd/element - {"using":"xpath","value":"//li[.//span[contains(normalize-space(.), '273 -')]]"}
RESULT: {"using":"xpath","value":"//li[.//span[contains(normalize-space(.), '273 -')]]"}
COMMAND: POST /session/ba8f8306183d693af77ab2140b410afd/element/f.389042B4FF7C30867E20C40CA0954A5B.d.E30047F56B3E5B546E98F9FBF506C611.e.12508/click - {}
RESULT: {}
COMMAND: GET /session/ba8f8306183d693af77ab2140b410afd/screenshot - {}
RESULT: {}
COMMAND: POST /session/ba8f8306183d693af77ab2140b410afd/execute/async - {"script":"<script> [1562 bytes]","args":[{"selector":{"id":"application-managehandovers-display-component---AddNewHO--ObjectPageLayout-anchBar-application-managehandovers-display-component---AddNewHO--section4-anchor","interaction":{"idSuffix":"BDI-content"}},"wdio_ui5_key":"applicationmanagehandovers-display-component---AddNewHO--ObjectPageLayout-anchBar-application-managehandovers-display-component---AddNewHO--section4-anchor"}]}
RESULT: {"script":"<script> [1562 bytes]","args":[{"selector":{"id":"application-managehandovers-display-component---AddNewHO--ObjectPageLayout-anchBar-application-managehandovers-display-component---AddNewHO--section4-anchor","interaction":{"idSuffix":"BDI-content"}},"wdio_ui5_key":"applicationmanagehandovers-display-component---AddNewHO--ObjectPageLayout-anchBar-application-managehandovers-display-component---AddNewHO--section4-anchor"}]}
RESULT: undefined
COMMAND: POST /session/ba8f8306183d693af77ab2140b410afd/element - {"using":"xpath","value":"//*[@id=\"application-managehandovers-display-component---AddNewHO--ObjectPageLayout-anchBar-application-managehandovers-display-component---AddNewHO--section4-anchor\"]"}
RESULT: {"using":"xpath","value":"//*[@id=\"application-managehandovers-display-component---AddNewHO--ObjectPageLayout-anchBar-application-managehandovers-display-component---AddNewHO--section4-anchor\"]"}
COMMAND: POST /session/ba8f8306183d693af77ab2140b410afd/element/f.389042B4FF7C30867E20C40CA0954A5B.d.E30047F56B3E5B546E98F9FBF506C611.e.12510/click - {}
RESULT: {}
COMMAND: GET /session/ba8f8306183d693af77ab2140b410afd/screenshot - {}
RESULT: {}
COMMAND: POST /session/ba8f8306183d693af77ab2140b410afd/element - {"using":"xpath","value":"//button[@aria-label=\"Add\"]"}
RESULT: {"using":"xpath","value":"//button[@aria-label=\"Add\"]"}
COMMAND: POST /session/ba8f8306183d693af77ab2140b410afd/element/f.389042B4FF7C30867E20C40CA0954A5B.d.E30047F56B3E5B546E98F9FBF506C611.e.12514/click - {}
RESULT: {}
COMMAND: GET /session/ba8f8306183d693af77ab2140b410afd/screenshot - {}
RESULT: {}
COMMAND: POST /session/ba8f8306183d693af77ab2140b410afd/execute/async - {"script":"<script> [1562 bytes]","args":[{"selector":{"id":"application-managehandovers-display-component---AddNewHO--smartFilterBar-btnBasicSearch","searchOpenDialogs":true,"interaction":{"idSuffix":"I"}},"wdio_ui5_key":"applicationmanagehandovers-display-component---AddNewHO--smartFilterBar-btnBasicSearch"}]}
RESULT: {"script":"<script> [1562 bytes]","args":[{"selector":{"id":"application-managehandovers-display-component---AddNewHO--smartFilterBar-btnBasicSearch","searchOpenDialogs":true,"interaction":{"idSuffix":"I"}},"wdio_ui5_key":"applicationmanagehandovers-display-component---AddNewHO--smartFilterBar-btnBasicSearch"}]}
RESULT: undefined
COMMAND: POST /session/ba8f8306183d693af77ab2140b410afd/execute/async - {"script":"<script> [776 bytes]","args":[{"enterText":"caPix4zgVP","selector":{"id":"application-managehandovers-display-component---AddNewHO--smartFilterBar-btnBasicSearch","searchOpenDialogs":true,"interaction":{"idSuffix":"I"}},"clearTextFirst":true,"interactionType":"ENTER_TEXT"}]}
RESULT: {"script":"<script> [776 bytes]","args":[{"enterText":"caPix4zgVP","selector":{"id":"application-managehandovers-display-component---AddNewHO--smartFilterBar-btnBasicSearch","searchOpenDialogs":true,"interaction":{"idSuffix":"I"}},"clearTextFirst":true,"interactionType":"ENTER_TEXT"}]}
COMMAND: POST /session/ba8f8306183d693af77ab2140b410afd/actions - {"actions":[{"id":"action39","type":"key","parameters":{},"actions":[{"type":"keyDown","value":""},{"type":"pause","duration":10},{"type":"keyUp","value":""}]}]}
RESULT: {"actions":[{"id":"action39","type":"key","parameters":{},"actions":[{"type":"keyDown","value":""},{"type":"pause","duration":10},{"type":"keyUp","value":""}]}]}
COMMAND: GET /session/ba8f8306183d693af77ab2140b410afd/screenshot - {}
RESULT: {}
COMMAND: POST /session/ba8f8306183d693af77ab2140b410afd/execute/async - {"script":"<script> [1562 bytes]","args":[{"selector":{"id":"application-managehandovers-display-component---AddNewHO--popup-sa","searchOpenDialogs":true,"interaction":{"idSuffix":"CbBg"}},"wdio_ui5_key":"applicationmanagehandovers-display-component---AddNewHO--popup-sa"}]}
RESULT: {"script":"<script> [1562 bytes]","args":[{"selector":{"id":"application-managehandovers-display-component---AddNewHO--popup-sa","searchOpenDialogs":true,"interaction":{"idSuffix":"CbBg"}},"wdio_ui5_key":"applicationmanagehandovers-display-component---AddNewHO--popup-sa"}]}
RESULT: undefined
COMMAND: POST /session/ba8f8306183d693af77ab2140b410afd/element - {"using":"xpath","value":"//*[@id=\"application-managehandovers-display-component---AddNewHO--popup-sa\"]"}
RESULT: {"using":"xpath","value":"//*[@id=\"application-managehandovers-display-component---AddNewHO--popup-sa\"]"}
COMMAND: POST /session/ba8f8306183d693af77ab2140b410afd/element/f.389042B4FF7C30867E20C40CA0954A5B.d.E30047F56B3E5B546E98F9FBF506C611.e.12668/click - {}
RESULT: {}
COMMAND: GET /session/ba8f8306183d693af77ab2140b410afd/screenshot - {}
RESULT: {}
COMMAND: POST /session/ba8f8306183d693af77ab2140b410afd/element - {"using":"xpath","value":"//bdi[contains(text(), \"Select\")]"}
RESULT: {"using":"xpath","value":"//bdi[contains(text(), \"Select\")]"}
COMMAND: POST /session/ba8f8306183d693af77ab2140b410afd/element/f.389042B4FF7C30867E20C40CA0954A5B.d.E30047F56B3E5B546E98F9FBF506C611.e.12669/click - {}
RESULT: {}
COMMAND: GET /session/ba8f8306183d693af77ab2140b410afd/screenshot - {}
RESULT: {}
COMMAND: POST /session/ba8f8306183d693af77ab2140b410afd/element - {"using":"xpath","value":"//button[@data-kt=\"AddNewHOSaveButton\"]"}
RESULT: {"using":"xpath","value":"//button[@data-kt=\"AddNewHOSaveButton\"]"}
COMMAND: POST /session/ba8f8306183d693af77ab2140b410afd/element/f.389042B4FF7C30867E20C40CA0954A5B.d.E30047F56B3E5B546E98F9FBF506C611.e.12673/click - {}
RESULT: {}
COMMAND: GET /session/ba8f8306183d693af77ab2140b410afd/screenshot - {}
RESULT: {}
COMMAND: POST /session/ba8f8306183d693af77ab2140b410afd/execute/async - {"script":"<script> [1562 bytes]","args":[{"selector":{"id":"receiptDatePicker","viewName":"etm.portal.ui.managehandovers.view.DetailExecuteHO","interaction":{"idSuffix":"inner"}},"wdio_ui5_key":"receiptDatePickeretmportal.ui.managehandovers.view.DetailExecuteHO"}]}
RESULT: {"script":"<script> [1562 bytes]","args":[{"selector":{"id":"receiptDatePicker","viewName":"etm.portal.ui.managehandovers.view.DetailExecuteHO","interaction":{"idSuffix":"inner"}},"wdio_ui5_key":"receiptDatePickeretmportal.ui.managehandovers.view.DetailExecuteHO"}]}
RESULT: undefined
COMMAND: POST /session/ba8f8306183d693af77ab2140b410afd/execute/async - {"script":"<script> [6424 bytes]","args":[{"element-6066-11e4-a52e-4f735466cecf":"f.389042B4FF7C30867E20C40CA0954A5B.d.E30047F56B3E5B546E98F9FBF506C611.e.12703"},"setValue",["6/14/25"]]}
RESULT: {"script":"<script> [6424 bytes]","args":[{"element-6066-11e4-a52e-4f735466cecf":"f.389042B4FF7C30867E20C40CA0954A5B.d.E30047F56B3E5B546E98F9FBF506C611.e.12703"},"setValue",["6/14/25"]]}
COMMAND: POST /session/ba8f8306183d693af77ab2140b410afd/element - {"using":"xpath","value":"//button[@data-kt=\"ReceivingTableConfirmAllButton\"]"}
RESULT: {"using":"xpath","value":"//button[@data-kt=\"ReceivingTableConfirmAllButton\"]"}
COMMAND: POST /session/ba8f8306183d693af77ab2140b410afd/element/f.389042B4FF7C30867E20C40CA0954A5B.d.E30047F56B3E5B546E98F9FBF506C611.e.12717/click - {}
RESULT: {}
COMMAND: GET /session/ba8f8306183d693af77ab2140b410afd/screenshot - {}
RESULT: {}
COMMAND: POST /session/ba8f8306183d693af77ab2140b410afd/element - {"using":"xpath","value":"//bdi[contains(text(), \"OK\")]"}
RESULT: {"using":"xpath","value":"//bdi[contains(text(), \"OK\")]"}
COMMAND: POST /session/ba8f8306183d693af77ab2140b410afd/element/f.389042B4FF7C30867E20C40CA0954A5B.d.E30047F56B3E5B546E98F9FBF506C611.e.12719/click - {}
RESULT: {}
COMMAND: GET /session/ba8f8306183d693af77ab2140b410afd/screenshot - {}
RESULT: {}
COMMAND: POST /session/ba8f8306183d693af77ab2140b410afd/element - {"using":"xpath","value":"(//bdi[contains(text(), \"Receive\")])[2]"}
RESULT: {"using":"xpath","value":"(//bdi[contains(text(), \"Receive\")])[2]"}
COMMAND: POST /session/ba8f8306183d693af77ab2140b410afd/element/f.389042B4FF7C30867E20C40CA0954A5B.d.E30047F56B3E5B546E98F9FBF506C611.e.12721/click - {}
RESULT: {}
COMMAND: GET /session/ba8f8306183d693af77ab2140b410afd/screenshot - {}
RESULT: {}
COMMAND: POST /session/ba8f8306183d693af77ab2140b410afd/element - {"using":"css selector","value":"#shell-header-logo"}
RESULT: {"using":"css selector","value":"#shell-header-logo"}
COMMAND: POST /session/ba8f8306183d693af77ab2140b410afd/element/f.389042B4FF7C30867E20C40CA0954A5B.d.E30047F56B3E5B546E98F9FBF506C611.e.12106/click - {}
RESULT: {}
COMMAND: GET /session/ba8f8306183d693af77ab2140b410afd/screenshot - {}
RESULT: {}
]]></system-out>
    </testcase>
    <testcase classname="chrome.137_0_7151_69.windows.Billing_Transfer_-_Intracompany_US127249" name="Should create a new contract" time="65.198">
      <system-out><![CDATA[
COMMAND: POST /session/ba8f8306183d693af77ab2140b410afd/execute/async - {"script":"<script> [1562 bytes]","args":[{"selector":{"controlType":"sap.m.GenericTile","properties":{"header":"Manage Contracts"}},"wdio_ui5_key":"sapm.GenericTile{\"header\":\"Manage Contracts\"}"}]}
RESULT: {"script":"<script> [1562 bytes]","args":[{"selector":{"controlType":"sap.m.GenericTile","properties":{"header":"Manage Contracts"}},"wdio_ui5_key":"sapm.GenericTile{\"header\":\"Manage Contracts\"}"}]}
RESULT: undefined
COMMAND: POST /session/ba8f8306183d693af77ab2140b410afd/element - {"using":"xpath","value":"//*[@id=\"__tile132\"]"}
RESULT: {"using":"xpath","value":"//*[@id=\"__tile132\"]"}
COMMAND: POST /session/ba8f8306183d693af77ab2140b410afd/element/f.389042B4FF7C30867E20C40CA0954A5B.d.E30047F56B3E5B546E98F9FBF506C611.e.12894/click - {}
RESULT: {}
COMMAND: GET /session/ba8f8306183d693af77ab2140b410afd/screenshot - {}
COMMAND: POST /session/ba8f8306183d693af77ab2140b410afd/elements - {"using":"xpath","value":"//span[text()='Error']"}
RESULT: {}
RESULT: {"using":"xpath","value":"//span[text()='Error']"}
COMMAND: POST /session/ba8f8306183d693af77ab2140b410afd/element - {"using":"xpath","value":"//button[@data-kt=\"addButton\"]"}
RESULT: {"using":"xpath","value":"//button[@data-kt=\"addButton\"]"}
COMMAND: POST /session/ba8f8306183d693af77ab2140b410afd/elements - {"using":"xpath","value":"//button[@data-kt=\"addButton\"]"}
RESULT: {"using":"xpath","value":"//button[@data-kt=\"addButton\"]"}
COMMAND: POST /session/ba8f8306183d693af77ab2140b410afd/execute/sync - {"script":"<script> [8489 bytes]","args":[{"element-6066-11e4-a52e-4f735466cecf":"f.389042B4FF7C30867E20C40CA0954A5B.d.E30047F56B3E5B546E98F9FBF506C611.e.12943","ELEMENT":"f.389042B4FF7C30867E20C40CA0954A5B.d.E30047F56B3E5B546E98F9FBF506C611.e.12943"}]}
RESULT: {"script":"<script> [8489 bytes]","args":[{"element-6066-11e4-a52e-4f735466cecf":"f.389042B4FF7C30867E20C40CA0954A5B.d.E30047F56B3E5B546E98F9FBF506C611.e.12943","ELEMENT":"f.389042B4FF7C30867E20C40CA0954A5B.d.E30047F56B3E5B546E98F9FBF506C611.e.12943"}]}
COMMAND: GET /session/ba8f8306183d693af77ab2140b410afd/element/f.389042B4FF7C30867E20C40CA0954A5B.d.E30047F56B3E5B546E98F9FBF506C611.e.12943/enabled - {}
COMMAND: GET /session/ba8f8306183d693af77ab2140b410afd/screenshot - {}
RESULT: {}
COMMAND: POST /session/ba8f8306183d693af77ab2140b410afd/execute/sync - {"script":"<script> [8489 bytes]","args":[{"element-6066-11e4-a52e-4f735466cecf":"f.389042B4FF7C30867E20C40CA0954A5B.d.E30047F56B3E5B546E98F9FBF506C611.e.12943","ELEMENT":"f.389042B4FF7C30867E20C40CA0954A5B.d.E30047F56B3E5B546E98F9FBF506C611.e.12943"}]}
COMMAND: GET /session/ba8f8306183d693af77ab2140b410afd/screenshot - {}
RESULT: {}
RESULT: {"script":"<script> [8489 bytes]","args":[{"element-6066-11e4-a52e-4f735466cecf":"f.389042B4FF7C30867E20C40CA0954A5B.d.E30047F56B3E5B546E98F9FBF506C611.e.12943","ELEMENT":"f.389042B4FF7C30867E20C40CA0954A5B.d.E30047F56B3E5B546E98F9FBF506C611.e.12943"}]}
COMMAND: POST /session/ba8f8306183d693af77ab2140b410afd/execute/sync - {"script":"<script> [5351 bytes]","args":[{"element-6066-11e4-a52e-4f735466cecf":"f.389042B4FF7C30867E20C40CA0954A5B.d.E30047F56B3E5B546E98F9FBF506C611.e.12943","ELEMENT":"f.389042B4FF7C30867E20C40CA0954A5B.d.E30047F56B3E5B546E98F9FBF506C611.e.12943"}]}
COMMAND: GET /session/ba8f8306183d693af77ab2140b410afd/screenshot - {}
RESULT: {}
RESULT: {"script":"<script> [5351 bytes]","args":[{"element-6066-11e4-a52e-4f735466cecf":"f.389042B4FF7C30867E20C40CA0954A5B.d.E30047F56B3E5B546E98F9FBF506C611.e.12943","ELEMENT":"f.389042B4FF7C30867E20C40CA0954A5B.d.E30047F56B3E5B546E98F9FBF506C611.e.12943"}]}
COMMAND: GET /session/ba8f8306183d693af77ab2140b410afd/screenshot - {}
RESULT: {}
RESULT: {}
COMMAND: POST /session/ba8f8306183d693af77ab2140b410afd/element/f.389042B4FF7C30867E20C40CA0954A5B.d.E30047F56B3E5B546E98F9FBF506C611.e.12943/click - {}
RESULT: {}
COMMAND: GET /session/ba8f8306183d693af77ab2140b410afd/screenshot - {}
COMMAND: POST /session/ba8f8306183d693af77ab2140b410afd/execute/async - {"script":"<script> [1562 bytes]","args":[{"selector":{"id":"application-managecontracts-display-component---AddNewContract--projectDescription","interaction":{"idSuffix":"inner"}},"wdio_ui5_key":"applicationmanagecontracts-display-component---AddNewContract--projectDescription"}]}
RESULT: {}
RESULT: {"script":"<script> [1562 bytes]","args":[{"selector":{"id":"application-managecontracts-display-component---AddNewContract--projectDescription","interaction":{"idSuffix":"inner"}},"wdio_ui5_key":"applicationmanagecontracts-display-component---AddNewContract--projectDescription"}]}
RESULT: undefined
COMMAND: POST /session/ba8f8306183d693af77ab2140b410afd/execute/async - {"script":"<script> [776 bytes]","args":[{"enterText":"Contract WDIO","selector":{"id":"application-managecontracts-display-component---AddNewContract--projectDescription","interaction":{"idSuffix":"inner"}},"clearTextFirst":true,"interactionType":"ENTER_TEXT"}]}
RESULT: {"script":"<script> [776 bytes]","args":[{"enterText":"Contract WDIO","selector":{"id":"application-managecontracts-display-component---AddNewContract--projectDescription","interaction":{"idSuffix":"inner"}},"clearTextFirst":true,"interactionType":"ENTER_TEXT"}]}
COMMAND: POST /session/ba8f8306183d693af77ab2140b410afd/element - {"using":"xpath","value":"//input[@id=\"application-managecontracts-display-component---AddNewContract--site-inner\"]"}
RESULT: {"using":"xpath","value":"//input[@id=\"application-managecontracts-display-component---AddNewContract--site-inner\"]"}
COMMAND: POST /session/ba8f8306183d693af77ab2140b410afd/element/f.389042B4FF7C30867E20C40CA0954A5B.d.E30047F56B3E5B546E98F9FBF506C611.e.13261/clear - {}
RESULT: {}
COMMAND: POST /session/ba8f8306183d693af77ab2140b410afd/element/f.389042B4FF7C30867E20C40CA0954A5B.d.E30047F56B3E5B546E98F9FBF506C611.e.13261/value - {"text":"2110"}
COMMAND: GET /session/ba8f8306183d693af77ab2140b410afd/screenshot - {}
RESULT: {"text":"2110"}
COMMAND: GET /session/ba8f8306183d693af77ab2140b410afd/screenshot - {}
RESULT: {}
RESULT: {}
COMMAND: POST /session/ba8f8306183d693af77ab2140b410afd/element - {"using":"xpath","value":"//li[.//span[text()='2110']]"}
RESULT: {"using":"xpath","value":"//li[.//span[text()='2110']]"}
COMMAND: POST /session/ba8f8306183d693af77ab2140b410afd/element/f.389042B4FF7C30867E20C40CA0954A5B.d.E30047F56B3E5B546E98F9FBF506C611.e.13343/click - {}
RESULT: {}
COMMAND: GET /session/ba8f8306183d693af77ab2140b410afd/screenshot - {}
RESULT: {}
COMMAND: POST /session/ba8f8306183d693af77ab2140b410afd/element - {"using":"xpath","value":"//input[@id=\"application-managecontracts-display-component---AddNewContract--yardId-inner\"]"}
RESULT: {"using":"xpath","value":"//input[@id=\"application-managecontracts-display-component---AddNewContract--yardId-inner\"]"}
COMMAND: GET /session/ba8f8306183d693af77ab2140b410afd/element/f.389042B4FF7C30867E20C40CA0954A5B.d.E30047F56B3E5B546E98F9FBF506C611.e.13262/property/value - {}
RESULT: {}
COMMAND: POST /session/ba8f8306183d693af77ab2140b410afd/element - {"using":"xpath","value":"//input[@id=\"application-managecontracts-display-component---AddNewContract--customerSelect-inner\"]"}
COMMAND: GET /session/ba8f8306183d693af77ab2140b410afd/screenshot - {}
RESULT: {"using":"xpath","value":"//input[@id=\"application-managecontracts-display-component---AddNewContract--customerSelect-inner\"]"}
COMMAND: POST /session/ba8f8306183d693af77ab2140b410afd/element/f.389042B4FF7C30867E20C40CA0954A5B.d.E30047F56B3E5B546E98F9FBF506C611.e.13260/clear - {}
RESULT: {}
RESULT: {}
COMMAND: POST /session/ba8f8306183d693af77ab2140b410afd/element/f.389042B4FF7C30867E20C40CA0954A5B.d.E30047F56B3E5B546E98F9FBF506C611.e.13260/value - {"text":"1122"}
COMMAND: GET /session/ba8f8306183d693af77ab2140b410afd/screenshot - {}
RESULT: {"text":"1122"}
COMMAND: GET /session/ba8f8306183d693af77ab2140b410afd/screenshot - {}
RESULT: {}
RESULT: {}
COMMAND: POST /session/ba8f8306183d693af77ab2140b410afd/element - {"using":"xpath","value":"//li[.//span[text()='1122']]"}
RESULT: {"using":"xpath","value":"//li[.//span[text()='1122']]"}
COMMAND: POST /session/ba8f8306183d693af77ab2140b410afd/element/f.389042B4FF7C30867E20C40CA0954A5B.d.E30047F56B3E5B546E98F9FBF506C611.e.13346/click - {}
RESULT: {}
COMMAND: GET /session/ba8f8306183d693af77ab2140b410afd/screenshot - {}
RESULT: {}
COMMAND: POST /session/ba8f8306183d693af77ab2140b410afd/element - {"using":"xpath","value":"//button[@data-kt=\"saveButton\"]"}
RESULT: {"using":"xpath","value":"//button[@data-kt=\"saveButton\"]"}
COMMAND: POST /session/ba8f8306183d693af77ab2140b410afd/element/f.389042B4FF7C30867E20C40CA0954A5B.d.E30047F56B3E5B546E98F9FBF506C611.e.13336/click - {}
RESULT: {}
COMMAND: GET /session/ba8f8306183d693af77ab2140b410afd/screenshot - {}
RESULT: {}
COMMAND: POST /session/ba8f8306183d693af77ab2140b410afd/element - {"using":"xpath","value":"//span[contains(@id ,\"contractDetailTitleNoExpanded\")]"}
RESULT: {"using":"xpath","value":"//span[contains(@id ,\"contractDetailTitleNoExpanded\")]"}
COMMAND: POST /session/ba8f8306183d693af77ab2140b410afd/elements - {"using":"xpath","value":"//span[contains(@id ,\"contractDetailTitleNoExpanded\")]"}
RESULT: {"using":"xpath","value":"//span[contains(@id ,\"contractDetailTitleNoExpanded\")]"}
COMMAND: POST /session/ba8f8306183d693af77ab2140b410afd/execute/sync - {"script":"<script> [56 bytes]","args":[{"element-6066-11e4-a52e-4f735466cecf":"f.389042B4FF7C30867E20C40CA0954A5B.d.E30047F56B3E5B546E98F9FBF506C611.e.13426","ELEMENT":"f.389042B4FF7C30867E20C40CA0954A5B.d.E30047F56B3E5B546E98F9FBF506C611.e.13426"}]}
RESULT: {"script":"<script> [56 bytes]","args":[{"element-6066-11e4-a52e-4f735466cecf":"f.389042B4FF7C30867E20C40CA0954A5B.d.E30047F56B3E5B546E98F9FBF506C611.e.13426","ELEMENT":"f.389042B4FF7C30867E20C40CA0954A5B.d.E30047F56B3E5B546E98F9FBF506C611.e.13426"}]}
COMMAND: GET /session/ba8f8306183d693af77ab2140b410afd/screenshot - {}
RESULT: {}
]]></system-out>
    </testcase>
    <testcase classname="chrome.137_0_7151_69.windows.Billing_Transfer_-_Intracompany_US127249" name="Should add equipment to the contract" time="46.873">
      <system-out><![CDATA[
COMMAND: POST /session/ba8f8306183d693af77ab2140b410afd/element - {"using":"xpath","value":"//button[@data-kt=\"contractDetailEditBtnButton\"]"}
RESULT: {"using":"xpath","value":"//button[@data-kt=\"contractDetailEditBtnButton\"]"}
COMMAND: POST /session/ba8f8306183d693af77ab2140b410afd/element/f.389042B4FF7C30867E20C40CA0954A5B.d.E30047F56B3E5B546E98F9FBF506C611.e.13428/click - {}
RESULT: {}
COMMAND: GET /session/ba8f8306183d693af77ab2140b410afd/screenshot - {}
RESULT: {}
COMMAND: POST /session/ba8f8306183d693af77ab2140b410afd/element - {"using":"xpath","value":"(//span[contains(text(), \"Additional Addresses\")])[2]"}
RESULT: {"using":"xpath","value":"(//span[contains(text(), \"Additional Addresses\")])[2]"}
COMMAND: POST /session/ba8f8306183d693af77ab2140b410afd/element/f.389042B4FF7C30867E20C40CA0954A5B.d.E30047F56B3E5B546E98F9FBF506C611.e.13483/click - {}
RESULT: {}
COMMAND: GET /session/ba8f8306183d693af77ab2140b410afd/screenshot - {}
RESULT: {}
COMMAND: POST /session/ba8f8306183d693af77ab2140b410afd/element - {"using":"xpath","value":"//button[@data-kt=\"btnAddTableRowOverflowToolbarButton\"]"}
RESULT: {"using":"xpath","value":"//button[@data-kt=\"btnAddTableRowOverflowToolbarButton\"]"}
COMMAND: POST /session/ba8f8306183d693af77ab2140b410afd/element/f.389042B4FF7C30867E20C40CA0954A5B.d.E30047F56B3E5B546E98F9FBF506C611.e.13485/click - {}
RESULT: {}
COMMAND: GET /session/ba8f8306183d693af77ab2140b410afd/screenshot - {}
RESULT: {}
COMMAND: POST /session/ba8f8306183d693af77ab2140b410afd/element - {"using":"xpath","value":"//div[(text() = 'Standard Entry' or . = 'Standard Entry')]"}
RESULT: {"using":"xpath","value":"//div[(text() = 'Standard Entry' or . = 'Standard Entry')]"}
COMMAND: POST /session/ba8f8306183d693af77ab2140b410afd/element/f.389042B4FF7C30867E20C40CA0954A5B.d.E30047F56B3E5B546E98F9FBF506C611.e.13487/click - {}
RESULT: {}
COMMAND: GET /session/ba8f8306183d693af77ab2140b410afd/screenshot - {}
RESULT: {}
COMMAND: POST /session/ba8f8306183d693af77ab2140b410afd/element - {"using":"xpath","value":"//td[7]/div/div/input"}
RESULT: {"using":"xpath","value":"//td[7]/div/div/input"}
COMMAND: POST /session/ba8f8306183d693af77ab2140b410afd/element/f.389042B4FF7C30867E20C40CA0954A5B.d.E30047F56B3E5B546E98F9FBF506C611.e.13496/clear - {}
RESULT: {}
COMMAND: POST /session/ba8f8306183d693af77ab2140b410afd/element/f.389042B4FF7C30867E20C40CA0954A5B.d.E30047F56B3E5B546E98F9FBF506C611.e.13496/value - {"text":"caPix4zgVP"}
COMMAND: GET /session/ba8f8306183d693af77ab2140b410afd/screenshot - {}
RESULT: {"text":"caPix4zgVP"}
COMMAND: GET /session/ba8f8306183d693af77ab2140b410afd/screenshot - {}
RESULT: {}
RESULT: {}
COMMAND: POST /session/ba8f8306183d693af77ab2140b410afd/actions - {"actions":[{"id":"action40","type":"key","parameters":{},"actions":[{"type":"keyDown","value":""},{"type":"pause","duration":10},{"type":"keyUp","value":""}]}]}
RESULT: {"actions":[{"id":"action40","type":"key","parameters":{},"actions":[{"type":"keyDown","value":""},{"type":"pause","duration":10},{"type":"keyUp","value":""}]}]}
COMMAND: GET /session/ba8f8306183d693af77ab2140b410afd/screenshot - {}
RESULT: {}
COMMAND: POST /session/ba8f8306183d693af77ab2140b410afd/execute/sync - {"script":"<script> [276 bytes]","args":["No pricing information was found"]}
RESULT: {"script":"<script> [276 bytes]","args":["No pricing information was found"]}
COMMAND: POST /session/ba8f8306183d693af77ab2140b410afd/element - {"using":"xpath","value":"(//button[@data-kt=\"saveButton\"])[2]"}
COMMAND: GET /session/ba8f8306183d693af77ab2140b410afd/screenshot - {}
RESULT: {"using":"xpath","value":"(//button[@data-kt=\"saveButton\"])[2]"}
COMMAND: POST /session/ba8f8306183d693af77ab2140b410afd/element/f.389042B4FF7C30867E20C40CA0954A5B.d.E30047F56B3E5B546E98F9FBF506C611.e.13511/click - {}
RESULT: {}
RESULT: {}
COMMAND: GET /session/ba8f8306183d693af77ab2140b410afd/screenshot - {}
RESULT: {}
COMMAND: POST /session/ba8f8306183d693af77ab2140b410afd/execute/sync - {"script":"<script> [276 bytes]","args":["Some contract items are having rental validity exceeding header rental validity"]}
RESULT: {"script":"<script> [276 bytes]","args":["Some contract items are having rental validity exceeding header rental validity"]}
COMMAND: GET /session/ba8f8306183d693af77ab2140b410afd/screenshot - {}
RESULT: {}
COMMAND: POST /session/ba8f8306183d693af77ab2140b410afd/element - {"using":"xpath","value":"//span[contains(@id ,\"contractItemsSmartTable-header-inner\")]"}
RESULT: {"using":"xpath","value":"//span[contains(@id ,\"contractItemsSmartTable-header-inner\")]"}
COMMAND: POST /session/ba8f8306183d693af77ab2140b410afd/elements - {"using":"xpath","value":"//span[contains(@id ,\"contractItemsSmartTable-header-inner\")]"}
RESULT: {"using":"xpath","value":"//span[contains(@id ,\"contractItemsSmartTable-header-inner\")]"}
COMMAND: POST /session/ba8f8306183d693af77ab2140b410afd/execute/sync - {"script":"<script> [56 bytes]","args":[{"element-6066-11e4-a52e-4f735466cecf":"f.389042B4FF7C30867E20C40CA0954A5B.d.E30047F56B3E5B546E98F9FBF506C611.e.13517","ELEMENT":"f.389042B4FF7C30867E20C40CA0954A5B.d.E30047F56B3E5B546E98F9FBF506C611.e.13517"}]}
RESULT: {"script":"<script> [56 bytes]","args":[{"element-6066-11e4-a52e-4f735466cecf":"f.389042B4FF7C30867E20C40CA0954A5B.d.E30047F56B3E5B546E98F9FBF506C611.e.13517","ELEMENT":"f.389042B4FF7C30867E20C40CA0954A5B.d.E30047F56B3E5B546E98F9FBF506C611.e.13517"}]}
]]></system-out>
    </testcase>
    <testcase classname="chrome.137_0_7151_69.windows.Billing_Transfer_-_Intracompany_US127249" name="Should do a provide to site handover" time="72.418">
      <system-out><![CDATA[
COMMAND: POST /session/ba8f8306183d693af77ab2140b410afd/element - {"using":"xpath","value":"//button[@data-kt=\"provideButton\"]"}
COMMAND: GET /session/ba8f8306183d693af77ab2140b410afd/screenshot - {}
RESULT: {"using":"xpath","value":"//button[@data-kt=\"provideButton\"]"}
COMMAND: POST /session/ba8f8306183d693af77ab2140b410afd/element/f.389042B4FF7C30867E20C40CA0954A5B.d.E30047F56B3E5B546E98F9FBF506C611.e.13518/click - {}
RESULT: {}
RESULT: {}
COMMAND: GET /session/ba8f8306183d693af77ab2140b410afd/screenshot - {}
RESULT: undefined
COMMAND: POST /session/ba8f8306183d693af77ab2140b410afd/execute/async - {"script":"<script> [6424 bytes]","args":[{"element-6066-11e4-a52e-4f735466cecf":"f.389042B4FF7C30867E20C40CA0954A5B.d.E30047F56B3E5B546E98F9FBF506C611.e.12486"},"setValue",["6/14/25"]]}
RESULT: {}
COMMAND: POST /session/ba8f8306183d693af77ab2140b410afd/execute/async - {"script":"<script> [1562 bytes]","args":[{"selector":{"id":"application-managehandovers-display-component---AddNewHO--dueDate","interaction":{"idSuffix":"inner"}},"wdio_ui5_key":"applicationmanagehandovers-display-component---AddNewHO--dueDate"}]}
RESULT: {"script":"<script> [1562 bytes]","args":[{"selector":{"id":"application-managehandovers-display-component---AddNewHO--dueDate","interaction":{"idSuffix":"inner"}},"wdio_ui5_key":"applicationmanagehandovers-display-component---AddNewHO--dueDate"}]}
COMMAND: POST /session/ba8f8306183d693af77ab2140b410afd/execute/async - {"script":"<script> [6424 bytes]","args":[{"element-6066-11e4-a52e-4f735466cecf":"f.389042B4FF7C30867E20C40CA0954A5B.d.E30047F56B3E5B546E98F9FBF506C611.e.13592"},"setValue",["6/14/25"]]}
RESULT: {"script":"<script> [6424 bytes]","args":[{"element-6066-11e4-a52e-4f735466cecf":"f.389042B4FF7C30867E20C40CA0954A5B.d.E30047F56B3E5B546E98F9FBF506C611.e.13592"},"setValue",["6/14/25"]]}
COMMAND: POST /session/ba8f8306183d693af77ab2140b410afd/element - {"using":"xpath","value":"//bdi[contains(text(), \"Instructions\")]"}
RESULT: {"using":"xpath","value":"//bdi[contains(text(), \"Instructions\")]"}
COMMAND: POST /session/ba8f8306183d693af77ab2140b410afd/element/f.389042B4FF7C30867E20C40CA0954A5B.d.E30047F56B3E5B546E98F9FBF506C611.e.13832/click - {}
RESULT: {}
COMMAND: GET /session/ba8f8306183d693af77ab2140b410afd/screenshot - {}
RESULT: {}
COMMAND: POST /session/ba8f8306183d693af77ab2140b410afd/element - {"using":"xpath","value":"//button[@data-kt=\"AddNewHOProvideAddItemsButton\"]"}
RESULT: {"using":"xpath","value":"//button[@data-kt=\"AddNewHOProvideAddItemsButton\"]"}
COMMAND: POST /session/ba8f8306183d693af77ab2140b410afd/element/f.389042B4FF7C30867E20C40CA0954A5B.d.E30047F56B3E5B546E98F9FBF506C611.e.13836/click - {}
RESULT: {}
COMMAND: GET /session/ba8f8306183d693af77ab2140b410afd/screenshot - {}
RESULT: {}
RESULT: undefined
COMMAND: POST /session/ba8f8306183d693af77ab2140b410afd/element - {"using":"xpath","value":"//*[@id=\"application-managehandovers-display-component---AddNewHO--popup-sa\"]"}
RESULT: {"using":"xpath","value":"//*[@id=\"application-managehandovers-display-component---AddNewHO--popup-sa\"]"}
COMMAND: POST /session/ba8f8306183d693af77ab2140b410afd/element/f.389042B4FF7C30867E20C40CA0954A5B.d.E30047F56B3E5B546E98F9FBF506C611.e.13846/click - {}
RESULT: {}
COMMAND: GET /session/ba8f8306183d693af77ab2140b410afd/screenshot - {}
RESULT: {}
COMMAND: POST /session/ba8f8306183d693af77ab2140b410afd/element - {"using":"xpath","value":"//*[contains(@id ,\"BDI-content\")][contains(text(), \"Select\")]"}
RESULT: {"using":"xpath","value":"//*[contains(@id ,\"BDI-content\")][contains(text(), \"Select\")]"}
COMMAND: POST /session/ba8f8306183d693af77ab2140b410afd/element/f.389042B4FF7C30867E20C40CA0954A5B.d.E30047F56B3E5B546E98F9FBF506C611.e.13847/click - {}
RESULT: {}
COMMAND: GET /session/ba8f8306183d693af77ab2140b410afd/screenshot - {}
RESULT: {}
COMMAND: POST /session/ba8f8306183d693af77ab2140b410afd/execute/async - {"script":"<script> [1562 bytes]","args":[{"selector":{"id":"application-managehandovers-display-component---AddNewHO--confirmCreationButton","interaction":{"idSuffix":"BDI-content"}},"wdio_ui5_key":"applicationmanagehandovers-display-component---AddNewHO--confirmCreationButton"}]}
RESULT: {"script":"<script> [1562 bytes]","args":[{"selector":{"id":"application-managehandovers-display-component---AddNewHO--confirmCreationButton","interaction":{"idSuffix":"BDI-content"}},"wdio_ui5_key":"applicationmanagehandovers-display-component---AddNewHO--confirmCreationButton"}]}
RESULT: undefined
COMMAND: POST /session/ba8f8306183d693af77ab2140b410afd/element - {"using":"xpath","value":"//*[@id=\"application-managehandovers-display-component---AddNewHO--confirmCreationButton\"]"}
RESULT: {"using":"xpath","value":"//*[@id=\"application-managehandovers-display-component---AddNewHO--confirmCreationButton\"]"}
COMMAND: POST /session/ba8f8306183d693af77ab2140b410afd/element/f.389042B4FF7C30867E20C40CA0954A5B.d.E30047F56B3E5B546E98F9FBF506C611.e.13642/click - {}
RESULT: {}
COMMAND: GET /session/ba8f8306183d693af77ab2140b410afd/screenshot - {}
RESULT: {}
COMMAND: POST /session/ba8f8306183d693af77ab2140b410afd/execute/async - {"script":"<script> [1562 bytes]","args":[{"selector":{"id":"issueDatePicker","viewName":"etm.portal.ui.managehandovers.view.DetailExecuteHO","interaction":{"idSuffix":"inner"}},"wdio_ui5_key":"issueDatePickeretmportal.ui.managehandovers.view.DetailExecuteHO"}]}
RESULT: {"script":"<script> [1562 bytes]","args":[{"selector":{"id":"issueDatePicker","viewName":"etm.portal.ui.managehandovers.view.DetailExecuteHO","interaction":{"idSuffix":"inner"}},"wdio_ui5_key":"issueDatePickeretmportal.ui.managehandovers.view.DetailExecuteHO"}]}
RESULT: undefined
COMMAND: POST /session/ba8f8306183d693af77ab2140b410afd/execute/async - {"script":"<script> [776 bytes]","args":[{"enterText":"6/14/25","selector":{"id":"issueDatePicker","viewName":"etm.portal.ui.managehandovers.view.DetailExecuteHO","interaction":{"idSuffix":"inner"}},"clearTextFirst":true,"interactionType":"ENTER_TEXT"}]}
RESULT: {"script":"<script> [776 bytes]","args":[{"enterText":"6/14/25","selector":{"id":"issueDatePicker","viewName":"etm.portal.ui.managehandovers.view.DetailExecuteHO","interaction":{"idSuffix":"inner"}},"clearTextFirst":true,"interactionType":"ENTER_TEXT"}]}
COMMAND: POST /session/ba8f8306183d693af77ab2140b410afd/element - {"using":"xpath","value":"//button[@data-kt=\"PickingTableConfirmAllButton\"]"}
RESULT: {"using":"xpath","value":"//button[@data-kt=\"PickingTableConfirmAllButton\"]"}
COMMAND: POST /session/ba8f8306183d693af77ab2140b410afd/element/f.389042B4FF7C30867E20C40CA0954A5B.d.E30047F56B3E5B546E98F9FBF506C611.e.13910/click - {}
RESULT: {}
COMMAND: GET /session/ba8f8306183d693af77ab2140b410afd/screenshot - {}
RESULT: {}
COMMAND: POST /session/ba8f8306183d693af77ab2140b410afd/element - {"using":"xpath","value":"//bdi[contains(text(), \"OK\")]"}
RESULT: {"using":"xpath","value":"//bdi[contains(text(), \"OK\")]"}
COMMAND: POST /session/ba8f8306183d693af77ab2140b410afd/element/f.389042B4FF7C30867E20C40CA0954A5B.d.E30047F56B3E5B546E98F9FBF506C611.e.13913/click - {}
RESULT: {}
COMMAND: GET /session/ba8f8306183d693af77ab2140b410afd/screenshot - {}
RESULT: {}
COMMAND: POST /session/ba8f8306183d693af77ab2140b410afd/element - {"using":"xpath","value":"//bdi[contains(text(), \"Issue\")]"}
RESULT: {"using":"xpath","value":"//bdi[contains(text(), \"Issue\")]"}
COMMAND: POST /session/ba8f8306183d693af77ab2140b410afd/element/f.389042B4FF7C30867E20C40CA0954A5B.d.E30047F56B3E5B546E98F9FBF506C611.e.13915/click - {}
RESULT: {}
COMMAND: GET /session/ba8f8306183d693af77ab2140b410afd/screenshot - {}
RESULT: {}
COMMAND: POST /session/ba8f8306183d693af77ab2140b410afd/element - {"using":"css selector","value":"#shell-header-logo"}
RESULT: {"using":"css selector","value":"#shell-header-logo"}
COMMAND: POST /session/ba8f8306183d693af77ab2140b410afd/element/f.389042B4FF7C30867E20C40CA0954A5B.d.E30047F56B3E5B546E98F9FBF506C611.e.12896/click - {}
RESULT: {}
COMMAND: GET /session/ba8f8306183d693af77ab2140b410afd/screenshot - {}
RESULT: {}
]]></system-out>
    </testcase>
    <testcase classname="chrome.137_0_7151_69.windows.Billing_Transfer_-_Intracompany_US127249" name="Should go navigate to Manage Billings and trigger contract calculation check result" time="78.068">
      <system-out><![CDATA[
COMMAND: POST /session/ba8f8306183d693af77ab2140b410afd/execute/async - {"script":"<script> [1562 bytes]","args":[{"selector":{"controlType":"sap.m.GenericTile","properties":{"header":"Manage Billings"}},"wdio_ui5_key":"sapm.GenericTile{\"header\":\"Manage Billings\"}"}]}
RESULT: {"script":"<script> [1562 bytes]","args":[{"selector":{"controlType":"sap.m.GenericTile","properties":{"header":"Manage Billings"}},"wdio_ui5_key":"sapm.GenericTile{\"header\":\"Manage Billings\"}"}]}
RESULT: undefined
COMMAND: POST /session/ba8f8306183d693af77ab2140b410afd/element - {"using":"xpath","value":"//*[@id=\"__tile53\"]"}
RESULT: {"using":"xpath","value":"//*[@id=\"__tile53\"]"}
COMMAND: POST /session/ba8f8306183d693af77ab2140b410afd/element/f.389042B4FF7C30867E20C40CA0954A5B.d.E30047F56B3E5B546E98F9FBF506C611.e.8496/click - {}
RESULT: {}
COMMAND: GET /session/ba8f8306183d693af77ab2140b410afd/screenshot - {}
RESULT: {}
COMMAND: POST /session/ba8f8306183d693af77ab2140b410afd/elements - {"using":"xpath","value":"//span[text()='Error']"}
RESULT: {"using":"xpath","value":"//span[text()='Error']"}
COMMAND: POST /session/ba8f8306183d693af77ab2140b410afd/execute/async - {"script":"<script> [1562 bytes]","args":[{"selector":{"id":"application-managebillings-display-component---billRunCalcResult--smartFilterBar-btnBasicSearch","interaction":{"idSuffix":"I"}},"wdio_ui5_key":"applicationmanagebillings-display-component---billRunCalcResult--smartFilterBar-btnBasicSearch"}]}
RESULT: {"script":"<script> [1562 bytes]","args":[{"selector":{"id":"application-managebillings-display-component---billRunCalcResult--smartFilterBar-btnBasicSearch","interaction":{"idSuffix":"I"}},"wdio_ui5_key":"applicationmanagebillings-display-component---billRunCalcResult--smartFilterBar-btnBasicSearch"}]}
RESULT: undefined
COMMAND: POST /session/ba8f8306183d693af77ab2140b410afd/execute/async - {"script":"<script> [776 bytes]","args":[{"enterText":"10202","selector":{"id":"application-managebillings-display-component---billRunCalcResult--smartFilterBar-btnBasicSearch","interaction":{"idSuffix":"I"}},"clearTextFirst":true,"interactionType":"ENTER_TEXT"}]}
RESULT: {"script":"<script> [776 bytes]","args":[{"enterText":"10202","selector":{"id":"application-managebillings-display-component---billRunCalcResult--smartFilterBar-btnBasicSearch","interaction":{"idSuffix":"I"}},"clearTextFirst":true,"interactionType":"ENTER_TEXT"}]}
COMMAND: POST /session/ba8f8306183d693af77ab2140b410afd/actions - {"actions":[{"id":"action41","type":"key","parameters":{},"actions":[{"type":"keyDown","value":""},{"type":"pause","duration":10},{"type":"keyUp","value":""}]}]}
RESULT: {"actions":[{"id":"action41","type":"key","parameters":{},"actions":[{"type":"keyDown","value":""},{"type":"pause","duration":10},{"type":"keyUp","value":""}]}]}
COMMAND: GET /session/ba8f8306183d693af77ab2140b410afd/screenshot - {}
COMMAND: POST /session/ba8f8306183d693af77ab2140b410afd/element - {"using":"xpath","value":"//td[@aria-colindex=\"1\"]/div/div[contains(@class, \"sapMCbBg\")]"}
RESULT: {}
RESULT: {"using":"xpath","value":"//td[@aria-colindex=\"1\"]/div/div[contains(@class, \"sapMCbBg\")]"}
COMMAND: POST /session/ba8f8306183d693af77ab2140b410afd/element/f.389042B4FF7C30867E20C40CA0954A5B.d.E30047F56B3E5B546E98F9FBF506C611.e.14331/click - {}
RESULT: {}
COMMAND: GET /session/ba8f8306183d693af77ab2140b410afd/screenshot - {}
RESULT: {}
COMMAND: POST /session/ba8f8306183d693af77ab2140b410afd/execute/async - {"script":"<script> [1562 bytes]","args":[{"selector":{"id":"application-managebillings-display-component---billRunCalcResult--contractBillRunDate","interaction":{"idSuffix":"inner"}},"wdio_ui5_key":"applicationmanagebillings-display-component---billRunCalcResult--contractBillRunDate"}]}
RESULT: {"script":"<script> [1562 bytes]","args":[{"selector":{"id":"application-managebillings-display-component---billRunCalcResult--contractBillRunDate","interaction":{"idSuffix":"inner"}},"wdio_ui5_key":"applicationmanagebillings-display-component---billRunCalcResult--contractBillRunDate"}]}
RESULT: undefined
COMMAND: POST /session/ba8f8306183d693af77ab2140b410afd/execute/async - {"script":"<script> [776 bytes]","args":[{"enterText":"6/14/25","selector":{"id":"application-managebillings-display-component---billRunCalcResult--contractBillRunDate","interaction":{"idSuffix":"inner"}},"clearTextFirst":true,"interactionType":"ENTER_TEXT"}]}
RESULT: {"script":"<script> [776 bytes]","args":[{"enterText":"6/14/25","selector":{"id":"application-managebillings-display-component---billRunCalcResult--contractBillRunDate","interaction":{"idSuffix":"inner"}},"clearTextFirst":true,"interactionType":"ENTER_TEXT"}]}
COMMAND: POST /session/ba8f8306183d693af77ab2140b410afd/element - {"using":"xpath","value":"//bdi[contains(text(), \"Trigger Calculation\")]"}
RESULT: {"using":"xpath","value":"//bdi[contains(text(), \"Trigger Calculation\")]"}
COMMAND: POST /session/ba8f8306183d693af77ab2140b410afd/element/f.389042B4FF7C30867E20C40CA0954A5B.d.E30047F56B3E5B546E98F9FBF506C611.e.14351/click - {}
RESULT: {}
COMMAND: GET /session/ba8f8306183d693af77ab2140b410afd/screenshot - {}
RESULT: {}
COMMAND: POST /session/ba8f8306183d693af77ab2140b410afd/element - {"using":"xpath","value":"(//span[contains(@id, \"imgNav\")])[1]"}
RESULT: {"using":"xpath","value":"(//span[contains(@id, \"imgNav\")])[1]"}
COMMAND: POST /session/ba8f8306183d693af77ab2140b410afd/element/f.389042B4FF7C30867E20C40CA0954A5B.d.E30047F56B3E5B546E98F9FBF506C611.e.14345/click - {}
RESULT: {}
COMMAND: GET /session/ba8f8306183d693af77ab2140b410afd/screenshot - {}
RESULT: {}
COMMAND: POST /session/ba8f8306183d693af77ab2140b410afd/element - {"using":"xpath","value":"//tr/td[6]/div[1]/span[1]/span[1]"}
RESULT: {"using":"xpath","value":"//tr/td[6]/div[1]/span[1]/span[1]"}
COMMAND: GET /session/ba8f8306183d693af77ab2140b410afd/element/f.389042B4FF7C30867E20C40CA0954A5B.d.E30047F56B3E5B546E98F9FBF506C611.e.14356/text - {}
RESULT: {}
COMMAND: POST /session/ba8f8306183d693af77ab2140b410afd/element - {"using":"xpath","value":"(//span[contains(@id, \"imgNav\")])[2]"}
RESULT: {"using":"xpath","value":"(//span[contains(@id, \"imgNav\")])[2]"}
COMMAND: POST /session/ba8f8306183d693af77ab2140b410afd/element/f.389042B4FF7C30867E20C40CA0954A5B.d.E30047F56B3E5B546E98F9FBF506C611.e.14357/click - {}
RESULT: {}
COMMAND: POST /session/ba8f8306183d693af77ab2140b410afd/element - {"using":"xpath","value":"//bdi[contains(text(), \"Business Confirm\")]"}
COMMAND: GET /session/ba8f8306183d693af77ab2140b410afd/screenshot - {}
RESULT: {"using":"xpath","value":"//bdi[contains(text(), \"Business Confirm\")]"}
COMMAND: POST /session/ba8f8306183d693af77ab2140b410afd/elements - {"using":"xpath","value":"//bdi[contains(text(), \"Business Confirm\")]"}
RESULT: {}
RESULT: {"using":"xpath","value":"//bdi[contains(text(), \"Business Confirm\")]"}
COMMAND: POST /session/ba8f8306183d693af77ab2140b410afd/element - {"using":"xpath","value":"//bdi[contains(text(), \"Business Confirm\")]"}
RESULT: {"using":"xpath","value":"//bdi[contains(text(), \"Business Confirm\")]"}
COMMAND: POST /session/ba8f8306183d693af77ab2140b410afd/element/f.389042B4FF7C30867E20C40CA0954A5B.d.E30047F56B3E5B546E98F9FBF506C611.e.14420/click - {}
RESULT: {}
COMMAND: POST /session/ba8f8306183d693af77ab2140b410afd/element - {"using":"css selector","value":"#shell-header-logo"}
COMMAND: GET /session/ba8f8306183d693af77ab2140b410afd/screenshot - {}
RESULT: {"using":"css selector","value":"#shell-header-logo"}
COMMAND: POST /session/ba8f8306183d693af77ab2140b410afd/element/f.389042B4FF7C30867E20C40CA0954A5B.d.E30047F56B3E5B546E98F9FBF506C611.e.14098/click - {}
RESULT: {}
RESULT: {}
COMMAND: GET /session/ba8f8306183d693af77ab2140b410afd/screenshot - {}
RESULT: {}
]]></system-out>
    </testcase>
    <testcase classname="chrome.137_0_7151_69.windows.Billing_Transfer_-_Intracompany_US127249" name="Should navigate to billing transfer and invoice the contract" time="82.333">
      <system-out><![CDATA[
COMMAND: POST /session/ba8f8306183d693af77ab2140b410afd/execute/async - {"script":"<script> [1562 bytes]","args":[{"selector":{"controlType":"sap.m.GenericTile","properties":{"header":"Billing Transfer"}},"wdio_ui5_key":"sapm.GenericTile{\"header\":\"Billing Transfer\"}"}]}
RESULT: {"script":"<script> [1562 bytes]","args":[{"selector":{"controlType":"sap.m.GenericTile","properties":{"header":"Billing Transfer"}},"wdio_ui5_key":"sapm.GenericTile{\"header\":\"Billing Transfer\"}"}]}
RESULT: undefined
COMMAND: POST /session/ba8f8306183d693af77ab2140b410afd/element - {"using":"xpath","value":"//*[@id=\"__tile52\"]"}
RESULT: {"using":"xpath","value":"//*[@id=\"__tile52\"]"}
COMMAND: POST /session/ba8f8306183d693af77ab2140b410afd/element/f.389042B4FF7C30867E20C40CA0954A5B.d.E30047F56B3E5B546E98F9FBF506C611.e.8494/click - {}
RESULT: {}
COMMAND: GET /session/ba8f8306183d693af77ab2140b410afd/screenshot - {}
COMMAND: POST /session/ba8f8306183d693af77ab2140b410afd/elements - {"using":"xpath","value":"//span[text()='Error']"}
RESULT: {}
RESULT: {"using":"xpath","value":"//span[text()='Error']"}
COMMAND: POST /session/ba8f8306183d693af77ab2140b410afd/element - {"using":"xpath","value":"//input[contains(@id ,\"application-billingtransfer-display-component---billingWorkbench--smartFilterBar-btnBasicSearch\")]"}
RESULT: {"using":"xpath","value":"//input[contains(@id ,\"application-billingtransfer-display-component---billingWorkbench--smartFilterBar-btnBasicSearch\")]"}
COMMAND: POST /session/ba8f8306183d693af77ab2140b410afd/elements - {"using":"xpath","value":"//input[contains(@id ,\"application-billingtransfer-display-component---billingWorkbench--smartFilterBar-btnBasicSearch\")]"}
RESULT: {"using":"xpath","value":"//input[contains(@id ,\"application-billingtransfer-display-component---billingWorkbench--smartFilterBar-btnBasicSearch\")]"}
COMMAND: POST /session/ba8f8306183d693af77ab2140b410afd/execute/sync - {"script":"<script> [8489 bytes]","args":[{"element-6066-11e4-a52e-4f735466cecf":"f.389042B4FF7C30867E20C40CA0954A5B.d.E30047F56B3E5B546E98F9FBF506C611.e.14429","ELEMENT":"f.389042B4FF7C30867E20C40CA0954A5B.d.E30047F56B3E5B546E98F9FBF506C611.e.14429"}]}
RESULT: {"script":"<script> [8489 bytes]","args":[{"element-6066-11e4-a52e-4f735466cecf":"f.389042B4FF7C30867E20C40CA0954A5B.d.E30047F56B3E5B546E98F9FBF506C611.e.14429","ELEMENT":"f.389042B4FF7C30867E20C40CA0954A5B.d.E30047F56B3E5B546E98F9FBF506C611.e.14429"}]}
COMMAND: GET /session/ba8f8306183d693af77ab2140b410afd/element/f.389042B4FF7C30867E20C40CA0954A5B.d.E30047F56B3E5B546E98F9FBF506C611.e.14429/enabled - {}
COMMAND: GET /session/ba8f8306183d693af77ab2140b410afd/screenshot - {}
RESULT: {}
COMMAND: POST /session/ba8f8306183d693af77ab2140b410afd/element/f.389042B4FF7C30867E20C40CA0954A5B.d.E30047F56B3E5B546E98F9FBF506C611.e.14429/click - {}
COMMAND: GET /session/ba8f8306183d693af77ab2140b410afd/screenshot - {}
RESULT: {}
RESULT: {}
COMMAND: GET /session/ba8f8306183d693af77ab2140b410afd/screenshot - {}
RESULT: {}
RESULT: {}
COMMAND: POST /session/ba8f8306183d693af77ab2140b410afd/element/f.389042B4FF7C30867E20C40CA0954A5B.d.E30047F56B3E5B546E98F9FBF506C611.e.14429/clear - {}
RESULT: {}
COMMAND: POST /session/ba8f8306183d693af77ab2140b410afd/element/f.389042B4FF7C30867E20C40CA0954A5B.d.E30047F56B3E5B546E98F9FBF506C611.e.14429/value - {"text":"10202"}
COMMAND: GET /session/ba8f8306183d693af77ab2140b410afd/screenshot - {}
RESULT: {"text":"10202"}
COMMAND: POST /session/ba8f8306183d693af77ab2140b410afd/actions - {"actions":[{"id":"action42","type":"key","parameters":{},"actions":[{"type":"keyDown","value":""},{"type":"pause","duration":10},{"type":"keyUp","value":""}]}]}
COMMAND: GET /session/ba8f8306183d693af77ab2140b410afd/screenshot - {}
RESULT: {}
RESULT: {"actions":[{"id":"action42","type":"key","parameters":{},"actions":[{"type":"keyDown","value":""},{"type":"pause","duration":10},{"type":"keyUp","value":""}]}]}
COMMAND: GET /session/ba8f8306183d693af77ab2140b410afd/screenshot - {}
RESULT: {}
RESULT: {}
COMMAND: POST /session/ba8f8306183d693af77ab2140b410afd/element - {"using":"xpath","value":"//span[contains(@id ,\"application-billingtransfer-display-component---billingWorkbench--smartTableBillingRuns-header-inner\")]"}
RESULT: {"using":"xpath","value":"//span[contains(@id ,\"application-billingtransfer-display-component---billingWorkbench--smartTableBillingRuns-header-inner\")]"}
COMMAND: POST /session/ba8f8306183d693af77ab2140b410afd/elements - {"using":"xpath","value":"//span[contains(@id ,\"application-billingtransfer-display-component---billingWorkbench--smartTableBillingRuns-header-inner\")]"}
RESULT: {"using":"xpath","value":"//span[contains(@id ,\"application-billingtransfer-display-component---billingWorkbench--smartTableBillingRuns-header-inner\")]"}
COMMAND: POST /session/ba8f8306183d693af77ab2140b410afd/execute/sync - {"script":"<script> [56 bytes]","args":[{"element-6066-11e4-a52e-4f735466cecf":"f.389042B4FF7C30867E20C40CA0954A5B.d.E30047F56B3E5B546E98F9FBF506C611.e.14653","ELEMENT":"f.389042B4FF7C30867E20C40CA0954A5B.d.E30047F56B3E5B546E98F9FBF506C611.e.14653"}]}
RESULT: {"script":"<script> [56 bytes]","args":[{"element-6066-11e4-a52e-4f735466cecf":"f.389042B4FF7C30867E20C40CA0954A5B.d.E30047F56B3E5B546E98F9FBF506C611.e.14653","ELEMENT":"f.389042B4FF7C30867E20C40CA0954A5B.d.E30047F56B3E5B546E98F9FBF506C611.e.14653"}]}
COMMAND: POST /session/ba8f8306183d693af77ab2140b410afd/element - {"using":"xpath","value":"//td[@aria-colindex=\"1\"]/div/div[contains(@class, \"sapMCbBg\")]"}
COMMAND: GET /session/ba8f8306183d693af77ab2140b410afd/screenshot - {}
RESULT: {"using":"xpath","value":"//td[@aria-colindex=\"1\"]/div/div[contains(@class, \"sapMCbBg\")]"}
COMMAND: POST /session/ba8f8306183d693af77ab2140b410afd/element/f.389042B4FF7C30867E20C40CA0954A5B.d.E30047F56B3E5B546E98F9FBF506C611.e.14522/click - {}
RESULT: {}
RESULT: {}
COMMAND: GET /session/ba8f8306183d693af77ab2140b410afd/screenshot - {}
RESULT: {}
COMMAND: POST /session/ba8f8306183d693af77ab2140b410afd/element - {"using":"xpath","value":"//bdi[contains(text(), \"Check\")]"}
RESULT: {"using":"xpath","value":"//bdi[contains(text(), \"Check\")]"}
COMMAND: POST /session/ba8f8306183d693af77ab2140b410afd/element/f.389042B4FF7C30867E20C40CA0954A5B.d.E30047F56B3E5B546E98F9FBF506C611.e.14654/click - {}
RESULT: {}
COMMAND: GET /session/ba8f8306183d693af77ab2140b410afd/screenshot - {}
RESULT: {}
COMMAND: POST /session/ba8f8306183d693af77ab2140b410afd/element - {"using":"xpath","value":"//bdi[contains(text(), \"OK\")]"}
RESULT: {"using":"xpath","value":"//bdi[contains(text(), \"OK\")]"}
COMMAND: POST /session/ba8f8306183d693af77ab2140b410afd/element/f.389042B4FF7C30867E20C40CA0954A5B.d.E30047F56B3E5B546E98F9FBF506C611.e.14657/click - {}
RESULT: {}
COMMAND: GET /session/ba8f8306183d693af77ab2140b410afd/screenshot - {}
RESULT: {}
COMMAND: POST /session/ba8f8306183d693af77ab2140b410afd/element - {"using":"xpath","value":"(//span[contains(text(), \"CO/SD checked\")]/parent::div/preceding-sibling::div/span)[1]"}
RESULT: {"using":"xpath","value":"(//span[contains(text(), \"CO/SD checked\")]/parent::div/preceding-sibling::div/span)[1]"}
COMMAND: POST /session/ba8f8306183d693af77ab2140b410afd/element/f.389042B4FF7C30867E20C40CA0954A5B.d.E30047F56B3E5B546E98F9FBF506C611.e.14667/click - {}
RESULT: {}
COMMAND: GET /session/ba8f8306183d693af77ab2140b410afd/screenshot - {}
RESULT: {}
COMMAND: POST /session/ba8f8306183d693af77ab2140b410afd/element - {"using":"xpath","value":"//input[contains(@id ,\"application-billingtransfer-display-component---billingWorkbench--smartFilterBar-btnBasicSearch\")]"}
RESULT: {"using":"xpath","value":"//input[contains(@id ,\"application-billingtransfer-display-component---billingWorkbench--smartFilterBar-btnBasicSearch\")]"}
COMMAND: POST /session/ba8f8306183d693af77ab2140b410afd/elements - {"using":"xpath","value":"//input[contains(@id ,\"application-billingtransfer-display-component---billingWorkbench--smartFilterBar-btnBasicSearch\")]"}
RESULT: {"using":"xpath","value":"//input[contains(@id ,\"application-billingtransfer-display-component---billingWorkbench--smartFilterBar-btnBasicSearch\")]"}
COMMAND: POST /session/ba8f8306183d693af77ab2140b410afd/execute/sync - {"script":"<script> [8489 bytes]","args":[{"element-6066-11e4-a52e-4f735466cecf":"f.389042B4FF7C30867E20C40CA0954A5B.d.E30047F56B3E5B546E98F9FBF506C611.e.14429","ELEMENT":"f.389042B4FF7C30867E20C40CA0954A5B.d.E30047F56B3E5B546E98F9FBF506C611.e.14429"}]}
RESULT: {"script":"<script> [8489 bytes]","args":[{"element-6066-11e4-a52e-4f735466cecf":"f.389042B4FF7C30867E20C40CA0954A5B.d.E30047F56B3E5B546E98F9FBF506C611.e.14429","ELEMENT":"f.389042B4FF7C30867E20C40CA0954A5B.d.E30047F56B3E5B546E98F9FBF506C611.e.14429"}]}
COMMAND: GET /session/ba8f8306183d693af77ab2140b410afd/element/f.389042B4FF7C30867E20C40CA0954A5B.d.E30047F56B3E5B546E98F9FBF506C611.e.14429/enabled - {}
COMMAND: GET /session/ba8f8306183d693af77ab2140b410afd/screenshot - {}
RESULT: {}
COMMAND: POST /session/ba8f8306183d693af77ab2140b410afd/element/f.389042B4FF7C30867E20C40CA0954A5B.d.E30047F56B3E5B546E98F9FBF506C611.e.14429/click - {}
COMMAND: GET /session/ba8f8306183d693af77ab2140b410afd/screenshot - {}
RESULT: {}
RESULT: {}
COMMAND: GET /session/ba8f8306183d693af77ab2140b410afd/screenshot - {}
RESULT: {}
RESULT: {}
COMMAND: POST /session/ba8f8306183d693af77ab2140b410afd/element/f.389042B4FF7C30867E20C40CA0954A5B.d.E30047F56B3E5B546E98F9FBF506C611.e.14429/clear - {}
RESULT: {}
COMMAND: POST /session/ba8f8306183d693af77ab2140b410afd/element/f.389042B4FF7C30867E20C40CA0954A5B.d.E30047F56B3E5B546E98F9FBF506C611.e.14429/value - {"text":"10202"}
COMMAND: GET /session/ba8f8306183d693af77ab2140b410afd/screenshot - {}
RESULT: {"text":"10202"}
COMMAND: POST /session/ba8f8306183d693af77ab2140b410afd/actions - {"actions":[{"id":"action43","type":"key","parameters":{},"actions":[{"type":"keyDown","value":""},{"type":"pause","duration":10},{"type":"keyUp","value":""}]}]}
COMMAND: GET /session/ba8f8306183d693af77ab2140b410afd/screenshot - {}
RESULT: {}
RESULT: {"actions":[{"id":"action43","type":"key","parameters":{},"actions":[{"type":"keyDown","value":""},{"type":"pause","duration":10},{"type":"keyUp","value":""}]}]}
COMMAND: GET /session/ba8f8306183d693af77ab2140b410afd/screenshot - {}
RESULT: {}
RESULT: {}
COMMAND: POST /session/ba8f8306183d693af77ab2140b410afd/element - {"using":"xpath","value":"//span[contains(@id ,\"application-billingtransfer-display-component---billingWorkbench--smartTableBillingRuns-header-inner\")]"}
RESULT: {"using":"xpath","value":"//span[contains(@id ,\"application-billingtransfer-display-component---billingWorkbench--smartTableBillingRuns-header-inner\")]"}
COMMAND: POST /session/ba8f8306183d693af77ab2140b410afd/elements - {"using":"xpath","value":"//span[contains(@id ,\"application-billingtransfer-display-component---billingWorkbench--smartTableBillingRuns-header-inner\")]"}
RESULT: {"using":"xpath","value":"//span[contains(@id ,\"application-billingtransfer-display-component---billingWorkbench--smartTableBillingRuns-header-inner\")]"}
COMMAND: POST /session/ba8f8306183d693af77ab2140b410afd/execute/sync - {"script":"<script> [56 bytes]","args":[{"element-6066-11e4-a52e-4f735466cecf":"f.389042B4FF7C30867E20C40CA0954A5B.d.E30047F56B3E5B546E98F9FBF506C611.e.14653","ELEMENT":"f.389042B4FF7C30867E20C40CA0954A5B.d.E30047F56B3E5B546E98F9FBF506C611.e.14653"}]}
RESULT: {"script":"<script> [56 bytes]","args":[{"element-6066-11e4-a52e-4f735466cecf":"f.389042B4FF7C30867E20C40CA0954A5B.d.E30047F56B3E5B546E98F9FBF506C611.e.14653","ELEMENT":"f.389042B4FF7C30867E20C40CA0954A5B.d.E30047F56B3E5B546E98F9FBF506C611.e.14653"}]}
COMMAND: POST /session/ba8f8306183d693af77ab2140b410afd/element - {"using":"xpath","value":"//td[@aria-colindex=\"1\"]/div/div[contains(@class, \"sapMCbBg\")]"}
COMMAND: GET /session/ba8f8306183d693af77ab2140b410afd/screenshot - {}
RESULT: {"using":"xpath","value":"//td[@aria-colindex=\"1\"]/div/div[contains(@class, \"sapMCbBg\")]"}
COMMAND: POST /session/ba8f8306183d693af77ab2140b410afd/element/f.389042B4FF7C30867E20C40CA0954A5B.d.E30047F56B3E5B546E98F9FBF506C611.e.14672/click - {}
RESULT: {}
RESULT: {}
COMMAND: GET /session/ba8f8306183d693af77ab2140b410afd/screenshot - {}
RESULT: {}
COMMAND: POST /session/ba8f8306183d693af77ab2140b410afd/element - {"using":"xpath","value":"//bdi[text()=\"Transfer\"]"}
RESULT: {"using":"xpath","value":"//bdi[text()=\"Transfer\"]"}
COMMAND: POST /session/ba8f8306183d693af77ab2140b410afd/element/f.389042B4FF7C30867E20C40CA0954A5B.d.E30047F56B3E5B546E98F9FBF506C611.e.14673/click - {}
RESULT: {}
COMMAND: GET /session/ba8f8306183d693af77ab2140b410afd/screenshot - {}
RESULT: {}
COMMAND: POST /session/ba8f8306183d693af77ab2140b410afd/element - {"using":"xpath","value":"//bdi[contains(text(), \"OK\")]"}
RESULT: {"using":"xpath","value":"//bdi[contains(text(), \"OK\")]"}
COMMAND: POST /session/ba8f8306183d693af77ab2140b410afd/element/f.389042B4FF7C30867E20C40CA0954A5B.d.E30047F56B3E5B546E98F9FBF506C611.e.14676/click - {}
RESULT: {}
COMMAND: GET /session/ba8f8306183d693af77ab2140b410afd/screenshot - {}
RESULT: {}
COMMAND: POST /session/ba8f8306183d693af77ab2140b410afd/element - {"using":"xpath","value":"(//span[contains(text(), \"Completed\")]/parent::div/preceding-sibling::div/span)[1]"}
RESULT: {"using":"xpath","value":"(//span[contains(text(), \"Completed\")]/parent::div/preceding-sibling::div/span)[1]"}
COMMAND: POST /session/ba8f8306183d693af77ab2140b410afd/element/f.389042B4FF7C30867E20C40CA0954A5B.d.E30047F56B3E5B546E98F9FBF506C611.e.14684/click - {}
RESULT: {}
COMMAND: POST /session/ba8f8306183d693af77ab2140b410afd/element - {"using":"xpath","value":"//input[contains(@id ,\"application-billingtransfer-display-component---billingWorkbench--smartFilterBar-btnBasicSearch\")]"}
COMMAND: GET /session/ba8f8306183d693af77ab2140b410afd/screenshot - {}
RESULT: {"using":"xpath","value":"//input[contains(@id ,\"application-billingtransfer-display-component---billingWorkbench--smartFilterBar-btnBasicSearch\")]"}
COMMAND: POST /session/ba8f8306183d693af77ab2140b410afd/elements - {"using":"xpath","value":"//input[contains(@id ,\"application-billingtransfer-display-component---billingWorkbench--smartFilterBar-btnBasicSearch\")]"}
RESULT: {}
RESULT: {"using":"xpath","value":"//input[contains(@id ,\"application-billingtransfer-display-component---billingWorkbench--smartFilterBar-btnBasicSearch\")]"}
COMMAND: POST /session/ba8f8306183d693af77ab2140b410afd/execute/sync - {"script":"<script> [8489 bytes]","args":[{"element-6066-11e4-a52e-4f735466cecf":"f.389042B4FF7C30867E20C40CA0954A5B.d.E30047F56B3E5B546E98F9FBF506C611.e.14429","ELEMENT":"f.389042B4FF7C30867E20C40CA0954A5B.d.E30047F56B3E5B546E98F9FBF506C611.e.14429"}]}
RESULT: {"script":"<script> [8489 bytes]","args":[{"element-6066-11e4-a52e-4f735466cecf":"f.389042B4FF7C30867E20C40CA0954A5B.d.E30047F56B3E5B546E98F9FBF506C611.e.14429","ELEMENT":"f.389042B4FF7C30867E20C40CA0954A5B.d.E30047F56B3E5B546E98F9FBF506C611.e.14429"}]}
COMMAND: GET /session/ba8f8306183d693af77ab2140b410afd/element/f.389042B4FF7C30867E20C40CA0954A5B.d.E30047F56B3E5B546E98F9FBF506C611.e.14429/enabled - {}
COMMAND: GET /session/ba8f8306183d693af77ab2140b410afd/screenshot - {}
RESULT: {}
COMMAND: POST /session/ba8f8306183d693af77ab2140b410afd/element/f.389042B4FF7C30867E20C40CA0954A5B.d.E30047F56B3E5B546E98F9FBF506C611.e.14429/click - {}
COMMAND: GET /session/ba8f8306183d693af77ab2140b410afd/screenshot - {}
RESULT: {}
RESULT: {}
COMMAND: GET /session/ba8f8306183d693af77ab2140b410afd/screenshot - {}
RESULT: {}
RESULT: {}
COMMAND: POST /session/ba8f8306183d693af77ab2140b410afd/element/f.389042B4FF7C30867E20C40CA0954A5B.d.E30047F56B3E5B546E98F9FBF506C611.e.14429/clear - {}
RESULT: {}
COMMAND: POST /session/ba8f8306183d693af77ab2140b410afd/element/f.389042B4FF7C30867E20C40CA0954A5B.d.E30047F56B3E5B546E98F9FBF506C611.e.14429/value - {"text":"10202"}
COMMAND: GET /session/ba8f8306183d693af77ab2140b410afd/screenshot - {}
RESULT: {"text":"10202"}
COMMAND: POST /session/ba8f8306183d693af77ab2140b410afd/actions - {"actions":[{"id":"action44","type":"key","parameters":{},"actions":[{"type":"keyDown","value":""},{"type":"pause","duration":10},{"type":"keyUp","value":""}]}]}
COMMAND: GET /session/ba8f8306183d693af77ab2140b410afd/screenshot - {}
RESULT: {}
RESULT: {"actions":[{"id":"action44","type":"key","parameters":{},"actions":[{"type":"keyDown","value":""},{"type":"pause","duration":10},{"type":"keyUp","value":""}]}]}
COMMAND: GET /session/ba8f8306183d693af77ab2140b410afd/screenshot - {}
RESULT: {}
RESULT: {}
COMMAND: POST /session/ba8f8306183d693af77ab2140b410afd/element - {"using":"xpath","value":"//span[contains(@id ,\"application-billingtransfer-display-component---billingWorkbench--smartTableBillingRuns-header-inner\")]"}
RESULT: {"using":"xpath","value":"//span[contains(@id ,\"application-billingtransfer-display-component---billingWorkbench--smartTableBillingRuns-header-inner\")]"}
COMMAND: POST /session/ba8f8306183d693af77ab2140b410afd/elements - {"using":"xpath","value":"//span[contains(@id ,\"application-billingtransfer-display-component---billingWorkbench--smartTableBillingRuns-header-inner\")]"}
RESULT: {"using":"xpath","value":"//span[contains(@id ,\"application-billingtransfer-display-component---billingWorkbench--smartTableBillingRuns-header-inner\")]"}
COMMAND: POST /session/ba8f8306183d693af77ab2140b410afd/execute/sync - {"script":"<script> [56 bytes]","args":[{"element-6066-11e4-a52e-4f735466cecf":"f.389042B4FF7C30867E20C40CA0954A5B.d.E30047F56B3E5B546E98F9FBF506C611.e.14653","ELEMENT":"f.389042B4FF7C30867E20C40CA0954A5B.d.E30047F56B3E5B546E98F9FBF506C611.e.14653"}]}
RESULT: {"script":"<script> [56 bytes]","args":[{"element-6066-11e4-a52e-4f735466cecf":"f.389042B4FF7C30867E20C40CA0954A5B.d.E30047F56B3E5B546E98F9FBF506C611.e.14653","ELEMENT":"f.389042B4FF7C30867E20C40CA0954A5B.d.E30047F56B3E5B546E98F9FBF506C611.e.14653"}]}
COMMAND: GET /session/ba8f8306183d693af77ab2140b410afd/screenshot - {}
RESULT: {}
COMMAND: POST /session/ba8f8306183d693af77ab2140b410afd/execute/sync - {"script":"<script> [56 bytes]","args":[{"element-6066-11e4-a52e-4f735466cecf":"f.389042B4FF7C30867E20C40CA0954A5B.d.E30047F56B3E5B546E98F9FBF506C611.e.14653","ELEMENT":"f.389042B4FF7C30867E20C40CA0954A5B.d.E30047F56B3E5B546E98F9FBF506C611.e.14653"}]}
RESULT: {"script":"<script> [56 bytes]","args":[{"element-6066-11e4-a52e-4f735466cecf":"f.389042B4FF7C30867E20C40CA0954A5B.d.E30047F56B3E5B546E98F9FBF506C611.e.14653","ELEMENT":"f.389042B4FF7C30867E20C40CA0954A5B.d.E30047F56B3E5B546E98F9FBF506C611.e.14653"}]}
COMMAND: GET /session/ba8f8306183d693af77ab2140b410afd/screenshot - {}
RESULT: {}
COMMAND: POST /session/ba8f8306183d693af77ab2140b410afd/execute/sync - {"script":"<script> [56 bytes]","args":[{"element-6066-11e4-a52e-4f735466cecf":"f.389042B4FF7C30867E20C40CA0954A5B.d.E30047F56B3E5B546E98F9FBF506C611.e.14653","ELEMENT":"f.389042B4FF7C30867E20C40CA0954A5B.d.E30047F56B3E5B546E98F9FBF506C611.e.14653"}]}
RESULT: {"script":"<script> [56 bytes]","args":[{"element-6066-11e4-a52e-4f735466cecf":"f.389042B4FF7C30867E20C40CA0954A5B.d.E30047F56B3E5B546E98F9FBF506C611.e.14653","ELEMENT":"f.389042B4FF7C30867E20C40CA0954A5B.d.E30047F56B3E5B546E98F9FBF506C611.e.14653"}]}
COMMAND: GET /session/ba8f8306183d693af77ab2140b410afd/screenshot - {}
COMMAND: POST /session/ba8f8306183d693af77ab2140b410afd/execute/sync - {"script":"<script> [56 bytes]","args":[{"element-6066-11e4-a52e-4f735466cecf":"f.389042B4FF7C30867E20C40CA0954A5B.d.E30047F56B3E5B546E98F9FBF506C611.e.14653","ELEMENT":"f.389042B4FF7C30867E20C40CA0954A5B.d.E30047F56B3E5B546E98F9FBF506C611.e.14653"}]}
RESULT: {}
RESULT: {"script":"<script> [56 bytes]","args":[{"element-6066-11e4-a52e-4f735466cecf":"f.389042B4FF7C30867E20C40CA0954A5B.d.E30047F56B3E5B546E98F9FBF506C611.e.14653","ELEMENT":"f.389042B4FF7C30867E20C40CA0954A5B.d.E30047F56B3E5B546E98F9FBF506C611.e.14653"}]}
COMMAND: POST /session/ba8f8306183d693af77ab2140b410afd/element - {"using":"css selector","value":"#shell-header-logo"}
COMMAND: GET /session/ba8f8306183d693af77ab2140b410afd/screenshot - {}
RESULT: {"using":"css selector","value":"#shell-header-logo"}
COMMAND: POST /session/ba8f8306183d693af77ab2140b410afd/element/f.389042B4FF7C30867E20C40CA0954A5B.d.E30047F56B3E5B546E98F9FBF506C611.e.14427/click - {}
RESULT: {}
RESULT: {}
COMMAND: GET /session/ba8f8306183d693af77ab2140b410afd/screenshot - {}
RESULT: {}
COMMAND: POST /session/ba8f8306183d693af77ab2140b410afd/element - {"using":"css selector","value":"#j_username"}
COMMAND: POST /session/ba8f8306183d693af77ab2140b410afd/url - {"url":"https://qa-testing-00-live-etm-ui.cfapps.eu10-004.hana.ondemand.com/"}
RESULT: {"using":"css selector","value":"#j_username"}
COMMAND: POST /session/ba8f8306183d693af77ab2140b410afd/element - {"using":"css selector","value":"#j_username"}
RESULT: {"url":"https://qa-testing-00-live-etm-ui.cfapps.eu10-004.hana.ondemand.com/"}
RESULT: undefined
COMMAND: GET /session/ba8f8306183d693af77ab2140b410afd/screenshot - {}
RESULT: {"using":"css selector","value":"#j_username"}
COMMAND: POST /session/ba8f8306183d693af77ab2140b410afd/element - {"using":"css selector","value":"#shell-header-logo"}
RESULT: {}
RESULT: {"using":"css selector","value":"#shell-header-logo"}
COMMAND: POST /session/ba8f8306183d693af77ab2140b410afd/execute/sync - {"script":"<script> [8489 bytes]","args":[{"element-6066-11e4-a52e-4f735466cecf":"f.389042B4FF7C30867E20C40CA0954A5B.d.3B49B51AA457293BEBC25097927287AC.e.14697","ELEMENT":"f.389042B4FF7C30867E20C40CA0954A5B.d.3B49B51AA457293BEBC25097927287AC.e.14697"}]}
RESULT: {"script":"<script> [8489 bytes]","args":[{"element-6066-11e4-a52e-4f735466cecf":"f.389042B4FF7C30867E20C40CA0954A5B.d.3B49B51AA457293BEBC25097927287AC.e.14697","ELEMENT":"f.389042B4FF7C30867E20C40CA0954A5B.d.3B49B51AA457293BEBC25097927287AC.e.14697"}]}
COMMAND: POST /session/ba8f8306183d693af77ab2140b410afd/element - {"using":"css selector","value":"#shell-header-logo"}
COMMAND: GET /session/ba8f8306183d693af77ab2140b410afd/screenshot - {}
RESULT: {"using":"css selector","value":"#shell-header-logo"}
COMMAND: POST /session/ba8f8306183d693af77ab2140b410afd/execute/sync - {"script":"<script> [8489 bytes]","args":[{"element-6066-11e4-a52e-4f735466cecf":"f.389042B4FF7C30867E20C40CA0954A5B.d.3B49B51AA457293BEBC25097927287AC.e.14697","ELEMENT":"f.389042B4FF7C30867E20C40CA0954A5B.d.3B49B51AA457293BEBC25097927287AC.e.14697"}]}
RESULT: {}
RESULT: {"script":"<script> [8489 bytes]","args":[{"element-6066-11e4-a52e-4f735466cecf":"f.389042B4FF7C30867E20C40CA0954A5B.d.3B49B51AA457293BEBC25097927287AC.e.14697","ELEMENT":"f.389042B4FF7C30867E20C40CA0954A5B.d.3B49B51AA457293BEBC25097927287AC.e.14697"}]}
COMMAND: POST /session/ba8f8306183d693af77ab2140b410afd/execute/sync - {"script":"<script> [5351 bytes]","args":[{"element-6066-11e4-a52e-4f735466cecf":"f.389042B4FF7C30867E20C40CA0954A5B.d.3B49B51AA457293BEBC25097927287AC.e.14697","ELEMENT":"f.389042B4FF7C30867E20C40CA0954A5B.d.3B49B51AA457293BEBC25097927287AC.e.14697"}]}
COMMAND: GET /session/ba8f8306183d693af77ab2140b410afd/screenshot - {}
RESULT: {"script":"<script> [5351 bytes]","args":[{"element-6066-11e4-a52e-4f735466cecf":"f.389042B4FF7C30867E20C40CA0954A5B.d.3B49B51AA457293BEBC25097927287AC.e.14697","ELEMENT":"f.389042B4FF7C30867E20C40CA0954A5B.d.3B49B51AA457293BEBC25097927287AC.e.14697"}]}
COMMAND: POST /session/ba8f8306183d693af77ab2140b410afd/element - {"using":"css selector","value":"#shell-header-logo"}
COMMAND: GET /session/ba8f8306183d693af77ab2140b410afd/screenshot - {}
RESULT: {}
RESULT: {"using":"css selector","value":"#shell-header-logo"}
COMMAND: POST /session/ba8f8306183d693af77ab2140b410afd/element/f.389042B4FF7C30867E20C40CA0954A5B.d.3B49B51AA457293BEBC25097927287AC.e.14697/click - {}
RESULT: {}
RESULT: {}
COMMAND: GET /session/ba8f8306183d693af77ab2140b410afd/screenshot - {}
RESULT: {}
COMMAND: POST /session/ba8f8306183d693af77ab2140b410afd/execute/async - {"script":"<script> [189 bytes]","args":[]}
RESULT: {"script":"<script> [189 bytes]","args":[]}
COMMAND: POST /session/ba8f8306183d693af77ab2140b410afd/execute/async - {"script":"<script> [123 bytes]","args":[]}
RESULT: {"script":"<script> [123 bytes]","args":[]}
COMMAND: POST /session/ba8f8306183d693af77ab2140b410afd/timeouts - {"script":"<number>"}
RESULT: {"script":"<number>"}
COMMAND: GET /session/ba8f8306183d693af77ab2140b410afd/timeouts - {}
RESULT: {}
RESULT: undefined
COMMAND: POST /session/ba8f8306183d693af77ab2140b410afd/execute/async - {"script":"<script> [2676 bytes]","args":[]}
RESULT: {"script":"<script> [2676 bytes]","args":[]}
COMMAND: POST /session/ba8f8306183d693af77ab2140b410afd/execute/async - {"script":"<script> [2342 bytes]","args":[{"protocol":"http","hostname":"0.0.0.0","path":"/","capabilities":{"browserName":"chrome","goog:chromeOptions":{"binary":"C:\\Program Files\\Google\\Chrome\\Application\\chrome.exe","args":["--start-maximized"]}},"logLevel":"warn","connectionRetryTimeout":120000,"connectionRetryCount":3,"logLevels":{},"enableDirectConnect":true,"strictSSL":true,"_":"65 more keys: [\"cacheDir\",\"port\",\"requestedCapabilities\",\"automationProtocol\",\"baseUrl\",\"waitforInterval\",\"waitforTimeout\",\"onReload\",\"beforeCommand\",\"afterCommand\",\"rootDir\",\"specs\",\"suites\",\"exclude\",\"groupLogsByTestSpec\",\"excludeDriverLogs\",\"bail\",\"framework\",\"reporters\",\"services\",\"maxInstances\",\"maxInstancesPerCapability\",\"injectGlobals\",\"filesToWatch\",\"execArgv\",\"runnerEnv\",\"runner\",\"shard\",\"specFileRetries\",\"specFileRetriesDelay\",\"specFileRetriesDeferred\",\"reporterSyncInterval\",\"reporterSyncTimeout\",\"cucumberFeaturesWithLineNumbers\",\"autoCompileOpts\",\"mochaOpts\",\"jasmineOpts\",\"cucumberOpts\",\"onPrepare\",\"onWorkerStart\",\"onWorkerEnd\",\"before\",\"beforeSession\",\"beforeSuite\",\"beforeHook\",\"beforeTest\",\"afterTest\",\"afterHook\",\"afterSuite\",\"afterSession\",\"after\",\"onComplete\",\"beforeAssertion\",\"afterAssertion\",\"beforeFeature\",\"beforeScenario\",\"beforeStep\",\"afterStep\",\"afterScenario\",\"afterFeature\",\"_\",\"suite\",\"$0\",\"ignoredWorkerServices\",\"wdi5\"]"}]}
RESULT: {"script":"<script> [2342 bytes]","args":[{"protocol":"http","hostname":"0.0.0.0","path":"/","capabilities":{"browserName":"chrome","goog:chromeOptions":{"binary":"C:\\Program Files\\Google\\Chrome\\Application\\chrome.exe","args":["--start-maximized"]}},"logLevel":"warn","connectionRetryTimeout":120000,"connectionRetryCount":3,"logLevels":{},"enableDirectConnect":true,"strictSSL":true,"_":"65 more keys: [\"cacheDir\",\"port\",\"requestedCapabilities\",\"automationProtocol\",\"baseUrl\",\"waitforInterval\",\"waitforTimeout\",\"onReload\",\"beforeCommand\",\"afterCommand\",\"rootDir\",\"specs\",\"suites\",\"exclude\",\"groupLogsByTestSpec\",\"excludeDriverLogs\",\"bail\",\"framework\",\"reporters\",\"services\",\"maxInstances\",\"maxInstancesPerCapability\",\"injectGlobals\",\"filesToWatch\",\"execArgv\",\"runnerEnv\",\"runner\",\"shard\",\"specFileRetries\",\"specFileRetriesDelay\",\"specFileRetriesDeferred\",\"reporterSyncInterval\",\"reporterSyncTimeout\",\"cucumberFeaturesWithLineNumbers\",\"autoCompileOpts\",\"mochaOpts\",\"jasmineOpts\",\"cucumberOpts\",\"onPrepare\",\"onWorkerStart\",\"onWorkerEnd\",\"before\",\"beforeSession\",\"beforeSuite\",\"beforeHook\",\"beforeTest\",\"afterTest\",\"afterHook\",\"afterSuite\",\"afterSession\",\"after\",\"onComplete\",\"beforeAssertion\",\"afterAssertion\",\"beforeFeature\",\"beforeScenario\",\"beforeStep\",\"afterStep\",\"afterScenario\",\"afterFeature\",\"_\",\"suite\",\"$0\",\"ignoredWorkerServices\",\"wdi5\"]"}]}
COMMAND: POST /session/ba8f8306183d693af77ab2140b410afd/execute/async - {"script":"<script> [21126 bytes]","args":[35000]}
RESULT: {"script":"<script> [21126 bytes]","args":[35000]}
COMMAND: POST /session/ba8f8306183d693af77ab2140b410afd/window/maximize - {}
RESULT: {}
COMMAND: POST /session/ba8f8306183d693af77ab2140b410afd/execute/async - {"script":"<script> [1562 bytes]","args":[{"selector":{"id":"shell-header","interaction":{"idSuffix":"icon"}},"wdio_ui5_key":"shellheader"}]}
COMMAND: GET /session/ba8f8306183d693af77ab2140b410afd/screenshot - {}
RESULT: {"script":"<script> [1562 bytes]","args":[{"selector":{"id":"shell-header","interaction":{"idSuffix":"icon"}},"wdio_ui5_key":"shellheader"}]}
RESULT: undefined
COMMAND: POST /session/ba8f8306183d693af77ab2140b410afd/refresh - {}
RESULT: {}
RESULT: {}
COMMAND: GET /session/ba8f8306183d693af77ab2140b410afd/screenshot - {}
RESULT: {}
RESULT: undefined
COMMAND: POST /session/ba8f8306183d693af77ab2140b410afd/refresh - {}
RESULT: {}
COMMAND: GET /session/ba8f8306183d693af77ab2140b410afd/screenshot - {}
RESULT: {}
COMMAND: POST /session/ba8f8306183d693af77ab2140b410afd/window/fullscreen - {}
RESULT: {}
COMMAND: POST /session/ba8f8306183d693af77ab2140b410afd/execute/async - {"script":"<script> [189 bytes]","args":[]}
RESULT: {"script":"<script> [189 bytes]","args":[]}
COMMAND: POST /session/ba8f8306183d693af77ab2140b410afd/execute/async - {"script":"<script> [123 bytes]","args":[]}
RESULT: {"script":"<script> [123 bytes]","args":[]}
COMMAND: POST /session/ba8f8306183d693af77ab2140b410afd/timeouts - {"script":"<number>"}
RESULT: {"script":"<number>"}
COMMAND: GET /session/ba8f8306183d693af77ab2140b410afd/timeouts - {}
RESULT: {}
RESULT: undefined
COMMAND: POST /session/ba8f8306183d693af77ab2140b410afd/execute/async - {"script":"<script> [2676 bytes]","args":[]}
RESULT: {"script":"<script> [2676 bytes]","args":[]}
COMMAND: POST /session/ba8f8306183d693af77ab2140b410afd/execute/async - {"script":"<script> [2342 bytes]","args":[{"protocol":"http","hostname":"0.0.0.0","path":"/","capabilities":{"browserName":"chrome","goog:chromeOptions":{"binary":"C:\\Program Files\\Google\\Chrome\\Application\\chrome.exe","args":["--start-maximized"]}},"logLevel":"warn","connectionRetryTimeout":120000,"connectionRetryCount":3,"logLevels":{},"enableDirectConnect":true,"strictSSL":true,"_":"65 more keys: [\"cacheDir\",\"port\",\"requestedCapabilities\",\"automationProtocol\",\"baseUrl\",\"waitforInterval\",\"waitforTimeout\",\"onReload\",\"beforeCommand\",\"afterCommand\",\"rootDir\",\"specs\",\"suites\",\"exclude\",\"groupLogsByTestSpec\",\"excludeDriverLogs\",\"bail\",\"framework\",\"reporters\",\"services\",\"maxInstances\",\"maxInstancesPerCapability\",\"injectGlobals\",\"filesToWatch\",\"execArgv\",\"runnerEnv\",\"runner\",\"shard\",\"specFileRetries\",\"specFileRetriesDelay\",\"specFileRetriesDeferred\",\"reporterSyncInterval\",\"reporterSyncTimeout\",\"cucumberFeaturesWithLineNumbers\",\"autoCompileOpts\",\"mochaOpts\",\"jasmineOpts\",\"cucumberOpts\",\"onPrepare\",\"onWorkerStart\",\"onWorkerEnd\",\"before\",\"beforeSession\",\"beforeSuite\",\"beforeHook\",\"beforeTest\",\"afterTest\",\"afterHook\",\"afterSuite\",\"afterSession\",\"after\",\"onComplete\",\"beforeAssertion\",\"afterAssertion\",\"beforeFeature\",\"beforeScenario\",\"beforeStep\",\"afterStep\",\"afterScenario\",\"afterFeature\",\"_\",\"suite\",\"$0\",\"ignoredWorkerServices\",\"wdi5\"]"}]}
RESULT: {"script":"<script> [2342 bytes]","args":[{"protocol":"http","hostname":"0.0.0.0","path":"/","capabilities":{"browserName":"chrome","goog:chromeOptions":{"binary":"C:\\Program Files\\Google\\Chrome\\Application\\chrome.exe","args":["--start-maximized"]}},"logLevel":"warn","connectionRetryTimeout":120000,"connectionRetryCount":3,"logLevels":{},"enableDirectConnect":true,"strictSSL":true,"_":"65 more keys: [\"cacheDir\",\"port\",\"requestedCapabilities\",\"automationProtocol\",\"baseUrl\",\"waitforInterval\",\"waitforTimeout\",\"onReload\",\"beforeCommand\",\"afterCommand\",\"rootDir\",\"specs\",\"suites\",\"exclude\",\"groupLogsByTestSpec\",\"excludeDriverLogs\",\"bail\",\"framework\",\"reporters\",\"services\",\"maxInstances\",\"maxInstancesPerCapability\",\"injectGlobals\",\"filesToWatch\",\"execArgv\",\"runnerEnv\",\"runner\",\"shard\",\"specFileRetries\",\"specFileRetriesDelay\",\"specFileRetriesDeferred\",\"reporterSyncInterval\",\"reporterSyncTimeout\",\"cucumberFeaturesWithLineNumbers\",\"autoCompileOpts\",\"mochaOpts\",\"jasmineOpts\",\"cucumberOpts\",\"onPrepare\",\"onWorkerStart\",\"onWorkerEnd\",\"before\",\"beforeSession\",\"beforeSuite\",\"beforeHook\",\"beforeTest\",\"afterTest\",\"afterHook\",\"afterSuite\",\"afterSession\",\"after\",\"onComplete\",\"beforeAssertion\",\"afterAssertion\",\"beforeFeature\",\"beforeScenario\",\"beforeStep\",\"afterStep\",\"afterScenario\",\"afterFeature\",\"_\",\"suite\",\"$0\",\"ignoredWorkerServices\",\"wdi5\"]"}]}
COMMAND: POST /session/ba8f8306183d693af77ab2140b410afd/execute/async - {"script":"<script> [21126 bytes]","args":[35000]}
RESULT: {"script":"<script> [21126 bytes]","args":[35000]}
]]></system-out>
    </testcase>
  </testsuite>
  <testsuite timestamp="2025-06-14T18:02:10" time="780.599" tests="12" failures="0" errors="0" skipped="0">
    <properties>
      <property name="specId" value="0"/>
      <property name="suiteName" value="Billing transfer US117289"/>
      <property name="capabilities" value="chrome.137_0_7151_69.windows"/>
      <property name="file" value="file:///D:/a/1/s/test/specs/BTS/billing-transfer.spec.js"/>
    </properties>
    <testcase classname="chrome.137_0_7151_69.windows.Billing_transfer_US117289" name="Should create a new yard" time="0.306">
      <system-out><![CDATA[
COMMAND: POST /session/ba8f8306183d693af77ab2140b410afd/window/fullscreen - {}
RESULT: {}
]]></system-out>
    </testcase>
    <testcase classname="chrome.137_0_7151_69.windows.Billing_transfer_US117289" name="Should create a new partner" time="0.005"/>
    <testcase classname="chrome.137_0_7151_69.windows.Billing_transfer_US117289" name="Should create a new site" time="0.002"/>
    <testcase classname="chrome.137_0_7151_69.windows.Billing_transfer_US117289" name="Should create a new equipment" time="145.144">
      <system-out><![CDATA[
COMMAND: POST /session/ba8f8306183d693af77ab2140b410afd/execute/async - {"script":"<script> [1562 bytes]","args":[{"selector":{"controlType":"sap.m.GenericTile","properties":{"header":"Manage Resources"}},"wdio_ui5_key":"sapm.GenericTile{\"header\":\"Manage Resources\"}"}]}
RESULT: {"script":"<script> [1562 bytes]","args":[{"selector":{"controlType":"sap.m.GenericTile","properties":{"header":"Manage Resources"}},"wdio_ui5_key":"sapm.GenericTile{\"header\":\"Manage Resources\"}"}]}
RESULT: undefined
COMMAND: POST /session/ba8f8306183d693af77ab2140b410afd/element - {"using":"xpath","value":"//*[@id=\"__tile40\"]"}
RESULT: {"using":"xpath","value":"//*[@id=\"__tile40\"]"}
COMMAND: POST /session/ba8f8306183d693af77ab2140b410afd/element/f.389042B4FF7C30867E20C40CA0954A5B.d.A3E1C4DA11ABF9A0386AA88233436159.e.14860/click - {}
RESULT: {}
COMMAND: GET /session/ba8f8306183d693af77ab2140b410afd/screenshot - {}
RESULT: {}
COMMAND: POST /session/ba8f8306183d693af77ab2140b410afd/elements - {"using":"xpath","value":"//span[text()='Error']"}
RESULT: {"using":"xpath","value":"//span[text()='Error']"}
COMMAND: POST /session/ba8f8306183d693af77ab2140b410afd/element - {"using":"xpath","value":"//button[@data-kt=\"addNewRUOverflowToolbarButton\"]"}
RESULT: {"using":"xpath","value":"//button[@data-kt=\"addNewRUOverflowToolbarButton\"]"}
COMMAND: POST /session/ba8f8306183d693af77ab2140b410afd/elements - {"using":"xpath","value":"//button[@data-kt=\"addNewRUOverflowToolbarButton\"]"}
RESULT: {"using":"xpath","value":"//button[@data-kt=\"addNewRUOverflowToolbarButton\"]"}
COMMAND: POST /session/ba8f8306183d693af77ab2140b410afd/elements - {"using":"xpath","value":"//button[@data-kt=\"addNewRUOverflowToolbarButton\"]"}
RESULT: {"using":"xpath","value":"//button[@data-kt=\"addNewRUOverflowToolbarButton\"]"}
COMMAND: POST /session/ba8f8306183d693af77ab2140b410afd/elements - {"using":"xpath","value":"//button[@data-kt=\"addNewRUOverflowToolbarButton\"]"}
RESULT: {"using":"xpath","value":"//button[@data-kt=\"addNewRUOverflowToolbarButton\"]"}
COMMAND: POST /session/ba8f8306183d693af77ab2140b410afd/elements - {"using":"xpath","value":"//button[@data-kt=\"addNewRUOverflowToolbarButton\"]"}
RESULT: {"using":"xpath","value":"//button[@data-kt=\"addNewRUOverflowToolbarButton\"]"}
COMMAND: POST /session/ba8f8306183d693af77ab2140b410afd/elements - {"using":"xpath","value":"//button[@data-kt=\"addNewRUOverflowToolbarButton\"]"}
RESULT: {"using":"xpath","value":"//button[@data-kt=\"addNewRUOverflowToolbarButton\"]"}
COMMAND: POST /session/ba8f8306183d693af77ab2140b410afd/elements - {"using":"xpath","value":"//button[@data-kt=\"addNewRUOverflowToolbarButton\"]"}
RESULT: {"using":"xpath","value":"//button[@data-kt=\"addNewRUOverflowToolbarButton\"]"}
COMMAND: POST /session/ba8f8306183d693af77ab2140b410afd/elements - {"using":"xpath","value":"//button[@data-kt=\"addNewRUOverflowToolbarButton\"]"}
RESULT: {"using":"xpath","value":"//button[@data-kt=\"addNewRUOverflowToolbarButton\"]"}
COMMAND: POST /session/ba8f8306183d693af77ab2140b410afd/elements - {"using":"xpath","value":"//button[@data-kt=\"addNewRUOverflowToolbarButton\"]"}
RESULT: {"using":"xpath","value":"//button[@data-kt=\"addNewRUOverflowToolbarButton\"]"}
COMMAND: POST /session/ba8f8306183d693af77ab2140b410afd/element - {"using":"xpath","value":"//button[@data-kt=\"addNewRUOverflowToolbarButton\"]"}
RESULT: {"using":"xpath","value":"//button[@data-kt=\"addNewRUOverflowToolbarButton\"]"}
COMMAND: POST /session/ba8f8306183d693af77ab2140b410afd/execute/sync - {"script":"<script> [8489 bytes]","args":[{"element-6066-11e4-a52e-4f735466cecf":"f.389042B4FF7C30867E20C40CA0954A5B.d.A3E1C4DA11ABF9A0386AA88233436159.e.14985","ELEMENT":"f.389042B4FF7C30867E20C40CA0954A5B.d.A3E1C4DA11ABF9A0386AA88233436159.e.14985"}]}
RESULT: {"script":"<script> [8489 bytes]","args":[{"element-6066-11e4-a52e-4f735466cecf":"f.389042B4FF7C30867E20C40CA0954A5B.d.A3E1C4DA11ABF9A0386AA88233436159.e.14985","ELEMENT":"f.389042B4FF7C30867E20C40CA0954A5B.d.A3E1C4DA11ABF9A0386AA88233436159.e.14985"}]}
COMMAND: GET /session/ba8f8306183d693af77ab2140b410afd/element/f.389042B4FF7C30867E20C40CA0954A5B.d.A3E1C4DA11ABF9A0386AA88233436159.e.14985/enabled - {}
COMMAND: GET /session/ba8f8306183d693af77ab2140b410afd/screenshot - {}
RESULT: {}
COMMAND: POST /session/ba8f8306183d693af77ab2140b410afd/execute/sync - {"script":"<script> [8489 bytes]","args":[{"element-6066-11e4-a52e-4f735466cecf":"f.389042B4FF7C30867E20C40CA0954A5B.d.A3E1C4DA11ABF9A0386AA88233436159.e.14985","ELEMENT":"f.389042B4FF7C30867E20C40CA0954A5B.d.A3E1C4DA11ABF9A0386AA88233436159.e.14985"}]}
COMMAND: GET /session/ba8f8306183d693af77ab2140b410afd/screenshot - {}
RESULT: {}
RESULT: {"script":"<script> [8489 bytes]","args":[{"element-6066-11e4-a52e-4f735466cecf":"f.389042B4FF7C30867E20C40CA0954A5B.d.A3E1C4DA11ABF9A0386AA88233436159.e.14985","ELEMENT":"f.389042B4FF7C30867E20C40CA0954A5B.d.A3E1C4DA11ABF9A0386AA88233436159.e.14985"}]}
COMMAND: POST /session/ba8f8306183d693af77ab2140b410afd/execute/sync - {"script":"<script> [5351 bytes]","args":[{"element-6066-11e4-a52e-4f735466cecf":"f.389042B4FF7C30867E20C40CA0954A5B.d.A3E1C4DA11ABF9A0386AA88233436159.e.14985","ELEMENT":"f.389042B4FF7C30867E20C40CA0954A5B.d.A3E1C4DA11ABF9A0386AA88233436159.e.14985"}]}
COMMAND: GET /session/ba8f8306183d693af77ab2140b410afd/screenshot - {}
RESULT: {}
RESULT: {"script":"<script> [5351 bytes]","args":[{"element-6066-11e4-a52e-4f735466cecf":"f.389042B4FF7C30867E20C40CA0954A5B.d.A3E1C4DA11ABF9A0386AA88233436159.e.14985","ELEMENT":"f.389042B4FF7C30867E20C40CA0954A5B.d.A3E1C4DA11ABF9A0386AA88233436159.e.14985"}]}
COMMAND: POST /session/ba8f8306183d693af77ab2140b410afd/element/f.389042B4FF7C30867E20C40CA0954A5B.d.A3E1C4DA11ABF9A0386AA88233436159.e.14985/click - {}
COMMAND: GET /session/ba8f8306183d693af77ab2140b410afd/screenshot - {}
RESULT: {}
RESULT: {}
COMMAND: GET /session/ba8f8306183d693af77ab2140b410afd/screenshot - {}
COMMAND: POST /session/ba8f8306183d693af77ab2140b410afd/execute/async - {"script":"<script> [1562 bytes]","args":[{"selector":{"id":"application-manageresources-display-component---newResourceUnit--TYPE-arrow"},"wdio_ui5_key":"applicationmanageresources-display-component---newResourceUnit--TYPE-arrow"}]}
RESULT: {}
RESULT: {}
RESULT: {"script":"<script> [1562 bytes]","args":[{"selector":{"id":"application-manageresources-display-component---newResourceUnit--TYPE-arrow"},"wdio_ui5_key":"applicationmanageresources-display-component---newResourceUnit--TYPE-arrow"}]}
RESULT: undefined
COMMAND: POST /session/ba8f8306183d693af77ab2140b410afd/element - {"using":"xpath","value":"//*[@id=\"application-manageresources-display-component---newResourceUnit--TYPE-arrow\"]"}
RESULT: {"using":"xpath","value":"//*[@id=\"application-manageresources-display-component---newResourceUnit--TYPE-arrow\"]"}
COMMAND: POST /session/ba8f8306183d693af77ab2140b410afd/element/f.389042B4FF7C30867E20C40CA0954A5B.d.A3E1C4DA11ABF9A0386AA88233436159.e.15347/click - {}
RESULT: {}
COMMAND: POST /session/ba8f8306183d693af77ab2140b410afd/element - {"using":"xpath","value":"//input[@id=\"application-manageresources-display-component---newResourceUnit--TYPE-inner\"]"}
COMMAND: GET /session/ba8f8306183d693af77ab2140b410afd/screenshot - {}
RESULT: {"using":"xpath","value":"//input[@id=\"application-manageresources-display-component---newResourceUnit--TYPE-inner\"]"}
COMMAND: POST /session/ba8f8306183d693af77ab2140b410afd/element/f.389042B4FF7C30867E20C40CA0954A5B.d.A3E1C4DA11ABF9A0386AA88233436159.e.15343/clear - {}
RESULT: {}
RESULT: {}
COMMAND: POST /session/ba8f8306183d693af77ab2140b410afd/element/f.389042B4FF7C30867E20C40CA0954A5B.d.A3E1C4DA11ABF9A0386AA88233436159.e.15343/value - {"text":"Equipment"}
COMMAND: GET /session/ba8f8306183d693af77ab2140b410afd/screenshot - {}
RESULT: {"text":"Equipment"}
COMMAND: GET /session/ba8f8306183d693af77ab2140b410afd/screenshot - {}
RESULT: {}
RESULT: {}
COMMAND: POST /session/ba8f8306183d693af77ab2140b410afd/actions - {"actions":[{"id":"action45","type":"key","parameters":{},"actions":[{"type":"keyDown","value":""},{"type":"pause","duration":10},{"type":"keyUp","value":""}]}]}
RESULT: {"actions":[{"id":"action45","type":"key","parameters":{},"actions":[{"type":"keyDown","value":""},{"type":"pause","duration":10},{"type":"keyUp","value":""}]}]}
COMMAND: POST /session/ba8f8306183d693af77ab2140b410afd/execute/async - {"script":"<script> [1562 bytes]","args":[{"selector":{"id":"application-manageresources-display-component---newResourceUnit--resourceId","interaction":{"idSuffix":"inner"}},"wdio_ui5_key":"applicationmanageresources-display-component---newResourceUnit--resourceId"}]}
COMMAND: GET /session/ba8f8306183d693af77ab2140b410afd/screenshot - {}
RESULT: {"script":"<script> [1562 bytes]","args":[{"selector":{"id":"application-manageresources-display-component---newResourceUnit--resourceId","interaction":{"idSuffix":"inner"}},"wdio_ui5_key":"applicationmanageresources-display-component---newResourceUnit--resourceId"}]}
RESULT: undefined
COMMAND: POST /session/ba8f8306183d693af77ab2140b410afd/execute/async - {"script":"<script> [776 bytes]","args":[{"enterText":"zhwrGIc5PP","selector":{"id":"application-manageresources-display-component---newResourceUnit--resourceId","interaction":{"idSuffix":"inner"}},"clearTextFirst":true,"interactionType":"ENTER_TEXT"}]}
RESULT: {}
RESULT: {"script":"<script> [776 bytes]","args":[{"enterText":"zhwrGIc5PP","selector":{"id":"application-manageresources-display-component---newResourceUnit--resourceId","interaction":{"idSuffix":"inner"}},"clearTextFirst":true,"interactionType":"ENTER_TEXT"}]}
COMMAND: POST /session/ba8f8306183d693af77ab2140b410afd/execute/async - {"script":"<script> [1562 bytes]","args":[{"selector":{"id":"application-manageresources-display-component---newResourceUnit--SHORT_TEXT","interaction":{"idSuffix":"inner"}},"wdio_ui5_key":"applicationmanageresources-display-component---newResourceUnit--SHORT_TEXT"}]}
RESULT: {"script":"<script> [1562 bytes]","args":[{"selector":{"id":"application-manageresources-display-component---newResourceUnit--SHORT_TEXT","interaction":{"idSuffix":"inner"}},"wdio_ui5_key":"applicationmanageresources-display-component---newResourceUnit--SHORT_TEXT"}]}
RESULT: undefined
COMMAND: POST /session/ba8f8306183d693af77ab2140b410afd/execute/async - {"script":"<script> [776 bytes]","args":[{"enterText":"Intercompany Equipment WDIO","selector":{"id":"application-manageresources-display-component---newResourceUnit--SHORT_TEXT","interaction":{"idSuffix":"inner"}},"clearTextFirst":true,"interactionType":"ENTER_TEXT"}]}
RESULT: {"script":"<script> [776 bytes]","args":[{"enterText":"Intercompany Equipment WDIO","selector":{"id":"application-manageresources-display-component---newResourceUnit--SHORT_TEXT","interaction":{"idSuffix":"inner"}},"clearTextFirst":true,"interactionType":"ENTER_TEXT"}]}
COMMAND: POST /session/ba8f8306183d693af77ab2140b410afd/execute/async - {"script":"<script> [1562 bytes]","args":[{"selector":{"id":"application-manageresources-display-component---newResourceUnit--BASE_UNIT_OF_MEASURE","interaction":{"idSuffix":"inner"}},"wdio_ui5_key":"applicationmanageresources-display-component---newResourceUnit--BASE_UNIT_OF_MEASURE"}]}
RESULT: {"script":"<script> [1562 bytes]","args":[{"selector":{"id":"application-manageresources-display-component---newResourceUnit--BASE_UNIT_OF_MEASURE","interaction":{"idSuffix":"inner"}},"wdio_ui5_key":"applicationmanageresources-display-component---newResourceUnit--BASE_UNIT_OF_MEASURE"}]}
RESULT: undefined
COMMAND: POST /session/ba8f8306183d693af77ab2140b410afd/execute/async - {"script":"<script> [776 bytes]","args":[{"enterText":"Piece","selector":{"id":"application-manageresources-display-component---newResourceUnit--BASE_UNIT_OF_MEASURE","interaction":{"idSuffix":"inner"}},"clearTextFirst":true,"interactionType":"ENTER_TEXT"}]}
RESULT: {"script":"<script> [776 bytes]","args":[{"enterText":"Piece","selector":{"id":"application-manageresources-display-component---newResourceUnit--BASE_UNIT_OF_MEASURE","interaction":{"idSuffix":"inner"}},"clearTextFirst":true,"interactionType":"ENTER_TEXT"}]}
COMMAND: POST /session/ba8f8306183d693af77ab2140b410afd/execute/async - {"script":"<script> [1562 bytes]","args":[{"selector":{"id":"application-manageresources-display-component---newResourceUnit--WEIGHT_UNIT","interaction":{"idSuffix":"inner"}},"wdio_ui5_key":"applicationmanageresources-display-component---newResourceUnit--WEIGHT_UNIT"}]}
RESULT: {"script":"<script> [1562 bytes]","args":[{"selector":{"id":"application-manageresources-display-component---newResourceUnit--WEIGHT_UNIT","interaction":{"idSuffix":"inner"}},"wdio_ui5_key":"applicationmanageresources-display-component---newResourceUnit--WEIGHT_UNIT"}]}
RESULT: undefined
COMMAND: POST /session/ba8f8306183d693af77ab2140b410afd/execute/async - {"script":"<script> [776 bytes]","args":[{"enterText":"Gram","selector":{"id":"application-manageresources-display-component---newResourceUnit--WEIGHT_UNIT","interaction":{"idSuffix":"inner"}},"clearTextFirst":true,"interactionType":"ENTER_TEXT"}]}
RESULT: {"script":"<script> [776 bytes]","args":[{"enterText":"Gram","selector":{"id":"application-manageresources-display-component---newResourceUnit--WEIGHT_UNIT","interaction":{"idSuffix":"inner"}},"clearTextFirst":true,"interactionType":"ENTER_TEXT"}]}
COMMAND: POST /session/ba8f8306183d693af77ab2140b410afd/execute/async - {"script":"<script> [1562 bytes]","args":[{"selector":{"id":"application-manageresources-display-component---newResourceUnit--DIMENSION_UNIT","interaction":{"idSuffix":"inner"}},"wdio_ui5_key":"applicationmanageresources-display-component---newResourceUnit--DIMENSION_UNIT"}]}
RESULT: {"script":"<script> [1562 bytes]","args":[{"selector":{"id":"application-manageresources-display-component---newResourceUnit--DIMENSION_UNIT","interaction":{"idSuffix":"inner"}},"wdio_ui5_key":"applicationmanageresources-display-component---newResourceUnit--DIMENSION_UNIT"}]}
RESULT: undefined
COMMAND: POST /session/ba8f8306183d693af77ab2140b410afd/execute/async - {"script":"<script> [776 bytes]","args":[{"enterText":"Meter","selector":{"id":"application-manageresources-display-component---newResourceUnit--DIMENSION_UNIT","interaction":{"idSuffix":"inner"}},"clearTextFirst":true,"interactionType":"ENTER_TEXT"}]}
RESULT: {"script":"<script> [776 bytes]","args":[{"enterText":"Meter","selector":{"id":"application-manageresources-display-component---newResourceUnit--DIMENSION_UNIT","interaction":{"idSuffix":"inner"}},"clearTextFirst":true,"interactionType":"ENTER_TEXT"}]}
COMMAND: POST /session/ba8f8306183d693af77ab2140b410afd/execute/async - {"script":"<script> [1562 bytes]","args":[{"selector":{"id":"application-manageresources-display-component---newResourceUnit--newRRUPage-anchBar-application-manageresources-display-component---newResourceUnit--control-anchor","interaction":{"idSuffix":"BDI-content"}},"wdio_ui5_key":"applicationmanageresources-display-component---newResourceUnit--newRRUPage-anchBar-application-manageresources-display-component---newResourceUnit--control-anchor"}]}
RESULT: {"script":"<script> [1562 bytes]","args":[{"selector":{"id":"application-manageresources-display-component---newResourceUnit--newRRUPage-anchBar-application-manageresources-display-component---newResourceUnit--control-anchor","interaction":{"idSuffix":"BDI-content"}},"wdio_ui5_key":"applicationmanageresources-display-component---newResourceUnit--newRRUPage-anchBar-application-manageresources-display-component---newResourceUnit--control-anchor"}]}
RESULT: undefined
COMMAND: POST /session/ba8f8306183d693af77ab2140b410afd/element - {"using":"xpath","value":"//*[@id=\"application-manageresources-display-component---newResourceUnit--newRRUPage-anchBar-application-manageresources-display-component---newResourceUnit--control-anchor\"]"}
RESULT: {"using":"xpath","value":"//*[@id=\"application-manageresources-display-component---newResourceUnit--newRRUPage-anchBar-application-manageresources-display-component---newResourceUnit--control-anchor\"]"}
COMMAND: POST /session/ba8f8306183d693af77ab2140b410afd/element/f.389042B4FF7C30867E20C40CA0954A5B.d.A3E1C4DA11ABF9A0386AA88233436159.e.15506/click - {}
RESULT: {}
COMMAND: POST /session/ba8f8306183d693af77ab2140b410afd/execute/async - {"script":"<script> [1562 bytes]","args":[{"selector":{"id":"application-manageresources-display-component---newResourceUnit--PLANNING_GROUP","interaction":{"idSuffix":"inner"}},"wdio_ui5_key":"applicationmanageresources-display-component---newResourceUnit--PLANNING_GROUP"}]}
COMMAND: GET /session/ba8f8306183d693af77ab2140b410afd/screenshot - {}
RESULT: {"script":"<script> [1562 bytes]","args":[{"selector":{"id":"application-manageresources-display-component---newResourceUnit--PLANNING_GROUP","interaction":{"idSuffix":"inner"}},"wdio_ui5_key":"applicationmanageresources-display-component---newResourceUnit--PLANNING_GROUP"}]}
RESULT: undefined
COMMAND: POST /session/ba8f8306183d693af77ab2140b410afd/execute/async - {"script":"<script> [776 bytes]","args":[{"enterText":"Heavy Equi","selector":{"id":"application-manageresources-display-component---newResourceUnit--PLANNING_GROUP","interaction":{"idSuffix":"inner"}},"clearTextFirst":true,"interactionType":"ENTER_TEXT"}]}
RESULT: {}
RESULT: {"script":"<script> [776 bytes]","args":[{"enterText":"Heavy Equi","selector":{"id":"application-manageresources-display-component---newResourceUnit--PLANNING_GROUP","interaction":{"idSuffix":"inner"}},"clearTextFirst":true,"interactionType":"ENTER_TEXT"}]}
COMMAND: POST /session/ba8f8306183d693af77ab2140b410afd/execute/async - {"script":"<script> [1562 bytes]","args":[{"selector":{"id":"application-manageresources-display-component---newResourceUnit--ITEM_TYPE-arrow"},"wdio_ui5_key":"applicationmanageresources-display-component---newResourceUnit--ITEM_TYPE-arrow"}]}
RESULT: {"script":"<script> [1562 bytes]","args":[{"selector":{"id":"application-manageresources-display-component---newResourceUnit--ITEM_TYPE-arrow"},"wdio_ui5_key":"applicationmanageresources-display-component---newResourceUnit--ITEM_TYPE-arrow"}]}
RESULT: undefined
COMMAND: POST /session/ba8f8306183d693af77ab2140b410afd/element - {"using":"xpath","value":"//*[@id=\"application-manageresources-display-component---newResourceUnit--ITEM_TYPE-arrow\"]"}
RESULT: {"using":"xpath","value":"//*[@id=\"application-manageresources-display-component---newResourceUnit--ITEM_TYPE-arrow\"]"}
COMMAND: POST /session/ba8f8306183d693af77ab2140b410afd/element/f.389042B4FF7C30867E20C40CA0954A5B.d.A3E1C4DA11ABF9A0386AA88233436159.e.15513/click - {}
RESULT: {}
COMMAND: POST /session/ba8f8306183d693af77ab2140b410afd/element - {"using":"xpath","value":"//ul[contains(@id,\"ITEM_TYPE-popup-list-listUl\")]//li[.//span[contains(text(),\"Resource Unit\")]]"}
COMMAND: GET /session/ba8f8306183d693af77ab2140b410afd/screenshot - {}
RESULT: {}
RESULT: {"using":"xpath","value":"//ul[contains(@id,\"ITEM_TYPE-popup-list-listUl\")]//li[.//span[contains(text(),\"Resource Unit\")]]"}
COMMAND: POST /session/ba8f8306183d693af77ab2140b410afd/element/f.389042B4FF7C30867E20C40CA0954A5B.d.A3E1C4DA11ABF9A0386AA88233436159.e.15514/click - {}
RESULT: {}
COMMAND: GET /session/ba8f8306183d693af77ab2140b410afd/screenshot - {}
RESULT: {}
COMMAND: POST /session/ba8f8306183d693af77ab2140b410afd/element - {"using":"css selector","value":"#application-manageresources-display-component---newResourceUnit--btnAddTimeSegment"}
RESULT: {"using":"css selector","value":"#application-manageresources-display-component---newResourceUnit--btnAddTimeSegment"}
COMMAND: GET /session/ba8f8306183d693af77ab2140b410afd/element/f.389042B4FF7C30867E20C40CA0954A5B.d.A3E1C4DA11ABF9A0386AA88233436159.e.15522/rect - {}
RESULT: {}
COMMAND: GET /session/ba8f8306183d693af77ab2140b410afd/window/rect - {}
RESULT: {}
COMMAND: POST /session/ba8f8306183d693af77ab2140b410afd/execute/sync - {"script":"<script> [92 bytes]","args":[]}
RESULT: {"script":"<script> [92 bytes]","args":[]}
COMMAND: POST /session/ba8f8306183d693af77ab2140b410afd/actions - {"actions":[{"id":"action46","type":"wheel","parameters":{},"actions":[{"type":"scroll","x":-1888,"y":-32,"deltaX":0,"deltaY":0,"duration":0,"origin":{"element-6066-11e4-a52e-4f735466cecf":"f.389042B4FF7C30867E20C40CA0954A5B.d.A3E1C4DA11ABF9A0386AA88233436159.e.15522"}}]}]}
COMMAND: GET /session/ba8f8306183d693af77ab2140b410afd/screenshot - {}
RESULT: {}
COMMAND: POST /session/ba8f8306183d693af77ab2140b410afd/execute/sync - {"script":"<script> [79 bytes]","args":[{"element-6066-11e4-a52e-4f735466cecf":"f.389042B4FF7C30867E20C40CA0954A5B.d.A3E1C4DA11ABF9A0386AA88233436159.e.15522","ELEMENT":"f.389042B4FF7C30867E20C40CA0954A5B.d.A3E1C4DA11ABF9A0386AA88233436159.e.15522"},{"block":"start","inline":"nearest"}]}
RESULT: {"script":"<script> [79 bytes]","args":[{"element-6066-11e4-a52e-4f735466cecf":"f.389042B4FF7C30867E20C40CA0954A5B.d.A3E1C4DA11ABF9A0386AA88233436159.e.15522","ELEMENT":"f.389042B4FF7C30867E20C40CA0954A5B.d.A3E1C4DA11ABF9A0386AA88233436159.e.15522"},{"block":"start","inline":"nearest"}]}
COMMAND: POST /session/ba8f8306183d693af77ab2140b410afd/execute/async - {"script":"<script> [1562 bytes]","args":[{"selector":{"id":"application-manageresources-display-component---newResourceUnit--btnAddTimeSegment","interaction":{"idSuffix":"inner"}},"wdio_ui5_key":"applicationmanageresources-display-component---newResourceUnit--btnAddTimeSegment"}]}
COMMAND: GET /session/ba8f8306183d693af77ab2140b410afd/screenshot - {}
RESULT: {"script":"<script> [1562 bytes]","args":[{"selector":{"id":"application-manageresources-display-component---newResourceUnit--btnAddTimeSegment","interaction":{"idSuffix":"inner"}},"wdio_ui5_key":"applicationmanageresources-display-component---newResourceUnit--btnAddTimeSegment"}]}
RESULT: undefined
COMMAND: POST /session/ba8f8306183d693af77ab2140b410afd/element - {"using":"xpath","value":"//*[@id=\"application-manageresources-display-component---newResourceUnit--btnAddTimeSegment\"]"}
RESULT: {}
RESULT: {"using":"xpath","value":"//*[@id=\"application-manageresources-display-component---newResourceUnit--btnAddTimeSegment\"]"}
COMMAND: POST /session/ba8f8306183d693af77ab2140b410afd/element/f.389042B4FF7C30867E20C40CA0954A5B.d.A3E1C4DA11ABF9A0386AA88233436159.e.15522/click - {}
RESULT: {}
COMMAND: GET /session/ba8f8306183d693af77ab2140b410afd/screenshot - {}
RESULT: {}
COMMAND: POST /session/ba8f8306183d693af77ab2140b410afd/element - {"using":"xpath","value":"//input[@id=\"application-manageresources-display-component---newResourceUnit--idRuTSAdmin-application-manageresources-display-component---newResourceUnit--RUTimeSegment-0-inner\"]"}
RESULT: {"using":"xpath","value":"//input[@id=\"application-manageresources-display-component---newResourceUnit--idRuTSAdmin-application-manageresources-display-component---newResourceUnit--RUTimeSegment-0-inner\"]"}
COMMAND: POST /session/ba8f8306183d693af77ab2140b410afd/element/f.389042B4FF7C30867E20C40CA0954A5B.d.A3E1C4DA11ABF9A0386AA88233436159.e.15528/clear - {}
RESULT: {}
COMMAND: POST /session/ba8f8306183d693af77ab2140b410afd/element/f.389042B4FF7C30867E20C40CA0954A5B.d.A3E1C4DA11ABF9A0386AA88233436159.e.15528/value - {"text":"273"}
COMMAND: GET /session/ba8f8306183d693af77ab2140b410afd/screenshot - {}
RESULT: {"text":"273"}
COMMAND: GET /session/ba8f8306183d693af77ab2140b410afd/screenshot - {}
RESULT: {}
RESULT: {}
COMMAND: POST /session/ba8f8306183d693af77ab2140b410afd/element - {"using":"xpath","value":"//li[.//span[text()='273']]"}
RESULT: {"using":"xpath","value":"//li[.//span[text()='273']]"}
COMMAND: POST /session/ba8f8306183d693af77ab2140b410afd/element/f.389042B4FF7C30867E20C40CA0954A5B.d.A3E1C4DA11ABF9A0386AA88233436159.e.15540/click - {}
RESULT: {}
COMMAND: GET /session/ba8f8306183d693af77ab2140b410afd/screenshot - {}
RESULT: {}
COMMAND: POST /session/ba8f8306183d693af77ab2140b410afd/element - {"using":"xpath","value":"(//span[contains(@id, \"-application-manageresources-display-component---newResourceUnit--RUTimeSegment-0-arrow\")])[6]"}
RESULT: {"using":"xpath","value":"(//span[contains(@id, \"-application-manageresources-display-component---newResourceUnit--RUTimeSegment-0-arrow\")])[6]"}
COMMAND: POST /session/ba8f8306183d693af77ab2140b410afd/element/f.389042B4FF7C30867E20C40CA0954A5B.d.A3E1C4DA11ABF9A0386AA88233436159.e.15541/click - {}
RESULT: {}
COMMAND: GET /session/ba8f8306183d693af77ab2140b410afd/screenshot - {}
RESULT: {}
COMMAND: POST /session/ba8f8306183d693af77ab2140b410afd/element - {"using":"xpath","value":"//span[contains(text(), \"PM Order\")]"}
RESULT: {"using":"xpath","value":"//span[contains(text(), \"PM Order\")]"}
COMMAND: POST /session/ba8f8306183d693af77ab2140b410afd/element/f.389042B4FF7C30867E20C40CA0954A5B.d.A3E1C4DA11ABF9A0386AA88233436159.e.15544/click - {}
RESULT: {}
COMMAND: GET /session/ba8f8306183d693af77ab2140b410afd/screenshot - {}
RESULT: {}
COMMAND: POST /session/ba8f8306183d693af77ab2140b410afd/element - {"using":"xpath","value":"(//span[contains(@id ,\"manageresources-display-component---newResourceUnit--RUTimeSegment-0-vhi\")])[1]"}
RESULT: {"using":"xpath","value":"(//span[contains(@id ,\"manageresources-display-component---newResourceUnit--RUTimeSegment-0-vhi\")])[1]"}
COMMAND: GET /session/ba8f8306183d693af77ab2140b410afd/element/f.389042B4FF7C30867E20C40CA0954A5B.d.A3E1C4DA11ABF9A0386AA88233436159.e.15548/rect - {}
RESULT: {}
COMMAND: GET /session/ba8f8306183d693af77ab2140b410afd/window/rect - {}
RESULT: {}
COMMAND: POST /session/ba8f8306183d693af77ab2140b410afd/execute/sync - {"script":"<script> [92 bytes]","args":[]}
RESULT: {"script":"<script> [92 bytes]","args":[]}
COMMAND: POST /session/ba8f8306183d693af77ab2140b410afd/actions - {"actions":[{"id":"action47","type":"wheel","parameters":{},"actions":[{"type":"scroll","x":-869,"y":-24,"deltaX":0,"deltaY":0,"duration":0,"origin":{"element-6066-11e4-a52e-4f735466cecf":"f.389042B4FF7C30867E20C40CA0954A5B.d.A3E1C4DA11ABF9A0386AA88233436159.e.15548"}}]}]}
COMMAND: GET /session/ba8f8306183d693af77ab2140b410afd/screenshot - {}
RESULT: {"actions":[{"id":"action47","type":"wheel","parameters":{},"actions":[{"type":"scroll","x":-869,"y":-24,"deltaX":0,"deltaY":0,"duration":0,"origin":{"element-6066-11e4-a52e-4f735466cecf":"f.389042B4FF7C30867E20C40CA0954A5B.d.A3E1C4DA11ABF9A0386AA88233436159.e.15548"}}]}]}
COMMAND: DELETE /session/ba8f8306183d693af77ab2140b410afd/actions - {}
COMMAND: GET /session/ba8f8306183d693af77ab2140b410afd/screenshot - {}
RESULT: {}
RESULT: {}
COMMAND: GET /session/ba8f8306183d693af77ab2140b410afd/screenshot - {}
RESULT: {}
RESULT: {}
COMMAND: POST /session/ba8f8306183d693af77ab2140b410afd/element/f.389042B4FF7C30867E20C40CA0954A5B.d.A3E1C4DA11ABF9A0386AA88233436159.e.15548/click - {}
RESULT: {}
COMMAND: GET /session/ba8f8306183d693af77ab2140b410afd/screenshot - {}
RESULT: {}
COMMAND: POST /session/ba8f8306183d693af77ab2140b410afd/execute/async - {"script":"<script> [1562 bytes]","args":[{"selector":{"controlType":"sap.m.SearchField","properties":{"placeholder":"Search"},"searchOpenDialogs":true,"interaction":{"idSuffix":"I"}},"wdio_ui5_key":"sapm.SearchField{\"placeholder\":\"Search\"}"}]}
RESULT: {"script":"<script> [1562 bytes]","args":[{"selector":{"controlType":"sap.m.SearchField","properties":{"placeholder":"Search"},"searchOpenDialogs":true,"interaction":{"idSuffix":"I"}},"wdio_ui5_key":"sapm.SearchField{\"placeholder\":\"Search\"}"}]}
RESULT: undefined
COMMAND: POST /session/ba8f8306183d693af77ab2140b410afd/execute/async - {"script":"<script> [776 bytes]","args":[{"enterText":"4000360","selector":{"controlType":"sap.m.SearchField","properties":{"placeholder":"Search"},"searchOpenDialogs":true,"interaction":{"idSuffix":"I"}},"clearTextFirst":true,"interactionType":"ENTER_TEXT"}]}
RESULT: {"script":"<script> [776 bytes]","args":[{"enterText":"4000360","selector":{"controlType":"sap.m.SearchField","properties":{"placeholder":"Search"},"searchOpenDialogs":true,"interaction":{"idSuffix":"I"}},"clearTextFirst":true,"interactionType":"ENTER_TEXT"}]}
COMMAND: POST /session/ba8f8306183d693af77ab2140b410afd/actions - {"actions":[{"id":"action48","type":"key","parameters":{},"actions":[{"type":"keyDown","value":""},{"type":"pause","duration":10},{"type":"keyUp","value":""}]}]}
RESULT: {"actions":[{"id":"action48","type":"key","parameters":{},"actions":[{"type":"keyDown","value":""},{"type":"pause","duration":10},{"type":"keyUp","value":""}]}]}
COMMAND: GET /session/ba8f8306183d693af77ab2140b410afd/screenshot - {}
RESULT: {}
COMMAND: POST /session/ba8f8306183d693af77ab2140b410afd/element - {"using":"xpath","value":"//td/div/span[contains(text(), \"BGL Vehicles\")]"}
RESULT: {"using":"xpath","value":"//td/div/span[contains(text(), \"BGL Vehicles\")]"}
COMMAND: POST /session/ba8f8306183d693af77ab2140b410afd/element/f.389042B4FF7C30867E20C40CA0954A5B.d.A3E1C4DA11ABF9A0386AA88233436159.e.15570/click - {}
RESULT: {}
COMMAND: GET /session/ba8f8306183d693af77ab2140b410afd/screenshot - {}
RESULT: {}
COMMAND: POST /session/ba8f8306183d693af77ab2140b410afd/element - {"using":"xpath","value":"//bdi[contains(text(), \"OK\")]"}
RESULT: {"using":"xpath","value":"//bdi[contains(text(), \"OK\")]"}
COMMAND: POST /session/ba8f8306183d693af77ab2140b410afd/element/f.389042B4FF7C30867E20C40CA0954A5B.d.A3E1C4DA11ABF9A0386AA88233436159.e.15571/click - {}
RESULT: {}
COMMAND: GET /session/ba8f8306183d693af77ab2140b410afd/screenshot - {}
RESULT: {}
COMMAND: POST /session/ba8f8306183d693af77ab2140b410afd/execute/async - {"script":"<script> [1562 bytes]","args":[{"selector":{"id":"application-manageresources-display-component---newResourceUnit--newRRUPage-anchBar-application-manageresources-display-component---newResourceUnit--resource-anchor","interaction":{"idSuffix":"BDI-content"}},"wdio_ui5_key":"applicationmanageresources-display-component---newResourceUnit--newRRUPage-anchBar-application-manageresources-display-component---newResourceUnit--resource-anchor"}]}
RESULT: {"script":"<script> [1562 bytes]","args":[{"selector":{"id":"application-manageresources-display-component---newResourceUnit--newRRUPage-anchBar-application-manageresources-display-component---newResourceUnit--resource-anchor","interaction":{"idSuffix":"BDI-content"}},"wdio_ui5_key":"applicationmanageresources-display-component---newResourceUnit--newRRUPage-anchBar-application-manageresources-display-component---newResourceUnit--resource-anchor"}]}
RESULT: undefined
COMMAND: POST /session/ba8f8306183d693af77ab2140b410afd/element - {"using":"xpath","value":"//*[@id=\"application-manageresources-display-component---newResourceUnit--newRRUPage-anchBar-application-manageresources-display-component---newResourceUnit--resource-anchor\"]"}
RESULT: {"using":"xpath","value":"//*[@id=\"application-manageresources-display-component---newResourceUnit--newRRUPage-anchBar-application-manageresources-display-component---newResourceUnit--resource-anchor\"]"}
COMMAND: POST /session/ba8f8306183d693af77ab2140b410afd/element/f.389042B4FF7C30867E20C40CA0954A5B.d.A3E1C4DA11ABF9A0386AA88233436159.e.15575/click - {}
RESULT: {}
COMMAND: POST /session/ba8f8306183d693af77ab2140b410afd/execute/async - {"script":"<script> [1562 bytes]","args":[{"selector":{"id":"application-manageresources-display-component---newResourceUnit--PLANNED_DELIVERY_DATE","interaction":{"idSuffix":"inner"}},"wdio_ui5_key":"applicationmanageresources-display-component---newResourceUnit--PLANNED_DELIVERY_DATE"}]}
COMMAND: GET /session/ba8f8306183d693af77ab2140b410afd/screenshot - {}
RESULT: {"script":"<script> [1562 bytes]","args":[{"selector":{"id":"application-manageresources-display-component---newResourceUnit--PLANNED_DELIVERY_DATE","interaction":{"idSuffix":"inner"}},"wdio_ui5_key":"applicationmanageresources-display-component---newResourceUnit--PLANNED_DELIVERY_DATE"}]}
RESULT: undefined
COMMAND: POST /session/ba8f8306183d693af77ab2140b410afd/execute/async - {"script":"<script> [6424 bytes]","args":[{"element-6066-11e4-a52e-4f735466cecf":"f.389042B4FF7C30867E20C40CA0954A5B.d.A3E1C4DA11ABF9A0386AA88233436159.e.15406"},"setValue",["6/14/25"]]}
RESULT: {}
RESULT: {"script":"<script> [6424 bytes]","args":[{"element-6066-11e4-a52e-4f735466cecf":"f.389042B4FF7C30867E20C40CA0954A5B.d.A3E1C4DA11ABF9A0386AA88233436159.e.15406"},"setValue",["6/14/25"]]}
COMMAND: POST /session/ba8f8306183d693af77ab2140b410afd/element - {"using":"xpath","value":"//label[contains(@class, 'sapMLabelRequired') and .//bdi[contains(text(), 'Planned Retirement')]]"}
RESULT: {"using":"xpath","value":"//label[contains(@class, 'sapMLabelRequired') and .//bdi[contains(text(), 'Planned Retirement')]]"}
COMMAND: POST /session/ba8f8306183d693af77ab2140b410afd/elements - {"using":"xpath","value":"//label[contains(@class, 'sapMLabelRequired') and .//bdi[contains(text(), 'Planned Retirement')]]"}
RESULT: {"using":"xpath","value":"//label[contains(@class, 'sapMLabelRequired') and .//bdi[contains(text(), 'Planned Retirement')]]"}
COMMAND: POST /session/ba8f8306183d693af77ab2140b410afd/element - {"using":"xpath","value":"//button[@data-kt=\"resourceUnitSaveButton\"]"}
RESULT: {"using":"xpath","value":"//button[@data-kt=\"resourceUnitSaveButton\"]"}
COMMAND: POST /session/ba8f8306183d693af77ab2140b410afd/element/f.389042B4FF7C30867E20C40CA0954A5B.d.A3E1C4DA11ABF9A0386AA88233436159.e.15365/click - {}
RESULT: {}
COMMAND: GET /session/ba8f8306183d693af77ab2140b410afd/screenshot - {}
RESULT: {}
COMMAND: POST /session/ba8f8306183d693af77ab2140b410afd/element - {"using":"xpath","value":"//bdi[contains(text(), \"Close\")]"}
RESULT: {"using":"xpath","value":"//bdi[contains(text(), \"Close\")]"}
COMMAND: POST /session/ba8f8306183d693af77ab2140b410afd/element/f.389042B4FF7C30867E20C40CA0954A5B.d.A3E1C4DA11ABF9A0386AA88233436159.e.15585/click - {}
RESULT: {}
COMMAND: GET /session/ba8f8306183d693af77ab2140b410afd/screenshot - {}
RESULT: {}
COMMAND: POST /session/ba8f8306183d693af77ab2140b410afd/element - {"using":"xpath","value":"(//button[contains(@id ,\"actionsToolbar-overflowButton\")])[1]"}
RESULT: {"using":"xpath","value":"(//button[contains(@id ,\"actionsToolbar-overflowButton\")])[1]"}
COMMAND: POST /session/ba8f8306183d693af77ab2140b410afd/element/f.389042B4FF7C30867E20C40CA0954A5B.d.A3E1C4DA11ABF9A0386AA88233436159.e.15644/click - {}
RESULT: {}
COMMAND: GET /session/ba8f8306183d693af77ab2140b410afd/screenshot - {}
RESULT: {}
COMMAND: POST /session/ba8f8306183d693af77ab2140b410afd/element - {"using":"xpath","value":"//button[@data-kt=\"priceInfoButton\"]"}
RESULT: {"using":"xpath","value":"//button[@data-kt=\"priceInfoButton\"]"}
COMMAND: POST /session/ba8f8306183d693af77ab2140b410afd/element/f.389042B4FF7C30867E20C40CA0954A5B.d.A3E1C4DA11ABF9A0386AA88233436159.e.15646/click - {}
RESULT: {}
COMMAND: GET /session/ba8f8306183d693af77ab2140b410afd/screenshot - {}
]]></system-out>
    </testcase>
    <testcase classname="chrome.137_0_7151_69.windows.Billing_transfer_US117289" name="Should create new pricing rule" time="57.199">
      <system-out><![CDATA[
COMMAND: POST /session/ba8f8306183d693af77ab2140b410afd/element - {"using":"xpath","value":"//button[@data-kt=\"addButton\"]"}
RESULT: {}
RESULT: {"using":"xpath","value":"//button[@data-kt=\"addButton\"]"}
COMMAND: POST /session/ba8f8306183d693af77ab2140b410afd/elements - {"using":"xpath","value":"//button[@data-kt=\"addButton\"]"}
RESULT: {"using":"xpath","value":"//button[@data-kt=\"addButton\"]"}
COMMAND: POST /session/ba8f8306183d693af77ab2140b410afd/execute/sync - {"script":"<script> [8489 bytes]","args":[{"element-6066-11e4-a52e-4f735466cecf":"f.389042B4FF7C30867E20C40CA0954A5B.d.A3E1C4DA11ABF9A0386AA88233436159.e.15689","ELEMENT":"f.389042B4FF7C30867E20C40CA0954A5B.d.A3E1C4DA11ABF9A0386AA88233436159.e.15689"}]}
RESULT: {"script":"<script> [8489 bytes]","args":[{"element-6066-11e4-a52e-4f735466cecf":"f.389042B4FF7C30867E20C40CA0954A5B.d.A3E1C4DA11ABF9A0386AA88233436159.e.15689","ELEMENT":"f.389042B4FF7C30867E20C40CA0954A5B.d.A3E1C4DA11ABF9A0386AA88233436159.e.15689"}]}
COMMAND: GET /session/ba8f8306183d693af77ab2140b410afd/element/f.389042B4FF7C30867E20C40CA0954A5B.d.A3E1C4DA11ABF9A0386AA88233436159.e.15689/enabled - {}
COMMAND: GET /session/ba8f8306183d693af77ab2140b410afd/screenshot - {}
RESULT: {}
COMMAND: POST /session/ba8f8306183d693af77ab2140b410afd/execute/sync - {"script":"<script> [8489 bytes]","args":[{"element-6066-11e4-a52e-4f735466cecf":"f.389042B4FF7C30867E20C40CA0954A5B.d.A3E1C4DA11ABF9A0386AA88233436159.e.15689","ELEMENT":"f.389042B4FF7C30867E20C40CA0954A5B.d.A3E1C4DA11ABF9A0386AA88233436159.e.15689"}]}
COMMAND: GET /session/ba8f8306183d693af77ab2140b410afd/screenshot - {}
RESULT: {}
RESULT: {"script":"<script> [8489 bytes]","args":[{"element-6066-11e4-a52e-4f735466cecf":"f.389042B4FF7C30867E20C40CA0954A5B.d.A3E1C4DA11ABF9A0386AA88233436159.e.15689","ELEMENT":"f.389042B4FF7C30867E20C40CA0954A5B.d.A3E1C4DA11ABF9A0386AA88233436159.e.15689"}]}
COMMAND: POST /session/ba8f8306183d693af77ab2140b410afd/execute/sync - {"script":"<script> [5351 bytes]","args":[{"element-6066-11e4-a52e-4f735466cecf":"f.389042B4FF7C30867E20C40CA0954A5B.d.A3E1C4DA11ABF9A0386AA88233436159.e.15689","ELEMENT":"f.389042B4FF7C30867E20C40CA0954A5B.d.A3E1C4DA11ABF9A0386AA88233436159.e.15689"}]}
COMMAND: GET /session/ba8f8306183d693af77ab2140b410afd/screenshot - {}
RESULT: {}
RESULT: {"script":"<script> [5351 bytes]","args":[{"element-6066-11e4-a52e-4f735466cecf":"f.389042B4FF7C30867E20C40CA0954A5B.d.A3E1C4DA11ABF9A0386AA88233436159.e.15689","ELEMENT":"f.389042B4FF7C30867E20C40CA0954A5B.d.A3E1C4DA11ABF9A0386AA88233436159.e.15689"}]}
COMMAND: POST /session/ba8f8306183d693af77ab2140b410afd/element/f.389042B4FF7C30867E20C40CA0954A5B.d.A3E1C4DA11ABF9A0386AA88233436159.e.15689/click - {}
COMMAND: GET /session/ba8f8306183d693af77ab2140b410afd/screenshot - {}
RESULT: {}
RESULT: {}
COMMAND: GET /session/ba8f8306183d693af77ab2140b410afd/screenshot - {}
RESULT: {}
RESULT: {}
COMMAND: POST /session/ba8f8306183d693af77ab2140b410afd/execute/async - {"script":"<script> [1562 bytes]","args":[{"selector":{"controlType":"sap.m.Title","viewName":"etm.portal.ui.managepricingrules.view.NewItem","viewId":"application-managepricingrules-display-component---newInfoPriceItem","properties":{"text":"New Pricing Rules - Item Level"}},"wdio_ui5_key":"etmportal.ui.managepricingrules.view.NewItemsap.m.Title{\"text\":\"New Pricing Rules - Item Level\"}"}]}
RESULT: {"script":"<script> [1562 bytes]","args":[{"selector":{"controlType":"sap.m.Title","viewName":"etm.portal.ui.managepricingrules.view.NewItem","viewId":"application-managepricingrules-display-component---newInfoPriceItem","properties":{"text":"New Pricing Rules - Item Level"}},"wdio_ui5_key":"etmportal.ui.managepricingrules.view.NewItemsap.m.Title{\"text\":\"New Pricing Rules - Item Level\"}"}]}
RESULT: undefined
COMMAND: POST /session/ba8f8306183d693af77ab2140b410afd/execute/async - {"script":"<script> [6424 bytes]","args":[{"element-6066-11e4-a52e-4f735466cecf":"f.389042B4FF7C30867E20C40CA0954A5B.d.A3E1C4DA11ABF9A0386AA88233436159.e.15851"},"getText",[]]}
RESULT: {"script":"<script> [6424 bytes]","args":[{"element-6066-11e4-a52e-4f735466cecf":"f.389042B4FF7C30867E20C40CA0954A5B.d.A3E1C4DA11ABF9A0386AA88233436159.e.15851"},"getText",[]]}
COMMAND: POST /session/ba8f8306183d693af77ab2140b410afd/execute/async - {"script":"<script> [1562 bytes]","args":[{"selector":{"id":"application-managepricingrules-display-component---newInfoPriceItem--condValidTo","interaction":{"idSuffix":"inner"}},"wdio_ui5_key":"applicationmanagepricingrules-display-component---newInfoPriceItem--condValidTo"}]}
RESULT: {"script":"<script> [1562 bytes]","args":[{"selector":{"id":"application-managepricingrules-display-component---newInfoPriceItem--condValidTo","interaction":{"idSuffix":"inner"}},"wdio_ui5_key":"applicationmanagepricingrules-display-component---newInfoPriceItem--condValidTo"}]}
RESULT: undefined
COMMAND: POST /session/ba8f8306183d693af77ab2140b410afd/execute/async - {"script":"<script> [776 bytes]","args":[{"enterText":"2/14/26","selector":{"id":"application-managepricingrules-display-component---newInfoPriceItem--condValidTo","interaction":{"idSuffix":"inner"}},"clearTextFirst":true,"interactionType":"ENTER_TEXT"}]}
RESULT: {"script":"<script> [776 bytes]","args":[{"enterText":"2/14/26","selector":{"id":"application-managepricingrules-display-component---newInfoPriceItem--condValidTo","interaction":{"idSuffix":"inner"}},"clearTextFirst":true,"interactionType":"ENTER_TEXT"}]}
COMMAND: POST /session/ba8f8306183d693af77ab2140b410afd/execute/async - {"script":"<script> [1562 bytes]","args":[{"selector":{"id":"application-managepricingrules-display-component---newInfoPriceItem--billType-arrow"},"wdio_ui5_key":"applicationmanagepricingrules-display-component---newInfoPriceItem--billType-arrow"}]}
RESULT: {"script":"<script> [1562 bytes]","args":[{"selector":{"id":"application-managepricingrules-display-component---newInfoPriceItem--billType-arrow"},"wdio_ui5_key":"applicationmanagepricingrules-display-component---newInfoPriceItem--billType-arrow"}]}
RESULT: undefined
COMMAND: POST /session/ba8f8306183d693af77ab2140b410afd/element - {"using":"xpath","value":"//*[@id=\"application-managepricingrules-display-component---newInfoPriceItem--billType-arrow\"]"}
RESULT: {"using":"xpath","value":"//*[@id=\"application-managepricingrules-display-component---newInfoPriceItem--billType-arrow\"]"}
COMMAND: POST /session/ba8f8306183d693af77ab2140b410afd/element/f.389042B4FF7C30867E20C40CA0954A5B.d.A3E1C4DA11ABF9A0386AA88233436159.e.15853/click - {}
RESULT: {}
COMMAND: POST /session/ba8f8306183d693af77ab2140b410afd/element - {"using":"xpath","value":"//span[contains(text(), \"TB - Time based\")]"}
COMMAND: GET /session/ba8f8306183d693af77ab2140b410afd/screenshot - {}
RESULT: {"using":"xpath","value":"//span[contains(text(), \"TB - Time based\")]"}
COMMAND: POST /session/ba8f8306183d693af77ab2140b410afd/element/f.389042B4FF7C30867E20C40CA0954A5B.d.A3E1C4DA11ABF9A0386AA88233436159.e.15854/click - {}
RESULT: {}
RESULT: {}
COMMAND: POST /session/ba8f8306183d693af77ab2140b410afd/execute/async - {"script":"<script> [1562 bytes]","args":[{"selector":{"id":"application-managepricingrules-display-component---newInfoPriceItem--priceProc-arrow"},"wdio_ui5_key":"applicationmanagepricingrules-display-component---newInfoPriceItem--priceProc-arrow"}]}
COMMAND: GET /session/ba8f8306183d693af77ab2140b410afd/screenshot - {}
RESULT: {"script":"<script> [1562 bytes]","args":[{"selector":{"id":"application-managepricingrules-display-component---newInfoPriceItem--priceProc-arrow"},"wdio_ui5_key":"applicationmanagepricingrules-display-component---newInfoPriceItem--priceProc-arrow"}]}
RESULT: undefined
COMMAND: POST /session/ba8f8306183d693af77ab2140b410afd/element - {"using":"xpath","value":"//*[@id=\"application-managepricingrules-display-component---newInfoPriceItem--priceProc-arrow\"]"}
RESULT: {}
RESULT: {"using":"xpath","value":"//*[@id=\"application-managepricingrules-display-component---newInfoPriceItem--priceProc-arrow\"]"}
COMMAND: POST /session/ba8f8306183d693af77ab2140b410afd/element/f.389042B4FF7C30867E20C40CA0954A5B.d.A3E1C4DA11ABF9A0386AA88233436159.e.15855/click - {}
RESULT: {}
COMMAND: POST /session/ba8f8306183d693af77ab2140b410afd/element - {"using":"xpath","value":"//span[contains(text(), \"TBS - Time based standard\")]"}
COMMAND: GET /session/ba8f8306183d693af77ab2140b410afd/screenshot - {}
RESULT: {"using":"xpath","value":"//span[contains(text(), \"TBS - Time based standard\")]"}
COMMAND: POST /session/ba8f8306183d693af77ab2140b410afd/element/f.389042B4FF7C30867E20C40CA0954A5B.d.A3E1C4DA11ABF9A0386AA88233436159.e.15856/click - {}
RESULT: {}
RESULT: {}
COMMAND: POST /session/ba8f8306183d693af77ab2140b410afd/execute/async - {"script":"<script> [1562 bytes]","args":[{"selector":{"id":"application-managepricingrules-display-component---newInfoPriceItem--calcBase-arrow"},"wdio_ui5_key":"applicationmanagepricingrules-display-component---newInfoPriceItem--calcBase-arrow"}]}
COMMAND: GET /session/ba8f8306183d693af77ab2140b410afd/screenshot - {}
RESULT: {"script":"<script> [1562 bytes]","args":[{"selector":{"id":"application-managepricingrules-display-component---newInfoPriceItem--calcBase-arrow"},"wdio_ui5_key":"applicationmanagepricingrules-display-component---newInfoPriceItem--calcBase-arrow"}]}
RESULT: undefined
COMMAND: POST /session/ba8f8306183d693af77ab2140b410afd/element - {"using":"xpath","value":"//*[@id=\"application-managepricingrules-display-component---newInfoPriceItem--calcBase-arrow\"]"}
RESULT: {}
RESULT: {"using":"xpath","value":"//*[@id=\"application-managepricingrules-display-component---newInfoPriceItem--calcBase-arrow\"]"}
COMMAND: POST /session/ba8f8306183d693af77ab2140b410afd/element/f.389042B4FF7C30867E20C40CA0954A5B.d.A3E1C4DA11ABF9A0386AA88233436159.e.15828/click - {}
RESULT: {}
COMMAND: GET /session/ba8f8306183d693af77ab2140b410afd/screenshot - {}
RESULT: {}
COMMAND: POST /session/ba8f8306183d693af77ab2140b410afd/element - {"using":"xpath","value":"//span[contains(text(), \"0006 - TB(calendar days)\")]"}
RESULT: {"using":"xpath","value":"//span[contains(text(), \"0006 - TB(calendar days)\")]"}
COMMAND: POST /session/ba8f8306183d693af77ab2140b410afd/element/f.389042B4FF7C30867E20C40CA0954A5B.d.A3E1C4DA11ABF9A0386AA88233436159.e.15857/click - {}
RESULT: {}
COMMAND: GET /session/ba8f8306183d693af77ab2140b410afd/screenshot - {}
RESULT: {}
COMMAND: POST /session/ba8f8306183d693af77ab2140b410afd/execute/async - {"script":"<script> [1562 bytes]","args":[{"selector":{"id":"application-managepricingrules-display-component---newInfoPriceItem--daysMonth","interaction":{"idSuffix":"inner"}},"wdio_ui5_key":"applicationmanagepricingrules-display-component---newInfoPriceItem--daysMonth"}]}
RESULT: {"script":"<script> [1562 bytes]","args":[{"selector":{"id":"application-managepricingrules-display-component---newInfoPriceItem--daysMonth","interaction":{"idSuffix":"inner"}},"wdio_ui5_key":"applicationmanagepricingrules-display-component---newInfoPriceItem--daysMonth"}]}
RESULT: undefined
COMMAND: POST /session/ba8f8306183d693af77ab2140b410afd/execute/async - {"script":"<script> [776 bytes]","args":[{"enterText":"30","selector":{"id":"application-managepricingrules-display-component---newInfoPriceItem--daysMonth","interaction":{"idSuffix":"inner"}},"clearTextFirst":true,"interactionType":"ENTER_TEXT"}]}
RESULT: {"script":"<script> [776 bytes]","args":[{"enterText":"30","selector":{"id":"application-managepricingrules-display-component---newInfoPriceItem--daysMonth","interaction":{"idSuffix":"inner"}},"clearTextFirst":true,"interactionType":"ENTER_TEXT"}]}
COMMAND: POST /session/ba8f8306183d693af77ab2140b410afd/element - {"using":"xpath","value":"//button[@data-kt=\"saveNewRuleButton\"]"}
RESULT: {"using":"xpath","value":"//button[@data-kt=\"saveNewRuleButton\"]"}
COMMAND: POST /session/ba8f8306183d693af77ab2140b410afd/element/f.389042B4FF7C30867E20C40CA0954A5B.d.A3E1C4DA11ABF9A0386AA88233436159.e.15840/click - {}
RESULT: {}
COMMAND: GET /session/ba8f8306183d693af77ab2140b410afd/screenshot - {}
RESULT: {}
COMMAND: POST /session/ba8f8306183d693af77ab2140b410afd/execute/async - {"script":"<script> [1562 bytes]","args":[{"selector":{"id":"application-managepricingrules-display-component---priceInfoItem--smartFilterBar-btnBasicSearch","interaction":{"idSuffix":"I"}},"wdio_ui5_key":"applicationmanagepricingrules-display-component---priceInfoItem--smartFilterBar-btnBasicSearch"}]}
RESULT: {"script":"<script> [1562 bytes]","args":[{"selector":{"id":"application-managepricingrules-display-component---priceInfoItem--smartFilterBar-btnBasicSearch","interaction":{"idSuffix":"I"}},"wdio_ui5_key":"applicationmanagepricingrules-display-component---priceInfoItem--smartFilterBar-btnBasicSearch"}]}
RESULT: undefined
COMMAND: POST /session/ba8f8306183d693af77ab2140b410afd/execute/async - {"script":"<script> [776 bytes]","args":[{"enterText":"zhwrGIc5PP","selector":{"id":"application-managepricingrules-display-component---priceInfoItem--smartFilterBar-btnBasicSearch","interaction":{"idSuffix":"I"}},"clearTextFirst":true,"interactionType":"ENTER_TEXT"}]}
RESULT: {"script":"<script> [776 bytes]","args":[{"enterText":"zhwrGIc5PP","selector":{"id":"application-managepricingrules-display-component---priceInfoItem--smartFilterBar-btnBasicSearch","interaction":{"idSuffix":"I"}},"clearTextFirst":true,"interactionType":"ENTER_TEXT"}]}
COMMAND: POST /session/ba8f8306183d693af77ab2140b410afd/actions - {"actions":[{"id":"action49","type":"key","parameters":{},"actions":[{"type":"keyDown","value":""},{"type":"pause","duration":10},{"type":"keyUp","value":""}]}]}
RESULT: {"actions":[{"id":"action49","type":"key","parameters":{},"actions":[{"type":"keyDown","value":""},{"type":"pause","duration":10},{"type":"keyUp","value":""}]}]}
COMMAND: GET /session/ba8f8306183d693af77ab2140b410afd/screenshot - {}
RESULT: {}
COMMAND: POST /session/ba8f8306183d693af77ab2140b410afd/element - {"using":"xpath","value":"//span[@id=\"application-managepricingrules-display-component---priceInfoItem--smartTable-header-inner\"]"}
RESULT: {"using":"xpath","value":"//span[@id=\"application-managepricingrules-display-component---priceInfoItem--smartTable-header-inner\"]"}
COMMAND: POST /session/ba8f8306183d693af77ab2140b410afd/elements - {"using":"xpath","value":"//span[@id=\"application-managepricingrules-display-component---priceInfoItem--smartTable-header-inner\"]"}
RESULT: {"using":"xpath","value":"//span[@id=\"application-managepricingrules-display-component---priceInfoItem--smartTable-header-inner\"]"}
COMMAND: POST /session/ba8f8306183d693af77ab2140b410afd/execute/sync - {"script":"<script> [56 bytes]","args":[{"element-6066-11e4-a52e-4f735466cecf":"f.389042B4FF7C30867E20C40CA0954A5B.d.A3E1C4DA11ABF9A0386AA88233436159.e.15885","ELEMENT":"f.389042B4FF7C30867E20C40CA0954A5B.d.A3E1C4DA11ABF9A0386AA88233436159.e.15885"}]}
RESULT: {"script":"<script> [56 bytes]","args":[{"element-6066-11e4-a52e-4f735466cecf":"f.389042B4FF7C30867E20C40CA0954A5B.d.A3E1C4DA11ABF9A0386AA88233436159.e.15885","ELEMENT":"f.389042B4FF7C30867E20C40CA0954A5B.d.A3E1C4DA11ABF9A0386AA88233436159.e.15885"}]}
COMMAND: POST /session/ba8f8306183d693af77ab2140b410afd/element - {"using":"css selector","value":"#shell-header-logo"}
COMMAND: GET /session/ba8f8306183d693af77ab2140b410afd/screenshot - {}
RESULT: {"using":"css selector","value":"#shell-header-logo"}
COMMAND: POST /session/ba8f8306183d693af77ab2140b410afd/element/f.389042B4FF7C30867E20C40CA0954A5B.d.A3E1C4DA11ABF9A0386AA88233436159.e.14959/click - {}
RESULT: {}
RESULT: {}
COMMAND: GET /session/ba8f8306183d693af77ab2140b410afd/screenshot - {}
RESULT: {}
]]></system-out>
    </testcase>
    <testcase classname="chrome.137_0_7151_69.windows.Billing_transfer_US117289" name="Should create new condition for equipment" time="72.851">
      <system-out><![CDATA[
COMMAND: POST /session/ba8f8306183d693af77ab2140b410afd/execute/async - {"script":"<script> [1562 bytes]","args":[{"selector":{"controlType":"sap.m.GenericTile","properties":{"header":"Manage Conditions & Prices"}},"wdio_ui5_key":"sapm.GenericTile{\"header\":\"Manage Conditions & Prices\"}"}]}
RESULT: {"script":"<script> [1562 bytes]","args":[{"selector":{"controlType":"sap.m.GenericTile","properties":{"header":"Manage Conditions & Prices"}},"wdio_ui5_key":"sapm.GenericTile{\"header\":\"Manage Conditions & Prices\"}"}]}
RESULT: undefined
COMMAND: POST /session/ba8f8306183d693af77ab2140b410afd/element - {"using":"xpath","value":"//*[@id=\"__tile55\"]"}
RESULT: {"using":"xpath","value":"//*[@id=\"__tile55\"]"}
COMMAND: POST /session/ba8f8306183d693af77ab2140b410afd/element/f.389042B4FF7C30867E20C40CA0954A5B.d.A3E1C4DA11ABF9A0386AA88233436159.e.14901/click - {}
RESULT: {}
COMMAND: GET /session/ba8f8306183d693af77ab2140b410afd/screenshot - {}
COMMAND: POST /session/ba8f8306183d693af77ab2140b410afd/elements - {"using":"xpath","value":"//span[text()='Error']"}
RESULT: {}
RESULT: {"using":"xpath","value":"//span[text()='Error']"}
COMMAND: POST /session/ba8f8306183d693af77ab2140b410afd/element - {"using":"xpath","value":"//button[@aria-label=\"Create\"]"}
RESULT: {"using":"xpath","value":"//button[@aria-label=\"Create\"]"}
COMMAND: POST /session/ba8f8306183d693af77ab2140b410afd/elements - {"using":"xpath","value":"//button[@aria-label=\"Create\"]"}
RESULT: {"using":"xpath","value":"//button[@aria-label=\"Create\"]"}
COMMAND: POST /session/ba8f8306183d693af77ab2140b410afd/execute/sync - {"script":"<script> [8489 bytes]","args":[{"element-6066-11e4-a52e-4f735466cecf":"f.389042B4FF7C30867E20C40CA0954A5B.d.A3E1C4DA11ABF9A0386AA88233436159.e.15920","ELEMENT":"f.389042B4FF7C30867E20C40CA0954A5B.d.A3E1C4DA11ABF9A0386AA88233436159.e.15920"}]}
RESULT: {"script":"<script> [8489 bytes]","args":[{"element-6066-11e4-a52e-4f735466cecf":"f.389042B4FF7C30867E20C40CA0954A5B.d.A3E1C4DA11ABF9A0386AA88233436159.e.15920","ELEMENT":"f.389042B4FF7C30867E20C40CA0954A5B.d.A3E1C4DA11ABF9A0386AA88233436159.e.15920"}]}
COMMAND: GET /session/ba8f8306183d693af77ab2140b410afd/element/f.389042B4FF7C30867E20C40CA0954A5B.d.A3E1C4DA11ABF9A0386AA88233436159.e.15920/enabled - {}
COMMAND: GET /session/ba8f8306183d693af77ab2140b410afd/screenshot - {}
RESULT: {}
COMMAND: POST /session/ba8f8306183d693af77ab2140b410afd/execute/sync - {"script":"<script> [8489 bytes]","args":[{"element-6066-11e4-a52e-4f735466cecf":"f.389042B4FF7C30867E20C40CA0954A5B.d.A3E1C4DA11ABF9A0386AA88233436159.e.15920","ELEMENT":"f.389042B4FF7C30867E20C40CA0954A5B.d.A3E1C4DA11ABF9A0386AA88233436159.e.15920"}]}
COMMAND: GET /session/ba8f8306183d693af77ab2140b410afd/screenshot - {}
RESULT: {}
RESULT: {"script":"<script> [8489 bytes]","args":[{"element-6066-11e4-a52e-4f735466cecf":"f.389042B4FF7C30867E20C40CA0954A5B.d.A3E1C4DA11ABF9A0386AA88233436159.e.15920","ELEMENT":"f.389042B4FF7C30867E20C40CA0954A5B.d.A3E1C4DA11ABF9A0386AA88233436159.e.15920"}]}
COMMAND: POST /session/ba8f8306183d693af77ab2140b410afd/execute/sync - {"script":"<script> [5351 bytes]","args":[{"element-6066-11e4-a52e-4f735466cecf":"f.389042B4FF7C30867E20C40CA0954A5B.d.A3E1C4DA11ABF9A0386AA88233436159.e.15920","ELEMENT":"f.389042B4FF7C30867E20C40CA0954A5B.d.A3E1C4DA11ABF9A0386AA88233436159.e.15920"}]}
COMMAND: GET /session/ba8f8306183d693af77ab2140b410afd/screenshot - {}
RESULT: {}
RESULT: {"script":"<script> [5351 bytes]","args":[{"element-6066-11e4-a52e-4f735466cecf":"f.389042B4FF7C30867E20C40CA0954A5B.d.A3E1C4DA11ABF9A0386AA88233436159.e.15920","ELEMENT":"f.389042B4FF7C30867E20C40CA0954A5B.d.A3E1C4DA11ABF9A0386AA88233436159.e.15920"}]}
COMMAND: POST /session/ba8f8306183d693af77ab2140b410afd/element/f.389042B4FF7C30867E20C40CA0954A5B.d.A3E1C4DA11ABF9A0386AA88233436159.e.15920/click - {}
COMMAND: GET /session/ba8f8306183d693af77ab2140b410afd/screenshot - {}
RESULT: {}
RESULT: {}
COMMAND: GET /session/ba8f8306183d693af77ab2140b410afd/screenshot - {}
RESULT: {}
RESULT: {}
COMMAND: POST /session/ba8f8306183d693af77ab2140b410afd/actions - {"actions":[{"id":"action50","type":"key","parameters":{},"actions":[{"type":"keyDown","value":""},{"type":"pause","duration":10},{"type":"keyUp","value":""}]}]}
RESULT: {"actions":[{"id":"action50","type":"key","parameters":{},"actions":[{"type":"keyDown","value":""},{"type":"pause","duration":10},{"type":"keyUp","value":""}]}]}
COMMAND: GET /session/ba8f8306183d693af77ab2140b410afd/screenshot - {}
RESULT: {}
COMMAND: POST /session/ba8f8306183d693af77ab2140b410afd/execute/async - {"script":"<script> [1562 bytes]","args":[{"selector":{"id":"application-manageconditionprice-display-component---newCondition--condBillCond-arrow"},"wdio_ui5_key":"applicationmanageconditionprice-display-component---newCondition--condBillCond-arrow"}]}
RESULT: {"script":"<script> [1562 bytes]","args":[{"selector":{"id":"application-manageconditionprice-display-component---newCondition--condBillCond-arrow"},"wdio_ui5_key":"applicationmanageconditionprice-display-component---newCondition--condBillCond-arrow"}]}
RESULT: undefined
COMMAND: POST /session/ba8f8306183d693af77ab2140b410afd/element - {"using":"xpath","value":"//*[@id=\"application-manageconditionprice-display-component---newCondition--condBillCond-arrow\"]"}
RESULT: {"using":"xpath","value":"//*[@id=\"application-manageconditionprice-display-component---newCondition--condBillCond-arrow\"]"}
COMMAND: POST /session/ba8f8306183d693af77ab2140b410afd/element/f.389042B4FF7C30867E20C40CA0954A5B.d.A3E1C4DA11ABF9A0386AA88233436159.e.16100/click - {}
RESULT: {}
COMMAND: GET /session/ba8f8306183d693af77ab2140b410afd/screenshot - {}
RESULT: {}
COMMAND: POST /session/ba8f8306183d693af77ab2140b410afd/element - {"using":"xpath","value":"//li[.//span[contains(text(), \"DISP - D&I special price\")]]"}
RESULT: {"using":"xpath","value":"//li[.//span[contains(text(), \"DISP - D&I special price\")]]"}
COMMAND: POST /session/ba8f8306183d693af77ab2140b410afd/element/f.389042B4FF7C30867E20C40CA0954A5B.d.A3E1C4DA11ABF9A0386AA88233436159.e.16103/click - {}
RESULT: {}
COMMAND: GET /session/ba8f8306183d693af77ab2140b410afd/screenshot - {}
RESULT: {}
COMMAND: POST /session/ba8f8306183d693af77ab2140b410afd/execute/async - {"script":"<script> [1562 bytes]","args":[{"selector":{"id":"application-manageconditionprice-display-component---newCondition--condValidTo","interaction":{"idSuffix":"inner"}},"wdio_ui5_key":"applicationmanageconditionprice-display-component---newCondition--condValidTo"}]}
RESULT: {"script":"<script> [1562 bytes]","args":[{"selector":{"id":"application-manageconditionprice-display-component---newCondition--condValidTo","interaction":{"idSuffix":"inner"}},"wdio_ui5_key":"applicationmanageconditionprice-display-component---newCondition--condValidTo"}]}
RESULT: undefined
COMMAND: POST /session/ba8f8306183d693af77ab2140b410afd/execute/async - {"script":"<script> [776 bytes]","args":[{"enterText":"2/14/26","selector":{"id":"application-manageconditionprice-display-component---newCondition--condValidTo","interaction":{"idSuffix":"inner"}},"clearTextFirst":true,"interactionType":"ENTER_TEXT"}]}
RESULT: {"script":"<script> [776 bytes]","args":[{"enterText":"2/14/26","selector":{"id":"application-manageconditionprice-display-component---newCondition--condValidTo","interaction":{"idSuffix":"inner"}},"clearTextFirst":true,"interactionType":"ENTER_TEXT"}]}
COMMAND: POST /session/ba8f8306183d693af77ab2140b410afd/element - {"using":"xpath","value":"//input[@id=\"application-manageconditionprice-display-component---newCondition--condRU-inner\"]"}
RESULT: {"using":"xpath","value":"//input[@id=\"application-manageconditionprice-display-component---newCondition--condRU-inner\"]"}
COMMAND: POST /session/ba8f8306183d693af77ab2140b410afd/element/f.389042B4FF7C30867E20C40CA0954A5B.d.A3E1C4DA11ABF9A0386AA88233436159.e.15966/clear - {}
RESULT: {}
COMMAND: POST /session/ba8f8306183d693af77ab2140b410afd/element/f.389042B4FF7C30867E20C40CA0954A5B.d.A3E1C4DA11ABF9A0386AA88233436159.e.15966/value - {"text":"zhwrGIc5PP"}
COMMAND: GET /session/ba8f8306183d693af77ab2140b410afd/screenshot - {}
RESULT: {"text":"zhwrGIc5PP"}
COMMAND: GET /session/ba8f8306183d693af77ab2140b410afd/screenshot - {}
RESULT: {}
RESULT: {}
COMMAND: POST /session/ba8f8306183d693af77ab2140b410afd/actions - {"actions":[{"id":"action51","type":"key","parameters":{},"actions":[{"type":"keyDown","value":""},{"type":"pause","duration":10},{"type":"keyUp","value":""}]}]}
RESULT: {"actions":[{"id":"action51","type":"key","parameters":{},"actions":[{"type":"keyDown","value":""},{"type":"pause","duration":10},{"type":"keyUp","value":""}]}]}
COMMAND: POST /session/ba8f8306183d693af77ab2140b410afd/execute/async - {"script":"<script> [1562 bytes]","args":[{"selector":{"id":"application-manageconditionprice-display-component---newCondition--condBaseQty","interaction":{"idSuffix":"inner"}},"wdio_ui5_key":"applicationmanageconditionprice-display-component---newCondition--condBaseQty"}]}
COMMAND: GET /session/ba8f8306183d693af77ab2140b410afd/screenshot - {}
RESULT: {"script":"<script> [1562 bytes]","args":[{"selector":{"id":"application-manageconditionprice-display-component---newCondition--condBaseQty","interaction":{"idSuffix":"inner"}},"wdio_ui5_key":"applicationmanageconditionprice-display-component---newCondition--condBaseQty"}]}
RESULT: undefined
COMMAND: POST /session/ba8f8306183d693af77ab2140b410afd/execute/async - {"script":"<script> [776 bytes]","args":[{"enterText":"1","selector":{"id":"application-manageconditionprice-display-component---newCondition--condBaseQty","interaction":{"idSuffix":"inner"}},"clearTextFirst":true,"interactionType":"ENTER_TEXT"}]}
RESULT: {}
RESULT: {"script":"<script> [776 bytes]","args":[{"enterText":"1","selector":{"id":"application-manageconditionprice-display-component---newCondition--condBaseQty","interaction":{"idSuffix":"inner"}},"clearTextFirst":true,"interactionType":"ENTER_TEXT"}]}
COMMAND: POST /session/ba8f8306183d693af77ab2140b410afd/execute/async - {"script":"<script> [1562 bytes]","args":[{"selector":{"id":"application-manageconditionprice-display-component---newCondition--condValue","interaction":{"idSuffix":"inner"}},"wdio_ui5_key":"applicationmanageconditionprice-display-component---newCondition--condValue"}]}
RESULT: {"script":"<script> [1562 bytes]","args":[{"selector":{"id":"application-manageconditionprice-display-component---newCondition--condValue","interaction":{"idSuffix":"inner"}},"wdio_ui5_key":"applicationmanageconditionprice-display-component---newCondition--condValue"}]}
RESULT: undefined
COMMAND: POST /session/ba8f8306183d693af77ab2140b410afd/execute/async - {"script":"<script> [776 bytes]","args":[{"enterText":"100","selector":{"id":"application-manageconditionprice-display-component---newCondition--condValue","interaction":{"idSuffix":"inner"}},"clearTextFirst":true,"interactionType":"ENTER_TEXT"}]}
RESULT: {"script":"<script> [776 bytes]","args":[{"enterText":"100","selector":{"id":"application-manageconditionprice-display-component---newCondition--condValue","interaction":{"idSuffix":"inner"}},"clearTextFirst":true,"interactionType":"ENTER_TEXT"}]}
COMMAND: POST /session/ba8f8306183d693af77ab2140b410afd/execute/async - {"script":"<script> [1562 bytes]","args":[{"selector":{"id":"application-manageconditionprice-display-component---newCondition--condCurr-arrow"},"wdio_ui5_key":"applicationmanageconditionprice-display-component---newCondition--condCurr-arrow"}]}
RESULT: {"script":"<script> [1562 bytes]","args":[{"selector":{"id":"application-manageconditionprice-display-component---newCondition--condCurr-arrow"},"wdio_ui5_key":"applicationmanageconditionprice-display-component---newCondition--condCurr-arrow"}]}
RESULT: undefined
COMMAND: POST /session/ba8f8306183d693af77ab2140b410afd/element - {"using":"xpath","value":"//*[@id=\"application-manageconditionprice-display-component---newCondition--condCurr-arrow\"]"}
RESULT: {"using":"xpath","value":"//*[@id=\"application-manageconditionprice-display-component---newCondition--condCurr-arrow\"]"}
COMMAND: POST /session/ba8f8306183d693af77ab2140b410afd/element/f.389042B4FF7C30867E20C40CA0954A5B.d.A3E1C4DA11ABF9A0386AA88233436159.e.16084/click - {}
RESULT: {}
COMMAND: POST /session/ba8f8306183d693af77ab2140b410afd/element - {"using":"xpath","value":"//span[contains(text(), \"Euro\")]"}
COMMAND: GET /session/ba8f8306183d693af77ab2140b410afd/screenshot - {}
RESULT: {"using":"xpath","value":"//span[contains(text(), \"Euro\")]"}
COMMAND: POST /session/ba8f8306183d693af77ab2140b410afd/element/f.389042B4FF7C30867E20C40CA0954A5B.d.A3E1C4DA11ABF9A0386AA88233436159.e.16140/click - {}
RESULT: {}
RESULT: {}
COMMAND: POST /session/ba8f8306183d693af77ab2140b410afd/element - {"using":"xpath","value":"//button[@data-kt=\"saveButton\"]"}
COMMAND: GET /session/ba8f8306183d693af77ab2140b410afd/screenshot - {}
RESULT: {"using":"xpath","value":"//button[@data-kt=\"saveButton\"]"}
COMMAND: POST /session/ba8f8306183d693af77ab2140b410afd/element/f.389042B4FF7C30867E20C40CA0954A5B.d.A3E1C4DA11ABF9A0386AA88233436159.e.16085/click - {}
RESULT: {}
RESULT: {}
COMMAND: GET /session/ba8f8306183d693af77ab2140b410afd/screenshot - {}
RESULT: {}
COMMAND: POST /session/ba8f8306183d693af77ab2140b410afd/execute/async - {"script":"<script> [1562 bytes]","args":[{"selector":{"id":"application-manageconditionprice-display-component---conditions--smartFilterBar-btnBasicSearch","interaction":{"idSuffix":"I"}},"wdio_ui5_key":"applicationmanageconditionprice-display-component---conditions--smartFilterBar-btnBasicSearch"}]}
RESULT: {"script":"<script> [1562 bytes]","args":[{"selector":{"id":"application-manageconditionprice-display-component---conditions--smartFilterBar-btnBasicSearch","interaction":{"idSuffix":"I"}},"wdio_ui5_key":"applicationmanageconditionprice-display-component---conditions--smartFilterBar-btnBasicSearch"}]}
RESULT: undefined
COMMAND: POST /session/ba8f8306183d693af77ab2140b410afd/execute/async - {"script":"<script> [776 bytes]","args":[{"enterText":"zhwrGIc5PP","selector":{"id":"application-manageconditionprice-display-component---conditions--smartFilterBar-btnBasicSearch","interaction":{"idSuffix":"I"}},"clearTextFirst":true,"interactionType":"ENTER_TEXT"}]}
RESULT: {"script":"<script> [776 bytes]","args":[{"enterText":"zhwrGIc5PP","selector":{"id":"application-manageconditionprice-display-component---conditions--smartFilterBar-btnBasicSearch","interaction":{"idSuffix":"I"}},"clearTextFirst":true,"interactionType":"ENTER_TEXT"}]}
COMMAND: POST /session/ba8f8306183d693af77ab2140b410afd/actions - {"actions":[{"id":"action52","type":"key","parameters":{},"actions":[{"type":"keyDown","value":""},{"type":"pause","duration":10},{"type":"keyUp","value":""}]}]}
RESULT: {"actions":[{"id":"action52","type":"key","parameters":{},"actions":[{"type":"keyDown","value":""},{"type":"pause","duration":10},{"type":"keyUp","value":""}]}]}
COMMAND: GET /session/ba8f8306183d693af77ab2140b410afd/screenshot - {}
RESULT: {}
COMMAND: POST /session/ba8f8306183d693af77ab2140b410afd/execute/async - {"script":"<script> [1562 bytes]","args":[{"selector":{"id":"application-manageconditionprice-display-component---conditions--smartFilterBar-filterItemControl_BASIC-BILL_TYPES-vhi"},"wdio_ui5_key":"applicationmanageconditionprice-display-component---conditions--smartFilterBar-filterItemControl_BASIC-BILL_TYPES-vhi"}]}
RESULT: {"script":"<script> [1562 bytes]","args":[{"selector":{"id":"application-manageconditionprice-display-component---conditions--smartFilterBar-filterItemControl_BASIC-BILL_TYPES-vhi"},"wdio_ui5_key":"applicationmanageconditionprice-display-component---conditions--smartFilterBar-filterItemControl_BASIC-BILL_TYPES-vhi"}]}
RESULT: undefined
COMMAND: POST /session/ba8f8306183d693af77ab2140b410afd/element - {"using":"xpath","value":"//*[@id=\"application-manageconditionprice-display-component---conditions--smartFilterBar-filterItemControl_BASIC-BILL_TYPES-vhi\"]"}
RESULT: {"using":"xpath","value":"//*[@id=\"application-manageconditionprice-display-component---conditions--smartFilterBar-filterItemControl_BASIC-BILL_TYPES-vhi\"]"}
COMMAND: POST /session/ba8f8306183d693af77ab2140b410afd/element/f.389042B4FF7C30867E20C40CA0954A5B.d.A3E1C4DA11ABF9A0386AA88233436159.e.16156/click - {}
RESULT: {}
COMMAND: POST /session/ba8f8306183d693af77ab2140b410afd/execute/async - {"script":"<script> [1562 bytes]","args":[{"selector":{"id":"application-manageconditionprice-display-component---conditions--smartFilterBar-filterItemControl_BASIC-BILL_TYPES-valueHelpDialog-smartFilterBar-btnBasicSearch","searchOpenDialogs":true,"interaction":{"idSuffix":"I"}},"wdio_ui5_key":"applicationmanageconditionprice-display-component---conditions--smartFilterBar-filterItemControl_BASIC-BILL_TYPES-valueHelpDialog-smartFilterBar-btnBasicSearch"}]}
COMMAND: GET /session/ba8f8306183d693af77ab2140b410afd/screenshot - {}
RESULT: {"script":"<script> [1562 bytes]","args":[{"selector":{"id":"application-manageconditionprice-display-component---conditions--smartFilterBar-filterItemControl_BASIC-BILL_TYPES-valueHelpDialog-smartFilterBar-btnBasicSearch","searchOpenDialogs":true,"interaction":{"idSuffix":"I"}},"wdio_ui5_key":"applicationmanageconditionprice-display-component---conditions--smartFilterBar-filterItemControl_BASIC-BILL_TYPES-valueHelpDialog-smartFilterBar-btnBasicSearch"}]}
RESULT: undefined
COMMAND: POST /session/ba8f8306183d693af77ab2140b410afd/execute/async - {"script":"<script> [776 bytes]","args":[{"enterText":"TB","selector":{"id":"application-manageconditionprice-display-component---conditions--smartFilterBar-filterItemControl_BASIC-BILL_TYPES-valueHelpDialog-smartFilterBar-btnBasicSearch","searchOpenDialogs":true,"interaction":{"idSuffix":"I"}},"clearTextFirst":true,"interactionType":"ENTER_TEXT"}]}
RESULT: {}
RESULT: {"script":"<script> [776 bytes]","args":[{"enterText":"TB","selector":{"id":"application-manageconditionprice-display-component---conditions--smartFilterBar-filterItemControl_BASIC-BILL_TYPES-valueHelpDialog-smartFilterBar-btnBasicSearch","searchOpenDialogs":true,"interaction":{"idSuffix":"I"}},"clearTextFirst":true,"interactionType":"ENTER_TEXT"}]}
COMMAND: POST /session/ba8f8306183d693af77ab2140b410afd/actions - {"actions":[{"id":"action53","type":"key","parameters":{},"actions":[{"type":"keyDown","value":""},{"type":"pause","duration":10},{"type":"keyUp","value":""}]}]}
RESULT: {"actions":[{"id":"action53","type":"key","parameters":{},"actions":[{"type":"keyDown","value":""},{"type":"pause","duration":10},{"type":"keyUp","value":""}]}]}
COMMAND: GET /session/ba8f8306183d693af77ab2140b410afd/screenshot - {}
RESULT: {}
COMMAND: POST /session/ba8f8306183d693af77ab2140b410afd/element - {"using":"xpath","value":"//div[contains(@id, 'application-manageconditionprice-display-component---conditions--smartFilterBar-filterItemControl_BASIC-BILL_TYPES-valueHelpDialog-table-rowsel0')]"}
RESULT: {"using":"xpath","value":"//div[contains(@id, 'application-manageconditionprice-display-component---conditions--smartFilterBar-filterItemControl_BASIC-BILL_TYPES-valueHelpDialog-table-rowsel0')]"}
COMMAND: POST /session/ba8f8306183d693af77ab2140b410afd/element/f.389042B4FF7C30867E20C40CA0954A5B.d.A3E1C4DA11ABF9A0386AA88233436159.e.16164/click - {}
RESULT: {}
COMMAND: GET /session/ba8f8306183d693af77ab2140b410afd/screenshot - {}
RESULT: {}
COMMAND: POST /session/ba8f8306183d693af77ab2140b410afd/element - {"using":"xpath","value":"//bdi[contains(text(), \"OK\")]"}
RESULT: {"using":"xpath","value":"//bdi[contains(text(), \"OK\")]"}
COMMAND: POST /session/ba8f8306183d693af77ab2140b410afd/element/f.389042B4FF7C30867E20C40CA0954A5B.d.A3E1C4DA11ABF9A0386AA88233436159.e.16166/click - {}
RESULT: {}
COMMAND: GET /session/ba8f8306183d693af77ab2140b410afd/screenshot - {}
RESULT: {}
COMMAND: POST /session/ba8f8306183d693af77ab2140b410afd/element - {"using":"xpath","value":"//span[@id=\"application-manageconditionprice-display-component---conditions--smartTable-header-inner\"]"}
RESULT: {"using":"xpath","value":"//span[@id=\"application-manageconditionprice-display-component---conditions--smartTable-header-inner\"]"}
COMMAND: POST /session/ba8f8306183d693af77ab2140b410afd/elements - {"using":"xpath","value":"//span[@id=\"application-manageconditionprice-display-component---conditions--smartTable-header-inner\"]"}
RESULT: {"using":"xpath","value":"//span[@id=\"application-manageconditionprice-display-component---conditions--smartTable-header-inner\"]"}
COMMAND: POST /session/ba8f8306183d693af77ab2140b410afd/execute/sync - {"script":"<script> [56 bytes]","args":[{"element-6066-11e4-a52e-4f735466cecf":"f.389042B4FF7C30867E20C40CA0954A5B.d.A3E1C4DA11ABF9A0386AA88233436159.e.16169","ELEMENT":"f.389042B4FF7C30867E20C40CA0954A5B.d.A3E1C4DA11ABF9A0386AA88233436159.e.16169"}]}
RESULT: {"script":"<script> [56 bytes]","args":[{"element-6066-11e4-a52e-4f735466cecf":"f.389042B4FF7C30867E20C40CA0954A5B.d.A3E1C4DA11ABF9A0386AA88233436159.e.16169","ELEMENT":"f.389042B4FF7C30867E20C40CA0954A5B.d.A3E1C4DA11ABF9A0386AA88233436159.e.16169"}]}
COMMAND: POST /session/ba8f8306183d693af77ab2140b410afd/element - {"using":"css selector","value":"#shell-header-logo"}
COMMAND: GET /session/ba8f8306183d693af77ab2140b410afd/screenshot - {}
RESULT: {"using":"css selector","value":"#shell-header-logo"}
COMMAND: POST /session/ba8f8306183d693af77ab2140b410afd/element/f.389042B4FF7C30867E20C40CA0954A5B.d.A3E1C4DA11ABF9A0386AA88233436159.e.15888/click - {}
RESULT: {}
RESULT: {}
COMMAND: GET /session/ba8f8306183d693af77ab2140b410afd/screenshot - {}
RESULT: {}
]]></system-out>
    </testcase>
    <testcase classname="chrome.137_0_7151_69.windows.Billing_transfer_US117289" name="Should do a stock increase" time="97.774">
      <system-out><![CDATA[
COMMAND: POST /session/ba8f8306183d693af77ab2140b410afd/execute/async - {"script":"<script> [1562 bytes]","args":[{"selector":{"controlType":"sap.m.GenericTile","properties":{"header":"Manage Handovers"}},"wdio_ui5_key":"sapm.GenericTile{\"header\":\"Manage Handovers\"}"}]}
RESULT: {"script":"<script> [1562 bytes]","args":[{"selector":{"controlType":"sap.m.GenericTile","properties":{"header":"Manage Handovers"}},"wdio_ui5_key":"sapm.GenericTile{\"header\":\"Manage Handovers\"}"}]}
RESULT: undefined
COMMAND: POST /session/ba8f8306183d693af77ab2140b410afd/element - {"using":"xpath","value":"//*[@id=\"__tile134\"]"}
RESULT: {"using":"xpath","value":"//*[@id=\"__tile134\"]"}
COMMAND: POST /session/ba8f8306183d693af77ab2140b410afd/element/f.389042B4FF7C30867E20C40CA0954A5B.d.A3E1C4DA11ABF9A0386AA88233436159.e.14932/click - {}
RESULT: {}
COMMAND: GET /session/ba8f8306183d693af77ab2140b410afd/screenshot - {}
RESULT: {}
COMMAND: POST /session/ba8f8306183d693af77ab2140b410afd/elements - {"using":"xpath","value":"//span[text()='Error']"}
RESULT: {"using":"xpath","value":"//span[text()='Error']"}
COMMAND: POST /session/ba8f8306183d693af77ab2140b410afd/element - {"using":"xpath","value":"//button[@data-kt=\"masterHOAddButton\"]"}
RESULT: {"using":"xpath","value":"//button[@data-kt=\"masterHOAddButton\"]"}
COMMAND: POST /session/ba8f8306183d693af77ab2140b410afd/elements - {"using":"xpath","value":"//button[@data-kt=\"masterHOAddButton\"]"}
RESULT: {"using":"xpath","value":"//button[@data-kt=\"masterHOAddButton\"]"}
COMMAND: POST /session/ba8f8306183d693af77ab2140b410afd/elements - {"using":"xpath","value":"//button[@data-kt=\"masterHOAddButton\"]"}
RESULT: {"using":"xpath","value":"//button[@data-kt=\"masterHOAddButton\"]"}
COMMAND: POST /session/ba8f8306183d693af77ab2140b410afd/element - {"using":"xpath","value":"//button[@data-kt=\"masterHOAddButton\"]"}
RESULT: {"using":"xpath","value":"//button[@data-kt=\"masterHOAddButton\"]"}
COMMAND: POST /session/ba8f8306183d693af77ab2140b410afd/execute/sync - {"script":"<script> [8489 bytes]","args":[{"element-6066-11e4-a52e-4f735466cecf":"f.389042B4FF7C30867E20C40CA0954A5B.d.A3E1C4DA11ABF9A0386AA88233436159.e.16213","ELEMENT":"f.389042B4FF7C30867E20C40CA0954A5B.d.A3E1C4DA11ABF9A0386AA88233436159.e.16213"}]}
RESULT: {"script":"<script> [8489 bytes]","args":[{"element-6066-11e4-a52e-4f735466cecf":"f.389042B4FF7C30867E20C40CA0954A5B.d.A3E1C4DA11ABF9A0386AA88233436159.e.16213","ELEMENT":"f.389042B4FF7C30867E20C40CA0954A5B.d.A3E1C4DA11ABF9A0386AA88233436159.e.16213"}]}
COMMAND: GET /session/ba8f8306183d693af77ab2140b410afd/element/f.389042B4FF7C30867E20C40CA0954A5B.d.A3E1C4DA11ABF9A0386AA88233436159.e.16213/enabled - {}
COMMAND: GET /session/ba8f8306183d693af77ab2140b410afd/screenshot - {}
RESULT: {}
COMMAND: POST /session/ba8f8306183d693af77ab2140b410afd/execute/sync - {"script":"<script> [8489 bytes]","args":[{"element-6066-11e4-a52e-4f735466cecf":"f.389042B4FF7C30867E20C40CA0954A5B.d.A3E1C4DA11ABF9A0386AA88233436159.e.16213","ELEMENT":"f.389042B4FF7C30867E20C40CA0954A5B.d.A3E1C4DA11ABF9A0386AA88233436159.e.16213"}]}
COMMAND: GET /session/ba8f8306183d693af77ab2140b410afd/screenshot - {}
RESULT: {}
RESULT: {"script":"<script> [8489 bytes]","args":[{"element-6066-11e4-a52e-4f735466cecf":"f.389042B4FF7C30867E20C40CA0954A5B.d.A3E1C4DA11ABF9A0386AA88233436159.e.16213","ELEMENT":"f.389042B4FF7C30867E20C40CA0954A5B.d.A3E1C4DA11ABF9A0386AA88233436159.e.16213"}]}
COMMAND: POST /session/ba8f8306183d693af77ab2140b410afd/execute/sync - {"script":"<script> [5351 bytes]","args":[{"element-6066-11e4-a52e-4f735466cecf":"f.389042B4FF7C30867E20C40CA0954A5B.d.A3E1C4DA11ABF9A0386AA88233436159.e.16213","ELEMENT":"f.389042B4FF7C30867E20C40CA0954A5B.d.A3E1C4DA11ABF9A0386AA88233436159.e.16213"}]}
COMMAND: GET /session/ba8f8306183d693af77ab2140b410afd/screenshot - {}
RESULT: {}
RESULT: {"script":"<script> [5351 bytes]","args":[{"element-6066-11e4-a52e-4f735466cecf":"f.389042B4FF7C30867E20C40CA0954A5B.d.A3E1C4DA11ABF9A0386AA88233436159.e.16213","ELEMENT":"f.389042B4FF7C30867E20C40CA0954A5B.d.A3E1C4DA11ABF9A0386AA88233436159.e.16213"}]}
COMMAND: POST /session/ba8f8306183d693af77ab2140b410afd/element/f.389042B4FF7C30867E20C40CA0954A5B.d.A3E1C4DA11ABF9A0386AA88233436159.e.16213/click - {}
COMMAND: GET /session/ba8f8306183d693af77ab2140b410afd/screenshot - {}
RESULT: {}
RESULT: {}
COMMAND: GET /session/ba8f8306183d693af77ab2140b410afd/screenshot - {}
COMMAND: POST /session/ba8f8306183d693af77ab2140b410afd/element - {"using":"xpath","value":"//span[contains(@id ,\"AddNewHO--typeSelect-arrow\")]"}
RESULT: {}
RESULT: {}
RESULT: {"using":"xpath","value":"//span[contains(@id ,\"AddNewHO--typeSelect-arrow\")]"}
COMMAND: POST /session/ba8f8306183d693af77ab2140b410afd/element/f.389042B4FF7C30867E20C40CA0954A5B.d.A3E1C4DA11ABF9A0386AA88233436159.e.16549/click - {}
RESULT: {}
COMMAND: GET /session/ba8f8306183d693af77ab2140b410afd/screenshot - {}
RESULT: {}
COMMAND: POST /session/ba8f8306183d693af77ab2140b410afd/element - {"using":"xpath","value":"(//li[contains(text(), \"stock increase yard\")])[1]"}
RESULT: {"using":"xpath","value":"(//li[contains(text(), \"stock increase yard\")])[1]"}
COMMAND: POST /session/ba8f8306183d693af77ab2140b410afd/element/f.389042B4FF7C30867E20C40CA0954A5B.d.A3E1C4DA11ABF9A0386AA88233436159.e.16550/click - {}
RESULT: {}
COMMAND: GET /session/ba8f8306183d693af77ab2140b410afd/screenshot - {}
RESULT: {}
COMMAND: POST /session/ba8f8306183d693af77ab2140b410afd/execute/async - {"script":"<script> [1562 bytes]","args":[{"selector":{"id":"application-managehandovers-display-component---AddNewHO--dueDate","interaction":{"idSuffix":"inner"}},"wdio_ui5_key":"applicationmanagehandovers-display-component---AddNewHO--dueDate"}]}
RESULT: {"script":"<script> [1562 bytes]","args":[{"selector":{"id":"application-managehandovers-display-component---AddNewHO--dueDate","interaction":{"idSuffix":"inner"}},"wdio_ui5_key":"applicationmanagehandovers-display-component---AddNewHO--dueDate"}]}
RESULT: undefined
COMMAND: POST /session/ba8f8306183d693af77ab2140b410afd/execute/async - {"script":"<script> [6424 bytes]","args":[{"element-6066-11e4-a52e-4f735466cecf":"f.389042B4FF7C30867E20C40CA0954A5B.d.A3E1C4DA11ABF9A0386AA88233436159.e.16552"},"setValue",["6/14/25"]]}
RESULT: {"script":"<script> [6424 bytes]","args":[{"element-6066-11e4-a52e-4f735466cecf":"f.389042B4FF7C30867E20C40CA0954A5B.d.A3E1C4DA11ABF9A0386AA88233436159.e.16552"},"setValue",["6/14/25"]]}
COMMAND: POST /session/ba8f8306183d693af77ab2140b410afd/element - {"using":"xpath","value":"//input[@id=\"generalSectionFrg--receiveYard-inner\"]"}
RESULT: {"using":"xpath","value":"//input[@id=\"generalSectionFrg--receiveYard-inner\"]"}
COMMAND: POST /session/ba8f8306183d693af77ab2140b410afd/element/f.389042B4FF7C30867E20C40CA0954A5B.d.A3E1C4DA11ABF9A0386AA88233436159.e.16558/clear - {}
RESULT: {}
COMMAND: POST /session/ba8f8306183d693af77ab2140b410afd/element/f.389042B4FF7C30867E20C40CA0954A5B.d.A3E1C4DA11ABF9A0386AA88233436159.e.16558/value - {"text":"273"}
COMMAND: GET /session/ba8f8306183d693af77ab2140b410afd/screenshot - {}
RESULT: {"text":"273"}
COMMAND: GET /session/ba8f8306183d693af77ab2140b410afd/screenshot - {}
RESULT: {}
RESULT: {}
COMMAND: POST /session/ba8f8306183d693af77ab2140b410afd/element - {"using":"xpath","value":"//li[.//span[contains(normalize-space(.), '273 -')]]"}
RESULT: {"using":"xpath","value":"//li[.//span[contains(normalize-space(.), '273 -')]]"}
COMMAND: POST /session/ba8f8306183d693af77ab2140b410afd/element/f.389042B4FF7C30867E20C40CA0954A5B.d.A3E1C4DA11ABF9A0386AA88233436159.e.16574/click - {}
RESULT: {}
COMMAND: GET /session/ba8f8306183d693af77ab2140b410afd/screenshot - {}
RESULT: {}
COMMAND: POST /session/ba8f8306183d693af77ab2140b410afd/execute/async - {"script":"<script> [1562 bytes]","args":[{"selector":{"id":"application-managehandovers-display-component---AddNewHO--ObjectPageLayout-anchBar-application-managehandovers-display-component---AddNewHO--section4-anchor","interaction":{"idSuffix":"BDI-content"}},"wdio_ui5_key":"applicationmanagehandovers-display-component---AddNewHO--ObjectPageLayout-anchBar-application-managehandovers-display-component---AddNewHO--section4-anchor"}]}
RESULT: {"script":"<script> [1562 bytes]","args":[{"selector":{"id":"application-managehandovers-display-component---AddNewHO--ObjectPageLayout-anchBar-application-managehandovers-display-component---AddNewHO--section4-anchor","interaction":{"idSuffix":"BDI-content"}},"wdio_ui5_key":"applicationmanagehandovers-display-component---AddNewHO--ObjectPageLayout-anchBar-application-managehandovers-display-component---AddNewHO--section4-anchor"}]}
RESULT: undefined
COMMAND: POST /session/ba8f8306183d693af77ab2140b410afd/element - {"using":"xpath","value":"//*[@id=\"application-managehandovers-display-component---AddNewHO--ObjectPageLayout-anchBar-application-managehandovers-display-component---AddNewHO--section4-anchor\"]"}
RESULT: {"using":"xpath","value":"//*[@id=\"application-managehandovers-display-component---AddNewHO--ObjectPageLayout-anchBar-application-managehandovers-display-component---AddNewHO--section4-anchor\"]"}
COMMAND: POST /session/ba8f8306183d693af77ab2140b410afd/element/f.389042B4FF7C30867E20C40CA0954A5B.d.A3E1C4DA11ABF9A0386AA88233436159.e.16576/click - {}
RESULT: {}
COMMAND: GET /session/ba8f8306183d693af77ab2140b410afd/screenshot - {}
RESULT: {}
COMMAND: POST /session/ba8f8306183d693af77ab2140b410afd/element - {"using":"xpath","value":"//button[@aria-label=\"Add\"]"}
RESULT: {"using":"xpath","value":"//button[@aria-label=\"Add\"]"}
COMMAND: POST /session/ba8f8306183d693af77ab2140b410afd/element/f.389042B4FF7C30867E20C40CA0954A5B.d.A3E1C4DA11ABF9A0386AA88233436159.e.16580/click - {}
RESULT: {}
COMMAND: GET /session/ba8f8306183d693af77ab2140b410afd/screenshot - {}
RESULT: {}
COMMAND: POST /session/ba8f8306183d693af77ab2140b410afd/execute/async - {"script":"<script> [1562 bytes]","args":[{"selector":{"id":"application-managehandovers-display-component---AddNewHO--smartFilterBar-btnBasicSearch","searchOpenDialogs":true,"interaction":{"idSuffix":"I"}},"wdio_ui5_key":"applicationmanagehandovers-display-component---AddNewHO--smartFilterBar-btnBasicSearch"}]}
RESULT: {"script":"<script> [1562 bytes]","args":[{"selector":{"id":"application-managehandovers-display-component---AddNewHO--smartFilterBar-btnBasicSearch","searchOpenDialogs":true,"interaction":{"idSuffix":"I"}},"wdio_ui5_key":"applicationmanagehandovers-display-component---AddNewHO--smartFilterBar-btnBasicSearch"}]}
RESULT: undefined
COMMAND: POST /session/ba8f8306183d693af77ab2140b410afd/execute/async - {"script":"<script> [776 bytes]","args":[{"enterText":"zhwrGIc5PP","selector":{"id":"application-managehandovers-display-component---AddNewHO--smartFilterBar-btnBasicSearch","searchOpenDialogs":true,"interaction":{"idSuffix":"I"}},"clearTextFirst":true,"interactionType":"ENTER_TEXT"}]}
RESULT: {"script":"<script> [776 bytes]","args":[{"enterText":"zhwrGIc5PP","selector":{"id":"application-managehandovers-display-component---AddNewHO--smartFilterBar-btnBasicSearch","searchOpenDialogs":true,"interaction":{"idSuffix":"I"}},"clearTextFirst":true,"interactionType":"ENTER_TEXT"}]}
COMMAND: POST /session/ba8f8306183d693af77ab2140b410afd/actions - {"actions":[{"id":"action54","type":"key","parameters":{},"actions":[{"type":"keyDown","value":""},{"type":"pause","duration":10},{"type":"keyUp","value":""}]}]}
RESULT: {"actions":[{"id":"action54","type":"key","parameters":{},"actions":[{"type":"keyDown","value":""},{"type":"pause","duration":10},{"type":"keyUp","value":""}]}]}
COMMAND: GET /session/ba8f8306183d693af77ab2140b410afd/screenshot - {}
RESULT: {}
COMMAND: POST /session/ba8f8306183d693af77ab2140b410afd/execute/async - {"script":"<script> [1562 bytes]","args":[{"selector":{"id":"application-managehandovers-display-component---AddNewHO--popup-sa","searchOpenDialogs":true,"interaction":{"idSuffix":"CbBg"}},"wdio_ui5_key":"applicationmanagehandovers-display-component---AddNewHO--popup-sa"}]}
RESULT: {"script":"<script> [1562 bytes]","args":[{"selector":{"id":"application-managehandovers-display-component---AddNewHO--popup-sa","searchOpenDialogs":true,"interaction":{"idSuffix":"CbBg"}},"wdio_ui5_key":"applicationmanagehandovers-display-component---AddNewHO--popup-sa"}]}
RESULT: undefined
COMMAND: POST /session/ba8f8306183d693af77ab2140b410afd/element - {"using":"xpath","value":"//*[@id=\"application-managehandovers-display-component---AddNewHO--popup-sa\"]"}
RESULT: {"using":"xpath","value":"//*[@id=\"application-managehandovers-display-component---AddNewHO--popup-sa\"]"}
COMMAND: POST /session/ba8f8306183d693af77ab2140b410afd/element/f.389042B4FF7C30867E20C40CA0954A5B.d.A3E1C4DA11ABF9A0386AA88233436159.e.16732/click - {}
RESULT: {}
COMMAND: GET /session/ba8f8306183d693af77ab2140b410afd/screenshot - {}
RESULT: {}
COMMAND: POST /session/ba8f8306183d693af77ab2140b410afd/element - {"using":"xpath","value":"//bdi[contains(text(), \"Select\")]"}
RESULT: {"using":"xpath","value":"//bdi[contains(text(), \"Select\")]"}
COMMAND: POST /session/ba8f8306183d693af77ab2140b410afd/element/f.389042B4FF7C30867E20C40CA0954A5B.d.A3E1C4DA11ABF9A0386AA88233436159.e.16733/click - {}
RESULT: {}
COMMAND: GET /session/ba8f8306183d693af77ab2140b410afd/screenshot - {}
RESULT: {}
COMMAND: POST /session/ba8f8306183d693af77ab2140b410afd/element - {"using":"xpath","value":"//button[@data-kt=\"AddNewHOSaveButton\"]"}
RESULT: {"using":"xpath","value":"//button[@data-kt=\"AddNewHOSaveButton\"]"}
COMMAND: POST /session/ba8f8306183d693af77ab2140b410afd/element/f.389042B4FF7C30867E20C40CA0954A5B.d.A3E1C4DA11ABF9A0386AA88233436159.e.16737/click - {}
RESULT: {}
COMMAND: GET /session/ba8f8306183d693af77ab2140b410afd/screenshot - {}
RESULT: {}
COMMAND: POST /session/ba8f8306183d693af77ab2140b410afd/execute/async - {"script":"<script> [1562 bytes]","args":[{"selector":{"id":"receiptDatePicker","viewName":"etm.portal.ui.managehandovers.view.DetailExecuteHO","interaction":{"idSuffix":"inner"}},"wdio_ui5_key":"receiptDatePickeretmportal.ui.managehandovers.view.DetailExecuteHO"}]}
RESULT: {"script":"<script> [1562 bytes]","args":[{"selector":{"id":"receiptDatePicker","viewName":"etm.portal.ui.managehandovers.view.DetailExecuteHO","interaction":{"idSuffix":"inner"}},"wdio_ui5_key":"receiptDatePickeretmportal.ui.managehandovers.view.DetailExecuteHO"}]}
RESULT: undefined
COMMAND: POST /session/ba8f8306183d693af77ab2140b410afd/execute/async - {"script":"<script> [6424 bytes]","args":[{"element-6066-11e4-a52e-4f735466cecf":"f.389042B4FF7C30867E20C40CA0954A5B.d.A3E1C4DA11ABF9A0386AA88233436159.e.16766"},"setValue",["6/14/25"]]}
RESULT: {"script":"<script> [6424 bytes]","args":[{"element-6066-11e4-a52e-4f735466cecf":"f.389042B4FF7C30867E20C40CA0954A5B.d.A3E1C4DA11ABF9A0386AA88233436159.e.16766"},"setValue",["6/14/25"]]}
COMMAND: POST /session/ba8f8306183d693af77ab2140b410afd/element - {"using":"xpath","value":"//button[@data-kt=\"ReceivingTableConfirmAllButton\"]"}
RESULT: {"using":"xpath","value":"//button[@data-kt=\"ReceivingTableConfirmAllButton\"]"}
COMMAND: POST /session/ba8f8306183d693af77ab2140b410afd/element/f.389042B4FF7C30867E20C40CA0954A5B.d.A3E1C4DA11ABF9A0386AA88233436159.e.16780/click - {}
RESULT: {}
COMMAND: GET /session/ba8f8306183d693af77ab2140b410afd/screenshot - {}
RESULT: {}
COMMAND: POST /session/ba8f8306183d693af77ab2140b410afd/element - {"using":"xpath","value":"//bdi[contains(text(), \"OK\")]"}
RESULT: {"using":"xpath","value":"//bdi[contains(text(), \"OK\")]"}
COMMAND: POST /session/ba8f8306183d693af77ab2140b410afd/element/f.389042B4FF7C30867E20C40CA0954A5B.d.A3E1C4DA11ABF9A0386AA88233436159.e.16782/click - {}
RESULT: {}
COMMAND: GET /session/ba8f8306183d693af77ab2140b410afd/screenshot - {}
RESULT: {}
COMMAND: POST /session/ba8f8306183d693af77ab2140b410afd/element - {"using":"xpath","value":"(//bdi[contains(text(), \"Receive\")])[2]"}
RESULT: {"using":"xpath","value":"(//bdi[contains(text(), \"Receive\")])[2]"}
COMMAND: POST /session/ba8f8306183d693af77ab2140b410afd/element/f.389042B4FF7C30867E20C40CA0954A5B.d.A3E1C4DA11ABF9A0386AA88233436159.e.16784/click - {}
RESULT: {}
COMMAND: GET /session/ba8f8306183d693af77ab2140b410afd/screenshot - {}
RESULT: {}
COMMAND: POST /session/ba8f8306183d693af77ab2140b410afd/element - {"using":"css selector","value":"#shell-header-logo"}
RESULT: {"using":"css selector","value":"#shell-header-logo"}
COMMAND: POST /session/ba8f8306183d693af77ab2140b410afd/element/f.389042B4FF7C30867E20C40CA0954A5B.d.A3E1C4DA11ABF9A0386AA88233436159.e.16175/click - {}
RESULT: {}
COMMAND: GET /session/ba8f8306183d693af77ab2140b410afd/screenshot - {}
RESULT: {}
]]></system-out>
    </testcase>
    <testcase classname="chrome.137_0_7151_69.windows.Billing_transfer_US117289" name="Should create a new contract" time="73.329">
      <system-out><![CDATA[
COMMAND: POST /session/ba8f8306183d693af77ab2140b410afd/execute/async - {"script":"<script> [1562 bytes]","args":[{"selector":{"controlType":"sap.m.GenericTile","properties":{"header":"Manage Contracts"}},"wdio_ui5_key":"sapm.GenericTile{\"header\":\"Manage Contracts\"}"}]}
RESULT: {"script":"<script> [1562 bytes]","args":[{"selector":{"controlType":"sap.m.GenericTile","properties":{"header":"Manage Contracts"}},"wdio_ui5_key":"sapm.GenericTile{\"header\":\"Manage Contracts\"}"}]}
RESULT: undefined
COMMAND: POST /session/ba8f8306183d693af77ab2140b410afd/element - {"using":"xpath","value":"//*[@id=\"__tile132\"]"}
RESULT: {"using":"xpath","value":"//*[@id=\"__tile132\"]"}
COMMAND: POST /session/ba8f8306183d693af77ab2140b410afd/element/f.389042B4FF7C30867E20C40CA0954A5B.d.A3E1C4DA11ABF9A0386AA88233436159.e.14925/click - {}
RESULT: {}
COMMAND: GET /session/ba8f8306183d693af77ab2140b410afd/screenshot - {}
RESULT: {}
COMMAND: POST /session/ba8f8306183d693af77ab2140b410afd/elements - {"using":"xpath","value":"//span[text()='Error']"}
RESULT: {"using":"xpath","value":"//span[text()='Error']"}
COMMAND: POST /session/ba8f8306183d693af77ab2140b410afd/element - {"using":"xpath","value":"//button[@data-kt=\"addButton\"]"}
RESULT: {"using":"xpath","value":"//button[@data-kt=\"addButton\"]"}
COMMAND: POST /session/ba8f8306183d693af77ab2140b410afd/elements - {"using":"xpath","value":"//button[@data-kt=\"addButton\"]"}
RESULT: {"using":"xpath","value":"//button[@data-kt=\"addButton\"]"}
COMMAND: POST /session/ba8f8306183d693af77ab2140b410afd/execute/sync - {"script":"<script> [8489 bytes]","args":[{"element-6066-11e4-a52e-4f735466cecf":"f.389042B4FF7C30867E20C40CA0954A5B.d.A3E1C4DA11ABF9A0386AA88233436159.e.17005","ELEMENT":"f.389042B4FF7C30867E20C40CA0954A5B.d.A3E1C4DA11ABF9A0386AA88233436159.e.17005"}]}
RESULT: {"script":"<script> [8489 bytes]","args":[{"element-6066-11e4-a52e-4f735466cecf":"f.389042B4FF7C30867E20C40CA0954A5B.d.A3E1C4DA11ABF9A0386AA88233436159.e.17005","ELEMENT":"f.389042B4FF7C30867E20C40CA0954A5B.d.A3E1C4DA11ABF9A0386AA88233436159.e.17005"}]}
COMMAND: GET /session/ba8f8306183d693af77ab2140b410afd/element/f.389042B4FF7C30867E20C40CA0954A5B.d.A3E1C4DA11ABF9A0386AA88233436159.e.17005/enabled - {}
COMMAND: GET /session/ba8f8306183d693af77ab2140b410afd/screenshot - {}
RESULT: {}
COMMAND: POST /session/ba8f8306183d693af77ab2140b410afd/execute/sync - {"script":"<script> [8489 bytes]","args":[{"element-6066-11e4-a52e-4f735466cecf":"f.389042B4FF7C30867E20C40CA0954A5B.d.A3E1C4DA11ABF9A0386AA88233436159.e.17005","ELEMENT":"f.389042B4FF7C30867E20C40CA0954A5B.d.A3E1C4DA11ABF9A0386AA88233436159.e.17005"}]}
COMMAND: GET /session/ba8f8306183d693af77ab2140b410afd/screenshot - {}
RESULT: {}
RESULT: {"script":"<script> [8489 bytes]","args":[{"element-6066-11e4-a52e-4f735466cecf":"f.389042B4FF7C30867E20C40CA0954A5B.d.A3E1C4DA11ABF9A0386AA88233436159.e.17005","ELEMENT":"f.389042B4FF7C30867E20C40CA0954A5B.d.A3E1C4DA11ABF9A0386AA88233436159.e.17005"}]}
COMMAND: POST /session/ba8f8306183d693af77ab2140b410afd/execute/sync - {"script":"<script> [5351 bytes]","args":[{"element-6066-11e4-a52e-4f735466cecf":"f.389042B4FF7C30867E20C40CA0954A5B.d.A3E1C4DA11ABF9A0386AA88233436159.e.17005","ELEMENT":"f.389042B4FF7C30867E20C40CA0954A5B.d.A3E1C4DA11ABF9A0386AA88233436159.e.17005"}]}
COMMAND: GET /session/ba8f8306183d693af77ab2140b410afd/screenshot - {}
RESULT: {}
RESULT: {"script":"<script> [5351 bytes]","args":[{"element-6066-11e4-a52e-4f735466cecf":"f.389042B4FF7C30867E20C40CA0954A5B.d.A3E1C4DA11ABF9A0386AA88233436159.e.17005","ELEMENT":"f.389042B4FF7C30867E20C40CA0954A5B.d.A3E1C4DA11ABF9A0386AA88233436159.e.17005"}]}
COMMAND: GET /session/ba8f8306183d693af77ab2140b410afd/screenshot - {}
RESULT: {}
RESULT: {}
COMMAND: POST /session/ba8f8306183d693af77ab2140b410afd/element/f.389042B4FF7C30867E20C40CA0954A5B.d.A3E1C4DA11ABF9A0386AA88233436159.e.17005/click - {}
RESULT: {}
COMMAND: GET /session/ba8f8306183d693af77ab2140b410afd/screenshot - {}
COMMAND: POST /session/ba8f8306183d693af77ab2140b410afd/execute/async - {"script":"<script> [1562 bytes]","args":[{"selector":{"id":"application-managecontracts-display-component---AddNewContract--projectDescription","interaction":{"idSuffix":"inner"}},"wdio_ui5_key":"applicationmanagecontracts-display-component---AddNewContract--projectDescription"}]}
RESULT: {}
RESULT: {"script":"<script> [1562 bytes]","args":[{"selector":{"id":"application-managecontracts-display-component---AddNewContract--projectDescription","interaction":{"idSuffix":"inner"}},"wdio_ui5_key":"applicationmanagecontracts-display-component---AddNewContract--projectDescription"}]}
RESULT: undefined
COMMAND: POST /session/ba8f8306183d693af77ab2140b410afd/execute/async - {"script":"<script> [776 bytes]","args":[{"enterText":"Contract WDIO","selector":{"id":"application-managecontracts-display-component---AddNewContract--projectDescription","interaction":{"idSuffix":"inner"}},"clearTextFirst":true,"interactionType":"ENTER_TEXT"}]}
RESULT: {"script":"<script> [776 bytes]","args":[{"enterText":"Contract WDIO","selector":{"id":"application-managecontracts-display-component---AddNewContract--projectDescription","interaction":{"idSuffix":"inner"}},"clearTextFirst":true,"interactionType":"ENTER_TEXT"}]}
COMMAND: POST /session/ba8f8306183d693af77ab2140b410afd/element - {"using":"xpath","value":"//input[@id=\"application-managecontracts-display-component---AddNewContract--site-inner\"]"}
RESULT: {"using":"xpath","value":"//input[@id=\"application-managecontracts-display-component---AddNewContract--site-inner\"]"}
COMMAND: POST /session/ba8f8306183d693af77ab2140b410afd/element/f.389042B4FF7C30867E20C40CA0954A5B.d.A3E1C4DA11ABF9A0386AA88233436159.e.17324/clear - {}
RESULT: {}
COMMAND: POST /session/ba8f8306183d693af77ab2140b410afd/element/f.389042B4FF7C30867E20C40CA0954A5B.d.A3E1C4DA11ABF9A0386AA88233436159.e.17324/value - {"text":"2110"}
COMMAND: GET /session/ba8f8306183d693af77ab2140b410afd/screenshot - {}
RESULT: {"text":"2110"}
COMMAND: GET /session/ba8f8306183d693af77ab2140b410afd/screenshot - {}
RESULT: {}
RESULT: {}
COMMAND: POST /session/ba8f8306183d693af77ab2140b410afd/element - {"using":"xpath","value":"//li[.//span[text()='2110']]"}
RESULT: {"using":"xpath","value":"//li[.//span[text()='2110']]"}
COMMAND: POST /session/ba8f8306183d693af77ab2140b410afd/element/f.389042B4FF7C30867E20C40CA0954A5B.d.A3E1C4DA11ABF9A0386AA88233436159.e.17406/click - {}
RESULT: {}
COMMAND: GET /session/ba8f8306183d693af77ab2140b410afd/screenshot - {}
RESULT: {}
COMMAND: POST /session/ba8f8306183d693af77ab2140b410afd/element - {"using":"xpath","value":"//input[@id=\"application-managecontracts-display-component---AddNewContract--yardId-inner\"]"}
RESULT: {"using":"xpath","value":"//input[@id=\"application-managecontracts-display-component---AddNewContract--yardId-inner\"]"}
COMMAND: GET /session/ba8f8306183d693af77ab2140b410afd/element/f.389042B4FF7C30867E20C40CA0954A5B.d.A3E1C4DA11ABF9A0386AA88233436159.e.17325/property/value - {}
RESULT: {}
COMMAND: POST /session/ba8f8306183d693af77ab2140b410afd/element - {"using":"xpath","value":"//input[@id=\"application-managecontracts-display-component---AddNewContract--customerSelect-inner\"]"}
COMMAND: GET /session/ba8f8306183d693af77ab2140b410afd/screenshot - {}
RESULT: {"using":"xpath","value":"//input[@id=\"application-managecontracts-display-component---AddNewContract--customerSelect-inner\"]"}
COMMAND: POST /session/ba8f8306183d693af77ab2140b410afd/element/f.389042B4FF7C30867E20C40CA0954A5B.d.A3E1C4DA11ABF9A0386AA88233436159.e.17323/clear - {}
RESULT: {}
RESULT: {}
COMMAND: POST /session/ba8f8306183d693af77ab2140b410afd/element/f.389042B4FF7C30867E20C40CA0954A5B.d.A3E1C4DA11ABF9A0386AA88233436159.e.17323/value - {"text":"1122"}
COMMAND: GET /session/ba8f8306183d693af77ab2140b410afd/screenshot - {}
RESULT: {"text":"1122"}
COMMAND: GET /session/ba8f8306183d693af77ab2140b410afd/screenshot - {}
RESULT: {}
RESULT: {}
COMMAND: POST /session/ba8f8306183d693af77ab2140b410afd/element - {"using":"xpath","value":"//li[.//span[text()='1122']]"}
RESULT: {"using":"xpath","value":"//li[.//span[text()='1122']]"}
COMMAND: POST /session/ba8f8306183d693af77ab2140b410afd/element/f.389042B4FF7C30867E20C40CA0954A5B.d.A3E1C4DA11ABF9A0386AA88233436159.e.17409/click - {}
RESULT: {}
COMMAND: GET /session/ba8f8306183d693af77ab2140b410afd/screenshot - {}
RESULT: {}
COMMAND: POST /session/ba8f8306183d693af77ab2140b410afd/element - {"using":"xpath","value":"//button[@data-kt=\"saveButton\"]"}
RESULT: {"using":"xpath","value":"//button[@data-kt=\"saveButton\"]"}
COMMAND: POST /session/ba8f8306183d693af77ab2140b410afd/element/f.389042B4FF7C30867E20C40CA0954A5B.d.A3E1C4DA11ABF9A0386AA88233436159.e.17399/click - {}
RESULT: {}
COMMAND: GET /session/ba8f8306183d693af77ab2140b410afd/screenshot - {}
RESULT: {}
COMMAND: POST /session/ba8f8306183d693af77ab2140b410afd/element - {"using":"xpath","value":"//span[contains(@id ,\"contractDetailTitleNoExpanded\")]"}
RESULT: {"using":"xpath","value":"//span[contains(@id ,\"contractDetailTitleNoExpanded\")]"}
COMMAND: POST /session/ba8f8306183d693af77ab2140b410afd/elements - {"using":"xpath","value":"//span[contains(@id ,\"contractDetailTitleNoExpanded\")]"}
RESULT: {"using":"xpath","value":"//span[contains(@id ,\"contractDetailTitleNoExpanded\")]"}
COMMAND: POST /session/ba8f8306183d693af77ab2140b410afd/execute/sync - {"script":"<script> [56 bytes]","args":[{"element-6066-11e4-a52e-4f735466cecf":"f.389042B4FF7C30867E20C40CA0954A5B.d.A3E1C4DA11ABF9A0386AA88233436159.e.17423","ELEMENT":"f.389042B4FF7C30867E20C40CA0954A5B.d.A3E1C4DA11ABF9A0386AA88233436159.e.17423"}]}
RESULT: {"script":"<script> [56 bytes]","args":[{"element-6066-11e4-a52e-4f735466cecf":"f.389042B4FF7C30867E20C40CA0954A5B.d.A3E1C4DA11ABF9A0386AA88233436159.e.17423","ELEMENT":"f.389042B4FF7C30867E20C40CA0954A5B.d.A3E1C4DA11ABF9A0386AA88233436159.e.17423"}]}
COMMAND: GET /session/ba8f8306183d693af77ab2140b410afd/screenshot - {}
RESULT: {}
]]></system-out>
    </testcase>
    <testcase classname="chrome.137_0_7151_69.windows.Billing_transfer_US117289" name="Should add created equipment to contract" time="46.467">
      <system-out><![CDATA[
COMMAND: POST /session/ba8f8306183d693af77ab2140b410afd/element - {"using":"xpath","value":"//button[@data-kt=\"contractDetailEditBtnButton\"]"}
RESULT: {"using":"xpath","value":"//button[@data-kt=\"contractDetailEditBtnButton\"]"}
COMMAND: POST /session/ba8f8306183d693af77ab2140b410afd/element/f.389042B4FF7C30867E20C40CA0954A5B.d.A3E1C4DA11ABF9A0386AA88233436159.e.17426/click - {}
RESULT: {}
COMMAND: GET /session/ba8f8306183d693af77ab2140b410afd/screenshot - {}
RESULT: {}
COMMAND: POST /session/ba8f8306183d693af77ab2140b410afd/element - {"using":"xpath","value":"(//span[contains(text(), \"Additional Addresses\")])[2]"}
RESULT: {"using":"xpath","value":"(//span[contains(text(), \"Additional Addresses\")])[2]"}
COMMAND: POST /session/ba8f8306183d693af77ab2140b410afd/element/f.389042B4FF7C30867E20C40CA0954A5B.d.A3E1C4DA11ABF9A0386AA88233436159.e.17482/click - {}
RESULT: {}
COMMAND: GET /session/ba8f8306183d693af77ab2140b410afd/screenshot - {}
RESULT: {}
COMMAND: POST /session/ba8f8306183d693af77ab2140b410afd/element - {"using":"xpath","value":"//button[@data-kt=\"btnAddTableRowOverflowToolbarButton\"]"}
RESULT: {"using":"xpath","value":"//button[@data-kt=\"btnAddTableRowOverflowToolbarButton\"]"}
COMMAND: POST /session/ba8f8306183d693af77ab2140b410afd/element/f.389042B4FF7C30867E20C40CA0954A5B.d.A3E1C4DA11ABF9A0386AA88233436159.e.17485/click - {}
RESULT: {}
COMMAND: GET /session/ba8f8306183d693af77ab2140b410afd/screenshot - {}
RESULT: {}
COMMAND: POST /session/ba8f8306183d693af77ab2140b410afd/element - {"using":"xpath","value":"//div[(text() = 'Standard Entry' or . = 'Standard Entry')]"}
RESULT: {"using":"xpath","value":"//div[(text() = 'Standard Entry' or . = 'Standard Entry')]"}
COMMAND: POST /session/ba8f8306183d693af77ab2140b410afd/element/f.389042B4FF7C30867E20C40CA0954A5B.d.A3E1C4DA11ABF9A0386AA88233436159.e.17487/click - {}
RESULT: {}
COMMAND: GET /session/ba8f8306183d693af77ab2140b410afd/screenshot - {}
RESULT: {}
COMMAND: POST /session/ba8f8306183d693af77ab2140b410afd/element - {"using":"xpath","value":"//td[7]/div/div/input"}
RESULT: {"using":"xpath","value":"//td[7]/div/div/input"}
COMMAND: POST /session/ba8f8306183d693af77ab2140b410afd/element/f.389042B4FF7C30867E20C40CA0954A5B.d.A3E1C4DA11ABF9A0386AA88233436159.e.17496/clear - {}
RESULT: {}
COMMAND: POST /session/ba8f8306183d693af77ab2140b410afd/element/f.389042B4FF7C30867E20C40CA0954A5B.d.A3E1C4DA11ABF9A0386AA88233436159.e.17496/value - {"text":"zhwrGIc5PP"}
COMMAND: GET /session/ba8f8306183d693af77ab2140b410afd/screenshot - {}
RESULT: {"text":"zhwrGIc5PP"}
COMMAND: GET /session/ba8f8306183d693af77ab2140b410afd/screenshot - {}
RESULT: {}
RESULT: {}
COMMAND: POST /session/ba8f8306183d693af77ab2140b410afd/actions - {"actions":[{"id":"action55","type":"key","parameters":{},"actions":[{"type":"keyDown","value":""},{"type":"pause","duration":10},{"type":"keyUp","value":""}]}]}
RESULT: {"actions":[{"id":"action55","type":"key","parameters":{},"actions":[{"type":"keyDown","value":""},{"type":"pause","duration":10},{"type":"keyUp","value":""}]}]}
COMMAND: GET /session/ba8f8306183d693af77ab2140b410afd/screenshot - {}
RESULT: {}
COMMAND: POST /session/ba8f8306183d693af77ab2140b410afd/execute/sync - {"script":"<script> [276 bytes]","args":["No pricing information was found"]}
RESULT: {"script":"<script> [276 bytes]","args":["No pricing information was found"]}
COMMAND: POST /session/ba8f8306183d693af77ab2140b410afd/element - {"using":"xpath","value":"(//button[@data-kt=\"saveButton\"])[2]"}
COMMAND: GET /session/ba8f8306183d693af77ab2140b410afd/screenshot - {}
RESULT: {"using":"xpath","value":"(//button[@data-kt=\"saveButton\"])[2]"}
COMMAND: POST /session/ba8f8306183d693af77ab2140b410afd/element/f.389042B4FF7C30867E20C40CA0954A5B.d.A3E1C4DA11ABF9A0386AA88233436159.e.17511/click - {}
RESULT: {}
RESULT: {}
COMMAND: GET /session/ba8f8306183d693af77ab2140b410afd/screenshot - {}
RESULT: {}
COMMAND: POST /session/ba8f8306183d693af77ab2140b410afd/execute/sync - {"script":"<script> [276 bytes]","args":["Some contract items are having rental validity exceeding header rental validity"]}
RESULT: {"script":"<script> [276 bytes]","args":["Some contract items are having rental validity exceeding header rental validity"]}
COMMAND: GET /session/ba8f8306183d693af77ab2140b410afd/screenshot - {}
RESULT: {}
COMMAND: POST /session/ba8f8306183d693af77ab2140b410afd/element - {"using":"xpath","value":"//span[contains(@id ,\"contractItemsSmartTable-header-inner\")]"}
RESULT: {"using":"xpath","value":"//span[contains(@id ,\"contractItemsSmartTable-header-inner\")]"}
COMMAND: POST /session/ba8f8306183d693af77ab2140b410afd/elements - {"using":"xpath","value":"//span[contains(@id ,\"contractItemsSmartTable-header-inner\")]"}
RESULT: {"using":"xpath","value":"//span[contains(@id ,\"contractItemsSmartTable-header-inner\")]"}
COMMAND: POST /session/ba8f8306183d693af77ab2140b410afd/execute/sync - {"script":"<script> [56 bytes]","args":[{"element-6066-11e4-a52e-4f735466cecf":"f.389042B4FF7C30867E20C40CA0954A5B.d.A3E1C4DA11ABF9A0386AA88233436159.e.17517","ELEMENT":"f.389042B4FF7C30867E20C40CA0954A5B.d.A3E1C4DA11ABF9A0386AA88233436159.e.17517"}]}
RESULT: {"script":"<script> [56 bytes]","args":[{"element-6066-11e4-a52e-4f735466cecf":"f.389042B4FF7C30867E20C40CA0954A5B.d.A3E1C4DA11ABF9A0386AA88233436159.e.17517","ELEMENT":"f.389042B4FF7C30867E20C40CA0954A5B.d.A3E1C4DA11ABF9A0386AA88233436159.e.17517"}]}
]]></system-out>
    </testcase>
    <testcase classname="chrome.137_0_7151_69.windows.Billing_transfer_US117289" name="Should do a provide to site handover" time="68.193">
      <system-out><![CDATA[
COMMAND: POST /session/ba8f8306183d693af77ab2140b410afd/element - {"using":"xpath","value":"//button[@data-kt=\"provideButton\"]"}
COMMAND: GET /session/ba8f8306183d693af77ab2140b410afd/screenshot - {}
RESULT: {"using":"xpath","value":"//button[@data-kt=\"provideButton\"]"}
COMMAND: POST /session/ba8f8306183d693af77ab2140b410afd/element/f.389042B4FF7C30867E20C40CA0954A5B.d.A3E1C4DA11ABF9A0386AA88233436159.e.17518/click - {}
RESULT: {}
RESULT: {}
COMMAND: GET /session/ba8f8306183d693af77ab2140b410afd/screenshot - {}
RESULT: {}
RESULT: undefined
COMMAND: POST /session/ba8f8306183d693af77ab2140b410afd/execute/async - {"script":"<script> [6424 bytes]","args":[{"element-6066-11e4-a52e-4f735466cecf":"f.389042B4FF7C30867E20C40CA0954A5B.d.A3E1C4DA11ABF9A0386AA88233436159.e.16552"},"setValue",["6/14/25"]]}
COMMAND: POST /session/ba8f8306183d693af77ab2140b410afd/execute/async - {"script":"<script> [1562 bytes]","args":[{"selector":{"id":"application-managehandovers-display-component---AddNewHO--dueDate","interaction":{"idSuffix":"inner"}},"wdio_ui5_key":"applicationmanagehandovers-display-component---AddNewHO--dueDate"}]}
RESULT: {"script":"<script> [1562 bytes]","args":[{"selector":{"id":"application-managehandovers-display-component---AddNewHO--dueDate","interaction":{"idSuffix":"inner"}},"wdio_ui5_key":"applicationmanagehandovers-display-component---AddNewHO--dueDate"}]}
COMMAND: POST /session/ba8f8306183d693af77ab2140b410afd/execute/async - {"script":"<script> [6424 bytes]","args":[{"element-6066-11e4-a52e-4f735466cecf":"f.389042B4FF7C30867E20C40CA0954A5B.d.A3E1C4DA11ABF9A0386AA88233436159.e.17592"},"setValue",["6/14/25"]]}
RESULT: {"script":"<script> [6424 bytes]","args":[{"element-6066-11e4-a52e-4f735466cecf":"f.389042B4FF7C30867E20C40CA0954A5B.d.A3E1C4DA11ABF9A0386AA88233436159.e.17592"},"setValue",["6/14/25"]]}
COMMAND: POST /session/ba8f8306183d693af77ab2140b410afd/element - {"using":"xpath","value":"//bdi[contains(text(), \"Instructions\")]"}
RESULT: {"using":"xpath","value":"//bdi[contains(text(), \"Instructions\")]"}
COMMAND: POST /session/ba8f8306183d693af77ab2140b410afd/element/f.389042B4FF7C30867E20C40CA0954A5B.d.A3E1C4DA11ABF9A0386AA88233436159.e.17858/click - {}
RESULT: {}
COMMAND: GET /session/ba8f8306183d693af77ab2140b410afd/screenshot - {}
RESULT: {}
COMMAND: POST /session/ba8f8306183d693af77ab2140b410afd/element - {"using":"xpath","value":"//button[@data-kt=\"AddNewHOProvideAddItemsButton\"]"}
RESULT: {"using":"xpath","value":"//button[@data-kt=\"AddNewHOProvideAddItemsButton\"]"}
COMMAND: POST /session/ba8f8306183d693af77ab2140b410afd/element/f.389042B4FF7C30867E20C40CA0954A5B.d.A3E1C4DA11ABF9A0386AA88233436159.e.17862/click - {}
RESULT: {}
COMMAND: GET /session/ba8f8306183d693af77ab2140b410afd/screenshot - {}
RESULT: {}
RESULT: undefined
COMMAND: POST /session/ba8f8306183d693af77ab2140b410afd/element - {"using":"xpath","value":"//*[@id=\"application-managehandovers-display-component---AddNewHO--popup-sa\"]"}
RESULT: {"using":"xpath","value":"//*[@id=\"application-managehandovers-display-component---AddNewHO--popup-sa\"]"}
COMMAND: POST /session/ba8f8306183d693af77ab2140b410afd/element/f.389042B4FF7C30867E20C40CA0954A5B.d.A3E1C4DA11ABF9A0386AA88233436159.e.17867/click - {}
RESULT: {}
COMMAND: GET /session/ba8f8306183d693af77ab2140b410afd/screenshot - {}
RESULT: {}
COMMAND: POST /session/ba8f8306183d693af77ab2140b410afd/element - {"using":"xpath","value":"//*[contains(@id ,\"BDI-content\")][contains(text(), \"Select\")]"}
RESULT: {"using":"xpath","value":"//*[contains(@id ,\"BDI-content\")][contains(text(), \"Select\")]"}
COMMAND: POST /session/ba8f8306183d693af77ab2140b410afd/element/f.389042B4FF7C30867E20C40CA0954A5B.d.A3E1C4DA11ABF9A0386AA88233436159.e.17868/click - {}
RESULT: {}
COMMAND: GET /session/ba8f8306183d693af77ab2140b410afd/screenshot - {}
RESULT: {}
COMMAND: POST /session/ba8f8306183d693af77ab2140b410afd/execute/async - {"script":"<script> [1562 bytes]","args":[{"selector":{"id":"application-managehandovers-display-component---AddNewHO--confirmCreationButton","interaction":{"idSuffix":"BDI-content"}},"wdio_ui5_key":"applicationmanagehandovers-display-component---AddNewHO--confirmCreationButton"}]}
RESULT: {"script":"<script> [1562 bytes]","args":[{"selector":{"id":"application-managehandovers-display-component---AddNewHO--confirmCreationButton","interaction":{"idSuffix":"BDI-content"}},"wdio_ui5_key":"applicationmanagehandovers-display-component---AddNewHO--confirmCreationButton"}]}
RESULT: undefined
COMMAND: POST /session/ba8f8306183d693af77ab2140b410afd/element - {"using":"xpath","value":"//*[@id=\"application-managehandovers-display-component---AddNewHO--confirmCreationButton\"]"}
RESULT: {"using":"xpath","value":"//*[@id=\"application-managehandovers-display-component---AddNewHO--confirmCreationButton\"]"}
COMMAND: POST /session/ba8f8306183d693af77ab2140b410afd/element/f.389042B4FF7C30867E20C40CA0954A5B.d.A3E1C4DA11ABF9A0386AA88233436159.e.17642/click - {}
RESULT: {}
COMMAND: GET /session/ba8f8306183d693af77ab2140b410afd/screenshot - {}
RESULT: {}
COMMAND: POST /session/ba8f8306183d693af77ab2140b410afd/execute/async - {"script":"<script> [1562 bytes]","args":[{"selector":{"id":"issueDatePicker","viewName":"etm.portal.ui.managehandovers.view.DetailExecuteHO","interaction":{"idSuffix":"inner"}},"wdio_ui5_key":"issueDatePickeretmportal.ui.managehandovers.view.DetailExecuteHO"}]}
RESULT: {"script":"<script> [1562 bytes]","args":[{"selector":{"id":"issueDatePicker","viewName":"etm.portal.ui.managehandovers.view.DetailExecuteHO","interaction":{"idSuffix":"inner"}},"wdio_ui5_key":"issueDatePickeretmportal.ui.managehandovers.view.DetailExecuteHO"}]}
RESULT: undefined
COMMAND: POST /session/ba8f8306183d693af77ab2140b410afd/execute/async - {"script":"<script> [776 bytes]","args":[{"enterText":"6/14/25","selector":{"id":"issueDatePicker","viewName":"etm.portal.ui.managehandovers.view.DetailExecuteHO","interaction":{"idSuffix":"inner"}},"clearTextFirst":true,"interactionType":"ENTER_TEXT"}]}
RESULT: {"script":"<script> [776 bytes]","args":[{"enterText":"6/14/25","selector":{"id":"issueDatePicker","viewName":"etm.portal.ui.managehandovers.view.DetailExecuteHO","interaction":{"idSuffix":"inner"}},"clearTextFirst":true,"interactionType":"ENTER_TEXT"}]}
COMMAND: POST /session/ba8f8306183d693af77ab2140b410afd/element - {"using":"xpath","value":"//button[@data-kt=\"PickingTableConfirmAllButton\"]"}
RESULT: {"using":"xpath","value":"//button[@data-kt=\"PickingTableConfirmAllButton\"]"}
COMMAND: POST /session/ba8f8306183d693af77ab2140b410afd/element/f.389042B4FF7C30867E20C40CA0954A5B.d.A3E1C4DA11ABF9A0386AA88233436159.e.17931/click - {}
RESULT: {}
COMMAND: GET /session/ba8f8306183d693af77ab2140b410afd/screenshot - {}
RESULT: {}
COMMAND: POST /session/ba8f8306183d693af77ab2140b410afd/element - {"using":"xpath","value":"//bdi[contains(text(), \"OK\")]"}
RESULT: {"using":"xpath","value":"//bdi[contains(text(), \"OK\")]"}
COMMAND: POST /session/ba8f8306183d693af77ab2140b410afd/element/f.389042B4FF7C30867E20C40CA0954A5B.d.A3E1C4DA11ABF9A0386AA88233436159.e.17934/click - {}
RESULT: {}
COMMAND: GET /session/ba8f8306183d693af77ab2140b410afd/screenshot - {}
RESULT: {}
COMMAND: POST /session/ba8f8306183d693af77ab2140b410afd/element - {"using":"xpath","value":"//bdi[contains(text(), \"Issue\")]"}
RESULT: {"using":"xpath","value":"//bdi[contains(text(), \"Issue\")]"}
COMMAND: POST /session/ba8f8306183d693af77ab2140b410afd/element/f.389042B4FF7C30867E20C40CA0954A5B.d.A3E1C4DA11ABF9A0386AA88233436159.e.17936/click - {}
RESULT: {}
COMMAND: GET /session/ba8f8306183d693af77ab2140b410afd/screenshot - {}
RESULT: {}
COMMAND: POST /session/ba8f8306183d693af77ab2140b410afd/element - {"using":"css selector","value":"#shell-header-logo"}
RESULT: {"using":"css selector","value":"#shell-header-logo"}
COMMAND: POST /session/ba8f8306183d693af77ab2140b410afd/element/f.389042B4FF7C30867E20C40CA0954A5B.d.A3E1C4DA11ABF9A0386AA88233436159.e.16959/click - {}
RESULT: {}
COMMAND: GET /session/ba8f8306183d693af77ab2140b410afd/screenshot - {}
RESULT: {}
]]></system-out>
    </testcase>
    <testcase classname="chrome.137_0_7151_69.windows.Billing_transfer_US117289" name="Should navigate to Manage Billings and trigger contract calculation business confirm it" time="74.998">
      <system-out><![CDATA[
COMMAND: POST /session/ba8f8306183d693af77ab2140b410afd/execute/async - {"script":"<script> [1562 bytes]","args":[{"selector":{"controlType":"sap.m.GenericTile","properties":{"header":"Manage Billings"}},"wdio_ui5_key":"sapm.GenericTile{\"header\":\"Manage Billings\"}"}]}
RESULT: {"script":"<script> [1562 bytes]","args":[{"selector":{"controlType":"sap.m.GenericTile","properties":{"header":"Manage Billings"}},"wdio_ui5_key":"sapm.GenericTile{\"header\":\"Manage Billings\"}"}]}
RESULT: undefined
COMMAND: POST /session/ba8f8306183d693af77ab2140b410afd/element - {"using":"xpath","value":"//*[@id=\"__tile53\"]"}
RESULT: {"using":"xpath","value":"//*[@id=\"__tile53\"]"}
COMMAND: POST /session/ba8f8306183d693af77ab2140b410afd/element/f.389042B4FF7C30867E20C40CA0954A5B.d.A3E1C4DA11ABF9A0386AA88233436159.e.14897/click - {}
RESULT: {}
COMMAND: GET /session/ba8f8306183d693af77ab2140b410afd/screenshot - {}
RESULT: {}
COMMAND: POST /session/ba8f8306183d693af77ab2140b410afd/elements - {"using":"xpath","value":"//span[text()='Error']"}
RESULT: {"using":"xpath","value":"//span[text()='Error']"}
COMMAND: POST /session/ba8f8306183d693af77ab2140b410afd/execute/async - {"script":"<script> [1562 bytes]","args":[{"selector":{"id":"application-managebillings-display-component---billRunCalcResult--smartFilterBar-btnBasicSearch","interaction":{"idSuffix":"I"}},"wdio_ui5_key":"applicationmanagebillings-display-component---billRunCalcResult--smartFilterBar-btnBasicSearch"}]}
RESULT: {"script":"<script> [1562 bytes]","args":[{"selector":{"id":"application-managebillings-display-component---billRunCalcResult--smartFilterBar-btnBasicSearch","interaction":{"idSuffix":"I"}},"wdio_ui5_key":"applicationmanagebillings-display-component---billRunCalcResult--smartFilterBar-btnBasicSearch"}]}
RESULT: undefined
COMMAND: POST /session/ba8f8306183d693af77ab2140b410afd/execute/async - {"script":"<script> [776 bytes]","args":[{"enterText":"10206","selector":{"id":"application-managebillings-display-component---billRunCalcResult--smartFilterBar-btnBasicSearch","interaction":{"idSuffix":"I"}},"clearTextFirst":true,"interactionType":"ENTER_TEXT"}]}
RESULT: {"script":"<script> [776 bytes]","args":[{"enterText":"10206","selector":{"id":"application-managebillings-display-component---billRunCalcResult--smartFilterBar-btnBasicSearch","interaction":{"idSuffix":"I"}},"clearTextFirst":true,"interactionType":"ENTER_TEXT"}]}
COMMAND: POST /session/ba8f8306183d693af77ab2140b410afd/actions - {"actions":[{"id":"action56","type":"key","parameters":{},"actions":[{"type":"keyDown","value":""},{"type":"pause","duration":10},{"type":"keyUp","value":""}]}]}
RESULT: {"actions":[{"id":"action56","type":"key","parameters":{},"actions":[{"type":"keyDown","value":""},{"type":"pause","duration":10},{"type":"keyUp","value":""}]}]}
COMMAND: GET /session/ba8f8306183d693af77ab2140b410afd/screenshot - {}
RESULT: {}
COMMAND: POST /session/ba8f8306183d693af77ab2140b410afd/element - {"using":"xpath","value":"//td[@aria-colindex=\"1\"]/div/div[contains(@class, \"sapMCbBg\")]"}
RESULT: {"using":"xpath","value":"//td[@aria-colindex=\"1\"]/div/div[contains(@class, \"sapMCbBg\")]"}
COMMAND: POST /session/ba8f8306183d693af77ab2140b410afd/element/f.389042B4FF7C30867E20C40CA0954A5B.d.A3E1C4DA11ABF9A0386AA88233436159.e.18350/click - {}
RESULT: {}
COMMAND: GET /session/ba8f8306183d693af77ab2140b410afd/screenshot - {}
RESULT: {}
COMMAND: POST /session/ba8f8306183d693af77ab2140b410afd/execute/async - {"script":"<script> [1562 bytes]","args":[{"selector":{"id":"application-managebillings-display-component---billRunCalcResult--contractBillRunDate","interaction":{"idSuffix":"inner"}},"wdio_ui5_key":"applicationmanagebillings-display-component---billRunCalcResult--contractBillRunDate"}]}
RESULT: {"script":"<script> [1562 bytes]","args":[{"selector":{"id":"application-managebillings-display-component---billRunCalcResult--contractBillRunDate","interaction":{"idSuffix":"inner"}},"wdio_ui5_key":"applicationmanagebillings-display-component---billRunCalcResult--contractBillRunDate"}]}
RESULT: undefined
COMMAND: POST /session/ba8f8306183d693af77ab2140b410afd/execute/async - {"script":"<script> [776 bytes]","args":[{"enterText":"7/14/25","selector":{"id":"application-managebillings-display-component---billRunCalcResult--contractBillRunDate","interaction":{"idSuffix":"inner"}},"clearTextFirst":true,"interactionType":"ENTER_TEXT"}]}
RESULT: {"script":"<script> [776 bytes]","args":[{"enterText":"7/14/25","selector":{"id":"application-managebillings-display-component---billRunCalcResult--contractBillRunDate","interaction":{"idSuffix":"inner"}},"clearTextFirst":true,"interactionType":"ENTER_TEXT"}]}
COMMAND: POST /session/ba8f8306183d693af77ab2140b410afd/element - {"using":"xpath","value":"//bdi[contains(text(), \"Trigger Calculation\")]"}
RESULT: {"using":"xpath","value":"//bdi[contains(text(), \"Trigger Calculation\")]"}
COMMAND: POST /session/ba8f8306183d693af77ab2140b410afd/element/f.389042B4FF7C30867E20C40CA0954A5B.d.A3E1C4DA11ABF9A0386AA88233436159.e.18371/click - {}
RESULT: {}
COMMAND: GET /session/ba8f8306183d693af77ab2140b410afd/screenshot - {}
RESULT: {}
COMMAND: POST /session/ba8f8306183d693af77ab2140b410afd/element - {"using":"xpath","value":"(//span[contains(@id, \"imgNav\")])[1]"}
RESULT: {"using":"xpath","value":"(//span[contains(@id, \"imgNav\")])[1]"}
COMMAND: POST /session/ba8f8306183d693af77ab2140b410afd/element/f.389042B4FF7C30867E20C40CA0954A5B.d.A3E1C4DA11ABF9A0386AA88233436159.e.18364/click - {}
RESULT: {}
COMMAND: GET /session/ba8f8306183d693af77ab2140b410afd/screenshot - {}
RESULT: {}
COMMAND: POST /session/ba8f8306183d693af77ab2140b410afd/execute/async - {"script":"<script> [1562 bytes]","args":[{"selector":{"controlType":"sap.ui.core.Icon","viewName":"etm.portal.ui.managebillings.view.Master","viewId":"application-managebillings-display-component---billRunCalcResult","properties":{"src":{"regex":{"source":"slim\\-arrow\\-right"}}}},"wdio_ui5_key":"etmportal.ui.managebillings.view.Mastersap.ui.core.Icon{\"src\":{\"regex\":{\"source\":\"slim\\\\-arrow\\\\-right\"}}}"}]}
RESULT: {"script":"<script> [1562 bytes]","args":[{"selector":{"controlType":"sap.ui.core.Icon","viewName":"etm.portal.ui.managebillings.view.Master","viewId":"application-managebillings-display-component---billRunCalcResult","properties":{"src":{"regex":{"source":"slim\\-arrow\\-right"}}}},"wdio_ui5_key":"etmportal.ui.managebillings.view.Mastersap.ui.core.Icon{\"src\":{\"regex\":{\"source\":\"slim\\\\-arrow\\\\-right\"}}}"}]}
RESULT: undefined
COMMAND: POST /session/ba8f8306183d693af77ab2140b410afd/element - {"using":"xpath","value":"//*[@id=\"__item1503-application-managebillings-display-component---billRunCalcResult--billingRunsTable-0-imgNav\"]"}
RESULT: {"using":"xpath","value":"//*[@id=\"__item1503-application-managebillings-display-component---billRunCalcResult--billingRunsTable-0-imgNav\"]"}
COMMAND: POST /session/ba8f8306183d693af77ab2140b410afd/element/f.389042B4FF7C30867E20C40CA0954A5B.d.A3E1C4DA11ABF9A0386AA88233436159.e.18376/click - {}
RESULT: {}
COMMAND: POST /session/ba8f8306183d693af77ab2140b410afd/execute/async - {"script":"<script> [1562 bytes]","args":[{"selector":{"id":"application-managebillings-display-component---billRunCalcResult--btnConf","interaction":{"idSuffix":"BDI-content"}},"wdio_ui5_key":"applicationmanagebillings-display-component---billRunCalcResult--btnConf"}]}
COMMAND: GET /session/ba8f8306183d693af77ab2140b410afd/screenshot - {}
RESULT: {"script":"<script> [1562 bytes]","args":[{"selector":{"id":"application-managebillings-display-component---billRunCalcResult--btnConf","interaction":{"idSuffix":"BDI-content"}},"wdio_ui5_key":"applicationmanagebillings-display-component---billRunCalcResult--btnConf"}]}
RESULT: undefined
COMMAND: POST /session/ba8f8306183d693af77ab2140b410afd/element - {"using":"xpath","value":"//*[@id=\"application-managebillings-display-component---billRunCalcResult--btnConf\"]"}
RESULT: {}
RESULT: {"using":"xpath","value":"//*[@id=\"application-managebillings-display-component---billRunCalcResult--btnConf\"]"}
COMMAND: POST /session/ba8f8306183d693af77ab2140b410afd/element/f.389042B4FF7C30867E20C40CA0954A5B.d.A3E1C4DA11ABF9A0386AA88233436159.e.18407/click - {}
RESULT: {}
COMMAND: POST /session/ba8f8306183d693af77ab2140b410afd/element - {"using":"css selector","value":"#shell-header-logo"}
COMMAND: GET /session/ba8f8306183d693af77ab2140b410afd/screenshot - {}
RESULT: {"using":"css selector","value":"#shell-header-logo"}
COMMAND: POST /session/ba8f8306183d693af77ab2140b410afd/element/f.389042B4FF7C30867E20C40CA0954A5B.d.A3E1C4DA11ABF9A0386AA88233436159.e.18115/click - {}
RESULT: {}
RESULT: {}
COMMAND: GET /session/ba8f8306183d693af77ab2140b410afd/screenshot - {}
RESULT: {}
]]></system-out>
    </testcase>
    <testcase classname="chrome.137_0_7151_69.windows.Billing_transfer_US117289" name="Should trigger Billing Transfer process all the way to completion" time="80.882">
      <system-out><![CDATA[
COMMAND: POST /session/ba8f8306183d693af77ab2140b410afd/execute/async - {"script":"<script> [1562 bytes]","args":[{"selector":{"controlType":"sap.m.GenericTile","properties":{"header":"Billing Transfer"}},"wdio_ui5_key":"sapm.GenericTile{\"header\":\"Billing Transfer\"}"}]}
RESULT: {"script":"<script> [1562 bytes]","args":[{"selector":{"controlType":"sap.m.GenericTile","properties":{"header":"Billing Transfer"}},"wdio_ui5_key":"sapm.GenericTile{\"header\":\"Billing Transfer\"}"}]}
RESULT: undefined
COMMAND: POST /session/ba8f8306183d693af77ab2140b410afd/element - {"using":"xpath","value":"//*[@id=\"__tile52\"]"}
RESULT: {"using":"xpath","value":"//*[@id=\"__tile52\"]"}
COMMAND: POST /session/ba8f8306183d693af77ab2140b410afd/element/f.389042B4FF7C30867E20C40CA0954A5B.d.A3E1C4DA11ABF9A0386AA88233436159.e.14895/click - {}
RESULT: {}
COMMAND: GET /session/ba8f8306183d693af77ab2140b410afd/screenshot - {}
COMMAND: POST /session/ba8f8306183d693af77ab2140b410afd/elements - {"using":"xpath","value":"//span[text()='Error']"}
RESULT: {}
RESULT: {"using":"xpath","value":"//span[text()='Error']"}
COMMAND: POST /session/ba8f8306183d693af77ab2140b410afd/element - {"using":"xpath","value":"//input[contains(@id ,\"application-billingtransfer-display-component---billingWorkbench--smartFilterBar-btnBasicSearch\")]"}
RESULT: {"using":"xpath","value":"//input[contains(@id ,\"application-billingtransfer-display-component---billingWorkbench--smartFilterBar-btnBasicSearch\")]"}
COMMAND: POST /session/ba8f8306183d693af77ab2140b410afd/elements - {"using":"xpath","value":"//input[contains(@id ,\"application-billingtransfer-display-component---billingWorkbench--smartFilterBar-btnBasicSearch\")]"}
RESULT: {"using":"xpath","value":"//input[contains(@id ,\"application-billingtransfer-display-component---billingWorkbench--smartFilterBar-btnBasicSearch\")]"}
COMMAND: POST /session/ba8f8306183d693af77ab2140b410afd/execute/sync - {"script":"<script> [8489 bytes]","args":[{"element-6066-11e4-a52e-4f735466cecf":"f.389042B4FF7C30867E20C40CA0954A5B.d.A3E1C4DA11ABF9A0386AA88233436159.e.18459","ELEMENT":"f.389042B4FF7C30867E20C40CA0954A5B.d.A3E1C4DA11ABF9A0386AA88233436159.e.18459"}]}
RESULT: {"script":"<script> [8489 bytes]","args":[{"element-6066-11e4-a52e-4f735466cecf":"f.389042B4FF7C30867E20C40CA0954A5B.d.A3E1C4DA11ABF9A0386AA88233436159.e.18459","ELEMENT":"f.389042B4FF7C30867E20C40CA0954A5B.d.A3E1C4DA11ABF9A0386AA88233436159.e.18459"}]}
COMMAND: GET /session/ba8f8306183d693af77ab2140b410afd/element/f.389042B4FF7C30867E20C40CA0954A5B.d.A3E1C4DA11ABF9A0386AA88233436159.e.18459/enabled - {}
COMMAND: GET /session/ba8f8306183d693af77ab2140b410afd/screenshot - {}
RESULT: {}
COMMAND: POST /session/ba8f8306183d693af77ab2140b410afd/element/f.389042B4FF7C30867E20C40CA0954A5B.d.A3E1C4DA11ABF9A0386AA88233436159.e.18459/click - {}
COMMAND: GET /session/ba8f8306183d693af77ab2140b410afd/screenshot - {}
RESULT: {}
RESULT: {}
COMMAND: GET /session/ba8f8306183d693af77ab2140b410afd/screenshot - {}
RESULT: {}
RESULT: {}
COMMAND: POST /session/ba8f8306183d693af77ab2140b410afd/element/f.389042B4FF7C30867E20C40CA0954A5B.d.A3E1C4DA11ABF9A0386AA88233436159.e.18459/clear - {}
RESULT: {}
COMMAND: POST /session/ba8f8306183d693af77ab2140b410afd/element/f.389042B4FF7C30867E20C40CA0954A5B.d.A3E1C4DA11ABF9A0386AA88233436159.e.18459/value - {"text":"10206"}
COMMAND: GET /session/ba8f8306183d693af77ab2140b410afd/screenshot - {}
RESULT: {"text":"10206"}
COMMAND: POST /session/ba8f8306183d693af77ab2140b410afd/actions - {"actions":[{"id":"action57","type":"key","parameters":{},"actions":[{"type":"keyDown","value":""},{"type":"pause","duration":10},{"type":"keyUp","value":""}]}]}
COMMAND: GET /session/ba8f8306183d693af77ab2140b410afd/screenshot - {}
RESULT: {}
RESULT: {"actions":[{"id":"action57","type":"key","parameters":{},"actions":[{"type":"keyDown","value":""},{"type":"pause","duration":10},{"type":"keyUp","value":""}]}]}
COMMAND: GET /session/ba8f8306183d693af77ab2140b410afd/screenshot - {}
RESULT: {}
RESULT: {}
COMMAND: POST /session/ba8f8306183d693af77ab2140b410afd/element - {"using":"xpath","value":"//span[contains(@id ,\"application-billingtransfer-display-component---billingWorkbench--smartTableBillingRuns-header-inner\")]"}
RESULT: {"using":"xpath","value":"//span[contains(@id ,\"application-billingtransfer-display-component---billingWorkbench--smartTableBillingRuns-header-inner\")]"}
COMMAND: POST /session/ba8f8306183d693af77ab2140b410afd/elements - {"using":"xpath","value":"//span[contains(@id ,\"application-billingtransfer-display-component---billingWorkbench--smartTableBillingRuns-header-inner\")]"}
RESULT: {"using":"xpath","value":"//span[contains(@id ,\"application-billingtransfer-display-component---billingWorkbench--smartTableBillingRuns-header-inner\")]"}
COMMAND: POST /session/ba8f8306183d693af77ab2140b410afd/execute/sync - {"script":"<script> [56 bytes]","args":[{"element-6066-11e4-a52e-4f735466cecf":"f.389042B4FF7C30867E20C40CA0954A5B.d.A3E1C4DA11ABF9A0386AA88233436159.e.18565","ELEMENT":"f.389042B4FF7C30867E20C40CA0954A5B.d.A3E1C4DA11ABF9A0386AA88233436159.e.18565"}]}
RESULT: {"script":"<script> [56 bytes]","args":[{"element-6066-11e4-a52e-4f735466cecf":"f.389042B4FF7C30867E20C40CA0954A5B.d.A3E1C4DA11ABF9A0386AA88233436159.e.18565","ELEMENT":"f.389042B4FF7C30867E20C40CA0954A5B.d.A3E1C4DA11ABF9A0386AA88233436159.e.18565"}]}
COMMAND: POST /session/ba8f8306183d693af77ab2140b410afd/element - {"using":"xpath","value":"//td[@aria-colindex=\"1\"]/div/div[contains(@class, \"sapMCbBg\")]"}
COMMAND: GET /session/ba8f8306183d693af77ab2140b410afd/screenshot - {}
RESULT: {"using":"xpath","value":"//td[@aria-colindex=\"1\"]/div/div[contains(@class, \"sapMCbBg\")]"}
COMMAND: POST /session/ba8f8306183d693af77ab2140b410afd/element/f.389042B4FF7C30867E20C40CA0954A5B.d.A3E1C4DA11ABF9A0386AA88233436159.e.18545/click - {}
RESULT: {}
RESULT: {}
COMMAND: GET /session/ba8f8306183d693af77ab2140b410afd/screenshot - {}
RESULT: {}
COMMAND: POST /session/ba8f8306183d693af77ab2140b410afd/element - {"using":"xpath","value":"//bdi[contains(text(), \"Check\")]"}
RESULT: {"using":"xpath","value":"//bdi[contains(text(), \"Check\")]"}
COMMAND: POST /session/ba8f8306183d693af77ab2140b410afd/element/f.389042B4FF7C30867E20C40CA0954A5B.d.A3E1C4DA11ABF9A0386AA88233436159.e.18566/click - {}
RESULT: {}
COMMAND: GET /session/ba8f8306183d693af77ab2140b410afd/screenshot - {}
RESULT: {}
COMMAND: POST /session/ba8f8306183d693af77ab2140b410afd/element - {"using":"xpath","value":"//bdi[contains(text(), \"OK\")]"}
RESULT: {"using":"xpath","value":"//bdi[contains(text(), \"OK\")]"}
COMMAND: POST /session/ba8f8306183d693af77ab2140b410afd/element/f.389042B4FF7C30867E20C40CA0954A5B.d.A3E1C4DA11ABF9A0386AA88233436159.e.18569/click - {}
RESULT: {}
COMMAND: GET /session/ba8f8306183d693af77ab2140b410afd/screenshot - {}
RESULT: {}
COMMAND: POST /session/ba8f8306183d693af77ab2140b410afd/element - {"using":"xpath","value":"(//span[contains(text(), \"CO/SD checked\")]/parent::div/preceding-sibling::div/span)[1]"}
RESULT: {"using":"xpath","value":"(//span[contains(text(), \"CO/SD checked\")]/parent::div/preceding-sibling::div/span)[1]"}
COMMAND: POST /session/ba8f8306183d693af77ab2140b410afd/element/f.389042B4FF7C30867E20C40CA0954A5B.d.A3E1C4DA11ABF9A0386AA88233436159.e.18580/click - {}
RESULT: {}
COMMAND: GET /session/ba8f8306183d693af77ab2140b410afd/screenshot - {}
RESULT: {}
COMMAND: POST /session/ba8f8306183d693af77ab2140b410afd/element - {"using":"xpath","value":"//input[contains(@id ,\"application-billingtransfer-display-component---billingWorkbench--smartFilterBar-btnBasicSearch\")]"}
RESULT: {"using":"xpath","value":"//input[contains(@id ,\"application-billingtransfer-display-component---billingWorkbench--smartFilterBar-btnBasicSearch\")]"}
COMMAND: POST /session/ba8f8306183d693af77ab2140b410afd/elements - {"using":"xpath","value":"//input[contains(@id ,\"application-billingtransfer-display-component---billingWorkbench--smartFilterBar-btnBasicSearch\")]"}
RESULT: {"using":"xpath","value":"//input[contains(@id ,\"application-billingtransfer-display-component---billingWorkbench--smartFilterBar-btnBasicSearch\")]"}
COMMAND: POST /session/ba8f8306183d693af77ab2140b410afd/execute/sync - {"script":"<script> [8489 bytes]","args":[{"element-6066-11e4-a52e-4f735466cecf":"f.389042B4FF7C30867E20C40CA0954A5B.d.A3E1C4DA11ABF9A0386AA88233436159.e.18459","ELEMENT":"f.389042B4FF7C30867E20C40CA0954A5B.d.A3E1C4DA11ABF9A0386AA88233436159.e.18459"}]}
RESULT: {"script":"<script> [8489 bytes]","args":[{"element-6066-11e4-a52e-4f735466cecf":"f.389042B4FF7C30867E20C40CA0954A5B.d.A3E1C4DA11ABF9A0386AA88233436159.e.18459","ELEMENT":"f.389042B4FF7C30867E20C40CA0954A5B.d.A3E1C4DA11ABF9A0386AA88233436159.e.18459"}]}
COMMAND: GET /session/ba8f8306183d693af77ab2140b410afd/element/f.389042B4FF7C30867E20C40CA0954A5B.d.A3E1C4DA11ABF9A0386AA88233436159.e.18459/enabled - {}
COMMAND: GET /session/ba8f8306183d693af77ab2140b410afd/screenshot - {}
RESULT: {}
COMMAND: POST /session/ba8f8306183d693af77ab2140b410afd/element/f.389042B4FF7C30867E20C40CA0954A5B.d.A3E1C4DA11ABF9A0386AA88233436159.e.18459/click - {}
COMMAND: GET /session/ba8f8306183d693af77ab2140b410afd/screenshot - {}
RESULT: {}
RESULT: {}
COMMAND: GET /session/ba8f8306183d693af77ab2140b410afd/screenshot - {}
RESULT: {}
RESULT: {}
COMMAND: POST /session/ba8f8306183d693af77ab2140b410afd/element/f.389042B4FF7C30867E20C40CA0954A5B.d.A3E1C4DA11ABF9A0386AA88233436159.e.18459/clear - {}
RESULT: {}
COMMAND: POST /session/ba8f8306183d693af77ab2140b410afd/element/f.389042B4FF7C30867E20C40CA0954A5B.d.A3E1C4DA11ABF9A0386AA88233436159.e.18459/value - {"text":"10206"}
COMMAND: GET /session/ba8f8306183d693af77ab2140b410afd/screenshot - {}
RESULT: {"text":"10206"}
COMMAND: POST /session/ba8f8306183d693af77ab2140b410afd/actions - {"actions":[{"id":"action58","type":"key","parameters":{},"actions":[{"type":"keyDown","value":""},{"type":"pause","duration":10},{"type":"keyUp","value":""}]}]}
COMMAND: GET /session/ba8f8306183d693af77ab2140b410afd/screenshot - {}
RESULT: {}
RESULT: {"actions":[{"id":"action58","type":"key","parameters":{},"actions":[{"type":"keyDown","value":""},{"type":"pause","duration":10},{"type":"keyUp","value":""}]}]}
COMMAND: GET /session/ba8f8306183d693af77ab2140b410afd/screenshot - {}
RESULT: {}
RESULT: {}
COMMAND: POST /session/ba8f8306183d693af77ab2140b410afd/element - {"using":"xpath","value":"//span[contains(@id ,\"application-billingtransfer-display-component---billingWorkbench--smartTableBillingRuns-header-inner\")]"}
RESULT: {"using":"xpath","value":"//span[contains(@id ,\"application-billingtransfer-display-component---billingWorkbench--smartTableBillingRuns-header-inner\")]"}
COMMAND: POST /session/ba8f8306183d693af77ab2140b410afd/elements - {"using":"xpath","value":"//span[contains(@id ,\"application-billingtransfer-display-component---billingWorkbench--smartTableBillingRuns-header-inner\")]"}
RESULT: {"using":"xpath","value":"//span[contains(@id ,\"application-billingtransfer-display-component---billingWorkbench--smartTableBillingRuns-header-inner\")]"}
COMMAND: POST /session/ba8f8306183d693af77ab2140b410afd/execute/sync - {"script":"<script> [56 bytes]","args":[{"element-6066-11e4-a52e-4f735466cecf":"f.389042B4FF7C30867E20C40CA0954A5B.d.A3E1C4DA11ABF9A0386AA88233436159.e.18565","ELEMENT":"f.389042B4FF7C30867E20C40CA0954A5B.d.A3E1C4DA11ABF9A0386AA88233436159.e.18565"}]}
RESULT: {"script":"<script> [56 bytes]","args":[{"element-6066-11e4-a52e-4f735466cecf":"f.389042B4FF7C30867E20C40CA0954A5B.d.A3E1C4DA11ABF9A0386AA88233436159.e.18565","ELEMENT":"f.389042B4FF7C30867E20C40CA0954A5B.d.A3E1C4DA11ABF9A0386AA88233436159.e.18565"}]}
COMMAND: POST /session/ba8f8306183d693af77ab2140b410afd/element - {"using":"xpath","value":"//td[@aria-colindex=\"1\"]/div/div[contains(@class, \"sapMCbBg\")]"}
COMMAND: GET /session/ba8f8306183d693af77ab2140b410afd/screenshot - {}
RESULT: {"using":"xpath","value":"//td[@aria-colindex=\"1\"]/div/div[contains(@class, \"sapMCbBg\")]"}
COMMAND: POST /session/ba8f8306183d693af77ab2140b410afd/element/f.389042B4FF7C30867E20C40CA0954A5B.d.A3E1C4DA11ABF9A0386AA88233436159.e.18585/click - {}
RESULT: {}
RESULT: {}
COMMAND: GET /session/ba8f8306183d693af77ab2140b410afd/screenshot - {}
RESULT: {}
COMMAND: POST /session/ba8f8306183d693af77ab2140b410afd/element - {"using":"xpath","value":"//bdi[text()=\"Transfer\"]"}
RESULT: {"using":"xpath","value":"//bdi[text()=\"Transfer\"]"}
COMMAND: POST /session/ba8f8306183d693af77ab2140b410afd/element/f.389042B4FF7C30867E20C40CA0954A5B.d.A3E1C4DA11ABF9A0386AA88233436159.e.18586/click - {}
RESULT: {}
COMMAND: GET /session/ba8f8306183d693af77ab2140b410afd/screenshot - {}
RESULT: {}
COMMAND: POST /session/ba8f8306183d693af77ab2140b410afd/element - {"using":"xpath","value":"//bdi[contains(text(), \"OK\")]"}
RESULT: {"using":"xpath","value":"//bdi[contains(text(), \"OK\")]"}
COMMAND: POST /session/ba8f8306183d693af77ab2140b410afd/element/f.389042B4FF7C30867E20C40CA0954A5B.d.A3E1C4DA11ABF9A0386AA88233436159.e.18589/click - {}
RESULT: {}
COMMAND: GET /session/ba8f8306183d693af77ab2140b410afd/screenshot - {}
RESULT: {}
COMMAND: POST /session/ba8f8306183d693af77ab2140b410afd/element - {"using":"xpath","value":"(//span[contains(text(), \"Completed\")]/parent::div/preceding-sibling::div/span)[1]"}
RESULT: {"using":"xpath","value":"(//span[contains(text(), \"Completed\")]/parent::div/preceding-sibling::div/span)[1]"}
COMMAND: POST /session/ba8f8306183d693af77ab2140b410afd/element/f.389042B4FF7C30867E20C40CA0954A5B.d.A3E1C4DA11ABF9A0386AA88233436159.e.18597/click - {}
RESULT: {}
COMMAND: POST /session/ba8f8306183d693af77ab2140b410afd/element - {"using":"xpath","value":"//input[contains(@id ,\"application-billingtransfer-display-component---billingWorkbench--smartFilterBar-btnBasicSearch\")]"}
COMMAND: GET /session/ba8f8306183d693af77ab2140b410afd/screenshot - {}
RESULT: {"using":"xpath","value":"//input[contains(@id ,\"application-billingtransfer-display-component---billingWorkbench--smartFilterBar-btnBasicSearch\")]"}
COMMAND: POST /session/ba8f8306183d693af77ab2140b410afd/elements - {"using":"xpath","value":"//input[contains(@id ,\"application-billingtransfer-display-component---billingWorkbench--smartFilterBar-btnBasicSearch\")]"}
RESULT: {}
RESULT: {"using":"xpath","value":"//input[contains(@id ,\"application-billingtransfer-display-component---billingWorkbench--smartFilterBar-btnBasicSearch\")]"}
COMMAND: POST /session/ba8f8306183d693af77ab2140b410afd/execute/sync - {"script":"<script> [8489 bytes]","args":[{"element-6066-11e4-a52e-4f735466cecf":"f.389042B4FF7C30867E20C40CA0954A5B.d.A3E1C4DA11ABF9A0386AA88233436159.e.18459","ELEMENT":"f.389042B4FF7C30867E20C40CA0954A5B.d.A3E1C4DA11ABF9A0386AA88233436159.e.18459"}]}
RESULT: {"script":"<script> [8489 bytes]","args":[{"element-6066-11e4-a52e-4f735466cecf":"f.389042B4FF7C30867E20C40CA0954A5B.d.A3E1C4DA11ABF9A0386AA88233436159.e.18459","ELEMENT":"f.389042B4FF7C30867E20C40CA0954A5B.d.A3E1C4DA11ABF9A0386AA88233436159.e.18459"}]}
COMMAND: GET /session/ba8f8306183d693af77ab2140b410afd/element/f.389042B4FF7C30867E20C40CA0954A5B.d.A3E1C4DA11ABF9A0386AA88233436159.e.18459/enabled - {}
COMMAND: GET /session/ba8f8306183d693af77ab2140b410afd/screenshot - {}
RESULT: {}
COMMAND: POST /session/ba8f8306183d693af77ab2140b410afd/element/f.389042B4FF7C30867E20C40CA0954A5B.d.A3E1C4DA11ABF9A0386AA88233436159.e.18459/click - {}
COMMAND: GET /session/ba8f8306183d693af77ab2140b410afd/screenshot - {}
RESULT: {}
RESULT: {}
COMMAND: GET /session/ba8f8306183d693af77ab2140b410afd/screenshot - {}
RESULT: {}
RESULT: {}
COMMAND: POST /session/ba8f8306183d693af77ab2140b410afd/element/f.389042B4FF7C30867E20C40CA0954A5B.d.A3E1C4DA11ABF9A0386AA88233436159.e.18459/clear - {}
RESULT: {}
COMMAND: POST /session/ba8f8306183d693af77ab2140b410afd/element/f.389042B4FF7C30867E20C40CA0954A5B.d.A3E1C4DA11ABF9A0386AA88233436159.e.18459/value - {"text":"10206"}
COMMAND: GET /session/ba8f8306183d693af77ab2140b410afd/screenshot - {}
RESULT: {"text":"10206"}
COMMAND: POST /session/ba8f8306183d693af77ab2140b410afd/actions - {"actions":[{"id":"action59","type":"key","parameters":{},"actions":[{"type":"keyDown","value":""},{"type":"pause","duration":10},{"type":"keyUp","value":""}]}]}
COMMAND: GET /session/ba8f8306183d693af77ab2140b410afd/screenshot - {}
RESULT: {}
RESULT: {"actions":[{"id":"action59","type":"key","parameters":{},"actions":[{"type":"keyDown","value":""},{"type":"pause","duration":10},{"type":"keyUp","value":""}]}]}
COMMAND: GET /session/ba8f8306183d693af77ab2140b410afd/screenshot - {}
RESULT: {}
RESULT: {}
COMMAND: POST /session/ba8f8306183d693af77ab2140b410afd/element - {"using":"xpath","value":"//span[contains(@id ,\"application-billingtransfer-display-component---billingWorkbench--smartTableBillingRuns-header-inner\")]"}
RESULT: {"using":"xpath","value":"//span[contains(@id ,\"application-billingtransfer-display-component---billingWorkbench--smartTableBillingRuns-header-inner\")]"}
COMMAND: POST /session/ba8f8306183d693af77ab2140b410afd/elements - {"using":"xpath","value":"//span[contains(@id ,\"application-billingtransfer-display-component---billingWorkbench--smartTableBillingRuns-header-inner\")]"}
RESULT: {"using":"xpath","value":"//span[contains(@id ,\"application-billingtransfer-display-component---billingWorkbench--smartTableBillingRuns-header-inner\")]"}
COMMAND: POST /session/ba8f8306183d693af77ab2140b410afd/execute/sync - {"script":"<script> [56 bytes]","args":[{"element-6066-11e4-a52e-4f735466cecf":"f.389042B4FF7C30867E20C40CA0954A5B.d.A3E1C4DA11ABF9A0386AA88233436159.e.18565","ELEMENT":"f.389042B4FF7C30867E20C40CA0954A5B.d.A3E1C4DA11ABF9A0386AA88233436159.e.18565"}]}
RESULT: {"script":"<script> [56 bytes]","args":[{"element-6066-11e4-a52e-4f735466cecf":"f.389042B4FF7C30867E20C40CA0954A5B.d.A3E1C4DA11ABF9A0386AA88233436159.e.18565","ELEMENT":"f.389042B4FF7C30867E20C40CA0954A5B.d.A3E1C4DA11ABF9A0386AA88233436159.e.18565"}]}
COMMAND: POST /session/ba8f8306183d693af77ab2140b410afd/element - {"using":"css selector","value":"#shell-header-logo"}
COMMAND: GET /session/ba8f8306183d693af77ab2140b410afd/screenshot - {}
RESULT: {"using":"css selector","value":"#shell-header-logo"}
COMMAND: POST /session/ba8f8306183d693af77ab2140b410afd/element/f.389042B4FF7C30867E20C40CA0954A5B.d.A3E1C4DA11ABF9A0386AA88233436159.e.18457/click - {}
RESULT: {}
RESULT: {}
COMMAND: GET /session/ba8f8306183d693af77ab2140b410afd/screenshot - {}
RESULT: {}
COMMAND: POST /session/ba8f8306183d693af77ab2140b410afd/element - {"using":"css selector","value":"#j_username"}
COMMAND: POST /session/ba8f8306183d693af77ab2140b410afd/url - {"url":"https://qa-testing-00-live-etm-ui.cfapps.eu10-004.hana.ondemand.com/"}
RESULT: {"using":"css selector","value":"#j_username"}
COMMAND: POST /session/ba8f8306183d693af77ab2140b410afd/element - {"using":"css selector","value":"#j_username"}
RESULT: {"url":"https://qa-testing-00-live-etm-ui.cfapps.eu10-004.hana.ondemand.com/"}
RESULT: undefined
COMMAND: GET /session/ba8f8306183d693af77ab2140b410afd/screenshot - {}
RESULT: {"using":"css selector","value":"#j_username"}
COMMAND: POST /session/ba8f8306183d693af77ab2140b410afd/element - {"using":"css selector","value":"#shell-header-logo"}
RESULT: {}
RESULT: {"using":"css selector","value":"#shell-header-logo"}
COMMAND: POST /session/ba8f8306183d693af77ab2140b410afd/execute/sync - {"script":"<script> [8489 bytes]","args":[{"element-6066-11e4-a52e-4f735466cecf":"f.389042B4FF7C30867E20C40CA0954A5B.d.B596895AD30DBCE18C3AF601389D8BCC.e.18617","ELEMENT":"f.389042B4FF7C30867E20C40CA0954A5B.d.B596895AD30DBCE18C3AF601389D8BCC.e.18617"}]}
RESULT: {"script":"<script> [8489 bytes]","args":[{"element-6066-11e4-a52e-4f735466cecf":"f.389042B4FF7C30867E20C40CA0954A5B.d.B596895AD30DBCE18C3AF601389D8BCC.e.18617","ELEMENT":"f.389042B4FF7C30867E20C40CA0954A5B.d.B596895AD30DBCE18C3AF601389D8BCC.e.18617"}]}
COMMAND: POST /session/ba8f8306183d693af77ab2140b410afd/element - {"using":"css selector","value":"#shell-header-logo"}
COMMAND: GET /session/ba8f8306183d693af77ab2140b410afd/screenshot - {}
RESULT: {"using":"css selector","value":"#shell-header-logo"}
COMMAND: POST /session/ba8f8306183d693af77ab2140b410afd/execute/sync - {"script":"<script> [8489 bytes]","args":[{"element-6066-11e4-a52e-4f735466cecf":"f.389042B4FF7C30867E20C40CA0954A5B.d.B596895AD30DBCE18C3AF601389D8BCC.e.18617","ELEMENT":"f.389042B4FF7C30867E20C40CA0954A5B.d.B596895AD30DBCE18C3AF601389D8BCC.e.18617"}]}
RESULT: {}
RESULT: {"script":"<script> [8489 bytes]","args":[{"element-6066-11e4-a52e-4f735466cecf":"f.389042B4FF7C30867E20C40CA0954A5B.d.B596895AD30DBCE18C3AF601389D8BCC.e.18617","ELEMENT":"f.389042B4FF7C30867E20C40CA0954A5B.d.B596895AD30DBCE18C3AF601389D8BCC.e.18617"}]}
COMMAND: POST /session/ba8f8306183d693af77ab2140b410afd/execute/sync - {"script":"<script> [5351 bytes]","args":[{"element-6066-11e4-a52e-4f735466cecf":"f.389042B4FF7C30867E20C40CA0954A5B.d.B596895AD30DBCE18C3AF601389D8BCC.e.18617","ELEMENT":"f.389042B4FF7C30867E20C40CA0954A5B.d.B596895AD30DBCE18C3AF601389D8BCC.e.18617"}]}
COMMAND: GET /session/ba8f8306183d693af77ab2140b410afd/screenshot - {}
RESULT: {"script":"<script> [5351 bytes]","args":[{"element-6066-11e4-a52e-4f735466cecf":"f.389042B4FF7C30867E20C40CA0954A5B.d.B596895AD30DBCE18C3AF601389D8BCC.e.18617","ELEMENT":"f.389042B4FF7C30867E20C40CA0954A5B.d.B596895AD30DBCE18C3AF601389D8BCC.e.18617"}]}
COMMAND: POST /session/ba8f8306183d693af77ab2140b410afd/element - {"using":"css selector","value":"#shell-header-logo"}
COMMAND: GET /session/ba8f8306183d693af77ab2140b410afd/screenshot - {}
RESULT: {}
RESULT: {"using":"css selector","value":"#shell-header-logo"}
COMMAND: POST /session/ba8f8306183d693af77ab2140b410afd/element/f.389042B4FF7C30867E20C40CA0954A5B.d.B596895AD30DBCE18C3AF601389D8BCC.e.18617/click - {}
RESULT: {}
RESULT: {}
COMMAND: GET /session/ba8f8306183d693af77ab2140b410afd/screenshot - {}
RESULT: {}
COMMAND: POST /session/ba8f8306183d693af77ab2140b410afd/execute/async - {"script":"<script> [189 bytes]","args":[]}
RESULT: {"script":"<script> [189 bytes]","args":[]}
COMMAND: POST /session/ba8f8306183d693af77ab2140b410afd/execute/async - {"script":"<script> [123 bytes]","args":[]}
RESULT: {"script":"<script> [123 bytes]","args":[]}
COMMAND: POST /session/ba8f8306183d693af77ab2140b410afd/timeouts - {"script":"<number>"}
RESULT: {"script":"<number>"}
COMMAND: GET /session/ba8f8306183d693af77ab2140b410afd/timeouts - {}
RESULT: {}
RESULT: undefined
COMMAND: POST /session/ba8f8306183d693af77ab2140b410afd/execute/async - {"script":"<script> [2676 bytes]","args":[]}
RESULT: {"script":"<script> [2676 bytes]","args":[]}
COMMAND: POST /session/ba8f8306183d693af77ab2140b410afd/execute/async - {"script":"<script> [2342 bytes]","args":[{"protocol":"http","hostname":"0.0.0.0","path":"/","capabilities":{"browserName":"chrome","goog:chromeOptions":{"binary":"C:\\Program Files\\Google\\Chrome\\Application\\chrome.exe","args":["--start-maximized"]}},"logLevel":"warn","connectionRetryTimeout":120000,"connectionRetryCount":3,"logLevels":{},"enableDirectConnect":true,"strictSSL":true,"_":"65 more keys: [\"cacheDir\",\"port\",\"requestedCapabilities\",\"automationProtocol\",\"baseUrl\",\"waitforInterval\",\"waitforTimeout\",\"onReload\",\"beforeCommand\",\"afterCommand\",\"rootDir\",\"specs\",\"suites\",\"exclude\",\"groupLogsByTestSpec\",\"excludeDriverLogs\",\"bail\",\"framework\",\"reporters\",\"services\",\"maxInstances\",\"maxInstancesPerCapability\",\"injectGlobals\",\"filesToWatch\",\"execArgv\",\"runnerEnv\",\"runner\",\"shard\",\"specFileRetries\",\"specFileRetriesDelay\",\"specFileRetriesDeferred\",\"reporterSyncInterval\",\"reporterSyncTimeout\",\"cucumberFeaturesWithLineNumbers\",\"autoCompileOpts\",\"mochaOpts\",\"jasmineOpts\",\"cucumberOpts\",\"onPrepare\",\"onWorkerStart\",\"onWorkerEnd\",\"before\",\"beforeSession\",\"beforeSuite\",\"beforeHook\",\"beforeTest\",\"afterTest\",\"afterHook\",\"afterSuite\",\"afterSession\",\"after\",\"onComplete\",\"beforeAssertion\",\"afterAssertion\",\"beforeFeature\",\"beforeScenario\",\"beforeStep\",\"afterStep\",\"afterScenario\",\"afterFeature\",\"_\",\"suite\",\"$0\",\"ignoredWorkerServices\",\"wdi5\"]"}]}
RESULT: {"script":"<script> [2342 bytes]","args":[{"protocol":"http","hostname":"0.0.0.0","path":"/","capabilities":{"browserName":"chrome","goog:chromeOptions":{"binary":"C:\\Program Files\\Google\\Chrome\\Application\\chrome.exe","args":["--start-maximized"]}},"logLevel":"warn","connectionRetryTimeout":120000,"connectionRetryCount":3,"logLevels":{},"enableDirectConnect":true,"strictSSL":true,"_":"65 more keys: [\"cacheDir\",\"port\",\"requestedCapabilities\",\"automationProtocol\",\"baseUrl\",\"waitforInterval\",\"waitforTimeout\",\"onReload\",\"beforeCommand\",\"afterCommand\",\"rootDir\",\"specs\",\"suites\",\"exclude\",\"groupLogsByTestSpec\",\"excludeDriverLogs\",\"bail\",\"framework\",\"reporters\",\"services\",\"maxInstances\",\"maxInstancesPerCapability\",\"injectGlobals\",\"filesToWatch\",\"execArgv\",\"runnerEnv\",\"runner\",\"shard\",\"specFileRetries\",\"specFileRetriesDelay\",\"specFileRetriesDeferred\",\"reporterSyncInterval\",\"reporterSyncTimeout\",\"cucumberFeaturesWithLineNumbers\",\"autoCompileOpts\",\"mochaOpts\",\"jasmineOpts\",\"cucumberOpts\",\"onPrepare\",\"onWorkerStart\",\"onWorkerEnd\",\"before\",\"beforeSession\",\"beforeSuite\",\"beforeHook\",\"beforeTest\",\"afterTest\",\"afterHook\",\"afterSuite\",\"afterSession\",\"after\",\"onComplete\",\"beforeAssertion\",\"afterAssertion\",\"beforeFeature\",\"beforeScenario\",\"beforeStep\",\"afterStep\",\"afterScenario\",\"afterFeature\",\"_\",\"suite\",\"$0\",\"ignoredWorkerServices\",\"wdi5\"]"}]}
COMMAND: POST /session/ba8f8306183d693af77ab2140b410afd/execute/async - {"script":"<script> [21126 bytes]","args":[35000]}
RESULT: {"script":"<script> [21126 bytes]","args":[35000]}
COMMAND: POST /session/ba8f8306183d693af77ab2140b410afd/window/maximize - {}
RESULT: {}
COMMAND: POST /session/ba8f8306183d693af77ab2140b410afd/execute/async - {"script":"<script> [1562 bytes]","args":[{"selector":{"id":"shell-header","interaction":{"idSuffix":"icon"}},"wdio_ui5_key":"shellheader"}]}
COMMAND: GET /session/ba8f8306183d693af77ab2140b410afd/screenshot - {}
RESULT: undefined
RESULT: {"script":"<script> [1562 bytes]","args":[{"selector":{"id":"shell-header","interaction":{"idSuffix":"icon"}},"wdio_ui5_key":"shellheader"}]}
RESULT: undefined
COMMAND: POST /session/ba8f8306183d693af77ab2140b410afd/refresh - {}
RESULT: {}
RESULT: {}
COMMAND: GET /session/ba8f8306183d693af77ab2140b410afd/screenshot - {}
RESULT: {}
COMMAND: POST /session/ba8f8306183d693af77ab2140b410afd/refresh - {}
RESULT: {}
COMMAND: GET /session/ba8f8306183d693af77ab2140b410afd/screenshot - {}
RESULT: {}
COMMAND: POST /session/ba8f8306183d693af77ab2140b410afd/window/fullscreen - {}
RESULT: {}
COMMAND: POST /session/ba8f8306183d693af77ab2140b410afd/execute/async - {"script":"<script> [189 bytes]","args":[]}
RESULT: {"script":"<script> [189 bytes]","args":[]}
COMMAND: POST /session/ba8f8306183d693af77ab2140b410afd/execute/async - {"script":"<script> [123 bytes]","args":[]}
RESULT: {"script":"<script> [123 bytes]","args":[]}
COMMAND: POST /session/ba8f8306183d693af77ab2140b410afd/timeouts - {"script":"<number>"}
RESULT: {"script":"<number>"}
COMMAND: GET /session/ba8f8306183d693af77ab2140b410afd/timeouts - {}
RESULT: {}
RESULT: undefined
COMMAND: POST /session/ba8f8306183d693af77ab2140b410afd/execute/async - {"script":"<script> [2676 bytes]","args":[]}
RESULT: {"script":"<script> [2676 bytes]","args":[]}
COMMAND: POST /session/ba8f8306183d693af77ab2140b410afd/execute/async - {"script":"<script> [2342 bytes]","args":[{"protocol":"http","hostname":"0.0.0.0","path":"/","capabilities":{"browserName":"chrome","goog:chromeOptions":{"binary":"C:\\Program Files\\Google\\Chrome\\Application\\chrome.exe","args":["--start-maximized"]}},"logLevel":"warn","connectionRetryTimeout":120000,"connectionRetryCount":3,"logLevels":{},"enableDirectConnect":true,"strictSSL":true,"_":"65 more keys: [\"cacheDir\",\"port\",\"requestedCapabilities\",\"automationProtocol\",\"baseUrl\",\"waitforInterval\",\"waitforTimeout\",\"onReload\",\"beforeCommand\",\"afterCommand\",\"rootDir\",\"specs\",\"suites\",\"exclude\",\"groupLogsByTestSpec\",\"excludeDriverLogs\",\"bail\",\"framework\",\"reporters\",\"services\",\"maxInstances\",\"maxInstancesPerCapability\",\"injectGlobals\",\"filesToWatch\",\"execArgv\",\"runnerEnv\",\"runner\",\"shard\",\"specFileRetries\",\"specFileRetriesDelay\",\"specFileRetriesDeferred\",\"reporterSyncInterval\",\"reporterSyncTimeout\",\"cucumberFeaturesWithLineNumbers\",\"autoCompileOpts\",\"mochaOpts\",\"jasmineOpts\",\"cucumberOpts\",\"onPrepare\",\"onWorkerStart\",\"onWorkerEnd\",\"before\",\"beforeSession\",\"beforeSuite\",\"beforeHook\",\"beforeTest\",\"afterTest\",\"afterHook\",\"afterSuite\",\"afterSession\",\"after\",\"onComplete\",\"beforeAssertion\",\"afterAssertion\",\"beforeFeature\",\"beforeScenario\",\"beforeStep\",\"afterStep\",\"afterScenario\",\"afterFeature\",\"_\",\"suite\",\"$0\",\"ignoredWorkerServices\",\"wdi5\"]"}]}
RESULT: {"script":"<script> [2342 bytes]","args":[{"protocol":"http","hostname":"0.0.0.0","path":"/","capabilities":{"browserName":"chrome","goog:chromeOptions":{"binary":"C:\\Program Files\\Google\\Chrome\\Application\\chrome.exe","args":["--start-maximized"]}},"logLevel":"warn","connectionRetryTimeout":120000,"connectionRetryCount":3,"logLevels":{},"enableDirectConnect":true,"strictSSL":true,"_":"65 more keys: [\"cacheDir\",\"port\",\"requestedCapabilities\",\"automationProtocol\",\"baseUrl\",\"waitforInterval\",\"waitforTimeout\",\"onReload\",\"beforeCommand\",\"afterCommand\",\"rootDir\",\"specs\",\"suites\",\"exclude\",\"groupLogsByTestSpec\",\"excludeDriverLogs\",\"bail\",\"framework\",\"reporters\",\"services\",\"maxInstances\",\"maxInstancesPerCapability\",\"injectGlobals\",\"filesToWatch\",\"execArgv\",\"runnerEnv\",\"runner\",\"shard\",\"specFileRetries\",\"specFileRetriesDelay\",\"specFileRetriesDeferred\",\"reporterSyncInterval\",\"reporterSyncTimeout\",\"cucumberFeaturesWithLineNumbers\",\"autoCompileOpts\",\"mochaOpts\",\"jasmineOpts\",\"cucumberOpts\",\"onPrepare\",\"onWorkerStart\",\"onWorkerEnd\",\"before\",\"beforeSession\",\"beforeSuite\",\"beforeHook\",\"beforeTest\",\"afterTest\",\"afterHook\",\"afterSuite\",\"afterSession\",\"after\",\"onComplete\",\"beforeAssertion\",\"afterAssertion\",\"beforeFeature\",\"beforeScenario\",\"beforeStep\",\"afterStep\",\"afterScenario\",\"afterFeature\",\"_\",\"suite\",\"$0\",\"ignoredWorkerServices\",\"wdi5\"]"}]}
COMMAND: POST /session/ba8f8306183d693af77ab2140b410afd/execute/async - {"script":"<script> [21126 bytes]","args":[35000]}
RESULT: {"script":"<script> [21126 bytes]","args":[35000]}
]]></system-out>
    </testcase>
  </testsuite>
  <testsuite timestamp="2025-06-14T18:15:11" time="757.23" tests="12" failures="0" errors="0" skipped="0">
    <properties>
      <property name="specId" value="0"/>
      <property name="suiteName" value="Create Reverse Billing US127248"/>
      <property name="capabilities" value="chrome.137_0_7151_69.windows"/>
      <property name="file" value="file:///D:/a/1/s/test/specs/BTS/reverse-billing.spec.js"/>
    </properties>
    <testcase classname="chrome.137_0_7151_69.windows.Create_Reverse_Billing_US127248" name="Should create a new yard" time="0.065">
      <system-out><![CDATA[
COMMAND: POST /session/ba8f8306183d693af77ab2140b410afd/window/fullscreen - {}
RESULT: {}
]]></system-out>
    </testcase>
    <testcase classname="chrome.137_0_7151_69.windows.Create_Reverse_Billing_US127248" name="Should create a new partner" time="0.002"/>
    <testcase classname="chrome.137_0_7151_69.windows.Create_Reverse_Billing_US127248" name="Should create a new site" time="0.001"/>
    <testcase classname="chrome.137_0_7151_69.windows.Create_Reverse_Billing_US127248" name="Should create a resource" time="157.693">
      <system-out><![CDATA[
COMMAND: POST /session/ba8f8306183d693af77ab2140b410afd/execute/async - {"script":"<script> [1562 bytes]","args":[{"selector":{"controlType":"sap.m.GenericTile","properties":{"header":"Manage Resources"}},"wdio_ui5_key":"sapm.GenericTile{\"header\":\"Manage Resources\"}"}]}
RESULT: {"script":"<script> [1562 bytes]","args":[{"selector":{"controlType":"sap.m.GenericTile","properties":{"header":"Manage Resources"}},"wdio_ui5_key":"sapm.GenericTile{\"header\":\"Manage Resources\"}"}]}
RESULT: undefined
COMMAND: POST /session/ba8f8306183d693af77ab2140b410afd/element - {"using":"xpath","value":"//*[@id=\"__tile40\"]"}
RESULT: {"using":"xpath","value":"//*[@id=\"__tile40\"]"}
COMMAND: POST /session/ba8f8306183d693af77ab2140b410afd/element/f.389042B4FF7C30867E20C40CA0954A5B.d.20F716AB8E90A56F6199470E4329F628.e.18774/click - {}
RESULT: {}
COMMAND: GET /session/ba8f8306183d693af77ab2140b410afd/screenshot - {}
RESULT: {}
COMMAND: POST /session/ba8f8306183d693af77ab2140b410afd/elements - {"using":"xpath","value":"//span[text()='Error']"}
RESULT: {"using":"xpath","value":"//span[text()='Error']"}
COMMAND: POST /session/ba8f8306183d693af77ab2140b410afd/element - {"using":"xpath","value":"//button[@data-kt=\"addNewRUOverflowToolbarButton\"]"}
RESULT: {"using":"xpath","value":"//button[@data-kt=\"addNewRUOverflowToolbarButton\"]"}
COMMAND: POST /session/ba8f8306183d693af77ab2140b410afd/elements - {"using":"xpath","value":"//button[@data-kt=\"addNewRUOverflowToolbarButton\"]"}
RESULT: {"using":"xpath","value":"//button[@data-kt=\"addNewRUOverflowToolbarButton\"]"}
COMMAND: POST /session/ba8f8306183d693af77ab2140b410afd/elements - {"using":"xpath","value":"//button[@data-kt=\"addNewRUOverflowToolbarButton\"]"}
RESULT: {"using":"xpath","value":"//button[@data-kt=\"addNewRUOverflowToolbarButton\"]"}
COMMAND: POST /session/ba8f8306183d693af77ab2140b410afd/elements - {"using":"xpath","value":"//button[@data-kt=\"addNewRUOverflowToolbarButton\"]"}
RESULT: {"using":"xpath","value":"//button[@data-kt=\"addNewRUOverflowToolbarButton\"]"}
COMMAND: POST /session/ba8f8306183d693af77ab2140b410afd/elements - {"using":"xpath","value":"//button[@data-kt=\"addNewRUOverflowToolbarButton\"]"}
RESULT: {"using":"xpath","value":"//button[@data-kt=\"addNewRUOverflowToolbarButton\"]"}
COMMAND: POST /session/ba8f8306183d693af77ab2140b410afd/elements - {"using":"xpath","value":"//button[@data-kt=\"addNewRUOverflowToolbarButton\"]"}
RESULT: {"using":"xpath","value":"//button[@data-kt=\"addNewRUOverflowToolbarButton\"]"}
COMMAND: POST /session/ba8f8306183d693af77ab2140b410afd/elements - {"using":"xpath","value":"//button[@data-kt=\"addNewRUOverflowToolbarButton\"]"}
RESULT: {"using":"xpath","value":"//button[@data-kt=\"addNewRUOverflowToolbarButton\"]"}
COMMAND: POST /session/ba8f8306183d693af77ab2140b410afd/elements - {"using":"xpath","value":"//button[@data-kt=\"addNewRUOverflowToolbarButton\"]"}
RESULT: {"using":"xpath","value":"//button[@data-kt=\"addNewRUOverflowToolbarButton\"]"}
COMMAND: POST /session/ba8f8306183d693af77ab2140b410afd/elements - {"using":"xpath","value":"//button[@data-kt=\"addNewRUOverflowToolbarButton\"]"}
RESULT: {"using":"xpath","value":"//button[@data-kt=\"addNewRUOverflowToolbarButton\"]"}
COMMAND: POST /session/ba8f8306183d693af77ab2140b410afd/elements - {"using":"xpath","value":"//button[@data-kt=\"addNewRUOverflowToolbarButton\"]"}
RESULT: {"using":"xpath","value":"//button[@data-kt=\"addNewRUOverflowToolbarButton\"]"}
COMMAND: POST /session/ba8f8306183d693af77ab2140b410afd/elements - {"using":"xpath","value":"//button[@data-kt=\"addNewRUOverflowToolbarButton\"]"}
RESULT: {"using":"xpath","value":"//button[@data-kt=\"addNewRUOverflowToolbarButton\"]"}
COMMAND: POST /session/ba8f8306183d693af77ab2140b410afd/elements - {"using":"xpath","value":"//button[@data-kt=\"addNewRUOverflowToolbarButton\"]"}
RESULT: {"using":"xpath","value":"//button[@data-kt=\"addNewRUOverflowToolbarButton\"]"}
COMMAND: POST /session/ba8f8306183d693af77ab2140b410afd/elements - {"using":"xpath","value":"//button[@data-kt=\"addNewRUOverflowToolbarButton\"]"}
RESULT: {"using":"xpath","value":"//button[@data-kt=\"addNewRUOverflowToolbarButton\"]"}
COMMAND: POST /session/ba8f8306183d693af77ab2140b410afd/elements - {"using":"xpath","value":"//button[@data-kt=\"addNewRUOverflowToolbarButton\"]"}
RESULT: {"using":"xpath","value":"//button[@data-kt=\"addNewRUOverflowToolbarButton\"]"}
COMMAND: POST /session/ba8f8306183d693af77ab2140b410afd/elements - {"using":"xpath","value":"//button[@data-kt=\"addNewRUOverflowToolbarButton\"]"}
RESULT: {"using":"xpath","value":"//button[@data-kt=\"addNewRUOverflowToolbarButton\"]"}
COMMAND: POST /session/ba8f8306183d693af77ab2140b410afd/elements - {"using":"xpath","value":"//button[@data-kt=\"addNewRUOverflowToolbarButton\"]"}
RESULT: {"using":"xpath","value":"//button[@data-kt=\"addNewRUOverflowToolbarButton\"]"}
COMMAND: POST /session/ba8f8306183d693af77ab2140b410afd/elements - {"using":"xpath","value":"//button[@data-kt=\"addNewRUOverflowToolbarButton\"]"}
RESULT: {"using":"xpath","value":"//button[@data-kt=\"addNewRUOverflowToolbarButton\"]"}
COMMAND: POST /session/ba8f8306183d693af77ab2140b410afd/elements - {"using":"xpath","value":"//button[@data-kt=\"addNewRUOverflowToolbarButton\"]"}
RESULT: {"using":"xpath","value":"//button[@data-kt=\"addNewRUOverflowToolbarButton\"]"}
COMMAND: POST /session/ba8f8306183d693af77ab2140b410afd/elements - {"using":"xpath","value":"//button[@data-kt=\"addNewRUOverflowToolbarButton\"]"}
RESULT: {"using":"xpath","value":"//button[@data-kt=\"addNewRUOverflowToolbarButton\"]"}
COMMAND: POST /session/ba8f8306183d693af77ab2140b410afd/elements - {"using":"xpath","value":"//button[@data-kt=\"addNewRUOverflowToolbarButton\"]"}
RESULT: {"using":"xpath","value":"//button[@data-kt=\"addNewRUOverflowToolbarButton\"]"}
COMMAND: POST /session/ba8f8306183d693af77ab2140b410afd/element - {"using":"xpath","value":"//button[@data-kt=\"addNewRUOverflowToolbarButton\"]"}
RESULT: {"using":"xpath","value":"//button[@data-kt=\"addNewRUOverflowToolbarButton\"]"}
COMMAND: POST /session/ba8f8306183d693af77ab2140b410afd/execute/sync - {"script":"<script> [8489 bytes]","args":[{"element-6066-11e4-a52e-4f735466cecf":"f.389042B4FF7C30867E20C40CA0954A5B.d.20F716AB8E90A56F6199470E4329F628.e.18929","ELEMENT":"f.389042B4FF7C30867E20C40CA0954A5B.d.20F716AB8E90A56F6199470E4329F628.e.18929"}]}
RESULT: {"script":"<script> [8489 bytes]","args":[{"element-6066-11e4-a52e-4f735466cecf":"f.389042B4FF7C30867E20C40CA0954A5B.d.20F716AB8E90A56F6199470E4329F628.e.18929","ELEMENT":"f.389042B4FF7C30867E20C40CA0954A5B.d.20F716AB8E90A56F6199470E4329F628.e.18929"}]}
COMMAND: GET /session/ba8f8306183d693af77ab2140b410afd/element/f.389042B4FF7C30867E20C40CA0954A5B.d.20F716AB8E90A56F6199470E4329F628.e.18929/enabled - {}
COMMAND: GET /session/ba8f8306183d693af77ab2140b410afd/screenshot - {}
RESULT: {}
COMMAND: POST /session/ba8f8306183d693af77ab2140b410afd/execute/sync - {"script":"<script> [8489 bytes]","args":[{"element-6066-11e4-a52e-4f735466cecf":"f.389042B4FF7C30867E20C40CA0954A5B.d.20F716AB8E90A56F6199470E4329F628.e.18929","ELEMENT":"f.389042B4FF7C30867E20C40CA0954A5B.d.20F716AB8E90A56F6199470E4329F628.e.18929"}]}
COMMAND: GET /session/ba8f8306183d693af77ab2140b410afd/screenshot - {}
RESULT: {}
RESULT: {"script":"<script> [8489 bytes]","args":[{"element-6066-11e4-a52e-4f735466cecf":"f.389042B4FF7C30867E20C40CA0954A5B.d.20F716AB8E90A56F6199470E4329F628.e.18929","ELEMENT":"f.389042B4FF7C30867E20C40CA0954A5B.d.20F716AB8E90A56F6199470E4329F628.e.18929"}]}
COMMAND: POST /session/ba8f8306183d693af77ab2140b410afd/execute/sync - {"script":"<script> [5351 bytes]","args":[{"element-6066-11e4-a52e-4f735466cecf":"f.389042B4FF7C30867E20C40CA0954A5B.d.20F716AB8E90A56F6199470E4329F628.e.18929","ELEMENT":"f.389042B4FF7C30867E20C40CA0954A5B.d.20F716AB8E90A56F6199470E4329F628.e.18929"}]}
COMMAND: GET /session/ba8f8306183d693af77ab2140b410afd/screenshot - {}
RESULT: {}
RESULT: {"script":"<script> [5351 bytes]","args":[{"element-6066-11e4-a52e-4f735466cecf":"f.389042B4FF7C30867E20C40CA0954A5B.d.20F716AB8E90A56F6199470E4329F628.e.18929","ELEMENT":"f.389042B4FF7C30867E20C40CA0954A5B.d.20F716AB8E90A56F6199470E4329F628.e.18929"}]}
COMMAND: POST /session/ba8f8306183d693af77ab2140b410afd/element/f.389042B4FF7C30867E20C40CA0954A5B.d.20F716AB8E90A56F6199470E4329F628.e.18929/click - {}
COMMAND: GET /session/ba8f8306183d693af77ab2140b410afd/screenshot - {}
RESULT: {}
RESULT: {}
COMMAND: GET /session/ba8f8306183d693af77ab2140b410afd/screenshot - {}
COMMAND: POST /session/ba8f8306183d693af77ab2140b410afd/execute/async - {"script":"<script> [1562 bytes]","args":[{"selector":{"id":"application-manageresources-display-component---newResourceUnit--TYPE-arrow"},"wdio_ui5_key":"applicationmanageresources-display-component---newResourceUnit--TYPE-arrow"}]}
RESULT: {}
RESULT: {}
RESULT: {"script":"<script> [1562 bytes]","args":[{"selector":{"id":"application-manageresources-display-component---newResourceUnit--TYPE-arrow"},"wdio_ui5_key":"applicationmanageresources-display-component---newResourceUnit--TYPE-arrow"}]}
RESULT: undefined
COMMAND: POST /session/ba8f8306183d693af77ab2140b410afd/element - {"using":"xpath","value":"//*[@id=\"application-manageresources-display-component---newResourceUnit--TYPE-arrow\"]"}
RESULT: {"using":"xpath","value":"//*[@id=\"application-manageresources-display-component---newResourceUnit--TYPE-arrow\"]"}
COMMAND: POST /session/ba8f8306183d693af77ab2140b410afd/element/f.389042B4FF7C30867E20C40CA0954A5B.d.20F716AB8E90A56F6199470E4329F628.e.19275/click - {}
RESULT: {}
COMMAND: POST /session/ba8f8306183d693af77ab2140b410afd/element - {"using":"xpath","value":"//input[@id=\"application-manageresources-display-component---newResourceUnit--TYPE-inner\"]"}
COMMAND: GET /session/ba8f8306183d693af77ab2140b410afd/screenshot - {}
RESULT: {"using":"xpath","value":"//input[@id=\"application-manageresources-display-component---newResourceUnit--TYPE-inner\"]"}
COMMAND: POST /session/ba8f8306183d693af77ab2140b410afd/element/f.389042B4FF7C30867E20C40CA0954A5B.d.20F716AB8E90A56F6199470E4329F628.e.19272/clear - {}
RESULT: {}
RESULT: {}
COMMAND: POST /session/ba8f8306183d693af77ab2140b410afd/element/f.389042B4FF7C30867E20C40CA0954A5B.d.20F716AB8E90A56F6199470E4329F628.e.19272/value - {"text":"Equipment"}
COMMAND: GET /session/ba8f8306183d693af77ab2140b410afd/screenshot - {}
RESULT: {"text":"Equipment"}
COMMAND: GET /session/ba8f8306183d693af77ab2140b410afd/screenshot - {}
RESULT: {}
RESULT: {}
COMMAND: POST /session/ba8f8306183d693af77ab2140b410afd/actions - {"actions":[{"id":"action60","type":"key","parameters":{},"actions":[{"type":"keyDown","value":""},{"type":"pause","duration":10},{"type":"keyUp","value":""}]}]}
RESULT: {"actions":[{"id":"action60","type":"key","parameters":{},"actions":[{"type":"keyDown","value":""},{"type":"pause","duration":10},{"type":"keyUp","value":""}]}]}
COMMAND: POST /session/ba8f8306183d693af77ab2140b410afd/execute/async - {"script":"<script> [1562 bytes]","args":[{"selector":{"id":"application-manageresources-display-component---newResourceUnit--resourceId","interaction":{"idSuffix":"inner"}},"wdio_ui5_key":"applicationmanageresources-display-component---newResourceUnit--resourceId"}]}
COMMAND: GET /session/ba8f8306183d693af77ab2140b410afd/screenshot - {}
RESULT: {"script":"<script> [1562 bytes]","args":[{"selector":{"id":"application-manageresources-display-component---newResourceUnit--resourceId","interaction":{"idSuffix":"inner"}},"wdio_ui5_key":"applicationmanageresources-display-component---newResourceUnit--resourceId"}]}
RESULT: undefined
COMMAND: POST /session/ba8f8306183d693af77ab2140b410afd/execute/async - {"script":"<script> [776 bytes]","args":[{"enterText":"iZyJ60wVki","selector":{"id":"application-manageresources-display-component---newResourceUnit--resourceId","interaction":{"idSuffix":"inner"}},"clearTextFirst":true,"interactionType":"ENTER_TEXT"}]}
RESULT: {}
RESULT: {"script":"<script> [776 bytes]","args":[{"enterText":"iZyJ60wVki","selector":{"id":"application-manageresources-display-component---newResourceUnit--resourceId","interaction":{"idSuffix":"inner"}},"clearTextFirst":true,"interactionType":"ENTER_TEXT"}]}
COMMAND: POST /session/ba8f8306183d693af77ab2140b410afd/execute/async - {"script":"<script> [1562 bytes]","args":[{"selector":{"id":"application-manageresources-display-component---newResourceUnit--SHORT_TEXT","interaction":{"idSuffix":"inner"}},"wdio_ui5_key":"applicationmanageresources-display-component---newResourceUnit--SHORT_TEXT"}]}
RESULT: {"script":"<script> [1562 bytes]","args":[{"selector":{"id":"application-manageresources-display-component---newResourceUnit--SHORT_TEXT","interaction":{"idSuffix":"inner"}},"wdio_ui5_key":"applicationmanageresources-display-component---newResourceUnit--SHORT_TEXT"}]}
RESULT: undefined
COMMAND: POST /session/ba8f8306183d693af77ab2140b410afd/execute/async - {"script":"<script> [776 bytes]","args":[{"enterText":"Intercompany Equipment WDIO","selector":{"id":"application-manageresources-display-component---newResourceUnit--SHORT_TEXT","interaction":{"idSuffix":"inner"}},"clearTextFirst":true,"interactionType":"ENTER_TEXT"}]}
RESULT: {"script":"<script> [776 bytes]","args":[{"enterText":"Intercompany Equipment WDIO","selector":{"id":"application-manageresources-display-component---newResourceUnit--SHORT_TEXT","interaction":{"idSuffix":"inner"}},"clearTextFirst":true,"interactionType":"ENTER_TEXT"}]}
COMMAND: POST /session/ba8f8306183d693af77ab2140b410afd/execute/async - {"script":"<script> [1562 bytes]","args":[{"selector":{"id":"application-manageresources-display-component---newResourceUnit--BASE_UNIT_OF_MEASURE","interaction":{"idSuffix":"inner"}},"wdio_ui5_key":"applicationmanageresources-display-component---newResourceUnit--BASE_UNIT_OF_MEASURE"}]}
RESULT: {"script":"<script> [1562 bytes]","args":[{"selector":{"id":"application-manageresources-display-component---newResourceUnit--BASE_UNIT_OF_MEASURE","interaction":{"idSuffix":"inner"}},"wdio_ui5_key":"applicationmanageresources-display-component---newResourceUnit--BASE_UNIT_OF_MEASURE"}]}
RESULT: undefined
COMMAND: POST /session/ba8f8306183d693af77ab2140b410afd/execute/async - {"script":"<script> [776 bytes]","args":[{"enterText":"Piece","selector":{"id":"application-manageresources-display-component---newResourceUnit--BASE_UNIT_OF_MEASURE","interaction":{"idSuffix":"inner"}},"clearTextFirst":true,"interactionType":"ENTER_TEXT"}]}
RESULT: {"script":"<script> [776 bytes]","args":[{"enterText":"Piece","selector":{"id":"application-manageresources-display-component---newResourceUnit--BASE_UNIT_OF_MEASURE","interaction":{"idSuffix":"inner"}},"clearTextFirst":true,"interactionType":"ENTER_TEXT"}]}
COMMAND: POST /session/ba8f8306183d693af77ab2140b410afd/execute/async - {"script":"<script> [1562 bytes]","args":[{"selector":{"id":"application-manageresources-display-component---newResourceUnit--WEIGHT_UNIT","interaction":{"idSuffix":"inner"}},"wdio_ui5_key":"applicationmanageresources-display-component---newResourceUnit--WEIGHT_UNIT"}]}
RESULT: {"script":"<script> [1562 bytes]","args":[{"selector":{"id":"application-manageresources-display-component---newResourceUnit--WEIGHT_UNIT","interaction":{"idSuffix":"inner"}},"wdio_ui5_key":"applicationmanageresources-display-component---newResourceUnit--WEIGHT_UNIT"}]}
RESULT: undefined
COMMAND: POST /session/ba8f8306183d693af77ab2140b410afd/execute/async - {"script":"<script> [776 bytes]","args":[{"enterText":"Gram","selector":{"id":"application-manageresources-display-component---newResourceUnit--WEIGHT_UNIT","interaction":{"idSuffix":"inner"}},"clearTextFirst":true,"interactionType":"ENTER_TEXT"}]}
RESULT: {"script":"<script> [776 bytes]","args":[{"enterText":"Gram","selector":{"id":"application-manageresources-display-component---newResourceUnit--WEIGHT_UNIT","interaction":{"idSuffix":"inner"}},"clearTextFirst":true,"interactionType":"ENTER_TEXT"}]}
COMMAND: POST /session/ba8f8306183d693af77ab2140b410afd/execute/async - {"script":"<script> [1562 bytes]","args":[{"selector":{"id":"application-manageresources-display-component---newResourceUnit--DIMENSION_UNIT","interaction":{"idSuffix":"inner"}},"wdio_ui5_key":"applicationmanageresources-display-component---newResourceUnit--DIMENSION_UNIT"}]}
RESULT: {"script":"<script> [1562 bytes]","args":[{"selector":{"id":"application-manageresources-display-component---newResourceUnit--DIMENSION_UNIT","interaction":{"idSuffix":"inner"}},"wdio_ui5_key":"applicationmanageresources-display-component---newResourceUnit--DIMENSION_UNIT"}]}
RESULT: undefined
COMMAND: POST /session/ba8f8306183d693af77ab2140b410afd/execute/async - {"script":"<script> [776 bytes]","args":[{"enterText":"Meter","selector":{"id":"application-manageresources-display-component---newResourceUnit--DIMENSION_UNIT","interaction":{"idSuffix":"inner"}},"clearTextFirst":true,"interactionType":"ENTER_TEXT"}]}
RESULT: {"script":"<script> [776 bytes]","args":[{"enterText":"Meter","selector":{"id":"application-manageresources-display-component---newResourceUnit--DIMENSION_UNIT","interaction":{"idSuffix":"inner"}},"clearTextFirst":true,"interactionType":"ENTER_TEXT"}]}
COMMAND: POST /session/ba8f8306183d693af77ab2140b410afd/execute/async - {"script":"<script> [1562 bytes]","args":[{"selector":{"id":"application-manageresources-display-component---newResourceUnit--newRRUPage-anchBar-application-manageresources-display-component---newResourceUnit--control-anchor","interaction":{"idSuffix":"BDI-content"}},"wdio_ui5_key":"applicationmanageresources-display-component---newResourceUnit--newRRUPage-anchBar-application-manageresources-display-component---newResourceUnit--control-anchor"}]}
RESULT: {"script":"<script> [1562 bytes]","args":[{"selector":{"id":"application-manageresources-display-component---newResourceUnit--newRRUPage-anchBar-application-manageresources-display-component---newResourceUnit--control-anchor","interaction":{"idSuffix":"BDI-content"}},"wdio_ui5_key":"applicationmanageresources-display-component---newResourceUnit--newRRUPage-anchBar-application-manageresources-display-component---newResourceUnit--control-anchor"}]}
RESULT: undefined
COMMAND: POST /session/ba8f8306183d693af77ab2140b410afd/element - {"using":"xpath","value":"//*[@id=\"application-manageresources-display-component---newResourceUnit--newRRUPage-anchBar-application-manageresources-display-component---newResourceUnit--control-anchor\"]"}
RESULT: {"using":"xpath","value":"//*[@id=\"application-manageresources-display-component---newResourceUnit--newRRUPage-anchBar-application-manageresources-display-component---newResourceUnit--control-anchor\"]"}
COMMAND: POST /session/ba8f8306183d693af77ab2140b410afd/element/f.389042B4FF7C30867E20C40CA0954A5B.d.20F716AB8E90A56F6199470E4329F628.e.19433/click - {}
RESULT: {}
COMMAND: POST /session/ba8f8306183d693af77ab2140b410afd/execute/async - {"script":"<script> [1562 bytes]","args":[{"selector":{"id":"application-manageresources-display-component---newResourceUnit--PLANNING_GROUP","interaction":{"idSuffix":"inner"}},"wdio_ui5_key":"applicationmanageresources-display-component---newResourceUnit--PLANNING_GROUP"}]}
COMMAND: GET /session/ba8f8306183d693af77ab2140b410afd/screenshot - {}
RESULT: {"script":"<script> [1562 bytes]","args":[{"selector":{"id":"application-manageresources-display-component---newResourceUnit--PLANNING_GROUP","interaction":{"idSuffix":"inner"}},"wdio_ui5_key":"applicationmanageresources-display-component---newResourceUnit--PLANNING_GROUP"}]}
RESULT: undefined
COMMAND: POST /session/ba8f8306183d693af77ab2140b410afd/execute/async - {"script":"<script> [776 bytes]","args":[{"enterText":"Heavy Equi","selector":{"id":"application-manageresources-display-component---newResourceUnit--PLANNING_GROUP","interaction":{"idSuffix":"inner"}},"clearTextFirst":true,"interactionType":"ENTER_TEXT"}]}
RESULT: {}
RESULT: {"script":"<script> [776 bytes]","args":[{"enterText":"Heavy Equi","selector":{"id":"application-manageresources-display-component---newResourceUnit--PLANNING_GROUP","interaction":{"idSuffix":"inner"}},"clearTextFirst":true,"interactionType":"ENTER_TEXT"}]}
COMMAND: POST /session/ba8f8306183d693af77ab2140b410afd/execute/async - {"script":"<script> [1562 bytes]","args":[{"selector":{"id":"application-manageresources-display-component---newResourceUnit--ITEM_TYPE-arrow"},"wdio_ui5_key":"applicationmanageresources-display-component---newResourceUnit--ITEM_TYPE-arrow"}]}
RESULT: {"script":"<script> [1562 bytes]","args":[{"selector":{"id":"application-manageresources-display-component---newResourceUnit--ITEM_TYPE-arrow"},"wdio_ui5_key":"applicationmanageresources-display-component---newResourceUnit--ITEM_TYPE-arrow"}]}
RESULT: undefined
COMMAND: POST /session/ba8f8306183d693af77ab2140b410afd/element - {"using":"xpath","value":"//*[@id=\"application-manageresources-display-component---newResourceUnit--ITEM_TYPE-arrow\"]"}
RESULT: {"using":"xpath","value":"//*[@id=\"application-manageresources-display-component---newResourceUnit--ITEM_TYPE-arrow\"]"}
COMMAND: POST /session/ba8f8306183d693af77ab2140b410afd/element/f.389042B4FF7C30867E20C40CA0954A5B.d.20F716AB8E90A56F6199470E4329F628.e.19440/click - {}
RESULT: {}
COMMAND: POST /session/ba8f8306183d693af77ab2140b410afd/element - {"using":"xpath","value":"//ul[contains(@id,\"ITEM_TYPE-popup-list-listUl\")]//li[.//span[contains(text(),\"Resource Unit\")]]"}
COMMAND: GET /session/ba8f8306183d693af77ab2140b410afd/screenshot - {}
RESULT: {"using":"xpath","value":"//ul[contains(@id,\"ITEM_TYPE-popup-list-listUl\")]//li[.//span[contains(text(),\"Resource Unit\")]]"}
COMMAND: POST /session/ba8f8306183d693af77ab2140b410afd/element/f.389042B4FF7C30867E20C40CA0954A5B.d.20F716AB8E90A56F6199470E4329F628.e.19441/click - {}
RESULT: {}
RESULT: {}
COMMAND: GET /session/ba8f8306183d693af77ab2140b410afd/screenshot - {}
RESULT: {}
COMMAND: POST /session/ba8f8306183d693af77ab2140b410afd/element - {"using":"css selector","value":"#application-manageresources-display-component---newResourceUnit--btnAddTimeSegment"}
RESULT: {"using":"css selector","value":"#application-manageresources-display-component---newResourceUnit--btnAddTimeSegment"}
COMMAND: GET /session/ba8f8306183d693af77ab2140b410afd/element/f.389042B4FF7C30867E20C40CA0954A5B.d.20F716AB8E90A56F6199470E4329F628.e.19449/rect - {}
RESULT: {}
COMMAND: GET /session/ba8f8306183d693af77ab2140b410afd/window/rect - {}
RESULT: {}
COMMAND: POST /session/ba8f8306183d693af77ab2140b410afd/execute/sync - {"script":"<script> [92 bytes]","args":[]}
RESULT: {"script":"<script> [92 bytes]","args":[]}
COMMAND: POST /session/ba8f8306183d693af77ab2140b410afd/actions - {"actions":[{"id":"action61","type":"wheel","parameters":{},"actions":[{"type":"scroll","x":-1888,"y":-32,"deltaX":0,"deltaY":0,"duration":0,"origin":{"element-6066-11e4-a52e-4f735466cecf":"f.389042B4FF7C30867E20C40CA0954A5B.d.20F716AB8E90A56F6199470E4329F628.e.19449"}}]}]}
COMMAND: GET /session/ba8f8306183d693af77ab2140b410afd/screenshot - {}
RESULT: {}
COMMAND: POST /session/ba8f8306183d693af77ab2140b410afd/execute/sync - {"script":"<script> [79 bytes]","args":[{"element-6066-11e4-a52e-4f735466cecf":"f.389042B4FF7C30867E20C40CA0954A5B.d.20F716AB8E90A56F6199470E4329F628.e.19449","ELEMENT":"f.389042B4FF7C30867E20C40CA0954A5B.d.20F716AB8E90A56F6199470E4329F628.e.19449"},{"block":"start","inline":"nearest"}]}
RESULT: {"script":"<script> [79 bytes]","args":[{"element-6066-11e4-a52e-4f735466cecf":"f.389042B4FF7C30867E20C40CA0954A5B.d.20F716AB8E90A56F6199470E4329F628.e.19449","ELEMENT":"f.389042B4FF7C30867E20C40CA0954A5B.d.20F716AB8E90A56F6199470E4329F628.e.19449"},{"block":"start","inline":"nearest"}]}
COMMAND: POST /session/ba8f8306183d693af77ab2140b410afd/execute/async - {"script":"<script> [1562 bytes]","args":[{"selector":{"id":"application-manageresources-display-component---newResourceUnit--btnAddTimeSegment","interaction":{"idSuffix":"inner"}},"wdio_ui5_key":"applicationmanageresources-display-component---newResourceUnit--btnAddTimeSegment"}]}
COMMAND: GET /session/ba8f8306183d693af77ab2140b410afd/screenshot - {}
RESULT: {"script":"<script> [1562 bytes]","args":[{"selector":{"id":"application-manageresources-display-component---newResourceUnit--btnAddTimeSegment","interaction":{"idSuffix":"inner"}},"wdio_ui5_key":"applicationmanageresources-display-component---newResourceUnit--btnAddTimeSegment"}]}
RESULT: undefined
COMMAND: POST /session/ba8f8306183d693af77ab2140b410afd/element - {"using":"xpath","value":"//*[@id=\"application-manageresources-display-component---newResourceUnit--btnAddTimeSegment\"]"}
RESULT: {}
RESULT: {"using":"xpath","value":"//*[@id=\"application-manageresources-display-component---newResourceUnit--btnAddTimeSegment\"]"}
COMMAND: POST /session/ba8f8306183d693af77ab2140b410afd/element/f.389042B4FF7C30867E20C40CA0954A5B.d.20F716AB8E90A56F6199470E4329F628.e.19449/click - {}
RESULT: {}
COMMAND: GET /session/ba8f8306183d693af77ab2140b410afd/screenshot - {}
RESULT: {}
COMMAND: POST /session/ba8f8306183d693af77ab2140b410afd/element - {"using":"xpath","value":"//input[@id=\"application-manageresources-display-component---newResourceUnit--idRuTSAdmin-application-manageresources-display-component---newResourceUnit--RUTimeSegment-0-inner\"]"}
RESULT: {"using":"xpath","value":"//input[@id=\"application-manageresources-display-component---newResourceUnit--idRuTSAdmin-application-manageresources-display-component---newResourceUnit--RUTimeSegment-0-inner\"]"}
COMMAND: POST /session/ba8f8306183d693af77ab2140b410afd/element/f.389042B4FF7C30867E20C40CA0954A5B.d.20F716AB8E90A56F6199470E4329F628.e.19455/clear - {}
RESULT: {}
COMMAND: POST /session/ba8f8306183d693af77ab2140b410afd/element/f.389042B4FF7C30867E20C40CA0954A5B.d.20F716AB8E90A56F6199470E4329F628.e.19455/value - {"text":"273"}
COMMAND: GET /session/ba8f8306183d693af77ab2140b410afd/screenshot - {}
RESULT: {"text":"273"}
COMMAND: GET /session/ba8f8306183d693af77ab2140b410afd/screenshot - {}
RESULT: {}
RESULT: {}
COMMAND: POST /session/ba8f8306183d693af77ab2140b410afd/element - {"using":"xpath","value":"//li[.//span[text()='273']]"}
RESULT: {"using":"xpath","value":"//li[.//span[text()='273']]"}
COMMAND: POST /session/ba8f8306183d693af77ab2140b410afd/element/f.389042B4FF7C30867E20C40CA0954A5B.d.20F716AB8E90A56F6199470E4329F628.e.19467/click - {}
RESULT: {}
COMMAND: GET /session/ba8f8306183d693af77ab2140b410afd/screenshot - {}
RESULT: {}
COMMAND: POST /session/ba8f8306183d693af77ab2140b410afd/element - {"using":"xpath","value":"(//span[contains(@id, \"-application-manageresources-display-component---newResourceUnit--RUTimeSegment-0-arrow\")])[6]"}
RESULT: {"using":"xpath","value":"(//span[contains(@id, \"-application-manageresources-display-component---newResourceUnit--RUTimeSegment-0-arrow\")])[6]"}
COMMAND: POST /session/ba8f8306183d693af77ab2140b410afd/element/f.389042B4FF7C30867E20C40CA0954A5B.d.20F716AB8E90A56F6199470E4329F628.e.19468/click - {}
RESULT: {}
COMMAND: GET /session/ba8f8306183d693af77ab2140b410afd/screenshot - {}
RESULT: {}
COMMAND: POST /session/ba8f8306183d693af77ab2140b410afd/element - {"using":"xpath","value":"//span[contains(text(), \"PM Order\")]"}
RESULT: {"using":"xpath","value":"//span[contains(text(), \"PM Order\")]"}
COMMAND: POST /session/ba8f8306183d693af77ab2140b410afd/element/f.389042B4FF7C30867E20C40CA0954A5B.d.20F716AB8E90A56F6199470E4329F628.e.19471/click - {}
RESULT: {}
COMMAND: GET /session/ba8f8306183d693af77ab2140b410afd/screenshot - {}
RESULT: {}
COMMAND: POST /session/ba8f8306183d693af77ab2140b410afd/element - {"using":"xpath","value":"(//span[contains(@id ,\"manageresources-display-component---newResourceUnit--RUTimeSegment-0-vhi\")])[1]"}
RESULT: {"using":"xpath","value":"(//span[contains(@id ,\"manageresources-display-component---newResourceUnit--RUTimeSegment-0-vhi\")])[1]"}
COMMAND: GET /session/ba8f8306183d693af77ab2140b410afd/element/f.389042B4FF7C30867E20C40CA0954A5B.d.20F716AB8E90A56F6199470E4329F628.e.19475/rect - {}
RESULT: {}
COMMAND: GET /session/ba8f8306183d693af77ab2140b410afd/window/rect - {}
RESULT: {}
COMMAND: POST /session/ba8f8306183d693af77ab2140b410afd/execute/sync - {"script":"<script> [92 bytes]","args":[]}
RESULT: {"script":"<script> [92 bytes]","args":[]}
COMMAND: POST /session/ba8f8306183d693af77ab2140b410afd/actions - {"actions":[{"id":"action62","type":"wheel","parameters":{},"actions":[{"type":"scroll","x":-869,"y":-24,"deltaX":0,"deltaY":0,"duration":0,"origin":{"element-6066-11e4-a52e-4f735466cecf":"f.389042B4FF7C30867E20C40CA0954A5B.d.20F716AB8E90A56F6199470E4329F628.e.19475"}}]}]}
COMMAND: GET /session/ba8f8306183d693af77ab2140b410afd/screenshot - {}
RESULT: {"actions":[{"id":"action62","type":"wheel","parameters":{},"actions":[{"type":"scroll","x":-869,"y":-24,"deltaX":0,"deltaY":0,"duration":0,"origin":{"element-6066-11e4-a52e-4f735466cecf":"f.389042B4FF7C30867E20C40CA0954A5B.d.20F716AB8E90A56F6199470E4329F628.e.19475"}}]}]}
COMMAND: DELETE /session/ba8f8306183d693af77ab2140b410afd/actions - {}
COMMAND: GET /session/ba8f8306183d693af77ab2140b410afd/screenshot - {}
RESULT: {}
RESULT: {}
COMMAND: GET /session/ba8f8306183d693af77ab2140b410afd/screenshot - {}
RESULT: {}
RESULT: {}
COMMAND: POST /session/ba8f8306183d693af77ab2140b410afd/element/f.389042B4FF7C30867E20C40CA0954A5B.d.20F716AB8E90A56F6199470E4329F628.e.19475/click - {}
RESULT: {}
COMMAND: GET /session/ba8f8306183d693af77ab2140b410afd/screenshot - {}
RESULT: {}
COMMAND: POST /session/ba8f8306183d693af77ab2140b410afd/execute/async - {"script":"<script> [1562 bytes]","args":[{"selector":{"controlType":"sap.m.SearchField","properties":{"placeholder":"Search"},"searchOpenDialogs":true,"interaction":{"idSuffix":"I"}},"wdio_ui5_key":"sapm.SearchField{\"placeholder\":\"Search\"}"}]}
RESULT: {"script":"<script> [1562 bytes]","args":[{"selector":{"controlType":"sap.m.SearchField","properties":{"placeholder":"Search"},"searchOpenDialogs":true,"interaction":{"idSuffix":"I"}},"wdio_ui5_key":"sapm.SearchField{\"placeholder\":\"Search\"}"}]}
RESULT: undefined
COMMAND: POST /session/ba8f8306183d693af77ab2140b410afd/execute/async - {"script":"<script> [776 bytes]","args":[{"enterText":"4000360","selector":{"controlType":"sap.m.SearchField","properties":{"placeholder":"Search"},"searchOpenDialogs":true,"interaction":{"idSuffix":"I"}},"clearTextFirst":true,"interactionType":"ENTER_TEXT"}]}
RESULT: {"script":"<script> [776 bytes]","args":[{"enterText":"4000360","selector":{"controlType":"sap.m.SearchField","properties":{"placeholder":"Search"},"searchOpenDialogs":true,"interaction":{"idSuffix":"I"}},"clearTextFirst":true,"interactionType":"ENTER_TEXT"}]}
COMMAND: POST /session/ba8f8306183d693af77ab2140b410afd/actions - {"actions":[{"id":"action63","type":"key","parameters":{},"actions":[{"type":"keyDown","value":""},{"type":"pause","duration":10},{"type":"keyUp","value":""}]}]}
RESULT: {"actions":[{"id":"action63","type":"key","parameters":{},"actions":[{"type":"keyDown","value":""},{"type":"pause","duration":10},{"type":"keyUp","value":""}]}]}
COMMAND: GET /session/ba8f8306183d693af77ab2140b410afd/screenshot - {}
RESULT: {}
COMMAND: POST /session/ba8f8306183d693af77ab2140b410afd/element - {"using":"xpath","value":"//td/div/span[contains(text(), \"BGL Vehicles\")]"}
RESULT: {"using":"xpath","value":"//td/div/span[contains(text(), \"BGL Vehicles\")]"}
COMMAND: POST /session/ba8f8306183d693af77ab2140b410afd/element/f.389042B4FF7C30867E20C40CA0954A5B.d.20F716AB8E90A56F6199470E4329F628.e.19497/click - {}
RESULT: {}
COMMAND: GET /session/ba8f8306183d693af77ab2140b410afd/screenshot - {}
RESULT: {}
COMMAND: POST /session/ba8f8306183d693af77ab2140b410afd/element - {"using":"xpath","value":"//bdi[contains(text(), \"OK\")]"}
RESULT: {"using":"xpath","value":"//bdi[contains(text(), \"OK\")]"}
COMMAND: POST /session/ba8f8306183d693af77ab2140b410afd/element/f.389042B4FF7C30867E20C40CA0954A5B.d.20F716AB8E90A56F6199470E4329F628.e.19498/click - {}
RESULT: {}
COMMAND: GET /session/ba8f8306183d693af77ab2140b410afd/screenshot - {}
RESULT: {}
COMMAND: POST /session/ba8f8306183d693af77ab2140b410afd/execute/async - {"script":"<script> [1562 bytes]","args":[{"selector":{"id":"application-manageresources-display-component---newResourceUnit--newRRUPage-anchBar-application-manageresources-display-component---newResourceUnit--resource-anchor","interaction":{"idSuffix":"BDI-content"}},"wdio_ui5_key":"applicationmanageresources-display-component---newResourceUnit--newRRUPage-anchBar-application-manageresources-display-component---newResourceUnit--resource-anchor"}]}
RESULT: {"script":"<script> [1562 bytes]","args":[{"selector":{"id":"application-manageresources-display-component---newResourceUnit--newRRUPage-anchBar-application-manageresources-display-component---newResourceUnit--resource-anchor","interaction":{"idSuffix":"BDI-content"}},"wdio_ui5_key":"applicationmanageresources-display-component---newResourceUnit--newRRUPage-anchBar-application-manageresources-display-component---newResourceUnit--resource-anchor"}]}
RESULT: undefined
COMMAND: POST /session/ba8f8306183d693af77ab2140b410afd/element - {"using":"xpath","value":"//*[@id=\"application-manageresources-display-component---newResourceUnit--newRRUPage-anchBar-application-manageresources-display-component---newResourceUnit--resource-anchor\"]"}
RESULT: {"using":"xpath","value":"//*[@id=\"application-manageresources-display-component---newResourceUnit--newRRUPage-anchBar-application-manageresources-display-component---newResourceUnit--resource-anchor\"]"}
COMMAND: POST /session/ba8f8306183d693af77ab2140b410afd/element/f.389042B4FF7C30867E20C40CA0954A5B.d.20F716AB8E90A56F6199470E4329F628.e.19502/click - {}
RESULT: {}
COMMAND: POST /session/ba8f8306183d693af77ab2140b410afd/execute/async - {"script":"<script> [1562 bytes]","args":[{"selector":{"id":"application-manageresources-display-component---newResourceUnit--PLANNED_DELIVERY_DATE","interaction":{"idSuffix":"inner"}},"wdio_ui5_key":"applicationmanageresources-display-component---newResourceUnit--PLANNED_DELIVERY_DATE"}]}
COMMAND: GET /session/ba8f8306183d693af77ab2140b410afd/screenshot - {}
RESULT: {"script":"<script> [1562 bytes]","args":[{"selector":{"id":"application-manageresources-display-component---newResourceUnit--PLANNED_DELIVERY_DATE","interaction":{"idSuffix":"inner"}},"wdio_ui5_key":"applicationmanageresources-display-component---newResourceUnit--PLANNED_DELIVERY_DATE"}]}
RESULT: undefined
COMMAND: POST /session/ba8f8306183d693af77ab2140b410afd/execute/async - {"script":"<script> [6424 bytes]","args":[{"element-6066-11e4-a52e-4f735466cecf":"f.389042B4FF7C30867E20C40CA0954A5B.d.20F716AB8E90A56F6199470E4329F628.e.19333"},"setValue",["6/14/25"]]}
RESULT: {}
RESULT: {"script":"<script> [6424 bytes]","args":[{"element-6066-11e4-a52e-4f735466cecf":"f.389042B4FF7C30867E20C40CA0954A5B.d.20F716AB8E90A56F6199470E4329F628.e.19333"},"setValue",["6/14/25"]]}
COMMAND: POST /session/ba8f8306183d693af77ab2140b410afd/element - {"using":"xpath","value":"//label[contains(@class, 'sapMLabelRequired') and .//bdi[contains(text(), 'Planned Retirement')]]"}
RESULT: {"using":"xpath","value":"//label[contains(@class, 'sapMLabelRequired') and .//bdi[contains(text(), 'Planned Retirement')]]"}
COMMAND: POST /session/ba8f8306183d693af77ab2140b410afd/elements - {"using":"xpath","value":"//label[contains(@class, 'sapMLabelRequired') and .//bdi[contains(text(), 'Planned Retirement')]]"}
RESULT: {"using":"xpath","value":"//label[contains(@class, 'sapMLabelRequired') and .//bdi[contains(text(), 'Planned Retirement')]]"}
COMMAND: POST /session/ba8f8306183d693af77ab2140b410afd/element - {"using":"xpath","value":"//button[@data-kt=\"resourceUnitSaveButton\"]"}
RESULT: {"using":"xpath","value":"//button[@data-kt=\"resourceUnitSaveButton\"]"}
COMMAND: POST /session/ba8f8306183d693af77ab2140b410afd/element/f.389042B4FF7C30867E20C40CA0954A5B.d.20F716AB8E90A56F6199470E4329F628.e.19292/click - {}
RESULT: {}
COMMAND: GET /session/ba8f8306183d693af77ab2140b410afd/screenshot - {}
RESULT: {}
COMMAND: POST /session/ba8f8306183d693af77ab2140b410afd/element - {"using":"xpath","value":"//bdi[contains(text(), \"Close\")]"}
RESULT: {"using":"xpath","value":"//bdi[contains(text(), \"Close\")]"}
COMMAND: POST /session/ba8f8306183d693af77ab2140b410afd/element/f.389042B4FF7C30867E20C40CA0954A5B.d.20F716AB8E90A56F6199470E4329F628.e.19510/click - {}
RESULT: {}
COMMAND: GET /session/ba8f8306183d693af77ab2140b410afd/screenshot - {}
RESULT: {}
COMMAND: POST /session/ba8f8306183d693af77ab2140b410afd/element - {"using":"xpath","value":"(//button[contains(@id ,\"actionsToolbar-overflowButton\")])[1]"}
RESULT: {"using":"xpath","value":"(//button[contains(@id ,\"actionsToolbar-overflowButton\")])[1]"}
COMMAND: POST /session/ba8f8306183d693af77ab2140b410afd/element/f.389042B4FF7C30867E20C40CA0954A5B.d.20F716AB8E90A56F6199470E4329F628.e.19545/click - {}
RESULT: {}
COMMAND: GET /session/ba8f8306183d693af77ab2140b410afd/screenshot - {}
RESULT: {}
COMMAND: POST /session/ba8f8306183d693af77ab2140b410afd/element - {"using":"xpath","value":"//button[@data-kt=\"priceInfoButton\"]"}
RESULT: {"using":"xpath","value":"//button[@data-kt=\"priceInfoButton\"]"}
COMMAND: POST /session/ba8f8306183d693af77ab2140b410afd/element/f.389042B4FF7C30867E20C40CA0954A5B.d.20F716AB8E90A56F6199470E4329F628.e.19547/click - {}
RESULT: {}
COMMAND: GET /session/ba8f8306183d693af77ab2140b410afd/screenshot - {}
]]></system-out>
    </testcase>
    <testcase classname="chrome.137_0_7151_69.windows.Create_Reverse_Billing_US127248" name="Should create a pricing procedure" time="62.339">
      <system-out><![CDATA[
COMMAND: POST /session/ba8f8306183d693af77ab2140b410afd/element - {"using":"xpath","value":"//button[@data-kt=\"addButton\"]"}
RESULT: {}
RESULT: {"using":"xpath","value":"//button[@data-kt=\"addButton\"]"}
COMMAND: POST /session/ba8f8306183d693af77ab2140b410afd/elements - {"using":"xpath","value":"//button[@data-kt=\"addButton\"]"}
RESULT: {"using":"xpath","value":"//button[@data-kt=\"addButton\"]"}
COMMAND: POST /session/ba8f8306183d693af77ab2140b410afd/execute/sync - {"script":"<script> [8489 bytes]","args":[{"element-6066-11e4-a52e-4f735466cecf":"f.389042B4FF7C30867E20C40CA0954A5B.d.20F716AB8E90A56F6199470E4329F628.e.19595","ELEMENT":"f.389042B4FF7C30867E20C40CA0954A5B.d.20F716AB8E90A56F6199470E4329F628.e.19595"}]}
RESULT: {"script":"<script> [8489 bytes]","args":[{"element-6066-11e4-a52e-4f735466cecf":"f.389042B4FF7C30867E20C40CA0954A5B.d.20F716AB8E90A56F6199470E4329F628.e.19595","ELEMENT":"f.389042B4FF7C30867E20C40CA0954A5B.d.20F716AB8E90A56F6199470E4329F628.e.19595"}]}
COMMAND: GET /session/ba8f8306183d693af77ab2140b410afd/element/f.389042B4FF7C30867E20C40CA0954A5B.d.20F716AB8E90A56F6199470E4329F628.e.19595/enabled - {}
RESULT: {}
COMMAND: POST /session/ba8f8306183d693af77ab2140b410afd/execute/sync - {"script":"<script> [8489 bytes]","args":[{"element-6066-11e4-a52e-4f735466cecf":"f.389042B4FF7C30867E20C40CA0954A5B.d.20F716AB8E90A56F6199470E4329F628.e.19595","ELEMENT":"f.389042B4FF7C30867E20C40CA0954A5B.d.20F716AB8E90A56F6199470E4329F628.e.19595"}]}
COMMAND: GET /session/ba8f8306183d693af77ab2140b410afd/screenshot - {}
COMMAND: GET /session/ba8f8306183d693af77ab2140b410afd/screenshot - {}
RESULT: {"script":"<script> [8489 bytes]","args":[{"element-6066-11e4-a52e-4f735466cecf":"f.389042B4FF7C30867E20C40CA0954A5B.d.20F716AB8E90A56F6199470E4329F628.e.19595","ELEMENT":"f.389042B4FF7C30867E20C40CA0954A5B.d.20F716AB8E90A56F6199470E4329F628.e.19595"}]}
COMMAND: POST /session/ba8f8306183d693af77ab2140b410afd/execute/sync - {"script":"<script> [5351 bytes]","args":[{"element-6066-11e4-a52e-4f735466cecf":"f.389042B4FF7C30867E20C40CA0954A5B.d.20F716AB8E90A56F6199470E4329F628.e.19595","ELEMENT":"f.389042B4FF7C30867E20C40CA0954A5B.d.20F716AB8E90A56F6199470E4329F628.e.19595"}]}
RESULT: {}
COMMAND: GET /session/ba8f8306183d693af77ab2140b410afd/screenshot - {}
RESULT: {}
RESULT: {"script":"<script> [5351 bytes]","args":[{"element-6066-11e4-a52e-4f735466cecf":"f.389042B4FF7C30867E20C40CA0954A5B.d.20F716AB8E90A56F6199470E4329F628.e.19595","ELEMENT":"f.389042B4FF7C30867E20C40CA0954A5B.d.20F716AB8E90A56F6199470E4329F628.e.19595"}]}
COMMAND: POST /session/ba8f8306183d693af77ab2140b410afd/element/f.389042B4FF7C30867E20C40CA0954A5B.d.20F716AB8E90A56F6199470E4329F628.e.19595/click - {}
COMMAND: GET /session/ba8f8306183d693af77ab2140b410afd/screenshot - {}
RESULT: {}
RESULT: {}
COMMAND: GET /session/ba8f8306183d693af77ab2140b410afd/screenshot - {}
RESULT: {}
RESULT: {}
COMMAND: POST /session/ba8f8306183d693af77ab2140b410afd/execute/async - {"script":"<script> [1562 bytes]","args":[{"selector":{"controlType":"sap.m.Title","viewName":"etm.portal.ui.managepricingrules.view.NewItem","viewId":"application-managepricingrules-display-component---newInfoPriceItem","properties":{"text":"New Pricing Rules - Item Level"}},"wdio_ui5_key":"etmportal.ui.managepricingrules.view.NewItemsap.m.Title{\"text\":\"New Pricing Rules - Item Level\"}"}]}
RESULT: {"script":"<script> [1562 bytes]","args":[{"selector":{"controlType":"sap.m.Title","viewName":"etm.portal.ui.managepricingrules.view.NewItem","viewId":"application-managepricingrules-display-component---newInfoPriceItem","properties":{"text":"New Pricing Rules - Item Level"}},"wdio_ui5_key":"etmportal.ui.managepricingrules.view.NewItemsap.m.Title{\"text\":\"New Pricing Rules - Item Level\"}"}]}
RESULT: undefined
COMMAND: POST /session/ba8f8306183d693af77ab2140b410afd/execute/async - {"script":"<script> [6424 bytes]","args":[{"element-6066-11e4-a52e-4f735466cecf":"f.389042B4FF7C30867E20C40CA0954A5B.d.20F716AB8E90A56F6199470E4329F628.e.19670"},"getText",[]]}
RESULT: {"script":"<script> [6424 bytes]","args":[{"element-6066-11e4-a52e-4f735466cecf":"f.389042B4FF7C30867E20C40CA0954A5B.d.20F716AB8E90A56F6199470E4329F628.e.19670"},"getText",[]]}
COMMAND: POST /session/ba8f8306183d693af77ab2140b410afd/execute/async - {"script":"<script> [1562 bytes]","args":[{"selector":{"id":"application-managepricingrules-display-component---newInfoPriceItem--condValidTo","interaction":{"idSuffix":"inner"}},"wdio_ui5_key":"applicationmanagepricingrules-display-component---newInfoPriceItem--condValidTo"}]}
RESULT: {"script":"<script> [1562 bytes]","args":[{"selector":{"id":"application-managepricingrules-display-component---newInfoPriceItem--condValidTo","interaction":{"idSuffix":"inner"}},"wdio_ui5_key":"applicationmanagepricingrules-display-component---newInfoPriceItem--condValidTo"}]}
RESULT: undefined
COMMAND: POST /session/ba8f8306183d693af77ab2140b410afd/execute/async - {"script":"<script> [776 bytes]","args":[{"enterText":"2/14/26","selector":{"id":"application-managepricingrules-display-component---newInfoPriceItem--condValidTo","interaction":{"idSuffix":"inner"}},"clearTextFirst":true,"interactionType":"ENTER_TEXT"}]}
RESULT: {"script":"<script> [776 bytes]","args":[{"enterText":"2/14/26","selector":{"id":"application-managepricingrules-display-component---newInfoPriceItem--condValidTo","interaction":{"idSuffix":"inner"}},"clearTextFirst":true,"interactionType":"ENTER_TEXT"}]}
COMMAND: POST /session/ba8f8306183d693af77ab2140b410afd/execute/async - {"script":"<script> [1562 bytes]","args":[{"selector":{"id":"application-managepricingrules-display-component---newInfoPriceItem--billType-arrow"},"wdio_ui5_key":"applicationmanagepricingrules-display-component---newInfoPriceItem--billType-arrow"}]}
RESULT: {"script":"<script> [1562 bytes]","args":[{"selector":{"id":"application-managepricingrules-display-component---newInfoPriceItem--billType-arrow"},"wdio_ui5_key":"applicationmanagepricingrules-display-component---newInfoPriceItem--billType-arrow"}]}
RESULT: undefined
COMMAND: POST /session/ba8f8306183d693af77ab2140b410afd/element - {"using":"xpath","value":"//*[@id=\"application-managepricingrules-display-component---newInfoPriceItem--billType-arrow\"]"}
RESULT: {"using":"xpath","value":"//*[@id=\"application-managepricingrules-display-component---newInfoPriceItem--billType-arrow\"]"}
COMMAND: POST /session/ba8f8306183d693af77ab2140b410afd/element/f.389042B4FF7C30867E20C40CA0954A5B.d.20F716AB8E90A56F6199470E4329F628.e.19742/click - {}
RESULT: {}
COMMAND: POST /session/ba8f8306183d693af77ab2140b410afd/element - {"using":"xpath","value":"//span[contains(text(), \"TB - Time based\")]"}
COMMAND: GET /session/ba8f8306183d693af77ab2140b410afd/screenshot - {}
RESULT: {"using":"xpath","value":"//span[contains(text(), \"TB - Time based\")]"}
COMMAND: POST /session/ba8f8306183d693af77ab2140b410afd/element/f.389042B4FF7C30867E20C40CA0954A5B.d.20F716AB8E90A56F6199470E4329F628.e.19784/click - {}
RESULT: {}
RESULT: {}
COMMAND: POST /session/ba8f8306183d693af77ab2140b410afd/execute/async - {"script":"<script> [1562 bytes]","args":[{"selector":{"id":"application-managepricingrules-display-component---newInfoPriceItem--priceProc-arrow"},"wdio_ui5_key":"applicationmanagepricingrules-display-component---newInfoPriceItem--priceProc-arrow"}]}
COMMAND: GET /session/ba8f8306183d693af77ab2140b410afd/screenshot - {}
RESULT: {"script":"<script> [1562 bytes]","args":[{"selector":{"id":"application-managepricingrules-display-component---newInfoPriceItem--priceProc-arrow"},"wdio_ui5_key":"applicationmanagepricingrules-display-component---newInfoPriceItem--priceProc-arrow"}]}
RESULT: undefined
COMMAND: POST /session/ba8f8306183d693af77ab2140b410afd/element - {"using":"xpath","value":"//*[@id=\"application-managepricingrules-display-component---newInfoPriceItem--priceProc-arrow\"]"}
RESULT: {}
RESULT: {"using":"xpath","value":"//*[@id=\"application-managepricingrules-display-component---newInfoPriceItem--priceProc-arrow\"]"}
COMMAND: POST /session/ba8f8306183d693af77ab2140b410afd/element/f.389042B4FF7C30867E20C40CA0954A5B.d.20F716AB8E90A56F6199470E4329F628.e.19749/click - {}
RESULT: {}
COMMAND: POST /session/ba8f8306183d693af77ab2140b410afd/element - {"using":"xpath","value":"//span[contains(text(), \"TBS - Time based standard\")]"}
COMMAND: GET /session/ba8f8306183d693af77ab2140b410afd/screenshot - {}
RESULT: {"using":"xpath","value":"//span[contains(text(), \"TBS - Time based standard\")]"}
COMMAND: POST /session/ba8f8306183d693af77ab2140b410afd/element/f.389042B4FF7C30867E20C40CA0954A5B.d.20F716AB8E90A56F6199470E4329F628.e.19785/click - {}
RESULT: {}
RESULT: {}
COMMAND: POST /session/ba8f8306183d693af77ab2140b410afd/execute/async - {"script":"<script> [1562 bytes]","args":[{"selector":{"id":"application-managepricingrules-display-component---newInfoPriceItem--calcBase-arrow"},"wdio_ui5_key":"applicationmanagepricingrules-display-component---newInfoPriceItem--calcBase-arrow"}]}
COMMAND: GET /session/ba8f8306183d693af77ab2140b410afd/screenshot - {}
RESULT: {"script":"<script> [1562 bytes]","args":[{"selector":{"id":"application-managepricingrules-display-component---newInfoPriceItem--calcBase-arrow"},"wdio_ui5_key":"applicationmanagepricingrules-display-component---newInfoPriceItem--calcBase-arrow"}]}
RESULT: undefined
COMMAND: POST /session/ba8f8306183d693af77ab2140b410afd/element - {"using":"xpath","value":"//*[@id=\"application-managepricingrules-display-component---newInfoPriceItem--calcBase-arrow\"]"}
RESULT: {}
RESULT: {"using":"xpath","value":"//*[@id=\"application-managepricingrules-display-component---newInfoPriceItem--calcBase-arrow\"]"}
COMMAND: POST /session/ba8f8306183d693af77ab2140b410afd/element/f.389042B4FF7C30867E20C40CA0954A5B.d.20F716AB8E90A56F6199470E4329F628.e.19756/click - {}
RESULT: {}
COMMAND: GET /session/ba8f8306183d693af77ab2140b410afd/screenshot - {}
RESULT: {}
COMMAND: POST /session/ba8f8306183d693af77ab2140b410afd/element - {"using":"xpath","value":"//span[contains(text(), \"0006 - TB(calendar days)\")]"}
RESULT: {"using":"xpath","value":"//span[contains(text(), \"0006 - TB(calendar days)\")]"}
COMMAND: POST /session/ba8f8306183d693af77ab2140b410afd/element/f.389042B4FF7C30867E20C40CA0954A5B.d.20F716AB8E90A56F6199470E4329F628.e.19786/click - {}
RESULT: {}
COMMAND: GET /session/ba8f8306183d693af77ab2140b410afd/screenshot - {}
RESULT: {}
COMMAND: POST /session/ba8f8306183d693af77ab2140b410afd/execute/async - {"script":"<script> [1562 bytes]","args":[{"selector":{"id":"application-managepricingrules-display-component---newInfoPriceItem--daysMonth","interaction":{"idSuffix":"inner"}},"wdio_ui5_key":"applicationmanagepricingrules-display-component---newInfoPriceItem--daysMonth"}]}
RESULT: {"script":"<script> [1562 bytes]","args":[{"selector":{"id":"application-managepricingrules-display-component---newInfoPriceItem--daysMonth","interaction":{"idSuffix":"inner"}},"wdio_ui5_key":"applicationmanagepricingrules-display-component---newInfoPriceItem--daysMonth"}]}
RESULT: undefined
COMMAND: POST /session/ba8f8306183d693af77ab2140b410afd/execute/async - {"script":"<script> [776 bytes]","args":[{"enterText":"30","selector":{"id":"application-managepricingrules-display-component---newInfoPriceItem--daysMonth","interaction":{"idSuffix":"inner"}},"clearTextFirst":true,"interactionType":"ENTER_TEXT"}]}
RESULT: {"script":"<script> [776 bytes]","args":[{"enterText":"30","selector":{"id":"application-managepricingrules-display-component---newInfoPriceItem--daysMonth","interaction":{"idSuffix":"inner"}},"clearTextFirst":true,"interactionType":"ENTER_TEXT"}]}
COMMAND: POST /session/ba8f8306183d693af77ab2140b410afd/element - {"using":"xpath","value":"//button[@data-kt=\"saveNewRuleButton\"]"}
RESULT: {"using":"xpath","value":"//button[@data-kt=\"saveNewRuleButton\"]"}
COMMAND: POST /session/ba8f8306183d693af77ab2140b410afd/element/f.389042B4FF7C30867E20C40CA0954A5B.d.20F716AB8E90A56F6199470E4329F628.e.19776/click - {}
RESULT: {}
COMMAND: GET /session/ba8f8306183d693af77ab2140b410afd/screenshot - {}
RESULT: {}
COMMAND: POST /session/ba8f8306183d693af77ab2140b410afd/execute/async - {"script":"<script> [1562 bytes]","args":[{"selector":{"id":"application-managepricingrules-display-component---priceInfoItem--smartFilterBar-btnBasicSearch","interaction":{"idSuffix":"I"}},"wdio_ui5_key":"applicationmanagepricingrules-display-component---priceInfoItem--smartFilterBar-btnBasicSearch"}]}
RESULT: {"script":"<script> [1562 bytes]","args":[{"selector":{"id":"application-managepricingrules-display-component---priceInfoItem--smartFilterBar-btnBasicSearch","interaction":{"idSuffix":"I"}},"wdio_ui5_key":"applicationmanagepricingrules-display-component---priceInfoItem--smartFilterBar-btnBasicSearch"}]}
RESULT: undefined
COMMAND: POST /session/ba8f8306183d693af77ab2140b410afd/execute/async - {"script":"<script> [776 bytes]","args":[{"enterText":"iZyJ60wVki","selector":{"id":"application-managepricingrules-display-component---priceInfoItem--smartFilterBar-btnBasicSearch","interaction":{"idSuffix":"I"}},"clearTextFirst":true,"interactionType":"ENTER_TEXT"}]}
RESULT: {"script":"<script> [776 bytes]","args":[{"enterText":"iZyJ60wVki","selector":{"id":"application-managepricingrules-display-component---priceInfoItem--smartFilterBar-btnBasicSearch","interaction":{"idSuffix":"I"}},"clearTextFirst":true,"interactionType":"ENTER_TEXT"}]}
COMMAND: POST /session/ba8f8306183d693af77ab2140b410afd/actions - {"actions":[{"id":"action64","type":"key","parameters":{},"actions":[{"type":"keyDown","value":""},{"type":"pause","duration":10},{"type":"keyUp","value":""}]}]}
RESULT: {"actions":[{"id":"action64","type":"key","parameters":{},"actions":[{"type":"keyDown","value":""},{"type":"pause","duration":10},{"type":"keyUp","value":""}]}]}
COMMAND: GET /session/ba8f8306183d693af77ab2140b410afd/screenshot - {}
RESULT: {}
COMMAND: POST /session/ba8f8306183d693af77ab2140b410afd/element - {"using":"xpath","value":"//span[@id=\"application-managepricingrules-display-component---priceInfoItem--smartTable-header-inner\"]"}
RESULT: {"using":"xpath","value":"//span[@id=\"application-managepricingrules-display-component---priceInfoItem--smartTable-header-inner\"]"}
COMMAND: POST /session/ba8f8306183d693af77ab2140b410afd/elements - {"using":"xpath","value":"//span[@id=\"application-managepricingrules-display-component---priceInfoItem--smartTable-header-inner\"]"}
RESULT: {"using":"xpath","value":"//span[@id=\"application-managepricingrules-display-component---priceInfoItem--smartTable-header-inner\"]"}
COMMAND: POST /session/ba8f8306183d693af77ab2140b410afd/execute/sync - {"script":"<script> [56 bytes]","args":[{"element-6066-11e4-a52e-4f735466cecf":"f.389042B4FF7C30867E20C40CA0954A5B.d.20F716AB8E90A56F6199470E4329F628.e.19814","ELEMENT":"f.389042B4FF7C30867E20C40CA0954A5B.d.20F716AB8E90A56F6199470E4329F628.e.19814"}]}
RESULT: {"script":"<script> [56 bytes]","args":[{"element-6066-11e4-a52e-4f735466cecf":"f.389042B4FF7C30867E20C40CA0954A5B.d.20F716AB8E90A56F6199470E4329F628.e.19814","ELEMENT":"f.389042B4FF7C30867E20C40CA0954A5B.d.20F716AB8E90A56F6199470E4329F628.e.19814"}]}
COMMAND: POST /session/ba8f8306183d693af77ab2140b410afd/element - {"using":"css selector","value":"#shell-header-logo"}
COMMAND: GET /session/ba8f8306183d693af77ab2140b410afd/screenshot - {}
RESULT: {"using":"css selector","value":"#shell-header-logo"}
COMMAND: POST /session/ba8f8306183d693af77ab2140b410afd/element/f.389042B4FF7C30867E20C40CA0954A5B.d.20F716AB8E90A56F6199470E4329F628.e.18886/click - {}
RESULT: {}
RESULT: {}
COMMAND: GET /session/ba8f8306183d693af77ab2140b410afd/screenshot - {}
RESULT: {}
]]></system-out>
    </testcase>
    <testcase classname="chrome.137_0_7151_69.windows.Create_Reverse_Billing_US127248" name="Should manage conditions" time="73.398">
      <system-out><![CDATA[
COMMAND: POST /session/ba8f8306183d693af77ab2140b410afd/execute/async - {"script":"<script> [1562 bytes]","args":[{"selector":{"controlType":"sap.m.GenericTile","properties":{"header":"Manage Conditions & Prices"}},"wdio_ui5_key":"sapm.GenericTile{\"header\":\"Manage Conditions & Prices\"}"}]}
RESULT: {"script":"<script> [1562 bytes]","args":[{"selector":{"controlType":"sap.m.GenericTile","properties":{"header":"Manage Conditions & Prices"}},"wdio_ui5_key":"sapm.GenericTile{\"header\":\"Manage Conditions & Prices\"}"}]}
RESULT: undefined
COMMAND: POST /session/ba8f8306183d693af77ab2140b410afd/element - {"using":"xpath","value":"//*[@id=\"__tile55\"]"}
RESULT: {"using":"xpath","value":"//*[@id=\"__tile55\"]"}
COMMAND: POST /session/ba8f8306183d693af77ab2140b410afd/element/f.389042B4FF7C30867E20C40CA0954A5B.d.20F716AB8E90A56F6199470E4329F628.e.18824/click - {}
RESULT: {}
COMMAND: GET /session/ba8f8306183d693af77ab2140b410afd/screenshot - {}
RESULT: {}
COMMAND: POST /session/ba8f8306183d693af77ab2140b410afd/elements - {"using":"xpath","value":"//span[text()='Error']"}
RESULT: {"using":"xpath","value":"//span[text()='Error']"}
COMMAND: POST /session/ba8f8306183d693af77ab2140b410afd/element - {"using":"xpath","value":"//button[@aria-label=\"Create\"]"}
RESULT: {"using":"xpath","value":"//button[@aria-label=\"Create\"]"}
COMMAND: POST /session/ba8f8306183d693af77ab2140b410afd/elements - {"using":"xpath","value":"//button[@aria-label=\"Create\"]"}
RESULT: {"using":"xpath","value":"//button[@aria-label=\"Create\"]"}
COMMAND: POST /session/ba8f8306183d693af77ab2140b410afd/execute/sync - {"script":"<script> [8489 bytes]","args":[{"element-6066-11e4-a52e-4f735466cecf":"f.389042B4FF7C30867E20C40CA0954A5B.d.20F716AB8E90A56F6199470E4329F628.e.19850","ELEMENT":"f.389042B4FF7C30867E20C40CA0954A5B.d.20F716AB8E90A56F6199470E4329F628.e.19850"}]}
RESULT: {"script":"<script> [8489 bytes]","args":[{"element-6066-11e4-a52e-4f735466cecf":"f.389042B4FF7C30867E20C40CA0954A5B.d.20F716AB8E90A56F6199470E4329F628.e.19850","ELEMENT":"f.389042B4FF7C30867E20C40CA0954A5B.d.20F716AB8E90A56F6199470E4329F628.e.19850"}]}
COMMAND: GET /session/ba8f8306183d693af77ab2140b410afd/element/f.389042B4FF7C30867E20C40CA0954A5B.d.20F716AB8E90A56F6199470E4329F628.e.19850/enabled - {}
COMMAND: GET /session/ba8f8306183d693af77ab2140b410afd/screenshot - {}
RESULT: {}
COMMAND: POST /session/ba8f8306183d693af77ab2140b410afd/execute/sync - {"script":"<script> [8489 bytes]","args":[{"element-6066-11e4-a52e-4f735466cecf":"f.389042B4FF7C30867E20C40CA0954A5B.d.20F716AB8E90A56F6199470E4329F628.e.19850","ELEMENT":"f.389042B4FF7C30867E20C40CA0954A5B.d.20F716AB8E90A56F6199470E4329F628.e.19850"}]}
COMMAND: GET /session/ba8f8306183d693af77ab2140b410afd/screenshot - {}
RESULT: {}
RESULT: {"script":"<script> [8489 bytes]","args":[{"element-6066-11e4-a52e-4f735466cecf":"f.389042B4FF7C30867E20C40CA0954A5B.d.20F716AB8E90A56F6199470E4329F628.e.19850","ELEMENT":"f.389042B4FF7C30867E20C40CA0954A5B.d.20F716AB8E90A56F6199470E4329F628.e.19850"}]}
COMMAND: POST /session/ba8f8306183d693af77ab2140b410afd/execute/sync - {"script":"<script> [5351 bytes]","args":[{"element-6066-11e4-a52e-4f735466cecf":"f.389042B4FF7C30867E20C40CA0954A5B.d.20F716AB8E90A56F6199470E4329F628.e.19850","ELEMENT":"f.389042B4FF7C30867E20C40CA0954A5B.d.20F716AB8E90A56F6199470E4329F628.e.19850"}]}
COMMAND: GET /session/ba8f8306183d693af77ab2140b410afd/screenshot - {}
RESULT: {}
RESULT: {"script":"<script> [5351 bytes]","args":[{"element-6066-11e4-a52e-4f735466cecf":"f.389042B4FF7C30867E20C40CA0954A5B.d.20F716AB8E90A56F6199470E4329F628.e.19850","ELEMENT":"f.389042B4FF7C30867E20C40CA0954A5B.d.20F716AB8E90A56F6199470E4329F628.e.19850"}]}
COMMAND: POST /session/ba8f8306183d693af77ab2140b410afd/element/f.389042B4FF7C30867E20C40CA0954A5B.d.20F716AB8E90A56F6199470E4329F628.e.19850/click - {}
COMMAND: GET /session/ba8f8306183d693af77ab2140b410afd/screenshot - {}
RESULT: {}
RESULT: {}
COMMAND: GET /session/ba8f8306183d693af77ab2140b410afd/screenshot - {}
RESULT: {}
RESULT: {}
COMMAND: POST /session/ba8f8306183d693af77ab2140b410afd/actions - {"actions":[{"id":"action65","type":"key","parameters":{},"actions":[{"type":"keyDown","value":""},{"type":"pause","duration":10},{"type":"keyUp","value":""}]}]}
RESULT: {"actions":[{"id":"action65","type":"key","parameters":{},"actions":[{"type":"keyDown","value":""},{"type":"pause","duration":10},{"type":"keyUp","value":""}]}]}
COMMAND: GET /session/ba8f8306183d693af77ab2140b410afd/screenshot - {}
RESULT: {}
COMMAND: POST /session/ba8f8306183d693af77ab2140b410afd/execute/async - {"script":"<script> [1562 bytes]","args":[{"selector":{"id":"application-manageconditionprice-display-component---newCondition--condBillCond-arrow"},"wdio_ui5_key":"applicationmanageconditionprice-display-component---newCondition--condBillCond-arrow"}]}
RESULT: {"script":"<script> [1562 bytes]","args":[{"selector":{"id":"application-manageconditionprice-display-component---newCondition--condBillCond-arrow"},"wdio_ui5_key":"applicationmanageconditionprice-display-component---newCondition--condBillCond-arrow"}]}
RESULT: undefined
COMMAND: POST /session/ba8f8306183d693af77ab2140b410afd/element - {"using":"xpath","value":"//*[@id=\"application-manageconditionprice-display-component---newCondition--condBillCond-arrow\"]"}
RESULT: {"using":"xpath","value":"//*[@id=\"application-manageconditionprice-display-component---newCondition--condBillCond-arrow\"]"}
COMMAND: POST /session/ba8f8306183d693af77ab2140b410afd/element/f.389042B4FF7C30867E20C40CA0954A5B.d.20F716AB8E90A56F6199470E4329F628.e.20028/click - {}
RESULT: {}
COMMAND: GET /session/ba8f8306183d693af77ab2140b410afd/screenshot - {}
RESULT: {}
COMMAND: POST /session/ba8f8306183d693af77ab2140b410afd/element - {"using":"xpath","value":"//li[.//span[contains(text(), \"DISP - D&I special price\")]]"}
RESULT: {"using":"xpath","value":"//li[.//span[contains(text(), \"DISP - D&I special price\")]]"}
COMMAND: POST /session/ba8f8306183d693af77ab2140b410afd/element/f.389042B4FF7C30867E20C40CA0954A5B.d.20F716AB8E90A56F6199470E4329F628.e.20031/click - {}
RESULT: {}
COMMAND: GET /session/ba8f8306183d693af77ab2140b410afd/screenshot - {}
RESULT: {}
COMMAND: POST /session/ba8f8306183d693af77ab2140b410afd/execute/async - {"script":"<script> [1562 bytes]","args":[{"selector":{"id":"application-manageconditionprice-display-component---newCondition--condValidTo","interaction":{"idSuffix":"inner"}},"wdio_ui5_key":"applicationmanageconditionprice-display-component---newCondition--condValidTo"}]}
RESULT: {"script":"<script> [1562 bytes]","args":[{"selector":{"id":"application-manageconditionprice-display-component---newCondition--condValidTo","interaction":{"idSuffix":"inner"}},"wdio_ui5_key":"applicationmanageconditionprice-display-component---newCondition--condValidTo"}]}
RESULT: undefined
COMMAND: POST /session/ba8f8306183d693af77ab2140b410afd/execute/async - {"script":"<script> [776 bytes]","args":[{"enterText":"2/14/26","selector":{"id":"application-manageconditionprice-display-component---newCondition--condValidTo","interaction":{"idSuffix":"inner"}},"clearTextFirst":true,"interactionType":"ENTER_TEXT"}]}
RESULT: {"script":"<script> [776 bytes]","args":[{"enterText":"2/14/26","selector":{"id":"application-manageconditionprice-display-component---newCondition--condValidTo","interaction":{"idSuffix":"inner"}},"clearTextFirst":true,"interactionType":"ENTER_TEXT"}]}
COMMAND: POST /session/ba8f8306183d693af77ab2140b410afd/element - {"using":"xpath","value":"//input[@id=\"application-manageconditionprice-display-component---newCondition--condRU-inner\"]"}
RESULT: {"using":"xpath","value":"//input[@id=\"application-manageconditionprice-display-component---newCondition--condRU-inner\"]"}
COMMAND: POST /session/ba8f8306183d693af77ab2140b410afd/element/f.389042B4FF7C30867E20C40CA0954A5B.d.20F716AB8E90A56F6199470E4329F628.e.19895/clear - {}
RESULT: {}
COMMAND: POST /session/ba8f8306183d693af77ab2140b410afd/element/f.389042B4FF7C30867E20C40CA0954A5B.d.20F716AB8E90A56F6199470E4329F628.e.19895/value - {"text":"iZyJ60wVki"}
COMMAND: GET /session/ba8f8306183d693af77ab2140b410afd/screenshot - {}
RESULT: {"text":"iZyJ60wVki"}
COMMAND: GET /session/ba8f8306183d693af77ab2140b410afd/screenshot - {}
RESULT: {}
RESULT: {}
COMMAND: POST /session/ba8f8306183d693af77ab2140b410afd/actions - {"actions":[{"id":"action66","type":"key","parameters":{},"actions":[{"type":"keyDown","value":""},{"type":"pause","duration":10},{"type":"keyUp","value":""}]}]}
RESULT: {"actions":[{"id":"action66","type":"key","parameters":{},"actions":[{"type":"keyDown","value":""},{"type":"pause","duration":10},{"type":"keyUp","value":""}]}]}
COMMAND: POST /session/ba8f8306183d693af77ab2140b410afd/execute/async - {"script":"<script> [1562 bytes]","args":[{"selector":{"id":"application-manageconditionprice-display-component---newCondition--condBaseQty","interaction":{"idSuffix":"inner"}},"wdio_ui5_key":"applicationmanageconditionprice-display-component---newCondition--condBaseQty"}]}
COMMAND: GET /session/ba8f8306183d693af77ab2140b410afd/screenshot - {}
RESULT: {"script":"<script> [1562 bytes]","args":[{"selector":{"id":"application-manageconditionprice-display-component---newCondition--condBaseQty","interaction":{"idSuffix":"inner"}},"wdio_ui5_key":"applicationmanageconditionprice-display-component---newCondition--condBaseQty"}]}
RESULT: undefined
COMMAND: POST /session/ba8f8306183d693af77ab2140b410afd/execute/async - {"script":"<script> [776 bytes]","args":[{"enterText":"1","selector":{"id":"application-manageconditionprice-display-component---newCondition--condBaseQty","interaction":{"idSuffix":"inner"}},"clearTextFirst":true,"interactionType":"ENTER_TEXT"}]}
RESULT: {}
RESULT: {"script":"<script> [776 bytes]","args":[{"enterText":"1","selector":{"id":"application-manageconditionprice-display-component---newCondition--condBaseQty","interaction":{"idSuffix":"inner"}},"clearTextFirst":true,"interactionType":"ENTER_TEXT"}]}
COMMAND: POST /session/ba8f8306183d693af77ab2140b410afd/execute/async - {"script":"<script> [1562 bytes]","args":[{"selector":{"id":"application-manageconditionprice-display-component---newCondition--condValue","interaction":{"idSuffix":"inner"}},"wdio_ui5_key":"applicationmanageconditionprice-display-component---newCondition--condValue"}]}
RESULT: {"script":"<script> [1562 bytes]","args":[{"selector":{"id":"application-manageconditionprice-display-component---newCondition--condValue","interaction":{"idSuffix":"inner"}},"wdio_ui5_key":"applicationmanageconditionprice-display-component---newCondition--condValue"}]}
RESULT: undefined
COMMAND: POST /session/ba8f8306183d693af77ab2140b410afd/execute/async - {"script":"<script> [776 bytes]","args":[{"enterText":"200","selector":{"id":"application-manageconditionprice-display-component---newCondition--condValue","interaction":{"idSuffix":"inner"}},"clearTextFirst":true,"interactionType":"ENTER_TEXT"}]}
RESULT: {"script":"<script> [776 bytes]","args":[{"enterText":"200","selector":{"id":"application-manageconditionprice-display-component---newCondition--condValue","interaction":{"idSuffix":"inner"}},"clearTextFirst":true,"interactionType":"ENTER_TEXT"}]}
COMMAND: POST /session/ba8f8306183d693af77ab2140b410afd/execute/async - {"script":"<script> [1562 bytes]","args":[{"selector":{"id":"application-manageconditionprice-display-component---newCondition--condCurr-arrow"},"wdio_ui5_key":"applicationmanageconditionprice-display-component---newCondition--condCurr-arrow"}]}
RESULT: {"script":"<script> [1562 bytes]","args":[{"selector":{"id":"application-manageconditionprice-display-component---newCondition--condCurr-arrow"},"wdio_ui5_key":"applicationmanageconditionprice-display-component---newCondition--condCurr-arrow"}]}
RESULT: undefined
COMMAND: POST /session/ba8f8306183d693af77ab2140b410afd/element - {"using":"xpath","value":"//*[@id=\"application-manageconditionprice-display-component---newCondition--condCurr-arrow\"]"}
RESULT: {"using":"xpath","value":"//*[@id=\"application-manageconditionprice-display-component---newCondition--condCurr-arrow\"]"}
COMMAND: POST /session/ba8f8306183d693af77ab2140b410afd/element/f.389042B4FF7C30867E20C40CA0954A5B.d.20F716AB8E90A56F6199470E4329F628.e.19998/click - {}
RESULT: {}
COMMAND: POST /session/ba8f8306183d693af77ab2140b410afd/element - {"using":"xpath","value":"//span[contains(text(), \"Euro\")]"}
COMMAND: GET /session/ba8f8306183d693af77ab2140b410afd/screenshot - {}
RESULT: {"using":"xpath","value":"//span[contains(text(), \"Euro\")]"}
COMMAND: POST /session/ba8f8306183d693af77ab2140b410afd/element/f.389042B4FF7C30867E20C40CA0954A5B.d.20F716AB8E90A56F6199470E4329F628.e.20068/click - {}
RESULT: {}
RESULT: {}
COMMAND: POST /session/ba8f8306183d693af77ab2140b410afd/element - {"using":"xpath","value":"//button[@data-kt=\"saveButton\"]"}
COMMAND: GET /session/ba8f8306183d693af77ab2140b410afd/screenshot - {}
RESULT: {"using":"xpath","value":"//button[@data-kt=\"saveButton\"]"}
COMMAND: POST /session/ba8f8306183d693af77ab2140b410afd/element/f.389042B4FF7C30867E20C40CA0954A5B.d.20F716AB8E90A56F6199470E4329F628.e.19999/click - {}
RESULT: {}
RESULT: {}
COMMAND: GET /session/ba8f8306183d693af77ab2140b410afd/screenshot - {}
RESULT: {}
COMMAND: POST /session/ba8f8306183d693af77ab2140b410afd/execute/async - {"script":"<script> [1562 bytes]","args":[{"selector":{"id":"application-manageconditionprice-display-component---conditions--smartFilterBar-btnBasicSearch","interaction":{"idSuffix":"I"}},"wdio_ui5_key":"applicationmanageconditionprice-display-component---conditions--smartFilterBar-btnBasicSearch"}]}
RESULT: {"script":"<script> [1562 bytes]","args":[{"selector":{"id":"application-manageconditionprice-display-component---conditions--smartFilterBar-btnBasicSearch","interaction":{"idSuffix":"I"}},"wdio_ui5_key":"applicationmanageconditionprice-display-component---conditions--smartFilterBar-btnBasicSearch"}]}
RESULT: undefined
COMMAND: POST /session/ba8f8306183d693af77ab2140b410afd/execute/async - {"script":"<script> [776 bytes]","args":[{"enterText":"iZyJ60wVki","selector":{"id":"application-manageconditionprice-display-component---conditions--smartFilterBar-btnBasicSearch","interaction":{"idSuffix":"I"}},"clearTextFirst":true,"interactionType":"ENTER_TEXT"}]}
RESULT: {"script":"<script> [776 bytes]","args":[{"enterText":"iZyJ60wVki","selector":{"id":"application-manageconditionprice-display-component---conditions--smartFilterBar-btnBasicSearch","interaction":{"idSuffix":"I"}},"clearTextFirst":true,"interactionType":"ENTER_TEXT"}]}
COMMAND: POST /session/ba8f8306183d693af77ab2140b410afd/actions - {"actions":[{"id":"action67","type":"key","parameters":{},"actions":[{"type":"keyDown","value":""},{"type":"pause","duration":10},{"type":"keyUp","value":""}]}]}
RESULT: {"actions":[{"id":"action67","type":"key","parameters":{},"actions":[{"type":"keyDown","value":""},{"type":"pause","duration":10},{"type":"keyUp","value":""}]}]}
COMMAND: GET /session/ba8f8306183d693af77ab2140b410afd/screenshot - {}
RESULT: {}
COMMAND: POST /session/ba8f8306183d693af77ab2140b410afd/execute/async - {"script":"<script> [1562 bytes]","args":[{"selector":{"id":"application-manageconditionprice-display-component---conditions--smartFilterBar-filterItemControl_BASIC-BILL_TYPES-vhi"},"wdio_ui5_key":"applicationmanageconditionprice-display-component---conditions--smartFilterBar-filterItemControl_BASIC-BILL_TYPES-vhi"}]}
RESULT: {"script":"<script> [1562 bytes]","args":[{"selector":{"id":"application-manageconditionprice-display-component---conditions--smartFilterBar-filterItemControl_BASIC-BILL_TYPES-vhi"},"wdio_ui5_key":"applicationmanageconditionprice-display-component---conditions--smartFilterBar-filterItemControl_BASIC-BILL_TYPES-vhi"}]}
RESULT: undefined
COMMAND: POST /session/ba8f8306183d693af77ab2140b410afd/element - {"using":"xpath","value":"//*[@id=\"application-manageconditionprice-display-component---conditions--smartFilterBar-filterItemControl_BASIC-BILL_TYPES-vhi\"]"}
RESULT: {"using":"xpath","value":"//*[@id=\"application-manageconditionprice-display-component---conditions--smartFilterBar-filterItemControl_BASIC-BILL_TYPES-vhi\"]"}
COMMAND: POST /session/ba8f8306183d693af77ab2140b410afd/element/f.389042B4FF7C30867E20C40CA0954A5B.d.20F716AB8E90A56F6199470E4329F628.e.20174/click - {}
RESULT: {}
COMMAND: POST /session/ba8f8306183d693af77ab2140b410afd/execute/async - {"script":"<script> [1562 bytes]","args":[{"selector":{"id":"application-manageconditionprice-display-component---conditions--smartFilterBar-filterItemControl_BASIC-BILL_TYPES-valueHelpDialog-smartFilterBar-btnBasicSearch","searchOpenDialogs":true,"interaction":{"idSuffix":"I"}},"wdio_ui5_key":"applicationmanageconditionprice-display-component---conditions--smartFilterBar-filterItemControl_BASIC-BILL_TYPES-valueHelpDialog-smartFilterBar-btnBasicSearch"}]}
COMMAND: GET /session/ba8f8306183d693af77ab2140b410afd/screenshot - {}
RESULT: {"script":"<script> [1562 bytes]","args":[{"selector":{"id":"application-manageconditionprice-display-component---conditions--smartFilterBar-filterItemControl_BASIC-BILL_TYPES-valueHelpDialog-smartFilterBar-btnBasicSearch","searchOpenDialogs":true,"interaction":{"idSuffix":"I"}},"wdio_ui5_key":"applicationmanageconditionprice-display-component---conditions--smartFilterBar-filterItemControl_BASIC-BILL_TYPES-valueHelpDialog-smartFilterBar-btnBasicSearch"}]}
RESULT: undefined
COMMAND: POST /session/ba8f8306183d693af77ab2140b410afd/execute/async - {"script":"<script> [776 bytes]","args":[{"enterText":"TB","selector":{"id":"application-manageconditionprice-display-component---conditions--smartFilterBar-filterItemControl_BASIC-BILL_TYPES-valueHelpDialog-smartFilterBar-btnBasicSearch","searchOpenDialogs":true,"interaction":{"idSuffix":"I"}},"clearTextFirst":true,"interactionType":"ENTER_TEXT"}]}
RESULT: {}
RESULT: {"script":"<script> [776 bytes]","args":[{"enterText":"TB","selector":{"id":"application-manageconditionprice-display-component---conditions--smartFilterBar-filterItemControl_BASIC-BILL_TYPES-valueHelpDialog-smartFilterBar-btnBasicSearch","searchOpenDialogs":true,"interaction":{"idSuffix":"I"}},"clearTextFirst":true,"interactionType":"ENTER_TEXT"}]}
COMMAND: POST /session/ba8f8306183d693af77ab2140b410afd/actions - {"actions":[{"id":"action68","type":"key","parameters":{},"actions":[{"type":"keyDown","value":""},{"type":"pause","duration":10},{"type":"keyUp","value":""}]}]}
RESULT: {"actions":[{"id":"action68","type":"key","parameters":{},"actions":[{"type":"keyDown","value":""},{"type":"pause","duration":10},{"type":"keyUp","value":""}]}]}
COMMAND: GET /session/ba8f8306183d693af77ab2140b410afd/screenshot - {}
RESULT: {}
COMMAND: POST /session/ba8f8306183d693af77ab2140b410afd/element - {"using":"xpath","value":"//div[contains(@id, 'application-manageconditionprice-display-component---conditions--smartFilterBar-filterItemControl_BASIC-BILL_TYPES-valueHelpDialog-table-rowsel0')]"}
RESULT: {"using":"xpath","value":"//div[contains(@id, 'application-manageconditionprice-display-component---conditions--smartFilterBar-filterItemControl_BASIC-BILL_TYPES-valueHelpDialog-table-rowsel0')]"}
COMMAND: POST /session/ba8f8306183d693af77ab2140b410afd/element/f.389042B4FF7C30867E20C40CA0954A5B.d.20F716AB8E90A56F6199470E4329F628.e.20183/click - {}
RESULT: {}
COMMAND: GET /session/ba8f8306183d693af77ab2140b410afd/screenshot - {}
RESULT: {}
COMMAND: POST /session/ba8f8306183d693af77ab2140b410afd/element - {"using":"xpath","value":"//bdi[contains(text(), \"OK\")]"}
RESULT: {"using":"xpath","value":"//bdi[contains(text(), \"OK\")]"}
COMMAND: POST /session/ba8f8306183d693af77ab2140b410afd/element/f.389042B4FF7C30867E20C40CA0954A5B.d.20F716AB8E90A56F6199470E4329F628.e.20185/click - {}
RESULT: {}
COMMAND: GET /session/ba8f8306183d693af77ab2140b410afd/screenshot - {}
RESULT: {}
COMMAND: POST /session/ba8f8306183d693af77ab2140b410afd/element - {"using":"xpath","value":"//span[@id=\"application-manageconditionprice-display-component---conditions--smartTable-header-inner\"]"}
RESULT: {"using":"xpath","value":"//span[@id=\"application-manageconditionprice-display-component---conditions--smartTable-header-inner\"]"}
COMMAND: POST /session/ba8f8306183d693af77ab2140b410afd/elements - {"using":"xpath","value":"//span[@id=\"application-manageconditionprice-display-component---conditions--smartTable-header-inner\"]"}
RESULT: {"using":"xpath","value":"//span[@id=\"application-manageconditionprice-display-component---conditions--smartTable-header-inner\"]"}
COMMAND: POST /session/ba8f8306183d693af77ab2140b410afd/execute/sync - {"script":"<script> [56 bytes]","args":[{"element-6066-11e4-a52e-4f735466cecf":"f.389042B4FF7C30867E20C40CA0954A5B.d.20F716AB8E90A56F6199470E4329F628.e.20188","ELEMENT":"f.389042B4FF7C30867E20C40CA0954A5B.d.20F716AB8E90A56F6199470E4329F628.e.20188"}]}
RESULT: {"script":"<script> [56 bytes]","args":[{"element-6066-11e4-a52e-4f735466cecf":"f.389042B4FF7C30867E20C40CA0954A5B.d.20F716AB8E90A56F6199470E4329F628.e.20188","ELEMENT":"f.389042B4FF7C30867E20C40CA0954A5B.d.20F716AB8E90A56F6199470E4329F628.e.20188"}]}
COMMAND: POST /session/ba8f8306183d693af77ab2140b410afd/element - {"using":"css selector","value":"#shell-header-logo"}
COMMAND: GET /session/ba8f8306183d693af77ab2140b410afd/screenshot - {}
RESULT: {"using":"css selector","value":"#shell-header-logo"}
COMMAND: POST /session/ba8f8306183d693af77ab2140b410afd/element/f.389042B4FF7C30867E20C40CA0954A5B.d.20F716AB8E90A56F6199470E4329F628.e.19818/click - {}
RESULT: {}
RESULT: {}
COMMAND: GET /session/ba8f8306183d693af77ab2140b410afd/screenshot - {}
RESULT: {}
]]></system-out>
    </testcase>
    <testcase classname="chrome.137_0_7151_69.windows.Create_Reverse_Billing_US127248" name="Should do a stock increase handover" time="106.698">
      <system-out><![CDATA[
COMMAND: POST /session/ba8f8306183d693af77ab2140b410afd/execute/async - {"script":"<script> [1562 bytes]","args":[{"selector":{"controlType":"sap.m.GenericTile","properties":{"header":"Manage Handovers"}},"wdio_ui5_key":"sapm.GenericTile{\"header\":\"Manage Handovers\"}"}]}
RESULT: {"script":"<script> [1562 bytes]","args":[{"selector":{"controlType":"sap.m.GenericTile","properties":{"header":"Manage Handovers"}},"wdio_ui5_key":"sapm.GenericTile{\"header\":\"Manage Handovers\"}"}]}
RESULT: undefined
COMMAND: POST /session/ba8f8306183d693af77ab2140b410afd/element - {"using":"xpath","value":"//*[@id=\"__tile135\"]"}
RESULT: {"using":"xpath","value":"//*[@id=\"__tile135\"]"}
COMMAND: POST /session/ba8f8306183d693af77ab2140b410afd/element/f.389042B4FF7C30867E20C40CA0954A5B.d.20F716AB8E90A56F6199470E4329F628.e.18862/click - {}
RESULT: {}
COMMAND: GET /session/ba8f8306183d693af77ab2140b410afd/screenshot - {}
COMMAND: POST /session/ba8f8306183d693af77ab2140b410afd/elements - {"using":"xpath","value":"//span[text()='Error']"}
RESULT: {}
RESULT: {"using":"xpath","value":"//span[text()='Error']"}
COMMAND: POST /session/ba8f8306183d693af77ab2140b410afd/element - {"using":"xpath","value":"//button[@data-kt=\"masterHOAddButton\"]"}
RESULT: {"using":"xpath","value":"//button[@data-kt=\"masterHOAddButton\"]"}
COMMAND: POST /session/ba8f8306183d693af77ab2140b410afd/elements - {"using":"xpath","value":"//button[@data-kt=\"masterHOAddButton\"]"}
RESULT: {"using":"xpath","value":"//button[@data-kt=\"masterHOAddButton\"]"}
COMMAND: POST /session/ba8f8306183d693af77ab2140b410afd/execute/sync - {"script":"<script> [8489 bytes]","args":[{"element-6066-11e4-a52e-4f735466cecf":"f.389042B4FF7C30867E20C40CA0954A5B.d.20F716AB8E90A56F6199470E4329F628.e.20230","ELEMENT":"f.389042B4FF7C30867E20C40CA0954A5B.d.20F716AB8E90A56F6199470E4329F628.e.20230"}]}
RESULT: {"script":"<script> [8489 bytes]","args":[{"element-6066-11e4-a52e-4f735466cecf":"f.389042B4FF7C30867E20C40CA0954A5B.d.20F716AB8E90A56F6199470E4329F628.e.20230","ELEMENT":"f.389042B4FF7C30867E20C40CA0954A5B.d.20F716AB8E90A56F6199470E4329F628.e.20230"}]}
COMMAND: GET /session/ba8f8306183d693af77ab2140b410afd/element/f.389042B4FF7C30867E20C40CA0954A5B.d.20F716AB8E90A56F6199470E4329F628.e.20230/enabled - {}
COMMAND: GET /session/ba8f8306183d693af77ab2140b410afd/screenshot - {}
RESULT: {}
COMMAND: POST /session/ba8f8306183d693af77ab2140b410afd/execute/sync - {"script":"<script> [8489 bytes]","args":[{"element-6066-11e4-a52e-4f735466cecf":"f.389042B4FF7C30867E20C40CA0954A5B.d.20F716AB8E90A56F6199470E4329F628.e.20230","ELEMENT":"f.389042B4FF7C30867E20C40CA0954A5B.d.20F716AB8E90A56F6199470E4329F628.e.20230"}]}
COMMAND: GET /session/ba8f8306183d693af77ab2140b410afd/screenshot - {}
RESULT: {}
RESULT: {"script":"<script> [8489 bytes]","args":[{"element-6066-11e4-a52e-4f735466cecf":"f.389042B4FF7C30867E20C40CA0954A5B.d.20F716AB8E90A56F6199470E4329F628.e.20230","ELEMENT":"f.389042B4FF7C30867E20C40CA0954A5B.d.20F716AB8E90A56F6199470E4329F628.e.20230"}]}
COMMAND: POST /session/ba8f8306183d693af77ab2140b410afd/execute/sync - {"script":"<script> [5351 bytes]","args":[{"element-6066-11e4-a52e-4f735466cecf":"f.389042B4FF7C30867E20C40CA0954A5B.d.20F716AB8E90A56F6199470E4329F628.e.20230","ELEMENT":"f.389042B4FF7C30867E20C40CA0954A5B.d.20F716AB8E90A56F6199470E4329F628.e.20230"}]}
COMMAND: GET /session/ba8f8306183d693af77ab2140b410afd/screenshot - {}
RESULT: {}
RESULT: {"script":"<script> [5351 bytes]","args":[{"element-6066-11e4-a52e-4f735466cecf":"f.389042B4FF7C30867E20C40CA0954A5B.d.20F716AB8E90A56F6199470E4329F628.e.20230","ELEMENT":"f.389042B4FF7C30867E20C40CA0954A5B.d.20F716AB8E90A56F6199470E4329F628.e.20230"}]}
COMMAND: POST /session/ba8f8306183d693af77ab2140b410afd/element/f.389042B4FF7C30867E20C40CA0954A5B.d.20F716AB8E90A56F6199470E4329F628.e.20230/click - {}
COMMAND: GET /session/ba8f8306183d693af77ab2140b410afd/screenshot - {}
RESULT: {}
RESULT: {}
COMMAND: GET /session/ba8f8306183d693af77ab2140b410afd/screenshot - {}
RESULT: {}
RESULT: {}
COMMAND: POST /session/ba8f8306183d693af77ab2140b410afd/element - {"using":"xpath","value":"//span[contains(@id ,\"AddNewHO--typeSelect-arrow\")]"}
RESULT: {"using":"xpath","value":"//span[contains(@id ,\"AddNewHO--typeSelect-arrow\")]"}
COMMAND: POST /session/ba8f8306183d693af77ab2140b410afd/element/f.389042B4FF7C30867E20C40CA0954A5B.d.20F716AB8E90A56F6199470E4329F628.e.20571/click - {}
RESULT: {}
COMMAND: GET /session/ba8f8306183d693af77ab2140b410afd/screenshot - {}
RESULT: {}
COMMAND: POST /session/ba8f8306183d693af77ab2140b410afd/element - {"using":"xpath","value":"(//li[contains(text(), \"stock increase yard\")])[1]"}
RESULT: {"using":"xpath","value":"(//li[contains(text(), \"stock increase yard\")])[1]"}
COMMAND: POST /session/ba8f8306183d693af77ab2140b410afd/element/f.389042B4FF7C30867E20C40CA0954A5B.d.20F716AB8E90A56F6199470E4329F628.e.20572/click - {}
RESULT: {}
COMMAND: GET /session/ba8f8306183d693af77ab2140b410afd/screenshot - {}
RESULT: {}
COMMAND: POST /session/ba8f8306183d693af77ab2140b410afd/execute/async - {"script":"<script> [1562 bytes]","args":[{"selector":{"id":"application-managehandovers-display-component---AddNewHO--dueDate","interaction":{"idSuffix":"inner"}},"wdio_ui5_key":"applicationmanagehandovers-display-component---AddNewHO--dueDate"}]}
RESULT: {"script":"<script> [1562 bytes]","args":[{"selector":{"id":"application-managehandovers-display-component---AddNewHO--dueDate","interaction":{"idSuffix":"inner"}},"wdio_ui5_key":"applicationmanagehandovers-display-component---AddNewHO--dueDate"}]}
RESULT: undefined
COMMAND: POST /session/ba8f8306183d693af77ab2140b410afd/execute/async - {"script":"<script> [6424 bytes]","args":[{"element-6066-11e4-a52e-4f735466cecf":"f.389042B4FF7C30867E20C40CA0954A5B.d.20F716AB8E90A56F6199470E4329F628.e.20576"},"setValue",["6/14/25"]]}
RESULT: {"script":"<script> [6424 bytes]","args":[{"element-6066-11e4-a52e-4f735466cecf":"f.389042B4FF7C30867E20C40CA0954A5B.d.20F716AB8E90A56F6199470E4329F628.e.20576"},"setValue",["6/14/25"]]}
COMMAND: POST /session/ba8f8306183d693af77ab2140b410afd/element - {"using":"xpath","value":"//input[@id=\"generalSectionFrg--receiveYard-inner\"]"}
RESULT: {"using":"xpath","value":"//input[@id=\"generalSectionFrg--receiveYard-inner\"]"}
COMMAND: POST /session/ba8f8306183d693af77ab2140b410afd/element/f.389042B4FF7C30867E20C40CA0954A5B.d.20F716AB8E90A56F6199470E4329F628.e.20582/clear - {}
RESULT: {}
COMMAND: POST /session/ba8f8306183d693af77ab2140b410afd/element/f.389042B4FF7C30867E20C40CA0954A5B.d.20F716AB8E90A56F6199470E4329F628.e.20582/value - {"text":"273"}
COMMAND: GET /session/ba8f8306183d693af77ab2140b410afd/screenshot - {}
RESULT: {"text":"273"}
COMMAND: GET /session/ba8f8306183d693af77ab2140b410afd/screenshot - {}
RESULT: {}
RESULT: {}
COMMAND: POST /session/ba8f8306183d693af77ab2140b410afd/element - {"using":"xpath","value":"//li[.//span[contains(normalize-space(.), '273 -')]]"}
RESULT: {"using":"xpath","value":"//li[.//span[contains(normalize-space(.), '273 -')]]"}
COMMAND: POST /session/ba8f8306183d693af77ab2140b410afd/element/f.389042B4FF7C30867E20C40CA0954A5B.d.20F716AB8E90A56F6199470E4329F628.e.20598/click - {}
RESULT: {}
COMMAND: GET /session/ba8f8306183d693af77ab2140b410afd/screenshot - {}
RESULT: {}
COMMAND: POST /session/ba8f8306183d693af77ab2140b410afd/execute/async - {"script":"<script> [1562 bytes]","args":[{"selector":{"id":"application-managehandovers-display-component---AddNewHO--ObjectPageLayout-anchBar-application-managehandovers-display-component---AddNewHO--section4-anchor","interaction":{"idSuffix":"BDI-content"}},"wdio_ui5_key":"applicationmanagehandovers-display-component---AddNewHO--ObjectPageLayout-anchBar-application-managehandovers-display-component---AddNewHO--section4-anchor"}]}
RESULT: {"script":"<script> [1562 bytes]","args":[{"selector":{"id":"application-managehandovers-display-component---AddNewHO--ObjectPageLayout-anchBar-application-managehandovers-display-component---AddNewHO--section4-anchor","interaction":{"idSuffix":"BDI-content"}},"wdio_ui5_key":"applicationmanagehandovers-display-component---AddNewHO--ObjectPageLayout-anchBar-application-managehandovers-display-component---AddNewHO--section4-anchor"}]}
RESULT: undefined
COMMAND: POST /session/ba8f8306183d693af77ab2140b410afd/element - {"using":"xpath","value":"//*[@id=\"application-managehandovers-display-component---AddNewHO--ObjectPageLayout-anchBar-application-managehandovers-display-component---AddNewHO--section4-anchor\"]"}
RESULT: {"using":"xpath","value":"//*[@id=\"application-managehandovers-display-component---AddNewHO--ObjectPageLayout-anchBar-application-managehandovers-display-component---AddNewHO--section4-anchor\"]"}
COMMAND: POST /session/ba8f8306183d693af77ab2140b410afd/element/f.389042B4FF7C30867E20C40CA0954A5B.d.20F716AB8E90A56F6199470E4329F628.e.20600/click - {}
RESULT: {}
COMMAND: GET /session/ba8f8306183d693af77ab2140b410afd/screenshot - {}
RESULT: {}
COMMAND: POST /session/ba8f8306183d693af77ab2140b410afd/element - {"using":"xpath","value":"//button[@aria-label=\"Add\"]"}
RESULT: {"using":"xpath","value":"//button[@aria-label=\"Add\"]"}
COMMAND: POST /session/ba8f8306183d693af77ab2140b410afd/element/f.389042B4FF7C30867E20C40CA0954A5B.d.20F716AB8E90A56F6199470E4329F628.e.20604/click - {}
RESULT: {}
COMMAND: GET /session/ba8f8306183d693af77ab2140b410afd/screenshot - {}
RESULT: {}
COMMAND: POST /session/ba8f8306183d693af77ab2140b410afd/execute/async - {"script":"<script> [1562 bytes]","args":[{"selector":{"id":"application-managehandovers-display-component---AddNewHO--smartFilterBar-btnBasicSearch","searchOpenDialogs":true,"interaction":{"idSuffix":"I"}},"wdio_ui5_key":"applicationmanagehandovers-display-component---AddNewHO--smartFilterBar-btnBasicSearch"}]}
RESULT: {"script":"<script> [1562 bytes]","args":[{"selector":{"id":"application-managehandovers-display-component---AddNewHO--smartFilterBar-btnBasicSearch","searchOpenDialogs":true,"interaction":{"idSuffix":"I"}},"wdio_ui5_key":"applicationmanagehandovers-display-component---AddNewHO--smartFilterBar-btnBasicSearch"}]}
RESULT: undefined
COMMAND: POST /session/ba8f8306183d693af77ab2140b410afd/execute/async - {"script":"<script> [776 bytes]","args":[{"enterText":"iZyJ60wVki","selector":{"id":"application-managehandovers-display-component---AddNewHO--smartFilterBar-btnBasicSearch","searchOpenDialogs":true,"interaction":{"idSuffix":"I"}},"clearTextFirst":true,"interactionType":"ENTER_TEXT"}]}
RESULT: {"script":"<script> [776 bytes]","args":[{"enterText":"iZyJ60wVki","selector":{"id":"application-managehandovers-display-component---AddNewHO--smartFilterBar-btnBasicSearch","searchOpenDialogs":true,"interaction":{"idSuffix":"I"}},"clearTextFirst":true,"interactionType":"ENTER_TEXT"}]}
COMMAND: POST /session/ba8f8306183d693af77ab2140b410afd/actions - {"actions":[{"id":"action69","type":"key","parameters":{},"actions":[{"type":"keyDown","value":""},{"type":"pause","duration":10},{"type":"keyUp","value":""}]}]}
RESULT: {"actions":[{"id":"action69","type":"key","parameters":{},"actions":[{"type":"keyDown","value":""},{"type":"pause","duration":10},{"type":"keyUp","value":""}]}]}
COMMAND: GET /session/ba8f8306183d693af77ab2140b410afd/screenshot - {}
RESULT: {}
COMMAND: POST /session/ba8f8306183d693af77ab2140b410afd/execute/async - {"script":"<script> [1562 bytes]","args":[{"selector":{"id":"application-managehandovers-display-component---AddNewHO--popup-sa","searchOpenDialogs":true,"interaction":{"idSuffix":"CbBg"}},"wdio_ui5_key":"applicationmanagehandovers-display-component---AddNewHO--popup-sa"}]}
RESULT: {"script":"<script> [1562 bytes]","args":[{"selector":{"id":"application-managehandovers-display-component---AddNewHO--popup-sa","searchOpenDialogs":true,"interaction":{"idSuffix":"CbBg"}},"wdio_ui5_key":"applicationmanagehandovers-display-component---AddNewHO--popup-sa"}]}
RESULT: undefined
COMMAND: POST /session/ba8f8306183d693af77ab2140b410afd/element - {"using":"xpath","value":"//*[@id=\"application-managehandovers-display-component---AddNewHO--popup-sa\"]"}
RESULT: {"using":"xpath","value":"//*[@id=\"application-managehandovers-display-component---AddNewHO--popup-sa\"]"}
COMMAND: POST /session/ba8f8306183d693af77ab2140b410afd/element/f.389042B4FF7C30867E20C40CA0954A5B.d.20F716AB8E90A56F6199470E4329F628.e.20757/click - {}
RESULT: {}
COMMAND: GET /session/ba8f8306183d693af77ab2140b410afd/screenshot - {}
RESULT: {}
COMMAND: POST /session/ba8f8306183d693af77ab2140b410afd/element - {"using":"xpath","value":"//bdi[contains(text(), \"Select\")]"}
RESULT: {"using":"xpath","value":"//bdi[contains(text(), \"Select\")]"}
COMMAND: POST /session/ba8f8306183d693af77ab2140b410afd/element/f.389042B4FF7C30867E20C40CA0954A5B.d.20F716AB8E90A56F6199470E4329F628.e.20758/click - {}
RESULT: {}
COMMAND: GET /session/ba8f8306183d693af77ab2140b410afd/screenshot - {}
RESULT: {}
COMMAND: POST /session/ba8f8306183d693af77ab2140b410afd/element - {"using":"xpath","value":"//button[@data-kt=\"AddNewHOSaveButton\"]"}
RESULT: {"using":"xpath","value":"//button[@data-kt=\"AddNewHOSaveButton\"]"}
COMMAND: POST /session/ba8f8306183d693af77ab2140b410afd/element/f.389042B4FF7C30867E20C40CA0954A5B.d.20F716AB8E90A56F6199470E4329F628.e.20762/click - {}
RESULT: {}
COMMAND: GET /session/ba8f8306183d693af77ab2140b410afd/screenshot - {}
RESULT: {}
COMMAND: POST /session/ba8f8306183d693af77ab2140b410afd/execute/async - {"script":"<script> [1562 bytes]","args":[{"selector":{"id":"receiptDatePicker","viewName":"etm.portal.ui.managehandovers.view.DetailExecuteHO","interaction":{"idSuffix":"inner"}},"wdio_ui5_key":"receiptDatePickeretmportal.ui.managehandovers.view.DetailExecuteHO"}]}
RESULT: {"script":"<script> [1562 bytes]","args":[{"selector":{"id":"receiptDatePicker","viewName":"etm.portal.ui.managehandovers.view.DetailExecuteHO","interaction":{"idSuffix":"inner"}},"wdio_ui5_key":"receiptDatePickeretmportal.ui.managehandovers.view.DetailExecuteHO"}]}
RESULT: undefined
COMMAND: POST /session/ba8f8306183d693af77ab2140b410afd/execute/async - {"script":"<script> [6424 bytes]","args":[{"element-6066-11e4-a52e-4f735466cecf":"f.389042B4FF7C30867E20C40CA0954A5B.d.20F716AB8E90A56F6199470E4329F628.e.20776"},"setValue",["6/14/25"]]}
RESULT: {"script":"<script> [6424 bytes]","args":[{"element-6066-11e4-a52e-4f735466cecf":"f.389042B4FF7C30867E20C40CA0954A5B.d.20F716AB8E90A56F6199470E4329F628.e.20776"},"setValue",["6/14/25"]]}
COMMAND: POST /session/ba8f8306183d693af77ab2140b410afd/element - {"using":"xpath","value":"//button[@data-kt=\"ReceivingTableConfirmAllButton\"]"}
RESULT: {"using":"xpath","value":"//button[@data-kt=\"ReceivingTableConfirmAllButton\"]"}
COMMAND: POST /session/ba8f8306183d693af77ab2140b410afd/element/f.389042B4FF7C30867E20C40CA0954A5B.d.20F716AB8E90A56F6199470E4329F628.e.20819/click - {}
RESULT: {}
COMMAND: GET /session/ba8f8306183d693af77ab2140b410afd/screenshot - {}
RESULT: {}
COMMAND: POST /session/ba8f8306183d693af77ab2140b410afd/element - {"using":"xpath","value":"//bdi[contains(text(), \"OK\")]"}
RESULT: {"using":"xpath","value":"//bdi[contains(text(), \"OK\")]"}
COMMAND: POST /session/ba8f8306183d693af77ab2140b410afd/element/f.389042B4FF7C30867E20C40CA0954A5B.d.20F716AB8E90A56F6199470E4329F628.e.20822/click - {}
RESULT: {}
COMMAND: GET /session/ba8f8306183d693af77ab2140b410afd/screenshot - {}
RESULT: {}
COMMAND: POST /session/ba8f8306183d693af77ab2140b410afd/element - {"using":"xpath","value":"(//bdi[contains(text(), \"Receive\")])[2]"}
RESULT: {"using":"xpath","value":"(//bdi[contains(text(), \"Receive\")])[2]"}
COMMAND: POST /session/ba8f8306183d693af77ab2140b410afd/element/f.389042B4FF7C30867E20C40CA0954A5B.d.20F716AB8E90A56F6199470E4329F628.e.20823/click - {}
RESULT: {}
COMMAND: GET /session/ba8f8306183d693af77ab2140b410afd/screenshot - {}
RESULT: {}
COMMAND: POST /session/ba8f8306183d693af77ab2140b410afd/element - {"using":"css selector","value":"#shell-header-logo"}
RESULT: {"using":"css selector","value":"#shell-header-logo"}
COMMAND: POST /session/ba8f8306183d693af77ab2140b410afd/element/f.389042B4FF7C30867E20C40CA0954A5B.d.20F716AB8E90A56F6199470E4329F628.e.20194/click - {}
RESULT: {}
COMMAND: GET /session/ba8f8306183d693af77ab2140b410afd/screenshot - {}
RESULT: {}
]]></system-out>
    </testcase>
    <testcase classname="chrome.137_0_7151_69.windows.Create_Reverse_Billing_US127248" name="Should create a new contract" time="65.302">
      <system-out><![CDATA[
COMMAND: POST /session/ba8f8306183d693af77ab2140b410afd/execute/async - {"script":"<script> [1562 bytes]","args":[{"selector":{"controlType":"sap.m.GenericTile","properties":{"header":"Manage Contracts"}},"wdio_ui5_key":"sapm.GenericTile{\"header\":\"Manage Contracts\"}"}]}
RESULT: {"script":"<script> [1562 bytes]","args":[{"selector":{"controlType":"sap.m.GenericTile","properties":{"header":"Manage Contracts"}},"wdio_ui5_key":"sapm.GenericTile{\"header\":\"Manage Contracts\"}"}]}
RESULT: undefined
COMMAND: POST /session/ba8f8306183d693af77ab2140b410afd/element - {"using":"xpath","value":"//*[@id=\"__tile132\"]"}
RESULT: {"using":"xpath","value":"//*[@id=\"__tile132\"]"}
COMMAND: POST /session/ba8f8306183d693af77ab2140b410afd/element/f.389042B4FF7C30867E20C40CA0954A5B.d.20F716AB8E90A56F6199470E4329F628.e.18790/click - {}
RESULT: {}
COMMAND: GET /session/ba8f8306183d693af77ab2140b410afd/screenshot - {}
RESULT: {}
COMMAND: POST /session/ba8f8306183d693af77ab2140b410afd/elements - {"using":"xpath","value":"//span[text()='Error']"}
RESULT: {"using":"xpath","value":"//span[text()='Error']"}
COMMAND: POST /session/ba8f8306183d693af77ab2140b410afd/element - {"using":"xpath","value":"//button[@data-kt=\"addButton\"]"}
RESULT: {"using":"xpath","value":"//button[@data-kt=\"addButton\"]"}
COMMAND: POST /session/ba8f8306183d693af77ab2140b410afd/elements - {"using":"xpath","value":"//button[@data-kt=\"addButton\"]"}
RESULT: {"using":"xpath","value":"//button[@data-kt=\"addButton\"]"}
COMMAND: POST /session/ba8f8306183d693af77ab2140b410afd/execute/sync - {"script":"<script> [8489 bytes]","args":[{"element-6066-11e4-a52e-4f735466cecf":"f.389042B4FF7C30867E20C40CA0954A5B.d.20F716AB8E90A56F6199470E4329F628.e.21046","ELEMENT":"f.389042B4FF7C30867E20C40CA0954A5B.d.20F716AB8E90A56F6199470E4329F628.e.21046"}]}
RESULT: {"script":"<script> [8489 bytes]","args":[{"element-6066-11e4-a52e-4f735466cecf":"f.389042B4FF7C30867E20C40CA0954A5B.d.20F716AB8E90A56F6199470E4329F628.e.21046","ELEMENT":"f.389042B4FF7C30867E20C40CA0954A5B.d.20F716AB8E90A56F6199470E4329F628.e.21046"}]}
COMMAND: GET /session/ba8f8306183d693af77ab2140b410afd/element/f.389042B4FF7C30867E20C40CA0954A5B.d.20F716AB8E90A56F6199470E4329F628.e.21046/enabled - {}
COMMAND: GET /session/ba8f8306183d693af77ab2140b410afd/screenshot - {}
RESULT: {}
COMMAND: POST /session/ba8f8306183d693af77ab2140b410afd/execute/sync - {"script":"<script> [8489 bytes]","args":[{"element-6066-11e4-a52e-4f735466cecf":"f.389042B4FF7C30867E20C40CA0954A5B.d.20F716AB8E90A56F6199470E4329F628.e.21046","ELEMENT":"f.389042B4FF7C30867E20C40CA0954A5B.d.20F716AB8E90A56F6199470E4329F628.e.21046"}]}
COMMAND: GET /session/ba8f8306183d693af77ab2140b410afd/screenshot - {}
RESULT: {}
RESULT: {"script":"<script> [8489 bytes]","args":[{"element-6066-11e4-a52e-4f735466cecf":"f.389042B4FF7C30867E20C40CA0954A5B.d.20F716AB8E90A56F6199470E4329F628.e.21046","ELEMENT":"f.389042B4FF7C30867E20C40CA0954A5B.d.20F716AB8E90A56F6199470E4329F628.e.21046"}]}
COMMAND: POST /session/ba8f8306183d693af77ab2140b410afd/execute/sync - {"script":"<script> [5351 bytes]","args":[{"element-6066-11e4-a52e-4f735466cecf":"f.389042B4FF7C30867E20C40CA0954A5B.d.20F716AB8E90A56F6199470E4329F628.e.21046","ELEMENT":"f.389042B4FF7C30867E20C40CA0954A5B.d.20F716AB8E90A56F6199470E4329F628.e.21046"}]}
COMMAND: GET /session/ba8f8306183d693af77ab2140b410afd/screenshot - {}
RESULT: {}
RESULT: {"script":"<script> [5351 bytes]","args":[{"element-6066-11e4-a52e-4f735466cecf":"f.389042B4FF7C30867E20C40CA0954A5B.d.20F716AB8E90A56F6199470E4329F628.e.21046","ELEMENT":"f.389042B4FF7C30867E20C40CA0954A5B.d.20F716AB8E90A56F6199470E4329F628.e.21046"}]}
COMMAND: GET /session/ba8f8306183d693af77ab2140b410afd/screenshot - {}
RESULT: {}
RESULT: {}
COMMAND: POST /session/ba8f8306183d693af77ab2140b410afd/element/f.389042B4FF7C30867E20C40CA0954A5B.d.20F716AB8E90A56F6199470E4329F628.e.21046/click - {}
RESULT: {}
COMMAND: GET /session/ba8f8306183d693af77ab2140b410afd/screenshot - {}
COMMAND: POST /session/ba8f8306183d693af77ab2140b410afd/execute/async - {"script":"<script> [1562 bytes]","args":[{"selector":{"id":"application-managecontracts-display-component---AddNewContract--projectDescription","interaction":{"idSuffix":"inner"}},"wdio_ui5_key":"applicationmanagecontracts-display-component---AddNewContract--projectDescription"}]}
RESULT: {}
RESULT: {"script":"<script> [1562 bytes]","args":[{"selector":{"id":"application-managecontracts-display-component---AddNewContract--projectDescription","interaction":{"idSuffix":"inner"}},"wdio_ui5_key":"applicationmanagecontracts-display-component---AddNewContract--projectDescription"}]}
RESULT: undefined
COMMAND: POST /session/ba8f8306183d693af77ab2140b410afd/execute/async - {"script":"<script> [776 bytes]","args":[{"enterText":"Contract WDIO","selector":{"id":"application-managecontracts-display-component---AddNewContract--projectDescription","interaction":{"idSuffix":"inner"}},"clearTextFirst":true,"interactionType":"ENTER_TEXT"}]}
RESULT: {"script":"<script> [776 bytes]","args":[{"enterText":"Contract WDIO","selector":{"id":"application-managecontracts-display-component---AddNewContract--projectDescription","interaction":{"idSuffix":"inner"}},"clearTextFirst":true,"interactionType":"ENTER_TEXT"}]}
COMMAND: POST /session/ba8f8306183d693af77ab2140b410afd/element - {"using":"xpath","value":"//input[@id=\"application-managecontracts-display-component---AddNewContract--site-inner\"]"}
RESULT: {"using":"xpath","value":"//input[@id=\"application-managecontracts-display-component---AddNewContract--site-inner\"]"}
COMMAND: POST /session/ba8f8306183d693af77ab2140b410afd/element/f.389042B4FF7C30867E20C40CA0954A5B.d.20F716AB8E90A56F6199470E4329F628.e.21368/clear - {}
RESULT: {}
COMMAND: POST /session/ba8f8306183d693af77ab2140b410afd/element/f.389042B4FF7C30867E20C40CA0954A5B.d.20F716AB8E90A56F6199470E4329F628.e.21368/value - {"text":"2110"}
COMMAND: GET /session/ba8f8306183d693af77ab2140b410afd/screenshot - {}
RESULT: {"text":"2110"}
COMMAND: GET /session/ba8f8306183d693af77ab2140b410afd/screenshot - {}
RESULT: {}
COMMAND: POST /session/ba8f8306183d693af77ab2140b410afd/element - {"using":"xpath","value":"//li[.//span[text()='2110']]"}
RESULT: {}
RESULT: {"using":"xpath","value":"//li[.//span[text()='2110']]"}
COMMAND: POST /session/ba8f8306183d693af77ab2140b410afd/element/f.389042B4FF7C30867E20C40CA0954A5B.d.20F716AB8E90A56F6199470E4329F628.e.21450/click - {}
RESULT: {}
COMMAND: GET /session/ba8f8306183d693af77ab2140b410afd/screenshot - {}
RESULT: {}
COMMAND: POST /session/ba8f8306183d693af77ab2140b410afd/element - {"using":"xpath","value":"//input[@id=\"application-managecontracts-display-component---AddNewContract--yardId-inner\"]"}
RESULT: {"using":"xpath","value":"//input[@id=\"application-managecontracts-display-component---AddNewContract--yardId-inner\"]"}
COMMAND: GET /session/ba8f8306183d693af77ab2140b410afd/element/f.389042B4FF7C30867E20C40CA0954A5B.d.20F716AB8E90A56F6199470E4329F628.e.21369/property/value - {}
RESULT: {}
COMMAND: POST /session/ba8f8306183d693af77ab2140b410afd/element - {"using":"xpath","value":"//input[@id=\"application-managecontracts-display-component---AddNewContract--customerSelect-inner\"]"}
COMMAND: GET /session/ba8f8306183d693af77ab2140b410afd/screenshot - {}
RESULT: {"using":"xpath","value":"//input[@id=\"application-managecontracts-display-component---AddNewContract--customerSelect-inner\"]"}
COMMAND: POST /session/ba8f8306183d693af77ab2140b410afd/element/f.389042B4FF7C30867E20C40CA0954A5B.d.20F716AB8E90A56F6199470E4329F628.e.21367/clear - {}
RESULT: {}
RESULT: {}
COMMAND: POST /session/ba8f8306183d693af77ab2140b410afd/element/f.389042B4FF7C30867E20C40CA0954A5B.d.20F716AB8E90A56F6199470E4329F628.e.21367/value - {"text":"1122"}
COMMAND: GET /session/ba8f8306183d693af77ab2140b410afd/screenshot - {}
RESULT: {"text":"1122"}
COMMAND: GET /session/ba8f8306183d693af77ab2140b410afd/screenshot - {}
RESULT: {}
RESULT: {}
COMMAND: POST /session/ba8f8306183d693af77ab2140b410afd/element - {"using":"xpath","value":"//li[.//span[text()='1122']]"}
RESULT: {"using":"xpath","value":"//li[.//span[text()='1122']]"}
COMMAND: POST /session/ba8f8306183d693af77ab2140b410afd/element/f.389042B4FF7C30867E20C40CA0954A5B.d.20F716AB8E90A56F6199470E4329F628.e.21453/click - {}
RESULT: {}
COMMAND: GET /session/ba8f8306183d693af77ab2140b410afd/screenshot - {}
RESULT: {}
COMMAND: POST /session/ba8f8306183d693af77ab2140b410afd/element - {"using":"xpath","value":"//button[@data-kt=\"saveButton\"]"}
RESULT: {"using":"xpath","value":"//button[@data-kt=\"saveButton\"]"}
COMMAND: POST /session/ba8f8306183d693af77ab2140b410afd/element/f.389042B4FF7C30867E20C40CA0954A5B.d.20F716AB8E90A56F6199470E4329F628.e.21443/click - {}
RESULT: {}
COMMAND: GET /session/ba8f8306183d693af77ab2140b410afd/screenshot - {}
RESULT: {}
COMMAND: POST /session/ba8f8306183d693af77ab2140b410afd/element - {"using":"xpath","value":"//span[contains(@id ,\"contractDetailTitleNoExpanded\")]"}
RESULT: {"using":"xpath","value":"//span[contains(@id ,\"contractDetailTitleNoExpanded\")]"}
COMMAND: POST /session/ba8f8306183d693af77ab2140b410afd/elements - {"using":"xpath","value":"//span[contains(@id ,\"contractDetailTitleNoExpanded\")]"}
RESULT: {"using":"xpath","value":"//span[contains(@id ,\"contractDetailTitleNoExpanded\")]"}
COMMAND: POST /session/ba8f8306183d693af77ab2140b410afd/execute/sync - {"script":"<script> [56 bytes]","args":[{"element-6066-11e4-a52e-4f735466cecf":"f.389042B4FF7C30867E20C40CA0954A5B.d.20F716AB8E90A56F6199470E4329F628.e.21523","ELEMENT":"f.389042B4FF7C30867E20C40CA0954A5B.d.20F716AB8E90A56F6199470E4329F628.e.21523"}]}
RESULT: {"script":"<script> [56 bytes]","args":[{"element-6066-11e4-a52e-4f735466cecf":"f.389042B4FF7C30867E20C40CA0954A5B.d.20F716AB8E90A56F6199470E4329F628.e.21523","ELEMENT":"f.389042B4FF7C30867E20C40CA0954A5B.d.20F716AB8E90A56F6199470E4329F628.e.21523"}]}
COMMAND: GET /session/ba8f8306183d693af77ab2140b410afd/screenshot - {}
RESULT: {}
]]></system-out>
    </testcase>
    <testcase classname="chrome.137_0_7151_69.windows.Create_Reverse_Billing_US127248" name="Should add equipment to the contract" time="49.486">
      <system-out><![CDATA[
COMMAND: POST /session/ba8f8306183d693af77ab2140b410afd/element - {"using":"xpath","value":"//button[@data-kt=\"contractDetailEditBtnButton\"]"}
RESULT: {"using":"xpath","value":"//button[@data-kt=\"contractDetailEditBtnButton\"]"}
COMMAND: POST /session/ba8f8306183d693af77ab2140b410afd/element/f.389042B4FF7C30867E20C40CA0954A5B.d.20F716AB8E90A56F6199470E4329F628.e.21526/click - {}
RESULT: {}
COMMAND: GET /session/ba8f8306183d693af77ab2140b410afd/screenshot - {}
RESULT: {}
COMMAND: POST /session/ba8f8306183d693af77ab2140b410afd/element - {"using":"xpath","value":"(//span[contains(text(), \"Additional Addresses\")])[2]"}
RESULT: {"using":"xpath","value":"(//span[contains(text(), \"Additional Addresses\")])[2]"}
COMMAND: POST /session/ba8f8306183d693af77ab2140b410afd/element/f.389042B4FF7C30867E20C40CA0954A5B.d.20F716AB8E90A56F6199470E4329F628.e.21583/click - {}
RESULT: {}
COMMAND: GET /session/ba8f8306183d693af77ab2140b410afd/screenshot - {}
RESULT: {}
COMMAND: POST /session/ba8f8306183d693af77ab2140b410afd/element - {"using":"xpath","value":"//button[@data-kt=\"btnAddTableRowOverflowToolbarButton\"]"}
RESULT: {"using":"xpath","value":"//button[@data-kt=\"btnAddTableRowOverflowToolbarButton\"]"}
COMMAND: POST /session/ba8f8306183d693af77ab2140b410afd/element/f.389042B4FF7C30867E20C40CA0954A5B.d.20F716AB8E90A56F6199470E4329F628.e.21586/click - {}
RESULT: {}
COMMAND: GET /session/ba8f8306183d693af77ab2140b410afd/screenshot - {}
RESULT: {}
COMMAND: POST /session/ba8f8306183d693af77ab2140b410afd/element - {"using":"xpath","value":"//div[(text() = 'Standard Entry' or . = 'Standard Entry')]"}
RESULT: {"using":"xpath","value":"//div[(text() = 'Standard Entry' or . = 'Standard Entry')]"}
COMMAND: POST /session/ba8f8306183d693af77ab2140b410afd/element/f.389042B4FF7C30867E20C40CA0954A5B.d.20F716AB8E90A56F6199470E4329F628.e.21588/click - {}
RESULT: {}
COMMAND: GET /session/ba8f8306183d693af77ab2140b410afd/screenshot - {}
RESULT: {}
COMMAND: POST /session/ba8f8306183d693af77ab2140b410afd/element - {"using":"xpath","value":"//td[7]/div/div/input"}
RESULT: {"using":"xpath","value":"//td[7]/div/div/input"}
COMMAND: POST /session/ba8f8306183d693af77ab2140b410afd/element/f.389042B4FF7C30867E20C40CA0954A5B.d.20F716AB8E90A56F6199470E4329F628.e.21597/clear - {}
RESULT: {}
COMMAND: POST /session/ba8f8306183d693af77ab2140b410afd/element/f.389042B4FF7C30867E20C40CA0954A5B.d.20F716AB8E90A56F6199470E4329F628.e.21597/value - {"text":"iZyJ60wVki"}
COMMAND: GET /session/ba8f8306183d693af77ab2140b410afd/screenshot - {}
RESULT: {"text":"iZyJ60wVki"}
COMMAND: GET /session/ba8f8306183d693af77ab2140b410afd/screenshot - {}
RESULT: {}
RESULT: {}
COMMAND: POST /session/ba8f8306183d693af77ab2140b410afd/actions - {"actions":[{"id":"action70","type":"key","parameters":{},"actions":[{"type":"keyDown","value":""},{"type":"pause","duration":10},{"type":"keyUp","value":""}]}]}
RESULT: {"actions":[{"id":"action70","type":"key","parameters":{},"actions":[{"type":"keyDown","value":""},{"type":"pause","duration":10},{"type":"keyUp","value":""}]}]}
COMMAND: GET /session/ba8f8306183d693af77ab2140b410afd/screenshot - {}
RESULT: {}
COMMAND: POST /session/ba8f8306183d693af77ab2140b410afd/execute/sync - {"script":"<script> [276 bytes]","args":["No pricing information was found"]}
RESULT: {"script":"<script> [276 bytes]","args":["No pricing information was found"]}
COMMAND: POST /session/ba8f8306183d693af77ab2140b410afd/element - {"using":"xpath","value":"(//button[@data-kt=\"saveButton\"])[2]"}
COMMAND: GET /session/ba8f8306183d693af77ab2140b410afd/screenshot - {}
RESULT: {"using":"xpath","value":"(//button[@data-kt=\"saveButton\"])[2]"}
COMMAND: POST /session/ba8f8306183d693af77ab2140b410afd/element/f.389042B4FF7C30867E20C40CA0954A5B.d.20F716AB8E90A56F6199470E4329F628.e.21612/click - {}
RESULT: {}
RESULT: {}
COMMAND: GET /session/ba8f8306183d693af77ab2140b410afd/screenshot - {}
RESULT: {}
COMMAND: POST /session/ba8f8306183d693af77ab2140b410afd/execute/sync - {"script":"<script> [276 bytes]","args":["Some contract items are having rental validity exceeding header rental validity"]}
RESULT: {"script":"<script> [276 bytes]","args":["Some contract items are having rental validity exceeding header rental validity"]}
COMMAND: GET /session/ba8f8306183d693af77ab2140b410afd/screenshot - {}
RESULT: {}
COMMAND: POST /session/ba8f8306183d693af77ab2140b410afd/element - {"using":"xpath","value":"//span[contains(@id ,\"contractItemsSmartTable-header-inner\")]"}
RESULT: {"using":"xpath","value":"//span[contains(@id ,\"contractItemsSmartTable-header-inner\")]"}
COMMAND: POST /session/ba8f8306183d693af77ab2140b410afd/elements - {"using":"xpath","value":"//span[contains(@id ,\"contractItemsSmartTable-header-inner\")]"}
RESULT: {"using":"xpath","value":"//span[contains(@id ,\"contractItemsSmartTable-header-inner\")]"}
COMMAND: POST /session/ba8f8306183d693af77ab2140b410afd/execute/sync - {"script":"<script> [56 bytes]","args":[{"element-6066-11e4-a52e-4f735466cecf":"f.389042B4FF7C30867E20C40CA0954A5B.d.20F716AB8E90A56F6199470E4329F628.e.21617","ELEMENT":"f.389042B4FF7C30867E20C40CA0954A5B.d.20F716AB8E90A56F6199470E4329F628.e.21617"}]}
RESULT: {"script":"<script> [56 bytes]","args":[{"element-6066-11e4-a52e-4f735466cecf":"f.389042B4FF7C30867E20C40CA0954A5B.d.20F716AB8E90A56F6199470E4329F628.e.21617","ELEMENT":"f.389042B4FF7C30867E20C40CA0954A5B.d.20F716AB8E90A56F6199470E4329F628.e.21617"}]}
]]></system-out>
    </testcase>
    <testcase classname="chrome.137_0_7151_69.windows.Create_Reverse_Billing_US127248" name="Should do a provide to site handover" time="69.174">
      <system-out><![CDATA[
COMMAND: POST /session/ba8f8306183d693af77ab2140b410afd/element - {"using":"xpath","value":"//button[@data-kt=\"provideButton\"]"}
COMMAND: GET /session/ba8f8306183d693af77ab2140b410afd/screenshot - {}
RESULT: {"using":"xpath","value":"//button[@data-kt=\"provideButton\"]"}
COMMAND: POST /session/ba8f8306183d693af77ab2140b410afd/element/f.389042B4FF7C30867E20C40CA0954A5B.d.20F716AB8E90A56F6199470E4329F628.e.21618/click - {}
RESULT: {}
RESULT: {}
COMMAND: GET /session/ba8f8306183d693af77ab2140b410afd/screenshot - {}
RESULT: {}
RESULT: undefined
COMMAND: POST /session/ba8f8306183d693af77ab2140b410afd/execute/async - {"script":"<script> [6424 bytes]","args":[{"element-6066-11e4-a52e-4f735466cecf":"f.389042B4FF7C30867E20C40CA0954A5B.d.20F716AB8E90A56F6199470E4329F628.e.20576"},"setValue",["6/14/25"]]}
COMMAND: POST /session/ba8f8306183d693af77ab2140b410afd/execute/async - {"script":"<script> [1562 bytes]","args":[{"selector":{"id":"application-managehandovers-display-component---AddNewHO--dueDate","interaction":{"idSuffix":"inner"}},"wdio_ui5_key":"applicationmanagehandovers-display-component---AddNewHO--dueDate"}]}
RESULT: {"script":"<script> [1562 bytes]","args":[{"selector":{"id":"application-managehandovers-display-component---AddNewHO--dueDate","interaction":{"idSuffix":"inner"}},"wdio_ui5_key":"applicationmanagehandovers-display-component---AddNewHO--dueDate"}]}
COMMAND: POST /session/ba8f8306183d693af77ab2140b410afd/execute/async - {"script":"<script> [6424 bytes]","args":[{"element-6066-11e4-a52e-4f735466cecf":"f.389042B4FF7C30867E20C40CA0954A5B.d.20F716AB8E90A56F6199470E4329F628.e.21692"},"setValue",["6/14/25"]]}
RESULT: {"script":"<script> [6424 bytes]","args":[{"element-6066-11e4-a52e-4f735466cecf":"f.389042B4FF7C30867E20C40CA0954A5B.d.20F716AB8E90A56F6199470E4329F628.e.21692"},"setValue",["6/14/25"]]}
COMMAND: POST /session/ba8f8306183d693af77ab2140b410afd/element - {"using":"xpath","value":"//bdi[contains(text(), \"Instructions\")]"}
RESULT: {"using":"xpath","value":"//bdi[contains(text(), \"Instructions\")]"}
COMMAND: POST /session/ba8f8306183d693af77ab2140b410afd/element/f.389042B4FF7C30867E20C40CA0954A5B.d.20F716AB8E90A56F6199470E4329F628.e.21938/click - {}
RESULT: {}
COMMAND: GET /session/ba8f8306183d693af77ab2140b410afd/screenshot - {}
RESULT: {}
COMMAND: POST /session/ba8f8306183d693af77ab2140b410afd/element - {"using":"xpath","value":"//button[@data-kt=\"AddNewHOProvideAddItemsButton\"]"}
RESULT: {"using":"xpath","value":"//button[@data-kt=\"AddNewHOProvideAddItemsButton\"]"}
COMMAND: POST /session/ba8f8306183d693af77ab2140b410afd/element/f.389042B4FF7C30867E20C40CA0954A5B.d.20F716AB8E90A56F6199470E4329F628.e.21942/click - {}
RESULT: {}
COMMAND: GET /session/ba8f8306183d693af77ab2140b410afd/screenshot - {}
RESULT: {}
RESULT: undefined
COMMAND: POST /session/ba8f8306183d693af77ab2140b410afd/element - {"using":"xpath","value":"//*[@id=\"application-managehandovers-display-component---AddNewHO--popup-sa\"]"}
RESULT: {"using":"xpath","value":"//*[@id=\"application-managehandovers-display-component---AddNewHO--popup-sa\"]"}
COMMAND: POST /session/ba8f8306183d693af77ab2140b410afd/element/f.389042B4FF7C30867E20C40CA0954A5B.d.20F716AB8E90A56F6199470E4329F628.e.21957/click - {}
RESULT: {}
COMMAND: GET /session/ba8f8306183d693af77ab2140b410afd/screenshot - {}
RESULT: {}
COMMAND: POST /session/ba8f8306183d693af77ab2140b410afd/element - {"using":"xpath","value":"//*[contains(@id ,\"BDI-content\")][contains(text(), \"Select\")]"}
RESULT: {"using":"xpath","value":"//*[contains(@id ,\"BDI-content\")][contains(text(), \"Select\")]"}
COMMAND: POST /session/ba8f8306183d693af77ab2140b410afd/element/f.389042B4FF7C30867E20C40CA0954A5B.d.20F716AB8E90A56F6199470E4329F628.e.21959/click - {}
RESULT: {}
COMMAND: GET /session/ba8f8306183d693af77ab2140b410afd/screenshot - {}
RESULT: {}
COMMAND: POST /session/ba8f8306183d693af77ab2140b410afd/execute/async - {"script":"<script> [1562 bytes]","args":[{"selector":{"id":"application-managehandovers-display-component---AddNewHO--confirmCreationButton","interaction":{"idSuffix":"BDI-content"}},"wdio_ui5_key":"applicationmanagehandovers-display-component---AddNewHO--confirmCreationButton"}]}
RESULT: {"script":"<script> [1562 bytes]","args":[{"selector":{"id":"application-managehandovers-display-component---AddNewHO--confirmCreationButton","interaction":{"idSuffix":"BDI-content"}},"wdio_ui5_key":"applicationmanagehandovers-display-component---AddNewHO--confirmCreationButton"}]}
RESULT: undefined
COMMAND: POST /session/ba8f8306183d693af77ab2140b410afd/element - {"using":"xpath","value":"//*[@id=\"application-managehandovers-display-component---AddNewHO--confirmCreationButton\"]"}
RESULT: {"using":"xpath","value":"//*[@id=\"application-managehandovers-display-component---AddNewHO--confirmCreationButton\"]"}
COMMAND: POST /session/ba8f8306183d693af77ab2140b410afd/element/f.389042B4FF7C30867E20C40CA0954A5B.d.20F716AB8E90A56F6199470E4329F628.e.21745/click - {}
RESULT: {}
COMMAND: GET /session/ba8f8306183d693af77ab2140b410afd/screenshot - {}
RESULT: {}
COMMAND: POST /session/ba8f8306183d693af77ab2140b410afd/execute/async - {"script":"<script> [1562 bytes]","args":[{"selector":{"id":"issueDatePicker","viewName":"etm.portal.ui.managehandovers.view.DetailExecuteHO","interaction":{"idSuffix":"inner"}},"wdio_ui5_key":"issueDatePickeretmportal.ui.managehandovers.view.DetailExecuteHO"}]}
RESULT: {"script":"<script> [1562 bytes]","args":[{"selector":{"id":"issueDatePicker","viewName":"etm.portal.ui.managehandovers.view.DetailExecuteHO","interaction":{"idSuffix":"inner"}},"wdio_ui5_key":"issueDatePickeretmportal.ui.managehandovers.view.DetailExecuteHO"}]}
RESULT: undefined
COMMAND: POST /session/ba8f8306183d693af77ab2140b410afd/execute/async - {"script":"<script> [776 bytes]","args":[{"enterText":"6/14/25","selector":{"id":"issueDatePicker","viewName":"etm.portal.ui.managehandovers.view.DetailExecuteHO","interaction":{"idSuffix":"inner"}},"clearTextFirst":true,"interactionType":"ENTER_TEXT"}]}
RESULT: {"script":"<script> [776 bytes]","args":[{"enterText":"6/14/25","selector":{"id":"issueDatePicker","viewName":"etm.portal.ui.managehandovers.view.DetailExecuteHO","interaction":{"idSuffix":"inner"}},"clearTextFirst":true,"interactionType":"ENTER_TEXT"}]}
COMMAND: POST /session/ba8f8306183d693af77ab2140b410afd/element - {"using":"xpath","value":"//button[@data-kt=\"PickingTableConfirmAllButton\"]"}
RESULT: {"using":"xpath","value":"//button[@data-kt=\"PickingTableConfirmAllButton\"]"}
COMMAND: POST /session/ba8f8306183d693af77ab2140b410afd/element/f.389042B4FF7C30867E20C40CA0954A5B.d.20F716AB8E90A56F6199470E4329F628.e.22019/click - {}
RESULT: {}
COMMAND: GET /session/ba8f8306183d693af77ab2140b410afd/screenshot - {}
RESULT: {}
COMMAND: POST /session/ba8f8306183d693af77ab2140b410afd/element - {"using":"xpath","value":"//bdi[contains(text(), \"OK\")]"}
RESULT: {"using":"xpath","value":"//bdi[contains(text(), \"OK\")]"}
COMMAND: POST /session/ba8f8306183d693af77ab2140b410afd/element/f.389042B4FF7C30867E20C40CA0954A5B.d.20F716AB8E90A56F6199470E4329F628.e.22022/click - {}
RESULT: {}
COMMAND: GET /session/ba8f8306183d693af77ab2140b410afd/screenshot - {}
RESULT: {}
COMMAND: POST /session/ba8f8306183d693af77ab2140b410afd/element - {"using":"xpath","value":"//bdi[contains(text(), \"Issue\")]"}
RESULT: {"using":"xpath","value":"//bdi[contains(text(), \"Issue\")]"}
COMMAND: POST /session/ba8f8306183d693af77ab2140b410afd/element/f.389042B4FF7C30867E20C40CA0954A5B.d.20F716AB8E90A56F6199470E4329F628.e.22024/click - {}
RESULT: {}
COMMAND: GET /session/ba8f8306183d693af77ab2140b410afd/screenshot - {}
RESULT: {}
COMMAND: POST /session/ba8f8306183d693af77ab2140b410afd/element - {"using":"css selector","value":"#shell-header-logo"}
RESULT: {"using":"css selector","value":"#shell-header-logo"}
COMMAND: POST /session/ba8f8306183d693af77ab2140b410afd/element/f.389042B4FF7C30867E20C40CA0954A5B.d.20F716AB8E90A56F6199470E4329F628.e.21001/click - {}
RESULT: {}
COMMAND: GET /session/ba8f8306183d693af77ab2140b410afd/screenshot - {}
RESULT: {}
]]></system-out>
    </testcase>
    <testcase classname="chrome.137_0_7151_69.windows.Create_Reverse_Billing_US127248" name="Should go navigate to Manage Billings and trigger contract calculation check result" time="61.945">
      <system-out><![CDATA[
COMMAND: POST /session/ba8f8306183d693af77ab2140b410afd/execute/async - {"script":"<script> [1562 bytes]","args":[{"selector":{"controlType":"sap.m.GenericTile","properties":{"header":"Manage Billings"}},"wdio_ui5_key":"sapm.GenericTile{\"header\":\"Manage Billings\"}"}]}
RESULT: {"script":"<script> [1562 bytes]","args":[{"selector":{"controlType":"sap.m.GenericTile","properties":{"header":"Manage Billings"}},"wdio_ui5_key":"sapm.GenericTile{\"header\":\"Manage Billings\"}"}]}
RESULT: undefined
COMMAND: POST /session/ba8f8306183d693af77ab2140b410afd/element - {"using":"xpath","value":"//*[@id=\"__tile53\"]"}
RESULT: {"using":"xpath","value":"//*[@id=\"__tile53\"]"}
COMMAND: POST /session/ba8f8306183d693af77ab2140b410afd/element/f.389042B4FF7C30867E20C40CA0954A5B.d.20F716AB8E90A56F6199470E4329F628.e.18820/click - {}
RESULT: {}
COMMAND: GET /session/ba8f8306183d693af77ab2140b410afd/screenshot - {}
RESULT: {}
COMMAND: POST /session/ba8f8306183d693af77ab2140b410afd/elements - {"using":"xpath","value":"//span[text()='Error']"}
RESULT: {"using":"xpath","value":"//span[text()='Error']"}
COMMAND: POST /session/ba8f8306183d693af77ab2140b410afd/execute/async - {"script":"<script> [1562 bytes]","args":[{"selector":{"id":"application-managebillings-display-component---billRunCalcResult--smartFilterBar-btnBasicSearch","interaction":{"idSuffix":"I"}},"wdio_ui5_key":"applicationmanagebillings-display-component---billRunCalcResult--smartFilterBar-btnBasicSearch"}]}
RESULT: {"script":"<script> [1562 bytes]","args":[{"selector":{"id":"application-managebillings-display-component---billRunCalcResult--smartFilterBar-btnBasicSearch","interaction":{"idSuffix":"I"}},"wdio_ui5_key":"applicationmanagebillings-display-component---billRunCalcResult--smartFilterBar-btnBasicSearch"}]}
RESULT: undefined
COMMAND: POST /session/ba8f8306183d693af77ab2140b410afd/execute/async - {"script":"<script> [776 bytes]","args":[{"enterText":"10210","selector":{"id":"application-managebillings-display-component---billRunCalcResult--smartFilterBar-btnBasicSearch","interaction":{"idSuffix":"I"}},"clearTextFirst":true,"interactionType":"ENTER_TEXT"}]}
RESULT: {"script":"<script> [776 bytes]","args":[{"enterText":"10210","selector":{"id":"application-managebillings-display-component---billRunCalcResult--smartFilterBar-btnBasicSearch","interaction":{"idSuffix":"I"}},"clearTextFirst":true,"interactionType":"ENTER_TEXT"}]}
COMMAND: POST /session/ba8f8306183d693af77ab2140b410afd/actions - {"actions":[{"id":"action71","type":"key","parameters":{},"actions":[{"type":"keyDown","value":""},{"type":"pause","duration":10},{"type":"keyUp","value":""}]}]}
RESULT: {"actions":[{"id":"action71","type":"key","parameters":{},"actions":[{"type":"keyDown","value":""},{"type":"pause","duration":10},{"type":"keyUp","value":""}]}]}
COMMAND: GET /session/ba8f8306183d693af77ab2140b410afd/screenshot - {}
RESULT: {}
COMMAND: POST /session/ba8f8306183d693af77ab2140b410afd/element - {"using":"xpath","value":"//td[@aria-colindex=\"1\"]/div/div[contains(@class, \"sapMCbBg\")]"}
RESULT: {"using":"xpath","value":"//td[@aria-colindex=\"1\"]/div/div[contains(@class, \"sapMCbBg\")]"}
COMMAND: POST /session/ba8f8306183d693af77ab2140b410afd/element/f.389042B4FF7C30867E20C40CA0954A5B.d.20F716AB8E90A56F6199470E4329F628.e.22436/click - {}
RESULT: {}
COMMAND: GET /session/ba8f8306183d693af77ab2140b410afd/screenshot - {}
RESULT: {}
COMMAND: POST /session/ba8f8306183d693af77ab2140b410afd/execute/async - {"script":"<script> [1562 bytes]","args":[{"selector":{"id":"application-managebillings-display-component---billRunCalcResult--contractBillRunDate","interaction":{"idSuffix":"inner"}},"wdio_ui5_key":"applicationmanagebillings-display-component---billRunCalcResult--contractBillRunDate"}]}
RESULT: {"script":"<script> [1562 bytes]","args":[{"selector":{"id":"application-managebillings-display-component---billRunCalcResult--contractBillRunDate","interaction":{"idSuffix":"inner"}},"wdio_ui5_key":"applicationmanagebillings-display-component---billRunCalcResult--contractBillRunDate"}]}
RESULT: undefined
COMMAND: POST /session/ba8f8306183d693af77ab2140b410afd/execute/async - {"script":"<script> [776 bytes]","args":[{"enterText":"7/14/25","selector":{"id":"application-managebillings-display-component---billRunCalcResult--contractBillRunDate","interaction":{"idSuffix":"inner"}},"clearTextFirst":true,"interactionType":"ENTER_TEXT"}]}
RESULT: {"script":"<script> [776 bytes]","args":[{"enterText":"7/14/25","selector":{"id":"application-managebillings-display-component---billRunCalcResult--contractBillRunDate","interaction":{"idSuffix":"inner"}},"clearTextFirst":true,"interactionType":"ENTER_TEXT"}]}
COMMAND: POST /session/ba8f8306183d693af77ab2140b410afd/element - {"using":"xpath","value":"//bdi[contains(text(), \"Trigger Calculation\")]"}
RESULT: {"using":"xpath","value":"//bdi[contains(text(), \"Trigger Calculation\")]"}
COMMAND: POST /session/ba8f8306183d693af77ab2140b410afd/element/f.389042B4FF7C30867E20C40CA0954A5B.d.20F716AB8E90A56F6199470E4329F628.e.22458/click - {}
RESULT: {}
COMMAND: GET /session/ba8f8306183d693af77ab2140b410afd/screenshot - {}
RESULT: {}
COMMAND: POST /session/ba8f8306183d693af77ab2140b410afd/element - {"using":"xpath","value":"(//span[contains(@id, \"imgNav\")])[1]"}
RESULT: {"using":"xpath","value":"(//span[contains(@id, \"imgNav\")])[1]"}
COMMAND: POST /session/ba8f8306183d693af77ab2140b410afd/element/f.389042B4FF7C30867E20C40CA0954A5B.d.20F716AB8E90A56F6199470E4329F628.e.22450/click - {}
RESULT: {}
COMMAND: GET /session/ba8f8306183d693af77ab2140b410afd/screenshot - {}
RESULT: {}
COMMAND: POST /session/ba8f8306183d693af77ab2140b410afd/element - {"using":"xpath","value":"//tr/td[6]/div[1]/span[1]/span[1]"}
RESULT: {"using":"xpath","value":"//tr/td[6]/div[1]/span[1]/span[1]"}
COMMAND: GET /session/ba8f8306183d693af77ab2140b410afd/element/f.389042B4FF7C30867E20C40CA0954A5B.d.20F716AB8E90A56F6199470E4329F628.e.22462/text - {}
RESULT: {}
COMMAND: POST /session/ba8f8306183d693af77ab2140b410afd/element - {"using":"xpath","value":"(//span[contains(@id, \"imgNav\")])[2]"}
RESULT: {"using":"xpath","value":"(//span[contains(@id, \"imgNav\")])[2]"}
COMMAND: POST /session/ba8f8306183d693af77ab2140b410afd/element/f.389042B4FF7C30867E20C40CA0954A5B.d.20F716AB8E90A56F6199470E4329F628.e.22463/click - {}
RESULT: {}
COMMAND: POST /session/ba8f8306183d693af77ab2140b410afd/element - {"using":"xpath","value":"//bdi[contains(text(), \"Business Confirm\")]"}
COMMAND: GET /session/ba8f8306183d693af77ab2140b410afd/screenshot - {}
RESULT: {"using":"xpath","value":"//bdi[contains(text(), \"Business Confirm\")]"}
COMMAND: POST /session/ba8f8306183d693af77ab2140b410afd/elements - {"using":"xpath","value":"//bdi[contains(text(), \"Business Confirm\")]"}
RESULT: {}
RESULT: {"using":"xpath","value":"//bdi[contains(text(), \"Business Confirm\")]"}
COMMAND: POST /session/ba8f8306183d693af77ab2140b410afd/elements - {"using":"xpath","value":"//bdi[contains(text(), \"Business Confirm\")]"}
RESULT: {"using":"xpath","value":"//bdi[contains(text(), \"Business Confirm\")]"}
COMMAND: POST /session/ba8f8306183d693af77ab2140b410afd/element - {"using":"xpath","value":"//bdi[contains(text(), \"Business Confirm\")]"}
RESULT: {"using":"xpath","value":"//bdi[contains(text(), \"Business Confirm\")]"}
COMMAND: POST /session/ba8f8306183d693af77ab2140b410afd/element/f.389042B4FF7C30867E20C40CA0954A5B.d.20F716AB8E90A56F6199470E4329F628.e.22493/click - {}
RESULT: {}
COMMAND: POST /session/ba8f8306183d693af77ab2140b410afd/element - {"using":"css selector","value":"#shell-header-logo"}
COMMAND: GET /session/ba8f8306183d693af77ab2140b410afd/screenshot - {}
RESULT: {"using":"css selector","value":"#shell-header-logo"}
COMMAND: POST /session/ba8f8306183d693af77ab2140b410afd/element/f.389042B4FF7C30867E20C40CA0954A5B.d.20F716AB8E90A56F6199470E4329F628.e.22202/click - {}
RESULT: {}
RESULT: {}
COMMAND: GET /session/ba8f8306183d693af77ab2140b410afd/screenshot - {}
RESULT: {}
]]></system-out>
    </testcase>
    <testcase classname="chrome.137_0_7151_69.windows.Create_Reverse_Billing_US127248" name="Should go into Billing Transfer and reverse the billing" time="45.521">
      <system-out><![CDATA[
COMMAND: POST /session/ba8f8306183d693af77ab2140b410afd/execute/async - {"script":"<script> [1562 bytes]","args":[{"selector":{"controlType":"sap.m.GenericTile","properties":{"header":"Billing Transfer"}},"wdio_ui5_key":"sapm.GenericTile{\"header\":\"Billing Transfer\"}"}]}
RESULT: {"script":"<script> [1562 bytes]","args":[{"selector":{"controlType":"sap.m.GenericTile","properties":{"header":"Billing Transfer"}},"wdio_ui5_key":"sapm.GenericTile{\"header\":\"Billing Transfer\"}"}]}
RESULT: undefined
COMMAND: POST /session/ba8f8306183d693af77ab2140b410afd/element - {"using":"xpath","value":"//*[@id=\"__tile52\"]"}
RESULT: {"using":"xpath","value":"//*[@id=\"__tile52\"]"}
COMMAND: POST /session/ba8f8306183d693af77ab2140b410afd/element/f.389042B4FF7C30867E20C40CA0954A5B.d.20F716AB8E90A56F6199470E4329F628.e.18818/click - {}
RESULT: {}
COMMAND: GET /session/ba8f8306183d693af77ab2140b410afd/screenshot - {}
RESULT: {}
COMMAND: POST /session/ba8f8306183d693af77ab2140b410afd/elements - {"using":"xpath","value":"//span[text()='Error']"}
RESULT: {"using":"xpath","value":"//span[text()='Error']"}
COMMAND: POST /session/ba8f8306183d693af77ab2140b410afd/element - {"using":"xpath","value":"//input[contains(@id ,\"application-billingtransfer-display-component---billingWorkbench--smartFilterBar-btnBasicSearch\")]"}
RESULT: {"using":"xpath","value":"//input[contains(@id ,\"application-billingtransfer-display-component---billingWorkbench--smartFilterBar-btnBasicSearch\")]"}
COMMAND: POST /session/ba8f8306183d693af77ab2140b410afd/elements - {"using":"xpath","value":"//input[contains(@id ,\"application-billingtransfer-display-component---billingWorkbench--smartFilterBar-btnBasicSearch\")]"}
RESULT: {"using":"xpath","value":"//input[contains(@id ,\"application-billingtransfer-display-component---billingWorkbench--smartFilterBar-btnBasicSearch\")]"}
COMMAND: POST /session/ba8f8306183d693af77ab2140b410afd/execute/sync - {"script":"<script> [8489 bytes]","args":[{"element-6066-11e4-a52e-4f735466cecf":"f.389042B4FF7C30867E20C40CA0954A5B.d.20F716AB8E90A56F6199470E4329F628.e.22546","ELEMENT":"f.389042B4FF7C30867E20C40CA0954A5B.d.20F716AB8E90A56F6199470E4329F628.e.22546"}]}
RESULT: {"script":"<script> [8489 bytes]","args":[{"element-6066-11e4-a52e-4f735466cecf":"f.389042B4FF7C30867E20C40CA0954A5B.d.20F716AB8E90A56F6199470E4329F628.e.22546","ELEMENT":"f.389042B4FF7C30867E20C40CA0954A5B.d.20F716AB8E90A56F6199470E4329F628.e.22546"}]}
COMMAND: GET /session/ba8f8306183d693af77ab2140b410afd/element/f.389042B4FF7C30867E20C40CA0954A5B.d.20F716AB8E90A56F6199470E4329F628.e.22546/enabled - {}
COMMAND: GET /session/ba8f8306183d693af77ab2140b410afd/screenshot - {}
RESULT: {}
COMMAND: POST /session/ba8f8306183d693af77ab2140b410afd/element/f.389042B4FF7C30867E20C40CA0954A5B.d.20F716AB8E90A56F6199470E4329F628.e.22546/click - {}
COMMAND: GET /session/ba8f8306183d693af77ab2140b410afd/screenshot - {}
RESULT: {}
RESULT: {}
RESULT: {}
COMMAND: GET /session/ba8f8306183d693af77ab2140b410afd/screenshot - {}
RESULT: {}
COMMAND: POST /session/ba8f8306183d693af77ab2140b410afd/element/f.389042B4FF7C30867E20C40CA0954A5B.d.20F716AB8E90A56F6199470E4329F628.e.22546/clear - {}
RESULT: {}
COMMAND: POST /session/ba8f8306183d693af77ab2140b410afd/element/f.389042B4FF7C30867E20C40CA0954A5B.d.20F716AB8E90A56F6199470E4329F628.e.22546/value - {"text":"10210"}
COMMAND: GET /session/ba8f8306183d693af77ab2140b410afd/screenshot - {}
RESULT: {"text":"10210"}
COMMAND: POST /session/ba8f8306183d693af77ab2140b410afd/actions - {"actions":[{"id":"action72","type":"key","parameters":{},"actions":[{"type":"keyDown","value":""},{"type":"pause","duration":10},{"type":"keyUp","value":""}]}]}
COMMAND: GET /session/ba8f8306183d693af77ab2140b410afd/screenshot - {}
RESULT: {}
RESULT: {"actions":[{"id":"action72","type":"key","parameters":{},"actions":[{"type":"keyDown","value":""},{"type":"pause","duration":10},{"type":"keyUp","value":""}]}]}
COMMAND: GET /session/ba8f8306183d693af77ab2140b410afd/screenshot - {}
RESULT: {}
RESULT: {}
COMMAND: POST /session/ba8f8306183d693af77ab2140b410afd/element - {"using":"xpath","value":"//span[contains(@id ,\"application-billingtransfer-display-component---billingWorkbench--smartTableBillingRuns-header-inner\")]"}
RESULT: {"using":"xpath","value":"//span[contains(@id ,\"application-billingtransfer-display-component---billingWorkbench--smartTableBillingRuns-header-inner\")]"}
COMMAND: POST /session/ba8f8306183d693af77ab2140b410afd/elements - {"using":"xpath","value":"//span[contains(@id ,\"application-billingtransfer-display-component---billingWorkbench--smartTableBillingRuns-header-inner\")]"}
RESULT: {"using":"xpath","value":"//span[contains(@id ,\"application-billingtransfer-display-component---billingWorkbench--smartTableBillingRuns-header-inner\")]"}
COMMAND: POST /session/ba8f8306183d693af77ab2140b410afd/execute/sync - {"script":"<script> [56 bytes]","args":[{"element-6066-11e4-a52e-4f735466cecf":"f.389042B4FF7C30867E20C40CA0954A5B.d.20F716AB8E90A56F6199470E4329F628.e.22642","ELEMENT":"f.389042B4FF7C30867E20C40CA0954A5B.d.20F716AB8E90A56F6199470E4329F628.e.22642"}]}
RESULT: {"script":"<script> [56 bytes]","args":[{"element-6066-11e4-a52e-4f735466cecf":"f.389042B4FF7C30867E20C40CA0954A5B.d.20F716AB8E90A56F6199470E4329F628.e.22642","ELEMENT":"f.389042B4FF7C30867E20C40CA0954A5B.d.20F716AB8E90A56F6199470E4329F628.e.22642"}]}
COMMAND: POST /session/ba8f8306183d693af77ab2140b410afd/element - {"using":"xpath","value":"//td[@aria-colindex=\"1\"]/div/div[contains(@class, \"sapMCbBg\")]"}
COMMAND: GET /session/ba8f8306183d693af77ab2140b410afd/screenshot - {}
RESULT: {"using":"xpath","value":"//td[@aria-colindex=\"1\"]/div/div[contains(@class, \"sapMCbBg\")]"}
COMMAND: POST /session/ba8f8306183d693af77ab2140b410afd/element/f.389042B4FF7C30867E20C40CA0954A5B.d.20F716AB8E90A56F6199470E4329F628.e.22627/click - {}
RESULT: {}
RESULT: {}
COMMAND: GET /session/ba8f8306183d693af77ab2140b410afd/screenshot - {}
RESULT: {}
COMMAND: POST /session/ba8f8306183d693af77ab2140b410afd/element - {"using":"xpath","value":"//bdi[contains(text(), \"Reverse\")]"}
RESULT: {"using":"xpath","value":"//bdi[contains(text(), \"Reverse\")]"}
COMMAND: POST /session/ba8f8306183d693af77ab2140b410afd/element/f.389042B4FF7C30867E20C40CA0954A5B.d.20F716AB8E90A56F6199470E4329F628.e.22643/click - {}
RESULT: {}
COMMAND: GET /session/ba8f8306183d693af77ab2140b410afd/screenshot - {}
RESULT: {}
COMMAND: POST /session/ba8f8306183d693af77ab2140b410afd/element - {"using":"xpath","value":"//input[contains(@id ,\"application-billingtransfer-display-component---billingWorkbench--smartFilterBar-btnBasicSearch\")]"}
RESULT: {"using":"xpath","value":"//input[contains(@id ,\"application-billingtransfer-display-component---billingWorkbench--smartFilterBar-btnBasicSearch\")]"}
COMMAND: POST /session/ba8f8306183d693af77ab2140b410afd/elements - {"using":"xpath","value":"//input[contains(@id ,\"application-billingtransfer-display-component---billingWorkbench--smartFilterBar-btnBasicSearch\")]"}
RESULT: {"using":"xpath","value":"//input[contains(@id ,\"application-billingtransfer-display-component---billingWorkbench--smartFilterBar-btnBasicSearch\")]"}
COMMAND: POST /session/ba8f8306183d693af77ab2140b410afd/execute/sync - {"script":"<script> [8489 bytes]","args":[{"element-6066-11e4-a52e-4f735466cecf":"f.389042B4FF7C30867E20C40CA0954A5B.d.20F716AB8E90A56F6199470E4329F628.e.22546","ELEMENT":"f.389042B4FF7C30867E20C40CA0954A5B.d.20F716AB8E90A56F6199470E4329F628.e.22546"}]}
RESULT: {"script":"<script> [8489 bytes]","args":[{"element-6066-11e4-a52e-4f735466cecf":"f.389042B4FF7C30867E20C40CA0954A5B.d.20F716AB8E90A56F6199470E4329F628.e.22546","ELEMENT":"f.389042B4FF7C30867E20C40CA0954A5B.d.20F716AB8E90A56F6199470E4329F628.e.22546"}]}
COMMAND: GET /session/ba8f8306183d693af77ab2140b410afd/element/f.389042B4FF7C30867E20C40CA0954A5B.d.20F716AB8E90A56F6199470E4329F628.e.22546/enabled - {}
COMMAND: GET /session/ba8f8306183d693af77ab2140b410afd/screenshot - {}
RESULT: {}
COMMAND: POST /session/ba8f8306183d693af77ab2140b410afd/element/f.389042B4FF7C30867E20C40CA0954A5B.d.20F716AB8E90A56F6199470E4329F628.e.22546/click - {}
COMMAND: GET /session/ba8f8306183d693af77ab2140b410afd/screenshot - {}
RESULT: {}
RESULT: {}
COMMAND: GET /session/ba8f8306183d693af77ab2140b410afd/screenshot - {}
RESULT: {}
RESULT: {}
COMMAND: POST /session/ba8f8306183d693af77ab2140b410afd/element/f.389042B4FF7C30867E20C40CA0954A5B.d.20F716AB8E90A56F6199470E4329F628.e.22546/clear - {}
RESULT: {}
COMMAND: POST /session/ba8f8306183d693af77ab2140b410afd/element/f.389042B4FF7C30867E20C40CA0954A5B.d.20F716AB8E90A56F6199470E4329F628.e.22546/value - {"text":"10210"}
COMMAND: GET /session/ba8f8306183d693af77ab2140b410afd/screenshot - {}
RESULT: {"text":"10210"}
COMMAND: POST /session/ba8f8306183d693af77ab2140b410afd/actions - {"actions":[{"id":"action73","type":"key","parameters":{},"actions":[{"type":"keyDown","value":""},{"type":"pause","duration":10},{"type":"keyUp","value":""}]}]}
COMMAND: GET /session/ba8f8306183d693af77ab2140b410afd/screenshot - {}
RESULT: {}
RESULT: {"actions":[{"id":"action73","type":"key","parameters":{},"actions":[{"type":"keyDown","value":""},{"type":"pause","duration":10},{"type":"keyUp","value":""}]}]}
COMMAND: GET /session/ba8f8306183d693af77ab2140b410afd/screenshot - {}
RESULT: {}
RESULT: {}
COMMAND: POST /session/ba8f8306183d693af77ab2140b410afd/element - {"using":"xpath","value":"//span[contains(@id ,\"application-billingtransfer-display-component---billingWorkbench--smartTableBillingRuns-header-inner\")]"}
RESULT: {"using":"xpath","value":"//span[contains(@id ,\"application-billingtransfer-display-component---billingWorkbench--smartTableBillingRuns-header-inner\")]"}
COMMAND: POST /session/ba8f8306183d693af77ab2140b410afd/elements - {"using":"xpath","value":"//span[contains(@id ,\"application-billingtransfer-display-component---billingWorkbench--smartTableBillingRuns-header-inner\")]"}
RESULT: {"using":"xpath","value":"//span[contains(@id ,\"application-billingtransfer-display-component---billingWorkbench--smartTableBillingRuns-header-inner\")]"}
COMMAND: POST /session/ba8f8306183d693af77ab2140b410afd/execute/sync - {"script":"<script> [56 bytes]","args":[{"element-6066-11e4-a52e-4f735466cecf":"f.389042B4FF7C30867E20C40CA0954A5B.d.20F716AB8E90A56F6199470E4329F628.e.22642","ELEMENT":"f.389042B4FF7C30867E20C40CA0954A5B.d.20F716AB8E90A56F6199470E4329F628.e.22642"}]}
RESULT: {"script":"<script> [56 bytes]","args":[{"element-6066-11e4-a52e-4f735466cecf":"f.389042B4FF7C30867E20C40CA0954A5B.d.20F716AB8E90A56F6199470E4329F628.e.22642","ELEMENT":"f.389042B4FF7C30867E20C40CA0954A5B.d.20F716AB8E90A56F6199470E4329F628.e.22642"}]}
COMMAND: POST /session/ba8f8306183d693af77ab2140b410afd/element - {"using":"css selector","value":"#shell-header-logo"}
COMMAND: GET /session/ba8f8306183d693af77ab2140b410afd/screenshot - {}
RESULT: {"using":"css selector","value":"#shell-header-logo"}
COMMAND: POST /session/ba8f8306183d693af77ab2140b410afd/element/f.389042B4FF7C30867E20C40CA0954A5B.d.20F716AB8E90A56F6199470E4329F628.e.22544/click - {}
RESULT: {}
RESULT: {}
COMMAND: GET /session/ba8f8306183d693af77ab2140b410afd/screenshot - {}
RESULT: {}
COMMAND: DELETE /session/ba8f8306183d693af77ab2140b410afd - {}
RESULT: {}
]]></system-out>
    </testcase>
  </testsuite>
</testsuites>