<?xml version="1.0" encoding="UTF-8"?>
<testsuites tests="16" failures="0" errors="0" skipped="0">
  <testsuite timestamp="2025-05-21T17:29:43" time="1607.382" tests="12" failures="0" errors="0" skipped="0">
    <properties>
      <property name="specId" value="0"/>
      <property name="suiteName" value="Partner specific tests US150819 US151080 US151654 US151176 US103444 US151078 US151079 US151109 US151174 US151175 US151189"/>
      <property name="capabilities" value="chrome.136_0_7103_93.windows"/>
      <property name="file" value="file:///D:/a/1/s/test/specs/BTS/manage-partners.spec.js"/>
    </properties>
    <testcase classname="chrome.136_0_7103_93.windows.Partner_specific_tests_US150819_US151080_US151654_US151176_US103444_US151078_US151079_US151109_US151174_US151175_US151189" name="Should create a new yard prerequisite" time="146.037">
      <system-out><![CDATA[
COMMAND: POST /session/79d72962d9b70739fc8ce96689df7cf6/window/fullscreen - {}
RESULT: {}
COMMAND: POST /session/79d72962d9b70739fc8ce96689df7cf6/element - {"using":"xpath","value":"//li[.//span[text()=\"Manage Partners\"]]"}
RESULT: {"using":"xpath","value":"//li[.//span[text()=\"Manage Partners\"]]"}
COMMAND: POST /session/79d72962d9b70739fc8ce96689df7cf6/element - {"using":"xpath","value":"//li[.//span[text()=\"Manage Partners\"]]"}
RESULT: {"using":"xpath","value":"//li[.//span[text()=\"Manage Partners\"]]"}
COMMAND: POST /session/79d72962d9b70739fc8ce96689df7cf6/element - {"using":"css selector","value":"#shell-header-logo"}
RESULT: {"using":"css selector","value":"#shell-header-logo"}
COMMAND: POST /session/79d72962d9b70739fc8ce96689df7cf6/element/f.1B562DAB7B69DB519EC194079547F9B8.d.42EE144FBD4B1C8A8863ABD9FA8FACB0.e.263/click - {}
COMMAND: POST /session/79d72962d9b70739fc8ce96689df7cf6/execute/sync - {"script":"<script> [8489 bytes]","args":[{"element-6066-11e4-a52e-4f735466cecf":"f.1B562DAB7B69DB519EC194079547F9B8.d.42EE144FBD4B1C8A8863ABD9FA8FACB0.e.263","ELEMENT":"f.1B562DAB7B69DB519EC194079547F9B8.d.42EE144FBD4B1C8A8863ABD9FA8FACB0.e.263"}]}
RESULT: {}
COMMAND: GET /session/79d72962d9b70739fc8ce96689df7cf6/screenshot - {}
RESULT: {"script":"<script> [8489 bytes]","args":[{"element-6066-11e4-a52e-4f735466cecf":"f.1B562DAB7B69DB519EC194079547F9B8.d.42EE144FBD4B1C8A8863ABD9FA8FACB0.e.263","ELEMENT":"f.1B562DAB7B69DB519EC194079547F9B8.d.42EE144FBD4B1C8A8863ABD9FA8FACB0.e.263"}]}
COMMAND: POST /session/79d72962d9b70739fc8ce96689df7cf6/execute/sync - {"script":"<script> [5351 bytes]","args":[{"element-6066-11e4-a52e-4f735466cecf":"f.1B562DAB7B69DB519EC194079547F9B8.d.42EE144FBD4B1C8A8863ABD9FA8FACB0.e.263","ELEMENT":"f.1B562DAB7B69DB519EC194079547F9B8.d.42EE144FBD4B1C8A8863ABD9FA8FACB0.e.263"}]}
COMMAND: GET /session/79d72962d9b70739fc8ce96689df7cf6/screenshot - {}
RESULT: {}
RESULT: {"script":"<script> [5351 bytes]","args":[{"element-6066-11e4-a52e-4f735466cecf":"f.1B562DAB7B69DB519EC194079547F9B8.d.42EE144FBD4B1C8A8863ABD9FA8FACB0.e.263","ELEMENT":"f.1B562DAB7B69DB519EC194079547F9B8.d.42EE144FBD4B1C8A8863ABD9FA8FACB0.e.263"}]}
COMMAND: GET /session/79d72962d9b70739fc8ce96689df7cf6/screenshot - {}
RESULT: {}
RESULT: {}
COMMAND: POST /session/79d72962d9b70739fc8ce96689df7cf6/execute/async - {"script":"<script> [1562 bytes]","args":[{"selector":{"controlType":"sap.m.GenericTile","properties":{"header":"Manage Yards"}},"wdio_ui5_key":"sapm.GenericTile{\"header\":\"Manage Yards\"}"}]}
RESULT: {"script":"<script> [1562 bytes]","args":[{"selector":{"controlType":"sap.m.GenericTile","properties":{"header":"Manage Yards"}},"wdio_ui5_key":"sapm.GenericTile{\"header\":\"Manage Yards\"}"}]}
RESULT: undefined
COMMAND: POST /session/79d72962d9b70739fc8ce96689df7cf6/element - {"using":"xpath","value":"//*[@id=\"__tile41\"]"}
RESULT: {"using":"xpath","value":"//*[@id=\"__tile41\"]"}
COMMAND: POST /session/79d72962d9b70739fc8ce96689df7cf6/element/f.1B562DAB7B69DB519EC194079547F9B8.d.42EE144FBD4B1C8A8863ABD9FA8FACB0.e.160/click - {}
RESULT: {}
COMMAND: GET /session/79d72962d9b70739fc8ce96689df7cf6/screenshot - {}
RESULT: {}
COMMAND: POST /session/79d72962d9b70739fc8ce96689df7cf6/elements - {"using":"xpath","value":"//span[text()='Error']"}
RESULT: {"using":"xpath","value":"//span[text()='Error']"}
COMMAND: POST /session/79d72962d9b70739fc8ce96689df7cf6/element - {"using":"xpath","value":"//button[@data-kt=\"addNewYardOverflowToolbarButton\"]"}
RESULT: {"using":"xpath","value":"//button[@data-kt=\"addNewYardOverflowToolbarButton\"]"}
COMMAND: POST /session/79d72962d9b70739fc8ce96689df7cf6/elements - {"using":"xpath","value":"//button[@data-kt=\"addNewYardOverflowToolbarButton\"]"}
RESULT: {"using":"xpath","value":"//button[@data-kt=\"addNewYardOverflowToolbarButton\"]"}
COMMAND: POST /session/79d72962d9b70739fc8ce96689df7cf6/elements - {"using":"xpath","value":"//button[@data-kt=\"addNewYardOverflowToolbarButton\"]"}
RESULT: {"using":"xpath","value":"//button[@data-kt=\"addNewYardOverflowToolbarButton\"]"}
COMMAND: POST /session/79d72962d9b70739fc8ce96689df7cf6/elements - {"using":"xpath","value":"//button[@data-kt=\"addNewYardOverflowToolbarButton\"]"}
RESULT: {"using":"xpath","value":"//button[@data-kt=\"addNewYardOverflowToolbarButton\"]"}
COMMAND: POST /session/79d72962d9b70739fc8ce96689df7cf6/elements - {"using":"xpath","value":"//button[@data-kt=\"addNewYardOverflowToolbarButton\"]"}
RESULT: {"using":"xpath","value":"//button[@data-kt=\"addNewYardOverflowToolbarButton\"]"}
COMMAND: POST /session/79d72962d9b70739fc8ce96689df7cf6/elements - {"using":"xpath","value":"//button[@data-kt=\"addNewYardOverflowToolbarButton\"]"}
RESULT: {"using":"xpath","value":"//button[@data-kt=\"addNewYardOverflowToolbarButton\"]"}
COMMAND: POST /session/79d72962d9b70739fc8ce96689df7cf6/elements - {"using":"xpath","value":"//button[@data-kt=\"addNewYardOverflowToolbarButton\"]"}
RESULT: {"using":"xpath","value":"//button[@data-kt=\"addNewYardOverflowToolbarButton\"]"}
COMMAND: POST /session/79d72962d9b70739fc8ce96689df7cf6/elements - {"using":"xpath","value":"//button[@data-kt=\"addNewYardOverflowToolbarButton\"]"}
RESULT: {"using":"xpath","value":"//button[@data-kt=\"addNewYardOverflowToolbarButton\"]"}
COMMAND: POST /session/79d72962d9b70739fc8ce96689df7cf6/elements - {"using":"xpath","value":"//button[@data-kt=\"addNewYardOverflowToolbarButton\"]"}
RESULT: {"using":"xpath","value":"//button[@data-kt=\"addNewYardOverflowToolbarButton\"]"}
COMMAND: POST /session/79d72962d9b70739fc8ce96689df7cf6/elements - {"using":"xpath","value":"//button[@data-kt=\"addNewYardOverflowToolbarButton\"]"}
RESULT: {"using":"xpath","value":"//button[@data-kt=\"addNewYardOverflowToolbarButton\"]"}
COMMAND: POST /session/79d72962d9b70739fc8ce96689df7cf6/elements - {"using":"xpath","value":"//button[@data-kt=\"addNewYardOverflowToolbarButton\"]"}
RESULT: {"using":"xpath","value":"//button[@data-kt=\"addNewYardOverflowToolbarButton\"]"}
COMMAND: POST /session/79d72962d9b70739fc8ce96689df7cf6/elements - {"using":"xpath","value":"//button[@data-kt=\"addNewYardOverflowToolbarButton\"]"}
RESULT: {"using":"xpath","value":"//button[@data-kt=\"addNewYardOverflowToolbarButton\"]"}
COMMAND: POST /session/79d72962d9b70739fc8ce96689df7cf6/elements - {"using":"xpath","value":"//button[@data-kt=\"addNewYardOverflowToolbarButton\"]"}
RESULT: {"using":"xpath","value":"//button[@data-kt=\"addNewYardOverflowToolbarButton\"]"}
COMMAND: POST /session/79d72962d9b70739fc8ce96689df7cf6/elements - {"using":"xpath","value":"//button[@data-kt=\"addNewYardOverflowToolbarButton\"]"}
RESULT: {"using":"xpath","value":"//button[@data-kt=\"addNewYardOverflowToolbarButton\"]"}
COMMAND: POST /session/79d72962d9b70739fc8ce96689df7cf6/elements - {"using":"xpath","value":"//button[@data-kt=\"addNewYardOverflowToolbarButton\"]"}
RESULT: {"using":"xpath","value":"//button[@data-kt=\"addNewYardOverflowToolbarButton\"]"}
COMMAND: POST /session/79d72962d9b70739fc8ce96689df7cf6/elements - {"using":"xpath","value":"//button[@data-kt=\"addNewYardOverflowToolbarButton\"]"}
RESULT: {"using":"xpath","value":"//button[@data-kt=\"addNewYardOverflowToolbarButton\"]"}
COMMAND: POST /session/79d72962d9b70739fc8ce96689df7cf6/element - {"using":"xpath","value":"//button[@data-kt=\"addNewYardOverflowToolbarButton\"]"}
RESULT: {"using":"xpath","value":"//button[@data-kt=\"addNewYardOverflowToolbarButton\"]"}
COMMAND: POST /session/79d72962d9b70739fc8ce96689df7cf6/execute/sync - {"script":"<script> [8489 bytes]","args":[{"element-6066-11e4-a52e-4f735466cecf":"f.1B562DAB7B69DB519EC194079547F9B8.d.42EE144FBD4B1C8A8863ABD9FA8FACB0.e.296","ELEMENT":"f.1B562DAB7B69DB519EC194079547F9B8.d.42EE144FBD4B1C8A8863ABD9FA8FACB0.e.296"}]}
RESULT: {"script":"<script> [8489 bytes]","args":[{"element-6066-11e4-a52e-4f735466cecf":"f.1B562DAB7B69DB519EC194079547F9B8.d.42EE144FBD4B1C8A8863ABD9FA8FACB0.e.296","ELEMENT":"f.1B562DAB7B69DB519EC194079547F9B8.d.42EE144FBD4B1C8A8863ABD9FA8FACB0.e.296"}]}
COMMAND: GET /session/79d72962d9b70739fc8ce96689df7cf6/element/f.1B562DAB7B69DB519EC194079547F9B8.d.42EE144FBD4B1C8A8863ABD9FA8FACB0.e.296/enabled - {}
COMMAND: GET /session/79d72962d9b70739fc8ce96689df7cf6/screenshot - {}
RESULT: {}
COMMAND: POST /session/79d72962d9b70739fc8ce96689df7cf6/execute/sync - {"script":"<script> [8489 bytes]","args":[{"element-6066-11e4-a52e-4f735466cecf":"f.1B562DAB7B69DB519EC194079547F9B8.d.42EE144FBD4B1C8A8863ABD9FA8FACB0.e.296","ELEMENT":"f.1B562DAB7B69DB519EC194079547F9B8.d.42EE144FBD4B1C8A8863ABD9FA8FACB0.e.296"}]}
COMMAND: GET /session/79d72962d9b70739fc8ce96689df7cf6/screenshot - {}
RESULT: {}
RESULT: {"script":"<script> [8489 bytes]","args":[{"element-6066-11e4-a52e-4f735466cecf":"f.1B562DAB7B69DB519EC194079547F9B8.d.42EE144FBD4B1C8A8863ABD9FA8FACB0.e.296","ELEMENT":"f.1B562DAB7B69DB519EC194079547F9B8.d.42EE144FBD4B1C8A8863ABD9FA8FACB0.e.296"}]}
COMMAND: POST /session/79d72962d9b70739fc8ce96689df7cf6/execute/sync - {"script":"<script> [5351 bytes]","args":[{"element-6066-11e4-a52e-4f735466cecf":"f.1B562DAB7B69DB519EC194079547F9B8.d.42EE144FBD4B1C8A8863ABD9FA8FACB0.e.296","ELEMENT":"f.1B562DAB7B69DB519EC194079547F9B8.d.42EE144FBD4B1C8A8863ABD9FA8FACB0.e.296"}]}
COMMAND: GET /session/79d72962d9b70739fc8ce96689df7cf6/screenshot - {}
RESULT: {}
RESULT: {"script":"<script> [5351 bytes]","args":[{"element-6066-11e4-a52e-4f735466cecf":"f.1B562DAB7B69DB519EC194079547F9B8.d.42EE144FBD4B1C8A8863ABD9FA8FACB0.e.296","ELEMENT":"f.1B562DAB7B69DB519EC194079547F9B8.d.42EE144FBD4B1C8A8863ABD9FA8FACB0.e.296"}]}
COMMAND: POST /session/79d72962d9b70739fc8ce96689df7cf6/element/f.1B562DAB7B69DB519EC194079547F9B8.d.42EE144FBD4B1C8A8863ABD9FA8FACB0.e.296/click - {}
COMMAND: GET /session/79d72962d9b70739fc8ce96689df7cf6/screenshot - {}
RESULT: {}
RESULT: {}
COMMAND: GET /session/79d72962d9b70739fc8ce96689df7cf6/screenshot - {}
COMMAND: POST /session/79d72962d9b70739fc8ce96689df7cf6/element - {"using":"xpath","value":"//input[@id=\"application-manageyards-display-component---NewYard--yardId-inner\"]"}
RESULT: {}
RESULT: {}
RESULT: {"using":"xpath","value":"//input[@id=\"application-manageyards-display-component---NewYard--yardId-inner\"]"}
COMMAND: POST /session/79d72962d9b70739fc8ce96689df7cf6/element - {"using":"xpath","value":"//input[@id=\"application-manageyards-display-component---NewYard--yardId-inner\"]"}
RESULT: {"using":"xpath","value":"//input[@id=\"application-manageyards-display-component---NewYard--yardId-inner\"]"}
COMMAND: POST /session/79d72962d9b70739fc8ce96689df7cf6/execute/async - {"script":"<script> [1562 bytes]","args":[{"selector":{"id":"application-manageyards-display-component---NewYard--addressDetailDetailsName1","interaction":{"idSuffix":"inner"}},"wdio_ui5_key":"applicationmanageyards-display-component---NewYard--addressDetailDetailsName1"}]}
RESULT: {"script":"<script> [1562 bytes]","args":[{"selector":{"id":"application-manageyards-display-component---NewYard--addressDetailDetailsName1","interaction":{"idSuffix":"inner"}},"wdio_ui5_key":"applicationmanageyards-display-component---NewYard--addressDetailDetailsName1"}]}
RESULT: undefined
COMMAND: POST /session/79d72962d9b70739fc8ce96689df7cf6/execute/async - {"script":"<script> [776 bytes]","args":[{"enterText":"Intracompany Yard wdIO","selector":{"id":"application-manageyards-display-component---NewYard--addressDetailDetailsName1","interaction":{"idSuffix":"inner"}},"clearTextFirst":true,"interactionType":"ENTER_TEXT"}]}
RESULT: {"script":"<script> [776 bytes]","args":[{"enterText":"Intracompany Yard wdIO","selector":{"id":"application-manageyards-display-component---NewYard--addressDetailDetailsName1","interaction":{"idSuffix":"inner"}},"clearTextFirst":true,"interactionType":"ENTER_TEXT"}]}
COMMAND: POST /session/79d72962d9b70739fc8ce96689df7cf6/execute/async - {"script":"<script> [1562 bytes]","args":[{"selector":{"id":"application-manageyards-display-component---NewYard--addressDetailDetailsLanguage-arrow"},"wdio_ui5_key":"applicationmanageyards-display-component---NewYard--addressDetailDetailsLanguage-arrow"}]}
RESULT: {"script":"<script> [1562 bytes]","args":[{"selector":{"id":"application-manageyards-display-component---NewYard--addressDetailDetailsLanguage-arrow"},"wdio_ui5_key":"applicationmanageyards-display-component---NewYard--addressDetailDetailsLanguage-arrow"}]}
RESULT: undefined
COMMAND: POST /session/79d72962d9b70739fc8ce96689df7cf6/element - {"using":"xpath","value":"//*[@id=\"application-manageyards-display-component---NewYard--addressDetailDetailsLanguage-arrow\"]"}
RESULT: {"using":"xpath","value":"//*[@id=\"application-manageyards-display-component---NewYard--addressDetailDetailsLanguage-arrow\"]"}
COMMAND: POST /session/79d72962d9b70739fc8ce96689df7cf6/element/f.1B562DAB7B69DB519EC194079547F9B8.d.42EE144FBD4B1C8A8863ABD9FA8FACB0.e.739/click - {}
RESULT: {}
COMMAND: POST /session/79d72962d9b70739fc8ce96689df7cf6/element - {"using":"xpath","value":"//span[contains(text(), \"English\")]"}
COMMAND: GET /session/79d72962d9b70739fc8ce96689df7cf6/screenshot - {}
RESULT: {"using":"xpath","value":"//span[contains(text(), \"English\")]"}
COMMAND: POST /session/79d72962d9b70739fc8ce96689df7cf6/element/f.1B562DAB7B69DB519EC194079547F9B8.d.42EE144FBD4B1C8A8863ABD9FA8FACB0.e.740/click - {}
RESULT: {}
RESULT: {}
COMMAND: POST /session/79d72962d9b70739fc8ce96689df7cf6/execute/async - {"script":"<script> [1562 bytes]","args":[{"selector":{"id":"application-manageyards-display-component---NewYard--addressDetailDetailsCity1","interaction":{"idSuffix":"inner"}},"wdio_ui5_key":"applicationmanageyards-display-component---NewYard--addressDetailDetailsCity1"}]}
COMMAND: GET /session/79d72962d9b70739fc8ce96689df7cf6/screenshot - {}
RESULT: {"script":"<script> [1562 bytes]","args":[{"selector":{"id":"application-manageyards-display-component---NewYard--addressDetailDetailsCity1","interaction":{"idSuffix":"inner"}},"wdio_ui5_key":"applicationmanageyards-display-component---NewYard--addressDetailDetailsCity1"}]}
RESULT: undefined
COMMAND: POST /session/79d72962d9b70739fc8ce96689df7cf6/execute/async - {"script":"<script> [776 bytes]","args":[{"enterText":"Rosario","selector":{"id":"application-manageyards-display-component---NewYard--addressDetailDetailsCity1","interaction":{"idSuffix":"inner"}},"clearTextFirst":true,"interactionType":"ENTER_TEXT"}]}
RESULT: {}
RESULT: {"script":"<script> [776 bytes]","args":[{"enterText":"Rosario","selector":{"id":"application-manageyards-display-component---NewYard--addressDetailDetailsCity1","interaction":{"idSuffix":"inner"}},"clearTextFirst":true,"interactionType":"ENTER_TEXT"}]}
COMMAND: POST /session/79d72962d9b70739fc8ce96689df7cf6/execute/async - {"script":"<script> [1562 bytes]","args":[{"selector":{"id":"application-manageyards-display-component---NewYard--addressDetailDetailsCountry-arrow"},"wdio_ui5_key":"applicationmanageyards-display-component---NewYard--addressDetailDetailsCountry-arrow"}]}
RESULT: {"script":"<script> [1562 bytes]","args":[{"selector":{"id":"application-manageyards-display-component---NewYard--addressDetailDetailsCountry-arrow"},"wdio_ui5_key":"applicationmanageyards-display-component---NewYard--addressDetailDetailsCountry-arrow"}]}
RESULT: undefined
COMMAND: POST /session/79d72962d9b70739fc8ce96689df7cf6/element - {"using":"xpath","value":"//*[@id=\"application-manageyards-display-component---NewYard--addressDetailDetailsCountry-arrow\"]"}
RESULT: {"using":"xpath","value":"//*[@id=\"application-manageyards-display-component---NewYard--addressDetailDetailsCountry-arrow\"]"}
COMMAND: POST /session/79d72962d9b70739fc8ce96689df7cf6/element/f.1B562DAB7B69DB519EC194079547F9B8.d.42EE144FBD4B1C8A8863ABD9FA8FACB0.e.742/click - {}
RESULT: {}
COMMAND: POST /session/79d72962d9b70739fc8ce96689df7cf6/element - {"using":"xpath","value":"//span[contains(text(), \"Argentina\")]"}
COMMAND: GET /session/79d72962d9b70739fc8ce96689df7cf6/screenshot - {}
RESULT: {"using":"xpath","value":"//span[contains(text(), \"Argentina\")]"}
COMMAND: POST /session/79d72962d9b70739fc8ce96689df7cf6/element/f.1B562DAB7B69DB519EC194079547F9B8.d.42EE144FBD4B1C8A8863ABD9FA8FACB0.e.743/click - {}
RESULT: {}
RESULT: {}
COMMAND: POST /session/79d72962d9b70739fc8ce96689df7cf6/execute/async - {"script":"<script> [1562 bytes]","args":[{"selector":{"id":"application-manageyards-display-component---NewYard--addressEditDetailsCostObjectCstType-arrow"},"wdio_ui5_key":"applicationmanageyards-display-component---NewYard--addressEditDetailsCostObjectCstType-arrow"}]}
COMMAND: GET /session/79d72962d9b70739fc8ce96689df7cf6/screenshot - {}
RESULT: {"script":"<script> [1562 bytes]","args":[{"selector":{"id":"application-manageyards-display-component---NewYard--addressEditDetailsCostObjectCstType-arrow"},"wdio_ui5_key":"applicationmanageyards-display-component---NewYard--addressEditDetailsCostObjectCstType-arrow"}]}
RESULT: undefined
COMMAND: POST /session/79d72962d9b70739fc8ce96689df7cf6/element - {"using":"xpath","value":"//*[@id=\"application-manageyards-display-component---NewYard--addressEditDetailsCostObjectCstType-arrow\"]"}
RESULT: {}
RESULT: {"using":"xpath","value":"//*[@id=\"application-manageyards-display-component---NewYard--addressEditDetailsCostObjectCstType-arrow\"]"}
COMMAND: POST /session/79d72962d9b70739fc8ce96689df7cf6/element/f.1B562DAB7B69DB519EC194079547F9B8.d.42EE144FBD4B1C8A8863ABD9FA8FACB0.e.745/click - {}
RESULT: {}
COMMAND: POST /session/79d72962d9b70739fc8ce96689df7cf6/element - {"using":"xpath","value":"//span[contains(text(), \"Cost Center\")]"}
COMMAND: GET /session/79d72962d9b70739fc8ce96689df7cf6/screenshot - {}
RESULT: {"using":"xpath","value":"//span[contains(text(), \"Cost Center\")]"}
COMMAND: POST /session/79d72962d9b70739fc8ce96689df7cf6/element/f.1B562DAB7B69DB519EC194079547F9B8.d.42EE144FBD4B1C8A8863ABD9FA8FACB0.e.746/click - {}
RESULT: {}
RESULT: {}
COMMAND: GET /session/79d72962d9b70739fc8ce96689df7cf6/screenshot - {}
RESULT: {}
COMMAND: POST /session/79d72962d9b70739fc8ce96689df7cf6/element - {"using":"xpath","value":"//span[@id=\"application-manageyards-display-component---NewYard--addressNewCostObjectCstID-vhi\"]"}
RESULT: {"using":"xpath","value":"//span[@id=\"application-manageyards-display-component---NewYard--addressNewCostObjectCstID-vhi\"]"}
COMMAND: POST /session/79d72962d9b70739fc8ce96689df7cf6/execute/sync - {"script":"<script> [8489 bytes]","args":[{"element-6066-11e4-a52e-4f735466cecf":"f.1B562DAB7B69DB519EC194079547F9B8.d.42EE144FBD4B1C8A8863ABD9FA8FACB0.e.750","ELEMENT":"f.1B562DAB7B69DB519EC194079547F9B8.d.42EE144FBD4B1C8A8863ABD9FA8FACB0.e.750"}]}
RESULT: {"script":"<script> [8489 bytes]","args":[{"element-6066-11e4-a52e-4f735466cecf":"f.1B562DAB7B69DB519EC194079547F9B8.d.42EE144FBD4B1C8A8863ABD9FA8FACB0.e.750","ELEMENT":"f.1B562DAB7B69DB519EC194079547F9B8.d.42EE144FBD4B1C8A8863ABD9FA8FACB0.e.750"}]}
COMMAND: POST /session/79d72962d9b70739fc8ce96689df7cf6/execute/async - {"script":"<script> [1562 bytes]","args":[{"selector":{"id":"application-manageyards-display-component---NewYard--addressNewCostObjectCstID-vhi"},"wdio_ui5_key":"applicationmanageyards-display-component---NewYard--addressNewCostObjectCstID-vhi"}]}
COMMAND: GET /session/79d72962d9b70739fc8ce96689df7cf6/screenshot - {}
RESULT: {"script":"<script> [1562 bytes]","args":[{"selector":{"id":"application-manageyards-display-component---NewYard--addressNewCostObjectCstID-vhi"},"wdio_ui5_key":"applicationmanageyards-display-component---NewYard--addressNewCostObjectCstID-vhi"}]}
RESULT: undefined
COMMAND: POST /session/79d72962d9b70739fc8ce96689df7cf6/element - {"using":"xpath","value":"//*[@id=\"application-manageyards-display-component---NewYard--addressNewCostObjectCstID-vhi\"]"}
RESULT: {}
RESULT: {"using":"xpath","value":"//*[@id=\"application-manageyards-display-component---NewYard--addressNewCostObjectCstID-vhi\"]"}
COMMAND: POST /session/79d72962d9b70739fc8ce96689df7cf6/element/f.1B562DAB7B69DB519EC194079547F9B8.d.42EE144FBD4B1C8A8863ABD9FA8FACB0.e.750/click - {}
RESULT: {}
COMMAND: GET /session/79d72962d9b70739fc8ce96689df7cf6/screenshot - {}
RESULT: {}
COMMAND: POST /session/79d72962d9b70739fc8ce96689df7cf6/execute/async - {"script":"<script> [1562 bytes]","args":[{"selector":{"controlType":"sap.m.SearchField","properties":{"placeholder":"Search"},"searchOpenDialogs":true,"interaction":{"idSuffix":"I"}},"wdio_ui5_key":"sapm.SearchField{\"placeholder\":\"Search\"}"}]}
RESULT: {"script":"<script> [1562 bytes]","args":[{"selector":{"controlType":"sap.m.SearchField","properties":{"placeholder":"Search"},"searchOpenDialogs":true,"interaction":{"idSuffix":"I"}},"wdio_ui5_key":"sapm.SearchField{\"placeholder\":\"Search\"}"}]}
RESULT: undefined
COMMAND: POST /session/79d72962d9b70739fc8ce96689df7cf6/execute/async - {"script":"<script> [776 bytes]","args":[{"enterText":"bauh_b","selector":{"controlType":"sap.m.SearchField","properties":{"placeholder":"Search"},"searchOpenDialogs":true,"interaction":{"idSuffix":"I"}},"clearTextFirst":true,"interactionType":"ENTER_TEXT"}]}
RESULT: {"script":"<script> [776 bytes]","args":[{"enterText":"bauh_b","selector":{"controlType":"sap.m.SearchField","properties":{"placeholder":"Search"},"searchOpenDialogs":true,"interaction":{"idSuffix":"I"}},"clearTextFirst":true,"interactionType":"ENTER_TEXT"}]}
COMMAND: POST /session/79d72962d9b70739fc8ce96689df7cf6/actions - {"actions":[{"id":"action1","type":"key","parameters":{},"actions":[{"type":"keyDown","value":""},{"type":"pause","duration":10},{"type":"keyUp","value":""}]}]}
RESULT: {"actions":[{"id":"action1","type":"key","parameters":{},"actions":[{"type":"keyDown","value":""},{"type":"pause","duration":10},{"type":"keyUp","value":""}]}]}
COMMAND: GET /session/79d72962d9b70739fc8ce96689df7cf6/screenshot - {}
RESULT: {}
COMMAND: POST /session/79d72962d9b70739fc8ce96689df7cf6/element - {"using":"xpath","value":"//span[contains(text(), \"Demo Yard\")]"}
RESULT: {"using":"xpath","value":"//span[contains(text(), \"Demo Yard\")]"}
COMMAND: POST /session/79d72962d9b70739fc8ce96689df7cf6/element/f.1B562DAB7B69DB519EC194079547F9B8.d.42EE144FBD4B1C8A8863ABD9FA8FACB0.e.791/click - {}
RESULT: {}
COMMAND: GET /session/79d72962d9b70739fc8ce96689df7cf6/screenshot - {}
RESULT: {}
COMMAND: POST /session/79d72962d9b70739fc8ce96689df7cf6/element - {"using":"xpath","value":"//bdi[contains(text(), \"OK\")]"}
RESULT: {"using":"xpath","value":"//bdi[contains(text(), \"OK\")]"}
COMMAND: POST /session/79d72962d9b70739fc8ce96689df7cf6/element/f.1B562DAB7B69DB519EC194079547F9B8.d.42EE144FBD4B1C8A8863ABD9FA8FACB0.e.792/click - {}
RESULT: {}
COMMAND: GET /session/79d72962d9b70739fc8ce96689df7cf6/screenshot - {}
RESULT: {}
COMMAND: POST /session/79d72962d9b70739fc8ce96689df7cf6/execute/async - {"script":"<script> [1562 bytes]","args":[{"selector":{"id":"application-manageyards-display-component---NewYard--addressEditDetailsCurrency-arrow"},"wdio_ui5_key":"applicationmanageyards-display-component---NewYard--addressEditDetailsCurrency-arrow"}]}
RESULT: {"script":"<script> [1562 bytes]","args":[{"selector":{"id":"application-manageyards-display-component---NewYard--addressEditDetailsCurrency-arrow"},"wdio_ui5_key":"applicationmanageyards-display-component---NewYard--addressEditDetailsCurrency-arrow"}]}
RESULT: undefined
COMMAND: POST /session/79d72962d9b70739fc8ce96689df7cf6/element - {"using":"xpath","value":"//*[@id=\"application-manageyards-display-component---NewYard--addressEditDetailsCurrency-arrow\"]"}
RESULT: {"using":"xpath","value":"//*[@id=\"application-manageyards-display-component---NewYard--addressEditDetailsCurrency-arrow\"]"}
COMMAND: POST /session/79d72962d9b70739fc8ce96689df7cf6/element/f.1B562DAB7B69DB519EC194079547F9B8.d.42EE144FBD4B1C8A8863ABD9FA8FACB0.e.795/click - {}
RESULT: {}
COMMAND: POST /session/79d72962d9b70739fc8ce96689df7cf6/element - {"using":"xpath","value":"//span[contains(text(), \"Euro\")]"}
COMMAND: GET /session/79d72962d9b70739fc8ce96689df7cf6/screenshot - {}
RESULT: {"using":"xpath","value":"//span[contains(text(), \"Euro\")]"}
COMMAND: POST /session/79d72962d9b70739fc8ce96689df7cf6/element/f.1B562DAB7B69DB519EC194079547F9B8.d.42EE144FBD4B1C8A8863ABD9FA8FACB0.e.796/click - {}
RESULT: {}
RESULT: {}
COMMAND: POST /session/79d72962d9b70739fc8ce96689df7cf6/execute/async - {"script":"<script> [1562 bytes]","args":[{"selector":{"controlType":"sap.m.Input","viewName":"etm.portal.ui.manageyards.view.New","viewId":"application-manageyards-display-component---NewYard","bindingPath":{"path":"","propertyPath":"/CONTROLLING_AREA","modelName":"NewYardModel"},"interaction":{"idSuffix":"inner"}},"wdio_ui5_key":"etmportal.ui.manageyards.view.Newsap.m.Input{\"path\":\"\",\"propertyPath\":\"/CONTROLLING_AREA\",\"modelName\":\"NewYardModel\"}"}]}
COMMAND: GET /session/79d72962d9b70739fc8ce96689df7cf6/screenshot - {}
RESULT: {"script":"<script> [1562 bytes]","args":[{"selector":{"controlType":"sap.m.Input","viewName":"etm.portal.ui.manageyards.view.New","viewId":"application-manageyards-display-component---NewYard","bindingPath":{"path":"","propertyPath":"/CONTROLLING_AREA","modelName":"NewYardModel"},"interaction":{"idSuffix":"inner"}},"wdio_ui5_key":"etmportal.ui.manageyards.view.Newsap.m.Input{\"path\":\"\",\"propertyPath\":\"/CONTROLLING_AREA\",\"modelName\":\"NewYardModel\"}"}]}
RESULT: undefined
COMMAND: POST /session/79d72962d9b70739fc8ce96689df7cf6/execute/async - {"script":"<script> [776 bytes]","args":[{"enterText":"Z001","selector":{"controlType":"sap.m.Input","viewName":"etm.portal.ui.manageyards.view.New","viewId":"application-manageyards-display-component---NewYard","bindingPath":{"path":"","propertyPath":"/CONTROLLING_AREA","modelName":"NewYardModel"},"interaction":{"idSuffix":"inner"}},"clearTextFirst":true,"interactionType":"ENTER_TEXT"}]}
RESULT: {}
RESULT: {"script":"<script> [776 bytes]","args":[{"enterText":"Z001","selector":{"controlType":"sap.m.Input","viewName":"etm.portal.ui.manageyards.view.New","viewId":"application-manageyards-display-component---NewYard","bindingPath":{"path":"","propertyPath":"/CONTROLLING_AREA","modelName":"NewYardModel"},"interaction":{"idSuffix":"inner"}},"clearTextFirst":true,"interactionType":"ENTER_TEXT"}]}
COMMAND: POST /session/79d72962d9b70739fc8ce96689df7cf6/execute/async - {"script":"<script> [1562 bytes]","args":[{"selector":{"id":"application-manageyards-display-component---NewYard--companyCodeComboBox","interaction":{"idSuffix":"inner"}},"wdio_ui5_key":"applicationmanageyards-display-component---NewYard--companyCodeComboBox"}]}
RESULT: {"script":"<script> [1562 bytes]","args":[{"selector":{"id":"application-manageyards-display-component---NewYard--companyCodeComboBox","interaction":{"idSuffix":"inner"}},"wdio_ui5_key":"applicationmanageyards-display-component---NewYard--companyCodeComboBox"}]}
RESULT: undefined
COMMAND: POST /session/79d72962d9b70739fc8ce96689df7cf6/execute/async - {"script":"<script> [776 bytes]","args":[{"enterText":"1000","selector":{"id":"application-manageyards-display-component---NewYard--companyCodeComboBox","interaction":{"idSuffix":"inner"}},"clearTextFirst":true,"interactionType":"ENTER_TEXT"}]}
RESULT: {"script":"<script> [776 bytes]","args":[{"enterText":"1000","selector":{"id":"application-manageyards-display-component---NewYard--companyCodeComboBox","interaction":{"idSuffix":"inner"}},"clearTextFirst":true,"interactionType":"ENTER_TEXT"}]}
COMMAND: POST /session/79d72962d9b70739fc8ce96689df7cf6/execute/async - {"script":"<script> [1562 bytes]","args":[{"selector":{"controlType":"sap.m.Input","viewName":"etm.portal.ui.manageyards.view.New","viewId":"application-manageyards-display-component---NewYard","bindingPath":{"path":"","propertyPath":"/PLANT","modelName":"NewYardModel"},"interaction":{"idSuffix":"inner"}},"wdio_ui5_key":"etmportal.ui.manageyards.view.Newsap.m.Input{\"path\":\"\",\"propertyPath\":\"/PLANT\",\"modelName\":\"NewYardModel\"}"}]}
RESULT: {"script":"<script> [1562 bytes]","args":[{"selector":{"controlType":"sap.m.Input","viewName":"etm.portal.ui.manageyards.view.New","viewId":"application-manageyards-display-component---NewYard","bindingPath":{"path":"","propertyPath":"/PLANT","modelName":"NewYardModel"},"interaction":{"idSuffix":"inner"}},"wdio_ui5_key":"etmportal.ui.manageyards.view.Newsap.m.Input{\"path\":\"\",\"propertyPath\":\"/PLANT\",\"modelName\":\"NewYardModel\"}"}]}
RESULT: undefined
COMMAND: POST /session/79d72962d9b70739fc8ce96689df7cf6/execute/async - {"script":"<script> [776 bytes]","args":[{"enterText":"1001","selector":{"controlType":"sap.m.Input","viewName":"etm.portal.ui.manageyards.view.New","viewId":"application-manageyards-display-component---NewYard","bindingPath":{"path":"","propertyPath":"/PLANT","modelName":"NewYardModel"},"interaction":{"idSuffix":"inner"}},"clearTextFirst":true,"interactionType":"ENTER_TEXT"}]}
RESULT: {"script":"<script> [776 bytes]","args":[{"enterText":"1001","selector":{"controlType":"sap.m.Input","viewName":"etm.portal.ui.manageyards.view.New","viewId":"application-manageyards-display-component---NewYard","bindingPath":{"path":"","propertyPath":"/PLANT","modelName":"NewYardModel"},"interaction":{"idSuffix":"inner"}},"clearTextFirst":true,"interactionType":"ENTER_TEXT"}]}
COMMAND: POST /session/79d72962d9b70739fc8ce96689df7cf6/execute/async - {"script":"<script> [1562 bytes]","args":[{"selector":{"controlType":"sap.m.Input","viewName":"etm.portal.ui.manageyards.view.New","viewId":"application-manageyards-display-component---NewYard","bindingPath":{"path":"","propertyPath":"/SALES_AREA_VKORG","modelName":"NewYardModel"},"interaction":{"idSuffix":"inner"}},"wdio_ui5_key":"etmportal.ui.manageyards.view.Newsap.m.Input{\"path\":\"\",\"propertyPath\":\"/SALES_AREA_VKORG\",\"modelName\":\"NewYardModel\"}"}]}
RESULT: {"script":"<script> [1562 bytes]","args":[{"selector":{"controlType":"sap.m.Input","viewName":"etm.portal.ui.manageyards.view.New","viewId":"application-manageyards-display-component---NewYard","bindingPath":{"path":"","propertyPath":"/SALES_AREA_VKORG","modelName":"NewYardModel"},"interaction":{"idSuffix":"inner"}},"wdio_ui5_key":"etmportal.ui.manageyards.view.Newsap.m.Input{\"path\":\"\",\"propertyPath\":\"/SALES_AREA_VKORG\",\"modelName\":\"NewYardModel\"}"}]}
RESULT: undefined
COMMAND: POST /session/79d72962d9b70739fc8ce96689df7cf6/execute/async - {"script":"<script> [776 bytes]","args":[{"enterText":"C002","selector":{"controlType":"sap.m.Input","viewName":"etm.portal.ui.manageyards.view.New","viewId":"application-manageyards-display-component---NewYard","bindingPath":{"path":"","propertyPath":"/SALES_AREA_VKORG","modelName":"NewYardModel"},"interaction":{"idSuffix":"inner"}},"clearTextFirst":true,"interactionType":"ENTER_TEXT"}]}
RESULT: {"script":"<script> [776 bytes]","args":[{"enterText":"C002","selector":{"controlType":"sap.m.Input","viewName":"etm.portal.ui.manageyards.view.New","viewId":"application-manageyards-display-component---NewYard","bindingPath":{"path":"","propertyPath":"/SALES_AREA_VKORG","modelName":"NewYardModel"},"interaction":{"idSuffix":"inner"}},"clearTextFirst":true,"interactionType":"ENTER_TEXT"}]}
COMMAND: POST /session/79d72962d9b70739fc8ce96689df7cf6/execute/async - {"script":"<script> [1562 bytes]","args":[{"selector":{"controlType":"sap.m.Input","viewName":"etm.portal.ui.manageyards.view.New","viewId":"application-manageyards-display-component---NewYard","bindingPath":{"path":"","propertyPath":"/SALES_AREA_VTWEG","modelName":"NewYardModel"},"interaction":{"idSuffix":"inner"}},"wdio_ui5_key":"etmportal.ui.manageyards.view.Newsap.m.Input{\"path\":\"\",\"propertyPath\":\"/SALES_AREA_VTWEG\",\"modelName\":\"NewYardModel\"}"}]}
RESULT: {"script":"<script> [1562 bytes]","args":[{"selector":{"controlType":"sap.m.Input","viewName":"etm.portal.ui.manageyards.view.New","viewId":"application-manageyards-display-component---NewYard","bindingPath":{"path":"","propertyPath":"/SALES_AREA_VTWEG","modelName":"NewYardModel"},"interaction":{"idSuffix":"inner"}},"wdio_ui5_key":"etmportal.ui.manageyards.view.Newsap.m.Input{\"path\":\"\",\"propertyPath\":\"/SALES_AREA_VTWEG\",\"modelName\":\"NewYardModel\"}"}]}
RESULT: undefined
COMMAND: POST /session/79d72962d9b70739fc8ce96689df7cf6/execute/async - {"script":"<script> [776 bytes]","args":[{"enterText":"C2","selector":{"controlType":"sap.m.Input","viewName":"etm.portal.ui.manageyards.view.New","viewId":"application-manageyards-display-component---NewYard","bindingPath":{"path":"","propertyPath":"/SALES_AREA_VTWEG","modelName":"NewYardModel"},"interaction":{"idSuffix":"inner"}},"clearTextFirst":true,"interactionType":"ENTER_TEXT"}]}
RESULT: {"script":"<script> [776 bytes]","args":[{"enterText":"C2","selector":{"controlType":"sap.m.Input","viewName":"etm.portal.ui.manageyards.view.New","viewId":"application-manageyards-display-component---NewYard","bindingPath":{"path":"","propertyPath":"/SALES_AREA_VTWEG","modelName":"NewYardModel"},"interaction":{"idSuffix":"inner"}},"clearTextFirst":true,"interactionType":"ENTER_TEXT"}]}
COMMAND: POST /session/79d72962d9b70739fc8ce96689df7cf6/execute/async - {"script":"<script> [1562 bytes]","args":[{"selector":{"controlType":"sap.m.Input","viewName":"etm.portal.ui.manageyards.view.New","viewId":"application-manageyards-display-component---NewYard","bindingPath":{"path":"","propertyPath":"/SALES_AREA_SPART","modelName":"NewYardModel"},"interaction":{"idSuffix":"inner"}},"wdio_ui5_key":"etmportal.ui.manageyards.view.Newsap.m.Input{\"path\":\"\",\"propertyPath\":\"/SALES_AREA_SPART\",\"modelName\":\"NewYardModel\"}"}]}
RESULT: {"script":"<script> [1562 bytes]","args":[{"selector":{"controlType":"sap.m.Input","viewName":"etm.portal.ui.manageyards.view.New","viewId":"application-manageyards-display-component---NewYard","bindingPath":{"path":"","propertyPath":"/SALES_AREA_SPART","modelName":"NewYardModel"},"interaction":{"idSuffix":"inner"}},"wdio_ui5_key":"etmportal.ui.manageyards.view.Newsap.m.Input{\"path\":\"\",\"propertyPath\":\"/SALES_AREA_SPART\",\"modelName\":\"NewYardModel\"}"}]}
RESULT: undefined
COMMAND: POST /session/79d72962d9b70739fc8ce96689df7cf6/execute/async - {"script":"<script> [776 bytes]","args":[{"enterText":"C2","selector":{"controlType":"sap.m.Input","viewName":"etm.portal.ui.manageyards.view.New","viewId":"application-manageyards-display-component---NewYard","bindingPath":{"path":"","propertyPath":"/SALES_AREA_SPART","modelName":"NewYardModel"},"interaction":{"idSuffix":"inner"}},"clearTextFirst":true,"interactionType":"ENTER_TEXT"}]}
RESULT: {"script":"<script> [776 bytes]","args":[{"enterText":"C2","selector":{"controlType":"sap.m.Input","viewName":"etm.portal.ui.manageyards.view.New","viewId":"application-manageyards-display-component---NewYard","bindingPath":{"path":"","propertyPath":"/SALES_AREA_SPART","modelName":"NewYardModel"},"interaction":{"idSuffix":"inner"}},"clearTextFirst":true,"interactionType":"ENTER_TEXT"}]}
COMMAND: POST /session/79d72962d9b70739fc8ce96689df7cf6/execute/async - {"script":"<script> [1562 bytes]","args":[{"selector":{"controlType":"sap.m.Input","viewName":"etm.portal.ui.manageyards.view.New","viewId":"application-manageyards-display-component---NewYard","bindingPath":{"path":"","propertyPath":"/SHIP_POINT","modelName":"NewYardModel"},"interaction":{"idSuffix":"inner"}},"wdio_ui5_key":"etmportal.ui.manageyards.view.Newsap.m.Input{\"path\":\"\",\"propertyPath\":\"/SHIP_POINT\",\"modelName\":\"NewYardModel\"}"}]}
RESULT: {"script":"<script> [1562 bytes]","args":[{"selector":{"controlType":"sap.m.Input","viewName":"etm.portal.ui.manageyards.view.New","viewId":"application-manageyards-display-component---NewYard","bindingPath":{"path":"","propertyPath":"/SHIP_POINT","modelName":"NewYardModel"},"interaction":{"idSuffix":"inner"}},"wdio_ui5_key":"etmportal.ui.manageyards.view.Newsap.m.Input{\"path\":\"\",\"propertyPath\":\"/SHIP_POINT\",\"modelName\":\"NewYardModel\"}"}]}
RESULT: undefined
COMMAND: POST /session/79d72962d9b70739fc8ce96689df7cf6/execute/async - {"script":"<script> [776 bytes]","args":[{"enterText":"1710","selector":{"controlType":"sap.m.Input","viewName":"etm.portal.ui.manageyards.view.New","viewId":"application-manageyards-display-component---NewYard","bindingPath":{"path":"","propertyPath":"/SHIP_POINT","modelName":"NewYardModel"},"interaction":{"idSuffix":"inner"}},"clearTextFirst":true,"interactionType":"ENTER_TEXT"}]}
RESULT: {"script":"<script> [776 bytes]","args":[{"enterText":"1710","selector":{"controlType":"sap.m.Input","viewName":"etm.portal.ui.manageyards.view.New","viewId":"application-manageyards-display-component---NewYard","bindingPath":{"path":"","propertyPath":"/SHIP_POINT","modelName":"NewYardModel"},"interaction":{"idSuffix":"inner"}},"clearTextFirst":true,"interactionType":"ENTER_TEXT"}]}
COMMAND: POST /session/79d72962d9b70739fc8ce96689df7cf6/execute/async - {"script":"<script> [1562 bytes]","args":[{"selector":{"controlType":"sap.m.Input","viewName":"etm.portal.ui.manageyards.view.New","viewId":"application-manageyards-display-component---NewYard","bindingPath":{"path":"","propertyPath":"/DELIVERY_TYPE","modelName":"NewYardModel"},"interaction":{"idSuffix":"inner"}},"wdio_ui5_key":"etmportal.ui.manageyards.view.Newsap.m.Input{\"path\":\"\",\"propertyPath\":\"/DELIVERY_TYPE\",\"modelName\":\"NewYardModel\"}"}]}
RESULT: {"script":"<script> [1562 bytes]","args":[{"selector":{"controlType":"sap.m.Input","viewName":"etm.portal.ui.manageyards.view.New","viewId":"application-manageyards-display-component---NewYard","bindingPath":{"path":"","propertyPath":"/DELIVERY_TYPE","modelName":"NewYardModel"},"interaction":{"idSuffix":"inner"}},"wdio_ui5_key":"etmportal.ui.manageyards.view.Newsap.m.Input{\"path\":\"\",\"propertyPath\":\"/DELIVERY_TYPE\",\"modelName\":\"NewYardModel\"}"}]}
RESULT: undefined
COMMAND: POST /session/79d72962d9b70739fc8ce96689df7cf6/execute/async - {"script":"<script> [776 bytes]","args":[{"enterText":"ZL01","selector":{"controlType":"sap.m.Input","viewName":"etm.portal.ui.manageyards.view.New","viewId":"application-manageyards-display-component---NewYard","bindingPath":{"path":"","propertyPath":"/DELIVERY_TYPE","modelName":"NewYardModel"},"interaction":{"idSuffix":"inner"}},"clearTextFirst":true,"interactionType":"ENTER_TEXT"}]}
RESULT: {"script":"<script> [776 bytes]","args":[{"enterText":"ZL01","selector":{"controlType":"sap.m.Input","viewName":"etm.portal.ui.manageyards.view.New","viewId":"application-manageyards-display-component---NewYard","bindingPath":{"path":"","propertyPath":"/DELIVERY_TYPE","modelName":"NewYardModel"},"interaction":{"idSuffix":"inner"}},"clearTextFirst":true,"interactionType":"ENTER_TEXT"}]}
COMMAND: POST /session/79d72962d9b70739fc8ce96689df7cf6/execute/async - {"script":"<script> [1562 bytes]","args":[{"selector":{"controlType":"sap.m.Input","viewName":"etm.portal.ui.manageyards.view.New","viewId":"application-manageyards-display-component---NewYard","bindingPath":{"path":"","propertyPath":"/AUART","modelName":"NewYardModel"},"interaction":{"idSuffix":"inner"}},"wdio_ui5_key":"etmportal.ui.manageyards.view.Newsap.m.Input{\"path\":\"\",\"propertyPath\":\"/AUART\",\"modelName\":\"NewYardModel\"}"}]}
RESULT: {"script":"<script> [1562 bytes]","args":[{"selector":{"controlType":"sap.m.Input","viewName":"etm.portal.ui.manageyards.view.New","viewId":"application-manageyards-display-component---NewYard","bindingPath":{"path":"","propertyPath":"/AUART","modelName":"NewYardModel"},"interaction":{"idSuffix":"inner"}},"wdio_ui5_key":"etmportal.ui.manageyards.view.Newsap.m.Input{\"path\":\"\",\"propertyPath\":\"/AUART\",\"modelName\":\"NewYardModel\"}"}]}
RESULT: undefined
COMMAND: POST /session/79d72962d9b70739fc8ce96689df7cf6/execute/async - {"script":"<script> [776 bytes]","args":[{"enterText":"TA","selector":{"controlType":"sap.m.Input","viewName":"etm.portal.ui.manageyards.view.New","viewId":"application-manageyards-display-component---NewYard","bindingPath":{"path":"","propertyPath":"/AUART","modelName":"NewYardModel"},"interaction":{"idSuffix":"inner"}},"clearTextFirst":true,"interactionType":"ENTER_TEXT"}]}
RESULT: {"script":"<script> [776 bytes]","args":[{"enterText":"TA","selector":{"controlType":"sap.m.Input","viewName":"etm.portal.ui.manageyards.view.New","viewId":"application-manageyards-display-component---NewYard","bindingPath":{"path":"","propertyPath":"/AUART","modelName":"NewYardModel"},"interaction":{"idSuffix":"inner"}},"clearTextFirst":true,"interactionType":"ENTER_TEXT"}]}
COMMAND: POST /session/79d72962d9b70739fc8ce96689df7cf6/element - {"using":"xpath","value":"//button[@data-kt=\"newYardSaveButton\"]"}
RESULT: {"using":"xpath","value":"//button[@data-kt=\"newYardSaveButton\"]"}
COMMAND: POST /session/79d72962d9b70739fc8ce96689df7cf6/element/f.1B562DAB7B69DB519EC194079547F9B8.d.42EE144FBD4B1C8A8863ABD9FA8FACB0.e.680/click - {}
RESULT: {}
COMMAND: GET /session/79d72962d9b70739fc8ce96689df7cf6/screenshot - {}
RESULT: {}
COMMAND: POST /session/79d72962d9b70739fc8ce96689df7cf6/element - {"using":"xpath","value":"//header[contains(@id, 'ObjectPageLayout-headerTitle')]/div[1]/div[2]/div[1]/span[1]"}
RESULT: {"using":"xpath","value":"//header[contains(@id, 'ObjectPageLayout-headerTitle')]/div[1]/div[2]/div[1]/span[1]"}
COMMAND: POST /session/79d72962d9b70739fc8ce96689df7cf6/elements - {"using":"xpath","value":"//header[contains(@id, 'ObjectPageLayout-headerTitle')]/div[1]/div[2]/div[1]/span[1]"}
RESULT: {"using":"xpath","value":"//header[contains(@id, 'ObjectPageLayout-headerTitle')]/div[1]/div[2]/div[1]/span[1]"}
COMMAND: POST /session/79d72962d9b70739fc8ce96689df7cf6/execute/sync - {"script":"<script> [56 bytes]","args":[{"element-6066-11e4-a52e-4f735466cecf":"f.1B562DAB7B69DB519EC194079547F9B8.d.42EE144FBD4B1C8A8863ABD9FA8FACB0.e.1025","ELEMENT":"f.1B562DAB7B69DB519EC194079547F9B8.d.42EE144FBD4B1C8A8863ABD9FA8FACB0.e.1025"}]}
RESULT: {"script":"<script> [56 bytes]","args":[{"element-6066-11e4-a52e-4f735466cecf":"f.1B562DAB7B69DB519EC194079547F9B8.d.42EE144FBD4B1C8A8863ABD9FA8FACB0.e.1025","ELEMENT":"f.1B562DAB7B69DB519EC194079547F9B8.d.42EE144FBD4B1C8A8863ABD9FA8FACB0.e.1025"}]}
COMMAND: GET /session/79d72962d9b70739fc8ce96689df7cf6/screenshot - {}
RESULT: {}
COMMAND: POST /session/79d72962d9b70739fc8ce96689df7cf6/element - {"using":"css selector","value":"#shell-header-logo"}
RESULT: {"using":"css selector","value":"#shell-header-logo"}
COMMAND: POST /session/79d72962d9b70739fc8ce96689df7cf6/element/f.1B562DAB7B69DB519EC194079547F9B8.d.42EE144FBD4B1C8A8863ABD9FA8FACB0.e.263/click - {}
RESULT: {}
COMMAND: GET /session/79d72962d9b70739fc8ce96689df7cf6/screenshot - {}
RESULT: {}
COMMAND: POST /session/79d72962d9b70739fc8ce96689df7cf6/execute/sync - {"script":"<script> [299 bytes]","args":[["getModel","getResource"]]}
RESULT: {"script":"<script> [299 bytes]","args":[["getModel","getResource"]]}
COMMAND: GET /session/79d72962d9b70739fc8ce96689df7cf6/screenshot - {}
]]></system-out>
    </testcase>
    <testcase classname="chrome.136_0_7103_93.windows.Partner_specific_tests_US150819_US151080_US151654_US151176_US103444_US151078_US151079_US151109_US151174_US151175_US151189" name="Should create new external partner US150819" time="123.377">
      <system-out><![CDATA[
COMMAND: POST /session/79d72962d9b70739fc8ce96689df7cf6/element - {"using":"xpath","value":"//li[.//span[text()=\"Manage Partners\"]]"}
RESULT: {"using":"xpath","value":"//li[.//span[text()=\"Manage Partners\"]]"}
COMMAND: POST /session/79d72962d9b70739fc8ce96689df7cf6/element - {"using":"xpath","value":"//li[.//span[text()=\"Manage Partners\"]]"}
RESULT: {}
RESULT: {"using":"xpath","value":"//li[.//span[text()=\"Manage Partners\"]]"}
COMMAND: POST /session/79d72962d9b70739fc8ce96689df7cf6/element - {"using":"css selector","value":"#shell-header-logo"}
RESULT: {"using":"css selector","value":"#shell-header-logo"}
COMMAND: POST /session/79d72962d9b70739fc8ce96689df7cf6/element/f.1B562DAB7B69DB519EC194079547F9B8.d.42EE144FBD4B1C8A8863ABD9FA8FACB0.e.1027/click - {}
COMMAND: POST /session/79d72962d9b70739fc8ce96689df7cf6/execute/sync - {"script":"<script> [8489 bytes]","args":[{"element-6066-11e4-a52e-4f735466cecf":"f.1B562DAB7B69DB519EC194079547F9B8.d.42EE144FBD4B1C8A8863ABD9FA8FACB0.e.1027","ELEMENT":"f.1B562DAB7B69DB519EC194079547F9B8.d.42EE144FBD4B1C8A8863ABD9FA8FACB0.e.1027"}]}
RESULT: {}
COMMAND: GET /session/79d72962d9b70739fc8ce96689df7cf6/screenshot - {}
RESULT: {"script":"<script> [8489 bytes]","args":[{"element-6066-11e4-a52e-4f735466cecf":"f.1B562DAB7B69DB519EC194079547F9B8.d.42EE144FBD4B1C8A8863ABD9FA8FACB0.e.1027","ELEMENT":"f.1B562DAB7B69DB519EC194079547F9B8.d.42EE144FBD4B1C8A8863ABD9FA8FACB0.e.1027"}]}
COMMAND: POST /session/79d72962d9b70739fc8ce96689df7cf6/execute/sync - {"script":"<script> [5351 bytes]","args":[{"element-6066-11e4-a52e-4f735466cecf":"f.1B562DAB7B69DB519EC194079547F9B8.d.42EE144FBD4B1C8A8863ABD9FA8FACB0.e.1027","ELEMENT":"f.1B562DAB7B69DB519EC194079547F9B8.d.42EE144FBD4B1C8A8863ABD9FA8FACB0.e.1027"}]}
COMMAND: GET /session/79d72962d9b70739fc8ce96689df7cf6/screenshot - {}
RESULT: {}
RESULT: {"script":"<script> [5351 bytes]","args":[{"element-6066-11e4-a52e-4f735466cecf":"f.1B562DAB7B69DB519EC194079547F9B8.d.42EE144FBD4B1C8A8863ABD9FA8FACB0.e.1027","ELEMENT":"f.1B562DAB7B69DB519EC194079547F9B8.d.42EE144FBD4B1C8A8863ABD9FA8FACB0.e.1027"}]}
COMMAND: GET /session/79d72962d9b70739fc8ce96689df7cf6/screenshot - {}
RESULT: {}
RESULT: {}
COMMAND: POST /session/79d72962d9b70739fc8ce96689df7cf6/window/fullscreen - {}
RESULT: {}
COMMAND: POST /session/79d72962d9b70739fc8ce96689df7cf6/execute/async - {"script":"<script> [1562 bytes]","args":[{"selector":{"controlType":"sap.m.GenericTile","properties":{"header":"Manage Partners"}},"wdio_ui5_key":"sapm.GenericTile{\"header\":\"Manage Partners\"}"}]}
RESULT: {"script":"<script> [1562 bytes]","args":[{"selector":{"controlType":"sap.m.GenericTile","properties":{"header":"Manage Partners"}},"wdio_ui5_key":"sapm.GenericTile{\"header\":\"Manage Partners\"}"}]}
RESULT: undefined
COMMAND: POST /session/79d72962d9b70739fc8ce96689df7cf6/element - {"using":"xpath","value":"//*[@id=\"__tile38\"]"}
RESULT: {"using":"xpath","value":"//*[@id=\"__tile38\"]"}
COMMAND: POST /session/79d72962d9b70739fc8ce96689df7cf6/element/f.1B562DAB7B69DB519EC194079547F9B8.d.42EE144FBD4B1C8A8863ABD9FA8FACB0.e.151/click - {}
RESULT: {}
COMMAND: GET /session/79d72962d9b70739fc8ce96689df7cf6/screenshot - {}
RESULT: {}
COMMAND: POST /session/79d72962d9b70739fc8ce96689df7cf6/elements - {"using":"xpath","value":"//span[text()='Error']"}
RESULT: {"using":"xpath","value":"//span[text()='Error']"}
COMMAND: POST /session/79d72962d9b70739fc8ce96689df7cf6/element - {"using":"xpath","value":"//button[@data-kt=\"addButton\"]"}
RESULT: {"using":"xpath","value":"//button[@data-kt=\"addButton\"]"}
COMMAND: POST /session/79d72962d9b70739fc8ce96689df7cf6/elements - {"using":"xpath","value":"//button[@data-kt=\"addButton\"]"}
RESULT: {"using":"xpath","value":"//button[@data-kt=\"addButton\"]"}
COMMAND: POST /session/79d72962d9b70739fc8ce96689df7cf6/elements - {"using":"xpath","value":"//button[@data-kt=\"addButton\"]"}
RESULT: {"using":"xpath","value":"//button[@data-kt=\"addButton\"]"}
COMMAND: POST /session/79d72962d9b70739fc8ce96689df7cf6/elements - {"using":"xpath","value":"//button[@data-kt=\"addButton\"]"}
RESULT: {"using":"xpath","value":"//button[@data-kt=\"addButton\"]"}
COMMAND: POST /session/79d72962d9b70739fc8ce96689df7cf6/elements - {"using":"xpath","value":"//button[@data-kt=\"addButton\"]"}
RESULT: {"using":"xpath","value":"//button[@data-kt=\"addButton\"]"}
COMMAND: POST /session/79d72962d9b70739fc8ce96689df7cf6/elements - {"using":"xpath","value":"//button[@data-kt=\"addButton\"]"}
RESULT: {"using":"xpath","value":"//button[@data-kt=\"addButton\"]"}
COMMAND: POST /session/79d72962d9b70739fc8ce96689df7cf6/element - {"using":"xpath","value":"//button[@data-kt=\"addButton\"]"}
RESULT: {"using":"xpath","value":"//button[@data-kt=\"addButton\"]"}
COMMAND: POST /session/79d72962d9b70739fc8ce96689df7cf6/execute/sync - {"script":"<script> [8489 bytes]","args":[{"element-6066-11e4-a52e-4f735466cecf":"f.1B562DAB7B69DB519EC194079547F9B8.d.42EE144FBD4B1C8A8863ABD9FA8FACB0.e.1062","ELEMENT":"f.1B562DAB7B69DB519EC194079547F9B8.d.42EE144FBD4B1C8A8863ABD9FA8FACB0.e.1062"}]}
RESULT: {"script":"<script> [8489 bytes]","args":[{"element-6066-11e4-a52e-4f735466cecf":"f.1B562DAB7B69DB519EC194079547F9B8.d.42EE144FBD4B1C8A8863ABD9FA8FACB0.e.1062","ELEMENT":"f.1B562DAB7B69DB519EC194079547F9B8.d.42EE144FBD4B1C8A8863ABD9FA8FACB0.e.1062"}]}
COMMAND: GET /session/79d72962d9b70739fc8ce96689df7cf6/element/f.1B562DAB7B69DB519EC194079547F9B8.d.42EE144FBD4B1C8A8863ABD9FA8FACB0.e.1062/enabled - {}
COMMAND: GET /session/79d72962d9b70739fc8ce96689df7cf6/screenshot - {}
RESULT: {}
COMMAND: POST /session/79d72962d9b70739fc8ce96689df7cf6/execute/sync - {"script":"<script> [8489 bytes]","args":[{"element-6066-11e4-a52e-4f735466cecf":"f.1B562DAB7B69DB519EC194079547F9B8.d.42EE144FBD4B1C8A8863ABD9FA8FACB0.e.1062","ELEMENT":"f.1B562DAB7B69DB519EC194079547F9B8.d.42EE144FBD4B1C8A8863ABD9FA8FACB0.e.1062"}]}
COMMAND: GET /session/79d72962d9b70739fc8ce96689df7cf6/screenshot - {}
RESULT: {}
RESULT: {"script":"<script> [8489 bytes]","args":[{"element-6066-11e4-a52e-4f735466cecf":"f.1B562DAB7B69DB519EC194079547F9B8.d.42EE144FBD4B1C8A8863ABD9FA8FACB0.e.1062","ELEMENT":"f.1B562DAB7B69DB519EC194079547F9B8.d.42EE144FBD4B1C8A8863ABD9FA8FACB0.e.1062"}]}
COMMAND: POST /session/79d72962d9b70739fc8ce96689df7cf6/execute/sync - {"script":"<script> [5351 bytes]","args":[{"element-6066-11e4-a52e-4f735466cecf":"f.1B562DAB7B69DB519EC194079547F9B8.d.42EE144FBD4B1C8A8863ABD9FA8FACB0.e.1062","ELEMENT":"f.1B562DAB7B69DB519EC194079547F9B8.d.42EE144FBD4B1C8A8863ABD9FA8FACB0.e.1062"}]}
COMMAND: GET /session/79d72962d9b70739fc8ce96689df7cf6/screenshot - {}
RESULT: {}
RESULT: {"script":"<script> [5351 bytes]","args":[{"element-6066-11e4-a52e-4f735466cecf":"f.1B562DAB7B69DB519EC194079547F9B8.d.42EE144FBD4B1C8A8863ABD9FA8FACB0.e.1062","ELEMENT":"f.1B562DAB7B69DB519EC194079547F9B8.d.42EE144FBD4B1C8A8863ABD9FA8FACB0.e.1062"}]}
COMMAND: POST /session/79d72962d9b70739fc8ce96689df7cf6/element/f.1B562DAB7B69DB519EC194079547F9B8.d.42EE144FBD4B1C8A8863ABD9FA8FACB0.e.1062/click - {}
COMMAND: GET /session/79d72962d9b70739fc8ce96689df7cf6/screenshot - {}
RESULT: {}
RESULT: {}
COMMAND: GET /session/79d72962d9b70739fc8ce96689df7cf6/screenshot - {}
COMMAND: POST /session/79d72962d9b70739fc8ce96689df7cf6/execute/async - {"script":"<script> [1562 bytes]","args":[{"selector":{"id":"application-managepartners-display-component---NewPartner--addressDetailDetailsName1","interaction":{"idSuffix":"inner"}},"wdio_ui5_key":"applicationmanagepartners-display-component---NewPartner--addressDetailDetailsName1"}]}
RESULT: {}
RESULT: {}
RESULT: {"script":"<script> [1562 bytes]","args":[{"selector":{"id":"application-managepartners-display-component---NewPartner--addressDetailDetailsName1","interaction":{"idSuffix":"inner"}},"wdio_ui5_key":"applicationmanagepartners-display-component---NewPartner--addressDetailDetailsName1"}]}
RESULT: undefined
COMMAND: POST /session/79d72962d9b70739fc8ce96689df7cf6/execute/async - {"script":"<script> [776 bytes]","args":[{"enterText":"External Partner WDIO","selector":{"id":"application-managepartners-display-component---NewPartner--addressDetailDetailsName1","interaction":{"idSuffix":"inner"}},"clearTextFirst":true,"interactionType":"ENTER_TEXT"}]}
RESULT: {"script":"<script> [776 bytes]","args":[{"enterText":"External Partner WDIO","selector":{"id":"application-managepartners-display-component---NewPartner--addressDetailDetailsName1","interaction":{"idSuffix":"inner"}},"clearTextFirst":true,"interactionType":"ENTER_TEXT"}]}
COMMAND: POST /session/79d72962d9b70739fc8ce96689df7cf6/execute/async - {"script":"<script> [1562 bytes]","args":[{"selector":{"id":"application-managepartners-display-component---NewPartner--addressDetailDetailsLanguage-arrow"},"wdio_ui5_key":"applicationmanagepartners-display-component---NewPartner--addressDetailDetailsLanguage-arrow"}]}
RESULT: {"script":"<script> [1562 bytes]","args":[{"selector":{"id":"application-managepartners-display-component---NewPartner--addressDetailDetailsLanguage-arrow"},"wdio_ui5_key":"applicationmanagepartners-display-component---NewPartner--addressDetailDetailsLanguage-arrow"}]}
RESULT: undefined
COMMAND: POST /session/79d72962d9b70739fc8ce96689df7cf6/element - {"using":"xpath","value":"//*[@id=\"application-managepartners-display-component---NewPartner--addressDetailDetailsLanguage-arrow\"]"}
RESULT: {"using":"xpath","value":"//*[@id=\"application-managepartners-display-component---NewPartner--addressDetailDetailsLanguage-arrow\"]"}
COMMAND: POST /session/79d72962d9b70739fc8ce96689df7cf6/element/f.1B562DAB7B69DB519EC194079547F9B8.d.42EE144FBD4B1C8A8863ABD9FA8FACB0.e.1516/click - {}
RESULT: {}
COMMAND: POST /session/79d72962d9b70739fc8ce96689df7cf6/element - {"using":"xpath","value":"//span[contains(text(), \"English\")]"}
COMMAND: GET /session/79d72962d9b70739fc8ce96689df7cf6/screenshot - {}
RESULT: {"using":"xpath","value":"//span[contains(text(), \"English\")]"}
COMMAND: POST /session/79d72962d9b70739fc8ce96689df7cf6/element/f.1B562DAB7B69DB519EC194079547F9B8.d.42EE144FBD4B1C8A8863ABD9FA8FACB0.e.1517/click - {}
RESULT: {}
RESULT: {}
COMMAND: GET /session/79d72962d9b70739fc8ce96689df7cf6/screenshot - {}
RESULT: {}
COMMAND: POST /session/79d72962d9b70739fc8ce96689df7cf6/execute/async - {"script":"<script> [1562 bytes]","args":[{"selector":{"id":"application-managepartners-display-component---NewPartner--addressDetailDetailsCity1","interaction":{"idSuffix":"inner"}},"wdio_ui5_key":"applicationmanagepartners-display-component---NewPartner--addressDetailDetailsCity1"}]}
RESULT: {"script":"<script> [1562 bytes]","args":[{"selector":{"id":"application-managepartners-display-component---NewPartner--addressDetailDetailsCity1","interaction":{"idSuffix":"inner"}},"wdio_ui5_key":"applicationmanagepartners-display-component---NewPartner--addressDetailDetailsCity1"}]}
RESULT: undefined
COMMAND: POST /session/79d72962d9b70739fc8ce96689df7cf6/execute/async - {"script":"<script> [776 bytes]","args":[{"enterText":"Rosario","selector":{"id":"application-managepartners-display-component---NewPartner--addressDetailDetailsCity1","interaction":{"idSuffix":"inner"}},"clearTextFirst":true,"interactionType":"ENTER_TEXT"}]}
RESULT: {"script":"<script> [776 bytes]","args":[{"enterText":"Rosario","selector":{"id":"application-managepartners-display-component---NewPartner--addressDetailDetailsCity1","interaction":{"idSuffix":"inner"}},"clearTextFirst":true,"interactionType":"ENTER_TEXT"}]}
COMMAND: POST /session/79d72962d9b70739fc8ce96689df7cf6/execute/async - {"script":"<script> [1562 bytes]","args":[{"selector":{"id":"application-managepartners-display-component---NewPartner--addressDetailDetailsCountry-arrow"},"wdio_ui5_key":"applicationmanagepartners-display-component---NewPartner--addressDetailDetailsCountry-arrow"}]}
RESULT: {"script":"<script> [1562 bytes]","args":[{"selector":{"id":"application-managepartners-display-component---NewPartner--addressDetailDetailsCountry-arrow"},"wdio_ui5_key":"applicationmanagepartners-display-component---NewPartner--addressDetailDetailsCountry-arrow"}]}
RESULT: undefined
COMMAND: POST /session/79d72962d9b70739fc8ce96689df7cf6/element - {"using":"xpath","value":"//*[@id=\"application-managepartners-display-component---NewPartner--addressDetailDetailsCountry-arrow\"]"}
RESULT: {"using":"xpath","value":"//*[@id=\"application-managepartners-display-component---NewPartner--addressDetailDetailsCountry-arrow\"]"}
COMMAND: POST /session/79d72962d9b70739fc8ce96689df7cf6/element/f.1B562DAB7B69DB519EC194079547F9B8.d.42EE144FBD4B1C8A8863ABD9FA8FACB0.e.1484/click - {}
RESULT: {}
COMMAND: POST /session/79d72962d9b70739fc8ce96689df7cf6/element - {"using":"xpath","value":"//span[contains(text(), \"Argentina\")]"}
COMMAND: GET /session/79d72962d9b70739fc8ce96689df7cf6/screenshot - {}
RESULT: {"using":"xpath","value":"//span[contains(text(), \"Argentina\")]"}
COMMAND: POST /session/79d72962d9b70739fc8ce96689df7cf6/element/f.1B562DAB7B69DB519EC194079547F9B8.d.42EE144FBD4B1C8A8863ABD9FA8FACB0.e.1519/click - {}
RESULT: {}
RESULT: {}
COMMAND: GET /session/79d72962d9b70739fc8ce96689df7cf6/screenshot - {}
RESULT: {}
COMMAND: POST /session/79d72962d9b70739fc8ce96689df7cf6/element - {"using":"xpath","value":"//bdi[contains(text(), \"Commercial\")]"}
RESULT: {"using":"xpath","value":"//bdi[contains(text(), \"Commercial\")]"}
COMMAND: POST /session/79d72962d9b70739fc8ce96689df7cf6/element/f.1B562DAB7B69DB519EC194079547F9B8.d.42EE144FBD4B1C8A8863ABD9FA8FACB0.e.1520/click - {}
RESULT: {}
COMMAND: GET /session/79d72962d9b70739fc8ce96689df7cf6/screenshot - {}
RESULT: {}
COMMAND: POST /session/79d72962d9b70739fc8ce96689df7cf6/execute/async - {"script":"<script> [1562 bytes]","args":[{"selector":{"id":"application-managepartners-display-component---NewPartner--partnerDetailInternal-arrow"},"wdio_ui5_key":"applicationmanagepartners-display-component---NewPartner--partnerDetailInternal-arrow"}]}
RESULT: {"script":"<script> [1562 bytes]","args":[{"selector":{"id":"application-managepartners-display-component---NewPartner--partnerDetailInternal-arrow"},"wdio_ui5_key":"applicationmanagepartners-display-component---NewPartner--partnerDetailInternal-arrow"}]}
RESULT: undefined
COMMAND: POST /session/79d72962d9b70739fc8ce96689df7cf6/element - {"using":"xpath","value":"//*[@id=\"application-managepartners-display-component---NewPartner--partnerDetailInternal-arrow\"]"}
RESULT: {"using":"xpath","value":"//*[@id=\"application-managepartners-display-component---NewPartner--partnerDetailInternal-arrow\"]"}
COMMAND: POST /session/79d72962d9b70739fc8ce96689df7cf6/element/f.1B562DAB7B69DB519EC194079547F9B8.d.42EE144FBD4B1C8A8863ABD9FA8FACB0.e.1526/click - {}
RESULT: {}
COMMAND: POST /session/79d72962d9b70739fc8ce96689df7cf6/element - {"using":"xpath","value":"//span[contains(text(), \"External partner\")]"}
COMMAND: GET /session/79d72962d9b70739fc8ce96689df7cf6/screenshot - {}
RESULT: {"using":"xpath","value":"//span[contains(text(), \"External partner\")]"}
COMMAND: POST /session/79d72962d9b70739fc8ce96689df7cf6/element/f.1B562DAB7B69DB519EC194079547F9B8.d.42EE144FBD4B1C8A8863ABD9FA8FACB0.e.1527/click - {}
RESULT: {}
RESULT: {}
COMMAND: POST /session/79d72962d9b70739fc8ce96689df7cf6/execute/async - {"script":"<script> [1562 bytes]","args":[{"selector":{"id":"application-managepartners-display-component---NewPartner--partnerDetailsCurrency-arrow"},"wdio_ui5_key":"applicationmanagepartners-display-component---NewPartner--partnerDetailsCurrency-arrow"}]}
COMMAND: GET /session/79d72962d9b70739fc8ce96689df7cf6/screenshot - {}
RESULT: {"script":"<script> [1562 bytes]","args":[{"selector":{"id":"application-managepartners-display-component---NewPartner--partnerDetailsCurrency-arrow"},"wdio_ui5_key":"applicationmanagepartners-display-component---NewPartner--partnerDetailsCurrency-arrow"}]}
RESULT: undefined
COMMAND: POST /session/79d72962d9b70739fc8ce96689df7cf6/element - {"using":"xpath","value":"//*[@id=\"application-managepartners-display-component---NewPartner--partnerDetailsCurrency-arrow\"]"}
RESULT: {}
RESULT: {"using":"xpath","value":"//*[@id=\"application-managepartners-display-component---NewPartner--partnerDetailsCurrency-arrow\"]"}
COMMAND: POST /session/79d72962d9b70739fc8ce96689df7cf6/element/f.1B562DAB7B69DB519EC194079547F9B8.d.42EE144FBD4B1C8A8863ABD9FA8FACB0.e.1532/click - {}
RESULT: {}
COMMAND: POST /session/79d72962d9b70739fc8ce96689df7cf6/element - {"using":"xpath","value":"//span[contains(text(), \"US Dollar\")]"}
COMMAND: GET /session/79d72962d9b70739fc8ce96689df7cf6/screenshot - {}
RESULT: {"using":"xpath","value":"//span[contains(text(), \"US Dollar\")]"}
COMMAND: POST /session/79d72962d9b70739fc8ce96689df7cf6/element/f.1B562DAB7B69DB519EC194079547F9B8.d.42EE144FBD4B1C8A8863ABD9FA8FACB0.e.1533/click - {}
RESULT: {}
RESULT: {}
COMMAND: GET /session/79d72962d9b70739fc8ce96689df7cf6/screenshot - {}
RESULT: {}
COMMAND: POST /session/79d72962d9b70739fc8ce96689df7cf6/element - {"using":"xpath","value":"//input[@id=\"application-managepartners-display-component---NewPartner--companyCodeComboBox-inner\"]"}
RESULT: {"using":"xpath","value":"//input[@id=\"application-managepartners-display-component---NewPartner--companyCodeComboBox-inner\"]"}
COMMAND: POST /session/79d72962d9b70739fc8ce96689df7cf6/element/f.1B562DAB7B69DB519EC194079547F9B8.d.42EE144FBD4B1C8A8863ABD9FA8FACB0.e.1337/clear - {}
RESULT: {}
COMMAND: POST /session/79d72962d9b70739fc8ce96689df7cf6/element/f.1B562DAB7B69DB519EC194079547F9B8.d.42EE144FBD4B1C8A8863ABD9FA8FACB0.e.1337/value - {"text":"C002"}
COMMAND: GET /session/79d72962d9b70739fc8ce96689df7cf6/screenshot - {}
RESULT: {"text":"C002"}
COMMAND: GET /session/79d72962d9b70739fc8ce96689df7cf6/screenshot - {}
RESULT: {}
RESULT: {}
COMMAND: POST /session/79d72962d9b70739fc8ce96689df7cf6/element - {"using":"xpath","value":"//li[.//span[text()= \"C002\"]]"}
RESULT: {"using":"xpath","value":"//li[.//span[text()= \"C002\"]]"}
COMMAND: POST /session/79d72962d9b70739fc8ce96689df7cf6/element/f.1B562DAB7B69DB519EC194079547F9B8.d.42EE144FBD4B1C8A8863ABD9FA8FACB0.e.1537/click - {}
RESULT: {}
COMMAND: GET /session/79d72962d9b70739fc8ce96689df7cf6/screenshot - {}
RESULT: {}
COMMAND: POST /session/79d72962d9b70739fc8ce96689df7cf6/execute/async - {"script":"<script> [1562 bytes]","args":[{"selector":{"id":"application-managepartners-display-component---NewPartner--btnAddTableRow-img"},"wdio_ui5_key":"applicationmanagepartners-display-component---NewPartner--btnAddTableRow-img"}]}
RESULT: {"script":"<script> [1562 bytes]","args":[{"selector":{"id":"application-managepartners-display-component---NewPartner--btnAddTableRow-img"},"wdio_ui5_key":"applicationmanagepartners-display-component---NewPartner--btnAddTableRow-img"}]}
RESULT: undefined
COMMAND: POST /session/79d72962d9b70739fc8ce96689df7cf6/element - {"using":"xpath","value":"//*[@id=\"application-managepartners-display-component---NewPartner--btnAddTableRow-img\"]"}
RESULT: {"using":"xpath","value":"//*[@id=\"application-managepartners-display-component---NewPartner--btnAddTableRow-img\"]"}
COMMAND: POST /session/79d72962d9b70739fc8ce96689df7cf6/element/f.1B562DAB7B69DB519EC194079547F9B8.d.42EE144FBD4B1C8A8863ABD9FA8FACB0.e.1538/click - {}
RESULT: {}
COMMAND: GET /session/79d72962d9b70739fc8ce96689df7cf6/screenshot - {}
RESULT: {}
COMMAND: POST /session/79d72962d9b70739fc8ce96689df7cf6/element - {"using":"xpath","value":"//input[@id=\"application-managepartners-display-component---NewPartner--assignmentYard-application-managepartners-display-component---NewPartner--assignmentsTable-0-inner\"]"}
RESULT: {"using":"xpath","value":"//input[@id=\"application-managepartners-display-component---NewPartner--assignmentYard-application-managepartners-display-component---NewPartner--assignmentsTable-0-inner\"]"}
COMMAND: POST /session/79d72962d9b70739fc8ce96689df7cf6/element/f.1B562DAB7B69DB519EC194079547F9B8.d.42EE144FBD4B1C8A8863ABD9FA8FACB0.e.1541/clear - {}
RESULT: {}
COMMAND: POST /session/79d72962d9b70739fc8ce96689df7cf6/element/f.1B562DAB7B69DB519EC194079547F9B8.d.42EE144FBD4B1C8A8863ABD9FA8FACB0.e.1541/value - {"text":"642"}
COMMAND: GET /session/79d72962d9b70739fc8ce96689df7cf6/screenshot - {}
RESULT: {"text":"642"}
COMMAND: GET /session/79d72962d9b70739fc8ce96689df7cf6/screenshot - {}
RESULT: {}
RESULT: {}
COMMAND: POST /session/79d72962d9b70739fc8ce96689df7cf6/element - {"using":"xpath","value":"//li[.//span[text()='642']]"}
RESULT: {"using":"xpath","value":"//li[.//span[text()='642']]"}
COMMAND: POST /session/79d72962d9b70739fc8ce96689df7cf6/element/f.1B562DAB7B69DB519EC194079547F9B8.d.42EE144FBD4B1C8A8863ABD9FA8FACB0.e.1550/click - {}
RESULT: {}
COMMAND: GET /session/79d72962d9b70739fc8ce96689df7cf6/screenshot - {}
RESULT: {}
COMMAND: POST /session/79d72962d9b70739fc8ce96689df7cf6/actions - {"actions":[{"id":"action2","type":"key","parameters":{},"actions":[{"type":"keyDown","value":""},{"type":"pause","duration":10},{"type":"keyUp","value":""}]}]}
RESULT: {"actions":[{"id":"action2","type":"key","parameters":{},"actions":[{"type":"keyDown","value":""},{"type":"pause","duration":10},{"type":"keyUp","value":""}]}]}
COMMAND: POST /session/79d72962d9b70739fc8ce96689df7cf6/element - {"using":"xpath","value":"//td[contains(@id, \"assignmentsTable-0-cell2\")]/div/div"}
COMMAND: GET /session/79d72962d9b70739fc8ce96689df7cf6/screenshot - {}
RESULT: {"using":"xpath","value":"//td[contains(@id, \"assignmentsTable-0-cell2\")]/div/div"}
COMMAND: POST /session/79d72962d9b70739fc8ce96689df7cf6/element/f.1B562DAB7B69DB519EC194079547F9B8.d.42EE144FBD4B1C8A8863ABD9FA8FACB0.e.1553/click - {}
RESULT: {}
RESULT: {}
COMMAND: GET /session/79d72962d9b70739fc8ce96689df7cf6/screenshot - {}
RESULT: {}
COMMAND: POST /session/79d72962d9b70739fc8ce96689df7cf6/element - {"using":"xpath","value":"//button[@data-kt=\"saveButton\"]"}
RESULT: {"using":"xpath","value":"//button[@data-kt=\"saveButton\"]"}
COMMAND: POST /session/79d72962d9b70739fc8ce96689df7cf6/element/f.1B562DAB7B69DB519EC194079547F9B8.d.42EE144FBD4B1C8A8863ABD9FA8FACB0.e.1381/click - {}
RESULT: {}
COMMAND: GET /session/79d72962d9b70739fc8ce96689df7cf6/screenshot - {}
RESULT: {}
COMMAND: POST /session/79d72962d9b70739fc8ce96689df7cf6/element - {"using":"xpath","value":"//header[contains(@id, 'ObjectPageLayout-headerTitle')]/div[1]/div[2]/div[2]/span[1]"}
RESULT: {"using":"xpath","value":"//header[contains(@id, 'ObjectPageLayout-headerTitle')]/div[1]/div[2]/div[2]/span[1]"}
COMMAND: POST /session/79d72962d9b70739fc8ce96689df7cf6/elements - {"using":"xpath","value":"//header[contains(@id, 'ObjectPageLayout-headerTitle')]/div[1]/div[2]/div[2]/span[1]"}
RESULT: {"using":"xpath","value":"//header[contains(@id, 'ObjectPageLayout-headerTitle')]/div[1]/div[2]/div[2]/span[1]"}
COMMAND: POST /session/79d72962d9b70739fc8ce96689df7cf6/execute/sync - {"script":"<script> [56 bytes]","args":[{"element-6066-11e4-a52e-4f735466cecf":"f.1B562DAB7B69DB519EC194079547F9B8.d.42EE144FBD4B1C8A8863ABD9FA8FACB0.e.1715","ELEMENT":"f.1B562DAB7B69DB519EC194079547F9B8.d.42EE144FBD4B1C8A8863ABD9FA8FACB0.e.1715"}]}
RESULT: {"script":"<script> [56 bytes]","args":[{"element-6066-11e4-a52e-4f735466cecf":"f.1B562DAB7B69DB519EC194079547F9B8.d.42EE144FBD4B1C8A8863ABD9FA8FACB0.e.1715","ELEMENT":"f.1B562DAB7B69DB519EC194079547F9B8.d.42EE144FBD4B1C8A8863ABD9FA8FACB0.e.1715"}]}
COMMAND: POST /session/79d72962d9b70739fc8ce96689df7cf6/element - {"using":"css selector","value":"#shell-header-logo"}
COMMAND: GET /session/79d72962d9b70739fc8ce96689df7cf6/screenshot - {}
RESULT: {"using":"css selector","value":"#shell-header-logo"}
COMMAND: POST /session/79d72962d9b70739fc8ce96689df7cf6/element/f.1B562DAB7B69DB519EC194079547F9B8.d.42EE144FBD4B1C8A8863ABD9FA8FACB0.e.1027/click - {}
RESULT: {}
RESULT: {}
COMMAND: GET /session/79d72962d9b70739fc8ce96689df7cf6/screenshot - {}
RESULT: {}
COMMAND: POST /session/79d72962d9b70739fc8ce96689df7cf6/execute/sync - {"script":"<script> [299 bytes]","args":[["getModel","getResource"]]}
RESULT: {"script":"<script> [299 bytes]","args":[["getModel","getResource"]]}
]]></system-out>
    </testcase>
    <testcase classname="chrome.136_0_7103_93.windows.Partner_specific_tests_US150819_US151080_US151654_US151176_US103444_US151078_US151079_US151109_US151174_US151175_US151189" name="Should filter and search partners US151080" time="103.271">
      <system-out><![CDATA[
COMMAND: GET /session/79d72962d9b70739fc8ce96689df7cf6/screenshot - {}
COMMAND: POST /session/79d72962d9b70739fc8ce96689df7cf6/element - {"using":"xpath","value":"//li[.//span[text()=\"Manage Partners\"]]"}
RESULT: {}
RESULT: {"using":"xpath","value":"//li[.//span[text()=\"Manage Partners\"]]"}
COMMAND: POST /session/79d72962d9b70739fc8ce96689df7cf6/element - {"using":"xpath","value":"//li[.//span[text()=\"Manage Partners\"]]"}
RESULT: {"using":"xpath","value":"//li[.//span[text()=\"Manage Partners\"]]"}
COMMAND: POST /session/79d72962d9b70739fc8ce96689df7cf6/element - {"using":"css selector","value":"#shell-header-logo"}
RESULT: {"using":"css selector","value":"#shell-header-logo"}
COMMAND: POST /session/79d72962d9b70739fc8ce96689df7cf6/element/f.1B562DAB7B69DB519EC194079547F9B8.d.42EE144FBD4B1C8A8863ABD9FA8FACB0.e.1717/click - {}
COMMAND: POST /session/79d72962d9b70739fc8ce96689df7cf6/execute/sync - {"script":"<script> [8489 bytes]","args":[{"element-6066-11e4-a52e-4f735466cecf":"f.1B562DAB7B69DB519EC194079547F9B8.d.42EE144FBD4B1C8A8863ABD9FA8FACB0.e.1717","ELEMENT":"f.1B562DAB7B69DB519EC194079547F9B8.d.42EE144FBD4B1C8A8863ABD9FA8FACB0.e.1717"}]}
RESULT: {}
COMMAND: GET /session/79d72962d9b70739fc8ce96689df7cf6/screenshot - {}
RESULT: {"script":"<script> [8489 bytes]","args":[{"element-6066-11e4-a52e-4f735466cecf":"f.1B562DAB7B69DB519EC194079547F9B8.d.42EE144FBD4B1C8A8863ABD9FA8FACB0.e.1717","ELEMENT":"f.1B562DAB7B69DB519EC194079547F9B8.d.42EE144FBD4B1C8A8863ABD9FA8FACB0.e.1717"}]}
COMMAND: POST /session/79d72962d9b70739fc8ce96689df7cf6/execute/sync - {"script":"<script> [5351 bytes]","args":[{"element-6066-11e4-a52e-4f735466cecf":"f.1B562DAB7B69DB519EC194079547F9B8.d.42EE144FBD4B1C8A8863ABD9FA8FACB0.e.1717","ELEMENT":"f.1B562DAB7B69DB519EC194079547F9B8.d.42EE144FBD4B1C8A8863ABD9FA8FACB0.e.1717"}]}
COMMAND: GET /session/79d72962d9b70739fc8ce96689df7cf6/screenshot - {}
RESULT: {}
RESULT: {"script":"<script> [5351 bytes]","args":[{"element-6066-11e4-a52e-4f735466cecf":"f.1B562DAB7B69DB519EC194079547F9B8.d.42EE144FBD4B1C8A8863ABD9FA8FACB0.e.1717","ELEMENT":"f.1B562DAB7B69DB519EC194079547F9B8.d.42EE144FBD4B1C8A8863ABD9FA8FACB0.e.1717"}]}
COMMAND: GET /session/79d72962d9b70739fc8ce96689df7cf6/screenshot - {}
RESULT: {}
RESULT: {}
RESULT: undefined
COMMAND: POST /session/79d72962d9b70739fc8ce96689df7cf6/element - {"using":"xpath","value":"//*[@id=\"__tile38\"]"}
RESULT: {"using":"xpath","value":"//*[@id=\"__tile38\"]"}
COMMAND: POST /session/79d72962d9b70739fc8ce96689df7cf6/element/f.1B562DAB7B69DB519EC194079547F9B8.d.42EE144FBD4B1C8A8863ABD9FA8FACB0.e.151/click - {}
RESULT: {}
COMMAND: GET /session/79d72962d9b70739fc8ce96689df7cf6/screenshot - {}
COMMAND: POST /session/79d72962d9b70739fc8ce96689df7cf6/elements - {"using":"xpath","value":"//span[text()='Error']"}
RESULT: {}
RESULT: {"using":"xpath","value":"//span[text()='Error']"}
COMMAND: POST /session/79d72962d9b70739fc8ce96689df7cf6/element - {"using":"xpath","value":"//button[@data-kt=\"addButton\"]"}
RESULT: {"using":"xpath","value":"//button[@data-kt=\"addButton\"]"}
COMMAND: POST /session/79d72962d9b70739fc8ce96689df7cf6/elements - {"using":"xpath","value":"//button[@data-kt=\"addButton\"]"}
RESULT: {"using":"xpath","value":"//button[@data-kt=\"addButton\"]"}
COMMAND: POST /session/79d72962d9b70739fc8ce96689df7cf6/elements - {"using":"xpath","value":"//button[@data-kt=\"addButton\"]"}
RESULT: {"using":"xpath","value":"//button[@data-kt=\"addButton\"]"}
COMMAND: POST /session/79d72962d9b70739fc8ce96689df7cf6/elements - {"using":"xpath","value":"//button[@data-kt=\"addButton\"]"}
RESULT: {"using":"xpath","value":"//button[@data-kt=\"addButton\"]"}
COMMAND: POST /session/79d72962d9b70739fc8ce96689df7cf6/elements - {"using":"xpath","value":"//button[@data-kt=\"addButton\"]"}
RESULT: {"using":"xpath","value":"//button[@data-kt=\"addButton\"]"}
COMMAND: POST /session/79d72962d9b70739fc8ce96689df7cf6/element - {"using":"xpath","value":"//button[@data-kt=\"addButton\"]"}
RESULT: {"using":"xpath","value":"//button[@data-kt=\"addButton\"]"}
COMMAND: POST /session/79d72962d9b70739fc8ce96689df7cf6/execute/sync - {"script":"<script> [8489 bytes]","args":[{"element-6066-11e4-a52e-4f735466cecf":"f.1B562DAB7B69DB519EC194079547F9B8.d.42EE144FBD4B1C8A8863ABD9FA8FACB0.e.1751","ELEMENT":"f.1B562DAB7B69DB519EC194079547F9B8.d.42EE144FBD4B1C8A8863ABD9FA8FACB0.e.1751"}]}
RESULT: {"script":"<script> [8489 bytes]","args":[{"element-6066-11e4-a52e-4f735466cecf":"f.1B562DAB7B69DB519EC194079547F9B8.d.42EE144FBD4B1C8A8863ABD9FA8FACB0.e.1751","ELEMENT":"f.1B562DAB7B69DB519EC194079547F9B8.d.42EE144FBD4B1C8A8863ABD9FA8FACB0.e.1751"}]}
COMMAND: GET /session/79d72962d9b70739fc8ce96689df7cf6/element/f.1B562DAB7B69DB519EC194079547F9B8.d.42EE144FBD4B1C8A8863ABD9FA8FACB0.e.1751/enabled - {}
COMMAND: GET /session/79d72962d9b70739fc8ce96689df7cf6/screenshot - {}
RESULT: {}
COMMAND: POST /session/79d72962d9b70739fc8ce96689df7cf6/execute/sync - {"script":"<script> [8489 bytes]","args":[{"element-6066-11e4-a52e-4f735466cecf":"f.1B562DAB7B69DB519EC194079547F9B8.d.42EE144FBD4B1C8A8863ABD9FA8FACB0.e.1751","ELEMENT":"f.1B562DAB7B69DB519EC194079547F9B8.d.42EE144FBD4B1C8A8863ABD9FA8FACB0.e.1751"}]}
COMMAND: GET /session/79d72962d9b70739fc8ce96689df7cf6/screenshot - {}
RESULT: {}
RESULT: {"script":"<script> [8489 bytes]","args":[{"element-6066-11e4-a52e-4f735466cecf":"f.1B562DAB7B69DB519EC194079547F9B8.d.42EE144FBD4B1C8A8863ABD9FA8FACB0.e.1751","ELEMENT":"f.1B562DAB7B69DB519EC194079547F9B8.d.42EE144FBD4B1C8A8863ABD9FA8FACB0.e.1751"}]}
COMMAND: POST /session/79d72962d9b70739fc8ce96689df7cf6/execute/sync - {"script":"<script> [5351 bytes]","args":[{"element-6066-11e4-a52e-4f735466cecf":"f.1B562DAB7B69DB519EC194079547F9B8.d.42EE144FBD4B1C8A8863ABD9FA8FACB0.e.1751","ELEMENT":"f.1B562DAB7B69DB519EC194079547F9B8.d.42EE144FBD4B1C8A8863ABD9FA8FACB0.e.1751"}]}
COMMAND: GET /session/79d72962d9b70739fc8ce96689df7cf6/screenshot - {}
RESULT: {}
RESULT: {"script":"<script> [5351 bytes]","args":[{"element-6066-11e4-a52e-4f735466cecf":"f.1B562DAB7B69DB519EC194079547F9B8.d.42EE144FBD4B1C8A8863ABD9FA8FACB0.e.1751","ELEMENT":"f.1B562DAB7B69DB519EC194079547F9B8.d.42EE144FBD4B1C8A8863ABD9FA8FACB0.e.1751"}]}
COMMAND: GET /session/79d72962d9b70739fc8ce96689df7cf6/screenshot - {}
RESULT: {}
RESULT: {}
COMMAND: POST /session/79d72962d9b70739fc8ce96689df7cf6/execute/async - {"script":"<script> [1562 bytes]","args":[{"selector":{"id":"application-managepartners-display-component---masterPtm--smartTable-btnPersonalisation-img"},"wdio_ui5_key":"applicationmanagepartners-display-component---masterPtm--smartTable-btnPersonalisation-img"}]}
RESULT: {"script":"<script> [1562 bytes]","args":[{"selector":{"id":"application-managepartners-display-component---masterPtm--smartTable-btnPersonalisation-img"},"wdio_ui5_key":"applicationmanagepartners-display-component---masterPtm--smartTable-btnPersonalisation-img"}]}
RESULT: undefined
COMMAND: POST /session/79d72962d9b70739fc8ce96689df7cf6/element - {"using":"xpath","value":"//*[@id=\"application-managepartners-display-component---masterPtm--smartTable-btnPersonalisation-img\"]"}
RESULT: {"using":"xpath","value":"//*[@id=\"application-managepartners-display-component---masterPtm--smartTable-btnPersonalisation-img\"]"}
COMMAND: POST /session/79d72962d9b70739fc8ce96689df7cf6/element/f.1B562DAB7B69DB519EC194079547F9B8.d.42EE144FBD4B1C8A8863ABD9FA8FACB0.e.1767/click - {}
RESULT: {}
COMMAND: GET /session/79d72962d9b70739fc8ce96689df7cf6/screenshot - {}
RESULT: {}
COMMAND: POST /session/79d72962d9b70739fc8ce96689df7cf6/execute/async - {"script":"<script> [1562 bytes]","args":[{"selector":{"controlType":"sap.m.IconTabFilter","viewName":"etm.portal.ui.managepartners.view.Master","viewId":"application-managepartners-display-component---masterPtm","properties":{"text":"Sort"},"searchOpenDialogs":true,"interaction":{"idSuffix":"text"}},"wdio_ui5_key":"etmportal.ui.managepartners.view.Mastersap.m.IconTabFilter{\"text\":\"Sort\"}"}]}
RESULT: {"script":"<script> [1562 bytes]","args":[{"selector":{"controlType":"sap.m.IconTabFilter","viewName":"etm.portal.ui.managepartners.view.Master","viewId":"application-managepartners-display-component---masterPtm","properties":{"text":"Sort"},"searchOpenDialogs":true,"interaction":{"idSuffix":"text"}},"wdio_ui5_key":"etmportal.ui.managepartners.view.Mastersap.m.IconTabFilter{\"text\":\"Sort\"}"}]}
RESULT: undefined
COMMAND: POST /session/79d72962d9b70739fc8ce96689df7cf6/element - {"using":"xpath","value":"//*[@id=\"__filter1\"]"}
RESULT: {"using":"xpath","value":"//*[@id=\"__filter1\"]"}
COMMAND: POST /session/79d72962d9b70739fc8ce96689df7cf6/element/f.1B562DAB7B69DB519EC194079547F9B8.d.42EE144FBD4B1C8A8863ABD9FA8FACB0.e.1908/click - {}
RESULT: {}
COMMAND: GET /session/79d72962d9b70739fc8ce96689df7cf6/screenshot - {}
RESULT: {}
COMMAND: POST /session/79d72962d9b70739fc8ce96689df7cf6/element - {"using":"xpath","value":"//input[@placeholder=\"Sort by\"]/following-sibling::div//span"}
RESULT: {"using":"xpath","value":"//input[@placeholder=\"Sort by\"]/following-sibling::div//span"}
COMMAND: POST /session/79d72962d9b70739fc8ce96689df7cf6/element/f.1B562DAB7B69DB519EC194079547F9B8.d.42EE144FBD4B1C8A8863ABD9FA8FACB0.e.1910/click - {}
RESULT: {}
COMMAND: GET /session/79d72962d9b70739fc8ce96689df7cf6/screenshot - {}
RESULT: {}
COMMAND: POST /session/79d72962d9b70739fc8ce96689df7cf6/element - {"using":"xpath","value":"//li[.//span[text()=\"Language\"]]"}
RESULT: {"using":"xpath","value":"//li[.//span[text()=\"Language\"]]"}
COMMAND: POST /session/79d72962d9b70739fc8ce96689df7cf6/element/f.1B562DAB7B69DB519EC194079547F9B8.d.42EE144FBD4B1C8A8863ABD9FA8FACB0.e.1911/click - {}
RESULT: {}
COMMAND: GET /session/79d72962d9b70739fc8ce96689df7cf6/screenshot - {}
RESULT: {}
COMMAND: POST /session/79d72962d9b70739fc8ce96689df7cf6/element - {"using":"xpath","value":"//bdi[contains(text(), \"OK\")]"}
RESULT: {"using":"xpath","value":"//bdi[contains(text(), \"OK\")]"}
COMMAND: POST /session/79d72962d9b70739fc8ce96689df7cf6/element/f.1B562DAB7B69DB519EC194079547F9B8.d.42EE144FBD4B1C8A8863ABD9FA8FACB0.e.1915/click - {}
RESULT: {}
COMMAND: GET /session/79d72962d9b70739fc8ce96689df7cf6/screenshot - {}
RESULT: {}
COMMAND: POST /session/79d72962d9b70739fc8ce96689df7cf6/element - {"using":"xpath","value":"//table[contains(@id, \"customPartnersTable\")]//tbody/tr[1]/td[3]/span"}
RESULT: {"using":"xpath","value":"//table[contains(@id, \"customPartnersTable\")]//tbody/tr[1]/td[3]/span"}
COMMAND: POST /session/79d72962d9b70739fc8ce96689df7cf6/execute/sync - {"script":"<script> [56 bytes]","args":[{"element-6066-11e4-a52e-4f735466cecf":"f.1B562DAB7B69DB519EC194079547F9B8.d.42EE144FBD4B1C8A8863ABD9FA8FACB0.e.2034","ELEMENT":"f.1B562DAB7B69DB519EC194079547F9B8.d.42EE144FBD4B1C8A8863ABD9FA8FACB0.e.2034"}]}
RESULT: {"script":"<script> [56 bytes]","args":[{"element-6066-11e4-a52e-4f735466cecf":"f.1B562DAB7B69DB519EC194079547F9B8.d.42EE144FBD4B1C8A8863ABD9FA8FACB0.e.2034","ELEMENT":"f.1B562DAB7B69DB519EC194079547F9B8.d.42EE144FBD4B1C8A8863ABD9FA8FACB0.e.2034"}]}
RESULT: undefined
COMMAND: POST /session/79d72962d9b70739fc8ce96689df7cf6/element - {"using":"xpath","value":"//*[@id=\"application-managepartners-display-component---masterPtm--smartTable-btnPersonalisation-img\"]"}
COMMAND: GET /session/79d72962d9b70739fc8ce96689df7cf6/screenshot - {}
RESULT: {"using":"xpath","value":"//*[@id=\"application-managepartners-display-component---masterPtm--smartTable-btnPersonalisation-img\"]"}
COMMAND: POST /session/79d72962d9b70739fc8ce96689df7cf6/element/f.1B562DAB7B69DB519EC194079547F9B8.d.42EE144FBD4B1C8A8863ABD9FA8FACB0.e.1767/click - {}
RESULT: {}
RESULT: {}
COMMAND: GET /session/79d72962d9b70739fc8ce96689df7cf6/screenshot - {}
RESULT: {}
COMMAND: POST /session/79d72962d9b70739fc8ce96689df7cf6/element - {"using":"xpath","value":"//bdi[contains(text(), \"Reset\")]"}
RESULT: {"using":"xpath","value":"//bdi[contains(text(), \"Reset\")]"}
COMMAND: POST /session/79d72962d9b70739fc8ce96689df7cf6/element/f.1B562DAB7B69DB519EC194079547F9B8.d.42EE144FBD4B1C8A8863ABD9FA8FACB0.e.2039/click - {}
RESULT: {}
COMMAND: GET /session/79d72962d9b70739fc8ce96689df7cf6/screenshot - {}
RESULT: {}
COMMAND: POST /session/79d72962d9b70739fc8ce96689df7cf6/element - {"using":"xpath","value":"(//bdi[contains(text(), \"OK\")])[2]"}
RESULT: {"using":"xpath","value":"(//bdi[contains(text(), \"OK\")])[2]"}
COMMAND: POST /session/79d72962d9b70739fc8ce96689df7cf6/element/f.1B562DAB7B69DB519EC194079547F9B8.d.42EE144FBD4B1C8A8863ABD9FA8FACB0.e.2041/click - {}
RESULT: {}
COMMAND: GET /session/79d72962d9b70739fc8ce96689df7cf6/screenshot - {}
RESULT: {}
COMMAND: POST /session/79d72962d9b70739fc8ce96689df7cf6/element - {"using":"xpath","value":"//bdi[contains(text(), \"OK\")]"}
RESULT: {"using":"xpath","value":"//bdi[contains(text(), \"OK\")]"}
COMMAND: POST /session/79d72962d9b70739fc8ce96689df7cf6/element/f.1B562DAB7B69DB519EC194079547F9B8.d.42EE144FBD4B1C8A8863ABD9FA8FACB0.e.2090/click - {}
RESULT: {}
COMMAND: GET /session/79d72962d9b70739fc8ce96689df7cf6/screenshot - {}
RESULT: {}
COMMAND: POST /session/79d72962d9b70739fc8ce96689df7cf6/element - {"using":"xpath","value":"//table[contains(@id, \"customPartnersTable\")]//tbody/tr[1]/td[3]/span"}
RESULT: {"using":"xpath","value":"//table[contains(@id, \"customPartnersTable\")]//tbody/tr[1]/td[3]/span"}
COMMAND: POST /session/79d72962d9b70739fc8ce96689df7cf6/execute/sync - {"script":"<script> [56 bytes]","args":[{"element-6066-11e4-a52e-4f735466cecf":"f.1B562DAB7B69DB519EC194079547F9B8.d.42EE144FBD4B1C8A8863ABD9FA8FACB0.e.2092","ELEMENT":"f.1B562DAB7B69DB519EC194079547F9B8.d.42EE144FBD4B1C8A8863ABD9FA8FACB0.e.2092"}]}
RESULT: {"script":"<script> [56 bytes]","args":[{"element-6066-11e4-a52e-4f735466cecf":"f.1B562DAB7B69DB519EC194079547F9B8.d.42EE144FBD4B1C8A8863ABD9FA8FACB0.e.2092","ELEMENT":"f.1B562DAB7B69DB519EC194079547F9B8.d.42EE144FBD4B1C8A8863ABD9FA8FACB0.e.2092"}]}
RESULT: undefined
COMMAND: POST /session/79d72962d9b70739fc8ce96689df7cf6/element - {"using":"xpath","value":"//*[@id=\"application-managepartners-display-component---masterPtm--smartTable-btnPersonalisation-img\"]"}
COMMAND: GET /session/79d72962d9b70739fc8ce96689df7cf6/screenshot - {}
RESULT: {"using":"xpath","value":"//*[@id=\"application-managepartners-display-component---masterPtm--smartTable-btnPersonalisation-img\"]"}
COMMAND: POST /session/79d72962d9b70739fc8ce96689df7cf6/element/f.1B562DAB7B69DB519EC194079547F9B8.d.42EE144FBD4B1C8A8863ABD9FA8FACB0.e.1767/click - {}
RESULT: {}
RESULT: {}
COMMAND: GET /session/79d72962d9b70739fc8ce96689df7cf6/screenshot - {}
RESULT: {}
COMMAND: POST /session/79d72962d9b70739fc8ce96689df7cf6/execute/async - {"script":"<script> [1562 bytes]","args":[{"selector":{"controlType":"sap.m.IconTabFilter","viewName":"etm.portal.ui.managepartners.view.Master","viewId":"application-managepartners-display-component---masterPtm","properties":{"text":"Filter"},"searchOpenDialogs":true,"interaction":{"idSuffix":"text"}},"wdio_ui5_key":"etmportal.ui.managepartners.view.Mastersap.m.IconTabFilter{\"text\":\"Filter\"}"}]}
RESULT: {"script":"<script> [1562 bytes]","args":[{"selector":{"controlType":"sap.m.IconTabFilter","viewName":"etm.portal.ui.managepartners.view.Master","viewId":"application-managepartners-display-component---masterPtm","properties":{"text":"Filter"},"searchOpenDialogs":true,"interaction":{"idSuffix":"text"}},"wdio_ui5_key":"etmportal.ui.managepartners.view.Mastersap.m.IconTabFilter{\"text\":\"Filter\"}"}]}
RESULT: undefined
COMMAND: POST /session/79d72962d9b70739fc8ce96689df7cf6/element - {"using":"xpath","value":"//*[@id=\"__filter10\"]"}
RESULT: {"using":"xpath","value":"//*[@id=\"__filter10\"]"}
COMMAND: POST /session/79d72962d9b70739fc8ce96689df7cf6/element/f.1B562DAB7B69DB519EC194079547F9B8.d.42EE144FBD4B1C8A8863ABD9FA8FACB0.e.2097/click - {}
RESULT: {}
COMMAND: GET /session/79d72962d9b70739fc8ce96689df7cf6/screenshot - {}
RESULT: {}
COMMAND: POST /session/79d72962d9b70739fc8ce96689df7cf6/element - {"using":"xpath","value":"//input[@placeholder=\"Filter by\"]/following-sibling::div//span"}
RESULT: {"using":"xpath","value":"//input[@placeholder=\"Filter by\"]/following-sibling::div//span"}
COMMAND: POST /session/79d72962d9b70739fc8ce96689df7cf6/element/f.1B562DAB7B69DB519EC194079547F9B8.d.42EE144FBD4B1C8A8863ABD9FA8FACB0.e.2099/click - {}
RESULT: {}
COMMAND: GET /session/79d72962d9b70739fc8ce96689df7cf6/screenshot - {}
RESULT: {}
COMMAND: POST /session/79d72962d9b70739fc8ce96689df7cf6/element - {"using":"xpath","value":"//li[.//span[text()=\"Preferred Yard\"]]"}
RESULT: {"using":"xpath","value":"//li[.//span[text()=\"Preferred Yard\"]]"}
COMMAND: POST /session/79d72962d9b70739fc8ce96689df7cf6/element/f.1B562DAB7B69DB519EC194079547F9B8.d.42EE144FBD4B1C8A8863ABD9FA8FACB0.e.2100/click - {}
RESULT: {}
COMMAND: GET /session/79d72962d9b70739fc8ce96689df7cf6/screenshot - {}
RESULT: {}
COMMAND: POST /session/79d72962d9b70739fc8ce96689df7cf6/execute/async - {"script":"<script> [1562 bytes]","args":[{"selector":{"id":"FilterPanel-filterItemControl_BASIC-application-managepartners-display-component---masterPtm--smartTable-YARDYARD-vhi","searchOpenDialogs":true},"wdio_ui5_key":"FilterPanelfilterItemControl_BASIC-application-managepartners-display-component---masterPtm--smartTable-YARDYARD-vhi"}]}
RESULT: {"script":"<script> [1562 bytes]","args":[{"selector":{"id":"FilterPanel-filterItemControl_BASIC-application-managepartners-display-component---masterPtm--smartTable-YARDYARD-vhi","searchOpenDialogs":true},"wdio_ui5_key":"FilterPanelfilterItemControl_BASIC-application-managepartners-display-component---masterPtm--smartTable-YARDYARD-vhi"}]}
RESULT: undefined
COMMAND: POST /session/79d72962d9b70739fc8ce96689df7cf6/element - {"using":"xpath","value":"//*[@id=\"FilterPanel-filterItemControl_BASIC-application-managepartners-display-component---masterPtm--smartTable-YARDYARD-vhi\"]"}
RESULT: {"using":"xpath","value":"//*[@id=\"FilterPanel-filterItemControl_BASIC-application-managepartners-display-component---masterPtm--smartTable-YARDYARD-vhi\"]"}
COMMAND: POST /session/79d72962d9b70739fc8ce96689df7cf6/element/f.1B562DAB7B69DB519EC194079547F9B8.d.42EE144FBD4B1C8A8863ABD9FA8FACB0.e.2103/click - {}
RESULT: {}
COMMAND: GET /session/79d72962d9b70739fc8ce96689df7cf6/screenshot - {}
RESULT: {}
COMMAND: POST /session/79d72962d9b70739fc8ce96689df7cf6/execute/async - {"script":"<script> [1562 bytes]","args":[{"selector":{"id":"FilterPanel-filterItemControl_BASIC-application-managepartners-display-component---masterPtm--smartTable-YARDYARD-valueHelpDialog-smartFilterBar-btnBasicSearch","searchOpenDialogs":true,"interaction":{"idSuffix":"I"}},"wdio_ui5_key":"FilterPanelfilterItemControl_BASIC-application-managepartners-display-component---masterPtm--smartTable-YARDYARD-valueHelpDialog-smartFilterBar-btnBasicSearch"}]}
RESULT: {"script":"<script> [1562 bytes]","args":[{"selector":{"id":"FilterPanel-filterItemControl_BASIC-application-managepartners-display-component---masterPtm--smartTable-YARDYARD-valueHelpDialog-smartFilterBar-btnBasicSearch","searchOpenDialogs":true,"interaction":{"idSuffix":"I"}},"wdio_ui5_key":"FilterPanelfilterItemControl_BASIC-application-managepartners-display-component---masterPtm--smartTable-YARDYARD-valueHelpDialog-smartFilterBar-btnBasicSearch"}]}
RESULT: undefined
COMMAND: POST /session/79d72962d9b70739fc8ce96689df7cf6/execute/async - {"script":"<script> [776 bytes]","args":[{"enterText":"642","selector":{"id":"FilterPanel-filterItemControl_BASIC-application-managepartners-display-component---masterPtm--smartTable-YARDYARD-valueHelpDialog-smartFilterBar-btnBasicSearch","searchOpenDialogs":true,"interaction":{"idSuffix":"I"}},"clearTextFirst":true,"interactionType":"ENTER_TEXT"}]}
RESULT: {"script":"<script> [776 bytes]","args":[{"enterText":"642","selector":{"id":"FilterPanel-filterItemControl_BASIC-application-managepartners-display-component---masterPtm--smartTable-YARDYARD-valueHelpDialog-smartFilterBar-btnBasicSearch","searchOpenDialogs":true,"interaction":{"idSuffix":"I"}},"clearTextFirst":true,"interactionType":"ENTER_TEXT"}]}
COMMAND: POST /session/79d72962d9b70739fc8ce96689df7cf6/actions - {"actions":[{"id":"action3","type":"key","parameters":{},"actions":[{"type":"keyDown","value":""},{"type":"pause","duration":10},{"type":"keyUp","value":""}]}]}
RESULT: {"actions":[{"id":"action3","type":"key","parameters":{},"actions":[{"type":"keyDown","value":""},{"type":"pause","duration":10},{"type":"keyUp","value":""}]}]}
COMMAND: GET /session/79d72962d9b70739fc8ce96689df7cf6/screenshot - {}
RESULT: {}
COMMAND: POST /session/79d72962d9b70739fc8ce96689df7cf6/elements - {"using":"xpath","value":"//table[contains(@id, \"smartTable-YARDYARD-valueHelpDialog-table-table\")]/tbody/tr"}
RESULT: {"using":"xpath","value":"//table[contains(@id, \"smartTable-YARDYARD-valueHelpDialog-table-table\")]/tbody/tr"}
COMMAND: POST /session/79d72962d9b70739fc8ce96689df7cf6/element - {"using":"xpath","value":"//table[contains(@id, \"smartTable-YARDYARD-valueHelpDialog-table-table\")]/tbody/tr[1]/td[1]/div/span"}
RESULT: {"using":"xpath","value":"//table[contains(@id, \"smartTable-YARDYARD-valueHelpDialog-table-table\")]/tbody/tr[1]/td[1]/div/span"}
COMMAND: POST /session/79d72962d9b70739fc8ce96689df7cf6/elements - {"using":"xpath","value":"//table[contains(@id, \"smartTable-YARDYARD-valueHelpDialog-table-table\")]/tbody/tr[1]/td[1]/div/span"}
RESULT: {"using":"xpath","value":"//table[contains(@id, \"smartTable-YARDYARD-valueHelpDialog-table-table\")]/tbody/tr[1]/td[1]/div/span"}
COMMAND: POST /session/79d72962d9b70739fc8ce96689df7cf6/execute/sync - {"script":"<script> [56 bytes]","args":[{"element-6066-11e4-a52e-4f735466cecf":"f.1B562DAB7B69DB519EC194079547F9B8.d.42EE144FBD4B1C8A8863ABD9FA8FACB0.e.2122","ELEMENT":"f.1B562DAB7B69DB519EC194079547F9B8.d.42EE144FBD4B1C8A8863ABD9FA8FACB0.e.2122"}]}
RESULT: {"script":"<script> [56 bytes]","args":[{"element-6066-11e4-a52e-4f735466cecf":"f.1B562DAB7B69DB519EC194079547F9B8.d.42EE144FBD4B1C8A8863ABD9FA8FACB0.e.2122","ELEMENT":"f.1B562DAB7B69DB519EC194079547F9B8.d.42EE144FBD4B1C8A8863ABD9FA8FACB0.e.2122"}]}
COMMAND: POST /session/79d72962d9b70739fc8ce96689df7cf6/element - {"using":"xpath","value":"//div[contains(@id, \"YARDYARD-valueHelpDialog-table-rowsel0\")]"}
COMMAND: GET /session/79d72962d9b70739fc8ce96689df7cf6/screenshot - {}
RESULT: {"using":"xpath","value":"//div[contains(@id, \"YARDYARD-valueHelpDialog-table-rowsel0\")]"}
COMMAND: POST /session/79d72962d9b70739fc8ce96689df7cf6/element/f.1B562DAB7B69DB519EC194079547F9B8.d.42EE144FBD4B1C8A8863ABD9FA8FACB0.e.2123/click - {}
RESULT: {}
RESULT: {}
COMMAND: GET /session/79d72962d9b70739fc8ce96689df7cf6/screenshot - {}
RESULT: {}
COMMAND: POST /session/79d72962d9b70739fc8ce96689df7cf6/element - {"using":"xpath","value":"(//bdi[contains(text(), \"OK\")])[2]"}
RESULT: {"using":"xpath","value":"(//bdi[contains(text(), \"OK\")])[2]"}
COMMAND: POST /session/79d72962d9b70739fc8ce96689df7cf6/element/f.1B562DAB7B69DB519EC194079547F9B8.d.42EE144FBD4B1C8A8863ABD9FA8FACB0.e.2125/click - {}
RESULT: {}
COMMAND: GET /session/79d72962d9b70739fc8ce96689df7cf6/screenshot - {}
RESULT: {}
COMMAND: POST /session/79d72962d9b70739fc8ce96689df7cf6/element - {"using":"xpath","value":"//bdi[contains(text(), \"OK\")]"}
RESULT: {"using":"xpath","value":"//bdi[contains(text(), \"OK\")]"}
COMMAND: POST /session/79d72962d9b70739fc8ce96689df7cf6/element/f.1B562DAB7B69DB519EC194079547F9B8.d.42EE144FBD4B1C8A8863ABD9FA8FACB0.e.2128/click - {}
RESULT: {}
COMMAND: GET /session/79d72962d9b70739fc8ce96689df7cf6/screenshot - {}
RESULT: {}
COMMAND: POST /session/79d72962d9b70739fc8ce96689df7cf6/element - {"using":"xpath","value":"//table[contains(@id, \"customPartnersTable\")]//tbody/tr[1]/td[3]/span"}
RESULT: {"using":"xpath","value":"//table[contains(@id, \"customPartnersTable\")]//tbody/tr[1]/td[3]/span"}
COMMAND: POST /session/79d72962d9b70739fc8ce96689df7cf6/execute/sync - {"script":"<script> [56 bytes]","args":[{"element-6066-11e4-a52e-4f735466cecf":"f.1B562DAB7B69DB519EC194079547F9B8.d.42EE144FBD4B1C8A8863ABD9FA8FACB0.e.2092","ELEMENT":"f.1B562DAB7B69DB519EC194079547F9B8.d.42EE144FBD4B1C8A8863ABD9FA8FACB0.e.2092"}]}
RESULT: {"script":"<script> [56 bytes]","args":[{"element-6066-11e4-a52e-4f735466cecf":"f.1B562DAB7B69DB519EC194079547F9B8.d.42EE144FBD4B1C8A8863ABD9FA8FACB0.e.2092","ELEMENT":"f.1B562DAB7B69DB519EC194079547F9B8.d.42EE144FBD4B1C8A8863ABD9FA8FACB0.e.2092"}]}
COMMAND: POST /session/79d72962d9b70739fc8ce96689df7cf6/element - {"using":"css selector","value":"#shell-header-logo"}
COMMAND: GET /session/79d72962d9b70739fc8ce96689df7cf6/screenshot - {}
RESULT: {"using":"css selector","value":"#shell-header-logo"}
COMMAND: POST /session/79d72962d9b70739fc8ce96689df7cf6/element/f.1B562DAB7B69DB519EC194079547F9B8.d.42EE144FBD4B1C8A8863ABD9FA8FACB0.e.1717/click - {}
RESULT: {}
RESULT: {}
COMMAND: GET /session/79d72962d9b70739fc8ce96689df7cf6/screenshot - {}
RESULT: {}
]]></system-out>
    </testcase>
    <testcase classname="chrome.136_0_7103_93.windows.Partner_specific_tests_US150819_US151080_US151654_US151176_US103444_US151078_US151079_US151109_US151174_US151175_US151189" name="Should deactivate the created partner in earlier step US151654" time="55.812">
      <system-out><![CDATA[
COMMAND: POST /session/79d72962d9b70739fc8ce96689df7cf6/element - {"using":"xpath","value":"//li[.//span[text()=\"Manage Partners\"]]"}
RESULT: {"using":"xpath","value":"//li[.//span[text()=\"Manage Partners\"]]"}
COMMAND: POST /session/79d72962d9b70739fc8ce96689df7cf6/element - {"using":"xpath","value":"//li[.//span[text()=\"Manage Partners\"]]"}
RESULT: {"using":"xpath","value":"//li[.//span[text()=\"Manage Partners\"]]"}
COMMAND: POST /session/79d72962d9b70739fc8ce96689df7cf6/element - {"using":"css selector","value":"#shell-header-logo"}
RESULT: {"using":"css selector","value":"#shell-header-logo"}
COMMAND: POST /session/79d72962d9b70739fc8ce96689df7cf6/element/f.1B562DAB7B69DB519EC194079547F9B8.d.42EE144FBD4B1C8A8863ABD9FA8FACB0.e.2177/click - {}
COMMAND: POST /session/79d72962d9b70739fc8ce96689df7cf6/execute/sync - {"script":"<script> [8489 bytes]","args":[{"element-6066-11e4-a52e-4f735466cecf":"f.1B562DAB7B69DB519EC194079547F9B8.d.42EE144FBD4B1C8A8863ABD9FA8FACB0.e.2177","ELEMENT":"f.1B562DAB7B69DB519EC194079547F9B8.d.42EE144FBD4B1C8A8863ABD9FA8FACB0.e.2177"}]}
RESULT: {"script":"<script> [8489 bytes]","args":[{"element-6066-11e4-a52e-4f735466cecf":"f.1B562DAB7B69DB519EC194079547F9B8.d.42EE144FBD4B1C8A8863ABD9FA8FACB0.e.2177","ELEMENT":"f.1B562DAB7B69DB519EC194079547F9B8.d.42EE144FBD4B1C8A8863ABD9FA8FACB0.e.2177"}]}
COMMAND: POST /session/79d72962d9b70739fc8ce96689df7cf6/execute/sync - {"script":"<script> [5351 bytes]","args":[{"element-6066-11e4-a52e-4f735466cecf":"f.1B562DAB7B69DB519EC194079547F9B8.d.42EE144FBD4B1C8A8863ABD9FA8FACB0.e.2177","ELEMENT":"f.1B562DAB7B69DB519EC194079547F9B8.d.42EE144FBD4B1C8A8863ABD9FA8FACB0.e.2177"}]}
COMMAND: GET /session/79d72962d9b70739fc8ce96689df7cf6/screenshot - {}
RESULT: {}
COMMAND: GET /session/79d72962d9b70739fc8ce96689df7cf6/screenshot - {}
RESULT: {"script":"<script> [5351 bytes]","args":[{"element-6066-11e4-a52e-4f735466cecf":"f.1B562DAB7B69DB519EC194079547F9B8.d.42EE144FBD4B1C8A8863ABD9FA8FACB0.e.2177","ELEMENT":"f.1B562DAB7B69DB519EC194079547F9B8.d.42EE144FBD4B1C8A8863ABD9FA8FACB0.e.2177"}]}
COMMAND: GET /session/79d72962d9b70739fc8ce96689df7cf6/screenshot - {}
RESULT: {}
RESULT: {}
RESULT: {}
RESULT: undefined
COMMAND: POST /session/79d72962d9b70739fc8ce96689df7cf6/element - {"using":"xpath","value":"//*[@id=\"__tile38\"]"}
RESULT: {"using":"xpath","value":"//*[@id=\"__tile38\"]"}
COMMAND: POST /session/79d72962d9b70739fc8ce96689df7cf6/element/f.1B562DAB7B69DB519EC194079547F9B8.d.42EE144FBD4B1C8A8863ABD9FA8FACB0.e.151/click - {}
RESULT: {}
COMMAND: GET /session/79d72962d9b70739fc8ce96689df7cf6/screenshot - {}
RESULT: {}
COMMAND: POST /session/79d72962d9b70739fc8ce96689df7cf6/elements - {"using":"xpath","value":"//span[text()='Error']"}
RESULT: {"using":"xpath","value":"//span[text()='Error']"}
COMMAND: POST /session/79d72962d9b70739fc8ce96689df7cf6/element - {"using":"xpath","value":"//button[@data-kt=\"addButton\"]"}
RESULT: {"using":"xpath","value":"//button[@data-kt=\"addButton\"]"}
COMMAND: POST /session/79d72962d9b70739fc8ce96689df7cf6/elements - {"using":"xpath","value":"//button[@data-kt=\"addButton\"]"}
RESULT: {"using":"xpath","value":"//button[@data-kt=\"addButton\"]"}
COMMAND: POST /session/79d72962d9b70739fc8ce96689df7cf6/execute/sync - {"script":"<script> [8489 bytes]","args":[{"element-6066-11e4-a52e-4f735466cecf":"f.1B562DAB7B69DB519EC194079547F9B8.d.42EE144FBD4B1C8A8863ABD9FA8FACB0.e.2211","ELEMENT":"f.1B562DAB7B69DB519EC194079547F9B8.d.42EE144FBD4B1C8A8863ABD9FA8FACB0.e.2211"}]}
RESULT: {"script":"<script> [8489 bytes]","args":[{"element-6066-11e4-a52e-4f735466cecf":"f.1B562DAB7B69DB519EC194079547F9B8.d.42EE144FBD4B1C8A8863ABD9FA8FACB0.e.2211","ELEMENT":"f.1B562DAB7B69DB519EC194079547F9B8.d.42EE144FBD4B1C8A8863ABD9FA8FACB0.e.2211"}]}
COMMAND: GET /session/79d72962d9b70739fc8ce96689df7cf6/element/f.1B562DAB7B69DB519EC194079547F9B8.d.42EE144FBD4B1C8A8863ABD9FA8FACB0.e.2211/enabled - {}
COMMAND: GET /session/79d72962d9b70739fc8ce96689df7cf6/screenshot - {}
RESULT: {}
COMMAND: POST /session/79d72962d9b70739fc8ce96689df7cf6/execute/sync - {"script":"<script> [8489 bytes]","args":[{"element-6066-11e4-a52e-4f735466cecf":"f.1B562DAB7B69DB519EC194079547F9B8.d.42EE144FBD4B1C8A8863ABD9FA8FACB0.e.2211","ELEMENT":"f.1B562DAB7B69DB519EC194079547F9B8.d.42EE144FBD4B1C8A8863ABD9FA8FACB0.e.2211"}]}
COMMAND: GET /session/79d72962d9b70739fc8ce96689df7cf6/screenshot - {}
RESULT: {}
RESULT: {"script":"<script> [8489 bytes]","args":[{"element-6066-11e4-a52e-4f735466cecf":"f.1B562DAB7B69DB519EC194079547F9B8.d.42EE144FBD4B1C8A8863ABD9FA8FACB0.e.2211","ELEMENT":"f.1B562DAB7B69DB519EC194079547F9B8.d.42EE144FBD4B1C8A8863ABD9FA8FACB0.e.2211"}]}
COMMAND: POST /session/79d72962d9b70739fc8ce96689df7cf6/execute/sync - {"script":"<script> [5351 bytes]","args":[{"element-6066-11e4-a52e-4f735466cecf":"f.1B562DAB7B69DB519EC194079547F9B8.d.42EE144FBD4B1C8A8863ABD9FA8FACB0.e.2211","ELEMENT":"f.1B562DAB7B69DB519EC194079547F9B8.d.42EE144FBD4B1C8A8863ABD9FA8FACB0.e.2211"}]}
COMMAND: GET /session/79d72962d9b70739fc8ce96689df7cf6/screenshot - {}
RESULT: {}
RESULT: {"script":"<script> [5351 bytes]","args":[{"element-6066-11e4-a52e-4f735466cecf":"f.1B562DAB7B69DB519EC194079547F9B8.d.42EE144FBD4B1C8A8863ABD9FA8FACB0.e.2211","ELEMENT":"f.1B562DAB7B69DB519EC194079547F9B8.d.42EE144FBD4B1C8A8863ABD9FA8FACB0.e.2211"}]}
COMMAND: GET /session/79d72962d9b70739fc8ce96689df7cf6/screenshot - {}
RESULT: {}
RESULT: {}
COMMAND: POST /session/79d72962d9b70739fc8ce96689df7cf6/execute/async - {"script":"<script> [1562 bytes]","args":[{"selector":{"id":"application-managepartners-display-component---masterPtm--smartFilterBar-btnBasicSearch","interaction":{"idSuffix":"I"}},"wdio_ui5_key":"applicationmanagepartners-display-component---masterPtm--smartFilterBar-btnBasicSearch"}]}
RESULT: {"script":"<script> [1562 bytes]","args":[{"selector":{"id":"application-managepartners-display-component---masterPtm--smartFilterBar-btnBasicSearch","interaction":{"idSuffix":"I"}},"wdio_ui5_key":"applicationmanagepartners-display-component---masterPtm--smartFilterBar-btnBasicSearch"}]}
RESULT: undefined
COMMAND: POST /session/79d72962d9b70739fc8ce96689df7cf6/execute/async - {"script":"<script> [776 bytes]","args":[{"enterText":"1408","selector":{"id":"application-managepartners-display-component---masterPtm--smartFilterBar-btnBasicSearch","interaction":{"idSuffix":"I"}},"clearTextFirst":true,"interactionType":"ENTER_TEXT"}]}
RESULT: {"script":"<script> [776 bytes]","args":[{"enterText":"1408","selector":{"id":"application-managepartners-display-component---masterPtm--smartFilterBar-btnBasicSearch","interaction":{"idSuffix":"I"}},"clearTextFirst":true,"interactionType":"ENTER_TEXT"}]}
COMMAND: POST /session/79d72962d9b70739fc8ce96689df7cf6/actions - {"actions":[{"id":"action4","type":"key","parameters":{},"actions":[{"type":"keyDown","value":""},{"type":"pause","duration":10},{"type":"keyUp","value":""}]}]}
RESULT: {"actions":[{"id":"action4","type":"key","parameters":{},"actions":[{"type":"keyDown","value":""},{"type":"pause","duration":10},{"type":"keyUp","value":""}]}]}
COMMAND: GET /session/79d72962d9b70739fc8ce96689df7cf6/screenshot - {}
RESULT: {}
COMMAND: POST /session/79d72962d9b70739fc8ce96689df7cf6/elements - {"using":"xpath","value":"//table[contains(@id, \"customPartnersTable-listUl\")]/tbody/tr"}
RESULT: {"using":"xpath","value":"//table[contains(@id, \"customPartnersTable-listUl\")]/tbody/tr"}
COMMAND: POST /session/79d72962d9b70739fc8ce96689df7cf6/element - {"using":"xpath","value":"//table[contains(@id, \"customPartnersTable-listUl\")]/tbody/tr[1]/td[3]/span"}
RESULT: {"using":"xpath","value":"//table[contains(@id, \"customPartnersTable-listUl\")]/tbody/tr[1]/td[3]/span"}
COMMAND: POST /session/79d72962d9b70739fc8ce96689df7cf6/elements - {"using":"xpath","value":"//table[contains(@id, \"customPartnersTable-listUl\")]/tbody/tr[1]/td[3]/span"}
RESULT: {"using":"xpath","value":"//table[contains(@id, \"customPartnersTable-listUl\")]/tbody/tr[1]/td[3]/span"}
COMMAND: POST /session/79d72962d9b70739fc8ce96689df7cf6/execute/sync - {"script":"<script> [56 bytes]","args":[{"element-6066-11e4-a52e-4f735466cecf":"f.1B562DAB7B69DB519EC194079547F9B8.d.42EE144FBD4B1C8A8863ABD9FA8FACB0.e.2357","ELEMENT":"f.1B562DAB7B69DB519EC194079547F9B8.d.42EE144FBD4B1C8A8863ABD9FA8FACB0.e.2357"}]}
RESULT: {"script":"<script> [56 bytes]","args":[{"element-6066-11e4-a52e-4f735466cecf":"f.1B562DAB7B69DB519EC194079547F9B8.d.42EE144FBD4B1C8A8863ABD9FA8FACB0.e.2357","ELEMENT":"f.1B562DAB7B69DB519EC194079547F9B8.d.42EE144FBD4B1C8A8863ABD9FA8FACB0.e.2357"}]}
COMMAND: POST /session/79d72962d9b70739fc8ce96689df7cf6/element - {"using":"xpath","value":"//table[contains(@id, \"customPartnersTable-listUl\")]/tbody/tr[1]/td[7]/div/span"}
COMMAND: GET /session/79d72962d9b70739fc8ce96689df7cf6/screenshot - {}
RESULT: {"using":"xpath","value":"//table[contains(@id, \"customPartnersTable-listUl\")]/tbody/tr[1]/td[7]/div/span"}
COMMAND: POST /session/79d72962d9b70739fc8ce96689df7cf6/execute/sync - {"script":"<script> [56 bytes]","args":[{"element-6066-11e4-a52e-4f735466cecf":"f.1B562DAB7B69DB519EC194079547F9B8.d.42EE144FBD4B1C8A8863ABD9FA8FACB0.e.2358","ELEMENT":"f.1B562DAB7B69DB519EC194079547F9B8.d.42EE144FBD4B1C8A8863ABD9FA8FACB0.e.2358"}]}
RESULT: {}
RESULT: {"script":"<script> [56 bytes]","args":[{"element-6066-11e4-a52e-4f735466cecf":"f.1B562DAB7B69DB519EC194079547F9B8.d.42EE144FBD4B1C8A8863ABD9FA8FACB0.e.2358","ELEMENT":"f.1B562DAB7B69DB519EC194079547F9B8.d.42EE144FBD4B1C8A8863ABD9FA8FACB0.e.2358"}]}
COMMAND: POST /session/79d72962d9b70739fc8ce96689df7cf6/element - {"using":"xpath","value":"//table[contains(@id, \"customPartnersTable-listUl\")]/tbody/tr[1]/td[2]/div/div"}
COMMAND: GET /session/79d72962d9b70739fc8ce96689df7cf6/screenshot - {}
RESULT: {"using":"xpath","value":"//table[contains(@id, \"customPartnersTable-listUl\")]/tbody/tr[1]/td[2]/div/div"}
COMMAND: POST /session/79d72962d9b70739fc8ce96689df7cf6/element/f.1B562DAB7B69DB519EC194079547F9B8.d.42EE144FBD4B1C8A8863ABD9FA8FACB0.e.2359/click - {}
RESULT: {}
RESULT: {}
COMMAND: GET /session/79d72962d9b70739fc8ce96689df7cf6/screenshot - {}
RESULT: {}
COMMAND: POST /session/79d72962d9b70739fc8ce96689df7cf6/element - {"using":"xpath","value":"//bdi[contains(text(), \"Deactivate\")]"}
RESULT: {"using":"xpath","value":"//bdi[contains(text(), \"Deactivate\")]"}
COMMAND: POST /session/79d72962d9b70739fc8ce96689df7cf6/element/f.1B562DAB7B69DB519EC194079547F9B8.d.42EE144FBD4B1C8A8863ABD9FA8FACB0.e.2360/click - {}
RESULT: {}
COMMAND: GET /session/79d72962d9b70739fc8ce96689df7cf6/screenshot - {}
RESULT: {}
COMMAND: POST /session/79d72962d9b70739fc8ce96689df7cf6/element - {"using":"xpath","value":"//bdi[contains(text(), \"Yes\")]"}
RESULT: {"using":"xpath","value":"//bdi[contains(text(), \"Yes\")]"}
COMMAND: POST /session/79d72962d9b70739fc8ce96689df7cf6/element/f.1B562DAB7B69DB519EC194079547F9B8.d.42EE144FBD4B1C8A8863ABD9FA8FACB0.e.2362/click - {}
RESULT: {}
COMMAND: GET /session/79d72962d9b70739fc8ce96689df7cf6/screenshot - {}
RESULT: {}
COMMAND: POST /session/79d72962d9b70739fc8ce96689df7cf6/element - {"using":"xpath","value":"//table[contains(@id, \"customPartnersTable-listUl\")]/tbody/tr[1]/td[7]/div/span"}
RESULT: {"using":"xpath","value":"//table[contains(@id, \"customPartnersTable-listUl\")]/tbody/tr[1]/td[7]/div/span"}
COMMAND: POST /session/79d72962d9b70739fc8ce96689df7cf6/execute/sync - {"script":"<script> [56 bytes]","args":[{"element-6066-11e4-a52e-4f735466cecf":"f.1B562DAB7B69DB519EC194079547F9B8.d.42EE144FBD4B1C8A8863ABD9FA8FACB0.e.2358","ELEMENT":"f.1B562DAB7B69DB519EC194079547F9B8.d.42EE144FBD4B1C8A8863ABD9FA8FACB0.e.2358"}]}
RESULT: {"script":"<script> [56 bytes]","args":[{"element-6066-11e4-a52e-4f735466cecf":"f.1B562DAB7B69DB519EC194079547F9B8.d.42EE144FBD4B1C8A8863ABD9FA8FACB0.e.2358","ELEMENT":"f.1B562DAB7B69DB519EC194079547F9B8.d.42EE144FBD4B1C8A8863ABD9FA8FACB0.e.2358"}]}
COMMAND: GET /session/79d72962d9b70739fc8ce96689df7cf6/screenshot - {}
RESULT: {}
COMMAND: POST /session/79d72962d9b70739fc8ce96689df7cf6/element - {"using":"css selector","value":"#shell-header-logo"}
RESULT: {"using":"css selector","value":"#shell-header-logo"}
COMMAND: POST /session/79d72962d9b70739fc8ce96689df7cf6/element/f.1B562DAB7B69DB519EC194079547F9B8.d.42EE144FBD4B1C8A8863ABD9FA8FACB0.e.2177/click - {}
RESULT: {}
COMMAND: GET /session/79d72962d9b70739fc8ce96689df7cf6/screenshot - {}
RESULT: {}
]]></system-out>
    </testcase>
    <testcase classname="chrome.136_0_7103_93.windows.Partner_specific_tests_US150819_US151080_US151654_US151176_US103444_US151078_US151079_US151109_US151174_US151175_US151189" name="Should activate the created partner again US151176" time="56.505">
      <system-out><![CDATA[
COMMAND: POST /session/79d72962d9b70739fc8ce96689df7cf6/element - {"using":"xpath","value":"//li[.//span[text()=\"Manage Partners\"]]"}
RESULT: {"using":"xpath","value":"//li[.//span[text()=\"Manage Partners\"]]"}
COMMAND: POST /session/79d72962d9b70739fc8ce96689df7cf6/element - {"using":"xpath","value":"//li[.//span[text()=\"Manage Partners\"]]"}
RESULT: {"using":"xpath","value":"//li[.//span[text()=\"Manage Partners\"]]"}
COMMAND: POST /session/79d72962d9b70739fc8ce96689df7cf6/element - {"using":"css selector","value":"#shell-header-logo"}
RESULT: {"using":"css selector","value":"#shell-header-logo"}
COMMAND: POST /session/79d72962d9b70739fc8ce96689df7cf6/element/f.1B562DAB7B69DB519EC194079547F9B8.d.42EE144FBD4B1C8A8863ABD9FA8FACB0.e.2366/click - {}
COMMAND: POST /session/79d72962d9b70739fc8ce96689df7cf6/execute/sync - {"script":"<script> [8489 bytes]","args":[{"element-6066-11e4-a52e-4f735466cecf":"f.1B562DAB7B69DB519EC194079547F9B8.d.42EE144FBD4B1C8A8863ABD9FA8FACB0.e.2366","ELEMENT":"f.1B562DAB7B69DB519EC194079547F9B8.d.42EE144FBD4B1C8A8863ABD9FA8FACB0.e.2366"}]}
RESULT: {}
COMMAND: GET /session/79d72962d9b70739fc8ce96689df7cf6/screenshot - {}
RESULT: {"script":"<script> [8489 bytes]","args":[{"element-6066-11e4-a52e-4f735466cecf":"f.1B562DAB7B69DB519EC194079547F9B8.d.42EE144FBD4B1C8A8863ABD9FA8FACB0.e.2366","ELEMENT":"f.1B562DAB7B69DB519EC194079547F9B8.d.42EE144FBD4B1C8A8863ABD9FA8FACB0.e.2366"}]}
COMMAND: POST /session/79d72962d9b70739fc8ce96689df7cf6/execute/sync - {"script":"<script> [5351 bytes]","args":[{"element-6066-11e4-a52e-4f735466cecf":"f.1B562DAB7B69DB519EC194079547F9B8.d.42EE144FBD4B1C8A8863ABD9FA8FACB0.e.2366","ELEMENT":"f.1B562DAB7B69DB519EC194079547F9B8.d.42EE144FBD4B1C8A8863ABD9FA8FACB0.e.2366"}]}
COMMAND: GET /session/79d72962d9b70739fc8ce96689df7cf6/screenshot - {}
RESULT: {}
RESULT: {"script":"<script> [5351 bytes]","args":[{"element-6066-11e4-a52e-4f735466cecf":"f.1B562DAB7B69DB519EC194079547F9B8.d.42EE144FBD4B1C8A8863ABD9FA8FACB0.e.2366","ELEMENT":"f.1B562DAB7B69DB519EC194079547F9B8.d.42EE144FBD4B1C8A8863ABD9FA8FACB0.e.2366"}]}
COMMAND: GET /session/79d72962d9b70739fc8ce96689df7cf6/screenshot - {}
RESULT: {}
RESULT: {}
RESULT: undefined
COMMAND: POST /session/79d72962d9b70739fc8ce96689df7cf6/element - {"using":"xpath","value":"//*[@id=\"__tile38\"]"}
RESULT: {"using":"xpath","value":"//*[@id=\"__tile38\"]"}
COMMAND: POST /session/79d72962d9b70739fc8ce96689df7cf6/element/f.1B562DAB7B69DB519EC194079547F9B8.d.42EE144FBD4B1C8A8863ABD9FA8FACB0.e.151/click - {}
RESULT: {}
COMMAND: GET /session/79d72962d9b70739fc8ce96689df7cf6/screenshot - {}
RESULT: {}
COMMAND: POST /session/79d72962d9b70739fc8ce96689df7cf6/elements - {"using":"xpath","value":"//span[text()='Error']"}
RESULT: {"using":"xpath","value":"//span[text()='Error']"}
COMMAND: POST /session/79d72962d9b70739fc8ce96689df7cf6/element - {"using":"xpath","value":"//button[@data-kt=\"addButton\"]"}
RESULT: {"using":"xpath","value":"//button[@data-kt=\"addButton\"]"}
COMMAND: POST /session/79d72962d9b70739fc8ce96689df7cf6/elements - {"using":"xpath","value":"//button[@data-kt=\"addButton\"]"}
RESULT: {"using":"xpath","value":"//button[@data-kt=\"addButton\"]"}
COMMAND: POST /session/79d72962d9b70739fc8ce96689df7cf6/execute/sync - {"script":"<script> [8489 bytes]","args":[{"element-6066-11e4-a52e-4f735466cecf":"f.1B562DAB7B69DB519EC194079547F9B8.d.42EE144FBD4B1C8A8863ABD9FA8FACB0.e.2401","ELEMENT":"f.1B562DAB7B69DB519EC194079547F9B8.d.42EE144FBD4B1C8A8863ABD9FA8FACB0.e.2401"}]}
RESULT: {"script":"<script> [8489 bytes]","args":[{"element-6066-11e4-a52e-4f735466cecf":"f.1B562DAB7B69DB519EC194079547F9B8.d.42EE144FBD4B1C8A8863ABD9FA8FACB0.e.2401","ELEMENT":"f.1B562DAB7B69DB519EC194079547F9B8.d.42EE144FBD4B1C8A8863ABD9FA8FACB0.e.2401"}]}
COMMAND: GET /session/79d72962d9b70739fc8ce96689df7cf6/element/f.1B562DAB7B69DB519EC194079547F9B8.d.42EE144FBD4B1C8A8863ABD9FA8FACB0.e.2401/enabled - {}
COMMAND: GET /session/79d72962d9b70739fc8ce96689df7cf6/screenshot - {}
RESULT: {}
COMMAND: POST /session/79d72962d9b70739fc8ce96689df7cf6/execute/sync - {"script":"<script> [8489 bytes]","args":[{"element-6066-11e4-a52e-4f735466cecf":"f.1B562DAB7B69DB519EC194079547F9B8.d.42EE144FBD4B1C8A8863ABD9FA8FACB0.e.2401","ELEMENT":"f.1B562DAB7B69DB519EC194079547F9B8.d.42EE144FBD4B1C8A8863ABD9FA8FACB0.e.2401"}]}
COMMAND: GET /session/79d72962d9b70739fc8ce96689df7cf6/screenshot - {}
RESULT: {}
RESULT: {"script":"<script> [8489 bytes]","args":[{"element-6066-11e4-a52e-4f735466cecf":"f.1B562DAB7B69DB519EC194079547F9B8.d.42EE144FBD4B1C8A8863ABD9FA8FACB0.e.2401","ELEMENT":"f.1B562DAB7B69DB519EC194079547F9B8.d.42EE144FBD4B1C8A8863ABD9FA8FACB0.e.2401"}]}
COMMAND: POST /session/79d72962d9b70739fc8ce96689df7cf6/execute/sync - {"script":"<script> [5351 bytes]","args":[{"element-6066-11e4-a52e-4f735466cecf":"f.1B562DAB7B69DB519EC194079547F9B8.d.42EE144FBD4B1C8A8863ABD9FA8FACB0.e.2401","ELEMENT":"f.1B562DAB7B69DB519EC194079547F9B8.d.42EE144FBD4B1C8A8863ABD9FA8FACB0.e.2401"}]}
COMMAND: GET /session/79d72962d9b70739fc8ce96689df7cf6/screenshot - {}
RESULT: {}
RESULT: {"script":"<script> [5351 bytes]","args":[{"element-6066-11e4-a52e-4f735466cecf":"f.1B562DAB7B69DB519EC194079547F9B8.d.42EE144FBD4B1C8A8863ABD9FA8FACB0.e.2401","ELEMENT":"f.1B562DAB7B69DB519EC194079547F9B8.d.42EE144FBD4B1C8A8863ABD9FA8FACB0.e.2401"}]}
COMMAND: GET /session/79d72962d9b70739fc8ce96689df7cf6/screenshot - {}
RESULT: {}
RESULT: {}
RESULT: undefined
COMMAND: POST /session/79d72962d9b70739fc8ce96689df7cf6/execute/async - {"script":"<script> [776 bytes]","args":[{"enterText":"1408","selector":{"id":"application-managepartners-display-component---masterPtm--smartFilterBar-btnBasicSearch","interaction":{"idSuffix":"I"}},"clearTextFirst":true,"interactionType":"ENTER_TEXT"}]}
RESULT: {"script":"<script> [776 bytes]","args":[{"enterText":"1408","selector":{"id":"application-managepartners-display-component---masterPtm--smartFilterBar-btnBasicSearch","interaction":{"idSuffix":"I"}},"clearTextFirst":true,"interactionType":"ENTER_TEXT"}]}
COMMAND: POST /session/79d72962d9b70739fc8ce96689df7cf6/actions - {"actions":[{"id":"action5","type":"key","parameters":{},"actions":[{"type":"keyDown","value":""},{"type":"pause","duration":10},{"type":"keyUp","value":""}]}]}
RESULT: {"actions":[{"id":"action5","type":"key","parameters":{},"actions":[{"type":"keyDown","value":""},{"type":"pause","duration":10},{"type":"keyUp","value":""}]}]}
COMMAND: GET /session/79d72962d9b70739fc8ce96689df7cf6/screenshot - {}
RESULT: {}
COMMAND: POST /session/79d72962d9b70739fc8ce96689df7cf6/elements - {"using":"xpath","value":"//table[contains(@id, \"customPartnersTable-listUl\")]/tbody/tr"}
RESULT: {"using":"xpath","value":"//table[contains(@id, \"customPartnersTable-listUl\")]/tbody/tr"}
COMMAND: POST /session/79d72962d9b70739fc8ce96689df7cf6/element - {"using":"xpath","value":"//table[contains(@id, \"customPartnersTable-listUl\")]/tbody/tr[1]/td[3]/span"}
RESULT: {"using":"xpath","value":"//table[contains(@id, \"customPartnersTable-listUl\")]/tbody/tr[1]/td[3]/span"}
COMMAND: POST /session/79d72962d9b70739fc8ce96689df7cf6/elements - {"using":"xpath","value":"//table[contains(@id, \"customPartnersTable-listUl\")]/tbody/tr[1]/td[3]/span"}
RESULT: {"using":"xpath","value":"//table[contains(@id, \"customPartnersTable-listUl\")]/tbody/tr[1]/td[3]/span"}
COMMAND: POST /session/79d72962d9b70739fc8ce96689df7cf6/execute/sync - {"script":"<script> [56 bytes]","args":[{"element-6066-11e4-a52e-4f735466cecf":"f.1B562DAB7B69DB519EC194079547F9B8.d.42EE144FBD4B1C8A8863ABD9FA8FACB0.e.2547","ELEMENT":"f.1B562DAB7B69DB519EC194079547F9B8.d.42EE144FBD4B1C8A8863ABD9FA8FACB0.e.2547"}]}
RESULT: {"script":"<script> [56 bytes]","args":[{"element-6066-11e4-a52e-4f735466cecf":"f.1B562DAB7B69DB519EC194079547F9B8.d.42EE144FBD4B1C8A8863ABD9FA8FACB0.e.2547","ELEMENT":"f.1B562DAB7B69DB519EC194079547F9B8.d.42EE144FBD4B1C8A8863ABD9FA8FACB0.e.2547"}]}
COMMAND: POST /session/79d72962d9b70739fc8ce96689df7cf6/element - {"using":"xpath","value":"//table[contains(@id, \"customPartnersTable-listUl\")]/tbody/tr[1]/td[7]/div/span"}
COMMAND: GET /session/79d72962d9b70739fc8ce96689df7cf6/screenshot - {}
RESULT: {"using":"xpath","value":"//table[contains(@id, \"customPartnersTable-listUl\")]/tbody/tr[1]/td[7]/div/span"}
COMMAND: POST /session/79d72962d9b70739fc8ce96689df7cf6/execute/sync - {"script":"<script> [56 bytes]","args":[{"element-6066-11e4-a52e-4f735466cecf":"f.1B562DAB7B69DB519EC194079547F9B8.d.42EE144FBD4B1C8A8863ABD9FA8FACB0.e.2548","ELEMENT":"f.1B562DAB7B69DB519EC194079547F9B8.d.42EE144FBD4B1C8A8863ABD9FA8FACB0.e.2548"}]}
RESULT: {}
RESULT: {"script":"<script> [56 bytes]","args":[{"element-6066-11e4-a52e-4f735466cecf":"f.1B562DAB7B69DB519EC194079547F9B8.d.42EE144FBD4B1C8A8863ABD9FA8FACB0.e.2548","ELEMENT":"f.1B562DAB7B69DB519EC194079547F9B8.d.42EE144FBD4B1C8A8863ABD9FA8FACB0.e.2548"}]}
COMMAND: POST /session/79d72962d9b70739fc8ce96689df7cf6/element - {"using":"xpath","value":"//table[contains(@id, \"customPartnersTable-listUl\")]/tbody/tr[1]/td[2]/div/div"}
COMMAND: GET /session/79d72962d9b70739fc8ce96689df7cf6/screenshot - {}
RESULT: {"using":"xpath","value":"//table[contains(@id, \"customPartnersTable-listUl\")]/tbody/tr[1]/td[2]/div/div"}
COMMAND: POST /session/79d72962d9b70739fc8ce96689df7cf6/element/f.1B562DAB7B69DB519EC194079547F9B8.d.42EE144FBD4B1C8A8863ABD9FA8FACB0.e.2549/click - {}
RESULT: {}
RESULT: {}
COMMAND: GET /session/79d72962d9b70739fc8ce96689df7cf6/screenshot - {}
RESULT: {}
COMMAND: POST /session/79d72962d9b70739fc8ce96689df7cf6/element - {"using":"xpath","value":"//bdi[contains(text(), \"Activate\")]"}
RESULT: {"using":"xpath","value":"//bdi[contains(text(), \"Activate\")]"}
COMMAND: POST /session/79d72962d9b70739fc8ce96689df7cf6/element/f.1B562DAB7B69DB519EC194079547F9B8.d.42EE144FBD4B1C8A8863ABD9FA8FACB0.e.2550/click - {}
RESULT: {}
COMMAND: GET /session/79d72962d9b70739fc8ce96689df7cf6/screenshot - {}
RESULT: {}
COMMAND: POST /session/79d72962d9b70739fc8ce96689df7cf6/element - {"using":"xpath","value":"//bdi[contains(text(), \"Yes\")]"}
RESULT: {"using":"xpath","value":"//bdi[contains(text(), \"Yes\")]"}
COMMAND: POST /session/79d72962d9b70739fc8ce96689df7cf6/element/f.1B562DAB7B69DB519EC194079547F9B8.d.42EE144FBD4B1C8A8863ABD9FA8FACB0.e.2552/click - {}
RESULT: {}
COMMAND: GET /session/79d72962d9b70739fc8ce96689df7cf6/screenshot - {}
RESULT: {}
COMMAND: POST /session/79d72962d9b70739fc8ce96689df7cf6/element - {"using":"xpath","value":"//table[contains(@id, \"customPartnersTable-listUl\")]/tbody/tr[1]/td[7]/div/span"}
RESULT: {"using":"xpath","value":"//table[contains(@id, \"customPartnersTable-listUl\")]/tbody/tr[1]/td[7]/div/span"}
COMMAND: POST /session/79d72962d9b70739fc8ce96689df7cf6/execute/sync - {"script":"<script> [56 bytes]","args":[{"element-6066-11e4-a52e-4f735466cecf":"f.1B562DAB7B69DB519EC194079547F9B8.d.42EE144FBD4B1C8A8863ABD9FA8FACB0.e.2548","ELEMENT":"f.1B562DAB7B69DB519EC194079547F9B8.d.42EE144FBD4B1C8A8863ABD9FA8FACB0.e.2548"}]}
RESULT: {"script":"<script> [56 bytes]","args":[{"element-6066-11e4-a52e-4f735466cecf":"f.1B562DAB7B69DB519EC194079547F9B8.d.42EE144FBD4B1C8A8863ABD9FA8FACB0.e.2548","ELEMENT":"f.1B562DAB7B69DB519EC194079547F9B8.d.42EE144FBD4B1C8A8863ABD9FA8FACB0.e.2548"}]}
COMMAND: GET /session/79d72962d9b70739fc8ce96689df7cf6/screenshot - {}
RESULT: {}
COMMAND: POST /session/79d72962d9b70739fc8ce96689df7cf6/element - {"using":"css selector","value":"#shell-header-logo"}
RESULT: {"using":"css selector","value":"#shell-header-logo"}
COMMAND: POST /session/79d72962d9b70739fc8ce96689df7cf6/element/f.1B562DAB7B69DB519EC194079547F9B8.d.42EE144FBD4B1C8A8863ABD9FA8FACB0.e.2366/click - {}
RESULT: {}
COMMAND: GET /session/79d72962d9b70739fc8ce96689df7cf6/screenshot - {}
RESULT: {}
]]></system-out>
    </testcase>
    <testcase classname="chrome.136_0_7103_93.windows.Partner_specific_tests_US150819_US151080_US151654_US151176_US103444_US151078_US151079_US151109_US151174_US151175_US151189" name="Should edit the created external partner and save it and check its content US103444" time="64.907">
      <system-out><![CDATA[
COMMAND: POST /session/79d72962d9b70739fc8ce96689df7cf6/element - {"using":"xpath","value":"//li[.//span[text()=\"Manage Partners\"]]"}
RESULT: {"using":"xpath","value":"//li[.//span[text()=\"Manage Partners\"]]"}
COMMAND: POST /session/79d72962d9b70739fc8ce96689df7cf6/element - {"using":"xpath","value":"//li[.//span[text()=\"Manage Partners\"]]"}
RESULT: {"using":"xpath","value":"//li[.//span[text()=\"Manage Partners\"]]"}
COMMAND: POST /session/79d72962d9b70739fc8ce96689df7cf6/element - {"using":"css selector","value":"#shell-header-logo"}
RESULT: {"using":"css selector","value":"#shell-header-logo"}
COMMAND: POST /session/79d72962d9b70739fc8ce96689df7cf6/element/f.1B562DAB7B69DB519EC194079547F9B8.d.42EE144FBD4B1C8A8863ABD9FA8FACB0.e.2556/click - {}
COMMAND: POST /session/79d72962d9b70739fc8ce96689df7cf6/execute/sync - {"script":"<script> [8489 bytes]","args":[{"element-6066-11e4-a52e-4f735466cecf":"f.1B562DAB7B69DB519EC194079547F9B8.d.42EE144FBD4B1C8A8863ABD9FA8FACB0.e.2556","ELEMENT":"f.1B562DAB7B69DB519EC194079547F9B8.d.42EE144FBD4B1C8A8863ABD9FA8FACB0.e.2556"}]}
RESULT: {}
COMMAND: GET /session/79d72962d9b70739fc8ce96689df7cf6/screenshot - {}
RESULT: {"script":"<script> [8489 bytes]","args":[{"element-6066-11e4-a52e-4f735466cecf":"f.1B562DAB7B69DB519EC194079547F9B8.d.42EE144FBD4B1C8A8863ABD9FA8FACB0.e.2556","ELEMENT":"f.1B562DAB7B69DB519EC194079547F9B8.d.42EE144FBD4B1C8A8863ABD9FA8FACB0.e.2556"}]}
COMMAND: POST /session/79d72962d9b70739fc8ce96689df7cf6/execute/sync - {"script":"<script> [5351 bytes]","args":[{"element-6066-11e4-a52e-4f735466cecf":"f.1B562DAB7B69DB519EC194079547F9B8.d.42EE144FBD4B1C8A8863ABD9FA8FACB0.e.2556","ELEMENT":"f.1B562DAB7B69DB519EC194079547F9B8.d.42EE144FBD4B1C8A8863ABD9FA8FACB0.e.2556"}]}
COMMAND: GET /session/79d72962d9b70739fc8ce96689df7cf6/screenshot - {}
RESULT: {}
RESULT: {"script":"<script> [5351 bytes]","args":[{"element-6066-11e4-a52e-4f735466cecf":"f.1B562DAB7B69DB519EC194079547F9B8.d.42EE144FBD4B1C8A8863ABD9FA8FACB0.e.2556","ELEMENT":"f.1B562DAB7B69DB519EC194079547F9B8.d.42EE144FBD4B1C8A8863ABD9FA8FACB0.e.2556"}]}
COMMAND: GET /session/79d72962d9b70739fc8ce96689df7cf6/screenshot - {}
RESULT: {}
RESULT: {}
RESULT: undefined
COMMAND: POST /session/79d72962d9b70739fc8ce96689df7cf6/element - {"using":"xpath","value":"//*[@id=\"__tile38\"]"}
RESULT: {"using":"xpath","value":"//*[@id=\"__tile38\"]"}
COMMAND: POST /session/79d72962d9b70739fc8ce96689df7cf6/element/f.1B562DAB7B69DB519EC194079547F9B8.d.42EE144FBD4B1C8A8863ABD9FA8FACB0.e.151/click - {}
RESULT: {}
COMMAND: GET /session/79d72962d9b70739fc8ce96689df7cf6/screenshot - {}
RESULT: {}
COMMAND: POST /session/79d72962d9b70739fc8ce96689df7cf6/elements - {"using":"xpath","value":"//span[text()='Error']"}
RESULT: {"using":"xpath","value":"//span[text()='Error']"}
COMMAND: POST /session/79d72962d9b70739fc8ce96689df7cf6/element - {"using":"xpath","value":"//button[@data-kt=\"addButton\"]"}
RESULT: {"using":"xpath","value":"//button[@data-kt=\"addButton\"]"}
COMMAND: POST /session/79d72962d9b70739fc8ce96689df7cf6/elements - {"using":"xpath","value":"//button[@data-kt=\"addButton\"]"}
RESULT: {"using":"xpath","value":"//button[@data-kt=\"addButton\"]"}
COMMAND: POST /session/79d72962d9b70739fc8ce96689df7cf6/execute/sync - {"script":"<script> [8489 bytes]","args":[{"element-6066-11e4-a52e-4f735466cecf":"f.1B562DAB7B69DB519EC194079547F9B8.d.42EE144FBD4B1C8A8863ABD9FA8FACB0.e.2590","ELEMENT":"f.1B562DAB7B69DB519EC194079547F9B8.d.42EE144FBD4B1C8A8863ABD9FA8FACB0.e.2590"}]}
RESULT: {"script":"<script> [8489 bytes]","args":[{"element-6066-11e4-a52e-4f735466cecf":"f.1B562DAB7B69DB519EC194079547F9B8.d.42EE144FBD4B1C8A8863ABD9FA8FACB0.e.2590","ELEMENT":"f.1B562DAB7B69DB519EC194079547F9B8.d.42EE144FBD4B1C8A8863ABD9FA8FACB0.e.2590"}]}
COMMAND: GET /session/79d72962d9b70739fc8ce96689df7cf6/element/f.1B562DAB7B69DB519EC194079547F9B8.d.42EE144FBD4B1C8A8863ABD9FA8FACB0.e.2590/enabled - {}
COMMAND: GET /session/79d72962d9b70739fc8ce96689df7cf6/screenshot - {}
RESULT: {}
COMMAND: POST /session/79d72962d9b70739fc8ce96689df7cf6/execute/sync - {"script":"<script> [8489 bytes]","args":[{"element-6066-11e4-a52e-4f735466cecf":"f.1B562DAB7B69DB519EC194079547F9B8.d.42EE144FBD4B1C8A8863ABD9FA8FACB0.e.2590","ELEMENT":"f.1B562DAB7B69DB519EC194079547F9B8.d.42EE144FBD4B1C8A8863ABD9FA8FACB0.e.2590"}]}
COMMAND: GET /session/79d72962d9b70739fc8ce96689df7cf6/screenshot - {}
RESULT: {}
RESULT: {"script":"<script> [8489 bytes]","args":[{"element-6066-11e4-a52e-4f735466cecf":"f.1B562DAB7B69DB519EC194079547F9B8.d.42EE144FBD4B1C8A8863ABD9FA8FACB0.e.2590","ELEMENT":"f.1B562DAB7B69DB519EC194079547F9B8.d.42EE144FBD4B1C8A8863ABD9FA8FACB0.e.2590"}]}
COMMAND: POST /session/79d72962d9b70739fc8ce96689df7cf6/execute/sync - {"script":"<script> [5351 bytes]","args":[{"element-6066-11e4-a52e-4f735466cecf":"f.1B562DAB7B69DB519EC194079547F9B8.d.42EE144FBD4B1C8A8863ABD9FA8FACB0.e.2590","ELEMENT":"f.1B562DAB7B69DB519EC194079547F9B8.d.42EE144FBD4B1C8A8863ABD9FA8FACB0.e.2590"}]}
COMMAND: GET /session/79d72962d9b70739fc8ce96689df7cf6/screenshot - {}
RESULT: {}
RESULT: {"script":"<script> [5351 bytes]","args":[{"element-6066-11e4-a52e-4f735466cecf":"f.1B562DAB7B69DB519EC194079547F9B8.d.42EE144FBD4B1C8A8863ABD9FA8FACB0.e.2590","ELEMENT":"f.1B562DAB7B69DB519EC194079547F9B8.d.42EE144FBD4B1C8A8863ABD9FA8FACB0.e.2590"}]}
COMMAND: GET /session/79d72962d9b70739fc8ce96689df7cf6/screenshot - {}
RESULT: {}
RESULT: {}
RESULT: undefined
COMMAND: POST /session/79d72962d9b70739fc8ce96689df7cf6/execute/async - {"script":"<script> [776 bytes]","args":[{"enterText":"1408","selector":{"id":"application-managepartners-display-component---masterPtm--smartFilterBar-btnBasicSearch","interaction":{"idSuffix":"I"}},"clearTextFirst":true,"interactionType":"ENTER_TEXT"}]}
RESULT: {"script":"<script> [776 bytes]","args":[{"enterText":"1408","selector":{"id":"application-managepartners-display-component---masterPtm--smartFilterBar-btnBasicSearch","interaction":{"idSuffix":"I"}},"clearTextFirst":true,"interactionType":"ENTER_TEXT"}]}
COMMAND: POST /session/79d72962d9b70739fc8ce96689df7cf6/actions - {"actions":[{"id":"action6","type":"key","parameters":{},"actions":[{"type":"keyDown","value":""},{"type":"pause","duration":10},{"type":"keyUp","value":""}]}]}
RESULT: {"actions":[{"id":"action6","type":"key","parameters":{},"actions":[{"type":"keyDown","value":""},{"type":"pause","duration":10},{"type":"keyUp","value":""}]}]}
COMMAND: GET /session/79d72962d9b70739fc8ce96689df7cf6/screenshot - {}
RESULT: {}
COMMAND: POST /session/79d72962d9b70739fc8ce96689df7cf6/elements - {"using":"xpath","value":"//table[contains(@id, \"customPartnersTable-listUl\")]/tbody/tr"}
RESULT: {"using":"xpath","value":"//table[contains(@id, \"customPartnersTable-listUl\")]/tbody/tr"}
COMMAND: POST /session/79d72962d9b70739fc8ce96689df7cf6/element - {"using":"xpath","value":"//table[contains(@id, \"customPartnersTable-listUl\")]/tbody/tr[1]/td[3]/span"}
RESULT: {"using":"xpath","value":"//table[contains(@id, \"customPartnersTable-listUl\")]/tbody/tr[1]/td[3]/span"}
COMMAND: POST /session/79d72962d9b70739fc8ce96689df7cf6/elements - {"using":"xpath","value":"//table[contains(@id, \"customPartnersTable-listUl\")]/tbody/tr[1]/td[3]/span"}
RESULT: {"using":"xpath","value":"//table[contains(@id, \"customPartnersTable-listUl\")]/tbody/tr[1]/td[3]/span"}
COMMAND: POST /session/79d72962d9b70739fc8ce96689df7cf6/execute/sync - {"script":"<script> [56 bytes]","args":[{"element-6066-11e4-a52e-4f735466cecf":"f.1B562DAB7B69DB519EC194079547F9B8.d.42EE144FBD4B1C8A8863ABD9FA8FACB0.e.2735","ELEMENT":"f.1B562DAB7B69DB519EC194079547F9B8.d.42EE144FBD4B1C8A8863ABD9FA8FACB0.e.2735"}]}
RESULT: {"script":"<script> [56 bytes]","args":[{"element-6066-11e4-a52e-4f735466cecf":"f.1B562DAB7B69DB519EC194079547F9B8.d.42EE144FBD4B1C8A8863ABD9FA8FACB0.e.2735","ELEMENT":"f.1B562DAB7B69DB519EC194079547F9B8.d.42EE144FBD4B1C8A8863ABD9FA8FACB0.e.2735"}]}
COMMAND: POST /session/79d72962d9b70739fc8ce96689df7cf6/element - {"using":"xpath","value":"(//span[contains(@id, \"imgNav\")])[1]"}
COMMAND: GET /session/79d72962d9b70739fc8ce96689df7cf6/screenshot - {}
RESULT: {"using":"xpath","value":"(//span[contains(@id, \"imgNav\")])[1]"}
COMMAND: POST /session/79d72962d9b70739fc8ce96689df7cf6/element/f.1B562DAB7B69DB519EC194079547F9B8.d.42EE144FBD4B1C8A8863ABD9FA8FACB0.e.2733/click - {}
RESULT: {}
RESULT: {}
COMMAND: GET /session/79d72962d9b70739fc8ce96689df7cf6/screenshot - {}
RESULT: {}
COMMAND: POST /session/79d72962d9b70739fc8ce96689df7cf6/element - {"using":"xpath","value":"//bdi[contains(text(), \"Edit\")]"}
RESULT: {"using":"xpath","value":"//bdi[contains(text(), \"Edit\")]"}
COMMAND: POST /session/79d72962d9b70739fc8ce96689df7cf6/element/f.1B562DAB7B69DB519EC194079547F9B8.d.42EE144FBD4B1C8A8863ABD9FA8FACB0.e.2875/click - {}
RESULT: {}
COMMAND: GET /session/79d72962d9b70739fc8ce96689df7cf6/screenshot - {}
RESULT: {}
COMMAND: POST /session/79d72962d9b70739fc8ce96689df7cf6/execute/async - {"script":"<script> [1562 bytes]","args":[{"selector":{"controlType":"sap.m.Input","viewName":"etm.portal.ui.managepartners.view.EditDetail","labelFor":{"text":"Name"},"interaction":{"idSuffix":"inner"}},"wdio_ui5_key":"etmportal.ui.managepartners.view.EditDetailsap.m.Input{\"text\":\"Name\"}"}]}
RESULT: {"script":"<script> [1562 bytes]","args":[{"selector":{"controlType":"sap.m.Input","viewName":"etm.portal.ui.managepartners.view.EditDetail","labelFor":{"text":"Name"},"interaction":{"idSuffix":"inner"}},"wdio_ui5_key":"etmportal.ui.managepartners.view.EditDetailsap.m.Input{\"text\":\"Name\"}"}]}
RESULT: undefined
COMMAND: POST /session/79d72962d9b70739fc8ce96689df7cf6/execute/async - {"script":"<script> [776 bytes]","args":[{"enterText":"External EDIT","selector":{"controlType":"sap.m.Input","viewName":"etm.portal.ui.managepartners.view.EditDetail","labelFor":{"text":"Name"},"interaction":{"idSuffix":"inner"}},"clearTextFirst":true,"interactionType":"ENTER_TEXT"}]}
RESULT: {"script":"<script> [776 bytes]","args":[{"enterText":"External EDIT","selector":{"controlType":"sap.m.Input","viewName":"etm.portal.ui.managepartners.view.EditDetail","labelFor":{"text":"Name"},"interaction":{"idSuffix":"inner"}},"clearTextFirst":true,"interactionType":"ENTER_TEXT"}]}
COMMAND: POST /session/79d72962d9b70739fc8ce96689df7cf6/element - {"using":"xpath","value":"(//span[contains(@id,\"addressDetailDetailsLanguage-arrow\")])[1]"}
RESULT: {"using":"xpath","value":"(//span[contains(@id,\"addressDetailDetailsLanguage-arrow\")])[1]"}
COMMAND: POST /session/79d72962d9b70739fc8ce96689df7cf6/element/f.1B562DAB7B69DB519EC194079547F9B8.d.42EE144FBD4B1C8A8863ABD9FA8FACB0.e.2951/click - {}
RESULT: {}
COMMAND: POST /session/79d72962d9b70739fc8ce96689df7cf6/element - {"using":"xpath","value":"//span[contains(text(), \"Chinese\")]"}
COMMAND: GET /session/79d72962d9b70739fc8ce96689df7cf6/screenshot - {}
RESULT: {"using":"xpath","value":"//span[contains(text(), \"Chinese\")]"}
COMMAND: POST /session/79d72962d9b70739fc8ce96689df7cf6/element/f.1B562DAB7B69DB519EC194079547F9B8.d.42EE144FBD4B1C8A8863ABD9FA8FACB0.e.2952/click - {}
RESULT: {}
RESULT: {}
COMMAND: GET /session/79d72962d9b70739fc8ce96689df7cf6/screenshot - {}
RESULT: {}
COMMAND: POST /session/79d72962d9b70739fc8ce96689df7cf6/execute/async - {"script":"<script> [1562 bytes]","args":[{"selector":{"controlType":"sap.m.Input","viewName":"etm.portal.ui.managepartners.view.EditDetail","labelFor":{"text":"City"},"interaction":{"idSuffix":"inner"}},"wdio_ui5_key":"etmportal.ui.managepartners.view.EditDetailsap.m.Input{\"text\":\"City\"}"}]}
RESULT: {"script":"<script> [1562 bytes]","args":[{"selector":{"controlType":"sap.m.Input","viewName":"etm.portal.ui.managepartners.view.EditDetail","labelFor":{"text":"City"},"interaction":{"idSuffix":"inner"}},"wdio_ui5_key":"etmportal.ui.managepartners.view.EditDetailsap.m.Input{\"text\":\"City\"}"}]}
RESULT: undefined
COMMAND: POST /session/79d72962d9b70739fc8ce96689df7cf6/execute/async - {"script":"<script> [776 bytes]","args":[{"enterText":"Clooj-Napoca","selector":{"controlType":"sap.m.Input","viewName":"etm.portal.ui.managepartners.view.EditDetail","labelFor":{"text":"City"},"interaction":{"idSuffix":"inner"}},"clearTextFirst":true,"interactionType":"ENTER_TEXT"}]}
RESULT: {"script":"<script> [776 bytes]","args":[{"enterText":"Clooj-Napoca","selector":{"controlType":"sap.m.Input","viewName":"etm.portal.ui.managepartners.view.EditDetail","labelFor":{"text":"City"},"interaction":{"idSuffix":"inner"}},"clearTextFirst":true,"interactionType":"ENTER_TEXT"}]}
COMMAND: POST /session/79d72962d9b70739fc8ce96689df7cf6/element - {"using":"xpath","value":"//button[@data-kt=\"saveButton\"]"}
RESULT: {"using":"xpath","value":"//button[@data-kt=\"saveButton\"]"}
COMMAND: POST /session/79d72962d9b70739fc8ce96689df7cf6/element/f.1B562DAB7B69DB519EC194079547F9B8.d.42EE144FBD4B1C8A8863ABD9FA8FACB0.e.2935/click - {}
RESULT: {}
COMMAND: GET /session/79d72962d9b70739fc8ce96689df7cf6/screenshot - {}
RESULT: {}
COMMAND: POST /session/79d72962d9b70739fc8ce96689df7cf6/execute/async - {"script":"<script> [1562 bytes]","args":[{"selector":{"id":"application-managepartners-display-component---detailPtm--addressDetailDetailsName1"},"wdio_ui5_key":"applicationmanagepartners-display-component---detailPtm--addressDetailDetailsName1"}]}
RESULT: {"script":"<script> [1562 bytes]","args":[{"selector":{"id":"application-managepartners-display-component---detailPtm--addressDetailDetailsName1"},"wdio_ui5_key":"applicationmanagepartners-display-component---detailPtm--addressDetailDetailsName1"}]}
RESULT: undefined
COMMAND: POST /session/79d72962d9b70739fc8ce96689df7cf6/execute/async - {"script":"<script> [6424 bytes]","args":[{"element-6066-11e4-a52e-4f735466cecf":"f.1B562DAB7B69DB519EC194079547F9B8.d.42EE144FBD4B1C8A8863ABD9FA8FACB0.e.2983"},"getValue",[]]}
RESULT: {"script":"<script> [6424 bytes]","args":[{"element-6066-11e4-a52e-4f735466cecf":"f.1B562DAB7B69DB519EC194079547F9B8.d.42EE144FBD4B1C8A8863ABD9FA8FACB0.e.2983"},"getValue",[]]}
COMMAND: POST /session/79d72962d9b70739fc8ce96689df7cf6/element - {"using":"xpath","value":"//input[@id = \"application-managepartners-display-component---detailPtm--addressDetailDetailsLanguage-inner\"]"}
RESULT: {"using":"xpath","value":"//input[@id = \"application-managepartners-display-component---detailPtm--addressDetailDetailsLanguage-inner\"]"}
COMMAND: GET /session/79d72962d9b70739fc8ce96689df7cf6/element/f.1B562DAB7B69DB519EC194079547F9B8.d.42EE144FBD4B1C8A8863ABD9FA8FACB0.e.2984/property/value - {}
RESULT: {}
COMMAND: POST /session/79d72962d9b70739fc8ce96689df7cf6/execute/async - {"script":"<script> [1562 bytes]","args":[{"selector":{"id":"application-managepartners-display-component---detailPtm--addressDetailDetailsCity1"},"wdio_ui5_key":"applicationmanagepartners-display-component---detailPtm--addressDetailDetailsCity1"}]}
COMMAND: GET /session/79d72962d9b70739fc8ce96689df7cf6/screenshot - {}
RESULT: {}
RESULT: {"script":"<script> [1562 bytes]","args":[{"selector":{"id":"application-managepartners-display-component---detailPtm--addressDetailDetailsCity1"},"wdio_ui5_key":"applicationmanagepartners-display-component---detailPtm--addressDetailDetailsCity1"}]}
RESULT: undefined
COMMAND: POST /session/79d72962d9b70739fc8ce96689df7cf6/execute/async - {"script":"<script> [6424 bytes]","args":[{"element-6066-11e4-a52e-4f735466cecf":"f.1B562DAB7B69DB519EC194079547F9B8.d.42EE144FBD4B1C8A8863ABD9FA8FACB0.e.2985"},"getValue",[]]}
RESULT: {"script":"<script> [6424 bytes]","args":[{"element-6066-11e4-a52e-4f735466cecf":"f.1B562DAB7B69DB519EC194079547F9B8.d.42EE144FBD4B1C8A8863ABD9FA8FACB0.e.2985"},"getValue",[]]}
COMMAND: POST /session/79d72962d9b70739fc8ce96689df7cf6/element - {"using":"css selector","value":"#shell-header-logo"}
RESULT: {"using":"css selector","value":"#shell-header-logo"}
COMMAND: POST /session/79d72962d9b70739fc8ce96689df7cf6/element/f.1B562DAB7B69DB519EC194079547F9B8.d.42EE144FBD4B1C8A8863ABD9FA8FACB0.e.2556/click - {}
RESULT: {}
COMMAND: GET /session/79d72962d9b70739fc8ce96689df7cf6/screenshot - {}
RESULT: {}
]]></system-out>
    </testcase>
    <testcase classname="chrome.136_0_7103_93.windows.Partner_specific_tests_US150819_US151080_US151654_US151176_US103444_US151078_US151079_US151109_US151174_US151175_US151189" name="Should create a new intercompany partner edit some of its fields US151078" time="264.412">
      <system-out><![CDATA[
COMMAND: POST /session/79d72962d9b70739fc8ce96689df7cf6/element - {"using":"xpath","value":"//li[.//span[text()=\"Manage Partners\"]]"}
RESULT: {"using":"xpath","value":"//li[.//span[text()=\"Manage Partners\"]]"}
COMMAND: POST /session/79d72962d9b70739fc8ce96689df7cf6/element - {"using":"xpath","value":"//li[.//span[text()=\"Manage Partners\"]]"}
RESULT: {"using":"xpath","value":"//li[.//span[text()=\"Manage Partners\"]]"}
COMMAND: POST /session/79d72962d9b70739fc8ce96689df7cf6/element - {"using":"css selector","value":"#shell-header-logo"}
RESULT: {"using":"css selector","value":"#shell-header-logo"}
COMMAND: POST /session/79d72962d9b70739fc8ce96689df7cf6/element/f.1B562DAB7B69DB519EC194079547F9B8.d.42EE144FBD4B1C8A8863ABD9FA8FACB0.e.3016/click - {}
COMMAND: POST /session/79d72962d9b70739fc8ce96689df7cf6/execute/sync - {"script":"<script> [8489 bytes]","args":[{"element-6066-11e4-a52e-4f735466cecf":"f.1B562DAB7B69DB519EC194079547F9B8.d.42EE144FBD4B1C8A8863ABD9FA8FACB0.e.3016","ELEMENT":"f.1B562DAB7B69DB519EC194079547F9B8.d.42EE144FBD4B1C8A8863ABD9FA8FACB0.e.3016"}]}
RESULT: {}
COMMAND: GET /session/79d72962d9b70739fc8ce96689df7cf6/screenshot - {}
RESULT: {"script":"<script> [8489 bytes]","args":[{"element-6066-11e4-a52e-4f735466cecf":"f.1B562DAB7B69DB519EC194079547F9B8.d.42EE144FBD4B1C8A8863ABD9FA8FACB0.e.3016","ELEMENT":"f.1B562DAB7B69DB519EC194079547F9B8.d.42EE144FBD4B1C8A8863ABD9FA8FACB0.e.3016"}]}
COMMAND: POST /session/79d72962d9b70739fc8ce96689df7cf6/execute/sync - {"script":"<script> [5351 bytes]","args":[{"element-6066-11e4-a52e-4f735466cecf":"f.1B562DAB7B69DB519EC194079547F9B8.d.42EE144FBD4B1C8A8863ABD9FA8FACB0.e.3016","ELEMENT":"f.1B562DAB7B69DB519EC194079547F9B8.d.42EE144FBD4B1C8A8863ABD9FA8FACB0.e.3016"}]}
COMMAND: GET /session/79d72962d9b70739fc8ce96689df7cf6/screenshot - {}
RESULT: {}
RESULT: {"script":"<script> [5351 bytes]","args":[{"element-6066-11e4-a52e-4f735466cecf":"f.1B562DAB7B69DB519EC194079547F9B8.d.42EE144FBD4B1C8A8863ABD9FA8FACB0.e.3016","ELEMENT":"f.1B562DAB7B69DB519EC194079547F9B8.d.42EE144FBD4B1C8A8863ABD9FA8FACB0.e.3016"}]}
COMMAND: GET /session/79d72962d9b70739fc8ce96689df7cf6/screenshot - {}
RESULT: {}
RESULT: {}
COMMAND: POST /session/79d72962d9b70739fc8ce96689df7cf6/refresh - {}
RESULT: {}
COMMAND: GET /session/79d72962d9b70739fc8ce96689df7cf6/screenshot - {}
RESULT: {}
COMMAND: POST /session/79d72962d9b70739fc8ce96689df7cf6/refresh - {}
RESULT: {}
COMMAND: GET /session/79d72962d9b70739fc8ce96689df7cf6/screenshot - {}
RESULT: {}
COMMAND: POST /session/79d72962d9b70739fc8ce96689df7cf6/window/fullscreen - {}
RESULT: {}
COMMAND: POST /session/79d72962d9b70739fc8ce96689df7cf6/execute/async - {"script":"<script> [189 bytes]","args":[]}
RESULT: {"script":"<script> [189 bytes]","args":[]}
COMMAND: POST /session/79d72962d9b70739fc8ce96689df7cf6/execute/async - {"script":"<script> [123 bytes]","args":[]}
RESULT: {"script":"<script> [123 bytes]","args":[]}
COMMAND: POST /session/79d72962d9b70739fc8ce96689df7cf6/timeouts - {"script":"<number>"}
RESULT: {"script":"<number>"}
COMMAND: GET /session/79d72962d9b70739fc8ce96689df7cf6/timeouts - {}
RESULT: {}
RESULT: undefined
COMMAND: POST /session/79d72962d9b70739fc8ce96689df7cf6/execute/async - {"script":"<script> [2676 bytes]","args":[]}
RESULT: {"script":"<script> [2676 bytes]","args":[]}
COMMAND: POST /session/79d72962d9b70739fc8ce96689df7cf6/execute/async - {"script":"<script> [2342 bytes]","args":[{"protocol":"http","hostname":"0.0.0.0","path":"/","capabilities":{"browserName":"chrome","goog:chromeOptions":{"binary":"C:\\Program Files\\Google\\Chrome\\Application\\chrome.exe","args":["--start-maximized"]}},"logLevel":"warn","connectionRetryTimeout":120000,"connectionRetryCount":3,"logLevels":{},"enableDirectConnect":true,"strictSSL":true,"_":"65 more keys: [\"cacheDir\",\"port\",\"requestedCapabilities\",\"automationProtocol\",\"baseUrl\",\"waitforInterval\",\"waitforTimeout\",\"onReload\",\"beforeCommand\",\"afterCommand\",\"rootDir\",\"specs\",\"suites\",\"exclude\",\"groupLogsByTestSpec\",\"excludeDriverLogs\",\"bail\",\"framework\",\"reporters\",\"services\",\"maxInstances\",\"maxInstancesPerCapability\",\"injectGlobals\",\"filesToWatch\",\"execArgv\",\"runnerEnv\",\"runner\",\"shard\",\"specFileRetries\",\"specFileRetriesDelay\",\"specFileRetriesDeferred\",\"reporterSyncInterval\",\"reporterSyncTimeout\",\"cucumberFeaturesWithLineNumbers\",\"autoCompileOpts\",\"mochaOpts\",\"jasmineOpts\",\"cucumberOpts\",\"onPrepare\",\"onWorkerStart\",\"onWorkerEnd\",\"before\",\"beforeSession\",\"beforeSuite\",\"beforeHook\",\"beforeTest\",\"afterTest\",\"afterHook\",\"afterSuite\",\"afterSession\",\"after\",\"onComplete\",\"beforeAssertion\",\"afterAssertion\",\"beforeFeature\",\"beforeScenario\",\"beforeStep\",\"afterStep\",\"afterScenario\",\"afterFeature\",\"_\",\"suite\",\"$0\",\"ignoredWorkerServices\",\"wdi5\"]"}]}
RESULT: {"script":"<script> [2342 bytes]","args":[{"protocol":"http","hostname":"0.0.0.0","path":"/","capabilities":{"browserName":"chrome","goog:chromeOptions":{"binary":"C:\\Program Files\\Google\\Chrome\\Application\\chrome.exe","args":["--start-maximized"]}},"logLevel":"warn","connectionRetryTimeout":120000,"connectionRetryCount":3,"logLevels":{},"enableDirectConnect":true,"strictSSL":true,"_":"65 more keys: [\"cacheDir\",\"port\",\"requestedCapabilities\",\"automationProtocol\",\"baseUrl\",\"waitforInterval\",\"waitforTimeout\",\"onReload\",\"beforeCommand\",\"afterCommand\",\"rootDir\",\"specs\",\"suites\",\"exclude\",\"groupLogsByTestSpec\",\"excludeDriverLogs\",\"bail\",\"framework\",\"reporters\",\"services\",\"maxInstances\",\"maxInstancesPerCapability\",\"injectGlobals\",\"filesToWatch\",\"execArgv\",\"runnerEnv\",\"runner\",\"shard\",\"specFileRetries\",\"specFileRetriesDelay\",\"specFileRetriesDeferred\",\"reporterSyncInterval\",\"reporterSyncTimeout\",\"cucumberFeaturesWithLineNumbers\",\"autoCompileOpts\",\"mochaOpts\",\"jasmineOpts\",\"cucumberOpts\",\"onPrepare\",\"onWorkerStart\",\"onWorkerEnd\",\"before\",\"beforeSession\",\"beforeSuite\",\"beforeHook\",\"beforeTest\",\"afterTest\",\"afterHook\",\"afterSuite\",\"afterSession\",\"after\",\"onComplete\",\"beforeAssertion\",\"afterAssertion\",\"beforeFeature\",\"beforeScenario\",\"beforeStep\",\"afterStep\",\"afterScenario\",\"afterFeature\",\"_\",\"suite\",\"$0\",\"ignoredWorkerServices\",\"wdi5\"]"}]}
COMMAND: POST /session/79d72962d9b70739fc8ce96689df7cf6/execute/async - {"script":"<script> [21126 bytes]","args":[35000]}
RESULT: {"script":"<script> [21126 bytes]","args":[35000]}
COMMAND: POST /session/79d72962d9b70739fc8ce96689df7cf6/window/fullscreen - {}
RESULT: {}
COMMAND: POST /session/79d72962d9b70739fc8ce96689df7cf6/window/fullscreen - {}
RESULT: {}
COMMAND: POST /session/79d72962d9b70739fc8ce96689df7cf6/execute/async - {"script":"<script> [1562 bytes]","args":[{"selector":{"controlType":"sap.m.GenericTile","properties":{"header":"Manage Partners"}},"wdio_ui5_key":"sapm.GenericTile{\"header\":\"Manage Partners\"}"}]}
RESULT: {"script":"<script> [1562 bytes]","args":[{"selector":{"controlType":"sap.m.GenericTile","properties":{"header":"Manage Partners"}},"wdio_ui5_key":"sapm.GenericTile{\"header\":\"Manage Partners\"}"}]}
RESULT: undefined
COMMAND: POST /session/79d72962d9b70739fc8ce96689df7cf6/element - {"using":"xpath","value":"//*[@id=\"__tile30\"]"}
RESULT: {"using":"xpath","value":"//*[@id=\"__tile30\"]"}
COMMAND: POST /session/79d72962d9b70739fc8ce96689df7cf6/element/f.1B562DAB7B69DB519EC194079547F9B8.d.868907AAD855EBDF8F66AAD195DF8B09.e.3080/click - {}
RESULT: {}
COMMAND: GET /session/79d72962d9b70739fc8ce96689df7cf6/screenshot - {}
RESULT: {}
COMMAND: POST /session/79d72962d9b70739fc8ce96689df7cf6/elements - {"using":"xpath","value":"//span[text()='Error']"}
RESULT: {"using":"xpath","value":"//span[text()='Error']"}
COMMAND: POST /session/79d72962d9b70739fc8ce96689df7cf6/element - {"using":"xpath","value":"//button[@data-kt=\"addButton\"]"}
RESULT: {"using":"xpath","value":"//button[@data-kt=\"addButton\"]"}
COMMAND: POST /session/79d72962d9b70739fc8ce96689df7cf6/elements - {"using":"xpath","value":"//button[@data-kt=\"addButton\"]"}
RESULT: {"using":"xpath","value":"//button[@data-kt=\"addButton\"]"}
COMMAND: POST /session/79d72962d9b70739fc8ce96689df7cf6/execute/sync - {"script":"<script> [8489 bytes]","args":[{"element-6066-11e4-a52e-4f735466cecf":"f.1B562DAB7B69DB519EC194079547F9B8.d.868907AAD855EBDF8F66AAD195DF8B09.e.3207","ELEMENT":"f.1B562DAB7B69DB519EC194079547F9B8.d.868907AAD855EBDF8F66AAD195DF8B09.e.3207"}]}
RESULT: {"script":"<script> [8489 bytes]","args":[{"element-6066-11e4-a52e-4f735466cecf":"f.1B562DAB7B69DB519EC194079547F9B8.d.868907AAD855EBDF8F66AAD195DF8B09.e.3207","ELEMENT":"f.1B562DAB7B69DB519EC194079547F9B8.d.868907AAD855EBDF8F66AAD195DF8B09.e.3207"}]}
COMMAND: GET /session/79d72962d9b70739fc8ce96689df7cf6/element/f.1B562DAB7B69DB519EC194079547F9B8.d.868907AAD855EBDF8F66AAD195DF8B09.e.3207/enabled - {}
COMMAND: GET /session/79d72962d9b70739fc8ce96689df7cf6/screenshot - {}
RESULT: {}
COMMAND: POST /session/79d72962d9b70739fc8ce96689df7cf6/execute/sync - {"script":"<script> [8489 bytes]","args":[{"element-6066-11e4-a52e-4f735466cecf":"f.1B562DAB7B69DB519EC194079547F9B8.d.868907AAD855EBDF8F66AAD195DF8B09.e.3207","ELEMENT":"f.1B562DAB7B69DB519EC194079547F9B8.d.868907AAD855EBDF8F66AAD195DF8B09.e.3207"}]}
COMMAND: GET /session/79d72962d9b70739fc8ce96689df7cf6/screenshot - {}
RESULT: {}
RESULT: {"script":"<script> [8489 bytes]","args":[{"element-6066-11e4-a52e-4f735466cecf":"f.1B562DAB7B69DB519EC194079547F9B8.d.868907AAD855EBDF8F66AAD195DF8B09.e.3207","ELEMENT":"f.1B562DAB7B69DB519EC194079547F9B8.d.868907AAD855EBDF8F66AAD195DF8B09.e.3207"}]}
COMMAND: POST /session/79d72962d9b70739fc8ce96689df7cf6/execute/sync - {"script":"<script> [5351 bytes]","args":[{"element-6066-11e4-a52e-4f735466cecf":"f.1B562DAB7B69DB519EC194079547F9B8.d.868907AAD855EBDF8F66AAD195DF8B09.e.3207","ELEMENT":"f.1B562DAB7B69DB519EC194079547F9B8.d.868907AAD855EBDF8F66AAD195DF8B09.e.3207"}]}
COMMAND: GET /session/79d72962d9b70739fc8ce96689df7cf6/screenshot - {}
RESULT: {}
RESULT: {"script":"<script> [5351 bytes]","args":[{"element-6066-11e4-a52e-4f735466cecf":"f.1B562DAB7B69DB519EC194079547F9B8.d.868907AAD855EBDF8F66AAD195DF8B09.e.3207","ELEMENT":"f.1B562DAB7B69DB519EC194079547F9B8.d.868907AAD855EBDF8F66AAD195DF8B09.e.3207"}]}
COMMAND: POST /session/79d72962d9b70739fc8ce96689df7cf6/element/f.1B562DAB7B69DB519EC194079547F9B8.d.868907AAD855EBDF8F66AAD195DF8B09.e.3207/click - {}
COMMAND: GET /session/79d72962d9b70739fc8ce96689df7cf6/screenshot - {}
RESULT: {}
RESULT: {}
COMMAND: GET /session/79d72962d9b70739fc8ce96689df7cf6/screenshot - {}
COMMAND: POST /session/79d72962d9b70739fc8ce96689df7cf6/execute/async - {"script":"<script> [1562 bytes]","args":[{"selector":{"id":"application-managepartners-display-component---NewPartner--addressDetailDetailsName1","interaction":{"idSuffix":"inner"}},"wdio_ui5_key":"applicationmanagepartners-display-component---NewPartner--addressDetailDetailsName1"}]}
RESULT: {}
RESULT: {}
RESULT: {"script":"<script> [1562 bytes]","args":[{"selector":{"id":"application-managepartners-display-component---NewPartner--addressDetailDetailsName1","interaction":{"idSuffix":"inner"}},"wdio_ui5_key":"applicationmanagepartners-display-component---NewPartner--addressDetailDetailsName1"}]}
RESULT: undefined
COMMAND: POST /session/79d72962d9b70739fc8ce96689df7cf6/execute/async - {"script":"<script> [776 bytes]","args":[{"enterText":"Intercompany Partner WDIO","selector":{"id":"application-managepartners-display-component---NewPartner--addressDetailDetailsName1","interaction":{"idSuffix":"inner"}},"clearTextFirst":true,"interactionType":"ENTER_TEXT"}]}
RESULT: {"script":"<script> [776 bytes]","args":[{"enterText":"Intercompany Partner WDIO","selector":{"id":"application-managepartners-display-component---NewPartner--addressDetailDetailsName1","interaction":{"idSuffix":"inner"}},"clearTextFirst":true,"interactionType":"ENTER_TEXT"}]}
COMMAND: POST /session/79d72962d9b70739fc8ce96689df7cf6/execute/async - {"script":"<script> [1562 bytes]","args":[{"selector":{"id":"application-managepartners-display-component---NewPartner--addressDetailDetailsLanguage-arrow"},"wdio_ui5_key":"applicationmanagepartners-display-component---NewPartner--addressDetailDetailsLanguage-arrow"}]}
RESULT: {"script":"<script> [1562 bytes]","args":[{"selector":{"id":"application-managepartners-display-component---NewPartner--addressDetailDetailsLanguage-arrow"},"wdio_ui5_key":"applicationmanagepartners-display-component---NewPartner--addressDetailDetailsLanguage-arrow"}]}
RESULT: undefined
COMMAND: POST /session/79d72962d9b70739fc8ce96689df7cf6/element - {"using":"xpath","value":"//*[@id=\"application-managepartners-display-component---NewPartner--addressDetailDetailsLanguage-arrow\"]"}
RESULT: {"using":"xpath","value":"//*[@id=\"application-managepartners-display-component---NewPartner--addressDetailDetailsLanguage-arrow\"]"}
COMMAND: POST /session/79d72962d9b70739fc8ce96689df7cf6/element/f.1B562DAB7B69DB519EC194079547F9B8.d.868907AAD855EBDF8F66AAD195DF8B09.e.3648/click - {}
RESULT: {}
COMMAND: POST /session/79d72962d9b70739fc8ce96689df7cf6/element - {"using":"xpath","value":"//span[contains(text(), \"English\")]"}
COMMAND: GET /session/79d72962d9b70739fc8ce96689df7cf6/screenshot - {}
RESULT: {"using":"xpath","value":"//span[contains(text(), \"English\")]"}
COMMAND: POST /session/79d72962d9b70739fc8ce96689df7cf6/element/f.1B562DAB7B69DB519EC194079547F9B8.d.868907AAD855EBDF8F66AAD195DF8B09.e.3649/click - {}
RESULT: {}
RESULT: {}
COMMAND: GET /session/79d72962d9b70739fc8ce96689df7cf6/screenshot - {}
RESULT: {}
COMMAND: POST /session/79d72962d9b70739fc8ce96689df7cf6/execute/async - {"script":"<script> [1562 bytes]","args":[{"selector":{"id":"application-managepartners-display-component---NewPartner--addressDetailDetailsCity1","interaction":{"idSuffix":"inner"}},"wdio_ui5_key":"applicationmanagepartners-display-component---NewPartner--addressDetailDetailsCity1"}]}
RESULT: {"script":"<script> [1562 bytes]","args":[{"selector":{"id":"application-managepartners-display-component---NewPartner--addressDetailDetailsCity1","interaction":{"idSuffix":"inner"}},"wdio_ui5_key":"applicationmanagepartners-display-component---NewPartner--addressDetailDetailsCity1"}]}
RESULT: undefined
COMMAND: POST /session/79d72962d9b70739fc8ce96689df7cf6/execute/async - {"script":"<script> [776 bytes]","args":[{"enterText":"Rosario","selector":{"id":"application-managepartners-display-component---NewPartner--addressDetailDetailsCity1","interaction":{"idSuffix":"inner"}},"clearTextFirst":true,"interactionType":"ENTER_TEXT"}]}
RESULT: {"script":"<script> [776 bytes]","args":[{"enterText":"Rosario","selector":{"id":"application-managepartners-display-component---NewPartner--addressDetailDetailsCity1","interaction":{"idSuffix":"inner"}},"clearTextFirst":true,"interactionType":"ENTER_TEXT"}]}
COMMAND: POST /session/79d72962d9b70739fc8ce96689df7cf6/execute/async - {"script":"<script> [1562 bytes]","args":[{"selector":{"id":"application-managepartners-display-component---NewPartner--addressDetailDetailsCountry-arrow"},"wdio_ui5_key":"applicationmanagepartners-display-component---NewPartner--addressDetailDetailsCountry-arrow"}]}
RESULT: {"script":"<script> [1562 bytes]","args":[{"selector":{"id":"application-managepartners-display-component---NewPartner--addressDetailDetailsCountry-arrow"},"wdio_ui5_key":"applicationmanagepartners-display-component---NewPartner--addressDetailDetailsCountry-arrow"}]}
RESULT: undefined
COMMAND: POST /session/79d72962d9b70739fc8ce96689df7cf6/element - {"using":"xpath","value":"//*[@id=\"application-managepartners-display-component---NewPartner--addressDetailDetailsCountry-arrow\"]"}
RESULT: {"using":"xpath","value":"//*[@id=\"application-managepartners-display-component---NewPartner--addressDetailDetailsCountry-arrow\"]"}
COMMAND: POST /session/79d72962d9b70739fc8ce96689df7cf6/element/f.1B562DAB7B69DB519EC194079547F9B8.d.868907AAD855EBDF8F66AAD195DF8B09.e.3609/click - {}
RESULT: {}
COMMAND: POST /session/79d72962d9b70739fc8ce96689df7cf6/element - {"using":"xpath","value":"//span[contains(text(), \"Argentina\")]"}
COMMAND: GET /session/79d72962d9b70739fc8ce96689df7cf6/screenshot - {}
RESULT: {"using":"xpath","value":"//span[contains(text(), \"Argentina\")]"}
COMMAND: POST /session/79d72962d9b70739fc8ce96689df7cf6/element/f.1B562DAB7B69DB519EC194079547F9B8.d.868907AAD855EBDF8F66AAD195DF8B09.e.3651/click - {}
RESULT: {}
RESULT: {}
COMMAND: GET /session/79d72962d9b70739fc8ce96689df7cf6/screenshot - {}
RESULT: {}
COMMAND: POST /session/79d72962d9b70739fc8ce96689df7cf6/element - {"using":"xpath","value":"//bdi[contains(text(), \"Commercial\")]"}
RESULT: {"using":"xpath","value":"//bdi[contains(text(), \"Commercial\")]"}
COMMAND: POST /session/79d72962d9b70739fc8ce96689df7cf6/element/f.1B562DAB7B69DB519EC194079547F9B8.d.868907AAD855EBDF8F66AAD195DF8B09.e.3652/click - {}
RESULT: {}
COMMAND: GET /session/79d72962d9b70739fc8ce96689df7cf6/screenshot - {}
RESULT: {}
COMMAND: POST /session/79d72962d9b70739fc8ce96689df7cf6/execute/async - {"script":"<script> [1562 bytes]","args":[{"selector":{"id":"application-managepartners-display-component---NewPartner--partnerDetailInternal-arrow"},"wdio_ui5_key":"applicationmanagepartners-display-component---NewPartner--partnerDetailInternal-arrow"}]}
RESULT: {"script":"<script> [1562 bytes]","args":[{"selector":{"id":"application-managepartners-display-component---NewPartner--partnerDetailInternal-arrow"},"wdio_ui5_key":"applicationmanagepartners-display-component---NewPartner--partnerDetailInternal-arrow"}]}
RESULT: undefined
COMMAND: POST /session/79d72962d9b70739fc8ce96689df7cf6/element - {"using":"xpath","value":"//*[@id=\"application-managepartners-display-component---NewPartner--partnerDetailInternal-arrow\"]"}
RESULT: {"using":"xpath","value":"//*[@id=\"application-managepartners-display-component---NewPartner--partnerDetailInternal-arrow\"]"}
COMMAND: POST /session/79d72962d9b70739fc8ce96689df7cf6/element/f.1B562DAB7B69DB519EC194079547F9B8.d.868907AAD855EBDF8F66AAD195DF8B09.e.3658/click - {}
RESULT: {}
COMMAND: POST /session/79d72962d9b70739fc8ce96689df7cf6/element - {"using":"xpath","value":"//span[contains(text(), \"Affiliated company\")]"}
COMMAND: GET /session/79d72962d9b70739fc8ce96689df7cf6/screenshot - {}
RESULT: {"using":"xpath","value":"//span[contains(text(), \"Affiliated company\")]"}
COMMAND: POST /session/79d72962d9b70739fc8ce96689df7cf6/element/f.1B562DAB7B69DB519EC194079547F9B8.d.868907AAD855EBDF8F66AAD195DF8B09.e.3659/click - {}
RESULT: {}
RESULT: {}
COMMAND: POST /session/79d72962d9b70739fc8ce96689df7cf6/execute/async - {"script":"<script> [1562 bytes]","args":[{"selector":{"id":"application-managepartners-display-component---NewPartner--partnerDetailsCurrency-arrow"},"wdio_ui5_key":"applicationmanagepartners-display-component---NewPartner--partnerDetailsCurrency-arrow"}]}
COMMAND: GET /session/79d72962d9b70739fc8ce96689df7cf6/screenshot - {}
RESULT: {"script":"<script> [1562 bytes]","args":[{"selector":{"id":"application-managepartners-display-component---NewPartner--partnerDetailsCurrency-arrow"},"wdio_ui5_key":"applicationmanagepartners-display-component---NewPartner--partnerDetailsCurrency-arrow"}]}
RESULT: undefined
COMMAND: POST /session/79d72962d9b70739fc8ce96689df7cf6/element - {"using":"xpath","value":"//*[@id=\"application-managepartners-display-component---NewPartner--partnerDetailsCurrency-arrow\"]"}
RESULT: {}
RESULT: {"using":"xpath","value":"//*[@id=\"application-managepartners-display-component---NewPartner--partnerDetailsCurrency-arrow\"]"}
COMMAND: POST /session/79d72962d9b70739fc8ce96689df7cf6/element/f.1B562DAB7B69DB519EC194079547F9B8.d.868907AAD855EBDF8F66AAD195DF8B09.e.3666/click - {}
RESULT: {}
COMMAND: POST /session/79d72962d9b70739fc8ce96689df7cf6/element - {"using":"xpath","value":"//span[contains(text(), \"Euro\")]"}
COMMAND: GET /session/79d72962d9b70739fc8ce96689df7cf6/screenshot - {}
RESULT: {"using":"xpath","value":"//span[contains(text(), \"Euro\")]"}
COMMAND: POST /session/79d72962d9b70739fc8ce96689df7cf6/element/f.1B562DAB7B69DB519EC194079547F9B8.d.868907AAD855EBDF8F66AAD195DF8B09.e.3667/click - {}
RESULT: {}
RESULT: {}
COMMAND: POST /session/79d72962d9b70739fc8ce96689df7cf6/execute/async - {"script":"<script> [1562 bytes]","args":[{"selector":{"id":"application-managepartners-display-component---NewPartner--addressEditDetailsCostObjectCstType-arrow"},"wdio_ui5_key":"applicationmanagepartners-display-component---NewPartner--addressEditDetailsCostObjectCstType-arrow"}]}
COMMAND: GET /session/79d72962d9b70739fc8ce96689df7cf6/screenshot - {}
RESULT: {"script":"<script> [1562 bytes]","args":[{"selector":{"id":"application-managepartners-display-component---NewPartner--addressEditDetailsCostObjectCstType-arrow"},"wdio_ui5_key":"applicationmanagepartners-display-component---NewPartner--addressEditDetailsCostObjectCstType-arrow"}]}
RESULT: undefined
COMMAND: POST /session/79d72962d9b70739fc8ce96689df7cf6/element - {"using":"xpath","value":"//*[@id=\"application-managepartners-display-component---NewPartner--addressEditDetailsCostObjectCstType-arrow\"]"}
RESULT: {}
RESULT: {"using":"xpath","value":"//*[@id=\"application-managepartners-display-component---NewPartner--addressEditDetailsCostObjectCstType-arrow\"]"}
COMMAND: POST /session/79d72962d9b70739fc8ce96689df7cf6/element/f.1B562DAB7B69DB519EC194079547F9B8.d.868907AAD855EBDF8F66AAD195DF8B09.e.3668/click - {}
RESULT: {}
COMMAND: POST /session/79d72962d9b70739fc8ce96689df7cf6/element - {"using":"xpath","value":"//span[contains(text(), \"Cost Center\")]"}
COMMAND: GET /session/79d72962d9b70739fc8ce96689df7cf6/screenshot - {}
RESULT: {"using":"xpath","value":"//span[contains(text(), \"Cost Center\")]"}
COMMAND: POST /session/79d72962d9b70739fc8ce96689df7cf6/element/f.1B562DAB7B69DB519EC194079547F9B8.d.868907AAD855EBDF8F66AAD195DF8B09.e.3669/click - {}
RESULT: {}
RESULT: {}
COMMAND: GET /session/79d72962d9b70739fc8ce96689df7cf6/screenshot - {}
RESULT: {}
COMMAND: POST /session/79d72962d9b70739fc8ce96689df7cf6/element - {"using":"xpath","value":"//span[@id=\"application-managepartners-display-component---NewPartner--addressNewCostObjectCstID-vhi\"]"}
RESULT: {"using":"xpath","value":"//span[@id=\"application-managepartners-display-component---NewPartner--addressNewCostObjectCstID-vhi\"]"}
COMMAND: POST /session/79d72962d9b70739fc8ce96689df7cf6/execute/sync - {"script":"<script> [8489 bytes]","args":[{"element-6066-11e4-a52e-4f735466cecf":"f.1B562DAB7B69DB519EC194079547F9B8.d.868907AAD855EBDF8F66AAD195DF8B09.e.3673","ELEMENT":"f.1B562DAB7B69DB519EC194079547F9B8.d.868907AAD855EBDF8F66AAD195DF8B09.e.3673"}]}
RESULT: {"script":"<script> [8489 bytes]","args":[{"element-6066-11e4-a52e-4f735466cecf":"f.1B562DAB7B69DB519EC194079547F9B8.d.868907AAD855EBDF8F66AAD195DF8B09.e.3673","ELEMENT":"f.1B562DAB7B69DB519EC194079547F9B8.d.868907AAD855EBDF8F66AAD195DF8B09.e.3673"}]}
COMMAND: POST /session/79d72962d9b70739fc8ce96689df7cf6/execute/async - {"script":"<script> [1562 bytes]","args":[{"selector":{"id":"application-managepartners-display-component---NewPartner--addressNewCostObjectCstID-vhi"},"wdio_ui5_key":"applicationmanagepartners-display-component---NewPartner--addressNewCostObjectCstID-vhi"}]}
COMMAND: GET /session/79d72962d9b70739fc8ce96689df7cf6/screenshot - {}
RESULT: {"script":"<script> [1562 bytes]","args":[{"selector":{"id":"application-managepartners-display-component---NewPartner--addressNewCostObjectCstID-vhi"},"wdio_ui5_key":"applicationmanagepartners-display-component---NewPartner--addressNewCostObjectCstID-vhi"}]}
RESULT: undefined
COMMAND: POST /session/79d72962d9b70739fc8ce96689df7cf6/element - {"using":"xpath","value":"//*[@id=\"application-managepartners-display-component---NewPartner--addressNewCostObjectCstID-vhi\"]"}
RESULT: {}
RESULT: {"using":"xpath","value":"//*[@id=\"application-managepartners-display-component---NewPartner--addressNewCostObjectCstID-vhi\"]"}
COMMAND: POST /session/79d72962d9b70739fc8ce96689df7cf6/element/f.1B562DAB7B69DB519EC194079547F9B8.d.868907AAD855EBDF8F66AAD195DF8B09.e.3673/click - {}
RESULT: {}
COMMAND: GET /session/79d72962d9b70739fc8ce96689df7cf6/screenshot - {}
RESULT: {}
COMMAND: POST /session/79d72962d9b70739fc8ce96689df7cf6/execute/async - {"script":"<script> [1562 bytes]","args":[{"selector":{"controlType":"sap.m.SearchField","properties":{"placeholder":"Search"},"searchOpenDialogs":true,"interaction":{"idSuffix":"I"}},"wdio_ui5_key":"sapm.SearchField{\"placeholder\":\"Search\"}"}]}
RESULT: {"script":"<script> [1562 bytes]","args":[{"selector":{"controlType":"sap.m.SearchField","properties":{"placeholder":"Search"},"searchOpenDialogs":true,"interaction":{"idSuffix":"I"}},"wdio_ui5_key":"sapm.SearchField{\"placeholder\":\"Search\"}"}]}
RESULT: undefined
COMMAND: POST /session/79d72962d9b70739fc8ce96689df7cf6/execute/async - {"script":"<script> [776 bytes]","args":[{"enterText":"10001013","selector":{"controlType":"sap.m.SearchField","properties":{"placeholder":"Search"},"searchOpenDialogs":true,"interaction":{"idSuffix":"I"}},"clearTextFirst":true,"interactionType":"ENTER_TEXT"}]}
RESULT: {"script":"<script> [776 bytes]","args":[{"enterText":"10001013","selector":{"controlType":"sap.m.SearchField","properties":{"placeholder":"Search"},"searchOpenDialogs":true,"interaction":{"idSuffix":"I"}},"clearTextFirst":true,"interactionType":"ENTER_TEXT"}]}
COMMAND: POST /session/79d72962d9b70739fc8ce96689df7cf6/actions - {"actions":[{"id":"action7","type":"key","parameters":{},"actions":[{"type":"keyDown","value":""},{"type":"pause","duration":10},{"type":"keyUp","value":""}]}]}
RESULT: {"actions":[{"id":"action7","type":"key","parameters":{},"actions":[{"type":"keyDown","value":""},{"type":"pause","duration":10},{"type":"keyUp","value":""}]}]}
COMMAND: GET /session/79d72962d9b70739fc8ce96689df7cf6/screenshot - {}
RESULT: {}
COMMAND: POST /session/79d72962d9b70739fc8ce96689df7cf6/element - {"using":"xpath","value":"//span[contains(text(), \"General Management\")]"}
RESULT: {"using":"xpath","value":"//span[contains(text(), \"General Management\")]"}
COMMAND: POST /session/79d72962d9b70739fc8ce96689df7cf6/element/f.1B562DAB7B69DB519EC194079547F9B8.d.868907AAD855EBDF8F66AAD195DF8B09.e.3715/click - {}
RESULT: {}
COMMAND: GET /session/79d72962d9b70739fc8ce96689df7cf6/screenshot - {}
RESULT: {}
COMMAND: POST /session/79d72962d9b70739fc8ce96689df7cf6/element - {"using":"xpath","value":"//bdi[contains(text(), \"OK\")]"}
RESULT: {"using":"xpath","value":"//bdi[contains(text(), \"OK\")]"}
COMMAND: POST /session/79d72962d9b70739fc8ce96689df7cf6/element/f.1B562DAB7B69DB519EC194079547F9B8.d.868907AAD855EBDF8F66AAD195DF8B09.e.3716/click - {}
RESULT: {}
COMMAND: GET /session/79d72962d9b70739fc8ce96689df7cf6/screenshot - {}
RESULT: {}
COMMAND: POST /session/79d72962d9b70739fc8ce96689df7cf6/element - {"using":"xpath","value":"//input[@id=\"application-managepartners-display-component---NewPartner--companyCodeComboBox-inner\"]"}
RESULT: {"using":"xpath","value":"//input[@id=\"application-managepartners-display-component---NewPartner--companyCodeComboBox-inner\"]"}
COMMAND: POST /session/79d72962d9b70739fc8ce96689df7cf6/element/f.1B562DAB7B69DB519EC194079547F9B8.d.868907AAD855EBDF8F66AAD195DF8B09.e.3562/clear - {}
RESULT: {}
COMMAND: POST /session/79d72962d9b70739fc8ce96689df7cf6/element/f.1B562DAB7B69DB519EC194079547F9B8.d.868907AAD855EBDF8F66AAD195DF8B09.e.3562/value - {"text":"C002"}
COMMAND: GET /session/79d72962d9b70739fc8ce96689df7cf6/screenshot - {}
RESULT: {"text":"C002"}
COMMAND: GET /session/79d72962d9b70739fc8ce96689df7cf6/screenshot - {}
RESULT: {}
RESULT: {}
COMMAND: POST /session/79d72962d9b70739fc8ce96689df7cf6/element - {"using":"xpath","value":"//li[.//span[text()= \"C002\"]]"}
RESULT: {"using":"xpath","value":"//li[.//span[text()= \"C002\"]]"}
COMMAND: POST /session/79d72962d9b70739fc8ce96689df7cf6/element/f.1B562DAB7B69DB519EC194079547F9B8.d.868907AAD855EBDF8F66AAD195DF8B09.e.3722/click - {}
RESULT: {}
COMMAND: GET /session/79d72962d9b70739fc8ce96689df7cf6/screenshot - {}
RESULT: {}
COMMAND: POST /session/79d72962d9b70739fc8ce96689df7cf6/execute/async - {"script":"<script> [1562 bytes]","args":[{"selector":{"id":"application-managepartners-display-component---NewPartner--btnAddTableRow-img"},"wdio_ui5_key":"applicationmanagepartners-display-component---NewPartner--btnAddTableRow-img"}]}
RESULT: {"script":"<script> [1562 bytes]","args":[{"selector":{"id":"application-managepartners-display-component---NewPartner--btnAddTableRow-img"},"wdio_ui5_key":"applicationmanagepartners-display-component---NewPartner--btnAddTableRow-img"}]}
RESULT: undefined
COMMAND: POST /session/79d72962d9b70739fc8ce96689df7cf6/element - {"using":"xpath","value":"//*[@id=\"application-managepartners-display-component---NewPartner--btnAddTableRow-img\"]"}
RESULT: {"using":"xpath","value":"//*[@id=\"application-managepartners-display-component---NewPartner--btnAddTableRow-img\"]"}
COMMAND: POST /session/79d72962d9b70739fc8ce96689df7cf6/element/f.1B562DAB7B69DB519EC194079547F9B8.d.868907AAD855EBDF8F66AAD195DF8B09.e.3723/click - {}
RESULT: {}
COMMAND: GET /session/79d72962d9b70739fc8ce96689df7cf6/screenshot - {}
RESULT: {}
COMMAND: POST /session/79d72962d9b70739fc8ce96689df7cf6/element - {"using":"xpath","value":"//input[@id=\"application-managepartners-display-component---NewPartner--assignmentYard-application-managepartners-display-component---NewPartner--assignmentsTable-0-inner\"]"}
RESULT: {"using":"xpath","value":"//input[@id=\"application-managepartners-display-component---NewPartner--assignmentYard-application-managepartners-display-component---NewPartner--assignmentsTable-0-inner\"]"}
COMMAND: POST /session/79d72962d9b70739fc8ce96689df7cf6/element/f.1B562DAB7B69DB519EC194079547F9B8.d.868907AAD855EBDF8F66AAD195DF8B09.e.3726/clear - {}
RESULT: {}
COMMAND: POST /session/79d72962d9b70739fc8ce96689df7cf6/element/f.1B562DAB7B69DB519EC194079547F9B8.d.868907AAD855EBDF8F66AAD195DF8B09.e.3726/value - {"text":"642"}
COMMAND: GET /session/79d72962d9b70739fc8ce96689df7cf6/screenshot - {}
RESULT: {"text":"642"}
COMMAND: GET /session/79d72962d9b70739fc8ce96689df7cf6/screenshot - {}
RESULT: {}
RESULT: {}
COMMAND: POST /session/79d72962d9b70739fc8ce96689df7cf6/element - {"using":"xpath","value":"//li[.//span[text()='642']]"}
RESULT: {"using":"xpath","value":"//li[.//span[text()='642']]"}
COMMAND: POST /session/79d72962d9b70739fc8ce96689df7cf6/element/f.1B562DAB7B69DB519EC194079547F9B8.d.868907AAD855EBDF8F66AAD195DF8B09.e.3735/click - {}
RESULT: {}
COMMAND: GET /session/79d72962d9b70739fc8ce96689df7cf6/screenshot - {}
RESULT: {}
COMMAND: POST /session/79d72962d9b70739fc8ce96689df7cf6/actions - {"actions":[{"id":"action8","type":"key","parameters":{},"actions":[{"type":"keyDown","value":""},{"type":"pause","duration":10},{"type":"keyUp","value":""}]}]}
RESULT: {"actions":[{"id":"action8","type":"key","parameters":{},"actions":[{"type":"keyDown","value":""},{"type":"pause","duration":10},{"type":"keyUp","value":""}]}]}
COMMAND: POST /session/79d72962d9b70739fc8ce96689df7cf6/execute/async - {"script":"<script> [1562 bytes]","args":[{"selector":{"id":"application-managepartners-display-component---NewPartner--externalCustomerComboBox-application-managepartners-display-component---NewPartner--assignmentsTable-0-vhi"},"wdio_ui5_key":"applicationmanagepartners-display-component---NewPartner--externalCustomerComboBox-application-managepartners-display-component---NewPartner--assignmentsTable-0-vhi"}]}
COMMAND: GET /session/79d72962d9b70739fc8ce96689df7cf6/screenshot - {}
RESULT: {"script":"<script> [1562 bytes]","args":[{"selector":{"id":"application-managepartners-display-component---NewPartner--externalCustomerComboBox-application-managepartners-display-component---NewPartner--assignmentsTable-0-vhi"},"wdio_ui5_key":"applicationmanagepartners-display-component---NewPartner--externalCustomerComboBox-application-managepartners-display-component---NewPartner--assignmentsTable-0-vhi"}]}
RESULT: undefined
COMMAND: POST /session/79d72962d9b70739fc8ce96689df7cf6/element - {"using":"xpath","value":"//*[@id=\"application-managepartners-display-component---NewPartner--externalCustomerComboBox-application-managepartners-display-component---NewPartner--assignmentsTable-0-vhi\"]"}
RESULT: {}
RESULT: {"using":"xpath","value":"//*[@id=\"application-managepartners-display-component---NewPartner--externalCustomerComboBox-application-managepartners-display-component---NewPartner--assignmentsTable-0-vhi\"]"}
COMMAND: POST /session/79d72962d9b70739fc8ce96689df7cf6/element/f.1B562DAB7B69DB519EC194079547F9B8.d.868907AAD855EBDF8F66AAD195DF8B09.e.3739/click - {}
RESULT: {}
RESULT: undefined
COMMAND: POST /session/79d72962d9b70739fc8ce96689df7cf6/execute/async - {"script":"<script> [776 bytes]","args":[{"enterText":"300003","selector":{"controlType":"sap.m.SearchField","properties":{"placeholder":"Search"},"searchOpenDialogs":true,"interaction":{"idSuffix":"I"}},"clearTextFirst":true,"interactionType":"ENTER_TEXT"}]}
COMMAND: GET /session/79d72962d9b70739fc8ce96689df7cf6/screenshot - {}
RESULT: {"script":"<script> [776 bytes]","args":[{"enterText":"300003","selector":{"controlType":"sap.m.SearchField","properties":{"placeholder":"Search"},"searchOpenDialogs":true,"interaction":{"idSuffix":"I"}},"clearTextFirst":true,"interactionType":"ENTER_TEXT"}]}
COMMAND: POST /session/79d72962d9b70739fc8ce96689df7cf6/actions - {"actions":[{"id":"action9","type":"key","parameters":{},"actions":[{"type":"keyDown","value":""},{"type":"pause","duration":10},{"type":"keyUp","value":""}]}]}
RESULT: {}
RESULT: {"actions":[{"id":"action9","type":"key","parameters":{},"actions":[{"type":"keyDown","value":""},{"type":"pause","duration":10},{"type":"keyUp","value":""}]}]}
COMMAND: GET /session/79d72962d9b70739fc8ce96689df7cf6/screenshot - {}
RESULT: {}
COMMAND: POST /session/79d72962d9b70739fc8ce96689df7cf6/element - {"using":"xpath","value":"//span[contains(text(), \"300003\")]"}
RESULT: {"using":"xpath","value":"//span[contains(text(), \"300003\")]"}
COMMAND: POST /session/79d72962d9b70739fc8ce96689df7cf6/element/f.1B562DAB7B69DB519EC194079547F9B8.d.868907AAD855EBDF8F66AAD195DF8B09.e.3758/click - {}
RESULT: {}
COMMAND: GET /session/79d72962d9b70739fc8ce96689df7cf6/screenshot - {}
RESULT: {}
COMMAND: POST /session/79d72962d9b70739fc8ce96689df7cf6/element - {"using":"xpath","value":"//bdi[contains(text(), \"OK\")]"}
RESULT: {"using":"xpath","value":"//bdi[contains(text(), \"OK\")]"}
COMMAND: POST /session/79d72962d9b70739fc8ce96689df7cf6/element/f.1B562DAB7B69DB519EC194079547F9B8.d.868907AAD855EBDF8F66AAD195DF8B09.e.3760/click - {}
RESULT: {}
COMMAND: GET /session/79d72962d9b70739fc8ce96689df7cf6/screenshot - {}
RESULT: {}
COMMAND: POST /session/79d72962d9b70739fc8ce96689df7cf6/execute/async - {"script":"<script> [1562 bytes]","args":[{"selector":{"id":"application-managepartners-display-component---NewPartner--intercompVendorComboBox-application-managepartners-display-component---NewPartner--assignmentsTable-0-vhi"},"wdio_ui5_key":"applicationmanagepartners-display-component---NewPartner--intercompVendorComboBox-application-managepartners-display-component---NewPartner--assignmentsTable-0-vhi"}]}
RESULT: {"script":"<script> [1562 bytes]","args":[{"selector":{"id":"application-managepartners-display-component---NewPartner--intercompVendorComboBox-application-managepartners-display-component---NewPartner--assignmentsTable-0-vhi"},"wdio_ui5_key":"applicationmanagepartners-display-component---NewPartner--intercompVendorComboBox-application-managepartners-display-component---NewPartner--assignmentsTable-0-vhi"}]}
RESULT: undefined
COMMAND: POST /session/79d72962d9b70739fc8ce96689df7cf6/element - {"using":"xpath","value":"//*[@id=\"application-managepartners-display-component---NewPartner--intercompVendorComboBox-application-managepartners-display-component---NewPartner--assignmentsTable-0-vhi\"]"}
RESULT: {"using":"xpath","value":"//*[@id=\"application-managepartners-display-component---NewPartner--intercompVendorComboBox-application-managepartners-display-component---NewPartner--assignmentsTable-0-vhi\"]"}
COMMAND: POST /session/79d72962d9b70739fc8ce96689df7cf6/element/f.1B562DAB7B69DB519EC194079547F9B8.d.868907AAD855EBDF8F66AAD195DF8B09.e.3763/click - {}
RESULT: {}
RESULT: undefined
COMMAND: POST /session/79d72962d9b70739fc8ce96689df7cf6/execute/async - {"script":"<script> [776 bytes]","args":[{"enterText":"100005","selector":{"controlType":"sap.m.SearchField","properties":{"placeholder":"Search"},"searchOpenDialogs":true,"interaction":{"idSuffix":"I"}},"clearTextFirst":true,"interactionType":"ENTER_TEXT"}]}
COMMAND: GET /session/79d72962d9b70739fc8ce96689df7cf6/screenshot - {}
RESULT: {"script":"<script> [776 bytes]","args":[{"enterText":"100005","selector":{"controlType":"sap.m.SearchField","properties":{"placeholder":"Search"},"searchOpenDialogs":true,"interaction":{"idSuffix":"I"}},"clearTextFirst":true,"interactionType":"ENTER_TEXT"}]}
COMMAND: POST /session/79d72962d9b70739fc8ce96689df7cf6/actions - {"actions":[{"id":"action10","type":"key","parameters":{},"actions":[{"type":"keyDown","value":""},{"type":"pause","duration":10},{"type":"keyUp","value":""}]}]}
RESULT: {}
RESULT: {"actions":[{"id":"action10","type":"key","parameters":{},"actions":[{"type":"keyDown","value":""},{"type":"pause","duration":10},{"type":"keyUp","value":""}]}]}
COMMAND: GET /session/79d72962d9b70739fc8ce96689df7cf6/screenshot - {}
RESULT: {}
COMMAND: POST /session/79d72962d9b70739fc8ce96689df7cf6/element - {"using":"xpath","value":"//span[contains(text(), \"Penguins - Field/12345 Berlin\")]"}
RESULT: {"using":"xpath","value":"//span[contains(text(), \"Penguins - Field/12345 Berlin\")]"}
COMMAND: POST /session/79d72962d9b70739fc8ce96689df7cf6/element/f.1B562DAB7B69DB519EC194079547F9B8.d.868907AAD855EBDF8F66AAD195DF8B09.e.3782/click - {}
RESULT: {}
COMMAND: GET /session/79d72962d9b70739fc8ce96689df7cf6/screenshot - {}
RESULT: {}
COMMAND: POST /session/79d72962d9b70739fc8ce96689df7cf6/element - {"using":"xpath","value":"//bdi[contains(text(), \"OK\")]"}
RESULT: {"using":"xpath","value":"//bdi[contains(text(), \"OK\")]"}
COMMAND: POST /session/79d72962d9b70739fc8ce96689df7cf6/element/f.1B562DAB7B69DB519EC194079547F9B8.d.868907AAD855EBDF8F66AAD195DF8B09.e.3783/click - {}
RESULT: {}
COMMAND: GET /session/79d72962d9b70739fc8ce96689df7cf6/screenshot - {}
RESULT: {}
COMMAND: POST /session/79d72962d9b70739fc8ce96689df7cf6/element - {"using":"xpath","value":"//button[@data-kt=\"saveButton\"]"}
RESULT: {"using":"xpath","value":"//button[@data-kt=\"saveButton\"]"}
COMMAND: POST /session/79d72962d9b70739fc8ce96689df7cf6/element/f.1B562DAB7B69DB519EC194079547F9B8.d.868907AAD855EBDF8F66AAD195DF8B09.e.3567/click - {}
RESULT: {}
COMMAND: GET /session/79d72962d9b70739fc8ce96689df7cf6/screenshot - {}
RESULT: {}
COMMAND: POST /session/79d72962d9b70739fc8ce96689df7cf6/element - {"using":"xpath","value":"//header[contains(@id, 'ObjectPageLayout-headerTitle')]/div[1]/div[2]/div[2]/span[1]"}
RESULT: {"using":"xpath","value":"//header[contains(@id, 'ObjectPageLayout-headerTitle')]/div[1]/div[2]/div[2]/span[1]"}
COMMAND: POST /session/79d72962d9b70739fc8ce96689df7cf6/elements - {"using":"xpath","value":"//header[contains(@id, 'ObjectPageLayout-headerTitle')]/div[1]/div[2]/div[2]/span[1]"}
RESULT: {"using":"xpath","value":"//header[contains(@id, 'ObjectPageLayout-headerTitle')]/div[1]/div[2]/div[2]/span[1]"}
COMMAND: POST /session/79d72962d9b70739fc8ce96689df7cf6/execute/sync - {"script":"<script> [56 bytes]","args":[{"element-6066-11e4-a52e-4f735466cecf":"f.1B562DAB7B69DB519EC194079547F9B8.d.868907AAD855EBDF8F66AAD195DF8B09.e.3937","ELEMENT":"f.1B562DAB7B69DB519EC194079547F9B8.d.868907AAD855EBDF8F66AAD195DF8B09.e.3937"}]}
RESULT: {"script":"<script> [56 bytes]","args":[{"element-6066-11e4-a52e-4f735466cecf":"f.1B562DAB7B69DB519EC194079547F9B8.d.868907AAD855EBDF8F66AAD195DF8B09.e.3937","ELEMENT":"f.1B562DAB7B69DB519EC194079547F9B8.d.868907AAD855EBDF8F66AAD195DF8B09.e.3937"}]}
COMMAND: POST /session/79d72962d9b70739fc8ce96689df7cf6/element - {"using":"css selector","value":"#shell-header-logo"}
COMMAND: GET /session/79d72962d9b70739fc8ce96689df7cf6/screenshot - {}
RESULT: {"using":"css selector","value":"#shell-header-logo"}
COMMAND: POST /session/79d72962d9b70739fc8ce96689df7cf6/element/f.1B562DAB7B69DB519EC194079547F9B8.d.868907AAD855EBDF8F66AAD195DF8B09.e.3160/click - {}
RESULT: {}
RESULT: {}
COMMAND: GET /session/79d72962d9b70739fc8ce96689df7cf6/screenshot - {}
RESULT: {}
COMMAND: POST /session/79d72962d9b70739fc8ce96689df7cf6/execute/sync - {"script":"<script> [299 bytes]","args":[["getModel","getResource"]]}
RESULT: {"script":"<script> [299 bytes]","args":[["getModel","getResource"]]}
RESULT: undefined
COMMAND: POST /session/79d72962d9b70739fc8ce96689df7cf6/element - {"using":"xpath","value":"//*[@id=\"__tile30\"]"}
COMMAND: GET /session/79d72962d9b70739fc8ce96689df7cf6/screenshot - {}
RESULT: {"using":"xpath","value":"//*[@id=\"__tile30\"]"}
COMMAND: POST /session/79d72962d9b70739fc8ce96689df7cf6/element/f.1B562DAB7B69DB519EC194079547F9B8.d.868907AAD855EBDF8F66AAD195DF8B09.e.3080/click - {}
RESULT: {}
RESULT: {}
COMMAND: GET /session/79d72962d9b70739fc8ce96689df7cf6/screenshot - {}
RESULT: {}
COMMAND: POST /session/79d72962d9b70739fc8ce96689df7cf6/elements - {"using":"xpath","value":"//span[text()='Error']"}
RESULT: {"using":"xpath","value":"//span[text()='Error']"}
COMMAND: POST /session/79d72962d9b70739fc8ce96689df7cf6/element - {"using":"xpath","value":"//button[@data-kt=\"addButton\"]"}
RESULT: {"using":"xpath","value":"//button[@data-kt=\"addButton\"]"}
COMMAND: POST /session/79d72962d9b70739fc8ce96689df7cf6/elements - {"using":"xpath","value":"//button[@data-kt=\"addButton\"]"}
RESULT: {"using":"xpath","value":"//button[@data-kt=\"addButton\"]"}
COMMAND: POST /session/79d72962d9b70739fc8ce96689df7cf6/execute/sync - {"script":"<script> [8489 bytes]","args":[{"element-6066-11e4-a52e-4f735466cecf":"f.1B562DAB7B69DB519EC194079547F9B8.d.868907AAD855EBDF8F66AAD195DF8B09.e.3984","ELEMENT":"f.1B562DAB7B69DB519EC194079547F9B8.d.868907AAD855EBDF8F66AAD195DF8B09.e.3984"}]}
RESULT: {"script":"<script> [8489 bytes]","args":[{"element-6066-11e4-a52e-4f735466cecf":"f.1B562DAB7B69DB519EC194079547F9B8.d.868907AAD855EBDF8F66AAD195DF8B09.e.3984","ELEMENT":"f.1B562DAB7B69DB519EC194079547F9B8.d.868907AAD855EBDF8F66AAD195DF8B09.e.3984"}]}
COMMAND: GET /session/79d72962d9b70739fc8ce96689df7cf6/element/f.1B562DAB7B69DB519EC194079547F9B8.d.868907AAD855EBDF8F66AAD195DF8B09.e.3984/enabled - {}
COMMAND: GET /session/79d72962d9b70739fc8ce96689df7cf6/screenshot - {}
RESULT: {}
RESULT: {}
COMMAND: POST /session/79d72962d9b70739fc8ce96689df7cf6/execute/sync - {"script":"<script> [8489 bytes]","args":[{"element-6066-11e4-a52e-4f735466cecf":"f.1B562DAB7B69DB519EC194079547F9B8.d.868907AAD855EBDF8F66AAD195DF8B09.e.3984","ELEMENT":"f.1B562DAB7B69DB519EC194079547F9B8.d.868907AAD855EBDF8F66AAD195DF8B09.e.3984"}]}
COMMAND: GET /session/79d72962d9b70739fc8ce96689df7cf6/screenshot - {}
RESULT: {"script":"<script> [8489 bytes]","args":[{"element-6066-11e4-a52e-4f735466cecf":"f.1B562DAB7B69DB519EC194079547F9B8.d.868907AAD855EBDF8F66AAD195DF8B09.e.3984","ELEMENT":"f.1B562DAB7B69DB519EC194079547F9B8.d.868907AAD855EBDF8F66AAD195DF8B09.e.3984"}]}
COMMAND: POST /session/79d72962d9b70739fc8ce96689df7cf6/execute/sync - {"script":"<script> [5351 bytes]","args":[{"element-6066-11e4-a52e-4f735466cecf":"f.1B562DAB7B69DB519EC194079547F9B8.d.868907AAD855EBDF8F66AAD195DF8B09.e.3984","ELEMENT":"f.1B562DAB7B69DB519EC194079547F9B8.d.868907AAD855EBDF8F66AAD195DF8B09.e.3984"}]}
COMMAND: GET /session/79d72962d9b70739fc8ce96689df7cf6/screenshot - {}
RESULT: {}
RESULT: {"script":"<script> [5351 bytes]","args":[{"element-6066-11e4-a52e-4f735466cecf":"f.1B562DAB7B69DB519EC194079547F9B8.d.868907AAD855EBDF8F66AAD195DF8B09.e.3984","ELEMENT":"f.1B562DAB7B69DB519EC194079547F9B8.d.868907AAD855EBDF8F66AAD195DF8B09.e.3984"}]}
COMMAND: GET /session/79d72962d9b70739fc8ce96689df7cf6/screenshot - {}
RESULT: {}
RESULT: {}
COMMAND: POST /session/79d72962d9b70739fc8ce96689df7cf6/execute/async - {"script":"<script> [1562 bytes]","args":[{"selector":{"id":"application-managepartners-display-component---masterPtm--smartFilterBar-btnBasicSearch","interaction":{"idSuffix":"I"}},"wdio_ui5_key":"applicationmanagepartners-display-component---masterPtm--smartFilterBar-btnBasicSearch"}]}
RESULT: {"script":"<script> [1562 bytes]","args":[{"selector":{"id":"application-managepartners-display-component---masterPtm--smartFilterBar-btnBasicSearch","interaction":{"idSuffix":"I"}},"wdio_ui5_key":"applicationmanagepartners-display-component---masterPtm--smartFilterBar-btnBasicSearch"}]}
RESULT: undefined
COMMAND: POST /session/79d72962d9b70739fc8ce96689df7cf6/execute/async - {"script":"<script> [776 bytes]","args":[{"enterText":"1409","selector":{"id":"application-managepartners-display-component---masterPtm--smartFilterBar-btnBasicSearch","interaction":{"idSuffix":"I"}},"clearTextFirst":true,"interactionType":"ENTER_TEXT"}]}
RESULT: {"script":"<script> [776 bytes]","args":[{"enterText":"1409","selector":{"id":"application-managepartners-display-component---masterPtm--smartFilterBar-btnBasicSearch","interaction":{"idSuffix":"I"}},"clearTextFirst":true,"interactionType":"ENTER_TEXT"}]}
COMMAND: POST /session/79d72962d9b70739fc8ce96689df7cf6/actions - {"actions":[{"id":"action11","type":"key","parameters":{},"actions":[{"type":"keyDown","value":""},{"type":"pause","duration":10},{"type":"keyUp","value":""}]}]}
RESULT: {"actions":[{"id":"action11","type":"key","parameters":{},"actions":[{"type":"keyDown","value":""},{"type":"pause","duration":10},{"type":"keyUp","value":""}]}]}
COMMAND: GET /session/79d72962d9b70739fc8ce96689df7cf6/screenshot - {}
RESULT: {}
COMMAND: POST /session/79d72962d9b70739fc8ce96689df7cf6/elements - {"using":"xpath","value":"//table[contains(@id, \"customPartnersTable-listUl\")]/tbody/tr"}
RESULT: {"using":"xpath","value":"//table[contains(@id, \"customPartnersTable-listUl\")]/tbody/tr"}
COMMAND: POST /session/79d72962d9b70739fc8ce96689df7cf6/element - {"using":"xpath","value":"//table[contains(@id, \"customPartnersTable-listUl\")]/tbody/tr[1]/td[3]/span"}
RESULT: {"using":"xpath","value":"//table[contains(@id, \"customPartnersTable-listUl\")]/tbody/tr[1]/td[3]/span"}
COMMAND: POST /session/79d72962d9b70739fc8ce96689df7cf6/elements - {"using":"xpath","value":"//table[contains(@id, \"customPartnersTable-listUl\")]/tbody/tr[1]/td[3]/span"}
RESULT: {"using":"xpath","value":"//table[contains(@id, \"customPartnersTable-listUl\")]/tbody/tr[1]/td[3]/span"}
COMMAND: POST /session/79d72962d9b70739fc8ce96689df7cf6/execute/sync - {"script":"<script> [56 bytes]","args":[{"element-6066-11e4-a52e-4f735466cecf":"f.1B562DAB7B69DB519EC194079547F9B8.d.868907AAD855EBDF8F66AAD195DF8B09.e.4119","ELEMENT":"f.1B562DAB7B69DB519EC194079547F9B8.d.868907AAD855EBDF8F66AAD195DF8B09.e.4119"}]}
RESULT: {"script":"<script> [56 bytes]","args":[{"element-6066-11e4-a52e-4f735466cecf":"f.1B562DAB7B69DB519EC194079547F9B8.d.868907AAD855EBDF8F66AAD195DF8B09.e.4119","ELEMENT":"f.1B562DAB7B69DB519EC194079547F9B8.d.868907AAD855EBDF8F66AAD195DF8B09.e.4119"}]}
COMMAND: POST /session/79d72962d9b70739fc8ce96689df7cf6/element - {"using":"xpath","value":"(//span[contains(@id, \"imgNav\")])[1]"}
COMMAND: GET /session/79d72962d9b70739fc8ce96689df7cf6/screenshot - {}
RESULT: {"using":"xpath","value":"(//span[contains(@id, \"imgNav\")])[1]"}
COMMAND: POST /session/79d72962d9b70739fc8ce96689df7cf6/element/f.1B562DAB7B69DB519EC194079547F9B8.d.868907AAD855EBDF8F66AAD195DF8B09.e.4117/click - {}
RESULT: {}
RESULT: {}
COMMAND: GET /session/79d72962d9b70739fc8ce96689df7cf6/screenshot - {}
COMMAND: POST /session/79d72962d9b70739fc8ce96689df7cf6/element - {"using":"xpath","value":"//bdi[contains(text(), \"Edit\")]"}
RESULT: {}
RESULT: {"using":"xpath","value":"//bdi[contains(text(), \"Edit\")]"}
COMMAND: POST /session/79d72962d9b70739fc8ce96689df7cf6/element/f.1B562DAB7B69DB519EC194079547F9B8.d.868907AAD855EBDF8F66AAD195DF8B09.e.4262/click - {}
RESULT: {}
COMMAND: GET /session/79d72962d9b70739fc8ce96689df7cf6/screenshot - {}
RESULT: {}
COMMAND: POST /session/79d72962d9b70739fc8ce96689df7cf6/execute/async - {"script":"<script> [1562 bytes]","args":[{"selector":{"controlType":"sap.m.Input","viewName":"etm.portal.ui.managepartners.view.EditDetail","labelFor":{"text":"Name"},"interaction":{"idSuffix":"inner"}},"wdio_ui5_key":"etmportal.ui.managepartners.view.EditDetailsap.m.Input{\"text\":\"Name\"}"}]}
RESULT: {"script":"<script> [1562 bytes]","args":[{"selector":{"controlType":"sap.m.Input","viewName":"etm.portal.ui.managepartners.view.EditDetail","labelFor":{"text":"Name"},"interaction":{"idSuffix":"inner"}},"wdio_ui5_key":"etmportal.ui.managepartners.view.EditDetailsap.m.Input{\"text\":\"Name\"}"}]}
RESULT: undefined
COMMAND: POST /session/79d72962d9b70739fc8ce96689df7cf6/execute/async - {"script":"<script> [776 bytes]","args":[{"enterText":"Intercompany EDIT","selector":{"controlType":"sap.m.Input","viewName":"etm.portal.ui.managepartners.view.EditDetail","labelFor":{"text":"Name"},"interaction":{"idSuffix":"inner"}},"clearTextFirst":true,"interactionType":"ENTER_TEXT"}]}
RESULT: {"script":"<script> [776 bytes]","args":[{"enterText":"Intercompany EDIT","selector":{"controlType":"sap.m.Input","viewName":"etm.portal.ui.managepartners.view.EditDetail","labelFor":{"text":"Name"},"interaction":{"idSuffix":"inner"}},"clearTextFirst":true,"interactionType":"ENTER_TEXT"}]}
COMMAND: POST /session/79d72962d9b70739fc8ce96689df7cf6/element - {"using":"xpath","value":"(//span[contains(@id,\"addressDetailDetailsLanguage-arrow\")])[1]"}
RESULT: {"using":"xpath","value":"(//span[contains(@id,\"addressDetailDetailsLanguage-arrow\")])[1]"}
COMMAND: POST /session/79d72962d9b70739fc8ce96689df7cf6/element/f.1B562DAB7B69DB519EC194079547F9B8.d.868907AAD855EBDF8F66AAD195DF8B09.e.4344/click - {}
RESULT: {}
COMMAND: POST /session/79d72962d9b70739fc8ce96689df7cf6/element - {"using":"xpath","value":"//span[contains(text(), \"Chinese\")]"}
COMMAND: GET /session/79d72962d9b70739fc8ce96689df7cf6/screenshot - {}
RESULT: {"using":"xpath","value":"//span[contains(text(), \"Chinese\")]"}
COMMAND: POST /session/79d72962d9b70739fc8ce96689df7cf6/element/f.1B562DAB7B69DB519EC194079547F9B8.d.868907AAD855EBDF8F66AAD195DF8B09.e.4345/click - {}
RESULT: {}
RESULT: {}
COMMAND: GET /session/79d72962d9b70739fc8ce96689df7cf6/screenshot - {}
RESULT: {}
COMMAND: POST /session/79d72962d9b70739fc8ce96689df7cf6/execute/async - {"script":"<script> [1562 bytes]","args":[{"selector":{"controlType":"sap.m.Input","viewName":"etm.portal.ui.managepartners.view.EditDetail","labelFor":{"text":"City"},"interaction":{"idSuffix":"inner"}},"wdio_ui5_key":"etmportal.ui.managepartners.view.EditDetailsap.m.Input{\"text\":\"City\"}"}]}
RESULT: {"script":"<script> [1562 bytes]","args":[{"selector":{"controlType":"sap.m.Input","viewName":"etm.portal.ui.managepartners.view.EditDetail","labelFor":{"text":"City"},"interaction":{"idSuffix":"inner"}},"wdio_ui5_key":"etmportal.ui.managepartners.view.EditDetailsap.m.Input{\"text\":\"City\"}"}]}
RESULT: undefined
COMMAND: POST /session/79d72962d9b70739fc8ce96689df7cf6/execute/async - {"script":"<script> [776 bytes]","args":[{"enterText":"Clooj-Napoca","selector":{"controlType":"sap.m.Input","viewName":"etm.portal.ui.managepartners.view.EditDetail","labelFor":{"text":"City"},"interaction":{"idSuffix":"inner"}},"clearTextFirst":true,"interactionType":"ENTER_TEXT"}]}
RESULT: {"script":"<script> [776 bytes]","args":[{"enterText":"Clooj-Napoca","selector":{"controlType":"sap.m.Input","viewName":"etm.portal.ui.managepartners.view.EditDetail","labelFor":{"text":"City"},"interaction":{"idSuffix":"inner"}},"clearTextFirst":true,"interactionType":"ENTER_TEXT"}]}
COMMAND: POST /session/79d72962d9b70739fc8ce96689df7cf6/element - {"using":"xpath","value":"//button[@data-kt=\"saveButton\"]"}
RESULT: {"using":"xpath","value":"//button[@data-kt=\"saveButton\"]"}
COMMAND: POST /session/79d72962d9b70739fc8ce96689df7cf6/element/f.1B562DAB7B69DB519EC194079547F9B8.d.868907AAD855EBDF8F66AAD195DF8B09.e.4321/click - {}
RESULT: {}
COMMAND: GET /session/79d72962d9b70739fc8ce96689df7cf6/screenshot - {}
RESULT: {}
COMMAND: POST /session/79d72962d9b70739fc8ce96689df7cf6/execute/async - {"script":"<script> [1562 bytes]","args":[{"selector":{"id":"application-managepartners-display-component---detailPtm--addressDetailDetailsName1"},"wdio_ui5_key":"applicationmanagepartners-display-component---detailPtm--addressDetailDetailsName1"}]}
RESULT: {"script":"<script> [1562 bytes]","args":[{"selector":{"id":"application-managepartners-display-component---detailPtm--addressDetailDetailsName1"},"wdio_ui5_key":"applicationmanagepartners-display-component---detailPtm--addressDetailDetailsName1"}]}
RESULT: undefined
COMMAND: POST /session/79d72962d9b70739fc8ce96689df7cf6/execute/async - {"script":"<script> [6424 bytes]","args":[{"element-6066-11e4-a52e-4f735466cecf":"f.1B562DAB7B69DB519EC194079547F9B8.d.868907AAD855EBDF8F66AAD195DF8B09.e.4376"},"getValue",[]]}
RESULT: {"script":"<script> [6424 bytes]","args":[{"element-6066-11e4-a52e-4f735466cecf":"f.1B562DAB7B69DB519EC194079547F9B8.d.868907AAD855EBDF8F66AAD195DF8B09.e.4376"},"getValue",[]]}
COMMAND: POST /session/79d72962d9b70739fc8ce96689df7cf6/element - {"using":"xpath","value":"//input[@id = \"application-managepartners-display-component---detailPtm--addressDetailDetailsLanguage-inner\"]"}
RESULT: {"using":"xpath","value":"//input[@id = \"application-managepartners-display-component---detailPtm--addressDetailDetailsLanguage-inner\"]"}
COMMAND: GET /session/79d72962d9b70739fc8ce96689df7cf6/element/f.1B562DAB7B69DB519EC194079547F9B8.d.868907AAD855EBDF8F66AAD195DF8B09.e.4377/property/value - {}
RESULT: {}
COMMAND: POST /session/79d72962d9b70739fc8ce96689df7cf6/execute/async - {"script":"<script> [1562 bytes]","args":[{"selector":{"id":"application-managepartners-display-component---detailPtm--addressDetailDetailsCity1"},"wdio_ui5_key":"applicationmanagepartners-display-component---detailPtm--addressDetailDetailsCity1"}]}
COMMAND: GET /session/79d72962d9b70739fc8ce96689df7cf6/screenshot - {}
RESULT: {"script":"<script> [1562 bytes]","args":[{"selector":{"id":"application-managepartners-display-component---detailPtm--addressDetailDetailsCity1"},"wdio_ui5_key":"applicationmanagepartners-display-component---detailPtm--addressDetailDetailsCity1"}]}
RESULT: undefined
COMMAND: POST /session/79d72962d9b70739fc8ce96689df7cf6/execute/async - {"script":"<script> [6424 bytes]","args":[{"element-6066-11e4-a52e-4f735466cecf":"f.1B562DAB7B69DB519EC194079547F9B8.d.868907AAD855EBDF8F66AAD195DF8B09.e.4378"},"getValue",[]]}
RESULT: {}
RESULT: {"script":"<script> [6424 bytes]","args":[{"element-6066-11e4-a52e-4f735466cecf":"f.1B562DAB7B69DB519EC194079547F9B8.d.868907AAD855EBDF8F66AAD195DF8B09.e.4378"},"getValue",[]]}
COMMAND: POST /session/79d72962d9b70739fc8ce96689df7cf6/element - {"using":"css selector","value":"#shell-header-logo"}
RESULT: {"using":"css selector","value":"#shell-header-logo"}
COMMAND: POST /session/79d72962d9b70739fc8ce96689df7cf6/element/f.1B562DAB7B69DB519EC194079547F9B8.d.868907AAD855EBDF8F66AAD195DF8B09.e.3940/click - {}
RESULT: {}
COMMAND: GET /session/79d72962d9b70739fc8ce96689df7cf6/screenshot - {}
RESULT: {}
]]></system-out>
    </testcase>
    <testcase classname="chrome.136_0_7103_93.windows.Partner_specific_tests_US150819_US151080_US151654_US151176_US103444_US151078_US151079_US151109_US151174_US151175_US151189" name="Should create a new intracompany partner edit some of its fields US151079" time="261.275">
      <system-out><![CDATA[
COMMAND: POST /session/79d72962d9b70739fc8ce96689df7cf6/element - {"using":"xpath","value":"//li[.//span[text()=\"Manage Partners\"]]"}
RESULT: {"using":"xpath","value":"//li[.//span[text()=\"Manage Partners\"]]"}
COMMAND: POST /session/79d72962d9b70739fc8ce96689df7cf6/element - {"using":"xpath","value":"//li[.//span[text()=\"Manage Partners\"]]"}
RESULT: {"using":"xpath","value":"//li[.//span[text()=\"Manage Partners\"]]"}
COMMAND: POST /session/79d72962d9b70739fc8ce96689df7cf6/element - {"using":"css selector","value":"#shell-header-logo"}
RESULT: {"using":"css selector","value":"#shell-header-logo"}
COMMAND: POST /session/79d72962d9b70739fc8ce96689df7cf6/element/f.1B562DAB7B69DB519EC194079547F9B8.d.868907AAD855EBDF8F66AAD195DF8B09.e.4409/click - {}
COMMAND: POST /session/79d72962d9b70739fc8ce96689df7cf6/execute/sync - {"script":"<script> [8489 bytes]","args":[{"element-6066-11e4-a52e-4f735466cecf":"f.1B562DAB7B69DB519EC194079547F9B8.d.868907AAD855EBDF8F66AAD195DF8B09.e.4409","ELEMENT":"f.1B562DAB7B69DB519EC194079547F9B8.d.868907AAD855EBDF8F66AAD195DF8B09.e.4409"}]}
RESULT: {}
COMMAND: GET /session/79d72962d9b70739fc8ce96689df7cf6/screenshot - {}
RESULT: {"script":"<script> [8489 bytes]","args":[{"element-6066-11e4-a52e-4f735466cecf":"f.1B562DAB7B69DB519EC194079547F9B8.d.868907AAD855EBDF8F66AAD195DF8B09.e.4409","ELEMENT":"f.1B562DAB7B69DB519EC194079547F9B8.d.868907AAD855EBDF8F66AAD195DF8B09.e.4409"}]}
COMMAND: POST /session/79d72962d9b70739fc8ce96689df7cf6/execute/sync - {"script":"<script> [5351 bytes]","args":[{"element-6066-11e4-a52e-4f735466cecf":"f.1B562DAB7B69DB519EC194079547F9B8.d.868907AAD855EBDF8F66AAD195DF8B09.e.4409","ELEMENT":"f.1B562DAB7B69DB519EC194079547F9B8.d.868907AAD855EBDF8F66AAD195DF8B09.e.4409"}]}
COMMAND: GET /session/79d72962d9b70739fc8ce96689df7cf6/screenshot - {}
RESULT: {}
RESULT: {"script":"<script> [5351 bytes]","args":[{"element-6066-11e4-a52e-4f735466cecf":"f.1B562DAB7B69DB519EC194079547F9B8.d.868907AAD855EBDF8F66AAD195DF8B09.e.4409","ELEMENT":"f.1B562DAB7B69DB519EC194079547F9B8.d.868907AAD855EBDF8F66AAD195DF8B09.e.4409"}]}
COMMAND: GET /session/79d72962d9b70739fc8ce96689df7cf6/screenshot - {}
RESULT: {}
RESULT: {}
COMMAND: POST /session/79d72962d9b70739fc8ce96689df7cf6/refresh - {}
RESULT: {}
COMMAND: GET /session/79d72962d9b70739fc8ce96689df7cf6/screenshot - {}
RESULT: {}
COMMAND: POST /session/79d72962d9b70739fc8ce96689df7cf6/refresh - {}
RESULT: {}
COMMAND: GET /session/79d72962d9b70739fc8ce96689df7cf6/screenshot - {}
RESULT: {}
COMMAND: POST /session/79d72962d9b70739fc8ce96689df7cf6/window/fullscreen - {}
RESULT: {}
COMMAND: POST /session/79d72962d9b70739fc8ce96689df7cf6/execute/async - {"script":"<script> [189 bytes]","args":[]}
RESULT: {"script":"<script> [189 bytes]","args":[]}
COMMAND: POST /session/79d72962d9b70739fc8ce96689df7cf6/execute/async - {"script":"<script> [123 bytes]","args":[]}
RESULT: {"script":"<script> [123 bytes]","args":[]}
COMMAND: POST /session/79d72962d9b70739fc8ce96689df7cf6/timeouts - {"script":"<number>"}
RESULT: {"script":"<number>"}
COMMAND: GET /session/79d72962d9b70739fc8ce96689df7cf6/timeouts - {}
RESULT: {}
RESULT: undefined
COMMAND: POST /session/79d72962d9b70739fc8ce96689df7cf6/execute/async - {"script":"<script> [2676 bytes]","args":[]}
RESULT: {"script":"<script> [2676 bytes]","args":[]}
COMMAND: POST /session/79d72962d9b70739fc8ce96689df7cf6/execute/async - {"script":"<script> [2342 bytes]","args":[{"protocol":"http","hostname":"0.0.0.0","path":"/","capabilities":{"browserName":"chrome","goog:chromeOptions":{"binary":"C:\\Program Files\\Google\\Chrome\\Application\\chrome.exe","args":["--start-maximized"]}},"logLevel":"warn","connectionRetryTimeout":120000,"connectionRetryCount":3,"logLevels":{},"enableDirectConnect":true,"strictSSL":true,"_":"65 more keys: [\"cacheDir\",\"port\",\"requestedCapabilities\",\"automationProtocol\",\"baseUrl\",\"waitforInterval\",\"waitforTimeout\",\"onReload\",\"beforeCommand\",\"afterCommand\",\"rootDir\",\"specs\",\"suites\",\"exclude\",\"groupLogsByTestSpec\",\"excludeDriverLogs\",\"bail\",\"framework\",\"reporters\",\"services\",\"maxInstances\",\"maxInstancesPerCapability\",\"injectGlobals\",\"filesToWatch\",\"execArgv\",\"runnerEnv\",\"runner\",\"shard\",\"specFileRetries\",\"specFileRetriesDelay\",\"specFileRetriesDeferred\",\"reporterSyncInterval\",\"reporterSyncTimeout\",\"cucumberFeaturesWithLineNumbers\",\"autoCompileOpts\",\"mochaOpts\",\"jasmineOpts\",\"cucumberOpts\",\"onPrepare\",\"onWorkerStart\",\"onWorkerEnd\",\"before\",\"beforeSession\",\"beforeSuite\",\"beforeHook\",\"beforeTest\",\"afterTest\",\"afterHook\",\"afterSuite\",\"afterSession\",\"after\",\"onComplete\",\"beforeAssertion\",\"afterAssertion\",\"beforeFeature\",\"beforeScenario\",\"beforeStep\",\"afterStep\",\"afterScenario\",\"afterFeature\",\"_\",\"suite\",\"$0\",\"ignoredWorkerServices\",\"wdi5\"]"}]}
RESULT: {"script":"<script> [2342 bytes]","args":[{"protocol":"http","hostname":"0.0.0.0","path":"/","capabilities":{"browserName":"chrome","goog:chromeOptions":{"binary":"C:\\Program Files\\Google\\Chrome\\Application\\chrome.exe","args":["--start-maximized"]}},"logLevel":"warn","connectionRetryTimeout":120000,"connectionRetryCount":3,"logLevels":{},"enableDirectConnect":true,"strictSSL":true,"_":"65 more keys: [\"cacheDir\",\"port\",\"requestedCapabilities\",\"automationProtocol\",\"baseUrl\",\"waitforInterval\",\"waitforTimeout\",\"onReload\",\"beforeCommand\",\"afterCommand\",\"rootDir\",\"specs\",\"suites\",\"exclude\",\"groupLogsByTestSpec\",\"excludeDriverLogs\",\"bail\",\"framework\",\"reporters\",\"services\",\"maxInstances\",\"maxInstancesPerCapability\",\"injectGlobals\",\"filesToWatch\",\"execArgv\",\"runnerEnv\",\"runner\",\"shard\",\"specFileRetries\",\"specFileRetriesDelay\",\"specFileRetriesDeferred\",\"reporterSyncInterval\",\"reporterSyncTimeout\",\"cucumberFeaturesWithLineNumbers\",\"autoCompileOpts\",\"mochaOpts\",\"jasmineOpts\",\"cucumberOpts\",\"onPrepare\",\"onWorkerStart\",\"onWorkerEnd\",\"before\",\"beforeSession\",\"beforeSuite\",\"beforeHook\",\"beforeTest\",\"afterTest\",\"afterHook\",\"afterSuite\",\"afterSession\",\"after\",\"onComplete\",\"beforeAssertion\",\"afterAssertion\",\"beforeFeature\",\"beforeScenario\",\"beforeStep\",\"afterStep\",\"afterScenario\",\"afterFeature\",\"_\",\"suite\",\"$0\",\"ignoredWorkerServices\",\"wdi5\"]"}]}
COMMAND: POST /session/79d72962d9b70739fc8ce96689df7cf6/execute/async - {"script":"<script> [21126 bytes]","args":[35000]}
RESULT: {"script":"<script> [21126 bytes]","args":[35000]}
COMMAND: POST /session/79d72962d9b70739fc8ce96689df7cf6/window/fullscreen - {}
RESULT: {}
COMMAND: POST /session/79d72962d9b70739fc8ce96689df7cf6/window/fullscreen - {}
RESULT: {}
COMMAND: POST /session/79d72962d9b70739fc8ce96689df7cf6/execute/async - {"script":"<script> [1562 bytes]","args":[{"selector":{"controlType":"sap.m.GenericTile","properties":{"header":"Manage Partners"}},"wdio_ui5_key":"sapm.GenericTile{\"header\":\"Manage Partners\"}"}]}
RESULT: {"script":"<script> [1562 bytes]","args":[{"selector":{"controlType":"sap.m.GenericTile","properties":{"header":"Manage Partners"}},"wdio_ui5_key":"sapm.GenericTile{\"header\":\"Manage Partners\"}"}]}
RESULT: undefined
COMMAND: POST /session/79d72962d9b70739fc8ce96689df7cf6/element - {"using":"xpath","value":"//*[@id=\"__tile30\"]"}
RESULT: {"using":"xpath","value":"//*[@id=\"__tile30\"]"}
COMMAND: POST /session/79d72962d9b70739fc8ce96689df7cf6/element/f.1B562DAB7B69DB519EC194079547F9B8.d.36861642724A850C8263CF4017F9893C.e.4477/click - {}
RESULT: {}
COMMAND: GET /session/79d72962d9b70739fc8ce96689df7cf6/screenshot - {}
RESULT: {}
COMMAND: POST /session/79d72962d9b70739fc8ce96689df7cf6/elements - {"using":"xpath","value":"//span[text()='Error']"}
RESULT: {"using":"xpath","value":"//span[text()='Error']"}
COMMAND: POST /session/79d72962d9b70739fc8ce96689df7cf6/element - {"using":"xpath","value":"//button[@data-kt=\"addButton\"]"}
RESULT: {"using":"xpath","value":"//button[@data-kt=\"addButton\"]"}
COMMAND: POST /session/79d72962d9b70739fc8ce96689df7cf6/elements - {"using":"xpath","value":"//button[@data-kt=\"addButton\"]"}
RESULT: {"using":"xpath","value":"//button[@data-kt=\"addButton\"]"}
COMMAND: POST /session/79d72962d9b70739fc8ce96689df7cf6/elements - {"using":"xpath","value":"//button[@data-kt=\"addButton\"]"}
RESULT: {"using":"xpath","value":"//button[@data-kt=\"addButton\"]"}
COMMAND: POST /session/79d72962d9b70739fc8ce96689df7cf6/elements - {"using":"xpath","value":"//button[@data-kt=\"addButton\"]"}
RESULT: {"using":"xpath","value":"//button[@data-kt=\"addButton\"]"}
COMMAND: POST /session/79d72962d9b70739fc8ce96689df7cf6/element - {"using":"xpath","value":"//button[@data-kt=\"addButton\"]"}
RESULT: {"using":"xpath","value":"//button[@data-kt=\"addButton\"]"}
COMMAND: POST /session/79d72962d9b70739fc8ce96689df7cf6/execute/sync - {"script":"<script> [8489 bytes]","args":[{"element-6066-11e4-a52e-4f735466cecf":"f.1B562DAB7B69DB519EC194079547F9B8.d.36861642724A850C8263CF4017F9893C.e.4592","ELEMENT":"f.1B562DAB7B69DB519EC194079547F9B8.d.36861642724A850C8263CF4017F9893C.e.4592"}]}
RESULT: {"script":"<script> [8489 bytes]","args":[{"element-6066-11e4-a52e-4f735466cecf":"f.1B562DAB7B69DB519EC194079547F9B8.d.36861642724A850C8263CF4017F9893C.e.4592","ELEMENT":"f.1B562DAB7B69DB519EC194079547F9B8.d.36861642724A850C8263CF4017F9893C.e.4592"}]}
COMMAND: GET /session/79d72962d9b70739fc8ce96689df7cf6/element/f.1B562DAB7B69DB519EC194079547F9B8.d.36861642724A850C8263CF4017F9893C.e.4592/enabled - {}
COMMAND: GET /session/79d72962d9b70739fc8ce96689df7cf6/screenshot - {}
RESULT: {}
RESULT: {}
COMMAND: POST /session/79d72962d9b70739fc8ce96689df7cf6/execute/sync - {"script":"<script> [8489 bytes]","args":[{"element-6066-11e4-a52e-4f735466cecf":"f.1B562DAB7B69DB519EC194079547F9B8.d.36861642724A850C8263CF4017F9893C.e.4592","ELEMENT":"f.1B562DAB7B69DB519EC194079547F9B8.d.36861642724A850C8263CF4017F9893C.e.4592"}]}
COMMAND: GET /session/79d72962d9b70739fc8ce96689df7cf6/screenshot - {}
RESULT: {"script":"<script> [8489 bytes]","args":[{"element-6066-11e4-a52e-4f735466cecf":"f.1B562DAB7B69DB519EC194079547F9B8.d.36861642724A850C8263CF4017F9893C.e.4592","ELEMENT":"f.1B562DAB7B69DB519EC194079547F9B8.d.36861642724A850C8263CF4017F9893C.e.4592"}]}
COMMAND: POST /session/79d72962d9b70739fc8ce96689df7cf6/execute/sync - {"script":"<script> [5351 bytes]","args":[{"element-6066-11e4-a52e-4f735466cecf":"f.1B562DAB7B69DB519EC194079547F9B8.d.36861642724A850C8263CF4017F9893C.e.4592","ELEMENT":"f.1B562DAB7B69DB519EC194079547F9B8.d.36861642724A850C8263CF4017F9893C.e.4592"}]}
COMMAND: GET /session/79d72962d9b70739fc8ce96689df7cf6/screenshot - {}
RESULT: {}
RESULT: {"script":"<script> [5351 bytes]","args":[{"element-6066-11e4-a52e-4f735466cecf":"f.1B562DAB7B69DB519EC194079547F9B8.d.36861642724A850C8263CF4017F9893C.e.4592","ELEMENT":"f.1B562DAB7B69DB519EC194079547F9B8.d.36861642724A850C8263CF4017F9893C.e.4592"}]}
COMMAND: POST /session/79d72962d9b70739fc8ce96689df7cf6/element/f.1B562DAB7B69DB519EC194079547F9B8.d.36861642724A850C8263CF4017F9893C.e.4592/click - {}
COMMAND: GET /session/79d72962d9b70739fc8ce96689df7cf6/screenshot - {}
RESULT: {}
RESULT: {}
COMMAND: GET /session/79d72962d9b70739fc8ce96689df7cf6/screenshot - {}
COMMAND: POST /session/79d72962d9b70739fc8ce96689df7cf6/execute/async - {"script":"<script> [1562 bytes]","args":[{"selector":{"id":"application-managepartners-display-component---NewPartner--addressDetailDetailsName1","interaction":{"idSuffix":"inner"}},"wdio_ui5_key":"applicationmanagepartners-display-component---NewPartner--addressDetailDetailsName1"}]}
RESULT: {}
RESULT: {}
RESULT: {"script":"<script> [1562 bytes]","args":[{"selector":{"id":"application-managepartners-display-component---NewPartner--addressDetailDetailsName1","interaction":{"idSuffix":"inner"}},"wdio_ui5_key":"applicationmanagepartners-display-component---NewPartner--addressDetailDetailsName1"}]}
RESULT: undefined
COMMAND: POST /session/79d72962d9b70739fc8ce96689df7cf6/execute/async - {"script":"<script> [776 bytes]","args":[{"enterText":"Intracompany Partner WDIO","selector":{"id":"application-managepartners-display-component---NewPartner--addressDetailDetailsName1","interaction":{"idSuffix":"inner"}},"clearTextFirst":true,"interactionType":"ENTER_TEXT"}]}
RESULT: {"script":"<script> [776 bytes]","args":[{"enterText":"Intracompany Partner WDIO","selector":{"id":"application-managepartners-display-component---NewPartner--addressDetailDetailsName1","interaction":{"idSuffix":"inner"}},"clearTextFirst":true,"interactionType":"ENTER_TEXT"}]}
COMMAND: POST /session/79d72962d9b70739fc8ce96689df7cf6/execute/async - {"script":"<script> [1562 bytes]","args":[{"selector":{"id":"application-managepartners-display-component---NewPartner--addressDetailDetailsLanguage-arrow"},"wdio_ui5_key":"applicationmanagepartners-display-component---NewPartner--addressDetailDetailsLanguage-arrow"}]}
RESULT: {"script":"<script> [1562 bytes]","args":[{"selector":{"id":"application-managepartners-display-component---NewPartner--addressDetailDetailsLanguage-arrow"},"wdio_ui5_key":"applicationmanagepartners-display-component---NewPartner--addressDetailDetailsLanguage-arrow"}]}
RESULT: undefined
COMMAND: POST /session/79d72962d9b70739fc8ce96689df7cf6/element - {"using":"xpath","value":"//*[@id=\"application-managepartners-display-component---NewPartner--addressDetailDetailsLanguage-arrow\"]"}
RESULT: {"using":"xpath","value":"//*[@id=\"application-managepartners-display-component---NewPartner--addressDetailDetailsLanguage-arrow\"]"}
COMMAND: POST /session/79d72962d9b70739fc8ce96689df7cf6/element/f.1B562DAB7B69DB519EC194079547F9B8.d.36861642724A850C8263CF4017F9893C.e.5047/click - {}
RESULT: {}
COMMAND: POST /session/79d72962d9b70739fc8ce96689df7cf6/element - {"using":"xpath","value":"//span[contains(text(), \"English\")]"}
COMMAND: GET /session/79d72962d9b70739fc8ce96689df7cf6/screenshot - {}
RESULT: {"using":"xpath","value":"//span[contains(text(), \"English\")]"}
COMMAND: POST /session/79d72962d9b70739fc8ce96689df7cf6/element/f.1B562DAB7B69DB519EC194079547F9B8.d.36861642724A850C8263CF4017F9893C.e.5048/click - {}
RESULT: {}
RESULT: {}
COMMAND: GET /session/79d72962d9b70739fc8ce96689df7cf6/screenshot - {}
RESULT: {}
COMMAND: POST /session/79d72962d9b70739fc8ce96689df7cf6/execute/async - {"script":"<script> [1562 bytes]","args":[{"selector":{"id":"application-managepartners-display-component---NewPartner--addressDetailDetailsCity1","interaction":{"idSuffix":"inner"}},"wdio_ui5_key":"applicationmanagepartners-display-component---NewPartner--addressDetailDetailsCity1"}]}
RESULT: {"script":"<script> [1562 bytes]","args":[{"selector":{"id":"application-managepartners-display-component---NewPartner--addressDetailDetailsCity1","interaction":{"idSuffix":"inner"}},"wdio_ui5_key":"applicationmanagepartners-display-component---NewPartner--addressDetailDetailsCity1"}]}
RESULT: undefined
COMMAND: POST /session/79d72962d9b70739fc8ce96689df7cf6/execute/async - {"script":"<script> [776 bytes]","args":[{"enterText":"Rosario","selector":{"id":"application-managepartners-display-component---NewPartner--addressDetailDetailsCity1","interaction":{"idSuffix":"inner"}},"clearTextFirst":true,"interactionType":"ENTER_TEXT"}]}
RESULT: {"script":"<script> [776 bytes]","args":[{"enterText":"Rosario","selector":{"id":"application-managepartners-display-component---NewPartner--addressDetailDetailsCity1","interaction":{"idSuffix":"inner"}},"clearTextFirst":true,"interactionType":"ENTER_TEXT"}]}
COMMAND: POST /session/79d72962d9b70739fc8ce96689df7cf6/execute/async - {"script":"<script> [1562 bytes]","args":[{"selector":{"id":"application-managepartners-display-component---NewPartner--addressDetailDetailsCountry-arrow"},"wdio_ui5_key":"applicationmanagepartners-display-component---NewPartner--addressDetailDetailsCountry-arrow"}]}
RESULT: {"script":"<script> [1562 bytes]","args":[{"selector":{"id":"application-managepartners-display-component---NewPartner--addressDetailDetailsCountry-arrow"},"wdio_ui5_key":"applicationmanagepartners-display-component---NewPartner--addressDetailDetailsCountry-arrow"}]}
RESULT: undefined
COMMAND: POST /session/79d72962d9b70739fc8ce96689df7cf6/element - {"using":"xpath","value":"//*[@id=\"application-managepartners-display-component---NewPartner--addressDetailDetailsCountry-arrow\"]"}
RESULT: {"using":"xpath","value":"//*[@id=\"application-managepartners-display-component---NewPartner--addressDetailDetailsCountry-arrow\"]"}
COMMAND: POST /session/79d72962d9b70739fc8ce96689df7cf6/element/f.1B562DAB7B69DB519EC194079547F9B8.d.36861642724A850C8263CF4017F9893C.e.5034/click - {}
RESULT: {}
COMMAND: POST /session/79d72962d9b70739fc8ce96689df7cf6/element - {"using":"xpath","value":"//span[contains(text(), \"Argentina\")]"}
COMMAND: GET /session/79d72962d9b70739fc8ce96689df7cf6/screenshot - {}
RESULT: {"using":"xpath","value":"//span[contains(text(), \"Argentina\")]"}
COMMAND: POST /session/79d72962d9b70739fc8ce96689df7cf6/element/f.1B562DAB7B69DB519EC194079547F9B8.d.36861642724A850C8263CF4017F9893C.e.5050/click - {}
RESULT: {}
RESULT: {}
COMMAND: GET /session/79d72962d9b70739fc8ce96689df7cf6/screenshot - {}
RESULT: {}
COMMAND: POST /session/79d72962d9b70739fc8ce96689df7cf6/element - {"using":"xpath","value":"//bdi[contains(text(), \"Commercial\")]"}
RESULT: {"using":"xpath","value":"//bdi[contains(text(), \"Commercial\")]"}
COMMAND: POST /session/79d72962d9b70739fc8ce96689df7cf6/element/f.1B562DAB7B69DB519EC194079547F9B8.d.36861642724A850C8263CF4017F9893C.e.5051/click - {}
RESULT: {}
COMMAND: GET /session/79d72962d9b70739fc8ce96689df7cf6/screenshot - {}
RESULT: {}
COMMAND: POST /session/79d72962d9b70739fc8ce96689df7cf6/execute/async - {"script":"<script> [1562 bytes]","args":[{"selector":{"id":"application-managepartners-display-component---NewPartner--partnerDetailInternal-arrow"},"wdio_ui5_key":"applicationmanagepartners-display-component---NewPartner--partnerDetailInternal-arrow"}]}
RESULT: {"script":"<script> [1562 bytes]","args":[{"selector":{"id":"application-managepartners-display-component---NewPartner--partnerDetailInternal-arrow"},"wdio_ui5_key":"applicationmanagepartners-display-component---NewPartner--partnerDetailInternal-arrow"}]}
RESULT: undefined
COMMAND: POST /session/79d72962d9b70739fc8ce96689df7cf6/element - {"using":"xpath","value":"//*[@id=\"application-managepartners-display-component---NewPartner--partnerDetailInternal-arrow\"]"}
RESULT: {"using":"xpath","value":"//*[@id=\"application-managepartners-display-component---NewPartner--partnerDetailInternal-arrow\"]"}
COMMAND: POST /session/79d72962d9b70739fc8ce96689df7cf6/element/f.1B562DAB7B69DB519EC194079547F9B8.d.36861642724A850C8263CF4017F9893C.e.5057/click - {}
RESULT: {}
COMMAND: POST /session/79d72962d9b70739fc8ce96689df7cf6/element - {"using":"xpath","value":"//span[contains(text(), \"Affiliated company\")]"}
COMMAND: GET /session/79d72962d9b70739fc8ce96689df7cf6/screenshot - {}
RESULT: {"using":"xpath","value":"//span[contains(text(), \"Affiliated company\")]"}
COMMAND: POST /session/79d72962d9b70739fc8ce96689df7cf6/element/f.1B562DAB7B69DB519EC194079547F9B8.d.36861642724A850C8263CF4017F9893C.e.5059/click - {}
RESULT: {}
RESULT: {}
COMMAND: POST /session/79d72962d9b70739fc8ce96689df7cf6/execute/async - {"script":"<script> [1562 bytes]","args":[{"selector":{"id":"application-managepartners-display-component---NewPartner--partnerDetailsCurrency-arrow"},"wdio_ui5_key":"applicationmanagepartners-display-component---NewPartner--partnerDetailsCurrency-arrow"}]}
COMMAND: GET /session/79d72962d9b70739fc8ce96689df7cf6/screenshot - {}
RESULT: {"script":"<script> [1562 bytes]","args":[{"selector":{"id":"application-managepartners-display-component---NewPartner--partnerDetailsCurrency-arrow"},"wdio_ui5_key":"applicationmanagepartners-display-component---NewPartner--partnerDetailsCurrency-arrow"}]}
RESULT: undefined
COMMAND: POST /session/79d72962d9b70739fc8ce96689df7cf6/element - {"using":"xpath","value":"//*[@id=\"application-managepartners-display-component---NewPartner--partnerDetailsCurrency-arrow\"]"}
RESULT: {}
RESULT: {"using":"xpath","value":"//*[@id=\"application-managepartners-display-component---NewPartner--partnerDetailsCurrency-arrow\"]"}
COMMAND: POST /session/79d72962d9b70739fc8ce96689df7cf6/element/f.1B562DAB7B69DB519EC194079547F9B8.d.36861642724A850C8263CF4017F9893C.e.5066/click - {}
RESULT: {}
COMMAND: POST /session/79d72962d9b70739fc8ce96689df7cf6/element - {"using":"xpath","value":"//span[contains(text(), \"Euro\")]"}
COMMAND: GET /session/79d72962d9b70739fc8ce96689df7cf6/screenshot - {}
RESULT: {"using":"xpath","value":"//span[contains(text(), \"Euro\")]"}
COMMAND: POST /session/79d72962d9b70739fc8ce96689df7cf6/element/f.1B562DAB7B69DB519EC194079547F9B8.d.36861642724A850C8263CF4017F9893C.e.5067/click - {}
RESULT: {}
RESULT: {}
COMMAND: POST /session/79d72962d9b70739fc8ce96689df7cf6/execute/async - {"script":"<script> [1562 bytes]","args":[{"selector":{"id":"application-managepartners-display-component---NewPartner--addressEditDetailsCostObjectCstType-arrow"},"wdio_ui5_key":"applicationmanagepartners-display-component---NewPartner--addressEditDetailsCostObjectCstType-arrow"}]}
COMMAND: GET /session/79d72962d9b70739fc8ce96689df7cf6/screenshot - {}
RESULT: {"script":"<script> [1562 bytes]","args":[{"selector":{"id":"application-managepartners-display-component---NewPartner--addressEditDetailsCostObjectCstType-arrow"},"wdio_ui5_key":"applicationmanagepartners-display-component---NewPartner--addressEditDetailsCostObjectCstType-arrow"}]}
RESULT: undefined
COMMAND: POST /session/79d72962d9b70739fc8ce96689df7cf6/element - {"using":"xpath","value":"//*[@id=\"application-managepartners-display-component---NewPartner--addressEditDetailsCostObjectCstType-arrow\"]"}
RESULT: {}
RESULT: {"using":"xpath","value":"//*[@id=\"application-managepartners-display-component---NewPartner--addressEditDetailsCostObjectCstType-arrow\"]"}
COMMAND: POST /session/79d72962d9b70739fc8ce96689df7cf6/element/f.1B562DAB7B69DB519EC194079547F9B8.d.36861642724A850C8263CF4017F9893C.e.5068/click - {}
RESULT: {}
COMMAND: POST /session/79d72962d9b70739fc8ce96689df7cf6/element - {"using":"xpath","value":"//span[contains(text(), \"Cost Center\")]"}
COMMAND: GET /session/79d72962d9b70739fc8ce96689df7cf6/screenshot - {}
RESULT: {"using":"xpath","value":"//span[contains(text(), \"Cost Center\")]"}
COMMAND: POST /session/79d72962d9b70739fc8ce96689df7cf6/element/f.1B562DAB7B69DB519EC194079547F9B8.d.36861642724A850C8263CF4017F9893C.e.5069/click - {}
RESULT: {}
RESULT: {}
COMMAND: GET /session/79d72962d9b70739fc8ce96689df7cf6/screenshot - {}
RESULT: {}
COMMAND: POST /session/79d72962d9b70739fc8ce96689df7cf6/element - {"using":"xpath","value":"//span[@id=\"application-managepartners-display-component---NewPartner--addressNewCostObjectCstID-vhi\"]"}
RESULT: {"using":"xpath","value":"//span[@id=\"application-managepartners-display-component---NewPartner--addressNewCostObjectCstID-vhi\"]"}
COMMAND: POST /session/79d72962d9b70739fc8ce96689df7cf6/execute/sync - {"script":"<script> [8489 bytes]","args":[{"element-6066-11e4-a52e-4f735466cecf":"f.1B562DAB7B69DB519EC194079547F9B8.d.36861642724A850C8263CF4017F9893C.e.5073","ELEMENT":"f.1B562DAB7B69DB519EC194079547F9B8.d.36861642724A850C8263CF4017F9893C.e.5073"}]}
RESULT: {"script":"<script> [8489 bytes]","args":[{"element-6066-11e4-a52e-4f735466cecf":"f.1B562DAB7B69DB519EC194079547F9B8.d.36861642724A850C8263CF4017F9893C.e.5073","ELEMENT":"f.1B562DAB7B69DB519EC194079547F9B8.d.36861642724A850C8263CF4017F9893C.e.5073"}]}
COMMAND: POST /session/79d72962d9b70739fc8ce96689df7cf6/execute/async - {"script":"<script> [1562 bytes]","args":[{"selector":{"id":"application-managepartners-display-component---NewPartner--addressNewCostObjectCstID-vhi"},"wdio_ui5_key":"applicationmanagepartners-display-component---NewPartner--addressNewCostObjectCstID-vhi"}]}
COMMAND: GET /session/79d72962d9b70739fc8ce96689df7cf6/screenshot - {}
RESULT: {"script":"<script> [1562 bytes]","args":[{"selector":{"id":"application-managepartners-display-component---NewPartner--addressNewCostObjectCstID-vhi"},"wdio_ui5_key":"applicationmanagepartners-display-component---NewPartner--addressNewCostObjectCstID-vhi"}]}
RESULT: undefined
COMMAND: POST /session/79d72962d9b70739fc8ce96689df7cf6/element - {"using":"xpath","value":"//*[@id=\"application-managepartners-display-component---NewPartner--addressNewCostObjectCstID-vhi\"]"}
RESULT: {}
RESULT: {"using":"xpath","value":"//*[@id=\"application-managepartners-display-component---NewPartner--addressNewCostObjectCstID-vhi\"]"}
COMMAND: POST /session/79d72962d9b70739fc8ce96689df7cf6/element/f.1B562DAB7B69DB519EC194079547F9B8.d.36861642724A850C8263CF4017F9893C.e.5073/click - {}
RESULT: {}
COMMAND: GET /session/79d72962d9b70739fc8ce96689df7cf6/screenshot - {}
RESULT: {}
COMMAND: POST /session/79d72962d9b70739fc8ce96689df7cf6/execute/async - {"script":"<script> [1562 bytes]","args":[{"selector":{"controlType":"sap.m.SearchField","properties":{"placeholder":"Search"},"searchOpenDialogs":true,"interaction":{"idSuffix":"I"}},"wdio_ui5_key":"sapm.SearchField{\"placeholder\":\"Search\"}"}]}
RESULT: {"script":"<script> [1562 bytes]","args":[{"selector":{"controlType":"sap.m.SearchField","properties":{"placeholder":"Search"},"searchOpenDialogs":true,"interaction":{"idSuffix":"I"}},"wdio_ui5_key":"sapm.SearchField{\"placeholder\":\"Search\"}"}]}
RESULT: undefined
COMMAND: POST /session/79d72962d9b70739fc8ce96689df7cf6/execute/async - {"script":"<script> [776 bytes]","args":[{"enterText":"10001013","selector":{"controlType":"sap.m.SearchField","properties":{"placeholder":"Search"},"searchOpenDialogs":true,"interaction":{"idSuffix":"I"}},"clearTextFirst":true,"interactionType":"ENTER_TEXT"}]}
RESULT: {"script":"<script> [776 bytes]","args":[{"enterText":"10001013","selector":{"controlType":"sap.m.SearchField","properties":{"placeholder":"Search"},"searchOpenDialogs":true,"interaction":{"idSuffix":"I"}},"clearTextFirst":true,"interactionType":"ENTER_TEXT"}]}
COMMAND: POST /session/79d72962d9b70739fc8ce96689df7cf6/actions - {"actions":[{"id":"action12","type":"key","parameters":{},"actions":[{"type":"keyDown","value":""},{"type":"pause","duration":10},{"type":"keyUp","value":""}]}]}
RESULT: {"actions":[{"id":"action12","type":"key","parameters":{},"actions":[{"type":"keyDown","value":""},{"type":"pause","duration":10},{"type":"keyUp","value":""}]}]}
COMMAND: GET /session/79d72962d9b70739fc8ce96689df7cf6/screenshot - {}
RESULT: {}
COMMAND: POST /session/79d72962d9b70739fc8ce96689df7cf6/element - {"using":"xpath","value":"//span[contains(text(), \"General Management\")]"}
RESULT: {"using":"xpath","value":"//span[contains(text(), \"General Management\")]"}
COMMAND: POST /session/79d72962d9b70739fc8ce96689df7cf6/element/f.1B562DAB7B69DB519EC194079547F9B8.d.36861642724A850C8263CF4017F9893C.e.5116/click - {}
RESULT: {}
COMMAND: GET /session/79d72962d9b70739fc8ce96689df7cf6/screenshot - {}
RESULT: {}
COMMAND: POST /session/79d72962d9b70739fc8ce96689df7cf6/element - {"using":"xpath","value":"//bdi[contains(text(), \"OK\")]"}
RESULT: {"using":"xpath","value":"//bdi[contains(text(), \"OK\")]"}
COMMAND: POST /session/79d72962d9b70739fc8ce96689df7cf6/element/f.1B562DAB7B69DB519EC194079547F9B8.d.36861642724A850C8263CF4017F9893C.e.5117/click - {}
RESULT: {}
COMMAND: GET /session/79d72962d9b70739fc8ce96689df7cf6/screenshot - {}
RESULT: {}
COMMAND: POST /session/79d72962d9b70739fc8ce96689df7cf6/element - {"using":"xpath","value":"//input[@id=\"application-managepartners-display-component---NewPartner--companyCodeComboBox-inner\"]"}
RESULT: {"using":"xpath","value":"//input[@id=\"application-managepartners-display-component---NewPartner--companyCodeComboBox-inner\"]"}
COMMAND: POST /session/79d72962d9b70739fc8ce96689df7cf6/element/f.1B562DAB7B69DB519EC194079547F9B8.d.36861642724A850C8263CF4017F9893C.e.4865/clear - {}
RESULT: {}
COMMAND: POST /session/79d72962d9b70739fc8ce96689df7cf6/element/f.1B562DAB7B69DB519EC194079547F9B8.d.36861642724A850C8263CF4017F9893C.e.4865/value - {"text":"1000"}
COMMAND: GET /session/79d72962d9b70739fc8ce96689df7cf6/screenshot - {}
RESULT: {"text":"1000"}
COMMAND: GET /session/79d72962d9b70739fc8ce96689df7cf6/screenshot - {}
RESULT: {}
RESULT: {}
COMMAND: POST /session/79d72962d9b70739fc8ce96689df7cf6/element - {"using":"xpath","value":"//li[.//span[text()= \"1000\"]]"}
RESULT: {"using":"xpath","value":"//li[.//span[text()= \"1000\"]]"}
COMMAND: POST /session/79d72962d9b70739fc8ce96689df7cf6/element/f.1B562DAB7B69DB519EC194079547F9B8.d.36861642724A850C8263CF4017F9893C.e.5123/click - {}
RESULT: {}
COMMAND: GET /session/79d72962d9b70739fc8ce96689df7cf6/screenshot - {}
RESULT: {}
COMMAND: POST /session/79d72962d9b70739fc8ce96689df7cf6/execute/async - {"script":"<script> [1562 bytes]","args":[{"selector":{"id":"application-managepartners-display-component---NewPartner--btnAddTableRow-img"},"wdio_ui5_key":"applicationmanagepartners-display-component---NewPartner--btnAddTableRow-img"}]}
RESULT: {"script":"<script> [1562 bytes]","args":[{"selector":{"id":"application-managepartners-display-component---NewPartner--btnAddTableRow-img"},"wdio_ui5_key":"applicationmanagepartners-display-component---NewPartner--btnAddTableRow-img"}]}
RESULT: undefined
COMMAND: POST /session/79d72962d9b70739fc8ce96689df7cf6/element - {"using":"xpath","value":"//*[@id=\"application-managepartners-display-component---NewPartner--btnAddTableRow-img\"]"}
RESULT: {"using":"xpath","value":"//*[@id=\"application-managepartners-display-component---NewPartner--btnAddTableRow-img\"]"}
COMMAND: POST /session/79d72962d9b70739fc8ce96689df7cf6/element/f.1B562DAB7B69DB519EC194079547F9B8.d.36861642724A850C8263CF4017F9893C.e.5124/click - {}
RESULT: {}
COMMAND: GET /session/79d72962d9b70739fc8ce96689df7cf6/screenshot - {}
RESULT: {}
COMMAND: POST /session/79d72962d9b70739fc8ce96689df7cf6/element - {"using":"xpath","value":"//input[@id=\"application-managepartners-display-component---NewPartner--assignmentYard-application-managepartners-display-component---NewPartner--assignmentsTable-0-inner\"]"}
RESULT: {"using":"xpath","value":"//input[@id=\"application-managepartners-display-component---NewPartner--assignmentYard-application-managepartners-display-component---NewPartner--assignmentsTable-0-inner\"]"}
COMMAND: POST /session/79d72962d9b70739fc8ce96689df7cf6/element/f.1B562DAB7B69DB519EC194079547F9B8.d.36861642724A850C8263CF4017F9893C.e.5127/clear - {}
RESULT: {}
COMMAND: POST /session/79d72962d9b70739fc8ce96689df7cf6/element/f.1B562DAB7B69DB519EC194079547F9B8.d.36861642724A850C8263CF4017F9893C.e.5127/value - {"text":"642"}
COMMAND: GET /session/79d72962d9b70739fc8ce96689df7cf6/screenshot - {}
RESULT: {"text":"642"}
COMMAND: GET /session/79d72962d9b70739fc8ce96689df7cf6/screenshot - {}
RESULT: {}
RESULT: {}
COMMAND: POST /session/79d72962d9b70739fc8ce96689df7cf6/element - {"using":"xpath","value":"//li[.//span[text()='642']]"}
RESULT: {"using":"xpath","value":"//li[.//span[text()='642']]"}
COMMAND: POST /session/79d72962d9b70739fc8ce96689df7cf6/element/f.1B562DAB7B69DB519EC194079547F9B8.d.36861642724A850C8263CF4017F9893C.e.5136/click - {}
RESULT: {}
COMMAND: GET /session/79d72962d9b70739fc8ce96689df7cf6/screenshot - {}
RESULT: {}
COMMAND: POST /session/79d72962d9b70739fc8ce96689df7cf6/actions - {"actions":[{"id":"action13","type":"key","parameters":{},"actions":[{"type":"keyDown","value":""},{"type":"pause","duration":10},{"type":"keyUp","value":""}]}]}
RESULT: {"actions":[{"id":"action13","type":"key","parameters":{},"actions":[{"type":"keyDown","value":""},{"type":"pause","duration":10},{"type":"keyUp","value":""}]}]}
COMMAND: POST /session/79d72962d9b70739fc8ce96689df7cf6/execute/async - {"script":"<script> [1562 bytes]","args":[{"selector":{"id":"application-managepartners-display-component---NewPartner--externalCustomerComboBox-application-managepartners-display-component---NewPartner--assignmentsTable-0-vhi"},"wdio_ui5_key":"applicationmanagepartners-display-component---NewPartner--externalCustomerComboBox-application-managepartners-display-component---NewPartner--assignmentsTable-0-vhi"}]}
COMMAND: GET /session/79d72962d9b70739fc8ce96689df7cf6/screenshot - {}
RESULT: {"script":"<script> [1562 bytes]","args":[{"selector":{"id":"application-managepartners-display-component---NewPartner--externalCustomerComboBox-application-managepartners-display-component---NewPartner--assignmentsTable-0-vhi"},"wdio_ui5_key":"applicationmanagepartners-display-component---NewPartner--externalCustomerComboBox-application-managepartners-display-component---NewPartner--assignmentsTable-0-vhi"}]}
RESULT: undefined
COMMAND: POST /session/79d72962d9b70739fc8ce96689df7cf6/element - {"using":"xpath","value":"//*[@id=\"application-managepartners-display-component---NewPartner--externalCustomerComboBox-application-managepartners-display-component---NewPartner--assignmentsTable-0-vhi\"]"}
RESULT: {}
RESULT: {"using":"xpath","value":"//*[@id=\"application-managepartners-display-component---NewPartner--externalCustomerComboBox-application-managepartners-display-component---NewPartner--assignmentsTable-0-vhi\"]"}
COMMAND: POST /session/79d72962d9b70739fc8ce96689df7cf6/element/f.1B562DAB7B69DB519EC194079547F9B8.d.36861642724A850C8263CF4017F9893C.e.5140/click - {}
RESULT: {}
RESULT: undefined
COMMAND: POST /session/79d72962d9b70739fc8ce96689df7cf6/execute/async - {"script":"<script> [776 bytes]","args":[{"enterText":"300003","selector":{"controlType":"sap.m.SearchField","properties":{"placeholder":"Search"},"searchOpenDialogs":true,"interaction":{"idSuffix":"I"}},"clearTextFirst":true,"interactionType":"ENTER_TEXT"}]}
COMMAND: GET /session/79d72962d9b70739fc8ce96689df7cf6/screenshot - {}
RESULT: {"script":"<script> [776 bytes]","args":[{"enterText":"300003","selector":{"controlType":"sap.m.SearchField","properties":{"placeholder":"Search"},"searchOpenDialogs":true,"interaction":{"idSuffix":"I"}},"clearTextFirst":true,"interactionType":"ENTER_TEXT"}]}
COMMAND: POST /session/79d72962d9b70739fc8ce96689df7cf6/actions - {"actions":[{"id":"action14","type":"key","parameters":{},"actions":[{"type":"keyDown","value":""},{"type":"pause","duration":10},{"type":"keyUp","value":""}]}]}
RESULT: {}
RESULT: {"actions":[{"id":"action14","type":"key","parameters":{},"actions":[{"type":"keyDown","value":""},{"type":"pause","duration":10},{"type":"keyUp","value":""}]}]}
COMMAND: GET /session/79d72962d9b70739fc8ce96689df7cf6/screenshot - {}
RESULT: {}
COMMAND: POST /session/79d72962d9b70739fc8ce96689df7cf6/element - {"using":"xpath","value":"//span[contains(text(), \"300003\")]"}
RESULT: {"using":"xpath","value":"//span[contains(text(), \"300003\")]"}
COMMAND: POST /session/79d72962d9b70739fc8ce96689df7cf6/element/f.1B562DAB7B69DB519EC194079547F9B8.d.36861642724A850C8263CF4017F9893C.e.5157/click - {}
RESULT: {}
COMMAND: GET /session/79d72962d9b70739fc8ce96689df7cf6/screenshot - {}
RESULT: {}
COMMAND: POST /session/79d72962d9b70739fc8ce96689df7cf6/element - {"using":"xpath","value":"//bdi[contains(text(), \"OK\")]"}
RESULT: {"using":"xpath","value":"//bdi[contains(text(), \"OK\")]"}
COMMAND: POST /session/79d72962d9b70739fc8ce96689df7cf6/element/f.1B562DAB7B69DB519EC194079547F9B8.d.36861642724A850C8263CF4017F9893C.e.5159/click - {}
RESULT: {}
COMMAND: GET /session/79d72962d9b70739fc8ce96689df7cf6/screenshot - {}
RESULT: {}
COMMAND: POST /session/79d72962d9b70739fc8ce96689df7cf6/execute/async - {"script":"<script> [1562 bytes]","args":[{"selector":{"id":"application-managepartners-display-component---NewPartner--intercompVendorComboBox-application-managepartners-display-component---NewPartner--assignmentsTable-0-vhi"},"wdio_ui5_key":"applicationmanagepartners-display-component---NewPartner--intercompVendorComboBox-application-managepartners-display-component---NewPartner--assignmentsTable-0-vhi"}]}
RESULT: {"script":"<script> [1562 bytes]","args":[{"selector":{"id":"application-managepartners-display-component---NewPartner--intercompVendorComboBox-application-managepartners-display-component---NewPartner--assignmentsTable-0-vhi"},"wdio_ui5_key":"applicationmanagepartners-display-component---NewPartner--intercompVendorComboBox-application-managepartners-display-component---NewPartner--assignmentsTable-0-vhi"}]}
RESULT: undefined
COMMAND: POST /session/79d72962d9b70739fc8ce96689df7cf6/element - {"using":"xpath","value":"//*[@id=\"application-managepartners-display-component---NewPartner--intercompVendorComboBox-application-managepartners-display-component---NewPartner--assignmentsTable-0-vhi\"]"}
RESULT: {"using":"xpath","value":"//*[@id=\"application-managepartners-display-component---NewPartner--intercompVendorComboBox-application-managepartners-display-component---NewPartner--assignmentsTable-0-vhi\"]"}
COMMAND: POST /session/79d72962d9b70739fc8ce96689df7cf6/element/f.1B562DAB7B69DB519EC194079547F9B8.d.36861642724A850C8263CF4017F9893C.e.5162/click - {}
RESULT: {}
RESULT: undefined
COMMAND: POST /session/79d72962d9b70739fc8ce96689df7cf6/execute/async - {"script":"<script> [776 bytes]","args":[{"enterText":"100005","selector":{"controlType":"sap.m.SearchField","properties":{"placeholder":"Search"},"searchOpenDialogs":true,"interaction":{"idSuffix":"I"}},"clearTextFirst":true,"interactionType":"ENTER_TEXT"}]}
COMMAND: GET /session/79d72962d9b70739fc8ce96689df7cf6/screenshot - {}
RESULT: {"script":"<script> [776 bytes]","args":[{"enterText":"100005","selector":{"controlType":"sap.m.SearchField","properties":{"placeholder":"Search"},"searchOpenDialogs":true,"interaction":{"idSuffix":"I"}},"clearTextFirst":true,"interactionType":"ENTER_TEXT"}]}
COMMAND: POST /session/79d72962d9b70739fc8ce96689df7cf6/actions - {"actions":[{"id":"action15","type":"key","parameters":{},"actions":[{"type":"keyDown","value":""},{"type":"pause","duration":10},{"type":"keyUp","value":""}]}]}
RESULT: {}
RESULT: {"actions":[{"id":"action15","type":"key","parameters":{},"actions":[{"type":"keyDown","value":""},{"type":"pause","duration":10},{"type":"keyUp","value":""}]}]}
COMMAND: GET /session/79d72962d9b70739fc8ce96689df7cf6/screenshot - {}
RESULT: {}
COMMAND: POST /session/79d72962d9b70739fc8ce96689df7cf6/element - {"using":"xpath","value":"//span[contains(text(), \"Penguins - Field/12345 Berlin\")]"}
RESULT: {"using":"xpath","value":"//span[contains(text(), \"Penguins - Field/12345 Berlin\")]"}
COMMAND: POST /session/79d72962d9b70739fc8ce96689df7cf6/element/f.1B562DAB7B69DB519EC194079547F9B8.d.36861642724A850C8263CF4017F9893C.e.5180/click - {}
RESULT: {}
COMMAND: GET /session/79d72962d9b70739fc8ce96689df7cf6/screenshot - {}
RESULT: {}
COMMAND: POST /session/79d72962d9b70739fc8ce96689df7cf6/element - {"using":"xpath","value":"//bdi[contains(text(), \"OK\")]"}
RESULT: {"using":"xpath","value":"//bdi[contains(text(), \"OK\")]"}
COMMAND: POST /session/79d72962d9b70739fc8ce96689df7cf6/element/f.1B562DAB7B69DB519EC194079547F9B8.d.36861642724A850C8263CF4017F9893C.e.5181/click - {}
RESULT: {}
COMMAND: GET /session/79d72962d9b70739fc8ce96689df7cf6/screenshot - {}
RESULT: {}
COMMAND: POST /session/79d72962d9b70739fc8ce96689df7cf6/element - {"using":"xpath","value":"//button[@data-kt=\"saveButton\"]"}
RESULT: {"using":"xpath","value":"//button[@data-kt=\"saveButton\"]"}
COMMAND: POST /session/79d72962d9b70739fc8ce96689df7cf6/element/f.1B562DAB7B69DB519EC194079547F9B8.d.36861642724A850C8263CF4017F9893C.e.4909/click - {}
RESULT: {}
COMMAND: GET /session/79d72962d9b70739fc8ce96689df7cf6/screenshot - {}
RESULT: {}
COMMAND: POST /session/79d72962d9b70739fc8ce96689df7cf6/element - {"using":"xpath","value":"//header[contains(@id, 'ObjectPageLayout-headerTitle')]/div[1]/div[2]/div[2]/span[1]"}
RESULT: {"using":"xpath","value":"//header[contains(@id, 'ObjectPageLayout-headerTitle')]/div[1]/div[2]/div[2]/span[1]"}
COMMAND: POST /session/79d72962d9b70739fc8ce96689df7cf6/elements - {"using":"xpath","value":"//header[contains(@id, 'ObjectPageLayout-headerTitle')]/div[1]/div[2]/div[2]/span[1]"}
RESULT: {"using":"xpath","value":"//header[contains(@id, 'ObjectPageLayout-headerTitle')]/div[1]/div[2]/div[2]/span[1]"}
COMMAND: POST /session/79d72962d9b70739fc8ce96689df7cf6/execute/sync - {"script":"<script> [56 bytes]","args":[{"element-6066-11e4-a52e-4f735466cecf":"f.1B562DAB7B69DB519EC194079547F9B8.d.36861642724A850C8263CF4017F9893C.e.5349","ELEMENT":"f.1B562DAB7B69DB519EC194079547F9B8.d.36861642724A850C8263CF4017F9893C.e.5349"}]}
RESULT: {"script":"<script> [56 bytes]","args":[{"element-6066-11e4-a52e-4f735466cecf":"f.1B562DAB7B69DB519EC194079547F9B8.d.36861642724A850C8263CF4017F9893C.e.5349","ELEMENT":"f.1B562DAB7B69DB519EC194079547F9B8.d.36861642724A850C8263CF4017F9893C.e.5349"}]}
COMMAND: POST /session/79d72962d9b70739fc8ce96689df7cf6/element - {"using":"css selector","value":"#shell-header-logo"}
COMMAND: GET /session/79d72962d9b70739fc8ce96689df7cf6/screenshot - {}
RESULT: {"using":"css selector","value":"#shell-header-logo"}
COMMAND: POST /session/79d72962d9b70739fc8ce96689df7cf6/element/f.1B562DAB7B69DB519EC194079547F9B8.d.36861642724A850C8263CF4017F9893C.e.4557/click - {}
RESULT: {}
RESULT: {}
COMMAND: GET /session/79d72962d9b70739fc8ce96689df7cf6/screenshot - {}
RESULT: {}
COMMAND: POST /session/79d72962d9b70739fc8ce96689df7cf6/execute/sync - {"script":"<script> [299 bytes]","args":[["getModel","getResource"]]}
RESULT: {"script":"<script> [299 bytes]","args":[["getModel","getResource"]]}
RESULT: undefined
COMMAND: POST /session/79d72962d9b70739fc8ce96689df7cf6/element - {"using":"xpath","value":"//*[@id=\"__tile30\"]"}
COMMAND: GET /session/79d72962d9b70739fc8ce96689df7cf6/screenshot - {}
RESULT: {"using":"xpath","value":"//*[@id=\"__tile30\"]"}
COMMAND: POST /session/79d72962d9b70739fc8ce96689df7cf6/element/f.1B562DAB7B69DB519EC194079547F9B8.d.36861642724A850C8263CF4017F9893C.e.4477/click - {}
RESULT: {}
RESULT: {}
COMMAND: GET /session/79d72962d9b70739fc8ce96689df7cf6/screenshot - {}
RESULT: {}
COMMAND: POST /session/79d72962d9b70739fc8ce96689df7cf6/elements - {"using":"xpath","value":"//span[text()='Error']"}
RESULT: {"using":"xpath","value":"//span[text()='Error']"}
COMMAND: POST /session/79d72962d9b70739fc8ce96689df7cf6/element - {"using":"xpath","value":"//button[@data-kt=\"addButton\"]"}
RESULT: {"using":"xpath","value":"//button[@data-kt=\"addButton\"]"}
COMMAND: POST /session/79d72962d9b70739fc8ce96689df7cf6/elements - {"using":"xpath","value":"//button[@data-kt=\"addButton\"]"}
RESULT: {"using":"xpath","value":"//button[@data-kt=\"addButton\"]"}
COMMAND: POST /session/79d72962d9b70739fc8ce96689df7cf6/execute/sync - {"script":"<script> [8489 bytes]","args":[{"element-6066-11e4-a52e-4f735466cecf":"f.1B562DAB7B69DB519EC194079547F9B8.d.36861642724A850C8263CF4017F9893C.e.5495","ELEMENT":"f.1B562DAB7B69DB519EC194079547F9B8.d.36861642724A850C8263CF4017F9893C.e.5495"}]}
RESULT: {"script":"<script> [8489 bytes]","args":[{"element-6066-11e4-a52e-4f735466cecf":"f.1B562DAB7B69DB519EC194079547F9B8.d.36861642724A850C8263CF4017F9893C.e.5495","ELEMENT":"f.1B562DAB7B69DB519EC194079547F9B8.d.36861642724A850C8263CF4017F9893C.e.5495"}]}
COMMAND: GET /session/79d72962d9b70739fc8ce96689df7cf6/element/f.1B562DAB7B69DB519EC194079547F9B8.d.36861642724A850C8263CF4017F9893C.e.5495/enabled - {}
COMMAND: GET /session/79d72962d9b70739fc8ce96689df7cf6/screenshot - {}
RESULT: {}
COMMAND: POST /session/79d72962d9b70739fc8ce96689df7cf6/execute/sync - {"script":"<script> [8489 bytes]","args":[{"element-6066-11e4-a52e-4f735466cecf":"f.1B562DAB7B69DB519EC194079547F9B8.d.36861642724A850C8263CF4017F9893C.e.5495","ELEMENT":"f.1B562DAB7B69DB519EC194079547F9B8.d.36861642724A850C8263CF4017F9893C.e.5495"}]}
COMMAND: GET /session/79d72962d9b70739fc8ce96689df7cf6/screenshot - {}
RESULT: {}
RESULT: {"script":"<script> [8489 bytes]","args":[{"element-6066-11e4-a52e-4f735466cecf":"f.1B562DAB7B69DB519EC194079547F9B8.d.36861642724A850C8263CF4017F9893C.e.5495","ELEMENT":"f.1B562DAB7B69DB519EC194079547F9B8.d.36861642724A850C8263CF4017F9893C.e.5495"}]}
COMMAND: POST /session/79d72962d9b70739fc8ce96689df7cf6/execute/sync - {"script":"<script> [5351 bytes]","args":[{"element-6066-11e4-a52e-4f735466cecf":"f.1B562DAB7B69DB519EC194079547F9B8.d.36861642724A850C8263CF4017F9893C.e.5495","ELEMENT":"f.1B562DAB7B69DB519EC194079547F9B8.d.36861642724A850C8263CF4017F9893C.e.5495"}]}
COMMAND: GET /session/79d72962d9b70739fc8ce96689df7cf6/screenshot - {}
RESULT: {}
RESULT: {"script":"<script> [5351 bytes]","args":[{"element-6066-11e4-a52e-4f735466cecf":"f.1B562DAB7B69DB519EC194079547F9B8.d.36861642724A850C8263CF4017F9893C.e.5495","ELEMENT":"f.1B562DAB7B69DB519EC194079547F9B8.d.36861642724A850C8263CF4017F9893C.e.5495"}]}
COMMAND: GET /session/79d72962d9b70739fc8ce96689df7cf6/screenshot - {}
RESULT: {}
RESULT: {}
COMMAND: POST /session/79d72962d9b70739fc8ce96689df7cf6/execute/async - {"script":"<script> [1562 bytes]","args":[{"selector":{"id":"application-managepartners-display-component---masterPtm--smartFilterBar-btnBasicSearch","interaction":{"idSuffix":"I"}},"wdio_ui5_key":"applicationmanagepartners-display-component---masterPtm--smartFilterBar-btnBasicSearch"}]}
RESULT: {"script":"<script> [1562 bytes]","args":[{"selector":{"id":"application-managepartners-display-component---masterPtm--smartFilterBar-btnBasicSearch","interaction":{"idSuffix":"I"}},"wdio_ui5_key":"applicationmanagepartners-display-component---masterPtm--smartFilterBar-btnBasicSearch"}]}
RESULT: undefined
COMMAND: POST /session/79d72962d9b70739fc8ce96689df7cf6/execute/async - {"script":"<script> [776 bytes]","args":[{"enterText":"1411","selector":{"id":"application-managepartners-display-component---masterPtm--smartFilterBar-btnBasicSearch","interaction":{"idSuffix":"I"}},"clearTextFirst":true,"interactionType":"ENTER_TEXT"}]}
RESULT: {"script":"<script> [776 bytes]","args":[{"enterText":"1411","selector":{"id":"application-managepartners-display-component---masterPtm--smartFilterBar-btnBasicSearch","interaction":{"idSuffix":"I"}},"clearTextFirst":true,"interactionType":"ENTER_TEXT"}]}
COMMAND: POST /session/79d72962d9b70739fc8ce96689df7cf6/actions - {"actions":[{"id":"action16","type":"key","parameters":{},"actions":[{"type":"keyDown","value":""},{"type":"pause","duration":10},{"type":"keyUp","value":""}]}]}
RESULT: {"actions":[{"id":"action16","type":"key","parameters":{},"actions":[{"type":"keyDown","value":""},{"type":"pause","duration":10},{"type":"keyUp","value":""}]}]}
COMMAND: GET /session/79d72962d9b70739fc8ce96689df7cf6/screenshot - {}
RESULT: {}
COMMAND: POST /session/79d72962d9b70739fc8ce96689df7cf6/elements - {"using":"xpath","value":"//table[contains(@id, \"customPartnersTable-listUl\")]/tbody/tr"}
RESULT: {"using":"xpath","value":"//table[contains(@id, \"customPartnersTable-listUl\")]/tbody/tr"}
COMMAND: POST /session/79d72962d9b70739fc8ce96689df7cf6/element - {"using":"xpath","value":"//table[contains(@id, \"customPartnersTable-listUl\")]/tbody/tr[1]/td[3]/span"}
RESULT: {"using":"xpath","value":"//table[contains(@id, \"customPartnersTable-listUl\")]/tbody/tr[1]/td[3]/span"}
COMMAND: POST /session/79d72962d9b70739fc8ce96689df7cf6/elements - {"using":"xpath","value":"//table[contains(@id, \"customPartnersTable-listUl\")]/tbody/tr[1]/td[3]/span"}
RESULT: {"using":"xpath","value":"//table[contains(@id, \"customPartnersTable-listUl\")]/tbody/tr[1]/td[3]/span"}
COMMAND: POST /session/79d72962d9b70739fc8ce96689df7cf6/execute/sync - {"script":"<script> [56 bytes]","args":[{"element-6066-11e4-a52e-4f735466cecf":"f.1B562DAB7B69DB519EC194079547F9B8.d.36861642724A850C8263CF4017F9893C.e.5532","ELEMENT":"f.1B562DAB7B69DB519EC194079547F9B8.d.36861642724A850C8263CF4017F9893C.e.5532"}]}
RESULT: {"script":"<script> [56 bytes]","args":[{"element-6066-11e4-a52e-4f735466cecf":"f.1B562DAB7B69DB519EC194079547F9B8.d.36861642724A850C8263CF4017F9893C.e.5532","ELEMENT":"f.1B562DAB7B69DB519EC194079547F9B8.d.36861642724A850C8263CF4017F9893C.e.5532"}]}
COMMAND: POST /session/79d72962d9b70739fc8ce96689df7cf6/element - {"using":"xpath","value":"(//span[contains(@id, \"imgNav\")])[1]"}
COMMAND: GET /session/79d72962d9b70739fc8ce96689df7cf6/screenshot - {}
RESULT: {"using":"xpath","value":"(//span[contains(@id, \"imgNav\")])[1]"}
COMMAND: POST /session/79d72962d9b70739fc8ce96689df7cf6/element/f.1B562DAB7B69DB519EC194079547F9B8.d.36861642724A850C8263CF4017F9893C.e.5530/click - {}
RESULT: {}
RESULT: {}
COMMAND: GET /session/79d72962d9b70739fc8ce96689df7cf6/screenshot - {}
RESULT: {}
COMMAND: POST /session/79d72962d9b70739fc8ce96689df7cf6/element - {"using":"xpath","value":"//bdi[contains(text(), \"Edit\")]"}
RESULT: {"using":"xpath","value":"//bdi[contains(text(), \"Edit\")]"}
COMMAND: POST /session/79d72962d9b70739fc8ce96689df7cf6/element/f.1B562DAB7B69DB519EC194079547F9B8.d.36861642724A850C8263CF4017F9893C.e.5674/click - {}
RESULT: {}
COMMAND: GET /session/79d72962d9b70739fc8ce96689df7cf6/screenshot - {}
RESULT: {}
COMMAND: POST /session/79d72962d9b70739fc8ce96689df7cf6/execute/async - {"script":"<script> [1562 bytes]","args":[{"selector":{"controlType":"sap.m.Input","viewName":"etm.portal.ui.managepartners.view.EditDetail","labelFor":{"text":"Name"},"interaction":{"idSuffix":"inner"}},"wdio_ui5_key":"etmportal.ui.managepartners.view.EditDetailsap.m.Input{\"text\":\"Name\"}"}]}
RESULT: {"script":"<script> [1562 bytes]","args":[{"selector":{"controlType":"sap.m.Input","viewName":"etm.portal.ui.managepartners.view.EditDetail","labelFor":{"text":"Name"},"interaction":{"idSuffix":"inner"}},"wdio_ui5_key":"etmportal.ui.managepartners.view.EditDetailsap.m.Input{\"text\":\"Name\"}"}]}
RESULT: undefined
COMMAND: POST /session/79d72962d9b70739fc8ce96689df7cf6/execute/async - {"script":"<script> [776 bytes]","args":[{"enterText":"Intracompany EDIT","selector":{"controlType":"sap.m.Input","viewName":"etm.portal.ui.managepartners.view.EditDetail","labelFor":{"text":"Name"},"interaction":{"idSuffix":"inner"}},"clearTextFirst":true,"interactionType":"ENTER_TEXT"}]}
RESULT: {"script":"<script> [776 bytes]","args":[{"enterText":"Intracompany EDIT","selector":{"controlType":"sap.m.Input","viewName":"etm.portal.ui.managepartners.view.EditDetail","labelFor":{"text":"Name"},"interaction":{"idSuffix":"inner"}},"clearTextFirst":true,"interactionType":"ENTER_TEXT"}]}
COMMAND: POST /session/79d72962d9b70739fc8ce96689df7cf6/element - {"using":"xpath","value":"(//span[contains(@id,\"addressDetailDetailsLanguage-arrow\")])[1]"}
RESULT: {"using":"xpath","value":"(//span[contains(@id,\"addressDetailDetailsLanguage-arrow\")])[1]"}
COMMAND: POST /session/79d72962d9b70739fc8ce96689df7cf6/element/f.1B562DAB7B69DB519EC194079547F9B8.d.36861642724A850C8263CF4017F9893C.e.5756/click - {}
RESULT: {}
COMMAND: POST /session/79d72962d9b70739fc8ce96689df7cf6/element - {"using":"xpath","value":"//span[contains(text(), \"Chinese\")]"}
COMMAND: GET /session/79d72962d9b70739fc8ce96689df7cf6/screenshot - {}
RESULT: {"using":"xpath","value":"//span[contains(text(), \"Chinese\")]"}
COMMAND: POST /session/79d72962d9b70739fc8ce96689df7cf6/element/f.1B562DAB7B69DB519EC194079547F9B8.d.36861642724A850C8263CF4017F9893C.e.5757/click - {}
RESULT: {}
RESULT: {}
COMMAND: GET /session/79d72962d9b70739fc8ce96689df7cf6/screenshot - {}
RESULT: {}
COMMAND: POST /session/79d72962d9b70739fc8ce96689df7cf6/execute/async - {"script":"<script> [1562 bytes]","args":[{"selector":{"controlType":"sap.m.Input","viewName":"etm.portal.ui.managepartners.view.EditDetail","labelFor":{"text":"City"},"interaction":{"idSuffix":"inner"}},"wdio_ui5_key":"etmportal.ui.managepartners.view.EditDetailsap.m.Input{\"text\":\"City\"}"}]}
RESULT: {"script":"<script> [1562 bytes]","args":[{"selector":{"controlType":"sap.m.Input","viewName":"etm.portal.ui.managepartners.view.EditDetail","labelFor":{"text":"City"},"interaction":{"idSuffix":"inner"}},"wdio_ui5_key":"etmportal.ui.managepartners.view.EditDetailsap.m.Input{\"text\":\"City\"}"}]}
RESULT: undefined
COMMAND: POST /session/79d72962d9b70739fc8ce96689df7cf6/execute/async - {"script":"<script> [776 bytes]","args":[{"enterText":"Clooj-Napoca","selector":{"controlType":"sap.m.Input","viewName":"etm.portal.ui.managepartners.view.EditDetail","labelFor":{"text":"City"},"interaction":{"idSuffix":"inner"}},"clearTextFirst":true,"interactionType":"ENTER_TEXT"}]}
RESULT: {"script":"<script> [776 bytes]","args":[{"enterText":"Clooj-Napoca","selector":{"controlType":"sap.m.Input","viewName":"etm.portal.ui.managepartners.view.EditDetail","labelFor":{"text":"City"},"interaction":{"idSuffix":"inner"}},"clearTextFirst":true,"interactionType":"ENTER_TEXT"}]}
COMMAND: POST /session/79d72962d9b70739fc8ce96689df7cf6/element - {"using":"xpath","value":"//button[@data-kt=\"saveButton\"]"}
RESULT: {"using":"xpath","value":"//button[@data-kt=\"saveButton\"]"}
COMMAND: POST /session/79d72962d9b70739fc8ce96689df7cf6/element/f.1B562DAB7B69DB519EC194079547F9B8.d.36861642724A850C8263CF4017F9893C.e.5733/click - {}
RESULT: {}
COMMAND: GET /session/79d72962d9b70739fc8ce96689df7cf6/screenshot - {}
RESULT: {}
COMMAND: POST /session/79d72962d9b70739fc8ce96689df7cf6/execute/async - {"script":"<script> [1562 bytes]","args":[{"selector":{"id":"application-managepartners-display-component---detailPtm--addressDetailDetailsName1"},"wdio_ui5_key":"applicationmanagepartners-display-component---detailPtm--addressDetailDetailsName1"}]}
RESULT: {"script":"<script> [1562 bytes]","args":[{"selector":{"id":"application-managepartners-display-component---detailPtm--addressDetailDetailsName1"},"wdio_ui5_key":"applicationmanagepartners-display-component---detailPtm--addressDetailDetailsName1"}]}
RESULT: undefined
COMMAND: POST /session/79d72962d9b70739fc8ce96689df7cf6/execute/async - {"script":"<script> [6424 bytes]","args":[{"element-6066-11e4-a52e-4f735466cecf":"f.1B562DAB7B69DB519EC194079547F9B8.d.36861642724A850C8263CF4017F9893C.e.5788"},"getValue",[]]}
RESULT: {"script":"<script> [6424 bytes]","args":[{"element-6066-11e4-a52e-4f735466cecf":"f.1B562DAB7B69DB519EC194079547F9B8.d.36861642724A850C8263CF4017F9893C.e.5788"},"getValue",[]]}
COMMAND: POST /session/79d72962d9b70739fc8ce96689df7cf6/element - {"using":"xpath","value":"//input[@id = \"application-managepartners-display-component---detailPtm--addressDetailDetailsLanguage-inner\"]"}
RESULT: {"using":"xpath","value":"//input[@id = \"application-managepartners-display-component---detailPtm--addressDetailDetailsLanguage-inner\"]"}
COMMAND: GET /session/79d72962d9b70739fc8ce96689df7cf6/element/f.1B562DAB7B69DB519EC194079547F9B8.d.36861642724A850C8263CF4017F9893C.e.5789/property/value - {}
RESULT: {}
COMMAND: POST /session/79d72962d9b70739fc8ce96689df7cf6/execute/async - {"script":"<script> [1562 bytes]","args":[{"selector":{"id":"application-managepartners-display-component---detailPtm--addressDetailDetailsCity1"},"wdio_ui5_key":"applicationmanagepartners-display-component---detailPtm--addressDetailDetailsCity1"}]}
COMMAND: GET /session/79d72962d9b70739fc8ce96689df7cf6/screenshot - {}
RESULT: {"script":"<script> [1562 bytes]","args":[{"selector":{"id":"application-managepartners-display-component---detailPtm--addressDetailDetailsCity1"},"wdio_ui5_key":"applicationmanagepartners-display-component---detailPtm--addressDetailDetailsCity1"}]}
RESULT: undefined
COMMAND: POST /session/79d72962d9b70739fc8ce96689df7cf6/execute/async - {"script":"<script> [6424 bytes]","args":[{"element-6066-11e4-a52e-4f735466cecf":"f.1B562DAB7B69DB519EC194079547F9B8.d.36861642724A850C8263CF4017F9893C.e.5790"},"getValue",[]]}
RESULT: {}
RESULT: {"script":"<script> [6424 bytes]","args":[{"element-6066-11e4-a52e-4f735466cecf":"f.1B562DAB7B69DB519EC194079547F9B8.d.36861642724A850C8263CF4017F9893C.e.5790"},"getValue",[]]}
COMMAND: POST /session/79d72962d9b70739fc8ce96689df7cf6/element - {"using":"css selector","value":"#shell-header-logo"}
RESULT: {"using":"css selector","value":"#shell-header-logo"}
COMMAND: POST /session/79d72962d9b70739fc8ce96689df7cf6/element/f.1B562DAB7B69DB519EC194079547F9B8.d.36861642724A850C8263CF4017F9893C.e.5352/click - {}
RESULT: {}
COMMAND: GET /session/79d72962d9b70739fc8ce96689df7cf6/screenshot - {}
RESULT: {}
]]></system-out>
    </testcase>
    <testcase classname="chrome.136_0_7103_93.windows.Partner_specific_tests_US150819_US151080_US151654_US151176_US103444_US151078_US151079_US151109_US151174_US151175_US151189" name="Should do filtering and navigation tests US151109" time="171.039">
      <system-out><![CDATA[
COMMAND: POST /session/79d72962d9b70739fc8ce96689df7cf6/element - {"using":"xpath","value":"//li[.//span[text()=\"Manage Partners\"]]"}
RESULT: {"using":"xpath","value":"//li[.//span[text()=\"Manage Partners\"]]"}
COMMAND: POST /session/79d72962d9b70739fc8ce96689df7cf6/element - {"using":"xpath","value":"//li[.//span[text()=\"Manage Partners\"]]"}
RESULT: {"using":"xpath","value":"//li[.//span[text()=\"Manage Partners\"]]"}
COMMAND: POST /session/79d72962d9b70739fc8ce96689df7cf6/element - {"using":"css selector","value":"#shell-header-logo"}
RESULT: {"using":"css selector","value":"#shell-header-logo"}
COMMAND: POST /session/79d72962d9b70739fc8ce96689df7cf6/element/f.1B562DAB7B69DB519EC194079547F9B8.d.36861642724A850C8263CF4017F9893C.e.5821/click - {}
COMMAND: POST /session/79d72962d9b70739fc8ce96689df7cf6/execute/sync - {"script":"<script> [8489 bytes]","args":[{"element-6066-11e4-a52e-4f735466cecf":"f.1B562DAB7B69DB519EC194079547F9B8.d.36861642724A850C8263CF4017F9893C.e.5821","ELEMENT":"f.1B562DAB7B69DB519EC194079547F9B8.d.36861642724A850C8263CF4017F9893C.e.5821"}]}
RESULT: {}
COMMAND: GET /session/79d72962d9b70739fc8ce96689df7cf6/screenshot - {}
RESULT: {"script":"<script> [8489 bytes]","args":[{"element-6066-11e4-a52e-4f735466cecf":"f.1B562DAB7B69DB519EC194079547F9B8.d.36861642724A850C8263CF4017F9893C.e.5821","ELEMENT":"f.1B562DAB7B69DB519EC194079547F9B8.d.36861642724A850C8263CF4017F9893C.e.5821"}]}
COMMAND: POST /session/79d72962d9b70739fc8ce96689df7cf6/execute/sync - {"script":"<script> [5351 bytes]","args":[{"element-6066-11e4-a52e-4f735466cecf":"f.1B562DAB7B69DB519EC194079547F9B8.d.36861642724A850C8263CF4017F9893C.e.5821","ELEMENT":"f.1B562DAB7B69DB519EC194079547F9B8.d.36861642724A850C8263CF4017F9893C.e.5821"}]}
COMMAND: GET /session/79d72962d9b70739fc8ce96689df7cf6/screenshot - {}
RESULT: {}
RESULT: {"script":"<script> [5351 bytes]","args":[{"element-6066-11e4-a52e-4f735466cecf":"f.1B562DAB7B69DB519EC194079547F9B8.d.36861642724A850C8263CF4017F9893C.e.5821","ELEMENT":"f.1B562DAB7B69DB519EC194079547F9B8.d.36861642724A850C8263CF4017F9893C.e.5821"}]}
COMMAND: GET /session/79d72962d9b70739fc8ce96689df7cf6/screenshot - {}
RESULT: {}
RESULT: {}
RESULT: undefined
COMMAND: POST /session/79d72962d9b70739fc8ce96689df7cf6/element - {"using":"xpath","value":"//*[@id=\"__tile30\"]"}
RESULT: {"using":"xpath","value":"//*[@id=\"__tile30\"]"}
COMMAND: POST /session/79d72962d9b70739fc8ce96689df7cf6/element/f.1B562DAB7B69DB519EC194079547F9B8.d.36861642724A850C8263CF4017F9893C.e.4477/click - {}
RESULT: {}
COMMAND: GET /session/79d72962d9b70739fc8ce96689df7cf6/screenshot - {}
RESULT: {}
COMMAND: POST /session/79d72962d9b70739fc8ce96689df7cf6/elements - {"using":"xpath","value":"//span[text()='Error']"}
RESULT: {"using":"xpath","value":"//span[text()='Error']"}
COMMAND: POST /session/79d72962d9b70739fc8ce96689df7cf6/element - {"using":"xpath","value":"//button[@data-kt=\"addButton\"]"}
RESULT: {"using":"xpath","value":"//button[@data-kt=\"addButton\"]"}
COMMAND: POST /session/79d72962d9b70739fc8ce96689df7cf6/elements - {"using":"xpath","value":"//button[@data-kt=\"addButton\"]"}
RESULT: {"using":"xpath","value":"//button[@data-kt=\"addButton\"]"}
COMMAND: POST /session/79d72962d9b70739fc8ce96689df7cf6/execute/sync - {"script":"<script> [8489 bytes]","args":[{"element-6066-11e4-a52e-4f735466cecf":"f.1B562DAB7B69DB519EC194079547F9B8.d.36861642724A850C8263CF4017F9893C.e.5866","ELEMENT":"f.1B562DAB7B69DB519EC194079547F9B8.d.36861642724A850C8263CF4017F9893C.e.5866"}]}
RESULT: {"script":"<script> [8489 bytes]","args":[{"element-6066-11e4-a52e-4f735466cecf":"f.1B562DAB7B69DB519EC194079547F9B8.d.36861642724A850C8263CF4017F9893C.e.5866","ELEMENT":"f.1B562DAB7B69DB519EC194079547F9B8.d.36861642724A850C8263CF4017F9893C.e.5866"}]}
COMMAND: GET /session/79d72962d9b70739fc8ce96689df7cf6/element/f.1B562DAB7B69DB519EC194079547F9B8.d.36861642724A850C8263CF4017F9893C.e.5866/enabled - {}
COMMAND: GET /session/79d72962d9b70739fc8ce96689df7cf6/screenshot - {}
RESULT: {}
COMMAND: POST /session/79d72962d9b70739fc8ce96689df7cf6/execute/sync - {"script":"<script> [8489 bytes]","args":[{"element-6066-11e4-a52e-4f735466cecf":"f.1B562DAB7B69DB519EC194079547F9B8.d.36861642724A850C8263CF4017F9893C.e.5866","ELEMENT":"f.1B562DAB7B69DB519EC194079547F9B8.d.36861642724A850C8263CF4017F9893C.e.5866"}]}
COMMAND: GET /session/79d72962d9b70739fc8ce96689df7cf6/screenshot - {}
RESULT: {}
RESULT: {"script":"<script> [8489 bytes]","args":[{"element-6066-11e4-a52e-4f735466cecf":"f.1B562DAB7B69DB519EC194079547F9B8.d.36861642724A850C8263CF4017F9893C.e.5866","ELEMENT":"f.1B562DAB7B69DB519EC194079547F9B8.d.36861642724A850C8263CF4017F9893C.e.5866"}]}
COMMAND: POST /session/79d72962d9b70739fc8ce96689df7cf6/execute/sync - {"script":"<script> [5351 bytes]","args":[{"element-6066-11e4-a52e-4f735466cecf":"f.1B562DAB7B69DB519EC194079547F9B8.d.36861642724A850C8263CF4017F9893C.e.5866","ELEMENT":"f.1B562DAB7B69DB519EC194079547F9B8.d.36861642724A850C8263CF4017F9893C.e.5866"}]}
COMMAND: GET /session/79d72962d9b70739fc8ce96689df7cf6/screenshot - {}
RESULT: {}
RESULT: {"script":"<script> [5351 bytes]","args":[{"element-6066-11e4-a52e-4f735466cecf":"f.1B562DAB7B69DB519EC194079547F9B8.d.36861642724A850C8263CF4017F9893C.e.5866","ELEMENT":"f.1B562DAB7B69DB519EC194079547F9B8.d.36861642724A850C8263CF4017F9893C.e.5866"}]}
COMMAND: GET /session/79d72962d9b70739fc8ce96689df7cf6/screenshot - {}
RESULT: {}
RESULT: {}
COMMAND: POST /session/79d72962d9b70739fc8ce96689df7cf6/element - {"using":"xpath","value":"//span[@id=\"application-managepartners-display-component---masterPtm--smartTable-header-inner\"]"}
RESULT: {"using":"xpath","value":"//span[@id=\"application-managepartners-display-component---masterPtm--smartTable-header-inner\"]"}
COMMAND: POST /session/79d72962d9b70739fc8ce96689df7cf6/elements - {"using":"xpath","value":"//span[@id=\"application-managepartners-display-component---masterPtm--smartTable-header-inner\"]"}
RESULT: {"using":"xpath","value":"//span[@id=\"application-managepartners-display-component---masterPtm--smartTable-header-inner\"]"}
COMMAND: POST /session/79d72962d9b70739fc8ce96689df7cf6/execute/sync - {"script":"<script> [56 bytes]","args":[{"element-6066-11e4-a52e-4f735466cecf":"f.1B562DAB7B69DB519EC194079547F9B8.d.36861642724A850C8263CF4017F9893C.e.5993","ELEMENT":"f.1B562DAB7B69DB519EC194079547F9B8.d.36861642724A850C8263CF4017F9893C.e.5993"}]}
RESULT: {"script":"<script> [56 bytes]","args":[{"element-6066-11e4-a52e-4f735466cecf":"f.1B562DAB7B69DB519EC194079547F9B8.d.36861642724A850C8263CF4017F9893C.e.5993","ELEMENT":"f.1B562DAB7B69DB519EC194079547F9B8.d.36861642724A850C8263CF4017F9893C.e.5993"}]}
RESULT: undefined
COMMAND: POST /session/79d72962d9b70739fc8ce96689df7cf6/execute/async - {"script":"<script> [776 bytes]","args":[{"enterText":"External Partner WDIO","selector":{"id":"application-managepartners-display-component---masterPtm--smartFilterBar-btnBasicSearch","interaction":{"idSuffix":"I"}},"clearTextFirst":true,"interactionType":"ENTER_TEXT"}]}
COMMAND: GET /session/79d72962d9b70739fc8ce96689df7cf6/screenshot - {}
RESULT: {"script":"<script> [776 bytes]","args":[{"enterText":"External Partner WDIO","selector":{"id":"application-managepartners-display-component---masterPtm--smartFilterBar-btnBasicSearch","interaction":{"idSuffix":"I"}},"clearTextFirst":true,"interactionType":"ENTER_TEXT"}]}
RESULT: {}
COMMAND: POST /session/79d72962d9b70739fc8ce96689df7cf6/actions - {"actions":[{"id":"action17","type":"key","parameters":{},"actions":[{"type":"keyDown","value":""},{"type":"pause","duration":10},{"type":"keyUp","value":""}]}]}
RESULT: {"actions":[{"id":"action17","type":"key","parameters":{},"actions":[{"type":"keyDown","value":""},{"type":"pause","duration":10},{"type":"keyUp","value":""}]}]}
COMMAND: GET /session/79d72962d9b70739fc8ce96689df7cf6/screenshot - {}
RESULT: {}
COMMAND: POST /session/79d72962d9b70739fc8ce96689df7cf6/element - {"using":"xpath","value":"//span[@id=\"application-managepartners-display-component---masterPtm--smartTable-header-inner\"]"}
RESULT: {"using":"xpath","value":"//span[@id=\"application-managepartners-display-component---masterPtm--smartTable-header-inner\"]"}
COMMAND: POST /session/79d72962d9b70739fc8ce96689df7cf6/elements - {"using":"xpath","value":"//span[@id=\"application-managepartners-display-component---masterPtm--smartTable-header-inner\"]"}
RESULT: {"using":"xpath","value":"//span[@id=\"application-managepartners-display-component---masterPtm--smartTable-header-inner\"]"}
COMMAND: POST /session/79d72962d9b70739fc8ce96689df7cf6/execute/sync - {"script":"<script> [56 bytes]","args":[{"element-6066-11e4-a52e-4f735466cecf":"f.1B562DAB7B69DB519EC194079547F9B8.d.36861642724A850C8263CF4017F9893C.e.5993","ELEMENT":"f.1B562DAB7B69DB519EC194079547F9B8.d.36861642724A850C8263CF4017F9893C.e.5993"}]}
RESULT: {"script":"<script> [56 bytes]","args":[{"element-6066-11e4-a52e-4f735466cecf":"f.1B562DAB7B69DB519EC194079547F9B8.d.36861642724A850C8263CF4017F9893C.e.5993","ELEMENT":"f.1B562DAB7B69DB519EC194079547F9B8.d.36861642724A850C8263CF4017F9893C.e.5993"}]}
COMMAND: POST /session/79d72962d9b70739fc8ce96689df7cf6/element - {"using":"xpath","value":"//div[contains(@id, \"managepartners-display-component---masterPtm--smartFilterBar-btnBasicSearch-reset\")]"}
COMMAND: GET /session/79d72962d9b70739fc8ce96689df7cf6/screenshot - {}
RESULT: {"using":"xpath","value":"//div[contains(@id, \"managepartners-display-component---masterPtm--smartFilterBar-btnBasicSearch-reset\")]"}
COMMAND: POST /session/79d72962d9b70739fc8ce96689df7cf6/element/f.1B562DAB7B69DB519EC194079547F9B8.d.36861642724A850C8263CF4017F9893C.e.6149/click - {}
RESULT: {}
RESULT: {}
COMMAND: GET /session/79d72962d9b70739fc8ce96689df7cf6/screenshot - {}
RESULT: {}
COMMAND: POST /session/79d72962d9b70739fc8ce96689df7cf6/execute/async - {"script":"<script> [1562 bytes]","args":[{"selector":{"id":"application-managepartners-display-component---masterPtm--smartFilterBar-filterItemControl_BASIC-MAIN_ADDRESS-vhi"},"wdio_ui5_key":"applicationmanagepartners-display-component---masterPtm--smartFilterBar-filterItemControl_BASIC-MAIN_ADDRESS-vhi"}]}
RESULT: {"script":"<script> [1562 bytes]","args":[{"selector":{"id":"application-managepartners-display-component---masterPtm--smartFilterBar-filterItemControl_BASIC-MAIN_ADDRESS-vhi"},"wdio_ui5_key":"applicationmanagepartners-display-component---masterPtm--smartFilterBar-filterItemControl_BASIC-MAIN_ADDRESS-vhi"}]}
RESULT: undefined
COMMAND: POST /session/79d72962d9b70739fc8ce96689df7cf6/element - {"using":"xpath","value":"//*[@id=\"application-managepartners-display-component---masterPtm--smartFilterBar-filterItemControl_BASIC-MAIN_ADDRESS-vhi\"]"}
RESULT: {"using":"xpath","value":"//*[@id=\"application-managepartners-display-component---masterPtm--smartFilterBar-filterItemControl_BASIC-MAIN_ADDRESS-vhi\"]"}
COMMAND: POST /session/79d72962d9b70739fc8ce96689df7cf6/element/f.1B562DAB7B69DB519EC194079547F9B8.d.36861642724A850C8263CF4017F9893C.e.6228/click - {}
RESULT: {}
COMMAND: GET /session/79d72962d9b70739fc8ce96689df7cf6/screenshot - {}
RESULT: {}
COMMAND: POST /session/79d72962d9b70739fc8ce96689df7cf6/execute/async - {"script":"<script> [1562 bytes]","args":[{"selector":{"id":"application-managepartners-display-component---masterPtm--smartFilterBar-filterItemControl_BASIC-MAIN_ADDRESS-valueHelpDialog-smartFilterBar-btnBasicSearch","searchOpenDialogs":true,"interaction":{"idSuffix":"I"}},"wdio_ui5_key":"applicationmanagepartners-display-component---masterPtm--smartFilterBar-filterItemControl_BASIC-MAIN_ADDRESS-valueHelpDialog-smartFilterBar-btnBasicSearch"}]}
RESULT: {"script":"<script> [1562 bytes]","args":[{"selector":{"id":"application-managepartners-display-component---masterPtm--smartFilterBar-filterItemControl_BASIC-MAIN_ADDRESS-valueHelpDialog-smartFilterBar-btnBasicSearch","searchOpenDialogs":true,"interaction":{"idSuffix":"I"}},"wdio_ui5_key":"applicationmanagepartners-display-component---masterPtm--smartFilterBar-filterItemControl_BASIC-MAIN_ADDRESS-valueHelpDialog-smartFilterBar-btnBasicSearch"}]}
RESULT: undefined
COMMAND: POST /session/79d72962d9b70739fc8ce96689df7cf6/execute/async - {"script":"<script> [776 bytes]","args":[{"enterText":"Romania","selector":{"id":"application-managepartners-display-component---masterPtm--smartFilterBar-filterItemControl_BASIC-MAIN_ADDRESS-valueHelpDialog-smartFilterBar-btnBasicSearch","searchOpenDialogs":true,"interaction":{"idSuffix":"I"}},"clearTextFirst":true,"interactionType":"ENTER_TEXT"}]}
RESULT: {"script":"<script> [776 bytes]","args":[{"enterText":"Romania","selector":{"id":"application-managepartners-display-component---masterPtm--smartFilterBar-filterItemControl_BASIC-MAIN_ADDRESS-valueHelpDialog-smartFilterBar-btnBasicSearch","searchOpenDialogs":true,"interaction":{"idSuffix":"I"}},"clearTextFirst":true,"interactionType":"ENTER_TEXT"}]}
COMMAND: POST /session/79d72962d9b70739fc8ce96689df7cf6/actions - {"actions":[{"id":"action18","type":"key","parameters":{},"actions":[{"type":"keyDown","value":""},{"type":"pause","duration":10},{"type":"keyUp","value":""}]}]}
RESULT: {"actions":[{"id":"action18","type":"key","parameters":{},"actions":[{"type":"keyDown","value":""},{"type":"pause","duration":10},{"type":"keyUp","value":""}]}]}
COMMAND: POST /session/79d72962d9b70739fc8ce96689df7cf6/elements - {"using":"xpath","value":"//table[contains(@id, \"smartFilterBar-filterItemControl_BASIC-MAIN_ADDRESS-valueHelpDialog-table-table\")]/tbody/tr"}
COMMAND: GET /session/79d72962d9b70739fc8ce96689df7cf6/screenshot - {}
RESULT: {"using":"xpath","value":"//table[contains(@id, \"smartFilterBar-filterItemControl_BASIC-MAIN_ADDRESS-valueHelpDialog-table-table\")]/tbody/tr"}
COMMAND: POST /session/79d72962d9b70739fc8ce96689df7cf6/element - {"using":"xpath","value":"//table[contains(@id, \"smartFilterBar-filterItemControl_BASIC-MAIN_ADDRESS-valueHelpDialog-table-table\")]/tbody/tr[1]/td[1]/div/span"}
RESULT: {}
RESULT: {"using":"xpath","value":"//table[contains(@id, \"smartFilterBar-filterItemControl_BASIC-MAIN_ADDRESS-valueHelpDialog-table-table\")]/tbody/tr[1]/td[1]/div/span"}
COMMAND: POST /session/79d72962d9b70739fc8ce96689df7cf6/elements - {"using":"xpath","value":"//table[contains(@id, \"smartFilterBar-filterItemControl_BASIC-MAIN_ADDRESS-valueHelpDialog-table-table\")]/tbody/tr[1]/td[1]/div/span"}
RESULT: {"using":"xpath","value":"//table[contains(@id, \"smartFilterBar-filterItemControl_BASIC-MAIN_ADDRESS-valueHelpDialog-table-table\")]/tbody/tr[1]/td[1]/div/span"}
COMMAND: POST /session/79d72962d9b70739fc8ce96689df7cf6/execute/sync - {"script":"<script> [56 bytes]","args":[{"element-6066-11e4-a52e-4f735466cecf":"f.1B562DAB7B69DB519EC194079547F9B8.d.36861642724A850C8263CF4017F9893C.e.6249","ELEMENT":"f.1B562DAB7B69DB519EC194079547F9B8.d.36861642724A850C8263CF4017F9893C.e.6249"}]}
RESULT: {"script":"<script> [56 bytes]","args":[{"element-6066-11e4-a52e-4f735466cecf":"f.1B562DAB7B69DB519EC194079547F9B8.d.36861642724A850C8263CF4017F9893C.e.6249","ELEMENT":"f.1B562DAB7B69DB519EC194079547F9B8.d.36861642724A850C8263CF4017F9893C.e.6249"}]}
COMMAND: POST /session/79d72962d9b70739fc8ce96689df7cf6/element - {"using":"xpath","value":"//div[contains(@id, \"filterItemControl_BASIC-MAIN_ADDRESS-valueHelpDialog-table-rowsel0\")]"}
COMMAND: GET /session/79d72962d9b70739fc8ce96689df7cf6/screenshot - {}
RESULT: {"using":"xpath","value":"//div[contains(@id, \"filterItemControl_BASIC-MAIN_ADDRESS-valueHelpDialog-table-rowsel0\")]"}
COMMAND: POST /session/79d72962d9b70739fc8ce96689df7cf6/element/f.1B562DAB7B69DB519EC194079547F9B8.d.36861642724A850C8263CF4017F9893C.e.6250/click - {}
RESULT: {}
RESULT: {}
COMMAND: GET /session/79d72962d9b70739fc8ce96689df7cf6/screenshot - {}
RESULT: {}
COMMAND: POST /session/79d72962d9b70739fc8ce96689df7cf6/element - {"using":"xpath","value":"(//bdi[contains(text(), \"OK\")])[1]"}
RESULT: {"using":"xpath","value":"(//bdi[contains(text(), \"OK\")])[1]"}
COMMAND: POST /session/79d72962d9b70739fc8ce96689df7cf6/element/f.1B562DAB7B69DB519EC194079547F9B8.d.36861642724A850C8263CF4017F9893C.e.6252/click - {}
RESULT: {}
COMMAND: GET /session/79d72962d9b70739fc8ce96689df7cf6/screenshot - {}
RESULT: {}
COMMAND: POST /session/79d72962d9b70739fc8ce96689df7cf6/element - {"using":"xpath","value":"//span[@id=\"application-managepartners-display-component---masterPtm--smartTable-header-inner\"]"}
RESULT: {"using":"xpath","value":"//span[@id=\"application-managepartners-display-component---masterPtm--smartTable-header-inner\"]"}
COMMAND: POST /session/79d72962d9b70739fc8ce96689df7cf6/elements - {"using":"xpath","value":"//span[@id=\"application-managepartners-display-component---masterPtm--smartTable-header-inner\"]"}
RESULT: {"using":"xpath","value":"//span[@id=\"application-managepartners-display-component---masterPtm--smartTable-header-inner\"]"}
COMMAND: POST /session/79d72962d9b70739fc8ce96689df7cf6/execute/sync - {"script":"<script> [56 bytes]","args":[{"element-6066-11e4-a52e-4f735466cecf":"f.1B562DAB7B69DB519EC194079547F9B8.d.36861642724A850C8263CF4017F9893C.e.5993","ELEMENT":"f.1B562DAB7B69DB519EC194079547F9B8.d.36861642724A850C8263CF4017F9893C.e.5993"}]}
RESULT: {"script":"<script> [56 bytes]","args":[{"element-6066-11e4-a52e-4f735466cecf":"f.1B562DAB7B69DB519EC194079547F9B8.d.36861642724A850C8263CF4017F9893C.e.5993","ELEMENT":"f.1B562DAB7B69DB519EC194079547F9B8.d.36861642724A850C8263CF4017F9893C.e.5993"}]}
COMMAND: POST /session/79d72962d9b70739fc8ce96689df7cf6/element - {"using":"xpath","value":"//span[contains(@title, \"Remove\")]"}
COMMAND: GET /session/79d72962d9b70739fc8ce96689df7cf6/screenshot - {}
RESULT: {"using":"xpath","value":"//span[contains(@title, \"Remove\")]"}
COMMAND: POST /session/79d72962d9b70739fc8ce96689df7cf6/element/f.1B562DAB7B69DB519EC194079547F9B8.d.36861642724A850C8263CF4017F9893C.e.6266/click - {}
RESULT: {}
RESULT: {}
COMMAND: GET /session/79d72962d9b70739fc8ce96689df7cf6/screenshot - {}
RESULT: {}
COMMAND: POST /session/79d72962d9b70739fc8ce96689df7cf6/element - {"using":"xpath","value":"//span[@id=\"application-managepartners-display-component---masterPtm--smartTable-header-inner\"]"}
RESULT: {"using":"xpath","value":"//span[@id=\"application-managepartners-display-component---masterPtm--smartTable-header-inner\"]"}
COMMAND: POST /session/79d72962d9b70739fc8ce96689df7cf6/elements - {"using":"xpath","value":"//span[@id=\"application-managepartners-display-component---masterPtm--smartTable-header-inner\"]"}
RESULT: {"using":"xpath","value":"//span[@id=\"application-managepartners-display-component---masterPtm--smartTable-header-inner\"]"}
COMMAND: POST /session/79d72962d9b70739fc8ce96689df7cf6/execute/sync - {"script":"<script> [56 bytes]","args":[{"element-6066-11e4-a52e-4f735466cecf":"f.1B562DAB7B69DB519EC194079547F9B8.d.36861642724A850C8263CF4017F9893C.e.5993","ELEMENT":"f.1B562DAB7B69DB519EC194079547F9B8.d.36861642724A850C8263CF4017F9893C.e.5993"}]}
RESULT: {"script":"<script> [56 bytes]","args":[{"element-6066-11e4-a52e-4f735466cecf":"f.1B562DAB7B69DB519EC194079547F9B8.d.36861642724A850C8263CF4017F9893C.e.5993","ELEMENT":"f.1B562DAB7B69DB519EC194079547F9B8.d.36861642724A850C8263CF4017F9893C.e.5993"}]}
COMMAND: POST /session/79d72962d9b70739fc8ce96689df7cf6/execute/async - {"script":"<script> [1562 bytes]","args":[{"selector":{"id":"application-managepartners-display-component---masterPtm--smartFilterBar-filterItemControl_BASIC-YARD-vhi"},"wdio_ui5_key":"applicationmanagepartners-display-component---masterPtm--smartFilterBar-filterItemControl_BASIC-YARD-vhi"}]}
COMMAND: GET /session/79d72962d9b70739fc8ce96689df7cf6/screenshot - {}
RESULT: {"script":"<script> [1562 bytes]","args":[{"selector":{"id":"application-managepartners-display-component---masterPtm--smartFilterBar-filterItemControl_BASIC-YARD-vhi"},"wdio_ui5_key":"applicationmanagepartners-display-component---masterPtm--smartFilterBar-filterItemControl_BASIC-YARD-vhi"}]}
RESULT: undefined
COMMAND: POST /session/79d72962d9b70739fc8ce96689df7cf6/element - {"using":"xpath","value":"//*[@id=\"application-managepartners-display-component---masterPtm--smartFilterBar-filterItemControl_BASIC-YARD-vhi\"]"}
RESULT: {}
RESULT: {"using":"xpath","value":"//*[@id=\"application-managepartners-display-component---masterPtm--smartFilterBar-filterItemControl_BASIC-YARD-vhi\"]"}
COMMAND: POST /session/79d72962d9b70739fc8ce96689df7cf6/element/f.1B562DAB7B69DB519EC194079547F9B8.d.36861642724A850C8263CF4017F9893C.e.6371/click - {}
RESULT: {}
COMMAND: GET /session/79d72962d9b70739fc8ce96689df7cf6/screenshot - {}
RESULT: {}
COMMAND: POST /session/79d72962d9b70739fc8ce96689df7cf6/execute/async - {"script":"<script> [1562 bytes]","args":[{"selector":{"id":"application-managepartners-display-component---masterPtm--smartFilterBar-filterItemControl_BASIC-YARD-valueHelpDialog-smartFilterBar-btnBasicSearch","searchOpenDialogs":true,"interaction":{"idSuffix":"I"}},"wdio_ui5_key":"applicationmanagepartners-display-component---masterPtm--smartFilterBar-filterItemControl_BASIC-YARD-valueHelpDialog-smartFilterBar-btnBasicSearch"}]}
RESULT: {"script":"<script> [1562 bytes]","args":[{"selector":{"id":"application-managepartners-display-component---masterPtm--smartFilterBar-filterItemControl_BASIC-YARD-valueHelpDialog-smartFilterBar-btnBasicSearch","searchOpenDialogs":true,"interaction":{"idSuffix":"I"}},"wdio_ui5_key":"applicationmanagepartners-display-component---masterPtm--smartFilterBar-filterItemControl_BASIC-YARD-valueHelpDialog-smartFilterBar-btnBasicSearch"}]}
RESULT: undefined
COMMAND: POST /session/79d72962d9b70739fc8ce96689df7cf6/execute/async - {"script":"<script> [776 bytes]","args":[{"enterText":"Test","selector":{"id":"application-managepartners-display-component---masterPtm--smartFilterBar-filterItemControl_BASIC-YARD-valueHelpDialog-smartFilterBar-btnBasicSearch","searchOpenDialogs":true,"interaction":{"idSuffix":"I"}},"clearTextFirst":true,"interactionType":"ENTER_TEXT"}]}
RESULT: {"script":"<script> [776 bytes]","args":[{"enterText":"Test","selector":{"id":"application-managepartners-display-component---masterPtm--smartFilterBar-filterItemControl_BASIC-YARD-valueHelpDialog-smartFilterBar-btnBasicSearch","searchOpenDialogs":true,"interaction":{"idSuffix":"I"}},"clearTextFirst":true,"interactionType":"ENTER_TEXT"}]}
COMMAND: POST /session/79d72962d9b70739fc8ce96689df7cf6/actions - {"actions":[{"id":"action19","type":"key","parameters":{},"actions":[{"type":"keyDown","value":""},{"type":"pause","duration":10},{"type":"keyUp","value":""}]}]}
RESULT: {"actions":[{"id":"action19","type":"key","parameters":{},"actions":[{"type":"keyDown","value":""},{"type":"pause","duration":10},{"type":"keyUp","value":""}]}]}
COMMAND: POST /session/79d72962d9b70739fc8ce96689df7cf6/elements - {"using":"xpath","value":"//table[contains(@id, \"smartFilterBar-filterItemControl_BASIC-YARD-valueHelpDialog-table-table\")]/tbody/tr"}
COMMAND: GET /session/79d72962d9b70739fc8ce96689df7cf6/screenshot - {}
RESULT: {"using":"xpath","value":"//table[contains(@id, \"smartFilterBar-filterItemControl_BASIC-YARD-valueHelpDialog-table-table\")]/tbody/tr"}
COMMAND: POST /session/79d72962d9b70739fc8ce96689df7cf6/element - {"using":"xpath","value":"//table[contains(@id, \"smartFilterBar-filterItemControl_BASIC-YARD-valueHelpDialog-table-table\")]/tbody/tr[1]/td[1]/div/span"}
RESULT: {}
RESULT: {"using":"xpath","value":"//table[contains(@id, \"smartFilterBar-filterItemControl_BASIC-YARD-valueHelpDialog-table-table\")]/tbody/tr[1]/td[1]/div/span"}
COMMAND: POST /session/79d72962d9b70739fc8ce96689df7cf6/elements - {"using":"xpath","value":"//table[contains(@id, \"smartFilterBar-filterItemControl_BASIC-YARD-valueHelpDialog-table-table\")]/tbody/tr[1]/td[1]/div/span"}
RESULT: {"using":"xpath","value":"//table[contains(@id, \"smartFilterBar-filterItemControl_BASIC-YARD-valueHelpDialog-table-table\")]/tbody/tr[1]/td[1]/div/span"}
COMMAND: POST /session/79d72962d9b70739fc8ce96689df7cf6/execute/sync - {"script":"<script> [56 bytes]","args":[{"element-6066-11e4-a52e-4f735466cecf":"f.1B562DAB7B69DB519EC194079547F9B8.d.36861642724A850C8263CF4017F9893C.e.6393","ELEMENT":"f.1B562DAB7B69DB519EC194079547F9B8.d.36861642724A850C8263CF4017F9893C.e.6393"}]}
RESULT: {"script":"<script> [56 bytes]","args":[{"element-6066-11e4-a52e-4f735466cecf":"f.1B562DAB7B69DB519EC194079547F9B8.d.36861642724A850C8263CF4017F9893C.e.6393","ELEMENT":"f.1B562DAB7B69DB519EC194079547F9B8.d.36861642724A850C8263CF4017F9893C.e.6393"}]}
COMMAND: POST /session/79d72962d9b70739fc8ce96689df7cf6/element - {"using":"xpath","value":"//table[contains(@id, \"smartFilterBar-filterItemControl_BASIC-YARD-valueHelpDialog-table-table\")]/tbody/tr[2]/td[1]/div/span"}
COMMAND: GET /session/79d72962d9b70739fc8ce96689df7cf6/screenshot - {}
RESULT: {"using":"xpath","value":"//table[contains(@id, \"smartFilterBar-filterItemControl_BASIC-YARD-valueHelpDialog-table-table\")]/tbody/tr[2]/td[1]/div/span"}
COMMAND: POST /session/79d72962d9b70739fc8ce96689df7cf6/elements - {"using":"xpath","value":"//table[contains(@id, \"smartFilterBar-filterItemControl_BASIC-YARD-valueHelpDialog-table-table\")]/tbody/tr[2]/td[1]/div/span"}
RESULT: {}
RESULT: {"using":"xpath","value":"//table[contains(@id, \"smartFilterBar-filterItemControl_BASIC-YARD-valueHelpDialog-table-table\")]/tbody/tr[2]/td[1]/div/span"}
COMMAND: POST /session/79d72962d9b70739fc8ce96689df7cf6/execute/sync - {"script":"<script> [56 bytes]","args":[{"element-6066-11e4-a52e-4f735466cecf":"f.1B562DAB7B69DB519EC194079547F9B8.d.36861642724A850C8263CF4017F9893C.e.6394","ELEMENT":"f.1B562DAB7B69DB519EC194079547F9B8.d.36861642724A850C8263CF4017F9893C.e.6394"}]}
RESULT: {"script":"<script> [56 bytes]","args":[{"element-6066-11e4-a52e-4f735466cecf":"f.1B562DAB7B69DB519EC194079547F9B8.d.36861642724A850C8263CF4017F9893C.e.6394","ELEMENT":"f.1B562DAB7B69DB519EC194079547F9B8.d.36861642724A850C8263CF4017F9893C.e.6394"}]}
COMMAND: POST /session/79d72962d9b70739fc8ce96689df7cf6/element - {"using":"xpath","value":"//table[contains(@id, \"smartFilterBar-filterItemControl_BASIC-YARD-valueHelpDialog-table-table\")]/tbody/tr[3]/td[1]/div/span"}
COMMAND: GET /session/79d72962d9b70739fc8ce96689df7cf6/screenshot - {}
RESULT: {"using":"xpath","value":"//table[contains(@id, \"smartFilterBar-filterItemControl_BASIC-YARD-valueHelpDialog-table-table\")]/tbody/tr[3]/td[1]/div/span"}
COMMAND: POST /session/79d72962d9b70739fc8ce96689df7cf6/elements - {"using":"xpath","value":"//table[contains(@id, \"smartFilterBar-filterItemControl_BASIC-YARD-valueHelpDialog-table-table\")]/tbody/tr[3]/td[1]/div/span"}
RESULT: {}
RESULT: {"using":"xpath","value":"//table[contains(@id, \"smartFilterBar-filterItemControl_BASIC-YARD-valueHelpDialog-table-table\")]/tbody/tr[3]/td[1]/div/span"}
COMMAND: POST /session/79d72962d9b70739fc8ce96689df7cf6/execute/sync - {"script":"<script> [56 bytes]","args":[{"element-6066-11e4-a52e-4f735466cecf":"f.1B562DAB7B69DB519EC194079547F9B8.d.36861642724A850C8263CF4017F9893C.e.6395","ELEMENT":"f.1B562DAB7B69DB519EC194079547F9B8.d.36861642724A850C8263CF4017F9893C.e.6395"}]}
RESULT: {"script":"<script> [56 bytes]","args":[{"element-6066-11e4-a52e-4f735466cecf":"f.1B562DAB7B69DB519EC194079547F9B8.d.36861642724A850C8263CF4017F9893C.e.6395","ELEMENT":"f.1B562DAB7B69DB519EC194079547F9B8.d.36861642724A850C8263CF4017F9893C.e.6395"}]}
COMMAND: POST /session/79d72962d9b70739fc8ce96689df7cf6/element - {"using":"xpath","value":"//div[contains(@id, \"filterItemControl_BASIC-YARD-valueHelpDialog-table-rowsel2\")]"}
COMMAND: GET /session/79d72962d9b70739fc8ce96689df7cf6/screenshot - {}
RESULT: {"using":"xpath","value":"//div[contains(@id, \"filterItemControl_BASIC-YARD-valueHelpDialog-table-rowsel2\")]"}
COMMAND: POST /session/79d72962d9b70739fc8ce96689df7cf6/element/f.1B562DAB7B69DB519EC194079547F9B8.d.36861642724A850C8263CF4017F9893C.e.6396/click - {}
RESULT: {}
RESULT: {}
COMMAND: GET /session/79d72962d9b70739fc8ce96689df7cf6/screenshot - {}
RESULT: {}
COMMAND: POST /session/79d72962d9b70739fc8ce96689df7cf6/element - {"using":"xpath","value":"(//bdi[contains(text(), \"OK\")])[1]"}
RESULT: {"using":"xpath","value":"(//bdi[contains(text(), \"OK\")])[1]"}
COMMAND: POST /session/79d72962d9b70739fc8ce96689df7cf6/element/f.1B562DAB7B69DB519EC194079547F9B8.d.36861642724A850C8263CF4017F9893C.e.6398/click - {}
RESULT: {}
COMMAND: GET /session/79d72962d9b70739fc8ce96689df7cf6/screenshot - {}
RESULT: {}
COMMAND: POST /session/79d72962d9b70739fc8ce96689df7cf6/element - {"using":"xpath","value":"//span[@id=\"application-managepartners-display-component---masterPtm--smartTable-header-inner\"]"}
RESULT: {"using":"xpath","value":"//span[@id=\"application-managepartners-display-component---masterPtm--smartTable-header-inner\"]"}
COMMAND: POST /session/79d72962d9b70739fc8ce96689df7cf6/elements - {"using":"xpath","value":"//span[@id=\"application-managepartners-display-component---masterPtm--smartTable-header-inner\"]"}
RESULT: {"using":"xpath","value":"//span[@id=\"application-managepartners-display-component---masterPtm--smartTable-header-inner\"]"}
COMMAND: POST /session/79d72962d9b70739fc8ce96689df7cf6/execute/sync - {"script":"<script> [56 bytes]","args":[{"element-6066-11e4-a52e-4f735466cecf":"f.1B562DAB7B69DB519EC194079547F9B8.d.36861642724A850C8263CF4017F9893C.e.5993","ELEMENT":"f.1B562DAB7B69DB519EC194079547F9B8.d.36861642724A850C8263CF4017F9893C.e.5993"}]}
RESULT: {"script":"<script> [56 bytes]","args":[{"element-6066-11e4-a52e-4f735466cecf":"f.1B562DAB7B69DB519EC194079547F9B8.d.36861642724A850C8263CF4017F9893C.e.5993","ELEMENT":"f.1B562DAB7B69DB519EC194079547F9B8.d.36861642724A850C8263CF4017F9893C.e.5993"}]}
COMMAND: POST /session/79d72962d9b70739fc8ce96689df7cf6/element - {"using":"xpath","value":"//span[contains(@title, \"Remove\")]"}
COMMAND: GET /session/79d72962d9b70739fc8ce96689df7cf6/screenshot - {}
RESULT: {"using":"xpath","value":"//span[contains(@title, \"Remove\")]"}
COMMAND: POST /session/79d72962d9b70739fc8ce96689df7cf6/element/f.1B562DAB7B69DB519EC194079547F9B8.d.36861642724A850C8263CF4017F9893C.e.6411/click - {}
RESULT: {}
RESULT: {}
COMMAND: GET /session/79d72962d9b70739fc8ce96689df7cf6/screenshot - {}
RESULT: {}
COMMAND: POST /session/79d72962d9b70739fc8ce96689df7cf6/element - {"using":"xpath","value":"//span[@id=\"application-managepartners-display-component---masterPtm--smartTable-header-inner\"]"}
RESULT: {"using":"xpath","value":"//span[@id=\"application-managepartners-display-component---masterPtm--smartTable-header-inner\"]"}
COMMAND: POST /session/79d72962d9b70739fc8ce96689df7cf6/elements - {"using":"xpath","value":"//span[@id=\"application-managepartners-display-component---masterPtm--smartTable-header-inner\"]"}
RESULT: {"using":"xpath","value":"//span[@id=\"application-managepartners-display-component---masterPtm--smartTable-header-inner\"]"}
COMMAND: POST /session/79d72962d9b70739fc8ce96689df7cf6/execute/sync - {"script":"<script> [56 bytes]","args":[{"element-6066-11e4-a52e-4f735466cecf":"f.1B562DAB7B69DB519EC194079547F9B8.d.36861642724A850C8263CF4017F9893C.e.5993","ELEMENT":"f.1B562DAB7B69DB519EC194079547F9B8.d.36861642724A850C8263CF4017F9893C.e.5993"}]}
RESULT: {"script":"<script> [56 bytes]","args":[{"element-6066-11e4-a52e-4f735466cecf":"f.1B562DAB7B69DB519EC194079547F9B8.d.36861642724A850C8263CF4017F9893C.e.5993","ELEMENT":"f.1B562DAB7B69DB519EC194079547F9B8.d.36861642724A850C8263CF4017F9893C.e.5993"}]}
COMMAND: POST /session/79d72962d9b70739fc8ce96689df7cf6/execute/async - {"script":"<script> [1562 bytes]","args":[{"selector":{"id":"application-managepartners-display-component---masterPtm--smartFilterBar-filterItemControl_BASIC-ALL_TAGS-vhi"},"wdio_ui5_key":"applicationmanagepartners-display-component---masterPtm--smartFilterBar-filterItemControl_BASIC-ALL_TAGS-vhi"}]}
COMMAND: GET /session/79d72962d9b70739fc8ce96689df7cf6/screenshot - {}
RESULT: {"script":"<script> [1562 bytes]","args":[{"selector":{"id":"application-managepartners-display-component---masterPtm--smartFilterBar-filterItemControl_BASIC-ALL_TAGS-vhi"},"wdio_ui5_key":"applicationmanagepartners-display-component---masterPtm--smartFilterBar-filterItemControl_BASIC-ALL_TAGS-vhi"}]}
RESULT: undefined
COMMAND: POST /session/79d72962d9b70739fc8ce96689df7cf6/element - {"using":"xpath","value":"//*[@id=\"application-managepartners-display-component---masterPtm--smartFilterBar-filterItemControl_BASIC-ALL_TAGS-vhi\"]"}
RESULT: {}
RESULT: {"using":"xpath","value":"//*[@id=\"application-managepartners-display-component---masterPtm--smartFilterBar-filterItemControl_BASIC-ALL_TAGS-vhi\"]"}
COMMAND: POST /session/79d72962d9b70739fc8ce96689df7cf6/element/f.1B562DAB7B69DB519EC194079547F9B8.d.36861642724A850C8263CF4017F9893C.e.6514/click - {}
RESULT: {}
COMMAND: GET /session/79d72962d9b70739fc8ce96689df7cf6/screenshot - {}
RESULT: {}
COMMAND: POST /session/79d72962d9b70739fc8ce96689df7cf6/execute/async - {"script":"<script> [1562 bytes]","args":[{"selector":{"id":"application-managepartners-display-component---masterPtm--smartFilterBar-filterItemControl_BASIC-ALL_TAGS-valueHelpDialog-smartFilterBar-btnBasicSearch","searchOpenDialogs":true,"interaction":{"idSuffix":"I"}},"wdio_ui5_key":"applicationmanagepartners-display-component---masterPtm--smartFilterBar-filterItemControl_BASIC-ALL_TAGS-valueHelpDialog-smartFilterBar-btnBasicSearch"}]}
RESULT: {"script":"<script> [1562 bytes]","args":[{"selector":{"id":"application-managepartners-display-component---masterPtm--smartFilterBar-filterItemControl_BASIC-ALL_TAGS-valueHelpDialog-smartFilterBar-btnBasicSearch","searchOpenDialogs":true,"interaction":{"idSuffix":"I"}},"wdio_ui5_key":"applicationmanagepartners-display-component---masterPtm--smartFilterBar-filterItemControl_BASIC-ALL_TAGS-valueHelpDialog-smartFilterBar-btnBasicSearch"}]}
RESULT: undefined
COMMAND: POST /session/79d72962d9b70739fc8ce96689df7cf6/execute/async - {"script":"<script> [776 bytes]","args":[{"enterText":"test-tag-1","selector":{"id":"application-managepartners-display-component---masterPtm--smartFilterBar-filterItemControl_BASIC-ALL_TAGS-valueHelpDialog-smartFilterBar-btnBasicSearch","searchOpenDialogs":true,"interaction":{"idSuffix":"I"}},"clearTextFirst":true,"interactionType":"ENTER_TEXT"}]}
RESULT: {"script":"<script> [776 bytes]","args":[{"enterText":"test-tag-1","selector":{"id":"application-managepartners-display-component---masterPtm--smartFilterBar-filterItemControl_BASIC-ALL_TAGS-valueHelpDialog-smartFilterBar-btnBasicSearch","searchOpenDialogs":true,"interaction":{"idSuffix":"I"}},"clearTextFirst":true,"interactionType":"ENTER_TEXT"}]}
COMMAND: POST /session/79d72962d9b70739fc8ce96689df7cf6/actions - {"actions":[{"id":"action20","type":"key","parameters":{},"actions":[{"type":"keyDown","value":""},{"type":"pause","duration":10},{"type":"keyUp","value":""}]}]}
RESULT: {"actions":[{"id":"action20","type":"key","parameters":{},"actions":[{"type":"keyDown","value":""},{"type":"pause","duration":10},{"type":"keyUp","value":""}]}]}
COMMAND: POST /session/79d72962d9b70739fc8ce96689df7cf6/elements - {"using":"xpath","value":"//table[contains(@id, \"smartFilterBar-filterItemControl_BASIC-ALL_TAGS-valueHelpDialog-table-table\")]/tbody/tr"}
COMMAND: GET /session/79d72962d9b70739fc8ce96689df7cf6/screenshot - {}
RESULT: {"using":"xpath","value":"//table[contains(@id, \"smartFilterBar-filterItemControl_BASIC-ALL_TAGS-valueHelpDialog-table-table\")]/tbody/tr"}
COMMAND: POST /session/79d72962d9b70739fc8ce96689df7cf6/element - {"using":"xpath","value":"//table[contains(@id, \"smartFilterBar-filterItemControl_BASIC-ALL_TAGS-valueHelpDialog-table-table\")]/tbody/tr[1]/td[1]/div/span"}
RESULT: {}
RESULT: {"using":"xpath","value":"//table[contains(@id, \"smartFilterBar-filterItemControl_BASIC-ALL_TAGS-valueHelpDialog-table-table\")]/tbody/tr[1]/td[1]/div/span"}
COMMAND: POST /session/79d72962d9b70739fc8ce96689df7cf6/elements - {"using":"xpath","value":"//table[contains(@id, \"smartFilterBar-filterItemControl_BASIC-ALL_TAGS-valueHelpDialog-table-table\")]/tbody/tr[1]/td[1]/div/span"}
RESULT: {"using":"xpath","value":"//table[contains(@id, \"smartFilterBar-filterItemControl_BASIC-ALL_TAGS-valueHelpDialog-table-table\")]/tbody/tr[1]/td[1]/div/span"}
COMMAND: POST /session/79d72962d9b70739fc8ce96689df7cf6/execute/sync - {"script":"<script> [56 bytes]","args":[{"element-6066-11e4-a52e-4f735466cecf":"f.1B562DAB7B69DB519EC194079547F9B8.d.36861642724A850C8263CF4017F9893C.e.6535","ELEMENT":"f.1B562DAB7B69DB519EC194079547F9B8.d.36861642724A850C8263CF4017F9893C.e.6535"}]}
RESULT: {"script":"<script> [56 bytes]","args":[{"element-6066-11e4-a52e-4f735466cecf":"f.1B562DAB7B69DB519EC194079547F9B8.d.36861642724A850C8263CF4017F9893C.e.6535","ELEMENT":"f.1B562DAB7B69DB519EC194079547F9B8.d.36861642724A850C8263CF4017F9893C.e.6535"}]}
COMMAND: POST /session/79d72962d9b70739fc8ce96689df7cf6/element - {"using":"xpath","value":"//div[contains(@id, \"filterItemControl_BASIC-ALL_TAGS-valueHelpDialog-table-rowsel0\")]"}
COMMAND: GET /session/79d72962d9b70739fc8ce96689df7cf6/screenshot - {}
RESULT: {"using":"xpath","value":"//div[contains(@id, \"filterItemControl_BASIC-ALL_TAGS-valueHelpDialog-table-rowsel0\")]"}
COMMAND: POST /session/79d72962d9b70739fc8ce96689df7cf6/element/f.1B562DAB7B69DB519EC194079547F9B8.d.36861642724A850C8263CF4017F9893C.e.6536/click - {}
RESULT: {}
RESULT: {}
COMMAND: GET /session/79d72962d9b70739fc8ce96689df7cf6/screenshot - {}
RESULT: {}
COMMAND: POST /session/79d72962d9b70739fc8ce96689df7cf6/element - {"using":"xpath","value":"(//bdi[contains(text(), \"OK\")])[1]"}
RESULT: {"using":"xpath","value":"(//bdi[contains(text(), \"OK\")])[1]"}
COMMAND: POST /session/79d72962d9b70739fc8ce96689df7cf6/element/f.1B562DAB7B69DB519EC194079547F9B8.d.36861642724A850C8263CF4017F9893C.e.6538/click - {}
RESULT: {}
COMMAND: GET /session/79d72962d9b70739fc8ce96689df7cf6/screenshot - {}
RESULT: {}
COMMAND: POST /session/79d72962d9b70739fc8ce96689df7cf6/element - {"using":"xpath","value":"//span[@id=\"application-managepartners-display-component---masterPtm--smartTable-header-inner\"]"}
RESULT: {"using":"xpath","value":"//span[@id=\"application-managepartners-display-component---masterPtm--smartTable-header-inner\"]"}
COMMAND: POST /session/79d72962d9b70739fc8ce96689df7cf6/elements - {"using":"xpath","value":"//span[@id=\"application-managepartners-display-component---masterPtm--smartTable-header-inner\"]"}
RESULT: {"using":"xpath","value":"//span[@id=\"application-managepartners-display-component---masterPtm--smartTable-header-inner\"]"}
COMMAND: POST /session/79d72962d9b70739fc8ce96689df7cf6/execute/sync - {"script":"<script> [56 bytes]","args":[{"element-6066-11e4-a52e-4f735466cecf":"f.1B562DAB7B69DB519EC194079547F9B8.d.36861642724A850C8263CF4017F9893C.e.5993","ELEMENT":"f.1B562DAB7B69DB519EC194079547F9B8.d.36861642724A850C8263CF4017F9893C.e.5993"}]}
RESULT: {"script":"<script> [56 bytes]","args":[{"element-6066-11e4-a52e-4f735466cecf":"f.1B562DAB7B69DB519EC194079547F9B8.d.36861642724A850C8263CF4017F9893C.e.5993","ELEMENT":"f.1B562DAB7B69DB519EC194079547F9B8.d.36861642724A850C8263CF4017F9893C.e.5993"}]}
COMMAND: POST /session/79d72962d9b70739fc8ce96689df7cf6/element - {"using":"xpath","value":"//span[contains(@title, \"Remove\")]"}
COMMAND: GET /session/79d72962d9b70739fc8ce96689df7cf6/screenshot - {}
RESULT: {"using":"xpath","value":"//span[contains(@title, \"Remove\")]"}
COMMAND: POST /session/79d72962d9b70739fc8ce96689df7cf6/element/f.1B562DAB7B69DB519EC194079547F9B8.d.36861642724A850C8263CF4017F9893C.e.6561/click - {}
RESULT: {}
RESULT: {}
COMMAND: GET /session/79d72962d9b70739fc8ce96689df7cf6/screenshot - {}
RESULT: {}
COMMAND: POST /session/79d72962d9b70739fc8ce96689df7cf6/execute/async - {"script":"<script> [1562 bytes]","args":[{"selector":{"id":"application-managepartners-display-component---masterPtm--partnerTypes-arrow"},"wdio_ui5_key":"applicationmanagepartners-display-component---masterPtm--partnerTypes-arrow"}]}
RESULT: {"script":"<script> [1562 bytes]","args":[{"selector":{"id":"application-managepartners-display-component---masterPtm--partnerTypes-arrow"},"wdio_ui5_key":"applicationmanagepartners-display-component---masterPtm--partnerTypes-arrow"}]}
RESULT: undefined
COMMAND: POST /session/79d72962d9b70739fc8ce96689df7cf6/element - {"using":"xpath","value":"//*[@id=\"application-managepartners-display-component---masterPtm--partnerTypes-arrow\"]"}
RESULT: {"using":"xpath","value":"//*[@id=\"application-managepartners-display-component---masterPtm--partnerTypes-arrow\"]"}
COMMAND: POST /session/79d72962d9b70739fc8ce96689df7cf6/element/f.1B562DAB7B69DB519EC194079547F9B8.d.36861642724A850C8263CF4017F9893C.e.6666/click - {}
RESULT: {}
COMMAND: GET /session/79d72962d9b70739fc8ce96689df7cf6/screenshot - {}
RESULT: {}
COMMAND: POST /session/79d72962d9b70739fc8ce96689df7cf6/element - {"using":"xpath","value":"//li[.//span[text()=\"External partner\"]]//div[contains(@class,\"sapMCbBg\")]"}
RESULT: {"using":"xpath","value":"//li[.//span[text()=\"External partner\"]]//div[contains(@class,\"sapMCbBg\")]"}
COMMAND: POST /session/79d72962d9b70739fc8ce96689df7cf6/element/f.1B562DAB7B69DB519EC194079547F9B8.d.36861642724A850C8263CF4017F9893C.e.6671/click - {}
RESULT: {}
COMMAND: GET /session/79d72962d9b70739fc8ce96689df7cf6/screenshot - {}
RESULT: {}
COMMAND: POST /session/79d72962d9b70739fc8ce96689df7cf6/element - {"using":"xpath","value":"//div[contains(@id,\"application-managepartners-display-component---masterPtm--smartFilterBar-btnBasicSearch-search\")]"}
RESULT: {"using":"xpath","value":"//div[contains(@id,\"application-managepartners-display-component---masterPtm--smartFilterBar-btnBasicSearch-search\")]"}
COMMAND: POST /session/79d72962d9b70739fc8ce96689df7cf6/element/f.1B562DAB7B69DB519EC194079547F9B8.d.36861642724A850C8263CF4017F9893C.e.6753/click - {}
RESULT: {}
COMMAND: GET /session/79d72962d9b70739fc8ce96689df7cf6/screenshot - {}
RESULT: {}
COMMAND: POST /session/79d72962d9b70739fc8ce96689df7cf6/element - {"using":"xpath","value":"//span[@id=\"application-managepartners-display-component---masterPtm--smartTable-header-inner\"]"}
RESULT: {"using":"xpath","value":"//span[@id=\"application-managepartners-display-component---masterPtm--smartTable-header-inner\"]"}
COMMAND: POST /session/79d72962d9b70739fc8ce96689df7cf6/elements - {"using":"xpath","value":"//span[@id=\"application-managepartners-display-component---masterPtm--smartTable-header-inner\"]"}
RESULT: {"using":"xpath","value":"//span[@id=\"application-managepartners-display-component---masterPtm--smartTable-header-inner\"]"}
COMMAND: POST /session/79d72962d9b70739fc8ce96689df7cf6/execute/sync - {"script":"<script> [56 bytes]","args":[{"element-6066-11e4-a52e-4f735466cecf":"f.1B562DAB7B69DB519EC194079547F9B8.d.36861642724A850C8263CF4017F9893C.e.5993","ELEMENT":"f.1B562DAB7B69DB519EC194079547F9B8.d.36861642724A850C8263CF4017F9893C.e.5993"}]}
RESULT: {"script":"<script> [56 bytes]","args":[{"element-6066-11e4-a52e-4f735466cecf":"f.1B562DAB7B69DB519EC194079547F9B8.d.36861642724A850C8263CF4017F9893C.e.5993","ELEMENT":"f.1B562DAB7B69DB519EC194079547F9B8.d.36861642724A850C8263CF4017F9893C.e.5993"}]}
COMMAND: POST /session/79d72962d9b70739fc8ce96689df7cf6/element - {"using":"xpath","value":"//span[contains(@title, \"Remove\")]"}
COMMAND: GET /session/79d72962d9b70739fc8ce96689df7cf6/screenshot - {}
RESULT: {"using":"xpath","value":"//span[contains(@title, \"Remove\")]"}
COMMAND: POST /session/79d72962d9b70739fc8ce96689df7cf6/element/f.1B562DAB7B69DB519EC194079547F9B8.d.36861642724A850C8263CF4017F9893C.e.6758/click - {}
RESULT: {}
RESULT: {}
COMMAND: GET /session/79d72962d9b70739fc8ce96689df7cf6/screenshot - {}
RESULT: {}
COMMAND: POST /session/79d72962d9b70739fc8ce96689df7cf6/execute/async - {"script":"<script> [1562 bytes]","args":[{"selector":{"id":"application-managepartners-display-component---masterPtm--smartFilterBar-btnFilters","interaction":{"idSuffix":"BDI-content"}},"wdio_ui5_key":"applicationmanagepartners-display-component---masterPtm--smartFilterBar-btnFilters"}]}
RESULT: {"script":"<script> [1562 bytes]","args":[{"selector":{"id":"application-managepartners-display-component---masterPtm--smartFilterBar-btnFilters","interaction":{"idSuffix":"BDI-content"}},"wdio_ui5_key":"applicationmanagepartners-display-component---masterPtm--smartFilterBar-btnFilters"}]}
RESULT: undefined
COMMAND: POST /session/79d72962d9b70739fc8ce96689df7cf6/element - {"using":"xpath","value":"//*[@id=\"application-managepartners-display-component---masterPtm--smartFilterBar-btnFilters\"]"}
RESULT: {"using":"xpath","value":"//*[@id=\"application-managepartners-display-component---masterPtm--smartFilterBar-btnFilters\"]"}
COMMAND: POST /session/79d72962d9b70739fc8ce96689df7cf6/element/f.1B562DAB7B69DB519EC194079547F9B8.d.36861642724A850C8263CF4017F9893C.e.5831/click - {}
RESULT: {}
COMMAND: GET /session/79d72962d9b70739fc8ce96689df7cf6/screenshot - {}
RESULT: {}
COMMAND: POST /session/79d72962d9b70739fc8ce96689df7cf6/elements - {"using":"xpath","value":"//table[contains(@id, \"listView-innerSelectionPanelTable-listUl\")]/tbody/tr"}
RESULT: {"using":"xpath","value":"//table[contains(@id, \"listView-innerSelectionPanelTable-listUl\")]/tbody/tr"}
COMMAND: POST /session/79d72962d9b70739fc8ce96689df7cf6/element - {"using":"xpath","value":"//table[contains(@id, \"listView-innerSelectionPanelTable-listUl\")]/tbody/tr[2]/td[2]/div/div"}
RESULT: {"using":"xpath","value":"//table[contains(@id, \"listView-innerSelectionPanelTable-listUl\")]/tbody/tr[2]/td[2]/div/div"}
COMMAND: POST /session/79d72962d9b70739fc8ce96689df7cf6/element - {"using":"xpath","value":"//table[contains(@id, \"listView-innerSelectionPanelTable-listUl\")]/tbody/tr[2]/td[2]/div"}
RESULT: {"using":"xpath","value":"//table[contains(@id, \"listView-innerSelectionPanelTable-listUl\")]/tbody/tr[2]/td[2]/div"}
COMMAND: POST /session/79d72962d9b70739fc8ce96689df7cf6/element - {"using":"xpath","value":"//table[contains(@id, \"listView-innerSelectionPanelTable-listUl\")]/tbody/tr[2]/td[3]/div/div/span/span[1]/bdi"}
RESULT: {"using":"xpath","value":"//table[contains(@id, \"listView-innerSelectionPanelTable-listUl\")]/tbody/tr[2]/td[3]/div/div/span/span[1]/bdi"}
COMMAND: POST /session/79d72962d9b70739fc8ce96689df7cf6/execute/sync - {"script":"<script> [56 bytes]","args":[{"element-6066-11e4-a52e-4f735466cecf":"f.1B562DAB7B69DB519EC194079547F9B8.d.36861642724A850C8263CF4017F9893C.e.6865","ELEMENT":"f.1B562DAB7B69DB519EC194079547F9B8.d.36861642724A850C8263CF4017F9893C.e.6865"}]}
RESULT: {"script":"<script> [56 bytes]","args":[{"element-6066-11e4-a52e-4f735466cecf":"f.1B562DAB7B69DB519EC194079547F9B8.d.36861642724A850C8263CF4017F9893C.e.6865","ELEMENT":"f.1B562DAB7B69DB519EC194079547F9B8.d.36861642724A850C8263CF4017F9893C.e.6865"}]}
COMMAND: GET /session/79d72962d9b70739fc8ce96689df7cf6/element/f.1B562DAB7B69DB519EC194079547F9B8.d.36861642724A850C8263CF4017F9893C.e.6864/attribute/aria-checked - {}
COMMAND: GET /session/79d72962d9b70739fc8ce96689df7cf6/screenshot - {}
RESULT: {}
COMMAND: POST /session/79d72962d9b70739fc8ce96689df7cf6/element - {"using":"xpath","value":"//table[contains(@id, \"listView-innerSelectionPanelTable-listUl\")]/tbody/tr[3]/td[2]/div/div"}
RESULT: {}
RESULT: {"using":"xpath","value":"//table[contains(@id, \"listView-innerSelectionPanelTable-listUl\")]/tbody/tr[3]/td[2]/div/div"}
COMMAND: POST /session/79d72962d9b70739fc8ce96689df7cf6/element - {"using":"xpath","value":"//table[contains(@id, \"listView-innerSelectionPanelTable-listUl\")]/tbody/tr[3]/td[2]/div"}
RESULT: {"using":"xpath","value":"//table[contains(@id, \"listView-innerSelectionPanelTable-listUl\")]/tbody/tr[3]/td[2]/div"}
COMMAND: POST /session/79d72962d9b70739fc8ce96689df7cf6/element - {"using":"xpath","value":"//table[contains(@id, \"listView-innerSelectionPanelTable-listUl\")]/tbody/tr[3]/td[3]/div/div/span/span[1]/bdi"}
RESULT: {"using":"xpath","value":"//table[contains(@id, \"listView-innerSelectionPanelTable-listUl\")]/tbody/tr[3]/td[3]/div/div/span/span[1]/bdi"}
COMMAND: POST /session/79d72962d9b70739fc8ce96689df7cf6/execute/sync - {"script":"<script> [56 bytes]","args":[{"element-6066-11e4-a52e-4f735466cecf":"f.1B562DAB7B69DB519EC194079547F9B8.d.36861642724A850C8263CF4017F9893C.e.6868","ELEMENT":"f.1B562DAB7B69DB519EC194079547F9B8.d.36861642724A850C8263CF4017F9893C.e.6868"}]}
RESULT: {"script":"<script> [56 bytes]","args":[{"element-6066-11e4-a52e-4f735466cecf":"f.1B562DAB7B69DB519EC194079547F9B8.d.36861642724A850C8263CF4017F9893C.e.6868","ELEMENT":"f.1B562DAB7B69DB519EC194079547F9B8.d.36861642724A850C8263CF4017F9893C.e.6868"}]}
COMMAND: GET /session/79d72962d9b70739fc8ce96689df7cf6/element/f.1B562DAB7B69DB519EC194079547F9B8.d.36861642724A850C8263CF4017F9893C.e.6867/attribute/aria-checked - {}
COMMAND: GET /session/79d72962d9b70739fc8ce96689df7cf6/screenshot - {}
RESULT: {}
COMMAND: POST /session/79d72962d9b70739fc8ce96689df7cf6/element - {"using":"xpath","value":"//table[contains(@id, \"listView-innerSelectionPanelTable-listUl\")]/tbody/tr[4]/td[2]/div/div"}
RESULT: {}
RESULT: {"using":"xpath","value":"//table[contains(@id, \"listView-innerSelectionPanelTable-listUl\")]/tbody/tr[4]/td[2]/div/div"}
COMMAND: POST /session/79d72962d9b70739fc8ce96689df7cf6/element - {"using":"xpath","value":"//table[contains(@id, \"listView-innerSelectionPanelTable-listUl\")]/tbody/tr[4]/td[2]/div"}
RESULT: {"using":"xpath","value":"//table[contains(@id, \"listView-innerSelectionPanelTable-listUl\")]/tbody/tr[4]/td[2]/div"}
COMMAND: POST /session/79d72962d9b70739fc8ce96689df7cf6/element - {"using":"xpath","value":"//table[contains(@id, \"listView-innerSelectionPanelTable-listUl\")]/tbody/tr[4]/td[3]/div/div/span/span[1]/bdi"}
RESULT: {"using":"xpath","value":"//table[contains(@id, \"listView-innerSelectionPanelTable-listUl\")]/tbody/tr[4]/td[3]/div/div/span/span[1]/bdi"}
COMMAND: POST /session/79d72962d9b70739fc8ce96689df7cf6/execute/sync - {"script":"<script> [56 bytes]","args":[{"element-6066-11e4-a52e-4f735466cecf":"f.1B562DAB7B69DB519EC194079547F9B8.d.36861642724A850C8263CF4017F9893C.e.6871","ELEMENT":"f.1B562DAB7B69DB519EC194079547F9B8.d.36861642724A850C8263CF4017F9893C.e.6871"}]}
RESULT: {"script":"<script> [56 bytes]","args":[{"element-6066-11e4-a52e-4f735466cecf":"f.1B562DAB7B69DB519EC194079547F9B8.d.36861642724A850C8263CF4017F9893C.e.6871","ELEMENT":"f.1B562DAB7B69DB519EC194079547F9B8.d.36861642724A850C8263CF4017F9893C.e.6871"}]}
COMMAND: GET /session/79d72962d9b70739fc8ce96689df7cf6/element/f.1B562DAB7B69DB519EC194079547F9B8.d.36861642724A850C8263CF4017F9893C.e.6870/attribute/aria-checked - {}
COMMAND: GET /session/79d72962d9b70739fc8ce96689df7cf6/screenshot - {}
RESULT: {}
COMMAND: POST /session/79d72962d9b70739fc8ce96689df7cf6/element - {"using":"xpath","value":"//table[contains(@id, \"listView-innerSelectionPanelTable-listUl\")]/tbody/tr[5]/td[2]/div/div"}
RESULT: {}
RESULT: {"using":"xpath","value":"//table[contains(@id, \"listView-innerSelectionPanelTable-listUl\")]/tbody/tr[5]/td[2]/div/div"}
COMMAND: POST /session/79d72962d9b70739fc8ce96689df7cf6/element - {"using":"xpath","value":"//table[contains(@id, \"listView-innerSelectionPanelTable-listUl\")]/tbody/tr[5]/td[2]/div"}
RESULT: {"using":"xpath","value":"//table[contains(@id, \"listView-innerSelectionPanelTable-listUl\")]/tbody/tr[5]/td[2]/div"}
COMMAND: POST /session/79d72962d9b70739fc8ce96689df7cf6/element - {"using":"xpath","value":"//table[contains(@id, \"listView-innerSelectionPanelTable-listUl\")]/tbody/tr[5]/td[3]/div/div/span/span[1]/bdi"}
RESULT: {"using":"xpath","value":"//table[contains(@id, \"listView-innerSelectionPanelTable-listUl\")]/tbody/tr[5]/td[3]/div/div/span/span[1]/bdi"}
COMMAND: POST /session/79d72962d9b70739fc8ce96689df7cf6/execute/sync - {"script":"<script> [56 bytes]","args":[{"element-6066-11e4-a52e-4f735466cecf":"f.1B562DAB7B69DB519EC194079547F9B8.d.36861642724A850C8263CF4017F9893C.e.6874","ELEMENT":"f.1B562DAB7B69DB519EC194079547F9B8.d.36861642724A850C8263CF4017F9893C.e.6874"}]}
RESULT: {"script":"<script> [56 bytes]","args":[{"element-6066-11e4-a52e-4f735466cecf":"f.1B562DAB7B69DB519EC194079547F9B8.d.36861642724A850C8263CF4017F9893C.e.6874","ELEMENT":"f.1B562DAB7B69DB519EC194079547F9B8.d.36861642724A850C8263CF4017F9893C.e.6874"}]}
COMMAND: GET /session/79d72962d9b70739fc8ce96689df7cf6/element/f.1B562DAB7B69DB519EC194079547F9B8.d.36861642724A850C8263CF4017F9893C.e.6873/attribute/aria-checked - {}
COMMAND: GET /session/79d72962d9b70739fc8ce96689df7cf6/screenshot - {}
RESULT: {}
COMMAND: POST /session/79d72962d9b70739fc8ce96689df7cf6/element - {"using":"xpath","value":"//table[contains(@id, \"listView-innerSelectionPanelTable-listUl\")]/tbody/tr[6]/td[2]/div/div"}
RESULT: {}
RESULT: {"using":"xpath","value":"//table[contains(@id, \"listView-innerSelectionPanelTable-listUl\")]/tbody/tr[6]/td[2]/div/div"}
COMMAND: POST /session/79d72962d9b70739fc8ce96689df7cf6/element - {"using":"xpath","value":"//table[contains(@id, \"listView-innerSelectionPanelTable-listUl\")]/tbody/tr[6]/td[2]/div"}
RESULT: {"using":"xpath","value":"//table[contains(@id, \"listView-innerSelectionPanelTable-listUl\")]/tbody/tr[6]/td[2]/div"}
COMMAND: POST /session/79d72962d9b70739fc8ce96689df7cf6/element - {"using":"xpath","value":"//table[contains(@id, \"listView-innerSelectionPanelTable-listUl\")]/tbody/tr[6]/td[3]/div/div/span/span[1]/bdi"}
RESULT: {"using":"xpath","value":"//table[contains(@id, \"listView-innerSelectionPanelTable-listUl\")]/tbody/tr[6]/td[3]/div/div/span/span[1]/bdi"}
COMMAND: POST /session/79d72962d9b70739fc8ce96689df7cf6/execute/sync - {"script":"<script> [56 bytes]","args":[{"element-6066-11e4-a52e-4f735466cecf":"f.1B562DAB7B69DB519EC194079547F9B8.d.36861642724A850C8263CF4017F9893C.e.6877","ELEMENT":"f.1B562DAB7B69DB519EC194079547F9B8.d.36861642724A850C8263CF4017F9893C.e.6877"}]}
RESULT: {"script":"<script> [56 bytes]","args":[{"element-6066-11e4-a52e-4f735466cecf":"f.1B562DAB7B69DB519EC194079547F9B8.d.36861642724A850C8263CF4017F9893C.e.6877","ELEMENT":"f.1B562DAB7B69DB519EC194079547F9B8.d.36861642724A850C8263CF4017F9893C.e.6877"}]}
COMMAND: GET /session/79d72962d9b70739fc8ce96689df7cf6/element/f.1B562DAB7B69DB519EC194079547F9B8.d.36861642724A850C8263CF4017F9893C.e.6876/attribute/aria-checked - {}
COMMAND: GET /session/79d72962d9b70739fc8ce96689df7cf6/screenshot - {}
RESULT: {}
COMMAND: POST /session/79d72962d9b70739fc8ce96689df7cf6/element - {"using":"xpath","value":"//table[contains(@id, \"listView-innerSelectionPanelTable-listUl\")]/tbody/tr[7]/td[2]/div/div"}
RESULT: {}
RESULT: {"using":"xpath","value":"//table[contains(@id, \"listView-innerSelectionPanelTable-listUl\")]/tbody/tr[7]/td[2]/div/div"}
COMMAND: POST /session/79d72962d9b70739fc8ce96689df7cf6/element - {"using":"xpath","value":"//table[contains(@id, \"listView-innerSelectionPanelTable-listUl\")]/tbody/tr[7]/td[2]/div"}
RESULT: {"using":"xpath","value":"//table[contains(@id, \"listView-innerSelectionPanelTable-listUl\")]/tbody/tr[7]/td[2]/div"}
COMMAND: POST /session/79d72962d9b70739fc8ce96689df7cf6/element - {"using":"xpath","value":"//table[contains(@id, \"listView-innerSelectionPanelTable-listUl\")]/tbody/tr[7]/td[3]/div/div/span/span[1]/bdi"}
RESULT: {"using":"xpath","value":"//table[contains(@id, \"listView-innerSelectionPanelTable-listUl\")]/tbody/tr[7]/td[3]/div/div/span/span[1]/bdi"}
COMMAND: POST /session/79d72962d9b70739fc8ce96689df7cf6/execute/sync - {"script":"<script> [56 bytes]","args":[{"element-6066-11e4-a52e-4f735466cecf":"f.1B562DAB7B69DB519EC194079547F9B8.d.36861642724A850C8263CF4017F9893C.e.6880","ELEMENT":"f.1B562DAB7B69DB519EC194079547F9B8.d.36861642724A850C8263CF4017F9893C.e.6880"}]}
RESULT: {"script":"<script> [56 bytes]","args":[{"element-6066-11e4-a52e-4f735466cecf":"f.1B562DAB7B69DB519EC194079547F9B8.d.36861642724A850C8263CF4017F9893C.e.6880","ELEMENT":"f.1B562DAB7B69DB519EC194079547F9B8.d.36861642724A850C8263CF4017F9893C.e.6880"}]}
COMMAND: GET /session/79d72962d9b70739fc8ce96689df7cf6/element/f.1B562DAB7B69DB519EC194079547F9B8.d.36861642724A850C8263CF4017F9893C.e.6879/attribute/aria-checked - {}
COMMAND: GET /session/79d72962d9b70739fc8ce96689df7cf6/screenshot - {}
RESULT: {}
COMMAND: POST /session/79d72962d9b70739fc8ce96689df7cf6/element - {"using":"xpath","value":"//table[contains(@id, \"listView-innerSelectionPanelTable-listUl\")]/tbody/tr[8]/td[2]/div/div"}
RESULT: {}
RESULT: {"using":"xpath","value":"//table[contains(@id, \"listView-innerSelectionPanelTable-listUl\")]/tbody/tr[8]/td[2]/div/div"}
COMMAND: POST /session/79d72962d9b70739fc8ce96689df7cf6/element - {"using":"xpath","value":"//table[contains(@id, \"listView-innerSelectionPanelTable-listUl\")]/tbody/tr[8]/td[2]/div"}
RESULT: {"using":"xpath","value":"//table[contains(@id, \"listView-innerSelectionPanelTable-listUl\")]/tbody/tr[8]/td[2]/div"}
COMMAND: POST /session/79d72962d9b70739fc8ce96689df7cf6/element - {"using":"xpath","value":"//table[contains(@id, \"listView-innerSelectionPanelTable-listUl\")]/tbody/tr[8]/td[3]/div/div/span/span[1]/bdi"}
RESULT: {"using":"xpath","value":"//table[contains(@id, \"listView-innerSelectionPanelTable-listUl\")]/tbody/tr[8]/td[3]/div/div/span/span[1]/bdi"}
COMMAND: POST /session/79d72962d9b70739fc8ce96689df7cf6/execute/sync - {"script":"<script> [56 bytes]","args":[{"element-6066-11e4-a52e-4f735466cecf":"f.1B562DAB7B69DB519EC194079547F9B8.d.36861642724A850C8263CF4017F9893C.e.6883","ELEMENT":"f.1B562DAB7B69DB519EC194079547F9B8.d.36861642724A850C8263CF4017F9893C.e.6883"}]}
RESULT: {"script":"<script> [56 bytes]","args":[{"element-6066-11e4-a52e-4f735466cecf":"f.1B562DAB7B69DB519EC194079547F9B8.d.36861642724A850C8263CF4017F9893C.e.6883","ELEMENT":"f.1B562DAB7B69DB519EC194079547F9B8.d.36861642724A850C8263CF4017F9893C.e.6883"}]}
COMMAND: GET /session/79d72962d9b70739fc8ce96689df7cf6/element/f.1B562DAB7B69DB519EC194079547F9B8.d.36861642724A850C8263CF4017F9893C.e.6882/attribute/aria-checked - {}
COMMAND: GET /session/79d72962d9b70739fc8ce96689df7cf6/screenshot - {}
RESULT: {}
COMMAND: POST /session/79d72962d9b70739fc8ce96689df7cf6/element - {"using":"xpath","value":"//table[contains(@id, \"listView-innerSelectionPanelTable-listUl\")]/tbody/tr[9]/td[2]/div/div"}
RESULT: {}
RESULT: {"using":"xpath","value":"//table[contains(@id, \"listView-innerSelectionPanelTable-listUl\")]/tbody/tr[9]/td[2]/div/div"}
COMMAND: POST /session/79d72962d9b70739fc8ce96689df7cf6/element - {"using":"xpath","value":"//table[contains(@id, \"listView-innerSelectionPanelTable-listUl\")]/tbody/tr[9]/td[2]/div"}
RESULT: {"using":"xpath","value":"//table[contains(@id, \"listView-innerSelectionPanelTable-listUl\")]/tbody/tr[9]/td[2]/div"}
COMMAND: POST /session/79d72962d9b70739fc8ce96689df7cf6/element - {"using":"xpath","value":"//table[contains(@id, \"listView-innerSelectionPanelTable-listUl\")]/tbody/tr[9]/td[3]/div/div/span/span[1]/bdi"}
RESULT: {"using":"xpath","value":"//table[contains(@id, \"listView-innerSelectionPanelTable-listUl\")]/tbody/tr[9]/td[3]/div/div/span/span[1]/bdi"}
COMMAND: POST /session/79d72962d9b70739fc8ce96689df7cf6/execute/sync - {"script":"<script> [56 bytes]","args":[{"element-6066-11e4-a52e-4f735466cecf":"f.1B562DAB7B69DB519EC194079547F9B8.d.36861642724A850C8263CF4017F9893C.e.6886","ELEMENT":"f.1B562DAB7B69DB519EC194079547F9B8.d.36861642724A850C8263CF4017F9893C.e.6886"}]}
RESULT: {"script":"<script> [56 bytes]","args":[{"element-6066-11e4-a52e-4f735466cecf":"f.1B562DAB7B69DB519EC194079547F9B8.d.36861642724A850C8263CF4017F9893C.e.6886","ELEMENT":"f.1B562DAB7B69DB519EC194079547F9B8.d.36861642724A850C8263CF4017F9893C.e.6886"}]}
COMMAND: GET /session/79d72962d9b70739fc8ce96689df7cf6/element/f.1B562DAB7B69DB519EC194079547F9B8.d.36861642724A850C8263CF4017F9893C.e.6885/attribute/aria-checked - {}
COMMAND: GET /session/79d72962d9b70739fc8ce96689df7cf6/screenshot - {}
RESULT: {}
COMMAND: POST /session/79d72962d9b70739fc8ce96689df7cf6/element - {"using":"xpath","value":"//table[contains(@id, \"listView-innerSelectionPanelTable-listUl\")]/tbody/tr[10]/td[2]/div/div"}
RESULT: {}
RESULT: {"using":"xpath","value":"//table[contains(@id, \"listView-innerSelectionPanelTable-listUl\")]/tbody/tr[10]/td[2]/div/div"}
COMMAND: POST /session/79d72962d9b70739fc8ce96689df7cf6/element - {"using":"xpath","value":"//table[contains(@id, \"listView-innerSelectionPanelTable-listUl\")]/tbody/tr[10]/td[2]/div"}
RESULT: {"using":"xpath","value":"//table[contains(@id, \"listView-innerSelectionPanelTable-listUl\")]/tbody/tr[10]/td[2]/div"}
COMMAND: POST /session/79d72962d9b70739fc8ce96689df7cf6/element - {"using":"xpath","value":"//table[contains(@id, \"listView-innerSelectionPanelTable-listUl\")]/tbody/tr[10]/td[3]/div/div/span/span[1]/bdi"}
RESULT: {"using":"xpath","value":"//table[contains(@id, \"listView-innerSelectionPanelTable-listUl\")]/tbody/tr[10]/td[3]/div/div/span/span[1]/bdi"}
COMMAND: POST /session/79d72962d9b70739fc8ce96689df7cf6/execute/sync - {"script":"<script> [56 bytes]","args":[{"element-6066-11e4-a52e-4f735466cecf":"f.1B562DAB7B69DB519EC194079547F9B8.d.36861642724A850C8263CF4017F9893C.e.6889","ELEMENT":"f.1B562DAB7B69DB519EC194079547F9B8.d.36861642724A850C8263CF4017F9893C.e.6889"}]}
RESULT: {"script":"<script> [56 bytes]","args":[{"element-6066-11e4-a52e-4f735466cecf":"f.1B562DAB7B69DB519EC194079547F9B8.d.36861642724A850C8263CF4017F9893C.e.6889","ELEMENT":"f.1B562DAB7B69DB519EC194079547F9B8.d.36861642724A850C8263CF4017F9893C.e.6889"}]}
COMMAND: GET /session/79d72962d9b70739fc8ce96689df7cf6/element/f.1B562DAB7B69DB519EC194079547F9B8.d.36861642724A850C8263CF4017F9893C.e.6888/attribute/aria-checked - {}
COMMAND: GET /session/79d72962d9b70739fc8ce96689df7cf6/screenshot - {}
RESULT: {}
COMMAND: POST /session/79d72962d9b70739fc8ce96689df7cf6/element - {"using":"xpath","value":"//table[contains(@id, \"listView-innerSelectionPanelTable-listUl\")]/tbody/tr[11]/td[2]/div/div"}
RESULT: {}
RESULT: {"using":"xpath","value":"//table[contains(@id, \"listView-innerSelectionPanelTable-listUl\")]/tbody/tr[11]/td[2]/div/div"}
COMMAND: POST /session/79d72962d9b70739fc8ce96689df7cf6/element - {"using":"xpath","value":"//table[contains(@id, \"listView-innerSelectionPanelTable-listUl\")]/tbody/tr[11]/td[2]/div"}
RESULT: {"using":"xpath","value":"//table[contains(@id, \"listView-innerSelectionPanelTable-listUl\")]/tbody/tr[11]/td[2]/div"}
COMMAND: POST /session/79d72962d9b70739fc8ce96689df7cf6/element - {"using":"xpath","value":"//table[contains(@id, \"listView-innerSelectionPanelTable-listUl\")]/tbody/tr[11]/td[3]/div/div/span/span[1]/bdi"}
RESULT: {"using":"xpath","value":"//table[contains(@id, \"listView-innerSelectionPanelTable-listUl\")]/tbody/tr[11]/td[3]/div/div/span/span[1]/bdi"}
COMMAND: POST /session/79d72962d9b70739fc8ce96689df7cf6/execute/sync - {"script":"<script> [56 bytes]","args":[{"element-6066-11e4-a52e-4f735466cecf":"f.1B562DAB7B69DB519EC194079547F9B8.d.36861642724A850C8263CF4017F9893C.e.6892","ELEMENT":"f.1B562DAB7B69DB519EC194079547F9B8.d.36861642724A850C8263CF4017F9893C.e.6892"}]}
RESULT: {"script":"<script> [56 bytes]","args":[{"element-6066-11e4-a52e-4f735466cecf":"f.1B562DAB7B69DB519EC194079547F9B8.d.36861642724A850C8263CF4017F9893C.e.6892","ELEMENT":"f.1B562DAB7B69DB519EC194079547F9B8.d.36861642724A850C8263CF4017F9893C.e.6892"}]}
COMMAND: GET /session/79d72962d9b70739fc8ce96689df7cf6/element/f.1B562DAB7B69DB519EC194079547F9B8.d.36861642724A850C8263CF4017F9893C.e.6891/attribute/aria-checked - {}
COMMAND: GET /session/79d72962d9b70739fc8ce96689df7cf6/screenshot - {}
RESULT: {}
COMMAND: POST /session/79d72962d9b70739fc8ce96689df7cf6/element - {"using":"xpath","value":"//table[contains(@id, \"listView-innerSelectionPanelTable-listUl\")]/tbody/tr[12]/td[2]/div/div"}
RESULT: {}
RESULT: {"using":"xpath","value":"//table[contains(@id, \"listView-innerSelectionPanelTable-listUl\")]/tbody/tr[12]/td[2]/div/div"}
COMMAND: POST /session/79d72962d9b70739fc8ce96689df7cf6/element - {"using":"xpath","value":"//table[contains(@id, \"listView-innerSelectionPanelTable-listUl\")]/tbody/tr[12]/td[2]/div"}
RESULT: {"using":"xpath","value":"//table[contains(@id, \"listView-innerSelectionPanelTable-listUl\")]/tbody/tr[12]/td[2]/div"}
COMMAND: POST /session/79d72962d9b70739fc8ce96689df7cf6/element - {"using":"xpath","value":"//table[contains(@id, \"listView-innerSelectionPanelTable-listUl\")]/tbody/tr[12]/td[3]/div/div/span/span[1]/bdi"}
RESULT: {"using":"xpath","value":"//table[contains(@id, \"listView-innerSelectionPanelTable-listUl\")]/tbody/tr[12]/td[3]/div/div/span/span[1]/bdi"}
COMMAND: POST /session/79d72962d9b70739fc8ce96689df7cf6/execute/sync - {"script":"<script> [56 bytes]","args":[{"element-6066-11e4-a52e-4f735466cecf":"f.1B562DAB7B69DB519EC194079547F9B8.d.36861642724A850C8263CF4017F9893C.e.6895","ELEMENT":"f.1B562DAB7B69DB519EC194079547F9B8.d.36861642724A850C8263CF4017F9893C.e.6895"}]}
RESULT: {"script":"<script> [56 bytes]","args":[{"element-6066-11e4-a52e-4f735466cecf":"f.1B562DAB7B69DB519EC194079547F9B8.d.36861642724A850C8263CF4017F9893C.e.6895","ELEMENT":"f.1B562DAB7B69DB519EC194079547F9B8.d.36861642724A850C8263CF4017F9893C.e.6895"}]}
COMMAND: GET /session/79d72962d9b70739fc8ce96689df7cf6/element/f.1B562DAB7B69DB519EC194079547F9B8.d.36861642724A850C8263CF4017F9893C.e.6894/attribute/aria-checked - {}
COMMAND: GET /session/79d72962d9b70739fc8ce96689df7cf6/screenshot - {}
RESULT: {}
COMMAND: POST /session/79d72962d9b70739fc8ce96689df7cf6/element - {"using":"xpath","value":"//table[contains(@id, \"listView-innerSelectionPanelTable-listUl\")]/tbody/tr[13]/td[2]/div/div"}
RESULT: {}
RESULT: {"using":"xpath","value":"//table[contains(@id, \"listView-innerSelectionPanelTable-listUl\")]/tbody/tr[13]/td[2]/div/div"}
COMMAND: POST /session/79d72962d9b70739fc8ce96689df7cf6/element - {"using":"xpath","value":"//table[contains(@id, \"listView-innerSelectionPanelTable-listUl\")]/tbody/tr[13]/td[2]/div"}
RESULT: {"using":"xpath","value":"//table[contains(@id, \"listView-innerSelectionPanelTable-listUl\")]/tbody/tr[13]/td[2]/div"}
COMMAND: POST /session/79d72962d9b70739fc8ce96689df7cf6/element - {"using":"xpath","value":"//table[contains(@id, \"listView-innerSelectionPanelTable-listUl\")]/tbody/tr[13]/td[3]/div/div/span/span[1]/bdi"}
RESULT: {"using":"xpath","value":"//table[contains(@id, \"listView-innerSelectionPanelTable-listUl\")]/tbody/tr[13]/td[3]/div/div/span/span[1]/bdi"}
COMMAND: POST /session/79d72962d9b70739fc8ce96689df7cf6/execute/sync - {"script":"<script> [56 bytes]","args":[{"element-6066-11e4-a52e-4f735466cecf":"f.1B562DAB7B69DB519EC194079547F9B8.d.36861642724A850C8263CF4017F9893C.e.6898","ELEMENT":"f.1B562DAB7B69DB519EC194079547F9B8.d.36861642724A850C8263CF4017F9893C.e.6898"}]}
RESULT: {"script":"<script> [56 bytes]","args":[{"element-6066-11e4-a52e-4f735466cecf":"f.1B562DAB7B69DB519EC194079547F9B8.d.36861642724A850C8263CF4017F9893C.e.6898","ELEMENT":"f.1B562DAB7B69DB519EC194079547F9B8.d.36861642724A850C8263CF4017F9893C.e.6898"}]}
COMMAND: GET /session/79d72962d9b70739fc8ce96689df7cf6/element/f.1B562DAB7B69DB519EC194079547F9B8.d.36861642724A850C8263CF4017F9893C.e.6897/attribute/aria-checked - {}
COMMAND: GET /session/79d72962d9b70739fc8ce96689df7cf6/screenshot - {}
RESULT: {}
COMMAND: POST /session/79d72962d9b70739fc8ce96689df7cf6/element - {"using":"xpath","value":"//table[contains(@id, \"listView-innerSelectionPanelTable-listUl\")]/tbody/tr[14]/td[2]/div/div"}
COMMAND: POST /session/79d72962d9b70739fc8ce96689df7cf6/element/f.1B562DAB7B69DB519EC194079547F9B8.d.36861642724A850C8263CF4017F9893C.e.6896/click - {}
RESULT: {}
RESULT: {}
COMMAND: GET /session/79d72962d9b70739fc8ce96689df7cf6/screenshot - {}
RESULT: {"using":"xpath","value":"//table[contains(@id, \"listView-innerSelectionPanelTable-listUl\")]/tbody/tr[14]/td[2]/div/div"}
COMMAND: POST /session/79d72962d9b70739fc8ce96689df7cf6/element - {"using":"xpath","value":"//table[contains(@id, \"listView-innerSelectionPanelTable-listUl\")]/tbody/tr[14]/td[2]/div"}
RESULT: {}
RESULT: {"using":"xpath","value":"//table[contains(@id, \"listView-innerSelectionPanelTable-listUl\")]/tbody/tr[14]/td[2]/div"}
COMMAND: POST /session/79d72962d9b70739fc8ce96689df7cf6/element - {"using":"xpath","value":"//table[contains(@id, \"listView-innerSelectionPanelTable-listUl\")]/tbody/tr[14]/td[3]/div/div/span/span[1]/bdi"}
RESULT: {"using":"xpath","value":"//table[contains(@id, \"listView-innerSelectionPanelTable-listUl\")]/tbody/tr[14]/td[3]/div/div/span/span[1]/bdi"}
COMMAND: POST /session/79d72962d9b70739fc8ce96689df7cf6/execute/sync - {"script":"<script> [56 bytes]","args":[{"element-6066-11e4-a52e-4f735466cecf":"f.1B562DAB7B69DB519EC194079547F9B8.d.36861642724A850C8263CF4017F9893C.e.6902","ELEMENT":"f.1B562DAB7B69DB519EC194079547F9B8.d.36861642724A850C8263CF4017F9893C.e.6902"}]}
RESULT: {"script":"<script> [56 bytes]","args":[{"element-6066-11e4-a52e-4f735466cecf":"f.1B562DAB7B69DB519EC194079547F9B8.d.36861642724A850C8263CF4017F9893C.e.6902","ELEMENT":"f.1B562DAB7B69DB519EC194079547F9B8.d.36861642724A850C8263CF4017F9893C.e.6902"}]}
COMMAND: GET /session/79d72962d9b70739fc8ce96689df7cf6/element/f.1B562DAB7B69DB519EC194079547F9B8.d.36861642724A850C8263CF4017F9893C.e.6901/attribute/aria-checked - {}
COMMAND: GET /session/79d72962d9b70739fc8ce96689df7cf6/screenshot - {}
RESULT: {}
COMMAND: POST /session/79d72962d9b70739fc8ce96689df7cf6/element - {"using":"xpath","value":"//table[contains(@id, \"listView-innerSelectionPanelTable-listUl\")]/tbody/tr[15]/td[2]/div/div"}
RESULT: {}
RESULT: {"using":"xpath","value":"//table[contains(@id, \"listView-innerSelectionPanelTable-listUl\")]/tbody/tr[15]/td[2]/div/div"}
COMMAND: POST /session/79d72962d9b70739fc8ce96689df7cf6/element - {"using":"xpath","value":"//table[contains(@id, \"listView-innerSelectionPanelTable-listUl\")]/tbody/tr[15]/td[2]/div"}
RESULT: {"using":"xpath","value":"//table[contains(@id, \"listView-innerSelectionPanelTable-listUl\")]/tbody/tr[15]/td[2]/div"}
COMMAND: POST /session/79d72962d9b70739fc8ce96689df7cf6/element - {"using":"xpath","value":"//table[contains(@id, \"listView-innerSelectionPanelTable-listUl\")]/tbody/tr[15]/td[3]/div/div/span/span[1]/bdi"}
RESULT: {"using":"xpath","value":"//table[contains(@id, \"listView-innerSelectionPanelTable-listUl\")]/tbody/tr[15]/td[3]/div/div/span/span[1]/bdi"}
COMMAND: POST /session/79d72962d9b70739fc8ce96689df7cf6/execute/sync - {"script":"<script> [56 bytes]","args":[{"element-6066-11e4-a52e-4f735466cecf":"f.1B562DAB7B69DB519EC194079547F9B8.d.36861642724A850C8263CF4017F9893C.e.6905","ELEMENT":"f.1B562DAB7B69DB519EC194079547F9B8.d.36861642724A850C8263CF4017F9893C.e.6905"}]}
RESULT: {"script":"<script> [56 bytes]","args":[{"element-6066-11e4-a52e-4f735466cecf":"f.1B562DAB7B69DB519EC194079547F9B8.d.36861642724A850C8263CF4017F9893C.e.6905","ELEMENT":"f.1B562DAB7B69DB519EC194079547F9B8.d.36861642724A850C8263CF4017F9893C.e.6905"}]}
COMMAND: GET /session/79d72962d9b70739fc8ce96689df7cf6/element/f.1B562DAB7B69DB519EC194079547F9B8.d.36861642724A850C8263CF4017F9893C.e.6904/attribute/aria-checked - {}
COMMAND: GET /session/79d72962d9b70739fc8ce96689df7cf6/screenshot - {}
RESULT: {}
COMMAND: POST /session/79d72962d9b70739fc8ce96689df7cf6/element - {"using":"xpath","value":"//table[contains(@id, \"listView-innerSelectionPanelTable-listUl\")]/tbody/tr[16]/td[2]/div/div"}
RESULT: {}
RESULT: {"using":"xpath","value":"//table[contains(@id, \"listView-innerSelectionPanelTable-listUl\")]/tbody/tr[16]/td[2]/div/div"}
COMMAND: POST /session/79d72962d9b70739fc8ce96689df7cf6/element - {"using":"xpath","value":"//table[contains(@id, \"listView-innerSelectionPanelTable-listUl\")]/tbody/tr[16]/td[2]/div"}
RESULT: {"using":"xpath","value":"//table[contains(@id, \"listView-innerSelectionPanelTable-listUl\")]/tbody/tr[16]/td[2]/div"}
COMMAND: POST /session/79d72962d9b70739fc8ce96689df7cf6/element - {"using":"xpath","value":"//table[contains(@id, \"listView-innerSelectionPanelTable-listUl\")]/tbody/tr[16]/td[3]/div/div/span/span[1]/bdi"}
RESULT: {"using":"xpath","value":"//table[contains(@id, \"listView-innerSelectionPanelTable-listUl\")]/tbody/tr[16]/td[3]/div/div/span/span[1]/bdi"}
COMMAND: POST /session/79d72962d9b70739fc8ce96689df7cf6/execute/sync - {"script":"<script> [56 bytes]","args":[{"element-6066-11e4-a52e-4f735466cecf":"f.1B562DAB7B69DB519EC194079547F9B8.d.36861642724A850C8263CF4017F9893C.e.6908","ELEMENT":"f.1B562DAB7B69DB519EC194079547F9B8.d.36861642724A850C8263CF4017F9893C.e.6908"}]}
RESULT: {"script":"<script> [56 bytes]","args":[{"element-6066-11e4-a52e-4f735466cecf":"f.1B562DAB7B69DB519EC194079547F9B8.d.36861642724A850C8263CF4017F9893C.e.6908","ELEMENT":"f.1B562DAB7B69DB519EC194079547F9B8.d.36861642724A850C8263CF4017F9893C.e.6908"}]}
COMMAND: GET /session/79d72962d9b70739fc8ce96689df7cf6/element/f.1B562DAB7B69DB519EC194079547F9B8.d.36861642724A850C8263CF4017F9893C.e.6907/attribute/aria-checked - {}
COMMAND: GET /session/79d72962d9b70739fc8ce96689df7cf6/screenshot - {}
RESULT: {}
COMMAND: POST /session/79d72962d9b70739fc8ce96689df7cf6/element - {"using":"xpath","value":"//table[contains(@id, \"listView-innerSelectionPanelTable-listUl\")]/tbody/tr[17]/td[2]/div/div"}
RESULT: {}
RESULT: {"using":"xpath","value":"//table[contains(@id, \"listView-innerSelectionPanelTable-listUl\")]/tbody/tr[17]/td[2]/div/div"}
COMMAND: POST /session/79d72962d9b70739fc8ce96689df7cf6/element - {"using":"xpath","value":"//table[contains(@id, \"listView-innerSelectionPanelTable-listUl\")]/tbody/tr[17]/td[2]/div"}
RESULT: {"using":"xpath","value":"//table[contains(@id, \"listView-innerSelectionPanelTable-listUl\")]/tbody/tr[17]/td[2]/div"}
COMMAND: POST /session/79d72962d9b70739fc8ce96689df7cf6/element - {"using":"xpath","value":"//table[contains(@id, \"listView-innerSelectionPanelTable-listUl\")]/tbody/tr[17]/td[3]/div/div/span/span[1]/bdi"}
RESULT: {"using":"xpath","value":"//table[contains(@id, \"listView-innerSelectionPanelTable-listUl\")]/tbody/tr[17]/td[3]/div/div/span/span[1]/bdi"}
COMMAND: POST /session/79d72962d9b70739fc8ce96689df7cf6/execute/sync - {"script":"<script> [56 bytes]","args":[{"element-6066-11e4-a52e-4f735466cecf":"f.1B562DAB7B69DB519EC194079547F9B8.d.36861642724A850C8263CF4017F9893C.e.6911","ELEMENT":"f.1B562DAB7B69DB519EC194079547F9B8.d.36861642724A850C8263CF4017F9893C.e.6911"}]}
RESULT: {"script":"<script> [56 bytes]","args":[{"element-6066-11e4-a52e-4f735466cecf":"f.1B562DAB7B69DB519EC194079547F9B8.d.36861642724A850C8263CF4017F9893C.e.6911","ELEMENT":"f.1B562DAB7B69DB519EC194079547F9B8.d.36861642724A850C8263CF4017F9893C.e.6911"}]}
COMMAND: GET /session/79d72962d9b70739fc8ce96689df7cf6/element/f.1B562DAB7B69DB519EC194079547F9B8.d.36861642724A850C8263CF4017F9893C.e.6910/attribute/aria-checked - {}
COMMAND: GET /session/79d72962d9b70739fc8ce96689df7cf6/screenshot - {}
RESULT: {}
COMMAND: POST /session/79d72962d9b70739fc8ce96689df7cf6/element - {"using":"xpath","value":"//table[contains(@id, \"listView-innerSelectionPanelTable-listUl\")]/tbody/tr[18]/td[2]/div/div"}
RESULT: {}
RESULT: {"using":"xpath","value":"//table[contains(@id, \"listView-innerSelectionPanelTable-listUl\")]/tbody/tr[18]/td[2]/div/div"}
COMMAND: POST /session/79d72962d9b70739fc8ce96689df7cf6/element - {"using":"xpath","value":"//table[contains(@id, \"listView-innerSelectionPanelTable-listUl\")]/tbody/tr[18]/td[2]/div"}
RESULT: {"using":"xpath","value":"//table[contains(@id, \"listView-innerSelectionPanelTable-listUl\")]/tbody/tr[18]/td[2]/div"}
COMMAND: POST /session/79d72962d9b70739fc8ce96689df7cf6/element - {"using":"xpath","value":"//table[contains(@id, \"listView-innerSelectionPanelTable-listUl\")]/tbody/tr[18]/td[3]/div/div/span/span[1]/bdi"}
RESULT: {"using":"xpath","value":"//table[contains(@id, \"listView-innerSelectionPanelTable-listUl\")]/tbody/tr[18]/td[3]/div/div/span/span[1]/bdi"}
COMMAND: POST /session/79d72962d9b70739fc8ce96689df7cf6/execute/sync - {"script":"<script> [56 bytes]","args":[{"element-6066-11e4-a52e-4f735466cecf":"f.1B562DAB7B69DB519EC194079547F9B8.d.36861642724A850C8263CF4017F9893C.e.6914","ELEMENT":"f.1B562DAB7B69DB519EC194079547F9B8.d.36861642724A850C8263CF4017F9893C.e.6914"}]}
RESULT: {"script":"<script> [56 bytes]","args":[{"element-6066-11e4-a52e-4f735466cecf":"f.1B562DAB7B69DB519EC194079547F9B8.d.36861642724A850C8263CF4017F9893C.e.6914","ELEMENT":"f.1B562DAB7B69DB519EC194079547F9B8.d.36861642724A850C8263CF4017F9893C.e.6914"}]}
COMMAND: GET /session/79d72962d9b70739fc8ce96689df7cf6/element/f.1B562DAB7B69DB519EC194079547F9B8.d.36861642724A850C8263CF4017F9893C.e.6913/attribute/aria-checked - {}
COMMAND: GET /session/79d72962d9b70739fc8ce96689df7cf6/screenshot - {}
RESULT: {}
COMMAND: POST /session/79d72962d9b70739fc8ce96689df7cf6/element - {"using":"xpath","value":"//table[contains(@id, \"listView-innerSelectionPanelTable-listUl\")]/tbody/tr[19]/td[2]/div/div"}
RESULT: {}
RESULT: {"using":"xpath","value":"//table[contains(@id, \"listView-innerSelectionPanelTable-listUl\")]/tbody/tr[19]/td[2]/div/div"}
COMMAND: POST /session/79d72962d9b70739fc8ce96689df7cf6/element - {"using":"xpath","value":"//table[contains(@id, \"listView-innerSelectionPanelTable-listUl\")]/tbody/tr[19]/td[2]/div"}
RESULT: {"using":"xpath","value":"//table[contains(@id, \"listView-innerSelectionPanelTable-listUl\")]/tbody/tr[19]/td[2]/div"}
COMMAND: POST /session/79d72962d9b70739fc8ce96689df7cf6/element - {"using":"xpath","value":"//table[contains(@id, \"listView-innerSelectionPanelTable-listUl\")]/tbody/tr[19]/td[3]/div/div/span/span[1]/bdi"}
RESULT: {"using":"xpath","value":"//table[contains(@id, \"listView-innerSelectionPanelTable-listUl\")]/tbody/tr[19]/td[3]/div/div/span/span[1]/bdi"}
COMMAND: POST /session/79d72962d9b70739fc8ce96689df7cf6/execute/sync - {"script":"<script> [56 bytes]","args":[{"element-6066-11e4-a52e-4f735466cecf":"f.1B562DAB7B69DB519EC194079547F9B8.d.36861642724A850C8263CF4017F9893C.e.6917","ELEMENT":"f.1B562DAB7B69DB519EC194079547F9B8.d.36861642724A850C8263CF4017F9893C.e.6917"}]}
RESULT: {"script":"<script> [56 bytes]","args":[{"element-6066-11e4-a52e-4f735466cecf":"f.1B562DAB7B69DB519EC194079547F9B8.d.36861642724A850C8263CF4017F9893C.e.6917","ELEMENT":"f.1B562DAB7B69DB519EC194079547F9B8.d.36861642724A850C8263CF4017F9893C.e.6917"}]}
COMMAND: GET /session/79d72962d9b70739fc8ce96689df7cf6/element/f.1B562DAB7B69DB519EC194079547F9B8.d.36861642724A850C8263CF4017F9893C.e.6916/attribute/aria-checked - {}
COMMAND: GET /session/79d72962d9b70739fc8ce96689df7cf6/screenshot - {}
RESULT: {}
COMMAND: POST /session/79d72962d9b70739fc8ce96689df7cf6/element - {"using":"xpath","value":"//table[contains(@id, \"listView-innerSelectionPanelTable-listUl\")]/tbody/tr[20]/td[2]/div/div"}
RESULT: {}
RESULT: {"using":"xpath","value":"//table[contains(@id, \"listView-innerSelectionPanelTable-listUl\")]/tbody/tr[20]/td[2]/div/div"}
COMMAND: POST /session/79d72962d9b70739fc8ce96689df7cf6/element - {"using":"xpath","value":"//table[contains(@id, \"listView-innerSelectionPanelTable-listUl\")]/tbody/tr[20]/td[2]/div"}
RESULT: {"using":"xpath","value":"//table[contains(@id, \"listView-innerSelectionPanelTable-listUl\")]/tbody/tr[20]/td[2]/div"}
COMMAND: POST /session/79d72962d9b70739fc8ce96689df7cf6/element - {"using":"xpath","value":"//table[contains(@id, \"listView-innerSelectionPanelTable-listUl\")]/tbody/tr[20]/td[3]/div/div/span/span[1]/bdi"}
RESULT: {"using":"xpath","value":"//table[contains(@id, \"listView-innerSelectionPanelTable-listUl\")]/tbody/tr[20]/td[3]/div/div/span/span[1]/bdi"}
COMMAND: POST /session/79d72962d9b70739fc8ce96689df7cf6/execute/sync - {"script":"<script> [56 bytes]","args":[{"element-6066-11e4-a52e-4f735466cecf":"f.1B562DAB7B69DB519EC194079547F9B8.d.36861642724A850C8263CF4017F9893C.e.6920","ELEMENT":"f.1B562DAB7B69DB519EC194079547F9B8.d.36861642724A850C8263CF4017F9893C.e.6920"}]}
RESULT: {"script":"<script> [56 bytes]","args":[{"element-6066-11e4-a52e-4f735466cecf":"f.1B562DAB7B69DB519EC194079547F9B8.d.36861642724A850C8263CF4017F9893C.e.6920","ELEMENT":"f.1B562DAB7B69DB519EC194079547F9B8.d.36861642724A850C8263CF4017F9893C.e.6920"}]}
COMMAND: GET /session/79d72962d9b70739fc8ce96689df7cf6/element/f.1B562DAB7B69DB519EC194079547F9B8.d.36861642724A850C8263CF4017F9893C.e.6919/attribute/aria-checked - {}
COMMAND: GET /session/79d72962d9b70739fc8ce96689df7cf6/screenshot - {}
RESULT: {}
COMMAND: POST /session/79d72962d9b70739fc8ce96689df7cf6/element - {"using":"xpath","value":"//table[contains(@id, \"listView-innerSelectionPanelTable-listUl\")]/tbody/tr[21]/td[2]/div/div"}
RESULT: {}
RESULT: {"using":"xpath","value":"//table[contains(@id, \"listView-innerSelectionPanelTable-listUl\")]/tbody/tr[21]/td[2]/div/div"}
COMMAND: POST /session/79d72962d9b70739fc8ce96689df7cf6/element - {"using":"xpath","value":"//table[contains(@id, \"listView-innerSelectionPanelTable-listUl\")]/tbody/tr[21]/td[2]/div"}
RESULT: {"using":"xpath","value":"//table[contains(@id, \"listView-innerSelectionPanelTable-listUl\")]/tbody/tr[21]/td[2]/div"}
COMMAND: POST /session/79d72962d9b70739fc8ce96689df7cf6/element - {"using":"xpath","value":"//table[contains(@id, \"listView-innerSelectionPanelTable-listUl\")]/tbody/tr[21]/td[3]/div/div/span/span[1]/bdi"}
RESULT: {"using":"xpath","value":"//table[contains(@id, \"listView-innerSelectionPanelTable-listUl\")]/tbody/tr[21]/td[3]/div/div/span/span[1]/bdi"}
COMMAND: POST /session/79d72962d9b70739fc8ce96689df7cf6/execute/sync - {"script":"<script> [56 bytes]","args":[{"element-6066-11e4-a52e-4f735466cecf":"f.1B562DAB7B69DB519EC194079547F9B8.d.36861642724A850C8263CF4017F9893C.e.6923","ELEMENT":"f.1B562DAB7B69DB519EC194079547F9B8.d.36861642724A850C8263CF4017F9893C.e.6923"}]}
RESULT: {"script":"<script> [56 bytes]","args":[{"element-6066-11e4-a52e-4f735466cecf":"f.1B562DAB7B69DB519EC194079547F9B8.d.36861642724A850C8263CF4017F9893C.e.6923","ELEMENT":"f.1B562DAB7B69DB519EC194079547F9B8.d.36861642724A850C8263CF4017F9893C.e.6923"}]}
COMMAND: GET /session/79d72962d9b70739fc8ce96689df7cf6/element/f.1B562DAB7B69DB519EC194079547F9B8.d.36861642724A850C8263CF4017F9893C.e.6922/attribute/aria-checked - {}
COMMAND: GET /session/79d72962d9b70739fc8ce96689df7cf6/screenshot - {}
RESULT: {}
COMMAND: POST /session/79d72962d9b70739fc8ce96689df7cf6/element - {"using":"xpath","value":"//table[contains(@id, \"listView-innerSelectionPanelTable-listUl\")]/tbody/tr[22]/td[2]/div/div"}
RESULT: {}
RESULT: {"using":"xpath","value":"//table[contains(@id, \"listView-innerSelectionPanelTable-listUl\")]/tbody/tr[22]/td[2]/div/div"}
COMMAND: POST /session/79d72962d9b70739fc8ce96689df7cf6/element - {"using":"xpath","value":"//table[contains(@id, \"listView-innerSelectionPanelTable-listUl\")]/tbody/tr[22]/td[2]/div"}
RESULT: {"using":"xpath","value":"//table[contains(@id, \"listView-innerSelectionPanelTable-listUl\")]/tbody/tr[22]/td[2]/div"}
COMMAND: POST /session/79d72962d9b70739fc8ce96689df7cf6/element - {"using":"xpath","value":"//table[contains(@id, \"listView-innerSelectionPanelTable-listUl\")]/tbody/tr[22]/td[3]/div/div/span/span[1]/bdi"}
RESULT: {"using":"xpath","value":"//table[contains(@id, \"listView-innerSelectionPanelTable-listUl\")]/tbody/tr[22]/td[3]/div/div/span/span[1]/bdi"}
COMMAND: POST /session/79d72962d9b70739fc8ce96689df7cf6/execute/sync - {"script":"<script> [56 bytes]","args":[{"element-6066-11e4-a52e-4f735466cecf":"f.1B562DAB7B69DB519EC194079547F9B8.d.36861642724A850C8263CF4017F9893C.e.6926","ELEMENT":"f.1B562DAB7B69DB519EC194079547F9B8.d.36861642724A850C8263CF4017F9893C.e.6926"}]}
RESULT: {"script":"<script> [56 bytes]","args":[{"element-6066-11e4-a52e-4f735466cecf":"f.1B562DAB7B69DB519EC194079547F9B8.d.36861642724A850C8263CF4017F9893C.e.6926","ELEMENT":"f.1B562DAB7B69DB519EC194079547F9B8.d.36861642724A850C8263CF4017F9893C.e.6926"}]}
COMMAND: GET /session/79d72962d9b70739fc8ce96689df7cf6/element/f.1B562DAB7B69DB519EC194079547F9B8.d.36861642724A850C8263CF4017F9893C.e.6925/attribute/aria-checked - {}
COMMAND: GET /session/79d72962d9b70739fc8ce96689df7cf6/screenshot - {}
RESULT: {}
COMMAND: POST /session/79d72962d9b70739fc8ce96689df7cf6/element - {"using":"xpath","value":"//table[contains(@id, \"listView-innerSelectionPanelTable-listUl\")]/tbody/tr[23]/td[2]/div/div"}
RESULT: {}
RESULT: {"using":"xpath","value":"//table[contains(@id, \"listView-innerSelectionPanelTable-listUl\")]/tbody/tr[23]/td[2]/div/div"}
COMMAND: POST /session/79d72962d9b70739fc8ce96689df7cf6/element - {"using":"xpath","value":"//table[contains(@id, \"listView-innerSelectionPanelTable-listUl\")]/tbody/tr[23]/td[2]/div"}
RESULT: {"using":"xpath","value":"//table[contains(@id, \"listView-innerSelectionPanelTable-listUl\")]/tbody/tr[23]/td[2]/div"}
COMMAND: POST /session/79d72962d9b70739fc8ce96689df7cf6/element - {"using":"xpath","value":"//table[contains(@id, \"listView-innerSelectionPanelTable-listUl\")]/tbody/tr[23]/td[3]/div/div/span/span[1]/bdi"}
RESULT: {"using":"xpath","value":"//table[contains(@id, \"listView-innerSelectionPanelTable-listUl\")]/tbody/tr[23]/td[3]/div/div/span/span[1]/bdi"}
COMMAND: POST /session/79d72962d9b70739fc8ce96689df7cf6/execute/sync - {"script":"<script> [56 bytes]","args":[{"element-6066-11e4-a52e-4f735466cecf":"f.1B562DAB7B69DB519EC194079547F9B8.d.36861642724A850C8263CF4017F9893C.e.6929","ELEMENT":"f.1B562DAB7B69DB519EC194079547F9B8.d.36861642724A850C8263CF4017F9893C.e.6929"}]}
RESULT: {"script":"<script> [56 bytes]","args":[{"element-6066-11e4-a52e-4f735466cecf":"f.1B562DAB7B69DB519EC194079547F9B8.d.36861642724A850C8263CF4017F9893C.e.6929","ELEMENT":"f.1B562DAB7B69DB519EC194079547F9B8.d.36861642724A850C8263CF4017F9893C.e.6929"}]}
COMMAND: GET /session/79d72962d9b70739fc8ce96689df7cf6/element/f.1B562DAB7B69DB519EC194079547F9B8.d.36861642724A850C8263CF4017F9893C.e.6928/attribute/aria-checked - {}
COMMAND: GET /session/79d72962d9b70739fc8ce96689df7cf6/screenshot - {}
RESULT: {}
COMMAND: POST /session/79d72962d9b70739fc8ce96689df7cf6/element - {"using":"xpath","value":"//table[contains(@id, \"listView-innerSelectionPanelTable-listUl\")]/tbody/tr[24]/td[2]/div/div"}
RESULT: {}
RESULT: {"using":"xpath","value":"//table[contains(@id, \"listView-innerSelectionPanelTable-listUl\")]/tbody/tr[24]/td[2]/div/div"}
COMMAND: POST /session/79d72962d9b70739fc8ce96689df7cf6/element - {"using":"xpath","value":"//table[contains(@id, \"listView-innerSelectionPanelTable-listUl\")]/tbody/tr[24]/td[2]/div"}
RESULT: {"using":"xpath","value":"//table[contains(@id, \"listView-innerSelectionPanelTable-listUl\")]/tbody/tr[24]/td[2]/div"}
COMMAND: POST /session/79d72962d9b70739fc8ce96689df7cf6/element - {"using":"xpath","value":"//table[contains(@id, \"listView-innerSelectionPanelTable-listUl\")]/tbody/tr[24]/td[3]/div/div/span/span[1]/bdi"}
RESULT: {"using":"xpath","value":"//table[contains(@id, \"listView-innerSelectionPanelTable-listUl\")]/tbody/tr[24]/td[3]/div/div/span/span[1]/bdi"}
COMMAND: POST /session/79d72962d9b70739fc8ce96689df7cf6/execute/sync - {"script":"<script> [56 bytes]","args":[{"element-6066-11e4-a52e-4f735466cecf":"f.1B562DAB7B69DB519EC194079547F9B8.d.36861642724A850C8263CF4017F9893C.e.6932","ELEMENT":"f.1B562DAB7B69DB519EC194079547F9B8.d.36861642724A850C8263CF4017F9893C.e.6932"}]}
RESULT: {"script":"<script> [56 bytes]","args":[{"element-6066-11e4-a52e-4f735466cecf":"f.1B562DAB7B69DB519EC194079547F9B8.d.36861642724A850C8263CF4017F9893C.e.6932","ELEMENT":"f.1B562DAB7B69DB519EC194079547F9B8.d.36861642724A850C8263CF4017F9893C.e.6932"}]}
COMMAND: GET /session/79d72962d9b70739fc8ce96689df7cf6/element/f.1B562DAB7B69DB519EC194079547F9B8.d.36861642724A850C8263CF4017F9893C.e.6931/attribute/aria-checked - {}
COMMAND: GET /session/79d72962d9b70739fc8ce96689df7cf6/screenshot - {}
RESULT: {}
COMMAND: POST /session/79d72962d9b70739fc8ce96689df7cf6/element - {"using":"xpath","value":"//table[contains(@id, \"listView-innerSelectionPanelTable-listUl\")]/tbody/tr[25]/td[2]/div/div"}
RESULT: {}
RESULT: {"using":"xpath","value":"//table[contains(@id, \"listView-innerSelectionPanelTable-listUl\")]/tbody/tr[25]/td[2]/div/div"}
COMMAND: POST /session/79d72962d9b70739fc8ce96689df7cf6/element - {"using":"xpath","value":"//table[contains(@id, \"listView-innerSelectionPanelTable-listUl\")]/tbody/tr[25]/td[2]/div"}
RESULT: {"using":"xpath","value":"//table[contains(@id, \"listView-innerSelectionPanelTable-listUl\")]/tbody/tr[25]/td[2]/div"}
COMMAND: POST /session/79d72962d9b70739fc8ce96689df7cf6/element - {"using":"xpath","value":"//table[contains(@id, \"listView-innerSelectionPanelTable-listUl\")]/tbody/tr[25]/td[3]/div/div/span/span[1]/bdi"}
RESULT: {"using":"xpath","value":"//table[contains(@id, \"listView-innerSelectionPanelTable-listUl\")]/tbody/tr[25]/td[3]/div/div/span/span[1]/bdi"}
COMMAND: POST /session/79d72962d9b70739fc8ce96689df7cf6/execute/sync - {"script":"<script> [56 bytes]","args":[{"element-6066-11e4-a52e-4f735466cecf":"f.1B562DAB7B69DB519EC194079547F9B8.d.36861642724A850C8263CF4017F9893C.e.6935","ELEMENT":"f.1B562DAB7B69DB519EC194079547F9B8.d.36861642724A850C8263CF4017F9893C.e.6935"}]}
RESULT: {"script":"<script> [56 bytes]","args":[{"element-6066-11e4-a52e-4f735466cecf":"f.1B562DAB7B69DB519EC194079547F9B8.d.36861642724A850C8263CF4017F9893C.e.6935","ELEMENT":"f.1B562DAB7B69DB519EC194079547F9B8.d.36861642724A850C8263CF4017F9893C.e.6935"}]}
COMMAND: GET /session/79d72962d9b70739fc8ce96689df7cf6/element/f.1B562DAB7B69DB519EC194079547F9B8.d.36861642724A850C8263CF4017F9893C.e.6934/attribute/aria-checked - {}
COMMAND: GET /session/79d72962d9b70739fc8ce96689df7cf6/screenshot - {}
RESULT: {}
COMMAND: POST /session/79d72962d9b70739fc8ce96689df7cf6/element - {"using":"xpath","value":"//bdi[contains(text(), \"OK\")]"}
RESULT: {}
RESULT: {"using":"xpath","value":"//bdi[contains(text(), \"OK\")]"}
COMMAND: POST /session/79d72962d9b70739fc8ce96689df7cf6/element/f.1B562DAB7B69DB519EC194079547F9B8.d.36861642724A850C8263CF4017F9893C.e.6936/click - {}
RESULT: {}
COMMAND: GET /session/79d72962d9b70739fc8ce96689df7cf6/screenshot - {}
RESULT: {}
COMMAND: POST /session/79d72962d9b70739fc8ce96689df7cf6/execute/async - {"script":"<script> [1562 bytes]","args":[{"selector":{"id":"application-managepartners-display-component---masterPtm--smartFilterBar-filterItemControlA_-LINK_TO_ADDRESSES_MAIN.CITY1-vhi"},"wdio_ui5_key":"applicationmanagepartners-display-component---masterPtm--smartFilterBar-filterItemControlA_-LINK_TO_ADDRESSES_MAIN.CITY1-vhi"}]}
RESULT: {"script":"<script> [1562 bytes]","args":[{"selector":{"id":"application-managepartners-display-component---masterPtm--smartFilterBar-filterItemControlA_-LINK_TO_ADDRESSES_MAIN.CITY1-vhi"},"wdio_ui5_key":"applicationmanagepartners-display-component---masterPtm--smartFilterBar-filterItemControlA_-LINK_TO_ADDRESSES_MAIN.CITY1-vhi"}]}
RESULT: undefined
COMMAND: POST /session/79d72962d9b70739fc8ce96689df7cf6/element - {"using":"xpath","value":"//*[@id=\"application-managepartners-display-component---masterPtm--smartFilterBar-filterItemControlA_-LINK_TO_ADDRESSES_MAIN.CITY1-vhi\"]"}
RESULT: {"using":"xpath","value":"//*[@id=\"application-managepartners-display-component---masterPtm--smartFilterBar-filterItemControlA_-LINK_TO_ADDRESSES_MAIN.CITY1-vhi\"]"}
COMMAND: POST /session/79d72962d9b70739fc8ce96689df7cf6/element/f.1B562DAB7B69DB519EC194079547F9B8.d.36861642724A850C8263CF4017F9893C.e.6950/click - {}
RESULT: {}
COMMAND: GET /session/79d72962d9b70739fc8ce96689df7cf6/screenshot - {}
RESULT: {}
COMMAND: POST /session/79d72962d9b70739fc8ce96689df7cf6/execute/async - {"script":"<script> [1562 bytes]","args":[{"selector":{"controlType":"sap.m.Input","viewName":"etm.portal.ui.managepartners.view.Master","viewId":"application-managepartners-display-component---masterPtm","properties":{"valueState":"None"},"searchOpenDialogs":true,"interaction":{"idSuffix":"inner"}},"wdio_ui5_key":"etmportal.ui.managepartners.view.Mastersap.m.Input{\"valueState\":\"None\"}"}]}
RESULT: {"script":"<script> [1562 bytes]","args":[{"selector":{"controlType":"sap.m.Input","viewName":"etm.portal.ui.managepartners.view.Master","viewId":"application-managepartners-display-component---masterPtm","properties":{"valueState":"None"},"searchOpenDialogs":true,"interaction":{"idSuffix":"inner"}},"wdio_ui5_key":"etmportal.ui.managepartners.view.Mastersap.m.Input{\"valueState\":\"None\"}"}]}
RESULT: undefined
COMMAND: POST /session/79d72962d9b70739fc8ce96689df7cf6/execute/async - {"script":"<script> [776 bytes]","args":[{"enterText":"Bucure","selector":{"controlType":"sap.m.Input","viewName":"etm.portal.ui.managepartners.view.Master","viewId":"application-managepartners-display-component---masterPtm","properties":{"valueState":"None"},"searchOpenDialogs":true,"interaction":{"idSuffix":"inner"}},"clearTextFirst":true,"interactionType":"ENTER_TEXT"}]}
RESULT: {"script":"<script> [776 bytes]","args":[{"enterText":"Bucure","selector":{"controlType":"sap.m.Input","viewName":"etm.portal.ui.managepartners.view.Master","viewId":"application-managepartners-display-component---masterPtm","properties":{"valueState":"None"},"searchOpenDialogs":true,"interaction":{"idSuffix":"inner"}},"clearTextFirst":true,"interactionType":"ENTER_TEXT"}]}
COMMAND: POST /session/79d72962d9b70739fc8ce96689df7cf6/actions - {"actions":[{"id":"action21","type":"key","parameters":{},"actions":[{"type":"keyDown","value":""},{"type":"pause","duration":10},{"type":"keyUp","value":""}]}]}
RESULT: {"actions":[{"id":"action21","type":"key","parameters":{},"actions":[{"type":"keyDown","value":""},{"type":"pause","duration":10},{"type":"keyUp","value":""}]}]}
COMMAND: GET /session/79d72962d9b70739fc8ce96689df7cf6/screenshot - {}
RESULT: {}
COMMAND: POST /session/79d72962d9b70739fc8ce96689df7cf6/element - {"using":"xpath","value":"(//bdi[contains(text(), \"OK\")])[1]"}
RESULT: {"using":"xpath","value":"(//bdi[contains(text(), \"OK\")])[1]"}
COMMAND: POST /session/79d72962d9b70739fc8ce96689df7cf6/element/f.1B562DAB7B69DB519EC194079547F9B8.d.36861642724A850C8263CF4017F9893C.e.6956/click - {}
RESULT: {}
COMMAND: GET /session/79d72962d9b70739fc8ce96689df7cf6/screenshot - {}
RESULT: {}
COMMAND: POST /session/79d72962d9b70739fc8ce96689df7cf6/element - {"using":"xpath","value":"//span[@id=\"application-managepartners-display-component---masterPtm--smartTable-header-inner\"]"}
RESULT: {"using":"xpath","value":"//span[@id=\"application-managepartners-display-component---masterPtm--smartTable-header-inner\"]"}
COMMAND: POST /session/79d72962d9b70739fc8ce96689df7cf6/elements - {"using":"xpath","value":"//span[@id=\"application-managepartners-display-component---masterPtm--smartTable-header-inner\"]"}
RESULT: {"using":"xpath","value":"//span[@id=\"application-managepartners-display-component---masterPtm--smartTable-header-inner\"]"}
COMMAND: POST /session/79d72962d9b70739fc8ce96689df7cf6/execute/sync - {"script":"<script> [56 bytes]","args":[{"element-6066-11e4-a52e-4f735466cecf":"f.1B562DAB7B69DB519EC194079547F9B8.d.36861642724A850C8263CF4017F9893C.e.5993","ELEMENT":"f.1B562DAB7B69DB519EC194079547F9B8.d.36861642724A850C8263CF4017F9893C.e.5993"}]}
RESULT: {"script":"<script> [56 bytes]","args":[{"element-6066-11e4-a52e-4f735466cecf":"f.1B562DAB7B69DB519EC194079547F9B8.d.36861642724A850C8263CF4017F9893C.e.5993","ELEMENT":"f.1B562DAB7B69DB519EC194079547F9B8.d.36861642724A850C8263CF4017F9893C.e.5993"}]}
COMMAND: POST /session/79d72962d9b70739fc8ce96689df7cf6/element - {"using":"xpath","value":"//span[contains(@title, \"Remove\")]"}
COMMAND: GET /session/79d72962d9b70739fc8ce96689df7cf6/screenshot - {}
RESULT: {"using":"xpath","value":"//span[contains(@title, \"Remove\")]"}
COMMAND: POST /session/79d72962d9b70739fc8ce96689df7cf6/element/f.1B562DAB7B69DB519EC194079547F9B8.d.36861642724A850C8263CF4017F9893C.e.7027/click - {}
RESULT: {}
RESULT: {}
COMMAND: GET /session/79d72962d9b70739fc8ce96689df7cf6/screenshot - {}
COMMAND: POST /session/79d72962d9b70739fc8ce96689df7cf6/element - {"using":"xpath","value":"//span[@id=\"application-managepartners-display-component---masterPtm--smartTable-header-inner\"]"}
RESULT: {}
RESULT: {"using":"xpath","value":"//span[@id=\"application-managepartners-display-component---masterPtm--smartTable-header-inner\"]"}
COMMAND: POST /session/79d72962d9b70739fc8ce96689df7cf6/elements - {"using":"xpath","value":"//span[@id=\"application-managepartners-display-component---masterPtm--smartTable-header-inner\"]"}
RESULT: {"using":"xpath","value":"//span[@id=\"application-managepartners-display-component---masterPtm--smartTable-header-inner\"]"}
COMMAND: POST /session/79d72962d9b70739fc8ce96689df7cf6/execute/sync - {"script":"<script> [56 bytes]","args":[{"element-6066-11e4-a52e-4f735466cecf":"f.1B562DAB7B69DB519EC194079547F9B8.d.36861642724A850C8263CF4017F9893C.e.5993","ELEMENT":"f.1B562DAB7B69DB519EC194079547F9B8.d.36861642724A850C8263CF4017F9893C.e.5993"}]}
RESULT: {"script":"<script> [56 bytes]","args":[{"element-6066-11e4-a52e-4f735466cecf":"f.1B562DAB7B69DB519EC194079547F9B8.d.36861642724A850C8263CF4017F9893C.e.5993","ELEMENT":"f.1B562DAB7B69DB519EC194079547F9B8.d.36861642724A850C8263CF4017F9893C.e.5993"}]}
COMMAND: POST /session/79d72962d9b70739fc8ce96689df7cf6/element - {"using":"css selector","value":"#shell-header-logo"}
COMMAND: GET /session/79d72962d9b70739fc8ce96689df7cf6/screenshot - {}
RESULT: {"using":"css selector","value":"#shell-header-logo"}
COMMAND: POST /session/79d72962d9b70739fc8ce96689df7cf6/element/f.1B562DAB7B69DB519EC194079547F9B8.d.36861642724A850C8263CF4017F9893C.e.5821/click - {}
RESULT: {}
RESULT: {}
COMMAND: GET /session/79d72962d9b70739fc8ce96689df7cf6/screenshot - {}
RESULT: {}
]]></system-out>
    </testcase>
    <testcase classname="chrome.136_0_7103_93.windows.Partner_specific_tests_US150819_US151080_US151654_US151176_US103444_US151078_US151079_US151109_US151174_US151175_US151189" name="Should try to save empty partner US151174" time="54.014">
      <system-out><![CDATA[
COMMAND: POST /session/79d72962d9b70739fc8ce96689df7cf6/element - {"using":"xpath","value":"//li[.//span[text()=\"Manage Partners\"]]"}
RESULT: {"using":"xpath","value":"//li[.//span[text()=\"Manage Partners\"]]"}
COMMAND: POST /session/79d72962d9b70739fc8ce96689df7cf6/element - {"using":"xpath","value":"//li[.//span[text()=\"Manage Partners\"]]"}
RESULT: {"using":"xpath","value":"//li[.//span[text()=\"Manage Partners\"]]"}
COMMAND: POST /session/79d72962d9b70739fc8ce96689df7cf6/element - {"using":"css selector","value":"#shell-header-logo"}
RESULT: {"using":"css selector","value":"#shell-header-logo"}
COMMAND: POST /session/79d72962d9b70739fc8ce96689df7cf6/element/f.1B562DAB7B69DB519EC194079547F9B8.d.36861642724A850C8263CF4017F9893C.e.7123/click - {}
COMMAND: POST /session/79d72962d9b70739fc8ce96689df7cf6/execute/sync - {"script":"<script> [8489 bytes]","args":[{"element-6066-11e4-a52e-4f735466cecf":"f.1B562DAB7B69DB519EC194079547F9B8.d.36861642724A850C8263CF4017F9893C.e.7123","ELEMENT":"f.1B562DAB7B69DB519EC194079547F9B8.d.36861642724A850C8263CF4017F9893C.e.7123"}]}
RESULT: {"script":"<script> [8489 bytes]","args":[{"element-6066-11e4-a52e-4f735466cecf":"f.1B562DAB7B69DB519EC194079547F9B8.d.36861642724A850C8263CF4017F9893C.e.7123","ELEMENT":"f.1B562DAB7B69DB519EC194079547F9B8.d.36861642724A850C8263CF4017F9893C.e.7123"}]}
COMMAND: POST /session/79d72962d9b70739fc8ce96689df7cf6/execute/sync - {"script":"<script> [5351 bytes]","args":[{"element-6066-11e4-a52e-4f735466cecf":"f.1B562DAB7B69DB519EC194079547F9B8.d.36861642724A850C8263CF4017F9893C.e.7123","ELEMENT":"f.1B562DAB7B69DB519EC194079547F9B8.d.36861642724A850C8263CF4017F9893C.e.7123"}]}
COMMAND: GET /session/79d72962d9b70739fc8ce96689df7cf6/screenshot - {}
RESULT: {}
COMMAND: GET /session/79d72962d9b70739fc8ce96689df7cf6/screenshot - {}
RESULT: {"script":"<script> [5351 bytes]","args":[{"element-6066-11e4-a52e-4f735466cecf":"f.1B562DAB7B69DB519EC194079547F9B8.d.36861642724A850C8263CF4017F9893C.e.7123","ELEMENT":"f.1B562DAB7B69DB519EC194079547F9B8.d.36861642724A850C8263CF4017F9893C.e.7123"}]}
COMMAND: GET /session/79d72962d9b70739fc8ce96689df7cf6/screenshot - {}
RESULT: {}
RESULT: {}
RESULT: {}
RESULT: undefined
COMMAND: POST /session/79d72962d9b70739fc8ce96689df7cf6/element - {"using":"xpath","value":"//*[@id=\"__tile30\"]"}
RESULT: {"using":"xpath","value":"//*[@id=\"__tile30\"]"}
COMMAND: POST /session/79d72962d9b70739fc8ce96689df7cf6/element/f.1B562DAB7B69DB519EC194079547F9B8.d.36861642724A850C8263CF4017F9893C.e.4477/click - {}
RESULT: {}
COMMAND: GET /session/79d72962d9b70739fc8ce96689df7cf6/screenshot - {}
RESULT: {}
COMMAND: POST /session/79d72962d9b70739fc8ce96689df7cf6/elements - {"using":"xpath","value":"//span[text()='Error']"}
RESULT: {"using":"xpath","value":"//span[text()='Error']"}
COMMAND: POST /session/79d72962d9b70739fc8ce96689df7cf6/element - {"using":"xpath","value":"//button[@data-kt=\"addButton\"]"}
RESULT: {"using":"xpath","value":"//button[@data-kt=\"addButton\"]"}
COMMAND: POST /session/79d72962d9b70739fc8ce96689df7cf6/elements - {"using":"xpath","value":"//button[@data-kt=\"addButton\"]"}
RESULT: {"using":"xpath","value":"//button[@data-kt=\"addButton\"]"}
COMMAND: POST /session/79d72962d9b70739fc8ce96689df7cf6/execute/sync - {"script":"<script> [8489 bytes]","args":[{"element-6066-11e4-a52e-4f735466cecf":"f.1B562DAB7B69DB519EC194079547F9B8.d.36861642724A850C8263CF4017F9893C.e.7168","ELEMENT":"f.1B562DAB7B69DB519EC194079547F9B8.d.36861642724A850C8263CF4017F9893C.e.7168"}]}
RESULT: {"script":"<script> [8489 bytes]","args":[{"element-6066-11e4-a52e-4f735466cecf":"f.1B562DAB7B69DB519EC194079547F9B8.d.36861642724A850C8263CF4017F9893C.e.7168","ELEMENT":"f.1B562DAB7B69DB519EC194079547F9B8.d.36861642724A850C8263CF4017F9893C.e.7168"}]}
COMMAND: GET /session/79d72962d9b70739fc8ce96689df7cf6/element/f.1B562DAB7B69DB519EC194079547F9B8.d.36861642724A850C8263CF4017F9893C.e.7168/enabled - {}
COMMAND: GET /session/79d72962d9b70739fc8ce96689df7cf6/screenshot - {}
RESULT: {}
COMMAND: POST /session/79d72962d9b70739fc8ce96689df7cf6/execute/sync - {"script":"<script> [8489 bytes]","args":[{"element-6066-11e4-a52e-4f735466cecf":"f.1B562DAB7B69DB519EC194079547F9B8.d.36861642724A850C8263CF4017F9893C.e.7168","ELEMENT":"f.1B562DAB7B69DB519EC194079547F9B8.d.36861642724A850C8263CF4017F9893C.e.7168"}]}
COMMAND: GET /session/79d72962d9b70739fc8ce96689df7cf6/screenshot - {}
RESULT: {}
RESULT: {"script":"<script> [8489 bytes]","args":[{"element-6066-11e4-a52e-4f735466cecf":"f.1B562DAB7B69DB519EC194079547F9B8.d.36861642724A850C8263CF4017F9893C.e.7168","ELEMENT":"f.1B562DAB7B69DB519EC194079547F9B8.d.36861642724A850C8263CF4017F9893C.e.7168"}]}
COMMAND: POST /session/79d72962d9b70739fc8ce96689df7cf6/execute/sync - {"script":"<script> [5351 bytes]","args":[{"element-6066-11e4-a52e-4f735466cecf":"f.1B562DAB7B69DB519EC194079547F9B8.d.36861642724A850C8263CF4017F9893C.e.7168","ELEMENT":"f.1B562DAB7B69DB519EC194079547F9B8.d.36861642724A850C8263CF4017F9893C.e.7168"}]}
COMMAND: GET /session/79d72962d9b70739fc8ce96689df7cf6/screenshot - {}
RESULT: {}
RESULT: {"script":"<script> [5351 bytes]","args":[{"element-6066-11e4-a52e-4f735466cecf":"f.1B562DAB7B69DB519EC194079547F9B8.d.36861642724A850C8263CF4017F9893C.e.7168","ELEMENT":"f.1B562DAB7B69DB519EC194079547F9B8.d.36861642724A850C8263CF4017F9893C.e.7168"}]}
COMMAND: POST /session/79d72962d9b70739fc8ce96689df7cf6/element/f.1B562DAB7B69DB519EC194079547F9B8.d.36861642724A850C8263CF4017F9893C.e.7168/click - {}
COMMAND: GET /session/79d72962d9b70739fc8ce96689df7cf6/screenshot - {}
RESULT: {}
RESULT: {}
COMMAND: GET /session/79d72962d9b70739fc8ce96689df7cf6/screenshot - {}
COMMAND: POST /session/79d72962d9b70739fc8ce96689df7cf6/element - {"using":"xpath","value":"//button[@data-kt=\"saveButton\"]"}
RESULT: {}
RESULT: {}
RESULT: {"using":"xpath","value":"//button[@data-kt=\"saveButton\"]"}
COMMAND: POST /session/79d72962d9b70739fc8ce96689df7cf6/element/f.1B562DAB7B69DB519EC194079547F9B8.d.36861642724A850C8263CF4017F9893C.e.7510/click - {}
RESULT: {}
COMMAND: GET /session/79d72962d9b70739fc8ce96689df7cf6/screenshot - {}
RESULT: {}
COMMAND: POST /session/79d72962d9b70739fc8ce96689df7cf6/element - {"using":"xpath","value":"//span[contains(@class, \"sapMMsgBoxText\")]"}
RESULT: {"using":"xpath","value":"//span[contains(@class, \"sapMMsgBoxText\")]"}
COMMAND: POST /session/79d72962d9b70739fc8ce96689df7cf6/execute/sync - {"script":"<script> [56 bytes]","args":[{"element-6066-11e4-a52e-4f735466cecf":"f.1B562DAB7B69DB519EC194079547F9B8.d.36861642724A850C8263CF4017F9893C.e.7602","ELEMENT":"f.1B562DAB7B69DB519EC194079547F9B8.d.36861642724A850C8263CF4017F9893C.e.7602"}]}
RESULT: {"script":"<script> [56 bytes]","args":[{"element-6066-11e4-a52e-4f735466cecf":"f.1B562DAB7B69DB519EC194079547F9B8.d.36861642724A850C8263CF4017F9893C.e.7602","ELEMENT":"f.1B562DAB7B69DB519EC194079547F9B8.d.36861642724A850C8263CF4017F9893C.e.7602"}]}
COMMAND: POST /session/79d72962d9b70739fc8ce96689df7cf6/element - {"using":"xpath","value":"(//bdi[contains(text(), \"Close\")])[1]"}
COMMAND: POST /session/79d72962d9b70739fc8ce96689df7cf6/elements - {"using":"xpath","value":"//span[contains(@class, \"sapMMsgBoxText\")]"}
COMMAND: GET /session/79d72962d9b70739fc8ce96689df7cf6/screenshot - {}
RESULT: {"using":"xpath","value":"(//bdi[contains(text(), \"Close\")])[1]"}
COMMAND: POST /session/79d72962d9b70739fc8ce96689df7cf6/element/f.1B562DAB7B69DB519EC194079547F9B8.d.36861642724A850C8263CF4017F9893C.e.7603/click - {}
RESULT: {"using":"xpath","value":"//span[contains(@class, \"sapMMsgBoxText\")]"}
RESULT: {}
RESULT: {}
COMMAND: GET /session/79d72962d9b70739fc8ce96689df7cf6/screenshot - {}
RESULT: {}
COMMAND: POST /session/79d72962d9b70739fc8ce96689df7cf6/element - {"using":"css selector","value":"#shell-header-logo"}
RESULT: {"using":"css selector","value":"#shell-header-logo"}
COMMAND: POST /session/79d72962d9b70739fc8ce96689df7cf6/element/f.1B562DAB7B69DB519EC194079547F9B8.d.36861642724A850C8263CF4017F9893C.e.7123/click - {}
RESULT: {}
COMMAND: GET /session/79d72962d9b70739fc8ce96689df7cf6/screenshot - {}
RESULT: {}
]]></system-out>
    </testcase>
    <testcase classname="chrome.136_0_7103_93.windows.Partner_specific_tests_US150819_US151080_US151654_US151176_US103444_US151078_US151079_US151109_US151174_US151175_US151189" name="Should do various searches US151175" time="160.548">
      <system-out><![CDATA[
COMMAND: POST /session/79d72962d9b70739fc8ce96689df7cf6/element - {"using":"xpath","value":"//li[.//span[text()=\"Manage Partners\"]]"}
RESULT: {"using":"xpath","value":"//li[.//span[text()=\"Manage Partners\"]]"}
COMMAND: POST /session/79d72962d9b70739fc8ce96689df7cf6/element - {"using":"xpath","value":"//li[.//span[text()=\"Manage Partners\"]]"}
RESULT: {"using":"xpath","value":"//li[.//span[text()=\"Manage Partners\"]]"}
COMMAND: POST /session/79d72962d9b70739fc8ce96689df7cf6/element - {"using":"css selector","value":"#shell-header-logo"}
RESULT: {"using":"css selector","value":"#shell-header-logo"}
COMMAND: POST /session/79d72962d9b70739fc8ce96689df7cf6/element/f.1B562DAB7B69DB519EC194079547F9B8.d.36861642724A850C8263CF4017F9893C.e.7605/click - {}
COMMAND: POST /session/79d72962d9b70739fc8ce96689df7cf6/execute/sync - {"script":"<script> [8489 bytes]","args":[{"element-6066-11e4-a52e-4f735466cecf":"f.1B562DAB7B69DB519EC194079547F9B8.d.36861642724A850C8263CF4017F9893C.e.7605","ELEMENT":"f.1B562DAB7B69DB519EC194079547F9B8.d.36861642724A850C8263CF4017F9893C.e.7605"}]}
RESULT: {}
COMMAND: GET /session/79d72962d9b70739fc8ce96689df7cf6/screenshot - {}
RESULT: {"script":"<script> [8489 bytes]","args":[{"element-6066-11e4-a52e-4f735466cecf":"f.1B562DAB7B69DB519EC194079547F9B8.d.36861642724A850C8263CF4017F9893C.e.7605","ELEMENT":"f.1B562DAB7B69DB519EC194079547F9B8.d.36861642724A850C8263CF4017F9893C.e.7605"}]}
COMMAND: POST /session/79d72962d9b70739fc8ce96689df7cf6/execute/sync - {"script":"<script> [5351 bytes]","args":[{"element-6066-11e4-a52e-4f735466cecf":"f.1B562DAB7B69DB519EC194079547F9B8.d.36861642724A850C8263CF4017F9893C.e.7605","ELEMENT":"f.1B562DAB7B69DB519EC194079547F9B8.d.36861642724A850C8263CF4017F9893C.e.7605"}]}
COMMAND: GET /session/79d72962d9b70739fc8ce96689df7cf6/screenshot - {}
RESULT: {}
RESULT: {"script":"<script> [5351 bytes]","args":[{"element-6066-11e4-a52e-4f735466cecf":"f.1B562DAB7B69DB519EC194079547F9B8.d.36861642724A850C8263CF4017F9893C.e.7605","ELEMENT":"f.1B562DAB7B69DB519EC194079547F9B8.d.36861642724A850C8263CF4017F9893C.e.7605"}]}
COMMAND: GET /session/79d72962d9b70739fc8ce96689df7cf6/screenshot - {}
RESULT: {}
RESULT: {}
RESULT: undefined
COMMAND: POST /session/79d72962d9b70739fc8ce96689df7cf6/element - {"using":"xpath","value":"//*[@id=\"__tile30\"]"}
RESULT: {"using":"xpath","value":"//*[@id=\"__tile30\"]"}
COMMAND: POST /session/79d72962d9b70739fc8ce96689df7cf6/element/f.1B562DAB7B69DB519EC194079547F9B8.d.36861642724A850C8263CF4017F9893C.e.4477/click - {}
RESULT: {}
COMMAND: GET /session/79d72962d9b70739fc8ce96689df7cf6/screenshot - {}
RESULT: {}
COMMAND: POST /session/79d72962d9b70739fc8ce96689df7cf6/elements - {"using":"xpath","value":"//span[text()='Error']"}
RESULT: {"using":"xpath","value":"//span[text()='Error']"}
COMMAND: POST /session/79d72962d9b70739fc8ce96689df7cf6/element - {"using":"xpath","value":"//button[@data-kt=\"addButton\"]"}
RESULT: {"using":"xpath","value":"//button[@data-kt=\"addButton\"]"}
COMMAND: POST /session/79d72962d9b70739fc8ce96689df7cf6/elements - {"using":"xpath","value":"//button[@data-kt=\"addButton\"]"}
RESULT: {"using":"xpath","value":"//button[@data-kt=\"addButton\"]"}
COMMAND: POST /session/79d72962d9b70739fc8ce96689df7cf6/execute/sync - {"script":"<script> [8489 bytes]","args":[{"element-6066-11e4-a52e-4f735466cecf":"f.1B562DAB7B69DB519EC194079547F9B8.d.36861642724A850C8263CF4017F9893C.e.7650","ELEMENT":"f.1B562DAB7B69DB519EC194079547F9B8.d.36861642724A850C8263CF4017F9893C.e.7650"}]}
RESULT: {"script":"<script> [8489 bytes]","args":[{"element-6066-11e4-a52e-4f735466cecf":"f.1B562DAB7B69DB519EC194079547F9B8.d.36861642724A850C8263CF4017F9893C.e.7650","ELEMENT":"f.1B562DAB7B69DB519EC194079547F9B8.d.36861642724A850C8263CF4017F9893C.e.7650"}]}
COMMAND: GET /session/79d72962d9b70739fc8ce96689df7cf6/element/f.1B562DAB7B69DB519EC194079547F9B8.d.36861642724A850C8263CF4017F9893C.e.7650/enabled - {}
COMMAND: GET /session/79d72962d9b70739fc8ce96689df7cf6/screenshot - {}
RESULT: {}
COMMAND: POST /session/79d72962d9b70739fc8ce96689df7cf6/execute/sync - {"script":"<script> [8489 bytes]","args":[{"element-6066-11e4-a52e-4f735466cecf":"f.1B562DAB7B69DB519EC194079547F9B8.d.36861642724A850C8263CF4017F9893C.e.7650","ELEMENT":"f.1B562DAB7B69DB519EC194079547F9B8.d.36861642724A850C8263CF4017F9893C.e.7650"}]}
COMMAND: GET /session/79d72962d9b70739fc8ce96689df7cf6/screenshot - {}
RESULT: {}
RESULT: {"script":"<script> [8489 bytes]","args":[{"element-6066-11e4-a52e-4f735466cecf":"f.1B562DAB7B69DB519EC194079547F9B8.d.36861642724A850C8263CF4017F9893C.e.7650","ELEMENT":"f.1B562DAB7B69DB519EC194079547F9B8.d.36861642724A850C8263CF4017F9893C.e.7650"}]}
COMMAND: POST /session/79d72962d9b70739fc8ce96689df7cf6/execute/sync - {"script":"<script> [5351 bytes]","args":[{"element-6066-11e4-a52e-4f735466cecf":"f.1B562DAB7B69DB519EC194079547F9B8.d.36861642724A850C8263CF4017F9893C.e.7650","ELEMENT":"f.1B562DAB7B69DB519EC194079547F9B8.d.36861642724A850C8263CF4017F9893C.e.7650"}]}
COMMAND: GET /session/79d72962d9b70739fc8ce96689df7cf6/screenshot - {}
RESULT: {}
RESULT: {}
RESULT: {"script":"<script> [5351 bytes]","args":[{"element-6066-11e4-a52e-4f735466cecf":"f.1B562DAB7B69DB519EC194079547F9B8.d.36861642724A850C8263CF4017F9893C.e.7650","ELEMENT":"f.1B562DAB7B69DB519EC194079547F9B8.d.36861642724A850C8263CF4017F9893C.e.7650"}]}
COMMAND: GET /session/79d72962d9b70739fc8ce96689df7cf6/screenshot - {}
RESULT: {}
COMMAND: POST /session/79d72962d9b70739fc8ce96689df7cf6/element - {"using":"xpath","value":"//span[@id=\"application-managepartners-display-component---masterPtm--smartTable-header-inner\"]"}
RESULT: {"using":"xpath","value":"//span[@id=\"application-managepartners-display-component---masterPtm--smartTable-header-inner\"]"}
COMMAND: POST /session/79d72962d9b70739fc8ce96689df7cf6/elements - {"using":"xpath","value":"//span[@id=\"application-managepartners-display-component---masterPtm--smartTable-header-inner\"]"}
RESULT: {"using":"xpath","value":"//span[@id=\"application-managepartners-display-component---masterPtm--smartTable-header-inner\"]"}
COMMAND: POST /session/79d72962d9b70739fc8ce96689df7cf6/execute/sync - {"script":"<script> [56 bytes]","args":[{"element-6066-11e4-a52e-4f735466cecf":"f.1B562DAB7B69DB519EC194079547F9B8.d.36861642724A850C8263CF4017F9893C.e.7774","ELEMENT":"f.1B562DAB7B69DB519EC194079547F9B8.d.36861642724A850C8263CF4017F9893C.e.7774"}]}
RESULT: {"script":"<script> [56 bytes]","args":[{"element-6066-11e4-a52e-4f735466cecf":"f.1B562DAB7B69DB519EC194079547F9B8.d.36861642724A850C8263CF4017F9893C.e.7774","ELEMENT":"f.1B562DAB7B69DB519EC194079547F9B8.d.36861642724A850C8263CF4017F9893C.e.7774"}]}
RESULT: undefined
COMMAND: POST /session/79d72962d9b70739fc8ce96689df7cf6/element - {"using":"xpath","value":"//*[@id=\"application-managepartners-display-component---masterPtm--smartFilterBar-btnFilters\"]"}
COMMAND: GET /session/79d72962d9b70739fc8ce96689df7cf6/screenshot - {}
RESULT: {"using":"xpath","value":"//*[@id=\"application-managepartners-display-component---masterPtm--smartFilterBar-btnFilters\"]"}
COMMAND: POST /session/79d72962d9b70739fc8ce96689df7cf6/element/f.1B562DAB7B69DB519EC194079547F9B8.d.36861642724A850C8263CF4017F9893C.e.7615/click - {}
RESULT: {}
RESULT: {}
COMMAND: GET /session/79d72962d9b70739fc8ce96689df7cf6/screenshot - {}
RESULT: {}
COMMAND: POST /session/79d72962d9b70739fc8ce96689df7cf6/elements - {"using":"xpath","value":"//table[contains(@id, \"listView-innerSelectionPanelTable-listUl\")]/tbody/tr"}
RESULT: {"using":"xpath","value":"//table[contains(@id, \"listView-innerSelectionPanelTable-listUl\")]/tbody/tr"}
COMMAND: POST /session/79d72962d9b70739fc8ce96689df7cf6/element - {"using":"xpath","value":"//table[contains(@id, \"listView-innerSelectionPanelTable-listUl\")]/tbody/tr[2]/td[2]/div/div"}
RESULT: {"using":"xpath","value":"//table[contains(@id, \"listView-innerSelectionPanelTable-listUl\")]/tbody/tr[2]/td[2]/div/div"}
COMMAND: POST /session/79d72962d9b70739fc8ce96689df7cf6/element - {"using":"xpath","value":"//table[contains(@id, \"listView-innerSelectionPanelTable-listUl\")]/tbody/tr[2]/td[2]/div"}
RESULT: {"using":"xpath","value":"//table[contains(@id, \"listView-innerSelectionPanelTable-listUl\")]/tbody/tr[2]/td[2]/div"}
COMMAND: POST /session/79d72962d9b70739fc8ce96689df7cf6/element - {"using":"xpath","value":"//table[contains(@id, \"listView-innerSelectionPanelTable-listUl\")]/tbody/tr[2]/td[3]/div/div/span/span[1]/bdi"}
RESULT: {"using":"xpath","value":"//table[contains(@id, \"listView-innerSelectionPanelTable-listUl\")]/tbody/tr[2]/td[3]/div/div/span/span[1]/bdi"}
COMMAND: POST /session/79d72962d9b70739fc8ce96689df7cf6/execute/sync - {"script":"<script> [56 bytes]","args":[{"element-6066-11e4-a52e-4f735466cecf":"f.1B562DAB7B69DB519EC194079547F9B8.d.36861642724A850C8263CF4017F9893C.e.7842","ELEMENT":"f.1B562DAB7B69DB519EC194079547F9B8.d.36861642724A850C8263CF4017F9893C.e.7842"}]}
RESULT: {"script":"<script> [56 bytes]","args":[{"element-6066-11e4-a52e-4f735466cecf":"f.1B562DAB7B69DB519EC194079547F9B8.d.36861642724A850C8263CF4017F9893C.e.7842","ELEMENT":"f.1B562DAB7B69DB519EC194079547F9B8.d.36861642724A850C8263CF4017F9893C.e.7842"}]}
COMMAND: GET /session/79d72962d9b70739fc8ce96689df7cf6/element/f.1B562DAB7B69DB519EC194079547F9B8.d.36861642724A850C8263CF4017F9893C.e.7841/attribute/aria-checked - {}
COMMAND: GET /session/79d72962d9b70739fc8ce96689df7cf6/screenshot - {}
RESULT: {}
COMMAND: POST /session/79d72962d9b70739fc8ce96689df7cf6/element - {"using":"xpath","value":"//table[contains(@id, \"listView-innerSelectionPanelTable-listUl\")]/tbody/tr[3]/td[2]/div/div"}
RESULT: {}
RESULT: {"using":"xpath","value":"//table[contains(@id, \"listView-innerSelectionPanelTable-listUl\")]/tbody/tr[3]/td[2]/div/div"}
COMMAND: POST /session/79d72962d9b70739fc8ce96689df7cf6/element - {"using":"xpath","value":"//table[contains(@id, \"listView-innerSelectionPanelTable-listUl\")]/tbody/tr[3]/td[2]/div"}
RESULT: {"using":"xpath","value":"//table[contains(@id, \"listView-innerSelectionPanelTable-listUl\")]/tbody/tr[3]/td[2]/div"}
COMMAND: POST /session/79d72962d9b70739fc8ce96689df7cf6/element - {"using":"xpath","value":"//table[contains(@id, \"listView-innerSelectionPanelTable-listUl\")]/tbody/tr[3]/td[3]/div/div/span/span[1]/bdi"}
RESULT: {"using":"xpath","value":"//table[contains(@id, \"listView-innerSelectionPanelTable-listUl\")]/tbody/tr[3]/td[3]/div/div/span/span[1]/bdi"}
COMMAND: POST /session/79d72962d9b70739fc8ce96689df7cf6/execute/sync - {"script":"<script> [56 bytes]","args":[{"element-6066-11e4-a52e-4f735466cecf":"f.1B562DAB7B69DB519EC194079547F9B8.d.36861642724A850C8263CF4017F9893C.e.7845","ELEMENT":"f.1B562DAB7B69DB519EC194079547F9B8.d.36861642724A850C8263CF4017F9893C.e.7845"}]}
RESULT: {"script":"<script> [56 bytes]","args":[{"element-6066-11e4-a52e-4f735466cecf":"f.1B562DAB7B69DB519EC194079547F9B8.d.36861642724A850C8263CF4017F9893C.e.7845","ELEMENT":"f.1B562DAB7B69DB519EC194079547F9B8.d.36861642724A850C8263CF4017F9893C.e.7845"}]}
COMMAND: GET /session/79d72962d9b70739fc8ce96689df7cf6/element/f.1B562DAB7B69DB519EC194079547F9B8.d.36861642724A850C8263CF4017F9893C.e.7844/attribute/aria-checked - {}
COMMAND: GET /session/79d72962d9b70739fc8ce96689df7cf6/screenshot - {}
RESULT: {}
COMMAND: POST /session/79d72962d9b70739fc8ce96689df7cf6/element - {"using":"xpath","value":"//table[contains(@id, \"listView-innerSelectionPanelTable-listUl\")]/tbody/tr[4]/td[2]/div/div"}
RESULT: {}
RESULT: {"using":"xpath","value":"//table[contains(@id, \"listView-innerSelectionPanelTable-listUl\")]/tbody/tr[4]/td[2]/div/div"}
COMMAND: POST /session/79d72962d9b70739fc8ce96689df7cf6/element - {"using":"xpath","value":"//table[contains(@id, \"listView-innerSelectionPanelTable-listUl\")]/tbody/tr[4]/td[2]/div"}
RESULT: {"using":"xpath","value":"//table[contains(@id, \"listView-innerSelectionPanelTable-listUl\")]/tbody/tr[4]/td[2]/div"}
COMMAND: POST /session/79d72962d9b70739fc8ce96689df7cf6/element - {"using":"xpath","value":"//table[contains(@id, \"listView-innerSelectionPanelTable-listUl\")]/tbody/tr[4]/td[3]/div/div/span/span[1]/bdi"}
RESULT: {"using":"xpath","value":"//table[contains(@id, \"listView-innerSelectionPanelTable-listUl\")]/tbody/tr[4]/td[3]/div/div/span/span[1]/bdi"}
COMMAND: POST /session/79d72962d9b70739fc8ce96689df7cf6/execute/sync - {"script":"<script> [56 bytes]","args":[{"element-6066-11e4-a52e-4f735466cecf":"f.1B562DAB7B69DB519EC194079547F9B8.d.36861642724A850C8263CF4017F9893C.e.7848","ELEMENT":"f.1B562DAB7B69DB519EC194079547F9B8.d.36861642724A850C8263CF4017F9893C.e.7848"}]}
RESULT: {"script":"<script> [56 bytes]","args":[{"element-6066-11e4-a52e-4f735466cecf":"f.1B562DAB7B69DB519EC194079547F9B8.d.36861642724A850C8263CF4017F9893C.e.7848","ELEMENT":"f.1B562DAB7B69DB519EC194079547F9B8.d.36861642724A850C8263CF4017F9893C.e.7848"}]}
COMMAND: GET /session/79d72962d9b70739fc8ce96689df7cf6/element/f.1B562DAB7B69DB519EC194079547F9B8.d.36861642724A850C8263CF4017F9893C.e.7847/attribute/aria-checked - {}
COMMAND: GET /session/79d72962d9b70739fc8ce96689df7cf6/screenshot - {}
RESULT: {}
COMMAND: POST /session/79d72962d9b70739fc8ce96689df7cf6/element - {"using":"xpath","value":"//table[contains(@id, \"listView-innerSelectionPanelTable-listUl\")]/tbody/tr[5]/td[2]/div/div"}
RESULT: {}
RESULT: {"using":"xpath","value":"//table[contains(@id, \"listView-innerSelectionPanelTable-listUl\")]/tbody/tr[5]/td[2]/div/div"}
COMMAND: POST /session/79d72962d9b70739fc8ce96689df7cf6/element - {"using":"xpath","value":"//table[contains(@id, \"listView-innerSelectionPanelTable-listUl\")]/tbody/tr[5]/td[2]/div"}
RESULT: {"using":"xpath","value":"//table[contains(@id, \"listView-innerSelectionPanelTable-listUl\")]/tbody/tr[5]/td[2]/div"}
COMMAND: POST /session/79d72962d9b70739fc8ce96689df7cf6/element - {"using":"xpath","value":"//table[contains(@id, \"listView-innerSelectionPanelTable-listUl\")]/tbody/tr[5]/td[3]/div/div/span/span[1]/bdi"}
RESULT: {"using":"xpath","value":"//table[contains(@id, \"listView-innerSelectionPanelTable-listUl\")]/tbody/tr[5]/td[3]/div/div/span/span[1]/bdi"}
COMMAND: POST /session/79d72962d9b70739fc8ce96689df7cf6/execute/sync - {"script":"<script> [56 bytes]","args":[{"element-6066-11e4-a52e-4f735466cecf":"f.1B562DAB7B69DB519EC194079547F9B8.d.36861642724A850C8263CF4017F9893C.e.7851","ELEMENT":"f.1B562DAB7B69DB519EC194079547F9B8.d.36861642724A850C8263CF4017F9893C.e.7851"}]}
RESULT: {"script":"<script> [56 bytes]","args":[{"element-6066-11e4-a52e-4f735466cecf":"f.1B562DAB7B69DB519EC194079547F9B8.d.36861642724A850C8263CF4017F9893C.e.7851","ELEMENT":"f.1B562DAB7B69DB519EC194079547F9B8.d.36861642724A850C8263CF4017F9893C.e.7851"}]}
COMMAND: GET /session/79d72962d9b70739fc8ce96689df7cf6/element/f.1B562DAB7B69DB519EC194079547F9B8.d.36861642724A850C8263CF4017F9893C.e.7850/attribute/aria-checked - {}
COMMAND: GET /session/79d72962d9b70739fc8ce96689df7cf6/screenshot - {}
RESULT: {}
COMMAND: POST /session/79d72962d9b70739fc8ce96689df7cf6/element - {"using":"xpath","value":"//table[contains(@id, \"listView-innerSelectionPanelTable-listUl\")]/tbody/tr[6]/td[2]/div/div"}
RESULT: {}
RESULT: {"using":"xpath","value":"//table[contains(@id, \"listView-innerSelectionPanelTable-listUl\")]/tbody/tr[6]/td[2]/div/div"}
COMMAND: POST /session/79d72962d9b70739fc8ce96689df7cf6/element - {"using":"xpath","value":"//table[contains(@id, \"listView-innerSelectionPanelTable-listUl\")]/tbody/tr[6]/td[2]/div"}
RESULT: {"using":"xpath","value":"//table[contains(@id, \"listView-innerSelectionPanelTable-listUl\")]/tbody/tr[6]/td[2]/div"}
COMMAND: POST /session/79d72962d9b70739fc8ce96689df7cf6/element - {"using":"xpath","value":"//table[contains(@id, \"listView-innerSelectionPanelTable-listUl\")]/tbody/tr[6]/td[3]/div/div/span/span[1]/bdi"}
RESULT: {"using":"xpath","value":"//table[contains(@id, \"listView-innerSelectionPanelTable-listUl\")]/tbody/tr[6]/td[3]/div/div/span/span[1]/bdi"}
COMMAND: POST /session/79d72962d9b70739fc8ce96689df7cf6/execute/sync - {"script":"<script> [56 bytes]","args":[{"element-6066-11e4-a52e-4f735466cecf":"f.1B562DAB7B69DB519EC194079547F9B8.d.36861642724A850C8263CF4017F9893C.e.7854","ELEMENT":"f.1B562DAB7B69DB519EC194079547F9B8.d.36861642724A850C8263CF4017F9893C.e.7854"}]}
RESULT: {"script":"<script> [56 bytes]","args":[{"element-6066-11e4-a52e-4f735466cecf":"f.1B562DAB7B69DB519EC194079547F9B8.d.36861642724A850C8263CF4017F9893C.e.7854","ELEMENT":"f.1B562DAB7B69DB519EC194079547F9B8.d.36861642724A850C8263CF4017F9893C.e.7854"}]}
COMMAND: GET /session/79d72962d9b70739fc8ce96689df7cf6/element/f.1B562DAB7B69DB519EC194079547F9B8.d.36861642724A850C8263CF4017F9893C.e.7853/attribute/aria-checked - {}
COMMAND: GET /session/79d72962d9b70739fc8ce96689df7cf6/screenshot - {}
RESULT: {}
COMMAND: POST /session/79d72962d9b70739fc8ce96689df7cf6/element - {"using":"xpath","value":"//table[contains(@id, \"listView-innerSelectionPanelTable-listUl\")]/tbody/tr[7]/td[2]/div/div"}
RESULT: {}
RESULT: {"using":"xpath","value":"//table[contains(@id, \"listView-innerSelectionPanelTable-listUl\")]/tbody/tr[7]/td[2]/div/div"}
COMMAND: POST /session/79d72962d9b70739fc8ce96689df7cf6/element - {"using":"xpath","value":"//table[contains(@id, \"listView-innerSelectionPanelTable-listUl\")]/tbody/tr[7]/td[2]/div"}
RESULT: {"using":"xpath","value":"//table[contains(@id, \"listView-innerSelectionPanelTable-listUl\")]/tbody/tr[7]/td[2]/div"}
COMMAND: POST /session/79d72962d9b70739fc8ce96689df7cf6/element - {"using":"xpath","value":"//table[contains(@id, \"listView-innerSelectionPanelTable-listUl\")]/tbody/tr[7]/td[3]/div/div/span/span[1]/bdi"}
RESULT: {"using":"xpath","value":"//table[contains(@id, \"listView-innerSelectionPanelTable-listUl\")]/tbody/tr[7]/td[3]/div/div/span/span[1]/bdi"}
COMMAND: POST /session/79d72962d9b70739fc8ce96689df7cf6/execute/sync - {"script":"<script> [56 bytes]","args":[{"element-6066-11e4-a52e-4f735466cecf":"f.1B562DAB7B69DB519EC194079547F9B8.d.36861642724A850C8263CF4017F9893C.e.7857","ELEMENT":"f.1B562DAB7B69DB519EC194079547F9B8.d.36861642724A850C8263CF4017F9893C.e.7857"}]}
RESULT: {"script":"<script> [56 bytes]","args":[{"element-6066-11e4-a52e-4f735466cecf":"f.1B562DAB7B69DB519EC194079547F9B8.d.36861642724A850C8263CF4017F9893C.e.7857","ELEMENT":"f.1B562DAB7B69DB519EC194079547F9B8.d.36861642724A850C8263CF4017F9893C.e.7857"}]}
COMMAND: GET /session/79d72962d9b70739fc8ce96689df7cf6/element/f.1B562DAB7B69DB519EC194079547F9B8.d.36861642724A850C8263CF4017F9893C.e.7856/attribute/aria-checked - {}
COMMAND: GET /session/79d72962d9b70739fc8ce96689df7cf6/screenshot - {}
RESULT: {}
COMMAND: POST /session/79d72962d9b70739fc8ce96689df7cf6/element - {"using":"xpath","value":"//table[contains(@id, \"listView-innerSelectionPanelTable-listUl\")]/tbody/tr[8]/td[2]/div/div"}
RESULT: {}
RESULT: {"using":"xpath","value":"//table[contains(@id, \"listView-innerSelectionPanelTable-listUl\")]/tbody/tr[8]/td[2]/div/div"}
COMMAND: POST /session/79d72962d9b70739fc8ce96689df7cf6/element - {"using":"xpath","value":"//table[contains(@id, \"listView-innerSelectionPanelTable-listUl\")]/tbody/tr[8]/td[2]/div"}
RESULT: {"using":"xpath","value":"//table[contains(@id, \"listView-innerSelectionPanelTable-listUl\")]/tbody/tr[8]/td[2]/div"}
COMMAND: POST /session/79d72962d9b70739fc8ce96689df7cf6/element - {"using":"xpath","value":"//table[contains(@id, \"listView-innerSelectionPanelTable-listUl\")]/tbody/tr[8]/td[3]/div/div/span/span[1]/bdi"}
RESULT: {"using":"xpath","value":"//table[contains(@id, \"listView-innerSelectionPanelTable-listUl\")]/tbody/tr[8]/td[3]/div/div/span/span[1]/bdi"}
COMMAND: POST /session/79d72962d9b70739fc8ce96689df7cf6/execute/sync - {"script":"<script> [56 bytes]","args":[{"element-6066-11e4-a52e-4f735466cecf":"f.1B562DAB7B69DB519EC194079547F9B8.d.36861642724A850C8263CF4017F9893C.e.7860","ELEMENT":"f.1B562DAB7B69DB519EC194079547F9B8.d.36861642724A850C8263CF4017F9893C.e.7860"}]}
RESULT: {"script":"<script> [56 bytes]","args":[{"element-6066-11e4-a52e-4f735466cecf":"f.1B562DAB7B69DB519EC194079547F9B8.d.36861642724A850C8263CF4017F9893C.e.7860","ELEMENT":"f.1B562DAB7B69DB519EC194079547F9B8.d.36861642724A850C8263CF4017F9893C.e.7860"}]}
COMMAND: GET /session/79d72962d9b70739fc8ce96689df7cf6/element/f.1B562DAB7B69DB519EC194079547F9B8.d.36861642724A850C8263CF4017F9893C.e.7859/attribute/aria-checked - {}
COMMAND: GET /session/79d72962d9b70739fc8ce96689df7cf6/screenshot - {}
RESULT: {}
COMMAND: POST /session/79d72962d9b70739fc8ce96689df7cf6/element - {"using":"xpath","value":"//table[contains(@id, \"listView-innerSelectionPanelTable-listUl\")]/tbody/tr[9]/td[2]/div/div"}
RESULT: {}
RESULT: {"using":"xpath","value":"//table[contains(@id, \"listView-innerSelectionPanelTable-listUl\")]/tbody/tr[9]/td[2]/div/div"}
COMMAND: POST /session/79d72962d9b70739fc8ce96689df7cf6/element - {"using":"xpath","value":"//table[contains(@id, \"listView-innerSelectionPanelTable-listUl\")]/tbody/tr[9]/td[2]/div"}
RESULT: {"using":"xpath","value":"//table[contains(@id, \"listView-innerSelectionPanelTable-listUl\")]/tbody/tr[9]/td[2]/div"}
COMMAND: POST /session/79d72962d9b70739fc8ce96689df7cf6/element - {"using":"xpath","value":"//table[contains(@id, \"listView-innerSelectionPanelTable-listUl\")]/tbody/tr[9]/td[3]/div/div/span/span[1]/bdi"}
RESULT: {"using":"xpath","value":"//table[contains(@id, \"listView-innerSelectionPanelTable-listUl\")]/tbody/tr[9]/td[3]/div/div/span/span[1]/bdi"}
COMMAND: POST /session/79d72962d9b70739fc8ce96689df7cf6/execute/sync - {"script":"<script> [56 bytes]","args":[{"element-6066-11e4-a52e-4f735466cecf":"f.1B562DAB7B69DB519EC194079547F9B8.d.36861642724A850C8263CF4017F9893C.e.7863","ELEMENT":"f.1B562DAB7B69DB519EC194079547F9B8.d.36861642724A850C8263CF4017F9893C.e.7863"}]}
RESULT: {"script":"<script> [56 bytes]","args":[{"element-6066-11e4-a52e-4f735466cecf":"f.1B562DAB7B69DB519EC194079547F9B8.d.36861642724A850C8263CF4017F9893C.e.7863","ELEMENT":"f.1B562DAB7B69DB519EC194079547F9B8.d.36861642724A850C8263CF4017F9893C.e.7863"}]}
COMMAND: GET /session/79d72962d9b70739fc8ce96689df7cf6/element/f.1B562DAB7B69DB519EC194079547F9B8.d.36861642724A850C8263CF4017F9893C.e.7862/attribute/aria-checked - {}
COMMAND: GET /session/79d72962d9b70739fc8ce96689df7cf6/screenshot - {}
RESULT: {}
COMMAND: POST /session/79d72962d9b70739fc8ce96689df7cf6/element - {"using":"xpath","value":"//table[contains(@id, \"listView-innerSelectionPanelTable-listUl\")]/tbody/tr[10]/td[2]/div/div"}
RESULT: {}
RESULT: {"using":"xpath","value":"//table[contains(@id, \"listView-innerSelectionPanelTable-listUl\")]/tbody/tr[10]/td[2]/div/div"}
COMMAND: POST /session/79d72962d9b70739fc8ce96689df7cf6/element - {"using":"xpath","value":"//table[contains(@id, \"listView-innerSelectionPanelTable-listUl\")]/tbody/tr[10]/td[2]/div"}
RESULT: {"using":"xpath","value":"//table[contains(@id, \"listView-innerSelectionPanelTable-listUl\")]/tbody/tr[10]/td[2]/div"}
COMMAND: POST /session/79d72962d9b70739fc8ce96689df7cf6/element - {"using":"xpath","value":"//table[contains(@id, \"listView-innerSelectionPanelTable-listUl\")]/tbody/tr[10]/td[3]/div/div/span/span[1]/bdi"}
RESULT: {"using":"xpath","value":"//table[contains(@id, \"listView-innerSelectionPanelTable-listUl\")]/tbody/tr[10]/td[3]/div/div/span/span[1]/bdi"}
COMMAND: POST /session/79d72962d9b70739fc8ce96689df7cf6/execute/sync - {"script":"<script> [56 bytes]","args":[{"element-6066-11e4-a52e-4f735466cecf":"f.1B562DAB7B69DB519EC194079547F9B8.d.36861642724A850C8263CF4017F9893C.e.7866","ELEMENT":"f.1B562DAB7B69DB519EC194079547F9B8.d.36861642724A850C8263CF4017F9893C.e.7866"}]}
RESULT: {"script":"<script> [56 bytes]","args":[{"element-6066-11e4-a52e-4f735466cecf":"f.1B562DAB7B69DB519EC194079547F9B8.d.36861642724A850C8263CF4017F9893C.e.7866","ELEMENT":"f.1B562DAB7B69DB519EC194079547F9B8.d.36861642724A850C8263CF4017F9893C.e.7866"}]}
COMMAND: GET /session/79d72962d9b70739fc8ce96689df7cf6/element/f.1B562DAB7B69DB519EC194079547F9B8.d.36861642724A850C8263CF4017F9893C.e.7865/attribute/aria-checked - {}
COMMAND: GET /session/79d72962d9b70739fc8ce96689df7cf6/screenshot - {}
RESULT: {}
COMMAND: POST /session/79d72962d9b70739fc8ce96689df7cf6/element - {"using":"xpath","value":"//table[contains(@id, \"listView-innerSelectionPanelTable-listUl\")]/tbody/tr[11]/td[2]/div/div"}
RESULT: {}
RESULT: {"using":"xpath","value":"//table[contains(@id, \"listView-innerSelectionPanelTable-listUl\")]/tbody/tr[11]/td[2]/div/div"}
COMMAND: POST /session/79d72962d9b70739fc8ce96689df7cf6/element - {"using":"xpath","value":"//table[contains(@id, \"listView-innerSelectionPanelTable-listUl\")]/tbody/tr[11]/td[2]/div"}
RESULT: {"using":"xpath","value":"//table[contains(@id, \"listView-innerSelectionPanelTable-listUl\")]/tbody/tr[11]/td[2]/div"}
COMMAND: POST /session/79d72962d9b70739fc8ce96689df7cf6/element - {"using":"xpath","value":"//table[contains(@id, \"listView-innerSelectionPanelTable-listUl\")]/tbody/tr[11]/td[3]/div/div/span/span[1]/bdi"}
RESULT: {"using":"xpath","value":"//table[contains(@id, \"listView-innerSelectionPanelTable-listUl\")]/tbody/tr[11]/td[3]/div/div/span/span[1]/bdi"}
COMMAND: POST /session/79d72962d9b70739fc8ce96689df7cf6/execute/sync - {"script":"<script> [56 bytes]","args":[{"element-6066-11e4-a52e-4f735466cecf":"f.1B562DAB7B69DB519EC194079547F9B8.d.36861642724A850C8263CF4017F9893C.e.7869","ELEMENT":"f.1B562DAB7B69DB519EC194079547F9B8.d.36861642724A850C8263CF4017F9893C.e.7869"}]}
RESULT: {"script":"<script> [56 bytes]","args":[{"element-6066-11e4-a52e-4f735466cecf":"f.1B562DAB7B69DB519EC194079547F9B8.d.36861642724A850C8263CF4017F9893C.e.7869","ELEMENT":"f.1B562DAB7B69DB519EC194079547F9B8.d.36861642724A850C8263CF4017F9893C.e.7869"}]}
COMMAND: GET /session/79d72962d9b70739fc8ce96689df7cf6/element/f.1B562DAB7B69DB519EC194079547F9B8.d.36861642724A850C8263CF4017F9893C.e.7868/attribute/aria-checked - {}
COMMAND: GET /session/79d72962d9b70739fc8ce96689df7cf6/screenshot - {}
RESULT: {}
COMMAND: POST /session/79d72962d9b70739fc8ce96689df7cf6/element - {"using":"xpath","value":"//table[contains(@id, \"listView-innerSelectionPanelTable-listUl\")]/tbody/tr[12]/td[2]/div/div"}
RESULT: {}
RESULT: {"using":"xpath","value":"//table[contains(@id, \"listView-innerSelectionPanelTable-listUl\")]/tbody/tr[12]/td[2]/div/div"}
COMMAND: POST /session/79d72962d9b70739fc8ce96689df7cf6/element - {"using":"xpath","value":"//table[contains(@id, \"listView-innerSelectionPanelTable-listUl\")]/tbody/tr[12]/td[2]/div"}
RESULT: {"using":"xpath","value":"//table[contains(@id, \"listView-innerSelectionPanelTable-listUl\")]/tbody/tr[12]/td[2]/div"}
COMMAND: POST /session/79d72962d9b70739fc8ce96689df7cf6/element - {"using":"xpath","value":"//table[contains(@id, \"listView-innerSelectionPanelTable-listUl\")]/tbody/tr[12]/td[3]/div/div/span/span[1]/bdi"}
RESULT: {"using":"xpath","value":"//table[contains(@id, \"listView-innerSelectionPanelTable-listUl\")]/tbody/tr[12]/td[3]/div/div/span/span[1]/bdi"}
COMMAND: POST /session/79d72962d9b70739fc8ce96689df7cf6/execute/sync - {"script":"<script> [56 bytes]","args":[{"element-6066-11e4-a52e-4f735466cecf":"f.1B562DAB7B69DB519EC194079547F9B8.d.36861642724A850C8263CF4017F9893C.e.7872","ELEMENT":"f.1B562DAB7B69DB519EC194079547F9B8.d.36861642724A850C8263CF4017F9893C.e.7872"}]}
RESULT: {"script":"<script> [56 bytes]","args":[{"element-6066-11e4-a52e-4f735466cecf":"f.1B562DAB7B69DB519EC194079547F9B8.d.36861642724A850C8263CF4017F9893C.e.7872","ELEMENT":"f.1B562DAB7B69DB519EC194079547F9B8.d.36861642724A850C8263CF4017F9893C.e.7872"}]}
COMMAND: GET /session/79d72962d9b70739fc8ce96689df7cf6/element/f.1B562DAB7B69DB519EC194079547F9B8.d.36861642724A850C8263CF4017F9893C.e.7871/attribute/aria-checked - {}
COMMAND: GET /session/79d72962d9b70739fc8ce96689df7cf6/screenshot - {}
RESULT: {}
COMMAND: POST /session/79d72962d9b70739fc8ce96689df7cf6/element - {"using":"xpath","value":"//table[contains(@id, \"listView-innerSelectionPanelTable-listUl\")]/tbody/tr[13]/td[2]/div/div"}
RESULT: {}
RESULT: {"using":"xpath","value":"//table[contains(@id, \"listView-innerSelectionPanelTable-listUl\")]/tbody/tr[13]/td[2]/div/div"}
COMMAND: POST /session/79d72962d9b70739fc8ce96689df7cf6/element - {"using":"xpath","value":"//table[contains(@id, \"listView-innerSelectionPanelTable-listUl\")]/tbody/tr[13]/td[2]/div"}
RESULT: {"using":"xpath","value":"//table[contains(@id, \"listView-innerSelectionPanelTable-listUl\")]/tbody/tr[13]/td[2]/div"}
COMMAND: POST /session/79d72962d9b70739fc8ce96689df7cf6/element - {"using":"xpath","value":"//table[contains(@id, \"listView-innerSelectionPanelTable-listUl\")]/tbody/tr[13]/td[3]/div/div/span/span[1]/bdi"}
RESULT: {"using":"xpath","value":"//table[contains(@id, \"listView-innerSelectionPanelTable-listUl\")]/tbody/tr[13]/td[3]/div/div/span/span[1]/bdi"}
COMMAND: POST /session/79d72962d9b70739fc8ce96689df7cf6/execute/sync - {"script":"<script> [56 bytes]","args":[{"element-6066-11e4-a52e-4f735466cecf":"f.1B562DAB7B69DB519EC194079547F9B8.d.36861642724A850C8263CF4017F9893C.e.7875","ELEMENT":"f.1B562DAB7B69DB519EC194079547F9B8.d.36861642724A850C8263CF4017F9893C.e.7875"}]}
RESULT: {"script":"<script> [56 bytes]","args":[{"element-6066-11e4-a52e-4f735466cecf":"f.1B562DAB7B69DB519EC194079547F9B8.d.36861642724A850C8263CF4017F9893C.e.7875","ELEMENT":"f.1B562DAB7B69DB519EC194079547F9B8.d.36861642724A850C8263CF4017F9893C.e.7875"}]}
COMMAND: GET /session/79d72962d9b70739fc8ce96689df7cf6/element/f.1B562DAB7B69DB519EC194079547F9B8.d.36861642724A850C8263CF4017F9893C.e.7874/attribute/aria-checked - {}
COMMAND: GET /session/79d72962d9b70739fc8ce96689df7cf6/screenshot - {}
RESULT: {}
COMMAND: POST /session/79d72962d9b70739fc8ce96689df7cf6/element - {"using":"xpath","value":"//table[contains(@id, \"listView-innerSelectionPanelTable-listUl\")]/tbody/tr[14]/td[2]/div/div"}
RESULT: {}
RESULT: {"using":"xpath","value":"//table[contains(@id, \"listView-innerSelectionPanelTable-listUl\")]/tbody/tr[14]/td[2]/div/div"}
COMMAND: POST /session/79d72962d9b70739fc8ce96689df7cf6/element - {"using":"xpath","value":"//table[contains(@id, \"listView-innerSelectionPanelTable-listUl\")]/tbody/tr[14]/td[2]/div"}
RESULT: {"using":"xpath","value":"//table[contains(@id, \"listView-innerSelectionPanelTable-listUl\")]/tbody/tr[14]/td[2]/div"}
COMMAND: POST /session/79d72962d9b70739fc8ce96689df7cf6/element - {"using":"xpath","value":"//table[contains(@id, \"listView-innerSelectionPanelTable-listUl\")]/tbody/tr[14]/td[3]/div/div/span/span[1]/bdi"}
RESULT: {"using":"xpath","value":"//table[contains(@id, \"listView-innerSelectionPanelTable-listUl\")]/tbody/tr[14]/td[3]/div/div/span/span[1]/bdi"}
COMMAND: POST /session/79d72962d9b70739fc8ce96689df7cf6/execute/sync - {"script":"<script> [56 bytes]","args":[{"element-6066-11e4-a52e-4f735466cecf":"f.1B562DAB7B69DB519EC194079547F9B8.d.36861642724A850C8263CF4017F9893C.e.7878","ELEMENT":"f.1B562DAB7B69DB519EC194079547F9B8.d.36861642724A850C8263CF4017F9893C.e.7878"}]}
RESULT: {"script":"<script> [56 bytes]","args":[{"element-6066-11e4-a52e-4f735466cecf":"f.1B562DAB7B69DB519EC194079547F9B8.d.36861642724A850C8263CF4017F9893C.e.7878","ELEMENT":"f.1B562DAB7B69DB519EC194079547F9B8.d.36861642724A850C8263CF4017F9893C.e.7878"}]}
COMMAND: GET /session/79d72962d9b70739fc8ce96689df7cf6/element/f.1B562DAB7B69DB519EC194079547F9B8.d.36861642724A850C8263CF4017F9893C.e.7877/attribute/aria-checked - {}
COMMAND: GET /session/79d72962d9b70739fc8ce96689df7cf6/screenshot - {}
RESULT: {}
COMMAND: POST /session/79d72962d9b70739fc8ce96689df7cf6/element - {"using":"xpath","value":"//table[contains(@id, \"listView-innerSelectionPanelTable-listUl\")]/tbody/tr[15]/td[2]/div/div"}
RESULT: {}
RESULT: {"using":"xpath","value":"//table[contains(@id, \"listView-innerSelectionPanelTable-listUl\")]/tbody/tr[15]/td[2]/div/div"}
COMMAND: POST /session/79d72962d9b70739fc8ce96689df7cf6/element - {"using":"xpath","value":"//table[contains(@id, \"listView-innerSelectionPanelTable-listUl\")]/tbody/tr[15]/td[2]/div"}
RESULT: {"using":"xpath","value":"//table[contains(@id, \"listView-innerSelectionPanelTable-listUl\")]/tbody/tr[15]/td[2]/div"}
COMMAND: POST /session/79d72962d9b70739fc8ce96689df7cf6/element - {"using":"xpath","value":"//table[contains(@id, \"listView-innerSelectionPanelTable-listUl\")]/tbody/tr[15]/td[3]/div/div/span/span[1]/bdi"}
RESULT: {"using":"xpath","value":"//table[contains(@id, \"listView-innerSelectionPanelTable-listUl\")]/tbody/tr[15]/td[3]/div/div/span/span[1]/bdi"}
COMMAND: POST /session/79d72962d9b70739fc8ce96689df7cf6/execute/sync - {"script":"<script> [56 bytes]","args":[{"element-6066-11e4-a52e-4f735466cecf":"f.1B562DAB7B69DB519EC194079547F9B8.d.36861642724A850C8263CF4017F9893C.e.7881","ELEMENT":"f.1B562DAB7B69DB519EC194079547F9B8.d.36861642724A850C8263CF4017F9893C.e.7881"}]}
RESULT: {"script":"<script> [56 bytes]","args":[{"element-6066-11e4-a52e-4f735466cecf":"f.1B562DAB7B69DB519EC194079547F9B8.d.36861642724A850C8263CF4017F9893C.e.7881","ELEMENT":"f.1B562DAB7B69DB519EC194079547F9B8.d.36861642724A850C8263CF4017F9893C.e.7881"}]}
COMMAND: GET /session/79d72962d9b70739fc8ce96689df7cf6/element/f.1B562DAB7B69DB519EC194079547F9B8.d.36861642724A850C8263CF4017F9893C.e.7880/attribute/aria-checked - {}
COMMAND: GET /session/79d72962d9b70739fc8ce96689df7cf6/screenshot - {}
RESULT: {}
COMMAND: POST /session/79d72962d9b70739fc8ce96689df7cf6/element - {"using":"xpath","value":"//table[contains(@id, \"listView-innerSelectionPanelTable-listUl\")]/tbody/tr[16]/td[2]/div/div"}
RESULT: {}
RESULT: {"using":"xpath","value":"//table[contains(@id, \"listView-innerSelectionPanelTable-listUl\")]/tbody/tr[16]/td[2]/div/div"}
COMMAND: POST /session/79d72962d9b70739fc8ce96689df7cf6/element - {"using":"xpath","value":"//table[contains(@id, \"listView-innerSelectionPanelTable-listUl\")]/tbody/tr[16]/td[2]/div"}
RESULT: {"using":"xpath","value":"//table[contains(@id, \"listView-innerSelectionPanelTable-listUl\")]/tbody/tr[16]/td[2]/div"}
COMMAND: POST /session/79d72962d9b70739fc8ce96689df7cf6/element - {"using":"xpath","value":"//table[contains(@id, \"listView-innerSelectionPanelTable-listUl\")]/tbody/tr[16]/td[3]/div/div/span/span[1]/bdi"}
RESULT: {"using":"xpath","value":"//table[contains(@id, \"listView-innerSelectionPanelTable-listUl\")]/tbody/tr[16]/td[3]/div/div/span/span[1]/bdi"}
COMMAND: POST /session/79d72962d9b70739fc8ce96689df7cf6/execute/sync - {"script":"<script> [56 bytes]","args":[{"element-6066-11e4-a52e-4f735466cecf":"f.1B562DAB7B69DB519EC194079547F9B8.d.36861642724A850C8263CF4017F9893C.e.7884","ELEMENT":"f.1B562DAB7B69DB519EC194079547F9B8.d.36861642724A850C8263CF4017F9893C.e.7884"}]}
RESULT: {"script":"<script> [56 bytes]","args":[{"element-6066-11e4-a52e-4f735466cecf":"f.1B562DAB7B69DB519EC194079547F9B8.d.36861642724A850C8263CF4017F9893C.e.7884","ELEMENT":"f.1B562DAB7B69DB519EC194079547F9B8.d.36861642724A850C8263CF4017F9893C.e.7884"}]}
COMMAND: GET /session/79d72962d9b70739fc8ce96689df7cf6/element/f.1B562DAB7B69DB519EC194079547F9B8.d.36861642724A850C8263CF4017F9893C.e.7883/attribute/aria-checked - {}
COMMAND: GET /session/79d72962d9b70739fc8ce96689df7cf6/screenshot - {}
RESULT: {}
COMMAND: POST /session/79d72962d9b70739fc8ce96689df7cf6/element - {"using":"xpath","value":"//table[contains(@id, \"listView-innerSelectionPanelTable-listUl\")]/tbody/tr[17]/td[2]/div/div"}
RESULT: {}
RESULT: {"using":"xpath","value":"//table[contains(@id, \"listView-innerSelectionPanelTable-listUl\")]/tbody/tr[17]/td[2]/div/div"}
COMMAND: POST /session/79d72962d9b70739fc8ce96689df7cf6/element - {"using":"xpath","value":"//table[contains(@id, \"listView-innerSelectionPanelTable-listUl\")]/tbody/tr[17]/td[2]/div"}
RESULT: {"using":"xpath","value":"//table[contains(@id, \"listView-innerSelectionPanelTable-listUl\")]/tbody/tr[17]/td[2]/div"}
COMMAND: POST /session/79d72962d9b70739fc8ce96689df7cf6/element - {"using":"xpath","value":"//table[contains(@id, \"listView-innerSelectionPanelTable-listUl\")]/tbody/tr[17]/td[3]/div/div/span/span[1]/bdi"}
RESULT: {"using":"xpath","value":"//table[contains(@id, \"listView-innerSelectionPanelTable-listUl\")]/tbody/tr[17]/td[3]/div/div/span/span[1]/bdi"}
COMMAND: POST /session/79d72962d9b70739fc8ce96689df7cf6/execute/sync - {"script":"<script> [56 bytes]","args":[{"element-6066-11e4-a52e-4f735466cecf":"f.1B562DAB7B69DB519EC194079547F9B8.d.36861642724A850C8263CF4017F9893C.e.7887","ELEMENT":"f.1B562DAB7B69DB519EC194079547F9B8.d.36861642724A850C8263CF4017F9893C.e.7887"}]}
RESULT: {"script":"<script> [56 bytes]","args":[{"element-6066-11e4-a52e-4f735466cecf":"f.1B562DAB7B69DB519EC194079547F9B8.d.36861642724A850C8263CF4017F9893C.e.7887","ELEMENT":"f.1B562DAB7B69DB519EC194079547F9B8.d.36861642724A850C8263CF4017F9893C.e.7887"}]}
COMMAND: GET /session/79d72962d9b70739fc8ce96689df7cf6/element/f.1B562DAB7B69DB519EC194079547F9B8.d.36861642724A850C8263CF4017F9893C.e.7886/attribute/aria-checked - {}
COMMAND: GET /session/79d72962d9b70739fc8ce96689df7cf6/screenshot - {}
RESULT: {}
COMMAND: POST /session/79d72962d9b70739fc8ce96689df7cf6/element - {"using":"xpath","value":"//table[contains(@id, \"listView-innerSelectionPanelTable-listUl\")]/tbody/tr[18]/td[2]/div/div"}
RESULT: {}
RESULT: {"using":"xpath","value":"//table[contains(@id, \"listView-innerSelectionPanelTable-listUl\")]/tbody/tr[18]/td[2]/div/div"}
COMMAND: POST /session/79d72962d9b70739fc8ce96689df7cf6/element - {"using":"xpath","value":"//table[contains(@id, \"listView-innerSelectionPanelTable-listUl\")]/tbody/tr[18]/td[2]/div"}
RESULT: {"using":"xpath","value":"//table[contains(@id, \"listView-innerSelectionPanelTable-listUl\")]/tbody/tr[18]/td[2]/div"}
COMMAND: POST /session/79d72962d9b70739fc8ce96689df7cf6/element - {"using":"xpath","value":"//table[contains(@id, \"listView-innerSelectionPanelTable-listUl\")]/tbody/tr[18]/td[3]/div/div/span/span[1]/bdi"}
RESULT: {"using":"xpath","value":"//table[contains(@id, \"listView-innerSelectionPanelTable-listUl\")]/tbody/tr[18]/td[3]/div/div/span/span[1]/bdi"}
COMMAND: POST /session/79d72962d9b70739fc8ce96689df7cf6/execute/sync - {"script":"<script> [56 bytes]","args":[{"element-6066-11e4-a52e-4f735466cecf":"f.1B562DAB7B69DB519EC194079547F9B8.d.36861642724A850C8263CF4017F9893C.e.7890","ELEMENT":"f.1B562DAB7B69DB519EC194079547F9B8.d.36861642724A850C8263CF4017F9893C.e.7890"}]}
RESULT: {"script":"<script> [56 bytes]","args":[{"element-6066-11e4-a52e-4f735466cecf":"f.1B562DAB7B69DB519EC194079547F9B8.d.36861642724A850C8263CF4017F9893C.e.7890","ELEMENT":"f.1B562DAB7B69DB519EC194079547F9B8.d.36861642724A850C8263CF4017F9893C.e.7890"}]}
COMMAND: GET /session/79d72962d9b70739fc8ce96689df7cf6/element/f.1B562DAB7B69DB519EC194079547F9B8.d.36861642724A850C8263CF4017F9893C.e.7889/attribute/aria-checked - {}
COMMAND: GET /session/79d72962d9b70739fc8ce96689df7cf6/screenshot - {}
RESULT: {}
COMMAND: POST /session/79d72962d9b70739fc8ce96689df7cf6/element - {"using":"xpath","value":"//table[contains(@id, \"listView-innerSelectionPanelTable-listUl\")]/tbody/tr[19]/td[2]/div/div"}
RESULT: {}
RESULT: {"using":"xpath","value":"//table[contains(@id, \"listView-innerSelectionPanelTable-listUl\")]/tbody/tr[19]/td[2]/div/div"}
COMMAND: POST /session/79d72962d9b70739fc8ce96689df7cf6/element - {"using":"xpath","value":"//table[contains(@id, \"listView-innerSelectionPanelTable-listUl\")]/tbody/tr[19]/td[2]/div"}
RESULT: {"using":"xpath","value":"//table[contains(@id, \"listView-innerSelectionPanelTable-listUl\")]/tbody/tr[19]/td[2]/div"}
COMMAND: POST /session/79d72962d9b70739fc8ce96689df7cf6/element - {"using":"xpath","value":"//table[contains(@id, \"listView-innerSelectionPanelTable-listUl\")]/tbody/tr[19]/td[3]/div/div/span/span[1]/bdi"}
RESULT: {"using":"xpath","value":"//table[contains(@id, \"listView-innerSelectionPanelTable-listUl\")]/tbody/tr[19]/td[3]/div/div/span/span[1]/bdi"}
COMMAND: POST /session/79d72962d9b70739fc8ce96689df7cf6/execute/sync - {"script":"<script> [56 bytes]","args":[{"element-6066-11e4-a52e-4f735466cecf":"f.1B562DAB7B69DB519EC194079547F9B8.d.36861642724A850C8263CF4017F9893C.e.7893","ELEMENT":"f.1B562DAB7B69DB519EC194079547F9B8.d.36861642724A850C8263CF4017F9893C.e.7893"}]}
RESULT: {"script":"<script> [56 bytes]","args":[{"element-6066-11e4-a52e-4f735466cecf":"f.1B562DAB7B69DB519EC194079547F9B8.d.36861642724A850C8263CF4017F9893C.e.7893","ELEMENT":"f.1B562DAB7B69DB519EC194079547F9B8.d.36861642724A850C8263CF4017F9893C.e.7893"}]}
COMMAND: GET /session/79d72962d9b70739fc8ce96689df7cf6/element/f.1B562DAB7B69DB519EC194079547F9B8.d.36861642724A850C8263CF4017F9893C.e.7892/attribute/aria-checked - {}
COMMAND: GET /session/79d72962d9b70739fc8ce96689df7cf6/screenshot - {}
RESULT: {}
COMMAND: POST /session/79d72962d9b70739fc8ce96689df7cf6/element - {"using":"xpath","value":"//table[contains(@id, \"listView-innerSelectionPanelTable-listUl\")]/tbody/tr[20]/td[2]/div/div"}
RESULT: {}
RESULT: {"using":"xpath","value":"//table[contains(@id, \"listView-innerSelectionPanelTable-listUl\")]/tbody/tr[20]/td[2]/div/div"}
COMMAND: POST /session/79d72962d9b70739fc8ce96689df7cf6/element - {"using":"xpath","value":"//table[contains(@id, \"listView-innerSelectionPanelTable-listUl\")]/tbody/tr[20]/td[2]/div"}
RESULT: {"using":"xpath","value":"//table[contains(@id, \"listView-innerSelectionPanelTable-listUl\")]/tbody/tr[20]/td[2]/div"}
COMMAND: POST /session/79d72962d9b70739fc8ce96689df7cf6/element - {"using":"xpath","value":"//table[contains(@id, \"listView-innerSelectionPanelTable-listUl\")]/tbody/tr[20]/td[3]/div/div/span/span[1]/bdi"}
RESULT: {"using":"xpath","value":"//table[contains(@id, \"listView-innerSelectionPanelTable-listUl\")]/tbody/tr[20]/td[3]/div/div/span/span[1]/bdi"}
COMMAND: POST /session/79d72962d9b70739fc8ce96689df7cf6/execute/sync - {"script":"<script> [56 bytes]","args":[{"element-6066-11e4-a52e-4f735466cecf":"f.1B562DAB7B69DB519EC194079547F9B8.d.36861642724A850C8263CF4017F9893C.e.7896","ELEMENT":"f.1B562DAB7B69DB519EC194079547F9B8.d.36861642724A850C8263CF4017F9893C.e.7896"}]}
RESULT: {"script":"<script> [56 bytes]","args":[{"element-6066-11e4-a52e-4f735466cecf":"f.1B562DAB7B69DB519EC194079547F9B8.d.36861642724A850C8263CF4017F9893C.e.7896","ELEMENT":"f.1B562DAB7B69DB519EC194079547F9B8.d.36861642724A850C8263CF4017F9893C.e.7896"}]}
COMMAND: GET /session/79d72962d9b70739fc8ce96689df7cf6/element/f.1B562DAB7B69DB519EC194079547F9B8.d.36861642724A850C8263CF4017F9893C.e.7895/attribute/aria-checked - {}
COMMAND: GET /session/79d72962d9b70739fc8ce96689df7cf6/screenshot - {}
RESULT: {}
COMMAND: POST /session/79d72962d9b70739fc8ce96689df7cf6/element - {"using":"xpath","value":"//table[contains(@id, \"listView-innerSelectionPanelTable-listUl\")]/tbody/tr[21]/td[2]/div/div"}
COMMAND: POST /session/79d72962d9b70739fc8ce96689df7cf6/element/f.1B562DAB7B69DB519EC194079547F9B8.d.36861642724A850C8263CF4017F9893C.e.7894/click - {}
RESULT: {}
RESULT: {"using":"xpath","value":"//table[contains(@id, \"listView-innerSelectionPanelTable-listUl\")]/tbody/tr[21]/td[2]/div/div"}
COMMAND: POST /session/79d72962d9b70739fc8ce96689df7cf6/element - {"using":"xpath","value":"//table[contains(@id, \"listView-innerSelectionPanelTable-listUl\")]/tbody/tr[21]/td[2]/div"}
RESULT: {}
COMMAND: GET /session/79d72962d9b70739fc8ce96689df7cf6/screenshot - {}
RESULT: {"using":"xpath","value":"//table[contains(@id, \"listView-innerSelectionPanelTable-listUl\")]/tbody/tr[21]/td[2]/div"}
COMMAND: POST /session/79d72962d9b70739fc8ce96689df7cf6/element - {"using":"xpath","value":"//table[contains(@id, \"listView-innerSelectionPanelTable-listUl\")]/tbody/tr[21]/td[3]/div/div/span/span[1]/bdi"}
RESULT: {}
RESULT: {"using":"xpath","value":"//table[contains(@id, \"listView-innerSelectionPanelTable-listUl\")]/tbody/tr[21]/td[3]/div/div/span/span[1]/bdi"}
COMMAND: POST /session/79d72962d9b70739fc8ce96689df7cf6/execute/sync - {"script":"<script> [56 bytes]","args":[{"element-6066-11e4-a52e-4f735466cecf":"f.1B562DAB7B69DB519EC194079547F9B8.d.36861642724A850C8263CF4017F9893C.e.7902","ELEMENT":"f.1B562DAB7B69DB519EC194079547F9B8.d.36861642724A850C8263CF4017F9893C.e.7902"}]}
RESULT: {"script":"<script> [56 bytes]","args":[{"element-6066-11e4-a52e-4f735466cecf":"f.1B562DAB7B69DB519EC194079547F9B8.d.36861642724A850C8263CF4017F9893C.e.7902","ELEMENT":"f.1B562DAB7B69DB519EC194079547F9B8.d.36861642724A850C8263CF4017F9893C.e.7902"}]}
COMMAND: GET /session/79d72962d9b70739fc8ce96689df7cf6/element/f.1B562DAB7B69DB519EC194079547F9B8.d.36861642724A850C8263CF4017F9893C.e.7901/attribute/aria-checked - {}
COMMAND: GET /session/79d72962d9b70739fc8ce96689df7cf6/screenshot - {}
RESULT: {}
COMMAND: POST /session/79d72962d9b70739fc8ce96689df7cf6/element - {"using":"xpath","value":"//table[contains(@id, \"listView-innerSelectionPanelTable-listUl\")]/tbody/tr[22]/td[2]/div/div"}
COMMAND: POST /session/79d72962d9b70739fc8ce96689df7cf6/element/f.1B562DAB7B69DB519EC194079547F9B8.d.36861642724A850C8263CF4017F9893C.e.7897/click - {}
RESULT: {}
RESULT: {}
COMMAND: GET /session/79d72962d9b70739fc8ce96689df7cf6/screenshot - {}
RESULT: {"using":"xpath","value":"//table[contains(@id, \"listView-innerSelectionPanelTable-listUl\")]/tbody/tr[22]/td[2]/div/div"}
COMMAND: POST /session/79d72962d9b70739fc8ce96689df7cf6/element - {"using":"xpath","value":"//table[contains(@id, \"listView-innerSelectionPanelTable-listUl\")]/tbody/tr[22]/td[2]/div"}
RESULT: {}
RESULT: {"using":"xpath","value":"//table[contains(@id, \"listView-innerSelectionPanelTable-listUl\")]/tbody/tr[22]/td[2]/div"}
COMMAND: POST /session/79d72962d9b70739fc8ce96689df7cf6/element - {"using":"xpath","value":"//table[contains(@id, \"listView-innerSelectionPanelTable-listUl\")]/tbody/tr[22]/td[3]/div/div/span/span[1]/bdi"}
RESULT: {"using":"xpath","value":"//table[contains(@id, \"listView-innerSelectionPanelTable-listUl\")]/tbody/tr[22]/td[3]/div/div/span/span[1]/bdi"}
COMMAND: POST /session/79d72962d9b70739fc8ce96689df7cf6/execute/sync - {"script":"<script> [56 bytes]","args":[{"element-6066-11e4-a52e-4f735466cecf":"f.1B562DAB7B69DB519EC194079547F9B8.d.36861642724A850C8263CF4017F9893C.e.7906","ELEMENT":"f.1B562DAB7B69DB519EC194079547F9B8.d.36861642724A850C8263CF4017F9893C.e.7906"}]}
RESULT: {"script":"<script> [56 bytes]","args":[{"element-6066-11e4-a52e-4f735466cecf":"f.1B562DAB7B69DB519EC194079547F9B8.d.36861642724A850C8263CF4017F9893C.e.7906","ELEMENT":"f.1B562DAB7B69DB519EC194079547F9B8.d.36861642724A850C8263CF4017F9893C.e.7906"}]}
COMMAND: GET /session/79d72962d9b70739fc8ce96689df7cf6/element/f.1B562DAB7B69DB519EC194079547F9B8.d.36861642724A850C8263CF4017F9893C.e.7905/attribute/aria-checked - {}
COMMAND: GET /session/79d72962d9b70739fc8ce96689df7cf6/screenshot - {}
RESULT: {}
COMMAND: POST /session/79d72962d9b70739fc8ce96689df7cf6/element - {"using":"xpath","value":"//table[contains(@id, \"listView-innerSelectionPanelTable-listUl\")]/tbody/tr[23]/td[2]/div/div"}
RESULT: {}
RESULT: {"using":"xpath","value":"//table[contains(@id, \"listView-innerSelectionPanelTable-listUl\")]/tbody/tr[23]/td[2]/div/div"}
COMMAND: POST /session/79d72962d9b70739fc8ce96689df7cf6/element - {"using":"xpath","value":"//table[contains(@id, \"listView-innerSelectionPanelTable-listUl\")]/tbody/tr[23]/td[2]/div"}
RESULT: {"using":"xpath","value":"//table[contains(@id, \"listView-innerSelectionPanelTable-listUl\")]/tbody/tr[23]/td[2]/div"}
COMMAND: POST /session/79d72962d9b70739fc8ce96689df7cf6/element - {"using":"xpath","value":"//table[contains(@id, \"listView-innerSelectionPanelTable-listUl\")]/tbody/tr[23]/td[3]/div/div/span/span[1]/bdi"}
RESULT: {"using":"xpath","value":"//table[contains(@id, \"listView-innerSelectionPanelTable-listUl\")]/tbody/tr[23]/td[3]/div/div/span/span[1]/bdi"}
COMMAND: POST /session/79d72962d9b70739fc8ce96689df7cf6/execute/sync - {"script":"<script> [56 bytes]","args":[{"element-6066-11e4-a52e-4f735466cecf":"f.1B562DAB7B69DB519EC194079547F9B8.d.36861642724A850C8263CF4017F9893C.e.7909","ELEMENT":"f.1B562DAB7B69DB519EC194079547F9B8.d.36861642724A850C8263CF4017F9893C.e.7909"}]}
RESULT: {"script":"<script> [56 bytes]","args":[{"element-6066-11e4-a52e-4f735466cecf":"f.1B562DAB7B69DB519EC194079547F9B8.d.36861642724A850C8263CF4017F9893C.e.7909","ELEMENT":"f.1B562DAB7B69DB519EC194079547F9B8.d.36861642724A850C8263CF4017F9893C.e.7909"}]}
COMMAND: GET /session/79d72962d9b70739fc8ce96689df7cf6/element/f.1B562DAB7B69DB519EC194079547F9B8.d.36861642724A850C8263CF4017F9893C.e.7908/attribute/aria-checked - {}
COMMAND: GET /session/79d72962d9b70739fc8ce96689df7cf6/screenshot - {}
RESULT: {}
COMMAND: POST /session/79d72962d9b70739fc8ce96689df7cf6/element - {"using":"xpath","value":"//table[contains(@id, \"listView-innerSelectionPanelTable-listUl\")]/tbody/tr[24]/td[2]/div/div"}
RESULT: {}
RESULT: {"using":"xpath","value":"//table[contains(@id, \"listView-innerSelectionPanelTable-listUl\")]/tbody/tr[24]/td[2]/div/div"}
COMMAND: POST /session/79d72962d9b70739fc8ce96689df7cf6/element - {"using":"xpath","value":"//table[contains(@id, \"listView-innerSelectionPanelTable-listUl\")]/tbody/tr[24]/td[2]/div"}
RESULT: {"using":"xpath","value":"//table[contains(@id, \"listView-innerSelectionPanelTable-listUl\")]/tbody/tr[24]/td[2]/div"}
COMMAND: POST /session/79d72962d9b70739fc8ce96689df7cf6/element - {"using":"xpath","value":"//table[contains(@id, \"listView-innerSelectionPanelTable-listUl\")]/tbody/tr[24]/td[3]/div/div/span/span[1]/bdi"}
RESULT: {"using":"xpath","value":"//table[contains(@id, \"listView-innerSelectionPanelTable-listUl\")]/tbody/tr[24]/td[3]/div/div/span/span[1]/bdi"}
COMMAND: POST /session/79d72962d9b70739fc8ce96689df7cf6/execute/sync - {"script":"<script> [56 bytes]","args":[{"element-6066-11e4-a52e-4f735466cecf":"f.1B562DAB7B69DB519EC194079547F9B8.d.36861642724A850C8263CF4017F9893C.e.7912","ELEMENT":"f.1B562DAB7B69DB519EC194079547F9B8.d.36861642724A850C8263CF4017F9893C.e.7912"}]}
RESULT: {"script":"<script> [56 bytes]","args":[{"element-6066-11e4-a52e-4f735466cecf":"f.1B562DAB7B69DB519EC194079547F9B8.d.36861642724A850C8263CF4017F9893C.e.7912","ELEMENT":"f.1B562DAB7B69DB519EC194079547F9B8.d.36861642724A850C8263CF4017F9893C.e.7912"}]}
COMMAND: GET /session/79d72962d9b70739fc8ce96689df7cf6/element/f.1B562DAB7B69DB519EC194079547F9B8.d.36861642724A850C8263CF4017F9893C.e.7911/attribute/aria-checked - {}
COMMAND: GET /session/79d72962d9b70739fc8ce96689df7cf6/screenshot - {}
RESULT: {}
COMMAND: POST /session/79d72962d9b70739fc8ce96689df7cf6/element - {"using":"xpath","value":"//table[contains(@id, \"listView-innerSelectionPanelTable-listUl\")]/tbody/tr[25]/td[2]/div/div"}
RESULT: {}
RESULT: {"using":"xpath","value":"//table[contains(@id, \"listView-innerSelectionPanelTable-listUl\")]/tbody/tr[25]/td[2]/div/div"}
COMMAND: POST /session/79d72962d9b70739fc8ce96689df7cf6/element - {"using":"xpath","value":"//table[contains(@id, \"listView-innerSelectionPanelTable-listUl\")]/tbody/tr[25]/td[2]/div"}
RESULT: {"using":"xpath","value":"//table[contains(@id, \"listView-innerSelectionPanelTable-listUl\")]/tbody/tr[25]/td[2]/div"}
COMMAND: POST /session/79d72962d9b70739fc8ce96689df7cf6/element - {"using":"xpath","value":"//table[contains(@id, \"listView-innerSelectionPanelTable-listUl\")]/tbody/tr[25]/td[3]/div/div/span/span[1]/bdi"}
RESULT: {"using":"xpath","value":"//table[contains(@id, \"listView-innerSelectionPanelTable-listUl\")]/tbody/tr[25]/td[3]/div/div/span/span[1]/bdi"}
COMMAND: POST /session/79d72962d9b70739fc8ce96689df7cf6/execute/sync - {"script":"<script> [56 bytes]","args":[{"element-6066-11e4-a52e-4f735466cecf":"f.1B562DAB7B69DB519EC194079547F9B8.d.36861642724A850C8263CF4017F9893C.e.7915","ELEMENT":"f.1B562DAB7B69DB519EC194079547F9B8.d.36861642724A850C8263CF4017F9893C.e.7915"}]}
RESULT: {"script":"<script> [56 bytes]","args":[{"element-6066-11e4-a52e-4f735466cecf":"f.1B562DAB7B69DB519EC194079547F9B8.d.36861642724A850C8263CF4017F9893C.e.7915","ELEMENT":"f.1B562DAB7B69DB519EC194079547F9B8.d.36861642724A850C8263CF4017F9893C.e.7915"}]}
COMMAND: GET /session/79d72962d9b70739fc8ce96689df7cf6/element/f.1B562DAB7B69DB519EC194079547F9B8.d.36861642724A850C8263CF4017F9893C.e.7914/attribute/aria-checked - {}
COMMAND: GET /session/79d72962d9b70739fc8ce96689df7cf6/screenshot - {}
RESULT: {}
COMMAND: POST /session/79d72962d9b70739fc8ce96689df7cf6/element - {"using":"xpath","value":"//bdi[contains(text(), \"OK\")]"}
RESULT: {}
RESULT: {"using":"xpath","value":"//bdi[contains(text(), \"OK\")]"}
COMMAND: POST /session/79d72962d9b70739fc8ce96689df7cf6/element/f.1B562DAB7B69DB519EC194079547F9B8.d.36861642724A850C8263CF4017F9893C.e.7916/click - {}
RESULT: {}
COMMAND: GET /session/79d72962d9b70739fc8ce96689df7cf6/screenshot - {}
RESULT: {}
COMMAND: POST /session/79d72962d9b70739fc8ce96689df7cf6/execute/async - {"script":"<script> [1562 bytes]","args":[{"selector":{"id":"application-managepartners-display-component---masterPtm--smartFilterBar-filterItemControlA_-LINK_TO_ADDRESSES_MAIN.ID-vhi"},"wdio_ui5_key":"applicationmanagepartners-display-component---masterPtm--smartFilterBar-filterItemControlA_-LINK_TO_ADDRESSES_MAIN.ID-vhi"}]}
RESULT: {"script":"<script> [1562 bytes]","args":[{"selector":{"id":"application-managepartners-display-component---masterPtm--smartFilterBar-filterItemControlA_-LINK_TO_ADDRESSES_MAIN.ID-vhi"},"wdio_ui5_key":"applicationmanagepartners-display-component---masterPtm--smartFilterBar-filterItemControlA_-LINK_TO_ADDRESSES_MAIN.ID-vhi"}]}
RESULT: undefined
COMMAND: POST /session/79d72962d9b70739fc8ce96689df7cf6/element - {"using":"xpath","value":"//*[@id=\"application-managepartners-display-component---masterPtm--smartFilterBar-filterItemControlA_-LINK_TO_ADDRESSES_MAIN.ID-vhi\"]"}
RESULT: {"using":"xpath","value":"//*[@id=\"application-managepartners-display-component---masterPtm--smartFilterBar-filterItemControlA_-LINK_TO_ADDRESSES_MAIN.ID-vhi\"]"}
COMMAND: POST /session/79d72962d9b70739fc8ce96689df7cf6/element/f.1B562DAB7B69DB519EC194079547F9B8.d.36861642724A850C8263CF4017F9893C.e.7929/click - {}
RESULT: {}
COMMAND: GET /session/79d72962d9b70739fc8ce96689df7cf6/screenshot - {}
RESULT: {}
COMMAND: POST /session/79d72962d9b70739fc8ce96689df7cf6/element - {"using":"xpath","value":"//div[input[@value=\"contains\"]]//span[contains(@id, \"arrow\")]"}
RESULT: {"using":"xpath","value":"//div[input[@value=\"contains\"]]//span[contains(@id, \"arrow\")]"}
COMMAND: POST /session/79d72962d9b70739fc8ce96689df7cf6/element/f.1B562DAB7B69DB519EC194079547F9B8.d.36861642724A850C8263CF4017F9893C.e.7934/click - {}
RESULT: {}
COMMAND: GET /session/79d72962d9b70739fc8ce96689df7cf6/screenshot - {}
RESULT: {}
COMMAND: POST /session/79d72962d9b70739fc8ce96689df7cf6/element - {"using":"xpath","value":"//li[.//span[text()='equal to']]"}
RESULT: {"using":"xpath","value":"//li[.//span[text()='equal to']]"}
COMMAND: POST /session/79d72962d9b70739fc8ce96689df7cf6/element/f.1B562DAB7B69DB519EC194079547F9B8.d.36861642724A850C8263CF4017F9893C.e.7935/click - {}
RESULT: {}
COMMAND: GET /session/79d72962d9b70739fc8ce96689df7cf6/screenshot - {}
RESULT: {}
RESULT: undefined
COMMAND: POST /session/79d72962d9b70739fc8ce96689df7cf6/execute/async - {"script":"<script> [776 bytes]","args":[{"enterText":"1006","selector":{"controlType":"sap.m.Input","viewName":"etm.portal.ui.managepartners.view.Master","viewId":"application-managepartners-display-component---masterPtm","properties":{"valueState":"None"},"searchOpenDialogs":true,"interaction":{"idSuffix":"inner"}},"clearTextFirst":true,"interactionType":"ENTER_TEXT"}]}
RESULT: {"script":"<script> [776 bytes]","args":[{"enterText":"1006","selector":{"controlType":"sap.m.Input","viewName":"etm.portal.ui.managepartners.view.Master","viewId":"application-managepartners-display-component---masterPtm","properties":{"valueState":"None"},"searchOpenDialogs":true,"interaction":{"idSuffix":"inner"}},"clearTextFirst":true,"interactionType":"ENTER_TEXT"}]}
COMMAND: POST /session/79d72962d9b70739fc8ce96689df7cf6/actions - {"actions":[{"id":"action22","type":"key","parameters":{},"actions":[{"type":"keyDown","value":""},{"type":"pause","duration":10},{"type":"keyUp","value":""}]}]}
RESULT: {"actions":[{"id":"action22","type":"key","parameters":{},"actions":[{"type":"keyDown","value":""},{"type":"pause","duration":10},{"type":"keyUp","value":""}]}]}
COMMAND: GET /session/79d72962d9b70739fc8ce96689df7cf6/screenshot - {}
RESULT: {}
COMMAND: POST /session/79d72962d9b70739fc8ce96689df7cf6/element - {"using":"xpath","value":"(//bdi[contains(text(), \"OK\")])[1]"}
RESULT: {"using":"xpath","value":"(//bdi[contains(text(), \"OK\")])[1]"}
COMMAND: POST /session/79d72962d9b70739fc8ce96689df7cf6/element/f.1B562DAB7B69DB519EC194079547F9B8.d.36861642724A850C8263CF4017F9893C.e.7936/click - {}
RESULT: {}
COMMAND: GET /session/79d72962d9b70739fc8ce96689df7cf6/screenshot - {}
RESULT: {}
COMMAND: POST /session/79d72962d9b70739fc8ce96689df7cf6/element - {"using":"xpath","value":"//span[@id=\"application-managepartners-display-component---masterPtm--smartTable-header-inner\"]"}
RESULT: {"using":"xpath","value":"//span[@id=\"application-managepartners-display-component---masterPtm--smartTable-header-inner\"]"}
COMMAND: POST /session/79d72962d9b70739fc8ce96689df7cf6/elements - {"using":"xpath","value":"//span[@id=\"application-managepartners-display-component---masterPtm--smartTable-header-inner\"]"}
RESULT: {"using":"xpath","value":"//span[@id=\"application-managepartners-display-component---masterPtm--smartTable-header-inner\"]"}
COMMAND: POST /session/79d72962d9b70739fc8ce96689df7cf6/execute/sync - {"script":"<script> [56 bytes]","args":[{"element-6066-11e4-a52e-4f735466cecf":"f.1B562DAB7B69DB519EC194079547F9B8.d.36861642724A850C8263CF4017F9893C.e.7774","ELEMENT":"f.1B562DAB7B69DB519EC194079547F9B8.d.36861642724A850C8263CF4017F9893C.e.7774"}]}
RESULT: {"script":"<script> [56 bytes]","args":[{"element-6066-11e4-a52e-4f735466cecf":"f.1B562DAB7B69DB519EC194079547F9B8.d.36861642724A850C8263CF4017F9893C.e.7774","ELEMENT":"f.1B562DAB7B69DB519EC194079547F9B8.d.36861642724A850C8263CF4017F9893C.e.7774"}]}
COMMAND: POST /session/79d72962d9b70739fc8ce96689df7cf6/element - {"using":"xpath","value":"//span[contains(@title, \"Remove\")]"}
COMMAND: GET /session/79d72962d9b70739fc8ce96689df7cf6/screenshot - {}
RESULT: {"using":"xpath","value":"//span[contains(@title, \"Remove\")]"}
COMMAND: POST /session/79d72962d9b70739fc8ce96689df7cf6/element/f.1B562DAB7B69DB519EC194079547F9B8.d.36861642724A850C8263CF4017F9893C.e.7940/click - {}
RESULT: {}
RESULT: {}
COMMAND: GET /session/79d72962d9b70739fc8ce96689df7cf6/screenshot - {}
RESULT: {}
RESULT: undefined
COMMAND: POST /session/79d72962d9b70739fc8ce96689df7cf6/element - {"using":"xpath","value":"//*[@id=\"application-managepartners-display-component---masterPtm--smartFilterBar-filterItemControl_BASIC-YARD-vhi\"]"}
RESULT: {"using":"xpath","value":"//*[@id=\"application-managepartners-display-component---masterPtm--smartFilterBar-filterItemControl_BASIC-YARD-vhi\"]"}
COMMAND: POST /session/79d72962d9b70739fc8ce96689df7cf6/element/f.1B562DAB7B69DB519EC194079547F9B8.d.36861642724A850C8263CF4017F9893C.e.8046/click - {}
RESULT: {}
COMMAND: GET /session/79d72962d9b70739fc8ce96689df7cf6/screenshot - {}
RESULT: {}
RESULT: undefined
COMMAND: POST /session/79d72962d9b70739fc8ce96689df7cf6/execute/async - {"script":"<script> [776 bytes]","args":[{"enterText":"Test","selector":{"id":"application-managepartners-display-component---masterPtm--smartFilterBar-filterItemControl_BASIC-YARD-valueHelpDialog-smartFilterBar-btnBasicSearch","searchOpenDialogs":true,"interaction":{"idSuffix":"I"}},"clearTextFirst":true,"interactionType":"ENTER_TEXT"}]}
RESULT: {"script":"<script> [776 bytes]","args":[{"enterText":"Test","selector":{"id":"application-managepartners-display-component---masterPtm--smartFilterBar-filterItemControl_BASIC-YARD-valueHelpDialog-smartFilterBar-btnBasicSearch","searchOpenDialogs":true,"interaction":{"idSuffix":"I"}},"clearTextFirst":true,"interactionType":"ENTER_TEXT"}]}
COMMAND: POST /session/79d72962d9b70739fc8ce96689df7cf6/actions - {"actions":[{"id":"action23","type":"key","parameters":{},"actions":[{"type":"keyDown","value":""},{"type":"pause","duration":10},{"type":"keyUp","value":""}]}]}
RESULT: {"actions":[{"id":"action23","type":"key","parameters":{},"actions":[{"type":"keyDown","value":""},{"type":"pause","duration":10},{"type":"keyUp","value":""}]}]}
COMMAND: POST /session/79d72962d9b70739fc8ce96689df7cf6/elements - {"using":"xpath","value":"//table[contains(@id, \"smartFilterBar-filterItemControl_BASIC-YARD-valueHelpDialog-table-table\")]/tbody/tr"}
COMMAND: GET /session/79d72962d9b70739fc8ce96689df7cf6/screenshot - {}
RESULT: {"using":"xpath","value":"//table[contains(@id, \"smartFilterBar-filterItemControl_BASIC-YARD-valueHelpDialog-table-table\")]/tbody/tr"}
COMMAND: POST /session/79d72962d9b70739fc8ce96689df7cf6/element - {"using":"xpath","value":"//table[contains(@id, \"smartFilterBar-filterItemControl_BASIC-YARD-valueHelpDialog-table-table\")]/tbody/tr[1]/td[1]/div/span"}
RESULT: {}
RESULT: {"using":"xpath","value":"//table[contains(@id, \"smartFilterBar-filterItemControl_BASIC-YARD-valueHelpDialog-table-table\")]/tbody/tr[1]/td[1]/div/span"}
COMMAND: POST /session/79d72962d9b70739fc8ce96689df7cf6/elements - {"using":"xpath","value":"//table[contains(@id, \"smartFilterBar-filterItemControl_BASIC-YARD-valueHelpDialog-table-table\")]/tbody/tr[1]/td[1]/div/span"}
RESULT: {"using":"xpath","value":"//table[contains(@id, \"smartFilterBar-filterItemControl_BASIC-YARD-valueHelpDialog-table-table\")]/tbody/tr[1]/td[1]/div/span"}
COMMAND: POST /session/79d72962d9b70739fc8ce96689df7cf6/execute/sync - {"script":"<script> [56 bytes]","args":[{"element-6066-11e4-a52e-4f735466cecf":"f.1B562DAB7B69DB519EC194079547F9B8.d.36861642724A850C8263CF4017F9893C.e.8064","ELEMENT":"f.1B562DAB7B69DB519EC194079547F9B8.d.36861642724A850C8263CF4017F9893C.e.8064"}]}
RESULT: {"script":"<script> [56 bytes]","args":[{"element-6066-11e4-a52e-4f735466cecf":"f.1B562DAB7B69DB519EC194079547F9B8.d.36861642724A850C8263CF4017F9893C.e.8064","ELEMENT":"f.1B562DAB7B69DB519EC194079547F9B8.d.36861642724A850C8263CF4017F9893C.e.8064"}]}
COMMAND: POST /session/79d72962d9b70739fc8ce96689df7cf6/element - {"using":"xpath","value":"//table[contains(@id, \"smartFilterBar-filterItemControl_BASIC-YARD-valueHelpDialog-table-table\")]/tbody/tr[2]/td[1]/div/span"}
COMMAND: GET /session/79d72962d9b70739fc8ce96689df7cf6/screenshot - {}
RESULT: {"using":"xpath","value":"//table[contains(@id, \"smartFilterBar-filterItemControl_BASIC-YARD-valueHelpDialog-table-table\")]/tbody/tr[2]/td[1]/div/span"}
COMMAND: POST /session/79d72962d9b70739fc8ce96689df7cf6/elements - {"using":"xpath","value":"//table[contains(@id, \"smartFilterBar-filterItemControl_BASIC-YARD-valueHelpDialog-table-table\")]/tbody/tr[2]/td[1]/div/span"}
RESULT: {}
RESULT: {"using":"xpath","value":"//table[contains(@id, \"smartFilterBar-filterItemControl_BASIC-YARD-valueHelpDialog-table-table\")]/tbody/tr[2]/td[1]/div/span"}
COMMAND: POST /session/79d72962d9b70739fc8ce96689df7cf6/execute/sync - {"script":"<script> [56 bytes]","args":[{"element-6066-11e4-a52e-4f735466cecf":"f.1B562DAB7B69DB519EC194079547F9B8.d.36861642724A850C8263CF4017F9893C.e.8065","ELEMENT":"f.1B562DAB7B69DB519EC194079547F9B8.d.36861642724A850C8263CF4017F9893C.e.8065"}]}
RESULT: {"script":"<script> [56 bytes]","args":[{"element-6066-11e4-a52e-4f735466cecf":"f.1B562DAB7B69DB519EC194079547F9B8.d.36861642724A850C8263CF4017F9893C.e.8065","ELEMENT":"f.1B562DAB7B69DB519EC194079547F9B8.d.36861642724A850C8263CF4017F9893C.e.8065"}]}
COMMAND: POST /session/79d72962d9b70739fc8ce96689df7cf6/element - {"using":"xpath","value":"//table[contains(@id, \"smartFilterBar-filterItemControl_BASIC-YARD-valueHelpDialog-table-table\")]/tbody/tr[3]/td[1]/div/span"}
COMMAND: GET /session/79d72962d9b70739fc8ce96689df7cf6/screenshot - {}
RESULT: {"using":"xpath","value":"//table[contains(@id, \"smartFilterBar-filterItemControl_BASIC-YARD-valueHelpDialog-table-table\")]/tbody/tr[3]/td[1]/div/span"}
COMMAND: POST /session/79d72962d9b70739fc8ce96689df7cf6/elements - {"using":"xpath","value":"//table[contains(@id, \"smartFilterBar-filterItemControl_BASIC-YARD-valueHelpDialog-table-table\")]/tbody/tr[3]/td[1]/div/span"}
RESULT: {}
RESULT: {"using":"xpath","value":"//table[contains(@id, \"smartFilterBar-filterItemControl_BASIC-YARD-valueHelpDialog-table-table\")]/tbody/tr[3]/td[1]/div/span"}
COMMAND: POST /session/79d72962d9b70739fc8ce96689df7cf6/execute/sync - {"script":"<script> [56 bytes]","args":[{"element-6066-11e4-a52e-4f735466cecf":"f.1B562DAB7B69DB519EC194079547F9B8.d.36861642724A850C8263CF4017F9893C.e.8066","ELEMENT":"f.1B562DAB7B69DB519EC194079547F9B8.d.36861642724A850C8263CF4017F9893C.e.8066"}]}
RESULT: {"script":"<script> [56 bytes]","args":[{"element-6066-11e4-a52e-4f735466cecf":"f.1B562DAB7B69DB519EC194079547F9B8.d.36861642724A850C8263CF4017F9893C.e.8066","ELEMENT":"f.1B562DAB7B69DB519EC194079547F9B8.d.36861642724A850C8263CF4017F9893C.e.8066"}]}
COMMAND: POST /session/79d72962d9b70739fc8ce96689df7cf6/element - {"using":"xpath","value":"//div[contains(@id, \"filterItemControl_BASIC-YARD-valueHelpDialog-table-rowsel2\")]"}
COMMAND: GET /session/79d72962d9b70739fc8ce96689df7cf6/screenshot - {}
RESULT: {"using":"xpath","value":"//div[contains(@id, \"filterItemControl_BASIC-YARD-valueHelpDialog-table-rowsel2\")]"}
COMMAND: POST /session/79d72962d9b70739fc8ce96689df7cf6/element/f.1B562DAB7B69DB519EC194079547F9B8.d.36861642724A850C8263CF4017F9893C.e.8067/click - {}
RESULT: {}
RESULT: {}
COMMAND: GET /session/79d72962d9b70739fc8ce96689df7cf6/screenshot - {}
RESULT: {}
COMMAND: POST /session/79d72962d9b70739fc8ce96689df7cf6/element - {"using":"xpath","value":"(//bdi[contains(text(), \"OK\")])[1]"}
RESULT: {"using":"xpath","value":"(//bdi[contains(text(), \"OK\")])[1]"}
COMMAND: POST /session/79d72962d9b70739fc8ce96689df7cf6/element/f.1B562DAB7B69DB519EC194079547F9B8.d.36861642724A850C8263CF4017F9893C.e.8069/click - {}
RESULT: {}
COMMAND: GET /session/79d72962d9b70739fc8ce96689df7cf6/screenshot - {}
RESULT: {}
COMMAND: POST /session/79d72962d9b70739fc8ce96689df7cf6/element - {"using":"xpath","value":"//span[@id=\"application-managepartners-display-component---masterPtm--smartTable-header-inner\"]"}
RESULT: {"using":"xpath","value":"//span[@id=\"application-managepartners-display-component---masterPtm--smartTable-header-inner\"]"}
COMMAND: POST /session/79d72962d9b70739fc8ce96689df7cf6/elements - {"using":"xpath","value":"//span[@id=\"application-managepartners-display-component---masterPtm--smartTable-header-inner\"]"}
RESULT: {"using":"xpath","value":"//span[@id=\"application-managepartners-display-component---masterPtm--smartTable-header-inner\"]"}
COMMAND: POST /session/79d72962d9b70739fc8ce96689df7cf6/execute/sync - {"script":"<script> [56 bytes]","args":[{"element-6066-11e4-a52e-4f735466cecf":"f.1B562DAB7B69DB519EC194079547F9B8.d.36861642724A850C8263CF4017F9893C.e.7774","ELEMENT":"f.1B562DAB7B69DB519EC194079547F9B8.d.36861642724A850C8263CF4017F9893C.e.7774"}]}
RESULT: {"script":"<script> [56 bytes]","args":[{"element-6066-11e4-a52e-4f735466cecf":"f.1B562DAB7B69DB519EC194079547F9B8.d.36861642724A850C8263CF4017F9893C.e.7774","ELEMENT":"f.1B562DAB7B69DB519EC194079547F9B8.d.36861642724A850C8263CF4017F9893C.e.7774"}]}
COMMAND: POST /session/79d72962d9b70739fc8ce96689df7cf6/element - {"using":"xpath","value":"//span[contains(@title, \"Remove\")]"}
COMMAND: GET /session/79d72962d9b70739fc8ce96689df7cf6/screenshot - {}
RESULT: {"using":"xpath","value":"//span[contains(@title, \"Remove\")]"}
COMMAND: POST /session/79d72962d9b70739fc8ce96689df7cf6/element/f.1B562DAB7B69DB519EC194079547F9B8.d.36861642724A850C8263CF4017F9893C.e.8083/click - {}
RESULT: {}
RESULT: {}
COMMAND: GET /session/79d72962d9b70739fc8ce96689df7cf6/screenshot - {}
RESULT: {}
RESULT: undefined
COMMAND: POST /session/79d72962d9b70739fc8ce96689df7cf6/element - {"using":"xpath","value":"//*[@id=\"application-managepartners-display-component---masterPtm--smartFilterBar-filterItemControl_BASIC-MAIN_ADDRESS-vhi\"]"}
RESULT: {"using":"xpath","value":"//*[@id=\"application-managepartners-display-component---masterPtm--smartFilterBar-filterItemControl_BASIC-MAIN_ADDRESS-vhi\"]"}
COMMAND: POST /session/79d72962d9b70739fc8ce96689df7cf6/element/f.1B562DAB7B69DB519EC194079547F9B8.d.36861642724A850C8263CF4017F9893C.e.8185/click - {}
RESULT: {}
COMMAND: GET /session/79d72962d9b70739fc8ce96689df7cf6/screenshot - {}
RESULT: {}
RESULT: undefined
COMMAND: POST /session/79d72962d9b70739fc8ce96689df7cf6/execute/async - {"script":"<script> [776 bytes]","args":[{"enterText":"Romania","selector":{"id":"application-managepartners-display-component---masterPtm--smartFilterBar-filterItemControl_BASIC-MAIN_ADDRESS-valueHelpDialog-smartFilterBar-btnBasicSearch","searchOpenDialogs":true,"interaction":{"idSuffix":"I"}},"clearTextFirst":true,"interactionType":"ENTER_TEXT"}]}
RESULT: {"script":"<script> [776 bytes]","args":[{"enterText":"Romania","selector":{"id":"application-managepartners-display-component---masterPtm--smartFilterBar-filterItemControl_BASIC-MAIN_ADDRESS-valueHelpDialog-smartFilterBar-btnBasicSearch","searchOpenDialogs":true,"interaction":{"idSuffix":"I"}},"clearTextFirst":true,"interactionType":"ENTER_TEXT"}]}
COMMAND: POST /session/79d72962d9b70739fc8ce96689df7cf6/actions - {"actions":[{"id":"action24","type":"key","parameters":{},"actions":[{"type":"keyDown","value":""},{"type":"pause","duration":10},{"type":"keyUp","value":""}]}]}
RESULT: {"actions":[{"id":"action24","type":"key","parameters":{},"actions":[{"type":"keyDown","value":""},{"type":"pause","duration":10},{"type":"keyUp","value":""}]}]}
COMMAND: POST /session/79d72962d9b70739fc8ce96689df7cf6/elements - {"using":"xpath","value":"//table[contains(@id, \"smartFilterBar-filterItemControl_BASIC-MAIN_ADDRESS-valueHelpDialog-table-table\")]/tbody/tr"}
COMMAND: GET /session/79d72962d9b70739fc8ce96689df7cf6/screenshot - {}
RESULT: {"using":"xpath","value":"//table[contains(@id, \"smartFilterBar-filterItemControl_BASIC-MAIN_ADDRESS-valueHelpDialog-table-table\")]/tbody/tr"}
COMMAND: POST /session/79d72962d9b70739fc8ce96689df7cf6/element - {"using":"xpath","value":"//table[contains(@id, \"smartFilterBar-filterItemControl_BASIC-MAIN_ADDRESS-valueHelpDialog-table-table\")]/tbody/tr[1]/td[1]/div/span"}
RESULT: {}
RESULT: {"using":"xpath","value":"//table[contains(@id, \"smartFilterBar-filterItemControl_BASIC-MAIN_ADDRESS-valueHelpDialog-table-table\")]/tbody/tr[1]/td[1]/div/span"}
COMMAND: POST /session/79d72962d9b70739fc8ce96689df7cf6/elements - {"using":"xpath","value":"//table[contains(@id, \"smartFilterBar-filterItemControl_BASIC-MAIN_ADDRESS-valueHelpDialog-table-table\")]/tbody/tr[1]/td[1]/div/span"}
RESULT: {"using":"xpath","value":"//table[contains(@id, \"smartFilterBar-filterItemControl_BASIC-MAIN_ADDRESS-valueHelpDialog-table-table\")]/tbody/tr[1]/td[1]/div/span"}
COMMAND: POST /session/79d72962d9b70739fc8ce96689df7cf6/execute/sync - {"script":"<script> [56 bytes]","args":[{"element-6066-11e4-a52e-4f735466cecf":"f.1B562DAB7B69DB519EC194079547F9B8.d.36861642724A850C8263CF4017F9893C.e.8206","ELEMENT":"f.1B562DAB7B69DB519EC194079547F9B8.d.36861642724A850C8263CF4017F9893C.e.8206"}]}
RESULT: {"script":"<script> [56 bytes]","args":[{"element-6066-11e4-a52e-4f735466cecf":"f.1B562DAB7B69DB519EC194079547F9B8.d.36861642724A850C8263CF4017F9893C.e.8206","ELEMENT":"f.1B562DAB7B69DB519EC194079547F9B8.d.36861642724A850C8263CF4017F9893C.e.8206"}]}
COMMAND: POST /session/79d72962d9b70739fc8ce96689df7cf6/element - {"using":"xpath","value":"//div[contains(@id, \"filterItemControl_BASIC-MAIN_ADDRESS-valueHelpDialog-table-rowsel0\")]"}
COMMAND: GET /session/79d72962d9b70739fc8ce96689df7cf6/screenshot - {}
RESULT: {"using":"xpath","value":"//div[contains(@id, \"filterItemControl_BASIC-MAIN_ADDRESS-valueHelpDialog-table-rowsel0\")]"}
COMMAND: POST /session/79d72962d9b70739fc8ce96689df7cf6/element/f.1B562DAB7B69DB519EC194079547F9B8.d.36861642724A850C8263CF4017F9893C.e.8207/click - {}
RESULT: {}
RESULT: {}
COMMAND: GET /session/79d72962d9b70739fc8ce96689df7cf6/screenshot - {}
RESULT: {}
COMMAND: POST /session/79d72962d9b70739fc8ce96689df7cf6/element - {"using":"xpath","value":"(//bdi[contains(text(), \"OK\")])[1]"}
RESULT: {"using":"xpath","value":"(//bdi[contains(text(), \"OK\")])[1]"}
COMMAND: POST /session/79d72962d9b70739fc8ce96689df7cf6/element/f.1B562DAB7B69DB519EC194079547F9B8.d.36861642724A850C8263CF4017F9893C.e.8209/click - {}
RESULT: {}
COMMAND: GET /session/79d72962d9b70739fc8ce96689df7cf6/screenshot - {}
RESULT: {}
COMMAND: POST /session/79d72962d9b70739fc8ce96689df7cf6/element - {"using":"xpath","value":"//span[@id=\"application-managepartners-display-component---masterPtm--smartTable-header-inner\"]"}
RESULT: {"using":"xpath","value":"//span[@id=\"application-managepartners-display-component---masterPtm--smartTable-header-inner\"]"}
COMMAND: POST /session/79d72962d9b70739fc8ce96689df7cf6/elements - {"using":"xpath","value":"//span[@id=\"application-managepartners-display-component---masterPtm--smartTable-header-inner\"]"}
RESULT: {"using":"xpath","value":"//span[@id=\"application-managepartners-display-component---masterPtm--smartTable-header-inner\"]"}
COMMAND: POST /session/79d72962d9b70739fc8ce96689df7cf6/execute/sync - {"script":"<script> [56 bytes]","args":[{"element-6066-11e4-a52e-4f735466cecf":"f.1B562DAB7B69DB519EC194079547F9B8.d.36861642724A850C8263CF4017F9893C.e.7774","ELEMENT":"f.1B562DAB7B69DB519EC194079547F9B8.d.36861642724A850C8263CF4017F9893C.e.7774"}]}
RESULT: {"script":"<script> [56 bytes]","args":[{"element-6066-11e4-a52e-4f735466cecf":"f.1B562DAB7B69DB519EC194079547F9B8.d.36861642724A850C8263CF4017F9893C.e.7774","ELEMENT":"f.1B562DAB7B69DB519EC194079547F9B8.d.36861642724A850C8263CF4017F9893C.e.7774"}]}
COMMAND: POST /session/79d72962d9b70739fc8ce96689df7cf6/element - {"using":"xpath","value":"//span[contains(@title, \"Remove\")]"}
COMMAND: GET /session/79d72962d9b70739fc8ce96689df7cf6/screenshot - {}
RESULT: {"using":"xpath","value":"//span[contains(@title, \"Remove\")]"}
COMMAND: POST /session/79d72962d9b70739fc8ce96689df7cf6/element/f.1B562DAB7B69DB519EC194079547F9B8.d.36861642724A850C8263CF4017F9893C.e.8222/click - {}
RESULT: {}
RESULT: {}
COMMAND: GET /session/79d72962d9b70739fc8ce96689df7cf6/screenshot - {}
RESULT: {}
COMMAND: POST /session/79d72962d9b70739fc8ce96689df7cf6/execute/async - {"script":"<script> [1562 bytes]","args":[{"selector":{"id":"application-managepartners-display-component---masterPtm--catalogs-arrow"},"wdio_ui5_key":"applicationmanagepartners-display-component---masterPtm--catalogs-arrow"}]}
RESULT: {"script":"<script> [1562 bytes]","args":[{"selector":{"id":"application-managepartners-display-component---masterPtm--catalogs-arrow"},"wdio_ui5_key":"applicationmanagepartners-display-component---masterPtm--catalogs-arrow"}]}
RESULT: undefined
COMMAND: POST /session/79d72962d9b70739fc8ce96689df7cf6/element - {"using":"xpath","value":"//*[@id=\"application-managepartners-display-component---masterPtm--catalogs-arrow\"]"}
RESULT: {"using":"xpath","value":"//*[@id=\"application-managepartners-display-component---masterPtm--catalogs-arrow\"]"}
COMMAND: POST /session/79d72962d9b70739fc8ce96689df7cf6/element/f.1B562DAB7B69DB519EC194079547F9B8.d.36861642724A850C8263CF4017F9893C.e.8326/click - {}
RESULT: {}
COMMAND: GET /session/79d72962d9b70739fc8ce96689df7cf6/screenshot - {}
RESULT: {}
COMMAND: POST /session/79d72962d9b70739fc8ce96689df7cf6/element - {"using":"xpath","value":"//li[.//span[text()=\"Webshop Catalog\"]]//div[contains(@class,\"sapMCbBg\")]"}
RESULT: {"using":"xpath","value":"//li[.//span[text()=\"Webshop Catalog\"]]//div[contains(@class,\"sapMCbBg\")]"}
COMMAND: POST /session/79d72962d9b70739fc8ce96689df7cf6/element/f.1B562DAB7B69DB519EC194079547F9B8.d.36861642724A850C8263CF4017F9893C.e.8338/click - {}
RESULT: {}
COMMAND: GET /session/79d72962d9b70739fc8ce96689df7cf6/screenshot - {}
RESULT: {}
RESULT: undefined
COMMAND: POST /session/79d72962d9b70739fc8ce96689df7cf6/element - {"using":"xpath","value":"//*[@id=\"application-managepartners-display-component---masterPtm--catalogs-arrow\"]"}
RESULT: {"using":"xpath","value":"//*[@id=\"application-managepartners-display-component---masterPtm--catalogs-arrow\"]"}
COMMAND: POST /session/79d72962d9b70739fc8ce96689df7cf6/element/f.1B562DAB7B69DB519EC194079547F9B8.d.36861642724A850C8263CF4017F9893C.e.8326/click - {}
RESULT: {}
COMMAND: POST /session/79d72962d9b70739fc8ce96689df7cf6/element - {"using":"xpath","value":"//span[@id=\"application-managepartners-display-component---masterPtm--smartTable-header-inner\"]"}
COMMAND: GET /session/79d72962d9b70739fc8ce96689df7cf6/screenshot - {}
RESULT: {"using":"xpath","value":"//span[@id=\"application-managepartners-display-component---masterPtm--smartTable-header-inner\"]"}
COMMAND: POST /session/79d72962d9b70739fc8ce96689df7cf6/elements - {"using":"xpath","value":"//span[@id=\"application-managepartners-display-component---masterPtm--smartTable-header-inner\"]"}
RESULT: {}
RESULT: {"using":"xpath","value":"//span[@id=\"application-managepartners-display-component---masterPtm--smartTable-header-inner\"]"}
COMMAND: POST /session/79d72962d9b70739fc8ce96689df7cf6/execute/sync - {"script":"<script> [56 bytes]","args":[{"element-6066-11e4-a52e-4f735466cecf":"f.1B562DAB7B69DB519EC194079547F9B8.d.36861642724A850C8263CF4017F9893C.e.7774","ELEMENT":"f.1B562DAB7B69DB519EC194079547F9B8.d.36861642724A850C8263CF4017F9893C.e.7774"}]}
RESULT: {"script":"<script> [56 bytes]","args":[{"element-6066-11e4-a52e-4f735466cecf":"f.1B562DAB7B69DB519EC194079547F9B8.d.36861642724A850C8263CF4017F9893C.e.7774","ELEMENT":"f.1B562DAB7B69DB519EC194079547F9B8.d.36861642724A850C8263CF4017F9893C.e.7774"}]}
COMMAND: POST /session/79d72962d9b70739fc8ce96689df7cf6/element - {"using":"xpath","value":"//span[contains(@title, \"Remove\")]"}
COMMAND: GET /session/79d72962d9b70739fc8ce96689df7cf6/screenshot - {}
RESULT: {"using":"xpath","value":"//span[contains(@title, \"Remove\")]"}
COMMAND: POST /session/79d72962d9b70739fc8ce96689df7cf6/element/f.1B562DAB7B69DB519EC194079547F9B8.d.36861642724A850C8263CF4017F9893C.e.8353/click - {}
RESULT: {}
RESULT: {}
COMMAND: GET /session/79d72962d9b70739fc8ce96689df7cf6/screenshot - {}
RESULT: {}
COMMAND: POST /session/79d72962d9b70739fc8ce96689df7cf6/execute/async - {"script":"<script> [1562 bytes]","args":[{"selector":{"id":"application-managepartners-display-component---masterPtm--currencies-arrow"},"wdio_ui5_key":"applicationmanagepartners-display-component---masterPtm--currencies-arrow"}]}
RESULT: {"script":"<script> [1562 bytes]","args":[{"selector":{"id":"application-managepartners-display-component---masterPtm--currencies-arrow"},"wdio_ui5_key":"applicationmanagepartners-display-component---masterPtm--currencies-arrow"}]}
RESULT: undefined
COMMAND: POST /session/79d72962d9b70739fc8ce96689df7cf6/element - {"using":"xpath","value":"//*[@id=\"application-managepartners-display-component---masterPtm--currencies-arrow\"]"}
RESULT: {"using":"xpath","value":"//*[@id=\"application-managepartners-display-component---masterPtm--currencies-arrow\"]"}
COMMAND: POST /session/79d72962d9b70739fc8ce96689df7cf6/element/f.1B562DAB7B69DB519EC194079547F9B8.d.36861642724A850C8263CF4017F9893C.e.8468/click - {}
RESULT: {}
COMMAND: GET /session/79d72962d9b70739fc8ce96689df7cf6/screenshot - {}
RESULT: {}
COMMAND: POST /session/79d72962d9b70739fc8ce96689df7cf6/element - {"using":"xpath","value":"//li[.//span[text()=\"US Dollar\"]]//div[contains(@class,\"sapMCbBg\")]"}
RESULT: {"using":"xpath","value":"//li[.//span[text()=\"US Dollar\"]]//div[contains(@class,\"sapMCbBg\")]"}
COMMAND: POST /session/79d72962d9b70739fc8ce96689df7cf6/element/f.1B562DAB7B69DB519EC194079547F9B8.d.36861642724A850C8263CF4017F9893C.e.8471/click - {}
RESULT: {}
COMMAND: GET /session/79d72962d9b70739fc8ce96689df7cf6/screenshot - {}
RESULT: {}
RESULT: undefined
COMMAND: POST /session/79d72962d9b70739fc8ce96689df7cf6/element - {"using":"xpath","value":"//*[@id=\"application-managepartners-display-component---masterPtm--currencies-arrow\"]"}
RESULT: {"using":"xpath","value":"//*[@id=\"application-managepartners-display-component---masterPtm--currencies-arrow\"]"}
COMMAND: POST /session/79d72962d9b70739fc8ce96689df7cf6/element/f.1B562DAB7B69DB519EC194079547F9B8.d.36861642724A850C8263CF4017F9893C.e.8468/click - {}
RESULT: {}
COMMAND: POST /session/79d72962d9b70739fc8ce96689df7cf6/element - {"using":"xpath","value":"//span[@id=\"application-managepartners-display-component---masterPtm--smartTable-header-inner\"]"}
COMMAND: GET /session/79d72962d9b70739fc8ce96689df7cf6/screenshot - {}
RESULT: {"using":"xpath","value":"//span[@id=\"application-managepartners-display-component---masterPtm--smartTable-header-inner\"]"}
COMMAND: POST /session/79d72962d9b70739fc8ce96689df7cf6/elements - {"using":"xpath","value":"//span[@id=\"application-managepartners-display-component---masterPtm--smartTable-header-inner\"]"}
RESULT: {}
RESULT: {"using":"xpath","value":"//span[@id=\"application-managepartners-display-component---masterPtm--smartTable-header-inner\"]"}
COMMAND: POST /session/79d72962d9b70739fc8ce96689df7cf6/execute/sync - {"script":"<script> [56 bytes]","args":[{"element-6066-11e4-a52e-4f735466cecf":"f.1B562DAB7B69DB519EC194079547F9B8.d.36861642724A850C8263CF4017F9893C.e.7774","ELEMENT":"f.1B562DAB7B69DB519EC194079547F9B8.d.36861642724A850C8263CF4017F9893C.e.7774"}]}
RESULT: {"script":"<script> [56 bytes]","args":[{"element-6066-11e4-a52e-4f735466cecf":"f.1B562DAB7B69DB519EC194079547F9B8.d.36861642724A850C8263CF4017F9893C.e.7774","ELEMENT":"f.1B562DAB7B69DB519EC194079547F9B8.d.36861642724A850C8263CF4017F9893C.e.7774"}]}
COMMAND: POST /session/79d72962d9b70739fc8ce96689df7cf6/element - {"using":"xpath","value":"//span[contains(@title, \"Remove\")]"}
COMMAND: GET /session/79d72962d9b70739fc8ce96689df7cf6/screenshot - {}
RESULT: {"using":"xpath","value":"//span[contains(@title, \"Remove\")]"}
COMMAND: POST /session/79d72962d9b70739fc8ce96689df7cf6/element/f.1B562DAB7B69DB519EC194079547F9B8.d.36861642724A850C8263CF4017F9893C.e.8623/click - {}
RESULT: {}
RESULT: {}
COMMAND: GET /session/79d72962d9b70739fc8ce96689df7cf6/screenshot - {}
RESULT: {}
COMMAND: POST /session/79d72962d9b70739fc8ce96689df7cf6/execute/async - {"script":"<script> [1562 bytes]","args":[{"selector":{"id":"application-managepartners-display-component---masterPtm--languages-arrow"},"wdio_ui5_key":"applicationmanagepartners-display-component---masterPtm--languages-arrow"}]}
RESULT: {"script":"<script> [1562 bytes]","args":[{"selector":{"id":"application-managepartners-display-component---masterPtm--languages-arrow"},"wdio_ui5_key":"applicationmanagepartners-display-component---masterPtm--languages-arrow"}]}
RESULT: undefined
COMMAND: POST /session/79d72962d9b70739fc8ce96689df7cf6/element - {"using":"xpath","value":"//*[@id=\"application-managepartners-display-component---masterPtm--languages-arrow\"]"}
RESULT: {"using":"xpath","value":"//*[@id=\"application-managepartners-display-component---masterPtm--languages-arrow\"]"}
COMMAND: POST /session/79d72962d9b70739fc8ce96689df7cf6/element/f.1B562DAB7B69DB519EC194079547F9B8.d.36861642724A850C8263CF4017F9893C.e.8697/click - {}
RESULT: {}
COMMAND: GET /session/79d72962d9b70739fc8ce96689df7cf6/screenshot - {}
RESULT: {}
COMMAND: POST /session/79d72962d9b70739fc8ce96689df7cf6/element - {"using":"xpath","value":"//li[.//span[text()=\"German\"]]//div[contains(@class,\"sapMCbBg\")]"}
RESULT: {"using":"xpath","value":"//li[.//span[text()=\"German\"]]//div[contains(@class,\"sapMCbBg\")]"}
COMMAND: POST /session/79d72962d9b70739fc8ce96689df7cf6/element/f.1B562DAB7B69DB519EC194079547F9B8.d.36861642724A850C8263CF4017F9893C.e.8743/click - {}
RESULT: {}
COMMAND: GET /session/79d72962d9b70739fc8ce96689df7cf6/screenshot - {}
RESULT: {}
RESULT: undefined
COMMAND: POST /session/79d72962d9b70739fc8ce96689df7cf6/element - {"using":"xpath","value":"//*[@id=\"application-managepartners-display-component---masterPtm--languages-arrow\"]"}
RESULT: {"using":"xpath","value":"//*[@id=\"application-managepartners-display-component---masterPtm--languages-arrow\"]"}
COMMAND: POST /session/79d72962d9b70739fc8ce96689df7cf6/element/f.1B562DAB7B69DB519EC194079547F9B8.d.36861642724A850C8263CF4017F9893C.e.8697/click - {}
RESULT: {}
COMMAND: POST /session/79d72962d9b70739fc8ce96689df7cf6/element - {"using":"xpath","value":"//span[@id=\"application-managepartners-display-component---masterPtm--smartTable-header-inner\"]"}
COMMAND: GET /session/79d72962d9b70739fc8ce96689df7cf6/screenshot - {}
RESULT: {"using":"xpath","value":"//span[@id=\"application-managepartners-display-component---masterPtm--smartTable-header-inner\"]"}
COMMAND: POST /session/79d72962d9b70739fc8ce96689df7cf6/elements - {"using":"xpath","value":"//span[@id=\"application-managepartners-display-component---masterPtm--smartTable-header-inner\"]"}
RESULT: {}
RESULT: {"using":"xpath","value":"//span[@id=\"application-managepartners-display-component---masterPtm--smartTable-header-inner\"]"}
COMMAND: POST /session/79d72962d9b70739fc8ce96689df7cf6/execute/sync - {"script":"<script> [56 bytes]","args":[{"element-6066-11e4-a52e-4f735466cecf":"f.1B562DAB7B69DB519EC194079547F9B8.d.36861642724A850C8263CF4017F9893C.e.7774","ELEMENT":"f.1B562DAB7B69DB519EC194079547F9B8.d.36861642724A850C8263CF4017F9893C.e.7774"}]}
RESULT: {"script":"<script> [56 bytes]","args":[{"element-6066-11e4-a52e-4f735466cecf":"f.1B562DAB7B69DB519EC194079547F9B8.d.36861642724A850C8263CF4017F9893C.e.7774","ELEMENT":"f.1B562DAB7B69DB519EC194079547F9B8.d.36861642724A850C8263CF4017F9893C.e.7774"}]}
COMMAND: POST /session/79d72962d9b70739fc8ce96689df7cf6/element - {"using":"css selector","value":"#shell-header-logo"}
COMMAND: GET /session/79d72962d9b70739fc8ce96689df7cf6/screenshot - {}
RESULT: {"using":"css selector","value":"#shell-header-logo"}
COMMAND: POST /session/79d72962d9b70739fc8ce96689df7cf6/element/f.1B562DAB7B69DB519EC194079547F9B8.d.36861642724A850C8263CF4017F9893C.e.7605/click - {}
RESULT: {}
RESULT: {}
COMMAND: GET /session/79d72962d9b70739fc8ce96689df7cf6/screenshot - {}
RESULT: {}
]]></system-out>
    </testcase>
    <testcase classname="chrome.136_0_7103_93.windows.Partner_specific_tests_US150819_US151080_US151654_US151176_US103444_US151078_US151079_US151109_US151174_US151175_US151189" name="Should add a new Business Partner role same role US151541" time="79.467">
      <system-out><![CDATA[
COMMAND: POST /session/79d72962d9b70739fc8ce96689df7cf6/execute/async - {"script":"<script> [1562 bytes]","args":[{"selector":{"controlType":"sap.m.GenericTile","properties":{"header":"Data Explorer"}},"wdio_ui5_key":"sapm.GenericTile{\"header\":\"Data Explorer\"}"}]}
RESULT: {"script":"<script> [1562 bytes]","args":[{"selector":{"controlType":"sap.m.GenericTile","properties":{"header":"Data Explorer"}},"wdio_ui5_key":"sapm.GenericTile{\"header\":\"Data Explorer\"}"}]}
RESULT: undefined
COMMAND: POST /session/79d72962d9b70739fc8ce96689df7cf6/element - {"using":"xpath","value":"//*[@id=\"__tile117\"]"}
RESULT: {"using":"xpath","value":"//*[@id=\"__tile117\"]"}
COMMAND: POST /session/79d72962d9b70739fc8ce96689df7cf6/element/f.1B562DAB7B69DB519EC194079547F9B8.d.36861642724A850C8263CF4017F9893C.e.8808/click - {}
RESULT: {}
COMMAND: GET /session/79d72962d9b70739fc8ce96689df7cf6/screenshot - {}
RESULT: {}
COMMAND: POST /session/79d72962d9b70739fc8ce96689df7cf6/elements - {"using":"xpath","value":"//span[text()='Error']"}
RESULT: {"using":"xpath","value":"//span[text()='Error']"}
COMMAND: POST /session/79d72962d9b70739fc8ce96689df7cf6/window/fullscreen - {}
RESULT: {}
COMMAND: POST /session/79d72962d9b70739fc8ce96689df7cf6/element - {"using":"xpath","value":"//input[@id=\"application-businessconfigurations-display-component---masterBusinessConfigurations--smartFilterBar-btnBasicSearch-I\"]"}
RESULT: {"using":"xpath","value":"//input[@id=\"application-businessconfigurations-display-component---masterBusinessConfigurations--smartFilterBar-btnBasicSearch-I\"]"}
COMMAND: POST /session/79d72962d9b70739fc8ce96689df7cf6/elements - {"using":"xpath","value":"//input[@id=\"application-businessconfigurations-display-component---masterBusinessConfigurations--smartFilterBar-btnBasicSearch-I\"]"}
RESULT: {"using":"xpath","value":"//input[@id=\"application-businessconfigurations-display-component---masterBusinessConfigurations--smartFilterBar-btnBasicSearch-I\"]"}
COMMAND: POST /session/79d72962d9b70739fc8ce96689df7cf6/execute/sync - {"script":"<script> [8489 bytes]","args":[{"element-6066-11e4-a52e-4f735466cecf":"f.1B562DAB7B69DB519EC194079547F9B8.d.36861642724A850C8263CF4017F9893C.e.8832","ELEMENT":"f.1B562DAB7B69DB519EC194079547F9B8.d.36861642724A850C8263CF4017F9893C.e.8832"}]}
RESULT: {"script":"<script> [8489 bytes]","args":[{"element-6066-11e4-a52e-4f735466cecf":"f.1B562DAB7B69DB519EC194079547F9B8.d.36861642724A850C8263CF4017F9893C.e.8832","ELEMENT":"f.1B562DAB7B69DB519EC194079547F9B8.d.36861642724A850C8263CF4017F9893C.e.8832"}]}
COMMAND: GET /session/79d72962d9b70739fc8ce96689df7cf6/element/f.1B562DAB7B69DB519EC194079547F9B8.d.36861642724A850C8263CF4017F9893C.e.8832/enabled - {}
COMMAND: GET /session/79d72962d9b70739fc8ce96689df7cf6/screenshot - {}
RESULT: {}
COMMAND: POST /session/79d72962d9b70739fc8ce96689df7cf6/execute/sync - {"script":"<script> [8489 bytes]","args":[{"element-6066-11e4-a52e-4f735466cecf":"f.1B562DAB7B69DB519EC194079547F9B8.d.36861642724A850C8263CF4017F9893C.e.8832","ELEMENT":"f.1B562DAB7B69DB519EC194079547F9B8.d.36861642724A850C8263CF4017F9893C.e.8832"}]}
COMMAND: GET /session/79d72962d9b70739fc8ce96689df7cf6/screenshot - {}
RESULT: {}
RESULT: {"script":"<script> [8489 bytes]","args":[{"element-6066-11e4-a52e-4f735466cecf":"f.1B562DAB7B69DB519EC194079547F9B8.d.36861642724A850C8263CF4017F9893C.e.8832","ELEMENT":"f.1B562DAB7B69DB519EC194079547F9B8.d.36861642724A850C8263CF4017F9893C.e.8832"}]}
COMMAND: POST /session/79d72962d9b70739fc8ce96689df7cf6/execute/sync - {"script":"<script> [5351 bytes]","args":[{"element-6066-11e4-a52e-4f735466cecf":"f.1B562DAB7B69DB519EC194079547F9B8.d.36861642724A850C8263CF4017F9893C.e.8832","ELEMENT":"f.1B562DAB7B69DB519EC194079547F9B8.d.36861642724A850C8263CF4017F9893C.e.8832"}]}
COMMAND: GET /session/79d72962d9b70739fc8ce96689df7cf6/screenshot - {}
RESULT: {}
RESULT: {"script":"<script> [5351 bytes]","args":[{"element-6066-11e4-a52e-4f735466cecf":"f.1B562DAB7B69DB519EC194079547F9B8.d.36861642724A850C8263CF4017F9893C.e.8832","ELEMENT":"f.1B562DAB7B69DB519EC194079547F9B8.d.36861642724A850C8263CF4017F9893C.e.8832"}]}
COMMAND: GET /session/79d72962d9b70739fc8ce96689df7cf6/screenshot - {}
RESULT: {}
RESULT: {}
COMMAND: POST /session/79d72962d9b70739fc8ce96689df7cf6/element - {"using":"xpath","value":"//span[@id=\"application-businessconfigurations-display-component---masterBusinessConfigurations--masterListDataExplorerSmartTable-header-inner\"]"}
RESULT: {"using":"xpath","value":"//span[@id=\"application-businessconfigurations-display-component---masterBusinessConfigurations--masterListDataExplorerSmartTable-header-inner\"]"}
COMMAND: POST /session/79d72962d9b70739fc8ce96689df7cf6/elements - {"using":"xpath","value":"//span[@id=\"application-businessconfigurations-display-component---masterBusinessConfigurations--masterListDataExplorerSmartTable-header-inner\"]"}
RESULT: {"using":"xpath","value":"//span[@id=\"application-businessconfigurations-display-component---masterBusinessConfigurations--masterListDataExplorerSmartTable-header-inner\"]"}
COMMAND: POST /session/79d72962d9b70739fc8ce96689df7cf6/execute/sync - {"script":"<script> [56 bytes]","args":[{"element-6066-11e4-a52e-4f735466cecf":"f.1B562DAB7B69DB519EC194079547F9B8.d.36861642724A850C8263CF4017F9893C.e.8978","ELEMENT":"f.1B562DAB7B69DB519EC194079547F9B8.d.36861642724A850C8263CF4017F9893C.e.8978"}]}
RESULT: {"script":"<script> [56 bytes]","args":[{"element-6066-11e4-a52e-4f735466cecf":"f.1B562DAB7B69DB519EC194079547F9B8.d.36861642724A850C8263CF4017F9893C.e.8978","ELEMENT":"f.1B562DAB7B69DB519EC194079547F9B8.d.36861642724A850C8263CF4017F9893C.e.8978"}]}
COMMAND: POST /session/79d72962d9b70739fc8ce96689df7cf6/element/f.1B562DAB7B69DB519EC194079547F9B8.d.36861642724A850C8263CF4017F9893C.e.8832/clear - {}
COMMAND: GET /session/79d72962d9b70739fc8ce96689df7cf6/screenshot - {}
RESULT: {}
COMMAND: POST /session/79d72962d9b70739fc8ce96689df7cf6/element/f.1B562DAB7B69DB519EC194079547F9B8.d.36861642724A850C8263CF4017F9893C.e.8832/value - {"text":"NETM_C_BUSINESS_PARTNER_ROLES"}
COMMAND: GET /session/79d72962d9b70739fc8ce96689df7cf6/screenshot - {}
RESULT: {}
RESULT: {"text":"NETM_C_BUSINESS_PARTNER_ROLES"}
COMMAND: GET /session/79d72962d9b70739fc8ce96689df7cf6/screenshot - {}
RESULT: {}
RESULT: {}
COMMAND: POST /session/79d72962d9b70739fc8ce96689df7cf6/actions - {"actions":[{"id":"action25","type":"key","parameters":{},"actions":[{"type":"keyDown","value":""},{"type":"pause","duration":10},{"type":"keyUp","value":""}]}]}
RESULT: {"actions":[{"id":"action25","type":"key","parameters":{},"actions":[{"type":"keyDown","value":""},{"type":"pause","duration":10},{"type":"keyUp","value":""}]}]}
COMMAND: GET /session/79d72962d9b70739fc8ce96689df7cf6/screenshot - {}
RESULT: {}
COMMAND: POST /session/79d72962d9b70739fc8ce96689df7cf6/elements - {"using":"xpath","value":"//table[contains(@id, \"masterListDataExplorerTable-listUl\")]/tbody/tr"}
RESULT: {"using":"xpath","value":"//table[contains(@id, \"masterListDataExplorerTable-listUl\")]/tbody/tr"}
COMMAND: POST /session/79d72962d9b70739fc8ce96689df7cf6/element - {"using":"xpath","value":"//table[contains(@id, \"masterListDataExplorerTable-listUl\")]/tbody/tr[2]/td[4]/span"}
RESULT: {"using":"xpath","value":"//table[contains(@id, \"masterListDataExplorerTable-listUl\")]/tbody/tr[2]/td[4]/span"}
COMMAND: POST /session/79d72962d9b70739fc8ce96689df7cf6/elements - {"using":"xpath","value":"//table[contains(@id, \"masterListDataExplorerTable-listUl\")]/tbody/tr[2]/td[4]/span"}
RESULT: {"using":"xpath","value":"//table[contains(@id, \"masterListDataExplorerTable-listUl\")]/tbody/tr[2]/td[4]/span"}
COMMAND: POST /session/79d72962d9b70739fc8ce96689df7cf6/execute/sync - {"script":"<script> [56 bytes]","args":[{"element-6066-11e4-a52e-4f735466cecf":"f.1B562DAB7B69DB519EC194079547F9B8.d.36861642724A850C8263CF4017F9893C.e.8987","ELEMENT":"f.1B562DAB7B69DB519EC194079547F9B8.d.36861642724A850C8263CF4017F9893C.e.8987"}]}
RESULT: {"script":"<script> [56 bytes]","args":[{"element-6066-11e4-a52e-4f735466cecf":"f.1B562DAB7B69DB519EC194079547F9B8.d.36861642724A850C8263CF4017F9893C.e.8987","ELEMENT":"f.1B562DAB7B69DB519EC194079547F9B8.d.36861642724A850C8263CF4017F9893C.e.8987"}]}
COMMAND: POST /session/79d72962d9b70739fc8ce96689df7cf6/element - {"using":"xpath","value":"(//span[contains(@id, \"imgNav\")])[1]"}
COMMAND: GET /session/79d72962d9b70739fc8ce96689df7cf6/screenshot - {}
RESULT: {"using":"xpath","value":"(//span[contains(@id, \"imgNav\")])[1]"}
COMMAND: POST /session/79d72962d9b70739fc8ce96689df7cf6/element/f.1B562DAB7B69DB519EC194079547F9B8.d.36861642724A850C8263CF4017F9893C.e.8988/click - {}
RESULT: {}
RESULT: {}
COMMAND: GET /session/79d72962d9b70739fc8ce96689df7cf6/screenshot - {}
RESULT: {}
COMMAND: POST /session/79d72962d9b70739fc8ce96689df7cf6/element - {"using":"xpath","value":"//bdi[contains(text(), \"Edit\")]"}
RESULT: {"using":"xpath","value":"//bdi[contains(text(), \"Edit\")]"}
COMMAND: POST /session/79d72962d9b70739fc8ce96689df7cf6/element/f.1B562DAB7B69DB519EC194079547F9B8.d.36861642724A850C8263CF4017F9893C.e.9118/click - {}
RESULT: {}
COMMAND: GET /session/79d72962d9b70739fc8ce96689df7cf6/screenshot - {}
RESULT: {}
COMMAND: POST /session/79d72962d9b70739fc8ce96689df7cf6/element - {"using":"xpath","value":"//button[contains(@id, \"detailBusinessConfigurations--addButton\")]"}
RESULT: {"using":"xpath","value":"//button[contains(@id, \"detailBusinessConfigurations--addButton\")]"}
COMMAND: POST /session/79d72962d9b70739fc8ce96689df7cf6/element/f.1B562DAB7B69DB519EC194079547F9B8.d.36861642724A850C8263CF4017F9893C.e.9127/click - {}
RESULT: {}
COMMAND: GET /session/79d72962d9b70739fc8ce96689df7cf6/screenshot - {}
RESULT: {}
COMMAND: POST /session/79d72962d9b70739fc8ce96689df7cf6/elements - {"using":"xpath","value":"//table[contains(@id, \"detailBusinessConfigurations--detailsTable-listUl\")]/tbody/tr"}
RESULT: {"using":"xpath","value":"//table[contains(@id, \"detailBusinessConfigurations--detailsTable-listUl\")]/tbody/tr"}
COMMAND: POST /session/79d72962d9b70739fc8ce96689df7cf6/element - {"using":"xpath","value":"//table[contains(@id, \"detailBusinessConfigurations--detailsTable-listUl\")]/tbody/tr[1]/td[3]/div/div/div/div/input"}
RESULT: {"using":"xpath","value":"//table[contains(@id, \"detailBusinessConfigurations--detailsTable-listUl\")]/tbody/tr[1]/td[3]/div/div/div/div/input"}
COMMAND: POST /session/79d72962d9b70739fc8ce96689df7cf6/element/f.1B562DAB7B69DB519EC194079547F9B8.d.36861642724A850C8263CF4017F9893C.e.9130/clear - {}
RESULT: {}
COMMAND: POST /session/79d72962d9b70739fc8ce96689df7cf6/element/f.1B562DAB7B69DB519EC194079547F9B8.d.36861642724A850C8263CF4017F9893C.e.9130/value - {"text":"WebDriver Testy"}
COMMAND: GET /session/79d72962d9b70739fc8ce96689df7cf6/screenshot - {}
RESULT: {"text":"WebDriver Testy"}
COMMAND: GET /session/79d72962d9b70739fc8ce96689df7cf6/screenshot - {}
RESULT: {}
RESULT: {}
COMMAND: POST /session/79d72962d9b70739fc8ce96689df7cf6/element - {"using":"xpath","value":"//button[contains(@id, \"detailBusinessConfigurations--addButton\")]"}
RESULT: {"using":"xpath","value":"//button[contains(@id, \"detailBusinessConfigurations--addButton\")]"}
COMMAND: POST /session/79d72962d9b70739fc8ce96689df7cf6/element/f.1B562DAB7B69DB519EC194079547F9B8.d.36861642724A850C8263CF4017F9893C.e.9127/click - {}
RESULT: {}
COMMAND: GET /session/79d72962d9b70739fc8ce96689df7cf6/screenshot - {}
RESULT: {}
COMMAND: POST /session/79d72962d9b70739fc8ce96689df7cf6/element - {"using":"xpath","value":"//table[contains(@id, \"detailBusinessConfigurations--detailsTable-listUl\")]/tbody/tr[1]/td[3]/div/div/div/div/input"}
RESULT: {"using":"xpath","value":"//table[contains(@id, \"detailBusinessConfigurations--detailsTable-listUl\")]/tbody/tr[1]/td[3]/div/div/div/div/input"}
COMMAND: POST /session/79d72962d9b70739fc8ce96689df7cf6/element/f.1B562DAB7B69DB519EC194079547F9B8.d.36861642724A850C8263CF4017F9893C.e.9143/clear - {}
RESULT: {}
COMMAND: POST /session/79d72962d9b70739fc8ce96689df7cf6/element/f.1B562DAB7B69DB519EC194079547F9B8.d.36861642724A850C8263CF4017F9893C.e.9143/value - {"text":"WebDriver Testy"}
COMMAND: GET /session/79d72962d9b70739fc8ce96689df7cf6/screenshot - {}
RESULT: {"text":"WebDriver Testy"}
COMMAND: GET /session/79d72962d9b70739fc8ce96689df7cf6/screenshot - {}
RESULT: {}
RESULT: {}
COMMAND: POST /session/79d72962d9b70739fc8ce96689df7cf6/element - {"using":"xpath","value":"//bdi[text()=\"Save\"]"}
RESULT: {"using":"xpath","value":"//bdi[text()=\"Save\"]"}
COMMAND: POST /session/79d72962d9b70739fc8ce96689df7cf6/element/f.1B562DAB7B69DB519EC194079547F9B8.d.36861642724A850C8263CF4017F9893C.e.9150/click - {}
RESULT: {}
COMMAND: GET /session/79d72962d9b70739fc8ce96689df7cf6/screenshot - {}
RESULT: {}
COMMAND: POST /session/79d72962d9b70739fc8ce96689df7cf6/element - {"using":"xpath","value":"//span[contains(@class, \"sapMMsgBoxText\")]"}
RESULT: {"using":"xpath","value":"//span[contains(@class, \"sapMMsgBoxText\")]"}
COMMAND: POST /session/79d72962d9b70739fc8ce96689df7cf6/elements - {"using":"xpath","value":"//span[contains(@class, \"sapMMsgBoxText\")]"}
RESULT: {"using":"xpath","value":"//span[contains(@class, \"sapMMsgBoxText\")]"}
COMMAND: POST /session/79d72962d9b70739fc8ce96689df7cf6/execute/sync - {"script":"<script> [56 bytes]","args":[{"element-6066-11e4-a52e-4f735466cecf":"f.1B562DAB7B69DB519EC194079547F9B8.d.36861642724A850C8263CF4017F9893C.e.9168","ELEMENT":"f.1B562DAB7B69DB519EC194079547F9B8.d.36861642724A850C8263CF4017F9893C.e.9168"}]}
RESULT: {"script":"<script> [56 bytes]","args":[{"element-6066-11e4-a52e-4f735466cecf":"f.1B562DAB7B69DB519EC194079547F9B8.d.36861642724A850C8263CF4017F9893C.e.9168","ELEMENT":"f.1B562DAB7B69DB519EC194079547F9B8.d.36861642724A850C8263CF4017F9893C.e.9168"}]}
COMMAND: POST /session/79d72962d9b70739fc8ce96689df7cf6/element - {"using":"xpath","value":"//bdi[text()=\"Close\"]"}
COMMAND: GET /session/79d72962d9b70739fc8ce96689df7cf6/screenshot - {}
RESULT: {"using":"xpath","value":"//bdi[text()=\"Close\"]"}
COMMAND: POST /session/79d72962d9b70739fc8ce96689df7cf6/element/f.1B562DAB7B69DB519EC194079547F9B8.d.36861642724A850C8263CF4017F9893C.e.9170/click - {}
RESULT: {}
RESULT: {}
COMMAND: GET /session/79d72962d9b70739fc8ce96689df7cf6/screenshot - {}
RESULT: {}
COMMAND: POST /session/79d72962d9b70739fc8ce96689df7cf6/element - {"using":"css selector","value":"#shell-header-logo"}
RESULT: {"using":"css selector","value":"#shell-header-logo"}
COMMAND: POST /session/79d72962d9b70739fc8ce96689df7cf6/element/f.1B562DAB7B69DB519EC194079547F9B8.d.36861642724A850C8263CF4017F9893C.e.8815/click - {}
RESULT: {}
COMMAND: GET /session/79d72962d9b70739fc8ce96689df7cf6/screenshot - {}
RESULT: {}
COMMAND: POST /session/79d72962d9b70739fc8ce96689df7cf6/element - {"using":"css selector","value":"#j_username"}
COMMAND: POST /session/79d72962d9b70739fc8ce96689df7cf6/url - {"url":"https://qa-testing-00-live-etm-ui.cfapps.eu10-004.hana.ondemand.com/"}
RESULT: {"using":"css selector","value":"#j_username"}
COMMAND: POST /session/79d72962d9b70739fc8ce96689df7cf6/element - {"using":"css selector","value":"#j_username"}
RESULT: {"url":"https://qa-testing-00-live-etm-ui.cfapps.eu10-004.hana.ondemand.com/"}
RESULT: undefined
COMMAND: GET /session/79d72962d9b70739fc8ce96689df7cf6/screenshot - {}
RESULT: {"using":"css selector","value":"#j_username"}
COMMAND: POST /session/79d72962d9b70739fc8ce96689df7cf6/element - {"using":"css selector","value":"#shell-header-logo"}
RESULT: {}
RESULT: {"using":"css selector","value":"#shell-header-logo"}
COMMAND: POST /session/79d72962d9b70739fc8ce96689df7cf6/execute/sync - {"script":"<script> [8489 bytes]","args":[{"element-6066-11e4-a52e-4f735466cecf":"f.1B562DAB7B69DB519EC194079547F9B8.d.F8F5FDFE418D2A005574A294EAC8D324.e.9186","ELEMENT":"f.1B562DAB7B69DB519EC194079547F9B8.d.F8F5FDFE418D2A005574A294EAC8D324.e.9186"}]}
RESULT: {"script":"<script> [8489 bytes]","args":[{"element-6066-11e4-a52e-4f735466cecf":"f.1B562DAB7B69DB519EC194079547F9B8.d.F8F5FDFE418D2A005574A294EAC8D324.e.9186","ELEMENT":"f.1B562DAB7B69DB519EC194079547F9B8.d.F8F5FDFE418D2A005574A294EAC8D324.e.9186"}]}
COMMAND: POST /session/79d72962d9b70739fc8ce96689df7cf6/element - {"using":"css selector","value":"#shell-header-logo"}
COMMAND: GET /session/79d72962d9b70739fc8ce96689df7cf6/screenshot - {}
RESULT: {"using":"css selector","value":"#shell-header-logo"}
COMMAND: POST /session/79d72962d9b70739fc8ce96689df7cf6/execute/sync - {"script":"<script> [8489 bytes]","args":[{"element-6066-11e4-a52e-4f735466cecf":"f.1B562DAB7B69DB519EC194079547F9B8.d.F8F5FDFE418D2A005574A294EAC8D324.e.9186","ELEMENT":"f.1B562DAB7B69DB519EC194079547F9B8.d.F8F5FDFE418D2A005574A294EAC8D324.e.9186"}]}
RESULT: {}
RESULT: {"script":"<script> [8489 bytes]","args":[{"element-6066-11e4-a52e-4f735466cecf":"f.1B562DAB7B69DB519EC194079547F9B8.d.F8F5FDFE418D2A005574A294EAC8D324.e.9186","ELEMENT":"f.1B562DAB7B69DB519EC194079547F9B8.d.F8F5FDFE418D2A005574A294EAC8D324.e.9186"}]}
COMMAND: POST /session/79d72962d9b70739fc8ce96689df7cf6/execute/sync - {"script":"<script> [5351 bytes]","args":[{"element-6066-11e4-a52e-4f735466cecf":"f.1B562DAB7B69DB519EC194079547F9B8.d.F8F5FDFE418D2A005574A294EAC8D324.e.9186","ELEMENT":"f.1B562DAB7B69DB519EC194079547F9B8.d.F8F5FDFE418D2A005574A294EAC8D324.e.9186"}]}
COMMAND: GET /session/79d72962d9b70739fc8ce96689df7cf6/screenshot - {}
RESULT: {"script":"<script> [5351 bytes]","args":[{"element-6066-11e4-a52e-4f735466cecf":"f.1B562DAB7B69DB519EC194079547F9B8.d.F8F5FDFE418D2A005574A294EAC8D324.e.9186","ELEMENT":"f.1B562DAB7B69DB519EC194079547F9B8.d.F8F5FDFE418D2A005574A294EAC8D324.e.9186"}]}
COMMAND: POST /session/79d72962d9b70739fc8ce96689df7cf6/element - {"using":"css selector","value":"#shell-header-logo"}
COMMAND: GET /session/79d72962d9b70739fc8ce96689df7cf6/screenshot - {}
RESULT: {}
RESULT: {"using":"css selector","value":"#shell-header-logo"}
COMMAND: POST /session/79d72962d9b70739fc8ce96689df7cf6/element/f.1B562DAB7B69DB519EC194079547F9B8.d.F8F5FDFE418D2A005574A294EAC8D324.e.9186/click - {}
RESULT: {}
RESULT: {}
COMMAND: GET /session/79d72962d9b70739fc8ce96689df7cf6/screenshot - {}
RESULT: {}
COMMAND: POST /session/79d72962d9b70739fc8ce96689df7cf6/execute/async - {"script":"<script> [189 bytes]","args":[]}
RESULT: {"script":"<script> [189 bytes]","args":[]}
COMMAND: POST /session/79d72962d9b70739fc8ce96689df7cf6/execute/async - {"script":"<script> [123 bytes]","args":[]}
RESULT: {"script":"<script> [123 bytes]","args":[]}
COMMAND: POST /session/79d72962d9b70739fc8ce96689df7cf6/timeouts - {"script":"<number>"}
RESULT: {"script":"<number>"}
COMMAND: GET /session/79d72962d9b70739fc8ce96689df7cf6/timeouts - {}
RESULT: {}
RESULT: undefined
COMMAND: POST /session/79d72962d9b70739fc8ce96689df7cf6/execute/async - {"script":"<script> [2676 bytes]","args":[]}
RESULT: {"script":"<script> [2676 bytes]","args":[]}
COMMAND: POST /session/79d72962d9b70739fc8ce96689df7cf6/execute/async - {"script":"<script> [2342 bytes]","args":[{"protocol":"http","hostname":"0.0.0.0","path":"/","capabilities":{"browserName":"chrome","goog:chromeOptions":{"binary":"C:\\Program Files\\Google\\Chrome\\Application\\chrome.exe","args":["--start-maximized"]}},"logLevel":"warn","connectionRetryTimeout":120000,"connectionRetryCount":3,"logLevels":{},"enableDirectConnect":true,"strictSSL":true,"_":"65 more keys: [\"cacheDir\",\"port\",\"requestedCapabilities\",\"automationProtocol\",\"baseUrl\",\"waitforInterval\",\"waitforTimeout\",\"onReload\",\"beforeCommand\",\"afterCommand\",\"rootDir\",\"specs\",\"suites\",\"exclude\",\"groupLogsByTestSpec\",\"excludeDriverLogs\",\"bail\",\"framework\",\"reporters\",\"services\",\"maxInstances\",\"maxInstancesPerCapability\",\"injectGlobals\",\"filesToWatch\",\"execArgv\",\"runnerEnv\",\"runner\",\"shard\",\"specFileRetries\",\"specFileRetriesDelay\",\"specFileRetriesDeferred\",\"reporterSyncInterval\",\"reporterSyncTimeout\",\"cucumberFeaturesWithLineNumbers\",\"autoCompileOpts\",\"mochaOpts\",\"jasmineOpts\",\"cucumberOpts\",\"onPrepare\",\"onWorkerStart\",\"onWorkerEnd\",\"before\",\"beforeSession\",\"beforeSuite\",\"beforeHook\",\"beforeTest\",\"afterTest\",\"afterHook\",\"afterSuite\",\"afterSession\",\"after\",\"onComplete\",\"beforeAssertion\",\"afterAssertion\",\"beforeFeature\",\"beforeScenario\",\"beforeStep\",\"afterStep\",\"afterScenario\",\"afterFeature\",\"_\",\"suite\",\"$0\",\"ignoredWorkerServices\",\"wdi5\"]"}]}
RESULT: {"script":"<script> [2342 bytes]","args":[{"protocol":"http","hostname":"0.0.0.0","path":"/","capabilities":{"browserName":"chrome","goog:chromeOptions":{"binary":"C:\\Program Files\\Google\\Chrome\\Application\\chrome.exe","args":["--start-maximized"]}},"logLevel":"warn","connectionRetryTimeout":120000,"connectionRetryCount":3,"logLevels":{},"enableDirectConnect":true,"strictSSL":true,"_":"65 more keys: [\"cacheDir\",\"port\",\"requestedCapabilities\",\"automationProtocol\",\"baseUrl\",\"waitforInterval\",\"waitforTimeout\",\"onReload\",\"beforeCommand\",\"afterCommand\",\"rootDir\",\"specs\",\"suites\",\"exclude\",\"groupLogsByTestSpec\",\"excludeDriverLogs\",\"bail\",\"framework\",\"reporters\",\"services\",\"maxInstances\",\"maxInstancesPerCapability\",\"injectGlobals\",\"filesToWatch\",\"execArgv\",\"runnerEnv\",\"runner\",\"shard\",\"specFileRetries\",\"specFileRetriesDelay\",\"specFileRetriesDeferred\",\"reporterSyncInterval\",\"reporterSyncTimeout\",\"cucumberFeaturesWithLineNumbers\",\"autoCompileOpts\",\"mochaOpts\",\"jasmineOpts\",\"cucumberOpts\",\"onPrepare\",\"onWorkerStart\",\"onWorkerEnd\",\"before\",\"beforeSession\",\"beforeSuite\",\"beforeHook\",\"beforeTest\",\"afterTest\",\"afterHook\",\"afterSuite\",\"afterSession\",\"after\",\"onComplete\",\"beforeAssertion\",\"afterAssertion\",\"beforeFeature\",\"beforeScenario\",\"beforeStep\",\"afterStep\",\"afterScenario\",\"afterFeature\",\"_\",\"suite\",\"$0\",\"ignoredWorkerServices\",\"wdi5\"]"}]}
COMMAND: POST /session/79d72962d9b70739fc8ce96689df7cf6/execute/async - {"script":"<script> [21126 bytes]","args":[35000]}
RESULT: {"script":"<script> [21126 bytes]","args":[35000]}
COMMAND: POST /session/79d72962d9b70739fc8ce96689df7cf6/window/maximize - {}
RESULT: {}
COMMAND: POST /session/79d72962d9b70739fc8ce96689df7cf6/execute/async - {"script":"<script> [1562 bytes]","args":[{"selector":{"id":"shell-header","interaction":{"idSuffix":"icon"}},"wdio_ui5_key":"shellheader"}]}
COMMAND: GET /session/79d72962d9b70739fc8ce96689df7cf6/screenshot - {}
RESULT: {"script":"<script> [1562 bytes]","args":[{"selector":{"id":"shell-header","interaction":{"idSuffix":"icon"}},"wdio_ui5_key":"shellheader"}]}
RESULT: undefined
COMMAND: POST /session/79d72962d9b70739fc8ce96689df7cf6/refresh - {}
RESULT: {}
RESULT: {}
COMMAND: GET /session/79d72962d9b70739fc8ce96689df7cf6/screenshot - {}
RESULT: {}
COMMAND: POST /session/79d72962d9b70739fc8ce96689df7cf6/refresh - {}
RESULT: {}
COMMAND: GET /session/79d72962d9b70739fc8ce96689df7cf6/screenshot - {}
RESULT: {}
COMMAND: POST /session/79d72962d9b70739fc8ce96689df7cf6/window/fullscreen - {}
RESULT: {}
COMMAND: POST /session/79d72962d9b70739fc8ce96689df7cf6/execute/async - {"script":"<script> [189 bytes]","args":[]}
RESULT: {"script":"<script> [189 bytes]","args":[]}
COMMAND: POST /session/79d72962d9b70739fc8ce96689df7cf6/execute/async - {"script":"<script> [123 bytes]","args":[]}
RESULT: {"script":"<script> [123 bytes]","args":[]}
COMMAND: POST /session/79d72962d9b70739fc8ce96689df7cf6/timeouts - {"script":"<number>"}
RESULT: {"script":"<number>"}
COMMAND: GET /session/79d72962d9b70739fc8ce96689df7cf6/timeouts - {}
RESULT: {}
RESULT: undefined
COMMAND: POST /session/79d72962d9b70739fc8ce96689df7cf6/execute/async - {"script":"<script> [2676 bytes]","args":[]}
RESULT: {"script":"<script> [2676 bytes]","args":[]}
COMMAND: POST /session/79d72962d9b70739fc8ce96689df7cf6/execute/async - {"script":"<script> [2342 bytes]","args":[{"protocol":"http","hostname":"0.0.0.0","path":"/","capabilities":{"browserName":"chrome","goog:chromeOptions":{"binary":"C:\\Program Files\\Google\\Chrome\\Application\\chrome.exe","args":["--start-maximized"]}},"logLevel":"warn","connectionRetryTimeout":120000,"connectionRetryCount":3,"logLevels":{},"enableDirectConnect":true,"strictSSL":true,"_":"65 more keys: [\"cacheDir\",\"port\",\"requestedCapabilities\",\"automationProtocol\",\"baseUrl\",\"waitforInterval\",\"waitforTimeout\",\"onReload\",\"beforeCommand\",\"afterCommand\",\"rootDir\",\"specs\",\"suites\",\"exclude\",\"groupLogsByTestSpec\",\"excludeDriverLogs\",\"bail\",\"framework\",\"reporters\",\"services\",\"maxInstances\",\"maxInstancesPerCapability\",\"injectGlobals\",\"filesToWatch\",\"execArgv\",\"runnerEnv\",\"runner\",\"shard\",\"specFileRetries\",\"specFileRetriesDelay\",\"specFileRetriesDeferred\",\"reporterSyncInterval\",\"reporterSyncTimeout\",\"cucumberFeaturesWithLineNumbers\",\"autoCompileOpts\",\"mochaOpts\",\"jasmineOpts\",\"cucumberOpts\",\"onPrepare\",\"onWorkerStart\",\"onWorkerEnd\",\"before\",\"beforeSession\",\"beforeSuite\",\"beforeHook\",\"beforeTest\",\"afterTest\",\"afterHook\",\"afterSuite\",\"afterSession\",\"after\",\"onComplete\",\"beforeAssertion\",\"afterAssertion\",\"beforeFeature\",\"beforeScenario\",\"beforeStep\",\"afterStep\",\"afterScenario\",\"afterFeature\",\"_\",\"suite\",\"$0\",\"ignoredWorkerServices\",\"wdi5\"]"}]}
RESULT: {"script":"<script> [2342 bytes]","args":[{"protocol":"http","hostname":"0.0.0.0","path":"/","capabilities":{"browserName":"chrome","goog:chromeOptions":{"binary":"C:\\Program Files\\Google\\Chrome\\Application\\chrome.exe","args":["--start-maximized"]}},"logLevel":"warn","connectionRetryTimeout":120000,"connectionRetryCount":3,"logLevels":{},"enableDirectConnect":true,"strictSSL":true,"_":"65 more keys: [\"cacheDir\",\"port\",\"requestedCapabilities\",\"automationProtocol\",\"baseUrl\",\"waitforInterval\",\"waitforTimeout\",\"onReload\",\"beforeCommand\",\"afterCommand\",\"rootDir\",\"specs\",\"suites\",\"exclude\",\"groupLogsByTestSpec\",\"excludeDriverLogs\",\"bail\",\"framework\",\"reporters\",\"services\",\"maxInstances\",\"maxInstancesPerCapability\",\"injectGlobals\",\"filesToWatch\",\"execArgv\",\"runnerEnv\",\"runner\",\"shard\",\"specFileRetries\",\"specFileRetriesDelay\",\"specFileRetriesDeferred\",\"reporterSyncInterval\",\"reporterSyncTimeout\",\"cucumberFeaturesWithLineNumbers\",\"autoCompileOpts\",\"mochaOpts\",\"jasmineOpts\",\"cucumberOpts\",\"onPrepare\",\"onWorkerStart\",\"onWorkerEnd\",\"before\",\"beforeSession\",\"beforeSuite\",\"beforeHook\",\"beforeTest\",\"afterTest\",\"afterHook\",\"afterSuite\",\"afterSession\",\"after\",\"onComplete\",\"beforeAssertion\",\"afterAssertion\",\"beforeFeature\",\"beforeScenario\",\"beforeStep\",\"afterStep\",\"afterScenario\",\"afterFeature\",\"_\",\"suite\",\"$0\",\"ignoredWorkerServices\",\"wdi5\"]"}]}
COMMAND: POST /session/79d72962d9b70739fc8ce96689df7cf6/execute/async - {"script":"<script> [21126 bytes]","args":[35000]}
RESULT: {"script":"<script> [21126 bytes]","args":[35000]}
]]></system-out>
    </testcase>
  </testsuite>
  <testsuite timestamp="2025-05-21T17:56:30" time="502.44" tests="4" failures="0" errors="0" skipped="0">
    <properties>
      <property name="specId" value="0"/>
      <property name="suiteName" value="Create partner US118246"/>
      <property name="capabilities" value="chrome.136_0_7103_93.windows"/>
      <property name="file" value="file:///D:/a/1/s/test/specs/BTS/create-partner.spec.js"/>
    </properties>
    <testcase classname="chrome.136_0_7103_93.windows.Create_partner_US118246" name="Should create a new yard in case create yard failed" time="130.181">
      <system-out><![CDATA[
COMMAND: POST /session/79d72962d9b70739fc8ce96689df7cf6/window/fullscreen - {}
RESULT: {}
COMMAND: POST /session/79d72962d9b70739fc8ce96689df7cf6/execute/async - {"script":"<script> [1562 bytes]","args":[{"selector":{"controlType":"sap.m.GenericTile","properties":{"header":"Manage Yards"}},"wdio_ui5_key":"sapm.GenericTile{\"header\":\"Manage Yards\"}"}]}
RESULT: {"script":"<script> [1562 bytes]","args":[{"selector":{"controlType":"sap.m.GenericTile","properties":{"header":"Manage Yards"}},"wdio_ui5_key":"sapm.GenericTile{\"header\":\"Manage Yards\"}"}]}
RESULT: undefined
COMMAND: POST /session/79d72962d9b70739fc8ce96689df7cf6/element - {"using":"xpath","value":"//*[@id=\"__tile41\"]"}
RESULT: {"using":"xpath","value":"//*[@id=\"__tile41\"]"}
COMMAND: POST /session/79d72962d9b70739fc8ce96689df7cf6/element/f.1B562DAB7B69DB519EC194079547F9B8.d.E77682B029F0E136825AFDEF2424FCDB.e.9350/click - {}
RESULT: {}
COMMAND: GET /session/79d72962d9b70739fc8ce96689df7cf6/screenshot - {}
RESULT: {}
COMMAND: POST /session/79d72962d9b70739fc8ce96689df7cf6/elements - {"using":"xpath","value":"//span[text()='Error']"}
RESULT: {"using":"xpath","value":"//span[text()='Error']"}
COMMAND: POST /session/79d72962d9b70739fc8ce96689df7cf6/element - {"using":"xpath","value":"//button[@data-kt=\"addNewYardOverflowToolbarButton\"]"}
RESULT: {"using":"xpath","value":"//button[@data-kt=\"addNewYardOverflowToolbarButton\"]"}
COMMAND: POST /session/79d72962d9b70739fc8ce96689df7cf6/elements - {"using":"xpath","value":"//button[@data-kt=\"addNewYardOverflowToolbarButton\"]"}
RESULT: {"using":"xpath","value":"//button[@data-kt=\"addNewYardOverflowToolbarButton\"]"}
COMMAND: POST /session/79d72962d9b70739fc8ce96689df7cf6/elements - {"using":"xpath","value":"//button[@data-kt=\"addNewYardOverflowToolbarButton\"]"}
RESULT: {"using":"xpath","value":"//button[@data-kt=\"addNewYardOverflowToolbarButton\"]"}
COMMAND: POST /session/79d72962d9b70739fc8ce96689df7cf6/elements - {"using":"xpath","value":"//button[@data-kt=\"addNewYardOverflowToolbarButton\"]"}
RESULT: {"using":"xpath","value":"//button[@data-kt=\"addNewYardOverflowToolbarButton\"]"}
COMMAND: POST /session/79d72962d9b70739fc8ce96689df7cf6/elements - {"using":"xpath","value":"//button[@data-kt=\"addNewYardOverflowToolbarButton\"]"}
RESULT: {"using":"xpath","value":"//button[@data-kt=\"addNewYardOverflowToolbarButton\"]"}
COMMAND: POST /session/79d72962d9b70739fc8ce96689df7cf6/elements - {"using":"xpath","value":"//button[@data-kt=\"addNewYardOverflowToolbarButton\"]"}
RESULT: {"using":"xpath","value":"//button[@data-kt=\"addNewYardOverflowToolbarButton\"]"}
COMMAND: POST /session/79d72962d9b70739fc8ce96689df7cf6/elements - {"using":"xpath","value":"//button[@data-kt=\"addNewYardOverflowToolbarButton\"]"}
RESULT: {"using":"xpath","value":"//button[@data-kt=\"addNewYardOverflowToolbarButton\"]"}
COMMAND: POST /session/79d72962d9b70739fc8ce96689df7cf6/elements - {"using":"xpath","value":"//button[@data-kt=\"addNewYardOverflowToolbarButton\"]"}
RESULT: {"using":"xpath","value":"//button[@data-kt=\"addNewYardOverflowToolbarButton\"]"}
COMMAND: POST /session/79d72962d9b70739fc8ce96689df7cf6/elements - {"using":"xpath","value":"//button[@data-kt=\"addNewYardOverflowToolbarButton\"]"}
RESULT: {"using":"xpath","value":"//button[@data-kt=\"addNewYardOverflowToolbarButton\"]"}
COMMAND: POST /session/79d72962d9b70739fc8ce96689df7cf6/elements - {"using":"xpath","value":"//button[@data-kt=\"addNewYardOverflowToolbarButton\"]"}
RESULT: {"using":"xpath","value":"//button[@data-kt=\"addNewYardOverflowToolbarButton\"]"}
COMMAND: POST /session/79d72962d9b70739fc8ce96689df7cf6/elements - {"using":"xpath","value":"//button[@data-kt=\"addNewYardOverflowToolbarButton\"]"}
RESULT: {"using":"xpath","value":"//button[@data-kt=\"addNewYardOverflowToolbarButton\"]"}
COMMAND: POST /session/79d72962d9b70739fc8ce96689df7cf6/elements - {"using":"xpath","value":"//button[@data-kt=\"addNewYardOverflowToolbarButton\"]"}
RESULT: {"using":"xpath","value":"//button[@data-kt=\"addNewYardOverflowToolbarButton\"]"}
COMMAND: POST /session/79d72962d9b70739fc8ce96689df7cf6/elements - {"using":"xpath","value":"//button[@data-kt=\"addNewYardOverflowToolbarButton\"]"}
RESULT: {"using":"xpath","value":"//button[@data-kt=\"addNewYardOverflowToolbarButton\"]"}
COMMAND: POST /session/79d72962d9b70739fc8ce96689df7cf6/elements - {"using":"xpath","value":"//button[@data-kt=\"addNewYardOverflowToolbarButton\"]"}
RESULT: {"using":"xpath","value":"//button[@data-kt=\"addNewYardOverflowToolbarButton\"]"}
COMMAND: POST /session/79d72962d9b70739fc8ce96689df7cf6/element - {"using":"xpath","value":"//button[@data-kt=\"addNewYardOverflowToolbarButton\"]"}
RESULT: {"using":"xpath","value":"//button[@data-kt=\"addNewYardOverflowToolbarButton\"]"}
COMMAND: POST /session/79d72962d9b70739fc8ce96689df7cf6/execute/sync - {"script":"<script> [8489 bytes]","args":[{"element-6066-11e4-a52e-4f735466cecf":"f.1B562DAB7B69DB519EC194079547F9B8.d.E77682B029F0E136825AFDEF2424FCDB.e.9478","ELEMENT":"f.1B562DAB7B69DB519EC194079547F9B8.d.E77682B029F0E136825AFDEF2424FCDB.e.9478"}]}
RESULT: {"script":"<script> [8489 bytes]","args":[{"element-6066-11e4-a52e-4f735466cecf":"f.1B562DAB7B69DB519EC194079547F9B8.d.E77682B029F0E136825AFDEF2424FCDB.e.9478","ELEMENT":"f.1B562DAB7B69DB519EC194079547F9B8.d.E77682B029F0E136825AFDEF2424FCDB.e.9478"}]}
COMMAND: GET /session/79d72962d9b70739fc8ce96689df7cf6/element/f.1B562DAB7B69DB519EC194079547F9B8.d.E77682B029F0E136825AFDEF2424FCDB.e.9478/enabled - {}
COMMAND: GET /session/79d72962d9b70739fc8ce96689df7cf6/screenshot - {}
RESULT: {}
COMMAND: POST /session/79d72962d9b70739fc8ce96689df7cf6/execute/sync - {"script":"<script> [8489 bytes]","args":[{"element-6066-11e4-a52e-4f735466cecf":"f.1B562DAB7B69DB519EC194079547F9B8.d.E77682B029F0E136825AFDEF2424FCDB.e.9478","ELEMENT":"f.1B562DAB7B69DB519EC194079547F9B8.d.E77682B029F0E136825AFDEF2424FCDB.e.9478"}]}
COMMAND: GET /session/79d72962d9b70739fc8ce96689df7cf6/screenshot - {}
RESULT: {}
RESULT: {"script":"<script> [8489 bytes]","args":[{"element-6066-11e4-a52e-4f735466cecf":"f.1B562DAB7B69DB519EC194079547F9B8.d.E77682B029F0E136825AFDEF2424FCDB.e.9478","ELEMENT":"f.1B562DAB7B69DB519EC194079547F9B8.d.E77682B029F0E136825AFDEF2424FCDB.e.9478"}]}
COMMAND: POST /session/79d72962d9b70739fc8ce96689df7cf6/execute/sync - {"script":"<script> [5351 bytes]","args":[{"element-6066-11e4-a52e-4f735466cecf":"f.1B562DAB7B69DB519EC194079547F9B8.d.E77682B029F0E136825AFDEF2424FCDB.e.9478","ELEMENT":"f.1B562DAB7B69DB519EC194079547F9B8.d.E77682B029F0E136825AFDEF2424FCDB.e.9478"}]}
COMMAND: GET /session/79d72962d9b70739fc8ce96689df7cf6/screenshot - {}
RESULT: {}
RESULT: {"script":"<script> [5351 bytes]","args":[{"element-6066-11e4-a52e-4f735466cecf":"f.1B562DAB7B69DB519EC194079547F9B8.d.E77682B029F0E136825AFDEF2424FCDB.e.9478","ELEMENT":"f.1B562DAB7B69DB519EC194079547F9B8.d.E77682B029F0E136825AFDEF2424FCDB.e.9478"}]}
COMMAND: POST /session/79d72962d9b70739fc8ce96689df7cf6/element/f.1B562DAB7B69DB519EC194079547F9B8.d.E77682B029F0E136825AFDEF2424FCDB.e.9478/click - {}
COMMAND: GET /session/79d72962d9b70739fc8ce96689df7cf6/screenshot - {}
RESULT: {}
RESULT: {}
COMMAND: GET /session/79d72962d9b70739fc8ce96689df7cf6/screenshot - {}
RESULT: {}
RESULT: {}
COMMAND: POST /session/79d72962d9b70739fc8ce96689df7cf6/element - {"using":"xpath","value":"//input[@id=\"application-manageyards-display-component---NewYard--yardId-inner\"]"}
RESULT: {"using":"xpath","value":"//input[@id=\"application-manageyards-display-component---NewYard--yardId-inner\"]"}
COMMAND: POST /session/79d72962d9b70739fc8ce96689df7cf6/element - {"using":"xpath","value":"//input[@id=\"application-manageyards-display-component---NewYard--yardId-inner\"]"}
RESULT: {"using":"xpath","value":"//input[@id=\"application-manageyards-display-component---NewYard--yardId-inner\"]"}
COMMAND: POST /session/79d72962d9b70739fc8ce96689df7cf6/execute/async - {"script":"<script> [1562 bytes]","args":[{"selector":{"id":"application-manageyards-display-component---NewYard--addressDetailDetailsName1","interaction":{"idSuffix":"inner"}},"wdio_ui5_key":"applicationmanageyards-display-component---NewYard--addressDetailDetailsName1"}]}
RESULT: {"script":"<script> [1562 bytes]","args":[{"selector":{"id":"application-manageyards-display-component---NewYard--addressDetailDetailsName1","interaction":{"idSuffix":"inner"}},"wdio_ui5_key":"applicationmanageyards-display-component---NewYard--addressDetailDetailsName1"}]}
RESULT: undefined
COMMAND: POST /session/79d72962d9b70739fc8ce96689df7cf6/execute/async - {"script":"<script> [776 bytes]","args":[{"enterText":"Intracompany Yard wdIO","selector":{"id":"application-manageyards-display-component---NewYard--addressDetailDetailsName1","interaction":{"idSuffix":"inner"}},"clearTextFirst":true,"interactionType":"ENTER_TEXT"}]}
RESULT: {"script":"<script> [776 bytes]","args":[{"enterText":"Intracompany Yard wdIO","selector":{"id":"application-manageyards-display-component---NewYard--addressDetailDetailsName1","interaction":{"idSuffix":"inner"}},"clearTextFirst":true,"interactionType":"ENTER_TEXT"}]}
COMMAND: POST /session/79d72962d9b70739fc8ce96689df7cf6/execute/async - {"script":"<script> [1562 bytes]","args":[{"selector":{"id":"application-manageyards-display-component---NewYard--addressDetailDetailsLanguage-arrow"},"wdio_ui5_key":"applicationmanageyards-display-component---NewYard--addressDetailDetailsLanguage-arrow"}]}
RESULT: {"script":"<script> [1562 bytes]","args":[{"selector":{"id":"application-manageyards-display-component---NewYard--addressDetailDetailsLanguage-arrow"},"wdio_ui5_key":"applicationmanageyards-display-component---NewYard--addressDetailDetailsLanguage-arrow"}]}
RESULT: undefined
COMMAND: POST /session/79d72962d9b70739fc8ce96689df7cf6/element - {"using":"xpath","value":"//*[@id=\"application-manageyards-display-component---NewYard--addressDetailDetailsLanguage-arrow\"]"}
RESULT: {"using":"xpath","value":"//*[@id=\"application-manageyards-display-component---NewYard--addressDetailDetailsLanguage-arrow\"]"}
COMMAND: POST /session/79d72962d9b70739fc8ce96689df7cf6/element/f.1B562DAB7B69DB519EC194079547F9B8.d.E77682B029F0E136825AFDEF2424FCDB.e.9917/click - {}
RESULT: {}
COMMAND: POST /session/79d72962d9b70739fc8ce96689df7cf6/element - {"using":"xpath","value":"//span[contains(text(), \"English\")]"}
COMMAND: GET /session/79d72962d9b70739fc8ce96689df7cf6/screenshot - {}
RESULT: {"using":"xpath","value":"//span[contains(text(), \"English\")]"}
COMMAND: POST /session/79d72962d9b70739fc8ce96689df7cf6/element/f.1B562DAB7B69DB519EC194079547F9B8.d.E77682B029F0E136825AFDEF2424FCDB.e.9918/click - {}
RESULT: {}
RESULT: {}
COMMAND: POST /session/79d72962d9b70739fc8ce96689df7cf6/execute/async - {"script":"<script> [1562 bytes]","args":[{"selector":{"id":"application-manageyards-display-component---NewYard--addressDetailDetailsCity1","interaction":{"idSuffix":"inner"}},"wdio_ui5_key":"applicationmanageyards-display-component---NewYard--addressDetailDetailsCity1"}]}
COMMAND: GET /session/79d72962d9b70739fc8ce96689df7cf6/screenshot - {}
RESULT: {"script":"<script> [1562 bytes]","args":[{"selector":{"id":"application-manageyards-display-component---NewYard--addressDetailDetailsCity1","interaction":{"idSuffix":"inner"}},"wdio_ui5_key":"applicationmanageyards-display-component---NewYard--addressDetailDetailsCity1"}]}
RESULT: undefined
COMMAND: POST /session/79d72962d9b70739fc8ce96689df7cf6/execute/async - {"script":"<script> [776 bytes]","args":[{"enterText":"Rosario","selector":{"id":"application-manageyards-display-component---NewYard--addressDetailDetailsCity1","interaction":{"idSuffix":"inner"}},"clearTextFirst":true,"interactionType":"ENTER_TEXT"}]}
RESULT: {}
RESULT: {"script":"<script> [776 bytes]","args":[{"enterText":"Rosario","selector":{"id":"application-manageyards-display-component---NewYard--addressDetailDetailsCity1","interaction":{"idSuffix":"inner"}},"clearTextFirst":true,"interactionType":"ENTER_TEXT"}]}
COMMAND: POST /session/79d72962d9b70739fc8ce96689df7cf6/execute/async - {"script":"<script> [1562 bytes]","args":[{"selector":{"id":"application-manageyards-display-component---NewYard--addressDetailDetailsCountry-arrow"},"wdio_ui5_key":"applicationmanageyards-display-component---NewYard--addressDetailDetailsCountry-arrow"}]}
RESULT: {"script":"<script> [1562 bytes]","args":[{"selector":{"id":"application-manageyards-display-component---NewYard--addressDetailDetailsCountry-arrow"},"wdio_ui5_key":"applicationmanageyards-display-component---NewYard--addressDetailDetailsCountry-arrow"}]}
RESULT: undefined
COMMAND: POST /session/79d72962d9b70739fc8ce96689df7cf6/element - {"using":"xpath","value":"//*[@id=\"application-manageyards-display-component---NewYard--addressDetailDetailsCountry-arrow\"]"}
RESULT: {"using":"xpath","value":"//*[@id=\"application-manageyards-display-component---NewYard--addressDetailDetailsCountry-arrow\"]"}
COMMAND: POST /session/79d72962d9b70739fc8ce96689df7cf6/element/f.1B562DAB7B69DB519EC194079547F9B8.d.E77682B029F0E136825AFDEF2424FCDB.e.9920/click - {}
RESULT: {}
COMMAND: POST /session/79d72962d9b70739fc8ce96689df7cf6/element - {"using":"xpath","value":"//span[contains(text(), \"Argentina\")]"}
COMMAND: GET /session/79d72962d9b70739fc8ce96689df7cf6/screenshot - {}
RESULT: {"using":"xpath","value":"//span[contains(text(), \"Argentina\")]"}
COMMAND: POST /session/79d72962d9b70739fc8ce96689df7cf6/element/f.1B562DAB7B69DB519EC194079547F9B8.d.E77682B029F0E136825AFDEF2424FCDB.e.9921/click - {}
RESULT: {}
RESULT: {}
COMMAND: POST /session/79d72962d9b70739fc8ce96689df7cf6/execute/async - {"script":"<script> [1562 bytes]","args":[{"selector":{"id":"application-manageyards-display-component---NewYard--addressEditDetailsCostObjectCstType-arrow"},"wdio_ui5_key":"applicationmanageyards-display-component---NewYard--addressEditDetailsCostObjectCstType-arrow"}]}
COMMAND: GET /session/79d72962d9b70739fc8ce96689df7cf6/screenshot - {}
RESULT: {"script":"<script> [1562 bytes]","args":[{"selector":{"id":"application-manageyards-display-component---NewYard--addressEditDetailsCostObjectCstType-arrow"},"wdio_ui5_key":"applicationmanageyards-display-component---NewYard--addressEditDetailsCostObjectCstType-arrow"}]}
RESULT: undefined
COMMAND: POST /session/79d72962d9b70739fc8ce96689df7cf6/element - {"using":"xpath","value":"//*[@id=\"application-manageyards-display-component---NewYard--addressEditDetailsCostObjectCstType-arrow\"]"}
RESULT: {}
RESULT: {"using":"xpath","value":"//*[@id=\"application-manageyards-display-component---NewYard--addressEditDetailsCostObjectCstType-arrow\"]"}
COMMAND: POST /session/79d72962d9b70739fc8ce96689df7cf6/element/f.1B562DAB7B69DB519EC194079547F9B8.d.E77682B029F0E136825AFDEF2424FCDB.e.9923/click - {}
RESULT: {}
COMMAND: POST /session/79d72962d9b70739fc8ce96689df7cf6/element - {"using":"xpath","value":"//span[contains(text(), \"Cost Center\")]"}
COMMAND: GET /session/79d72962d9b70739fc8ce96689df7cf6/screenshot - {}
RESULT: {"using":"xpath","value":"//span[contains(text(), \"Cost Center\")]"}
COMMAND: POST /session/79d72962d9b70739fc8ce96689df7cf6/element/f.1B562DAB7B69DB519EC194079547F9B8.d.E77682B029F0E136825AFDEF2424FCDB.e.9924/click - {}
RESULT: {}
RESULT: {}
COMMAND: GET /session/79d72962d9b70739fc8ce96689df7cf6/screenshot - {}
RESULT: {}
COMMAND: POST /session/79d72962d9b70739fc8ce96689df7cf6/element - {"using":"xpath","value":"//span[@id=\"application-manageyards-display-component---NewYard--addressNewCostObjectCstID-vhi\"]"}
RESULT: {"using":"xpath","value":"//span[@id=\"application-manageyards-display-component---NewYard--addressNewCostObjectCstID-vhi\"]"}
COMMAND: POST /session/79d72962d9b70739fc8ce96689df7cf6/execute/sync - {"script":"<script> [8489 bytes]","args":[{"element-6066-11e4-a52e-4f735466cecf":"f.1B562DAB7B69DB519EC194079547F9B8.d.E77682B029F0E136825AFDEF2424FCDB.e.9928","ELEMENT":"f.1B562DAB7B69DB519EC194079547F9B8.d.E77682B029F0E136825AFDEF2424FCDB.e.9928"}]}
RESULT: {"script":"<script> [8489 bytes]","args":[{"element-6066-11e4-a52e-4f735466cecf":"f.1B562DAB7B69DB519EC194079547F9B8.d.E77682B029F0E136825AFDEF2424FCDB.e.9928","ELEMENT":"f.1B562DAB7B69DB519EC194079547F9B8.d.E77682B029F0E136825AFDEF2424FCDB.e.9928"}]}
COMMAND: POST /session/79d72962d9b70739fc8ce96689df7cf6/execute/async - {"script":"<script> [1562 bytes]","args":[{"selector":{"id":"application-manageyards-display-component---NewYard--addressNewCostObjectCstID-vhi"},"wdio_ui5_key":"applicationmanageyards-display-component---NewYard--addressNewCostObjectCstID-vhi"}]}
COMMAND: GET /session/79d72962d9b70739fc8ce96689df7cf6/screenshot - {}
RESULT: {"script":"<script> [1562 bytes]","args":[{"selector":{"id":"application-manageyards-display-component---NewYard--addressNewCostObjectCstID-vhi"},"wdio_ui5_key":"applicationmanageyards-display-component---NewYard--addressNewCostObjectCstID-vhi"}]}
RESULT: undefined
COMMAND: POST /session/79d72962d9b70739fc8ce96689df7cf6/element - {"using":"xpath","value":"//*[@id=\"application-manageyards-display-component---NewYard--addressNewCostObjectCstID-vhi\"]"}
RESULT: {}
RESULT: {"using":"xpath","value":"//*[@id=\"application-manageyards-display-component---NewYard--addressNewCostObjectCstID-vhi\"]"}
COMMAND: POST /session/79d72962d9b70739fc8ce96689df7cf6/element/f.1B562DAB7B69DB519EC194079547F9B8.d.E77682B029F0E136825AFDEF2424FCDB.e.9928/click - {}
RESULT: {}
COMMAND: GET /session/79d72962d9b70739fc8ce96689df7cf6/screenshot - {}
RESULT: {}
COMMAND: POST /session/79d72962d9b70739fc8ce96689df7cf6/execute/async - {"script":"<script> [1562 bytes]","args":[{"selector":{"controlType":"sap.m.SearchField","properties":{"placeholder":"Search"},"searchOpenDialogs":true,"interaction":{"idSuffix":"I"}},"wdio_ui5_key":"sapm.SearchField{\"placeholder\":\"Search\"}"}]}
RESULT: {"script":"<script> [1562 bytes]","args":[{"selector":{"controlType":"sap.m.SearchField","properties":{"placeholder":"Search"},"searchOpenDialogs":true,"interaction":{"idSuffix":"I"}},"wdio_ui5_key":"sapm.SearchField{\"placeholder\":\"Search\"}"}]}
RESULT: undefined
COMMAND: POST /session/79d72962d9b70739fc8ce96689df7cf6/execute/async - {"script":"<script> [776 bytes]","args":[{"enterText":"bauh_b","selector":{"controlType":"sap.m.SearchField","properties":{"placeholder":"Search"},"searchOpenDialogs":true,"interaction":{"idSuffix":"I"}},"clearTextFirst":true,"interactionType":"ENTER_TEXT"}]}
RESULT: {"script":"<script> [776 bytes]","args":[{"enterText":"bauh_b","selector":{"controlType":"sap.m.SearchField","properties":{"placeholder":"Search"},"searchOpenDialogs":true,"interaction":{"idSuffix":"I"}},"clearTextFirst":true,"interactionType":"ENTER_TEXT"}]}
COMMAND: POST /session/79d72962d9b70739fc8ce96689df7cf6/actions - {"actions":[{"id":"action26","type":"key","parameters":{},"actions":[{"type":"keyDown","value":""},{"type":"pause","duration":10},{"type":"keyUp","value":""}]}]}
RESULT: {"actions":[{"id":"action26","type":"key","parameters":{},"actions":[{"type":"keyDown","value":""},{"type":"pause","duration":10},{"type":"keyUp","value":""}]}]}
COMMAND: GET /session/79d72962d9b70739fc8ce96689df7cf6/screenshot - {}
RESULT: {}
COMMAND: POST /session/79d72962d9b70739fc8ce96689df7cf6/element - {"using":"xpath","value":"//span[contains(text(), \"Demo Yard\")]"}
RESULT: {"using":"xpath","value":"//span[contains(text(), \"Demo Yard\")]"}
COMMAND: POST /session/79d72962d9b70739fc8ce96689df7cf6/element/f.1B562DAB7B69DB519EC194079547F9B8.d.E77682B029F0E136825AFDEF2424FCDB.e.9969/click - {}
RESULT: {}
COMMAND: GET /session/79d72962d9b70739fc8ce96689df7cf6/screenshot - {}
RESULT: {}
COMMAND: POST /session/79d72962d9b70739fc8ce96689df7cf6/element - {"using":"xpath","value":"//bdi[contains(text(), \"OK\")]"}
RESULT: {"using":"xpath","value":"//bdi[contains(text(), \"OK\")]"}
COMMAND: POST /session/79d72962d9b70739fc8ce96689df7cf6/element/f.1B562DAB7B69DB519EC194079547F9B8.d.E77682B029F0E136825AFDEF2424FCDB.e.9970/click - {}
RESULT: {}
COMMAND: GET /session/79d72962d9b70739fc8ce96689df7cf6/screenshot - {}
RESULT: {}
COMMAND: POST /session/79d72962d9b70739fc8ce96689df7cf6/execute/async - {"script":"<script> [1562 bytes]","args":[{"selector":{"id":"application-manageyards-display-component---NewYard--addressEditDetailsCurrency-arrow"},"wdio_ui5_key":"applicationmanageyards-display-component---NewYard--addressEditDetailsCurrency-arrow"}]}
RESULT: {"script":"<script> [1562 bytes]","args":[{"selector":{"id":"application-manageyards-display-component---NewYard--addressEditDetailsCurrency-arrow"},"wdio_ui5_key":"applicationmanageyards-display-component---NewYard--addressEditDetailsCurrency-arrow"}]}
RESULT: undefined
COMMAND: POST /session/79d72962d9b70739fc8ce96689df7cf6/element - {"using":"xpath","value":"//*[@id=\"application-manageyards-display-component---NewYard--addressEditDetailsCurrency-arrow\"]"}
RESULT: {"using":"xpath","value":"//*[@id=\"application-manageyards-display-component---NewYard--addressEditDetailsCurrency-arrow\"]"}
COMMAND: POST /session/79d72962d9b70739fc8ce96689df7cf6/element/f.1B562DAB7B69DB519EC194079547F9B8.d.E77682B029F0E136825AFDEF2424FCDB.e.9973/click - {}
RESULT: {}
COMMAND: POST /session/79d72962d9b70739fc8ce96689df7cf6/element - {"using":"xpath","value":"//span[contains(text(), \"Euro\")]"}
COMMAND: GET /session/79d72962d9b70739fc8ce96689df7cf6/screenshot - {}
RESULT: {"using":"xpath","value":"//span[contains(text(), \"Euro\")]"}
COMMAND: POST /session/79d72962d9b70739fc8ce96689df7cf6/element/f.1B562DAB7B69DB519EC194079547F9B8.d.E77682B029F0E136825AFDEF2424FCDB.e.9974/click - {}
RESULT: {}
RESULT: {}
COMMAND: POST /session/79d72962d9b70739fc8ce96689df7cf6/execute/async - {"script":"<script> [1562 bytes]","args":[{"selector":{"controlType":"sap.m.Input","viewName":"etm.portal.ui.manageyards.view.New","viewId":"application-manageyards-display-component---NewYard","bindingPath":{"path":"","propertyPath":"/CONTROLLING_AREA","modelName":"NewYardModel"},"interaction":{"idSuffix":"inner"}},"wdio_ui5_key":"etmportal.ui.manageyards.view.Newsap.m.Input{\"path\":\"\",\"propertyPath\":\"/CONTROLLING_AREA\",\"modelName\":\"NewYardModel\"}"}]}
COMMAND: GET /session/79d72962d9b70739fc8ce96689df7cf6/screenshot - {}
RESULT: {"script":"<script> [1562 bytes]","args":[{"selector":{"controlType":"sap.m.Input","viewName":"etm.portal.ui.manageyards.view.New","viewId":"application-manageyards-display-component---NewYard","bindingPath":{"path":"","propertyPath":"/CONTROLLING_AREA","modelName":"NewYardModel"},"interaction":{"idSuffix":"inner"}},"wdio_ui5_key":"etmportal.ui.manageyards.view.Newsap.m.Input{\"path\":\"\",\"propertyPath\":\"/CONTROLLING_AREA\",\"modelName\":\"NewYardModel\"}"}]}
RESULT: undefined
COMMAND: POST /session/79d72962d9b70739fc8ce96689df7cf6/execute/async - {"script":"<script> [776 bytes]","args":[{"enterText":"Z001","selector":{"controlType":"sap.m.Input","viewName":"etm.portal.ui.manageyards.view.New","viewId":"application-manageyards-display-component---NewYard","bindingPath":{"path":"","propertyPath":"/CONTROLLING_AREA","modelName":"NewYardModel"},"interaction":{"idSuffix":"inner"}},"clearTextFirst":true,"interactionType":"ENTER_TEXT"}]}
RESULT: {}
RESULT: {"script":"<script> [776 bytes]","args":[{"enterText":"Z001","selector":{"controlType":"sap.m.Input","viewName":"etm.portal.ui.manageyards.view.New","viewId":"application-manageyards-display-component---NewYard","bindingPath":{"path":"","propertyPath":"/CONTROLLING_AREA","modelName":"NewYardModel"},"interaction":{"idSuffix":"inner"}},"clearTextFirst":true,"interactionType":"ENTER_TEXT"}]}
COMMAND: POST /session/79d72962d9b70739fc8ce96689df7cf6/execute/async - {"script":"<script> [1562 bytes]","args":[{"selector":{"id":"application-manageyards-display-component---NewYard--companyCodeComboBox","interaction":{"idSuffix":"inner"}},"wdio_ui5_key":"applicationmanageyards-display-component---NewYard--companyCodeComboBox"}]}
RESULT: {"script":"<script> [1562 bytes]","args":[{"selector":{"id":"application-manageyards-display-component---NewYard--companyCodeComboBox","interaction":{"idSuffix":"inner"}},"wdio_ui5_key":"applicationmanageyards-display-component---NewYard--companyCodeComboBox"}]}
RESULT: undefined
COMMAND: POST /session/79d72962d9b70739fc8ce96689df7cf6/execute/async - {"script":"<script> [776 bytes]","args":[{"enterText":"1000","selector":{"id":"application-manageyards-display-component---NewYard--companyCodeComboBox","interaction":{"idSuffix":"inner"}},"clearTextFirst":true,"interactionType":"ENTER_TEXT"}]}
RESULT: {"script":"<script> [776 bytes]","args":[{"enterText":"1000","selector":{"id":"application-manageyards-display-component---NewYard--companyCodeComboBox","interaction":{"idSuffix":"inner"}},"clearTextFirst":true,"interactionType":"ENTER_TEXT"}]}
COMMAND: POST /session/79d72962d9b70739fc8ce96689df7cf6/execute/async - {"script":"<script> [1562 bytes]","args":[{"selector":{"controlType":"sap.m.Input","viewName":"etm.portal.ui.manageyards.view.New","viewId":"application-manageyards-display-component---NewYard","bindingPath":{"path":"","propertyPath":"/PLANT","modelName":"NewYardModel"},"interaction":{"idSuffix":"inner"}},"wdio_ui5_key":"etmportal.ui.manageyards.view.Newsap.m.Input{\"path\":\"\",\"propertyPath\":\"/PLANT\",\"modelName\":\"NewYardModel\"}"}]}
RESULT: {"script":"<script> [1562 bytes]","args":[{"selector":{"controlType":"sap.m.Input","viewName":"etm.portal.ui.manageyards.view.New","viewId":"application-manageyards-display-component---NewYard","bindingPath":{"path":"","propertyPath":"/PLANT","modelName":"NewYardModel"},"interaction":{"idSuffix":"inner"}},"wdio_ui5_key":"etmportal.ui.manageyards.view.Newsap.m.Input{\"path\":\"\",\"propertyPath\":\"/PLANT\",\"modelName\":\"NewYardModel\"}"}]}
RESULT: undefined
COMMAND: POST /session/79d72962d9b70739fc8ce96689df7cf6/execute/async - {"script":"<script> [776 bytes]","args":[{"enterText":"1001","selector":{"controlType":"sap.m.Input","viewName":"etm.portal.ui.manageyards.view.New","viewId":"application-manageyards-display-component---NewYard","bindingPath":{"path":"","propertyPath":"/PLANT","modelName":"NewYardModel"},"interaction":{"idSuffix":"inner"}},"clearTextFirst":true,"interactionType":"ENTER_TEXT"}]}
RESULT: {"script":"<script> [776 bytes]","args":[{"enterText":"1001","selector":{"controlType":"sap.m.Input","viewName":"etm.portal.ui.manageyards.view.New","viewId":"application-manageyards-display-component---NewYard","bindingPath":{"path":"","propertyPath":"/PLANT","modelName":"NewYardModel"},"interaction":{"idSuffix":"inner"}},"clearTextFirst":true,"interactionType":"ENTER_TEXT"}]}
COMMAND: POST /session/79d72962d9b70739fc8ce96689df7cf6/execute/async - {"script":"<script> [1562 bytes]","args":[{"selector":{"controlType":"sap.m.Input","viewName":"etm.portal.ui.manageyards.view.New","viewId":"application-manageyards-display-component---NewYard","bindingPath":{"path":"","propertyPath":"/SALES_AREA_VKORG","modelName":"NewYardModel"},"interaction":{"idSuffix":"inner"}},"wdio_ui5_key":"etmportal.ui.manageyards.view.Newsap.m.Input{\"path\":\"\",\"propertyPath\":\"/SALES_AREA_VKORG\",\"modelName\":\"NewYardModel\"}"}]}
RESULT: {"script":"<script> [1562 bytes]","args":[{"selector":{"controlType":"sap.m.Input","viewName":"etm.portal.ui.manageyards.view.New","viewId":"application-manageyards-display-component---NewYard","bindingPath":{"path":"","propertyPath":"/SALES_AREA_VKORG","modelName":"NewYardModel"},"interaction":{"idSuffix":"inner"}},"wdio_ui5_key":"etmportal.ui.manageyards.view.Newsap.m.Input{\"path\":\"\",\"propertyPath\":\"/SALES_AREA_VKORG\",\"modelName\":\"NewYardModel\"}"}]}
RESULT: undefined
COMMAND: POST /session/79d72962d9b70739fc8ce96689df7cf6/execute/async - {"script":"<script> [776 bytes]","args":[{"enterText":"C002","selector":{"controlType":"sap.m.Input","viewName":"etm.portal.ui.manageyards.view.New","viewId":"application-manageyards-display-component---NewYard","bindingPath":{"path":"","propertyPath":"/SALES_AREA_VKORG","modelName":"NewYardModel"},"interaction":{"idSuffix":"inner"}},"clearTextFirst":true,"interactionType":"ENTER_TEXT"}]}
RESULT: {"script":"<script> [776 bytes]","args":[{"enterText":"C002","selector":{"controlType":"sap.m.Input","viewName":"etm.portal.ui.manageyards.view.New","viewId":"application-manageyards-display-component---NewYard","bindingPath":{"path":"","propertyPath":"/SALES_AREA_VKORG","modelName":"NewYardModel"},"interaction":{"idSuffix":"inner"}},"clearTextFirst":true,"interactionType":"ENTER_TEXT"}]}
COMMAND: POST /session/79d72962d9b70739fc8ce96689df7cf6/execute/async - {"script":"<script> [1562 bytes]","args":[{"selector":{"controlType":"sap.m.Input","viewName":"etm.portal.ui.manageyards.view.New","viewId":"application-manageyards-display-component---NewYard","bindingPath":{"path":"","propertyPath":"/SALES_AREA_VTWEG","modelName":"NewYardModel"},"interaction":{"idSuffix":"inner"}},"wdio_ui5_key":"etmportal.ui.manageyards.view.Newsap.m.Input{\"path\":\"\",\"propertyPath\":\"/SALES_AREA_VTWEG\",\"modelName\":\"NewYardModel\"}"}]}
RESULT: {"script":"<script> [1562 bytes]","args":[{"selector":{"controlType":"sap.m.Input","viewName":"etm.portal.ui.manageyards.view.New","viewId":"application-manageyards-display-component---NewYard","bindingPath":{"path":"","propertyPath":"/SALES_AREA_VTWEG","modelName":"NewYardModel"},"interaction":{"idSuffix":"inner"}},"wdio_ui5_key":"etmportal.ui.manageyards.view.Newsap.m.Input{\"path\":\"\",\"propertyPath\":\"/SALES_AREA_VTWEG\",\"modelName\":\"NewYardModel\"}"}]}
RESULT: undefined
COMMAND: POST /session/79d72962d9b70739fc8ce96689df7cf6/execute/async - {"script":"<script> [776 bytes]","args":[{"enterText":"C2","selector":{"controlType":"sap.m.Input","viewName":"etm.portal.ui.manageyards.view.New","viewId":"application-manageyards-display-component---NewYard","bindingPath":{"path":"","propertyPath":"/SALES_AREA_VTWEG","modelName":"NewYardModel"},"interaction":{"idSuffix":"inner"}},"clearTextFirst":true,"interactionType":"ENTER_TEXT"}]}
RESULT: {"script":"<script> [776 bytes]","args":[{"enterText":"C2","selector":{"controlType":"sap.m.Input","viewName":"etm.portal.ui.manageyards.view.New","viewId":"application-manageyards-display-component---NewYard","bindingPath":{"path":"","propertyPath":"/SALES_AREA_VTWEG","modelName":"NewYardModel"},"interaction":{"idSuffix":"inner"}},"clearTextFirst":true,"interactionType":"ENTER_TEXT"}]}
COMMAND: POST /session/79d72962d9b70739fc8ce96689df7cf6/execute/async - {"script":"<script> [1562 bytes]","args":[{"selector":{"controlType":"sap.m.Input","viewName":"etm.portal.ui.manageyards.view.New","viewId":"application-manageyards-display-component---NewYard","bindingPath":{"path":"","propertyPath":"/SALES_AREA_SPART","modelName":"NewYardModel"},"interaction":{"idSuffix":"inner"}},"wdio_ui5_key":"etmportal.ui.manageyards.view.Newsap.m.Input{\"path\":\"\",\"propertyPath\":\"/SALES_AREA_SPART\",\"modelName\":\"NewYardModel\"}"}]}
RESULT: {"script":"<script> [1562 bytes]","args":[{"selector":{"controlType":"sap.m.Input","viewName":"etm.portal.ui.manageyards.view.New","viewId":"application-manageyards-display-component---NewYard","bindingPath":{"path":"","propertyPath":"/SALES_AREA_SPART","modelName":"NewYardModel"},"interaction":{"idSuffix":"inner"}},"wdio_ui5_key":"etmportal.ui.manageyards.view.Newsap.m.Input{\"path\":\"\",\"propertyPath\":\"/SALES_AREA_SPART\",\"modelName\":\"NewYardModel\"}"}]}
RESULT: undefined
COMMAND: POST /session/79d72962d9b70739fc8ce96689df7cf6/execute/async - {"script":"<script> [776 bytes]","args":[{"enterText":"C2","selector":{"controlType":"sap.m.Input","viewName":"etm.portal.ui.manageyards.view.New","viewId":"application-manageyards-display-component---NewYard","bindingPath":{"path":"","propertyPath":"/SALES_AREA_SPART","modelName":"NewYardModel"},"interaction":{"idSuffix":"inner"}},"clearTextFirst":true,"interactionType":"ENTER_TEXT"}]}
RESULT: {"script":"<script> [776 bytes]","args":[{"enterText":"C2","selector":{"controlType":"sap.m.Input","viewName":"etm.portal.ui.manageyards.view.New","viewId":"application-manageyards-display-component---NewYard","bindingPath":{"path":"","propertyPath":"/SALES_AREA_SPART","modelName":"NewYardModel"},"interaction":{"idSuffix":"inner"}},"clearTextFirst":true,"interactionType":"ENTER_TEXT"}]}
COMMAND: POST /session/79d72962d9b70739fc8ce96689df7cf6/execute/async - {"script":"<script> [1562 bytes]","args":[{"selector":{"controlType":"sap.m.Input","viewName":"etm.portal.ui.manageyards.view.New","viewId":"application-manageyards-display-component---NewYard","bindingPath":{"path":"","propertyPath":"/SHIP_POINT","modelName":"NewYardModel"},"interaction":{"idSuffix":"inner"}},"wdio_ui5_key":"etmportal.ui.manageyards.view.Newsap.m.Input{\"path\":\"\",\"propertyPath\":\"/SHIP_POINT\",\"modelName\":\"NewYardModel\"}"}]}
RESULT: {"script":"<script> [1562 bytes]","args":[{"selector":{"controlType":"sap.m.Input","viewName":"etm.portal.ui.manageyards.view.New","viewId":"application-manageyards-display-component---NewYard","bindingPath":{"path":"","propertyPath":"/SHIP_POINT","modelName":"NewYardModel"},"interaction":{"idSuffix":"inner"}},"wdio_ui5_key":"etmportal.ui.manageyards.view.Newsap.m.Input{\"path\":\"\",\"propertyPath\":\"/SHIP_POINT\",\"modelName\":\"NewYardModel\"}"}]}
RESULT: undefined
COMMAND: POST /session/79d72962d9b70739fc8ce96689df7cf6/execute/async - {"script":"<script> [776 bytes]","args":[{"enterText":"1710","selector":{"controlType":"sap.m.Input","viewName":"etm.portal.ui.manageyards.view.New","viewId":"application-manageyards-display-component---NewYard","bindingPath":{"path":"","propertyPath":"/SHIP_POINT","modelName":"NewYardModel"},"interaction":{"idSuffix":"inner"}},"clearTextFirst":true,"interactionType":"ENTER_TEXT"}]}
RESULT: {"script":"<script> [776 bytes]","args":[{"enterText":"1710","selector":{"controlType":"sap.m.Input","viewName":"etm.portal.ui.manageyards.view.New","viewId":"application-manageyards-display-component---NewYard","bindingPath":{"path":"","propertyPath":"/SHIP_POINT","modelName":"NewYardModel"},"interaction":{"idSuffix":"inner"}},"clearTextFirst":true,"interactionType":"ENTER_TEXT"}]}
COMMAND: POST /session/79d72962d9b70739fc8ce96689df7cf6/execute/async - {"script":"<script> [1562 bytes]","args":[{"selector":{"controlType":"sap.m.Input","viewName":"etm.portal.ui.manageyards.view.New","viewId":"application-manageyards-display-component---NewYard","bindingPath":{"path":"","propertyPath":"/DELIVERY_TYPE","modelName":"NewYardModel"},"interaction":{"idSuffix":"inner"}},"wdio_ui5_key":"etmportal.ui.manageyards.view.Newsap.m.Input{\"path\":\"\",\"propertyPath\":\"/DELIVERY_TYPE\",\"modelName\":\"NewYardModel\"}"}]}
RESULT: {"script":"<script> [1562 bytes]","args":[{"selector":{"controlType":"sap.m.Input","viewName":"etm.portal.ui.manageyards.view.New","viewId":"application-manageyards-display-component---NewYard","bindingPath":{"path":"","propertyPath":"/DELIVERY_TYPE","modelName":"NewYardModel"},"interaction":{"idSuffix":"inner"}},"wdio_ui5_key":"etmportal.ui.manageyards.view.Newsap.m.Input{\"path\":\"\",\"propertyPath\":\"/DELIVERY_TYPE\",\"modelName\":\"NewYardModel\"}"}]}
RESULT: undefined
COMMAND: POST /session/79d72962d9b70739fc8ce96689df7cf6/execute/async - {"script":"<script> [776 bytes]","args":[{"enterText":"ZL01","selector":{"controlType":"sap.m.Input","viewName":"etm.portal.ui.manageyards.view.New","viewId":"application-manageyards-display-component---NewYard","bindingPath":{"path":"","propertyPath":"/DELIVERY_TYPE","modelName":"NewYardModel"},"interaction":{"idSuffix":"inner"}},"clearTextFirst":true,"interactionType":"ENTER_TEXT"}]}
RESULT: {"script":"<script> [776 bytes]","args":[{"enterText":"ZL01","selector":{"controlType":"sap.m.Input","viewName":"etm.portal.ui.manageyards.view.New","viewId":"application-manageyards-display-component---NewYard","bindingPath":{"path":"","propertyPath":"/DELIVERY_TYPE","modelName":"NewYardModel"},"interaction":{"idSuffix":"inner"}},"clearTextFirst":true,"interactionType":"ENTER_TEXT"}]}
COMMAND: POST /session/79d72962d9b70739fc8ce96689df7cf6/execute/async - {"script":"<script> [1562 bytes]","args":[{"selector":{"controlType":"sap.m.Input","viewName":"etm.portal.ui.manageyards.view.New","viewId":"application-manageyards-display-component---NewYard","bindingPath":{"path":"","propertyPath":"/AUART","modelName":"NewYardModel"},"interaction":{"idSuffix":"inner"}},"wdio_ui5_key":"etmportal.ui.manageyards.view.Newsap.m.Input{\"path\":\"\",\"propertyPath\":\"/AUART\",\"modelName\":\"NewYardModel\"}"}]}
RESULT: {"script":"<script> [1562 bytes]","args":[{"selector":{"controlType":"sap.m.Input","viewName":"etm.portal.ui.manageyards.view.New","viewId":"application-manageyards-display-component---NewYard","bindingPath":{"path":"","propertyPath":"/AUART","modelName":"NewYardModel"},"interaction":{"idSuffix":"inner"}},"wdio_ui5_key":"etmportal.ui.manageyards.view.Newsap.m.Input{\"path\":\"\",\"propertyPath\":\"/AUART\",\"modelName\":\"NewYardModel\"}"}]}
RESULT: undefined
COMMAND: POST /session/79d72962d9b70739fc8ce96689df7cf6/execute/async - {"script":"<script> [776 bytes]","args":[{"enterText":"TA","selector":{"controlType":"sap.m.Input","viewName":"etm.portal.ui.manageyards.view.New","viewId":"application-manageyards-display-component---NewYard","bindingPath":{"path":"","propertyPath":"/AUART","modelName":"NewYardModel"},"interaction":{"idSuffix":"inner"}},"clearTextFirst":true,"interactionType":"ENTER_TEXT"}]}
RESULT: {"script":"<script> [776 bytes]","args":[{"enterText":"TA","selector":{"controlType":"sap.m.Input","viewName":"etm.portal.ui.manageyards.view.New","viewId":"application-manageyards-display-component---NewYard","bindingPath":{"path":"","propertyPath":"/AUART","modelName":"NewYardModel"},"interaction":{"idSuffix":"inner"}},"clearTextFirst":true,"interactionType":"ENTER_TEXT"}]}
COMMAND: POST /session/79d72962d9b70739fc8ce96689df7cf6/element - {"using":"xpath","value":"//button[@data-kt=\"newYardSaveButton\"]"}
RESULT: {"using":"xpath","value":"//button[@data-kt=\"newYardSaveButton\"]"}
COMMAND: POST /session/79d72962d9b70739fc8ce96689df7cf6/element/f.1B562DAB7B69DB519EC194079547F9B8.d.E77682B029F0E136825AFDEF2424FCDB.e.9876/click - {}
RESULT: {}
COMMAND: GET /session/79d72962d9b70739fc8ce96689df7cf6/screenshot - {}
RESULT: {}
COMMAND: POST /session/79d72962d9b70739fc8ce96689df7cf6/element - {"using":"xpath","value":"//header[contains(@id, 'ObjectPageLayout-headerTitle')]/div[1]/div[2]/div[1]/span[1]"}
RESULT: {"using":"xpath","value":"//header[contains(@id, 'ObjectPageLayout-headerTitle')]/div[1]/div[2]/div[1]/span[1]"}
COMMAND: POST /session/79d72962d9b70739fc8ce96689df7cf6/elements - {"using":"xpath","value":"//header[contains(@id, 'ObjectPageLayout-headerTitle')]/div[1]/div[2]/div[1]/span[1]"}
RESULT: {"using":"xpath","value":"//header[contains(@id, 'ObjectPageLayout-headerTitle')]/div[1]/div[2]/div[1]/span[1]"}
COMMAND: POST /session/79d72962d9b70739fc8ce96689df7cf6/execute/sync - {"script":"<script> [56 bytes]","args":[{"element-6066-11e4-a52e-4f735466cecf":"f.1B562DAB7B69DB519EC194079547F9B8.d.E77682B029F0E136825AFDEF2424FCDB.e.10199","ELEMENT":"f.1B562DAB7B69DB519EC194079547F9B8.d.E77682B029F0E136825AFDEF2424FCDB.e.10199"}]}
RESULT: {"script":"<script> [56 bytes]","args":[{"element-6066-11e4-a52e-4f735466cecf":"f.1B562DAB7B69DB519EC194079547F9B8.d.E77682B029F0E136825AFDEF2424FCDB.e.10199","ELEMENT":"f.1B562DAB7B69DB519EC194079547F9B8.d.E77682B029F0E136825AFDEF2424FCDB.e.10199"}]}
COMMAND: GET /session/79d72962d9b70739fc8ce96689df7cf6/screenshot - {}
RESULT: {}
COMMAND: POST /session/79d72962d9b70739fc8ce96689df7cf6/element - {"using":"css selector","value":"#shell-header-logo"}
RESULT: {"using":"css selector","value":"#shell-header-logo"}
COMMAND: POST /session/79d72962d9b70739fc8ce96689df7cf6/element/f.1B562DAB7B69DB519EC194079547F9B8.d.E77682B029F0E136825AFDEF2424FCDB.e.9452/click - {}
RESULT: {}
COMMAND: GET /session/79d72962d9b70739fc8ce96689df7cf6/screenshot - {}
RESULT: {}
COMMAND: POST /session/79d72962d9b70739fc8ce96689df7cf6/execute/sync - {"script":"<script> [299 bytes]","args":[["getModel","getResource"]]}
RESULT: {"script":"<script> [299 bytes]","args":[["getModel","getResource"]]}
]]></system-out>
    </testcase>
    <testcase classname="chrome.136_0_7103_93.windows.Create_partner_US118246" name="Should create new external partner" time="101.491">
      <system-out><![CDATA[
COMMAND: GET /session/79d72962d9b70739fc8ce96689df7cf6/screenshot - {}
COMMAND: POST /session/79d72962d9b70739fc8ce96689df7cf6/window/fullscreen - {}
RESULT: {}
RESULT: {}
COMMAND: POST /session/79d72962d9b70739fc8ce96689df7cf6/execute/async - {"script":"<script> [1562 bytes]","args":[{"selector":{"controlType":"sap.m.GenericTile","properties":{"header":"Manage Partners"}},"wdio_ui5_key":"sapm.GenericTile{\"header\":\"Manage Partners\"}"}]}
RESULT: {"script":"<script> [1562 bytes]","args":[{"selector":{"controlType":"sap.m.GenericTile","properties":{"header":"Manage Partners"}},"wdio_ui5_key":"sapm.GenericTile{\"header\":\"Manage Partners\"}"}]}
RESULT: undefined
COMMAND: POST /session/79d72962d9b70739fc8ce96689df7cf6/element - {"using":"xpath","value":"//*[@id=\"__tile38\"]"}
RESULT: {"using":"xpath","value":"//*[@id=\"__tile38\"]"}
COMMAND: POST /session/79d72962d9b70739fc8ce96689df7cf6/element/f.1B562DAB7B69DB519EC194079547F9B8.d.E77682B029F0E136825AFDEF2424FCDB.e.9341/click - {}
RESULT: {}
COMMAND: GET /session/79d72962d9b70739fc8ce96689df7cf6/screenshot - {}
RESULT: {}
COMMAND: POST /session/79d72962d9b70739fc8ce96689df7cf6/elements - {"using":"xpath","value":"//span[text()='Error']"}
RESULT: {"using":"xpath","value":"//span[text()='Error']"}
COMMAND: POST /session/79d72962d9b70739fc8ce96689df7cf6/element - {"using":"xpath","value":"//button[@data-kt=\"addButton\"]"}
RESULT: {"using":"xpath","value":"//button[@data-kt=\"addButton\"]"}
COMMAND: POST /session/79d72962d9b70739fc8ce96689df7cf6/elements - {"using":"xpath","value":"//button[@data-kt=\"addButton\"]"}
RESULT: {"using":"xpath","value":"//button[@data-kt=\"addButton\"]"}
COMMAND: POST /session/79d72962d9b70739fc8ce96689df7cf6/execute/sync - {"script":"<script> [8489 bytes]","args":[{"element-6066-11e4-a52e-4f735466cecf":"f.1B562DAB7B69DB519EC194079547F9B8.d.E77682B029F0E136825AFDEF2424FCDB.e.10248","ELEMENT":"f.1B562DAB7B69DB519EC194079547F9B8.d.E77682B029F0E136825AFDEF2424FCDB.e.10248"}]}
RESULT: {"script":"<script> [8489 bytes]","args":[{"element-6066-11e4-a52e-4f735466cecf":"f.1B562DAB7B69DB519EC194079547F9B8.d.E77682B029F0E136825AFDEF2424FCDB.e.10248","ELEMENT":"f.1B562DAB7B69DB519EC194079547F9B8.d.E77682B029F0E136825AFDEF2424FCDB.e.10248"}]}
COMMAND: GET /session/79d72962d9b70739fc8ce96689df7cf6/element/f.1B562DAB7B69DB519EC194079547F9B8.d.E77682B029F0E136825AFDEF2424FCDB.e.10248/enabled - {}
COMMAND: GET /session/79d72962d9b70739fc8ce96689df7cf6/screenshot - {}
RESULT: {}
COMMAND: POST /session/79d72962d9b70739fc8ce96689df7cf6/execute/sync - {"script":"<script> [8489 bytes]","args":[{"element-6066-11e4-a52e-4f735466cecf":"f.1B562DAB7B69DB519EC194079547F9B8.d.E77682B029F0E136825AFDEF2424FCDB.e.10248","ELEMENT":"f.1B562DAB7B69DB519EC194079547F9B8.d.E77682B029F0E136825AFDEF2424FCDB.e.10248"}]}
COMMAND: GET /session/79d72962d9b70739fc8ce96689df7cf6/screenshot - {}
RESULT: {}
RESULT: {"script":"<script> [8489 bytes]","args":[{"element-6066-11e4-a52e-4f735466cecf":"f.1B562DAB7B69DB519EC194079547F9B8.d.E77682B029F0E136825AFDEF2424FCDB.e.10248","ELEMENT":"f.1B562DAB7B69DB519EC194079547F9B8.d.E77682B029F0E136825AFDEF2424FCDB.e.10248"}]}
COMMAND: POST /session/79d72962d9b70739fc8ce96689df7cf6/execute/sync - {"script":"<script> [5351 bytes]","args":[{"element-6066-11e4-a52e-4f735466cecf":"f.1B562DAB7B69DB519EC194079547F9B8.d.E77682B029F0E136825AFDEF2424FCDB.e.10248","ELEMENT":"f.1B562DAB7B69DB519EC194079547F9B8.d.E77682B029F0E136825AFDEF2424FCDB.e.10248"}]}
COMMAND: GET /session/79d72962d9b70739fc8ce96689df7cf6/screenshot - {}
RESULT: {}
RESULT: {"script":"<script> [5351 bytes]","args":[{"element-6066-11e4-a52e-4f735466cecf":"f.1B562DAB7B69DB519EC194079547F9B8.d.E77682B029F0E136825AFDEF2424FCDB.e.10248","ELEMENT":"f.1B562DAB7B69DB519EC194079547F9B8.d.E77682B029F0E136825AFDEF2424FCDB.e.10248"}]}
COMMAND: POST /session/79d72962d9b70739fc8ce96689df7cf6/element/f.1B562DAB7B69DB519EC194079547F9B8.d.E77682B029F0E136825AFDEF2424FCDB.e.10248/click - {}
COMMAND: GET /session/79d72962d9b70739fc8ce96689df7cf6/screenshot - {}
RESULT: {}
RESULT: {}
COMMAND: GET /session/79d72962d9b70739fc8ce96689df7cf6/screenshot - {}
COMMAND: POST /session/79d72962d9b70739fc8ce96689df7cf6/execute/async - {"script":"<script> [1562 bytes]","args":[{"selector":{"id":"application-managepartners-display-component---NewPartner--addressDetailDetailsName1","interaction":{"idSuffix":"inner"}},"wdio_ui5_key":"applicationmanagepartners-display-component---NewPartner--addressDetailDetailsName1"}]}
RESULT: {}
RESULT: {}
RESULT: {"script":"<script> [1562 bytes]","args":[{"selector":{"id":"application-managepartners-display-component---NewPartner--addressDetailDetailsName1","interaction":{"idSuffix":"inner"}},"wdio_ui5_key":"applicationmanagepartners-display-component---NewPartner--addressDetailDetailsName1"}]}
RESULT: undefined
COMMAND: POST /session/79d72962d9b70739fc8ce96689df7cf6/execute/async - {"script":"<script> [776 bytes]","args":[{"enterText":"External Partner WDIO","selector":{"id":"application-managepartners-display-component---NewPartner--addressDetailDetailsName1","interaction":{"idSuffix":"inner"}},"clearTextFirst":true,"interactionType":"ENTER_TEXT"}]}
RESULT: {"script":"<script> [776 bytes]","args":[{"enterText":"External Partner WDIO","selector":{"id":"application-managepartners-display-component---NewPartner--addressDetailDetailsName1","interaction":{"idSuffix":"inner"}},"clearTextFirst":true,"interactionType":"ENTER_TEXT"}]}
COMMAND: POST /session/79d72962d9b70739fc8ce96689df7cf6/execute/async - {"script":"<script> [1562 bytes]","args":[{"selector":{"id":"application-managepartners-display-component---NewPartner--addressDetailDetailsLanguage-arrow"},"wdio_ui5_key":"applicationmanagepartners-display-component---NewPartner--addressDetailDetailsLanguage-arrow"}]}
RESULT: {"script":"<script> [1562 bytes]","args":[{"selector":{"id":"application-managepartners-display-component---NewPartner--addressDetailDetailsLanguage-arrow"},"wdio_ui5_key":"applicationmanagepartners-display-component---NewPartner--addressDetailDetailsLanguage-arrow"}]}
RESULT: undefined
COMMAND: POST /session/79d72962d9b70739fc8ce96689df7cf6/element - {"using":"xpath","value":"//*[@id=\"application-managepartners-display-component---NewPartner--addressDetailDetailsLanguage-arrow\"]"}
RESULT: {"using":"xpath","value":"//*[@id=\"application-managepartners-display-component---NewPartner--addressDetailDetailsLanguage-arrow\"]"}
COMMAND: POST /session/79d72962d9b70739fc8ce96689df7cf6/element/f.1B562DAB7B69DB519EC194079547F9B8.d.E77682B029F0E136825AFDEF2424FCDB.e.10691/click - {}
RESULT: {}
COMMAND: POST /session/79d72962d9b70739fc8ce96689df7cf6/element - {"using":"xpath","value":"//span[contains(text(), \"English\")]"}
COMMAND: GET /session/79d72962d9b70739fc8ce96689df7cf6/screenshot - {}
RESULT: {"using":"xpath","value":"//span[contains(text(), \"English\")]"}
COMMAND: POST /session/79d72962d9b70739fc8ce96689df7cf6/element/f.1B562DAB7B69DB519EC194079547F9B8.d.E77682B029F0E136825AFDEF2424FCDB.e.10692/click - {}
RESULT: {}
RESULT: {}
COMMAND: GET /session/79d72962d9b70739fc8ce96689df7cf6/screenshot - {}
RESULT: {}
COMMAND: POST /session/79d72962d9b70739fc8ce96689df7cf6/execute/async - {"script":"<script> [1562 bytes]","args":[{"selector":{"id":"application-managepartners-display-component---NewPartner--addressDetailDetailsCity1","interaction":{"idSuffix":"inner"}},"wdio_ui5_key":"applicationmanagepartners-display-component---NewPartner--addressDetailDetailsCity1"}]}
RESULT: {"script":"<script> [1562 bytes]","args":[{"selector":{"id":"application-managepartners-display-component---NewPartner--addressDetailDetailsCity1","interaction":{"idSuffix":"inner"}},"wdio_ui5_key":"applicationmanagepartners-display-component---NewPartner--addressDetailDetailsCity1"}]}
RESULT: undefined
COMMAND: POST /session/79d72962d9b70739fc8ce96689df7cf6/execute/async - {"script":"<script> [776 bytes]","args":[{"enterText":"Rosario","selector":{"id":"application-managepartners-display-component---NewPartner--addressDetailDetailsCity1","interaction":{"idSuffix":"inner"}},"clearTextFirst":true,"interactionType":"ENTER_TEXT"}]}
RESULT: {"script":"<script> [776 bytes]","args":[{"enterText":"Rosario","selector":{"id":"application-managepartners-display-component---NewPartner--addressDetailDetailsCity1","interaction":{"idSuffix":"inner"}},"clearTextFirst":true,"interactionType":"ENTER_TEXT"}]}
COMMAND: POST /session/79d72962d9b70739fc8ce96689df7cf6/execute/async - {"script":"<script> [1562 bytes]","args":[{"selector":{"id":"application-managepartners-display-component---NewPartner--addressDetailDetailsCountry-arrow"},"wdio_ui5_key":"applicationmanagepartners-display-component---NewPartner--addressDetailDetailsCountry-arrow"}]}
RESULT: {"script":"<script> [1562 bytes]","args":[{"selector":{"id":"application-managepartners-display-component---NewPartner--addressDetailDetailsCountry-arrow"},"wdio_ui5_key":"applicationmanagepartners-display-component---NewPartner--addressDetailDetailsCountry-arrow"}]}
RESULT: undefined
COMMAND: POST /session/79d72962d9b70739fc8ce96689df7cf6/element - {"using":"xpath","value":"//*[@id=\"application-managepartners-display-component---NewPartner--addressDetailDetailsCountry-arrow\"]"}
RESULT: {"using":"xpath","value":"//*[@id=\"application-managepartners-display-component---NewPartner--addressDetailDetailsCountry-arrow\"]"}
COMMAND: POST /session/79d72962d9b70739fc8ce96689df7cf6/element/f.1B562DAB7B69DB519EC194079547F9B8.d.E77682B029F0E136825AFDEF2424FCDB.e.10678/click - {}
RESULT: {}
COMMAND: POST /session/79d72962d9b70739fc8ce96689df7cf6/element - {"using":"xpath","value":"//span[contains(text(), \"Argentina\")]"}
COMMAND: GET /session/79d72962d9b70739fc8ce96689df7cf6/screenshot - {}
RESULT: {"using":"xpath","value":"//span[contains(text(), \"Argentina\")]"}
COMMAND: POST /session/79d72962d9b70739fc8ce96689df7cf6/element/f.1B562DAB7B69DB519EC194079547F9B8.d.E77682B029F0E136825AFDEF2424FCDB.e.10694/click - {}
RESULT: {}
RESULT: {}
COMMAND: GET /session/79d72962d9b70739fc8ce96689df7cf6/screenshot - {}
RESULT: {}
COMMAND: POST /session/79d72962d9b70739fc8ce96689df7cf6/element - {"using":"xpath","value":"//bdi[contains(text(), \"Commercial\")]"}
RESULT: {"using":"xpath","value":"//bdi[contains(text(), \"Commercial\")]"}
COMMAND: POST /session/79d72962d9b70739fc8ce96689df7cf6/element/f.1B562DAB7B69DB519EC194079547F9B8.d.E77682B029F0E136825AFDEF2424FCDB.e.10695/click - {}
RESULT: {}
COMMAND: GET /session/79d72962d9b70739fc8ce96689df7cf6/screenshot - {}
RESULT: {}
COMMAND: POST /session/79d72962d9b70739fc8ce96689df7cf6/execute/async - {"script":"<script> [1562 bytes]","args":[{"selector":{"id":"application-managepartners-display-component---NewPartner--partnerDetailInternal-arrow"},"wdio_ui5_key":"applicationmanagepartners-display-component---NewPartner--partnerDetailInternal-arrow"}]}
RESULT: {"script":"<script> [1562 bytes]","args":[{"selector":{"id":"application-managepartners-display-component---NewPartner--partnerDetailInternal-arrow"},"wdio_ui5_key":"applicationmanagepartners-display-component---NewPartner--partnerDetailInternal-arrow"}]}
RESULT: undefined
COMMAND: POST /session/79d72962d9b70739fc8ce96689df7cf6/element - {"using":"xpath","value":"//*[@id=\"application-managepartners-display-component---NewPartner--partnerDetailInternal-arrow\"]"}
RESULT: {"using":"xpath","value":"//*[@id=\"application-managepartners-display-component---NewPartner--partnerDetailInternal-arrow\"]"}
COMMAND: POST /session/79d72962d9b70739fc8ce96689df7cf6/element/f.1B562DAB7B69DB519EC194079547F9B8.d.E77682B029F0E136825AFDEF2424FCDB.e.10701/click - {}
RESULT: {}
COMMAND: POST /session/79d72962d9b70739fc8ce96689df7cf6/element - {"using":"xpath","value":"//span[contains(text(), \"External partner\")]"}
COMMAND: GET /session/79d72962d9b70739fc8ce96689df7cf6/screenshot - {}
RESULT: {"using":"xpath","value":"//span[contains(text(), \"External partner\")]"}
COMMAND: POST /session/79d72962d9b70739fc8ce96689df7cf6/element/f.1B562DAB7B69DB519EC194079547F9B8.d.E77682B029F0E136825AFDEF2424FCDB.e.10702/click - {}
RESULT: {}
RESULT: {}
COMMAND: POST /session/79d72962d9b70739fc8ce96689df7cf6/execute/async - {"script":"<script> [1562 bytes]","args":[{"selector":{"id":"application-managepartners-display-component---NewPartner--partnerDetailsCurrency-arrow"},"wdio_ui5_key":"applicationmanagepartners-display-component---NewPartner--partnerDetailsCurrency-arrow"}]}
COMMAND: GET /session/79d72962d9b70739fc8ce96689df7cf6/screenshot - {}
RESULT: {"script":"<script> [1562 bytes]","args":[{"selector":{"id":"application-managepartners-display-component---NewPartner--partnerDetailsCurrency-arrow"},"wdio_ui5_key":"applicationmanagepartners-display-component---NewPartner--partnerDetailsCurrency-arrow"}]}
RESULT: undefined
COMMAND: POST /session/79d72962d9b70739fc8ce96689df7cf6/element - {"using":"xpath","value":"//*[@id=\"application-managepartners-display-component---NewPartner--partnerDetailsCurrency-arrow\"]"}
RESULT: {}
RESULT: {"using":"xpath","value":"//*[@id=\"application-managepartners-display-component---NewPartner--partnerDetailsCurrency-arrow\"]"}
COMMAND: POST /session/79d72962d9b70739fc8ce96689df7cf6/element/f.1B562DAB7B69DB519EC194079547F9B8.d.E77682B029F0E136825AFDEF2424FCDB.e.10707/click - {}
RESULT: {}
COMMAND: POST /session/79d72962d9b70739fc8ce96689df7cf6/element - {"using":"xpath","value":"//span[contains(text(), \"US Dollar\")]"}
COMMAND: GET /session/79d72962d9b70739fc8ce96689df7cf6/screenshot - {}
RESULT: {"using":"xpath","value":"//span[contains(text(), \"US Dollar\")]"}
COMMAND: POST /session/79d72962d9b70739fc8ce96689df7cf6/element/f.1B562DAB7B69DB519EC194079547F9B8.d.E77682B029F0E136825AFDEF2424FCDB.e.10708/click - {}
RESULT: {}
RESULT: {}
COMMAND: GET /session/79d72962d9b70739fc8ce96689df7cf6/screenshot - {}
RESULT: {}
COMMAND: POST /session/79d72962d9b70739fc8ce96689df7cf6/element - {"using":"xpath","value":"//input[@id=\"application-managepartners-display-component---NewPartner--companyCodeComboBox-inner\"]"}
RESULT: {"using":"xpath","value":"//input[@id=\"application-managepartners-display-component---NewPartner--companyCodeComboBox-inner\"]"}
COMMAND: POST /session/79d72962d9b70739fc8ce96689df7cf6/element/f.1B562DAB7B69DB519EC194079547F9B8.d.E77682B029F0E136825AFDEF2424FCDB.e.10558/clear - {}
RESULT: {}
COMMAND: POST /session/79d72962d9b70739fc8ce96689df7cf6/element/f.1B562DAB7B69DB519EC194079547F9B8.d.E77682B029F0E136825AFDEF2424FCDB.e.10558/value - {"text":"C002"}
COMMAND: GET /session/79d72962d9b70739fc8ce96689df7cf6/screenshot - {}
RESULT: {"text":"C002"}
COMMAND: GET /session/79d72962d9b70739fc8ce96689df7cf6/screenshot - {}
RESULT: {}
RESULT: {}
COMMAND: POST /session/79d72962d9b70739fc8ce96689df7cf6/element - {"using":"xpath","value":"//li[.//span[text()= \"C002\"]]"}
RESULT: {"using":"xpath","value":"//li[.//span[text()= \"C002\"]]"}
COMMAND: POST /session/79d72962d9b70739fc8ce96689df7cf6/element/f.1B562DAB7B69DB519EC194079547F9B8.d.E77682B029F0E136825AFDEF2424FCDB.e.10712/click - {}
RESULT: {}
COMMAND: GET /session/79d72962d9b70739fc8ce96689df7cf6/screenshot - {}
RESULT: {}
COMMAND: POST /session/79d72962d9b70739fc8ce96689df7cf6/execute/async - {"script":"<script> [1562 bytes]","args":[{"selector":{"id":"application-managepartners-display-component---NewPartner--btnAddTableRow-img"},"wdio_ui5_key":"applicationmanagepartners-display-component---NewPartner--btnAddTableRow-img"}]}
RESULT: {"script":"<script> [1562 bytes]","args":[{"selector":{"id":"application-managepartners-display-component---NewPartner--btnAddTableRow-img"},"wdio_ui5_key":"applicationmanagepartners-display-component---NewPartner--btnAddTableRow-img"}]}
RESULT: undefined
COMMAND: POST /session/79d72962d9b70739fc8ce96689df7cf6/element - {"using":"xpath","value":"//*[@id=\"application-managepartners-display-component---NewPartner--btnAddTableRow-img\"]"}
RESULT: {"using":"xpath","value":"//*[@id=\"application-managepartners-display-component---NewPartner--btnAddTableRow-img\"]"}
COMMAND: POST /session/79d72962d9b70739fc8ce96689df7cf6/element/f.1B562DAB7B69DB519EC194079547F9B8.d.E77682B029F0E136825AFDEF2424FCDB.e.10713/click - {}
RESULT: {}
COMMAND: GET /session/79d72962d9b70739fc8ce96689df7cf6/screenshot - {}
RESULT: {}
COMMAND: POST /session/79d72962d9b70739fc8ce96689df7cf6/element - {"using":"xpath","value":"//input[@id=\"application-managepartners-display-component---NewPartner--assignmentYard-application-managepartners-display-component---NewPartner--assignmentsTable-0-inner\"]"}
RESULT: {"using":"xpath","value":"//input[@id=\"application-managepartners-display-component---NewPartner--assignmentYard-application-managepartners-display-component---NewPartner--assignmentsTable-0-inner\"]"}
COMMAND: POST /session/79d72962d9b70739fc8ce96689df7cf6/element/f.1B562DAB7B69DB519EC194079547F9B8.d.E77682B029F0E136825AFDEF2424FCDB.e.10716/clear - {}
RESULT: {}
COMMAND: POST /session/79d72962d9b70739fc8ce96689df7cf6/element/f.1B562DAB7B69DB519EC194079547F9B8.d.E77682B029F0E136825AFDEF2424FCDB.e.10716/value - {"text":"646"}
COMMAND: GET /session/79d72962d9b70739fc8ce96689df7cf6/screenshot - {}
RESULT: {"text":"646"}
COMMAND: GET /session/79d72962d9b70739fc8ce96689df7cf6/screenshot - {}
RESULT: {}
RESULT: {}
COMMAND: POST /session/79d72962d9b70739fc8ce96689df7cf6/element - {"using":"xpath","value":"//li[.//span[text()='646']]"}
RESULT: {"using":"xpath","value":"//li[.//span[text()='646']]"}
COMMAND: POST /session/79d72962d9b70739fc8ce96689df7cf6/element/f.1B562DAB7B69DB519EC194079547F9B8.d.E77682B029F0E136825AFDEF2424FCDB.e.10725/click - {}
RESULT: {}
COMMAND: GET /session/79d72962d9b70739fc8ce96689df7cf6/screenshot - {}
RESULT: {}
COMMAND: POST /session/79d72962d9b70739fc8ce96689df7cf6/actions - {"actions":[{"id":"action27","type":"key","parameters":{},"actions":[{"type":"keyDown","value":""},{"type":"pause","duration":10},{"type":"keyUp","value":""}]}]}
RESULT: {"actions":[{"id":"action27","type":"key","parameters":{},"actions":[{"type":"keyDown","value":""},{"type":"pause","duration":10},{"type":"keyUp","value":""}]}]}
COMMAND: POST /session/79d72962d9b70739fc8ce96689df7cf6/element - {"using":"xpath","value":"//td[contains(@id, \"assignmentsTable-0-cell2\")]/div/div"}
COMMAND: GET /session/79d72962d9b70739fc8ce96689df7cf6/screenshot - {}
RESULT: {"using":"xpath","value":"//td[contains(@id, \"assignmentsTable-0-cell2\")]/div/div"}
COMMAND: POST /session/79d72962d9b70739fc8ce96689df7cf6/element/f.1B562DAB7B69DB519EC194079547F9B8.d.E77682B029F0E136825AFDEF2424FCDB.e.10728/click - {}
RESULT: {}
RESULT: {}
COMMAND: GET /session/79d72962d9b70739fc8ce96689df7cf6/screenshot - {}
RESULT: {}
COMMAND: POST /session/79d72962d9b70739fc8ce96689df7cf6/element - {"using":"xpath","value":"//button[@data-kt=\"saveButton\"]"}
RESULT: {"using":"xpath","value":"//button[@data-kt=\"saveButton\"]"}
COMMAND: POST /session/79d72962d9b70739fc8ce96689df7cf6/element/f.1B562DAB7B69DB519EC194079547F9B8.d.E77682B029F0E136825AFDEF2424FCDB.e.10592/click - {}
RESULT: {}
COMMAND: GET /session/79d72962d9b70739fc8ce96689df7cf6/screenshot - {}
RESULT: {}
COMMAND: POST /session/79d72962d9b70739fc8ce96689df7cf6/element - {"using":"xpath","value":"//header[contains(@id, 'ObjectPageLayout-headerTitle')]/div[1]/div[2]/div[2]/span[1]"}
RESULT: {"using":"xpath","value":"//header[contains(@id, 'ObjectPageLayout-headerTitle')]/div[1]/div[2]/div[2]/span[1]"}
COMMAND: POST /session/79d72962d9b70739fc8ce96689df7cf6/elements - {"using":"xpath","value":"//header[contains(@id, 'ObjectPageLayout-headerTitle')]/div[1]/div[2]/div[2]/span[1]"}
RESULT: {"using":"xpath","value":"//header[contains(@id, 'ObjectPageLayout-headerTitle')]/div[1]/div[2]/div[2]/span[1]"}
COMMAND: POST /session/79d72962d9b70739fc8ce96689df7cf6/execute/sync - {"script":"<script> [56 bytes]","args":[{"element-6066-11e4-a52e-4f735466cecf":"f.1B562DAB7B69DB519EC194079547F9B8.d.E77682B029F0E136825AFDEF2424FCDB.e.10891","ELEMENT":"f.1B562DAB7B69DB519EC194079547F9B8.d.E77682B029F0E136825AFDEF2424FCDB.e.10891"}]}
RESULT: {"script":"<script> [56 bytes]","args":[{"element-6066-11e4-a52e-4f735466cecf":"f.1B562DAB7B69DB519EC194079547F9B8.d.E77682B029F0E136825AFDEF2424FCDB.e.10891","ELEMENT":"f.1B562DAB7B69DB519EC194079547F9B8.d.E77682B029F0E136825AFDEF2424FCDB.e.10891"}]}
COMMAND: POST /session/79d72962d9b70739fc8ce96689df7cf6/element - {"using":"css selector","value":"#shell-header-logo"}
COMMAND: GET /session/79d72962d9b70739fc8ce96689df7cf6/screenshot - {}
RESULT: {"using":"css selector","value":"#shell-header-logo"}
COMMAND: POST /session/79d72962d9b70739fc8ce96689df7cf6/element/f.1B562DAB7B69DB519EC194079547F9B8.d.E77682B029F0E136825AFDEF2424FCDB.e.10203/click - {}
RESULT: {}
RESULT: {}
COMMAND: GET /session/79d72962d9b70739fc8ce96689df7cf6/screenshot - {}
RESULT: {}
COMMAND: POST /session/79d72962d9b70739fc8ce96689df7cf6/execute/sync - {"script":"<script> [299 bytes]","args":[["getModel","getResource"]]}
RESULT: {"script":"<script> [299 bytes]","args":[["getModel","getResource"]]}
]]></system-out>
    </testcase>
    <testcase classname="chrome.136_0_7103_93.windows.Create_partner_US118246" name="Should create a new yard in case create yard failed" time="116.493">
      <system-out><![CDATA[
RESULT: undefined
COMMAND: POST /session/79d72962d9b70739fc8ce96689df7cf6/element - {"using":"xpath","value":"//*[@id=\"__tile41\"]"}
COMMAND: GET /session/79d72962d9b70739fc8ce96689df7cf6/screenshot - {}
RESULT: {"using":"xpath","value":"//*[@id=\"__tile41\"]"}
COMMAND: POST /session/79d72962d9b70739fc8ce96689df7cf6/element/f.1B562DAB7B69DB519EC194079547F9B8.d.E77682B029F0E136825AFDEF2424FCDB.e.9350/click - {}
RESULT: {}
RESULT: {}
COMMAND: GET /session/79d72962d9b70739fc8ce96689df7cf6/screenshot - {}
RESULT: {}
COMMAND: POST /session/79d72962d9b70739fc8ce96689df7cf6/elements - {"using":"xpath","value":"//span[text()='Error']"}
RESULT: {"using":"xpath","value":"//span[text()='Error']"}
COMMAND: POST /session/79d72962d9b70739fc8ce96689df7cf6/element - {"using":"xpath","value":"//button[@data-kt=\"addNewYardOverflowToolbarButton\"]"}
RESULT: {"using":"xpath","value":"//button[@data-kt=\"addNewYardOverflowToolbarButton\"]"}
COMMAND: POST /session/79d72962d9b70739fc8ce96689df7cf6/elements - {"using":"xpath","value":"//button[@data-kt=\"addNewYardOverflowToolbarButton\"]"}
RESULT: {"using":"xpath","value":"//button[@data-kt=\"addNewYardOverflowToolbarButton\"]"}
COMMAND: POST /session/79d72962d9b70739fc8ce96689df7cf6/execute/sync - {"script":"<script> [8489 bytes]","args":[{"element-6066-11e4-a52e-4f735466cecf":"f.1B562DAB7B69DB519EC194079547F9B8.d.E77682B029F0E136825AFDEF2424FCDB.e.10927","ELEMENT":"f.1B562DAB7B69DB519EC194079547F9B8.d.E77682B029F0E136825AFDEF2424FCDB.e.10927"}]}
RESULT: {"script":"<script> [8489 bytes]","args":[{"element-6066-11e4-a52e-4f735466cecf":"f.1B562DAB7B69DB519EC194079547F9B8.d.E77682B029F0E136825AFDEF2424FCDB.e.10927","ELEMENT":"f.1B562DAB7B69DB519EC194079547F9B8.d.E77682B029F0E136825AFDEF2424FCDB.e.10927"}]}
COMMAND: GET /session/79d72962d9b70739fc8ce96689df7cf6/element/f.1B562DAB7B69DB519EC194079547F9B8.d.E77682B029F0E136825AFDEF2424FCDB.e.10927/enabled - {}
COMMAND: GET /session/79d72962d9b70739fc8ce96689df7cf6/screenshot - {}
RESULT: {}
COMMAND: POST /session/79d72962d9b70739fc8ce96689df7cf6/execute/sync - {"script":"<script> [8489 bytes]","args":[{"element-6066-11e4-a52e-4f735466cecf":"f.1B562DAB7B69DB519EC194079547F9B8.d.E77682B029F0E136825AFDEF2424FCDB.e.10927","ELEMENT":"f.1B562DAB7B69DB519EC194079547F9B8.d.E77682B029F0E136825AFDEF2424FCDB.e.10927"}]}
COMMAND: GET /session/79d72962d9b70739fc8ce96689df7cf6/screenshot - {}
RESULT: {}
RESULT: {"script":"<script> [8489 bytes]","args":[{"element-6066-11e4-a52e-4f735466cecf":"f.1B562DAB7B69DB519EC194079547F9B8.d.E77682B029F0E136825AFDEF2424FCDB.e.10927","ELEMENT":"f.1B562DAB7B69DB519EC194079547F9B8.d.E77682B029F0E136825AFDEF2424FCDB.e.10927"}]}
COMMAND: POST /session/79d72962d9b70739fc8ce96689df7cf6/execute/sync - {"script":"<script> [5351 bytes]","args":[{"element-6066-11e4-a52e-4f735466cecf":"f.1B562DAB7B69DB519EC194079547F9B8.d.E77682B029F0E136825AFDEF2424FCDB.e.10927","ELEMENT":"f.1B562DAB7B69DB519EC194079547F9B8.d.E77682B029F0E136825AFDEF2424FCDB.e.10927"}]}
COMMAND: GET /session/79d72962d9b70739fc8ce96689df7cf6/screenshot - {}
RESULT: {}
RESULT: {"script":"<script> [5351 bytes]","args":[{"element-6066-11e4-a52e-4f735466cecf":"f.1B562DAB7B69DB519EC194079547F9B8.d.E77682B029F0E136825AFDEF2424FCDB.e.10927","ELEMENT":"f.1B562DAB7B69DB519EC194079547F9B8.d.E77682B029F0E136825AFDEF2424FCDB.e.10927"}]}
COMMAND: POST /session/79d72962d9b70739fc8ce96689df7cf6/element/f.1B562DAB7B69DB519EC194079547F9B8.d.E77682B029F0E136825AFDEF2424FCDB.e.10927/click - {}
COMMAND: GET /session/79d72962d9b70739fc8ce96689df7cf6/screenshot - {}
RESULT: {}
RESULT: {}
COMMAND: GET /session/79d72962d9b70739fc8ce96689df7cf6/screenshot - {}
RESULT: {}
COMMAND: POST /session/79d72962d9b70739fc8ce96689df7cf6/element - {"using":"xpath","value":"//input[@id=\"application-manageyards-display-component---NewYard--yardId-inner\"]"}
RESULT: {}
RESULT: {"using":"xpath","value":"//input[@id=\"application-manageyards-display-component---NewYard--yardId-inner\"]"}
COMMAND: POST /session/79d72962d9b70739fc8ce96689df7cf6/element - {"using":"xpath","value":"//input[@id=\"application-manageyards-display-component---NewYard--yardId-inner\"]"}
RESULT: {"using":"xpath","value":"//input[@id=\"application-manageyards-display-component---NewYard--yardId-inner\"]"}
RESULT: undefined
COMMAND: POST /session/79d72962d9b70739fc8ce96689df7cf6/execute/async - {"script":"<script> [776 bytes]","args":[{"enterText":"Warehouse Managed WDIO","selector":{"id":"application-manageyards-display-component---NewYard--addressDetailDetailsName1","interaction":{"idSuffix":"inner"}},"clearTextFirst":true,"interactionType":"ENTER_TEXT"}]}
RESULT: {"script":"<script> [776 bytes]","args":[{"enterText":"Warehouse Managed WDIO","selector":{"id":"application-manageyards-display-component---NewYard--addressDetailDetailsName1","interaction":{"idSuffix":"inner"}},"clearTextFirst":true,"interactionType":"ENTER_TEXT"}]}
RESULT: undefined
COMMAND: POST /session/79d72962d9b70739fc8ce96689df7cf6/element - {"using":"xpath","value":"//*[@id=\"application-manageyards-display-component---NewYard--addressDetailDetailsLanguage-arrow\"]"}
RESULT: {"using":"xpath","value":"//*[@id=\"application-manageyards-display-component---NewYard--addressDetailDetailsLanguage-arrow\"]"}
COMMAND: POST /session/79d72962d9b70739fc8ce96689df7cf6/element/f.1B562DAB7B69DB519EC194079547F9B8.d.E77682B029F0E136825AFDEF2424FCDB.e.11537/click - {}
RESULT: {}
COMMAND: POST /session/79d72962d9b70739fc8ce96689df7cf6/element - {"using":"xpath","value":"//span[contains(text(), \"English\")]"}
COMMAND: GET /session/79d72962d9b70739fc8ce96689df7cf6/screenshot - {}
RESULT: {"using":"xpath","value":"//span[contains(text(), \"English\")]"}
COMMAND: POST /session/79d72962d9b70739fc8ce96689df7cf6/element/f.1B562DAB7B69DB519EC194079547F9B8.d.E77682B029F0E136825AFDEF2424FCDB.e.11538/click - {}
RESULT: {}
RESULT: {}
RESULT: undefined
COMMAND: POST /session/79d72962d9b70739fc8ce96689df7cf6/execute/async - {"script":"<script> [776 bytes]","args":[{"enterText":"Rosario","selector":{"id":"application-manageyards-display-component---NewYard--addressDetailDetailsCity1","interaction":{"idSuffix":"inner"}},"clearTextFirst":true,"interactionType":"ENTER_TEXT"}]}
COMMAND: GET /session/79d72962d9b70739fc8ce96689df7cf6/screenshot - {}
RESULT: {"script":"<script> [776 bytes]","args":[{"enterText":"Rosario","selector":{"id":"application-manageyards-display-component---NewYard--addressDetailDetailsCity1","interaction":{"idSuffix":"inner"}},"clearTextFirst":true,"interactionType":"ENTER_TEXT"}]}
RESULT: undefined
COMMAND: POST /session/79d72962d9b70739fc8ce96689df7cf6/element - {"using":"xpath","value":"//*[@id=\"application-manageyards-display-component---NewYard--addressDetailDetailsCountry-arrow\"]"}
RESULT: {}
RESULT: {"using":"xpath","value":"//*[@id=\"application-manageyards-display-component---NewYard--addressDetailDetailsCountry-arrow\"]"}
COMMAND: POST /session/79d72962d9b70739fc8ce96689df7cf6/element/f.1B562DAB7B69DB519EC194079547F9B8.d.E77682B029F0E136825AFDEF2424FCDB.e.11539/click - {}
RESULT: {}
COMMAND: POST /session/79d72962d9b70739fc8ce96689df7cf6/element - {"using":"xpath","value":"//span[contains(text(), \"Argentina\")]"}
COMMAND: GET /session/79d72962d9b70739fc8ce96689df7cf6/screenshot - {}
RESULT: {"using":"xpath","value":"//span[contains(text(), \"Argentina\")]"}
COMMAND: POST /session/79d72962d9b70739fc8ce96689df7cf6/element/f.1B562DAB7B69DB519EC194079547F9B8.d.E77682B029F0E136825AFDEF2424FCDB.e.11540/click - {}
RESULT: {}
RESULT: {}
RESULT: undefined
COMMAND: POST /session/79d72962d9b70739fc8ce96689df7cf6/element - {"using":"xpath","value":"//*[@id=\"application-manageyards-display-component---NewYard--addressEditDetailsCostObjectCstType-arrow\"]"}
COMMAND: GET /session/79d72962d9b70739fc8ce96689df7cf6/screenshot - {}
RESULT: {"using":"xpath","value":"//*[@id=\"application-manageyards-display-component---NewYard--addressEditDetailsCostObjectCstType-arrow\"]"}
COMMAND: POST /session/79d72962d9b70739fc8ce96689df7cf6/element/f.1B562DAB7B69DB519EC194079547F9B8.d.E77682B029F0E136825AFDEF2424FCDB.e.11542/click - {}
RESULT: {}
RESULT: {}
COMMAND: POST /session/79d72962d9b70739fc8ce96689df7cf6/element - {"using":"xpath","value":"//span[contains(text(), \"Cost Center\")]"}
COMMAND: GET /session/79d72962d9b70739fc8ce96689df7cf6/screenshot - {}
RESULT: {"using":"xpath","value":"//span[contains(text(), \"Cost Center\")]"}
COMMAND: POST /session/79d72962d9b70739fc8ce96689df7cf6/element/f.1B562DAB7B69DB519EC194079547F9B8.d.E77682B029F0E136825AFDEF2424FCDB.e.11543/click - {}
RESULT: {}
RESULT: {}
COMMAND: GET /session/79d72962d9b70739fc8ce96689df7cf6/screenshot - {}
RESULT: {}
COMMAND: POST /session/79d72962d9b70739fc8ce96689df7cf6/element - {"using":"xpath","value":"//span[@id=\"application-manageyards-display-component---NewYard--addressNewCostObjectCstID-vhi\"]"}
RESULT: {"using":"xpath","value":"//span[@id=\"application-manageyards-display-component---NewYard--addressNewCostObjectCstID-vhi\"]"}
COMMAND: POST /session/79d72962d9b70739fc8ce96689df7cf6/execute/sync - {"script":"<script> [8489 bytes]","args":[{"element-6066-11e4-a52e-4f735466cecf":"f.1B562DAB7B69DB519EC194079547F9B8.d.E77682B029F0E136825AFDEF2424FCDB.e.11547","ELEMENT":"f.1B562DAB7B69DB519EC194079547F9B8.d.E77682B029F0E136825AFDEF2424FCDB.e.11547"}]}
RESULT: {"script":"<script> [8489 bytes]","args":[{"element-6066-11e4-a52e-4f735466cecf":"f.1B562DAB7B69DB519EC194079547F9B8.d.E77682B029F0E136825AFDEF2424FCDB.e.11547","ELEMENT":"f.1B562DAB7B69DB519EC194079547F9B8.d.E77682B029F0E136825AFDEF2424FCDB.e.11547"}]}
RESULT: undefined
COMMAND: POST /session/79d72962d9b70739fc8ce96689df7cf6/element - {"using":"xpath","value":"//*[@id=\"application-manageyards-display-component---NewYard--addressNewCostObjectCstID-vhi\"]"}
COMMAND: GET /session/79d72962d9b70739fc8ce96689df7cf6/screenshot - {}
RESULT: {"using":"xpath","value":"//*[@id=\"application-manageyards-display-component---NewYard--addressNewCostObjectCstID-vhi\"]"}
COMMAND: POST /session/79d72962d9b70739fc8ce96689df7cf6/element/f.1B562DAB7B69DB519EC194079547F9B8.d.E77682B029F0E136825AFDEF2424FCDB.e.11547/click - {}
RESULT: {}
RESULT: {}
COMMAND: GET /session/79d72962d9b70739fc8ce96689df7cf6/screenshot - {}
RESULT: {}
RESULT: undefined
COMMAND: POST /session/79d72962d9b70739fc8ce96689df7cf6/execute/async - {"script":"<script> [776 bytes]","args":[{"enterText":"bauh_b","selector":{"controlType":"sap.m.SearchField","properties":{"placeholder":"Search"},"searchOpenDialogs":true,"interaction":{"idSuffix":"I"}},"clearTextFirst":true,"interactionType":"ENTER_TEXT"}]}
RESULT: {"script":"<script> [776 bytes]","args":[{"enterText":"bauh_b","selector":{"controlType":"sap.m.SearchField","properties":{"placeholder":"Search"},"searchOpenDialogs":true,"interaction":{"idSuffix":"I"}},"clearTextFirst":true,"interactionType":"ENTER_TEXT"}]}
COMMAND: POST /session/79d72962d9b70739fc8ce96689df7cf6/actions - {"actions":[{"id":"action28","type":"key","parameters":{},"actions":[{"type":"keyDown","value":""},{"type":"pause","duration":10},{"type":"keyUp","value":""}]}]}
RESULT: {"actions":[{"id":"action28","type":"key","parameters":{},"actions":[{"type":"keyDown","value":""},{"type":"pause","duration":10},{"type":"keyUp","value":""}]}]}
COMMAND: GET /session/79d72962d9b70739fc8ce96689df7cf6/screenshot - {}
RESULT: {}
COMMAND: POST /session/79d72962d9b70739fc8ce96689df7cf6/element - {"using":"xpath","value":"//span[contains(text(), \"Demo Yard\")]"}
RESULT: {"using":"xpath","value":"//span[contains(text(), \"Demo Yard\")]"}
COMMAND: POST /session/79d72962d9b70739fc8ce96689df7cf6/element/f.1B562DAB7B69DB519EC194079547F9B8.d.E77682B029F0E136825AFDEF2424FCDB.e.11586/click - {}
RESULT: {}
COMMAND: GET /session/79d72962d9b70739fc8ce96689df7cf6/screenshot - {}
RESULT: {}
COMMAND: POST /session/79d72962d9b70739fc8ce96689df7cf6/element - {"using":"xpath","value":"//bdi[contains(text(), \"OK\")]"}
RESULT: {"using":"xpath","value":"//bdi[contains(text(), \"OK\")]"}
COMMAND: POST /session/79d72962d9b70739fc8ce96689df7cf6/element/f.1B562DAB7B69DB519EC194079547F9B8.d.E77682B029F0E136825AFDEF2424FCDB.e.11587/click - {}
RESULT: {}
COMMAND: GET /session/79d72962d9b70739fc8ce96689df7cf6/screenshot - {}
RESULT: {}
RESULT: undefined
COMMAND: POST /session/79d72962d9b70739fc8ce96689df7cf6/element - {"using":"xpath","value":"//*[@id=\"application-manageyards-display-component---NewYard--addressEditDetailsCurrency-arrow\"]"}
RESULT: {"using":"xpath","value":"//*[@id=\"application-manageyards-display-component---NewYard--addressEditDetailsCurrency-arrow\"]"}
COMMAND: POST /session/79d72962d9b70739fc8ce96689df7cf6/element/f.1B562DAB7B69DB519EC194079547F9B8.d.E77682B029F0E136825AFDEF2424FCDB.e.11590/click - {}
RESULT: {}
COMMAND: POST /session/79d72962d9b70739fc8ce96689df7cf6/element - {"using":"xpath","value":"//span[contains(text(), \"Euro\")]"}
COMMAND: GET /session/79d72962d9b70739fc8ce96689df7cf6/screenshot - {}
RESULT: {"using":"xpath","value":"//span[contains(text(), \"Euro\")]"}
COMMAND: POST /session/79d72962d9b70739fc8ce96689df7cf6/element/f.1B562DAB7B69DB519EC194079547F9B8.d.E77682B029F0E136825AFDEF2424FCDB.e.11591/click - {}
RESULT: {}
RESULT: {}
RESULT: undefined
COMMAND: POST /session/79d72962d9b70739fc8ce96689df7cf6/execute/async - {"script":"<script> [776 bytes]","args":[{"enterText":"Z001","selector":{"controlType":"sap.m.Input","viewName":"etm.portal.ui.manageyards.view.New","viewId":"application-manageyards-display-component---NewYard","bindingPath":{"path":"","propertyPath":"/CONTROLLING_AREA","modelName":"NewYardModel"},"interaction":{"idSuffix":"inner"}},"clearTextFirst":true,"interactionType":"ENTER_TEXT"}]}
COMMAND: GET /session/79d72962d9b70739fc8ce96689df7cf6/screenshot - {}
RESULT: {"script":"<script> [776 bytes]","args":[{"enterText":"Z001","selector":{"controlType":"sap.m.Input","viewName":"etm.portal.ui.manageyards.view.New","viewId":"application-manageyards-display-component---NewYard","bindingPath":{"path":"","propertyPath":"/CONTROLLING_AREA","modelName":"NewYardModel"},"interaction":{"idSuffix":"inner"}},"clearTextFirst":true,"interactionType":"ENTER_TEXT"}]}
RESULT: undefined
COMMAND: POST /session/79d72962d9b70739fc8ce96689df7cf6/execute/async - {"script":"<script> [776 bytes]","args":[{"enterText":"1000","selector":{"id":"application-manageyards-display-component---NewYard--companyCodeComboBox","interaction":{"idSuffix":"inner"}},"clearTextFirst":true,"interactionType":"ENTER_TEXT"}]}
RESULT: {}
RESULT: {"script":"<script> [776 bytes]","args":[{"enterText":"1000","selector":{"id":"application-manageyards-display-component---NewYard--companyCodeComboBox","interaction":{"idSuffix":"inner"}},"clearTextFirst":true,"interactionType":"ENTER_TEXT"}]}
RESULT: undefined
COMMAND: POST /session/79d72962d9b70739fc8ce96689df7cf6/execute/async - {"script":"<script> [776 bytes]","args":[{"enterText":"1001","selector":{"controlType":"sap.m.Input","viewName":"etm.portal.ui.manageyards.view.New","viewId":"application-manageyards-display-component---NewYard","bindingPath":{"path":"","propertyPath":"/PLANT","modelName":"NewYardModel"},"interaction":{"idSuffix":"inner"}},"clearTextFirst":true,"interactionType":"ENTER_TEXT"}]}
RESULT: {"script":"<script> [776 bytes]","args":[{"enterText":"1001","selector":{"controlType":"sap.m.Input","viewName":"etm.portal.ui.manageyards.view.New","viewId":"application-manageyards-display-component---NewYard","bindingPath":{"path":"","propertyPath":"/PLANT","modelName":"NewYardModel"},"interaction":{"idSuffix":"inner"}},"clearTextFirst":true,"interactionType":"ENTER_TEXT"}]}
RESULT: undefined
COMMAND: POST /session/79d72962d9b70739fc8ce96689df7cf6/execute/async - {"script":"<script> [776 bytes]","args":[{"enterText":"C002","selector":{"controlType":"sap.m.Input","viewName":"etm.portal.ui.manageyards.view.New","viewId":"application-manageyards-display-component---NewYard","bindingPath":{"path":"","propertyPath":"/SALES_AREA_VKORG","modelName":"NewYardModel"},"interaction":{"idSuffix":"inner"}},"clearTextFirst":true,"interactionType":"ENTER_TEXT"}]}
RESULT: {"script":"<script> [776 bytes]","args":[{"enterText":"C002","selector":{"controlType":"sap.m.Input","viewName":"etm.portal.ui.manageyards.view.New","viewId":"application-manageyards-display-component---NewYard","bindingPath":{"path":"","propertyPath":"/SALES_AREA_VKORG","modelName":"NewYardModel"},"interaction":{"idSuffix":"inner"}},"clearTextFirst":true,"interactionType":"ENTER_TEXT"}]}
RESULT: undefined
COMMAND: POST /session/79d72962d9b70739fc8ce96689df7cf6/execute/async - {"script":"<script> [776 bytes]","args":[{"enterText":"C2","selector":{"controlType":"sap.m.Input","viewName":"etm.portal.ui.manageyards.view.New","viewId":"application-manageyards-display-component---NewYard","bindingPath":{"path":"","propertyPath":"/SALES_AREA_VTWEG","modelName":"NewYardModel"},"interaction":{"idSuffix":"inner"}},"clearTextFirst":true,"interactionType":"ENTER_TEXT"}]}
RESULT: {"script":"<script> [776 bytes]","args":[{"enterText":"C2","selector":{"controlType":"sap.m.Input","viewName":"etm.portal.ui.manageyards.view.New","viewId":"application-manageyards-display-component---NewYard","bindingPath":{"path":"","propertyPath":"/SALES_AREA_VTWEG","modelName":"NewYardModel"},"interaction":{"idSuffix":"inner"}},"clearTextFirst":true,"interactionType":"ENTER_TEXT"}]}
RESULT: undefined
COMMAND: POST /session/79d72962d9b70739fc8ce96689df7cf6/execute/async - {"script":"<script> [776 bytes]","args":[{"enterText":"C2","selector":{"controlType":"sap.m.Input","viewName":"etm.portal.ui.manageyards.view.New","viewId":"application-manageyards-display-component---NewYard","bindingPath":{"path":"","propertyPath":"/SALES_AREA_SPART","modelName":"NewYardModel"},"interaction":{"idSuffix":"inner"}},"clearTextFirst":true,"interactionType":"ENTER_TEXT"}]}
RESULT: {"script":"<script> [776 bytes]","args":[{"enterText":"C2","selector":{"controlType":"sap.m.Input","viewName":"etm.portal.ui.manageyards.view.New","viewId":"application-manageyards-display-component---NewYard","bindingPath":{"path":"","propertyPath":"/SALES_AREA_SPART","modelName":"NewYardModel"},"interaction":{"idSuffix":"inner"}},"clearTextFirst":true,"interactionType":"ENTER_TEXT"}]}
RESULT: undefined
COMMAND: POST /session/79d72962d9b70739fc8ce96689df7cf6/execute/async - {"script":"<script> [776 bytes]","args":[{"enterText":"1710","selector":{"controlType":"sap.m.Input","viewName":"etm.portal.ui.manageyards.view.New","viewId":"application-manageyards-display-component---NewYard","bindingPath":{"path":"","propertyPath":"/SHIP_POINT","modelName":"NewYardModel"},"interaction":{"idSuffix":"inner"}},"clearTextFirst":true,"interactionType":"ENTER_TEXT"}]}
RESULT: {"script":"<script> [776 bytes]","args":[{"enterText":"1710","selector":{"controlType":"sap.m.Input","viewName":"etm.portal.ui.manageyards.view.New","viewId":"application-manageyards-display-component---NewYard","bindingPath":{"path":"","propertyPath":"/SHIP_POINT","modelName":"NewYardModel"},"interaction":{"idSuffix":"inner"}},"clearTextFirst":true,"interactionType":"ENTER_TEXT"}]}
RESULT: undefined
COMMAND: POST /session/79d72962d9b70739fc8ce96689df7cf6/execute/async - {"script":"<script> [776 bytes]","args":[{"enterText":"ZL01","selector":{"controlType":"sap.m.Input","viewName":"etm.portal.ui.manageyards.view.New","viewId":"application-manageyards-display-component---NewYard","bindingPath":{"path":"","propertyPath":"/DELIVERY_TYPE","modelName":"NewYardModel"},"interaction":{"idSuffix":"inner"}},"clearTextFirst":true,"interactionType":"ENTER_TEXT"}]}
RESULT: {"script":"<script> [776 bytes]","args":[{"enterText":"ZL01","selector":{"controlType":"sap.m.Input","viewName":"etm.portal.ui.manageyards.view.New","viewId":"application-manageyards-display-component---NewYard","bindingPath":{"path":"","propertyPath":"/DELIVERY_TYPE","modelName":"NewYardModel"},"interaction":{"idSuffix":"inner"}},"clearTextFirst":true,"interactionType":"ENTER_TEXT"}]}
RESULT: undefined
COMMAND: POST /session/79d72962d9b70739fc8ce96689df7cf6/execute/async - {"script":"<script> [776 bytes]","args":[{"enterText":"TA","selector":{"controlType":"sap.m.Input","viewName":"etm.portal.ui.manageyards.view.New","viewId":"application-manageyards-display-component---NewYard","bindingPath":{"path":"","propertyPath":"/AUART","modelName":"NewYardModel"},"interaction":{"idSuffix":"inner"}},"clearTextFirst":true,"interactionType":"ENTER_TEXT"}]}
RESULT: {"script":"<script> [776 bytes]","args":[{"enterText":"TA","selector":{"controlType":"sap.m.Input","viewName":"etm.portal.ui.manageyards.view.New","viewId":"application-manageyards-display-component---NewYard","bindingPath":{"path":"","propertyPath":"/AUART","modelName":"NewYardModel"},"interaction":{"idSuffix":"inner"}},"clearTextFirst":true,"interactionType":"ENTER_TEXT"}]}
COMMAND: POST /session/79d72962d9b70739fc8ce96689df7cf6/execute/async - {"script":"<script> [1562 bytes]","args":[{"selector":{"id":"application-manageyards-display-component---NewYard--whmCheckBox","interaction":{"idSuffix":"CbBg"}},"wdio_ui5_key":"applicationmanageyards-display-component---NewYard--whmCheckBox"}]}
RESULT: {"script":"<script> [1562 bytes]","args":[{"selector":{"id":"application-manageyards-display-component---NewYard--whmCheckBox","interaction":{"idSuffix":"CbBg"}},"wdio_ui5_key":"applicationmanageyards-display-component---NewYard--whmCheckBox"}]}
RESULT: undefined
COMMAND: POST /session/79d72962d9b70739fc8ce96689df7cf6/element - {"using":"xpath","value":"//*[@id=\"application-manageyards-display-component---NewYard--whmCheckBox\"]"}
RESULT: {"using":"xpath","value":"//*[@id=\"application-manageyards-display-component---NewYard--whmCheckBox\"]"}
COMMAND: POST /session/79d72962d9b70739fc8ce96689df7cf6/element/f.1B562DAB7B69DB519EC194079547F9B8.d.E77682B029F0E136825AFDEF2424FCDB.e.11601/click - {}
RESULT: {}
COMMAND: GET /session/79d72962d9b70739fc8ce96689df7cf6/screenshot - {}
RESULT: {}
COMMAND: POST /session/79d72962d9b70739fc8ce96689df7cf6/element - {"using":"xpath","value":"//button[@data-kt=\"newYardSaveButton\"]"}
RESULT: {"using":"xpath","value":"//button[@data-kt=\"newYardSaveButton\"]"}
COMMAND: POST /session/79d72962d9b70739fc8ce96689df7cf6/element/f.1B562DAB7B69DB519EC194079547F9B8.d.E77682B029F0E136825AFDEF2424FCDB.e.11486/click - {}
RESULT: {}
COMMAND: GET /session/79d72962d9b70739fc8ce96689df7cf6/screenshot - {}
RESULT: {}
COMMAND: POST /session/79d72962d9b70739fc8ce96689df7cf6/element - {"using":"xpath","value":"//header[contains(@id, 'ObjectPageLayout-headerTitle')]/div[1]/div[2]/div[1]/span[1]"}
RESULT: {"using":"xpath","value":"//header[contains(@id, 'ObjectPageLayout-headerTitle')]/div[1]/div[2]/div[1]/span[1]"}
COMMAND: POST /session/79d72962d9b70739fc8ce96689df7cf6/elements - {"using":"xpath","value":"//header[contains(@id, 'ObjectPageLayout-headerTitle')]/div[1]/div[2]/div[1]/span[1]"}
RESULT: {"using":"xpath","value":"//header[contains(@id, 'ObjectPageLayout-headerTitle')]/div[1]/div[2]/div[1]/span[1]"}
COMMAND: POST /session/79d72962d9b70739fc8ce96689df7cf6/execute/sync - {"script":"<script> [56 bytes]","args":[{"element-6066-11e4-a52e-4f735466cecf":"f.1B562DAB7B69DB519EC194079547F9B8.d.E77682B029F0E136825AFDEF2424FCDB.e.11805","ELEMENT":"f.1B562DAB7B69DB519EC194079547F9B8.d.E77682B029F0E136825AFDEF2424FCDB.e.11805"}]}
RESULT: {"script":"<script> [56 bytes]","args":[{"element-6066-11e4-a52e-4f735466cecf":"f.1B562DAB7B69DB519EC194079547F9B8.d.E77682B029F0E136825AFDEF2424FCDB.e.11805","ELEMENT":"f.1B562DAB7B69DB519EC194079547F9B8.d.E77682B029F0E136825AFDEF2424FCDB.e.11805"}]}
COMMAND: GET /session/79d72962d9b70739fc8ce96689df7cf6/screenshot - {}
RESULT: {}
COMMAND: POST /session/79d72962d9b70739fc8ce96689df7cf6/element - {"using":"css selector","value":"#shell-header-logo"}
RESULT: {"using":"css selector","value":"#shell-header-logo"}
COMMAND: POST /session/79d72962d9b70739fc8ce96689df7cf6/element/f.1B562DAB7B69DB519EC194079547F9B8.d.E77682B029F0E136825AFDEF2424FCDB.e.10895/click - {}
RESULT: {}
COMMAND: GET /session/79d72962d9b70739fc8ce96689df7cf6/screenshot - {}
RESULT: {}
COMMAND: POST /session/79d72962d9b70739fc8ce96689df7cf6/execute/sync - {"script":"<script> [299 bytes]","args":[["getModel","getResource"]]}
RESULT: {"script":"<script> [299 bytes]","args":[["getModel","getResource"]]}
COMMAND: GET /session/79d72962d9b70739fc8ce96689df7cf6/screenshot - {}
]]></system-out>
    </testcase>
    <testcase classname="chrome.136_0_7103_93.windows.Create_partner_US118246" name="Should create new external WHM partner" time="98.045">
      <system-out><![CDATA[
COMMAND: POST /session/79d72962d9b70739fc8ce96689df7cf6/window/fullscreen - {}
RESULT: {}
RESULT: {}
RESULT: undefined
COMMAND: POST /session/79d72962d9b70739fc8ce96689df7cf6/element - {"using":"xpath","value":"//*[@id=\"__tile38\"]"}
RESULT: {"using":"xpath","value":"//*[@id=\"__tile38\"]"}
COMMAND: POST /session/79d72962d9b70739fc8ce96689df7cf6/element/f.1B562DAB7B69DB519EC194079547F9B8.d.E77682B029F0E136825AFDEF2424FCDB.e.9341/click - {}
RESULT: {}
COMMAND: GET /session/79d72962d9b70739fc8ce96689df7cf6/screenshot - {}
RESULT: {}
COMMAND: POST /session/79d72962d9b70739fc8ce96689df7cf6/elements - {"using":"xpath","value":"//span[text()='Error']"}
RESULT: {"using":"xpath","value":"//span[text()='Error']"}
COMMAND: POST /session/79d72962d9b70739fc8ce96689df7cf6/element - {"using":"xpath","value":"//button[@data-kt=\"addButton\"]"}
RESULT: {"using":"xpath","value":"//button[@data-kt=\"addButton\"]"}
COMMAND: POST /session/79d72962d9b70739fc8ce96689df7cf6/elements - {"using":"xpath","value":"//button[@data-kt=\"addButton\"]"}
RESULT: {"using":"xpath","value":"//button[@data-kt=\"addButton\"]"}
COMMAND: POST /session/79d72962d9b70739fc8ce96689df7cf6/execute/sync - {"script":"<script> [8489 bytes]","args":[{"element-6066-11e4-a52e-4f735466cecf":"f.1B562DAB7B69DB519EC194079547F9B8.d.E77682B029F0E136825AFDEF2424FCDB.e.11842","ELEMENT":"f.1B562DAB7B69DB519EC194079547F9B8.d.E77682B029F0E136825AFDEF2424FCDB.e.11842"}]}
RESULT: {"script":"<script> [8489 bytes]","args":[{"element-6066-11e4-a52e-4f735466cecf":"f.1B562DAB7B69DB519EC194079547F9B8.d.E77682B029F0E136825AFDEF2424FCDB.e.11842","ELEMENT":"f.1B562DAB7B69DB519EC194079547F9B8.d.E77682B029F0E136825AFDEF2424FCDB.e.11842"}]}
COMMAND: GET /session/79d72962d9b70739fc8ce96689df7cf6/element/f.1B562DAB7B69DB519EC194079547F9B8.d.E77682B029F0E136825AFDEF2424FCDB.e.11842/enabled - {}
COMMAND: GET /session/79d72962d9b70739fc8ce96689df7cf6/screenshot - {}
RESULT: {}
COMMAND: POST /session/79d72962d9b70739fc8ce96689df7cf6/execute/sync - {"script":"<script> [8489 bytes]","args":[{"element-6066-11e4-a52e-4f735466cecf":"f.1B562DAB7B69DB519EC194079547F9B8.d.E77682B029F0E136825AFDEF2424FCDB.e.11842","ELEMENT":"f.1B562DAB7B69DB519EC194079547F9B8.d.E77682B029F0E136825AFDEF2424FCDB.e.11842"}]}
COMMAND: GET /session/79d72962d9b70739fc8ce96689df7cf6/screenshot - {}
RESULT: {}
RESULT: {"script":"<script> [8489 bytes]","args":[{"element-6066-11e4-a52e-4f735466cecf":"f.1B562DAB7B69DB519EC194079547F9B8.d.E77682B029F0E136825AFDEF2424FCDB.e.11842","ELEMENT":"f.1B562DAB7B69DB519EC194079547F9B8.d.E77682B029F0E136825AFDEF2424FCDB.e.11842"}]}
COMMAND: POST /session/79d72962d9b70739fc8ce96689df7cf6/execute/sync - {"script":"<script> [5351 bytes]","args":[{"element-6066-11e4-a52e-4f735466cecf":"f.1B562DAB7B69DB519EC194079547F9B8.d.E77682B029F0E136825AFDEF2424FCDB.e.11842","ELEMENT":"f.1B562DAB7B69DB519EC194079547F9B8.d.E77682B029F0E136825AFDEF2424FCDB.e.11842"}]}
COMMAND: GET /session/79d72962d9b70739fc8ce96689df7cf6/screenshot - {}
RESULT: {}
RESULT: {"script":"<script> [5351 bytes]","args":[{"element-6066-11e4-a52e-4f735466cecf":"f.1B562DAB7B69DB519EC194079547F9B8.d.E77682B029F0E136825AFDEF2424FCDB.e.11842","ELEMENT":"f.1B562DAB7B69DB519EC194079547F9B8.d.E77682B029F0E136825AFDEF2424FCDB.e.11842"}]}
COMMAND: POST /session/79d72962d9b70739fc8ce96689df7cf6/element/f.1B562DAB7B69DB519EC194079547F9B8.d.E77682B029F0E136825AFDEF2424FCDB.e.11842/click - {}
COMMAND: GET /session/79d72962d9b70739fc8ce96689df7cf6/screenshot - {}
RESULT: {}
RESULT: {}
COMMAND: GET /session/79d72962d9b70739fc8ce96689df7cf6/screenshot - {}
RESULT: {}
RESULT: {}
RESULT: undefined
COMMAND: POST /session/79d72962d9b70739fc8ce96689df7cf6/execute/async - {"script":"<script> [776 bytes]","args":[{"enterText":"External Partner WDIO","selector":{"id":"application-managepartners-display-component---NewPartner--addressDetailDetailsName1","interaction":{"idSuffix":"inner"}},"clearTextFirst":true,"interactionType":"ENTER_TEXT"}]}
RESULT: {"script":"<script> [776 bytes]","args":[{"enterText":"External Partner WDIO","selector":{"id":"application-managepartners-display-component---NewPartner--addressDetailDetailsName1","interaction":{"idSuffix":"inner"}},"clearTextFirst":true,"interactionType":"ENTER_TEXT"}]}
RESULT: undefined
COMMAND: POST /session/79d72962d9b70739fc8ce96689df7cf6/element - {"using":"xpath","value":"//*[@id=\"application-managepartners-display-component---NewPartner--addressDetailDetailsLanguage-arrow\"]"}
RESULT: {"using":"xpath","value":"//*[@id=\"application-managepartners-display-component---NewPartner--addressDetailDetailsLanguage-arrow\"]"}
COMMAND: POST /session/79d72962d9b70739fc8ce96689df7cf6/element/f.1B562DAB7B69DB519EC194079547F9B8.d.E77682B029F0E136825AFDEF2424FCDB.e.12292/click - {}
RESULT: {}
COMMAND: POST /session/79d72962d9b70739fc8ce96689df7cf6/element - {"using":"xpath","value":"//span[contains(text(), \"English\")]"}
COMMAND: GET /session/79d72962d9b70739fc8ce96689df7cf6/screenshot - {}
RESULT: {"using":"xpath","value":"//span[contains(text(), \"English\")]"}
COMMAND: POST /session/79d72962d9b70739fc8ce96689df7cf6/element/f.1B562DAB7B69DB519EC194079547F9B8.d.E77682B029F0E136825AFDEF2424FCDB.e.12293/click - {}
RESULT: {}
RESULT: {}
COMMAND: GET /session/79d72962d9b70739fc8ce96689df7cf6/screenshot - {}
RESULT: {}
RESULT: undefined
COMMAND: POST /session/79d72962d9b70739fc8ce96689df7cf6/execute/async - {"script":"<script> [776 bytes]","args":[{"enterText":"Rosario","selector":{"id":"application-managepartners-display-component---NewPartner--addressDetailDetailsCity1","interaction":{"idSuffix":"inner"}},"clearTextFirst":true,"interactionType":"ENTER_TEXT"}]}
RESULT: {"script":"<script> [776 bytes]","args":[{"enterText":"Rosario","selector":{"id":"application-managepartners-display-component---NewPartner--addressDetailDetailsCity1","interaction":{"idSuffix":"inner"}},"clearTextFirst":true,"interactionType":"ENTER_TEXT"}]}
RESULT: undefined
COMMAND: POST /session/79d72962d9b70739fc8ce96689df7cf6/element - {"using":"xpath","value":"//*[@id=\"application-managepartners-display-component---NewPartner--addressDetailDetailsCountry-arrow\"]"}
RESULT: {"using":"xpath","value":"//*[@id=\"application-managepartners-display-component---NewPartner--addressDetailDetailsCountry-arrow\"]"}
COMMAND: POST /session/79d72962d9b70739fc8ce96689df7cf6/element/f.1B562DAB7B69DB519EC194079547F9B8.d.E77682B029F0E136825AFDEF2424FCDB.e.12261/click - {}
RESULT: {}
COMMAND: POST /session/79d72962d9b70739fc8ce96689df7cf6/element - {"using":"xpath","value":"//span[contains(text(), \"Argentina\")]"}
COMMAND: GET /session/79d72962d9b70739fc8ce96689df7cf6/screenshot - {}
RESULT: {"using":"xpath","value":"//span[contains(text(), \"Argentina\")]"}
COMMAND: POST /session/79d72962d9b70739fc8ce96689df7cf6/element/f.1B562DAB7B69DB519EC194079547F9B8.d.E77682B029F0E136825AFDEF2424FCDB.e.12294/click - {}
RESULT: {}
RESULT: {}
COMMAND: GET /session/79d72962d9b70739fc8ce96689df7cf6/screenshot - {}
RESULT: {}
COMMAND: POST /session/79d72962d9b70739fc8ce96689df7cf6/element - {"using":"xpath","value":"//bdi[contains(text(), \"Commercial\")]"}
RESULT: {"using":"xpath","value":"//bdi[contains(text(), \"Commercial\")]"}
COMMAND: POST /session/79d72962d9b70739fc8ce96689df7cf6/element/f.1B562DAB7B69DB519EC194079547F9B8.d.E77682B029F0E136825AFDEF2424FCDB.e.12295/click - {}
RESULT: {}
COMMAND: GET /session/79d72962d9b70739fc8ce96689df7cf6/screenshot - {}
RESULT: {}
RESULT: undefined
COMMAND: POST /session/79d72962d9b70739fc8ce96689df7cf6/element - {"using":"xpath","value":"//*[@id=\"application-managepartners-display-component---NewPartner--partnerDetailInternal-arrow\"]"}
RESULT: {"using":"xpath","value":"//*[@id=\"application-managepartners-display-component---NewPartner--partnerDetailInternal-arrow\"]"}
COMMAND: POST /session/79d72962d9b70739fc8ce96689df7cf6/element/f.1B562DAB7B69DB519EC194079547F9B8.d.E77682B029F0E136825AFDEF2424FCDB.e.12301/click - {}
RESULT: {}
COMMAND: POST /session/79d72962d9b70739fc8ce96689df7cf6/element - {"using":"xpath","value":"//span[contains(text(), \"External partner\")]"}
COMMAND: GET /session/79d72962d9b70739fc8ce96689df7cf6/screenshot - {}
RESULT: {"using":"xpath","value":"//span[contains(text(), \"External partner\")]"}
COMMAND: POST /session/79d72962d9b70739fc8ce96689df7cf6/element/f.1B562DAB7B69DB519EC194079547F9B8.d.E77682B029F0E136825AFDEF2424FCDB.e.12304/click - {}
RESULT: {}
RESULT: {}
RESULT: undefined
COMMAND: POST /session/79d72962d9b70739fc8ce96689df7cf6/element - {"using":"xpath","value":"//*[@id=\"application-managepartners-display-component---NewPartner--partnerDetailsCurrency-arrow\"]"}
COMMAND: GET /session/79d72962d9b70739fc8ce96689df7cf6/screenshot - {}
RESULT: {"using":"xpath","value":"//*[@id=\"application-managepartners-display-component---NewPartner--partnerDetailsCurrency-arrow\"]"}
COMMAND: POST /session/79d72962d9b70739fc8ce96689df7cf6/element/f.1B562DAB7B69DB519EC194079547F9B8.d.E77682B029F0E136825AFDEF2424FCDB.e.12309/click - {}
RESULT: {}
RESULT: {}
COMMAND: POST /session/79d72962d9b70739fc8ce96689df7cf6/element - {"using":"xpath","value":"//span[contains(text(), \"US Dollar\")]"}
COMMAND: GET /session/79d72962d9b70739fc8ce96689df7cf6/screenshot - {}
RESULT: {"using":"xpath","value":"//span[contains(text(), \"US Dollar\")]"}
COMMAND: POST /session/79d72962d9b70739fc8ce96689df7cf6/element/f.1B562DAB7B69DB519EC194079547F9B8.d.E77682B029F0E136825AFDEF2424FCDB.e.12310/click - {}
RESULT: {}
RESULT: {}
COMMAND: GET /session/79d72962d9b70739fc8ce96689df7cf6/screenshot - {}
RESULT: {}
COMMAND: POST /session/79d72962d9b70739fc8ce96689df7cf6/element - {"using":"xpath","value":"//input[@id=\"application-managepartners-display-component---NewPartner--companyCodeComboBox-inner\"]"}
RESULT: {"using":"xpath","value":"//input[@id=\"application-managepartners-display-component---NewPartner--companyCodeComboBox-inner\"]"}
COMMAND: POST /session/79d72962d9b70739fc8ce96689df7cf6/element/f.1B562DAB7B69DB519EC194079547F9B8.d.E77682B029F0E136825AFDEF2424FCDB.e.12199/clear - {}
RESULT: {}
COMMAND: POST /session/79d72962d9b70739fc8ce96689df7cf6/element/f.1B562DAB7B69DB519EC194079547F9B8.d.E77682B029F0E136825AFDEF2424FCDB.e.12199/value - {"text":"C002"}
COMMAND: GET /session/79d72962d9b70739fc8ce96689df7cf6/screenshot - {}
RESULT: {"text":"C002"}
COMMAND: GET /session/79d72962d9b70739fc8ce96689df7cf6/screenshot - {}
RESULT: {}
RESULT: {}
COMMAND: POST /session/79d72962d9b70739fc8ce96689df7cf6/element - {"using":"xpath","value":"//li[.//span[text()= \"C002\"]]"}
RESULT: {"using":"xpath","value":"//li[.//span[text()= \"C002\"]]"}
COMMAND: POST /session/79d72962d9b70739fc8ce96689df7cf6/element/f.1B562DAB7B69DB519EC194079547F9B8.d.E77682B029F0E136825AFDEF2424FCDB.e.12314/click - {}
RESULT: {}
COMMAND: GET /session/79d72962d9b70739fc8ce96689df7cf6/screenshot - {}
RESULT: {}
RESULT: undefined
COMMAND: POST /session/79d72962d9b70739fc8ce96689df7cf6/element - {"using":"xpath","value":"//*[@id=\"application-managepartners-display-component---NewPartner--btnAddTableRow-img\"]"}
RESULT: {"using":"xpath","value":"//*[@id=\"application-managepartners-display-component---NewPartner--btnAddTableRow-img\"]"}
COMMAND: POST /session/79d72962d9b70739fc8ce96689df7cf6/element/f.1B562DAB7B69DB519EC194079547F9B8.d.E77682B029F0E136825AFDEF2424FCDB.e.12315/click - {}
RESULT: {}
COMMAND: GET /session/79d72962d9b70739fc8ce96689df7cf6/screenshot - {}
RESULT: {}
COMMAND: POST /session/79d72962d9b70739fc8ce96689df7cf6/element - {"using":"xpath","value":"//input[@id=\"application-managepartners-display-component---NewPartner--assignmentYard-application-managepartners-display-component---NewPartner--assignmentsTable-0-inner\"]"}
RESULT: {"using":"xpath","value":"//input[@id=\"application-managepartners-display-component---NewPartner--assignmentYard-application-managepartners-display-component---NewPartner--assignmentsTable-0-inner\"]"}
COMMAND: POST /session/79d72962d9b70739fc8ce96689df7cf6/element/f.1B562DAB7B69DB519EC194079547F9B8.d.E77682B029F0E136825AFDEF2424FCDB.e.12318/clear - {}
RESULT: {}
COMMAND: POST /session/79d72962d9b70739fc8ce96689df7cf6/element/f.1B562DAB7B69DB519EC194079547F9B8.d.E77682B029F0E136825AFDEF2424FCDB.e.12318/value - {"text":"648"}
COMMAND: GET /session/79d72962d9b70739fc8ce96689df7cf6/screenshot - {}
RESULT: {"text":"648"}
COMMAND: GET /session/79d72962d9b70739fc8ce96689df7cf6/screenshot - {}
RESULT: {}
RESULT: {}
COMMAND: POST /session/79d72962d9b70739fc8ce96689df7cf6/element - {"using":"xpath","value":"//li[.//span[text()='648']]"}
RESULT: {"using":"xpath","value":"//li[.//span[text()='648']]"}
COMMAND: POST /session/79d72962d9b70739fc8ce96689df7cf6/element/f.1B562DAB7B69DB519EC194079547F9B8.d.E77682B029F0E136825AFDEF2424FCDB.e.12326/click - {}
RESULT: {}
COMMAND: GET /session/79d72962d9b70739fc8ce96689df7cf6/screenshot - {}
RESULT: {}
COMMAND: POST /session/79d72962d9b70739fc8ce96689df7cf6/actions - {"actions":[{"id":"action29","type":"key","parameters":{},"actions":[{"type":"keyDown","value":""},{"type":"pause","duration":10},{"type":"keyUp","value":""}]}]}
RESULT: {"actions":[{"id":"action29","type":"key","parameters":{},"actions":[{"type":"keyDown","value":""},{"type":"pause","duration":10},{"type":"keyUp","value":""}]}]}
COMMAND: POST /session/79d72962d9b70739fc8ce96689df7cf6/element - {"using":"xpath","value":"//td[contains(@id, \"assignmentsTable-0-cell2\")]/div/div"}
COMMAND: GET /session/79d72962d9b70739fc8ce96689df7cf6/screenshot - {}
RESULT: {"using":"xpath","value":"//td[contains(@id, \"assignmentsTable-0-cell2\")]/div/div"}
COMMAND: POST /session/79d72962d9b70739fc8ce96689df7cf6/element/f.1B562DAB7B69DB519EC194079547F9B8.d.E77682B029F0E136825AFDEF2424FCDB.e.12329/click - {}
RESULT: {}
RESULT: {}
COMMAND: GET /session/79d72962d9b70739fc8ce96689df7cf6/screenshot - {}
RESULT: {}
COMMAND: POST /session/79d72962d9b70739fc8ce96689df7cf6/element - {"using":"xpath","value":"//button[@data-kt=\"saveButton\"]"}
RESULT: {"using":"xpath","value":"//button[@data-kt=\"saveButton\"]"}
COMMAND: POST /session/79d72962d9b70739fc8ce96689df7cf6/element/f.1B562DAB7B69DB519EC194079547F9B8.d.E77682B029F0E136825AFDEF2424FCDB.e.12257/click - {}
RESULT: {}
COMMAND: GET /session/79d72962d9b70739fc8ce96689df7cf6/screenshot - {}
RESULT: {}
COMMAND: POST /session/79d72962d9b70739fc8ce96689df7cf6/element - {"using":"xpath","value":"//header[contains(@id, 'ObjectPageLayout-headerTitle')]/div[1]/div[2]/div[2]/span[1]"}
RESULT: {"using":"xpath","value":"//header[contains(@id, 'ObjectPageLayout-headerTitle')]/div[1]/div[2]/div[2]/span[1]"}
COMMAND: POST /session/79d72962d9b70739fc8ce96689df7cf6/elements - {"using":"xpath","value":"//header[contains(@id, 'ObjectPageLayout-headerTitle')]/div[1]/div[2]/div[2]/span[1]"}
RESULT: {"using":"xpath","value":"//header[contains(@id, 'ObjectPageLayout-headerTitle')]/div[1]/div[2]/div[2]/span[1]"}
COMMAND: POST /session/79d72962d9b70739fc8ce96689df7cf6/execute/sync - {"script":"<script> [56 bytes]","args":[{"element-6066-11e4-a52e-4f735466cecf":"f.1B562DAB7B69DB519EC194079547F9B8.d.E77682B029F0E136825AFDEF2424FCDB.e.12492","ELEMENT":"f.1B562DAB7B69DB519EC194079547F9B8.d.E77682B029F0E136825AFDEF2424FCDB.e.12492"}]}
RESULT: {"script":"<script> [56 bytes]","args":[{"element-6066-11e4-a52e-4f735466cecf":"f.1B562DAB7B69DB519EC194079547F9B8.d.E77682B029F0E136825AFDEF2424FCDB.e.12492","ELEMENT":"f.1B562DAB7B69DB519EC194079547F9B8.d.E77682B029F0E136825AFDEF2424FCDB.e.12492"}]}
COMMAND: POST /session/79d72962d9b70739fc8ce96689df7cf6/element - {"using":"css selector","value":"#shell-header-logo"}
COMMAND: GET /session/79d72962d9b70739fc8ce96689df7cf6/screenshot - {}
RESULT: {"using":"css selector","value":"#shell-header-logo"}
COMMAND: POST /session/79d72962d9b70739fc8ce96689df7cf6/element/f.1B562DAB7B69DB519EC194079547F9B8.d.E77682B029F0E136825AFDEF2424FCDB.e.11808/click - {}
RESULT: {}
RESULT: {}
COMMAND: GET /session/79d72962d9b70739fc8ce96689df7cf6/screenshot - {}
RESULT: {}
COMMAND: POST /session/79d72962d9b70739fc8ce96689df7cf6/execute/sync - {"script":"<script> [299 bytes]","args":[["getModel","getResource"]]}
RESULT: {"script":"<script> [299 bytes]","args":[["getModel","getResource"]]}
COMMAND: GET /session/79d72962d9b70739fc8ce96689df7cf6/screenshot - {}
RESULT: {}
COMMAND: DELETE /session/79d72962d9b70739fc8ce96689df7cf6 - {}
RESULT: {}
]]></system-out>
    </testcase>
  </testsuite>
</testsuites>