<?xml version="1.0" encoding="UTF-8"?>
<testsuites tests="15" failures="0" errors="0" skipped="0">
  <testsuite timestamp="2025-05-06T17:33:49" time="1282.752" tests="11" failures="0" errors="0" skipped="0">
    <properties>
      <property name="specId" value="0" />
      <property name="suiteName" value="Partner specific tests US150819 US151080 US151654 US151176 US103444 US151078 US151079 US151109 US151174 US151175 US151189" />
      <property name="capabilities" value="chrome.135_0_7049_115.windows" />
      <property name="file" value="file:///D:/a/1/s/test/specs/BTS/manage-partners.spec.js" />
    </properties>
    <testcase classname="chrome.135_0_7049_115.windows.Partner_specific_tests_US150819_US151080_US151654_US151176_US103444_US151078_US151079_US151109_US151174_US151175_US151189" name="Should create a new yard prerequisite" time="114.755">
      <system-out><![CDATA[
COMMAND: POST /session/aedcc668f48e21658cbc6750609d6355/window/fullscreen - {}
RESULT: {}
COMMAND: POST /session/aedcc668f48e21658cbc6750609d6355/element - {"using":"xpath","value":"//li[.//span[text()=\"Manage Partners\"]]"}
RESULT: {"using":"xpath","value":"//li[.//span[text()=\"Manage Partners\"]]"}
COMMAND: POST /session/aedcc668f48e21658cbc6750609d6355/element - {"using":"xpath","value":"//li[.//span[text()=\"Manage Partners\"]]"}
RESULT: {"using":"xpath","value":"//li[.//span[text()=\"Manage Partners\"]]"}
COMMAND: POST /session/aedcc668f48e21658cbc6750609d6355/element - {"using":"css selector","value":"#shell-header-logo"}
RESULT: {"using":"css selector","value":"#shell-header-logo"}
COMMAND: POST /session/aedcc668f48e21658cbc6750609d6355/element/f.8AFBB3AC1A82BF87553E3B2FEF1B5657.d.0C981AC01CAB60FD843A9FDAAF1E901E.e.264/click - {}
COMMAND: POST /session/aedcc668f48e21658cbc6750609d6355/execute/sync - {"script":"<script> [8489 bytes]","args":[{"element-6066-11e4-a52e-4f735466cecf":"f.8AFBB3AC1A82BF87553E3B2FEF1B5657.d.0C981AC01CAB60FD843A9FDAAF1E901E.e.264","ELEMENT":"f.8AFBB3AC1A82BF87553E3B2FEF1B5657.d.0C981AC01CAB60FD843A9FDAAF1E901E.e.264"}]}
RESULT: {}
COMMAND: GET /session/aedcc668f48e21658cbc6750609d6355/screenshot - {}
RESULT: {"script":"<script> [8489 bytes]","args":[{"element-6066-11e4-a52e-4f735466cecf":"f.8AFBB3AC1A82BF87553E3B2FEF1B5657.d.0C981AC01CAB60FD843A9FDAAF1E901E.e.264","ELEMENT":"f.8AFBB3AC1A82BF87553E3B2FEF1B5657.d.0C981AC01CAB60FD843A9FDAAF1E901E.e.264"}]}
COMMAND: POST /session/aedcc668f48e21658cbc6750609d6355/execute/sync - {"script":"<script> [5351 bytes]","args":[{"element-6066-11e4-a52e-4f735466cecf":"f.8AFBB3AC1A82BF87553E3B2FEF1B5657.d.0C981AC01CAB60FD843A9FDAAF1E901E.e.264","ELEMENT":"f.8AFBB3AC1A82BF87553E3B2FEF1B5657.d.0C981AC01CAB60FD843A9FDAAF1E901E.e.264"}]}
COMMAND: GET /session/aedcc668f48e21658cbc6750609d6355/screenshot - {}
RESULT: {}
RESULT: {"script":"<script> [5351 bytes]","args":[{"element-6066-11e4-a52e-4f735466cecf":"f.8AFBB3AC1A82BF87553E3B2FEF1B5657.d.0C981AC01CAB60FD843A9FDAAF1E901E.e.264","ELEMENT":"f.8AFBB3AC1A82BF87553E3B2FEF1B5657.d.0C981AC01CAB60FD843A9FDAAF1E901E.e.264"}]}
COMMAND: GET /session/aedcc668f48e21658cbc6750609d6355/screenshot - {}
RESULT: {}
RESULT: {}
COMMAND: POST /session/aedcc668f48e21658cbc6750609d6355/execute/async - {"script":"<script> [1562 bytes]","args":[{"selector":{"controlType":"sap.m.GenericTile","properties":{"header":"Manage Yards"}},"wdio_ui5_key":"sapm.GenericTile{\"header\":\"Manage Yards\"}"}]}
RESULT: {"script":"<script> [1562 bytes]","args":[{"selector":{"controlType":"sap.m.GenericTile","properties":{"header":"Manage Yards"}},"wdio_ui5_key":"sapm.GenericTile{\"header\":\"Manage Yards\"}"}]}
RESULT: undefined
COMMAND: POST /session/aedcc668f48e21658cbc6750609d6355/element - {"using":"xpath","value":"//*[@id=\"__tile41\"]"}
RESULT: {"using":"xpath","value":"//*[@id=\"__tile41\"]"}
COMMAND: POST /session/aedcc668f48e21658cbc6750609d6355/element/f.8AFBB3AC1A82BF87553E3B2FEF1B5657.d.0C981AC01CAB60FD843A9FDAAF1E901E.e.162/click - {}
RESULT: {}
COMMAND: POST /session/aedcc668f48e21658cbc6750609d6355/element - {"using":"xpath","value":"//button[@data-kt=\"addNewYardOverflowToolbarButton\"]"}
COMMAND: GET /session/aedcc668f48e21658cbc6750609d6355/screenshot - {}
RESULT: {"using":"xpath","value":"//button[@data-kt=\"addNewYardOverflowToolbarButton\"]"}
COMMAND: POST /session/aedcc668f48e21658cbc6750609d6355/elements - {"using":"xpath","value":"//button[@data-kt=\"addNewYardOverflowToolbarButton\"]"}
RESULT: {}
RESULT: {"using":"xpath","value":"//button[@data-kt=\"addNewYardOverflowToolbarButton\"]"}
COMMAND: POST /session/aedcc668f48e21658cbc6750609d6355/elements - {"using":"xpath","value":"//button[@data-kt=\"addNewYardOverflowToolbarButton\"]"}
RESULT: {"using":"xpath","value":"//button[@data-kt=\"addNewYardOverflowToolbarButton\"]"}
COMMAND: POST /session/aedcc668f48e21658cbc6750609d6355/elements - {"using":"xpath","value":"//button[@data-kt=\"addNewYardOverflowToolbarButton\"]"}
RESULT: {"using":"xpath","value":"//button[@data-kt=\"addNewYardOverflowToolbarButton\"]"}
COMMAND: POST /session/aedcc668f48e21658cbc6750609d6355/elements - {"using":"xpath","value":"//button[@data-kt=\"addNewYardOverflowToolbarButton\"]"}
RESULT: {"using":"xpath","value":"//button[@data-kt=\"addNewYardOverflowToolbarButton\"]"}
COMMAND: POST /session/aedcc668f48e21658cbc6750609d6355/elements - {"using":"xpath","value":"//button[@data-kt=\"addNewYardOverflowToolbarButton\"]"}
RESULT: {"using":"xpath","value":"//button[@data-kt=\"addNewYardOverflowToolbarButton\"]"}
COMMAND: POST /session/aedcc668f48e21658cbc6750609d6355/elements - {"using":"xpath","value":"//button[@data-kt=\"addNewYardOverflowToolbarButton\"]"}
RESULT: {"using":"xpath","value":"//button[@data-kt=\"addNewYardOverflowToolbarButton\"]"}
COMMAND: POST /session/aedcc668f48e21658cbc6750609d6355/elements - {"using":"xpath","value":"//button[@data-kt=\"addNewYardOverflowToolbarButton\"]"}
RESULT: {"using":"xpath","value":"//button[@data-kt=\"addNewYardOverflowToolbarButton\"]"}
COMMAND: POST /session/aedcc668f48e21658cbc6750609d6355/elements - {"using":"xpath","value":"//button[@data-kt=\"addNewYardOverflowToolbarButton\"]"}
RESULT: {"using":"xpath","value":"//button[@data-kt=\"addNewYardOverflowToolbarButton\"]"}
COMMAND: POST /session/aedcc668f48e21658cbc6750609d6355/elements - {"using":"xpath","value":"//button[@data-kt=\"addNewYardOverflowToolbarButton\"]"}
RESULT: {"using":"xpath","value":"//button[@data-kt=\"addNewYardOverflowToolbarButton\"]"}
COMMAND: POST /session/aedcc668f48e21658cbc6750609d6355/elements - {"using":"xpath","value":"//button[@data-kt=\"addNewYardOverflowToolbarButton\"]"}
RESULT: {"using":"xpath","value":"//button[@data-kt=\"addNewYardOverflowToolbarButton\"]"}
COMMAND: POST /session/aedcc668f48e21658cbc6750609d6355/elements - {"using":"xpath","value":"//button[@data-kt=\"addNewYardOverflowToolbarButton\"]"}
RESULT: {"using":"xpath","value":"//button[@data-kt=\"addNewYardOverflowToolbarButton\"]"}
COMMAND: POST /session/aedcc668f48e21658cbc6750609d6355/elements - {"using":"xpath","value":"//button[@data-kt=\"addNewYardOverflowToolbarButton\"]"}
RESULT: {"using":"xpath","value":"//button[@data-kt=\"addNewYardOverflowToolbarButton\"]"}
COMMAND: POST /session/aedcc668f48e21658cbc6750609d6355/elements - {"using":"xpath","value":"//button[@data-kt=\"addNewYardOverflowToolbarButton\"]"}
RESULT: {"using":"xpath","value":"//button[@data-kt=\"addNewYardOverflowToolbarButton\"]"}
COMMAND: POST /session/aedcc668f48e21658cbc6750609d6355/elements - {"using":"xpath","value":"//button[@data-kt=\"addNewYardOverflowToolbarButton\"]"}
RESULT: {"using":"xpath","value":"//button[@data-kt=\"addNewYardOverflowToolbarButton\"]"}
COMMAND: POST /session/aedcc668f48e21658cbc6750609d6355/elements - {"using":"xpath","value":"//button[@data-kt=\"addNewYardOverflowToolbarButton\"]"}
RESULT: {"using":"xpath","value":"//button[@data-kt=\"addNewYardOverflowToolbarButton\"]"}
COMMAND: POST /session/aedcc668f48e21658cbc6750609d6355/elements - {"using":"xpath","value":"//button[@data-kt=\"addNewYardOverflowToolbarButton\"]"}
RESULT: {"using":"xpath","value":"//button[@data-kt=\"addNewYardOverflowToolbarButton\"]"}
COMMAND: POST /session/aedcc668f48e21658cbc6750609d6355/elements - {"using":"xpath","value":"//button[@data-kt=\"addNewYardOverflowToolbarButton\"]"}
RESULT: {"using":"xpath","value":"//button[@data-kt=\"addNewYardOverflowToolbarButton\"]"}
COMMAND: POST /session/aedcc668f48e21658cbc6750609d6355/elements - {"using":"xpath","value":"//button[@data-kt=\"addNewYardOverflowToolbarButton\"]"}
RESULT: {"using":"xpath","value":"//button[@data-kt=\"addNewYardOverflowToolbarButton\"]"}
COMMAND: POST /session/aedcc668f48e21658cbc6750609d6355/elements - {"using":"xpath","value":"//button[@data-kt=\"addNewYardOverflowToolbarButton\"]"}
RESULT: {"using":"xpath","value":"//button[@data-kt=\"addNewYardOverflowToolbarButton\"]"}
COMMAND: POST /session/aedcc668f48e21658cbc6750609d6355/elements - {"using":"xpath","value":"//button[@data-kt=\"addNewYardOverflowToolbarButton\"]"}
RESULT: {"using":"xpath","value":"//button[@data-kt=\"addNewYardOverflowToolbarButton\"]"}
COMMAND: POST /session/aedcc668f48e21658cbc6750609d6355/elements - {"using":"xpath","value":"//button[@data-kt=\"addNewYardOverflowToolbarButton\"]"}
RESULT: {"using":"xpath","value":"//button[@data-kt=\"addNewYardOverflowToolbarButton\"]"}
COMMAND: POST /session/aedcc668f48e21658cbc6750609d6355/elements - {"using":"xpath","value":"//button[@data-kt=\"addNewYardOverflowToolbarButton\"]"}
RESULT: {"using":"xpath","value":"//button[@data-kt=\"addNewYardOverflowToolbarButton\"]"}
COMMAND: POST /session/aedcc668f48e21658cbc6750609d6355/element - {"using":"xpath","value":"//button[@data-kt=\"addNewYardOverflowToolbarButton\"]"}
RESULT: {"using":"xpath","value":"//button[@data-kt=\"addNewYardOverflowToolbarButton\"]"}
COMMAND: POST /session/aedcc668f48e21658cbc6750609d6355/execute/sync - {"script":"<script> [8489 bytes]","args":[{"element-6066-11e4-a52e-4f735466cecf":"f.8AFBB3AC1A82BF87553E3B2FEF1B5657.d.0C981AC01CAB60FD843A9FDAAF1E901E.e.296","ELEMENT":"f.8AFBB3AC1A82BF87553E3B2FEF1B5657.d.0C981AC01CAB60FD843A9FDAAF1E901E.e.296"}]}
RESULT: {"script":"<script> [8489 bytes]","args":[{"element-6066-11e4-a52e-4f735466cecf":"f.8AFBB3AC1A82BF87553E3B2FEF1B5657.d.0C981AC01CAB60FD843A9FDAAF1E901E.e.296","ELEMENT":"f.8AFBB3AC1A82BF87553E3B2FEF1B5657.d.0C981AC01CAB60FD843A9FDAAF1E901E.e.296"}]}
COMMAND: GET /session/aedcc668f48e21658cbc6750609d6355/element/f.8AFBB3AC1A82BF87553E3B2FEF1B5657.d.0C981AC01CAB60FD843A9FDAAF1E901E.e.296/enabled - {}
COMMAND: GET /session/aedcc668f48e21658cbc6750609d6355/screenshot - {}
RESULT: {}
COMMAND: POST /session/aedcc668f48e21658cbc6750609d6355/execute/sync - {"script":"<script> [8489 bytes]","args":[{"element-6066-11e4-a52e-4f735466cecf":"f.8AFBB3AC1A82BF87553E3B2FEF1B5657.d.0C981AC01CAB60FD843A9FDAAF1E901E.e.296","ELEMENT":"f.8AFBB3AC1A82BF87553E3B2FEF1B5657.d.0C981AC01CAB60FD843A9FDAAF1E901E.e.296"}]}
COMMAND: GET /session/aedcc668f48e21658cbc6750609d6355/screenshot - {}
RESULT: {}
RESULT: {"script":"<script> [8489 bytes]","args":[{"element-6066-11e4-a52e-4f735466cecf":"f.8AFBB3AC1A82BF87553E3B2FEF1B5657.d.0C981AC01CAB60FD843A9FDAAF1E901E.e.296","ELEMENT":"f.8AFBB3AC1A82BF87553E3B2FEF1B5657.d.0C981AC01CAB60FD843A9FDAAF1E901E.e.296"}]}
COMMAND: POST /session/aedcc668f48e21658cbc6750609d6355/execute/sync - {"script":"<script> [5351 bytes]","args":[{"element-6066-11e4-a52e-4f735466cecf":"f.8AFBB3AC1A82BF87553E3B2FEF1B5657.d.0C981AC01CAB60FD843A9FDAAF1E901E.e.296","ELEMENT":"f.8AFBB3AC1A82BF87553E3B2FEF1B5657.d.0C981AC01CAB60FD843A9FDAAF1E901E.e.296"}]}
COMMAND: GET /session/aedcc668f48e21658cbc6750609d6355/screenshot - {}
RESULT: {}
RESULT: {"script":"<script> [5351 bytes]","args":[{"element-6066-11e4-a52e-4f735466cecf":"f.8AFBB3AC1A82BF87553E3B2FEF1B5657.d.0C981AC01CAB60FD843A9FDAAF1E901E.e.296","ELEMENT":"f.8AFBB3AC1A82BF87553E3B2FEF1B5657.d.0C981AC01CAB60FD843A9FDAAF1E901E.e.296"}]}
COMMAND: POST /session/aedcc668f48e21658cbc6750609d6355/element/f.8AFBB3AC1A82BF87553E3B2FEF1B5657.d.0C981AC01CAB60FD843A9FDAAF1E901E.e.296/click - {}
COMMAND: GET /session/aedcc668f48e21658cbc6750609d6355/screenshot - {}
RESULT: {}
RESULT: {}
COMMAND: GET /session/aedcc668f48e21658cbc6750609d6355/screenshot - {}
RESULT: {}
COMMAND: POST /session/aedcc668f48e21658cbc6750609d6355/element - {"using":"xpath","value":"//input[@id=\"application-manageyards-display-component---NewYard--yardId-inner\"]"}
RESULT: {}
RESULT: {"using":"xpath","value":"//input[@id=\"application-manageyards-display-component---NewYard--yardId-inner\"]"}
COMMAND: POST /session/aedcc668f48e21658cbc6750609d6355/element - {"using":"xpath","value":"//input[@id=\"application-manageyards-display-component---NewYard--yardId-inner\"]"}
RESULT: {"using":"xpath","value":"//input[@id=\"application-manageyards-display-component---NewYard--yardId-inner\"]"}
COMMAND: POST /session/aedcc668f48e21658cbc6750609d6355/execute/async - {"script":"<script> [1562 bytes]","args":[{"selector":{"id":"application-manageyards-display-component---NewYard--addressDetailDetailsName1","interaction":{"idSuffix":"inner"}},"wdio_ui5_key":"applicationmanageyards-display-component---NewYard--addressDetailDetailsName1"}]}
RESULT: {"script":"<script> [1562 bytes]","args":[{"selector":{"id":"application-manageyards-display-component---NewYard--addressDetailDetailsName1","interaction":{"idSuffix":"inner"}},"wdio_ui5_key":"applicationmanageyards-display-component---NewYard--addressDetailDetailsName1"}]}
RESULT: undefined
COMMAND: POST /session/aedcc668f48e21658cbc6750609d6355/execute/async - {"script":"<script> [776 bytes]","args":[{"enterText":"Intracompany Yard wdIO","selector":{"id":"application-manageyards-display-component---NewYard--addressDetailDetailsName1","interaction":{"idSuffix":"inner"}},"clearTextFirst":true,"interactionType":"ENTER_TEXT"}]}
RESULT: {"script":"<script> [776 bytes]","args":[{"enterText":"Intracompany Yard wdIO","selector":{"id":"application-manageyards-display-component---NewYard--addressDetailDetailsName1","interaction":{"idSuffix":"inner"}},"clearTextFirst":true,"interactionType":"ENTER_TEXT"}]}
COMMAND: POST /session/aedcc668f48e21658cbc6750609d6355/execute/async - {"script":"<script> [1562 bytes]","args":[{"selector":{"id":"application-manageyards-display-component---NewYard--addressDetailDetailsLanguage-arrow"},"wdio_ui5_key":"applicationmanageyards-display-component---NewYard--addressDetailDetailsLanguage-arrow"}]}
RESULT: {"script":"<script> [1562 bytes]","args":[{"selector":{"id":"application-manageyards-display-component---NewYard--addressDetailDetailsLanguage-arrow"},"wdio_ui5_key":"applicationmanageyards-display-component---NewYard--addressDetailDetailsLanguage-arrow"}]}
RESULT: undefined
COMMAND: POST /session/aedcc668f48e21658cbc6750609d6355/element - {"using":"xpath","value":"//*[@id=\"application-manageyards-display-component---NewYard--addressDetailDetailsLanguage-arrow\"]"}
RESULT: {"using":"xpath","value":"//*[@id=\"application-manageyards-display-component---NewYard--addressDetailDetailsLanguage-arrow\"]"}
COMMAND: POST /session/aedcc668f48e21658cbc6750609d6355/element/f.8AFBB3AC1A82BF87553E3B2FEF1B5657.d.0C981AC01CAB60FD843A9FDAAF1E901E.e.729/click - {}
RESULT: {}
COMMAND: POST /session/aedcc668f48e21658cbc6750609d6355/element - {"using":"xpath","value":"//span[contains(text(), \"English\")]"}
COMMAND: GET /session/aedcc668f48e21658cbc6750609d6355/screenshot - {}
RESULT: {"using":"xpath","value":"//span[contains(text(), \"English\")]"}
COMMAND: POST /session/aedcc668f48e21658cbc6750609d6355/element/f.8AFBB3AC1A82BF87553E3B2FEF1B5657.d.0C981AC01CAB60FD843A9FDAAF1E901E.e.730/click - {}
RESULT: {}
RESULT: {}
COMMAND: POST /session/aedcc668f48e21658cbc6750609d6355/execute/async - {"script":"<script> [1562 bytes]","args":[{"selector":{"id":"application-manageyards-display-component---NewYard--addressDetailDetailsCity1","interaction":{"idSuffix":"inner"}},"wdio_ui5_key":"applicationmanageyards-display-component---NewYard--addressDetailDetailsCity1"}]}
COMMAND: GET /session/aedcc668f48e21658cbc6750609d6355/screenshot - {}
RESULT: {"script":"<script> [1562 bytes]","args":[{"selector":{"id":"application-manageyards-display-component---NewYard--addressDetailDetailsCity1","interaction":{"idSuffix":"inner"}},"wdio_ui5_key":"applicationmanageyards-display-component---NewYard--addressDetailDetailsCity1"}]}
RESULT: undefined
COMMAND: POST /session/aedcc668f48e21658cbc6750609d6355/execute/async - {"script":"<script> [776 bytes]","args":[{"enterText":"Rosario","selector":{"id":"application-manageyards-display-component---NewYard--addressDetailDetailsCity1","interaction":{"idSuffix":"inner"}},"clearTextFirst":true,"interactionType":"ENTER_TEXT"}]}
RESULT: {}
RESULT: {"script":"<script> [776 bytes]","args":[{"enterText":"Rosario","selector":{"id":"application-manageyards-display-component---NewYard--addressDetailDetailsCity1","interaction":{"idSuffix":"inner"}},"clearTextFirst":true,"interactionType":"ENTER_TEXT"}]}
COMMAND: POST /session/aedcc668f48e21658cbc6750609d6355/execute/async - {"script":"<script> [1562 bytes]","args":[{"selector":{"id":"application-manageyards-display-component---NewYard--addressDetailDetailsCountry-arrow"},"wdio_ui5_key":"applicationmanageyards-display-component---NewYard--addressDetailDetailsCountry-arrow"}]}
RESULT: {"script":"<script> [1562 bytes]","args":[{"selector":{"id":"application-manageyards-display-component---NewYard--addressDetailDetailsCountry-arrow"},"wdio_ui5_key":"applicationmanageyards-display-component---NewYard--addressDetailDetailsCountry-arrow"}]}
RESULT: undefined
COMMAND: POST /session/aedcc668f48e21658cbc6750609d6355/element - {"using":"xpath","value":"//*[@id=\"application-manageyards-display-component---NewYard--addressDetailDetailsCountry-arrow\"]"}
RESULT: {"using":"xpath","value":"//*[@id=\"application-manageyards-display-component---NewYard--addressDetailDetailsCountry-arrow\"]"}
COMMAND: POST /session/aedcc668f48e21658cbc6750609d6355/element/f.8AFBB3AC1A82BF87553E3B2FEF1B5657.d.0C981AC01CAB60FD843A9FDAAF1E901E.e.732/click - {}
RESULT: {}
COMMAND: POST /session/aedcc668f48e21658cbc6750609d6355/element - {"using":"xpath","value":"//span[contains(text(), \"Argentina\")]"}
COMMAND: GET /session/aedcc668f48e21658cbc6750609d6355/screenshot - {}
RESULT: {"using":"xpath","value":"//span[contains(text(), \"Argentina\")]"}
COMMAND: POST /session/aedcc668f48e21658cbc6750609d6355/element/f.8AFBB3AC1A82BF87553E3B2FEF1B5657.d.0C981AC01CAB60FD843A9FDAAF1E901E.e.733/click - {}
RESULT: {}
RESULT: {}
COMMAND: POST /session/aedcc668f48e21658cbc6750609d6355/execute/async - {"script":"<script> [1562 bytes]","args":[{"selector":{"id":"application-manageyards-display-component---NewYard--addressEditDetailsCostObjectCstType-arrow"},"wdio_ui5_key":"applicationmanageyards-display-component---NewYard--addressEditDetailsCostObjectCstType-arrow"}]}
COMMAND: GET /session/aedcc668f48e21658cbc6750609d6355/screenshot - {}
RESULT: {"script":"<script> [1562 bytes]","args":[{"selector":{"id":"application-manageyards-display-component---NewYard--addressEditDetailsCostObjectCstType-arrow"},"wdio_ui5_key":"applicationmanageyards-display-component---NewYard--addressEditDetailsCostObjectCstType-arrow"}]}
RESULT: undefined
COMMAND: POST /session/aedcc668f48e21658cbc6750609d6355/element - {"using":"xpath","value":"//*[@id=\"application-manageyards-display-component---NewYard--addressEditDetailsCostObjectCstType-arrow\"]"}
RESULT: {}
RESULT: {"using":"xpath","value":"//*[@id=\"application-manageyards-display-component---NewYard--addressEditDetailsCostObjectCstType-arrow\"]"}
COMMAND: POST /session/aedcc668f48e21658cbc6750609d6355/element/f.8AFBB3AC1A82BF87553E3B2FEF1B5657.d.0C981AC01CAB60FD843A9FDAAF1E901E.e.735/click - {}
RESULT: {}
COMMAND: POST /session/aedcc668f48e21658cbc6750609d6355/element - {"using":"xpath","value":"//span[contains(text(), \"Cost Center\")]"}
COMMAND: GET /session/aedcc668f48e21658cbc6750609d6355/screenshot - {}
RESULT: {"using":"xpath","value":"//span[contains(text(), \"Cost Center\")]"}
COMMAND: POST /session/aedcc668f48e21658cbc6750609d6355/element/f.8AFBB3AC1A82BF87553E3B2FEF1B5657.d.0C981AC01CAB60FD843A9FDAAF1E901E.e.736/click - {}
RESULT: {}
RESULT: {}
COMMAND: GET /session/aedcc668f48e21658cbc6750609d6355/screenshot - {}
RESULT: {}
COMMAND: POST /session/aedcc668f48e21658cbc6750609d6355/element - {"using":"xpath","value":"//span[@id=\"application-manageyards-display-component---NewYard--addressNewCostObjectCstID-vhi\"]"}
RESULT: {"using":"xpath","value":"//span[@id=\"application-manageyards-display-component---NewYard--addressNewCostObjectCstID-vhi\"]"}
COMMAND: POST /session/aedcc668f48e21658cbc6750609d6355/execute/sync - {"script":"<script> [8489 bytes]","args":[{"element-6066-11e4-a52e-4f735466cecf":"f.8AFBB3AC1A82BF87553E3B2FEF1B5657.d.0C981AC01CAB60FD843A9FDAAF1E901E.e.740","ELEMENT":"f.8AFBB3AC1A82BF87553E3B2FEF1B5657.d.0C981AC01CAB60FD843A9FDAAF1E901E.e.740"}]}
RESULT: {"script":"<script> [8489 bytes]","args":[{"element-6066-11e4-a52e-4f735466cecf":"f.8AFBB3AC1A82BF87553E3B2FEF1B5657.d.0C981AC01CAB60FD843A9FDAAF1E901E.e.740","ELEMENT":"f.8AFBB3AC1A82BF87553E3B2FEF1B5657.d.0C981AC01CAB60FD843A9FDAAF1E901E.e.740"}]}
COMMAND: POST /session/aedcc668f48e21658cbc6750609d6355/execute/async - {"script":"<script> [1562 bytes]","args":[{"selector":{"id":"application-manageyards-display-component---NewYard--addressNewCostObjectCstID-vhi"},"wdio_ui5_key":"applicationmanageyards-display-component---NewYard--addressNewCostObjectCstID-vhi"}]}
COMMAND: GET /session/aedcc668f48e21658cbc6750609d6355/screenshot - {}
RESULT: {"script":"<script> [1562 bytes]","args":[{"selector":{"id":"application-manageyards-display-component---NewYard--addressNewCostObjectCstID-vhi"},"wdio_ui5_key":"applicationmanageyards-display-component---NewYard--addressNewCostObjectCstID-vhi"}]}
RESULT: undefined
COMMAND: POST /session/aedcc668f48e21658cbc6750609d6355/element - {"using":"xpath","value":"//*[@id=\"application-manageyards-display-component---NewYard--addressNewCostObjectCstID-vhi\"]"}
RESULT: {}
RESULT: {"using":"xpath","value":"//*[@id=\"application-manageyards-display-component---NewYard--addressNewCostObjectCstID-vhi\"]"}
COMMAND: POST /session/aedcc668f48e21658cbc6750609d6355/element/f.8AFBB3AC1A82BF87553E3B2FEF1B5657.d.0C981AC01CAB60FD843A9FDAAF1E901E.e.740/click - {}
RESULT: {}
COMMAND: GET /session/aedcc668f48e21658cbc6750609d6355/screenshot - {}
RESULT: {}
COMMAND: POST /session/aedcc668f48e21658cbc6750609d6355/execute/async - {"script":"<script> [1562 bytes]","args":[{"selector":{"controlType":"sap.m.SearchField","properties":{"placeholder":"Search"},"searchOpenDialogs":true,"interaction":{"idSuffix":"I"}},"wdio_ui5_key":"sapm.SearchField{\"placeholder\":\"Search\"}"}]}
RESULT: {"script":"<script> [1562 bytes]","args":[{"selector":{"controlType":"sap.m.SearchField","properties":{"placeholder":"Search"},"searchOpenDialogs":true,"interaction":{"idSuffix":"I"}},"wdio_ui5_key":"sapm.SearchField{\"placeholder\":\"Search\"}"}]}
RESULT: undefined
COMMAND: POST /session/aedcc668f48e21658cbc6750609d6355/execute/async - {"script":"<script> [776 bytes]","args":[{"enterText":"10001013","selector":{"controlType":"sap.m.SearchField","properties":{"placeholder":"Search"},"searchOpenDialogs":true,"interaction":{"idSuffix":"I"}},"clearTextFirst":true,"interactionType":"ENTER_TEXT"}]}
RESULT: {"script":"<script> [776 bytes]","args":[{"enterText":"10001013","selector":{"controlType":"sap.m.SearchField","properties":{"placeholder":"Search"},"searchOpenDialogs":true,"interaction":{"idSuffix":"I"}},"clearTextFirst":true,"interactionType":"ENTER_TEXT"}]}
COMMAND: POST /session/aedcc668f48e21658cbc6750609d6355/actions - {"actions":[{"id":"action1","type":"key","parameters":{},"actions":[{"type":"keyDown","value":"î€‡"},{"type":"pause","duration":10},{"type":"keyUp","value":"î€‡"}]}]}
RESULT: {"actions":[{"id":"action1","type":"key","parameters":{},"actions":[{"type":"keyDown","value":"î€‡"},{"type":"pause","duration":10},{"type":"keyUp","value":"î€‡"}]}]}
COMMAND: GET /session/aedcc668f48e21658cbc6750609d6355/screenshot - {}
RESULT: {}
COMMAND: POST /session/aedcc668f48e21658cbc6750609d6355/element - {"using":"xpath","value":"//span[contains(text(), \"General Management\")]"}
RESULT: {"using":"xpath","value":"//span[contains(text(), \"General Management\")]"}
COMMAND: POST /session/aedcc668f48e21658cbc6750609d6355/element/f.8AFBB3AC1A82BF87553E3B2FEF1B5657.d.0C981AC01CAB60FD843A9FDAAF1E901E.e.782/click - {}
RESULT: {}
COMMAND: GET /session/aedcc668f48e21658cbc6750609d6355/screenshot - {}
RESULT: {}
COMMAND: POST /session/aedcc668f48e21658cbc6750609d6355/element - {"using":"xpath","value":"//bdi[contains(text(), \"OK\")]"}
RESULT: {"using":"xpath","value":"//bdi[contains(text(), \"OK\")]"}
COMMAND: POST /session/aedcc668f48e21658cbc6750609d6355/element/f.8AFBB3AC1A82BF87553E3B2FEF1B5657.d.0C981AC01CAB60FD843A9FDAAF1E901E.e.783/click - {}
RESULT: {}
COMMAND: GET /session/aedcc668f48e21658cbc6750609d6355/screenshot - {}
RESULT: {}
COMMAND: POST /session/aedcc668f48e21658cbc6750609d6355/execute/async - {"script":"<script> [1562 bytes]","args":[{"selector":{"id":"application-manageyards-display-component---NewYard--addressEditDetailsCurrency-arrow"},"wdio_ui5_key":"applicationmanageyards-display-component---NewYard--addressEditDetailsCurrency-arrow"}]}
RESULT: {"script":"<script> [1562 bytes]","args":[{"selector":{"id":"application-manageyards-display-component---NewYard--addressEditDetailsCurrency-arrow"},"wdio_ui5_key":"applicationmanageyards-display-component---NewYard--addressEditDetailsCurrency-arrow"}]}
RESULT: undefined
COMMAND: POST /session/aedcc668f48e21658cbc6750609d6355/element - {"using":"xpath","value":"//*[@id=\"application-manageyards-display-component---NewYard--addressEditDetailsCurrency-arrow\"]"}
RESULT: {"using":"xpath","value":"//*[@id=\"application-manageyards-display-component---NewYard--addressEditDetailsCurrency-arrow\"]"}
COMMAND: POST /session/aedcc668f48e21658cbc6750609d6355/element/f.8AFBB3AC1A82BF87553E3B2FEF1B5657.d.0C981AC01CAB60FD843A9FDAAF1E901E.e.786/click - {}
RESULT: {}
COMMAND: POST /session/aedcc668f48e21658cbc6750609d6355/element - {"using":"xpath","value":"//span[contains(text(), \"Euro\")]"}
COMMAND: GET /session/aedcc668f48e21658cbc6750609d6355/screenshot - {}
RESULT: {"using":"xpath","value":"//span[contains(text(), \"Euro\")]"}
COMMAND: POST /session/aedcc668f48e21658cbc6750609d6355/element/f.8AFBB3AC1A82BF87553E3B2FEF1B5657.d.0C981AC01CAB60FD843A9FDAAF1E901E.e.787/click - {}
RESULT: {}
RESULT: {}
COMMAND: POST /session/aedcc668f48e21658cbc6750609d6355/execute/async - {"script":"<script> [1562 bytes]","args":[{"selector":{"controlType":"sap.m.Input","viewName":"etm.portal.ui.manageyards.view.New","viewId":"application-manageyards-display-component---NewYard","bindingPath":{"path":"","propertyPath":"/CONTROLLING_AREA","modelName":"NewYardModel"},"interaction":{"idSuffix":"inner"}},"wdio_ui5_key":"etmportal.ui.manageyards.view.Newsap.m.Input{\"path\":\"\",\"propertyPath\":\"/CONTROLLING_AREA\",\"modelName\":\"NewYardModel\"}"}]}
COMMAND: GET /session/aedcc668f48e21658cbc6750609d6355/screenshot - {}
RESULT: {"script":"<script> [1562 bytes]","args":[{"selector":{"controlType":"sap.m.Input","viewName":"etm.portal.ui.manageyards.view.New","viewId":"application-manageyards-display-component---NewYard","bindingPath":{"path":"","propertyPath":"/CONTROLLING_AREA","modelName":"NewYardModel"},"interaction":{"idSuffix":"inner"}},"wdio_ui5_key":"etmportal.ui.manageyards.view.Newsap.m.Input{\"path\":\"\",\"propertyPath\":\"/CONTROLLING_AREA\",\"modelName\":\"NewYardModel\"}"}]}
RESULT: undefined
COMMAND: POST /session/aedcc668f48e21658cbc6750609d6355/execute/async - {"script":"<script> [776 bytes]","args":[{"enterText":"Z001","selector":{"controlType":"sap.m.Input","viewName":"etm.portal.ui.manageyards.view.New","viewId":"application-manageyards-display-component---NewYard","bindingPath":{"path":"","propertyPath":"/CONTROLLING_AREA","modelName":"NewYardModel"},"interaction":{"idSuffix":"inner"}},"clearTextFirst":true,"interactionType":"ENTER_TEXT"}]}
RESULT: {}
RESULT: {"script":"<script> [776 bytes]","args":[{"enterText":"Z001","selector":{"controlType":"sap.m.Input","viewName":"etm.portal.ui.manageyards.view.New","viewId":"application-manageyards-display-component---NewYard","bindingPath":{"path":"","propertyPath":"/CONTROLLING_AREA","modelName":"NewYardModel"},"interaction":{"idSuffix":"inner"}},"clearTextFirst":true,"interactionType":"ENTER_TEXT"}]}
COMMAND: POST /session/aedcc668f48e21658cbc6750609d6355/execute/async - {"script":"<script> [1562 bytes]","args":[{"selector":{"id":"application-manageyards-display-component---NewYard--companyCodeComboBox","interaction":{"idSuffix":"inner"}},"wdio_ui5_key":"applicationmanageyards-display-component---NewYard--companyCodeComboBox"}]}
RESULT: {"script":"<script> [1562 bytes]","args":[{"selector":{"id":"application-manageyards-display-component---NewYard--companyCodeComboBox","interaction":{"idSuffix":"inner"}},"wdio_ui5_key":"applicationmanageyards-display-component---NewYard--companyCodeComboBox"}]}
RESULT: undefined
COMMAND: POST /session/aedcc668f48e21658cbc6750609d6355/execute/async - {"script":"<script> [776 bytes]","args":[{"enterText":"1000","selector":{"id":"application-manageyards-display-component---NewYard--companyCodeComboBox","interaction":{"idSuffix":"inner"}},"clearTextFirst":true,"interactionType":"ENTER_TEXT"}]}
RESULT: {"script":"<script> [776 bytes]","args":[{"enterText":"1000","selector":{"id":"application-manageyards-display-component---NewYard--companyCodeComboBox","interaction":{"idSuffix":"inner"}},"clearTextFirst":true,"interactionType":"ENTER_TEXT"}]}
COMMAND: POST /session/aedcc668f48e21658cbc6750609d6355/execute/async - {"script":"<script> [1562 bytes]","args":[{"selector":{"controlType":"sap.m.Input","viewName":"etm.portal.ui.manageyards.view.New","viewId":"application-manageyards-display-component---NewYard","bindingPath":{"path":"","propertyPath":"/PLANT","modelName":"NewYardModel"},"interaction":{"idSuffix":"inner"}},"wdio_ui5_key":"etmportal.ui.manageyards.view.Newsap.m.Input{\"path\":\"\",\"propertyPath\":\"/PLANT\",\"modelName\":\"NewYardModel\"}"}]}
RESULT: {"script":"<script> [1562 bytes]","args":[{"selector":{"controlType":"sap.m.Input","viewName":"etm.portal.ui.manageyards.view.New","viewId":"application-manageyards-display-component---NewYard","bindingPath":{"path":"","propertyPath":"/PLANT","modelName":"NewYardModel"},"interaction":{"idSuffix":"inner"}},"wdio_ui5_key":"etmportal.ui.manageyards.view.Newsap.m.Input{\"path\":\"\",\"propertyPath\":\"/PLANT\",\"modelName\":\"NewYardModel\"}"}]}
RESULT: undefined
COMMAND: POST /session/aedcc668f48e21658cbc6750609d6355/execute/async - {"script":"<script> [776 bytes]","args":[{"enterText":"1001","selector":{"controlType":"sap.m.Input","viewName":"etm.portal.ui.manageyards.view.New","viewId":"application-manageyards-display-component---NewYard","bindingPath":{"path":"","propertyPath":"/PLANT","modelName":"NewYardModel"},"interaction":{"idSuffix":"inner"}},"clearTextFirst":true,"interactionType":"ENTER_TEXT"}]}
RESULT: {"script":"<script> [776 bytes]","args":[{"enterText":"1001","selector":{"controlType":"sap.m.Input","viewName":"etm.portal.ui.manageyards.view.New","viewId":"application-manageyards-display-component---NewYard","bindingPath":{"path":"","propertyPath":"/PLANT","modelName":"NewYardModel"},"interaction":{"idSuffix":"inner"}},"clearTextFirst":true,"interactionType":"ENTER_TEXT"}]}
COMMAND: POST /session/aedcc668f48e21658cbc6750609d6355/execute/async - {"script":"<script> [1562 bytes]","args":[{"selector":{"controlType":"sap.m.Input","viewName":"etm.portal.ui.manageyards.view.New","viewId":"application-manageyards-display-component---NewYard","bindingPath":{"path":"","propertyPath":"/SALES_AREA_VKORG","modelName":"NewYardModel"},"interaction":{"idSuffix":"inner"}},"wdio_ui5_key":"etmportal.ui.manageyards.view.Newsap.m.Input{\"path\":\"\",\"propertyPath\":\"/SALES_AREA_VKORG\",\"modelName\":\"NewYardModel\"}"}]}
RESULT: {"script":"<script> [1562 bytes]","args":[{"selector":{"controlType":"sap.m.Input","viewName":"etm.portal.ui.manageyards.view.New","viewId":"application-manageyards-display-component---NewYard","bindingPath":{"path":"","propertyPath":"/SALES_AREA_VKORG","modelName":"NewYardModel"},"interaction":{"idSuffix":"inner"}},"wdio_ui5_key":"etmportal.ui.manageyards.view.Newsap.m.Input{\"path\":\"\",\"propertyPath\":\"/SALES_AREA_VKORG\",\"modelName\":\"NewYardModel\"}"}]}
RESULT: undefined
COMMAND: POST /session/aedcc668f48e21658cbc6750609d6355/execute/async - {"script":"<script> [776 bytes]","args":[{"enterText":"C002","selector":{"controlType":"sap.m.Input","viewName":"etm.portal.ui.manageyards.view.New","viewId":"application-manageyards-display-component---NewYard","bindingPath":{"path":"","propertyPath":"/SALES_AREA_VKORG","modelName":"NewYardModel"},"interaction":{"idSuffix":"inner"}},"clearTextFirst":true,"interactionType":"ENTER_TEXT"}]}
RESULT: {"script":"<script> [776 bytes]","args":[{"enterText":"C002","selector":{"controlType":"sap.m.Input","viewName":"etm.portal.ui.manageyards.view.New","viewId":"application-manageyards-display-component---NewYard","bindingPath":{"path":"","propertyPath":"/SALES_AREA_VKORG","modelName":"NewYardModel"},"interaction":{"idSuffix":"inner"}},"clearTextFirst":true,"interactionType":"ENTER_TEXT"}]}
COMMAND: POST /session/aedcc668f48e21658cbc6750609d6355/execute/async - {"script":"<script> [1562 bytes]","args":[{"selector":{"controlType":"sap.m.Input","viewName":"etm.portal.ui.manageyards.view.New","viewId":"application-manageyards-display-component---NewYard","bindingPath":{"path":"","propertyPath":"/SALES_AREA_VTWEG","modelName":"NewYardModel"},"interaction":{"idSuffix":"inner"}},"wdio_ui5_key":"etmportal.ui.manageyards.view.Newsap.m.Input{\"path\":\"\",\"propertyPath\":\"/SALES_AREA_VTWEG\",\"modelName\":\"NewYardModel\"}"}]}
RESULT: {"script":"<script> [1562 bytes]","args":[{"selector":{"controlType":"sap.m.Input","viewName":"etm.portal.ui.manageyards.view.New","viewId":"application-manageyards-display-component---NewYard","bindingPath":{"path":"","propertyPath":"/SALES_AREA_VTWEG","modelName":"NewYardModel"},"interaction":{"idSuffix":"inner"}},"wdio_ui5_key":"etmportal.ui.manageyards.view.Newsap.m.Input{\"path\":\"\",\"propertyPath\":\"/SALES_AREA_VTWEG\",\"modelName\":\"NewYardModel\"}"}]}
RESULT: undefined
COMMAND: POST /session/aedcc668f48e21658cbc6750609d6355/execute/async - {"script":"<script> [776 bytes]","args":[{"enterText":"C2","selector":{"controlType":"sap.m.Input","viewName":"etm.portal.ui.manageyards.view.New","viewId":"application-manageyards-display-component---NewYard","bindingPath":{"path":"","propertyPath":"/SALES_AREA_VTWEG","modelName":"NewYardModel"},"interaction":{"idSuffix":"inner"}},"clearTextFirst":true,"interactionType":"ENTER_TEXT"}]}
RESULT: {"script":"<script> [776 bytes]","args":[{"enterText":"C2","selector":{"controlType":"sap.m.Input","viewName":"etm.portal.ui.manageyards.view.New","viewId":"application-manageyards-display-component---NewYard","bindingPath":{"path":"","propertyPath":"/SALES_AREA_VTWEG","modelName":"NewYardModel"},"interaction":{"idSuffix":"inner"}},"clearTextFirst":true,"interactionType":"ENTER_TEXT"}]}
COMMAND: POST /session/aedcc668f48e21658cbc6750609d6355/execute/async - {"script":"<script> [1562 bytes]","args":[{"selector":{"controlType":"sap.m.Input","viewName":"etm.portal.ui.manageyards.view.New","viewId":"application-manageyards-display-component---NewYard","bindingPath":{"path":"","propertyPath":"/SALES_AREA_SPART","modelName":"NewYardModel"},"interaction":{"idSuffix":"inner"}},"wdio_ui5_key":"etmportal.ui.manageyards.view.Newsap.m.Input{\"path\":\"\",\"propertyPath\":\"/SALES_AREA_SPART\",\"modelName\":\"NewYardModel\"}"}]}
RESULT: {"script":"<script> [1562 bytes]","args":[{"selector":{"controlType":"sap.m.Input","viewName":"etm.portal.ui.manageyards.view.New","viewId":"application-manageyards-display-component---NewYard","bindingPath":{"path":"","propertyPath":"/SALES_AREA_SPART","modelName":"NewYardModel"},"interaction":{"idSuffix":"inner"}},"wdio_ui5_key":"etmportal.ui.manageyards.view.Newsap.m.Input{\"path\":\"\",\"propertyPath\":\"/SALES_AREA_SPART\",\"modelName\":\"NewYardModel\"}"}]}
RESULT: undefined
COMMAND: POST /session/aedcc668f48e21658cbc6750609d6355/execute/async - {"script":"<script> [776 bytes]","args":[{"enterText":"C2","selector":{"controlType":"sap.m.Input","viewName":"etm.portal.ui.manageyards.view.New","viewId":"application-manageyards-display-component---NewYard","bindingPath":{"path":"","propertyPath":"/SALES_AREA_SPART","modelName":"NewYardModel"},"interaction":{"idSuffix":"inner"}},"clearTextFirst":true,"interactionType":"ENTER_TEXT"}]}
RESULT: {"script":"<script> [776 bytes]","args":[{"enterText":"C2","selector":{"controlType":"sap.m.Input","viewName":"etm.portal.ui.manageyards.view.New","viewId":"application-manageyards-display-component---NewYard","bindingPath":{"path":"","propertyPath":"/SALES_AREA_SPART","modelName":"NewYardModel"},"interaction":{"idSuffix":"inner"}},"clearTextFirst":true,"interactionType":"ENTER_TEXT"}]}
COMMAND: POST /session/aedcc668f48e21658cbc6750609d6355/execute/async - {"script":"<script> [1562 bytes]","args":[{"selector":{"controlType":"sap.m.Input","viewName":"etm.portal.ui.manageyards.view.New","viewId":"application-manageyards-display-component---NewYard","bindingPath":{"path":"","propertyPath":"/SHIP_POINT","modelName":"NewYardModel"},"interaction":{"idSuffix":"inner"}},"wdio_ui5_key":"etmportal.ui.manageyards.view.Newsap.m.Input{\"path\":\"\",\"propertyPath\":\"/SHIP_POINT\",\"modelName\":\"NewYardModel\"}"}]}
RESULT: {"script":"<script> [1562 bytes]","args":[{"selector":{"controlType":"sap.m.Input","viewName":"etm.portal.ui.manageyards.view.New","viewId":"application-manageyards-display-component---NewYard","bindingPath":{"path":"","propertyPath":"/SHIP_POINT","modelName":"NewYardModel"},"interaction":{"idSuffix":"inner"}},"wdio_ui5_key":"etmportal.ui.manageyards.view.Newsap.m.Input{\"path\":\"\",\"propertyPath\":\"/SHIP_POINT\",\"modelName\":\"NewYardModel\"}"}]}
RESULT: undefined
COMMAND: POST /session/aedcc668f48e21658cbc6750609d6355/execute/async - {"script":"<script> [776 bytes]","args":[{"enterText":"1710","selector":{"controlType":"sap.m.Input","viewName":"etm.portal.ui.manageyards.view.New","viewId":"application-manageyards-display-component---NewYard","bindingPath":{"path":"","propertyPath":"/SHIP_POINT","modelName":"NewYardModel"},"interaction":{"idSuffix":"inner"}},"clearTextFirst":true,"interactionType":"ENTER_TEXT"}]}
RESULT: {"script":"<script> [776 bytes]","args":[{"enterText":"1710","selector":{"controlType":"sap.m.Input","viewName":"etm.portal.ui.manageyards.view.New","viewId":"application-manageyards-display-component---NewYard","bindingPath":{"path":"","propertyPath":"/SHIP_POINT","modelName":"NewYardModel"},"interaction":{"idSuffix":"inner"}},"clearTextFirst":true,"interactionType":"ENTER_TEXT"}]}
COMMAND: POST /session/aedcc668f48e21658cbc6750609d6355/execute/async - {"script":"<script> [1562 bytes]","args":[{"selector":{"controlType":"sap.m.Input","viewName":"etm.portal.ui.manageyards.view.New","viewId":"application-manageyards-display-component---NewYard","bindingPath":{"path":"","propertyPath":"/DELIVERY_TYPE","modelName":"NewYardModel"},"interaction":{"idSuffix":"inner"}},"wdio_ui5_key":"etmportal.ui.manageyards.view.Newsap.m.Input{\"path\":\"\",\"propertyPath\":\"/DELIVERY_TYPE\",\"modelName\":\"NewYardModel\"}"}]}
RESULT: {"script":"<script> [1562 bytes]","args":[{"selector":{"controlType":"sap.m.Input","viewName":"etm.portal.ui.manageyards.view.New","viewId":"application-manageyards-display-component---NewYard","bindingPath":{"path":"","propertyPath":"/DELIVERY_TYPE","modelName":"NewYardModel"},"interaction":{"idSuffix":"inner"}},"wdio_ui5_key":"etmportal.ui.manageyards.view.Newsap.m.Input{\"path\":\"\",\"propertyPath\":\"/DELIVERY_TYPE\",\"modelName\":\"NewYardModel\"}"}]}
RESULT: undefined
COMMAND: POST /session/aedcc668f48e21658cbc6750609d6355/execute/async - {"script":"<script> [776 bytes]","args":[{"enterText":"ZL01","selector":{"controlType":"sap.m.Input","viewName":"etm.portal.ui.manageyards.view.New","viewId":"application-manageyards-display-component---NewYard","bindingPath":{"path":"","propertyPath":"/DELIVERY_TYPE","modelName":"NewYardModel"},"interaction":{"idSuffix":"inner"}},"clearTextFirst":true,"interactionType":"ENTER_TEXT"}]}
RESULT: {"script":"<script> [776 bytes]","args":[{"enterText":"ZL01","selector":{"controlType":"sap.m.Input","viewName":"etm.portal.ui.manageyards.view.New","viewId":"application-manageyards-display-component---NewYard","bindingPath":{"path":"","propertyPath":"/DELIVERY_TYPE","modelName":"NewYardModel"},"interaction":{"idSuffix":"inner"}},"clearTextFirst":true,"interactionType":"ENTER_TEXT"}]}
COMMAND: POST /session/aedcc668f48e21658cbc6750609d6355/execute/async - {"script":"<script> [1562 bytes]","args":[{"selector":{"controlType":"sap.m.Input","viewName":"etm.portal.ui.manageyards.view.New","viewId":"application-manageyards-display-component---NewYard","bindingPath":{"path":"","propertyPath":"/AUART","modelName":"NewYardModel"},"interaction":{"idSuffix":"inner"}},"wdio_ui5_key":"etmportal.ui.manageyards.view.Newsap.m.Input{\"path\":\"\",\"propertyPath\":\"/AUART\",\"modelName\":\"NewYardModel\"}"}]}
RESULT: {"script":"<script> [1562 bytes]","args":[{"selector":{"controlType":"sap.m.Input","viewName":"etm.portal.ui.manageyards.view.New","viewId":"application-manageyards-display-component---NewYard","bindingPath":{"path":"","propertyPath":"/AUART","modelName":"NewYardModel"},"interaction":{"idSuffix":"inner"}},"wdio_ui5_key":"etmportal.ui.manageyards.view.Newsap.m.Input{\"path\":\"\",\"propertyPath\":\"/AUART\",\"modelName\":\"NewYardModel\"}"}]}
RESULT: undefined
COMMAND: POST /session/aedcc668f48e21658cbc6750609d6355/execute/async - {"script":"<script> [776 bytes]","args":[{"enterText":"TA","selector":{"controlType":"sap.m.Input","viewName":"etm.portal.ui.manageyards.view.New","viewId":"application-manageyards-display-component---NewYard","bindingPath":{"path":"","propertyPath":"/AUART","modelName":"NewYardModel"},"interaction":{"idSuffix":"inner"}},"clearTextFirst":true,"interactionType":"ENTER_TEXT"}]}
RESULT: {"script":"<script> [776 bytes]","args":[{"enterText":"TA","selector":{"controlType":"sap.m.Input","viewName":"etm.portal.ui.manageyards.view.New","viewId":"application-manageyards-display-component---NewYard","bindingPath":{"path":"","propertyPath":"/AUART","modelName":"NewYardModel"},"interaction":{"idSuffix":"inner"}},"clearTextFirst":true,"interactionType":"ENTER_TEXT"}]}
COMMAND: POST /session/aedcc668f48e21658cbc6750609d6355/element - {"using":"xpath","value":"//button[@data-kt=\"newYardSaveButton\"]"}
RESULT: {"using":"xpath","value":"//button[@data-kt=\"newYardSaveButton\"]"}
COMMAND: POST /session/aedcc668f48e21658cbc6750609d6355/element/f.8AFBB3AC1A82BF87553E3B2FEF1B5657.d.0C981AC01CAB60FD843A9FDAAF1E901E.e.713/click - {}
RESULT: {}
COMMAND: GET /session/aedcc668f48e21658cbc6750609d6355/screenshot - {}
RESULT: {}
COMMAND: POST /session/aedcc668f48e21658cbc6750609d6355/element - {"using":"xpath","value":"//header[contains(@id, 'ObjectPageLayout-headerTitle')]/div[1]/div[2]/div[1]/span[1]"}
RESULT: {"using":"xpath","value":"//header[contains(@id, 'ObjectPageLayout-headerTitle')]/div[1]/div[2]/div[1]/span[1]"}
COMMAND: POST /session/aedcc668f48e21658cbc6750609d6355/elements - {"using":"xpath","value":"//header[contains(@id, 'ObjectPageLayout-headerTitle')]/div[1]/div[2]/div[1]/span[1]"}
RESULT: {"using":"xpath","value":"//header[contains(@id, 'ObjectPageLayout-headerTitle')]/div[1]/div[2]/div[1]/span[1]"}
COMMAND: POST /session/aedcc668f48e21658cbc6750609d6355/execute/sync - {"script":"<script> [56 bytes]","args":[{"element-6066-11e4-a52e-4f735466cecf":"f.8AFBB3AC1A82BF87553E3B2FEF1B5657.d.0C981AC01CAB60FD843A9FDAAF1E901E.e.1018","ELEMENT":"f.8AFBB3AC1A82BF87553E3B2FEF1B5657.d.0C981AC01CAB60FD843A9FDAAF1E901E.e.1018"}]}
RESULT: {"script":"<script> [56 bytes]","args":[{"element-6066-11e4-a52e-4f735466cecf":"f.8AFBB3AC1A82BF87553E3B2FEF1B5657.d.0C981AC01CAB60FD843A9FDAAF1E901E.e.1018","ELEMENT":"f.8AFBB3AC1A82BF87553E3B2FEF1B5657.d.0C981AC01CAB60FD843A9FDAAF1E901E.e.1018"}]}
COMMAND: GET /session/aedcc668f48e21658cbc6750609d6355/screenshot - {}
RESULT: {}
COMMAND: POST /session/aedcc668f48e21658cbc6750609d6355/element - {"using":"css selector","value":"#shell-header-logo"}
RESULT: {"using":"css selector","value":"#shell-header-logo"}
COMMAND: POST /session/aedcc668f48e21658cbc6750609d6355/element/f.8AFBB3AC1A82BF87553E3B2FEF1B5657.d.0C981AC01CAB60FD843A9FDAAF1E901E.e.264/click - {}
RESULT: {}
COMMAND: GET /session/aedcc668f48e21658cbc6750609d6355/screenshot - {}
RESULT: {}
COMMAND: POST /session/aedcc668f48e21658cbc6750609d6355/execute/sync - {"script":"<script> [299 bytes]","args":[["getModel","getResource"]]}
RESULT: {"script":"<script> [299 bytes]","args":[["getModel","getResource"]]}
]]></system-out>
    </testcase>
    <testcase classname="chrome.135_0_7049_115.windows.Partner_specific_tests_US150819_US151080_US151654_US151176_US103444_US151078_US151079_US151109_US151174_US151175_US151189" name="Should create new external partner US150819" time="92.47">
      <system-out><![CDATA[
COMMAND: GET /session/aedcc668f48e21658cbc6750609d6355/screenshot - {}
COMMAND: POST /session/aedcc668f48e21658cbc6750609d6355/element - {"using":"xpath","value":"//li[.//span[text()=\"Manage Partners\"]]"}
RESULT: {}
RESULT: {"using":"xpath","value":"//li[.//span[text()=\"Manage Partners\"]]"}
COMMAND: POST /session/aedcc668f48e21658cbc6750609d6355/element - {"using":"xpath","value":"//li[.//span[text()=\"Manage Partners\"]]"}
RESULT: {"using":"xpath","value":"//li[.//span[text()=\"Manage Partners\"]]"}
COMMAND: POST /session/aedcc668f48e21658cbc6750609d6355/element - {"using":"css selector","value":"#shell-header-logo"}
RESULT: {"using":"css selector","value":"#shell-header-logo"}
COMMAND: POST /session/aedcc668f48e21658cbc6750609d6355/element/f.8AFBB3AC1A82BF87553E3B2FEF1B5657.d.0C981AC01CAB60FD843A9FDAAF1E901E.e.1021/click - {}
COMMAND: POST /session/aedcc668f48e21658cbc6750609d6355/execute/sync - {"script":"<script> [8489 bytes]","args":[{"element-6066-11e4-a52e-4f735466cecf":"f.8AFBB3AC1A82BF87553E3B2FEF1B5657.d.0C981AC01CAB60FD843A9FDAAF1E901E.e.1021","ELEMENT":"f.8AFBB3AC1A82BF87553E3B2FEF1B5657.d.0C981AC01CAB60FD843A9FDAAF1E901E.e.1021"}]}
RESULT: {}
COMMAND: GET /session/aedcc668f48e21658cbc6750609d6355/screenshot - {}
RESULT: {"script":"<script> [8489 bytes]","args":[{"element-6066-11e4-a52e-4f735466cecf":"f.8AFBB3AC1A82BF87553E3B2FEF1B5657.d.0C981AC01CAB60FD843A9FDAAF1E901E.e.1021","ELEMENT":"f.8AFBB3AC1A82BF87553E3B2FEF1B5657.d.0C981AC01CAB60FD843A9FDAAF1E901E.e.1021"}]}
COMMAND: POST /session/aedcc668f48e21658cbc6750609d6355/execute/sync - {"script":"<script> [5351 bytes]","args":[{"element-6066-11e4-a52e-4f735466cecf":"f.8AFBB3AC1A82BF87553E3B2FEF1B5657.d.0C981AC01CAB60FD843A9FDAAF1E901E.e.1021","ELEMENT":"f.8AFBB3AC1A82BF87553E3B2FEF1B5657.d.0C981AC01CAB60FD843A9FDAAF1E901E.e.1021"}]}
COMMAND: GET /session/aedcc668f48e21658cbc6750609d6355/screenshot - {}
RESULT: {}
RESULT: {"script":"<script> [5351 bytes]","args":[{"element-6066-11e4-a52e-4f735466cecf":"f.8AFBB3AC1A82BF87553E3B2FEF1B5657.d.0C981AC01CAB60FD843A9FDAAF1E901E.e.1021","ELEMENT":"f.8AFBB3AC1A82BF87553E3B2FEF1B5657.d.0C981AC01CAB60FD843A9FDAAF1E901E.e.1021"}]}
COMMAND: GET /session/aedcc668f48e21658cbc6750609d6355/screenshot - {}
RESULT: {}
RESULT: {}
COMMAND: POST /session/aedcc668f48e21658cbc6750609d6355/window/fullscreen - {}
RESULT: {}
COMMAND: POST /session/aedcc668f48e21658cbc6750609d6355/execute/async - {"script":"<script> [1562 bytes]","args":[{"selector":{"controlType":"sap.m.GenericTile","properties":{"header":"Manage Partners"}},"wdio_ui5_key":"sapm.GenericTile{\"header\":\"Manage Partners\"}"}]}
RESULT: {"script":"<script> [1562 bytes]","args":[{"selector":{"controlType":"sap.m.GenericTile","properties":{"header":"Manage Partners"}},"wdio_ui5_key":"sapm.GenericTile{\"header\":\"Manage Partners\"}"}]}
RESULT: undefined
COMMAND: POST /session/aedcc668f48e21658cbc6750609d6355/element - {"using":"xpath","value":"//*[@id=\"__tile38\"]"}
RESULT: {"using":"xpath","value":"//*[@id=\"__tile38\"]"}
COMMAND: POST /session/aedcc668f48e21658cbc6750609d6355/element/f.8AFBB3AC1A82BF87553E3B2FEF1B5657.d.0C981AC01CAB60FD843A9FDAAF1E901E.e.153/click - {}
RESULT: {}
COMMAND: POST /session/aedcc668f48e21658cbc6750609d6355/element - {"using":"xpath","value":"//button[@data-kt=\"addButton\"]"}
COMMAND: GET /session/aedcc668f48e21658cbc6750609d6355/screenshot - {}
RESULT: {"using":"xpath","value":"//button[@data-kt=\"addButton\"]"}
COMMAND: POST /session/aedcc668f48e21658cbc6750609d6355/elements - {"using":"xpath","value":"//button[@data-kt=\"addButton\"]"}
RESULT: {}
RESULT: {"using":"xpath","value":"//button[@data-kt=\"addButton\"]"}
COMMAND: POST /session/aedcc668f48e21658cbc6750609d6355/elements - {"using":"xpath","value":"//button[@data-kt=\"addButton\"]"}
RESULT: {"using":"xpath","value":"//button[@data-kt=\"addButton\"]"}
COMMAND: POST /session/aedcc668f48e21658cbc6750609d6355/elements - {"using":"xpath","value":"//button[@data-kt=\"addButton\"]"}
RESULT: {"using":"xpath","value":"//button[@data-kt=\"addButton\"]"}
COMMAND: POST /session/aedcc668f48e21658cbc6750609d6355/elements - {"using":"xpath","value":"//button[@data-kt=\"addButton\"]"}
RESULT: {"using":"xpath","value":"//button[@data-kt=\"addButton\"]"}
COMMAND: POST /session/aedcc668f48e21658cbc6750609d6355/elements - {"using":"xpath","value":"//button[@data-kt=\"addButton\"]"}
RESULT: {"using":"xpath","value":"//button[@data-kt=\"addButton\"]"}
COMMAND: POST /session/aedcc668f48e21658cbc6750609d6355/elements - {"using":"xpath","value":"//button[@data-kt=\"addButton\"]"}
RESULT: {"using":"xpath","value":"//button[@data-kt=\"addButton\"]"}
COMMAND: POST /session/aedcc668f48e21658cbc6750609d6355/elements - {"using":"xpath","value":"//button[@data-kt=\"addButton\"]"}
RESULT: {"using":"xpath","value":"//button[@data-kt=\"addButton\"]"}
COMMAND: POST /session/aedcc668f48e21658cbc6750609d6355/elements - {"using":"xpath","value":"//button[@data-kt=\"addButton\"]"}
RESULT: {"using":"xpath","value":"//button[@data-kt=\"addButton\"]"}
COMMAND: POST /session/aedcc668f48e21658cbc6750609d6355/elements - {"using":"xpath","value":"//button[@data-kt=\"addButton\"]"}
RESULT: {"using":"xpath","value":"//button[@data-kt=\"addButton\"]"}
COMMAND: POST /session/aedcc668f48e21658cbc6750609d6355/elements - {"using":"xpath","value":"//button[@data-kt=\"addButton\"]"}
RESULT: {"using":"xpath","value":"//button[@data-kt=\"addButton\"]"}
COMMAND: POST /session/aedcc668f48e21658cbc6750609d6355/elements - {"using":"xpath","value":"//button[@data-kt=\"addButton\"]"}
RESULT: {"using":"xpath","value":"//button[@data-kt=\"addButton\"]"}
COMMAND: POST /session/aedcc668f48e21658cbc6750609d6355/elements - {"using":"xpath","value":"//button[@data-kt=\"addButton\"]"}
RESULT: {"using":"xpath","value":"//button[@data-kt=\"addButton\"]"}
COMMAND: POST /session/aedcc668f48e21658cbc6750609d6355/elements - {"using":"xpath","value":"//button[@data-kt=\"addButton\"]"}
RESULT: {"using":"xpath","value":"//button[@data-kt=\"addButton\"]"}
COMMAND: POST /session/aedcc668f48e21658cbc6750609d6355/elements - {"using":"xpath","value":"//button[@data-kt=\"addButton\"]"}
RESULT: {"using":"xpath","value":"//button[@data-kt=\"addButton\"]"}
COMMAND: POST /session/aedcc668f48e21658cbc6750609d6355/elements - {"using":"xpath","value":"//button[@data-kt=\"addButton\"]"}
RESULT: {"using":"xpath","value":"//button[@data-kt=\"addButton\"]"}
COMMAND: POST /session/aedcc668f48e21658cbc6750609d6355/elements - {"using":"xpath","value":"//button[@data-kt=\"addButton\"]"}
RESULT: {"using":"xpath","value":"//button[@data-kt=\"addButton\"]"}
COMMAND: POST /session/aedcc668f48e21658cbc6750609d6355/elements - {"using":"xpath","value":"//button[@data-kt=\"addButton\"]"}
RESULT: {"using":"xpath","value":"//button[@data-kt=\"addButton\"]"}
COMMAND: POST /session/aedcc668f48e21658cbc6750609d6355/elements - {"using":"xpath","value":"//button[@data-kt=\"addButton\"]"}
RESULT: {"using":"xpath","value":"//button[@data-kt=\"addButton\"]"}
COMMAND: POST /session/aedcc668f48e21658cbc6750609d6355/elements - {"using":"xpath","value":"//button[@data-kt=\"addButton\"]"}
RESULT: {"using":"xpath","value":"//button[@data-kt=\"addButton\"]"}
COMMAND: POST /session/aedcc668f48e21658cbc6750609d6355/elements - {"using":"xpath","value":"//button[@data-kt=\"addButton\"]"}
RESULT: {"using":"xpath","value":"//button[@data-kt=\"addButton\"]"}
COMMAND: POST /session/aedcc668f48e21658cbc6750609d6355/elements - {"using":"xpath","value":"//button[@data-kt=\"addButton\"]"}
RESULT: {"using":"xpath","value":"//button[@data-kt=\"addButton\"]"}
COMMAND: POST /session/aedcc668f48e21658cbc6750609d6355/elements - {"using":"xpath","value":"//button[@data-kt=\"addButton\"]"}
RESULT: {"using":"xpath","value":"//button[@data-kt=\"addButton\"]"}
COMMAND: POST /session/aedcc668f48e21658cbc6750609d6355/element - {"using":"xpath","value":"//button[@data-kt=\"addButton\"]"}
RESULT: {"using":"xpath","value":"//button[@data-kt=\"addButton\"]"}
COMMAND: POST /session/aedcc668f48e21658cbc6750609d6355/execute/sync - {"script":"<script> [8489 bytes]","args":[{"element-6066-11e4-a52e-4f735466cecf":"f.8AFBB3AC1A82BF87553E3B2FEF1B5657.d.0C981AC01CAB60FD843A9FDAAF1E901E.e.1068","ELEMENT":"f.8AFBB3AC1A82BF87553E3B2FEF1B5657.d.0C981AC01CAB60FD843A9FDAAF1E901E.e.1068"}]}
RESULT: {"script":"<script> [8489 bytes]","args":[{"element-6066-11e4-a52e-4f735466cecf":"f.8AFBB3AC1A82BF87553E3B2FEF1B5657.d.0C981AC01CAB60FD843A9FDAAF1E901E.e.1068","ELEMENT":"f.8AFBB3AC1A82BF87553E3B2FEF1B5657.d.0C981AC01CAB60FD843A9FDAAF1E901E.e.1068"}]}
COMMAND: GET /session/aedcc668f48e21658cbc6750609d6355/element/f.8AFBB3AC1A82BF87553E3B2FEF1B5657.d.0C981AC01CAB60FD843A9FDAAF1E901E.e.1068/enabled - {}
COMMAND: GET /session/aedcc668f48e21658cbc6750609d6355/screenshot - {}
RESULT: {}
COMMAND: POST /session/aedcc668f48e21658cbc6750609d6355/execute/sync - {"script":"<script> [8489 bytes]","args":[{"element-6066-11e4-a52e-4f735466cecf":"f.8AFBB3AC1A82BF87553E3B2FEF1B5657.d.0C981AC01CAB60FD843A9FDAAF1E901E.e.1068","ELEMENT":"f.8AFBB3AC1A82BF87553E3B2FEF1B5657.d.0C981AC01CAB60FD843A9FDAAF1E901E.e.1068"}]}
COMMAND: GET /session/aedcc668f48e21658cbc6750609d6355/screenshot - {}
RESULT: {}
RESULT: {"script":"<script> [8489 bytes]","args":[{"element-6066-11e4-a52e-4f735466cecf":"f.8AFBB3AC1A82BF87553E3B2FEF1B5657.d.0C981AC01CAB60FD843A9FDAAF1E901E.e.1068","ELEMENT":"f.8AFBB3AC1A82BF87553E3B2FEF1B5657.d.0C981AC01CAB60FD843A9FDAAF1E901E.e.1068"}]}
COMMAND: POST /session/aedcc668f48e21658cbc6750609d6355/execute/sync - {"script":"<script> [5351 bytes]","args":[{"element-6066-11e4-a52e-4f735466cecf":"f.8AFBB3AC1A82BF87553E3B2FEF1B5657.d.0C981AC01CAB60FD843A9FDAAF1E901E.e.1068","ELEMENT":"f.8AFBB3AC1A82BF87553E3B2FEF1B5657.d.0C981AC01CAB60FD843A9FDAAF1E901E.e.1068"}]}
COMMAND: GET /session/aedcc668f48e21658cbc6750609d6355/screenshot - {}
RESULT: {}
RESULT: {"script":"<script> [5351 bytes]","args":[{"element-6066-11e4-a52e-4f735466cecf":"f.8AFBB3AC1A82BF87553E3B2FEF1B5657.d.0C981AC01CAB60FD843A9FDAAF1E901E.e.1068","ELEMENT":"f.8AFBB3AC1A82BF87553E3B2FEF1B5657.d.0C981AC01CAB60FD843A9FDAAF1E901E.e.1068"}]}
COMMAND: POST /session/aedcc668f48e21658cbc6750609d6355/element/f.8AFBB3AC1A82BF87553E3B2FEF1B5657.d.0C981AC01CAB60FD843A9FDAAF1E901E.e.1068/click - {}
COMMAND: GET /session/aedcc668f48e21658cbc6750609d6355/screenshot - {}
RESULT: {}
RESULT: {}
COMMAND: GET /session/aedcc668f48e21658cbc6750609d6355/screenshot - {}
COMMAND: POST /session/aedcc668f48e21658cbc6750609d6355/execute/async - {"script":"<script> [1562 bytes]","args":[{"selector":{"id":"application-managepartners-display-component---NewPartner--addressDetailDetailsName1","interaction":{"idSuffix":"inner"}},"wdio_ui5_key":"applicationmanagepartners-display-component---NewPartner--addressDetailDetailsName1"}]}
RESULT: {}
RESULT: {}
RESULT: {"script":"<script> [1562 bytes]","args":[{"selector":{"id":"application-managepartners-display-component---NewPartner--addressDetailDetailsName1","interaction":{"idSuffix":"inner"}},"wdio_ui5_key":"applicationmanagepartners-display-component---NewPartner--addressDetailDetailsName1"}]}
RESULT: undefined
COMMAND: POST /session/aedcc668f48e21658cbc6750609d6355/execute/async - {"script":"<script> [776 bytes]","args":[{"enterText":"External Partner WDIO","selector":{"id":"application-managepartners-display-component---NewPartner--addressDetailDetailsName1","interaction":{"idSuffix":"inner"}},"clearTextFirst":true,"interactionType":"ENTER_TEXT"}]}
RESULT: {"script":"<script> [776 bytes]","args":[{"enterText":"External Partner WDIO","selector":{"id":"application-managepartners-display-component---NewPartner--addressDetailDetailsName1","interaction":{"idSuffix":"inner"}},"clearTextFirst":true,"interactionType":"ENTER_TEXT"}]}
COMMAND: POST /session/aedcc668f48e21658cbc6750609d6355/execute/async - {"script":"<script> [1562 bytes]","args":[{"selector":{"id":"application-managepartners-display-component---NewPartner--addressDetailDetailsLanguage-arrow"},"wdio_ui5_key":"applicationmanagepartners-display-component---NewPartner--addressDetailDetailsLanguage-arrow"}]}
RESULT: {"script":"<script> [1562 bytes]","args":[{"selector":{"id":"application-managepartners-display-component---NewPartner--addressDetailDetailsLanguage-arrow"},"wdio_ui5_key":"applicationmanagepartners-display-component---NewPartner--addressDetailDetailsLanguage-arrow"}]}
RESULT: undefined
COMMAND: POST /session/aedcc668f48e21658cbc6750609d6355/element - {"using":"xpath","value":"//*[@id=\"application-managepartners-display-component---NewPartner--addressDetailDetailsLanguage-arrow\"]"}
RESULT: {"using":"xpath","value":"//*[@id=\"application-managepartners-display-component---NewPartner--addressDetailDetailsLanguage-arrow\"]"}
COMMAND: POST /session/aedcc668f48e21658cbc6750609d6355/element/f.8AFBB3AC1A82BF87553E3B2FEF1B5657.d.0C981AC01CAB60FD843A9FDAAF1E901E.e.1511/click - {}
RESULT: {}
COMMAND: POST /session/aedcc668f48e21658cbc6750609d6355/element - {"using":"xpath","value":"//span[contains(text(), \"English\")]"}
COMMAND: GET /session/aedcc668f48e21658cbc6750609d6355/screenshot - {}
RESULT: {"using":"xpath","value":"//span[contains(text(), \"English\")]"}
COMMAND: POST /session/aedcc668f48e21658cbc6750609d6355/element/f.8AFBB3AC1A82BF87553E3B2FEF1B5657.d.0C981AC01CAB60FD843A9FDAAF1E901E.e.1512/click - {}
RESULT: {}
RESULT: {}
COMMAND: GET /session/aedcc668f48e21658cbc6750609d6355/screenshot - {}
RESULT: {}
COMMAND: POST /session/aedcc668f48e21658cbc6750609d6355/execute/async - {"script":"<script> [1562 bytes]","args":[{"selector":{"id":"application-managepartners-display-component---NewPartner--addressDetailDetailsCity1","interaction":{"idSuffix":"inner"}},"wdio_ui5_key":"applicationmanagepartners-display-component---NewPartner--addressDetailDetailsCity1"}]}
RESULT: {"script":"<script> [1562 bytes]","args":[{"selector":{"id":"application-managepartners-display-component---NewPartner--addressDetailDetailsCity1","interaction":{"idSuffix":"inner"}},"wdio_ui5_key":"applicationmanagepartners-display-component---NewPartner--addressDetailDetailsCity1"}]}
RESULT: undefined
COMMAND: POST /session/aedcc668f48e21658cbc6750609d6355/execute/async - {"script":"<script> [776 bytes]","args":[{"enterText":"Rosario","selector":{"id":"application-managepartners-display-component---NewPartner--addressDetailDetailsCity1","interaction":{"idSuffix":"inner"}},"clearTextFirst":true,"interactionType":"ENTER_TEXT"}]}
RESULT: {"script":"<script> [776 bytes]","args":[{"enterText":"Rosario","selector":{"id":"application-managepartners-display-component---NewPartner--addressDetailDetailsCity1","interaction":{"idSuffix":"inner"}},"clearTextFirst":true,"interactionType":"ENTER_TEXT"}]}
COMMAND: POST /session/aedcc668f48e21658cbc6750609d6355/execute/async - {"script":"<script> [1562 bytes]","args":[{"selector":{"id":"application-managepartners-display-component---NewPartner--addressDetailDetailsCountry-arrow"},"wdio_ui5_key":"applicationmanagepartners-display-component---NewPartner--addressDetailDetailsCountry-arrow"}]}
RESULT: {"script":"<script> [1562 bytes]","args":[{"selector":{"id":"application-managepartners-display-component---NewPartner--addressDetailDetailsCountry-arrow"},"wdio_ui5_key":"applicationmanagepartners-display-component---NewPartner--addressDetailDetailsCountry-arrow"}]}
RESULT: undefined
COMMAND: POST /session/aedcc668f48e21658cbc6750609d6355/element - {"using":"xpath","value":"//*[@id=\"application-managepartners-display-component---NewPartner--addressDetailDetailsCountry-arrow\"]"}
RESULT: {"using":"xpath","value":"//*[@id=\"application-managepartners-display-component---NewPartner--addressDetailDetailsCountry-arrow\"]"}
COMMAND: POST /session/aedcc668f48e21658cbc6750609d6355/element/f.8AFBB3AC1A82BF87553E3B2FEF1B5657.d.0C981AC01CAB60FD843A9FDAAF1E901E.e.1497/click - {}
RESULT: {}
COMMAND: POST /session/aedcc668f48e21658cbc6750609d6355/element - {"using":"xpath","value":"//span[contains(text(), \"Argentina\")]"}
COMMAND: GET /session/aedcc668f48e21658cbc6750609d6355/screenshot - {}
RESULT: {"using":"xpath","value":"//span[contains(text(), \"Argentina\")]"}
COMMAND: POST /session/aedcc668f48e21658cbc6750609d6355/element/f.8AFBB3AC1A82BF87553E3B2FEF1B5657.d.0C981AC01CAB60FD843A9FDAAF1E901E.e.1514/click - {}
RESULT: {}
RESULT: {}
COMMAND: GET /session/aedcc668f48e21658cbc6750609d6355/screenshot - {}
RESULT: {}
COMMAND: POST /session/aedcc668f48e21658cbc6750609d6355/element - {"using":"xpath","value":"//bdi[contains(text(), \"Commercial\")]"}
RESULT: {"using":"xpath","value":"//bdi[contains(text(), \"Commercial\")]"}
COMMAND: POST /session/aedcc668f48e21658cbc6750609d6355/element/f.8AFBB3AC1A82BF87553E3B2FEF1B5657.d.0C981AC01CAB60FD843A9FDAAF1E901E.e.1515/click - {}
RESULT: {}
COMMAND: GET /session/aedcc668f48e21658cbc6750609d6355/screenshot - {}
RESULT: {}
COMMAND: POST /session/aedcc668f48e21658cbc6750609d6355/execute/async - {"script":"<script> [1562 bytes]","args":[{"selector":{"id":"application-managepartners-display-component---NewPartner--partnerDetailInternal-arrow"},"wdio_ui5_key":"applicationmanagepartners-display-component---NewPartner--partnerDetailInternal-arrow"}]}
RESULT: {"script":"<script> [1562 bytes]","args":[{"selector":{"id":"application-managepartners-display-component---NewPartner--partnerDetailInternal-arrow"},"wdio_ui5_key":"applicationmanagepartners-display-component---NewPartner--partnerDetailInternal-arrow"}]}
RESULT: undefined
COMMAND: POST /session/aedcc668f48e21658cbc6750609d6355/element - {"using":"xpath","value":"//*[@id=\"application-managepartners-display-component---NewPartner--partnerDetailInternal-arrow\"]"}
RESULT: {"using":"xpath","value":"//*[@id=\"application-managepartners-display-component---NewPartner--partnerDetailInternal-arrow\"]"}
COMMAND: POST /session/aedcc668f48e21658cbc6750609d6355/element/f.8AFBB3AC1A82BF87553E3B2FEF1B5657.d.0C981AC01CAB60FD843A9FDAAF1E901E.e.1521/click - {}
RESULT: {}
COMMAND: POST /session/aedcc668f48e21658cbc6750609d6355/element - {"using":"xpath","value":"//span[contains(text(), \"External partner\")]"}
COMMAND: GET /session/aedcc668f48e21658cbc6750609d6355/screenshot - {}
RESULT: {"using":"xpath","value":"//span[contains(text(), \"External partner\")]"}
COMMAND: POST /session/aedcc668f48e21658cbc6750609d6355/element/f.8AFBB3AC1A82BF87553E3B2FEF1B5657.d.0C981AC01CAB60FD843A9FDAAF1E901E.e.1522/click - {}
RESULT: {}
RESULT: {}
COMMAND: POST /session/aedcc668f48e21658cbc6750609d6355/execute/async - {"script":"<script> [1562 bytes]","args":[{"selector":{"id":"application-managepartners-display-component---NewPartner--partnerDetailsCurrency-arrow"},"wdio_ui5_key":"applicationmanagepartners-display-component---NewPartner--partnerDetailsCurrency-arrow"}]}
COMMAND: GET /session/aedcc668f48e21658cbc6750609d6355/screenshot - {}
RESULT: {"script":"<script> [1562 bytes]","args":[{"selector":{"id":"application-managepartners-display-component---NewPartner--partnerDetailsCurrency-arrow"},"wdio_ui5_key":"applicationmanagepartners-display-component---NewPartner--partnerDetailsCurrency-arrow"}]}
RESULT: undefined
COMMAND: POST /session/aedcc668f48e21658cbc6750609d6355/element - {"using":"xpath","value":"//*[@id=\"application-managepartners-display-component---NewPartner--partnerDetailsCurrency-arrow\"]"}
RESULT: {}
RESULT: {"using":"xpath","value":"//*[@id=\"application-managepartners-display-component---NewPartner--partnerDetailsCurrency-arrow\"]"}
COMMAND: POST /session/aedcc668f48e21658cbc6750609d6355/element/f.8AFBB3AC1A82BF87553E3B2FEF1B5657.d.0C981AC01CAB60FD843A9FDAAF1E901E.e.1527/click - {}
RESULT: {}
COMMAND: POST /session/aedcc668f48e21658cbc6750609d6355/element - {"using":"xpath","value":"//span[contains(text(), \"US Dollar\")]"}
COMMAND: GET /session/aedcc668f48e21658cbc6750609d6355/screenshot - {}
RESULT: {"using":"xpath","value":"//span[contains(text(), \"US Dollar\")]"}
COMMAND: POST /session/aedcc668f48e21658cbc6750609d6355/element/f.8AFBB3AC1A82BF87553E3B2FEF1B5657.d.0C981AC01CAB60FD843A9FDAAF1E901E.e.1528/click - {}
RESULT: {}
RESULT: {}
COMMAND: GET /session/aedcc668f48e21658cbc6750609d6355/screenshot - {}
RESULT: {}
COMMAND: POST /session/aedcc668f48e21658cbc6750609d6355/element - {"using":"xpath","value":"//input[@id=\"application-managepartners-display-component---NewPartner--companyCodeComboBox-inner\"]"}
RESULT: {"using":"xpath","value":"//input[@id=\"application-managepartners-display-component---NewPartner--companyCodeComboBox-inner\"]"}
COMMAND: POST /session/aedcc668f48e21658cbc6750609d6355/element/f.8AFBB3AC1A82BF87553E3B2FEF1B5657.d.0C981AC01CAB60FD843A9FDAAF1E901E.e.1370/clear - {}
RESULT: {}
COMMAND: POST /session/aedcc668f48e21658cbc6750609d6355/element/f.8AFBB3AC1A82BF87553E3B2FEF1B5657.d.0C981AC01CAB60FD843A9FDAAF1E901E.e.1370/value - {"text":"C002"}
COMMAND: GET /session/aedcc668f48e21658cbc6750609d6355/screenshot - {}
RESULT: {"text":"C002"}
COMMAND: GET /session/aedcc668f48e21658cbc6750609d6355/screenshot - {}
RESULT: {}
RESULT: {}
COMMAND: POST /session/aedcc668f48e21658cbc6750609d6355/element - {"using":"xpath","value":"//li[.//span[text()= \"C002\"]]"}
RESULT: {"using":"xpath","value":"//li[.//span[text()= \"C002\"]]"}
COMMAND: POST /session/aedcc668f48e21658cbc6750609d6355/element/f.8AFBB3AC1A82BF87553E3B2FEF1B5657.d.0C981AC01CAB60FD843A9FDAAF1E901E.e.1532/click - {}
RESULT: {}
COMMAND: GET /session/aedcc668f48e21658cbc6750609d6355/screenshot - {}
RESULT: {}
COMMAND: POST /session/aedcc668f48e21658cbc6750609d6355/execute/async - {"script":"<script> [1562 bytes]","args":[{"selector":{"id":"application-managepartners-display-component---NewPartner--btnAddTableRow-img"},"wdio_ui5_key":"applicationmanagepartners-display-component---NewPartner--btnAddTableRow-img"}]}
RESULT: {"script":"<script> [1562 bytes]","args":[{"selector":{"id":"application-managepartners-display-component---NewPartner--btnAddTableRow-img"},"wdio_ui5_key":"applicationmanagepartners-display-component---NewPartner--btnAddTableRow-img"}]}
RESULT: undefined
COMMAND: POST /session/aedcc668f48e21658cbc6750609d6355/element - {"using":"xpath","value":"//*[@id=\"application-managepartners-display-component---NewPartner--btnAddTableRow-img\"]"}
RESULT: {"using":"xpath","value":"//*[@id=\"application-managepartners-display-component---NewPartner--btnAddTableRow-img\"]"}
COMMAND: POST /session/aedcc668f48e21658cbc6750609d6355/element/f.8AFBB3AC1A82BF87553E3B2FEF1B5657.d.0C981AC01CAB60FD843A9FDAAF1E901E.e.1533/click - {}
RESULT: {}
COMMAND: GET /session/aedcc668f48e21658cbc6750609d6355/screenshot - {}
RESULT: {}
COMMAND: POST /session/aedcc668f48e21658cbc6750609d6355/element - {"using":"xpath","value":"//input[@id=\"application-managepartners-display-component---NewPartner--assignmentYard-application-managepartners-display-component---NewPartner--assignmentsTable-0-inner\"]"}
RESULT: {"using":"xpath","value":"//input[@id=\"application-managepartners-display-component---NewPartner--assignmentYard-application-managepartners-display-component---NewPartner--assignmentsTable-0-inner\"]"}
COMMAND: POST /session/aedcc668f48e21658cbc6750609d6355/element/f.8AFBB3AC1A82BF87553E3B2FEF1B5657.d.0C981AC01CAB60FD843A9FDAAF1E901E.e.1536/clear - {}
RESULT: {}
COMMAND: POST /session/aedcc668f48e21658cbc6750609d6355/element/f.8AFBB3AC1A82BF87553E3B2FEF1B5657.d.0C981AC01CAB60FD843A9FDAAF1E901E.e.1536/value - {"text":"641"}
COMMAND: GET /session/aedcc668f48e21658cbc6750609d6355/screenshot - {}
RESULT: {"text":"641"}
COMMAND: GET /session/aedcc668f48e21658cbc6750609d6355/screenshot - {}
RESULT: {}
RESULT: {}
COMMAND: POST /session/aedcc668f48e21658cbc6750609d6355/element - {"using":"xpath","value":"//li[.//span[text()='641']]"}
RESULT: {"using":"xpath","value":"//li[.//span[text()='641']]"}
COMMAND: POST /session/aedcc668f48e21658cbc6750609d6355/element/f.8AFBB3AC1A82BF87553E3B2FEF1B5657.d.0C981AC01CAB60FD843A9FDAAF1E901E.e.1544/click - {}
RESULT: {}
COMMAND: GET /session/aedcc668f48e21658cbc6750609d6355/screenshot - {}
RESULT: {}
COMMAND: POST /session/aedcc668f48e21658cbc6750609d6355/actions - {"actions":[{"id":"action2","type":"key","parameters":{},"actions":[{"type":"keyDown","value":"î€‡"},{"type":"pause","duration":10},{"type":"keyUp","value":"î€‡"}]}]}
RESULT: {"actions":[{"id":"action2","type":"key","parameters":{},"actions":[{"type":"keyDown","value":"î€‡"},{"type":"pause","duration":10},{"type":"keyUp","value":"î€‡"}]}]}
COMMAND: POST /session/aedcc668f48e21658cbc6750609d6355/element - {"using":"xpath","value":"//td[contains(@id, \"assignmentsTable-0-cell2\")]/div/div"}
COMMAND: GET /session/aedcc668f48e21658cbc6750609d6355/screenshot - {}
RESULT: {"using":"xpath","value":"//td[contains(@id, \"assignmentsTable-0-cell2\")]/div/div"}
COMMAND: POST /session/aedcc668f48e21658cbc6750609d6355/element/f.8AFBB3AC1A82BF87553E3B2FEF1B5657.d.0C981AC01CAB60FD843A9FDAAF1E901E.e.1547/click - {}
RESULT: {}
RESULT: {}
COMMAND: GET /session/aedcc668f48e21658cbc6750609d6355/screenshot - {}
RESULT: {}
COMMAND: POST /session/aedcc668f48e21658cbc6750609d6355/element - {"using":"xpath","value":"//button[@data-kt=\"saveButton\"]"}
RESULT: {"using":"xpath","value":"//button[@data-kt=\"saveButton\"]"}
COMMAND: POST /session/aedcc668f48e21658cbc6750609d6355/element/f.8AFBB3AC1A82BF87553E3B2FEF1B5657.d.0C981AC01CAB60FD843A9FDAAF1E901E.e.1448/click - {}
RESULT: {}
COMMAND: GET /session/aedcc668f48e21658cbc6750609d6355/screenshot - {}
RESULT: {}
COMMAND: POST /session/aedcc668f48e21658cbc6750609d6355/element - {"using":"xpath","value":"//header[contains(@id, 'ObjectPageLayout-headerTitle')]/div[1]/div[2]/div[2]/span[1]"}
RESULT: {"using":"xpath","value":"//header[contains(@id, 'ObjectPageLayout-headerTitle')]/div[1]/div[2]/div[2]/span[1]"}
COMMAND: POST /session/aedcc668f48e21658cbc6750609d6355/elements - {"using":"xpath","value":"//header[contains(@id, 'ObjectPageLayout-headerTitle')]/div[1]/div[2]/div[2]/span[1]"}
RESULT: {"using":"xpath","value":"//header[contains(@id, 'ObjectPageLayout-headerTitle')]/div[1]/div[2]/div[2]/span[1]"}
COMMAND: POST /session/aedcc668f48e21658cbc6750609d6355/execute/sync - {"script":"<script> [56 bytes]","args":[{"element-6066-11e4-a52e-4f735466cecf":"f.8AFBB3AC1A82BF87553E3B2FEF1B5657.d.0C981AC01CAB60FD843A9FDAAF1E901E.e.1708","ELEMENT":"f.8AFBB3AC1A82BF87553E3B2FEF1B5657.d.0C981AC01CAB60FD843A9FDAAF1E901E.e.1708"}]}
RESULT: {"script":"<script> [56 bytes]","args":[{"element-6066-11e4-a52e-4f735466cecf":"f.8AFBB3AC1A82BF87553E3B2FEF1B5657.d.0C981AC01CAB60FD843A9FDAAF1E901E.e.1708","ELEMENT":"f.8AFBB3AC1A82BF87553E3B2FEF1B5657.d.0C981AC01CAB60FD843A9FDAAF1E901E.e.1708"}]}
COMMAND: POST /session/aedcc668f48e21658cbc6750609d6355/element - {"using":"css selector","value":"#shell-header-logo"}
COMMAND: GET /session/aedcc668f48e21658cbc6750609d6355/screenshot - {}
RESULT: {"using":"css selector","value":"#shell-header-logo"}
COMMAND: POST /session/aedcc668f48e21658cbc6750609d6355/element/f.8AFBB3AC1A82BF87553E3B2FEF1B5657.d.0C981AC01CAB60FD843A9FDAAF1E901E.e.1021/click - {}
RESULT: {}
RESULT: {}
COMMAND: GET /session/aedcc668f48e21658cbc6750609d6355/screenshot - {}
RESULT: {}
COMMAND: POST /session/aedcc668f48e21658cbc6750609d6355/execute/sync - {"script":"<script> [299 bytes]","args":[["getModel","getResource"]]}
RESULT: {"script":"<script> [299 bytes]","args":[["getModel","getResource"]]}
]]></system-out>
    </testcase>
    <testcase classname="chrome.135_0_7049_115.windows.Partner_specific_tests_US150819_US151080_US151654_US151176_US103444_US151078_US151079_US151109_US151174_US151175_US151189" name="Should filter and search partners US151080" time="89.007">
      <system-out><![CDATA[
COMMAND: GET /session/aedcc668f48e21658cbc6750609d6355/screenshot - {}
COMMAND: POST /session/aedcc668f48e21658cbc6750609d6355/element - {"using":"xpath","value":"//li[.//span[text()=\"Manage Partners\"]]"}
RESULT: {}
RESULT: {"using":"xpath","value":"//li[.//span[text()=\"Manage Partners\"]]"}
COMMAND: POST /session/aedcc668f48e21658cbc6750609d6355/element - {"using":"xpath","value":"//li[.//span[text()=\"Manage Partners\"]]"}
RESULT: {"using":"xpath","value":"//li[.//span[text()=\"Manage Partners\"]]"}
COMMAND: POST /session/aedcc668f48e21658cbc6750609d6355/element - {"using":"css selector","value":"#shell-header-logo"}
RESULT: {"using":"css selector","value":"#shell-header-logo"}
COMMAND: POST /session/aedcc668f48e21658cbc6750609d6355/element/f.8AFBB3AC1A82BF87553E3B2FEF1B5657.d.0C981AC01CAB60FD843A9FDAAF1E901E.e.1710/click - {}
COMMAND: POST /session/aedcc668f48e21658cbc6750609d6355/execute/sync - {"script":"<script> [8489 bytes]","args":[{"element-6066-11e4-a52e-4f735466cecf":"f.8AFBB3AC1A82BF87553E3B2FEF1B5657.d.0C981AC01CAB60FD843A9FDAAF1E901E.e.1710","ELEMENT":"f.8AFBB3AC1A82BF87553E3B2FEF1B5657.d.0C981AC01CAB60FD843A9FDAAF1E901E.e.1710"}]}
RESULT: {"script":"<script> [8489 bytes]","args":[{"element-6066-11e4-a52e-4f735466cecf":"f.8AFBB3AC1A82BF87553E3B2FEF1B5657.d.0C981AC01CAB60FD843A9FDAAF1E901E.e.1710","ELEMENT":"f.8AFBB3AC1A82BF87553E3B2FEF1B5657.d.0C981AC01CAB60FD843A9FDAAF1E901E.e.1710"}]}
COMMAND: POST /session/aedcc668f48e21658cbc6750609d6355/execute/sync - {"script":"<script> [5351 bytes]","args":[{"element-6066-11e4-a52e-4f735466cecf":"f.8AFBB3AC1A82BF87553E3B2FEF1B5657.d.0C981AC01CAB60FD843A9FDAAF1E901E.e.1710","ELEMENT":"f.8AFBB3AC1A82BF87553E3B2FEF1B5657.d.0C981AC01CAB60FD843A9FDAAF1E901E.e.1710"}]}
COMMAND: GET /session/aedcc668f48e21658cbc6750609d6355/screenshot - {}
RESULT: {}
COMMAND: GET /session/aedcc668f48e21658cbc6750609d6355/screenshot - {}
RESULT: {"script":"<script> [5351 bytes]","args":[{"element-6066-11e4-a52e-4f735466cecf":"f.8AFBB3AC1A82BF87553E3B2FEF1B5657.d.0C981AC01CAB60FD843A9FDAAF1E901E.e.1710","ELEMENT":"f.8AFBB3AC1A82BF87553E3B2FEF1B5657.d.0C981AC01CAB60FD843A9FDAAF1E901E.e.1710"}]}
COMMAND: GET /session/aedcc668f48e21658cbc6750609d6355/screenshot - {}
RESULT: {}
RESULT: {}
RESULT: {}
RESULT: undefined
COMMAND: POST /session/aedcc668f48e21658cbc6750609d6355/element - {"using":"xpath","value":"//*[@id=\"__tile38\"]"}
RESULT: {"using":"xpath","value":"//*[@id=\"__tile38\"]"}
COMMAND: POST /session/aedcc668f48e21658cbc6750609d6355/element/f.8AFBB3AC1A82BF87553E3B2FEF1B5657.d.0C981AC01CAB60FD843A9FDAAF1E901E.e.153/click - {}
RESULT: {}
COMMAND: POST /session/aedcc668f48e21658cbc6750609d6355/element - {"using":"xpath","value":"//button[@data-kt=\"addButton\"]"}
COMMAND: GET /session/aedcc668f48e21658cbc6750609d6355/screenshot - {}
RESULT: {"using":"xpath","value":"//button[@data-kt=\"addButton\"]"}
COMMAND: POST /session/aedcc668f48e21658cbc6750609d6355/elements - {"using":"xpath","value":"//button[@data-kt=\"addButton\"]"}
RESULT: {}
RESULT: {"using":"xpath","value":"//button[@data-kt=\"addButton\"]"}
COMMAND: POST /session/aedcc668f48e21658cbc6750609d6355/elements - {"using":"xpath","value":"//button[@data-kt=\"addButton\"]"}
RESULT: {"using":"xpath","value":"//button[@data-kt=\"addButton\"]"}
COMMAND: POST /session/aedcc668f48e21658cbc6750609d6355/elements - {"using":"xpath","value":"//button[@data-kt=\"addButton\"]"}
RESULT: {"using":"xpath","value":"//button[@data-kt=\"addButton\"]"}
COMMAND: POST /session/aedcc668f48e21658cbc6750609d6355/elements - {"using":"xpath","value":"//button[@data-kt=\"addButton\"]"}
RESULT: {"using":"xpath","value":"//button[@data-kt=\"addButton\"]"}
COMMAND: POST /session/aedcc668f48e21658cbc6750609d6355/elements - {"using":"xpath","value":"//button[@data-kt=\"addButton\"]"}
RESULT: {"using":"xpath","value":"//button[@data-kt=\"addButton\"]"}
COMMAND: POST /session/aedcc668f48e21658cbc6750609d6355/elements - {"using":"xpath","value":"//button[@data-kt=\"addButton\"]"}
RESULT: {"using":"xpath","value":"//button[@data-kt=\"addButton\"]"}
COMMAND: POST /session/aedcc668f48e21658cbc6750609d6355/elements - {"using":"xpath","value":"//button[@data-kt=\"addButton\"]"}
RESULT: {"using":"xpath","value":"//button[@data-kt=\"addButton\"]"}
COMMAND: POST /session/aedcc668f48e21658cbc6750609d6355/elements - {"using":"xpath","value":"//button[@data-kt=\"addButton\"]"}
RESULT: {"using":"xpath","value":"//button[@data-kt=\"addButton\"]"}
COMMAND: POST /session/aedcc668f48e21658cbc6750609d6355/elements - {"using":"xpath","value":"//button[@data-kt=\"addButton\"]"}
RESULT: {"using":"xpath","value":"//button[@data-kt=\"addButton\"]"}
COMMAND: POST /session/aedcc668f48e21658cbc6750609d6355/elements - {"using":"xpath","value":"//button[@data-kt=\"addButton\"]"}
RESULT: {"using":"xpath","value":"//button[@data-kt=\"addButton\"]"}
COMMAND: POST /session/aedcc668f48e21658cbc6750609d6355/elements - {"using":"xpath","value":"//button[@data-kt=\"addButton\"]"}
RESULT: {"using":"xpath","value":"//button[@data-kt=\"addButton\"]"}
COMMAND: POST /session/aedcc668f48e21658cbc6750609d6355/elements - {"using":"xpath","value":"//button[@data-kt=\"addButton\"]"}
RESULT: {"using":"xpath","value":"//button[@data-kt=\"addButton\"]"}
COMMAND: POST /session/aedcc668f48e21658cbc6750609d6355/elements - {"using":"xpath","value":"//button[@data-kt=\"addButton\"]"}
RESULT: {"using":"xpath","value":"//button[@data-kt=\"addButton\"]"}
COMMAND: POST /session/aedcc668f48e21658cbc6750609d6355/element - {"using":"xpath","value":"//button[@data-kt=\"addButton\"]"}
RESULT: {"using":"xpath","value":"//button[@data-kt=\"addButton\"]"}
COMMAND: POST /session/aedcc668f48e21658cbc6750609d6355/execute/sync - {"script":"<script> [8489 bytes]","args":[{"element-6066-11e4-a52e-4f735466cecf":"f.8AFBB3AC1A82BF87553E3B2FEF1B5657.d.0C981AC01CAB60FD843A9FDAAF1E901E.e.1744","ELEMENT":"f.8AFBB3AC1A82BF87553E3B2FEF1B5657.d.0C981AC01CAB60FD843A9FDAAF1E901E.e.1744"}]}
RESULT: {"script":"<script> [8489 bytes]","args":[{"element-6066-11e4-a52e-4f735466cecf":"f.8AFBB3AC1A82BF87553E3B2FEF1B5657.d.0C981AC01CAB60FD843A9FDAAF1E901E.e.1744","ELEMENT":"f.8AFBB3AC1A82BF87553E3B2FEF1B5657.d.0C981AC01CAB60FD843A9FDAAF1E901E.e.1744"}]}
COMMAND: GET /session/aedcc668f48e21658cbc6750609d6355/element/f.8AFBB3AC1A82BF87553E3B2FEF1B5657.d.0C981AC01CAB60FD843A9FDAAF1E901E.e.1744/enabled - {}
COMMAND: GET /session/aedcc668f48e21658cbc6750609d6355/screenshot - {}
RESULT: {}
COMMAND: POST /session/aedcc668f48e21658cbc6750609d6355/execute/sync - {"script":"<script> [8489 bytes]","args":[{"element-6066-11e4-a52e-4f735466cecf":"f.8AFBB3AC1A82BF87553E3B2FEF1B5657.d.0C981AC01CAB60FD843A9FDAAF1E901E.e.1744","ELEMENT":"f.8AFBB3AC1A82BF87553E3B2FEF1B5657.d.0C981AC01CAB60FD843A9FDAAF1E901E.e.1744"}]}
COMMAND: GET /session/aedcc668f48e21658cbc6750609d6355/screenshot - {}
RESULT: {}
RESULT: {"script":"<script> [8489 bytes]","args":[{"element-6066-11e4-a52e-4f735466cecf":"f.8AFBB3AC1A82BF87553E3B2FEF1B5657.d.0C981AC01CAB60FD843A9FDAAF1E901E.e.1744","ELEMENT":"f.8AFBB3AC1A82BF87553E3B2FEF1B5657.d.0C981AC01CAB60FD843A9FDAAF1E901E.e.1744"}]}
COMMAND: POST /session/aedcc668f48e21658cbc6750609d6355/execute/sync - {"script":"<script> [5351 bytes]","args":[{"element-6066-11e4-a52e-4f735466cecf":"f.8AFBB3AC1A82BF87553E3B2FEF1B5657.d.0C981AC01CAB60FD843A9FDAAF1E901E.e.1744","ELEMENT":"f.8AFBB3AC1A82BF87553E3B2FEF1B5657.d.0C981AC01CAB60FD843A9FDAAF1E901E.e.1744"}]}
COMMAND: GET /session/aedcc668f48e21658cbc6750609d6355/screenshot - {}
RESULT: {}
RESULT: {"script":"<script> [5351 bytes]","args":[{"element-6066-11e4-a52e-4f735466cecf":"f.8AFBB3AC1A82BF87553E3B2FEF1B5657.d.0C981AC01CAB60FD843A9FDAAF1E901E.e.1744","ELEMENT":"f.8AFBB3AC1A82BF87553E3B2FEF1B5657.d.0C981AC01CAB60FD843A9FDAAF1E901E.e.1744"}]}
COMMAND: GET /session/aedcc668f48e21658cbc6750609d6355/screenshot - {}
RESULT: {}
RESULT: {}
COMMAND: POST /session/aedcc668f48e21658cbc6750609d6355/execute/async - {"script":"<script> [1562 bytes]","args":[{"selector":{"id":"application-managepartners-display-component---masterPtm--smartTable-btnPersonalisation-img"},"wdio_ui5_key":"applicationmanagepartners-display-component---masterPtm--smartTable-btnPersonalisation-img"}]}
RESULT: {"script":"<script> [1562 bytes]","args":[{"selector":{"id":"application-managepartners-display-component---masterPtm--smartTable-btnPersonalisation-img"},"wdio_ui5_key":"applicationmanagepartners-display-component---masterPtm--smartTable-btnPersonalisation-img"}]}
RESULT: undefined
COMMAND: POST /session/aedcc668f48e21658cbc6750609d6355/element - {"using":"xpath","value":"//*[@id=\"application-managepartners-display-component---masterPtm--smartTable-btnPersonalisation-img\"]"}
RESULT: {"using":"xpath","value":"//*[@id=\"application-managepartners-display-component---masterPtm--smartTable-btnPersonalisation-img\"]"}
COMMAND: POST /session/aedcc668f48e21658cbc6750609d6355/element/f.8AFBB3AC1A82BF87553E3B2FEF1B5657.d.0C981AC01CAB60FD843A9FDAAF1E901E.e.1760/click - {}
RESULT: {}
COMMAND: GET /session/aedcc668f48e21658cbc6750609d6355/screenshot - {}
RESULT: {}
COMMAND: POST /session/aedcc668f48e21658cbc6750609d6355/execute/async - {"script":"<script> [1562 bytes]","args":[{"selector":{"controlType":"sap.m.IconTabFilter","viewName":"etm.portal.ui.managepartners.view.Master","viewId":"application-managepartners-display-component---masterPtm","properties":{"text":"Sort"},"searchOpenDialogs":true,"interaction":{"idSuffix":"text"}},"wdio_ui5_key":"etmportal.ui.managepartners.view.Mastersap.m.IconTabFilter{\"text\":\"Sort\"}"}]}
RESULT: {"script":"<script> [1562 bytes]","args":[{"selector":{"controlType":"sap.m.IconTabFilter","viewName":"etm.portal.ui.managepartners.view.Master","viewId":"application-managepartners-display-component---masterPtm","properties":{"text":"Sort"},"searchOpenDialogs":true,"interaction":{"idSuffix":"text"}},"wdio_ui5_key":"etmportal.ui.managepartners.view.Mastersap.m.IconTabFilter{\"text\":\"Sort\"}"}]}
RESULT: undefined
COMMAND: POST /session/aedcc668f48e21658cbc6750609d6355/element - {"using":"xpath","value":"//*[@id=\"__filter1\"]"}
RESULT: {"using":"xpath","value":"//*[@id=\"__filter1\"]"}
COMMAND: POST /session/aedcc668f48e21658cbc6750609d6355/element/f.8AFBB3AC1A82BF87553E3B2FEF1B5657.d.0C981AC01CAB60FD843A9FDAAF1E901E.e.1901/click - {}
RESULT: {}
COMMAND: GET /session/aedcc668f48e21658cbc6750609d6355/screenshot - {}
RESULT: {}
COMMAND: POST /session/aedcc668f48e21658cbc6750609d6355/element - {"using":"xpath","value":"//input[@placeholder=\"Sort by\"]/following-sibling::div//span"}
RESULT: {"using":"xpath","value":"//input[@placeholder=\"Sort by\"]/following-sibling::div//span"}
COMMAND: POST /session/aedcc668f48e21658cbc6750609d6355/element/f.8AFBB3AC1A82BF87553E3B2FEF1B5657.d.0C981AC01CAB60FD843A9FDAAF1E901E.e.1903/click - {}
RESULT: {}
COMMAND: GET /session/aedcc668f48e21658cbc6750609d6355/screenshot - {}
RESULT: {}
COMMAND: POST /session/aedcc668f48e21658cbc6750609d6355/element - {"using":"xpath","value":"//li[.//span[text()=\"Language\"]]"}
RESULT: {"using":"xpath","value":"//li[.//span[text()=\"Language\"]]"}
COMMAND: POST /session/aedcc668f48e21658cbc6750609d6355/element/f.8AFBB3AC1A82BF87553E3B2FEF1B5657.d.0C981AC01CAB60FD843A9FDAAF1E901E.e.1904/click - {}
RESULT: {}
COMMAND: GET /session/aedcc668f48e21658cbc6750609d6355/screenshot - {}
RESULT: {}
COMMAND: POST /session/aedcc668f48e21658cbc6750609d6355/element - {"using":"xpath","value":"//bdi[contains(text(), \"OK\")]"}
RESULT: {"using":"xpath","value":"//bdi[contains(text(), \"OK\")]"}
COMMAND: POST /session/aedcc668f48e21658cbc6750609d6355/element/f.8AFBB3AC1A82BF87553E3B2FEF1B5657.d.0C981AC01CAB60FD843A9FDAAF1E901E.e.1908/click - {}
RESULT: {}
COMMAND: GET /session/aedcc668f48e21658cbc6750609d6355/screenshot - {}
RESULT: {}
COMMAND: POST /session/aedcc668f48e21658cbc6750609d6355/element - {"using":"xpath","value":"//table[contains(@id, \"customPartnersTable\")]//tbody/tr[1]/td[3]/span"}
RESULT: {"using":"xpath","value":"//table[contains(@id, \"customPartnersTable\")]//tbody/tr[1]/td[3]/span"}
COMMAND: POST /session/aedcc668f48e21658cbc6750609d6355/execute/sync - {"script":"<script> [56 bytes]","args":[{"element-6066-11e4-a52e-4f735466cecf":"f.8AFBB3AC1A82BF87553E3B2FEF1B5657.d.0C981AC01CAB60FD843A9FDAAF1E901E.e.2036","ELEMENT":"f.8AFBB3AC1A82BF87553E3B2FEF1B5657.d.0C981AC01CAB60FD843A9FDAAF1E901E.e.2036"}]}
RESULT: {"script":"<script> [56 bytes]","args":[{"element-6066-11e4-a52e-4f735466cecf":"f.8AFBB3AC1A82BF87553E3B2FEF1B5657.d.0C981AC01CAB60FD843A9FDAAF1E901E.e.2036","ELEMENT":"f.8AFBB3AC1A82BF87553E3B2FEF1B5657.d.0C981AC01CAB60FD843A9FDAAF1E901E.e.2036"}]}
RESULT: undefined
COMMAND: POST /session/aedcc668f48e21658cbc6750609d6355/element - {"using":"xpath","value":"//*[@id=\"application-managepartners-display-component---masterPtm--smartTable-btnPersonalisation-img\"]"}
COMMAND: GET /session/aedcc668f48e21658cbc6750609d6355/screenshot - {}
RESULT: {"using":"xpath","value":"//*[@id=\"application-managepartners-display-component---masterPtm--smartTable-btnPersonalisation-img\"]"}
COMMAND: POST /session/aedcc668f48e21658cbc6750609d6355/element/f.8AFBB3AC1A82BF87553E3B2FEF1B5657.d.0C981AC01CAB60FD843A9FDAAF1E901E.e.1760/click - {}
RESULT: {}
RESULT: {}
COMMAND: GET /session/aedcc668f48e21658cbc6750609d6355/screenshot - {}
RESULT: {}
COMMAND: POST /session/aedcc668f48e21658cbc6750609d6355/element - {"using":"xpath","value":"//bdi[contains(text(), \"Reset\")]"}
RESULT: {"using":"xpath","value":"//bdi[contains(text(), \"Reset\")]"}
COMMAND: POST /session/aedcc668f48e21658cbc6750609d6355/element/f.8AFBB3AC1A82BF87553E3B2FEF1B5657.d.0C981AC01CAB60FD843A9FDAAF1E901E.e.2042/click - {}
RESULT: {}
COMMAND: GET /session/aedcc668f48e21658cbc6750609d6355/screenshot - {}
RESULT: {}
COMMAND: POST /session/aedcc668f48e21658cbc6750609d6355/element - {"using":"xpath","value":"(//bdi[contains(text(), \"OK\")])[2]"}
RESULT: {"using":"xpath","value":"(//bdi[contains(text(), \"OK\")])[2]"}
COMMAND: POST /session/aedcc668f48e21658cbc6750609d6355/element/f.8AFBB3AC1A82BF87553E3B2FEF1B5657.d.0C981AC01CAB60FD843A9FDAAF1E901E.e.2044/click - {}
RESULT: {}
COMMAND: GET /session/aedcc668f48e21658cbc6750609d6355/screenshot - {}
RESULT: {}
COMMAND: POST /session/aedcc668f48e21658cbc6750609d6355/element - {"using":"xpath","value":"//bdi[contains(text(), \"OK\")]"}
RESULT: {"using":"xpath","value":"//bdi[contains(text(), \"OK\")]"}
COMMAND: POST /session/aedcc668f48e21658cbc6750609d6355/element/f.8AFBB3AC1A82BF87553E3B2FEF1B5657.d.0C981AC01CAB60FD843A9FDAAF1E901E.e.2095/click - {}
RESULT: {}
COMMAND: GET /session/aedcc668f48e21658cbc6750609d6355/screenshot - {}
RESULT: {}
COMMAND: POST /session/aedcc668f48e21658cbc6750609d6355/element - {"using":"xpath","value":"//table[contains(@id, \"customPartnersTable\")]//tbody/tr[1]/td[3]/span"}
RESULT: {"using":"xpath","value":"//table[contains(@id, \"customPartnersTable\")]//tbody/tr[1]/td[3]/span"}
COMMAND: POST /session/aedcc668f48e21658cbc6750609d6355/execute/sync - {"script":"<script> [56 bytes]","args":[{"element-6066-11e4-a52e-4f735466cecf":"f.8AFBB3AC1A82BF87553E3B2FEF1B5657.d.0C981AC01CAB60FD843A9FDAAF1E901E.e.2097","ELEMENT":"f.8AFBB3AC1A82BF87553E3B2FEF1B5657.d.0C981AC01CAB60FD843A9FDAAF1E901E.e.2097"}]}
RESULT: {"script":"<script> [56 bytes]","args":[{"element-6066-11e4-a52e-4f735466cecf":"f.8AFBB3AC1A82BF87553E3B2FEF1B5657.d.0C981AC01CAB60FD843A9FDAAF1E901E.e.2097","ELEMENT":"f.8AFBB3AC1A82BF87553E3B2FEF1B5657.d.0C981AC01CAB60FD843A9FDAAF1E901E.e.2097"}]}
RESULT: undefined
COMMAND: POST /session/aedcc668f48e21658cbc6750609d6355/element - {"using":"xpath","value":"//*[@id=\"application-managepartners-display-component---masterPtm--smartTable-btnPersonalisation-img\"]"}
COMMAND: GET /session/aedcc668f48e21658cbc6750609d6355/screenshot - {}
RESULT: {"using":"xpath","value":"//*[@id=\"application-managepartners-display-component---masterPtm--smartTable-btnPersonalisation-img\"]"}
COMMAND: POST /session/aedcc668f48e21658cbc6750609d6355/element/f.8AFBB3AC1A82BF87553E3B2FEF1B5657.d.0C981AC01CAB60FD843A9FDAAF1E901E.e.1760/click - {}
RESULT: {}
RESULT: {}
COMMAND: GET /session/aedcc668f48e21658cbc6750609d6355/screenshot - {}
RESULT: {}
COMMAND: POST /session/aedcc668f48e21658cbc6750609d6355/execute/async - {"script":"<script> [1562 bytes]","args":[{"selector":{"controlType":"sap.m.IconTabFilter","viewName":"etm.portal.ui.managepartners.view.Master","viewId":"application-managepartners-display-component---masterPtm","properties":{"text":"Filter"},"searchOpenDialogs":true,"interaction":{"idSuffix":"text"}},"wdio_ui5_key":"etmportal.ui.managepartners.view.Mastersap.m.IconTabFilter{\"text\":\"Filter\"}"}]}
RESULT: {"script":"<script> [1562 bytes]","args":[{"selector":{"controlType":"sap.m.IconTabFilter","viewName":"etm.portal.ui.managepartners.view.Master","viewId":"application-managepartners-display-component---masterPtm","properties":{"text":"Filter"},"searchOpenDialogs":true,"interaction":{"idSuffix":"text"}},"wdio_ui5_key":"etmportal.ui.managepartners.view.Mastersap.m.IconTabFilter{\"text\":\"Filter\"}"}]}
RESULT: undefined
COMMAND: POST /session/aedcc668f48e21658cbc6750609d6355/element - {"using":"xpath","value":"//*[@id=\"__filter10\"]"}
RESULT: {"using":"xpath","value":"//*[@id=\"__filter10\"]"}
COMMAND: POST /session/aedcc668f48e21658cbc6750609d6355/element/f.8AFBB3AC1A82BF87553E3B2FEF1B5657.d.0C981AC01CAB60FD843A9FDAAF1E901E.e.2102/click - {}
RESULT: {}
COMMAND: GET /session/aedcc668f48e21658cbc6750609d6355/screenshot - {}
RESULT: {}
COMMAND: POST /session/aedcc668f48e21658cbc6750609d6355/element - {"using":"xpath","value":"//input[@placeholder=\"Filter by\"]/following-sibling::div//span"}
RESULT: {"using":"xpath","value":"//input[@placeholder=\"Filter by\"]/following-sibling::div//span"}
COMMAND: POST /session/aedcc668f48e21658cbc6750609d6355/element/f.8AFBB3AC1A82BF87553E3B2FEF1B5657.d.0C981AC01CAB60FD843A9FDAAF1E901E.e.2104/click - {}
RESULT: {}
COMMAND: GET /session/aedcc668f48e21658cbc6750609d6355/screenshot - {}
RESULT: {}
COMMAND: POST /session/aedcc668f48e21658cbc6750609d6355/element - {"using":"xpath","value":"//li[.//span[text()=\"Preferred Yard\"]]"}
RESULT: {"using":"xpath","value":"//li[.//span[text()=\"Preferred Yard\"]]"}
COMMAND: POST /session/aedcc668f48e21658cbc6750609d6355/element/f.8AFBB3AC1A82BF87553E3B2FEF1B5657.d.0C981AC01CAB60FD843A9FDAAF1E901E.e.2105/click - {}
RESULT: {}
COMMAND: GET /session/aedcc668f48e21658cbc6750609d6355/screenshot - {}
RESULT: {}
COMMAND: POST /session/aedcc668f48e21658cbc6750609d6355/execute/async - {"script":"<script> [1562 bytes]","args":[{"selector":{"id":"FilterPanel-filterItemControl_BASIC-application-managepartners-display-component---masterPtm--smartTable-YARDYARD-vhi","searchOpenDialogs":true},"wdio_ui5_key":"FilterPanelfilterItemControl_BASIC-application-managepartners-display-component---masterPtm--smartTable-YARDYARD-vhi"}]}
RESULT: {"script":"<script> [1562 bytes]","args":[{"selector":{"id":"FilterPanel-filterItemControl_BASIC-application-managepartners-display-component---masterPtm--smartTable-YARDYARD-vhi","searchOpenDialogs":true},"wdio_ui5_key":"FilterPanelfilterItemControl_BASIC-application-managepartners-display-component---masterPtm--smartTable-YARDYARD-vhi"}]}
RESULT: undefined
COMMAND: POST /session/aedcc668f48e21658cbc6750609d6355/element - {"using":"xpath","value":"//*[@id=\"FilterPanel-filterItemControl_BASIC-application-managepartners-display-component---masterPtm--smartTable-YARDYARD-vhi\"]"}
RESULT: {"using":"xpath","value":"//*[@id=\"FilterPanel-filterItemControl_BASIC-application-managepartners-display-component---masterPtm--smartTable-YARDYARD-vhi\"]"}
COMMAND: POST /session/aedcc668f48e21658cbc6750609d6355/element/f.8AFBB3AC1A82BF87553E3B2FEF1B5657.d.0C981AC01CAB60FD843A9FDAAF1E901E.e.2108/click - {}
RESULT: {}
COMMAND: GET /session/aedcc668f48e21658cbc6750609d6355/screenshot - {}
RESULT: {}
COMMAND: POST /session/aedcc668f48e21658cbc6750609d6355/execute/async - {"script":"<script> [1562 bytes]","args":[{"selector":{"id":"FilterPanel-filterItemControl_BASIC-application-managepartners-display-component---masterPtm--smartTable-YARDYARD-valueHelpDialog-smartFilterBar-btnBasicSearch","searchOpenDialogs":true,"interaction":{"idSuffix":"I"}},"wdio_ui5_key":"FilterPanelfilterItemControl_BASIC-application-managepartners-display-component---masterPtm--smartTable-YARDYARD-valueHelpDialog-smartFilterBar-btnBasicSearch"}]}
RESULT: {"script":"<script> [1562 bytes]","args":[{"selector":{"id":"FilterPanel-filterItemControl_BASIC-application-managepartners-display-component---masterPtm--smartTable-YARDYARD-valueHelpDialog-smartFilterBar-btnBasicSearch","searchOpenDialogs":true,"interaction":{"idSuffix":"I"}},"wdio_ui5_key":"FilterPanelfilterItemControl_BASIC-application-managepartners-display-component---masterPtm--smartTable-YARDYARD-valueHelpDialog-smartFilterBar-btnBasicSearch"}]}
RESULT: undefined
COMMAND: POST /session/aedcc668f48e21658cbc6750609d6355/execute/async - {"script":"<script> [776 bytes]","args":[{"enterText":"641","selector":{"id":"FilterPanel-filterItemControl_BASIC-application-managepartners-display-component---masterPtm--smartTable-YARDYARD-valueHelpDialog-smartFilterBar-btnBasicSearch","searchOpenDialogs":true,"interaction":{"idSuffix":"I"}},"clearTextFirst":true,"interactionType":"ENTER_TEXT"}]}
RESULT: {"script":"<script> [776 bytes]","args":[{"enterText":"641","selector":{"id":"FilterPanel-filterItemControl_BASIC-application-managepartners-display-component---masterPtm--smartTable-YARDYARD-valueHelpDialog-smartFilterBar-btnBasicSearch","searchOpenDialogs":true,"interaction":{"idSuffix":"I"}},"clearTextFirst":true,"interactionType":"ENTER_TEXT"}]}
COMMAND: POST /session/aedcc668f48e21658cbc6750609d6355/actions - {"actions":[{"id":"action3","type":"key","parameters":{},"actions":[{"type":"keyDown","value":"î€‡"},{"type":"pause","duration":10},{"type":"keyUp","value":"î€‡"}]}]}
RESULT: {"actions":[{"id":"action3","type":"key","parameters":{},"actions":[{"type":"keyDown","value":"î€‡"},{"type":"pause","duration":10},{"type":"keyUp","value":"î€‡"}]}]}
COMMAND: GET /session/aedcc668f48e21658cbc6750609d6355/screenshot - {}
RESULT: {}
COMMAND: POST /session/aedcc668f48e21658cbc6750609d6355/elements - {"using":"xpath","value":"//table[contains(@id, \"smartTable-YARDYARD-valueHelpDialog-table-table\")]/tbody/tr"}
RESULT: {"using":"xpath","value":"//table[contains(@id, \"smartTable-YARDYARD-valueHelpDialog-table-table\")]/tbody/tr"}
COMMAND: POST /session/aedcc668f48e21658cbc6750609d6355/element - {"using":"xpath","value":"//table[contains(@id, \"smartTable-YARDYARD-valueHelpDialog-table-table\")]/tbody/tr[1]/td[1]/div/span"}
RESULT: {"using":"xpath","value":"//table[contains(@id, \"smartTable-YARDYARD-valueHelpDialog-table-table\")]/tbody/tr[1]/td[1]/div/span"}
COMMAND: POST /session/aedcc668f48e21658cbc6750609d6355/elements - {"using":"xpath","value":"//table[contains(@id, \"smartTable-YARDYARD-valueHelpDialog-table-table\")]/tbody/tr[1]/td[1]/div/span"}
RESULT: {"using":"xpath","value":"//table[contains(@id, \"smartTable-YARDYARD-valueHelpDialog-table-table\")]/tbody/tr[1]/td[1]/div/span"}
COMMAND: POST /session/aedcc668f48e21658cbc6750609d6355/execute/sync - {"script":"<script> [56 bytes]","args":[{"element-6066-11e4-a52e-4f735466cecf":"f.8AFBB3AC1A82BF87553E3B2FEF1B5657.d.0C981AC01CAB60FD843A9FDAAF1E901E.e.2127","ELEMENT":"f.8AFBB3AC1A82BF87553E3B2FEF1B5657.d.0C981AC01CAB60FD843A9FDAAF1E901E.e.2127"}]}
RESULT: {"script":"<script> [56 bytes]","args":[{"element-6066-11e4-a52e-4f735466cecf":"f.8AFBB3AC1A82BF87553E3B2FEF1B5657.d.0C981AC01CAB60FD843A9FDAAF1E901E.e.2127","ELEMENT":"f.8AFBB3AC1A82BF87553E3B2FEF1B5657.d.0C981AC01CAB60FD843A9FDAAF1E901E.e.2127"}]}
COMMAND: POST /session/aedcc668f48e21658cbc6750609d6355/element - {"using":"xpath","value":"//table[contains(@id, \"smartTable-YARDYARD-valueHelpDialog-table-table\")]/tbody/tr[2]/td[1]/div/span"}
COMMAND: GET /session/aedcc668f48e21658cbc6750609d6355/screenshot - {}
RESULT: {"using":"xpath","value":"//table[contains(@id, \"smartTable-YARDYARD-valueHelpDialog-table-table\")]/tbody/tr[2]/td[1]/div/span"}
COMMAND: POST /session/aedcc668f48e21658cbc6750609d6355/elements - {"using":"xpath","value":"//table[contains(@id, \"smartTable-YARDYARD-valueHelpDialog-table-table\")]/tbody/tr[2]/td[1]/div/span"}
RESULT: {}
RESULT: {"using":"xpath","value":"//table[contains(@id, \"smartTable-YARDYARD-valueHelpDialog-table-table\")]/tbody/tr[2]/td[1]/div/span"}
COMMAND: POST /session/aedcc668f48e21658cbc6750609d6355/execute/sync - {"script":"<script> [56 bytes]","args":[{"element-6066-11e4-a52e-4f735466cecf":"f.8AFBB3AC1A82BF87553E3B2FEF1B5657.d.0C981AC01CAB60FD843A9FDAAF1E901E.e.2128","ELEMENT":"f.8AFBB3AC1A82BF87553E3B2FEF1B5657.d.0C981AC01CAB60FD843A9FDAAF1E901E.e.2128"}]}
RESULT: {"script":"<script> [56 bytes]","args":[{"element-6066-11e4-a52e-4f735466cecf":"f.8AFBB3AC1A82BF87553E3B2FEF1B5657.d.0C981AC01CAB60FD843A9FDAAF1E901E.e.2128","ELEMENT":"f.8AFBB3AC1A82BF87553E3B2FEF1B5657.d.0C981AC01CAB60FD843A9FDAAF1E901E.e.2128"}]}
COMMAND: POST /session/aedcc668f48e21658cbc6750609d6355/element - {"using":"xpath","value":"//div[contains(@id, \"YARDYARD-valueHelpDialog-table-rowsel1\")]"}
COMMAND: GET /session/aedcc668f48e21658cbc6750609d6355/screenshot - {}
RESULT: {"using":"xpath","value":"//div[contains(@id, \"YARDYARD-valueHelpDialog-table-rowsel1\")]"}
COMMAND: POST /session/aedcc668f48e21658cbc6750609d6355/element/f.8AFBB3AC1A82BF87553E3B2FEF1B5657.d.0C981AC01CAB60FD843A9FDAAF1E901E.e.2129/click - {}
RESULT: {}
RESULT: {}
COMMAND: GET /session/aedcc668f48e21658cbc6750609d6355/screenshot - {}
RESULT: {}
COMMAND: POST /session/aedcc668f48e21658cbc6750609d6355/element - {"using":"xpath","value":"(//bdi[contains(text(), \"OK\")])[2]"}
RESULT: {"using":"xpath","value":"(//bdi[contains(text(), \"OK\")])[2]"}
COMMAND: POST /session/aedcc668f48e21658cbc6750609d6355/element/f.8AFBB3AC1A82BF87553E3B2FEF1B5657.d.0C981AC01CAB60FD843A9FDAAF1E901E.e.2131/click - {}
RESULT: {}
COMMAND: GET /session/aedcc668f48e21658cbc6750609d6355/screenshot - {}
RESULT: {}
COMMAND: POST /session/aedcc668f48e21658cbc6750609d6355/element - {"using":"xpath","value":"//bdi[contains(text(), \"OK\")]"}
RESULT: {"using":"xpath","value":"//bdi[contains(text(), \"OK\")]"}
COMMAND: POST /session/aedcc668f48e21658cbc6750609d6355/element/f.8AFBB3AC1A82BF87553E3B2FEF1B5657.d.0C981AC01CAB60FD843A9FDAAF1E901E.e.2134/click - {}
RESULT: {}
COMMAND: GET /session/aedcc668f48e21658cbc6750609d6355/screenshot - {}
RESULT: {}
COMMAND: POST /session/aedcc668f48e21658cbc6750609d6355/element - {"using":"xpath","value":"//table[contains(@id, \"customPartnersTable\")]//tbody/tr[1]/td[3]/span"}
RESULT: {"using":"xpath","value":"//table[contains(@id, \"customPartnersTable\")]//tbody/tr[1]/td[3]/span"}
COMMAND: POST /session/aedcc668f48e21658cbc6750609d6355/execute/sync - {"script":"<script> [56 bytes]","args":[{"element-6066-11e4-a52e-4f735466cecf":"f.8AFBB3AC1A82BF87553E3B2FEF1B5657.d.0C981AC01CAB60FD843A9FDAAF1E901E.e.2097","ELEMENT":"f.8AFBB3AC1A82BF87553E3B2FEF1B5657.d.0C981AC01CAB60FD843A9FDAAF1E901E.e.2097"}]}
RESULT: {"script":"<script> [56 bytes]","args":[{"element-6066-11e4-a52e-4f735466cecf":"f.8AFBB3AC1A82BF87553E3B2FEF1B5657.d.0C981AC01CAB60FD843A9FDAAF1E901E.e.2097","ELEMENT":"f.8AFBB3AC1A82BF87553E3B2FEF1B5657.d.0C981AC01CAB60FD843A9FDAAF1E901E.e.2097"}]}
COMMAND: POST /session/aedcc668f48e21658cbc6750609d6355/element - {"using":"css selector","value":"#shell-header-logo"}
COMMAND: GET /session/aedcc668f48e21658cbc6750609d6355/screenshot - {}
RESULT: {"using":"css selector","value":"#shell-header-logo"}
COMMAND: POST /session/aedcc668f48e21658cbc6750609d6355/element/f.8AFBB3AC1A82BF87553E3B2FEF1B5657.d.0C981AC01CAB60FD843A9FDAAF1E901E.e.1710/click - {}
RESULT: {}
RESULT: {}
COMMAND: GET /session/aedcc668f48e21658cbc6750609d6355/screenshot - {}
RESULT: {}
]]></system-out>
    </testcase>
    <testcase classname="chrome.135_0_7049_115.windows.Partner_specific_tests_US150819_US151080_US151654_US151176_US103444_US151078_US151079_US151109_US151174_US151175_US151189" name="Should deactivate the created partner in earlier step US151654" time="50.685">
      <system-out><![CDATA[
COMMAND: POST /session/aedcc668f48e21658cbc6750609d6355/element - {"using":"xpath","value":"//li[.//span[text()=\"Manage Partners\"]]"}
RESULT: {"using":"xpath","value":"//li[.//span[text()=\"Manage Partners\"]]"}
COMMAND: POST /session/aedcc668f48e21658cbc6750609d6355/element - {"using":"xpath","value":"//li[.//span[text()=\"Manage Partners\"]]"}
RESULT: {"using":"xpath","value":"//li[.//span[text()=\"Manage Partners\"]]"}
COMMAND: POST /session/aedcc668f48e21658cbc6750609d6355/element - {"using":"css selector","value":"#shell-header-logo"}
RESULT: {"using":"css selector","value":"#shell-header-logo"}
COMMAND: POST /session/aedcc668f48e21658cbc6750609d6355/element/f.8AFBB3AC1A82BF87553E3B2FEF1B5657.d.0C981AC01CAB60FD843A9FDAAF1E901E.e.2183/click - {}
COMMAND: POST /session/aedcc668f48e21658cbc6750609d6355/execute/sync - {"script":"<script> [8489 bytes]","args":[{"element-6066-11e4-a52e-4f735466cecf":"f.8AFBB3AC1A82BF87553E3B2FEF1B5657.d.0C981AC01CAB60FD843A9FDAAF1E901E.e.2183","ELEMENT":"f.8AFBB3AC1A82BF87553E3B2FEF1B5657.d.0C981AC01CAB60FD843A9FDAAF1E901E.e.2183"}]}
RESULT: {}
COMMAND: GET /session/aedcc668f48e21658cbc6750609d6355/screenshot - {}
RESULT: {"script":"<script> [8489 bytes]","args":[{"element-6066-11e4-a52e-4f735466cecf":"f.8AFBB3AC1A82BF87553E3B2FEF1B5657.d.0C981AC01CAB60FD843A9FDAAF1E901E.e.2183","ELEMENT":"f.8AFBB3AC1A82BF87553E3B2FEF1B5657.d.0C981AC01CAB60FD843A9FDAAF1E901E.e.2183"}]}
COMMAND: POST /session/aedcc668f48e21658cbc6750609d6355/execute/sync - {"script":"<script> [5351 bytes]","args":[{"element-6066-11e4-a52e-4f735466cecf":"f.8AFBB3AC1A82BF87553E3B2FEF1B5657.d.0C981AC01CAB60FD843A9FDAAF1E901E.e.2183","ELEMENT":"f.8AFBB3AC1A82BF87553E3B2FEF1B5657.d.0C981AC01CAB60FD843A9FDAAF1E901E.e.2183"}]}
COMMAND: GET /session/aedcc668f48e21658cbc6750609d6355/screenshot - {}
RESULT: {}
RESULT: {"script":"<script> [5351 bytes]","args":[{"element-6066-11e4-a52e-4f735466cecf":"f.8AFBB3AC1A82BF87553E3B2FEF1B5657.d.0C981AC01CAB60FD843A9FDAAF1E901E.e.2183","ELEMENT":"f.8AFBB3AC1A82BF87553E3B2FEF1B5657.d.0C981AC01CAB60FD843A9FDAAF1E901E.e.2183"}]}
COMMAND: GET /session/aedcc668f48e21658cbc6750609d6355/screenshot - {}
RESULT: {}
RESULT: {}
RESULT: undefined
COMMAND: POST /session/aedcc668f48e21658cbc6750609d6355/element - {"using":"xpath","value":"//*[@id=\"__tile38\"]"}
RESULT: {"using":"xpath","value":"//*[@id=\"__tile38\"]"}
COMMAND: POST /session/aedcc668f48e21658cbc6750609d6355/element/f.8AFBB3AC1A82BF87553E3B2FEF1B5657.d.0C981AC01CAB60FD843A9FDAAF1E901E.e.153/click - {}
RESULT: {}
COMMAND: POST /session/aedcc668f48e21658cbc6750609d6355/element - {"using":"xpath","value":"//button[@data-kt=\"addButton\"]"}
COMMAND: GET /session/aedcc668f48e21658cbc6750609d6355/screenshot - {}
RESULT: {"using":"xpath","value":"//button[@data-kt=\"addButton\"]"}
COMMAND: POST /session/aedcc668f48e21658cbc6750609d6355/elements - {"using":"xpath","value":"//button[@data-kt=\"addButton\"]"}
RESULT: {}
RESULT: {"using":"xpath","value":"//button[@data-kt=\"addButton\"]"}
COMMAND: POST /session/aedcc668f48e21658cbc6750609d6355/elements - {"using":"xpath","value":"//button[@data-kt=\"addButton\"]"}
RESULT: {"using":"xpath","value":"//button[@data-kt=\"addButton\"]"}
COMMAND: POST /session/aedcc668f48e21658cbc6750609d6355/element - {"using":"xpath","value":"//button[@data-kt=\"addButton\"]"}
RESULT: {"using":"xpath","value":"//button[@data-kt=\"addButton\"]"}
COMMAND: POST /session/aedcc668f48e21658cbc6750609d6355/execute/sync - {"script":"<script> [8489 bytes]","args":[{"element-6066-11e4-a52e-4f735466cecf":"f.8AFBB3AC1A82BF87553E3B2FEF1B5657.d.0C981AC01CAB60FD843A9FDAAF1E901E.e.2228","ELEMENT":"f.8AFBB3AC1A82BF87553E3B2FEF1B5657.d.0C981AC01CAB60FD843A9FDAAF1E901E.e.2228"}]}
RESULT: {"script":"<script> [8489 bytes]","args":[{"element-6066-11e4-a52e-4f735466cecf":"f.8AFBB3AC1A82BF87553E3B2FEF1B5657.d.0C981AC01CAB60FD843A9FDAAF1E901E.e.2228","ELEMENT":"f.8AFBB3AC1A82BF87553E3B2FEF1B5657.d.0C981AC01CAB60FD843A9FDAAF1E901E.e.2228"}]}
COMMAND: GET /session/aedcc668f48e21658cbc6750609d6355/element/f.8AFBB3AC1A82BF87553E3B2FEF1B5657.d.0C981AC01CAB60FD843A9FDAAF1E901E.e.2228/enabled - {}
COMMAND: GET /session/aedcc668f48e21658cbc6750609d6355/screenshot - {}
RESULT: {}
COMMAND: POST /session/aedcc668f48e21658cbc6750609d6355/execute/sync - {"script":"<script> [8489 bytes]","args":[{"element-6066-11e4-a52e-4f735466cecf":"f.8AFBB3AC1A82BF87553E3B2FEF1B5657.d.0C981AC01CAB60FD843A9FDAAF1E901E.e.2228","ELEMENT":"f.8AFBB3AC1A82BF87553E3B2FEF1B5657.d.0C981AC01CAB60FD843A9FDAAF1E901E.e.2228"}]}
COMMAND: GET /session/aedcc668f48e21658cbc6750609d6355/screenshot - {}
RESULT: {}
RESULT: {"script":"<script> [8489 bytes]","args":[{"element-6066-11e4-a52e-4f735466cecf":"f.8AFBB3AC1A82BF87553E3B2FEF1B5657.d.0C981AC01CAB60FD843A9FDAAF1E901E.e.2228","ELEMENT":"f.8AFBB3AC1A82BF87553E3B2FEF1B5657.d.0C981AC01CAB60FD843A9FDAAF1E901E.e.2228"}]}
COMMAND: POST /session/aedcc668f48e21658cbc6750609d6355/execute/sync - {"script":"<script> [5351 bytes]","args":[{"element-6066-11e4-a52e-4f735466cecf":"f.8AFBB3AC1A82BF87553E3B2FEF1B5657.d.0C981AC01CAB60FD843A9FDAAF1E901E.e.2228","ELEMENT":"f.8AFBB3AC1A82BF87553E3B2FEF1B5657.d.0C981AC01CAB60FD843A9FDAAF1E901E.e.2228"}]}
COMMAND: GET /session/aedcc668f48e21658cbc6750609d6355/screenshot - {}
RESULT: {}
RESULT: {"script":"<script> [5351 bytes]","args":[{"element-6066-11e4-a52e-4f735466cecf":"f.8AFBB3AC1A82BF87553E3B2FEF1B5657.d.0C981AC01CAB60FD843A9FDAAF1E901E.e.2228","ELEMENT":"f.8AFBB3AC1A82BF87553E3B2FEF1B5657.d.0C981AC01CAB60FD843A9FDAAF1E901E.e.2228"}]}
COMMAND: GET /session/aedcc668f48e21658cbc6750609d6355/screenshot - {}
RESULT: {}
RESULT: {}
COMMAND: POST /session/aedcc668f48e21658cbc6750609d6355/execute/async - {"script":"<script> [1562 bytes]","args":[{"selector":{"id":"application-managepartners-display-component---masterPtm--smartFilterBar-btnBasicSearch","interaction":{"idSuffix":"I"}},"wdio_ui5_key":"applicationmanagepartners-display-component---masterPtm--smartFilterBar-btnBasicSearch"}]}
RESULT: {"script":"<script> [1562 bytes]","args":[{"selector":{"id":"application-managepartners-display-component---masterPtm--smartFilterBar-btnBasicSearch","interaction":{"idSuffix":"I"}},"wdio_ui5_key":"applicationmanagepartners-display-component---masterPtm--smartFilterBar-btnBasicSearch"}]}
RESULT: undefined
COMMAND: POST /session/aedcc668f48e21658cbc6750609d6355/execute/async - {"script":"<script> [776 bytes]","args":[{"enterText":"1515","selector":{"id":"application-managepartners-display-component---masterPtm--smartFilterBar-btnBasicSearch","interaction":{"idSuffix":"I"}},"clearTextFirst":true,"interactionType":"ENTER_TEXT"}]}
RESULT: {"script":"<script> [776 bytes]","args":[{"enterText":"1515","selector":{"id":"application-managepartners-display-component---masterPtm--smartFilterBar-btnBasicSearch","interaction":{"idSuffix":"I"}},"clearTextFirst":true,"interactionType":"ENTER_TEXT"}]}
COMMAND: POST /session/aedcc668f48e21658cbc6750609d6355/actions - {"actions":[{"id":"action4","type":"key","parameters":{},"actions":[{"type":"keyDown","value":"î€‡"},{"type":"pause","duration":10},{"type":"keyUp","value":"î€‡"}]}]}
RESULT: {"actions":[{"id":"action4","type":"key","parameters":{},"actions":[{"type":"keyDown","value":"î€‡"},{"type":"pause","duration":10},{"type":"keyUp","value":"î€‡"}]}]}
COMMAND: GET /session/aedcc668f48e21658cbc6750609d6355/screenshot - {}
RESULT: {}
COMMAND: POST /session/aedcc668f48e21658cbc6750609d6355/elements - {"using":"xpath","value":"//table[contains(@id, \"customPartnersTable-listUl\")]/tbody/tr"}
RESULT: {"using":"xpath","value":"//table[contains(@id, \"customPartnersTable-listUl\")]/tbody/tr"}
COMMAND: POST /session/aedcc668f48e21658cbc6750609d6355/element - {"using":"xpath","value":"//table[contains(@id, \"customPartnersTable-listUl\")]/tbody/tr[1]/td[3]/span"}
RESULT: {"using":"xpath","value":"//table[contains(@id, \"customPartnersTable-listUl\")]/tbody/tr[1]/td[3]/span"}
COMMAND: POST /session/aedcc668f48e21658cbc6750609d6355/elements - {"using":"xpath","value":"//table[contains(@id, \"customPartnersTable-listUl\")]/tbody/tr[1]/td[3]/span"}
RESULT: {"using":"xpath","value":"//table[contains(@id, \"customPartnersTable-listUl\")]/tbody/tr[1]/td[3]/span"}
COMMAND: POST /session/aedcc668f48e21658cbc6750609d6355/execute/sync - {"script":"<script> [56 bytes]","args":[{"element-6066-11e4-a52e-4f735466cecf":"f.8AFBB3AC1A82BF87553E3B2FEF1B5657.d.0C981AC01CAB60FD843A9FDAAF1E901E.e.2362","ELEMENT":"f.8AFBB3AC1A82BF87553E3B2FEF1B5657.d.0C981AC01CAB60FD843A9FDAAF1E901E.e.2362"}]}
RESULT: {"script":"<script> [56 bytes]","args":[{"element-6066-11e4-a52e-4f735466cecf":"f.8AFBB3AC1A82BF87553E3B2FEF1B5657.d.0C981AC01CAB60FD843A9FDAAF1E901E.e.2362","ELEMENT":"f.8AFBB3AC1A82BF87553E3B2FEF1B5657.d.0C981AC01CAB60FD843A9FDAAF1E901E.e.2362"}]}
COMMAND: POST /session/aedcc668f48e21658cbc6750609d6355/element - {"using":"xpath","value":"//table[contains(@id, \"customPartnersTable-listUl\")]/tbody/tr[1]/td[7]/div/span"}
COMMAND: GET /session/aedcc668f48e21658cbc6750609d6355/screenshot - {}
RESULT: {"using":"xpath","value":"//table[contains(@id, \"customPartnersTable-listUl\")]/tbody/tr[1]/td[7]/div/span"}
COMMAND: POST /session/aedcc668f48e21658cbc6750609d6355/execute/sync - {"script":"<script> [56 bytes]","args":[{"element-6066-11e4-a52e-4f735466cecf":"f.8AFBB3AC1A82BF87553E3B2FEF1B5657.d.0C981AC01CAB60FD843A9FDAAF1E901E.e.2363","ELEMENT":"f.8AFBB3AC1A82BF87553E3B2FEF1B5657.d.0C981AC01CAB60FD843A9FDAAF1E901E.e.2363"}]}
RESULT: {}
RESULT: {"script":"<script> [56 bytes]","args":[{"element-6066-11e4-a52e-4f735466cecf":"f.8AFBB3AC1A82BF87553E3B2FEF1B5657.d.0C981AC01CAB60FD843A9FDAAF1E901E.e.2363","ELEMENT":"f.8AFBB3AC1A82BF87553E3B2FEF1B5657.d.0C981AC01CAB60FD843A9FDAAF1E901E.e.2363"}]}
COMMAND: POST /session/aedcc668f48e21658cbc6750609d6355/element - {"using":"xpath","value":"//table[contains(@id, \"customPartnersTable-listUl\")]/tbody/tr[1]/td[2]/div/div"}
COMMAND: GET /session/aedcc668f48e21658cbc6750609d6355/screenshot - {}
RESULT: {"using":"xpath","value":"//table[contains(@id, \"customPartnersTable-listUl\")]/tbody/tr[1]/td[2]/div/div"}
COMMAND: POST /session/aedcc668f48e21658cbc6750609d6355/element/f.8AFBB3AC1A82BF87553E3B2FEF1B5657.d.0C981AC01CAB60FD843A9FDAAF1E901E.e.2364/click - {}
RESULT: {}
RESULT: {}
COMMAND: GET /session/aedcc668f48e21658cbc6750609d6355/screenshot - {}
RESULT: {}
COMMAND: POST /session/aedcc668f48e21658cbc6750609d6355/element - {"using":"xpath","value":"//bdi[contains(text(), \"Deactivate\")]"}
RESULT: {"using":"xpath","value":"//bdi[contains(text(), \"Deactivate\")]"}
COMMAND: POST /session/aedcc668f48e21658cbc6750609d6355/element/f.8AFBB3AC1A82BF87553E3B2FEF1B5657.d.0C981AC01CAB60FD843A9FDAAF1E901E.e.2365/click - {}
RESULT: {}
COMMAND: GET /session/aedcc668f48e21658cbc6750609d6355/screenshot - {}
RESULT: {}
COMMAND: POST /session/aedcc668f48e21658cbc6750609d6355/element - {"using":"xpath","value":"//bdi[contains(text(), \"Yes\")]"}
RESULT: {"using":"xpath","value":"//bdi[contains(text(), \"Yes\")]"}
COMMAND: POST /session/aedcc668f48e21658cbc6750609d6355/element/f.8AFBB3AC1A82BF87553E3B2FEF1B5657.d.0C981AC01CAB60FD843A9FDAAF1E901E.e.2367/click - {}
RESULT: {}
COMMAND: GET /session/aedcc668f48e21658cbc6750609d6355/screenshot - {}
RESULT: {}
COMMAND: POST /session/aedcc668f48e21658cbc6750609d6355/element - {"using":"xpath","value":"//table[contains(@id, \"customPartnersTable-listUl\")]/tbody/tr[1]/td[7]/div/span"}
RESULT: {"using":"xpath","value":"//table[contains(@id, \"customPartnersTable-listUl\")]/tbody/tr[1]/td[7]/div/span"}
COMMAND: POST /session/aedcc668f48e21658cbc6750609d6355/execute/sync - {"script":"<script> [56 bytes]","args":[{"element-6066-11e4-a52e-4f735466cecf":"f.8AFBB3AC1A82BF87553E3B2FEF1B5657.d.0C981AC01CAB60FD843A9FDAAF1E901E.e.2363","ELEMENT":"f.8AFBB3AC1A82BF87553E3B2FEF1B5657.d.0C981AC01CAB60FD843A9FDAAF1E901E.e.2363"}]}
RESULT: {"script":"<script> [56 bytes]","args":[{"element-6066-11e4-a52e-4f735466cecf":"f.8AFBB3AC1A82BF87553E3B2FEF1B5657.d.0C981AC01CAB60FD843A9FDAAF1E901E.e.2363","ELEMENT":"f.8AFBB3AC1A82BF87553E3B2FEF1B5657.d.0C981AC01CAB60FD843A9FDAAF1E901E.e.2363"}]}
COMMAND: GET /session/aedcc668f48e21658cbc6750609d6355/screenshot - {}
RESULT: {}
COMMAND: POST /session/aedcc668f48e21658cbc6750609d6355/element - {"using":"css selector","value":"#shell-header-logo"}
RESULT: {"using":"css selector","value":"#shell-header-logo"}
COMMAND: POST /session/aedcc668f48e21658cbc6750609d6355/element/f.8AFBB3AC1A82BF87553E3B2FEF1B5657.d.0C981AC01CAB60FD843A9FDAAF1E901E.e.2183/click - {}
RESULT: {}
COMMAND: GET /session/aedcc668f48e21658cbc6750609d6355/screenshot - {}
RESULT: {}
]]></system-out>
    </testcase>
    <testcase classname="chrome.135_0_7049_115.windows.Partner_specific_tests_US150819_US151080_US151654_US151176_US103444_US151078_US151079_US151109_US151174_US151175_US151189" name="Should activate the created partner again US151176" time="49.561">
      <system-out><![CDATA[
COMMAND: POST /session/aedcc668f48e21658cbc6750609d6355/element - {"using":"xpath","value":"//li[.//span[text()=\"Manage Partners\"]]"}
RESULT: {"using":"xpath","value":"//li[.//span[text()=\"Manage Partners\"]]"}
COMMAND: POST /session/aedcc668f48e21658cbc6750609d6355/element - {"using":"xpath","value":"//li[.//span[text()=\"Manage Partners\"]]"}
RESULT: {"using":"xpath","value":"//li[.//span[text()=\"Manage Partners\"]]"}
COMMAND: POST /session/aedcc668f48e21658cbc6750609d6355/element - {"using":"css selector","value":"#shell-header-logo"}
RESULT: {"using":"css selector","value":"#shell-header-logo"}
COMMAND: POST /session/aedcc668f48e21658cbc6750609d6355/element/f.8AFBB3AC1A82BF87553E3B2FEF1B5657.d.0C981AC01CAB60FD843A9FDAAF1E901E.e.2371/click - {}
COMMAND: POST /session/aedcc668f48e21658cbc6750609d6355/execute/sync - {"script":"<script> [8489 bytes]","args":[{"element-6066-11e4-a52e-4f735466cecf":"f.8AFBB3AC1A82BF87553E3B2FEF1B5657.d.0C981AC01CAB60FD843A9FDAAF1E901E.e.2371","ELEMENT":"f.8AFBB3AC1A82BF87553E3B2FEF1B5657.d.0C981AC01CAB60FD843A9FDAAF1E901E.e.2371"}]}
RESULT: {}
COMMAND: GET /session/aedcc668f48e21658cbc6750609d6355/screenshot - {}
RESULT: {"script":"<script> [8489 bytes]","args":[{"element-6066-11e4-a52e-4f735466cecf":"f.8AFBB3AC1A82BF87553E3B2FEF1B5657.d.0C981AC01CAB60FD843A9FDAAF1E901E.e.2371","ELEMENT":"f.8AFBB3AC1A82BF87553E3B2FEF1B5657.d.0C981AC01CAB60FD843A9FDAAF1E901E.e.2371"}]}
COMMAND: POST /session/aedcc668f48e21658cbc6750609d6355/execute/sync - {"script":"<script> [5351 bytes]","args":[{"element-6066-11e4-a52e-4f735466cecf":"f.8AFBB3AC1A82BF87553E3B2FEF1B5657.d.0C981AC01CAB60FD843A9FDAAF1E901E.e.2371","ELEMENT":"f.8AFBB3AC1A82BF87553E3B2FEF1B5657.d.0C981AC01CAB60FD843A9FDAAF1E901E.e.2371"}]}
COMMAND: GET /session/aedcc668f48e21658cbc6750609d6355/screenshot - {}
RESULT: {}
RESULT: {"script":"<script> [5351 bytes]","args":[{"element-6066-11e4-a52e-4f735466cecf":"f.8AFBB3AC1A82BF87553E3B2FEF1B5657.d.0C981AC01CAB60FD843A9FDAAF1E901E.e.2371","ELEMENT":"f.8AFBB3AC1A82BF87553E3B2FEF1B5657.d.0C981AC01CAB60FD843A9FDAAF1E901E.e.2371"}]}
COMMAND: GET /session/aedcc668f48e21658cbc6750609d6355/screenshot - {}
RESULT: {}
RESULT: {}
RESULT: undefined
COMMAND: POST /session/aedcc668f48e21658cbc6750609d6355/element - {"using":"xpath","value":"//*[@id=\"__tile38\"]"}
RESULT: {"using":"xpath","value":"//*[@id=\"__tile38\"]"}
COMMAND: POST /session/aedcc668f48e21658cbc6750609d6355/element/f.8AFBB3AC1A82BF87553E3B2FEF1B5657.d.0C981AC01CAB60FD843A9FDAAF1E901E.e.153/click - {}
RESULT: {}
COMMAND: POST /session/aedcc668f48e21658cbc6750609d6355/element - {"using":"xpath","value":"//button[@data-kt=\"addButton\"]"}
COMMAND: GET /session/aedcc668f48e21658cbc6750609d6355/screenshot - {}
RESULT: {"using":"xpath","value":"//button[@data-kt=\"addButton\"]"}
COMMAND: POST /session/aedcc668f48e21658cbc6750609d6355/elements - {"using":"xpath","value":"//button[@data-kt=\"addButton\"]"}
RESULT: {}
RESULT: {"using":"xpath","value":"//button[@data-kt=\"addButton\"]"}
COMMAND: POST /session/aedcc668f48e21658cbc6750609d6355/elements - {"using":"xpath","value":"//button[@data-kt=\"addButton\"]"}
RESULT: {"using":"xpath","value":"//button[@data-kt=\"addButton\"]"}
COMMAND: POST /session/aedcc668f48e21658cbc6750609d6355/elements - {"using":"xpath","value":"//button[@data-kt=\"addButton\"]"}
RESULT: {"using":"xpath","value":"//button[@data-kt=\"addButton\"]"}
COMMAND: POST /session/aedcc668f48e21658cbc6750609d6355/element - {"using":"xpath","value":"//button[@data-kt=\"addButton\"]"}
RESULT: {"using":"xpath","value":"//button[@data-kt=\"addButton\"]"}
COMMAND: POST /session/aedcc668f48e21658cbc6750609d6355/execute/sync - {"script":"<script> [8489 bytes]","args":[{"element-6066-11e4-a52e-4f735466cecf":"f.8AFBB3AC1A82BF87553E3B2FEF1B5657.d.0C981AC01CAB60FD843A9FDAAF1E901E.e.2416","ELEMENT":"f.8AFBB3AC1A82BF87553E3B2FEF1B5657.d.0C981AC01CAB60FD843A9FDAAF1E901E.e.2416"}]}
RESULT: {"script":"<script> [8489 bytes]","args":[{"element-6066-11e4-a52e-4f735466cecf":"f.8AFBB3AC1A82BF87553E3B2FEF1B5657.d.0C981AC01CAB60FD843A9FDAAF1E901E.e.2416","ELEMENT":"f.8AFBB3AC1A82BF87553E3B2FEF1B5657.d.0C981AC01CAB60FD843A9FDAAF1E901E.e.2416"}]}
COMMAND: GET /session/aedcc668f48e21658cbc6750609d6355/element/f.8AFBB3AC1A82BF87553E3B2FEF1B5657.d.0C981AC01CAB60FD843A9FDAAF1E901E.e.2416/enabled - {}
COMMAND: GET /session/aedcc668f48e21658cbc6750609d6355/screenshot - {}
RESULT: {}
COMMAND: POST /session/aedcc668f48e21658cbc6750609d6355/execute/sync - {"script":"<script> [8489 bytes]","args":[{"element-6066-11e4-a52e-4f735466cecf":"f.8AFBB3AC1A82BF87553E3B2FEF1B5657.d.0C981AC01CAB60FD843A9FDAAF1E901E.e.2416","ELEMENT":"f.8AFBB3AC1A82BF87553E3B2FEF1B5657.d.0C981AC01CAB60FD843A9FDAAF1E901E.e.2416"}]}
COMMAND: GET /session/aedcc668f48e21658cbc6750609d6355/screenshot - {}
RESULT: {}
RESULT: {"script":"<script> [8489 bytes]","args":[{"element-6066-11e4-a52e-4f735466cecf":"f.8AFBB3AC1A82BF87553E3B2FEF1B5657.d.0C981AC01CAB60FD843A9FDAAF1E901E.e.2416","ELEMENT":"f.8AFBB3AC1A82BF87553E3B2FEF1B5657.d.0C981AC01CAB60FD843A9FDAAF1E901E.e.2416"}]}
COMMAND: POST /session/aedcc668f48e21658cbc6750609d6355/execute/sync - {"script":"<script> [5351 bytes]","args":[{"element-6066-11e4-a52e-4f735466cecf":"f.8AFBB3AC1A82BF87553E3B2FEF1B5657.d.0C981AC01CAB60FD843A9FDAAF1E901E.e.2416","ELEMENT":"f.8AFBB3AC1A82BF87553E3B2FEF1B5657.d.0C981AC01CAB60FD843A9FDAAF1E901E.e.2416"}]}
COMMAND: GET /session/aedcc668f48e21658cbc6750609d6355/screenshot - {}
RESULT: {}
RESULT: {"script":"<script> [5351 bytes]","args":[{"element-6066-11e4-a52e-4f735466cecf":"f.8AFBB3AC1A82BF87553E3B2FEF1B5657.d.0C981AC01CAB60FD843A9FDAAF1E901E.e.2416","ELEMENT":"f.8AFBB3AC1A82BF87553E3B2FEF1B5657.d.0C981AC01CAB60FD843A9FDAAF1E901E.e.2416"}]}
COMMAND: GET /session/aedcc668f48e21658cbc6750609d6355/screenshot - {}
RESULT: {}
RESULT: {}
RESULT: undefined
COMMAND: POST /session/aedcc668f48e21658cbc6750609d6355/execute/async - {"script":"<script> [776 bytes]","args":[{"enterText":"1515","selector":{"id":"application-managepartners-display-component---masterPtm--smartFilterBar-btnBasicSearch","interaction":{"idSuffix":"I"}},"clearTextFirst":true,"interactionType":"ENTER_TEXT"}]}
RESULT: {"script":"<script> [776 bytes]","args":[{"enterText":"1515","selector":{"id":"application-managepartners-display-component---masterPtm--smartFilterBar-btnBasicSearch","interaction":{"idSuffix":"I"}},"clearTextFirst":true,"interactionType":"ENTER_TEXT"}]}
COMMAND: POST /session/aedcc668f48e21658cbc6750609d6355/actions - {"actions":[{"id":"action5","type":"key","parameters":{},"actions":[{"type":"keyDown","value":"î€‡"},{"type":"pause","duration":10},{"type":"keyUp","value":"î€‡"}]}]}
RESULT: {"actions":[{"id":"action5","type":"key","parameters":{},"actions":[{"type":"keyDown","value":"î€‡"},{"type":"pause","duration":10},{"type":"keyUp","value":"î€‡"}]}]}
COMMAND: GET /session/aedcc668f48e21658cbc6750609d6355/screenshot - {}
RESULT: {}
COMMAND: POST /session/aedcc668f48e21658cbc6750609d6355/elements - {"using":"xpath","value":"//table[contains(@id, \"customPartnersTable-listUl\")]/tbody/tr"}
RESULT: {"using":"xpath","value":"//table[contains(@id, \"customPartnersTable-listUl\")]/tbody/tr"}
COMMAND: POST /session/aedcc668f48e21658cbc6750609d6355/element - {"using":"xpath","value":"//table[contains(@id, \"customPartnersTable-listUl\")]/tbody/tr[1]/td[3]/span"}
RESULT: {"using":"xpath","value":"//table[contains(@id, \"customPartnersTable-listUl\")]/tbody/tr[1]/td[3]/span"}
COMMAND: POST /session/aedcc668f48e21658cbc6750609d6355/elements - {"using":"xpath","value":"//table[contains(@id, \"customPartnersTable-listUl\")]/tbody/tr[1]/td[3]/span"}
RESULT: {"using":"xpath","value":"//table[contains(@id, \"customPartnersTable-listUl\")]/tbody/tr[1]/td[3]/span"}
COMMAND: POST /session/aedcc668f48e21658cbc6750609d6355/execute/sync - {"script":"<script> [56 bytes]","args":[{"element-6066-11e4-a52e-4f735466cecf":"f.8AFBB3AC1A82BF87553E3B2FEF1B5657.d.0C981AC01CAB60FD843A9FDAAF1E901E.e.2550","ELEMENT":"f.8AFBB3AC1A82BF87553E3B2FEF1B5657.d.0C981AC01CAB60FD843A9FDAAF1E901E.e.2550"}]}
RESULT: {"script":"<script> [56 bytes]","args":[{"element-6066-11e4-a52e-4f735466cecf":"f.8AFBB3AC1A82BF87553E3B2FEF1B5657.d.0C981AC01CAB60FD843A9FDAAF1E901E.e.2550","ELEMENT":"f.8AFBB3AC1A82BF87553E3B2FEF1B5657.d.0C981AC01CAB60FD843A9FDAAF1E901E.e.2550"}]}
COMMAND: POST /session/aedcc668f48e21658cbc6750609d6355/element - {"using":"xpath","value":"//table[contains(@id, \"customPartnersTable-listUl\")]/tbody/tr[1]/td[7]/div/span"}
COMMAND: GET /session/aedcc668f48e21658cbc6750609d6355/screenshot - {}
RESULT: {"using":"xpath","value":"//table[contains(@id, \"customPartnersTable-listUl\")]/tbody/tr[1]/td[7]/div/span"}
COMMAND: POST /session/aedcc668f48e21658cbc6750609d6355/execute/sync - {"script":"<script> [56 bytes]","args":[{"element-6066-11e4-a52e-4f735466cecf":"f.8AFBB3AC1A82BF87553E3B2FEF1B5657.d.0C981AC01CAB60FD843A9FDAAF1E901E.e.2551","ELEMENT":"f.8AFBB3AC1A82BF87553E3B2FEF1B5657.d.0C981AC01CAB60FD843A9FDAAF1E901E.e.2551"}]}
RESULT: {}
RESULT: {"script":"<script> [56 bytes]","args":[{"element-6066-11e4-a52e-4f735466cecf":"f.8AFBB3AC1A82BF87553E3B2FEF1B5657.d.0C981AC01CAB60FD843A9FDAAF1E901E.e.2551","ELEMENT":"f.8AFBB3AC1A82BF87553E3B2FEF1B5657.d.0C981AC01CAB60FD843A9FDAAF1E901E.e.2551"}]}
COMMAND: POST /session/aedcc668f48e21658cbc6750609d6355/element - {"using":"xpath","value":"//table[contains(@id, \"customPartnersTable-listUl\")]/tbody/tr[1]/td[2]/div/div"}
COMMAND: GET /session/aedcc668f48e21658cbc6750609d6355/screenshot - {}
RESULT: {"using":"xpath","value":"//table[contains(@id, \"customPartnersTable-listUl\")]/tbody/tr[1]/td[2]/div/div"}
COMMAND: POST /session/aedcc668f48e21658cbc6750609d6355/element/f.8AFBB3AC1A82BF87553E3B2FEF1B5657.d.0C981AC01CAB60FD843A9FDAAF1E901E.e.2552/click - {}
RESULT: {}
RESULT: {}
COMMAND: GET /session/aedcc668f48e21658cbc6750609d6355/screenshot - {}
RESULT: {}
COMMAND: POST /session/aedcc668f48e21658cbc6750609d6355/element - {"using":"xpath","value":"//bdi[contains(text(), \"Activate\")]"}
RESULT: {"using":"xpath","value":"//bdi[contains(text(), \"Activate\")]"}
COMMAND: POST /session/aedcc668f48e21658cbc6750609d6355/element/f.8AFBB3AC1A82BF87553E3B2FEF1B5657.d.0C981AC01CAB60FD843A9FDAAF1E901E.e.2553/click - {}
RESULT: {}
COMMAND: GET /session/aedcc668f48e21658cbc6750609d6355/screenshot - {}
RESULT: {}
COMMAND: POST /session/aedcc668f48e21658cbc6750609d6355/element - {"using":"xpath","value":"//bdi[contains(text(), \"Yes\")]"}
RESULT: {"using":"xpath","value":"//bdi[contains(text(), \"Yes\")]"}
COMMAND: POST /session/aedcc668f48e21658cbc6750609d6355/element/f.8AFBB3AC1A82BF87553E3B2FEF1B5657.d.0C981AC01CAB60FD843A9FDAAF1E901E.e.2555/click - {}
RESULT: {}
COMMAND: GET /session/aedcc668f48e21658cbc6750609d6355/screenshot - {}
RESULT: {}
COMMAND: POST /session/aedcc668f48e21658cbc6750609d6355/element - {"using":"xpath","value":"//table[contains(@id, \"customPartnersTable-listUl\")]/tbody/tr[1]/td[7]/div/span"}
RESULT: {"using":"xpath","value":"//table[contains(@id, \"customPartnersTable-listUl\")]/tbody/tr[1]/td[7]/div/span"}
COMMAND: POST /session/aedcc668f48e21658cbc6750609d6355/execute/sync - {"script":"<script> [56 bytes]","args":[{"element-6066-11e4-a52e-4f735466cecf":"f.8AFBB3AC1A82BF87553E3B2FEF1B5657.d.0C981AC01CAB60FD843A9FDAAF1E901E.e.2551","ELEMENT":"f.8AFBB3AC1A82BF87553E3B2FEF1B5657.d.0C981AC01CAB60FD843A9FDAAF1E901E.e.2551"}]}
RESULT: {"script":"<script> [56 bytes]","args":[{"element-6066-11e4-a52e-4f735466cecf":"f.8AFBB3AC1A82BF87553E3B2FEF1B5657.d.0C981AC01CAB60FD843A9FDAAF1E901E.e.2551","ELEMENT":"f.8AFBB3AC1A82BF87553E3B2FEF1B5657.d.0C981AC01CAB60FD843A9FDAAF1E901E.e.2551"}]}
COMMAND: GET /session/aedcc668f48e21658cbc6750609d6355/screenshot - {}
RESULT: {}
COMMAND: POST /session/aedcc668f48e21658cbc6750609d6355/element - {"using":"css selector","value":"#shell-header-logo"}
RESULT: {"using":"css selector","value":"#shell-header-logo"}
COMMAND: POST /session/aedcc668f48e21658cbc6750609d6355/element/f.8AFBB3AC1A82BF87553E3B2FEF1B5657.d.0C981AC01CAB60FD843A9FDAAF1E901E.e.2371/click - {}
RESULT: {}
COMMAND: GET /session/aedcc668f48e21658cbc6750609d6355/screenshot - {}
RESULT: {}
]]></system-out>
    </testcase>
    <testcase classname="chrome.135_0_7049_115.windows.Partner_specific_tests_US150819_US151080_US151654_US151176_US103444_US151078_US151079_US151109_US151174_US151175_US151189" name="Should edit the created external partner and save it and check its content US103444" time="57.556">
      <system-out><![CDATA[
COMMAND: POST /session/aedcc668f48e21658cbc6750609d6355/element - {"using":"xpath","value":"//li[.//span[text()=\"Manage Partners\"]]"}
RESULT: {"using":"xpath","value":"//li[.//span[text()=\"Manage Partners\"]]"}
COMMAND: POST /session/aedcc668f48e21658cbc6750609d6355/element - {"using":"xpath","value":"//li[.//span[text()=\"Manage Partners\"]]"}
RESULT: {"using":"xpath","value":"//li[.//span[text()=\"Manage Partners\"]]"}
COMMAND: POST /session/aedcc668f48e21658cbc6750609d6355/element - {"using":"css selector","value":"#shell-header-logo"}
RESULT: {"using":"css selector","value":"#shell-header-logo"}
COMMAND: POST /session/aedcc668f48e21658cbc6750609d6355/element/f.8AFBB3AC1A82BF87553E3B2FEF1B5657.d.0C981AC01CAB60FD843A9FDAAF1E901E.e.2559/click - {}
COMMAND: POST /session/aedcc668f48e21658cbc6750609d6355/execute/sync - {"script":"<script> [8489 bytes]","args":[{"element-6066-11e4-a52e-4f735466cecf":"f.8AFBB3AC1A82BF87553E3B2FEF1B5657.d.0C981AC01CAB60FD843A9FDAAF1E901E.e.2559","ELEMENT":"f.8AFBB3AC1A82BF87553E3B2FEF1B5657.d.0C981AC01CAB60FD843A9FDAAF1E901E.e.2559"}]}
RESULT: {}
COMMAND: GET /session/aedcc668f48e21658cbc6750609d6355/screenshot - {}
RESULT: {"script":"<script> [8489 bytes]","args":[{"element-6066-11e4-a52e-4f735466cecf":"f.8AFBB3AC1A82BF87553E3B2FEF1B5657.d.0C981AC01CAB60FD843A9FDAAF1E901E.e.2559","ELEMENT":"f.8AFBB3AC1A82BF87553E3B2FEF1B5657.d.0C981AC01CAB60FD843A9FDAAF1E901E.e.2559"}]}
COMMAND: POST /session/aedcc668f48e21658cbc6750609d6355/execute/sync - {"script":"<script> [5351 bytes]","args":[{"element-6066-11e4-a52e-4f735466cecf":"f.8AFBB3AC1A82BF87553E3B2FEF1B5657.d.0C981AC01CAB60FD843A9FDAAF1E901E.e.2559","ELEMENT":"f.8AFBB3AC1A82BF87553E3B2FEF1B5657.d.0C981AC01CAB60FD843A9FDAAF1E901E.e.2559"}]}
COMMAND: GET /session/aedcc668f48e21658cbc6750609d6355/screenshot - {}
RESULT: {}
RESULT: {"script":"<script> [5351 bytes]","args":[{"element-6066-11e4-a52e-4f735466cecf":"f.8AFBB3AC1A82BF87553E3B2FEF1B5657.d.0C981AC01CAB60FD843A9FDAAF1E901E.e.2559","ELEMENT":"f.8AFBB3AC1A82BF87553E3B2FEF1B5657.d.0C981AC01CAB60FD843A9FDAAF1E901E.e.2559"}]}
COMMAND: GET /session/aedcc668f48e21658cbc6750609d6355/screenshot - {}
RESULT: {}
RESULT: {}
RESULT: undefined
COMMAND: POST /session/aedcc668f48e21658cbc6750609d6355/element - {"using":"xpath","value":"//*[@id=\"__tile38\"]"}
RESULT: {"using":"xpath","value":"//*[@id=\"__tile38\"]"}
COMMAND: POST /session/aedcc668f48e21658cbc6750609d6355/element/f.8AFBB3AC1A82BF87553E3B2FEF1B5657.d.0C981AC01CAB60FD843A9FDAAF1E901E.e.153/click - {}
RESULT: {}
COMMAND: POST /session/aedcc668f48e21658cbc6750609d6355/element - {"using":"xpath","value":"//button[@data-kt=\"addButton\"]"}
COMMAND: GET /session/aedcc668f48e21658cbc6750609d6355/screenshot - {}
RESULT: {"using":"xpath","value":"//button[@data-kt=\"addButton\"]"}
COMMAND: POST /session/aedcc668f48e21658cbc6750609d6355/elements - {"using":"xpath","value":"//button[@data-kt=\"addButton\"]"}
RESULT: {}
RESULT: {"using":"xpath","value":"//button[@data-kt=\"addButton\"]"}
COMMAND: POST /session/aedcc668f48e21658cbc6750609d6355/elements - {"using":"xpath","value":"//button[@data-kt=\"addButton\"]"}
RESULT: {"using":"xpath","value":"//button[@data-kt=\"addButton\"]"}
COMMAND: POST /session/aedcc668f48e21658cbc6750609d6355/elements - {"using":"xpath","value":"//button[@data-kt=\"addButton\"]"}
RESULT: {"using":"xpath","value":"//button[@data-kt=\"addButton\"]"}
COMMAND: POST /session/aedcc668f48e21658cbc6750609d6355/elements - {"using":"xpath","value":"//button[@data-kt=\"addButton\"]"}
RESULT: {"using":"xpath","value":"//button[@data-kt=\"addButton\"]"}
COMMAND: POST /session/aedcc668f48e21658cbc6750609d6355/elements - {"using":"xpath","value":"//button[@data-kt=\"addButton\"]"}
RESULT: {"using":"xpath","value":"//button[@data-kt=\"addButton\"]"}
COMMAND: POST /session/aedcc668f48e21658cbc6750609d6355/elements - {"using":"xpath","value":"//button[@data-kt=\"addButton\"]"}
RESULT: {"using":"xpath","value":"//button[@data-kt=\"addButton\"]"}
COMMAND: POST /session/aedcc668f48e21658cbc6750609d6355/elements - {"using":"xpath","value":"//button[@data-kt=\"addButton\"]"}
RESULT: {"using":"xpath","value":"//button[@data-kt=\"addButton\"]"}
COMMAND: POST /session/aedcc668f48e21658cbc6750609d6355/elements - {"using":"xpath","value":"//button[@data-kt=\"addButton\"]"}
RESULT: {"using":"xpath","value":"//button[@data-kt=\"addButton\"]"}
COMMAND: POST /session/aedcc668f48e21658cbc6750609d6355/elements - {"using":"xpath","value":"//button[@data-kt=\"addButton\"]"}
RESULT: {"using":"xpath","value":"//button[@data-kt=\"addButton\"]"}
COMMAND: POST /session/aedcc668f48e21658cbc6750609d6355/elements - {"using":"xpath","value":"//button[@data-kt=\"addButton\"]"}
RESULT: {"using":"xpath","value":"//button[@data-kt=\"addButton\"]"}
COMMAND: POST /session/aedcc668f48e21658cbc6750609d6355/elements - {"using":"xpath","value":"//button[@data-kt=\"addButton\"]"}
RESULT: {"using":"xpath","value":"//button[@data-kt=\"addButton\"]"}
COMMAND: POST /session/aedcc668f48e21658cbc6750609d6355/elements - {"using":"xpath","value":"//button[@data-kt=\"addButton\"]"}
RESULT: {"using":"xpath","value":"//button[@data-kt=\"addButton\"]"}
COMMAND: POST /session/aedcc668f48e21658cbc6750609d6355/elements - {"using":"xpath","value":"//button[@data-kt=\"addButton\"]"}
RESULT: {"using":"xpath","value":"//button[@data-kt=\"addButton\"]"}
COMMAND: POST /session/aedcc668f48e21658cbc6750609d6355/elements - {"using":"xpath","value":"//button[@data-kt=\"addButton\"]"}
RESULT: {"using":"xpath","value":"//button[@data-kt=\"addButton\"]"}
COMMAND: POST /session/aedcc668f48e21658cbc6750609d6355/elements - {"using":"xpath","value":"//button[@data-kt=\"addButton\"]"}
RESULT: {"using":"xpath","value":"//button[@data-kt=\"addButton\"]"}
COMMAND: POST /session/aedcc668f48e21658cbc6750609d6355/elements - {"using":"xpath","value":"//button[@data-kt=\"addButton\"]"}
RESULT: {"using":"xpath","value":"//button[@data-kt=\"addButton\"]"}
COMMAND: POST /session/aedcc668f48e21658cbc6750609d6355/elements - {"using":"xpath","value":"//button[@data-kt=\"addButton\"]"}
RESULT: {"using":"xpath","value":"//button[@data-kt=\"addButton\"]"}
COMMAND: POST /session/aedcc668f48e21658cbc6750609d6355/element - {"using":"xpath","value":"//button[@data-kt=\"addButton\"]"}
RESULT: {"using":"xpath","value":"//button[@data-kt=\"addButton\"]"}
COMMAND: POST /session/aedcc668f48e21658cbc6750609d6355/execute/sync - {"script":"<script> [8489 bytes]","args":[{"element-6066-11e4-a52e-4f735466cecf":"f.8AFBB3AC1A82BF87553E3B2FEF1B5657.d.0C981AC01CAB60FD843A9FDAAF1E901E.e.2604","ELEMENT":"f.8AFBB3AC1A82BF87553E3B2FEF1B5657.d.0C981AC01CAB60FD843A9FDAAF1E901E.e.2604"}]}
RESULT: {"script":"<script> [8489 bytes]","args":[{"element-6066-11e4-a52e-4f735466cecf":"f.8AFBB3AC1A82BF87553E3B2FEF1B5657.d.0C981AC01CAB60FD843A9FDAAF1E901E.e.2604","ELEMENT":"f.8AFBB3AC1A82BF87553E3B2FEF1B5657.d.0C981AC01CAB60FD843A9FDAAF1E901E.e.2604"}]}
COMMAND: GET /session/aedcc668f48e21658cbc6750609d6355/element/f.8AFBB3AC1A82BF87553E3B2FEF1B5657.d.0C981AC01CAB60FD843A9FDAAF1E901E.e.2604/enabled - {}
COMMAND: GET /session/aedcc668f48e21658cbc6750609d6355/screenshot - {}
RESULT: {}
COMMAND: POST /session/aedcc668f48e21658cbc6750609d6355/execute/sync - {"script":"<script> [8489 bytes]","args":[{"element-6066-11e4-a52e-4f735466cecf":"f.8AFBB3AC1A82BF87553E3B2FEF1B5657.d.0C981AC01CAB60FD843A9FDAAF1E901E.e.2604","ELEMENT":"f.8AFBB3AC1A82BF87553E3B2FEF1B5657.d.0C981AC01CAB60FD843A9FDAAF1E901E.e.2604"}]}
COMMAND: GET /session/aedcc668f48e21658cbc6750609d6355/screenshot - {}
RESULT: {}
RESULT: {"script":"<script> [8489 bytes]","args":[{"element-6066-11e4-a52e-4f735466cecf":"f.8AFBB3AC1A82BF87553E3B2FEF1B5657.d.0C981AC01CAB60FD843A9FDAAF1E901E.e.2604","ELEMENT":"f.8AFBB3AC1A82BF87553E3B2FEF1B5657.d.0C981AC01CAB60FD843A9FDAAF1E901E.e.2604"}]}
COMMAND: POST /session/aedcc668f48e21658cbc6750609d6355/execute/sync - {"script":"<script> [5351 bytes]","args":[{"element-6066-11e4-a52e-4f735466cecf":"f.8AFBB3AC1A82BF87553E3B2FEF1B5657.d.0C981AC01CAB60FD843A9FDAAF1E901E.e.2604","ELEMENT":"f.8AFBB3AC1A82BF87553E3B2FEF1B5657.d.0C981AC01CAB60FD843A9FDAAF1E901E.e.2604"}]}
COMMAND: GET /session/aedcc668f48e21658cbc6750609d6355/screenshot - {}
RESULT: {}
RESULT: {"script":"<script> [5351 bytes]","args":[{"element-6066-11e4-a52e-4f735466cecf":"f.8AFBB3AC1A82BF87553E3B2FEF1B5657.d.0C981AC01CAB60FD843A9FDAAF1E901E.e.2604","ELEMENT":"f.8AFBB3AC1A82BF87553E3B2FEF1B5657.d.0C981AC01CAB60FD843A9FDAAF1E901E.e.2604"}]}
COMMAND: GET /session/aedcc668f48e21658cbc6750609d6355/screenshot - {}
RESULT: {}
RESULT: {}
RESULT: undefined
COMMAND: POST /session/aedcc668f48e21658cbc6750609d6355/execute/async - {"script":"<script> [776 bytes]","args":[{"enterText":"1515","selector":{"id":"application-managepartners-display-component---masterPtm--smartFilterBar-btnBasicSearch","interaction":{"idSuffix":"I"}},"clearTextFirst":true,"interactionType":"ENTER_TEXT"}]}
RESULT: {"script":"<script> [776 bytes]","args":[{"enterText":"1515","selector":{"id":"application-managepartners-display-component---masterPtm--smartFilterBar-btnBasicSearch","interaction":{"idSuffix":"I"}},"clearTextFirst":true,"interactionType":"ENTER_TEXT"}]}
COMMAND: POST /session/aedcc668f48e21658cbc6750609d6355/actions - {"actions":[{"id":"action6","type":"key","parameters":{},"actions":[{"type":"keyDown","value":"î€‡"},{"type":"pause","duration":10},{"type":"keyUp","value":"î€‡"}]}]}
RESULT: {"actions":[{"id":"action6","type":"key","parameters":{},"actions":[{"type":"keyDown","value":"î€‡"},{"type":"pause","duration":10},{"type":"keyUp","value":"î€‡"}]}]}
COMMAND: GET /session/aedcc668f48e21658cbc6750609d6355/screenshot - {}
RESULT: {}
COMMAND: POST /session/aedcc668f48e21658cbc6750609d6355/elements - {"using":"xpath","value":"//table[contains(@id, \"customPartnersTable-listUl\")]/tbody/tr"}
RESULT: {"using":"xpath","value":"//table[contains(@id, \"customPartnersTable-listUl\")]/tbody/tr"}
COMMAND: POST /session/aedcc668f48e21658cbc6750609d6355/element - {"using":"xpath","value":"//table[contains(@id, \"customPartnersTable-listUl\")]/tbody/tr[1]/td[3]/span"}
RESULT: {"using":"xpath","value":"//table[contains(@id, \"customPartnersTable-listUl\")]/tbody/tr[1]/td[3]/span"}
COMMAND: POST /session/aedcc668f48e21658cbc6750609d6355/elements - {"using":"xpath","value":"//table[contains(@id, \"customPartnersTable-listUl\")]/tbody/tr[1]/td[3]/span"}
RESULT: {"using":"xpath","value":"//table[contains(@id, \"customPartnersTable-listUl\")]/tbody/tr[1]/td[3]/span"}
COMMAND: POST /session/aedcc668f48e21658cbc6750609d6355/execute/sync - {"script":"<script> [56 bytes]","args":[{"element-6066-11e4-a52e-4f735466cecf":"f.8AFBB3AC1A82BF87553E3B2FEF1B5657.d.0C981AC01CAB60FD843A9FDAAF1E901E.e.2740","ELEMENT":"f.8AFBB3AC1A82BF87553E3B2FEF1B5657.d.0C981AC01CAB60FD843A9FDAAF1E901E.e.2740"}]}
RESULT: {"script":"<script> [56 bytes]","args":[{"element-6066-11e4-a52e-4f735466cecf":"f.8AFBB3AC1A82BF87553E3B2FEF1B5657.d.0C981AC01CAB60FD843A9FDAAF1E901E.e.2740","ELEMENT":"f.8AFBB3AC1A82BF87553E3B2FEF1B5657.d.0C981AC01CAB60FD843A9FDAAF1E901E.e.2740"}]}
COMMAND: POST /session/aedcc668f48e21658cbc6750609d6355/element - {"using":"xpath","value":"(//span[contains(@id, \"imgNav\")])[1]"}
COMMAND: GET /session/aedcc668f48e21658cbc6750609d6355/screenshot - {}
RESULT: {"using":"xpath","value":"(//span[contains(@id, \"imgNav\")])[1]"}
COMMAND: POST /session/aedcc668f48e21658cbc6750609d6355/element/f.8AFBB3AC1A82BF87553E3B2FEF1B5657.d.0C981AC01CAB60FD843A9FDAAF1E901E.e.2737/click - {}
RESULT: {}
RESULT: {}
COMMAND: GET /session/aedcc668f48e21658cbc6750609d6355/screenshot - {}
RESULT: {}
COMMAND: POST /session/aedcc668f48e21658cbc6750609d6355/element - {"using":"xpath","value":"//bdi[contains(text(), \"Edit\")]"}
RESULT: {"using":"xpath","value":"//bdi[contains(text(), \"Edit\")]"}
COMMAND: POST /session/aedcc668f48e21658cbc6750609d6355/element/f.8AFBB3AC1A82BF87553E3B2FEF1B5657.d.0C981AC01CAB60FD843A9FDAAF1E901E.e.2882/click - {}
RESULT: {}
COMMAND: GET /session/aedcc668f48e21658cbc6750609d6355/screenshot - {}
RESULT: {}
COMMAND: POST /session/aedcc668f48e21658cbc6750609d6355/execute/async - {"script":"<script> [1562 bytes]","args":[{"selector":{"controlType":"sap.m.Input","viewName":"etm.portal.ui.managepartners.view.EditDetail","labelFor":{"text":"Name"},"interaction":{"idSuffix":"inner"}},"wdio_ui5_key":"etmportal.ui.managepartners.view.EditDetailsap.m.Input{\"text\":\"Name\"}"}]}
RESULT: {"script":"<script> [1562 bytes]","args":[{"selector":{"controlType":"sap.m.Input","viewName":"etm.portal.ui.managepartners.view.EditDetail","labelFor":{"text":"Name"},"interaction":{"idSuffix":"inner"}},"wdio_ui5_key":"etmportal.ui.managepartners.view.EditDetailsap.m.Input{\"text\":\"Name\"}"}]}
RESULT: undefined
COMMAND: POST /session/aedcc668f48e21658cbc6750609d6355/execute/async - {"script":"<script> [776 bytes]","args":[{"enterText":"External EDIT","selector":{"controlType":"sap.m.Input","viewName":"etm.portal.ui.managepartners.view.EditDetail","labelFor":{"text":"Name"},"interaction":{"idSuffix":"inner"}},"clearTextFirst":true,"interactionType":"ENTER_TEXT"}]}
RESULT: {"script":"<script> [776 bytes]","args":[{"enterText":"External EDIT","selector":{"controlType":"sap.m.Input","viewName":"etm.portal.ui.managepartners.view.EditDetail","labelFor":{"text":"Name"},"interaction":{"idSuffix":"inner"}},"clearTextFirst":true,"interactionType":"ENTER_TEXT"}]}
COMMAND: POST /session/aedcc668f48e21658cbc6750609d6355/element - {"using":"xpath","value":"(//span[contains(@id,\"addressDetailDetailsLanguage-arrow\")])[1]"}
RESULT: {"using":"xpath","value":"(//span[contains(@id,\"addressDetailDetailsLanguage-arrow\")])[1]"}
COMMAND: POST /session/aedcc668f48e21658cbc6750609d6355/element/f.8AFBB3AC1A82BF87553E3B2FEF1B5657.d.0C981AC01CAB60FD843A9FDAAF1E901E.e.2961/click - {}
RESULT: {}
COMMAND: POST /session/aedcc668f48e21658cbc6750609d6355/element - {"using":"xpath","value":"//span[contains(text(), \"Chinese\")]"}
COMMAND: GET /session/aedcc668f48e21658cbc6750609d6355/screenshot - {}
RESULT: {"using":"xpath","value":"//span[contains(text(), \"Chinese\")]"}
COMMAND: POST /session/aedcc668f48e21658cbc6750609d6355/element/f.8AFBB3AC1A82BF87553E3B2FEF1B5657.d.0C981AC01CAB60FD843A9FDAAF1E901E.e.2962/click - {}
RESULT: {}
RESULT: {}
COMMAND: GET /session/aedcc668f48e21658cbc6750609d6355/screenshot - {}
RESULT: {}
COMMAND: POST /session/aedcc668f48e21658cbc6750609d6355/execute/async - {"script":"<script> [1562 bytes]","args":[{"selector":{"controlType":"sap.m.Input","viewName":"etm.portal.ui.managepartners.view.EditDetail","labelFor":{"text":"City"},"interaction":{"idSuffix":"inner"}},"wdio_ui5_key":"etmportal.ui.managepartners.view.EditDetailsap.m.Input{\"text\":\"City\"}"}]}
RESULT: {"script":"<script> [1562 bytes]","args":[{"selector":{"controlType":"sap.m.Input","viewName":"etm.portal.ui.managepartners.view.EditDetail","labelFor":{"text":"City"},"interaction":{"idSuffix":"inner"}},"wdio_ui5_key":"etmportal.ui.managepartners.view.EditDetailsap.m.Input{\"text\":\"City\"}"}]}
RESULT: undefined
COMMAND: POST /session/aedcc668f48e21658cbc6750609d6355/execute/async - {"script":"<script> [776 bytes]","args":[{"enterText":"Clooj-Napoca","selector":{"controlType":"sap.m.Input","viewName":"etm.portal.ui.managepartners.view.EditDetail","labelFor":{"text":"City"},"interaction":{"idSuffix":"inner"}},"clearTextFirst":true,"interactionType":"ENTER_TEXT"}]}
RESULT: {"script":"<script> [776 bytes]","args":[{"enterText":"Clooj-Napoca","selector":{"controlType":"sap.m.Input","viewName":"etm.portal.ui.managepartners.view.EditDetail","labelFor":{"text":"City"},"interaction":{"idSuffix":"inner"}},"clearTextFirst":true,"interactionType":"ENTER_TEXT"}]}
COMMAND: POST /session/aedcc668f48e21658cbc6750609d6355/element - {"using":"xpath","value":"//button[@data-kt=\"saveButton\"]"}
RESULT: {"using":"xpath","value":"//button[@data-kt=\"saveButton\"]"}
COMMAND: POST /session/aedcc668f48e21658cbc6750609d6355/element/f.8AFBB3AC1A82BF87553E3B2FEF1B5657.d.0C981AC01CAB60FD843A9FDAAF1E901E.e.2945/click - {}
RESULT: {}
COMMAND: GET /session/aedcc668f48e21658cbc6750609d6355/screenshot - {}
RESULT: {}
COMMAND: POST /session/aedcc668f48e21658cbc6750609d6355/execute/async - {"script":"<script> [1562 bytes]","args":[{"selector":{"id":"application-managepartners-display-component---detailPtm--addressDetailDetailsName1"},"wdio_ui5_key":"applicationmanagepartners-display-component---detailPtm--addressDetailDetailsName1"}]}
RESULT: {"script":"<script> [1562 bytes]","args":[{"selector":{"id":"application-managepartners-display-component---detailPtm--addressDetailDetailsName1"},"wdio_ui5_key":"applicationmanagepartners-display-component---detailPtm--addressDetailDetailsName1"}]}
RESULT: undefined
COMMAND: POST /session/aedcc668f48e21658cbc6750609d6355/execute/async - {"script":"<script> [6424 bytes]","args":[{"element-6066-11e4-a52e-4f735466cecf":"f.8AFBB3AC1A82BF87553E3B2FEF1B5657.d.0C981AC01CAB60FD843A9FDAAF1E901E.e.2993"},"getValue",[]]}
RESULT: {"script":"<script> [6424 bytes]","args":[{"element-6066-11e4-a52e-4f735466cecf":"f.8AFBB3AC1A82BF87553E3B2FEF1B5657.d.0C981AC01CAB60FD843A9FDAAF1E901E.e.2993"},"getValue",[]]}
COMMAND: POST /session/aedcc668f48e21658cbc6750609d6355/element - {"using":"xpath","value":"//input[@id = \"application-managepartners-display-component---detailPtm--addressDetailDetailsLanguage-inner\"]"}
RESULT: {"using":"xpath","value":"//input[@id = \"application-managepartners-display-component---detailPtm--addressDetailDetailsLanguage-inner\"]"}
COMMAND: GET /session/aedcc668f48e21658cbc6750609d6355/element/f.8AFBB3AC1A82BF87553E3B2FEF1B5657.d.0C981AC01CAB60FD843A9FDAAF1E901E.e.2994/property/value - {}
RESULT: {}
COMMAND: POST /session/aedcc668f48e21658cbc6750609d6355/execute/async - {"script":"<script> [1562 bytes]","args":[{"selector":{"id":"application-managepartners-display-component---detailPtm--addressDetailDetailsCity1"},"wdio_ui5_key":"applicationmanagepartners-display-component---detailPtm--addressDetailDetailsCity1"}]}
COMMAND: GET /session/aedcc668f48e21658cbc6750609d6355/screenshot - {}
RESULT: {"script":"<script> [1562 bytes]","args":[{"selector":{"id":"application-managepartners-display-component---detailPtm--addressDetailDetailsCity1"},"wdio_ui5_key":"applicationmanagepartners-display-component---detailPtm--addressDetailDetailsCity1"}]}
RESULT: undefined
COMMAND: POST /session/aedcc668f48e21658cbc6750609d6355/execute/async - {"script":"<script> [6424 bytes]","args":[{"element-6066-11e4-a52e-4f735466cecf":"f.8AFBB3AC1A82BF87553E3B2FEF1B5657.d.0C981AC01CAB60FD843A9FDAAF1E901E.e.2995"},"getValue",[]]}
RESULT: {}
RESULT: {"script":"<script> [6424 bytes]","args":[{"element-6066-11e4-a52e-4f735466cecf":"f.8AFBB3AC1A82BF87553E3B2FEF1B5657.d.0C981AC01CAB60FD843A9FDAAF1E901E.e.2995"},"getValue",[]]}
COMMAND: POST /session/aedcc668f48e21658cbc6750609d6355/element - {"using":"css selector","value":"#shell-header-logo"}
RESULT: {"using":"css selector","value":"#shell-header-logo"}
COMMAND: POST /session/aedcc668f48e21658cbc6750609d6355/element/f.8AFBB3AC1A82BF87553E3B2FEF1B5657.d.0C981AC01CAB60FD843A9FDAAF1E901E.e.2559/click - {}
RESULT: {}
COMMAND: GET /session/aedcc668f48e21658cbc6750609d6355/screenshot - {}
RESULT: {}
]]></system-out>
    </testcase>
    <testcase classname="chrome.135_0_7049_115.windows.Partner_specific_tests_US150819_US151080_US151654_US151176_US103444_US151078_US151079_US151109_US151174_US151175_US151189" name="Should create a new intercompany partner edit some of its fields US151078" time="229.846">
      <system-out><![CDATA[
COMMAND: POST /session/aedcc668f48e21658cbc6750609d6355/element - {"using":"xpath","value":"//li[.//span[text()=\"Manage Partners\"]]"}
RESULT: {"using":"xpath","value":"//li[.//span[text()=\"Manage Partners\"]]"}
COMMAND: POST /session/aedcc668f48e21658cbc6750609d6355/element - {"using":"xpath","value":"//li[.//span[text()=\"Manage Partners\"]]"}
RESULT: {"using":"xpath","value":"//li[.//span[text()=\"Manage Partners\"]]"}
COMMAND: POST /session/aedcc668f48e21658cbc6750609d6355/element - {"using":"css selector","value":"#shell-header-logo"}
RESULT: {"using":"css selector","value":"#shell-header-logo"}
COMMAND: POST /session/aedcc668f48e21658cbc6750609d6355/element/f.8AFBB3AC1A82BF87553E3B2FEF1B5657.d.0C981AC01CAB60FD843A9FDAAF1E901E.e.3025/click - {}
COMMAND: POST /session/aedcc668f48e21658cbc6750609d6355/execute/sync - {"script":"<script> [8489 bytes]","args":[{"element-6066-11e4-a52e-4f735466cecf":"f.8AFBB3AC1A82BF87553E3B2FEF1B5657.d.0C981AC01CAB60FD843A9FDAAF1E901E.e.3025","ELEMENT":"f.8AFBB3AC1A82BF87553E3B2FEF1B5657.d.0C981AC01CAB60FD843A9FDAAF1E901E.e.3025"}]}
RESULT: {}
COMMAND: GET /session/aedcc668f48e21658cbc6750609d6355/screenshot - {}
RESULT: {"script":"<script> [8489 bytes]","args":[{"element-6066-11e4-a52e-4f735466cecf":"f.8AFBB3AC1A82BF87553E3B2FEF1B5657.d.0C981AC01CAB60FD843A9FDAAF1E901E.e.3025","ELEMENT":"f.8AFBB3AC1A82BF87553E3B2FEF1B5657.d.0C981AC01CAB60FD843A9FDAAF1E901E.e.3025"}]}
COMMAND: POST /session/aedcc668f48e21658cbc6750609d6355/execute/sync - {"script":"<script> [5351 bytes]","args":[{"element-6066-11e4-a52e-4f735466cecf":"f.8AFBB3AC1A82BF87553E3B2FEF1B5657.d.0C981AC01CAB60FD843A9FDAAF1E901E.e.3025","ELEMENT":"f.8AFBB3AC1A82BF87553E3B2FEF1B5657.d.0C981AC01CAB60FD843A9FDAAF1E901E.e.3025"}]}
COMMAND: GET /session/aedcc668f48e21658cbc6750609d6355/screenshot - {}
RESULT: {}
RESULT: {"script":"<script> [5351 bytes]","args":[{"element-6066-11e4-a52e-4f735466cecf":"f.8AFBB3AC1A82BF87553E3B2FEF1B5657.d.0C981AC01CAB60FD843A9FDAAF1E901E.e.3025","ELEMENT":"f.8AFBB3AC1A82BF87553E3B2FEF1B5657.d.0C981AC01CAB60FD843A9FDAAF1E901E.e.3025"}]}
COMMAND: GET /session/aedcc668f48e21658cbc6750609d6355/screenshot - {}
RESULT: {}
RESULT: {}
COMMAND: POST /session/aedcc668f48e21658cbc6750609d6355/refresh - {}
RESULT: {}
COMMAND: GET /session/aedcc668f48e21658cbc6750609d6355/screenshot - {}
RESULT: {}
COMMAND: POST /session/aedcc668f48e21658cbc6750609d6355/refresh - {}
RESULT: {}
COMMAND: GET /session/aedcc668f48e21658cbc6750609d6355/screenshot - {}
RESULT: {}
COMMAND: POST /session/aedcc668f48e21658cbc6750609d6355/window/fullscreen - {}
RESULT: {}
COMMAND: POST /session/aedcc668f48e21658cbc6750609d6355/execute/async - {"script":"<script> [189 bytes]","args":[]}
RESULT: {"script":"<script> [189 bytes]","args":[]}
COMMAND: POST /session/aedcc668f48e21658cbc6750609d6355/execute/async - {"script":"<script> [123 bytes]","args":[]}
RESULT: {"script":"<script> [123 bytes]","args":[]}
COMMAND: POST /session/aedcc668f48e21658cbc6750609d6355/timeouts - {"script":"<number>"}
RESULT: {"script":"<number>"}
COMMAND: GET /session/aedcc668f48e21658cbc6750609d6355/timeouts - {}
RESULT: {}
RESULT: undefined
COMMAND: POST /session/aedcc668f48e21658cbc6750609d6355/execute/async - {"script":"<script> [2676 bytes]","args":[]}
RESULT: {"script":"<script> [2676 bytes]","args":[]}
COMMAND: POST /session/aedcc668f48e21658cbc6750609d6355/execute/async - {"script":"<script> [2342 bytes]","args":[{"protocol":"http","hostname":"0.0.0.0","path":"/","capabilities":{"browserName":"chrome","goog:chromeOptions":{"binary":"C:\\Program Files\\Google\\Chrome\\Application\\chrome.exe","args":["--start-maximized"]}},"logLevel":"warn","connectionRetryTimeout":120000,"connectionRetryCount":3,"logLevels":{},"enableDirectConnect":true,"strictSSL":true,"_":"65 more keys: [\"cacheDir\",\"port\",\"requestedCapabilities\",\"automationProtocol\",\"baseUrl\",\"waitforInterval\",\"waitforTimeout\",\"onReload\",\"beforeCommand\",\"afterCommand\",\"rootDir\",\"specs\",\"suites\",\"exclude\",\"groupLogsByTestSpec\",\"excludeDriverLogs\",\"bail\",\"framework\",\"reporters\",\"services\",\"maxInstances\",\"maxInstancesPerCapability\",\"injectGlobals\",\"filesToWatch\",\"execArgv\",\"runnerEnv\",\"runner\",\"shard\",\"specFileRetries\",\"specFileRetriesDelay\",\"specFileRetriesDeferred\",\"reporterSyncInterval\",\"reporterSyncTimeout\",\"cucumberFeaturesWithLineNumbers\",\"autoCompileOpts\",\"mochaOpts\",\"jasmineOpts\",\"cucumberOpts\",\"onPrepare\",\"onWorkerStart\",\"onWorkerEnd\",\"before\",\"beforeSession\",\"beforeSuite\",\"beforeHook\",\"beforeTest\",\"afterTest\",\"afterHook\",\"afterSuite\",\"afterSession\",\"after\",\"onComplete\",\"beforeAssertion\",\"afterAssertion\",\"beforeFeature\",\"beforeScenario\",\"beforeStep\",\"afterStep\",\"afterScenario\",\"afterFeature\",\"_\",\"suite\",\"$0\",\"ignoredWorkerServices\",\"wdi5\"]"}]}
RESULT: {"script":"<script> [2342 bytes]","args":[{"protocol":"http","hostname":"0.0.0.0","path":"/","capabilities":{"browserName":"chrome","goog:chromeOptions":{"binary":"C:\\Program Files\\Google\\Chrome\\Application\\chrome.exe","args":["--start-maximized"]}},"logLevel":"warn","connectionRetryTimeout":120000,"connectionRetryCount":3,"logLevels":{},"enableDirectConnect":true,"strictSSL":true,"_":"65 more keys: [\"cacheDir\",\"port\",\"requestedCapabilities\",\"automationProtocol\",\"baseUrl\",\"waitforInterval\",\"waitforTimeout\",\"onReload\",\"beforeCommand\",\"afterCommand\",\"rootDir\",\"specs\",\"suites\",\"exclude\",\"groupLogsByTestSpec\",\"excludeDriverLogs\",\"bail\",\"framework\",\"reporters\",\"services\",\"maxInstances\",\"maxInstancesPerCapability\",\"injectGlobals\",\"filesToWatch\",\"execArgv\",\"runnerEnv\",\"runner\",\"shard\",\"specFileRetries\",\"specFileRetriesDelay\",\"specFileRetriesDeferred\",\"reporterSyncInterval\",\"reporterSyncTimeout\",\"cucumberFeaturesWithLineNumbers\",\"autoCompileOpts\",\"mochaOpts\",\"jasmineOpts\",\"cucumberOpts\",\"onPrepare\",\"onWorkerStart\",\"onWorkerEnd\",\"before\",\"beforeSession\",\"beforeSuite\",\"beforeHook\",\"beforeTest\",\"afterTest\",\"afterHook\",\"afterSuite\",\"afterSession\",\"after\",\"onComplete\",\"beforeAssertion\",\"afterAssertion\",\"beforeFeature\",\"beforeScenario\",\"beforeStep\",\"afterStep\",\"afterScenario\",\"afterFeature\",\"_\",\"suite\",\"$0\",\"ignoredWorkerServices\",\"wdi5\"]"}]}
COMMAND: POST /session/aedcc668f48e21658cbc6750609d6355/execute/async - {"script":"<script> [21126 bytes]","args":[35000]}
RESULT: {"script":"<script> [21126 bytes]","args":[35000]}
COMMAND: POST /session/aedcc668f48e21658cbc6750609d6355/window/fullscreen - {}
RESULT: {}
COMMAND: POST /session/aedcc668f48e21658cbc6750609d6355/window/fullscreen - {}
RESULT: {}
COMMAND: POST /session/aedcc668f48e21658cbc6750609d6355/execute/async - {"script":"<script> [1562 bytes]","args":[{"selector":{"controlType":"sap.m.GenericTile","properties":{"header":"Manage Partners"}},"wdio_ui5_key":"sapm.GenericTile{\"header\":\"Manage Partners\"}"}]}
RESULT: {"script":"<script> [1562 bytes]","args":[{"selector":{"controlType":"sap.m.GenericTile","properties":{"header":"Manage Partners"}},"wdio_ui5_key":"sapm.GenericTile{\"header\":\"Manage Partners\"}"}]}
RESULT: undefined
COMMAND: POST /session/aedcc668f48e21658cbc6750609d6355/element - {"using":"xpath","value":"//*[@id=\"__tile30\"]"}
RESULT: {"using":"xpath","value":"//*[@id=\"__tile30\"]"}
COMMAND: POST /session/aedcc668f48e21658cbc6750609d6355/element/f.8AFBB3AC1A82BF87553E3B2FEF1B5657.d.8C1C2165FC6C353D5E87505D63FD5D6E.e.3094/click - {}
RESULT: {}
COMMAND: POST /session/aedcc668f48e21658cbc6750609d6355/element - {"using":"xpath","value":"//button[@data-kt=\"addButton\"]"}
COMMAND: GET /session/aedcc668f48e21658cbc6750609d6355/screenshot - {}
RESULT: {"using":"xpath","value":"//button[@data-kt=\"addButton\"]"}
COMMAND: POST /session/aedcc668f48e21658cbc6750609d6355/elements - {"using":"xpath","value":"//button[@data-kt=\"addButton\"]"}
RESULT: {}
RESULT: {"using":"xpath","value":"//button[@data-kt=\"addButton\"]"}
COMMAND: POST /session/aedcc668f48e21658cbc6750609d6355/elements - {"using":"xpath","value":"//button[@data-kt=\"addButton\"]"}
RESULT: {"using":"xpath","value":"//button[@data-kt=\"addButton\"]"}
COMMAND: POST /session/aedcc668f48e21658cbc6750609d6355/elements - {"using":"xpath","value":"//button[@data-kt=\"addButton\"]"}
RESULT: {"using":"xpath","value":"//button[@data-kt=\"addButton\"]"}
COMMAND: POST /session/aedcc668f48e21658cbc6750609d6355/elements - {"using":"xpath","value":"//button[@data-kt=\"addButton\"]"}
RESULT: {"using":"xpath","value":"//button[@data-kt=\"addButton\"]"}
COMMAND: POST /session/aedcc668f48e21658cbc6750609d6355/elements - {"using":"xpath","value":"//button[@data-kt=\"addButton\"]"}
RESULT: {"using":"xpath","value":"//button[@data-kt=\"addButton\"]"}
COMMAND: POST /session/aedcc668f48e21658cbc6750609d6355/elements - {"using":"xpath","value":"//button[@data-kt=\"addButton\"]"}
RESULT: {"using":"xpath","value":"//button[@data-kt=\"addButton\"]"}
COMMAND: POST /session/aedcc668f48e21658cbc6750609d6355/elements - {"using":"xpath","value":"//button[@data-kt=\"addButton\"]"}
RESULT: {"using":"xpath","value":"//button[@data-kt=\"addButton\"]"}
COMMAND: POST /session/aedcc668f48e21658cbc6750609d6355/elements - {"using":"xpath","value":"//button[@data-kt=\"addButton\"]"}
RESULT: {"using":"xpath","value":"//button[@data-kt=\"addButton\"]"}
COMMAND: POST /session/aedcc668f48e21658cbc6750609d6355/elements - {"using":"xpath","value":"//button[@data-kt=\"addButton\"]"}
RESULT: {"using":"xpath","value":"//button[@data-kt=\"addButton\"]"}
COMMAND: POST /session/aedcc668f48e21658cbc6750609d6355/elements - {"using":"xpath","value":"//button[@data-kt=\"addButton\"]"}
RESULT: {"using":"xpath","value":"//button[@data-kt=\"addButton\"]"}
COMMAND: POST /session/aedcc668f48e21658cbc6750609d6355/elements - {"using":"xpath","value":"//button[@data-kt=\"addButton\"]"}
RESULT: {"using":"xpath","value":"//button[@data-kt=\"addButton\"]"}
COMMAND: POST /session/aedcc668f48e21658cbc6750609d6355/elements - {"using":"xpath","value":"//button[@data-kt=\"addButton\"]"}
RESULT: {"using":"xpath","value":"//button[@data-kt=\"addButton\"]"}
COMMAND: POST /session/aedcc668f48e21658cbc6750609d6355/elements - {"using":"xpath","value":"//button[@data-kt=\"addButton\"]"}
RESULT: {"using":"xpath","value":"//button[@data-kt=\"addButton\"]"}
COMMAND: POST /session/aedcc668f48e21658cbc6750609d6355/elements - {"using":"xpath","value":"//button[@data-kt=\"addButton\"]"}
RESULT: {"using":"xpath","value":"//button[@data-kt=\"addButton\"]"}
COMMAND: POST /session/aedcc668f48e21658cbc6750609d6355/elements - {"using":"xpath","value":"//button[@data-kt=\"addButton\"]"}
RESULT: {"using":"xpath","value":"//button[@data-kt=\"addButton\"]"}
COMMAND: POST /session/aedcc668f48e21658cbc6750609d6355/elements - {"using":"xpath","value":"//button[@data-kt=\"addButton\"]"}
RESULT: {"using":"xpath","value":"//button[@data-kt=\"addButton\"]"}
COMMAND: POST /session/aedcc668f48e21658cbc6750609d6355/elements - {"using":"xpath","value":"//button[@data-kt=\"addButton\"]"}
RESULT: {"using":"xpath","value":"//button[@data-kt=\"addButton\"]"}
COMMAND: POST /session/aedcc668f48e21658cbc6750609d6355/elements - {"using":"xpath","value":"//button[@data-kt=\"addButton\"]"}
RESULT: {"using":"xpath","value":"//button[@data-kt=\"addButton\"]"}
COMMAND: POST /session/aedcc668f48e21658cbc6750609d6355/elements - {"using":"xpath","value":"//button[@data-kt=\"addButton\"]"}
RESULT: {"using":"xpath","value":"//button[@data-kt=\"addButton\"]"}
COMMAND: POST /session/aedcc668f48e21658cbc6750609d6355/elements - {"using":"xpath","value":"//button[@data-kt=\"addButton\"]"}
RESULT: {"using":"xpath","value":"//button[@data-kt=\"addButton\"]"}
COMMAND: POST /session/aedcc668f48e21658cbc6750609d6355/elements - {"using":"xpath","value":"//button[@data-kt=\"addButton\"]"}
RESULT: {"using":"xpath","value":"//button[@data-kt=\"addButton\"]"}
COMMAND: POST /session/aedcc668f48e21658cbc6750609d6355/elements - {"using":"xpath","value":"//button[@data-kt=\"addButton\"]"}
RESULT: {"using":"xpath","value":"//button[@data-kt=\"addButton\"]"}
COMMAND: POST /session/aedcc668f48e21658cbc6750609d6355/elements - {"using":"xpath","value":"//button[@data-kt=\"addButton\"]"}
RESULT: {"using":"xpath","value":"//button[@data-kt=\"addButton\"]"}
COMMAND: POST /session/aedcc668f48e21658cbc6750609d6355/elements - {"using":"xpath","value":"//button[@data-kt=\"addButton\"]"}
RESULT: {"using":"xpath","value":"//button[@data-kt=\"addButton\"]"}
COMMAND: POST /session/aedcc668f48e21658cbc6750609d6355/elements - {"using":"xpath","value":"//button[@data-kt=\"addButton\"]"}
RESULT: {"using":"xpath","value":"//button[@data-kt=\"addButton\"]"}
COMMAND: POST /session/aedcc668f48e21658cbc6750609d6355/elements - {"using":"xpath","value":"//button[@data-kt=\"addButton\"]"}
RESULT: {"using":"xpath","value":"//button[@data-kt=\"addButton\"]"}
COMMAND: POST /session/aedcc668f48e21658cbc6750609d6355/elements - {"using":"xpath","value":"//button[@data-kt=\"addButton\"]"}
RESULT: {"using":"xpath","value":"//button[@data-kt=\"addButton\"]"}
COMMAND: POST /session/aedcc668f48e21658cbc6750609d6355/elements - {"using":"xpath","value":"//button[@data-kt=\"addButton\"]"}
RESULT: {"using":"xpath","value":"//button[@data-kt=\"addButton\"]"}
COMMAND: POST /session/aedcc668f48e21658cbc6750609d6355/elements - {"using":"xpath","value":"//button[@data-kt=\"addButton\"]"}
RESULT: {"using":"xpath","value":"//button[@data-kt=\"addButton\"]"}
COMMAND: POST /session/aedcc668f48e21658cbc6750609d6355/elements - {"using":"xpath","value":"//button[@data-kt=\"addButton\"]"}
RESULT: {"using":"xpath","value":"//button[@data-kt=\"addButton\"]"}
COMMAND: POST /session/aedcc668f48e21658cbc6750609d6355/elements - {"using":"xpath","value":"//button[@data-kt=\"addButton\"]"}
RESULT: {"using":"xpath","value":"//button[@data-kt=\"addButton\"]"}
COMMAND: POST /session/aedcc668f48e21658cbc6750609d6355/elements - {"using":"xpath","value":"//button[@data-kt=\"addButton\"]"}
RESULT: {"using":"xpath","value":"//button[@data-kt=\"addButton\"]"}
COMMAND: POST /session/aedcc668f48e21658cbc6750609d6355/elements - {"using":"xpath","value":"//button[@data-kt=\"addButton\"]"}
RESULT: {"using":"xpath","value":"//button[@data-kt=\"addButton\"]"}
COMMAND: POST /session/aedcc668f48e21658cbc6750609d6355/elements - {"using":"xpath","value":"//button[@data-kt=\"addButton\"]"}
RESULT: {"using":"xpath","value":"//button[@data-kt=\"addButton\"]"}
COMMAND: POST /session/aedcc668f48e21658cbc6750609d6355/elements - {"using":"xpath","value":"//button[@data-kt=\"addButton\"]"}
RESULT: {"using":"xpath","value":"//button[@data-kt=\"addButton\"]"}
COMMAND: POST /session/aedcc668f48e21658cbc6750609d6355/element - {"using":"xpath","value":"//button[@data-kt=\"addButton\"]"}
RESULT: {"using":"xpath","value":"//button[@data-kt=\"addButton\"]"}
COMMAND: POST /session/aedcc668f48e21658cbc6750609d6355/execute/sync - {"script":"<script> [8489 bytes]","args":[{"element-6066-11e4-a52e-4f735466cecf":"f.8AFBB3AC1A82BF87553E3B2FEF1B5657.d.8C1C2165FC6C353D5E87505D63FD5D6E.e.3209","ELEMENT":"f.8AFBB3AC1A82BF87553E3B2FEF1B5657.d.8C1C2165FC6C353D5E87505D63FD5D6E.e.3209"}]}
RESULT: {"script":"<script> [8489 bytes]","args":[{"element-6066-11e4-a52e-4f735466cecf":"f.8AFBB3AC1A82BF87553E3B2FEF1B5657.d.8C1C2165FC6C353D5E87505D63FD5D6E.e.3209","ELEMENT":"f.8AFBB3AC1A82BF87553E3B2FEF1B5657.d.8C1C2165FC6C353D5E87505D63FD5D6E.e.3209"}]}
COMMAND: GET /session/aedcc668f48e21658cbc6750609d6355/element/f.8AFBB3AC1A82BF87553E3B2FEF1B5657.d.8C1C2165FC6C353D5E87505D63FD5D6E.e.3209/enabled - {}
COMMAND: GET /session/aedcc668f48e21658cbc6750609d6355/screenshot - {}
RESULT: {}
COMMAND: POST /session/aedcc668f48e21658cbc6750609d6355/execute/sync - {"script":"<script> [8489 bytes]","args":[{"element-6066-11e4-a52e-4f735466cecf":"f.8AFBB3AC1A82BF87553E3B2FEF1B5657.d.8C1C2165FC6C353D5E87505D63FD5D6E.e.3209","ELEMENT":"f.8AFBB3AC1A82BF87553E3B2FEF1B5657.d.8C1C2165FC6C353D5E87505D63FD5D6E.e.3209"}]}
COMMAND: GET /session/aedcc668f48e21658cbc6750609d6355/screenshot - {}
RESULT: {}
RESULT: {"script":"<script> [8489 bytes]","args":[{"element-6066-11e4-a52e-4f735466cecf":"f.8AFBB3AC1A82BF87553E3B2FEF1B5657.d.8C1C2165FC6C353D5E87505D63FD5D6E.e.3209","ELEMENT":"f.8AFBB3AC1A82BF87553E3B2FEF1B5657.d.8C1C2165FC6C353D5E87505D63FD5D6E.e.3209"}]}
COMMAND: POST /session/aedcc668f48e21658cbc6750609d6355/execute/sync - {"script":"<script> [5351 bytes]","args":[{"element-6066-11e4-a52e-4f735466cecf":"f.8AFBB3AC1A82BF87553E3B2FEF1B5657.d.8C1C2165FC6C353D5E87505D63FD5D6E.e.3209","ELEMENT":"f.8AFBB3AC1A82BF87553E3B2FEF1B5657.d.8C1C2165FC6C353D5E87505D63FD5D6E.e.3209"}]}
COMMAND: GET /session/aedcc668f48e21658cbc6750609d6355/screenshot - {}
RESULT: {}
RESULT: {}
RESULT: {"script":"<script> [5351 bytes]","args":[{"element-6066-11e4-a52e-4f735466cecf":"f.8AFBB3AC1A82BF87553E3B2FEF1B5657.d.8C1C2165FC6C353D5E87505D63FD5D6E.e.3209","ELEMENT":"f.8AFBB3AC1A82BF87553E3B2FEF1B5657.d.8C1C2165FC6C353D5E87505D63FD5D6E.e.3209"}]}
COMMAND: POST /session/aedcc668f48e21658cbc6750609d6355/element/f.8AFBB3AC1A82BF87553E3B2FEF1B5657.d.8C1C2165FC6C353D5E87505D63FD5D6E.e.3209/click - {}
COMMAND: GET /session/aedcc668f48e21658cbc6750609d6355/screenshot - {}
RESULT: {}
COMMAND: GET /session/aedcc668f48e21658cbc6750609d6355/screenshot - {}
RESULT: {}
COMMAND: POST /session/aedcc668f48e21658cbc6750609d6355/execute/async - {"script":"<script> [1562 bytes]","args":[{"selector":{"id":"application-managepartners-display-component---NewPartner--addressDetailDetailsName1","interaction":{"idSuffix":"inner"}},"wdio_ui5_key":"applicationmanagepartners-display-component---NewPartner--addressDetailDetailsName1"}]}
RESULT: {}
RESULT: {"script":"<script> [1562 bytes]","args":[{"selector":{"id":"application-managepartners-display-component---NewPartner--addressDetailDetailsName1","interaction":{"idSuffix":"inner"}},"wdio_ui5_key":"applicationmanagepartners-display-component---NewPartner--addressDetailDetailsName1"}]}
RESULT: undefined
COMMAND: POST /session/aedcc668f48e21658cbc6750609d6355/execute/async - {"script":"<script> [776 bytes]","args":[{"enterText":"Intercompany Partner WDIO","selector":{"id":"application-managepartners-display-component---NewPartner--addressDetailDetailsName1","interaction":{"idSuffix":"inner"}},"clearTextFirst":true,"interactionType":"ENTER_TEXT"}]}
RESULT: {"script":"<script> [776 bytes]","args":[{"enterText":"Intercompany Partner WDIO","selector":{"id":"application-managepartners-display-component---NewPartner--addressDetailDetailsName1","interaction":{"idSuffix":"inner"}},"clearTextFirst":true,"interactionType":"ENTER_TEXT"}]}
COMMAND: POST /session/aedcc668f48e21658cbc6750609d6355/execute/async - {"script":"<script> [1562 bytes]","args":[{"selector":{"id":"application-managepartners-display-component---NewPartner--addressDetailDetailsLanguage-arrow"},"wdio_ui5_key":"applicationmanagepartners-display-component---NewPartner--addressDetailDetailsLanguage-arrow"}]}
RESULT: {"script":"<script> [1562 bytes]","args":[{"selector":{"id":"application-managepartners-display-component---NewPartner--addressDetailDetailsLanguage-arrow"},"wdio_ui5_key":"applicationmanagepartners-display-component---NewPartner--addressDetailDetailsLanguage-arrow"}]}
RESULT: undefined
COMMAND: POST /session/aedcc668f48e21658cbc6750609d6355/element - {"using":"xpath","value":"//*[@id=\"application-managepartners-display-component---NewPartner--addressDetailDetailsLanguage-arrow\"]"}
RESULT: {"using":"xpath","value":"//*[@id=\"application-managepartners-display-component---NewPartner--addressDetailDetailsLanguage-arrow\"]"}
COMMAND: POST /session/aedcc668f48e21658cbc6750609d6355/element/f.8AFBB3AC1A82BF87553E3B2FEF1B5657.d.8C1C2165FC6C353D5E87505D63FD5D6E.e.3665/click - {}
RESULT: {}
COMMAND: POST /session/aedcc668f48e21658cbc6750609d6355/element - {"using":"xpath","value":"//span[contains(text(), \"English\")]"}
COMMAND: GET /session/aedcc668f48e21658cbc6750609d6355/screenshot - {}
RESULT: {"using":"xpath","value":"//span[contains(text(), \"English\")]"}
COMMAND: POST /session/aedcc668f48e21658cbc6750609d6355/element/f.8AFBB3AC1A82BF87553E3B2FEF1B5657.d.8C1C2165FC6C353D5E87505D63FD5D6E.e.3666/click - {}
RESULT: {}
RESULT: {}
COMMAND: GET /session/aedcc668f48e21658cbc6750609d6355/screenshot - {}
RESULT: {}
COMMAND: POST /session/aedcc668f48e21658cbc6750609d6355/execute/async - {"script":"<script> [1562 bytes]","args":[{"selector":{"id":"application-managepartners-display-component---NewPartner--addressDetailDetailsCity1","interaction":{"idSuffix":"inner"}},"wdio_ui5_key":"applicationmanagepartners-display-component---NewPartner--addressDetailDetailsCity1"}]}
RESULT: {"script":"<script> [1562 bytes]","args":[{"selector":{"id":"application-managepartners-display-component---NewPartner--addressDetailDetailsCity1","interaction":{"idSuffix":"inner"}},"wdio_ui5_key":"applicationmanagepartners-display-component---NewPartner--addressDetailDetailsCity1"}]}
RESULT: undefined
COMMAND: POST /session/aedcc668f48e21658cbc6750609d6355/execute/async - {"script":"<script> [776 bytes]","args":[{"enterText":"Rosario","selector":{"id":"application-managepartners-display-component---NewPartner--addressDetailDetailsCity1","interaction":{"idSuffix":"inner"}},"clearTextFirst":true,"interactionType":"ENTER_TEXT"}]}
RESULT: {"script":"<script> [776 bytes]","args":[{"enterText":"Rosario","selector":{"id":"application-managepartners-display-component---NewPartner--addressDetailDetailsCity1","interaction":{"idSuffix":"inner"}},"clearTextFirst":true,"interactionType":"ENTER_TEXT"}]}
COMMAND: POST /session/aedcc668f48e21658cbc6750609d6355/execute/async - {"script":"<script> [1562 bytes]","args":[{"selector":{"id":"application-managepartners-display-component---NewPartner--addressDetailDetailsCountry-arrow"},"wdio_ui5_key":"applicationmanagepartners-display-component---NewPartner--addressDetailDetailsCountry-arrow"}]}
RESULT: {"script":"<script> [1562 bytes]","args":[{"selector":{"id":"application-managepartners-display-component---NewPartner--addressDetailDetailsCountry-arrow"},"wdio_ui5_key":"applicationmanagepartners-display-component---NewPartner--addressDetailDetailsCountry-arrow"}]}
RESULT: undefined
COMMAND: POST /session/aedcc668f48e21658cbc6750609d6355/element - {"using":"xpath","value":"//*[@id=\"application-managepartners-display-component---NewPartner--addressDetailDetailsCountry-arrow\"]"}
RESULT: {"using":"xpath","value":"//*[@id=\"application-managepartners-display-component---NewPartner--addressDetailDetailsCountry-arrow\"]"}
COMMAND: POST /session/aedcc668f48e21658cbc6750609d6355/element/f.8AFBB3AC1A82BF87553E3B2FEF1B5657.d.8C1C2165FC6C353D5E87505D63FD5D6E.e.3633/click - {}
RESULT: {}
COMMAND: POST /session/aedcc668f48e21658cbc6750609d6355/element - {"using":"xpath","value":"//span[contains(text(), \"Argentina\")]"}
COMMAND: GET /session/aedcc668f48e21658cbc6750609d6355/screenshot - {}
RESULT: {"using":"xpath","value":"//span[contains(text(), \"Argentina\")]"}
COMMAND: POST /session/aedcc668f48e21658cbc6750609d6355/element/f.8AFBB3AC1A82BF87553E3B2FEF1B5657.d.8C1C2165FC6C353D5E87505D63FD5D6E.e.3668/click - {}
RESULT: {}
RESULT: {}
COMMAND: GET /session/aedcc668f48e21658cbc6750609d6355/screenshot - {}
RESULT: {}
COMMAND: POST /session/aedcc668f48e21658cbc6750609d6355/element - {"using":"xpath","value":"//bdi[contains(text(), \"Commercial\")]"}
RESULT: {"using":"xpath","value":"//bdi[contains(text(), \"Commercial\")]"}
COMMAND: POST /session/aedcc668f48e21658cbc6750609d6355/element/f.8AFBB3AC1A82BF87553E3B2FEF1B5657.d.8C1C2165FC6C353D5E87505D63FD5D6E.e.3669/click - {}
RESULT: {}
COMMAND: GET /session/aedcc668f48e21658cbc6750609d6355/screenshot - {}
RESULT: {}
COMMAND: POST /session/aedcc668f48e21658cbc6750609d6355/execute/async - {"script":"<script> [1562 bytes]","args":[{"selector":{"id":"application-managepartners-display-component---NewPartner--partnerDetailInternal-arrow"},"wdio_ui5_key":"applicationmanagepartners-display-component---NewPartner--partnerDetailInternal-arrow"}]}
RESULT: {"script":"<script> [1562 bytes]","args":[{"selector":{"id":"application-managepartners-display-component---NewPartner--partnerDetailInternal-arrow"},"wdio_ui5_key":"applicationmanagepartners-display-component---NewPartner--partnerDetailInternal-arrow"}]}
RESULT: undefined
COMMAND: POST /session/aedcc668f48e21658cbc6750609d6355/element - {"using":"xpath","value":"//*[@id=\"application-managepartners-display-component---NewPartner--partnerDetailInternal-arrow\"]"}
RESULT: {"using":"xpath","value":"//*[@id=\"application-managepartners-display-component---NewPartner--partnerDetailInternal-arrow\"]"}
COMMAND: POST /session/aedcc668f48e21658cbc6750609d6355/element/f.8AFBB3AC1A82BF87553E3B2FEF1B5657.d.8C1C2165FC6C353D5E87505D63FD5D6E.e.3675/click - {}
RESULT: {}
COMMAND: POST /session/aedcc668f48e21658cbc6750609d6355/element - {"using":"xpath","value":"//span[contains(text(), \"Affiliated company\")]"}
COMMAND: GET /session/aedcc668f48e21658cbc6750609d6355/screenshot - {}
RESULT: {"using":"xpath","value":"//span[contains(text(), \"Affiliated company\")]"}
COMMAND: POST /session/aedcc668f48e21658cbc6750609d6355/element/f.8AFBB3AC1A82BF87553E3B2FEF1B5657.d.8C1C2165FC6C353D5E87505D63FD5D6E.e.3676/click - {}
RESULT: {}
RESULT: {}
COMMAND: POST /session/aedcc668f48e21658cbc6750609d6355/execute/async - {"script":"<script> [1562 bytes]","args":[{"selector":{"id":"application-managepartners-display-component---NewPartner--partnerDetailsCurrency-arrow"},"wdio_ui5_key":"applicationmanagepartners-display-component---NewPartner--partnerDetailsCurrency-arrow"}]}
COMMAND: GET /session/aedcc668f48e21658cbc6750609d6355/screenshot - {}
RESULT: {"script":"<script> [1562 bytes]","args":[{"selector":{"id":"application-managepartners-display-component---NewPartner--partnerDetailsCurrency-arrow"},"wdio_ui5_key":"applicationmanagepartners-display-component---NewPartner--partnerDetailsCurrency-arrow"}]}
RESULT: undefined
COMMAND: POST /session/aedcc668f48e21658cbc6750609d6355/element - {"using":"xpath","value":"//*[@id=\"application-managepartners-display-component---NewPartner--partnerDetailsCurrency-arrow\"]"}
RESULT: {}
RESULT: {"using":"xpath","value":"//*[@id=\"application-managepartners-display-component---NewPartner--partnerDetailsCurrency-arrow\"]"}
COMMAND: POST /session/aedcc668f48e21658cbc6750609d6355/element/f.8AFBB3AC1A82BF87553E3B2FEF1B5657.d.8C1C2165FC6C353D5E87505D63FD5D6E.e.3683/click - {}
RESULT: {}
COMMAND: POST /session/aedcc668f48e21658cbc6750609d6355/element - {"using":"xpath","value":"//span[contains(text(), \"Euro\")]"}
COMMAND: GET /session/aedcc668f48e21658cbc6750609d6355/screenshot - {}
RESULT: {"using":"xpath","value":"//span[contains(text(), \"Euro\")]"}
COMMAND: POST /session/aedcc668f48e21658cbc6750609d6355/element/f.8AFBB3AC1A82BF87553E3B2FEF1B5657.d.8C1C2165FC6C353D5E87505D63FD5D6E.e.3684/click - {}
RESULT: {}
RESULT: {}
COMMAND: POST /session/aedcc668f48e21658cbc6750609d6355/execute/async - {"script":"<script> [1562 bytes]","args":[{"selector":{"id":"application-managepartners-display-component---NewPartner--addressEditDetailsCostObjectCstType-arrow"},"wdio_ui5_key":"applicationmanagepartners-display-component---NewPartner--addressEditDetailsCostObjectCstType-arrow"}]}
COMMAND: GET /session/aedcc668f48e21658cbc6750609d6355/screenshot - {}
RESULT: {"script":"<script> [1562 bytes]","args":[{"selector":{"id":"application-managepartners-display-component---NewPartner--addressEditDetailsCostObjectCstType-arrow"},"wdio_ui5_key":"applicationmanagepartners-display-component---NewPartner--addressEditDetailsCostObjectCstType-arrow"}]}
RESULT: undefined
COMMAND: POST /session/aedcc668f48e21658cbc6750609d6355/element - {"using":"xpath","value":"//*[@id=\"application-managepartners-display-component---NewPartner--addressEditDetailsCostObjectCstType-arrow\"]"}
RESULT: {}
RESULT: {"using":"xpath","value":"//*[@id=\"application-managepartners-display-component---NewPartner--addressEditDetailsCostObjectCstType-arrow\"]"}
COMMAND: POST /session/aedcc668f48e21658cbc6750609d6355/element/f.8AFBB3AC1A82BF87553E3B2FEF1B5657.d.8C1C2165FC6C353D5E87505D63FD5D6E.e.3685/click - {}
RESULT: {}
COMMAND: POST /session/aedcc668f48e21658cbc6750609d6355/element - {"using":"xpath","value":"//span[contains(text(), \"Cost Center\")]"}
COMMAND: GET /session/aedcc668f48e21658cbc6750609d6355/screenshot - {}
RESULT: {"using":"xpath","value":"//span[contains(text(), \"Cost Center\")]"}
COMMAND: POST /session/aedcc668f48e21658cbc6750609d6355/element/f.8AFBB3AC1A82BF87553E3B2FEF1B5657.d.8C1C2165FC6C353D5E87505D63FD5D6E.e.3686/click - {}
RESULT: {}
RESULT: {}
COMMAND: GET /session/aedcc668f48e21658cbc6750609d6355/screenshot - {}
RESULT: {}
COMMAND: POST /session/aedcc668f48e21658cbc6750609d6355/element - {"using":"xpath","value":"//span[@id=\"application-managepartners-display-component---NewPartner--addressNewCostObjectCstID-vhi\"]"}
RESULT: {"using":"xpath","value":"//span[@id=\"application-managepartners-display-component---NewPartner--addressNewCostObjectCstID-vhi\"]"}
COMMAND: POST /session/aedcc668f48e21658cbc6750609d6355/execute/sync - {"script":"<script> [8489 bytes]","args":[{"element-6066-11e4-a52e-4f735466cecf":"f.8AFBB3AC1A82BF87553E3B2FEF1B5657.d.8C1C2165FC6C353D5E87505D63FD5D6E.e.3690","ELEMENT":"f.8AFBB3AC1A82BF87553E3B2FEF1B5657.d.8C1C2165FC6C353D5E87505D63FD5D6E.e.3690"}]}
RESULT: {"script":"<script> [8489 bytes]","args":[{"element-6066-11e4-a52e-4f735466cecf":"f.8AFBB3AC1A82BF87553E3B2FEF1B5657.d.8C1C2165FC6C353D5E87505D63FD5D6E.e.3690","ELEMENT":"f.8AFBB3AC1A82BF87553E3B2FEF1B5657.d.8C1C2165FC6C353D5E87505D63FD5D6E.e.3690"}]}
COMMAND: POST /session/aedcc668f48e21658cbc6750609d6355/execute/async - {"script":"<script> [1562 bytes]","args":[{"selector":{"id":"application-managepartners-display-component---NewPartner--addressNewCostObjectCstID-vhi"},"wdio_ui5_key":"applicationmanagepartners-display-component---NewPartner--addressNewCostObjectCstID-vhi"}]}
COMMAND: GET /session/aedcc668f48e21658cbc6750609d6355/screenshot - {}
RESULT: {"script":"<script> [1562 bytes]","args":[{"selector":{"id":"application-managepartners-display-component---NewPartner--addressNewCostObjectCstID-vhi"},"wdio_ui5_key":"applicationmanagepartners-display-component---NewPartner--addressNewCostObjectCstID-vhi"}]}
RESULT: undefined
COMMAND: POST /session/aedcc668f48e21658cbc6750609d6355/element - {"using":"xpath","value":"//*[@id=\"application-managepartners-display-component---NewPartner--addressNewCostObjectCstID-vhi\"]"}
RESULT: {}
RESULT: {"using":"xpath","value":"//*[@id=\"application-managepartners-display-component---NewPartner--addressNewCostObjectCstID-vhi\"]"}
COMMAND: POST /session/aedcc668f48e21658cbc6750609d6355/element/f.8AFBB3AC1A82BF87553E3B2FEF1B5657.d.8C1C2165FC6C353D5E87505D63FD5D6E.e.3690/click - {}
RESULT: {}
COMMAND: GET /session/aedcc668f48e21658cbc6750609d6355/screenshot - {}
RESULT: {}
COMMAND: POST /session/aedcc668f48e21658cbc6750609d6355/execute/async - {"script":"<script> [1562 bytes]","args":[{"selector":{"controlType":"sap.m.SearchField","properties":{"placeholder":"Search"},"searchOpenDialogs":true,"interaction":{"idSuffix":"I"}},"wdio_ui5_key":"sapm.SearchField{\"placeholder\":\"Search\"}"}]}
RESULT: {"script":"<script> [1562 bytes]","args":[{"selector":{"controlType":"sap.m.SearchField","properties":{"placeholder":"Search"},"searchOpenDialogs":true,"interaction":{"idSuffix":"I"}},"wdio_ui5_key":"sapm.SearchField{\"placeholder\":\"Search\"}"}]}
RESULT: undefined
COMMAND: POST /session/aedcc668f48e21658cbc6750609d6355/execute/async - {"script":"<script> [776 bytes]","args":[{"enterText":"10001013","selector":{"controlType":"sap.m.SearchField","properties":{"placeholder":"Search"},"searchOpenDialogs":true,"interaction":{"idSuffix":"I"}},"clearTextFirst":true,"interactionType":"ENTER_TEXT"}]}
RESULT: {"script":"<script> [776 bytes]","args":[{"enterText":"10001013","selector":{"controlType":"sap.m.SearchField","properties":{"placeholder":"Search"},"searchOpenDialogs":true,"interaction":{"idSuffix":"I"}},"clearTextFirst":true,"interactionType":"ENTER_TEXT"}]}
COMMAND: POST /session/aedcc668f48e21658cbc6750609d6355/actions - {"actions":[{"id":"action7","type":"key","parameters":{},"actions":[{"type":"keyDown","value":"î€‡"},{"type":"pause","duration":10},{"type":"keyUp","value":"î€‡"}]}]}
RESULT: {"actions":[{"id":"action7","type":"key","parameters":{},"actions":[{"type":"keyDown","value":"î€‡"},{"type":"pause","duration":10},{"type":"keyUp","value":"î€‡"}]}]}
COMMAND: GET /session/aedcc668f48e21658cbc6750609d6355/screenshot - {}
RESULT: {}
COMMAND: POST /session/aedcc668f48e21658cbc6750609d6355/element - {"using":"xpath","value":"//span[contains(text(), \"General Management\")]"}
RESULT: {"using":"xpath","value":"//span[contains(text(), \"General Management\")]"}
COMMAND: POST /session/aedcc668f48e21658cbc6750609d6355/element/f.8AFBB3AC1A82BF87553E3B2FEF1B5657.d.8C1C2165FC6C353D5E87505D63FD5D6E.e.3731/click - {}
RESULT: {}
COMMAND: GET /session/aedcc668f48e21658cbc6750609d6355/screenshot - {}
RESULT: {}
COMMAND: POST /session/aedcc668f48e21658cbc6750609d6355/element - {"using":"xpath","value":"//bdi[contains(text(), \"OK\")]"}
RESULT: {"using":"xpath","value":"//bdi[contains(text(), \"OK\")]"}
COMMAND: POST /session/aedcc668f48e21658cbc6750609d6355/element/f.8AFBB3AC1A82BF87553E3B2FEF1B5657.d.8C1C2165FC6C353D5E87505D63FD5D6E.e.3732/click - {}
RESULT: {}
COMMAND: GET /session/aedcc668f48e21658cbc6750609d6355/screenshot - {}
RESULT: {}
COMMAND: POST /session/aedcc668f48e21658cbc6750609d6355/element - {"using":"xpath","value":"//input[@id=\"application-managepartners-display-component---NewPartner--companyCodeComboBox-inner\"]"}
RESULT: {"using":"xpath","value":"//input[@id=\"application-managepartners-display-component---NewPartner--companyCodeComboBox-inner\"]"}
COMMAND: POST /session/aedcc668f48e21658cbc6750609d6355/element/f.8AFBB3AC1A82BF87553E3B2FEF1B5657.d.8C1C2165FC6C353D5E87505D63FD5D6E.e.3522/clear - {}
RESULT: {}
COMMAND: POST /session/aedcc668f48e21658cbc6750609d6355/element/f.8AFBB3AC1A82BF87553E3B2FEF1B5657.d.8C1C2165FC6C353D5E87505D63FD5D6E.e.3522/value - {"text":"C002"}
COMMAND: GET /session/aedcc668f48e21658cbc6750609d6355/screenshot - {}
RESULT: {"text":"C002"}
COMMAND: GET /session/aedcc668f48e21658cbc6750609d6355/screenshot - {}
RESULT: {}
RESULT: {}
COMMAND: POST /session/aedcc668f48e21658cbc6750609d6355/element - {"using":"xpath","value":"//li[.//span[text()= \"C002\"]]"}
RESULT: {"using":"xpath","value":"//li[.//span[text()= \"C002\"]]"}
COMMAND: POST /session/aedcc668f48e21658cbc6750609d6355/element/f.8AFBB3AC1A82BF87553E3B2FEF1B5657.d.8C1C2165FC6C353D5E87505D63FD5D6E.e.3738/click - {}
RESULT: {}
COMMAND: GET /session/aedcc668f48e21658cbc6750609d6355/screenshot - {}
RESULT: {}
COMMAND: POST /session/aedcc668f48e21658cbc6750609d6355/execute/async - {"script":"<script> [1562 bytes]","args":[{"selector":{"id":"application-managepartners-display-component---NewPartner--btnAddTableRow-img"},"wdio_ui5_key":"applicationmanagepartners-display-component---NewPartner--btnAddTableRow-img"}]}
RESULT: {"script":"<script> [1562 bytes]","args":[{"selector":{"id":"application-managepartners-display-component---NewPartner--btnAddTableRow-img"},"wdio_ui5_key":"applicationmanagepartners-display-component---NewPartner--btnAddTableRow-img"}]}
RESULT: undefined
COMMAND: POST /session/aedcc668f48e21658cbc6750609d6355/element - {"using":"xpath","value":"//*[@id=\"application-managepartners-display-component---NewPartner--btnAddTableRow-img\"]"}
RESULT: {"using":"xpath","value":"//*[@id=\"application-managepartners-display-component---NewPartner--btnAddTableRow-img\"]"}
COMMAND: POST /session/aedcc668f48e21658cbc6750609d6355/element/f.8AFBB3AC1A82BF87553E3B2FEF1B5657.d.8C1C2165FC6C353D5E87505D63FD5D6E.e.3739/click - {}
RESULT: {}
COMMAND: GET /session/aedcc668f48e21658cbc6750609d6355/screenshot - {}
RESULT: {}
COMMAND: POST /session/aedcc668f48e21658cbc6750609d6355/element - {"using":"xpath","value":"//input[@id=\"application-managepartners-display-component---NewPartner--assignmentYard-application-managepartners-display-component---NewPartner--assignmentsTable-0-inner\"]"}
RESULT: {"using":"xpath","value":"//input[@id=\"application-managepartners-display-component---NewPartner--assignmentYard-application-managepartners-display-component---NewPartner--assignmentsTable-0-inner\"]"}
COMMAND: POST /session/aedcc668f48e21658cbc6750609d6355/element/f.8AFBB3AC1A82BF87553E3B2FEF1B5657.d.8C1C2165FC6C353D5E87505D63FD5D6E.e.3742/clear - {}
RESULT: {}
COMMAND: POST /session/aedcc668f48e21658cbc6750609d6355/element/f.8AFBB3AC1A82BF87553E3B2FEF1B5657.d.8C1C2165FC6C353D5E87505D63FD5D6E.e.3742/value - {"text":"641"}
COMMAND: GET /session/aedcc668f48e21658cbc6750609d6355/screenshot - {}
RESULT: {"text":"641"}
COMMAND: GET /session/aedcc668f48e21658cbc6750609d6355/screenshot - {}
RESULT: {}
RESULT: {}
COMMAND: POST /session/aedcc668f48e21658cbc6750609d6355/element - {"using":"xpath","value":"//li[.//span[text()='641']]"}
RESULT: {"using":"xpath","value":"//li[.//span[text()='641']]"}
COMMAND: POST /session/aedcc668f48e21658cbc6750609d6355/element/f.8AFBB3AC1A82BF87553E3B2FEF1B5657.d.8C1C2165FC6C353D5E87505D63FD5D6E.e.3751/click - {}
RESULT: {}
COMMAND: GET /session/aedcc668f48e21658cbc6750609d6355/screenshot - {}
RESULT: {}
COMMAND: POST /session/aedcc668f48e21658cbc6750609d6355/actions - {"actions":[{"id":"action8","type":"key","parameters":{},"actions":[{"type":"keyDown","value":"î€‡"},{"type":"pause","duration":10},{"type":"keyUp","value":"î€‡"}]}]}
RESULT: {"actions":[{"id":"action8","type":"key","parameters":{},"actions":[{"type":"keyDown","value":"î€‡"},{"type":"pause","duration":10},{"type":"keyUp","value":"î€‡"}]}]}
COMMAND: POST /session/aedcc668f48e21658cbc6750609d6355/execute/async - {"script":"<script> [1562 bytes]","args":[{"selector":{"id":"application-managepartners-display-component---NewPartner--externalCustomerComboBox-application-managepartners-display-component---NewPartner--assignmentsTable-0-vhi"},"wdio_ui5_key":"applicationmanagepartners-display-component---NewPartner--externalCustomerComboBox-application-managepartners-display-component---NewPartner--assignmentsTable-0-vhi"}]}
COMMAND: GET /session/aedcc668f48e21658cbc6750609d6355/screenshot - {}
RESULT: {"script":"<script> [1562 bytes]","args":[{"selector":{"id":"application-managepartners-display-component---NewPartner--externalCustomerComboBox-application-managepartners-display-component---NewPartner--assignmentsTable-0-vhi"},"wdio_ui5_key":"applicationmanagepartners-display-component---NewPartner--externalCustomerComboBox-application-managepartners-display-component---NewPartner--assignmentsTable-0-vhi"}]}
RESULT: undefined
COMMAND: POST /session/aedcc668f48e21658cbc6750609d6355/element - {"using":"xpath","value":"//*[@id=\"application-managepartners-display-component---NewPartner--externalCustomerComboBox-application-managepartners-display-component---NewPartner--assignmentsTable-0-vhi\"]"}
RESULT: {}
RESULT: {"using":"xpath","value":"//*[@id=\"application-managepartners-display-component---NewPartner--externalCustomerComboBox-application-managepartners-display-component---NewPartner--assignmentsTable-0-vhi\"]"}
COMMAND: POST /session/aedcc668f48e21658cbc6750609d6355/element/f.8AFBB3AC1A82BF87553E3B2FEF1B5657.d.8C1C2165FC6C353D5E87505D63FD5D6E.e.3755/click - {}
RESULT: {}
RESULT: undefined
COMMAND: POST /session/aedcc668f48e21658cbc6750609d6355/execute/async - {"script":"<script> [776 bytes]","args":[{"enterText":"300003","selector":{"controlType":"sap.m.SearchField","properties":{"placeholder":"Search"},"searchOpenDialogs":true,"interaction":{"idSuffix":"I"}},"clearTextFirst":true,"interactionType":"ENTER_TEXT"}]}
COMMAND: GET /session/aedcc668f48e21658cbc6750609d6355/screenshot - {}
RESULT: {"script":"<script> [776 bytes]","args":[{"enterText":"300003","selector":{"controlType":"sap.m.SearchField","properties":{"placeholder":"Search"},"searchOpenDialogs":true,"interaction":{"idSuffix":"I"}},"clearTextFirst":true,"interactionType":"ENTER_TEXT"}]}
COMMAND: POST /session/aedcc668f48e21658cbc6750609d6355/actions - {"actions":[{"id":"action9","type":"key","parameters":{},"actions":[{"type":"keyDown","value":"î€‡"},{"type":"pause","duration":10},{"type":"keyUp","value":"î€‡"}]}]}
RESULT: {}
RESULT: {"actions":[{"id":"action9","type":"key","parameters":{},"actions":[{"type":"keyDown","value":"î€‡"},{"type":"pause","duration":10},{"type":"keyUp","value":"î€‡"}]}]}
COMMAND: GET /session/aedcc668f48e21658cbc6750609d6355/screenshot - {}
RESULT: {}
COMMAND: POST /session/aedcc668f48e21658cbc6750609d6355/element - {"using":"xpath","value":"//span[contains(text(), \"300003\")]"}
RESULT: {"using":"xpath","value":"//span[contains(text(), \"300003\")]"}
COMMAND: POST /session/aedcc668f48e21658cbc6750609d6355/element/f.8AFBB3AC1A82BF87553E3B2FEF1B5657.d.8C1C2165FC6C353D5E87505D63FD5D6E.e.3773/click - {}
RESULT: {}
COMMAND: GET /session/aedcc668f48e21658cbc6750609d6355/screenshot - {}
RESULT: {}
COMMAND: POST /session/aedcc668f48e21658cbc6750609d6355/element - {"using":"xpath","value":"//bdi[contains(text(), \"OK\")]"}
RESULT: {"using":"xpath","value":"//bdi[contains(text(), \"OK\")]"}
COMMAND: POST /session/aedcc668f48e21658cbc6750609d6355/element/f.8AFBB3AC1A82BF87553E3B2FEF1B5657.d.8C1C2165FC6C353D5E87505D63FD5D6E.e.3775/click - {}
RESULT: {}
COMMAND: GET /session/aedcc668f48e21658cbc6750609d6355/screenshot - {}
RESULT: {}
COMMAND: POST /session/aedcc668f48e21658cbc6750609d6355/execute/async - {"script":"<script> [1562 bytes]","args":[{"selector":{"id":"application-managepartners-display-component---NewPartner--intercompVendorComboBox-application-managepartners-display-component---NewPartner--assignmentsTable-0-vhi"},"wdio_ui5_key":"applicationmanagepartners-display-component---NewPartner--intercompVendorComboBox-application-managepartners-display-component---NewPartner--assignmentsTable-0-vhi"}]}
RESULT: {"script":"<script> [1562 bytes]","args":[{"selector":{"id":"application-managepartners-display-component---NewPartner--intercompVendorComboBox-application-managepartners-display-component---NewPartner--assignmentsTable-0-vhi"},"wdio_ui5_key":"applicationmanagepartners-display-component---NewPartner--intercompVendorComboBox-application-managepartners-display-component---NewPartner--assignmentsTable-0-vhi"}]}
RESULT: undefined
COMMAND: POST /session/aedcc668f48e21658cbc6750609d6355/element - {"using":"xpath","value":"//*[@id=\"application-managepartners-display-component---NewPartner--intercompVendorComboBox-application-managepartners-display-component---NewPartner--assignmentsTable-0-vhi\"]"}
RESULT: {"using":"xpath","value":"//*[@id=\"application-managepartners-display-component---NewPartner--intercompVendorComboBox-application-managepartners-display-component---NewPartner--assignmentsTable-0-vhi\"]"}
COMMAND: POST /session/aedcc668f48e21658cbc6750609d6355/element/f.8AFBB3AC1A82BF87553E3B2FEF1B5657.d.8C1C2165FC6C353D5E87505D63FD5D6E.e.3779/click - {}
RESULT: {}
RESULT: undefined
COMMAND: POST /session/aedcc668f48e21658cbc6750609d6355/execute/async - {"script":"<script> [776 bytes]","args":[{"enterText":"100005","selector":{"controlType":"sap.m.SearchField","properties":{"placeholder":"Search"},"searchOpenDialogs":true,"interaction":{"idSuffix":"I"}},"clearTextFirst":true,"interactionType":"ENTER_TEXT"}]}
COMMAND: GET /session/aedcc668f48e21658cbc6750609d6355/screenshot - {}
RESULT: {"script":"<script> [776 bytes]","args":[{"enterText":"100005","selector":{"controlType":"sap.m.SearchField","properties":{"placeholder":"Search"},"searchOpenDialogs":true,"interaction":{"idSuffix":"I"}},"clearTextFirst":true,"interactionType":"ENTER_TEXT"}]}
COMMAND: POST /session/aedcc668f48e21658cbc6750609d6355/actions - {"actions":[{"id":"action10","type":"key","parameters":{},"actions":[{"type":"keyDown","value":"î€‡"},{"type":"pause","duration":10},{"type":"keyUp","value":"î€‡"}]}]}
RESULT: {}
RESULT: {"actions":[{"id":"action10","type":"key","parameters":{},"actions":[{"type":"keyDown","value":"î€‡"},{"type":"pause","duration":10},{"type":"keyUp","value":"î€‡"}]}]}
COMMAND: GET /session/aedcc668f48e21658cbc6750609d6355/screenshot - {}
RESULT: {}
COMMAND: POST /session/aedcc668f48e21658cbc6750609d6355/element - {"using":"xpath","value":"//span[contains(text(), \"Penguins - Field/12345 Berlin\")]"}
RESULT: {"using":"xpath","value":"//span[contains(text(), \"Penguins - Field/12345 Berlin\")]"}
COMMAND: POST /session/aedcc668f48e21658cbc6750609d6355/element/f.8AFBB3AC1A82BF87553E3B2FEF1B5657.d.8C1C2165FC6C353D5E87505D63FD5D6E.e.3795/click - {}
RESULT: {}
COMMAND: GET /session/aedcc668f48e21658cbc6750609d6355/screenshot - {}
RESULT: {}
COMMAND: POST /session/aedcc668f48e21658cbc6750609d6355/element - {"using":"xpath","value":"//bdi[contains(text(), \"OK\")]"}
RESULT: {"using":"xpath","value":"//bdi[contains(text(), \"OK\")]"}
COMMAND: POST /session/aedcc668f48e21658cbc6750609d6355/element/f.8AFBB3AC1A82BF87553E3B2FEF1B5657.d.8C1C2165FC6C353D5E87505D63FD5D6E.e.3796/click - {}
RESULT: {}
COMMAND: GET /session/aedcc668f48e21658cbc6750609d6355/screenshot - {}
RESULT: {}
COMMAND: POST /session/aedcc668f48e21658cbc6750609d6355/element - {"using":"xpath","value":"//button[@data-kt=\"saveButton\"]"}
RESULT: {"using":"xpath","value":"//button[@data-kt=\"saveButton\"]"}
COMMAND: POST /session/aedcc668f48e21658cbc6750609d6355/element/f.8AFBB3AC1A82BF87553E3B2FEF1B5657.d.8C1C2165FC6C353D5E87505D63FD5D6E.e.3629/click - {}
RESULT: {}
COMMAND: GET /session/aedcc668f48e21658cbc6750609d6355/screenshot - {}
RESULT: {}
COMMAND: POST /session/aedcc668f48e21658cbc6750609d6355/element - {"using":"xpath","value":"//header[contains(@id, 'ObjectPageLayout-headerTitle')]/div[1]/div[2]/div[2]/span[1]"}
RESULT: {"using":"xpath","value":"//header[contains(@id, 'ObjectPageLayout-headerTitle')]/div[1]/div[2]/div[2]/span[1]"}
COMMAND: POST /session/aedcc668f48e21658cbc6750609d6355/elements - {"using":"xpath","value":"//header[contains(@id, 'ObjectPageLayout-headerTitle')]/div[1]/div[2]/div[2]/span[1]"}
RESULT: {"using":"xpath","value":"//header[contains(@id, 'ObjectPageLayout-headerTitle')]/div[1]/div[2]/div[2]/span[1]"}
COMMAND: POST /session/aedcc668f48e21658cbc6750609d6355/execute/sync - {"script":"<script> [56 bytes]","args":[{"element-6066-11e4-a52e-4f735466cecf":"f.8AFBB3AC1A82BF87553E3B2FEF1B5657.d.8C1C2165FC6C353D5E87505D63FD5D6E.e.3961","ELEMENT":"f.8AFBB3AC1A82BF87553E3B2FEF1B5657.d.8C1C2165FC6C353D5E87505D63FD5D6E.e.3961"}]}
RESULT: {"script":"<script> [56 bytes]","args":[{"element-6066-11e4-a52e-4f735466cecf":"f.8AFBB3AC1A82BF87553E3B2FEF1B5657.d.8C1C2165FC6C353D5E87505D63FD5D6E.e.3961","ELEMENT":"f.8AFBB3AC1A82BF87553E3B2FEF1B5657.d.8C1C2165FC6C353D5E87505D63FD5D6E.e.3961"}]}
COMMAND: POST /session/aedcc668f48e21658cbc6750609d6355/element - {"using":"css selector","value":"#shell-header-logo"}
COMMAND: GET /session/aedcc668f48e21658cbc6750609d6355/screenshot - {}
RESULT: {"using":"css selector","value":"#shell-header-logo"}
COMMAND: POST /session/aedcc668f48e21658cbc6750609d6355/element/f.8AFBB3AC1A82BF87553E3B2FEF1B5657.d.8C1C2165FC6C353D5E87505D63FD5D6E.e.3174/click - {}
RESULT: {}
RESULT: {}
COMMAND: GET /session/aedcc668f48e21658cbc6750609d6355/screenshot - {}
RESULT: {}
COMMAND: POST /session/aedcc668f48e21658cbc6750609d6355/execute/sync - {"script":"<script> [299 bytes]","args":[["getModel","getResource"]]}
RESULT: {"script":"<script> [299 bytes]","args":[["getModel","getResource"]]}
RESULT: undefined
COMMAND: POST /session/aedcc668f48e21658cbc6750609d6355/element - {"using":"xpath","value":"//*[@id=\"__tile30\"]"}
COMMAND: GET /session/aedcc668f48e21658cbc6750609d6355/screenshot - {}
RESULT: {"using":"xpath","value":"//*[@id=\"__tile30\"]"}
COMMAND: POST /session/aedcc668f48e21658cbc6750609d6355/element/f.8AFBB3AC1A82BF87553E3B2FEF1B5657.d.8C1C2165FC6C353D5E87505D63FD5D6E.e.3094/click - {}
RESULT: {}
RESULT: {}
COMMAND: POST /session/aedcc668f48e21658cbc6750609d6355/element - {"using":"xpath","value":"//button[@data-kt=\"addButton\"]"}
COMMAND: GET /session/aedcc668f48e21658cbc6750609d6355/screenshot - {}
RESULT: {"using":"xpath","value":"//button[@data-kt=\"addButton\"]"}
COMMAND: POST /session/aedcc668f48e21658cbc6750609d6355/elements - {"using":"xpath","value":"//button[@data-kt=\"addButton\"]"}
RESULT: {}
RESULT: {"using":"xpath","value":"//button[@data-kt=\"addButton\"]"}
COMMAND: POST /session/aedcc668f48e21658cbc6750609d6355/elements - {"using":"xpath","value":"//button[@data-kt=\"addButton\"]"}
RESULT: {"using":"xpath","value":"//button[@data-kt=\"addButton\"]"}
COMMAND: POST /session/aedcc668f48e21658cbc6750609d6355/elements - {"using":"xpath","value":"//button[@data-kt=\"addButton\"]"}
RESULT: {"using":"xpath","value":"//button[@data-kt=\"addButton\"]"}
COMMAND: POST /session/aedcc668f48e21658cbc6750609d6355/elements - {"using":"xpath","value":"//button[@data-kt=\"addButton\"]"}
RESULT: {"using":"xpath","value":"//button[@data-kt=\"addButton\"]"}
COMMAND: POST /session/aedcc668f48e21658cbc6750609d6355/elements - {"using":"xpath","value":"//button[@data-kt=\"addButton\"]"}
RESULT: {"using":"xpath","value":"//button[@data-kt=\"addButton\"]"}
COMMAND: POST /session/aedcc668f48e21658cbc6750609d6355/elements - {"using":"xpath","value":"//button[@data-kt=\"addButton\"]"}
RESULT: {"using":"xpath","value":"//button[@data-kt=\"addButton\"]"}
COMMAND: POST /session/aedcc668f48e21658cbc6750609d6355/elements - {"using":"xpath","value":"//button[@data-kt=\"addButton\"]"}
RESULT: {"using":"xpath","value":"//button[@data-kt=\"addButton\"]"}
COMMAND: POST /session/aedcc668f48e21658cbc6750609d6355/elements - {"using":"xpath","value":"//button[@data-kt=\"addButton\"]"}
RESULT: {"using":"xpath","value":"//button[@data-kt=\"addButton\"]"}
COMMAND: POST /session/aedcc668f48e21658cbc6750609d6355/elements - {"using":"xpath","value":"//button[@data-kt=\"addButton\"]"}
RESULT: {"using":"xpath","value":"//button[@data-kt=\"addButton\"]"}
COMMAND: POST /session/aedcc668f48e21658cbc6750609d6355/elements - {"using":"xpath","value":"//button[@data-kt=\"addButton\"]"}
RESULT: {"using":"xpath","value":"//button[@data-kt=\"addButton\"]"}
COMMAND: POST /session/aedcc668f48e21658cbc6750609d6355/elements - {"using":"xpath","value":"//button[@data-kt=\"addButton\"]"}
RESULT: {"using":"xpath","value":"//button[@data-kt=\"addButton\"]"}
COMMAND: POST /session/aedcc668f48e21658cbc6750609d6355/elements - {"using":"xpath","value":"//button[@data-kt=\"addButton\"]"}
RESULT: {"using":"xpath","value":"//button[@data-kt=\"addButton\"]"}
COMMAND: POST /session/aedcc668f48e21658cbc6750609d6355/elements - {"using":"xpath","value":"//button[@data-kt=\"addButton\"]"}
RESULT: {"using":"xpath","value":"//button[@data-kt=\"addButton\"]"}
COMMAND: POST /session/aedcc668f48e21658cbc6750609d6355/elements - {"using":"xpath","value":"//button[@data-kt=\"addButton\"]"}
RESULT: {"using":"xpath","value":"//button[@data-kt=\"addButton\"]"}
COMMAND: POST /session/aedcc668f48e21658cbc6750609d6355/elements - {"using":"xpath","value":"//button[@data-kt=\"addButton\"]"}
RESULT: {"using":"xpath","value":"//button[@data-kt=\"addButton\"]"}
COMMAND: POST /session/aedcc668f48e21658cbc6750609d6355/elements - {"using":"xpath","value":"//button[@data-kt=\"addButton\"]"}
RESULT: {"using":"xpath","value":"//button[@data-kt=\"addButton\"]"}
COMMAND: POST /session/aedcc668f48e21658cbc6750609d6355/element - {"using":"xpath","value":"//button[@data-kt=\"addButton\"]"}
RESULT: {"using":"xpath","value":"//button[@data-kt=\"addButton\"]"}
COMMAND: POST /session/aedcc668f48e21658cbc6750609d6355/execute/sync - {"script":"<script> [8489 bytes]","args":[{"element-6066-11e4-a52e-4f735466cecf":"f.8AFBB3AC1A82BF87553E3B2FEF1B5657.d.8C1C2165FC6C353D5E87505D63FD5D6E.e.4008","ELEMENT":"f.8AFBB3AC1A82BF87553E3B2FEF1B5657.d.8C1C2165FC6C353D5E87505D63FD5D6E.e.4008"}]}
RESULT: {"script":"<script> [8489 bytes]","args":[{"element-6066-11e4-a52e-4f735466cecf":"f.8AFBB3AC1A82BF87553E3B2FEF1B5657.d.8C1C2165FC6C353D5E87505D63FD5D6E.e.4008","ELEMENT":"f.8AFBB3AC1A82BF87553E3B2FEF1B5657.d.8C1C2165FC6C353D5E87505D63FD5D6E.e.4008"}]}
COMMAND: GET /session/aedcc668f48e21658cbc6750609d6355/element/f.8AFBB3AC1A82BF87553E3B2FEF1B5657.d.8C1C2165FC6C353D5E87505D63FD5D6E.e.4008/enabled - {}
COMMAND: GET /session/aedcc668f48e21658cbc6750609d6355/screenshot - {}
RESULT: {}
COMMAND: POST /session/aedcc668f48e21658cbc6750609d6355/execute/sync - {"script":"<script> [8489 bytes]","args":[{"element-6066-11e4-a52e-4f735466cecf":"f.8AFBB3AC1A82BF87553E3B2FEF1B5657.d.8C1C2165FC6C353D5E87505D63FD5D6E.e.4008","ELEMENT":"f.8AFBB3AC1A82BF87553E3B2FEF1B5657.d.8C1C2165FC6C353D5E87505D63FD5D6E.e.4008"}]}
COMMAND: GET /session/aedcc668f48e21658cbc6750609d6355/screenshot - {}
RESULT: {}
RESULT: {"script":"<script> [8489 bytes]","args":[{"element-6066-11e4-a52e-4f735466cecf":"f.8AFBB3AC1A82BF87553E3B2FEF1B5657.d.8C1C2165FC6C353D5E87505D63FD5D6E.e.4008","ELEMENT":"f.8AFBB3AC1A82BF87553E3B2FEF1B5657.d.8C1C2165FC6C353D5E87505D63FD5D6E.e.4008"}]}
COMMAND: POST /session/aedcc668f48e21658cbc6750609d6355/execute/sync - {"script":"<script> [5351 bytes]","args":[{"element-6066-11e4-a52e-4f735466cecf":"f.8AFBB3AC1A82BF87553E3B2FEF1B5657.d.8C1C2165FC6C353D5E87505D63FD5D6E.e.4008","ELEMENT":"f.8AFBB3AC1A82BF87553E3B2FEF1B5657.d.8C1C2165FC6C353D5E87505D63FD5D6E.e.4008"}]}
COMMAND: GET /session/aedcc668f48e21658cbc6750609d6355/screenshot - {}
RESULT: {}
RESULT: {"script":"<script> [5351 bytes]","args":[{"element-6066-11e4-a52e-4f735466cecf":"f.8AFBB3AC1A82BF87553E3B2FEF1B5657.d.8C1C2165FC6C353D5E87505D63FD5D6E.e.4008","ELEMENT":"f.8AFBB3AC1A82BF87553E3B2FEF1B5657.d.8C1C2165FC6C353D5E87505D63FD5D6E.e.4008"}]}
COMMAND: GET /session/aedcc668f48e21658cbc6750609d6355/screenshot - {}
RESULT: {}
RESULT: {}
COMMAND: POST /session/aedcc668f48e21658cbc6750609d6355/execute/async - {"script":"<script> [1562 bytes]","args":[{"selector":{"id":"application-managepartners-display-component---masterPtm--smartFilterBar-btnBasicSearch","interaction":{"idSuffix":"I"}},"wdio_ui5_key":"applicationmanagepartners-display-component---masterPtm--smartFilterBar-btnBasicSearch"}]}
RESULT: {"script":"<script> [1562 bytes]","args":[{"selector":{"id":"application-managepartners-display-component---masterPtm--smartFilterBar-btnBasicSearch","interaction":{"idSuffix":"I"}},"wdio_ui5_key":"applicationmanagepartners-display-component---masterPtm--smartFilterBar-btnBasicSearch"}]}
RESULT: undefined
COMMAND: POST /session/aedcc668f48e21658cbc6750609d6355/execute/async - {"script":"<script> [776 bytes]","args":[{"enterText":"1517","selector":{"id":"application-managepartners-display-component---masterPtm--smartFilterBar-btnBasicSearch","interaction":{"idSuffix":"I"}},"clearTextFirst":true,"interactionType":"ENTER_TEXT"}]}
RESULT: {"script":"<script> [776 bytes]","args":[{"enterText":"1517","selector":{"id":"application-managepartners-display-component---masterPtm--smartFilterBar-btnBasicSearch","interaction":{"idSuffix":"I"}},"clearTextFirst":true,"interactionType":"ENTER_TEXT"}]}
COMMAND: POST /session/aedcc668f48e21658cbc6750609d6355/actions - {"actions":[{"id":"action11","type":"key","parameters":{},"actions":[{"type":"keyDown","value":"î€‡"},{"type":"pause","duration":10},{"type":"keyUp","value":"î€‡"}]}]}
RESULT: {"actions":[{"id":"action11","type":"key","parameters":{},"actions":[{"type":"keyDown","value":"î€‡"},{"type":"pause","duration":10},{"type":"keyUp","value":"î€‡"}]}]}
COMMAND: GET /session/aedcc668f48e21658cbc6750609d6355/screenshot - {}
RESULT: {}
COMMAND: POST /session/aedcc668f48e21658cbc6750609d6355/elements - {"using":"xpath","value":"//table[contains(@id, \"customPartnersTable-listUl\")]/tbody/tr"}
RESULT: {"using":"xpath","value":"//table[contains(@id, \"customPartnersTable-listUl\")]/tbody/tr"}
COMMAND: POST /session/aedcc668f48e21658cbc6750609d6355/element - {"using":"xpath","value":"//table[contains(@id, \"customPartnersTable-listUl\")]/tbody/tr[1]/td[3]/span"}
RESULT: {"using":"xpath","value":"//table[contains(@id, \"customPartnersTable-listUl\")]/tbody/tr[1]/td[3]/span"}
COMMAND: POST /session/aedcc668f48e21658cbc6750609d6355/elements - {"using":"xpath","value":"//table[contains(@id, \"customPartnersTable-listUl\")]/tbody/tr[1]/td[3]/span"}
RESULT: {"using":"xpath","value":"//table[contains(@id, \"customPartnersTable-listUl\")]/tbody/tr[1]/td[3]/span"}
COMMAND: POST /session/aedcc668f48e21658cbc6750609d6355/execute/sync - {"script":"<script> [56 bytes]","args":[{"element-6066-11e4-a52e-4f735466cecf":"f.8AFBB3AC1A82BF87553E3B2FEF1B5657.d.8C1C2165FC6C353D5E87505D63FD5D6E.e.4144","ELEMENT":"f.8AFBB3AC1A82BF87553E3B2FEF1B5657.d.8C1C2165FC6C353D5E87505D63FD5D6E.e.4144"}]}
RESULT: {"script":"<script> [56 bytes]","args":[{"element-6066-11e4-a52e-4f735466cecf":"f.8AFBB3AC1A82BF87553E3B2FEF1B5657.d.8C1C2165FC6C353D5E87505D63FD5D6E.e.4144","ELEMENT":"f.8AFBB3AC1A82BF87553E3B2FEF1B5657.d.8C1C2165FC6C353D5E87505D63FD5D6E.e.4144"}]}
COMMAND: POST /session/aedcc668f48e21658cbc6750609d6355/element - {"using":"xpath","value":"(//span[contains(@id, \"imgNav\")])[1]"}
COMMAND: GET /session/aedcc668f48e21658cbc6750609d6355/screenshot - {}
RESULT: {"using":"xpath","value":"(//span[contains(@id, \"imgNav\")])[1]"}
COMMAND: POST /session/aedcc668f48e21658cbc6750609d6355/element/f.8AFBB3AC1A82BF87553E3B2FEF1B5657.d.8C1C2165FC6C353D5E87505D63FD5D6E.e.4142/click - {}
RESULT: {}
RESULT: {}
COMMAND: GET /session/aedcc668f48e21658cbc6750609d6355/screenshot - {}
RESULT: {}
COMMAND: POST /session/aedcc668f48e21658cbc6750609d6355/element - {"using":"xpath","value":"//bdi[contains(text(), \"Edit\")]"}
RESULT: {"using":"xpath","value":"//bdi[contains(text(), \"Edit\")]"}
COMMAND: POST /session/aedcc668f48e21658cbc6750609d6355/element/f.8AFBB3AC1A82BF87553E3B2FEF1B5657.d.8C1C2165FC6C353D5E87505D63FD5D6E.e.4289/click - {}
RESULT: {}
COMMAND: GET /session/aedcc668f48e21658cbc6750609d6355/screenshot - {}
RESULT: {}
COMMAND: POST /session/aedcc668f48e21658cbc6750609d6355/execute/async - {"script":"<script> [1562 bytes]","args":[{"selector":{"controlType":"sap.m.Input","viewName":"etm.portal.ui.managepartners.view.EditDetail","labelFor":{"text":"Name"},"interaction":{"idSuffix":"inner"}},"wdio_ui5_key":"etmportal.ui.managepartners.view.EditDetailsap.m.Input{\"text\":\"Name\"}"}]}
RESULT: {"script":"<script> [1562 bytes]","args":[{"selector":{"controlType":"sap.m.Input","viewName":"etm.portal.ui.managepartners.view.EditDetail","labelFor":{"text":"Name"},"interaction":{"idSuffix":"inner"}},"wdio_ui5_key":"etmportal.ui.managepartners.view.EditDetailsap.m.Input{\"text\":\"Name\"}"}]}
RESULT: undefined
COMMAND: POST /session/aedcc668f48e21658cbc6750609d6355/execute/async - {"script":"<script> [776 bytes]","args":[{"enterText":"Intercompany EDIT","selector":{"controlType":"sap.m.Input","viewName":"etm.portal.ui.managepartners.view.EditDetail","labelFor":{"text":"Name"},"interaction":{"idSuffix":"inner"}},"clearTextFirst":true,"interactionType":"ENTER_TEXT"}]}
RESULT: {"script":"<script> [776 bytes]","args":[{"enterText":"Intercompany EDIT","selector":{"controlType":"sap.m.Input","viewName":"etm.portal.ui.managepartners.view.EditDetail","labelFor":{"text":"Name"},"interaction":{"idSuffix":"inner"}},"clearTextFirst":true,"interactionType":"ENTER_TEXT"}]}
COMMAND: POST /session/aedcc668f48e21658cbc6750609d6355/element - {"using":"xpath","value":"(//span[contains(@id,\"addressDetailDetailsLanguage-arrow\")])[1]"}
RESULT: {"using":"xpath","value":"(//span[contains(@id,\"addressDetailDetailsLanguage-arrow\")])[1]"}
COMMAND: POST /session/aedcc668f48e21658cbc6750609d6355/element/f.8AFBB3AC1A82BF87553E3B2FEF1B5657.d.8C1C2165FC6C353D5E87505D63FD5D6E.e.4374/click - {}
RESULT: {}
COMMAND: POST /session/aedcc668f48e21658cbc6750609d6355/element - {"using":"xpath","value":"//span[contains(text(), \"Chinese\")]"}
COMMAND: GET /session/aedcc668f48e21658cbc6750609d6355/screenshot - {}
RESULT: {"using":"xpath","value":"//span[contains(text(), \"Chinese\")]"}
COMMAND: POST /session/aedcc668f48e21658cbc6750609d6355/element/f.8AFBB3AC1A82BF87553E3B2FEF1B5657.d.8C1C2165FC6C353D5E87505D63FD5D6E.e.4375/click - {}
RESULT: {}
RESULT: {}
COMMAND: GET /session/aedcc668f48e21658cbc6750609d6355/screenshot - {}
RESULT: {}
COMMAND: POST /session/aedcc668f48e21658cbc6750609d6355/execute/async - {"script":"<script> [1562 bytes]","args":[{"selector":{"controlType":"sap.m.Input","viewName":"etm.portal.ui.managepartners.view.EditDetail","labelFor":{"text":"City"},"interaction":{"idSuffix":"inner"}},"wdio_ui5_key":"etmportal.ui.managepartners.view.EditDetailsap.m.Input{\"text\":\"City\"}"}]}
RESULT: {"script":"<script> [1562 bytes]","args":[{"selector":{"controlType":"sap.m.Input","viewName":"etm.portal.ui.managepartners.view.EditDetail","labelFor":{"text":"City"},"interaction":{"idSuffix":"inner"}},"wdio_ui5_key":"etmportal.ui.managepartners.view.EditDetailsap.m.Input{\"text\":\"City\"}"}]}
RESULT: undefined
COMMAND: POST /session/aedcc668f48e21658cbc6750609d6355/execute/async - {"script":"<script> [776 bytes]","args":[{"enterText":"Clooj-Napoca","selector":{"controlType":"sap.m.Input","viewName":"etm.portal.ui.managepartners.view.EditDetail","labelFor":{"text":"City"},"interaction":{"idSuffix":"inner"}},"clearTextFirst":true,"interactionType":"ENTER_TEXT"}]}
RESULT: {"script":"<script> [776 bytes]","args":[{"enterText":"Clooj-Napoca","selector":{"controlType":"sap.m.Input","viewName":"etm.portal.ui.managepartners.view.EditDetail","labelFor":{"text":"City"},"interaction":{"idSuffix":"inner"}},"clearTextFirst":true,"interactionType":"ENTER_TEXT"}]}
COMMAND: POST /session/aedcc668f48e21658cbc6750609d6355/element - {"using":"xpath","value":"//button[@data-kt=\"saveButton\"]"}
RESULT: {"using":"xpath","value":"//button[@data-kt=\"saveButton\"]"}
COMMAND: POST /session/aedcc668f48e21658cbc6750609d6355/element/f.8AFBB3AC1A82BF87553E3B2FEF1B5657.d.8C1C2165FC6C353D5E87505D63FD5D6E.e.4352/click - {}
RESULT: {}
COMMAND: GET /session/aedcc668f48e21658cbc6750609d6355/screenshot - {}
RESULT: {}
COMMAND: POST /session/aedcc668f48e21658cbc6750609d6355/execute/async - {"script":"<script> [1562 bytes]","args":[{"selector":{"id":"application-managepartners-display-component---detailPtm--addressDetailDetailsName1"},"wdio_ui5_key":"applicationmanagepartners-display-component---detailPtm--addressDetailDetailsName1"}]}
RESULT: {"script":"<script> [1562 bytes]","args":[{"selector":{"id":"application-managepartners-display-component---detailPtm--addressDetailDetailsName1"},"wdio_ui5_key":"applicationmanagepartners-display-component---detailPtm--addressDetailDetailsName1"}]}
RESULT: undefined
COMMAND: POST /session/aedcc668f48e21658cbc6750609d6355/execute/async - {"script":"<script> [6424 bytes]","args":[{"element-6066-11e4-a52e-4f735466cecf":"f.8AFBB3AC1A82BF87553E3B2FEF1B5657.d.8C1C2165FC6C353D5E87505D63FD5D6E.e.4406"},"getValue",[]]}
RESULT: {"script":"<script> [6424 bytes]","args":[{"element-6066-11e4-a52e-4f735466cecf":"f.8AFBB3AC1A82BF87553E3B2FEF1B5657.d.8C1C2165FC6C353D5E87505D63FD5D6E.e.4406"},"getValue",[]]}
COMMAND: POST /session/aedcc668f48e21658cbc6750609d6355/element - {"using":"xpath","value":"//input[@id = \"application-managepartners-display-component---detailPtm--addressDetailDetailsLanguage-inner\"]"}
RESULT: {"using":"xpath","value":"//input[@id = \"application-managepartners-display-component---detailPtm--addressDetailDetailsLanguage-inner\"]"}
COMMAND: GET /session/aedcc668f48e21658cbc6750609d6355/element/f.8AFBB3AC1A82BF87553E3B2FEF1B5657.d.8C1C2165FC6C353D5E87505D63FD5D6E.e.4407/property/value - {}
RESULT: {}
COMMAND: POST /session/aedcc668f48e21658cbc6750609d6355/execute/async - {"script":"<script> [1562 bytes]","args":[{"selector":{"id":"application-managepartners-display-component---detailPtm--addressDetailDetailsCity1"},"wdio_ui5_key":"applicationmanagepartners-display-component---detailPtm--addressDetailDetailsCity1"}]}
COMMAND: GET /session/aedcc668f48e21658cbc6750609d6355/screenshot - {}
RESULT: {"script":"<script> [1562 bytes]","args":[{"selector":{"id":"application-managepartners-display-component---detailPtm--addressDetailDetailsCity1"},"wdio_ui5_key":"applicationmanagepartners-display-component---detailPtm--addressDetailDetailsCity1"}]}
RESULT: undefined
COMMAND: POST /session/aedcc668f48e21658cbc6750609d6355/execute/async - {"script":"<script> [6424 bytes]","args":[{"element-6066-11e4-a52e-4f735466cecf":"f.8AFBB3AC1A82BF87553E3B2FEF1B5657.d.8C1C2165FC6C353D5E87505D63FD5D6E.e.4408"},"getValue",[]]}
RESULT: {}
RESULT: {"script":"<script> [6424 bytes]","args":[{"element-6066-11e4-a52e-4f735466cecf":"f.8AFBB3AC1A82BF87553E3B2FEF1B5657.d.8C1C2165FC6C353D5E87505D63FD5D6E.e.4408"},"getValue",[]]}
COMMAND: POST /session/aedcc668f48e21658cbc6750609d6355/element - {"using":"css selector","value":"#shell-header-logo"}
RESULT: {"using":"css selector","value":"#shell-header-logo"}
COMMAND: POST /session/aedcc668f48e21658cbc6750609d6355/element/f.8AFBB3AC1A82BF87553E3B2FEF1B5657.d.8C1C2165FC6C353D5E87505D63FD5D6E.e.3964/click - {}
RESULT: {}
COMMAND: GET /session/aedcc668f48e21658cbc6750609d6355/screenshot - {}
RESULT: {}
]]></system-out>
    </testcase>
    <testcase classname="chrome.135_0_7049_115.windows.Partner_specific_tests_US150819_US151080_US151654_US151176_US103444_US151078_US151079_US151109_US151174_US151175_US151189" name="Should create a new intracompany partner edit some of its fields US151079" time="228.711">
      <system-out><![CDATA[
COMMAND: POST /session/aedcc668f48e21658cbc6750609d6355/element - {"using":"xpath","value":"//li[.//span[text()=\"Manage Partners\"]]"}
RESULT: {"using":"xpath","value":"//li[.//span[text()=\"Manage Partners\"]]"}
COMMAND: POST /session/aedcc668f48e21658cbc6750609d6355/element - {"using":"xpath","value":"//li[.//span[text()=\"Manage Partners\"]]"}
RESULT: {"using":"xpath","value":"//li[.//span[text()=\"Manage Partners\"]]"}
COMMAND: POST /session/aedcc668f48e21658cbc6750609d6355/element - {"using":"css selector","value":"#shell-header-logo"}
RESULT: {"using":"css selector","value":"#shell-header-logo"}
COMMAND: POST /session/aedcc668f48e21658cbc6750609d6355/element/f.8AFBB3AC1A82BF87553E3B2FEF1B5657.d.8C1C2165FC6C353D5E87505D63FD5D6E.e.4438/click - {}
COMMAND: POST /session/aedcc668f48e21658cbc6750609d6355/execute/sync - {"script":"<script> [8489 bytes]","args":[{"element-6066-11e4-a52e-4f735466cecf":"f.8AFBB3AC1A82BF87553E3B2FEF1B5657.d.8C1C2165FC6C353D5E87505D63FD5D6E.e.4438","ELEMENT":"f.8AFBB3AC1A82BF87553E3B2FEF1B5657.d.8C1C2165FC6C353D5E87505D63FD5D6E.e.4438"}]}
RESULT: {"script":"<script> [8489 bytes]","args":[{"element-6066-11e4-a52e-4f735466cecf":"f.8AFBB3AC1A82BF87553E3B2FEF1B5657.d.8C1C2165FC6C353D5E87505D63FD5D6E.e.4438","ELEMENT":"f.8AFBB3AC1A82BF87553E3B2FEF1B5657.d.8C1C2165FC6C353D5E87505D63FD5D6E.e.4438"}]}
COMMAND: POST /session/aedcc668f48e21658cbc6750609d6355/execute/sync - {"script":"<script> [5351 bytes]","args":[{"element-6066-11e4-a52e-4f735466cecf":"f.8AFBB3AC1A82BF87553E3B2FEF1B5657.d.8C1C2165FC6C353D5E87505D63FD5D6E.e.4438","ELEMENT":"f.8AFBB3AC1A82BF87553E3B2FEF1B5657.d.8C1C2165FC6C353D5E87505D63FD5D6E.e.4438"}]}
COMMAND: GET /session/aedcc668f48e21658cbc6750609d6355/screenshot - {}
RESULT: {}
COMMAND: GET /session/aedcc668f48e21658cbc6750609d6355/screenshot - {}
RESULT: {"script":"<script> [5351 bytes]","args":[{"element-6066-11e4-a52e-4f735466cecf":"f.8AFBB3AC1A82BF87553E3B2FEF1B5657.d.8C1C2165FC6C353D5E87505D63FD5D6E.e.4438","ELEMENT":"f.8AFBB3AC1A82BF87553E3B2FEF1B5657.d.8C1C2165FC6C353D5E87505D63FD5D6E.e.4438"}]}
COMMAND: GET /session/aedcc668f48e21658cbc6750609d6355/screenshot - {}
RESULT: {}
RESULT: {}
RESULT: {}
COMMAND: POST /session/aedcc668f48e21658cbc6750609d6355/refresh - {}
RESULT: {}
COMMAND: GET /session/aedcc668f48e21658cbc6750609d6355/screenshot - {}
RESULT: {}
COMMAND: POST /session/aedcc668f48e21658cbc6750609d6355/refresh - {}
RESULT: {}
COMMAND: GET /session/aedcc668f48e21658cbc6750609d6355/screenshot - {}
RESULT: {}
COMMAND: POST /session/aedcc668f48e21658cbc6750609d6355/window/fullscreen - {}
RESULT: {}
COMMAND: POST /session/aedcc668f48e21658cbc6750609d6355/execute/async - {"script":"<script> [189 bytes]","args":[]}
RESULT: {"script":"<script> [189 bytes]","args":[]}
COMMAND: POST /session/aedcc668f48e21658cbc6750609d6355/execute/async - {"script":"<script> [123 bytes]","args":[]}
RESULT: {"script":"<script> [123 bytes]","args":[]}
COMMAND: POST /session/aedcc668f48e21658cbc6750609d6355/timeouts - {"script":"<number>"}
RESULT: {"script":"<number>"}
COMMAND: GET /session/aedcc668f48e21658cbc6750609d6355/timeouts - {}
RESULT: {}
RESULT: undefined
COMMAND: POST /session/aedcc668f48e21658cbc6750609d6355/execute/async - {"script":"<script> [2676 bytes]","args":[]}
RESULT: {"script":"<script> [2676 bytes]","args":[]}
COMMAND: POST /session/aedcc668f48e21658cbc6750609d6355/execute/async - {"script":"<script> [2342 bytes]","args":[{"protocol":"http","hostname":"0.0.0.0","path":"/","capabilities":{"browserName":"chrome","goog:chromeOptions":{"binary":"C:\\Program Files\\Google\\Chrome\\Application\\chrome.exe","args":["--start-maximized"]}},"logLevel":"warn","connectionRetryTimeout":120000,"connectionRetryCount":3,"logLevels":{},"enableDirectConnect":true,"strictSSL":true,"_":"65 more keys: [\"cacheDir\",\"port\",\"requestedCapabilities\",\"automationProtocol\",\"baseUrl\",\"waitforInterval\",\"waitforTimeout\",\"onReload\",\"beforeCommand\",\"afterCommand\",\"rootDir\",\"specs\",\"suites\",\"exclude\",\"groupLogsByTestSpec\",\"excludeDriverLogs\",\"bail\",\"framework\",\"reporters\",\"services\",\"maxInstances\",\"maxInstancesPerCapability\",\"injectGlobals\",\"filesToWatch\",\"execArgv\",\"runnerEnv\",\"runner\",\"shard\",\"specFileRetries\",\"specFileRetriesDelay\",\"specFileRetriesDeferred\",\"reporterSyncInterval\",\"reporterSyncTimeout\",\"cucumberFeaturesWithLineNumbers\",\"autoCompileOpts\",\"mochaOpts\",\"jasmineOpts\",\"cucumberOpts\",\"onPrepare\",\"onWorkerStart\",\"onWorkerEnd\",\"before\",\"beforeSession\",\"beforeSuite\",\"beforeHook\",\"beforeTest\",\"afterTest\",\"afterHook\",\"afterSuite\",\"afterSession\",\"after\",\"onComplete\",\"beforeAssertion\",\"afterAssertion\",\"beforeFeature\",\"beforeScenario\",\"beforeStep\",\"afterStep\",\"afterScenario\",\"afterFeature\",\"_\",\"suite\",\"$0\",\"ignoredWorkerServices\",\"wdi5\"]"}]}
RESULT: {"script":"<script> [2342 bytes]","args":[{"protocol":"http","hostname":"0.0.0.0","path":"/","capabilities":{"browserName":"chrome","goog:chromeOptions":{"binary":"C:\\Program Files\\Google\\Chrome\\Application\\chrome.exe","args":["--start-maximized"]}},"logLevel":"warn","connectionRetryTimeout":120000,"connectionRetryCount":3,"logLevels":{},"enableDirectConnect":true,"strictSSL":true,"_":"65 more keys: [\"cacheDir\",\"port\",\"requestedCapabilities\",\"automationProtocol\",\"baseUrl\",\"waitforInterval\",\"waitforTimeout\",\"onReload\",\"beforeCommand\",\"afterCommand\",\"rootDir\",\"specs\",\"suites\",\"exclude\",\"groupLogsByTestSpec\",\"excludeDriverLogs\",\"bail\",\"framework\",\"reporters\",\"services\",\"maxInstances\",\"maxInstancesPerCapability\",\"injectGlobals\",\"filesToWatch\",\"execArgv\",\"runnerEnv\",\"runner\",\"shard\",\"specFileRetries\",\"specFileRetriesDelay\",\"specFileRetriesDeferred\",\"reporterSyncInterval\",\"reporterSyncTimeout\",\"cucumberFeaturesWithLineNumbers\",\"autoCompileOpts\",\"mochaOpts\",\"jasmineOpts\",\"cucumberOpts\",\"onPrepare\",\"onWorkerStart\",\"onWorkerEnd\",\"before\",\"beforeSession\",\"beforeSuite\",\"beforeHook\",\"beforeTest\",\"afterTest\",\"afterHook\",\"afterSuite\",\"afterSession\",\"after\",\"onComplete\",\"beforeAssertion\",\"afterAssertion\",\"beforeFeature\",\"beforeScenario\",\"beforeStep\",\"afterStep\",\"afterScenario\",\"afterFeature\",\"_\",\"suite\",\"$0\",\"ignoredWorkerServices\",\"wdi5\"]"}]}
COMMAND: POST /session/aedcc668f48e21658cbc6750609d6355/execute/async - {"script":"<script> [21126 bytes]","args":[35000]}
RESULT: {"script":"<script> [21126 bytes]","args":[35000]}
COMMAND: POST /session/aedcc668f48e21658cbc6750609d6355/window/fullscreen - {}
RESULT: {}
COMMAND: POST /session/aedcc668f48e21658cbc6750609d6355/window/fullscreen - {}
RESULT: {}
COMMAND: POST /session/aedcc668f48e21658cbc6750609d6355/execute/async - {"script":"<script> [1562 bytes]","args":[{"selector":{"controlType":"sap.m.GenericTile","properties":{"header":"Manage Partners"}},"wdio_ui5_key":"sapm.GenericTile{\"header\":\"Manage Partners\"}"}]}
RESULT: {"script":"<script> [1562 bytes]","args":[{"selector":{"controlType":"sap.m.GenericTile","properties":{"header":"Manage Partners"}},"wdio_ui5_key":"sapm.GenericTile{\"header\":\"Manage Partners\"}"}]}
RESULT: undefined
COMMAND: POST /session/aedcc668f48e21658cbc6750609d6355/element - {"using":"xpath","value":"//*[@id=\"__tile30\"]"}
RESULT: {"using":"xpath","value":"//*[@id=\"__tile30\"]"}
COMMAND: POST /session/aedcc668f48e21658cbc6750609d6355/element/f.8AFBB3AC1A82BF87553E3B2FEF1B5657.d.CD88E4A659EEFDF6D2CE3E24ADE21BFA.e.4504/click - {}
RESULT: {}
COMMAND: POST /session/aedcc668f48e21658cbc6750609d6355/element - {"using":"xpath","value":"//button[@data-kt=\"addButton\"]"}
COMMAND: GET /session/aedcc668f48e21658cbc6750609d6355/screenshot - {}
RESULT: {"using":"xpath","value":"//button[@data-kt=\"addButton\"]"}
COMMAND: POST /session/aedcc668f48e21658cbc6750609d6355/elements - {"using":"xpath","value":"//button[@data-kt=\"addButton\"]"}
RESULT: {}
RESULT: {"using":"xpath","value":"//button[@data-kt=\"addButton\"]"}
COMMAND: POST /session/aedcc668f48e21658cbc6750609d6355/elements - {"using":"xpath","value":"//button[@data-kt=\"addButton\"]"}
RESULT: {"using":"xpath","value":"//button[@data-kt=\"addButton\"]"}
COMMAND: POST /session/aedcc668f48e21658cbc6750609d6355/elements - {"using":"xpath","value":"//button[@data-kt=\"addButton\"]"}
RESULT: {"using":"xpath","value":"//button[@data-kt=\"addButton\"]"}
COMMAND: POST /session/aedcc668f48e21658cbc6750609d6355/elements - {"using":"xpath","value":"//button[@data-kt=\"addButton\"]"}
RESULT: {"using":"xpath","value":"//button[@data-kt=\"addButton\"]"}
COMMAND: POST /session/aedcc668f48e21658cbc6750609d6355/elements - {"using":"xpath","value":"//button[@data-kt=\"addButton\"]"}
RESULT: {"using":"xpath","value":"//button[@data-kt=\"addButton\"]"}
COMMAND: POST /session/aedcc668f48e21658cbc6750609d6355/elements - {"using":"xpath","value":"//button[@data-kt=\"addButton\"]"}
RESULT: {"using":"xpath","value":"//button[@data-kt=\"addButton\"]"}
COMMAND: POST /session/aedcc668f48e21658cbc6750609d6355/elements - {"using":"xpath","value":"//button[@data-kt=\"addButton\"]"}
RESULT: {"using":"xpath","value":"//button[@data-kt=\"addButton\"]"}
COMMAND: POST /session/aedcc668f48e21658cbc6750609d6355/elements - {"using":"xpath","value":"//button[@data-kt=\"addButton\"]"}
RESULT: {"using":"xpath","value":"//button[@data-kt=\"addButton\"]"}
COMMAND: POST /session/aedcc668f48e21658cbc6750609d6355/elements - {"using":"xpath","value":"//button[@data-kt=\"addButton\"]"}
RESULT: {"using":"xpath","value":"//button[@data-kt=\"addButton\"]"}
COMMAND: POST /session/aedcc668f48e21658cbc6750609d6355/elements - {"using":"xpath","value":"//button[@data-kt=\"addButton\"]"}
RESULT: {"using":"xpath","value":"//button[@data-kt=\"addButton\"]"}
COMMAND: POST /session/aedcc668f48e21658cbc6750609d6355/elements - {"using":"xpath","value":"//button[@data-kt=\"addButton\"]"}
RESULT: {"using":"xpath","value":"//button[@data-kt=\"addButton\"]"}
COMMAND: POST /session/aedcc668f48e21658cbc6750609d6355/elements - {"using":"xpath","value":"//button[@data-kt=\"addButton\"]"}
RESULT: {"using":"xpath","value":"//button[@data-kt=\"addButton\"]"}
COMMAND: POST /session/aedcc668f48e21658cbc6750609d6355/elements - {"using":"xpath","value":"//button[@data-kt=\"addButton\"]"}
RESULT: {"using":"xpath","value":"//button[@data-kt=\"addButton\"]"}
COMMAND: POST /session/aedcc668f48e21658cbc6750609d6355/elements - {"using":"xpath","value":"//button[@data-kt=\"addButton\"]"}
RESULT: {"using":"xpath","value":"//button[@data-kt=\"addButton\"]"}
COMMAND: POST /session/aedcc668f48e21658cbc6750609d6355/elements - {"using":"xpath","value":"//button[@data-kt=\"addButton\"]"}
RESULT: {"using":"xpath","value":"//button[@data-kt=\"addButton\"]"}
COMMAND: POST /session/aedcc668f48e21658cbc6750609d6355/elements - {"using":"xpath","value":"//button[@data-kt=\"addButton\"]"}
RESULT: {"using":"xpath","value":"//button[@data-kt=\"addButton\"]"}
COMMAND: POST /session/aedcc668f48e21658cbc6750609d6355/elements - {"using":"xpath","value":"//button[@data-kt=\"addButton\"]"}
RESULT: {"using":"xpath","value":"//button[@data-kt=\"addButton\"]"}
COMMAND: POST /session/aedcc668f48e21658cbc6750609d6355/elements - {"using":"xpath","value":"//button[@data-kt=\"addButton\"]"}
RESULT: {"using":"xpath","value":"//button[@data-kt=\"addButton\"]"}
COMMAND: POST /session/aedcc668f48e21658cbc6750609d6355/elements - {"using":"xpath","value":"//button[@data-kt=\"addButton\"]"}
RESULT: {"using":"xpath","value":"//button[@data-kt=\"addButton\"]"}
COMMAND: POST /session/aedcc668f48e21658cbc6750609d6355/elements - {"using":"xpath","value":"//button[@data-kt=\"addButton\"]"}
RESULT: {"using":"xpath","value":"//button[@data-kt=\"addButton\"]"}
COMMAND: POST /session/aedcc668f48e21658cbc6750609d6355/elements - {"using":"xpath","value":"//button[@data-kt=\"addButton\"]"}
RESULT: {"using":"xpath","value":"//button[@data-kt=\"addButton\"]"}
COMMAND: POST /session/aedcc668f48e21658cbc6750609d6355/elements - {"using":"xpath","value":"//button[@data-kt=\"addButton\"]"}
RESULT: {"using":"xpath","value":"//button[@data-kt=\"addButton\"]"}
COMMAND: POST /session/aedcc668f48e21658cbc6750609d6355/elements - {"using":"xpath","value":"//button[@data-kt=\"addButton\"]"}
RESULT: {"using":"xpath","value":"//button[@data-kt=\"addButton\"]"}
COMMAND: POST /session/aedcc668f48e21658cbc6750609d6355/elements - {"using":"xpath","value":"//button[@data-kt=\"addButton\"]"}
RESULT: {"using":"xpath","value":"//button[@data-kt=\"addButton\"]"}
COMMAND: POST /session/aedcc668f48e21658cbc6750609d6355/elements - {"using":"xpath","value":"//button[@data-kt=\"addButton\"]"}
RESULT: {"using":"xpath","value":"//button[@data-kt=\"addButton\"]"}
COMMAND: POST /session/aedcc668f48e21658cbc6750609d6355/elements - {"using":"xpath","value":"//button[@data-kt=\"addButton\"]"}
RESULT: {"using":"xpath","value":"//button[@data-kt=\"addButton\"]"}
COMMAND: POST /session/aedcc668f48e21658cbc6750609d6355/elements - {"using":"xpath","value":"//button[@data-kt=\"addButton\"]"}
RESULT: {"using":"xpath","value":"//button[@data-kt=\"addButton\"]"}
COMMAND: POST /session/aedcc668f48e21658cbc6750609d6355/elements - {"using":"xpath","value":"//button[@data-kt=\"addButton\"]"}
RESULT: {"using":"xpath","value":"//button[@data-kt=\"addButton\"]"}
COMMAND: POST /session/aedcc668f48e21658cbc6750609d6355/elements - {"using":"xpath","value":"//button[@data-kt=\"addButton\"]"}
RESULT: {"using":"xpath","value":"//button[@data-kt=\"addButton\"]"}
COMMAND: POST /session/aedcc668f48e21658cbc6750609d6355/elements - {"using":"xpath","value":"//button[@data-kt=\"addButton\"]"}
RESULT: {"using":"xpath","value":"//button[@data-kt=\"addButton\"]"}
COMMAND: POST /session/aedcc668f48e21658cbc6750609d6355/elements - {"using":"xpath","value":"//button[@data-kt=\"addButton\"]"}
RESULT: {"using":"xpath","value":"//button[@data-kt=\"addButton\"]"}
COMMAND: POST /session/aedcc668f48e21658cbc6750609d6355/elements - {"using":"xpath","value":"//button[@data-kt=\"addButton\"]"}
RESULT: {"using":"xpath","value":"//button[@data-kt=\"addButton\"]"}
COMMAND: POST /session/aedcc668f48e21658cbc6750609d6355/elements - {"using":"xpath","value":"//button[@data-kt=\"addButton\"]"}
RESULT: {"using":"xpath","value":"//button[@data-kt=\"addButton\"]"}
COMMAND: POST /session/aedcc668f48e21658cbc6750609d6355/elements - {"using":"xpath","value":"//button[@data-kt=\"addButton\"]"}
RESULT: {"using":"xpath","value":"//button[@data-kt=\"addButton\"]"}
COMMAND: POST /session/aedcc668f48e21658cbc6750609d6355/elements - {"using":"xpath","value":"//button[@data-kt=\"addButton\"]"}
RESULT: {"using":"xpath","value":"//button[@data-kt=\"addButton\"]"}
COMMAND: POST /session/aedcc668f48e21658cbc6750609d6355/elements - {"using":"xpath","value":"//button[@data-kt=\"addButton\"]"}
RESULT: {"using":"xpath","value":"//button[@data-kt=\"addButton\"]"}
COMMAND: POST /session/aedcc668f48e21658cbc6750609d6355/elements - {"using":"xpath","value":"//button[@data-kt=\"addButton\"]"}
RESULT: {"using":"xpath","value":"//button[@data-kt=\"addButton\"]"}
COMMAND: POST /session/aedcc668f48e21658cbc6750609d6355/element - {"using":"xpath","value":"//button[@data-kt=\"addButton\"]"}
RESULT: {"using":"xpath","value":"//button[@data-kt=\"addButton\"]"}
COMMAND: POST /session/aedcc668f48e21658cbc6750609d6355/execute/sync - {"script":"<script> [8489 bytes]","args":[{"element-6066-11e4-a52e-4f735466cecf":"f.8AFBB3AC1A82BF87553E3B2FEF1B5657.d.CD88E4A659EEFDF6D2CE3E24ADE21BFA.e.4619","ELEMENT":"f.8AFBB3AC1A82BF87553E3B2FEF1B5657.d.CD88E4A659EEFDF6D2CE3E24ADE21BFA.e.4619"}]}
RESULT: {"script":"<script> [8489 bytes]","args":[{"element-6066-11e4-a52e-4f735466cecf":"f.8AFBB3AC1A82BF87553E3B2FEF1B5657.d.CD88E4A659EEFDF6D2CE3E24ADE21BFA.e.4619","ELEMENT":"f.8AFBB3AC1A82BF87553E3B2FEF1B5657.d.CD88E4A659EEFDF6D2CE3E24ADE21BFA.e.4619"}]}
COMMAND: GET /session/aedcc668f48e21658cbc6750609d6355/element/f.8AFBB3AC1A82BF87553E3B2FEF1B5657.d.CD88E4A659EEFDF6D2CE3E24ADE21BFA.e.4619/enabled - {}
COMMAND: GET /session/aedcc668f48e21658cbc6750609d6355/screenshot - {}
RESULT: {}
COMMAND: POST /session/aedcc668f48e21658cbc6750609d6355/execute/sync - {"script":"<script> [8489 bytes]","args":[{"element-6066-11e4-a52e-4f735466cecf":"f.8AFBB3AC1A82BF87553E3B2FEF1B5657.d.CD88E4A659EEFDF6D2CE3E24ADE21BFA.e.4619","ELEMENT":"f.8AFBB3AC1A82BF87553E3B2FEF1B5657.d.CD88E4A659EEFDF6D2CE3E24ADE21BFA.e.4619"}]}
COMMAND: GET /session/aedcc668f48e21658cbc6750609d6355/screenshot - {}
RESULT: {}
RESULT: {"script":"<script> [8489 bytes]","args":[{"element-6066-11e4-a52e-4f735466cecf":"f.8AFBB3AC1A82BF87553E3B2FEF1B5657.d.CD88E4A659EEFDF6D2CE3E24ADE21BFA.e.4619","ELEMENT":"f.8AFBB3AC1A82BF87553E3B2FEF1B5657.d.CD88E4A659EEFDF6D2CE3E24ADE21BFA.e.4619"}]}
COMMAND: POST /session/aedcc668f48e21658cbc6750609d6355/execute/sync - {"script":"<script> [5351 bytes]","args":[{"element-6066-11e4-a52e-4f735466cecf":"f.8AFBB3AC1A82BF87553E3B2FEF1B5657.d.CD88E4A659EEFDF6D2CE3E24ADE21BFA.e.4619","ELEMENT":"f.8AFBB3AC1A82BF87553E3B2FEF1B5657.d.CD88E4A659EEFDF6D2CE3E24ADE21BFA.e.4619"}]}
COMMAND: GET /session/aedcc668f48e21658cbc6750609d6355/screenshot - {}
RESULT: {}
RESULT: {"script":"<script> [5351 bytes]","args":[{"element-6066-11e4-a52e-4f735466cecf":"f.8AFBB3AC1A82BF87553E3B2FEF1B5657.d.CD88E4A659EEFDF6D2CE3E24ADE21BFA.e.4619","ELEMENT":"f.8AFBB3AC1A82BF87553E3B2FEF1B5657.d.CD88E4A659EEFDF6D2CE3E24ADE21BFA.e.4619"}]}
COMMAND: POST /session/aedcc668f48e21658cbc6750609d6355/element/f.8AFBB3AC1A82BF87553E3B2FEF1B5657.d.CD88E4A659EEFDF6D2CE3E24ADE21BFA.e.4619/click - {}
COMMAND: GET /session/aedcc668f48e21658cbc6750609d6355/screenshot - {}
RESULT: {}
RESULT: {}
COMMAND: GET /session/aedcc668f48e21658cbc6750609d6355/screenshot - {}
RESULT: {}
RESULT: {}
COMMAND: POST /session/aedcc668f48e21658cbc6750609d6355/execute/async - {"script":"<script> [1562 bytes]","args":[{"selector":{"id":"application-managepartners-display-component---NewPartner--addressDetailDetailsName1","interaction":{"idSuffix":"inner"}},"wdio_ui5_key":"applicationmanagepartners-display-component---NewPartner--addressDetailDetailsName1"}]}
RESULT: {"script":"<script> [1562 bytes]","args":[{"selector":{"id":"application-managepartners-display-component---NewPartner--addressDetailDetailsName1","interaction":{"idSuffix":"inner"}},"wdio_ui5_key":"applicationmanagepartners-display-component---NewPartner--addressDetailDetailsName1"}]}
RESULT: undefined
COMMAND: POST /session/aedcc668f48e21658cbc6750609d6355/execute/async - {"script":"<script> [776 bytes]","args":[{"enterText":"Intracompany Partner WDIO","selector":{"id":"application-managepartners-display-component---NewPartner--addressDetailDetailsName1","interaction":{"idSuffix":"inner"}},"clearTextFirst":true,"interactionType":"ENTER_TEXT"}]}
RESULT: {"script":"<script> [776 bytes]","args":[{"enterText":"Intracompany Partner WDIO","selector":{"id":"application-managepartners-display-component---NewPartner--addressDetailDetailsName1","interaction":{"idSuffix":"inner"}},"clearTextFirst":true,"interactionType":"ENTER_TEXT"}]}
COMMAND: POST /session/aedcc668f48e21658cbc6750609d6355/execute/async - {"script":"<script> [1562 bytes]","args":[{"selector":{"id":"application-managepartners-display-component---NewPartner--addressDetailDetailsLanguage-arrow"},"wdio_ui5_key":"applicationmanagepartners-display-component---NewPartner--addressDetailDetailsLanguage-arrow"}]}
RESULT: {"script":"<script> [1562 bytes]","args":[{"selector":{"id":"application-managepartners-display-component---NewPartner--addressDetailDetailsLanguage-arrow"},"wdio_ui5_key":"applicationmanagepartners-display-component---NewPartner--addressDetailDetailsLanguage-arrow"}]}
RESULT: undefined
COMMAND: POST /session/aedcc668f48e21658cbc6750609d6355/element - {"using":"xpath","value":"//*[@id=\"application-managepartners-display-component---NewPartner--addressDetailDetailsLanguage-arrow\"]"}
RESULT: {"using":"xpath","value":"//*[@id=\"application-managepartners-display-component---NewPartner--addressDetailDetailsLanguage-arrow\"]"}
COMMAND: POST /session/aedcc668f48e21658cbc6750609d6355/element/f.8AFBB3AC1A82BF87553E3B2FEF1B5657.d.CD88E4A659EEFDF6D2CE3E24ADE21BFA.e.5073/click - {}
RESULT: {}
COMMAND: POST /session/aedcc668f48e21658cbc6750609d6355/element - {"using":"xpath","value":"//span[contains(text(), \"English\")]"}
COMMAND: GET /session/aedcc668f48e21658cbc6750609d6355/screenshot - {}
RESULT: {"using":"xpath","value":"//span[contains(text(), \"English\")]"}
COMMAND: POST /session/aedcc668f48e21658cbc6750609d6355/element/f.8AFBB3AC1A82BF87553E3B2FEF1B5657.d.CD88E4A659EEFDF6D2CE3E24ADE21BFA.e.5074/click - {}
RESULT: {}
RESULT: {}
COMMAND: GET /session/aedcc668f48e21658cbc6750609d6355/screenshot - {}
RESULT: {}
COMMAND: POST /session/aedcc668f48e21658cbc6750609d6355/execute/async - {"script":"<script> [1562 bytes]","args":[{"selector":{"id":"application-managepartners-display-component---NewPartner--addressDetailDetailsCity1","interaction":{"idSuffix":"inner"}},"wdio_ui5_key":"applicationmanagepartners-display-component---NewPartner--addressDetailDetailsCity1"}]}
RESULT: {"script":"<script> [1562 bytes]","args":[{"selector":{"id":"application-managepartners-display-component---NewPartner--addressDetailDetailsCity1","interaction":{"idSuffix":"inner"}},"wdio_ui5_key":"applicationmanagepartners-display-component---NewPartner--addressDetailDetailsCity1"}]}
RESULT: undefined
COMMAND: POST /session/aedcc668f48e21658cbc6750609d6355/execute/async - {"script":"<script> [776 bytes]","args":[{"enterText":"Rosario","selector":{"id":"application-managepartners-display-component---NewPartner--addressDetailDetailsCity1","interaction":{"idSuffix":"inner"}},"clearTextFirst":true,"interactionType":"ENTER_TEXT"}]}
RESULT: {"script":"<script> [776 bytes]","args":[{"enterText":"Rosario","selector":{"id":"application-managepartners-display-component---NewPartner--addressDetailDetailsCity1","interaction":{"idSuffix":"inner"}},"clearTextFirst":true,"interactionType":"ENTER_TEXT"}]}
COMMAND: POST /session/aedcc668f48e21658cbc6750609d6355/execute/async - {"script":"<script> [1562 bytes]","args":[{"selector":{"id":"application-managepartners-display-component---NewPartner--addressDetailDetailsCountry-arrow"},"wdio_ui5_key":"applicationmanagepartners-display-component---NewPartner--addressDetailDetailsCountry-arrow"}]}
RESULT: {"script":"<script> [1562 bytes]","args":[{"selector":{"id":"application-managepartners-display-component---NewPartner--addressDetailDetailsCountry-arrow"},"wdio_ui5_key":"applicationmanagepartners-display-component---NewPartner--addressDetailDetailsCountry-arrow"}]}
RESULT: undefined
COMMAND: POST /session/aedcc668f48e21658cbc6750609d6355/element - {"using":"xpath","value":"//*[@id=\"application-managepartners-display-component---NewPartner--addressDetailDetailsCountry-arrow\"]"}
RESULT: {"using":"xpath","value":"//*[@id=\"application-managepartners-display-component---NewPartner--addressDetailDetailsCountry-arrow\"]"}
COMMAND: POST /session/aedcc668f48e21658cbc6750609d6355/element/f.8AFBB3AC1A82BF87553E3B2FEF1B5657.d.CD88E4A659EEFDF6D2CE3E24ADE21BFA.e.5060/click - {}
RESULT: {}
COMMAND: POST /session/aedcc668f48e21658cbc6750609d6355/element - {"using":"xpath","value":"//span[contains(text(), \"Argentina\")]"}
COMMAND: GET /session/aedcc668f48e21658cbc6750609d6355/screenshot - {}
RESULT: {"using":"xpath","value":"//span[contains(text(), \"Argentina\")]"}
COMMAND: POST /session/aedcc668f48e21658cbc6750609d6355/element/f.8AFBB3AC1A82BF87553E3B2FEF1B5657.d.CD88E4A659EEFDF6D2CE3E24ADE21BFA.e.5076/click - {}
RESULT: {}
RESULT: {}
COMMAND: GET /session/aedcc668f48e21658cbc6750609d6355/screenshot - {}
RESULT: {}
COMMAND: POST /session/aedcc668f48e21658cbc6750609d6355/element - {"using":"xpath","value":"//bdi[contains(text(), \"Commercial\")]"}
RESULT: {"using":"xpath","value":"//bdi[contains(text(), \"Commercial\")]"}
COMMAND: POST /session/aedcc668f48e21658cbc6750609d6355/element/f.8AFBB3AC1A82BF87553E3B2FEF1B5657.d.CD88E4A659EEFDF6D2CE3E24ADE21BFA.e.5077/click - {}
RESULT: {}
COMMAND: GET /session/aedcc668f48e21658cbc6750609d6355/screenshot - {}
RESULT: {}
COMMAND: POST /session/aedcc668f48e21658cbc6750609d6355/execute/async - {"script":"<script> [1562 bytes]","args":[{"selector":{"id":"application-managepartners-display-component---NewPartner--partnerDetailInternal-arrow"},"wdio_ui5_key":"applicationmanagepartners-display-component---NewPartner--partnerDetailInternal-arrow"}]}
RESULT: {"script":"<script> [1562 bytes]","args":[{"selector":{"id":"application-managepartners-display-component---NewPartner--partnerDetailInternal-arrow"},"wdio_ui5_key":"applicationmanagepartners-display-component---NewPartner--partnerDetailInternal-arrow"}]}
RESULT: undefined
COMMAND: POST /session/aedcc668f48e21658cbc6750609d6355/element - {"using":"xpath","value":"//*[@id=\"application-managepartners-display-component---NewPartner--partnerDetailInternal-arrow\"]"}
RESULT: {"using":"xpath","value":"//*[@id=\"application-managepartners-display-component---NewPartner--partnerDetailInternal-arrow\"]"}
COMMAND: POST /session/aedcc668f48e21658cbc6750609d6355/element/f.8AFBB3AC1A82BF87553E3B2FEF1B5657.d.CD88E4A659EEFDF6D2CE3E24ADE21BFA.e.5083/click - {}
RESULT: {}
COMMAND: POST /session/aedcc668f48e21658cbc6750609d6355/element - {"using":"xpath","value":"//span[contains(text(), \"Affiliated company\")]"}
COMMAND: GET /session/aedcc668f48e21658cbc6750609d6355/screenshot - {}
RESULT: {"using":"xpath","value":"//span[contains(text(), \"Affiliated company\")]"}
COMMAND: POST /session/aedcc668f48e21658cbc6750609d6355/element/f.8AFBB3AC1A82BF87553E3B2FEF1B5657.d.CD88E4A659EEFDF6D2CE3E24ADE21BFA.e.5084/click - {}
RESULT: {}
RESULT: {}
COMMAND: POST /session/aedcc668f48e21658cbc6750609d6355/execute/async - {"script":"<script> [1562 bytes]","args":[{"selector":{"id":"application-managepartners-display-component---NewPartner--partnerDetailsCurrency-arrow"},"wdio_ui5_key":"applicationmanagepartners-display-component---NewPartner--partnerDetailsCurrency-arrow"}]}
COMMAND: GET /session/aedcc668f48e21658cbc6750609d6355/screenshot - {}
RESULT: {"script":"<script> [1562 bytes]","args":[{"selector":{"id":"application-managepartners-display-component---NewPartner--partnerDetailsCurrency-arrow"},"wdio_ui5_key":"applicationmanagepartners-display-component---NewPartner--partnerDetailsCurrency-arrow"}]}
RESULT: undefined
COMMAND: POST /session/aedcc668f48e21658cbc6750609d6355/element - {"using":"xpath","value":"//*[@id=\"application-managepartners-display-component---NewPartner--partnerDetailsCurrency-arrow\"]"}
RESULT: {}
RESULT: {"using":"xpath","value":"//*[@id=\"application-managepartners-display-component---NewPartner--partnerDetailsCurrency-arrow\"]"}
COMMAND: POST /session/aedcc668f48e21658cbc6750609d6355/element/f.8AFBB3AC1A82BF87553E3B2FEF1B5657.d.CD88E4A659EEFDF6D2CE3E24ADE21BFA.e.5091/click - {}
RESULT: {}
COMMAND: POST /session/aedcc668f48e21658cbc6750609d6355/element - {"using":"xpath","value":"//span[contains(text(), \"Euro\")]"}
COMMAND: GET /session/aedcc668f48e21658cbc6750609d6355/screenshot - {}
RESULT: {"using":"xpath","value":"//span[contains(text(), \"Euro\")]"}
COMMAND: POST /session/aedcc668f48e21658cbc6750609d6355/element/f.8AFBB3AC1A82BF87553E3B2FEF1B5657.d.CD88E4A659EEFDF6D2CE3E24ADE21BFA.e.5092/click - {}
RESULT: {}
RESULT: {}
COMMAND: POST /session/aedcc668f48e21658cbc6750609d6355/execute/async - {"script":"<script> [1562 bytes]","args":[{"selector":{"id":"application-managepartners-display-component---NewPartner--addressEditDetailsCostObjectCstType-arrow"},"wdio_ui5_key":"applicationmanagepartners-display-component---NewPartner--addressEditDetailsCostObjectCstType-arrow"}]}
COMMAND: GET /session/aedcc668f48e21658cbc6750609d6355/screenshot - {}
RESULT: {"script":"<script> [1562 bytes]","args":[{"selector":{"id":"application-managepartners-display-component---NewPartner--addressEditDetailsCostObjectCstType-arrow"},"wdio_ui5_key":"applicationmanagepartners-display-component---NewPartner--addressEditDetailsCostObjectCstType-arrow"}]}
RESULT: undefined
COMMAND: POST /session/aedcc668f48e21658cbc6750609d6355/element - {"using":"xpath","value":"//*[@id=\"application-managepartners-display-component---NewPartner--addressEditDetailsCostObjectCstType-arrow\"]"}
RESULT: {}
RESULT: {"using":"xpath","value":"//*[@id=\"application-managepartners-display-component---NewPartner--addressEditDetailsCostObjectCstType-arrow\"]"}
COMMAND: POST /session/aedcc668f48e21658cbc6750609d6355/element/f.8AFBB3AC1A82BF87553E3B2FEF1B5657.d.CD88E4A659EEFDF6D2CE3E24ADE21BFA.e.5093/click - {}
RESULT: {}
COMMAND: POST /session/aedcc668f48e21658cbc6750609d6355/element - {"using":"xpath","value":"//span[contains(text(), \"Cost Center\")]"}
RESULT: {"using":"xpath","value":"//span[contains(text(), \"Cost Center\")]"}
COMMAND: POST /session/aedcc668f48e21658cbc6750609d6355/element/f.8AFBB3AC1A82BF87553E3B2FEF1B5657.d.CD88E4A659EEFDF6D2CE3E24ADE21BFA.e.5094/click - {}
COMMAND: GET /session/aedcc668f48e21658cbc6750609d6355/screenshot - {}
RESULT: {}
COMMAND: GET /session/aedcc668f48e21658cbc6750609d6355/screenshot - {}
RESULT: {}
RESULT: {}
COMMAND: POST /session/aedcc668f48e21658cbc6750609d6355/element - {"using":"xpath","value":"//span[@id=\"application-managepartners-display-component---NewPartner--addressNewCostObjectCstID-vhi\"]"}
RESULT: {"using":"xpath","value":"//span[@id=\"application-managepartners-display-component---NewPartner--addressNewCostObjectCstID-vhi\"]"}
COMMAND: POST /session/aedcc668f48e21658cbc6750609d6355/execute/sync - {"script":"<script> [8489 bytes]","args":[{"element-6066-11e4-a52e-4f735466cecf":"f.8AFBB3AC1A82BF87553E3B2FEF1B5657.d.CD88E4A659EEFDF6D2CE3E24ADE21BFA.e.5098","ELEMENT":"f.8AFBB3AC1A82BF87553E3B2FEF1B5657.d.CD88E4A659EEFDF6D2CE3E24ADE21BFA.e.5098"}]}
RESULT: {"script":"<script> [8489 bytes]","args":[{"element-6066-11e4-a52e-4f735466cecf":"f.8AFBB3AC1A82BF87553E3B2FEF1B5657.d.CD88E4A659EEFDF6D2CE3E24ADE21BFA.e.5098","ELEMENT":"f.8AFBB3AC1A82BF87553E3B2FEF1B5657.d.CD88E4A659EEFDF6D2CE3E24ADE21BFA.e.5098"}]}
COMMAND: POST /session/aedcc668f48e21658cbc6750609d6355/execute/async - {"script":"<script> [1562 bytes]","args":[{"selector":{"id":"application-managepartners-display-component---NewPartner--addressNewCostObjectCstID-vhi"},"wdio_ui5_key":"applicationmanagepartners-display-component---NewPartner--addressNewCostObjectCstID-vhi"}]}
COMMAND: GET /session/aedcc668f48e21658cbc6750609d6355/screenshot - {}
RESULT: {"script":"<script> [1562 bytes]","args":[{"selector":{"id":"application-managepartners-display-component---NewPartner--addressNewCostObjectCstID-vhi"},"wdio_ui5_key":"applicationmanagepartners-display-component---NewPartner--addressNewCostObjectCstID-vhi"}]}
RESULT: undefined
COMMAND: POST /session/aedcc668f48e21658cbc6750609d6355/element - {"using":"xpath","value":"//*[@id=\"application-managepartners-display-component---NewPartner--addressNewCostObjectCstID-vhi\"]"}
RESULT: {}
RESULT: {"using":"xpath","value":"//*[@id=\"application-managepartners-display-component---NewPartner--addressNewCostObjectCstID-vhi\"]"}
COMMAND: POST /session/aedcc668f48e21658cbc6750609d6355/element/f.8AFBB3AC1A82BF87553E3B2FEF1B5657.d.CD88E4A659EEFDF6D2CE3E24ADE21BFA.e.5098/click - {}
RESULT: {}
COMMAND: GET /session/aedcc668f48e21658cbc6750609d6355/screenshot - {}
RESULT: {}
COMMAND: POST /session/aedcc668f48e21658cbc6750609d6355/execute/async - {"script":"<script> [1562 bytes]","args":[{"selector":{"controlType":"sap.m.SearchField","properties":{"placeholder":"Search"},"searchOpenDialogs":true,"interaction":{"idSuffix":"I"}},"wdio_ui5_key":"sapm.SearchField{\"placeholder\":\"Search\"}"}]}
RESULT: {"script":"<script> [1562 bytes]","args":[{"selector":{"controlType":"sap.m.SearchField","properties":{"placeholder":"Search"},"searchOpenDialogs":true,"interaction":{"idSuffix":"I"}},"wdio_ui5_key":"sapm.SearchField{\"placeholder\":\"Search\"}"}]}
RESULT: undefined
COMMAND: POST /session/aedcc668f48e21658cbc6750609d6355/execute/async - {"script":"<script> [776 bytes]","args":[{"enterText":"10001013","selector":{"controlType":"sap.m.SearchField","properties":{"placeholder":"Search"},"searchOpenDialogs":true,"interaction":{"idSuffix":"I"}},"clearTextFirst":true,"interactionType":"ENTER_TEXT"}]}
RESULT: {"script":"<script> [776 bytes]","args":[{"enterText":"10001013","selector":{"controlType":"sap.m.SearchField","properties":{"placeholder":"Search"},"searchOpenDialogs":true,"interaction":{"idSuffix":"I"}},"clearTextFirst":true,"interactionType":"ENTER_TEXT"}]}
COMMAND: POST /session/aedcc668f48e21658cbc6750609d6355/actions - {"actions":[{"id":"action12","type":"key","parameters":{},"actions":[{"type":"keyDown","value":"î€‡"},{"type":"pause","duration":10},{"type":"keyUp","value":"î€‡"}]}]}
RESULT: {"actions":[{"id":"action12","type":"key","parameters":{},"actions":[{"type":"keyDown","value":"î€‡"},{"type":"pause","duration":10},{"type":"keyUp","value":"î€‡"}]}]}
COMMAND: GET /session/aedcc668f48e21658cbc6750609d6355/screenshot - {}
RESULT: {}
COMMAND: POST /session/aedcc668f48e21658cbc6750609d6355/element - {"using":"xpath","value":"//span[contains(text(), \"General Management\")]"}
RESULT: {"using":"xpath","value":"//span[contains(text(), \"General Management\")]"}
COMMAND: POST /session/aedcc668f48e21658cbc6750609d6355/element/f.8AFBB3AC1A82BF87553E3B2FEF1B5657.d.CD88E4A659EEFDF6D2CE3E24ADE21BFA.e.5139/click - {}
RESULT: {}
COMMAND: GET /session/aedcc668f48e21658cbc6750609d6355/screenshot - {}
RESULT: {}
COMMAND: POST /session/aedcc668f48e21658cbc6750609d6355/element - {"using":"xpath","value":"//bdi[contains(text(), \"OK\")]"}
RESULT: {"using":"xpath","value":"//bdi[contains(text(), \"OK\")]"}
COMMAND: POST /session/aedcc668f48e21658cbc6750609d6355/element/f.8AFBB3AC1A82BF87553E3B2FEF1B5657.d.CD88E4A659EEFDF6D2CE3E24ADE21BFA.e.5140/click - {}
RESULT: {}
COMMAND: GET /session/aedcc668f48e21658cbc6750609d6355/screenshot - {}
RESULT: {}
COMMAND: POST /session/aedcc668f48e21658cbc6750609d6355/element - {"using":"xpath","value":"//input[@id=\"application-managepartners-display-component---NewPartner--companyCodeComboBox-inner\"]"}
RESULT: {"using":"xpath","value":"//input[@id=\"application-managepartners-display-component---NewPartner--companyCodeComboBox-inner\"]"}
COMMAND: POST /session/aedcc668f48e21658cbc6750609d6355/element/f.8AFBB3AC1A82BF87553E3B2FEF1B5657.d.CD88E4A659EEFDF6D2CE3E24ADE21BFA.e.4932/clear - {}
RESULT: {}
COMMAND: POST /session/aedcc668f48e21658cbc6750609d6355/element/f.8AFBB3AC1A82BF87553E3B2FEF1B5657.d.CD88E4A659EEFDF6D2CE3E24ADE21BFA.e.4932/value - {"text":"1000"}
COMMAND: GET /session/aedcc668f48e21658cbc6750609d6355/screenshot - {}
RESULT: {"text":"1000"}
COMMAND: GET /session/aedcc668f48e21658cbc6750609d6355/screenshot - {}
RESULT: {}
RESULT: {}
COMMAND: POST /session/aedcc668f48e21658cbc6750609d6355/element - {"using":"xpath","value":"//li[.//span[text()= \"1000\"]]"}
RESULT: {"using":"xpath","value":"//li[.//span[text()= \"1000\"]]"}
COMMAND: POST /session/aedcc668f48e21658cbc6750609d6355/element/f.8AFBB3AC1A82BF87553E3B2FEF1B5657.d.CD88E4A659EEFDF6D2CE3E24ADE21BFA.e.5146/click - {}
RESULT: {}
COMMAND: GET /session/aedcc668f48e21658cbc6750609d6355/screenshot - {}
RESULT: {}
COMMAND: POST /session/aedcc668f48e21658cbc6750609d6355/execute/async - {"script":"<script> [1562 bytes]","args":[{"selector":{"id":"application-managepartners-display-component---NewPartner--btnAddTableRow-img"},"wdio_ui5_key":"applicationmanagepartners-display-component---NewPartner--btnAddTableRow-img"}]}
RESULT: {"script":"<script> [1562 bytes]","args":[{"selector":{"id":"application-managepartners-display-component---NewPartner--btnAddTableRow-img"},"wdio_ui5_key":"applicationmanagepartners-display-component---NewPartner--btnAddTableRow-img"}]}
RESULT: undefined
COMMAND: POST /session/aedcc668f48e21658cbc6750609d6355/element - {"using":"xpath","value":"//*[@id=\"application-managepartners-display-component---NewPartner--btnAddTableRow-img\"]"}
RESULT: {"using":"xpath","value":"//*[@id=\"application-managepartners-display-component---NewPartner--btnAddTableRow-img\"]"}
COMMAND: POST /session/aedcc668f48e21658cbc6750609d6355/element/f.8AFBB3AC1A82BF87553E3B2FEF1B5657.d.CD88E4A659EEFDF6D2CE3E24ADE21BFA.e.5147/click - {}
RESULT: {}
COMMAND: GET /session/aedcc668f48e21658cbc6750609d6355/screenshot - {}
RESULT: {}
COMMAND: POST /session/aedcc668f48e21658cbc6750609d6355/element - {"using":"xpath","value":"//input[@id=\"application-managepartners-display-component---NewPartner--assignmentYard-application-managepartners-display-component---NewPartner--assignmentsTable-0-inner\"]"}
RESULT: {"using":"xpath","value":"//input[@id=\"application-managepartners-display-component---NewPartner--assignmentYard-application-managepartners-display-component---NewPartner--assignmentsTable-0-inner\"]"}
COMMAND: POST /session/aedcc668f48e21658cbc6750609d6355/element/f.8AFBB3AC1A82BF87553E3B2FEF1B5657.d.CD88E4A659EEFDF6D2CE3E24ADE21BFA.e.5150/clear - {}
RESULT: {}
COMMAND: POST /session/aedcc668f48e21658cbc6750609d6355/element/f.8AFBB3AC1A82BF87553E3B2FEF1B5657.d.CD88E4A659EEFDF6D2CE3E24ADE21BFA.e.5150/value - {"text":"641"}
COMMAND: GET /session/aedcc668f48e21658cbc6750609d6355/screenshot - {}
RESULT: {}
RESULT: {"text":"641"}
COMMAND: GET /session/aedcc668f48e21658cbc6750609d6355/screenshot - {}
RESULT: {}
COMMAND: POST /session/aedcc668f48e21658cbc6750609d6355/element - {"using":"xpath","value":"//li[.//span[text()='641']]"}
RESULT: {"using":"xpath","value":"//li[.//span[text()='641']]"}
COMMAND: POST /session/aedcc668f48e21658cbc6750609d6355/element/f.8AFBB3AC1A82BF87553E3B2FEF1B5657.d.CD88E4A659EEFDF6D2CE3E24ADE21BFA.e.5159/click - {}
RESULT: {}
COMMAND: GET /session/aedcc668f48e21658cbc6750609d6355/screenshot - {}
RESULT: {}
COMMAND: POST /session/aedcc668f48e21658cbc6750609d6355/actions - {"actions":[{"id":"action13","type":"key","parameters":{},"actions":[{"type":"keyDown","value":"î€‡"},{"type":"pause","duration":10},{"type":"keyUp","value":"î€‡"}]}]}
RESULT: {"actions":[{"id":"action13","type":"key","parameters":{},"actions":[{"type":"keyDown","value":"î€‡"},{"type":"pause","duration":10},{"type":"keyUp","value":"î€‡"}]}]}
COMMAND: POST /session/aedcc668f48e21658cbc6750609d6355/execute/async - {"script":"<script> [1562 bytes]","args":[{"selector":{"id":"application-managepartners-display-component---NewPartner--externalCustomerComboBox-application-managepartners-display-component---NewPartner--assignmentsTable-0-vhi"},"wdio_ui5_key":"applicationmanagepartners-display-component---NewPartner--externalCustomerComboBox-application-managepartners-display-component---NewPartner--assignmentsTable-0-vhi"}]}
COMMAND: GET /session/aedcc668f48e21658cbc6750609d6355/screenshot - {}
RESULT: {"script":"<script> [1562 bytes]","args":[{"selector":{"id":"application-managepartners-display-component---NewPartner--externalCustomerComboBox-application-managepartners-display-component---NewPartner--assignmentsTable-0-vhi"},"wdio_ui5_key":"applicationmanagepartners-display-component---NewPartner--externalCustomerComboBox-application-managepartners-display-component---NewPartner--assignmentsTable-0-vhi"}]}
RESULT: undefined
COMMAND: POST /session/aedcc668f48e21658cbc6750609d6355/element - {"using":"xpath","value":"//*[@id=\"application-managepartners-display-component---NewPartner--externalCustomerComboBox-application-managepartners-display-component---NewPartner--assignmentsTable-0-vhi\"]"}
RESULT: {}
RESULT: {"using":"xpath","value":"//*[@id=\"application-managepartners-display-component---NewPartner--externalCustomerComboBox-application-managepartners-display-component---NewPartner--assignmentsTable-0-vhi\"]"}
COMMAND: POST /session/aedcc668f48e21658cbc6750609d6355/element/f.8AFBB3AC1A82BF87553E3B2FEF1B5657.d.CD88E4A659EEFDF6D2CE3E24ADE21BFA.e.5163/click - {}
RESULT: {}
RESULT: undefined
COMMAND: POST /session/aedcc668f48e21658cbc6750609d6355/execute/async - {"script":"<script> [776 bytes]","args":[{"enterText":"300003","selector":{"controlType":"sap.m.SearchField","properties":{"placeholder":"Search"},"searchOpenDialogs":true,"interaction":{"idSuffix":"I"}},"clearTextFirst":true,"interactionType":"ENTER_TEXT"}]}
COMMAND: GET /session/aedcc668f48e21658cbc6750609d6355/screenshot - {}
RESULT: {"script":"<script> [776 bytes]","args":[{"enterText":"300003","selector":{"controlType":"sap.m.SearchField","properties":{"placeholder":"Search"},"searchOpenDialogs":true,"interaction":{"idSuffix":"I"}},"clearTextFirst":true,"interactionType":"ENTER_TEXT"}]}
COMMAND: POST /session/aedcc668f48e21658cbc6750609d6355/actions - {"actions":[{"id":"action14","type":"key","parameters":{},"actions":[{"type":"keyDown","value":"î€‡"},{"type":"pause","duration":10},{"type":"keyUp","value":"î€‡"}]}]}
RESULT: {}
RESULT: {"actions":[{"id":"action14","type":"key","parameters":{},"actions":[{"type":"keyDown","value":"î€‡"},{"type":"pause","duration":10},{"type":"keyUp","value":"î€‡"}]}]}
COMMAND: GET /session/aedcc668f48e21658cbc6750609d6355/screenshot - {}
RESULT: {}
COMMAND: POST /session/aedcc668f48e21658cbc6750609d6355/element - {"using":"xpath","value":"//span[contains(text(), \"300003\")]"}
RESULT: {"using":"xpath","value":"//span[contains(text(), \"300003\")]"}
COMMAND: POST /session/aedcc668f48e21658cbc6750609d6355/element/f.8AFBB3AC1A82BF87553E3B2FEF1B5657.d.CD88E4A659EEFDF6D2CE3E24ADE21BFA.e.5181/click - {}
RESULT: {}
COMMAND: GET /session/aedcc668f48e21658cbc6750609d6355/screenshot - {}
RESULT: {}
COMMAND: POST /session/aedcc668f48e21658cbc6750609d6355/element - {"using":"xpath","value":"//bdi[contains(text(), \"OK\")]"}
RESULT: {"using":"xpath","value":"//bdi[contains(text(), \"OK\")]"}
COMMAND: POST /session/aedcc668f48e21658cbc6750609d6355/element/f.8AFBB3AC1A82BF87553E3B2FEF1B5657.d.CD88E4A659EEFDF6D2CE3E24ADE21BFA.e.5183/click - {}
RESULT: {}
COMMAND: GET /session/aedcc668f48e21658cbc6750609d6355/screenshot - {}
RESULT: {}
COMMAND: POST /session/aedcc668f48e21658cbc6750609d6355/execute/async - {"script":"<script> [1562 bytes]","args":[{"selector":{"id":"application-managepartners-display-component---NewPartner--intercompVendorComboBox-application-managepartners-display-component---NewPartner--assignmentsTable-0-vhi"},"wdio_ui5_key":"applicationmanagepartners-display-component---NewPartner--intercompVendorComboBox-application-managepartners-display-component---NewPartner--assignmentsTable-0-vhi"}]}
RESULT: {"script":"<script> [1562 bytes]","args":[{"selector":{"id":"application-managepartners-display-component---NewPartner--intercompVendorComboBox-application-managepartners-display-component---NewPartner--assignmentsTable-0-vhi"},"wdio_ui5_key":"applicationmanagepartners-display-component---NewPartner--intercompVendorComboBox-application-managepartners-display-component---NewPartner--assignmentsTable-0-vhi"}]}
RESULT: undefined
COMMAND: POST /session/aedcc668f48e21658cbc6750609d6355/element - {"using":"xpath","value":"//*[@id=\"application-managepartners-display-component---NewPartner--intercompVendorComboBox-application-managepartners-display-component---NewPartner--assignmentsTable-0-vhi\"]"}
RESULT: {"using":"xpath","value":"//*[@id=\"application-managepartners-display-component---NewPartner--intercompVendorComboBox-application-managepartners-display-component---NewPartner--assignmentsTable-0-vhi\"]"}
COMMAND: POST /session/aedcc668f48e21658cbc6750609d6355/element/f.8AFBB3AC1A82BF87553E3B2FEF1B5657.d.CD88E4A659EEFDF6D2CE3E24ADE21BFA.e.5186/click - {}
RESULT: {}
RESULT: undefined
COMMAND: POST /session/aedcc668f48e21658cbc6750609d6355/execute/async - {"script":"<script> [776 bytes]","args":[{"enterText":"100005","selector":{"controlType":"sap.m.SearchField","properties":{"placeholder":"Search"},"searchOpenDialogs":true,"interaction":{"idSuffix":"I"}},"clearTextFirst":true,"interactionType":"ENTER_TEXT"}]}
COMMAND: GET /session/aedcc668f48e21658cbc6750609d6355/screenshot - {}
RESULT: {"script":"<script> [776 bytes]","args":[{"enterText":"100005","selector":{"controlType":"sap.m.SearchField","properties":{"placeholder":"Search"},"searchOpenDialogs":true,"interaction":{"idSuffix":"I"}},"clearTextFirst":true,"interactionType":"ENTER_TEXT"}]}
COMMAND: POST /session/aedcc668f48e21658cbc6750609d6355/actions - {"actions":[{"id":"action15","type":"key","parameters":{},"actions":[{"type":"keyDown","value":"î€‡"},{"type":"pause","duration":10},{"type":"keyUp","value":"î€‡"}]}]}
RESULT: {}
RESULT: {"actions":[{"id":"action15","type":"key","parameters":{},"actions":[{"type":"keyDown","value":"î€‡"},{"type":"pause","duration":10},{"type":"keyUp","value":"î€‡"}]}]}
COMMAND: GET /session/aedcc668f48e21658cbc6750609d6355/screenshot - {}
RESULT: {}
COMMAND: POST /session/aedcc668f48e21658cbc6750609d6355/element - {"using":"xpath","value":"//span[contains(text(), \"Penguins - Field/12345 Berlin\")]"}
RESULT: {"using":"xpath","value":"//span[contains(text(), \"Penguins - Field/12345 Berlin\")]"}
COMMAND: POST /session/aedcc668f48e21658cbc6750609d6355/element/f.8AFBB3AC1A82BF87553E3B2FEF1B5657.d.CD88E4A659EEFDF6D2CE3E24ADE21BFA.e.5203/click - {}
RESULT: {}
COMMAND: GET /session/aedcc668f48e21658cbc6750609d6355/screenshot - {}
RESULT: {}
COMMAND: POST /session/aedcc668f48e21658cbc6750609d6355/element - {"using":"xpath","value":"//bdi[contains(text(), \"OK\")]"}
RESULT: {"using":"xpath","value":"//bdi[contains(text(), \"OK\")]"}
COMMAND: POST /session/aedcc668f48e21658cbc6750609d6355/element/f.8AFBB3AC1A82BF87553E3B2FEF1B5657.d.CD88E4A659EEFDF6D2CE3E24ADE21BFA.e.5204/click - {}
RESULT: {}
COMMAND: GET /session/aedcc668f48e21658cbc6750609d6355/screenshot - {}
RESULT: {}
COMMAND: POST /session/aedcc668f48e21658cbc6750609d6355/element - {"using":"xpath","value":"//button[@data-kt=\"saveButton\"]"}
RESULT: {"using":"xpath","value":"//button[@data-kt=\"saveButton\"]"}
COMMAND: POST /session/aedcc668f48e21658cbc6750609d6355/element/f.8AFBB3AC1A82BF87553E3B2FEF1B5657.d.CD88E4A659EEFDF6D2CE3E24ADE21BFA.e.5056/click - {}
RESULT: {}
COMMAND: GET /session/aedcc668f48e21658cbc6750609d6355/screenshot - {}
RESULT: {}
COMMAND: POST /session/aedcc668f48e21658cbc6750609d6355/element - {"using":"xpath","value":"//header[contains(@id, 'ObjectPageLayout-headerTitle')]/div[1]/div[2]/div[2]/span[1]"}
RESULT: {"using":"xpath","value":"//header[contains(@id, 'ObjectPageLayout-headerTitle')]/div[1]/div[2]/div[2]/span[1]"}
COMMAND: POST /session/aedcc668f48e21658cbc6750609d6355/elements - {"using":"xpath","value":"//header[contains(@id, 'ObjectPageLayout-headerTitle')]/div[1]/div[2]/div[2]/span[1]"}
RESULT: {"using":"xpath","value":"//header[contains(@id, 'ObjectPageLayout-headerTitle')]/div[1]/div[2]/div[2]/span[1]"}
COMMAND: POST /session/aedcc668f48e21658cbc6750609d6355/execute/sync - {"script":"<script> [56 bytes]","args":[{"element-6066-11e4-a52e-4f735466cecf":"f.8AFBB3AC1A82BF87553E3B2FEF1B5657.d.CD88E4A659EEFDF6D2CE3E24ADE21BFA.e.5368","ELEMENT":"f.8AFBB3AC1A82BF87553E3B2FEF1B5657.d.CD88E4A659EEFDF6D2CE3E24ADE21BFA.e.5368"}]}
RESULT: {"script":"<script> [56 bytes]","args":[{"element-6066-11e4-a52e-4f735466cecf":"f.8AFBB3AC1A82BF87553E3B2FEF1B5657.d.CD88E4A659EEFDF6D2CE3E24ADE21BFA.e.5368","ELEMENT":"f.8AFBB3AC1A82BF87553E3B2FEF1B5657.d.CD88E4A659EEFDF6D2CE3E24ADE21BFA.e.5368"}]}
COMMAND: POST /session/aedcc668f48e21658cbc6750609d6355/element - {"using":"css selector","value":"#shell-header-logo"}
COMMAND: GET /session/aedcc668f48e21658cbc6750609d6355/screenshot - {}
RESULT: {"using":"css selector","value":"#shell-header-logo"}
COMMAND: POST /session/aedcc668f48e21658cbc6750609d6355/element/f.8AFBB3AC1A82BF87553E3B2FEF1B5657.d.CD88E4A659EEFDF6D2CE3E24ADE21BFA.e.4584/click - {}
RESULT: {}
RESULT: {}
COMMAND: GET /session/aedcc668f48e21658cbc6750609d6355/screenshot - {}
RESULT: {}
COMMAND: POST /session/aedcc668f48e21658cbc6750609d6355/execute/sync - {"script":"<script> [299 bytes]","args":[["getModel","getResource"]]}
RESULT: {"script":"<script> [299 bytes]","args":[["getModel","getResource"]]}
RESULT: undefined
COMMAND: POST /session/aedcc668f48e21658cbc6750609d6355/element - {"using":"xpath","value":"//*[@id=\"__tile30\"]"}
COMMAND: GET /session/aedcc668f48e21658cbc6750609d6355/screenshot - {}
RESULT: {"using":"xpath","value":"//*[@id=\"__tile30\"]"}
COMMAND: POST /session/aedcc668f48e21658cbc6750609d6355/element/f.8AFBB3AC1A82BF87553E3B2FEF1B5657.d.CD88E4A659EEFDF6D2CE3E24ADE21BFA.e.4504/click - {}
RESULT: {}
RESULT: {}
COMMAND: POST /session/aedcc668f48e21658cbc6750609d6355/element - {"using":"xpath","value":"//button[@data-kt=\"addButton\"]"}
COMMAND: GET /session/aedcc668f48e21658cbc6750609d6355/screenshot - {}
RESULT: {"using":"xpath","value":"//button[@data-kt=\"addButton\"]"}
COMMAND: POST /session/aedcc668f48e21658cbc6750609d6355/elements - {"using":"xpath","value":"//button[@data-kt=\"addButton\"]"}
RESULT: {}
RESULT: {"using":"xpath","value":"//button[@data-kt=\"addButton\"]"}
COMMAND: POST /session/aedcc668f48e21658cbc6750609d6355/elements - {"using":"xpath","value":"//button[@data-kt=\"addButton\"]"}
RESULT: {"using":"xpath","value":"//button[@data-kt=\"addButton\"]"}
COMMAND: POST /session/aedcc668f48e21658cbc6750609d6355/element - {"using":"xpath","value":"//button[@data-kt=\"addButton\"]"}
RESULT: {"using":"xpath","value":"//button[@data-kt=\"addButton\"]"}
COMMAND: POST /session/aedcc668f48e21658cbc6750609d6355/execute/sync - {"script":"<script> [8489 bytes]","args":[{"element-6066-11e4-a52e-4f735466cecf":"f.8AFBB3AC1A82BF87553E3B2FEF1B5657.d.CD88E4A659EEFDF6D2CE3E24ADE21BFA.e.5415","ELEMENT":"f.8AFBB3AC1A82BF87553E3B2FEF1B5657.d.CD88E4A659EEFDF6D2CE3E24ADE21BFA.e.5415"}]}
RESULT: {"script":"<script> [8489 bytes]","args":[{"element-6066-11e4-a52e-4f735466cecf":"f.8AFBB3AC1A82BF87553E3B2FEF1B5657.d.CD88E4A659EEFDF6D2CE3E24ADE21BFA.e.5415","ELEMENT":"f.8AFBB3AC1A82BF87553E3B2FEF1B5657.d.CD88E4A659EEFDF6D2CE3E24ADE21BFA.e.5415"}]}
COMMAND: GET /session/aedcc668f48e21658cbc6750609d6355/element/f.8AFBB3AC1A82BF87553E3B2FEF1B5657.d.CD88E4A659EEFDF6D2CE3E24ADE21BFA.e.5415/enabled - {}
COMMAND: GET /session/aedcc668f48e21658cbc6750609d6355/screenshot - {}
RESULT: {}
COMMAND: POST /session/aedcc668f48e21658cbc6750609d6355/execute/sync - {"script":"<script> [8489 bytes]","args":[{"element-6066-11e4-a52e-4f735466cecf":"f.8AFBB3AC1A82BF87553E3B2FEF1B5657.d.CD88E4A659EEFDF6D2CE3E24ADE21BFA.e.5415","ELEMENT":"f.8AFBB3AC1A82BF87553E3B2FEF1B5657.d.CD88E4A659EEFDF6D2CE3E24ADE21BFA.e.5415"}]}
COMMAND: GET /session/aedcc668f48e21658cbc6750609d6355/screenshot - {}
RESULT: {}
RESULT: {"script":"<script> [8489 bytes]","args":[{"element-6066-11e4-a52e-4f735466cecf":"f.8AFBB3AC1A82BF87553E3B2FEF1B5657.d.CD88E4A659EEFDF6D2CE3E24ADE21BFA.e.5415","ELEMENT":"f.8AFBB3AC1A82BF87553E3B2FEF1B5657.d.CD88E4A659EEFDF6D2CE3E24ADE21BFA.e.5415"}]}
COMMAND: POST /session/aedcc668f48e21658cbc6750609d6355/execute/sync - {"script":"<script> [5351 bytes]","args":[{"element-6066-11e4-a52e-4f735466cecf":"f.8AFBB3AC1A82BF87553E3B2FEF1B5657.d.CD88E4A659EEFDF6D2CE3E24ADE21BFA.e.5415","ELEMENT":"f.8AFBB3AC1A82BF87553E3B2FEF1B5657.d.CD88E4A659EEFDF6D2CE3E24ADE21BFA.e.5415"}]}
COMMAND: GET /session/aedcc668f48e21658cbc6750609d6355/screenshot - {}
RESULT: {}
RESULT: {"script":"<script> [5351 bytes]","args":[{"element-6066-11e4-a52e-4f735466cecf":"f.8AFBB3AC1A82BF87553E3B2FEF1B5657.d.CD88E4A659EEFDF6D2CE3E24ADE21BFA.e.5415","ELEMENT":"f.8AFBB3AC1A82BF87553E3B2FEF1B5657.d.CD88E4A659EEFDF6D2CE3E24ADE21BFA.e.5415"}]}
COMMAND: GET /session/aedcc668f48e21658cbc6750609d6355/screenshot - {}
RESULT: {}
RESULT: {}
COMMAND: POST /session/aedcc668f48e21658cbc6750609d6355/execute/async - {"script":"<script> [1562 bytes]","args":[{"selector":{"id":"application-managepartners-display-component---masterPtm--smartFilterBar-btnBasicSearch","interaction":{"idSuffix":"I"}},"wdio_ui5_key":"applicationmanagepartners-display-component---masterPtm--smartFilterBar-btnBasicSearch"}]}
RESULT: {"script":"<script> [1562 bytes]","args":[{"selector":{"id":"application-managepartners-display-component---masterPtm--smartFilterBar-btnBasicSearch","interaction":{"idSuffix":"I"}},"wdio_ui5_key":"applicationmanagepartners-display-component---masterPtm--smartFilterBar-btnBasicSearch"}]}
RESULT: undefined
COMMAND: POST /session/aedcc668f48e21658cbc6750609d6355/execute/async - {"script":"<script> [776 bytes]","args":[{"enterText":"1518","selector":{"id":"application-managepartners-display-component---masterPtm--smartFilterBar-btnBasicSearch","interaction":{"idSuffix":"I"}},"clearTextFirst":true,"interactionType":"ENTER_TEXT"}]}
RESULT: {"script":"<script> [776 bytes]","args":[{"enterText":"1518","selector":{"id":"application-managepartners-display-component---masterPtm--smartFilterBar-btnBasicSearch","interaction":{"idSuffix":"I"}},"clearTextFirst":true,"interactionType":"ENTER_TEXT"}]}
COMMAND: POST /session/aedcc668f48e21658cbc6750609d6355/actions - {"actions":[{"id":"action16","type":"key","parameters":{},"actions":[{"type":"keyDown","value":"î€‡"},{"type":"pause","duration":10},{"type":"keyUp","value":"î€‡"}]}]}
RESULT: {"actions":[{"id":"action16","type":"key","parameters":{},"actions":[{"type":"keyDown","value":"î€‡"},{"type":"pause","duration":10},{"type":"keyUp","value":"î€‡"}]}]}
COMMAND: GET /session/aedcc668f48e21658cbc6750609d6355/screenshot - {}
RESULT: {}
COMMAND: POST /session/aedcc668f48e21658cbc6750609d6355/elements - {"using":"xpath","value":"//table[contains(@id, \"customPartnersTable-listUl\")]/tbody/tr"}
RESULT: {"using":"xpath","value":"//table[contains(@id, \"customPartnersTable-listUl\")]/tbody/tr"}
COMMAND: POST /session/aedcc668f48e21658cbc6750609d6355/element - {"using":"xpath","value":"//table[contains(@id, \"customPartnersTable-listUl\")]/tbody/tr[1]/td[3]/span"}
RESULT: {"using":"xpath","value":"//table[contains(@id, \"customPartnersTable-listUl\")]/tbody/tr[1]/td[3]/span"}
COMMAND: POST /session/aedcc668f48e21658cbc6750609d6355/elements - {"using":"xpath","value":"//table[contains(@id, \"customPartnersTable-listUl\")]/tbody/tr[1]/td[3]/span"}
RESULT: {"using":"xpath","value":"//table[contains(@id, \"customPartnersTable-listUl\")]/tbody/tr[1]/td[3]/span"}
COMMAND: POST /session/aedcc668f48e21658cbc6750609d6355/execute/sync - {"script":"<script> [56 bytes]","args":[{"element-6066-11e4-a52e-4f735466cecf":"f.8AFBB3AC1A82BF87553E3B2FEF1B5657.d.CD88E4A659EEFDF6D2CE3E24ADE21BFA.e.5552","ELEMENT":"f.8AFBB3AC1A82BF87553E3B2FEF1B5657.d.CD88E4A659EEFDF6D2CE3E24ADE21BFA.e.5552"}]}
RESULT: {"script":"<script> [56 bytes]","args":[{"element-6066-11e4-a52e-4f735466cecf":"f.8AFBB3AC1A82BF87553E3B2FEF1B5657.d.CD88E4A659EEFDF6D2CE3E24ADE21BFA.e.5552","ELEMENT":"f.8AFBB3AC1A82BF87553E3B2FEF1B5657.d.CD88E4A659EEFDF6D2CE3E24ADE21BFA.e.5552"}]}
COMMAND: POST /session/aedcc668f48e21658cbc6750609d6355/element - {"using":"xpath","value":"(//span[contains(@id, \"imgNav\")])[1]"}
COMMAND: GET /session/aedcc668f48e21658cbc6750609d6355/screenshot - {}
RESULT: {"using":"xpath","value":"(//span[contains(@id, \"imgNav\")])[1]"}
COMMAND: POST /session/aedcc668f48e21658cbc6750609d6355/element/f.8AFBB3AC1A82BF87553E3B2FEF1B5657.d.CD88E4A659EEFDF6D2CE3E24ADE21BFA.e.5549/click - {}
RESULT: {}
RESULT: {}
COMMAND: GET /session/aedcc668f48e21658cbc6750609d6355/screenshot - {}
RESULT: {}
COMMAND: POST /session/aedcc668f48e21658cbc6750609d6355/element - {"using":"xpath","value":"//bdi[contains(text(), \"Edit\")]"}
RESULT: {"using":"xpath","value":"//bdi[contains(text(), \"Edit\")]"}
COMMAND: POST /session/aedcc668f48e21658cbc6750609d6355/element/f.8AFBB3AC1A82BF87553E3B2FEF1B5657.d.CD88E4A659EEFDF6D2CE3E24ADE21BFA.e.5697/click - {}
RESULT: {}
COMMAND: GET /session/aedcc668f48e21658cbc6750609d6355/screenshot - {}
RESULT: {}
COMMAND: POST /session/aedcc668f48e21658cbc6750609d6355/execute/async - {"script":"<script> [1562 bytes]","args":[{"selector":{"controlType":"sap.m.Input","viewName":"etm.portal.ui.managepartners.view.EditDetail","labelFor":{"text":"Name"},"interaction":{"idSuffix":"inner"}},"wdio_ui5_key":"etmportal.ui.managepartners.view.EditDetailsap.m.Input{\"text\":\"Name\"}"}]}
RESULT: {"script":"<script> [1562 bytes]","args":[{"selector":{"controlType":"sap.m.Input","viewName":"etm.portal.ui.managepartners.view.EditDetail","labelFor":{"text":"Name"},"interaction":{"idSuffix":"inner"}},"wdio_ui5_key":"etmportal.ui.managepartners.view.EditDetailsap.m.Input{\"text\":\"Name\"}"}]}
RESULT: undefined
COMMAND: POST /session/aedcc668f48e21658cbc6750609d6355/execute/async - {"script":"<script> [776 bytes]","args":[{"enterText":"Intracompany EDIT","selector":{"controlType":"sap.m.Input","viewName":"etm.portal.ui.managepartners.view.EditDetail","labelFor":{"text":"Name"},"interaction":{"idSuffix":"inner"}},"clearTextFirst":true,"interactionType":"ENTER_TEXT"}]}
RESULT: {"script":"<script> [776 bytes]","args":[{"enterText":"Intracompany EDIT","selector":{"controlType":"sap.m.Input","viewName":"etm.portal.ui.managepartners.view.EditDetail","labelFor":{"text":"Name"},"interaction":{"idSuffix":"inner"}},"clearTextFirst":true,"interactionType":"ENTER_TEXT"}]}
COMMAND: POST /session/aedcc668f48e21658cbc6750609d6355/element - {"using":"xpath","value":"(//span[contains(@id,\"addressDetailDetailsLanguage-arrow\")])[1]"}
RESULT: {"using":"xpath","value":"(//span[contains(@id,\"addressDetailDetailsLanguage-arrow\")])[1]"}
COMMAND: POST /session/aedcc668f48e21658cbc6750609d6355/element/f.8AFBB3AC1A82BF87553E3B2FEF1B5657.d.CD88E4A659EEFDF6D2CE3E24ADE21BFA.e.5782/click - {}
RESULT: {}
COMMAND: POST /session/aedcc668f48e21658cbc6750609d6355/element - {"using":"xpath","value":"//span[contains(text(), \"Chinese\")]"}
COMMAND: GET /session/aedcc668f48e21658cbc6750609d6355/screenshot - {}
RESULT: {"using":"xpath","value":"//span[contains(text(), \"Chinese\")]"}
COMMAND: POST /session/aedcc668f48e21658cbc6750609d6355/element/f.8AFBB3AC1A82BF87553E3B2FEF1B5657.d.CD88E4A659EEFDF6D2CE3E24ADE21BFA.e.5783/click - {}
RESULT: {}
RESULT: {}
COMMAND: GET /session/aedcc668f48e21658cbc6750609d6355/screenshot - {}
RESULT: {}
COMMAND: POST /session/aedcc668f48e21658cbc6750609d6355/execute/async - {"script":"<script> [1562 bytes]","args":[{"selector":{"controlType":"sap.m.Input","viewName":"etm.portal.ui.managepartners.view.EditDetail","labelFor":{"text":"City"},"interaction":{"idSuffix":"inner"}},"wdio_ui5_key":"etmportal.ui.managepartners.view.EditDetailsap.m.Input{\"text\":\"City\"}"}]}
RESULT: {"script":"<script> [1562 bytes]","args":[{"selector":{"controlType":"sap.m.Input","viewName":"etm.portal.ui.managepartners.view.EditDetail","labelFor":{"text":"City"},"interaction":{"idSuffix":"inner"}},"wdio_ui5_key":"etmportal.ui.managepartners.view.EditDetailsap.m.Input{\"text\":\"City\"}"}]}
RESULT: undefined
COMMAND: POST /session/aedcc668f48e21658cbc6750609d6355/execute/async - {"script":"<script> [776 bytes]","args":[{"enterText":"Clooj-Napoca","selector":{"controlType":"sap.m.Input","viewName":"etm.portal.ui.managepartners.view.EditDetail","labelFor":{"text":"City"},"interaction":{"idSuffix":"inner"}},"clearTextFirst":true,"interactionType":"ENTER_TEXT"}]}
RESULT: {"script":"<script> [776 bytes]","args":[{"enterText":"Clooj-Napoca","selector":{"controlType":"sap.m.Input","viewName":"etm.portal.ui.managepartners.view.EditDetail","labelFor":{"text":"City"},"interaction":{"idSuffix":"inner"}},"clearTextFirst":true,"interactionType":"ENTER_TEXT"}]}
COMMAND: POST /session/aedcc668f48e21658cbc6750609d6355/element - {"using":"xpath","value":"//button[@data-kt=\"saveButton\"]"}
RESULT: {"using":"xpath","value":"//button[@data-kt=\"saveButton\"]"}
COMMAND: POST /session/aedcc668f48e21658cbc6750609d6355/element/f.8AFBB3AC1A82BF87553E3B2FEF1B5657.d.CD88E4A659EEFDF6D2CE3E24ADE21BFA.e.5759/click - {}
RESULT: {}
COMMAND: GET /session/aedcc668f48e21658cbc6750609d6355/screenshot - {}
RESULT: {}
COMMAND: POST /session/aedcc668f48e21658cbc6750609d6355/execute/async - {"script":"<script> [1562 bytes]","args":[{"selector":{"id":"application-managepartners-display-component---detailPtm--addressDetailDetailsName1"},"wdio_ui5_key":"applicationmanagepartners-display-component---detailPtm--addressDetailDetailsName1"}]}
RESULT: {"script":"<script> [1562 bytes]","args":[{"selector":{"id":"application-managepartners-display-component---detailPtm--addressDetailDetailsName1"},"wdio_ui5_key":"applicationmanagepartners-display-component---detailPtm--addressDetailDetailsName1"}]}
RESULT: undefined
COMMAND: POST /session/aedcc668f48e21658cbc6750609d6355/execute/async - {"script":"<script> [6424 bytes]","args":[{"element-6066-11e4-a52e-4f735466cecf":"f.8AFBB3AC1A82BF87553E3B2FEF1B5657.d.CD88E4A659EEFDF6D2CE3E24ADE21BFA.e.5814"},"getValue",[]]}
RESULT: {"script":"<script> [6424 bytes]","args":[{"element-6066-11e4-a52e-4f735466cecf":"f.8AFBB3AC1A82BF87553E3B2FEF1B5657.d.CD88E4A659EEFDF6D2CE3E24ADE21BFA.e.5814"},"getValue",[]]}
COMMAND: POST /session/aedcc668f48e21658cbc6750609d6355/element - {"using":"xpath","value":"//input[@id = \"application-managepartners-display-component---detailPtm--addressDetailDetailsLanguage-inner\"]"}
RESULT: {"using":"xpath","value":"//input[@id = \"application-managepartners-display-component---detailPtm--addressDetailDetailsLanguage-inner\"]"}
COMMAND: GET /session/aedcc668f48e21658cbc6750609d6355/element/f.8AFBB3AC1A82BF87553E3B2FEF1B5657.d.CD88E4A659EEFDF6D2CE3E24ADE21BFA.e.5815/property/value - {}
RESULT: {}
COMMAND: POST /session/aedcc668f48e21658cbc6750609d6355/execute/async - {"script":"<script> [1562 bytes]","args":[{"selector":{"id":"application-managepartners-display-component---detailPtm--addressDetailDetailsCity1"},"wdio_ui5_key":"applicationmanagepartners-display-component---detailPtm--addressDetailDetailsCity1"}]}
COMMAND: GET /session/aedcc668f48e21658cbc6750609d6355/screenshot - {}
RESULT: {"script":"<script> [1562 bytes]","args":[{"selector":{"id":"application-managepartners-display-component---detailPtm--addressDetailDetailsCity1"},"wdio_ui5_key":"applicationmanagepartners-display-component---detailPtm--addressDetailDetailsCity1"}]}
RESULT: undefined
COMMAND: POST /session/aedcc668f48e21658cbc6750609d6355/execute/async - {"script":"<script> [6424 bytes]","args":[{"element-6066-11e4-a52e-4f735466cecf":"f.8AFBB3AC1A82BF87553E3B2FEF1B5657.d.CD88E4A659EEFDF6D2CE3E24ADE21BFA.e.5816"},"getValue",[]]}
RESULT: {}
RESULT: {"script":"<script> [6424 bytes]","args":[{"element-6066-11e4-a52e-4f735466cecf":"f.8AFBB3AC1A82BF87553E3B2FEF1B5657.d.CD88E4A659EEFDF6D2CE3E24ADE21BFA.e.5816"},"getValue",[]]}
COMMAND: POST /session/aedcc668f48e21658cbc6750609d6355/element - {"using":"css selector","value":"#shell-header-logo"}
RESULT: {"using":"css selector","value":"#shell-header-logo"}
COMMAND: POST /session/aedcc668f48e21658cbc6750609d6355/element/f.8AFBB3AC1A82BF87553E3B2FEF1B5657.d.CD88E4A659EEFDF6D2CE3E24ADE21BFA.e.5371/click - {}
RESULT: {}
COMMAND: GET /session/aedcc668f48e21658cbc6750609d6355/screenshot - {}
RESULT: {}
]]></system-out>
    </testcase>
    <testcase classname="chrome.135_0_7049_115.windows.Partner_specific_tests_US150819_US151080_US151654_US151176_US103444_US151078_US151079_US151109_US151174_US151175_US151189" name="Should do filtering and navigation tests US151109" time="143.404">
      <system-out><![CDATA[
COMMAND: POST /session/aedcc668f48e21658cbc6750609d6355/element - {"using":"xpath","value":"//li[.//span[text()=\"Manage Partners\"]]"}
RESULT: {"using":"xpath","value":"//li[.//span[text()=\"Manage Partners\"]]"}
COMMAND: POST /session/aedcc668f48e21658cbc6750609d6355/element - {"using":"xpath","value":"//li[.//span[text()=\"Manage Partners\"]]"}
RESULT: {"using":"xpath","value":"//li[.//span[text()=\"Manage Partners\"]]"}
COMMAND: POST /session/aedcc668f48e21658cbc6750609d6355/element - {"using":"css selector","value":"#shell-header-logo"}
RESULT: {"using":"css selector","value":"#shell-header-logo"}
COMMAND: POST /session/aedcc668f48e21658cbc6750609d6355/element/f.8AFBB3AC1A82BF87553E3B2FEF1B5657.d.CD88E4A659EEFDF6D2CE3E24ADE21BFA.e.5846/click - {}
COMMAND: POST /session/aedcc668f48e21658cbc6750609d6355/execute/sync - {"script":"<script> [8489 bytes]","args":[{"element-6066-11e4-a52e-4f735466cecf":"f.8AFBB3AC1A82BF87553E3B2FEF1B5657.d.CD88E4A659EEFDF6D2CE3E24ADE21BFA.e.5846","ELEMENT":"f.8AFBB3AC1A82BF87553E3B2FEF1B5657.d.CD88E4A659EEFDF6D2CE3E24ADE21BFA.e.5846"}]}
RESULT: {}
COMMAND: GET /session/aedcc668f48e21658cbc6750609d6355/screenshot - {}
RESULT: {"script":"<script> [8489 bytes]","args":[{"element-6066-11e4-a52e-4f735466cecf":"f.8AFBB3AC1A82BF87553E3B2FEF1B5657.d.CD88E4A659EEFDF6D2CE3E24ADE21BFA.e.5846","ELEMENT":"f.8AFBB3AC1A82BF87553E3B2FEF1B5657.d.CD88E4A659EEFDF6D2CE3E24ADE21BFA.e.5846"}]}
COMMAND: POST /session/aedcc668f48e21658cbc6750609d6355/execute/sync - {"script":"<script> [5351 bytes]","args":[{"element-6066-11e4-a52e-4f735466cecf":"f.8AFBB3AC1A82BF87553E3B2FEF1B5657.d.CD88E4A659EEFDF6D2CE3E24ADE21BFA.e.5846","ELEMENT":"f.8AFBB3AC1A82BF87553E3B2FEF1B5657.d.CD88E4A659EEFDF6D2CE3E24ADE21BFA.e.5846"}]}
COMMAND: GET /session/aedcc668f48e21658cbc6750609d6355/screenshot - {}
RESULT: {}
RESULT: {"script":"<script> [5351 bytes]","args":[{"element-6066-11e4-a52e-4f735466cecf":"f.8AFBB3AC1A82BF87553E3B2FEF1B5657.d.CD88E4A659EEFDF6D2CE3E24ADE21BFA.e.5846","ELEMENT":"f.8AFBB3AC1A82BF87553E3B2FEF1B5657.d.CD88E4A659EEFDF6D2CE3E24ADE21BFA.e.5846"}]}
COMMAND: GET /session/aedcc668f48e21658cbc6750609d6355/screenshot - {}
RESULT: {}
RESULT: {}
RESULT: undefined
COMMAND: POST /session/aedcc668f48e21658cbc6750609d6355/element - {"using":"xpath","value":"//*[@id=\"__tile30\"]"}
RESULT: {"using":"xpath","value":"//*[@id=\"__tile30\"]"}
COMMAND: POST /session/aedcc668f48e21658cbc6750609d6355/element/f.8AFBB3AC1A82BF87553E3B2FEF1B5657.d.CD88E4A659EEFDF6D2CE3E24ADE21BFA.e.4504/click - {}
RESULT: {}
COMMAND: POST /session/aedcc668f48e21658cbc6750609d6355/element - {"using":"xpath","value":"//button[@data-kt=\"addButton\"]"}
COMMAND: GET /session/aedcc668f48e21658cbc6750609d6355/screenshot - {}
RESULT: {"using":"xpath","value":"//button[@data-kt=\"addButton\"]"}
COMMAND: POST /session/aedcc668f48e21658cbc6750609d6355/elements - {"using":"xpath","value":"//button[@data-kt=\"addButton\"]"}
RESULT: {}
RESULT: {"using":"xpath","value":"//button[@data-kt=\"addButton\"]"}
COMMAND: POST /session/aedcc668f48e21658cbc6750609d6355/element - {"using":"xpath","value":"//button[@data-kt=\"addButton\"]"}
RESULT: {"using":"xpath","value":"//button[@data-kt=\"addButton\"]"}
COMMAND: POST /session/aedcc668f48e21658cbc6750609d6355/execute/sync - {"script":"<script> [8489 bytes]","args":[{"element-6066-11e4-a52e-4f735466cecf":"f.8AFBB3AC1A82BF87553E3B2FEF1B5657.d.CD88E4A659EEFDF6D2CE3E24ADE21BFA.e.5880","ELEMENT":"f.8AFBB3AC1A82BF87553E3B2FEF1B5657.d.CD88E4A659EEFDF6D2CE3E24ADE21BFA.e.5880"}]}
RESULT: {"script":"<script> [8489 bytes]","args":[{"element-6066-11e4-a52e-4f735466cecf":"f.8AFBB3AC1A82BF87553E3B2FEF1B5657.d.CD88E4A659EEFDF6D2CE3E24ADE21BFA.e.5880","ELEMENT":"f.8AFBB3AC1A82BF87553E3B2FEF1B5657.d.CD88E4A659EEFDF6D2CE3E24ADE21BFA.e.5880"}]}
COMMAND: GET /session/aedcc668f48e21658cbc6750609d6355/element/f.8AFBB3AC1A82BF87553E3B2FEF1B5657.d.CD88E4A659EEFDF6D2CE3E24ADE21BFA.e.5880/enabled - {}
COMMAND: GET /session/aedcc668f48e21658cbc6750609d6355/screenshot - {}
RESULT: {}
COMMAND: POST /session/aedcc668f48e21658cbc6750609d6355/execute/sync - {"script":"<script> [8489 bytes]","args":[{"element-6066-11e4-a52e-4f735466cecf":"f.8AFBB3AC1A82BF87553E3B2FEF1B5657.d.CD88E4A659EEFDF6D2CE3E24ADE21BFA.e.5880","ELEMENT":"f.8AFBB3AC1A82BF87553E3B2FEF1B5657.d.CD88E4A659EEFDF6D2CE3E24ADE21BFA.e.5880"}]}
COMMAND: GET /session/aedcc668f48e21658cbc6750609d6355/screenshot - {}
RESULT: {}
RESULT: {"script":"<script> [8489 bytes]","args":[{"element-6066-11e4-a52e-4f735466cecf":"f.8AFBB3AC1A82BF87553E3B2FEF1B5657.d.CD88E4A659EEFDF6D2CE3E24ADE21BFA.e.5880","ELEMENT":"f.8AFBB3AC1A82BF87553E3B2FEF1B5657.d.CD88E4A659EEFDF6D2CE3E24ADE21BFA.e.5880"}]}
COMMAND: POST /session/aedcc668f48e21658cbc6750609d6355/execute/sync - {"script":"<script> [5351 bytes]","args":[{"element-6066-11e4-a52e-4f735466cecf":"f.8AFBB3AC1A82BF87553E3B2FEF1B5657.d.CD88E4A659EEFDF6D2CE3E24ADE21BFA.e.5880","ELEMENT":"f.8AFBB3AC1A82BF87553E3B2FEF1B5657.d.CD88E4A659EEFDF6D2CE3E24ADE21BFA.e.5880"}]}
COMMAND: GET /session/aedcc668f48e21658cbc6750609d6355/screenshot - {}
RESULT: {}
RESULT: {"script":"<script> [5351 bytes]","args":[{"element-6066-11e4-a52e-4f735466cecf":"f.8AFBB3AC1A82BF87553E3B2FEF1B5657.d.CD88E4A659EEFDF6D2CE3E24ADE21BFA.e.5880","ELEMENT":"f.8AFBB3AC1A82BF87553E3B2FEF1B5657.d.CD88E4A659EEFDF6D2CE3E24ADE21BFA.e.5880"}]}
COMMAND: GET /session/aedcc668f48e21658cbc6750609d6355/screenshot - {}
RESULT: {}
RESULT: {}
COMMAND: POST /session/aedcc668f48e21658cbc6750609d6355/element - {"using":"xpath","value":"//span[@id=\"application-managepartners-display-component---masterPtm--smartTable-header-inner\"]"}
RESULT: {"using":"xpath","value":"//span[@id=\"application-managepartners-display-component---masterPtm--smartTable-header-inner\"]"}
COMMAND: POST /session/aedcc668f48e21658cbc6750609d6355/elements - {"using":"xpath","value":"//span[@id=\"application-managepartners-display-component---masterPtm--smartTable-header-inner\"]"}
RESULT: {"using":"xpath","value":"//span[@id=\"application-managepartners-display-component---masterPtm--smartTable-header-inner\"]"}
COMMAND: POST /session/aedcc668f48e21658cbc6750609d6355/execute/sync - {"script":"<script> [56 bytes]","args":[{"element-6066-11e4-a52e-4f735466cecf":"f.8AFBB3AC1A82BF87553E3B2FEF1B5657.d.CD88E4A659EEFDF6D2CE3E24ADE21BFA.e.6014","ELEMENT":"f.8AFBB3AC1A82BF87553E3B2FEF1B5657.d.CD88E4A659EEFDF6D2CE3E24ADE21BFA.e.6014"}]}
RESULT: {"script":"<script> [56 bytes]","args":[{"element-6066-11e4-a52e-4f735466cecf":"f.8AFBB3AC1A82BF87553E3B2FEF1B5657.d.CD88E4A659EEFDF6D2CE3E24ADE21BFA.e.6014","ELEMENT":"f.8AFBB3AC1A82BF87553E3B2FEF1B5657.d.CD88E4A659EEFDF6D2CE3E24ADE21BFA.e.6014"}]}
RESULT: undefined
COMMAND: POST /session/aedcc668f48e21658cbc6750609d6355/execute/async - {"script":"<script> [776 bytes]","args":[{"enterText":"External Partner WDIO","selector":{"id":"application-managepartners-display-component---masterPtm--smartFilterBar-btnBasicSearch","interaction":{"idSuffix":"I"}},"clearTextFirst":true,"interactionType":"ENTER_TEXT"}]}
COMMAND: GET /session/aedcc668f48e21658cbc6750609d6355/screenshot - {}
RESULT: {"script":"<script> [776 bytes]","args":[{"enterText":"External Partner WDIO","selector":{"id":"application-managepartners-display-component---masterPtm--smartFilterBar-btnBasicSearch","interaction":{"idSuffix":"I"}},"clearTextFirst":true,"interactionType":"ENTER_TEXT"}]}
RESULT: {}
COMMAND: POST /session/aedcc668f48e21658cbc6750609d6355/actions - {"actions":[{"id":"action17","type":"key","parameters":{},"actions":[{"type":"keyDown","value":"î€‡"},{"type":"pause","duration":10},{"type":"keyUp","value":"î€‡"}]}]}
RESULT: {"actions":[{"id":"action17","type":"key","parameters":{},"actions":[{"type":"keyDown","value":"î€‡"},{"type":"pause","duration":10},{"type":"keyUp","value":"î€‡"}]}]}
COMMAND: GET /session/aedcc668f48e21658cbc6750609d6355/screenshot - {}
RESULT: {}
COMMAND: POST /session/aedcc668f48e21658cbc6750609d6355/element - {"using":"xpath","value":"//span[@id=\"application-managepartners-display-component---masterPtm--smartTable-header-inner\"]"}
RESULT: {"using":"xpath","value":"//span[@id=\"application-managepartners-display-component---masterPtm--smartTable-header-inner\"]"}
COMMAND: POST /session/aedcc668f48e21658cbc6750609d6355/elements - {"using":"xpath","value":"//span[@id=\"application-managepartners-display-component---masterPtm--smartTable-header-inner\"]"}
RESULT: {"using":"xpath","value":"//span[@id=\"application-managepartners-display-component---masterPtm--smartTable-header-inner\"]"}
COMMAND: POST /session/aedcc668f48e21658cbc6750609d6355/execute/sync - {"script":"<script> [56 bytes]","args":[{"element-6066-11e4-a52e-4f735466cecf":"f.8AFBB3AC1A82BF87553E3B2FEF1B5657.d.CD88E4A659EEFDF6D2CE3E24ADE21BFA.e.6014","ELEMENT":"f.8AFBB3AC1A82BF87553E3B2FEF1B5657.d.CD88E4A659EEFDF6D2CE3E24ADE21BFA.e.6014"}]}
RESULT: {"script":"<script> [56 bytes]","args":[{"element-6066-11e4-a52e-4f735466cecf":"f.8AFBB3AC1A82BF87553E3B2FEF1B5657.d.CD88E4A659EEFDF6D2CE3E24ADE21BFA.e.6014","ELEMENT":"f.8AFBB3AC1A82BF87553E3B2FEF1B5657.d.CD88E4A659EEFDF6D2CE3E24ADE21BFA.e.6014"}]}
COMMAND: POST /session/aedcc668f48e21658cbc6750609d6355/element - {"using":"xpath","value":"//div[contains(@id, \"managepartners-display-component---masterPtm--smartFilterBar-btnBasicSearch-reset\")]"}
COMMAND: GET /session/aedcc668f48e21658cbc6750609d6355/screenshot - {}
RESULT: {"using":"xpath","value":"//div[contains(@id, \"managepartners-display-component---masterPtm--smartFilterBar-btnBasicSearch-reset\")]"}
COMMAND: POST /session/aedcc668f48e21658cbc6750609d6355/element/f.8AFBB3AC1A82BF87553E3B2FEF1B5657.d.CD88E4A659EEFDF6D2CE3E24ADE21BFA.e.6100/click - {}
RESULT: {}
RESULT: {}
COMMAND: GET /session/aedcc668f48e21658cbc6750609d6355/screenshot - {}
RESULT: {}
COMMAND: POST /session/aedcc668f48e21658cbc6750609d6355/execute/async - {"script":"<script> [1562 bytes]","args":[{"selector":{"id":"application-managepartners-display-component---masterPtm--smartFilterBar-filterItemControl_BASIC-MAIN_ADDRESS-vhi"},"wdio_ui5_key":"applicationmanagepartners-display-component---masterPtm--smartFilterBar-filterItemControl_BASIC-MAIN_ADDRESS-vhi"}]}
RESULT: {"script":"<script> [1562 bytes]","args":[{"selector":{"id":"application-managepartners-display-component---masterPtm--smartFilterBar-filterItemControl_BASIC-MAIN_ADDRESS-vhi"},"wdio_ui5_key":"applicationmanagepartners-display-component---masterPtm--smartFilterBar-filterItemControl_BASIC-MAIN_ADDRESS-vhi"}]}
RESULT: undefined
COMMAND: POST /session/aedcc668f48e21658cbc6750609d6355/element - {"using":"xpath","value":"//*[@id=\"application-managepartners-display-component---masterPtm--smartFilterBar-filterItemControl_BASIC-MAIN_ADDRESS-vhi\"]"}
RESULT: {"using":"xpath","value":"//*[@id=\"application-managepartners-display-component---masterPtm--smartFilterBar-filterItemControl_BASIC-MAIN_ADDRESS-vhi\"]"}
COMMAND: POST /session/aedcc668f48e21658cbc6750609d6355/element/f.8AFBB3AC1A82BF87553E3B2FEF1B5657.d.CD88E4A659EEFDF6D2CE3E24ADE21BFA.e.6178/click - {}
RESULT: {}
COMMAND: GET /session/aedcc668f48e21658cbc6750609d6355/screenshot - {}
RESULT: {}
COMMAND: POST /session/aedcc668f48e21658cbc6750609d6355/execute/async - {"script":"<script> [1562 bytes]","args":[{"selector":{"id":"application-managepartners-display-component---masterPtm--smartFilterBar-filterItemControl_BASIC-MAIN_ADDRESS-valueHelpDialog-smartFilterBar-btnBasicSearch","searchOpenDialogs":true,"interaction":{"idSuffix":"I"}},"wdio_ui5_key":"applicationmanagepartners-display-component---masterPtm--smartFilterBar-filterItemControl_BASIC-MAIN_ADDRESS-valueHelpDialog-smartFilterBar-btnBasicSearch"}]}
RESULT: {"script":"<script> [1562 bytes]","args":[{"selector":{"id":"application-managepartners-display-component---masterPtm--smartFilterBar-filterItemControl_BASIC-MAIN_ADDRESS-valueHelpDialog-smartFilterBar-btnBasicSearch","searchOpenDialogs":true,"interaction":{"idSuffix":"I"}},"wdio_ui5_key":"applicationmanagepartners-display-component---masterPtm--smartFilterBar-filterItemControl_BASIC-MAIN_ADDRESS-valueHelpDialog-smartFilterBar-btnBasicSearch"}]}
RESULT: undefined
COMMAND: POST /session/aedcc668f48e21658cbc6750609d6355/execute/async - {"script":"<script> [776 bytes]","args":[{"enterText":"Romania","selector":{"id":"application-managepartners-display-component---masterPtm--smartFilterBar-filterItemControl_BASIC-MAIN_ADDRESS-valueHelpDialog-smartFilterBar-btnBasicSearch","searchOpenDialogs":true,"interaction":{"idSuffix":"I"}},"clearTextFirst":true,"interactionType":"ENTER_TEXT"}]}
RESULT: {"script":"<script> [776 bytes]","args":[{"enterText":"Romania","selector":{"id":"application-managepartners-display-component---masterPtm--smartFilterBar-filterItemControl_BASIC-MAIN_ADDRESS-valueHelpDialog-smartFilterBar-btnBasicSearch","searchOpenDialogs":true,"interaction":{"idSuffix":"I"}},"clearTextFirst":true,"interactionType":"ENTER_TEXT"}]}
COMMAND: POST /session/aedcc668f48e21658cbc6750609d6355/actions - {"actions":[{"id":"action18","type":"key","parameters":{},"actions":[{"type":"keyDown","value":"î€‡"},{"type":"pause","duration":10},{"type":"keyUp","value":"î€‡"}]}]}
RESULT: {"actions":[{"id":"action18","type":"key","parameters":{},"actions":[{"type":"keyDown","value":"î€‡"},{"type":"pause","duration":10},{"type":"keyUp","value":"î€‡"}]}]}
COMMAND: POST /session/aedcc668f48e21658cbc6750609d6355/elements - {"using":"xpath","value":"//table[contains(@id, \"smartFilterBar-filterItemControl_BASIC-MAIN_ADDRESS-valueHelpDialog-table-table\")]/tbody/tr"}
COMMAND: GET /session/aedcc668f48e21658cbc6750609d6355/screenshot - {}
RESULT: {"using":"xpath","value":"//table[contains(@id, \"smartFilterBar-filterItemControl_BASIC-MAIN_ADDRESS-valueHelpDialog-table-table\")]/tbody/tr"}
COMMAND: POST /session/aedcc668f48e21658cbc6750609d6355/element - {"using":"xpath","value":"//table[contains(@id, \"smartFilterBar-filterItemControl_BASIC-MAIN_ADDRESS-valueHelpDialog-table-table\")]/tbody/tr[1]/td[1]/div/span"}
RESULT: {}
RESULT: {"using":"xpath","value":"//table[contains(@id, \"smartFilterBar-filterItemControl_BASIC-MAIN_ADDRESS-valueHelpDialog-table-table\")]/tbody/tr[1]/td[1]/div/span"}
COMMAND: POST /session/aedcc668f48e21658cbc6750609d6355/elements - {"using":"xpath","value":"//table[contains(@id, \"smartFilterBar-filterItemControl_BASIC-MAIN_ADDRESS-valueHelpDialog-table-table\")]/tbody/tr[1]/td[1]/div/span"}
RESULT: {"using":"xpath","value":"//table[contains(@id, \"smartFilterBar-filterItemControl_BASIC-MAIN_ADDRESS-valueHelpDialog-table-table\")]/tbody/tr[1]/td[1]/div/span"}
COMMAND: POST /session/aedcc668f48e21658cbc6750609d6355/execute/sync - {"script":"<script> [56 bytes]","args":[{"element-6066-11e4-a52e-4f735466cecf":"f.8AFBB3AC1A82BF87553E3B2FEF1B5657.d.CD88E4A659EEFDF6D2CE3E24ADE21BFA.e.6198","ELEMENT":"f.8AFBB3AC1A82BF87553E3B2FEF1B5657.d.CD88E4A659EEFDF6D2CE3E24ADE21BFA.e.6198"}]}
RESULT: {"script":"<script> [56 bytes]","args":[{"element-6066-11e4-a52e-4f735466cecf":"f.8AFBB3AC1A82BF87553E3B2FEF1B5657.d.CD88E4A659EEFDF6D2CE3E24ADE21BFA.e.6198","ELEMENT":"f.8AFBB3AC1A82BF87553E3B2FEF1B5657.d.CD88E4A659EEFDF6D2CE3E24ADE21BFA.e.6198"}]}
COMMAND: POST /session/aedcc668f48e21658cbc6750609d6355/element - {"using":"xpath","value":"//div[contains(@id, \"filterItemControl_BASIC-MAIN_ADDRESS-valueHelpDialog-table-rowsel0\")]"}
COMMAND: GET /session/aedcc668f48e21658cbc6750609d6355/screenshot - {}
RESULT: {"using":"xpath","value":"//div[contains(@id, \"filterItemControl_BASIC-MAIN_ADDRESS-valueHelpDialog-table-rowsel0\")]"}
COMMAND: POST /session/aedcc668f48e21658cbc6750609d6355/element/f.8AFBB3AC1A82BF87553E3B2FEF1B5657.d.CD88E4A659EEFDF6D2CE3E24ADE21BFA.e.6199/click - {}
RESULT: {}
RESULT: {}
COMMAND: GET /session/aedcc668f48e21658cbc6750609d6355/screenshot - {}
RESULT: {}
COMMAND: POST /session/aedcc668f48e21658cbc6750609d6355/element - {"using":"xpath","value":"(//bdi[contains(text(), \"OK\")])[1]"}
RESULT: {"using":"xpath","value":"(//bdi[contains(text(), \"OK\")])[1]"}
COMMAND: POST /session/aedcc668f48e21658cbc6750609d6355/element/f.8AFBB3AC1A82BF87553E3B2FEF1B5657.d.CD88E4A659EEFDF6D2CE3E24ADE21BFA.e.6201/click - {}
RESULT: {}
COMMAND: GET /session/aedcc668f48e21658cbc6750609d6355/screenshot - {}
RESULT: {}
COMMAND: POST /session/aedcc668f48e21658cbc6750609d6355/element - {"using":"xpath","value":"//span[@id=\"application-managepartners-display-component---masterPtm--smartTable-header-inner\"]"}
RESULT: {"using":"xpath","value":"//span[@id=\"application-managepartners-display-component---masterPtm--smartTable-header-inner\"]"}
COMMAND: POST /session/aedcc668f48e21658cbc6750609d6355/elements - {"using":"xpath","value":"//span[@id=\"application-managepartners-display-component---masterPtm--smartTable-header-inner\"]"}
RESULT: {"using":"xpath","value":"//span[@id=\"application-managepartners-display-component---masterPtm--smartTable-header-inner\"]"}
COMMAND: POST /session/aedcc668f48e21658cbc6750609d6355/execute/sync - {"script":"<script> [56 bytes]","args":[{"element-6066-11e4-a52e-4f735466cecf":"f.8AFBB3AC1A82BF87553E3B2FEF1B5657.d.CD88E4A659EEFDF6D2CE3E24ADE21BFA.e.6014","ELEMENT":"f.8AFBB3AC1A82BF87553E3B2FEF1B5657.d.CD88E4A659EEFDF6D2CE3E24ADE21BFA.e.6014"}]}
RESULT: {"script":"<script> [56 bytes]","args":[{"element-6066-11e4-a52e-4f735466cecf":"f.8AFBB3AC1A82BF87553E3B2FEF1B5657.d.CD88E4A659EEFDF6D2CE3E24ADE21BFA.e.6014","ELEMENT":"f.8AFBB3AC1A82BF87553E3B2FEF1B5657.d.CD88E4A659EEFDF6D2CE3E24ADE21BFA.e.6014"}]}
COMMAND: POST /session/aedcc668f48e21658cbc6750609d6355/element - {"using":"xpath","value":"//span[contains(@title, \"Remove\")]"}
COMMAND: GET /session/aedcc668f48e21658cbc6750609d6355/screenshot - {}
RESULT: {"using":"xpath","value":"//span[contains(@title, \"Remove\")]"}
COMMAND: POST /session/aedcc668f48e21658cbc6750609d6355/element/f.8AFBB3AC1A82BF87553E3B2FEF1B5657.d.CD88E4A659EEFDF6D2CE3E24ADE21BFA.e.6214/click - {}
RESULT: {}
RESULT: {}
COMMAND: GET /session/aedcc668f48e21658cbc6750609d6355/screenshot - {}
RESULT: {}
COMMAND: POST /session/aedcc668f48e21658cbc6750609d6355/element - {"using":"xpath","value":"//span[@id=\"application-managepartners-display-component---masterPtm--smartTable-header-inner\"]"}
RESULT: {"using":"xpath","value":"//span[@id=\"application-managepartners-display-component---masterPtm--smartTable-header-inner\"]"}
COMMAND: POST /session/aedcc668f48e21658cbc6750609d6355/elements - {"using":"xpath","value":"//span[@id=\"application-managepartners-display-component---masterPtm--smartTable-header-inner\"]"}
RESULT: {"using":"xpath","value":"//span[@id=\"application-managepartners-display-component---masterPtm--smartTable-header-inner\"]"}
COMMAND: POST /session/aedcc668f48e21658cbc6750609d6355/execute/sync - {"script":"<script> [56 bytes]","args":[{"element-6066-11e4-a52e-4f735466cecf":"f.8AFBB3AC1A82BF87553E3B2FEF1B5657.d.CD88E4A659EEFDF6D2CE3E24ADE21BFA.e.6014","ELEMENT":"f.8AFBB3AC1A82BF87553E3B2FEF1B5657.d.CD88E4A659EEFDF6D2CE3E24ADE21BFA.e.6014"}]}
RESULT: {"script":"<script> [56 bytes]","args":[{"element-6066-11e4-a52e-4f735466cecf":"f.8AFBB3AC1A82BF87553E3B2FEF1B5657.d.CD88E4A659EEFDF6D2CE3E24ADE21BFA.e.6014","ELEMENT":"f.8AFBB3AC1A82BF87553E3B2FEF1B5657.d.CD88E4A659EEFDF6D2CE3E24ADE21BFA.e.6014"}]}
COMMAND: POST /session/aedcc668f48e21658cbc6750609d6355/execute/async - {"script":"<script> [1562 bytes]","args":[{"selector":{"id":"application-managepartners-display-component---masterPtm--smartFilterBar-filterItemControl_BASIC-YARD-vhi"},"wdio_ui5_key":"applicationmanagepartners-display-component---masterPtm--smartFilterBar-filterItemControl_BASIC-YARD-vhi"}]}
COMMAND: GET /session/aedcc668f48e21658cbc6750609d6355/screenshot - {}
RESULT: {"script":"<script> [1562 bytes]","args":[{"selector":{"id":"application-managepartners-display-component---masterPtm--smartFilterBar-filterItemControl_BASIC-YARD-vhi"},"wdio_ui5_key":"applicationmanagepartners-display-component---masterPtm--smartFilterBar-filterItemControl_BASIC-YARD-vhi"}]}
RESULT: undefined
COMMAND: POST /session/aedcc668f48e21658cbc6750609d6355/element - {"using":"xpath","value":"//*[@id=\"application-managepartners-display-component---masterPtm--smartFilterBar-filterItemControl_BASIC-YARD-vhi\"]"}
RESULT: {}
RESULT: {"using":"xpath","value":"//*[@id=\"application-managepartners-display-component---masterPtm--smartFilterBar-filterItemControl_BASIC-YARD-vhi\"]"}
COMMAND: POST /session/aedcc668f48e21658cbc6750609d6355/element/f.8AFBB3AC1A82BF87553E3B2FEF1B5657.d.CD88E4A659EEFDF6D2CE3E24ADE21BFA.e.6319/click - {}
RESULT: {}
COMMAND: GET /session/aedcc668f48e21658cbc6750609d6355/screenshot - {}
RESULT: {}
COMMAND: POST /session/aedcc668f48e21658cbc6750609d6355/execute/async - {"script":"<script> [1562 bytes]","args":[{"selector":{"id":"application-managepartners-display-component---masterPtm--smartFilterBar-filterItemControl_BASIC-YARD-valueHelpDialog-smartFilterBar-btnBasicSearch","searchOpenDialogs":true,"interaction":{"idSuffix":"I"}},"wdio_ui5_key":"applicationmanagepartners-display-component---masterPtm--smartFilterBar-filterItemControl_BASIC-YARD-valueHelpDialog-smartFilterBar-btnBasicSearch"}]}
RESULT: {"script":"<script> [1562 bytes]","args":[{"selector":{"id":"application-managepartners-display-component---masterPtm--smartFilterBar-filterItemControl_BASIC-YARD-valueHelpDialog-smartFilterBar-btnBasicSearch","searchOpenDialogs":true,"interaction":{"idSuffix":"I"}},"wdio_ui5_key":"applicationmanagepartners-display-component---masterPtm--smartFilterBar-filterItemControl_BASIC-YARD-valueHelpDialog-smartFilterBar-btnBasicSearch"}]}
RESULT: undefined
COMMAND: POST /session/aedcc668f48e21658cbc6750609d6355/execute/async - {"script":"<script> [776 bytes]","args":[{"enterText":"Test","selector":{"id":"application-managepartners-display-component---masterPtm--smartFilterBar-filterItemControl_BASIC-YARD-valueHelpDialog-smartFilterBar-btnBasicSearch","searchOpenDialogs":true,"interaction":{"idSuffix":"I"}},"clearTextFirst":true,"interactionType":"ENTER_TEXT"}]}
RESULT: {"script":"<script> [776 bytes]","args":[{"enterText":"Test","selector":{"id":"application-managepartners-display-component---masterPtm--smartFilterBar-filterItemControl_BASIC-YARD-valueHelpDialog-smartFilterBar-btnBasicSearch","searchOpenDialogs":true,"interaction":{"idSuffix":"I"}},"clearTextFirst":true,"interactionType":"ENTER_TEXT"}]}
COMMAND: POST /session/aedcc668f48e21658cbc6750609d6355/actions - {"actions":[{"id":"action19","type":"key","parameters":{},"actions":[{"type":"keyDown","value":"î€‡"},{"type":"pause","duration":10},{"type":"keyUp","value":"î€‡"}]}]}
RESULT: {"actions":[{"id":"action19","type":"key","parameters":{},"actions":[{"type":"keyDown","value":"î€‡"},{"type":"pause","duration":10},{"type":"keyUp","value":"î€‡"}]}]}
COMMAND: POST /session/aedcc668f48e21658cbc6750609d6355/elements - {"using":"xpath","value":"//table[contains(@id, \"smartFilterBar-filterItemControl_BASIC-YARD-valueHelpDialog-table-table\")]/tbody/tr"}
COMMAND: GET /session/aedcc668f48e21658cbc6750609d6355/screenshot - {}
RESULT: {"using":"xpath","value":"//table[contains(@id, \"smartFilterBar-filterItemControl_BASIC-YARD-valueHelpDialog-table-table\")]/tbody/tr"}
COMMAND: POST /session/aedcc668f48e21658cbc6750609d6355/element - {"using":"xpath","value":"//table[contains(@id, \"smartFilterBar-filterItemControl_BASIC-YARD-valueHelpDialog-table-table\")]/tbody/tr[1]/td[1]/div/span"}
RESULT: {}
RESULT: {"using":"xpath","value":"//table[contains(@id, \"smartFilterBar-filterItemControl_BASIC-YARD-valueHelpDialog-table-table\")]/tbody/tr[1]/td[1]/div/span"}
COMMAND: POST /session/aedcc668f48e21658cbc6750609d6355/elements - {"using":"xpath","value":"//table[contains(@id, \"smartFilterBar-filterItemControl_BASIC-YARD-valueHelpDialog-table-table\")]/tbody/tr[1]/td[1]/div/span"}
RESULT: {"using":"xpath","value":"//table[contains(@id, \"smartFilterBar-filterItemControl_BASIC-YARD-valueHelpDialog-table-table\")]/tbody/tr[1]/td[1]/div/span"}
COMMAND: POST /session/aedcc668f48e21658cbc6750609d6355/execute/sync - {"script":"<script> [56 bytes]","args":[{"element-6066-11e4-a52e-4f735466cecf":"f.8AFBB3AC1A82BF87553E3B2FEF1B5657.d.CD88E4A659EEFDF6D2CE3E24ADE21BFA.e.6339","ELEMENT":"f.8AFBB3AC1A82BF87553E3B2FEF1B5657.d.CD88E4A659EEFDF6D2CE3E24ADE21BFA.e.6339"}]}
RESULT: {"script":"<script> [56 bytes]","args":[{"element-6066-11e4-a52e-4f735466cecf":"f.8AFBB3AC1A82BF87553E3B2FEF1B5657.d.CD88E4A659EEFDF6D2CE3E24ADE21BFA.e.6339","ELEMENT":"f.8AFBB3AC1A82BF87553E3B2FEF1B5657.d.CD88E4A659EEFDF6D2CE3E24ADE21BFA.e.6339"}]}
COMMAND: POST /session/aedcc668f48e21658cbc6750609d6355/element - {"using":"xpath","value":"//table[contains(@id, \"smartFilterBar-filterItemControl_BASIC-YARD-valueHelpDialog-table-table\")]/tbody/tr[2]/td[1]/div/span"}
COMMAND: GET /session/aedcc668f48e21658cbc6750609d6355/screenshot - {}
RESULT: {"using":"xpath","value":"//table[contains(@id, \"smartFilterBar-filterItemControl_BASIC-YARD-valueHelpDialog-table-table\")]/tbody/tr[2]/td[1]/div/span"}
COMMAND: POST /session/aedcc668f48e21658cbc6750609d6355/elements - {"using":"xpath","value":"//table[contains(@id, \"smartFilterBar-filterItemControl_BASIC-YARD-valueHelpDialog-table-table\")]/tbody/tr[2]/td[1]/div/span"}
RESULT: {}
RESULT: {"using":"xpath","value":"//table[contains(@id, \"smartFilterBar-filterItemControl_BASIC-YARD-valueHelpDialog-table-table\")]/tbody/tr[2]/td[1]/div/span"}
COMMAND: POST /session/aedcc668f48e21658cbc6750609d6355/execute/sync - {"script":"<script> [56 bytes]","args":[{"element-6066-11e4-a52e-4f735466cecf":"f.8AFBB3AC1A82BF87553E3B2FEF1B5657.d.CD88E4A659EEFDF6D2CE3E24ADE21BFA.e.6340","ELEMENT":"f.8AFBB3AC1A82BF87553E3B2FEF1B5657.d.CD88E4A659EEFDF6D2CE3E24ADE21BFA.e.6340"}]}
RESULT: {"script":"<script> [56 bytes]","args":[{"element-6066-11e4-a52e-4f735466cecf":"f.8AFBB3AC1A82BF87553E3B2FEF1B5657.d.CD88E4A659EEFDF6D2CE3E24ADE21BFA.e.6340","ELEMENT":"f.8AFBB3AC1A82BF87553E3B2FEF1B5657.d.CD88E4A659EEFDF6D2CE3E24ADE21BFA.e.6340"}]}
COMMAND: POST /session/aedcc668f48e21658cbc6750609d6355/element - {"using":"xpath","value":"//table[contains(@id, \"smartFilterBar-filterItemControl_BASIC-YARD-valueHelpDialog-table-table\")]/tbody/tr[3]/td[1]/div/span"}
COMMAND: GET /session/aedcc668f48e21658cbc6750609d6355/screenshot - {}
RESULT: {"using":"xpath","value":"//table[contains(@id, \"smartFilterBar-filterItemControl_BASIC-YARD-valueHelpDialog-table-table\")]/tbody/tr[3]/td[1]/div/span"}
COMMAND: POST /session/aedcc668f48e21658cbc6750609d6355/elements - {"using":"xpath","value":"//table[contains(@id, \"smartFilterBar-filterItemControl_BASIC-YARD-valueHelpDialog-table-table\")]/tbody/tr[3]/td[1]/div/span"}
RESULT: {}
RESULT: {"using":"xpath","value":"//table[contains(@id, \"smartFilterBar-filterItemControl_BASIC-YARD-valueHelpDialog-table-table\")]/tbody/tr[3]/td[1]/div/span"}
COMMAND: POST /session/aedcc668f48e21658cbc6750609d6355/execute/sync - {"script":"<script> [56 bytes]","args":[{"element-6066-11e4-a52e-4f735466cecf":"f.8AFBB3AC1A82BF87553E3B2FEF1B5657.d.CD88E4A659EEFDF6D2CE3E24ADE21BFA.e.6341","ELEMENT":"f.8AFBB3AC1A82BF87553E3B2FEF1B5657.d.CD88E4A659EEFDF6D2CE3E24ADE21BFA.e.6341"}]}
RESULT: {"script":"<script> [56 bytes]","args":[{"element-6066-11e4-a52e-4f735466cecf":"f.8AFBB3AC1A82BF87553E3B2FEF1B5657.d.CD88E4A659EEFDF6D2CE3E24ADE21BFA.e.6341","ELEMENT":"f.8AFBB3AC1A82BF87553E3B2FEF1B5657.d.CD88E4A659EEFDF6D2CE3E24ADE21BFA.e.6341"}]}
COMMAND: POST /session/aedcc668f48e21658cbc6750609d6355/element - {"using":"xpath","value":"//div[contains(@id, \"filterItemControl_BASIC-YARD-valueHelpDialog-table-rowsel2\")]"}
COMMAND: GET /session/aedcc668f48e21658cbc6750609d6355/screenshot - {}
RESULT: {"using":"xpath","value":"//div[contains(@id, \"filterItemControl_BASIC-YARD-valueHelpDialog-table-rowsel2\")]"}
COMMAND: POST /session/aedcc668f48e21658cbc6750609d6355/element/f.8AFBB3AC1A82BF87553E3B2FEF1B5657.d.CD88E4A659EEFDF6D2CE3E24ADE21BFA.e.6342/click - {}
RESULT: {}
RESULT: {}
COMMAND: GET /session/aedcc668f48e21658cbc6750609d6355/screenshot - {}
RESULT: {}
COMMAND: POST /session/aedcc668f48e21658cbc6750609d6355/element - {"using":"xpath","value":"(//bdi[contains(text(), \"OK\")])[1]"}
RESULT: {"using":"xpath","value":"(//bdi[contains(text(), \"OK\")])[1]"}
COMMAND: POST /session/aedcc668f48e21658cbc6750609d6355/element/f.8AFBB3AC1A82BF87553E3B2FEF1B5657.d.CD88E4A659EEFDF6D2CE3E24ADE21BFA.e.6344/click - {}
RESULT: {}
COMMAND: GET /session/aedcc668f48e21658cbc6750609d6355/screenshot - {}
RESULT: {}
COMMAND: POST /session/aedcc668f48e21658cbc6750609d6355/element - {"using":"xpath","value":"//span[@id=\"application-managepartners-display-component---masterPtm--smartTable-header-inner\"]"}
RESULT: {"using":"xpath","value":"//span[@id=\"application-managepartners-display-component---masterPtm--smartTable-header-inner\"]"}
COMMAND: POST /session/aedcc668f48e21658cbc6750609d6355/elements - {"using":"xpath","value":"//span[@id=\"application-managepartners-display-component---masterPtm--smartTable-header-inner\"]"}
RESULT: {"using":"xpath","value":"//span[@id=\"application-managepartners-display-component---masterPtm--smartTable-header-inner\"]"}
COMMAND: POST /session/aedcc668f48e21658cbc6750609d6355/execute/sync - {"script":"<script> [56 bytes]","args":[{"element-6066-11e4-a52e-4f735466cecf":"f.8AFBB3AC1A82BF87553E3B2FEF1B5657.d.CD88E4A659EEFDF6D2CE3E24ADE21BFA.e.6014","ELEMENT":"f.8AFBB3AC1A82BF87553E3B2FEF1B5657.d.CD88E4A659EEFDF6D2CE3E24ADE21BFA.e.6014"}]}
RESULT: {"script":"<script> [56 bytes]","args":[{"element-6066-11e4-a52e-4f735466cecf":"f.8AFBB3AC1A82BF87553E3B2FEF1B5657.d.CD88E4A659EEFDF6D2CE3E24ADE21BFA.e.6014","ELEMENT":"f.8AFBB3AC1A82BF87553E3B2FEF1B5657.d.CD88E4A659EEFDF6D2CE3E24ADE21BFA.e.6014"}]}
COMMAND: POST /session/aedcc668f48e21658cbc6750609d6355/element - {"using":"xpath","value":"//span[contains(@title, \"Remove\")]"}
COMMAND: GET /session/aedcc668f48e21658cbc6750609d6355/screenshot - {}
RESULT: {"using":"xpath","value":"//span[contains(@title, \"Remove\")]"}
COMMAND: POST /session/aedcc668f48e21658cbc6750609d6355/element/f.8AFBB3AC1A82BF87553E3B2FEF1B5657.d.CD88E4A659EEFDF6D2CE3E24ADE21BFA.e.6357/click - {}
RESULT: {}
RESULT: {}
COMMAND: GET /session/aedcc668f48e21658cbc6750609d6355/screenshot - {}
RESULT: {}
COMMAND: POST /session/aedcc668f48e21658cbc6750609d6355/element - {"using":"xpath","value":"//span[@id=\"application-managepartners-display-component---masterPtm--smartTable-header-inner\"]"}
RESULT: {"using":"xpath","value":"//span[@id=\"application-managepartners-display-component---masterPtm--smartTable-header-inner\"]"}
COMMAND: POST /session/aedcc668f48e21658cbc6750609d6355/elements - {"using":"xpath","value":"//span[@id=\"application-managepartners-display-component---masterPtm--smartTable-header-inner\"]"}
RESULT: {"using":"xpath","value":"//span[@id=\"application-managepartners-display-component---masterPtm--smartTable-header-inner\"]"}
COMMAND: POST /session/aedcc668f48e21658cbc6750609d6355/execute/sync - {"script":"<script> [56 bytes]","args":[{"element-6066-11e4-a52e-4f735466cecf":"f.8AFBB3AC1A82BF87553E3B2FEF1B5657.d.CD88E4A659EEFDF6D2CE3E24ADE21BFA.e.6014","ELEMENT":"f.8AFBB3AC1A82BF87553E3B2FEF1B5657.d.CD88E4A659EEFDF6D2CE3E24ADE21BFA.e.6014"}]}
RESULT: {"script":"<script> [56 bytes]","args":[{"element-6066-11e4-a52e-4f735466cecf":"f.8AFBB3AC1A82BF87553E3B2FEF1B5657.d.CD88E4A659EEFDF6D2CE3E24ADE21BFA.e.6014","ELEMENT":"f.8AFBB3AC1A82BF87553E3B2FEF1B5657.d.CD88E4A659EEFDF6D2CE3E24ADE21BFA.e.6014"}]}
COMMAND: POST /session/aedcc668f48e21658cbc6750609d6355/execute/async - {"script":"<script> [1562 bytes]","args":[{"selector":{"id":"application-managepartners-display-component---masterPtm--smartFilterBar-filterItemControl_BASIC-ALL_TAGS-vhi"},"wdio_ui5_key":"applicationmanagepartners-display-component---masterPtm--smartFilterBar-filterItemControl_BASIC-ALL_TAGS-vhi"}]}
COMMAND: GET /session/aedcc668f48e21658cbc6750609d6355/screenshot - {}
RESULT: {"script":"<script> [1562 bytes]","args":[{"selector":{"id":"application-managepartners-display-component---masterPtm--smartFilterBar-filterItemControl_BASIC-ALL_TAGS-vhi"},"wdio_ui5_key":"applicationmanagepartners-display-component---masterPtm--smartFilterBar-filterItemControl_BASIC-ALL_TAGS-vhi"}]}
RESULT: undefined
COMMAND: POST /session/aedcc668f48e21658cbc6750609d6355/element - {"using":"xpath","value":"//*[@id=\"application-managepartners-display-component---masterPtm--smartFilterBar-filterItemControl_BASIC-ALL_TAGS-vhi\"]"}
RESULT: {}
RESULT: {"using":"xpath","value":"//*[@id=\"application-managepartners-display-component---masterPtm--smartFilterBar-filterItemControl_BASIC-ALL_TAGS-vhi\"]"}
COMMAND: POST /session/aedcc668f48e21658cbc6750609d6355/element/f.8AFBB3AC1A82BF87553E3B2FEF1B5657.d.CD88E4A659EEFDF6D2CE3E24ADE21BFA.e.6464/click - {}
RESULT: {}
COMMAND: GET /session/aedcc668f48e21658cbc6750609d6355/screenshot - {}
RESULT: {}
COMMAND: POST /session/aedcc668f48e21658cbc6750609d6355/execute/async - {"script":"<script> [1562 bytes]","args":[{"selector":{"id":"application-managepartners-display-component---masterPtm--smartFilterBar-filterItemControl_BASIC-ALL_TAGS-valueHelpDialog-smartFilterBar-btnBasicSearch","searchOpenDialogs":true,"interaction":{"idSuffix":"I"}},"wdio_ui5_key":"applicationmanagepartners-display-component---masterPtm--smartFilterBar-filterItemControl_BASIC-ALL_TAGS-valueHelpDialog-smartFilterBar-btnBasicSearch"}]}
RESULT: {"script":"<script> [1562 bytes]","args":[{"selector":{"id":"application-managepartners-display-component---masterPtm--smartFilterBar-filterItemControl_BASIC-ALL_TAGS-valueHelpDialog-smartFilterBar-btnBasicSearch","searchOpenDialogs":true,"interaction":{"idSuffix":"I"}},"wdio_ui5_key":"applicationmanagepartners-display-component---masterPtm--smartFilterBar-filterItemControl_BASIC-ALL_TAGS-valueHelpDialog-smartFilterBar-btnBasicSearch"}]}
RESULT: undefined
COMMAND: POST /session/aedcc668f48e21658cbc6750609d6355/execute/async - {"script":"<script> [776 bytes]","args":[{"enterText":"test-tag-1","selector":{"id":"application-managepartners-display-component---masterPtm--smartFilterBar-filterItemControl_BASIC-ALL_TAGS-valueHelpDialog-smartFilterBar-btnBasicSearch","searchOpenDialogs":true,"interaction":{"idSuffix":"I"}},"clearTextFirst":true,"interactionType":"ENTER_TEXT"}]}
RESULT: {"script":"<script> [776 bytes]","args":[{"enterText":"test-tag-1","selector":{"id":"application-managepartners-display-component---masterPtm--smartFilterBar-filterItemControl_BASIC-ALL_TAGS-valueHelpDialog-smartFilterBar-btnBasicSearch","searchOpenDialogs":true,"interaction":{"idSuffix":"I"}},"clearTextFirst":true,"interactionType":"ENTER_TEXT"}]}
COMMAND: POST /session/aedcc668f48e21658cbc6750609d6355/actions - {"actions":[{"id":"action20","type":"key","parameters":{},"actions":[{"type":"keyDown","value":"î€‡"},{"type":"pause","duration":10},{"type":"keyUp","value":"î€‡"}]}]}
RESULT: {"actions":[{"id":"action20","type":"key","parameters":{},"actions":[{"type":"keyDown","value":"î€‡"},{"type":"pause","duration":10},{"type":"keyUp","value":"î€‡"}]}]}
COMMAND: POST /session/aedcc668f48e21658cbc6750609d6355/elements - {"using":"xpath","value":"//table[contains(@id, \"smartFilterBar-filterItemControl_BASIC-ALL_TAGS-valueHelpDialog-table-table\")]/tbody/tr"}
COMMAND: GET /session/aedcc668f48e21658cbc6750609d6355/screenshot - {}
RESULT: {"using":"xpath","value":"//table[contains(@id, \"smartFilterBar-filterItemControl_BASIC-ALL_TAGS-valueHelpDialog-table-table\")]/tbody/tr"}
COMMAND: POST /session/aedcc668f48e21658cbc6750609d6355/element - {"using":"xpath","value":"//table[contains(@id, \"smartFilterBar-filterItemControl_BASIC-ALL_TAGS-valueHelpDialog-table-table\")]/tbody/tr[1]/td[1]/div/span"}
RESULT: {}
RESULT: {"using":"xpath","value":"//table[contains(@id, \"smartFilterBar-filterItemControl_BASIC-ALL_TAGS-valueHelpDialog-table-table\")]/tbody/tr[1]/td[1]/div/span"}
COMMAND: POST /session/aedcc668f48e21658cbc6750609d6355/elements - {"using":"xpath","value":"//table[contains(@id, \"smartFilterBar-filterItemControl_BASIC-ALL_TAGS-valueHelpDialog-table-table\")]/tbody/tr[1]/td[1]/div/span"}
RESULT: {"using":"xpath","value":"//table[contains(@id, \"smartFilterBar-filterItemControl_BASIC-ALL_TAGS-valueHelpDialog-table-table\")]/tbody/tr[1]/td[1]/div/span"}
COMMAND: POST /session/aedcc668f48e21658cbc6750609d6355/execute/sync - {"script":"<script> [56 bytes]","args":[{"element-6066-11e4-a52e-4f735466cecf":"f.8AFBB3AC1A82BF87553E3B2FEF1B5657.d.CD88E4A659EEFDF6D2CE3E24ADE21BFA.e.6484","ELEMENT":"f.8AFBB3AC1A82BF87553E3B2FEF1B5657.d.CD88E4A659EEFDF6D2CE3E24ADE21BFA.e.6484"}]}
RESULT: {"script":"<script> [56 bytes]","args":[{"element-6066-11e4-a52e-4f735466cecf":"f.8AFBB3AC1A82BF87553E3B2FEF1B5657.d.CD88E4A659EEFDF6D2CE3E24ADE21BFA.e.6484","ELEMENT":"f.8AFBB3AC1A82BF87553E3B2FEF1B5657.d.CD88E4A659EEFDF6D2CE3E24ADE21BFA.e.6484"}]}
COMMAND: POST /session/aedcc668f48e21658cbc6750609d6355/element - {"using":"xpath","value":"//div[contains(@id, \"filterItemControl_BASIC-ALL_TAGS-valueHelpDialog-table-rowsel0\")]"}
COMMAND: GET /session/aedcc668f48e21658cbc6750609d6355/screenshot - {}
RESULT: {"using":"xpath","value":"//div[contains(@id, \"filterItemControl_BASIC-ALL_TAGS-valueHelpDialog-table-rowsel0\")]"}
COMMAND: POST /session/aedcc668f48e21658cbc6750609d6355/element/f.8AFBB3AC1A82BF87553E3B2FEF1B5657.d.CD88E4A659EEFDF6D2CE3E24ADE21BFA.e.6485/click - {}
RESULT: {}
RESULT: {}
COMMAND: GET /session/aedcc668f48e21658cbc6750609d6355/screenshot - {}
RESULT: {}
COMMAND: POST /session/aedcc668f48e21658cbc6750609d6355/element - {"using":"xpath","value":"(//bdi[contains(text(), \"OK\")])[1]"}
RESULT: {"using":"xpath","value":"(//bdi[contains(text(), \"OK\")])[1]"}
COMMAND: POST /session/aedcc668f48e21658cbc6750609d6355/element/f.8AFBB3AC1A82BF87553E3B2FEF1B5657.d.CD88E4A659EEFDF6D2CE3E24ADE21BFA.e.6487/click - {}
RESULT: {}
COMMAND: GET /session/aedcc668f48e21658cbc6750609d6355/screenshot - {}
RESULT: {}
COMMAND: POST /session/aedcc668f48e21658cbc6750609d6355/element - {"using":"xpath","value":"//span[@id=\"application-managepartners-display-component---masterPtm--smartTable-header-inner\"]"}
RESULT: {"using":"xpath","value":"//span[@id=\"application-managepartners-display-component---masterPtm--smartTable-header-inner\"]"}
COMMAND: POST /session/aedcc668f48e21658cbc6750609d6355/elements - {"using":"xpath","value":"//span[@id=\"application-managepartners-display-component---masterPtm--smartTable-header-inner\"]"}
RESULT: {"using":"xpath","value":"//span[@id=\"application-managepartners-display-component---masterPtm--smartTable-header-inner\"]"}
COMMAND: POST /session/aedcc668f48e21658cbc6750609d6355/execute/sync - {"script":"<script> [56 bytes]","args":[{"element-6066-11e4-a52e-4f735466cecf":"f.8AFBB3AC1A82BF87553E3B2FEF1B5657.d.CD88E4A659EEFDF6D2CE3E24ADE21BFA.e.6014","ELEMENT":"f.8AFBB3AC1A82BF87553E3B2FEF1B5657.d.CD88E4A659EEFDF6D2CE3E24ADE21BFA.e.6014"}]}
RESULT: {"script":"<script> [56 bytes]","args":[{"element-6066-11e4-a52e-4f735466cecf":"f.8AFBB3AC1A82BF87553E3B2FEF1B5657.d.CD88E4A659EEFDF6D2CE3E24ADE21BFA.e.6014","ELEMENT":"f.8AFBB3AC1A82BF87553E3B2FEF1B5657.d.CD88E4A659EEFDF6D2CE3E24ADE21BFA.e.6014"}]}
COMMAND: POST /session/aedcc668f48e21658cbc6750609d6355/element - {"using":"xpath","value":"//span[contains(@title, \"Remove\")]"}
COMMAND: GET /session/aedcc668f48e21658cbc6750609d6355/screenshot - {}
RESULT: {"using":"xpath","value":"//span[contains(@title, \"Remove\")]"}
COMMAND: POST /session/aedcc668f48e21658cbc6750609d6355/element/f.8AFBB3AC1A82BF87553E3B2FEF1B5657.d.CD88E4A659EEFDF6D2CE3E24ADE21BFA.e.6509/click - {}
RESULT: {}
RESULT: {}
COMMAND: GET /session/aedcc668f48e21658cbc6750609d6355/screenshot - {}
RESULT: {}
COMMAND: POST /session/aedcc668f48e21658cbc6750609d6355/execute/async - {"script":"<script> [1562 bytes]","args":[{"selector":{"id":"application-managepartners-display-component---masterPtm--partnerTypes-arrow"},"wdio_ui5_key":"applicationmanagepartners-display-component---masterPtm--partnerTypes-arrow"}]}
RESULT: {"script":"<script> [1562 bytes]","args":[{"selector":{"id":"application-managepartners-display-component---masterPtm--partnerTypes-arrow"},"wdio_ui5_key":"applicationmanagepartners-display-component---masterPtm--partnerTypes-arrow"}]}
RESULT: undefined
COMMAND: POST /session/aedcc668f48e21658cbc6750609d6355/element - {"using":"xpath","value":"//*[@id=\"application-managepartners-display-component---masterPtm--partnerTypes-arrow\"]"}
RESULT: {"using":"xpath","value":"//*[@id=\"application-managepartners-display-component---masterPtm--partnerTypes-arrow\"]"}
COMMAND: POST /session/aedcc668f48e21658cbc6750609d6355/element/f.8AFBB3AC1A82BF87553E3B2FEF1B5657.d.CD88E4A659EEFDF6D2CE3E24ADE21BFA.e.6612/click - {}
RESULT: {}
COMMAND: GET /session/aedcc668f48e21658cbc6750609d6355/screenshot - {}
RESULT: {}
COMMAND: POST /session/aedcc668f48e21658cbc6750609d6355/element - {"using":"xpath","value":"//li[.//span[text()=\"External partner\"]]//div[contains(@class,\"sapMCbBg\")]"}
RESULT: {"using":"xpath","value":"//li[.//span[text()=\"External partner\"]]//div[contains(@class,\"sapMCbBg\")]"}
COMMAND: POST /session/aedcc668f48e21658cbc6750609d6355/element/f.8AFBB3AC1A82BF87553E3B2FEF1B5657.d.CD88E4A659EEFDF6D2CE3E24ADE21BFA.e.6615/click - {}
RESULT: {}
COMMAND: GET /session/aedcc668f48e21658cbc6750609d6355/screenshot - {}
RESULT: {}
COMMAND: POST /session/aedcc668f48e21658cbc6750609d6355/element - {"using":"xpath","value":"//span[@id=\"application-managepartners-display-component---masterPtm--smartTable-header-inner\"]"}
RESULT: {"using":"xpath","value":"//span[@id=\"application-managepartners-display-component---masterPtm--smartTable-header-inner\"]"}
COMMAND: POST /session/aedcc668f48e21658cbc6750609d6355/elements - {"using":"xpath","value":"//span[@id=\"application-managepartners-display-component---masterPtm--smartTable-header-inner\"]"}
RESULT: {"using":"xpath","value":"//span[@id=\"application-managepartners-display-component---masterPtm--smartTable-header-inner\"]"}
COMMAND: POST /session/aedcc668f48e21658cbc6750609d6355/execute/sync - {"script":"<script> [56 bytes]","args":[{"element-6066-11e4-a52e-4f735466cecf":"f.8AFBB3AC1A82BF87553E3B2FEF1B5657.d.CD88E4A659EEFDF6D2CE3E24ADE21BFA.e.6014","ELEMENT":"f.8AFBB3AC1A82BF87553E3B2FEF1B5657.d.CD88E4A659EEFDF6D2CE3E24ADE21BFA.e.6014"}]}
RESULT: {"script":"<script> [56 bytes]","args":[{"element-6066-11e4-a52e-4f735466cecf":"f.8AFBB3AC1A82BF87553E3B2FEF1B5657.d.CD88E4A659EEFDF6D2CE3E24ADE21BFA.e.6014","ELEMENT":"f.8AFBB3AC1A82BF87553E3B2FEF1B5657.d.CD88E4A659EEFDF6D2CE3E24ADE21BFA.e.6014"}]}
COMMAND: POST /session/aedcc668f48e21658cbc6750609d6355/element - {"using":"xpath","value":"//span[contains(@title, \"Remove\")]"}
COMMAND: GET /session/aedcc668f48e21658cbc6750609d6355/screenshot - {}
RESULT: {}
RESULT: {"using":"xpath","value":"//span[contains(@title, \"Remove\")]"}
COMMAND: POST /session/aedcc668f48e21658cbc6750609d6355/element/f.8AFBB3AC1A82BF87553E3B2FEF1B5657.d.CD88E4A659EEFDF6D2CE3E24ADE21BFA.e.6702/click - {}
RESULT: {}
COMMAND: GET /session/aedcc668f48e21658cbc6750609d6355/screenshot - {}
RESULT: {}
COMMAND: POST /session/aedcc668f48e21658cbc6750609d6355/execute/async - {"script":"<script> [1562 bytes]","args":[{"selector":{"id":"application-managepartners-display-component---masterPtm--smartFilterBar-btnFilters","interaction":{"idSuffix":"BDI-content"}},"wdio_ui5_key":"applicationmanagepartners-display-component---masterPtm--smartFilterBar-btnFilters"}]}
RESULT: {"script":"<script> [1562 bytes]","args":[{"selector":{"id":"application-managepartners-display-component---masterPtm--smartFilterBar-btnFilters","interaction":{"idSuffix":"BDI-content"}},"wdio_ui5_key":"applicationmanagepartners-display-component---masterPtm--smartFilterBar-btnFilters"}]}
RESULT: undefined
COMMAND: POST /session/aedcc668f48e21658cbc6750609d6355/element - {"using":"xpath","value":"//*[@id=\"application-managepartners-display-component---masterPtm--smartFilterBar-btnFilters\"]"}
RESULT: {"using":"xpath","value":"//*[@id=\"application-managepartners-display-component---masterPtm--smartFilterBar-btnFilters\"]"}
COMMAND: POST /session/aedcc668f48e21658cbc6750609d6355/element/f.8AFBB3AC1A82BF87553E3B2FEF1B5657.d.CD88E4A659EEFDF6D2CE3E24ADE21BFA.e.5868/click - {}
RESULT: {}
COMMAND: GET /session/aedcc668f48e21658cbc6750609d6355/screenshot - {}
RESULT: {}
COMMAND: POST /session/aedcc668f48e21658cbc6750609d6355/elements - {"using":"xpath","value":"//table[contains(@id, \"listView-innerSelectionPanelTable-listUl\")]/tbody/tr"}
RESULT: {"using":"xpath","value":"//table[contains(@id, \"listView-innerSelectionPanelTable-listUl\")]/tbody/tr"}
COMMAND: POST /session/aedcc668f48e21658cbc6750609d6355/element - {"using":"xpath","value":"//table[contains(@id, \"listView-innerSelectionPanelTable-listUl\")]/tbody/tr[2]/td[2]/div/div"}
RESULT: {"using":"xpath","value":"//table[contains(@id, \"listView-innerSelectionPanelTable-listUl\")]/tbody/tr[2]/td[2]/div/div"}
COMMAND: POST /session/aedcc668f48e21658cbc6750609d6355/element - {"using":"xpath","value":"//table[contains(@id, \"listView-innerSelectionPanelTable-listUl\")]/tbody/tr[2]/td[2]/div"}
RESULT: {"using":"xpath","value":"//table[contains(@id, \"listView-innerSelectionPanelTable-listUl\")]/tbody/tr[2]/td[2]/div"}
COMMAND: POST /session/aedcc668f48e21658cbc6750609d6355/element - {"using":"xpath","value":"//table[contains(@id, \"listView-innerSelectionPanelTable-listUl\")]/tbody/tr[2]/td[3]/div/div/span/span[1]/bdi"}
RESULT: {"using":"xpath","value":"//table[contains(@id, \"listView-innerSelectionPanelTable-listUl\")]/tbody/tr[2]/td[3]/div/div/span/span[1]/bdi"}
COMMAND: POST /session/aedcc668f48e21658cbc6750609d6355/execute/sync - {"script":"<script> [56 bytes]","args":[{"element-6066-11e4-a52e-4f735466cecf":"f.8AFBB3AC1A82BF87553E3B2FEF1B5657.d.CD88E4A659EEFDF6D2CE3E24ADE21BFA.e.6818","ELEMENT":"f.8AFBB3AC1A82BF87553E3B2FEF1B5657.d.CD88E4A659EEFDF6D2CE3E24ADE21BFA.e.6818"}]}
RESULT: {"script":"<script> [56 bytes]","args":[{"element-6066-11e4-a52e-4f735466cecf":"f.8AFBB3AC1A82BF87553E3B2FEF1B5657.d.CD88E4A659EEFDF6D2CE3E24ADE21BFA.e.6818","ELEMENT":"f.8AFBB3AC1A82BF87553E3B2FEF1B5657.d.CD88E4A659EEFDF6D2CE3E24ADE21BFA.e.6818"}]}
COMMAND: GET /session/aedcc668f48e21658cbc6750609d6355/element/f.8AFBB3AC1A82BF87553E3B2FEF1B5657.d.CD88E4A659EEFDF6D2CE3E24ADE21BFA.e.6817/attribute/aria-checked - {}
COMMAND: GET /session/aedcc668f48e21658cbc6750609d6355/screenshot - {}
RESULT: {}
COMMAND: POST /session/aedcc668f48e21658cbc6750609d6355/element - {"using":"xpath","value":"//table[contains(@id, \"listView-innerSelectionPanelTable-listUl\")]/tbody/tr[3]/td[2]/div/div"}
RESULT: {}
RESULT: {"using":"xpath","value":"//table[contains(@id, \"listView-innerSelectionPanelTable-listUl\")]/tbody/tr[3]/td[2]/div/div"}
COMMAND: POST /session/aedcc668f48e21658cbc6750609d6355/element - {"using":"xpath","value":"//table[contains(@id, \"listView-innerSelectionPanelTable-listUl\")]/tbody/tr[3]/td[2]/div"}
RESULT: {"using":"xpath","value":"//table[contains(@id, \"listView-innerSelectionPanelTable-listUl\")]/tbody/tr[3]/td[2]/div"}
COMMAND: POST /session/aedcc668f48e21658cbc6750609d6355/element - {"using":"xpath","value":"//table[contains(@id, \"listView-innerSelectionPanelTable-listUl\")]/tbody/tr[3]/td[3]/div/div/span/span[1]/bdi"}
RESULT: {"using":"xpath","value":"//table[contains(@id, \"listView-innerSelectionPanelTable-listUl\")]/tbody/tr[3]/td[3]/div/div/span/span[1]/bdi"}
COMMAND: POST /session/aedcc668f48e21658cbc6750609d6355/execute/sync - {"script":"<script> [56 bytes]","args":[{"element-6066-11e4-a52e-4f735466cecf":"f.8AFBB3AC1A82BF87553E3B2FEF1B5657.d.CD88E4A659EEFDF6D2CE3E24ADE21BFA.e.6821","ELEMENT":"f.8AFBB3AC1A82BF87553E3B2FEF1B5657.d.CD88E4A659EEFDF6D2CE3E24ADE21BFA.e.6821"}]}
RESULT: {"script":"<script> [56 bytes]","args":[{"element-6066-11e4-a52e-4f735466cecf":"f.8AFBB3AC1A82BF87553E3B2FEF1B5657.d.CD88E4A659EEFDF6D2CE3E24ADE21BFA.e.6821","ELEMENT":"f.8AFBB3AC1A82BF87553E3B2FEF1B5657.d.CD88E4A659EEFDF6D2CE3E24ADE21BFA.e.6821"}]}
COMMAND: GET /session/aedcc668f48e21658cbc6750609d6355/element/f.8AFBB3AC1A82BF87553E3B2FEF1B5657.d.CD88E4A659EEFDF6D2CE3E24ADE21BFA.e.6820/attribute/aria-checked - {}
COMMAND: GET /session/aedcc668f48e21658cbc6750609d6355/screenshot - {}
RESULT: {}
COMMAND: POST /session/aedcc668f48e21658cbc6750609d6355/element - {"using":"xpath","value":"//table[contains(@id, \"listView-innerSelectionPanelTable-listUl\")]/tbody/tr[4]/td[2]/div/div"}
RESULT: {}
RESULT: {"using":"xpath","value":"//table[contains(@id, \"listView-innerSelectionPanelTable-listUl\")]/tbody/tr[4]/td[2]/div/div"}
COMMAND: POST /session/aedcc668f48e21658cbc6750609d6355/element - {"using":"xpath","value":"//table[contains(@id, \"listView-innerSelectionPanelTable-listUl\")]/tbody/tr[4]/td[2]/div"}
RESULT: {"using":"xpath","value":"//table[contains(@id, \"listView-innerSelectionPanelTable-listUl\")]/tbody/tr[4]/td[2]/div"}
COMMAND: POST /session/aedcc668f48e21658cbc6750609d6355/element - {"using":"xpath","value":"//table[contains(@id, \"listView-innerSelectionPanelTable-listUl\")]/tbody/tr[4]/td[3]/div/div/span/span[1]/bdi"}
RESULT: {"using":"xpath","value":"//table[contains(@id, \"listView-innerSelectionPanelTable-listUl\")]/tbody/tr[4]/td[3]/div/div/span/span[1]/bdi"}
COMMAND: POST /session/aedcc668f48e21658cbc6750609d6355/execute/sync - {"script":"<script> [56 bytes]","args":[{"element-6066-11e4-a52e-4f735466cecf":"f.8AFBB3AC1A82BF87553E3B2FEF1B5657.d.CD88E4A659EEFDF6D2CE3E24ADE21BFA.e.6824","ELEMENT":"f.8AFBB3AC1A82BF87553E3B2FEF1B5657.d.CD88E4A659EEFDF6D2CE3E24ADE21BFA.e.6824"}]}
RESULT: {"script":"<script> [56 bytes]","args":[{"element-6066-11e4-a52e-4f735466cecf":"f.8AFBB3AC1A82BF87553E3B2FEF1B5657.d.CD88E4A659EEFDF6D2CE3E24ADE21BFA.e.6824","ELEMENT":"f.8AFBB3AC1A82BF87553E3B2FEF1B5657.d.CD88E4A659EEFDF6D2CE3E24ADE21BFA.e.6824"}]}
COMMAND: GET /session/aedcc668f48e21658cbc6750609d6355/element/f.8AFBB3AC1A82BF87553E3B2FEF1B5657.d.CD88E4A659EEFDF6D2CE3E24ADE21BFA.e.6823/attribute/aria-checked - {}
COMMAND: GET /session/aedcc668f48e21658cbc6750609d6355/screenshot - {}
RESULT: {}
COMMAND: POST /session/aedcc668f48e21658cbc6750609d6355/element - {"using":"xpath","value":"//table[contains(@id, \"listView-innerSelectionPanelTable-listUl\")]/tbody/tr[5]/td[2]/div/div"}
RESULT: {}
RESULT: {"using":"xpath","value":"//table[contains(@id, \"listView-innerSelectionPanelTable-listUl\")]/tbody/tr[5]/td[2]/div/div"}
COMMAND: POST /session/aedcc668f48e21658cbc6750609d6355/element - {"using":"xpath","value":"//table[contains(@id, \"listView-innerSelectionPanelTable-listUl\")]/tbody/tr[5]/td[2]/div"}
RESULT: {"using":"xpath","value":"//table[contains(@id, \"listView-innerSelectionPanelTable-listUl\")]/tbody/tr[5]/td[2]/div"}
COMMAND: POST /session/aedcc668f48e21658cbc6750609d6355/element - {"using":"xpath","value":"//table[contains(@id, \"listView-innerSelectionPanelTable-listUl\")]/tbody/tr[5]/td[3]/div/div/span/span[1]/bdi"}
RESULT: {"using":"xpath","value":"//table[contains(@id, \"listView-innerSelectionPanelTable-listUl\")]/tbody/tr[5]/td[3]/div/div/span/span[1]/bdi"}
COMMAND: POST /session/aedcc668f48e21658cbc6750609d6355/execute/sync - {"script":"<script> [56 bytes]","args":[{"element-6066-11e4-a52e-4f735466cecf":"f.8AFBB3AC1A82BF87553E3B2FEF1B5657.d.CD88E4A659EEFDF6D2CE3E24ADE21BFA.e.6827","ELEMENT":"f.8AFBB3AC1A82BF87553E3B2FEF1B5657.d.CD88E4A659EEFDF6D2CE3E24ADE21BFA.e.6827"}]}
RESULT: {"script":"<script> [56 bytes]","args":[{"element-6066-11e4-a52e-4f735466cecf":"f.8AFBB3AC1A82BF87553E3B2FEF1B5657.d.CD88E4A659EEFDF6D2CE3E24ADE21BFA.e.6827","ELEMENT":"f.8AFBB3AC1A82BF87553E3B2FEF1B5657.d.CD88E4A659EEFDF6D2CE3E24ADE21BFA.e.6827"}]}
COMMAND: GET /session/aedcc668f48e21658cbc6750609d6355/element/f.8AFBB3AC1A82BF87553E3B2FEF1B5657.d.CD88E4A659EEFDF6D2CE3E24ADE21BFA.e.6826/attribute/aria-checked - {}
COMMAND: GET /session/aedcc668f48e21658cbc6750609d6355/screenshot - {}
RESULT: {}
COMMAND: POST /session/aedcc668f48e21658cbc6750609d6355/element - {"using":"xpath","value":"//table[contains(@id, \"listView-innerSelectionPanelTable-listUl\")]/tbody/tr[6]/td[2]/div/div"}
RESULT: {}
RESULT: {"using":"xpath","value":"//table[contains(@id, \"listView-innerSelectionPanelTable-listUl\")]/tbody/tr[6]/td[2]/div/div"}
COMMAND: POST /session/aedcc668f48e21658cbc6750609d6355/element - {"using":"xpath","value":"//table[contains(@id, \"listView-innerSelectionPanelTable-listUl\")]/tbody/tr[6]/td[2]/div"}
RESULT: {"using":"xpath","value":"//table[contains(@id, \"listView-innerSelectionPanelTable-listUl\")]/tbody/tr[6]/td[2]/div"}
COMMAND: POST /session/aedcc668f48e21658cbc6750609d6355/element - {"using":"xpath","value":"//table[contains(@id, \"listView-innerSelectionPanelTable-listUl\")]/tbody/tr[6]/td[3]/div/div/span/span[1]/bdi"}
RESULT: {"using":"xpath","value":"//table[contains(@id, \"listView-innerSelectionPanelTable-listUl\")]/tbody/tr[6]/td[3]/div/div/span/span[1]/bdi"}
COMMAND: POST /session/aedcc668f48e21658cbc6750609d6355/execute/sync - {"script":"<script> [56 bytes]","args":[{"element-6066-11e4-a52e-4f735466cecf":"f.8AFBB3AC1A82BF87553E3B2FEF1B5657.d.CD88E4A659EEFDF6D2CE3E24ADE21BFA.e.6830","ELEMENT":"f.8AFBB3AC1A82BF87553E3B2FEF1B5657.d.CD88E4A659EEFDF6D2CE3E24ADE21BFA.e.6830"}]}
RESULT: {"script":"<script> [56 bytes]","args":[{"element-6066-11e4-a52e-4f735466cecf":"f.8AFBB3AC1A82BF87553E3B2FEF1B5657.d.CD88E4A659EEFDF6D2CE3E24ADE21BFA.e.6830","ELEMENT":"f.8AFBB3AC1A82BF87553E3B2FEF1B5657.d.CD88E4A659EEFDF6D2CE3E24ADE21BFA.e.6830"}]}
COMMAND: GET /session/aedcc668f48e21658cbc6750609d6355/element/f.8AFBB3AC1A82BF87553E3B2FEF1B5657.d.CD88E4A659EEFDF6D2CE3E24ADE21BFA.e.6829/attribute/aria-checked - {}
COMMAND: GET /session/aedcc668f48e21658cbc6750609d6355/screenshot - {}
RESULT: {}
COMMAND: POST /session/aedcc668f48e21658cbc6750609d6355/element - {"using":"xpath","value":"//table[contains(@id, \"listView-innerSelectionPanelTable-listUl\")]/tbody/tr[7]/td[2]/div/div"}
RESULT: {}
RESULT: {"using":"xpath","value":"//table[contains(@id, \"listView-innerSelectionPanelTable-listUl\")]/tbody/tr[7]/td[2]/div/div"}
COMMAND: POST /session/aedcc668f48e21658cbc6750609d6355/element - {"using":"xpath","value":"//table[contains(@id, \"listView-innerSelectionPanelTable-listUl\")]/tbody/tr[7]/td[2]/div"}
RESULT: {"using":"xpath","value":"//table[contains(@id, \"listView-innerSelectionPanelTable-listUl\")]/tbody/tr[7]/td[2]/div"}
COMMAND: POST /session/aedcc668f48e21658cbc6750609d6355/element - {"using":"xpath","value":"//table[contains(@id, \"listView-innerSelectionPanelTable-listUl\")]/tbody/tr[7]/td[3]/div/div/span/span[1]/bdi"}
RESULT: {"using":"xpath","value":"//table[contains(@id, \"listView-innerSelectionPanelTable-listUl\")]/tbody/tr[7]/td[3]/div/div/span/span[1]/bdi"}
COMMAND: POST /session/aedcc668f48e21658cbc6750609d6355/execute/sync - {"script":"<script> [56 bytes]","args":[{"element-6066-11e4-a52e-4f735466cecf":"f.8AFBB3AC1A82BF87553E3B2FEF1B5657.d.CD88E4A659EEFDF6D2CE3E24ADE21BFA.e.6833","ELEMENT":"f.8AFBB3AC1A82BF87553E3B2FEF1B5657.d.CD88E4A659EEFDF6D2CE3E24ADE21BFA.e.6833"}]}
RESULT: {"script":"<script> [56 bytes]","args":[{"element-6066-11e4-a52e-4f735466cecf":"f.8AFBB3AC1A82BF87553E3B2FEF1B5657.d.CD88E4A659EEFDF6D2CE3E24ADE21BFA.e.6833","ELEMENT":"f.8AFBB3AC1A82BF87553E3B2FEF1B5657.d.CD88E4A659EEFDF6D2CE3E24ADE21BFA.e.6833"}]}
COMMAND: GET /session/aedcc668f48e21658cbc6750609d6355/element/f.8AFBB3AC1A82BF87553E3B2FEF1B5657.d.CD88E4A659EEFDF6D2CE3E24ADE21BFA.e.6832/attribute/aria-checked - {}
COMMAND: GET /session/aedcc668f48e21658cbc6750609d6355/screenshot - {}
RESULT: {}
COMMAND: POST /session/aedcc668f48e21658cbc6750609d6355/element - {"using":"xpath","value":"//table[contains(@id, \"listView-innerSelectionPanelTable-listUl\")]/tbody/tr[8]/td[2]/div/div"}
RESULT: {}
RESULT: {"using":"xpath","value":"//table[contains(@id, \"listView-innerSelectionPanelTable-listUl\")]/tbody/tr[8]/td[2]/div/div"}
COMMAND: POST /session/aedcc668f48e21658cbc6750609d6355/element - {"using":"xpath","value":"//table[contains(@id, \"listView-innerSelectionPanelTable-listUl\")]/tbody/tr[8]/td[2]/div"}
RESULT: {"using":"xpath","value":"//table[contains(@id, \"listView-innerSelectionPanelTable-listUl\")]/tbody/tr[8]/td[2]/div"}
COMMAND: POST /session/aedcc668f48e21658cbc6750609d6355/element - {"using":"xpath","value":"//table[contains(@id, \"listView-innerSelectionPanelTable-listUl\")]/tbody/tr[8]/td[3]/div/div/span/span[1]/bdi"}
RESULT: {"using":"xpath","value":"//table[contains(@id, \"listView-innerSelectionPanelTable-listUl\")]/tbody/tr[8]/td[3]/div/div/span/span[1]/bdi"}
COMMAND: POST /session/aedcc668f48e21658cbc6750609d6355/execute/sync - {"script":"<script> [56 bytes]","args":[{"element-6066-11e4-a52e-4f735466cecf":"f.8AFBB3AC1A82BF87553E3B2FEF1B5657.d.CD88E4A659EEFDF6D2CE3E24ADE21BFA.e.6836","ELEMENT":"f.8AFBB3AC1A82BF87553E3B2FEF1B5657.d.CD88E4A659EEFDF6D2CE3E24ADE21BFA.e.6836"}]}
RESULT: {"script":"<script> [56 bytes]","args":[{"element-6066-11e4-a52e-4f735466cecf":"f.8AFBB3AC1A82BF87553E3B2FEF1B5657.d.CD88E4A659EEFDF6D2CE3E24ADE21BFA.e.6836","ELEMENT":"f.8AFBB3AC1A82BF87553E3B2FEF1B5657.d.CD88E4A659EEFDF6D2CE3E24ADE21BFA.e.6836"}]}
COMMAND: GET /session/aedcc668f48e21658cbc6750609d6355/element/f.8AFBB3AC1A82BF87553E3B2FEF1B5657.d.CD88E4A659EEFDF6D2CE3E24ADE21BFA.e.6835/attribute/aria-checked - {}
COMMAND: GET /session/aedcc668f48e21658cbc6750609d6355/screenshot - {}
RESULT: {}
COMMAND: POST /session/aedcc668f48e21658cbc6750609d6355/element - {"using":"xpath","value":"//table[contains(@id, \"listView-innerSelectionPanelTable-listUl\")]/tbody/tr[9]/td[2]/div/div"}
RESULT: {}
RESULT: {"using":"xpath","value":"//table[contains(@id, \"listView-innerSelectionPanelTable-listUl\")]/tbody/tr[9]/td[2]/div/div"}
COMMAND: POST /session/aedcc668f48e21658cbc6750609d6355/element - {"using":"xpath","value":"//table[contains(@id, \"listView-innerSelectionPanelTable-listUl\")]/tbody/tr[9]/td[2]/div"}
RESULT: {"using":"xpath","value":"//table[contains(@id, \"listView-innerSelectionPanelTable-listUl\")]/tbody/tr[9]/td[2]/div"}
COMMAND: POST /session/aedcc668f48e21658cbc6750609d6355/element - {"using":"xpath","value":"//table[contains(@id, \"listView-innerSelectionPanelTable-listUl\")]/tbody/tr[9]/td[3]/div/div/span/span[1]/bdi"}
RESULT: {"using":"xpath","value":"//table[contains(@id, \"listView-innerSelectionPanelTable-listUl\")]/tbody/tr[9]/td[3]/div/div/span/span[1]/bdi"}
COMMAND: POST /session/aedcc668f48e21658cbc6750609d6355/execute/sync - {"script":"<script> [56 bytes]","args":[{"element-6066-11e4-a52e-4f735466cecf":"f.8AFBB3AC1A82BF87553E3B2FEF1B5657.d.CD88E4A659EEFDF6D2CE3E24ADE21BFA.e.6839","ELEMENT":"f.8AFBB3AC1A82BF87553E3B2FEF1B5657.d.CD88E4A659EEFDF6D2CE3E24ADE21BFA.e.6839"}]}
RESULT: {"script":"<script> [56 bytes]","args":[{"element-6066-11e4-a52e-4f735466cecf":"f.8AFBB3AC1A82BF87553E3B2FEF1B5657.d.CD88E4A659EEFDF6D2CE3E24ADE21BFA.e.6839","ELEMENT":"f.8AFBB3AC1A82BF87553E3B2FEF1B5657.d.CD88E4A659EEFDF6D2CE3E24ADE21BFA.e.6839"}]}
COMMAND: GET /session/aedcc668f48e21658cbc6750609d6355/element/f.8AFBB3AC1A82BF87553E3B2FEF1B5657.d.CD88E4A659EEFDF6D2CE3E24ADE21BFA.e.6838/attribute/aria-checked - {}
COMMAND: GET /session/aedcc668f48e21658cbc6750609d6355/screenshot - {}
RESULT: {}
COMMAND: POST /session/aedcc668f48e21658cbc6750609d6355/element - {"using":"xpath","value":"//table[contains(@id, \"listView-innerSelectionPanelTable-listUl\")]/tbody/tr[10]/td[2]/div/div"}
RESULT: {}
RESULT: {"using":"xpath","value":"//table[contains(@id, \"listView-innerSelectionPanelTable-listUl\")]/tbody/tr[10]/td[2]/div/div"}
COMMAND: POST /session/aedcc668f48e21658cbc6750609d6355/element - {"using":"xpath","value":"//table[contains(@id, \"listView-innerSelectionPanelTable-listUl\")]/tbody/tr[10]/td[2]/div"}
RESULT: {"using":"xpath","value":"//table[contains(@id, \"listView-innerSelectionPanelTable-listUl\")]/tbody/tr[10]/td[2]/div"}
COMMAND: POST /session/aedcc668f48e21658cbc6750609d6355/element - {"using":"xpath","value":"//table[contains(@id, \"listView-innerSelectionPanelTable-listUl\")]/tbody/tr[10]/td[3]/div/div/span/span[1]/bdi"}
RESULT: {"using":"xpath","value":"//table[contains(@id, \"listView-innerSelectionPanelTable-listUl\")]/tbody/tr[10]/td[3]/div/div/span/span[1]/bdi"}
COMMAND: POST /session/aedcc668f48e21658cbc6750609d6355/execute/sync - {"script":"<script> [56 bytes]","args":[{"element-6066-11e4-a52e-4f735466cecf":"f.8AFBB3AC1A82BF87553E3B2FEF1B5657.d.CD88E4A659EEFDF6D2CE3E24ADE21BFA.e.6842","ELEMENT":"f.8AFBB3AC1A82BF87553E3B2FEF1B5657.d.CD88E4A659EEFDF6D2CE3E24ADE21BFA.e.6842"}]}
RESULT: {"script":"<script> [56 bytes]","args":[{"element-6066-11e4-a52e-4f735466cecf":"f.8AFBB3AC1A82BF87553E3B2FEF1B5657.d.CD88E4A659EEFDF6D2CE3E24ADE21BFA.e.6842","ELEMENT":"f.8AFBB3AC1A82BF87553E3B2FEF1B5657.d.CD88E4A659EEFDF6D2CE3E24ADE21BFA.e.6842"}]}
COMMAND: GET /session/aedcc668f48e21658cbc6750609d6355/element/f.8AFBB3AC1A82BF87553E3B2FEF1B5657.d.CD88E4A659EEFDF6D2CE3E24ADE21BFA.e.6841/attribute/aria-checked - {}
COMMAND: GET /session/aedcc668f48e21658cbc6750609d6355/screenshot - {}
RESULT: {}
COMMAND: POST /session/aedcc668f48e21658cbc6750609d6355/element - {"using":"xpath","value":"//table[contains(@id, \"listView-innerSelectionPanelTable-listUl\")]/tbody/tr[11]/td[2]/div/div"}
RESULT: {}
RESULT: {"using":"xpath","value":"//table[contains(@id, \"listView-innerSelectionPanelTable-listUl\")]/tbody/tr[11]/td[2]/div/div"}
COMMAND: POST /session/aedcc668f48e21658cbc6750609d6355/element - {"using":"xpath","value":"//table[contains(@id, \"listView-innerSelectionPanelTable-listUl\")]/tbody/tr[11]/td[2]/div"}
RESULT: {"using":"xpath","value":"//table[contains(@id, \"listView-innerSelectionPanelTable-listUl\")]/tbody/tr[11]/td[2]/div"}
COMMAND: POST /session/aedcc668f48e21658cbc6750609d6355/element - {"using":"xpath","value":"//table[contains(@id, \"listView-innerSelectionPanelTable-listUl\")]/tbody/tr[11]/td[3]/div/div/span/span[1]/bdi"}
RESULT: {"using":"xpath","value":"//table[contains(@id, \"listView-innerSelectionPanelTable-listUl\")]/tbody/tr[11]/td[3]/div/div/span/span[1]/bdi"}
COMMAND: POST /session/aedcc668f48e21658cbc6750609d6355/execute/sync - {"script":"<script> [56 bytes]","args":[{"element-6066-11e4-a52e-4f735466cecf":"f.8AFBB3AC1A82BF87553E3B2FEF1B5657.d.CD88E4A659EEFDF6D2CE3E24ADE21BFA.e.6845","ELEMENT":"f.8AFBB3AC1A82BF87553E3B2FEF1B5657.d.CD88E4A659EEFDF6D2CE3E24ADE21BFA.e.6845"}]}
RESULT: {"script":"<script> [56 bytes]","args":[{"element-6066-11e4-a52e-4f735466cecf":"f.8AFBB3AC1A82BF87553E3B2FEF1B5657.d.CD88E4A659EEFDF6D2CE3E24ADE21BFA.e.6845","ELEMENT":"f.8AFBB3AC1A82BF87553E3B2FEF1B5657.d.CD88E4A659EEFDF6D2CE3E24ADE21BFA.e.6845"}]}
COMMAND: GET /session/aedcc668f48e21658cbc6750609d6355/element/f.8AFBB3AC1A82BF87553E3B2FEF1B5657.d.CD88E4A659EEFDF6D2CE3E24ADE21BFA.e.6844/attribute/aria-checked - {}
COMMAND: GET /session/aedcc668f48e21658cbc6750609d6355/screenshot - {}
RESULT: {}
COMMAND: POST /session/aedcc668f48e21658cbc6750609d6355/element - {"using":"xpath","value":"//table[contains(@id, \"listView-innerSelectionPanelTable-listUl\")]/tbody/tr[12]/td[2]/div/div"}
RESULT: {}
RESULT: {"using":"xpath","value":"//table[contains(@id, \"listView-innerSelectionPanelTable-listUl\")]/tbody/tr[12]/td[2]/div/div"}
COMMAND: POST /session/aedcc668f48e21658cbc6750609d6355/element - {"using":"xpath","value":"//table[contains(@id, \"listView-innerSelectionPanelTable-listUl\")]/tbody/tr[12]/td[2]/div"}
RESULT: {"using":"xpath","value":"//table[contains(@id, \"listView-innerSelectionPanelTable-listUl\")]/tbody/tr[12]/td[2]/div"}
COMMAND: POST /session/aedcc668f48e21658cbc6750609d6355/element - {"using":"xpath","value":"//table[contains(@id, \"listView-innerSelectionPanelTable-listUl\")]/tbody/tr[12]/td[3]/div/div/span/span[1]/bdi"}
RESULT: {"using":"xpath","value":"//table[contains(@id, \"listView-innerSelectionPanelTable-listUl\")]/tbody/tr[12]/td[3]/div/div/span/span[1]/bdi"}
COMMAND: POST /session/aedcc668f48e21658cbc6750609d6355/execute/sync - {"script":"<script> [56 bytes]","args":[{"element-6066-11e4-a52e-4f735466cecf":"f.8AFBB3AC1A82BF87553E3B2FEF1B5657.d.CD88E4A659EEFDF6D2CE3E24ADE21BFA.e.6848","ELEMENT":"f.8AFBB3AC1A82BF87553E3B2FEF1B5657.d.CD88E4A659EEFDF6D2CE3E24ADE21BFA.e.6848"}]}
RESULT: {"script":"<script> [56 bytes]","args":[{"element-6066-11e4-a52e-4f735466cecf":"f.8AFBB3AC1A82BF87553E3B2FEF1B5657.d.CD88E4A659EEFDF6D2CE3E24ADE21BFA.e.6848","ELEMENT":"f.8AFBB3AC1A82BF87553E3B2FEF1B5657.d.CD88E4A659EEFDF6D2CE3E24ADE21BFA.e.6848"}]}
COMMAND: GET /session/aedcc668f48e21658cbc6750609d6355/element/f.8AFBB3AC1A82BF87553E3B2FEF1B5657.d.CD88E4A659EEFDF6D2CE3E24ADE21BFA.e.6847/attribute/aria-checked - {}
COMMAND: GET /session/aedcc668f48e21658cbc6750609d6355/screenshot - {}
RESULT: {}
COMMAND: POST /session/aedcc668f48e21658cbc6750609d6355/element - {"using":"xpath","value":"//table[contains(@id, \"listView-innerSelectionPanelTable-listUl\")]/tbody/tr[13]/td[2]/div/div"}
RESULT: {}
RESULT: {"using":"xpath","value":"//table[contains(@id, \"listView-innerSelectionPanelTable-listUl\")]/tbody/tr[13]/td[2]/div/div"}
COMMAND: POST /session/aedcc668f48e21658cbc6750609d6355/element - {"using":"xpath","value":"//table[contains(@id, \"listView-innerSelectionPanelTable-listUl\")]/tbody/tr[13]/td[2]/div"}
RESULT: {"using":"xpath","value":"//table[contains(@id, \"listView-innerSelectionPanelTable-listUl\")]/tbody/tr[13]/td[2]/div"}
COMMAND: POST /session/aedcc668f48e21658cbc6750609d6355/element - {"using":"xpath","value":"//table[contains(@id, \"listView-innerSelectionPanelTable-listUl\")]/tbody/tr[13]/td[3]/div/div/span/span[1]/bdi"}
RESULT: {"using":"xpath","value":"//table[contains(@id, \"listView-innerSelectionPanelTable-listUl\")]/tbody/tr[13]/td[3]/div/div/span/span[1]/bdi"}
COMMAND: POST /session/aedcc668f48e21658cbc6750609d6355/execute/sync - {"script":"<script> [56 bytes]","args":[{"element-6066-11e4-a52e-4f735466cecf":"f.8AFBB3AC1A82BF87553E3B2FEF1B5657.d.CD88E4A659EEFDF6D2CE3E24ADE21BFA.e.6851","ELEMENT":"f.8AFBB3AC1A82BF87553E3B2FEF1B5657.d.CD88E4A659EEFDF6D2CE3E24ADE21BFA.e.6851"}]}
RESULT: {"script":"<script> [56 bytes]","args":[{"element-6066-11e4-a52e-4f735466cecf":"f.8AFBB3AC1A82BF87553E3B2FEF1B5657.d.CD88E4A659EEFDF6D2CE3E24ADE21BFA.e.6851","ELEMENT":"f.8AFBB3AC1A82BF87553E3B2FEF1B5657.d.CD88E4A659EEFDF6D2CE3E24ADE21BFA.e.6851"}]}
COMMAND: GET /session/aedcc668f48e21658cbc6750609d6355/element/f.8AFBB3AC1A82BF87553E3B2FEF1B5657.d.CD88E4A659EEFDF6D2CE3E24ADE21BFA.e.6850/attribute/aria-checked - {}
COMMAND: GET /session/aedcc668f48e21658cbc6750609d6355/screenshot - {}
RESULT: {}
COMMAND: POST /session/aedcc668f48e21658cbc6750609d6355/element - {"using":"xpath","value":"//table[contains(@id, \"listView-innerSelectionPanelTable-listUl\")]/tbody/tr[14]/td[2]/div/div"}
COMMAND: POST /session/aedcc668f48e21658cbc6750609d6355/element/f.8AFBB3AC1A82BF87553E3B2FEF1B5657.d.CD88E4A659EEFDF6D2CE3E24ADE21BFA.e.6849/click - {}
RESULT: {}
RESULT: {"using":"xpath","value":"//table[contains(@id, \"listView-innerSelectionPanelTable-listUl\")]/tbody/tr[14]/td[2]/div/div"}
COMMAND: POST /session/aedcc668f48e21658cbc6750609d6355/element - {"using":"xpath","value":"//table[contains(@id, \"listView-innerSelectionPanelTable-listUl\")]/tbody/tr[14]/td[2]/div"}
RESULT: {}
COMMAND: GET /session/aedcc668f48e21658cbc6750609d6355/screenshot - {}
RESULT: {"using":"xpath","value":"//table[contains(@id, \"listView-innerSelectionPanelTable-listUl\")]/tbody/tr[14]/td[2]/div"}
COMMAND: POST /session/aedcc668f48e21658cbc6750609d6355/element - {"using":"xpath","value":"//table[contains(@id, \"listView-innerSelectionPanelTable-listUl\")]/tbody/tr[14]/td[3]/div/div/span/span[1]/bdi"}
RESULT: {}
RESULT: {"using":"xpath","value":"//table[contains(@id, \"listView-innerSelectionPanelTable-listUl\")]/tbody/tr[14]/td[3]/div/div/span/span[1]/bdi"}
COMMAND: POST /session/aedcc668f48e21658cbc6750609d6355/execute/sync - {"script":"<script> [56 bytes]","args":[{"element-6066-11e4-a52e-4f735466cecf":"f.8AFBB3AC1A82BF87553E3B2FEF1B5657.d.CD88E4A659EEFDF6D2CE3E24ADE21BFA.e.6855","ELEMENT":"f.8AFBB3AC1A82BF87553E3B2FEF1B5657.d.CD88E4A659EEFDF6D2CE3E24ADE21BFA.e.6855"}]}
RESULT: {"script":"<script> [56 bytes]","args":[{"element-6066-11e4-a52e-4f735466cecf":"f.8AFBB3AC1A82BF87553E3B2FEF1B5657.d.CD88E4A659EEFDF6D2CE3E24ADE21BFA.e.6855","ELEMENT":"f.8AFBB3AC1A82BF87553E3B2FEF1B5657.d.CD88E4A659EEFDF6D2CE3E24ADE21BFA.e.6855"}]}
COMMAND: GET /session/aedcc668f48e21658cbc6750609d6355/element/f.8AFBB3AC1A82BF87553E3B2FEF1B5657.d.CD88E4A659EEFDF6D2CE3E24ADE21BFA.e.6854/attribute/aria-checked - {}
COMMAND: GET /session/aedcc668f48e21658cbc6750609d6355/screenshot - {}
RESULT: {}
COMMAND: POST /session/aedcc668f48e21658cbc6750609d6355/element - {"using":"xpath","value":"//table[contains(@id, \"listView-innerSelectionPanelTable-listUl\")]/tbody/tr[15]/td[2]/div/div"}
RESULT: {}
RESULT: {"using":"xpath","value":"//table[contains(@id, \"listView-innerSelectionPanelTable-listUl\")]/tbody/tr[15]/td[2]/div/div"}
COMMAND: POST /session/aedcc668f48e21658cbc6750609d6355/element - {"using":"xpath","value":"//table[contains(@id, \"listView-innerSelectionPanelTable-listUl\")]/tbody/tr[15]/td[2]/div"}
RESULT: {"using":"xpath","value":"//table[contains(@id, \"listView-innerSelectionPanelTable-listUl\")]/tbody/tr[15]/td[2]/div"}
COMMAND: POST /session/aedcc668f48e21658cbc6750609d6355/element - {"using":"xpath","value":"//table[contains(@id, \"listView-innerSelectionPanelTable-listUl\")]/tbody/tr[15]/td[3]/div/div/span/span[1]/bdi"}
RESULT: {"using":"xpath","value":"//table[contains(@id, \"listView-innerSelectionPanelTable-listUl\")]/tbody/tr[15]/td[3]/div/div/span/span[1]/bdi"}
COMMAND: POST /session/aedcc668f48e21658cbc6750609d6355/execute/sync - {"script":"<script> [56 bytes]","args":[{"element-6066-11e4-a52e-4f735466cecf":"f.8AFBB3AC1A82BF87553E3B2FEF1B5657.d.CD88E4A659EEFDF6D2CE3E24ADE21BFA.e.6858","ELEMENT":"f.8AFBB3AC1A82BF87553E3B2FEF1B5657.d.CD88E4A659EEFDF6D2CE3E24ADE21BFA.e.6858"}]}
RESULT: {"script":"<script> [56 bytes]","args":[{"element-6066-11e4-a52e-4f735466cecf":"f.8AFBB3AC1A82BF87553E3B2FEF1B5657.d.CD88E4A659EEFDF6D2CE3E24ADE21BFA.e.6858","ELEMENT":"f.8AFBB3AC1A82BF87553E3B2FEF1B5657.d.CD88E4A659EEFDF6D2CE3E24ADE21BFA.e.6858"}]}
COMMAND: GET /session/aedcc668f48e21658cbc6750609d6355/element/f.8AFBB3AC1A82BF87553E3B2FEF1B5657.d.CD88E4A659EEFDF6D2CE3E24ADE21BFA.e.6857/attribute/aria-checked - {}
COMMAND: GET /session/aedcc668f48e21658cbc6750609d6355/screenshot - {}
RESULT: {}
COMMAND: POST /session/aedcc668f48e21658cbc6750609d6355/element - {"using":"xpath","value":"//table[contains(@id, \"listView-innerSelectionPanelTable-listUl\")]/tbody/tr[16]/td[2]/div/div"}
RESULT: {}
RESULT: {"using":"xpath","value":"//table[contains(@id, \"listView-innerSelectionPanelTable-listUl\")]/tbody/tr[16]/td[2]/div/div"}
COMMAND: POST /session/aedcc668f48e21658cbc6750609d6355/element - {"using":"xpath","value":"//table[contains(@id, \"listView-innerSelectionPanelTable-listUl\")]/tbody/tr[16]/td[2]/div"}
RESULT: {"using":"xpath","value":"//table[contains(@id, \"listView-innerSelectionPanelTable-listUl\")]/tbody/tr[16]/td[2]/div"}
COMMAND: POST /session/aedcc668f48e21658cbc6750609d6355/element - {"using":"xpath","value":"//table[contains(@id, \"listView-innerSelectionPanelTable-listUl\")]/tbody/tr[16]/td[3]/div/div/span/span[1]/bdi"}
RESULT: {"using":"xpath","value":"//table[contains(@id, \"listView-innerSelectionPanelTable-listUl\")]/tbody/tr[16]/td[3]/div/div/span/span[1]/bdi"}
COMMAND: POST /session/aedcc668f48e21658cbc6750609d6355/execute/sync - {"script":"<script> [56 bytes]","args":[{"element-6066-11e4-a52e-4f735466cecf":"f.8AFBB3AC1A82BF87553E3B2FEF1B5657.d.CD88E4A659EEFDF6D2CE3E24ADE21BFA.e.6861","ELEMENT":"f.8AFBB3AC1A82BF87553E3B2FEF1B5657.d.CD88E4A659EEFDF6D2CE3E24ADE21BFA.e.6861"}]}
RESULT: {"script":"<script> [56 bytes]","args":[{"element-6066-11e4-a52e-4f735466cecf":"f.8AFBB3AC1A82BF87553E3B2FEF1B5657.d.CD88E4A659EEFDF6D2CE3E24ADE21BFA.e.6861","ELEMENT":"f.8AFBB3AC1A82BF87553E3B2FEF1B5657.d.CD88E4A659EEFDF6D2CE3E24ADE21BFA.e.6861"}]}
COMMAND: GET /session/aedcc668f48e21658cbc6750609d6355/element/f.8AFBB3AC1A82BF87553E3B2FEF1B5657.d.CD88E4A659EEFDF6D2CE3E24ADE21BFA.e.6860/attribute/aria-checked - {}
COMMAND: GET /session/aedcc668f48e21658cbc6750609d6355/screenshot - {}
RESULT: {}
COMMAND: POST /session/aedcc668f48e21658cbc6750609d6355/element - {"using":"xpath","value":"//table[contains(@id, \"listView-innerSelectionPanelTable-listUl\")]/tbody/tr[17]/td[2]/div/div"}
RESULT: {}
RESULT: {"using":"xpath","value":"//table[contains(@id, \"listView-innerSelectionPanelTable-listUl\")]/tbody/tr[17]/td[2]/div/div"}
COMMAND: POST /session/aedcc668f48e21658cbc6750609d6355/element - {"using":"xpath","value":"//table[contains(@id, \"listView-innerSelectionPanelTable-listUl\")]/tbody/tr[17]/td[2]/div"}
RESULT: {"using":"xpath","value":"//table[contains(@id, \"listView-innerSelectionPanelTable-listUl\")]/tbody/tr[17]/td[2]/div"}
COMMAND: POST /session/aedcc668f48e21658cbc6750609d6355/element - {"using":"xpath","value":"//table[contains(@id, \"listView-innerSelectionPanelTable-listUl\")]/tbody/tr[17]/td[3]/div/div/span/span[1]/bdi"}
RESULT: {"using":"xpath","value":"//table[contains(@id, \"listView-innerSelectionPanelTable-listUl\")]/tbody/tr[17]/td[3]/div/div/span/span[1]/bdi"}
COMMAND: POST /session/aedcc668f48e21658cbc6750609d6355/execute/sync - {"script":"<script> [56 bytes]","args":[{"element-6066-11e4-a52e-4f735466cecf":"f.8AFBB3AC1A82BF87553E3B2FEF1B5657.d.CD88E4A659EEFDF6D2CE3E24ADE21BFA.e.6864","ELEMENT":"f.8AFBB3AC1A82BF87553E3B2FEF1B5657.d.CD88E4A659EEFDF6D2CE3E24ADE21BFA.e.6864"}]}
RESULT: {"script":"<script> [56 bytes]","args":[{"element-6066-11e4-a52e-4f735466cecf":"f.8AFBB3AC1A82BF87553E3B2FEF1B5657.d.CD88E4A659EEFDF6D2CE3E24ADE21BFA.e.6864","ELEMENT":"f.8AFBB3AC1A82BF87553E3B2FEF1B5657.d.CD88E4A659EEFDF6D2CE3E24ADE21BFA.e.6864"}]}
COMMAND: GET /session/aedcc668f48e21658cbc6750609d6355/element/f.8AFBB3AC1A82BF87553E3B2FEF1B5657.d.CD88E4A659EEFDF6D2CE3E24ADE21BFA.e.6863/attribute/aria-checked - {}
COMMAND: GET /session/aedcc668f48e21658cbc6750609d6355/screenshot - {}
RESULT: {}
COMMAND: POST /session/aedcc668f48e21658cbc6750609d6355/element - {"using":"xpath","value":"//table[contains(@id, \"listView-innerSelectionPanelTable-listUl\")]/tbody/tr[18]/td[2]/div/div"}
RESULT: {}
RESULT: {"using":"xpath","value":"//table[contains(@id, \"listView-innerSelectionPanelTable-listUl\")]/tbody/tr[18]/td[2]/div/div"}
COMMAND: POST /session/aedcc668f48e21658cbc6750609d6355/element - {"using":"xpath","value":"//table[contains(@id, \"listView-innerSelectionPanelTable-listUl\")]/tbody/tr[18]/td[2]/div"}
RESULT: {"using":"xpath","value":"//table[contains(@id, \"listView-innerSelectionPanelTable-listUl\")]/tbody/tr[18]/td[2]/div"}
COMMAND: POST /session/aedcc668f48e21658cbc6750609d6355/element - {"using":"xpath","value":"//table[contains(@id, \"listView-innerSelectionPanelTable-listUl\")]/tbody/tr[18]/td[3]/div/div/span/span[1]/bdi"}
RESULT: {"using":"xpath","value":"//table[contains(@id, \"listView-innerSelectionPanelTable-listUl\")]/tbody/tr[18]/td[3]/div/div/span/span[1]/bdi"}
COMMAND: POST /session/aedcc668f48e21658cbc6750609d6355/execute/sync - {"script":"<script> [56 bytes]","args":[{"element-6066-11e4-a52e-4f735466cecf":"f.8AFBB3AC1A82BF87553E3B2FEF1B5657.d.CD88E4A659EEFDF6D2CE3E24ADE21BFA.e.6867","ELEMENT":"f.8AFBB3AC1A82BF87553E3B2FEF1B5657.d.CD88E4A659EEFDF6D2CE3E24ADE21BFA.e.6867"}]}
RESULT: {"script":"<script> [56 bytes]","args":[{"element-6066-11e4-a52e-4f735466cecf":"f.8AFBB3AC1A82BF87553E3B2FEF1B5657.d.CD88E4A659EEFDF6D2CE3E24ADE21BFA.e.6867","ELEMENT":"f.8AFBB3AC1A82BF87553E3B2FEF1B5657.d.CD88E4A659EEFDF6D2CE3E24ADE21BFA.e.6867"}]}
COMMAND: GET /session/aedcc668f48e21658cbc6750609d6355/element/f.8AFBB3AC1A82BF87553E3B2FEF1B5657.d.CD88E4A659EEFDF6D2CE3E24ADE21BFA.e.6866/attribute/aria-checked - {}
COMMAND: GET /session/aedcc668f48e21658cbc6750609d6355/screenshot - {}
RESULT: {}
COMMAND: POST /session/aedcc668f48e21658cbc6750609d6355/element - {"using":"xpath","value":"//table[contains(@id, \"listView-innerSelectionPanelTable-listUl\")]/tbody/tr[19]/td[2]/div/div"}
RESULT: {}
RESULT: {"using":"xpath","value":"//table[contains(@id, \"listView-innerSelectionPanelTable-listUl\")]/tbody/tr[19]/td[2]/div/div"}
COMMAND: POST /session/aedcc668f48e21658cbc6750609d6355/element - {"using":"xpath","value":"//table[contains(@id, \"listView-innerSelectionPanelTable-listUl\")]/tbody/tr[19]/td[2]/div"}
RESULT: {"using":"xpath","value":"//table[contains(@id, \"listView-innerSelectionPanelTable-listUl\")]/tbody/tr[19]/td[2]/div"}
COMMAND: POST /session/aedcc668f48e21658cbc6750609d6355/element - {"using":"xpath","value":"//table[contains(@id, \"listView-innerSelectionPanelTable-listUl\")]/tbody/tr[19]/td[3]/div/div/span/span[1]/bdi"}
RESULT: {"using":"xpath","value":"//table[contains(@id, \"listView-innerSelectionPanelTable-listUl\")]/tbody/tr[19]/td[3]/div/div/span/span[1]/bdi"}
COMMAND: POST /session/aedcc668f48e21658cbc6750609d6355/execute/sync - {"script":"<script> [56 bytes]","args":[{"element-6066-11e4-a52e-4f735466cecf":"f.8AFBB3AC1A82BF87553E3B2FEF1B5657.d.CD88E4A659EEFDF6D2CE3E24ADE21BFA.e.6870","ELEMENT":"f.8AFBB3AC1A82BF87553E3B2FEF1B5657.d.CD88E4A659EEFDF6D2CE3E24ADE21BFA.e.6870"}]}
RESULT: {"script":"<script> [56 bytes]","args":[{"element-6066-11e4-a52e-4f735466cecf":"f.8AFBB3AC1A82BF87553E3B2FEF1B5657.d.CD88E4A659EEFDF6D2CE3E24ADE21BFA.e.6870","ELEMENT":"f.8AFBB3AC1A82BF87553E3B2FEF1B5657.d.CD88E4A659EEFDF6D2CE3E24ADE21BFA.e.6870"}]}
COMMAND: GET /session/aedcc668f48e21658cbc6750609d6355/element/f.8AFBB3AC1A82BF87553E3B2FEF1B5657.d.CD88E4A659EEFDF6D2CE3E24ADE21BFA.e.6869/attribute/aria-checked - {}
COMMAND: GET /session/aedcc668f48e21658cbc6750609d6355/screenshot - {}
RESULT: {}
COMMAND: POST /session/aedcc668f48e21658cbc6750609d6355/element - {"using":"xpath","value":"//table[contains(@id, \"listView-innerSelectionPanelTable-listUl\")]/tbody/tr[20]/td[2]/div/div"}
RESULT: {}
RESULT: {"using":"xpath","value":"//table[contains(@id, \"listView-innerSelectionPanelTable-listUl\")]/tbody/tr[20]/td[2]/div/div"}
COMMAND: POST /session/aedcc668f48e21658cbc6750609d6355/element - {"using":"xpath","value":"//table[contains(@id, \"listView-innerSelectionPanelTable-listUl\")]/tbody/tr[20]/td[2]/div"}
RESULT: {"using":"xpath","value":"//table[contains(@id, \"listView-innerSelectionPanelTable-listUl\")]/tbody/tr[20]/td[2]/div"}
COMMAND: POST /session/aedcc668f48e21658cbc6750609d6355/element - {"using":"xpath","value":"//table[contains(@id, \"listView-innerSelectionPanelTable-listUl\")]/tbody/tr[20]/td[3]/div/div/span/span[1]/bdi"}
RESULT: {"using":"xpath","value":"//table[contains(@id, \"listView-innerSelectionPanelTable-listUl\")]/tbody/tr[20]/td[3]/div/div/span/span[1]/bdi"}
COMMAND: POST /session/aedcc668f48e21658cbc6750609d6355/execute/sync - {"script":"<script> [56 bytes]","args":[{"element-6066-11e4-a52e-4f735466cecf":"f.8AFBB3AC1A82BF87553E3B2FEF1B5657.d.CD88E4A659EEFDF6D2CE3E24ADE21BFA.e.6873","ELEMENT":"f.8AFBB3AC1A82BF87553E3B2FEF1B5657.d.CD88E4A659EEFDF6D2CE3E24ADE21BFA.e.6873"}]}
RESULT: {"script":"<script> [56 bytes]","args":[{"element-6066-11e4-a52e-4f735466cecf":"f.8AFBB3AC1A82BF87553E3B2FEF1B5657.d.CD88E4A659EEFDF6D2CE3E24ADE21BFA.e.6873","ELEMENT":"f.8AFBB3AC1A82BF87553E3B2FEF1B5657.d.CD88E4A659EEFDF6D2CE3E24ADE21BFA.e.6873"}]}
COMMAND: GET /session/aedcc668f48e21658cbc6750609d6355/element/f.8AFBB3AC1A82BF87553E3B2FEF1B5657.d.CD88E4A659EEFDF6D2CE3E24ADE21BFA.e.6872/attribute/aria-checked - {}
COMMAND: GET /session/aedcc668f48e21658cbc6750609d6355/screenshot - {}
RESULT: {}
COMMAND: POST /session/aedcc668f48e21658cbc6750609d6355/element - {"using":"xpath","value":"//table[contains(@id, \"listView-innerSelectionPanelTable-listUl\")]/tbody/tr[21]/td[2]/div/div"}
RESULT: {}
RESULT: {"using":"xpath","value":"//table[contains(@id, \"listView-innerSelectionPanelTable-listUl\")]/tbody/tr[21]/td[2]/div/div"}
COMMAND: POST /session/aedcc668f48e21658cbc6750609d6355/element - {"using":"xpath","value":"//table[contains(@id, \"listView-innerSelectionPanelTable-listUl\")]/tbody/tr[21]/td[2]/div"}
RESULT: {"using":"xpath","value":"//table[contains(@id, \"listView-innerSelectionPanelTable-listUl\")]/tbody/tr[21]/td[2]/div"}
COMMAND: POST /session/aedcc668f48e21658cbc6750609d6355/element - {"using":"xpath","value":"//table[contains(@id, \"listView-innerSelectionPanelTable-listUl\")]/tbody/tr[21]/td[3]/div/div/span/span[1]/bdi"}
RESULT: {"using":"xpath","value":"//table[contains(@id, \"listView-innerSelectionPanelTable-listUl\")]/tbody/tr[21]/td[3]/div/div/span/span[1]/bdi"}
COMMAND: POST /session/aedcc668f48e21658cbc6750609d6355/execute/sync - {"script":"<script> [56 bytes]","args":[{"element-6066-11e4-a52e-4f735466cecf":"f.8AFBB3AC1A82BF87553E3B2FEF1B5657.d.CD88E4A659EEFDF6D2CE3E24ADE21BFA.e.6876","ELEMENT":"f.8AFBB3AC1A82BF87553E3B2FEF1B5657.d.CD88E4A659EEFDF6D2CE3E24ADE21BFA.e.6876"}]}
RESULT: {"script":"<script> [56 bytes]","args":[{"element-6066-11e4-a52e-4f735466cecf":"f.8AFBB3AC1A82BF87553E3B2FEF1B5657.d.CD88E4A659EEFDF6D2CE3E24ADE21BFA.e.6876","ELEMENT":"f.8AFBB3AC1A82BF87553E3B2FEF1B5657.d.CD88E4A659EEFDF6D2CE3E24ADE21BFA.e.6876"}]}
COMMAND: GET /session/aedcc668f48e21658cbc6750609d6355/element/f.8AFBB3AC1A82BF87553E3B2FEF1B5657.d.CD88E4A659EEFDF6D2CE3E24ADE21BFA.e.6875/attribute/aria-checked - {}
COMMAND: GET /session/aedcc668f48e21658cbc6750609d6355/screenshot - {}
RESULT: {}
COMMAND: POST /session/aedcc668f48e21658cbc6750609d6355/element - {"using":"xpath","value":"//table[contains(@id, \"listView-innerSelectionPanelTable-listUl\")]/tbody/tr[22]/td[2]/div/div"}
RESULT: {}
RESULT: {"using":"xpath","value":"//table[contains(@id, \"listView-innerSelectionPanelTable-listUl\")]/tbody/tr[22]/td[2]/div/div"}
COMMAND: POST /session/aedcc668f48e21658cbc6750609d6355/element - {"using":"xpath","value":"//table[contains(@id, \"listView-innerSelectionPanelTable-listUl\")]/tbody/tr[22]/td[2]/div"}
RESULT: {"using":"xpath","value":"//table[contains(@id, \"listView-innerSelectionPanelTable-listUl\")]/tbody/tr[22]/td[2]/div"}
COMMAND: POST /session/aedcc668f48e21658cbc6750609d6355/element - {"using":"xpath","value":"//table[contains(@id, \"listView-innerSelectionPanelTable-listUl\")]/tbody/tr[22]/td[3]/div/div/span/span[1]/bdi"}
RESULT: {"using":"xpath","value":"//table[contains(@id, \"listView-innerSelectionPanelTable-listUl\")]/tbody/tr[22]/td[3]/div/div/span/span[1]/bdi"}
COMMAND: POST /session/aedcc668f48e21658cbc6750609d6355/execute/sync - {"script":"<script> [56 bytes]","args":[{"element-6066-11e4-a52e-4f735466cecf":"f.8AFBB3AC1A82BF87553E3B2FEF1B5657.d.CD88E4A659EEFDF6D2CE3E24ADE21BFA.e.6879","ELEMENT":"f.8AFBB3AC1A82BF87553E3B2FEF1B5657.d.CD88E4A659EEFDF6D2CE3E24ADE21BFA.e.6879"}]}
RESULT: {"script":"<script> [56 bytes]","args":[{"element-6066-11e4-a52e-4f735466cecf":"f.8AFBB3AC1A82BF87553E3B2FEF1B5657.d.CD88E4A659EEFDF6D2CE3E24ADE21BFA.e.6879","ELEMENT":"f.8AFBB3AC1A82BF87553E3B2FEF1B5657.d.CD88E4A659EEFDF6D2CE3E24ADE21BFA.e.6879"}]}
COMMAND: GET /session/aedcc668f48e21658cbc6750609d6355/element/f.8AFBB3AC1A82BF87553E3B2FEF1B5657.d.CD88E4A659EEFDF6D2CE3E24ADE21BFA.e.6878/attribute/aria-checked - {}
COMMAND: GET /session/aedcc668f48e21658cbc6750609d6355/screenshot - {}
RESULT: {}
COMMAND: POST /session/aedcc668f48e21658cbc6750609d6355/element - {"using":"xpath","value":"//table[contains(@id, \"listView-innerSelectionPanelTable-listUl\")]/tbody/tr[23]/td[2]/div/div"}
RESULT: {}
RESULT: {"using":"xpath","value":"//table[contains(@id, \"listView-innerSelectionPanelTable-listUl\")]/tbody/tr[23]/td[2]/div/div"}
COMMAND: POST /session/aedcc668f48e21658cbc6750609d6355/element - {"using":"xpath","value":"//table[contains(@id, \"listView-innerSelectionPanelTable-listUl\")]/tbody/tr[23]/td[2]/div"}
RESULT: {"using":"xpath","value":"//table[contains(@id, \"listView-innerSelectionPanelTable-listUl\")]/tbody/tr[23]/td[2]/div"}
COMMAND: POST /session/aedcc668f48e21658cbc6750609d6355/element - {"using":"xpath","value":"//table[contains(@id, \"listView-innerSelectionPanelTable-listUl\")]/tbody/tr[23]/td[3]/div/div/span/span[1]/bdi"}
RESULT: {"using":"xpath","value":"//table[contains(@id, \"listView-innerSelectionPanelTable-listUl\")]/tbody/tr[23]/td[3]/div/div/span/span[1]/bdi"}
COMMAND: POST /session/aedcc668f48e21658cbc6750609d6355/execute/sync - {"script":"<script> [56 bytes]","args":[{"element-6066-11e4-a52e-4f735466cecf":"f.8AFBB3AC1A82BF87553E3B2FEF1B5657.d.CD88E4A659EEFDF6D2CE3E24ADE21BFA.e.6882","ELEMENT":"f.8AFBB3AC1A82BF87553E3B2FEF1B5657.d.CD88E4A659EEFDF6D2CE3E24ADE21BFA.e.6882"}]}
RESULT: {"script":"<script> [56 bytes]","args":[{"element-6066-11e4-a52e-4f735466cecf":"f.8AFBB3AC1A82BF87553E3B2FEF1B5657.d.CD88E4A659EEFDF6D2CE3E24ADE21BFA.e.6882","ELEMENT":"f.8AFBB3AC1A82BF87553E3B2FEF1B5657.d.CD88E4A659EEFDF6D2CE3E24ADE21BFA.e.6882"}]}
COMMAND: GET /session/aedcc668f48e21658cbc6750609d6355/element/f.8AFBB3AC1A82BF87553E3B2FEF1B5657.d.CD88E4A659EEFDF6D2CE3E24ADE21BFA.e.6881/attribute/aria-checked - {}
COMMAND: GET /session/aedcc668f48e21658cbc6750609d6355/screenshot - {}
RESULT: {}
COMMAND: POST /session/aedcc668f48e21658cbc6750609d6355/element - {"using":"xpath","value":"//table[contains(@id, \"listView-innerSelectionPanelTable-listUl\")]/tbody/tr[24]/td[2]/div/div"}
RESULT: {}
RESULT: {"using":"xpath","value":"//table[contains(@id, \"listView-innerSelectionPanelTable-listUl\")]/tbody/tr[24]/td[2]/div/div"}
COMMAND: POST /session/aedcc668f48e21658cbc6750609d6355/element - {"using":"xpath","value":"//table[contains(@id, \"listView-innerSelectionPanelTable-listUl\")]/tbody/tr[24]/td[2]/div"}
RESULT: {"using":"xpath","value":"//table[contains(@id, \"listView-innerSelectionPanelTable-listUl\")]/tbody/tr[24]/td[2]/div"}
COMMAND: POST /session/aedcc668f48e21658cbc6750609d6355/element - {"using":"xpath","value":"//table[contains(@id, \"listView-innerSelectionPanelTable-listUl\")]/tbody/tr[24]/td[3]/div/div/span/span[1]/bdi"}
RESULT: {"using":"xpath","value":"//table[contains(@id, \"listView-innerSelectionPanelTable-listUl\")]/tbody/tr[24]/td[3]/div/div/span/span[1]/bdi"}
COMMAND: POST /session/aedcc668f48e21658cbc6750609d6355/execute/sync - {"script":"<script> [56 bytes]","args":[{"element-6066-11e4-a52e-4f735466cecf":"f.8AFBB3AC1A82BF87553E3B2FEF1B5657.d.CD88E4A659EEFDF6D2CE3E24ADE21BFA.e.6885","ELEMENT":"f.8AFBB3AC1A82BF87553E3B2FEF1B5657.d.CD88E4A659EEFDF6D2CE3E24ADE21BFA.e.6885"}]}
RESULT: {"script":"<script> [56 bytes]","args":[{"element-6066-11e4-a52e-4f735466cecf":"f.8AFBB3AC1A82BF87553E3B2FEF1B5657.d.CD88E4A659EEFDF6D2CE3E24ADE21BFA.e.6885","ELEMENT":"f.8AFBB3AC1A82BF87553E3B2FEF1B5657.d.CD88E4A659EEFDF6D2CE3E24ADE21BFA.e.6885"}]}
COMMAND: GET /session/aedcc668f48e21658cbc6750609d6355/element/f.8AFBB3AC1A82BF87553E3B2FEF1B5657.d.CD88E4A659EEFDF6D2CE3E24ADE21BFA.e.6884/attribute/aria-checked - {}
COMMAND: GET /session/aedcc668f48e21658cbc6750609d6355/screenshot - {}
RESULT: {}
COMMAND: POST /session/aedcc668f48e21658cbc6750609d6355/element - {"using":"xpath","value":"//table[contains(@id, \"listView-innerSelectionPanelTable-listUl\")]/tbody/tr[25]/td[2]/div/div"}
RESULT: {}
RESULT: {"using":"xpath","value":"//table[contains(@id, \"listView-innerSelectionPanelTable-listUl\")]/tbody/tr[25]/td[2]/div/div"}
COMMAND: POST /session/aedcc668f48e21658cbc6750609d6355/element - {"using":"xpath","value":"//table[contains(@id, \"listView-innerSelectionPanelTable-listUl\")]/tbody/tr[25]/td[2]/div"}
RESULT: {"using":"xpath","value":"//table[contains(@id, \"listView-innerSelectionPanelTable-listUl\")]/tbody/tr[25]/td[2]/div"}
COMMAND: POST /session/aedcc668f48e21658cbc6750609d6355/element - {"using":"xpath","value":"//table[contains(@id, \"listView-innerSelectionPanelTable-listUl\")]/tbody/tr[25]/td[3]/div/div/span/span[1]/bdi"}
RESULT: {"using":"xpath","value":"//table[contains(@id, \"listView-innerSelectionPanelTable-listUl\")]/tbody/tr[25]/td[3]/div/div/span/span[1]/bdi"}
COMMAND: POST /session/aedcc668f48e21658cbc6750609d6355/execute/sync - {"script":"<script> [56 bytes]","args":[{"element-6066-11e4-a52e-4f735466cecf":"f.8AFBB3AC1A82BF87553E3B2FEF1B5657.d.CD88E4A659EEFDF6D2CE3E24ADE21BFA.e.6888","ELEMENT":"f.8AFBB3AC1A82BF87553E3B2FEF1B5657.d.CD88E4A659EEFDF6D2CE3E24ADE21BFA.e.6888"}]}
RESULT: {"script":"<script> [56 bytes]","args":[{"element-6066-11e4-a52e-4f735466cecf":"f.8AFBB3AC1A82BF87553E3B2FEF1B5657.d.CD88E4A659EEFDF6D2CE3E24ADE21BFA.e.6888","ELEMENT":"f.8AFBB3AC1A82BF87553E3B2FEF1B5657.d.CD88E4A659EEFDF6D2CE3E24ADE21BFA.e.6888"}]}
COMMAND: GET /session/aedcc668f48e21658cbc6750609d6355/element/f.8AFBB3AC1A82BF87553E3B2FEF1B5657.d.CD88E4A659EEFDF6D2CE3E24ADE21BFA.e.6887/attribute/aria-checked - {}
COMMAND: GET /session/aedcc668f48e21658cbc6750609d6355/screenshot - {}
RESULT: {}
COMMAND: POST /session/aedcc668f48e21658cbc6750609d6355/element - {"using":"xpath","value":"//bdi[contains(text(), \"OK\")]"}
RESULT: {}
RESULT: {"using":"xpath","value":"//bdi[contains(text(), \"OK\")]"}
COMMAND: POST /session/aedcc668f48e21658cbc6750609d6355/element/f.8AFBB3AC1A82BF87553E3B2FEF1B5657.d.CD88E4A659EEFDF6D2CE3E24ADE21BFA.e.6889/click - {}
RESULT: {}
COMMAND: GET /session/aedcc668f48e21658cbc6750609d6355/screenshot - {}
RESULT: {}
COMMAND: POST /session/aedcc668f48e21658cbc6750609d6355/execute/async - {"script":"<script> [1562 bytes]","args":[{"selector":{"id":"application-managepartners-display-component---masterPtm--smartFilterBar-filterItemControlA_-LINK_TO_ADDRESSES_MAIN.CITY1-vhi"},"wdio_ui5_key":"applicationmanagepartners-display-component---masterPtm--smartFilterBar-filterItemControlA_-LINK_TO_ADDRESSES_MAIN.CITY1-vhi"}]}
RESULT: {"script":"<script> [1562 bytes]","args":[{"selector":{"id":"application-managepartners-display-component---masterPtm--smartFilterBar-filterItemControlA_-LINK_TO_ADDRESSES_MAIN.CITY1-vhi"},"wdio_ui5_key":"applicationmanagepartners-display-component---masterPtm--smartFilterBar-filterItemControlA_-LINK_TO_ADDRESSES_MAIN.CITY1-vhi"}]}
RESULT: undefined
COMMAND: POST /session/aedcc668f48e21658cbc6750609d6355/element - {"using":"xpath","value":"//*[@id=\"application-managepartners-display-component---masterPtm--smartFilterBar-filterItemControlA_-LINK_TO_ADDRESSES_MAIN.CITY1-vhi\"]"}
RESULT: {"using":"xpath","value":"//*[@id=\"application-managepartners-display-component---masterPtm--smartFilterBar-filterItemControlA_-LINK_TO_ADDRESSES_MAIN.CITY1-vhi\"]"}
COMMAND: POST /session/aedcc668f48e21658cbc6750609d6355/element/f.8AFBB3AC1A82BF87553E3B2FEF1B5657.d.CD88E4A659EEFDF6D2CE3E24ADE21BFA.e.6903/click - {}
RESULT: {}
COMMAND: GET /session/aedcc668f48e21658cbc6750609d6355/screenshot - {}
RESULT: {}
COMMAND: POST /session/aedcc668f48e21658cbc6750609d6355/execute/async - {"script":"<script> [1562 bytes]","args":[{"selector":{"controlType":"sap.m.Input","viewName":"etm.portal.ui.managepartners.view.Master","viewId":"application-managepartners-display-component---masterPtm","properties":{"valueState":"None"},"searchOpenDialogs":true,"interaction":{"idSuffix":"inner"}},"wdio_ui5_key":"etmportal.ui.managepartners.view.Mastersap.m.Input{\"valueState\":\"None\"}"}]}
RESULT: {"script":"<script> [1562 bytes]","args":[{"selector":{"controlType":"sap.m.Input","viewName":"etm.portal.ui.managepartners.view.Master","viewId":"application-managepartners-display-component---masterPtm","properties":{"valueState":"None"},"searchOpenDialogs":true,"interaction":{"idSuffix":"inner"}},"wdio_ui5_key":"etmportal.ui.managepartners.view.Mastersap.m.Input{\"valueState\":\"None\"}"}]}
RESULT: undefined
COMMAND: POST /session/aedcc668f48e21658cbc6750609d6355/execute/async - {"script":"<script> [776 bytes]","args":[{"enterText":"Bangalore","selector":{"controlType":"sap.m.Input","viewName":"etm.portal.ui.managepartners.view.Master","viewId":"application-managepartners-display-component---masterPtm","properties":{"valueState":"None"},"searchOpenDialogs":true,"interaction":{"idSuffix":"inner"}},"clearTextFirst":true,"interactionType":"ENTER_TEXT"}]}
RESULT: {"script":"<script> [776 bytes]","args":[{"enterText":"Bangalore","selector":{"controlType":"sap.m.Input","viewName":"etm.portal.ui.managepartners.view.Master","viewId":"application-managepartners-display-component---masterPtm","properties":{"valueState":"None"},"searchOpenDialogs":true,"interaction":{"idSuffix":"inner"}},"clearTextFirst":true,"interactionType":"ENTER_TEXT"}]}
COMMAND: POST /session/aedcc668f48e21658cbc6750609d6355/actions - {"actions":[{"id":"action21","type":"key","parameters":{},"actions":[{"type":"keyDown","value":"î€‡"},{"type":"pause","duration":10},{"type":"keyUp","value":"î€‡"}]}]}
RESULT: {"actions":[{"id":"action21","type":"key","parameters":{},"actions":[{"type":"keyDown","value":"î€‡"},{"type":"pause","duration":10},{"type":"keyUp","value":"î€‡"}]}]}
COMMAND: GET /session/aedcc668f48e21658cbc6750609d6355/screenshot - {}
RESULT: {}
COMMAND: POST /session/aedcc668f48e21658cbc6750609d6355/element - {"using":"xpath","value":"(//bdi[contains(text(), \"OK\")])[1]"}
RESULT: {"using":"xpath","value":"(//bdi[contains(text(), \"OK\")])[1]"}
COMMAND: POST /session/aedcc668f48e21658cbc6750609d6355/element/f.8AFBB3AC1A82BF87553E3B2FEF1B5657.d.CD88E4A659EEFDF6D2CE3E24ADE21BFA.e.6909/click - {}
RESULT: {}
COMMAND: GET /session/aedcc668f48e21658cbc6750609d6355/screenshot - {}
RESULT: {}
COMMAND: POST /session/aedcc668f48e21658cbc6750609d6355/element - {"using":"xpath","value":"//span[@id=\"application-managepartners-display-component---masterPtm--smartTable-header-inner\"]"}
RESULT: {"using":"xpath","value":"//span[@id=\"application-managepartners-display-component---masterPtm--smartTable-header-inner\"]"}
COMMAND: POST /session/aedcc668f48e21658cbc6750609d6355/elements - {"using":"xpath","value":"//span[@id=\"application-managepartners-display-component---masterPtm--smartTable-header-inner\"]"}
RESULT: {"using":"xpath","value":"//span[@id=\"application-managepartners-display-component---masterPtm--smartTable-header-inner\"]"}
COMMAND: POST /session/aedcc668f48e21658cbc6750609d6355/execute/sync - {"script":"<script> [56 bytes]","args":[{"element-6066-11e4-a52e-4f735466cecf":"f.8AFBB3AC1A82BF87553E3B2FEF1B5657.d.CD88E4A659EEFDF6D2CE3E24ADE21BFA.e.6014","ELEMENT":"f.8AFBB3AC1A82BF87553E3B2FEF1B5657.d.CD88E4A659EEFDF6D2CE3E24ADE21BFA.e.6014"}]}
RESULT: {"script":"<script> [56 bytes]","args":[{"element-6066-11e4-a52e-4f735466cecf":"f.8AFBB3AC1A82BF87553E3B2FEF1B5657.d.CD88E4A659EEFDF6D2CE3E24ADE21BFA.e.6014","ELEMENT":"f.8AFBB3AC1A82BF87553E3B2FEF1B5657.d.CD88E4A659EEFDF6D2CE3E24ADE21BFA.e.6014"}]}
COMMAND: POST /session/aedcc668f48e21658cbc6750609d6355/element - {"using":"xpath","value":"//span[contains(@title, \"Remove\")]"}
COMMAND: GET /session/aedcc668f48e21658cbc6750609d6355/screenshot - {}
RESULT: {"using":"xpath","value":"//span[contains(@title, \"Remove\")]"}
COMMAND: POST /session/aedcc668f48e21658cbc6750609d6355/element/f.8AFBB3AC1A82BF87553E3B2FEF1B5657.d.CD88E4A659EEFDF6D2CE3E24ADE21BFA.e.6991/click - {}
RESULT: {}
RESULT: {}
COMMAND: GET /session/aedcc668f48e21658cbc6750609d6355/screenshot - {}
RESULT: {}
COMMAND: POST /session/aedcc668f48e21658cbc6750609d6355/element - {"using":"xpath","value":"//span[@id=\"application-managepartners-display-component---masterPtm--smartTable-header-inner\"]"}
RESULT: {"using":"xpath","value":"//span[@id=\"application-managepartners-display-component---masterPtm--smartTable-header-inner\"]"}
COMMAND: POST /session/aedcc668f48e21658cbc6750609d6355/elements - {"using":"xpath","value":"//span[@id=\"application-managepartners-display-component---masterPtm--smartTable-header-inner\"]"}
RESULT: {"using":"xpath","value":"//span[@id=\"application-managepartners-display-component---masterPtm--smartTable-header-inner\"]"}
COMMAND: POST /session/aedcc668f48e21658cbc6750609d6355/execute/sync - {"script":"<script> [56 bytes]","args":[{"element-6066-11e4-a52e-4f735466cecf":"f.8AFBB3AC1A82BF87553E3B2FEF1B5657.d.CD88E4A659EEFDF6D2CE3E24ADE21BFA.e.6014","ELEMENT":"f.8AFBB3AC1A82BF87553E3B2FEF1B5657.d.CD88E4A659EEFDF6D2CE3E24ADE21BFA.e.6014"}]}
RESULT: {"script":"<script> [56 bytes]","args":[{"element-6066-11e4-a52e-4f735466cecf":"f.8AFBB3AC1A82BF87553E3B2FEF1B5657.d.CD88E4A659EEFDF6D2CE3E24ADE21BFA.e.6014","ELEMENT":"f.8AFBB3AC1A82BF87553E3B2FEF1B5657.d.CD88E4A659EEFDF6D2CE3E24ADE21BFA.e.6014"}]}
COMMAND: POST /session/aedcc668f48e21658cbc6750609d6355/element - {"using":"css selector","value":"#shell-header-logo"}
COMMAND: GET /session/aedcc668f48e21658cbc6750609d6355/screenshot - {}
RESULT: {"using":"css selector","value":"#shell-header-logo"}
COMMAND: POST /session/aedcc668f48e21658cbc6750609d6355/element/f.8AFBB3AC1A82BF87553E3B2FEF1B5657.d.CD88E4A659EEFDF6D2CE3E24ADE21BFA.e.5846/click - {}
RESULT: {}
RESULT: {}
COMMAND: GET /session/aedcc668f48e21658cbc6750609d6355/screenshot - {}
RESULT: {}
]]></system-out>
    </testcase>
    <testcase classname="chrome.135_0_7049_115.windows.Partner_specific_tests_US150819_US151080_US151654_US151176_US103444_US151078_US151079_US151109_US151174_US151175_US151189" name="Should try to save empty partner US151174" time="40.727">
      <system-out><![CDATA[
COMMAND: POST /session/aedcc668f48e21658cbc6750609d6355/element - {"using":"xpath","value":"//li[.//span[text()=\"Manage Partners\"]]"}
RESULT: {"using":"xpath","value":"//li[.//span[text()=\"Manage Partners\"]]"}
COMMAND: POST /session/aedcc668f48e21658cbc6750609d6355/element - {"using":"xpath","value":"//li[.//span[text()=\"Manage Partners\"]]"}
RESULT: {"using":"xpath","value":"//li[.//span[text()=\"Manage Partners\"]]"}
COMMAND: POST /session/aedcc668f48e21658cbc6750609d6355/element - {"using":"css selector","value":"#shell-header-logo"}
RESULT: {"using":"css selector","value":"#shell-header-logo"}
COMMAND: POST /session/aedcc668f48e21658cbc6750609d6355/element/f.8AFBB3AC1A82BF87553E3B2FEF1B5657.d.CD88E4A659EEFDF6D2CE3E24ADE21BFA.e.7087/click - {}
COMMAND: POST /session/aedcc668f48e21658cbc6750609d6355/execute/sync - {"script":"<script> [8489 bytes]","args":[{"element-6066-11e4-a52e-4f735466cecf":"f.8AFBB3AC1A82BF87553E3B2FEF1B5657.d.CD88E4A659EEFDF6D2CE3E24ADE21BFA.e.7087","ELEMENT":"f.8AFBB3AC1A82BF87553E3B2FEF1B5657.d.CD88E4A659EEFDF6D2CE3E24ADE21BFA.e.7087"}]}
RESULT: {"script":"<script> [8489 bytes]","args":[{"element-6066-11e4-a52e-4f735466cecf":"f.8AFBB3AC1A82BF87553E3B2FEF1B5657.d.CD88E4A659EEFDF6D2CE3E24ADE21BFA.e.7087","ELEMENT":"f.8AFBB3AC1A82BF87553E3B2FEF1B5657.d.CD88E4A659EEFDF6D2CE3E24ADE21BFA.e.7087"}]}
COMMAND: POST /session/aedcc668f48e21658cbc6750609d6355/execute/sync - {"script":"<script> [5351 bytes]","args":[{"element-6066-11e4-a52e-4f735466cecf":"f.8AFBB3AC1A82BF87553E3B2FEF1B5657.d.CD88E4A659EEFDF6D2CE3E24ADE21BFA.e.7087","ELEMENT":"f.8AFBB3AC1A82BF87553E3B2FEF1B5657.d.CD88E4A659EEFDF6D2CE3E24ADE21BFA.e.7087"}]}
COMMAND: GET /session/aedcc668f48e21658cbc6750609d6355/screenshot - {}
RESULT: {}
COMMAND: GET /session/aedcc668f48e21658cbc6750609d6355/screenshot - {}
RESULT: {"script":"<script> [5351 bytes]","args":[{"element-6066-11e4-a52e-4f735466cecf":"f.8AFBB3AC1A82BF87553E3B2FEF1B5657.d.CD88E4A659EEFDF6D2CE3E24ADE21BFA.e.7087","ELEMENT":"f.8AFBB3AC1A82BF87553E3B2FEF1B5657.d.CD88E4A659EEFDF6D2CE3E24ADE21BFA.e.7087"}]}
COMMAND: GET /session/aedcc668f48e21658cbc6750609d6355/screenshot - {}
RESULT: {}
RESULT: {}
RESULT: {}
RESULT: undefined
COMMAND: POST /session/aedcc668f48e21658cbc6750609d6355/element - {"using":"xpath","value":"//*[@id=\"__tile30\"]"}
RESULT: {"using":"xpath","value":"//*[@id=\"__tile30\"]"}
COMMAND: POST /session/aedcc668f48e21658cbc6750609d6355/element/f.8AFBB3AC1A82BF87553E3B2FEF1B5657.d.CD88E4A659EEFDF6D2CE3E24ADE21BFA.e.4504/click - {}
RESULT: {}
COMMAND: POST /session/aedcc668f48e21658cbc6750609d6355/element - {"using":"xpath","value":"//button[@data-kt=\"addButton\"]"}
COMMAND: GET /session/aedcc668f48e21658cbc6750609d6355/screenshot - {}
RESULT: {"using":"xpath","value":"//button[@data-kt=\"addButton\"]"}
COMMAND: POST /session/aedcc668f48e21658cbc6750609d6355/elements - {"using":"xpath","value":"//button[@data-kt=\"addButton\"]"}
RESULT: {}
RESULT: {"using":"xpath","value":"//button[@data-kt=\"addButton\"]"}
COMMAND: POST /session/aedcc668f48e21658cbc6750609d6355/element - {"using":"xpath","value":"//button[@data-kt=\"addButton\"]"}
RESULT: {"using":"xpath","value":"//button[@data-kt=\"addButton\"]"}
COMMAND: POST /session/aedcc668f48e21658cbc6750609d6355/execute/sync - {"script":"<script> [8489 bytes]","args":[{"element-6066-11e4-a52e-4f735466cecf":"f.8AFBB3AC1A82BF87553E3B2FEF1B5657.d.CD88E4A659EEFDF6D2CE3E24ADE21BFA.e.7121","ELEMENT":"f.8AFBB3AC1A82BF87553E3B2FEF1B5657.d.CD88E4A659EEFDF6D2CE3E24ADE21BFA.e.7121"}]}
RESULT: {"script":"<script> [8489 bytes]","args":[{"element-6066-11e4-a52e-4f735466cecf":"f.8AFBB3AC1A82BF87553E3B2FEF1B5657.d.CD88E4A659EEFDF6D2CE3E24ADE21BFA.e.7121","ELEMENT":"f.8AFBB3AC1A82BF87553E3B2FEF1B5657.d.CD88E4A659EEFDF6D2CE3E24ADE21BFA.e.7121"}]}
COMMAND: GET /session/aedcc668f48e21658cbc6750609d6355/element/f.8AFBB3AC1A82BF87553E3B2FEF1B5657.d.CD88E4A659EEFDF6D2CE3E24ADE21BFA.e.7121/enabled - {}
COMMAND: GET /session/aedcc668f48e21658cbc6750609d6355/screenshot - {}
RESULT: {}
COMMAND: POST /session/aedcc668f48e21658cbc6750609d6355/execute/sync - {"script":"<script> [8489 bytes]","args":[{"element-6066-11e4-a52e-4f735466cecf":"f.8AFBB3AC1A82BF87553E3B2FEF1B5657.d.CD88E4A659EEFDF6D2CE3E24ADE21BFA.e.7121","ELEMENT":"f.8AFBB3AC1A82BF87553E3B2FEF1B5657.d.CD88E4A659EEFDF6D2CE3E24ADE21BFA.e.7121"}]}
COMMAND: GET /session/aedcc668f48e21658cbc6750609d6355/screenshot - {}
RESULT: {}
RESULT: {"script":"<script> [8489 bytes]","args":[{"element-6066-11e4-a52e-4f735466cecf":"f.8AFBB3AC1A82BF87553E3B2FEF1B5657.d.CD88E4A659EEFDF6D2CE3E24ADE21BFA.e.7121","ELEMENT":"f.8AFBB3AC1A82BF87553E3B2FEF1B5657.d.CD88E4A659EEFDF6D2CE3E24ADE21BFA.e.7121"}]}
COMMAND: POST /session/aedcc668f48e21658cbc6750609d6355/execute/sync - {"script":"<script> [5351 bytes]","args":[{"element-6066-11e4-a52e-4f735466cecf":"f.8AFBB3AC1A82BF87553E3B2FEF1B5657.d.CD88E4A659EEFDF6D2CE3E24ADE21BFA.e.7121","ELEMENT":"f.8AFBB3AC1A82BF87553E3B2FEF1B5657.d.CD88E4A659EEFDF6D2CE3E24ADE21BFA.e.7121"}]}
COMMAND: GET /session/aedcc668f48e21658cbc6750609d6355/screenshot - {}
RESULT: {}
RESULT: {"script":"<script> [5351 bytes]","args":[{"element-6066-11e4-a52e-4f735466cecf":"f.8AFBB3AC1A82BF87553E3B2FEF1B5657.d.CD88E4A659EEFDF6D2CE3E24ADE21BFA.e.7121","ELEMENT":"f.8AFBB3AC1A82BF87553E3B2FEF1B5657.d.CD88E4A659EEFDF6D2CE3E24ADE21BFA.e.7121"}]}
COMMAND: POST /session/aedcc668f48e21658cbc6750609d6355/element/f.8AFBB3AC1A82BF87553E3B2FEF1B5657.d.CD88E4A659EEFDF6D2CE3E24ADE21BFA.e.7121/click - {}
COMMAND: GET /session/aedcc668f48e21658cbc6750609d6355/screenshot - {}
RESULT: {}
RESULT: {}
COMMAND: GET /session/aedcc668f48e21658cbc6750609d6355/screenshot - {}
RESULT: {}
RESULT: {}
COMMAND: POST /session/aedcc668f48e21658cbc6750609d6355/element - {"using":"xpath","value":"//button[@data-kt=\"saveButton\"]"}
RESULT: {"using":"xpath","value":"//button[@data-kt=\"saveButton\"]"}
COMMAND: POST /session/aedcc668f48e21658cbc6750609d6355/element/f.8AFBB3AC1A82BF87553E3B2FEF1B5657.d.CD88E4A659EEFDF6D2CE3E24ADE21BFA.e.7479/click - {}
RESULT: {}
COMMAND: GET /session/aedcc668f48e21658cbc6750609d6355/screenshot - {}
RESULT: {}
COMMAND: POST /session/aedcc668f48e21658cbc6750609d6355/element - {"using":"xpath","value":"//span[contains(@class, \"sapMMsgBoxText\")]"}
RESULT: {"using":"xpath","value":"//span[contains(@class, \"sapMMsgBoxText\")]"}
COMMAND: POST /session/aedcc668f48e21658cbc6750609d6355/execute/sync - {"script":"<script> [56 bytes]","args":[{"element-6066-11e4-a52e-4f735466cecf":"f.8AFBB3AC1A82BF87553E3B2FEF1B5657.d.CD88E4A659EEFDF6D2CE3E24ADE21BFA.e.7565","ELEMENT":"f.8AFBB3AC1A82BF87553E3B2FEF1B5657.d.CD88E4A659EEFDF6D2CE3E24ADE21BFA.e.7565"}]}
RESULT: {"script":"<script> [56 bytes]","args":[{"element-6066-11e4-a52e-4f735466cecf":"f.8AFBB3AC1A82BF87553E3B2FEF1B5657.d.CD88E4A659EEFDF6D2CE3E24ADE21BFA.e.7565","ELEMENT":"f.8AFBB3AC1A82BF87553E3B2FEF1B5657.d.CD88E4A659EEFDF6D2CE3E24ADE21BFA.e.7565"}]}
COMMAND: POST /session/aedcc668f48e21658cbc6750609d6355/element - {"using":"xpath","value":"(//bdi[contains(text(), \"Close\")])[1]"}
COMMAND: POST /session/aedcc668f48e21658cbc6750609d6355/elements - {"using":"xpath","value":"//span[contains(@class, \"sapMMsgBoxText\")]"}
COMMAND: GET /session/aedcc668f48e21658cbc6750609d6355/screenshot - {}
RESULT: {"using":"xpath","value":"(//bdi[contains(text(), \"Close\")])[1]"}
COMMAND: POST /session/aedcc668f48e21658cbc6750609d6355/element/f.8AFBB3AC1A82BF87553E3B2FEF1B5657.d.CD88E4A659EEFDF6D2CE3E24ADE21BFA.e.7566/click - {}
RESULT: {"using":"xpath","value":"//span[contains(@class, \"sapMMsgBoxText\")]"}
RESULT: {}
RESULT: {}
COMMAND: GET /session/aedcc668f48e21658cbc6750609d6355/screenshot - {}
RESULT: {}
COMMAND: POST /session/aedcc668f48e21658cbc6750609d6355/element - {"using":"css selector","value":"#shell-header-logo"}
RESULT: {"using":"css selector","value":"#shell-header-logo"}
COMMAND: POST /session/aedcc668f48e21658cbc6750609d6355/element/f.8AFBB3AC1A82BF87553E3B2FEF1B5657.d.CD88E4A659EEFDF6D2CE3E24ADE21BFA.e.7087/click - {}
RESULT: {}
COMMAND: GET /session/aedcc668f48e21658cbc6750609d6355/screenshot - {}
RESULT: {}
]]></system-out>
    </testcase>
    <testcase classname="chrome.135_0_7049_115.windows.Partner_specific_tests_US150819_US151080_US151654_US151176_US103444_US151078_US151079_US151109_US151174_US151175_US151189" name="Should do various searches US151175" time="137.07">
      <system-out><![CDATA[
COMMAND: POST /session/aedcc668f48e21658cbc6750609d6355/element - {"using":"xpath","value":"//li[.//span[text()=\"Manage Partners\"]]"}
RESULT: {"using":"xpath","value":"//li[.//span[text()=\"Manage Partners\"]]"}
COMMAND: POST /session/aedcc668f48e21658cbc6750609d6355/element - {"using":"xpath","value":"//li[.//span[text()=\"Manage Partners\"]]"}
RESULT: {"using":"xpath","value":"//li[.//span[text()=\"Manage Partners\"]]"}
COMMAND: POST /session/aedcc668f48e21658cbc6750609d6355/element - {"using":"css selector","value":"#shell-header-logo"}
RESULT: {"using":"css selector","value":"#shell-header-logo"}
COMMAND: POST /session/aedcc668f48e21658cbc6750609d6355/element/f.8AFBB3AC1A82BF87553E3B2FEF1B5657.d.CD88E4A659EEFDF6D2CE3E24ADE21BFA.e.7568/click - {}
COMMAND: POST /session/aedcc668f48e21658cbc6750609d6355/execute/sync - {"script":"<script> [8489 bytes]","args":[{"element-6066-11e4-a52e-4f735466cecf":"f.8AFBB3AC1A82BF87553E3B2FEF1B5657.d.CD88E4A659EEFDF6D2CE3E24ADE21BFA.e.7568","ELEMENT":"f.8AFBB3AC1A82BF87553E3B2FEF1B5657.d.CD88E4A659EEFDF6D2CE3E24ADE21BFA.e.7568"}]}
RESULT: {}
COMMAND: GET /session/aedcc668f48e21658cbc6750609d6355/screenshot - {}
RESULT: {"script":"<script> [8489 bytes]","args":[{"element-6066-11e4-a52e-4f735466cecf":"f.8AFBB3AC1A82BF87553E3B2FEF1B5657.d.CD88E4A659EEFDF6D2CE3E24ADE21BFA.e.7568","ELEMENT":"f.8AFBB3AC1A82BF87553E3B2FEF1B5657.d.CD88E4A659EEFDF6D2CE3E24ADE21BFA.e.7568"}]}
COMMAND: POST /session/aedcc668f48e21658cbc6750609d6355/execute/sync - {"script":"<script> [5351 bytes]","args":[{"element-6066-11e4-a52e-4f735466cecf":"f.8AFBB3AC1A82BF87553E3B2FEF1B5657.d.CD88E4A659EEFDF6D2CE3E24ADE21BFA.e.7568","ELEMENT":"f.8AFBB3AC1A82BF87553E3B2FEF1B5657.d.CD88E4A659EEFDF6D2CE3E24ADE21BFA.e.7568"}]}
COMMAND: GET /session/aedcc668f48e21658cbc6750609d6355/screenshot - {}
RESULT: {}
RESULT: {"script":"<script> [5351 bytes]","args":[{"element-6066-11e4-a52e-4f735466cecf":"f.8AFBB3AC1A82BF87553E3B2FEF1B5657.d.CD88E4A659EEFDF6D2CE3E24ADE21BFA.e.7568","ELEMENT":"f.8AFBB3AC1A82BF87553E3B2FEF1B5657.d.CD88E4A659EEFDF6D2CE3E24ADE21BFA.e.7568"}]}
COMMAND: GET /session/aedcc668f48e21658cbc6750609d6355/screenshot - {}
RESULT: {}
RESULT: {}
RESULT: undefined
COMMAND: POST /session/aedcc668f48e21658cbc6750609d6355/element - {"using":"xpath","value":"//*[@id=\"__tile30\"]"}
RESULT: {"using":"xpath","value":"//*[@id=\"__tile30\"]"}
COMMAND: POST /session/aedcc668f48e21658cbc6750609d6355/element/f.8AFBB3AC1A82BF87553E3B2FEF1B5657.d.CD88E4A659EEFDF6D2CE3E24ADE21BFA.e.4504/click - {}
RESULT: {}
COMMAND: POST /session/aedcc668f48e21658cbc6750609d6355/element - {"using":"xpath","value":"//button[@data-kt=\"addButton\"]"}
COMMAND: GET /session/aedcc668f48e21658cbc6750609d6355/screenshot - {}
RESULT: {"using":"xpath","value":"//button[@data-kt=\"addButton\"]"}
COMMAND: POST /session/aedcc668f48e21658cbc6750609d6355/elements - {"using":"xpath","value":"//button[@data-kt=\"addButton\"]"}
RESULT: {}
RESULT: {"using":"xpath","value":"//button[@data-kt=\"addButton\"]"}
COMMAND: POST /session/aedcc668f48e21658cbc6750609d6355/execute/sync - {"script":"<script> [8489 bytes]","args":[{"element-6066-11e4-a52e-4f735466cecf":"f.8AFBB3AC1A82BF87553E3B2FEF1B5657.d.CD88E4A659EEFDF6D2CE3E24ADE21BFA.e.7613","ELEMENT":"f.8AFBB3AC1A82BF87553E3B2FEF1B5657.d.CD88E4A659EEFDF6D2CE3E24ADE21BFA.e.7613"}]}
RESULT: {"script":"<script> [8489 bytes]","args":[{"element-6066-11e4-a52e-4f735466cecf":"f.8AFBB3AC1A82BF87553E3B2FEF1B5657.d.CD88E4A659EEFDF6D2CE3E24ADE21BFA.e.7613","ELEMENT":"f.8AFBB3AC1A82BF87553E3B2FEF1B5657.d.CD88E4A659EEFDF6D2CE3E24ADE21BFA.e.7613"}]}
COMMAND: GET /session/aedcc668f48e21658cbc6750609d6355/element/f.8AFBB3AC1A82BF87553E3B2FEF1B5657.d.CD88E4A659EEFDF6D2CE3E24ADE21BFA.e.7613/enabled - {}
COMMAND: GET /session/aedcc668f48e21658cbc6750609d6355/screenshot - {}
RESULT: {}
COMMAND: POST /session/aedcc668f48e21658cbc6750609d6355/execute/sync - {"script":"<script> [8489 bytes]","args":[{"element-6066-11e4-a52e-4f735466cecf":"f.8AFBB3AC1A82BF87553E3B2FEF1B5657.d.CD88E4A659EEFDF6D2CE3E24ADE21BFA.e.7613","ELEMENT":"f.8AFBB3AC1A82BF87553E3B2FEF1B5657.d.CD88E4A659EEFDF6D2CE3E24ADE21BFA.e.7613"}]}
COMMAND: GET /session/aedcc668f48e21658cbc6750609d6355/screenshot - {}
RESULT: {}
RESULT: {"script":"<script> [8489 bytes]","args":[{"element-6066-11e4-a52e-4f735466cecf":"f.8AFBB3AC1A82BF87553E3B2FEF1B5657.d.CD88E4A659EEFDF6D2CE3E24ADE21BFA.e.7613","ELEMENT":"f.8AFBB3AC1A82BF87553E3B2FEF1B5657.d.CD88E4A659EEFDF6D2CE3E24ADE21BFA.e.7613"}]}
COMMAND: POST /session/aedcc668f48e21658cbc6750609d6355/execute/sync - {"script":"<script> [5351 bytes]","args":[{"element-6066-11e4-a52e-4f735466cecf":"f.8AFBB3AC1A82BF87553E3B2FEF1B5657.d.CD88E4A659EEFDF6D2CE3E24ADE21BFA.e.7613","ELEMENT":"f.8AFBB3AC1A82BF87553E3B2FEF1B5657.d.CD88E4A659EEFDF6D2CE3E24ADE21BFA.e.7613"}]}
COMMAND: GET /session/aedcc668f48e21658cbc6750609d6355/screenshot - {}
RESULT: {}
RESULT: {"script":"<script> [5351 bytes]","args":[{"element-6066-11e4-a52e-4f735466cecf":"f.8AFBB3AC1A82BF87553E3B2FEF1B5657.d.CD88E4A659EEFDF6D2CE3E24ADE21BFA.e.7613","ELEMENT":"f.8AFBB3AC1A82BF87553E3B2FEF1B5657.d.CD88E4A659EEFDF6D2CE3E24ADE21BFA.e.7613"}]}
COMMAND: GET /session/aedcc668f48e21658cbc6750609d6355/screenshot - {}
RESULT: {}
RESULT: {}
COMMAND: POST /session/aedcc668f48e21658cbc6750609d6355/element - {"using":"xpath","value":"//span[@id=\"application-managepartners-display-component---masterPtm--smartTable-header-inner\"]"}
RESULT: {"using":"xpath","value":"//span[@id=\"application-managepartners-display-component---masterPtm--smartTable-header-inner\"]"}
COMMAND: POST /session/aedcc668f48e21658cbc6750609d6355/elements - {"using":"xpath","value":"//span[@id=\"application-managepartners-display-component---masterPtm--smartTable-header-inner\"]"}
RESULT: {"using":"xpath","value":"//span[@id=\"application-managepartners-display-component---masterPtm--smartTable-header-inner\"]"}
COMMAND: POST /session/aedcc668f48e21658cbc6750609d6355/execute/sync - {"script":"<script> [56 bytes]","args":[{"element-6066-11e4-a52e-4f735466cecf":"f.8AFBB3AC1A82BF87553E3B2FEF1B5657.d.CD88E4A659EEFDF6D2CE3E24ADE21BFA.e.7737","ELEMENT":"f.8AFBB3AC1A82BF87553E3B2FEF1B5657.d.CD88E4A659EEFDF6D2CE3E24ADE21BFA.e.7737"}]}
RESULT: {"script":"<script> [56 bytes]","args":[{"element-6066-11e4-a52e-4f735466cecf":"f.8AFBB3AC1A82BF87553E3B2FEF1B5657.d.CD88E4A659EEFDF6D2CE3E24ADE21BFA.e.7737","ELEMENT":"f.8AFBB3AC1A82BF87553E3B2FEF1B5657.d.CD88E4A659EEFDF6D2CE3E24ADE21BFA.e.7737"}]}
RESULT: undefined
COMMAND: POST /session/aedcc668f48e21658cbc6750609d6355/element - {"using":"xpath","value":"//*[@id=\"application-managepartners-display-component---masterPtm--smartFilterBar-btnFilters\"]"}
COMMAND: GET /session/aedcc668f48e21658cbc6750609d6355/screenshot - {}
RESULT: {"using":"xpath","value":"//*[@id=\"application-managepartners-display-component---masterPtm--smartFilterBar-btnFilters\"]"}
COMMAND: POST /session/aedcc668f48e21658cbc6750609d6355/element/f.8AFBB3AC1A82BF87553E3B2FEF1B5657.d.CD88E4A659EEFDF6D2CE3E24ADE21BFA.e.7590/click - {}
RESULT: {}
RESULT: {}
COMMAND: GET /session/aedcc668f48e21658cbc6750609d6355/screenshot - {}
RESULT: {}
COMMAND: POST /session/aedcc668f48e21658cbc6750609d6355/elements - {"using":"xpath","value":"//table[contains(@id, \"listView-innerSelectionPanelTable-listUl\")]/tbody/tr"}
RESULT: {"using":"xpath","value":"//table[contains(@id, \"listView-innerSelectionPanelTable-listUl\")]/tbody/tr"}
COMMAND: POST /session/aedcc668f48e21658cbc6750609d6355/element - {"using":"xpath","value":"//table[contains(@id, \"listView-innerSelectionPanelTable-listUl\")]/tbody/tr[2]/td[2]/div/div"}
RESULT: {"using":"xpath","value":"//table[contains(@id, \"listView-innerSelectionPanelTable-listUl\")]/tbody/tr[2]/td[2]/div/div"}
COMMAND: POST /session/aedcc668f48e21658cbc6750609d6355/element - {"using":"xpath","value":"//table[contains(@id, \"listView-innerSelectionPanelTable-listUl\")]/tbody/tr[2]/td[2]/div"}
RESULT: {"using":"xpath","value":"//table[contains(@id, \"listView-innerSelectionPanelTable-listUl\")]/tbody/tr[2]/td[2]/div"}
COMMAND: POST /session/aedcc668f48e21658cbc6750609d6355/element - {"using":"xpath","value":"//table[contains(@id, \"listView-innerSelectionPanelTable-listUl\")]/tbody/tr[2]/td[3]/div/div/span/span[1]/bdi"}
RESULT: {"using":"xpath","value":"//table[contains(@id, \"listView-innerSelectionPanelTable-listUl\")]/tbody/tr[2]/td[3]/div/div/span/span[1]/bdi"}
COMMAND: POST /session/aedcc668f48e21658cbc6750609d6355/execute/sync - {"script":"<script> [56 bytes]","args":[{"element-6066-11e4-a52e-4f735466cecf":"f.8AFBB3AC1A82BF87553E3B2FEF1B5657.d.CD88E4A659EEFDF6D2CE3E24ADE21BFA.e.7805","ELEMENT":"f.8AFBB3AC1A82BF87553E3B2FEF1B5657.d.CD88E4A659EEFDF6D2CE3E24ADE21BFA.e.7805"}]}
RESULT: {"script":"<script> [56 bytes]","args":[{"element-6066-11e4-a52e-4f735466cecf":"f.8AFBB3AC1A82BF87553E3B2FEF1B5657.d.CD88E4A659EEFDF6D2CE3E24ADE21BFA.e.7805","ELEMENT":"f.8AFBB3AC1A82BF87553E3B2FEF1B5657.d.CD88E4A659EEFDF6D2CE3E24ADE21BFA.e.7805"}]}
COMMAND: GET /session/aedcc668f48e21658cbc6750609d6355/element/f.8AFBB3AC1A82BF87553E3B2FEF1B5657.d.CD88E4A659EEFDF6D2CE3E24ADE21BFA.e.7804/attribute/aria-checked - {}
COMMAND: GET /session/aedcc668f48e21658cbc6750609d6355/screenshot - {}
RESULT: {}
COMMAND: POST /session/aedcc668f48e21658cbc6750609d6355/element - {"using":"xpath","value":"//table[contains(@id, \"listView-innerSelectionPanelTable-listUl\")]/tbody/tr[3]/td[2]/div/div"}
RESULT: {}
RESULT: {"using":"xpath","value":"//table[contains(@id, \"listView-innerSelectionPanelTable-listUl\")]/tbody/tr[3]/td[2]/div/div"}
COMMAND: POST /session/aedcc668f48e21658cbc6750609d6355/element - {"using":"xpath","value":"//table[contains(@id, \"listView-innerSelectionPanelTable-listUl\")]/tbody/tr[3]/td[2]/div"}
RESULT: {"using":"xpath","value":"//table[contains(@id, \"listView-innerSelectionPanelTable-listUl\")]/tbody/tr[3]/td[2]/div"}
COMMAND: POST /session/aedcc668f48e21658cbc6750609d6355/element - {"using":"xpath","value":"//table[contains(@id, \"listView-innerSelectionPanelTable-listUl\")]/tbody/tr[3]/td[3]/div/div/span/span[1]/bdi"}
RESULT: {"using":"xpath","value":"//table[contains(@id, \"listView-innerSelectionPanelTable-listUl\")]/tbody/tr[3]/td[3]/div/div/span/span[1]/bdi"}
COMMAND: POST /session/aedcc668f48e21658cbc6750609d6355/execute/sync - {"script":"<script> [56 bytes]","args":[{"element-6066-11e4-a52e-4f735466cecf":"f.8AFBB3AC1A82BF87553E3B2FEF1B5657.d.CD88E4A659EEFDF6D2CE3E24ADE21BFA.e.7808","ELEMENT":"f.8AFBB3AC1A82BF87553E3B2FEF1B5657.d.CD88E4A659EEFDF6D2CE3E24ADE21BFA.e.7808"}]}
RESULT: {"script":"<script> [56 bytes]","args":[{"element-6066-11e4-a52e-4f735466cecf":"f.8AFBB3AC1A82BF87553E3B2FEF1B5657.d.CD88E4A659EEFDF6D2CE3E24ADE21BFA.e.7808","ELEMENT":"f.8AFBB3AC1A82BF87553E3B2FEF1B5657.d.CD88E4A659EEFDF6D2CE3E24ADE21BFA.e.7808"}]}
COMMAND: GET /session/aedcc668f48e21658cbc6750609d6355/element/f.8AFBB3AC1A82BF87553E3B2FEF1B5657.d.CD88E4A659EEFDF6D2CE3E24ADE21BFA.e.7807/attribute/aria-checked - {}
COMMAND: GET /session/aedcc668f48e21658cbc6750609d6355/screenshot - {}
RESULT: {}
COMMAND: POST /session/aedcc668f48e21658cbc6750609d6355/element - {"using":"xpath","value":"//table[contains(@id, \"listView-innerSelectionPanelTable-listUl\")]/tbody/tr[4]/td[2]/div/div"}
RESULT: {}
RESULT: {"using":"xpath","value":"//table[contains(@id, \"listView-innerSelectionPanelTable-listUl\")]/tbody/tr[4]/td[2]/div/div"}
COMMAND: POST /session/aedcc668f48e21658cbc6750609d6355/element - {"using":"xpath","value":"//table[contains(@id, \"listView-innerSelectionPanelTable-listUl\")]/tbody/tr[4]/td[2]/div"}
RESULT: {"using":"xpath","value":"//table[contains(@id, \"listView-innerSelectionPanelTable-listUl\")]/tbody/tr[4]/td[2]/div"}
COMMAND: POST /session/aedcc668f48e21658cbc6750609d6355/element - {"using":"xpath","value":"//table[contains(@id, \"listView-innerSelectionPanelTable-listUl\")]/tbody/tr[4]/td[3]/div/div/span/span[1]/bdi"}
RESULT: {"using":"xpath","value":"//table[contains(@id, \"listView-innerSelectionPanelTable-listUl\")]/tbody/tr[4]/td[3]/div/div/span/span[1]/bdi"}
COMMAND: POST /session/aedcc668f48e21658cbc6750609d6355/execute/sync - {"script":"<script> [56 bytes]","args":[{"element-6066-11e4-a52e-4f735466cecf":"f.8AFBB3AC1A82BF87553E3B2FEF1B5657.d.CD88E4A659EEFDF6D2CE3E24ADE21BFA.e.7811","ELEMENT":"f.8AFBB3AC1A82BF87553E3B2FEF1B5657.d.CD88E4A659EEFDF6D2CE3E24ADE21BFA.e.7811"}]}
RESULT: {"script":"<script> [56 bytes]","args":[{"element-6066-11e4-a52e-4f735466cecf":"f.8AFBB3AC1A82BF87553E3B2FEF1B5657.d.CD88E4A659EEFDF6D2CE3E24ADE21BFA.e.7811","ELEMENT":"f.8AFBB3AC1A82BF87553E3B2FEF1B5657.d.CD88E4A659EEFDF6D2CE3E24ADE21BFA.e.7811"}]}
COMMAND: GET /session/aedcc668f48e21658cbc6750609d6355/element/f.8AFBB3AC1A82BF87553E3B2FEF1B5657.d.CD88E4A659EEFDF6D2CE3E24ADE21BFA.e.7810/attribute/aria-checked - {}
COMMAND: GET /session/aedcc668f48e21658cbc6750609d6355/screenshot - {}
RESULT: {}
COMMAND: POST /session/aedcc668f48e21658cbc6750609d6355/element - {"using":"xpath","value":"//table[contains(@id, \"listView-innerSelectionPanelTable-listUl\")]/tbody/tr[5]/td[2]/div/div"}
RESULT: {}
RESULT: {"using":"xpath","value":"//table[contains(@id, \"listView-innerSelectionPanelTable-listUl\")]/tbody/tr[5]/td[2]/div/div"}
COMMAND: POST /session/aedcc668f48e21658cbc6750609d6355/element - {"using":"xpath","value":"//table[contains(@id, \"listView-innerSelectionPanelTable-listUl\")]/tbody/tr[5]/td[2]/div"}
RESULT: {"using":"xpath","value":"//table[contains(@id, \"listView-innerSelectionPanelTable-listUl\")]/tbody/tr[5]/td[2]/div"}
COMMAND: POST /session/aedcc668f48e21658cbc6750609d6355/element - {"using":"xpath","value":"//table[contains(@id, \"listView-innerSelectionPanelTable-listUl\")]/tbody/tr[5]/td[3]/div/div/span/span[1]/bdi"}
RESULT: {"using":"xpath","value":"//table[contains(@id, \"listView-innerSelectionPanelTable-listUl\")]/tbody/tr[5]/td[3]/div/div/span/span[1]/bdi"}
COMMAND: POST /session/aedcc668f48e21658cbc6750609d6355/execute/sync - {"script":"<script> [56 bytes]","args":[{"element-6066-11e4-a52e-4f735466cecf":"f.8AFBB3AC1A82BF87553E3B2FEF1B5657.d.CD88E4A659EEFDF6D2CE3E24ADE21BFA.e.7814","ELEMENT":"f.8AFBB3AC1A82BF87553E3B2FEF1B5657.d.CD88E4A659EEFDF6D2CE3E24ADE21BFA.e.7814"}]}
RESULT: {"script":"<script> [56 bytes]","args":[{"element-6066-11e4-a52e-4f735466cecf":"f.8AFBB3AC1A82BF87553E3B2FEF1B5657.d.CD88E4A659EEFDF6D2CE3E24ADE21BFA.e.7814","ELEMENT":"f.8AFBB3AC1A82BF87553E3B2FEF1B5657.d.CD88E4A659EEFDF6D2CE3E24ADE21BFA.e.7814"}]}
COMMAND: GET /session/aedcc668f48e21658cbc6750609d6355/element/f.8AFBB3AC1A82BF87553E3B2FEF1B5657.d.CD88E4A659EEFDF6D2CE3E24ADE21BFA.e.7813/attribute/aria-checked - {}
COMMAND: GET /session/aedcc668f48e21658cbc6750609d6355/screenshot - {}
RESULT: {}
COMMAND: POST /session/aedcc668f48e21658cbc6750609d6355/element - {"using":"xpath","value":"//table[contains(@id, \"listView-innerSelectionPanelTable-listUl\")]/tbody/tr[6]/td[2]/div/div"}
RESULT: {}
RESULT: {"using":"xpath","value":"//table[contains(@id, \"listView-innerSelectionPanelTable-listUl\")]/tbody/tr[6]/td[2]/div/div"}
COMMAND: POST /session/aedcc668f48e21658cbc6750609d6355/element - {"using":"xpath","value":"//table[contains(@id, \"listView-innerSelectionPanelTable-listUl\")]/tbody/tr[6]/td[2]/div"}
RESULT: {"using":"xpath","value":"//table[contains(@id, \"listView-innerSelectionPanelTable-listUl\")]/tbody/tr[6]/td[2]/div"}
COMMAND: POST /session/aedcc668f48e21658cbc6750609d6355/element - {"using":"xpath","value":"//table[contains(@id, \"listView-innerSelectionPanelTable-listUl\")]/tbody/tr[6]/td[3]/div/div/span/span[1]/bdi"}
RESULT: {"using":"xpath","value":"//table[contains(@id, \"listView-innerSelectionPanelTable-listUl\")]/tbody/tr[6]/td[3]/div/div/span/span[1]/bdi"}
COMMAND: POST /session/aedcc668f48e21658cbc6750609d6355/execute/sync - {"script":"<script> [56 bytes]","args":[{"element-6066-11e4-a52e-4f735466cecf":"f.8AFBB3AC1A82BF87553E3B2FEF1B5657.d.CD88E4A659EEFDF6D2CE3E24ADE21BFA.e.7817","ELEMENT":"f.8AFBB3AC1A82BF87553E3B2FEF1B5657.d.CD88E4A659EEFDF6D2CE3E24ADE21BFA.e.7817"}]}
RESULT: {"script":"<script> [56 bytes]","args":[{"element-6066-11e4-a52e-4f735466cecf":"f.8AFBB3AC1A82BF87553E3B2FEF1B5657.d.CD88E4A659EEFDF6D2CE3E24ADE21BFA.e.7817","ELEMENT":"f.8AFBB3AC1A82BF87553E3B2FEF1B5657.d.CD88E4A659EEFDF6D2CE3E24ADE21BFA.e.7817"}]}
COMMAND: GET /session/aedcc668f48e21658cbc6750609d6355/element/f.8AFBB3AC1A82BF87553E3B2FEF1B5657.d.CD88E4A659EEFDF6D2CE3E24ADE21BFA.e.7816/attribute/aria-checked - {}
COMMAND: GET /session/aedcc668f48e21658cbc6750609d6355/screenshot - {}
RESULT: {}
COMMAND: POST /session/aedcc668f48e21658cbc6750609d6355/element - {"using":"xpath","value":"//table[contains(@id, \"listView-innerSelectionPanelTable-listUl\")]/tbody/tr[7]/td[2]/div/div"}
RESULT: {}
RESULT: {"using":"xpath","value":"//table[contains(@id, \"listView-innerSelectionPanelTable-listUl\")]/tbody/tr[7]/td[2]/div/div"}
COMMAND: POST /session/aedcc668f48e21658cbc6750609d6355/element - {"using":"xpath","value":"//table[contains(@id, \"listView-innerSelectionPanelTable-listUl\")]/tbody/tr[7]/td[2]/div"}
RESULT: {"using":"xpath","value":"//table[contains(@id, \"listView-innerSelectionPanelTable-listUl\")]/tbody/tr[7]/td[2]/div"}
COMMAND: POST /session/aedcc668f48e21658cbc6750609d6355/element - {"using":"xpath","value":"//table[contains(@id, \"listView-innerSelectionPanelTable-listUl\")]/tbody/tr[7]/td[3]/div/div/span/span[1]/bdi"}
RESULT: {"using":"xpath","value":"//table[contains(@id, \"listView-innerSelectionPanelTable-listUl\")]/tbody/tr[7]/td[3]/div/div/span/span[1]/bdi"}
COMMAND: POST /session/aedcc668f48e21658cbc6750609d6355/execute/sync - {"script":"<script> [56 bytes]","args":[{"element-6066-11e4-a52e-4f735466cecf":"f.8AFBB3AC1A82BF87553E3B2FEF1B5657.d.CD88E4A659EEFDF6D2CE3E24ADE21BFA.e.7820","ELEMENT":"f.8AFBB3AC1A82BF87553E3B2FEF1B5657.d.CD88E4A659EEFDF6D2CE3E24ADE21BFA.e.7820"}]}
RESULT: {"script":"<script> [56 bytes]","args":[{"element-6066-11e4-a52e-4f735466cecf":"f.8AFBB3AC1A82BF87553E3B2FEF1B5657.d.CD88E4A659EEFDF6D2CE3E24ADE21BFA.e.7820","ELEMENT":"f.8AFBB3AC1A82BF87553E3B2FEF1B5657.d.CD88E4A659EEFDF6D2CE3E24ADE21BFA.e.7820"}]}
COMMAND: GET /session/aedcc668f48e21658cbc6750609d6355/element/f.8AFBB3AC1A82BF87553E3B2FEF1B5657.d.CD88E4A659EEFDF6D2CE3E24ADE21BFA.e.7819/attribute/aria-checked - {}
COMMAND: GET /session/aedcc668f48e21658cbc6750609d6355/screenshot - {}
RESULT: {}
COMMAND: POST /session/aedcc668f48e21658cbc6750609d6355/element - {"using":"xpath","value":"//table[contains(@id, \"listView-innerSelectionPanelTable-listUl\")]/tbody/tr[8]/td[2]/div/div"}
RESULT: {}
RESULT: {"using":"xpath","value":"//table[contains(@id, \"listView-innerSelectionPanelTable-listUl\")]/tbody/tr[8]/td[2]/div/div"}
COMMAND: POST /session/aedcc668f48e21658cbc6750609d6355/element - {"using":"xpath","value":"//table[contains(@id, \"listView-innerSelectionPanelTable-listUl\")]/tbody/tr[8]/td[2]/div"}
RESULT: {"using":"xpath","value":"//table[contains(@id, \"listView-innerSelectionPanelTable-listUl\")]/tbody/tr[8]/td[2]/div"}
COMMAND: POST /session/aedcc668f48e21658cbc6750609d6355/element - {"using":"xpath","value":"//table[contains(@id, \"listView-innerSelectionPanelTable-listUl\")]/tbody/tr[8]/td[3]/div/div/span/span[1]/bdi"}
RESULT: {"using":"xpath","value":"//table[contains(@id, \"listView-innerSelectionPanelTable-listUl\")]/tbody/tr[8]/td[3]/div/div/span/span[1]/bdi"}
COMMAND: POST /session/aedcc668f48e21658cbc6750609d6355/execute/sync - {"script":"<script> [56 bytes]","args":[{"element-6066-11e4-a52e-4f735466cecf":"f.8AFBB3AC1A82BF87553E3B2FEF1B5657.d.CD88E4A659EEFDF6D2CE3E24ADE21BFA.e.7823","ELEMENT":"f.8AFBB3AC1A82BF87553E3B2FEF1B5657.d.CD88E4A659EEFDF6D2CE3E24ADE21BFA.e.7823"}]}
RESULT: {"script":"<script> [56 bytes]","args":[{"element-6066-11e4-a52e-4f735466cecf":"f.8AFBB3AC1A82BF87553E3B2FEF1B5657.d.CD88E4A659EEFDF6D2CE3E24ADE21BFA.e.7823","ELEMENT":"f.8AFBB3AC1A82BF87553E3B2FEF1B5657.d.CD88E4A659EEFDF6D2CE3E24ADE21BFA.e.7823"}]}
COMMAND: GET /session/aedcc668f48e21658cbc6750609d6355/element/f.8AFBB3AC1A82BF87553E3B2FEF1B5657.d.CD88E4A659EEFDF6D2CE3E24ADE21BFA.e.7822/attribute/aria-checked - {}
COMMAND: GET /session/aedcc668f48e21658cbc6750609d6355/screenshot - {}
RESULT: {}
COMMAND: POST /session/aedcc668f48e21658cbc6750609d6355/element - {"using":"xpath","value":"//table[contains(@id, \"listView-innerSelectionPanelTable-listUl\")]/tbody/tr[9]/td[2]/div/div"}
RESULT: {}
RESULT: {"using":"xpath","value":"//table[contains(@id, \"listView-innerSelectionPanelTable-listUl\")]/tbody/tr[9]/td[2]/div/div"}
COMMAND: POST /session/aedcc668f48e21658cbc6750609d6355/element - {"using":"xpath","value":"//table[contains(@id, \"listView-innerSelectionPanelTable-listUl\")]/tbody/tr[9]/td[2]/div"}
RESULT: {"using":"xpath","value":"//table[contains(@id, \"listView-innerSelectionPanelTable-listUl\")]/tbody/tr[9]/td[2]/div"}
COMMAND: POST /session/aedcc668f48e21658cbc6750609d6355/element - {"using":"xpath","value":"//table[contains(@id, \"listView-innerSelectionPanelTable-listUl\")]/tbody/tr[9]/td[3]/div/div/span/span[1]/bdi"}
RESULT: {"using":"xpath","value":"//table[contains(@id, \"listView-innerSelectionPanelTable-listUl\")]/tbody/tr[9]/td[3]/div/div/span/span[1]/bdi"}
COMMAND: POST /session/aedcc668f48e21658cbc6750609d6355/execute/sync - {"script":"<script> [56 bytes]","args":[{"element-6066-11e4-a52e-4f735466cecf":"f.8AFBB3AC1A82BF87553E3B2FEF1B5657.d.CD88E4A659EEFDF6D2CE3E24ADE21BFA.e.7826","ELEMENT":"f.8AFBB3AC1A82BF87553E3B2FEF1B5657.d.CD88E4A659EEFDF6D2CE3E24ADE21BFA.e.7826"}]}
RESULT: {"script":"<script> [56 bytes]","args":[{"element-6066-11e4-a52e-4f735466cecf":"f.8AFBB3AC1A82BF87553E3B2FEF1B5657.d.CD88E4A659EEFDF6D2CE3E24ADE21BFA.e.7826","ELEMENT":"f.8AFBB3AC1A82BF87553E3B2FEF1B5657.d.CD88E4A659EEFDF6D2CE3E24ADE21BFA.e.7826"}]}
COMMAND: GET /session/aedcc668f48e21658cbc6750609d6355/element/f.8AFBB3AC1A82BF87553E3B2FEF1B5657.d.CD88E4A659EEFDF6D2CE3E24ADE21BFA.e.7825/attribute/aria-checked - {}
COMMAND: GET /session/aedcc668f48e21658cbc6750609d6355/screenshot - {}
RESULT: {}
COMMAND: POST /session/aedcc668f48e21658cbc6750609d6355/element - {"using":"xpath","value":"//table[contains(@id, \"listView-innerSelectionPanelTable-listUl\")]/tbody/tr[10]/td[2]/div/div"}
RESULT: {}
RESULT: {"using":"xpath","value":"//table[contains(@id, \"listView-innerSelectionPanelTable-listUl\")]/tbody/tr[10]/td[2]/div/div"}
COMMAND: POST /session/aedcc668f48e21658cbc6750609d6355/element - {"using":"xpath","value":"//table[contains(@id, \"listView-innerSelectionPanelTable-listUl\")]/tbody/tr[10]/td[2]/div"}
RESULT: {"using":"xpath","value":"//table[contains(@id, \"listView-innerSelectionPanelTable-listUl\")]/tbody/tr[10]/td[2]/div"}
COMMAND: POST /session/aedcc668f48e21658cbc6750609d6355/element - {"using":"xpath","value":"//table[contains(@id, \"listView-innerSelectionPanelTable-listUl\")]/tbody/tr[10]/td[3]/div/div/span/span[1]/bdi"}
RESULT: {"using":"xpath","value":"//table[contains(@id, \"listView-innerSelectionPanelTable-listUl\")]/tbody/tr[10]/td[3]/div/div/span/span[1]/bdi"}
COMMAND: POST /session/aedcc668f48e21658cbc6750609d6355/execute/sync - {"script":"<script> [56 bytes]","args":[{"element-6066-11e4-a52e-4f735466cecf":"f.8AFBB3AC1A82BF87553E3B2FEF1B5657.d.CD88E4A659EEFDF6D2CE3E24ADE21BFA.e.7829","ELEMENT":"f.8AFBB3AC1A82BF87553E3B2FEF1B5657.d.CD88E4A659EEFDF6D2CE3E24ADE21BFA.e.7829"}]}
RESULT: {"script":"<script> [56 bytes]","args":[{"element-6066-11e4-a52e-4f735466cecf":"f.8AFBB3AC1A82BF87553E3B2FEF1B5657.d.CD88E4A659EEFDF6D2CE3E24ADE21BFA.e.7829","ELEMENT":"f.8AFBB3AC1A82BF87553E3B2FEF1B5657.d.CD88E4A659EEFDF6D2CE3E24ADE21BFA.e.7829"}]}
COMMAND: GET /session/aedcc668f48e21658cbc6750609d6355/element/f.8AFBB3AC1A82BF87553E3B2FEF1B5657.d.CD88E4A659EEFDF6D2CE3E24ADE21BFA.e.7828/attribute/aria-checked - {}
COMMAND: GET /session/aedcc668f48e21658cbc6750609d6355/screenshot - {}
RESULT: {}
COMMAND: POST /session/aedcc668f48e21658cbc6750609d6355/element - {"using":"xpath","value":"//table[contains(@id, \"listView-innerSelectionPanelTable-listUl\")]/tbody/tr[11]/td[2]/div/div"}
RESULT: {}
RESULT: {"using":"xpath","value":"//table[contains(@id, \"listView-innerSelectionPanelTable-listUl\")]/tbody/tr[11]/td[2]/div/div"}
COMMAND: POST /session/aedcc668f48e21658cbc6750609d6355/element - {"using":"xpath","value":"//table[contains(@id, \"listView-innerSelectionPanelTable-listUl\")]/tbody/tr[11]/td[2]/div"}
RESULT: {"using":"xpath","value":"//table[contains(@id, \"listView-innerSelectionPanelTable-listUl\")]/tbody/tr[11]/td[2]/div"}
COMMAND: POST /session/aedcc668f48e21658cbc6750609d6355/element - {"using":"xpath","value":"//table[contains(@id, \"listView-innerSelectionPanelTable-listUl\")]/tbody/tr[11]/td[3]/div/div/span/span[1]/bdi"}
RESULT: {"using":"xpath","value":"//table[contains(@id, \"listView-innerSelectionPanelTable-listUl\")]/tbody/tr[11]/td[3]/div/div/span/span[1]/bdi"}
COMMAND: POST /session/aedcc668f48e21658cbc6750609d6355/execute/sync - {"script":"<script> [56 bytes]","args":[{"element-6066-11e4-a52e-4f735466cecf":"f.8AFBB3AC1A82BF87553E3B2FEF1B5657.d.CD88E4A659EEFDF6D2CE3E24ADE21BFA.e.7832","ELEMENT":"f.8AFBB3AC1A82BF87553E3B2FEF1B5657.d.CD88E4A659EEFDF6D2CE3E24ADE21BFA.e.7832"}]}
RESULT: {"script":"<script> [56 bytes]","args":[{"element-6066-11e4-a52e-4f735466cecf":"f.8AFBB3AC1A82BF87553E3B2FEF1B5657.d.CD88E4A659EEFDF6D2CE3E24ADE21BFA.e.7832","ELEMENT":"f.8AFBB3AC1A82BF87553E3B2FEF1B5657.d.CD88E4A659EEFDF6D2CE3E24ADE21BFA.e.7832"}]}
COMMAND: GET /session/aedcc668f48e21658cbc6750609d6355/element/f.8AFBB3AC1A82BF87553E3B2FEF1B5657.d.CD88E4A659EEFDF6D2CE3E24ADE21BFA.e.7831/attribute/aria-checked - {}
COMMAND: GET /session/aedcc668f48e21658cbc6750609d6355/screenshot - {}
RESULT: {}
COMMAND: POST /session/aedcc668f48e21658cbc6750609d6355/element - {"using":"xpath","value":"//table[contains(@id, \"listView-innerSelectionPanelTable-listUl\")]/tbody/tr[12]/td[2]/div/div"}
RESULT: {}
RESULT: {"using":"xpath","value":"//table[contains(@id, \"listView-innerSelectionPanelTable-listUl\")]/tbody/tr[12]/td[2]/div/div"}
COMMAND: POST /session/aedcc668f48e21658cbc6750609d6355/element - {"using":"xpath","value":"//table[contains(@id, \"listView-innerSelectionPanelTable-listUl\")]/tbody/tr[12]/td[2]/div"}
RESULT: {"using":"xpath","value":"//table[contains(@id, \"listView-innerSelectionPanelTable-listUl\")]/tbody/tr[12]/td[2]/div"}
COMMAND: POST /session/aedcc668f48e21658cbc6750609d6355/element - {"using":"xpath","value":"//table[contains(@id, \"listView-innerSelectionPanelTable-listUl\")]/tbody/tr[12]/td[3]/div/div/span/span[1]/bdi"}
RESULT: {"using":"xpath","value":"//table[contains(@id, \"listView-innerSelectionPanelTable-listUl\")]/tbody/tr[12]/td[3]/div/div/span/span[1]/bdi"}
COMMAND: POST /session/aedcc668f48e21658cbc6750609d6355/execute/sync - {"script":"<script> [56 bytes]","args":[{"element-6066-11e4-a52e-4f735466cecf":"f.8AFBB3AC1A82BF87553E3B2FEF1B5657.d.CD88E4A659EEFDF6D2CE3E24ADE21BFA.e.7835","ELEMENT":"f.8AFBB3AC1A82BF87553E3B2FEF1B5657.d.CD88E4A659EEFDF6D2CE3E24ADE21BFA.e.7835"}]}
RESULT: {"script":"<script> [56 bytes]","args":[{"element-6066-11e4-a52e-4f735466cecf":"f.8AFBB3AC1A82BF87553E3B2FEF1B5657.d.CD88E4A659EEFDF6D2CE3E24ADE21BFA.e.7835","ELEMENT":"f.8AFBB3AC1A82BF87553E3B2FEF1B5657.d.CD88E4A659EEFDF6D2CE3E24ADE21BFA.e.7835"}]}
COMMAND: GET /session/aedcc668f48e21658cbc6750609d6355/element/f.8AFBB3AC1A82BF87553E3B2FEF1B5657.d.CD88E4A659EEFDF6D2CE3E24ADE21BFA.e.7834/attribute/aria-checked - {}
COMMAND: GET /session/aedcc668f48e21658cbc6750609d6355/screenshot - {}
RESULT: {}
COMMAND: POST /session/aedcc668f48e21658cbc6750609d6355/element - {"using":"xpath","value":"//table[contains(@id, \"listView-innerSelectionPanelTable-listUl\")]/tbody/tr[13]/td[2]/div/div"}
RESULT: {}
RESULT: {"using":"xpath","value":"//table[contains(@id, \"listView-innerSelectionPanelTable-listUl\")]/tbody/tr[13]/td[2]/div/div"}
COMMAND: POST /session/aedcc668f48e21658cbc6750609d6355/element - {"using":"xpath","value":"//table[contains(@id, \"listView-innerSelectionPanelTable-listUl\")]/tbody/tr[13]/td[2]/div"}
RESULT: {"using":"xpath","value":"//table[contains(@id, \"listView-innerSelectionPanelTable-listUl\")]/tbody/tr[13]/td[2]/div"}
COMMAND: POST /session/aedcc668f48e21658cbc6750609d6355/element - {"using":"xpath","value":"//table[contains(@id, \"listView-innerSelectionPanelTable-listUl\")]/tbody/tr[13]/td[3]/div/div/span/span[1]/bdi"}
RESULT: {"using":"xpath","value":"//table[contains(@id, \"listView-innerSelectionPanelTable-listUl\")]/tbody/tr[13]/td[3]/div/div/span/span[1]/bdi"}
COMMAND: POST /session/aedcc668f48e21658cbc6750609d6355/execute/sync - {"script":"<script> [56 bytes]","args":[{"element-6066-11e4-a52e-4f735466cecf":"f.8AFBB3AC1A82BF87553E3B2FEF1B5657.d.CD88E4A659EEFDF6D2CE3E24ADE21BFA.e.7838","ELEMENT":"f.8AFBB3AC1A82BF87553E3B2FEF1B5657.d.CD88E4A659EEFDF6D2CE3E24ADE21BFA.e.7838"}]}
RESULT: {"script":"<script> [56 bytes]","args":[{"element-6066-11e4-a52e-4f735466cecf":"f.8AFBB3AC1A82BF87553E3B2FEF1B5657.d.CD88E4A659EEFDF6D2CE3E24ADE21BFA.e.7838","ELEMENT":"f.8AFBB3AC1A82BF87553E3B2FEF1B5657.d.CD88E4A659EEFDF6D2CE3E24ADE21BFA.e.7838"}]}
COMMAND: GET /session/aedcc668f48e21658cbc6750609d6355/element/f.8AFBB3AC1A82BF87553E3B2FEF1B5657.d.CD88E4A659EEFDF6D2CE3E24ADE21BFA.e.7837/attribute/aria-checked - {}
COMMAND: GET /session/aedcc668f48e21658cbc6750609d6355/screenshot - {}
RESULT: {}
COMMAND: POST /session/aedcc668f48e21658cbc6750609d6355/element - {"using":"xpath","value":"//table[contains(@id, \"listView-innerSelectionPanelTable-listUl\")]/tbody/tr[14]/td[2]/div/div"}
RESULT: {}
RESULT: {"using":"xpath","value":"//table[contains(@id, \"listView-innerSelectionPanelTable-listUl\")]/tbody/tr[14]/td[2]/div/div"}
COMMAND: POST /session/aedcc668f48e21658cbc6750609d6355/element - {"using":"xpath","value":"//table[contains(@id, \"listView-innerSelectionPanelTable-listUl\")]/tbody/tr[14]/td[2]/div"}
RESULT: {"using":"xpath","value":"//table[contains(@id, \"listView-innerSelectionPanelTable-listUl\")]/tbody/tr[14]/td[2]/div"}
COMMAND: POST /session/aedcc668f48e21658cbc6750609d6355/element - {"using":"xpath","value":"//table[contains(@id, \"listView-innerSelectionPanelTable-listUl\")]/tbody/tr[14]/td[3]/div/div/span/span[1]/bdi"}
RESULT: {"using":"xpath","value":"//table[contains(@id, \"listView-innerSelectionPanelTable-listUl\")]/tbody/tr[14]/td[3]/div/div/span/span[1]/bdi"}
COMMAND: POST /session/aedcc668f48e21658cbc6750609d6355/execute/sync - {"script":"<script> [56 bytes]","args":[{"element-6066-11e4-a52e-4f735466cecf":"f.8AFBB3AC1A82BF87553E3B2FEF1B5657.d.CD88E4A659EEFDF6D2CE3E24ADE21BFA.e.7841","ELEMENT":"f.8AFBB3AC1A82BF87553E3B2FEF1B5657.d.CD88E4A659EEFDF6D2CE3E24ADE21BFA.e.7841"}]}
RESULT: {"script":"<script> [56 bytes]","args":[{"element-6066-11e4-a52e-4f735466cecf":"f.8AFBB3AC1A82BF87553E3B2FEF1B5657.d.CD88E4A659EEFDF6D2CE3E24ADE21BFA.e.7841","ELEMENT":"f.8AFBB3AC1A82BF87553E3B2FEF1B5657.d.CD88E4A659EEFDF6D2CE3E24ADE21BFA.e.7841"}]}
COMMAND: GET /session/aedcc668f48e21658cbc6750609d6355/element/f.8AFBB3AC1A82BF87553E3B2FEF1B5657.d.CD88E4A659EEFDF6D2CE3E24ADE21BFA.e.7840/attribute/aria-checked - {}
COMMAND: GET /session/aedcc668f48e21658cbc6750609d6355/screenshot - {}
RESULT: {}
COMMAND: POST /session/aedcc668f48e21658cbc6750609d6355/element - {"using":"xpath","value":"//table[contains(@id, \"listView-innerSelectionPanelTable-listUl\")]/tbody/tr[15]/td[2]/div/div"}
RESULT: {}
RESULT: {"using":"xpath","value":"//table[contains(@id, \"listView-innerSelectionPanelTable-listUl\")]/tbody/tr[15]/td[2]/div/div"}
COMMAND: POST /session/aedcc668f48e21658cbc6750609d6355/element - {"using":"xpath","value":"//table[contains(@id, \"listView-innerSelectionPanelTable-listUl\")]/tbody/tr[15]/td[2]/div"}
RESULT: {"using":"xpath","value":"//table[contains(@id, \"listView-innerSelectionPanelTable-listUl\")]/tbody/tr[15]/td[2]/div"}
COMMAND: POST /session/aedcc668f48e21658cbc6750609d6355/element - {"using":"xpath","value":"//table[contains(@id, \"listView-innerSelectionPanelTable-listUl\")]/tbody/tr[15]/td[3]/div/div/span/span[1]/bdi"}
RESULT: {"using":"xpath","value":"//table[contains(@id, \"listView-innerSelectionPanelTable-listUl\")]/tbody/tr[15]/td[3]/div/div/span/span[1]/bdi"}
COMMAND: POST /session/aedcc668f48e21658cbc6750609d6355/execute/sync - {"script":"<script> [56 bytes]","args":[{"element-6066-11e4-a52e-4f735466cecf":"f.8AFBB3AC1A82BF87553E3B2FEF1B5657.d.CD88E4A659EEFDF6D2CE3E24ADE21BFA.e.7844","ELEMENT":"f.8AFBB3AC1A82BF87553E3B2FEF1B5657.d.CD88E4A659EEFDF6D2CE3E24ADE21BFA.e.7844"}]}
RESULT: {"script":"<script> [56 bytes]","args":[{"element-6066-11e4-a52e-4f735466cecf":"f.8AFBB3AC1A82BF87553E3B2FEF1B5657.d.CD88E4A659EEFDF6D2CE3E24ADE21BFA.e.7844","ELEMENT":"f.8AFBB3AC1A82BF87553E3B2FEF1B5657.d.CD88E4A659EEFDF6D2CE3E24ADE21BFA.e.7844"}]}
COMMAND: GET /session/aedcc668f48e21658cbc6750609d6355/element/f.8AFBB3AC1A82BF87553E3B2FEF1B5657.d.CD88E4A659EEFDF6D2CE3E24ADE21BFA.e.7843/attribute/aria-checked - {}
COMMAND: GET /session/aedcc668f48e21658cbc6750609d6355/screenshot - {}
RESULT: {}
COMMAND: POST /session/aedcc668f48e21658cbc6750609d6355/element - {"using":"xpath","value":"//table[contains(@id, \"listView-innerSelectionPanelTable-listUl\")]/tbody/tr[16]/td[2]/div/div"}
RESULT: {}
RESULT: {"using":"xpath","value":"//table[contains(@id, \"listView-innerSelectionPanelTable-listUl\")]/tbody/tr[16]/td[2]/div/div"}
COMMAND: POST /session/aedcc668f48e21658cbc6750609d6355/element - {"using":"xpath","value":"//table[contains(@id, \"listView-innerSelectionPanelTable-listUl\")]/tbody/tr[16]/td[2]/div"}
RESULT: {"using":"xpath","value":"//table[contains(@id, \"listView-innerSelectionPanelTable-listUl\")]/tbody/tr[16]/td[2]/div"}
COMMAND: POST /session/aedcc668f48e21658cbc6750609d6355/element - {"using":"xpath","value":"//table[contains(@id, \"listView-innerSelectionPanelTable-listUl\")]/tbody/tr[16]/td[3]/div/div/span/span[1]/bdi"}
RESULT: {"using":"xpath","value":"//table[contains(@id, \"listView-innerSelectionPanelTable-listUl\")]/tbody/tr[16]/td[3]/div/div/span/span[1]/bdi"}
COMMAND: POST /session/aedcc668f48e21658cbc6750609d6355/execute/sync - {"script":"<script> [56 bytes]","args":[{"element-6066-11e4-a52e-4f735466cecf":"f.8AFBB3AC1A82BF87553E3B2FEF1B5657.d.CD88E4A659EEFDF6D2CE3E24ADE21BFA.e.7847","ELEMENT":"f.8AFBB3AC1A82BF87553E3B2FEF1B5657.d.CD88E4A659EEFDF6D2CE3E24ADE21BFA.e.7847"}]}
RESULT: {"script":"<script> [56 bytes]","args":[{"element-6066-11e4-a52e-4f735466cecf":"f.8AFBB3AC1A82BF87553E3B2FEF1B5657.d.CD88E4A659EEFDF6D2CE3E24ADE21BFA.e.7847","ELEMENT":"f.8AFBB3AC1A82BF87553E3B2FEF1B5657.d.CD88E4A659EEFDF6D2CE3E24ADE21BFA.e.7847"}]}
COMMAND: GET /session/aedcc668f48e21658cbc6750609d6355/element/f.8AFBB3AC1A82BF87553E3B2FEF1B5657.d.CD88E4A659EEFDF6D2CE3E24ADE21BFA.e.7846/attribute/aria-checked - {}
COMMAND: GET /session/aedcc668f48e21658cbc6750609d6355/screenshot - {}
RESULT: {}
COMMAND: POST /session/aedcc668f48e21658cbc6750609d6355/element - {"using":"xpath","value":"//table[contains(@id, \"listView-innerSelectionPanelTable-listUl\")]/tbody/tr[17]/td[2]/div/div"}
RESULT: {}
RESULT: {"using":"xpath","value":"//table[contains(@id, \"listView-innerSelectionPanelTable-listUl\")]/tbody/tr[17]/td[2]/div/div"}
COMMAND: POST /session/aedcc668f48e21658cbc6750609d6355/element - {"using":"xpath","value":"//table[contains(@id, \"listView-innerSelectionPanelTable-listUl\")]/tbody/tr[17]/td[2]/div"}
RESULT: {"using":"xpath","value":"//table[contains(@id, \"listView-innerSelectionPanelTable-listUl\")]/tbody/tr[17]/td[2]/div"}
COMMAND: POST /session/aedcc668f48e21658cbc6750609d6355/element - {"using":"xpath","value":"//table[contains(@id, \"listView-innerSelectionPanelTable-listUl\")]/tbody/tr[17]/td[3]/div/div/span/span[1]/bdi"}
RESULT: {"using":"xpath","value":"//table[contains(@id, \"listView-innerSelectionPanelTable-listUl\")]/tbody/tr[17]/td[3]/div/div/span/span[1]/bdi"}
COMMAND: POST /session/aedcc668f48e21658cbc6750609d6355/execute/sync - {"script":"<script> [56 bytes]","args":[{"element-6066-11e4-a52e-4f735466cecf":"f.8AFBB3AC1A82BF87553E3B2FEF1B5657.d.CD88E4A659EEFDF6D2CE3E24ADE21BFA.e.7850","ELEMENT":"f.8AFBB3AC1A82BF87553E3B2FEF1B5657.d.CD88E4A659EEFDF6D2CE3E24ADE21BFA.e.7850"}]}
RESULT: {"script":"<script> [56 bytes]","args":[{"element-6066-11e4-a52e-4f735466cecf":"f.8AFBB3AC1A82BF87553E3B2FEF1B5657.d.CD88E4A659EEFDF6D2CE3E24ADE21BFA.e.7850","ELEMENT":"f.8AFBB3AC1A82BF87553E3B2FEF1B5657.d.CD88E4A659EEFDF6D2CE3E24ADE21BFA.e.7850"}]}
COMMAND: GET /session/aedcc668f48e21658cbc6750609d6355/element/f.8AFBB3AC1A82BF87553E3B2FEF1B5657.d.CD88E4A659EEFDF6D2CE3E24ADE21BFA.e.7849/attribute/aria-checked - {}
COMMAND: GET /session/aedcc668f48e21658cbc6750609d6355/screenshot - {}
RESULT: {}
COMMAND: POST /session/aedcc668f48e21658cbc6750609d6355/element - {"using":"xpath","value":"//table[contains(@id, \"listView-innerSelectionPanelTable-listUl\")]/tbody/tr[18]/td[2]/div/div"}
RESULT: {}
RESULT: {"using":"xpath","value":"//table[contains(@id, \"listView-innerSelectionPanelTable-listUl\")]/tbody/tr[18]/td[2]/div/div"}
COMMAND: POST /session/aedcc668f48e21658cbc6750609d6355/element - {"using":"xpath","value":"//table[contains(@id, \"listView-innerSelectionPanelTable-listUl\")]/tbody/tr[18]/td[2]/div"}
RESULT: {"using":"xpath","value":"//table[contains(@id, \"listView-innerSelectionPanelTable-listUl\")]/tbody/tr[18]/td[2]/div"}
COMMAND: POST /session/aedcc668f48e21658cbc6750609d6355/element - {"using":"xpath","value":"//table[contains(@id, \"listView-innerSelectionPanelTable-listUl\")]/tbody/tr[18]/td[3]/div/div/span/span[1]/bdi"}
RESULT: {"using":"xpath","value":"//table[contains(@id, \"listView-innerSelectionPanelTable-listUl\")]/tbody/tr[18]/td[3]/div/div/span/span[1]/bdi"}
COMMAND: POST /session/aedcc668f48e21658cbc6750609d6355/execute/sync - {"script":"<script> [56 bytes]","args":[{"element-6066-11e4-a52e-4f735466cecf":"f.8AFBB3AC1A82BF87553E3B2FEF1B5657.d.CD88E4A659EEFDF6D2CE3E24ADE21BFA.e.7853","ELEMENT":"f.8AFBB3AC1A82BF87553E3B2FEF1B5657.d.CD88E4A659EEFDF6D2CE3E24ADE21BFA.e.7853"}]}
RESULT: {"script":"<script> [56 bytes]","args":[{"element-6066-11e4-a52e-4f735466cecf":"f.8AFBB3AC1A82BF87553E3B2FEF1B5657.d.CD88E4A659EEFDF6D2CE3E24ADE21BFA.e.7853","ELEMENT":"f.8AFBB3AC1A82BF87553E3B2FEF1B5657.d.CD88E4A659EEFDF6D2CE3E24ADE21BFA.e.7853"}]}
COMMAND: GET /session/aedcc668f48e21658cbc6750609d6355/element/f.8AFBB3AC1A82BF87553E3B2FEF1B5657.d.CD88E4A659EEFDF6D2CE3E24ADE21BFA.e.7852/attribute/aria-checked - {}
COMMAND: GET /session/aedcc668f48e21658cbc6750609d6355/screenshot - {}
RESULT: {}
COMMAND: POST /session/aedcc668f48e21658cbc6750609d6355/element - {"using":"xpath","value":"//table[contains(@id, \"listView-innerSelectionPanelTable-listUl\")]/tbody/tr[19]/td[2]/div/div"}
RESULT: {}
RESULT: {"using":"xpath","value":"//table[contains(@id, \"listView-innerSelectionPanelTable-listUl\")]/tbody/tr[19]/td[2]/div/div"}
COMMAND: POST /session/aedcc668f48e21658cbc6750609d6355/element - {"using":"xpath","value":"//table[contains(@id, \"listView-innerSelectionPanelTable-listUl\")]/tbody/tr[19]/td[2]/div"}
RESULT: {"using":"xpath","value":"//table[contains(@id, \"listView-innerSelectionPanelTable-listUl\")]/tbody/tr[19]/td[2]/div"}
COMMAND: POST /session/aedcc668f48e21658cbc6750609d6355/element - {"using":"xpath","value":"//table[contains(@id, \"listView-innerSelectionPanelTable-listUl\")]/tbody/tr[19]/td[3]/div/div/span/span[1]/bdi"}
RESULT: {"using":"xpath","value":"//table[contains(@id, \"listView-innerSelectionPanelTable-listUl\")]/tbody/tr[19]/td[3]/div/div/span/span[1]/bdi"}
COMMAND: POST /session/aedcc668f48e21658cbc6750609d6355/execute/sync - {"script":"<script> [56 bytes]","args":[{"element-6066-11e4-a52e-4f735466cecf":"f.8AFBB3AC1A82BF87553E3B2FEF1B5657.d.CD88E4A659EEFDF6D2CE3E24ADE21BFA.e.7856","ELEMENT":"f.8AFBB3AC1A82BF87553E3B2FEF1B5657.d.CD88E4A659EEFDF6D2CE3E24ADE21BFA.e.7856"}]}
RESULT: {"script":"<script> [56 bytes]","args":[{"element-6066-11e4-a52e-4f735466cecf":"f.8AFBB3AC1A82BF87553E3B2FEF1B5657.d.CD88E4A659EEFDF6D2CE3E24ADE21BFA.e.7856","ELEMENT":"f.8AFBB3AC1A82BF87553E3B2FEF1B5657.d.CD88E4A659EEFDF6D2CE3E24ADE21BFA.e.7856"}]}
COMMAND: GET /session/aedcc668f48e21658cbc6750609d6355/element/f.8AFBB3AC1A82BF87553E3B2FEF1B5657.d.CD88E4A659EEFDF6D2CE3E24ADE21BFA.e.7855/attribute/aria-checked - {}
COMMAND: GET /session/aedcc668f48e21658cbc6750609d6355/screenshot - {}
RESULT: {}
COMMAND: POST /session/aedcc668f48e21658cbc6750609d6355/element - {"using":"xpath","value":"//table[contains(@id, \"listView-innerSelectionPanelTable-listUl\")]/tbody/tr[20]/td[2]/div/div"}
RESULT: {}
RESULT: {"using":"xpath","value":"//table[contains(@id, \"listView-innerSelectionPanelTable-listUl\")]/tbody/tr[20]/td[2]/div/div"}
COMMAND: POST /session/aedcc668f48e21658cbc6750609d6355/element - {"using":"xpath","value":"//table[contains(@id, \"listView-innerSelectionPanelTable-listUl\")]/tbody/tr[20]/td[2]/div"}
RESULT: {"using":"xpath","value":"//table[contains(@id, \"listView-innerSelectionPanelTable-listUl\")]/tbody/tr[20]/td[2]/div"}
COMMAND: POST /session/aedcc668f48e21658cbc6750609d6355/element - {"using":"xpath","value":"//table[contains(@id, \"listView-innerSelectionPanelTable-listUl\")]/tbody/tr[20]/td[3]/div/div/span/span[1]/bdi"}
RESULT: {"using":"xpath","value":"//table[contains(@id, \"listView-innerSelectionPanelTable-listUl\")]/tbody/tr[20]/td[3]/div/div/span/span[1]/bdi"}
COMMAND: POST /session/aedcc668f48e21658cbc6750609d6355/execute/sync - {"script":"<script> [56 bytes]","args":[{"element-6066-11e4-a52e-4f735466cecf":"f.8AFBB3AC1A82BF87553E3B2FEF1B5657.d.CD88E4A659EEFDF6D2CE3E24ADE21BFA.e.7859","ELEMENT":"f.8AFBB3AC1A82BF87553E3B2FEF1B5657.d.CD88E4A659EEFDF6D2CE3E24ADE21BFA.e.7859"}]}
RESULT: {"script":"<script> [56 bytes]","args":[{"element-6066-11e4-a52e-4f735466cecf":"f.8AFBB3AC1A82BF87553E3B2FEF1B5657.d.CD88E4A659EEFDF6D2CE3E24ADE21BFA.e.7859","ELEMENT":"f.8AFBB3AC1A82BF87553E3B2FEF1B5657.d.CD88E4A659EEFDF6D2CE3E24ADE21BFA.e.7859"}]}
COMMAND: GET /session/aedcc668f48e21658cbc6750609d6355/element/f.8AFBB3AC1A82BF87553E3B2FEF1B5657.d.CD88E4A659EEFDF6D2CE3E24ADE21BFA.e.7858/attribute/aria-checked - {}
COMMAND: GET /session/aedcc668f48e21658cbc6750609d6355/screenshot - {}
RESULT: {}
COMMAND: POST /session/aedcc668f48e21658cbc6750609d6355/element - {"using":"xpath","value":"//table[contains(@id, \"listView-innerSelectionPanelTable-listUl\")]/tbody/tr[21]/td[2]/div/div"}
COMMAND: POST /session/aedcc668f48e21658cbc6750609d6355/element/f.8AFBB3AC1A82BF87553E3B2FEF1B5657.d.CD88E4A659EEFDF6D2CE3E24ADE21BFA.e.7857/click - {}
RESULT: {}
RESULT: {}
COMMAND: GET /session/aedcc668f48e21658cbc6750609d6355/screenshot - {}
RESULT: {"using":"xpath","value":"//table[contains(@id, \"listView-innerSelectionPanelTable-listUl\")]/tbody/tr[21]/td[2]/div/div"}
COMMAND: POST /session/aedcc668f48e21658cbc6750609d6355/element - {"using":"xpath","value":"//table[contains(@id, \"listView-innerSelectionPanelTable-listUl\")]/tbody/tr[21]/td[2]/div"}
RESULT: {}
RESULT: {"using":"xpath","value":"//table[contains(@id, \"listView-innerSelectionPanelTable-listUl\")]/tbody/tr[21]/td[2]/div"}
COMMAND: POST /session/aedcc668f48e21658cbc6750609d6355/element - {"using":"xpath","value":"//table[contains(@id, \"listView-innerSelectionPanelTable-listUl\")]/tbody/tr[21]/td[3]/div/div/span/span[1]/bdi"}
RESULT: {"using":"xpath","value":"//table[contains(@id, \"listView-innerSelectionPanelTable-listUl\")]/tbody/tr[21]/td[3]/div/div/span/span[1]/bdi"}
COMMAND: POST /session/aedcc668f48e21658cbc6750609d6355/execute/sync - {"script":"<script> [56 bytes]","args":[{"element-6066-11e4-a52e-4f735466cecf":"f.8AFBB3AC1A82BF87553E3B2FEF1B5657.d.CD88E4A659EEFDF6D2CE3E24ADE21BFA.e.7865","ELEMENT":"f.8AFBB3AC1A82BF87553E3B2FEF1B5657.d.CD88E4A659EEFDF6D2CE3E24ADE21BFA.e.7865"}]}
RESULT: {"script":"<script> [56 bytes]","args":[{"element-6066-11e4-a52e-4f735466cecf":"f.8AFBB3AC1A82BF87553E3B2FEF1B5657.d.CD88E4A659EEFDF6D2CE3E24ADE21BFA.e.7865","ELEMENT":"f.8AFBB3AC1A82BF87553E3B2FEF1B5657.d.CD88E4A659EEFDF6D2CE3E24ADE21BFA.e.7865"}]}
COMMAND: GET /session/aedcc668f48e21658cbc6750609d6355/element/f.8AFBB3AC1A82BF87553E3B2FEF1B5657.d.CD88E4A659EEFDF6D2CE3E24ADE21BFA.e.7864/attribute/aria-checked - {}
COMMAND: GET /session/aedcc668f48e21658cbc6750609d6355/screenshot - {}
RESULT: {}
COMMAND: POST /session/aedcc668f48e21658cbc6750609d6355/element - {"using":"xpath","value":"//table[contains(@id, \"listView-innerSelectionPanelTable-listUl\")]/tbody/tr[22]/td[2]/div/div"}
COMMAND: POST /session/aedcc668f48e21658cbc6750609d6355/element/f.8AFBB3AC1A82BF87553E3B2FEF1B5657.d.CD88E4A659EEFDF6D2CE3E24ADE21BFA.e.7863/click - {}
RESULT: {}
RESULT: {"using":"xpath","value":"//table[contains(@id, \"listView-innerSelectionPanelTable-listUl\")]/tbody/tr[22]/td[2]/div/div"}
COMMAND: POST /session/aedcc668f48e21658cbc6750609d6355/element - {"using":"xpath","value":"//table[contains(@id, \"listView-innerSelectionPanelTable-listUl\")]/tbody/tr[22]/td[2]/div"}
RESULT: {}
COMMAND: GET /session/aedcc668f48e21658cbc6750609d6355/screenshot - {}
RESULT: {"using":"xpath","value":"//table[contains(@id, \"listView-innerSelectionPanelTable-listUl\")]/tbody/tr[22]/td[2]/div"}
COMMAND: POST /session/aedcc668f48e21658cbc6750609d6355/element - {"using":"xpath","value":"//table[contains(@id, \"listView-innerSelectionPanelTable-listUl\")]/tbody/tr[22]/td[3]/div/div/span/span[1]/bdi"}
RESULT: {}
RESULT: {"using":"xpath","value":"//table[contains(@id, \"listView-innerSelectionPanelTable-listUl\")]/tbody/tr[22]/td[3]/div/div/span/span[1]/bdi"}
COMMAND: POST /session/aedcc668f48e21658cbc6750609d6355/execute/sync - {"script":"<script> [56 bytes]","args":[{"element-6066-11e4-a52e-4f735466cecf":"f.8AFBB3AC1A82BF87553E3B2FEF1B5657.d.CD88E4A659EEFDF6D2CE3E24ADE21BFA.e.7869","ELEMENT":"f.8AFBB3AC1A82BF87553E3B2FEF1B5657.d.CD88E4A659EEFDF6D2CE3E24ADE21BFA.e.7869"}]}
RESULT: {"script":"<script> [56 bytes]","args":[{"element-6066-11e4-a52e-4f735466cecf":"f.8AFBB3AC1A82BF87553E3B2FEF1B5657.d.CD88E4A659EEFDF6D2CE3E24ADE21BFA.e.7869","ELEMENT":"f.8AFBB3AC1A82BF87553E3B2FEF1B5657.d.CD88E4A659EEFDF6D2CE3E24ADE21BFA.e.7869"}]}
COMMAND: GET /session/aedcc668f48e21658cbc6750609d6355/element/f.8AFBB3AC1A82BF87553E3B2FEF1B5657.d.CD88E4A659EEFDF6D2CE3E24ADE21BFA.e.7868/attribute/aria-checked - {}
COMMAND: GET /session/aedcc668f48e21658cbc6750609d6355/screenshot - {}
RESULT: {}
COMMAND: POST /session/aedcc668f48e21658cbc6750609d6355/element - {"using":"xpath","value":"//table[contains(@id, \"listView-innerSelectionPanelTable-listUl\")]/tbody/tr[23]/td[2]/div/div"}
RESULT: {}
RESULT: {"using":"xpath","value":"//table[contains(@id, \"listView-innerSelectionPanelTable-listUl\")]/tbody/tr[23]/td[2]/div/div"}
COMMAND: POST /session/aedcc668f48e21658cbc6750609d6355/element - {"using":"xpath","value":"//table[contains(@id, \"listView-innerSelectionPanelTable-listUl\")]/tbody/tr[23]/td[2]/div"}
RESULT: {"using":"xpath","value":"//table[contains(@id, \"listView-innerSelectionPanelTable-listUl\")]/tbody/tr[23]/td[2]/div"}
COMMAND: POST /session/aedcc668f48e21658cbc6750609d6355/element - {"using":"xpath","value":"//table[contains(@id, \"listView-innerSelectionPanelTable-listUl\")]/tbody/tr[23]/td[3]/div/div/span/span[1]/bdi"}
RESULT: {"using":"xpath","value":"//table[contains(@id, \"listView-innerSelectionPanelTable-listUl\")]/tbody/tr[23]/td[3]/div/div/span/span[1]/bdi"}
COMMAND: POST /session/aedcc668f48e21658cbc6750609d6355/execute/sync - {"script":"<script> [56 bytes]","args":[{"element-6066-11e4-a52e-4f735466cecf":"f.8AFBB3AC1A82BF87553E3B2FEF1B5657.d.CD88E4A659EEFDF6D2CE3E24ADE21BFA.e.7872","ELEMENT":"f.8AFBB3AC1A82BF87553E3B2FEF1B5657.d.CD88E4A659EEFDF6D2CE3E24ADE21BFA.e.7872"}]}
RESULT: {"script":"<script> [56 bytes]","args":[{"element-6066-11e4-a52e-4f735466cecf":"f.8AFBB3AC1A82BF87553E3B2FEF1B5657.d.CD88E4A659EEFDF6D2CE3E24ADE21BFA.e.7872","ELEMENT":"f.8AFBB3AC1A82BF87553E3B2FEF1B5657.d.CD88E4A659EEFDF6D2CE3E24ADE21BFA.e.7872"}]}
COMMAND: GET /session/aedcc668f48e21658cbc6750609d6355/element/f.8AFBB3AC1A82BF87553E3B2FEF1B5657.d.CD88E4A659EEFDF6D2CE3E24ADE21BFA.e.7871/attribute/aria-checked - {}
COMMAND: GET /session/aedcc668f48e21658cbc6750609d6355/screenshot - {}
RESULT: {}
COMMAND: POST /session/aedcc668f48e21658cbc6750609d6355/element - {"using":"xpath","value":"//table[contains(@id, \"listView-innerSelectionPanelTable-listUl\")]/tbody/tr[24]/td[2]/div/div"}
RESULT: {}
RESULT: {"using":"xpath","value":"//table[contains(@id, \"listView-innerSelectionPanelTable-listUl\")]/tbody/tr[24]/td[2]/div/div"}
COMMAND: POST /session/aedcc668f48e21658cbc6750609d6355/element - {"using":"xpath","value":"//table[contains(@id, \"listView-innerSelectionPanelTable-listUl\")]/tbody/tr[24]/td[2]/div"}
RESULT: {"using":"xpath","value":"//table[contains(@id, \"listView-innerSelectionPanelTable-listUl\")]/tbody/tr[24]/td[2]/div"}
COMMAND: POST /session/aedcc668f48e21658cbc6750609d6355/element - {"using":"xpath","value":"//table[contains(@id, \"listView-innerSelectionPanelTable-listUl\")]/tbody/tr[24]/td[3]/div/div/span/span[1]/bdi"}
RESULT: {"using":"xpath","value":"//table[contains(@id, \"listView-innerSelectionPanelTable-listUl\")]/tbody/tr[24]/td[3]/div/div/span/span[1]/bdi"}
COMMAND: POST /session/aedcc668f48e21658cbc6750609d6355/execute/sync - {"script":"<script> [56 bytes]","args":[{"element-6066-11e4-a52e-4f735466cecf":"f.8AFBB3AC1A82BF87553E3B2FEF1B5657.d.CD88E4A659EEFDF6D2CE3E24ADE21BFA.e.7875","ELEMENT":"f.8AFBB3AC1A82BF87553E3B2FEF1B5657.d.CD88E4A659EEFDF6D2CE3E24ADE21BFA.e.7875"}]}
RESULT: {"script":"<script> [56 bytes]","args":[{"element-6066-11e4-a52e-4f735466cecf":"f.8AFBB3AC1A82BF87553E3B2FEF1B5657.d.CD88E4A659EEFDF6D2CE3E24ADE21BFA.e.7875","ELEMENT":"f.8AFBB3AC1A82BF87553E3B2FEF1B5657.d.CD88E4A659EEFDF6D2CE3E24ADE21BFA.e.7875"}]}
COMMAND: GET /session/aedcc668f48e21658cbc6750609d6355/element/f.8AFBB3AC1A82BF87553E3B2FEF1B5657.d.CD88E4A659EEFDF6D2CE3E24ADE21BFA.e.7874/attribute/aria-checked - {}
COMMAND: GET /session/aedcc668f48e21658cbc6750609d6355/screenshot - {}
RESULT: {}
COMMAND: POST /session/aedcc668f48e21658cbc6750609d6355/element - {"using":"xpath","value":"//table[contains(@id, \"listView-innerSelectionPanelTable-listUl\")]/tbody/tr[25]/td[2]/div/div"}
RESULT: {}
RESULT: {"using":"xpath","value":"//table[contains(@id, \"listView-innerSelectionPanelTable-listUl\")]/tbody/tr[25]/td[2]/div/div"}
COMMAND: POST /session/aedcc668f48e21658cbc6750609d6355/element - {"using":"xpath","value":"//table[contains(@id, \"listView-innerSelectionPanelTable-listUl\")]/tbody/tr[25]/td[2]/div"}
RESULT: {"using":"xpath","value":"//table[contains(@id, \"listView-innerSelectionPanelTable-listUl\")]/tbody/tr[25]/td[2]/div"}
COMMAND: POST /session/aedcc668f48e21658cbc6750609d6355/element - {"using":"xpath","value":"//table[contains(@id, \"listView-innerSelectionPanelTable-listUl\")]/tbody/tr[25]/td[3]/div/div/span/span[1]/bdi"}
RESULT: {"using":"xpath","value":"//table[contains(@id, \"listView-innerSelectionPanelTable-listUl\")]/tbody/tr[25]/td[3]/div/div/span/span[1]/bdi"}
COMMAND: POST /session/aedcc668f48e21658cbc6750609d6355/execute/sync - {"script":"<script> [56 bytes]","args":[{"element-6066-11e4-a52e-4f735466cecf":"f.8AFBB3AC1A82BF87553E3B2FEF1B5657.d.CD88E4A659EEFDF6D2CE3E24ADE21BFA.e.7878","ELEMENT":"f.8AFBB3AC1A82BF87553E3B2FEF1B5657.d.CD88E4A659EEFDF6D2CE3E24ADE21BFA.e.7878"}]}
RESULT: {"script":"<script> [56 bytes]","args":[{"element-6066-11e4-a52e-4f735466cecf":"f.8AFBB3AC1A82BF87553E3B2FEF1B5657.d.CD88E4A659EEFDF6D2CE3E24ADE21BFA.e.7878","ELEMENT":"f.8AFBB3AC1A82BF87553E3B2FEF1B5657.d.CD88E4A659EEFDF6D2CE3E24ADE21BFA.e.7878"}]}
COMMAND: GET /session/aedcc668f48e21658cbc6750609d6355/element/f.8AFBB3AC1A82BF87553E3B2FEF1B5657.d.CD88E4A659EEFDF6D2CE3E24ADE21BFA.e.7877/attribute/aria-checked - {}
COMMAND: GET /session/aedcc668f48e21658cbc6750609d6355/screenshot - {}
RESULT: {}
COMMAND: POST /session/aedcc668f48e21658cbc6750609d6355/element - {"using":"xpath","value":"//bdi[contains(text(), \"OK\")]"}
RESULT: {}
RESULT: {"using":"xpath","value":"//bdi[contains(text(), \"OK\")]"}
COMMAND: POST /session/aedcc668f48e21658cbc6750609d6355/element/f.8AFBB3AC1A82BF87553E3B2FEF1B5657.d.CD88E4A659EEFDF6D2CE3E24ADE21BFA.e.7879/click - {}
RESULT: {}
COMMAND: GET /session/aedcc668f48e21658cbc6750609d6355/screenshot - {}
RESULT: {}
COMMAND: POST /session/aedcc668f48e21658cbc6750609d6355/execute/async - {"script":"<script> [1562 bytes]","args":[{"selector":{"id":"application-managepartners-display-component---masterPtm--smartFilterBar-filterItemControlA_-LINK_TO_ADDRESSES_MAIN.ID-vhi"},"wdio_ui5_key":"applicationmanagepartners-display-component---masterPtm--smartFilterBar-filterItemControlA_-LINK_TO_ADDRESSES_MAIN.ID-vhi"}]}
RESULT: {"script":"<script> [1562 bytes]","args":[{"selector":{"id":"application-managepartners-display-component---masterPtm--smartFilterBar-filterItemControlA_-LINK_TO_ADDRESSES_MAIN.ID-vhi"},"wdio_ui5_key":"applicationmanagepartners-display-component---masterPtm--smartFilterBar-filterItemControlA_-LINK_TO_ADDRESSES_MAIN.ID-vhi"}]}
RESULT: undefined
COMMAND: POST /session/aedcc668f48e21658cbc6750609d6355/element - {"using":"xpath","value":"//*[@id=\"application-managepartners-display-component---masterPtm--smartFilterBar-filterItemControlA_-LINK_TO_ADDRESSES_MAIN.ID-vhi\"]"}
RESULT: {"using":"xpath","value":"//*[@id=\"application-managepartners-display-component---masterPtm--smartFilterBar-filterItemControlA_-LINK_TO_ADDRESSES_MAIN.ID-vhi\"]"}
COMMAND: POST /session/aedcc668f48e21658cbc6750609d6355/element/f.8AFBB3AC1A82BF87553E3B2FEF1B5657.d.CD88E4A659EEFDF6D2CE3E24ADE21BFA.e.7892/click - {}
RESULT: {}
COMMAND: GET /session/aedcc668f48e21658cbc6750609d6355/screenshot - {}
RESULT: {}
COMMAND: POST /session/aedcc668f48e21658cbc6750609d6355/element - {"using":"xpath","value":"//div[input[@value=\"contains\"]]//span[contains(@id, \"arrow\")]"}
RESULT: {"using":"xpath","value":"//div[input[@value=\"contains\"]]//span[contains(@id, \"arrow\")]"}
COMMAND: POST /session/aedcc668f48e21658cbc6750609d6355/element/f.8AFBB3AC1A82BF87553E3B2FEF1B5657.d.CD88E4A659EEFDF6D2CE3E24ADE21BFA.e.7897/click - {}
RESULT: {}
COMMAND: GET /session/aedcc668f48e21658cbc6750609d6355/screenshot - {}
RESULT: {}
COMMAND: POST /session/aedcc668f48e21658cbc6750609d6355/element - {"using":"xpath","value":"//li[.//span[text()='equal to']]"}
RESULT: {"using":"xpath","value":"//li[.//span[text()='equal to']]"}
COMMAND: POST /session/aedcc668f48e21658cbc6750609d6355/element/f.8AFBB3AC1A82BF87553E3B2FEF1B5657.d.CD88E4A659EEFDF6D2CE3E24ADE21BFA.e.7898/click - {}
RESULT: {}
COMMAND: GET /session/aedcc668f48e21658cbc6750609d6355/screenshot - {}
RESULT: {}
RESULT: undefined
COMMAND: POST /session/aedcc668f48e21658cbc6750609d6355/execute/async - {"script":"<script> [776 bytes]","args":[{"enterText":"1006","selector":{"controlType":"sap.m.Input","viewName":"etm.portal.ui.managepartners.view.Master","viewId":"application-managepartners-display-component---masterPtm","properties":{"valueState":"None"},"searchOpenDialogs":true,"interaction":{"idSuffix":"inner"}},"clearTextFirst":true,"interactionType":"ENTER_TEXT"}]}
RESULT: {"script":"<script> [776 bytes]","args":[{"enterText":"1006","selector":{"controlType":"sap.m.Input","viewName":"etm.portal.ui.managepartners.view.Master","viewId":"application-managepartners-display-component---masterPtm","properties":{"valueState":"None"},"searchOpenDialogs":true,"interaction":{"idSuffix":"inner"}},"clearTextFirst":true,"interactionType":"ENTER_TEXT"}]}
COMMAND: POST /session/aedcc668f48e21658cbc6750609d6355/actions - {"actions":[{"id":"action22","type":"key","parameters":{},"actions":[{"type":"keyDown","value":"î€‡"},{"type":"pause","duration":10},{"type":"keyUp","value":"î€‡"}]}]}
RESULT: {"actions":[{"id":"action22","type":"key","parameters":{},"actions":[{"type":"keyDown","value":"î€‡"},{"type":"pause","duration":10},{"type":"keyUp","value":"î€‡"}]}]}
COMMAND: GET /session/aedcc668f48e21658cbc6750609d6355/screenshot - {}
RESULT: {}
COMMAND: POST /session/aedcc668f48e21658cbc6750609d6355/element - {"using":"xpath","value":"(//bdi[contains(text(), \"OK\")])[1]"}
RESULT: {"using":"xpath","value":"(//bdi[contains(text(), \"OK\")])[1]"}
COMMAND: POST /session/aedcc668f48e21658cbc6750609d6355/element/f.8AFBB3AC1A82BF87553E3B2FEF1B5657.d.CD88E4A659EEFDF6D2CE3E24ADE21BFA.e.7899/click - {}
RESULT: {}
COMMAND: GET /session/aedcc668f48e21658cbc6750609d6355/screenshot - {}
RESULT: {}
COMMAND: POST /session/aedcc668f48e21658cbc6750609d6355/element - {"using":"xpath","value":"//span[@id=\"application-managepartners-display-component---masterPtm--smartTable-header-inner\"]"}
RESULT: {"using":"xpath","value":"//span[@id=\"application-managepartners-display-component---masterPtm--smartTable-header-inner\"]"}
COMMAND: POST /session/aedcc668f48e21658cbc6750609d6355/elements - {"using":"xpath","value":"//span[@id=\"application-managepartners-display-component---masterPtm--smartTable-header-inner\"]"}
RESULT: {"using":"xpath","value":"//span[@id=\"application-managepartners-display-component---masterPtm--smartTable-header-inner\"]"}
COMMAND: POST /session/aedcc668f48e21658cbc6750609d6355/execute/sync - {"script":"<script> [56 bytes]","args":[{"element-6066-11e4-a52e-4f735466cecf":"f.8AFBB3AC1A82BF87553E3B2FEF1B5657.d.CD88E4A659EEFDF6D2CE3E24ADE21BFA.e.7737","ELEMENT":"f.8AFBB3AC1A82BF87553E3B2FEF1B5657.d.CD88E4A659EEFDF6D2CE3E24ADE21BFA.e.7737"}]}
RESULT: {"script":"<script> [56 bytes]","args":[{"element-6066-11e4-a52e-4f735466cecf":"f.8AFBB3AC1A82BF87553E3B2FEF1B5657.d.CD88E4A659EEFDF6D2CE3E24ADE21BFA.e.7737","ELEMENT":"f.8AFBB3AC1A82BF87553E3B2FEF1B5657.d.CD88E4A659EEFDF6D2CE3E24ADE21BFA.e.7737"}]}
COMMAND: POST /session/aedcc668f48e21658cbc6750609d6355/element - {"using":"xpath","value":"//span[contains(@title, \"Remove\")]"}
COMMAND: GET /session/aedcc668f48e21658cbc6750609d6355/screenshot - {}
RESULT: {"using":"xpath","value":"//span[contains(@title, \"Remove\")]"}
COMMAND: POST /session/aedcc668f48e21658cbc6750609d6355/element/f.8AFBB3AC1A82BF87553E3B2FEF1B5657.d.CD88E4A659EEFDF6D2CE3E24ADE21BFA.e.7903/click - {}
RESULT: {}
RESULT: {}
COMMAND: GET /session/aedcc668f48e21658cbc6750609d6355/screenshot - {}
RESULT: {}
RESULT: undefined
COMMAND: POST /session/aedcc668f48e21658cbc6750609d6355/element - {"using":"xpath","value":"//*[@id=\"application-managepartners-display-component---masterPtm--smartFilterBar-filterItemControl_BASIC-YARD-vhi\"]"}
RESULT: {"using":"xpath","value":"//*[@id=\"application-managepartners-display-component---masterPtm--smartFilterBar-filterItemControl_BASIC-YARD-vhi\"]"}
COMMAND: POST /session/aedcc668f48e21658cbc6750609d6355/element/f.8AFBB3AC1A82BF87553E3B2FEF1B5657.d.CD88E4A659EEFDF6D2CE3E24ADE21BFA.e.8007/click - {}
RESULT: {}
COMMAND: GET /session/aedcc668f48e21658cbc6750609d6355/screenshot - {}
RESULT: {}
RESULT: undefined
COMMAND: POST /session/aedcc668f48e21658cbc6750609d6355/execute/async - {"script":"<script> [776 bytes]","args":[{"enterText":"Test","selector":{"id":"application-managepartners-display-component---masterPtm--smartFilterBar-filterItemControl_BASIC-YARD-valueHelpDialog-smartFilterBar-btnBasicSearch","searchOpenDialogs":true,"interaction":{"idSuffix":"I"}},"clearTextFirst":true,"interactionType":"ENTER_TEXT"}]}
RESULT: {"script":"<script> [776 bytes]","args":[{"enterText":"Test","selector":{"id":"application-managepartners-display-component---masterPtm--smartFilterBar-filterItemControl_BASIC-YARD-valueHelpDialog-smartFilterBar-btnBasicSearch","searchOpenDialogs":true,"interaction":{"idSuffix":"I"}},"clearTextFirst":true,"interactionType":"ENTER_TEXT"}]}
COMMAND: POST /session/aedcc668f48e21658cbc6750609d6355/actions - {"actions":[{"id":"action23","type":"key","parameters":{},"actions":[{"type":"keyDown","value":"î€‡"},{"type":"pause","duration":10},{"type":"keyUp","value":"î€‡"}]}]}
RESULT: {"actions":[{"id":"action23","type":"key","parameters":{},"actions":[{"type":"keyDown","value":"î€‡"},{"type":"pause","duration":10},{"type":"keyUp","value":"î€‡"}]}]}
COMMAND: POST /session/aedcc668f48e21658cbc6750609d6355/elements - {"using":"xpath","value":"//table[contains(@id, \"smartFilterBar-filterItemControl_BASIC-YARD-valueHelpDialog-table-table\")]/tbody/tr"}
COMMAND: GET /session/aedcc668f48e21658cbc6750609d6355/screenshot - {}
RESULT: {"using":"xpath","value":"//table[contains(@id, \"smartFilterBar-filterItemControl_BASIC-YARD-valueHelpDialog-table-table\")]/tbody/tr"}
COMMAND: POST /session/aedcc668f48e21658cbc6750609d6355/element - {"using":"xpath","value":"//table[contains(@id, \"smartFilterBar-filterItemControl_BASIC-YARD-valueHelpDialog-table-table\")]/tbody/tr[1]/td[1]/div/span"}
RESULT: {}
RESULT: {"using":"xpath","value":"//table[contains(@id, \"smartFilterBar-filterItemControl_BASIC-YARD-valueHelpDialog-table-table\")]/tbody/tr[1]/td[1]/div/span"}
COMMAND: POST /session/aedcc668f48e21658cbc6750609d6355/elements - {"using":"xpath","value":"//table[contains(@id, \"smartFilterBar-filterItemControl_BASIC-YARD-valueHelpDialog-table-table\")]/tbody/tr[1]/td[1]/div/span"}
RESULT: {"using":"xpath","value":"//table[contains(@id, \"smartFilterBar-filterItemControl_BASIC-YARD-valueHelpDialog-table-table\")]/tbody/tr[1]/td[1]/div/span"}
COMMAND: POST /session/aedcc668f48e21658cbc6750609d6355/execute/sync - {"script":"<script> [56 bytes]","args":[{"element-6066-11e4-a52e-4f735466cecf":"f.8AFBB3AC1A82BF87553E3B2FEF1B5657.d.CD88E4A659EEFDF6D2CE3E24ADE21BFA.e.8026","ELEMENT":"f.8AFBB3AC1A82BF87553E3B2FEF1B5657.d.CD88E4A659EEFDF6D2CE3E24ADE21BFA.e.8026"}]}
RESULT: {"script":"<script> [56 bytes]","args":[{"element-6066-11e4-a52e-4f735466cecf":"f.8AFBB3AC1A82BF87553E3B2FEF1B5657.d.CD88E4A659EEFDF6D2CE3E24ADE21BFA.e.8026","ELEMENT":"f.8AFBB3AC1A82BF87553E3B2FEF1B5657.d.CD88E4A659EEFDF6D2CE3E24ADE21BFA.e.8026"}]}
COMMAND: POST /session/aedcc668f48e21658cbc6750609d6355/element - {"using":"xpath","value":"//table[contains(@id, \"smartFilterBar-filterItemControl_BASIC-YARD-valueHelpDialog-table-table\")]/tbody/tr[2]/td[1]/div/span"}
COMMAND: GET /session/aedcc668f48e21658cbc6750609d6355/screenshot - {}
RESULT: {"using":"xpath","value":"//table[contains(@id, \"smartFilterBar-filterItemControl_BASIC-YARD-valueHelpDialog-table-table\")]/tbody/tr[2]/td[1]/div/span"}
COMMAND: POST /session/aedcc668f48e21658cbc6750609d6355/elements - {"using":"xpath","value":"//table[contains(@id, \"smartFilterBar-filterItemControl_BASIC-YARD-valueHelpDialog-table-table\")]/tbody/tr[2]/td[1]/div/span"}
RESULT: {}
RESULT: {"using":"xpath","value":"//table[contains(@id, \"smartFilterBar-filterItemControl_BASIC-YARD-valueHelpDialog-table-table\")]/tbody/tr[2]/td[1]/div/span"}
COMMAND: POST /session/aedcc668f48e21658cbc6750609d6355/execute/sync - {"script":"<script> [56 bytes]","args":[{"element-6066-11e4-a52e-4f735466cecf":"f.8AFBB3AC1A82BF87553E3B2FEF1B5657.d.CD88E4A659EEFDF6D2CE3E24ADE21BFA.e.8027","ELEMENT":"f.8AFBB3AC1A82BF87553E3B2FEF1B5657.d.CD88E4A659EEFDF6D2CE3E24ADE21BFA.e.8027"}]}
RESULT: {"script":"<script> [56 bytes]","args":[{"element-6066-11e4-a52e-4f735466cecf":"f.8AFBB3AC1A82BF87553E3B2FEF1B5657.d.CD88E4A659EEFDF6D2CE3E24ADE21BFA.e.8027","ELEMENT":"f.8AFBB3AC1A82BF87553E3B2FEF1B5657.d.CD88E4A659EEFDF6D2CE3E24ADE21BFA.e.8027"}]}
COMMAND: POST /session/aedcc668f48e21658cbc6750609d6355/element - {"using":"xpath","value":"//table[contains(@id, \"smartFilterBar-filterItemControl_BASIC-YARD-valueHelpDialog-table-table\")]/tbody/tr[3]/td[1]/div/span"}
COMMAND: GET /session/aedcc668f48e21658cbc6750609d6355/screenshot - {}
RESULT: {"using":"xpath","value":"//table[contains(@id, \"smartFilterBar-filterItemControl_BASIC-YARD-valueHelpDialog-table-table\")]/tbody/tr[3]/td[1]/div/span"}
COMMAND: POST /session/aedcc668f48e21658cbc6750609d6355/elements - {"using":"xpath","value":"//table[contains(@id, \"smartFilterBar-filterItemControl_BASIC-YARD-valueHelpDialog-table-table\")]/tbody/tr[3]/td[1]/div/span"}
RESULT: {}
RESULT: {"using":"xpath","value":"//table[contains(@id, \"smartFilterBar-filterItemControl_BASIC-YARD-valueHelpDialog-table-table\")]/tbody/tr[3]/td[1]/div/span"}
COMMAND: POST /session/aedcc668f48e21658cbc6750609d6355/execute/sync - {"script":"<script> [56 bytes]","args":[{"element-6066-11e4-a52e-4f735466cecf":"f.8AFBB3AC1A82BF87553E3B2FEF1B5657.d.CD88E4A659EEFDF6D2CE3E24ADE21BFA.e.8028","ELEMENT":"f.8AFBB3AC1A82BF87553E3B2FEF1B5657.d.CD88E4A659EEFDF6D2CE3E24ADE21BFA.e.8028"}]}
RESULT: {"script":"<script> [56 bytes]","args":[{"element-6066-11e4-a52e-4f735466cecf":"f.8AFBB3AC1A82BF87553E3B2FEF1B5657.d.CD88E4A659EEFDF6D2CE3E24ADE21BFA.e.8028","ELEMENT":"f.8AFBB3AC1A82BF87553E3B2FEF1B5657.d.CD88E4A659EEFDF6D2CE3E24ADE21BFA.e.8028"}]}
COMMAND: POST /session/aedcc668f48e21658cbc6750609d6355/element - {"using":"xpath","value":"//div[contains(@id, \"filterItemControl_BASIC-YARD-valueHelpDialog-table-rowsel2\")]"}
COMMAND: GET /session/aedcc668f48e21658cbc6750609d6355/screenshot - {}
RESULT: {"using":"xpath","value":"//div[contains(@id, \"filterItemControl_BASIC-YARD-valueHelpDialog-table-rowsel2\")]"}
COMMAND: POST /session/aedcc668f48e21658cbc6750609d6355/element/f.8AFBB3AC1A82BF87553E3B2FEF1B5657.d.CD88E4A659EEFDF6D2CE3E24ADE21BFA.e.8029/click - {}
RESULT: {}
RESULT: {}
COMMAND: GET /session/aedcc668f48e21658cbc6750609d6355/screenshot - {}
RESULT: {}
COMMAND: POST /session/aedcc668f48e21658cbc6750609d6355/element - {"using":"xpath","value":"(//bdi[contains(text(), \"OK\")])[1]"}
RESULT: {"using":"xpath","value":"(//bdi[contains(text(), \"OK\")])[1]"}
COMMAND: POST /session/aedcc668f48e21658cbc6750609d6355/element/f.8AFBB3AC1A82BF87553E3B2FEF1B5657.d.CD88E4A659EEFDF6D2CE3E24ADE21BFA.e.8031/click - {}
RESULT: {}
COMMAND: GET /session/aedcc668f48e21658cbc6750609d6355/screenshot - {}
RESULT: {}
COMMAND: POST /session/aedcc668f48e21658cbc6750609d6355/element - {"using":"xpath","value":"//span[@id=\"application-managepartners-display-component---masterPtm--smartTable-header-inner\"]"}
RESULT: {"using":"xpath","value":"//span[@id=\"application-managepartners-display-component---masterPtm--smartTable-header-inner\"]"}
COMMAND: POST /session/aedcc668f48e21658cbc6750609d6355/elements - {"using":"xpath","value":"//span[@id=\"application-managepartners-display-component---masterPtm--smartTable-header-inner\"]"}
RESULT: {"using":"xpath","value":"//span[@id=\"application-managepartners-display-component---masterPtm--smartTable-header-inner\"]"}
COMMAND: POST /session/aedcc668f48e21658cbc6750609d6355/execute/sync - {"script":"<script> [56 bytes]","args":[{"element-6066-11e4-a52e-4f735466cecf":"f.8AFBB3AC1A82BF87553E3B2FEF1B5657.d.CD88E4A659EEFDF6D2CE3E24ADE21BFA.e.7737","ELEMENT":"f.8AFBB3AC1A82BF87553E3B2FEF1B5657.d.CD88E4A659EEFDF6D2CE3E24ADE21BFA.e.7737"}]}
RESULT: {"script":"<script> [56 bytes]","args":[{"element-6066-11e4-a52e-4f735466cecf":"f.8AFBB3AC1A82BF87553E3B2FEF1B5657.d.CD88E4A659EEFDF6D2CE3E24ADE21BFA.e.7737","ELEMENT":"f.8AFBB3AC1A82BF87553E3B2FEF1B5657.d.CD88E4A659EEFDF6D2CE3E24ADE21BFA.e.7737"}]}
COMMAND: POST /session/aedcc668f48e21658cbc6750609d6355/element - {"using":"xpath","value":"//span[contains(@title, \"Remove\")]"}
COMMAND: GET /session/aedcc668f48e21658cbc6750609d6355/screenshot - {}
RESULT: {"using":"xpath","value":"//span[contains(@title, \"Remove\")]"}
COMMAND: POST /session/aedcc668f48e21658cbc6750609d6355/element/f.8AFBB3AC1A82BF87553E3B2FEF1B5657.d.CD88E4A659EEFDF6D2CE3E24ADE21BFA.e.8044/click - {}
RESULT: {}
RESULT: {}
COMMAND: GET /session/aedcc668f48e21658cbc6750609d6355/screenshot - {}
RESULT: undefined
COMMAND: POST /session/aedcc668f48e21658cbc6750609d6355/element - {"using":"xpath","value":"//*[@id=\"application-managepartners-display-component---masterPtm--smartFilterBar-filterItemControl_BASIC-MAIN_ADDRESS-vhi\"]"}
RESULT: {}
RESULT: {"using":"xpath","value":"//*[@id=\"application-managepartners-display-component---masterPtm--smartFilterBar-filterItemControl_BASIC-MAIN_ADDRESS-vhi\"]"}
COMMAND: POST /session/aedcc668f48e21658cbc6750609d6355/element/f.8AFBB3AC1A82BF87553E3B2FEF1B5657.d.CD88E4A659EEFDF6D2CE3E24ADE21BFA.e.8152/click - {}
RESULT: {}
COMMAND: GET /session/aedcc668f48e21658cbc6750609d6355/screenshot - {}
RESULT: {}
RESULT: undefined
COMMAND: POST /session/aedcc668f48e21658cbc6750609d6355/execute/async - {"script":"<script> [776 bytes]","args":[{"enterText":"Romania","selector":{"id":"application-managepartners-display-component---masterPtm--smartFilterBar-filterItemControl_BASIC-MAIN_ADDRESS-valueHelpDialog-smartFilterBar-btnBasicSearch","searchOpenDialogs":true,"interaction":{"idSuffix":"I"}},"clearTextFirst":true,"interactionType":"ENTER_TEXT"}]}
RESULT: {"script":"<script> [776 bytes]","args":[{"enterText":"Romania","selector":{"id":"application-managepartners-display-component---masterPtm--smartFilterBar-filterItemControl_BASIC-MAIN_ADDRESS-valueHelpDialog-smartFilterBar-btnBasicSearch","searchOpenDialogs":true,"interaction":{"idSuffix":"I"}},"clearTextFirst":true,"interactionType":"ENTER_TEXT"}]}
COMMAND: POST /session/aedcc668f48e21658cbc6750609d6355/actions - {"actions":[{"id":"action24","type":"key","parameters":{},"actions":[{"type":"keyDown","value":"î€‡"},{"type":"pause","duration":10},{"type":"keyUp","value":"î€‡"}]}]}
RESULT: {"actions":[{"id":"action24","type":"key","parameters":{},"actions":[{"type":"keyDown","value":"î€‡"},{"type":"pause","duration":10},{"type":"keyUp","value":"î€‡"}]}]}
COMMAND: POST /session/aedcc668f48e21658cbc6750609d6355/elements - {"using":"xpath","value":"//table[contains(@id, \"smartFilterBar-filterItemControl_BASIC-MAIN_ADDRESS-valueHelpDialog-table-table\")]/tbody/tr"}
COMMAND: GET /session/aedcc668f48e21658cbc6750609d6355/screenshot - {}
RESULT: {"using":"xpath","value":"//table[contains(@id, \"smartFilterBar-filterItemControl_BASIC-MAIN_ADDRESS-valueHelpDialog-table-table\")]/tbody/tr"}
COMMAND: POST /session/aedcc668f48e21658cbc6750609d6355/element - {"using":"xpath","value":"//table[contains(@id, \"smartFilterBar-filterItemControl_BASIC-MAIN_ADDRESS-valueHelpDialog-table-table\")]/tbody/tr[1]/td[1]/div/span"}
RESULT: {}
RESULT: {"using":"xpath","value":"//table[contains(@id, \"smartFilterBar-filterItemControl_BASIC-MAIN_ADDRESS-valueHelpDialog-table-table\")]/tbody/tr[1]/td[1]/div/span"}
COMMAND: POST /session/aedcc668f48e21658cbc6750609d6355/elements - {"using":"xpath","value":"//table[contains(@id, \"smartFilterBar-filterItemControl_BASIC-MAIN_ADDRESS-valueHelpDialog-table-table\")]/tbody/tr[1]/td[1]/div/span"}
RESULT: {"using":"xpath","value":"//table[contains(@id, \"smartFilterBar-filterItemControl_BASIC-MAIN_ADDRESS-valueHelpDialog-table-table\")]/tbody/tr[1]/td[1]/div/span"}
COMMAND: POST /session/aedcc668f48e21658cbc6750609d6355/execute/sync - {"script":"<script> [56 bytes]","args":[{"element-6066-11e4-a52e-4f735466cecf":"f.8AFBB3AC1A82BF87553E3B2FEF1B5657.d.CD88E4A659EEFDF6D2CE3E24ADE21BFA.e.8171","ELEMENT":"f.8AFBB3AC1A82BF87553E3B2FEF1B5657.d.CD88E4A659EEFDF6D2CE3E24ADE21BFA.e.8171"}]}
RESULT: {"script":"<script> [56 bytes]","args":[{"element-6066-11e4-a52e-4f735466cecf":"f.8AFBB3AC1A82BF87553E3B2FEF1B5657.d.CD88E4A659EEFDF6D2CE3E24ADE21BFA.e.8171","ELEMENT":"f.8AFBB3AC1A82BF87553E3B2FEF1B5657.d.CD88E4A659EEFDF6D2CE3E24ADE21BFA.e.8171"}]}
COMMAND: POST /session/aedcc668f48e21658cbc6750609d6355/element - {"using":"xpath","value":"//div[contains(@id, \"filterItemControl_BASIC-MAIN_ADDRESS-valueHelpDialog-table-rowsel0\")]"}
COMMAND: GET /session/aedcc668f48e21658cbc6750609d6355/screenshot - {}
RESULT: {"using":"xpath","value":"//div[contains(@id, \"filterItemControl_BASIC-MAIN_ADDRESS-valueHelpDialog-table-rowsel0\")]"}
COMMAND: POST /session/aedcc668f48e21658cbc6750609d6355/element/f.8AFBB3AC1A82BF87553E3B2FEF1B5657.d.CD88E4A659EEFDF6D2CE3E24ADE21BFA.e.8172/click - {}
RESULT: {}
RESULT: {}
COMMAND: GET /session/aedcc668f48e21658cbc6750609d6355/screenshot - {}
RESULT: {}
COMMAND: POST /session/aedcc668f48e21658cbc6750609d6355/element - {"using":"xpath","value":"(//bdi[contains(text(), \"OK\")])[1]"}
RESULT: {"using":"xpath","value":"(//bdi[contains(text(), \"OK\")])[1]"}
COMMAND: POST /session/aedcc668f48e21658cbc6750609d6355/element/f.8AFBB3AC1A82BF87553E3B2FEF1B5657.d.CD88E4A659EEFDF6D2CE3E24ADE21BFA.e.8174/click - {}
RESULT: {}
COMMAND: GET /session/aedcc668f48e21658cbc6750609d6355/screenshot - {}
RESULT: {}
COMMAND: POST /session/aedcc668f48e21658cbc6750609d6355/element - {"using":"xpath","value":"//span[@id=\"application-managepartners-display-component---masterPtm--smartTable-header-inner\"]"}
RESULT: {"using":"xpath","value":"//span[@id=\"application-managepartners-display-component---masterPtm--smartTable-header-inner\"]"}
COMMAND: POST /session/aedcc668f48e21658cbc6750609d6355/elements - {"using":"xpath","value":"//span[@id=\"application-managepartners-display-component---masterPtm--smartTable-header-inner\"]"}
RESULT: {"using":"xpath","value":"//span[@id=\"application-managepartners-display-component---masterPtm--smartTable-header-inner\"]"}
COMMAND: POST /session/aedcc668f48e21658cbc6750609d6355/execute/sync - {"script":"<script> [56 bytes]","args":[{"element-6066-11e4-a52e-4f735466cecf":"f.8AFBB3AC1A82BF87553E3B2FEF1B5657.d.CD88E4A659EEFDF6D2CE3E24ADE21BFA.e.7737","ELEMENT":"f.8AFBB3AC1A82BF87553E3B2FEF1B5657.d.CD88E4A659EEFDF6D2CE3E24ADE21BFA.e.7737"}]}
RESULT: {"script":"<script> [56 bytes]","args":[{"element-6066-11e4-a52e-4f735466cecf":"f.8AFBB3AC1A82BF87553E3B2FEF1B5657.d.CD88E4A659EEFDF6D2CE3E24ADE21BFA.e.7737","ELEMENT":"f.8AFBB3AC1A82BF87553E3B2FEF1B5657.d.CD88E4A659EEFDF6D2CE3E24ADE21BFA.e.7737"}]}
COMMAND: POST /session/aedcc668f48e21658cbc6750609d6355/element - {"using":"xpath","value":"//span[contains(@title, \"Remove\")]"}
COMMAND: GET /session/aedcc668f48e21658cbc6750609d6355/screenshot - {}
RESULT: {"using":"xpath","value":"//span[contains(@title, \"Remove\")]"}
COMMAND: POST /session/aedcc668f48e21658cbc6750609d6355/element/f.8AFBB3AC1A82BF87553E3B2FEF1B5657.d.CD88E4A659EEFDF6D2CE3E24ADE21BFA.e.8187/click - {}
RESULT: {}
RESULT: {}
COMMAND: GET /session/aedcc668f48e21658cbc6750609d6355/screenshot - {}
RESULT: {}
COMMAND: POST /session/aedcc668f48e21658cbc6750609d6355/execute/async - {"script":"<script> [1562 bytes]","args":[{"selector":{"id":"application-managepartners-display-component---masterPtm--catalogs-arrow"},"wdio_ui5_key":"applicationmanagepartners-display-component---masterPtm--catalogs-arrow"}]}
RESULT: {"script":"<script> [1562 bytes]","args":[{"selector":{"id":"application-managepartners-display-component---masterPtm--catalogs-arrow"},"wdio_ui5_key":"applicationmanagepartners-display-component---masterPtm--catalogs-arrow"}]}
RESULT: undefined
COMMAND: POST /session/aedcc668f48e21658cbc6750609d6355/element - {"using":"xpath","value":"//*[@id=\"application-managepartners-display-component---masterPtm--catalogs-arrow\"]"}
RESULT: {"using":"xpath","value":"//*[@id=\"application-managepartners-display-component---masterPtm--catalogs-arrow\"]"}
COMMAND: POST /session/aedcc668f48e21658cbc6750609d6355/element/f.8AFBB3AC1A82BF87553E3B2FEF1B5657.d.CD88E4A659EEFDF6D2CE3E24ADE21BFA.e.8296/click - {}
RESULT: {}
COMMAND: GET /session/aedcc668f48e21658cbc6750609d6355/screenshot - {}
RESULT: {}
COMMAND: POST /session/aedcc668f48e21658cbc6750609d6355/element - {"using":"xpath","value":"//li[.//span[text()=\"Webshop Catalog\"]]//div[contains(@class,\"sapMCbBg\")]"}
RESULT: {"using":"xpath","value":"//li[.//span[text()=\"Webshop Catalog\"]]//div[contains(@class,\"sapMCbBg\")]"}
COMMAND: POST /session/aedcc668f48e21658cbc6750609d6355/element/f.8AFBB3AC1A82BF87553E3B2FEF1B5657.d.CD88E4A659EEFDF6D2CE3E24ADE21BFA.e.8308/click - {}
RESULT: {}
COMMAND: GET /session/aedcc668f48e21658cbc6750609d6355/screenshot - {}
RESULT: {}
RESULT: undefined
COMMAND: POST /session/aedcc668f48e21658cbc6750609d6355/element - {"using":"xpath","value":"//*[@id=\"application-managepartners-display-component---masterPtm--catalogs-arrow\"]"}
RESULT: {"using":"xpath","value":"//*[@id=\"application-managepartners-display-component---masterPtm--catalogs-arrow\"]"}
COMMAND: POST /session/aedcc668f48e21658cbc6750609d6355/element/f.8AFBB3AC1A82BF87553E3B2FEF1B5657.d.CD88E4A659EEFDF6D2CE3E24ADE21BFA.e.8296/click - {}
RESULT: {}
COMMAND: POST /session/aedcc668f48e21658cbc6750609d6355/element - {"using":"xpath","value":"//span[@id=\"application-managepartners-display-component---masterPtm--smartTable-header-inner\"]"}
COMMAND: GET /session/aedcc668f48e21658cbc6750609d6355/screenshot - {}
RESULT: {"using":"xpath","value":"//span[@id=\"application-managepartners-display-component---masterPtm--smartTable-header-inner\"]"}
COMMAND: POST /session/aedcc668f48e21658cbc6750609d6355/elements - {"using":"xpath","value":"//span[@id=\"application-managepartners-display-component---masterPtm--smartTable-header-inner\"]"}
RESULT: {}
RESULT: {"using":"xpath","value":"//span[@id=\"application-managepartners-display-component---masterPtm--smartTable-header-inner\"]"}
COMMAND: POST /session/aedcc668f48e21658cbc6750609d6355/execute/sync - {"script":"<script> [56 bytes]","args":[{"element-6066-11e4-a52e-4f735466cecf":"f.8AFBB3AC1A82BF87553E3B2FEF1B5657.d.CD88E4A659EEFDF6D2CE3E24ADE21BFA.e.7737","ELEMENT":"f.8AFBB3AC1A82BF87553E3B2FEF1B5657.d.CD88E4A659EEFDF6D2CE3E24ADE21BFA.e.7737"}]}
RESULT: {"script":"<script> [56 bytes]","args":[{"element-6066-11e4-a52e-4f735466cecf":"f.8AFBB3AC1A82BF87553E3B2FEF1B5657.d.CD88E4A659EEFDF6D2CE3E24ADE21BFA.e.7737","ELEMENT":"f.8AFBB3AC1A82BF87553E3B2FEF1B5657.d.CD88E4A659EEFDF6D2CE3E24ADE21BFA.e.7737"}]}
COMMAND: POST /session/aedcc668f48e21658cbc6750609d6355/element - {"using":"xpath","value":"//span[contains(@title, \"Remove\")]"}
COMMAND: GET /session/aedcc668f48e21658cbc6750609d6355/screenshot - {}
RESULT: {"using":"xpath","value":"//span[contains(@title, \"Remove\")]"}
COMMAND: POST /session/aedcc668f48e21658cbc6750609d6355/element/f.8AFBB3AC1A82BF87553E3B2FEF1B5657.d.CD88E4A659EEFDF6D2CE3E24ADE21BFA.e.8322/click - {}
RESULT: {}
RESULT: {}
COMMAND: GET /session/aedcc668f48e21658cbc6750609d6355/screenshot - {}
RESULT: {}
COMMAND: POST /session/aedcc668f48e21658cbc6750609d6355/execute/async - {"script":"<script> [1562 bytes]","args":[{"selector":{"id":"application-managepartners-display-component---masterPtm--currencies-arrow"},"wdio_ui5_key":"applicationmanagepartners-display-component---masterPtm--currencies-arrow"}]}
RESULT: {"script":"<script> [1562 bytes]","args":[{"selector":{"id":"application-managepartners-display-component---masterPtm--currencies-arrow"},"wdio_ui5_key":"applicationmanagepartners-display-component---masterPtm--currencies-arrow"}]}
RESULT: undefined
COMMAND: POST /session/aedcc668f48e21658cbc6750609d6355/element - {"using":"xpath","value":"//*[@id=\"application-managepartners-display-component---masterPtm--currencies-arrow\"]"}
RESULT: {"using":"xpath","value":"//*[@id=\"application-managepartners-display-component---masterPtm--currencies-arrow\"]"}
COMMAND: POST /session/aedcc668f48e21658cbc6750609d6355/element/f.8AFBB3AC1A82BF87553E3B2FEF1B5657.d.CD88E4A659EEFDF6D2CE3E24ADE21BFA.e.8437/click - {}
RESULT: {}
COMMAND: GET /session/aedcc668f48e21658cbc6750609d6355/screenshot - {}
RESULT: {}
COMMAND: POST /session/aedcc668f48e21658cbc6750609d6355/element - {"using":"xpath","value":"//li[.//span[text()=\"US Dollar\"]]//div[contains(@class,\"sapMCbBg\")]"}
RESULT: {"using":"xpath","value":"//li[.//span[text()=\"US Dollar\"]]//div[contains(@class,\"sapMCbBg\")]"}
COMMAND: POST /session/aedcc668f48e21658cbc6750609d6355/element/f.8AFBB3AC1A82BF87553E3B2FEF1B5657.d.CD88E4A659EEFDF6D2CE3E24ADE21BFA.e.8440/click - {}
RESULT: {}
COMMAND: GET /session/aedcc668f48e21658cbc6750609d6355/screenshot - {}
RESULT: {}
RESULT: undefined
COMMAND: POST /session/aedcc668f48e21658cbc6750609d6355/element - {"using":"xpath","value":"//*[@id=\"application-managepartners-display-component---masterPtm--currencies-arrow\"]"}
RESULT: {"using":"xpath","value":"//*[@id=\"application-managepartners-display-component---masterPtm--currencies-arrow\"]"}
COMMAND: POST /session/aedcc668f48e21658cbc6750609d6355/element/f.8AFBB3AC1A82BF87553E3B2FEF1B5657.d.CD88E4A659EEFDF6D2CE3E24ADE21BFA.e.8437/click - {}
RESULT: {}
COMMAND: POST /session/aedcc668f48e21658cbc6750609d6355/element - {"using":"xpath","value":"//span[@id=\"application-managepartners-display-component---masterPtm--smartTable-header-inner\"]"}
COMMAND: GET /session/aedcc668f48e21658cbc6750609d6355/screenshot - {}
RESULT: {"using":"xpath","value":"//span[@id=\"application-managepartners-display-component---masterPtm--smartTable-header-inner\"]"}
COMMAND: POST /session/aedcc668f48e21658cbc6750609d6355/elements - {"using":"xpath","value":"//span[@id=\"application-managepartners-display-component---masterPtm--smartTable-header-inner\"]"}
RESULT: {}
RESULT: {"using":"xpath","value":"//span[@id=\"application-managepartners-display-component---masterPtm--smartTable-header-inner\"]"}
COMMAND: POST /session/aedcc668f48e21658cbc6750609d6355/execute/sync - {"script":"<script> [56 bytes]","args":[{"element-6066-11e4-a52e-4f735466cecf":"f.8AFBB3AC1A82BF87553E3B2FEF1B5657.d.CD88E4A659EEFDF6D2CE3E24ADE21BFA.e.7737","ELEMENT":"f.8AFBB3AC1A82BF87553E3B2FEF1B5657.d.CD88E4A659EEFDF6D2CE3E24ADE21BFA.e.7737"}]}
RESULT: {"script":"<script> [56 bytes]","args":[{"element-6066-11e4-a52e-4f735466cecf":"f.8AFBB3AC1A82BF87553E3B2FEF1B5657.d.CD88E4A659EEFDF6D2CE3E24ADE21BFA.e.7737","ELEMENT":"f.8AFBB3AC1A82BF87553E3B2FEF1B5657.d.CD88E4A659EEFDF6D2CE3E24ADE21BFA.e.7737"}]}
COMMAND: POST /session/aedcc668f48e21658cbc6750609d6355/element - {"using":"xpath","value":"//span[contains(@title, \"Remove\")]"}
COMMAND: GET /session/aedcc668f48e21658cbc6750609d6355/screenshot - {}
RESULT: {"using":"xpath","value":"//span[contains(@title, \"Remove\")]"}
COMMAND: POST /session/aedcc668f48e21658cbc6750609d6355/element/f.8AFBB3AC1A82BF87553E3B2FEF1B5657.d.CD88E4A659EEFDF6D2CE3E24ADE21BFA.e.8565/click - {}
RESULT: {}
RESULT: {}
COMMAND: GET /session/aedcc668f48e21658cbc6750609d6355/screenshot - {}
RESULT: {}
COMMAND: POST /session/aedcc668f48e21658cbc6750609d6355/execute/async - {"script":"<script> [1562 bytes]","args":[{"selector":{"id":"application-managepartners-display-component---masterPtm--languages-arrow"},"wdio_ui5_key":"applicationmanagepartners-display-component---masterPtm--languages-arrow"}]}
RESULT: {"script":"<script> [1562 bytes]","args":[{"selector":{"id":"application-managepartners-display-component---masterPtm--languages-arrow"},"wdio_ui5_key":"applicationmanagepartners-display-component---masterPtm--languages-arrow"}]}
RESULT: undefined
COMMAND: POST /session/aedcc668f48e21658cbc6750609d6355/element - {"using":"xpath","value":"//*[@id=\"application-managepartners-display-component---masterPtm--languages-arrow\"]"}
RESULT: {"using":"xpath","value":"//*[@id=\"application-managepartners-display-component---masterPtm--languages-arrow\"]"}
COMMAND: POST /session/aedcc668f48e21658cbc6750609d6355/element/f.8AFBB3AC1A82BF87553E3B2FEF1B5657.d.CD88E4A659EEFDF6D2CE3E24ADE21BFA.e.8656/click - {}
RESULT: {}
COMMAND: GET /session/aedcc668f48e21658cbc6750609d6355/screenshot - {}
RESULT: {}
COMMAND: POST /session/aedcc668f48e21658cbc6750609d6355/element - {"using":"xpath","value":"//li[.//span[text()=\"German\"]]//div[contains(@class,\"sapMCbBg\")]"}
RESULT: {"using":"xpath","value":"//li[.//span[text()=\"German\"]]//div[contains(@class,\"sapMCbBg\")]"}
COMMAND: POST /session/aedcc668f48e21658cbc6750609d6355/element/f.8AFBB3AC1A82BF87553E3B2FEF1B5657.d.CD88E4A659EEFDF6D2CE3E24ADE21BFA.e.8700/click - {}
RESULT: {}
COMMAND: GET /session/aedcc668f48e21658cbc6750609d6355/screenshot - {}
RESULT: {}
RESULT: undefined
COMMAND: POST /session/aedcc668f48e21658cbc6750609d6355/element - {"using":"xpath","value":"//*[@id=\"application-managepartners-display-component---masterPtm--languages-arrow\"]"}
RESULT: {"using":"xpath","value":"//*[@id=\"application-managepartners-display-component---masterPtm--languages-arrow\"]"}
COMMAND: POST /session/aedcc668f48e21658cbc6750609d6355/element/f.8AFBB3AC1A82BF87553E3B2FEF1B5657.d.CD88E4A659EEFDF6D2CE3E24ADE21BFA.e.8656/click - {}
RESULT: {}
COMMAND: POST /session/aedcc668f48e21658cbc6750609d6355/element - {"using":"xpath","value":"//span[@id=\"application-managepartners-display-component---masterPtm--smartTable-header-inner\"]"}
COMMAND: GET /session/aedcc668f48e21658cbc6750609d6355/screenshot - {}
RESULT: {"using":"xpath","value":"//span[@id=\"application-managepartners-display-component---masterPtm--smartTable-header-inner\"]"}
COMMAND: POST /session/aedcc668f48e21658cbc6750609d6355/elements - {"using":"xpath","value":"//span[@id=\"application-managepartners-display-component---masterPtm--smartTable-header-inner\"]"}
RESULT: {}
RESULT: {"using":"xpath","value":"//span[@id=\"application-managepartners-display-component---masterPtm--smartTable-header-inner\"]"}
COMMAND: POST /session/aedcc668f48e21658cbc6750609d6355/execute/sync - {"script":"<script> [56 bytes]","args":[{"element-6066-11e4-a52e-4f735466cecf":"f.8AFBB3AC1A82BF87553E3B2FEF1B5657.d.CD88E4A659EEFDF6D2CE3E24ADE21BFA.e.7737","ELEMENT":"f.8AFBB3AC1A82BF87553E3B2FEF1B5657.d.CD88E4A659EEFDF6D2CE3E24ADE21BFA.e.7737"}]}
RESULT: {"script":"<script> [56 bytes]","args":[{"element-6066-11e4-a52e-4f735466cecf":"f.8AFBB3AC1A82BF87553E3B2FEF1B5657.d.CD88E4A659EEFDF6D2CE3E24ADE21BFA.e.7737","ELEMENT":"f.8AFBB3AC1A82BF87553E3B2FEF1B5657.d.CD88E4A659EEFDF6D2CE3E24ADE21BFA.e.7737"}]}
COMMAND: POST /session/aedcc668f48e21658cbc6750609d6355/element - {"using":"css selector","value":"#shell-header-logo"}
COMMAND: GET /session/aedcc668f48e21658cbc6750609d6355/screenshot - {}
RESULT: {}
RESULT: {"using":"css selector","value":"#shell-header-logo"}
COMMAND: POST /session/aedcc668f48e21658cbc6750609d6355/element/f.8AFBB3AC1A82BF87553E3B2FEF1B5657.d.CD88E4A659EEFDF6D2CE3E24ADE21BFA.e.7568/click - {}
RESULT: {}
COMMAND: GET /session/aedcc668f48e21658cbc6750609d6355/screenshot - {}
RESULT: {}
COMMAND: POST /session/aedcc668f48e21658cbc6750609d6355/element - {"using":"css selector","value":"#j_username"}
COMMAND: POST /session/aedcc668f48e21658cbc6750609d6355/url - {"url":"https://qa-testing-00-live-etm-ui.cfapps.eu10-004.hana.ondemand.com/"}
RESULT: {"using":"css selector","value":"#j_username"}
COMMAND: POST /session/aedcc668f48e21658cbc6750609d6355/element - {"using":"css selector","value":"#j_username"}
RESULT: {"url":"https://qa-testing-00-live-etm-ui.cfapps.eu10-004.hana.ondemand.com/"}
RESULT: undefined
COMMAND: GET /session/aedcc668f48e21658cbc6750609d6355/screenshot - {}
RESULT: {"using":"css selector","value":"#j_username"}
COMMAND: POST /session/aedcc668f48e21658cbc6750609d6355/element - {"using":"css selector","value":"#shell-header-logo"}
RESULT: {}
RESULT: {"using":"css selector","value":"#shell-header-logo"}
COMMAND: POST /session/aedcc668f48e21658cbc6750609d6355/execute/sync - {"script":"<script> [8489 bytes]","args":[{"element-6066-11e4-a52e-4f735466cecf":"f.8AFBB3AC1A82BF87553E3B2FEF1B5657.d.D36BD16CD7FFCE7812BDA50769AE81DA.e.8776","ELEMENT":"f.8AFBB3AC1A82BF87553E3B2FEF1B5657.d.D36BD16CD7FFCE7812BDA50769AE81DA.e.8776"}]}
RESULT: {"script":"<script> [8489 bytes]","args":[{"element-6066-11e4-a52e-4f735466cecf":"f.8AFBB3AC1A82BF87553E3B2FEF1B5657.d.D36BD16CD7FFCE7812BDA50769AE81DA.e.8776","ELEMENT":"f.8AFBB3AC1A82BF87553E3B2FEF1B5657.d.D36BD16CD7FFCE7812BDA50769AE81DA.e.8776"}]}
COMMAND: POST /session/aedcc668f48e21658cbc6750609d6355/element - {"using":"css selector","value":"#shell-header-logo"}
COMMAND: GET /session/aedcc668f48e21658cbc6750609d6355/screenshot - {}
RESULT: {"using":"css selector","value":"#shell-header-logo"}
COMMAND: POST /session/aedcc668f48e21658cbc6750609d6355/execute/sync - {"script":"<script> [8489 bytes]","args":[{"element-6066-11e4-a52e-4f735466cecf":"f.8AFBB3AC1A82BF87553E3B2FEF1B5657.d.D36BD16CD7FFCE7812BDA50769AE81DA.e.8776","ELEMENT":"f.8AFBB3AC1A82BF87553E3B2FEF1B5657.d.D36BD16CD7FFCE7812BDA50769AE81DA.e.8776"}]}
RESULT: {}
RESULT: {"script":"<script> [8489 bytes]","args":[{"element-6066-11e4-a52e-4f735466cecf":"f.8AFBB3AC1A82BF87553E3B2FEF1B5657.d.D36BD16CD7FFCE7812BDA50769AE81DA.e.8776","ELEMENT":"f.8AFBB3AC1A82BF87553E3B2FEF1B5657.d.D36BD16CD7FFCE7812BDA50769AE81DA.e.8776"}]}
COMMAND: POST /session/aedcc668f48e21658cbc6750609d6355/execute/sync - {"script":"<script> [5351 bytes]","args":[{"element-6066-11e4-a52e-4f735466cecf":"f.8AFBB3AC1A82BF87553E3B2FEF1B5657.d.D36BD16CD7FFCE7812BDA50769AE81DA.e.8776","ELEMENT":"f.8AFBB3AC1A82BF87553E3B2FEF1B5657.d.D36BD16CD7FFCE7812BDA50769AE81DA.e.8776"}]}
COMMAND: GET /session/aedcc668f48e21658cbc6750609d6355/screenshot - {}
RESULT: {"script":"<script> [5351 bytes]","args":[{"element-6066-11e4-a52e-4f735466cecf":"f.8AFBB3AC1A82BF87553E3B2FEF1B5657.d.D36BD16CD7FFCE7812BDA50769AE81DA.e.8776","ELEMENT":"f.8AFBB3AC1A82BF87553E3B2FEF1B5657.d.D36BD16CD7FFCE7812BDA50769AE81DA.e.8776"}]}
COMMAND: POST /session/aedcc668f48e21658cbc6750609d6355/element - {"using":"css selector","value":"#shell-header-logo"}
COMMAND: GET /session/aedcc668f48e21658cbc6750609d6355/screenshot - {}
RESULT: {}
RESULT: {"using":"css selector","value":"#shell-header-logo"}
COMMAND: POST /session/aedcc668f48e21658cbc6750609d6355/element/f.8AFBB3AC1A82BF87553E3B2FEF1B5657.d.D36BD16CD7FFCE7812BDA50769AE81DA.e.8776/click - {}
RESULT: {}
RESULT: {}
COMMAND: GET /session/aedcc668f48e21658cbc6750609d6355/screenshot - {}
RESULT: {}
COMMAND: POST /session/aedcc668f48e21658cbc6750609d6355/execute/async - {"script":"<script> [189 bytes]","args":[]}
RESULT: {"script":"<script> [189 bytes]","args":[]}
COMMAND: POST /session/aedcc668f48e21658cbc6750609d6355/execute/async - {"script":"<script> [123 bytes]","args":[]}
RESULT: {"script":"<script> [123 bytes]","args":[]}
COMMAND: POST /session/aedcc668f48e21658cbc6750609d6355/timeouts - {"script":"<number>"}
RESULT: {"script":"<number>"}
COMMAND: GET /session/aedcc668f48e21658cbc6750609d6355/timeouts - {}
RESULT: {}
RESULT: undefined
COMMAND: POST /session/aedcc668f48e21658cbc6750609d6355/execute/async - {"script":"<script> [2676 bytes]","args":[]}
RESULT: {"script":"<script> [2676 bytes]","args":[]}
COMMAND: POST /session/aedcc668f48e21658cbc6750609d6355/execute/async - {"script":"<script> [2342 bytes]","args":[{"protocol":"http","hostname":"0.0.0.0","path":"/","capabilities":{"browserName":"chrome","goog:chromeOptions":{"binary":"C:\\Program Files\\Google\\Chrome\\Application\\chrome.exe","args":["--start-maximized"]}},"logLevel":"warn","connectionRetryTimeout":120000,"connectionRetryCount":3,"logLevels":{},"enableDirectConnect":true,"strictSSL":true,"_":"65 more keys: [\"cacheDir\",\"port\",\"requestedCapabilities\",\"automationProtocol\",\"baseUrl\",\"waitforInterval\",\"waitforTimeout\",\"onReload\",\"beforeCommand\",\"afterCommand\",\"rootDir\",\"specs\",\"suites\",\"exclude\",\"groupLogsByTestSpec\",\"excludeDriverLogs\",\"bail\",\"framework\",\"reporters\",\"services\",\"maxInstances\",\"maxInstancesPerCapability\",\"injectGlobals\",\"filesToWatch\",\"execArgv\",\"runnerEnv\",\"runner\",\"shard\",\"specFileRetries\",\"specFileRetriesDelay\",\"specFileRetriesDeferred\",\"reporterSyncInterval\",\"reporterSyncTimeout\",\"cucumberFeaturesWithLineNumbers\",\"autoCompileOpts\",\"mochaOpts\",\"jasmineOpts\",\"cucumberOpts\",\"onPrepare\",\"onWorkerStart\",\"onWorkerEnd\",\"before\",\"beforeSession\",\"beforeSuite\",\"beforeHook\",\"beforeTest\",\"afterTest\",\"afterHook\",\"afterSuite\",\"afterSession\",\"after\",\"onComplete\",\"beforeAssertion\",\"afterAssertion\",\"beforeFeature\",\"beforeScenario\",\"beforeStep\",\"afterStep\",\"afterScenario\",\"afterFeature\",\"_\",\"suite\",\"$0\",\"ignoredWorkerServices\",\"wdi5\"]"}]}
RESULT: {"script":"<script> [2342 bytes]","args":[{"protocol":"http","hostname":"0.0.0.0","path":"/","capabilities":{"browserName":"chrome","goog:chromeOptions":{"binary":"C:\\Program Files\\Google\\Chrome\\Application\\chrome.exe","args":["--start-maximized"]}},"logLevel":"warn","connectionRetryTimeout":120000,"connectionRetryCount":3,"logLevels":{},"enableDirectConnect":true,"strictSSL":true,"_":"65 more keys: [\"cacheDir\",\"port\",\"requestedCapabilities\",\"automationProtocol\",\"baseUrl\",\"waitforInterval\",\"waitforTimeout\",\"onReload\",\"beforeCommand\",\"afterCommand\",\"rootDir\",\"specs\",\"suites\",\"exclude\",\"groupLogsByTestSpec\",\"excludeDriverLogs\",\"bail\",\"framework\",\"reporters\",\"services\",\"maxInstances\",\"maxInstancesPerCapability\",\"injectGlobals\",\"filesToWatch\",\"execArgv\",\"runnerEnv\",\"runner\",\"shard\",\"specFileRetries\",\"specFileRetriesDelay\",\"specFileRetriesDeferred\",\"reporterSyncInterval\",\"reporterSyncTimeout\",\"cucumberFeaturesWithLineNumbers\",\"autoCompileOpts\",\"mochaOpts\",\"jasmineOpts\",\"cucumberOpts\",\"onPrepare\",\"onWorkerStart\",\"onWorkerEnd\",\"before\",\"beforeSession\",\"beforeSuite\",\"beforeHook\",\"beforeTest\",\"afterTest\",\"afterHook\",\"afterSuite\",\"afterSession\",\"after\",\"onComplete\",\"beforeAssertion\",\"afterAssertion\",\"beforeFeature\",\"beforeScenario\",\"beforeStep\",\"afterStep\",\"afterScenario\",\"afterFeature\",\"_\",\"suite\",\"$0\",\"ignoredWorkerServices\",\"wdi5\"]"}]}
COMMAND: POST /session/aedcc668f48e21658cbc6750609d6355/execute/async - {"script":"<script> [21126 bytes]","args":[35000]}
RESULT: {"script":"<script> [21126 bytes]","args":[35000]}
COMMAND: POST /session/aedcc668f48e21658cbc6750609d6355/window/maximize - {}
RESULT: {}
COMMAND: POST /session/aedcc668f48e21658cbc6750609d6355/execute/async - {"script":"<script> [1562 bytes]","args":[{"selector":{"id":"shell-header","interaction":{"idSuffix":"icon"}},"wdio_ui5_key":"shellheader"}]}
COMMAND: GET /session/aedcc668f48e21658cbc6750609d6355/screenshot - {}
RESULT: {"script":"<script> [1562 bytes]","args":[{"selector":{"id":"shell-header","interaction":{"idSuffix":"icon"}},"wdio_ui5_key":"shellheader"}]}
RESULT: undefined
COMMAND: POST /session/aedcc668f48e21658cbc6750609d6355/refresh - {}
RESULT: {}
RESULT: {}
COMMAND: GET /session/aedcc668f48e21658cbc6750609d6355/screenshot - {}
RESULT: {}
COMMAND: POST /session/aedcc668f48e21658cbc6750609d6355/refresh - {}
RESULT: {}
COMMAND: GET /session/aedcc668f48e21658cbc6750609d6355/screenshot - {}
RESULT: {}
COMMAND: POST /session/aedcc668f48e21658cbc6750609d6355/window/fullscreen - {}
RESULT: {}
COMMAND: POST /session/aedcc668f48e21658cbc6750609d6355/execute/async - {"script":"<script> [189 bytes]","args":[]}
RESULT: {"script":"<script> [189 bytes]","args":[]}
COMMAND: POST /session/aedcc668f48e21658cbc6750609d6355/execute/async - {"script":"<script> [123 bytes]","args":[]}
RESULT: {"script":"<script> [123 bytes]","args":[]}
COMMAND: POST /session/aedcc668f48e21658cbc6750609d6355/timeouts - {"script":"<number>"}
RESULT: {"script":"<number>"}
COMMAND: GET /session/aedcc668f48e21658cbc6750609d6355/timeouts - {}
RESULT: {}
RESULT: undefined
COMMAND: POST /session/aedcc668f48e21658cbc6750609d6355/execute/async - {"script":"<script> [2676 bytes]","args":[]}
RESULT: {"script":"<script> [2676 bytes]","args":[]}
COMMAND: POST /session/aedcc668f48e21658cbc6750609d6355/execute/async - {"script":"<script> [2342 bytes]","args":[{"protocol":"http","hostname":"0.0.0.0","path":"/","capabilities":{"browserName":"chrome","goog:chromeOptions":{"binary":"C:\\Program Files\\Google\\Chrome\\Application\\chrome.exe","args":["--start-maximized"]}},"logLevel":"warn","connectionRetryTimeout":120000,"connectionRetryCount":3,"logLevels":{},"enableDirectConnect":true,"strictSSL":true,"_":"65 more keys: [\"cacheDir\",\"port\",\"requestedCapabilities\",\"automationProtocol\",\"baseUrl\",\"waitforInterval\",\"waitforTimeout\",\"onReload\",\"beforeCommand\",\"afterCommand\",\"rootDir\",\"specs\",\"suites\",\"exclude\",\"groupLogsByTestSpec\",\"excludeDriverLogs\",\"bail\",\"framework\",\"reporters\",\"services\",\"maxInstances\",\"maxInstancesPerCapability\",\"injectGlobals\",\"filesToWatch\",\"execArgv\",\"runnerEnv\",\"runner\",\"shard\",\"specFileRetries\",\"specFileRetriesDelay\",\"specFileRetriesDeferred\",\"reporterSyncInterval\",\"reporterSyncTimeout\",\"cucumberFeaturesWithLineNumbers\",\"autoCompileOpts\",\"mochaOpts\",\"jasmineOpts\",\"cucumberOpts\",\"onPrepare\",\"onWorkerStart\",\"onWorkerEnd\",\"before\",\"beforeSession\",\"beforeSuite\",\"beforeHook\",\"beforeTest\",\"afterTest\",\"afterHook\",\"afterSuite\",\"afterSession\",\"after\",\"onComplete\",\"beforeAssertion\",\"afterAssertion\",\"beforeFeature\",\"beforeScenario\",\"beforeStep\",\"afterStep\",\"afterScenario\",\"afterFeature\",\"_\",\"suite\",\"$0\",\"ignoredWorkerServices\",\"wdi5\"]"}]}
RESULT: {"script":"<script> [2342 bytes]","args":[{"protocol":"http","hostname":"0.0.0.0","path":"/","capabilities":{"browserName":"chrome","goog:chromeOptions":{"binary":"C:\\Program Files\\Google\\Chrome\\Application\\chrome.exe","args":["--start-maximized"]}},"logLevel":"warn","connectionRetryTimeout":120000,"connectionRetryCount":3,"logLevels":{},"enableDirectConnect":true,"strictSSL":true,"_":"65 more keys: [\"cacheDir\",\"port\",\"requestedCapabilities\",\"automationProtocol\",\"baseUrl\",\"waitforInterval\",\"waitforTimeout\",\"onReload\",\"beforeCommand\",\"afterCommand\",\"rootDir\",\"specs\",\"suites\",\"exclude\",\"groupLogsByTestSpec\",\"excludeDriverLogs\",\"bail\",\"framework\",\"reporters\",\"services\",\"maxInstances\",\"maxInstancesPerCapability\",\"injectGlobals\",\"filesToWatch\",\"execArgv\",\"runnerEnv\",\"runner\",\"shard\",\"specFileRetries\",\"specFileRetriesDelay\",\"specFileRetriesDeferred\",\"reporterSyncInterval\",\"reporterSyncTimeout\",\"cucumberFeaturesWithLineNumbers\",\"autoCompileOpts\",\"mochaOpts\",\"jasmineOpts\",\"cucumberOpts\",\"onPrepare\",\"onWorkerStart\",\"onWorkerEnd\",\"before\",\"beforeSession\",\"beforeSuite\",\"beforeHook\",\"beforeTest\",\"afterTest\",\"afterHook\",\"afterSuite\",\"afterSession\",\"after\",\"onComplete\",\"beforeAssertion\",\"afterAssertion\",\"beforeFeature\",\"beforeScenario\",\"beforeStep\",\"afterStep\",\"afterScenario\",\"afterFeature\",\"_\",\"suite\",\"$0\",\"ignoredWorkerServices\",\"wdi5\"]"}]}
COMMAND: POST /session/aedcc668f48e21658cbc6750609d6355/execute/async - {"script":"<script> [21126 bytes]","args":[35000]}
RESULT: {"script":"<script> [21126 bytes]","args":[35000]}
]]></system-out>
    </testcase>
  </testsuite>
  <testsuite timestamp="2025-05-06T17:55:12" time="403.322" tests="4" failures="0" errors="0" skipped="0">
    <properties>
      <property name="specId" value="0" />
      <property name="suiteName" value="Create partner US118246" />
      <property name="capabilities" value="chrome.135_0_7049_115.windows" />
      <property name="file" value="file:///D:/a/1/s/test/specs/BTS/create-partner.spec.js" />
    </properties>
    <testcase classname="chrome.135_0_7049_115.windows.Create_partner_US118246" name="Should create a new yard in case create yard failed" time="104.506">
      <system-out><![CDATA[
COMMAND: POST /session/aedcc668f48e21658cbc6750609d6355/window/fullscreen - {}
RESULT: {}
COMMAND: POST /session/aedcc668f48e21658cbc6750609d6355/execute/async - {"script":"<script> [1562 bytes]","args":[{"selector":{"controlType":"sap.m.GenericTile","properties":{"header":"Manage Yards"}},"wdio_ui5_key":"sapm.GenericTile{\"header\":\"Manage Yards\"}"}]}
RESULT: {"script":"<script> [1562 bytes]","args":[{"selector":{"controlType":"sap.m.GenericTile","properties":{"header":"Manage Yards"}},"wdio_ui5_key":"sapm.GenericTile{\"header\":\"Manage Yards\"}"}]}
RESULT: undefined
COMMAND: POST /session/aedcc668f48e21658cbc6750609d6355/element - {"using":"xpath","value":"//*[@id=\"__tile41\"]"}
RESULT: {"using":"xpath","value":"//*[@id=\"__tile41\"]"}
COMMAND: POST /session/aedcc668f48e21658cbc6750609d6355/element/f.8AFBB3AC1A82BF87553E3B2FEF1B5657.d.E215952FDAB29F2A913BA804615BDABE.e.8941/click - {}
RESULT: {}
COMMAND: POST /session/aedcc668f48e21658cbc6750609d6355/element - {"using":"xpath","value":"//button[@data-kt=\"addNewYardOverflowToolbarButton\"]"}
COMMAND: GET /session/aedcc668f48e21658cbc6750609d6355/screenshot - {}
RESULT: {"using":"xpath","value":"//button[@data-kt=\"addNewYardOverflowToolbarButton\"]"}
COMMAND: POST /session/aedcc668f48e21658cbc6750609d6355/elements - {"using":"xpath","value":"//button[@data-kt=\"addNewYardOverflowToolbarButton\"]"}
RESULT: {}
RESULT: {"using":"xpath","value":"//button[@data-kt=\"addNewYardOverflowToolbarButton\"]"}
COMMAND: POST /session/aedcc668f48e21658cbc6750609d6355/elements - {"using":"xpath","value":"//button[@data-kt=\"addNewYardOverflowToolbarButton\"]"}
RESULT: {"using":"xpath","value":"//button[@data-kt=\"addNewYardOverflowToolbarButton\"]"}
COMMAND: POST /session/aedcc668f48e21658cbc6750609d6355/elements - {"using":"xpath","value":"//button[@data-kt=\"addNewYardOverflowToolbarButton\"]"}
RESULT: {"using":"xpath","value":"//button[@data-kt=\"addNewYardOverflowToolbarButton\"]"}
COMMAND: POST /session/aedcc668f48e21658cbc6750609d6355/elements - {"using":"xpath","value":"//button[@data-kt=\"addNewYardOverflowToolbarButton\"]"}
RESULT: {"using":"xpath","value":"//button[@data-kt=\"addNewYardOverflowToolbarButton\"]"}
COMMAND: POST /session/aedcc668f48e21658cbc6750609d6355/elements - {"using":"xpath","value":"//button[@data-kt=\"addNewYardOverflowToolbarButton\"]"}
RESULT: {"using":"xpath","value":"//button[@data-kt=\"addNewYardOverflowToolbarButton\"]"}
COMMAND: POST /session/aedcc668f48e21658cbc6750609d6355/element - {"using":"xpath","value":"//button[@data-kt=\"addNewYardOverflowToolbarButton\"]"}
RESULT: {"using":"xpath","value":"//button[@data-kt=\"addNewYardOverflowToolbarButton\"]"}
COMMAND: POST /session/aedcc668f48e21658cbc6750609d6355/execute/sync - {"script":"<script> [8489 bytes]","args":[{"element-6066-11e4-a52e-4f735466cecf":"f.8AFBB3AC1A82BF87553E3B2FEF1B5657.d.E215952FDAB29F2A913BA804615BDABE.e.9087","ELEMENT":"f.8AFBB3AC1A82BF87553E3B2FEF1B5657.d.E215952FDAB29F2A913BA804615BDABE.e.9087"}]}
RESULT: {"script":"<script> [8489 bytes]","args":[{"element-6066-11e4-a52e-4f735466cecf":"f.8AFBB3AC1A82BF87553E3B2FEF1B5657.d.E215952FDAB29F2A913BA804615BDABE.e.9087","ELEMENT":"f.8AFBB3AC1A82BF87553E3B2FEF1B5657.d.E215952FDAB29F2A913BA804615BDABE.e.9087"}]}
COMMAND: GET /session/aedcc668f48e21658cbc6750609d6355/element/f.8AFBB3AC1A82BF87553E3B2FEF1B5657.d.E215952FDAB29F2A913BA804615BDABE.e.9087/enabled - {}
COMMAND: GET /session/aedcc668f48e21658cbc6750609d6355/screenshot - {}
RESULT: {}
COMMAND: POST /session/aedcc668f48e21658cbc6750609d6355/execute/sync - {"script":"<script> [8489 bytes]","args":[{"element-6066-11e4-a52e-4f735466cecf":"f.8AFBB3AC1A82BF87553E3B2FEF1B5657.d.E215952FDAB29F2A913BA804615BDABE.e.9087","ELEMENT":"f.8AFBB3AC1A82BF87553E3B2FEF1B5657.d.E215952FDAB29F2A913BA804615BDABE.e.9087"}]}
COMMAND: GET /session/aedcc668f48e21658cbc6750609d6355/screenshot - {}
RESULT: {}
RESULT: {"script":"<script> [8489 bytes]","args":[{"element-6066-11e4-a52e-4f735466cecf":"f.8AFBB3AC1A82BF87553E3B2FEF1B5657.d.E215952FDAB29F2A913BA804615BDABE.e.9087","ELEMENT":"f.8AFBB3AC1A82BF87553E3B2FEF1B5657.d.E215952FDAB29F2A913BA804615BDABE.e.9087"}]}
COMMAND: POST /session/aedcc668f48e21658cbc6750609d6355/execute/sync - {"script":"<script> [5351 bytes]","args":[{"element-6066-11e4-a52e-4f735466cecf":"f.8AFBB3AC1A82BF87553E3B2FEF1B5657.d.E215952FDAB29F2A913BA804615BDABE.e.9087","ELEMENT":"f.8AFBB3AC1A82BF87553E3B2FEF1B5657.d.E215952FDAB29F2A913BA804615BDABE.e.9087"}]}
COMMAND: GET /session/aedcc668f48e21658cbc6750609d6355/screenshot - {}
RESULT: {}
RESULT: {"script":"<script> [5351 bytes]","args":[{"element-6066-11e4-a52e-4f735466cecf":"f.8AFBB3AC1A82BF87553E3B2FEF1B5657.d.E215952FDAB29F2A913BA804615BDABE.e.9087","ELEMENT":"f.8AFBB3AC1A82BF87553E3B2FEF1B5657.d.E215952FDAB29F2A913BA804615BDABE.e.9087"}]}
COMMAND: POST /session/aedcc668f48e21658cbc6750609d6355/element/f.8AFBB3AC1A82BF87553E3B2FEF1B5657.d.E215952FDAB29F2A913BA804615BDABE.e.9087/click - {}
COMMAND: GET /session/aedcc668f48e21658cbc6750609d6355/screenshot - {}
RESULT: {}
RESULT: {}
COMMAND: GET /session/aedcc668f48e21658cbc6750609d6355/screenshot - {}
RESULT: {}
COMMAND: POST /session/aedcc668f48e21658cbc6750609d6355/element - {"using":"xpath","value":"//input[@id=\"application-manageyards-display-component---NewYard--yardId-inner\"]"}
RESULT: {}
RESULT: {"using":"xpath","value":"//input[@id=\"application-manageyards-display-component---NewYard--yardId-inner\"]"}
COMMAND: POST /session/aedcc668f48e21658cbc6750609d6355/element - {"using":"xpath","value":"//input[@id=\"application-manageyards-display-component---NewYard--yardId-inner\"]"}
RESULT: {"using":"xpath","value":"//input[@id=\"application-manageyards-display-component---NewYard--yardId-inner\"]"}
COMMAND: POST /session/aedcc668f48e21658cbc6750609d6355/execute/async - {"script":"<script> [1562 bytes]","args":[{"selector":{"id":"application-manageyards-display-component---NewYard--addressDetailDetailsName1","interaction":{"idSuffix":"inner"}},"wdio_ui5_key":"applicationmanageyards-display-component---NewYard--addressDetailDetailsName1"}]}
RESULT: {"script":"<script> [1562 bytes]","args":[{"selector":{"id":"application-manageyards-display-component---NewYard--addressDetailDetailsName1","interaction":{"idSuffix":"inner"}},"wdio_ui5_key":"applicationmanageyards-display-component---NewYard--addressDetailDetailsName1"}]}
RESULT: undefined
COMMAND: POST /session/aedcc668f48e21658cbc6750609d6355/execute/async - {"script":"<script> [776 bytes]","args":[{"enterText":"Intracompany Yard wdIO","selector":{"id":"application-manageyards-display-component---NewYard--addressDetailDetailsName1","interaction":{"idSuffix":"inner"}},"clearTextFirst":true,"interactionType":"ENTER_TEXT"}]}
RESULT: {"script":"<script> [776 bytes]","args":[{"enterText":"Intracompany Yard wdIO","selector":{"id":"application-manageyards-display-component---NewYard--addressDetailDetailsName1","interaction":{"idSuffix":"inner"}},"clearTextFirst":true,"interactionType":"ENTER_TEXT"}]}
COMMAND: POST /session/aedcc668f48e21658cbc6750609d6355/execute/async - {"script":"<script> [1562 bytes]","args":[{"selector":{"id":"application-manageyards-display-component---NewYard--addressDetailDetailsLanguage-arrow"},"wdio_ui5_key":"applicationmanageyards-display-component---NewYard--addressDetailDetailsLanguage-arrow"}]}
RESULT: {"script":"<script> [1562 bytes]","args":[{"selector":{"id":"application-manageyards-display-component---NewYard--addressDetailDetailsLanguage-arrow"},"wdio_ui5_key":"applicationmanageyards-display-component---NewYard--addressDetailDetailsLanguage-arrow"}]}
RESULT: undefined
COMMAND: POST /session/aedcc668f48e21658cbc6750609d6355/element - {"using":"xpath","value":"//*[@id=\"application-manageyards-display-component---NewYard--addressDetailDetailsLanguage-arrow\"]"}
RESULT: {"using":"xpath","value":"//*[@id=\"application-manageyards-display-component---NewYard--addressDetailDetailsLanguage-arrow\"]"}
COMMAND: POST /session/aedcc668f48e21658cbc6750609d6355/element/f.8AFBB3AC1A82BF87553E3B2FEF1B5657.d.E215952FDAB29F2A913BA804615BDABE.e.9509/click - {}
RESULT: {}
COMMAND: POST /session/aedcc668f48e21658cbc6750609d6355/element - {"using":"xpath","value":"//span[contains(text(), \"English\")]"}
COMMAND: GET /session/aedcc668f48e21658cbc6750609d6355/screenshot - {}
RESULT: {"using":"xpath","value":"//span[contains(text(), \"English\")]"}
COMMAND: POST /session/aedcc668f48e21658cbc6750609d6355/element/f.8AFBB3AC1A82BF87553E3B2FEF1B5657.d.E215952FDAB29F2A913BA804615BDABE.e.9510/click - {}
RESULT: {}
RESULT: {}
COMMAND: POST /session/aedcc668f48e21658cbc6750609d6355/execute/async - {"script":"<script> [1562 bytes]","args":[{"selector":{"id":"application-manageyards-display-component---NewYard--addressDetailDetailsCity1","interaction":{"idSuffix":"inner"}},"wdio_ui5_key":"applicationmanageyards-display-component---NewYard--addressDetailDetailsCity1"}]}
COMMAND: GET /session/aedcc668f48e21658cbc6750609d6355/screenshot - {}
RESULT: {"script":"<script> [1562 bytes]","args":[{"selector":{"id":"application-manageyards-display-component---NewYard--addressDetailDetailsCity1","interaction":{"idSuffix":"inner"}},"wdio_ui5_key":"applicationmanageyards-display-component---NewYard--addressDetailDetailsCity1"}]}
RESULT: undefined
COMMAND: POST /session/aedcc668f48e21658cbc6750609d6355/execute/async - {"script":"<script> [776 bytes]","args":[{"enterText":"Rosario","selector":{"id":"application-manageyards-display-component---NewYard--addressDetailDetailsCity1","interaction":{"idSuffix":"inner"}},"clearTextFirst":true,"interactionType":"ENTER_TEXT"}]}
RESULT: {}
RESULT: {"script":"<script> [776 bytes]","args":[{"enterText":"Rosario","selector":{"id":"application-manageyards-display-component---NewYard--addressDetailDetailsCity1","interaction":{"idSuffix":"inner"}},"clearTextFirst":true,"interactionType":"ENTER_TEXT"}]}
COMMAND: POST /session/aedcc668f48e21658cbc6750609d6355/execute/async - {"script":"<script> [1562 bytes]","args":[{"selector":{"id":"application-manageyards-display-component---NewYard--addressDetailDetailsCountry-arrow"},"wdio_ui5_key":"applicationmanageyards-display-component---NewYard--addressDetailDetailsCountry-arrow"}]}
RESULT: {"script":"<script> [1562 bytes]","args":[{"selector":{"id":"application-manageyards-display-component---NewYard--addressDetailDetailsCountry-arrow"},"wdio_ui5_key":"applicationmanageyards-display-component---NewYard--addressDetailDetailsCountry-arrow"}]}
RESULT: undefined
COMMAND: POST /session/aedcc668f48e21658cbc6750609d6355/element - {"using":"xpath","value":"//*[@id=\"application-manageyards-display-component---NewYard--addressDetailDetailsCountry-arrow\"]"}
RESULT: {"using":"xpath","value":"//*[@id=\"application-manageyards-display-component---NewYard--addressDetailDetailsCountry-arrow\"]"}
COMMAND: POST /session/aedcc668f48e21658cbc6750609d6355/element/f.8AFBB3AC1A82BF87553E3B2FEF1B5657.d.E215952FDAB29F2A913BA804615BDABE.e.9512/click - {}
RESULT: {}
COMMAND: POST /session/aedcc668f48e21658cbc6750609d6355/element - {"using":"xpath","value":"//span[contains(text(), \"Argentina\")]"}
COMMAND: GET /session/aedcc668f48e21658cbc6750609d6355/screenshot - {}
RESULT: {"using":"xpath","value":"//span[contains(text(), \"Argentina\")]"}
COMMAND: POST /session/aedcc668f48e21658cbc6750609d6355/element/f.8AFBB3AC1A82BF87553E3B2FEF1B5657.d.E215952FDAB29F2A913BA804615BDABE.e.9514/click - {}
RESULT: {}
RESULT: {}
COMMAND: POST /session/aedcc668f48e21658cbc6750609d6355/execute/async - {"script":"<script> [1562 bytes]","args":[{"selector":{"id":"application-manageyards-display-component---NewYard--addressEditDetailsCostObjectCstType-arrow"},"wdio_ui5_key":"applicationmanageyards-display-component---NewYard--addressEditDetailsCostObjectCstType-arrow"}]}
COMMAND: GET /session/aedcc668f48e21658cbc6750609d6355/screenshot - {}
RESULT: {"script":"<script> [1562 bytes]","args":[{"selector":{"id":"application-manageyards-display-component---NewYard--addressEditDetailsCostObjectCstType-arrow"},"wdio_ui5_key":"applicationmanageyards-display-component---NewYard--addressEditDetailsCostObjectCstType-arrow"}]}
RESULT: undefined
COMMAND: POST /session/aedcc668f48e21658cbc6750609d6355/element - {"using":"xpath","value":"//*[@id=\"application-manageyards-display-component---NewYard--addressEditDetailsCostObjectCstType-arrow\"]"}
RESULT: {}
RESULT: {"using":"xpath","value":"//*[@id=\"application-manageyards-display-component---NewYard--addressEditDetailsCostObjectCstType-arrow\"]"}
COMMAND: POST /session/aedcc668f48e21658cbc6750609d6355/element/f.8AFBB3AC1A82BF87553E3B2FEF1B5657.d.E215952FDAB29F2A913BA804615BDABE.e.9515/click - {}
RESULT: {}
COMMAND: POST /session/aedcc668f48e21658cbc6750609d6355/element - {"using":"xpath","value":"//span[contains(text(), \"Cost Center\")]"}
COMMAND: GET /session/aedcc668f48e21658cbc6750609d6355/screenshot - {}
RESULT: {"using":"xpath","value":"//span[contains(text(), \"Cost Center\")]"}
COMMAND: POST /session/aedcc668f48e21658cbc6750609d6355/element/f.8AFBB3AC1A82BF87553E3B2FEF1B5657.d.E215952FDAB29F2A913BA804615BDABE.e.9516/click - {}
RESULT: {}
RESULT: {}
COMMAND: GET /session/aedcc668f48e21658cbc6750609d6355/screenshot - {}
RESULT: {}
COMMAND: POST /session/aedcc668f48e21658cbc6750609d6355/element - {"using":"xpath","value":"//span[@id=\"application-manageyards-display-component---NewYard--addressNewCostObjectCstID-vhi\"]"}
RESULT: {"using":"xpath","value":"//span[@id=\"application-manageyards-display-component---NewYard--addressNewCostObjectCstID-vhi\"]"}
COMMAND: POST /session/aedcc668f48e21658cbc6750609d6355/execute/sync - {"script":"<script> [8489 bytes]","args":[{"element-6066-11e4-a52e-4f735466cecf":"f.8AFBB3AC1A82BF87553E3B2FEF1B5657.d.E215952FDAB29F2A913BA804615BDABE.e.9520","ELEMENT":"f.8AFBB3AC1A82BF87553E3B2FEF1B5657.d.E215952FDAB29F2A913BA804615BDABE.e.9520"}]}
RESULT: {"script":"<script> [8489 bytes]","args":[{"element-6066-11e4-a52e-4f735466cecf":"f.8AFBB3AC1A82BF87553E3B2FEF1B5657.d.E215952FDAB29F2A913BA804615BDABE.e.9520","ELEMENT":"f.8AFBB3AC1A82BF87553E3B2FEF1B5657.d.E215952FDAB29F2A913BA804615BDABE.e.9520"}]}
COMMAND: POST /session/aedcc668f48e21658cbc6750609d6355/execute/async - {"script":"<script> [1562 bytes]","args":[{"selector":{"id":"application-manageyards-display-component---NewYard--addressNewCostObjectCstID-vhi"},"wdio_ui5_key":"applicationmanageyards-display-component---NewYard--addressNewCostObjectCstID-vhi"}]}
COMMAND: GET /session/aedcc668f48e21658cbc6750609d6355/screenshot - {}
RESULT: {"script":"<script> [1562 bytes]","args":[{"selector":{"id":"application-manageyards-display-component---NewYard--addressNewCostObjectCstID-vhi"},"wdio_ui5_key":"applicationmanageyards-display-component---NewYard--addressNewCostObjectCstID-vhi"}]}
RESULT: undefined
COMMAND: POST /session/aedcc668f48e21658cbc6750609d6355/element - {"using":"xpath","value":"//*[@id=\"application-manageyards-display-component---NewYard--addressNewCostObjectCstID-vhi\"]"}
RESULT: {}
RESULT: {"using":"xpath","value":"//*[@id=\"application-manageyards-display-component---NewYard--addressNewCostObjectCstID-vhi\"]"}
COMMAND: POST /session/aedcc668f48e21658cbc6750609d6355/element/f.8AFBB3AC1A82BF87553E3B2FEF1B5657.d.E215952FDAB29F2A913BA804615BDABE.e.9520/click - {}
RESULT: {}
COMMAND: GET /session/aedcc668f48e21658cbc6750609d6355/screenshot - {}
RESULT: {}
COMMAND: POST /session/aedcc668f48e21658cbc6750609d6355/execute/async - {"script":"<script> [1562 bytes]","args":[{"selector":{"controlType":"sap.m.SearchField","properties":{"placeholder":"Search"},"searchOpenDialogs":true,"interaction":{"idSuffix":"I"}},"wdio_ui5_key":"sapm.SearchField{\"placeholder\":\"Search\"}"}]}
RESULT: {"script":"<script> [1562 bytes]","args":[{"selector":{"controlType":"sap.m.SearchField","properties":{"placeholder":"Search"},"searchOpenDialogs":true,"interaction":{"idSuffix":"I"}},"wdio_ui5_key":"sapm.SearchField{\"placeholder\":\"Search\"}"}]}
RESULT: undefined
COMMAND: POST /session/aedcc668f48e21658cbc6750609d6355/execute/async - {"script":"<script> [776 bytes]","args":[{"enterText":"10001013","selector":{"controlType":"sap.m.SearchField","properties":{"placeholder":"Search"},"searchOpenDialogs":true,"interaction":{"idSuffix":"I"}},"clearTextFirst":true,"interactionType":"ENTER_TEXT"}]}
RESULT: {"script":"<script> [776 bytes]","args":[{"enterText":"10001013","selector":{"controlType":"sap.m.SearchField","properties":{"placeholder":"Search"},"searchOpenDialogs":true,"interaction":{"idSuffix":"I"}},"clearTextFirst":true,"interactionType":"ENTER_TEXT"}]}
COMMAND: POST /session/aedcc668f48e21658cbc6750609d6355/actions - {"actions":[{"id":"action25","type":"key","parameters":{},"actions":[{"type":"keyDown","value":"î€‡"},{"type":"pause","duration":10},{"type":"keyUp","value":"î€‡"}]}]}
RESULT: {"actions":[{"id":"action25","type":"key","parameters":{},"actions":[{"type":"keyDown","value":"î€‡"},{"type":"pause","duration":10},{"type":"keyUp","value":"î€‡"}]}]}
COMMAND: GET /session/aedcc668f48e21658cbc6750609d6355/screenshot - {}
RESULT: {}
COMMAND: POST /session/aedcc668f48e21658cbc6750609d6355/element - {"using":"xpath","value":"//span[contains(text(), \"General Management\")]"}
RESULT: {"using":"xpath","value":"//span[contains(text(), \"General Management\")]"}
COMMAND: POST /session/aedcc668f48e21658cbc6750609d6355/element/f.8AFBB3AC1A82BF87553E3B2FEF1B5657.d.E215952FDAB29F2A913BA804615BDABE.e.9560/click - {}
RESULT: {}
COMMAND: GET /session/aedcc668f48e21658cbc6750609d6355/screenshot - {}
RESULT: {}
COMMAND: POST /session/aedcc668f48e21658cbc6750609d6355/element - {"using":"xpath","value":"//bdi[contains(text(), \"OK\")]"}
RESULT: {"using":"xpath","value":"//bdi[contains(text(), \"OK\")]"}
COMMAND: POST /session/aedcc668f48e21658cbc6750609d6355/element/f.8AFBB3AC1A82BF87553E3B2FEF1B5657.d.E215952FDAB29F2A913BA804615BDABE.e.9561/click - {}
RESULT: {}
COMMAND: GET /session/aedcc668f48e21658cbc6750609d6355/screenshot - {}
RESULT: {}
COMMAND: POST /session/aedcc668f48e21658cbc6750609d6355/execute/async - {"script":"<script> [1562 bytes]","args":[{"selector":{"id":"application-manageyards-display-component---NewYard--addressEditDetailsCurrency-arrow"},"wdio_ui5_key":"applicationmanageyards-display-component---NewYard--addressEditDetailsCurrency-arrow"}]}
RESULT: {"script":"<script> [1562 bytes]","args":[{"selector":{"id":"application-manageyards-display-component---NewYard--addressEditDetailsCurrency-arrow"},"wdio_ui5_key":"applicationmanageyards-display-component---NewYard--addressEditDetailsCurrency-arrow"}]}
RESULT: undefined
COMMAND: POST /session/aedcc668f48e21658cbc6750609d6355/element - {"using":"xpath","value":"//*[@id=\"application-manageyards-display-component---NewYard--addressEditDetailsCurrency-arrow\"]"}
RESULT: {"using":"xpath","value":"//*[@id=\"application-manageyards-display-component---NewYard--addressEditDetailsCurrency-arrow\"]"}
COMMAND: POST /session/aedcc668f48e21658cbc6750609d6355/element/f.8AFBB3AC1A82BF87553E3B2FEF1B5657.d.E215952FDAB29F2A913BA804615BDABE.e.9564/click - {}
RESULT: {}
COMMAND: POST /session/aedcc668f48e21658cbc6750609d6355/element - {"using":"xpath","value":"//span[contains(text(), \"Euro\")]"}
COMMAND: GET /session/aedcc668f48e21658cbc6750609d6355/screenshot - {}
RESULT: {"using":"xpath","value":"//span[contains(text(), \"Euro\")]"}
COMMAND: POST /session/aedcc668f48e21658cbc6750609d6355/element/f.8AFBB3AC1A82BF87553E3B2FEF1B5657.d.E215952FDAB29F2A913BA804615BDABE.e.9565/click - {}
RESULT: {}
RESULT: {}
COMMAND: POST /session/aedcc668f48e21658cbc6750609d6355/execute/async - {"script":"<script> [1562 bytes]","args":[{"selector":{"controlType":"sap.m.Input","viewName":"etm.portal.ui.manageyards.view.New","viewId":"application-manageyards-display-component---NewYard","bindingPath":{"path":"","propertyPath":"/CONTROLLING_AREA","modelName":"NewYardModel"},"interaction":{"idSuffix":"inner"}},"wdio_ui5_key":"etmportal.ui.manageyards.view.Newsap.m.Input{\"path\":\"\",\"propertyPath\":\"/CONTROLLING_AREA\",\"modelName\":\"NewYardModel\"}"}]}
COMMAND: GET /session/aedcc668f48e21658cbc6750609d6355/screenshot - {}
RESULT: {"script":"<script> [1562 bytes]","args":[{"selector":{"controlType":"sap.m.Input","viewName":"etm.portal.ui.manageyards.view.New","viewId":"application-manageyards-display-component---NewYard","bindingPath":{"path":"","propertyPath":"/CONTROLLING_AREA","modelName":"NewYardModel"},"interaction":{"idSuffix":"inner"}},"wdio_ui5_key":"etmportal.ui.manageyards.view.Newsap.m.Input{\"path\":\"\",\"propertyPath\":\"/CONTROLLING_AREA\",\"modelName\":\"NewYardModel\"}"}]}
RESULT: undefined
COMMAND: POST /session/aedcc668f48e21658cbc6750609d6355/execute/async - {"script":"<script> [776 bytes]","args":[{"enterText":"Z001","selector":{"controlType":"sap.m.Input","viewName":"etm.portal.ui.manageyards.view.New","viewId":"application-manageyards-display-component---NewYard","bindingPath":{"path":"","propertyPath":"/CONTROLLING_AREA","modelName":"NewYardModel"},"interaction":{"idSuffix":"inner"}},"clearTextFirst":true,"interactionType":"ENTER_TEXT"}]}
RESULT: {}
RESULT: {"script":"<script> [776 bytes]","args":[{"enterText":"Z001","selector":{"controlType":"sap.m.Input","viewName":"etm.portal.ui.manageyards.view.New","viewId":"application-manageyards-display-component---NewYard","bindingPath":{"path":"","propertyPath":"/CONTROLLING_AREA","modelName":"NewYardModel"},"interaction":{"idSuffix":"inner"}},"clearTextFirst":true,"interactionType":"ENTER_TEXT"}]}
COMMAND: POST /session/aedcc668f48e21658cbc6750609d6355/execute/async - {"script":"<script> [1562 bytes]","args":[{"selector":{"id":"application-manageyards-display-component---NewYard--companyCodeComboBox","interaction":{"idSuffix":"inner"}},"wdio_ui5_key":"applicationmanageyards-display-component---NewYard--companyCodeComboBox"}]}
RESULT: {"script":"<script> [1562 bytes]","args":[{"selector":{"id":"application-manageyards-display-component---NewYard--companyCodeComboBox","interaction":{"idSuffix":"inner"}},"wdio_ui5_key":"applicationmanageyards-display-component---NewYard--companyCodeComboBox"}]}
RESULT: undefined
COMMAND: POST /session/aedcc668f48e21658cbc6750609d6355/execute/async - {"script":"<script> [776 bytes]","args":[{"enterText":"1000","selector":{"id":"application-manageyards-display-component---NewYard--companyCodeComboBox","interaction":{"idSuffix":"inner"}},"clearTextFirst":true,"interactionType":"ENTER_TEXT"}]}
RESULT: {"script":"<script> [776 bytes]","args":[{"enterText":"1000","selector":{"id":"application-manageyards-display-component---NewYard--companyCodeComboBox","interaction":{"idSuffix":"inner"}},"clearTextFirst":true,"interactionType":"ENTER_TEXT"}]}
COMMAND: POST /session/aedcc668f48e21658cbc6750609d6355/execute/async - {"script":"<script> [1562 bytes]","args":[{"selector":{"controlType":"sap.m.Input","viewName":"etm.portal.ui.manageyards.view.New","viewId":"application-manageyards-display-component---NewYard","bindingPath":{"path":"","propertyPath":"/PLANT","modelName":"NewYardModel"},"interaction":{"idSuffix":"inner"}},"wdio_ui5_key":"etmportal.ui.manageyards.view.Newsap.m.Input{\"path\":\"\",\"propertyPath\":\"/PLANT\",\"modelName\":\"NewYardModel\"}"}]}
RESULT: {"script":"<script> [1562 bytes]","args":[{"selector":{"controlType":"sap.m.Input","viewName":"etm.portal.ui.manageyards.view.New","viewId":"application-manageyards-display-component---NewYard","bindingPath":{"path":"","propertyPath":"/PLANT","modelName":"NewYardModel"},"interaction":{"idSuffix":"inner"}},"wdio_ui5_key":"etmportal.ui.manageyards.view.Newsap.m.Input{\"path\":\"\",\"propertyPath\":\"/PLANT\",\"modelName\":\"NewYardModel\"}"}]}
RESULT: undefined
COMMAND: POST /session/aedcc668f48e21658cbc6750609d6355/execute/async - {"script":"<script> [776 bytes]","args":[{"enterText":"1001","selector":{"controlType":"sap.m.Input","viewName":"etm.portal.ui.manageyards.view.New","viewId":"application-manageyards-display-component---NewYard","bindingPath":{"path":"","propertyPath":"/PLANT","modelName":"NewYardModel"},"interaction":{"idSuffix":"inner"}},"clearTextFirst":true,"interactionType":"ENTER_TEXT"}]}
RESULT: {"script":"<script> [776 bytes]","args":[{"enterText":"1001","selector":{"controlType":"sap.m.Input","viewName":"etm.portal.ui.manageyards.view.New","viewId":"application-manageyards-display-component---NewYard","bindingPath":{"path":"","propertyPath":"/PLANT","modelName":"NewYardModel"},"interaction":{"idSuffix":"inner"}},"clearTextFirst":true,"interactionType":"ENTER_TEXT"}]}
COMMAND: POST /session/aedcc668f48e21658cbc6750609d6355/execute/async - {"script":"<script> [1562 bytes]","args":[{"selector":{"controlType":"sap.m.Input","viewName":"etm.portal.ui.manageyards.view.New","viewId":"application-manageyards-display-component---NewYard","bindingPath":{"path":"","propertyPath":"/SALES_AREA_VKORG","modelName":"NewYardModel"},"interaction":{"idSuffix":"inner"}},"wdio_ui5_key":"etmportal.ui.manageyards.view.Newsap.m.Input{\"path\":\"\",\"propertyPath\":\"/SALES_AREA_VKORG\",\"modelName\":\"NewYardModel\"}"}]}
RESULT: {"script":"<script> [1562 bytes]","args":[{"selector":{"controlType":"sap.m.Input","viewName":"etm.portal.ui.manageyards.view.New","viewId":"application-manageyards-display-component---NewYard","bindingPath":{"path":"","propertyPath":"/SALES_AREA_VKORG","modelName":"NewYardModel"},"interaction":{"idSuffix":"inner"}},"wdio_ui5_key":"etmportal.ui.manageyards.view.Newsap.m.Input{\"path\":\"\",\"propertyPath\":\"/SALES_AREA_VKORG\",\"modelName\":\"NewYardModel\"}"}]}
RESULT: undefined
COMMAND: POST /session/aedcc668f48e21658cbc6750609d6355/execute/async - {"script":"<script> [776 bytes]","args":[{"enterText":"C002","selector":{"controlType":"sap.m.Input","viewName":"etm.portal.ui.manageyards.view.New","viewId":"application-manageyards-display-component---NewYard","bindingPath":{"path":"","propertyPath":"/SALES_AREA_VKORG","modelName":"NewYardModel"},"interaction":{"idSuffix":"inner"}},"clearTextFirst":true,"interactionType":"ENTER_TEXT"}]}
RESULT: {"script":"<script> [776 bytes]","args":[{"enterText":"C002","selector":{"controlType":"sap.m.Input","viewName":"etm.portal.ui.manageyards.view.New","viewId":"application-manageyards-display-component---NewYard","bindingPath":{"path":"","propertyPath":"/SALES_AREA_VKORG","modelName":"NewYardModel"},"interaction":{"idSuffix":"inner"}},"clearTextFirst":true,"interactionType":"ENTER_TEXT"}]}
COMMAND: POST /session/aedcc668f48e21658cbc6750609d6355/execute/async - {"script":"<script> [1562 bytes]","args":[{"selector":{"controlType":"sap.m.Input","viewName":"etm.portal.ui.manageyards.view.New","viewId":"application-manageyards-display-component---NewYard","bindingPath":{"path":"","propertyPath":"/SALES_AREA_VTWEG","modelName":"NewYardModel"},"interaction":{"idSuffix":"inner"}},"wdio_ui5_key":"etmportal.ui.manageyards.view.Newsap.m.Input{\"path\":\"\",\"propertyPath\":\"/SALES_AREA_VTWEG\",\"modelName\":\"NewYardModel\"}"}]}
RESULT: {"script":"<script> [1562 bytes]","args":[{"selector":{"controlType":"sap.m.Input","viewName":"etm.portal.ui.manageyards.view.New","viewId":"application-manageyards-display-component---NewYard","bindingPath":{"path":"","propertyPath":"/SALES_AREA_VTWEG","modelName":"NewYardModel"},"interaction":{"idSuffix":"inner"}},"wdio_ui5_key":"etmportal.ui.manageyards.view.Newsap.m.Input{\"path\":\"\",\"propertyPath\":\"/SALES_AREA_VTWEG\",\"modelName\":\"NewYardModel\"}"}]}
RESULT: undefined
COMMAND: POST /session/aedcc668f48e21658cbc6750609d6355/execute/async - {"script":"<script> [776 bytes]","args":[{"enterText":"C2","selector":{"controlType":"sap.m.Input","viewName":"etm.portal.ui.manageyards.view.New","viewId":"application-manageyards-display-component---NewYard","bindingPath":{"path":"","propertyPath":"/SALES_AREA_VTWEG","modelName":"NewYardModel"},"interaction":{"idSuffix":"inner"}},"clearTextFirst":true,"interactionType":"ENTER_TEXT"}]}
RESULT: {"script":"<script> [776 bytes]","args":[{"enterText":"C2","selector":{"controlType":"sap.m.Input","viewName":"etm.portal.ui.manageyards.view.New","viewId":"application-manageyards-display-component---NewYard","bindingPath":{"path":"","propertyPath":"/SALES_AREA_VTWEG","modelName":"NewYardModel"},"interaction":{"idSuffix":"inner"}},"clearTextFirst":true,"interactionType":"ENTER_TEXT"}]}
COMMAND: POST /session/aedcc668f48e21658cbc6750609d6355/execute/async - {"script":"<script> [1562 bytes]","args":[{"selector":{"controlType":"sap.m.Input","viewName":"etm.portal.ui.manageyards.view.New","viewId":"application-manageyards-display-component---NewYard","bindingPath":{"path":"","propertyPath":"/SALES_AREA_SPART","modelName":"NewYardModel"},"interaction":{"idSuffix":"inner"}},"wdio_ui5_key":"etmportal.ui.manageyards.view.Newsap.m.Input{\"path\":\"\",\"propertyPath\":\"/SALES_AREA_SPART\",\"modelName\":\"NewYardModel\"}"}]}
RESULT: {"script":"<script> [1562 bytes]","args":[{"selector":{"controlType":"sap.m.Input","viewName":"etm.portal.ui.manageyards.view.New","viewId":"application-manageyards-display-component---NewYard","bindingPath":{"path":"","propertyPath":"/SALES_AREA_SPART","modelName":"NewYardModel"},"interaction":{"idSuffix":"inner"}},"wdio_ui5_key":"etmportal.ui.manageyards.view.Newsap.m.Input{\"path\":\"\",\"propertyPath\":\"/SALES_AREA_SPART\",\"modelName\":\"NewYardModel\"}"}]}
RESULT: undefined
COMMAND: POST /session/aedcc668f48e21658cbc6750609d6355/execute/async - {"script":"<script> [776 bytes]","args":[{"enterText":"C2","selector":{"controlType":"sap.m.Input","viewName":"etm.portal.ui.manageyards.view.New","viewId":"application-manageyards-display-component---NewYard","bindingPath":{"path":"","propertyPath":"/SALES_AREA_SPART","modelName":"NewYardModel"},"interaction":{"idSuffix":"inner"}},"clearTextFirst":true,"interactionType":"ENTER_TEXT"}]}
RESULT: {"script":"<script> [776 bytes]","args":[{"enterText":"C2","selector":{"controlType":"sap.m.Input","viewName":"etm.portal.ui.manageyards.view.New","viewId":"application-manageyards-display-component---NewYard","bindingPath":{"path":"","propertyPath":"/SALES_AREA_SPART","modelName":"NewYardModel"},"interaction":{"idSuffix":"inner"}},"clearTextFirst":true,"interactionType":"ENTER_TEXT"}]}
COMMAND: POST /session/aedcc668f48e21658cbc6750609d6355/execute/async - {"script":"<script> [1562 bytes]","args":[{"selector":{"controlType":"sap.m.Input","viewName":"etm.portal.ui.manageyards.view.New","viewId":"application-manageyards-display-component---NewYard","bindingPath":{"path":"","propertyPath":"/SHIP_POINT","modelName":"NewYardModel"},"interaction":{"idSuffix":"inner"}},"wdio_ui5_key":"etmportal.ui.manageyards.view.Newsap.m.Input{\"path\":\"\",\"propertyPath\":\"/SHIP_POINT\",\"modelName\":\"NewYardModel\"}"}]}
RESULT: {"script":"<script> [1562 bytes]","args":[{"selector":{"controlType":"sap.m.Input","viewName":"etm.portal.ui.manageyards.view.New","viewId":"application-manageyards-display-component---NewYard","bindingPath":{"path":"","propertyPath":"/SHIP_POINT","modelName":"NewYardModel"},"interaction":{"idSuffix":"inner"}},"wdio_ui5_key":"etmportal.ui.manageyards.view.Newsap.m.Input{\"path\":\"\",\"propertyPath\":\"/SHIP_POINT\",\"modelName\":\"NewYardModel\"}"}]}
RESULT: undefined
COMMAND: POST /session/aedcc668f48e21658cbc6750609d6355/execute/async - {"script":"<script> [776 bytes]","args":[{"enterText":"1710","selector":{"controlType":"sap.m.Input","viewName":"etm.portal.ui.manageyards.view.New","viewId":"application-manageyards-display-component---NewYard","bindingPath":{"path":"","propertyPath":"/SHIP_POINT","modelName":"NewYardModel"},"interaction":{"idSuffix":"inner"}},"clearTextFirst":true,"interactionType":"ENTER_TEXT"}]}
RESULT: {"script":"<script> [776 bytes]","args":[{"enterText":"1710","selector":{"controlType":"sap.m.Input","viewName":"etm.portal.ui.manageyards.view.New","viewId":"application-manageyards-display-component---NewYard","bindingPath":{"path":"","propertyPath":"/SHIP_POINT","modelName":"NewYardModel"},"interaction":{"idSuffix":"inner"}},"clearTextFirst":true,"interactionType":"ENTER_TEXT"}]}
COMMAND: POST /session/aedcc668f48e21658cbc6750609d6355/execute/async - {"script":"<script> [1562 bytes]","args":[{"selector":{"controlType":"sap.m.Input","viewName":"etm.portal.ui.manageyards.view.New","viewId":"application-manageyards-display-component---NewYard","bindingPath":{"path":"","propertyPath":"/DELIVERY_TYPE","modelName":"NewYardModel"},"interaction":{"idSuffix":"inner"}},"wdio_ui5_key":"etmportal.ui.manageyards.view.Newsap.m.Input{\"path\":\"\",\"propertyPath\":\"/DELIVERY_TYPE\",\"modelName\":\"NewYardModel\"}"}]}
RESULT: {"script":"<script> [1562 bytes]","args":[{"selector":{"controlType":"sap.m.Input","viewName":"etm.portal.ui.manageyards.view.New","viewId":"application-manageyards-display-component---NewYard","bindingPath":{"path":"","propertyPath":"/DELIVERY_TYPE","modelName":"NewYardModel"},"interaction":{"idSuffix":"inner"}},"wdio_ui5_key":"etmportal.ui.manageyards.view.Newsap.m.Input{\"path\":\"\",\"propertyPath\":\"/DELIVERY_TYPE\",\"modelName\":\"NewYardModel\"}"}]}
RESULT: undefined
COMMAND: POST /session/aedcc668f48e21658cbc6750609d6355/execute/async - {"script":"<script> [776 bytes]","args":[{"enterText":"ZL01","selector":{"controlType":"sap.m.Input","viewName":"etm.portal.ui.manageyards.view.New","viewId":"application-manageyards-display-component---NewYard","bindingPath":{"path":"","propertyPath":"/DELIVERY_TYPE","modelName":"NewYardModel"},"interaction":{"idSuffix":"inner"}},"clearTextFirst":true,"interactionType":"ENTER_TEXT"}]}
RESULT: {"script":"<script> [776 bytes]","args":[{"enterText":"ZL01","selector":{"controlType":"sap.m.Input","viewName":"etm.portal.ui.manageyards.view.New","viewId":"application-manageyards-display-component---NewYard","bindingPath":{"path":"","propertyPath":"/DELIVERY_TYPE","modelName":"NewYardModel"},"interaction":{"idSuffix":"inner"}},"clearTextFirst":true,"interactionType":"ENTER_TEXT"}]}
COMMAND: POST /session/aedcc668f48e21658cbc6750609d6355/execute/async - {"script":"<script> [1562 bytes]","args":[{"selector":{"controlType":"sap.m.Input","viewName":"etm.portal.ui.manageyards.view.New","viewId":"application-manageyards-display-component---NewYard","bindingPath":{"path":"","propertyPath":"/AUART","modelName":"NewYardModel"},"interaction":{"idSuffix":"inner"}},"wdio_ui5_key":"etmportal.ui.manageyards.view.Newsap.m.Input{\"path\":\"\",\"propertyPath\":\"/AUART\",\"modelName\":\"NewYardModel\"}"}]}
RESULT: {"script":"<script> [1562 bytes]","args":[{"selector":{"controlType":"sap.m.Input","viewName":"etm.portal.ui.manageyards.view.New","viewId":"application-manageyards-display-component---NewYard","bindingPath":{"path":"","propertyPath":"/AUART","modelName":"NewYardModel"},"interaction":{"idSuffix":"inner"}},"wdio_ui5_key":"etmportal.ui.manageyards.view.Newsap.m.Input{\"path\":\"\",\"propertyPath\":\"/AUART\",\"modelName\":\"NewYardModel\"}"}]}
RESULT: undefined
COMMAND: POST /session/aedcc668f48e21658cbc6750609d6355/execute/async - {"script":"<script> [776 bytes]","args":[{"enterText":"TA","selector":{"controlType":"sap.m.Input","viewName":"etm.portal.ui.manageyards.view.New","viewId":"application-manageyards-display-component---NewYard","bindingPath":{"path":"","propertyPath":"/AUART","modelName":"NewYardModel"},"interaction":{"idSuffix":"inner"}},"clearTextFirst":true,"interactionType":"ENTER_TEXT"}]}
RESULT: {"script":"<script> [776 bytes]","args":[{"enterText":"TA","selector":{"controlType":"sap.m.Input","viewName":"etm.portal.ui.manageyards.view.New","viewId":"application-manageyards-display-component---NewYard","bindingPath":{"path":"","propertyPath":"/AUART","modelName":"NewYardModel"},"interaction":{"idSuffix":"inner"}},"clearTextFirst":true,"interactionType":"ENTER_TEXT"}]}
COMMAND: POST /session/aedcc668f48e21658cbc6750609d6355/element - {"using":"xpath","value":"//button[@data-kt=\"newYardSaveButton\"]"}
RESULT: {"using":"xpath","value":"//button[@data-kt=\"newYardSaveButton\"]"}
COMMAND: POST /session/aedcc668f48e21658cbc6750609d6355/element/f.8AFBB3AC1A82BF87553E3B2FEF1B5657.d.E215952FDAB29F2A913BA804615BDABE.e.9490/click - {}
RESULT: {}
COMMAND: GET /session/aedcc668f48e21658cbc6750609d6355/screenshot - {}
RESULT: {}
COMMAND: POST /session/aedcc668f48e21658cbc6750609d6355/element - {"using":"xpath","value":"//header[contains(@id, 'ObjectPageLayout-headerTitle')]/div[1]/div[2]/div[1]/span[1]"}
RESULT: {"using":"xpath","value":"//header[contains(@id, 'ObjectPageLayout-headerTitle')]/div[1]/div[2]/div[1]/span[1]"}
COMMAND: POST /session/aedcc668f48e21658cbc6750609d6355/elements - {"using":"xpath","value":"//header[contains(@id, 'ObjectPageLayout-headerTitle')]/div[1]/div[2]/div[1]/span[1]"}
RESULT: {"using":"xpath","value":"//header[contains(@id, 'ObjectPageLayout-headerTitle')]/div[1]/div[2]/div[1]/span[1]"}
COMMAND: POST /session/aedcc668f48e21658cbc6750609d6355/execute/sync - {"script":"<script> [56 bytes]","args":[{"element-6066-11e4-a52e-4f735466cecf":"f.8AFBB3AC1A82BF87553E3B2FEF1B5657.d.E215952FDAB29F2A913BA804615BDABE.e.9797","ELEMENT":"f.8AFBB3AC1A82BF87553E3B2FEF1B5657.d.E215952FDAB29F2A913BA804615BDABE.e.9797"}]}
RESULT: {"script":"<script> [56 bytes]","args":[{"element-6066-11e4-a52e-4f735466cecf":"f.8AFBB3AC1A82BF87553E3B2FEF1B5657.d.E215952FDAB29F2A913BA804615BDABE.e.9797","ELEMENT":"f.8AFBB3AC1A82BF87553E3B2FEF1B5657.d.E215952FDAB29F2A913BA804615BDABE.e.9797"}]}
COMMAND: GET /session/aedcc668f48e21658cbc6750609d6355/screenshot - {}
RESULT: {}
COMMAND: POST /session/aedcc668f48e21658cbc6750609d6355/element - {"using":"css selector","value":"#shell-header-logo"}
RESULT: {"using":"css selector","value":"#shell-header-logo"}
COMMAND: POST /session/aedcc668f48e21658cbc6750609d6355/element/f.8AFBB3AC1A82BF87553E3B2FEF1B5657.d.E215952FDAB29F2A913BA804615BDABE.e.9044/click - {}
RESULT: {}
COMMAND: GET /session/aedcc668f48e21658cbc6750609d6355/screenshot - {}
RESULT: {}
COMMAND: POST /session/aedcc668f48e21658cbc6750609d6355/execute/sync - {"script":"<script> [299 bytes]","args":[["getModel","getResource"]]}
RESULT: {"script":"<script> [299 bytes]","args":[["getModel","getResource"]]}
]]></system-out>
    </testcase>
    <testcase classname="chrome.135_0_7049_115.windows.Create_partner_US118246" name="Should create new external partner" time="83.166">
      <system-out><![CDATA[
COMMAND: GET /session/aedcc668f48e21658cbc6750609d6355/screenshot - {}
COMMAND: POST /session/aedcc668f48e21658cbc6750609d6355/window/fullscreen - {}
RESULT: {}
RESULT: {}
COMMAND: POST /session/aedcc668f48e21658cbc6750609d6355/execute/async - {"script":"<script> [1562 bytes]","args":[{"selector":{"controlType":"sap.m.GenericTile","properties":{"header":"Manage Partners"}},"wdio_ui5_key":"sapm.GenericTile{\"header\":\"Manage Partners\"}"}]}
RESULT: {"script":"<script> [1562 bytes]","args":[{"selector":{"controlType":"sap.m.GenericTile","properties":{"header":"Manage Partners"}},"wdio_ui5_key":"sapm.GenericTile{\"header\":\"Manage Partners\"}"}]}
RESULT: undefined
COMMAND: POST /session/aedcc668f48e21658cbc6750609d6355/element - {"using":"xpath","value":"//*[@id=\"__tile38\"]"}
RESULT: {"using":"xpath","value":"//*[@id=\"__tile38\"]"}
COMMAND: POST /session/aedcc668f48e21658cbc6750609d6355/element/f.8AFBB3AC1A82BF87553E3B2FEF1B5657.d.E215952FDAB29F2A913BA804615BDABE.e.8932/click - {}
RESULT: {}
COMMAND: POST /session/aedcc668f48e21658cbc6750609d6355/element - {"using":"xpath","value":"//button[@data-kt=\"addButton\"]"}
COMMAND: GET /session/aedcc668f48e21658cbc6750609d6355/screenshot - {}
RESULT: {"using":"xpath","value":"//button[@data-kt=\"addButton\"]"}
COMMAND: POST /session/aedcc668f48e21658cbc6750609d6355/elements - {"using":"xpath","value":"//button[@data-kt=\"addButton\"]"}
RESULT: {}
RESULT: {"using":"xpath","value":"//button[@data-kt=\"addButton\"]"}
COMMAND: POST /session/aedcc668f48e21658cbc6750609d6355/elements - {"using":"xpath","value":"//button[@data-kt=\"addButton\"]"}
RESULT: {"using":"xpath","value":"//button[@data-kt=\"addButton\"]"}
COMMAND: POST /session/aedcc668f48e21658cbc6750609d6355/element - {"using":"xpath","value":"//button[@data-kt=\"addButton\"]"}
RESULT: {"using":"xpath","value":"//button[@data-kt=\"addButton\"]"}
COMMAND: POST /session/aedcc668f48e21658cbc6750609d6355/execute/sync - {"script":"<script> [8489 bytes]","args":[{"element-6066-11e4-a52e-4f735466cecf":"f.8AFBB3AC1A82BF87553E3B2FEF1B5657.d.E215952FDAB29F2A913BA804615BDABE.e.9835","ELEMENT":"f.8AFBB3AC1A82BF87553E3B2FEF1B5657.d.E215952FDAB29F2A913BA804615BDABE.e.9835"}]}
RESULT: {"script":"<script> [8489 bytes]","args":[{"element-6066-11e4-a52e-4f735466cecf":"f.8AFBB3AC1A82BF87553E3B2FEF1B5657.d.E215952FDAB29F2A913BA804615BDABE.e.9835","ELEMENT":"f.8AFBB3AC1A82BF87553E3B2FEF1B5657.d.E215952FDAB29F2A913BA804615BDABE.e.9835"}]}
COMMAND: GET /session/aedcc668f48e21658cbc6750609d6355/element/f.8AFBB3AC1A82BF87553E3B2FEF1B5657.d.E215952FDAB29F2A913BA804615BDABE.e.9835/enabled - {}
COMMAND: GET /session/aedcc668f48e21658cbc6750609d6355/screenshot - {}
RESULT: {}
COMMAND: POST /session/aedcc668f48e21658cbc6750609d6355/execute/sync - {"script":"<script> [8489 bytes]","args":[{"element-6066-11e4-a52e-4f735466cecf":"f.8AFBB3AC1A82BF87553E3B2FEF1B5657.d.E215952FDAB29F2A913BA804615BDABE.e.9835","ELEMENT":"f.8AFBB3AC1A82BF87553E3B2FEF1B5657.d.E215952FDAB29F2A913BA804615BDABE.e.9835"}]}
COMMAND: GET /session/aedcc668f48e21658cbc6750609d6355/screenshot - {}
RESULT: {}
RESULT: {"script":"<script> [8489 bytes]","args":[{"element-6066-11e4-a52e-4f735466cecf":"f.8AFBB3AC1A82BF87553E3B2FEF1B5657.d.E215952FDAB29F2A913BA804615BDABE.e.9835","ELEMENT":"f.8AFBB3AC1A82BF87553E3B2FEF1B5657.d.E215952FDAB29F2A913BA804615BDABE.e.9835"}]}
COMMAND: POST /session/aedcc668f48e21658cbc6750609d6355/execute/sync - {"script":"<script> [5351 bytes]","args":[{"element-6066-11e4-a52e-4f735466cecf":"f.8AFBB3AC1A82BF87553E3B2FEF1B5657.d.E215952FDAB29F2A913BA804615BDABE.e.9835","ELEMENT":"f.8AFBB3AC1A82BF87553E3B2FEF1B5657.d.E215952FDAB29F2A913BA804615BDABE.e.9835"}]}
COMMAND: GET /session/aedcc668f48e21658cbc6750609d6355/screenshot - {}
RESULT: {}
RESULT: {"script":"<script> [5351 bytes]","args":[{"element-6066-11e4-a52e-4f735466cecf":"f.8AFBB3AC1A82BF87553E3B2FEF1B5657.d.E215952FDAB29F2A913BA804615BDABE.e.9835","ELEMENT":"f.8AFBB3AC1A82BF87553E3B2FEF1B5657.d.E215952FDAB29F2A913BA804615BDABE.e.9835"}]}
COMMAND: POST /session/aedcc668f48e21658cbc6750609d6355/element/f.8AFBB3AC1A82BF87553E3B2FEF1B5657.d.E215952FDAB29F2A913BA804615BDABE.e.9835/click - {}
COMMAND: GET /session/aedcc668f48e21658cbc6750609d6355/screenshot - {}
RESULT: {}
RESULT: {}
COMMAND: GET /session/aedcc668f48e21658cbc6750609d6355/screenshot - {}
COMMAND: POST /session/aedcc668f48e21658cbc6750609d6355/execute/async - {"script":"<script> [1562 bytes]","args":[{"selector":{"id":"application-managepartners-display-component---NewPartner--addressDetailDetailsName1","interaction":{"idSuffix":"inner"}},"wdio_ui5_key":"applicationmanagepartners-display-component---NewPartner--addressDetailDetailsName1"}]}
RESULT: {}
RESULT: {}
RESULT: {"script":"<script> [1562 bytes]","args":[{"selector":{"id":"application-managepartners-display-component---NewPartner--addressDetailDetailsName1","interaction":{"idSuffix":"inner"}},"wdio_ui5_key":"applicationmanagepartners-display-component---NewPartner--addressDetailDetailsName1"}]}
RESULT: undefined
COMMAND: POST /session/aedcc668f48e21658cbc6750609d6355/execute/async - {"script":"<script> [776 bytes]","args":[{"enterText":"External Partner WDIO","selector":{"id":"application-managepartners-display-component---NewPartner--addressDetailDetailsName1","interaction":{"idSuffix":"inner"}},"clearTextFirst":true,"interactionType":"ENTER_TEXT"}]}
RESULT: {"script":"<script> [776 bytes]","args":[{"enterText":"External Partner WDIO","selector":{"id":"application-managepartners-display-component---NewPartner--addressDetailDetailsName1","interaction":{"idSuffix":"inner"}},"clearTextFirst":true,"interactionType":"ENTER_TEXT"}]}
COMMAND: POST /session/aedcc668f48e21658cbc6750609d6355/execute/async - {"script":"<script> [1562 bytes]","args":[{"selector":{"id":"application-managepartners-display-component---NewPartner--addressDetailDetailsLanguage-arrow"},"wdio_ui5_key":"applicationmanagepartners-display-component---NewPartner--addressDetailDetailsLanguage-arrow"}]}
RESULT: {"script":"<script> [1562 bytes]","args":[{"selector":{"id":"application-managepartners-display-component---NewPartner--addressDetailDetailsLanguage-arrow"},"wdio_ui5_key":"applicationmanagepartners-display-component---NewPartner--addressDetailDetailsLanguage-arrow"}]}
RESULT: undefined
COMMAND: POST /session/aedcc668f48e21658cbc6750609d6355/element - {"using":"xpath","value":"//*[@id=\"application-managepartners-display-component---NewPartner--addressDetailDetailsLanguage-arrow\"]"}
RESULT: {"using":"xpath","value":"//*[@id=\"application-managepartners-display-component---NewPartner--addressDetailDetailsLanguage-arrow\"]"}
COMMAND: POST /session/aedcc668f48e21658cbc6750609d6355/element/f.8AFBB3AC1A82BF87553E3B2FEF1B5657.d.E215952FDAB29F2A913BA804615BDABE.e.10283/click - {}
RESULT: {}
COMMAND: POST /session/aedcc668f48e21658cbc6750609d6355/element - {"using":"xpath","value":"//span[contains(text(), \"English\")]"}
COMMAND: GET /session/aedcc668f48e21658cbc6750609d6355/screenshot - {}
RESULT: {"using":"xpath","value":"//span[contains(text(), \"English\")]"}
COMMAND: POST /session/aedcc668f48e21658cbc6750609d6355/element/f.8AFBB3AC1A82BF87553E3B2FEF1B5657.d.E215952FDAB29F2A913BA804615BDABE.e.10284/click - {}
RESULT: {}
RESULT: {}
COMMAND: GET /session/aedcc668f48e21658cbc6750609d6355/screenshot - {}
RESULT: {}
COMMAND: POST /session/aedcc668f48e21658cbc6750609d6355/execute/async - {"script":"<script> [1562 bytes]","args":[{"selector":{"id":"application-managepartners-display-component---NewPartner--addressDetailDetailsCity1","interaction":{"idSuffix":"inner"}},"wdio_ui5_key":"applicationmanagepartners-display-component---NewPartner--addressDetailDetailsCity1"}]}
RESULT: {"script":"<script> [1562 bytes]","args":[{"selector":{"id":"application-managepartners-display-component---NewPartner--addressDetailDetailsCity1","interaction":{"idSuffix":"inner"}},"wdio_ui5_key":"applicationmanagepartners-display-component---NewPartner--addressDetailDetailsCity1"}]}
RESULT: undefined
COMMAND: POST /session/aedcc668f48e21658cbc6750609d6355/execute/async - {"script":"<script> [776 bytes]","args":[{"enterText":"Rosario","selector":{"id":"application-managepartners-display-component---NewPartner--addressDetailDetailsCity1","interaction":{"idSuffix":"inner"}},"clearTextFirst":true,"interactionType":"ENTER_TEXT"}]}
RESULT: {"script":"<script> [776 bytes]","args":[{"enterText":"Rosario","selector":{"id":"application-managepartners-display-component---NewPartner--addressDetailDetailsCity1","interaction":{"idSuffix":"inner"}},"clearTextFirst":true,"interactionType":"ENTER_TEXT"}]}
COMMAND: POST /session/aedcc668f48e21658cbc6750609d6355/execute/async - {"script":"<script> [1562 bytes]","args":[{"selector":{"id":"application-managepartners-display-component---NewPartner--addressDetailDetailsCountry-arrow"},"wdio_ui5_key":"applicationmanagepartners-display-component---NewPartner--addressDetailDetailsCountry-arrow"}]}
RESULT: {"script":"<script> [1562 bytes]","args":[{"selector":{"id":"application-managepartners-display-component---NewPartner--addressDetailDetailsCountry-arrow"},"wdio_ui5_key":"applicationmanagepartners-display-component---NewPartner--addressDetailDetailsCountry-arrow"}]}
RESULT: undefined
COMMAND: POST /session/aedcc668f48e21658cbc6750609d6355/element - {"using":"xpath","value":"//*[@id=\"application-managepartners-display-component---NewPartner--addressDetailDetailsCountry-arrow\"]"}
RESULT: {"using":"xpath","value":"//*[@id=\"application-managepartners-display-component---NewPartner--addressDetailDetailsCountry-arrow\"]"}
COMMAND: POST /session/aedcc668f48e21658cbc6750609d6355/element/f.8AFBB3AC1A82BF87553E3B2FEF1B5657.d.E215952FDAB29F2A913BA804615BDABE.e.10266/click - {}
RESULT: {}
COMMAND: POST /session/aedcc668f48e21658cbc6750609d6355/element - {"using":"xpath","value":"//span[contains(text(), \"Argentina\")]"}
COMMAND: GET /session/aedcc668f48e21658cbc6750609d6355/screenshot - {}
RESULT: {"using":"xpath","value":"//span[contains(text(), \"Argentina\")]"}
COMMAND: POST /session/aedcc668f48e21658cbc6750609d6355/element/f.8AFBB3AC1A82BF87553E3B2FEF1B5657.d.E215952FDAB29F2A913BA804615BDABE.e.10286/click - {}
RESULT: {}
RESULT: {}
COMMAND: GET /session/aedcc668f48e21658cbc6750609d6355/screenshot - {}
RESULT: {}
COMMAND: POST /session/aedcc668f48e21658cbc6750609d6355/element - {"using":"xpath","value":"//bdi[contains(text(), \"Commercial\")]"}
RESULT: {"using":"xpath","value":"//bdi[contains(text(), \"Commercial\")]"}
COMMAND: POST /session/aedcc668f48e21658cbc6750609d6355/element/f.8AFBB3AC1A82BF87553E3B2FEF1B5657.d.E215952FDAB29F2A913BA804615BDABE.e.10287/click - {}
RESULT: {}
COMMAND: GET /session/aedcc668f48e21658cbc6750609d6355/screenshot - {}
RESULT: {}
COMMAND: POST /session/aedcc668f48e21658cbc6750609d6355/execute/async - {"script":"<script> [1562 bytes]","args":[{"selector":{"id":"application-managepartners-display-component---NewPartner--partnerDetailInternal-arrow"},"wdio_ui5_key":"applicationmanagepartners-display-component---NewPartner--partnerDetailInternal-arrow"}]}
RESULT: {"script":"<script> [1562 bytes]","args":[{"selector":{"id":"application-managepartners-display-component---NewPartner--partnerDetailInternal-arrow"},"wdio_ui5_key":"applicationmanagepartners-display-component---NewPartner--partnerDetailInternal-arrow"}]}
RESULT: undefined
COMMAND: POST /session/aedcc668f48e21658cbc6750609d6355/element - {"using":"xpath","value":"//*[@id=\"application-managepartners-display-component---NewPartner--partnerDetailInternal-arrow\"]"}
RESULT: {"using":"xpath","value":"//*[@id=\"application-managepartners-display-component---NewPartner--partnerDetailInternal-arrow\"]"}
COMMAND: POST /session/aedcc668f48e21658cbc6750609d6355/element/f.8AFBB3AC1A82BF87553E3B2FEF1B5657.d.E215952FDAB29F2A913BA804615BDABE.e.10293/click - {}
RESULT: {}
COMMAND: POST /session/aedcc668f48e21658cbc6750609d6355/element - {"using":"xpath","value":"//span[contains(text(), \"External partner\")]"}
COMMAND: GET /session/aedcc668f48e21658cbc6750609d6355/screenshot - {}
RESULT: {"using":"xpath","value":"//span[contains(text(), \"External partner\")]"}
COMMAND: POST /session/aedcc668f48e21658cbc6750609d6355/element/f.8AFBB3AC1A82BF87553E3B2FEF1B5657.d.E215952FDAB29F2A913BA804615BDABE.e.10294/click - {}
RESULT: {}
RESULT: {}
COMMAND: POST /session/aedcc668f48e21658cbc6750609d6355/execute/async - {"script":"<script> [1562 bytes]","args":[{"selector":{"id":"application-managepartners-display-component---NewPartner--partnerDetailsCurrency-arrow"},"wdio_ui5_key":"applicationmanagepartners-display-component---NewPartner--partnerDetailsCurrency-arrow"}]}
COMMAND: GET /session/aedcc668f48e21658cbc6750609d6355/screenshot - {}
RESULT: {"script":"<script> [1562 bytes]","args":[{"selector":{"id":"application-managepartners-display-component---NewPartner--partnerDetailsCurrency-arrow"},"wdio_ui5_key":"applicationmanagepartners-display-component---NewPartner--partnerDetailsCurrency-arrow"}]}
RESULT: undefined
COMMAND: POST /session/aedcc668f48e21658cbc6750609d6355/element - {"using":"xpath","value":"//*[@id=\"application-managepartners-display-component---NewPartner--partnerDetailsCurrency-arrow\"]"}
RESULT: {}
RESULT: {"using":"xpath","value":"//*[@id=\"application-managepartners-display-component---NewPartner--partnerDetailsCurrency-arrow\"]"}
COMMAND: POST /session/aedcc668f48e21658cbc6750609d6355/element/f.8AFBB3AC1A82BF87553E3B2FEF1B5657.d.E215952FDAB29F2A913BA804615BDABE.e.10299/click - {}
RESULT: {}
COMMAND: POST /session/aedcc668f48e21658cbc6750609d6355/element - {"using":"xpath","value":"//span[contains(text(), \"US Dollar\")]"}
COMMAND: GET /session/aedcc668f48e21658cbc6750609d6355/screenshot - {}
RESULT: {"using":"xpath","value":"//span[contains(text(), \"US Dollar\")]"}
COMMAND: POST /session/aedcc668f48e21658cbc6750609d6355/element/f.8AFBB3AC1A82BF87553E3B2FEF1B5657.d.E215952FDAB29F2A913BA804615BDABE.e.10300/click - {}
RESULT: {}
RESULT: {}
COMMAND: GET /session/aedcc668f48e21658cbc6750609d6355/screenshot - {}
RESULT: {}
COMMAND: POST /session/aedcc668f48e21658cbc6750609d6355/element - {"using":"xpath","value":"//input[@id=\"application-managepartners-display-component---NewPartner--companyCodeComboBox-inner\"]"}
RESULT: {"using":"xpath","value":"//input[@id=\"application-managepartners-display-component---NewPartner--companyCodeComboBox-inner\"]"}
COMMAND: POST /session/aedcc668f48e21658cbc6750609d6355/element/f.8AFBB3AC1A82BF87553E3B2FEF1B5657.d.E215952FDAB29F2A913BA804615BDABE.e.10151/clear - {}
RESULT: {}
COMMAND: POST /session/aedcc668f48e21658cbc6750609d6355/element/f.8AFBB3AC1A82BF87553E3B2FEF1B5657.d.E215952FDAB29F2A913BA804615BDABE.e.10151/value - {"text":"C002"}
COMMAND: GET /session/aedcc668f48e21658cbc6750609d6355/screenshot - {}
RESULT: {"text":"C002"}
COMMAND: GET /session/aedcc668f48e21658cbc6750609d6355/screenshot - {}
RESULT: {}
RESULT: {}
COMMAND: POST /session/aedcc668f48e21658cbc6750609d6355/element - {"using":"xpath","value":"//li[.//span[text()= \"C002\"]]"}
RESULT: {"using":"xpath","value":"//li[.//span[text()= \"C002\"]]"}
COMMAND: POST /session/aedcc668f48e21658cbc6750609d6355/element/f.8AFBB3AC1A82BF87553E3B2FEF1B5657.d.E215952FDAB29F2A913BA804615BDABE.e.10304/click - {}
RESULT: {}
COMMAND: GET /session/aedcc668f48e21658cbc6750609d6355/screenshot - {}
RESULT: {}
COMMAND: POST /session/aedcc668f48e21658cbc6750609d6355/execute/async - {"script":"<script> [1562 bytes]","args":[{"selector":{"id":"application-managepartners-display-component---NewPartner--btnAddTableRow-img"},"wdio_ui5_key":"applicationmanagepartners-display-component---NewPartner--btnAddTableRow-img"}]}
RESULT: {"script":"<script> [1562 bytes]","args":[{"selector":{"id":"application-managepartners-display-component---NewPartner--btnAddTableRow-img"},"wdio_ui5_key":"applicationmanagepartners-display-component---NewPartner--btnAddTableRow-img"}]}
RESULT: undefined
COMMAND: POST /session/aedcc668f48e21658cbc6750609d6355/element - {"using":"xpath","value":"//*[@id=\"application-managepartners-display-component---NewPartner--btnAddTableRow-img\"]"}
RESULT: {"using":"xpath","value":"//*[@id=\"application-managepartners-display-component---NewPartner--btnAddTableRow-img\"]"}
COMMAND: POST /session/aedcc668f48e21658cbc6750609d6355/element/f.8AFBB3AC1A82BF87553E3B2FEF1B5657.d.E215952FDAB29F2A913BA804615BDABE.e.10305/click - {}
RESULT: {}
COMMAND: GET /session/aedcc668f48e21658cbc6750609d6355/screenshot - {}
RESULT: {}
COMMAND: POST /session/aedcc668f48e21658cbc6750609d6355/element - {"using":"xpath","value":"//input[@id=\"application-managepartners-display-component---NewPartner--assignmentYard-application-managepartners-display-component---NewPartner--assignmentsTable-0-inner\"]"}
RESULT: {"using":"xpath","value":"//input[@id=\"application-managepartners-display-component---NewPartner--assignmentYard-application-managepartners-display-component---NewPartner--assignmentsTable-0-inner\"]"}
COMMAND: POST /session/aedcc668f48e21658cbc6750609d6355/element/f.8AFBB3AC1A82BF87553E3B2FEF1B5657.d.E215952FDAB29F2A913BA804615BDABE.e.10308/clear - {}
RESULT: {}
COMMAND: POST /session/aedcc668f48e21658cbc6750609d6355/element/f.8AFBB3AC1A82BF87553E3B2FEF1B5657.d.E215952FDAB29F2A913BA804615BDABE.e.10308/value - {"text":"644"}
COMMAND: GET /session/aedcc668f48e21658cbc6750609d6355/screenshot - {}
RESULT: {"text":"644"}
COMMAND: GET /session/aedcc668f48e21658cbc6750609d6355/screenshot - {}
RESULT: {}
RESULT: {}
COMMAND: POST /session/aedcc668f48e21658cbc6750609d6355/element - {"using":"xpath","value":"//li[.//span[text()='644']]"}
RESULT: {"using":"xpath","value":"//li[.//span[text()='644']]"}
COMMAND: POST /session/aedcc668f48e21658cbc6750609d6355/element/f.8AFBB3AC1A82BF87553E3B2FEF1B5657.d.E215952FDAB29F2A913BA804615BDABE.e.10315/click - {}
RESULT: {}
COMMAND: GET /session/aedcc668f48e21658cbc6750609d6355/screenshot - {}
RESULT: {}
COMMAND: POST /session/aedcc668f48e21658cbc6750609d6355/actions - {"actions":[{"id":"action26","type":"key","parameters":{},"actions":[{"type":"keyDown","value":"î€‡"},{"type":"pause","duration":10},{"type":"keyUp","value":"î€‡"}]}]}
RESULT: {"actions":[{"id":"action26","type":"key","parameters":{},"actions":[{"type":"keyDown","value":"î€‡"},{"type":"pause","duration":10},{"type":"keyUp","value":"î€‡"}]}]}
COMMAND: POST /session/aedcc668f48e21658cbc6750609d6355/element - {"using":"xpath","value":"//td[contains(@id, \"assignmentsTable-0-cell2\")]/div/div"}
COMMAND: GET /session/aedcc668f48e21658cbc6750609d6355/screenshot - {}
RESULT: {"using":"xpath","value":"//td[contains(@id, \"assignmentsTable-0-cell2\")]/div/div"}
COMMAND: POST /session/aedcc668f48e21658cbc6750609d6355/element/f.8AFBB3AC1A82BF87553E3B2FEF1B5657.d.E215952FDAB29F2A913BA804615BDABE.e.10318/click - {}
RESULT: {}
RESULT: {}
COMMAND: GET /session/aedcc668f48e21658cbc6750609d6355/screenshot - {}
RESULT: {}
COMMAND: POST /session/aedcc668f48e21658cbc6750609d6355/element - {"using":"xpath","value":"//button[@data-kt=\"saveButton\"]"}
RESULT: {"using":"xpath","value":"//button[@data-kt=\"saveButton\"]"}
COMMAND: POST /session/aedcc668f48e21658cbc6750609d6355/element/f.8AFBB3AC1A82BF87553E3B2FEF1B5657.d.E215952FDAB29F2A913BA804615BDABE.e.10268/click - {}
RESULT: {}
COMMAND: GET /session/aedcc668f48e21658cbc6750609d6355/screenshot - {}
RESULT: {}
COMMAND: POST /session/aedcc668f48e21658cbc6750609d6355/element - {"using":"xpath","value":"//header[contains(@id, 'ObjectPageLayout-headerTitle')]/div[1]/div[2]/div[2]/span[1]"}
RESULT: {"using":"xpath","value":"//header[contains(@id, 'ObjectPageLayout-headerTitle')]/div[1]/div[2]/div[2]/span[1]"}
COMMAND: POST /session/aedcc668f48e21658cbc6750609d6355/elements - {"using":"xpath","value":"//header[contains(@id, 'ObjectPageLayout-headerTitle')]/div[1]/div[2]/div[2]/span[1]"}
RESULT: {"using":"xpath","value":"//header[contains(@id, 'ObjectPageLayout-headerTitle')]/div[1]/div[2]/div[2]/span[1]"}
COMMAND: POST /session/aedcc668f48e21658cbc6750609d6355/execute/sync - {"script":"<script> [56 bytes]","args":[{"element-6066-11e4-a52e-4f735466cecf":"f.8AFBB3AC1A82BF87553E3B2FEF1B5657.d.E215952FDAB29F2A913BA804615BDABE.e.10481","ELEMENT":"f.8AFBB3AC1A82BF87553E3B2FEF1B5657.d.E215952FDAB29F2A913BA804615BDABE.e.10481"}]}
RESULT: {"script":"<script> [56 bytes]","args":[{"element-6066-11e4-a52e-4f735466cecf":"f.8AFBB3AC1A82BF87553E3B2FEF1B5657.d.E215952FDAB29F2A913BA804615BDABE.e.10481","ELEMENT":"f.8AFBB3AC1A82BF87553E3B2FEF1B5657.d.E215952FDAB29F2A913BA804615BDABE.e.10481"}]}
COMMAND: POST /session/aedcc668f48e21658cbc6750609d6355/element - {"using":"css selector","value":"#shell-header-logo"}
COMMAND: GET /session/aedcc668f48e21658cbc6750609d6355/screenshot - {}
RESULT: {"using":"css selector","value":"#shell-header-logo"}
COMMAND: POST /session/aedcc668f48e21658cbc6750609d6355/element/f.8AFBB3AC1A82BF87553E3B2FEF1B5657.d.E215952FDAB29F2A913BA804615BDABE.e.9801/click - {}
RESULT: {}
RESULT: {}
COMMAND: GET /session/aedcc668f48e21658cbc6750609d6355/screenshot - {}
RESULT: {}
COMMAND: POST /session/aedcc668f48e21658cbc6750609d6355/execute/sync - {"script":"<script> [299 bytes]","args":[["getModel","getResource"]]}
RESULT: {"script":"<script> [299 bytes]","args":[["getModel","getResource"]]}
]]></system-out>
    </testcase>
    <testcase classname="chrome.135_0_7049_115.windows.Create_partner_US118246" name="Should create a new yard in case create yard failed" time="93.363">
      <system-out><![CDATA[
RESULT: undefined
COMMAND: POST /session/aedcc668f48e21658cbc6750609d6355/element - {"using":"xpath","value":"//*[@id=\"__tile41\"]"}
COMMAND: GET /session/aedcc668f48e21658cbc6750609d6355/screenshot - {}
RESULT: {"using":"xpath","value":"//*[@id=\"__tile41\"]"}
COMMAND: POST /session/aedcc668f48e21658cbc6750609d6355/element/f.8AFBB3AC1A82BF87553E3B2FEF1B5657.d.E215952FDAB29F2A913BA804615BDABE.e.8941/click - {}
RESULT: {}
RESULT: {}
COMMAND: POST /session/aedcc668f48e21658cbc6750609d6355/element - {"using":"xpath","value":"//button[@data-kt=\"addNewYardOverflowToolbarButton\"]"}
COMMAND: GET /session/aedcc668f48e21658cbc6750609d6355/screenshot - {}
RESULT: {"using":"xpath","value":"//button[@data-kt=\"addNewYardOverflowToolbarButton\"]"}
COMMAND: POST /session/aedcc668f48e21658cbc6750609d6355/elements - {"using":"xpath","value":"//button[@data-kt=\"addNewYardOverflowToolbarButton\"]"}
RESULT: {}
RESULT: {"using":"xpath","value":"//button[@data-kt=\"addNewYardOverflowToolbarButton\"]"}
COMMAND: POST /session/aedcc668f48e21658cbc6750609d6355/execute/sync - {"script":"<script> [8489 bytes]","args":[{"element-6066-11e4-a52e-4f735466cecf":"f.8AFBB3AC1A82BF87553E3B2FEF1B5657.d.E215952FDAB29F2A913BA804615BDABE.e.10517","ELEMENT":"f.8AFBB3AC1A82BF87553E3B2FEF1B5657.d.E215952FDAB29F2A913BA804615BDABE.e.10517"}]}
RESULT: {"script":"<script> [8489 bytes]","args":[{"element-6066-11e4-a52e-4f735466cecf":"f.8AFBB3AC1A82BF87553E3B2FEF1B5657.d.E215952FDAB29F2A913BA804615BDABE.e.10517","ELEMENT":"f.8AFBB3AC1A82BF87553E3B2FEF1B5657.d.E215952FDAB29F2A913BA804615BDABE.e.10517"}]}
COMMAND: GET /session/aedcc668f48e21658cbc6750609d6355/element/f.8AFBB3AC1A82BF87553E3B2FEF1B5657.d.E215952FDAB29F2A913BA804615BDABE.e.10517/enabled - {}
COMMAND: GET /session/aedcc668f48e21658cbc6750609d6355/screenshot - {}
RESULT: {}
COMMAND: POST /session/aedcc668f48e21658cbc6750609d6355/execute/sync - {"script":"<script> [8489 bytes]","args":[{"element-6066-11e4-a52e-4f735466cecf":"f.8AFBB3AC1A82BF87553E3B2FEF1B5657.d.E215952FDAB29F2A913BA804615BDABE.e.10517","ELEMENT":"f.8AFBB3AC1A82BF87553E3B2FEF1B5657.d.E215952FDAB29F2A913BA804615BDABE.e.10517"}]}
COMMAND: GET /session/aedcc668f48e21658cbc6750609d6355/screenshot - {}
RESULT: {}
RESULT: {"script":"<script> [8489 bytes]","args":[{"element-6066-11e4-a52e-4f735466cecf":"f.8AFBB3AC1A82BF87553E3B2FEF1B5657.d.E215952FDAB29F2A913BA804615BDABE.e.10517","ELEMENT":"f.8AFBB3AC1A82BF87553E3B2FEF1B5657.d.E215952FDAB29F2A913BA804615BDABE.e.10517"}]}
COMMAND: POST /session/aedcc668f48e21658cbc6750609d6355/execute/sync - {"script":"<script> [5351 bytes]","args":[{"element-6066-11e4-a52e-4f735466cecf":"f.8AFBB3AC1A82BF87553E3B2FEF1B5657.d.E215952FDAB29F2A913BA804615BDABE.e.10517","ELEMENT":"f.8AFBB3AC1A82BF87553E3B2FEF1B5657.d.E215952FDAB29F2A913BA804615BDABE.e.10517"}]}
COMMAND: GET /session/aedcc668f48e21658cbc6750609d6355/screenshot - {}
RESULT: {}
RESULT: {"script":"<script> [5351 bytes]","args":[{"element-6066-11e4-a52e-4f735466cecf":"f.8AFBB3AC1A82BF87553E3B2FEF1B5657.d.E215952FDAB29F2A913BA804615BDABE.e.10517","ELEMENT":"f.8AFBB3AC1A82BF87553E3B2FEF1B5657.d.E215952FDAB29F2A913BA804615BDABE.e.10517"}]}
COMMAND: POST /session/aedcc668f48e21658cbc6750609d6355/element/f.8AFBB3AC1A82BF87553E3B2FEF1B5657.d.E215952FDAB29F2A913BA804615BDABE.e.10517/click - {}
COMMAND: GET /session/aedcc668f48e21658cbc6750609d6355/screenshot - {}
RESULT: {}
RESULT: {}
COMMAND: GET /session/aedcc668f48e21658cbc6750609d6355/screenshot - {}
COMMAND: POST /session/aedcc668f48e21658cbc6750609d6355/element - {"using":"xpath","value":"//input[@id=\"application-manageyards-display-component---NewYard--yardId-inner\"]"}
RESULT: {}
RESULT: {}
RESULT: {"using":"xpath","value":"//input[@id=\"application-manageyards-display-component---NewYard--yardId-inner\"]"}
COMMAND: POST /session/aedcc668f48e21658cbc6750609d6355/element - {"using":"xpath","value":"//input[@id=\"application-manageyards-display-component---NewYard--yardId-inner\"]"}
RESULT: {"using":"xpath","value":"//input[@id=\"application-manageyards-display-component---NewYard--yardId-inner\"]"}
RESULT: undefined
COMMAND: POST /session/aedcc668f48e21658cbc6750609d6355/execute/async - {"script":"<script> [776 bytes]","args":[{"enterText":"Warehouse Managed WDIO","selector":{"id":"application-manageyards-display-component---NewYard--addressDetailDetailsName1","interaction":{"idSuffix":"inner"}},"clearTextFirst":true,"interactionType":"ENTER_TEXT"}]}
RESULT: {"script":"<script> [776 bytes]","args":[{"enterText":"Warehouse Managed WDIO","selector":{"id":"application-manageyards-display-component---NewYard--addressDetailDetailsName1","interaction":{"idSuffix":"inner"}},"clearTextFirst":true,"interactionType":"ENTER_TEXT"}]}
RESULT: undefined
COMMAND: POST /session/aedcc668f48e21658cbc6750609d6355/element - {"using":"xpath","value":"//*[@id=\"application-manageyards-display-component---NewYard--addressDetailDetailsLanguage-arrow\"]"}
RESULT: {"using":"xpath","value":"//*[@id=\"application-manageyards-display-component---NewYard--addressDetailDetailsLanguage-arrow\"]"}
COMMAND: POST /session/aedcc668f48e21658cbc6750609d6355/element/f.8AFBB3AC1A82BF87553E3B2FEF1B5657.d.E215952FDAB29F2A913BA804615BDABE.e.10957/click - {}
RESULT: {}
COMMAND: POST /session/aedcc668f48e21658cbc6750609d6355/element - {"using":"xpath","value":"//span[contains(text(), \"English\")]"}
COMMAND: GET /session/aedcc668f48e21658cbc6750609d6355/screenshot - {}
RESULT: {"using":"xpath","value":"//span[contains(text(), \"English\")]"}
COMMAND: POST /session/aedcc668f48e21658cbc6750609d6355/element/f.8AFBB3AC1A82BF87553E3B2FEF1B5657.d.E215952FDAB29F2A913BA804615BDABE.e.10958/click - {}
RESULT: {}
RESULT: {}
RESULT: undefined
COMMAND: POST /session/aedcc668f48e21658cbc6750609d6355/execute/async - {"script":"<script> [776 bytes]","args":[{"enterText":"Rosario","selector":{"id":"application-manageyards-display-component---NewYard--addressDetailDetailsCity1","interaction":{"idSuffix":"inner"}},"clearTextFirst":true,"interactionType":"ENTER_TEXT"}]}
COMMAND: GET /session/aedcc668f48e21658cbc6750609d6355/screenshot - {}
RESULT: {"script":"<script> [776 bytes]","args":[{"enterText":"Rosario","selector":{"id":"application-manageyards-display-component---NewYard--addressDetailDetailsCity1","interaction":{"idSuffix":"inner"}},"clearTextFirst":true,"interactionType":"ENTER_TEXT"}]}
RESULT: undefined
COMMAND: POST /session/aedcc668f48e21658cbc6750609d6355/element - {"using":"xpath","value":"//*[@id=\"application-manageyards-display-component---NewYard--addressDetailDetailsCountry-arrow\"]"}
RESULT: {}
RESULT: {"using":"xpath","value":"//*[@id=\"application-manageyards-display-component---NewYard--addressDetailDetailsCountry-arrow\"]"}
COMMAND: POST /session/aedcc668f48e21658cbc6750609d6355/element/f.8AFBB3AC1A82BF87553E3B2FEF1B5657.d.E215952FDAB29F2A913BA804615BDABE.e.10959/click - {}
RESULT: {}
COMMAND: POST /session/aedcc668f48e21658cbc6750609d6355/element - {"using":"xpath","value":"//span[contains(text(), \"Argentina\")]"}
COMMAND: GET /session/aedcc668f48e21658cbc6750609d6355/screenshot - {}
RESULT: {"using":"xpath","value":"//span[contains(text(), \"Argentina\")]"}
COMMAND: POST /session/aedcc668f48e21658cbc6750609d6355/element/f.8AFBB3AC1A82BF87553E3B2FEF1B5657.d.E215952FDAB29F2A913BA804615BDABE.e.10960/click - {}
RESULT: {}
RESULT: {}
RESULT: undefined
COMMAND: POST /session/aedcc668f48e21658cbc6750609d6355/element - {"using":"xpath","value":"//*[@id=\"application-manageyards-display-component---NewYard--addressEditDetailsCostObjectCstType-arrow\"]"}
COMMAND: GET /session/aedcc668f48e21658cbc6750609d6355/screenshot - {}
RESULT: {"using":"xpath","value":"//*[@id=\"application-manageyards-display-component---NewYard--addressEditDetailsCostObjectCstType-arrow\"]"}
COMMAND: POST /session/aedcc668f48e21658cbc6750609d6355/element/f.8AFBB3AC1A82BF87553E3B2FEF1B5657.d.E215952FDAB29F2A913BA804615BDABE.e.10962/click - {}
RESULT: {}
RESULT: {}
COMMAND: POST /session/aedcc668f48e21658cbc6750609d6355/element - {"using":"xpath","value":"//span[contains(text(), \"Cost Center\")]"}
COMMAND: GET /session/aedcc668f48e21658cbc6750609d6355/screenshot - {}
RESULT: {"using":"xpath","value":"//span[contains(text(), \"Cost Center\")]"}
COMMAND: POST /session/aedcc668f48e21658cbc6750609d6355/element/f.8AFBB3AC1A82BF87553E3B2FEF1B5657.d.E215952FDAB29F2A913BA804615BDABE.e.10963/click - {}
RESULT: {}
RESULT: {}
COMMAND: GET /session/aedcc668f48e21658cbc6750609d6355/screenshot - {}
RESULT: {}
COMMAND: POST /session/aedcc668f48e21658cbc6750609d6355/element - {"using":"xpath","value":"//span[@id=\"application-manageyards-display-component---NewYard--addressNewCostObjectCstID-vhi\"]"}
RESULT: {"using":"xpath","value":"//span[@id=\"application-manageyards-display-component---NewYard--addressNewCostObjectCstID-vhi\"]"}
COMMAND: POST /session/aedcc668f48e21658cbc6750609d6355/execute/sync - {"script":"<script> [8489 bytes]","args":[{"element-6066-11e4-a52e-4f735466cecf":"f.8AFBB3AC1A82BF87553E3B2FEF1B5657.d.E215952FDAB29F2A913BA804615BDABE.e.10967","ELEMENT":"f.8AFBB3AC1A82BF87553E3B2FEF1B5657.d.E215952FDAB29F2A913BA804615BDABE.e.10967"}]}
RESULT: {"script":"<script> [8489 bytes]","args":[{"element-6066-11e4-a52e-4f735466cecf":"f.8AFBB3AC1A82BF87553E3B2FEF1B5657.d.E215952FDAB29F2A913BA804615BDABE.e.10967","ELEMENT":"f.8AFBB3AC1A82BF87553E3B2FEF1B5657.d.E215952FDAB29F2A913BA804615BDABE.e.10967"}]}
RESULT: undefined
COMMAND: POST /session/aedcc668f48e21658cbc6750609d6355/element - {"using":"xpath","value":"//*[@id=\"application-manageyards-display-component---NewYard--addressNewCostObjectCstID-vhi\"]"}
COMMAND: GET /session/aedcc668f48e21658cbc6750609d6355/screenshot - {}
RESULT: {"using":"xpath","value":"//*[@id=\"application-manageyards-display-component---NewYard--addressNewCostObjectCstID-vhi\"]"}
COMMAND: POST /session/aedcc668f48e21658cbc6750609d6355/element/f.8AFBB3AC1A82BF87553E3B2FEF1B5657.d.E215952FDAB29F2A913BA804615BDABE.e.10967/click - {}
RESULT: {}
RESULT: {}
COMMAND: GET /session/aedcc668f48e21658cbc6750609d6355/screenshot - {}
RESULT: {}
RESULT: undefined
COMMAND: POST /session/aedcc668f48e21658cbc6750609d6355/execute/async - {"script":"<script> [776 bytes]","args":[{"enterText":"10001013","selector":{"controlType":"sap.m.SearchField","properties":{"placeholder":"Search"},"searchOpenDialogs":true,"interaction":{"idSuffix":"I"}},"clearTextFirst":true,"interactionType":"ENTER_TEXT"}]}
RESULT: {"script":"<script> [776 bytes]","args":[{"enterText":"10001013","selector":{"controlType":"sap.m.SearchField","properties":{"placeholder":"Search"},"searchOpenDialogs":true,"interaction":{"idSuffix":"I"}},"clearTextFirst":true,"interactionType":"ENTER_TEXT"}]}
COMMAND: POST /session/aedcc668f48e21658cbc6750609d6355/actions - {"actions":[{"id":"action27","type":"key","parameters":{},"actions":[{"type":"keyDown","value":"î€‡"},{"type":"pause","duration":10},{"type":"keyUp","value":"î€‡"}]}]}
RESULT: {"actions":[{"id":"action27","type":"key","parameters":{},"actions":[{"type":"keyDown","value":"î€‡"},{"type":"pause","duration":10},{"type":"keyUp","value":"î€‡"}]}]}
COMMAND: GET /session/aedcc668f48e21658cbc6750609d6355/screenshot - {}
RESULT: {}
COMMAND: POST /session/aedcc668f48e21658cbc6750609d6355/element - {"using":"xpath","value":"//span[contains(text(), \"General Management\")]"}
RESULT: {"using":"xpath","value":"//span[contains(text(), \"General Management\")]"}
COMMAND: POST /session/aedcc668f48e21658cbc6750609d6355/element/f.8AFBB3AC1A82BF87553E3B2FEF1B5657.d.E215952FDAB29F2A913BA804615BDABE.e.11007/click - {}
RESULT: {}
COMMAND: GET /session/aedcc668f48e21658cbc6750609d6355/screenshot - {}
RESULT: {}
COMMAND: POST /session/aedcc668f48e21658cbc6750609d6355/element - {"using":"xpath","value":"//bdi[contains(text(), \"OK\")]"}
RESULT: {"using":"xpath","value":"//bdi[contains(text(), \"OK\")]"}
COMMAND: POST /session/aedcc668f48e21658cbc6750609d6355/element/f.8AFBB3AC1A82BF87553E3B2FEF1B5657.d.E215952FDAB29F2A913BA804615BDABE.e.11008/click - {}
RESULT: {}
COMMAND: GET /session/aedcc668f48e21658cbc6750609d6355/screenshot - {}
RESULT: {}
RESULT: undefined
COMMAND: POST /session/aedcc668f48e21658cbc6750609d6355/element - {"using":"xpath","value":"//*[@id=\"application-manageyards-display-component---NewYard--addressEditDetailsCurrency-arrow\"]"}
RESULT: {"using":"xpath","value":"//*[@id=\"application-manageyards-display-component---NewYard--addressEditDetailsCurrency-arrow\"]"}
COMMAND: POST /session/aedcc668f48e21658cbc6750609d6355/element/f.8AFBB3AC1A82BF87553E3B2FEF1B5657.d.E215952FDAB29F2A913BA804615BDABE.e.11011/click - {}
RESULT: {}
COMMAND: POST /session/aedcc668f48e21658cbc6750609d6355/element - {"using":"xpath","value":"//span[contains(text(), \"Euro\")]"}
COMMAND: GET /session/aedcc668f48e21658cbc6750609d6355/screenshot - {}
RESULT: {"using":"xpath","value":"//span[contains(text(), \"Euro\")]"}
COMMAND: POST /session/aedcc668f48e21658cbc6750609d6355/element/f.8AFBB3AC1A82BF87553E3B2FEF1B5657.d.E215952FDAB29F2A913BA804615BDABE.e.11012/click - {}
RESULT: {}
RESULT: {}
RESULT: undefined
COMMAND: POST /session/aedcc668f48e21658cbc6750609d6355/execute/async - {"script":"<script> [776 bytes]","args":[{"enterText":"Z001","selector":{"controlType":"sap.m.Input","viewName":"etm.portal.ui.manageyards.view.New","viewId":"application-manageyards-display-component---NewYard","bindingPath":{"path":"","propertyPath":"/CONTROLLING_AREA","modelName":"NewYardModel"},"interaction":{"idSuffix":"inner"}},"clearTextFirst":true,"interactionType":"ENTER_TEXT"}]}
COMMAND: GET /session/aedcc668f48e21658cbc6750609d6355/screenshot - {}
RESULT: {"script":"<script> [776 bytes]","args":[{"enterText":"Z001","selector":{"controlType":"sap.m.Input","viewName":"etm.portal.ui.manageyards.view.New","viewId":"application-manageyards-display-component---NewYard","bindingPath":{"path":"","propertyPath":"/CONTROLLING_AREA","modelName":"NewYardModel"},"interaction":{"idSuffix":"inner"}},"clearTextFirst":true,"interactionType":"ENTER_TEXT"}]}
RESULT: undefined
COMMAND: POST /session/aedcc668f48e21658cbc6750609d6355/execute/async - {"script":"<script> [776 bytes]","args":[{"enterText":"1000","selector":{"id":"application-manageyards-display-component---NewYard--companyCodeComboBox","interaction":{"idSuffix":"inner"}},"clearTextFirst":true,"interactionType":"ENTER_TEXT"}]}
RESULT: {}
RESULT: {"script":"<script> [776 bytes]","args":[{"enterText":"1000","selector":{"id":"application-manageyards-display-component---NewYard--companyCodeComboBox","interaction":{"idSuffix":"inner"}},"clearTextFirst":true,"interactionType":"ENTER_TEXT"}]}
RESULT: undefined
COMMAND: POST /session/aedcc668f48e21658cbc6750609d6355/execute/async - {"script":"<script> [776 bytes]","args":[{"enterText":"1001","selector":{"controlType":"sap.m.Input","viewName":"etm.portal.ui.manageyards.view.New","viewId":"application-manageyards-display-component---NewYard","bindingPath":{"path":"","propertyPath":"/PLANT","modelName":"NewYardModel"},"interaction":{"idSuffix":"inner"}},"clearTextFirst":true,"interactionType":"ENTER_TEXT"}]}
RESULT: {"script":"<script> [776 bytes]","args":[{"enterText":"1001","selector":{"controlType":"sap.m.Input","viewName":"etm.portal.ui.manageyards.view.New","viewId":"application-manageyards-display-component---NewYard","bindingPath":{"path":"","propertyPath":"/PLANT","modelName":"NewYardModel"},"interaction":{"idSuffix":"inner"}},"clearTextFirst":true,"interactionType":"ENTER_TEXT"}]}
RESULT: undefined
COMMAND: POST /session/aedcc668f48e21658cbc6750609d6355/execute/async - {"script":"<script> [776 bytes]","args":[{"enterText":"C002","selector":{"controlType":"sap.m.Input","viewName":"etm.portal.ui.manageyards.view.New","viewId":"application-manageyards-display-component---NewYard","bindingPath":{"path":"","propertyPath":"/SALES_AREA_VKORG","modelName":"NewYardModel"},"interaction":{"idSuffix":"inner"}},"clearTextFirst":true,"interactionType":"ENTER_TEXT"}]}
RESULT: {"script":"<script> [776 bytes]","args":[{"enterText":"C002","selector":{"controlType":"sap.m.Input","viewName":"etm.portal.ui.manageyards.view.New","viewId":"application-manageyards-display-component---NewYard","bindingPath":{"path":"","propertyPath":"/SALES_AREA_VKORG","modelName":"NewYardModel"},"interaction":{"idSuffix":"inner"}},"clearTextFirst":true,"interactionType":"ENTER_TEXT"}]}
RESULT: undefined
COMMAND: POST /session/aedcc668f48e21658cbc6750609d6355/execute/async - {"script":"<script> [776 bytes]","args":[{"enterText":"C2","selector":{"controlType":"sap.m.Input","viewName":"etm.portal.ui.manageyards.view.New","viewId":"application-manageyards-display-component---NewYard","bindingPath":{"path":"","propertyPath":"/SALES_AREA_VTWEG","modelName":"NewYardModel"},"interaction":{"idSuffix":"inner"}},"clearTextFirst":true,"interactionType":"ENTER_TEXT"}]}
RESULT: {"script":"<script> [776 bytes]","args":[{"enterText":"C2","selector":{"controlType":"sap.m.Input","viewName":"etm.portal.ui.manageyards.view.New","viewId":"application-manageyards-display-component---NewYard","bindingPath":{"path":"","propertyPath":"/SALES_AREA_VTWEG","modelName":"NewYardModel"},"interaction":{"idSuffix":"inner"}},"clearTextFirst":true,"interactionType":"ENTER_TEXT"}]}
RESULT: undefined
COMMAND: POST /session/aedcc668f48e21658cbc6750609d6355/execute/async - {"script":"<script> [776 bytes]","args":[{"enterText":"C2","selector":{"controlType":"sap.m.Input","viewName":"etm.portal.ui.manageyards.view.New","viewId":"application-manageyards-display-component---NewYard","bindingPath":{"path":"","propertyPath":"/SALES_AREA_SPART","modelName":"NewYardModel"},"interaction":{"idSuffix":"inner"}},"clearTextFirst":true,"interactionType":"ENTER_TEXT"}]}
RESULT: {"script":"<script> [776 bytes]","args":[{"enterText":"C2","selector":{"controlType":"sap.m.Input","viewName":"etm.portal.ui.manageyards.view.New","viewId":"application-manageyards-display-component---NewYard","bindingPath":{"path":"","propertyPath":"/SALES_AREA_SPART","modelName":"NewYardModel"},"interaction":{"idSuffix":"inner"}},"clearTextFirst":true,"interactionType":"ENTER_TEXT"}]}
RESULT: undefined
COMMAND: POST /session/aedcc668f48e21658cbc6750609d6355/execute/async - {"script":"<script> [776 bytes]","args":[{"enterText":"1710","selector":{"controlType":"sap.m.Input","viewName":"etm.portal.ui.manageyards.view.New","viewId":"application-manageyards-display-component---NewYard","bindingPath":{"path":"","propertyPath":"/SHIP_POINT","modelName":"NewYardModel"},"interaction":{"idSuffix":"inner"}},"clearTextFirst":true,"interactionType":"ENTER_TEXT"}]}
RESULT: {"script":"<script> [776 bytes]","args":[{"enterText":"1710","selector":{"controlType":"sap.m.Input","viewName":"etm.portal.ui.manageyards.view.New","viewId":"application-manageyards-display-component---NewYard","bindingPath":{"path":"","propertyPath":"/SHIP_POINT","modelName":"NewYardModel"},"interaction":{"idSuffix":"inner"}},"clearTextFirst":true,"interactionType":"ENTER_TEXT"}]}
RESULT: undefined
COMMAND: POST /session/aedcc668f48e21658cbc6750609d6355/execute/async - {"script":"<script> [776 bytes]","args":[{"enterText":"ZL01","selector":{"controlType":"sap.m.Input","viewName":"etm.portal.ui.manageyards.view.New","viewId":"application-manageyards-display-component---NewYard","bindingPath":{"path":"","propertyPath":"/DELIVERY_TYPE","modelName":"NewYardModel"},"interaction":{"idSuffix":"inner"}},"clearTextFirst":true,"interactionType":"ENTER_TEXT"}]}
RESULT: {"script":"<script> [776 bytes]","args":[{"enterText":"ZL01","selector":{"controlType":"sap.m.Input","viewName":"etm.portal.ui.manageyards.view.New","viewId":"application-manageyards-display-component---NewYard","bindingPath":{"path":"","propertyPath":"/DELIVERY_TYPE","modelName":"NewYardModel"},"interaction":{"idSuffix":"inner"}},"clearTextFirst":true,"interactionType":"ENTER_TEXT"}]}
RESULT: undefined
COMMAND: POST /session/aedcc668f48e21658cbc6750609d6355/execute/async - {"script":"<script> [776 bytes]","args":[{"enterText":"TA","selector":{"controlType":"sap.m.Input","viewName":"etm.portal.ui.manageyards.view.New","viewId":"application-manageyards-display-component---NewYard","bindingPath":{"path":"","propertyPath":"/AUART","modelName":"NewYardModel"},"interaction":{"idSuffix":"inner"}},"clearTextFirst":true,"interactionType":"ENTER_TEXT"}]}
RESULT: {"script":"<script> [776 bytes]","args":[{"enterText":"TA","selector":{"controlType":"sap.m.Input","viewName":"etm.portal.ui.manageyards.view.New","viewId":"application-manageyards-display-component---NewYard","bindingPath":{"path":"","propertyPath":"/AUART","modelName":"NewYardModel"},"interaction":{"idSuffix":"inner"}},"clearTextFirst":true,"interactionType":"ENTER_TEXT"}]}
COMMAND: POST /session/aedcc668f48e21658cbc6750609d6355/execute/async - {"script":"<script> [1562 bytes]","args":[{"selector":{"id":"application-manageyards-display-component---NewYard--whmCheckBox","interaction":{"idSuffix":"CbBg"}},"wdio_ui5_key":"applicationmanageyards-display-component---NewYard--whmCheckBox"}]}
RESULT: {"script":"<script> [1562 bytes]","args":[{"selector":{"id":"application-manageyards-display-component---NewYard--whmCheckBox","interaction":{"idSuffix":"CbBg"}},"wdio_ui5_key":"applicationmanageyards-display-component---NewYard--whmCheckBox"}]}
RESULT: undefined
COMMAND: POST /session/aedcc668f48e21658cbc6750609d6355/element - {"using":"xpath","value":"//*[@id=\"application-manageyards-display-component---NewYard--whmCheckBox\"]"}
RESULT: {"using":"xpath","value":"//*[@id=\"application-manageyards-display-component---NewYard--whmCheckBox\"]"}
COMMAND: POST /session/aedcc668f48e21658cbc6750609d6355/element/f.8AFBB3AC1A82BF87553E3B2FEF1B5657.d.E215952FDAB29F2A913BA804615BDABE.e.11022/click - {}
RESULT: {}
COMMAND: GET /session/aedcc668f48e21658cbc6750609d6355/screenshot - {}
RESULT: {}
COMMAND: POST /session/aedcc668f48e21658cbc6750609d6355/element - {"using":"xpath","value":"//button[@data-kt=\"newYardSaveButton\"]"}
RESULT: {"using":"xpath","value":"//button[@data-kt=\"newYardSaveButton\"]"}
COMMAND: POST /session/aedcc668f48e21658cbc6750609d6355/element/f.8AFBB3AC1A82BF87553E3B2FEF1B5657.d.E215952FDAB29F2A913BA804615BDABE.e.10939/click - {}
RESULT: {}
COMMAND: GET /session/aedcc668f48e21658cbc6750609d6355/screenshot - {}
RESULT: {}
COMMAND: POST /session/aedcc668f48e21658cbc6750609d6355/element - {"using":"xpath","value":"//header[contains(@id, 'ObjectPageLayout-headerTitle')]/div[1]/div[2]/div[1]/span[1]"}
RESULT: {"using":"xpath","value":"//header[contains(@id, 'ObjectPageLayout-headerTitle')]/div[1]/div[2]/div[1]/span[1]"}
COMMAND: POST /session/aedcc668f48e21658cbc6750609d6355/elements - {"using":"xpath","value":"//header[contains(@id, 'ObjectPageLayout-headerTitle')]/div[1]/div[2]/div[1]/span[1]"}
RESULT: {"using":"xpath","value":"//header[contains(@id, 'ObjectPageLayout-headerTitle')]/div[1]/div[2]/div[1]/span[1]"}
COMMAND: POST /session/aedcc668f48e21658cbc6750609d6355/execute/sync - {"script":"<script> [56 bytes]","args":[{"element-6066-11e4-a52e-4f735466cecf":"f.8AFBB3AC1A82BF87553E3B2FEF1B5657.d.E215952FDAB29F2A913BA804615BDABE.e.11227","ELEMENT":"f.8AFBB3AC1A82BF87553E3B2FEF1B5657.d.E215952FDAB29F2A913BA804615BDABE.e.11227"}]}
RESULT: {"script":"<script> [56 bytes]","args":[{"element-6066-11e4-a52e-4f735466cecf":"f.8AFBB3AC1A82BF87553E3B2FEF1B5657.d.E215952FDAB29F2A913BA804615BDABE.e.11227","ELEMENT":"f.8AFBB3AC1A82BF87553E3B2FEF1B5657.d.E215952FDAB29F2A913BA804615BDABE.e.11227"}]}
COMMAND: GET /session/aedcc668f48e21658cbc6750609d6355/screenshot - {}
RESULT: {}
COMMAND: POST /session/aedcc668f48e21658cbc6750609d6355/element - {"using":"css selector","value":"#shell-header-logo"}
RESULT: {"using":"css selector","value":"#shell-header-logo"}
COMMAND: POST /session/aedcc668f48e21658cbc6750609d6355/element/f.8AFBB3AC1A82BF87553E3B2FEF1B5657.d.E215952FDAB29F2A913BA804615BDABE.e.10485/click - {}
RESULT: {}
COMMAND: GET /session/aedcc668f48e21658cbc6750609d6355/screenshot - {}
RESULT: {}
COMMAND: POST /session/aedcc668f48e21658cbc6750609d6355/execute/sync - {"script":"<script> [299 bytes]","args":[["getModel","getResource"]]}
RESULT: {"script":"<script> [299 bytes]","args":[["getModel","getResource"]]}
]]></system-out>
    </testcase>
    <testcase classname="chrome.135_0_7049_115.windows.Create_partner_US118246" name="Should create new external WHM partner" time="71.772">
      <system-out><![CDATA[
COMMAND: GET /session/aedcc668f48e21658cbc6750609d6355/screenshot - {}
COMMAND: POST /session/aedcc668f48e21658cbc6750609d6355/window/fullscreen - {}
RESULT: {}
RESULT: {}
RESULT: undefined
COMMAND: POST /session/aedcc668f48e21658cbc6750609d6355/element - {"using":"xpath","value":"//*[@id=\"__tile38\"]"}
RESULT: {"using":"xpath","value":"//*[@id=\"__tile38\"]"}
COMMAND: POST /session/aedcc668f48e21658cbc6750609d6355/element/f.8AFBB3AC1A82BF87553E3B2FEF1B5657.d.E215952FDAB29F2A913BA804615BDABE.e.8932/click - {}
RESULT: {}
COMMAND: POST /session/aedcc668f48e21658cbc6750609d6355/element - {"using":"xpath","value":"//button[@data-kt=\"addButton\"]"}
COMMAND: GET /session/aedcc668f48e21658cbc6750609d6355/screenshot - {}
RESULT: {"using":"xpath","value":"//button[@data-kt=\"addButton\"]"}
COMMAND: POST /session/aedcc668f48e21658cbc6750609d6355/elements - {"using":"xpath","value":"//button[@data-kt=\"addButton\"]"}
RESULT: {}
RESULT: {"using":"xpath","value":"//button[@data-kt=\"addButton\"]"}
COMMAND: POST /session/aedcc668f48e21658cbc6750609d6355/elements - {"using":"xpath","value":"//button[@data-kt=\"addButton\"]"}
RESULT: {"using":"xpath","value":"//button[@data-kt=\"addButton\"]"}
COMMAND: POST /session/aedcc668f48e21658cbc6750609d6355/element - {"using":"xpath","value":"//button[@data-kt=\"addButton\"]"}
RESULT: {"using":"xpath","value":"//button[@data-kt=\"addButton\"]"}
COMMAND: POST /session/aedcc668f48e21658cbc6750609d6355/execute/sync - {"script":"<script> [8489 bytes]","args":[{"element-6066-11e4-a52e-4f735466cecf":"f.8AFBB3AC1A82BF87553E3B2FEF1B5657.d.E215952FDAB29F2A913BA804615BDABE.e.11274","ELEMENT":"f.8AFBB3AC1A82BF87553E3B2FEF1B5657.d.E215952FDAB29F2A913BA804615BDABE.e.11274"}]}
RESULT: {"script":"<script> [8489 bytes]","args":[{"element-6066-11e4-a52e-4f735466cecf":"f.8AFBB3AC1A82BF87553E3B2FEF1B5657.d.E215952FDAB29F2A913BA804615BDABE.e.11274","ELEMENT":"f.8AFBB3AC1A82BF87553E3B2FEF1B5657.d.E215952FDAB29F2A913BA804615BDABE.e.11274"}]}
COMMAND: GET /session/aedcc668f48e21658cbc6750609d6355/element/f.8AFBB3AC1A82BF87553E3B2FEF1B5657.d.E215952FDAB29F2A913BA804615BDABE.e.11274/enabled - {}
COMMAND: GET /session/aedcc668f48e21658cbc6750609d6355/screenshot - {}
RESULT: {}
COMMAND: POST /session/aedcc668f48e21658cbc6750609d6355/execute/sync - {"script":"<script> [8489 bytes]","args":[{"element-6066-11e4-a52e-4f735466cecf":"f.8AFBB3AC1A82BF87553E3B2FEF1B5657.d.E215952FDAB29F2A913BA804615BDABE.e.11274","ELEMENT":"f.8AFBB3AC1A82BF87553E3B2FEF1B5657.d.E215952FDAB29F2A913BA804615BDABE.e.11274"}]}
COMMAND: GET /session/aedcc668f48e21658cbc6750609d6355/screenshot - {}
RESULT: {}
RESULT: {"script":"<script> [8489 bytes]","args":[{"element-6066-11e4-a52e-4f735466cecf":"f.8AFBB3AC1A82BF87553E3B2FEF1B5657.d.E215952FDAB29F2A913BA804615BDABE.e.11274","ELEMENT":"f.8AFBB3AC1A82BF87553E3B2FEF1B5657.d.E215952FDAB29F2A913BA804615BDABE.e.11274"}]}
COMMAND: POST /session/aedcc668f48e21658cbc6750609d6355/execute/sync - {"script":"<script> [5351 bytes]","args":[{"element-6066-11e4-a52e-4f735466cecf":"f.8AFBB3AC1A82BF87553E3B2FEF1B5657.d.E215952FDAB29F2A913BA804615BDABE.e.11274","ELEMENT":"f.8AFBB3AC1A82BF87553E3B2FEF1B5657.d.E215952FDAB29F2A913BA804615BDABE.e.11274"}]}
COMMAND: GET /session/aedcc668f48e21658cbc6750609d6355/screenshot - {}
RESULT: {}
RESULT: {"script":"<script> [5351 bytes]","args":[{"element-6066-11e4-a52e-4f735466cecf":"f.8AFBB3AC1A82BF87553E3B2FEF1B5657.d.E215952FDAB29F2A913BA804615BDABE.e.11274","ELEMENT":"f.8AFBB3AC1A82BF87553E3B2FEF1B5657.d.E215952FDAB29F2A913BA804615BDABE.e.11274"}]}
COMMAND: POST /session/aedcc668f48e21658cbc6750609d6355/element/f.8AFBB3AC1A82BF87553E3B2FEF1B5657.d.E215952FDAB29F2A913BA804615BDABE.e.11274/click - {}
COMMAND: GET /session/aedcc668f48e21658cbc6750609d6355/screenshot - {}
RESULT: {}
RESULT: {}
COMMAND: GET /session/aedcc668f48e21658cbc6750609d6355/screenshot - {}
RESULT: {}
RESULT: undefined
COMMAND: POST /session/aedcc668f48e21658cbc6750609d6355/execute/async - {"script":"<script> [776 bytes]","args":[{"enterText":"External Partner WDIO","selector":{"id":"application-managepartners-display-component---NewPartner--addressDetailDetailsName1","interaction":{"idSuffix":"inner"}},"clearTextFirst":true,"interactionType":"ENTER_TEXT"}]}
RESULT: {}
RESULT: {"script":"<script> [776 bytes]","args":[{"enterText":"External Partner WDIO","selector":{"id":"application-managepartners-display-component---NewPartner--addressDetailDetailsName1","interaction":{"idSuffix":"inner"}},"clearTextFirst":true,"interactionType":"ENTER_TEXT"}]}
RESULT: undefined
COMMAND: POST /session/aedcc668f48e21658cbc6750609d6355/element - {"using":"xpath","value":"//*[@id=\"application-managepartners-display-component---NewPartner--addressDetailDetailsLanguage-arrow\"]"}
RESULT: {"using":"xpath","value":"//*[@id=\"application-managepartners-display-component---NewPartner--addressDetailDetailsLanguage-arrow\"]"}
COMMAND: POST /session/aedcc668f48e21658cbc6750609d6355/element/f.8AFBB3AC1A82BF87553E3B2FEF1B5657.d.E215952FDAB29F2A913BA804615BDABE.e.11705/click - {}
RESULT: {}
COMMAND: POST /session/aedcc668f48e21658cbc6750609d6355/element - {"using":"xpath","value":"//span[contains(text(), \"English\")]"}
COMMAND: GET /session/aedcc668f48e21658cbc6750609d6355/screenshot - {}
RESULT: {"using":"xpath","value":"//span[contains(text(), \"English\")]"}
COMMAND: POST /session/aedcc668f48e21658cbc6750609d6355/element/f.8AFBB3AC1A82BF87553E3B2FEF1B5657.d.E215952FDAB29F2A913BA804615BDABE.e.11706/click - {}
RESULT: {}
RESULT: {}
COMMAND: GET /session/aedcc668f48e21658cbc6750609d6355/screenshot - {}
RESULT: {}
RESULT: undefined
COMMAND: POST /session/aedcc668f48e21658cbc6750609d6355/execute/async - {"script":"<script> [776 bytes]","args":[{"enterText":"Rosario","selector":{"id":"application-managepartners-display-component---NewPartner--addressDetailDetailsCity1","interaction":{"idSuffix":"inner"}},"clearTextFirst":true,"interactionType":"ENTER_TEXT"}]}
RESULT: {"script":"<script> [776 bytes]","args":[{"enterText":"Rosario","selector":{"id":"application-managepartners-display-component---NewPartner--addressDetailDetailsCity1","interaction":{"idSuffix":"inner"}},"clearTextFirst":true,"interactionType":"ENTER_TEXT"}]}
RESULT: undefined
COMMAND: POST /session/aedcc668f48e21658cbc6750609d6355/element - {"using":"xpath","value":"//*[@id=\"application-managepartners-display-component---NewPartner--addressDetailDetailsCountry-arrow\"]"}
RESULT: {"using":"xpath","value":"//*[@id=\"application-managepartners-display-component---NewPartner--addressDetailDetailsCountry-arrow\"]"}
COMMAND: POST /session/aedcc668f48e21658cbc6750609d6355/element/f.8AFBB3AC1A82BF87553E3B2FEF1B5657.d.E215952FDAB29F2A913BA804615BDABE.e.11691/click - {}
RESULT: {}
COMMAND: POST /session/aedcc668f48e21658cbc6750609d6355/element - {"using":"xpath","value":"//span[contains(text(), \"Argentina\")]"}
COMMAND: GET /session/aedcc668f48e21658cbc6750609d6355/screenshot - {}
RESULT: {"using":"xpath","value":"//span[contains(text(), \"Argentina\")]"}
COMMAND: POST /session/aedcc668f48e21658cbc6750609d6355/element/f.8AFBB3AC1A82BF87553E3B2FEF1B5657.d.E215952FDAB29F2A913BA804615BDABE.e.11707/click - {}
RESULT: {}
RESULT: {}
COMMAND: GET /session/aedcc668f48e21658cbc6750609d6355/screenshot - {}
RESULT: {}
COMMAND: POST /session/aedcc668f48e21658cbc6750609d6355/element - {"using":"xpath","value":"//bdi[contains(text(), \"Commercial\")]"}
RESULT: {"using":"xpath","value":"//bdi[contains(text(), \"Commercial\")]"}
COMMAND: POST /session/aedcc668f48e21658cbc6750609d6355/element/f.8AFBB3AC1A82BF87553E3B2FEF1B5657.d.E215952FDAB29F2A913BA804615BDABE.e.11708/click - {}
RESULT: {}
COMMAND: GET /session/aedcc668f48e21658cbc6750609d6355/screenshot - {}
RESULT: {}
RESULT: undefined
COMMAND: POST /session/aedcc668f48e21658cbc6750609d6355/element - {"using":"xpath","value":"//*[@id=\"application-managepartners-display-component---NewPartner--partnerDetailInternal-arrow\"]"}
RESULT: {"using":"xpath","value":"//*[@id=\"application-managepartners-display-component---NewPartner--partnerDetailInternal-arrow\"]"}
COMMAND: POST /session/aedcc668f48e21658cbc6750609d6355/element/f.8AFBB3AC1A82BF87553E3B2FEF1B5657.d.E215952FDAB29F2A913BA804615BDABE.e.11714/click - {}
RESULT: {}
COMMAND: POST /session/aedcc668f48e21658cbc6750609d6355/element - {"using":"xpath","value":"//span[contains(text(), \"External partner\")]"}
COMMAND: GET /session/aedcc668f48e21658cbc6750609d6355/screenshot - {}
RESULT: {"using":"xpath","value":"//span[contains(text(), \"External partner\")]"}
COMMAND: POST /session/aedcc668f48e21658cbc6750609d6355/element/f.8AFBB3AC1A82BF87553E3B2FEF1B5657.d.E215952FDAB29F2A913BA804615BDABE.e.11715/click - {}
RESULT: {}
RESULT: {}
RESULT: undefined
COMMAND: POST /session/aedcc668f48e21658cbc6750609d6355/element - {"using":"xpath","value":"//*[@id=\"application-managepartners-display-component---NewPartner--partnerDetailsCurrency-arrow\"]"}
COMMAND: GET /session/aedcc668f48e21658cbc6750609d6355/screenshot - {}
RESULT: {"using":"xpath","value":"//*[@id=\"application-managepartners-display-component---NewPartner--partnerDetailsCurrency-arrow\"]"}
COMMAND: POST /session/aedcc668f48e21658cbc6750609d6355/element/f.8AFBB3AC1A82BF87553E3B2FEF1B5657.d.E215952FDAB29F2A913BA804615BDABE.e.11720/click - {}
RESULT: {}
RESULT: {}
COMMAND: POST /session/aedcc668f48e21658cbc6750609d6355/element - {"using":"xpath","value":"//span[contains(text(), \"US Dollar\")]"}
COMMAND: GET /session/aedcc668f48e21658cbc6750609d6355/screenshot - {}
RESULT: {"using":"xpath","value":"//span[contains(text(), \"US Dollar\")]"}
COMMAND: POST /session/aedcc668f48e21658cbc6750609d6355/element/f.8AFBB3AC1A82BF87553E3B2FEF1B5657.d.E215952FDAB29F2A913BA804615BDABE.e.11721/click - {}
RESULT: {}
RESULT: {}
COMMAND: GET /session/aedcc668f48e21658cbc6750609d6355/screenshot - {}
RESULT: {}
COMMAND: POST /session/aedcc668f48e21658cbc6750609d6355/element - {"using":"xpath","value":"//input[@id=\"application-managepartners-display-component---NewPartner--companyCodeComboBox-inner\"]"}
RESULT: {"using":"xpath","value":"//input[@id=\"application-managepartners-display-component---NewPartner--companyCodeComboBox-inner\"]"}
COMMAND: POST /session/aedcc668f48e21658cbc6750609d6355/element/f.8AFBB3AC1A82BF87553E3B2FEF1B5657.d.E215952FDAB29F2A913BA804615BDABE.e.11575/clear - {}
RESULT: {}
COMMAND: POST /session/aedcc668f48e21658cbc6750609d6355/element/f.8AFBB3AC1A82BF87553E3B2FEF1B5657.d.E215952FDAB29F2A913BA804615BDABE.e.11575/value - {"text":"C002"}
COMMAND: GET /session/aedcc668f48e21658cbc6750609d6355/screenshot - {}
RESULT: {"text":"C002"}
COMMAND: GET /session/aedcc668f48e21658cbc6750609d6355/screenshot - {}
RESULT: {}
RESULT: {}
COMMAND: POST /session/aedcc668f48e21658cbc6750609d6355/element - {"using":"xpath","value":"//li[.//span[text()= \"C002\"]]"}
RESULT: {"using":"xpath","value":"//li[.//span[text()= \"C002\"]]"}
COMMAND: POST /session/aedcc668f48e21658cbc6750609d6355/element/f.8AFBB3AC1A82BF87553E3B2FEF1B5657.d.E215952FDAB29F2A913BA804615BDABE.e.11725/click - {}
RESULT: {}
COMMAND: GET /session/aedcc668f48e21658cbc6750609d6355/screenshot - {}
RESULT: {}
RESULT: undefined
COMMAND: POST /session/aedcc668f48e21658cbc6750609d6355/element - {"using":"xpath","value":"//*[@id=\"application-managepartners-display-component---NewPartner--btnAddTableRow-img\"]"}
RESULT: {"using":"xpath","value":"//*[@id=\"application-managepartners-display-component---NewPartner--btnAddTableRow-img\"]"}
COMMAND: POST /session/aedcc668f48e21658cbc6750609d6355/element/f.8AFBB3AC1A82BF87553E3B2FEF1B5657.d.E215952FDAB29F2A913BA804615BDABE.e.11726/click - {}
RESULT: {}
COMMAND: GET /session/aedcc668f48e21658cbc6750609d6355/screenshot - {}
RESULT: {}
COMMAND: POST /session/aedcc668f48e21658cbc6750609d6355/element - {"using":"xpath","value":"//input[@id=\"application-managepartners-display-component---NewPartner--assignmentYard-application-managepartners-display-component---NewPartner--assignmentsTable-0-inner\"]"}
RESULT: {"using":"xpath","value":"//input[@id=\"application-managepartners-display-component---NewPartner--assignmentYard-application-managepartners-display-component---NewPartner--assignmentsTable-0-inner\"]"}
COMMAND: POST /session/aedcc668f48e21658cbc6750609d6355/element/f.8AFBB3AC1A82BF87553E3B2FEF1B5657.d.E215952FDAB29F2A913BA804615BDABE.e.11729/clear - {}
RESULT: {}
COMMAND: POST /session/aedcc668f48e21658cbc6750609d6355/element/f.8AFBB3AC1A82BF87553E3B2FEF1B5657.d.E215952FDAB29F2A913BA804615BDABE.e.11729/value - {"text":"645"}
COMMAND: GET /session/aedcc668f48e21658cbc6750609d6355/screenshot - {}
RESULT: {"text":"645"}
COMMAND: GET /session/aedcc668f48e21658cbc6750609d6355/screenshot - {}
RESULT: {}
RESULT: {}
COMMAND: POST /session/aedcc668f48e21658cbc6750609d6355/element - {"using":"xpath","value":"//li[.//span[text()='645']]"}
RESULT: {"using":"xpath","value":"//li[.//span[text()='645']]"}
COMMAND: POST /session/aedcc668f48e21658cbc6750609d6355/element/f.8AFBB3AC1A82BF87553E3B2FEF1B5657.d.E215952FDAB29F2A913BA804615BDABE.e.11736/click - {}
RESULT: {}
COMMAND: GET /session/aedcc668f48e21658cbc6750609d6355/screenshot - {}
RESULT: {}
COMMAND: POST /session/aedcc668f48e21658cbc6750609d6355/actions - {"actions":[{"id":"action28","type":"key","parameters":{},"actions":[{"type":"keyDown","value":"î€‡"},{"type":"pause","duration":10},{"type":"keyUp","value":"î€‡"}]}]}
RESULT: {"actions":[{"id":"action28","type":"key","parameters":{},"actions":[{"type":"keyDown","value":"î€‡"},{"type":"pause","duration":10},{"type":"keyUp","value":"î€‡"}]}]}
COMMAND: POST /session/aedcc668f48e21658cbc6750609d6355/element - {"using":"xpath","value":"//td[contains(@id, \"assignmentsTable-0-cell2\")]/div/div"}
COMMAND: GET /session/aedcc668f48e21658cbc6750609d6355/screenshot - {}
RESULT: {"using":"xpath","value":"//td[contains(@id, \"assignmentsTable-0-cell2\")]/div/div"}
COMMAND: POST /session/aedcc668f48e21658cbc6750609d6355/element/f.8AFBB3AC1A82BF87553E3B2FEF1B5657.d.E215952FDAB29F2A913BA804615BDABE.e.11739/click - {}
RESULT: {}
RESULT: {}
COMMAND: GET /session/aedcc668f48e21658cbc6750609d6355/screenshot - {}
RESULT: {}
COMMAND: POST /session/aedcc668f48e21658cbc6750609d6355/element - {"using":"xpath","value":"//button[@data-kt=\"saveButton\"]"}
RESULT: {"using":"xpath","value":"//button[@data-kt=\"saveButton\"]"}
COMMAND: POST /session/aedcc668f48e21658cbc6750609d6355/element/f.8AFBB3AC1A82BF87553E3B2FEF1B5657.d.E215952FDAB29F2A913BA804615BDABE.e.11693/click - {}
RESULT: {}
COMMAND: GET /session/aedcc668f48e21658cbc6750609d6355/screenshot - {}
RESULT: {}
COMMAND: POST /session/aedcc668f48e21658cbc6750609d6355/element - {"using":"xpath","value":"//header[contains(@id, 'ObjectPageLayout-headerTitle')]/div[1]/div[2]/div[2]/span[1]"}
RESULT: {"using":"xpath","value":"//header[contains(@id, 'ObjectPageLayout-headerTitle')]/div[1]/div[2]/div[2]/span[1]"}
COMMAND: POST /session/aedcc668f48e21658cbc6750609d6355/elements - {"using":"xpath","value":"//header[contains(@id, 'ObjectPageLayout-headerTitle')]/div[1]/div[2]/div[2]/span[1]"}
RESULT: {"using":"xpath","value":"//header[contains(@id, 'ObjectPageLayout-headerTitle')]/div[1]/div[2]/div[2]/span[1]"}
COMMAND: POST /session/aedcc668f48e21658cbc6750609d6355/execute/sync - {"script":"<script> [56 bytes]","args":[{"element-6066-11e4-a52e-4f735466cecf":"f.8AFBB3AC1A82BF87553E3B2FEF1B5657.d.E215952FDAB29F2A913BA804615BDABE.e.11902","ELEMENT":"f.8AFBB3AC1A82BF87553E3B2FEF1B5657.d.E215952FDAB29F2A913BA804615BDABE.e.11902"}]}
RESULT: {"script":"<script> [56 bytes]","args":[{"element-6066-11e4-a52e-4f735466cecf":"f.8AFBB3AC1A82BF87553E3B2FEF1B5657.d.E215952FDAB29F2A913BA804615BDABE.e.11902","ELEMENT":"f.8AFBB3AC1A82BF87553E3B2FEF1B5657.d.E215952FDAB29F2A913BA804615BDABE.e.11902"}]}
COMMAND: POST /session/aedcc668f48e21658cbc6750609d6355/element - {"using":"css selector","value":"#shell-header-logo"}
COMMAND: GET /session/aedcc668f48e21658cbc6750609d6355/screenshot - {}
RESULT: {"using":"css selector","value":"#shell-header-logo"}
COMMAND: POST /session/aedcc668f48e21658cbc6750609d6355/element/f.8AFBB3AC1A82BF87553E3B2FEF1B5657.d.E215952FDAB29F2A913BA804615BDABE.e.11230/click - {}
RESULT: {}
RESULT: {}
COMMAND: GET /session/aedcc668f48e21658cbc6750609d6355/screenshot - {}
RESULT: {}
COMMAND: POST /session/aedcc668f48e21658cbc6750609d6355/execute/sync - {"script":"<script> [299 bytes]","args":[["getModel","getResource"]]}
RESULT: {"script":"<script> [299 bytes]","args":[["getModel","getResource"]]}
COMMAND: GET /session/aedcc668f48e21658cbc6750609d6355/screenshot - {}
RESULT: {}
COMMAND: DELETE /session/aedcc668f48e21658cbc6750609d6355 - {}
RESULT: {}
]]></system-out>
    </testcase>
  </testsuite>
</testsuites>