<?xml version="1.0" encoding="UTF-8"?>
<testsuites tests="21" failures="0" errors="0" skipped="0">
  <testsuite timestamp="2025-04-13T16:58:20" time="367.339" tests="3" failures="0" errors="0" skipped="0">
    <properties>
      <property name="specId" value="0"/>
      <property name="suiteName" value="Create condition pricing US117289 US134625"/>
      <property name="capabilities" value="chrome.135_0_7049_42.windows"/>
      <property name="file" value="file:///D:/a/1/s/test/specs/BTS/create-condition-pricing.spec.js"/>
    </properties>
    <testcase classname="chrome.135_0_7049_42.windows.Create_condition_pricing_US117289_US134625" name="Should create a new yard used for all following tests" time="122.215">
      <system-out><![CDATA[
COMMAND: POST /session/e1a2e03b1e5782e94bb1152ef752ddf0/window/fullscreen - {}
RESULT: {}
COMMAND: POST /session/e1a2e03b1e5782e94bb1152ef752ddf0/execute/async - {"script":"<script> [1562 bytes]","args":[{"selector":{"controlType":"sap.m.GenericTile","properties":{"header":"Manage Yards"}},"wdio_ui5_key":"sapm.GenericTile{\"header\":\"Manage Yards\"}"}]}
RESULT: {"script":"<script> [1562 bytes]","args":[{"selector":{"controlType":"sap.m.GenericTile","properties":{"header":"Manage Yards"}},"wdio_ui5_key":"sapm.GenericTile{\"header\":\"Manage Yards\"}"}]}
RESULT: undefined
COMMAND: POST /session/e1a2e03b1e5782e94bb1152ef752ddf0/element - {"using":"xpath","value":"//*[@id=\"__tile41\"]"}
RESULT: {"using":"xpath","value":"//*[@id=\"__tile41\"]"}
COMMAND: POST /session/e1a2e03b1e5782e94bb1152ef752ddf0/element/f.04D253A817E55EB22DFE9CF0F4375160.d.6E6E124E0B4C26026C63679C561D2D9F.e.147/click - {}
RESULT: {}
COMMAND: POST /session/e1a2e03b1e5782e94bb1152ef752ddf0/element - {"using":"xpath","value":"//button[@data-kt=\"addNewYardOverflowToolbarButton\"]"}
COMMAND: GET /session/e1a2e03b1e5782e94bb1152ef752ddf0/screenshot - {}
RESULT: {"using":"xpath","value":"//button[@data-kt=\"addNewYardOverflowToolbarButton\"]"}
COMMAND: POST /session/e1a2e03b1e5782e94bb1152ef752ddf0/elements - {"using":"xpath","value":"//button[@data-kt=\"addNewYardOverflowToolbarButton\"]"}
RESULT: {}
RESULT: {"using":"xpath","value":"//button[@data-kt=\"addNewYardOverflowToolbarButton\"]"}
COMMAND: POST /session/e1a2e03b1e5782e94bb1152ef752ddf0/elements - {"using":"xpath","value":"//button[@data-kt=\"addNewYardOverflowToolbarButton\"]"}
RESULT: {"using":"xpath","value":"//button[@data-kt=\"addNewYardOverflowToolbarButton\"]"}
COMMAND: POST /session/e1a2e03b1e5782e94bb1152ef752ddf0/elements - {"using":"xpath","value":"//button[@data-kt=\"addNewYardOverflowToolbarButton\"]"}
RESULT: {"using":"xpath","value":"//button[@data-kt=\"addNewYardOverflowToolbarButton\"]"}
COMMAND: POST /session/e1a2e03b1e5782e94bb1152ef752ddf0/elements - {"using":"xpath","value":"//button[@data-kt=\"addNewYardOverflowToolbarButton\"]"}
RESULT: {"using":"xpath","value":"//button[@data-kt=\"addNewYardOverflowToolbarButton\"]"}
COMMAND: POST /session/e1a2e03b1e5782e94bb1152ef752ddf0/elements - {"using":"xpath","value":"//button[@data-kt=\"addNewYardOverflowToolbarButton\"]"}
RESULT: {"using":"xpath","value":"//button[@data-kt=\"addNewYardOverflowToolbarButton\"]"}
COMMAND: POST /session/e1a2e03b1e5782e94bb1152ef752ddf0/elements - {"using":"xpath","value":"//button[@data-kt=\"addNewYardOverflowToolbarButton\"]"}
RESULT: {"using":"xpath","value":"//button[@data-kt=\"addNewYardOverflowToolbarButton\"]"}
COMMAND: POST /session/e1a2e03b1e5782e94bb1152ef752ddf0/elements - {"using":"xpath","value":"//button[@data-kt=\"addNewYardOverflowToolbarButton\"]"}
RESULT: {"using":"xpath","value":"//button[@data-kt=\"addNewYardOverflowToolbarButton\"]"}
COMMAND: POST /session/e1a2e03b1e5782e94bb1152ef752ddf0/elements - {"using":"xpath","value":"//button[@data-kt=\"addNewYardOverflowToolbarButton\"]"}
RESULT: {"using":"xpath","value":"//button[@data-kt=\"addNewYardOverflowToolbarButton\"]"}
COMMAND: POST /session/e1a2e03b1e5782e94bb1152ef752ddf0/elements - {"using":"xpath","value":"//button[@data-kt=\"addNewYardOverflowToolbarButton\"]"}
RESULT: {"using":"xpath","value":"//button[@data-kt=\"addNewYardOverflowToolbarButton\"]"}
COMMAND: POST /session/e1a2e03b1e5782e94bb1152ef752ddf0/elements - {"using":"xpath","value":"//button[@data-kt=\"addNewYardOverflowToolbarButton\"]"}
RESULT: {"using":"xpath","value":"//button[@data-kt=\"addNewYardOverflowToolbarButton\"]"}
COMMAND: POST /session/e1a2e03b1e5782e94bb1152ef752ddf0/elements - {"using":"xpath","value":"//button[@data-kt=\"addNewYardOverflowToolbarButton\"]"}
RESULT: {"using":"xpath","value":"//button[@data-kt=\"addNewYardOverflowToolbarButton\"]"}
COMMAND: POST /session/e1a2e03b1e5782e94bb1152ef752ddf0/elements - {"using":"xpath","value":"//button[@data-kt=\"addNewYardOverflowToolbarButton\"]"}
RESULT: {"using":"xpath","value":"//button[@data-kt=\"addNewYardOverflowToolbarButton\"]"}
COMMAND: POST /session/e1a2e03b1e5782e94bb1152ef752ddf0/elements - {"using":"xpath","value":"//button[@data-kt=\"addNewYardOverflowToolbarButton\"]"}
RESULT: {"using":"xpath","value":"//button[@data-kt=\"addNewYardOverflowToolbarButton\"]"}
COMMAND: POST /session/e1a2e03b1e5782e94bb1152ef752ddf0/elements - {"using":"xpath","value":"//button[@data-kt=\"addNewYardOverflowToolbarButton\"]"}
RESULT: {"using":"xpath","value":"//button[@data-kt=\"addNewYardOverflowToolbarButton\"]"}
COMMAND: POST /session/e1a2e03b1e5782e94bb1152ef752ddf0/elements - {"using":"xpath","value":"//button[@data-kt=\"addNewYardOverflowToolbarButton\"]"}
RESULT: {"using":"xpath","value":"//button[@data-kt=\"addNewYardOverflowToolbarButton\"]"}
COMMAND: POST /session/e1a2e03b1e5782e94bb1152ef752ddf0/elements - {"using":"xpath","value":"//button[@data-kt=\"addNewYardOverflowToolbarButton\"]"}
RESULT: {"using":"xpath","value":"//button[@data-kt=\"addNewYardOverflowToolbarButton\"]"}
COMMAND: POST /session/e1a2e03b1e5782e94bb1152ef752ddf0/elements - {"using":"xpath","value":"//button[@data-kt=\"addNewYardOverflowToolbarButton\"]"}
RESULT: {"using":"xpath","value":"//button[@data-kt=\"addNewYardOverflowToolbarButton\"]"}
COMMAND: POST /session/e1a2e03b1e5782e94bb1152ef752ddf0/elements - {"using":"xpath","value":"//button[@data-kt=\"addNewYardOverflowToolbarButton\"]"}
RESULT: {"using":"xpath","value":"//button[@data-kt=\"addNewYardOverflowToolbarButton\"]"}
COMMAND: POST /session/e1a2e03b1e5782e94bb1152ef752ddf0/elements - {"using":"xpath","value":"//button[@data-kt=\"addNewYardOverflowToolbarButton\"]"}
RESULT: {"using":"xpath","value":"//button[@data-kt=\"addNewYardOverflowToolbarButton\"]"}
COMMAND: POST /session/e1a2e03b1e5782e94bb1152ef752ddf0/elements - {"using":"xpath","value":"//button[@data-kt=\"addNewYardOverflowToolbarButton\"]"}
RESULT: {"using":"xpath","value":"//button[@data-kt=\"addNewYardOverflowToolbarButton\"]"}
COMMAND: POST /session/e1a2e03b1e5782e94bb1152ef752ddf0/elements - {"using":"xpath","value":"//button[@data-kt=\"addNewYardOverflowToolbarButton\"]"}
RESULT: {"using":"xpath","value":"//button[@data-kt=\"addNewYardOverflowToolbarButton\"]"}
COMMAND: POST /session/e1a2e03b1e5782e94bb1152ef752ddf0/elements - {"using":"xpath","value":"//button[@data-kt=\"addNewYardOverflowToolbarButton\"]"}
RESULT: {"using":"xpath","value":"//button[@data-kt=\"addNewYardOverflowToolbarButton\"]"}
COMMAND: POST /session/e1a2e03b1e5782e94bb1152ef752ddf0/elements - {"using":"xpath","value":"//button[@data-kt=\"addNewYardOverflowToolbarButton\"]"}
RESULT: {"using":"xpath","value":"//button[@data-kt=\"addNewYardOverflowToolbarButton\"]"}
COMMAND: POST /session/e1a2e03b1e5782e94bb1152ef752ddf0/elements - {"using":"xpath","value":"//button[@data-kt=\"addNewYardOverflowToolbarButton\"]"}
RESULT: {"using":"xpath","value":"//button[@data-kt=\"addNewYardOverflowToolbarButton\"]"}
COMMAND: POST /session/e1a2e03b1e5782e94bb1152ef752ddf0/elements - {"using":"xpath","value":"//button[@data-kt=\"addNewYardOverflowToolbarButton\"]"}
RESULT: {"using":"xpath","value":"//button[@data-kt=\"addNewYardOverflowToolbarButton\"]"}
COMMAND: POST /session/e1a2e03b1e5782e94bb1152ef752ddf0/elements - {"using":"xpath","value":"//button[@data-kt=\"addNewYardOverflowToolbarButton\"]"}
RESULT: {"using":"xpath","value":"//button[@data-kt=\"addNewYardOverflowToolbarButton\"]"}
COMMAND: POST /session/e1a2e03b1e5782e94bb1152ef752ddf0/elements - {"using":"xpath","value":"//button[@data-kt=\"addNewYardOverflowToolbarButton\"]"}
RESULT: {"using":"xpath","value":"//button[@data-kt=\"addNewYardOverflowToolbarButton\"]"}
COMMAND: POST /session/e1a2e03b1e5782e94bb1152ef752ddf0/elements - {"using":"xpath","value":"//button[@data-kt=\"addNewYardOverflowToolbarButton\"]"}
RESULT: {"using":"xpath","value":"//button[@data-kt=\"addNewYardOverflowToolbarButton\"]"}
COMMAND: POST /session/e1a2e03b1e5782e94bb1152ef752ddf0/elements - {"using":"xpath","value":"//button[@data-kt=\"addNewYardOverflowToolbarButton\"]"}
RESULT: {"using":"xpath","value":"//button[@data-kt=\"addNewYardOverflowToolbarButton\"]"}
COMMAND: POST /session/e1a2e03b1e5782e94bb1152ef752ddf0/elements - {"using":"xpath","value":"//button[@data-kt=\"addNewYardOverflowToolbarButton\"]"}
RESULT: {"using":"xpath","value":"//button[@data-kt=\"addNewYardOverflowToolbarButton\"]"}
COMMAND: POST /session/e1a2e03b1e5782e94bb1152ef752ddf0/elements - {"using":"xpath","value":"//button[@data-kt=\"addNewYardOverflowToolbarButton\"]"}
RESULT: {"using":"xpath","value":"//button[@data-kt=\"addNewYardOverflowToolbarButton\"]"}
COMMAND: POST /session/e1a2e03b1e5782e94bb1152ef752ddf0/elements - {"using":"xpath","value":"//button[@data-kt=\"addNewYardOverflowToolbarButton\"]"}
RESULT: {"using":"xpath","value":"//button[@data-kt=\"addNewYardOverflowToolbarButton\"]"}
COMMAND: POST /session/e1a2e03b1e5782e94bb1152ef752ddf0/elements - {"using":"xpath","value":"//button[@data-kt=\"addNewYardOverflowToolbarButton\"]"}
RESULT: {"using":"xpath","value":"//button[@data-kt=\"addNewYardOverflowToolbarButton\"]"}
COMMAND: POST /session/e1a2e03b1e5782e94bb1152ef752ddf0/elements - {"using":"xpath","value":"//button[@data-kt=\"addNewYardOverflowToolbarButton\"]"}
RESULT: {"using":"xpath","value":"//button[@data-kt=\"addNewYardOverflowToolbarButton\"]"}
COMMAND: POST /session/e1a2e03b1e5782e94bb1152ef752ddf0/elements - {"using":"xpath","value":"//button[@data-kt=\"addNewYardOverflowToolbarButton\"]"}
RESULT: {"using":"xpath","value":"//button[@data-kt=\"addNewYardOverflowToolbarButton\"]"}
COMMAND: POST /session/e1a2e03b1e5782e94bb1152ef752ddf0/elements - {"using":"xpath","value":"//button[@data-kt=\"addNewYardOverflowToolbarButton\"]"}
RESULT: {"using":"xpath","value":"//button[@data-kt=\"addNewYardOverflowToolbarButton\"]"}
COMMAND: POST /session/e1a2e03b1e5782e94bb1152ef752ddf0/elements - {"using":"xpath","value":"//button[@data-kt=\"addNewYardOverflowToolbarButton\"]"}
RESULT: {"using":"xpath","value":"//button[@data-kt=\"addNewYardOverflowToolbarButton\"]"}
COMMAND: POST /session/e1a2e03b1e5782e94bb1152ef752ddf0/elements - {"using":"xpath","value":"//button[@data-kt=\"addNewYardOverflowToolbarButton\"]"}
RESULT: {"using":"xpath","value":"//button[@data-kt=\"addNewYardOverflowToolbarButton\"]"}
COMMAND: POST /session/e1a2e03b1e5782e94bb1152ef752ddf0/element - {"using":"xpath","value":"//button[@data-kt=\"addNewYardOverflowToolbarButton\"]"}
RESULT: {"using":"xpath","value":"//button[@data-kt=\"addNewYardOverflowToolbarButton\"]"}
COMMAND: POST /session/e1a2e03b1e5782e94bb1152ef752ddf0/execute/sync - {"script":"<script> [8489 bytes]","args":[{"element-6066-11e4-a52e-4f735466cecf":"f.04D253A817E55EB22DFE9CF0F4375160.d.6E6E124E0B4C26026C63679C561D2D9F.e.181","ELEMENT":"f.04D253A817E55EB22DFE9CF0F4375160.d.6E6E124E0B4C26026C63679C561D2D9F.e.181"}]}
RESULT: {"script":"<script> [8489 bytes]","args":[{"element-6066-11e4-a52e-4f735466cecf":"f.04D253A817E55EB22DFE9CF0F4375160.d.6E6E124E0B4C26026C63679C561D2D9F.e.181","ELEMENT":"f.04D253A817E55EB22DFE9CF0F4375160.d.6E6E124E0B4C26026C63679C561D2D9F.e.181"}]}
COMMAND: GET /session/e1a2e03b1e5782e94bb1152ef752ddf0/element/f.04D253A817E55EB22DFE9CF0F4375160.d.6E6E124E0B4C26026C63679C561D2D9F.e.181/enabled - {}
COMMAND: GET /session/e1a2e03b1e5782e94bb1152ef752ddf0/screenshot - {}
RESULT: {}
COMMAND: POST /session/e1a2e03b1e5782e94bb1152ef752ddf0/execute/sync - {"script":"<script> [8489 bytes]","args":[{"element-6066-11e4-a52e-4f735466cecf":"f.04D253A817E55EB22DFE9CF0F4375160.d.6E6E124E0B4C26026C63679C561D2D9F.e.181","ELEMENT":"f.04D253A817E55EB22DFE9CF0F4375160.d.6E6E124E0B4C26026C63679C561D2D9F.e.181"}]}
COMMAND: GET /session/e1a2e03b1e5782e94bb1152ef752ddf0/screenshot - {}
RESULT: {}
RESULT: {"script":"<script> [8489 bytes]","args":[{"element-6066-11e4-a52e-4f735466cecf":"f.04D253A817E55EB22DFE9CF0F4375160.d.6E6E124E0B4C26026C63679C561D2D9F.e.181","ELEMENT":"f.04D253A817E55EB22DFE9CF0F4375160.d.6E6E124E0B4C26026C63679C561D2D9F.e.181"}]}
COMMAND: POST /session/e1a2e03b1e5782e94bb1152ef752ddf0/execute/sync - {"script":"<script> [5351 bytes]","args":[{"element-6066-11e4-a52e-4f735466cecf":"f.04D253A817E55EB22DFE9CF0F4375160.d.6E6E124E0B4C26026C63679C561D2D9F.e.181","ELEMENT":"f.04D253A817E55EB22DFE9CF0F4375160.d.6E6E124E0B4C26026C63679C561D2D9F.e.181"}]}
RESULT: {}
COMMAND: GET /session/e1a2e03b1e5782e94bb1152ef752ddf0/screenshot - {}
RESULT: {"script":"<script> [5351 bytes]","args":[{"element-6066-11e4-a52e-4f735466cecf":"f.04D253A817E55EB22DFE9CF0F4375160.d.6E6E124E0B4C26026C63679C561D2D9F.e.181","ELEMENT":"f.04D253A817E55EB22DFE9CF0F4375160.d.6E6E124E0B4C26026C63679C561D2D9F.e.181"}]}
COMMAND: POST /session/e1a2e03b1e5782e94bb1152ef752ddf0/element/f.04D253A817E55EB22DFE9CF0F4375160.d.6E6E124E0B4C26026C63679C561D2D9F.e.181/click - {}
COMMAND: GET /session/e1a2e03b1e5782e94bb1152ef752ddf0/screenshot - {}
RESULT: {}
RESULT: {}
COMMAND: GET /session/e1a2e03b1e5782e94bb1152ef752ddf0/screenshot - {}
COMMAND: POST /session/e1a2e03b1e5782e94bb1152ef752ddf0/element - {"using":"xpath","value":"//input[@id=\"application-manageyards-display-component---NewYard--yardId-inner\"]"}
RESULT: {}
RESULT: {}
RESULT: {"using":"xpath","value":"//input[@id=\"application-manageyards-display-component---NewYard--yardId-inner\"]"}
COMMAND: POST /session/e1a2e03b1e5782e94bb1152ef752ddf0/element - {"using":"xpath","value":"//input[@id=\"application-manageyards-display-component---NewYard--yardId-inner\"]"}
RESULT: {"using":"xpath","value":"//input[@id=\"application-manageyards-display-component---NewYard--yardId-inner\"]"}
COMMAND: POST /session/e1a2e03b1e5782e94bb1152ef752ddf0/execute/async - {"script":"<script> [1562 bytes]","args":[{"selector":{"id":"application-manageyards-display-component---NewYard--addressDetailDetailsName1","interaction":{"idSuffix":"inner"}},"wdio_ui5_key":"applicationmanageyards-display-component---NewYard--addressDetailDetailsName1"}]}
RESULT: {"script":"<script> [1562 bytes]","args":[{"selector":{"id":"application-manageyards-display-component---NewYard--addressDetailDetailsName1","interaction":{"idSuffix":"inner"}},"wdio_ui5_key":"applicationmanageyards-display-component---NewYard--addressDetailDetailsName1"}]}
RESULT: undefined
COMMAND: POST /session/e1a2e03b1e5782e94bb1152ef752ddf0/execute/async - {"script":"<script> [776 bytes]","args":[{"enterText":"DailyPrice WDIO","selector":{"id":"application-manageyards-display-component---NewYard--addressDetailDetailsName1","interaction":{"idSuffix":"inner"}},"clearTextFirst":true,"interactionType":"ENTER_TEXT"}]}
RESULT: {"script":"<script> [776 bytes]","args":[{"enterText":"DailyPrice WDIO","selector":{"id":"application-manageyards-display-component---NewYard--addressDetailDetailsName1","interaction":{"idSuffix":"inner"}},"clearTextFirst":true,"interactionType":"ENTER_TEXT"}]}
COMMAND: POST /session/e1a2e03b1e5782e94bb1152ef752ddf0/execute/async - {"script":"<script> [1562 bytes]","args":[{"selector":{"id":"application-manageyards-display-component---NewYard--addressDetailDetailsLanguage-arrow"},"wdio_ui5_key":"applicationmanageyards-display-component---NewYard--addressDetailDetailsLanguage-arrow"}]}
RESULT: {"script":"<script> [1562 bytes]","args":[{"selector":{"id":"application-manageyards-display-component---NewYard--addressDetailDetailsLanguage-arrow"},"wdio_ui5_key":"applicationmanageyards-display-component---NewYard--addressDetailDetailsLanguage-arrow"}]}
RESULT: undefined
COMMAND: POST /session/e1a2e03b1e5782e94bb1152ef752ddf0/element - {"using":"xpath","value":"//*[@id=\"application-manageyards-display-component---NewYard--addressDetailDetailsLanguage-arrow\"]"}
RESULT: {"using":"xpath","value":"//*[@id=\"application-manageyards-display-component---NewYard--addressDetailDetailsLanguage-arrow\"]"}
COMMAND: POST /session/e1a2e03b1e5782e94bb1152ef752ddf0/element/f.04D253A817E55EB22DFE9CF0F4375160.d.6E6E124E0B4C26026C63679C561D2D9F.e.606/click - {}
RESULT: {}
COMMAND: POST /session/e1a2e03b1e5782e94bb1152ef752ddf0/element - {"using":"xpath","value":"//span[contains(text(), \"English\")]"}
COMMAND: GET /session/e1a2e03b1e5782e94bb1152ef752ddf0/screenshot - {}
RESULT: {"using":"xpath","value":"//span[contains(text(), \"English\")]"}
COMMAND: POST /session/e1a2e03b1e5782e94bb1152ef752ddf0/element/f.04D253A817E55EB22DFE9CF0F4375160.d.6E6E124E0B4C26026C63679C561D2D9F.e.607/click - {}
RESULT: {}
RESULT: {}
COMMAND: POST /session/e1a2e03b1e5782e94bb1152ef752ddf0/execute/async - {"script":"<script> [1562 bytes]","args":[{"selector":{"id":"application-manageyards-display-component---NewYard--addressDetailDetailsCity1","interaction":{"idSuffix":"inner"}},"wdio_ui5_key":"applicationmanageyards-display-component---NewYard--addressDetailDetailsCity1"}]}
COMMAND: GET /session/e1a2e03b1e5782e94bb1152ef752ddf0/screenshot - {}
RESULT: {"script":"<script> [1562 bytes]","args":[{"selector":{"id":"application-manageyards-display-component---NewYard--addressDetailDetailsCity1","interaction":{"idSuffix":"inner"}},"wdio_ui5_key":"applicationmanageyards-display-component---NewYard--addressDetailDetailsCity1"}]}
RESULT: undefined
COMMAND: POST /session/e1a2e03b1e5782e94bb1152ef752ddf0/execute/async - {"script":"<script> [776 bytes]","args":[{"enterText":"Rosario","selector":{"id":"application-manageyards-display-component---NewYard--addressDetailDetailsCity1","interaction":{"idSuffix":"inner"}},"clearTextFirst":true,"interactionType":"ENTER_TEXT"}]}
RESULT: {}
RESULT: {"script":"<script> [776 bytes]","args":[{"enterText":"Rosario","selector":{"id":"application-manageyards-display-component---NewYard--addressDetailDetailsCity1","interaction":{"idSuffix":"inner"}},"clearTextFirst":true,"interactionType":"ENTER_TEXT"}]}
COMMAND: POST /session/e1a2e03b1e5782e94bb1152ef752ddf0/execute/async - {"script":"<script> [1562 bytes]","args":[{"selector":{"id":"application-manageyards-display-component---NewYard--addressDetailDetailsCountry-arrow"},"wdio_ui5_key":"applicationmanageyards-display-component---NewYard--addressDetailDetailsCountry-arrow"}]}
RESULT: {"script":"<script> [1562 bytes]","args":[{"selector":{"id":"application-manageyards-display-component---NewYard--addressDetailDetailsCountry-arrow"},"wdio_ui5_key":"applicationmanageyards-display-component---NewYard--addressDetailDetailsCountry-arrow"}]}
RESULT: undefined
COMMAND: POST /session/e1a2e03b1e5782e94bb1152ef752ddf0/element - {"using":"xpath","value":"//*[@id=\"application-manageyards-display-component---NewYard--addressDetailDetailsCountry-arrow\"]"}
RESULT: {"using":"xpath","value":"//*[@id=\"application-manageyards-display-component---NewYard--addressDetailDetailsCountry-arrow\"]"}
COMMAND: POST /session/e1a2e03b1e5782e94bb1152ef752ddf0/element/f.04D253A817E55EB22DFE9CF0F4375160.d.6E6E124E0B4C26026C63679C561D2D9F.e.609/click - {}
RESULT: {}
COMMAND: POST /session/e1a2e03b1e5782e94bb1152ef752ddf0/element - {"using":"xpath","value":"//span[contains(text(), \"Argentina\")]"}
COMMAND: GET /session/e1a2e03b1e5782e94bb1152ef752ddf0/screenshot - {}
RESULT: {"using":"xpath","value":"//span[contains(text(), \"Argentina\")]"}
COMMAND: POST /session/e1a2e03b1e5782e94bb1152ef752ddf0/element/f.04D253A817E55EB22DFE9CF0F4375160.d.6E6E124E0B4C26026C63679C561D2D9F.e.611/click - {}
RESULT: {}
RESULT: {}
COMMAND: POST /session/e1a2e03b1e5782e94bb1152ef752ddf0/execute/async - {"script":"<script> [1562 bytes]","args":[{"selector":{"id":"application-manageyards-display-component---NewYard--addressEditDetailsCostObjectCstType-arrow"},"wdio_ui5_key":"applicationmanageyards-display-component---NewYard--addressEditDetailsCostObjectCstType-arrow"}]}
COMMAND: GET /session/e1a2e03b1e5782e94bb1152ef752ddf0/screenshot - {}
RESULT: {"script":"<script> [1562 bytes]","args":[{"selector":{"id":"application-manageyards-display-component---NewYard--addressEditDetailsCostObjectCstType-arrow"},"wdio_ui5_key":"applicationmanageyards-display-component---NewYard--addressEditDetailsCostObjectCstType-arrow"}]}
RESULT: undefined
COMMAND: POST /session/e1a2e03b1e5782e94bb1152ef752ddf0/element - {"using":"xpath","value":"//*[@id=\"application-manageyards-display-component---NewYard--addressEditDetailsCostObjectCstType-arrow\"]"}
RESULT: {}
RESULT: {"using":"xpath","value":"//*[@id=\"application-manageyards-display-component---NewYard--addressEditDetailsCostObjectCstType-arrow\"]"}
COMMAND: POST /session/e1a2e03b1e5782e94bb1152ef752ddf0/element/f.04D253A817E55EB22DFE9CF0F4375160.d.6E6E124E0B4C26026C63679C561D2D9F.e.612/click - {}
RESULT: {}
COMMAND: POST /session/e1a2e03b1e5782e94bb1152ef752ddf0/element - {"using":"xpath","value":"//span[contains(text(), \"Cost Center\")]"}
COMMAND: GET /session/e1a2e03b1e5782e94bb1152ef752ddf0/screenshot - {}
RESULT: {"using":"xpath","value":"//span[contains(text(), \"Cost Center\")]"}
COMMAND: POST /session/e1a2e03b1e5782e94bb1152ef752ddf0/element/f.04D253A817E55EB22DFE9CF0F4375160.d.6E6E124E0B4C26026C63679C561D2D9F.e.613/click - {}
RESULT: {}
RESULT: {}
COMMAND: GET /session/e1a2e03b1e5782e94bb1152ef752ddf0/screenshot - {}
RESULT: {}
COMMAND: POST /session/e1a2e03b1e5782e94bb1152ef752ddf0/element - {"using":"xpath","value":"//span[@id=\"application-manageyards-display-component---NewYard--addressNewCostObjectCstID-vhi\"]"}
RESULT: {"using":"xpath","value":"//span[@id=\"application-manageyards-display-component---NewYard--addressNewCostObjectCstID-vhi\"]"}
COMMAND: POST /session/e1a2e03b1e5782e94bb1152ef752ddf0/execute/sync - {"script":"<script> [8489 bytes]","args":[{"element-6066-11e4-a52e-4f735466cecf":"f.04D253A817E55EB22DFE9CF0F4375160.d.6E6E124E0B4C26026C63679C561D2D9F.e.616","ELEMENT":"f.04D253A817E55EB22DFE9CF0F4375160.d.6E6E124E0B4C26026C63679C561D2D9F.e.616"}]}
RESULT: {"script":"<script> [8489 bytes]","args":[{"element-6066-11e4-a52e-4f735466cecf":"f.04D253A817E55EB22DFE9CF0F4375160.d.6E6E124E0B4C26026C63679C561D2D9F.e.616","ELEMENT":"f.04D253A817E55EB22DFE9CF0F4375160.d.6E6E124E0B4C26026C63679C561D2D9F.e.616"}]}
COMMAND: POST /session/e1a2e03b1e5782e94bb1152ef752ddf0/execute/async - {"script":"<script> [1562 bytes]","args":[{"selector":{"id":"application-manageyards-display-component---NewYard--addressNewCostObjectCstID-vhi"},"wdio_ui5_key":"applicationmanageyards-display-component---NewYard--addressNewCostObjectCstID-vhi"}]}
COMMAND: GET /session/e1a2e03b1e5782e94bb1152ef752ddf0/screenshot - {}
RESULT: {"script":"<script> [1562 bytes]","args":[{"selector":{"id":"application-manageyards-display-component---NewYard--addressNewCostObjectCstID-vhi"},"wdio_ui5_key":"applicationmanageyards-display-component---NewYard--addressNewCostObjectCstID-vhi"}]}
RESULT: undefined
COMMAND: POST /session/e1a2e03b1e5782e94bb1152ef752ddf0/element - {"using":"xpath","value":"//*[@id=\"application-manageyards-display-component---NewYard--addressNewCostObjectCstID-vhi\"]"}
RESULT: {}
RESULT: {"using":"xpath","value":"//*[@id=\"application-manageyards-display-component---NewYard--addressNewCostObjectCstID-vhi\"]"}
COMMAND: POST /session/e1a2e03b1e5782e94bb1152ef752ddf0/element/f.04D253A817E55EB22DFE9CF0F4375160.d.6E6E124E0B4C26026C63679C561D2D9F.e.616/click - {}
RESULT: {}
COMMAND: GET /session/e1a2e03b1e5782e94bb1152ef752ddf0/screenshot - {}
RESULT: {}
COMMAND: POST /session/e1a2e03b1e5782e94bb1152ef752ddf0/execute/async - {"script":"<script> [1562 bytes]","args":[{"selector":{"controlType":"sap.m.SearchField","properties":{"placeholder":"Search"},"searchOpenDialogs":true,"interaction":{"idSuffix":"I"}},"wdio_ui5_key":"sapm.SearchField{\"placeholder\":\"Search\"}"}]}
RESULT: {"script":"<script> [1562 bytes]","args":[{"selector":{"controlType":"sap.m.SearchField","properties":{"placeholder":"Search"},"searchOpenDialogs":true,"interaction":{"idSuffix":"I"}},"wdio_ui5_key":"sapm.SearchField{\"placeholder\":\"Search\"}"}]}
RESULT: undefined
COMMAND: POST /session/e1a2e03b1e5782e94bb1152ef752ddf0/execute/async - {"script":"<script> [776 bytes]","args":[{"enterText":"10001013","selector":{"controlType":"sap.m.SearchField","properties":{"placeholder":"Search"},"searchOpenDialogs":true,"interaction":{"idSuffix":"I"}},"clearTextFirst":true,"interactionType":"ENTER_TEXT"}]}
RESULT: {"script":"<script> [776 bytes]","args":[{"enterText":"10001013","selector":{"controlType":"sap.m.SearchField","properties":{"placeholder":"Search"},"searchOpenDialogs":true,"interaction":{"idSuffix":"I"}},"clearTextFirst":true,"interactionType":"ENTER_TEXT"}]}
COMMAND: POST /session/e1a2e03b1e5782e94bb1152ef752ddf0/actions - {"actions":[{"id":"action1","type":"key","parameters":{},"actions":[{"type":"keyDown","value":""},{"type":"pause","duration":10},{"type":"keyUp","value":""}]}]}
RESULT: {"actions":[{"id":"action1","type":"key","parameters":{},"actions":[{"type":"keyDown","value":""},{"type":"pause","duration":10},{"type":"keyUp","value":""}]}]}
COMMAND: GET /session/e1a2e03b1e5782e94bb1152ef752ddf0/screenshot - {}
RESULT: {}
COMMAND: POST /session/e1a2e03b1e5782e94bb1152ef752ddf0/element - {"using":"xpath","value":"//span[contains(text(), \"General Management\")]"}
RESULT: {"using":"xpath","value":"//span[contains(text(), \"General Management\")]"}
COMMAND: POST /session/e1a2e03b1e5782e94bb1152ef752ddf0/element/f.04D253A817E55EB22DFE9CF0F4375160.d.6E6E124E0B4C26026C63679C561D2D9F.e.657/click - {}
RESULT: {}
COMMAND: GET /session/e1a2e03b1e5782e94bb1152ef752ddf0/screenshot - {}
RESULT: {}
COMMAND: POST /session/e1a2e03b1e5782e94bb1152ef752ddf0/element - {"using":"xpath","value":"//bdi[contains(text(), \"OK\")]"}
RESULT: {"using":"xpath","value":"//bdi[contains(text(), \"OK\")]"}
COMMAND: POST /session/e1a2e03b1e5782e94bb1152ef752ddf0/element/f.04D253A817E55EB22DFE9CF0F4375160.d.6E6E124E0B4C26026C63679C561D2D9F.e.658/click - {}
RESULT: {}
COMMAND: GET /session/e1a2e03b1e5782e94bb1152ef752ddf0/screenshot - {}
RESULT: {}
COMMAND: POST /session/e1a2e03b1e5782e94bb1152ef752ddf0/execute/async - {"script":"<script> [1562 bytes]","args":[{"selector":{"id":"application-manageyards-display-component---NewYard--addressEditDetailsCurrency-arrow"},"wdio_ui5_key":"applicationmanageyards-display-component---NewYard--addressEditDetailsCurrency-arrow"}]}
RESULT: {"script":"<script> [1562 bytes]","args":[{"selector":{"id":"application-manageyards-display-component---NewYard--addressEditDetailsCurrency-arrow"},"wdio_ui5_key":"applicationmanageyards-display-component---NewYard--addressEditDetailsCurrency-arrow"}]}
RESULT: undefined
COMMAND: POST /session/e1a2e03b1e5782e94bb1152ef752ddf0/element - {"using":"xpath","value":"//*[@id=\"application-manageyards-display-component---NewYard--addressEditDetailsCurrency-arrow\"]"}
RESULT: {"using":"xpath","value":"//*[@id=\"application-manageyards-display-component---NewYard--addressEditDetailsCurrency-arrow\"]"}
COMMAND: POST /session/e1a2e03b1e5782e94bb1152ef752ddf0/element/f.04D253A817E55EB22DFE9CF0F4375160.d.6E6E124E0B4C26026C63679C561D2D9F.e.661/click - {}
RESULT: {}
COMMAND: POST /session/e1a2e03b1e5782e94bb1152ef752ddf0/element - {"using":"xpath","value":"//span[contains(text(), \"Euro\")]"}
COMMAND: GET /session/e1a2e03b1e5782e94bb1152ef752ddf0/screenshot - {}
RESULT: {"using":"xpath","value":"//span[contains(text(), \"Euro\")]"}
COMMAND: POST /session/e1a2e03b1e5782e94bb1152ef752ddf0/element/f.04D253A817E55EB22DFE9CF0F4375160.d.6E6E124E0B4C26026C63679C561D2D9F.e.662/click - {}
RESULT: {}
RESULT: {}
COMMAND: POST /session/e1a2e03b1e5782e94bb1152ef752ddf0/execute/async - {"script":"<script> [1562 bytes]","args":[{"selector":{"controlType":"sap.m.Input","viewName":"etm.portal.ui.manageyards.view.New","viewId":"application-manageyards-display-component---NewYard","bindingPath":{"path":"","propertyPath":"/CONTROLLING_AREA","modelName":"NewYardModel"},"interaction":{"idSuffix":"inner"}},"wdio_ui5_key":"etmportal.ui.manageyards.view.Newsap.m.Input{\"path\":\"\",\"propertyPath\":\"/CONTROLLING_AREA\",\"modelName\":\"NewYardModel\"}"}]}
COMMAND: GET /session/e1a2e03b1e5782e94bb1152ef752ddf0/screenshot - {}
RESULT: {"script":"<script> [1562 bytes]","args":[{"selector":{"controlType":"sap.m.Input","viewName":"etm.portal.ui.manageyards.view.New","viewId":"application-manageyards-display-component---NewYard","bindingPath":{"path":"","propertyPath":"/CONTROLLING_AREA","modelName":"NewYardModel"},"interaction":{"idSuffix":"inner"}},"wdio_ui5_key":"etmportal.ui.manageyards.view.Newsap.m.Input{\"path\":\"\",\"propertyPath\":\"/CONTROLLING_AREA\",\"modelName\":\"NewYardModel\"}"}]}
RESULT: undefined
COMMAND: POST /session/e1a2e03b1e5782e94bb1152ef752ddf0/execute/async - {"script":"<script> [776 bytes]","args":[{"enterText":"Z001","selector":{"controlType":"sap.m.Input","viewName":"etm.portal.ui.manageyards.view.New","viewId":"application-manageyards-display-component---NewYard","bindingPath":{"path":"","propertyPath":"/CONTROLLING_AREA","modelName":"NewYardModel"},"interaction":{"idSuffix":"inner"}},"clearTextFirst":true,"interactionType":"ENTER_TEXT"}]}
RESULT: {}
RESULT: {"script":"<script> [776 bytes]","args":[{"enterText":"Z001","selector":{"controlType":"sap.m.Input","viewName":"etm.portal.ui.manageyards.view.New","viewId":"application-manageyards-display-component---NewYard","bindingPath":{"path":"","propertyPath":"/CONTROLLING_AREA","modelName":"NewYardModel"},"interaction":{"idSuffix":"inner"}},"clearTextFirst":true,"interactionType":"ENTER_TEXT"}]}
COMMAND: POST /session/e1a2e03b1e5782e94bb1152ef752ddf0/execute/async - {"script":"<script> [1562 bytes]","args":[{"selector":{"id":"application-manageyards-display-component---NewYard--companyCodeComboBox","interaction":{"idSuffix":"inner"}},"wdio_ui5_key":"applicationmanageyards-display-component---NewYard--companyCodeComboBox"}]}
RESULT: {"script":"<script> [1562 bytes]","args":[{"selector":{"id":"application-manageyards-display-component---NewYard--companyCodeComboBox","interaction":{"idSuffix":"inner"}},"wdio_ui5_key":"applicationmanageyards-display-component---NewYard--companyCodeComboBox"}]}
RESULT: undefined
COMMAND: POST /session/e1a2e03b1e5782e94bb1152ef752ddf0/execute/async - {"script":"<script> [776 bytes]","args":[{"enterText":"1000","selector":{"id":"application-manageyards-display-component---NewYard--companyCodeComboBox","interaction":{"idSuffix":"inner"}},"clearTextFirst":true,"interactionType":"ENTER_TEXT"}]}
RESULT: {"script":"<script> [776 bytes]","args":[{"enterText":"1000","selector":{"id":"application-manageyards-display-component---NewYard--companyCodeComboBox","interaction":{"idSuffix":"inner"}},"clearTextFirst":true,"interactionType":"ENTER_TEXT"}]}
COMMAND: POST /session/e1a2e03b1e5782e94bb1152ef752ddf0/execute/async - {"script":"<script> [1562 bytes]","args":[{"selector":{"controlType":"sap.m.Input","viewName":"etm.portal.ui.manageyards.view.New","viewId":"application-manageyards-display-component---NewYard","bindingPath":{"path":"","propertyPath":"/PLANT","modelName":"NewYardModel"},"interaction":{"idSuffix":"inner"}},"wdio_ui5_key":"etmportal.ui.manageyards.view.Newsap.m.Input{\"path\":\"\",\"propertyPath\":\"/PLANT\",\"modelName\":\"NewYardModel\"}"}]}
RESULT: {"script":"<script> [1562 bytes]","args":[{"selector":{"controlType":"sap.m.Input","viewName":"etm.portal.ui.manageyards.view.New","viewId":"application-manageyards-display-component---NewYard","bindingPath":{"path":"","propertyPath":"/PLANT","modelName":"NewYardModel"},"interaction":{"idSuffix":"inner"}},"wdio_ui5_key":"etmportal.ui.manageyards.view.Newsap.m.Input{\"path\":\"\",\"propertyPath\":\"/PLANT\",\"modelName\":\"NewYardModel\"}"}]}
RESULT: undefined
COMMAND: POST /session/e1a2e03b1e5782e94bb1152ef752ddf0/execute/async - {"script":"<script> [776 bytes]","args":[{"enterText":"1001","selector":{"controlType":"sap.m.Input","viewName":"etm.portal.ui.manageyards.view.New","viewId":"application-manageyards-display-component---NewYard","bindingPath":{"path":"","propertyPath":"/PLANT","modelName":"NewYardModel"},"interaction":{"idSuffix":"inner"}},"clearTextFirst":true,"interactionType":"ENTER_TEXT"}]}
RESULT: {"script":"<script> [776 bytes]","args":[{"enterText":"1001","selector":{"controlType":"sap.m.Input","viewName":"etm.portal.ui.manageyards.view.New","viewId":"application-manageyards-display-component---NewYard","bindingPath":{"path":"","propertyPath":"/PLANT","modelName":"NewYardModel"},"interaction":{"idSuffix":"inner"}},"clearTextFirst":true,"interactionType":"ENTER_TEXT"}]}
COMMAND: POST /session/e1a2e03b1e5782e94bb1152ef752ddf0/execute/async - {"script":"<script> [1562 bytes]","args":[{"selector":{"controlType":"sap.m.Input","viewName":"etm.portal.ui.manageyards.view.New","viewId":"application-manageyards-display-component---NewYard","bindingPath":{"path":"","propertyPath":"/SALES_AREA_VKORG","modelName":"NewYardModel"},"interaction":{"idSuffix":"inner"}},"wdio_ui5_key":"etmportal.ui.manageyards.view.Newsap.m.Input{\"path\":\"\",\"propertyPath\":\"/SALES_AREA_VKORG\",\"modelName\":\"NewYardModel\"}"}]}
RESULT: {"script":"<script> [1562 bytes]","args":[{"selector":{"controlType":"sap.m.Input","viewName":"etm.portal.ui.manageyards.view.New","viewId":"application-manageyards-display-component---NewYard","bindingPath":{"path":"","propertyPath":"/SALES_AREA_VKORG","modelName":"NewYardModel"},"interaction":{"idSuffix":"inner"}},"wdio_ui5_key":"etmportal.ui.manageyards.view.Newsap.m.Input{\"path\":\"\",\"propertyPath\":\"/SALES_AREA_VKORG\",\"modelName\":\"NewYardModel\"}"}]}
RESULT: undefined
COMMAND: POST /session/e1a2e03b1e5782e94bb1152ef752ddf0/execute/async - {"script":"<script> [776 bytes]","args":[{"enterText":"C002","selector":{"controlType":"sap.m.Input","viewName":"etm.portal.ui.manageyards.view.New","viewId":"application-manageyards-display-component---NewYard","bindingPath":{"path":"","propertyPath":"/SALES_AREA_VKORG","modelName":"NewYardModel"},"interaction":{"idSuffix":"inner"}},"clearTextFirst":true,"interactionType":"ENTER_TEXT"}]}
RESULT: {"script":"<script> [776 bytes]","args":[{"enterText":"C002","selector":{"controlType":"sap.m.Input","viewName":"etm.portal.ui.manageyards.view.New","viewId":"application-manageyards-display-component---NewYard","bindingPath":{"path":"","propertyPath":"/SALES_AREA_VKORG","modelName":"NewYardModel"},"interaction":{"idSuffix":"inner"}},"clearTextFirst":true,"interactionType":"ENTER_TEXT"}]}
COMMAND: POST /session/e1a2e03b1e5782e94bb1152ef752ddf0/execute/async - {"script":"<script> [1562 bytes]","args":[{"selector":{"controlType":"sap.m.Input","viewName":"etm.portal.ui.manageyards.view.New","viewId":"application-manageyards-display-component---NewYard","bindingPath":{"path":"","propertyPath":"/SALES_AREA_VTWEG","modelName":"NewYardModel"},"interaction":{"idSuffix":"inner"}},"wdio_ui5_key":"etmportal.ui.manageyards.view.Newsap.m.Input{\"path\":\"\",\"propertyPath\":\"/SALES_AREA_VTWEG\",\"modelName\":\"NewYardModel\"}"}]}
RESULT: {"script":"<script> [1562 bytes]","args":[{"selector":{"controlType":"sap.m.Input","viewName":"etm.portal.ui.manageyards.view.New","viewId":"application-manageyards-display-component---NewYard","bindingPath":{"path":"","propertyPath":"/SALES_AREA_VTWEG","modelName":"NewYardModel"},"interaction":{"idSuffix":"inner"}},"wdio_ui5_key":"etmportal.ui.manageyards.view.Newsap.m.Input{\"path\":\"\",\"propertyPath\":\"/SALES_AREA_VTWEG\",\"modelName\":\"NewYardModel\"}"}]}
RESULT: undefined
COMMAND: POST /session/e1a2e03b1e5782e94bb1152ef752ddf0/execute/async - {"script":"<script> [776 bytes]","args":[{"enterText":"C2","selector":{"controlType":"sap.m.Input","viewName":"etm.portal.ui.manageyards.view.New","viewId":"application-manageyards-display-component---NewYard","bindingPath":{"path":"","propertyPath":"/SALES_AREA_VTWEG","modelName":"NewYardModel"},"interaction":{"idSuffix":"inner"}},"clearTextFirst":true,"interactionType":"ENTER_TEXT"}]}
RESULT: {"script":"<script> [776 bytes]","args":[{"enterText":"C2","selector":{"controlType":"sap.m.Input","viewName":"etm.portal.ui.manageyards.view.New","viewId":"application-manageyards-display-component---NewYard","bindingPath":{"path":"","propertyPath":"/SALES_AREA_VTWEG","modelName":"NewYardModel"},"interaction":{"idSuffix":"inner"}},"clearTextFirst":true,"interactionType":"ENTER_TEXT"}]}
COMMAND: POST /session/e1a2e03b1e5782e94bb1152ef752ddf0/execute/async - {"script":"<script> [1562 bytes]","args":[{"selector":{"controlType":"sap.m.Input","viewName":"etm.portal.ui.manageyards.view.New","viewId":"application-manageyards-display-component---NewYard","bindingPath":{"path":"","propertyPath":"/SALES_AREA_SPART","modelName":"NewYardModel"},"interaction":{"idSuffix":"inner"}},"wdio_ui5_key":"etmportal.ui.manageyards.view.Newsap.m.Input{\"path\":\"\",\"propertyPath\":\"/SALES_AREA_SPART\",\"modelName\":\"NewYardModel\"}"}]}
RESULT: {"script":"<script> [1562 bytes]","args":[{"selector":{"controlType":"sap.m.Input","viewName":"etm.portal.ui.manageyards.view.New","viewId":"application-manageyards-display-component---NewYard","bindingPath":{"path":"","propertyPath":"/SALES_AREA_SPART","modelName":"NewYardModel"},"interaction":{"idSuffix":"inner"}},"wdio_ui5_key":"etmportal.ui.manageyards.view.Newsap.m.Input{\"path\":\"\",\"propertyPath\":\"/SALES_AREA_SPART\",\"modelName\":\"NewYardModel\"}"}]}
RESULT: undefined
COMMAND: POST /session/e1a2e03b1e5782e94bb1152ef752ddf0/execute/async - {"script":"<script> [776 bytes]","args":[{"enterText":"C2","selector":{"controlType":"sap.m.Input","viewName":"etm.portal.ui.manageyards.view.New","viewId":"application-manageyards-display-component---NewYard","bindingPath":{"path":"","propertyPath":"/SALES_AREA_SPART","modelName":"NewYardModel"},"interaction":{"idSuffix":"inner"}},"clearTextFirst":true,"interactionType":"ENTER_TEXT"}]}
RESULT: {"script":"<script> [776 bytes]","args":[{"enterText":"C2","selector":{"controlType":"sap.m.Input","viewName":"etm.portal.ui.manageyards.view.New","viewId":"application-manageyards-display-component---NewYard","bindingPath":{"path":"","propertyPath":"/SALES_AREA_SPART","modelName":"NewYardModel"},"interaction":{"idSuffix":"inner"}},"clearTextFirst":true,"interactionType":"ENTER_TEXT"}]}
COMMAND: POST /session/e1a2e03b1e5782e94bb1152ef752ddf0/execute/async - {"script":"<script> [1562 bytes]","args":[{"selector":{"controlType":"sap.m.Input","viewName":"etm.portal.ui.manageyards.view.New","viewId":"application-manageyards-display-component---NewYard","bindingPath":{"path":"","propertyPath":"/SHIP_POINT","modelName":"NewYardModel"},"interaction":{"idSuffix":"inner"}},"wdio_ui5_key":"etmportal.ui.manageyards.view.Newsap.m.Input{\"path\":\"\",\"propertyPath\":\"/SHIP_POINT\",\"modelName\":\"NewYardModel\"}"}]}
RESULT: {"script":"<script> [1562 bytes]","args":[{"selector":{"controlType":"sap.m.Input","viewName":"etm.portal.ui.manageyards.view.New","viewId":"application-manageyards-display-component---NewYard","bindingPath":{"path":"","propertyPath":"/SHIP_POINT","modelName":"NewYardModel"},"interaction":{"idSuffix":"inner"}},"wdio_ui5_key":"etmportal.ui.manageyards.view.Newsap.m.Input{\"path\":\"\",\"propertyPath\":\"/SHIP_POINT\",\"modelName\":\"NewYardModel\"}"}]}
RESULT: undefined
COMMAND: POST /session/e1a2e03b1e5782e94bb1152ef752ddf0/execute/async - {"script":"<script> [776 bytes]","args":[{"enterText":"1710","selector":{"controlType":"sap.m.Input","viewName":"etm.portal.ui.manageyards.view.New","viewId":"application-manageyards-display-component---NewYard","bindingPath":{"path":"","propertyPath":"/SHIP_POINT","modelName":"NewYardModel"},"interaction":{"idSuffix":"inner"}},"clearTextFirst":true,"interactionType":"ENTER_TEXT"}]}
RESULT: {"script":"<script> [776 bytes]","args":[{"enterText":"1710","selector":{"controlType":"sap.m.Input","viewName":"etm.portal.ui.manageyards.view.New","viewId":"application-manageyards-display-component---NewYard","bindingPath":{"path":"","propertyPath":"/SHIP_POINT","modelName":"NewYardModel"},"interaction":{"idSuffix":"inner"}},"clearTextFirst":true,"interactionType":"ENTER_TEXT"}]}
COMMAND: POST /session/e1a2e03b1e5782e94bb1152ef752ddf0/execute/async - {"script":"<script> [1562 bytes]","args":[{"selector":{"controlType":"sap.m.Input","viewName":"etm.portal.ui.manageyards.view.New","viewId":"application-manageyards-display-component---NewYard","bindingPath":{"path":"","propertyPath":"/DELIVERY_TYPE","modelName":"NewYardModel"},"interaction":{"idSuffix":"inner"}},"wdio_ui5_key":"etmportal.ui.manageyards.view.Newsap.m.Input{\"path\":\"\",\"propertyPath\":\"/DELIVERY_TYPE\",\"modelName\":\"NewYardModel\"}"}]}
RESULT: {"script":"<script> [1562 bytes]","args":[{"selector":{"controlType":"sap.m.Input","viewName":"etm.portal.ui.manageyards.view.New","viewId":"application-manageyards-display-component---NewYard","bindingPath":{"path":"","propertyPath":"/DELIVERY_TYPE","modelName":"NewYardModel"},"interaction":{"idSuffix":"inner"}},"wdio_ui5_key":"etmportal.ui.manageyards.view.Newsap.m.Input{\"path\":\"\",\"propertyPath\":\"/DELIVERY_TYPE\",\"modelName\":\"NewYardModel\"}"}]}
RESULT: undefined
COMMAND: POST /session/e1a2e03b1e5782e94bb1152ef752ddf0/execute/async - {"script":"<script> [776 bytes]","args":[{"enterText":"ZL01","selector":{"controlType":"sap.m.Input","viewName":"etm.portal.ui.manageyards.view.New","viewId":"application-manageyards-display-component---NewYard","bindingPath":{"path":"","propertyPath":"/DELIVERY_TYPE","modelName":"NewYardModel"},"interaction":{"idSuffix":"inner"}},"clearTextFirst":true,"interactionType":"ENTER_TEXT"}]}
RESULT: {"script":"<script> [776 bytes]","args":[{"enterText":"ZL01","selector":{"controlType":"sap.m.Input","viewName":"etm.portal.ui.manageyards.view.New","viewId":"application-manageyards-display-component---NewYard","bindingPath":{"path":"","propertyPath":"/DELIVERY_TYPE","modelName":"NewYardModel"},"interaction":{"idSuffix":"inner"}},"clearTextFirst":true,"interactionType":"ENTER_TEXT"}]}
COMMAND: POST /session/e1a2e03b1e5782e94bb1152ef752ddf0/execute/async - {"script":"<script> [1562 bytes]","args":[{"selector":{"controlType":"sap.m.Input","viewName":"etm.portal.ui.manageyards.view.New","viewId":"application-manageyards-display-component---NewYard","bindingPath":{"path":"","propertyPath":"/AUART","modelName":"NewYardModel"},"interaction":{"idSuffix":"inner"}},"wdio_ui5_key":"etmportal.ui.manageyards.view.Newsap.m.Input{\"path\":\"\",\"propertyPath\":\"/AUART\",\"modelName\":\"NewYardModel\"}"}]}
RESULT: {"script":"<script> [1562 bytes]","args":[{"selector":{"controlType":"sap.m.Input","viewName":"etm.portal.ui.manageyards.view.New","viewId":"application-manageyards-display-component---NewYard","bindingPath":{"path":"","propertyPath":"/AUART","modelName":"NewYardModel"},"interaction":{"idSuffix":"inner"}},"wdio_ui5_key":"etmportal.ui.manageyards.view.Newsap.m.Input{\"path\":\"\",\"propertyPath\":\"/AUART\",\"modelName\":\"NewYardModel\"}"}]}
RESULT: undefined
COMMAND: POST /session/e1a2e03b1e5782e94bb1152ef752ddf0/execute/async - {"script":"<script> [776 bytes]","args":[{"enterText":"TA","selector":{"controlType":"sap.m.Input","viewName":"etm.portal.ui.manageyards.view.New","viewId":"application-manageyards-display-component---NewYard","bindingPath":{"path":"","propertyPath":"/AUART","modelName":"NewYardModel"},"interaction":{"idSuffix":"inner"}},"clearTextFirst":true,"interactionType":"ENTER_TEXT"}]}
RESULT: {"script":"<script> [776 bytes]","args":[{"enterText":"TA","selector":{"controlType":"sap.m.Input","viewName":"etm.portal.ui.manageyards.view.New","viewId":"application-manageyards-display-component---NewYard","bindingPath":{"path":"","propertyPath":"/AUART","modelName":"NewYardModel"},"interaction":{"idSuffix":"inner"}},"clearTextFirst":true,"interactionType":"ENTER_TEXT"}]}
COMMAND: POST /session/e1a2e03b1e5782e94bb1152ef752ddf0/element - {"using":"xpath","value":"//button[@data-kt=\"newYardSaveButton\"]"}
RESULT: {"using":"xpath","value":"//button[@data-kt=\"newYardSaveButton\"]"}
COMMAND: POST /session/e1a2e03b1e5782e94bb1152ef752ddf0/element/f.04D253A817E55EB22DFE9CF0F4375160.d.6E6E124E0B4C26026C63679C561D2D9F.e.590/click - {}
RESULT: {}
COMMAND: GET /session/e1a2e03b1e5782e94bb1152ef752ddf0/screenshot - {}
RESULT: {}
COMMAND: POST /session/e1a2e03b1e5782e94bb1152ef752ddf0/element - {"using":"xpath","value":"//header[contains(@id, 'ObjectPageLayout-headerTitle')]/div[1]/div[2]/div[1]/span[1]"}
RESULT: {"using":"xpath","value":"//header[contains(@id, 'ObjectPageLayout-headerTitle')]/div[1]/div[2]/div[1]/span[1]"}
COMMAND: POST /session/e1a2e03b1e5782e94bb1152ef752ddf0/elements - {"using":"xpath","value":"//header[contains(@id, 'ObjectPageLayout-headerTitle')]/div[1]/div[2]/div[1]/span[1]"}
RESULT: {"using":"xpath","value":"//header[contains(@id, 'ObjectPageLayout-headerTitle')]/div[1]/div[2]/div[1]/span[1]"}
COMMAND: POST /session/e1a2e03b1e5782e94bb1152ef752ddf0/execute/sync - {"script":"<script> [56 bytes]","args":[{"element-6066-11e4-a52e-4f735466cecf":"f.04D253A817E55EB22DFE9CF0F4375160.d.6E6E124E0B4C26026C63679C561D2D9F.e.889","ELEMENT":"f.04D253A817E55EB22DFE9CF0F4375160.d.6E6E124E0B4C26026C63679C561D2D9F.e.889"}]}
RESULT: {"script":"<script> [56 bytes]","args":[{"element-6066-11e4-a52e-4f735466cecf":"f.04D253A817E55EB22DFE9CF0F4375160.d.6E6E124E0B4C26026C63679C561D2D9F.e.889","ELEMENT":"f.04D253A817E55EB22DFE9CF0F4375160.d.6E6E124E0B4C26026C63679C561D2D9F.e.889"}]}
COMMAND: GET /session/e1a2e03b1e5782e94bb1152ef752ddf0/screenshot - {}
RESULT: {}
COMMAND: POST /session/e1a2e03b1e5782e94bb1152ef752ddf0/element - {"using":"css selector","value":"#shell-header-logo"}
RESULT: {"using":"css selector","value":"#shell-header-logo"}
COMMAND: POST /session/e1a2e03b1e5782e94bb1152ef752ddf0/element/f.04D253A817E55EB22DFE9CF0F4375160.d.6E6E124E0B4C26026C63679C561D2D9F.e.150/click - {}
RESULT: {}
COMMAND: GET /session/e1a2e03b1e5782e94bb1152ef752ddf0/screenshot - {}
RESULT: {}
]]></system-out>
    </testcase>
    <testcase classname="chrome.135_0_7049_42.windows.Create_condition_pricing_US117289_US134625" name="Should create a new equipment used for all following tests" time="132.064">
      <system-out><![CDATA[
COMMAND: POST /session/e1a2e03b1e5782e94bb1152ef752ddf0/execute/async - {"script":"<script> [1562 bytes]","args":[{"selector":{"controlType":"sap.m.GenericTile","properties":{"header":"Manage Resources"}},"wdio_ui5_key":"sapm.GenericTile{\"header\":\"Manage Resources\"}"}]}
RESULT: {"script":"<script> [1562 bytes]","args":[{"selector":{"controlType":"sap.m.GenericTile","properties":{"header":"Manage Resources"}},"wdio_ui5_key":"sapm.GenericTile{\"header\":\"Manage Resources\"}"}]}
RESULT: undefined
COMMAND: POST /session/e1a2e03b1e5782e94bb1152ef752ddf0/element - {"using":"xpath","value":"//*[@id=\"__tile39\"]"}
RESULT: {"using":"xpath","value":"//*[@id=\"__tile39\"]"}
COMMAND: POST /session/e1a2e03b1e5782e94bb1152ef752ddf0/element/f.04D253A817E55EB22DFE9CF0F4375160.d.6E6E124E0B4C26026C63679C561D2D9F.e.891/click - {}
RESULT: {}
COMMAND: POST /session/e1a2e03b1e5782e94bb1152ef752ddf0/element - {"using":"xpath","value":"//button[@data-kt=\"addNewRUOverflowToolbarButton\"]"}
COMMAND: GET /session/e1a2e03b1e5782e94bb1152ef752ddf0/screenshot - {}
RESULT: {"using":"xpath","value":"//button[@data-kt=\"addNewRUOverflowToolbarButton\"]"}
COMMAND: POST /session/e1a2e03b1e5782e94bb1152ef752ddf0/elements - {"using":"xpath","value":"//button[@data-kt=\"addNewRUOverflowToolbarButton\"]"}
RESULT: {}
RESULT: {"using":"xpath","value":"//button[@data-kt=\"addNewRUOverflowToolbarButton\"]"}
COMMAND: POST /session/e1a2e03b1e5782e94bb1152ef752ddf0/elements - {"using":"xpath","value":"//button[@data-kt=\"addNewRUOverflowToolbarButton\"]"}
RESULT: {"using":"xpath","value":"//button[@data-kt=\"addNewRUOverflowToolbarButton\"]"}
COMMAND: POST /session/e1a2e03b1e5782e94bb1152ef752ddf0/elements - {"using":"xpath","value":"//button[@data-kt=\"addNewRUOverflowToolbarButton\"]"}
RESULT: {"using":"xpath","value":"//button[@data-kt=\"addNewRUOverflowToolbarButton\"]"}
COMMAND: POST /session/e1a2e03b1e5782e94bb1152ef752ddf0/elements - {"using":"xpath","value":"//button[@data-kt=\"addNewRUOverflowToolbarButton\"]"}
RESULT: undefined
RESULT: undefined
RESULT: {"using":"xpath","value":"//button[@data-kt=\"addNewRUOverflowToolbarButton\"]"}
COMMAND: POST /session/e1a2e03b1e5782e94bb1152ef752ddf0/element - {"using":"xpath","value":"//button[@data-kt=\"addNewRUOverflowToolbarButton\"]"}
RESULT: {"using":"xpath","value":"//button[@data-kt=\"addNewRUOverflowToolbarButton\"]"}
COMMAND: POST /session/e1a2e03b1e5782e94bb1152ef752ddf0/execute/sync - {"script":"<script> [8489 bytes]","args":[{"element-6066-11e4-a52e-4f735466cecf":"f.04D253A817E55EB22DFE9CF0F4375160.d.6E6E124E0B4C26026C63679C561D2D9F.e.932","ELEMENT":"f.04D253A817E55EB22DFE9CF0F4375160.d.6E6E124E0B4C26026C63679C561D2D9F.e.932"}]}
RESULT: {"script":"<script> [8489 bytes]","args":[{"element-6066-11e4-a52e-4f735466cecf":"f.04D253A817E55EB22DFE9CF0F4375160.d.6E6E124E0B4C26026C63679C561D2D9F.e.932","ELEMENT":"f.04D253A817E55EB22DFE9CF0F4375160.d.6E6E124E0B4C26026C63679C561D2D9F.e.932"}]}
COMMAND: GET /session/e1a2e03b1e5782e94bb1152ef752ddf0/element/f.04D253A817E55EB22DFE9CF0F4375160.d.6E6E124E0B4C26026C63679C561D2D9F.e.932/enabled - {}
COMMAND: GET /session/e1a2e03b1e5782e94bb1152ef752ddf0/screenshot - {}
RESULT: {}
COMMAND: POST /session/e1a2e03b1e5782e94bb1152ef752ddf0/execute/sync - {"script":"<script> [8489 bytes]","args":[{"element-6066-11e4-a52e-4f735466cecf":"f.04D253A817E55EB22DFE9CF0F4375160.d.6E6E124E0B4C26026C63679C561D2D9F.e.932","ELEMENT":"f.04D253A817E55EB22DFE9CF0F4375160.d.6E6E124E0B4C26026C63679C561D2D9F.e.932"}]}
COMMAND: GET /session/e1a2e03b1e5782e94bb1152ef752ddf0/screenshot - {}
RESULT: {}
RESULT: {"script":"<script> [8489 bytes]","args":[{"element-6066-11e4-a52e-4f735466cecf":"f.04D253A817E55EB22DFE9CF0F4375160.d.6E6E124E0B4C26026C63679C561D2D9F.e.932","ELEMENT":"f.04D253A817E55EB22DFE9CF0F4375160.d.6E6E124E0B4C26026C63679C561D2D9F.e.932"}]}
COMMAND: POST /session/e1a2e03b1e5782e94bb1152ef752ddf0/execute/sync - {"script":"<script> [5351 bytes]","args":[{"element-6066-11e4-a52e-4f735466cecf":"f.04D253A817E55EB22DFE9CF0F4375160.d.6E6E124E0B4C26026C63679C561D2D9F.e.932","ELEMENT":"f.04D253A817E55EB22DFE9CF0F4375160.d.6E6E124E0B4C26026C63679C561D2D9F.e.932"}]}
COMMAND: GET /session/e1a2e03b1e5782e94bb1152ef752ddf0/screenshot - {}
RESULT: {}
RESULT: {"script":"<script> [5351 bytes]","args":[{"element-6066-11e4-a52e-4f735466cecf":"f.04D253A817E55EB22DFE9CF0F4375160.d.6E6E124E0B4C26026C63679C561D2D9F.e.932","ELEMENT":"f.04D253A817E55EB22DFE9CF0F4375160.d.6E6E124E0B4C26026C63679C561D2D9F.e.932"}]}
COMMAND: POST /session/e1a2e03b1e5782e94bb1152ef752ddf0/element/f.04D253A817E55EB22DFE9CF0F4375160.d.6E6E124E0B4C26026C63679C561D2D9F.e.932/click - {}
COMMAND: GET /session/e1a2e03b1e5782e94bb1152ef752ddf0/screenshot - {}
RESULT: {}
RESULT: {}
COMMAND: GET /session/e1a2e03b1e5782e94bb1152ef752ddf0/screenshot - {}
RESULT: {}
RESULT: {}
COMMAND: POST /session/e1a2e03b1e5782e94bb1152ef752ddf0/execute/async - {"script":"<script> [1562 bytes]","args":[{"selector":{"id":"application-manageresources-display-component---newResourceUnit--TYPE-arrow"},"wdio_ui5_key":"applicationmanageresources-display-component---newResourceUnit--TYPE-arrow"}]}
RESULT: {"script":"<script> [1562 bytes]","args":[{"selector":{"id":"application-manageresources-display-component---newResourceUnit--TYPE-arrow"},"wdio_ui5_key":"applicationmanageresources-display-component---newResourceUnit--TYPE-arrow"}]}
RESULT: undefined
COMMAND: POST /session/e1a2e03b1e5782e94bb1152ef752ddf0/element - {"using":"xpath","value":"//*[@id=\"application-manageresources-display-component---newResourceUnit--TYPE-arrow\"]"}
RESULT: {"using":"xpath","value":"//*[@id=\"application-manageresources-display-component---newResourceUnit--TYPE-arrow\"]"}
COMMAND: POST /session/e1a2e03b1e5782e94bb1152ef752ddf0/element/f.04D253A817E55EB22DFE9CF0F4375160.d.6E6E124E0B4C26026C63679C561D2D9F.e.1277/click - {}
RESULT: {}
COMMAND: POST /session/e1a2e03b1e5782e94bb1152ef752ddf0/element - {"using":"xpath","value":"//input[@id=\"application-manageresources-display-component---newResourceUnit--TYPE-inner\"]"}
COMMAND: GET /session/e1a2e03b1e5782e94bb1152ef752ddf0/screenshot - {}
RESULT: {"using":"xpath","value":"//input[@id=\"application-manageresources-display-component---newResourceUnit--TYPE-inner\"]"}
COMMAND: POST /session/e1a2e03b1e5782e94bb1152ef752ddf0/element/f.04D253A817E55EB22DFE9CF0F4375160.d.6E6E124E0B4C26026C63679C561D2D9F.e.1273/clear - {}
RESULT: {}
RESULT: {}
COMMAND: POST /session/e1a2e03b1e5782e94bb1152ef752ddf0/element/f.04D253A817E55EB22DFE9CF0F4375160.d.6E6E124E0B4C26026C63679C561D2D9F.e.1273/value - {"text":"Equipment"}
COMMAND: GET /session/e1a2e03b1e5782e94bb1152ef752ddf0/screenshot - {}
RESULT: {"text":"Equipment"}
COMMAND: GET /session/e1a2e03b1e5782e94bb1152ef752ddf0/screenshot - {}
RESULT: {}
RESULT: {}
COMMAND: POST /session/e1a2e03b1e5782e94bb1152ef752ddf0/actions - {"actions":[{"id":"action2","type":"key","parameters":{},"actions":[{"type":"keyDown","value":""},{"type":"pause","duration":10},{"type":"keyUp","value":""}]}]}
RESULT: {"actions":[{"id":"action2","type":"key","parameters":{},"actions":[{"type":"keyDown","value":""},{"type":"pause","duration":10},{"type":"keyUp","value":""}]}]}
COMMAND: POST /session/e1a2e03b1e5782e94bb1152ef752ddf0/execute/async - {"script":"<script> [1562 bytes]","args":[{"selector":{"id":"application-manageresources-display-component---newResourceUnit--resourceId","interaction":{"idSuffix":"inner"}},"wdio_ui5_key":"applicationmanageresources-display-component---newResourceUnit--resourceId"}]}
COMMAND: GET /session/e1a2e03b1e5782e94bb1152ef752ddf0/screenshot - {}
RESULT: {"script":"<script> [1562 bytes]","args":[{"selector":{"id":"application-manageresources-display-component---newResourceUnit--resourceId","interaction":{"idSuffix":"inner"}},"wdio_ui5_key":"applicationmanageresources-display-component---newResourceUnit--resourceId"}]}
RESULT: undefined
COMMAND: POST /session/e1a2e03b1e5782e94bb1152ef752ddf0/execute/async - {"script":"<script> [776 bytes]","args":[{"enterText":"gqWAAfGoQa","selector":{"id":"application-manageresources-display-component---newResourceUnit--resourceId","interaction":{"idSuffix":"inner"}},"clearTextFirst":true,"interactionType":"ENTER_TEXT"}]}
RESULT: {}
RESULT: {"script":"<script> [776 bytes]","args":[{"enterText":"gqWAAfGoQa","selector":{"id":"application-manageresources-display-component---newResourceUnit--resourceId","interaction":{"idSuffix":"inner"}},"clearTextFirst":true,"interactionType":"ENTER_TEXT"}]}
COMMAND: POST /session/e1a2e03b1e5782e94bb1152ef752ddf0/execute/async - {"script":"<script> [1562 bytes]","args":[{"selector":{"id":"application-manageresources-display-component---newResourceUnit--SHORT_TEXT","interaction":{"idSuffix":"inner"}},"wdio_ui5_key":"applicationmanageresources-display-component---newResourceUnit--SHORT_TEXT"}]}
RESULT: {"script":"<script> [1562 bytes]","args":[{"selector":{"id":"application-manageresources-display-component---newResourceUnit--SHORT_TEXT","interaction":{"idSuffix":"inner"}},"wdio_ui5_key":"applicationmanageresources-display-component---newResourceUnit--SHORT_TEXT"}]}
RESULT: undefined
COMMAND: POST /session/e1a2e03b1e5782e94bb1152ef752ddf0/execute/async - {"script":"<script> [776 bytes]","args":[{"enterText":"Intercompany Equipment WDIO","selector":{"id":"application-manageresources-display-component---newResourceUnit--SHORT_TEXT","interaction":{"idSuffix":"inner"}},"clearTextFirst":true,"interactionType":"ENTER_TEXT"}]}
RESULT: {"script":"<script> [776 bytes]","args":[{"enterText":"Intercompany Equipment WDIO","selector":{"id":"application-manageresources-display-component---newResourceUnit--SHORT_TEXT","interaction":{"idSuffix":"inner"}},"clearTextFirst":true,"interactionType":"ENTER_TEXT"}]}
COMMAND: POST /session/e1a2e03b1e5782e94bb1152ef752ddf0/execute/async - {"script":"<script> [1562 bytes]","args":[{"selector":{"id":"application-manageresources-display-component---newResourceUnit--BASE_UNIT_OF_MEASURE","interaction":{"idSuffix":"inner"}},"wdio_ui5_key":"applicationmanageresources-display-component---newResourceUnit--BASE_UNIT_OF_MEASURE"}]}
RESULT: {"script":"<script> [1562 bytes]","args":[{"selector":{"id":"application-manageresources-display-component---newResourceUnit--BASE_UNIT_OF_MEASURE","interaction":{"idSuffix":"inner"}},"wdio_ui5_key":"applicationmanageresources-display-component---newResourceUnit--BASE_UNIT_OF_MEASURE"}]}
RESULT: undefined
COMMAND: POST /session/e1a2e03b1e5782e94bb1152ef752ddf0/execute/async - {"script":"<script> [776 bytes]","args":[{"enterText":"Piece","selector":{"id":"application-manageresources-display-component---newResourceUnit--BASE_UNIT_OF_MEASURE","interaction":{"idSuffix":"inner"}},"clearTextFirst":true,"interactionType":"ENTER_TEXT"}]}
RESULT: {"script":"<script> [776 bytes]","args":[{"enterText":"Piece","selector":{"id":"application-manageresources-display-component---newResourceUnit--BASE_UNIT_OF_MEASURE","interaction":{"idSuffix":"inner"}},"clearTextFirst":true,"interactionType":"ENTER_TEXT"}]}
COMMAND: POST /session/e1a2e03b1e5782e94bb1152ef752ddf0/execute/async - {"script":"<script> [1562 bytes]","args":[{"selector":{"id":"application-manageresources-display-component---newResourceUnit--WEIGHT_UNIT","interaction":{"idSuffix":"inner"}},"wdio_ui5_key":"applicationmanageresources-display-component---newResourceUnit--WEIGHT_UNIT"}]}
RESULT: {"script":"<script> [1562 bytes]","args":[{"selector":{"id":"application-manageresources-display-component---newResourceUnit--WEIGHT_UNIT","interaction":{"idSuffix":"inner"}},"wdio_ui5_key":"applicationmanageresources-display-component---newResourceUnit--WEIGHT_UNIT"}]}
RESULT: undefined
COMMAND: POST /session/e1a2e03b1e5782e94bb1152ef752ddf0/execute/async - {"script":"<script> [776 bytes]","args":[{"enterText":"Gram","selector":{"id":"application-manageresources-display-component---newResourceUnit--WEIGHT_UNIT","interaction":{"idSuffix":"inner"}},"clearTextFirst":true,"interactionType":"ENTER_TEXT"}]}
RESULT: {"script":"<script> [776 bytes]","args":[{"enterText":"Gram","selector":{"id":"application-manageresources-display-component---newResourceUnit--WEIGHT_UNIT","interaction":{"idSuffix":"inner"}},"clearTextFirst":true,"interactionType":"ENTER_TEXT"}]}
COMMAND: POST /session/e1a2e03b1e5782e94bb1152ef752ddf0/execute/async - {"script":"<script> [1562 bytes]","args":[{"selector":{"id":"application-manageresources-display-component---newResourceUnit--DIMENSION_UNIT","interaction":{"idSuffix":"inner"}},"wdio_ui5_key":"applicationmanageresources-display-component---newResourceUnit--DIMENSION_UNIT"}]}
RESULT: {"script":"<script> [1562 bytes]","args":[{"selector":{"id":"application-manageresources-display-component---newResourceUnit--DIMENSION_UNIT","interaction":{"idSuffix":"inner"}},"wdio_ui5_key":"applicationmanageresources-display-component---newResourceUnit--DIMENSION_UNIT"}]}
RESULT: undefined
COMMAND: POST /session/e1a2e03b1e5782e94bb1152ef752ddf0/execute/async - {"script":"<script> [776 bytes]","args":[{"enterText":"Meter","selector":{"id":"application-manageresources-display-component---newResourceUnit--DIMENSION_UNIT","interaction":{"idSuffix":"inner"}},"clearTextFirst":true,"interactionType":"ENTER_TEXT"}]}
RESULT: {"script":"<script> [776 bytes]","args":[{"enterText":"Meter","selector":{"id":"application-manageresources-display-component---newResourceUnit--DIMENSION_UNIT","interaction":{"idSuffix":"inner"}},"clearTextFirst":true,"interactionType":"ENTER_TEXT"}]}
COMMAND: POST /session/e1a2e03b1e5782e94bb1152ef752ddf0/execute/async - {"script":"<script> [1562 bytes]","args":[{"selector":{"id":"application-manageresources-display-component---newResourceUnit--newRRUPage-anchBar-application-manageresources-display-component---newResourceUnit--control-anchor","interaction":{"idSuffix":"BDI-content"}},"wdio_ui5_key":"applicationmanageresources-display-component---newResourceUnit--newRRUPage-anchBar-application-manageresources-display-component---newResourceUnit--control-anchor"}]}
RESULT: {"script":"<script> [1562 bytes]","args":[{"selector":{"id":"application-manageresources-display-component---newResourceUnit--newRRUPage-anchBar-application-manageresources-display-component---newResourceUnit--control-anchor","interaction":{"idSuffix":"BDI-content"}},"wdio_ui5_key":"applicationmanageresources-display-component---newResourceUnit--newRRUPage-anchBar-application-manageresources-display-component---newResourceUnit--control-anchor"}]}
RESULT: undefined
COMMAND: POST /session/e1a2e03b1e5782e94bb1152ef752ddf0/element - {"using":"xpath","value":"//*[@id=\"application-manageresources-display-component---newResourceUnit--newRRUPage-anchBar-application-manageresources-display-component---newResourceUnit--control-anchor\"]"}
RESULT: {"using":"xpath","value":"//*[@id=\"application-manageresources-display-component---newResourceUnit--newRRUPage-anchBar-application-manageresources-display-component---newResourceUnit--control-anchor\"]"}
COMMAND: POST /session/e1a2e03b1e5782e94bb1152ef752ddf0/element/f.04D253A817E55EB22DFE9CF0F4375160.d.6E6E124E0B4C26026C63679C561D2D9F.e.1410/click - {}
RESULT: {}
COMMAND: POST /session/e1a2e03b1e5782e94bb1152ef752ddf0/execute/async - {"script":"<script> [1562 bytes]","args":[{"selector":{"id":"application-manageresources-display-component---newResourceUnit--PLANNING_GROUP","interaction":{"idSuffix":"inner"}},"wdio_ui5_key":"applicationmanageresources-display-component---newResourceUnit--PLANNING_GROUP"}]}
COMMAND: GET /session/e1a2e03b1e5782e94bb1152ef752ddf0/screenshot - {}
RESULT: {"script":"<script> [1562 bytes]","args":[{"selector":{"id":"application-manageresources-display-component---newResourceUnit--PLANNING_GROUP","interaction":{"idSuffix":"inner"}},"wdio_ui5_key":"applicationmanageresources-display-component---newResourceUnit--PLANNING_GROUP"}]}
RESULT: undefined
COMMAND: POST /session/e1a2e03b1e5782e94bb1152ef752ddf0/execute/async - {"script":"<script> [776 bytes]","args":[{"enterText":"Heavy Equi","selector":{"id":"application-manageresources-display-component---newResourceUnit--PLANNING_GROUP","interaction":{"idSuffix":"inner"}},"clearTextFirst":true,"interactionType":"ENTER_TEXT"}]}
RESULT: {}
RESULT: {"script":"<script> [776 bytes]","args":[{"enterText":"Heavy Equi","selector":{"id":"application-manageresources-display-component---newResourceUnit--PLANNING_GROUP","interaction":{"idSuffix":"inner"}},"clearTextFirst":true,"interactionType":"ENTER_TEXT"}]}
COMMAND: POST /session/e1a2e03b1e5782e94bb1152ef752ddf0/execute/async - {"script":"<script> [1562 bytes]","args":[{"selector":{"id":"application-manageresources-display-component---newResourceUnit--ITEM_TYPE-arrow"},"wdio_ui5_key":"applicationmanageresources-display-component---newResourceUnit--ITEM_TYPE-arrow"}]}
RESULT: {"script":"<script> [1562 bytes]","args":[{"selector":{"id":"application-manageresources-display-component---newResourceUnit--ITEM_TYPE-arrow"},"wdio_ui5_key":"applicationmanageresources-display-component---newResourceUnit--ITEM_TYPE-arrow"}]}
RESULT: undefined
COMMAND: POST /session/e1a2e03b1e5782e94bb1152ef752ddf0/element - {"using":"xpath","value":"//*[@id=\"application-manageresources-display-component---newResourceUnit--ITEM_TYPE-arrow\"]"}
RESULT: {"using":"xpath","value":"//*[@id=\"application-manageresources-display-component---newResourceUnit--ITEM_TYPE-arrow\"]"}
COMMAND: POST /session/e1a2e03b1e5782e94bb1152ef752ddf0/element/f.04D253A817E55EB22DFE9CF0F4375160.d.6E6E124E0B4C26026C63679C561D2D9F.e.1417/click - {}
RESULT: {}
COMMAND: POST /session/e1a2e03b1e5782e94bb1152ef752ddf0/element - {"using":"xpath","value":"(//span[contains(text(), \"Resource Unit\")])[2]"}
COMMAND: GET /session/e1a2e03b1e5782e94bb1152ef752ddf0/screenshot - {}
RESULT: {"using":"xpath","value":"(//span[contains(text(), \"Resource Unit\")])[2]"}
COMMAND: POST /session/e1a2e03b1e5782e94bb1152ef752ddf0/element/f.04D253A817E55EB22DFE9CF0F4375160.d.6E6E124E0B4C26026C63679C561D2D9F.e.1418/click - {}
RESULT: {}
RESULT: {}
COMMAND: GET /session/e1a2e03b1e5782e94bb1152ef752ddf0/screenshot - {}
RESULT: {}
COMMAND: POST /session/e1a2e03b1e5782e94bb1152ef752ddf0/element - {"using":"css selector","value":"#application-manageresources-display-component---newResourceUnit--btnAddTimeSegment"}
RESULT: {"using":"css selector","value":"#application-manageresources-display-component---newResourceUnit--btnAddTimeSegment"}
COMMAND: GET /session/e1a2e03b1e5782e94bb1152ef752ddf0/element/f.04D253A817E55EB22DFE9CF0F4375160.d.6E6E124E0B4C26026C63679C561D2D9F.e.1419/rect - {}
RESULT: {}
COMMAND: GET /session/e1a2e03b1e5782e94bb1152ef752ddf0/window/rect - {}
RESULT: {}
COMMAND: POST /session/e1a2e03b1e5782e94bb1152ef752ddf0/execute/sync - {"script":"<script> [92 bytes]","args":[]}
RESULT: {"script":"<script> [92 bytes]","args":[]}
COMMAND: POST /session/e1a2e03b1e5782e94bb1152ef752ddf0/actions - {"actions":[{"id":"action3","type":"wheel","parameters":{},"actions":[{"type":"scroll","x":-1888,"y":-32,"deltaX":0,"deltaY":0,"duration":0,"origin":{"element-6066-11e4-a52e-4f735466cecf":"f.04D253A817E55EB22DFE9CF0F4375160.d.6E6E124E0B4C26026C63679C561D2D9F.e.1419"}}]}]}
COMMAND: GET /session/e1a2e03b1e5782e94bb1152ef752ddf0/screenshot - {}
RESULT: {}
COMMAND: POST /session/e1a2e03b1e5782e94bb1152ef752ddf0/execute/sync - {"script":"<script> [79 bytes]","args":[{"element-6066-11e4-a52e-4f735466cecf":"f.04D253A817E55EB22DFE9CF0F4375160.d.6E6E124E0B4C26026C63679C561D2D9F.e.1419","ELEMENT":"f.04D253A817E55EB22DFE9CF0F4375160.d.6E6E124E0B4C26026C63679C561D2D9F.e.1419"},{"block":"start","inline":"nearest"}]}
RESULT: {"script":"<script> [79 bytes]","args":[{"element-6066-11e4-a52e-4f735466cecf":"f.04D253A817E55EB22DFE9CF0F4375160.d.6E6E124E0B4C26026C63679C561D2D9F.e.1419","ELEMENT":"f.04D253A817E55EB22DFE9CF0F4375160.d.6E6E124E0B4C26026C63679C561D2D9F.e.1419"},{"block":"start","inline":"nearest"}]}
COMMAND: POST /session/e1a2e03b1e5782e94bb1152ef752ddf0/execute/async - {"script":"<script> [1562 bytes]","args":[{"selector":{"id":"application-manageresources-display-component---newResourceUnit--btnAddTimeSegment","interaction":{"idSuffix":"inner"}},"wdio_ui5_key":"applicationmanageresources-display-component---newResourceUnit--btnAddTimeSegment"}]}
COMMAND: GET /session/e1a2e03b1e5782e94bb1152ef752ddf0/screenshot - {}
RESULT: {"script":"<script> [1562 bytes]","args":[{"selector":{"id":"application-manageresources-display-component---newResourceUnit--btnAddTimeSegment","interaction":{"idSuffix":"inner"}},"wdio_ui5_key":"applicationmanageresources-display-component---newResourceUnit--btnAddTimeSegment"}]}
RESULT: undefined
COMMAND: POST /session/e1a2e03b1e5782e94bb1152ef752ddf0/element - {"using":"xpath","value":"//*[@id=\"application-manageresources-display-component---newResourceUnit--btnAddTimeSegment\"]"}
RESULT: {}
RESULT: {"using":"xpath","value":"//*[@id=\"application-manageresources-display-component---newResourceUnit--btnAddTimeSegment\"]"}
COMMAND: POST /session/e1a2e03b1e5782e94bb1152ef752ddf0/element/f.04D253A817E55EB22DFE9CF0F4375160.d.6E6E124E0B4C26026C63679C561D2D9F.e.1419/click - {}
RESULT: {}
COMMAND: GET /session/e1a2e03b1e5782e94bb1152ef752ddf0/screenshot - {}
RESULT: {}
COMMAND: POST /session/e1a2e03b1e5782e94bb1152ef752ddf0/element - {"using":"xpath","value":"//input[@id=\"application-manageresources-display-component---newResourceUnit--idRuTSAdmin-application-manageresources-display-component---newResourceUnit--RUTimeSegment-0-inner\"]"}
RESULT: {"using":"xpath","value":"//input[@id=\"application-manageresources-display-component---newResourceUnit--idRuTSAdmin-application-manageresources-display-component---newResourceUnit--RUTimeSegment-0-inner\"]"}
COMMAND: POST /session/e1a2e03b1e5782e94bb1152ef752ddf0/element/f.04D253A817E55EB22DFE9CF0F4375160.d.6E6E124E0B4C26026C63679C561D2D9F.e.1425/clear - {}
RESULT: {}
COMMAND: POST /session/e1a2e03b1e5782e94bb1152ef752ddf0/element/f.04D253A817E55EB22DFE9CF0F4375160.d.6E6E124E0B4C26026C63679C561D2D9F.e.1425/value - {"text":"254"}
COMMAND: GET /session/e1a2e03b1e5782e94bb1152ef752ddf0/screenshot - {}
RESULT: {"text":"254"}
COMMAND: GET /session/e1a2e03b1e5782e94bb1152ef752ddf0/screenshot - {}
RESULT: {}
RESULT: {}
COMMAND: POST /session/e1a2e03b1e5782e94bb1152ef752ddf0/element - {"using":"xpath","value":"//li[.//span[text()='254']]"}
RESULT: {"using":"xpath","value":"//li[.//span[text()='254']]"}
COMMAND: POST /session/e1a2e03b1e5782e94bb1152ef752ddf0/element/f.04D253A817E55EB22DFE9CF0F4375160.d.6E6E124E0B4C26026C63679C561D2D9F.e.1437/click - {}
RESULT: {}
COMMAND: GET /session/e1a2e03b1e5782e94bb1152ef752ddf0/screenshot - {}
RESULT: {}
COMMAND: POST /session/e1a2e03b1e5782e94bb1152ef752ddf0/element - {"using":"xpath","value":"(//span[contains(@id, \"-application-manageresources-display-component---newResourceUnit--RUTimeSegment-0-arrow\")])[6]"}
RESULT: {"using":"xpath","value":"(//span[contains(@id, \"-application-manageresources-display-component---newResourceUnit--RUTimeSegment-0-arrow\")])[6]"}
COMMAND: POST /session/e1a2e03b1e5782e94bb1152ef752ddf0/element/f.04D253A817E55EB22DFE9CF0F4375160.d.6E6E124E0B4C26026C63679C561D2D9F.e.1438/click - {}
RESULT: {}
COMMAND: POST /session/e1a2e03b1e5782e94bb1152ef752ddf0/element - {"using":"xpath","value":"//span[contains(text(), \"PM Order\")]"}
COMMAND: GET /session/e1a2e03b1e5782e94bb1152ef752ddf0/screenshot - {}
RESULT: {"using":"xpath","value":"//span[contains(text(), \"PM Order\")]"}
COMMAND: POST /session/e1a2e03b1e5782e94bb1152ef752ddf0/element/f.04D253A817E55EB22DFE9CF0F4375160.d.6E6E124E0B4C26026C63679C561D2D9F.e.1441/click - {}
RESULT: {}
RESULT: {}
COMMAND: GET /session/e1a2e03b1e5782e94bb1152ef752ddf0/screenshot - {}
RESULT: {}
COMMAND: POST /session/e1a2e03b1e5782e94bb1152ef752ddf0/element - {"using":"xpath","value":"(//span[contains(@id ,\"manageresources-display-component---newResourceUnit--RUTimeSegment-0-vhi\")])[2]"}
RESULT: {"using":"xpath","value":"(//span[contains(@id ,\"manageresources-display-component---newResourceUnit--RUTimeSegment-0-vhi\")])[2]"}
COMMAND: POST /session/e1a2e03b1e5782e94bb1152ef752ddf0/element/f.04D253A817E55EB22DFE9CF0F4375160.d.6E6E124E0B4C26026C63679C561D2D9F.e.1444/click - {}
RESULT: {}
COMMAND: GET /session/e1a2e03b1e5782e94bb1152ef752ddf0/screenshot - {}
RESULT: {}
RESULT: undefined
COMMAND: POST /session/e1a2e03b1e5782e94bb1152ef752ddf0/execute/async - {"script":"<script> [776 bytes]","args":[{"enterText":"4000360","selector":{"controlType":"sap.m.SearchField","properties":{"placeholder":"Search"},"searchOpenDialogs":true,"interaction":{"idSuffix":"I"}},"clearTextFirst":true,"interactionType":"ENTER_TEXT"}]}
RESULT: {"script":"<script> [776 bytes]","args":[{"enterText":"4000360","selector":{"controlType":"sap.m.SearchField","properties":{"placeholder":"Search"},"searchOpenDialogs":true,"interaction":{"idSuffix":"I"}},"clearTextFirst":true,"interactionType":"ENTER_TEXT"}]}
COMMAND: POST /session/e1a2e03b1e5782e94bb1152ef752ddf0/actions - {"actions":[{"id":"action4","type":"key","parameters":{},"actions":[{"type":"keyDown","value":""},{"type":"pause","duration":10},{"type":"keyUp","value":""}]}]}
RESULT: {"actions":[{"id":"action4","type":"key","parameters":{},"actions":[{"type":"keyDown","value":""},{"type":"pause","duration":10},{"type":"keyUp","value":""}]}]}
COMMAND: GET /session/e1a2e03b1e5782e94bb1152ef752ddf0/screenshot - {}
RESULT: {}
COMMAND: POST /session/e1a2e03b1e5782e94bb1152ef752ddf0/element - {"using":"xpath","value":"//td/div/span[contains(text(), \"BGL Vehicles\")]"}
RESULT: {"using":"xpath","value":"//td/div/span[contains(text(), \"BGL Vehicles\")]"}
COMMAND: POST /session/e1a2e03b1e5782e94bb1152ef752ddf0/element/f.04D253A817E55EB22DFE9CF0F4375160.d.6E6E124E0B4C26026C63679C561D2D9F.e.1462/click - {}
RESULT: {}
COMMAND: GET /session/e1a2e03b1e5782e94bb1152ef752ddf0/screenshot - {}
RESULT: {}
COMMAND: POST /session/e1a2e03b1e5782e94bb1152ef752ddf0/element - {"using":"xpath","value":"//bdi[contains(text(), \"OK\")]"}
RESULT: {"using":"xpath","value":"//bdi[contains(text(), \"OK\")]"}
COMMAND: POST /session/e1a2e03b1e5782e94bb1152ef752ddf0/element/f.04D253A817E55EB22DFE9CF0F4375160.d.6E6E124E0B4C26026C63679C561D2D9F.e.1463/click - {}
RESULT: {}
COMMAND: GET /session/e1a2e03b1e5782e94bb1152ef752ddf0/screenshot - {}
RESULT: {}
COMMAND: POST /session/e1a2e03b1e5782e94bb1152ef752ddf0/execute/async - {"script":"<script> [1562 bytes]","args":[{"selector":{"id":"application-manageresources-display-component---newResourceUnit--newRRUPage-anchBar-application-manageresources-display-component---newResourceUnit--resource-anchor","interaction":{"idSuffix":"BDI-content"}},"wdio_ui5_key":"applicationmanageresources-display-component---newResourceUnit--newRRUPage-anchBar-application-manageresources-display-component---newResourceUnit--resource-anchor"}]}
RESULT: {"script":"<script> [1562 bytes]","args":[{"selector":{"id":"application-manageresources-display-component---newResourceUnit--newRRUPage-anchBar-application-manageresources-display-component---newResourceUnit--resource-anchor","interaction":{"idSuffix":"BDI-content"}},"wdio_ui5_key":"applicationmanageresources-display-component---newResourceUnit--newRRUPage-anchBar-application-manageresources-display-component---newResourceUnit--resource-anchor"}]}
RESULT: undefined
COMMAND: POST /session/e1a2e03b1e5782e94bb1152ef752ddf0/element - {"using":"xpath","value":"//*[@id=\"application-manageresources-display-component---newResourceUnit--newRRUPage-anchBar-application-manageresources-display-component---newResourceUnit--resource-anchor\"]"}
RESULT: {"using":"xpath","value":"//*[@id=\"application-manageresources-display-component---newResourceUnit--newRRUPage-anchBar-application-manageresources-display-component---newResourceUnit--resource-anchor\"]"}
COMMAND: POST /session/e1a2e03b1e5782e94bb1152ef752ddf0/element/f.04D253A817E55EB22DFE9CF0F4375160.d.6E6E124E0B4C26026C63679C561D2D9F.e.1467/click - {}
RESULT: {}
COMMAND: POST /session/e1a2e03b1e5782e94bb1152ef752ddf0/execute/async - {"script":"<script> [1562 bytes]","args":[{"selector":{"id":"application-manageresources-display-component---newResourceUnit--PLANNED_DELIVERY_DATE","interaction":{"idSuffix":"inner"}},"wdio_ui5_key":"applicationmanageresources-display-component---newResourceUnit--PLANNED_DELIVERY_DATE"}]}
COMMAND: GET /session/e1a2e03b1e5782e94bb1152ef752ddf0/screenshot - {}
RESULT: {"script":"<script> [1562 bytes]","args":[{"selector":{"id":"application-manageresources-display-component---newResourceUnit--PLANNED_DELIVERY_DATE","interaction":{"idSuffix":"inner"}},"wdio_ui5_key":"applicationmanageresources-display-component---newResourceUnit--PLANNED_DELIVERY_DATE"}]}
RESULT: undefined
COMMAND: POST /session/e1a2e03b1e5782e94bb1152ef752ddf0/execute/async - {"script":"<script> [6424 bytes]","args":[{"element-6066-11e4-a52e-4f735466cecf":"f.04D253A817E55EB22DFE9CF0F4375160.d.6E6E124E0B4C26026C63679C561D2D9F.e.1333"},"setValue",["4/13/25"]]}
RESULT: {}
RESULT: {"script":"<script> [6424 bytes]","args":[{"element-6066-11e4-a52e-4f735466cecf":"f.04D253A817E55EB22DFE9CF0F4375160.d.6E6E124E0B4C26026C63679C561D2D9F.e.1333"},"setValue",["4/13/25"]]}
COMMAND: POST /session/e1a2e03b1e5782e94bb1152ef752ddf0/element - {"using":"xpath","value":"//button[@data-kt=\"resourceUnitSaveButton\"]"}
RESULT: {"using":"xpath","value":"//button[@data-kt=\"resourceUnitSaveButton\"]"}
COMMAND: POST /session/e1a2e03b1e5782e94bb1152ef752ddf0/element/f.04D253A817E55EB22DFE9CF0F4375160.d.6E6E124E0B4C26026C63679C561D2D9F.e.1294/click - {}
RESULT: {}
COMMAND: GET /session/e1a2e03b1e5782e94bb1152ef752ddf0/screenshot - {}
RESULT: {}
COMMAND: POST /session/e1a2e03b1e5782e94bb1152ef752ddf0/element - {"using":"xpath","value":"//bdi[contains(text(), \"Close\")]"}
RESULT: {"using":"xpath","value":"//bdi[contains(text(), \"Close\")]"}
COMMAND: POST /session/e1a2e03b1e5782e94bb1152ef752ddf0/element/f.04D253A817E55EB22DFE9CF0F4375160.d.6E6E124E0B4C26026C63679C561D2D9F.e.1476/click - {}
RESULT: {}
COMMAND: GET /session/e1a2e03b1e5782e94bb1152ef752ddf0/screenshot - {}
RESULT: {}
COMMAND: POST /session/e1a2e03b1e5782e94bb1152ef752ddf0/element - {"using":"xpath","value":"(//button[contains(@id ,\"actionsToolbar-overflowButton\")])[1]"}
RESULT: {"using":"xpath","value":"(//button[contains(@id ,\"actionsToolbar-overflowButton\")])[1]"}
COMMAND: POST /session/e1a2e03b1e5782e94bb1152ef752ddf0/element/f.04D253A817E55EB22DFE9CF0F4375160.d.6E6E124E0B4C26026C63679C561D2D9F.e.1529/click - {}
RESULT: {}
COMMAND: GET /session/e1a2e03b1e5782e94bb1152ef752ddf0/screenshot - {}
RESULT: {}
COMMAND: POST /session/e1a2e03b1e5782e94bb1152ef752ddf0/element - {"using":"xpath","value":"//button[@data-kt=\"priceInfoButton\"]"}
RESULT: {"using":"xpath","value":"//button[@data-kt=\"priceInfoButton\"]"}
COMMAND: POST /session/e1a2e03b1e5782e94bb1152ef752ddf0/element/f.04D253A817E55EB22DFE9CF0F4375160.d.6E6E124E0B4C26026C63679C561D2D9F.e.1536/click - {}
RESULT: {}
COMMAND: GET /session/e1a2e03b1e5782e94bb1152ef752ddf0/screenshot - {}
RESULT: {}
COMMAND: POST /session/e1a2e03b1e5782e94bb1152ef752ddf0/element - {"using":"css selector","value":"#shell-header-logo"}
RESULT: {"using":"css selector","value":"#shell-header-logo"}
COMMAND: POST /session/e1a2e03b1e5782e94bb1152ef752ddf0/element/f.04D253A817E55EB22DFE9CF0F4375160.d.6E6E124E0B4C26026C63679C561D2D9F.e.894/click - {}
RESULT: {}
COMMAND: GET /session/e1a2e03b1e5782e94bb1152ef752ddf0/screenshot - {}
]]></system-out>
    </testcase>
    <testcase classname="chrome.135_0_7049_42.windows.Create_condition_pricing_US117289_US134625" name="Should create new condition" time="69.982">
      <system-out><![CDATA[
COMMAND: POST /session/e1a2e03b1e5782e94bb1152ef752ddf0/execute/async - {"script":"<script> [1562 bytes]","args":[{"selector":{"controlType":"sap.m.Text","properties":{"text":"Manage Conditions & Prices"},"interaction":{"idSuffix":"inner"}},"wdio_ui5_key":"sapm.Text{\"text\":\"Manage Conditions & Prices\"}"}]}
RESULT: {}
RESULT: {"script":"<script> [1562 bytes]","args":[{"selector":{"controlType":"sap.m.Text","properties":{"text":"Manage Conditions & Prices"},"interaction":{"idSuffix":"inner"}},"wdio_ui5_key":"sapm.Text{\"text\":\"Manage Conditions & Prices\"}"}]}
RESULT: undefined
COMMAND: POST /session/e1a2e03b1e5782e94bb1152ef752ddf0/element - {"using":"xpath","value":"//*[@id=\"__tile53-title\"]"}
RESULT: {"using":"xpath","value":"//*[@id=\"__tile53-title\"]"}
COMMAND: POST /session/e1a2e03b1e5782e94bb1152ef752ddf0/element/f.04D253A817E55EB22DFE9CF0F4375160.d.6E6E124E0B4C26026C63679C561D2D9F.e.1541/click - {}
RESULT: {}
COMMAND: POST /session/e1a2e03b1e5782e94bb1152ef752ddf0/element - {"using":"xpath","value":"//button[@aria-label=\"Create\"]"}
COMMAND: GET /session/e1a2e03b1e5782e94bb1152ef752ddf0/screenshot - {}
RESULT: {"using":"xpath","value":"//button[@aria-label=\"Create\"]"}
COMMAND: POST /session/e1a2e03b1e5782e94bb1152ef752ddf0/elements - {"using":"xpath","value":"//button[@aria-label=\"Create\"]"}
RESULT: {}
RESULT: {"using":"xpath","value":"//button[@aria-label=\"Create\"]"}
COMMAND: POST /session/e1a2e03b1e5782e94bb1152ef752ddf0/elements - {"using":"xpath","value":"//button[@aria-label=\"Create\"]"}
RESULT: {"using":"xpath","value":"//button[@aria-label=\"Create\"]"}
COMMAND: POST /session/e1a2e03b1e5782e94bb1152ef752ddf0/elements - {"using":"xpath","value":"//button[@aria-label=\"Create\"]"}
RESULT: {"using":"xpath","value":"//button[@aria-label=\"Create\"]"}
COMMAND: POST /session/e1a2e03b1e5782e94bb1152ef752ddf0/elements - {"using":"xpath","value":"//button[@aria-label=\"Create\"]"}
RESULT: {"using":"xpath","value":"//button[@aria-label=\"Create\"]"}
COMMAND: POST /session/e1a2e03b1e5782e94bb1152ef752ddf0/element - {"using":"xpath","value":"//button[@aria-label=\"Create\"]"}
RESULT: {"using":"xpath","value":"//button[@aria-label=\"Create\"]"}
COMMAND: POST /session/e1a2e03b1e5782e94bb1152ef752ddf0/execute/sync - {"script":"<script> [8489 bytes]","args":[{"element-6066-11e4-a52e-4f735466cecf":"f.04D253A817E55EB22DFE9CF0F4375160.d.6E6E124E0B4C26026C63679C561D2D9F.e.1576","ELEMENT":"f.04D253A817E55EB22DFE9CF0F4375160.d.6E6E124E0B4C26026C63679C561D2D9F.e.1576"}]}
RESULT: {"script":"<script> [8489 bytes]","args":[{"element-6066-11e4-a52e-4f735466cecf":"f.04D253A817E55EB22DFE9CF0F4375160.d.6E6E124E0B4C26026C63679C561D2D9F.e.1576","ELEMENT":"f.04D253A817E55EB22DFE9CF0F4375160.d.6E6E124E0B4C26026C63679C561D2D9F.e.1576"}]}
COMMAND: GET /session/e1a2e03b1e5782e94bb1152ef752ddf0/element/f.04D253A817E55EB22DFE9CF0F4375160.d.6E6E124E0B4C26026C63679C561D2D9F.e.1576/enabled - {}
COMMAND: GET /session/e1a2e03b1e5782e94bb1152ef752ddf0/screenshot - {}
RESULT: {}
COMMAND: POST /session/e1a2e03b1e5782e94bb1152ef752ddf0/execute/sync - {"script":"<script> [8489 bytes]","args":[{"element-6066-11e4-a52e-4f735466cecf":"f.04D253A817E55EB22DFE9CF0F4375160.d.6E6E124E0B4C26026C63679C561D2D9F.e.1576","ELEMENT":"f.04D253A817E55EB22DFE9CF0F4375160.d.6E6E124E0B4C26026C63679C561D2D9F.e.1576"}]}
COMMAND: GET /session/e1a2e03b1e5782e94bb1152ef752ddf0/screenshot - {}
RESULT: {}
RESULT: {"script":"<script> [8489 bytes]","args":[{"element-6066-11e4-a52e-4f735466cecf":"f.04D253A817E55EB22DFE9CF0F4375160.d.6E6E124E0B4C26026C63679C561D2D9F.e.1576","ELEMENT":"f.04D253A817E55EB22DFE9CF0F4375160.d.6E6E124E0B4C26026C63679C561D2D9F.e.1576"}]}
COMMAND: POST /session/e1a2e03b1e5782e94bb1152ef752ddf0/execute/sync - {"script":"<script> [5351 bytes]","args":[{"element-6066-11e4-a52e-4f735466cecf":"f.04D253A817E55EB22DFE9CF0F4375160.d.6E6E124E0B4C26026C63679C561D2D9F.e.1576","ELEMENT":"f.04D253A817E55EB22DFE9CF0F4375160.d.6E6E124E0B4C26026C63679C561D2D9F.e.1576"}]}
COMMAND: GET /session/e1a2e03b1e5782e94bb1152ef752ddf0/screenshot - {}
RESULT: {}
RESULT: {"script":"<script> [5351 bytes]","args":[{"element-6066-11e4-a52e-4f735466cecf":"f.04D253A817E55EB22DFE9CF0F4375160.d.6E6E124E0B4C26026C63679C561D2D9F.e.1576","ELEMENT":"f.04D253A817E55EB22DFE9CF0F4375160.d.6E6E124E0B4C26026C63679C561D2D9F.e.1576"}]}
COMMAND: POST /session/e1a2e03b1e5782e94bb1152ef752ddf0/element/f.04D253A817E55EB22DFE9CF0F4375160.d.6E6E124E0B4C26026C63679C561D2D9F.e.1576/click - {}
COMMAND: GET /session/e1a2e03b1e5782e94bb1152ef752ddf0/screenshot - {}
RESULT: {}
RESULT: {}
COMMAND: GET /session/e1a2e03b1e5782e94bb1152ef752ddf0/screenshot - {}
RESULT: {}
RESULT: {}
COMMAND: POST /session/e1a2e03b1e5782e94bb1152ef752ddf0/actions - {"actions":[{"id":"action5","type":"key","parameters":{},"actions":[{"type":"keyDown","value":""},{"type":"pause","duration":10},{"type":"keyUp","value":""}]}]}
RESULT: {"actions":[{"id":"action5","type":"key","parameters":{},"actions":[{"type":"keyDown","value":""},{"type":"pause","duration":10},{"type":"keyUp","value":""}]}]}
COMMAND: GET /session/e1a2e03b1e5782e94bb1152ef752ddf0/screenshot - {}
RESULT: {}
COMMAND: POST /session/e1a2e03b1e5782e94bb1152ef752ddf0/execute/async - {"script":"<script> [1562 bytes]","args":[{"selector":{"id":"application-manageconditionprice-display-component---newCondition--condBillCond-arrow"},"wdio_ui5_key":"applicationmanageconditionprice-display-component---newCondition--condBillCond-arrow"}]}
RESULT: {"script":"<script> [1562 bytes]","args":[{"selector":{"id":"application-manageconditionprice-display-component---newCondition--condBillCond-arrow"},"wdio_ui5_key":"applicationmanageconditionprice-display-component---newCondition--condBillCond-arrow"}]}
RESULT: undefined
COMMAND: POST /session/e1a2e03b1e5782e94bb1152ef752ddf0/element - {"using":"xpath","value":"//*[@id=\"application-manageconditionprice-display-component---newCondition--condBillCond-arrow\"]"}
RESULT: {"using":"xpath","value":"//*[@id=\"application-manageconditionprice-display-component---newCondition--condBillCond-arrow\"]"}
COMMAND: POST /session/e1a2e03b1e5782e94bb1152ef752ddf0/element/f.04D253A817E55EB22DFE9CF0F4375160.d.6E6E124E0B4C26026C63679C561D2D9F.e.1753/click - {}
RESULT: {}
COMMAND: GET /session/e1a2e03b1e5782e94bb1152ef752ddf0/screenshot - {}
RESULT: {}
COMMAND: POST /session/e1a2e03b1e5782e94bb1152ef752ddf0/element - {"using":"xpath","value":"//li[.//span[contains(text(), \"SAPR - Sales price\")]]"}
RESULT: {"using":"xpath","value":"//li[.//span[contains(text(), \"SAPR - Sales price\")]]"}
COMMAND: POST /session/e1a2e03b1e5782e94bb1152ef752ddf0/element/f.04D253A817E55EB22DFE9CF0F4375160.d.6E6E124E0B4C26026C63679C561D2D9F.e.1756/click - {}
RESULT: {}
COMMAND: GET /session/e1a2e03b1e5782e94bb1152ef752ddf0/screenshot - {}
RESULT: {}
COMMAND: POST /session/e1a2e03b1e5782e94bb1152ef752ddf0/execute/async - {"script":"<script> [1562 bytes]","args":[{"selector":{"id":"application-manageconditionprice-display-component---newCondition--condValidTo","interaction":{"idSuffix":"inner"}},"wdio_ui5_key":"applicationmanageconditionprice-display-component---newCondition--condValidTo"}]}
RESULT: {"script":"<script> [1562 bytes]","args":[{"selector":{"id":"application-manageconditionprice-display-component---newCondition--condValidTo","interaction":{"idSuffix":"inner"}},"wdio_ui5_key":"applicationmanageconditionprice-display-component---newCondition--condValidTo"}]}
RESULT: undefined
COMMAND: POST /session/e1a2e03b1e5782e94bb1152ef752ddf0/execute/async - {"script":"<script> [776 bytes]","args":[{"enterText":"12/13/25","selector":{"id":"application-manageconditionprice-display-component---newCondition--condValidTo","interaction":{"idSuffix":"inner"}},"clearTextFirst":true,"interactionType":"ENTER_TEXT"}]}
RESULT: {"script":"<script> [776 bytes]","args":[{"enterText":"12/13/25","selector":{"id":"application-manageconditionprice-display-component---newCondition--condValidTo","interaction":{"idSuffix":"inner"}},"clearTextFirst":true,"interactionType":"ENTER_TEXT"}]}
COMMAND: POST /session/e1a2e03b1e5782e94bb1152ef752ddf0/element - {"using":"xpath","value":"//input[@id=\"application-manageconditionprice-display-component---newCondition--condRU-inner\"]"}
RESULT: {"using":"xpath","value":"//input[@id=\"application-manageconditionprice-display-component---newCondition--condRU-inner\"]"}
COMMAND: POST /session/e1a2e03b1e5782e94bb1152ef752ddf0/element/f.04D253A817E55EB22DFE9CF0F4375160.d.6E6E124E0B4C26026C63679C561D2D9F.e.1620/clear - {}
RESULT: {}
COMMAND: POST /session/e1a2e03b1e5782e94bb1152ef752ddf0/element/f.04D253A817E55EB22DFE9CF0F4375160.d.6E6E124E0B4C26026C63679C561D2D9F.e.1620/value - {"text":"gqWAAfGoQa"}
COMMAND: GET /session/e1a2e03b1e5782e94bb1152ef752ddf0/screenshot - {}
RESULT: {"text":"gqWAAfGoQa"}
COMMAND: GET /session/e1a2e03b1e5782e94bb1152ef752ddf0/screenshot - {}
RESULT: {}
RESULT: {}
COMMAND: POST /session/e1a2e03b1e5782e94bb1152ef752ddf0/actions - {"actions":[{"id":"action6","type":"key","parameters":{},"actions":[{"type":"keyDown","value":""},{"type":"pause","duration":10},{"type":"keyUp","value":""}]}]}
RESULT: {"actions":[{"id":"action6","type":"key","parameters":{},"actions":[{"type":"keyDown","value":""},{"type":"pause","duration":10},{"type":"keyUp","value":""}]}]}
COMMAND: POST /session/e1a2e03b1e5782e94bb1152ef752ddf0/execute/async - {"script":"<script> [1562 bytes]","args":[{"selector":{"id":"application-manageconditionprice-display-component---newCondition--condBaseQty","interaction":{"idSuffix":"inner"}},"wdio_ui5_key":"applicationmanageconditionprice-display-component---newCondition--condBaseQty"}]}
COMMAND: GET /session/e1a2e03b1e5782e94bb1152ef752ddf0/screenshot - {}
RESULT: {"script":"<script> [1562 bytes]","args":[{"selector":{"id":"application-manageconditionprice-display-component---newCondition--condBaseQty","interaction":{"idSuffix":"inner"}},"wdio_ui5_key":"applicationmanageconditionprice-display-component---newCondition--condBaseQty"}]}
RESULT: undefined
COMMAND: POST /session/e1a2e03b1e5782e94bb1152ef752ddf0/execute/async - {"script":"<script> [776 bytes]","args":[{"enterText":"1","selector":{"id":"application-manageconditionprice-display-component---newCondition--condBaseQty","interaction":{"idSuffix":"inner"}},"clearTextFirst":true,"interactionType":"ENTER_TEXT"}]}
RESULT: {}
RESULT: {"script":"<script> [776 bytes]","args":[{"enterText":"1","selector":{"id":"application-manageconditionprice-display-component---newCondition--condBaseQty","interaction":{"idSuffix":"inner"}},"clearTextFirst":true,"interactionType":"ENTER_TEXT"}]}
COMMAND: POST /session/e1a2e03b1e5782e94bb1152ef752ddf0/execute/async - {"script":"<script> [1562 bytes]","args":[{"selector":{"id":"application-manageconditionprice-display-component---newCondition--condValue","interaction":{"idSuffix":"inner"}},"wdio_ui5_key":"applicationmanageconditionprice-display-component---newCondition--condValue"}]}
RESULT: {"script":"<script> [1562 bytes]","args":[{"selector":{"id":"application-manageconditionprice-display-component---newCondition--condValue","interaction":{"idSuffix":"inner"}},"wdio_ui5_key":"applicationmanageconditionprice-display-component---newCondition--condValue"}]}
RESULT: undefined
COMMAND: POST /session/e1a2e03b1e5782e94bb1152ef752ddf0/execute/async - {"script":"<script> [776 bytes]","args":[{"enterText":"200","selector":{"id":"application-manageconditionprice-display-component---newCondition--condValue","interaction":{"idSuffix":"inner"}},"clearTextFirst":true,"interactionType":"ENTER_TEXT"}]}
RESULT: {"script":"<script> [776 bytes]","args":[{"enterText":"200","selector":{"id":"application-manageconditionprice-display-component---newCondition--condValue","interaction":{"idSuffix":"inner"}},"clearTextFirst":true,"interactionType":"ENTER_TEXT"}]}
COMMAND: POST /session/e1a2e03b1e5782e94bb1152ef752ddf0/execute/async - {"script":"<script> [1562 bytes]","args":[{"selector":{"id":"application-manageconditionprice-display-component---newCondition--condCurr-arrow"},"wdio_ui5_key":"applicationmanageconditionprice-display-component---newCondition--condCurr-arrow"}]}
RESULT: {"script":"<script> [1562 bytes]","args":[{"selector":{"id":"application-manageconditionprice-display-component---newCondition--condCurr-arrow"},"wdio_ui5_key":"applicationmanageconditionprice-display-component---newCondition--condCurr-arrow"}]}
RESULT: undefined
COMMAND: POST /session/e1a2e03b1e5782e94bb1152ef752ddf0/element - {"using":"xpath","value":"//*[@id=\"application-manageconditionprice-display-component---newCondition--condCurr-arrow\"]"}
RESULT: {"using":"xpath","value":"//*[@id=\"application-manageconditionprice-display-component---newCondition--condCurr-arrow\"]"}
COMMAND: POST /session/e1a2e03b1e5782e94bb1152ef752ddf0/element/f.04D253A817E55EB22DFE9CF0F4375160.d.6E6E124E0B4C26026C63679C561D2D9F.e.1720/click - {}
RESULT: {}
COMMAND: POST /session/e1a2e03b1e5782e94bb1152ef752ddf0/element - {"using":"xpath","value":"//span[contains(text(), \"Euro\")]"}
COMMAND: GET /session/e1a2e03b1e5782e94bb1152ef752ddf0/screenshot - {}
RESULT: {"using":"xpath","value":"//span[contains(text(), \"Euro\")]"}
COMMAND: POST /session/e1a2e03b1e5782e94bb1152ef752ddf0/element/f.04D253A817E55EB22DFE9CF0F4375160.d.6E6E124E0B4C26026C63679C561D2D9F.e.1794/click - {}
RESULT: {}
RESULT: {}
COMMAND: POST /session/e1a2e03b1e5782e94bb1152ef752ddf0/element - {"using":"xpath","value":"//button[@data-kt=\"saveButton\"]"}
COMMAND: GET /session/e1a2e03b1e5782e94bb1152ef752ddf0/screenshot - {}
RESULT: {"using":"xpath","value":"//button[@data-kt=\"saveButton\"]"}
COMMAND: POST /session/e1a2e03b1e5782e94bb1152ef752ddf0/element/f.04D253A817E55EB22DFE9CF0F4375160.d.6E6E124E0B4C26026C63679C561D2D9F.e.1721/click - {}
RESULT: {}
RESULT: {}
COMMAND: GET /session/e1a2e03b1e5782e94bb1152ef752ddf0/screenshot - {}
RESULT: {}
COMMAND: POST /session/e1a2e03b1e5782e94bb1152ef752ddf0/execute/async - {"script":"<script> [1562 bytes]","args":[{"selector":{"id":"application-manageconditionprice-display-component---conditions--smartFilterBar-btnBasicSearch","interaction":{"idSuffix":"I"}},"wdio_ui5_key":"applicationmanageconditionprice-display-component---conditions--smartFilterBar-btnBasicSearch"}]}
RESULT: {"script":"<script> [1562 bytes]","args":[{"selector":{"id":"application-manageconditionprice-display-component---conditions--smartFilterBar-btnBasicSearch","interaction":{"idSuffix":"I"}},"wdio_ui5_key":"applicationmanageconditionprice-display-component---conditions--smartFilterBar-btnBasicSearch"}]}
RESULT: undefined
COMMAND: POST /session/e1a2e03b1e5782e94bb1152ef752ddf0/execute/async - {"script":"<script> [776 bytes]","args":[{"enterText":"gqWAAfGoQa","selector":{"id":"application-manageconditionprice-display-component---conditions--smartFilterBar-btnBasicSearch","interaction":{"idSuffix":"I"}},"clearTextFirst":true,"interactionType":"ENTER_TEXT"}]}
RESULT: {"script":"<script> [776 bytes]","args":[{"enterText":"gqWAAfGoQa","selector":{"id":"application-manageconditionprice-display-component---conditions--smartFilterBar-btnBasicSearch","interaction":{"idSuffix":"I"}},"clearTextFirst":true,"interactionType":"ENTER_TEXT"}]}
COMMAND: POST /session/e1a2e03b1e5782e94bb1152ef752ddf0/actions - {"actions":[{"id":"action7","type":"key","parameters":{},"actions":[{"type":"keyDown","value":""},{"type":"pause","duration":10},{"type":"keyUp","value":""}]}]}
RESULT: {"actions":[{"id":"action7","type":"key","parameters":{},"actions":[{"type":"keyDown","value":""},{"type":"pause","duration":10},{"type":"keyUp","value":""}]}]}
COMMAND: GET /session/e1a2e03b1e5782e94bb1152ef752ddf0/screenshot - {}
RESULT: {}
COMMAND: POST /session/e1a2e03b1e5782e94bb1152ef752ddf0/execute/async - {"script":"<script> [1562 bytes]","args":[{"selector":{"id":"application-manageconditionprice-display-component---conditions--smartFilterBar-filterItemControl_BASIC-BILL_TYPES-vhi"},"wdio_ui5_key":"applicationmanageconditionprice-display-component---conditions--smartFilterBar-filterItemControl_BASIC-BILL_TYPES-vhi"}]}
RESULT: {"script":"<script> [1562 bytes]","args":[{"selector":{"id":"application-manageconditionprice-display-component---conditions--smartFilterBar-filterItemControl_BASIC-BILL_TYPES-vhi"},"wdio_ui5_key":"applicationmanageconditionprice-display-component---conditions--smartFilterBar-filterItemControl_BASIC-BILL_TYPES-vhi"}]}
RESULT: undefined
COMMAND: POST /session/e1a2e03b1e5782e94bb1152ef752ddf0/element - {"using":"xpath","value":"//*[@id=\"application-manageconditionprice-display-component---conditions--smartFilterBar-filterItemControl_BASIC-BILL_TYPES-vhi\"]"}
RESULT: {"using":"xpath","value":"//*[@id=\"application-manageconditionprice-display-component---conditions--smartFilterBar-filterItemControl_BASIC-BILL_TYPES-vhi\"]"}
COMMAND: POST /session/e1a2e03b1e5782e94bb1152ef752ddf0/element/f.04D253A817E55EB22DFE9CF0F4375160.d.6E6E124E0B4C26026C63679C561D2D9F.e.1902/click - {}
RESULT: {}
COMMAND: POST /session/e1a2e03b1e5782e94bb1152ef752ddf0/execute/async - {"script":"<script> [1562 bytes]","args":[{"selector":{"id":"application-manageconditionprice-display-component---conditions--smartFilterBar-filterItemControl_BASIC-BILL_TYPES-valueHelpDialog-smartFilterBar-btnBasicSearch","searchOpenDialogs":true,"interaction":{"idSuffix":"I"}},"wdio_ui5_key":"applicationmanageconditionprice-display-component---conditions--smartFilterBar-filterItemControl_BASIC-BILL_TYPES-valueHelpDialog-smartFilterBar-btnBasicSearch"}]}
COMMAND: GET /session/e1a2e03b1e5782e94bb1152ef752ddf0/screenshot - {}
RESULT: {"script":"<script> [1562 bytes]","args":[{"selector":{"id":"application-manageconditionprice-display-component---conditions--smartFilterBar-filterItemControl_BASIC-BILL_TYPES-valueHelpDialog-smartFilterBar-btnBasicSearch","searchOpenDialogs":true,"interaction":{"idSuffix":"I"}},"wdio_ui5_key":"applicationmanageconditionprice-display-component---conditions--smartFilterBar-filterItemControl_BASIC-BILL_TYPES-valueHelpDialog-smartFilterBar-btnBasicSearch"}]}
RESULT: undefined
COMMAND: POST /session/e1a2e03b1e5782e94bb1152ef752ddf0/execute/async - {"script":"<script> [776 bytes]","args":[{"enterText":"one","selector":{"id":"application-manageconditionprice-display-component---conditions--smartFilterBar-filterItemControl_BASIC-BILL_TYPES-valueHelpDialog-smartFilterBar-btnBasicSearch","searchOpenDialogs":true,"interaction":{"idSuffix":"I"}},"clearTextFirst":true,"interactionType":"ENTER_TEXT"}]}
RESULT: {}
RESULT: {"script":"<script> [776 bytes]","args":[{"enterText":"one","selector":{"id":"application-manageconditionprice-display-component---conditions--smartFilterBar-filterItemControl_BASIC-BILL_TYPES-valueHelpDialog-smartFilterBar-btnBasicSearch","searchOpenDialogs":true,"interaction":{"idSuffix":"I"}},"clearTextFirst":true,"interactionType":"ENTER_TEXT"}]}
COMMAND: POST /session/e1a2e03b1e5782e94bb1152ef752ddf0/actions - {"actions":[{"id":"action8","type":"key","parameters":{},"actions":[{"type":"keyDown","value":""},{"type":"pause","duration":10},{"type":"keyUp","value":""}]}]}
RESULT: {"actions":[{"id":"action8","type":"key","parameters":{},"actions":[{"type":"keyDown","value":""},{"type":"pause","duration":10},{"type":"keyUp","value":""}]}]}
COMMAND: GET /session/e1a2e03b1e5782e94bb1152ef752ddf0/screenshot - {}
RESULT: {}
COMMAND: POST /session/e1a2e03b1e5782e94bb1152ef752ddf0/element - {"using":"xpath","value":"//div[contains(@id, 'application-manageconditionprice-display-component---conditions--smartFilterBar-filterItemControl_BASIC-BILL_TYPES-valueHelpDialog-table-rowsel0')]"}
RESULT: {"using":"xpath","value":"//div[contains(@id, 'application-manageconditionprice-display-component---conditions--smartFilterBar-filterItemControl_BASIC-BILL_TYPES-valueHelpDialog-table-rowsel0')]"}
COMMAND: POST /session/e1a2e03b1e5782e94bb1152ef752ddf0/element/f.04D253A817E55EB22DFE9CF0F4375160.d.6E6E124E0B4C26026C63679C561D2D9F.e.1912/click - {}
RESULT: {}
COMMAND: GET /session/e1a2e03b1e5782e94bb1152ef752ddf0/screenshot - {}
RESULT: {}
COMMAND: POST /session/e1a2e03b1e5782e94bb1152ef752ddf0/element - {"using":"xpath","value":"//bdi[contains(text(), \"OK\")]"}
RESULT: {"using":"xpath","value":"//bdi[contains(text(), \"OK\")]"}
COMMAND: POST /session/e1a2e03b1e5782e94bb1152ef752ddf0/element/f.04D253A817E55EB22DFE9CF0F4375160.d.6E6E124E0B4C26026C63679C561D2D9F.e.1914/click - {}
RESULT: {}
COMMAND: GET /session/e1a2e03b1e5782e94bb1152ef752ddf0/screenshot - {}
RESULT: {}
COMMAND: POST /session/e1a2e03b1e5782e94bb1152ef752ddf0/element - {"using":"xpath","value":"//span[@id=\"application-manageconditionprice-display-component---conditions--smartTable-header-inner\"]"}
RESULT: {"using":"xpath","value":"//span[@id=\"application-manageconditionprice-display-component---conditions--smartTable-header-inner\"]"}
COMMAND: POST /session/e1a2e03b1e5782e94bb1152ef752ddf0/elements - {"using":"xpath","value":"//span[@id=\"application-manageconditionprice-display-component---conditions--smartTable-header-inner\"]"}
RESULT: {"using":"xpath","value":"//span[@id=\"application-manageconditionprice-display-component---conditions--smartTable-header-inner\"]"}
COMMAND: POST /session/e1a2e03b1e5782e94bb1152ef752ddf0/execute/sync - {"script":"<script> [56 bytes]","args":[{"element-6066-11e4-a52e-4f735466cecf":"f.04D253A817E55EB22DFE9CF0F4375160.d.6E6E124E0B4C26026C63679C561D2D9F.e.1917","ELEMENT":"f.04D253A817E55EB22DFE9CF0F4375160.d.6E6E124E0B4C26026C63679C561D2D9F.e.1917"}]}
RESULT: {"script":"<script> [56 bytes]","args":[{"element-6066-11e4-a52e-4f735466cecf":"f.04D253A817E55EB22DFE9CF0F4375160.d.6E6E124E0B4C26026C63679C561D2D9F.e.1917","ELEMENT":"f.04D253A817E55EB22DFE9CF0F4375160.d.6E6E124E0B4C26026C63679C561D2D9F.e.1917"}]}
COMMAND: POST /session/e1a2e03b1e5782e94bb1152ef752ddf0/element - {"using":"css selector","value":"#shell-header-logo"}
COMMAND: GET /session/e1a2e03b1e5782e94bb1152ef752ddf0/screenshot - {}
RESULT: {"using":"css selector","value":"#shell-header-logo"}
COMMAND: POST /session/e1a2e03b1e5782e94bb1152ef752ddf0/element/f.04D253A817E55EB22DFE9CF0F4375160.d.6E6E124E0B4C26026C63679C561D2D9F.e.1544/click - {}
RESULT: {}
RESULT: {}
COMMAND: GET /session/e1a2e03b1e5782e94bb1152ef752ddf0/screenshot - {}
RESULT: {}
COMMAND: POST /session/e1a2e03b1e5782e94bb1152ef752ddf0/element - {"using":"css selector","value":"#j_username"}
COMMAND: POST /session/e1a2e03b1e5782e94bb1152ef752ddf0/url - {"url":"https://qa-testing-00-live-etm-ui.cfapps.eu10-004.hana.ondemand.com/"}
RESULT: {"using":"css selector","value":"#j_username"}
COMMAND: POST /session/e1a2e03b1e5782e94bb1152ef752ddf0/element - {"using":"css selector","value":"#j_username"}
RESULT: {"url":"https://qa-testing-00-live-etm-ui.cfapps.eu10-004.hana.ondemand.com/"}
RESULT: undefined
COMMAND: GET /session/e1a2e03b1e5782e94bb1152ef752ddf0/screenshot - {}
RESULT: {"using":"css selector","value":"#j_username"}
COMMAND: POST /session/e1a2e03b1e5782e94bb1152ef752ddf0/element - {"using":"css selector","value":"#shell-header-logo"}
RESULT: {}
RESULT: {"using":"css selector","value":"#shell-header-logo"}
COMMAND: POST /session/e1a2e03b1e5782e94bb1152ef752ddf0/execute/sync - {"script":"<script> [8489 bytes]","args":[{"element-6066-11e4-a52e-4f735466cecf":"f.04D253A817E55EB22DFE9CF0F4375160.d.BF07A90BE23AAD0D7825FDA6A90BBE4F.e.1939","ELEMENT":"f.04D253A817E55EB22DFE9CF0F4375160.d.BF07A90BE23AAD0D7825FDA6A90BBE4F.e.1939"}]}
RESULT: {"script":"<script> [8489 bytes]","args":[{"element-6066-11e4-a52e-4f735466cecf":"f.04D253A817E55EB22DFE9CF0F4375160.d.BF07A90BE23AAD0D7825FDA6A90BBE4F.e.1939","ELEMENT":"f.04D253A817E55EB22DFE9CF0F4375160.d.BF07A90BE23AAD0D7825FDA6A90BBE4F.e.1939"}]}
COMMAND: POST /session/e1a2e03b1e5782e94bb1152ef752ddf0/element - {"using":"css selector","value":"#shell-header-logo"}
COMMAND: GET /session/e1a2e03b1e5782e94bb1152ef752ddf0/screenshot - {}
RESULT: {"using":"css selector","value":"#shell-header-logo"}
COMMAND: POST /session/e1a2e03b1e5782e94bb1152ef752ddf0/execute/sync - {"script":"<script> [8489 bytes]","args":[{"element-6066-11e4-a52e-4f735466cecf":"f.04D253A817E55EB22DFE9CF0F4375160.d.BF07A90BE23AAD0D7825FDA6A90BBE4F.e.1939","ELEMENT":"f.04D253A817E55EB22DFE9CF0F4375160.d.BF07A90BE23AAD0D7825FDA6A90BBE4F.e.1939"}]}
RESULT: {}
RESULT: {"script":"<script> [8489 bytes]","args":[{"element-6066-11e4-a52e-4f735466cecf":"f.04D253A817E55EB22DFE9CF0F4375160.d.BF07A90BE23AAD0D7825FDA6A90BBE4F.e.1939","ELEMENT":"f.04D253A817E55EB22DFE9CF0F4375160.d.BF07A90BE23AAD0D7825FDA6A90BBE4F.e.1939"}]}
COMMAND: POST /session/e1a2e03b1e5782e94bb1152ef752ddf0/execute/sync - {"script":"<script> [5351 bytes]","args":[{"element-6066-11e4-a52e-4f735466cecf":"f.04D253A817E55EB22DFE9CF0F4375160.d.BF07A90BE23AAD0D7825FDA6A90BBE4F.e.1939","ELEMENT":"f.04D253A817E55EB22DFE9CF0F4375160.d.BF07A90BE23AAD0D7825FDA6A90BBE4F.e.1939"}]}
COMMAND: GET /session/e1a2e03b1e5782e94bb1152ef752ddf0/screenshot - {}
RESULT: {"script":"<script> [5351 bytes]","args":[{"element-6066-11e4-a52e-4f735466cecf":"f.04D253A817E55EB22DFE9CF0F4375160.d.BF07A90BE23AAD0D7825FDA6A90BBE4F.e.1939","ELEMENT":"f.04D253A817E55EB22DFE9CF0F4375160.d.BF07A90BE23AAD0D7825FDA6A90BBE4F.e.1939"}]}
COMMAND: POST /session/e1a2e03b1e5782e94bb1152ef752ddf0/element - {"using":"css selector","value":"#shell-header-logo"}
COMMAND: GET /session/e1a2e03b1e5782e94bb1152ef752ddf0/screenshot - {}
RESULT: {}
RESULT: {"using":"css selector","value":"#shell-header-logo"}
COMMAND: POST /session/e1a2e03b1e5782e94bb1152ef752ddf0/element/f.04D253A817E55EB22DFE9CF0F4375160.d.BF07A90BE23AAD0D7825FDA6A90BBE4F.e.1939/click - {}
RESULT: {}
RESULT: {}
COMMAND: GET /session/e1a2e03b1e5782e94bb1152ef752ddf0/screenshot - {}
RESULT: {}
COMMAND: POST /session/e1a2e03b1e5782e94bb1152ef752ddf0/execute/async - {"script":"<script> [189 bytes]","args":[]}
RESULT: {"script":"<script> [189 bytes]","args":[]}
COMMAND: POST /session/e1a2e03b1e5782e94bb1152ef752ddf0/execute/async - {"script":"<script> [123 bytes]","args":[]}
RESULT: {"script":"<script> [123 bytes]","args":[]}
COMMAND: POST /session/e1a2e03b1e5782e94bb1152ef752ddf0/timeouts - {"script":"<number>"}
RESULT: {"script":"<number>"}
COMMAND: GET /session/e1a2e03b1e5782e94bb1152ef752ddf0/timeouts - {}
RESULT: {}
RESULT: undefined
COMMAND: POST /session/e1a2e03b1e5782e94bb1152ef752ddf0/execute/async - {"script":"<script> [2676 bytes]","args":[]}
RESULT: {"script":"<script> [2676 bytes]","args":[]}
COMMAND: POST /session/e1a2e03b1e5782e94bb1152ef752ddf0/execute/async - {"script":"<script> [2342 bytes]","args":[{"protocol":"http","hostname":"0.0.0.0","path":"/","capabilities":{"browserName":"chrome","goog:chromeOptions":{"binary":"C:\\Program Files\\Google\\Chrome\\Application\\chrome.exe"}},"logLevel":"warn","connectionRetryTimeout":120000,"connectionRetryCount":3,"logLevels":{},"enableDirectConnect":true,"strictSSL":true,"_":"65 more keys: [\"cacheDir\",\"port\",\"requestedCapabilities\",\"automationProtocol\",\"baseUrl\",\"waitforInterval\",\"waitforTimeout\",\"onReload\",\"beforeCommand\",\"afterCommand\",\"rootDir\",\"specs\",\"suites\",\"exclude\",\"groupLogsByTestSpec\",\"excludeDriverLogs\",\"bail\",\"framework\",\"reporters\",\"services\",\"maxInstances\",\"maxInstancesPerCapability\",\"injectGlobals\",\"filesToWatch\",\"execArgv\",\"runnerEnv\",\"runner\",\"shard\",\"specFileRetries\",\"specFileRetriesDelay\",\"specFileRetriesDeferred\",\"reporterSyncInterval\",\"reporterSyncTimeout\",\"cucumberFeaturesWithLineNumbers\",\"autoCompileOpts\",\"mochaOpts\",\"jasmineOpts\",\"cucumberOpts\",\"onPrepare\",\"onWorkerStart\",\"onWorkerEnd\",\"before\",\"beforeSession\",\"beforeSuite\",\"beforeHook\",\"beforeTest\",\"afterTest\",\"afterHook\",\"afterSuite\",\"afterSession\",\"after\",\"onComplete\",\"beforeAssertion\",\"afterAssertion\",\"beforeFeature\",\"beforeScenario\",\"beforeStep\",\"afterStep\",\"afterScenario\",\"afterFeature\",\"_\",\"suite\",\"$0\",\"ignoredWorkerServices\",\"wdi5\"]"}]}
RESULT: {"script":"<script> [2342 bytes]","args":[{"protocol":"http","hostname":"0.0.0.0","path":"/","capabilities":{"browserName":"chrome","goog:chromeOptions":{"binary":"C:\\Program Files\\Google\\Chrome\\Application\\chrome.exe"}},"logLevel":"warn","connectionRetryTimeout":120000,"connectionRetryCount":3,"logLevels":{},"enableDirectConnect":true,"strictSSL":true,"_":"65 more keys: [\"cacheDir\",\"port\",\"requestedCapabilities\",\"automationProtocol\",\"baseUrl\",\"waitforInterval\",\"waitforTimeout\",\"onReload\",\"beforeCommand\",\"afterCommand\",\"rootDir\",\"specs\",\"suites\",\"exclude\",\"groupLogsByTestSpec\",\"excludeDriverLogs\",\"bail\",\"framework\",\"reporters\",\"services\",\"maxInstances\",\"maxInstancesPerCapability\",\"injectGlobals\",\"filesToWatch\",\"execArgv\",\"runnerEnv\",\"runner\",\"shard\",\"specFileRetries\",\"specFileRetriesDelay\",\"specFileRetriesDeferred\",\"reporterSyncInterval\",\"reporterSyncTimeout\",\"cucumberFeaturesWithLineNumbers\",\"autoCompileOpts\",\"mochaOpts\",\"jasmineOpts\",\"cucumberOpts\",\"onPrepare\",\"onWorkerStart\",\"onWorkerEnd\",\"before\",\"beforeSession\",\"beforeSuite\",\"beforeHook\",\"beforeTest\",\"afterTest\",\"afterHook\",\"afterSuite\",\"afterSession\",\"after\",\"onComplete\",\"beforeAssertion\",\"afterAssertion\",\"beforeFeature\",\"beforeScenario\",\"beforeStep\",\"afterStep\",\"afterScenario\",\"afterFeature\",\"_\",\"suite\",\"$0\",\"ignoredWorkerServices\",\"wdi5\"]"}]}
COMMAND: POST /session/e1a2e03b1e5782e94bb1152ef752ddf0/execute/async - {"script":"<script> [21126 bytes]","args":[35000]}
RESULT: {"script":"<script> [21126 bytes]","args":[35000]}
COMMAND: POST /session/e1a2e03b1e5782e94bb1152ef752ddf0/window/maximize - {}
RESULT: {}
COMMAND: POST /session/e1a2e03b1e5782e94bb1152ef752ddf0/execute/async - {"script":"<script> [1562 bytes]","args":[{"selector":{"id":"shell-header","interaction":{"idSuffix":"icon"}},"wdio_ui5_key":"shellheader"}]}
COMMAND: GET /session/e1a2e03b1e5782e94bb1152ef752ddf0/screenshot - {}
RESULT: {"script":"<script> [1562 bytes]","args":[{"selector":{"id":"shell-header","interaction":{"idSuffix":"icon"}},"wdio_ui5_key":"shellheader"}]}
RESULT: undefined
COMMAND: POST /session/e1a2e03b1e5782e94bb1152ef752ddf0/refresh - {}
RESULT: {}
RESULT: {}
COMMAND: GET /session/e1a2e03b1e5782e94bb1152ef752ddf0/screenshot - {}
RESULT: {}
COMMAND: POST /session/e1a2e03b1e5782e94bb1152ef752ddf0/execute/async - {"script":"<script> [189 bytes]","args":[]}
RESULT: {"script":"<script> [189 bytes]","args":[]}
COMMAND: POST /session/e1a2e03b1e5782e94bb1152ef752ddf0/execute/async - {"script":"<script> [123 bytes]","args":[]}
RESULT: {"script":"<script> [123 bytes]","args":[]}
COMMAND: POST /session/e1a2e03b1e5782e94bb1152ef752ddf0/timeouts - {"script":"<number>"}
RESULT: {"script":"<number>"}
COMMAND: GET /session/e1a2e03b1e5782e94bb1152ef752ddf0/timeouts - {}
RESULT: {}
RESULT: undefined
COMMAND: POST /session/e1a2e03b1e5782e94bb1152ef752ddf0/execute/async - {"script":"<script> [2676 bytes]","args":[]}
RESULT: {"script":"<script> [2676 bytes]","args":[]}
COMMAND: POST /session/e1a2e03b1e5782e94bb1152ef752ddf0/execute/async - {"script":"<script> [2342 bytes]","args":[{"protocol":"http","hostname":"0.0.0.0","path":"/","capabilities":{"browserName":"chrome","goog:chromeOptions":{"binary":"C:\\Program Files\\Google\\Chrome\\Application\\chrome.exe"}},"logLevel":"warn","connectionRetryTimeout":120000,"connectionRetryCount":3,"logLevels":{},"enableDirectConnect":true,"strictSSL":true,"_":"65 more keys: [\"cacheDir\",\"port\",\"requestedCapabilities\",\"automationProtocol\",\"baseUrl\",\"waitforInterval\",\"waitforTimeout\",\"onReload\",\"beforeCommand\",\"afterCommand\",\"rootDir\",\"specs\",\"suites\",\"exclude\",\"groupLogsByTestSpec\",\"excludeDriverLogs\",\"bail\",\"framework\",\"reporters\",\"services\",\"maxInstances\",\"maxInstancesPerCapability\",\"injectGlobals\",\"filesToWatch\",\"execArgv\",\"runnerEnv\",\"runner\",\"shard\",\"specFileRetries\",\"specFileRetriesDelay\",\"specFileRetriesDeferred\",\"reporterSyncInterval\",\"reporterSyncTimeout\",\"cucumberFeaturesWithLineNumbers\",\"autoCompileOpts\",\"mochaOpts\",\"jasmineOpts\",\"cucumberOpts\",\"onPrepare\",\"onWorkerStart\",\"onWorkerEnd\",\"before\",\"beforeSession\",\"beforeSuite\",\"beforeHook\",\"beforeTest\",\"afterTest\",\"afterHook\",\"afterSuite\",\"afterSession\",\"after\",\"onComplete\",\"beforeAssertion\",\"afterAssertion\",\"beforeFeature\",\"beforeScenario\",\"beforeStep\",\"afterStep\",\"afterScenario\",\"afterFeature\",\"_\",\"suite\",\"$0\",\"ignoredWorkerServices\",\"wdi5\"]"}]}
RESULT: {"script":"<script> [2342 bytes]","args":[{"protocol":"http","hostname":"0.0.0.0","path":"/","capabilities":{"browserName":"chrome","goog:chromeOptions":{"binary":"C:\\Program Files\\Google\\Chrome\\Application\\chrome.exe"}},"logLevel":"warn","connectionRetryTimeout":120000,"connectionRetryCount":3,"logLevels":{},"enableDirectConnect":true,"strictSSL":true,"_":"65 more keys: [\"cacheDir\",\"port\",\"requestedCapabilities\",\"automationProtocol\",\"baseUrl\",\"waitforInterval\",\"waitforTimeout\",\"onReload\",\"beforeCommand\",\"afterCommand\",\"rootDir\",\"specs\",\"suites\",\"exclude\",\"groupLogsByTestSpec\",\"excludeDriverLogs\",\"bail\",\"framework\",\"reporters\",\"services\",\"maxInstances\",\"maxInstancesPerCapability\",\"injectGlobals\",\"filesToWatch\",\"execArgv\",\"runnerEnv\",\"runner\",\"shard\",\"specFileRetries\",\"specFileRetriesDelay\",\"specFileRetriesDeferred\",\"reporterSyncInterval\",\"reporterSyncTimeout\",\"cucumberFeaturesWithLineNumbers\",\"autoCompileOpts\",\"mochaOpts\",\"jasmineOpts\",\"cucumberOpts\",\"onPrepare\",\"onWorkerStart\",\"onWorkerEnd\",\"before\",\"beforeSession\",\"beforeSuite\",\"beforeHook\",\"beforeTest\",\"afterTest\",\"afterHook\",\"afterSuite\",\"afterSession\",\"after\",\"onComplete\",\"beforeAssertion\",\"afterAssertion\",\"beforeFeature\",\"beforeScenario\",\"beforeStep\",\"afterStep\",\"afterScenario\",\"afterFeature\",\"_\",\"suite\",\"$0\",\"ignoredWorkerServices\",\"wdi5\"]"}]}
COMMAND: POST /session/e1a2e03b1e5782e94bb1152ef752ddf0/execute/async - {"script":"<script> [21126 bytes]","args":[35000]}
RESULT: {"script":"<script> [21126 bytes]","args":[35000]}
]]></system-out>
    </testcase>
  </testsuite>
  <testsuite timestamp="2025-04-13T17:04:27" time="115.842" tests="3" failures="0" errors="0" skipped="0">
    <properties>
      <property name="specId" value="0"/>
      <property name="suiteName" value="Set up pricing rule(OT) 104624"/>
      <property name="capabilities" value="chrome.135_0_7049_42.windows"/>
      <property name="file" value="file:///D:/a/1/s/test/specs/BTS/create-pricing-rule.spec.js"/>
    </properties>
    <testcase classname="chrome.135_0_7049_42.windows.Set_up_pricing_rule(OT)_104624" name="Should create a new yard used for all following tests" time="0.758">
      <system-out><![CDATA[
COMMAND: POST /session/e1a2e03b1e5782e94bb1152ef752ddf0/window/fullscreen - {}
RESULT: {}
]]></system-out>
    </testcase>
    <testcase classname="chrome.135_0_7049_42.windows.Set_up_pricing_rule(OT)_104624" name="Should create a new equipment used for all following tests" time="0.005"/>
    <testcase classname="chrome.135_0_7049_42.windows.Set_up_pricing_rule(OT)_104624" name="Should create new pricing rule on the created resource from earlier module or above" time="78.543">
      <system-out><![CDATA[
COMMAND: POST /session/e1a2e03b1e5782e94bb1152ef752ddf0/execute/async - {"script":"<script> [1562 bytes]","args":[{"selector":{"controlType":"sap.m.Text","properties":{"text":"Manage Pricing Rules"},"interaction":{"idSuffix":"inner"}},"wdio_ui5_key":"sapm.Text{\"text\":\"Manage Pricing Rules\"}"}]}
RESULT: {"script":"<script> [1562 bytes]","args":[{"selector":{"controlType":"sap.m.Text","properties":{"text":"Manage Pricing Rules"},"interaction":{"idSuffix":"inner"}},"wdio_ui5_key":"sapm.Text{\"text\":\"Manage Pricing Rules\"}"}]}
RESULT: undefined
COMMAND: POST /session/e1a2e03b1e5782e94bb1152ef752ddf0/element - {"using":"xpath","value":"//*[@id=\"__tile55-title\"]"}
RESULT: {"using":"xpath","value":"//*[@id=\"__tile55-title\"]"}
COMMAND: POST /session/e1a2e03b1e5782e94bb1152ef752ddf0/element/f.04D253A817E55EB22DFE9CF0F4375160.d.6B9D09BB12C05FADD630EFF36DECDD9B.e.1970/click - {}
RESULT: {}
COMMAND: POST /session/e1a2e03b1e5782e94bb1152ef752ddf0/execute/async - {"script":"<script> [1562 bytes]","args":[{"selector":{"controlType":"sap.ui.core.Icon","viewName":"etm.portal.ui.managepricingrules.view.MasterHeader","viewId":"application-managepricingrules-display-component---priceInfoHeader","properties":{"src":{"regex":{"source":"activity\\-items"}}}},"wdio_ui5_key":"etmportal.ui.managepricingrules.view.MasterHeadersap.ui.core.Icon{\"src\":{\"regex\":{\"source\":\"activity\\\\-items\"}}}"}]}
COMMAND: GET /session/e1a2e03b1e5782e94bb1152ef752ddf0/screenshot - {}
RESULT: {"script":"<script> [1562 bytes]","args":[{"selector":{"controlType":"sap.ui.core.Icon","viewName":"etm.portal.ui.managepricingrules.view.MasterHeader","viewId":"application-managepricingrules-display-component---priceInfoHeader","properties":{"src":{"regex":{"source":"activity\\-items"}}}},"wdio_ui5_key":"etmportal.ui.managepricingrules.view.MasterHeadersap.ui.core.Icon{\"src\":{\"regex\":{\"source\":\"activity\\\\-items\"}}}"}]}
RESULT: undefined
COMMAND: POST /session/e1a2e03b1e5782e94bb1152ef752ddf0/element - {"using":"xpath","value":"//*[@id=\"__filter1-icon\"]"}
RESULT: {}
RESULT: {"using":"xpath","value":"//*[@id=\"__filter1-icon\"]"}
COMMAND: POST /session/e1a2e03b1e5782e94bb1152ef752ddf0/element/f.04D253A817E55EB22DFE9CF0F4375160.d.6B9D09BB12C05FADD630EFF36DECDD9B.e.2019/click - {}
RESULT: {}
COMMAND: GET /session/e1a2e03b1e5782e94bb1152ef752ddf0/screenshot - {}
RESULT: {}
COMMAND: POST /session/e1a2e03b1e5782e94bb1152ef752ddf0/element - {"using":"xpath","value":"//button[@data-kt=\"addButton\"]"}
RESULT: {"using":"xpath","value":"//button[@data-kt=\"addButton\"]"}
COMMAND: POST /session/e1a2e03b1e5782e94bb1152ef752ddf0/elements - {"using":"xpath","value":"//button[@data-kt=\"addButton\"]"}
RESULT: {"using":"xpath","value":"//button[@data-kt=\"addButton\"]"}
COMMAND: POST /session/e1a2e03b1e5782e94bb1152ef752ddf0/execute/sync - {"script":"<script> [8489 bytes]","args":[{"element-6066-11e4-a52e-4f735466cecf":"f.04D253A817E55EB22DFE9CF0F4375160.d.6B9D09BB12C05FADD630EFF36DECDD9B.e.2060","ELEMENT":"f.04D253A817E55EB22DFE9CF0F4375160.d.6B9D09BB12C05FADD630EFF36DECDD9B.e.2060"}]}
RESULT: {"script":"<script> [8489 bytes]","args":[{"element-6066-11e4-a52e-4f735466cecf":"f.04D253A817E55EB22DFE9CF0F4375160.d.6B9D09BB12C05FADD630EFF36DECDD9B.e.2060","ELEMENT":"f.04D253A817E55EB22DFE9CF0F4375160.d.6B9D09BB12C05FADD630EFF36DECDD9B.e.2060"}]}
COMMAND: GET /session/e1a2e03b1e5782e94bb1152ef752ddf0/element/f.04D253A817E55EB22DFE9CF0F4375160.d.6B9D09BB12C05FADD630EFF36DECDD9B.e.2060/enabled - {}
COMMAND: GET /session/e1a2e03b1e5782e94bb1152ef752ddf0/screenshot - {}
RESULT: {}
COMMAND: POST /session/e1a2e03b1e5782e94bb1152ef752ddf0/execute/sync - {"script":"<script> [8489 bytes]","args":[{"element-6066-11e4-a52e-4f735466cecf":"f.04D253A817E55EB22DFE9CF0F4375160.d.6B9D09BB12C05FADD630EFF36DECDD9B.e.2060","ELEMENT":"f.04D253A817E55EB22DFE9CF0F4375160.d.6B9D09BB12C05FADD630EFF36DECDD9B.e.2060"}]}
COMMAND: GET /session/e1a2e03b1e5782e94bb1152ef752ddf0/screenshot - {}
RESULT: {}
RESULT: {"script":"<script> [8489 bytes]","args":[{"element-6066-11e4-a52e-4f735466cecf":"f.04D253A817E55EB22DFE9CF0F4375160.d.6B9D09BB12C05FADD630EFF36DECDD9B.e.2060","ELEMENT":"f.04D253A817E55EB22DFE9CF0F4375160.d.6B9D09BB12C05FADD630EFF36DECDD9B.e.2060"}]}
COMMAND: POST /session/e1a2e03b1e5782e94bb1152ef752ddf0/execute/sync - {"script":"<script> [5351 bytes]","args":[{"element-6066-11e4-a52e-4f735466cecf":"f.04D253A817E55EB22DFE9CF0F4375160.d.6B9D09BB12C05FADD630EFF36DECDD9B.e.2060","ELEMENT":"f.04D253A817E55EB22DFE9CF0F4375160.d.6B9D09BB12C05FADD630EFF36DECDD9B.e.2060"}]}
COMMAND: GET /session/e1a2e03b1e5782e94bb1152ef752ddf0/screenshot - {}
RESULT: {}
RESULT: {"script":"<script> [5351 bytes]","args":[{"element-6066-11e4-a52e-4f735466cecf":"f.04D253A817E55EB22DFE9CF0F4375160.d.6B9D09BB12C05FADD630EFF36DECDD9B.e.2060","ELEMENT":"f.04D253A817E55EB22DFE9CF0F4375160.d.6B9D09BB12C05FADD630EFF36DECDD9B.e.2060"}]}
COMMAND: POST /session/e1a2e03b1e5782e94bb1152ef752ddf0/element/f.04D253A817E55EB22DFE9CF0F4375160.d.6B9D09BB12C05FADD630EFF36DECDD9B.e.2060/click - {}
COMMAND: GET /session/e1a2e03b1e5782e94bb1152ef752ddf0/screenshot - {}
RESULT: {}
RESULT: {}
COMMAND: GET /session/e1a2e03b1e5782e94bb1152ef752ddf0/screenshot - {}
RESULT: {}
RESULT: {}
COMMAND: POST /session/e1a2e03b1e5782e94bb1152ef752ddf0/execute/async - {"script":"<script> [1562 bytes]","args":[{"selector":{"controlType":"sap.m.Title","viewName":"etm.portal.ui.managepricingrules.view.NewItem","viewId":"application-managepricingrules-display-component---newInfoPriceItem","properties":{"text":"New Pricing Rules - Item Level"}},"wdio_ui5_key":"etmportal.ui.managepricingrules.view.NewItemsap.m.Title{\"text\":\"New Pricing Rules - Item Level\"}"}]}
RESULT: {"script":"<script> [1562 bytes]","args":[{"selector":{"controlType":"sap.m.Title","viewName":"etm.portal.ui.managepricingrules.view.NewItem","viewId":"application-managepricingrules-display-component---newInfoPriceItem","properties":{"text":"New Pricing Rules - Item Level"}},"wdio_ui5_key":"etmportal.ui.managepricingrules.view.NewItemsap.m.Title{\"text\":\"New Pricing Rules - Item Level\"}"}]}
RESULT: undefined
COMMAND: POST /session/e1a2e03b1e5782e94bb1152ef752ddf0/execute/async - {"script":"<script> [6424 bytes]","args":[{"element-6066-11e4-a52e-4f735466cecf":"f.04D253A817E55EB22DFE9CF0F4375160.d.6B9D09BB12C05FADD630EFF36DECDD9B.e.2220"},"getText",[]]}
RESULT: {"script":"<script> [6424 bytes]","args":[{"element-6066-11e4-a52e-4f735466cecf":"f.04D253A817E55EB22DFE9CF0F4375160.d.6B9D09BB12C05FADD630EFF36DECDD9B.e.2220"},"getText",[]]}
COMMAND: POST /session/e1a2e03b1e5782e94bb1152ef752ddf0/execute/async - {"script":"<script> [1562 bytes]","args":[{"selector":{"id":"application-managepricingrules-display-component---newInfoPriceItem--condValidTo","interaction":{"idSuffix":"inner"}},"wdio_ui5_key":"applicationmanagepricingrules-display-component---newInfoPriceItem--condValidTo"}]}
RESULT: {"script":"<script> [1562 bytes]","args":[{"selector":{"id":"application-managepricingrules-display-component---newInfoPriceItem--condValidTo","interaction":{"idSuffix":"inner"}},"wdio_ui5_key":"applicationmanagepricingrules-display-component---newInfoPriceItem--condValidTo"}]}
RESULT: undefined
COMMAND: POST /session/e1a2e03b1e5782e94bb1152ef752ddf0/execute/async - {"script":"<script> [776 bytes]","args":[{"enterText":"12/13/25","selector":{"id":"application-managepricingrules-display-component---newInfoPriceItem--condValidTo","interaction":{"idSuffix":"inner"}},"clearTextFirst":true,"interactionType":"ENTER_TEXT"}]}
RESULT: {"script":"<script> [776 bytes]","args":[{"enterText":"12/13/25","selector":{"id":"application-managepricingrules-display-component---newInfoPriceItem--condValidTo","interaction":{"idSuffix":"inner"}},"clearTextFirst":true,"interactionType":"ENTER_TEXT"}]}
COMMAND: POST /session/e1a2e03b1e5782e94bb1152ef752ddf0/element - {"using":"xpath","value":"//input[@id=\"application-managepricingrules-display-component---newInfoPriceItem--condRU-inner\"]"}
RESULT: {"using":"xpath","value":"//input[@id=\"application-managepricingrules-display-component---newInfoPriceItem--condRU-inner\"]"}
COMMAND: POST /session/e1a2e03b1e5782e94bb1152ef752ddf0/element/f.04D253A817E55EB22DFE9CF0F4375160.d.6B9D09BB12C05FADD630EFF36DECDD9B.e.2171/clear - {}
RESULT: {}
COMMAND: POST /session/e1a2e03b1e5782e94bb1152ef752ddf0/element/f.04D253A817E55EB22DFE9CF0F4375160.d.6B9D09BB12C05FADD630EFF36DECDD9B.e.2171/value - {"text":"gqWAAfGoQa"}
COMMAND: GET /session/e1a2e03b1e5782e94bb1152ef752ddf0/screenshot - {}
RESULT: {"text":"gqWAAfGoQa"}
COMMAND: GET /session/e1a2e03b1e5782e94bb1152ef752ddf0/screenshot - {}
RESULT: {}
RESULT: {}
COMMAND: POST /session/e1a2e03b1e5782e94bb1152ef752ddf0/execute/async - {"script":"<script> [1562 bytes]","args":[{"selector":{"id":"application-managepricingrules-display-component---newInfoPriceItem--billType-arrow"},"wdio_ui5_key":"applicationmanagepricingrules-display-component---newInfoPriceItem--billType-arrow"}]}
RESULT: {"script":"<script> [1562 bytes]","args":[{"selector":{"id":"application-managepricingrules-display-component---newInfoPriceItem--billType-arrow"},"wdio_ui5_key":"applicationmanagepricingrules-display-component---newInfoPriceItem--billType-arrow"}]}
RESULT: undefined
COMMAND: POST /session/e1a2e03b1e5782e94bb1152ef752ddf0/element - {"using":"xpath","value":"//*[@id=\"application-managepricingrules-display-component---newInfoPriceItem--billType-arrow\"]"}
RESULT: {"using":"xpath","value":"//*[@id=\"application-managepricingrules-display-component---newInfoPriceItem--billType-arrow\"]"}
COMMAND: POST /session/e1a2e03b1e5782e94bb1152ef752ddf0/element/f.04D253A817E55EB22DFE9CF0F4375160.d.6B9D09BB12C05FADD630EFF36DECDD9B.e.2284/click - {}
RESULT: {}
COMMAND: POST /session/e1a2e03b1e5782e94bb1152ef752ddf0/element - {"using":"xpath","value":"//span[contains(text(), \"OT - Sales (one-time)\")]"}
COMMAND: GET /session/e1a2e03b1e5782e94bb1152ef752ddf0/screenshot - {}
RESULT: {"using":"xpath","value":"//span[contains(text(), \"OT - Sales (one-time)\")]"}
COMMAND: POST /session/e1a2e03b1e5782e94bb1152ef752ddf0/element/f.04D253A817E55EB22DFE9CF0F4375160.d.6B9D09BB12C05FADD630EFF36DECDD9B.e.2325/click - {}
RESULT: {}
RESULT: {}
COMMAND: POST /session/e1a2e03b1e5782e94bb1152ef752ddf0/execute/async - {"script":"<script> [1562 bytes]","args":[{"selector":{"id":"application-managepricingrules-display-component---newInfoPriceItem--priceProc-arrow"},"wdio_ui5_key":"applicationmanagepricingrules-display-component---newInfoPriceItem--priceProc-arrow"}]}
COMMAND: GET /session/e1a2e03b1e5782e94bb1152ef752ddf0/screenshot - {}
RESULT: {"script":"<script> [1562 bytes]","args":[{"selector":{"id":"application-managepricingrules-display-component---newInfoPriceItem--priceProc-arrow"},"wdio_ui5_key":"applicationmanagepricingrules-display-component---newInfoPriceItem--priceProc-arrow"}]}
RESULT: undefined
COMMAND: POST /session/e1a2e03b1e5782e94bb1152ef752ddf0/element - {"using":"xpath","value":"//*[@id=\"application-managepricingrules-display-component---newInfoPriceItem--priceProc-arrow\"]"}
RESULT: {}
RESULT: {"using":"xpath","value":"//*[@id=\"application-managepricingrules-display-component---newInfoPriceItem--priceProc-arrow\"]"}
COMMAND: POST /session/e1a2e03b1e5782e94bb1152ef752ddf0/element/f.04D253A817E55EB22DFE9CF0F4375160.d.6B9D09BB12C05FADD630EFF36DECDD9B.e.2291/click - {}
RESULT: {}
COMMAND: POST /session/e1a2e03b1e5782e94bb1152ef752ddf0/element - {"using":"xpath","value":"//span[contains(text(), \"MAT - Material\")]"}
COMMAND: GET /session/e1a2e03b1e5782e94bb1152ef752ddf0/screenshot - {}
RESULT: {"using":"xpath","value":"//span[contains(text(), \"MAT - Material\")]"}
COMMAND: POST /session/e1a2e03b1e5782e94bb1152ef752ddf0/element/f.04D253A817E55EB22DFE9CF0F4375160.d.6B9D09BB12C05FADD630EFF36DECDD9B.e.2326/click - {}
RESULT: {}
RESULT: {}
COMMAND: POST /session/e1a2e03b1e5782e94bb1152ef752ddf0/execute/async - {"script":"<script> [1562 bytes]","args":[{"selector":{"id":"application-managepricingrules-display-component---newInfoPriceItem--calcBase-arrow"},"wdio_ui5_key":"applicationmanagepricingrules-display-component---newInfoPriceItem--calcBase-arrow"}]}
COMMAND: GET /session/e1a2e03b1e5782e94bb1152ef752ddf0/screenshot - {}
RESULT: {"script":"<script> [1562 bytes]","args":[{"selector":{"id":"application-managepricingrules-display-component---newInfoPriceItem--calcBase-arrow"},"wdio_ui5_key":"applicationmanagepricingrules-display-component---newInfoPriceItem--calcBase-arrow"}]}
RESULT: undefined
COMMAND: POST /session/e1a2e03b1e5782e94bb1152ef752ddf0/element - {"using":"xpath","value":"//*[@id=\"application-managepricingrules-display-component---newInfoPriceItem--calcBase-arrow\"]"}
RESULT: {}
RESULT: {"using":"xpath","value":"//*[@id=\"application-managepricingrules-display-component---newInfoPriceItem--calcBase-arrow\"]"}
COMMAND: POST /session/e1a2e03b1e5782e94bb1152ef752ddf0/element/f.04D253A817E55EB22DFE9CF0F4375160.d.6B9D09BB12C05FADD630EFF36DECDD9B.e.2298/click - {}
RESULT: {}
COMMAND: GET /session/e1a2e03b1e5782e94bb1152ef752ddf0/screenshot - {}
RESULT: {}
COMMAND: POST /session/e1a2e03b1e5782e94bb1152ef752ddf0/element - {"using":"xpath","value":"//span[contains(text(), \"0001 - TB(exact month + cal_days)\")]"}
RESULT: {"using":"xpath","value":"//span[contains(text(), \"0001 - TB(exact month + cal_days)\")]"}
COMMAND: POST /session/e1a2e03b1e5782e94bb1152ef752ddf0/element/f.04D253A817E55EB22DFE9CF0F4375160.d.6B9D09BB12C05FADD630EFF36DECDD9B.e.2327/click - {}
RESULT: {}
COMMAND: GET /session/e1a2e03b1e5782e94bb1152ef752ddf0/screenshot - {}
RESULT: {}
COMMAND: POST /session/e1a2e03b1e5782e94bb1152ef752ddf0/element - {"using":"xpath","value":"//button[@data-kt=\"saveNewRuleButton\"]"}
RESULT: {"using":"xpath","value":"//button[@data-kt=\"saveNewRuleButton\"]"}
COMMAND: POST /session/e1a2e03b1e5782e94bb1152ef752ddf0/element/f.04D253A817E55EB22DFE9CF0F4375160.d.6B9D09BB12C05FADD630EFF36DECDD9B.e.2318/click - {}
RESULT: {}
COMMAND: GET /session/e1a2e03b1e5782e94bb1152ef752ddf0/screenshot - {}
RESULT: {}
COMMAND: POST /session/e1a2e03b1e5782e94bb1152ef752ddf0/execute/async - {"script":"<script> [1562 bytes]","args":[{"selector":{"id":"application-managepricingrules-display-component---priceInfoItem--smartFilterBar-btnBasicSearch","interaction":{"idSuffix":"I"}},"wdio_ui5_key":"applicationmanagepricingrules-display-component---priceInfoItem--smartFilterBar-btnBasicSearch"}]}
RESULT: {"script":"<script> [1562 bytes]","args":[{"selector":{"id":"application-managepricingrules-display-component---priceInfoItem--smartFilterBar-btnBasicSearch","interaction":{"idSuffix":"I"}},"wdio_ui5_key":"applicationmanagepricingrules-display-component---priceInfoItem--smartFilterBar-btnBasicSearch"}]}
RESULT: undefined
COMMAND: POST /session/e1a2e03b1e5782e94bb1152ef752ddf0/execute/async - {"script":"<script> [776 bytes]","args":[{"enterText":"gqWAAfGoQa","selector":{"id":"application-managepricingrules-display-component---priceInfoItem--smartFilterBar-btnBasicSearch","interaction":{"idSuffix":"I"}},"clearTextFirst":true,"interactionType":"ENTER_TEXT"}]}
RESULT: {"script":"<script> [776 bytes]","args":[{"enterText":"gqWAAfGoQa","selector":{"id":"application-managepricingrules-display-component---priceInfoItem--smartFilterBar-btnBasicSearch","interaction":{"idSuffix":"I"}},"clearTextFirst":true,"interactionType":"ENTER_TEXT"}]}
COMMAND: POST /session/e1a2e03b1e5782e94bb1152ef752ddf0/actions - {"actions":[{"id":"action9","type":"key","parameters":{},"actions":[{"type":"keyDown","value":""},{"type":"pause","duration":10},{"type":"keyUp","value":""}]}]}
RESULT: {"actions":[{"id":"action9","type":"key","parameters":{},"actions":[{"type":"keyDown","value":""},{"type":"pause","duration":10},{"type":"keyUp","value":""}]}]}
COMMAND: GET /session/e1a2e03b1e5782e94bb1152ef752ddf0/screenshot - {}
COMMAND: POST /session/e1a2e03b1e5782e94bb1152ef752ddf0/element - {"using":"xpath","value":"//span[@id=\"application-managepricingrules-display-component---priceInfoItem--smartTable-header-inner\"]"}
RESULT: {}
RESULT: {"using":"xpath","value":"//span[@id=\"application-managepricingrules-display-component---priceInfoItem--smartTable-header-inner\"]"}
COMMAND: POST /session/e1a2e03b1e5782e94bb1152ef752ddf0/elements - {"using":"xpath","value":"//span[@id=\"application-managepricingrules-display-component---priceInfoItem--smartTable-header-inner\"]"}
RESULT: {"using":"xpath","value":"//span[@id=\"application-managepricingrules-display-component---priceInfoItem--smartTable-header-inner\"]"}
COMMAND: POST /session/e1a2e03b1e5782e94bb1152ef752ddf0/execute/sync - {"script":"<script> [56 bytes]","args":[{"element-6066-11e4-a52e-4f735466cecf":"f.04D253A817E55EB22DFE9CF0F4375160.d.6B9D09BB12C05FADD630EFF36DECDD9B.e.2380","ELEMENT":"f.04D253A817E55EB22DFE9CF0F4375160.d.6B9D09BB12C05FADD630EFF36DECDD9B.e.2380"}]}
RESULT: {"script":"<script> [56 bytes]","args":[{"element-6066-11e4-a52e-4f735466cecf":"f.04D253A817E55EB22DFE9CF0F4375160.d.6B9D09BB12C05FADD630EFF36DECDD9B.e.2380","ELEMENT":"f.04D253A817E55EB22DFE9CF0F4375160.d.6B9D09BB12C05FADD630EFF36DECDD9B.e.2380"}]}
COMMAND: POST /session/e1a2e03b1e5782e94bb1152ef752ddf0/element - {"using":"css selector","value":"#shell-header-logo"}
COMMAND: GET /session/e1a2e03b1e5782e94bb1152ef752ddf0/screenshot - {}
RESULT: {"using":"css selector","value":"#shell-header-logo"}
COMMAND: POST /session/e1a2e03b1e5782e94bb1152ef752ddf0/element/f.04D253A817E55EB22DFE9CF0F4375160.d.6B9D09BB12C05FADD630EFF36DECDD9B.e.1971/click - {}
RESULT: {}
RESULT: {}
COMMAND: GET /session/e1a2e03b1e5782e94bb1152ef752ddf0/screenshot - {}
RESULT: {}
COMMAND: POST /session/e1a2e03b1e5782e94bb1152ef752ddf0/element - {"using":"css selector","value":"#j_username"}
COMMAND: POST /session/e1a2e03b1e5782e94bb1152ef752ddf0/url - {"url":"https://qa-testing-00-live-etm-ui.cfapps.eu10-004.hana.ondemand.com/"}
RESULT: {"using":"css selector","value":"#j_username"}
COMMAND: POST /session/e1a2e03b1e5782e94bb1152ef752ddf0/element - {"using":"css selector","value":"#j_username"}
RESULT: {"url":"https://qa-testing-00-live-etm-ui.cfapps.eu10-004.hana.ondemand.com/"}
RESULT: undefined
COMMAND: GET /session/e1a2e03b1e5782e94bb1152ef752ddf0/screenshot - {}
RESULT: {"using":"css selector","value":"#j_username"}
COMMAND: POST /session/e1a2e03b1e5782e94bb1152ef752ddf0/element - {"using":"css selector","value":"#shell-header-logo"}
RESULT: {}
RESULT: {"using":"css selector","value":"#shell-header-logo"}
COMMAND: POST /session/e1a2e03b1e5782e94bb1152ef752ddf0/execute/sync - {"script":"<script> [8489 bytes]","args":[{"element-6066-11e4-a52e-4f735466cecf":"f.04D253A817E55EB22DFE9CF0F4375160.d.EC9B767886B7A91D4648698E88BB8A12.e.2397","ELEMENT":"f.04D253A817E55EB22DFE9CF0F4375160.d.EC9B767886B7A91D4648698E88BB8A12.e.2397"}]}
RESULT: {"script":"<script> [8489 bytes]","args":[{"element-6066-11e4-a52e-4f735466cecf":"f.04D253A817E55EB22DFE9CF0F4375160.d.EC9B767886B7A91D4648698E88BB8A12.e.2397","ELEMENT":"f.04D253A817E55EB22DFE9CF0F4375160.d.EC9B767886B7A91D4648698E88BB8A12.e.2397"}]}
COMMAND: POST /session/e1a2e03b1e5782e94bb1152ef752ddf0/element - {"using":"css selector","value":"#shell-header-logo"}
COMMAND: GET /session/e1a2e03b1e5782e94bb1152ef752ddf0/screenshot - {}
RESULT: {"using":"css selector","value":"#shell-header-logo"}
COMMAND: POST /session/e1a2e03b1e5782e94bb1152ef752ddf0/execute/sync - {"script":"<script> [8489 bytes]","args":[{"element-6066-11e4-a52e-4f735466cecf":"f.04D253A817E55EB22DFE9CF0F4375160.d.EC9B767886B7A91D4648698E88BB8A12.e.2397","ELEMENT":"f.04D253A817E55EB22DFE9CF0F4375160.d.EC9B767886B7A91D4648698E88BB8A12.e.2397"}]}
RESULT: {}
RESULT: {"script":"<script> [8489 bytes]","args":[{"element-6066-11e4-a52e-4f735466cecf":"f.04D253A817E55EB22DFE9CF0F4375160.d.EC9B767886B7A91D4648698E88BB8A12.e.2397","ELEMENT":"f.04D253A817E55EB22DFE9CF0F4375160.d.EC9B767886B7A91D4648698E88BB8A12.e.2397"}]}
COMMAND: POST /session/e1a2e03b1e5782e94bb1152ef752ddf0/execute/sync - {"script":"<script> [5351 bytes]","args":[{"element-6066-11e4-a52e-4f735466cecf":"f.04D253A817E55EB22DFE9CF0F4375160.d.EC9B767886B7A91D4648698E88BB8A12.e.2397","ELEMENT":"f.04D253A817E55EB22DFE9CF0F4375160.d.EC9B767886B7A91D4648698E88BB8A12.e.2397"}]}
COMMAND: GET /session/e1a2e03b1e5782e94bb1152ef752ddf0/screenshot - {}
RESULT: {"script":"<script> [5351 bytes]","args":[{"element-6066-11e4-a52e-4f735466cecf":"f.04D253A817E55EB22DFE9CF0F4375160.d.EC9B767886B7A91D4648698E88BB8A12.e.2397","ELEMENT":"f.04D253A817E55EB22DFE9CF0F4375160.d.EC9B767886B7A91D4648698E88BB8A12.e.2397"}]}
COMMAND: POST /session/e1a2e03b1e5782e94bb1152ef752ddf0/element - {"using":"css selector","value":"#shell-header-logo"}
COMMAND: GET /session/e1a2e03b1e5782e94bb1152ef752ddf0/screenshot - {}
RESULT: {}
RESULT: {"using":"css selector","value":"#shell-header-logo"}
COMMAND: POST /session/e1a2e03b1e5782e94bb1152ef752ddf0/element/f.04D253A817E55EB22DFE9CF0F4375160.d.EC9B767886B7A91D4648698E88BB8A12.e.2397/click - {}
RESULT: {}
RESULT: {}
COMMAND: GET /session/e1a2e03b1e5782e94bb1152ef752ddf0/screenshot - {}
RESULT: {}
COMMAND: POST /session/e1a2e03b1e5782e94bb1152ef752ddf0/execute/async - {"script":"<script> [189 bytes]","args":[]}
RESULT: {"script":"<script> [189 bytes]","args":[]}
COMMAND: POST /session/e1a2e03b1e5782e94bb1152ef752ddf0/execute/async - {"script":"<script> [123 bytes]","args":[]}
RESULT: {"script":"<script> [123 bytes]","args":[]}
COMMAND: POST /session/e1a2e03b1e5782e94bb1152ef752ddf0/timeouts - {"script":"<number>"}
RESULT: {"script":"<number>"}
COMMAND: GET /session/e1a2e03b1e5782e94bb1152ef752ddf0/timeouts - {}
RESULT: {}
RESULT: undefined
COMMAND: POST /session/e1a2e03b1e5782e94bb1152ef752ddf0/execute/async - {"script":"<script> [2676 bytes]","args":[]}
RESULT: {"script":"<script> [2676 bytes]","args":[]}
COMMAND: POST /session/e1a2e03b1e5782e94bb1152ef752ddf0/execute/async - {"script":"<script> [2342 bytes]","args":[{"protocol":"http","hostname":"0.0.0.0","path":"/","capabilities":{"browserName":"chrome","goog:chromeOptions":{"binary":"C:\\Program Files\\Google\\Chrome\\Application\\chrome.exe"}},"logLevel":"warn","connectionRetryTimeout":120000,"connectionRetryCount":3,"logLevels":{},"enableDirectConnect":true,"strictSSL":true,"_":"65 more keys: [\"cacheDir\",\"port\",\"requestedCapabilities\",\"automationProtocol\",\"baseUrl\",\"waitforInterval\",\"waitforTimeout\",\"onReload\",\"beforeCommand\",\"afterCommand\",\"rootDir\",\"specs\",\"suites\",\"exclude\",\"groupLogsByTestSpec\",\"excludeDriverLogs\",\"bail\",\"framework\",\"reporters\",\"services\",\"maxInstances\",\"maxInstancesPerCapability\",\"injectGlobals\",\"filesToWatch\",\"execArgv\",\"runnerEnv\",\"runner\",\"shard\",\"specFileRetries\",\"specFileRetriesDelay\",\"specFileRetriesDeferred\",\"reporterSyncInterval\",\"reporterSyncTimeout\",\"cucumberFeaturesWithLineNumbers\",\"autoCompileOpts\",\"mochaOpts\",\"jasmineOpts\",\"cucumberOpts\",\"onPrepare\",\"onWorkerStart\",\"onWorkerEnd\",\"before\",\"beforeSession\",\"beforeSuite\",\"beforeHook\",\"beforeTest\",\"afterTest\",\"afterHook\",\"afterSuite\",\"afterSession\",\"after\",\"onComplete\",\"beforeAssertion\",\"afterAssertion\",\"beforeFeature\",\"beforeScenario\",\"beforeStep\",\"afterStep\",\"afterScenario\",\"afterFeature\",\"_\",\"suite\",\"$0\",\"ignoredWorkerServices\",\"wdi5\"]"}]}
RESULT: {"script":"<script> [2342 bytes]","args":[{"protocol":"http","hostname":"0.0.0.0","path":"/","capabilities":{"browserName":"chrome","goog:chromeOptions":{"binary":"C:\\Program Files\\Google\\Chrome\\Application\\chrome.exe"}},"logLevel":"warn","connectionRetryTimeout":120000,"connectionRetryCount":3,"logLevels":{},"enableDirectConnect":true,"strictSSL":true,"_":"65 more keys: [\"cacheDir\",\"port\",\"requestedCapabilities\",\"automationProtocol\",\"baseUrl\",\"waitforInterval\",\"waitforTimeout\",\"onReload\",\"beforeCommand\",\"afterCommand\",\"rootDir\",\"specs\",\"suites\",\"exclude\",\"groupLogsByTestSpec\",\"excludeDriverLogs\",\"bail\",\"framework\",\"reporters\",\"services\",\"maxInstances\",\"maxInstancesPerCapability\",\"injectGlobals\",\"filesToWatch\",\"execArgv\",\"runnerEnv\",\"runner\",\"shard\",\"specFileRetries\",\"specFileRetriesDelay\",\"specFileRetriesDeferred\",\"reporterSyncInterval\",\"reporterSyncTimeout\",\"cucumberFeaturesWithLineNumbers\",\"autoCompileOpts\",\"mochaOpts\",\"jasmineOpts\",\"cucumberOpts\",\"onPrepare\",\"onWorkerStart\",\"onWorkerEnd\",\"before\",\"beforeSession\",\"beforeSuite\",\"beforeHook\",\"beforeTest\",\"afterTest\",\"afterHook\",\"afterSuite\",\"afterSession\",\"after\",\"onComplete\",\"beforeAssertion\",\"afterAssertion\",\"beforeFeature\",\"beforeScenario\",\"beforeStep\",\"afterStep\",\"afterScenario\",\"afterFeature\",\"_\",\"suite\",\"$0\",\"ignoredWorkerServices\",\"wdi5\"]"}]}
COMMAND: POST /session/e1a2e03b1e5782e94bb1152ef752ddf0/execute/async - {"script":"<script> [21126 bytes]","args":[35000]}
RESULT: {"script":"<script> [21126 bytes]","args":[35000]}
COMMAND: POST /session/e1a2e03b1e5782e94bb1152ef752ddf0/window/maximize - {}
RESULT: {}
COMMAND: POST /session/e1a2e03b1e5782e94bb1152ef752ddf0/execute/async - {"script":"<script> [1562 bytes]","args":[{"selector":{"id":"shell-header","interaction":{"idSuffix":"icon"}},"wdio_ui5_key":"shellheader"}]}
COMMAND: GET /session/e1a2e03b1e5782e94bb1152ef752ddf0/screenshot - {}
RESULT: {"script":"<script> [1562 bytes]","args":[{"selector":{"id":"shell-header","interaction":{"idSuffix":"icon"}},"wdio_ui5_key":"shellheader"}]}
RESULT: undefined
COMMAND: POST /session/e1a2e03b1e5782e94bb1152ef752ddf0/refresh - {}
RESULT: {}
RESULT: {}
COMMAND: GET /session/e1a2e03b1e5782e94bb1152ef752ddf0/screenshot - {}
COMMAND: POST /session/e1a2e03b1e5782e94bb1152ef752ddf0/execute/async - {"script":"<script> [189 bytes]","args":[]}
RESULT: {}
RESULT: {"script":"<script> [189 bytes]","args":[]}
COMMAND: POST /session/e1a2e03b1e5782e94bb1152ef752ddf0/execute/async - {"script":"<script> [123 bytes]","args":[]}
RESULT: {"script":"<script> [123 bytes]","args":[]}
COMMAND: POST /session/e1a2e03b1e5782e94bb1152ef752ddf0/timeouts - {"script":"<number>"}
RESULT: {"script":"<number>"}
COMMAND: GET /session/e1a2e03b1e5782e94bb1152ef752ddf0/timeouts - {}
RESULT: {}
RESULT: undefined
COMMAND: POST /session/e1a2e03b1e5782e94bb1152ef752ddf0/execute/async - {"script":"<script> [2676 bytes]","args":[]}
RESULT: {"script":"<script> [2676 bytes]","args":[]}
COMMAND: POST /session/e1a2e03b1e5782e94bb1152ef752ddf0/execute/async - {"script":"<script> [2342 bytes]","args":[{"protocol":"http","hostname":"0.0.0.0","path":"/","capabilities":{"browserName":"chrome","goog:chromeOptions":{"binary":"C:\\Program Files\\Google\\Chrome\\Application\\chrome.exe"}},"logLevel":"warn","connectionRetryTimeout":120000,"connectionRetryCount":3,"logLevels":{},"enableDirectConnect":true,"strictSSL":true,"_":"65 more keys: [\"cacheDir\",\"port\",\"requestedCapabilities\",\"automationProtocol\",\"baseUrl\",\"waitforInterval\",\"waitforTimeout\",\"onReload\",\"beforeCommand\",\"afterCommand\",\"rootDir\",\"specs\",\"suites\",\"exclude\",\"groupLogsByTestSpec\",\"excludeDriverLogs\",\"bail\",\"framework\",\"reporters\",\"services\",\"maxInstances\",\"maxInstancesPerCapability\",\"injectGlobals\",\"filesToWatch\",\"execArgv\",\"runnerEnv\",\"runner\",\"shard\",\"specFileRetries\",\"specFileRetriesDelay\",\"specFileRetriesDeferred\",\"reporterSyncInterval\",\"reporterSyncTimeout\",\"cucumberFeaturesWithLineNumbers\",\"autoCompileOpts\",\"mochaOpts\",\"jasmineOpts\",\"cucumberOpts\",\"onPrepare\",\"onWorkerStart\",\"onWorkerEnd\",\"before\",\"beforeSession\",\"beforeSuite\",\"beforeHook\",\"beforeTest\",\"afterTest\",\"afterHook\",\"afterSuite\",\"afterSession\",\"after\",\"onComplete\",\"beforeAssertion\",\"afterAssertion\",\"beforeFeature\",\"beforeScenario\",\"beforeStep\",\"afterStep\",\"afterScenario\",\"afterFeature\",\"_\",\"suite\",\"$0\",\"ignoredWorkerServices\",\"wdi5\"]"}]}
RESULT: {"script":"<script> [2342 bytes]","args":[{"protocol":"http","hostname":"0.0.0.0","path":"/","capabilities":{"browserName":"chrome","goog:chromeOptions":{"binary":"C:\\Program Files\\Google\\Chrome\\Application\\chrome.exe"}},"logLevel":"warn","connectionRetryTimeout":120000,"connectionRetryCount":3,"logLevels":{},"enableDirectConnect":true,"strictSSL":true,"_":"65 more keys: [\"cacheDir\",\"port\",\"requestedCapabilities\",\"automationProtocol\",\"baseUrl\",\"waitforInterval\",\"waitforTimeout\",\"onReload\",\"beforeCommand\",\"afterCommand\",\"rootDir\",\"specs\",\"suites\",\"exclude\",\"groupLogsByTestSpec\",\"excludeDriverLogs\",\"bail\",\"framework\",\"reporters\",\"services\",\"maxInstances\",\"maxInstancesPerCapability\",\"injectGlobals\",\"filesToWatch\",\"execArgv\",\"runnerEnv\",\"runner\",\"shard\",\"specFileRetries\",\"specFileRetriesDelay\",\"specFileRetriesDeferred\",\"reporterSyncInterval\",\"reporterSyncTimeout\",\"cucumberFeaturesWithLineNumbers\",\"autoCompileOpts\",\"mochaOpts\",\"jasmineOpts\",\"cucumberOpts\",\"onPrepare\",\"onWorkerStart\",\"onWorkerEnd\",\"before\",\"beforeSession\",\"beforeSuite\",\"beforeHook\",\"beforeTest\",\"afterTest\",\"afterHook\",\"afterSuite\",\"afterSession\",\"after\",\"onComplete\",\"beforeAssertion\",\"afterAssertion\",\"beforeFeature\",\"beforeScenario\",\"beforeStep\",\"afterStep\",\"afterScenario\",\"afterFeature\",\"_\",\"suite\",\"$0\",\"ignoredWorkerServices\",\"wdi5\"]"}]}
COMMAND: POST /session/e1a2e03b1e5782e94bb1152ef752ddf0/execute/async - {"script":"<script> [21126 bytes]","args":[35000]}
RESULT: {"script":"<script> [21126 bytes]","args":[35000]}
]]></system-out>
    </testcase>
  </testsuite>
  <testsuite timestamp="2025-04-13T17:06:23" time="379.575" tests="6" failures="0" errors="0" skipped="0">
    <properties>
      <property name="specId" value="0"/>
      <property name="suiteName" value="Edit and delete daily price US134629 US134627"/>
      <property name="capabilities" value="chrome.135_0_7049_42.windows"/>
      <property name="file" value="file:///D:/a/1/s/test/specs/BTS/conditions-prices-daily-price.spec.js"/>
    </properties>
    <testcase classname="chrome.135_0_7049_42.windows.Edit_and_delete_daily_price_US134629_US134627" name="Should create a new yard used for all following tests" time="0.701">
      <system-out><![CDATA[
COMMAND: POST /session/e1a2e03b1e5782e94bb1152ef752ddf0/window/fullscreen - {}
RESULT: {}
]]></system-out>
    </testcase>
    <testcase classname="chrome.135_0_7049_42.windows.Edit_and_delete_daily_price_US134629_US134627" name="Should create a new partner" time="138.198">
      <system-out><![CDATA[
COMMAND: POST /session/e1a2e03b1e5782e94bb1152ef752ddf0/window/fullscreen - {}
RESULT: {}
COMMAND: POST /session/e1a2e03b1e5782e94bb1152ef752ddf0/execute/async - {"script":"<script> [1562 bytes]","args":[{"selector":{"controlType":"sap.m.GenericTile","properties":{"header":"Manage Partners"}},"wdio_ui5_key":"sapm.GenericTile{\"header\":\"Manage Partners\"}"}]}
RESULT: {"script":"<script> [1562 bytes]","args":[{"selector":{"controlType":"sap.m.GenericTile","properties":{"header":"Manage Partners"}},"wdio_ui5_key":"sapm.GenericTile{\"header\":\"Manage Partners\"}"}]}
RESULT: undefined
COMMAND: POST /session/e1a2e03b1e5782e94bb1152ef752ddf0/element - {"using":"xpath","value":"//*[@id=\"__tile38\"]"}
RESULT: {"using":"xpath","value":"//*[@id=\"__tile38\"]"}
COMMAND: POST /session/e1a2e03b1e5782e94bb1152ef752ddf0/element/f.04D253A817E55EB22DFE9CF0F4375160.d.1F3ECFCBC76CA7DF8B5A805018865CF9.e.2424/click - {}
RESULT: {}
COMMAND: POST /session/e1a2e03b1e5782e94bb1152ef752ddf0/element - {"using":"xpath","value":"//button[@data-kt=\"addButton\"]"}
COMMAND: GET /session/e1a2e03b1e5782e94bb1152ef752ddf0/screenshot - {}
RESULT: {"using":"xpath","value":"//button[@data-kt=\"addButton\"]"}
COMMAND: POST /session/e1a2e03b1e5782e94bb1152ef752ddf0/elements - {"using":"xpath","value":"//button[@data-kt=\"addButton\"]"}
RESULT: {}
RESULT: {"using":"xpath","value":"//button[@data-kt=\"addButton\"]"}
COMMAND: POST /session/e1a2e03b1e5782e94bb1152ef752ddf0/elements - {"using":"xpath","value":"//button[@data-kt=\"addButton\"]"}
RESULT: {"using":"xpath","value":"//button[@data-kt=\"addButton\"]"}
COMMAND: POST /session/e1a2e03b1e5782e94bb1152ef752ddf0/elements - {"using":"xpath","value":"//button[@data-kt=\"addButton\"]"}
RESULT: {"using":"xpath","value":"//button[@data-kt=\"addButton\"]"}
COMMAND: POST /session/e1a2e03b1e5782e94bb1152ef752ddf0/elements - {"using":"xpath","value":"//button[@data-kt=\"addButton\"]"}
RESULT: {"using":"xpath","value":"//button[@data-kt=\"addButton\"]"}
COMMAND: POST /session/e1a2e03b1e5782e94bb1152ef752ddf0/elements - {"using":"xpath","value":"//button[@data-kt=\"addButton\"]"}
RESULT: {"using":"xpath","value":"//button[@data-kt=\"addButton\"]"}
COMMAND: POST /session/e1a2e03b1e5782e94bb1152ef752ddf0/elements - {"using":"xpath","value":"//button[@data-kt=\"addButton\"]"}
RESULT: {"using":"xpath","value":"//button[@data-kt=\"addButton\"]"}
COMMAND: POST /session/e1a2e03b1e5782e94bb1152ef752ddf0/elements - {"using":"xpath","value":"//button[@data-kt=\"addButton\"]"}
RESULT: {"using":"xpath","value":"//button[@data-kt=\"addButton\"]"}
COMMAND: POST /session/e1a2e03b1e5782e94bb1152ef752ddf0/elements - {"using":"xpath","value":"//button[@data-kt=\"addButton\"]"}
RESULT: {"using":"xpath","value":"//button[@data-kt=\"addButton\"]"}
COMMAND: POST /session/e1a2e03b1e5782e94bb1152ef752ddf0/elements - {"using":"xpath","value":"//button[@data-kt=\"addButton\"]"}
RESULT: {"using":"xpath","value":"//button[@data-kt=\"addButton\"]"}
COMMAND: POST /session/e1a2e03b1e5782e94bb1152ef752ddf0/elements - {"using":"xpath","value":"//button[@data-kt=\"addButton\"]"}
RESULT: {"using":"xpath","value":"//button[@data-kt=\"addButton\"]"}
COMMAND: POST /session/e1a2e03b1e5782e94bb1152ef752ddf0/elements - {"using":"xpath","value":"//button[@data-kt=\"addButton\"]"}
RESULT: {"using":"xpath","value":"//button[@data-kt=\"addButton\"]"}
COMMAND: POST /session/e1a2e03b1e5782e94bb1152ef752ddf0/elements - {"using":"xpath","value":"//button[@data-kt=\"addButton\"]"}
RESULT: {"using":"xpath","value":"//button[@data-kt=\"addButton\"]"}
COMMAND: POST /session/e1a2e03b1e5782e94bb1152ef752ddf0/elements - {"using":"xpath","value":"//button[@data-kt=\"addButton\"]"}
RESULT: {"using":"xpath","value":"//button[@data-kt=\"addButton\"]"}
COMMAND: POST /session/e1a2e03b1e5782e94bb1152ef752ddf0/elements - {"using":"xpath","value":"//button[@data-kt=\"addButton\"]"}
RESULT: {"using":"xpath","value":"//button[@data-kt=\"addButton\"]"}
COMMAND: POST /session/e1a2e03b1e5782e94bb1152ef752ddf0/elements - {"using":"xpath","value":"//button[@data-kt=\"addButton\"]"}
RESULT: {"using":"xpath","value":"//button[@data-kt=\"addButton\"]"}
COMMAND: POST /session/e1a2e03b1e5782e94bb1152ef752ddf0/elements - {"using":"xpath","value":"//button[@data-kt=\"addButton\"]"}
RESULT: {"using":"xpath","value":"//button[@data-kt=\"addButton\"]"}
COMMAND: POST /session/e1a2e03b1e5782e94bb1152ef752ddf0/elements - {"using":"xpath","value":"//button[@data-kt=\"addButton\"]"}
RESULT: {"using":"xpath","value":"//button[@data-kt=\"addButton\"]"}
COMMAND: POST /session/e1a2e03b1e5782e94bb1152ef752ddf0/elements - {"using":"xpath","value":"//button[@data-kt=\"addButton\"]"}
RESULT: {"using":"xpath","value":"//button[@data-kt=\"addButton\"]"}
COMMAND: POST /session/e1a2e03b1e5782e94bb1152ef752ddf0/elements - {"using":"xpath","value":"//button[@data-kt=\"addButton\"]"}
RESULT: {"using":"xpath","value":"//button[@data-kt=\"addButton\"]"}
COMMAND: POST /session/e1a2e03b1e5782e94bb1152ef752ddf0/elements - {"using":"xpath","value":"//button[@data-kt=\"addButton\"]"}
RESULT: {"using":"xpath","value":"//button[@data-kt=\"addButton\"]"}
COMMAND: POST /session/e1a2e03b1e5782e94bb1152ef752ddf0/elements - {"using":"xpath","value":"//button[@data-kt=\"addButton\"]"}
RESULT: {"using":"xpath","value":"//button[@data-kt=\"addButton\"]"}
COMMAND: POST /session/e1a2e03b1e5782e94bb1152ef752ddf0/elements - {"using":"xpath","value":"//button[@data-kt=\"addButton\"]"}
RESULT: {"using":"xpath","value":"//button[@data-kt=\"addButton\"]"}
COMMAND: POST /session/e1a2e03b1e5782e94bb1152ef752ddf0/element - {"using":"xpath","value":"//button[@data-kt=\"addButton\"]"}
RESULT: {"using":"xpath","value":"//button[@data-kt=\"addButton\"]"}
COMMAND: POST /session/e1a2e03b1e5782e94bb1152ef752ddf0/execute/sync - {"script":"<script> [8489 bytes]","args":[{"element-6066-11e4-a52e-4f735466cecf":"f.04D253A817E55EB22DFE9CF0F4375160.d.1F3ECFCBC76CA7DF8B5A805018865CF9.e.2462","ELEMENT":"f.04D253A817E55EB22DFE9CF0F4375160.d.1F3ECFCBC76CA7DF8B5A805018865CF9.e.2462"}]}
RESULT: {"script":"<script> [8489 bytes]","args":[{"element-6066-11e4-a52e-4f735466cecf":"f.04D253A817E55EB22DFE9CF0F4375160.d.1F3ECFCBC76CA7DF8B5A805018865CF9.e.2462","ELEMENT":"f.04D253A817E55EB22DFE9CF0F4375160.d.1F3ECFCBC76CA7DF8B5A805018865CF9.e.2462"}]}
COMMAND: GET /session/e1a2e03b1e5782e94bb1152ef752ddf0/element/f.04D253A817E55EB22DFE9CF0F4375160.d.1F3ECFCBC76CA7DF8B5A805018865CF9.e.2462/enabled - {}
COMMAND: GET /session/e1a2e03b1e5782e94bb1152ef752ddf0/screenshot - {}
RESULT: {}
COMMAND: POST /session/e1a2e03b1e5782e94bb1152ef752ddf0/execute/sync - {"script":"<script> [8489 bytes]","args":[{"element-6066-11e4-a52e-4f735466cecf":"f.04D253A817E55EB22DFE9CF0F4375160.d.1F3ECFCBC76CA7DF8B5A805018865CF9.e.2462","ELEMENT":"f.04D253A817E55EB22DFE9CF0F4375160.d.1F3ECFCBC76CA7DF8B5A805018865CF9.e.2462"}]}
COMMAND: GET /session/e1a2e03b1e5782e94bb1152ef752ddf0/screenshot - {}
RESULT: {}
RESULT: {"script":"<script> [8489 bytes]","args":[{"element-6066-11e4-a52e-4f735466cecf":"f.04D253A817E55EB22DFE9CF0F4375160.d.1F3ECFCBC76CA7DF8B5A805018865CF9.e.2462","ELEMENT":"f.04D253A817E55EB22DFE9CF0F4375160.d.1F3ECFCBC76CA7DF8B5A805018865CF9.e.2462"}]}
COMMAND: POST /session/e1a2e03b1e5782e94bb1152ef752ddf0/execute/sync - {"script":"<script> [5351 bytes]","args":[{"element-6066-11e4-a52e-4f735466cecf":"f.04D253A817E55EB22DFE9CF0F4375160.d.1F3ECFCBC76CA7DF8B5A805018865CF9.e.2462","ELEMENT":"f.04D253A817E55EB22DFE9CF0F4375160.d.1F3ECFCBC76CA7DF8B5A805018865CF9.e.2462"}]}
COMMAND: GET /session/e1a2e03b1e5782e94bb1152ef752ddf0/screenshot - {}
RESULT: {}
RESULT: {"script":"<script> [5351 bytes]","args":[{"element-6066-11e4-a52e-4f735466cecf":"f.04D253A817E55EB22DFE9CF0F4375160.d.1F3ECFCBC76CA7DF8B5A805018865CF9.e.2462","ELEMENT":"f.04D253A817E55EB22DFE9CF0F4375160.d.1F3ECFCBC76CA7DF8B5A805018865CF9.e.2462"}]}
COMMAND: POST /session/e1a2e03b1e5782e94bb1152ef752ddf0/element/f.04D253A817E55EB22DFE9CF0F4375160.d.1F3ECFCBC76CA7DF8B5A805018865CF9.e.2462/click - {}
COMMAND: GET /session/e1a2e03b1e5782e94bb1152ef752ddf0/screenshot - {}
RESULT: {}
RESULT: {}
COMMAND: GET /session/e1a2e03b1e5782e94bb1152ef752ddf0/screenshot - {}
COMMAND: POST /session/e1a2e03b1e5782e94bb1152ef752ddf0/execute/async - {"script":"<script> [1562 bytes]","args":[{"selector":{"id":"application-managepartners-display-component---NewPartner--addressDetailDetailsName1","interaction":{"idSuffix":"inner"}},"wdio_ui5_key":"applicationmanagepartners-display-component---NewPartner--addressDetailDetailsName1"}]}
RESULT: {}
RESULT: {}
RESULT: {"script":"<script> [1562 bytes]","args":[{"selector":{"id":"application-managepartners-display-component---NewPartner--addressDetailDetailsName1","interaction":{"idSuffix":"inner"}},"wdio_ui5_key":"applicationmanagepartners-display-component---NewPartner--addressDetailDetailsName1"}]}
RESULT: undefined
COMMAND: POST /session/e1a2e03b1e5782e94bb1152ef752ddf0/execute/async - {"script":"<script> [776 bytes]","args":[{"enterText":"DailyPrice Partner WDIO","selector":{"id":"application-managepartners-display-component---NewPartner--addressDetailDetailsName1","interaction":{"idSuffix":"inner"}},"clearTextFirst":true,"interactionType":"ENTER_TEXT"}]}
RESULT: {"script":"<script> [776 bytes]","args":[{"enterText":"DailyPrice Partner WDIO","selector":{"id":"application-managepartners-display-component---NewPartner--addressDetailDetailsName1","interaction":{"idSuffix":"inner"}},"clearTextFirst":true,"interactionType":"ENTER_TEXT"}]}
COMMAND: POST /session/e1a2e03b1e5782e94bb1152ef752ddf0/execute/async - {"script":"<script> [1562 bytes]","args":[{"selector":{"id":"application-managepartners-display-component---NewPartner--addressDetailDetailsLanguage-arrow"},"wdio_ui5_key":"applicationmanagepartners-display-component---NewPartner--addressDetailDetailsLanguage-arrow"}]}
RESULT: {"script":"<script> [1562 bytes]","args":[{"selector":{"id":"application-managepartners-display-component---NewPartner--addressDetailDetailsLanguage-arrow"},"wdio_ui5_key":"applicationmanagepartners-display-component---NewPartner--addressDetailDetailsLanguage-arrow"}]}
RESULT: undefined
COMMAND: POST /session/e1a2e03b1e5782e94bb1152ef752ddf0/element - {"using":"xpath","value":"//*[@id=\"application-managepartners-display-component---NewPartner--addressDetailDetailsLanguage-arrow\"]"}
RESULT: {"using":"xpath","value":"//*[@id=\"application-managepartners-display-component---NewPartner--addressDetailDetailsLanguage-arrow\"]"}
COMMAND: POST /session/e1a2e03b1e5782e94bb1152ef752ddf0/element/f.04D253A817E55EB22DFE9CF0F4375160.d.1F3ECFCBC76CA7DF8B5A805018865CF9.e.2913/click - {}
RESULT: {}
COMMAND: POST /session/e1a2e03b1e5782e94bb1152ef752ddf0/element - {"using":"xpath","value":"//span[contains(text(), \"English\")]"}
COMMAND: GET /session/e1a2e03b1e5782e94bb1152ef752ddf0/screenshot - {}
RESULT: {"using":"xpath","value":"//span[contains(text(), \"English\")]"}
COMMAND: POST /session/e1a2e03b1e5782e94bb1152ef752ddf0/element/f.04D253A817E55EB22DFE9CF0F4375160.d.1F3ECFCBC76CA7DF8B5A805018865CF9.e.2914/click - {}
RESULT: {}
RESULT: {}
COMMAND: GET /session/e1a2e03b1e5782e94bb1152ef752ddf0/screenshot - {}
RESULT: {}
COMMAND: POST /session/e1a2e03b1e5782e94bb1152ef752ddf0/execute/async - {"script":"<script> [1562 bytes]","args":[{"selector":{"id":"application-managepartners-display-component---NewPartner--addressDetailDetailsCity1","interaction":{"idSuffix":"inner"}},"wdio_ui5_key":"applicationmanagepartners-display-component---NewPartner--addressDetailDetailsCity1"}]}
RESULT: {"script":"<script> [1562 bytes]","args":[{"selector":{"id":"application-managepartners-display-component---NewPartner--addressDetailDetailsCity1","interaction":{"idSuffix":"inner"}},"wdio_ui5_key":"applicationmanagepartners-display-component---NewPartner--addressDetailDetailsCity1"}]}
RESULT: undefined
COMMAND: POST /session/e1a2e03b1e5782e94bb1152ef752ddf0/execute/async - {"script":"<script> [776 bytes]","args":[{"enterText":"Rosario","selector":{"id":"application-managepartners-display-component---NewPartner--addressDetailDetailsCity1","interaction":{"idSuffix":"inner"}},"clearTextFirst":true,"interactionType":"ENTER_TEXT"}]}
RESULT: {"script":"<script> [776 bytes]","args":[{"enterText":"Rosario","selector":{"id":"application-managepartners-display-component---NewPartner--addressDetailDetailsCity1","interaction":{"idSuffix":"inner"}},"clearTextFirst":true,"interactionType":"ENTER_TEXT"}]}
COMMAND: POST /session/e1a2e03b1e5782e94bb1152ef752ddf0/execute/async - {"script":"<script> [1562 bytes]","args":[{"selector":{"id":"application-managepartners-display-component---NewPartner--addressDetailDetailsCountry-arrow"},"wdio_ui5_key":"applicationmanagepartners-display-component---NewPartner--addressDetailDetailsCountry-arrow"}]}
RESULT: {"script":"<script> [1562 bytes]","args":[{"selector":{"id":"application-managepartners-display-component---NewPartner--addressDetailDetailsCountry-arrow"},"wdio_ui5_key":"applicationmanagepartners-display-component---NewPartner--addressDetailDetailsCountry-arrow"}]}
RESULT: undefined
COMMAND: POST /session/e1a2e03b1e5782e94bb1152ef752ddf0/element - {"using":"xpath","value":"//*[@id=\"application-managepartners-display-component---NewPartner--addressDetailDetailsCountry-arrow\"]"}
RESULT: {"using":"xpath","value":"//*[@id=\"application-managepartners-display-component---NewPartner--addressDetailDetailsCountry-arrow\"]"}
COMMAND: POST /session/e1a2e03b1e5782e94bb1152ef752ddf0/element/f.04D253A817E55EB22DFE9CF0F4375160.d.1F3ECFCBC76CA7DF8B5A805018865CF9.e.2892/click - {}
RESULT: {}
COMMAND: POST /session/e1a2e03b1e5782e94bb1152ef752ddf0/element - {"using":"xpath","value":"//span[contains(text(), \"Argentina\")]"}
COMMAND: GET /session/e1a2e03b1e5782e94bb1152ef752ddf0/screenshot - {}
RESULT: {"using":"xpath","value":"//span[contains(text(), \"Argentina\")]"}
COMMAND: POST /session/e1a2e03b1e5782e94bb1152ef752ddf0/element/f.04D253A817E55EB22DFE9CF0F4375160.d.1F3ECFCBC76CA7DF8B5A805018865CF9.e.2916/click - {}
RESULT: {}
RESULT: {}
COMMAND: GET /session/e1a2e03b1e5782e94bb1152ef752ddf0/screenshot - {}
RESULT: {}
COMMAND: POST /session/e1a2e03b1e5782e94bb1152ef752ddf0/element - {"using":"xpath","value":"//bdi[contains(text(), \"Commercial\")]"}
RESULT: {"using":"xpath","value":"//bdi[contains(text(), \"Commercial\")]"}
COMMAND: POST /session/e1a2e03b1e5782e94bb1152ef752ddf0/element/f.04D253A817E55EB22DFE9CF0F4375160.d.1F3ECFCBC76CA7DF8B5A805018865CF9.e.2917/click - {}
RESULT: {}
COMMAND: GET /session/e1a2e03b1e5782e94bb1152ef752ddf0/screenshot - {}
RESULT: {}
COMMAND: POST /session/e1a2e03b1e5782e94bb1152ef752ddf0/execute/async - {"script":"<script> [1562 bytes]","args":[{"selector":{"id":"application-managepartners-display-component---NewPartner--partnerDetailInternal-arrow"},"wdio_ui5_key":"applicationmanagepartners-display-component---NewPartner--partnerDetailInternal-arrow"}]}
RESULT: {"script":"<script> [1562 bytes]","args":[{"selector":{"id":"application-managepartners-display-component---NewPartner--partnerDetailInternal-arrow"},"wdio_ui5_key":"applicationmanagepartners-display-component---NewPartner--partnerDetailInternal-arrow"}]}
RESULT: undefined
COMMAND: POST /session/e1a2e03b1e5782e94bb1152ef752ddf0/element - {"using":"xpath","value":"//*[@id=\"application-managepartners-display-component---NewPartner--partnerDetailInternal-arrow\"]"}
RESULT: {"using":"xpath","value":"//*[@id=\"application-managepartners-display-component---NewPartner--partnerDetailInternal-arrow\"]"}
COMMAND: POST /session/e1a2e03b1e5782e94bb1152ef752ddf0/element/f.04D253A817E55EB22DFE9CF0F4375160.d.1F3ECFCBC76CA7DF8B5A805018865CF9.e.2923/click - {}
RESULT: {}
COMMAND: POST /session/e1a2e03b1e5782e94bb1152ef752ddf0/element - {"using":"xpath","value":"//span[contains(text(), \"Affiliated company\")]"}
COMMAND: GET /session/e1a2e03b1e5782e94bb1152ef752ddf0/screenshot - {}
RESULT: {"using":"xpath","value":"//span[contains(text(), \"Affiliated company\")]"}
COMMAND: POST /session/e1a2e03b1e5782e94bb1152ef752ddf0/element/f.04D253A817E55EB22DFE9CF0F4375160.d.1F3ECFCBC76CA7DF8B5A805018865CF9.e.2924/click - {}
RESULT: {}
RESULT: {}
COMMAND: POST /session/e1a2e03b1e5782e94bb1152ef752ddf0/execute/async - {"script":"<script> [1562 bytes]","args":[{"selector":{"id":"application-managepartners-display-component---NewPartner--partnerDetailsCurrency-arrow"},"wdio_ui5_key":"applicationmanagepartners-display-component---NewPartner--partnerDetailsCurrency-arrow"}]}
COMMAND: GET /session/e1a2e03b1e5782e94bb1152ef752ddf0/screenshot - {}
RESULT: {"script":"<script> [1562 bytes]","args":[{"selector":{"id":"application-managepartners-display-component---NewPartner--partnerDetailsCurrency-arrow"},"wdio_ui5_key":"applicationmanagepartners-display-component---NewPartner--partnerDetailsCurrency-arrow"}]}
RESULT: undefined
COMMAND: POST /session/e1a2e03b1e5782e94bb1152ef752ddf0/element - {"using":"xpath","value":"//*[@id=\"application-managepartners-display-component---NewPartner--partnerDetailsCurrency-arrow\"]"}
RESULT: {}
RESULT: {"using":"xpath","value":"//*[@id=\"application-managepartners-display-component---NewPartner--partnerDetailsCurrency-arrow\"]"}
COMMAND: POST /session/e1a2e03b1e5782e94bb1152ef752ddf0/element/f.04D253A817E55EB22DFE9CF0F4375160.d.1F3ECFCBC76CA7DF8B5A805018865CF9.e.2931/click - {}
RESULT: {}
COMMAND: POST /session/e1a2e03b1e5782e94bb1152ef752ddf0/element - {"using":"xpath","value":"//span[contains(text(), \"Euro\")]"}
COMMAND: GET /session/e1a2e03b1e5782e94bb1152ef752ddf0/screenshot - {}
RESULT: {"using":"xpath","value":"//span[contains(text(), \"Euro\")]"}
COMMAND: POST /session/e1a2e03b1e5782e94bb1152ef752ddf0/element/f.04D253A817E55EB22DFE9CF0F4375160.d.1F3ECFCBC76CA7DF8B5A805018865CF9.e.2932/click - {}
RESULT: {}
RESULT: {}
COMMAND: POST /session/e1a2e03b1e5782e94bb1152ef752ddf0/execute/async - {"script":"<script> [1562 bytes]","args":[{"selector":{"id":"application-managepartners-display-component---NewPartner--addressEditDetailsCostObjectCstType-arrow"},"wdio_ui5_key":"applicationmanagepartners-display-component---NewPartner--addressEditDetailsCostObjectCstType-arrow"}]}
COMMAND: GET /session/e1a2e03b1e5782e94bb1152ef752ddf0/screenshot - {}
RESULT: {"script":"<script> [1562 bytes]","args":[{"selector":{"id":"application-managepartners-display-component---NewPartner--addressEditDetailsCostObjectCstType-arrow"},"wdio_ui5_key":"applicationmanagepartners-display-component---NewPartner--addressEditDetailsCostObjectCstType-arrow"}]}
RESULT: undefined
COMMAND: POST /session/e1a2e03b1e5782e94bb1152ef752ddf0/element - {"using":"xpath","value":"//*[@id=\"application-managepartners-display-component---NewPartner--addressEditDetailsCostObjectCstType-arrow\"]"}
RESULT: {}
RESULT: {"using":"xpath","value":"//*[@id=\"application-managepartners-display-component---NewPartner--addressEditDetailsCostObjectCstType-arrow\"]"}
COMMAND: POST /session/e1a2e03b1e5782e94bb1152ef752ddf0/element/f.04D253A817E55EB22DFE9CF0F4375160.d.1F3ECFCBC76CA7DF8B5A805018865CF9.e.2933/click - {}
RESULT: {}
COMMAND: POST /session/e1a2e03b1e5782e94bb1152ef752ddf0/element - {"using":"xpath","value":"//span[contains(text(), \"Cost Center\")]"}
COMMAND: GET /session/e1a2e03b1e5782e94bb1152ef752ddf0/screenshot - {}
RESULT: {"using":"xpath","value":"//span[contains(text(), \"Cost Center\")]"}
COMMAND: POST /session/e1a2e03b1e5782e94bb1152ef752ddf0/element/f.04D253A817E55EB22DFE9CF0F4375160.d.1F3ECFCBC76CA7DF8B5A805018865CF9.e.2934/click - {}
RESULT: {}
RESULT: {}
COMMAND: GET /session/e1a2e03b1e5782e94bb1152ef752ddf0/screenshot - {}
RESULT: {}
COMMAND: POST /session/e1a2e03b1e5782e94bb1152ef752ddf0/element - {"using":"xpath","value":"//span[@id=\"application-managepartners-display-component---NewPartner--addressNewCostObjectCstID-vhi\"]"}
RESULT: {"using":"xpath","value":"//span[@id=\"application-managepartners-display-component---NewPartner--addressNewCostObjectCstID-vhi\"]"}
COMMAND: POST /session/e1a2e03b1e5782e94bb1152ef752ddf0/execute/sync - {"script":"<script> [8489 bytes]","args":[{"element-6066-11e4-a52e-4f735466cecf":"f.04D253A817E55EB22DFE9CF0F4375160.d.1F3ECFCBC76CA7DF8B5A805018865CF9.e.2937","ELEMENT":"f.04D253A817E55EB22DFE9CF0F4375160.d.1F3ECFCBC76CA7DF8B5A805018865CF9.e.2937"}]}
RESULT: {"script":"<script> [8489 bytes]","args":[{"element-6066-11e4-a52e-4f735466cecf":"f.04D253A817E55EB22DFE9CF0F4375160.d.1F3ECFCBC76CA7DF8B5A805018865CF9.e.2937","ELEMENT":"f.04D253A817E55EB22DFE9CF0F4375160.d.1F3ECFCBC76CA7DF8B5A805018865CF9.e.2937"}]}
COMMAND: POST /session/e1a2e03b1e5782e94bb1152ef752ddf0/execute/async - {"script":"<script> [1562 bytes]","args":[{"selector":{"id":"application-managepartners-display-component---NewPartner--addressNewCostObjectCstID-vhi"},"wdio_ui5_key":"applicationmanagepartners-display-component---NewPartner--addressNewCostObjectCstID-vhi"}]}
COMMAND: GET /session/e1a2e03b1e5782e94bb1152ef752ddf0/screenshot - {}
RESULT: {"script":"<script> [1562 bytes]","args":[{"selector":{"id":"application-managepartners-display-component---NewPartner--addressNewCostObjectCstID-vhi"},"wdio_ui5_key":"applicationmanagepartners-display-component---NewPartner--addressNewCostObjectCstID-vhi"}]}
RESULT: undefined
COMMAND: POST /session/e1a2e03b1e5782e94bb1152ef752ddf0/element - {"using":"xpath","value":"//*[@id=\"application-managepartners-display-component---NewPartner--addressNewCostObjectCstID-vhi\"]"}
RESULT: {}
RESULT: {"using":"xpath","value":"//*[@id=\"application-managepartners-display-component---NewPartner--addressNewCostObjectCstID-vhi\"]"}
COMMAND: POST /session/e1a2e03b1e5782e94bb1152ef752ddf0/element/f.04D253A817E55EB22DFE9CF0F4375160.d.1F3ECFCBC76CA7DF8B5A805018865CF9.e.2937/click - {}
RESULT: {}
COMMAND: GET /session/e1a2e03b1e5782e94bb1152ef752ddf0/screenshot - {}
RESULT: {}
COMMAND: POST /session/e1a2e03b1e5782e94bb1152ef752ddf0/execute/async - {"script":"<script> [1562 bytes]","args":[{"selector":{"controlType":"sap.m.SearchField","properties":{"placeholder":"Search"},"searchOpenDialogs":true,"interaction":{"idSuffix":"I"}},"wdio_ui5_key":"sapm.SearchField{\"placeholder\":\"Search\"}"}]}
RESULT: {"script":"<script> [1562 bytes]","args":[{"selector":{"controlType":"sap.m.SearchField","properties":{"placeholder":"Search"},"searchOpenDialogs":true,"interaction":{"idSuffix":"I"}},"wdio_ui5_key":"sapm.SearchField{\"placeholder\":\"Search\"}"}]}
RESULT: undefined
COMMAND: POST /session/e1a2e03b1e5782e94bb1152ef752ddf0/execute/async - {"script":"<script> [776 bytes]","args":[{"enterText":"10001013","selector":{"controlType":"sap.m.SearchField","properties":{"placeholder":"Search"},"searchOpenDialogs":true,"interaction":{"idSuffix":"I"}},"clearTextFirst":true,"interactionType":"ENTER_TEXT"}]}
RESULT: {"script":"<script> [776 bytes]","args":[{"enterText":"10001013","selector":{"controlType":"sap.m.SearchField","properties":{"placeholder":"Search"},"searchOpenDialogs":true,"interaction":{"idSuffix":"I"}},"clearTextFirst":true,"interactionType":"ENTER_TEXT"}]}
COMMAND: POST /session/e1a2e03b1e5782e94bb1152ef752ddf0/actions - {"actions":[{"id":"action10","type":"key","parameters":{},"actions":[{"type":"keyDown","value":""},{"type":"pause","duration":10},{"type":"keyUp","value":""}]}]}
RESULT: {"actions":[{"id":"action10","type":"key","parameters":{},"actions":[{"type":"keyDown","value":""},{"type":"pause","duration":10},{"type":"keyUp","value":""}]}]}
COMMAND: GET /session/e1a2e03b1e5782e94bb1152ef752ddf0/screenshot - {}
RESULT: {}
COMMAND: POST /session/e1a2e03b1e5782e94bb1152ef752ddf0/element - {"using":"xpath","value":"//span[contains(text(), \"General Management\")]"}
RESULT: {"using":"xpath","value":"//span[contains(text(), \"General Management\")]"}
COMMAND: POST /session/e1a2e03b1e5782e94bb1152ef752ddf0/element/f.04D253A817E55EB22DFE9CF0F4375160.d.1F3ECFCBC76CA7DF8B5A805018865CF9.e.2979/click - {}
RESULT: {}
COMMAND: GET /session/e1a2e03b1e5782e94bb1152ef752ddf0/screenshot - {}
RESULT: {}
COMMAND: POST /session/e1a2e03b1e5782e94bb1152ef752ddf0/element - {"using":"xpath","value":"//bdi[contains(text(), \"OK\")]"}
RESULT: {"using":"xpath","value":"//bdi[contains(text(), \"OK\")]"}
COMMAND: POST /session/e1a2e03b1e5782e94bb1152ef752ddf0/element/f.04D253A817E55EB22DFE9CF0F4375160.d.1F3ECFCBC76CA7DF8B5A805018865CF9.e.2980/click - {}
RESULT: {}
COMMAND: GET /session/e1a2e03b1e5782e94bb1152ef752ddf0/screenshot - {}
RESULT: {}
COMMAND: POST /session/e1a2e03b1e5782e94bb1152ef752ddf0/element - {"using":"xpath","value":"//input[@id=\"application-managepartners-display-component---NewPartner--companyCodeComboBox-inner\"]"}
RESULT: {"using":"xpath","value":"//input[@id=\"application-managepartners-display-component---NewPartner--companyCodeComboBox-inner\"]"}
COMMAND: POST /session/e1a2e03b1e5782e94bb1152ef752ddf0/element/f.04D253A817E55EB22DFE9CF0F4375160.d.1F3ECFCBC76CA7DF8B5A805018865CF9.e.2826/clear - {}
RESULT: {}
COMMAND: POST /session/e1a2e03b1e5782e94bb1152ef752ddf0/element/f.04D253A817E55EB22DFE9CF0F4375160.d.1F3ECFCBC76CA7DF8B5A805018865CF9.e.2826/value - {"text":"C002"}
COMMAND: GET /session/e1a2e03b1e5782e94bb1152ef752ddf0/screenshot - {}
RESULT: {"text":"C002"}
COMMAND: GET /session/e1a2e03b1e5782e94bb1152ef752ddf0/screenshot - {}
RESULT: {}
RESULT: {}
COMMAND: POST /session/e1a2e03b1e5782e94bb1152ef752ddf0/element - {"using":"xpath","value":"//span[contains(text(), \"C002\")]"}
RESULT: {"using":"xpath","value":"//span[contains(text(), \"C002\")]"}
COMMAND: POST /session/e1a2e03b1e5782e94bb1152ef752ddf0/element/f.04D253A817E55EB22DFE9CF0F4375160.d.1F3ECFCBC76CA7DF8B5A805018865CF9.e.2986/click - {}
RESULT: {}
COMMAND: GET /session/e1a2e03b1e5782e94bb1152ef752ddf0/screenshot - {}
RESULT: {}
COMMAND: POST /session/e1a2e03b1e5782e94bb1152ef752ddf0/execute/async - {"script":"<script> [1562 bytes]","args":[{"selector":{"id":"application-managepartners-display-component---NewPartner--btnAddTableRow-img"},"wdio_ui5_key":"applicationmanagepartners-display-component---NewPartner--btnAddTableRow-img"}]}
RESULT: {"script":"<script> [1562 bytes]","args":[{"selector":{"id":"application-managepartners-display-component---NewPartner--btnAddTableRow-img"},"wdio_ui5_key":"applicationmanagepartners-display-component---NewPartner--btnAddTableRow-img"}]}
RESULT: undefined
COMMAND: POST /session/e1a2e03b1e5782e94bb1152ef752ddf0/element - {"using":"xpath","value":"//*[@id=\"application-managepartners-display-component---NewPartner--btnAddTableRow-img\"]"}
RESULT: {"using":"xpath","value":"//*[@id=\"application-managepartners-display-component---NewPartner--btnAddTableRow-img\"]"}
COMMAND: POST /session/e1a2e03b1e5782e94bb1152ef752ddf0/element/f.04D253A817E55EB22DFE9CF0F4375160.d.1F3ECFCBC76CA7DF8B5A805018865CF9.e.2987/click - {}
RESULT: {}
COMMAND: GET /session/e1a2e03b1e5782e94bb1152ef752ddf0/screenshot - {}
RESULT: {}
COMMAND: POST /session/e1a2e03b1e5782e94bb1152ef752ddf0/element - {"using":"xpath","value":"//input[@id=\"application-managepartners-display-component---NewPartner--assignmentYard-application-managepartners-display-component---NewPartner--assignmentsTable-0-inner\"]"}
RESULT: {"using":"xpath","value":"//input[@id=\"application-managepartners-display-component---NewPartner--assignmentYard-application-managepartners-display-component---NewPartner--assignmentsTable-0-inner\"]"}
COMMAND: POST /session/e1a2e03b1e5782e94bb1152ef752ddf0/element/f.04D253A817E55EB22DFE9CF0F4375160.d.1F3ECFCBC76CA7DF8B5A805018865CF9.e.2990/clear - {}
RESULT: {}
COMMAND: POST /session/e1a2e03b1e5782e94bb1152ef752ddf0/element/f.04D253A817E55EB22DFE9CF0F4375160.d.1F3ECFCBC76CA7DF8B5A805018865CF9.e.2990/value - {"text":"254"}
COMMAND: GET /session/e1a2e03b1e5782e94bb1152ef752ddf0/screenshot - {}
RESULT: {"text":"254"}
COMMAND: GET /session/e1a2e03b1e5782e94bb1152ef752ddf0/screenshot - {}
RESULT: {}
RESULT: {}
COMMAND: POST /session/e1a2e03b1e5782e94bb1152ef752ddf0/element - {"using":"xpath","value":"//li[.//span[text()='254']]"}
RESULT: {"using":"xpath","value":"//li[.//span[text()='254']]"}
COMMAND: POST /session/e1a2e03b1e5782e94bb1152ef752ddf0/element/f.04D253A817E55EB22DFE9CF0F4375160.d.1F3ECFCBC76CA7DF8B5A805018865CF9.e.3000/click - {}
RESULT: {}
COMMAND: GET /session/e1a2e03b1e5782e94bb1152ef752ddf0/screenshot - {}
RESULT: {}
COMMAND: POST /session/e1a2e03b1e5782e94bb1152ef752ddf0/actions - {"actions":[{"id":"action11","type":"key","parameters":{},"actions":[{"type":"keyDown","value":""},{"type":"pause","duration":10},{"type":"keyUp","value":""}]}]}
RESULT: {"actions":[{"id":"action11","type":"key","parameters":{},"actions":[{"type":"keyDown","value":""},{"type":"pause","duration":10},{"type":"keyUp","value":""}]}]}
COMMAND: POST /session/e1a2e03b1e5782e94bb1152ef752ddf0/execute/async - {"script":"<script> [1562 bytes]","args":[{"selector":{"id":"application-managepartners-display-component---NewPartner--externalCustomerComboBox-application-managepartners-display-component---NewPartner--assignmentsTable-0-vhi"},"wdio_ui5_key":"applicationmanagepartners-display-component---NewPartner--externalCustomerComboBox-application-managepartners-display-component---NewPartner--assignmentsTable-0-vhi"}]}
COMMAND: GET /session/e1a2e03b1e5782e94bb1152ef752ddf0/screenshot - {}
RESULT: {"script":"<script> [1562 bytes]","args":[{"selector":{"id":"application-managepartners-display-component---NewPartner--externalCustomerComboBox-application-managepartners-display-component---NewPartner--assignmentsTable-0-vhi"},"wdio_ui5_key":"applicationmanagepartners-display-component---NewPartner--externalCustomerComboBox-application-managepartners-display-component---NewPartner--assignmentsTable-0-vhi"}]}
RESULT: undefined
COMMAND: POST /session/e1a2e03b1e5782e94bb1152ef752ddf0/element - {"using":"xpath","value":"//*[@id=\"application-managepartners-display-component---NewPartner--externalCustomerComboBox-application-managepartners-display-component---NewPartner--assignmentsTable-0-vhi\"]"}
RESULT: {}
RESULT: {"using":"xpath","value":"//*[@id=\"application-managepartners-display-component---NewPartner--externalCustomerComboBox-application-managepartners-display-component---NewPartner--assignmentsTable-0-vhi\"]"}
COMMAND: POST /session/e1a2e03b1e5782e94bb1152ef752ddf0/element/f.04D253A817E55EB22DFE9CF0F4375160.d.1F3ECFCBC76CA7DF8B5A805018865CF9.e.3004/click - {}
RESULT: {}
RESULT: undefined
COMMAND: POST /session/e1a2e03b1e5782e94bb1152ef752ddf0/execute/async - {"script":"<script> [776 bytes]","args":[{"enterText":"300003","selector":{"controlType":"sap.m.SearchField","properties":{"placeholder":"Search"},"searchOpenDialogs":true,"interaction":{"idSuffix":"I"}},"clearTextFirst":true,"interactionType":"ENTER_TEXT"}]}
COMMAND: GET /session/e1a2e03b1e5782e94bb1152ef752ddf0/screenshot - {}
RESULT: {"script":"<script> [776 bytes]","args":[{"enterText":"300003","selector":{"controlType":"sap.m.SearchField","properties":{"placeholder":"Search"},"searchOpenDialogs":true,"interaction":{"idSuffix":"I"}},"clearTextFirst":true,"interactionType":"ENTER_TEXT"}]}
COMMAND: POST /session/e1a2e03b1e5782e94bb1152ef752ddf0/actions - {"actions":[{"id":"action12","type":"key","parameters":{},"actions":[{"type":"keyDown","value":""},{"type":"pause","duration":10},{"type":"keyUp","value":""}]}]}
RESULT: {}
RESULT: {"actions":[{"id":"action12","type":"key","parameters":{},"actions":[{"type":"keyDown","value":""},{"type":"pause","duration":10},{"type":"keyUp","value":""}]}]}
COMMAND: GET /session/e1a2e03b1e5782e94bb1152ef752ddf0/screenshot - {}
RESULT: {}
COMMAND: POST /session/e1a2e03b1e5782e94bb1152ef752ddf0/element - {"using":"xpath","value":"//span[contains(text(), \"300003\")]"}
RESULT: {"using":"xpath","value":"//span[contains(text(), \"300003\")]"}
COMMAND: POST /session/e1a2e03b1e5782e94bb1152ef752ddf0/element/f.04D253A817E55EB22DFE9CF0F4375160.d.1F3ECFCBC76CA7DF8B5A805018865CF9.e.3021/click - {}
RESULT: {}
COMMAND: GET /session/e1a2e03b1e5782e94bb1152ef752ddf0/screenshot - {}
RESULT: {}
COMMAND: POST /session/e1a2e03b1e5782e94bb1152ef752ddf0/element - {"using":"xpath","value":"//bdi[contains(text(), \"OK\")]"}
RESULT: {"using":"xpath","value":"//bdi[contains(text(), \"OK\")]"}
COMMAND: POST /session/e1a2e03b1e5782e94bb1152ef752ddf0/element/f.04D253A817E55EB22DFE9CF0F4375160.d.1F3ECFCBC76CA7DF8B5A805018865CF9.e.3023/click - {}
RESULT: {}
COMMAND: GET /session/e1a2e03b1e5782e94bb1152ef752ddf0/screenshot - {}
COMMAND: POST /session/e1a2e03b1e5782e94bb1152ef752ddf0/execute/async - {"script":"<script> [1562 bytes]","args":[{"selector":{"id":"application-managepartners-display-component---NewPartner--intercompVendorComboBox-application-managepartners-display-component---NewPartner--assignmentsTable-0-vhi"},"wdio_ui5_key":"applicationmanagepartners-display-component---NewPartner--intercompVendorComboBox-application-managepartners-display-component---NewPartner--assignmentsTable-0-vhi"}]}
RESULT: {}
RESULT: {"script":"<script> [1562 bytes]","args":[{"selector":{"id":"application-managepartners-display-component---NewPartner--intercompVendorComboBox-application-managepartners-display-component---NewPartner--assignmentsTable-0-vhi"},"wdio_ui5_key":"applicationmanagepartners-display-component---NewPartner--intercompVendorComboBox-application-managepartners-display-component---NewPartner--assignmentsTable-0-vhi"}]}
RESULT: undefined
COMMAND: POST /session/e1a2e03b1e5782e94bb1152ef752ddf0/element - {"using":"xpath","value":"//*[@id=\"application-managepartners-display-component---NewPartner--intercompVendorComboBox-application-managepartners-display-component---NewPartner--assignmentsTable-0-vhi\"]"}
RESULT: {"using":"xpath","value":"//*[@id=\"application-managepartners-display-component---NewPartner--intercompVendorComboBox-application-managepartners-display-component---NewPartner--assignmentsTable-0-vhi\"]"}
COMMAND: POST /session/e1a2e03b1e5782e94bb1152ef752ddf0/element/f.04D253A817E55EB22DFE9CF0F4375160.d.1F3ECFCBC76CA7DF8B5A805018865CF9.e.3027/click - {}
RESULT: {}
RESULT: undefined
COMMAND: POST /session/e1a2e03b1e5782e94bb1152ef752ddf0/execute/async - {"script":"<script> [776 bytes]","args":[{"enterText":"100005","selector":{"controlType":"sap.m.SearchField","properties":{"placeholder":"Search"},"searchOpenDialogs":true,"interaction":{"idSuffix":"I"}},"clearTextFirst":true,"interactionType":"ENTER_TEXT"}]}
COMMAND: GET /session/e1a2e03b1e5782e94bb1152ef752ddf0/screenshot - {}
RESULT: {"script":"<script> [776 bytes]","args":[{"enterText":"100005","selector":{"controlType":"sap.m.SearchField","properties":{"placeholder":"Search"},"searchOpenDialogs":true,"interaction":{"idSuffix":"I"}},"clearTextFirst":true,"interactionType":"ENTER_TEXT"}]}
COMMAND: POST /session/e1a2e03b1e5782e94bb1152ef752ddf0/actions - {"actions":[{"id":"action13","type":"key","parameters":{},"actions":[{"type":"keyDown","value":""},{"type":"pause","duration":10},{"type":"keyUp","value":""}]}]}
RESULT: {}
RESULT: {"actions":[{"id":"action13","type":"key","parameters":{},"actions":[{"type":"keyDown","value":""},{"type":"pause","duration":10},{"type":"keyUp","value":""}]}]}
COMMAND: GET /session/e1a2e03b1e5782e94bb1152ef752ddf0/screenshot - {}
RESULT: {}
COMMAND: POST /session/e1a2e03b1e5782e94bb1152ef752ddf0/element - {"using":"xpath","value":"//span[contains(text(), \"Penguins - Field/12345 Berlin\")]"}
RESULT: {"using":"xpath","value":"//span[contains(text(), \"Penguins - Field/12345 Berlin\")]"}
COMMAND: POST /session/e1a2e03b1e5782e94bb1152ef752ddf0/element/f.04D253A817E55EB22DFE9CF0F4375160.d.1F3ECFCBC76CA7DF8B5A805018865CF9.e.3045/click - {}
RESULT: {}
COMMAND: GET /session/e1a2e03b1e5782e94bb1152ef752ddf0/screenshot - {}
RESULT: {}
COMMAND: POST /session/e1a2e03b1e5782e94bb1152ef752ddf0/element - {"using":"xpath","value":"//bdi[contains(text(), \"OK\")]"}
RESULT: {"using":"xpath","value":"//bdi[contains(text(), \"OK\")]"}
COMMAND: POST /session/e1a2e03b1e5782e94bb1152ef752ddf0/element/f.04D253A817E55EB22DFE9CF0F4375160.d.1F3ECFCBC76CA7DF8B5A805018865CF9.e.3046/click - {}
RESULT: {}
COMMAND: GET /session/e1a2e03b1e5782e94bb1152ef752ddf0/screenshot - {}
RESULT: {}
COMMAND: POST /session/e1a2e03b1e5782e94bb1152ef752ddf0/element - {"using":"xpath","value":"//button[@data-kt=\"saveButton\"]"}
RESULT: {"using":"xpath","value":"//button[@data-kt=\"saveButton\"]"}
COMMAND: POST /session/e1a2e03b1e5782e94bb1152ef752ddf0/element/f.04D253A817E55EB22DFE9CF0F4375160.d.1F3ECFCBC76CA7DF8B5A805018865CF9.e.2888/click - {}
RESULT: {}
COMMAND: GET /session/e1a2e03b1e5782e94bb1152ef752ddf0/screenshot - {}
RESULT: {}
COMMAND: POST /session/e1a2e03b1e5782e94bb1152ef752ddf0/element - {"using":"xpath","value":"//header[contains(@id, 'ObjectPageLayout-headerTitle')]/div[1]/div[2]/div[2]/span[1]"}
RESULT: {"using":"xpath","value":"//header[contains(@id, 'ObjectPageLayout-headerTitle')]/div[1]/div[2]/div[2]/span[1]"}
COMMAND: POST /session/e1a2e03b1e5782e94bb1152ef752ddf0/elements - {"using":"xpath","value":"//header[contains(@id, 'ObjectPageLayout-headerTitle')]/div[1]/div[2]/div[2]/span[1]"}
RESULT: {"using":"xpath","value":"//header[contains(@id, 'ObjectPageLayout-headerTitle')]/div[1]/div[2]/div[2]/span[1]"}
COMMAND: POST /session/e1a2e03b1e5782e94bb1152ef752ddf0/execute/sync - {"script":"<script> [56 bytes]","args":[{"element-6066-11e4-a52e-4f735466cecf":"f.04D253A817E55EB22DFE9CF0F4375160.d.1F3ECFCBC76CA7DF8B5A805018865CF9.e.3210","ELEMENT":"f.04D253A817E55EB22DFE9CF0F4375160.d.1F3ECFCBC76CA7DF8B5A805018865CF9.e.3210"}]}
RESULT: {"script":"<script> [56 bytes]","args":[{"element-6066-11e4-a52e-4f735466cecf":"f.04D253A817E55EB22DFE9CF0F4375160.d.1F3ECFCBC76CA7DF8B5A805018865CF9.e.3210","ELEMENT":"f.04D253A817E55EB22DFE9CF0F4375160.d.1F3ECFCBC76CA7DF8B5A805018865CF9.e.3210"}]}
COMMAND: POST /session/e1a2e03b1e5782e94bb1152ef752ddf0/element - {"using":"css selector","value":"#shell-header-logo"}
COMMAND: GET /session/e1a2e03b1e5782e94bb1152ef752ddf0/screenshot - {}
RESULT: {"using":"css selector","value":"#shell-header-logo"}
COMMAND: POST /session/e1a2e03b1e5782e94bb1152ef752ddf0/element/f.04D253A817E55EB22DFE9CF0F4375160.d.1F3ECFCBC76CA7DF8B5A805018865CF9.e.2427/click - {}
RESULT: {}
RESULT: {}
COMMAND: GET /session/e1a2e03b1e5782e94bb1152ef752ddf0/screenshot - {}
RESULT: {}
]]></system-out>
    </testcase>
    <testcase classname="chrome.135_0_7049_42.windows.Edit_and_delete_daily_price_US134629_US134627" name="Should create a new site used for following tests" time="100.302">
      <system-out><![CDATA[
COMMAND: POST /session/e1a2e03b1e5782e94bb1152ef752ddf0/execute/async - {"script":"<script> [1562 bytes]","args":[{"selector":{"controlType":"sap.m.TileContent","bindingPath":{"path":"","propertyPath":"/properties/info"},"ancestor":{"controlType":"sap.m.GenericTile","properties":{"header":"Manage Sites"}}},"wdio_ui5_key":"sapm.TileContent{\"path\":\"\",\"propertyPath\":\"/properties/info\"}{\"controlType\":\"sap.m.GenericTile\",\"properties\":{\"header\":\"Manage Sites\"}}"}]}
RESULT: {"script":"<script> [1562 bytes]","args":[{"selector":{"controlType":"sap.m.TileContent","bindingPath":{"path":"","propertyPath":"/properties/info"},"ancestor":{"controlType":"sap.m.GenericTile","properties":{"header":"Manage Sites"}}},"wdio_ui5_key":"sapm.TileContent{\"path\":\"\",\"propertyPath\":\"/properties/info\"}{\"controlType\":\"sap.m.GenericTile\",\"properties\":{\"header\":\"Manage Sites\"}}"}]}
RESULT: undefined
COMMAND: POST /session/e1a2e03b1e5782e94bb1152ef752ddf0/element - {"using":"xpath","value":"//*[@id=\"__xmlview7--numericTileContent\"]"}
RESULT: {"using":"xpath","value":"//*[@id=\"__xmlview7--numericTileContent\"]"}
COMMAND: POST /session/e1a2e03b1e5782e94bb1152ef752ddf0/element/f.04D253A817E55EB22DFE9CF0F4375160.d.1F3ECFCBC76CA7DF8B5A805018865CF9.e.3212/click - {}
RESULT: {}
COMMAND: POST /session/e1a2e03b1e5782e94bb1152ef752ddf0/element - {"using":"xpath","value":"//button[@data-kt=\"addOverflowToolbarButton\"]"}
COMMAND: GET /session/e1a2e03b1e5782e94bb1152ef752ddf0/screenshot - {}
RESULT: {"using":"xpath","value":"//button[@data-kt=\"addOverflowToolbarButton\"]"}
COMMAND: POST /session/e1a2e03b1e5782e94bb1152ef752ddf0/elements - {"using":"xpath","value":"//button[@data-kt=\"addOverflowToolbarButton\"]"}
RESULT: {}
RESULT: {"using":"xpath","value":"//button[@data-kt=\"addOverflowToolbarButton\"]"}
COMMAND: POST /session/e1a2e03b1e5782e94bb1152ef752ddf0/elements - {"using":"xpath","value":"//button[@data-kt=\"addOverflowToolbarButton\"]"}
RESULT: {"using":"xpath","value":"//button[@data-kt=\"addOverflowToolbarButton\"]"}
COMMAND: POST /session/e1a2e03b1e5782e94bb1152ef752ddf0/elements - {"using":"xpath","value":"//button[@data-kt=\"addOverflowToolbarButton\"]"}
RESULT: {"using":"xpath","value":"//button[@data-kt=\"addOverflowToolbarButton\"]"}
COMMAND: POST /session/e1a2e03b1e5782e94bb1152ef752ddf0/elements - {"using":"xpath","value":"//button[@data-kt=\"addOverflowToolbarButton\"]"}
RESULT: {"using":"xpath","value":"//button[@data-kt=\"addOverflowToolbarButton\"]"}
COMMAND: POST /session/e1a2e03b1e5782e94bb1152ef752ddf0/element - {"using":"xpath","value":"//button[@data-kt=\"addOverflowToolbarButton\"]"}
RESULT: {"using":"xpath","value":"//button[@data-kt=\"addOverflowToolbarButton\"]"}
COMMAND: POST /session/e1a2e03b1e5782e94bb1152ef752ddf0/execute/sync - {"script":"<script> [8489 bytes]","args":[{"element-6066-11e4-a52e-4f735466cecf":"f.04D253A817E55EB22DFE9CF0F4375160.d.1F3ECFCBC76CA7DF8B5A805018865CF9.e.3258","ELEMENT":"f.04D253A817E55EB22DFE9CF0F4375160.d.1F3ECFCBC76CA7DF8B5A805018865CF9.e.3258"}]}
RESULT: {"script":"<script> [8489 bytes]","args":[{"element-6066-11e4-a52e-4f735466cecf":"f.04D253A817E55EB22DFE9CF0F4375160.d.1F3ECFCBC76CA7DF8B5A805018865CF9.e.3258","ELEMENT":"f.04D253A817E55EB22DFE9CF0F4375160.d.1F3ECFCBC76CA7DF8B5A805018865CF9.e.3258"}]}
COMMAND: GET /session/e1a2e03b1e5782e94bb1152ef752ddf0/element/f.04D253A817E55EB22DFE9CF0F4375160.d.1F3ECFCBC76CA7DF8B5A805018865CF9.e.3258/enabled - {}
COMMAND: GET /session/e1a2e03b1e5782e94bb1152ef752ddf0/screenshot - {}
RESULT: {}
COMMAND: POST /session/e1a2e03b1e5782e94bb1152ef752ddf0/execute/sync - {"script":"<script> [8489 bytes]","args":[{"element-6066-11e4-a52e-4f735466cecf":"f.04D253A817E55EB22DFE9CF0F4375160.d.1F3ECFCBC76CA7DF8B5A805018865CF9.e.3258","ELEMENT":"f.04D253A817E55EB22DFE9CF0F4375160.d.1F3ECFCBC76CA7DF8B5A805018865CF9.e.3258"}]}
COMMAND: GET /session/e1a2e03b1e5782e94bb1152ef752ddf0/screenshot - {}
RESULT: {}
RESULT: {"script":"<script> [8489 bytes]","args":[{"element-6066-11e4-a52e-4f735466cecf":"f.04D253A817E55EB22DFE9CF0F4375160.d.1F3ECFCBC76CA7DF8B5A805018865CF9.e.3258","ELEMENT":"f.04D253A817E55EB22DFE9CF0F4375160.d.1F3ECFCBC76CA7DF8B5A805018865CF9.e.3258"}]}
COMMAND: POST /session/e1a2e03b1e5782e94bb1152ef752ddf0/execute/sync - {"script":"<script> [5351 bytes]","args":[{"element-6066-11e4-a52e-4f735466cecf":"f.04D253A817E55EB22DFE9CF0F4375160.d.1F3ECFCBC76CA7DF8B5A805018865CF9.e.3258","ELEMENT":"f.04D253A817E55EB22DFE9CF0F4375160.d.1F3ECFCBC76CA7DF8B5A805018865CF9.e.3258"}]}
COMMAND: GET /session/e1a2e03b1e5782e94bb1152ef752ddf0/screenshot - {}
RESULT: {}
RESULT: {"script":"<script> [5351 bytes]","args":[{"element-6066-11e4-a52e-4f735466cecf":"f.04D253A817E55EB22DFE9CF0F4375160.d.1F3ECFCBC76CA7DF8B5A805018865CF9.e.3258","ELEMENT":"f.04D253A817E55EB22DFE9CF0F4375160.d.1F3ECFCBC76CA7DF8B5A805018865CF9.e.3258"}]}
COMMAND: POST /session/e1a2e03b1e5782e94bb1152ef752ddf0/element/f.04D253A817E55EB22DFE9CF0F4375160.d.1F3ECFCBC76CA7DF8B5A805018865CF9.e.3258/click - {}
COMMAND: GET /session/e1a2e03b1e5782e94bb1152ef752ddf0/screenshot - {}
RESULT: {}
RESULT: {}
COMMAND: GET /session/e1a2e03b1e5782e94bb1152ef752ddf0/screenshot - {}
COMMAND: POST /session/e1a2e03b1e5782e94bb1152ef752ddf0/execute/async - {"script":"<script> [1562 bytes]","args":[{"selector":{"id":"application-managesites-display-component---NewSite--addressDetailDetailsName1","interaction":{"idSuffix":"inner"}},"wdio_ui5_key":"applicationmanagesites-display-component---NewSite--addressDetailDetailsName1"}]}
RESULT: {}
RESULT: {}
RESULT: {"script":"<script> [1562 bytes]","args":[{"selector":{"id":"application-managesites-display-component---NewSite--addressDetailDetailsName1","interaction":{"idSuffix":"inner"}},"wdio_ui5_key":"applicationmanagesites-display-component---NewSite--addressDetailDetailsName1"}]}
RESULT: undefined
COMMAND: POST /session/e1a2e03b1e5782e94bb1152ef752ddf0/execute/async - {"script":"<script> [776 bytes]","args":[{"enterText":"DailyPrice WDIO","selector":{"id":"application-managesites-display-component---NewSite--addressDetailDetailsName1","interaction":{"idSuffix":"inner"}},"clearTextFirst":true,"interactionType":"ENTER_TEXT"}]}
RESULT: {"script":"<script> [776 bytes]","args":[{"enterText":"DailyPrice WDIO","selector":{"id":"application-managesites-display-component---NewSite--addressDetailDetailsName1","interaction":{"idSuffix":"inner"}},"clearTextFirst":true,"interactionType":"ENTER_TEXT"}]}
COMMAND: POST /session/e1a2e03b1e5782e94bb1152ef752ddf0/execute/async - {"script":"<script> [1562 bytes]","args":[{"selector":{"id":"application-managesites-display-component---NewSite--addressDetailDetailsLanguage-arrow"},"wdio_ui5_key":"applicationmanagesites-display-component---NewSite--addressDetailDetailsLanguage-arrow"}]}
RESULT: {"script":"<script> [1562 bytes]","args":[{"selector":{"id":"application-managesites-display-component---NewSite--addressDetailDetailsLanguage-arrow"},"wdio_ui5_key":"applicationmanagesites-display-component---NewSite--addressDetailDetailsLanguage-arrow"}]}
RESULT: undefined
COMMAND: POST /session/e1a2e03b1e5782e94bb1152ef752ddf0/element - {"using":"xpath","value":"//*[@id=\"application-managesites-display-component---NewSite--addressDetailDetailsLanguage-arrow\"]"}
RESULT: {"using":"xpath","value":"//*[@id=\"application-managesites-display-component---NewSite--addressDetailDetailsLanguage-arrow\"]"}
COMMAND: POST /session/e1a2e03b1e5782e94bb1152ef752ddf0/element/f.04D253A817E55EB22DFE9CF0F4375160.d.1F3ECFCBC76CA7DF8B5A805018865CF9.e.3887/click - {}
RESULT: {}
COMMAND: POST /session/e1a2e03b1e5782e94bb1152ef752ddf0/element - {"using":"xpath","value":"//span[contains(text(), \"English\")]"}
COMMAND: GET /session/e1a2e03b1e5782e94bb1152ef752ddf0/screenshot - {}
RESULT: {"using":"xpath","value":"//span[contains(text(), \"English\")]"}
COMMAND: POST /session/e1a2e03b1e5782e94bb1152ef752ddf0/element/f.04D253A817E55EB22DFE9CF0F4375160.d.1F3ECFCBC76CA7DF8B5A805018865CF9.e.3888/click - {}
RESULT: {}
RESULT: {}
COMMAND: POST /session/e1a2e03b1e5782e94bb1152ef752ddf0/execute/async - {"script":"<script> [1562 bytes]","args":[{"selector":{"id":"application-managesites-display-component---NewSite--addressDetailDetailsCity1","interaction":{"idSuffix":"inner"}},"wdio_ui5_key":"applicationmanagesites-display-component---NewSite--addressDetailDetailsCity1"}]}
COMMAND: GET /session/e1a2e03b1e5782e94bb1152ef752ddf0/screenshot - {}
RESULT: {"script":"<script> [1562 bytes]","args":[{"selector":{"id":"application-managesites-display-component---NewSite--addressDetailDetailsCity1","interaction":{"idSuffix":"inner"}},"wdio_ui5_key":"applicationmanagesites-display-component---NewSite--addressDetailDetailsCity1"}]}
RESULT: undefined
COMMAND: POST /session/e1a2e03b1e5782e94bb1152ef752ddf0/execute/async - {"script":"<script> [776 bytes]","args":[{"enterText":"Rosario","selector":{"id":"application-managesites-display-component---NewSite--addressDetailDetailsCity1","interaction":{"idSuffix":"inner"}},"clearTextFirst":true,"interactionType":"ENTER_TEXT"}]}
RESULT: {}
RESULT: {"script":"<script> [776 bytes]","args":[{"enterText":"Rosario","selector":{"id":"application-managesites-display-component---NewSite--addressDetailDetailsCity1","interaction":{"idSuffix":"inner"}},"clearTextFirst":true,"interactionType":"ENTER_TEXT"}]}
COMMAND: POST /session/e1a2e03b1e5782e94bb1152ef752ddf0/execute/async - {"script":"<script> [1562 bytes]","args":[{"selector":{"id":"application-managesites-display-component---NewSite--addressDetailDetailsCountry-arrow"},"wdio_ui5_key":"applicationmanagesites-display-component---NewSite--addressDetailDetailsCountry-arrow"}]}
RESULT: {"script":"<script> [1562 bytes]","args":[{"selector":{"id":"application-managesites-display-component---NewSite--addressDetailDetailsCountry-arrow"},"wdio_ui5_key":"applicationmanagesites-display-component---NewSite--addressDetailDetailsCountry-arrow"}]}
RESULT: undefined
COMMAND: POST /session/e1a2e03b1e5782e94bb1152ef752ddf0/element - {"using":"xpath","value":"//*[@id=\"application-managesites-display-component---NewSite--addressDetailDetailsCountry-arrow\"]"}
RESULT: {"using":"xpath","value":"//*[@id=\"application-managesites-display-component---NewSite--addressDetailDetailsCountry-arrow\"]"}
COMMAND: POST /session/e1a2e03b1e5782e94bb1152ef752ddf0/element/f.04D253A817E55EB22DFE9CF0F4375160.d.1F3ECFCBC76CA7DF8B5A805018865CF9.e.3890/click - {}
RESULT: {}
COMMAND: POST /session/e1a2e03b1e5782e94bb1152ef752ddf0/element - {"using":"xpath","value":"//span[contains(text(), \"Argentina\")]"}
COMMAND: GET /session/e1a2e03b1e5782e94bb1152ef752ddf0/screenshot - {}
RESULT: {"using":"xpath","value":"//span[contains(text(), \"Argentina\")]"}
COMMAND: POST /session/e1a2e03b1e5782e94bb1152ef752ddf0/element/f.04D253A817E55EB22DFE9CF0F4375160.d.1F3ECFCBC76CA7DF8B5A805018865CF9.e.3891/click - {}
RESULT: {}
RESULT: {}
COMMAND: GET /session/e1a2e03b1e5782e94bb1152ef752ddf0/screenshot - {}
RESULT: {}
COMMAND: POST /session/e1a2e03b1e5782e94bb1152ef752ddf0/execute/async - {"script":"<script> [1562 bytes]","args":[{"selector":{"id":"application-managesites-display-component---NewSite--addressEditDetailsCostObjectCstType-arrow"},"wdio_ui5_key":"applicationmanagesites-display-component---NewSite--addressEditDetailsCostObjectCstType-arrow"}]}
RESULT: {"script":"<script> [1562 bytes]","args":[{"selector":{"id":"application-managesites-display-component---NewSite--addressEditDetailsCostObjectCstType-arrow"},"wdio_ui5_key":"applicationmanagesites-display-component---NewSite--addressEditDetailsCostObjectCstType-arrow"}]}
RESULT: undefined
COMMAND: POST /session/e1a2e03b1e5782e94bb1152ef752ddf0/element - {"using":"xpath","value":"//*[@id=\"application-managesites-display-component---NewSite--addressEditDetailsCostObjectCstType-arrow\"]"}
RESULT: {"using":"xpath","value":"//*[@id=\"application-managesites-display-component---NewSite--addressEditDetailsCostObjectCstType-arrow\"]"}
COMMAND: POST /session/e1a2e03b1e5782e94bb1152ef752ddf0/element/f.04D253A817E55EB22DFE9CF0F4375160.d.1F3ECFCBC76CA7DF8B5A805018865CF9.e.3893/click - {}
RESULT: {}
COMMAND: POST /session/e1a2e03b1e5782e94bb1152ef752ddf0/element - {"using":"xpath","value":"//span[contains(text(), \"Cost Center\")]"}
COMMAND: GET /session/e1a2e03b1e5782e94bb1152ef752ddf0/screenshot - {}
RESULT: {"using":"xpath","value":"//span[contains(text(), \"Cost Center\")]"}
COMMAND: POST /session/e1a2e03b1e5782e94bb1152ef752ddf0/element/f.04D253A817E55EB22DFE9CF0F4375160.d.1F3ECFCBC76CA7DF8B5A805018865CF9.e.3894/click - {}
RESULT: {}
RESULT: {}
COMMAND: GET /session/e1a2e03b1e5782e94bb1152ef752ddf0/screenshot - {}
RESULT: {}
COMMAND: POST /session/e1a2e03b1e5782e94bb1152ef752ddf0/element - {"using":"xpath","value":"//span[@id=\"application-managesites-display-component---NewSite--addressNewCostObjectCstID-vhi\"]"}
RESULT: {"using":"xpath","value":"//span[@id=\"application-managesites-display-component---NewSite--addressNewCostObjectCstID-vhi\"]"}
COMMAND: POST /session/e1a2e03b1e5782e94bb1152ef752ddf0/execute/sync - {"script":"<script> [8489 bytes]","args":[{"element-6066-11e4-a52e-4f735466cecf":"f.04D253A817E55EB22DFE9CF0F4375160.d.1F3ECFCBC76CA7DF8B5A805018865CF9.e.3896","ELEMENT":"f.04D253A817E55EB22DFE9CF0F4375160.d.1F3ECFCBC76CA7DF8B5A805018865CF9.e.3896"}]}
RESULT: {"script":"<script> [8489 bytes]","args":[{"element-6066-11e4-a52e-4f735466cecf":"f.04D253A817E55EB22DFE9CF0F4375160.d.1F3ECFCBC76CA7DF8B5A805018865CF9.e.3896","ELEMENT":"f.04D253A817E55EB22DFE9CF0F4375160.d.1F3ECFCBC76CA7DF8B5A805018865CF9.e.3896"}]}
COMMAND: POST /session/e1a2e03b1e5782e94bb1152ef752ddf0/execute/async - {"script":"<script> [1562 bytes]","args":[{"selector":{"id":"application-managesites-display-component---NewSite--addressNewCostObjectCstID-vhi"},"wdio_ui5_key":"applicationmanagesites-display-component---NewSite--addressNewCostObjectCstID-vhi"}]}
COMMAND: GET /session/e1a2e03b1e5782e94bb1152ef752ddf0/screenshot - {}
RESULT: {"script":"<script> [1562 bytes]","args":[{"selector":{"id":"application-managesites-display-component---NewSite--addressNewCostObjectCstID-vhi"},"wdio_ui5_key":"applicationmanagesites-display-component---NewSite--addressNewCostObjectCstID-vhi"}]}
RESULT: undefined
COMMAND: POST /session/e1a2e03b1e5782e94bb1152ef752ddf0/element - {"using":"xpath","value":"//*[@id=\"application-managesites-display-component---NewSite--addressNewCostObjectCstID-vhi\"]"}
RESULT: {}
RESULT: {"using":"xpath","value":"//*[@id=\"application-managesites-display-component---NewSite--addressNewCostObjectCstID-vhi\"]"}
COMMAND: POST /session/e1a2e03b1e5782e94bb1152ef752ddf0/element/f.04D253A817E55EB22DFE9CF0F4375160.d.1F3ECFCBC76CA7DF8B5A805018865CF9.e.3899/click - {}
RESULT: {}
COMMAND: GET /session/e1a2e03b1e5782e94bb1152ef752ddf0/screenshot - {}
RESULT: {}
RESULT: undefined
COMMAND: POST /session/e1a2e03b1e5782e94bb1152ef752ddf0/execute/async - {"script":"<script> [776 bytes]","args":[{"enterText":"10001013","selector":{"controlType":"sap.m.SearchField","properties":{"placeholder":"Search"},"searchOpenDialogs":true,"interaction":{"idSuffix":"I"}},"clearTextFirst":true,"interactionType":"ENTER_TEXT"}]}
RESULT: {"script":"<script> [776 bytes]","args":[{"enterText":"10001013","selector":{"controlType":"sap.m.SearchField","properties":{"placeholder":"Search"},"searchOpenDialogs":true,"interaction":{"idSuffix":"I"}},"clearTextFirst":true,"interactionType":"ENTER_TEXT"}]}
COMMAND: POST /session/e1a2e03b1e5782e94bb1152ef752ddf0/actions - {"actions":[{"id":"action14","type":"key","parameters":{},"actions":[{"type":"keyDown","value":""},{"type":"pause","duration":10},{"type":"keyUp","value":""}]}]}
RESULT: {"actions":[{"id":"action14","type":"key","parameters":{},"actions":[{"type":"keyDown","value":""},{"type":"pause","duration":10},{"type":"keyUp","value":""}]}]}
COMMAND: GET /session/e1a2e03b1e5782e94bb1152ef752ddf0/screenshot - {}
RESULT: {}
COMMAND: POST /session/e1a2e03b1e5782e94bb1152ef752ddf0/element - {"using":"xpath","value":"//span[contains(text(), \"General Management\")]"}
RESULT: {"using":"xpath","value":"//span[contains(text(), \"General Management\")]"}
COMMAND: POST /session/e1a2e03b1e5782e94bb1152ef752ddf0/element/f.04D253A817E55EB22DFE9CF0F4375160.d.1F3ECFCBC76CA7DF8B5A805018865CF9.e.3938/click - {}
RESULT: {}
COMMAND: GET /session/e1a2e03b1e5782e94bb1152ef752ddf0/screenshot - {}
RESULT: {}
COMMAND: POST /session/e1a2e03b1e5782e94bb1152ef752ddf0/element - {"using":"xpath","value":"//bdi[contains(text(), \"OK\")]"}
RESULT: {"using":"xpath","value":"//bdi[contains(text(), \"OK\")]"}
COMMAND: POST /session/e1a2e03b1e5782e94bb1152ef752ddf0/element/f.04D253A817E55EB22DFE9CF0F4375160.d.1F3ECFCBC76CA7DF8B5A805018865CF9.e.3939/click - {}
RESULT: {}
COMMAND: GET /session/e1a2e03b1e5782e94bb1152ef752ddf0/screenshot - {}
RESULT: {}
COMMAND: POST /session/e1a2e03b1e5782e94bb1152ef752ddf0/element - {"using":"xpath","value":"//input[@id=\"application-managesites-display-component---NewSite--addressDetailDetailsCalendar-inner\"]"}
RESULT: {"using":"xpath","value":"//input[@id=\"application-managesites-display-component---NewSite--addressDetailDetailsCalendar-inner\"]"}
COMMAND: POST /session/e1a2e03b1e5782e94bb1152ef752ddf0/element/f.04D253A817E55EB22DFE9CF0F4375160.d.1F3ECFCBC76CA7DF8B5A805018865CF9.e.3688/clear - {}
RESULT: {}
COMMAND: POST /session/e1a2e03b1e5782e94bb1152ef752ddf0/element/f.04D253A817E55EB22DFE9CF0F4375160.d.1F3ECFCBC76CA7DF8B5A805018865CF9.e.3688/value - {"text":"Unit"}
RESULT: {"text":"Unit"}
COMMAND: GET /session/e1a2e03b1e5782e94bb1152ef752ddf0/screenshot - {}
COMMAND: GET /session/e1a2e03b1e5782e94bb1152ef752ddf0/screenshot - {}
RESULT: {}
RESULT: {}
COMMAND: POST /session/e1a2e03b1e5782e94bb1152ef752ddf0/actions - {"actions":[{"id":"action15","type":"key","parameters":{},"actions":[{"type":"keyDown","value":""},{"type":"pause","duration":10},{"type":"keyUp","value":""}]}]}
RESULT: {"actions":[{"id":"action15","type":"key","parameters":{},"actions":[{"type":"keyDown","value":""},{"type":"pause","duration":10},{"type":"keyUp","value":""}]}]}
COMMAND: POST /session/e1a2e03b1e5782e94bb1152ef752ddf0/element - {"using":"xpath","value":"//input[@id=\"application-managesites-display-component---NewSite--addressDetailDetailsYard-inner\"]"}
COMMAND: GET /session/e1a2e03b1e5782e94bb1152ef752ddf0/screenshot - {}
RESULT: {"using":"xpath","value":"//input[@id=\"application-managesites-display-component---NewSite--addressDetailDetailsYard-inner\"]"}
COMMAND: POST /session/e1a2e03b1e5782e94bb1152ef752ddf0/element/f.04D253A817E55EB22DFE9CF0F4375160.d.1F3ECFCBC76CA7DF8B5A805018865CF9.e.3689/clear - {}
RESULT: {}
RESULT: {}
COMMAND: POST /session/e1a2e03b1e5782e94bb1152ef752ddf0/element/f.04D253A817E55EB22DFE9CF0F4375160.d.1F3ECFCBC76CA7DF8B5A805018865CF9.e.3689/value - {"text":"254"}
COMMAND: GET /session/e1a2e03b1e5782e94bb1152ef752ddf0/screenshot - {}
RESULT: {"text":"254"}
COMMAND: GET /session/e1a2e03b1e5782e94bb1152ef752ddf0/screenshot - {}
RESULT: {}
RESULT: {}
COMMAND: POST /session/e1a2e03b1e5782e94bb1152ef752ddf0/element - {"using":"xpath","value":"//li[.//span[text()='254']]"}
RESULT: {"using":"xpath","value":"//li[.//span[text()='254']]"}
COMMAND: POST /session/e1a2e03b1e5782e94bb1152ef752ddf0/element/f.04D253A817E55EB22DFE9CF0F4375160.d.1F3ECFCBC76CA7DF8B5A805018865CF9.e.3947/click - {}
RESULT: {}
COMMAND: GET /session/e1a2e03b1e5782e94bb1152ef752ddf0/screenshot - {}
RESULT: {}
COMMAND: POST /session/e1a2e03b1e5782e94bb1152ef752ddf0/element - {"using":"xpath","value":"//input[@id=\"application-managesites-display-component---NewSite--addressDetailDetailsPartner-inner\"]"}
RESULT: {"using":"xpath","value":"//input[@id=\"application-managesites-display-component---NewSite--addressDetailDetailsPartner-inner\"]"}
COMMAND: POST /session/e1a2e03b1e5782e94bb1152ef752ddf0/element - {"using":"xpath","value":"//input[@id=\"application-managesites-display-component---NewSite--addressDetailDetailsPartner-inner\"]"}
RESULT: {"using":"xpath","value":"//input[@id=\"application-managesites-display-component---NewSite--addressDetailDetailsPartner-inner\"]"}
COMMAND: POST /session/e1a2e03b1e5782e94bb1152ef752ddf0/element - {"using":"xpath","value":"//button[@data-kt=\"saveButton\"]"}
RESULT: {"using":"xpath","value":"//button[@data-kt=\"saveButton\"]"}
COMMAND: POST /session/e1a2e03b1e5782e94bb1152ef752ddf0/element/f.04D253A817E55EB22DFE9CF0F4375160.d.1F3ECFCBC76CA7DF8B5A805018865CF9.e.3872/click - {}
RESULT: {}
COMMAND: GET /session/e1a2e03b1e5782e94bb1152ef752ddf0/screenshot - {}
RESULT: {}
COMMAND: POST /session/e1a2e03b1e5782e94bb1152ef752ddf0/element - {"using":"xpath","value":"//header[contains(@id, 'ObjectPageLayout-headerTitle')]/div[1]/div[2]/div[2]/span[1]"}
RESULT: {"using":"xpath","value":"//header[contains(@id, 'ObjectPageLayout-headerTitle')]/div[1]/div[2]/div[2]/span[1]"}
COMMAND: POST /session/e1a2e03b1e5782e94bb1152ef752ddf0/elements - {"using":"xpath","value":"//header[contains(@id, 'ObjectPageLayout-headerTitle')]/div[1]/div[2]/div[2]/span[1]"}
RESULT: {"using":"xpath","value":"//header[contains(@id, 'ObjectPageLayout-headerTitle')]/div[1]/div[2]/div[2]/span[1]"}
COMMAND: POST /session/e1a2e03b1e5782e94bb1152ef752ddf0/execute/sync - {"script":"<script> [56 bytes]","args":[{"element-6066-11e4-a52e-4f735466cecf":"f.04D253A817E55EB22DFE9CF0F4375160.d.1F3ECFCBC76CA7DF8B5A805018865CF9.e.4154","ELEMENT":"f.04D253A817E55EB22DFE9CF0F4375160.d.1F3ECFCBC76CA7DF8B5A805018865CF9.e.4154"}]}
RESULT: {"script":"<script> [56 bytes]","args":[{"element-6066-11e4-a52e-4f735466cecf":"f.04D253A817E55EB22DFE9CF0F4375160.d.1F3ECFCBC76CA7DF8B5A805018865CF9.e.4154","ELEMENT":"f.04D253A817E55EB22DFE9CF0F4375160.d.1F3ECFCBC76CA7DF8B5A805018865CF9.e.4154"}]}
COMMAND: POST /session/e1a2e03b1e5782e94bb1152ef752ddf0/element - {"using":"css selector","value":"#shell-header-logo"}
COMMAND: GET /session/e1a2e03b1e5782e94bb1152ef752ddf0/screenshot - {}
RESULT: {"using":"css selector","value":"#shell-header-logo"}
COMMAND: POST /session/e1a2e03b1e5782e94bb1152ef752ddf0/element/f.04D253A817E55EB22DFE9CF0F4375160.d.1F3ECFCBC76CA7DF8B5A805018865CF9.e.3216/click - {}
RESULT: {}
RESULT: {}
COMMAND: GET /session/e1a2e03b1e5782e94bb1152ef752ddf0/screenshot - {}
RESULT: {}
]]></system-out>
    </testcase>
    <testcase classname="chrome.135_0_7049_42.windows.Edit_and_delete_daily_price_US134629_US134627" name="Should go to Manage Conditions Daily Price and add the 2 rows one with yard site and one with yard" time="65.954">
      <system-out><![CDATA[
COMMAND: POST /session/e1a2e03b1e5782e94bb1152ef752ddf0/window/fullscreen - {}
RESULT: {}
COMMAND: POST /session/e1a2e03b1e5782e94bb1152ef752ddf0/execute/async - {"script":"<script> [1562 bytes]","args":[{"selector":{"controlType":"sap.m.GenericTile","properties":{"header":"Manage Conditions & Prices"}},"wdio_ui5_key":"sapm.GenericTile{\"header\":\"Manage Conditions & Prices\"}"}]}
RESULT: {"script":"<script> [1562 bytes]","args":[{"selector":{"controlType":"sap.m.GenericTile","properties":{"header":"Manage Conditions & Prices"}},"wdio_ui5_key":"sapm.GenericTile{\"header\":\"Manage Conditions & Prices\"}"}]}
RESULT: undefined
COMMAND: POST /session/e1a2e03b1e5782e94bb1152ef752ddf0/element - {"using":"xpath","value":"//*[@id=\"__tile53\"]"}
RESULT: {"using":"xpath","value":"//*[@id=\"__tile53\"]"}
COMMAND: POST /session/e1a2e03b1e5782e94bb1152ef752ddf0/element/f.04D253A817E55EB22DFE9CF0F4375160.d.1F3ECFCBC76CA7DF8B5A805018865CF9.e.4156/click - {}
RESULT: {}
COMMAND: POST /session/e1a2e03b1e5782e94bb1152ef752ddf0/element - {"using":"xpath","value":"//button[@aria-label=\"Create\"]"}
COMMAND: GET /session/e1a2e03b1e5782e94bb1152ef752ddf0/screenshot - {}
RESULT: {"using":"xpath","value":"//button[@aria-label=\"Create\"]"}
COMMAND: POST /session/e1a2e03b1e5782e94bb1152ef752ddf0/elements - {"using":"xpath","value":"//button[@aria-label=\"Create\"]"}
RESULT: {}
RESULT: {"using":"xpath","value":"//button[@aria-label=\"Create\"]"}
COMMAND: POST /session/e1a2e03b1e5782e94bb1152ef752ddf0/element - {"using":"xpath","value":"//button[@aria-label=\"Create\"]"}
RESULT: {"using":"xpath","value":"//button[@aria-label=\"Create\"]"}
COMMAND: POST /session/e1a2e03b1e5782e94bb1152ef752ddf0/element/f.04D253A817E55EB22DFE9CF0F4375160.d.1F3ECFCBC76CA7DF8B5A805018865CF9.e.4183/click - {}
RESULT: {}
COMMAND: GET /session/e1a2e03b1e5782e94bb1152ef752ddf0/screenshot - {}
RESULT: {}
COMMAND: POST /session/e1a2e03b1e5782e94bb1152ef752ddf0/actions - {"actions":[{"id":"action16","type":"key","parameters":{},"actions":[{"type":"keyDown","value":""},{"type":"pause","duration":10},{"type":"keyUp","value":""}]}]}
RESULT: {"actions":[{"id":"action16","type":"key","parameters":{},"actions":[{"type":"keyDown","value":""},{"type":"pause","duration":10},{"type":"keyUp","value":""}]}]}
COMMAND: POST /session/e1a2e03b1e5782e94bb1152ef752ddf0/actions - {"actions":[{"id":"action17","type":"key","parameters":{},"actions":[{"type":"keyDown","value":""},{"type":"pause","duration":10},{"type":"keyUp","value":""}]}]}
COMMAND: GET /session/e1a2e03b1e5782e94bb1152ef752ddf0/screenshot - {}
RESULT: {"actions":[{"id":"action17","type":"key","parameters":{},"actions":[{"type":"keyDown","value":""},{"type":"pause","duration":10},{"type":"keyUp","value":""}]}]}
COMMAND: POST /session/e1a2e03b1e5782e94bb1152ef752ddf0/execute/async - {"script":"<script> [1562 bytes]","args":[{"selector":{"controlType":"sap.m.Title","viewName":"etm.portal.ui.manageconditionprice.view.DailyPrices","viewId":"application-manageconditionprice-display-component---dailyPrices","i18NText":{"propertyName":"text","key":"dailyPrices"}},"wdio_ui5_key":"etmportal.ui.manageconditionprice.view.DailyPricessap.m.Title{\"propertyName\":\"text\",\"key\":\"dailyPrices\"}"}]}
COMMAND: GET /session/e1a2e03b1e5782e94bb1152ef752ddf0/screenshot - {}
RESULT: {}
RESULT: {"script":"<script> [1562 bytes]","args":[{"selector":{"controlType":"sap.m.Title","viewName":"etm.portal.ui.manageconditionprice.view.DailyPrices","viewId":"application-manageconditionprice-display-component---dailyPrices","i18NText":{"propertyName":"text","key":"dailyPrices"}},"wdio_ui5_key":"etmportal.ui.manageconditionprice.view.DailyPricessap.m.Title{\"propertyName\":\"text\",\"key\":\"dailyPrices\"}"}]}
RESULT: undefined
COMMAND: POST /session/e1a2e03b1e5782e94bb1152ef752ddf0/execute/async - {"script":"<script> [6424 bytes]","args":[{"element-6066-11e4-a52e-4f735466cecf":"f.04D253A817E55EB22DFE9CF0F4375160.d.1F3ECFCBC76CA7DF8B5A805018865CF9.e.4435"},"getText",[]]}
RESULT: {}
RESULT: {"script":"<script> [6424 bytes]","args":[{"element-6066-11e4-a52e-4f735466cecf":"f.04D253A817E55EB22DFE9CF0F4375160.d.1F3ECFCBC76CA7DF8B5A805018865CF9.e.4435"},"getText",[]]}
COMMAND: POST /session/e1a2e03b1e5782e94bb1152ef752ddf0/execute/async - {"script":"<script> [1562 bytes]","args":[{"selector":{"id":"application-manageconditionprice-display-component---dailyPrices--condBillCond","interaction":{"idSuffix":"inner"}},"wdio_ui5_key":"applicationmanageconditionprice-display-component---dailyPrices--condBillCond"}]}
RESULT: {"script":"<script> [1562 bytes]","args":[{"selector":{"id":"application-manageconditionprice-display-component---dailyPrices--condBillCond","interaction":{"idSuffix":"inner"}},"wdio_ui5_key":"applicationmanageconditionprice-display-component---dailyPrices--condBillCond"}]}
RESULT: undefined
COMMAND: POST /session/e1a2e03b1e5782e94bb1152ef752ddf0/execute/async - {"script":"<script> [776 bytes]","args":[{"enterText":"Residual Value %","selector":{"id":"application-manageconditionprice-display-component---dailyPrices--condBillCond","interaction":{"idSuffix":"inner"}},"clearTextFirst":true,"interactionType":"ENTER_TEXT"}]}
RESULT: {"script":"<script> [776 bytes]","args":[{"enterText":"Residual Value %","selector":{"id":"application-manageconditionprice-display-component---dailyPrices--condBillCond","interaction":{"idSuffix":"inner"}},"clearTextFirst":true,"interactionType":"ENTER_TEXT"}]}
COMMAND: POST /session/e1a2e03b1e5782e94bb1152ef752ddf0/execute/async - {"script":"<script> [1562 bytes]","args":[{"selector":{"controlType":"sap.m.StandardListItem","viewName":"etm.portal.ui.manageconditionprice.view.DailyPrices","viewId":"application-manageconditionprice-display-component---dailyPrices","properties":{"type":"Active"},"searchOpenDialogs":true,"interaction":{"idSuffix":"titleText"}},"wdio_ui5_key":"etmportal.ui.manageconditionprice.view.DailyPricessap.m.StandardListItem{\"type\":\"Active\"}"}]}
RESULT: {"script":"<script> [1562 bytes]","args":[{"selector":{"controlType":"sap.m.StandardListItem","viewName":"etm.portal.ui.manageconditionprice.view.DailyPrices","viewId":"application-manageconditionprice-display-component---dailyPrices","properties":{"type":"Active"},"searchOpenDialogs":true,"interaction":{"idSuffix":"titleText"}},"wdio_ui5_key":"etmportal.ui.manageconditionprice.view.DailyPricessap.m.StandardListItem{\"type\":\"Active\"}"}]}
RESULT: undefined
COMMAND: POST /session/e1a2e03b1e5782e94bb1152ef752ddf0/element - {"using":"xpath","value":"//*[@id=\"__item962\"]"}
RESULT: {"using":"xpath","value":"//*[@id=\"__item962\"]"}
COMMAND: POST /session/e1a2e03b1e5782e94bb1152ef752ddf0/element/f.04D253A817E55EB22DFE9CF0F4375160.d.1F3ECFCBC76CA7DF8B5A805018865CF9.e.4439/click - {}
RESULT: {}
COMMAND: POST /session/e1a2e03b1e5782e94bb1152ef752ddf0/execute/async - {"script":"<script> [1562 bytes]","args":[{"selector":{"id":"application-manageconditionprice-display-component---dailyPrices--editBtn","interaction":{"idSuffix":"BDI-content"}},"wdio_ui5_key":"applicationmanageconditionprice-display-component---dailyPrices--editBtn"}]}
COMMAND: GET /session/e1a2e03b1e5782e94bb1152ef752ddf0/screenshot - {}
RESULT: {"script":"<script> [1562 bytes]","args":[{"selector":{"id":"application-manageconditionprice-display-component---dailyPrices--editBtn","interaction":{"idSuffix":"BDI-content"}},"wdio_ui5_key":"applicationmanageconditionprice-display-component---dailyPrices--editBtn"}]}
RESULT: undefined
COMMAND: POST /session/e1a2e03b1e5782e94bb1152ef752ddf0/element - {"using":"xpath","value":"//*[@id=\"application-manageconditionprice-display-component---dailyPrices--editBtn\"]"}
RESULT: {}
RESULT: {"using":"xpath","value":"//*[@id=\"application-manageconditionprice-display-component---dailyPrices--editBtn\"]"}
COMMAND: POST /session/e1a2e03b1e5782e94bb1152ef752ddf0/element/f.04D253A817E55EB22DFE9CF0F4375160.d.1F3ECFCBC76CA7DF8B5A805018865CF9.e.4437/click - {}
RESULT: {}
COMMAND: POST /session/e1a2e03b1e5782e94bb1152ef752ddf0/execute/async - {"script":"<script> [1562 bytes]","args":[{"selector":{"controlType":"sap.m.Button","viewName":"etm.portal.ui.manageconditionprice.view.DailyPrices","viewId":"application-manageconditionprice-display-component---dailyPrices","i18NText":{"propertyName":"text","key":"add"},"interaction":{"idSuffix":"BDI-content"}},"wdio_ui5_key":"etmportal.ui.manageconditionprice.view.DailyPricessap.m.Button{\"propertyName\":\"text\",\"key\":\"add\"}"}]}
COMMAND: GET /session/e1a2e03b1e5782e94bb1152ef752ddf0/screenshot - {}
RESULT: {"script":"<script> [1562 bytes]","args":[{"selector":{"controlType":"sap.m.Button","viewName":"etm.portal.ui.manageconditionprice.view.DailyPrices","viewId":"application-manageconditionprice-display-component---dailyPrices","i18NText":{"propertyName":"text","key":"add"},"interaction":{"idSuffix":"BDI-content"}},"wdio_ui5_key":"etmportal.ui.manageconditionprice.view.DailyPricessap.m.Button{\"propertyName\":\"text\",\"key\":\"add\"}"}]}
RESULT: undefined
COMMAND: POST /session/e1a2e03b1e5782e94bb1152ef752ddf0/element - {"using":"xpath","value":"//*[@id=\"__button113\"]"}
RESULT: {}
RESULT: {"using":"xpath","value":"//*[@id=\"__button113\"]"}
COMMAND: POST /session/e1a2e03b1e5782e94bb1152ef752ddf0/element/f.04D253A817E55EB22DFE9CF0F4375160.d.1F3ECFCBC76CA7DF8B5A805018865CF9.e.4447/click - {}
RESULT: {}
COMMAND: POST /session/e1a2e03b1e5782e94bb1152ef752ddf0/elements - {"using":"css selector","value":"table tr"}
COMMAND: GET /session/e1a2e03b1e5782e94bb1152ef752ddf0/screenshot - {}
RESULT: {"using":"css selector","value":"table tr"}
COMMAND: POST /session/e1a2e03b1e5782e94bb1152ef752ddf0/element/f.04D253A817E55EB22DFE9CF0F4375160.d.1F3ECFCBC76CA7DF8B5A805018865CF9.e.4531/elements - {"using":"css selector","value":"input"}
RESULT: {}
RESULT: {"using":"css selector","value":"input"}
COMMAND: POST /session/e1a2e03b1e5782e94bb1152ef752ddf0/element/f.04D253A817E55EB22DFE9CF0F4375160.d.1F3ECFCBC76CA7DF8B5A805018865CF9.e.4534/clear - {}
COMMAND: POST /session/e1a2e03b1e5782e94bb1152ef752ddf0/element/f.04D253A817E55EB22DFE9CF0F4375160.d.1F3ECFCBC76CA7DF8B5A805018865CF9.e.4532/clear - {}
COMMAND: POST /session/e1a2e03b1e5782e94bb1152ef752ddf0/element/f.04D253A817E55EB22DFE9CF0F4375160.d.1F3ECFCBC76CA7DF8B5A805018865CF9.e.4535/clear - {}
COMMAND: POST /session/e1a2e03b1e5782e94bb1152ef752ddf0/element/f.04D253A817E55EB22DFE9CF0F4375160.d.1F3ECFCBC76CA7DF8B5A805018865CF9.e.4533/clear - {}
COMMAND: POST /session/e1a2e03b1e5782e94bb1152ef752ddf0/element/f.04D253A817E55EB22DFE9CF0F4375160.d.1F3ECFCBC76CA7DF8B5A805018865CF9.e.4531/elements - {"using":"css selector","value":"td"}
RESULT: {}
COMMAND: POST /session/e1a2e03b1e5782e94bb1152ef752ddf0/element/f.04D253A817E55EB22DFE9CF0F4375160.d.1F3ECFCBC76CA7DF8B5A805018865CF9.e.4534/value - {"text":"705.60"}
COMMAND: GET /session/e1a2e03b1e5782e94bb1152ef752ddf0/screenshot - {}
RESULT: {}
COMMAND: POST /session/e1a2e03b1e5782e94bb1152ef752ddf0/element/f.04D253A817E55EB22DFE9CF0F4375160.d.1F3ECFCBC76CA7DF8B5A805018865CF9.e.4532/value - {"text":"04/13/25"}
COMMAND: GET /session/e1a2e03b1e5782e94bb1152ef752ddf0/screenshot - {}
RESULT: {}
COMMAND: POST /session/e1a2e03b1e5782e94bb1152ef752ddf0/element/f.04D253A817E55EB22DFE9CF0F4375160.d.1F3ECFCBC76CA7DF8B5A805018865CF9.e.4535/value - {"text":"Euro"}
COMMAND: GET /session/e1a2e03b1e5782e94bb1152ef752ddf0/screenshot - {}
RESULT: {"using":"css selector","value":"td"}
COMMAND: POST /session/e1a2e03b1e5782e94bb1152ef752ddf0/element - {"using":"xpath","value":".//li[contains(., \"2104\") and not(.//li)]"}
COMMAND: POST /session/e1a2e03b1e5782e94bb1152ef752ddf0/element/f.04D253A817E55EB22DFE9CF0F4375160.d.1F3ECFCBC76CA7DF8B5A805018865CF9.e.4553/element - {"using":"css selector","value":"input"}
COMMAND: POST /session/e1a2e03b1e5782e94bb1152ef752ddf0/element/f.04D253A817E55EB22DFE9CF0F4375160.d.1F3ECFCBC76CA7DF8B5A805018865CF9.e.4553/element - {"using":"css selector","value":"input"}
RESULT: {}
COMMAND: POST /session/e1a2e03b1e5782e94bb1152ef752ddf0/element/f.04D253A817E55EB22DFE9CF0F4375160.d.1F3ECFCBC76CA7DF8B5A805018865CF9.e.4533/value - {"text":"09/13/25"}
COMMAND: GET /session/e1a2e03b1e5782e94bb1152ef752ddf0/screenshot - {}
RESULT: {"text":"705.60"}
COMMAND: GET /session/e1a2e03b1e5782e94bb1152ef752ddf0/screenshot - {}
RESULT: {}
RESULT: {"text":"04/13/25"}
COMMAND: GET /session/e1a2e03b1e5782e94bb1152ef752ddf0/screenshot - {}
RESULT: {}
RESULT: {"text":"Euro"}
COMMAND: GET /session/e1a2e03b1e5782e94bb1152ef752ddf0/screenshot - {}
RESULT: {}
RESULT: {"using":"xpath","value":".//li[contains(., \"2104\") and not(.//li)]"}
RESULT: {"using":"css selector","value":"input"}
COMMAND: POST /session/e1a2e03b1e5782e94bb1152ef752ddf0/element/f.04D253A817E55EB22DFE9CF0F4375160.d.1F3ECFCBC76CA7DF8B5A805018865CF9.e.4536/clear - {}
RESULT: {"using":"css selector","value":"input"}
COMMAND: POST /session/e1a2e03b1e5782e94bb1152ef752ddf0/element/f.04D253A817E55EB22DFE9CF0F4375160.d.1F3ECFCBC76CA7DF8B5A805018865CF9.e.4536/click - {}
RESULT: {"text":"09/13/25"}
COMMAND: GET /session/e1a2e03b1e5782e94bb1152ef752ddf0/screenshot - {}
COMMAND: POST /session/e1a2e03b1e5782e94bb1152ef752ddf0/elements - {"using":"xpath","value":".//li[contains(., \"2104\") and not(.//li)]"}
RESULT: {}
RESULT: {}
RESULT: {}
RESULT: {}
RESULT: {}
COMMAND: POST /session/e1a2e03b1e5782e94bb1152ef752ddf0/element/f.04D253A817E55EB22DFE9CF0F4375160.d.1F3ECFCBC76CA7DF8B5A805018865CF9.e.4536/value - {"text":"2104"}
COMMAND: GET /session/e1a2e03b1e5782e94bb1152ef752ddf0/screenshot - {}
RESULT: {}
COMMAND: GET /session/e1a2e03b1e5782e94bb1152ef752ddf0/screenshot - {}
RESULT: {}
RESULT: {"using":"xpath","value":".//li[contains(., \"2104\") and not(.//li)]"}
COMMAND: POST /session/e1a2e03b1e5782e94bb1152ef752ddf0/elements - {"using":"xpath","value":".//li[contains(., \"2104\") and not(.//li)]"}
RESULT: {"text":"2104"}
COMMAND: GET /session/e1a2e03b1e5782e94bb1152ef752ddf0/screenshot - {}
RESULT: {}
RESULT: {}
RESULT: {"using":"xpath","value":".//li[contains(., \"2104\") and not(.//li)]"}
COMMAND: POST /session/e1a2e03b1e5782e94bb1152ef752ddf0/element - {"using":"xpath","value":".//li[contains(., \"2104\") and not(.//li)]"}
RESULT: {}
RESULT: {"using":"xpath","value":".//li[contains(., \"2104\") and not(.//li)]"}
COMMAND: POST /session/e1a2e03b1e5782e94bb1152ef752ddf0/element/f.04D253A817E55EB22DFE9CF0F4375160.d.1F3ECFCBC76CA7DF8B5A805018865CF9.e.4560/click - {}
RESULT: {}
COMMAND: POST /session/e1a2e03b1e5782e94bb1152ef752ddf0/element - {"using":"xpath","value":".//li[contains(., \"254\") and not(.//li)]"}
COMMAND: POST /session/e1a2e03b1e5782e94bb1152ef752ddf0/element/f.04D253A817E55EB22DFE9CF0F4375160.d.1F3ECFCBC76CA7DF8B5A805018865CF9.e.4554/element - {"using":"css selector","value":"input"}
COMMAND: POST /session/e1a2e03b1e5782e94bb1152ef752ddf0/element/f.04D253A817E55EB22DFE9CF0F4375160.d.1F3ECFCBC76CA7DF8B5A805018865CF9.e.4554/element - {"using":"css selector","value":"input"}
COMMAND: GET /session/e1a2e03b1e5782e94bb1152ef752ddf0/screenshot - {}
RESULT: {"using":"xpath","value":".//li[contains(., \"254\") and not(.//li)]"}
RESULT: {"using":"css selector","value":"input"}
COMMAND: POST /session/e1a2e03b1e5782e94bb1152ef752ddf0/element/f.04D253A817E55EB22DFE9CF0F4375160.d.1F3ECFCBC76CA7DF8B5A805018865CF9.e.4537/clear - {}
RESULT: {"using":"css selector","value":"input"}
COMMAND: POST /session/e1a2e03b1e5782e94bb1152ef752ddf0/element/f.04D253A817E55EB22DFE9CF0F4375160.d.1F3ECFCBC76CA7DF8B5A805018865CF9.e.4537/click - {}
RESULT: {}
RESULT: {}
COMMAND: POST /session/e1a2e03b1e5782e94bb1152ef752ddf0/element/f.04D253A817E55EB22DFE9CF0F4375160.d.1F3ECFCBC76CA7DF8B5A805018865CF9.e.4537/value - {"text":"254"}
COMMAND: GET /session/e1a2e03b1e5782e94bb1152ef752ddf0/screenshot - {}
RESULT: {}
COMMAND: GET /session/e1a2e03b1e5782e94bb1152ef752ddf0/screenshot - {}
COMMAND: POST /session/e1a2e03b1e5782e94bb1152ef752ddf0/elements - {"using":"xpath","value":".//li[contains(., \"254\") and not(.//li)]"}
RESULT: {"text":"254"}
COMMAND: GET /session/e1a2e03b1e5782e94bb1152ef752ddf0/screenshot - {}
RESULT: {}
RESULT: {}
RESULT: {"using":"xpath","value":".//li[contains(., \"254\") and not(.//li)]"}
COMMAND: POST /session/e1a2e03b1e5782e94bb1152ef752ddf0/element - {"using":"xpath","value":".//li[contains(., \"254\") and not(.//li)]"}
RESULT: {}
RESULT: {"using":"xpath","value":".//li[contains(., \"254\") and not(.//li)]"}
COMMAND: POST /session/e1a2e03b1e5782e94bb1152ef752ddf0/element/f.04D253A817E55EB22DFE9CF0F4375160.d.1F3ECFCBC76CA7DF8B5A805018865CF9.e.4561/click - {}
RESULT: {}
RESULT: undefined
COMMAND: POST /session/e1a2e03b1e5782e94bb1152ef752ddf0/element - {"using":"xpath","value":"//*[@id=\"__button113\"]"}
COMMAND: GET /session/e1a2e03b1e5782e94bb1152ef752ddf0/screenshot - {}
RESULT: {"using":"xpath","value":"//*[@id=\"__button113\"]"}
COMMAND: POST /session/e1a2e03b1e5782e94bb1152ef752ddf0/element/f.04D253A817E55EB22DFE9CF0F4375160.d.1F3ECFCBC76CA7DF8B5A805018865CF9.e.4447/click - {}
RESULT: {}
RESULT: {}
COMMAND: POST /session/e1a2e03b1e5782e94bb1152ef752ddf0/elements - {"using":"css selector","value":"table tr"}
COMMAND: GET /session/e1a2e03b1e5782e94bb1152ef752ddf0/screenshot - {}
RESULT: {"using":"css selector","value":"table tr"}
COMMAND: POST /session/e1a2e03b1e5782e94bb1152ef752ddf0/element/f.04D253A817E55EB22DFE9CF0F4375160.d.1F3ECFCBC76CA7DF8B5A805018865CF9.e.4563/elements - {"using":"css selector","value":"input"}
RESULT: {}
RESULT: {"using":"css selector","value":"input"}
COMMAND: POST /session/e1a2e03b1e5782e94bb1152ef752ddf0/element/f.04D253A817E55EB22DFE9CF0F4375160.d.1F3ECFCBC76CA7DF8B5A805018865CF9.e.4566/clear - {}
COMMAND: POST /session/e1a2e03b1e5782e94bb1152ef752ddf0/element/f.04D253A817E55EB22DFE9CF0F4375160.d.1F3ECFCBC76CA7DF8B5A805018865CF9.e.4564/clear - {}
COMMAND: POST /session/e1a2e03b1e5782e94bb1152ef752ddf0/element/f.04D253A817E55EB22DFE9CF0F4375160.d.1F3ECFCBC76CA7DF8B5A805018865CF9.e.4567/clear - {}
COMMAND: POST /session/e1a2e03b1e5782e94bb1152ef752ddf0/element/f.04D253A817E55EB22DFE9CF0F4375160.d.1F3ECFCBC76CA7DF8B5A805018865CF9.e.4565/clear - {}
COMMAND: POST /session/e1a2e03b1e5782e94bb1152ef752ddf0/element/f.04D253A817E55EB22DFE9CF0F4375160.d.1F3ECFCBC76CA7DF8B5A805018865CF9.e.4563/elements - {"using":"css selector","value":"td"}
RESULT: {}
COMMAND: POST /session/e1a2e03b1e5782e94bb1152ef752ddf0/element/f.04D253A817E55EB22DFE9CF0F4375160.d.1F3ECFCBC76CA7DF8B5A805018865CF9.e.4566/value - {"text":"99.5"}
COMMAND: GET /session/e1a2e03b1e5782e94bb1152ef752ddf0/screenshot - {}
RESULT: {}
COMMAND: POST /session/e1a2e03b1e5782e94bb1152ef752ddf0/element/f.04D253A817E55EB22DFE9CF0F4375160.d.1F3ECFCBC76CA7DF8B5A805018865CF9.e.4564/value - {"text":"04/13/25"}
COMMAND: GET /session/e1a2e03b1e5782e94bb1152ef752ddf0/screenshot - {}
RESULT: {}
COMMAND: POST /session/e1a2e03b1e5782e94bb1152ef752ddf0/element/f.04D253A817E55EB22DFE9CF0F4375160.d.1F3ECFCBC76CA7DF8B5A805018865CF9.e.4567/value - {"text":"US Dollar"}
COMMAND: GET /session/e1a2e03b1e5782e94bb1152ef752ddf0/screenshot - {}
RESULT: {}
COMMAND: POST /session/e1a2e03b1e5782e94bb1152ef752ddf0/element/f.04D253A817E55EB22DFE9CF0F4375160.d.1F3ECFCBC76CA7DF8B5A805018865CF9.e.4565/value - {"text":"09/13/25"}
COMMAND: GET /session/e1a2e03b1e5782e94bb1152ef752ddf0/screenshot - {}
RESULT: {"using":"css selector","value":"td"}
COMMAND: POST /session/e1a2e03b1e5782e94bb1152ef752ddf0/element - {"using":"xpath","value":"(//li[div//span[contains(text(), '2104')]])[2]"}
COMMAND: POST /session/e1a2e03b1e5782e94bb1152ef752ddf0/element/f.04D253A817E55EB22DFE9CF0F4375160.d.1F3ECFCBC76CA7DF8B5A805018865CF9.e.4585/element - {"using":"css selector","value":"input"}
COMMAND: POST /session/e1a2e03b1e5782e94bb1152ef752ddf0/element/f.04D253A817E55EB22DFE9CF0F4375160.d.1F3ECFCBC76CA7DF8B5A805018865CF9.e.4585/element - {"using":"css selector","value":"input"}
RESULT: {"text":"99.5"}
COMMAND: GET /session/e1a2e03b1e5782e94bb1152ef752ddf0/screenshot - {}
RESULT: {}
RESULT: {"text":"04/13/25"}
COMMAND: GET /session/e1a2e03b1e5782e94bb1152ef752ddf0/screenshot - {}
RESULT: {}
RESULT: {"text":"US Dollar"}
COMMAND: GET /session/e1a2e03b1e5782e94bb1152ef752ddf0/screenshot - {}
RESULT: {}
RESULT: {"text":"09/13/25"}
COMMAND: GET /session/e1a2e03b1e5782e94bb1152ef752ddf0/screenshot - {}
RESULT: {}
RESULT: {"using":"xpath","value":"(//li[div//span[contains(text(), '2104')]])[2]"}
RESULT: {"using":"css selector","value":"input"}
COMMAND: POST /session/e1a2e03b1e5782e94bb1152ef752ddf0/element/f.04D253A817E55EB22DFE9CF0F4375160.d.1F3ECFCBC76CA7DF8B5A805018865CF9.e.4568/click - {}
RESULT: {"using":"css selector","value":"input"}
COMMAND: POST /session/e1a2e03b1e5782e94bb1152ef752ddf0/element/f.04D253A817E55EB22DFE9CF0F4375160.d.1F3ECFCBC76CA7DF8B5A805018865CF9.e.4568/clear - {}
RESULT: {}
RESULT: {}
RESULT: {}
RESULT: {}
RESULT: {}
COMMAND: GET /session/e1a2e03b1e5782e94bb1152ef752ddf0/screenshot - {}
RESULT: {}
COMMAND: POST /session/e1a2e03b1e5782e94bb1152ef752ddf0/element/f.04D253A817E55EB22DFE9CF0F4375160.d.1F3ECFCBC76CA7DF8B5A805018865CF9.e.4568/value - {"text":"2104"}
COMMAND: GET /session/e1a2e03b1e5782e94bb1152ef752ddf0/screenshot - {}
RESULT: {}
COMMAND: POST /session/e1a2e03b1e5782e94bb1152ef752ddf0/elements - {"using":"xpath","value":"(//li[div//span[contains(text(), '2104')]])[2]"}
RESULT: {"text":"2104"}
COMMAND: GET /session/e1a2e03b1e5782e94bb1152ef752ddf0/screenshot - {}
RESULT: {}
RESULT: {"using":"xpath","value":"(//li[div//span[contains(text(), '2104')]])[2]"}
COMMAND: POST /session/e1a2e03b1e5782e94bb1152ef752ddf0/element - {"using":"xpath","value":"(//li[div//span[contains(text(), '2104')]])[2]"}
RESULT: {}
RESULT: {"using":"xpath","value":"(//li[div//span[contains(text(), '2104')]])[2]"}
COMMAND: POST /session/e1a2e03b1e5782e94bb1152ef752ddf0/element/f.04D253A817E55EB22DFE9CF0F4375160.d.1F3ECFCBC76CA7DF8B5A805018865CF9.e.4595/click - {}
RESULT: {}
COMMAND: POST /session/e1a2e03b1e5782e94bb1152ef752ddf0/execute/async - {"script":"<script> [1562 bytes]","args":[{"selector":{"controlType":"sap.m.Button","viewName":"etm.portal.ui.manageconditionprice.view.DailyPrices","viewId":"application-manageconditionprice-display-component---dailyPrices","i18NText":{"propertyName":"tooltip","key":"save"},"interaction":{"idSuffix":"BDI-content"}},"wdio_ui5_key":"etmportal.ui.manageconditionprice.view.DailyPricessap.m.Button{\"propertyName\":\"tooltip\",\"key\":\"save\"}"}]}
COMMAND: GET /session/e1a2e03b1e5782e94bb1152ef752ddf0/screenshot - {}
RESULT: {"script":"<script> [1562 bytes]","args":[{"selector":{"controlType":"sap.m.Button","viewName":"etm.portal.ui.manageconditionprice.view.DailyPrices","viewId":"application-manageconditionprice-display-component---dailyPrices","i18NText":{"propertyName":"tooltip","key":"save"},"interaction":{"idSuffix":"BDI-content"}},"wdio_ui5_key":"etmportal.ui.manageconditionprice.view.DailyPricessap.m.Button{\"propertyName\":\"tooltip\",\"key\":\"save\"}"}]}
RESULT: undefined
COMMAND: POST /session/e1a2e03b1e5782e94bb1152ef752ddf0/element - {"using":"xpath","value":"//*[@id=\"__button115\"]"}
RESULT: {}
RESULT: {"using":"xpath","value":"//*[@id=\"__button115\"]"}
COMMAND: POST /session/e1a2e03b1e5782e94bb1152ef752ddf0/element/f.04D253A817E55EB22DFE9CF0F4375160.d.1F3ECFCBC76CA7DF8B5A805018865CF9.e.4441/click - {}
RESULT: {}
COMMAND: GET /session/e1a2e03b1e5782e94bb1152ef752ddf0/screenshot - {}
RESULT: {}
]]></system-out>
    </testcase>
    <testcase classname="chrome.135_0_7049_42.windows.Edit_and_delete_daily_price_US134629_US134627" name="Should check whether the 2 rows have been added then edit one of the rows s currency and value and save and check the edited values" time="13.301">
      <system-out><![CDATA[
COMMAND: POST /session/e1a2e03b1e5782e94bb1152ef752ddf0/elements - {"using":"css selector","value":"table tr"}
RESULT: {"using":"css selector","value":"table tr"}
COMMAND: POST /session/e1a2e03b1e5782e94bb1152ef752ddf0/element/f.04D253A817E55EB22DFE9CF0F4375160.d.1F3ECFCBC76CA7DF8B5A805018865CF9.e.4563/elements - {"using":"css selector","value":"td"}
RESULT: {"using":"css selector","value":"td"}
COMMAND: POST /session/e1a2e03b1e5782e94bb1152ef752ddf0/element/f.04D253A817E55EB22DFE9CF0F4375160.d.1F3ECFCBC76CA7DF8B5A805018865CF9.e.4531/elements - {"using":"css selector","value":"td"}
RESULT: {"using":"css selector","value":"td"}
COMMAND: POST /session/e1a2e03b1e5782e94bb1152ef752ddf0/element/f.04D253A817E55EB22DFE9CF0F4375160.d.1F3ECFCBC76CA7DF8B5A805018865CF9.e.4598/element - {"using":"css selector","value":".sapMObjectNumberText"}
RESULT: {"using":"css selector","value":".sapMObjectNumberText"}
COMMAND: GET /session/e1a2e03b1e5782e94bb1152ef752ddf0/element/f.04D253A817E55EB22DFE9CF0F4375160.d.1F3ECFCBC76CA7DF8B5A805018865CF9.e.4600/text - {}
RESULT: {}
COMMAND: POST /session/e1a2e03b1e5782e94bb1152ef752ddf0/element/f.04D253A817E55EB22DFE9CF0F4375160.d.1F3ECFCBC76CA7DF8B5A805018865CF9.e.4599/element - {"using":"css selector","value":".sapMObjectNumberText"}
RESULT: {"using":"css selector","value":".sapMObjectNumberText"}
COMMAND: GET /session/e1a2e03b1e5782e94bb1152ef752ddf0/element/f.04D253A817E55EB22DFE9CF0F4375160.d.1F3ECFCBC76CA7DF8B5A805018865CF9.e.4601/text - {}
RESULT: {}
RESULT: undefined
COMMAND: POST /session/e1a2e03b1e5782e94bb1152ef752ddf0/element - {"using":"xpath","value":"//*[@id=\"application-manageconditionprice-display-component---dailyPrices--editBtn\"]"}
RESULT: {"using":"xpath","value":"//*[@id=\"application-manageconditionprice-display-component---dailyPrices--editBtn\"]"}
COMMAND: POST /session/e1a2e03b1e5782e94bb1152ef752ddf0/element/f.04D253A817E55EB22DFE9CF0F4375160.d.1F3ECFCBC76CA7DF8B5A805018865CF9.e.4597/click - {}
RESULT: {}
COMMAND: POST /session/e1a2e03b1e5782e94bb1152ef752ddf0/elements - {"using":"css selector","value":"table tr"}
COMMAND: GET /session/e1a2e03b1e5782e94bb1152ef752ddf0/screenshot - {}
RESULT: {"using":"css selector","value":"table tr"}
COMMAND: POST /session/e1a2e03b1e5782e94bb1152ef752ddf0/element/f.04D253A817E55EB22DFE9CF0F4375160.d.1F3ECFCBC76CA7DF8B5A805018865CF9.e.4563/elements - {"using":"css selector","value":"input"}
RESULT: {}
RESULT: {"using":"css selector","value":"input"}
COMMAND: POST /session/e1a2e03b1e5782e94bb1152ef752ddf0/element/f.04D253A817E55EB22DFE9CF0F4375160.d.1F3ECFCBC76CA7DF8B5A805018865CF9.e.4616/clear - {}
COMMAND: POST /session/e1a2e03b1e5782e94bb1152ef752ddf0/element/f.04D253A817E55EB22DFE9CF0F4375160.d.1F3ECFCBC76CA7DF8B5A805018865CF9.e.4617/clear - {}
RESULT: {}
COMMAND: POST /session/e1a2e03b1e5782e94bb1152ef752ddf0/element/f.04D253A817E55EB22DFE9CF0F4375160.d.1F3ECFCBC76CA7DF8B5A805018865CF9.e.4617/value - {"text":"US Dollar"}
COMMAND: GET /session/e1a2e03b1e5782e94bb1152ef752ddf0/screenshot - {}
RESULT: {}
COMMAND: POST /session/e1a2e03b1e5782e94bb1152ef752ddf0/element/f.04D253A817E55EB22DFE9CF0F4375160.d.1F3ECFCBC76CA7DF8B5A805018865CF9.e.4616/value - {"text":"566.1"}
COMMAND: GET /session/e1a2e03b1e5782e94bb1152ef752ddf0/screenshot - {}
RESULT: {"text":"US Dollar"}
COMMAND: GET /session/e1a2e03b1e5782e94bb1152ef752ddf0/screenshot - {}
RESULT: {}
RESULT: undefined
COMMAND: POST /session/e1a2e03b1e5782e94bb1152ef752ddf0/element - {"using":"xpath","value":"//*[@id=\"__button115\"]"}
RESULT: {"text":"566.1"}
COMMAND: GET /session/e1a2e03b1e5782e94bb1152ef752ddf0/screenshot - {}
RESULT: {}
RESULT: {}
RESULT: {"using":"xpath","value":"//*[@id=\"__button115\"]"}
COMMAND: POST /session/e1a2e03b1e5782e94bb1152ef752ddf0/element/f.04D253A817E55EB22DFE9CF0F4375160.d.1F3ECFCBC76CA7DF8B5A805018865CF9.e.4602/click - {}
RESULT: {}
RESULT: {}
COMMAND: GET /session/e1a2e03b1e5782e94bb1152ef752ddf0/screenshot - {}
RESULT: {}
COMMAND: POST /session/e1a2e03b1e5782e94bb1152ef752ddf0/elements - {"using":"css selector","value":"table tr"}
RESULT: {"using":"css selector","value":"table tr"}
COMMAND: POST /session/e1a2e03b1e5782e94bb1152ef752ddf0/element/f.04D253A817E55EB22DFE9CF0F4375160.d.1F3ECFCBC76CA7DF8B5A805018865CF9.e.4563/elements - {"using":"css selector","value":"td"}
RESULT: {"using":"css selector","value":"td"}
COMMAND: POST /session/e1a2e03b1e5782e94bb1152ef752ddf0/element/f.04D253A817E55EB22DFE9CF0F4375160.d.1F3ECFCBC76CA7DF8B5A805018865CF9.e.4621/element - {"using":"css selector","value":".sapMObjectNumberText"}
RESULT: {"using":"css selector","value":".sapMObjectNumberText"}
COMMAND: GET /session/e1a2e03b1e5782e94bb1152ef752ddf0/element/f.04D253A817E55EB22DFE9CF0F4375160.d.1F3ECFCBC76CA7DF8B5A805018865CF9.e.4623/text - {}
RESULT: {}
]]></system-out>
    </testcase>
    <testcase classname="chrome.135_0_7049_42.windows.Edit_and_delete_daily_price_US134629_US134627" name="Should go into edit and delete all the rows that match the yard we have created for this scenario check if all rows deleted" time="23.248">
      <system-out><![CDATA[
RESULT: undefined
COMMAND: POST /session/e1a2e03b1e5782e94bb1152ef752ddf0/element - {"using":"xpath","value":"//*[@id=\"application-manageconditionprice-display-component---dailyPrices--editBtn\"]"}
RESULT: {"using":"xpath","value":"//*[@id=\"application-manageconditionprice-display-component---dailyPrices--editBtn\"]"}
COMMAND: POST /session/e1a2e03b1e5782e94bb1152ef752ddf0/element/f.04D253A817E55EB22DFE9CF0F4375160.d.1F3ECFCBC76CA7DF8B5A805018865CF9.e.4620/click - {}
RESULT: {}
COMMAND: GET /session/e1a2e03b1e5782e94bb1152ef752ddf0/screenshot - {}
RESULT: {}
COMMAND: POST /session/e1a2e03b1e5782e94bb1152ef752ddf0/elements - {"using":"css selector","value":"table tr"}
RESULT: {"using":"css selector","value":"table tr"}
COMMAND: POST /session/e1a2e03b1e5782e94bb1152ef752ddf0/element/f.04D253A817E55EB22DFE9CF0F4375160.d.1F3ECFCBC76CA7DF8B5A805018865CF9.e.4449/elements - {"using":"css selector","value":"td"}
RESULT: {"using":"css selector","value":"td"}
COMMAND: POST /session/e1a2e03b1e5782e94bb1152ef752ddf0/element/f.04D253A817E55EB22DFE9CF0F4375160.d.1F3ECFCBC76CA7DF8B5A805018865CF9.e.4450/elements - {"using":"css selector","value":"td"}
RESULT: {"using":"css selector","value":"td"}
COMMAND: POST /session/e1a2e03b1e5782e94bb1152ef752ddf0/element/f.04D253A817E55EB22DFE9CF0F4375160.d.1F3ECFCBC76CA7DF8B5A805018865CF9.e.4451/elements - {"using":"css selector","value":"td"}
RESULT: {"using":"css selector","value":"td"}
COMMAND: POST /session/e1a2e03b1e5782e94bb1152ef752ddf0/element/f.04D253A817E55EB22DFE9CF0F4375160.d.1F3ECFCBC76CA7DF8B5A805018865CF9.e.4375/elements - {"using":"css selector","value":"td"}
RESULT: {"using":"css selector","value":"td"}
COMMAND: POST /session/e1a2e03b1e5782e94bb1152ef752ddf0/element/f.04D253A817E55EB22DFE9CF0F4375160.d.1F3ECFCBC76CA7DF8B5A805018865CF9.e.4376/elements - {"using":"css selector","value":"td"}
RESULT: {"using":"css selector","value":"td"}
COMMAND: POST /session/e1a2e03b1e5782e94bb1152ef752ddf0/element/f.04D253A817E55EB22DFE9CF0F4375160.d.1F3ECFCBC76CA7DF8B5A805018865CF9.e.4384/elements - {"using":"css selector","value":"td"}
RESULT: {"using":"css selector","value":"td"}
COMMAND: POST /session/e1a2e03b1e5782e94bb1152ef752ddf0/element/f.04D253A817E55EB22DFE9CF0F4375160.d.1F3ECFCBC76CA7DF8B5A805018865CF9.e.4385/elements - {"using":"css selector","value":"td"}
RESULT: {"using":"css selector","value":"td"}
COMMAND: POST /session/e1a2e03b1e5782e94bb1152ef752ddf0/element/f.04D253A817E55EB22DFE9CF0F4375160.d.1F3ECFCBC76CA7DF8B5A805018865CF9.e.4393/elements - {"using":"css selector","value":"td"}
RESULT: {"using":"css selector","value":"td"}
COMMAND: POST /session/e1a2e03b1e5782e94bb1152ef752ddf0/element/f.04D253A817E55EB22DFE9CF0F4375160.d.1F3ECFCBC76CA7DF8B5A805018865CF9.e.4394/elements - {"using":"css selector","value":"td"}
RESULT: {"using":"css selector","value":"td"}
COMMAND: POST /session/e1a2e03b1e5782e94bb1152ef752ddf0/element/f.04D253A817E55EB22DFE9CF0F4375160.d.1F3ECFCBC76CA7DF8B5A805018865CF9.e.4398/elements - {"using":"css selector","value":"td"}
RESULT: {"using":"css selector","value":"td"}
COMMAND: POST /session/e1a2e03b1e5782e94bb1152ef752ddf0/element/f.04D253A817E55EB22DFE9CF0F4375160.d.1F3ECFCBC76CA7DF8B5A805018865CF9.e.4452/elements - {"using":"css selector","value":"td"}
RESULT: {"using":"css selector","value":"td"}
COMMAND: POST /session/e1a2e03b1e5782e94bb1152ef752ddf0/element/f.04D253A817E55EB22DFE9CF0F4375160.d.1F3ECFCBC76CA7DF8B5A805018865CF9.e.4453/elements - {"using":"css selector","value":"td"}
RESULT: {"using":"css selector","value":"td"}
COMMAND: POST /session/e1a2e03b1e5782e94bb1152ef752ddf0/element/f.04D253A817E55EB22DFE9CF0F4375160.d.1F3ECFCBC76CA7DF8B5A805018865CF9.e.4454/elements - {"using":"css selector","value":"td"}
RESULT: {"using":"css selector","value":"td"}
COMMAND: POST /session/e1a2e03b1e5782e94bb1152ef752ddf0/element/f.04D253A817E55EB22DFE9CF0F4375160.d.1F3ECFCBC76CA7DF8B5A805018865CF9.e.4455/elements - {"using":"css selector","value":"td"}
RESULT: {"using":"css selector","value":"td"}
COMMAND: POST /session/e1a2e03b1e5782e94bb1152ef752ddf0/element/f.04D253A817E55EB22DFE9CF0F4375160.d.1F3ECFCBC76CA7DF8B5A805018865CF9.e.4456/elements - {"using":"css selector","value":"td"}
RESULT: {"using":"css selector","value":"td"}
COMMAND: POST /session/e1a2e03b1e5782e94bb1152ef752ddf0/element/f.04D253A817E55EB22DFE9CF0F4375160.d.1F3ECFCBC76CA7DF8B5A805018865CF9.e.4457/elements - {"using":"css selector","value":"td"}
RESULT: {"using":"css selector","value":"td"}
COMMAND: POST /session/e1a2e03b1e5782e94bb1152ef752ddf0/element/f.04D253A817E55EB22DFE9CF0F4375160.d.1F3ECFCBC76CA7DF8B5A805018865CF9.e.4458/elements - {"using":"css selector","value":"td"}
RESULT: {"using":"css selector","value":"td"}
COMMAND: POST /session/e1a2e03b1e5782e94bb1152ef752ddf0/element/f.04D253A817E55EB22DFE9CF0F4375160.d.1F3ECFCBC76CA7DF8B5A805018865CF9.e.4459/elements - {"using":"css selector","value":"td"}
RESULT: {"using":"css selector","value":"td"}
COMMAND: POST /session/e1a2e03b1e5782e94bb1152ef752ddf0/element/f.04D253A817E55EB22DFE9CF0F4375160.d.1F3ECFCBC76CA7DF8B5A805018865CF9.e.4460/elements - {"using":"css selector","value":"td"}
RESULT: {"using":"css selector","value":"td"}
COMMAND: POST /session/e1a2e03b1e5782e94bb1152ef752ddf0/element/f.04D253A817E55EB22DFE9CF0F4375160.d.1F3ECFCBC76CA7DF8B5A805018865CF9.e.4461/elements - {"using":"css selector","value":"td"}
RESULT: {"using":"css selector","value":"td"}
COMMAND: POST /session/e1a2e03b1e5782e94bb1152ef752ddf0/element/f.04D253A817E55EB22DFE9CF0F4375160.d.1F3ECFCBC76CA7DF8B5A805018865CF9.e.4462/elements - {"using":"css selector","value":"td"}
RESULT: {"using":"css selector","value":"td"}
COMMAND: POST /session/e1a2e03b1e5782e94bb1152ef752ddf0/element/f.04D253A817E55EB22DFE9CF0F4375160.d.1F3ECFCBC76CA7DF8B5A805018865CF9.e.4463/elements - {"using":"css selector","value":"td"}
RESULT: {"using":"css selector","value":"td"}
COMMAND: POST /session/e1a2e03b1e5782e94bb1152ef752ddf0/element/f.04D253A817E55EB22DFE9CF0F4375160.d.1F3ECFCBC76CA7DF8B5A805018865CF9.e.4464/elements - {"using":"css selector","value":"td"}
RESULT: {"using":"css selector","value":"td"}
COMMAND: POST /session/e1a2e03b1e5782e94bb1152ef752ddf0/element/f.04D253A817E55EB22DFE9CF0F4375160.d.1F3ECFCBC76CA7DF8B5A805018865CF9.e.4465/elements - {"using":"css selector","value":"td"}
RESULT: {"using":"css selector","value":"td"}
COMMAND: POST /session/e1a2e03b1e5782e94bb1152ef752ddf0/element/f.04D253A817E55EB22DFE9CF0F4375160.d.1F3ECFCBC76CA7DF8B5A805018865CF9.e.4466/elements - {"using":"css selector","value":"td"}
RESULT: {"using":"css selector","value":"td"}
COMMAND: POST /session/e1a2e03b1e5782e94bb1152ef752ddf0/element/f.04D253A817E55EB22DFE9CF0F4375160.d.1F3ECFCBC76CA7DF8B5A805018865CF9.e.4467/elements - {"using":"css selector","value":"td"}
RESULT: {"using":"css selector","value":"td"}
COMMAND: POST /session/e1a2e03b1e5782e94bb1152ef752ddf0/element/f.04D253A817E55EB22DFE9CF0F4375160.d.1F3ECFCBC76CA7DF8B5A805018865CF9.e.4468/elements - {"using":"css selector","value":"td"}
RESULT: {"using":"css selector","value":"td"}
COMMAND: POST /session/e1a2e03b1e5782e94bb1152ef752ddf0/element/f.04D253A817E55EB22DFE9CF0F4375160.d.1F3ECFCBC76CA7DF8B5A805018865CF9.e.4469/elements - {"using":"css selector","value":"td"}
RESULT: {"using":"css selector","value":"td"}
COMMAND: POST /session/e1a2e03b1e5782e94bb1152ef752ddf0/element/f.04D253A817E55EB22DFE9CF0F4375160.d.1F3ECFCBC76CA7DF8B5A805018865CF9.e.4470/elements - {"using":"css selector","value":"td"}
RESULT: {"using":"css selector","value":"td"}
COMMAND: POST /session/e1a2e03b1e5782e94bb1152ef752ddf0/element/f.04D253A817E55EB22DFE9CF0F4375160.d.1F3ECFCBC76CA7DF8B5A805018865CF9.e.4471/elements - {"using":"css selector","value":"td"}
RESULT: {"using":"css selector","value":"td"}
COMMAND: POST /session/e1a2e03b1e5782e94bb1152ef752ddf0/element/f.04D253A817E55EB22DFE9CF0F4375160.d.1F3ECFCBC76CA7DF8B5A805018865CF9.e.4472/elements - {"using":"css selector","value":"td"}
RESULT: {"using":"css selector","value":"td"}
COMMAND: POST /session/e1a2e03b1e5782e94bb1152ef752ddf0/element/f.04D253A817E55EB22DFE9CF0F4375160.d.1F3ECFCBC76CA7DF8B5A805018865CF9.e.4473/elements - {"using":"css selector","value":"td"}
RESULT: {"using":"css selector","value":"td"}
COMMAND: POST /session/e1a2e03b1e5782e94bb1152ef752ddf0/element/f.04D253A817E55EB22DFE9CF0F4375160.d.1F3ECFCBC76CA7DF8B5A805018865CF9.e.4474/elements - {"using":"css selector","value":"td"}
RESULT: {"using":"css selector","value":"td"}
COMMAND: POST /session/e1a2e03b1e5782e94bb1152ef752ddf0/element/f.04D253A817E55EB22DFE9CF0F4375160.d.1F3ECFCBC76CA7DF8B5A805018865CF9.e.4475/elements - {"using":"css selector","value":"td"}
RESULT: {"using":"css selector","value":"td"}
COMMAND: POST /session/e1a2e03b1e5782e94bb1152ef752ddf0/element/f.04D253A817E55EB22DFE9CF0F4375160.d.1F3ECFCBC76CA7DF8B5A805018865CF9.e.4476/elements - {"using":"css selector","value":"td"}
RESULT: {"using":"css selector","value":"td"}
COMMAND: POST /session/e1a2e03b1e5782e94bb1152ef752ddf0/element/f.04D253A817E55EB22DFE9CF0F4375160.d.1F3ECFCBC76CA7DF8B5A805018865CF9.e.4477/elements - {"using":"css selector","value":"td"}
RESULT: {"using":"css selector","value":"td"}
COMMAND: POST /session/e1a2e03b1e5782e94bb1152ef752ddf0/element/f.04D253A817E55EB22DFE9CF0F4375160.d.1F3ECFCBC76CA7DF8B5A805018865CF9.e.4478/elements - {"using":"css selector","value":"td"}
RESULT: {"using":"css selector","value":"td"}
COMMAND: POST /session/e1a2e03b1e5782e94bb1152ef752ddf0/element/f.04D253A817E55EB22DFE9CF0F4375160.d.1F3ECFCBC76CA7DF8B5A805018865CF9.e.4479/elements - {"using":"css selector","value":"td"}
RESULT: {"using":"css selector","value":"td"}
COMMAND: POST /session/e1a2e03b1e5782e94bb1152ef752ddf0/element/f.04D253A817E55EB22DFE9CF0F4375160.d.1F3ECFCBC76CA7DF8B5A805018865CF9.e.4480/elements - {"using":"css selector","value":"td"}
RESULT: {"using":"css selector","value":"td"}
COMMAND: POST /session/e1a2e03b1e5782e94bb1152ef752ddf0/element/f.04D253A817E55EB22DFE9CF0F4375160.d.1F3ECFCBC76CA7DF8B5A805018865CF9.e.4481/elements - {"using":"css selector","value":"td"}
RESULT: {"using":"css selector","value":"td"}
COMMAND: POST /session/e1a2e03b1e5782e94bb1152ef752ddf0/element/f.04D253A817E55EB22DFE9CF0F4375160.d.1F3ECFCBC76CA7DF8B5A805018865CF9.e.4482/elements - {"using":"css selector","value":"td"}
RESULT: {"using":"css selector","value":"td"}
COMMAND: POST /session/e1a2e03b1e5782e94bb1152ef752ddf0/element/f.04D253A817E55EB22DFE9CF0F4375160.d.1F3ECFCBC76CA7DF8B5A805018865CF9.e.4483/elements - {"using":"css selector","value":"td"}
RESULT: {"using":"css selector","value":"td"}
COMMAND: POST /session/e1a2e03b1e5782e94bb1152ef752ddf0/element/f.04D253A817E55EB22DFE9CF0F4375160.d.1F3ECFCBC76CA7DF8B5A805018865CF9.e.4484/elements - {"using":"css selector","value":"td"}
RESULT: {"using":"css selector","value":"td"}
COMMAND: POST /session/e1a2e03b1e5782e94bb1152ef752ddf0/element/f.04D253A817E55EB22DFE9CF0F4375160.d.1F3ECFCBC76CA7DF8B5A805018865CF9.e.4485/elements - {"using":"css selector","value":"td"}
RESULT: {"using":"css selector","value":"td"}
COMMAND: POST /session/e1a2e03b1e5782e94bb1152ef752ddf0/element/f.04D253A817E55EB22DFE9CF0F4375160.d.1F3ECFCBC76CA7DF8B5A805018865CF9.e.4486/elements - {"using":"css selector","value":"td"}
RESULT: {"using":"css selector","value":"td"}
COMMAND: POST /session/e1a2e03b1e5782e94bb1152ef752ddf0/element/f.04D253A817E55EB22DFE9CF0F4375160.d.1F3ECFCBC76CA7DF8B5A805018865CF9.e.4487/elements - {"using":"css selector","value":"td"}
RESULT: {"using":"css selector","value":"td"}
COMMAND: POST /session/e1a2e03b1e5782e94bb1152ef752ddf0/element/f.04D253A817E55EB22DFE9CF0F4375160.d.1F3ECFCBC76CA7DF8B5A805018865CF9.e.4488/elements - {"using":"css selector","value":"td"}
RESULT: {"using":"css selector","value":"td"}
COMMAND: POST /session/e1a2e03b1e5782e94bb1152ef752ddf0/element/f.04D253A817E55EB22DFE9CF0F4375160.d.1F3ECFCBC76CA7DF8B5A805018865CF9.e.4489/elements - {"using":"css selector","value":"td"}
RESULT: {"using":"css selector","value":"td"}
COMMAND: POST /session/e1a2e03b1e5782e94bb1152ef752ddf0/element/f.04D253A817E55EB22DFE9CF0F4375160.d.1F3ECFCBC76CA7DF8B5A805018865CF9.e.4490/elements - {"using":"css selector","value":"td"}
RESULT: {"using":"css selector","value":"td"}
COMMAND: POST /session/e1a2e03b1e5782e94bb1152ef752ddf0/element/f.04D253A817E55EB22DFE9CF0F4375160.d.1F3ECFCBC76CA7DF8B5A805018865CF9.e.4491/elements - {"using":"css selector","value":"td"}
RESULT: {"using":"css selector","value":"td"}
COMMAND: POST /session/e1a2e03b1e5782e94bb1152ef752ddf0/element/f.04D253A817E55EB22DFE9CF0F4375160.d.1F3ECFCBC76CA7DF8B5A805018865CF9.e.4492/elements - {"using":"css selector","value":"td"}
RESULT: {"using":"css selector","value":"td"}
COMMAND: POST /session/e1a2e03b1e5782e94bb1152ef752ddf0/element/f.04D253A817E55EB22DFE9CF0F4375160.d.1F3ECFCBC76CA7DF8B5A805018865CF9.e.4493/elements - {"using":"css selector","value":"td"}
RESULT: {"using":"css selector","value":"td"}
COMMAND: POST /session/e1a2e03b1e5782e94bb1152ef752ddf0/element/f.04D253A817E55EB22DFE9CF0F4375160.d.1F3ECFCBC76CA7DF8B5A805018865CF9.e.4494/elements - {"using":"css selector","value":"td"}
RESULT: {"using":"css selector","value":"td"}
COMMAND: POST /session/e1a2e03b1e5782e94bb1152ef752ddf0/element/f.04D253A817E55EB22DFE9CF0F4375160.d.1F3ECFCBC76CA7DF8B5A805018865CF9.e.4495/elements - {"using":"css selector","value":"td"}
RESULT: {"using":"css selector","value":"td"}
COMMAND: POST /session/e1a2e03b1e5782e94bb1152ef752ddf0/element/f.04D253A817E55EB22DFE9CF0F4375160.d.1F3ECFCBC76CA7DF8B5A805018865CF9.e.4496/elements - {"using":"css selector","value":"td"}
RESULT: {"using":"css selector","value":"td"}
COMMAND: POST /session/e1a2e03b1e5782e94bb1152ef752ddf0/element/f.04D253A817E55EB22DFE9CF0F4375160.d.1F3ECFCBC76CA7DF8B5A805018865CF9.e.4497/elements - {"using":"css selector","value":"td"}
RESULT: {"using":"css selector","value":"td"}
COMMAND: POST /session/e1a2e03b1e5782e94bb1152ef752ddf0/element/f.04D253A817E55EB22DFE9CF0F4375160.d.1F3ECFCBC76CA7DF8B5A805018865CF9.e.4498/elements - {"using":"css selector","value":"td"}
RESULT: {"using":"css selector","value":"td"}
COMMAND: POST /session/e1a2e03b1e5782e94bb1152ef752ddf0/element/f.04D253A817E55EB22DFE9CF0F4375160.d.1F3ECFCBC76CA7DF8B5A805018865CF9.e.4499/elements - {"using":"css selector","value":"td"}
RESULT: {"using":"css selector","value":"td"}
COMMAND: POST /session/e1a2e03b1e5782e94bb1152ef752ddf0/element/f.04D253A817E55EB22DFE9CF0F4375160.d.1F3ECFCBC76CA7DF8B5A805018865CF9.e.4500/elements - {"using":"css selector","value":"td"}
RESULT: {"using":"css selector","value":"td"}
COMMAND: POST /session/e1a2e03b1e5782e94bb1152ef752ddf0/element/f.04D253A817E55EB22DFE9CF0F4375160.d.1F3ECFCBC76CA7DF8B5A805018865CF9.e.4501/elements - {"using":"css selector","value":"td"}
RESULT: {"using":"css selector","value":"td"}
COMMAND: POST /session/e1a2e03b1e5782e94bb1152ef752ddf0/element/f.04D253A817E55EB22DFE9CF0F4375160.d.1F3ECFCBC76CA7DF8B5A805018865CF9.e.4502/elements - {"using":"css selector","value":"td"}
RESULT: {"using":"css selector","value":"td"}
COMMAND: POST /session/e1a2e03b1e5782e94bb1152ef752ddf0/element/f.04D253A817E55EB22DFE9CF0F4375160.d.1F3ECFCBC76CA7DF8B5A805018865CF9.e.4503/elements - {"using":"css selector","value":"td"}
RESULT: {"using":"css selector","value":"td"}
COMMAND: POST /session/e1a2e03b1e5782e94bb1152ef752ddf0/element/f.04D253A817E55EB22DFE9CF0F4375160.d.1F3ECFCBC76CA7DF8B5A805018865CF9.e.4504/elements - {"using":"css selector","value":"td"}
RESULT: {"using":"css selector","value":"td"}
COMMAND: POST /session/e1a2e03b1e5782e94bb1152ef752ddf0/element/f.04D253A817E55EB22DFE9CF0F4375160.d.1F3ECFCBC76CA7DF8B5A805018865CF9.e.4505/elements - {"using":"css selector","value":"td"}
RESULT: {"using":"css selector","value":"td"}
COMMAND: POST /session/e1a2e03b1e5782e94bb1152ef752ddf0/element/f.04D253A817E55EB22DFE9CF0F4375160.d.1F3ECFCBC76CA7DF8B5A805018865CF9.e.4506/elements - {"using":"css selector","value":"td"}
RESULT: {"using":"css selector","value":"td"}
COMMAND: POST /session/e1a2e03b1e5782e94bb1152ef752ddf0/element/f.04D253A817E55EB22DFE9CF0F4375160.d.1F3ECFCBC76CA7DF8B5A805018865CF9.e.4507/elements - {"using":"css selector","value":"td"}
RESULT: {"using":"css selector","value":"td"}
COMMAND: POST /session/e1a2e03b1e5782e94bb1152ef752ddf0/element/f.04D253A817E55EB22DFE9CF0F4375160.d.1F3ECFCBC76CA7DF8B5A805018865CF9.e.4508/elements - {"using":"css selector","value":"td"}
RESULT: {"using":"css selector","value":"td"}
COMMAND: POST /session/e1a2e03b1e5782e94bb1152ef752ddf0/element/f.04D253A817E55EB22DFE9CF0F4375160.d.1F3ECFCBC76CA7DF8B5A805018865CF9.e.4509/elements - {"using":"css selector","value":"td"}
RESULT: {"using":"css selector","value":"td"}
COMMAND: POST /session/e1a2e03b1e5782e94bb1152ef752ddf0/element/f.04D253A817E55EB22DFE9CF0F4375160.d.1F3ECFCBC76CA7DF8B5A805018865CF9.e.4510/elements - {"using":"css selector","value":"td"}
RESULT: {"using":"css selector","value":"td"}
COMMAND: POST /session/e1a2e03b1e5782e94bb1152ef752ddf0/element/f.04D253A817E55EB22DFE9CF0F4375160.d.1F3ECFCBC76CA7DF8B5A805018865CF9.e.4511/elements - {"using":"css selector","value":"td"}
RESULT: {"using":"css selector","value":"td"}
COMMAND: POST /session/e1a2e03b1e5782e94bb1152ef752ddf0/element/f.04D253A817E55EB22DFE9CF0F4375160.d.1F3ECFCBC76CA7DF8B5A805018865CF9.e.4512/elements - {"using":"css selector","value":"td"}
RESULT: {"using":"css selector","value":"td"}
COMMAND: POST /session/e1a2e03b1e5782e94bb1152ef752ddf0/element/f.04D253A817E55EB22DFE9CF0F4375160.d.1F3ECFCBC76CA7DF8B5A805018865CF9.e.4513/elements - {"using":"css selector","value":"td"}
RESULT: {"using":"css selector","value":"td"}
COMMAND: POST /session/e1a2e03b1e5782e94bb1152ef752ddf0/element/f.04D253A817E55EB22DFE9CF0F4375160.d.1F3ECFCBC76CA7DF8B5A805018865CF9.e.4514/elements - {"using":"css selector","value":"td"}
RESULT: {"using":"css selector","value":"td"}
COMMAND: POST /session/e1a2e03b1e5782e94bb1152ef752ddf0/element/f.04D253A817E55EB22DFE9CF0F4375160.d.1F3ECFCBC76CA7DF8B5A805018865CF9.e.4515/elements - {"using":"css selector","value":"td"}
RESULT: {"using":"css selector","value":"td"}
COMMAND: POST /session/e1a2e03b1e5782e94bb1152ef752ddf0/element/f.04D253A817E55EB22DFE9CF0F4375160.d.1F3ECFCBC76CA7DF8B5A805018865CF9.e.4516/elements - {"using":"css selector","value":"td"}
RESULT: {"using":"css selector","value":"td"}
COMMAND: POST /session/e1a2e03b1e5782e94bb1152ef752ddf0/element/f.04D253A817E55EB22DFE9CF0F4375160.d.1F3ECFCBC76CA7DF8B5A805018865CF9.e.4517/elements - {"using":"css selector","value":"td"}
RESULT: {"using":"css selector","value":"td"}
COMMAND: POST /session/e1a2e03b1e5782e94bb1152ef752ddf0/element/f.04D253A817E55EB22DFE9CF0F4375160.d.1F3ECFCBC76CA7DF8B5A805018865CF9.e.4518/elements - {"using":"css selector","value":"td"}
RESULT: {"using":"css selector","value":"td"}
COMMAND: POST /session/e1a2e03b1e5782e94bb1152ef752ddf0/element/f.04D253A817E55EB22DFE9CF0F4375160.d.1F3ECFCBC76CA7DF8B5A805018865CF9.e.4519/elements - {"using":"css selector","value":"td"}
RESULT: {"using":"css selector","value":"td"}
COMMAND: POST /session/e1a2e03b1e5782e94bb1152ef752ddf0/element/f.04D253A817E55EB22DFE9CF0F4375160.d.1F3ECFCBC76CA7DF8B5A805018865CF9.e.4520/elements - {"using":"css selector","value":"td"}
RESULT: {"using":"css selector","value":"td"}
COMMAND: POST /session/e1a2e03b1e5782e94bb1152ef752ddf0/element/f.04D253A817E55EB22DFE9CF0F4375160.d.1F3ECFCBC76CA7DF8B5A805018865CF9.e.4521/elements - {"using":"css selector","value":"td"}
RESULT: {"using":"css selector","value":"td"}
COMMAND: POST /session/e1a2e03b1e5782e94bb1152ef752ddf0/element/f.04D253A817E55EB22DFE9CF0F4375160.d.1F3ECFCBC76CA7DF8B5A805018865CF9.e.4522/elements - {"using":"css selector","value":"td"}
RESULT: {"using":"css selector","value":"td"}
COMMAND: POST /session/e1a2e03b1e5782e94bb1152ef752ddf0/element/f.04D253A817E55EB22DFE9CF0F4375160.d.1F3ECFCBC76CA7DF8B5A805018865CF9.e.4523/elements - {"using":"css selector","value":"td"}
RESULT: {"using":"css selector","value":"td"}
COMMAND: POST /session/e1a2e03b1e5782e94bb1152ef752ddf0/element/f.04D253A817E55EB22DFE9CF0F4375160.d.1F3ECFCBC76CA7DF8B5A805018865CF9.e.4524/elements - {"using":"css selector","value":"td"}
RESULT: {"using":"css selector","value":"td"}
COMMAND: POST /session/e1a2e03b1e5782e94bb1152ef752ddf0/element/f.04D253A817E55EB22DFE9CF0F4375160.d.1F3ECFCBC76CA7DF8B5A805018865CF9.e.4525/elements - {"using":"css selector","value":"td"}
RESULT: {"using":"css selector","value":"td"}
COMMAND: POST /session/e1a2e03b1e5782e94bb1152ef752ddf0/element/f.04D253A817E55EB22DFE9CF0F4375160.d.1F3ECFCBC76CA7DF8B5A805018865CF9.e.4526/elements - {"using":"css selector","value":"td"}
RESULT: {"using":"css selector","value":"td"}
COMMAND: POST /session/e1a2e03b1e5782e94bb1152ef752ddf0/element/f.04D253A817E55EB22DFE9CF0F4375160.d.1F3ECFCBC76CA7DF8B5A805018865CF9.e.4527/elements - {"using":"css selector","value":"td"}
RESULT: {"using":"css selector","value":"td"}
COMMAND: POST /session/e1a2e03b1e5782e94bb1152ef752ddf0/element/f.04D253A817E55EB22DFE9CF0F4375160.d.1F3ECFCBC76CA7DF8B5A805018865CF9.e.4528/elements - {"using":"css selector","value":"td"}
RESULT: {"using":"css selector","value":"td"}
COMMAND: POST /session/e1a2e03b1e5782e94bb1152ef752ddf0/element/f.04D253A817E55EB22DFE9CF0F4375160.d.1F3ECFCBC76CA7DF8B5A805018865CF9.e.4529/elements - {"using":"css selector","value":"td"}
RESULT: {"using":"css selector","value":"td"}
COMMAND: POST /session/e1a2e03b1e5782e94bb1152ef752ddf0/element/f.04D253A817E55EB22DFE9CF0F4375160.d.1F3ECFCBC76CA7DF8B5A805018865CF9.e.4530/elements - {"using":"css selector","value":"td"}
RESULT: {"using":"css selector","value":"td"}
COMMAND: POST /session/e1a2e03b1e5782e94bb1152ef752ddf0/element/f.04D253A817E55EB22DFE9CF0F4375160.d.1F3ECFCBC76CA7DF8B5A805018865CF9.e.4531/elements - {"using":"css selector","value":"td"}
RESULT: {"using":"css selector","value":"td"}
COMMAND: POST /session/e1a2e03b1e5782e94bb1152ef752ddf0/element/f.04D253A817E55EB22DFE9CF0F4375160.d.1F3ECFCBC76CA7DF8B5A805018865CF9.e.4553/element - {"using":"css selector","value":"input"}
RESULT: {"using":"css selector","value":"input"}
COMMAND: GET /session/e1a2e03b1e5782e94bb1152ef752ddf0/element/f.04D253A817E55EB22DFE9CF0F4375160.d.1F3ECFCBC76CA7DF8B5A805018865CF9.e.4536/property/value - {}
RESULT: {}
COMMAND: POST /session/e1a2e03b1e5782e94bb1152ef752ddf0/element/f.04D253A817E55EB22DFE9CF0F4375160.d.1F3ECFCBC76CA7DF8B5A805018865CF9.e.4531/element - {"using":"css selector","value":".sapMCbBg"}
COMMAND: GET /session/e1a2e03b1e5782e94bb1152ef752ddf0/screenshot - {}
RESULT: {"using":"css selector","value":".sapMCbBg"}
COMMAND: GET /session/e1a2e03b1e5782e94bb1152ef752ddf0/element/f.04D253A817E55EB22DFE9CF0F4375160.d.1F3ECFCBC76CA7DF8B5A805018865CF9.e.4973/selected - {}
RESULT: {}
RESULT: {}
COMMAND: POST /session/e1a2e03b1e5782e94bb1152ef752ddf0/element/f.04D253A817E55EB22DFE9CF0F4375160.d.1F3ECFCBC76CA7DF8B5A805018865CF9.e.4973/click - {}
COMMAND: GET /session/e1a2e03b1e5782e94bb1152ef752ddf0/screenshot - {}
RESULT: {}
COMMAND: POST /session/e1a2e03b1e5782e94bb1152ef752ddf0/element/f.04D253A817E55EB22DFE9CF0F4375160.d.1F3ECFCBC76CA7DF8B5A805018865CF9.e.4563/elements - {"using":"css selector","value":"td"}
COMMAND: GET /session/e1a2e03b1e5782e94bb1152ef752ddf0/screenshot - {}
RESULT: {}
RESULT: {"using":"css selector","value":"td"}
COMMAND: POST /session/e1a2e03b1e5782e94bb1152ef752ddf0/element/f.04D253A817E55EB22DFE9CF0F4375160.d.1F3ECFCBC76CA7DF8B5A805018865CF9.e.4585/element - {"using":"css selector","value":"input"}
RESULT: {}
RESULT: {"using":"css selector","value":"input"}
COMMAND: GET /session/e1a2e03b1e5782e94bb1152ef752ddf0/element/f.04D253A817E55EB22DFE9CF0F4375160.d.1F3ECFCBC76CA7DF8B5A805018865CF9.e.4568/property/value - {}
RESULT: {}
COMMAND: POST /session/e1a2e03b1e5782e94bb1152ef752ddf0/element/f.04D253A817E55EB22DFE9CF0F4375160.d.1F3ECFCBC76CA7DF8B5A805018865CF9.e.4563/element - {"using":"css selector","value":".sapMCbBg"}
COMMAND: GET /session/e1a2e03b1e5782e94bb1152ef752ddf0/screenshot - {}
RESULT: {"using":"css selector","value":".sapMCbBg"}
COMMAND: GET /session/e1a2e03b1e5782e94bb1152ef752ddf0/element/f.04D253A817E55EB22DFE9CF0F4375160.d.1F3ECFCBC76CA7DF8B5A805018865CF9.e.4977/selected - {}
RESULT: {}
RESULT: {}
COMMAND: POST /session/e1a2e03b1e5782e94bb1152ef752ddf0/element/f.04D253A817E55EB22DFE9CF0F4375160.d.1F3ECFCBC76CA7DF8B5A805018865CF9.e.4977/click - {}
COMMAND: GET /session/e1a2e03b1e5782e94bb1152ef752ddf0/screenshot - {}
RESULT: {}
COMMAND: GET /session/e1a2e03b1e5782e94bb1152ef752ddf0/screenshot - {}
RESULT: {}
RESULT: {}
COMMAND: POST /session/e1a2e03b1e5782e94bb1152ef752ddf0/execute/async - {"script":"<script> [1562 bytes]","args":[{"selector":{"id":"application-manageconditionprice-display-component---dailyPrices--deleteBtn","interaction":{"idSuffix":"content"}},"wdio_ui5_key":"applicationmanageconditionprice-display-component---dailyPrices--deleteBtn"}]}
RESULT: {"script":"<script> [1562 bytes]","args":[{"selector":{"id":"application-manageconditionprice-display-component---dailyPrices--deleteBtn","interaction":{"idSuffix":"content"}},"wdio_ui5_key":"applicationmanageconditionprice-display-component---dailyPrices--deleteBtn"}]}
RESULT: undefined
COMMAND: POST /session/e1a2e03b1e5782e94bb1152ef752ddf0/element - {"using":"xpath","value":"//*[@id=\"application-manageconditionprice-display-component---dailyPrices--deleteBtn\"]"}
RESULT: {"using":"xpath","value":"//*[@id=\"application-manageconditionprice-display-component---dailyPrices--deleteBtn\"]"}
COMMAND: POST /session/e1a2e03b1e5782e94bb1152ef752ddf0/element/f.04D253A817E55EB22DFE9CF0F4375160.d.1F3ECFCBC76CA7DF8B5A805018865CF9.e.4979/click - {}
RESULT: {}
COMMAND: POST /session/e1a2e03b1e5782e94bb1152ef752ddf0/execute/async - {"script":"<script> [1562 bytes]","args":[{"selector":{"controlType":"sap.m.Button","properties":{"text":"OK"},"searchOpenDialogs":true,"interaction":{"idSuffix":"BDI-content"}},"wdio_ui5_key":"sapm.Button{\"text\":\"OK\"}"}]}
COMMAND: GET /session/e1a2e03b1e5782e94bb1152ef752ddf0/screenshot - {}
RESULT: {"script":"<script> [1562 bytes]","args":[{"selector":{"controlType":"sap.m.Button","properties":{"text":"OK"},"searchOpenDialogs":true,"interaction":{"idSuffix":"BDI-content"}},"wdio_ui5_key":"sapm.Button{\"text\":\"OK\"}"}]}
RESULT: undefined
COMMAND: POST /session/e1a2e03b1e5782e94bb1152ef752ddf0/element - {"using":"xpath","value":"//*[@id=\"__mbox-btn-0\"]"}
RESULT: {}
RESULT: {"using":"xpath","value":"//*[@id=\"__mbox-btn-0\"]"}
COMMAND: POST /session/e1a2e03b1e5782e94bb1152ef752ddf0/element/f.04D253A817E55EB22DFE9CF0F4375160.d.1F3ECFCBC76CA7DF8B5A805018865CF9.e.4980/click - {}
RESULT: {}
COMMAND: GET /session/e1a2e03b1e5782e94bb1152ef752ddf0/screenshot - {}
RESULT: {}
RESULT: undefined
COMMAND: POST /session/e1a2e03b1e5782e94bb1152ef752ddf0/element - {"using":"xpath","value":"//*[@id=\"__button115\"]"}
RESULT: {"using":"xpath","value":"//*[@id=\"__button115\"]"}
COMMAND: POST /session/e1a2e03b1e5782e94bb1152ef752ddf0/element/f.04D253A817E55EB22DFE9CF0F4375160.d.1F3ECFCBC76CA7DF8B5A805018865CF9.e.4624/click - {}
RESULT: {}
COMMAND: GET /session/e1a2e03b1e5782e94bb1152ef752ddf0/screenshot - {}
RESULT: {}
COMMAND: POST /session/e1a2e03b1e5782e94bb1152ef752ddf0/elements - {"using":"css selector","value":"table tr"}
RESULT: {"using":"css selector","value":"table tr"}
COMMAND: POST /session/e1a2e03b1e5782e94bb1152ef752ddf0/element/f.04D253A817E55EB22DFE9CF0F4375160.d.1F3ECFCBC76CA7DF8B5A805018865CF9.e.4449/elements - {"using":"css selector","value":"td"}
RESULT: {"using":"css selector","value":"td"}
COMMAND: POST /session/e1a2e03b1e5782e94bb1152ef752ddf0/element/f.04D253A817E55EB22DFE9CF0F4375160.d.1F3ECFCBC76CA7DF8B5A805018865CF9.e.4450/elements - {"using":"css selector","value":"td"}
RESULT: {"using":"css selector","value":"td"}
COMMAND: POST /session/e1a2e03b1e5782e94bb1152ef752ddf0/element/f.04D253A817E55EB22DFE9CF0F4375160.d.1F3ECFCBC76CA7DF8B5A805018865CF9.e.4451/elements - {"using":"css selector","value":"td"}
RESULT: {"using":"css selector","value":"td"}
COMMAND: POST /session/e1a2e03b1e5782e94bb1152ef752ddf0/element/f.04D253A817E55EB22DFE9CF0F4375160.d.1F3ECFCBC76CA7DF8B5A805018865CF9.e.4375/elements - {"using":"css selector","value":"td"}
RESULT: {"using":"css selector","value":"td"}
COMMAND: POST /session/e1a2e03b1e5782e94bb1152ef752ddf0/element/f.04D253A817E55EB22DFE9CF0F4375160.d.1F3ECFCBC76CA7DF8B5A805018865CF9.e.4376/elements - {"using":"css selector","value":"td"}
RESULT: {"using":"css selector","value":"td"}
COMMAND: POST /session/e1a2e03b1e5782e94bb1152ef752ddf0/element/f.04D253A817E55EB22DFE9CF0F4375160.d.1F3ECFCBC76CA7DF8B5A805018865CF9.e.4384/elements - {"using":"css selector","value":"td"}
RESULT: {"using":"css selector","value":"td"}
COMMAND: POST /session/e1a2e03b1e5782e94bb1152ef752ddf0/element/f.04D253A817E55EB22DFE9CF0F4375160.d.1F3ECFCBC76CA7DF8B5A805018865CF9.e.4385/elements - {"using":"css selector","value":"td"}
RESULT: {"using":"css selector","value":"td"}
COMMAND: POST /session/e1a2e03b1e5782e94bb1152ef752ddf0/element/f.04D253A817E55EB22DFE9CF0F4375160.d.1F3ECFCBC76CA7DF8B5A805018865CF9.e.4393/elements - {"using":"css selector","value":"td"}
RESULT: {"using":"css selector","value":"td"}
COMMAND: POST /session/e1a2e03b1e5782e94bb1152ef752ddf0/element/f.04D253A817E55EB22DFE9CF0F4375160.d.1F3ECFCBC76CA7DF8B5A805018865CF9.e.4394/elements - {"using":"css selector","value":"td"}
RESULT: {"using":"css selector","value":"td"}
COMMAND: POST /session/e1a2e03b1e5782e94bb1152ef752ddf0/element/f.04D253A817E55EB22DFE9CF0F4375160.d.1F3ECFCBC76CA7DF8B5A805018865CF9.e.4398/elements - {"using":"css selector","value":"td"}
RESULT: {"using":"css selector","value":"td"}
COMMAND: POST /session/e1a2e03b1e5782e94bb1152ef752ddf0/element/f.04D253A817E55EB22DFE9CF0F4375160.d.1F3ECFCBC76CA7DF8B5A805018865CF9.e.4452/elements - {"using":"css selector","value":"td"}
RESULT: {"using":"css selector","value":"td"}
COMMAND: POST /session/e1a2e03b1e5782e94bb1152ef752ddf0/element/f.04D253A817E55EB22DFE9CF0F4375160.d.1F3ECFCBC76CA7DF8B5A805018865CF9.e.4453/elements - {"using":"css selector","value":"td"}
RESULT: {"using":"css selector","value":"td"}
COMMAND: POST /session/e1a2e03b1e5782e94bb1152ef752ddf0/element/f.04D253A817E55EB22DFE9CF0F4375160.d.1F3ECFCBC76CA7DF8B5A805018865CF9.e.4454/elements - {"using":"css selector","value":"td"}
RESULT: {"using":"css selector","value":"td"}
COMMAND: POST /session/e1a2e03b1e5782e94bb1152ef752ddf0/element/f.04D253A817E55EB22DFE9CF0F4375160.d.1F3ECFCBC76CA7DF8B5A805018865CF9.e.4455/elements - {"using":"css selector","value":"td"}
RESULT: {"using":"css selector","value":"td"}
COMMAND: POST /session/e1a2e03b1e5782e94bb1152ef752ddf0/element/f.04D253A817E55EB22DFE9CF0F4375160.d.1F3ECFCBC76CA7DF8B5A805018865CF9.e.4456/elements - {"using":"css selector","value":"td"}
RESULT: {"using":"css selector","value":"td"}
COMMAND: POST /session/e1a2e03b1e5782e94bb1152ef752ddf0/element/f.04D253A817E55EB22DFE9CF0F4375160.d.1F3ECFCBC76CA7DF8B5A805018865CF9.e.4457/elements - {"using":"css selector","value":"td"}
RESULT: {"using":"css selector","value":"td"}
COMMAND: POST /session/e1a2e03b1e5782e94bb1152ef752ddf0/element/f.04D253A817E55EB22DFE9CF0F4375160.d.1F3ECFCBC76CA7DF8B5A805018865CF9.e.4458/elements - {"using":"css selector","value":"td"}
RESULT: {"using":"css selector","value":"td"}
COMMAND: POST /session/e1a2e03b1e5782e94bb1152ef752ddf0/element/f.04D253A817E55EB22DFE9CF0F4375160.d.1F3ECFCBC76CA7DF8B5A805018865CF9.e.4459/elements - {"using":"css selector","value":"td"}
RESULT: {"using":"css selector","value":"td"}
COMMAND: POST /session/e1a2e03b1e5782e94bb1152ef752ddf0/element/f.04D253A817E55EB22DFE9CF0F4375160.d.1F3ECFCBC76CA7DF8B5A805018865CF9.e.4460/elements - {"using":"css selector","value":"td"}
RESULT: {"using":"css selector","value":"td"}
COMMAND: POST /session/e1a2e03b1e5782e94bb1152ef752ddf0/element/f.04D253A817E55EB22DFE9CF0F4375160.d.1F3ECFCBC76CA7DF8B5A805018865CF9.e.4461/elements - {"using":"css selector","value":"td"}
RESULT: {"using":"css selector","value":"td"}
COMMAND: POST /session/e1a2e03b1e5782e94bb1152ef752ddf0/element/f.04D253A817E55EB22DFE9CF0F4375160.d.1F3ECFCBC76CA7DF8B5A805018865CF9.e.4462/elements - {"using":"css selector","value":"td"}
RESULT: {"using":"css selector","value":"td"}
COMMAND: POST /session/e1a2e03b1e5782e94bb1152ef752ddf0/element/f.04D253A817E55EB22DFE9CF0F4375160.d.1F3ECFCBC76CA7DF8B5A805018865CF9.e.4463/elements - {"using":"css selector","value":"td"}
RESULT: {"using":"css selector","value":"td"}
COMMAND: POST /session/e1a2e03b1e5782e94bb1152ef752ddf0/element/f.04D253A817E55EB22DFE9CF0F4375160.d.1F3ECFCBC76CA7DF8B5A805018865CF9.e.4464/elements - {"using":"css selector","value":"td"}
RESULT: {"using":"css selector","value":"td"}
COMMAND: POST /session/e1a2e03b1e5782e94bb1152ef752ddf0/element/f.04D253A817E55EB22DFE9CF0F4375160.d.1F3ECFCBC76CA7DF8B5A805018865CF9.e.4465/elements - {"using":"css selector","value":"td"}
RESULT: {"using":"css selector","value":"td"}
COMMAND: POST /session/e1a2e03b1e5782e94bb1152ef752ddf0/element/f.04D253A817E55EB22DFE9CF0F4375160.d.1F3ECFCBC76CA7DF8B5A805018865CF9.e.4466/elements - {"using":"css selector","value":"td"}
RESULT: {"using":"css selector","value":"td"}
COMMAND: POST /session/e1a2e03b1e5782e94bb1152ef752ddf0/element/f.04D253A817E55EB22DFE9CF0F4375160.d.1F3ECFCBC76CA7DF8B5A805018865CF9.e.4467/elements - {"using":"css selector","value":"td"}
RESULT: {"using":"css selector","value":"td"}
COMMAND: POST /session/e1a2e03b1e5782e94bb1152ef752ddf0/element/f.04D253A817E55EB22DFE9CF0F4375160.d.1F3ECFCBC76CA7DF8B5A805018865CF9.e.4468/elements - {"using":"css selector","value":"td"}
RESULT: {"using":"css selector","value":"td"}
COMMAND: POST /session/e1a2e03b1e5782e94bb1152ef752ddf0/element/f.04D253A817E55EB22DFE9CF0F4375160.d.1F3ECFCBC76CA7DF8B5A805018865CF9.e.4469/elements - {"using":"css selector","value":"td"}
RESULT: {"using":"css selector","value":"td"}
COMMAND: POST /session/e1a2e03b1e5782e94bb1152ef752ddf0/element/f.04D253A817E55EB22DFE9CF0F4375160.d.1F3ECFCBC76CA7DF8B5A805018865CF9.e.4470/elements - {"using":"css selector","value":"td"}
RESULT: {"using":"css selector","value":"td"}
COMMAND: POST /session/e1a2e03b1e5782e94bb1152ef752ddf0/element/f.04D253A817E55EB22DFE9CF0F4375160.d.1F3ECFCBC76CA7DF8B5A805018865CF9.e.4471/elements - {"using":"css selector","value":"td"}
RESULT: {"using":"css selector","value":"td"}
COMMAND: POST /session/e1a2e03b1e5782e94bb1152ef752ddf0/element/f.04D253A817E55EB22DFE9CF0F4375160.d.1F3ECFCBC76CA7DF8B5A805018865CF9.e.4472/elements - {"using":"css selector","value":"td"}
RESULT: {"using":"css selector","value":"td"}
COMMAND: POST /session/e1a2e03b1e5782e94bb1152ef752ddf0/element/f.04D253A817E55EB22DFE9CF0F4375160.d.1F3ECFCBC76CA7DF8B5A805018865CF9.e.4473/elements - {"using":"css selector","value":"td"}
RESULT: {"using":"css selector","value":"td"}
COMMAND: POST /session/e1a2e03b1e5782e94bb1152ef752ddf0/element/f.04D253A817E55EB22DFE9CF0F4375160.d.1F3ECFCBC76CA7DF8B5A805018865CF9.e.4474/elements - {"using":"css selector","value":"td"}
RESULT: {"using":"css selector","value":"td"}
COMMAND: POST /session/e1a2e03b1e5782e94bb1152ef752ddf0/element/f.04D253A817E55EB22DFE9CF0F4375160.d.1F3ECFCBC76CA7DF8B5A805018865CF9.e.4475/elements - {"using":"css selector","value":"td"}
RESULT: {"using":"css selector","value":"td"}
COMMAND: POST /session/e1a2e03b1e5782e94bb1152ef752ddf0/element/f.04D253A817E55EB22DFE9CF0F4375160.d.1F3ECFCBC76CA7DF8B5A805018865CF9.e.4476/elements - {"using":"css selector","value":"td"}
RESULT: {"using":"css selector","value":"td"}
COMMAND: POST /session/e1a2e03b1e5782e94bb1152ef752ddf0/element/f.04D253A817E55EB22DFE9CF0F4375160.d.1F3ECFCBC76CA7DF8B5A805018865CF9.e.4477/elements - {"using":"css selector","value":"td"}
RESULT: {"using":"css selector","value":"td"}
COMMAND: POST /session/e1a2e03b1e5782e94bb1152ef752ddf0/element/f.04D253A817E55EB22DFE9CF0F4375160.d.1F3ECFCBC76CA7DF8B5A805018865CF9.e.4478/elements - {"using":"css selector","value":"td"}
RESULT: {"using":"css selector","value":"td"}
COMMAND: POST /session/e1a2e03b1e5782e94bb1152ef752ddf0/element/f.04D253A817E55EB22DFE9CF0F4375160.d.1F3ECFCBC76CA7DF8B5A805018865CF9.e.4479/elements - {"using":"css selector","value":"td"}
RESULT: {"using":"css selector","value":"td"}
COMMAND: POST /session/e1a2e03b1e5782e94bb1152ef752ddf0/element/f.04D253A817E55EB22DFE9CF0F4375160.d.1F3ECFCBC76CA7DF8B5A805018865CF9.e.4480/elements - {"using":"css selector","value":"td"}
RESULT: {"using":"css selector","value":"td"}
COMMAND: POST /session/e1a2e03b1e5782e94bb1152ef752ddf0/element/f.04D253A817E55EB22DFE9CF0F4375160.d.1F3ECFCBC76CA7DF8B5A805018865CF9.e.4481/elements - {"using":"css selector","value":"td"}
RESULT: {"using":"css selector","value":"td"}
COMMAND: POST /session/e1a2e03b1e5782e94bb1152ef752ddf0/element/f.04D253A817E55EB22DFE9CF0F4375160.d.1F3ECFCBC76CA7DF8B5A805018865CF9.e.4482/elements - {"using":"css selector","value":"td"}
RESULT: {"using":"css selector","value":"td"}
COMMAND: POST /session/e1a2e03b1e5782e94bb1152ef752ddf0/element/f.04D253A817E55EB22DFE9CF0F4375160.d.1F3ECFCBC76CA7DF8B5A805018865CF9.e.4483/elements - {"using":"css selector","value":"td"}
RESULT: {"using":"css selector","value":"td"}
COMMAND: POST /session/e1a2e03b1e5782e94bb1152ef752ddf0/element/f.04D253A817E55EB22DFE9CF0F4375160.d.1F3ECFCBC76CA7DF8B5A805018865CF9.e.4484/elements - {"using":"css selector","value":"td"}
RESULT: {"using":"css selector","value":"td"}
COMMAND: POST /session/e1a2e03b1e5782e94bb1152ef752ddf0/element/f.04D253A817E55EB22DFE9CF0F4375160.d.1F3ECFCBC76CA7DF8B5A805018865CF9.e.4485/elements - {"using":"css selector","value":"td"}
RESULT: {"using":"css selector","value":"td"}
COMMAND: POST /session/e1a2e03b1e5782e94bb1152ef752ddf0/element/f.04D253A817E55EB22DFE9CF0F4375160.d.1F3ECFCBC76CA7DF8B5A805018865CF9.e.4486/elements - {"using":"css selector","value":"td"}
RESULT: {"using":"css selector","value":"td"}
COMMAND: POST /session/e1a2e03b1e5782e94bb1152ef752ddf0/element/f.04D253A817E55EB22DFE9CF0F4375160.d.1F3ECFCBC76CA7DF8B5A805018865CF9.e.4487/elements - {"using":"css selector","value":"td"}
RESULT: {"using":"css selector","value":"td"}
COMMAND: POST /session/e1a2e03b1e5782e94bb1152ef752ddf0/element/f.04D253A817E55EB22DFE9CF0F4375160.d.1F3ECFCBC76CA7DF8B5A805018865CF9.e.4488/elements - {"using":"css selector","value":"td"}
RESULT: {"using":"css selector","value":"td"}
COMMAND: POST /session/e1a2e03b1e5782e94bb1152ef752ddf0/element/f.04D253A817E55EB22DFE9CF0F4375160.d.1F3ECFCBC76CA7DF8B5A805018865CF9.e.4489/elements - {"using":"css selector","value":"td"}
RESULT: {"using":"css selector","value":"td"}
COMMAND: POST /session/e1a2e03b1e5782e94bb1152ef752ddf0/element/f.04D253A817E55EB22DFE9CF0F4375160.d.1F3ECFCBC76CA7DF8B5A805018865CF9.e.4490/elements - {"using":"css selector","value":"td"}
RESULT: {"using":"css selector","value":"td"}
COMMAND: POST /session/e1a2e03b1e5782e94bb1152ef752ddf0/element/f.04D253A817E55EB22DFE9CF0F4375160.d.1F3ECFCBC76CA7DF8B5A805018865CF9.e.4491/elements - {"using":"css selector","value":"td"}
RESULT: {"using":"css selector","value":"td"}
COMMAND: POST /session/e1a2e03b1e5782e94bb1152ef752ddf0/element/f.04D253A817E55EB22DFE9CF0F4375160.d.1F3ECFCBC76CA7DF8B5A805018865CF9.e.4492/elements - {"using":"css selector","value":"td"}
RESULT: {"using":"css selector","value":"td"}
COMMAND: POST /session/e1a2e03b1e5782e94bb1152ef752ddf0/element/f.04D253A817E55EB22DFE9CF0F4375160.d.1F3ECFCBC76CA7DF8B5A805018865CF9.e.4493/elements - {"using":"css selector","value":"td"}
RESULT: {"using":"css selector","value":"td"}
COMMAND: POST /session/e1a2e03b1e5782e94bb1152ef752ddf0/element/f.04D253A817E55EB22DFE9CF0F4375160.d.1F3ECFCBC76CA7DF8B5A805018865CF9.e.4494/elements - {"using":"css selector","value":"td"}
RESULT: {"using":"css selector","value":"td"}
COMMAND: POST /session/e1a2e03b1e5782e94bb1152ef752ddf0/element/f.04D253A817E55EB22DFE9CF0F4375160.d.1F3ECFCBC76CA7DF8B5A805018865CF9.e.4495/elements - {"using":"css selector","value":"td"}
RESULT: {"using":"css selector","value":"td"}
COMMAND: POST /session/e1a2e03b1e5782e94bb1152ef752ddf0/element/f.04D253A817E55EB22DFE9CF0F4375160.d.1F3ECFCBC76CA7DF8B5A805018865CF9.e.4496/elements - {"using":"css selector","value":"td"}
RESULT: {"using":"css selector","value":"td"}
COMMAND: POST /session/e1a2e03b1e5782e94bb1152ef752ddf0/element/f.04D253A817E55EB22DFE9CF0F4375160.d.1F3ECFCBC76CA7DF8B5A805018865CF9.e.4497/elements - {"using":"css selector","value":"td"}
RESULT: {"using":"css selector","value":"td"}
COMMAND: POST /session/e1a2e03b1e5782e94bb1152ef752ddf0/element/f.04D253A817E55EB22DFE9CF0F4375160.d.1F3ECFCBC76CA7DF8B5A805018865CF9.e.4498/elements - {"using":"css selector","value":"td"}
RESULT: {"using":"css selector","value":"td"}
COMMAND: POST /session/e1a2e03b1e5782e94bb1152ef752ddf0/element/f.04D253A817E55EB22DFE9CF0F4375160.d.1F3ECFCBC76CA7DF8B5A805018865CF9.e.4499/elements - {"using":"css selector","value":"td"}
RESULT: {"using":"css selector","value":"td"}
COMMAND: POST /session/e1a2e03b1e5782e94bb1152ef752ddf0/element/f.04D253A817E55EB22DFE9CF0F4375160.d.1F3ECFCBC76CA7DF8B5A805018865CF9.e.4500/elements - {"using":"css selector","value":"td"}
RESULT: {"using":"css selector","value":"td"}
COMMAND: POST /session/e1a2e03b1e5782e94bb1152ef752ddf0/element/f.04D253A817E55EB22DFE9CF0F4375160.d.1F3ECFCBC76CA7DF8B5A805018865CF9.e.4501/elements - {"using":"css selector","value":"td"}
RESULT: {"using":"css selector","value":"td"}
COMMAND: POST /session/e1a2e03b1e5782e94bb1152ef752ddf0/element/f.04D253A817E55EB22DFE9CF0F4375160.d.1F3ECFCBC76CA7DF8B5A805018865CF9.e.4502/elements - {"using":"css selector","value":"td"}
RESULT: {"using":"css selector","value":"td"}
COMMAND: POST /session/e1a2e03b1e5782e94bb1152ef752ddf0/element/f.04D253A817E55EB22DFE9CF0F4375160.d.1F3ECFCBC76CA7DF8B5A805018865CF9.e.4503/elements - {"using":"css selector","value":"td"}
RESULT: {"using":"css selector","value":"td"}
COMMAND: POST /session/e1a2e03b1e5782e94bb1152ef752ddf0/element/f.04D253A817E55EB22DFE9CF0F4375160.d.1F3ECFCBC76CA7DF8B5A805018865CF9.e.4504/elements - {"using":"css selector","value":"td"}
RESULT: {"using":"css selector","value":"td"}
COMMAND: POST /session/e1a2e03b1e5782e94bb1152ef752ddf0/element/f.04D253A817E55EB22DFE9CF0F4375160.d.1F3ECFCBC76CA7DF8B5A805018865CF9.e.4505/elements - {"using":"css selector","value":"td"}
RESULT: {"using":"css selector","value":"td"}
COMMAND: POST /session/e1a2e03b1e5782e94bb1152ef752ddf0/element/f.04D253A817E55EB22DFE9CF0F4375160.d.1F3ECFCBC76CA7DF8B5A805018865CF9.e.4506/elements - {"using":"css selector","value":"td"}
RESULT: {"using":"css selector","value":"td"}
COMMAND: POST /session/e1a2e03b1e5782e94bb1152ef752ddf0/element/f.04D253A817E55EB22DFE9CF0F4375160.d.1F3ECFCBC76CA7DF8B5A805018865CF9.e.4507/elements - {"using":"css selector","value":"td"}
RESULT: {"using":"css selector","value":"td"}
COMMAND: POST /session/e1a2e03b1e5782e94bb1152ef752ddf0/element/f.04D253A817E55EB22DFE9CF0F4375160.d.1F3ECFCBC76CA7DF8B5A805018865CF9.e.4508/elements - {"using":"css selector","value":"td"}
RESULT: {"using":"css selector","value":"td"}
COMMAND: POST /session/e1a2e03b1e5782e94bb1152ef752ddf0/element/f.04D253A817E55EB22DFE9CF0F4375160.d.1F3ECFCBC76CA7DF8B5A805018865CF9.e.4509/elements - {"using":"css selector","value":"td"}
RESULT: {"using":"css selector","value":"td"}
COMMAND: POST /session/e1a2e03b1e5782e94bb1152ef752ddf0/element/f.04D253A817E55EB22DFE9CF0F4375160.d.1F3ECFCBC76CA7DF8B5A805018865CF9.e.4510/elements - {"using":"css selector","value":"td"}
RESULT: {"using":"css selector","value":"td"}
COMMAND: POST /session/e1a2e03b1e5782e94bb1152ef752ddf0/element/f.04D253A817E55EB22DFE9CF0F4375160.d.1F3ECFCBC76CA7DF8B5A805018865CF9.e.4511/elements - {"using":"css selector","value":"td"}
RESULT: {"using":"css selector","value":"td"}
COMMAND: POST /session/e1a2e03b1e5782e94bb1152ef752ddf0/element/f.04D253A817E55EB22DFE9CF0F4375160.d.1F3ECFCBC76CA7DF8B5A805018865CF9.e.4512/elements - {"using":"css selector","value":"td"}
RESULT: {"using":"css selector","value":"td"}
COMMAND: POST /session/e1a2e03b1e5782e94bb1152ef752ddf0/element/f.04D253A817E55EB22DFE9CF0F4375160.d.1F3ECFCBC76CA7DF8B5A805018865CF9.e.4513/elements - {"using":"css selector","value":"td"}
RESULT: {"using":"css selector","value":"td"}
COMMAND: POST /session/e1a2e03b1e5782e94bb1152ef752ddf0/element/f.04D253A817E55EB22DFE9CF0F4375160.d.1F3ECFCBC76CA7DF8B5A805018865CF9.e.4514/elements - {"using":"css selector","value":"td"}
RESULT: {"using":"css selector","value":"td"}
COMMAND: POST /session/e1a2e03b1e5782e94bb1152ef752ddf0/element/f.04D253A817E55EB22DFE9CF0F4375160.d.1F3ECFCBC76CA7DF8B5A805018865CF9.e.4515/elements - {"using":"css selector","value":"td"}
RESULT: {"using":"css selector","value":"td"}
COMMAND: POST /session/e1a2e03b1e5782e94bb1152ef752ddf0/element/f.04D253A817E55EB22DFE9CF0F4375160.d.1F3ECFCBC76CA7DF8B5A805018865CF9.e.4516/elements - {"using":"css selector","value":"td"}
RESULT: {"using":"css selector","value":"td"}
COMMAND: POST /session/e1a2e03b1e5782e94bb1152ef752ddf0/element/f.04D253A817E55EB22DFE9CF0F4375160.d.1F3ECFCBC76CA7DF8B5A805018865CF9.e.4517/elements - {"using":"css selector","value":"td"}
RESULT: {"using":"css selector","value":"td"}
COMMAND: POST /session/e1a2e03b1e5782e94bb1152ef752ddf0/element/f.04D253A817E55EB22DFE9CF0F4375160.d.1F3ECFCBC76CA7DF8B5A805018865CF9.e.4518/elements - {"using":"css selector","value":"td"}
RESULT: {"using":"css selector","value":"td"}
COMMAND: POST /session/e1a2e03b1e5782e94bb1152ef752ddf0/element/f.04D253A817E55EB22DFE9CF0F4375160.d.1F3ECFCBC76CA7DF8B5A805018865CF9.e.4519/elements - {"using":"css selector","value":"td"}
RESULT: {"using":"css selector","value":"td"}
COMMAND: POST /session/e1a2e03b1e5782e94bb1152ef752ddf0/element/f.04D253A817E55EB22DFE9CF0F4375160.d.1F3ECFCBC76CA7DF8B5A805018865CF9.e.4520/elements - {"using":"css selector","value":"td"}
RESULT: {"using":"css selector","value":"td"}
COMMAND: POST /session/e1a2e03b1e5782e94bb1152ef752ddf0/element/f.04D253A817E55EB22DFE9CF0F4375160.d.1F3ECFCBC76CA7DF8B5A805018865CF9.e.4521/elements - {"using":"css selector","value":"td"}
RESULT: {"using":"css selector","value":"td"}
COMMAND: POST /session/e1a2e03b1e5782e94bb1152ef752ddf0/element/f.04D253A817E55EB22DFE9CF0F4375160.d.1F3ECFCBC76CA7DF8B5A805018865CF9.e.4522/elements - {"using":"css selector","value":"td"}
RESULT: {"using":"css selector","value":"td"}
COMMAND: POST /session/e1a2e03b1e5782e94bb1152ef752ddf0/element/f.04D253A817E55EB22DFE9CF0F4375160.d.1F3ECFCBC76CA7DF8B5A805018865CF9.e.4523/elements - {"using":"css selector","value":"td"}
RESULT: {"using":"css selector","value":"td"}
COMMAND: POST /session/e1a2e03b1e5782e94bb1152ef752ddf0/element/f.04D253A817E55EB22DFE9CF0F4375160.d.1F3ECFCBC76CA7DF8B5A805018865CF9.e.4524/elements - {"using":"css selector","value":"td"}
RESULT: {"using":"css selector","value":"td"}
COMMAND: POST /session/e1a2e03b1e5782e94bb1152ef752ddf0/element/f.04D253A817E55EB22DFE9CF0F4375160.d.1F3ECFCBC76CA7DF8B5A805018865CF9.e.4525/elements - {"using":"css selector","value":"td"}
RESULT: {"using":"css selector","value":"td"}
COMMAND: POST /session/e1a2e03b1e5782e94bb1152ef752ddf0/element/f.04D253A817E55EB22DFE9CF0F4375160.d.1F3ECFCBC76CA7DF8B5A805018865CF9.e.4526/elements - {"using":"css selector","value":"td"}
RESULT: {"using":"css selector","value":"td"}
COMMAND: POST /session/e1a2e03b1e5782e94bb1152ef752ddf0/element/f.04D253A817E55EB22DFE9CF0F4375160.d.1F3ECFCBC76CA7DF8B5A805018865CF9.e.4527/elements - {"using":"css selector","value":"td"}
RESULT: {"using":"css selector","value":"td"}
COMMAND: POST /session/e1a2e03b1e5782e94bb1152ef752ddf0/element/f.04D253A817E55EB22DFE9CF0F4375160.d.1F3ECFCBC76CA7DF8B5A805018865CF9.e.4528/elements - {"using":"css selector","value":"td"}
RESULT: {"using":"css selector","value":"td"}
COMMAND: POST /session/e1a2e03b1e5782e94bb1152ef752ddf0/element/f.04D253A817E55EB22DFE9CF0F4375160.d.1F3ECFCBC76CA7DF8B5A805018865CF9.e.4529/elements - {"using":"css selector","value":"td"}
RESULT: {"using":"css selector","value":"td"}
COMMAND: POST /session/e1a2e03b1e5782e94bb1152ef752ddf0/element/f.04D253A817E55EB22DFE9CF0F4375160.d.1F3ECFCBC76CA7DF8B5A805018865CF9.e.4530/elements - {"using":"css selector","value":"td"}
RESULT: {"using":"css selector","value":"td"}
COMMAND: POST /session/e1a2e03b1e5782e94bb1152ef752ddf0/element/f.04D253A817E55EB22DFE9CF0F4375160.d.1F3ECFCBC76CA7DF8B5A805018865CF9.e.4985/elements - {"using":"css selector","value":"td"}
RESULT: {"using":"css selector","value":"td"}
COMMAND: POST /session/e1a2e03b1e5782e94bb1152ef752ddf0/element - {"using":"css selector","value":"#j_username"}
COMMAND: POST /session/e1a2e03b1e5782e94bb1152ef752ddf0/url - {"url":"https://qa-testing-00-live-etm-ui.cfapps.eu10-004.hana.ondemand.com/"}
RESULT: {"url":"https://qa-testing-00-live-etm-ui.cfapps.eu10-004.hana.ondemand.com/"}
RESULT: undefined
COMMAND: GET /session/e1a2e03b1e5782e94bb1152ef752ddf0/screenshot - {}
RESULT: {"using":"css selector","value":"#j_username"}
COMMAND: POST /session/e1a2e03b1e5782e94bb1152ef752ddf0/element - {"using":"css selector","value":"#j_username"}
RESULT: {}
RESULT: {"using":"css selector","value":"#j_username"}
COMMAND: POST /session/e1a2e03b1e5782e94bb1152ef752ddf0/element - {"using":"css selector","value":"#shell-header-logo"}
RESULT: {"using":"css selector","value":"#shell-header-logo"}
COMMAND: POST /session/e1a2e03b1e5782e94bb1152ef752ddf0/execute/sync - {"script":"<script> [8489 bytes]","args":[{"element-6066-11e4-a52e-4f735466cecf":"f.04D253A817E55EB22DFE9CF0F4375160.d.426D3207FE91921D631E8DE7CA8A08CA.e.5012","ELEMENT":"f.04D253A817E55EB22DFE9CF0F4375160.d.426D3207FE91921D631E8DE7CA8A08CA.e.5012"}]}
RESULT: {"script":"<script> [8489 bytes]","args":[{"element-6066-11e4-a52e-4f735466cecf":"f.04D253A817E55EB22DFE9CF0F4375160.d.426D3207FE91921D631E8DE7CA8A08CA.e.5012","ELEMENT":"f.04D253A817E55EB22DFE9CF0F4375160.d.426D3207FE91921D631E8DE7CA8A08CA.e.5012"}]}
COMMAND: POST /session/e1a2e03b1e5782e94bb1152ef752ddf0/element - {"using":"css selector","value":"#shell-header-logo"}
COMMAND: GET /session/e1a2e03b1e5782e94bb1152ef752ddf0/screenshot - {}
RESULT: {"using":"css selector","value":"#shell-header-logo"}
COMMAND: POST /session/e1a2e03b1e5782e94bb1152ef752ddf0/execute/sync - {"script":"<script> [8489 bytes]","args":[{"element-6066-11e4-a52e-4f735466cecf":"f.04D253A817E55EB22DFE9CF0F4375160.d.426D3207FE91921D631E8DE7CA8A08CA.e.5012","ELEMENT":"f.04D253A817E55EB22DFE9CF0F4375160.d.426D3207FE91921D631E8DE7CA8A08CA.e.5012"}]}
RESULT: {}
RESULT: {"script":"<script> [8489 bytes]","args":[{"element-6066-11e4-a52e-4f735466cecf":"f.04D253A817E55EB22DFE9CF0F4375160.d.426D3207FE91921D631E8DE7CA8A08CA.e.5012","ELEMENT":"f.04D253A817E55EB22DFE9CF0F4375160.d.426D3207FE91921D631E8DE7CA8A08CA.e.5012"}]}
COMMAND: POST /session/e1a2e03b1e5782e94bb1152ef752ddf0/execute/sync - {"script":"<script> [5351 bytes]","args":[{"element-6066-11e4-a52e-4f735466cecf":"f.04D253A817E55EB22DFE9CF0F4375160.d.426D3207FE91921D631E8DE7CA8A08CA.e.5012","ELEMENT":"f.04D253A817E55EB22DFE9CF0F4375160.d.426D3207FE91921D631E8DE7CA8A08CA.e.5012"}]}
COMMAND: GET /session/e1a2e03b1e5782e94bb1152ef752ddf0/screenshot - {}
RESULT: {"script":"<script> [5351 bytes]","args":[{"element-6066-11e4-a52e-4f735466cecf":"f.04D253A817E55EB22DFE9CF0F4375160.d.426D3207FE91921D631E8DE7CA8A08CA.e.5012","ELEMENT":"f.04D253A817E55EB22DFE9CF0F4375160.d.426D3207FE91921D631E8DE7CA8A08CA.e.5012"}]}
COMMAND: POST /session/e1a2e03b1e5782e94bb1152ef752ddf0/element - {"using":"css selector","value":"#shell-header-logo"}
COMMAND: GET /session/e1a2e03b1e5782e94bb1152ef752ddf0/screenshot - {}
RESULT: {}
RESULT: {"using":"css selector","value":"#shell-header-logo"}
COMMAND: POST /session/e1a2e03b1e5782e94bb1152ef752ddf0/element/f.04D253A817E55EB22DFE9CF0F4375160.d.426D3207FE91921D631E8DE7CA8A08CA.e.5012/click - {}
RESULT: {}
RESULT: {}
COMMAND: GET /session/e1a2e03b1e5782e94bb1152ef752ddf0/screenshot - {}
RESULT: {}
COMMAND: POST /session/e1a2e03b1e5782e94bb1152ef752ddf0/execute/async - {"script":"<script> [189 bytes]","args":[]}
RESULT: {"script":"<script> [189 bytes]","args":[]}
COMMAND: POST /session/e1a2e03b1e5782e94bb1152ef752ddf0/execute/async - {"script":"<script> [123 bytes]","args":[]}
RESULT: {"script":"<script> [123 bytes]","args":[]}
COMMAND: POST /session/e1a2e03b1e5782e94bb1152ef752ddf0/timeouts - {"script":"<number>"}
RESULT: {"script":"<number>"}
COMMAND: GET /session/e1a2e03b1e5782e94bb1152ef752ddf0/timeouts - {}
RESULT: {}
RESULT: undefined
COMMAND: POST /session/e1a2e03b1e5782e94bb1152ef752ddf0/execute/async - {"script":"<script> [2676 bytes]","args":[]}
RESULT: {"script":"<script> [2676 bytes]","args":[]}
COMMAND: POST /session/e1a2e03b1e5782e94bb1152ef752ddf0/execute/async - {"script":"<script> [2342 bytes]","args":[{"protocol":"http","hostname":"0.0.0.0","path":"/","capabilities":{"browserName":"chrome","goog:chromeOptions":{"binary":"C:\\Program Files\\Google\\Chrome\\Application\\chrome.exe"}},"logLevel":"warn","connectionRetryTimeout":120000,"connectionRetryCount":3,"logLevels":{},"enableDirectConnect":true,"strictSSL":true,"_":"65 more keys: [\"cacheDir\",\"port\",\"requestedCapabilities\",\"automationProtocol\",\"baseUrl\",\"waitforInterval\",\"waitforTimeout\",\"onReload\",\"beforeCommand\",\"afterCommand\",\"rootDir\",\"specs\",\"suites\",\"exclude\",\"groupLogsByTestSpec\",\"excludeDriverLogs\",\"bail\",\"framework\",\"reporters\",\"services\",\"maxInstances\",\"maxInstancesPerCapability\",\"injectGlobals\",\"filesToWatch\",\"execArgv\",\"runnerEnv\",\"runner\",\"shard\",\"specFileRetries\",\"specFileRetriesDelay\",\"specFileRetriesDeferred\",\"reporterSyncInterval\",\"reporterSyncTimeout\",\"cucumberFeaturesWithLineNumbers\",\"autoCompileOpts\",\"mochaOpts\",\"jasmineOpts\",\"cucumberOpts\",\"onPrepare\",\"onWorkerStart\",\"onWorkerEnd\",\"before\",\"beforeSession\",\"beforeSuite\",\"beforeHook\",\"beforeTest\",\"afterTest\",\"afterHook\",\"afterSuite\",\"afterSession\",\"after\",\"onComplete\",\"beforeAssertion\",\"afterAssertion\",\"beforeFeature\",\"beforeScenario\",\"beforeStep\",\"afterStep\",\"afterScenario\",\"afterFeature\",\"_\",\"suite\",\"$0\",\"ignoredWorkerServices\",\"wdi5\"]"}]}
RESULT: {"script":"<script> [2342 bytes]","args":[{"protocol":"http","hostname":"0.0.0.0","path":"/","capabilities":{"browserName":"chrome","goog:chromeOptions":{"binary":"C:\\Program Files\\Google\\Chrome\\Application\\chrome.exe"}},"logLevel":"warn","connectionRetryTimeout":120000,"connectionRetryCount":3,"logLevels":{},"enableDirectConnect":true,"strictSSL":true,"_":"65 more keys: [\"cacheDir\",\"port\",\"requestedCapabilities\",\"automationProtocol\",\"baseUrl\",\"waitforInterval\",\"waitforTimeout\",\"onReload\",\"beforeCommand\",\"afterCommand\",\"rootDir\",\"specs\",\"suites\",\"exclude\",\"groupLogsByTestSpec\",\"excludeDriverLogs\",\"bail\",\"framework\",\"reporters\",\"services\",\"maxInstances\",\"maxInstancesPerCapability\",\"injectGlobals\",\"filesToWatch\",\"execArgv\",\"runnerEnv\",\"runner\",\"shard\",\"specFileRetries\",\"specFileRetriesDelay\",\"specFileRetriesDeferred\",\"reporterSyncInterval\",\"reporterSyncTimeout\",\"cucumberFeaturesWithLineNumbers\",\"autoCompileOpts\",\"mochaOpts\",\"jasmineOpts\",\"cucumberOpts\",\"onPrepare\",\"onWorkerStart\",\"onWorkerEnd\",\"before\",\"beforeSession\",\"beforeSuite\",\"beforeHook\",\"beforeTest\",\"afterTest\",\"afterHook\",\"afterSuite\",\"afterSession\",\"after\",\"onComplete\",\"beforeAssertion\",\"afterAssertion\",\"beforeFeature\",\"beforeScenario\",\"beforeStep\",\"afterStep\",\"afterScenario\",\"afterFeature\",\"_\",\"suite\",\"$0\",\"ignoredWorkerServices\",\"wdi5\"]"}]}
COMMAND: POST /session/e1a2e03b1e5782e94bb1152ef752ddf0/execute/async - {"script":"<script> [21126 bytes]","args":[35000]}
RESULT: {"script":"<script> [21126 bytes]","args":[35000]}
COMMAND: POST /session/e1a2e03b1e5782e94bb1152ef752ddf0/window/maximize - {}
RESULT: {}
COMMAND: POST /session/e1a2e03b1e5782e94bb1152ef752ddf0/execute/async - {"script":"<script> [1562 bytes]","args":[{"selector":{"id":"shell-header","interaction":{"idSuffix":"icon"}},"wdio_ui5_key":"shellheader"}]}
COMMAND: GET /session/e1a2e03b1e5782e94bb1152ef752ddf0/screenshot - {}
RESULT: {"script":"<script> [1562 bytes]","args":[{"selector":{"id":"shell-header","interaction":{"idSuffix":"icon"}},"wdio_ui5_key":"shellheader"}]}
RESULT: undefined
COMMAND: POST /session/e1a2e03b1e5782e94bb1152ef752ddf0/refresh - {}
RESULT: {}
RESULT: {}
COMMAND: GET /session/e1a2e03b1e5782e94bb1152ef752ddf0/screenshot - {}
RESULT: {}
COMMAND: POST /session/e1a2e03b1e5782e94bb1152ef752ddf0/execute/async - {"script":"<script> [189 bytes]","args":[]}
RESULT: {"script":"<script> [189 bytes]","args":[]}
COMMAND: POST /session/e1a2e03b1e5782e94bb1152ef752ddf0/execute/async - {"script":"<script> [123 bytes]","args":[]}
RESULT: {"script":"<script> [123 bytes]","args":[]}
COMMAND: POST /session/e1a2e03b1e5782e94bb1152ef752ddf0/timeouts - {"script":"<number>"}
RESULT: {"script":"<number>"}
COMMAND: GET /session/e1a2e03b1e5782e94bb1152ef752ddf0/timeouts - {}
RESULT: {}
RESULT: undefined
COMMAND: POST /session/e1a2e03b1e5782e94bb1152ef752ddf0/execute/async - {"script":"<script> [2676 bytes]","args":[]}
RESULT: {"script":"<script> [2676 bytes]","args":[]}
COMMAND: POST /session/e1a2e03b1e5782e94bb1152ef752ddf0/execute/async - {"script":"<script> [2342 bytes]","args":[{"protocol":"http","hostname":"0.0.0.0","path":"/","capabilities":{"browserName":"chrome","goog:chromeOptions":{"binary":"C:\\Program Files\\Google\\Chrome\\Application\\chrome.exe"}},"logLevel":"warn","connectionRetryTimeout":120000,"connectionRetryCount":3,"logLevels":{},"enableDirectConnect":true,"strictSSL":true,"_":"65 more keys: [\"cacheDir\",\"port\",\"requestedCapabilities\",\"automationProtocol\",\"baseUrl\",\"waitforInterval\",\"waitforTimeout\",\"onReload\",\"beforeCommand\",\"afterCommand\",\"rootDir\",\"specs\",\"suites\",\"exclude\",\"groupLogsByTestSpec\",\"excludeDriverLogs\",\"bail\",\"framework\",\"reporters\",\"services\",\"maxInstances\",\"maxInstancesPerCapability\",\"injectGlobals\",\"filesToWatch\",\"execArgv\",\"runnerEnv\",\"runner\",\"shard\",\"specFileRetries\",\"specFileRetriesDelay\",\"specFileRetriesDeferred\",\"reporterSyncInterval\",\"reporterSyncTimeout\",\"cucumberFeaturesWithLineNumbers\",\"autoCompileOpts\",\"mochaOpts\",\"jasmineOpts\",\"cucumberOpts\",\"onPrepare\",\"onWorkerStart\",\"onWorkerEnd\",\"before\",\"beforeSession\",\"beforeSuite\",\"beforeHook\",\"beforeTest\",\"afterTest\",\"afterHook\",\"afterSuite\",\"afterSession\",\"after\",\"onComplete\",\"beforeAssertion\",\"afterAssertion\",\"beforeFeature\",\"beforeScenario\",\"beforeStep\",\"afterStep\",\"afterScenario\",\"afterFeature\",\"_\",\"suite\",\"$0\",\"ignoredWorkerServices\",\"wdi5\"]"}]}
RESULT: {"script":"<script> [2342 bytes]","args":[{"protocol":"http","hostname":"0.0.0.0","path":"/","capabilities":{"browserName":"chrome","goog:chromeOptions":{"binary":"C:\\Program Files\\Google\\Chrome\\Application\\chrome.exe"}},"logLevel":"warn","connectionRetryTimeout":120000,"connectionRetryCount":3,"logLevels":{},"enableDirectConnect":true,"strictSSL":true,"_":"65 more keys: [\"cacheDir\",\"port\",\"requestedCapabilities\",\"automationProtocol\",\"baseUrl\",\"waitforInterval\",\"waitforTimeout\",\"onReload\",\"beforeCommand\",\"afterCommand\",\"rootDir\",\"specs\",\"suites\",\"exclude\",\"groupLogsByTestSpec\",\"excludeDriverLogs\",\"bail\",\"framework\",\"reporters\",\"services\",\"maxInstances\",\"maxInstancesPerCapability\",\"injectGlobals\",\"filesToWatch\",\"execArgv\",\"runnerEnv\",\"runner\",\"shard\",\"specFileRetries\",\"specFileRetriesDelay\",\"specFileRetriesDeferred\",\"reporterSyncInterval\",\"reporterSyncTimeout\",\"cucumberFeaturesWithLineNumbers\",\"autoCompileOpts\",\"mochaOpts\",\"jasmineOpts\",\"cucumberOpts\",\"onPrepare\",\"onWorkerStart\",\"onWorkerEnd\",\"before\",\"beforeSession\",\"beforeSuite\",\"beforeHook\",\"beforeTest\",\"afterTest\",\"afterHook\",\"afterSuite\",\"afterSession\",\"after\",\"onComplete\",\"beforeAssertion\",\"afterAssertion\",\"beforeFeature\",\"beforeScenario\",\"beforeStep\",\"afterStep\",\"afterScenario\",\"afterFeature\",\"_\",\"suite\",\"$0\",\"ignoredWorkerServices\",\"wdi5\"]"}]}
COMMAND: POST /session/e1a2e03b1e5782e94bb1152ef752ddf0/execute/async - {"script":"<script> [21126 bytes]","args":[35000]}
RESULT: {"script":"<script> [21126 bytes]","args":[35000]}
]]></system-out>
    </testcase>
  </testsuite>
  <testsuite timestamp="2025-04-13T17:12:42" time="418.687" tests="9" failures="0" errors="0" skipped="0">
    <properties>
      <property name="specId" value="0"/>
      <property name="suiteName" value="US134625 Set up price condition - one time"/>
      <property name="capabilities" value="chrome.135_0_7049_42.windows"/>
      <property name="file" value="file:///D:/a/1/s/test/specs/BTS/set-up-price-condition-one-time.spec.js"/>
    </properties>
    <testcase classname="chrome.135_0_7049_42.windows.US134625_Set_up_price_condition_-_one_time" name="Should create a new yard used for all following tests" time="0.671">
      <system-out><![CDATA[
COMMAND: POST /session/e1a2e03b1e5782e94bb1152ef752ddf0/window/fullscreen - {}
RESULT: {}
]]></system-out>
    </testcase>
    <testcase classname="chrome.135_0_7049_42.windows.US134625_Set_up_price_condition_-_one_time" name="Should create a new partner" time="0.006"/>
    <testcase classname="chrome.135_0_7049_42.windows.US134625_Set_up_price_condition_-_one_time" name="Should create a new site used for following tests" time="0.006"/>
    <testcase classname="chrome.135_0_7049_42.windows.US134625_Set_up_price_condition_-_one_time" name="Should create a new material for billing type one time" time="122.711">
      <system-out><![CDATA[
COMMAND: POST /session/e1a2e03b1e5782e94bb1152ef752ddf0/execute/async - {"script":"<script> [1562 bytes]","args":[{"selector":{"controlType":"sap.m.GenericTile","properties":{"header":"Manage Resources"}},"wdio_ui5_key":"sapm.GenericTile{\"header\":\"Manage Resources\"}"}]}
RESULT: {"script":"<script> [1562 bytes]","args":[{"selector":{"controlType":"sap.m.GenericTile","properties":{"header":"Manage Resources"}},"wdio_ui5_key":"sapm.GenericTile{\"header\":\"Manage Resources\"}"}]}
RESULT: undefined
COMMAND: POST /session/e1a2e03b1e5782e94bb1152ef752ddf0/element - {"using":"xpath","value":"//*[@id=\"__tile39\"]"}
RESULT: {"using":"xpath","value":"//*[@id=\"__tile39\"]"}
COMMAND: POST /session/e1a2e03b1e5782e94bb1152ef752ddf0/element/f.04D253A817E55EB22DFE9CF0F4375160.d.2C9B1D2A310C958A41DB1C0806D9BA3E.e.5046/click - {}
RESULT: {}
COMMAND: POST /session/e1a2e03b1e5782e94bb1152ef752ddf0/element - {"using":"xpath","value":"//button[@data-kt=\"addNewRUOverflowToolbarButton\"]"}
COMMAND: GET /session/e1a2e03b1e5782e94bb1152ef752ddf0/screenshot - {}
RESULT: {"using":"xpath","value":"//button[@data-kt=\"addNewRUOverflowToolbarButton\"]"}
COMMAND: POST /session/e1a2e03b1e5782e94bb1152ef752ddf0/elements - {"using":"xpath","value":"//button[@data-kt=\"addNewRUOverflowToolbarButton\"]"}
RESULT: {}
RESULT: {"using":"xpath","value":"//button[@data-kt=\"addNewRUOverflowToolbarButton\"]"}
COMMAND: POST /session/e1a2e03b1e5782e94bb1152ef752ddf0/elements - {"using":"xpath","value":"//button[@data-kt=\"addNewRUOverflowToolbarButton\"]"}
RESULT: {"using":"xpath","value":"//button[@data-kt=\"addNewRUOverflowToolbarButton\"]"}
COMMAND: POST /session/e1a2e03b1e5782e94bb1152ef752ddf0/elements - {"using":"xpath","value":"//button[@data-kt=\"addNewRUOverflowToolbarButton\"]"}
RESULT: undefined
RESULT: undefined
RESULT: {"using":"xpath","value":"//button[@data-kt=\"addNewRUOverflowToolbarButton\"]"}
COMMAND: POST /session/e1a2e03b1e5782e94bb1152ef752ddf0/elements - {"using":"xpath","value":"//button[@data-kt=\"addNewRUOverflowToolbarButton\"]"}
RESULT: {"using":"xpath","value":"//button[@data-kt=\"addNewRUOverflowToolbarButton\"]"}
COMMAND: POST /session/e1a2e03b1e5782e94bb1152ef752ddf0/elements - {"using":"xpath","value":"//button[@data-kt=\"addNewRUOverflowToolbarButton\"]"}
RESULT: {"using":"xpath","value":"//button[@data-kt=\"addNewRUOverflowToolbarButton\"]"}
COMMAND: POST /session/e1a2e03b1e5782e94bb1152ef752ddf0/elements - {"using":"xpath","value":"//button[@data-kt=\"addNewRUOverflowToolbarButton\"]"}
RESULT: {"using":"xpath","value":"//button[@data-kt=\"addNewRUOverflowToolbarButton\"]"}
COMMAND: POST /session/e1a2e03b1e5782e94bb1152ef752ddf0/elements - {"using":"xpath","value":"//button[@data-kt=\"addNewRUOverflowToolbarButton\"]"}
RESULT: {"using":"xpath","value":"//button[@data-kt=\"addNewRUOverflowToolbarButton\"]"}
COMMAND: POST /session/e1a2e03b1e5782e94bb1152ef752ddf0/elements - {"using":"xpath","value":"//button[@data-kt=\"addNewRUOverflowToolbarButton\"]"}
RESULT: {"using":"xpath","value":"//button[@data-kt=\"addNewRUOverflowToolbarButton\"]"}
COMMAND: POST /session/e1a2e03b1e5782e94bb1152ef752ddf0/elements - {"using":"xpath","value":"//button[@data-kt=\"addNewRUOverflowToolbarButton\"]"}
RESULT: {"using":"xpath","value":"//button[@data-kt=\"addNewRUOverflowToolbarButton\"]"}
COMMAND: POST /session/e1a2e03b1e5782e94bb1152ef752ddf0/elements - {"using":"xpath","value":"//button[@data-kt=\"addNewRUOverflowToolbarButton\"]"}
RESULT: {"using":"xpath","value":"//button[@data-kt=\"addNewRUOverflowToolbarButton\"]"}
COMMAND: POST /session/e1a2e03b1e5782e94bb1152ef752ddf0/elements - {"using":"xpath","value":"//button[@data-kt=\"addNewRUOverflowToolbarButton\"]"}
RESULT: {"using":"xpath","value":"//button[@data-kt=\"addNewRUOverflowToolbarButton\"]"}
COMMAND: POST /session/e1a2e03b1e5782e94bb1152ef752ddf0/elements - {"using":"xpath","value":"//button[@data-kt=\"addNewRUOverflowToolbarButton\"]"}
RESULT: {"using":"xpath","value":"//button[@data-kt=\"addNewRUOverflowToolbarButton\"]"}
COMMAND: POST /session/e1a2e03b1e5782e94bb1152ef752ddf0/elements - {"using":"xpath","value":"//button[@data-kt=\"addNewRUOverflowToolbarButton\"]"}
RESULT: {"using":"xpath","value":"//button[@data-kt=\"addNewRUOverflowToolbarButton\"]"}
COMMAND: POST /session/e1a2e03b1e5782e94bb1152ef752ddf0/elements - {"using":"xpath","value":"//button[@data-kt=\"addNewRUOverflowToolbarButton\"]"}
RESULT: {"using":"xpath","value":"//button[@data-kt=\"addNewRUOverflowToolbarButton\"]"}
COMMAND: POST /session/e1a2e03b1e5782e94bb1152ef752ddf0/elements - {"using":"xpath","value":"//button[@data-kt=\"addNewRUOverflowToolbarButton\"]"}
RESULT: {"using":"xpath","value":"//button[@data-kt=\"addNewRUOverflowToolbarButton\"]"}
COMMAND: POST /session/e1a2e03b1e5782e94bb1152ef752ddf0/elements - {"using":"xpath","value":"//button[@data-kt=\"addNewRUOverflowToolbarButton\"]"}
RESULT: {"using":"xpath","value":"//button[@data-kt=\"addNewRUOverflowToolbarButton\"]"}
COMMAND: POST /session/e1a2e03b1e5782e94bb1152ef752ddf0/elements - {"using":"xpath","value":"//button[@data-kt=\"addNewRUOverflowToolbarButton\"]"}
RESULT: {"using":"xpath","value":"//button[@data-kt=\"addNewRUOverflowToolbarButton\"]"}
COMMAND: POST /session/e1a2e03b1e5782e94bb1152ef752ddf0/elements - {"using":"xpath","value":"//button[@data-kt=\"addNewRUOverflowToolbarButton\"]"}
RESULT: {"using":"xpath","value":"//button[@data-kt=\"addNewRUOverflowToolbarButton\"]"}
COMMAND: POST /session/e1a2e03b1e5782e94bb1152ef752ddf0/elements - {"using":"xpath","value":"//button[@data-kt=\"addNewRUOverflowToolbarButton\"]"}
RESULT: {"using":"xpath","value":"//button[@data-kt=\"addNewRUOverflowToolbarButton\"]"}
COMMAND: POST /session/e1a2e03b1e5782e94bb1152ef752ddf0/elements - {"using":"xpath","value":"//button[@data-kt=\"addNewRUOverflowToolbarButton\"]"}
RESULT: {"using":"xpath","value":"//button[@data-kt=\"addNewRUOverflowToolbarButton\"]"}
COMMAND: POST /session/e1a2e03b1e5782e94bb1152ef752ddf0/elements - {"using":"xpath","value":"//button[@data-kt=\"addNewRUOverflowToolbarButton\"]"}
RESULT: {"using":"xpath","value":"//button[@data-kt=\"addNewRUOverflowToolbarButton\"]"}
COMMAND: POST /session/e1a2e03b1e5782e94bb1152ef752ddf0/elements - {"using":"xpath","value":"//button[@data-kt=\"addNewRUOverflowToolbarButton\"]"}
RESULT: {"using":"xpath","value":"//button[@data-kt=\"addNewRUOverflowToolbarButton\"]"}
COMMAND: POST /session/e1a2e03b1e5782e94bb1152ef752ddf0/elements - {"using":"xpath","value":"//button[@data-kt=\"addNewRUOverflowToolbarButton\"]"}
RESULT: {"using":"xpath","value":"//button[@data-kt=\"addNewRUOverflowToolbarButton\"]"}
COMMAND: POST /session/e1a2e03b1e5782e94bb1152ef752ddf0/elements - {"using":"xpath","value":"//button[@data-kt=\"addNewRUOverflowToolbarButton\"]"}
RESULT: {"using":"xpath","value":"//button[@data-kt=\"addNewRUOverflowToolbarButton\"]"}
COMMAND: POST /session/e1a2e03b1e5782e94bb1152ef752ddf0/elements - {"using":"xpath","value":"//button[@data-kt=\"addNewRUOverflowToolbarButton\"]"}
RESULT: {"using":"xpath","value":"//button[@data-kt=\"addNewRUOverflowToolbarButton\"]"}
COMMAND: POST /session/e1a2e03b1e5782e94bb1152ef752ddf0/element - {"using":"xpath","value":"//button[@data-kt=\"addNewRUOverflowToolbarButton\"]"}
RESULT: {"using":"xpath","value":"//button[@data-kt=\"addNewRUOverflowToolbarButton\"]"}
COMMAND: POST /session/e1a2e03b1e5782e94bb1152ef752ddf0/execute/sync - {"script":"<script> [8489 bytes]","args":[{"element-6066-11e4-a52e-4f735466cecf":"f.04D253A817E55EB22DFE9CF0F4375160.d.2C9B1D2A310C958A41DB1C0806D9BA3E.e.5090","ELEMENT":"f.04D253A817E55EB22DFE9CF0F4375160.d.2C9B1D2A310C958A41DB1C0806D9BA3E.e.5090"}]}
RESULT: {"script":"<script> [8489 bytes]","args":[{"element-6066-11e4-a52e-4f735466cecf":"f.04D253A817E55EB22DFE9CF0F4375160.d.2C9B1D2A310C958A41DB1C0806D9BA3E.e.5090","ELEMENT":"f.04D253A817E55EB22DFE9CF0F4375160.d.2C9B1D2A310C958A41DB1C0806D9BA3E.e.5090"}]}
COMMAND: GET /session/e1a2e03b1e5782e94bb1152ef752ddf0/element/f.04D253A817E55EB22DFE9CF0F4375160.d.2C9B1D2A310C958A41DB1C0806D9BA3E.e.5090/enabled - {}
COMMAND: GET /session/e1a2e03b1e5782e94bb1152ef752ddf0/screenshot - {}
RESULT: {}
COMMAND: POST /session/e1a2e03b1e5782e94bb1152ef752ddf0/execute/sync - {"script":"<script> [8489 bytes]","args":[{"element-6066-11e4-a52e-4f735466cecf":"f.04D253A817E55EB22DFE9CF0F4375160.d.2C9B1D2A310C958A41DB1C0806D9BA3E.e.5090","ELEMENT":"f.04D253A817E55EB22DFE9CF0F4375160.d.2C9B1D2A310C958A41DB1C0806D9BA3E.e.5090"}]}
COMMAND: GET /session/e1a2e03b1e5782e94bb1152ef752ddf0/screenshot - {}
RESULT: {}
RESULT: {"script":"<script> [8489 bytes]","args":[{"element-6066-11e4-a52e-4f735466cecf":"f.04D253A817E55EB22DFE9CF0F4375160.d.2C9B1D2A310C958A41DB1C0806D9BA3E.e.5090","ELEMENT":"f.04D253A817E55EB22DFE9CF0F4375160.d.2C9B1D2A310C958A41DB1C0806D9BA3E.e.5090"}]}
COMMAND: POST /session/e1a2e03b1e5782e94bb1152ef752ddf0/execute/sync - {"script":"<script> [5351 bytes]","args":[{"element-6066-11e4-a52e-4f735466cecf":"f.04D253A817E55EB22DFE9CF0F4375160.d.2C9B1D2A310C958A41DB1C0806D9BA3E.e.5090","ELEMENT":"f.04D253A817E55EB22DFE9CF0F4375160.d.2C9B1D2A310C958A41DB1C0806D9BA3E.e.5090"}]}
COMMAND: GET /session/e1a2e03b1e5782e94bb1152ef752ddf0/screenshot - {}
RESULT: {}
RESULT: {"script":"<script> [5351 bytes]","args":[{"element-6066-11e4-a52e-4f735466cecf":"f.04D253A817E55EB22DFE9CF0F4375160.d.2C9B1D2A310C958A41DB1C0806D9BA3E.e.5090","ELEMENT":"f.04D253A817E55EB22DFE9CF0F4375160.d.2C9B1D2A310C958A41DB1C0806D9BA3E.e.5090"}]}
COMMAND: POST /session/e1a2e03b1e5782e94bb1152ef752ddf0/element/f.04D253A817E55EB22DFE9CF0F4375160.d.2C9B1D2A310C958A41DB1C0806D9BA3E.e.5090/click - {}
COMMAND: GET /session/e1a2e03b1e5782e94bb1152ef752ddf0/screenshot - {}
RESULT: {}
RESULT: {}
COMMAND: GET /session/e1a2e03b1e5782e94bb1152ef752ddf0/screenshot - {}
COMMAND: POST /session/e1a2e03b1e5782e94bb1152ef752ddf0/execute/async - {"script":"<script> [1562 bytes]","args":[{"selector":{"id":"application-manageresources-display-component---newResourceUnit--TYPE-arrow"},"wdio_ui5_key":"applicationmanageresources-display-component---newResourceUnit--TYPE-arrow"}]}
RESULT: {}
RESULT: {}
RESULT: {"script":"<script> [1562 bytes]","args":[{"selector":{"id":"application-manageresources-display-component---newResourceUnit--TYPE-arrow"},"wdio_ui5_key":"applicationmanageresources-display-component---newResourceUnit--TYPE-arrow"}]}
RESULT: undefined
COMMAND: POST /session/e1a2e03b1e5782e94bb1152ef752ddf0/element - {"using":"xpath","value":"//*[@id=\"application-manageresources-display-component---newResourceUnit--TYPE-arrow\"]"}
RESULT: {"using":"xpath","value":"//*[@id=\"application-manageresources-display-component---newResourceUnit--TYPE-arrow\"]"}
COMMAND: POST /session/e1a2e03b1e5782e94bb1152ef752ddf0/element/f.04D253A817E55EB22DFE9CF0F4375160.d.2C9B1D2A310C958A41DB1C0806D9BA3E.e.5435/click - {}
RESULT: {}
COMMAND: POST /session/e1a2e03b1e5782e94bb1152ef752ddf0/element - {"using":"xpath","value":"//input[@id=\"application-manageresources-display-component---newResourceUnit--TYPE-inner\"]"}
COMMAND: GET /session/e1a2e03b1e5782e94bb1152ef752ddf0/screenshot - {}
RESULT: {"using":"xpath","value":"//input[@id=\"application-manageresources-display-component---newResourceUnit--TYPE-inner\"]"}
COMMAND: POST /session/e1a2e03b1e5782e94bb1152ef752ddf0/element/f.04D253A817E55EB22DFE9CF0F4375160.d.2C9B1D2A310C958A41DB1C0806D9BA3E.e.5431/clear - {}
RESULT: {}
RESULT: {}
COMMAND: POST /session/e1a2e03b1e5782e94bb1152ef752ddf0/element/f.04D253A817E55EB22DFE9CF0F4375160.d.2C9B1D2A310C958A41DB1C0806D9BA3E.e.5431/value - {"text":"Material"}
COMMAND: GET /session/e1a2e03b1e5782e94bb1152ef752ddf0/screenshot - {}
RESULT: {"text":"Material"}
COMMAND: GET /session/e1a2e03b1e5782e94bb1152ef752ddf0/screenshot - {}
RESULT: {}
RESULT: {}
COMMAND: POST /session/e1a2e03b1e5782e94bb1152ef752ddf0/actions - {"actions":[{"id":"action18","type":"key","parameters":{},"actions":[{"type":"keyDown","value":""},{"type":"pause","duration":10},{"type":"keyUp","value":""}]}]}
RESULT: {"actions":[{"id":"action18","type":"key","parameters":{},"actions":[{"type":"keyDown","value":""},{"type":"pause","duration":10},{"type":"keyUp","value":""}]}]}
COMMAND: POST /session/e1a2e03b1e5782e94bb1152ef752ddf0/execute/async - {"script":"<script> [1562 bytes]","args":[{"selector":{"id":"application-manageresources-display-component---newResourceUnit--SHORT_TEXT","interaction":{"idSuffix":"inner"}},"wdio_ui5_key":"applicationmanageresources-display-component---newResourceUnit--SHORT_TEXT"}]}
COMMAND: GET /session/e1a2e03b1e5782e94bb1152ef752ddf0/screenshot - {}
RESULT: {"script":"<script> [1562 bytes]","args":[{"selector":{"id":"application-manageresources-display-component---newResourceUnit--SHORT_TEXT","interaction":{"idSuffix":"inner"}},"wdio_ui5_key":"applicationmanageresources-display-component---newResourceUnit--SHORT_TEXT"}]}
RESULT: undefined
COMMAND: POST /session/e1a2e03b1e5782e94bb1152ef752ddf0/execute/async - {"script":"<script> [776 bytes]","args":[{"enterText":"Cement WDIO","selector":{"id":"application-manageresources-display-component---newResourceUnit--SHORT_TEXT","interaction":{"idSuffix":"inner"}},"clearTextFirst":true,"interactionType":"ENTER_TEXT"}]}
RESULT: {}
RESULT: {"script":"<script> [776 bytes]","args":[{"enterText":"Cement WDIO","selector":{"id":"application-manageresources-display-component---newResourceUnit--SHORT_TEXT","interaction":{"idSuffix":"inner"}},"clearTextFirst":true,"interactionType":"ENTER_TEXT"}]}
COMMAND: POST /session/e1a2e03b1e5782e94bb1152ef752ddf0/execute/async - {"script":"<script> [1562 bytes]","args":[{"selector":{"id":"application-manageresources-display-component---newResourceUnit--BASE_UNIT_OF_MEASURE","interaction":{"idSuffix":"inner"}},"wdio_ui5_key":"applicationmanageresources-display-component---newResourceUnit--BASE_UNIT_OF_MEASURE"}]}
RESULT: {"script":"<script> [1562 bytes]","args":[{"selector":{"id":"application-manageresources-display-component---newResourceUnit--BASE_UNIT_OF_MEASURE","interaction":{"idSuffix":"inner"}},"wdio_ui5_key":"applicationmanageresources-display-component---newResourceUnit--BASE_UNIT_OF_MEASURE"}]}
RESULT: undefined
COMMAND: POST /session/e1a2e03b1e5782e94bb1152ef752ddf0/execute/async - {"script":"<script> [776 bytes]","args":[{"enterText":"Piece","selector":{"id":"application-manageresources-display-component---newResourceUnit--BASE_UNIT_OF_MEASURE","interaction":{"idSuffix":"inner"}},"clearTextFirst":true,"interactionType":"ENTER_TEXT"}]}
RESULT: {"script":"<script> [776 bytes]","args":[{"enterText":"Piece","selector":{"id":"application-manageresources-display-component---newResourceUnit--BASE_UNIT_OF_MEASURE","interaction":{"idSuffix":"inner"}},"clearTextFirst":true,"interactionType":"ENTER_TEXT"}]}
COMMAND: POST /session/e1a2e03b1e5782e94bb1152ef752ddf0/execute/async - {"script":"<script> [1562 bytes]","args":[{"selector":{"id":"application-manageresources-display-component---newResourceUnit--WEIGHT_UNIT","interaction":{"idSuffix":"inner"}},"wdio_ui5_key":"applicationmanageresources-display-component---newResourceUnit--WEIGHT_UNIT"}]}
RESULT: {"script":"<script> [1562 bytes]","args":[{"selector":{"id":"application-manageresources-display-component---newResourceUnit--WEIGHT_UNIT","interaction":{"idSuffix":"inner"}},"wdio_ui5_key":"applicationmanageresources-display-component---newResourceUnit--WEIGHT_UNIT"}]}
RESULT: undefined
COMMAND: POST /session/e1a2e03b1e5782e94bb1152ef752ddf0/execute/async - {"script":"<script> [776 bytes]","args":[{"enterText":"Gram","selector":{"id":"application-manageresources-display-component---newResourceUnit--WEIGHT_UNIT","interaction":{"idSuffix":"inner"}},"clearTextFirst":true,"interactionType":"ENTER_TEXT"}]}
RESULT: {"script":"<script> [776 bytes]","args":[{"enterText":"Gram","selector":{"id":"application-manageresources-display-component---newResourceUnit--WEIGHT_UNIT","interaction":{"idSuffix":"inner"}},"clearTextFirst":true,"interactionType":"ENTER_TEXT"}]}
COMMAND: POST /session/e1a2e03b1e5782e94bb1152ef752ddf0/execute/async - {"script":"<script> [1562 bytes]","args":[{"selector":{"id":"application-manageresources-display-component---newResourceUnit--DIMENSION_UNIT","interaction":{"idSuffix":"inner"}},"wdio_ui5_key":"applicationmanageresources-display-component---newResourceUnit--DIMENSION_UNIT"}]}
RESULT: {"script":"<script> [1562 bytes]","args":[{"selector":{"id":"application-manageresources-display-component---newResourceUnit--DIMENSION_UNIT","interaction":{"idSuffix":"inner"}},"wdio_ui5_key":"applicationmanageresources-display-component---newResourceUnit--DIMENSION_UNIT"}]}
RESULT: undefined
COMMAND: POST /session/e1a2e03b1e5782e94bb1152ef752ddf0/execute/async - {"script":"<script> [776 bytes]","args":[{"enterText":"Meter","selector":{"id":"application-manageresources-display-component---newResourceUnit--DIMENSION_UNIT","interaction":{"idSuffix":"inner"}},"clearTextFirst":true,"interactionType":"ENTER_TEXT"}]}
RESULT: {"script":"<script> [776 bytes]","args":[{"enterText":"Meter","selector":{"id":"application-manageresources-display-component---newResourceUnit--DIMENSION_UNIT","interaction":{"idSuffix":"inner"}},"clearTextFirst":true,"interactionType":"ENTER_TEXT"}]}
COMMAND: POST /session/e1a2e03b1e5782e94bb1152ef752ddf0/execute/async - {"script":"<script> [1562 bytes]","args":[{"selector":{"id":"application-manageresources-display-component---newResourceUnit--newRRUPage-anchBar-application-manageresources-display-component---newResourceUnit--control-anchor","interaction":{"idSuffix":"BDI-content"}},"wdio_ui5_key":"applicationmanageresources-display-component---newResourceUnit--newRRUPage-anchBar-application-manageresources-display-component---newResourceUnit--control-anchor"}]}
RESULT: {"script":"<script> [1562 bytes]","args":[{"selector":{"id":"application-manageresources-display-component---newResourceUnit--newRRUPage-anchBar-application-manageresources-display-component---newResourceUnit--control-anchor","interaction":{"idSuffix":"BDI-content"}},"wdio_ui5_key":"applicationmanageresources-display-component---newResourceUnit--newRRUPage-anchBar-application-manageresources-display-component---newResourceUnit--control-anchor"}]}
RESULT: undefined
COMMAND: POST /session/e1a2e03b1e5782e94bb1152ef752ddf0/element - {"using":"xpath","value":"//*[@id=\"application-manageresources-display-component---newResourceUnit--newRRUPage-anchBar-application-manageresources-display-component---newResourceUnit--control-anchor\"]"}
RESULT: {"using":"xpath","value":"//*[@id=\"application-manageresources-display-component---newResourceUnit--newRRUPage-anchBar-application-manageresources-display-component---newResourceUnit--control-anchor\"]"}
COMMAND: POST /session/e1a2e03b1e5782e94bb1152ef752ddf0/element/f.04D253A817E55EB22DFE9CF0F4375160.d.2C9B1D2A310C958A41DB1C0806D9BA3E.e.5503/click - {}
RESULT: {}
COMMAND: POST /session/e1a2e03b1e5782e94bb1152ef752ddf0/execute/async - {"script":"<script> [1562 bytes]","args":[{"selector":{"id":"application-manageresources-display-component---newResourceUnit--PLANNING_GROUP","interaction":{"idSuffix":"inner"}},"wdio_ui5_key":"applicationmanageresources-display-component---newResourceUnit--PLANNING_GROUP"}]}
COMMAND: GET /session/e1a2e03b1e5782e94bb1152ef752ddf0/screenshot - {}
RESULT: {"script":"<script> [1562 bytes]","args":[{"selector":{"id":"application-manageresources-display-component---newResourceUnit--PLANNING_GROUP","interaction":{"idSuffix":"inner"}},"wdio_ui5_key":"applicationmanageresources-display-component---newResourceUnit--PLANNING_GROUP"}]}
RESULT: undefined
COMMAND: POST /session/e1a2e03b1e5782e94bb1152ef752ddf0/execute/async - {"script":"<script> [776 bytes]","args":[{"enterText":"Material","selector":{"id":"application-manageresources-display-component---newResourceUnit--PLANNING_GROUP","interaction":{"idSuffix":"inner"}},"clearTextFirst":true,"interactionType":"ENTER_TEXT"}]}
RESULT: {}
RESULT: {"script":"<script> [776 bytes]","args":[{"enterText":"Material","selector":{"id":"application-manageresources-display-component---newResourceUnit--PLANNING_GROUP","interaction":{"idSuffix":"inner"}},"clearTextFirst":true,"interactionType":"ENTER_TEXT"}]}
COMMAND: POST /session/e1a2e03b1e5782e94bb1152ef752ddf0/execute/async - {"script":"<script> [1562 bytes]","args":[{"selector":{"id":"application-manageresources-display-component---newResourceUnit--PLANNING_INDICATOR","interaction":{"idSuffix":"inner"}},"wdio_ui5_key":"applicationmanageresources-display-component---newResourceUnit--PLANNING_INDICATOR"}]}
RESULT: {"script":"<script> [1562 bytes]","args":[{"selector":{"id":"application-manageresources-display-component---newResourceUnit--PLANNING_INDICATOR","interaction":{"idSuffix":"inner"}},"wdio_ui5_key":"applicationmanageresources-display-component---newResourceUnit--PLANNING_INDICATOR"}]}
RESULT: undefined
COMMAND: POST /session/e1a2e03b1e5782e94bb1152ef752ddf0/execute/async - {"script":"<script> [776 bytes]","args":[{"enterText":"10 - infinite","selector":{"id":"application-manageresources-display-component---newResourceUnit--PLANNING_INDICATOR","interaction":{"idSuffix":"inner"}},"clearTextFirst":true,"interactionType":"ENTER_TEXT"}]}
RESULT: {"script":"<script> [776 bytes]","args":[{"enterText":"10 - infinite","selector":{"id":"application-manageresources-display-component---newResourceUnit--PLANNING_INDICATOR","interaction":{"idSuffix":"inner"}},"clearTextFirst":true,"interactionType":"ENTER_TEXT"}]}
COMMAND: POST /session/e1a2e03b1e5782e94bb1152ef752ddf0/element - {"using":"css selector","value":"#application-manageresources-display-component---newResourceUnit--btnAddTimeSegment"}
RESULT: {"using":"css selector","value":"#application-manageresources-display-component---newResourceUnit--btnAddTimeSegment"}
COMMAND: GET /session/e1a2e03b1e5782e94bb1152ef752ddf0/element/f.04D253A817E55EB22DFE9CF0F4375160.d.2C9B1D2A310C958A41DB1C0806D9BA3E.e.5513/rect - {}
RESULT: {}
COMMAND: GET /session/e1a2e03b1e5782e94bb1152ef752ddf0/window/rect - {}
RESULT: {}
COMMAND: POST /session/e1a2e03b1e5782e94bb1152ef752ddf0/execute/sync - {"script":"<script> [92 bytes]","args":[]}
RESULT: {"script":"<script> [92 bytes]","args":[]}
COMMAND: POST /session/e1a2e03b1e5782e94bb1152ef752ddf0/actions - {"actions":[{"id":"action19","type":"wheel","parameters":{},"actions":[{"type":"scroll","x":-1888,"y":-32,"deltaX":0,"deltaY":0,"duration":0,"origin":{"element-6066-11e4-a52e-4f735466cecf":"f.04D253A817E55EB22DFE9CF0F4375160.d.2C9B1D2A310C958A41DB1C0806D9BA3E.e.5513"}}]}]}
COMMAND: GET /session/e1a2e03b1e5782e94bb1152ef752ddf0/screenshot - {}
RESULT: {}
COMMAND: POST /session/e1a2e03b1e5782e94bb1152ef752ddf0/execute/sync - {"script":"<script> [79 bytes]","args":[{"element-6066-11e4-a52e-4f735466cecf":"f.04D253A817E55EB22DFE9CF0F4375160.d.2C9B1D2A310C958A41DB1C0806D9BA3E.e.5513","ELEMENT":"f.04D253A817E55EB22DFE9CF0F4375160.d.2C9B1D2A310C958A41DB1C0806D9BA3E.e.5513"},{"block":"start","inline":"nearest"}]}
RESULT: {"script":"<script> [79 bytes]","args":[{"element-6066-11e4-a52e-4f735466cecf":"f.04D253A817E55EB22DFE9CF0F4375160.d.2C9B1D2A310C958A41DB1C0806D9BA3E.e.5513","ELEMENT":"f.04D253A817E55EB22DFE9CF0F4375160.d.2C9B1D2A310C958A41DB1C0806D9BA3E.e.5513"},{"block":"start","inline":"nearest"}]}
COMMAND: POST /session/e1a2e03b1e5782e94bb1152ef752ddf0/execute/async - {"script":"<script> [1562 bytes]","args":[{"selector":{"id":"application-manageresources-display-component---newResourceUnit--btnAddTimeSegment","interaction":{"idSuffix":"inner"}},"wdio_ui5_key":"applicationmanageresources-display-component---newResourceUnit--btnAddTimeSegment"}]}
COMMAND: GET /session/e1a2e03b1e5782e94bb1152ef752ddf0/screenshot - {}
RESULT: {"script":"<script> [1562 bytes]","args":[{"selector":{"id":"application-manageresources-display-component---newResourceUnit--btnAddTimeSegment","interaction":{"idSuffix":"inner"}},"wdio_ui5_key":"applicationmanageresources-display-component---newResourceUnit--btnAddTimeSegment"}]}
RESULT: undefined
COMMAND: POST /session/e1a2e03b1e5782e94bb1152ef752ddf0/element - {"using":"xpath","value":"//*[@id=\"application-manageresources-display-component---newResourceUnit--btnAddTimeSegment\"]"}
RESULT: {}
RESULT: {"using":"xpath","value":"//*[@id=\"application-manageresources-display-component---newResourceUnit--btnAddTimeSegment\"]"}
COMMAND: POST /session/e1a2e03b1e5782e94bb1152ef752ddf0/element/f.04D253A817E55EB22DFE9CF0F4375160.d.2C9B1D2A310C958A41DB1C0806D9BA3E.e.5513/click - {}
RESULT: {}
COMMAND: GET /session/e1a2e03b1e5782e94bb1152ef752ddf0/screenshot - {}
RESULT: {}
COMMAND: POST /session/e1a2e03b1e5782e94bb1152ef752ddf0/element - {"using":"xpath","value":"//input[@id=\"application-manageresources-display-component---newResourceUnit--idRuTSAdmin-application-manageresources-display-component---newResourceUnit--RUTimeSegment-0-inner\"]"}
RESULT: {"using":"xpath","value":"//input[@id=\"application-manageresources-display-component---newResourceUnit--idRuTSAdmin-application-manageresources-display-component---newResourceUnit--RUTimeSegment-0-inner\"]"}
COMMAND: POST /session/e1a2e03b1e5782e94bb1152ef752ddf0/element/f.04D253A817E55EB22DFE9CF0F4375160.d.2C9B1D2A310C958A41DB1C0806D9BA3E.e.5518/clear - {}
RESULT: {}
COMMAND: POST /session/e1a2e03b1e5782e94bb1152ef752ddf0/element/f.04D253A817E55EB22DFE9CF0F4375160.d.2C9B1D2A310C958A41DB1C0806D9BA3E.e.5518/value - {"text":"254"}
COMMAND: GET /session/e1a2e03b1e5782e94bb1152ef752ddf0/screenshot - {}
RESULT: {"text":"254"}
COMMAND: GET /session/e1a2e03b1e5782e94bb1152ef752ddf0/screenshot - {}
RESULT: {}
RESULT: {}
COMMAND: POST /session/e1a2e03b1e5782e94bb1152ef752ddf0/element - {"using":"xpath","value":"//li[.//span[text()='254']]"}
RESULT: {"using":"xpath","value":"//li[.//span[text()='254']]"}
COMMAND: POST /session/e1a2e03b1e5782e94bb1152ef752ddf0/element/f.04D253A817E55EB22DFE9CF0F4375160.d.2C9B1D2A310C958A41DB1C0806D9BA3E.e.5527/click - {}
RESULT: {}
COMMAND: GET /session/e1a2e03b1e5782e94bb1152ef752ddf0/screenshot - {}
RESULT: {}
COMMAND: POST /session/e1a2e03b1e5782e94bb1152ef752ddf0/element - {"using":"xpath","value":"(//span[contains(@id, \"-application-manageresources-display-component---newResourceUnit--RUTimeSegment-0-arrow\")])[2]"}
RESULT: {"using":"xpath","value":"(//span[contains(@id, \"-application-manageresources-display-component---newResourceUnit--RUTimeSegment-0-arrow\")])[2]"}
COMMAND: POST /session/e1a2e03b1e5782e94bb1152ef752ddf0/element/f.04D253A817E55EB22DFE9CF0F4375160.d.2C9B1D2A310C958A41DB1C0806D9BA3E.e.5528/click - {}
RESULT: {}
COMMAND: POST /session/e1a2e03b1e5782e94bb1152ef752ddf0/element - {"using":"xpath","value":"//span[contains(text(), \"PM Order\")]"}
COMMAND: GET /session/e1a2e03b1e5782e94bb1152ef752ddf0/screenshot - {}
RESULT: {"using":"xpath","value":"//span[contains(text(), \"PM Order\")]"}
COMMAND: POST /session/e1a2e03b1e5782e94bb1152ef752ddf0/element/f.04D253A817E55EB22DFE9CF0F4375160.d.2C9B1D2A310C958A41DB1C0806D9BA3E.e.5529/click - {}
RESULT: {}
RESULT: {}
COMMAND: GET /session/e1a2e03b1e5782e94bb1152ef752ddf0/screenshot - {}
RESULT: {}
COMMAND: POST /session/e1a2e03b1e5782e94bb1152ef752ddf0/element - {"using":"xpath","value":"//td/div/div/div/span[contains(@id, \"newResourceUnit--RUTimeSegment-0-vhi\")][1]"}
RESULT: {"using":"xpath","value":"//td/div/div/div/span[contains(@id, \"newResourceUnit--RUTimeSegment-0-vhi\")][1]"}
COMMAND: POST /session/e1a2e03b1e5782e94bb1152ef752ddf0/element/f.04D253A817E55EB22DFE9CF0F4375160.d.2C9B1D2A310C958A41DB1C0806D9BA3E.e.5532/click - {}
RESULT: {}
COMMAND: GET /session/e1a2e03b1e5782e94bb1152ef752ddf0/screenshot - {}
RESULT: {}
COMMAND: POST /session/e1a2e03b1e5782e94bb1152ef752ddf0/execute/async - {"script":"<script> [1562 bytes]","args":[{"selector":{"controlType":"sap.m.SearchField","properties":{"placeholder":"Search"},"searchOpenDialogs":true,"interaction":{"idSuffix":"I"}},"wdio_ui5_key":"sapm.SearchField{\"placeholder\":\"Search\"}"}]}
RESULT: {"script":"<script> [1562 bytes]","args":[{"selector":{"controlType":"sap.m.SearchField","properties":{"placeholder":"Search"},"searchOpenDialogs":true,"interaction":{"idSuffix":"I"}},"wdio_ui5_key":"sapm.SearchField{\"placeholder\":\"Search\"}"}]}
RESULT: undefined
COMMAND: POST /session/e1a2e03b1e5782e94bb1152ef752ddf0/execute/async - {"script":"<script> [776 bytes]","args":[{"enterText":"4000360","selector":{"controlType":"sap.m.SearchField","properties":{"placeholder":"Search"},"searchOpenDialogs":true,"interaction":{"idSuffix":"I"}},"clearTextFirst":true,"interactionType":"ENTER_TEXT"}]}
RESULT: {"script":"<script> [776 bytes]","args":[{"enterText":"4000360","selector":{"controlType":"sap.m.SearchField","properties":{"placeholder":"Search"},"searchOpenDialogs":true,"interaction":{"idSuffix":"I"}},"clearTextFirst":true,"interactionType":"ENTER_TEXT"}]}
COMMAND: POST /session/e1a2e03b1e5782e94bb1152ef752ddf0/actions - {"actions":[{"id":"action20","type":"key","parameters":{},"actions":[{"type":"keyDown","value":""},{"type":"pause","duration":10},{"type":"keyUp","value":""}]}]}
RESULT: {"actions":[{"id":"action20","type":"key","parameters":{},"actions":[{"type":"keyDown","value":""},{"type":"pause","duration":10},{"type":"keyUp","value":""}]}]}
COMMAND: GET /session/e1a2e03b1e5782e94bb1152ef752ddf0/screenshot - {}
RESULT: {}
COMMAND: POST /session/e1a2e03b1e5782e94bb1152ef752ddf0/element - {"using":"xpath","value":"//td/div/span[contains(text(), \"BGL Vehicles\")]"}
RESULT: {"using":"xpath","value":"//td/div/span[contains(text(), \"BGL Vehicles\")]"}
COMMAND: POST /session/e1a2e03b1e5782e94bb1152ef752ddf0/element/f.04D253A817E55EB22DFE9CF0F4375160.d.2C9B1D2A310C958A41DB1C0806D9BA3E.e.5552/click - {}
RESULT: {}
COMMAND: GET /session/e1a2e03b1e5782e94bb1152ef752ddf0/screenshot - {}
RESULT: {}
COMMAND: POST /session/e1a2e03b1e5782e94bb1152ef752ddf0/element - {"using":"xpath","value":"//bdi[contains(text(), \"OK\")]"}
RESULT: {"using":"xpath","value":"//bdi[contains(text(), \"OK\")]"}
COMMAND: POST /session/e1a2e03b1e5782e94bb1152ef752ddf0/element/f.04D253A817E55EB22DFE9CF0F4375160.d.2C9B1D2A310C958A41DB1C0806D9BA3E.e.5553/click - {}
RESULT: {}
COMMAND: GET /session/e1a2e03b1e5782e94bb1152ef752ddf0/screenshot - {}
RESULT: {}
COMMAND: POST /session/e1a2e03b1e5782e94bb1152ef752ddf0/element - {"using":"xpath","value":"//button[@data-kt=\"resourceUnitSaveButton\"]"}
RESULT: {"using":"xpath","value":"//button[@data-kt=\"resourceUnitSaveButton\"]"}
COMMAND: POST /session/e1a2e03b1e5782e94bb1152ef752ddf0/element/f.04D253A817E55EB22DFE9CF0F4375160.d.2C9B1D2A310C958A41DB1C0806D9BA3E.e.5453/click - {}
RESULT: {}
COMMAND: GET /session/e1a2e03b1e5782e94bb1152ef752ddf0/screenshot - {}
RESULT: {}
COMMAND: POST /session/e1a2e03b1e5782e94bb1152ef752ddf0/element - {"using":"xpath","value":"//bdi[contains(text(), \"Close\")]"}
RESULT: {"using":"xpath","value":"//bdi[contains(text(), \"Close\")]"}
COMMAND: POST /session/e1a2e03b1e5782e94bb1152ef752ddf0/element/f.04D253A817E55EB22DFE9CF0F4375160.d.2C9B1D2A310C958A41DB1C0806D9BA3E.e.5560/click - {}
RESULT: {}
COMMAND: GET /session/e1a2e03b1e5782e94bb1152ef752ddf0/screenshot - {}
RESULT: {}
COMMAND: POST /session/e1a2e03b1e5782e94bb1152ef752ddf0/element - {"using":"xpath","value":"//header[contains(@id, 'detailRruPage-headerTitle')]/div[1]/div[2]/div[2]/span[1]"}
RESULT: {"using":"xpath","value":"//header[contains(@id, 'detailRruPage-headerTitle')]/div[1]/div[2]/div[2]/span[1]"}
COMMAND: POST /session/e1a2e03b1e5782e94bb1152ef752ddf0/elements - {"using":"xpath","value":"//header[contains(@id, 'detailRruPage-headerTitle')]/div[1]/div[2]/div[2]/span[1]"}
RESULT: {"using":"xpath","value":"//header[contains(@id, 'detailRruPage-headerTitle')]/div[1]/div[2]/div[2]/span[1]"}
COMMAND: POST /session/e1a2e03b1e5782e94bb1152ef752ddf0/execute/sync - {"script":"<script> [56 bytes]","args":[{"element-6066-11e4-a52e-4f735466cecf":"f.04D253A817E55EB22DFE9CF0F4375160.d.2C9B1D2A310C958A41DB1C0806D9BA3E.e.5590","ELEMENT":"f.04D253A817E55EB22DFE9CF0F4375160.d.2C9B1D2A310C958A41DB1C0806D9BA3E.e.5590"}]}
RESULT: {"script":"<script> [56 bytes]","args":[{"element-6066-11e4-a52e-4f735466cecf":"f.04D253A817E55EB22DFE9CF0F4375160.d.2C9B1D2A310C958A41DB1C0806D9BA3E.e.5590","ELEMENT":"f.04D253A817E55EB22DFE9CF0F4375160.d.2C9B1D2A310C958A41DB1C0806D9BA3E.e.5590"}]}
]]></system-out>
    </testcase>
    <testcase classname="chrome.135_0_7049_42.windows.US134625_Set_up_price_condition_-_one_time" name="Should create new pricing rule one time" time="61.764">
      <system-out><![CDATA[
COMMAND: POST /session/e1a2e03b1e5782e94bb1152ef752ddf0/element - {"using":"xpath","value":"(//button[contains(@id ,\"actionsToolbar-overflowButton\")])[1]"}
COMMAND: GET /session/e1a2e03b1e5782e94bb1152ef752ddf0/screenshot - {}
RESULT: {"using":"xpath","value":"(//button[contains(@id ,\"actionsToolbar-overflowButton\")])[1]"}
COMMAND: POST /session/e1a2e03b1e5782e94bb1152ef752ddf0/element/f.04D253A817E55EB22DFE9CF0F4375160.d.2C9B1D2A310C958A41DB1C0806D9BA3E.e.5591/click - {}
RESULT: {}
RESULT: {}
COMMAND: GET /session/e1a2e03b1e5782e94bb1152ef752ddf0/screenshot - {}
RESULT: {}
COMMAND: POST /session/e1a2e03b1e5782e94bb1152ef752ddf0/element - {"using":"xpath","value":"//button[@data-kt=\"priceInfoButton\"]"}
RESULT: {"using":"xpath","value":"//button[@data-kt=\"priceInfoButton\"]"}
COMMAND: POST /session/e1a2e03b1e5782e94bb1152ef752ddf0/element/f.04D253A817E55EB22DFE9CF0F4375160.d.2C9B1D2A310C958A41DB1C0806D9BA3E.e.5593/click - {}
RESULT: {}
COMMAND: GET /session/e1a2e03b1e5782e94bb1152ef752ddf0/screenshot - {}
RESULT: {}
COMMAND: POST /session/e1a2e03b1e5782e94bb1152ef752ddf0/element - {"using":"xpath","value":"//button[@data-kt=\"addButton\"]"}
RESULT: {"using":"xpath","value":"//button[@data-kt=\"addButton\"]"}
COMMAND: POST /session/e1a2e03b1e5782e94bb1152ef752ddf0/elements - {"using":"xpath","value":"//button[@data-kt=\"addButton\"]"}
RESULT: {"using":"xpath","value":"//button[@data-kt=\"addButton\"]"}
COMMAND: POST /session/e1a2e03b1e5782e94bb1152ef752ddf0/elements - {"using":"xpath","value":"//button[@data-kt=\"addButton\"]"}
RESULT: {"using":"xpath","value":"//button[@data-kt=\"addButton\"]"}
COMMAND: POST /session/e1a2e03b1e5782e94bb1152ef752ddf0/element - {"using":"xpath","value":"//button[@data-kt=\"addButton\"]"}
RESULT: {"using":"xpath","value":"//button[@data-kt=\"addButton\"]"}
COMMAND: POST /session/e1a2e03b1e5782e94bb1152ef752ddf0/execute/sync - {"script":"<script> [8489 bytes]","args":[{"element-6066-11e4-a52e-4f735466cecf":"f.04D253A817E55EB22DFE9CF0F4375160.d.2C9B1D2A310C958A41DB1C0806D9BA3E.e.5630","ELEMENT":"f.04D253A817E55EB22DFE9CF0F4375160.d.2C9B1D2A310C958A41DB1C0806D9BA3E.e.5630"}]}
RESULT: {"script":"<script> [8489 bytes]","args":[{"element-6066-11e4-a52e-4f735466cecf":"f.04D253A817E55EB22DFE9CF0F4375160.d.2C9B1D2A310C958A41DB1C0806D9BA3E.e.5630","ELEMENT":"f.04D253A817E55EB22DFE9CF0F4375160.d.2C9B1D2A310C958A41DB1C0806D9BA3E.e.5630"}]}
COMMAND: GET /session/e1a2e03b1e5782e94bb1152ef752ddf0/element/f.04D253A817E55EB22DFE9CF0F4375160.d.2C9B1D2A310C958A41DB1C0806D9BA3E.e.5630/enabled - {}
COMMAND: GET /session/e1a2e03b1e5782e94bb1152ef752ddf0/screenshot - {}
RESULT: {}
COMMAND: POST /session/e1a2e03b1e5782e94bb1152ef752ddf0/execute/sync - {"script":"<script> [8489 bytes]","args":[{"element-6066-11e4-a52e-4f735466cecf":"f.04D253A817E55EB22DFE9CF0F4375160.d.2C9B1D2A310C958A41DB1C0806D9BA3E.e.5630","ELEMENT":"f.04D253A817E55EB22DFE9CF0F4375160.d.2C9B1D2A310C958A41DB1C0806D9BA3E.e.5630"}]}
COMMAND: GET /session/e1a2e03b1e5782e94bb1152ef752ddf0/screenshot - {}
RESULT: {}
RESULT: {"script":"<script> [8489 bytes]","args":[{"element-6066-11e4-a52e-4f735466cecf":"f.04D253A817E55EB22DFE9CF0F4375160.d.2C9B1D2A310C958A41DB1C0806D9BA3E.e.5630","ELEMENT":"f.04D253A817E55EB22DFE9CF0F4375160.d.2C9B1D2A310C958A41DB1C0806D9BA3E.e.5630"}]}
COMMAND: POST /session/e1a2e03b1e5782e94bb1152ef752ddf0/execute/sync - {"script":"<script> [5351 bytes]","args":[{"element-6066-11e4-a52e-4f735466cecf":"f.04D253A817E55EB22DFE9CF0F4375160.d.2C9B1D2A310C958A41DB1C0806D9BA3E.e.5630","ELEMENT":"f.04D253A817E55EB22DFE9CF0F4375160.d.2C9B1D2A310C958A41DB1C0806D9BA3E.e.5630"}]}
COMMAND: GET /session/e1a2e03b1e5782e94bb1152ef752ddf0/screenshot - {}
RESULT: {}
RESULT: {"script":"<script> [5351 bytes]","args":[{"element-6066-11e4-a52e-4f735466cecf":"f.04D253A817E55EB22DFE9CF0F4375160.d.2C9B1D2A310C958A41DB1C0806D9BA3E.e.5630","ELEMENT":"f.04D253A817E55EB22DFE9CF0F4375160.d.2C9B1D2A310C958A41DB1C0806D9BA3E.e.5630"}]}
COMMAND: POST /session/e1a2e03b1e5782e94bb1152ef752ddf0/element/f.04D253A817E55EB22DFE9CF0F4375160.d.2C9B1D2A310C958A41DB1C0806D9BA3E.e.5630/click - {}
COMMAND: GET /session/e1a2e03b1e5782e94bb1152ef752ddf0/screenshot - {}
RESULT: {}
RESULT: {}
COMMAND: GET /session/e1a2e03b1e5782e94bb1152ef752ddf0/screenshot - {}
RESULT: {}
RESULT: {}
COMMAND: POST /session/e1a2e03b1e5782e94bb1152ef752ddf0/execute/async - {"script":"<script> [1562 bytes]","args":[{"selector":{"controlType":"sap.m.Title","viewName":"etm.portal.ui.managepricingrules.view.NewItem","viewId":"application-managepricingrules-display-component---newInfoPriceItem","properties":{"text":"New Pricing Rules - Item Level"}},"wdio_ui5_key":"etmportal.ui.managepricingrules.view.NewItemsap.m.Title{\"text\":\"New Pricing Rules - Item Level\"}"}]}
RESULT: {"script":"<script> [1562 bytes]","args":[{"selector":{"controlType":"sap.m.Title","viewName":"etm.portal.ui.managepricingrules.view.NewItem","viewId":"application-managepricingrules-display-component---newInfoPriceItem","properties":{"text":"New Pricing Rules - Item Level"}},"wdio_ui5_key":"etmportal.ui.managepricingrules.view.NewItemsap.m.Title{\"text\":\"New Pricing Rules - Item Level\"}"}]}
RESULT: undefined
COMMAND: POST /session/e1a2e03b1e5782e94bb1152ef752ddf0/execute/async - {"script":"<script> [6424 bytes]","args":[{"element-6066-11e4-a52e-4f735466cecf":"f.04D253A817E55EB22DFE9CF0F4375160.d.2C9B1D2A310C958A41DB1C0806D9BA3E.e.5772"},"getText",[]]}
RESULT: {"script":"<script> [6424 bytes]","args":[{"element-6066-11e4-a52e-4f735466cecf":"f.04D253A817E55EB22DFE9CF0F4375160.d.2C9B1D2A310C958A41DB1C0806D9BA3E.e.5772"},"getText",[]]}
COMMAND: POST /session/e1a2e03b1e5782e94bb1152ef752ddf0/execute/async - {"script":"<script> [1562 bytes]","args":[{"selector":{"id":"application-managepricingrules-display-component---newInfoPriceItem--condValidTo","interaction":{"idSuffix":"inner"}},"wdio_ui5_key":"applicationmanagepricingrules-display-component---newInfoPriceItem--condValidTo"}]}
RESULT: {"script":"<script> [1562 bytes]","args":[{"selector":{"id":"application-managepricingrules-display-component---newInfoPriceItem--condValidTo","interaction":{"idSuffix":"inner"}},"wdio_ui5_key":"applicationmanagepricingrules-display-component---newInfoPriceItem--condValidTo"}]}
RESULT: undefined
COMMAND: POST /session/e1a2e03b1e5782e94bb1152ef752ddf0/execute/async - {"script":"<script> [776 bytes]","args":[{"enterText":"12/13/25","selector":{"id":"application-managepricingrules-display-component---newInfoPriceItem--condValidTo","interaction":{"idSuffix":"inner"}},"clearTextFirst":true,"interactionType":"ENTER_TEXT"}]}
RESULT: {"script":"<script> [776 bytes]","args":[{"enterText":"12/13/25","selector":{"id":"application-managepricingrules-display-component---newInfoPriceItem--condValidTo","interaction":{"idSuffix":"inner"}},"clearTextFirst":true,"interactionType":"ENTER_TEXT"}]}
COMMAND: POST /session/e1a2e03b1e5782e94bb1152ef752ddf0/execute/async - {"script":"<script> [1562 bytes]","args":[{"selector":{"id":"application-managepricingrules-display-component---newInfoPriceItem--billType-arrow"},"wdio_ui5_key":"applicationmanagepricingrules-display-component---newInfoPriceItem--billType-arrow"}]}
RESULT: {"script":"<script> [1562 bytes]","args":[{"selector":{"id":"application-managepricingrules-display-component---newInfoPriceItem--billType-arrow"},"wdio_ui5_key":"applicationmanagepricingrules-display-component---newInfoPriceItem--billType-arrow"}]}
RESULT: undefined
COMMAND: POST /session/e1a2e03b1e5782e94bb1152ef752ddf0/element - {"using":"xpath","value":"//*[@id=\"application-managepricingrules-display-component---newInfoPriceItem--billType-arrow\"]"}
RESULT: {"using":"xpath","value":"//*[@id=\"application-managepricingrules-display-component---newInfoPriceItem--billType-arrow\"]"}
COMMAND: POST /session/e1a2e03b1e5782e94bb1152ef752ddf0/element/f.04D253A817E55EB22DFE9CF0F4375160.d.2C9B1D2A310C958A41DB1C0806D9BA3E.e.5774/click - {}
RESULT: {}
COMMAND: POST /session/e1a2e03b1e5782e94bb1152ef752ddf0/element - {"using":"xpath","value":"//span[contains(text(), \"OT - Sales (one-time)\")]"}
COMMAND: GET /session/e1a2e03b1e5782e94bb1152ef752ddf0/screenshot - {}
RESULT: {"using":"xpath","value":"//span[contains(text(), \"OT - Sales (one-time)\")]"}
COMMAND: POST /session/e1a2e03b1e5782e94bb1152ef752ddf0/element/f.04D253A817E55EB22DFE9CF0F4375160.d.2C9B1D2A310C958A41DB1C0806D9BA3E.e.5775/click - {}
RESULT: {}
RESULT: {}
COMMAND: POST /session/e1a2e03b1e5782e94bb1152ef752ddf0/execute/async - {"script":"<script> [1562 bytes]","args":[{"selector":{"id":"application-managepricingrules-display-component---newInfoPriceItem--priceProc-arrow"},"wdio_ui5_key":"applicationmanagepricingrules-display-component---newInfoPriceItem--priceProc-arrow"}]}
COMMAND: GET /session/e1a2e03b1e5782e94bb1152ef752ddf0/screenshot - {}
RESULT: {"script":"<script> [1562 bytes]","args":[{"selector":{"id":"application-managepricingrules-display-component---newInfoPriceItem--priceProc-arrow"},"wdio_ui5_key":"applicationmanagepricingrules-display-component---newInfoPriceItem--priceProc-arrow"}]}
RESULT: undefined
COMMAND: POST /session/e1a2e03b1e5782e94bb1152ef752ddf0/element - {"using":"xpath","value":"//*[@id=\"application-managepricingrules-display-component---newInfoPriceItem--priceProc-arrow\"]"}
RESULT: {}
RESULT: {"using":"xpath","value":"//*[@id=\"application-managepricingrules-display-component---newInfoPriceItem--priceProc-arrow\"]"}
COMMAND: POST /session/e1a2e03b1e5782e94bb1152ef752ddf0/element/f.04D253A817E55EB22DFE9CF0F4375160.d.2C9B1D2A310C958A41DB1C0806D9BA3E.e.5776/click - {}
RESULT: {}
COMMAND: POST /session/e1a2e03b1e5782e94bb1152ef752ddf0/element - {"using":"xpath","value":"//span[contains(text(), \"MAT - Material\")]"}
COMMAND: GET /session/e1a2e03b1e5782e94bb1152ef752ddf0/screenshot - {}
RESULT: {"using":"xpath","value":"//span[contains(text(), \"MAT - Material\")]"}
COMMAND: POST /session/e1a2e03b1e5782e94bb1152ef752ddf0/element/f.04D253A817E55EB22DFE9CF0F4375160.d.2C9B1D2A310C958A41DB1C0806D9BA3E.e.5777/click - {}
RESULT: {}
RESULT: {}
COMMAND: POST /session/e1a2e03b1e5782e94bb1152ef752ddf0/execute/async - {"script":"<script> [1562 bytes]","args":[{"selector":{"id":"application-managepricingrules-display-component---newInfoPriceItem--calcBase-arrow"},"wdio_ui5_key":"applicationmanagepricingrules-display-component---newInfoPriceItem--calcBase-arrow"}]}
COMMAND: GET /session/e1a2e03b1e5782e94bb1152ef752ddf0/screenshot - {}
RESULT: {"script":"<script> [1562 bytes]","args":[{"selector":{"id":"application-managepricingrules-display-component---newInfoPriceItem--calcBase-arrow"},"wdio_ui5_key":"applicationmanagepricingrules-display-component---newInfoPriceItem--calcBase-arrow"}]}
RESULT: undefined
COMMAND: POST /session/e1a2e03b1e5782e94bb1152ef752ddf0/element - {"using":"xpath","value":"//*[@id=\"application-managepricingrules-display-component---newInfoPriceItem--calcBase-arrow\"]"}
RESULT: {}
RESULT: {"using":"xpath","value":"//*[@id=\"application-managepricingrules-display-component---newInfoPriceItem--calcBase-arrow\"]"}
COMMAND: POST /session/e1a2e03b1e5782e94bb1152ef752ddf0/element/f.04D253A817E55EB22DFE9CF0F4375160.d.2C9B1D2A310C958A41DB1C0806D9BA3E.e.5746/click - {}
RESULT: {}
COMMAND: GET /session/e1a2e03b1e5782e94bb1152ef752ddf0/screenshot - {}
RESULT: {}
COMMAND: POST /session/e1a2e03b1e5782e94bb1152ef752ddf0/element - {"using":"xpath","value":"//span[contains(text(), \"0001 - TB(exact month + cal_days)\")]"}
RESULT: {"using":"xpath","value":"//span[contains(text(), \"0001 - TB(exact month + cal_days)\")]"}
COMMAND: POST /session/e1a2e03b1e5782e94bb1152ef752ddf0/element/f.04D253A817E55EB22DFE9CF0F4375160.d.2C9B1D2A310C958A41DB1C0806D9BA3E.e.5778/click - {}
RESULT: {}
COMMAND: GET /session/e1a2e03b1e5782e94bb1152ef752ddf0/screenshot - {}
RESULT: {}
COMMAND: POST /session/e1a2e03b1e5782e94bb1152ef752ddf0/element - {"using":"xpath","value":"//button[@data-kt=\"saveNewRuleButton\"]"}
RESULT: {"using":"xpath","value":"//button[@data-kt=\"saveNewRuleButton\"]"}
COMMAND: POST /session/e1a2e03b1e5782e94bb1152ef752ddf0/element/f.04D253A817E55EB22DFE9CF0F4375160.d.2C9B1D2A310C958A41DB1C0806D9BA3E.e.5761/click - {}
RESULT: {}
COMMAND: GET /session/e1a2e03b1e5782e94bb1152ef752ddf0/screenshot - {}
RESULT: {}
COMMAND: POST /session/e1a2e03b1e5782e94bb1152ef752ddf0/execute/async - {"script":"<script> [1562 bytes]","args":[{"selector":{"id":"application-managepricingrules-display-component---priceInfoItem--smartFilterBar-btnBasicSearch","interaction":{"idSuffix":"I"}},"wdio_ui5_key":"applicationmanagepricingrules-display-component---priceInfoItem--smartFilterBar-btnBasicSearch"}]}
RESULT: {"script":"<script> [1562 bytes]","args":[{"selector":{"id":"application-managepricingrules-display-component---priceInfoItem--smartFilterBar-btnBasicSearch","interaction":{"idSuffix":"I"}},"wdio_ui5_key":"applicationmanagepricingrules-display-component---priceInfoItem--smartFilterBar-btnBasicSearch"}]}
RESULT: undefined
COMMAND: POST /session/e1a2e03b1e5782e94bb1152ef752ddf0/execute/async - {"script":"<script> [776 bytes]","args":[{"enterText":"200106","selector":{"id":"application-managepricingrules-display-component---priceInfoItem--smartFilterBar-btnBasicSearch","interaction":{"idSuffix":"I"}},"clearTextFirst":true,"interactionType":"ENTER_TEXT"}]}
RESULT: {"script":"<script> [776 bytes]","args":[{"enterText":"200106","selector":{"id":"application-managepricingrules-display-component---priceInfoItem--smartFilterBar-btnBasicSearch","interaction":{"idSuffix":"I"}},"clearTextFirst":true,"interactionType":"ENTER_TEXT"}]}
COMMAND: POST /session/e1a2e03b1e5782e94bb1152ef752ddf0/actions - {"actions":[{"id":"action21","type":"key","parameters":{},"actions":[{"type":"keyDown","value":""},{"type":"pause","duration":10},{"type":"keyUp","value":""}]}]}
RESULT: {"actions":[{"id":"action21","type":"key","parameters":{},"actions":[{"type":"keyDown","value":""},{"type":"pause","duration":10},{"type":"keyUp","value":""}]}]}
COMMAND: GET /session/e1a2e03b1e5782e94bb1152ef752ddf0/screenshot - {}
RESULT: {}
COMMAND: POST /session/e1a2e03b1e5782e94bb1152ef752ddf0/element - {"using":"xpath","value":"//span[@id=\"application-managepricingrules-display-component---priceInfoItem--smartTable-header-inner\"]"}
RESULT: {"using":"xpath","value":"//span[@id=\"application-managepricingrules-display-component---priceInfoItem--smartTable-header-inner\"]"}
COMMAND: POST /session/e1a2e03b1e5782e94bb1152ef752ddf0/elements - {"using":"xpath","value":"//span[@id=\"application-managepricingrules-display-component---priceInfoItem--smartTable-header-inner\"]"}
RESULT: {"using":"xpath","value":"//span[@id=\"application-managepricingrules-display-component---priceInfoItem--smartTable-header-inner\"]"}
COMMAND: POST /session/e1a2e03b1e5782e94bb1152ef752ddf0/execute/sync - {"script":"<script> [56 bytes]","args":[{"element-6066-11e4-a52e-4f735466cecf":"f.04D253A817E55EB22DFE9CF0F4375160.d.2C9B1D2A310C958A41DB1C0806D9BA3E.e.5791","ELEMENT":"f.04D253A817E55EB22DFE9CF0F4375160.d.2C9B1D2A310C958A41DB1C0806D9BA3E.e.5791"}]}
RESULT: {"script":"<script> [56 bytes]","args":[{"element-6066-11e4-a52e-4f735466cecf":"f.04D253A817E55EB22DFE9CF0F4375160.d.2C9B1D2A310C958A41DB1C0806D9BA3E.e.5791","ELEMENT":"f.04D253A817E55EB22DFE9CF0F4375160.d.2C9B1D2A310C958A41DB1C0806D9BA3E.e.5791"}]}
COMMAND: POST /session/e1a2e03b1e5782e94bb1152ef752ddf0/element - {"using":"css selector","value":"#shell-header-logo"}
COMMAND: GET /session/e1a2e03b1e5782e94bb1152ef752ddf0/screenshot - {}
RESULT: {"using":"css selector","value":"#shell-header-logo"}
COMMAND: POST /session/e1a2e03b1e5782e94bb1152ef752ddf0/element/f.04D253A817E55EB22DFE9CF0F4375160.d.2C9B1D2A310C958A41DB1C0806D9BA3E.e.5048/click - {}
RESULT: {}
RESULT: {}
COMMAND: GET /session/e1a2e03b1e5782e94bb1152ef752ddf0/screenshot - {}
RESULT: {}
]]></system-out>
    </testcase>
    <testcase classname="chrome.135_0_7049_42.windows.US134625_Set_up_price_condition_-_one_time" name="Should create new condition one time" time="76.007">
      <system-out><![CDATA[
COMMAND: POST /session/e1a2e03b1e5782e94bb1152ef752ddf0/execute/async - {"script":"<script> [1562 bytes]","args":[{"selector":{"controlType":"sap.m.Text","properties":{"text":"Manage Conditions & Prices"},"interaction":{"idSuffix":"inner"}},"wdio_ui5_key":"sapm.Text{\"text\":\"Manage Conditions & Prices\"}"}]}
RESULT: {"script":"<script> [1562 bytes]","args":[{"selector":{"controlType":"sap.m.Text","properties":{"text":"Manage Conditions & Prices"},"interaction":{"idSuffix":"inner"}},"wdio_ui5_key":"sapm.Text{\"text\":\"Manage Conditions & Prices\"}"}]}
RESULT: undefined
COMMAND: POST /session/e1a2e03b1e5782e94bb1152ef752ddf0/element - {"using":"xpath","value":"//*[@id=\"__tile53-title\"]"}
RESULT: {"using":"xpath","value":"//*[@id=\"__tile53-title\"]"}
COMMAND: POST /session/e1a2e03b1e5782e94bb1152ef752ddf0/element/f.04D253A817E55EB22DFE9CF0F4375160.d.2C9B1D2A310C958A41DB1C0806D9BA3E.e.5794/click - {}
RESULT: {}
COMMAND: POST /session/e1a2e03b1e5782e94bb1152ef752ddf0/element - {"using":"xpath","value":"//button[@aria-label=\"Create\"]"}
COMMAND: GET /session/e1a2e03b1e5782e94bb1152ef752ddf0/screenshot - {}
RESULT: {"using":"xpath","value":"//button[@aria-label=\"Create\"]"}
COMMAND: POST /session/e1a2e03b1e5782e94bb1152ef752ddf0/elements - {"using":"xpath","value":"//button[@aria-label=\"Create\"]"}
RESULT: {}
RESULT: {"using":"xpath","value":"//button[@aria-label=\"Create\"]"}
COMMAND: POST /session/e1a2e03b1e5782e94bb1152ef752ddf0/elements - {"using":"xpath","value":"//button[@aria-label=\"Create\"]"}
RESULT: {"using":"xpath","value":"//button[@aria-label=\"Create\"]"}
COMMAND: POST /session/e1a2e03b1e5782e94bb1152ef752ddf0/elements - {"using":"xpath","value":"//button[@aria-label=\"Create\"]"}
RESULT: {"using":"xpath","value":"//button[@aria-label=\"Create\"]"}
COMMAND: POST /session/e1a2e03b1e5782e94bb1152ef752ddf0/elements - {"using":"xpath","value":"//button[@aria-label=\"Create\"]"}
RESULT: {"using":"xpath","value":"//button[@aria-label=\"Create\"]"}
COMMAND: POST /session/e1a2e03b1e5782e94bb1152ef752ddf0/elements - {"using":"xpath","value":"//button[@aria-label=\"Create\"]"}
RESULT: {"using":"xpath","value":"//button[@aria-label=\"Create\"]"}
COMMAND: POST /session/e1a2e03b1e5782e94bb1152ef752ddf0/elements - {"using":"xpath","value":"//button[@aria-label=\"Create\"]"}
RESULT: {"using":"xpath","value":"//button[@aria-label=\"Create\"]"}
COMMAND: POST /session/e1a2e03b1e5782e94bb1152ef752ddf0/elements - {"using":"xpath","value":"//button[@aria-label=\"Create\"]"}
RESULT: {"using":"xpath","value":"//button[@aria-label=\"Create\"]"}
COMMAND: POST /session/e1a2e03b1e5782e94bb1152ef752ddf0/elements - {"using":"xpath","value":"//button[@aria-label=\"Create\"]"}
RESULT: {"using":"xpath","value":"//button[@aria-label=\"Create\"]"}
COMMAND: POST /session/e1a2e03b1e5782e94bb1152ef752ddf0/elements - {"using":"xpath","value":"//button[@aria-label=\"Create\"]"}
RESULT: {"using":"xpath","value":"//button[@aria-label=\"Create\"]"}
COMMAND: POST /session/e1a2e03b1e5782e94bb1152ef752ddf0/elements - {"using":"xpath","value":"//button[@aria-label=\"Create\"]"}
RESULT: {"using":"xpath","value":"//button[@aria-label=\"Create\"]"}
COMMAND: POST /session/e1a2e03b1e5782e94bb1152ef752ddf0/elements - {"using":"xpath","value":"//button[@aria-label=\"Create\"]"}
RESULT: {"using":"xpath","value":"//button[@aria-label=\"Create\"]"}
COMMAND: POST /session/e1a2e03b1e5782e94bb1152ef752ddf0/element - {"using":"xpath","value":"//button[@aria-label=\"Create\"]"}
RESULT: {"using":"xpath","value":"//button[@aria-label=\"Create\"]"}
COMMAND: POST /session/e1a2e03b1e5782e94bb1152ef752ddf0/execute/sync - {"script":"<script> [8489 bytes]","args":[{"element-6066-11e4-a52e-4f735466cecf":"f.04D253A817E55EB22DFE9CF0F4375160.d.2C9B1D2A310C958A41DB1C0806D9BA3E.e.5829","ELEMENT":"f.04D253A817E55EB22DFE9CF0F4375160.d.2C9B1D2A310C958A41DB1C0806D9BA3E.e.5829"}]}
RESULT: {"script":"<script> [8489 bytes]","args":[{"element-6066-11e4-a52e-4f735466cecf":"f.04D253A817E55EB22DFE9CF0F4375160.d.2C9B1D2A310C958A41DB1C0806D9BA3E.e.5829","ELEMENT":"f.04D253A817E55EB22DFE9CF0F4375160.d.2C9B1D2A310C958A41DB1C0806D9BA3E.e.5829"}]}
COMMAND: GET /session/e1a2e03b1e5782e94bb1152ef752ddf0/element/f.04D253A817E55EB22DFE9CF0F4375160.d.2C9B1D2A310C958A41DB1C0806D9BA3E.e.5829/enabled - {}
COMMAND: GET /session/e1a2e03b1e5782e94bb1152ef752ddf0/screenshot - {}
RESULT: {}
COMMAND: POST /session/e1a2e03b1e5782e94bb1152ef752ddf0/execute/sync - {"script":"<script> [8489 bytes]","args":[{"element-6066-11e4-a52e-4f735466cecf":"f.04D253A817E55EB22DFE9CF0F4375160.d.2C9B1D2A310C958A41DB1C0806D9BA3E.e.5829","ELEMENT":"f.04D253A817E55EB22DFE9CF0F4375160.d.2C9B1D2A310C958A41DB1C0806D9BA3E.e.5829"}]}
COMMAND: GET /session/e1a2e03b1e5782e94bb1152ef752ddf0/screenshot - {}
RESULT: {}
RESULT: {"script":"<script> [8489 bytes]","args":[{"element-6066-11e4-a52e-4f735466cecf":"f.04D253A817E55EB22DFE9CF0F4375160.d.2C9B1D2A310C958A41DB1C0806D9BA3E.e.5829","ELEMENT":"f.04D253A817E55EB22DFE9CF0F4375160.d.2C9B1D2A310C958A41DB1C0806D9BA3E.e.5829"}]}
COMMAND: POST /session/e1a2e03b1e5782e94bb1152ef752ddf0/execute/sync - {"script":"<script> [5351 bytes]","args":[{"element-6066-11e4-a52e-4f735466cecf":"f.04D253A817E55EB22DFE9CF0F4375160.d.2C9B1D2A310C958A41DB1C0806D9BA3E.e.5829","ELEMENT":"f.04D253A817E55EB22DFE9CF0F4375160.d.2C9B1D2A310C958A41DB1C0806D9BA3E.e.5829"}]}
COMMAND: GET /session/e1a2e03b1e5782e94bb1152ef752ddf0/screenshot - {}
RESULT: {}
RESULT: {"script":"<script> [5351 bytes]","args":[{"element-6066-11e4-a52e-4f735466cecf":"f.04D253A817E55EB22DFE9CF0F4375160.d.2C9B1D2A310C958A41DB1C0806D9BA3E.e.5829","ELEMENT":"f.04D253A817E55EB22DFE9CF0F4375160.d.2C9B1D2A310C958A41DB1C0806D9BA3E.e.5829"}]}
COMMAND: POST /session/e1a2e03b1e5782e94bb1152ef752ddf0/element/f.04D253A817E55EB22DFE9CF0F4375160.d.2C9B1D2A310C958A41DB1C0806D9BA3E.e.5829/click - {}
COMMAND: GET /session/e1a2e03b1e5782e94bb1152ef752ddf0/screenshot - {}
RESULT: {}
RESULT: {}
COMMAND: GET /session/e1a2e03b1e5782e94bb1152ef752ddf0/screenshot - {}
RESULT: {}
RESULT: {}
COMMAND: POST /session/e1a2e03b1e5782e94bb1152ef752ddf0/actions - {"actions":[{"id":"action22","type":"key","parameters":{},"actions":[{"type":"keyDown","value":""},{"type":"pause","duration":10},{"type":"keyUp","value":""}]}]}
RESULT: {"actions":[{"id":"action22","type":"key","parameters":{},"actions":[{"type":"keyDown","value":""},{"type":"pause","duration":10},{"type":"keyUp","value":""}]}]}
COMMAND: GET /session/e1a2e03b1e5782e94bb1152ef752ddf0/screenshot - {}
RESULT: {}
COMMAND: POST /session/e1a2e03b1e5782e94bb1152ef752ddf0/execute/async - {"script":"<script> [1562 bytes]","args":[{"selector":{"id":"application-manageconditionprice-display-component---newCondition--condBillCond-arrow"},"wdio_ui5_key":"applicationmanageconditionprice-display-component---newCondition--condBillCond-arrow"}]}
RESULT: {"script":"<script> [1562 bytes]","args":[{"selector":{"id":"application-manageconditionprice-display-component---newCondition--condBillCond-arrow"},"wdio_ui5_key":"applicationmanageconditionprice-display-component---newCondition--condBillCond-arrow"}]}
RESULT: undefined
COMMAND: POST /session/e1a2e03b1e5782e94bb1152ef752ddf0/element - {"using":"xpath","value":"//*[@id=\"application-manageconditionprice-display-component---newCondition--condBillCond-arrow\"]"}
RESULT: {"using":"xpath","value":"//*[@id=\"application-manageconditionprice-display-component---newCondition--condBillCond-arrow\"]"}
COMMAND: POST /session/e1a2e03b1e5782e94bb1152ef752ddf0/element/f.04D253A817E55EB22DFE9CF0F4375160.d.2C9B1D2A310C958A41DB1C0806D9BA3E.e.6009/click - {}
RESULT: {}
COMMAND: GET /session/e1a2e03b1e5782e94bb1152ef752ddf0/screenshot - {}
RESULT: {}
COMMAND: POST /session/e1a2e03b1e5782e94bb1152ef752ddf0/element - {"using":"xpath","value":"//li[.//span[contains(text(), \"SAPR - Sales price\")]]"}
RESULT: {"using":"xpath","value":"//li[.//span[contains(text(), \"SAPR - Sales price\")]]"}
COMMAND: POST /session/e1a2e03b1e5782e94bb1152ef752ddf0/element/f.04D253A817E55EB22DFE9CF0F4375160.d.2C9B1D2A310C958A41DB1C0806D9BA3E.e.6012/click - {}
RESULT: {}
COMMAND: GET /session/e1a2e03b1e5782e94bb1152ef752ddf0/screenshot - {}
RESULT: {}
COMMAND: POST /session/e1a2e03b1e5782e94bb1152ef752ddf0/execute/async - {"script":"<script> [1562 bytes]","args":[{"selector":{"id":"application-manageconditionprice-display-component---newCondition--condValidTo","interaction":{"idSuffix":"inner"}},"wdio_ui5_key":"applicationmanageconditionprice-display-component---newCondition--condValidTo"}]}
RESULT: {"script":"<script> [1562 bytes]","args":[{"selector":{"id":"application-manageconditionprice-display-component---newCondition--condValidTo","interaction":{"idSuffix":"inner"}},"wdio_ui5_key":"applicationmanageconditionprice-display-component---newCondition--condValidTo"}]}
RESULT: undefined
COMMAND: POST /session/e1a2e03b1e5782e94bb1152ef752ddf0/execute/async - {"script":"<script> [776 bytes]","args":[{"enterText":"12/13/25","selector":{"id":"application-manageconditionprice-display-component---newCondition--condValidTo","interaction":{"idSuffix":"inner"}},"clearTextFirst":true,"interactionType":"ENTER_TEXT"}]}
RESULT: {"script":"<script> [776 bytes]","args":[{"enterText":"12/13/25","selector":{"id":"application-manageconditionprice-display-component---newCondition--condValidTo","interaction":{"idSuffix":"inner"}},"clearTextFirst":true,"interactionType":"ENTER_TEXT"}]}
COMMAND: POST /session/e1a2e03b1e5782e94bb1152ef752ddf0/element - {"using":"xpath","value":"//input[@id=\"application-manageconditionprice-display-component---newCondition--condRU-inner\"]"}
RESULT: {"using":"xpath","value":"//input[@id=\"application-manageconditionprice-display-component---newCondition--condRU-inner\"]"}
COMMAND: POST /session/e1a2e03b1e5782e94bb1152ef752ddf0/element/f.04D253A817E55EB22DFE9CF0F4375160.d.2C9B1D2A310C958A41DB1C0806D9BA3E.e.5874/clear - {}
RESULT: {}
COMMAND: POST /session/e1a2e03b1e5782e94bb1152ef752ddf0/element/f.04D253A817E55EB22DFE9CF0F4375160.d.2C9B1D2A310C958A41DB1C0806D9BA3E.e.5874/value - {"text":"200106"}
COMMAND: GET /session/e1a2e03b1e5782e94bb1152ef752ddf0/screenshot - {}
RESULT: {"text":"200106"}
COMMAND: GET /session/e1a2e03b1e5782e94bb1152ef752ddf0/screenshot - {}
RESULT: {}
RESULT: {}
COMMAND: POST /session/e1a2e03b1e5782e94bb1152ef752ddf0/actions - {"actions":[{"id":"action23","type":"key","parameters":{},"actions":[{"type":"keyDown","value":""},{"type":"pause","duration":10},{"type":"keyUp","value":""}]}]}
RESULT: {"actions":[{"id":"action23","type":"key","parameters":{},"actions":[{"type":"keyDown","value":""},{"type":"pause","duration":10},{"type":"keyUp","value":""}]}]}
COMMAND: POST /session/e1a2e03b1e5782e94bb1152ef752ddf0/execute/async - {"script":"<script> [1562 bytes]","args":[{"selector":{"id":"application-manageconditionprice-display-component---newCondition--condBaseQty","interaction":{"idSuffix":"inner"}},"wdio_ui5_key":"applicationmanageconditionprice-display-component---newCondition--condBaseQty"}]}
COMMAND: GET /session/e1a2e03b1e5782e94bb1152ef752ddf0/screenshot - {}
RESULT: {"script":"<script> [1562 bytes]","args":[{"selector":{"id":"application-manageconditionprice-display-component---newCondition--condBaseQty","interaction":{"idSuffix":"inner"}},"wdio_ui5_key":"applicationmanageconditionprice-display-component---newCondition--condBaseQty"}]}
RESULT: undefined
COMMAND: POST /session/e1a2e03b1e5782e94bb1152ef752ddf0/execute/async - {"script":"<script> [776 bytes]","args":[{"enterText":"1","selector":{"id":"application-manageconditionprice-display-component---newCondition--condBaseQty","interaction":{"idSuffix":"inner"}},"clearTextFirst":true,"interactionType":"ENTER_TEXT"}]}
RESULT: {}
RESULT: {"script":"<script> [776 bytes]","args":[{"enterText":"1","selector":{"id":"application-manageconditionprice-display-component---newCondition--condBaseQty","interaction":{"idSuffix":"inner"}},"clearTextFirst":true,"interactionType":"ENTER_TEXT"}]}
COMMAND: POST /session/e1a2e03b1e5782e94bb1152ef752ddf0/execute/async - {"script":"<script> [1562 bytes]","args":[{"selector":{"id":"application-manageconditionprice-display-component---newCondition--condValue","interaction":{"idSuffix":"inner"}},"wdio_ui5_key":"applicationmanageconditionprice-display-component---newCondition--condValue"}]}
RESULT: {"script":"<script> [1562 bytes]","args":[{"selector":{"id":"application-manageconditionprice-display-component---newCondition--condValue","interaction":{"idSuffix":"inner"}},"wdio_ui5_key":"applicationmanageconditionprice-display-component---newCondition--condValue"}]}
RESULT: undefined
COMMAND: POST /session/e1a2e03b1e5782e94bb1152ef752ddf0/execute/async - {"script":"<script> [776 bytes]","args":[{"enterText":"100.00","selector":{"id":"application-manageconditionprice-display-component---newCondition--condValue","interaction":{"idSuffix":"inner"}},"clearTextFirst":true,"interactionType":"ENTER_TEXT"}]}
RESULT: {"script":"<script> [776 bytes]","args":[{"enterText":"100.00","selector":{"id":"application-manageconditionprice-display-component---newCondition--condValue","interaction":{"idSuffix":"inner"}},"clearTextFirst":true,"interactionType":"ENTER_TEXT"}]}
COMMAND: POST /session/e1a2e03b1e5782e94bb1152ef752ddf0/execute/async - {"script":"<script> [1562 bytes]","args":[{"selector":{"id":"application-manageconditionprice-display-component---newCondition--condCurr-arrow"},"wdio_ui5_key":"applicationmanageconditionprice-display-component---newCondition--condCurr-arrow"}]}
RESULT: {"script":"<script> [1562 bytes]","args":[{"selector":{"id":"application-manageconditionprice-display-component---newCondition--condCurr-arrow"},"wdio_ui5_key":"applicationmanageconditionprice-display-component---newCondition--condCurr-arrow"}]}
RESULT: undefined
COMMAND: POST /session/e1a2e03b1e5782e94bb1152ef752ddf0/element - {"using":"xpath","value":"//*[@id=\"application-manageconditionprice-display-component---newCondition--condCurr-arrow\"]"}
RESULT: {"using":"xpath","value":"//*[@id=\"application-manageconditionprice-display-component---newCondition--condCurr-arrow\"]"}
COMMAND: POST /session/e1a2e03b1e5782e94bb1152ef752ddf0/element/f.04D253A817E55EB22DFE9CF0F4375160.d.2C9B1D2A310C958A41DB1C0806D9BA3E.e.5986/click - {}
RESULT: {}
COMMAND: POST /session/e1a2e03b1e5782e94bb1152ef752ddf0/element - {"using":"xpath","value":"//span[contains(text(), \"Euro\")]"}
COMMAND: GET /session/e1a2e03b1e5782e94bb1152ef752ddf0/screenshot - {}
RESULT: {"using":"xpath","value":"//span[contains(text(), \"Euro\")]"}
COMMAND: POST /session/e1a2e03b1e5782e94bb1152ef752ddf0/element/f.04D253A817E55EB22DFE9CF0F4375160.d.2C9B1D2A310C958A41DB1C0806D9BA3E.e.6052/click - {}
RESULT: {}
RESULT: {}
COMMAND: POST /session/e1a2e03b1e5782e94bb1152ef752ddf0/element - {"using":"xpath","value":"//button[@data-kt=\"saveButton\"]"}
COMMAND: GET /session/e1a2e03b1e5782e94bb1152ef752ddf0/screenshot - {}
RESULT: {"using":"xpath","value":"//button[@data-kt=\"saveButton\"]"}
COMMAND: POST /session/e1a2e03b1e5782e94bb1152ef752ddf0/element/f.04D253A817E55EB22DFE9CF0F4375160.d.2C9B1D2A310C958A41DB1C0806D9BA3E.e.5987/click - {}
RESULT: {}
RESULT: {}
COMMAND: GET /session/e1a2e03b1e5782e94bb1152ef752ddf0/screenshot - {}
RESULT: {}
COMMAND: POST /session/e1a2e03b1e5782e94bb1152ef752ddf0/execute/async - {"script":"<script> [1562 bytes]","args":[{"selector":{"id":"application-manageconditionprice-display-component---conditions--smartFilterBar-btnBasicSearch","interaction":{"idSuffix":"I"}},"wdio_ui5_key":"applicationmanageconditionprice-display-component---conditions--smartFilterBar-btnBasicSearch"}]}
RESULT: {"script":"<script> [1562 bytes]","args":[{"selector":{"id":"application-manageconditionprice-display-component---conditions--smartFilterBar-btnBasicSearch","interaction":{"idSuffix":"I"}},"wdio_ui5_key":"applicationmanageconditionprice-display-component---conditions--smartFilterBar-btnBasicSearch"}]}
RESULT: undefined
COMMAND: POST /session/e1a2e03b1e5782e94bb1152ef752ddf0/execute/async - {"script":"<script> [776 bytes]","args":[{"enterText":"200106","selector":{"id":"application-manageconditionprice-display-component---conditions--smartFilterBar-btnBasicSearch","interaction":{"idSuffix":"I"}},"clearTextFirst":true,"interactionType":"ENTER_TEXT"}]}
RESULT: {"script":"<script> [776 bytes]","args":[{"enterText":"200106","selector":{"id":"application-manageconditionprice-display-component---conditions--smartFilterBar-btnBasicSearch","interaction":{"idSuffix":"I"}},"clearTextFirst":true,"interactionType":"ENTER_TEXT"}]}
COMMAND: POST /session/e1a2e03b1e5782e94bb1152ef752ddf0/actions - {"actions":[{"id":"action24","type":"key","parameters":{},"actions":[{"type":"keyDown","value":""},{"type":"pause","duration":10},{"type":"keyUp","value":""}]}]}
RESULT: {"actions":[{"id":"action24","type":"key","parameters":{},"actions":[{"type":"keyDown","value":""},{"type":"pause","duration":10},{"type":"keyUp","value":""}]}]}
COMMAND: GET /session/e1a2e03b1e5782e94bb1152ef752ddf0/screenshot - {}
RESULT: {}
COMMAND: POST /session/e1a2e03b1e5782e94bb1152ef752ddf0/execute/async - {"script":"<script> [1562 bytes]","args":[{"selector":{"id":"application-manageconditionprice-display-component---conditions--smartFilterBar-filterItemControl_BASIC-BILL_TYPES-vhi"},"wdio_ui5_key":"applicationmanageconditionprice-display-component---conditions--smartFilterBar-filterItemControl_BASIC-BILL_TYPES-vhi"}]}
RESULT: {"script":"<script> [1562 bytes]","args":[{"selector":{"id":"application-manageconditionprice-display-component---conditions--smartFilterBar-filterItemControl_BASIC-BILL_TYPES-vhi"},"wdio_ui5_key":"applicationmanageconditionprice-display-component---conditions--smartFilterBar-filterItemControl_BASIC-BILL_TYPES-vhi"}]}
RESULT: undefined
COMMAND: POST /session/e1a2e03b1e5782e94bb1152ef752ddf0/element - {"using":"xpath","value":"//*[@id=\"application-manageconditionprice-display-component---conditions--smartFilterBar-filterItemControl_BASIC-BILL_TYPES-vhi\"]"}
RESULT: {"using":"xpath","value":"//*[@id=\"application-manageconditionprice-display-component---conditions--smartFilterBar-filterItemControl_BASIC-BILL_TYPES-vhi\"]"}
COMMAND: POST /session/e1a2e03b1e5782e94bb1152ef752ddf0/element/f.04D253A817E55EB22DFE9CF0F4375160.d.2C9B1D2A310C958A41DB1C0806D9BA3E.e.6068/click - {}
RESULT: {}
COMMAND: POST /session/e1a2e03b1e5782e94bb1152ef752ddf0/execute/async - {"script":"<script> [1562 bytes]","args":[{"selector":{"id":"application-manageconditionprice-display-component---conditions--smartFilterBar-filterItemControl_BASIC-BILL_TYPES-valueHelpDialog-smartFilterBar-btnBasicSearch","searchOpenDialogs":true,"interaction":{"idSuffix":"I"}},"wdio_ui5_key":"applicationmanageconditionprice-display-component---conditions--smartFilterBar-filterItemControl_BASIC-BILL_TYPES-valueHelpDialog-smartFilterBar-btnBasicSearch"}]}
COMMAND: GET /session/e1a2e03b1e5782e94bb1152ef752ddf0/screenshot - {}
RESULT: {"script":"<script> [1562 bytes]","args":[{"selector":{"id":"application-manageconditionprice-display-component---conditions--smartFilterBar-filterItemControl_BASIC-BILL_TYPES-valueHelpDialog-smartFilterBar-btnBasicSearch","searchOpenDialogs":true,"interaction":{"idSuffix":"I"}},"wdio_ui5_key":"applicationmanageconditionprice-display-component---conditions--smartFilterBar-filterItemControl_BASIC-BILL_TYPES-valueHelpDialog-smartFilterBar-btnBasicSearch"}]}
RESULT: undefined
COMMAND: POST /session/e1a2e03b1e5782e94bb1152ef752ddf0/execute/async - {"script":"<script> [776 bytes]","args":[{"enterText":"one","selector":{"id":"application-manageconditionprice-display-component---conditions--smartFilterBar-filterItemControl_BASIC-BILL_TYPES-valueHelpDialog-smartFilterBar-btnBasicSearch","searchOpenDialogs":true,"interaction":{"idSuffix":"I"}},"clearTextFirst":true,"interactionType":"ENTER_TEXT"}]}
RESULT: {}
RESULT: {"script":"<script> [776 bytes]","args":[{"enterText":"one","selector":{"id":"application-manageconditionprice-display-component---conditions--smartFilterBar-filterItemControl_BASIC-BILL_TYPES-valueHelpDialog-smartFilterBar-btnBasicSearch","searchOpenDialogs":true,"interaction":{"idSuffix":"I"}},"clearTextFirst":true,"interactionType":"ENTER_TEXT"}]}
COMMAND: POST /session/e1a2e03b1e5782e94bb1152ef752ddf0/actions - {"actions":[{"id":"action25","type":"key","parameters":{},"actions":[{"type":"keyDown","value":""},{"type":"pause","duration":10},{"type":"keyUp","value":""}]}]}
RESULT: {"actions":[{"id":"action25","type":"key","parameters":{},"actions":[{"type":"keyDown","value":""},{"type":"pause","duration":10},{"type":"keyUp","value":""}]}]}
COMMAND: GET /session/e1a2e03b1e5782e94bb1152ef752ddf0/screenshot - {}
RESULT: {}
COMMAND: POST /session/e1a2e03b1e5782e94bb1152ef752ddf0/element - {"using":"xpath","value":"//div[contains(@id, 'application-manageconditionprice-display-component---conditions--smartFilterBar-filterItemControl_BASIC-BILL_TYPES-valueHelpDialog-table-rowsel0')]"}
RESULT: {"using":"xpath","value":"//div[contains(@id, 'application-manageconditionprice-display-component---conditions--smartFilterBar-filterItemControl_BASIC-BILL_TYPES-valueHelpDialog-table-rowsel0')]"}
COMMAND: POST /session/e1a2e03b1e5782e94bb1152ef752ddf0/element/f.04D253A817E55EB22DFE9CF0F4375160.d.2C9B1D2A310C958A41DB1C0806D9BA3E.e.6078/click - {}
RESULT: {}
COMMAND: GET /session/e1a2e03b1e5782e94bb1152ef752ddf0/screenshot - {}
RESULT: {}
COMMAND: POST /session/e1a2e03b1e5782e94bb1152ef752ddf0/element - {"using":"xpath","value":"//bdi[contains(text(), \"OK\")]"}
RESULT: {"using":"xpath","value":"//bdi[contains(text(), \"OK\")]"}
COMMAND: POST /session/e1a2e03b1e5782e94bb1152ef752ddf0/element/f.04D253A817E55EB22DFE9CF0F4375160.d.2C9B1D2A310C958A41DB1C0806D9BA3E.e.6080/click - {}
RESULT: {}
COMMAND: GET /session/e1a2e03b1e5782e94bb1152ef752ddf0/screenshot - {}
RESULT: {}
COMMAND: POST /session/e1a2e03b1e5782e94bb1152ef752ddf0/element - {"using":"xpath","value":"//span[@id=\"application-manageconditionprice-display-component---conditions--smartTable-header-inner\"]"}
RESULT: {"using":"xpath","value":"//span[@id=\"application-manageconditionprice-display-component---conditions--smartTable-header-inner\"]"}
COMMAND: POST /session/e1a2e03b1e5782e94bb1152ef752ddf0/elements - {"using":"xpath","value":"//span[@id=\"application-manageconditionprice-display-component---conditions--smartTable-header-inner\"]"}
RESULT: {"using":"xpath","value":"//span[@id=\"application-manageconditionprice-display-component---conditions--smartTable-header-inner\"]"}
COMMAND: POST /session/e1a2e03b1e5782e94bb1152ef752ddf0/execute/sync - {"script":"<script> [56 bytes]","args":[{"element-6066-11e4-a52e-4f735466cecf":"f.04D253A817E55EB22DFE9CF0F4375160.d.2C9B1D2A310C958A41DB1C0806D9BA3E.e.6083","ELEMENT":"f.04D253A817E55EB22DFE9CF0F4375160.d.2C9B1D2A310C958A41DB1C0806D9BA3E.e.6083"}]}
RESULT: {"script":"<script> [56 bytes]","args":[{"element-6066-11e4-a52e-4f735466cecf":"f.04D253A817E55EB22DFE9CF0F4375160.d.2C9B1D2A310C958A41DB1C0806D9BA3E.e.6083","ELEMENT":"f.04D253A817E55EB22DFE9CF0F4375160.d.2C9B1D2A310C958A41DB1C0806D9BA3E.e.6083"}]}
COMMAND: POST /session/e1a2e03b1e5782e94bb1152ef752ddf0/element - {"using":"css selector","value":"#shell-header-logo"}
RESULT: {"using":"css selector","value":"#shell-header-logo"}
COMMAND: POST /session/e1a2e03b1e5782e94bb1152ef752ddf0/element/f.04D253A817E55EB22DFE9CF0F4375160.d.2C9B1D2A310C958A41DB1C0806D9BA3E.e.5797/click - {}
COMMAND: GET /session/e1a2e03b1e5782e94bb1152ef752ddf0/screenshot - {}
RESULT: {}
COMMAND: GET /session/e1a2e03b1e5782e94bb1152ef752ddf0/screenshot - {}
RESULT: {}
RESULT: {}
]]></system-out>
    </testcase>
    <testcase classname="chrome.135_0_7049_42.windows.US134625_Set_up_price_condition_-_one_time" name="Should create a new contract" time="53.273">
      <system-out><![CDATA[
COMMAND: POST /session/e1a2e03b1e5782e94bb1152ef752ddf0/execute/async - {"script":"<script> [1562 bytes]","args":[{"selector":{"controlType":"sap.m.Text","viewName":"etm.portal.ui.managecontractstile.view.Master","properties":{"text":"Manage Contracts"},"interaction":{"idSuffix":"inner"}},"wdio_ui5_key":"etmportal.ui.managecontractstile.view.Mastersap.m.Text{\"text\":\"Manage Contracts\"}"}]}
RESULT: {"script":"<script> [1562 bytes]","args":[{"selector":{"controlType":"sap.m.Text","viewName":"etm.portal.ui.managecontractstile.view.Master","properties":{"text":"Manage Contracts"},"interaction":{"idSuffix":"inner"}},"wdio_ui5_key":"etmportal.ui.managecontractstile.view.Mastersap.m.Text{\"text\":\"Manage Contracts\"}"}]}
RESULT: undefined
COMMAND: POST /session/e1a2e03b1e5782e94bb1152ef752ddf0/element - {"using":"xpath","value":"//*[@id=\"__tile130-title\"]"}
RESULT: {"using":"xpath","value":"//*[@id=\"__tile130-title\"]"}
COMMAND: POST /session/e1a2e03b1e5782e94bb1152ef752ddf0/element/f.04D253A817E55EB22DFE9CF0F4375160.d.2C9B1D2A310C958A41DB1C0806D9BA3E.e.6088/click - {}
RESULT: {}
COMMAND: GET /session/e1a2e03b1e5782e94bb1152ef752ddf0/screenshot - {}
RESULT: {}
COMMAND: POST /session/e1a2e03b1e5782e94bb1152ef752ddf0/element - {"using":"xpath","value":"//button[@data-kt=\"addButton\"]"}
RESULT: undefined
RESULT: undefined
RESULT: {"using":"xpath","value":"//button[@data-kt=\"addButton\"]"}
COMMAND: POST /session/e1a2e03b1e5782e94bb1152ef752ddf0/elements - {"using":"xpath","value":"//button[@data-kt=\"addButton\"]"}
RESULT: {"using":"xpath","value":"//button[@data-kt=\"addButton\"]"}
COMMAND: POST /session/e1a2e03b1e5782e94bb1152ef752ddf0/elements - {"using":"xpath","value":"//button[@data-kt=\"addButton\"]"}
RESULT: {"using":"xpath","value":"//button[@data-kt=\"addButton\"]"}
COMMAND: POST /session/e1a2e03b1e5782e94bb1152ef752ddf0/elements - {"using":"xpath","value":"//button[@data-kt=\"addButton\"]"}
RESULT: {"using":"xpath","value":"//button[@data-kt=\"addButton\"]"}
COMMAND: POST /session/e1a2e03b1e5782e94bb1152ef752ddf0/element - {"using":"xpath","value":"//button[@data-kt=\"addButton\"]"}
RESULT: {"using":"xpath","value":"//button[@data-kt=\"addButton\"]"}
COMMAND: POST /session/e1a2e03b1e5782e94bb1152ef752ddf0/execute/sync - {"script":"<script> [8489 bytes]","args":[{"element-6066-11e4-a52e-4f735466cecf":"f.04D253A817E55EB22DFE9CF0F4375160.d.2C9B1D2A310C958A41DB1C0806D9BA3E.e.6138","ELEMENT":"f.04D253A817E55EB22DFE9CF0F4375160.d.2C9B1D2A310C958A41DB1C0806D9BA3E.e.6138"}]}
RESULT: {"script":"<script> [8489 bytes]","args":[{"element-6066-11e4-a52e-4f735466cecf":"f.04D253A817E55EB22DFE9CF0F4375160.d.2C9B1D2A310C958A41DB1C0806D9BA3E.e.6138","ELEMENT":"f.04D253A817E55EB22DFE9CF0F4375160.d.2C9B1D2A310C958A41DB1C0806D9BA3E.e.6138"}]}
COMMAND: GET /session/e1a2e03b1e5782e94bb1152ef752ddf0/element/f.04D253A817E55EB22DFE9CF0F4375160.d.2C9B1D2A310C958A41DB1C0806D9BA3E.e.6138/enabled - {}
COMMAND: GET /session/e1a2e03b1e5782e94bb1152ef752ddf0/screenshot - {}
RESULT: {}
COMMAND: POST /session/e1a2e03b1e5782e94bb1152ef752ddf0/execute/sync - {"script":"<script> [8489 bytes]","args":[{"element-6066-11e4-a52e-4f735466cecf":"f.04D253A817E55EB22DFE9CF0F4375160.d.2C9B1D2A310C958A41DB1C0806D9BA3E.e.6138","ELEMENT":"f.04D253A817E55EB22DFE9CF0F4375160.d.2C9B1D2A310C958A41DB1C0806D9BA3E.e.6138"}]}
COMMAND: GET /session/e1a2e03b1e5782e94bb1152ef752ddf0/screenshot - {}
RESULT: {}
RESULT: {"script":"<script> [8489 bytes]","args":[{"element-6066-11e4-a52e-4f735466cecf":"f.04D253A817E55EB22DFE9CF0F4375160.d.2C9B1D2A310C958A41DB1C0806D9BA3E.e.6138","ELEMENT":"f.04D253A817E55EB22DFE9CF0F4375160.d.2C9B1D2A310C958A41DB1C0806D9BA3E.e.6138"}]}
COMMAND: POST /session/e1a2e03b1e5782e94bb1152ef752ddf0/execute/sync - {"script":"<script> [5351 bytes]","args":[{"element-6066-11e4-a52e-4f735466cecf":"f.04D253A817E55EB22DFE9CF0F4375160.d.2C9B1D2A310C958A41DB1C0806D9BA3E.e.6138","ELEMENT":"f.04D253A817E55EB22DFE9CF0F4375160.d.2C9B1D2A310C958A41DB1C0806D9BA3E.e.6138"}]}
COMMAND: GET /session/e1a2e03b1e5782e94bb1152ef752ddf0/screenshot - {}
RESULT: {}
RESULT: {"script":"<script> [5351 bytes]","args":[{"element-6066-11e4-a52e-4f735466cecf":"f.04D253A817E55EB22DFE9CF0F4375160.d.2C9B1D2A310C958A41DB1C0806D9BA3E.e.6138","ELEMENT":"f.04D253A817E55EB22DFE9CF0F4375160.d.2C9B1D2A310C958A41DB1C0806D9BA3E.e.6138"}]}
COMMAND: GET /session/e1a2e03b1e5782e94bb1152ef752ddf0/screenshot - {}
RESULT: {}
RESULT: {}
COMMAND: POST /session/e1a2e03b1e5782e94bb1152ef752ddf0/element/f.04D253A817E55EB22DFE9CF0F4375160.d.2C9B1D2A310C958A41DB1C0806D9BA3E.e.6138/click - {}
RESULT: {}
COMMAND: GET /session/e1a2e03b1e5782e94bb1152ef752ddf0/screenshot - {}
COMMAND: POST /session/e1a2e03b1e5782e94bb1152ef752ddf0/execute/async - {"script":"<script> [1562 bytes]","args":[{"selector":{"id":"application-managecontracts-display-component---AddNewContract--projectDescription","interaction":{"idSuffix":"inner"}},"wdio_ui5_key":"applicationmanagecontracts-display-component---AddNewContract--projectDescription"}]}
RESULT: {}
RESULT: {"script":"<script> [1562 bytes]","args":[{"selector":{"id":"application-managecontracts-display-component---AddNewContract--projectDescription","interaction":{"idSuffix":"inner"}},"wdio_ui5_key":"applicationmanagecontracts-display-component---AddNewContract--projectDescription"}]}
RESULT: undefined
COMMAND: POST /session/e1a2e03b1e5782e94bb1152ef752ddf0/execute/async - {"script":"<script> [776 bytes]","args":[{"enterText":"Intercompany Contract WDIO","selector":{"id":"application-managecontracts-display-component---AddNewContract--projectDescription","interaction":{"idSuffix":"inner"}},"clearTextFirst":true,"interactionType":"ENTER_TEXT"}]}
RESULT: {"script":"<script> [776 bytes]","args":[{"enterText":"Intercompany Contract WDIO","selector":{"id":"application-managecontracts-display-component---AddNewContract--projectDescription","interaction":{"idSuffix":"inner"}},"clearTextFirst":true,"interactionType":"ENTER_TEXT"}]}
COMMAND: POST /session/e1a2e03b1e5782e94bb1152ef752ddf0/element - {"using":"xpath","value":"//input[@id=\"application-managecontracts-display-component---AddNewContract--site-inner\"]"}
RESULT: {"using":"xpath","value":"//input[@id=\"application-managecontracts-display-component---AddNewContract--site-inner\"]"}
COMMAND: POST /session/e1a2e03b1e5782e94bb1152ef752ddf0/element/f.04D253A817E55EB22DFE9CF0F4375160.d.2C9B1D2A310C958A41DB1C0806D9BA3E.e.6469/clear - {}
RESULT: {}
COMMAND: POST /session/e1a2e03b1e5782e94bb1152ef752ddf0/element/f.04D253A817E55EB22DFE9CF0F4375160.d.2C9B1D2A310C958A41DB1C0806D9BA3E.e.6469/value - {"text":"2104"}
COMMAND: GET /session/e1a2e03b1e5782e94bb1152ef752ddf0/screenshot - {}
RESULT: {"text":"2104"}
COMMAND: GET /session/e1a2e03b1e5782e94bb1152ef752ddf0/screenshot - {}
RESULT: {}
RESULT: {}
COMMAND: POST /session/e1a2e03b1e5782e94bb1152ef752ddf0/element - {"using":"xpath","value":"//li[.//span[text()='2104']]"}
RESULT: {"using":"xpath","value":"//li[.//span[text()='2104']]"}
COMMAND: POST /session/e1a2e03b1e5782e94bb1152ef752ddf0/element/f.04D253A817E55EB22DFE9CF0F4375160.d.2C9B1D2A310C958A41DB1C0806D9BA3E.e.6492/click - {}
RESULT: {}
COMMAND: GET /session/e1a2e03b1e5782e94bb1152ef752ddf0/screenshot - {}
RESULT: {}
COMMAND: POST /session/e1a2e03b1e5782e94bb1152ef752ddf0/element - {"using":"xpath","value":"//input[@id=\"application-managecontracts-display-component---AddNewContract--yardId-inner\"]"}
RESULT: {"using":"xpath","value":"//input[@id=\"application-managecontracts-display-component---AddNewContract--yardId-inner\"]"}
COMMAND: GET /session/e1a2e03b1e5782e94bb1152ef752ddf0/element/f.04D253A817E55EB22DFE9CF0F4375160.d.2C9B1D2A310C958A41DB1C0806D9BA3E.e.6470/property/value - {}
RESULT: {}
COMMAND: POST /session/e1a2e03b1e5782e94bb1152ef752ddf0/element - {"using":"xpath","value":"//input[@id=\"application-managecontracts-display-component---AddNewContract--customerSelect-inner\"]"}
COMMAND: GET /session/e1a2e03b1e5782e94bb1152ef752ddf0/screenshot - {}
RESULT: {"using":"xpath","value":"//input[@id=\"application-managecontracts-display-component---AddNewContract--customerSelect-inner\"]"}
COMMAND: POST /session/e1a2e03b1e5782e94bb1152ef752ddf0/element/f.04D253A817E55EB22DFE9CF0F4375160.d.2C9B1D2A310C958A41DB1C0806D9BA3E.e.6468/clear - {}
RESULT: {}
RESULT: {}
COMMAND: POST /session/e1a2e03b1e5782e94bb1152ef752ddf0/element/f.04D253A817E55EB22DFE9CF0F4375160.d.2C9B1D2A310C958A41DB1C0806D9BA3E.e.6468/value - {"text":"1115"}
COMMAND: GET /session/e1a2e03b1e5782e94bb1152ef752ddf0/screenshot - {}
RESULT: {"text":"1115"}
COMMAND: GET /session/e1a2e03b1e5782e94bb1152ef752ddf0/screenshot - {}
RESULT: {}
RESULT: {}
COMMAND: POST /session/e1a2e03b1e5782e94bb1152ef752ddf0/element - {"using":"xpath","value":"//li[.//span[text()='1115']]"}
RESULT: {"using":"xpath","value":"//li[.//span[text()='1115']]"}
COMMAND: POST /session/e1a2e03b1e5782e94bb1152ef752ddf0/element/f.04D253A817E55EB22DFE9CF0F4375160.d.2C9B1D2A310C958A41DB1C0806D9BA3E.e.6495/click - {}
RESULT: {}
COMMAND: GET /session/e1a2e03b1e5782e94bb1152ef752ddf0/screenshot - {}
RESULT: {}
COMMAND: POST /session/e1a2e03b1e5782e94bb1152ef752ddf0/element - {"using":"xpath","value":"//button[@data-kt=\"saveButton\"]"}
RESULT: {"using":"xpath","value":"//button[@data-kt=\"saveButton\"]"}
COMMAND: POST /session/e1a2e03b1e5782e94bb1152ef752ddf0/element/f.04D253A817E55EB22DFE9CF0F4375160.d.2C9B1D2A310C958A41DB1C0806D9BA3E.e.6485/click - {}
RESULT: {}
COMMAND: GET /session/e1a2e03b1e5782e94bb1152ef752ddf0/screenshot - {}
RESULT: {}
COMMAND: POST /session/e1a2e03b1e5782e94bb1152ef752ddf0/element - {"using":"xpath","value":"//span[contains(@id ,\"contractDetailTitleNoExpanded\")]"}
RESULT: {"using":"xpath","value":"//span[contains(@id ,\"contractDetailTitleNoExpanded\")]"}
COMMAND: POST /session/e1a2e03b1e5782e94bb1152ef752ddf0/elements - {"using":"xpath","value":"//span[contains(@id ,\"contractDetailTitleNoExpanded\")]"}
RESULT: {"using":"xpath","value":"//span[contains(@id ,\"contractDetailTitleNoExpanded\")]"}
COMMAND: POST /session/e1a2e03b1e5782e94bb1152ef752ddf0/execute/sync - {"script":"<script> [56 bytes]","args":[{"element-6066-11e4-a52e-4f735466cecf":"f.04D253A817E55EB22DFE9CF0F4375160.d.2C9B1D2A310C958A41DB1C0806D9BA3E.e.6513","ELEMENT":"f.04D253A817E55EB22DFE9CF0F4375160.d.2C9B1D2A310C958A41DB1C0806D9BA3E.e.6513"}]}
RESULT: {"script":"<script> [56 bytes]","args":[{"element-6066-11e4-a52e-4f735466cecf":"f.04D253A817E55EB22DFE9CF0F4375160.d.2C9B1D2A310C958A41DB1C0806D9BA3E.e.6513","ELEMENT":"f.04D253A817E55EB22DFE9CF0F4375160.d.2C9B1D2A310C958A41DB1C0806D9BA3E.e.6513"}]}
COMMAND: GET /session/e1a2e03b1e5782e94bb1152ef752ddf0/screenshot - {}
RESULT: {}
]]></system-out>
    </testcase>
    <testcase classname="chrome.135_0_7049_42.windows.US134625_Set_up_price_condition_-_one_time" name="Should add the material to the contract" time="51.229">
      <system-out><![CDATA[
COMMAND: POST /session/e1a2e03b1e5782e94bb1152ef752ddf0/element - {"using":"xpath","value":"//button[@data-kt=\"contractDetailEditBtnButton\"]"}
RESULT: {"using":"xpath","value":"//button[@data-kt=\"contractDetailEditBtnButton\"]"}
COMMAND: POST /session/e1a2e03b1e5782e94bb1152ef752ddf0/element/f.04D253A817E55EB22DFE9CF0F4375160.d.2C9B1D2A310C958A41DB1C0806D9BA3E.e.6515/click - {}
RESULT: {}
COMMAND: GET /session/e1a2e03b1e5782e94bb1152ef752ddf0/screenshot - {}
RESULT: {}
COMMAND: POST /session/e1a2e03b1e5782e94bb1152ef752ddf0/element - {"using":"xpath","value":"(//span[contains(text(), \"Additional Addresses\")])[2]"}
RESULT: {"using":"xpath","value":"(//span[contains(text(), \"Additional Addresses\")])[2]"}
COMMAND: POST /session/e1a2e03b1e5782e94bb1152ef752ddf0/element/f.04D253A817E55EB22DFE9CF0F4375160.d.2C9B1D2A310C958A41DB1C0806D9BA3E.e.6571/click - {}
RESULT: {}
COMMAND: GET /session/e1a2e03b1e5782e94bb1152ef752ddf0/screenshot - {}
RESULT: {}
COMMAND: POST /session/e1a2e03b1e5782e94bb1152ef752ddf0/element - {"using":"xpath","value":"//button[@data-kt=\"btnAddTableRowOverflowToolbarButton\"]"}
RESULT: {"using":"xpath","value":"//button[@data-kt=\"btnAddTableRowOverflowToolbarButton\"]"}
COMMAND: POST /session/e1a2e03b1e5782e94bb1152ef752ddf0/element/f.04D253A817E55EB22DFE9CF0F4375160.d.2C9B1D2A310C958A41DB1C0806D9BA3E.e.6574/click - {}
RESULT: {}
COMMAND: GET /session/e1a2e03b1e5782e94bb1152ef752ddf0/screenshot - {}
RESULT: {}
COMMAND: POST /session/e1a2e03b1e5782e94bb1152ef752ddf0/element - {"using":"xpath","value":"//div[(text() = 'Standard Entry' or . = 'Standard Entry')]"}
RESULT: {"using":"xpath","value":"//div[(text() = 'Standard Entry' or . = 'Standard Entry')]"}
COMMAND: POST /session/e1a2e03b1e5782e94bb1152ef752ddf0/element/f.04D253A817E55EB22DFE9CF0F4375160.d.2C9B1D2A310C958A41DB1C0806D9BA3E.e.6576/click - {}
RESULT: {}
COMMAND: GET /session/e1a2e03b1e5782e94bb1152ef752ddf0/screenshot - {}
RESULT: {}
COMMAND: POST /session/e1a2e03b1e5782e94bb1152ef752ddf0/element - {"using":"xpath","value":"//td[6]/div/div/div/span"}
RESULT: {"using":"xpath","value":"//td[6]/div/div/div/span"}
COMMAND: POST /session/e1a2e03b1e5782e94bb1152ef752ddf0/element/f.04D253A817E55EB22DFE9CF0F4375160.d.2C9B1D2A310C958A41DB1C0806D9BA3E.e.6588/click - {}
RESULT: {}
COMMAND: GET /session/e1a2e03b1e5782e94bb1152ef752ddf0/screenshot - {}
RESULT: {}
COMMAND: POST /session/e1a2e03b1e5782e94bb1152ef752ddf0/element - {"using":"xpath","value":"(//span[contains(text(), \"Material\")])"}
RESULT: {"using":"xpath","value":"(//span[contains(text(), \"Material\")])"}
COMMAND: POST /session/e1a2e03b1e5782e94bb1152ef752ddf0/element/f.04D253A817E55EB22DFE9CF0F4375160.d.2C9B1D2A310C958A41DB1C0806D9BA3E.e.6589/click - {}
RESULT: {}
COMMAND: GET /session/e1a2e03b1e5782e94bb1152ef752ddf0/screenshot - {}
RESULT: {}
COMMAND: POST /session/e1a2e03b1e5782e94bb1152ef752ddf0/element - {"using":"xpath","value":"//td[7]/div/div/input"}
RESULT: {"using":"xpath","value":"//td[7]/div/div/input"}
COMMAND: POST /session/e1a2e03b1e5782e94bb1152ef752ddf0/element/f.04D253A817E55EB22DFE9CF0F4375160.d.2C9B1D2A310C958A41DB1C0806D9BA3E.e.6593/clear - {}
RESULT: {}
COMMAND: POST /session/e1a2e03b1e5782e94bb1152ef752ddf0/element/f.04D253A817E55EB22DFE9CF0F4375160.d.2C9B1D2A310C958A41DB1C0806D9BA3E.e.6593/value - {"text":"200106"}
COMMAND: GET /session/e1a2e03b1e5782e94bb1152ef752ddf0/screenshot - {}
RESULT: {"text":"200106"}
COMMAND: GET /session/e1a2e03b1e5782e94bb1152ef752ddf0/screenshot - {}
RESULT: {}
RESULT: {}
COMMAND: POST /session/e1a2e03b1e5782e94bb1152ef752ddf0/actions - {"actions":[{"id":"action26","type":"key","parameters":{},"actions":[{"type":"keyDown","value":""},{"type":"pause","duration":10},{"type":"keyUp","value":""}]}]}
RESULT: {"actions":[{"id":"action26","type":"key","parameters":{},"actions":[{"type":"keyDown","value":""},{"type":"pause","duration":10},{"type":"keyUp","value":""}]}]}
COMMAND: GET /session/e1a2e03b1e5782e94bb1152ef752ddf0/screenshot - {}
RESULT: {}
COMMAND: POST /session/e1a2e03b1e5782e94bb1152ef752ddf0/element - {"using":"xpath","value":"(//button[@data-kt=\"saveButton\"])[2]"}
RESULT: {"using":"xpath","value":"(//button[@data-kt=\"saveButton\"])[2]"}
COMMAND: POST /session/e1a2e03b1e5782e94bb1152ef752ddf0/element/f.04D253A817E55EB22DFE9CF0F4375160.d.2C9B1D2A310C958A41DB1C0806D9BA3E.e.6616/click - {}
RESULT: {}
COMMAND: GET /session/e1a2e03b1e5782e94bb1152ef752ddf0/screenshot - {}
RESULT: {}
COMMAND: POST /session/e1a2e03b1e5782e94bb1152ef752ddf0/element - {"using":"xpath","value":"//span[contains(@id ,\"contractItemsSmartTable-header-inner\")]"}
RESULT: {"using":"xpath","value":"//span[contains(@id ,\"contractItemsSmartTable-header-inner\")]"}
COMMAND: POST /session/e1a2e03b1e5782e94bb1152ef752ddf0/elements - {"using":"xpath","value":"//span[contains(@id ,\"contractItemsSmartTable-header-inner\")]"}
RESULT: {"using":"xpath","value":"//span[contains(@id ,\"contractItemsSmartTable-header-inner\")]"}
COMMAND: POST /session/e1a2e03b1e5782e94bb1152ef752ddf0/execute/sync - {"script":"<script> [56 bytes]","args":[{"element-6066-11e4-a52e-4f735466cecf":"f.04D253A817E55EB22DFE9CF0F4375160.d.2C9B1D2A310C958A41DB1C0806D9BA3E.e.6623","ELEMENT":"f.04D253A817E55EB22DFE9CF0F4375160.d.2C9B1D2A310C958A41DB1C0806D9BA3E.e.6623"}]}
RESULT: {"script":"<script> [56 bytes]","args":[{"element-6066-11e4-a52e-4f735466cecf":"f.04D253A817E55EB22DFE9CF0F4375160.d.2C9B1D2A310C958A41DB1C0806D9BA3E.e.6623","ELEMENT":"f.04D253A817E55EB22DFE9CF0F4375160.d.2C9B1D2A310C958A41DB1C0806D9BA3E.e.6623"}]}
]]></system-out>
    </testcase>
    <testcase classname="chrome.135_0_7049_42.windows.US134625_Set_up_price_condition_-_one_time" name="Should verify the bill item creation and pricing condition" time="11.924">
      <system-out><![CDATA[
COMMAND: GET /session/e1a2e03b1e5782e94bb1152ef752ddf0/screenshot - {}
COMMAND: POST /session/e1a2e03b1e5782e94bb1152ef752ddf0/execute/async - {"script":"<script> [1562 bytes]","args":[{"selector":{"controlType":"sap.ui.core.Icon","viewName":"etm.portal.ui.managecontracts.view.Detail","properties":{"src":{"regex":{"source":"slim\\-arrow\\-right"}}}},"wdio_ui5_key":"etmportal.ui.managecontracts.view.Detailsap.ui.core.Icon{\"src\":{\"regex\":{\"source\":\"slim\\\\-arrow\\\\-right\"}}}"}]}
RESULT: {}
RESULT: {"script":"<script> [1562 bytes]","args":[{"selector":{"controlType":"sap.ui.core.Icon","viewName":"etm.portal.ui.managecontracts.view.Detail","properties":{"src":{"regex":{"source":"slim\\-arrow\\-right"}}}},"wdio_ui5_key":"etmportal.ui.managecontracts.view.Detailsap.ui.core.Icon{\"src\":{\"regex\":{\"source\":\"slim\\\\-arrow\\\\-right\"}}}"}]}
RESULT: undefined
COMMAND: POST /session/e1a2e03b1e5782e94bb1152ef752ddf0/element - {"using":"xpath","value":"//*[@id=\"__item975-__clone2197-imgNav\"]"}
RESULT: {"using":"xpath","value":"//*[@id=\"__item975-__clone2197-imgNav\"]"}
COMMAND: POST /session/e1a2e03b1e5782e94bb1152ef752ddf0/element/f.04D253A817E55EB22DFE9CF0F4375160.d.2C9B1D2A310C958A41DB1C0806D9BA3E.e.6624/click - {}
RESULT: {}
COMMAND: GET /session/e1a2e03b1e5782e94bb1152ef752ddf0/screenshot - {}
COMMAND: POST /session/e1a2e03b1e5782e94bb1152ef752ddf0/execute/async - {"script":"<script> [1562 bytes]","args":[{"selector":{"controlType":"sap.m.Text","viewName":"etm.portal.ui.managecontracts.view.BillingItem","viewId":"application-managecontracts-display-component---BillingItem","bindingPath":{"propertyPath":"LINK_TO_C_BILL_TYPES/DESCRIPTION"}},"wdio_ui5_key":"etmportal.ui.managecontracts.view.BillingItemsap.m.Text{\"propertyPath\":\"LINK_TO_C_BILL_TYPES/DESCRIPTION\"}"}]}
RESULT: {}
RESULT: {"script":"<script> [1562 bytes]","args":[{"selector":{"controlType":"sap.m.Text","viewName":"etm.portal.ui.managecontracts.view.BillingItem","viewId":"application-managecontracts-display-component---BillingItem","bindingPath":{"propertyPath":"LINK_TO_C_BILL_TYPES/DESCRIPTION"}},"wdio_ui5_key":"etmportal.ui.managecontracts.view.BillingItemsap.m.Text{\"propertyPath\":\"LINK_TO_C_BILL_TYPES/DESCRIPTION\"}"}]}
RESULT: undefined
COMMAND: POST /session/e1a2e03b1e5782e94bb1152ef752ddf0/execute/async - {"script":"<script> [6424 bytes]","args":[{"element-6066-11e4-a52e-4f735466cecf":"f.04D253A817E55EB22DFE9CF0F4375160.d.2C9B1D2A310C958A41DB1C0806D9BA3E.e.6638"},"getText",[]]}
RESULT: {"script":"<script> [6424 bytes]","args":[{"element-6066-11e4-a52e-4f735466cecf":"f.04D253A817E55EB22DFE9CF0F4375160.d.2C9B1D2A310C958A41DB1C0806D9BA3E.e.6638"},"getText",[]]}
COMMAND: POST /session/e1a2e03b1e5782e94bb1152ef752ddf0/execute/async - {"script":"<script> [1562 bytes]","args":[{"selector":{"controlType":"sap.m.ObjectNumber","viewName":"etm.portal.ui.managecontracts.view.BillingItem","viewId":"application-managecontracts-display-component---BillingItem","bindingPath":{"propertyPath":"BASE_PRICE"}},"wdio_ui5_key":"etmportal.ui.managecontracts.view.BillingItemsap.m.ObjectNumber{\"propertyPath\":\"BASE_PRICE\"}"}]}
RESULT: {"script":"<script> [1562 bytes]","args":[{"selector":{"controlType":"sap.m.ObjectNumber","viewName":"etm.portal.ui.managecontracts.view.BillingItem","viewId":"application-managecontracts-display-component---BillingItem","bindingPath":{"propertyPath":"BASE_PRICE"}},"wdio_ui5_key":"etmportal.ui.managecontracts.view.BillingItemsap.m.ObjectNumber{\"propertyPath\":\"BASE_PRICE\"}"}]}
RESULT: undefined
COMMAND: POST /session/e1a2e03b1e5782e94bb1152ef752ddf0/execute/async - {"script":"<script> [6424 bytes]","args":[{"element-6066-11e4-a52e-4f735466cecf":"f.04D253A817E55EB22DFE9CF0F4375160.d.2C9B1D2A310C958A41DB1C0806D9BA3E.e.6639"},"getNumber",[]]}
RESULT: {"script":"<script> [6424 bytes]","args":[{"element-6066-11e4-a52e-4f735466cecf":"f.04D253A817E55EB22DFE9CF0F4375160.d.2C9B1D2A310C958A41DB1C0806D9BA3E.e.6639"},"getNumber",[]]}
COMMAND: POST /session/e1a2e03b1e5782e94bb1152ef752ddf0/execute/async - {"script":"<script> [1562 bytes]","args":[{"selector":{"controlType":"sap.m.ObjectNumber","viewName":"etm.portal.ui.managecontracts.view.BillingItem","viewId":"application-managecontracts-display-component---BillingItem","bindingPath":{"propertyPath":"BASE_QUANTITY"}},"wdio_ui5_key":"etmportal.ui.managecontracts.view.BillingItemsap.m.ObjectNumber{\"propertyPath\":\"BASE_QUANTITY\"}"}]}
RESULT: {"script":"<script> [1562 bytes]","args":[{"selector":{"controlType":"sap.m.ObjectNumber","viewName":"etm.portal.ui.managecontracts.view.BillingItem","viewId":"application-managecontracts-display-component---BillingItem","bindingPath":{"propertyPath":"BASE_QUANTITY"}},"wdio_ui5_key":"etmportal.ui.managecontracts.view.BillingItemsap.m.ObjectNumber{\"propertyPath\":\"BASE_QUANTITY\"}"}]}
RESULT: undefined
COMMAND: POST /session/e1a2e03b1e5782e94bb1152ef752ddf0/execute/async - {"script":"<script> [6424 bytes]","args":[{"element-6066-11e4-a52e-4f735466cecf":"f.04D253A817E55EB22DFE9CF0F4375160.d.2C9B1D2A310C958A41DB1C0806D9BA3E.e.6640"},"getNumber",[]]}
RESULT: {"script":"<script> [6424 bytes]","args":[{"element-6066-11e4-a52e-4f735466cecf":"f.04D253A817E55EB22DFE9CF0F4375160.d.2C9B1D2A310C958A41DB1C0806D9BA3E.e.6640"},"getNumber",[]]}
COMMAND: DELETE /session/e1a2e03b1e5782e94bb1152ef752ddf0 - {}
RESULT: {}
]]></system-out>
    </testcase>
  </testsuite>
</testsuites>