<?xml version="1.0" encoding="UTF-8"?>
<testsuites tests="9" failures="9" errors="9" skipped="0">
  <testsuite timestamp="2025-05-10T17:56:47" time="521.074" tests="9" failures="9" errors="9" skipped="0">
    <properties>
      <property name="specId" value="0" />
      <property name="suiteName" value="Tests for Mass State Change on Manage States &amp; Performances US104416 US" />
      <property name="capabilities" value="chrome.136_0_7103_49.windows" />
      <property name="file" value="file:///D:/a/1/s/test/specs/HTR/create-mass-state-change.spec.js" />
    </properties>
  </testsuite>
</testsuites>