<?xml version="1.0" encoding="UTF-8"?>
<testsuites tests="58" failures="0" errors="0" skipped="0">
  <testsuite timestamp="2025-04-20T17:08:16" time="1046.757" tests="11" failures="0" errors="0" skipped="0">
    <properties>
      <property name="specId" value="0"/>
      <property name="suiteName" value="Billing confirm US117289"/>
      <property name="capabilities" value="chrome.135_0_7049_42.windows"/>
      <property name="file" value="file:///D:/a/1/s/test/specs/BTS/billing-confirm.spec.js"/>
    </properties>
    <testcase classname="chrome.135_0_7049_42.windows.Billing_confirm_US117289" name="Should create a new yard" time="116.041">
      <system-out><![CDATA[
COMMAND: POST /session/b0bce561eedd0ef2cd491e5795c56593/window/fullscreen - {}
RESULT: {}
COMMAND: POST /session/b0bce561eedd0ef2cd491e5795c56593/execute/async - {"script":"<script> [1562 bytes]","args":[{"selector":{"controlType":"sap.m.GenericTile","properties":{"header":"Manage Yards"}},"wdio_ui5_key":"sapm.GenericTile{\"header\":\"Manage Yards\"}"}]}
RESULT: {"script":"<script> [1562 bytes]","args":[{"selector":{"controlType":"sap.m.GenericTile","properties":{"header":"Manage Yards"}},"wdio_ui5_key":"sapm.GenericTile{\"header\":\"Manage Yards\"}"}]}
RESULT: undefined
COMMAND: POST /session/b0bce561eedd0ef2cd491e5795c56593/element - {"using":"xpath","value":"//*[@id=\"__tile41\"]"}
RESULT: {"using":"xpath","value":"//*[@id=\"__tile41\"]"}
COMMAND: POST /session/b0bce561eedd0ef2cd491e5795c56593/element/f.633F000A9FA1F61B5279087A5498CC04.d.1593A2636DD1B89FDE469C131E93805F.e.180/click - {}
RESULT: {}
COMMAND: POST /session/b0bce561eedd0ef2cd491e5795c56593/element - {"using":"xpath","value":"//button[@data-kt=\"addNewYardOverflowToolbarButton\"]"}
COMMAND: GET /session/b0bce561eedd0ef2cd491e5795c56593/screenshot - {}
RESULT: {"using":"xpath","value":"//button[@data-kt=\"addNewYardOverflowToolbarButton\"]"}
COMMAND: POST /session/b0bce561eedd0ef2cd491e5795c56593/elements - {"using":"xpath","value":"//button[@data-kt=\"addNewYardOverflowToolbarButton\"]"}
RESULT: {}
RESULT: {"using":"xpath","value":"//button[@data-kt=\"addNewYardOverflowToolbarButton\"]"}
COMMAND: POST /session/b0bce561eedd0ef2cd491e5795c56593/elements - {"using":"xpath","value":"//button[@data-kt=\"addNewYardOverflowToolbarButton\"]"}
RESULT: {"using":"xpath","value":"//button[@data-kt=\"addNewYardOverflowToolbarButton\"]"}
COMMAND: POST /session/b0bce561eedd0ef2cd491e5795c56593/elements - {"using":"xpath","value":"//button[@data-kt=\"addNewYardOverflowToolbarButton\"]"}
RESULT: {"using":"xpath","value":"//button[@data-kt=\"addNewYardOverflowToolbarButton\"]"}
COMMAND: POST /session/b0bce561eedd0ef2cd491e5795c56593/elements - {"using":"xpath","value":"//button[@data-kt=\"addNewYardOverflowToolbarButton\"]"}
RESULT: {"using":"xpath","value":"//button[@data-kt=\"addNewYardOverflowToolbarButton\"]"}
COMMAND: POST /session/b0bce561eedd0ef2cd491e5795c56593/elements - {"using":"xpath","value":"//button[@data-kt=\"addNewYardOverflowToolbarButton\"]"}
RESULT: {"using":"xpath","value":"//button[@data-kt=\"addNewYardOverflowToolbarButton\"]"}
COMMAND: POST /session/b0bce561eedd0ef2cd491e5795c56593/elements - {"using":"xpath","value":"//button[@data-kt=\"addNewYardOverflowToolbarButton\"]"}
RESULT: {"using":"xpath","value":"//button[@data-kt=\"addNewYardOverflowToolbarButton\"]"}
COMMAND: POST /session/b0bce561eedd0ef2cd491e5795c56593/elements - {"using":"xpath","value":"//button[@data-kt=\"addNewYardOverflowToolbarButton\"]"}
RESULT: {"using":"xpath","value":"//button[@data-kt=\"addNewYardOverflowToolbarButton\"]"}
COMMAND: POST /session/b0bce561eedd0ef2cd491e5795c56593/elements - {"using":"xpath","value":"//button[@data-kt=\"addNewYardOverflowToolbarButton\"]"}
RESULT: {"using":"xpath","value":"//button[@data-kt=\"addNewYardOverflowToolbarButton\"]"}
COMMAND: POST /session/b0bce561eedd0ef2cd491e5795c56593/elements - {"using":"xpath","value":"//button[@data-kt=\"addNewYardOverflowToolbarButton\"]"}
RESULT: {"using":"xpath","value":"//button[@data-kt=\"addNewYardOverflowToolbarButton\"]"}
COMMAND: POST /session/b0bce561eedd0ef2cd491e5795c56593/elements - {"using":"xpath","value":"//button[@data-kt=\"addNewYardOverflowToolbarButton\"]"}
RESULT: {"using":"xpath","value":"//button[@data-kt=\"addNewYardOverflowToolbarButton\"]"}
COMMAND: POST /session/b0bce561eedd0ef2cd491e5795c56593/elements - {"using":"xpath","value":"//button[@data-kt=\"addNewYardOverflowToolbarButton\"]"}
RESULT: {"using":"xpath","value":"//button[@data-kt=\"addNewYardOverflowToolbarButton\"]"}
COMMAND: POST /session/b0bce561eedd0ef2cd491e5795c56593/elements - {"using":"xpath","value":"//button[@data-kt=\"addNewYardOverflowToolbarButton\"]"}
RESULT: {"using":"xpath","value":"//button[@data-kt=\"addNewYardOverflowToolbarButton\"]"}
COMMAND: POST /session/b0bce561eedd0ef2cd491e5795c56593/elements - {"using":"xpath","value":"//button[@data-kt=\"addNewYardOverflowToolbarButton\"]"}
RESULT: {"using":"xpath","value":"//button[@data-kt=\"addNewYardOverflowToolbarButton\"]"}
COMMAND: POST /session/b0bce561eedd0ef2cd491e5795c56593/elements - {"using":"xpath","value":"//button[@data-kt=\"addNewYardOverflowToolbarButton\"]"}
RESULT: {"using":"xpath","value":"//button[@data-kt=\"addNewYardOverflowToolbarButton\"]"}
COMMAND: POST /session/b0bce561eedd0ef2cd491e5795c56593/elements - {"using":"xpath","value":"//button[@data-kt=\"addNewYardOverflowToolbarButton\"]"}
RESULT: {"using":"xpath","value":"//button[@data-kt=\"addNewYardOverflowToolbarButton\"]"}
COMMAND: POST /session/b0bce561eedd0ef2cd491e5795c56593/elements - {"using":"xpath","value":"//button[@data-kt=\"addNewYardOverflowToolbarButton\"]"}
RESULT: {"using":"xpath","value":"//button[@data-kt=\"addNewYardOverflowToolbarButton\"]"}
COMMAND: POST /session/b0bce561eedd0ef2cd491e5795c56593/elements - {"using":"xpath","value":"//button[@data-kt=\"addNewYardOverflowToolbarButton\"]"}
RESULT: {"using":"xpath","value":"//button[@data-kt=\"addNewYardOverflowToolbarButton\"]"}
COMMAND: POST /session/b0bce561eedd0ef2cd491e5795c56593/elements - {"using":"xpath","value":"//button[@data-kt=\"addNewYardOverflowToolbarButton\"]"}
RESULT: {"using":"xpath","value":"//button[@data-kt=\"addNewYardOverflowToolbarButton\"]"}
COMMAND: POST /session/b0bce561eedd0ef2cd491e5795c56593/elements - {"using":"xpath","value":"//button[@data-kt=\"addNewYardOverflowToolbarButton\"]"}
RESULT: {"using":"xpath","value":"//button[@data-kt=\"addNewYardOverflowToolbarButton\"]"}
COMMAND: POST /session/b0bce561eedd0ef2cd491e5795c56593/elements - {"using":"xpath","value":"//button[@data-kt=\"addNewYardOverflowToolbarButton\"]"}
RESULT: {"using":"xpath","value":"//button[@data-kt=\"addNewYardOverflowToolbarButton\"]"}
COMMAND: POST /session/b0bce561eedd0ef2cd491e5795c56593/elements - {"using":"xpath","value":"//button[@data-kt=\"addNewYardOverflowToolbarButton\"]"}
RESULT: {"using":"xpath","value":"//button[@data-kt=\"addNewYardOverflowToolbarButton\"]"}
COMMAND: POST /session/b0bce561eedd0ef2cd491e5795c56593/elements - {"using":"xpath","value":"//button[@data-kt=\"addNewYardOverflowToolbarButton\"]"}
RESULT: {"using":"xpath","value":"//button[@data-kt=\"addNewYardOverflowToolbarButton\"]"}
COMMAND: POST /session/b0bce561eedd0ef2cd491e5795c56593/elements - {"using":"xpath","value":"//button[@data-kt=\"addNewYardOverflowToolbarButton\"]"}
RESULT: {"using":"xpath","value":"//button[@data-kt=\"addNewYardOverflowToolbarButton\"]"}
COMMAND: POST /session/b0bce561eedd0ef2cd491e5795c56593/elements - {"using":"xpath","value":"//button[@data-kt=\"addNewYardOverflowToolbarButton\"]"}
RESULT: {"using":"xpath","value":"//button[@data-kt=\"addNewYardOverflowToolbarButton\"]"}
COMMAND: POST /session/b0bce561eedd0ef2cd491e5795c56593/elements - {"using":"xpath","value":"//button[@data-kt=\"addNewYardOverflowToolbarButton\"]"}
RESULT: {"using":"xpath","value":"//button[@data-kt=\"addNewYardOverflowToolbarButton\"]"}
COMMAND: POST /session/b0bce561eedd0ef2cd491e5795c56593/elements - {"using":"xpath","value":"//button[@data-kt=\"addNewYardOverflowToolbarButton\"]"}
RESULT: {"using":"xpath","value":"//button[@data-kt=\"addNewYardOverflowToolbarButton\"]"}
COMMAND: POST /session/b0bce561eedd0ef2cd491e5795c56593/elements - {"using":"xpath","value":"//button[@data-kt=\"addNewYardOverflowToolbarButton\"]"}
RESULT: {"using":"xpath","value":"//button[@data-kt=\"addNewYardOverflowToolbarButton\"]"}
COMMAND: POST /session/b0bce561eedd0ef2cd491e5795c56593/elements - {"using":"xpath","value":"//button[@data-kt=\"addNewYardOverflowToolbarButton\"]"}
RESULT: {"using":"xpath","value":"//button[@data-kt=\"addNewYardOverflowToolbarButton\"]"}
COMMAND: POST /session/b0bce561eedd0ef2cd491e5795c56593/elements - {"using":"xpath","value":"//button[@data-kt=\"addNewYardOverflowToolbarButton\"]"}
RESULT: {"using":"xpath","value":"//button[@data-kt=\"addNewYardOverflowToolbarButton\"]"}
COMMAND: POST /session/b0bce561eedd0ef2cd491e5795c56593/elements - {"using":"xpath","value":"//button[@data-kt=\"addNewYardOverflowToolbarButton\"]"}
RESULT: {"using":"xpath","value":"//button[@data-kt=\"addNewYardOverflowToolbarButton\"]"}
COMMAND: POST /session/b0bce561eedd0ef2cd491e5795c56593/elements - {"using":"xpath","value":"//button[@data-kt=\"addNewYardOverflowToolbarButton\"]"}
RESULT: {"using":"xpath","value":"//button[@data-kt=\"addNewYardOverflowToolbarButton\"]"}
COMMAND: POST /session/b0bce561eedd0ef2cd491e5795c56593/element - {"using":"xpath","value":"//button[@data-kt=\"addNewYardOverflowToolbarButton\"]"}
RESULT: {"using":"xpath","value":"//button[@data-kt=\"addNewYardOverflowToolbarButton\"]"}
COMMAND: POST /session/b0bce561eedd0ef2cd491e5795c56593/execute/sync - {"script":"<script> [8489 bytes]","args":[{"element-6066-11e4-a52e-4f735466cecf":"f.633F000A9FA1F61B5279087A5498CC04.d.1593A2636DD1B89FDE469C131E93805F.e.315","ELEMENT":"f.633F000A9FA1F61B5279087A5498CC04.d.1593A2636DD1B89FDE469C131E93805F.e.315"}]}
RESULT: {"script":"<script> [8489 bytes]","args":[{"element-6066-11e4-a52e-4f735466cecf":"f.633F000A9FA1F61B5279087A5498CC04.d.1593A2636DD1B89FDE469C131E93805F.e.315","ELEMENT":"f.633F000A9FA1F61B5279087A5498CC04.d.1593A2636DD1B89FDE469C131E93805F.e.315"}]}
COMMAND: GET /session/b0bce561eedd0ef2cd491e5795c56593/element/f.633F000A9FA1F61B5279087A5498CC04.d.1593A2636DD1B89FDE469C131E93805F.e.315/enabled - {}
COMMAND: GET /session/b0bce561eedd0ef2cd491e5795c56593/screenshot - {}
RESULT: {}
COMMAND: POST /session/b0bce561eedd0ef2cd491e5795c56593/execute/sync - {"script":"<script> [8489 bytes]","args":[{"element-6066-11e4-a52e-4f735466cecf":"f.633F000A9FA1F61B5279087A5498CC04.d.1593A2636DD1B89FDE469C131E93805F.e.315","ELEMENT":"f.633F000A9FA1F61B5279087A5498CC04.d.1593A2636DD1B89FDE469C131E93805F.e.315"}]}
COMMAND: GET /session/b0bce561eedd0ef2cd491e5795c56593/screenshot - {}
RESULT: {}
RESULT: {"script":"<script> [8489 bytes]","args":[{"element-6066-11e4-a52e-4f735466cecf":"f.633F000A9FA1F61B5279087A5498CC04.d.1593A2636DD1B89FDE469C131E93805F.e.315","ELEMENT":"f.633F000A9FA1F61B5279087A5498CC04.d.1593A2636DD1B89FDE469C131E93805F.e.315"}]}
COMMAND: POST /session/b0bce561eedd0ef2cd491e5795c56593/execute/sync - {"script":"<script> [5351 bytes]","args":[{"element-6066-11e4-a52e-4f735466cecf":"f.633F000A9FA1F61B5279087A5498CC04.d.1593A2636DD1B89FDE469C131E93805F.e.315","ELEMENT":"f.633F000A9FA1F61B5279087A5498CC04.d.1593A2636DD1B89FDE469C131E93805F.e.315"}]}
COMMAND: GET /session/b0bce561eedd0ef2cd491e5795c56593/screenshot - {}
RESULT: {}
RESULT: {"script":"<script> [5351 bytes]","args":[{"element-6066-11e4-a52e-4f735466cecf":"f.633F000A9FA1F61B5279087A5498CC04.d.1593A2636DD1B89FDE469C131E93805F.e.315","ELEMENT":"f.633F000A9FA1F61B5279087A5498CC04.d.1593A2636DD1B89FDE469C131E93805F.e.315"}]}
COMMAND: POST /session/b0bce561eedd0ef2cd491e5795c56593/element/f.633F000A9FA1F61B5279087A5498CC04.d.1593A2636DD1B89FDE469C131E93805F.e.315/click - {}
COMMAND: GET /session/b0bce561eedd0ef2cd491e5795c56593/screenshot - {}
RESULT: {}
RESULT: {}
COMMAND: GET /session/b0bce561eedd0ef2cd491e5795c56593/screenshot - {}
COMMAND: POST /session/b0bce561eedd0ef2cd491e5795c56593/element - {"using":"xpath","value":"//input[@id=\"application-manageyards-display-component---NewYard--yardId-inner\"]"}
RESULT: {}
RESULT: {}
RESULT: {"using":"xpath","value":"//input[@id=\"application-manageyards-display-component---NewYard--yardId-inner\"]"}
COMMAND: POST /session/b0bce561eedd0ef2cd491e5795c56593/element - {"using":"xpath","value":"//input[@id=\"application-manageyards-display-component---NewYard--yardId-inner\"]"}
RESULT: {"using":"xpath","value":"//input[@id=\"application-manageyards-display-component---NewYard--yardId-inner\"]"}
COMMAND: POST /session/b0bce561eedd0ef2cd491e5795c56593/execute/async - {"script":"<script> [1562 bytes]","args":[{"selector":{"id":"application-manageyards-display-component---NewYard--addressDetailDetailsName1","interaction":{"idSuffix":"inner"}},"wdio_ui5_key":"applicationmanageyards-display-component---NewYard--addressDetailDetailsName1"}]}
RESULT: {"script":"<script> [1562 bytes]","args":[{"selector":{"id":"application-manageyards-display-component---NewYard--addressDetailDetailsName1","interaction":{"idSuffix":"inner"}},"wdio_ui5_key":"applicationmanageyards-display-component---NewYard--addressDetailDetailsName1"}]}
RESULT: undefined
COMMAND: POST /session/b0bce561eedd0ef2cd491e5795c56593/execute/async - {"script":"<script> [776 bytes]","args":[{"enterText":"Intracompany Yard wdIO","selector":{"id":"application-manageyards-display-component---NewYard--addressDetailDetailsName1","interaction":{"idSuffix":"inner"}},"clearTextFirst":true,"interactionType":"ENTER_TEXT"}]}
RESULT: {"script":"<script> [776 bytes]","args":[{"enterText":"Intracompany Yard wdIO","selector":{"id":"application-manageyards-display-component---NewYard--addressDetailDetailsName1","interaction":{"idSuffix":"inner"}},"clearTextFirst":true,"interactionType":"ENTER_TEXT"}]}
COMMAND: POST /session/b0bce561eedd0ef2cd491e5795c56593/execute/async - {"script":"<script> [1562 bytes]","args":[{"selector":{"id":"application-manageyards-display-component---NewYard--addressDetailDetailsLanguage-arrow"},"wdio_ui5_key":"applicationmanageyards-display-component---NewYard--addressDetailDetailsLanguage-arrow"}]}
RESULT: {"script":"<script> [1562 bytes]","args":[{"selector":{"id":"application-manageyards-display-component---NewYard--addressDetailDetailsLanguage-arrow"},"wdio_ui5_key":"applicationmanageyards-display-component---NewYard--addressDetailDetailsLanguage-arrow"}]}
RESULT: undefined
COMMAND: POST /session/b0bce561eedd0ef2cd491e5795c56593/element - {"using":"xpath","value":"//*[@id=\"application-manageyards-display-component---NewYard--addressDetailDetailsLanguage-arrow\"]"}
RESULT: {"using":"xpath","value":"//*[@id=\"application-manageyards-display-component---NewYard--addressDetailDetailsLanguage-arrow\"]"}
COMMAND: POST /session/b0bce561eedd0ef2cd491e5795c56593/element/f.633F000A9FA1F61B5279087A5498CC04.d.1593A2636DD1B89FDE469C131E93805F.e.736/click - {}
RESULT: {}
COMMAND: POST /session/b0bce561eedd0ef2cd491e5795c56593/element - {"using":"xpath","value":"//span[contains(text(), \"English\")]"}
COMMAND: GET /session/b0bce561eedd0ef2cd491e5795c56593/screenshot - {}
RESULT: {"using":"xpath","value":"//span[contains(text(), \"English\")]"}
COMMAND: POST /session/b0bce561eedd0ef2cd491e5795c56593/element/f.633F000A9FA1F61B5279087A5498CC04.d.1593A2636DD1B89FDE469C131E93805F.e.737/click - {}
RESULT: {}
RESULT: {}
COMMAND: POST /session/b0bce561eedd0ef2cd491e5795c56593/execute/async - {"script":"<script> [1562 bytes]","args":[{"selector":{"id":"application-manageyards-display-component---NewYard--addressDetailDetailsCity1","interaction":{"idSuffix":"inner"}},"wdio_ui5_key":"applicationmanageyards-display-component---NewYard--addressDetailDetailsCity1"}]}
COMMAND: GET /session/b0bce561eedd0ef2cd491e5795c56593/screenshot - {}
RESULT: {"script":"<script> [1562 bytes]","args":[{"selector":{"id":"application-manageyards-display-component---NewYard--addressDetailDetailsCity1","interaction":{"idSuffix":"inner"}},"wdio_ui5_key":"applicationmanageyards-display-component---NewYard--addressDetailDetailsCity1"}]}
RESULT: undefined
COMMAND: POST /session/b0bce561eedd0ef2cd491e5795c56593/execute/async - {"script":"<script> [776 bytes]","args":[{"enterText":"Rosario","selector":{"id":"application-manageyards-display-component---NewYard--addressDetailDetailsCity1","interaction":{"idSuffix":"inner"}},"clearTextFirst":true,"interactionType":"ENTER_TEXT"}]}
RESULT: {}
RESULT: {"script":"<script> [776 bytes]","args":[{"enterText":"Rosario","selector":{"id":"application-manageyards-display-component---NewYard--addressDetailDetailsCity1","interaction":{"idSuffix":"inner"}},"clearTextFirst":true,"interactionType":"ENTER_TEXT"}]}
COMMAND: POST /session/b0bce561eedd0ef2cd491e5795c56593/execute/async - {"script":"<script> [1562 bytes]","args":[{"selector":{"id":"application-manageyards-display-component---NewYard--addressDetailDetailsCountry-arrow"},"wdio_ui5_key":"applicationmanageyards-display-component---NewYard--addressDetailDetailsCountry-arrow"}]}
RESULT: {"script":"<script> [1562 bytes]","args":[{"selector":{"id":"application-manageyards-display-component---NewYard--addressDetailDetailsCountry-arrow"},"wdio_ui5_key":"applicationmanageyards-display-component---NewYard--addressDetailDetailsCountry-arrow"}]}
RESULT: undefined
COMMAND: POST /session/b0bce561eedd0ef2cd491e5795c56593/element - {"using":"xpath","value":"//*[@id=\"application-manageyards-display-component---NewYard--addressDetailDetailsCountry-arrow\"]"}
RESULT: {"using":"xpath","value":"//*[@id=\"application-manageyards-display-component---NewYard--addressDetailDetailsCountry-arrow\"]"}
COMMAND: POST /session/b0bce561eedd0ef2cd491e5795c56593/element/f.633F000A9FA1F61B5279087A5498CC04.d.1593A2636DD1B89FDE469C131E93805F.e.739/click - {}
RESULT: {}
COMMAND: POST /session/b0bce561eedd0ef2cd491e5795c56593/element - {"using":"xpath","value":"//span[contains(text(), \"Argentina\")]"}
COMMAND: GET /session/b0bce561eedd0ef2cd491e5795c56593/screenshot - {}
RESULT: {"using":"xpath","value":"//span[contains(text(), \"Argentina\")]"}
COMMAND: POST /session/b0bce561eedd0ef2cd491e5795c56593/element/f.633F000A9FA1F61B5279087A5498CC04.d.1593A2636DD1B89FDE469C131E93805F.e.741/click - {}
RESULT: {}
RESULT: {}
COMMAND: POST /session/b0bce561eedd0ef2cd491e5795c56593/execute/async - {"script":"<script> [1562 bytes]","args":[{"selector":{"id":"application-manageyards-display-component---NewYard--addressEditDetailsCostObjectCstType-arrow"},"wdio_ui5_key":"applicationmanageyards-display-component---NewYard--addressEditDetailsCostObjectCstType-arrow"}]}
COMMAND: GET /session/b0bce561eedd0ef2cd491e5795c56593/screenshot - {}
RESULT: {"script":"<script> [1562 bytes]","args":[{"selector":{"id":"application-manageyards-display-component---NewYard--addressEditDetailsCostObjectCstType-arrow"},"wdio_ui5_key":"applicationmanageyards-display-component---NewYard--addressEditDetailsCostObjectCstType-arrow"}]}
RESULT: undefined
COMMAND: POST /session/b0bce561eedd0ef2cd491e5795c56593/element - {"using":"xpath","value":"//*[@id=\"application-manageyards-display-component---NewYard--addressEditDetailsCostObjectCstType-arrow\"]"}
RESULT: {}
RESULT: {"using":"xpath","value":"//*[@id=\"application-manageyards-display-component---NewYard--addressEditDetailsCostObjectCstType-arrow\"]"}
COMMAND: POST /session/b0bce561eedd0ef2cd491e5795c56593/element/f.633F000A9FA1F61B5279087A5498CC04.d.1593A2636DD1B89FDE469C131E93805F.e.742/click - {}
RESULT: {}
COMMAND: POST /session/b0bce561eedd0ef2cd491e5795c56593/element - {"using":"xpath","value":"//span[contains(text(), \"Cost Center\")]"}
COMMAND: GET /session/b0bce561eedd0ef2cd491e5795c56593/screenshot - {}
RESULT: {"using":"xpath","value":"//span[contains(text(), \"Cost Center\")]"}
COMMAND: POST /session/b0bce561eedd0ef2cd491e5795c56593/element/f.633F000A9FA1F61B5279087A5498CC04.d.1593A2636DD1B89FDE469C131E93805F.e.743/click - {}
RESULT: {}
RESULT: {}
COMMAND: GET /session/b0bce561eedd0ef2cd491e5795c56593/screenshot - {}
RESULT: {}
COMMAND: POST /session/b0bce561eedd0ef2cd491e5795c56593/element - {"using":"xpath","value":"//span[@id=\"application-manageyards-display-component---NewYard--addressNewCostObjectCstID-vhi\"]"}
RESULT: {"using":"xpath","value":"//span[@id=\"application-manageyards-display-component---NewYard--addressNewCostObjectCstID-vhi\"]"}
COMMAND: POST /session/b0bce561eedd0ef2cd491e5795c56593/execute/sync - {"script":"<script> [8489 bytes]","args":[{"element-6066-11e4-a52e-4f735466cecf":"f.633F000A9FA1F61B5279087A5498CC04.d.1593A2636DD1B89FDE469C131E93805F.e.746","ELEMENT":"f.633F000A9FA1F61B5279087A5498CC04.d.1593A2636DD1B89FDE469C131E93805F.e.746"}]}
RESULT: {"script":"<script> [8489 bytes]","args":[{"element-6066-11e4-a52e-4f735466cecf":"f.633F000A9FA1F61B5279087A5498CC04.d.1593A2636DD1B89FDE469C131E93805F.e.746","ELEMENT":"f.633F000A9FA1F61B5279087A5498CC04.d.1593A2636DD1B89FDE469C131E93805F.e.746"}]}
COMMAND: POST /session/b0bce561eedd0ef2cd491e5795c56593/execute/async - {"script":"<script> [1562 bytes]","args":[{"selector":{"id":"application-manageyards-display-component---NewYard--addressNewCostObjectCstID-vhi"},"wdio_ui5_key":"applicationmanageyards-display-component---NewYard--addressNewCostObjectCstID-vhi"}]}
COMMAND: GET /session/b0bce561eedd0ef2cd491e5795c56593/screenshot - {}
RESULT: {"script":"<script> [1562 bytes]","args":[{"selector":{"id":"application-manageyards-display-component---NewYard--addressNewCostObjectCstID-vhi"},"wdio_ui5_key":"applicationmanageyards-display-component---NewYard--addressNewCostObjectCstID-vhi"}]}
RESULT: undefined
COMMAND: POST /session/b0bce561eedd0ef2cd491e5795c56593/element - {"using":"xpath","value":"//*[@id=\"application-manageyards-display-component---NewYard--addressNewCostObjectCstID-vhi\"]"}
RESULT: {}
RESULT: {"using":"xpath","value":"//*[@id=\"application-manageyards-display-component---NewYard--addressNewCostObjectCstID-vhi\"]"}
COMMAND: POST /session/b0bce561eedd0ef2cd491e5795c56593/element/f.633F000A9FA1F61B5279087A5498CC04.d.1593A2636DD1B89FDE469C131E93805F.e.746/click - {}
RESULT: {}
COMMAND: GET /session/b0bce561eedd0ef2cd491e5795c56593/screenshot - {}
RESULT: {}
COMMAND: POST /session/b0bce561eedd0ef2cd491e5795c56593/execute/async - {"script":"<script> [1562 bytes]","args":[{"selector":{"controlType":"sap.m.SearchField","properties":{"placeholder":"Search"},"searchOpenDialogs":true,"interaction":{"idSuffix":"I"}},"wdio_ui5_key":"sapm.SearchField{\"placeholder\":\"Search\"}"}]}
RESULT: {"script":"<script> [1562 bytes]","args":[{"selector":{"controlType":"sap.m.SearchField","properties":{"placeholder":"Search"},"searchOpenDialogs":true,"interaction":{"idSuffix":"I"}},"wdio_ui5_key":"sapm.SearchField{\"placeholder\":\"Search\"}"}]}
RESULT: undefined
COMMAND: POST /session/b0bce561eedd0ef2cd491e5795c56593/execute/async - {"script":"<script> [776 bytes]","args":[{"enterText":"10001013","selector":{"controlType":"sap.m.SearchField","properties":{"placeholder":"Search"},"searchOpenDialogs":true,"interaction":{"idSuffix":"I"}},"clearTextFirst":true,"interactionType":"ENTER_TEXT"}]}
RESULT: {"script":"<script> [776 bytes]","args":[{"enterText":"10001013","selector":{"controlType":"sap.m.SearchField","properties":{"placeholder":"Search"},"searchOpenDialogs":true,"interaction":{"idSuffix":"I"}},"clearTextFirst":true,"interactionType":"ENTER_TEXT"}]}
COMMAND: POST /session/b0bce561eedd0ef2cd491e5795c56593/actions - {"actions":[{"id":"action1","type":"key","parameters":{},"actions":[{"type":"keyDown","value":""},{"type":"pause","duration":10},{"type":"keyUp","value":""}]}]}
RESULT: {"actions":[{"id":"action1","type":"key","parameters":{},"actions":[{"type":"keyDown","value":""},{"type":"pause","duration":10},{"type":"keyUp","value":""}]}]}
COMMAND: GET /session/b0bce561eedd0ef2cd491e5795c56593/screenshot - {}
RESULT: {}
COMMAND: POST /session/b0bce561eedd0ef2cd491e5795c56593/element - {"using":"xpath","value":"//span[contains(text(), \"General Management\")]"}
RESULT: {"using":"xpath","value":"//span[contains(text(), \"General Management\")]"}
COMMAND: POST /session/b0bce561eedd0ef2cd491e5795c56593/element/f.633F000A9FA1F61B5279087A5498CC04.d.1593A2636DD1B89FDE469C131E93805F.e.786/click - {}
RESULT: {}
COMMAND: GET /session/b0bce561eedd0ef2cd491e5795c56593/screenshot - {}
RESULT: {}
COMMAND: POST /session/b0bce561eedd0ef2cd491e5795c56593/element - {"using":"xpath","value":"//bdi[contains(text(), \"OK\")]"}
RESULT: {"using":"xpath","value":"//bdi[contains(text(), \"OK\")]"}
COMMAND: POST /session/b0bce561eedd0ef2cd491e5795c56593/element/f.633F000A9FA1F61B5279087A5498CC04.d.1593A2636DD1B89FDE469C131E93805F.e.787/click - {}
RESULT: {}
COMMAND: GET /session/b0bce561eedd0ef2cd491e5795c56593/screenshot - {}
RESULT: {}
COMMAND: POST /session/b0bce561eedd0ef2cd491e5795c56593/execute/async - {"script":"<script> [1562 bytes]","args":[{"selector":{"id":"application-manageyards-display-component---NewYard--addressEditDetailsCurrency-arrow"},"wdio_ui5_key":"applicationmanageyards-display-component---NewYard--addressEditDetailsCurrency-arrow"}]}
RESULT: {"script":"<script> [1562 bytes]","args":[{"selector":{"id":"application-manageyards-display-component---NewYard--addressEditDetailsCurrency-arrow"},"wdio_ui5_key":"applicationmanageyards-display-component---NewYard--addressEditDetailsCurrency-arrow"}]}
RESULT: undefined
COMMAND: POST /session/b0bce561eedd0ef2cd491e5795c56593/element - {"using":"xpath","value":"//*[@id=\"application-manageyards-display-component---NewYard--addressEditDetailsCurrency-arrow\"]"}
RESULT: {"using":"xpath","value":"//*[@id=\"application-manageyards-display-component---NewYard--addressEditDetailsCurrency-arrow\"]"}
COMMAND: POST /session/b0bce561eedd0ef2cd491e5795c56593/element/f.633F000A9FA1F61B5279087A5498CC04.d.1593A2636DD1B89FDE469C131E93805F.e.790/click - {}
RESULT: {}
COMMAND: POST /session/b0bce561eedd0ef2cd491e5795c56593/element - {"using":"xpath","value":"//span[contains(text(), \"Euro\")]"}
COMMAND: GET /session/b0bce561eedd0ef2cd491e5795c56593/screenshot - {}
RESULT: {"using":"xpath","value":"//span[contains(text(), \"Euro\")]"}
COMMAND: POST /session/b0bce561eedd0ef2cd491e5795c56593/element/f.633F000A9FA1F61B5279087A5498CC04.d.1593A2636DD1B89FDE469C131E93805F.e.791/click - {}
RESULT: {}
RESULT: {}
COMMAND: POST /session/b0bce561eedd0ef2cd491e5795c56593/execute/async - {"script":"<script> [1562 bytes]","args":[{"selector":{"controlType":"sap.m.Input","viewName":"etm.portal.ui.manageyards.view.New","viewId":"application-manageyards-display-component---NewYard","bindingPath":{"path":"","propertyPath":"/CONTROLLING_AREA","modelName":"NewYardModel"},"interaction":{"idSuffix":"inner"}},"wdio_ui5_key":"etmportal.ui.manageyards.view.Newsap.m.Input{\"path\":\"\",\"propertyPath\":\"/CONTROLLING_AREA\",\"modelName\":\"NewYardModel\"}"}]}
COMMAND: GET /session/b0bce561eedd0ef2cd491e5795c56593/screenshot - {}
RESULT: {"script":"<script> [1562 bytes]","args":[{"selector":{"controlType":"sap.m.Input","viewName":"etm.portal.ui.manageyards.view.New","viewId":"application-manageyards-display-component---NewYard","bindingPath":{"path":"","propertyPath":"/CONTROLLING_AREA","modelName":"NewYardModel"},"interaction":{"idSuffix":"inner"}},"wdio_ui5_key":"etmportal.ui.manageyards.view.Newsap.m.Input{\"path\":\"\",\"propertyPath\":\"/CONTROLLING_AREA\",\"modelName\":\"NewYardModel\"}"}]}
RESULT: undefined
COMMAND: POST /session/b0bce561eedd0ef2cd491e5795c56593/execute/async - {"script":"<script> [776 bytes]","args":[{"enterText":"Z001","selector":{"controlType":"sap.m.Input","viewName":"etm.portal.ui.manageyards.view.New","viewId":"application-manageyards-display-component---NewYard","bindingPath":{"path":"","propertyPath":"/CONTROLLING_AREA","modelName":"NewYardModel"},"interaction":{"idSuffix":"inner"}},"clearTextFirst":true,"interactionType":"ENTER_TEXT"}]}
RESULT: {}
RESULT: {"script":"<script> [776 bytes]","args":[{"enterText":"Z001","selector":{"controlType":"sap.m.Input","viewName":"etm.portal.ui.manageyards.view.New","viewId":"application-manageyards-display-component---NewYard","bindingPath":{"path":"","propertyPath":"/CONTROLLING_AREA","modelName":"NewYardModel"},"interaction":{"idSuffix":"inner"}},"clearTextFirst":true,"interactionType":"ENTER_TEXT"}]}
COMMAND: POST /session/b0bce561eedd0ef2cd491e5795c56593/execute/async - {"script":"<script> [1562 bytes]","args":[{"selector":{"id":"application-manageyards-display-component---NewYard--companyCodeComboBox","interaction":{"idSuffix":"inner"}},"wdio_ui5_key":"applicationmanageyards-display-component---NewYard--companyCodeComboBox"}]}
RESULT: {"script":"<script> [1562 bytes]","args":[{"selector":{"id":"application-manageyards-display-component---NewYard--companyCodeComboBox","interaction":{"idSuffix":"inner"}},"wdio_ui5_key":"applicationmanageyards-display-component---NewYard--companyCodeComboBox"}]}
RESULT: undefined
COMMAND: POST /session/b0bce561eedd0ef2cd491e5795c56593/execute/async - {"script":"<script> [776 bytes]","args":[{"enterText":"1000","selector":{"id":"application-manageyards-display-component---NewYard--companyCodeComboBox","interaction":{"idSuffix":"inner"}},"clearTextFirst":true,"interactionType":"ENTER_TEXT"}]}
RESULT: {"script":"<script> [776 bytes]","args":[{"enterText":"1000","selector":{"id":"application-manageyards-display-component---NewYard--companyCodeComboBox","interaction":{"idSuffix":"inner"}},"clearTextFirst":true,"interactionType":"ENTER_TEXT"}]}
COMMAND: POST /session/b0bce561eedd0ef2cd491e5795c56593/execute/async - {"script":"<script> [1562 bytes]","args":[{"selector":{"controlType":"sap.m.Input","viewName":"etm.portal.ui.manageyards.view.New","viewId":"application-manageyards-display-component---NewYard","bindingPath":{"path":"","propertyPath":"/PLANT","modelName":"NewYardModel"},"interaction":{"idSuffix":"inner"}},"wdio_ui5_key":"etmportal.ui.manageyards.view.Newsap.m.Input{\"path\":\"\",\"propertyPath\":\"/PLANT\",\"modelName\":\"NewYardModel\"}"}]}
RESULT: {"script":"<script> [1562 bytes]","args":[{"selector":{"controlType":"sap.m.Input","viewName":"etm.portal.ui.manageyards.view.New","viewId":"application-manageyards-display-component---NewYard","bindingPath":{"path":"","propertyPath":"/PLANT","modelName":"NewYardModel"},"interaction":{"idSuffix":"inner"}},"wdio_ui5_key":"etmportal.ui.manageyards.view.Newsap.m.Input{\"path\":\"\",\"propertyPath\":\"/PLANT\",\"modelName\":\"NewYardModel\"}"}]}
RESULT: undefined
COMMAND: POST /session/b0bce561eedd0ef2cd491e5795c56593/execute/async - {"script":"<script> [776 bytes]","args":[{"enterText":"1001","selector":{"controlType":"sap.m.Input","viewName":"etm.portal.ui.manageyards.view.New","viewId":"application-manageyards-display-component---NewYard","bindingPath":{"path":"","propertyPath":"/PLANT","modelName":"NewYardModel"},"interaction":{"idSuffix":"inner"}},"clearTextFirst":true,"interactionType":"ENTER_TEXT"}]}
RESULT: {"script":"<script> [776 bytes]","args":[{"enterText":"1001","selector":{"controlType":"sap.m.Input","viewName":"etm.portal.ui.manageyards.view.New","viewId":"application-manageyards-display-component---NewYard","bindingPath":{"path":"","propertyPath":"/PLANT","modelName":"NewYardModel"},"interaction":{"idSuffix":"inner"}},"clearTextFirst":true,"interactionType":"ENTER_TEXT"}]}
COMMAND: POST /session/b0bce561eedd0ef2cd491e5795c56593/execute/async - {"script":"<script> [1562 bytes]","args":[{"selector":{"controlType":"sap.m.Input","viewName":"etm.portal.ui.manageyards.view.New","viewId":"application-manageyards-display-component---NewYard","bindingPath":{"path":"","propertyPath":"/SALES_AREA_VKORG","modelName":"NewYardModel"},"interaction":{"idSuffix":"inner"}},"wdio_ui5_key":"etmportal.ui.manageyards.view.Newsap.m.Input{\"path\":\"\",\"propertyPath\":\"/SALES_AREA_VKORG\",\"modelName\":\"NewYardModel\"}"}]}
RESULT: {"script":"<script> [1562 bytes]","args":[{"selector":{"controlType":"sap.m.Input","viewName":"etm.portal.ui.manageyards.view.New","viewId":"application-manageyards-display-component---NewYard","bindingPath":{"path":"","propertyPath":"/SALES_AREA_VKORG","modelName":"NewYardModel"},"interaction":{"idSuffix":"inner"}},"wdio_ui5_key":"etmportal.ui.manageyards.view.Newsap.m.Input{\"path\":\"\",\"propertyPath\":\"/SALES_AREA_VKORG\",\"modelName\":\"NewYardModel\"}"}]}
RESULT: undefined
COMMAND: POST /session/b0bce561eedd0ef2cd491e5795c56593/execute/async - {"script":"<script> [776 bytes]","args":[{"enterText":"C002","selector":{"controlType":"sap.m.Input","viewName":"etm.portal.ui.manageyards.view.New","viewId":"application-manageyards-display-component---NewYard","bindingPath":{"path":"","propertyPath":"/SALES_AREA_VKORG","modelName":"NewYardModel"},"interaction":{"idSuffix":"inner"}},"clearTextFirst":true,"interactionType":"ENTER_TEXT"}]}
RESULT: {"script":"<script> [776 bytes]","args":[{"enterText":"C002","selector":{"controlType":"sap.m.Input","viewName":"etm.portal.ui.manageyards.view.New","viewId":"application-manageyards-display-component---NewYard","bindingPath":{"path":"","propertyPath":"/SALES_AREA_VKORG","modelName":"NewYardModel"},"interaction":{"idSuffix":"inner"}},"clearTextFirst":true,"interactionType":"ENTER_TEXT"}]}
COMMAND: POST /session/b0bce561eedd0ef2cd491e5795c56593/execute/async - {"script":"<script> [1562 bytes]","args":[{"selector":{"controlType":"sap.m.Input","viewName":"etm.portal.ui.manageyards.view.New","viewId":"application-manageyards-display-component---NewYard","bindingPath":{"path":"","propertyPath":"/SALES_AREA_VTWEG","modelName":"NewYardModel"},"interaction":{"idSuffix":"inner"}},"wdio_ui5_key":"etmportal.ui.manageyards.view.Newsap.m.Input{\"path\":\"\",\"propertyPath\":\"/SALES_AREA_VTWEG\",\"modelName\":\"NewYardModel\"}"}]}
RESULT: {"script":"<script> [1562 bytes]","args":[{"selector":{"controlType":"sap.m.Input","viewName":"etm.portal.ui.manageyards.view.New","viewId":"application-manageyards-display-component---NewYard","bindingPath":{"path":"","propertyPath":"/SALES_AREA_VTWEG","modelName":"NewYardModel"},"interaction":{"idSuffix":"inner"}},"wdio_ui5_key":"etmportal.ui.manageyards.view.Newsap.m.Input{\"path\":\"\",\"propertyPath\":\"/SALES_AREA_VTWEG\",\"modelName\":\"NewYardModel\"}"}]}
RESULT: undefined
COMMAND: POST /session/b0bce561eedd0ef2cd491e5795c56593/execute/async - {"script":"<script> [776 bytes]","args":[{"enterText":"C2","selector":{"controlType":"sap.m.Input","viewName":"etm.portal.ui.manageyards.view.New","viewId":"application-manageyards-display-component---NewYard","bindingPath":{"path":"","propertyPath":"/SALES_AREA_VTWEG","modelName":"NewYardModel"},"interaction":{"idSuffix":"inner"}},"clearTextFirst":true,"interactionType":"ENTER_TEXT"}]}
RESULT: {"script":"<script> [776 bytes]","args":[{"enterText":"C2","selector":{"controlType":"sap.m.Input","viewName":"etm.portal.ui.manageyards.view.New","viewId":"application-manageyards-display-component---NewYard","bindingPath":{"path":"","propertyPath":"/SALES_AREA_VTWEG","modelName":"NewYardModel"},"interaction":{"idSuffix":"inner"}},"clearTextFirst":true,"interactionType":"ENTER_TEXT"}]}
COMMAND: POST /session/b0bce561eedd0ef2cd491e5795c56593/execute/async - {"script":"<script> [1562 bytes]","args":[{"selector":{"controlType":"sap.m.Input","viewName":"etm.portal.ui.manageyards.view.New","viewId":"application-manageyards-display-component---NewYard","bindingPath":{"path":"","propertyPath":"/SALES_AREA_SPART","modelName":"NewYardModel"},"interaction":{"idSuffix":"inner"}},"wdio_ui5_key":"etmportal.ui.manageyards.view.Newsap.m.Input{\"path\":\"\",\"propertyPath\":\"/SALES_AREA_SPART\",\"modelName\":\"NewYardModel\"}"}]}
RESULT: {"script":"<script> [1562 bytes]","args":[{"selector":{"controlType":"sap.m.Input","viewName":"etm.portal.ui.manageyards.view.New","viewId":"application-manageyards-display-component---NewYard","bindingPath":{"path":"","propertyPath":"/SALES_AREA_SPART","modelName":"NewYardModel"},"interaction":{"idSuffix":"inner"}},"wdio_ui5_key":"etmportal.ui.manageyards.view.Newsap.m.Input{\"path\":\"\",\"propertyPath\":\"/SALES_AREA_SPART\",\"modelName\":\"NewYardModel\"}"}]}
RESULT: undefined
COMMAND: POST /session/b0bce561eedd0ef2cd491e5795c56593/execute/async - {"script":"<script> [776 bytes]","args":[{"enterText":"C2","selector":{"controlType":"sap.m.Input","viewName":"etm.portal.ui.manageyards.view.New","viewId":"application-manageyards-display-component---NewYard","bindingPath":{"path":"","propertyPath":"/SALES_AREA_SPART","modelName":"NewYardModel"},"interaction":{"idSuffix":"inner"}},"clearTextFirst":true,"interactionType":"ENTER_TEXT"}]}
RESULT: {"script":"<script> [776 bytes]","args":[{"enterText":"C2","selector":{"controlType":"sap.m.Input","viewName":"etm.portal.ui.manageyards.view.New","viewId":"application-manageyards-display-component---NewYard","bindingPath":{"path":"","propertyPath":"/SALES_AREA_SPART","modelName":"NewYardModel"},"interaction":{"idSuffix":"inner"}},"clearTextFirst":true,"interactionType":"ENTER_TEXT"}]}
COMMAND: POST /session/b0bce561eedd0ef2cd491e5795c56593/execute/async - {"script":"<script> [1562 bytes]","args":[{"selector":{"controlType":"sap.m.Input","viewName":"etm.portal.ui.manageyards.view.New","viewId":"application-manageyards-display-component---NewYard","bindingPath":{"path":"","propertyPath":"/SHIP_POINT","modelName":"NewYardModel"},"interaction":{"idSuffix":"inner"}},"wdio_ui5_key":"etmportal.ui.manageyards.view.Newsap.m.Input{\"path\":\"\",\"propertyPath\":\"/SHIP_POINT\",\"modelName\":\"NewYardModel\"}"}]}
RESULT: {"script":"<script> [1562 bytes]","args":[{"selector":{"controlType":"sap.m.Input","viewName":"etm.portal.ui.manageyards.view.New","viewId":"application-manageyards-display-component---NewYard","bindingPath":{"path":"","propertyPath":"/SHIP_POINT","modelName":"NewYardModel"},"interaction":{"idSuffix":"inner"}},"wdio_ui5_key":"etmportal.ui.manageyards.view.Newsap.m.Input{\"path\":\"\",\"propertyPath\":\"/SHIP_POINT\",\"modelName\":\"NewYardModel\"}"}]}
RESULT: undefined
COMMAND: POST /session/b0bce561eedd0ef2cd491e5795c56593/execute/async - {"script":"<script> [776 bytes]","args":[{"enterText":"1710","selector":{"controlType":"sap.m.Input","viewName":"etm.portal.ui.manageyards.view.New","viewId":"application-manageyards-display-component---NewYard","bindingPath":{"path":"","propertyPath":"/SHIP_POINT","modelName":"NewYardModel"},"interaction":{"idSuffix":"inner"}},"clearTextFirst":true,"interactionType":"ENTER_TEXT"}]}
RESULT: {"script":"<script> [776 bytes]","args":[{"enterText":"1710","selector":{"controlType":"sap.m.Input","viewName":"etm.portal.ui.manageyards.view.New","viewId":"application-manageyards-display-component---NewYard","bindingPath":{"path":"","propertyPath":"/SHIP_POINT","modelName":"NewYardModel"},"interaction":{"idSuffix":"inner"}},"clearTextFirst":true,"interactionType":"ENTER_TEXT"}]}
COMMAND: POST /session/b0bce561eedd0ef2cd491e5795c56593/execute/async - {"script":"<script> [1562 bytes]","args":[{"selector":{"controlType":"sap.m.Input","viewName":"etm.portal.ui.manageyards.view.New","viewId":"application-manageyards-display-component---NewYard","bindingPath":{"path":"","propertyPath":"/DELIVERY_TYPE","modelName":"NewYardModel"},"interaction":{"idSuffix":"inner"}},"wdio_ui5_key":"etmportal.ui.manageyards.view.Newsap.m.Input{\"path\":\"\",\"propertyPath\":\"/DELIVERY_TYPE\",\"modelName\":\"NewYardModel\"}"}]}
RESULT: {"script":"<script> [1562 bytes]","args":[{"selector":{"controlType":"sap.m.Input","viewName":"etm.portal.ui.manageyards.view.New","viewId":"application-manageyards-display-component---NewYard","bindingPath":{"path":"","propertyPath":"/DELIVERY_TYPE","modelName":"NewYardModel"},"interaction":{"idSuffix":"inner"}},"wdio_ui5_key":"etmportal.ui.manageyards.view.Newsap.m.Input{\"path\":\"\",\"propertyPath\":\"/DELIVERY_TYPE\",\"modelName\":\"NewYardModel\"}"}]}
RESULT: undefined
COMMAND: POST /session/b0bce561eedd0ef2cd491e5795c56593/execute/async - {"script":"<script> [776 bytes]","args":[{"enterText":"ZL01","selector":{"controlType":"sap.m.Input","viewName":"etm.portal.ui.manageyards.view.New","viewId":"application-manageyards-display-component---NewYard","bindingPath":{"path":"","propertyPath":"/DELIVERY_TYPE","modelName":"NewYardModel"},"interaction":{"idSuffix":"inner"}},"clearTextFirst":true,"interactionType":"ENTER_TEXT"}]}
RESULT: {"script":"<script> [776 bytes]","args":[{"enterText":"ZL01","selector":{"controlType":"sap.m.Input","viewName":"etm.portal.ui.manageyards.view.New","viewId":"application-manageyards-display-component---NewYard","bindingPath":{"path":"","propertyPath":"/DELIVERY_TYPE","modelName":"NewYardModel"},"interaction":{"idSuffix":"inner"}},"clearTextFirst":true,"interactionType":"ENTER_TEXT"}]}
COMMAND: POST /session/b0bce561eedd0ef2cd491e5795c56593/execute/async - {"script":"<script> [1562 bytes]","args":[{"selector":{"controlType":"sap.m.Input","viewName":"etm.portal.ui.manageyards.view.New","viewId":"application-manageyards-display-component---NewYard","bindingPath":{"path":"","propertyPath":"/AUART","modelName":"NewYardModel"},"interaction":{"idSuffix":"inner"}},"wdio_ui5_key":"etmportal.ui.manageyards.view.Newsap.m.Input{\"path\":\"\",\"propertyPath\":\"/AUART\",\"modelName\":\"NewYardModel\"}"}]}
RESULT: {"script":"<script> [1562 bytes]","args":[{"selector":{"controlType":"sap.m.Input","viewName":"etm.portal.ui.manageyards.view.New","viewId":"application-manageyards-display-component---NewYard","bindingPath":{"path":"","propertyPath":"/AUART","modelName":"NewYardModel"},"interaction":{"idSuffix":"inner"}},"wdio_ui5_key":"etmportal.ui.manageyards.view.Newsap.m.Input{\"path\":\"\",\"propertyPath\":\"/AUART\",\"modelName\":\"NewYardModel\"}"}]}
RESULT: undefined
COMMAND: POST /session/b0bce561eedd0ef2cd491e5795c56593/execute/async - {"script":"<script> [776 bytes]","args":[{"enterText":"TA","selector":{"controlType":"sap.m.Input","viewName":"etm.portal.ui.manageyards.view.New","viewId":"application-manageyards-display-component---NewYard","bindingPath":{"path":"","propertyPath":"/AUART","modelName":"NewYardModel"},"interaction":{"idSuffix":"inner"}},"clearTextFirst":true,"interactionType":"ENTER_TEXT"}]}
RESULT: {"script":"<script> [776 bytes]","args":[{"enterText":"TA","selector":{"controlType":"sap.m.Input","viewName":"etm.portal.ui.manageyards.view.New","viewId":"application-manageyards-display-component---NewYard","bindingPath":{"path":"","propertyPath":"/AUART","modelName":"NewYardModel"},"interaction":{"idSuffix":"inner"}},"clearTextFirst":true,"interactionType":"ENTER_TEXT"}]}
COMMAND: POST /session/b0bce561eedd0ef2cd491e5795c56593/element - {"using":"xpath","value":"//button[@data-kt=\"newYardSaveButton\"]"}
RESULT: {"using":"xpath","value":"//button[@data-kt=\"newYardSaveButton\"]"}
COMMAND: POST /session/b0bce561eedd0ef2cd491e5795c56593/element/f.633F000A9FA1F61B5279087A5498CC04.d.1593A2636DD1B89FDE469C131E93805F.e.729/click - {}
RESULT: {}
COMMAND: GET /session/b0bce561eedd0ef2cd491e5795c56593/screenshot - {}
RESULT: {}
COMMAND: POST /session/b0bce561eedd0ef2cd491e5795c56593/element - {"using":"xpath","value":"//header[contains(@id, 'ObjectPageLayout-headerTitle')]/div[1]/div[2]/div[1]/span[1]"}
RESULT: {"using":"xpath","value":"//header[contains(@id, 'ObjectPageLayout-headerTitle')]/div[1]/div[2]/div[1]/span[1]"}
COMMAND: POST /session/b0bce561eedd0ef2cd491e5795c56593/elements - {"using":"xpath","value":"//header[contains(@id, 'ObjectPageLayout-headerTitle')]/div[1]/div[2]/div[1]/span[1]"}
RESULT: {"using":"xpath","value":"//header[contains(@id, 'ObjectPageLayout-headerTitle')]/div[1]/div[2]/div[1]/span[1]"}
COMMAND: POST /session/b0bce561eedd0ef2cd491e5795c56593/execute/sync - {"script":"<script> [56 bytes]","args":[{"element-6066-11e4-a52e-4f735466cecf":"f.633F000A9FA1F61B5279087A5498CC04.d.1593A2636DD1B89FDE469C131E93805F.e.1014","ELEMENT":"f.633F000A9FA1F61B5279087A5498CC04.d.1593A2636DD1B89FDE469C131E93805F.e.1014"}]}
RESULT: {"script":"<script> [56 bytes]","args":[{"element-6066-11e4-a52e-4f735466cecf":"f.633F000A9FA1F61B5279087A5498CC04.d.1593A2636DD1B89FDE469C131E93805F.e.1014","ELEMENT":"f.633F000A9FA1F61B5279087A5498CC04.d.1593A2636DD1B89FDE469C131E93805F.e.1014"}]}
COMMAND: GET /session/b0bce561eedd0ef2cd491e5795c56593/screenshot - {}
RESULT: {}
COMMAND: POST /session/b0bce561eedd0ef2cd491e5795c56593/element - {"using":"css selector","value":"#shell-header-logo"}
RESULT: {"using":"css selector","value":"#shell-header-logo"}
COMMAND: POST /session/b0bce561eedd0ef2cd491e5795c56593/element/f.633F000A9FA1F61B5279087A5498CC04.d.1593A2636DD1B89FDE469C131E93805F.e.284/click - {}
RESULT: {}
COMMAND: GET /session/b0bce561eedd0ef2cd491e5795c56593/screenshot - {}
RESULT: {}
COMMAND: POST /session/b0bce561eedd0ef2cd491e5795c56593/execute/sync - {"script":"<script> [299 bytes]","args":[["getModel","getResource"]]}
RESULT: {"script":"<script> [299 bytes]","args":[["getModel","getResource"]]}
]]></system-out>
    </testcase>
    <testcase classname="chrome.135_0_7049_42.windows.Billing_confirm_US117289" name="Should create a new partner" time="133.826">
      <system-out><![CDATA[
COMMAND: GET /session/b0bce561eedd0ef2cd491e5795c56593/screenshot - {}
COMMAND: POST /session/b0bce561eedd0ef2cd491e5795c56593/window/fullscreen - {}
RESULT: {}
COMMAND: POST /session/b0bce561eedd0ef2cd491e5795c56593/execute/async - {"script":"<script> [1562 bytes]","args":[{"selector":{"controlType":"sap.m.GenericTile","properties":{"header":"Manage Partners"}},"wdio_ui5_key":"sapm.GenericTile{\"header\":\"Manage Partners\"}"}]}
RESULT: {}
RESULT: {"script":"<script> [1562 bytes]","args":[{"selector":{"controlType":"sap.m.GenericTile","properties":{"header":"Manage Partners"}},"wdio_ui5_key":"sapm.GenericTile{\"header\":\"Manage Partners\"}"}]}
RESULT: undefined
COMMAND: POST /session/b0bce561eedd0ef2cd491e5795c56593/element - {"using":"xpath","value":"//*[@id=\"__tile38\"]"}
RESULT: {"using":"xpath","value":"//*[@id=\"__tile38\"]"}
COMMAND: POST /session/b0bce561eedd0ef2cd491e5795c56593/element/f.633F000A9FA1F61B5279087A5498CC04.d.1593A2636DD1B89FDE469C131E93805F.e.171/click - {}
RESULT: {}
COMMAND: POST /session/b0bce561eedd0ef2cd491e5795c56593/element - {"using":"xpath","value":"//button[@data-kt=\"addButton\"]"}
COMMAND: GET /session/b0bce561eedd0ef2cd491e5795c56593/screenshot - {}
RESULT: {"using":"xpath","value":"//button[@data-kt=\"addButton\"]"}
COMMAND: POST /session/b0bce561eedd0ef2cd491e5795c56593/elements - {"using":"xpath","value":"//button[@data-kt=\"addButton\"]"}
RESULT: {}
RESULT: {"using":"xpath","value":"//button[@data-kt=\"addButton\"]"}
COMMAND: POST /session/b0bce561eedd0ef2cd491e5795c56593/elements - {"using":"xpath","value":"//button[@data-kt=\"addButton\"]"}
RESULT: {"using":"xpath","value":"//button[@data-kt=\"addButton\"]"}
COMMAND: POST /session/b0bce561eedd0ef2cd491e5795c56593/elements - {"using":"xpath","value":"//button[@data-kt=\"addButton\"]"}
RESULT: {"using":"xpath","value":"//button[@data-kt=\"addButton\"]"}
COMMAND: POST /session/b0bce561eedd0ef2cd491e5795c56593/elements - {"using":"xpath","value":"//button[@data-kt=\"addButton\"]"}
RESULT: {"using":"xpath","value":"//button[@data-kt=\"addButton\"]"}
COMMAND: POST /session/b0bce561eedd0ef2cd491e5795c56593/elements - {"using":"xpath","value":"//button[@data-kt=\"addButton\"]"}
RESULT: {"using":"xpath","value":"//button[@data-kt=\"addButton\"]"}
COMMAND: POST /session/b0bce561eedd0ef2cd491e5795c56593/elements - {"using":"xpath","value":"//button[@data-kt=\"addButton\"]"}
RESULT: {"using":"xpath","value":"//button[@data-kt=\"addButton\"]"}
COMMAND: POST /session/b0bce561eedd0ef2cd491e5795c56593/elements - {"using":"xpath","value":"//button[@data-kt=\"addButton\"]"}
RESULT: {"using":"xpath","value":"//button[@data-kt=\"addButton\"]"}
COMMAND: POST /session/b0bce561eedd0ef2cd491e5795c56593/elements - {"using":"xpath","value":"//button[@data-kt=\"addButton\"]"}
RESULT: {"using":"xpath","value":"//button[@data-kt=\"addButton\"]"}
COMMAND: POST /session/b0bce561eedd0ef2cd491e5795c56593/elements - {"using":"xpath","value":"//button[@data-kt=\"addButton\"]"}
RESULT: {"using":"xpath","value":"//button[@data-kt=\"addButton\"]"}
COMMAND: POST /session/b0bce561eedd0ef2cd491e5795c56593/elements - {"using":"xpath","value":"//button[@data-kt=\"addButton\"]"}
RESULT: {"using":"xpath","value":"//button[@data-kt=\"addButton\"]"}
COMMAND: POST /session/b0bce561eedd0ef2cd491e5795c56593/elements - {"using":"xpath","value":"//button[@data-kt=\"addButton\"]"}
RESULT: {"using":"xpath","value":"//button[@data-kt=\"addButton\"]"}
COMMAND: POST /session/b0bce561eedd0ef2cd491e5795c56593/elements - {"using":"xpath","value":"//button[@data-kt=\"addButton\"]"}
RESULT: {"using":"xpath","value":"//button[@data-kt=\"addButton\"]"}
COMMAND: POST /session/b0bce561eedd0ef2cd491e5795c56593/elements - {"using":"xpath","value":"//button[@data-kt=\"addButton\"]"}
RESULT: {"using":"xpath","value":"//button[@data-kt=\"addButton\"]"}
COMMAND: POST /session/b0bce561eedd0ef2cd491e5795c56593/elements - {"using":"xpath","value":"//button[@data-kt=\"addButton\"]"}
RESULT: {"using":"xpath","value":"//button[@data-kt=\"addButton\"]"}
COMMAND: POST /session/b0bce561eedd0ef2cd491e5795c56593/elements - {"using":"xpath","value":"//button[@data-kt=\"addButton\"]"}
RESULT: {"using":"xpath","value":"//button[@data-kt=\"addButton\"]"}
COMMAND: POST /session/b0bce561eedd0ef2cd491e5795c56593/elements - {"using":"xpath","value":"//button[@data-kt=\"addButton\"]"}
RESULT: {"using":"xpath","value":"//button[@data-kt=\"addButton\"]"}
COMMAND: POST /session/b0bce561eedd0ef2cd491e5795c56593/element - {"using":"xpath","value":"//button[@data-kt=\"addButton\"]"}
RESULT: {"using":"xpath","value":"//button[@data-kt=\"addButton\"]"}
COMMAND: POST /session/b0bce561eedd0ef2cd491e5795c56593/execute/sync - {"script":"<script> [8489 bytes]","args":[{"element-6066-11e4-a52e-4f735466cecf":"f.633F000A9FA1F61B5279087A5498CC04.d.1593A2636DD1B89FDE469C131E93805F.e.1051","ELEMENT":"f.633F000A9FA1F61B5279087A5498CC04.d.1593A2636DD1B89FDE469C131E93805F.e.1051"}]}
RESULT: {"script":"<script> [8489 bytes]","args":[{"element-6066-11e4-a52e-4f735466cecf":"f.633F000A9FA1F61B5279087A5498CC04.d.1593A2636DD1B89FDE469C131E93805F.e.1051","ELEMENT":"f.633F000A9FA1F61B5279087A5498CC04.d.1593A2636DD1B89FDE469C131E93805F.e.1051"}]}
COMMAND: GET /session/b0bce561eedd0ef2cd491e5795c56593/element/f.633F000A9FA1F61B5279087A5498CC04.d.1593A2636DD1B89FDE469C131E93805F.e.1051/enabled - {}
COMMAND: GET /session/b0bce561eedd0ef2cd491e5795c56593/screenshot - {}
RESULT: {}
COMMAND: POST /session/b0bce561eedd0ef2cd491e5795c56593/execute/sync - {"script":"<script> [8489 bytes]","args":[{"element-6066-11e4-a52e-4f735466cecf":"f.633F000A9FA1F61B5279087A5498CC04.d.1593A2636DD1B89FDE469C131E93805F.e.1051","ELEMENT":"f.633F000A9FA1F61B5279087A5498CC04.d.1593A2636DD1B89FDE469C131E93805F.e.1051"}]}
COMMAND: GET /session/b0bce561eedd0ef2cd491e5795c56593/screenshot - {}
RESULT: {}
RESULT: {"script":"<script> [8489 bytes]","args":[{"element-6066-11e4-a52e-4f735466cecf":"f.633F000A9FA1F61B5279087A5498CC04.d.1593A2636DD1B89FDE469C131E93805F.e.1051","ELEMENT":"f.633F000A9FA1F61B5279087A5498CC04.d.1593A2636DD1B89FDE469C131E93805F.e.1051"}]}
COMMAND: POST /session/b0bce561eedd0ef2cd491e5795c56593/execute/sync - {"script":"<script> [5351 bytes]","args":[{"element-6066-11e4-a52e-4f735466cecf":"f.633F000A9FA1F61B5279087A5498CC04.d.1593A2636DD1B89FDE469C131E93805F.e.1051","ELEMENT":"f.633F000A9FA1F61B5279087A5498CC04.d.1593A2636DD1B89FDE469C131E93805F.e.1051"}]}
COMMAND: GET /session/b0bce561eedd0ef2cd491e5795c56593/screenshot - {}
RESULT: {}
RESULT: {"script":"<script> [5351 bytes]","args":[{"element-6066-11e4-a52e-4f735466cecf":"f.633F000A9FA1F61B5279087A5498CC04.d.1593A2636DD1B89FDE469C131E93805F.e.1051","ELEMENT":"f.633F000A9FA1F61B5279087A5498CC04.d.1593A2636DD1B89FDE469C131E93805F.e.1051"}]}
COMMAND: POST /session/b0bce561eedd0ef2cd491e5795c56593/element/f.633F000A9FA1F61B5279087A5498CC04.d.1593A2636DD1B89FDE469C131E93805F.e.1051/click - {}
COMMAND: GET /session/b0bce561eedd0ef2cd491e5795c56593/screenshot - {}
RESULT: {}
RESULT: {}
COMMAND: GET /session/b0bce561eedd0ef2cd491e5795c56593/screenshot - {}
COMMAND: POST /session/b0bce561eedd0ef2cd491e5795c56593/execute/async - {"script":"<script> [1562 bytes]","args":[{"selector":{"id":"application-managepartners-display-component---NewPartner--addressDetailDetailsName1","interaction":{"idSuffix":"inner"}},"wdio_ui5_key":"applicationmanagepartners-display-component---NewPartner--addressDetailDetailsName1"}]}
RESULT: {}
RESULT: {}
RESULT: {"script":"<script> [1562 bytes]","args":[{"selector":{"id":"application-managepartners-display-component---NewPartner--addressDetailDetailsName1","interaction":{"idSuffix":"inner"}},"wdio_ui5_key":"applicationmanagepartners-display-component---NewPartner--addressDetailDetailsName1"}]}
RESULT: undefined
COMMAND: POST /session/b0bce561eedd0ef2cd491e5795c56593/execute/async - {"script":"<script> [776 bytes]","args":[{"enterText":"Intracompany Partner WDIO","selector":{"id":"application-managepartners-display-component---NewPartner--addressDetailDetailsName1","interaction":{"idSuffix":"inner"}},"clearTextFirst":true,"interactionType":"ENTER_TEXT"}]}
RESULT: {"script":"<script> [776 bytes]","args":[{"enterText":"Intracompany Partner WDIO","selector":{"id":"application-managepartners-display-component---NewPartner--addressDetailDetailsName1","interaction":{"idSuffix":"inner"}},"clearTextFirst":true,"interactionType":"ENTER_TEXT"}]}
COMMAND: POST /session/b0bce561eedd0ef2cd491e5795c56593/execute/async - {"script":"<script> [1562 bytes]","args":[{"selector":{"id":"application-managepartners-display-component---NewPartner--addressDetailDetailsLanguage-arrow"},"wdio_ui5_key":"applicationmanagepartners-display-component---NewPartner--addressDetailDetailsLanguage-arrow"}]}
RESULT: {"script":"<script> [1562 bytes]","args":[{"selector":{"id":"application-managepartners-display-component---NewPartner--addressDetailDetailsLanguage-arrow"},"wdio_ui5_key":"applicationmanagepartners-display-component---NewPartner--addressDetailDetailsLanguage-arrow"}]}
RESULT: undefined
COMMAND: POST /session/b0bce561eedd0ef2cd491e5795c56593/element - {"using":"xpath","value":"//*[@id=\"application-managepartners-display-component---NewPartner--addressDetailDetailsLanguage-arrow\"]"}
RESULT: {"using":"xpath","value":"//*[@id=\"application-managepartners-display-component---NewPartner--addressDetailDetailsLanguage-arrow\"]"}
COMMAND: POST /session/b0bce561eedd0ef2cd491e5795c56593/element/f.633F000A9FA1F61B5279087A5498CC04.d.1593A2636DD1B89FDE469C131E93805F.e.1494/click - {}
RESULT: {}
COMMAND: POST /session/b0bce561eedd0ef2cd491e5795c56593/element - {"using":"xpath","value":"//span[contains(text(), \"English\")]"}
COMMAND: GET /session/b0bce561eedd0ef2cd491e5795c56593/screenshot - {}
RESULT: {"using":"xpath","value":"//span[contains(text(), \"English\")]"}
COMMAND: POST /session/b0bce561eedd0ef2cd491e5795c56593/element/f.633F000A9FA1F61B5279087A5498CC04.d.1593A2636DD1B89FDE469C131E93805F.e.1495/click - {}
RESULT: {}
RESULT: {}
COMMAND: GET /session/b0bce561eedd0ef2cd491e5795c56593/screenshot - {}
RESULT: {}
COMMAND: POST /session/b0bce561eedd0ef2cd491e5795c56593/execute/async - {"script":"<script> [1562 bytes]","args":[{"selector":{"id":"application-managepartners-display-component---NewPartner--addressDetailDetailsCity1","interaction":{"idSuffix":"inner"}},"wdio_ui5_key":"applicationmanagepartners-display-component---NewPartner--addressDetailDetailsCity1"}]}
RESULT: {"script":"<script> [1562 bytes]","args":[{"selector":{"id":"application-managepartners-display-component---NewPartner--addressDetailDetailsCity1","interaction":{"idSuffix":"inner"}},"wdio_ui5_key":"applicationmanagepartners-display-component---NewPartner--addressDetailDetailsCity1"}]}
RESULT: undefined
COMMAND: POST /session/b0bce561eedd0ef2cd491e5795c56593/execute/async - {"script":"<script> [776 bytes]","args":[{"enterText":"Rosario","selector":{"id":"application-managepartners-display-component---NewPartner--addressDetailDetailsCity1","interaction":{"idSuffix":"inner"}},"clearTextFirst":true,"interactionType":"ENTER_TEXT"}]}
RESULT: {"script":"<script> [776 bytes]","args":[{"enterText":"Rosario","selector":{"id":"application-managepartners-display-component---NewPartner--addressDetailDetailsCity1","interaction":{"idSuffix":"inner"}},"clearTextFirst":true,"interactionType":"ENTER_TEXT"}]}
COMMAND: POST /session/b0bce561eedd0ef2cd491e5795c56593/execute/async - {"script":"<script> [1562 bytes]","args":[{"selector":{"id":"application-managepartners-display-component---NewPartner--addressDetailDetailsCountry-arrow"},"wdio_ui5_key":"applicationmanagepartners-display-component---NewPartner--addressDetailDetailsCountry-arrow"}]}
RESULT: {"script":"<script> [1562 bytes]","args":[{"selector":{"id":"application-managepartners-display-component---NewPartner--addressDetailDetailsCountry-arrow"},"wdio_ui5_key":"applicationmanagepartners-display-component---NewPartner--addressDetailDetailsCountry-arrow"}]}
RESULT: undefined
COMMAND: POST /session/b0bce561eedd0ef2cd491e5795c56593/element - {"using":"xpath","value":"//*[@id=\"application-managepartners-display-component---NewPartner--addressDetailDetailsCountry-arrow\"]"}
RESULT: {"using":"xpath","value":"//*[@id=\"application-managepartners-display-component---NewPartner--addressDetailDetailsCountry-arrow\"]"}
COMMAND: POST /session/b0bce561eedd0ef2cd491e5795c56593/element/f.633F000A9FA1F61B5279087A5498CC04.d.1593A2636DD1B89FDE469C131E93805F.e.1454/click - {}
RESULT: {}
COMMAND: POST /session/b0bce561eedd0ef2cd491e5795c56593/element - {"using":"xpath","value":"//span[contains(text(), \"Argentina\")]"}
COMMAND: GET /session/b0bce561eedd0ef2cd491e5795c56593/screenshot - {}
RESULT: {"using":"xpath","value":"//span[contains(text(), \"Argentina\")]"}
COMMAND: POST /session/b0bce561eedd0ef2cd491e5795c56593/element/f.633F000A9FA1F61B5279087A5498CC04.d.1593A2636DD1B89FDE469C131E93805F.e.1497/click - {}
RESULT: {}
RESULT: {}
COMMAND: GET /session/b0bce561eedd0ef2cd491e5795c56593/screenshot - {}
RESULT: {}
COMMAND: POST /session/b0bce561eedd0ef2cd491e5795c56593/element - {"using":"xpath","value":"//bdi[contains(text(), \"Commercial\")]"}
RESULT: {"using":"xpath","value":"//bdi[contains(text(), \"Commercial\")]"}
COMMAND: POST /session/b0bce561eedd0ef2cd491e5795c56593/element/f.633F000A9FA1F61B5279087A5498CC04.d.1593A2636DD1B89FDE469C131E93805F.e.1498/click - {}
RESULT: {}
COMMAND: GET /session/b0bce561eedd0ef2cd491e5795c56593/screenshot - {}
RESULT: {}
COMMAND: POST /session/b0bce561eedd0ef2cd491e5795c56593/execute/async - {"script":"<script> [1562 bytes]","args":[{"selector":{"id":"application-managepartners-display-component---NewPartner--partnerDetailInternal-arrow"},"wdio_ui5_key":"applicationmanagepartners-display-component---NewPartner--partnerDetailInternal-arrow"}]}
RESULT: {"script":"<script> [1562 bytes]","args":[{"selector":{"id":"application-managepartners-display-component---NewPartner--partnerDetailInternal-arrow"},"wdio_ui5_key":"applicationmanagepartners-display-component---NewPartner--partnerDetailInternal-arrow"}]}
RESULT: undefined
COMMAND: POST /session/b0bce561eedd0ef2cd491e5795c56593/element - {"using":"xpath","value":"//*[@id=\"application-managepartners-display-component---NewPartner--partnerDetailInternal-arrow\"]"}
RESULT: {"using":"xpath","value":"//*[@id=\"application-managepartners-display-component---NewPartner--partnerDetailInternal-arrow\"]"}
COMMAND: POST /session/b0bce561eedd0ef2cd491e5795c56593/element/f.633F000A9FA1F61B5279087A5498CC04.d.1593A2636DD1B89FDE469C131E93805F.e.1504/click - {}
RESULT: {}
COMMAND: POST /session/b0bce561eedd0ef2cd491e5795c56593/element - {"using":"xpath","value":"//span[contains(text(), \"Affiliated company\")]"}
COMMAND: GET /session/b0bce561eedd0ef2cd491e5795c56593/screenshot - {}
RESULT: {"using":"xpath","value":"//span[contains(text(), \"Affiliated company\")]"}
COMMAND: POST /session/b0bce561eedd0ef2cd491e5795c56593/element/f.633F000A9FA1F61B5279087A5498CC04.d.1593A2636DD1B89FDE469C131E93805F.e.1505/click - {}
RESULT: {}
RESULT: {}
COMMAND: POST /session/b0bce561eedd0ef2cd491e5795c56593/execute/async - {"script":"<script> [1562 bytes]","args":[{"selector":{"id":"application-managepartners-display-component---NewPartner--partnerDetailsCurrency-arrow"},"wdio_ui5_key":"applicationmanagepartners-display-component---NewPartner--partnerDetailsCurrency-arrow"}]}
COMMAND: GET /session/b0bce561eedd0ef2cd491e5795c56593/screenshot - {}
RESULT: {"script":"<script> [1562 bytes]","args":[{"selector":{"id":"application-managepartners-display-component---NewPartner--partnerDetailsCurrency-arrow"},"wdio_ui5_key":"applicationmanagepartners-display-component---NewPartner--partnerDetailsCurrency-arrow"}]}
RESULT: undefined
COMMAND: POST /session/b0bce561eedd0ef2cd491e5795c56593/element - {"using":"xpath","value":"//*[@id=\"application-managepartners-display-component---NewPartner--partnerDetailsCurrency-arrow\"]"}
RESULT: {}
RESULT: {"using":"xpath","value":"//*[@id=\"application-managepartners-display-component---NewPartner--partnerDetailsCurrency-arrow\"]"}
COMMAND: POST /session/b0bce561eedd0ef2cd491e5795c56593/element/f.633F000A9FA1F61B5279087A5498CC04.d.1593A2636DD1B89FDE469C131E93805F.e.1512/click - {}
RESULT: {}
COMMAND: POST /session/b0bce561eedd0ef2cd491e5795c56593/element - {"using":"xpath","value":"//span[contains(text(), \"Euro\")]"}
COMMAND: GET /session/b0bce561eedd0ef2cd491e5795c56593/screenshot - {}
RESULT: {"using":"xpath","value":"//span[contains(text(), \"Euro\")]"}
COMMAND: POST /session/b0bce561eedd0ef2cd491e5795c56593/element/f.633F000A9FA1F61B5279087A5498CC04.d.1593A2636DD1B89FDE469C131E93805F.e.1513/click - {}
RESULT: {}
RESULT: {}
COMMAND: POST /session/b0bce561eedd0ef2cd491e5795c56593/execute/async - {"script":"<script> [1562 bytes]","args":[{"selector":{"id":"application-managepartners-display-component---NewPartner--addressEditDetailsCostObjectCstType-arrow"},"wdio_ui5_key":"applicationmanagepartners-display-component---NewPartner--addressEditDetailsCostObjectCstType-arrow"}]}
COMMAND: GET /session/b0bce561eedd0ef2cd491e5795c56593/screenshot - {}
RESULT: {"script":"<script> [1562 bytes]","args":[{"selector":{"id":"application-managepartners-display-component---NewPartner--addressEditDetailsCostObjectCstType-arrow"},"wdio_ui5_key":"applicationmanagepartners-display-component---NewPartner--addressEditDetailsCostObjectCstType-arrow"}]}
RESULT: undefined
COMMAND: POST /session/b0bce561eedd0ef2cd491e5795c56593/element - {"using":"xpath","value":"//*[@id=\"application-managepartners-display-component---NewPartner--addressEditDetailsCostObjectCstType-arrow\"]"}
RESULT: {}
RESULT: {"using":"xpath","value":"//*[@id=\"application-managepartners-display-component---NewPartner--addressEditDetailsCostObjectCstType-arrow\"]"}
COMMAND: POST /session/b0bce561eedd0ef2cd491e5795c56593/element/f.633F000A9FA1F61B5279087A5498CC04.d.1593A2636DD1B89FDE469C131E93805F.e.1514/click - {}
RESULT: {}
COMMAND: POST /session/b0bce561eedd0ef2cd491e5795c56593/element - {"using":"xpath","value":"//span[contains(text(), \"Cost Center\")]"}
COMMAND: GET /session/b0bce561eedd0ef2cd491e5795c56593/screenshot - {}
RESULT: {"using":"xpath","value":"//span[contains(text(), \"Cost Center\")]"}
COMMAND: POST /session/b0bce561eedd0ef2cd491e5795c56593/element/f.633F000A9FA1F61B5279087A5498CC04.d.1593A2636DD1B89FDE469C131E93805F.e.1515/click - {}
RESULT: {}
RESULT: {}
COMMAND: GET /session/b0bce561eedd0ef2cd491e5795c56593/screenshot - {}
RESULT: {}
COMMAND: POST /session/b0bce561eedd0ef2cd491e5795c56593/element - {"using":"xpath","value":"//span[@id=\"application-managepartners-display-component---NewPartner--addressNewCostObjectCstID-vhi\"]"}
RESULT: {"using":"xpath","value":"//span[@id=\"application-managepartners-display-component---NewPartner--addressNewCostObjectCstID-vhi\"]"}
COMMAND: POST /session/b0bce561eedd0ef2cd491e5795c56593/execute/sync - {"script":"<script> [8489 bytes]","args":[{"element-6066-11e4-a52e-4f735466cecf":"f.633F000A9FA1F61B5279087A5498CC04.d.1593A2636DD1B89FDE469C131E93805F.e.1518","ELEMENT":"f.633F000A9FA1F61B5279087A5498CC04.d.1593A2636DD1B89FDE469C131E93805F.e.1518"}]}
RESULT: {"script":"<script> [8489 bytes]","args":[{"element-6066-11e4-a52e-4f735466cecf":"f.633F000A9FA1F61B5279087A5498CC04.d.1593A2636DD1B89FDE469C131E93805F.e.1518","ELEMENT":"f.633F000A9FA1F61B5279087A5498CC04.d.1593A2636DD1B89FDE469C131E93805F.e.1518"}]}
COMMAND: POST /session/b0bce561eedd0ef2cd491e5795c56593/execute/async - {"script":"<script> [1562 bytes]","args":[{"selector":{"id":"application-managepartners-display-component---NewPartner--addressNewCostObjectCstID-vhi"},"wdio_ui5_key":"applicationmanagepartners-display-component---NewPartner--addressNewCostObjectCstID-vhi"}]}
COMMAND: GET /session/b0bce561eedd0ef2cd491e5795c56593/screenshot - {}
RESULT: {"script":"<script> [1562 bytes]","args":[{"selector":{"id":"application-managepartners-display-component---NewPartner--addressNewCostObjectCstID-vhi"},"wdio_ui5_key":"applicationmanagepartners-display-component---NewPartner--addressNewCostObjectCstID-vhi"}]}
RESULT: undefined
COMMAND: POST /session/b0bce561eedd0ef2cd491e5795c56593/element - {"using":"xpath","value":"//*[@id=\"application-managepartners-display-component---NewPartner--addressNewCostObjectCstID-vhi\"]"}
RESULT: {}
RESULT: {"using":"xpath","value":"//*[@id=\"application-managepartners-display-component---NewPartner--addressNewCostObjectCstID-vhi\"]"}
COMMAND: POST /session/b0bce561eedd0ef2cd491e5795c56593/element/f.633F000A9FA1F61B5279087A5498CC04.d.1593A2636DD1B89FDE469C131E93805F.e.1518/click - {}
RESULT: {}
COMMAND: GET /session/b0bce561eedd0ef2cd491e5795c56593/screenshot - {}
RESULT: {}
RESULT: undefined
COMMAND: POST /session/b0bce561eedd0ef2cd491e5795c56593/execute/async - {"script":"<script> [776 bytes]","args":[{"enterText":"10001013","selector":{"controlType":"sap.m.SearchField","properties":{"placeholder":"Search"},"searchOpenDialogs":true,"interaction":{"idSuffix":"I"}},"clearTextFirst":true,"interactionType":"ENTER_TEXT"}]}
RESULT: {"script":"<script> [776 bytes]","args":[{"enterText":"10001013","selector":{"controlType":"sap.m.SearchField","properties":{"placeholder":"Search"},"searchOpenDialogs":true,"interaction":{"idSuffix":"I"}},"clearTextFirst":true,"interactionType":"ENTER_TEXT"}]}
COMMAND: POST /session/b0bce561eedd0ef2cd491e5795c56593/actions - {"actions":[{"id":"action2","type":"key","parameters":{},"actions":[{"type":"keyDown","value":""},{"type":"pause","duration":10},{"type":"keyUp","value":""}]}]}
RESULT: {"actions":[{"id":"action2","type":"key","parameters":{},"actions":[{"type":"keyDown","value":""},{"type":"pause","duration":10},{"type":"keyUp","value":""}]}]}
COMMAND: GET /session/b0bce561eedd0ef2cd491e5795c56593/screenshot - {}
RESULT: {}
COMMAND: POST /session/b0bce561eedd0ef2cd491e5795c56593/element - {"using":"xpath","value":"//span[contains(text(), \"General Management\")]"}
RESULT: {"using":"xpath","value":"//span[contains(text(), \"General Management\")]"}
COMMAND: POST /session/b0bce561eedd0ef2cd491e5795c56593/element/f.633F000A9FA1F61B5279087A5498CC04.d.1593A2636DD1B89FDE469C131E93805F.e.1556/click - {}
RESULT: {}
COMMAND: GET /session/b0bce561eedd0ef2cd491e5795c56593/screenshot - {}
RESULT: {}
COMMAND: POST /session/b0bce561eedd0ef2cd491e5795c56593/element - {"using":"xpath","value":"//bdi[contains(text(), \"OK\")]"}
RESULT: {"using":"xpath","value":"//bdi[contains(text(), \"OK\")]"}
COMMAND: POST /session/b0bce561eedd0ef2cd491e5795c56593/element/f.633F000A9FA1F61B5279087A5498CC04.d.1593A2636DD1B89FDE469C131E93805F.e.1557/click - {}
RESULT: {}
COMMAND: GET /session/b0bce561eedd0ef2cd491e5795c56593/screenshot - {}
RESULT: {}
COMMAND: POST /session/b0bce561eedd0ef2cd491e5795c56593/element - {"using":"xpath","value":"//input[@id=\"application-managepartners-display-component---NewPartner--companyCodeComboBox-inner\"]"}
RESULT: {"using":"xpath","value":"//input[@id=\"application-managepartners-display-component---NewPartner--companyCodeComboBox-inner\"]"}
COMMAND: POST /session/b0bce561eedd0ef2cd491e5795c56593/element/f.633F000A9FA1F61B5279087A5498CC04.d.1593A2636DD1B89FDE469C131E93805F.e.1407/clear - {}
RESULT: {}
COMMAND: POST /session/b0bce561eedd0ef2cd491e5795c56593/element/f.633F000A9FA1F61B5279087A5498CC04.d.1593A2636DD1B89FDE469C131E93805F.e.1407/value - {"text":"1000"}
COMMAND: GET /session/b0bce561eedd0ef2cd491e5795c56593/screenshot - {}
RESULT: {"text":"1000"}
COMMAND: GET /session/b0bce561eedd0ef2cd491e5795c56593/screenshot - {}
RESULT: {}
RESULT: {}
COMMAND: POST /session/b0bce561eedd0ef2cd491e5795c56593/element - {"using":"xpath","value":"//span[contains(text(), \"1000\")]"}
RESULT: {"using":"xpath","value":"//span[contains(text(), \"1000\")]"}
COMMAND: POST /session/b0bce561eedd0ef2cd491e5795c56593/element/f.633F000A9FA1F61B5279087A5498CC04.d.1593A2636DD1B89FDE469C131E93805F.e.1563/click - {}
RESULT: {}
COMMAND: GET /session/b0bce561eedd0ef2cd491e5795c56593/screenshot - {}
RESULT: {}
COMMAND: POST /session/b0bce561eedd0ef2cd491e5795c56593/execute/async - {"script":"<script> [1562 bytes]","args":[{"selector":{"id":"application-managepartners-display-component---NewPartner--btnAddTableRow-img"},"wdio_ui5_key":"applicationmanagepartners-display-component---NewPartner--btnAddTableRow-img"}]}
RESULT: {"script":"<script> [1562 bytes]","args":[{"selector":{"id":"application-managepartners-display-component---NewPartner--btnAddTableRow-img"},"wdio_ui5_key":"applicationmanagepartners-display-component---NewPartner--btnAddTableRow-img"}]}
RESULT: undefined
COMMAND: POST /session/b0bce561eedd0ef2cd491e5795c56593/element - {"using":"xpath","value":"//*[@id=\"application-managepartners-display-component---NewPartner--btnAddTableRow-img\"]"}
RESULT: {"using":"xpath","value":"//*[@id=\"application-managepartners-display-component---NewPartner--btnAddTableRow-img\"]"}
COMMAND: POST /session/b0bce561eedd0ef2cd491e5795c56593/element/f.633F000A9FA1F61B5279087A5498CC04.d.1593A2636DD1B89FDE469C131E93805F.e.1564/click - {}
RESULT: {}
COMMAND: GET /session/b0bce561eedd0ef2cd491e5795c56593/screenshot - {}
RESULT: {}
COMMAND: POST /session/b0bce561eedd0ef2cd491e5795c56593/element - {"using":"xpath","value":"//input[@id=\"application-managepartners-display-component---NewPartner--assignmentYard-application-managepartners-display-component---NewPartner--assignmentsTable-0-inner\"]"}
RESULT: {"using":"xpath","value":"//input[@id=\"application-managepartners-display-component---NewPartner--assignmentYard-application-managepartners-display-component---NewPartner--assignmentsTable-0-inner\"]"}
COMMAND: POST /session/b0bce561eedd0ef2cd491e5795c56593/element/f.633F000A9FA1F61B5279087A5498CC04.d.1593A2636DD1B89FDE469C131E93805F.e.1567/clear - {}
RESULT: {}
COMMAND: POST /session/b0bce561eedd0ef2cd491e5795c56593/element/f.633F000A9FA1F61B5279087A5498CC04.d.1593A2636DD1B89FDE469C131E93805F.e.1567/value - {"text":"613"}
COMMAND: GET /session/b0bce561eedd0ef2cd491e5795c56593/screenshot - {}
RESULT: {"text":"613"}
COMMAND: GET /session/b0bce561eedd0ef2cd491e5795c56593/screenshot - {}
RESULT: {}
RESULT: {}
COMMAND: POST /session/b0bce561eedd0ef2cd491e5795c56593/element - {"using":"xpath","value":"//li[.//span[text()='613']]"}
RESULT: {"using":"xpath","value":"//li[.//span[text()='613']]"}
COMMAND: POST /session/b0bce561eedd0ef2cd491e5795c56593/element/f.633F000A9FA1F61B5279087A5498CC04.d.1593A2636DD1B89FDE469C131E93805F.e.1576/click - {}
RESULT: {}
COMMAND: GET /session/b0bce561eedd0ef2cd491e5795c56593/screenshot - {}
RESULT: {}
COMMAND: POST /session/b0bce561eedd0ef2cd491e5795c56593/actions - {"actions":[{"id":"action3","type":"key","parameters":{},"actions":[{"type":"keyDown","value":""},{"type":"pause","duration":10},{"type":"keyUp","value":""}]}]}
RESULT: {"actions":[{"id":"action3","type":"key","parameters":{},"actions":[{"type":"keyDown","value":""},{"type":"pause","duration":10},{"type":"keyUp","value":""}]}]}
COMMAND: POST /session/b0bce561eedd0ef2cd491e5795c56593/execute/async - {"script":"<script> [1562 bytes]","args":[{"selector":{"id":"application-managepartners-display-component---NewPartner--externalCustomerComboBox-application-managepartners-display-component---NewPartner--assignmentsTable-0-vhi"},"wdio_ui5_key":"applicationmanagepartners-display-component---NewPartner--externalCustomerComboBox-application-managepartners-display-component---NewPartner--assignmentsTable-0-vhi"}]}
COMMAND: GET /session/b0bce561eedd0ef2cd491e5795c56593/screenshot - {}
RESULT: {"script":"<script> [1562 bytes]","args":[{"selector":{"id":"application-managepartners-display-component---NewPartner--externalCustomerComboBox-application-managepartners-display-component---NewPartner--assignmentsTable-0-vhi"},"wdio_ui5_key":"applicationmanagepartners-display-component---NewPartner--externalCustomerComboBox-application-managepartners-display-component---NewPartner--assignmentsTable-0-vhi"}]}
RESULT: undefined
COMMAND: POST /session/b0bce561eedd0ef2cd491e5795c56593/element - {"using":"xpath","value":"//*[@id=\"application-managepartners-display-component---NewPartner--externalCustomerComboBox-application-managepartners-display-component---NewPartner--assignmentsTable-0-vhi\"]"}
RESULT: {}
RESULT: {"using":"xpath","value":"//*[@id=\"application-managepartners-display-component---NewPartner--externalCustomerComboBox-application-managepartners-display-component---NewPartner--assignmentsTable-0-vhi\"]"}
COMMAND: POST /session/b0bce561eedd0ef2cd491e5795c56593/element/f.633F000A9FA1F61B5279087A5498CC04.d.1593A2636DD1B89FDE469C131E93805F.e.1580/click - {}
RESULT: {}
RESULT: undefined
COMMAND: POST /session/b0bce561eedd0ef2cd491e5795c56593/execute/async - {"script":"<script> [776 bytes]","args":[{"enterText":"300003","selector":{"controlType":"sap.m.SearchField","properties":{"placeholder":"Search"},"searchOpenDialogs":true,"interaction":{"idSuffix":"I"}},"clearTextFirst":true,"interactionType":"ENTER_TEXT"}]}
COMMAND: GET /session/b0bce561eedd0ef2cd491e5795c56593/screenshot - {}
RESULT: {"script":"<script> [776 bytes]","args":[{"enterText":"300003","selector":{"controlType":"sap.m.SearchField","properties":{"placeholder":"Search"},"searchOpenDialogs":true,"interaction":{"idSuffix":"I"}},"clearTextFirst":true,"interactionType":"ENTER_TEXT"}]}
COMMAND: POST /session/b0bce561eedd0ef2cd491e5795c56593/actions - {"actions":[{"id":"action4","type":"key","parameters":{},"actions":[{"type":"keyDown","value":""},{"type":"pause","duration":10},{"type":"keyUp","value":""}]}]}
RESULT: {}
RESULT: {"actions":[{"id":"action4","type":"key","parameters":{},"actions":[{"type":"keyDown","value":""},{"type":"pause","duration":10},{"type":"keyUp","value":""}]}]}
COMMAND: GET /session/b0bce561eedd0ef2cd491e5795c56593/screenshot - {}
RESULT: {}
COMMAND: POST /session/b0bce561eedd0ef2cd491e5795c56593/element - {"using":"xpath","value":"//span[contains(text(), \"300003\")]"}
RESULT: {"using":"xpath","value":"//span[contains(text(), \"300003\")]"}
COMMAND: POST /session/b0bce561eedd0ef2cd491e5795c56593/element/f.633F000A9FA1F61B5279087A5498CC04.d.1593A2636DD1B89FDE469C131E93805F.e.1598/click - {}
RESULT: {}
COMMAND: GET /session/b0bce561eedd0ef2cd491e5795c56593/screenshot - {}
RESULT: {}
COMMAND: POST /session/b0bce561eedd0ef2cd491e5795c56593/element - {"using":"xpath","value":"//bdi[contains(text(), \"OK\")]"}
RESULT: {"using":"xpath","value":"//bdi[contains(text(), \"OK\")]"}
COMMAND: POST /session/b0bce561eedd0ef2cd491e5795c56593/element/f.633F000A9FA1F61B5279087A5498CC04.d.1593A2636DD1B89FDE469C131E93805F.e.1600/click - {}
RESULT: {}
COMMAND: GET /session/b0bce561eedd0ef2cd491e5795c56593/screenshot - {}
RESULT: {}
COMMAND: POST /session/b0bce561eedd0ef2cd491e5795c56593/execute/async - {"script":"<script> [1562 bytes]","args":[{"selector":{"id":"application-managepartners-display-component---NewPartner--intercompVendorComboBox-application-managepartners-display-component---NewPartner--assignmentsTable-0-vhi"},"wdio_ui5_key":"applicationmanagepartners-display-component---NewPartner--intercompVendorComboBox-application-managepartners-display-component---NewPartner--assignmentsTable-0-vhi"}]}
RESULT: {"script":"<script> [1562 bytes]","args":[{"selector":{"id":"application-managepartners-display-component---NewPartner--intercompVendorComboBox-application-managepartners-display-component---NewPartner--assignmentsTable-0-vhi"},"wdio_ui5_key":"applicationmanagepartners-display-component---NewPartner--intercompVendorComboBox-application-managepartners-display-component---NewPartner--assignmentsTable-0-vhi"}]}
RESULT: undefined
COMMAND: POST /session/b0bce561eedd0ef2cd491e5795c56593/element - {"using":"xpath","value":"//*[@id=\"application-managepartners-display-component---NewPartner--intercompVendorComboBox-application-managepartners-display-component---NewPartner--assignmentsTable-0-vhi\"]"}
RESULT: {"using":"xpath","value":"//*[@id=\"application-managepartners-display-component---NewPartner--intercompVendorComboBox-application-managepartners-display-component---NewPartner--assignmentsTable-0-vhi\"]"}
COMMAND: POST /session/b0bce561eedd0ef2cd491e5795c56593/element/f.633F000A9FA1F61B5279087A5498CC04.d.1593A2636DD1B89FDE469C131E93805F.e.1603/click - {}
RESULT: {}
RESULT: undefined
COMMAND: POST /session/b0bce561eedd0ef2cd491e5795c56593/execute/async - {"script":"<script> [776 bytes]","args":[{"enterText":"100005","selector":{"controlType":"sap.m.SearchField","properties":{"placeholder":"Search"},"searchOpenDialogs":true,"interaction":{"idSuffix":"I"}},"clearTextFirst":true,"interactionType":"ENTER_TEXT"}]}
COMMAND: GET /session/b0bce561eedd0ef2cd491e5795c56593/screenshot - {}
RESULT: {"script":"<script> [776 bytes]","args":[{"enterText":"100005","selector":{"controlType":"sap.m.SearchField","properties":{"placeholder":"Search"},"searchOpenDialogs":true,"interaction":{"idSuffix":"I"}},"clearTextFirst":true,"interactionType":"ENTER_TEXT"}]}
COMMAND: POST /session/b0bce561eedd0ef2cd491e5795c56593/actions - {"actions":[{"id":"action5","type":"key","parameters":{},"actions":[{"type":"keyDown","value":""},{"type":"pause","duration":10},{"type":"keyUp","value":""}]}]}
RESULT: {}
RESULT: {"actions":[{"id":"action5","type":"key","parameters":{},"actions":[{"type":"keyDown","value":""},{"type":"pause","duration":10},{"type":"keyUp","value":""}]}]}
COMMAND: GET /session/b0bce561eedd0ef2cd491e5795c56593/screenshot - {}
RESULT: {}
COMMAND: POST /session/b0bce561eedd0ef2cd491e5795c56593/element - {"using":"xpath","value":"//span[contains(text(), \"Penguins - Field/12345 Berlin\")]"}
RESULT: {"using":"xpath","value":"//span[contains(text(), \"Penguins - Field/12345 Berlin\")]"}
COMMAND: POST /session/b0bce561eedd0ef2cd491e5795c56593/element/f.633F000A9FA1F61B5279087A5498CC04.d.1593A2636DD1B89FDE469C131E93805F.e.1621/click - {}
RESULT: {}
COMMAND: GET /session/b0bce561eedd0ef2cd491e5795c56593/screenshot - {}
RESULT: {}
COMMAND: POST /session/b0bce561eedd0ef2cd491e5795c56593/element - {"using":"xpath","value":"//bdi[contains(text(), \"OK\")]"}
RESULT: {"using":"xpath","value":"//bdi[contains(text(), \"OK\")]"}
COMMAND: POST /session/b0bce561eedd0ef2cd491e5795c56593/element/f.633F000A9FA1F61B5279087A5498CC04.d.1593A2636DD1B89FDE469C131E93805F.e.1622/click - {}
RESULT: {}
COMMAND: GET /session/b0bce561eedd0ef2cd491e5795c56593/screenshot - {}
RESULT: {}
COMMAND: POST /session/b0bce561eedd0ef2cd491e5795c56593/element - {"using":"xpath","value":"//button[@data-kt=\"saveButton\"]"}
RESULT: {"using":"xpath","value":"//button[@data-kt=\"saveButton\"]"}
COMMAND: POST /session/b0bce561eedd0ef2cd491e5795c56593/element/f.633F000A9FA1F61B5279087A5498CC04.d.1593A2636DD1B89FDE469C131E93805F.e.1412/click - {}
RESULT: {}
COMMAND: GET /session/b0bce561eedd0ef2cd491e5795c56593/screenshot - {}
RESULT: {}
COMMAND: POST /session/b0bce561eedd0ef2cd491e5795c56593/element - {"using":"xpath","value":"//header[contains(@id, 'ObjectPageLayout-headerTitle')]/div[1]/div[2]/div[2]/span[1]"}
RESULT: {"using":"xpath","value":"//header[contains(@id, 'ObjectPageLayout-headerTitle')]/div[1]/div[2]/div[2]/span[1]"}
COMMAND: POST /session/b0bce561eedd0ef2cd491e5795c56593/elements - {"using":"xpath","value":"//header[contains(@id, 'ObjectPageLayout-headerTitle')]/div[1]/div[2]/div[2]/span[1]"}
RESULT: {"using":"xpath","value":"//header[contains(@id, 'ObjectPageLayout-headerTitle')]/div[1]/div[2]/div[2]/span[1]"}
COMMAND: POST /session/b0bce561eedd0ef2cd491e5795c56593/execute/sync - {"script":"<script> [56 bytes]","args":[{"element-6066-11e4-a52e-4f735466cecf":"f.633F000A9FA1F61B5279087A5498CC04.d.1593A2636DD1B89FDE469C131E93805F.e.1789","ELEMENT":"f.633F000A9FA1F61B5279087A5498CC04.d.1593A2636DD1B89FDE469C131E93805F.e.1789"}]}
RESULT: {"script":"<script> [56 bytes]","args":[{"element-6066-11e4-a52e-4f735466cecf":"f.633F000A9FA1F61B5279087A5498CC04.d.1593A2636DD1B89FDE469C131E93805F.e.1789","ELEMENT":"f.633F000A9FA1F61B5279087A5498CC04.d.1593A2636DD1B89FDE469C131E93805F.e.1789"}]}
COMMAND: POST /session/b0bce561eedd0ef2cd491e5795c56593/element - {"using":"css selector","value":"#shell-header-logo"}
COMMAND: GET /session/b0bce561eedd0ef2cd491e5795c56593/screenshot - {}
RESULT: {"using":"css selector","value":"#shell-header-logo"}
COMMAND: POST /session/b0bce561eedd0ef2cd491e5795c56593/element/f.633F000A9FA1F61B5279087A5498CC04.d.1593A2636DD1B89FDE469C131E93805F.e.1018/click - {}
RESULT: {}
RESULT: {}
COMMAND: GET /session/b0bce561eedd0ef2cd491e5795c56593/screenshot - {}
RESULT: {}
COMMAND: POST /session/b0bce561eedd0ef2cd491e5795c56593/execute/sync - {"script":"<script> [299 bytes]","args":[["getModel","getResource"]]}
RESULT: {"script":"<script> [299 bytes]","args":[["getModel","getResource"]]}
COMMAND: GET /session/b0bce561eedd0ef2cd491e5795c56593/screenshot - {}
]]></system-out>
    </testcase>
    <testcase classname="chrome.135_0_7049_42.windows.Billing_confirm_US117289" name="Should create a new site" time="100.332">
      <system-out><![CDATA[
COMMAND: POST /session/b0bce561eedd0ef2cd491e5795c56593/execute/async - {"script":"<script> [1562 bytes]","args":[{"selector":{"controlType":"sap.m.TileContent","bindingPath":{"path":"","propertyPath":"/properties/info"},"ancestor":{"controlType":"sap.m.GenericTile","properties":{"header":"Manage Sites"}}},"wdio_ui5_key":"sapm.TileContent{\"path\":\"\",\"propertyPath\":\"/properties/info\"}{\"controlType\":\"sap.m.GenericTile\",\"properties\":{\"header\":\"Manage Sites\"}}"}]}
RESULT: {}
RESULT: {"script":"<script> [1562 bytes]","args":[{"selector":{"controlType":"sap.m.TileContent","bindingPath":{"path":"","propertyPath":"/properties/info"},"ancestor":{"controlType":"sap.m.GenericTile","properties":{"header":"Manage Sites"}}},"wdio_ui5_key":"sapm.TileContent{\"path\":\"\",\"propertyPath\":\"/properties/info\"}{\"controlType\":\"sap.m.GenericTile\",\"properties\":{\"header\":\"Manage Sites\"}}"}]}
RESULT: undefined
COMMAND: POST /session/b0bce561eedd0ef2cd491e5795c56593/element - {"using":"xpath","value":"//*[@id=\"__xmlview7--numericTileContent\"]"}
RESULT: {"using":"xpath","value":"//*[@id=\"__xmlview7--numericTileContent\"]"}
COMMAND: POST /session/b0bce561eedd0ef2cd491e5795c56593/element/f.633F000A9FA1F61B5279087A5498CC04.d.1593A2636DD1B89FDE469C131E93805F.e.1791/click - {}
RESULT: {}
COMMAND: POST /session/b0bce561eedd0ef2cd491e5795c56593/element - {"using":"xpath","value":"//button[@data-kt=\"addOverflowToolbarButton\"]"}
COMMAND: GET /session/b0bce561eedd0ef2cd491e5795c56593/screenshot - {}
RESULT: {"using":"xpath","value":"//button[@data-kt=\"addOverflowToolbarButton\"]"}
COMMAND: POST /session/b0bce561eedd0ef2cd491e5795c56593/elements - {"using":"xpath","value":"//button[@data-kt=\"addOverflowToolbarButton\"]"}
RESULT: {}
RESULT: {"using":"xpath","value":"//button[@data-kt=\"addOverflowToolbarButton\"]"}
COMMAND: POST /session/b0bce561eedd0ef2cd491e5795c56593/elements - {"using":"xpath","value":"//button[@data-kt=\"addOverflowToolbarButton\"]"}
RESULT: {"using":"xpath","value":"//button[@data-kt=\"addOverflowToolbarButton\"]"}
COMMAND: POST /session/b0bce561eedd0ef2cd491e5795c56593/elements - {"using":"xpath","value":"//button[@data-kt=\"addOverflowToolbarButton\"]"}
RESULT: {"using":"xpath","value":"//button[@data-kt=\"addOverflowToolbarButton\"]"}
COMMAND: POST /session/b0bce561eedd0ef2cd491e5795c56593/element - {"using":"xpath","value":"//button[@data-kt=\"addOverflowToolbarButton\"]"}
RESULT: {"using":"xpath","value":"//button[@data-kt=\"addOverflowToolbarButton\"]"}
COMMAND: POST /session/b0bce561eedd0ef2cd491e5795c56593/execute/sync - {"script":"<script> [8489 bytes]","args":[{"element-6066-11e4-a52e-4f735466cecf":"f.633F000A9FA1F61B5279087A5498CC04.d.1593A2636DD1B89FDE469C131E93805F.e.1805","ELEMENT":"f.633F000A9FA1F61B5279087A5498CC04.d.1593A2636DD1B89FDE469C131E93805F.e.1805"}]}
RESULT: {"script":"<script> [8489 bytes]","args":[{"element-6066-11e4-a52e-4f735466cecf":"f.633F000A9FA1F61B5279087A5498CC04.d.1593A2636DD1B89FDE469C131E93805F.e.1805","ELEMENT":"f.633F000A9FA1F61B5279087A5498CC04.d.1593A2636DD1B89FDE469C131E93805F.e.1805"}]}
COMMAND: GET /session/b0bce561eedd0ef2cd491e5795c56593/element/f.633F000A9FA1F61B5279087A5498CC04.d.1593A2636DD1B89FDE469C131E93805F.e.1805/enabled - {}
COMMAND: GET /session/b0bce561eedd0ef2cd491e5795c56593/screenshot - {}
RESULT: {}
COMMAND: POST /session/b0bce561eedd0ef2cd491e5795c56593/execute/sync - {"script":"<script> [8489 bytes]","args":[{"element-6066-11e4-a52e-4f735466cecf":"f.633F000A9FA1F61B5279087A5498CC04.d.1593A2636DD1B89FDE469C131E93805F.e.1805","ELEMENT":"f.633F000A9FA1F61B5279087A5498CC04.d.1593A2636DD1B89FDE469C131E93805F.e.1805"}]}
COMMAND: GET /session/b0bce561eedd0ef2cd491e5795c56593/screenshot - {}
RESULT: {}
RESULT: {"script":"<script> [8489 bytes]","args":[{"element-6066-11e4-a52e-4f735466cecf":"f.633F000A9FA1F61B5279087A5498CC04.d.1593A2636DD1B89FDE469C131E93805F.e.1805","ELEMENT":"f.633F000A9FA1F61B5279087A5498CC04.d.1593A2636DD1B89FDE469C131E93805F.e.1805"}]}
COMMAND: POST /session/b0bce561eedd0ef2cd491e5795c56593/execute/sync - {"script":"<script> [5351 bytes]","args":[{"element-6066-11e4-a52e-4f735466cecf":"f.633F000A9FA1F61B5279087A5498CC04.d.1593A2636DD1B89FDE469C131E93805F.e.1805","ELEMENT":"f.633F000A9FA1F61B5279087A5498CC04.d.1593A2636DD1B89FDE469C131E93805F.e.1805"}]}
COMMAND: GET /session/b0bce561eedd0ef2cd491e5795c56593/screenshot - {}
RESULT: {}
RESULT: {"script":"<script> [5351 bytes]","args":[{"element-6066-11e4-a52e-4f735466cecf":"f.633F000A9FA1F61B5279087A5498CC04.d.1593A2636DD1B89FDE469C131E93805F.e.1805","ELEMENT":"f.633F000A9FA1F61B5279087A5498CC04.d.1593A2636DD1B89FDE469C131E93805F.e.1805"}]}
COMMAND: POST /session/b0bce561eedd0ef2cd491e5795c56593/element/f.633F000A9FA1F61B5279087A5498CC04.d.1593A2636DD1B89FDE469C131E93805F.e.1805/click - {}
COMMAND: GET /session/b0bce561eedd0ef2cd491e5795c56593/screenshot - {}
RESULT: {}
RESULT: {}
COMMAND: GET /session/b0bce561eedd0ef2cd491e5795c56593/screenshot - {}
COMMAND: POST /session/b0bce561eedd0ef2cd491e5795c56593/execute/async - {"script":"<script> [1562 bytes]","args":[{"selector":{"id":"application-managesites-display-component---NewSite--addressDetailDetailsName1","interaction":{"idSuffix":"inner"}},"wdio_ui5_key":"applicationmanagesites-display-component---NewSite--addressDetailDetailsName1"}]}
RESULT: {}
RESULT: {}
RESULT: {"script":"<script> [1562 bytes]","args":[{"selector":{"id":"application-managesites-display-component---NewSite--addressDetailDetailsName1","interaction":{"idSuffix":"inner"}},"wdio_ui5_key":"applicationmanagesites-display-component---NewSite--addressDetailDetailsName1"}]}
RESULT: undefined
COMMAND: POST /session/b0bce561eedd0ef2cd491e5795c56593/execute/async - {"script":"<script> [776 bytes]","args":[{"enterText":"Intracompany Site wdIO","selector":{"id":"application-managesites-display-component---NewSite--addressDetailDetailsName1","interaction":{"idSuffix":"inner"}},"clearTextFirst":true,"interactionType":"ENTER_TEXT"}]}
RESULT: {"script":"<script> [776 bytes]","args":[{"enterText":"Intracompany Site wdIO","selector":{"id":"application-managesites-display-component---NewSite--addressDetailDetailsName1","interaction":{"idSuffix":"inner"}},"clearTextFirst":true,"interactionType":"ENTER_TEXT"}]}
COMMAND: POST /session/b0bce561eedd0ef2cd491e5795c56593/execute/async - {"script":"<script> [1562 bytes]","args":[{"selector":{"id":"application-managesites-display-component---NewSite--addressDetailDetailsLanguage-arrow"},"wdio_ui5_key":"applicationmanagesites-display-component---NewSite--addressDetailDetailsLanguage-arrow"}]}
RESULT: {"script":"<script> [1562 bytes]","args":[{"selector":{"id":"application-managesites-display-component---NewSite--addressDetailDetailsLanguage-arrow"},"wdio_ui5_key":"applicationmanagesites-display-component---NewSite--addressDetailDetailsLanguage-arrow"}]}
RESULT: undefined
COMMAND: POST /session/b0bce561eedd0ef2cd491e5795c56593/element - {"using":"xpath","value":"//*[@id=\"application-managesites-display-component---NewSite--addressDetailDetailsLanguage-arrow\"]"}
RESULT: {"using":"xpath","value":"//*[@id=\"application-managesites-display-component---NewSite--addressDetailDetailsLanguage-arrow\"]"}
COMMAND: POST /session/b0bce561eedd0ef2cd491e5795c56593/element/f.633F000A9FA1F61B5279087A5498CC04.d.1593A2636DD1B89FDE469C131E93805F.e.2240/click - {}
RESULT: {}
COMMAND: POST /session/b0bce561eedd0ef2cd491e5795c56593/element - {"using":"xpath","value":"//span[contains(text(), \"English\")]"}
COMMAND: GET /session/b0bce561eedd0ef2cd491e5795c56593/screenshot - {}
RESULT: {"using":"xpath","value":"//span[contains(text(), \"English\")]"}
COMMAND: POST /session/b0bce561eedd0ef2cd491e5795c56593/element/f.633F000A9FA1F61B5279087A5498CC04.d.1593A2636DD1B89FDE469C131E93805F.e.2241/click - {}
RESULT: {}
RESULT: {}
COMMAND: POST /session/b0bce561eedd0ef2cd491e5795c56593/execute/async - {"script":"<script> [1562 bytes]","args":[{"selector":{"id":"application-managesites-display-component---NewSite--addressDetailDetailsCity1","interaction":{"idSuffix":"inner"}},"wdio_ui5_key":"applicationmanagesites-display-component---NewSite--addressDetailDetailsCity1"}]}
COMMAND: GET /session/b0bce561eedd0ef2cd491e5795c56593/screenshot - {}
RESULT: {"script":"<script> [1562 bytes]","args":[{"selector":{"id":"application-managesites-display-component---NewSite--addressDetailDetailsCity1","interaction":{"idSuffix":"inner"}},"wdio_ui5_key":"applicationmanagesites-display-component---NewSite--addressDetailDetailsCity1"}]}
RESULT: undefined
COMMAND: POST /session/b0bce561eedd0ef2cd491e5795c56593/execute/async - {"script":"<script> [776 bytes]","args":[{"enterText":"Rosario","selector":{"id":"application-managesites-display-component---NewSite--addressDetailDetailsCity1","interaction":{"idSuffix":"inner"}},"clearTextFirst":true,"interactionType":"ENTER_TEXT"}]}
RESULT: {}
RESULT: {"script":"<script> [776 bytes]","args":[{"enterText":"Rosario","selector":{"id":"application-managesites-display-component---NewSite--addressDetailDetailsCity1","interaction":{"idSuffix":"inner"}},"clearTextFirst":true,"interactionType":"ENTER_TEXT"}]}
COMMAND: POST /session/b0bce561eedd0ef2cd491e5795c56593/execute/async - {"script":"<script> [1562 bytes]","args":[{"selector":{"id":"application-managesites-display-component---NewSite--addressDetailDetailsCountry-arrow"},"wdio_ui5_key":"applicationmanagesites-display-component---NewSite--addressDetailDetailsCountry-arrow"}]}
RESULT: {"script":"<script> [1562 bytes]","args":[{"selector":{"id":"application-managesites-display-component---NewSite--addressDetailDetailsCountry-arrow"},"wdio_ui5_key":"applicationmanagesites-display-component---NewSite--addressDetailDetailsCountry-arrow"}]}
RESULT: undefined
COMMAND: POST /session/b0bce561eedd0ef2cd491e5795c56593/element - {"using":"xpath","value":"//*[@id=\"application-managesites-display-component---NewSite--addressDetailDetailsCountry-arrow\"]"}
RESULT: {"using":"xpath","value":"//*[@id=\"application-managesites-display-component---NewSite--addressDetailDetailsCountry-arrow\"]"}
COMMAND: POST /session/b0bce561eedd0ef2cd491e5795c56593/element/f.633F000A9FA1F61B5279087A5498CC04.d.1593A2636DD1B89FDE469C131E93805F.e.2243/click - {}
RESULT: {}
COMMAND: POST /session/b0bce561eedd0ef2cd491e5795c56593/element - {"using":"xpath","value":"//span[contains(text(), \"Argentina\")]"}
COMMAND: GET /session/b0bce561eedd0ef2cd491e5795c56593/screenshot - {}
RESULT: {"using":"xpath","value":"//span[contains(text(), \"Argentina\")]"}
COMMAND: POST /session/b0bce561eedd0ef2cd491e5795c56593/element/f.633F000A9FA1F61B5279087A5498CC04.d.1593A2636DD1B89FDE469C131E93805F.e.2244/click - {}
RESULT: {}
RESULT: {}
COMMAND: GET /session/b0bce561eedd0ef2cd491e5795c56593/screenshot - {}
RESULT: {}
COMMAND: POST /session/b0bce561eedd0ef2cd491e5795c56593/execute/async - {"script":"<script> [1562 bytes]","args":[{"selector":{"id":"application-managesites-display-component---NewSite--addressEditDetailsCostObjectCstType-arrow"},"wdio_ui5_key":"applicationmanagesites-display-component---NewSite--addressEditDetailsCostObjectCstType-arrow"}]}
RESULT: {"script":"<script> [1562 bytes]","args":[{"selector":{"id":"application-managesites-display-component---NewSite--addressEditDetailsCostObjectCstType-arrow"},"wdio_ui5_key":"applicationmanagesites-display-component---NewSite--addressEditDetailsCostObjectCstType-arrow"}]}
RESULT: undefined
COMMAND: POST /session/b0bce561eedd0ef2cd491e5795c56593/element - {"using":"xpath","value":"//*[@id=\"application-managesites-display-component---NewSite--addressEditDetailsCostObjectCstType-arrow\"]"}
RESULT: {"using":"xpath","value":"//*[@id=\"application-managesites-display-component---NewSite--addressEditDetailsCostObjectCstType-arrow\"]"}
COMMAND: POST /session/b0bce561eedd0ef2cd491e5795c56593/element/f.633F000A9FA1F61B5279087A5498CC04.d.1593A2636DD1B89FDE469C131E93805F.e.2246/click - {}
RESULT: {}
COMMAND: POST /session/b0bce561eedd0ef2cd491e5795c56593/element - {"using":"xpath","value":"//span[contains(text(), \"Cost Center\")]"}
COMMAND: GET /session/b0bce561eedd0ef2cd491e5795c56593/screenshot - {}
RESULT: {"using":"xpath","value":"//span[contains(text(), \"Cost Center\")]"}
COMMAND: POST /session/b0bce561eedd0ef2cd491e5795c56593/element/f.633F000A9FA1F61B5279087A5498CC04.d.1593A2636DD1B89FDE469C131E93805F.e.2247/click - {}
RESULT: {}
RESULT: {}
COMMAND: GET /session/b0bce561eedd0ef2cd491e5795c56593/screenshot - {}
RESULT: {}
COMMAND: POST /session/b0bce561eedd0ef2cd491e5795c56593/element - {"using":"xpath","value":"//span[@id=\"application-managesites-display-component---NewSite--addressNewCostObjectCstID-vhi\"]"}
RESULT: {"using":"xpath","value":"//span[@id=\"application-managesites-display-component---NewSite--addressNewCostObjectCstID-vhi\"]"}
COMMAND: POST /session/b0bce561eedd0ef2cd491e5795c56593/execute/sync - {"script":"<script> [8489 bytes]","args":[{"element-6066-11e4-a52e-4f735466cecf":"f.633F000A9FA1F61B5279087A5498CC04.d.1593A2636DD1B89FDE469C131E93805F.e.2251","ELEMENT":"f.633F000A9FA1F61B5279087A5498CC04.d.1593A2636DD1B89FDE469C131E93805F.e.2251"}]}
RESULT: {"script":"<script> [8489 bytes]","args":[{"element-6066-11e4-a52e-4f735466cecf":"f.633F000A9FA1F61B5279087A5498CC04.d.1593A2636DD1B89FDE469C131E93805F.e.2251","ELEMENT":"f.633F000A9FA1F61B5279087A5498CC04.d.1593A2636DD1B89FDE469C131E93805F.e.2251"}]}
COMMAND: POST /session/b0bce561eedd0ef2cd491e5795c56593/execute/async - {"script":"<script> [1562 bytes]","args":[{"selector":{"id":"application-managesites-display-component---NewSite--addressNewCostObjectCstID-vhi"},"wdio_ui5_key":"applicationmanagesites-display-component---NewSite--addressNewCostObjectCstID-vhi"}]}
COMMAND: GET /session/b0bce561eedd0ef2cd491e5795c56593/screenshot - {}
RESULT: {"script":"<script> [1562 bytes]","args":[{"selector":{"id":"application-managesites-display-component---NewSite--addressNewCostObjectCstID-vhi"},"wdio_ui5_key":"applicationmanagesites-display-component---NewSite--addressNewCostObjectCstID-vhi"}]}
RESULT: undefined
COMMAND: POST /session/b0bce561eedd0ef2cd491e5795c56593/element - {"using":"xpath","value":"//*[@id=\"application-managesites-display-component---NewSite--addressNewCostObjectCstID-vhi\"]"}
RESULT: {}
RESULT: {"using":"xpath","value":"//*[@id=\"application-managesites-display-component---NewSite--addressNewCostObjectCstID-vhi\"]"}
COMMAND: POST /session/b0bce561eedd0ef2cd491e5795c56593/element/f.633F000A9FA1F61B5279087A5498CC04.d.1593A2636DD1B89FDE469C131E93805F.e.2251/click - {}
RESULT: {}
COMMAND: GET /session/b0bce561eedd0ef2cd491e5795c56593/screenshot - {}
RESULT: {}
RESULT: undefined
COMMAND: POST /session/b0bce561eedd0ef2cd491e5795c56593/execute/async - {"script":"<script> [776 bytes]","args":[{"enterText":"10001013","selector":{"controlType":"sap.m.SearchField","properties":{"placeholder":"Search"},"searchOpenDialogs":true,"interaction":{"idSuffix":"I"}},"clearTextFirst":true,"interactionType":"ENTER_TEXT"}]}
RESULT: {"script":"<script> [776 bytes]","args":[{"enterText":"10001013","selector":{"controlType":"sap.m.SearchField","properties":{"placeholder":"Search"},"searchOpenDialogs":true,"interaction":{"idSuffix":"I"}},"clearTextFirst":true,"interactionType":"ENTER_TEXT"}]}
COMMAND: POST /session/b0bce561eedd0ef2cd491e5795c56593/actions - {"actions":[{"id":"action6","type":"key","parameters":{},"actions":[{"type":"keyDown","value":""},{"type":"pause","duration":10},{"type":"keyUp","value":""}]}]}
RESULT: {"actions":[{"id":"action6","type":"key","parameters":{},"actions":[{"type":"keyDown","value":""},{"type":"pause","duration":10},{"type":"keyUp","value":""}]}]}
COMMAND: GET /session/b0bce561eedd0ef2cd491e5795c56593/screenshot - {}
RESULT: {}
COMMAND: POST /session/b0bce561eedd0ef2cd491e5795c56593/element - {"using":"xpath","value":"//span[contains(text(), \"General Management\")]"}
RESULT: {"using":"xpath","value":"//span[contains(text(), \"General Management\")]"}
COMMAND: POST /session/b0bce561eedd0ef2cd491e5795c56593/element/f.633F000A9FA1F61B5279087A5498CC04.d.1593A2636DD1B89FDE469C131E93805F.e.2289/click - {}
RESULT: {}
COMMAND: GET /session/b0bce561eedd0ef2cd491e5795c56593/screenshot - {}
RESULT: {}
COMMAND: POST /session/b0bce561eedd0ef2cd491e5795c56593/element - {"using":"xpath","value":"//bdi[contains(text(), \"OK\")]"}
RESULT: {"using":"xpath","value":"//bdi[contains(text(), \"OK\")]"}
COMMAND: POST /session/b0bce561eedd0ef2cd491e5795c56593/element/f.633F000A9FA1F61B5279087A5498CC04.d.1593A2636DD1B89FDE469C131E93805F.e.2290/click - {}
RESULT: {}
COMMAND: GET /session/b0bce561eedd0ef2cd491e5795c56593/screenshot - {}
RESULT: {}
COMMAND: POST /session/b0bce561eedd0ef2cd491e5795c56593/element - {"using":"xpath","value":"//input[@id=\"application-managesites-display-component---NewSite--addressDetailDetailsCalendar-inner\"]"}
RESULT: {"using":"xpath","value":"//input[@id=\"application-managesites-display-component---NewSite--addressDetailDetailsCalendar-inner\"]"}
COMMAND: POST /session/b0bce561eedd0ef2cd491e5795c56593/element/f.633F000A9FA1F61B5279087A5498CC04.d.1593A2636DD1B89FDE469C131E93805F.e.2039/clear - {}
RESULT: {}
COMMAND: POST /session/b0bce561eedd0ef2cd491e5795c56593/element/f.633F000A9FA1F61B5279087A5498CC04.d.1593A2636DD1B89FDE469C131E93805F.e.2039/value - {"text":"Unit"}
COMMAND: GET /session/b0bce561eedd0ef2cd491e5795c56593/screenshot - {}
RESULT: {"text":"Unit"}
COMMAND: GET /session/b0bce561eedd0ef2cd491e5795c56593/screenshot - {}
RESULT: {}
RESULT: {}
COMMAND: POST /session/b0bce561eedd0ef2cd491e5795c56593/actions - {"actions":[{"id":"action7","type":"key","parameters":{},"actions":[{"type":"keyDown","value":""},{"type":"pause","duration":10},{"type":"keyUp","value":""}]}]}
RESULT: {"actions":[{"id":"action7","type":"key","parameters":{},"actions":[{"type":"keyDown","value":""},{"type":"pause","duration":10},{"type":"keyUp","value":""}]}]}
COMMAND: POST /session/b0bce561eedd0ef2cd491e5795c56593/element - {"using":"xpath","value":"//input[@id=\"application-managesites-display-component---NewSite--addressDetailDetailsYard-inner\"]"}
COMMAND: GET /session/b0bce561eedd0ef2cd491e5795c56593/screenshot - {}
RESULT: {"using":"xpath","value":"//input[@id=\"application-managesites-display-component---NewSite--addressDetailDetailsYard-inner\"]"}
COMMAND: POST /session/b0bce561eedd0ef2cd491e5795c56593/element/f.633F000A9FA1F61B5279087A5498CC04.d.1593A2636DD1B89FDE469C131E93805F.e.2040/clear - {}
RESULT: {}
RESULT: {}
COMMAND: POST /session/b0bce561eedd0ef2cd491e5795c56593/element/f.633F000A9FA1F61B5279087A5498CC04.d.1593A2636DD1B89FDE469C131E93805F.e.2040/value - {"text":"613"}
COMMAND: GET /session/b0bce561eedd0ef2cd491e5795c56593/screenshot - {}
RESULT: {}
RESULT: {"text":"613"}
COMMAND: GET /session/b0bce561eedd0ef2cd491e5795c56593/screenshot - {}
RESULT: {}
COMMAND: POST /session/b0bce561eedd0ef2cd491e5795c56593/element - {"using":"xpath","value":"//li[.//span[text()='613']]"}
RESULT: {"using":"xpath","value":"//li[.//span[text()='613']]"}
COMMAND: POST /session/b0bce561eedd0ef2cd491e5795c56593/element/f.633F000A9FA1F61B5279087A5498CC04.d.1593A2636DD1B89FDE469C131E93805F.e.2316/click - {}
RESULT: {}
COMMAND: GET /session/b0bce561eedd0ef2cd491e5795c56593/screenshot - {}
RESULT: {}
COMMAND: POST /session/b0bce561eedd0ef2cd491e5795c56593/element - {"using":"xpath","value":"//input[@id=\"application-managesites-display-component---NewSite--addressDetailDetailsPartner-inner\"]"}
RESULT: {"using":"xpath","value":"//input[@id=\"application-managesites-display-component---NewSite--addressDetailDetailsPartner-inner\"]"}
COMMAND: POST /session/b0bce561eedd0ef2cd491e5795c56593/element - {"using":"xpath","value":"//input[@id=\"application-managesites-display-component---NewSite--addressDetailDetailsPartner-inner\"]"}
RESULT: {"using":"xpath","value":"//input[@id=\"application-managesites-display-component---NewSite--addressDetailDetailsPartner-inner\"]"}
COMMAND: POST /session/b0bce561eedd0ef2cd491e5795c56593/element - {"using":"xpath","value":"//button[@data-kt=\"saveButton\"]"}
RESULT: {"using":"xpath","value":"//button[@data-kt=\"saveButton\"]"}
COMMAND: POST /session/b0bce561eedd0ef2cd491e5795c56593/element/f.633F000A9FA1F61B5279087A5498CC04.d.1593A2636DD1B89FDE469C131E93805F.e.2233/click - {}
RESULT: {}
COMMAND: GET /session/b0bce561eedd0ef2cd491e5795c56593/screenshot - {}
RESULT: {}
COMMAND: POST /session/b0bce561eedd0ef2cd491e5795c56593/element - {"using":"xpath","value":"//header[contains(@id, 'ObjectPageLayout-headerTitle')]/div[1]/div[2]/div[2]/span[1]"}
RESULT: {"using":"xpath","value":"//header[contains(@id, 'ObjectPageLayout-headerTitle')]/div[1]/div[2]/div[2]/span[1]"}
COMMAND: POST /session/b0bce561eedd0ef2cd491e5795c56593/elements - {"using":"xpath","value":"//header[contains(@id, 'ObjectPageLayout-headerTitle')]/div[1]/div[2]/div[2]/span[1]"}
RESULT: {"using":"xpath","value":"//header[contains(@id, 'ObjectPageLayout-headerTitle')]/div[1]/div[2]/div[2]/span[1]"}
COMMAND: POST /session/b0bce561eedd0ef2cd491e5795c56593/execute/sync - {"script":"<script> [56 bytes]","args":[{"element-6066-11e4-a52e-4f735466cecf":"f.633F000A9FA1F61B5279087A5498CC04.d.1593A2636DD1B89FDE469C131E93805F.e.2518","ELEMENT":"f.633F000A9FA1F61B5279087A5498CC04.d.1593A2636DD1B89FDE469C131E93805F.e.2518"}]}
RESULT: {"script":"<script> [56 bytes]","args":[{"element-6066-11e4-a52e-4f735466cecf":"f.633F000A9FA1F61B5279087A5498CC04.d.1593A2636DD1B89FDE469C131E93805F.e.2518","ELEMENT":"f.633F000A9FA1F61B5279087A5498CC04.d.1593A2636DD1B89FDE469C131E93805F.e.2518"}]}
COMMAND: POST /session/b0bce561eedd0ef2cd491e5795c56593/element - {"using":"css selector","value":"#shell-header-logo"}
COMMAND: GET /session/b0bce561eedd0ef2cd491e5795c56593/screenshot - {}
RESULT: {"using":"css selector","value":"#shell-header-logo"}
COMMAND: POST /session/b0bce561eedd0ef2cd491e5795c56593/element/f.633F000A9FA1F61B5279087A5498CC04.d.1593A2636DD1B89FDE469C131E93805F.e.1795/click - {}
RESULT: {}
RESULT: {}
COMMAND: GET /session/b0bce561eedd0ef2cd491e5795c56593/screenshot - {}
RESULT: {}
COMMAND: POST /session/b0bce561eedd0ef2cd491e5795c56593/execute/sync - {"script":"<script> [299 bytes]","args":[["getModel","getResource"]]}
RESULT: {"script":"<script> [299 bytes]","args":[["getModel","getResource"]]}
COMMAND: GET /session/b0bce561eedd0ef2cd491e5795c56593/screenshot - {}
]]></system-out>
    </testcase>
    <testcase classname="chrome.135_0_7049_42.windows.Billing_confirm_US117289" name="Should create a new equipment" time="129.788">
      <system-out><![CDATA[
COMMAND: POST /session/b0bce561eedd0ef2cd491e5795c56593/execute/async - {"script":"<script> [1562 bytes]","args":[{"selector":{"controlType":"sap.m.GenericTile","properties":{"header":"Manage Resources"}},"wdio_ui5_key":"sapm.GenericTile{\"header\":\"Manage Resources\"}"}]}
RESULT: {}
RESULT: {"script":"<script> [1562 bytes]","args":[{"selector":{"controlType":"sap.m.GenericTile","properties":{"header":"Manage Resources"}},"wdio_ui5_key":"sapm.GenericTile{\"header\":\"Manage Resources\"}"}]}
RESULT: undefined
COMMAND: POST /session/b0bce561eedd0ef2cd491e5795c56593/element - {"using":"xpath","value":"//*[@id=\"__tile39\"]"}
RESULT: {"using":"xpath","value":"//*[@id=\"__tile39\"]"}
COMMAND: POST /session/b0bce561eedd0ef2cd491e5795c56593/element/f.633F000A9FA1F61B5279087A5498CC04.d.1593A2636DD1B89FDE469C131E93805F.e.174/click - {}
RESULT: {}
COMMAND: POST /session/b0bce561eedd0ef2cd491e5795c56593/element - {"using":"xpath","value":"//button[@data-kt=\"addNewRUOverflowToolbarButton\"]"}
COMMAND: GET /session/b0bce561eedd0ef2cd491e5795c56593/screenshot - {}
RESULT: {"using":"xpath","value":"//button[@data-kt=\"addNewRUOverflowToolbarButton\"]"}
COMMAND: POST /session/b0bce561eedd0ef2cd491e5795c56593/elements - {"using":"xpath","value":"//button[@data-kt=\"addNewRUOverflowToolbarButton\"]"}
RESULT: {}
RESULT: {"using":"xpath","value":"//button[@data-kt=\"addNewRUOverflowToolbarButton\"]"}
COMMAND: POST /session/b0bce561eedd0ef2cd491e5795c56593/elements - {"using":"xpath","value":"//button[@data-kt=\"addNewRUOverflowToolbarButton\"]"}
RESULT: {"using":"xpath","value":"//button[@data-kt=\"addNewRUOverflowToolbarButton\"]"}
COMMAND: POST /session/b0bce561eedd0ef2cd491e5795c56593/elements - {"using":"xpath","value":"//button[@data-kt=\"addNewRUOverflowToolbarButton\"]"}
RESULT: undefined
RESULT: undefined
RESULT: {"using":"xpath","value":"//button[@data-kt=\"addNewRUOverflowToolbarButton\"]"}
COMMAND: POST /session/b0bce561eedd0ef2cd491e5795c56593/elements - {"using":"xpath","value":"//button[@data-kt=\"addNewRUOverflowToolbarButton\"]"}
RESULT: {"using":"xpath","value":"//button[@data-kt=\"addNewRUOverflowToolbarButton\"]"}
COMMAND: POST /session/b0bce561eedd0ef2cd491e5795c56593/elements - {"using":"xpath","value":"//button[@data-kt=\"addNewRUOverflowToolbarButton\"]"}
RESULT: {"using":"xpath","value":"//button[@data-kt=\"addNewRUOverflowToolbarButton\"]"}
COMMAND: POST /session/b0bce561eedd0ef2cd491e5795c56593/element - {"using":"xpath","value":"//button[@data-kt=\"addNewRUOverflowToolbarButton\"]"}
RESULT: {"using":"xpath","value":"//button[@data-kt=\"addNewRUOverflowToolbarButton\"]"}
COMMAND: POST /session/b0bce561eedd0ef2cd491e5795c56593/execute/sync - {"script":"<script> [8489 bytes]","args":[{"element-6066-11e4-a52e-4f735466cecf":"f.633F000A9FA1F61B5279087A5498CC04.d.1593A2636DD1B89FDE469C131E93805F.e.2549","ELEMENT":"f.633F000A9FA1F61B5279087A5498CC04.d.1593A2636DD1B89FDE469C131E93805F.e.2549"}]}
RESULT: {"script":"<script> [8489 bytes]","args":[{"element-6066-11e4-a52e-4f735466cecf":"f.633F000A9FA1F61B5279087A5498CC04.d.1593A2636DD1B89FDE469C131E93805F.e.2549","ELEMENT":"f.633F000A9FA1F61B5279087A5498CC04.d.1593A2636DD1B89FDE469C131E93805F.e.2549"}]}
COMMAND: GET /session/b0bce561eedd0ef2cd491e5795c56593/element/f.633F000A9FA1F61B5279087A5498CC04.d.1593A2636DD1B89FDE469C131E93805F.e.2549/enabled - {}
COMMAND: GET /session/b0bce561eedd0ef2cd491e5795c56593/screenshot - {}
RESULT: {}
COMMAND: POST /session/b0bce561eedd0ef2cd491e5795c56593/execute/sync - {"script":"<script> [8489 bytes]","args":[{"element-6066-11e4-a52e-4f735466cecf":"f.633F000A9FA1F61B5279087A5498CC04.d.1593A2636DD1B89FDE469C131E93805F.e.2549","ELEMENT":"f.633F000A9FA1F61B5279087A5498CC04.d.1593A2636DD1B89FDE469C131E93805F.e.2549"}]}
COMMAND: GET /session/b0bce561eedd0ef2cd491e5795c56593/screenshot - {}
RESULT: {}
RESULT: {"script":"<script> [8489 bytes]","args":[{"element-6066-11e4-a52e-4f735466cecf":"f.633F000A9FA1F61B5279087A5498CC04.d.1593A2636DD1B89FDE469C131E93805F.e.2549","ELEMENT":"f.633F000A9FA1F61B5279087A5498CC04.d.1593A2636DD1B89FDE469C131E93805F.e.2549"}]}
COMMAND: POST /session/b0bce561eedd0ef2cd491e5795c56593/execute/sync - {"script":"<script> [5351 bytes]","args":[{"element-6066-11e4-a52e-4f735466cecf":"f.633F000A9FA1F61B5279087A5498CC04.d.1593A2636DD1B89FDE469C131E93805F.e.2549","ELEMENT":"f.633F000A9FA1F61B5279087A5498CC04.d.1593A2636DD1B89FDE469C131E93805F.e.2549"}]}
COMMAND: GET /session/b0bce561eedd0ef2cd491e5795c56593/screenshot - {}
RESULT: {}
RESULT: {"script":"<script> [5351 bytes]","args":[{"element-6066-11e4-a52e-4f735466cecf":"f.633F000A9FA1F61B5279087A5498CC04.d.1593A2636DD1B89FDE469C131E93805F.e.2549","ELEMENT":"f.633F000A9FA1F61B5279087A5498CC04.d.1593A2636DD1B89FDE469C131E93805F.e.2549"}]}
COMMAND: POST /session/b0bce561eedd0ef2cd491e5795c56593/element/f.633F000A9FA1F61B5279087A5498CC04.d.1593A2636DD1B89FDE469C131E93805F.e.2549/click - {}
COMMAND: GET /session/b0bce561eedd0ef2cd491e5795c56593/screenshot - {}
RESULT: {}
RESULT: {}
COMMAND: GET /session/b0bce561eedd0ef2cd491e5795c56593/screenshot - {}
RESULT: {}
COMMAND: POST /session/b0bce561eedd0ef2cd491e5795c56593/execute/async - {"script":"<script> [1562 bytes]","args":[{"selector":{"id":"application-manageresources-display-component---newResourceUnit--TYPE-arrow"},"wdio_ui5_key":"applicationmanageresources-display-component---newResourceUnit--TYPE-arrow"}]}
RESULT: {}
RESULT: {"script":"<script> [1562 bytes]","args":[{"selector":{"id":"application-manageresources-display-component---newResourceUnit--TYPE-arrow"},"wdio_ui5_key":"applicationmanageresources-display-component---newResourceUnit--TYPE-arrow"}]}
RESULT: undefined
COMMAND: POST /session/b0bce561eedd0ef2cd491e5795c56593/element - {"using":"xpath","value":"//*[@id=\"application-manageresources-display-component---newResourceUnit--TYPE-arrow\"]"}
RESULT: {"using":"xpath","value":"//*[@id=\"application-manageresources-display-component---newResourceUnit--TYPE-arrow\"]"}
COMMAND: POST /session/b0bce561eedd0ef2cd491e5795c56593/element/f.633F000A9FA1F61B5279087A5498CC04.d.1593A2636DD1B89FDE469C131E93805F.e.2908/click - {}
RESULT: {}
COMMAND: POST /session/b0bce561eedd0ef2cd491e5795c56593/element - {"using":"xpath","value":"//input[@id=\"application-manageresources-display-component---newResourceUnit--TYPE-inner\"]"}
COMMAND: GET /session/b0bce561eedd0ef2cd491e5795c56593/screenshot - {}
RESULT: {"using":"xpath","value":"//input[@id=\"application-manageresources-display-component---newResourceUnit--TYPE-inner\"]"}
COMMAND: POST /session/b0bce561eedd0ef2cd491e5795c56593/element/f.633F000A9FA1F61B5279087A5498CC04.d.1593A2636DD1B89FDE469C131E93805F.e.2903/clear - {}
RESULT: {}
RESULT: {}
COMMAND: POST /session/b0bce561eedd0ef2cd491e5795c56593/element/f.633F000A9FA1F61B5279087A5498CC04.d.1593A2636DD1B89FDE469C131E93805F.e.2903/value - {"text":"Equipment"}
COMMAND: GET /session/b0bce561eedd0ef2cd491e5795c56593/screenshot - {}
RESULT: {"text":"Equipment"}
COMMAND: GET /session/b0bce561eedd0ef2cd491e5795c56593/screenshot - {}
RESULT: {}
RESULT: {}
COMMAND: POST /session/b0bce561eedd0ef2cd491e5795c56593/actions - {"actions":[{"id":"action8","type":"key","parameters":{},"actions":[{"type":"keyDown","value":""},{"type":"pause","duration":10},{"type":"keyUp","value":""}]}]}
RESULT: {"actions":[{"id":"action8","type":"key","parameters":{},"actions":[{"type":"keyDown","value":""},{"type":"pause","duration":10},{"type":"keyUp","value":""}]}]}
COMMAND: POST /session/b0bce561eedd0ef2cd491e5795c56593/execute/async - {"script":"<script> [1562 bytes]","args":[{"selector":{"id":"application-manageresources-display-component---newResourceUnit--resourceId","interaction":{"idSuffix":"inner"}},"wdio_ui5_key":"applicationmanageresources-display-component---newResourceUnit--resourceId"}]}
COMMAND: GET /session/b0bce561eedd0ef2cd491e5795c56593/screenshot - {}
RESULT: {"script":"<script> [1562 bytes]","args":[{"selector":{"id":"application-manageresources-display-component---newResourceUnit--resourceId","interaction":{"idSuffix":"inner"}},"wdio_ui5_key":"applicationmanageresources-display-component---newResourceUnit--resourceId"}]}
RESULT: undefined
COMMAND: POST /session/b0bce561eedd0ef2cd491e5795c56593/execute/async - {"script":"<script> [776 bytes]","args":[{"enterText":"W4SvNjxe5W","selector":{"id":"application-manageresources-display-component---newResourceUnit--resourceId","interaction":{"idSuffix":"inner"}},"clearTextFirst":true,"interactionType":"ENTER_TEXT"}]}
RESULT: {}
RESULT: {"script":"<script> [776 bytes]","args":[{"enterText":"W4SvNjxe5W","selector":{"id":"application-manageresources-display-component---newResourceUnit--resourceId","interaction":{"idSuffix":"inner"}},"clearTextFirst":true,"interactionType":"ENTER_TEXT"}]}
COMMAND: POST /session/b0bce561eedd0ef2cd491e5795c56593/execute/async - {"script":"<script> [1562 bytes]","args":[{"selector":{"id":"application-manageresources-display-component---newResourceUnit--SHORT_TEXT","interaction":{"idSuffix":"inner"}},"wdio_ui5_key":"applicationmanageresources-display-component---newResourceUnit--SHORT_TEXT"}]}
RESULT: {"script":"<script> [1562 bytes]","args":[{"selector":{"id":"application-manageresources-display-component---newResourceUnit--SHORT_TEXT","interaction":{"idSuffix":"inner"}},"wdio_ui5_key":"applicationmanageresources-display-component---newResourceUnit--SHORT_TEXT"}]}
RESULT: undefined
COMMAND: POST /session/b0bce561eedd0ef2cd491e5795c56593/execute/async - {"script":"<script> [776 bytes]","args":[{"enterText":"Intercompany Equipment WDIO","selector":{"id":"application-manageresources-display-component---newResourceUnit--SHORT_TEXT","interaction":{"idSuffix":"inner"}},"clearTextFirst":true,"interactionType":"ENTER_TEXT"}]}
RESULT: {"script":"<script> [776 bytes]","args":[{"enterText":"Intercompany Equipment WDIO","selector":{"id":"application-manageresources-display-component---newResourceUnit--SHORT_TEXT","interaction":{"idSuffix":"inner"}},"clearTextFirst":true,"interactionType":"ENTER_TEXT"}]}
COMMAND: POST /session/b0bce561eedd0ef2cd491e5795c56593/execute/async - {"script":"<script> [1562 bytes]","args":[{"selector":{"id":"application-manageresources-display-component---newResourceUnit--BASE_UNIT_OF_MEASURE","interaction":{"idSuffix":"inner"}},"wdio_ui5_key":"applicationmanageresources-display-component---newResourceUnit--BASE_UNIT_OF_MEASURE"}]}
RESULT: {"script":"<script> [1562 bytes]","args":[{"selector":{"id":"application-manageresources-display-component---newResourceUnit--BASE_UNIT_OF_MEASURE","interaction":{"idSuffix":"inner"}},"wdio_ui5_key":"applicationmanageresources-display-component---newResourceUnit--BASE_UNIT_OF_MEASURE"}]}
RESULT: undefined
COMMAND: POST /session/b0bce561eedd0ef2cd491e5795c56593/execute/async - {"script":"<script> [776 bytes]","args":[{"enterText":"Piece","selector":{"id":"application-manageresources-display-component---newResourceUnit--BASE_UNIT_OF_MEASURE","interaction":{"idSuffix":"inner"}},"clearTextFirst":true,"interactionType":"ENTER_TEXT"}]}
RESULT: {"script":"<script> [776 bytes]","args":[{"enterText":"Piece","selector":{"id":"application-manageresources-display-component---newResourceUnit--BASE_UNIT_OF_MEASURE","interaction":{"idSuffix":"inner"}},"clearTextFirst":true,"interactionType":"ENTER_TEXT"}]}
COMMAND: POST /session/b0bce561eedd0ef2cd491e5795c56593/execute/async - {"script":"<script> [1562 bytes]","args":[{"selector":{"id":"application-manageresources-display-component---newResourceUnit--WEIGHT_UNIT","interaction":{"idSuffix":"inner"}},"wdio_ui5_key":"applicationmanageresources-display-component---newResourceUnit--WEIGHT_UNIT"}]}
RESULT: {"script":"<script> [1562 bytes]","args":[{"selector":{"id":"application-manageresources-display-component---newResourceUnit--WEIGHT_UNIT","interaction":{"idSuffix":"inner"}},"wdio_ui5_key":"applicationmanageresources-display-component---newResourceUnit--WEIGHT_UNIT"}]}
RESULT: undefined
COMMAND: POST /session/b0bce561eedd0ef2cd491e5795c56593/execute/async - {"script":"<script> [776 bytes]","args":[{"enterText":"Gram","selector":{"id":"application-manageresources-display-component---newResourceUnit--WEIGHT_UNIT","interaction":{"idSuffix":"inner"}},"clearTextFirst":true,"interactionType":"ENTER_TEXT"}]}
RESULT: {"script":"<script> [776 bytes]","args":[{"enterText":"Gram","selector":{"id":"application-manageresources-display-component---newResourceUnit--WEIGHT_UNIT","interaction":{"idSuffix":"inner"}},"clearTextFirst":true,"interactionType":"ENTER_TEXT"}]}
COMMAND: POST /session/b0bce561eedd0ef2cd491e5795c56593/execute/async - {"script":"<script> [1562 bytes]","args":[{"selector":{"id":"application-manageresources-display-component---newResourceUnit--DIMENSION_UNIT","interaction":{"idSuffix":"inner"}},"wdio_ui5_key":"applicationmanageresources-display-component---newResourceUnit--DIMENSION_UNIT"}]}
RESULT: {"script":"<script> [1562 bytes]","args":[{"selector":{"id":"application-manageresources-display-component---newResourceUnit--DIMENSION_UNIT","interaction":{"idSuffix":"inner"}},"wdio_ui5_key":"applicationmanageresources-display-component---newResourceUnit--DIMENSION_UNIT"}]}
RESULT: undefined
COMMAND: POST /session/b0bce561eedd0ef2cd491e5795c56593/execute/async - {"script":"<script> [776 bytes]","args":[{"enterText":"Meter","selector":{"id":"application-manageresources-display-component---newResourceUnit--DIMENSION_UNIT","interaction":{"idSuffix":"inner"}},"clearTextFirst":true,"interactionType":"ENTER_TEXT"}]}
RESULT: {"script":"<script> [776 bytes]","args":[{"enterText":"Meter","selector":{"id":"application-manageresources-display-component---newResourceUnit--DIMENSION_UNIT","interaction":{"idSuffix":"inner"}},"clearTextFirst":true,"interactionType":"ENTER_TEXT"}]}
COMMAND: POST /session/b0bce561eedd0ef2cd491e5795c56593/execute/async - {"script":"<script> [1562 bytes]","args":[{"selector":{"id":"application-manageresources-display-component---newResourceUnit--newRRUPage-anchBar-application-manageresources-display-component---newResourceUnit--control-anchor","interaction":{"idSuffix":"BDI-content"}},"wdio_ui5_key":"applicationmanageresources-display-component---newResourceUnit--newRRUPage-anchBar-application-manageresources-display-component---newResourceUnit--control-anchor"}]}
RESULT: {"script":"<script> [1562 bytes]","args":[{"selector":{"id":"application-manageresources-display-component---newResourceUnit--newRRUPage-anchBar-application-manageresources-display-component---newResourceUnit--control-anchor","interaction":{"idSuffix":"BDI-content"}},"wdio_ui5_key":"applicationmanageresources-display-component---newResourceUnit--newRRUPage-anchBar-application-manageresources-display-component---newResourceUnit--control-anchor"}]}
RESULT: undefined
COMMAND: POST /session/b0bce561eedd0ef2cd491e5795c56593/element - {"using":"xpath","value":"//*[@id=\"application-manageresources-display-component---newResourceUnit--newRRUPage-anchBar-application-manageresources-display-component---newResourceUnit--control-anchor\"]"}
RESULT: {"using":"xpath","value":"//*[@id=\"application-manageresources-display-component---newResourceUnit--newRRUPage-anchBar-application-manageresources-display-component---newResourceUnit--control-anchor\"]"}
COMMAND: POST /session/b0bce561eedd0ef2cd491e5795c56593/element/f.633F000A9FA1F61B5279087A5498CC04.d.1593A2636DD1B89FDE469C131E93805F.e.3042/click - {}
RESULT: {}
COMMAND: POST /session/b0bce561eedd0ef2cd491e5795c56593/execute/async - {"script":"<script> [1562 bytes]","args":[{"selector":{"id":"application-manageresources-display-component---newResourceUnit--PLANNING_GROUP","interaction":{"idSuffix":"inner"}},"wdio_ui5_key":"applicationmanageresources-display-component---newResourceUnit--PLANNING_GROUP"}]}
COMMAND: GET /session/b0bce561eedd0ef2cd491e5795c56593/screenshot - {}
RESULT: {"script":"<script> [1562 bytes]","args":[{"selector":{"id":"application-manageresources-display-component---newResourceUnit--PLANNING_GROUP","interaction":{"idSuffix":"inner"}},"wdio_ui5_key":"applicationmanageresources-display-component---newResourceUnit--PLANNING_GROUP"}]}
RESULT: undefined
COMMAND: POST /session/b0bce561eedd0ef2cd491e5795c56593/execute/async - {"script":"<script> [776 bytes]","args":[{"enterText":"Heavy Equi","selector":{"id":"application-manageresources-display-component---newResourceUnit--PLANNING_GROUP","interaction":{"idSuffix":"inner"}},"clearTextFirst":true,"interactionType":"ENTER_TEXT"}]}
RESULT: {}
RESULT: {"script":"<script> [776 bytes]","args":[{"enterText":"Heavy Equi","selector":{"id":"application-manageresources-display-component---newResourceUnit--PLANNING_GROUP","interaction":{"idSuffix":"inner"}},"clearTextFirst":true,"interactionType":"ENTER_TEXT"}]}
COMMAND: POST /session/b0bce561eedd0ef2cd491e5795c56593/execute/async - {"script":"<script> [1562 bytes]","args":[{"selector":{"id":"application-manageresources-display-component---newResourceUnit--ITEM_TYPE-arrow"},"wdio_ui5_key":"applicationmanageresources-display-component---newResourceUnit--ITEM_TYPE-arrow"}]}
RESULT: {"script":"<script> [1562 bytes]","args":[{"selector":{"id":"application-manageresources-display-component---newResourceUnit--ITEM_TYPE-arrow"},"wdio_ui5_key":"applicationmanageresources-display-component---newResourceUnit--ITEM_TYPE-arrow"}]}
RESULT: undefined
COMMAND: POST /session/b0bce561eedd0ef2cd491e5795c56593/element - {"using":"xpath","value":"//*[@id=\"application-manageresources-display-component---newResourceUnit--ITEM_TYPE-arrow\"]"}
RESULT: {"using":"xpath","value":"//*[@id=\"application-manageresources-display-component---newResourceUnit--ITEM_TYPE-arrow\"]"}
COMMAND: POST /session/b0bce561eedd0ef2cd491e5795c56593/element/f.633F000A9FA1F61B5279087A5498CC04.d.1593A2636DD1B89FDE469C131E93805F.e.3049/click - {}
RESULT: {}
COMMAND: POST /session/b0bce561eedd0ef2cd491e5795c56593/element - {"using":"xpath","value":"(//span[contains(text(), \"Resource Unit\")])[2]"}
COMMAND: GET /session/b0bce561eedd0ef2cd491e5795c56593/screenshot - {}
RESULT: {"using":"xpath","value":"(//span[contains(text(), \"Resource Unit\")])[2]"}
COMMAND: POST /session/b0bce561eedd0ef2cd491e5795c56593/element/f.633F000A9FA1F61B5279087A5498CC04.d.1593A2636DD1B89FDE469C131E93805F.e.3050/click - {}
RESULT: {}
RESULT: {}
COMMAND: GET /session/b0bce561eedd0ef2cd491e5795c56593/screenshot - {}
RESULT: {}
COMMAND: POST /session/b0bce561eedd0ef2cd491e5795c56593/element - {"using":"css selector","value":"#application-manageresources-display-component---newResourceUnit--btnAddTimeSegment"}
RESULT: {"using":"css selector","value":"#application-manageresources-display-component---newResourceUnit--btnAddTimeSegment"}
COMMAND: GET /session/b0bce561eedd0ef2cd491e5795c56593/element/f.633F000A9FA1F61B5279087A5498CC04.d.1593A2636DD1B89FDE469C131E93805F.e.3051/rect - {}
RESULT: {}
COMMAND: GET /session/b0bce561eedd0ef2cd491e5795c56593/window/rect - {}
RESULT: {}
COMMAND: POST /session/b0bce561eedd0ef2cd491e5795c56593/execute/sync - {"script":"<script> [92 bytes]","args":[]}
RESULT: {"script":"<script> [92 bytes]","args":[]}
COMMAND: POST /session/b0bce561eedd0ef2cd491e5795c56593/actions - {"actions":[{"id":"action9","type":"wheel","parameters":{},"actions":[{"type":"scroll","x":-1888,"y":-32,"deltaX":0,"deltaY":0,"duration":0,"origin":{"element-6066-11e4-a52e-4f735466cecf":"f.633F000A9FA1F61B5279087A5498CC04.d.1593A2636DD1B89FDE469C131E93805F.e.3051"}}]}]}
COMMAND: GET /session/b0bce561eedd0ef2cd491e5795c56593/screenshot - {}
RESULT: {}
COMMAND: POST /session/b0bce561eedd0ef2cd491e5795c56593/execute/sync - {"script":"<script> [79 bytes]","args":[{"element-6066-11e4-a52e-4f735466cecf":"f.633F000A9FA1F61B5279087A5498CC04.d.1593A2636DD1B89FDE469C131E93805F.e.3051","ELEMENT":"f.633F000A9FA1F61B5279087A5498CC04.d.1593A2636DD1B89FDE469C131E93805F.e.3051"},{"block":"start","inline":"nearest"}]}
RESULT: {"script":"<script> [79 bytes]","args":[{"element-6066-11e4-a52e-4f735466cecf":"f.633F000A9FA1F61B5279087A5498CC04.d.1593A2636DD1B89FDE469C131E93805F.e.3051","ELEMENT":"f.633F000A9FA1F61B5279087A5498CC04.d.1593A2636DD1B89FDE469C131E93805F.e.3051"},{"block":"start","inline":"nearest"}]}
COMMAND: POST /session/b0bce561eedd0ef2cd491e5795c56593/execute/async - {"script":"<script> [1562 bytes]","args":[{"selector":{"id":"application-manageresources-display-component---newResourceUnit--btnAddTimeSegment","interaction":{"idSuffix":"inner"}},"wdio_ui5_key":"applicationmanageresources-display-component---newResourceUnit--btnAddTimeSegment"}]}
COMMAND: GET /session/b0bce561eedd0ef2cd491e5795c56593/screenshot - {}
RESULT: {"script":"<script> [1562 bytes]","args":[{"selector":{"id":"application-manageresources-display-component---newResourceUnit--btnAddTimeSegment","interaction":{"idSuffix":"inner"}},"wdio_ui5_key":"applicationmanageresources-display-component---newResourceUnit--btnAddTimeSegment"}]}
RESULT: undefined
COMMAND: POST /session/b0bce561eedd0ef2cd491e5795c56593/element - {"using":"xpath","value":"//*[@id=\"application-manageresources-display-component---newResourceUnit--btnAddTimeSegment\"]"}
RESULT: {}
RESULT: {"using":"xpath","value":"//*[@id=\"application-manageresources-display-component---newResourceUnit--btnAddTimeSegment\"]"}
COMMAND: POST /session/b0bce561eedd0ef2cd491e5795c56593/element/f.633F000A9FA1F61B5279087A5498CC04.d.1593A2636DD1B89FDE469C131E93805F.e.3051/click - {}
RESULT: {}
COMMAND: GET /session/b0bce561eedd0ef2cd491e5795c56593/screenshot - {}
RESULT: {}
COMMAND: POST /session/b0bce561eedd0ef2cd491e5795c56593/element - {"using":"xpath","value":"//input[@id=\"application-manageresources-display-component---newResourceUnit--idRuTSAdmin-application-manageresources-display-component---newResourceUnit--RUTimeSegment-0-inner\"]"}
RESULT: {"using":"xpath","value":"//input[@id=\"application-manageresources-display-component---newResourceUnit--idRuTSAdmin-application-manageresources-display-component---newResourceUnit--RUTimeSegment-0-inner\"]"}
COMMAND: POST /session/b0bce561eedd0ef2cd491e5795c56593/element/f.633F000A9FA1F61B5279087A5498CC04.d.1593A2636DD1B89FDE469C131E93805F.e.3057/clear - {}
RESULT: {}
COMMAND: POST /session/b0bce561eedd0ef2cd491e5795c56593/element/f.633F000A9FA1F61B5279087A5498CC04.d.1593A2636DD1B89FDE469C131E93805F.e.3057/value - {"text":"613"}
COMMAND: GET /session/b0bce561eedd0ef2cd491e5795c56593/screenshot - {}
RESULT: {"text":"613"}
COMMAND: GET /session/b0bce561eedd0ef2cd491e5795c56593/screenshot - {}
RESULT: {}
RESULT: {}
COMMAND: POST /session/b0bce561eedd0ef2cd491e5795c56593/element - {"using":"xpath","value":"//li[.//span[text()='613']]"}
RESULT: {"using":"xpath","value":"//li[.//span[text()='613']]"}
COMMAND: POST /session/b0bce561eedd0ef2cd491e5795c56593/element/f.633F000A9FA1F61B5279087A5498CC04.d.1593A2636DD1B89FDE469C131E93805F.e.3070/click - {}
RESULT: {}
COMMAND: GET /session/b0bce561eedd0ef2cd491e5795c56593/screenshot - {}
RESULT: {}
COMMAND: POST /session/b0bce561eedd0ef2cd491e5795c56593/element - {"using":"xpath","value":"(//span[contains(@id, \"-application-manageresources-display-component---newResourceUnit--RUTimeSegment-0-arrow\")])[6]"}
RESULT: {"using":"xpath","value":"(//span[contains(@id, \"-application-manageresources-display-component---newResourceUnit--RUTimeSegment-0-arrow\")])[6]"}
COMMAND: POST /session/b0bce561eedd0ef2cd491e5795c56593/element/f.633F000A9FA1F61B5279087A5498CC04.d.1593A2636DD1B89FDE469C131E93805F.e.3071/click - {}
RESULT: {}
COMMAND: POST /session/b0bce561eedd0ef2cd491e5795c56593/element - {"using":"xpath","value":"//span[contains(text(), \"PM Order\")]"}
COMMAND: GET /session/b0bce561eedd0ef2cd491e5795c56593/screenshot - {}
RESULT: {"using":"xpath","value":"//span[contains(text(), \"PM Order\")]"}
COMMAND: POST /session/b0bce561eedd0ef2cd491e5795c56593/element/f.633F000A9FA1F61B5279087A5498CC04.d.1593A2636DD1B89FDE469C131E93805F.e.3074/click - {}
RESULT: {}
RESULT: {}
COMMAND: GET /session/b0bce561eedd0ef2cd491e5795c56593/screenshot - {}
RESULT: {}
COMMAND: POST /session/b0bce561eedd0ef2cd491e5795c56593/element - {"using":"xpath","value":"(//span[contains(@id ,\"manageresources-display-component---newResourceUnit--RUTimeSegment-0-vhi\")])[2]"}
RESULT: {"using":"xpath","value":"(//span[contains(@id ,\"manageresources-display-component---newResourceUnit--RUTimeSegment-0-vhi\")])[2]"}
COMMAND: POST /session/b0bce561eedd0ef2cd491e5795c56593/element/f.633F000A9FA1F61B5279087A5498CC04.d.1593A2636DD1B89FDE469C131E93805F.e.3077/click - {}
RESULT: {}
COMMAND: GET /session/b0bce561eedd0ef2cd491e5795c56593/screenshot - {}
RESULT: {}
RESULT: undefined
COMMAND: POST /session/b0bce561eedd0ef2cd491e5795c56593/execute/async - {"script":"<script> [776 bytes]","args":[{"enterText":"4000360","selector":{"controlType":"sap.m.SearchField","properties":{"placeholder":"Search"},"searchOpenDialogs":true,"interaction":{"idSuffix":"I"}},"clearTextFirst":true,"interactionType":"ENTER_TEXT"}]}
RESULT: {"script":"<script> [776 bytes]","args":[{"enterText":"4000360","selector":{"controlType":"sap.m.SearchField","properties":{"placeholder":"Search"},"searchOpenDialogs":true,"interaction":{"idSuffix":"I"}},"clearTextFirst":true,"interactionType":"ENTER_TEXT"}]}
COMMAND: POST /session/b0bce561eedd0ef2cd491e5795c56593/actions - {"actions":[{"id":"action10","type":"key","parameters":{},"actions":[{"type":"keyDown","value":""},{"type":"pause","duration":10},{"type":"keyUp","value":""}]}]}
RESULT: {"actions":[{"id":"action10","type":"key","parameters":{},"actions":[{"type":"keyDown","value":""},{"type":"pause","duration":10},{"type":"keyUp","value":""}]}]}
COMMAND: GET /session/b0bce561eedd0ef2cd491e5795c56593/screenshot - {}
RESULT: {}
COMMAND: POST /session/b0bce561eedd0ef2cd491e5795c56593/element - {"using":"xpath","value":"//td/div/span[contains(text(), \"BGL Vehicles\")]"}
RESULT: {"using":"xpath","value":"//td/div/span[contains(text(), \"BGL Vehicles\")]"}
COMMAND: POST /session/b0bce561eedd0ef2cd491e5795c56593/element/f.633F000A9FA1F61B5279087A5498CC04.d.1593A2636DD1B89FDE469C131E93805F.e.3096/click - {}
RESULT: {}
COMMAND: GET /session/b0bce561eedd0ef2cd491e5795c56593/screenshot - {}
RESULT: {}
COMMAND: POST /session/b0bce561eedd0ef2cd491e5795c56593/element - {"using":"xpath","value":"//bdi[contains(text(), \"OK\")]"}
RESULT: {"using":"xpath","value":"//bdi[contains(text(), \"OK\")]"}
COMMAND: POST /session/b0bce561eedd0ef2cd491e5795c56593/element/f.633F000A9FA1F61B5279087A5498CC04.d.1593A2636DD1B89FDE469C131E93805F.e.3097/click - {}
RESULT: {}
COMMAND: GET /session/b0bce561eedd0ef2cd491e5795c56593/screenshot - {}
RESULT: {}
COMMAND: POST /session/b0bce561eedd0ef2cd491e5795c56593/execute/async - {"script":"<script> [1562 bytes]","args":[{"selector":{"id":"application-manageresources-display-component---newResourceUnit--newRRUPage-anchBar-application-manageresources-display-component---newResourceUnit--resource-anchor","interaction":{"idSuffix":"BDI-content"}},"wdio_ui5_key":"applicationmanageresources-display-component---newResourceUnit--newRRUPage-anchBar-application-manageresources-display-component---newResourceUnit--resource-anchor"}]}
RESULT: {"script":"<script> [1562 bytes]","args":[{"selector":{"id":"application-manageresources-display-component---newResourceUnit--newRRUPage-anchBar-application-manageresources-display-component---newResourceUnit--resource-anchor","interaction":{"idSuffix":"BDI-content"}},"wdio_ui5_key":"applicationmanageresources-display-component---newResourceUnit--newRRUPage-anchBar-application-manageresources-display-component---newResourceUnit--resource-anchor"}]}
RESULT: undefined
COMMAND: POST /session/b0bce561eedd0ef2cd491e5795c56593/element - {"using":"xpath","value":"//*[@id=\"application-manageresources-display-component---newResourceUnit--newRRUPage-anchBar-application-manageresources-display-component---newResourceUnit--resource-anchor\"]"}
RESULT: {"using":"xpath","value":"//*[@id=\"application-manageresources-display-component---newResourceUnit--newRRUPage-anchBar-application-manageresources-display-component---newResourceUnit--resource-anchor\"]"}
COMMAND: POST /session/b0bce561eedd0ef2cd491e5795c56593/element/f.633F000A9FA1F61B5279087A5498CC04.d.1593A2636DD1B89FDE469C131E93805F.e.3101/click - {}
RESULT: {}
COMMAND: POST /session/b0bce561eedd0ef2cd491e5795c56593/execute/async - {"script":"<script> [1562 bytes]","args":[{"selector":{"id":"application-manageresources-display-component---newResourceUnit--PLANNED_DELIVERY_DATE","interaction":{"idSuffix":"inner"}},"wdio_ui5_key":"applicationmanageresources-display-component---newResourceUnit--PLANNED_DELIVERY_DATE"}]}
COMMAND: GET /session/b0bce561eedd0ef2cd491e5795c56593/screenshot - {}
RESULT: {"script":"<script> [1562 bytes]","args":[{"selector":{"id":"application-manageresources-display-component---newResourceUnit--PLANNED_DELIVERY_DATE","interaction":{"idSuffix":"inner"}},"wdio_ui5_key":"applicationmanageresources-display-component---newResourceUnit--PLANNED_DELIVERY_DATE"}]}
RESULT: undefined
COMMAND: POST /session/b0bce561eedd0ef2cd491e5795c56593/execute/async - {"script":"<script> [6424 bytes]","args":[{"element-6066-11e4-a52e-4f735466cecf":"f.633F000A9FA1F61B5279087A5498CC04.d.1593A2636DD1B89FDE469C131E93805F.e.2964"},"setValue",["4/20/25"]]}
RESULT: {}
RESULT: {"script":"<script> [6424 bytes]","args":[{"element-6066-11e4-a52e-4f735466cecf":"f.633F000A9FA1F61B5279087A5498CC04.d.1593A2636DD1B89FDE469C131E93805F.e.2964"},"setValue",["4/20/25"]]}
COMMAND: POST /session/b0bce561eedd0ef2cd491e5795c56593/element - {"using":"xpath","value":"//button[@data-kt=\"resourceUnitSaveButton\"]"}
RESULT: {"using":"xpath","value":"//button[@data-kt=\"resourceUnitSaveButton\"]"}
COMMAND: POST /session/b0bce561eedd0ef2cd491e5795c56593/element/f.633F000A9FA1F61B5279087A5498CC04.d.1593A2636DD1B89FDE469C131E93805F.e.2925/click - {}
RESULT: {}
COMMAND: GET /session/b0bce561eedd0ef2cd491e5795c56593/screenshot - {}
RESULT: {}
COMMAND: POST /session/b0bce561eedd0ef2cd491e5795c56593/element - {"using":"xpath","value":"//bdi[contains(text(), \"Close\")]"}
RESULT: {"using":"xpath","value":"//bdi[contains(text(), \"Close\")]"}
COMMAND: POST /session/b0bce561eedd0ef2cd491e5795c56593/element/f.633F000A9FA1F61B5279087A5498CC04.d.1593A2636DD1B89FDE469C131E93805F.e.3109/click - {}
RESULT: {}
COMMAND: GET /session/b0bce561eedd0ef2cd491e5795c56593/screenshot - {}
RESULT: {}
COMMAND: POST /session/b0bce561eedd0ef2cd491e5795c56593/element - {"using":"xpath","value":"(//button[contains(@id ,\"actionsToolbar-overflowButton\")])[1]"}
RESULT: {"using":"xpath","value":"(//button[contains(@id ,\"actionsToolbar-overflowButton\")])[1]"}
COMMAND: POST /session/b0bce561eedd0ef2cd491e5795c56593/element/f.633F000A9FA1F61B5279087A5498CC04.d.1593A2636DD1B89FDE469C131E93805F.e.3162/click - {}
RESULT: {}
COMMAND: GET /session/b0bce561eedd0ef2cd491e5795c56593/screenshot - {}
RESULT: {}
COMMAND: POST /session/b0bce561eedd0ef2cd491e5795c56593/element - {"using":"xpath","value":"//button[@data-kt=\"priceInfoButton\"]"}
RESULT: {"using":"xpath","value":"//button[@data-kt=\"priceInfoButton\"]"}
COMMAND: POST /session/b0bce561eedd0ef2cd491e5795c56593/element/f.633F000A9FA1F61B5279087A5498CC04.d.1593A2636DD1B89FDE469C131E93805F.e.3169/click - {}
RESULT: {}
COMMAND: GET /session/b0bce561eedd0ef2cd491e5795c56593/screenshot - {}
RESULT: {}
]]></system-out>
    </testcase>
    <testcase classname="chrome.135_0_7049_42.windows.Billing_confirm_US117289" name="Should create new pricing rule" time="63.02">
      <system-out><![CDATA[
COMMAND: POST /session/b0bce561eedd0ef2cd491e5795c56593/element - {"using":"xpath","value":"//button[@data-kt=\"addButton\"]"}
RESULT: {"using":"xpath","value":"//button[@data-kt=\"addButton\"]"}
COMMAND: POST /session/b0bce561eedd0ef2cd491e5795c56593/elements - {"using":"xpath","value":"//button[@data-kt=\"addButton\"]"}
RESULT: {"using":"xpath","value":"//button[@data-kt=\"addButton\"]"}
COMMAND: POST /session/b0bce561eedd0ef2cd491e5795c56593/execute/sync - {"script":"<script> [8489 bytes]","args":[{"element-6066-11e4-a52e-4f735466cecf":"f.633F000A9FA1F61B5279087A5498CC04.d.1593A2636DD1B89FDE469C131E93805F.e.3205","ELEMENT":"f.633F000A9FA1F61B5279087A5498CC04.d.1593A2636DD1B89FDE469C131E93805F.e.3205"}]}
RESULT: {"script":"<script> [8489 bytes]","args":[{"element-6066-11e4-a52e-4f735466cecf":"f.633F000A9FA1F61B5279087A5498CC04.d.1593A2636DD1B89FDE469C131E93805F.e.3205","ELEMENT":"f.633F000A9FA1F61B5279087A5498CC04.d.1593A2636DD1B89FDE469C131E93805F.e.3205"}]}
COMMAND: GET /session/b0bce561eedd0ef2cd491e5795c56593/element/f.633F000A9FA1F61B5279087A5498CC04.d.1593A2636DD1B89FDE469C131E93805F.e.3205/enabled - {}
COMMAND: GET /session/b0bce561eedd0ef2cd491e5795c56593/screenshot - {}
RESULT: {}
COMMAND: POST /session/b0bce561eedd0ef2cd491e5795c56593/execute/sync - {"script":"<script> [8489 bytes]","args":[{"element-6066-11e4-a52e-4f735466cecf":"f.633F000A9FA1F61B5279087A5498CC04.d.1593A2636DD1B89FDE469C131E93805F.e.3205","ELEMENT":"f.633F000A9FA1F61B5279087A5498CC04.d.1593A2636DD1B89FDE469C131E93805F.e.3205"}]}
COMMAND: GET /session/b0bce561eedd0ef2cd491e5795c56593/screenshot - {}
RESULT: {}
RESULT: {"script":"<script> [8489 bytes]","args":[{"element-6066-11e4-a52e-4f735466cecf":"f.633F000A9FA1F61B5279087A5498CC04.d.1593A2636DD1B89FDE469C131E93805F.e.3205","ELEMENT":"f.633F000A9FA1F61B5279087A5498CC04.d.1593A2636DD1B89FDE469C131E93805F.e.3205"}]}
COMMAND: POST /session/b0bce561eedd0ef2cd491e5795c56593/execute/sync - {"script":"<script> [5351 bytes]","args":[{"element-6066-11e4-a52e-4f735466cecf":"f.633F000A9FA1F61B5279087A5498CC04.d.1593A2636DD1B89FDE469C131E93805F.e.3205","ELEMENT":"f.633F000A9FA1F61B5279087A5498CC04.d.1593A2636DD1B89FDE469C131E93805F.e.3205"}]}
COMMAND: GET /session/b0bce561eedd0ef2cd491e5795c56593/screenshot - {}
RESULT: {}
RESULT: {"script":"<script> [5351 bytes]","args":[{"element-6066-11e4-a52e-4f735466cecf":"f.633F000A9FA1F61B5279087A5498CC04.d.1593A2636DD1B89FDE469C131E93805F.e.3205","ELEMENT":"f.633F000A9FA1F61B5279087A5498CC04.d.1593A2636DD1B89FDE469C131E93805F.e.3205"}]}
COMMAND: POST /session/b0bce561eedd0ef2cd491e5795c56593/element/f.633F000A9FA1F61B5279087A5498CC04.d.1593A2636DD1B89FDE469C131E93805F.e.3205/click - {}
COMMAND: GET /session/b0bce561eedd0ef2cd491e5795c56593/screenshot - {}
RESULT: {}
RESULT: {}
COMMAND: GET /session/b0bce561eedd0ef2cd491e5795c56593/screenshot - {}
RESULT: {}
RESULT: {}
COMMAND: POST /session/b0bce561eedd0ef2cd491e5795c56593/execute/async - {"script":"<script> [1562 bytes]","args":[{"selector":{"controlType":"sap.m.Title","viewName":"etm.portal.ui.managepricingrules.view.NewItem","viewId":"application-managepricingrules-display-component---newInfoPriceItem","properties":{"text":"New Pricing Rules - Item Level"}},"wdio_ui5_key":"etmportal.ui.managepricingrules.view.NewItemsap.m.Title{\"text\":\"New Pricing Rules - Item Level\"}"}]}
RESULT: {"script":"<script> [1562 bytes]","args":[{"selector":{"controlType":"sap.m.Title","viewName":"etm.portal.ui.managepricingrules.view.NewItem","viewId":"application-managepricingrules-display-component---newInfoPriceItem","properties":{"text":"New Pricing Rules - Item Level"}},"wdio_ui5_key":"etmportal.ui.managepricingrules.view.NewItemsap.m.Title{\"text\":\"New Pricing Rules - Item Level\"}"}]}
RESULT: undefined
COMMAND: POST /session/b0bce561eedd0ef2cd491e5795c56593/execute/async - {"script":"<script> [6424 bytes]","args":[{"element-6066-11e4-a52e-4f735466cecf":"f.633F000A9FA1F61B5279087A5498CC04.d.1593A2636DD1B89FDE469C131E93805F.e.3366"},"getText",[]]}
RESULT: {"script":"<script> [6424 bytes]","args":[{"element-6066-11e4-a52e-4f735466cecf":"f.633F000A9FA1F61B5279087A5498CC04.d.1593A2636DD1B89FDE469C131E93805F.e.3366"},"getText",[]]}
COMMAND: POST /session/b0bce561eedd0ef2cd491e5795c56593/execute/async - {"script":"<script> [1562 bytes]","args":[{"selector":{"id":"application-managepricingrules-display-component---newInfoPriceItem--condValidTo","interaction":{"idSuffix":"inner"}},"wdio_ui5_key":"applicationmanagepricingrules-display-component---newInfoPriceItem--condValidTo"}]}
RESULT: {"script":"<script> [1562 bytes]","args":[{"selector":{"id":"application-managepricingrules-display-component---newInfoPriceItem--condValidTo","interaction":{"idSuffix":"inner"}},"wdio_ui5_key":"applicationmanagepricingrules-display-component---newInfoPriceItem--condValidTo"}]}
RESULT: undefined
COMMAND: POST /session/b0bce561eedd0ef2cd491e5795c56593/execute/async - {"script":"<script> [776 bytes]","args":[{"enterText":"12/20/25","selector":{"id":"application-managepricingrules-display-component---newInfoPriceItem--condValidTo","interaction":{"idSuffix":"inner"}},"clearTextFirst":true,"interactionType":"ENTER_TEXT"}]}
RESULT: {"script":"<script> [776 bytes]","args":[{"enterText":"12/20/25","selector":{"id":"application-managepricingrules-display-component---newInfoPriceItem--condValidTo","interaction":{"idSuffix":"inner"}},"clearTextFirst":true,"interactionType":"ENTER_TEXT"}]}
COMMAND: POST /session/b0bce561eedd0ef2cd491e5795c56593/execute/async - {"script":"<script> [1562 bytes]","args":[{"selector":{"id":"application-managepricingrules-display-component---newInfoPriceItem--billType-arrow"},"wdio_ui5_key":"applicationmanagepricingrules-display-component---newInfoPriceItem--billType-arrow"}]}
RESULT: {"script":"<script> [1562 bytes]","args":[{"selector":{"id":"application-managepricingrules-display-component---newInfoPriceItem--billType-arrow"},"wdio_ui5_key":"applicationmanagepricingrules-display-component---newInfoPriceItem--billType-arrow"}]}
RESULT: undefined
COMMAND: POST /session/b0bce561eedd0ef2cd491e5795c56593/element - {"using":"xpath","value":"//*[@id=\"application-managepricingrules-display-component---newInfoPriceItem--billType-arrow\"]"}
RESULT: {"using":"xpath","value":"//*[@id=\"application-managepricingrules-display-component---newInfoPriceItem--billType-arrow\"]"}
COMMAND: POST /session/b0bce561eedd0ef2cd491e5795c56593/element/f.633F000A9FA1F61B5279087A5498CC04.d.1593A2636DD1B89FDE469C131E93805F.e.3368/click - {}
RESULT: {}
COMMAND: POST /session/b0bce561eedd0ef2cd491e5795c56593/element - {"using":"xpath","value":"//span[contains(text(), \"TB - Time based\")]"}
COMMAND: GET /session/b0bce561eedd0ef2cd491e5795c56593/screenshot - {}
RESULT: {"using":"xpath","value":"//span[contains(text(), \"TB - Time based\")]"}
COMMAND: POST /session/b0bce561eedd0ef2cd491e5795c56593/element/f.633F000A9FA1F61B5279087A5498CC04.d.1593A2636DD1B89FDE469C131E93805F.e.3369/click - {}
RESULT: {}
RESULT: {}
COMMAND: POST /session/b0bce561eedd0ef2cd491e5795c56593/execute/async - {"script":"<script> [1562 bytes]","args":[{"selector":{"id":"application-managepricingrules-display-component---newInfoPriceItem--priceProc-arrow"},"wdio_ui5_key":"applicationmanagepricingrules-display-component---newInfoPriceItem--priceProc-arrow"}]}
COMMAND: GET /session/b0bce561eedd0ef2cd491e5795c56593/screenshot - {}
RESULT: {"script":"<script> [1562 bytes]","args":[{"selector":{"id":"application-managepricingrules-display-component---newInfoPriceItem--priceProc-arrow"},"wdio_ui5_key":"applicationmanagepricingrules-display-component---newInfoPriceItem--priceProc-arrow"}]}
RESULT: undefined
COMMAND: POST /session/b0bce561eedd0ef2cd491e5795c56593/element - {"using":"xpath","value":"//*[@id=\"application-managepricingrules-display-component---newInfoPriceItem--priceProc-arrow\"]"}
RESULT: {}
RESULT: {"using":"xpath","value":"//*[@id=\"application-managepricingrules-display-component---newInfoPriceItem--priceProc-arrow\"]"}
COMMAND: POST /session/b0bce561eedd0ef2cd491e5795c56593/element/f.633F000A9FA1F61B5279087A5498CC04.d.1593A2636DD1B89FDE469C131E93805F.e.3331/click - {}
RESULT: {}
COMMAND: POST /session/b0bce561eedd0ef2cd491e5795c56593/element - {"using":"xpath","value":"//span[contains(text(), \"TBS - Time based standard\")]"}
COMMAND: GET /session/b0bce561eedd0ef2cd491e5795c56593/screenshot - {}
RESULT: {"using":"xpath","value":"//span[contains(text(), \"TBS - Time based standard\")]"}
COMMAND: POST /session/b0bce561eedd0ef2cd491e5795c56593/element/f.633F000A9FA1F61B5279087A5498CC04.d.1593A2636DD1B89FDE469C131E93805F.e.3370/click - {}
RESULT: {}
RESULT: {}
COMMAND: POST /session/b0bce561eedd0ef2cd491e5795c56593/execute/async - {"script":"<script> [1562 bytes]","args":[{"selector":{"id":"application-managepricingrules-display-component---newInfoPriceItem--calcBase-arrow"},"wdio_ui5_key":"applicationmanagepricingrules-display-component---newInfoPriceItem--calcBase-arrow"}]}
COMMAND: GET /session/b0bce561eedd0ef2cd491e5795c56593/screenshot - {}
RESULT: {"script":"<script> [1562 bytes]","args":[{"selector":{"id":"application-managepricingrules-display-component---newInfoPriceItem--calcBase-arrow"},"wdio_ui5_key":"applicationmanagepricingrules-display-component---newInfoPriceItem--calcBase-arrow"}]}
RESULT: undefined
COMMAND: POST /session/b0bce561eedd0ef2cd491e5795c56593/element - {"using":"xpath","value":"//*[@id=\"application-managepricingrules-display-component---newInfoPriceItem--calcBase-arrow\"]"}
RESULT: {}
RESULT: {"using":"xpath","value":"//*[@id=\"application-managepricingrules-display-component---newInfoPriceItem--calcBase-arrow\"]"}
COMMAND: POST /session/b0bce561eedd0ef2cd491e5795c56593/element/f.633F000A9FA1F61B5279087A5498CC04.d.1593A2636DD1B89FDE469C131E93805F.e.3338/click - {}
RESULT: {}
COMMAND: GET /session/b0bce561eedd0ef2cd491e5795c56593/screenshot - {}
RESULT: {}
COMMAND: POST /session/b0bce561eedd0ef2cd491e5795c56593/element - {"using":"xpath","value":"//span[contains(text(), \"0006 - TB(calendar days)\")]"}
RESULT: {"using":"xpath","value":"//span[contains(text(), \"0006 - TB(calendar days)\")]"}
COMMAND: POST /session/b0bce561eedd0ef2cd491e5795c56593/element/f.633F000A9FA1F61B5279087A5498CC04.d.1593A2636DD1B89FDE469C131E93805F.e.3371/click - {}
RESULT: {}
COMMAND: GET /session/b0bce561eedd0ef2cd491e5795c56593/screenshot - {}
RESULT: {}
COMMAND: POST /session/b0bce561eedd0ef2cd491e5795c56593/execute/async - {"script":"<script> [1562 bytes]","args":[{"selector":{"id":"application-managepricingrules-display-component---newInfoPriceItem--daysMonth","interaction":{"idSuffix":"inner"}},"wdio_ui5_key":"applicationmanagepricingrules-display-component---newInfoPriceItem--daysMonth"}]}
RESULT: {"script":"<script> [1562 bytes]","args":[{"selector":{"id":"application-managepricingrules-display-component---newInfoPriceItem--daysMonth","interaction":{"idSuffix":"inner"}},"wdio_ui5_key":"applicationmanagepricingrules-display-component---newInfoPriceItem--daysMonth"}]}
RESULT: undefined
COMMAND: POST /session/b0bce561eedd0ef2cd491e5795c56593/execute/async - {"script":"<script> [776 bytes]","args":[{"enterText":"30","selector":{"id":"application-managepricingrules-display-component---newInfoPriceItem--daysMonth","interaction":{"idSuffix":"inner"}},"clearTextFirst":true,"interactionType":"ENTER_TEXT"}]}
RESULT: {"script":"<script> [776 bytes]","args":[{"enterText":"30","selector":{"id":"application-managepricingrules-display-component---newInfoPriceItem--daysMonth","interaction":{"idSuffix":"inner"}},"clearTextFirst":true,"interactionType":"ENTER_TEXT"}]}
COMMAND: POST /session/b0bce561eedd0ef2cd491e5795c56593/element - {"using":"xpath","value":"//button[@data-kt=\"saveNewRuleButton\"]"}
RESULT: {"using":"xpath","value":"//button[@data-kt=\"saveNewRuleButton\"]"}
COMMAND: POST /session/b0bce561eedd0ef2cd491e5795c56593/element/f.633F000A9FA1F61B5279087A5498CC04.d.1593A2636DD1B89FDE469C131E93805F.e.3355/click - {}
RESULT: {}
COMMAND: GET /session/b0bce561eedd0ef2cd491e5795c56593/screenshot - {}
RESULT: {}
COMMAND: POST /session/b0bce561eedd0ef2cd491e5795c56593/execute/async - {"script":"<script> [1562 bytes]","args":[{"selector":{"id":"application-managepricingrules-display-component---priceInfoItem--smartFilterBar-btnBasicSearch","interaction":{"idSuffix":"I"}},"wdio_ui5_key":"applicationmanagepricingrules-display-component---priceInfoItem--smartFilterBar-btnBasicSearch"}]}
RESULT: {"script":"<script> [1562 bytes]","args":[{"selector":{"id":"application-managepricingrules-display-component---priceInfoItem--smartFilterBar-btnBasicSearch","interaction":{"idSuffix":"I"}},"wdio_ui5_key":"applicationmanagepricingrules-display-component---priceInfoItem--smartFilterBar-btnBasicSearch"}]}
RESULT: undefined
COMMAND: POST /session/b0bce561eedd0ef2cd491e5795c56593/execute/async - {"script":"<script> [776 bytes]","args":[{"enterText":"W4SvNjxe5W","selector":{"id":"application-managepricingrules-display-component---priceInfoItem--smartFilterBar-btnBasicSearch","interaction":{"idSuffix":"I"}},"clearTextFirst":true,"interactionType":"ENTER_TEXT"}]}
RESULT: {"script":"<script> [776 bytes]","args":[{"enterText":"W4SvNjxe5W","selector":{"id":"application-managepricingrules-display-component---priceInfoItem--smartFilterBar-btnBasicSearch","interaction":{"idSuffix":"I"}},"clearTextFirst":true,"interactionType":"ENTER_TEXT"}]}
COMMAND: POST /session/b0bce561eedd0ef2cd491e5795c56593/actions - {"actions":[{"id":"action11","type":"key","parameters":{},"actions":[{"type":"keyDown","value":""},{"type":"pause","duration":10},{"type":"keyUp","value":""}]}]}
RESULT: {"actions":[{"id":"action11","type":"key","parameters":{},"actions":[{"type":"keyDown","value":""},{"type":"pause","duration":10},{"type":"keyUp","value":""}]}]}
COMMAND: GET /session/b0bce561eedd0ef2cd491e5795c56593/screenshot - {}
RESULT: {}
COMMAND: POST /session/b0bce561eedd0ef2cd491e5795c56593/element - {"using":"xpath","value":"//span[@id=\"application-managepricingrules-display-component---priceInfoItem--smartTable-header-inner\"]"}
RESULT: {"using":"xpath","value":"//span[@id=\"application-managepricingrules-display-component---priceInfoItem--smartTable-header-inner\"]"}
COMMAND: POST /session/b0bce561eedd0ef2cd491e5795c56593/elements - {"using":"xpath","value":"//span[@id=\"application-managepricingrules-display-component---priceInfoItem--smartTable-header-inner\"]"}
RESULT: {"using":"xpath","value":"//span[@id=\"application-managepricingrules-display-component---priceInfoItem--smartTable-header-inner\"]"}
COMMAND: POST /session/b0bce561eedd0ef2cd491e5795c56593/execute/sync - {"script":"<script> [56 bytes]","args":[{"element-6066-11e4-a52e-4f735466cecf":"f.633F000A9FA1F61B5279087A5498CC04.d.1593A2636DD1B89FDE469C131E93805F.e.3396","ELEMENT":"f.633F000A9FA1F61B5279087A5498CC04.d.1593A2636DD1B89FDE469C131E93805F.e.3396"}]}
RESULT: {"script":"<script> [56 bytes]","args":[{"element-6066-11e4-a52e-4f735466cecf":"f.633F000A9FA1F61B5279087A5498CC04.d.1593A2636DD1B89FDE469C131E93805F.e.3396","ELEMENT":"f.633F000A9FA1F61B5279087A5498CC04.d.1593A2636DD1B89FDE469C131E93805F.e.3396"}]}
COMMAND: POST /session/b0bce561eedd0ef2cd491e5795c56593/element - {"using":"css selector","value":"#shell-header-logo"}
COMMAND: GET /session/b0bce561eedd0ef2cd491e5795c56593/screenshot - {}
RESULT: {"using":"css selector","value":"#shell-header-logo"}
COMMAND: POST /session/b0bce561eedd0ef2cd491e5795c56593/element/f.633F000A9FA1F61B5279087A5498CC04.d.1593A2636DD1B89FDE469C131E93805F.e.2521/click - {}
RESULT: {}
RESULT: {}
COMMAND: GET /session/b0bce561eedd0ef2cd491e5795c56593/screenshot - {}
RESULT: {}
]]></system-out>
    </testcase>
    <testcase classname="chrome.135_0_7049_42.windows.Billing_confirm_US117289" name="Should create new condition for equipment" time="72.795">
      <system-out><![CDATA[
COMMAND: POST /session/b0bce561eedd0ef2cd491e5795c56593/execute/async - {"script":"<script> [1562 bytes]","args":[{"selector":{"controlType":"sap.m.Text","properties":{"text":"Manage Conditions & Prices"},"interaction":{"idSuffix":"inner"}},"wdio_ui5_key":"sapm.Text{\"text\":\"Manage Conditions & Prices\"}"}]}
RESULT: {"script":"<script> [1562 bytes]","args":[{"selector":{"controlType":"sap.m.Text","properties":{"text":"Manage Conditions & Prices"},"interaction":{"idSuffix":"inner"}},"wdio_ui5_key":"sapm.Text{\"text\":\"Manage Conditions & Prices\"}"}]}
RESULT: undefined
COMMAND: POST /session/b0bce561eedd0ef2cd491e5795c56593/element - {"using":"xpath","value":"//*[@id=\"__tile53-title\"]"}
RESULT: {"using":"xpath","value":"//*[@id=\"__tile53-title\"]"}
COMMAND: POST /session/b0bce561eedd0ef2cd491e5795c56593/element/f.633F000A9FA1F61B5279087A5498CC04.d.1593A2636DD1B89FDE469C131E93805F.e.3399/click - {}
RESULT: {}
COMMAND: POST /session/b0bce561eedd0ef2cd491e5795c56593/element - {"using":"xpath","value":"//button[@aria-label=\"Create\"]"}
COMMAND: GET /session/b0bce561eedd0ef2cd491e5795c56593/screenshot - {}
RESULT: {"using":"xpath","value":"//button[@aria-label=\"Create\"]"}
COMMAND: POST /session/b0bce561eedd0ef2cd491e5795c56593/elements - {"using":"xpath","value":"//button[@aria-label=\"Create\"]"}
RESULT: {}
RESULT: {"using":"xpath","value":"//button[@aria-label=\"Create\"]"}
COMMAND: POST /session/b0bce561eedd0ef2cd491e5795c56593/elements - {"using":"xpath","value":"//button[@aria-label=\"Create\"]"}
RESULT: {"using":"xpath","value":"//button[@aria-label=\"Create\"]"}
COMMAND: POST /session/b0bce561eedd0ef2cd491e5795c56593/element - {"using":"xpath","value":"//button[@aria-label=\"Create\"]"}
RESULT: {"using":"xpath","value":"//button[@aria-label=\"Create\"]"}
COMMAND: POST /session/b0bce561eedd0ef2cd491e5795c56593/execute/sync - {"script":"<script> [8489 bytes]","args":[{"element-6066-11e4-a52e-4f735466cecf":"f.633F000A9FA1F61B5279087A5498CC04.d.1593A2636DD1B89FDE469C131E93805F.e.3434","ELEMENT":"f.633F000A9FA1F61B5279087A5498CC04.d.1593A2636DD1B89FDE469C131E93805F.e.3434"}]}
RESULT: {"script":"<script> [8489 bytes]","args":[{"element-6066-11e4-a52e-4f735466cecf":"f.633F000A9FA1F61B5279087A5498CC04.d.1593A2636DD1B89FDE469C131E93805F.e.3434","ELEMENT":"f.633F000A9FA1F61B5279087A5498CC04.d.1593A2636DD1B89FDE469C131E93805F.e.3434"}]}
COMMAND: GET /session/b0bce561eedd0ef2cd491e5795c56593/element/f.633F000A9FA1F61B5279087A5498CC04.d.1593A2636DD1B89FDE469C131E93805F.e.3434/enabled - {}
COMMAND: GET /session/b0bce561eedd0ef2cd491e5795c56593/screenshot - {}
RESULT: {}
COMMAND: POST /session/b0bce561eedd0ef2cd491e5795c56593/execute/sync - {"script":"<script> [8489 bytes]","args":[{"element-6066-11e4-a52e-4f735466cecf":"f.633F000A9FA1F61B5279087A5498CC04.d.1593A2636DD1B89FDE469C131E93805F.e.3434","ELEMENT":"f.633F000A9FA1F61B5279087A5498CC04.d.1593A2636DD1B89FDE469C131E93805F.e.3434"}]}
COMMAND: GET /session/b0bce561eedd0ef2cd491e5795c56593/screenshot - {}
RESULT: {}
RESULT: {"script":"<script> [8489 bytes]","args":[{"element-6066-11e4-a52e-4f735466cecf":"f.633F000A9FA1F61B5279087A5498CC04.d.1593A2636DD1B89FDE469C131E93805F.e.3434","ELEMENT":"f.633F000A9FA1F61B5279087A5498CC04.d.1593A2636DD1B89FDE469C131E93805F.e.3434"}]}
COMMAND: POST /session/b0bce561eedd0ef2cd491e5795c56593/execute/sync - {"script":"<script> [5351 bytes]","args":[{"element-6066-11e4-a52e-4f735466cecf":"f.633F000A9FA1F61B5279087A5498CC04.d.1593A2636DD1B89FDE469C131E93805F.e.3434","ELEMENT":"f.633F000A9FA1F61B5279087A5498CC04.d.1593A2636DD1B89FDE469C131E93805F.e.3434"}]}
COMMAND: GET /session/b0bce561eedd0ef2cd491e5795c56593/screenshot - {}
RESULT: {}
RESULT: {"script":"<script> [5351 bytes]","args":[{"element-6066-11e4-a52e-4f735466cecf":"f.633F000A9FA1F61B5279087A5498CC04.d.1593A2636DD1B89FDE469C131E93805F.e.3434","ELEMENT":"f.633F000A9FA1F61B5279087A5498CC04.d.1593A2636DD1B89FDE469C131E93805F.e.3434"}]}
COMMAND: POST /session/b0bce561eedd0ef2cd491e5795c56593/element/f.633F000A9FA1F61B5279087A5498CC04.d.1593A2636DD1B89FDE469C131E93805F.e.3434/click - {}
COMMAND: GET /session/b0bce561eedd0ef2cd491e5795c56593/screenshot - {}
RESULT: {}
RESULT: {}
COMMAND: GET /session/b0bce561eedd0ef2cd491e5795c56593/screenshot - {}
RESULT: {}
RESULT: {}
COMMAND: POST /session/b0bce561eedd0ef2cd491e5795c56593/actions - {"actions":[{"id":"action12","type":"key","parameters":{},"actions":[{"type":"keyDown","value":""},{"type":"pause","duration":10},{"type":"keyUp","value":""}]}]}
RESULT: {"actions":[{"id":"action12","type":"key","parameters":{},"actions":[{"type":"keyDown","value":""},{"type":"pause","duration":10},{"type":"keyUp","value":""}]}]}
COMMAND: GET /session/b0bce561eedd0ef2cd491e5795c56593/screenshot - {}
RESULT: {}
COMMAND: POST /session/b0bce561eedd0ef2cd491e5795c56593/execute/async - {"script":"<script> [1562 bytes]","args":[{"selector":{"id":"application-manageconditionprice-display-component---newCondition--condBillCond-arrow"},"wdio_ui5_key":"applicationmanageconditionprice-display-component---newCondition--condBillCond-arrow"}]}
RESULT: {"script":"<script> [1562 bytes]","args":[{"selector":{"id":"application-manageconditionprice-display-component---newCondition--condBillCond-arrow"},"wdio_ui5_key":"applicationmanageconditionprice-display-component---newCondition--condBillCond-arrow"}]}
RESULT: undefined
COMMAND: POST /session/b0bce561eedd0ef2cd491e5795c56593/element - {"using":"xpath","value":"//*[@id=\"application-manageconditionprice-display-component---newCondition--condBillCond-arrow\"]"}
RESULT: {"using":"xpath","value":"//*[@id=\"application-manageconditionprice-display-component---newCondition--condBillCond-arrow\"]"}
COMMAND: POST /session/b0bce561eedd0ef2cd491e5795c56593/element/f.633F000A9FA1F61B5279087A5498CC04.d.1593A2636DD1B89FDE469C131E93805F.e.3613/click - {}
RESULT: {}
COMMAND: GET /session/b0bce561eedd0ef2cd491e5795c56593/screenshot - {}
RESULT: {}
COMMAND: POST /session/b0bce561eedd0ef2cd491e5795c56593/element - {"using":"xpath","value":"//li[.//span[contains(text(), \"DISP - D&I special price\")]]"}
RESULT: {"using":"xpath","value":"//li[.//span[contains(text(), \"DISP - D&I special price\")]]"}
COMMAND: POST /session/b0bce561eedd0ef2cd491e5795c56593/element/f.633F000A9FA1F61B5279087A5498CC04.d.1593A2636DD1B89FDE469C131E93805F.e.3616/click - {}
RESULT: {}
COMMAND: GET /session/b0bce561eedd0ef2cd491e5795c56593/screenshot - {}
RESULT: {}
COMMAND: POST /session/b0bce561eedd0ef2cd491e5795c56593/execute/async - {"script":"<script> [1562 bytes]","args":[{"selector":{"id":"application-manageconditionprice-display-component---newCondition--condValidTo","interaction":{"idSuffix":"inner"}},"wdio_ui5_key":"applicationmanageconditionprice-display-component---newCondition--condValidTo"}]}
RESULT: {"script":"<script> [1562 bytes]","args":[{"selector":{"id":"application-manageconditionprice-display-component---newCondition--condValidTo","interaction":{"idSuffix":"inner"}},"wdio_ui5_key":"applicationmanageconditionprice-display-component---newCondition--condValidTo"}]}
RESULT: undefined
COMMAND: POST /session/b0bce561eedd0ef2cd491e5795c56593/execute/async - {"script":"<script> [776 bytes]","args":[{"enterText":"12/20/25","selector":{"id":"application-manageconditionprice-display-component---newCondition--condValidTo","interaction":{"idSuffix":"inner"}},"clearTextFirst":true,"interactionType":"ENTER_TEXT"}]}
RESULT: {"script":"<script> [776 bytes]","args":[{"enterText":"12/20/25","selector":{"id":"application-manageconditionprice-display-component---newCondition--condValidTo","interaction":{"idSuffix":"inner"}},"clearTextFirst":true,"interactionType":"ENTER_TEXT"}]}
COMMAND: POST /session/b0bce561eedd0ef2cd491e5795c56593/element - {"using":"xpath","value":"//input[@id=\"application-manageconditionprice-display-component---newCondition--condRU-inner\"]"}
RESULT: {"using":"xpath","value":"//input[@id=\"application-manageconditionprice-display-component---newCondition--condRU-inner\"]"}
COMMAND: POST /session/b0bce561eedd0ef2cd491e5795c56593/element/f.633F000A9FA1F61B5279087A5498CC04.d.1593A2636DD1B89FDE469C131E93805F.e.3480/clear - {}
RESULT: {}
COMMAND: POST /session/b0bce561eedd0ef2cd491e5795c56593/element/f.633F000A9FA1F61B5279087A5498CC04.d.1593A2636DD1B89FDE469C131E93805F.e.3480/value - {"text":"W4SvNjxe5W"}
COMMAND: GET /session/b0bce561eedd0ef2cd491e5795c56593/screenshot - {}
RESULT: {"text":"W4SvNjxe5W"}
COMMAND: GET /session/b0bce561eedd0ef2cd491e5795c56593/screenshot - {}
RESULT: {}
RESULT: {}
COMMAND: POST /session/b0bce561eedd0ef2cd491e5795c56593/actions - {"actions":[{"id":"action13","type":"key","parameters":{},"actions":[{"type":"keyDown","value":""},{"type":"pause","duration":10},{"type":"keyUp","value":""}]}]}
RESULT: {"actions":[{"id":"action13","type":"key","parameters":{},"actions":[{"type":"keyDown","value":""},{"type":"pause","duration":10},{"type":"keyUp","value":""}]}]}
COMMAND: POST /session/b0bce561eedd0ef2cd491e5795c56593/execute/async - {"script":"<script> [1562 bytes]","args":[{"selector":{"id":"application-manageconditionprice-display-component---newCondition--condBaseQty","interaction":{"idSuffix":"inner"}},"wdio_ui5_key":"applicationmanageconditionprice-display-component---newCondition--condBaseQty"}]}
COMMAND: GET /session/b0bce561eedd0ef2cd491e5795c56593/screenshot - {}
RESULT: {"script":"<script> [1562 bytes]","args":[{"selector":{"id":"application-manageconditionprice-display-component---newCondition--condBaseQty","interaction":{"idSuffix":"inner"}},"wdio_ui5_key":"applicationmanageconditionprice-display-component---newCondition--condBaseQty"}]}
RESULT: undefined
COMMAND: POST /session/b0bce561eedd0ef2cd491e5795c56593/execute/async - {"script":"<script> [776 bytes]","args":[{"enterText":"1","selector":{"id":"application-manageconditionprice-display-component---newCondition--condBaseQty","interaction":{"idSuffix":"inner"}},"clearTextFirst":true,"interactionType":"ENTER_TEXT"}]}
RESULT: {}
RESULT: {"script":"<script> [776 bytes]","args":[{"enterText":"1","selector":{"id":"application-manageconditionprice-display-component---newCondition--condBaseQty","interaction":{"idSuffix":"inner"}},"clearTextFirst":true,"interactionType":"ENTER_TEXT"}]}
COMMAND: POST /session/b0bce561eedd0ef2cd491e5795c56593/execute/async - {"script":"<script> [1562 bytes]","args":[{"selector":{"id":"application-manageconditionprice-display-component---newCondition--condValue","interaction":{"idSuffix":"inner"}},"wdio_ui5_key":"applicationmanageconditionprice-display-component---newCondition--condValue"}]}
RESULT: {"script":"<script> [1562 bytes]","args":[{"selector":{"id":"application-manageconditionprice-display-component---newCondition--condValue","interaction":{"idSuffix":"inner"}},"wdio_ui5_key":"applicationmanageconditionprice-display-component---newCondition--condValue"}]}
RESULT: undefined
COMMAND: POST /session/b0bce561eedd0ef2cd491e5795c56593/execute/async - {"script":"<script> [776 bytes]","args":[{"enterText":"100","selector":{"id":"application-manageconditionprice-display-component---newCondition--condValue","interaction":{"idSuffix":"inner"}},"clearTextFirst":true,"interactionType":"ENTER_TEXT"}]}
RESULT: {"script":"<script> [776 bytes]","args":[{"enterText":"100","selector":{"id":"application-manageconditionprice-display-component---newCondition--condValue","interaction":{"idSuffix":"inner"}},"clearTextFirst":true,"interactionType":"ENTER_TEXT"}]}
COMMAND: POST /session/b0bce561eedd0ef2cd491e5795c56593/execute/async - {"script":"<script> [1562 bytes]","args":[{"selector":{"id":"application-manageconditionprice-display-component---newCondition--condCurr-arrow"},"wdio_ui5_key":"applicationmanageconditionprice-display-component---newCondition--condCurr-arrow"}]}
RESULT: {"script":"<script> [1562 bytes]","args":[{"selector":{"id":"application-manageconditionprice-display-component---newCondition--condCurr-arrow"},"wdio_ui5_key":"applicationmanageconditionprice-display-component---newCondition--condCurr-arrow"}]}
RESULT: undefined
COMMAND: POST /session/b0bce561eedd0ef2cd491e5795c56593/element - {"using":"xpath","value":"//*[@id=\"application-manageconditionprice-display-component---newCondition--condCurr-arrow\"]"}
RESULT: {"using":"xpath","value":"//*[@id=\"application-manageconditionprice-display-component---newCondition--condCurr-arrow\"]"}
COMMAND: POST /session/b0bce561eedd0ef2cd491e5795c56593/element/f.633F000A9FA1F61B5279087A5498CC04.d.1593A2636DD1B89FDE469C131E93805F.e.3589/click - {}
RESULT: {}
COMMAND: POST /session/b0bce561eedd0ef2cd491e5795c56593/element - {"using":"xpath","value":"//span[contains(text(), \"Euro\")]"}
COMMAND: GET /session/b0bce561eedd0ef2cd491e5795c56593/screenshot - {}
RESULT: {"using":"xpath","value":"//span[contains(text(), \"Euro\")]"}
COMMAND: POST /session/b0bce561eedd0ef2cd491e5795c56593/element/f.633F000A9FA1F61B5279087A5498CC04.d.1593A2636DD1B89FDE469C131E93805F.e.3655/click - {}
RESULT: {}
RESULT: {}
COMMAND: POST /session/b0bce561eedd0ef2cd491e5795c56593/element - {"using":"xpath","value":"//button[@data-kt=\"saveButton\"]"}
COMMAND: GET /session/b0bce561eedd0ef2cd491e5795c56593/screenshot - {}
RESULT: {"using":"xpath","value":"//button[@data-kt=\"saveButton\"]"}
COMMAND: POST /session/b0bce561eedd0ef2cd491e5795c56593/element/f.633F000A9FA1F61B5279087A5498CC04.d.1593A2636DD1B89FDE469C131E93805F.e.3590/click - {}
RESULT: {}
RESULT: {}
COMMAND: GET /session/b0bce561eedd0ef2cd491e5795c56593/screenshot - {}
RESULT: {}
COMMAND: POST /session/b0bce561eedd0ef2cd491e5795c56593/execute/async - {"script":"<script> [1562 bytes]","args":[{"selector":{"id":"application-manageconditionprice-display-component---conditions--smartFilterBar-btnBasicSearch","interaction":{"idSuffix":"I"}},"wdio_ui5_key":"applicationmanageconditionprice-display-component---conditions--smartFilterBar-btnBasicSearch"}]}
RESULT: {"script":"<script> [1562 bytes]","args":[{"selector":{"id":"application-manageconditionprice-display-component---conditions--smartFilterBar-btnBasicSearch","interaction":{"idSuffix":"I"}},"wdio_ui5_key":"applicationmanageconditionprice-display-component---conditions--smartFilterBar-btnBasicSearch"}]}
RESULT: undefined
COMMAND: POST /session/b0bce561eedd0ef2cd491e5795c56593/execute/async - {"script":"<script> [776 bytes]","args":[{"enterText":"W4SvNjxe5W","selector":{"id":"application-manageconditionprice-display-component---conditions--smartFilterBar-btnBasicSearch","interaction":{"idSuffix":"I"}},"clearTextFirst":true,"interactionType":"ENTER_TEXT"}]}
RESULT: {"script":"<script> [776 bytes]","args":[{"enterText":"W4SvNjxe5W","selector":{"id":"application-manageconditionprice-display-component---conditions--smartFilterBar-btnBasicSearch","interaction":{"idSuffix":"I"}},"clearTextFirst":true,"interactionType":"ENTER_TEXT"}]}
COMMAND: POST /session/b0bce561eedd0ef2cd491e5795c56593/actions - {"actions":[{"id":"action14","type":"key","parameters":{},"actions":[{"type":"keyDown","value":""},{"type":"pause","duration":10},{"type":"keyUp","value":""}]}]}
RESULT: {"actions":[{"id":"action14","type":"key","parameters":{},"actions":[{"type":"keyDown","value":""},{"type":"pause","duration":10},{"type":"keyUp","value":""}]}]}
COMMAND: GET /session/b0bce561eedd0ef2cd491e5795c56593/screenshot - {}
RESULT: {}
COMMAND: POST /session/b0bce561eedd0ef2cd491e5795c56593/execute/async - {"script":"<script> [1562 bytes]","args":[{"selector":{"id":"application-manageconditionprice-display-component---conditions--smartFilterBar-filterItemControl_BASIC-BILL_TYPES-vhi"},"wdio_ui5_key":"applicationmanageconditionprice-display-component---conditions--smartFilterBar-filterItemControl_BASIC-BILL_TYPES-vhi"}]}
RESULT: {"script":"<script> [1562 bytes]","args":[{"selector":{"id":"application-manageconditionprice-display-component---conditions--smartFilterBar-filterItemControl_BASIC-BILL_TYPES-vhi"},"wdio_ui5_key":"applicationmanageconditionprice-display-component---conditions--smartFilterBar-filterItemControl_BASIC-BILL_TYPES-vhi"}]}
RESULT: undefined
COMMAND: POST /session/b0bce561eedd0ef2cd491e5795c56593/element - {"using":"xpath","value":"//*[@id=\"application-manageconditionprice-display-component---conditions--smartFilterBar-filterItemControl_BASIC-BILL_TYPES-vhi\"]"}
RESULT: {"using":"xpath","value":"//*[@id=\"application-manageconditionprice-display-component---conditions--smartFilterBar-filterItemControl_BASIC-BILL_TYPES-vhi\"]"}
COMMAND: POST /session/b0bce561eedd0ef2cd491e5795c56593/element/f.633F000A9FA1F61B5279087A5498CC04.d.1593A2636DD1B89FDE469C131E93805F.e.3761/click - {}
RESULT: {}
COMMAND: POST /session/b0bce561eedd0ef2cd491e5795c56593/execute/async - {"script":"<script> [1562 bytes]","args":[{"selector":{"id":"application-manageconditionprice-display-component---conditions--smartFilterBar-filterItemControl_BASIC-BILL_TYPES-valueHelpDialog-smartFilterBar-btnBasicSearch","searchOpenDialogs":true,"interaction":{"idSuffix":"I"}},"wdio_ui5_key":"applicationmanageconditionprice-display-component---conditions--smartFilterBar-filterItemControl_BASIC-BILL_TYPES-valueHelpDialog-smartFilterBar-btnBasicSearch"}]}
COMMAND: GET /session/b0bce561eedd0ef2cd491e5795c56593/screenshot - {}
RESULT: {"script":"<script> [1562 bytes]","args":[{"selector":{"id":"application-manageconditionprice-display-component---conditions--smartFilterBar-filterItemControl_BASIC-BILL_TYPES-valueHelpDialog-smartFilterBar-btnBasicSearch","searchOpenDialogs":true,"interaction":{"idSuffix":"I"}},"wdio_ui5_key":"applicationmanageconditionprice-display-component---conditions--smartFilterBar-filterItemControl_BASIC-BILL_TYPES-valueHelpDialog-smartFilterBar-btnBasicSearch"}]}
RESULT: undefined
COMMAND: POST /session/b0bce561eedd0ef2cd491e5795c56593/execute/async - {"script":"<script> [776 bytes]","args":[{"enterText":"TB","selector":{"id":"application-manageconditionprice-display-component---conditions--smartFilterBar-filterItemControl_BASIC-BILL_TYPES-valueHelpDialog-smartFilterBar-btnBasicSearch","searchOpenDialogs":true,"interaction":{"idSuffix":"I"}},"clearTextFirst":true,"interactionType":"ENTER_TEXT"}]}
RESULT: {}
RESULT: {"script":"<script> [776 bytes]","args":[{"enterText":"TB","selector":{"id":"application-manageconditionprice-display-component---conditions--smartFilterBar-filterItemControl_BASIC-BILL_TYPES-valueHelpDialog-smartFilterBar-btnBasicSearch","searchOpenDialogs":true,"interaction":{"idSuffix":"I"}},"clearTextFirst":true,"interactionType":"ENTER_TEXT"}]}
COMMAND: POST /session/b0bce561eedd0ef2cd491e5795c56593/actions - {"actions":[{"id":"action15","type":"key","parameters":{},"actions":[{"type":"keyDown","value":""},{"type":"pause","duration":10},{"type":"keyUp","value":""}]}]}
RESULT: {"actions":[{"id":"action15","type":"key","parameters":{},"actions":[{"type":"keyDown","value":""},{"type":"pause","duration":10},{"type":"keyUp","value":""}]}]}
COMMAND: GET /session/b0bce561eedd0ef2cd491e5795c56593/screenshot - {}
RESULT: {}
COMMAND: POST /session/b0bce561eedd0ef2cd491e5795c56593/element - {"using":"xpath","value":"//div[contains(@id, 'application-manageconditionprice-display-component---conditions--smartFilterBar-filterItemControl_BASIC-BILL_TYPES-valueHelpDialog-table-rowsel0')]"}
RESULT: {"using":"xpath","value":"//div[contains(@id, 'application-manageconditionprice-display-component---conditions--smartFilterBar-filterItemControl_BASIC-BILL_TYPES-valueHelpDialog-table-rowsel0')]"}
COMMAND: POST /session/b0bce561eedd0ef2cd491e5795c56593/element/f.633F000A9FA1F61B5279087A5498CC04.d.1593A2636DD1B89FDE469C131E93805F.e.3770/click - {}
RESULT: {}
COMMAND: GET /session/b0bce561eedd0ef2cd491e5795c56593/screenshot - {}
RESULT: {}
COMMAND: POST /session/b0bce561eedd0ef2cd491e5795c56593/element - {"using":"xpath","value":"//bdi[contains(text(), \"OK\")]"}
RESULT: {"using":"xpath","value":"//bdi[contains(text(), \"OK\")]"}
COMMAND: POST /session/b0bce561eedd0ef2cd491e5795c56593/element/f.633F000A9FA1F61B5279087A5498CC04.d.1593A2636DD1B89FDE469C131E93805F.e.3772/click - {}
RESULT: {}
COMMAND: GET /session/b0bce561eedd0ef2cd491e5795c56593/screenshot - {}
RESULT: {}
COMMAND: POST /session/b0bce561eedd0ef2cd491e5795c56593/element - {"using":"xpath","value":"//span[@id=\"application-manageconditionprice-display-component---conditions--smartTable-header-inner\"]"}
RESULT: {"using":"xpath","value":"//span[@id=\"application-manageconditionprice-display-component---conditions--smartTable-header-inner\"]"}
COMMAND: POST /session/b0bce561eedd0ef2cd491e5795c56593/elements - {"using":"xpath","value":"//span[@id=\"application-manageconditionprice-display-component---conditions--smartTable-header-inner\"]"}
RESULT: {"using":"xpath","value":"//span[@id=\"application-manageconditionprice-display-component---conditions--smartTable-header-inner\"]"}
COMMAND: POST /session/b0bce561eedd0ef2cd491e5795c56593/execute/sync - {"script":"<script> [56 bytes]","args":[{"element-6066-11e4-a52e-4f735466cecf":"f.633F000A9FA1F61B5279087A5498CC04.d.1593A2636DD1B89FDE469C131E93805F.e.3775","ELEMENT":"f.633F000A9FA1F61B5279087A5498CC04.d.1593A2636DD1B89FDE469C131E93805F.e.3775"}]}
RESULT: {"script":"<script> [56 bytes]","args":[{"element-6066-11e4-a52e-4f735466cecf":"f.633F000A9FA1F61B5279087A5498CC04.d.1593A2636DD1B89FDE469C131E93805F.e.3775","ELEMENT":"f.633F000A9FA1F61B5279087A5498CC04.d.1593A2636DD1B89FDE469C131E93805F.e.3775"}]}
COMMAND: POST /session/b0bce561eedd0ef2cd491e5795c56593/element - {"using":"css selector","value":"#shell-header-logo"}
COMMAND: GET /session/b0bce561eedd0ef2cd491e5795c56593/screenshot - {}
RESULT: {"using":"css selector","value":"#shell-header-logo"}
COMMAND: POST /session/b0bce561eedd0ef2cd491e5795c56593/element/f.633F000A9FA1F61B5279087A5498CC04.d.1593A2636DD1B89FDE469C131E93805F.e.3401/click - {}
RESULT: {}
RESULT: {}
COMMAND: GET /session/b0bce561eedd0ef2cd491e5795c56593/screenshot - {}
RESULT: {}
]]></system-out>
    </testcase>
    <testcase classname="chrome.135_0_7049_42.windows.Billing_confirm_US117289" name="Should do a stock increase" time="94.982">
      <system-out><![CDATA[
COMMAND: POST /session/b0bce561eedd0ef2cd491e5795c56593/execute/async - {"script":"<script> [1562 bytes]","args":[{"selector":{"controlType":"sap.m.Text","viewName":"etm.portal.ui.managehandoverstile.view.Master","properties":{"text":"Manage Handovers"},"interaction":{"idSuffix":"inner"}},"wdio_ui5_key":"etmportal.ui.managehandoverstile.view.Mastersap.m.Text{\"text\":\"Manage Handovers\"}"}]}
RESULT: {"script":"<script> [1562 bytes]","args":[{"selector":{"controlType":"sap.m.Text","viewName":"etm.portal.ui.managehandoverstile.view.Master","properties":{"text":"Manage Handovers"},"interaction":{"idSuffix":"inner"}},"wdio_ui5_key":"etmportal.ui.managehandoverstile.view.Mastersap.m.Text{\"text\":\"Manage Handovers\"}"}]}
RESULT: undefined
COMMAND: POST /session/b0bce561eedd0ef2cd491e5795c56593/element - {"using":"xpath","value":"//*[@id=\"__tile133-title\"]"}
RESULT: {"using":"xpath","value":"//*[@id=\"__tile133-title\"]"}
COMMAND: POST /session/b0bce561eedd0ef2cd491e5795c56593/element/f.633F000A9FA1F61B5279087A5498CC04.d.1593A2636DD1B89FDE469C131E93805F.e.3780/click - {}
RESULT: {}
COMMAND: POST /session/b0bce561eedd0ef2cd491e5795c56593/element - {"using":"xpath","value":"//button[@data-kt=\"masterHOAddButton\"]"}
COMMAND: GET /session/b0bce561eedd0ef2cd491e5795c56593/screenshot - {}
RESULT: {"using":"xpath","value":"//button[@data-kt=\"masterHOAddButton\"]"}
COMMAND: POST /session/b0bce561eedd0ef2cd491e5795c56593/elements - {"using":"xpath","value":"//button[@data-kt=\"masterHOAddButton\"]"}
RESULT: {}
RESULT: {"using":"xpath","value":"//button[@data-kt=\"masterHOAddButton\"]"}
COMMAND: POST /session/b0bce561eedd0ef2cd491e5795c56593/elements - {"using":"xpath","value":"//button[@data-kt=\"masterHOAddButton\"]"}
RESULT: {"using":"xpath","value":"//button[@data-kt=\"masterHOAddButton\"]"}
COMMAND: POST /session/b0bce561eedd0ef2cd491e5795c56593/elements - {"using":"xpath","value":"//button[@data-kt=\"masterHOAddButton\"]"}
RESULT: {"using":"xpath","value":"//button[@data-kt=\"masterHOAddButton\"]"}
COMMAND: POST /session/b0bce561eedd0ef2cd491e5795c56593/elements - {"using":"xpath","value":"//button[@data-kt=\"masterHOAddButton\"]"}
RESULT: {"using":"xpath","value":"//button[@data-kt=\"masterHOAddButton\"]"}
COMMAND: POST /session/b0bce561eedd0ef2cd491e5795c56593/elements - {"using":"xpath","value":"//button[@data-kt=\"masterHOAddButton\"]"}
RESULT: {"using":"xpath","value":"//button[@data-kt=\"masterHOAddButton\"]"}
COMMAND: POST /session/b0bce561eedd0ef2cd491e5795c56593/elements - {"using":"xpath","value":"//button[@data-kt=\"masterHOAddButton\"]"}
RESULT: {"using":"xpath","value":"//button[@data-kt=\"masterHOAddButton\"]"}
COMMAND: POST /session/b0bce561eedd0ef2cd491e5795c56593/elements - {"using":"xpath","value":"//button[@data-kt=\"masterHOAddButton\"]"}
RESULT: {"using":"xpath","value":"//button[@data-kt=\"masterHOAddButton\"]"}
COMMAND: POST /session/b0bce561eedd0ef2cd491e5795c56593/elements - {"using":"xpath","value":"//button[@data-kt=\"masterHOAddButton\"]"}
RESULT: {"using":"xpath","value":"//button[@data-kt=\"masterHOAddButton\"]"}
COMMAND: POST /session/b0bce561eedd0ef2cd491e5795c56593/elements - {"using":"xpath","value":"//button[@data-kt=\"masterHOAddButton\"]"}
RESULT: {"using":"xpath","value":"//button[@data-kt=\"masterHOAddButton\"]"}
COMMAND: POST /session/b0bce561eedd0ef2cd491e5795c56593/elements - {"using":"xpath","value":"//button[@data-kt=\"masterHOAddButton\"]"}
RESULT: {"using":"xpath","value":"//button[@data-kt=\"masterHOAddButton\"]"}
COMMAND: POST /session/b0bce561eedd0ef2cd491e5795c56593/elements - {"using":"xpath","value":"//button[@data-kt=\"masterHOAddButton\"]"}
RESULT: {"using":"xpath","value":"//button[@data-kt=\"masterHOAddButton\"]"}
COMMAND: POST /session/b0bce561eedd0ef2cd491e5795c56593/elements - {"using":"xpath","value":"//button[@data-kt=\"masterHOAddButton\"]"}
RESULT: {"using":"xpath","value":"//button[@data-kt=\"masterHOAddButton\"]"}
COMMAND: POST /session/b0bce561eedd0ef2cd491e5795c56593/element - {"using":"xpath","value":"//button[@data-kt=\"masterHOAddButton\"]"}
RESULT: {"using":"xpath","value":"//button[@data-kt=\"masterHOAddButton\"]"}
COMMAND: POST /session/b0bce561eedd0ef2cd491e5795c56593/execute/sync - {"script":"<script> [8489 bytes]","args":[{"element-6066-11e4-a52e-4f735466cecf":"f.633F000A9FA1F61B5279087A5498CC04.d.1593A2636DD1B89FDE469C131E93805F.e.3819","ELEMENT":"f.633F000A9FA1F61B5279087A5498CC04.d.1593A2636DD1B89FDE469C131E93805F.e.3819"}]}
RESULT: {"script":"<script> [8489 bytes]","args":[{"element-6066-11e4-a52e-4f735466cecf":"f.633F000A9FA1F61B5279087A5498CC04.d.1593A2636DD1B89FDE469C131E93805F.e.3819","ELEMENT":"f.633F000A9FA1F61B5279087A5498CC04.d.1593A2636DD1B89FDE469C131E93805F.e.3819"}]}
COMMAND: GET /session/b0bce561eedd0ef2cd491e5795c56593/element/f.633F000A9FA1F61B5279087A5498CC04.d.1593A2636DD1B89FDE469C131E93805F.e.3819/enabled - {}
COMMAND: GET /session/b0bce561eedd0ef2cd491e5795c56593/screenshot - {}
RESULT: {}
COMMAND: POST /session/b0bce561eedd0ef2cd491e5795c56593/execute/sync - {"script":"<script> [8489 bytes]","args":[{"element-6066-11e4-a52e-4f735466cecf":"f.633F000A9FA1F61B5279087A5498CC04.d.1593A2636DD1B89FDE469C131E93805F.e.3819","ELEMENT":"f.633F000A9FA1F61B5279087A5498CC04.d.1593A2636DD1B89FDE469C131E93805F.e.3819"}]}
COMMAND: GET /session/b0bce561eedd0ef2cd491e5795c56593/screenshot - {}
RESULT: {}
RESULT: {"script":"<script> [8489 bytes]","args":[{"element-6066-11e4-a52e-4f735466cecf":"f.633F000A9FA1F61B5279087A5498CC04.d.1593A2636DD1B89FDE469C131E93805F.e.3819","ELEMENT":"f.633F000A9FA1F61B5279087A5498CC04.d.1593A2636DD1B89FDE469C131E93805F.e.3819"}]}
COMMAND: POST /session/b0bce561eedd0ef2cd491e5795c56593/execute/sync - {"script":"<script> [5351 bytes]","args":[{"element-6066-11e4-a52e-4f735466cecf":"f.633F000A9FA1F61B5279087A5498CC04.d.1593A2636DD1B89FDE469C131E93805F.e.3819","ELEMENT":"f.633F000A9FA1F61B5279087A5498CC04.d.1593A2636DD1B89FDE469C131E93805F.e.3819"}]}
COMMAND: GET /session/b0bce561eedd0ef2cd491e5795c56593/screenshot - {}
RESULT: {}
RESULT: {"script":"<script> [5351 bytes]","args":[{"element-6066-11e4-a52e-4f735466cecf":"f.633F000A9FA1F61B5279087A5498CC04.d.1593A2636DD1B89FDE469C131E93805F.e.3819","ELEMENT":"f.633F000A9FA1F61B5279087A5498CC04.d.1593A2636DD1B89FDE469C131E93805F.e.3819"}]}
COMMAND: POST /session/b0bce561eedd0ef2cd491e5795c56593/element/f.633F000A9FA1F61B5279087A5498CC04.d.1593A2636DD1B89FDE469C131E93805F.e.3819/click - {}
COMMAND: GET /session/b0bce561eedd0ef2cd491e5795c56593/screenshot - {}
RESULT: {}
RESULT: {}
COMMAND: GET /session/b0bce561eedd0ef2cd491e5795c56593/screenshot - {}
RESULT: {}
COMMAND: POST /session/b0bce561eedd0ef2cd491e5795c56593/element - {"using":"xpath","value":"//span[contains(@id ,\"AddNewHO--typeSelect-arrow\")]"}
RESULT: {}
RESULT: {"using":"xpath","value":"//span[contains(@id ,\"AddNewHO--typeSelect-arrow\")]"}
COMMAND: POST /session/b0bce561eedd0ef2cd491e5795c56593/element/f.633F000A9FA1F61B5279087A5498CC04.d.1593A2636DD1B89FDE469C131E93805F.e.4158/click - {}
RESULT: {}
COMMAND: GET /session/b0bce561eedd0ef2cd491e5795c56593/screenshot - {}
RESULT: {}
COMMAND: POST /session/b0bce561eedd0ef2cd491e5795c56593/element - {"using":"xpath","value":"(//li[contains(text(), \"stock increase yard\")])[1]"}
RESULT: {"using":"xpath","value":"(//li[contains(text(), \"stock increase yard\")])[1]"}
COMMAND: POST /session/b0bce561eedd0ef2cd491e5795c56593/element/f.633F000A9FA1F61B5279087A5498CC04.d.1593A2636DD1B89FDE469C131E93805F.e.4159/click - {}
RESULT: {}
COMMAND: GET /session/b0bce561eedd0ef2cd491e5795c56593/screenshot - {}
RESULT: {}
COMMAND: POST /session/b0bce561eedd0ef2cd491e5795c56593/execute/async - {"script":"<script> [1562 bytes]","args":[{"selector":{"id":"application-managehandovers-display-component---AddNewHO--dueDate","interaction":{"idSuffix":"inner"}},"wdio_ui5_key":"applicationmanagehandovers-display-component---AddNewHO--dueDate"}]}
RESULT: {"script":"<script> [1562 bytes]","args":[{"selector":{"id":"application-managehandovers-display-component---AddNewHO--dueDate","interaction":{"idSuffix":"inner"}},"wdio_ui5_key":"applicationmanagehandovers-display-component---AddNewHO--dueDate"}]}
RESULT: undefined
COMMAND: POST /session/b0bce561eedd0ef2cd491e5795c56593/execute/async - {"script":"<script> [6424 bytes]","args":[{"element-6066-11e4-a52e-4f735466cecf":"f.633F000A9FA1F61B5279087A5498CC04.d.1593A2636DD1B89FDE469C131E93805F.e.4161"},"setValue",["04/20/2025"]]}
RESULT: {"script":"<script> [6424 bytes]","args":[{"element-6066-11e4-a52e-4f735466cecf":"f.633F000A9FA1F61B5279087A5498CC04.d.1593A2636DD1B89FDE469C131E93805F.e.4161"},"setValue",["04/20/2025"]]}
COMMAND: POST /session/b0bce561eedd0ef2cd491e5795c56593/element - {"using":"xpath","value":"//input[@id=\"generalSectionFrg--receiveYard-inner\"]"}
RESULT: {"using":"xpath","value":"//input[@id=\"generalSectionFrg--receiveYard-inner\"]"}
COMMAND: POST /session/b0bce561eedd0ef2cd491e5795c56593/element/f.633F000A9FA1F61B5279087A5498CC04.d.1593A2636DD1B89FDE469C131E93805F.e.4167/clear - {}
RESULT: {}
COMMAND: POST /session/b0bce561eedd0ef2cd491e5795c56593/element/f.633F000A9FA1F61B5279087A5498CC04.d.1593A2636DD1B89FDE469C131E93805F.e.4167/value - {"text":"613"}
COMMAND: GET /session/b0bce561eedd0ef2cd491e5795c56593/screenshot - {}
RESULT: {"text":"613"}
COMMAND: GET /session/b0bce561eedd0ef2cd491e5795c56593/screenshot - {}
RESULT: {}
RESULT: {}
COMMAND: POST /session/b0bce561eedd0ef2cd491e5795c56593/element - {"using":"xpath","value":"//li[.//span[text()='613']]"}
RESULT: {"using":"xpath","value":"//li[.//span[text()='613']]"}
COMMAND: POST /session/b0bce561eedd0ef2cd491e5795c56593/element/f.633F000A9FA1F61B5279087A5498CC04.d.1593A2636DD1B89FDE469C131E93805F.e.4184/click - {}
RESULT: {}
COMMAND: GET /session/b0bce561eedd0ef2cd491e5795c56593/screenshot - {}
RESULT: {}
COMMAND: POST /session/b0bce561eedd0ef2cd491e5795c56593/execute/async - {"script":"<script> [1562 bytes]","args":[{"selector":{"id":"application-managehandovers-display-component---AddNewHO--ObjectPageLayout-anchBar-application-managehandovers-display-component---AddNewHO--section4-anchor","interaction":{"idSuffix":"BDI-content"}},"wdio_ui5_key":"applicationmanagehandovers-display-component---AddNewHO--ObjectPageLayout-anchBar-application-managehandovers-display-component---AddNewHO--section4-anchor"}]}
RESULT: {"script":"<script> [1562 bytes]","args":[{"selector":{"id":"application-managehandovers-display-component---AddNewHO--ObjectPageLayout-anchBar-application-managehandovers-display-component---AddNewHO--section4-anchor","interaction":{"idSuffix":"BDI-content"}},"wdio_ui5_key":"applicationmanagehandovers-display-component---AddNewHO--ObjectPageLayout-anchBar-application-managehandovers-display-component---AddNewHO--section4-anchor"}]}
RESULT: undefined
COMMAND: POST /session/b0bce561eedd0ef2cd491e5795c56593/element - {"using":"xpath","value":"//*[@id=\"application-managehandovers-display-component---AddNewHO--ObjectPageLayout-anchBar-application-managehandovers-display-component---AddNewHO--section4-anchor\"]"}
RESULT: {"using":"xpath","value":"//*[@id=\"application-managehandovers-display-component---AddNewHO--ObjectPageLayout-anchBar-application-managehandovers-display-component---AddNewHO--section4-anchor\"]"}
COMMAND: POST /session/b0bce561eedd0ef2cd491e5795c56593/element/f.633F000A9FA1F61B5279087A5498CC04.d.1593A2636DD1B89FDE469C131E93805F.e.4186/click - {}
RESULT: {}
COMMAND: POST /session/b0bce561eedd0ef2cd491e5795c56593/element - {"using":"xpath","value":"//button[@aria-label=\"Add\"]"}
COMMAND: GET /session/b0bce561eedd0ef2cd491e5795c56593/screenshot - {}
RESULT: {"using":"xpath","value":"//button[@aria-label=\"Add\"]"}
COMMAND: POST /session/b0bce561eedd0ef2cd491e5795c56593/element/f.633F000A9FA1F61B5279087A5498CC04.d.1593A2636DD1B89FDE469C131E93805F.e.4190/click - {}
RESULT: {}
RESULT: {}
COMMAND: GET /session/b0bce561eedd0ef2cd491e5795c56593/screenshot - {}
RESULT: {}
COMMAND: POST /session/b0bce561eedd0ef2cd491e5795c56593/execute/async - {"script":"<script> [1562 bytes]","args":[{"selector":{"id":"application-managehandovers-display-component---AddNewHO--smartFilterBar-btnBasicSearch","searchOpenDialogs":true,"interaction":{"idSuffix":"I"}},"wdio_ui5_key":"applicationmanagehandovers-display-component---AddNewHO--smartFilterBar-btnBasicSearch"}]}
RESULT: {"script":"<script> [1562 bytes]","args":[{"selector":{"id":"application-managehandovers-display-component---AddNewHO--smartFilterBar-btnBasicSearch","searchOpenDialogs":true,"interaction":{"idSuffix":"I"}},"wdio_ui5_key":"applicationmanagehandovers-display-component---AddNewHO--smartFilterBar-btnBasicSearch"}]}
RESULT: undefined
COMMAND: POST /session/b0bce561eedd0ef2cd491e5795c56593/execute/async - {"script":"<script> [776 bytes]","args":[{"enterText":"W4SvNjxe5W","selector":{"id":"application-managehandovers-display-component---AddNewHO--smartFilterBar-btnBasicSearch","searchOpenDialogs":true,"interaction":{"idSuffix":"I"}},"clearTextFirst":true,"interactionType":"ENTER_TEXT"}]}
RESULT: {"script":"<script> [776 bytes]","args":[{"enterText":"W4SvNjxe5W","selector":{"id":"application-managehandovers-display-component---AddNewHO--smartFilterBar-btnBasicSearch","searchOpenDialogs":true,"interaction":{"idSuffix":"I"}},"clearTextFirst":true,"interactionType":"ENTER_TEXT"}]}
COMMAND: POST /session/b0bce561eedd0ef2cd491e5795c56593/actions - {"actions":[{"id":"action16","type":"key","parameters":{},"actions":[{"type":"keyDown","value":""},{"type":"pause","duration":10},{"type":"keyUp","value":""}]}]}
RESULT: {"actions":[{"id":"action16","type":"key","parameters":{},"actions":[{"type":"keyDown","value":""},{"type":"pause","duration":10},{"type":"keyUp","value":""}]}]}
COMMAND: GET /session/b0bce561eedd0ef2cd491e5795c56593/screenshot - {}
RESULT: {}
COMMAND: POST /session/b0bce561eedd0ef2cd491e5795c56593/execute/async - {"script":"<script> [1562 bytes]","args":[{"selector":{"id":"application-managehandovers-display-component---AddNewHO--popup-sa","searchOpenDialogs":true,"interaction":{"idSuffix":"CbBg"}},"wdio_ui5_key":"applicationmanagehandovers-display-component---AddNewHO--popup-sa"}]}
RESULT: {"script":"<script> [1562 bytes]","args":[{"selector":{"id":"application-managehandovers-display-component---AddNewHO--popup-sa","searchOpenDialogs":true,"interaction":{"idSuffix":"CbBg"}},"wdio_ui5_key":"applicationmanagehandovers-display-component---AddNewHO--popup-sa"}]}
RESULT: undefined
COMMAND: POST /session/b0bce561eedd0ef2cd491e5795c56593/element - {"using":"xpath","value":"//*[@id=\"application-managehandovers-display-component---AddNewHO--popup-sa\"]"}
RESULT: {"using":"xpath","value":"//*[@id=\"application-managehandovers-display-component---AddNewHO--popup-sa\"]"}
COMMAND: POST /session/b0bce561eedd0ef2cd491e5795c56593/element/f.633F000A9FA1F61B5279087A5498CC04.d.1593A2636DD1B89FDE469C131E93805F.e.4342/click - {}
RESULT: {}
COMMAND: GET /session/b0bce561eedd0ef2cd491e5795c56593/screenshot - {}
RESULT: {}
COMMAND: POST /session/b0bce561eedd0ef2cd491e5795c56593/element - {"using":"xpath","value":"//bdi[contains(text(), \"Select\")]"}
RESULT: {"using":"xpath","value":"//bdi[contains(text(), \"Select\")]"}
COMMAND: POST /session/b0bce561eedd0ef2cd491e5795c56593/element/f.633F000A9FA1F61B5279087A5498CC04.d.1593A2636DD1B89FDE469C131E93805F.e.4343/click - {}
RESULT: {}
COMMAND: GET /session/b0bce561eedd0ef2cd491e5795c56593/screenshot - {}
RESULT: {}
COMMAND: POST /session/b0bce561eedd0ef2cd491e5795c56593/element - {"using":"xpath","value":"//button[@data-kt=\"AddNewHOSaveButton\"]"}
RESULT: {"using":"xpath","value":"//button[@data-kt=\"AddNewHOSaveButton\"]"}
COMMAND: POST /session/b0bce561eedd0ef2cd491e5795c56593/element/f.633F000A9FA1F61B5279087A5498CC04.d.1593A2636DD1B89FDE469C131E93805F.e.4347/click - {}
RESULT: {}
COMMAND: GET /session/b0bce561eedd0ef2cd491e5795c56593/screenshot - {}
COMMAND: POST /session/b0bce561eedd0ef2cd491e5795c56593/execute/async - {"script":"<script> [1562 bytes]","args":[{"selector":{"id":"receiptDatePicker","viewName":"etm.portal.ui.managehandovers.view.DetailExecuteHO","interaction":{"idSuffix":"inner"}},"wdio_ui5_key":"receiptDatePickeretmportal.ui.managehandovers.view.DetailExecuteHO"}]}
RESULT: {}
RESULT: {"script":"<script> [1562 bytes]","args":[{"selector":{"id":"receiptDatePicker","viewName":"etm.portal.ui.managehandovers.view.DetailExecuteHO","interaction":{"idSuffix":"inner"}},"wdio_ui5_key":"receiptDatePickeretmportal.ui.managehandovers.view.DetailExecuteHO"}]}
RESULT: undefined
COMMAND: POST /session/b0bce561eedd0ef2cd491e5795c56593/execute/async - {"script":"<script> [6424 bytes]","args":[{"element-6066-11e4-a52e-4f735466cecf":"f.633F000A9FA1F61B5279087A5498CC04.d.1593A2636DD1B89FDE469C131E93805F.e.4375"},"setValue",["04/20/2025"]]}
RESULT: {"script":"<script> [6424 bytes]","args":[{"element-6066-11e4-a52e-4f735466cecf":"f.633F000A9FA1F61B5279087A5498CC04.d.1593A2636DD1B89FDE469C131E93805F.e.4375"},"setValue",["04/20/2025"]]}
COMMAND: POST /session/b0bce561eedd0ef2cd491e5795c56593/element - {"using":"xpath","value":"//button[@data-kt=\"PickingTableConfirmAllButton\"]"}
RESULT: {"using":"xpath","value":"//button[@data-kt=\"PickingTableConfirmAllButton\"]"}
COMMAND: POST /session/b0bce561eedd0ef2cd491e5795c56593/element/f.633F000A9FA1F61B5279087A5498CC04.d.1593A2636DD1B89FDE469C131E93805F.e.4391/click - {}
RESULT: {}
COMMAND: GET /session/b0bce561eedd0ef2cd491e5795c56593/screenshot - {}
RESULT: {}
COMMAND: POST /session/b0bce561eedd0ef2cd491e5795c56593/element - {"using":"xpath","value":"//bdi[contains(text(), \"OK\")]"}
RESULT: {"using":"xpath","value":"//bdi[contains(text(), \"OK\")]"}
COMMAND: POST /session/b0bce561eedd0ef2cd491e5795c56593/element/f.633F000A9FA1F61B5279087A5498CC04.d.1593A2636DD1B89FDE469C131E93805F.e.4394/click - {}
RESULT: {}
COMMAND: GET /session/b0bce561eedd0ef2cd491e5795c56593/screenshot - {}
RESULT: {}
COMMAND: POST /session/b0bce561eedd0ef2cd491e5795c56593/element - {"using":"xpath","value":"(//bdi[contains(text(), \"Receive\")])[2]"}
RESULT: {"using":"xpath","value":"(//bdi[contains(text(), \"Receive\")])[2]"}
COMMAND: POST /session/b0bce561eedd0ef2cd491e5795c56593/element/f.633F000A9FA1F61B5279087A5498CC04.d.1593A2636DD1B89FDE469C131E93805F.e.4395/click - {}
RESULT: {}
COMMAND: GET /session/b0bce561eedd0ef2cd491e5795c56593/screenshot - {}
RESULT: {}
COMMAND: POST /session/b0bce561eedd0ef2cd491e5795c56593/element - {"using":"css selector","value":"#shell-header-logo"}
RESULT: {"using":"css selector","value":"#shell-header-logo"}
COMMAND: POST /session/b0bce561eedd0ef2cd491e5795c56593/element/f.633F000A9FA1F61B5279087A5498CC04.d.1593A2636DD1B89FDE469C131E93805F.e.3783/click - {}
RESULT: {}
COMMAND: GET /session/b0bce561eedd0ef2cd491e5795c56593/screenshot - {}
RESULT: {}
]]></system-out>
    </testcase>
    <testcase classname="chrome.135_0_7049_42.windows.Billing_confirm_US117289" name="Should create a new contract" time="79.649">
      <system-out><![CDATA[
COMMAND: POST /session/b0bce561eedd0ef2cd491e5795c56593/execute/async - {"script":"<script> [1562 bytes]","args":[{"selector":{"controlType":"sap.m.Text","viewName":"etm.portal.ui.managecontractstile.view.Master","properties":{"text":"Manage Contracts"},"interaction":{"idSuffix":"inner"}},"wdio_ui5_key":"etmportal.ui.managecontractstile.view.Mastersap.m.Text{\"text\":\"Manage Contracts\"}"}]}
RESULT: {"script":"<script> [1562 bytes]","args":[{"selector":{"controlType":"sap.m.Text","viewName":"etm.portal.ui.managecontractstile.view.Master","properties":{"text":"Manage Contracts"},"interaction":{"idSuffix":"inner"}},"wdio_ui5_key":"etmportal.ui.managecontractstile.view.Mastersap.m.Text{\"text\":\"Manage Contracts\"}"}]}
RESULT: undefined
COMMAND: POST /session/b0bce561eedd0ef2cd491e5795c56593/element - {"using":"xpath","value":"//*[@id=\"__tile131-title\"]"}
RESULT: {"using":"xpath","value":"//*[@id=\"__tile131-title\"]"}
COMMAND: POST /session/b0bce561eedd0ef2cd491e5795c56593/element/f.633F000A9FA1F61B5279087A5498CC04.d.1593A2636DD1B89FDE469C131E93805F.e.4570/click - {}
RESULT: {}
COMMAND: GET /session/b0bce561eedd0ef2cd491e5795c56593/screenshot - {}
RESULT: {}
COMMAND: POST /session/b0bce561eedd0ef2cd491e5795c56593/element - {"using":"xpath","value":"//button[@data-kt=\"addButton\"]"}
RESULT: undefined
RESULT: undefined
RESULT: {"using":"xpath","value":"//button[@data-kt=\"addButton\"]"}
COMMAND: POST /session/b0bce561eedd0ef2cd491e5795c56593/elements - {"using":"xpath","value":"//button[@data-kt=\"addButton\"]"}
RESULT: {"using":"xpath","value":"//button[@data-kt=\"addButton\"]"}
COMMAND: POST /session/b0bce561eedd0ef2cd491e5795c56593/execute/sync - {"script":"<script> [8489 bytes]","args":[{"element-6066-11e4-a52e-4f735466cecf":"f.633F000A9FA1F61B5279087A5498CC04.d.1593A2636DD1B89FDE469C131E93805F.e.4640","ELEMENT":"f.633F000A9FA1F61B5279087A5498CC04.d.1593A2636DD1B89FDE469C131E93805F.e.4640"}]}
RESULT: {"script":"<script> [8489 bytes]","args":[{"element-6066-11e4-a52e-4f735466cecf":"f.633F000A9FA1F61B5279087A5498CC04.d.1593A2636DD1B89FDE469C131E93805F.e.4640","ELEMENT":"f.633F000A9FA1F61B5279087A5498CC04.d.1593A2636DD1B89FDE469C131E93805F.e.4640"}]}
COMMAND: GET /session/b0bce561eedd0ef2cd491e5795c56593/element/f.633F000A9FA1F61B5279087A5498CC04.d.1593A2636DD1B89FDE469C131E93805F.e.4640/enabled - {}
COMMAND: GET /session/b0bce561eedd0ef2cd491e5795c56593/screenshot - {}
RESULT: {}
COMMAND: POST /session/b0bce561eedd0ef2cd491e5795c56593/execute/sync - {"script":"<script> [8489 bytes]","args":[{"element-6066-11e4-a52e-4f735466cecf":"f.633F000A9FA1F61B5279087A5498CC04.d.1593A2636DD1B89FDE469C131E93805F.e.4640","ELEMENT":"f.633F000A9FA1F61B5279087A5498CC04.d.1593A2636DD1B89FDE469C131E93805F.e.4640"}]}
COMMAND: GET /session/b0bce561eedd0ef2cd491e5795c56593/screenshot - {}
RESULT: {}
RESULT: {"script":"<script> [8489 bytes]","args":[{"element-6066-11e4-a52e-4f735466cecf":"f.633F000A9FA1F61B5279087A5498CC04.d.1593A2636DD1B89FDE469C131E93805F.e.4640","ELEMENT":"f.633F000A9FA1F61B5279087A5498CC04.d.1593A2636DD1B89FDE469C131E93805F.e.4640"}]}
COMMAND: POST /session/b0bce561eedd0ef2cd491e5795c56593/execute/sync - {"script":"<script> [5351 bytes]","args":[{"element-6066-11e4-a52e-4f735466cecf":"f.633F000A9FA1F61B5279087A5498CC04.d.1593A2636DD1B89FDE469C131E93805F.e.4640","ELEMENT":"f.633F000A9FA1F61B5279087A5498CC04.d.1593A2636DD1B89FDE469C131E93805F.e.4640"}]}
COMMAND: GET /session/b0bce561eedd0ef2cd491e5795c56593/screenshot - {}
RESULT: {}
RESULT: {"script":"<script> [5351 bytes]","args":[{"element-6066-11e4-a52e-4f735466cecf":"f.633F000A9FA1F61B5279087A5498CC04.d.1593A2636DD1B89FDE469C131E93805F.e.4640","ELEMENT":"f.633F000A9FA1F61B5279087A5498CC04.d.1593A2636DD1B89FDE469C131E93805F.e.4640"}]}
COMMAND: GET /session/b0bce561eedd0ef2cd491e5795c56593/screenshot - {}
RESULT: {}
RESULT: {}
COMMAND: POST /session/b0bce561eedd0ef2cd491e5795c56593/element/f.633F000A9FA1F61B5279087A5498CC04.d.1593A2636DD1B89FDE469C131E93805F.e.4640/click - {}
RESULT: {}
COMMAND: GET /session/b0bce561eedd0ef2cd491e5795c56593/screenshot - {}
RESULT: {}
COMMAND: POST /session/b0bce561eedd0ef2cd491e5795c56593/execute/async - {"script":"<script> [1562 bytes]","args":[{"selector":{"id":"application-managecontracts-display-component---AddNewContract--projectDescription","interaction":{"idSuffix":"inner"}},"wdio_ui5_key":"applicationmanagecontracts-display-component---AddNewContract--projectDescription"}]}
RESULT: {"script":"<script> [1562 bytes]","args":[{"selector":{"id":"application-managecontracts-display-component---AddNewContract--projectDescription","interaction":{"idSuffix":"inner"}},"wdio_ui5_key":"applicationmanagecontracts-display-component---AddNewContract--projectDescription"}]}
RESULT: undefined
COMMAND: POST /session/b0bce561eedd0ef2cd491e5795c56593/execute/async - {"script":"<script> [776 bytes]","args":[{"enterText":"Contract WDIO","selector":{"id":"application-managecontracts-display-component---AddNewContract--projectDescription","interaction":{"idSuffix":"inner"}},"clearTextFirst":true,"interactionType":"ENTER_TEXT"}]}
RESULT: {"script":"<script> [776 bytes]","args":[{"enterText":"Contract WDIO","selector":{"id":"application-managecontracts-display-component---AddNewContract--projectDescription","interaction":{"idSuffix":"inner"}},"clearTextFirst":true,"interactionType":"ENTER_TEXT"}]}
COMMAND: POST /session/b0bce561eedd0ef2cd491e5795c56593/element - {"using":"xpath","value":"//input[@id=\"application-managecontracts-display-component---AddNewContract--site-inner\"]"}
RESULT: {"using":"xpath","value":"//input[@id=\"application-managecontracts-display-component---AddNewContract--site-inner\"]"}
COMMAND: POST /session/b0bce561eedd0ef2cd491e5795c56593/element/f.633F000A9FA1F61B5279087A5498CC04.d.1593A2636DD1B89FDE469C131E93805F.e.4935/clear - {}
RESULT: {}
COMMAND: POST /session/b0bce561eedd0ef2cd491e5795c56593/element/f.633F000A9FA1F61B5279087A5498CC04.d.1593A2636DD1B89FDE469C131E93805F.e.4935/value - {"text":"2426"}
COMMAND: GET /session/b0bce561eedd0ef2cd491e5795c56593/screenshot - {}
RESULT: {"text":"2426"}
COMMAND: GET /session/b0bce561eedd0ef2cd491e5795c56593/screenshot - {}
COMMAND: POST /session/b0bce561eedd0ef2cd491e5795c56593/element - {"using":"xpath","value":"//li[.//span[text()='2426']]"}
RESULT: {}
RESULT: {}
RESULT: {"using":"xpath","value":"//li[.//span[text()='2426']]"}
COMMAND: POST /session/b0bce561eedd0ef2cd491e5795c56593/element/f.633F000A9FA1F61B5279087A5498CC04.d.1593A2636DD1B89FDE469C131E93805F.e.4958/click - {}
RESULT: {}
COMMAND: GET /session/b0bce561eedd0ef2cd491e5795c56593/screenshot - {}
RESULT: {}
COMMAND: POST /session/b0bce561eedd0ef2cd491e5795c56593/element - {"using":"xpath","value":"//input[@id=\"application-managecontracts-display-component---AddNewContract--yardId-inner\"]"}
RESULT: {"using":"xpath","value":"//input[@id=\"application-managecontracts-display-component---AddNewContract--yardId-inner\"]"}
COMMAND: GET /session/b0bce561eedd0ef2cd491e5795c56593/element/f.633F000A9FA1F61B5279087A5498CC04.d.1593A2636DD1B89FDE469C131E93805F.e.4936/property/value - {}
RESULT: {}
COMMAND: POST /session/b0bce561eedd0ef2cd491e5795c56593/element - {"using":"xpath","value":"//input[@id=\"application-managecontracts-display-component---AddNewContract--customerSelect-inner\"]"}
COMMAND: GET /session/b0bce561eedd0ef2cd491e5795c56593/screenshot - {}
RESULT: {"using":"xpath","value":"//input[@id=\"application-managecontracts-display-component---AddNewContract--customerSelect-inner\"]"}
COMMAND: POST /session/b0bce561eedd0ef2cd491e5795c56593/element/f.633F000A9FA1F61B5279087A5498CC04.d.1593A2636DD1B89FDE469C131E93805F.e.4934/clear - {}
RESULT: {}
RESULT: {}
COMMAND: POST /session/b0bce561eedd0ef2cd491e5795c56593/element/f.633F000A9FA1F61B5279087A5498CC04.d.1593A2636DD1B89FDE469C131E93805F.e.4934/value - {"text":"1469"}
COMMAND: GET /session/b0bce561eedd0ef2cd491e5795c56593/screenshot - {}
RESULT: {"text":"1469"}
COMMAND: GET /session/b0bce561eedd0ef2cd491e5795c56593/screenshot - {}
RESULT: {}
RESULT: {}
COMMAND: POST /session/b0bce561eedd0ef2cd491e5795c56593/element - {"using":"xpath","value":"//li[.//span[text()='1469']]"}
RESULT: {"using":"xpath","value":"//li[.//span[text()='1469']]"}
COMMAND: POST /session/b0bce561eedd0ef2cd491e5795c56593/element/f.633F000A9FA1F61B5279087A5498CC04.d.1593A2636DD1B89FDE469C131E93805F.e.4961/click - {}
RESULT: {}
COMMAND: GET /session/b0bce561eedd0ef2cd491e5795c56593/screenshot - {}
RESULT: {}
COMMAND: POST /session/b0bce561eedd0ef2cd491e5795c56593/element - {"using":"xpath","value":"//button[@data-kt=\"saveButton\"]"}
RESULT: {"using":"xpath","value":"//button[@data-kt=\"saveButton\"]"}
COMMAND: POST /session/b0bce561eedd0ef2cd491e5795c56593/element/f.633F000A9FA1F61B5279087A5498CC04.d.1593A2636DD1B89FDE469C131E93805F.e.4949/click - {}
RESULT: {}
COMMAND: GET /session/b0bce561eedd0ef2cd491e5795c56593/screenshot - {}
RESULT: {}
COMMAND: POST /session/b0bce561eedd0ef2cd491e5795c56593/element - {"using":"xpath","value":"//span[contains(@id ,\"contractDetailTitleNoExpanded\")]"}
RESULT: {"using":"xpath","value":"//span[contains(@id ,\"contractDetailTitleNoExpanded\")]"}
COMMAND: POST /session/b0bce561eedd0ef2cd491e5795c56593/elements - {"using":"xpath","value":"//span[contains(@id ,\"contractDetailTitleNoExpanded\")]"}
RESULT: {"using":"xpath","value":"//span[contains(@id ,\"contractDetailTitleNoExpanded\")]"}
COMMAND: POST /session/b0bce561eedd0ef2cd491e5795c56593/execute/sync - {"script":"<script> [56 bytes]","args":[{"element-6066-11e4-a52e-4f735466cecf":"f.633F000A9FA1F61B5279087A5498CC04.d.1593A2636DD1B89FDE469C131E93805F.e.4971","ELEMENT":"f.633F000A9FA1F61B5279087A5498CC04.d.1593A2636DD1B89FDE469C131E93805F.e.4971"}]}
RESULT: {"script":"<script> [56 bytes]","args":[{"element-6066-11e4-a52e-4f735466cecf":"f.633F000A9FA1F61B5279087A5498CC04.d.1593A2636DD1B89FDE469C131E93805F.e.4971","ELEMENT":"f.633F000A9FA1F61B5279087A5498CC04.d.1593A2636DD1B89FDE469C131E93805F.e.4971"}]}
COMMAND: GET /session/b0bce561eedd0ef2cd491e5795c56593/screenshot - {}
RESULT: {}
]]></system-out>
    </testcase>
    <testcase classname="chrome.135_0_7049_42.windows.Billing_confirm_US117289" name="Should add created equipment to contract" time="47.346">
      <system-out><![CDATA[
COMMAND: POST /session/b0bce561eedd0ef2cd491e5795c56593/element - {"using":"xpath","value":"//button[@data-kt=\"contractDetailEditBtnButton\"]"}
RESULT: {"using":"xpath","value":"//button[@data-kt=\"contractDetailEditBtnButton\"]"}
COMMAND: POST /session/b0bce561eedd0ef2cd491e5795c56593/element/f.633F000A9FA1F61B5279087A5498CC04.d.1593A2636DD1B89FDE469C131E93805F.e.4972/click - {}
RESULT: {}
COMMAND: GET /session/b0bce561eedd0ef2cd491e5795c56593/screenshot - {}
RESULT: {}
COMMAND: POST /session/b0bce561eedd0ef2cd491e5795c56593/element - {"using":"xpath","value":"(//span[contains(text(), \"Additional Addresses\")])[2]"}
RESULT: {"using":"xpath","value":"(//span[contains(text(), \"Additional Addresses\")])[2]"}
COMMAND: POST /session/b0bce561eedd0ef2cd491e5795c56593/element/f.633F000A9FA1F61B5279087A5498CC04.d.1593A2636DD1B89FDE469C131E93805F.e.5027/click - {}
RESULT: {}
COMMAND: GET /session/b0bce561eedd0ef2cd491e5795c56593/screenshot - {}
RESULT: {}
COMMAND: POST /session/b0bce561eedd0ef2cd491e5795c56593/element - {"using":"xpath","value":"//button[@data-kt=\"btnAddTableRowOverflowToolbarButton\"]"}
RESULT: {"using":"xpath","value":"//button[@data-kt=\"btnAddTableRowOverflowToolbarButton\"]"}
COMMAND: POST /session/b0bce561eedd0ef2cd491e5795c56593/element/f.633F000A9FA1F61B5279087A5498CC04.d.1593A2636DD1B89FDE469C131E93805F.e.5032/click - {}
RESULT: {}
COMMAND: GET /session/b0bce561eedd0ef2cd491e5795c56593/screenshot - {}
RESULT: {}
COMMAND: POST /session/b0bce561eedd0ef2cd491e5795c56593/element - {"using":"xpath","value":"//div[(text() = 'Standard Entry' or . = 'Standard Entry')]"}
RESULT: {"using":"xpath","value":"//div[(text() = 'Standard Entry' or . = 'Standard Entry')]"}
COMMAND: POST /session/b0bce561eedd0ef2cd491e5795c56593/element/f.633F000A9FA1F61B5279087A5498CC04.d.1593A2636DD1B89FDE469C131E93805F.e.5033/click - {}
RESULT: {}
COMMAND: GET /session/b0bce561eedd0ef2cd491e5795c56593/screenshot - {}
RESULT: {}
COMMAND: POST /session/b0bce561eedd0ef2cd491e5795c56593/element - {"using":"xpath","value":"//td[7]/div/div/input"}
RESULT: {"using":"xpath","value":"//td[7]/div/div/input"}
COMMAND: POST /session/b0bce561eedd0ef2cd491e5795c56593/element/f.633F000A9FA1F61B5279087A5498CC04.d.1593A2636DD1B89FDE469C131E93805F.e.5042/clear - {}
RESULT: {}
COMMAND: POST /session/b0bce561eedd0ef2cd491e5795c56593/element/f.633F000A9FA1F61B5279087A5498CC04.d.1593A2636DD1B89FDE469C131E93805F.e.5042/value - {"text":"W4SvNjxe5W"}
COMMAND: GET /session/b0bce561eedd0ef2cd491e5795c56593/screenshot - {}
RESULT: {"text":"W4SvNjxe5W"}
COMMAND: GET /session/b0bce561eedd0ef2cd491e5795c56593/screenshot - {}
RESULT: {}
RESULT: {}
COMMAND: POST /session/b0bce561eedd0ef2cd491e5795c56593/actions - {"actions":[{"id":"action17","type":"key","parameters":{},"actions":[{"type":"keyDown","value":""},{"type":"pause","duration":10},{"type":"keyUp","value":""}]}]}
RESULT: {"actions":[{"id":"action17","type":"key","parameters":{},"actions":[{"type":"keyDown","value":""},{"type":"pause","duration":10},{"type":"keyUp","value":""}]}]}
COMMAND: GET /session/b0bce561eedd0ef2cd491e5795c56593/screenshot - {}
RESULT: {}
COMMAND: POST /session/b0bce561eedd0ef2cd491e5795c56593/element - {"using":"xpath","value":"(//button[@data-kt=\"saveButton\"])[2]"}
RESULT: {"using":"xpath","value":"(//button[@data-kt=\"saveButton\"])[2]"}
COMMAND: POST /session/b0bce561eedd0ef2cd491e5795c56593/element/f.633F000A9FA1F61B5279087A5498CC04.d.1593A2636DD1B89FDE469C131E93805F.e.5057/click - {}
RESULT: {}
COMMAND: GET /session/b0bce561eedd0ef2cd491e5795c56593/screenshot - {}
RESULT: {}
COMMAND: POST /session/b0bce561eedd0ef2cd491e5795c56593/element - {"using":"xpath","value":"//span[contains(@id ,\"contractItemsSmartTable-header-inner\")]"}
RESULT: {"using":"xpath","value":"//span[contains(@id ,\"contractItemsSmartTable-header-inner\")]"}
COMMAND: POST /session/b0bce561eedd0ef2cd491e5795c56593/elements - {"using":"xpath","value":"//span[contains(@id ,\"contractItemsSmartTable-header-inner\")]"}
RESULT: {"using":"xpath","value":"//span[contains(@id ,\"contractItemsSmartTable-header-inner\")]"}
COMMAND: POST /session/b0bce561eedd0ef2cd491e5795c56593/execute/sync - {"script":"<script> [56 bytes]","args":[{"element-6066-11e4-a52e-4f735466cecf":"f.633F000A9FA1F61B5279087A5498CC04.d.1593A2636DD1B89FDE469C131E93805F.e.5063","ELEMENT":"f.633F000A9FA1F61B5279087A5498CC04.d.1593A2636DD1B89FDE469C131E93805F.e.5063"}]}
RESULT: {"script":"<script> [56 bytes]","args":[{"element-6066-11e4-a52e-4f735466cecf":"f.633F000A9FA1F61B5279087A5498CC04.d.1593A2636DD1B89FDE469C131E93805F.e.5063","ELEMENT":"f.633F000A9FA1F61B5279087A5498CC04.d.1593A2636DD1B89FDE469C131E93805F.e.5063"}]}
COMMAND: GET /session/b0bce561eedd0ef2cd491e5795c56593/screenshot - {}
]]></system-out>
    </testcase>
    <testcase classname="chrome.135_0_7049_42.windows.Billing_confirm_US117289" name="Should do a provide to site handover" time="65.667">
      <system-out><![CDATA[
COMMAND: POST /session/b0bce561eedd0ef2cd491e5795c56593/element - {"using":"xpath","value":"//button[@data-kt=\"provideButton\"]"}
RESULT: {}
RESULT: {"using":"xpath","value":"//button[@data-kt=\"provideButton\"]"}
COMMAND: POST /session/b0bce561eedd0ef2cd491e5795c56593/element/f.633F000A9FA1F61B5279087A5498CC04.d.1593A2636DD1B89FDE469C131E93805F.e.5065/click - {}
RESULT: {}
COMMAND: GET /session/b0bce561eedd0ef2cd491e5795c56593/screenshot - {}
RESULT: {}
RESULT: undefined
COMMAND: POST /session/b0bce561eedd0ef2cd491e5795c56593/execute/async - {"script":"<script> [6424 bytes]","args":[{"element-6066-11e4-a52e-4f735466cecf":"f.633F000A9FA1F61B5279087A5498CC04.d.1593A2636DD1B89FDE469C131E93805F.e.4161"},"setValue",["04/20/2025"]]}
COMMAND: POST /session/b0bce561eedd0ef2cd491e5795c56593/execute/async - {"script":"<script> [1562 bytes]","args":[{"selector":{"id":"application-managehandovers-display-component---AddNewHO--dueDate","interaction":{"idSuffix":"inner"}},"wdio_ui5_key":"applicationmanagehandovers-display-component---AddNewHO--dueDate"}]}
RESULT: {"script":"<script> [1562 bytes]","args":[{"selector":{"id":"application-managehandovers-display-component---AddNewHO--dueDate","interaction":{"idSuffix":"inner"}},"wdio_ui5_key":"applicationmanagehandovers-display-component---AddNewHO--dueDate"}]}
COMMAND: POST /session/b0bce561eedd0ef2cd491e5795c56593/execute/async - {"script":"<script> [6424 bytes]","args":[{"element-6066-11e4-a52e-4f735466cecf":"f.633F000A9FA1F61B5279087A5498CC04.d.1593A2636DD1B89FDE469C131E93805F.e.5137"},"setValue",["04/20/2025"]]}
RESULT: {"script":"<script> [6424 bytes]","args":[{"element-6066-11e4-a52e-4f735466cecf":"f.633F000A9FA1F61B5279087A5498CC04.d.1593A2636DD1B89FDE469C131E93805F.e.5137"},"setValue",["04/20/2025"]]}
COMMAND: POST /session/b0bce561eedd0ef2cd491e5795c56593/element - {"using":"xpath","value":"//bdi[contains(text(), \"Instructions\")]"}
RESULT: {"using":"xpath","value":"//bdi[contains(text(), \"Instructions\")]"}
COMMAND: POST /session/b0bce561eedd0ef2cd491e5795c56593/element/f.633F000A9FA1F61B5279087A5498CC04.d.1593A2636DD1B89FDE469C131E93805F.e.5398/click - {}
RESULT: {}
COMMAND: GET /session/b0bce561eedd0ef2cd491e5795c56593/screenshot - {}
RESULT: {}
COMMAND: POST /session/b0bce561eedd0ef2cd491e5795c56593/element - {"using":"xpath","value":"//button[@data-kt=\"AddNewHOProvideAddItemsButton\"]"}
RESULT: {"using":"xpath","value":"//button[@data-kt=\"AddNewHOProvideAddItemsButton\"]"}
COMMAND: POST /session/b0bce561eedd0ef2cd491e5795c56593/element/f.633F000A9FA1F61B5279087A5498CC04.d.1593A2636DD1B89FDE469C131E93805F.e.5402/click - {}
RESULT: {}
COMMAND: GET /session/b0bce561eedd0ef2cd491e5795c56593/screenshot - {}
RESULT: {}
RESULT: undefined
COMMAND: POST /session/b0bce561eedd0ef2cd491e5795c56593/element - {"using":"xpath","value":"//*[@id=\"application-managehandovers-display-component---AddNewHO--popup-sa\"]"}
RESULT: {"using":"xpath","value":"//*[@id=\"application-managehandovers-display-component---AddNewHO--popup-sa\"]"}
COMMAND: POST /session/b0bce561eedd0ef2cd491e5795c56593/element/f.633F000A9FA1F61B5279087A5498CC04.d.1593A2636DD1B89FDE469C131E93805F.e.5412/click - {}
RESULT: {}
COMMAND: GET /session/b0bce561eedd0ef2cd491e5795c56593/screenshot - {}
RESULT: {}
COMMAND: POST /session/b0bce561eedd0ef2cd491e5795c56593/element - {"using":"xpath","value":"//*[contains(@id ,\"BDI-content\")][contains(text(), \"Select\")]"}
RESULT: {"using":"xpath","value":"//*[contains(@id ,\"BDI-content\")][contains(text(), \"Select\")]"}
COMMAND: POST /session/b0bce561eedd0ef2cd491e5795c56593/element/f.633F000A9FA1F61B5279087A5498CC04.d.1593A2636DD1B89FDE469C131E93805F.e.5413/click - {}
RESULT: {}
COMMAND: GET /session/b0bce561eedd0ef2cd491e5795c56593/screenshot - {}
RESULT: {}
COMMAND: POST /session/b0bce561eedd0ef2cd491e5795c56593/execute/async - {"script":"<script> [1562 bytes]","args":[{"selector":{"id":"application-managehandovers-display-component---AddNewHO--confirmCreationButton","interaction":{"idSuffix":"BDI-content"}},"wdio_ui5_key":"applicationmanagehandovers-display-component---AddNewHO--confirmCreationButton"}]}
RESULT: {"script":"<script> [1562 bytes]","args":[{"selector":{"id":"application-managehandovers-display-component---AddNewHO--confirmCreationButton","interaction":{"idSuffix":"BDI-content"}},"wdio_ui5_key":"applicationmanagehandovers-display-component---AddNewHO--confirmCreationButton"}]}
RESULT: undefined
COMMAND: POST /session/b0bce561eedd0ef2cd491e5795c56593/element - {"using":"xpath","value":"//*[@id=\"application-managehandovers-display-component---AddNewHO--confirmCreationButton\"]"}
RESULT: {"using":"xpath","value":"//*[@id=\"application-managehandovers-display-component---AddNewHO--confirmCreationButton\"]"}
COMMAND: POST /session/b0bce561eedd0ef2cd491e5795c56593/element/f.633F000A9FA1F61B5279087A5498CC04.d.1593A2636DD1B89FDE469C131E93805F.e.5184/click - {}
RESULT: {}
COMMAND: GET /session/b0bce561eedd0ef2cd491e5795c56593/screenshot - {}
RESULT: {}
COMMAND: POST /session/b0bce561eedd0ef2cd491e5795c56593/element - {"using":"xpath","value":"//button[@data-kt=\"PickingTableConfirmAllButton\"]"}
RESULT: {"using":"xpath","value":"//button[@data-kt=\"PickingTableConfirmAllButton\"]"}
COMMAND: POST /session/b0bce561eedd0ef2cd491e5795c56593/elements - {"using":"xpath","value":"//button[@data-kt=\"PickingTableConfirmAllButton\"]"}
RESULT: {"using":"xpath","value":"//button[@data-kt=\"PickingTableConfirmAllButton\"]"}
COMMAND: POST /session/b0bce561eedd0ef2cd491e5795c56593/elements - {"using":"xpath","value":"//button[@data-kt=\"PickingTableConfirmAllButton\"]"}
RESULT: {"using":"xpath","value":"//button[@data-kt=\"PickingTableConfirmAllButton\"]"}
COMMAND: POST /session/b0bce561eedd0ef2cd491e5795c56593/element - {"using":"xpath","value":"//button[@data-kt=\"PickingTableConfirmAllButton\"]"}
RESULT: {"using":"xpath","value":"//button[@data-kt=\"PickingTableConfirmAllButton\"]"}
COMMAND: POST /session/b0bce561eedd0ef2cd491e5795c56593/element/f.633F000A9FA1F61B5279087A5498CC04.d.1593A2636DD1B89FDE469C131E93805F.e.5462/click - {}
COMMAND: POST /session/b0bce561eedd0ef2cd491e5795c56593/element - {"using":"xpath","value":"//button[@data-kt=\"PickingTableConfirmAllButton\"]"}
RESULT: {"using":"xpath","value":"//button[@data-kt=\"PickingTableConfirmAllButton\"]"}
COMMAND: POST /session/b0bce561eedd0ef2cd491e5795c56593/element/f.633F000A9FA1F61B5279087A5498CC04.d.1593A2636DD1B89FDE469C131E93805F.e.5462/click - {}
COMMAND: POST /session/b0bce561eedd0ef2cd491e5795c56593/element - {"using":"xpath","value":"//button[@data-kt=\"PickingTableConfirmAllButton\"]"}
RESULT: {"using":"xpath","value":"//button[@data-kt=\"PickingTableConfirmAllButton\"]"}
COMMAND: POST /session/b0bce561eedd0ef2cd491e5795c56593/element/f.633F000A9FA1F61B5279087A5498CC04.d.1593A2636DD1B89FDE469C131E93805F.e.5473/click - {}
RESULT: {}
COMMAND: GET /session/b0bce561eedd0ef2cd491e5795c56593/screenshot - {}
RESULT: {}
COMMAND: POST /session/b0bce561eedd0ef2cd491e5795c56593/element - {"using":"xpath","value":"//bdi[contains(text(), \"OK\")]"}
RESULT: {"using":"xpath","value":"//bdi[contains(text(), \"OK\")]"}
COMMAND: POST /session/b0bce561eedd0ef2cd491e5795c56593/element/f.633F000A9FA1F61B5279087A5498CC04.d.1593A2636DD1B89FDE469C131E93805F.e.5476/click - {}
RESULT: {}
COMMAND: GET /session/b0bce561eedd0ef2cd491e5795c56593/screenshot - {}
RESULT: {}
COMMAND: POST /session/b0bce561eedd0ef2cd491e5795c56593/element - {"using":"xpath","value":"//bdi[contains(text(), \"Issue\")]"}
RESULT: {"using":"xpath","value":"//bdi[contains(text(), \"Issue\")]"}
COMMAND: POST /session/b0bce561eedd0ef2cd491e5795c56593/element/f.633F000A9FA1F61B5279087A5498CC04.d.1593A2636DD1B89FDE469C131E93805F.e.5477/click - {}
RESULT: {}
COMMAND: GET /session/b0bce561eedd0ef2cd491e5795c56593/screenshot - {}
RESULT: {}
COMMAND: POST /session/b0bce561eedd0ef2cd491e5795c56593/element - {"using":"css selector","value":"#shell-header-logo"}
RESULT: {"using":"css selector","value":"#shell-header-logo"}
COMMAND: POST /session/b0bce561eedd0ef2cd491e5795c56593/element/f.633F000A9FA1F61B5279087A5498CC04.d.1593A2636DD1B89FDE469C131E93805F.e.4573/click - {}
RESULT: {}
COMMAND: GET /session/b0bce561eedd0ef2cd491e5795c56593/screenshot - {}
RESULT: {}
]]></system-out>
    </testcase>
    <testcase classname="chrome.135_0_7049_42.windows.Billing_confirm_US117289" name="Should trigger calculation" time="75.596">
      <system-out><![CDATA[
COMMAND: POST /session/b0bce561eedd0ef2cd491e5795c56593/execute/async - {"script":"<script> [1562 bytes]","args":[{"selector":{"controlType":"sap.m.GenericTile","properties":{"header":"Manage Billings"}},"wdio_ui5_key":"sapm.GenericTile{\"header\":\"Manage Billings\"}"}]}
RESULT: {"script":"<script> [1562 bytes]","args":[{"selector":{"controlType":"sap.m.GenericTile","properties":{"header":"Manage Billings"}},"wdio_ui5_key":"sapm.GenericTile{\"header\":\"Manage Billings\"}"}]}
RESULT: undefined
COMMAND: POST /session/b0bce561eedd0ef2cd491e5795c56593/element - {"using":"xpath","value":"//*[@id=\"__tile51\"]"}
RESULT: {"using":"xpath","value":"//*[@id=\"__tile51\"]"}
COMMAND: POST /session/b0bce561eedd0ef2cd491e5795c56593/element/f.633F000A9FA1F61B5279087A5498CC04.d.1593A2636DD1B89FDE469C131E93805F.e.217/click - {}
RESULT: {}
COMMAND: GET /session/b0bce561eedd0ef2cd491e5795c56593/screenshot - {}
RESULT: {}
COMMAND: POST /session/b0bce561eedd0ef2cd491e5795c56593/execute/async - {"script":"<script> [1562 bytes]","args":[{"selector":{"id":"application-managebillings-display-component---billRunCalcResult--smartFilterBar-btnBasicSearch","interaction":{"idSuffix":"I"}},"wdio_ui5_key":"applicationmanagebillings-display-component---billRunCalcResult--smartFilterBar-btnBasicSearch"}]}
RESULT: {"script":"<script> [1562 bytes]","args":[{"selector":{"id":"application-managebillings-display-component---billRunCalcResult--smartFilterBar-btnBasicSearch","interaction":{"idSuffix":"I"}},"wdio_ui5_key":"applicationmanagebillings-display-component---billRunCalcResult--smartFilterBar-btnBasicSearch"}]}
RESULT: undefined
COMMAND: POST /session/b0bce561eedd0ef2cd491e5795c56593/execute/async - {"script":"<script> [776 bytes]","args":[{"enterText":"10495","selector":{"id":"application-managebillings-display-component---billRunCalcResult--smartFilterBar-btnBasicSearch","interaction":{"idSuffix":"I"}},"clearTextFirst":true,"interactionType":"ENTER_TEXT"}]}
RESULT: {"script":"<script> [776 bytes]","args":[{"enterText":"10495","selector":{"id":"application-managebillings-display-component---billRunCalcResult--smartFilterBar-btnBasicSearch","interaction":{"idSuffix":"I"}},"clearTextFirst":true,"interactionType":"ENTER_TEXT"}]}
COMMAND: POST /session/b0bce561eedd0ef2cd491e5795c56593/actions - {"actions":[{"id":"action18","type":"key","parameters":{},"actions":[{"type":"keyDown","value":""},{"type":"pause","duration":10},{"type":"keyUp","value":""}]}]}
RESULT: {"actions":[{"id":"action18","type":"key","parameters":{},"actions":[{"type":"keyDown","value":""},{"type":"pause","duration":10},{"type":"keyUp","value":""}]}]}
COMMAND: GET /session/b0bce561eedd0ef2cd491e5795c56593/screenshot - {}
RESULT: {}
COMMAND: POST /session/b0bce561eedd0ef2cd491e5795c56593/element - {"using":"xpath","value":"//td[@aria-colindex=\"1\"]/div/div[contains(@class, \"sapMCbBg\")]"}
RESULT: {"using":"xpath","value":"//td[@aria-colindex=\"1\"]/div/div[contains(@class, \"sapMCbBg\")]"}
COMMAND: POST /session/b0bce561eedd0ef2cd491e5795c56593/element/f.633F000A9FA1F61B5279087A5498CC04.d.1593A2636DD1B89FDE469C131E93805F.e.5869/click - {}
RESULT: {}
COMMAND: GET /session/b0bce561eedd0ef2cd491e5795c56593/screenshot - {}
RESULT: {}
COMMAND: POST /session/b0bce561eedd0ef2cd491e5795c56593/execute/async - {"script":"<script> [1562 bytes]","args":[{"selector":{"id":"application-managebillings-display-component---billRunCalcResult--contractBillRunDate","interaction":{"idSuffix":"inner"}},"wdio_ui5_key":"applicationmanagebillings-display-component---billRunCalcResult--contractBillRunDate"}]}
RESULT: {"script":"<script> [1562 bytes]","args":[{"selector":{"id":"application-managebillings-display-component---billRunCalcResult--contractBillRunDate","interaction":{"idSuffix":"inner"}},"wdio_ui5_key":"applicationmanagebillings-display-component---billRunCalcResult--contractBillRunDate"}]}
RESULT: undefined
COMMAND: POST /session/b0bce561eedd0ef2cd491e5795c56593/execute/async - {"script":"<script> [776 bytes]","args":[{"enterText":"05/20/25","selector":{"id":"application-managebillings-display-component---billRunCalcResult--contractBillRunDate","interaction":{"idSuffix":"inner"}},"clearTextFirst":true,"interactionType":"ENTER_TEXT"}]}
RESULT: {"script":"<script> [776 bytes]","args":[{"enterText":"05/20/25","selector":{"id":"application-managebillings-display-component---billRunCalcResult--contractBillRunDate","interaction":{"idSuffix":"inner"}},"clearTextFirst":true,"interactionType":"ENTER_TEXT"}]}
COMMAND: POST /session/b0bce561eedd0ef2cd491e5795c56593/element - {"using":"xpath","value":"//bdi[contains(text(), \"Trigger Calculation\")]"}
RESULT: {"using":"xpath","value":"//bdi[contains(text(), \"Trigger Calculation\")]"}
COMMAND: POST /session/b0bce561eedd0ef2cd491e5795c56593/element/f.633F000A9FA1F61B5279087A5498CC04.d.1593A2636DD1B89FDE469C131E93805F.e.5920/click - {}
RESULT: {}
COMMAND: GET /session/b0bce561eedd0ef2cd491e5795c56593/screenshot - {}
RESULT: {}
COMMAND: POST /session/b0bce561eedd0ef2cd491e5795c56593/element - {"using":"xpath","value":"(//span[contains(@id, \"imgNav\")])[1]"}
RESULT: {"using":"xpath","value":"(//span[contains(@id, \"imgNav\")])[1]"}
COMMAND: POST /session/b0bce561eedd0ef2cd491e5795c56593/element/f.633F000A9FA1F61B5279087A5498CC04.d.1593A2636DD1B89FDE469C131E93805F.e.5870/click - {}
RESULT: {}
COMMAND: GET /session/b0bce561eedd0ef2cd491e5795c56593/screenshot - {}
RESULT: {}
COMMAND: POST /session/b0bce561eedd0ef2cd491e5795c56593/element - {"using":"xpath","value":"//tr/td[6]/div[1]/span[1]/span[1]"}
RESULT: {"using":"xpath","value":"//tr/td[6]/div[1]/span[1]/span[1]"}
COMMAND: GET /session/b0bce561eedd0ef2cd491e5795c56593/element/f.633F000A9FA1F61B5279087A5498CC04.d.1593A2636DD1B89FDE469C131E93805F.e.5925/text - {}
RESULT: {}
COMMAND: POST /session/b0bce561eedd0ef2cd491e5795c56593/element - {"using":"xpath","value":"(//span[contains(@id, \"imgNav\")])[2]"}
RESULT: {"using":"xpath","value":"(//span[contains(@id, \"imgNav\")])[2]"}
COMMAND: POST /session/b0bce561eedd0ef2cd491e5795c56593/element/f.633F000A9FA1F61B5279087A5498CC04.d.1593A2636DD1B89FDE469C131E93805F.e.5926/click - {}
RESULT: {}
COMMAND: GET /session/b0bce561eedd0ef2cd491e5795c56593/screenshot - {}
RESULT: {}
COMMAND: POST /session/b0bce561eedd0ef2cd491e5795c56593/element - {"using":"xpath","value":"//bdi[contains(text(), \"Business Confirm\")]"}
RESULT: {"using":"xpath","value":"//bdi[contains(text(), \"Business Confirm\")]"}
COMMAND: POST /session/b0bce561eedd0ef2cd491e5795c56593/element/f.633F000A9FA1F61B5279087A5498CC04.d.1593A2636DD1B89FDE469C131E93805F.e.5997/click - {}
RESULT: {}
COMMAND: GET /session/b0bce561eedd0ef2cd491e5795c56593/screenshot - {}
RESULT: {}
COMMAND: POST /session/b0bce561eedd0ef2cd491e5795c56593/element - {"using":"xpath","value":"//bdi[contains(text(), \"Business Confirmed\")]"}
RESULT: {"using":"xpath","value":"//bdi[contains(text(), \"Business Confirmed\")]"}
COMMAND: POST /session/b0bce561eedd0ef2cd491e5795c56593/execute/sync - {"script":"<script> [56 bytes]","args":[{"element-6066-11e4-a52e-4f735466cecf":"f.633F000A9FA1F61B5279087A5498CC04.d.1593A2636DD1B89FDE469C131E93805F.e.5997","ELEMENT":"f.633F000A9FA1F61B5279087A5498CC04.d.1593A2636DD1B89FDE469C131E93805F.e.5997"}]}
RESULT: {"script":"<script> [56 bytes]","args":[{"element-6066-11e4-a52e-4f735466cecf":"f.633F000A9FA1F61B5279087A5498CC04.d.1593A2636DD1B89FDE469C131E93805F.e.5997","ELEMENT":"f.633F000A9FA1F61B5279087A5498CC04.d.1593A2636DD1B89FDE469C131E93805F.e.5997"}]}
COMMAND: POST /session/b0bce561eedd0ef2cd491e5795c56593/element - {"using":"css selector","value":"#shell-header-logo"}
COMMAND: GET /session/b0bce561eedd0ef2cd491e5795c56593/screenshot - {}
RESULT: {"using":"css selector","value":"#shell-header-logo"}
COMMAND: POST /session/b0bce561eedd0ef2cd491e5795c56593/element/f.633F000A9FA1F61B5279087A5498CC04.d.1593A2636DD1B89FDE469C131E93805F.e.5655/click - {}
RESULT: {}
RESULT: {}
COMMAND: GET /session/b0bce561eedd0ef2cd491e5795c56593/screenshot - {}
RESULT: {}
COMMAND: POST /session/b0bce561eedd0ef2cd491e5795c56593/element - {"using":"css selector","value":"#j_username"}
COMMAND: POST /session/b0bce561eedd0ef2cd491e5795c56593/url - {"url":"https://qa-testing-00-live-etm-ui.cfapps.eu10-004.hana.ondemand.com/"}
RESULT: {"using":"css selector","value":"#j_username"}
COMMAND: POST /session/b0bce561eedd0ef2cd491e5795c56593/element - {"using":"css selector","value":"#j_username"}
RESULT: {"url":"https://qa-testing-00-live-etm-ui.cfapps.eu10-004.hana.ondemand.com/"}
RESULT: undefined
COMMAND: GET /session/b0bce561eedd0ef2cd491e5795c56593/screenshot - {}
RESULT: {"using":"css selector","value":"#j_username"}
COMMAND: POST /session/b0bce561eedd0ef2cd491e5795c56593/element - {"using":"css selector","value":"#shell-header-logo"}
RESULT: {}
RESULT: {"using":"css selector","value":"#shell-header-logo"}
COMMAND: POST /session/b0bce561eedd0ef2cd491e5795c56593/execute/sync - {"script":"<script> [8489 bytes]","args":[{"element-6066-11e4-a52e-4f735466cecf":"f.633F000A9FA1F61B5279087A5498CC04.d.A5A48C3976D4193EAD7666965AAC0F0F.e.6014","ELEMENT":"f.633F000A9FA1F61B5279087A5498CC04.d.A5A48C3976D4193EAD7666965AAC0F0F.e.6014"}]}
RESULT: {"script":"<script> [8489 bytes]","args":[{"element-6066-11e4-a52e-4f735466cecf":"f.633F000A9FA1F61B5279087A5498CC04.d.A5A48C3976D4193EAD7666965AAC0F0F.e.6014","ELEMENT":"f.633F000A9FA1F61B5279087A5498CC04.d.A5A48C3976D4193EAD7666965AAC0F0F.e.6014"}]}
COMMAND: POST /session/b0bce561eedd0ef2cd491e5795c56593/element - {"using":"css selector","value":"#shell-header-logo"}
COMMAND: GET /session/b0bce561eedd0ef2cd491e5795c56593/screenshot - {}
RESULT: {"using":"css selector","value":"#shell-header-logo"}
COMMAND: POST /session/b0bce561eedd0ef2cd491e5795c56593/execute/sync - {"script":"<script> [8489 bytes]","args":[{"element-6066-11e4-a52e-4f735466cecf":"f.633F000A9FA1F61B5279087A5498CC04.d.A5A48C3976D4193EAD7666965AAC0F0F.e.6014","ELEMENT":"f.633F000A9FA1F61B5279087A5498CC04.d.A5A48C3976D4193EAD7666965AAC0F0F.e.6014"}]}
RESULT: {}
RESULT: {"script":"<script> [8489 bytes]","args":[{"element-6066-11e4-a52e-4f735466cecf":"f.633F000A9FA1F61B5279087A5498CC04.d.A5A48C3976D4193EAD7666965AAC0F0F.e.6014","ELEMENT":"f.633F000A9FA1F61B5279087A5498CC04.d.A5A48C3976D4193EAD7666965AAC0F0F.e.6014"}]}
COMMAND: POST /session/b0bce561eedd0ef2cd491e5795c56593/execute/sync - {"script":"<script> [5351 bytes]","args":[{"element-6066-11e4-a52e-4f735466cecf":"f.633F000A9FA1F61B5279087A5498CC04.d.A5A48C3976D4193EAD7666965AAC0F0F.e.6014","ELEMENT":"f.633F000A9FA1F61B5279087A5498CC04.d.A5A48C3976D4193EAD7666965AAC0F0F.e.6014"}]}
COMMAND: GET /session/b0bce561eedd0ef2cd491e5795c56593/screenshot - {}
RESULT: {"script":"<script> [5351 bytes]","args":[{"element-6066-11e4-a52e-4f735466cecf":"f.633F000A9FA1F61B5279087A5498CC04.d.A5A48C3976D4193EAD7666965AAC0F0F.e.6014","ELEMENT":"f.633F000A9FA1F61B5279087A5498CC04.d.A5A48C3976D4193EAD7666965AAC0F0F.e.6014"}]}
COMMAND: POST /session/b0bce561eedd0ef2cd491e5795c56593/element - {"using":"css selector","value":"#shell-header-logo"}
COMMAND: GET /session/b0bce561eedd0ef2cd491e5795c56593/screenshot - {}
RESULT: {}
RESULT: {"using":"css selector","value":"#shell-header-logo"}
COMMAND: POST /session/b0bce561eedd0ef2cd491e5795c56593/element/f.633F000A9FA1F61B5279087A5498CC04.d.A5A48C3976D4193EAD7666965AAC0F0F.e.6014/click - {}
RESULT: {}
RESULT: {}
COMMAND: GET /session/b0bce561eedd0ef2cd491e5795c56593/screenshot - {}
RESULT: {}
COMMAND: POST /session/b0bce561eedd0ef2cd491e5795c56593/execute/async - {"script":"<script> [189 bytes]","args":[]}
RESULT: {"script":"<script> [189 bytes]","args":[]}
COMMAND: POST /session/b0bce561eedd0ef2cd491e5795c56593/execute/async - {"script":"<script> [123 bytes]","args":[]}
RESULT: {"script":"<script> [123 bytes]","args":[]}
COMMAND: POST /session/b0bce561eedd0ef2cd491e5795c56593/timeouts - {"script":"<number>"}
RESULT: {"script":"<number>"}
COMMAND: GET /session/b0bce561eedd0ef2cd491e5795c56593/timeouts - {}
RESULT: {}
RESULT: undefined
COMMAND: POST /session/b0bce561eedd0ef2cd491e5795c56593/execute/async - {"script":"<script> [2676 bytes]","args":[]}
RESULT: {"script":"<script> [2676 bytes]","args":[]}
COMMAND: POST /session/b0bce561eedd0ef2cd491e5795c56593/execute/async - {"script":"<script> [2342 bytes]","args":[{"protocol":"http","hostname":"0.0.0.0","path":"/","capabilities":{"browserName":"chrome","goog:chromeOptions":{"binary":"C:\\Program Files\\Google\\Chrome\\Application\\chrome.exe","args":["--start-maximized"]}},"logLevel":"warn","connectionRetryTimeout":120000,"connectionRetryCount":3,"logLevels":{},"enableDirectConnect":true,"strictSSL":true,"_":"65 more keys: [\"cacheDir\",\"port\",\"requestedCapabilities\",\"automationProtocol\",\"baseUrl\",\"waitforInterval\",\"waitforTimeout\",\"onReload\",\"beforeCommand\",\"afterCommand\",\"rootDir\",\"specs\",\"suites\",\"exclude\",\"groupLogsByTestSpec\",\"excludeDriverLogs\",\"bail\",\"framework\",\"reporters\",\"services\",\"maxInstances\",\"maxInstancesPerCapability\",\"injectGlobals\",\"filesToWatch\",\"execArgv\",\"runnerEnv\",\"runner\",\"shard\",\"specFileRetries\",\"specFileRetriesDelay\",\"specFileRetriesDeferred\",\"reporterSyncInterval\",\"reporterSyncTimeout\",\"cucumberFeaturesWithLineNumbers\",\"autoCompileOpts\",\"mochaOpts\",\"jasmineOpts\",\"cucumberOpts\",\"onPrepare\",\"onWorkerStart\",\"onWorkerEnd\",\"before\",\"beforeSession\",\"beforeSuite\",\"beforeHook\",\"beforeTest\",\"afterTest\",\"afterHook\",\"afterSuite\",\"afterSession\",\"after\",\"onComplete\",\"beforeAssertion\",\"afterAssertion\",\"beforeFeature\",\"beforeScenario\",\"beforeStep\",\"afterStep\",\"afterScenario\",\"afterFeature\",\"_\",\"suite\",\"$0\",\"ignoredWorkerServices\",\"wdi5\"]"}]}
RESULT: {"script":"<script> [2342 bytes]","args":[{"protocol":"http","hostname":"0.0.0.0","path":"/","capabilities":{"browserName":"chrome","goog:chromeOptions":{"binary":"C:\\Program Files\\Google\\Chrome\\Application\\chrome.exe","args":["--start-maximized"]}},"logLevel":"warn","connectionRetryTimeout":120000,"connectionRetryCount":3,"logLevels":{},"enableDirectConnect":true,"strictSSL":true,"_":"65 more keys: [\"cacheDir\",\"port\",\"requestedCapabilities\",\"automationProtocol\",\"baseUrl\",\"waitforInterval\",\"waitforTimeout\",\"onReload\",\"beforeCommand\",\"afterCommand\",\"rootDir\",\"specs\",\"suites\",\"exclude\",\"groupLogsByTestSpec\",\"excludeDriverLogs\",\"bail\",\"framework\",\"reporters\",\"services\",\"maxInstances\",\"maxInstancesPerCapability\",\"injectGlobals\",\"filesToWatch\",\"execArgv\",\"runnerEnv\",\"runner\",\"shard\",\"specFileRetries\",\"specFileRetriesDelay\",\"specFileRetriesDeferred\",\"reporterSyncInterval\",\"reporterSyncTimeout\",\"cucumberFeaturesWithLineNumbers\",\"autoCompileOpts\",\"mochaOpts\",\"jasmineOpts\",\"cucumberOpts\",\"onPrepare\",\"onWorkerStart\",\"onWorkerEnd\",\"before\",\"beforeSession\",\"beforeSuite\",\"beforeHook\",\"beforeTest\",\"afterTest\",\"afterHook\",\"afterSuite\",\"afterSession\",\"after\",\"onComplete\",\"beforeAssertion\",\"afterAssertion\",\"beforeFeature\",\"beforeScenario\",\"beforeStep\",\"afterStep\",\"afterScenario\",\"afterFeature\",\"_\",\"suite\",\"$0\",\"ignoredWorkerServices\",\"wdi5\"]"}]}
COMMAND: POST /session/b0bce561eedd0ef2cd491e5795c56593/execute/async - {"script":"<script> [21126 bytes]","args":[35000]}
RESULT: {"script":"<script> [21126 bytes]","args":[35000]}
COMMAND: POST /session/b0bce561eedd0ef2cd491e5795c56593/window/maximize - {}
RESULT: {}
COMMAND: POST /session/b0bce561eedd0ef2cd491e5795c56593/execute/async - {"script":"<script> [1562 bytes]","args":[{"selector":{"id":"shell-header","interaction":{"idSuffix":"icon"}},"wdio_ui5_key":"shellheader"}]}
COMMAND: GET /session/b0bce561eedd0ef2cd491e5795c56593/screenshot - {}
RESULT: {"script":"<script> [1562 bytes]","args":[{"selector":{"id":"shell-header","interaction":{"idSuffix":"icon"}},"wdio_ui5_key":"shellheader"}]}
RESULT: undefined
COMMAND: POST /session/b0bce561eedd0ef2cd491e5795c56593/refresh - {}
RESULT: {}
RESULT: {}
COMMAND: GET /session/b0bce561eedd0ef2cd491e5795c56593/screenshot - {}
RESULT: {}
COMMAND: POST /session/b0bce561eedd0ef2cd491e5795c56593/refresh - {}
RESULT: {}
COMMAND: GET /session/b0bce561eedd0ef2cd491e5795c56593/screenshot - {}
RESULT: {}
COMMAND: POST /session/b0bce561eedd0ef2cd491e5795c56593/window/fullscreen - {}
RESULT: {}
COMMAND: POST /session/b0bce561eedd0ef2cd491e5795c56593/execute/async - {"script":"<script> [189 bytes]","args":[]}
RESULT: {"script":"<script> [189 bytes]","args":[]}
COMMAND: POST /session/b0bce561eedd0ef2cd491e5795c56593/execute/async - {"script":"<script> [123 bytes]","args":[]}
RESULT: {"script":"<script> [123 bytes]","args":[]}
COMMAND: POST /session/b0bce561eedd0ef2cd491e5795c56593/timeouts - {"script":"<number>"}
RESULT: {"script":"<number>"}
COMMAND: GET /session/b0bce561eedd0ef2cd491e5795c56593/timeouts - {}
RESULT: {}
RESULT: undefined
COMMAND: POST /session/b0bce561eedd0ef2cd491e5795c56593/execute/async - {"script":"<script> [2676 bytes]","args":[]}
RESULT: {"script":"<script> [2676 bytes]","args":[]}
COMMAND: POST /session/b0bce561eedd0ef2cd491e5795c56593/execute/async - {"script":"<script> [2342 bytes]","args":[{"protocol":"http","hostname":"0.0.0.0","path":"/","capabilities":{"browserName":"chrome","goog:chromeOptions":{"binary":"C:\\Program Files\\Google\\Chrome\\Application\\chrome.exe","args":["--start-maximized"]}},"logLevel":"warn","connectionRetryTimeout":120000,"connectionRetryCount":3,"logLevels":{},"enableDirectConnect":true,"strictSSL":true,"_":"65 more keys: [\"cacheDir\",\"port\",\"requestedCapabilities\",\"automationProtocol\",\"baseUrl\",\"waitforInterval\",\"waitforTimeout\",\"onReload\",\"beforeCommand\",\"afterCommand\",\"rootDir\",\"specs\",\"suites\",\"exclude\",\"groupLogsByTestSpec\",\"excludeDriverLogs\",\"bail\",\"framework\",\"reporters\",\"services\",\"maxInstances\",\"maxInstancesPerCapability\",\"injectGlobals\",\"filesToWatch\",\"execArgv\",\"runnerEnv\",\"runner\",\"shard\",\"specFileRetries\",\"specFileRetriesDelay\",\"specFileRetriesDeferred\",\"reporterSyncInterval\",\"reporterSyncTimeout\",\"cucumberFeaturesWithLineNumbers\",\"autoCompileOpts\",\"mochaOpts\",\"jasmineOpts\",\"cucumberOpts\",\"onPrepare\",\"onWorkerStart\",\"onWorkerEnd\",\"before\",\"beforeSession\",\"beforeSuite\",\"beforeHook\",\"beforeTest\",\"afterTest\",\"afterHook\",\"afterSuite\",\"afterSession\",\"after\",\"onComplete\",\"beforeAssertion\",\"afterAssertion\",\"beforeFeature\",\"beforeScenario\",\"beforeStep\",\"afterStep\",\"afterScenario\",\"afterFeature\",\"_\",\"suite\",\"$0\",\"ignoredWorkerServices\",\"wdi5\"]"}]}
RESULT: {"script":"<script> [2342 bytes]","args":[{"protocol":"http","hostname":"0.0.0.0","path":"/","capabilities":{"browserName":"chrome","goog:chromeOptions":{"binary":"C:\\Program Files\\Google\\Chrome\\Application\\chrome.exe","args":["--start-maximized"]}},"logLevel":"warn","connectionRetryTimeout":120000,"connectionRetryCount":3,"logLevels":{},"enableDirectConnect":true,"strictSSL":true,"_":"65 more keys: [\"cacheDir\",\"port\",\"requestedCapabilities\",\"automationProtocol\",\"baseUrl\",\"waitforInterval\",\"waitforTimeout\",\"onReload\",\"beforeCommand\",\"afterCommand\",\"rootDir\",\"specs\",\"suites\",\"exclude\",\"groupLogsByTestSpec\",\"excludeDriverLogs\",\"bail\",\"framework\",\"reporters\",\"services\",\"maxInstances\",\"maxInstancesPerCapability\",\"injectGlobals\",\"filesToWatch\",\"execArgv\",\"runnerEnv\",\"runner\",\"shard\",\"specFileRetries\",\"specFileRetriesDelay\",\"specFileRetriesDeferred\",\"reporterSyncInterval\",\"reporterSyncTimeout\",\"cucumberFeaturesWithLineNumbers\",\"autoCompileOpts\",\"mochaOpts\",\"jasmineOpts\",\"cucumberOpts\",\"onPrepare\",\"onWorkerStart\",\"onWorkerEnd\",\"before\",\"beforeSession\",\"beforeSuite\",\"beforeHook\",\"beforeTest\",\"afterTest\",\"afterHook\",\"afterSuite\",\"afterSession\",\"after\",\"onComplete\",\"beforeAssertion\",\"afterAssertion\",\"beforeFeature\",\"beforeScenario\",\"beforeStep\",\"afterStep\",\"afterScenario\",\"afterFeature\",\"_\",\"suite\",\"$0\",\"ignoredWorkerServices\",\"wdi5\"]"}]}
COMMAND: POST /session/b0bce561eedd0ef2cd491e5795c56593/execute/async - {"script":"<script> [21126 bytes]","args":[35000]}
RESULT: {"script":"<script> [21126 bytes]","args":[35000]}
]]></system-out>
    </testcase>
  </testsuite>
  <testsuite timestamp="2025-04-20T17:25:43" time="1368.468" tests="14" failures="0" errors="0" skipped="0">
    <properties>
      <property name="specId" value="0"/>
      <property name="suiteName" value="Create master data for mixed billing &amp; do billing calculation US151661"/>
      <property name="capabilities" value="chrome.135_0_7049_42.windows"/>
      <property name="file" value="file:///D:/a/1/s/test/specs/BTS/billing-calculation-mixed.spec.js"/>
    </properties>
    <testcase classname="chrome.135_0_7049_42.windows.Create_master_data_for_mixed_billing_&amp;_do_billing_calculation_US151661" name="Should create a new yard" time="113.825">
      <system-out><![CDATA[
COMMAND: POST /session/b0bce561eedd0ef2cd491e5795c56593/window/fullscreen - {}
RESULT: {}
COMMAND: POST /session/b0bce561eedd0ef2cd491e5795c56593/execute/async - {"script":"<script> [1562 bytes]","args":[{"selector":{"controlType":"sap.m.GenericTile","properties":{"header":"Manage Yards"}},"wdio_ui5_key":"sapm.GenericTile{\"header\":\"Manage Yards\"}"}]}
RESULT: {"script":"<script> [1562 bytes]","args":[{"selector":{"controlType":"sap.m.GenericTile","properties":{"header":"Manage Yards"}},"wdio_ui5_key":"sapm.GenericTile{\"header\":\"Manage Yards\"}"}]}
RESULT: undefined
COMMAND: POST /session/b0bce561eedd0ef2cd491e5795c56593/element - {"using":"xpath","value":"//*[@id=\"__tile41\"]"}
RESULT: {"using":"xpath","value":"//*[@id=\"__tile41\"]"}
COMMAND: POST /session/b0bce561eedd0ef2cd491e5795c56593/element/f.633F000A9FA1F61B5279087A5498CC04.d.ABFF5C0A001B74E50EA2378E2F9D4728.e.6173/click - {}
RESULT: {}
COMMAND: POST /session/b0bce561eedd0ef2cd491e5795c56593/element - {"using":"xpath","value":"//button[@data-kt=\"addNewYardOverflowToolbarButton\"]"}
COMMAND: GET /session/b0bce561eedd0ef2cd491e5795c56593/screenshot - {}
RESULT: {"using":"xpath","value":"//button[@data-kt=\"addNewYardOverflowToolbarButton\"]"}
COMMAND: POST /session/b0bce561eedd0ef2cd491e5795c56593/elements - {"using":"xpath","value":"//button[@data-kt=\"addNewYardOverflowToolbarButton\"]"}
RESULT: {}
RESULT: {"using":"xpath","value":"//button[@data-kt=\"addNewYardOverflowToolbarButton\"]"}
COMMAND: POST /session/b0bce561eedd0ef2cd491e5795c56593/elements - {"using":"xpath","value":"//button[@data-kt=\"addNewYardOverflowToolbarButton\"]"}
RESULT: {"using":"xpath","value":"//button[@data-kt=\"addNewYardOverflowToolbarButton\"]"}
COMMAND: POST /session/b0bce561eedd0ef2cd491e5795c56593/elements - {"using":"xpath","value":"//button[@data-kt=\"addNewYardOverflowToolbarButton\"]"}
RESULT: {"using":"xpath","value":"//button[@data-kt=\"addNewYardOverflowToolbarButton\"]"}
COMMAND: POST /session/b0bce561eedd0ef2cd491e5795c56593/elements - {"using":"xpath","value":"//button[@data-kt=\"addNewYardOverflowToolbarButton\"]"}
RESULT: {"using":"xpath","value":"//button[@data-kt=\"addNewYardOverflowToolbarButton\"]"}
COMMAND: POST /session/b0bce561eedd0ef2cd491e5795c56593/elements - {"using":"xpath","value":"//button[@data-kt=\"addNewYardOverflowToolbarButton\"]"}
RESULT: {"using":"xpath","value":"//button[@data-kt=\"addNewYardOverflowToolbarButton\"]"}
COMMAND: POST /session/b0bce561eedd0ef2cd491e5795c56593/elements - {"using":"xpath","value":"//button[@data-kt=\"addNewYardOverflowToolbarButton\"]"}
RESULT: {"using":"xpath","value":"//button[@data-kt=\"addNewYardOverflowToolbarButton\"]"}
COMMAND: POST /session/b0bce561eedd0ef2cd491e5795c56593/elements - {"using":"xpath","value":"//button[@data-kt=\"addNewYardOverflowToolbarButton\"]"}
RESULT: {"using":"xpath","value":"//button[@data-kt=\"addNewYardOverflowToolbarButton\"]"}
COMMAND: POST /session/b0bce561eedd0ef2cd491e5795c56593/elements - {"using":"xpath","value":"//button[@data-kt=\"addNewYardOverflowToolbarButton\"]"}
RESULT: {"using":"xpath","value":"//button[@data-kt=\"addNewYardOverflowToolbarButton\"]"}
COMMAND: POST /session/b0bce561eedd0ef2cd491e5795c56593/elements - {"using":"xpath","value":"//button[@data-kt=\"addNewYardOverflowToolbarButton\"]"}
RESULT: {"using":"xpath","value":"//button[@data-kt=\"addNewYardOverflowToolbarButton\"]"}
COMMAND: POST /session/b0bce561eedd0ef2cd491e5795c56593/elements - {"using":"xpath","value":"//button[@data-kt=\"addNewYardOverflowToolbarButton\"]"}
RESULT: {"using":"xpath","value":"//button[@data-kt=\"addNewYardOverflowToolbarButton\"]"}
COMMAND: POST /session/b0bce561eedd0ef2cd491e5795c56593/elements - {"using":"xpath","value":"//button[@data-kt=\"addNewYardOverflowToolbarButton\"]"}
RESULT: {"using":"xpath","value":"//button[@data-kt=\"addNewYardOverflowToolbarButton\"]"}
COMMAND: POST /session/b0bce561eedd0ef2cd491e5795c56593/elements - {"using":"xpath","value":"//button[@data-kt=\"addNewYardOverflowToolbarButton\"]"}
RESULT: {"using":"xpath","value":"//button[@data-kt=\"addNewYardOverflowToolbarButton\"]"}
COMMAND: POST /session/b0bce561eedd0ef2cd491e5795c56593/elements - {"using":"xpath","value":"//button[@data-kt=\"addNewYardOverflowToolbarButton\"]"}
RESULT: {"using":"xpath","value":"//button[@data-kt=\"addNewYardOverflowToolbarButton\"]"}
COMMAND: POST /session/b0bce561eedd0ef2cd491e5795c56593/elements - {"using":"xpath","value":"//button[@data-kt=\"addNewYardOverflowToolbarButton\"]"}
RESULT: {"using":"xpath","value":"//button[@data-kt=\"addNewYardOverflowToolbarButton\"]"}
COMMAND: POST /session/b0bce561eedd0ef2cd491e5795c56593/elements - {"using":"xpath","value":"//button[@data-kt=\"addNewYardOverflowToolbarButton\"]"}
RESULT: {"using":"xpath","value":"//button[@data-kt=\"addNewYardOverflowToolbarButton\"]"}
COMMAND: POST /session/b0bce561eedd0ef2cd491e5795c56593/elements - {"using":"xpath","value":"//button[@data-kt=\"addNewYardOverflowToolbarButton\"]"}
RESULT: {"using":"xpath","value":"//button[@data-kt=\"addNewYardOverflowToolbarButton\"]"}
COMMAND: POST /session/b0bce561eedd0ef2cd491e5795c56593/elements - {"using":"xpath","value":"//button[@data-kt=\"addNewYardOverflowToolbarButton\"]"}
RESULT: {"using":"xpath","value":"//button[@data-kt=\"addNewYardOverflowToolbarButton\"]"}
COMMAND: POST /session/b0bce561eedd0ef2cd491e5795c56593/elements - {"using":"xpath","value":"//button[@data-kt=\"addNewYardOverflowToolbarButton\"]"}
RESULT: {"using":"xpath","value":"//button[@data-kt=\"addNewYardOverflowToolbarButton\"]"}
COMMAND: POST /session/b0bce561eedd0ef2cd491e5795c56593/elements - {"using":"xpath","value":"//button[@data-kt=\"addNewYardOverflowToolbarButton\"]"}
RESULT: {"using":"xpath","value":"//button[@data-kt=\"addNewYardOverflowToolbarButton\"]"}
COMMAND: POST /session/b0bce561eedd0ef2cd491e5795c56593/elements - {"using":"xpath","value":"//button[@data-kt=\"addNewYardOverflowToolbarButton\"]"}
RESULT: {"using":"xpath","value":"//button[@data-kt=\"addNewYardOverflowToolbarButton\"]"}
COMMAND: POST /session/b0bce561eedd0ef2cd491e5795c56593/elements - {"using":"xpath","value":"//button[@data-kt=\"addNewYardOverflowToolbarButton\"]"}
RESULT: {"using":"xpath","value":"//button[@data-kt=\"addNewYardOverflowToolbarButton\"]"}
COMMAND: POST /session/b0bce561eedd0ef2cd491e5795c56593/elements - {"using":"xpath","value":"//button[@data-kt=\"addNewYardOverflowToolbarButton\"]"}
RESULT: {"using":"xpath","value":"//button[@data-kt=\"addNewYardOverflowToolbarButton\"]"}
COMMAND: POST /session/b0bce561eedd0ef2cd491e5795c56593/element - {"using":"xpath","value":"//button[@data-kt=\"addNewYardOverflowToolbarButton\"]"}
RESULT: {"using":"xpath","value":"//button[@data-kt=\"addNewYardOverflowToolbarButton\"]"}
COMMAND: POST /session/b0bce561eedd0ef2cd491e5795c56593/execute/sync - {"script":"<script> [8489 bytes]","args":[{"element-6066-11e4-a52e-4f735466cecf":"f.633F000A9FA1F61B5279087A5498CC04.d.ABFF5C0A001B74E50EA2378E2F9D4728.e.6293","ELEMENT":"f.633F000A9FA1F61B5279087A5498CC04.d.ABFF5C0A001B74E50EA2378E2F9D4728.e.6293"}]}
RESULT: {"script":"<script> [8489 bytes]","args":[{"element-6066-11e4-a52e-4f735466cecf":"f.633F000A9FA1F61B5279087A5498CC04.d.ABFF5C0A001B74E50EA2378E2F9D4728.e.6293","ELEMENT":"f.633F000A9FA1F61B5279087A5498CC04.d.ABFF5C0A001B74E50EA2378E2F9D4728.e.6293"}]}
COMMAND: GET /session/b0bce561eedd0ef2cd491e5795c56593/element/f.633F000A9FA1F61B5279087A5498CC04.d.ABFF5C0A001B74E50EA2378E2F9D4728.e.6293/enabled - {}
COMMAND: GET /session/b0bce561eedd0ef2cd491e5795c56593/screenshot - {}
RESULT: {}
COMMAND: POST /session/b0bce561eedd0ef2cd491e5795c56593/execute/sync - {"script":"<script> [8489 bytes]","args":[{"element-6066-11e4-a52e-4f735466cecf":"f.633F000A9FA1F61B5279087A5498CC04.d.ABFF5C0A001B74E50EA2378E2F9D4728.e.6293","ELEMENT":"f.633F000A9FA1F61B5279087A5498CC04.d.ABFF5C0A001B74E50EA2378E2F9D4728.e.6293"}]}
COMMAND: GET /session/b0bce561eedd0ef2cd491e5795c56593/screenshot - {}
RESULT: {}
RESULT: {"script":"<script> [8489 bytes]","args":[{"element-6066-11e4-a52e-4f735466cecf":"f.633F000A9FA1F61B5279087A5498CC04.d.ABFF5C0A001B74E50EA2378E2F9D4728.e.6293","ELEMENT":"f.633F000A9FA1F61B5279087A5498CC04.d.ABFF5C0A001B74E50EA2378E2F9D4728.e.6293"}]}
COMMAND: POST /session/b0bce561eedd0ef2cd491e5795c56593/execute/sync - {"script":"<script> [5351 bytes]","args":[{"element-6066-11e4-a52e-4f735466cecf":"f.633F000A9FA1F61B5279087A5498CC04.d.ABFF5C0A001B74E50EA2378E2F9D4728.e.6293","ELEMENT":"f.633F000A9FA1F61B5279087A5498CC04.d.ABFF5C0A001B74E50EA2378E2F9D4728.e.6293"}]}
COMMAND: GET /session/b0bce561eedd0ef2cd491e5795c56593/screenshot - {}
RESULT: {}
RESULT: {"script":"<script> [5351 bytes]","args":[{"element-6066-11e4-a52e-4f735466cecf":"f.633F000A9FA1F61B5279087A5498CC04.d.ABFF5C0A001B74E50EA2378E2F9D4728.e.6293","ELEMENT":"f.633F000A9FA1F61B5279087A5498CC04.d.ABFF5C0A001B74E50EA2378E2F9D4728.e.6293"}]}
COMMAND: POST /session/b0bce561eedd0ef2cd491e5795c56593/element/f.633F000A9FA1F61B5279087A5498CC04.d.ABFF5C0A001B74E50EA2378E2F9D4728.e.6293/click - {}
COMMAND: GET /session/b0bce561eedd0ef2cd491e5795c56593/screenshot - {}
RESULT: {}
RESULT: {}
COMMAND: GET /session/b0bce561eedd0ef2cd491e5795c56593/screenshot - {}
COMMAND: POST /session/b0bce561eedd0ef2cd491e5795c56593/element - {"using":"xpath","value":"//input[@id=\"application-manageyards-display-component---NewYard--yardId-inner\"]"}
RESULT: {}
RESULT: {}
RESULT: {"using":"xpath","value":"//input[@id=\"application-manageyards-display-component---NewYard--yardId-inner\"]"}
COMMAND: POST /session/b0bce561eedd0ef2cd491e5795c56593/element - {"using":"xpath","value":"//input[@id=\"application-manageyards-display-component---NewYard--yardId-inner\"]"}
RESULT: {"using":"xpath","value":"//input[@id=\"application-manageyards-display-component---NewYard--yardId-inner\"]"}
COMMAND: POST /session/b0bce561eedd0ef2cd491e5795c56593/execute/async - {"script":"<script> [1562 bytes]","args":[{"selector":{"id":"application-manageyards-display-component---NewYard--addressDetailDetailsName1","interaction":{"idSuffix":"inner"}},"wdio_ui5_key":"applicationmanageyards-display-component---NewYard--addressDetailDetailsName1"}]}
RESULT: {"script":"<script> [1562 bytes]","args":[{"selector":{"id":"application-manageyards-display-component---NewYard--addressDetailDetailsName1","interaction":{"idSuffix":"inner"}},"wdio_ui5_key":"applicationmanageyards-display-component---NewYard--addressDetailDetailsName1"}]}
RESULT: undefined
COMMAND: POST /session/b0bce561eedd0ef2cd491e5795c56593/execute/async - {"script":"<script> [776 bytes]","args":[{"enterText":"Intercompany Yard wdIO","selector":{"id":"application-manageyards-display-component---NewYard--addressDetailDetailsName1","interaction":{"idSuffix":"inner"}},"clearTextFirst":true,"interactionType":"ENTER_TEXT"}]}
RESULT: {"script":"<script> [776 bytes]","args":[{"enterText":"Intercompany Yard wdIO","selector":{"id":"application-manageyards-display-component---NewYard--addressDetailDetailsName1","interaction":{"idSuffix":"inner"}},"clearTextFirst":true,"interactionType":"ENTER_TEXT"}]}
COMMAND: POST /session/b0bce561eedd0ef2cd491e5795c56593/execute/async - {"script":"<script> [1562 bytes]","args":[{"selector":{"id":"application-manageyards-display-component---NewYard--addressDetailDetailsLanguage-arrow"},"wdio_ui5_key":"applicationmanageyards-display-component---NewYard--addressDetailDetailsLanguage-arrow"}]}
RESULT: {"script":"<script> [1562 bytes]","args":[{"selector":{"id":"application-manageyards-display-component---NewYard--addressDetailDetailsLanguage-arrow"},"wdio_ui5_key":"applicationmanageyards-display-component---NewYard--addressDetailDetailsLanguage-arrow"}]}
RESULT: undefined
COMMAND: POST /session/b0bce561eedd0ef2cd491e5795c56593/element - {"using":"xpath","value":"//*[@id=\"application-manageyards-display-component---NewYard--addressDetailDetailsLanguage-arrow\"]"}
RESULT: {"using":"xpath","value":"//*[@id=\"application-manageyards-display-component---NewYard--addressDetailDetailsLanguage-arrow\"]"}
COMMAND: POST /session/b0bce561eedd0ef2cd491e5795c56593/element/f.633F000A9FA1F61B5279087A5498CC04.d.ABFF5C0A001B74E50EA2378E2F9D4728.e.6725/click - {}
RESULT: {}
COMMAND: POST /session/b0bce561eedd0ef2cd491e5795c56593/element - {"using":"xpath","value":"//span[contains(text(), \"English\")]"}
COMMAND: GET /session/b0bce561eedd0ef2cd491e5795c56593/screenshot - {}
RESULT: {"using":"xpath","value":"//span[contains(text(), \"English\")]"}
COMMAND: POST /session/b0bce561eedd0ef2cd491e5795c56593/element/f.633F000A9FA1F61B5279087A5498CC04.d.ABFF5C0A001B74E50EA2378E2F9D4728.e.6726/click - {}
RESULT: {}
RESULT: {}
COMMAND: POST /session/b0bce561eedd0ef2cd491e5795c56593/execute/async - {"script":"<script> [1562 bytes]","args":[{"selector":{"id":"application-manageyards-display-component---NewYard--addressDetailDetailsCity1","interaction":{"idSuffix":"inner"}},"wdio_ui5_key":"applicationmanageyards-display-component---NewYard--addressDetailDetailsCity1"}]}
COMMAND: GET /session/b0bce561eedd0ef2cd491e5795c56593/screenshot - {}
RESULT: {"script":"<script> [1562 bytes]","args":[{"selector":{"id":"application-manageyards-display-component---NewYard--addressDetailDetailsCity1","interaction":{"idSuffix":"inner"}},"wdio_ui5_key":"applicationmanageyards-display-component---NewYard--addressDetailDetailsCity1"}]}
RESULT: undefined
COMMAND: POST /session/b0bce561eedd0ef2cd491e5795c56593/execute/async - {"script":"<script> [776 bytes]","args":[{"enterText":"Rosario","selector":{"id":"application-manageyards-display-component---NewYard--addressDetailDetailsCity1","interaction":{"idSuffix":"inner"}},"clearTextFirst":true,"interactionType":"ENTER_TEXT"}]}
RESULT: {}
RESULT: {"script":"<script> [776 bytes]","args":[{"enterText":"Rosario","selector":{"id":"application-manageyards-display-component---NewYard--addressDetailDetailsCity1","interaction":{"idSuffix":"inner"}},"clearTextFirst":true,"interactionType":"ENTER_TEXT"}]}
COMMAND: POST /session/b0bce561eedd0ef2cd491e5795c56593/execute/async - {"script":"<script> [1562 bytes]","args":[{"selector":{"id":"application-manageyards-display-component---NewYard--addressDetailDetailsCountry-arrow"},"wdio_ui5_key":"applicationmanageyards-display-component---NewYard--addressDetailDetailsCountry-arrow"}]}
RESULT: {"script":"<script> [1562 bytes]","args":[{"selector":{"id":"application-manageyards-display-component---NewYard--addressDetailDetailsCountry-arrow"},"wdio_ui5_key":"applicationmanageyards-display-component---NewYard--addressDetailDetailsCountry-arrow"}]}
RESULT: undefined
COMMAND: POST /session/b0bce561eedd0ef2cd491e5795c56593/element - {"using":"xpath","value":"//*[@id=\"application-manageyards-display-component---NewYard--addressDetailDetailsCountry-arrow\"]"}
RESULT: {"using":"xpath","value":"//*[@id=\"application-manageyards-display-component---NewYard--addressDetailDetailsCountry-arrow\"]"}
COMMAND: POST /session/b0bce561eedd0ef2cd491e5795c56593/element/f.633F000A9FA1F61B5279087A5498CC04.d.ABFF5C0A001B74E50EA2378E2F9D4728.e.6728/click - {}
RESULT: {}
COMMAND: POST /session/b0bce561eedd0ef2cd491e5795c56593/element - {"using":"xpath","value":"//span[contains(text(), \"Argentina\")]"}
COMMAND: GET /session/b0bce561eedd0ef2cd491e5795c56593/screenshot - {}
RESULT: {"using":"xpath","value":"//span[contains(text(), \"Argentina\")]"}
COMMAND: POST /session/b0bce561eedd0ef2cd491e5795c56593/element/f.633F000A9FA1F61B5279087A5498CC04.d.ABFF5C0A001B74E50EA2378E2F9D4728.e.6729/click - {}
RESULT: {}
RESULT: {}
COMMAND: POST /session/b0bce561eedd0ef2cd491e5795c56593/execute/async - {"script":"<script> [1562 bytes]","args":[{"selector":{"id":"application-manageyards-display-component---NewYard--addressEditDetailsCostObjectCstType-arrow"},"wdio_ui5_key":"applicationmanageyards-display-component---NewYard--addressEditDetailsCostObjectCstType-arrow"}]}
COMMAND: GET /session/b0bce561eedd0ef2cd491e5795c56593/screenshot - {}
RESULT: {"script":"<script> [1562 bytes]","args":[{"selector":{"id":"application-manageyards-display-component---NewYard--addressEditDetailsCostObjectCstType-arrow"},"wdio_ui5_key":"applicationmanageyards-display-component---NewYard--addressEditDetailsCostObjectCstType-arrow"}]}
RESULT: undefined
COMMAND: POST /session/b0bce561eedd0ef2cd491e5795c56593/element - {"using":"xpath","value":"//*[@id=\"application-manageyards-display-component---NewYard--addressEditDetailsCostObjectCstType-arrow\"]"}
RESULT: {}
RESULT: {"using":"xpath","value":"//*[@id=\"application-manageyards-display-component---NewYard--addressEditDetailsCostObjectCstType-arrow\"]"}
COMMAND: POST /session/b0bce561eedd0ef2cd491e5795c56593/element/f.633F000A9FA1F61B5279087A5498CC04.d.ABFF5C0A001B74E50EA2378E2F9D4728.e.6731/click - {}
RESULT: {}
COMMAND: POST /session/b0bce561eedd0ef2cd491e5795c56593/element - {"using":"xpath","value":"//span[contains(text(), \"Cost Center\")]"}
COMMAND: GET /session/b0bce561eedd0ef2cd491e5795c56593/screenshot - {}
RESULT: {"using":"xpath","value":"//span[contains(text(), \"Cost Center\")]"}
COMMAND: POST /session/b0bce561eedd0ef2cd491e5795c56593/element/f.633F000A9FA1F61B5279087A5498CC04.d.ABFF5C0A001B74E50EA2378E2F9D4728.e.6732/click - {}
RESULT: {}
RESULT: {}
COMMAND: GET /session/b0bce561eedd0ef2cd491e5795c56593/screenshot - {}
RESULT: {}
COMMAND: POST /session/b0bce561eedd0ef2cd491e5795c56593/element - {"using":"xpath","value":"//span[@id=\"application-manageyards-display-component---NewYard--addressNewCostObjectCstID-vhi\"]"}
RESULT: {"using":"xpath","value":"//span[@id=\"application-manageyards-display-component---NewYard--addressNewCostObjectCstID-vhi\"]"}
COMMAND: POST /session/b0bce561eedd0ef2cd491e5795c56593/execute/sync - {"script":"<script> [8489 bytes]","args":[{"element-6066-11e4-a52e-4f735466cecf":"f.633F000A9FA1F61B5279087A5498CC04.d.ABFF5C0A001B74E50EA2378E2F9D4728.e.6735","ELEMENT":"f.633F000A9FA1F61B5279087A5498CC04.d.ABFF5C0A001B74E50EA2378E2F9D4728.e.6735"}]}
RESULT: {"script":"<script> [8489 bytes]","args":[{"element-6066-11e4-a52e-4f735466cecf":"f.633F000A9FA1F61B5279087A5498CC04.d.ABFF5C0A001B74E50EA2378E2F9D4728.e.6735","ELEMENT":"f.633F000A9FA1F61B5279087A5498CC04.d.ABFF5C0A001B74E50EA2378E2F9D4728.e.6735"}]}
COMMAND: POST /session/b0bce561eedd0ef2cd491e5795c56593/execute/async - {"script":"<script> [1562 bytes]","args":[{"selector":{"id":"application-manageyards-display-component---NewYard--addressNewCostObjectCstID-vhi"},"wdio_ui5_key":"applicationmanageyards-display-component---NewYard--addressNewCostObjectCstID-vhi"}]}
COMMAND: GET /session/b0bce561eedd0ef2cd491e5795c56593/screenshot - {}
RESULT: {"script":"<script> [1562 bytes]","args":[{"selector":{"id":"application-manageyards-display-component---NewYard--addressNewCostObjectCstID-vhi"},"wdio_ui5_key":"applicationmanageyards-display-component---NewYard--addressNewCostObjectCstID-vhi"}]}
RESULT: undefined
COMMAND: POST /session/b0bce561eedd0ef2cd491e5795c56593/element - {"using":"xpath","value":"//*[@id=\"application-manageyards-display-component---NewYard--addressNewCostObjectCstID-vhi\"]"}
RESULT: {}
RESULT: {"using":"xpath","value":"//*[@id=\"application-manageyards-display-component---NewYard--addressNewCostObjectCstID-vhi\"]"}
COMMAND: POST /session/b0bce561eedd0ef2cd491e5795c56593/element/f.633F000A9FA1F61B5279087A5498CC04.d.ABFF5C0A001B74E50EA2378E2F9D4728.e.6735/click - {}
RESULT: {}
COMMAND: GET /session/b0bce561eedd0ef2cd491e5795c56593/screenshot - {}
RESULT: {}
COMMAND: POST /session/b0bce561eedd0ef2cd491e5795c56593/execute/async - {"script":"<script> [1562 bytes]","args":[{"selector":{"controlType":"sap.m.SearchField","properties":{"placeholder":"Search"},"searchOpenDialogs":true,"interaction":{"idSuffix":"I"}},"wdio_ui5_key":"sapm.SearchField{\"placeholder\":\"Search\"}"}]}
RESULT: {"script":"<script> [1562 bytes]","args":[{"selector":{"controlType":"sap.m.SearchField","properties":{"placeholder":"Search"},"searchOpenDialogs":true,"interaction":{"idSuffix":"I"}},"wdio_ui5_key":"sapm.SearchField{\"placeholder\":\"Search\"}"}]}
RESULT: undefined
COMMAND: POST /session/b0bce561eedd0ef2cd491e5795c56593/execute/async - {"script":"<script> [776 bytes]","args":[{"enterText":"10001013","selector":{"controlType":"sap.m.SearchField","properties":{"placeholder":"Search"},"searchOpenDialogs":true,"interaction":{"idSuffix":"I"}},"clearTextFirst":true,"interactionType":"ENTER_TEXT"}]}
RESULT: {"script":"<script> [776 bytes]","args":[{"enterText":"10001013","selector":{"controlType":"sap.m.SearchField","properties":{"placeholder":"Search"},"searchOpenDialogs":true,"interaction":{"idSuffix":"I"}},"clearTextFirst":true,"interactionType":"ENTER_TEXT"}]}
COMMAND: POST /session/b0bce561eedd0ef2cd491e5795c56593/actions - {"actions":[{"id":"action19","type":"key","parameters":{},"actions":[{"type":"keyDown","value":""},{"type":"pause","duration":10},{"type":"keyUp","value":""}]}]}
RESULT: {"actions":[{"id":"action19","type":"key","parameters":{},"actions":[{"type":"keyDown","value":""},{"type":"pause","duration":10},{"type":"keyUp","value":""}]}]}
COMMAND: GET /session/b0bce561eedd0ef2cd491e5795c56593/screenshot - {}
RESULT: {}
COMMAND: POST /session/b0bce561eedd0ef2cd491e5795c56593/element - {"using":"xpath","value":"//span[contains(text(), \"General Management\")]"}
RESULT: {"using":"xpath","value":"//span[contains(text(), \"General Management\")]"}
COMMAND: POST /session/b0bce561eedd0ef2cd491e5795c56593/element/f.633F000A9FA1F61B5279087A5498CC04.d.ABFF5C0A001B74E50EA2378E2F9D4728.e.6743/click - {}
RESULT: {}
COMMAND: GET /session/b0bce561eedd0ef2cd491e5795c56593/screenshot - {}
RESULT: {}
COMMAND: POST /session/b0bce561eedd0ef2cd491e5795c56593/element - {"using":"xpath","value":"//bdi[contains(text(), \"OK\")]"}
RESULT: {"using":"xpath","value":"//bdi[contains(text(), \"OK\")]"}
COMMAND: POST /session/b0bce561eedd0ef2cd491e5795c56593/element/f.633F000A9FA1F61B5279087A5498CC04.d.ABFF5C0A001B74E50EA2378E2F9D4728.e.6745/click - {}
RESULT: {}
COMMAND: GET /session/b0bce561eedd0ef2cd491e5795c56593/screenshot - {}
RESULT: {}
COMMAND: POST /session/b0bce561eedd0ef2cd491e5795c56593/execute/async - {"script":"<script> [1562 bytes]","args":[{"selector":{"id":"application-manageyards-display-component---NewYard--addressEditDetailsCurrency-arrow"},"wdio_ui5_key":"applicationmanageyards-display-component---NewYard--addressEditDetailsCurrency-arrow"}]}
RESULT: {"script":"<script> [1562 bytes]","args":[{"selector":{"id":"application-manageyards-display-component---NewYard--addressEditDetailsCurrency-arrow"},"wdio_ui5_key":"applicationmanageyards-display-component---NewYard--addressEditDetailsCurrency-arrow"}]}
RESULT: undefined
COMMAND: POST /session/b0bce561eedd0ef2cd491e5795c56593/element - {"using":"xpath","value":"//*[@id=\"application-manageyards-display-component---NewYard--addressEditDetailsCurrency-arrow\"]"}
RESULT: {"using":"xpath","value":"//*[@id=\"application-manageyards-display-component---NewYard--addressEditDetailsCurrency-arrow\"]"}
COMMAND: POST /session/b0bce561eedd0ef2cd491e5795c56593/element/f.633F000A9FA1F61B5279087A5498CC04.d.ABFF5C0A001B74E50EA2378E2F9D4728.e.6748/click - {}
RESULT: {}
COMMAND: POST /session/b0bce561eedd0ef2cd491e5795c56593/element - {"using":"xpath","value":"//span[contains(text(), \"Euro\")]"}
COMMAND: GET /session/b0bce561eedd0ef2cd491e5795c56593/screenshot - {}
RESULT: {"using":"xpath","value":"//span[contains(text(), \"Euro\")]"}
COMMAND: POST /session/b0bce561eedd0ef2cd491e5795c56593/element/f.633F000A9FA1F61B5279087A5498CC04.d.ABFF5C0A001B74E50EA2378E2F9D4728.e.6749/click - {}
RESULT: {}
RESULT: {}
COMMAND: POST /session/b0bce561eedd0ef2cd491e5795c56593/execute/async - {"script":"<script> [1562 bytes]","args":[{"selector":{"controlType":"sap.m.Input","viewName":"etm.portal.ui.manageyards.view.New","viewId":"application-manageyards-display-component---NewYard","bindingPath":{"path":"","propertyPath":"/CONTROLLING_AREA","modelName":"NewYardModel"},"interaction":{"idSuffix":"inner"}},"wdio_ui5_key":"etmportal.ui.manageyards.view.Newsap.m.Input{\"path\":\"\",\"propertyPath\":\"/CONTROLLING_AREA\",\"modelName\":\"NewYardModel\"}"}]}
COMMAND: GET /session/b0bce561eedd0ef2cd491e5795c56593/screenshot - {}
RESULT: {"script":"<script> [1562 bytes]","args":[{"selector":{"controlType":"sap.m.Input","viewName":"etm.portal.ui.manageyards.view.New","viewId":"application-manageyards-display-component---NewYard","bindingPath":{"path":"","propertyPath":"/CONTROLLING_AREA","modelName":"NewYardModel"},"interaction":{"idSuffix":"inner"}},"wdio_ui5_key":"etmportal.ui.manageyards.view.Newsap.m.Input{\"path\":\"\",\"propertyPath\":\"/CONTROLLING_AREA\",\"modelName\":\"NewYardModel\"}"}]}
RESULT: undefined
COMMAND: POST /session/b0bce561eedd0ef2cd491e5795c56593/execute/async - {"script":"<script> [776 bytes]","args":[{"enterText":"Z001","selector":{"controlType":"sap.m.Input","viewName":"etm.portal.ui.manageyards.view.New","viewId":"application-manageyards-display-component---NewYard","bindingPath":{"path":"","propertyPath":"/CONTROLLING_AREA","modelName":"NewYardModel"},"interaction":{"idSuffix":"inner"}},"clearTextFirst":true,"interactionType":"ENTER_TEXT"}]}
RESULT: {}
RESULT: {"script":"<script> [776 bytes]","args":[{"enterText":"Z001","selector":{"controlType":"sap.m.Input","viewName":"etm.portal.ui.manageyards.view.New","viewId":"application-manageyards-display-component---NewYard","bindingPath":{"path":"","propertyPath":"/CONTROLLING_AREA","modelName":"NewYardModel"},"interaction":{"idSuffix":"inner"}},"clearTextFirst":true,"interactionType":"ENTER_TEXT"}]}
COMMAND: POST /session/b0bce561eedd0ef2cd491e5795c56593/execute/async - {"script":"<script> [1562 bytes]","args":[{"selector":{"id":"application-manageyards-display-component---NewYard--companyCodeComboBox","interaction":{"idSuffix":"inner"}},"wdio_ui5_key":"applicationmanageyards-display-component---NewYard--companyCodeComboBox"}]}
RESULT: {"script":"<script> [1562 bytes]","args":[{"selector":{"id":"application-manageyards-display-component---NewYard--companyCodeComboBox","interaction":{"idSuffix":"inner"}},"wdio_ui5_key":"applicationmanageyards-display-component---NewYard--companyCodeComboBox"}]}
RESULT: undefined
COMMAND: POST /session/b0bce561eedd0ef2cd491e5795c56593/execute/async - {"script":"<script> [776 bytes]","args":[{"enterText":"1000","selector":{"id":"application-manageyards-display-component---NewYard--companyCodeComboBox","interaction":{"idSuffix":"inner"}},"clearTextFirst":true,"interactionType":"ENTER_TEXT"}]}
RESULT: {"script":"<script> [776 bytes]","args":[{"enterText":"1000","selector":{"id":"application-manageyards-display-component---NewYard--companyCodeComboBox","interaction":{"idSuffix":"inner"}},"clearTextFirst":true,"interactionType":"ENTER_TEXT"}]}
COMMAND: POST /session/b0bce561eedd0ef2cd491e5795c56593/execute/async - {"script":"<script> [1562 bytes]","args":[{"selector":{"controlType":"sap.m.Input","viewName":"etm.portal.ui.manageyards.view.New","viewId":"application-manageyards-display-component---NewYard","bindingPath":{"path":"","propertyPath":"/PLANT","modelName":"NewYardModel"},"interaction":{"idSuffix":"inner"}},"wdio_ui5_key":"etmportal.ui.manageyards.view.Newsap.m.Input{\"path\":\"\",\"propertyPath\":\"/PLANT\",\"modelName\":\"NewYardModel\"}"}]}
RESULT: {"script":"<script> [1562 bytes]","args":[{"selector":{"controlType":"sap.m.Input","viewName":"etm.portal.ui.manageyards.view.New","viewId":"application-manageyards-display-component---NewYard","bindingPath":{"path":"","propertyPath":"/PLANT","modelName":"NewYardModel"},"interaction":{"idSuffix":"inner"}},"wdio_ui5_key":"etmportal.ui.manageyards.view.Newsap.m.Input{\"path\":\"\",\"propertyPath\":\"/PLANT\",\"modelName\":\"NewYardModel\"}"}]}
RESULT: undefined
COMMAND: POST /session/b0bce561eedd0ef2cd491e5795c56593/execute/async - {"script":"<script> [776 bytes]","args":[{"enterText":"1001","selector":{"controlType":"sap.m.Input","viewName":"etm.portal.ui.manageyards.view.New","viewId":"application-manageyards-display-component---NewYard","bindingPath":{"path":"","propertyPath":"/PLANT","modelName":"NewYardModel"},"interaction":{"idSuffix":"inner"}},"clearTextFirst":true,"interactionType":"ENTER_TEXT"}]}
RESULT: {"script":"<script> [776 bytes]","args":[{"enterText":"1001","selector":{"controlType":"sap.m.Input","viewName":"etm.portal.ui.manageyards.view.New","viewId":"application-manageyards-display-component---NewYard","bindingPath":{"path":"","propertyPath":"/PLANT","modelName":"NewYardModel"},"interaction":{"idSuffix":"inner"}},"clearTextFirst":true,"interactionType":"ENTER_TEXT"}]}
COMMAND: POST /session/b0bce561eedd0ef2cd491e5795c56593/execute/async - {"script":"<script> [1562 bytes]","args":[{"selector":{"controlType":"sap.m.Input","viewName":"etm.portal.ui.manageyards.view.New","viewId":"application-manageyards-display-component---NewYard","bindingPath":{"path":"","propertyPath":"/SALES_AREA_VKORG","modelName":"NewYardModel"},"interaction":{"idSuffix":"inner"}},"wdio_ui5_key":"etmportal.ui.manageyards.view.Newsap.m.Input{\"path\":\"\",\"propertyPath\":\"/SALES_AREA_VKORG\",\"modelName\":\"NewYardModel\"}"}]}
RESULT: {"script":"<script> [1562 bytes]","args":[{"selector":{"controlType":"sap.m.Input","viewName":"etm.portal.ui.manageyards.view.New","viewId":"application-manageyards-display-component---NewYard","bindingPath":{"path":"","propertyPath":"/SALES_AREA_VKORG","modelName":"NewYardModel"},"interaction":{"idSuffix":"inner"}},"wdio_ui5_key":"etmportal.ui.manageyards.view.Newsap.m.Input{\"path\":\"\",\"propertyPath\":\"/SALES_AREA_VKORG\",\"modelName\":\"NewYardModel\"}"}]}
RESULT: undefined
COMMAND: POST /session/b0bce561eedd0ef2cd491e5795c56593/execute/async - {"script":"<script> [776 bytes]","args":[{"enterText":"C002","selector":{"controlType":"sap.m.Input","viewName":"etm.portal.ui.manageyards.view.New","viewId":"application-manageyards-display-component---NewYard","bindingPath":{"path":"","propertyPath":"/SALES_AREA_VKORG","modelName":"NewYardModel"},"interaction":{"idSuffix":"inner"}},"clearTextFirst":true,"interactionType":"ENTER_TEXT"}]}
RESULT: {"script":"<script> [776 bytes]","args":[{"enterText":"C002","selector":{"controlType":"sap.m.Input","viewName":"etm.portal.ui.manageyards.view.New","viewId":"application-manageyards-display-component---NewYard","bindingPath":{"path":"","propertyPath":"/SALES_AREA_VKORG","modelName":"NewYardModel"},"interaction":{"idSuffix":"inner"}},"clearTextFirst":true,"interactionType":"ENTER_TEXT"}]}
COMMAND: POST /session/b0bce561eedd0ef2cd491e5795c56593/execute/async - {"script":"<script> [1562 bytes]","args":[{"selector":{"controlType":"sap.m.Input","viewName":"etm.portal.ui.manageyards.view.New","viewId":"application-manageyards-display-component---NewYard","bindingPath":{"path":"","propertyPath":"/SALES_AREA_VTWEG","modelName":"NewYardModel"},"interaction":{"idSuffix":"inner"}},"wdio_ui5_key":"etmportal.ui.manageyards.view.Newsap.m.Input{\"path\":\"\",\"propertyPath\":\"/SALES_AREA_VTWEG\",\"modelName\":\"NewYardModel\"}"}]}
RESULT: {"script":"<script> [1562 bytes]","args":[{"selector":{"controlType":"sap.m.Input","viewName":"etm.portal.ui.manageyards.view.New","viewId":"application-manageyards-display-component---NewYard","bindingPath":{"path":"","propertyPath":"/SALES_AREA_VTWEG","modelName":"NewYardModel"},"interaction":{"idSuffix":"inner"}},"wdio_ui5_key":"etmportal.ui.manageyards.view.Newsap.m.Input{\"path\":\"\",\"propertyPath\":\"/SALES_AREA_VTWEG\",\"modelName\":\"NewYardModel\"}"}]}
RESULT: undefined
COMMAND: POST /session/b0bce561eedd0ef2cd491e5795c56593/execute/async - {"script":"<script> [776 bytes]","args":[{"enterText":"C2","selector":{"controlType":"sap.m.Input","viewName":"etm.portal.ui.manageyards.view.New","viewId":"application-manageyards-display-component---NewYard","bindingPath":{"path":"","propertyPath":"/SALES_AREA_VTWEG","modelName":"NewYardModel"},"interaction":{"idSuffix":"inner"}},"clearTextFirst":true,"interactionType":"ENTER_TEXT"}]}
RESULT: {"script":"<script> [776 bytes]","args":[{"enterText":"C2","selector":{"controlType":"sap.m.Input","viewName":"etm.portal.ui.manageyards.view.New","viewId":"application-manageyards-display-component---NewYard","bindingPath":{"path":"","propertyPath":"/SALES_AREA_VTWEG","modelName":"NewYardModel"},"interaction":{"idSuffix":"inner"}},"clearTextFirst":true,"interactionType":"ENTER_TEXT"}]}
COMMAND: POST /session/b0bce561eedd0ef2cd491e5795c56593/execute/async - {"script":"<script> [1562 bytes]","args":[{"selector":{"controlType":"sap.m.Input","viewName":"etm.portal.ui.manageyards.view.New","viewId":"application-manageyards-display-component---NewYard","bindingPath":{"path":"","propertyPath":"/SALES_AREA_SPART","modelName":"NewYardModel"},"interaction":{"idSuffix":"inner"}},"wdio_ui5_key":"etmportal.ui.manageyards.view.Newsap.m.Input{\"path\":\"\",\"propertyPath\":\"/SALES_AREA_SPART\",\"modelName\":\"NewYardModel\"}"}]}
RESULT: {"script":"<script> [1562 bytes]","args":[{"selector":{"controlType":"sap.m.Input","viewName":"etm.portal.ui.manageyards.view.New","viewId":"application-manageyards-display-component---NewYard","bindingPath":{"path":"","propertyPath":"/SALES_AREA_SPART","modelName":"NewYardModel"},"interaction":{"idSuffix":"inner"}},"wdio_ui5_key":"etmportal.ui.manageyards.view.Newsap.m.Input{\"path\":\"\",\"propertyPath\":\"/SALES_AREA_SPART\",\"modelName\":\"NewYardModel\"}"}]}
RESULT: undefined
COMMAND: POST /session/b0bce561eedd0ef2cd491e5795c56593/execute/async - {"script":"<script> [776 bytes]","args":[{"enterText":"C2","selector":{"controlType":"sap.m.Input","viewName":"etm.portal.ui.manageyards.view.New","viewId":"application-manageyards-display-component---NewYard","bindingPath":{"path":"","propertyPath":"/SALES_AREA_SPART","modelName":"NewYardModel"},"interaction":{"idSuffix":"inner"}},"clearTextFirst":true,"interactionType":"ENTER_TEXT"}]}
RESULT: {"script":"<script> [776 bytes]","args":[{"enterText":"C2","selector":{"controlType":"sap.m.Input","viewName":"etm.portal.ui.manageyards.view.New","viewId":"application-manageyards-display-component---NewYard","bindingPath":{"path":"","propertyPath":"/SALES_AREA_SPART","modelName":"NewYardModel"},"interaction":{"idSuffix":"inner"}},"clearTextFirst":true,"interactionType":"ENTER_TEXT"}]}
COMMAND: POST /session/b0bce561eedd0ef2cd491e5795c56593/execute/async - {"script":"<script> [1562 bytes]","args":[{"selector":{"controlType":"sap.m.Input","viewName":"etm.portal.ui.manageyards.view.New","viewId":"application-manageyards-display-component---NewYard","bindingPath":{"path":"","propertyPath":"/SHIP_POINT","modelName":"NewYardModel"},"interaction":{"idSuffix":"inner"}},"wdio_ui5_key":"etmportal.ui.manageyards.view.Newsap.m.Input{\"path\":\"\",\"propertyPath\":\"/SHIP_POINT\",\"modelName\":\"NewYardModel\"}"}]}
RESULT: {"script":"<script> [1562 bytes]","args":[{"selector":{"controlType":"sap.m.Input","viewName":"etm.portal.ui.manageyards.view.New","viewId":"application-manageyards-display-component---NewYard","bindingPath":{"path":"","propertyPath":"/SHIP_POINT","modelName":"NewYardModel"},"interaction":{"idSuffix":"inner"}},"wdio_ui5_key":"etmportal.ui.manageyards.view.Newsap.m.Input{\"path\":\"\",\"propertyPath\":\"/SHIP_POINT\",\"modelName\":\"NewYardModel\"}"}]}
RESULT: undefined
COMMAND: POST /session/b0bce561eedd0ef2cd491e5795c56593/execute/async - {"script":"<script> [776 bytes]","args":[{"enterText":"1710","selector":{"controlType":"sap.m.Input","viewName":"etm.portal.ui.manageyards.view.New","viewId":"application-manageyards-display-component---NewYard","bindingPath":{"path":"","propertyPath":"/SHIP_POINT","modelName":"NewYardModel"},"interaction":{"idSuffix":"inner"}},"clearTextFirst":true,"interactionType":"ENTER_TEXT"}]}
RESULT: {"script":"<script> [776 bytes]","args":[{"enterText":"1710","selector":{"controlType":"sap.m.Input","viewName":"etm.portal.ui.manageyards.view.New","viewId":"application-manageyards-display-component---NewYard","bindingPath":{"path":"","propertyPath":"/SHIP_POINT","modelName":"NewYardModel"},"interaction":{"idSuffix":"inner"}},"clearTextFirst":true,"interactionType":"ENTER_TEXT"}]}
COMMAND: POST /session/b0bce561eedd0ef2cd491e5795c56593/execute/async - {"script":"<script> [1562 bytes]","args":[{"selector":{"controlType":"sap.m.Input","viewName":"etm.portal.ui.manageyards.view.New","viewId":"application-manageyards-display-component---NewYard","bindingPath":{"path":"","propertyPath":"/DELIVERY_TYPE","modelName":"NewYardModel"},"interaction":{"idSuffix":"inner"}},"wdio_ui5_key":"etmportal.ui.manageyards.view.Newsap.m.Input{\"path\":\"\",\"propertyPath\":\"/DELIVERY_TYPE\",\"modelName\":\"NewYardModel\"}"}]}
RESULT: {"script":"<script> [1562 bytes]","args":[{"selector":{"controlType":"sap.m.Input","viewName":"etm.portal.ui.manageyards.view.New","viewId":"application-manageyards-display-component---NewYard","bindingPath":{"path":"","propertyPath":"/DELIVERY_TYPE","modelName":"NewYardModel"},"interaction":{"idSuffix":"inner"}},"wdio_ui5_key":"etmportal.ui.manageyards.view.Newsap.m.Input{\"path\":\"\",\"propertyPath\":\"/DELIVERY_TYPE\",\"modelName\":\"NewYardModel\"}"}]}
RESULT: undefined
COMMAND: POST /session/b0bce561eedd0ef2cd491e5795c56593/execute/async - {"script":"<script> [776 bytes]","args":[{"enterText":"ZL01","selector":{"controlType":"sap.m.Input","viewName":"etm.portal.ui.manageyards.view.New","viewId":"application-manageyards-display-component---NewYard","bindingPath":{"path":"","propertyPath":"/DELIVERY_TYPE","modelName":"NewYardModel"},"interaction":{"idSuffix":"inner"}},"clearTextFirst":true,"interactionType":"ENTER_TEXT"}]}
RESULT: {"script":"<script> [776 bytes]","args":[{"enterText":"ZL01","selector":{"controlType":"sap.m.Input","viewName":"etm.portal.ui.manageyards.view.New","viewId":"application-manageyards-display-component---NewYard","bindingPath":{"path":"","propertyPath":"/DELIVERY_TYPE","modelName":"NewYardModel"},"interaction":{"idSuffix":"inner"}},"clearTextFirst":true,"interactionType":"ENTER_TEXT"}]}
COMMAND: POST /session/b0bce561eedd0ef2cd491e5795c56593/execute/async - {"script":"<script> [1562 bytes]","args":[{"selector":{"controlType":"sap.m.Input","viewName":"etm.portal.ui.manageyards.view.New","viewId":"application-manageyards-display-component---NewYard","bindingPath":{"path":"","propertyPath":"/AUART","modelName":"NewYardModel"},"interaction":{"idSuffix":"inner"}},"wdio_ui5_key":"etmportal.ui.manageyards.view.Newsap.m.Input{\"path\":\"\",\"propertyPath\":\"/AUART\",\"modelName\":\"NewYardModel\"}"}]}
RESULT: {"script":"<script> [1562 bytes]","args":[{"selector":{"controlType":"sap.m.Input","viewName":"etm.portal.ui.manageyards.view.New","viewId":"application-manageyards-display-component---NewYard","bindingPath":{"path":"","propertyPath":"/AUART","modelName":"NewYardModel"},"interaction":{"idSuffix":"inner"}},"wdio_ui5_key":"etmportal.ui.manageyards.view.Newsap.m.Input{\"path\":\"\",\"propertyPath\":\"/AUART\",\"modelName\":\"NewYardModel\"}"}]}
RESULT: undefined
COMMAND: POST /session/b0bce561eedd0ef2cd491e5795c56593/execute/async - {"script":"<script> [776 bytes]","args":[{"enterText":"TA","selector":{"controlType":"sap.m.Input","viewName":"etm.portal.ui.manageyards.view.New","viewId":"application-manageyards-display-component---NewYard","bindingPath":{"path":"","propertyPath":"/AUART","modelName":"NewYardModel"},"interaction":{"idSuffix":"inner"}},"clearTextFirst":true,"interactionType":"ENTER_TEXT"}]}
RESULT: {"script":"<script> [776 bytes]","args":[{"enterText":"TA","selector":{"controlType":"sap.m.Input","viewName":"etm.portal.ui.manageyards.view.New","viewId":"application-manageyards-display-component---NewYard","bindingPath":{"path":"","propertyPath":"/AUART","modelName":"NewYardModel"},"interaction":{"idSuffix":"inner"}},"clearTextFirst":true,"interactionType":"ENTER_TEXT"}]}
COMMAND: POST /session/b0bce561eedd0ef2cd491e5795c56593/element - {"using":"xpath","value":"//button[@data-kt=\"newYardSaveButton\"]"}
RESULT: {"using":"xpath","value":"//button[@data-kt=\"newYardSaveButton\"]"}
COMMAND: POST /session/b0bce561eedd0ef2cd491e5795c56593/element/f.633F000A9FA1F61B5279087A5498CC04.d.ABFF5C0A001B74E50EA2378E2F9D4728.e.6718/click - {}
RESULT: {}
COMMAND: GET /session/b0bce561eedd0ef2cd491e5795c56593/screenshot - {}
COMMAND: POST /session/b0bce561eedd0ef2cd491e5795c56593/element - {"using":"xpath","value":"//header[contains(@id, 'ObjectPageLayout-headerTitle')]/div[1]/div[2]/div[1]/span[1]"}
RESULT: {}
RESULT: {"using":"xpath","value":"//header[contains(@id, 'ObjectPageLayout-headerTitle')]/div[1]/div[2]/div[1]/span[1]"}
COMMAND: POST /session/b0bce561eedd0ef2cd491e5795c56593/elements - {"using":"xpath","value":"//header[contains(@id, 'ObjectPageLayout-headerTitle')]/div[1]/div[2]/div[1]/span[1]"}
RESULT: {"using":"xpath","value":"//header[contains(@id, 'ObjectPageLayout-headerTitle')]/div[1]/div[2]/div[1]/span[1]"}
COMMAND: POST /session/b0bce561eedd0ef2cd491e5795c56593/execute/sync - {"script":"<script> [56 bytes]","args":[{"element-6066-11e4-a52e-4f735466cecf":"f.633F000A9FA1F61B5279087A5498CC04.d.ABFF5C0A001B74E50EA2378E2F9D4728.e.6974","ELEMENT":"f.633F000A9FA1F61B5279087A5498CC04.d.ABFF5C0A001B74E50EA2378E2F9D4728.e.6974"}]}
RESULT: {"script":"<script> [56 bytes]","args":[{"element-6066-11e4-a52e-4f735466cecf":"f.633F000A9FA1F61B5279087A5498CC04.d.ABFF5C0A001B74E50EA2378E2F9D4728.e.6974","ELEMENT":"f.633F000A9FA1F61B5279087A5498CC04.d.ABFF5C0A001B74E50EA2378E2F9D4728.e.6974"}]}
COMMAND: GET /session/b0bce561eedd0ef2cd491e5795c56593/screenshot - {}
RESULT: {}
COMMAND: POST /session/b0bce561eedd0ef2cd491e5795c56593/element - {"using":"css selector","value":"#shell-header-logo"}
RESULT: {"using":"css selector","value":"#shell-header-logo"}
COMMAND: POST /session/b0bce561eedd0ef2cd491e5795c56593/element/f.633F000A9FA1F61B5279087A5498CC04.d.ABFF5C0A001B74E50EA2378E2F9D4728.e.6261/click - {}
RESULT: {}
COMMAND: GET /session/b0bce561eedd0ef2cd491e5795c56593/screenshot - {}
RESULT: {}
COMMAND: POST /session/b0bce561eedd0ef2cd491e5795c56593/execute/sync - {"script":"<script> [299 bytes]","args":[["getModel","getResource"]]}
RESULT: {"script":"<script> [299 bytes]","args":[["getModel","getResource"]]}
COMMAND: GET /session/b0bce561eedd0ef2cd491e5795c56593/screenshot - {}
]]></system-out>
    </testcase>
    <testcase classname="chrome.135_0_7049_42.windows.Create_master_data_for_mixed_billing_&amp;_do_billing_calculation_US151661" name="Should create a new partner" time="131.887">
      <system-out><![CDATA[
COMMAND: POST /session/b0bce561eedd0ef2cd491e5795c56593/window/fullscreen - {}
RESULT: {}
RESULT: {}
COMMAND: POST /session/b0bce561eedd0ef2cd491e5795c56593/execute/async - {"script":"<script> [1562 bytes]","args":[{"selector":{"controlType":"sap.m.GenericTile","properties":{"header":"Manage Partners"}},"wdio_ui5_key":"sapm.GenericTile{\"header\":\"Manage Partners\"}"}]}
RESULT: {"script":"<script> [1562 bytes]","args":[{"selector":{"controlType":"sap.m.GenericTile","properties":{"header":"Manage Partners"}},"wdio_ui5_key":"sapm.GenericTile{\"header\":\"Manage Partners\"}"}]}
RESULT: undefined
COMMAND: POST /session/b0bce561eedd0ef2cd491e5795c56593/element - {"using":"xpath","value":"//*[@id=\"__tile38\"]"}
RESULT: {"using":"xpath","value":"//*[@id=\"__tile38\"]"}
COMMAND: POST /session/b0bce561eedd0ef2cd491e5795c56593/element/f.633F000A9FA1F61B5279087A5498CC04.d.ABFF5C0A001B74E50EA2378E2F9D4728.e.6164/click - {}
RESULT: {}
COMMAND: POST /session/b0bce561eedd0ef2cd491e5795c56593/element - {"using":"xpath","value":"//button[@data-kt=\"addButton\"]"}
COMMAND: GET /session/b0bce561eedd0ef2cd491e5795c56593/screenshot - {}
RESULT: {"using":"xpath","value":"//button[@data-kt=\"addButton\"]"}
COMMAND: POST /session/b0bce561eedd0ef2cd491e5795c56593/elements - {"using":"xpath","value":"//button[@data-kt=\"addButton\"]"}
RESULT: {}
RESULT: {"using":"xpath","value":"//button[@data-kt=\"addButton\"]"}
COMMAND: POST /session/b0bce561eedd0ef2cd491e5795c56593/elements - {"using":"xpath","value":"//button[@data-kt=\"addButton\"]"}
RESULT: {"using":"xpath","value":"//button[@data-kt=\"addButton\"]"}
COMMAND: POST /session/b0bce561eedd0ef2cd491e5795c56593/elements - {"using":"xpath","value":"//button[@data-kt=\"addButton\"]"}
RESULT: {"using":"xpath","value":"//button[@data-kt=\"addButton\"]"}
COMMAND: POST /session/b0bce561eedd0ef2cd491e5795c56593/elements - {"using":"xpath","value":"//button[@data-kt=\"addButton\"]"}
RESULT: {"using":"xpath","value":"//button[@data-kt=\"addButton\"]"}
COMMAND: POST /session/b0bce561eedd0ef2cd491e5795c56593/elements - {"using":"xpath","value":"//button[@data-kt=\"addButton\"]"}
RESULT: {"using":"xpath","value":"//button[@data-kt=\"addButton\"]"}
COMMAND: POST /session/b0bce561eedd0ef2cd491e5795c56593/elements - {"using":"xpath","value":"//button[@data-kt=\"addButton\"]"}
RESULT: {"using":"xpath","value":"//button[@data-kt=\"addButton\"]"}
COMMAND: POST /session/b0bce561eedd0ef2cd491e5795c56593/elements - {"using":"xpath","value":"//button[@data-kt=\"addButton\"]"}
RESULT: {"using":"xpath","value":"//button[@data-kt=\"addButton\"]"}
COMMAND: POST /session/b0bce561eedd0ef2cd491e5795c56593/elements - {"using":"xpath","value":"//button[@data-kt=\"addButton\"]"}
RESULT: {"using":"xpath","value":"//button[@data-kt=\"addButton\"]"}
COMMAND: POST /session/b0bce561eedd0ef2cd491e5795c56593/elements - {"using":"xpath","value":"//button[@data-kt=\"addButton\"]"}
RESULT: {"using":"xpath","value":"//button[@data-kt=\"addButton\"]"}
COMMAND: POST /session/b0bce561eedd0ef2cd491e5795c56593/element - {"using":"xpath","value":"//button[@data-kt=\"addButton\"]"}
RESULT: {"using":"xpath","value":"//button[@data-kt=\"addButton\"]"}
COMMAND: POST /session/b0bce561eedd0ef2cd491e5795c56593/execute/sync - {"script":"<script> [8489 bytes]","args":[{"element-6066-11e4-a52e-4f735466cecf":"f.633F000A9FA1F61B5279087A5498CC04.d.ABFF5C0A001B74E50EA2378E2F9D4728.e.7012","ELEMENT":"f.633F000A9FA1F61B5279087A5498CC04.d.ABFF5C0A001B74E50EA2378E2F9D4728.e.7012"}]}
RESULT: {"script":"<script> [8489 bytes]","args":[{"element-6066-11e4-a52e-4f735466cecf":"f.633F000A9FA1F61B5279087A5498CC04.d.ABFF5C0A001B74E50EA2378E2F9D4728.e.7012","ELEMENT":"f.633F000A9FA1F61B5279087A5498CC04.d.ABFF5C0A001B74E50EA2378E2F9D4728.e.7012"}]}
COMMAND: GET /session/b0bce561eedd0ef2cd491e5795c56593/element/f.633F000A9FA1F61B5279087A5498CC04.d.ABFF5C0A001B74E50EA2378E2F9D4728.e.7012/enabled - {}
COMMAND: GET /session/b0bce561eedd0ef2cd491e5795c56593/screenshot - {}
RESULT: {}
COMMAND: POST /session/b0bce561eedd0ef2cd491e5795c56593/execute/sync - {"script":"<script> [8489 bytes]","args":[{"element-6066-11e4-a52e-4f735466cecf":"f.633F000A9FA1F61B5279087A5498CC04.d.ABFF5C0A001B74E50EA2378E2F9D4728.e.7012","ELEMENT":"f.633F000A9FA1F61B5279087A5498CC04.d.ABFF5C0A001B74E50EA2378E2F9D4728.e.7012"}]}
COMMAND: GET /session/b0bce561eedd0ef2cd491e5795c56593/screenshot - {}
RESULT: {}
RESULT: {}
RESULT: {"script":"<script> [8489 bytes]","args":[{"element-6066-11e4-a52e-4f735466cecf":"f.633F000A9FA1F61B5279087A5498CC04.d.ABFF5C0A001B74E50EA2378E2F9D4728.e.7012","ELEMENT":"f.633F000A9FA1F61B5279087A5498CC04.d.ABFF5C0A001B74E50EA2378E2F9D4728.e.7012"}]}
COMMAND: POST /session/b0bce561eedd0ef2cd491e5795c56593/execute/sync - {"script":"<script> [5351 bytes]","args":[{"element-6066-11e4-a52e-4f735466cecf":"f.633F000A9FA1F61B5279087A5498CC04.d.ABFF5C0A001B74E50EA2378E2F9D4728.e.7012","ELEMENT":"f.633F000A9FA1F61B5279087A5498CC04.d.ABFF5C0A001B74E50EA2378E2F9D4728.e.7012"}]}
COMMAND: GET /session/b0bce561eedd0ef2cd491e5795c56593/screenshot - {}
RESULT: {"script":"<script> [5351 bytes]","args":[{"element-6066-11e4-a52e-4f735466cecf":"f.633F000A9FA1F61B5279087A5498CC04.d.ABFF5C0A001B74E50EA2378E2F9D4728.e.7012","ELEMENT":"f.633F000A9FA1F61B5279087A5498CC04.d.ABFF5C0A001B74E50EA2378E2F9D4728.e.7012"}]}
COMMAND: POST /session/b0bce561eedd0ef2cd491e5795c56593/element/f.633F000A9FA1F61B5279087A5498CC04.d.ABFF5C0A001B74E50EA2378E2F9D4728.e.7012/click - {}
COMMAND: GET /session/b0bce561eedd0ef2cd491e5795c56593/screenshot - {}
RESULT: {}
RESULT: {}
COMMAND: GET /session/b0bce561eedd0ef2cd491e5795c56593/screenshot - {}
RESULT: {}
RESULT: {}
COMMAND: POST /session/b0bce561eedd0ef2cd491e5795c56593/execute/async - {"script":"<script> [1562 bytes]","args":[{"selector":{"id":"application-managepartners-display-component---NewPartner--addressDetailDetailsName1","interaction":{"idSuffix":"inner"}},"wdio_ui5_key":"applicationmanagepartners-display-component---NewPartner--addressDetailDetailsName1"}]}
RESULT: {"script":"<script> [1562 bytes]","args":[{"selector":{"id":"application-managepartners-display-component---NewPartner--addressDetailDetailsName1","interaction":{"idSuffix":"inner"}},"wdio_ui5_key":"applicationmanagepartners-display-component---NewPartner--addressDetailDetailsName1"}]}
RESULT: undefined
COMMAND: POST /session/b0bce561eedd0ef2cd491e5795c56593/execute/async - {"script":"<script> [776 bytes]","args":[{"enterText":"Intercompany Partner WDIO","selector":{"id":"application-managepartners-display-component---NewPartner--addressDetailDetailsName1","interaction":{"idSuffix":"inner"}},"clearTextFirst":true,"interactionType":"ENTER_TEXT"}]}
RESULT: {"script":"<script> [776 bytes]","args":[{"enterText":"Intercompany Partner WDIO","selector":{"id":"application-managepartners-display-component---NewPartner--addressDetailDetailsName1","interaction":{"idSuffix":"inner"}},"clearTextFirst":true,"interactionType":"ENTER_TEXT"}]}
COMMAND: POST /session/b0bce561eedd0ef2cd491e5795c56593/execute/async - {"script":"<script> [1562 bytes]","args":[{"selector":{"id":"application-managepartners-display-component---NewPartner--addressDetailDetailsLanguage-arrow"},"wdio_ui5_key":"applicationmanagepartners-display-component---NewPartner--addressDetailDetailsLanguage-arrow"}]}
RESULT: {"script":"<script> [1562 bytes]","args":[{"selector":{"id":"application-managepartners-display-component---NewPartner--addressDetailDetailsLanguage-arrow"},"wdio_ui5_key":"applicationmanagepartners-display-component---NewPartner--addressDetailDetailsLanguage-arrow"}]}
RESULT: undefined
COMMAND: POST /session/b0bce561eedd0ef2cd491e5795c56593/element - {"using":"xpath","value":"//*[@id=\"application-managepartners-display-component---NewPartner--addressDetailDetailsLanguage-arrow\"]"}
RESULT: {"using":"xpath","value":"//*[@id=\"application-managepartners-display-component---NewPartner--addressDetailDetailsLanguage-arrow\"]"}
COMMAND: POST /session/b0bce561eedd0ef2cd491e5795c56593/element/f.633F000A9FA1F61B5279087A5498CC04.d.ABFF5C0A001B74E50EA2378E2F9D4728.e.7466/click - {}
RESULT: {}
COMMAND: POST /session/b0bce561eedd0ef2cd491e5795c56593/element - {"using":"xpath","value":"//span[contains(text(), \"English\")]"}
COMMAND: GET /session/b0bce561eedd0ef2cd491e5795c56593/screenshot - {}
RESULT: {"using":"xpath","value":"//span[contains(text(), \"English\")]"}
COMMAND: POST /session/b0bce561eedd0ef2cd491e5795c56593/element/f.633F000A9FA1F61B5279087A5498CC04.d.ABFF5C0A001B74E50EA2378E2F9D4728.e.7467/click - {}
RESULT: {}
RESULT: {}
COMMAND: GET /session/b0bce561eedd0ef2cd491e5795c56593/screenshot - {}
RESULT: {}
COMMAND: POST /session/b0bce561eedd0ef2cd491e5795c56593/execute/async - {"script":"<script> [1562 bytes]","args":[{"selector":{"id":"application-managepartners-display-component---NewPartner--addressDetailDetailsCity1","interaction":{"idSuffix":"inner"}},"wdio_ui5_key":"applicationmanagepartners-display-component---NewPartner--addressDetailDetailsCity1"}]}
RESULT: {"script":"<script> [1562 bytes]","args":[{"selector":{"id":"application-managepartners-display-component---NewPartner--addressDetailDetailsCity1","interaction":{"idSuffix":"inner"}},"wdio_ui5_key":"applicationmanagepartners-display-component---NewPartner--addressDetailDetailsCity1"}]}
RESULT: undefined
COMMAND: POST /session/b0bce561eedd0ef2cd491e5795c56593/execute/async - {"script":"<script> [776 bytes]","args":[{"enterText":"Rosario","selector":{"id":"application-managepartners-display-component---NewPartner--addressDetailDetailsCity1","interaction":{"idSuffix":"inner"}},"clearTextFirst":true,"interactionType":"ENTER_TEXT"}]}
RESULT: {"script":"<script> [776 bytes]","args":[{"enterText":"Rosario","selector":{"id":"application-managepartners-display-component---NewPartner--addressDetailDetailsCity1","interaction":{"idSuffix":"inner"}},"clearTextFirst":true,"interactionType":"ENTER_TEXT"}]}
COMMAND: POST /session/b0bce561eedd0ef2cd491e5795c56593/execute/async - {"script":"<script> [1562 bytes]","args":[{"selector":{"id":"application-managepartners-display-component---NewPartner--addressDetailDetailsCountry-arrow"},"wdio_ui5_key":"applicationmanagepartners-display-component---NewPartner--addressDetailDetailsCountry-arrow"}]}
RESULT: {"script":"<script> [1562 bytes]","args":[{"selector":{"id":"application-managepartners-display-component---NewPartner--addressDetailDetailsCountry-arrow"},"wdio_ui5_key":"applicationmanagepartners-display-component---NewPartner--addressDetailDetailsCountry-arrow"}]}
RESULT: undefined
COMMAND: POST /session/b0bce561eedd0ef2cd491e5795c56593/element - {"using":"xpath","value":"//*[@id=\"application-managepartners-display-component---NewPartner--addressDetailDetailsCountry-arrow\"]"}
RESULT: {"using":"xpath","value":"//*[@id=\"application-managepartners-display-component---NewPartner--addressDetailDetailsCountry-arrow\"]"}
COMMAND: POST /session/b0bce561eedd0ef2cd491e5795c56593/element/f.633F000A9FA1F61B5279087A5498CC04.d.ABFF5C0A001B74E50EA2378E2F9D4728.e.7430/click - {}
RESULT: {}
COMMAND: POST /session/b0bce561eedd0ef2cd491e5795c56593/element - {"using":"xpath","value":"//span[contains(text(), \"Argentina\")]"}
COMMAND: GET /session/b0bce561eedd0ef2cd491e5795c56593/screenshot - {}
RESULT: {"using":"xpath","value":"//span[contains(text(), \"Argentina\")]"}
COMMAND: POST /session/b0bce561eedd0ef2cd491e5795c56593/element/f.633F000A9FA1F61B5279087A5498CC04.d.ABFF5C0A001B74E50EA2378E2F9D4728.e.7469/click - {}
RESULT: {}
RESULT: {}
COMMAND: GET /session/b0bce561eedd0ef2cd491e5795c56593/screenshot - {}
RESULT: {}
COMMAND: POST /session/b0bce561eedd0ef2cd491e5795c56593/element - {"using":"xpath","value":"//bdi[contains(text(), \"Commercial\")]"}
RESULT: {"using":"xpath","value":"//bdi[contains(text(), \"Commercial\")]"}
COMMAND: POST /session/b0bce561eedd0ef2cd491e5795c56593/element/f.633F000A9FA1F61B5279087A5498CC04.d.ABFF5C0A001B74E50EA2378E2F9D4728.e.7470/click - {}
RESULT: {}
COMMAND: GET /session/b0bce561eedd0ef2cd491e5795c56593/screenshot - {}
RESULT: {}
COMMAND: POST /session/b0bce561eedd0ef2cd491e5795c56593/execute/async - {"script":"<script> [1562 bytes]","args":[{"selector":{"id":"application-managepartners-display-component---NewPartner--partnerDetailInternal-arrow"},"wdio_ui5_key":"applicationmanagepartners-display-component---NewPartner--partnerDetailInternal-arrow"}]}
RESULT: {"script":"<script> [1562 bytes]","args":[{"selector":{"id":"application-managepartners-display-component---NewPartner--partnerDetailInternal-arrow"},"wdio_ui5_key":"applicationmanagepartners-display-component---NewPartner--partnerDetailInternal-arrow"}]}
RESULT: undefined
COMMAND: POST /session/b0bce561eedd0ef2cd491e5795c56593/element - {"using":"xpath","value":"//*[@id=\"application-managepartners-display-component---NewPartner--partnerDetailInternal-arrow\"]"}
RESULT: {"using":"xpath","value":"//*[@id=\"application-managepartners-display-component---NewPartner--partnerDetailInternal-arrow\"]"}
COMMAND: POST /session/b0bce561eedd0ef2cd491e5795c56593/element/f.633F000A9FA1F61B5279087A5498CC04.d.ABFF5C0A001B74E50EA2378E2F9D4728.e.7478/click - {}
RESULT: {}
COMMAND: POST /session/b0bce561eedd0ef2cd491e5795c56593/element - {"using":"xpath","value":"//span[contains(text(), \"Affiliated company\")]"}
COMMAND: GET /session/b0bce561eedd0ef2cd491e5795c56593/screenshot - {}
RESULT: {"using":"xpath","value":"//span[contains(text(), \"Affiliated company\")]"}
COMMAND: POST /session/b0bce561eedd0ef2cd491e5795c56593/element/f.633F000A9FA1F61B5279087A5498CC04.d.ABFF5C0A001B74E50EA2378E2F9D4728.e.7479/click - {}
RESULT: {}
RESULT: {}
COMMAND: POST /session/b0bce561eedd0ef2cd491e5795c56593/execute/async - {"script":"<script> [1562 bytes]","args":[{"selector":{"id":"application-managepartners-display-component---NewPartner--partnerDetailsCurrency-arrow"},"wdio_ui5_key":"applicationmanagepartners-display-component---NewPartner--partnerDetailsCurrency-arrow"}]}
COMMAND: GET /session/b0bce561eedd0ef2cd491e5795c56593/screenshot - {}
RESULT: {"script":"<script> [1562 bytes]","args":[{"selector":{"id":"application-managepartners-display-component---NewPartner--partnerDetailsCurrency-arrow"},"wdio_ui5_key":"applicationmanagepartners-display-component---NewPartner--partnerDetailsCurrency-arrow"}]}
RESULT: undefined
COMMAND: POST /session/b0bce561eedd0ef2cd491e5795c56593/element - {"using":"xpath","value":"//*[@id=\"application-managepartners-display-component---NewPartner--partnerDetailsCurrency-arrow\"]"}
RESULT: {}
RESULT: {"using":"xpath","value":"//*[@id=\"application-managepartners-display-component---NewPartner--partnerDetailsCurrency-arrow\"]"}
COMMAND: POST /session/b0bce561eedd0ef2cd491e5795c56593/element/f.633F000A9FA1F61B5279087A5498CC04.d.ABFF5C0A001B74E50EA2378E2F9D4728.e.7486/click - {}
RESULT: {}
COMMAND: POST /session/b0bce561eedd0ef2cd491e5795c56593/element - {"using":"xpath","value":"//span[contains(text(), \"Euro\")]"}
COMMAND: GET /session/b0bce561eedd0ef2cd491e5795c56593/screenshot - {}
RESULT: {"using":"xpath","value":"//span[contains(text(), \"Euro\")]"}
COMMAND: POST /session/b0bce561eedd0ef2cd491e5795c56593/element/f.633F000A9FA1F61B5279087A5498CC04.d.ABFF5C0A001B74E50EA2378E2F9D4728.e.7487/click - {}
RESULT: {}
RESULT: {}
COMMAND: POST /session/b0bce561eedd0ef2cd491e5795c56593/execute/async - {"script":"<script> [1562 bytes]","args":[{"selector":{"id":"application-managepartners-display-component---NewPartner--addressEditDetailsCostObjectCstType-arrow"},"wdio_ui5_key":"applicationmanagepartners-display-component---NewPartner--addressEditDetailsCostObjectCstType-arrow"}]}
COMMAND: GET /session/b0bce561eedd0ef2cd491e5795c56593/screenshot - {}
RESULT: {"script":"<script> [1562 bytes]","args":[{"selector":{"id":"application-managepartners-display-component---NewPartner--addressEditDetailsCostObjectCstType-arrow"},"wdio_ui5_key":"applicationmanagepartners-display-component---NewPartner--addressEditDetailsCostObjectCstType-arrow"}]}
RESULT: undefined
COMMAND: POST /session/b0bce561eedd0ef2cd491e5795c56593/element - {"using":"xpath","value":"//*[@id=\"application-managepartners-display-component---NewPartner--addressEditDetailsCostObjectCstType-arrow\"]"}
RESULT: {}
RESULT: {"using":"xpath","value":"//*[@id=\"application-managepartners-display-component---NewPartner--addressEditDetailsCostObjectCstType-arrow\"]"}
COMMAND: POST /session/b0bce561eedd0ef2cd491e5795c56593/element/f.633F000A9FA1F61B5279087A5498CC04.d.ABFF5C0A001B74E50EA2378E2F9D4728.e.7488/click - {}
RESULT: {}
COMMAND: POST /session/b0bce561eedd0ef2cd491e5795c56593/element - {"using":"xpath","value":"//span[contains(text(), \"Cost Center\")]"}
COMMAND: GET /session/b0bce561eedd0ef2cd491e5795c56593/screenshot - {}
RESULT: {"using":"xpath","value":"//span[contains(text(), \"Cost Center\")]"}
COMMAND: POST /session/b0bce561eedd0ef2cd491e5795c56593/element/f.633F000A9FA1F61B5279087A5498CC04.d.ABFF5C0A001B74E50EA2378E2F9D4728.e.7489/click - {}
RESULT: {}
RESULT: {}
COMMAND: GET /session/b0bce561eedd0ef2cd491e5795c56593/screenshot - {}
RESULT: {}
COMMAND: POST /session/b0bce561eedd0ef2cd491e5795c56593/element - {"using":"xpath","value":"//span[@id=\"application-managepartners-display-component---NewPartner--addressNewCostObjectCstID-vhi\"]"}
RESULT: {"using":"xpath","value":"//span[@id=\"application-managepartners-display-component---NewPartner--addressNewCostObjectCstID-vhi\"]"}
COMMAND: POST /session/b0bce561eedd0ef2cd491e5795c56593/execute/sync - {"script":"<script> [8489 bytes]","args":[{"element-6066-11e4-a52e-4f735466cecf":"f.633F000A9FA1F61B5279087A5498CC04.d.ABFF5C0A001B74E50EA2378E2F9D4728.e.7492","ELEMENT":"f.633F000A9FA1F61B5279087A5498CC04.d.ABFF5C0A001B74E50EA2378E2F9D4728.e.7492"}]}
RESULT: {"script":"<script> [8489 bytes]","args":[{"element-6066-11e4-a52e-4f735466cecf":"f.633F000A9FA1F61B5279087A5498CC04.d.ABFF5C0A001B74E50EA2378E2F9D4728.e.7492","ELEMENT":"f.633F000A9FA1F61B5279087A5498CC04.d.ABFF5C0A001B74E50EA2378E2F9D4728.e.7492"}]}
COMMAND: POST /session/b0bce561eedd0ef2cd491e5795c56593/execute/async - {"script":"<script> [1562 bytes]","args":[{"selector":{"id":"application-managepartners-display-component---NewPartner--addressNewCostObjectCstID-vhi"},"wdio_ui5_key":"applicationmanagepartners-display-component---NewPartner--addressNewCostObjectCstID-vhi"}]}
COMMAND: GET /session/b0bce561eedd0ef2cd491e5795c56593/screenshot - {}
RESULT: {"script":"<script> [1562 bytes]","args":[{"selector":{"id":"application-managepartners-display-component---NewPartner--addressNewCostObjectCstID-vhi"},"wdio_ui5_key":"applicationmanagepartners-display-component---NewPartner--addressNewCostObjectCstID-vhi"}]}
RESULT: undefined
COMMAND: POST /session/b0bce561eedd0ef2cd491e5795c56593/element - {"using":"xpath","value":"//*[@id=\"application-managepartners-display-component---NewPartner--addressNewCostObjectCstID-vhi\"]"}
RESULT: {}
RESULT: {"using":"xpath","value":"//*[@id=\"application-managepartners-display-component---NewPartner--addressNewCostObjectCstID-vhi\"]"}
COMMAND: POST /session/b0bce561eedd0ef2cd491e5795c56593/element/f.633F000A9FA1F61B5279087A5498CC04.d.ABFF5C0A001B74E50EA2378E2F9D4728.e.7492/click - {}
RESULT: {}
COMMAND: GET /session/b0bce561eedd0ef2cd491e5795c56593/screenshot - {}
RESULT: {}
RESULT: undefined
COMMAND: POST /session/b0bce561eedd0ef2cd491e5795c56593/execute/async - {"script":"<script> [776 bytes]","args":[{"enterText":"10001013","selector":{"controlType":"sap.m.SearchField","properties":{"placeholder":"Search"},"searchOpenDialogs":true,"interaction":{"idSuffix":"I"}},"clearTextFirst":true,"interactionType":"ENTER_TEXT"}]}
RESULT: {"script":"<script> [776 bytes]","args":[{"enterText":"10001013","selector":{"controlType":"sap.m.SearchField","properties":{"placeholder":"Search"},"searchOpenDialogs":true,"interaction":{"idSuffix":"I"}},"clearTextFirst":true,"interactionType":"ENTER_TEXT"}]}
COMMAND: POST /session/b0bce561eedd0ef2cd491e5795c56593/actions - {"actions":[{"id":"action20","type":"key","parameters":{},"actions":[{"type":"keyDown","value":""},{"type":"pause","duration":10},{"type":"keyUp","value":""}]}]}
RESULT: {"actions":[{"id":"action20","type":"key","parameters":{},"actions":[{"type":"keyDown","value":""},{"type":"pause","duration":10},{"type":"keyUp","value":""}]}]}
COMMAND: GET /session/b0bce561eedd0ef2cd491e5795c56593/screenshot - {}
RESULT: {}
COMMAND: POST /session/b0bce561eedd0ef2cd491e5795c56593/element - {"using":"xpath","value":"//span[contains(text(), \"General Management\")]"}
RESULT: {"using":"xpath","value":"//span[contains(text(), \"General Management\")]"}
COMMAND: POST /session/b0bce561eedd0ef2cd491e5795c56593/element/f.633F000A9FA1F61B5279087A5498CC04.d.ABFF5C0A001B74E50EA2378E2F9D4728.e.7532/click - {}
RESULT: {}
COMMAND: GET /session/b0bce561eedd0ef2cd491e5795c56593/screenshot - {}
RESULT: {}
COMMAND: POST /session/b0bce561eedd0ef2cd491e5795c56593/element - {"using":"xpath","value":"//bdi[contains(text(), \"OK\")]"}
RESULT: {"using":"xpath","value":"//bdi[contains(text(), \"OK\")]"}
COMMAND: POST /session/b0bce561eedd0ef2cd491e5795c56593/element/f.633F000A9FA1F61B5279087A5498CC04.d.ABFF5C0A001B74E50EA2378E2F9D4728.e.7533/click - {}
RESULT: {}
COMMAND: GET /session/b0bce561eedd0ef2cd491e5795c56593/screenshot - {}
RESULT: {}
COMMAND: POST /session/b0bce561eedd0ef2cd491e5795c56593/element - {"using":"xpath","value":"//input[@id=\"application-managepartners-display-component---NewPartner--companyCodeComboBox-inner\"]"}
RESULT: {"using":"xpath","value":"//input[@id=\"application-managepartners-display-component---NewPartner--companyCodeComboBox-inner\"]"}
COMMAND: POST /session/b0bce561eedd0ef2cd491e5795c56593/element/f.633F000A9FA1F61B5279087A5498CC04.d.ABFF5C0A001B74E50EA2378E2F9D4728.e.7425/clear - {}
RESULT: {}
COMMAND: POST /session/b0bce561eedd0ef2cd491e5795c56593/element/f.633F000A9FA1F61B5279087A5498CC04.d.ABFF5C0A001B74E50EA2378E2F9D4728.e.7425/value - {"text":"C002"}
COMMAND: GET /session/b0bce561eedd0ef2cd491e5795c56593/screenshot - {}
RESULT: {"text":"C002"}
COMMAND: GET /session/b0bce561eedd0ef2cd491e5795c56593/screenshot - {}
RESULT: {}
RESULT: {}
COMMAND: POST /session/b0bce561eedd0ef2cd491e5795c56593/element - {"using":"xpath","value":"//span[contains(text(), \"C002\")]"}
RESULT: {"using":"xpath","value":"//span[contains(text(), \"C002\")]"}
COMMAND: POST /session/b0bce561eedd0ef2cd491e5795c56593/element/f.633F000A9FA1F61B5279087A5498CC04.d.ABFF5C0A001B74E50EA2378E2F9D4728.e.7539/click - {}
RESULT: {}
COMMAND: GET /session/b0bce561eedd0ef2cd491e5795c56593/screenshot - {}
RESULT: {}
COMMAND: POST /session/b0bce561eedd0ef2cd491e5795c56593/execute/async - {"script":"<script> [1562 bytes]","args":[{"selector":{"id":"application-managepartners-display-component---NewPartner--btnAddTableRow-img"},"wdio_ui5_key":"applicationmanagepartners-display-component---NewPartner--btnAddTableRow-img"}]}
RESULT: {"script":"<script> [1562 bytes]","args":[{"selector":{"id":"application-managepartners-display-component---NewPartner--btnAddTableRow-img"},"wdio_ui5_key":"applicationmanagepartners-display-component---NewPartner--btnAddTableRow-img"}]}
RESULT: undefined
COMMAND: POST /session/b0bce561eedd0ef2cd491e5795c56593/element - {"using":"xpath","value":"//*[@id=\"application-managepartners-display-component---NewPartner--btnAddTableRow-img\"]"}
RESULT: {"using":"xpath","value":"//*[@id=\"application-managepartners-display-component---NewPartner--btnAddTableRow-img\"]"}
COMMAND: POST /session/b0bce561eedd0ef2cd491e5795c56593/element/f.633F000A9FA1F61B5279087A5498CC04.d.ABFF5C0A001B74E50EA2378E2F9D4728.e.7540/click - {}
RESULT: {}
COMMAND: GET /session/b0bce561eedd0ef2cd491e5795c56593/screenshot - {}
RESULT: {}
COMMAND: POST /session/b0bce561eedd0ef2cd491e5795c56593/element - {"using":"xpath","value":"//input[@id=\"application-managepartners-display-component---NewPartner--assignmentYard-application-managepartners-display-component---NewPartner--assignmentsTable-0-inner\"]"}
RESULT: {"using":"xpath","value":"//input[@id=\"application-managepartners-display-component---NewPartner--assignmentYard-application-managepartners-display-component---NewPartner--assignmentsTable-0-inner\"]"}
COMMAND: POST /session/b0bce561eedd0ef2cd491e5795c56593/element/f.633F000A9FA1F61B5279087A5498CC04.d.ABFF5C0A001B74E50EA2378E2F9D4728.e.7543/clear - {}
RESULT: {}
COMMAND: POST /session/b0bce561eedd0ef2cd491e5795c56593/element/f.633F000A9FA1F61B5279087A5498CC04.d.ABFF5C0A001B74E50EA2378E2F9D4728.e.7543/value - {"text":"617"}
COMMAND: GET /session/b0bce561eedd0ef2cd491e5795c56593/screenshot - {}
RESULT: {"text":"617"}
COMMAND: GET /session/b0bce561eedd0ef2cd491e5795c56593/screenshot - {}
RESULT: {}
RESULT: {}
COMMAND: POST /session/b0bce561eedd0ef2cd491e5795c56593/element - {"using":"xpath","value":"//li[.//span[text()='617']]"}
RESULT: {"using":"xpath","value":"//li[.//span[text()='617']]"}
COMMAND: POST /session/b0bce561eedd0ef2cd491e5795c56593/element/f.633F000A9FA1F61B5279087A5498CC04.d.ABFF5C0A001B74E50EA2378E2F9D4728.e.7552/click - {}
RESULT: {}
COMMAND: GET /session/b0bce561eedd0ef2cd491e5795c56593/screenshot - {}
RESULT: {}
COMMAND: POST /session/b0bce561eedd0ef2cd491e5795c56593/actions - {"actions":[{"id":"action21","type":"key","parameters":{},"actions":[{"type":"keyDown","value":""},{"type":"pause","duration":10},{"type":"keyUp","value":""}]}]}
RESULT: {"actions":[{"id":"action21","type":"key","parameters":{},"actions":[{"type":"keyDown","value":""},{"type":"pause","duration":10},{"type":"keyUp","value":""}]}]}
COMMAND: POST /session/b0bce561eedd0ef2cd491e5795c56593/execute/async - {"script":"<script> [1562 bytes]","args":[{"selector":{"id":"application-managepartners-display-component---NewPartner--externalCustomerComboBox-application-managepartners-display-component---NewPartner--assignmentsTable-0-vhi"},"wdio_ui5_key":"applicationmanagepartners-display-component---NewPartner--externalCustomerComboBox-application-managepartners-display-component---NewPartner--assignmentsTable-0-vhi"}]}
COMMAND: GET /session/b0bce561eedd0ef2cd491e5795c56593/screenshot - {}
RESULT: {"script":"<script> [1562 bytes]","args":[{"selector":{"id":"application-managepartners-display-component---NewPartner--externalCustomerComboBox-application-managepartners-display-component---NewPartner--assignmentsTable-0-vhi"},"wdio_ui5_key":"applicationmanagepartners-display-component---NewPartner--externalCustomerComboBox-application-managepartners-display-component---NewPartner--assignmentsTable-0-vhi"}]}
RESULT: undefined
COMMAND: POST /session/b0bce561eedd0ef2cd491e5795c56593/element - {"using":"xpath","value":"//*[@id=\"application-managepartners-display-component---NewPartner--externalCustomerComboBox-application-managepartners-display-component---NewPartner--assignmentsTable-0-vhi\"]"}
RESULT: {}
RESULT: {"using":"xpath","value":"//*[@id=\"application-managepartners-display-component---NewPartner--externalCustomerComboBox-application-managepartners-display-component---NewPartner--assignmentsTable-0-vhi\"]"}
COMMAND: POST /session/b0bce561eedd0ef2cd491e5795c56593/element/f.633F000A9FA1F61B5279087A5498CC04.d.ABFF5C0A001B74E50EA2378E2F9D4728.e.7556/click - {}
RESULT: {}
RESULT: undefined
COMMAND: POST /session/b0bce561eedd0ef2cd491e5795c56593/execute/async - {"script":"<script> [776 bytes]","args":[{"enterText":"300003","selector":{"controlType":"sap.m.SearchField","properties":{"placeholder":"Search"},"searchOpenDialogs":true,"interaction":{"idSuffix":"I"}},"clearTextFirst":true,"interactionType":"ENTER_TEXT"}]}
COMMAND: GET /session/b0bce561eedd0ef2cd491e5795c56593/screenshot - {}
RESULT: {"script":"<script> [776 bytes]","args":[{"enterText":"300003","selector":{"controlType":"sap.m.SearchField","properties":{"placeholder":"Search"},"searchOpenDialogs":true,"interaction":{"idSuffix":"I"}},"clearTextFirst":true,"interactionType":"ENTER_TEXT"}]}
COMMAND: POST /session/b0bce561eedd0ef2cd491e5795c56593/actions - {"actions":[{"id":"action22","type":"key","parameters":{},"actions":[{"type":"keyDown","value":""},{"type":"pause","duration":10},{"type":"keyUp","value":""}]}]}
RESULT: {}
RESULT: {"actions":[{"id":"action22","type":"key","parameters":{},"actions":[{"type":"keyDown","value":""},{"type":"pause","duration":10},{"type":"keyUp","value":""}]}]}
COMMAND: GET /session/b0bce561eedd0ef2cd491e5795c56593/screenshot - {}
RESULT: {}
COMMAND: POST /session/b0bce561eedd0ef2cd491e5795c56593/element - {"using":"xpath","value":"//span[contains(text(), \"300003\")]"}
RESULT: {"using":"xpath","value":"//span[contains(text(), \"300003\")]"}
COMMAND: POST /session/b0bce561eedd0ef2cd491e5795c56593/element/f.633F000A9FA1F61B5279087A5498CC04.d.ABFF5C0A001B74E50EA2378E2F9D4728.e.7575/click - {}
RESULT: {}
COMMAND: GET /session/b0bce561eedd0ef2cd491e5795c56593/screenshot - {}
RESULT: {}
COMMAND: POST /session/b0bce561eedd0ef2cd491e5795c56593/element - {"using":"xpath","value":"//bdi[contains(text(), \"OK\")]"}
RESULT: {"using":"xpath","value":"//bdi[contains(text(), \"OK\")]"}
COMMAND: POST /session/b0bce561eedd0ef2cd491e5795c56593/element/f.633F000A9FA1F61B5279087A5498CC04.d.ABFF5C0A001B74E50EA2378E2F9D4728.e.7577/click - {}
RESULT: {}
COMMAND: GET /session/b0bce561eedd0ef2cd491e5795c56593/screenshot - {}
RESULT: {}
COMMAND: POST /session/b0bce561eedd0ef2cd491e5795c56593/execute/async - {"script":"<script> [1562 bytes]","args":[{"selector":{"id":"application-managepartners-display-component---NewPartner--intercompVendorComboBox-application-managepartners-display-component---NewPartner--assignmentsTable-0-vhi"},"wdio_ui5_key":"applicationmanagepartners-display-component---NewPartner--intercompVendorComboBox-application-managepartners-display-component---NewPartner--assignmentsTable-0-vhi"}]}
RESULT: {"script":"<script> [1562 bytes]","args":[{"selector":{"id":"application-managepartners-display-component---NewPartner--intercompVendorComboBox-application-managepartners-display-component---NewPartner--assignmentsTable-0-vhi"},"wdio_ui5_key":"applicationmanagepartners-display-component---NewPartner--intercompVendorComboBox-application-managepartners-display-component---NewPartner--assignmentsTable-0-vhi"}]}
RESULT: undefined
COMMAND: POST /session/b0bce561eedd0ef2cd491e5795c56593/element - {"using":"xpath","value":"//*[@id=\"application-managepartners-display-component---NewPartner--intercompVendorComboBox-application-managepartners-display-component---NewPartner--assignmentsTable-0-vhi\"]"}
RESULT: {"using":"xpath","value":"//*[@id=\"application-managepartners-display-component---NewPartner--intercompVendorComboBox-application-managepartners-display-component---NewPartner--assignmentsTable-0-vhi\"]"}
COMMAND: POST /session/b0bce561eedd0ef2cd491e5795c56593/element/f.633F000A9FA1F61B5279087A5498CC04.d.ABFF5C0A001B74E50EA2378E2F9D4728.e.7580/click - {}
RESULT: {}
RESULT: undefined
COMMAND: POST /session/b0bce561eedd0ef2cd491e5795c56593/execute/async - {"script":"<script> [776 bytes]","args":[{"enterText":"100005","selector":{"controlType":"sap.m.SearchField","properties":{"placeholder":"Search"},"searchOpenDialogs":true,"interaction":{"idSuffix":"I"}},"clearTextFirst":true,"interactionType":"ENTER_TEXT"}]}
COMMAND: GET /session/b0bce561eedd0ef2cd491e5795c56593/screenshot - {}
RESULT: {"script":"<script> [776 bytes]","args":[{"enterText":"100005","selector":{"controlType":"sap.m.SearchField","properties":{"placeholder":"Search"},"searchOpenDialogs":true,"interaction":{"idSuffix":"I"}},"clearTextFirst":true,"interactionType":"ENTER_TEXT"}]}
COMMAND: POST /session/b0bce561eedd0ef2cd491e5795c56593/actions - {"actions":[{"id":"action23","type":"key","parameters":{},"actions":[{"type":"keyDown","value":""},{"type":"pause","duration":10},{"type":"keyUp","value":""}]}]}
RESULT: {}
RESULT: {"actions":[{"id":"action23","type":"key","parameters":{},"actions":[{"type":"keyDown","value":""},{"type":"pause","duration":10},{"type":"keyUp","value":""}]}]}
COMMAND: GET /session/b0bce561eedd0ef2cd491e5795c56593/screenshot - {}
RESULT: {}
COMMAND: POST /session/b0bce561eedd0ef2cd491e5795c56593/element - {"using":"xpath","value":"//span[contains(text(), \"Penguins - Field/12345 Berlin\")]"}
RESULT: {"using":"xpath","value":"//span[contains(text(), \"Penguins - Field/12345 Berlin\")]"}
COMMAND: POST /session/b0bce561eedd0ef2cd491e5795c56593/element/f.633F000A9FA1F61B5279087A5498CC04.d.ABFF5C0A001B74E50EA2378E2F9D4728.e.7599/click - {}
RESULT: {}
COMMAND: GET /session/b0bce561eedd0ef2cd491e5795c56593/screenshot - {}
RESULT: {}
COMMAND: POST /session/b0bce561eedd0ef2cd491e5795c56593/element - {"using":"xpath","value":"//bdi[contains(text(), \"OK\")]"}
RESULT: {"using":"xpath","value":"//bdi[contains(text(), \"OK\")]"}
COMMAND: POST /session/b0bce561eedd0ef2cd491e5795c56593/element/f.633F000A9FA1F61B5279087A5498CC04.d.ABFF5C0A001B74E50EA2378E2F9D4728.e.7600/click - {}
RESULT: {}
COMMAND: GET /session/b0bce561eedd0ef2cd491e5795c56593/screenshot - {}
RESULT: {}
COMMAND: POST /session/b0bce561eedd0ef2cd491e5795c56593/element - {"using":"xpath","value":"//button[@data-kt=\"saveButton\"]"}
RESULT: {"using":"xpath","value":"//button[@data-kt=\"saveButton\"]"}
COMMAND: POST /session/b0bce561eedd0ef2cd491e5795c56593/element/f.633F000A9FA1F61B5279087A5498CC04.d.ABFF5C0A001B74E50EA2378E2F9D4728.e.7451/click - {}
RESULT: {}
COMMAND: GET /session/b0bce561eedd0ef2cd491e5795c56593/screenshot - {}
RESULT: {}
COMMAND: POST /session/b0bce561eedd0ef2cd491e5795c56593/element - {"using":"xpath","value":"//header[contains(@id, 'ObjectPageLayout-headerTitle')]/div[1]/div[2]/div[2]/span[1]"}
RESULT: {"using":"xpath","value":"//header[contains(@id, 'ObjectPageLayout-headerTitle')]/div[1]/div[2]/div[2]/span[1]"}
COMMAND: POST /session/b0bce561eedd0ef2cd491e5795c56593/elements - {"using":"xpath","value":"//header[contains(@id, 'ObjectPageLayout-headerTitle')]/div[1]/div[2]/div[2]/span[1]"}
RESULT: {"using":"xpath","value":"//header[contains(@id, 'ObjectPageLayout-headerTitle')]/div[1]/div[2]/div[2]/span[1]"}
COMMAND: POST /session/b0bce561eedd0ef2cd491e5795c56593/execute/sync - {"script":"<script> [56 bytes]","args":[{"element-6066-11e4-a52e-4f735466cecf":"f.633F000A9FA1F61B5279087A5498CC04.d.ABFF5C0A001B74E50EA2378E2F9D4728.e.7764","ELEMENT":"f.633F000A9FA1F61B5279087A5498CC04.d.ABFF5C0A001B74E50EA2378E2F9D4728.e.7764"}]}
RESULT: {"script":"<script> [56 bytes]","args":[{"element-6066-11e4-a52e-4f735466cecf":"f.633F000A9FA1F61B5279087A5498CC04.d.ABFF5C0A001B74E50EA2378E2F9D4728.e.7764","ELEMENT":"f.633F000A9FA1F61B5279087A5498CC04.d.ABFF5C0A001B74E50EA2378E2F9D4728.e.7764"}]}
COMMAND: POST /session/b0bce561eedd0ef2cd491e5795c56593/element - {"using":"css selector","value":"#shell-header-logo"}
COMMAND: GET /session/b0bce561eedd0ef2cd491e5795c56593/screenshot - {}
RESULT: {"using":"css selector","value":"#shell-header-logo"}
COMMAND: POST /session/b0bce561eedd0ef2cd491e5795c56593/element/f.633F000A9FA1F61B5279087A5498CC04.d.ABFF5C0A001B74E50EA2378E2F9D4728.e.6978/click - {}
RESULT: {}
RESULT: {}
COMMAND: GET /session/b0bce561eedd0ef2cd491e5795c56593/screenshot - {}
RESULT: {}
COMMAND: POST /session/b0bce561eedd0ef2cd491e5795c56593/execute/sync - {"script":"<script> [299 bytes]","args":[["getModel","getResource"]]}
RESULT: {"script":"<script> [299 bytes]","args":[["getModel","getResource"]]}
]]></system-out>
    </testcase>
    <testcase classname="chrome.135_0_7049_42.windows.Create_master_data_for_mixed_billing_&amp;_do_billing_calculation_US151661" name="Should create a new site" time="146.435">
      <system-out><![CDATA[
COMMAND: POST /session/b0bce561eedd0ef2cd491e5795c56593/execute/async - {"script":"<script> [1562 bytes]","args":[{"selector":{"controlType":"sap.m.TileContent","bindingPath":{"path":"","propertyPath":"/properties/info"},"ancestor":{"controlType":"sap.m.GenericTile","properties":{"header":"Manage Sites"}}},"wdio_ui5_key":"sapm.TileContent{\"path\":\"\",\"propertyPath\":\"/properties/info\"}{\"controlType\":\"sap.m.GenericTile\",\"properties\":{\"header\":\"Manage Sites\"}}"}]}
COMMAND: GET /session/b0bce561eedd0ef2cd491e5795c56593/screenshot - {}
RESULT: {"script":"<script> [1562 bytes]","args":[{"selector":{"controlType":"sap.m.TileContent","bindingPath":{"path":"","propertyPath":"/properties/info"},"ancestor":{"controlType":"sap.m.GenericTile","properties":{"header":"Manage Sites"}}},"wdio_ui5_key":"sapm.TileContent{\"path\":\"\",\"propertyPath\":\"/properties/info\"}{\"controlType\":\"sap.m.GenericTile\",\"properties\":{\"header\":\"Manage Sites\"}}"}]}
RESULT: undefined
COMMAND: POST /session/b0bce561eedd0ef2cd491e5795c56593/element - {"using":"xpath","value":"//*[@id=\"__xmlview7--numericTileContent\"]"}
RESULT: {}
RESULT: {"using":"xpath","value":"//*[@id=\"__xmlview7--numericTileContent\"]"}
COMMAND: POST /session/b0bce561eedd0ef2cd491e5795c56593/element/f.633F000A9FA1F61B5279087A5498CC04.d.ABFF5C0A001B74E50EA2378E2F9D4728.e.7766/click - {}
RESULT: {}
COMMAND: POST /session/b0bce561eedd0ef2cd491e5795c56593/element - {"using":"xpath","value":"//button[@data-kt=\"addOverflowToolbarButton\"]"}
COMMAND: GET /session/b0bce561eedd0ef2cd491e5795c56593/screenshot - {}
RESULT: {"using":"xpath","value":"//button[@data-kt=\"addOverflowToolbarButton\"]"}
COMMAND: POST /session/b0bce561eedd0ef2cd491e5795c56593/elements - {"using":"xpath","value":"//button[@data-kt=\"addOverflowToolbarButton\"]"}
RESULT: {}
RESULT: {"using":"xpath","value":"//button[@data-kt=\"addOverflowToolbarButton\"]"}
COMMAND: POST /session/b0bce561eedd0ef2cd491e5795c56593/execute/sync - {"script":"<script> [8489 bytes]","args":[{"element-6066-11e4-a52e-4f735466cecf":"f.633F000A9FA1F61B5279087A5498CC04.d.ABFF5C0A001B74E50EA2378E2F9D4728.e.7813","ELEMENT":"f.633F000A9FA1F61B5279087A5498CC04.d.ABFF5C0A001B74E50EA2378E2F9D4728.e.7813"}]}
RESULT: {"script":"<script> [8489 bytes]","args":[{"element-6066-11e4-a52e-4f735466cecf":"f.633F000A9FA1F61B5279087A5498CC04.d.ABFF5C0A001B74E50EA2378E2F9D4728.e.7813","ELEMENT":"f.633F000A9FA1F61B5279087A5498CC04.d.ABFF5C0A001B74E50EA2378E2F9D4728.e.7813"}]}
COMMAND: GET /session/b0bce561eedd0ef2cd491e5795c56593/element/f.633F000A9FA1F61B5279087A5498CC04.d.ABFF5C0A001B74E50EA2378E2F9D4728.e.7813/enabled - {}
COMMAND: GET /session/b0bce561eedd0ef2cd491e5795c56593/screenshot - {}
RESULT: {}
COMMAND: POST /session/b0bce561eedd0ef2cd491e5795c56593/execute/sync - {"script":"<script> [8489 bytes]","args":[{"element-6066-11e4-a52e-4f735466cecf":"f.633F000A9FA1F61B5279087A5498CC04.d.ABFF5C0A001B74E50EA2378E2F9D4728.e.7813","ELEMENT":"f.633F000A9FA1F61B5279087A5498CC04.d.ABFF5C0A001B74E50EA2378E2F9D4728.e.7813"}]}
COMMAND: GET /session/b0bce561eedd0ef2cd491e5795c56593/screenshot - {}
RESULT: {}
RESULT: {"script":"<script> [8489 bytes]","args":[{"element-6066-11e4-a52e-4f735466cecf":"f.633F000A9FA1F61B5279087A5498CC04.d.ABFF5C0A001B74E50EA2378E2F9D4728.e.7813","ELEMENT":"f.633F000A9FA1F61B5279087A5498CC04.d.ABFF5C0A001B74E50EA2378E2F9D4728.e.7813"}]}
COMMAND: POST /session/b0bce561eedd0ef2cd491e5795c56593/execute/sync - {"script":"<script> [5351 bytes]","args":[{"element-6066-11e4-a52e-4f735466cecf":"f.633F000A9FA1F61B5279087A5498CC04.d.ABFF5C0A001B74E50EA2378E2F9D4728.e.7813","ELEMENT":"f.633F000A9FA1F61B5279087A5498CC04.d.ABFF5C0A001B74E50EA2378E2F9D4728.e.7813"}]}
COMMAND: GET /session/b0bce561eedd0ef2cd491e5795c56593/screenshot - {}
RESULT: {}
RESULT: {"script":"<script> [5351 bytes]","args":[{"element-6066-11e4-a52e-4f735466cecf":"f.633F000A9FA1F61B5279087A5498CC04.d.ABFF5C0A001B74E50EA2378E2F9D4728.e.7813","ELEMENT":"f.633F000A9FA1F61B5279087A5498CC04.d.ABFF5C0A001B74E50EA2378E2F9D4728.e.7813"}]}
COMMAND: POST /session/b0bce561eedd0ef2cd491e5795c56593/element/f.633F000A9FA1F61B5279087A5498CC04.d.ABFF5C0A001B74E50EA2378E2F9D4728.e.7813/click - {}
COMMAND: GET /session/b0bce561eedd0ef2cd491e5795c56593/screenshot - {}
RESULT: {}
RESULT: {}
COMMAND: GET /session/b0bce561eedd0ef2cd491e5795c56593/screenshot - {}
COMMAND: POST /session/b0bce561eedd0ef2cd491e5795c56593/execute/async - {"script":"<script> [1562 bytes]","args":[{"selector":{"id":"application-managesites-display-component---NewSite--addressDetailDetailsName1","interaction":{"idSuffix":"inner"}},"wdio_ui5_key":"applicationmanagesites-display-component---NewSite--addressDetailDetailsName1"}]}
RESULT: {}
RESULT: {}
RESULT: {"script":"<script> [1562 bytes]","args":[{"selector":{"id":"application-managesites-display-component---NewSite--addressDetailDetailsName1","interaction":{"idSuffix":"inner"}},"wdio_ui5_key":"applicationmanagesites-display-component---NewSite--addressDetailDetailsName1"}]}
RESULT: undefined
COMMAND: POST /session/b0bce561eedd0ef2cd491e5795c56593/execute/async - {"script":"<script> [776 bytes]","args":[{"enterText":"Intercompany Site wdIO","selector":{"id":"application-managesites-display-component---NewSite--addressDetailDetailsName1","interaction":{"idSuffix":"inner"}},"clearTextFirst":true,"interactionType":"ENTER_TEXT"}]}
RESULT: {"script":"<script> [776 bytes]","args":[{"enterText":"Intercompany Site wdIO","selector":{"id":"application-managesites-display-component---NewSite--addressDetailDetailsName1","interaction":{"idSuffix":"inner"}},"clearTextFirst":true,"interactionType":"ENTER_TEXT"}]}
COMMAND: POST /session/b0bce561eedd0ef2cd491e5795c56593/execute/async - {"script":"<script> [1562 bytes]","args":[{"selector":{"id":"application-managesites-display-component---NewSite--addressDetailDetailsLanguage-arrow"},"wdio_ui5_key":"applicationmanagesites-display-component---NewSite--addressDetailDetailsLanguage-arrow"}]}
RESULT: {"script":"<script> [1562 bytes]","args":[{"selector":{"id":"application-managesites-display-component---NewSite--addressDetailDetailsLanguage-arrow"},"wdio_ui5_key":"applicationmanagesites-display-component---NewSite--addressDetailDetailsLanguage-arrow"}]}
RESULT: undefined
COMMAND: POST /session/b0bce561eedd0ef2cd491e5795c56593/element - {"using":"xpath","value":"//*[@id=\"application-managesites-display-component---NewSite--addressDetailDetailsLanguage-arrow\"]"}
RESULT: {"using":"xpath","value":"//*[@id=\"application-managesites-display-component---NewSite--addressDetailDetailsLanguage-arrow\"]"}
COMMAND: POST /session/b0bce561eedd0ef2cd491e5795c56593/element/f.633F000A9FA1F61B5279087A5498CC04.d.ABFF5C0A001B74E50EA2378E2F9D4728.e.8209/click - {}
RESULT: {}
COMMAND: POST /session/b0bce561eedd0ef2cd491e5795c56593/element - {"using":"xpath","value":"//span[contains(text(), \"English\")]"}
COMMAND: GET /session/b0bce561eedd0ef2cd491e5795c56593/screenshot - {}
RESULT: {"using":"xpath","value":"//span[contains(text(), \"English\")]"}
COMMAND: POST /session/b0bce561eedd0ef2cd491e5795c56593/element/f.633F000A9FA1F61B5279087A5498CC04.d.ABFF5C0A001B74E50EA2378E2F9D4728.e.8210/click - {}
RESULT: {}
RESULT: {}
COMMAND: POST /session/b0bce561eedd0ef2cd491e5795c56593/execute/async - {"script":"<script> [1562 bytes]","args":[{"selector":{"id":"application-managesites-display-component---NewSite--addressDetailDetailsCity1","interaction":{"idSuffix":"inner"}},"wdio_ui5_key":"applicationmanagesites-display-component---NewSite--addressDetailDetailsCity1"}]}
COMMAND: GET /session/b0bce561eedd0ef2cd491e5795c56593/screenshot - {}
RESULT: {"script":"<script> [1562 bytes]","args":[{"selector":{"id":"application-managesites-display-component---NewSite--addressDetailDetailsCity1","interaction":{"idSuffix":"inner"}},"wdio_ui5_key":"applicationmanagesites-display-component---NewSite--addressDetailDetailsCity1"}]}
RESULT: undefined
COMMAND: POST /session/b0bce561eedd0ef2cd491e5795c56593/execute/async - {"script":"<script> [776 bytes]","args":[{"enterText":"Rosario","selector":{"id":"application-managesites-display-component---NewSite--addressDetailDetailsCity1","interaction":{"idSuffix":"inner"}},"clearTextFirst":true,"interactionType":"ENTER_TEXT"}]}
RESULT: {}
RESULT: {"script":"<script> [776 bytes]","args":[{"enterText":"Rosario","selector":{"id":"application-managesites-display-component---NewSite--addressDetailDetailsCity1","interaction":{"idSuffix":"inner"}},"clearTextFirst":true,"interactionType":"ENTER_TEXT"}]}
COMMAND: POST /session/b0bce561eedd0ef2cd491e5795c56593/execute/async - {"script":"<script> [1562 bytes]","args":[{"selector":{"id":"application-managesites-display-component---NewSite--addressDetailDetailsCountry-arrow"},"wdio_ui5_key":"applicationmanagesites-display-component---NewSite--addressDetailDetailsCountry-arrow"}]}
RESULT: {"script":"<script> [1562 bytes]","args":[{"selector":{"id":"application-managesites-display-component---NewSite--addressDetailDetailsCountry-arrow"},"wdio_ui5_key":"applicationmanagesites-display-component---NewSite--addressDetailDetailsCountry-arrow"}]}
RESULT: undefined
COMMAND: POST /session/b0bce561eedd0ef2cd491e5795c56593/element - {"using":"xpath","value":"//*[@id=\"application-managesites-display-component---NewSite--addressDetailDetailsCountry-arrow\"]"}
RESULT: {"using":"xpath","value":"//*[@id=\"application-managesites-display-component---NewSite--addressDetailDetailsCountry-arrow\"]"}
COMMAND: POST /session/b0bce561eedd0ef2cd491e5795c56593/element/f.633F000A9FA1F61B5279087A5498CC04.d.ABFF5C0A001B74E50EA2378E2F9D4728.e.8212/click - {}
RESULT: {}
COMMAND: POST /session/b0bce561eedd0ef2cd491e5795c56593/element - {"using":"xpath","value":"//span[contains(text(), \"Argentina\")]"}
COMMAND: GET /session/b0bce561eedd0ef2cd491e5795c56593/screenshot - {}
RESULT: {"using":"xpath","value":"//span[contains(text(), \"Argentina\")]"}
COMMAND: POST /session/b0bce561eedd0ef2cd491e5795c56593/element/f.633F000A9FA1F61B5279087A5498CC04.d.ABFF5C0A001B74E50EA2378E2F9D4728.e.8214/click - {}
RESULT: {}
RESULT: {}
COMMAND: GET /session/b0bce561eedd0ef2cd491e5795c56593/screenshot - {}
RESULT: {}
COMMAND: POST /session/b0bce561eedd0ef2cd491e5795c56593/execute/async - {"script":"<script> [1562 bytes]","args":[{"selector":{"id":"application-managesites-display-component---NewSite--addressEditDetailsCostObjectCstType-arrow"},"wdio_ui5_key":"applicationmanagesites-display-component---NewSite--addressEditDetailsCostObjectCstType-arrow"}]}
RESULT: {"script":"<script> [1562 bytes]","args":[{"selector":{"id":"application-managesites-display-component---NewSite--addressEditDetailsCostObjectCstType-arrow"},"wdio_ui5_key":"applicationmanagesites-display-component---NewSite--addressEditDetailsCostObjectCstType-arrow"}]}
RESULT: undefined
COMMAND: POST /session/b0bce561eedd0ef2cd491e5795c56593/element - {"using":"xpath","value":"//*[@id=\"application-managesites-display-component---NewSite--addressEditDetailsCostObjectCstType-arrow\"]"}
RESULT: {"using":"xpath","value":"//*[@id=\"application-managesites-display-component---NewSite--addressEditDetailsCostObjectCstType-arrow\"]"}
COMMAND: POST /session/b0bce561eedd0ef2cd491e5795c56593/element/f.633F000A9FA1F61B5279087A5498CC04.d.ABFF5C0A001B74E50EA2378E2F9D4728.e.8215/click - {}
RESULT: {}
COMMAND: POST /session/b0bce561eedd0ef2cd491e5795c56593/element - {"using":"xpath","value":"//span[contains(text(), \"Cost Center\")]"}
COMMAND: GET /session/b0bce561eedd0ef2cd491e5795c56593/screenshot - {}
RESULT: {"using":"xpath","value":"//span[contains(text(), \"Cost Center\")]"}
COMMAND: POST /session/b0bce561eedd0ef2cd491e5795c56593/element/f.633F000A9FA1F61B5279087A5498CC04.d.ABFF5C0A001B74E50EA2378E2F9D4728.e.8216/click - {}
RESULT: {}
RESULT: {}
COMMAND: GET /session/b0bce561eedd0ef2cd491e5795c56593/screenshot - {}
RESULT: {}
COMMAND: POST /session/b0bce561eedd0ef2cd491e5795c56593/element - {"using":"xpath","value":"//span[@id=\"application-managesites-display-component---NewSite--addressNewCostObjectCstID-vhi\"]"}
RESULT: {"using":"xpath","value":"//span[@id=\"application-managesites-display-component---NewSite--addressNewCostObjectCstID-vhi\"]"}
COMMAND: POST /session/b0bce561eedd0ef2cd491e5795c56593/execute/sync - {"script":"<script> [8489 bytes]","args":[{"element-6066-11e4-a52e-4f735466cecf":"f.633F000A9FA1F61B5279087A5498CC04.d.ABFF5C0A001B74E50EA2378E2F9D4728.e.8220","ELEMENT":"f.633F000A9FA1F61B5279087A5498CC04.d.ABFF5C0A001B74E50EA2378E2F9D4728.e.8220"}]}
RESULT: {"script":"<script> [8489 bytes]","args":[{"element-6066-11e4-a52e-4f735466cecf":"f.633F000A9FA1F61B5279087A5498CC04.d.ABFF5C0A001B74E50EA2378E2F9D4728.e.8220","ELEMENT":"f.633F000A9FA1F61B5279087A5498CC04.d.ABFF5C0A001B74E50EA2378E2F9D4728.e.8220"}]}
COMMAND: POST /session/b0bce561eedd0ef2cd491e5795c56593/execute/async - {"script":"<script> [1562 bytes]","args":[{"selector":{"id":"application-managesites-display-component---NewSite--addressNewCostObjectCstID-vhi"},"wdio_ui5_key":"applicationmanagesites-display-component---NewSite--addressNewCostObjectCstID-vhi"}]}
COMMAND: GET /session/b0bce561eedd0ef2cd491e5795c56593/screenshot - {}
RESULT: {"script":"<script> [1562 bytes]","args":[{"selector":{"id":"application-managesites-display-component---NewSite--addressNewCostObjectCstID-vhi"},"wdio_ui5_key":"applicationmanagesites-display-component---NewSite--addressNewCostObjectCstID-vhi"}]}
RESULT: undefined
COMMAND: POST /session/b0bce561eedd0ef2cd491e5795c56593/element - {"using":"xpath","value":"//*[@id=\"application-managesites-display-component---NewSite--addressNewCostObjectCstID-vhi\"]"}
RESULT: {}
RESULT: {"using":"xpath","value":"//*[@id=\"application-managesites-display-component---NewSite--addressNewCostObjectCstID-vhi\"]"}
COMMAND: POST /session/b0bce561eedd0ef2cd491e5795c56593/element/f.633F000A9FA1F61B5279087A5498CC04.d.ABFF5C0A001B74E50EA2378E2F9D4728.e.8220/click - {}
RESULT: {}
COMMAND: GET /session/b0bce561eedd0ef2cd491e5795c56593/screenshot - {}
RESULT: {}
RESULT: undefined
COMMAND: POST /session/b0bce561eedd0ef2cd491e5795c56593/execute/async - {"script":"<script> [776 bytes]","args":[{"enterText":"10001013","selector":{"controlType":"sap.m.SearchField","properties":{"placeholder":"Search"},"searchOpenDialogs":true,"interaction":{"idSuffix":"I"}},"clearTextFirst":true,"interactionType":"ENTER_TEXT"}]}
RESULT: {"script":"<script> [776 bytes]","args":[{"enterText":"10001013","selector":{"controlType":"sap.m.SearchField","properties":{"placeholder":"Search"},"searchOpenDialogs":true,"interaction":{"idSuffix":"I"}},"clearTextFirst":true,"interactionType":"ENTER_TEXT"}]}
COMMAND: POST /session/b0bce561eedd0ef2cd491e5795c56593/actions - {"actions":[{"id":"action24","type":"key","parameters":{},"actions":[{"type":"keyDown","value":""},{"type":"pause","duration":10},{"type":"keyUp","value":""}]}]}
RESULT: {"actions":[{"id":"action24","type":"key","parameters":{},"actions":[{"type":"keyDown","value":""},{"type":"pause","duration":10},{"type":"keyUp","value":""}]}]}
COMMAND: GET /session/b0bce561eedd0ef2cd491e5795c56593/screenshot - {}
RESULT: {}
COMMAND: POST /session/b0bce561eedd0ef2cd491e5795c56593/element - {"using":"xpath","value":"//span[contains(text(), \"General Management\")]"}
RESULT: {"using":"xpath","value":"//span[contains(text(), \"General Management\")]"}
COMMAND: POST /session/b0bce561eedd0ef2cd491e5795c56593/element/f.633F000A9FA1F61B5279087A5498CC04.d.ABFF5C0A001B74E50EA2378E2F9D4728.e.8259/click - {}
RESULT: {}
COMMAND: GET /session/b0bce561eedd0ef2cd491e5795c56593/screenshot - {}
RESULT: {}
COMMAND: POST /session/b0bce561eedd0ef2cd491e5795c56593/element - {"using":"xpath","value":"//bdi[contains(text(), \"OK\")]"}
RESULT: {"using":"xpath","value":"//bdi[contains(text(), \"OK\")]"}
COMMAND: POST /session/b0bce561eedd0ef2cd491e5795c56593/element/f.633F000A9FA1F61B5279087A5498CC04.d.ABFF5C0A001B74E50EA2378E2F9D4728.e.8260/click - {}
RESULT: {}
COMMAND: GET /session/b0bce561eedd0ef2cd491e5795c56593/screenshot - {}
RESULT: {}
COMMAND: POST /session/b0bce561eedd0ef2cd491e5795c56593/element - {"using":"xpath","value":"//input[@id=\"application-managesites-display-component---NewSite--addressDetailDetailsCalendar-inner\"]"}
RESULT: {"using":"xpath","value":"//input[@id=\"application-managesites-display-component---NewSite--addressDetailDetailsCalendar-inner\"]"}
COMMAND: POST /session/b0bce561eedd0ef2cd491e5795c56593/element/f.633F000A9FA1F61B5279087A5498CC04.d.ABFF5C0A001B74E50EA2378E2F9D4728.e.8060/clear - {}
RESULT: {}
COMMAND: POST /session/b0bce561eedd0ef2cd491e5795c56593/element/f.633F000A9FA1F61B5279087A5498CC04.d.ABFF5C0A001B74E50EA2378E2F9D4728.e.8060/value - {"text":"Unit"}
COMMAND: GET /session/b0bce561eedd0ef2cd491e5795c56593/screenshot - {}
RESULT: {"text":"Unit"}
COMMAND: GET /session/b0bce561eedd0ef2cd491e5795c56593/screenshot - {}
RESULT: {}
RESULT: {}
COMMAND: POST /session/b0bce561eedd0ef2cd491e5795c56593/actions - {"actions":[{"id":"action25","type":"key","parameters":{},"actions":[{"type":"keyDown","value":""},{"type":"pause","duration":10},{"type":"keyUp","value":""}]}]}
RESULT: {"actions":[{"id":"action25","type":"key","parameters":{},"actions":[{"type":"keyDown","value":""},{"type":"pause","duration":10},{"type":"keyUp","value":""}]}]}
COMMAND: POST /session/b0bce561eedd0ef2cd491e5795c56593/element - {"using":"xpath","value":"//input[@id=\"application-managesites-display-component---NewSite--addressDetailDetailsYard-inner\"]"}
COMMAND: GET /session/b0bce561eedd0ef2cd491e5795c56593/screenshot - {}
RESULT: {"using":"xpath","value":"//input[@id=\"application-managesites-display-component---NewSite--addressDetailDetailsYard-inner\"]"}
COMMAND: POST /session/b0bce561eedd0ef2cd491e5795c56593/element/f.633F000A9FA1F61B5279087A5498CC04.d.ABFF5C0A001B74E50EA2378E2F9D4728.e.8061/clear - {}
RESULT: {}
RESULT: {}
COMMAND: POST /session/b0bce561eedd0ef2cd491e5795c56593/element/f.633F000A9FA1F61B5279087A5498CC04.d.ABFF5C0A001B74E50EA2378E2F9D4728.e.8061/value - {"text":"617"}
COMMAND: GET /session/b0bce561eedd0ef2cd491e5795c56593/screenshot - {}
RESULT: {"text":"617"}
COMMAND: GET /session/b0bce561eedd0ef2cd491e5795c56593/screenshot - {}
RESULT: {}
RESULT: {}
COMMAND: POST /session/b0bce561eedd0ef2cd491e5795c56593/element - {"using":"xpath","value":"//li[.//span[text()='617']]"}
RESULT: {"using":"xpath","value":"//li[.//span[text()='617']]"}
COMMAND: POST /session/b0bce561eedd0ef2cd491e5795c56593/element/f.633F000A9FA1F61B5279087A5498CC04.d.ABFF5C0A001B74E50EA2378E2F9D4728.e.8268/click - {}
RESULT: {}
COMMAND: GET /session/b0bce561eedd0ef2cd491e5795c56593/screenshot - {}
RESULT: {}
COMMAND: POST /session/b0bce561eedd0ef2cd491e5795c56593/element - {"using":"xpath","value":"//input[@id=\"application-managesites-display-component---NewSite--addressDetailDetailsPartner-inner\"]"}
RESULT: {"using":"xpath","value":"//input[@id=\"application-managesites-display-component---NewSite--addressDetailDetailsPartner-inner\"]"}
COMMAND: POST /session/b0bce561eedd0ef2cd491e5795c56593/element - {"using":"xpath","value":"//input[@id=\"application-managesites-display-component---NewSite--addressDetailDetailsPartner-inner\"]"}
RESULT: {"using":"xpath","value":"//input[@id=\"application-managesites-display-component---NewSite--addressDetailDetailsPartner-inner\"]"}
COMMAND: POST /session/b0bce561eedd0ef2cd491e5795c56593/element - {"using":"xpath","value":"//button[@data-kt=\"saveButton\"]"}
RESULT: {"using":"xpath","value":"//button[@data-kt=\"saveButton\"]"}
COMMAND: POST /session/b0bce561eedd0ef2cd491e5795c56593/element/f.633F000A9FA1F61B5279087A5498CC04.d.ABFF5C0A001B74E50EA2378E2F9D4728.e.8194/click - {}
RESULT: {}
COMMAND: GET /session/b0bce561eedd0ef2cd491e5795c56593/screenshot - {}
RESULT: {}
COMMAND: POST /session/b0bce561eedd0ef2cd491e5795c56593/element - {"using":"xpath","value":"//header[contains(@id, 'ObjectPageLayout-headerTitle')]/div[1]/div[2]/div[2]/span[1]"}
RESULT: {"using":"xpath","value":"//header[contains(@id, 'ObjectPageLayout-headerTitle')]/div[1]/div[2]/div[2]/span[1]"}
COMMAND: POST /session/b0bce561eedd0ef2cd491e5795c56593/elements - {"using":"xpath","value":"//header[contains(@id, 'ObjectPageLayout-headerTitle')]/div[1]/div[2]/div[2]/span[1]"}
RESULT: {"using":"xpath","value":"//header[contains(@id, 'ObjectPageLayout-headerTitle')]/div[1]/div[2]/div[2]/span[1]"}
COMMAND: POST /session/b0bce561eedd0ef2cd491e5795c56593/execute/sync - {"script":"<script> [56 bytes]","args":[{"element-6066-11e4-a52e-4f735466cecf":"f.633F000A9FA1F61B5279087A5498CC04.d.ABFF5C0A001B74E50EA2378E2F9D4728.e.8472","ELEMENT":"f.633F000A9FA1F61B5279087A5498CC04.d.ABFF5C0A001B74E50EA2378E2F9D4728.e.8472"}]}
RESULT: {"script":"<script> [56 bytes]","args":[{"element-6066-11e4-a52e-4f735466cecf":"f.633F000A9FA1F61B5279087A5498CC04.d.ABFF5C0A001B74E50EA2378E2F9D4728.e.8472","ELEMENT":"f.633F000A9FA1F61B5279087A5498CC04.d.ABFF5C0A001B74E50EA2378E2F9D4728.e.8472"}]}
COMMAND: POST /session/b0bce561eedd0ef2cd491e5795c56593/element - {"using":"css selector","value":"#shell-header-logo"}
COMMAND: GET /session/b0bce561eedd0ef2cd491e5795c56593/screenshot - {}
RESULT: {"using":"css selector","value":"#shell-header-logo"}
COMMAND: POST /session/b0bce561eedd0ef2cd491e5795c56593/element/f.633F000A9FA1F61B5279087A5498CC04.d.ABFF5C0A001B74E50EA2378E2F9D4728.e.7769/click - {}
RESULT: {}
RESULT: {}
COMMAND: GET /session/b0bce561eedd0ef2cd491e5795c56593/screenshot - {}
RESULT: {}
COMMAND: POST /session/b0bce561eedd0ef2cd491e5795c56593/execute/sync - {"script":"<script> [299 bytes]","args":[["getModel","getResource"]]}
RESULT: {"script":"<script> [299 bytes]","args":[["getModel","getResource"]]}
COMMAND: POST /session/b0bce561eedd0ef2cd491e5795c56593/element - {"using":"xpath","value":"//button[.//bdi[contains(text(), \"Close\")]]"}
COMMAND: GET /session/b0bce561eedd0ef2cd491e5795c56593/screenshot - {}
RESULT: {"using":"xpath","value":"//button[.//bdi[contains(text(), \"Close\")]]"}
COMMAND: POST /session/b0bce561eedd0ef2cd491e5795c56593/element/f.633F000A9FA1F61B5279087A5498CC04.d.ABFF5C0A001B74E50EA2378E2F9D4728.e.8474/click - {}
RESULT: {}
RESULT: {}
COMMAND: GET /session/b0bce561eedd0ef2cd491e5795c56593/screenshot - {}
RESULT: {}
COMMAND: POST /session/b0bce561eedd0ef2cd491e5795c56593/refresh - {}
RESULT: {}
COMMAND: GET /session/b0bce561eedd0ef2cd491e5795c56593/screenshot - {}
RESULT: {}
COMMAND: POST /session/b0bce561eedd0ef2cd491e5795c56593/refresh - {}
RESULT: {}
COMMAND: GET /session/b0bce561eedd0ef2cd491e5795c56593/screenshot - {}
RESULT: {}
COMMAND: POST /session/b0bce561eedd0ef2cd491e5795c56593/window/fullscreen - {}
RESULT: {}
COMMAND: POST /session/b0bce561eedd0ef2cd491e5795c56593/execute/async - {"script":"<script> [189 bytes]","args":[]}
RESULT: {"script":"<script> [189 bytes]","args":[]}
COMMAND: POST /session/b0bce561eedd0ef2cd491e5795c56593/execute/async - {"script":"<script> [123 bytes]","args":[]}
RESULT: {"script":"<script> [123 bytes]","args":[]}
COMMAND: POST /session/b0bce561eedd0ef2cd491e5795c56593/timeouts - {"script":"<number>"}
RESULT: {"script":"<number>"}
COMMAND: GET /session/b0bce561eedd0ef2cd491e5795c56593/timeouts - {}
RESULT: {}
RESULT: undefined
COMMAND: POST /session/b0bce561eedd0ef2cd491e5795c56593/execute/async - {"script":"<script> [2676 bytes]","args":[]}
RESULT: {"script":"<script> [2676 bytes]","args":[]}
COMMAND: POST /session/b0bce561eedd0ef2cd491e5795c56593/execute/async - {"script":"<script> [2342 bytes]","args":[{"protocol":"http","hostname":"0.0.0.0","path":"/","capabilities":{"browserName":"chrome","goog:chromeOptions":{"binary":"C:\\Program Files\\Google\\Chrome\\Application\\chrome.exe","args":["--start-maximized"]}},"logLevel":"warn","connectionRetryTimeout":120000,"connectionRetryCount":3,"logLevels":{},"enableDirectConnect":true,"strictSSL":true,"_":"65 more keys: [\"cacheDir\",\"port\",\"requestedCapabilities\",\"automationProtocol\",\"baseUrl\",\"waitforInterval\",\"waitforTimeout\",\"onReload\",\"beforeCommand\",\"afterCommand\",\"rootDir\",\"specs\",\"suites\",\"exclude\",\"groupLogsByTestSpec\",\"excludeDriverLogs\",\"bail\",\"framework\",\"reporters\",\"services\",\"maxInstances\",\"maxInstancesPerCapability\",\"injectGlobals\",\"filesToWatch\",\"execArgv\",\"runnerEnv\",\"runner\",\"shard\",\"specFileRetries\",\"specFileRetriesDelay\",\"specFileRetriesDeferred\",\"reporterSyncInterval\",\"reporterSyncTimeout\",\"cucumberFeaturesWithLineNumbers\",\"autoCompileOpts\",\"mochaOpts\",\"jasmineOpts\",\"cucumberOpts\",\"onPrepare\",\"onWorkerStart\",\"onWorkerEnd\",\"before\",\"beforeSession\",\"beforeSuite\",\"beforeHook\",\"beforeTest\",\"afterTest\",\"afterHook\",\"afterSuite\",\"afterSession\",\"after\",\"onComplete\",\"beforeAssertion\",\"afterAssertion\",\"beforeFeature\",\"beforeScenario\",\"beforeStep\",\"afterStep\",\"afterScenario\",\"afterFeature\",\"_\",\"suite\",\"$0\",\"ignoredWorkerServices\",\"wdi5\"]"}]}
RESULT: {"script":"<script> [2342 bytes]","args":[{"protocol":"http","hostname":"0.0.0.0","path":"/","capabilities":{"browserName":"chrome","goog:chromeOptions":{"binary":"C:\\Program Files\\Google\\Chrome\\Application\\chrome.exe","args":["--start-maximized"]}},"logLevel":"warn","connectionRetryTimeout":120000,"connectionRetryCount":3,"logLevels":{},"enableDirectConnect":true,"strictSSL":true,"_":"65 more keys: [\"cacheDir\",\"port\",\"requestedCapabilities\",\"automationProtocol\",\"baseUrl\",\"waitforInterval\",\"waitforTimeout\",\"onReload\",\"beforeCommand\",\"afterCommand\",\"rootDir\",\"specs\",\"suites\",\"exclude\",\"groupLogsByTestSpec\",\"excludeDriverLogs\",\"bail\",\"framework\",\"reporters\",\"services\",\"maxInstances\",\"maxInstancesPerCapability\",\"injectGlobals\",\"filesToWatch\",\"execArgv\",\"runnerEnv\",\"runner\",\"shard\",\"specFileRetries\",\"specFileRetriesDelay\",\"specFileRetriesDeferred\",\"reporterSyncInterval\",\"reporterSyncTimeout\",\"cucumberFeaturesWithLineNumbers\",\"autoCompileOpts\",\"mochaOpts\",\"jasmineOpts\",\"cucumberOpts\",\"onPrepare\",\"onWorkerStart\",\"onWorkerEnd\",\"before\",\"beforeSession\",\"beforeSuite\",\"beforeHook\",\"beforeTest\",\"afterTest\",\"afterHook\",\"afterSuite\",\"afterSession\",\"after\",\"onComplete\",\"beforeAssertion\",\"afterAssertion\",\"beforeFeature\",\"beforeScenario\",\"beforeStep\",\"afterStep\",\"afterScenario\",\"afterFeature\",\"_\",\"suite\",\"$0\",\"ignoredWorkerServices\",\"wdi5\"]"}]}
COMMAND: POST /session/b0bce561eedd0ef2cd491e5795c56593/execute/async - {"script":"<script> [21126 bytes]","args":[35000]}
RESULT: {"script":"<script> [21126 bytes]","args":[35000]}
COMMAND: POST /session/b0bce561eedd0ef2cd491e5795c56593/window/fullscreen - {}
RESULT: {}
]]></system-out>
    </testcase>
    <testcase classname="chrome.135_0_7049_42.windows.Create_master_data_for_mixed_billing_&amp;_do_billing_calculation_US151661" name="Should create a new equipment and add a counter to it" time="169.549">
      <system-out><![CDATA[
COMMAND: POST /session/b0bce561eedd0ef2cd491e5795c56593/execute/async - {"script":"<script> [1562 bytes]","args":[{"selector":{"controlType":"sap.m.GenericTile","properties":{"header":"Manage Resources"}},"wdio_ui5_key":"sapm.GenericTile{\"header\":\"Manage Resources\"}"}]}
RESULT: {"script":"<script> [1562 bytes]","args":[{"selector":{"controlType":"sap.m.GenericTile","properties":{"header":"Manage Resources"}},"wdio_ui5_key":"sapm.GenericTile{\"header\":\"Manage Resources\"}"}]}
RESULT: undefined
COMMAND: POST /session/b0bce561eedd0ef2cd491e5795c56593/element - {"using":"xpath","value":"//*[@id=\"__tile31\"]"}
RESULT: {"using":"xpath","value":"//*[@id=\"__tile31\"]"}
COMMAND: POST /session/b0bce561eedd0ef2cd491e5795c56593/element/f.633F000A9FA1F61B5279087A5498CC04.d.FA4D3FE53C1499CFA67A857F1B4D64D9.e.8546/click - {}
RESULT: {}
COMMAND: POST /session/b0bce561eedd0ef2cd491e5795c56593/element - {"using":"xpath","value":"//button[@data-kt=\"addNewRUOverflowToolbarButton\"]"}
COMMAND: GET /session/b0bce561eedd0ef2cd491e5795c56593/screenshot - {}
RESULT: {"using":"xpath","value":"//button[@data-kt=\"addNewRUOverflowToolbarButton\"]"}
COMMAND: POST /session/b0bce561eedd0ef2cd491e5795c56593/elements - {"using":"xpath","value":"//button[@data-kt=\"addNewRUOverflowToolbarButton\"]"}
RESULT: {}
RESULT: {"using":"xpath","value":"//button[@data-kt=\"addNewRUOverflowToolbarButton\"]"}
COMMAND: POST /session/b0bce561eedd0ef2cd491e5795c56593/elements - {"using":"xpath","value":"//button[@data-kt=\"addNewRUOverflowToolbarButton\"]"}
RESULT: {"using":"xpath","value":"//button[@data-kt=\"addNewRUOverflowToolbarButton\"]"}
COMMAND: POST /session/b0bce561eedd0ef2cd491e5795c56593/elements - {"using":"xpath","value":"//button[@data-kt=\"addNewRUOverflowToolbarButton\"]"}
RESULT: {"using":"xpath","value":"//button[@data-kt=\"addNewRUOverflowToolbarButton\"]"}
COMMAND: POST /session/b0bce561eedd0ef2cd491e5795c56593/elements - {"using":"xpath","value":"//button[@data-kt=\"addNewRUOverflowToolbarButton\"]"}
RESULT: {"using":"xpath","value":"//button[@data-kt=\"addNewRUOverflowToolbarButton\"]"}
RESULT: undefined
RESULT: undefined
COMMAND: POST /session/b0bce561eedd0ef2cd491e5795c56593/elements - {"using":"xpath","value":"//button[@data-kt=\"addNewRUOverflowToolbarButton\"]"}
RESULT: {"using":"xpath","value":"//button[@data-kt=\"addNewRUOverflowToolbarButton\"]"}
COMMAND: POST /session/b0bce561eedd0ef2cd491e5795c56593/elements - {"using":"xpath","value":"//button[@data-kt=\"addNewRUOverflowToolbarButton\"]"}
RESULT: {"using":"xpath","value":"//button[@data-kt=\"addNewRUOverflowToolbarButton\"]"}
COMMAND: POST /session/b0bce561eedd0ef2cd491e5795c56593/elements - {"using":"xpath","value":"//button[@data-kt=\"addNewRUOverflowToolbarButton\"]"}
RESULT: {"using":"xpath","value":"//button[@data-kt=\"addNewRUOverflowToolbarButton\"]"}
COMMAND: POST /session/b0bce561eedd0ef2cd491e5795c56593/elements - {"using":"xpath","value":"//button[@data-kt=\"addNewRUOverflowToolbarButton\"]"}
RESULT: {"using":"xpath","value":"//button[@data-kt=\"addNewRUOverflowToolbarButton\"]"}
COMMAND: POST /session/b0bce561eedd0ef2cd491e5795c56593/elements - {"using":"xpath","value":"//button[@data-kt=\"addNewRUOverflowToolbarButton\"]"}
RESULT: {"using":"xpath","value":"//button[@data-kt=\"addNewRUOverflowToolbarButton\"]"}
COMMAND: POST /session/b0bce561eedd0ef2cd491e5795c56593/elements - {"using":"xpath","value":"//button[@data-kt=\"addNewRUOverflowToolbarButton\"]"}
RESULT: {"using":"xpath","value":"//button[@data-kt=\"addNewRUOverflowToolbarButton\"]"}
COMMAND: POST /session/b0bce561eedd0ef2cd491e5795c56593/elements - {"using":"xpath","value":"//button[@data-kt=\"addNewRUOverflowToolbarButton\"]"}
RESULT: {"using":"xpath","value":"//button[@data-kt=\"addNewRUOverflowToolbarButton\"]"}
COMMAND: POST /session/b0bce561eedd0ef2cd491e5795c56593/elements - {"using":"xpath","value":"//button[@data-kt=\"addNewRUOverflowToolbarButton\"]"}
RESULT: {"using":"xpath","value":"//button[@data-kt=\"addNewRUOverflowToolbarButton\"]"}
COMMAND: POST /session/b0bce561eedd0ef2cd491e5795c56593/elements - {"using":"xpath","value":"//button[@data-kt=\"addNewRUOverflowToolbarButton\"]"}
RESULT: {"using":"xpath","value":"//button[@data-kt=\"addNewRUOverflowToolbarButton\"]"}
COMMAND: POST /session/b0bce561eedd0ef2cd491e5795c56593/elements - {"using":"xpath","value":"//button[@data-kt=\"addNewRUOverflowToolbarButton\"]"}
RESULT: {"using":"xpath","value":"//button[@data-kt=\"addNewRUOverflowToolbarButton\"]"}
COMMAND: POST /session/b0bce561eedd0ef2cd491e5795c56593/elements - {"using":"xpath","value":"//button[@data-kt=\"addNewRUOverflowToolbarButton\"]"}
RESULT: {"using":"xpath","value":"//button[@data-kt=\"addNewRUOverflowToolbarButton\"]"}
COMMAND: POST /session/b0bce561eedd0ef2cd491e5795c56593/elements - {"using":"xpath","value":"//button[@data-kt=\"addNewRUOverflowToolbarButton\"]"}
RESULT: {"using":"xpath","value":"//button[@data-kt=\"addNewRUOverflowToolbarButton\"]"}
COMMAND: POST /session/b0bce561eedd0ef2cd491e5795c56593/elements - {"using":"xpath","value":"//button[@data-kt=\"addNewRUOverflowToolbarButton\"]"}
RESULT: {"using":"xpath","value":"//button[@data-kt=\"addNewRUOverflowToolbarButton\"]"}
COMMAND: POST /session/b0bce561eedd0ef2cd491e5795c56593/elements - {"using":"xpath","value":"//button[@data-kt=\"addNewRUOverflowToolbarButton\"]"}
RESULT: {"using":"xpath","value":"//button[@data-kt=\"addNewRUOverflowToolbarButton\"]"}
COMMAND: POST /session/b0bce561eedd0ef2cd491e5795c56593/elements - {"using":"xpath","value":"//button[@data-kt=\"addNewRUOverflowToolbarButton\"]"}
RESULT: {"using":"xpath","value":"//button[@data-kt=\"addNewRUOverflowToolbarButton\"]"}
COMMAND: POST /session/b0bce561eedd0ef2cd491e5795c56593/elements - {"using":"xpath","value":"//button[@data-kt=\"addNewRUOverflowToolbarButton\"]"}
RESULT: {"using":"xpath","value":"//button[@data-kt=\"addNewRUOverflowToolbarButton\"]"}
COMMAND: POST /session/b0bce561eedd0ef2cd491e5795c56593/elements - {"using":"xpath","value":"//button[@data-kt=\"addNewRUOverflowToolbarButton\"]"}
RESULT: {"using":"xpath","value":"//button[@data-kt=\"addNewRUOverflowToolbarButton\"]"}
COMMAND: POST /session/b0bce561eedd0ef2cd491e5795c56593/elements - {"using":"xpath","value":"//button[@data-kt=\"addNewRUOverflowToolbarButton\"]"}
RESULT: {"using":"xpath","value":"//button[@data-kt=\"addNewRUOverflowToolbarButton\"]"}
COMMAND: POST /session/b0bce561eedd0ef2cd491e5795c56593/elements - {"using":"xpath","value":"//button[@data-kt=\"addNewRUOverflowToolbarButton\"]"}
RESULT: {"using":"xpath","value":"//button[@data-kt=\"addNewRUOverflowToolbarButton\"]"}
COMMAND: POST /session/b0bce561eedd0ef2cd491e5795c56593/elements - {"using":"xpath","value":"//button[@data-kt=\"addNewRUOverflowToolbarButton\"]"}
RESULT: {"using":"xpath","value":"//button[@data-kt=\"addNewRUOverflowToolbarButton\"]"}
COMMAND: POST /session/b0bce561eedd0ef2cd491e5795c56593/elements - {"using":"xpath","value":"//button[@data-kt=\"addNewRUOverflowToolbarButton\"]"}
RESULT: {"using":"xpath","value":"//button[@data-kt=\"addNewRUOverflowToolbarButton\"]"}
COMMAND: POST /session/b0bce561eedd0ef2cd491e5795c56593/elements - {"using":"xpath","value":"//button[@data-kt=\"addNewRUOverflowToolbarButton\"]"}
RESULT: {"using":"xpath","value":"//button[@data-kt=\"addNewRUOverflowToolbarButton\"]"}
COMMAND: POST /session/b0bce561eedd0ef2cd491e5795c56593/elements - {"using":"xpath","value":"//button[@data-kt=\"addNewRUOverflowToolbarButton\"]"}
RESULT: {"using":"xpath","value":"//button[@data-kt=\"addNewRUOverflowToolbarButton\"]"}
COMMAND: POST /session/b0bce561eedd0ef2cd491e5795c56593/elements - {"using":"xpath","value":"//button[@data-kt=\"addNewRUOverflowToolbarButton\"]"}
RESULT: {"using":"xpath","value":"//button[@data-kt=\"addNewRUOverflowToolbarButton\"]"}
COMMAND: POST /session/b0bce561eedd0ef2cd491e5795c56593/elements - {"using":"xpath","value":"//button[@data-kt=\"addNewRUOverflowToolbarButton\"]"}
RESULT: {"using":"xpath","value":"//button[@data-kt=\"addNewRUOverflowToolbarButton\"]"}
COMMAND: POST /session/b0bce561eedd0ef2cd491e5795c56593/elements - {"using":"xpath","value":"//button[@data-kt=\"addNewRUOverflowToolbarButton\"]"}
RESULT: {"using":"xpath","value":"//button[@data-kt=\"addNewRUOverflowToolbarButton\"]"}
COMMAND: POST /session/b0bce561eedd0ef2cd491e5795c56593/elements - {"using":"xpath","value":"//button[@data-kt=\"addNewRUOverflowToolbarButton\"]"}
RESULT: {"using":"xpath","value":"//button[@data-kt=\"addNewRUOverflowToolbarButton\"]"}
COMMAND: POST /session/b0bce561eedd0ef2cd491e5795c56593/elements - {"using":"xpath","value":"//button[@data-kt=\"addNewRUOverflowToolbarButton\"]"}
RESULT: {"using":"xpath","value":"//button[@data-kt=\"addNewRUOverflowToolbarButton\"]"}
COMMAND: POST /session/b0bce561eedd0ef2cd491e5795c56593/elements - {"using":"xpath","value":"//button[@data-kt=\"addNewRUOverflowToolbarButton\"]"}
RESULT: {"using":"xpath","value":"//button[@data-kt=\"addNewRUOverflowToolbarButton\"]"}
COMMAND: POST /session/b0bce561eedd0ef2cd491e5795c56593/elements - {"using":"xpath","value":"//button[@data-kt=\"addNewRUOverflowToolbarButton\"]"}
RESULT: {"using":"xpath","value":"//button[@data-kt=\"addNewRUOverflowToolbarButton\"]"}
COMMAND: POST /session/b0bce561eedd0ef2cd491e5795c56593/elements - {"using":"xpath","value":"//button[@data-kt=\"addNewRUOverflowToolbarButton\"]"}
RESULT: {"using":"xpath","value":"//button[@data-kt=\"addNewRUOverflowToolbarButton\"]"}
COMMAND: POST /session/b0bce561eedd0ef2cd491e5795c56593/elements - {"using":"xpath","value":"//button[@data-kt=\"addNewRUOverflowToolbarButton\"]"}
RESULT: {"using":"xpath","value":"//button[@data-kt=\"addNewRUOverflowToolbarButton\"]"}
COMMAND: POST /session/b0bce561eedd0ef2cd491e5795c56593/elements - {"using":"xpath","value":"//button[@data-kt=\"addNewRUOverflowToolbarButton\"]"}
RESULT: {"using":"xpath","value":"//button[@data-kt=\"addNewRUOverflowToolbarButton\"]"}
COMMAND: POST /session/b0bce561eedd0ef2cd491e5795c56593/elements - {"using":"xpath","value":"//button[@data-kt=\"addNewRUOverflowToolbarButton\"]"}
RESULT: {"using":"xpath","value":"//button[@data-kt=\"addNewRUOverflowToolbarButton\"]"}
COMMAND: POST /session/b0bce561eedd0ef2cd491e5795c56593/elements - {"using":"xpath","value":"//button[@data-kt=\"addNewRUOverflowToolbarButton\"]"}
RESULT: {"using":"xpath","value":"//button[@data-kt=\"addNewRUOverflowToolbarButton\"]"}
COMMAND: POST /session/b0bce561eedd0ef2cd491e5795c56593/elements - {"using":"xpath","value":"//button[@data-kt=\"addNewRUOverflowToolbarButton\"]"}
RESULT: {"using":"xpath","value":"//button[@data-kt=\"addNewRUOverflowToolbarButton\"]"}
COMMAND: POST /session/b0bce561eedd0ef2cd491e5795c56593/elements - {"using":"xpath","value":"//button[@data-kt=\"addNewRUOverflowToolbarButton\"]"}
RESULT: {"using":"xpath","value":"//button[@data-kt=\"addNewRUOverflowToolbarButton\"]"}
COMMAND: POST /session/b0bce561eedd0ef2cd491e5795c56593/elements - {"using":"xpath","value":"//button[@data-kt=\"addNewRUOverflowToolbarButton\"]"}
RESULT: {"using":"xpath","value":"//button[@data-kt=\"addNewRUOverflowToolbarButton\"]"}
COMMAND: POST /session/b0bce561eedd0ef2cd491e5795c56593/elements - {"using":"xpath","value":"//button[@data-kt=\"addNewRUOverflowToolbarButton\"]"}
RESULT: {"using":"xpath","value":"//button[@data-kt=\"addNewRUOverflowToolbarButton\"]"}
COMMAND: POST /session/b0bce561eedd0ef2cd491e5795c56593/elements - {"using":"xpath","value":"//button[@data-kt=\"addNewRUOverflowToolbarButton\"]"}
RESULT: {"using":"xpath","value":"//button[@data-kt=\"addNewRUOverflowToolbarButton\"]"}
COMMAND: POST /session/b0bce561eedd0ef2cd491e5795c56593/elements - {"using":"xpath","value":"//button[@data-kt=\"addNewRUOverflowToolbarButton\"]"}
RESULT: {"using":"xpath","value":"//button[@data-kt=\"addNewRUOverflowToolbarButton\"]"}
COMMAND: POST /session/b0bce561eedd0ef2cd491e5795c56593/elements - {"using":"xpath","value":"//button[@data-kt=\"addNewRUOverflowToolbarButton\"]"}
RESULT: {"using":"xpath","value":"//button[@data-kt=\"addNewRUOverflowToolbarButton\"]"}
COMMAND: POST /session/b0bce561eedd0ef2cd491e5795c56593/elements - {"using":"xpath","value":"//button[@data-kt=\"addNewRUOverflowToolbarButton\"]"}
RESULT: {"using":"xpath","value":"//button[@data-kt=\"addNewRUOverflowToolbarButton\"]"}
COMMAND: POST /session/b0bce561eedd0ef2cd491e5795c56593/element - {"using":"xpath","value":"//button[@data-kt=\"addNewRUOverflowToolbarButton\"]"}
RESULT: {"using":"xpath","value":"//button[@data-kt=\"addNewRUOverflowToolbarButton\"]"}
COMMAND: POST /session/b0bce561eedd0ef2cd491e5795c56593/execute/sync - {"script":"<script> [8489 bytes]","args":[{"element-6066-11e4-a52e-4f735466cecf":"f.633F000A9FA1F61B5279087A5498CC04.d.FA4D3FE53C1499CFA67A857F1B4D64D9.e.8654","ELEMENT":"f.633F000A9FA1F61B5279087A5498CC04.d.FA4D3FE53C1499CFA67A857F1B4D64D9.e.8654"}]}
RESULT: {"script":"<script> [8489 bytes]","args":[{"element-6066-11e4-a52e-4f735466cecf":"f.633F000A9FA1F61B5279087A5498CC04.d.FA4D3FE53C1499CFA67A857F1B4D64D9.e.8654","ELEMENT":"f.633F000A9FA1F61B5279087A5498CC04.d.FA4D3FE53C1499CFA67A857F1B4D64D9.e.8654"}]}
COMMAND: GET /session/b0bce561eedd0ef2cd491e5795c56593/element/f.633F000A9FA1F61B5279087A5498CC04.d.FA4D3FE53C1499CFA67A857F1B4D64D9.e.8654/enabled - {}
COMMAND: GET /session/b0bce561eedd0ef2cd491e5795c56593/screenshot - {}
RESULT: {}
COMMAND: POST /session/b0bce561eedd0ef2cd491e5795c56593/execute/sync - {"script":"<script> [8489 bytes]","args":[{"element-6066-11e4-a52e-4f735466cecf":"f.633F000A9FA1F61B5279087A5498CC04.d.FA4D3FE53C1499CFA67A857F1B4D64D9.e.8654","ELEMENT":"f.633F000A9FA1F61B5279087A5498CC04.d.FA4D3FE53C1499CFA67A857F1B4D64D9.e.8654"}]}
COMMAND: GET /session/b0bce561eedd0ef2cd491e5795c56593/screenshot - {}
RESULT: {}
RESULT: {"script":"<script> [8489 bytes]","args":[{"element-6066-11e4-a52e-4f735466cecf":"f.633F000A9FA1F61B5279087A5498CC04.d.FA4D3FE53C1499CFA67A857F1B4D64D9.e.8654","ELEMENT":"f.633F000A9FA1F61B5279087A5498CC04.d.FA4D3FE53C1499CFA67A857F1B4D64D9.e.8654"}]}
COMMAND: POST /session/b0bce561eedd0ef2cd491e5795c56593/execute/sync - {"script":"<script> [5351 bytes]","args":[{"element-6066-11e4-a52e-4f735466cecf":"f.633F000A9FA1F61B5279087A5498CC04.d.FA4D3FE53C1499CFA67A857F1B4D64D9.e.8654","ELEMENT":"f.633F000A9FA1F61B5279087A5498CC04.d.FA4D3FE53C1499CFA67A857F1B4D64D9.e.8654"}]}
COMMAND: GET /session/b0bce561eedd0ef2cd491e5795c56593/screenshot - {}
RESULT: {}
RESULT: {"script":"<script> [5351 bytes]","args":[{"element-6066-11e4-a52e-4f735466cecf":"f.633F000A9FA1F61B5279087A5498CC04.d.FA4D3FE53C1499CFA67A857F1B4D64D9.e.8654","ELEMENT":"f.633F000A9FA1F61B5279087A5498CC04.d.FA4D3FE53C1499CFA67A857F1B4D64D9.e.8654"}]}
COMMAND: POST /session/b0bce561eedd0ef2cd491e5795c56593/element/f.633F000A9FA1F61B5279087A5498CC04.d.FA4D3FE53C1499CFA67A857F1B4D64D9.e.8654/click - {}
COMMAND: GET /session/b0bce561eedd0ef2cd491e5795c56593/screenshot - {}
RESULT: {}
RESULT: {}
COMMAND: GET /session/b0bce561eedd0ef2cd491e5795c56593/screenshot - {}
RESULT: {}
COMMAND: POST /session/b0bce561eedd0ef2cd491e5795c56593/execute/async - {"script":"<script> [1562 bytes]","args":[{"selector":{"id":"application-manageresources-display-component---newResourceUnit--TYPE-arrow"},"wdio_ui5_key":"applicationmanageresources-display-component---newResourceUnit--TYPE-arrow"}]}
RESULT: {}
RESULT: {"script":"<script> [1562 bytes]","args":[{"selector":{"id":"application-manageresources-display-component---newResourceUnit--TYPE-arrow"},"wdio_ui5_key":"applicationmanageresources-display-component---newResourceUnit--TYPE-arrow"}]}
RESULT: undefined
COMMAND: POST /session/b0bce561eedd0ef2cd491e5795c56593/element - {"using":"xpath","value":"//*[@id=\"application-manageresources-display-component---newResourceUnit--TYPE-arrow\"]"}
RESULT: {"using":"xpath","value":"//*[@id=\"application-manageresources-display-component---newResourceUnit--TYPE-arrow\"]"}
COMMAND: POST /session/b0bce561eedd0ef2cd491e5795c56593/element/f.633F000A9FA1F61B5279087A5498CC04.d.FA4D3FE53C1499CFA67A857F1B4D64D9.e.9012/click - {}
RESULT: {}
COMMAND: POST /session/b0bce561eedd0ef2cd491e5795c56593/element - {"using":"xpath","value":"//input[@id=\"application-manageresources-display-component---newResourceUnit--TYPE-inner\"]"}
COMMAND: GET /session/b0bce561eedd0ef2cd491e5795c56593/screenshot - {}
RESULT: {"using":"xpath","value":"//input[@id=\"application-manageresources-display-component---newResourceUnit--TYPE-inner\"]"}
COMMAND: POST /session/b0bce561eedd0ef2cd491e5795c56593/element/f.633F000A9FA1F61B5279087A5498CC04.d.FA4D3FE53C1499CFA67A857F1B4D64D9.e.9007/clear - {}
RESULT: {}
RESULT: {}
COMMAND: POST /session/b0bce561eedd0ef2cd491e5795c56593/element/f.633F000A9FA1F61B5279087A5498CC04.d.FA4D3FE53C1499CFA67A857F1B4D64D9.e.9007/value - {"text":"Equipment"}
COMMAND: GET /session/b0bce561eedd0ef2cd491e5795c56593/screenshot - {}
RESULT: {"text":"Equipment"}
COMMAND: GET /session/b0bce561eedd0ef2cd491e5795c56593/screenshot - {}
RESULT: {}
RESULT: {}
COMMAND: POST /session/b0bce561eedd0ef2cd491e5795c56593/actions - {"actions":[{"id":"action26","type":"key","parameters":{},"actions":[{"type":"keyDown","value":""},{"type":"pause","duration":10},{"type":"keyUp","value":""}]}]}
RESULT: {"actions":[{"id":"action26","type":"key","parameters":{},"actions":[{"type":"keyDown","value":""},{"type":"pause","duration":10},{"type":"keyUp","value":""}]}]}
COMMAND: POST /session/b0bce561eedd0ef2cd491e5795c56593/execute/async - {"script":"<script> [1562 bytes]","args":[{"selector":{"id":"application-manageresources-display-component---newResourceUnit--resourceId","interaction":{"idSuffix":"inner"}},"wdio_ui5_key":"applicationmanageresources-display-component---newResourceUnit--resourceId"}]}
COMMAND: GET /session/b0bce561eedd0ef2cd491e5795c56593/screenshot - {}
RESULT: {"script":"<script> [1562 bytes]","args":[{"selector":{"id":"application-manageresources-display-component---newResourceUnit--resourceId","interaction":{"idSuffix":"inner"}},"wdio_ui5_key":"applicationmanageresources-display-component---newResourceUnit--resourceId"}]}
RESULT: undefined
COMMAND: POST /session/b0bce561eedd0ef2cd491e5795c56593/execute/async - {"script":"<script> [776 bytes]","args":[{"enterText":"Ccvwx3px3L","selector":{"id":"application-manageresources-display-component---newResourceUnit--resourceId","interaction":{"idSuffix":"inner"}},"clearTextFirst":true,"interactionType":"ENTER_TEXT"}]}
RESULT: {}
RESULT: {"script":"<script> [776 bytes]","args":[{"enterText":"Ccvwx3px3L","selector":{"id":"application-manageresources-display-component---newResourceUnit--resourceId","interaction":{"idSuffix":"inner"}},"clearTextFirst":true,"interactionType":"ENTER_TEXT"}]}
COMMAND: POST /session/b0bce561eedd0ef2cd491e5795c56593/execute/async - {"script":"<script> [1562 bytes]","args":[{"selector":{"id":"application-manageresources-display-component---newResourceUnit--SHORT_TEXT","interaction":{"idSuffix":"inner"}},"wdio_ui5_key":"applicationmanageresources-display-component---newResourceUnit--SHORT_TEXT"}]}
RESULT: {"script":"<script> [1562 bytes]","args":[{"selector":{"id":"application-manageresources-display-component---newResourceUnit--SHORT_TEXT","interaction":{"idSuffix":"inner"}},"wdio_ui5_key":"applicationmanageresources-display-component---newResourceUnit--SHORT_TEXT"}]}
RESULT: undefined
COMMAND: POST /session/b0bce561eedd0ef2cd491e5795c56593/execute/async - {"script":"<script> [776 bytes]","args":[{"enterText":"Intercompany Equipment WDIO","selector":{"id":"application-manageresources-display-component---newResourceUnit--SHORT_TEXT","interaction":{"idSuffix":"inner"}},"clearTextFirst":true,"interactionType":"ENTER_TEXT"}]}
RESULT: {"script":"<script> [776 bytes]","args":[{"enterText":"Intercompany Equipment WDIO","selector":{"id":"application-manageresources-display-component---newResourceUnit--SHORT_TEXT","interaction":{"idSuffix":"inner"}},"clearTextFirst":true,"interactionType":"ENTER_TEXT"}]}
COMMAND: POST /session/b0bce561eedd0ef2cd491e5795c56593/execute/async - {"script":"<script> [1562 bytes]","args":[{"selector":{"id":"application-manageresources-display-component---newResourceUnit--BASE_UNIT_OF_MEASURE","interaction":{"idSuffix":"inner"}},"wdio_ui5_key":"applicationmanageresources-display-component---newResourceUnit--BASE_UNIT_OF_MEASURE"}]}
RESULT: {"script":"<script> [1562 bytes]","args":[{"selector":{"id":"application-manageresources-display-component---newResourceUnit--BASE_UNIT_OF_MEASURE","interaction":{"idSuffix":"inner"}},"wdio_ui5_key":"applicationmanageresources-display-component---newResourceUnit--BASE_UNIT_OF_MEASURE"}]}
RESULT: undefined
COMMAND: POST /session/b0bce561eedd0ef2cd491e5795c56593/execute/async - {"script":"<script> [776 bytes]","args":[{"enterText":"Piece","selector":{"id":"application-manageresources-display-component---newResourceUnit--BASE_UNIT_OF_MEASURE","interaction":{"idSuffix":"inner"}},"clearTextFirst":true,"interactionType":"ENTER_TEXT"}]}
RESULT: {"script":"<script> [776 bytes]","args":[{"enterText":"Piece","selector":{"id":"application-manageresources-display-component---newResourceUnit--BASE_UNIT_OF_MEASURE","interaction":{"idSuffix":"inner"}},"clearTextFirst":true,"interactionType":"ENTER_TEXT"}]}
COMMAND: POST /session/b0bce561eedd0ef2cd491e5795c56593/execute/async - {"script":"<script> [1562 bytes]","args":[{"selector":{"id":"application-manageresources-display-component---newResourceUnit--WEIGHT_UNIT","interaction":{"idSuffix":"inner"}},"wdio_ui5_key":"applicationmanageresources-display-component---newResourceUnit--WEIGHT_UNIT"}]}
RESULT: {"script":"<script> [1562 bytes]","args":[{"selector":{"id":"application-manageresources-display-component---newResourceUnit--WEIGHT_UNIT","interaction":{"idSuffix":"inner"}},"wdio_ui5_key":"applicationmanageresources-display-component---newResourceUnit--WEIGHT_UNIT"}]}
RESULT: undefined
COMMAND: POST /session/b0bce561eedd0ef2cd491e5795c56593/execute/async - {"script":"<script> [776 bytes]","args":[{"enterText":"Gram","selector":{"id":"application-manageresources-display-component---newResourceUnit--WEIGHT_UNIT","interaction":{"idSuffix":"inner"}},"clearTextFirst":true,"interactionType":"ENTER_TEXT"}]}
RESULT: {"script":"<script> [776 bytes]","args":[{"enterText":"Gram","selector":{"id":"application-manageresources-display-component---newResourceUnit--WEIGHT_UNIT","interaction":{"idSuffix":"inner"}},"clearTextFirst":true,"interactionType":"ENTER_TEXT"}]}
COMMAND: POST /session/b0bce561eedd0ef2cd491e5795c56593/execute/async - {"script":"<script> [1562 bytes]","args":[{"selector":{"id":"application-manageresources-display-component---newResourceUnit--DIMENSION_UNIT","interaction":{"idSuffix":"inner"}},"wdio_ui5_key":"applicationmanageresources-display-component---newResourceUnit--DIMENSION_UNIT"}]}
RESULT: {"script":"<script> [1562 bytes]","args":[{"selector":{"id":"application-manageresources-display-component---newResourceUnit--DIMENSION_UNIT","interaction":{"idSuffix":"inner"}},"wdio_ui5_key":"applicationmanageresources-display-component---newResourceUnit--DIMENSION_UNIT"}]}
RESULT: undefined
COMMAND: POST /session/b0bce561eedd0ef2cd491e5795c56593/execute/async - {"script":"<script> [776 bytes]","args":[{"enterText":"Meter","selector":{"id":"application-manageresources-display-component---newResourceUnit--DIMENSION_UNIT","interaction":{"idSuffix":"inner"}},"clearTextFirst":true,"interactionType":"ENTER_TEXT"}]}
RESULT: {"script":"<script> [776 bytes]","args":[{"enterText":"Meter","selector":{"id":"application-manageresources-display-component---newResourceUnit--DIMENSION_UNIT","interaction":{"idSuffix":"inner"}},"clearTextFirst":true,"interactionType":"ENTER_TEXT"}]}
COMMAND: POST /session/b0bce561eedd0ef2cd491e5795c56593/execute/async - {"script":"<script> [1562 bytes]","args":[{"selector":{"id":"application-manageresources-display-component---newResourceUnit--newRRUPage-anchBar-application-manageresources-display-component---newResourceUnit--control-anchor","interaction":{"idSuffix":"BDI-content"}},"wdio_ui5_key":"applicationmanageresources-display-component---newResourceUnit--newRRUPage-anchBar-application-manageresources-display-component---newResourceUnit--control-anchor"}]}
RESULT: {"script":"<script> [1562 bytes]","args":[{"selector":{"id":"application-manageresources-display-component---newResourceUnit--newRRUPage-anchBar-application-manageresources-display-component---newResourceUnit--control-anchor","interaction":{"idSuffix":"BDI-content"}},"wdio_ui5_key":"applicationmanageresources-display-component---newResourceUnit--newRRUPage-anchBar-application-manageresources-display-component---newResourceUnit--control-anchor"}]}
RESULT: undefined
COMMAND: POST /session/b0bce561eedd0ef2cd491e5795c56593/element - {"using":"xpath","value":"//*[@id=\"application-manageresources-display-component---newResourceUnit--newRRUPage-anchBar-application-manageresources-display-component---newResourceUnit--control-anchor\"]"}
RESULT: {"using":"xpath","value":"//*[@id=\"application-manageresources-display-component---newResourceUnit--newRRUPage-anchBar-application-manageresources-display-component---newResourceUnit--control-anchor\"]"}
COMMAND: POST /session/b0bce561eedd0ef2cd491e5795c56593/element/f.633F000A9FA1F61B5279087A5498CC04.d.FA4D3FE53C1499CFA67A857F1B4D64D9.e.9146/click - {}
RESULT: {}
COMMAND: POST /session/b0bce561eedd0ef2cd491e5795c56593/execute/async - {"script":"<script> [1562 bytes]","args":[{"selector":{"id":"application-manageresources-display-component---newResourceUnit--PLANNING_GROUP","interaction":{"idSuffix":"inner"}},"wdio_ui5_key":"applicationmanageresources-display-component---newResourceUnit--PLANNING_GROUP"}]}
COMMAND: GET /session/b0bce561eedd0ef2cd491e5795c56593/screenshot - {}
RESULT: {"script":"<script> [1562 bytes]","args":[{"selector":{"id":"application-manageresources-display-component---newResourceUnit--PLANNING_GROUP","interaction":{"idSuffix":"inner"}},"wdio_ui5_key":"applicationmanageresources-display-component---newResourceUnit--PLANNING_GROUP"}]}
RESULT: undefined
COMMAND: POST /session/b0bce561eedd0ef2cd491e5795c56593/execute/async - {"script":"<script> [776 bytes]","args":[{"enterText":"Heavy Equi","selector":{"id":"application-manageresources-display-component---newResourceUnit--PLANNING_GROUP","interaction":{"idSuffix":"inner"}},"clearTextFirst":true,"interactionType":"ENTER_TEXT"}]}
RESULT: {}
RESULT: {"script":"<script> [776 bytes]","args":[{"enterText":"Heavy Equi","selector":{"id":"application-manageresources-display-component---newResourceUnit--PLANNING_GROUP","interaction":{"idSuffix":"inner"}},"clearTextFirst":true,"interactionType":"ENTER_TEXT"}]}
COMMAND: POST /session/b0bce561eedd0ef2cd491e5795c56593/execute/async - {"script":"<script> [1562 bytes]","args":[{"selector":{"id":"application-manageresources-display-component---newResourceUnit--ITEM_TYPE-arrow"},"wdio_ui5_key":"applicationmanageresources-display-component---newResourceUnit--ITEM_TYPE-arrow"}]}
RESULT: {"script":"<script> [1562 bytes]","args":[{"selector":{"id":"application-manageresources-display-component---newResourceUnit--ITEM_TYPE-arrow"},"wdio_ui5_key":"applicationmanageresources-display-component---newResourceUnit--ITEM_TYPE-arrow"}]}
RESULT: undefined
COMMAND: POST /session/b0bce561eedd0ef2cd491e5795c56593/element - {"using":"xpath","value":"//*[@id=\"application-manageresources-display-component---newResourceUnit--ITEM_TYPE-arrow\"]"}
RESULT: {"using":"xpath","value":"//*[@id=\"application-manageresources-display-component---newResourceUnit--ITEM_TYPE-arrow\"]"}
COMMAND: POST /session/b0bce561eedd0ef2cd491e5795c56593/element/f.633F000A9FA1F61B5279087A5498CC04.d.FA4D3FE53C1499CFA67A857F1B4D64D9.e.9153/click - {}
RESULT: {}
COMMAND: POST /session/b0bce561eedd0ef2cd491e5795c56593/element - {"using":"xpath","value":"(//span[contains(text(), \"Resource Unit\")])[2]"}
COMMAND: GET /session/b0bce561eedd0ef2cd491e5795c56593/screenshot - {}
RESULT: {"using":"xpath","value":"(//span[contains(text(), \"Resource Unit\")])[2]"}
COMMAND: POST /session/b0bce561eedd0ef2cd491e5795c56593/element/f.633F000A9FA1F61B5279087A5498CC04.d.FA4D3FE53C1499CFA67A857F1B4D64D9.e.9154/click - {}
RESULT: {}
RESULT: {}
COMMAND: GET /session/b0bce561eedd0ef2cd491e5795c56593/screenshot - {}
RESULT: {}
COMMAND: POST /session/b0bce561eedd0ef2cd491e5795c56593/element - {"using":"css selector","value":"#application-manageresources-display-component---newResourceUnit--btnAddTimeSegment"}
RESULT: {"using":"css selector","value":"#application-manageresources-display-component---newResourceUnit--btnAddTimeSegment"}
COMMAND: GET /session/b0bce561eedd0ef2cd491e5795c56593/element/f.633F000A9FA1F61B5279087A5498CC04.d.FA4D3FE53C1499CFA67A857F1B4D64D9.e.9155/rect - {}
RESULT: {}
COMMAND: GET /session/b0bce561eedd0ef2cd491e5795c56593/window/rect - {}
RESULT: {}
COMMAND: POST /session/b0bce561eedd0ef2cd491e5795c56593/execute/sync - {"script":"<script> [92 bytes]","args":[]}
RESULT: {"script":"<script> [92 bytes]","args":[]}
COMMAND: POST /session/b0bce561eedd0ef2cd491e5795c56593/actions - {"actions":[{"id":"action27","type":"wheel","parameters":{},"actions":[{"type":"scroll","x":-1888,"y":-32,"deltaX":0,"deltaY":0,"duration":0,"origin":{"element-6066-11e4-a52e-4f735466cecf":"f.633F000A9FA1F61B5279087A5498CC04.d.FA4D3FE53C1499CFA67A857F1B4D64D9.e.9155"}}]}]}
COMMAND: GET /session/b0bce561eedd0ef2cd491e5795c56593/screenshot - {}
RESULT: {}
COMMAND: POST /session/b0bce561eedd0ef2cd491e5795c56593/execute/sync - {"script":"<script> [79 bytes]","args":[{"element-6066-11e4-a52e-4f735466cecf":"f.633F000A9FA1F61B5279087A5498CC04.d.FA4D3FE53C1499CFA67A857F1B4D64D9.e.9155","ELEMENT":"f.633F000A9FA1F61B5279087A5498CC04.d.FA4D3FE53C1499CFA67A857F1B4D64D9.e.9155"},{"block":"start","inline":"nearest"}]}
RESULT: {"script":"<script> [79 bytes]","args":[{"element-6066-11e4-a52e-4f735466cecf":"f.633F000A9FA1F61B5279087A5498CC04.d.FA4D3FE53C1499CFA67A857F1B4D64D9.e.9155","ELEMENT":"f.633F000A9FA1F61B5279087A5498CC04.d.FA4D3FE53C1499CFA67A857F1B4D64D9.e.9155"},{"block":"start","inline":"nearest"}]}
COMMAND: POST /session/b0bce561eedd0ef2cd491e5795c56593/execute/async - {"script":"<script> [1562 bytes]","args":[{"selector":{"id":"application-manageresources-display-component---newResourceUnit--btnAddTimeSegment","interaction":{"idSuffix":"inner"}},"wdio_ui5_key":"applicationmanageresources-display-component---newResourceUnit--btnAddTimeSegment"}]}
COMMAND: GET /session/b0bce561eedd0ef2cd491e5795c56593/screenshot - {}
RESULT: {"script":"<script> [1562 bytes]","args":[{"selector":{"id":"application-manageresources-display-component---newResourceUnit--btnAddTimeSegment","interaction":{"idSuffix":"inner"}},"wdio_ui5_key":"applicationmanageresources-display-component---newResourceUnit--btnAddTimeSegment"}]}
RESULT: undefined
COMMAND: POST /session/b0bce561eedd0ef2cd491e5795c56593/element - {"using":"xpath","value":"//*[@id=\"application-manageresources-display-component---newResourceUnit--btnAddTimeSegment\"]"}
RESULT: {}
RESULT: {"using":"xpath","value":"//*[@id=\"application-manageresources-display-component---newResourceUnit--btnAddTimeSegment\"]"}
COMMAND: POST /session/b0bce561eedd0ef2cd491e5795c56593/element/f.633F000A9FA1F61B5279087A5498CC04.d.FA4D3FE53C1499CFA67A857F1B4D64D9.e.9155/click - {}
RESULT: {}
COMMAND: GET /session/b0bce561eedd0ef2cd491e5795c56593/screenshot - {}
RESULT: {}
COMMAND: POST /session/b0bce561eedd0ef2cd491e5795c56593/element - {"using":"xpath","value":"//input[@id=\"application-manageresources-display-component---newResourceUnit--idRuTSAdmin-application-manageresources-display-component---newResourceUnit--RUTimeSegment-0-inner\"]"}
RESULT: {"using":"xpath","value":"//input[@id=\"application-manageresources-display-component---newResourceUnit--idRuTSAdmin-application-manageresources-display-component---newResourceUnit--RUTimeSegment-0-inner\"]"}
COMMAND: POST /session/b0bce561eedd0ef2cd491e5795c56593/element/f.633F000A9FA1F61B5279087A5498CC04.d.FA4D3FE53C1499CFA67A857F1B4D64D9.e.9161/clear - {}
RESULT: {}
COMMAND: POST /session/b0bce561eedd0ef2cd491e5795c56593/element/f.633F000A9FA1F61B5279087A5498CC04.d.FA4D3FE53C1499CFA67A857F1B4D64D9.e.9161/value - {"text":"617"}
COMMAND: GET /session/b0bce561eedd0ef2cd491e5795c56593/screenshot - {}
RESULT: {"text":"617"}
COMMAND: GET /session/b0bce561eedd0ef2cd491e5795c56593/screenshot - {}
RESULT: {}
RESULT: {}
COMMAND: POST /session/b0bce561eedd0ef2cd491e5795c56593/element - {"using":"xpath","value":"//li[.//span[text()='617']]"}
RESULT: {"using":"xpath","value":"//li[.//span[text()='617']]"}
COMMAND: POST /session/b0bce561eedd0ef2cd491e5795c56593/element/f.633F000A9FA1F61B5279087A5498CC04.d.FA4D3FE53C1499CFA67A857F1B4D64D9.e.9175/click - {}
RESULT: {}
COMMAND: GET /session/b0bce561eedd0ef2cd491e5795c56593/screenshot - {}
RESULT: {}
COMMAND: POST /session/b0bce561eedd0ef2cd491e5795c56593/element - {"using":"xpath","value":"(//span[contains(@id, \"-application-manageresources-display-component---newResourceUnit--RUTimeSegment-0-arrow\")])[6]"}
RESULT: {"using":"xpath","value":"(//span[contains(@id, \"-application-manageresources-display-component---newResourceUnit--RUTimeSegment-0-arrow\")])[6]"}
COMMAND: POST /session/b0bce561eedd0ef2cd491e5795c56593/element/f.633F000A9FA1F61B5279087A5498CC04.d.FA4D3FE53C1499CFA67A857F1B4D64D9.e.9176/click - {}
RESULT: {}
COMMAND: POST /session/b0bce561eedd0ef2cd491e5795c56593/element - {"using":"xpath","value":"//span[contains(text(), \"PM Order\")]"}
COMMAND: GET /session/b0bce561eedd0ef2cd491e5795c56593/screenshot - {}
RESULT: {"using":"xpath","value":"//span[contains(text(), \"PM Order\")]"}
COMMAND: POST /session/b0bce561eedd0ef2cd491e5795c56593/element/f.633F000A9FA1F61B5279087A5498CC04.d.FA4D3FE53C1499CFA67A857F1B4D64D9.e.9179/click - {}
RESULT: {}
RESULT: {}
COMMAND: GET /session/b0bce561eedd0ef2cd491e5795c56593/screenshot - {}
RESULT: {}
COMMAND: POST /session/b0bce561eedd0ef2cd491e5795c56593/element - {"using":"xpath","value":"(//span[contains(@id ,\"manageresources-display-component---newResourceUnit--RUTimeSegment-0-vhi\")])[2]"}
RESULT: {"using":"xpath","value":"(//span[contains(@id ,\"manageresources-display-component---newResourceUnit--RUTimeSegment-0-vhi\")])[2]"}
COMMAND: POST /session/b0bce561eedd0ef2cd491e5795c56593/element/f.633F000A9FA1F61B5279087A5498CC04.d.FA4D3FE53C1499CFA67A857F1B4D64D9.e.9182/click - {}
RESULT: {}
COMMAND: GET /session/b0bce561eedd0ef2cd491e5795c56593/screenshot - {}
RESULT: {}
COMMAND: POST /session/b0bce561eedd0ef2cd491e5795c56593/execute/async - {"script":"<script> [1562 bytes]","args":[{"selector":{"controlType":"sap.m.SearchField","properties":{"placeholder":"Search"},"searchOpenDialogs":true,"interaction":{"idSuffix":"I"}},"wdio_ui5_key":"sapm.SearchField{\"placeholder\":\"Search\"}"}]}
RESULT: {"script":"<script> [1562 bytes]","args":[{"selector":{"controlType":"sap.m.SearchField","properties":{"placeholder":"Search"},"searchOpenDialogs":true,"interaction":{"idSuffix":"I"}},"wdio_ui5_key":"sapm.SearchField{\"placeholder\":\"Search\"}"}]}
RESULT: undefined
COMMAND: POST /session/b0bce561eedd0ef2cd491e5795c56593/execute/async - {"script":"<script> [776 bytes]","args":[{"enterText":"4000360","selector":{"controlType":"sap.m.SearchField","properties":{"placeholder":"Search"},"searchOpenDialogs":true,"interaction":{"idSuffix":"I"}},"clearTextFirst":true,"interactionType":"ENTER_TEXT"}]}
RESULT: {"script":"<script> [776 bytes]","args":[{"enterText":"4000360","selector":{"controlType":"sap.m.SearchField","properties":{"placeholder":"Search"},"searchOpenDialogs":true,"interaction":{"idSuffix":"I"}},"clearTextFirst":true,"interactionType":"ENTER_TEXT"}]}
COMMAND: POST /session/b0bce561eedd0ef2cd491e5795c56593/actions - {"actions":[{"id":"action28","type":"key","parameters":{},"actions":[{"type":"keyDown","value":""},{"type":"pause","duration":10},{"type":"keyUp","value":""}]}]}
RESULT: {"actions":[{"id":"action28","type":"key","parameters":{},"actions":[{"type":"keyDown","value":""},{"type":"pause","duration":10},{"type":"keyUp","value":""}]}]}
COMMAND: GET /session/b0bce561eedd0ef2cd491e5795c56593/screenshot - {}
RESULT: {}
COMMAND: POST /session/b0bce561eedd0ef2cd491e5795c56593/element - {"using":"xpath","value":"//td/div/span[contains(text(), \"BGL Vehicles\")]"}
RESULT: {"using":"xpath","value":"//td/div/span[contains(text(), \"BGL Vehicles\")]"}
COMMAND: POST /session/b0bce561eedd0ef2cd491e5795c56593/element/f.633F000A9FA1F61B5279087A5498CC04.d.FA4D3FE53C1499CFA67A857F1B4D64D9.e.9201/click - {}
RESULT: {}
COMMAND: GET /session/b0bce561eedd0ef2cd491e5795c56593/screenshot - {}
RESULT: {}
COMMAND: POST /session/b0bce561eedd0ef2cd491e5795c56593/element - {"using":"xpath","value":"//bdi[contains(text(), \"OK\")]"}
RESULT: {"using":"xpath","value":"//bdi[contains(text(), \"OK\")]"}
COMMAND: POST /session/b0bce561eedd0ef2cd491e5795c56593/element/f.633F000A9FA1F61B5279087A5498CC04.d.FA4D3FE53C1499CFA67A857F1B4D64D9.e.9202/click - {}
RESULT: {}
COMMAND: GET /session/b0bce561eedd0ef2cd491e5795c56593/screenshot - {}
RESULT: {}
COMMAND: POST /session/b0bce561eedd0ef2cd491e5795c56593/execute/async - {"script":"<script> [1562 bytes]","args":[{"selector":{"id":"application-manageresources-display-component---newResourceUnit--newRRUPage-anchBar-application-manageresources-display-component---newResourceUnit--resource-anchor","interaction":{"idSuffix":"BDI-content"}},"wdio_ui5_key":"applicationmanageresources-display-component---newResourceUnit--newRRUPage-anchBar-application-manageresources-display-component---newResourceUnit--resource-anchor"}]}
RESULT: {"script":"<script> [1562 bytes]","args":[{"selector":{"id":"application-manageresources-display-component---newResourceUnit--newRRUPage-anchBar-application-manageresources-display-component---newResourceUnit--resource-anchor","interaction":{"idSuffix":"BDI-content"}},"wdio_ui5_key":"applicationmanageresources-display-component---newResourceUnit--newRRUPage-anchBar-application-manageresources-display-component---newResourceUnit--resource-anchor"}]}
RESULT: undefined
COMMAND: POST /session/b0bce561eedd0ef2cd491e5795c56593/element - {"using":"xpath","value":"//*[@id=\"application-manageresources-display-component---newResourceUnit--newRRUPage-anchBar-application-manageresources-display-component---newResourceUnit--resource-anchor\"]"}
RESULT: {"using":"xpath","value":"//*[@id=\"application-manageresources-display-component---newResourceUnit--newRRUPage-anchBar-application-manageresources-display-component---newResourceUnit--resource-anchor\"]"}
COMMAND: POST /session/b0bce561eedd0ef2cd491e5795c56593/element/f.633F000A9FA1F61B5279087A5498CC04.d.FA4D3FE53C1499CFA67A857F1B4D64D9.e.9206/click - {}
RESULT: {}
COMMAND: POST /session/b0bce561eedd0ef2cd491e5795c56593/execute/async - {"script":"<script> [1562 bytes]","args":[{"selector":{"id":"application-manageresources-display-component---newResourceUnit--PLANNED_DELIVERY_DATE","interaction":{"idSuffix":"inner"}},"wdio_ui5_key":"applicationmanageresources-display-component---newResourceUnit--PLANNED_DELIVERY_DATE"}]}
COMMAND: GET /session/b0bce561eedd0ef2cd491e5795c56593/screenshot - {}
RESULT: {"script":"<script> [1562 bytes]","args":[{"selector":{"id":"application-manageresources-display-component---newResourceUnit--PLANNED_DELIVERY_DATE","interaction":{"idSuffix":"inner"}},"wdio_ui5_key":"applicationmanageresources-display-component---newResourceUnit--PLANNED_DELIVERY_DATE"}]}
RESULT: undefined
COMMAND: POST /session/b0bce561eedd0ef2cd491e5795c56593/execute/async - {"script":"<script> [6424 bytes]","args":[{"element-6066-11e4-a52e-4f735466cecf":"f.633F000A9FA1F61B5279087A5498CC04.d.FA4D3FE53C1499CFA67A857F1B4D64D9.e.9068"},"setValue",["4/20/25"]]}
RESULT: {}
RESULT: {"script":"<script> [6424 bytes]","args":[{"element-6066-11e4-a52e-4f735466cecf":"f.633F000A9FA1F61B5279087A5498CC04.d.FA4D3FE53C1499CFA67A857F1B4D64D9.e.9068"},"setValue",["4/20/25"]]}
COMMAND: POST /session/b0bce561eedd0ef2cd491e5795c56593/element - {"using":"xpath","value":"//button[@data-kt=\"resourceUnitSaveButton\"]"}
RESULT: {"using":"xpath","value":"//button[@data-kt=\"resourceUnitSaveButton\"]"}
COMMAND: POST /session/b0bce561eedd0ef2cd491e5795c56593/element/f.633F000A9FA1F61B5279087A5498CC04.d.FA4D3FE53C1499CFA67A857F1B4D64D9.e.9028/click - {}
RESULT: {}
COMMAND: GET /session/b0bce561eedd0ef2cd491e5795c56593/screenshot - {}
RESULT: {}
COMMAND: POST /session/b0bce561eedd0ef2cd491e5795c56593/element - {"using":"xpath","value":"//bdi[contains(text(), \"Close\")]"}
RESULT: {"using":"xpath","value":"//bdi[contains(text(), \"Close\")]"}
COMMAND: POST /session/b0bce561eedd0ef2cd491e5795c56593/element/f.633F000A9FA1F61B5279087A5498CC04.d.FA4D3FE53C1499CFA67A857F1B4D64D9.e.9214/click - {}
RESULT: {}
COMMAND: GET /session/b0bce561eedd0ef2cd491e5795c56593/screenshot - {}
RESULT: {}
COMMAND: POST /session/b0bce561eedd0ef2cd491e5795c56593/element - {"using":"xpath","value":"//bdi[contains(text(), \"Edit\")]"}
RESULT: {"using":"xpath","value":"//bdi[contains(text(), \"Edit\")]"}
COMMAND: POST /session/b0bce561eedd0ef2cd491e5795c56593/execute/sync - {"script":"<script> [8489 bytes]","args":[{"element-6066-11e4-a52e-4f735466cecf":"f.633F000A9FA1F61B5279087A5498CC04.d.FA4D3FE53C1499CFA67A857F1B4D64D9.e.9271","ELEMENT":"f.633F000A9FA1F61B5279087A5498CC04.d.FA4D3FE53C1499CFA67A857F1B4D64D9.e.9271"}]}
RESULT: {"script":"<script> [8489 bytes]","args":[{"element-6066-11e4-a52e-4f735466cecf":"f.633F000A9FA1F61B5279087A5498CC04.d.FA4D3FE53C1499CFA67A857F1B4D64D9.e.9271","ELEMENT":"f.633F000A9FA1F61B5279087A5498CC04.d.FA4D3FE53C1499CFA67A857F1B4D64D9.e.9271"}]}
COMMAND: POST /session/b0bce561eedd0ef2cd491e5795c56593/element/f.633F000A9FA1F61B5279087A5498CC04.d.FA4D3FE53C1499CFA67A857F1B4D64D9.e.9271/click - {}
COMMAND: GET /session/b0bce561eedd0ef2cd491e5795c56593/screenshot - {}
RESULT: {}
COMMAND: GET /session/b0bce561eedd0ef2cd491e5795c56593/screenshot - {}
RESULT: {}
RESULT: {}
COMMAND: POST /session/b0bce561eedd0ef2cd491e5795c56593/execute/async - {"script":"<script> [1562 bytes]","args":[{"selector":{"id":"application-manageresources-display-component---editResource--editRruPage-anchBar-application-manageresources-display-component---editResource--counters-anchor","interaction":{"idSuffix":"BDI-content"}},"wdio_ui5_key":"applicationmanageresources-display-component---editResource--editRruPage-anchBar-application-manageresources-display-component---editResource--counters-anchor"}]}
RESULT: {"script":"<script> [1562 bytes]","args":[{"selector":{"id":"application-manageresources-display-component---editResource--editRruPage-anchBar-application-manageresources-display-component---editResource--counters-anchor","interaction":{"idSuffix":"BDI-content"}},"wdio_ui5_key":"applicationmanageresources-display-component---editResource--editRruPage-anchBar-application-manageresources-display-component---editResource--counters-anchor"}]}
RESULT: undefined
COMMAND: POST /session/b0bce561eedd0ef2cd491e5795c56593/element - {"using":"xpath","value":"//*[@id=\"application-manageresources-display-component---editResource--editRruPage-anchBar-application-manageresources-display-component---editResource--counters-anchor\"]"}
RESULT: {"using":"xpath","value":"//*[@id=\"application-manageresources-display-component---editResource--editRruPage-anchBar-application-manageresources-display-component---editResource--counters-anchor\"]"}
COMMAND: POST /session/b0bce561eedd0ef2cd491e5795c56593/element/f.633F000A9FA1F61B5279087A5498CC04.d.FA4D3FE53C1499CFA67A857F1B4D64D9.e.9384/click - {}
RESULT: {}
COMMAND: GET /session/b0bce561eedd0ef2cd491e5795c56593/screenshot - {}
RESULT: {}
COMMAND: POST /session/b0bce561eedd0ef2cd491e5795c56593/execute/async - {"script":"<script> [1562 bytes]","args":[{"selector":{"id":"application-manageresources-display-component---editResource--btnAddCounter-img"},"wdio_ui5_key":"applicationmanageresources-display-component---editResource--btnAddCounter-img"}]}
RESULT: {"script":"<script> [1562 bytes]","args":[{"selector":{"id":"application-manageresources-display-component---editResource--btnAddCounter-img"},"wdio_ui5_key":"applicationmanageresources-display-component---editResource--btnAddCounter-img"}]}
RESULT: undefined
COMMAND: POST /session/b0bce561eedd0ef2cd491e5795c56593/element - {"using":"xpath","value":"//*[@id=\"application-manageresources-display-component---editResource--btnAddCounter-img\"]"}
RESULT: {"using":"xpath","value":"//*[@id=\"application-manageresources-display-component---editResource--btnAddCounter-img\"]"}
COMMAND: POST /session/b0bce561eedd0ef2cd491e5795c56593/element/f.633F000A9FA1F61B5279087A5498CC04.d.FA4D3FE53C1499CFA67A857F1B4D64D9.e.9418/click - {}
RESULT: {}
COMMAND: POST /session/b0bce561eedd0ef2cd491e5795c56593/execute/async - {"script":"<script> [1562 bytes]","args":[{"selector":{"id":"application-manageresources-display-component---editResource--COUNTER_ID-application-manageresources-display-component---editResource--RUCounters-0-arrow"},"wdio_ui5_key":"applicationmanageresources-display-component---editResource--COUNTER_ID-application-manageresources-display-component---editResource--RUCounters-0-arrow"}]}
COMMAND: GET /session/b0bce561eedd0ef2cd491e5795c56593/screenshot - {}
RESULT: {"script":"<script> [1562 bytes]","args":[{"selector":{"id":"application-manageresources-display-component---editResource--COUNTER_ID-application-manageresources-display-component---editResource--RUCounters-0-arrow"},"wdio_ui5_key":"applicationmanageresources-display-component---editResource--COUNTER_ID-application-manageresources-display-component---editResource--RUCounters-0-arrow"}]}
RESULT: undefined
COMMAND: POST /session/b0bce561eedd0ef2cd491e5795c56593/element - {"using":"xpath","value":"//*[@id=\"application-manageresources-display-component---editResource--COUNTER_ID-application-manageresources-display-component---editResource--RUCounters-0-arrow\"]"}
RESULT: {}
RESULT: {"using":"xpath","value":"//*[@id=\"application-manageresources-display-component---editResource--COUNTER_ID-application-manageresources-display-component---editResource--RUCounters-0-arrow\"]"}
COMMAND: POST /session/b0bce561eedd0ef2cd491e5795c56593/element/f.633F000A9FA1F61B5279087A5498CC04.d.FA4D3FE53C1499CFA67A857F1B4D64D9.e.9423/click - {}
RESULT: {}
COMMAND: POST /session/b0bce561eedd0ef2cd491e5795c56593/execute/async - {"script":"<script> [1562 bytes]","args":[{"selector":{"controlType":"sap.m.StandardListItem","viewName":"etm.portal.ui.manageresources.view.EditResource","viewId":"application-manageresources-display-component---editResource","properties":{"title":"fuel"},"searchOpenDialogs":true,"interaction":{"idSuffix":"content"}},"wdio_ui5_key":"etmportal.ui.manageresources.view.EditResourcesap.m.StandardListItem{\"title\":\"fuel\"}"}]}
COMMAND: GET /session/b0bce561eedd0ef2cd491e5795c56593/screenshot - {}
RESULT: {"script":"<script> [1562 bytes]","args":[{"selector":{"controlType":"sap.m.StandardListItem","viewName":"etm.portal.ui.manageresources.view.EditResource","viewId":"application-manageresources-display-component---editResource","properties":{"title":"fuel"},"searchOpenDialogs":true,"interaction":{"idSuffix":"content"}},"wdio_ui5_key":"etmportal.ui.manageresources.view.EditResourcesap.m.StandardListItem{\"title\":\"fuel\"}"}]}
RESULT: undefined
COMMAND: POST /session/b0bce561eedd0ef2cd491e5795c56593/element - {"using":"xpath","value":"//*[@id=\"__item1189\"]"}
RESULT: {}
RESULT: {"using":"xpath","value":"//*[@id=\"__item1189\"]"}
COMMAND: POST /session/b0bce561eedd0ef2cd491e5795c56593/element/f.633F000A9FA1F61B5279087A5498CC04.d.FA4D3FE53C1499CFA67A857F1B4D64D9.e.9425/click - {}
RESULT: {}
COMMAND: GET /session/b0bce561eedd0ef2cd491e5795c56593/screenshot - {}
RESULT: {}
COMMAND: POST /session/b0bce561eedd0ef2cd491e5795c56593/element - {"using":"xpath","value":"//button[@data-kt=\"saveButton\"]"}
RESULT: {"using":"xpath","value":"//button[@data-kt=\"saveButton\"]"}
COMMAND: POST /session/b0bce561eedd0ef2cd491e5795c56593/element/f.633F000A9FA1F61B5279087A5498CC04.d.FA4D3FE53C1499CFA67A857F1B4D64D9.e.9426/click - {}
RESULT: {}
COMMAND: GET /session/b0bce561eedd0ef2cd491e5795c56593/screenshot - {}
RESULT: {}
COMMAND: POST /session/b0bce561eedd0ef2cd491e5795c56593/element - {"using":"xpath","value":"(//button[contains(@id ,\"actionsToolbar-overflowButton\")])[1]"}
RESULT: {"using":"xpath","value":"(//button[contains(@id ,\"actionsToolbar-overflowButton\")])[1]"}
COMMAND: POST /session/b0bce561eedd0ef2cd491e5795c56593/element/f.633F000A9FA1F61B5279087A5498CC04.d.FA4D3FE53C1499CFA67A857F1B4D64D9.e.9437/click - {}
RESULT: {}
COMMAND: GET /session/b0bce561eedd0ef2cd491e5795c56593/screenshot - {}
RESULT: {}
COMMAND: POST /session/b0bce561eedd0ef2cd491e5795c56593/element - {"using":"xpath","value":"//button[@data-kt=\"priceInfoButton\"]"}
RESULT: {"using":"xpath","value":"//button[@data-kt=\"priceInfoButton\"]"}
COMMAND: POST /session/b0bce561eedd0ef2cd491e5795c56593/element/f.633F000A9FA1F61B5279087A5498CC04.d.FA4D3FE53C1499CFA67A857F1B4D64D9.e.9439/click - {}
RESULT: {}
COMMAND: GET /session/b0bce561eedd0ef2cd491e5795c56593/screenshot - {}
]]></system-out>
    </testcase>
    <testcase classname="chrome.135_0_7049_42.windows.Create_master_data_for_mixed_billing_&amp;_do_billing_calculation_US151661" name="Should create a TB pricing procedure" time="58.08">
      <system-out><![CDATA[
COMMAND: POST /session/b0bce561eedd0ef2cd491e5795c56593/element - {"using":"xpath","value":"//button[@data-kt=\"addButton\"]"}
RESULT: {}
RESULT: {"using":"xpath","value":"//button[@data-kt=\"addButton\"]"}
COMMAND: POST /session/b0bce561eedd0ef2cd491e5795c56593/elements - {"using":"xpath","value":"//button[@data-kt=\"addButton\"]"}
RESULT: {"using":"xpath","value":"//button[@data-kt=\"addButton\"]"}
COMMAND: POST /session/b0bce561eedd0ef2cd491e5795c56593/execute/sync - {"script":"<script> [8489 bytes]","args":[{"element-6066-11e4-a52e-4f735466cecf":"f.633F000A9FA1F61B5279087A5498CC04.d.FA4D3FE53C1499CFA67A857F1B4D64D9.e.9476","ELEMENT":"f.633F000A9FA1F61B5279087A5498CC04.d.FA4D3FE53C1499CFA67A857F1B4D64D9.e.9476"}]}
RESULT: {"script":"<script> [8489 bytes]","args":[{"element-6066-11e4-a52e-4f735466cecf":"f.633F000A9FA1F61B5279087A5498CC04.d.FA4D3FE53C1499CFA67A857F1B4D64D9.e.9476","ELEMENT":"f.633F000A9FA1F61B5279087A5498CC04.d.FA4D3FE53C1499CFA67A857F1B4D64D9.e.9476"}]}
COMMAND: GET /session/b0bce561eedd0ef2cd491e5795c56593/element/f.633F000A9FA1F61B5279087A5498CC04.d.FA4D3FE53C1499CFA67A857F1B4D64D9.e.9476/enabled - {}
COMMAND: GET /session/b0bce561eedd0ef2cd491e5795c56593/screenshot - {}
RESULT: {}
COMMAND: POST /session/b0bce561eedd0ef2cd491e5795c56593/execute/sync - {"script":"<script> [8489 bytes]","args":[{"element-6066-11e4-a52e-4f735466cecf":"f.633F000A9FA1F61B5279087A5498CC04.d.FA4D3FE53C1499CFA67A857F1B4D64D9.e.9476","ELEMENT":"f.633F000A9FA1F61B5279087A5498CC04.d.FA4D3FE53C1499CFA67A857F1B4D64D9.e.9476"}]}
COMMAND: GET /session/b0bce561eedd0ef2cd491e5795c56593/screenshot - {}
RESULT: {}
RESULT: {"script":"<script> [8489 bytes]","args":[{"element-6066-11e4-a52e-4f735466cecf":"f.633F000A9FA1F61B5279087A5498CC04.d.FA4D3FE53C1499CFA67A857F1B4D64D9.e.9476","ELEMENT":"f.633F000A9FA1F61B5279087A5498CC04.d.FA4D3FE53C1499CFA67A857F1B4D64D9.e.9476"}]}
COMMAND: POST /session/b0bce561eedd0ef2cd491e5795c56593/execute/sync - {"script":"<script> [5351 bytes]","args":[{"element-6066-11e4-a52e-4f735466cecf":"f.633F000A9FA1F61B5279087A5498CC04.d.FA4D3FE53C1499CFA67A857F1B4D64D9.e.9476","ELEMENT":"f.633F000A9FA1F61B5279087A5498CC04.d.FA4D3FE53C1499CFA67A857F1B4D64D9.e.9476"}]}
COMMAND: GET /session/b0bce561eedd0ef2cd491e5795c56593/screenshot - {}
RESULT: {}
RESULT: {"script":"<script> [5351 bytes]","args":[{"element-6066-11e4-a52e-4f735466cecf":"f.633F000A9FA1F61B5279087A5498CC04.d.FA4D3FE53C1499CFA67A857F1B4D64D9.e.9476","ELEMENT":"f.633F000A9FA1F61B5279087A5498CC04.d.FA4D3FE53C1499CFA67A857F1B4D64D9.e.9476"}]}
COMMAND: POST /session/b0bce561eedd0ef2cd491e5795c56593/element/f.633F000A9FA1F61B5279087A5498CC04.d.FA4D3FE53C1499CFA67A857F1B4D64D9.e.9476/click - {}
COMMAND: GET /session/b0bce561eedd0ef2cd491e5795c56593/screenshot - {}
RESULT: {}
RESULT: {}
COMMAND: GET /session/b0bce561eedd0ef2cd491e5795c56593/screenshot - {}
RESULT: {}
COMMAND: POST /session/b0bce561eedd0ef2cd491e5795c56593/execute/async - {"script":"<script> [1562 bytes]","args":[{"selector":{"controlType":"sap.m.Title","viewName":"etm.portal.ui.managepricingrules.view.NewItem","viewId":"application-managepricingrules-display-component---newInfoPriceItem","properties":{"text":"New Pricing Rules - Item Level"}},"wdio_ui5_key":"etmportal.ui.managepricingrules.view.NewItemsap.m.Title{\"text\":\"New Pricing Rules - Item Level\"}"}]}
RESULT: {}
RESULT: {"script":"<script> [1562 bytes]","args":[{"selector":{"controlType":"sap.m.Title","viewName":"etm.portal.ui.managepricingrules.view.NewItem","viewId":"application-managepricingrules-display-component---newInfoPriceItem","properties":{"text":"New Pricing Rules - Item Level"}},"wdio_ui5_key":"etmportal.ui.managepricingrules.view.NewItemsap.m.Title{\"text\":\"New Pricing Rules - Item Level\"}"}]}
RESULT: undefined
COMMAND: POST /session/b0bce561eedd0ef2cd491e5795c56593/execute/async - {"script":"<script> [6424 bytes]","args":[{"element-6066-11e4-a52e-4f735466cecf":"f.633F000A9FA1F61B5279087A5498CC04.d.FA4D3FE53C1499CFA67A857F1B4D64D9.e.9603"},"getText",[]]}
RESULT: {"script":"<script> [6424 bytes]","args":[{"element-6066-11e4-a52e-4f735466cecf":"f.633F000A9FA1F61B5279087A5498CC04.d.FA4D3FE53C1499CFA67A857F1B4D64D9.e.9603"},"getText",[]]}
COMMAND: POST /session/b0bce561eedd0ef2cd491e5795c56593/execute/async - {"script":"<script> [1562 bytes]","args":[{"selector":{"id":"application-managepricingrules-display-component---newInfoPriceItem--condValidTo","interaction":{"idSuffix":"inner"}},"wdio_ui5_key":"applicationmanagepricingrules-display-component---newInfoPriceItem--condValidTo"}]}
RESULT: {"script":"<script> [1562 bytes]","args":[{"selector":{"id":"application-managepricingrules-display-component---newInfoPriceItem--condValidTo","interaction":{"idSuffix":"inner"}},"wdio_ui5_key":"applicationmanagepricingrules-display-component---newInfoPriceItem--condValidTo"}]}
RESULT: undefined
COMMAND: POST /session/b0bce561eedd0ef2cd491e5795c56593/execute/async - {"script":"<script> [776 bytes]","args":[{"enterText":"12/20/25","selector":{"id":"application-managepricingrules-display-component---newInfoPriceItem--condValidTo","interaction":{"idSuffix":"inner"}},"clearTextFirst":true,"interactionType":"ENTER_TEXT"}]}
RESULT: {"script":"<script> [776 bytes]","args":[{"enterText":"12/20/25","selector":{"id":"application-managepricingrules-display-component---newInfoPriceItem--condValidTo","interaction":{"idSuffix":"inner"}},"clearTextFirst":true,"interactionType":"ENTER_TEXT"}]}
COMMAND: POST /session/b0bce561eedd0ef2cd491e5795c56593/execute/async - {"script":"<script> [1562 bytes]","args":[{"selector":{"id":"application-managepricingrules-display-component---newInfoPriceItem--billType-arrow"},"wdio_ui5_key":"applicationmanagepricingrules-display-component---newInfoPriceItem--billType-arrow"}]}
RESULT: {"script":"<script> [1562 bytes]","args":[{"selector":{"id":"application-managepricingrules-display-component---newInfoPriceItem--billType-arrow"},"wdio_ui5_key":"applicationmanagepricingrules-display-component---newInfoPriceItem--billType-arrow"}]}
RESULT: undefined
COMMAND: POST /session/b0bce561eedd0ef2cd491e5795c56593/element - {"using":"xpath","value":"//*[@id=\"application-managepricingrules-display-component---newInfoPriceItem--billType-arrow\"]"}
RESULT: {"using":"xpath","value":"//*[@id=\"application-managepricingrules-display-component---newInfoPriceItem--billType-arrow\"]"}
COMMAND: POST /session/b0bce561eedd0ef2cd491e5795c56593/element/f.633F000A9FA1F61B5279087A5498CC04.d.FA4D3FE53C1499CFA67A857F1B4D64D9.e.9605/click - {}
RESULT: {}
COMMAND: POST /session/b0bce561eedd0ef2cd491e5795c56593/element - {"using":"xpath","value":"//span[contains(text(), \"TB - Time based\")]"}
COMMAND: GET /session/b0bce561eedd0ef2cd491e5795c56593/screenshot - {}
RESULT: {"using":"xpath","value":"//span[contains(text(), \"TB - Time based\")]"}
COMMAND: POST /session/b0bce561eedd0ef2cd491e5795c56593/element/f.633F000A9FA1F61B5279087A5498CC04.d.FA4D3FE53C1499CFA67A857F1B4D64D9.e.9606/click - {}
RESULT: {}
RESULT: {}
COMMAND: POST /session/b0bce561eedd0ef2cd491e5795c56593/execute/async - {"script":"<script> [1562 bytes]","args":[{"selector":{"id":"application-managepricingrules-display-component---newInfoPriceItem--priceProc-arrow"},"wdio_ui5_key":"applicationmanagepricingrules-display-component---newInfoPriceItem--priceProc-arrow"}]}
COMMAND: GET /session/b0bce561eedd0ef2cd491e5795c56593/screenshot - {}
RESULT: {"script":"<script> [1562 bytes]","args":[{"selector":{"id":"application-managepricingrules-display-component---newInfoPriceItem--priceProc-arrow"},"wdio_ui5_key":"applicationmanagepricingrules-display-component---newInfoPriceItem--priceProc-arrow"}]}
RESULT: undefined
COMMAND: POST /session/b0bce561eedd0ef2cd491e5795c56593/element - {"using":"xpath","value":"//*[@id=\"application-managepricingrules-display-component---newInfoPriceItem--priceProc-arrow\"]"}
RESULT: {}
RESULT: {"using":"xpath","value":"//*[@id=\"application-managepricingrules-display-component---newInfoPriceItem--priceProc-arrow\"]"}
COMMAND: POST /session/b0bce561eedd0ef2cd491e5795c56593/element/f.633F000A9FA1F61B5279087A5498CC04.d.FA4D3FE53C1499CFA67A857F1B4D64D9.e.9607/click - {}
RESULT: {}
COMMAND: POST /session/b0bce561eedd0ef2cd491e5795c56593/element - {"using":"xpath","value":"//span[contains(text(), \"TB - Time based BGL\")]"}
COMMAND: GET /session/b0bce561eedd0ef2cd491e5795c56593/screenshot - {}
RESULT: {"using":"xpath","value":"//span[contains(text(), \"TB - Time based BGL\")]"}
COMMAND: POST /session/b0bce561eedd0ef2cd491e5795c56593/element/f.633F000A9FA1F61B5279087A5498CC04.d.FA4D3FE53C1499CFA67A857F1B4D64D9.e.9608/click - {}
RESULT: {}
RESULT: {}
COMMAND: POST /session/b0bce561eedd0ef2cd491e5795c56593/execute/async - {"script":"<script> [1562 bytes]","args":[{"selector":{"id":"application-managepricingrules-display-component---newInfoPriceItem--calcBase-arrow"},"wdio_ui5_key":"applicationmanagepricingrules-display-component---newInfoPriceItem--calcBase-arrow"}]}
COMMAND: GET /session/b0bce561eedd0ef2cd491e5795c56593/screenshot - {}
RESULT: {"script":"<script> [1562 bytes]","args":[{"selector":{"id":"application-managepricingrules-display-component---newInfoPriceItem--calcBase-arrow"},"wdio_ui5_key":"applicationmanagepricingrules-display-component---newInfoPriceItem--calcBase-arrow"}]}
RESULT: undefined
COMMAND: POST /session/b0bce561eedd0ef2cd491e5795c56593/element - {"using":"xpath","value":"//*[@id=\"application-managepricingrules-display-component---newInfoPriceItem--calcBase-arrow\"]"}
RESULT: {}
RESULT: {"using":"xpath","value":"//*[@id=\"application-managepricingrules-display-component---newInfoPriceItem--calcBase-arrow\"]"}
COMMAND: POST /session/b0bce561eedd0ef2cd491e5795c56593/element/f.633F000A9FA1F61B5279087A5498CC04.d.FA4D3FE53C1499CFA67A857F1B4D64D9.e.9579/click - {}
RESULT: {}
COMMAND: GET /session/b0bce561eedd0ef2cd491e5795c56593/screenshot - {}
RESULT: {}
COMMAND: POST /session/b0bce561eedd0ef2cd491e5795c56593/element - {"using":"xpath","value":"//span[contains(text(), \"0006 - TB(calendar days)\")]"}
RESULT: {"using":"xpath","value":"//span[contains(text(), \"0006 - TB(calendar days)\")]"}
COMMAND: POST /session/b0bce561eedd0ef2cd491e5795c56593/element/f.633F000A9FA1F61B5279087A5498CC04.d.FA4D3FE53C1499CFA67A857F1B4D64D9.e.9609/click - {}
RESULT: {}
COMMAND: GET /session/b0bce561eedd0ef2cd491e5795c56593/screenshot - {}
RESULT: {}
COMMAND: POST /session/b0bce561eedd0ef2cd491e5795c56593/execute/async - {"script":"<script> [1562 bytes]","args":[{"selector":{"id":"application-managepricingrules-display-component---newInfoPriceItem--hoursMonth","interaction":{"idSuffix":"inner"}},"wdio_ui5_key":"applicationmanagepricingrules-display-component---newInfoPriceItem--hoursMonth"}]}
RESULT: {"script":"<script> [1562 bytes]","args":[{"selector":{"id":"application-managepricingrules-display-component---newInfoPriceItem--hoursMonth","interaction":{"idSuffix":"inner"}},"wdio_ui5_key":"applicationmanagepricingrules-display-component---newInfoPriceItem--hoursMonth"}]}
RESULT: undefined
COMMAND: POST /session/b0bce561eedd0ef2cd491e5795c56593/execute/async - {"script":"<script> [776 bytes]","args":[{"enterText":"160","selector":{"id":"application-managepricingrules-display-component---newInfoPriceItem--hoursMonth","interaction":{"idSuffix":"inner"}},"clearTextFirst":true,"interactionType":"ENTER_TEXT"}]}
RESULT: {"script":"<script> [776 bytes]","args":[{"enterText":"160","selector":{"id":"application-managepricingrules-display-component---newInfoPriceItem--hoursMonth","interaction":{"idSuffix":"inner"}},"clearTextFirst":true,"interactionType":"ENTER_TEXT"}]}
COMMAND: POST /session/b0bce561eedd0ef2cd491e5795c56593/execute/async - {"script":"<script> [1562 bytes]","args":[{"selector":{"id":"application-managepricingrules-display-component---newInfoPriceItem--daysMonth","interaction":{"idSuffix":"inner"}},"wdio_ui5_key":"applicationmanagepricingrules-display-component---newInfoPriceItem--daysMonth"}]}
RESULT: {"script":"<script> [1562 bytes]","args":[{"selector":{"id":"application-managepricingrules-display-component---newInfoPriceItem--daysMonth","interaction":{"idSuffix":"inner"}},"wdio_ui5_key":"applicationmanagepricingrules-display-component---newInfoPriceItem--daysMonth"}]}
RESULT: undefined
COMMAND: POST /session/b0bce561eedd0ef2cd491e5795c56593/execute/async - {"script":"<script> [776 bytes]","args":[{"enterText":"30","selector":{"id":"application-managepricingrules-display-component---newInfoPriceItem--daysMonth","interaction":{"idSuffix":"inner"}},"clearTextFirst":true,"interactionType":"ENTER_TEXT"}]}
RESULT: {"script":"<script> [776 bytes]","args":[{"enterText":"30","selector":{"id":"application-managepricingrules-display-component---newInfoPriceItem--daysMonth","interaction":{"idSuffix":"inner"}},"clearTextFirst":true,"interactionType":"ENTER_TEXT"}]}
COMMAND: POST /session/b0bce561eedd0ef2cd491e5795c56593/element - {"using":"xpath","value":"//button[@data-kt=\"saveNewRuleButton\"]"}
RESULT: {"using":"xpath","value":"//button[@data-kt=\"saveNewRuleButton\"]"}
COMMAND: POST /session/b0bce561eedd0ef2cd491e5795c56593/element/f.633F000A9FA1F61B5279087A5498CC04.d.FA4D3FE53C1499CFA67A857F1B4D64D9.e.9591/click - {}
RESULT: {}
COMMAND: GET /session/b0bce561eedd0ef2cd491e5795c56593/screenshot - {}
RESULT: {}
COMMAND: POST /session/b0bce561eedd0ef2cd491e5795c56593/execute/async - {"script":"<script> [1562 bytes]","args":[{"selector":{"id":"application-managepricingrules-display-component---priceInfoItem--smartFilterBar-btnBasicSearch","interaction":{"idSuffix":"I"}},"wdio_ui5_key":"applicationmanagepricingrules-display-component---priceInfoItem--smartFilterBar-btnBasicSearch"}]}
RESULT: {"script":"<script> [1562 bytes]","args":[{"selector":{"id":"application-managepricingrules-display-component---priceInfoItem--smartFilterBar-btnBasicSearch","interaction":{"idSuffix":"I"}},"wdio_ui5_key":"applicationmanagepricingrules-display-component---priceInfoItem--smartFilterBar-btnBasicSearch"}]}
RESULT: undefined
COMMAND: POST /session/b0bce561eedd0ef2cd491e5795c56593/execute/async - {"script":"<script> [776 bytes]","args":[{"enterText":"Ccvwx3px3L","selector":{"id":"application-managepricingrules-display-component---priceInfoItem--smartFilterBar-btnBasicSearch","interaction":{"idSuffix":"I"}},"clearTextFirst":true,"interactionType":"ENTER_TEXT"}]}
RESULT: {"script":"<script> [776 bytes]","args":[{"enterText":"Ccvwx3px3L","selector":{"id":"application-managepricingrules-display-component---priceInfoItem--smartFilterBar-btnBasicSearch","interaction":{"idSuffix":"I"}},"clearTextFirst":true,"interactionType":"ENTER_TEXT"}]}
COMMAND: POST /session/b0bce561eedd0ef2cd491e5795c56593/actions - {"actions":[{"id":"action29","type":"key","parameters":{},"actions":[{"type":"keyDown","value":""},{"type":"pause","duration":10},{"type":"keyUp","value":""}]}]}
RESULT: {"actions":[{"id":"action29","type":"key","parameters":{},"actions":[{"type":"keyDown","value":""},{"type":"pause","duration":10},{"type":"keyUp","value":""}]}]}
COMMAND: GET /session/b0bce561eedd0ef2cd491e5795c56593/screenshot - {}
RESULT: {}
COMMAND: POST /session/b0bce561eedd0ef2cd491e5795c56593/element - {"using":"xpath","value":"//span[@id=\"application-managepricingrules-display-component---priceInfoItem--smartTable-header-inner\"]"}
RESULT: {"using":"xpath","value":"//span[@id=\"application-managepricingrules-display-component---priceInfoItem--smartTable-header-inner\"]"}
COMMAND: POST /session/b0bce561eedd0ef2cd491e5795c56593/elements - {"using":"xpath","value":"//span[@id=\"application-managepricingrules-display-component---priceInfoItem--smartTable-header-inner\"]"}
RESULT: {"using":"xpath","value":"//span[@id=\"application-managepricingrules-display-component---priceInfoItem--smartTable-header-inner\"]"}
COMMAND: POST /session/b0bce561eedd0ef2cd491e5795c56593/execute/sync - {"script":"<script> [56 bytes]","args":[{"element-6066-11e4-a52e-4f735466cecf":"f.633F000A9FA1F61B5279087A5498CC04.d.FA4D3FE53C1499CFA67A857F1B4D64D9.e.9624","ELEMENT":"f.633F000A9FA1F61B5279087A5498CC04.d.FA4D3FE53C1499CFA67A857F1B4D64D9.e.9624"}]}
RESULT: {"script":"<script> [56 bytes]","args":[{"element-6066-11e4-a52e-4f735466cecf":"f.633F000A9FA1F61B5279087A5498CC04.d.FA4D3FE53C1499CFA67A857F1B4D64D9.e.9624","ELEMENT":"f.633F000A9FA1F61B5279087A5498CC04.d.FA4D3FE53C1499CFA67A857F1B4D64D9.e.9624"}]}
COMMAND: POST /session/b0bce561eedd0ef2cd491e5795c56593/element - {"using":"css selector","value":"#shell-header-logo"}
COMMAND: GET /session/b0bce561eedd0ef2cd491e5795c56593/screenshot - {}
RESULT: {"using":"css selector","value":"#shell-header-logo"}
COMMAND: POST /session/b0bce561eedd0ef2cd491e5795c56593/element/f.633F000A9FA1F61B5279087A5498CC04.d.FA4D3FE53C1499CFA67A857F1B4D64D9.e.8623/click - {}
RESULT: {}
RESULT: {}
COMMAND: GET /session/b0bce561eedd0ef2cd491e5795c56593/screenshot - {}
RESULT: {}
]]></system-out>
    </testcase>
    <testcase classname="chrome.135_0_7049_42.windows.Create_master_data_for_mixed_billing_&amp;_do_billing_calculation_US151661" name="Should add one time condition" time="78.306">
      <system-out><![CDATA[
COMMAND: POST /session/b0bce561eedd0ef2cd491e5795c56593/execute/async - {"script":"<script> [1562 bytes]","args":[{"selector":{"controlType":"sap.m.Text","properties":{"text":"Manage Conditions & Prices"},"interaction":{"idSuffix":"inner"}},"wdio_ui5_key":"sapm.Text{\"text\":\"Manage Conditions & Prices\"}"}]}
RESULT: {"script":"<script> [1562 bytes]","args":[{"selector":{"controlType":"sap.m.Text","properties":{"text":"Manage Conditions & Prices"},"interaction":{"idSuffix":"inner"}},"wdio_ui5_key":"sapm.Text{\"text\":\"Manage Conditions & Prices\"}"}]}
RESULT: undefined
COMMAND: POST /session/b0bce561eedd0ef2cd491e5795c56593/element - {"using":"xpath","value":"//*[@id=\"__tile93-title\"]"}
RESULT: {"using":"xpath","value":"//*[@id=\"__tile93-title\"]"}
COMMAND: POST /session/b0bce561eedd0ef2cd491e5795c56593/element/f.633F000A9FA1F61B5279087A5498CC04.d.FA4D3FE53C1499CFA67A857F1B4D64D9.e.9627/click - {}
RESULT: {}
COMMAND: POST /session/b0bce561eedd0ef2cd491e5795c56593/element - {"using":"xpath","value":"//button[@aria-label=\"Create\"]"}
COMMAND: GET /session/b0bce561eedd0ef2cd491e5795c56593/screenshot - {}
RESULT: {"using":"xpath","value":"//button[@aria-label=\"Create\"]"}
COMMAND: POST /session/b0bce561eedd0ef2cd491e5795c56593/elements - {"using":"xpath","value":"//button[@aria-label=\"Create\"]"}
RESULT: {}
RESULT: {"using":"xpath","value":"//button[@aria-label=\"Create\"]"}
COMMAND: POST /session/b0bce561eedd0ef2cd491e5795c56593/elements - {"using":"xpath","value":"//button[@aria-label=\"Create\"]"}
RESULT: {"using":"xpath","value":"//button[@aria-label=\"Create\"]"}
COMMAND: POST /session/b0bce561eedd0ef2cd491e5795c56593/elements - {"using":"xpath","value":"//button[@aria-label=\"Create\"]"}
RESULT: {"using":"xpath","value":"//button[@aria-label=\"Create\"]"}
COMMAND: POST /session/b0bce561eedd0ef2cd491e5795c56593/elements - {"using":"xpath","value":"//button[@aria-label=\"Create\"]"}
RESULT: {"using":"xpath","value":"//button[@aria-label=\"Create\"]"}
COMMAND: POST /session/b0bce561eedd0ef2cd491e5795c56593/elements - {"using":"xpath","value":"//button[@aria-label=\"Create\"]"}
RESULT: {"using":"xpath","value":"//button[@aria-label=\"Create\"]"}
COMMAND: POST /session/b0bce561eedd0ef2cd491e5795c56593/element - {"using":"xpath","value":"//button[@aria-label=\"Create\"]"}
RESULT: {"using":"xpath","value":"//button[@aria-label=\"Create\"]"}
COMMAND: POST /session/b0bce561eedd0ef2cd491e5795c56593/execute/sync - {"script":"<script> [8489 bytes]","args":[{"element-6066-11e4-a52e-4f735466cecf":"f.633F000A9FA1F61B5279087A5498CC04.d.FA4D3FE53C1499CFA67A857F1B4D64D9.e.9662","ELEMENT":"f.633F000A9FA1F61B5279087A5498CC04.d.FA4D3FE53C1499CFA67A857F1B4D64D9.e.9662"}]}
RESULT: {"script":"<script> [8489 bytes]","args":[{"element-6066-11e4-a52e-4f735466cecf":"f.633F000A9FA1F61B5279087A5498CC04.d.FA4D3FE53C1499CFA67A857F1B4D64D9.e.9662","ELEMENT":"f.633F000A9FA1F61B5279087A5498CC04.d.FA4D3FE53C1499CFA67A857F1B4D64D9.e.9662"}]}
COMMAND: GET /session/b0bce561eedd0ef2cd491e5795c56593/element/f.633F000A9FA1F61B5279087A5498CC04.d.FA4D3FE53C1499CFA67A857F1B4D64D9.e.9662/enabled - {}
COMMAND: GET /session/b0bce561eedd0ef2cd491e5795c56593/screenshot - {}
RESULT: {}
COMMAND: POST /session/b0bce561eedd0ef2cd491e5795c56593/execute/sync - {"script":"<script> [8489 bytes]","args":[{"element-6066-11e4-a52e-4f735466cecf":"f.633F000A9FA1F61B5279087A5498CC04.d.FA4D3FE53C1499CFA67A857F1B4D64D9.e.9662","ELEMENT":"f.633F000A9FA1F61B5279087A5498CC04.d.FA4D3FE53C1499CFA67A857F1B4D64D9.e.9662"}]}
COMMAND: GET /session/b0bce561eedd0ef2cd491e5795c56593/screenshot - {}
RESULT: {}
RESULT: {"script":"<script> [8489 bytes]","args":[{"element-6066-11e4-a52e-4f735466cecf":"f.633F000A9FA1F61B5279087A5498CC04.d.FA4D3FE53C1499CFA67A857F1B4D64D9.e.9662","ELEMENT":"f.633F000A9FA1F61B5279087A5498CC04.d.FA4D3FE53C1499CFA67A857F1B4D64D9.e.9662"}]}
COMMAND: POST /session/b0bce561eedd0ef2cd491e5795c56593/execute/sync - {"script":"<script> [5351 bytes]","args":[{"element-6066-11e4-a52e-4f735466cecf":"f.633F000A9FA1F61B5279087A5498CC04.d.FA4D3FE53C1499CFA67A857F1B4D64D9.e.9662","ELEMENT":"f.633F000A9FA1F61B5279087A5498CC04.d.FA4D3FE53C1499CFA67A857F1B4D64D9.e.9662"}]}
COMMAND: GET /session/b0bce561eedd0ef2cd491e5795c56593/screenshot - {}
RESULT: {}
RESULT: {"script":"<script> [5351 bytes]","args":[{"element-6066-11e4-a52e-4f735466cecf":"f.633F000A9FA1F61B5279087A5498CC04.d.FA4D3FE53C1499CFA67A857F1B4D64D9.e.9662","ELEMENT":"f.633F000A9FA1F61B5279087A5498CC04.d.FA4D3FE53C1499CFA67A857F1B4D64D9.e.9662"}]}
COMMAND: POST /session/b0bce561eedd0ef2cd491e5795c56593/element/f.633F000A9FA1F61B5279087A5498CC04.d.FA4D3FE53C1499CFA67A857F1B4D64D9.e.9662/click - {}
COMMAND: GET /session/b0bce561eedd0ef2cd491e5795c56593/screenshot - {}
RESULT: {}
RESULT: {}
COMMAND: GET /session/b0bce561eedd0ef2cd491e5795c56593/screenshot - {}
RESULT: {}
RESULT: {}
COMMAND: POST /session/b0bce561eedd0ef2cd491e5795c56593/actions - {"actions":[{"id":"action30","type":"key","parameters":{},"actions":[{"type":"keyDown","value":""},{"type":"pause","duration":10},{"type":"keyUp","value":""}]}]}
RESULT: {"actions":[{"id":"action30","type":"key","parameters":{},"actions":[{"type":"keyDown","value":""},{"type":"pause","duration":10},{"type":"keyUp","value":""}]}]}
COMMAND: GET /session/b0bce561eedd0ef2cd491e5795c56593/screenshot - {}
RESULT: {}
COMMAND: POST /session/b0bce561eedd0ef2cd491e5795c56593/execute/async - {"script":"<script> [1562 bytes]","args":[{"selector":{"id":"application-manageconditionprice-display-component---newCondition--condBillCond-arrow"},"wdio_ui5_key":"applicationmanageconditionprice-display-component---newCondition--condBillCond-arrow"}]}
RESULT: {"script":"<script> [1562 bytes]","args":[{"selector":{"id":"application-manageconditionprice-display-component---newCondition--condBillCond-arrow"},"wdio_ui5_key":"applicationmanageconditionprice-display-component---newCondition--condBillCond-arrow"}]}
RESULT: undefined
COMMAND: POST /session/b0bce561eedd0ef2cd491e5795c56593/element - {"using":"xpath","value":"//*[@id=\"application-manageconditionprice-display-component---newCondition--condBillCond-arrow\"]"}
RESULT: {"using":"xpath","value":"//*[@id=\"application-manageconditionprice-display-component---newCondition--condBillCond-arrow\"]"}
COMMAND: POST /session/b0bce561eedd0ef2cd491e5795c56593/element/f.633F000A9FA1F61B5279087A5498CC04.d.FA4D3FE53C1499CFA67A857F1B4D64D9.e.9839/click - {}
RESULT: {}
COMMAND: GET /session/b0bce561eedd0ef2cd491e5795c56593/screenshot - {}
RESULT: {}
COMMAND: POST /session/b0bce561eedd0ef2cd491e5795c56593/element - {"using":"xpath","value":"//li[.//span[contains(text(), \"SAPR - Sales price\")]]"}
RESULT: {"using":"xpath","value":"//li[.//span[contains(text(), \"SAPR - Sales price\")]]"}
COMMAND: POST /session/b0bce561eedd0ef2cd491e5795c56593/element/f.633F000A9FA1F61B5279087A5498CC04.d.FA4D3FE53C1499CFA67A857F1B4D64D9.e.9842/click - {}
RESULT: {}
COMMAND: GET /session/b0bce561eedd0ef2cd491e5795c56593/screenshot - {}
RESULT: {}
COMMAND: POST /session/b0bce561eedd0ef2cd491e5795c56593/execute/async - {"script":"<script> [1562 bytes]","args":[{"selector":{"id":"application-manageconditionprice-display-component---newCondition--condValidTo","interaction":{"idSuffix":"inner"}},"wdio_ui5_key":"applicationmanageconditionprice-display-component---newCondition--condValidTo"}]}
RESULT: {"script":"<script> [1562 bytes]","args":[{"selector":{"id":"application-manageconditionprice-display-component---newCondition--condValidTo","interaction":{"idSuffix":"inner"}},"wdio_ui5_key":"applicationmanageconditionprice-display-component---newCondition--condValidTo"}]}
RESULT: undefined
COMMAND: POST /session/b0bce561eedd0ef2cd491e5795c56593/execute/async - {"script":"<script> [776 bytes]","args":[{"enterText":"12/20/25","selector":{"id":"application-manageconditionprice-display-component---newCondition--condValidTo","interaction":{"idSuffix":"inner"}},"clearTextFirst":true,"interactionType":"ENTER_TEXT"}]}
RESULT: {"script":"<script> [776 bytes]","args":[{"enterText":"12/20/25","selector":{"id":"application-manageconditionprice-display-component---newCondition--condValidTo","interaction":{"idSuffix":"inner"}},"clearTextFirst":true,"interactionType":"ENTER_TEXT"}]}
COMMAND: POST /session/b0bce561eedd0ef2cd491e5795c56593/element - {"using":"xpath","value":"//input[@id=\"application-manageconditionprice-display-component---newCondition--condRU-inner\"]"}
RESULT: {"using":"xpath","value":"//input[@id=\"application-manageconditionprice-display-component---newCondition--condRU-inner\"]"}
COMMAND: POST /session/b0bce561eedd0ef2cd491e5795c56593/element/f.633F000A9FA1F61B5279087A5498CC04.d.FA4D3FE53C1499CFA67A857F1B4D64D9.e.9706/clear - {}
RESULT: {}
COMMAND: POST /session/b0bce561eedd0ef2cd491e5795c56593/element/f.633F000A9FA1F61B5279087A5498CC04.d.FA4D3FE53C1499CFA67A857F1B4D64D9.e.9706/value - {"text":"Ccvwx3px3L"}
COMMAND: GET /session/b0bce561eedd0ef2cd491e5795c56593/screenshot - {}
RESULT: {"text":"Ccvwx3px3L"}
COMMAND: GET /session/b0bce561eedd0ef2cd491e5795c56593/screenshot - {}
RESULT: {}
RESULT: {}
COMMAND: POST /session/b0bce561eedd0ef2cd491e5795c56593/actions - {"actions":[{"id":"action31","type":"key","parameters":{},"actions":[{"type":"keyDown","value":""},{"type":"pause","duration":10},{"type":"keyUp","value":""}]}]}
RESULT: {"actions":[{"id":"action31","type":"key","parameters":{},"actions":[{"type":"keyDown","value":""},{"type":"pause","duration":10},{"type":"keyUp","value":""}]}]}
COMMAND: POST /session/b0bce561eedd0ef2cd491e5795c56593/execute/async - {"script":"<script> [1562 bytes]","args":[{"selector":{"id":"application-manageconditionprice-display-component---newCondition--condBaseQty","interaction":{"idSuffix":"inner"}},"wdio_ui5_key":"applicationmanageconditionprice-display-component---newCondition--condBaseQty"}]}
COMMAND: GET /session/b0bce561eedd0ef2cd491e5795c56593/screenshot - {}
RESULT: {"script":"<script> [1562 bytes]","args":[{"selector":{"id":"application-manageconditionprice-display-component---newCondition--condBaseQty","interaction":{"idSuffix":"inner"}},"wdio_ui5_key":"applicationmanageconditionprice-display-component---newCondition--condBaseQty"}]}
RESULT: undefined
COMMAND: POST /session/b0bce561eedd0ef2cd491e5795c56593/execute/async - {"script":"<script> [776 bytes]","args":[{"enterText":"1","selector":{"id":"application-manageconditionprice-display-component---newCondition--condBaseQty","interaction":{"idSuffix":"inner"}},"clearTextFirst":true,"interactionType":"ENTER_TEXT"}]}
RESULT: {}
RESULT: {"script":"<script> [776 bytes]","args":[{"enterText":"1","selector":{"id":"application-manageconditionprice-display-component---newCondition--condBaseQty","interaction":{"idSuffix":"inner"}},"clearTextFirst":true,"interactionType":"ENTER_TEXT"}]}
COMMAND: POST /session/b0bce561eedd0ef2cd491e5795c56593/execute/async - {"script":"<script> [1562 bytes]","args":[{"selector":{"id":"application-manageconditionprice-display-component---newCondition--condValue","interaction":{"idSuffix":"inner"}},"wdio_ui5_key":"applicationmanageconditionprice-display-component---newCondition--condValue"}]}
RESULT: {"script":"<script> [1562 bytes]","args":[{"selector":{"id":"application-manageconditionprice-display-component---newCondition--condValue","interaction":{"idSuffix":"inner"}},"wdio_ui5_key":"applicationmanageconditionprice-display-component---newCondition--condValue"}]}
RESULT: undefined
COMMAND: POST /session/b0bce561eedd0ef2cd491e5795c56593/execute/async - {"script":"<script> [776 bytes]","args":[{"enterText":"200","selector":{"id":"application-manageconditionprice-display-component---newCondition--condValue","interaction":{"idSuffix":"inner"}},"clearTextFirst":true,"interactionType":"ENTER_TEXT"}]}
RESULT: {"script":"<script> [776 bytes]","args":[{"enterText":"200","selector":{"id":"application-manageconditionprice-display-component---newCondition--condValue","interaction":{"idSuffix":"inner"}},"clearTextFirst":true,"interactionType":"ENTER_TEXT"}]}
COMMAND: POST /session/b0bce561eedd0ef2cd491e5795c56593/execute/async - {"script":"<script> [1562 bytes]","args":[{"selector":{"id":"application-manageconditionprice-display-component---newCondition--condCurr-arrow"},"wdio_ui5_key":"applicationmanageconditionprice-display-component---newCondition--condCurr-arrow"}]}
RESULT: {"script":"<script> [1562 bytes]","args":[{"selector":{"id":"application-manageconditionprice-display-component---newCondition--condCurr-arrow"},"wdio_ui5_key":"applicationmanageconditionprice-display-component---newCondition--condCurr-arrow"}]}
RESULT: undefined
COMMAND: POST /session/b0bce561eedd0ef2cd491e5795c56593/element - {"using":"xpath","value":"//*[@id=\"application-manageconditionprice-display-component---newCondition--condCurr-arrow\"]"}
RESULT: {"using":"xpath","value":"//*[@id=\"application-manageconditionprice-display-component---newCondition--condCurr-arrow\"]"}
COMMAND: POST /session/b0bce561eedd0ef2cd491e5795c56593/element/f.633F000A9FA1F61B5279087A5498CC04.d.FA4D3FE53C1499CFA67A857F1B4D64D9.e.9808/click - {}
RESULT: {}
COMMAND: POST /session/b0bce561eedd0ef2cd491e5795c56593/element - {"using":"xpath","value":"//span[contains(text(), \"Euro\")]"}
COMMAND: GET /session/b0bce561eedd0ef2cd491e5795c56593/screenshot - {}
RESULT: {"using":"xpath","value":"//span[contains(text(), \"Euro\")]"}
COMMAND: POST /session/b0bce561eedd0ef2cd491e5795c56593/element/f.633F000A9FA1F61B5279087A5498CC04.d.FA4D3FE53C1499CFA67A857F1B4D64D9.e.9880/click - {}
RESULT: {}
RESULT: {}
COMMAND: POST /session/b0bce561eedd0ef2cd491e5795c56593/element - {"using":"xpath","value":"//button[@data-kt=\"saveButton\"]"}
COMMAND: GET /session/b0bce561eedd0ef2cd491e5795c56593/screenshot - {}
RESULT: {"using":"xpath","value":"//button[@data-kt=\"saveButton\"]"}
COMMAND: POST /session/b0bce561eedd0ef2cd491e5795c56593/element/f.633F000A9FA1F61B5279087A5498CC04.d.FA4D3FE53C1499CFA67A857F1B4D64D9.e.9809/click - {}
RESULT: {}
RESULT: {}
COMMAND: GET /session/b0bce561eedd0ef2cd491e5795c56593/screenshot - {}
RESULT: {}
COMMAND: POST /session/b0bce561eedd0ef2cd491e5795c56593/execute/async - {"script":"<script> [1562 bytes]","args":[{"selector":{"id":"application-manageconditionprice-display-component---conditions--smartFilterBar-btnBasicSearch","interaction":{"idSuffix":"I"}},"wdio_ui5_key":"applicationmanageconditionprice-display-component---conditions--smartFilterBar-btnBasicSearch"}]}
RESULT: {"script":"<script> [1562 bytes]","args":[{"selector":{"id":"application-manageconditionprice-display-component---conditions--smartFilterBar-btnBasicSearch","interaction":{"idSuffix":"I"}},"wdio_ui5_key":"applicationmanageconditionprice-display-component---conditions--smartFilterBar-btnBasicSearch"}]}
RESULT: undefined
COMMAND: POST /session/b0bce561eedd0ef2cd491e5795c56593/execute/async - {"script":"<script> [776 bytes]","args":[{"enterText":"Ccvwx3px3L","selector":{"id":"application-manageconditionprice-display-component---conditions--smartFilterBar-btnBasicSearch","interaction":{"idSuffix":"I"}},"clearTextFirst":true,"interactionType":"ENTER_TEXT"}]}
RESULT: {"script":"<script> [776 bytes]","args":[{"enterText":"Ccvwx3px3L","selector":{"id":"application-manageconditionprice-display-component---conditions--smartFilterBar-btnBasicSearch","interaction":{"idSuffix":"I"}},"clearTextFirst":true,"interactionType":"ENTER_TEXT"}]}
COMMAND: POST /session/b0bce561eedd0ef2cd491e5795c56593/actions - {"actions":[{"id":"action32","type":"key","parameters":{},"actions":[{"type":"keyDown","value":""},{"type":"pause","duration":10},{"type":"keyUp","value":""}]}]}
RESULT: {"actions":[{"id":"action32","type":"key","parameters":{},"actions":[{"type":"keyDown","value":""},{"type":"pause","duration":10},{"type":"keyUp","value":""}]}]}
COMMAND: GET /session/b0bce561eedd0ef2cd491e5795c56593/screenshot - {}
RESULT: {}
COMMAND: POST /session/b0bce561eedd0ef2cd491e5795c56593/execute/async - {"script":"<script> [1562 bytes]","args":[{"selector":{"id":"application-manageconditionprice-display-component---conditions--smartFilterBar-filterItemControl_BASIC-BILL_TYPES-vhi"},"wdio_ui5_key":"applicationmanageconditionprice-display-component---conditions--smartFilterBar-filterItemControl_BASIC-BILL_TYPES-vhi"}]}
RESULT: {"script":"<script> [1562 bytes]","args":[{"selector":{"id":"application-manageconditionprice-display-component---conditions--smartFilterBar-filterItemControl_BASIC-BILL_TYPES-vhi"},"wdio_ui5_key":"applicationmanageconditionprice-display-component---conditions--smartFilterBar-filterItemControl_BASIC-BILL_TYPES-vhi"}]}
RESULT: undefined
COMMAND: POST /session/b0bce561eedd0ef2cd491e5795c56593/element - {"using":"xpath","value":"//*[@id=\"application-manageconditionprice-display-component---conditions--smartFilterBar-filterItemControl_BASIC-BILL_TYPES-vhi\"]"}
RESULT: {"using":"xpath","value":"//*[@id=\"application-manageconditionprice-display-component---conditions--smartFilterBar-filterItemControl_BASIC-BILL_TYPES-vhi\"]"}
COMMAND: POST /session/b0bce561eedd0ef2cd491e5795c56593/element/f.633F000A9FA1F61B5279087A5498CC04.d.FA4D3FE53C1499CFA67A857F1B4D64D9.e.9988/click - {}
RESULT: {}
COMMAND: POST /session/b0bce561eedd0ef2cd491e5795c56593/execute/async - {"script":"<script> [1562 bytes]","args":[{"selector":{"id":"application-manageconditionprice-display-component---conditions--smartFilterBar-filterItemControl_BASIC-BILL_TYPES-valueHelpDialog-smartFilterBar-btnBasicSearch","searchOpenDialogs":true,"interaction":{"idSuffix":"I"}},"wdio_ui5_key":"applicationmanageconditionprice-display-component---conditions--smartFilterBar-filterItemControl_BASIC-BILL_TYPES-valueHelpDialog-smartFilterBar-btnBasicSearch"}]}
COMMAND: GET /session/b0bce561eedd0ef2cd491e5795c56593/screenshot - {}
RESULT: {"script":"<script> [1562 bytes]","args":[{"selector":{"id":"application-manageconditionprice-display-component---conditions--smartFilterBar-filterItemControl_BASIC-BILL_TYPES-valueHelpDialog-smartFilterBar-btnBasicSearch","searchOpenDialogs":true,"interaction":{"idSuffix":"I"}},"wdio_ui5_key":"applicationmanageconditionprice-display-component---conditions--smartFilterBar-filterItemControl_BASIC-BILL_TYPES-valueHelpDialog-smartFilterBar-btnBasicSearch"}]}
RESULT: undefined
COMMAND: POST /session/b0bce561eedd0ef2cd491e5795c56593/execute/async - {"script":"<script> [776 bytes]","args":[{"enterText":"one","selector":{"id":"application-manageconditionprice-display-component---conditions--smartFilterBar-filterItemControl_BASIC-BILL_TYPES-valueHelpDialog-smartFilterBar-btnBasicSearch","searchOpenDialogs":true,"interaction":{"idSuffix":"I"}},"clearTextFirst":true,"interactionType":"ENTER_TEXT"}]}
RESULT: {}
RESULT: {"script":"<script> [776 bytes]","args":[{"enterText":"one","selector":{"id":"application-manageconditionprice-display-component---conditions--smartFilterBar-filterItemControl_BASIC-BILL_TYPES-valueHelpDialog-smartFilterBar-btnBasicSearch","searchOpenDialogs":true,"interaction":{"idSuffix":"I"}},"clearTextFirst":true,"interactionType":"ENTER_TEXT"}]}
COMMAND: POST /session/b0bce561eedd0ef2cd491e5795c56593/actions - {"actions":[{"id":"action33","type":"key","parameters":{},"actions":[{"type":"keyDown","value":""},{"type":"pause","duration":10},{"type":"keyUp","value":""}]}]}
RESULT: {"actions":[{"id":"action33","type":"key","parameters":{},"actions":[{"type":"keyDown","value":""},{"type":"pause","duration":10},{"type":"keyUp","value":""}]}]}
COMMAND: GET /session/b0bce561eedd0ef2cd491e5795c56593/screenshot - {}
RESULT: {}
COMMAND: POST /session/b0bce561eedd0ef2cd491e5795c56593/element - {"using":"xpath","value":"//div[contains(@id, 'application-manageconditionprice-display-component---conditions--smartFilterBar-filterItemControl_BASIC-BILL_TYPES-valueHelpDialog-table-rowsel0')]"}
RESULT: {"using":"xpath","value":"//div[contains(@id, 'application-manageconditionprice-display-component---conditions--smartFilterBar-filterItemControl_BASIC-BILL_TYPES-valueHelpDialog-table-rowsel0')]"}
COMMAND: POST /session/b0bce561eedd0ef2cd491e5795c56593/element/f.633F000A9FA1F61B5279087A5498CC04.d.FA4D3FE53C1499CFA67A857F1B4D64D9.e.9997/click - {}
RESULT: {}
COMMAND: GET /session/b0bce561eedd0ef2cd491e5795c56593/screenshot - {}
RESULT: {}
COMMAND: POST /session/b0bce561eedd0ef2cd491e5795c56593/element - {"using":"xpath","value":"//bdi[contains(text(), \"OK\")]"}
RESULT: {"using":"xpath","value":"//bdi[contains(text(), \"OK\")]"}
COMMAND: POST /session/b0bce561eedd0ef2cd491e5795c56593/element/f.633F000A9FA1F61B5279087A5498CC04.d.FA4D3FE53C1499CFA67A857F1B4D64D9.e.9999/click - {}
RESULT: {}
COMMAND: GET /session/b0bce561eedd0ef2cd491e5795c56593/screenshot - {}
RESULT: {}
COMMAND: POST /session/b0bce561eedd0ef2cd491e5795c56593/element - {"using":"xpath","value":"//span[@id=\"application-manageconditionprice-display-component---conditions--smartTable-header-inner\"]"}
RESULT: {"using":"xpath","value":"//span[@id=\"application-manageconditionprice-display-component---conditions--smartTable-header-inner\"]"}
COMMAND: POST /session/b0bce561eedd0ef2cd491e5795c56593/elements - {"using":"xpath","value":"//span[@id=\"application-manageconditionprice-display-component---conditions--smartTable-header-inner\"]"}
RESULT: {"using":"xpath","value":"//span[@id=\"application-manageconditionprice-display-component---conditions--smartTable-header-inner\"]"}
COMMAND: POST /session/b0bce561eedd0ef2cd491e5795c56593/execute/sync - {"script":"<script> [56 bytes]","args":[{"element-6066-11e4-a52e-4f735466cecf":"f.633F000A9FA1F61B5279087A5498CC04.d.FA4D3FE53C1499CFA67A857F1B4D64D9.e.10002","ELEMENT":"f.633F000A9FA1F61B5279087A5498CC04.d.FA4D3FE53C1499CFA67A857F1B4D64D9.e.10002"}]}
RESULT: {"script":"<script> [56 bytes]","args":[{"element-6066-11e4-a52e-4f735466cecf":"f.633F000A9FA1F61B5279087A5498CC04.d.FA4D3FE53C1499CFA67A857F1B4D64D9.e.10002","ELEMENT":"f.633F000A9FA1F61B5279087A5498CC04.d.FA4D3FE53C1499CFA67A857F1B4D64D9.e.10002"}]}
COMMAND: POST /session/b0bce561eedd0ef2cd491e5795c56593/element - {"using":"css selector","value":"#shell-header-logo"}
COMMAND: GET /session/b0bce561eedd0ef2cd491e5795c56593/screenshot - {}
RESULT: {"using":"css selector","value":"#shell-header-logo"}
COMMAND: POST /session/b0bce561eedd0ef2cd491e5795c56593/element/f.633F000A9FA1F61B5279087A5498CC04.d.FA4D3FE53C1499CFA67A857F1B4D64D9.e.9629/click - {}
RESULT: {}
RESULT: {}
COMMAND: GET /session/b0bce561eedd0ef2cd491e5795c56593/screenshot - {}
RESULT: {}
]]></system-out>
    </testcase>
    <testcase classname="chrome.135_0_7049_42.windows.Create_master_data_for_mixed_billing_&amp;_do_billing_calculation_US151661" name="Should add performance based condition" time="76.681">
      <system-out><![CDATA[
RESULT: undefined
COMMAND: POST /session/b0bce561eedd0ef2cd491e5795c56593/element - {"using":"xpath","value":"//*[@id=\"__tile93-title\"]"}
RESULT: {"using":"xpath","value":"//*[@id=\"__tile93-title\"]"}
COMMAND: POST /session/b0bce561eedd0ef2cd491e5795c56593/element/f.633F000A9FA1F61B5279087A5498CC04.d.FA4D3FE53C1499CFA67A857F1B4D64D9.e.9627/click - {}
RESULT: {}
COMMAND: POST /session/b0bce561eedd0ef2cd491e5795c56593/element - {"using":"xpath","value":"//button[@aria-label=\"Create\"]"}
COMMAND: GET /session/b0bce561eedd0ef2cd491e5795c56593/screenshot - {}
RESULT: {}
RESULT: {"using":"xpath","value":"//button[@aria-label=\"Create\"]"}
COMMAND: POST /session/b0bce561eedd0ef2cd491e5795c56593/elements - {"using":"xpath","value":"//button[@aria-label=\"Create\"]"}
RESULT: {"using":"xpath","value":"//button[@aria-label=\"Create\"]"}
COMMAND: POST /session/b0bce561eedd0ef2cd491e5795c56593/execute/sync - {"script":"<script> [8489 bytes]","args":[{"element-6066-11e4-a52e-4f735466cecf":"f.633F000A9FA1F61B5279087A5498CC04.d.FA4D3FE53C1499CFA67A857F1B4D64D9.e.10043","ELEMENT":"f.633F000A9FA1F61B5279087A5498CC04.d.FA4D3FE53C1499CFA67A857F1B4D64D9.e.10043"}]}
RESULT: {"script":"<script> [8489 bytes]","args":[{"element-6066-11e4-a52e-4f735466cecf":"f.633F000A9FA1F61B5279087A5498CC04.d.FA4D3FE53C1499CFA67A857F1B4D64D9.e.10043","ELEMENT":"f.633F000A9FA1F61B5279087A5498CC04.d.FA4D3FE53C1499CFA67A857F1B4D64D9.e.10043"}]}
COMMAND: GET /session/b0bce561eedd0ef2cd491e5795c56593/element/f.633F000A9FA1F61B5279087A5498CC04.d.FA4D3FE53C1499CFA67A857F1B4D64D9.e.10043/enabled - {}
COMMAND: GET /session/b0bce561eedd0ef2cd491e5795c56593/screenshot - {}
RESULT: {}
COMMAND: POST /session/b0bce561eedd0ef2cd491e5795c56593/execute/sync - {"script":"<script> [8489 bytes]","args":[{"element-6066-11e4-a52e-4f735466cecf":"f.633F000A9FA1F61B5279087A5498CC04.d.FA4D3FE53C1499CFA67A857F1B4D64D9.e.10043","ELEMENT":"f.633F000A9FA1F61B5279087A5498CC04.d.FA4D3FE53C1499CFA67A857F1B4D64D9.e.10043"}]}
COMMAND: GET /session/b0bce561eedd0ef2cd491e5795c56593/screenshot - {}
RESULT: {}
RESULT: {"script":"<script> [8489 bytes]","args":[{"element-6066-11e4-a52e-4f735466cecf":"f.633F000A9FA1F61B5279087A5498CC04.d.FA4D3FE53C1499CFA67A857F1B4D64D9.e.10043","ELEMENT":"f.633F000A9FA1F61B5279087A5498CC04.d.FA4D3FE53C1499CFA67A857F1B4D64D9.e.10043"}]}
COMMAND: POST /session/b0bce561eedd0ef2cd491e5795c56593/execute/sync - {"script":"<script> [5351 bytes]","args":[{"element-6066-11e4-a52e-4f735466cecf":"f.633F000A9FA1F61B5279087A5498CC04.d.FA4D3FE53C1499CFA67A857F1B4D64D9.e.10043","ELEMENT":"f.633F000A9FA1F61B5279087A5498CC04.d.FA4D3FE53C1499CFA67A857F1B4D64D9.e.10043"}]}
COMMAND: GET /session/b0bce561eedd0ef2cd491e5795c56593/screenshot - {}
RESULT: {}
RESULT: {"script":"<script> [5351 bytes]","args":[{"element-6066-11e4-a52e-4f735466cecf":"f.633F000A9FA1F61B5279087A5498CC04.d.FA4D3FE53C1499CFA67A857F1B4D64D9.e.10043","ELEMENT":"f.633F000A9FA1F61B5279087A5498CC04.d.FA4D3FE53C1499CFA67A857F1B4D64D9.e.10043"}]}
COMMAND: POST /session/b0bce561eedd0ef2cd491e5795c56593/element/f.633F000A9FA1F61B5279087A5498CC04.d.FA4D3FE53C1499CFA67A857F1B4D64D9.e.10043/click - {}
COMMAND: GET /session/b0bce561eedd0ef2cd491e5795c56593/screenshot - {}
RESULT: {}
RESULT: {}
COMMAND: GET /session/b0bce561eedd0ef2cd491e5795c56593/screenshot - {}
RESULT: {}
RESULT: {}
COMMAND: POST /session/b0bce561eedd0ef2cd491e5795c56593/actions - {"actions":[{"id":"action34","type":"key","parameters":{},"actions":[{"type":"keyDown","value":""},{"type":"pause","duration":10},{"type":"keyUp","value":""}]}]}
RESULT: {"actions":[{"id":"action34","type":"key","parameters":{},"actions":[{"type":"keyDown","value":""},{"type":"pause","duration":10},{"type":"keyUp","value":""}]}]}
COMMAND: GET /session/b0bce561eedd0ef2cd491e5795c56593/screenshot - {}
RESULT: undefined
COMMAND: POST /session/b0bce561eedd0ef2cd491e5795c56593/element - {"using":"xpath","value":"//*[@id=\"application-manageconditionprice-display-component---newCondition--condBillCond-arrow\"]"}
RESULT: {}
RESULT: {"using":"xpath","value":"//*[@id=\"application-manageconditionprice-display-component---newCondition--condBillCond-arrow\"]"}
COMMAND: POST /session/b0bce561eedd0ef2cd491e5795c56593/element/f.633F000A9FA1F61B5279087A5498CC04.d.FA4D3FE53C1499CFA67A857F1B4D64D9.e.10512/click - {}
RESULT: {}
COMMAND: GET /session/b0bce561eedd0ef2cd491e5795c56593/screenshot - {}
RESULT: {}
COMMAND: POST /session/b0bce561eedd0ef2cd491e5795c56593/element - {"using":"xpath","value":"//li[.//span[contains(text(), \"PC06 - Performance Price - fuel\")]]"}
RESULT: {"using":"xpath","value":"//li[.//span[contains(text(), \"PC06 - Performance Price - fuel\")]]"}
COMMAND: POST /session/b0bce561eedd0ef2cd491e5795c56593/element/f.633F000A9FA1F61B5279087A5498CC04.d.FA4D3FE53C1499CFA67A857F1B4D64D9.e.10515/click - {}
RESULT: {}
COMMAND: GET /session/b0bce561eedd0ef2cd491e5795c56593/screenshot - {}
RESULT: {}
RESULT: undefined
COMMAND: POST /session/b0bce561eedd0ef2cd491e5795c56593/execute/async - {"script":"<script> [776 bytes]","args":[{"enterText":"12/20/25","selector":{"id":"application-manageconditionprice-display-component---newCondition--condValidTo","interaction":{"idSuffix":"inner"}},"clearTextFirst":true,"interactionType":"ENTER_TEXT"}]}
RESULT: {"script":"<script> [776 bytes]","args":[{"enterText":"12/20/25","selector":{"id":"application-manageconditionprice-display-component---newCondition--condValidTo","interaction":{"idSuffix":"inner"}},"clearTextFirst":true,"interactionType":"ENTER_TEXT"}]}
COMMAND: POST /session/b0bce561eedd0ef2cd491e5795c56593/element - {"using":"xpath","value":"//input[@id=\"application-manageconditionprice-display-component---newCondition--condRU-inner\"]"}
RESULT: {"using":"xpath","value":"//input[@id=\"application-manageconditionprice-display-component---newCondition--condRU-inner\"]"}
COMMAND: POST /session/b0bce561eedd0ef2cd491e5795c56593/element/f.633F000A9FA1F61B5279087A5498CC04.d.FA4D3FE53C1499CFA67A857F1B4D64D9.e.10243/clear - {}
RESULT: {}
COMMAND: POST /session/b0bce561eedd0ef2cd491e5795c56593/element/f.633F000A9FA1F61B5279087A5498CC04.d.FA4D3FE53C1499CFA67A857F1B4D64D9.e.10243/value - {"text":"Ccvwx3px3L"}
COMMAND: GET /session/b0bce561eedd0ef2cd491e5795c56593/screenshot - {}
RESULT: {"text":"Ccvwx3px3L"}
COMMAND: GET /session/b0bce561eedd0ef2cd491e5795c56593/screenshot - {}
RESULT: {}
RESULT: {}
COMMAND: POST /session/b0bce561eedd0ef2cd491e5795c56593/actions - {"actions":[{"id":"action35","type":"key","parameters":{},"actions":[{"type":"keyDown","value":""},{"type":"pause","duration":10},{"type":"keyUp","value":""}]}]}
RESULT: {"actions":[{"id":"action35","type":"key","parameters":{},"actions":[{"type":"keyDown","value":""},{"type":"pause","duration":10},{"type":"keyUp","value":""}]}]}
RESULT: undefined
COMMAND: POST /session/b0bce561eedd0ef2cd491e5795c56593/execute/async - {"script":"<script> [776 bytes]","args":[{"enterText":"1","selector":{"id":"application-manageconditionprice-display-component---newCondition--condBaseQty","interaction":{"idSuffix":"inner"}},"clearTextFirst":true,"interactionType":"ENTER_TEXT"}]}
COMMAND: GET /session/b0bce561eedd0ef2cd491e5795c56593/screenshot - {}
RESULT: {"script":"<script> [776 bytes]","args":[{"enterText":"1","selector":{"id":"application-manageconditionprice-display-component---newCondition--condBaseQty","interaction":{"idSuffix":"inner"}},"clearTextFirst":true,"interactionType":"ENTER_TEXT"}]}
RESULT: undefined
COMMAND: POST /session/b0bce561eedd0ef2cd491e5795c56593/execute/async - {"script":"<script> [776 bytes]","args":[{"enterText":"10","selector":{"id":"application-manageconditionprice-display-component---newCondition--condValue","interaction":{"idSuffix":"inner"}},"clearTextFirst":true,"interactionType":"ENTER_TEXT"}]}
RESULT: {}
RESULT: {"script":"<script> [776 bytes]","args":[{"enterText":"10","selector":{"id":"application-manageconditionprice-display-component---newCondition--condValue","interaction":{"idSuffix":"inner"}},"clearTextFirst":true,"interactionType":"ENTER_TEXT"}]}
RESULT: undefined
COMMAND: POST /session/b0bce561eedd0ef2cd491e5795c56593/element - {"using":"xpath","value":"//*[@id=\"application-manageconditionprice-display-component---newCondition--condCurr-arrow\"]"}
RESULT: {"using":"xpath","value":"//*[@id=\"application-manageconditionprice-display-component---newCondition--condCurr-arrow\"]"}
COMMAND: POST /session/b0bce561eedd0ef2cd491e5795c56593/element/f.633F000A9FA1F61B5279087A5498CC04.d.FA4D3FE53C1499CFA67A857F1B4D64D9.e.10465/click - {}
RESULT: {}
COMMAND: POST /session/b0bce561eedd0ef2cd491e5795c56593/element - {"using":"xpath","value":"//span[contains(text(), \"Euro\")]"}
COMMAND: GET /session/b0bce561eedd0ef2cd491e5795c56593/screenshot - {}
RESULT: {"using":"xpath","value":"//span[contains(text(), \"Euro\")]"}
COMMAND: POST /session/b0bce561eedd0ef2cd491e5795c56593/element/f.633F000A9FA1F61B5279087A5498CC04.d.FA4D3FE53C1499CFA67A857F1B4D64D9.e.10549/click - {}
RESULT: {}
RESULT: {}
COMMAND: POST /session/b0bce561eedd0ef2cd491e5795c56593/element - {"using":"xpath","value":"//button[@data-kt=\"saveButton\"]"}
COMMAND: GET /session/b0bce561eedd0ef2cd491e5795c56593/screenshot - {}
RESULT: {"using":"xpath","value":"//button[@data-kt=\"saveButton\"]"}
COMMAND: POST /session/b0bce561eedd0ef2cd491e5795c56593/element/f.633F000A9FA1F61B5279087A5498CC04.d.FA4D3FE53C1499CFA67A857F1B4D64D9.e.10466/click - {}
RESULT: {}
RESULT: {}
COMMAND: GET /session/b0bce561eedd0ef2cd491e5795c56593/screenshot - {}
RESULT: {}
RESULT: undefined
COMMAND: POST /session/b0bce561eedd0ef2cd491e5795c56593/execute/async - {"script":"<script> [776 bytes]","args":[{"enterText":"Ccvwx3px3L","selector":{"id":"application-manageconditionprice-display-component---conditions--smartFilterBar-btnBasicSearch","interaction":{"idSuffix":"I"}},"clearTextFirst":true,"interactionType":"ENTER_TEXT"}]}
RESULT: {"script":"<script> [776 bytes]","args":[{"enterText":"Ccvwx3px3L","selector":{"id":"application-manageconditionprice-display-component---conditions--smartFilterBar-btnBasicSearch","interaction":{"idSuffix":"I"}},"clearTextFirst":true,"interactionType":"ENTER_TEXT"}]}
COMMAND: POST /session/b0bce561eedd0ef2cd491e5795c56593/actions - {"actions":[{"id":"action36","type":"key","parameters":{},"actions":[{"type":"keyDown","value":""},{"type":"pause","duration":10},{"type":"keyUp","value":""}]}]}
RESULT: {"actions":[{"id":"action36","type":"key","parameters":{},"actions":[{"type":"keyDown","value":""},{"type":"pause","duration":10},{"type":"keyUp","value":""}]}]}
COMMAND: GET /session/b0bce561eedd0ef2cd491e5795c56593/screenshot - {}
RESULT: {}
RESULT: undefined
COMMAND: POST /session/b0bce561eedd0ef2cd491e5795c56593/element - {"using":"xpath","value":"//*[@id=\"application-manageconditionprice-display-component---conditions--smartFilterBar-filterItemControl_BASIC-BILL_TYPES-vhi\"]"}
RESULT: {"using":"xpath","value":"//*[@id=\"application-manageconditionprice-display-component---conditions--smartFilterBar-filterItemControl_BASIC-BILL_TYPES-vhi\"]"}
COMMAND: POST /session/b0bce561eedd0ef2cd491e5795c56593/element/f.633F000A9FA1F61B5279087A5498CC04.d.FA4D3FE53C1499CFA67A857F1B4D64D9.e.10797/click - {}
RESULT: {}
RESULT: undefined
COMMAND: POST /session/b0bce561eedd0ef2cd491e5795c56593/execute/async - {"script":"<script> [776 bytes]","args":[{"enterText":"PB","selector":{"id":"application-manageconditionprice-display-component---conditions--smartFilterBar-filterItemControl_BASIC-BILL_TYPES-valueHelpDialog-smartFilterBar-btnBasicSearch","searchOpenDialogs":true,"interaction":{"idSuffix":"I"}},"clearTextFirst":true,"interactionType":"ENTER_TEXT"}]}
COMMAND: GET /session/b0bce561eedd0ef2cd491e5795c56593/screenshot - {}
RESULT: {"script":"<script> [776 bytes]","args":[{"enterText":"PB","selector":{"id":"application-manageconditionprice-display-component---conditions--smartFilterBar-filterItemControl_BASIC-BILL_TYPES-valueHelpDialog-smartFilterBar-btnBasicSearch","searchOpenDialogs":true,"interaction":{"idSuffix":"I"}},"clearTextFirst":true,"interactionType":"ENTER_TEXT"}]}
COMMAND: POST /session/b0bce561eedd0ef2cd491e5795c56593/actions - {"actions":[{"id":"action37","type":"key","parameters":{},"actions":[{"type":"keyDown","value":""},{"type":"pause","duration":10},{"type":"keyUp","value":""}]}]}
RESULT: {}
RESULT: {"actions":[{"id":"action37","type":"key","parameters":{},"actions":[{"type":"keyDown","value":""},{"type":"pause","duration":10},{"type":"keyUp","value":""}]}]}
COMMAND: GET /session/b0bce561eedd0ef2cd491e5795c56593/screenshot - {}
RESULT: {}
COMMAND: POST /session/b0bce561eedd0ef2cd491e5795c56593/element - {"using":"xpath","value":"//div[contains(@id, 'application-manageconditionprice-display-component---conditions--smartFilterBar-filterItemControl_BASIC-BILL_TYPES-valueHelpDialog-table-rowsel0')]"}
RESULT: {"using":"xpath","value":"//div[contains(@id, 'application-manageconditionprice-display-component---conditions--smartFilterBar-filterItemControl_BASIC-BILL_TYPES-valueHelpDialog-table-rowsel0')]"}
COMMAND: POST /session/b0bce561eedd0ef2cd491e5795c56593/element/f.633F000A9FA1F61B5279087A5498CC04.d.FA4D3FE53C1499CFA67A857F1B4D64D9.e.10806/click - {}
RESULT: {}
COMMAND: GET /session/b0bce561eedd0ef2cd491e5795c56593/screenshot - {}
RESULT: {}
COMMAND: POST /session/b0bce561eedd0ef2cd491e5795c56593/element - {"using":"xpath","value":"//bdi[contains(text(), \"OK\")]"}
RESULT: {"using":"xpath","value":"//bdi[contains(text(), \"OK\")]"}
COMMAND: POST /session/b0bce561eedd0ef2cd491e5795c56593/element/f.633F000A9FA1F61B5279087A5498CC04.d.FA4D3FE53C1499CFA67A857F1B4D64D9.e.10808/click - {}
RESULT: {}
COMMAND: GET /session/b0bce561eedd0ef2cd491e5795c56593/screenshot - {}
COMMAND: POST /session/b0bce561eedd0ef2cd491e5795c56593/element - {"using":"xpath","value":"//span[@id=\"application-manageconditionprice-display-component---conditions--smartTable-header-inner\"]"}
RESULT: {}
RESULT: {"using":"xpath","value":"//span[@id=\"application-manageconditionprice-display-component---conditions--smartTable-header-inner\"]"}
COMMAND: POST /session/b0bce561eedd0ef2cd491e5795c56593/elements - {"using":"xpath","value":"//span[@id=\"application-manageconditionprice-display-component---conditions--smartTable-header-inner\"]"}
RESULT: {"using":"xpath","value":"//span[@id=\"application-manageconditionprice-display-component---conditions--smartTable-header-inner\"]"}
COMMAND: POST /session/b0bce561eedd0ef2cd491e5795c56593/execute/sync - {"script":"<script> [56 bytes]","args":[{"element-6066-11e4-a52e-4f735466cecf":"f.633F000A9FA1F61B5279087A5498CC04.d.FA4D3FE53C1499CFA67A857F1B4D64D9.e.10812","ELEMENT":"f.633F000A9FA1F61B5279087A5498CC04.d.FA4D3FE53C1499CFA67A857F1B4D64D9.e.10812"}]}
RESULT: {"script":"<script> [56 bytes]","args":[{"element-6066-11e4-a52e-4f735466cecf":"f.633F000A9FA1F61B5279087A5498CC04.d.FA4D3FE53C1499CFA67A857F1B4D64D9.e.10812","ELEMENT":"f.633F000A9FA1F61B5279087A5498CC04.d.FA4D3FE53C1499CFA67A857F1B4D64D9.e.10812"}]}
COMMAND: POST /session/b0bce561eedd0ef2cd491e5795c56593/element - {"using":"css selector","value":"#shell-header-logo"}
COMMAND: GET /session/b0bce561eedd0ef2cd491e5795c56593/screenshot - {}
RESULT: {"using":"css selector","value":"#shell-header-logo"}
COMMAND: POST /session/b0bce561eedd0ef2cd491e5795c56593/element/f.633F000A9FA1F61B5279087A5498CC04.d.FA4D3FE53C1499CFA67A857F1B4D64D9.e.10010/click - {}
RESULT: {}
RESULT: {}
COMMAND: GET /session/b0bce561eedd0ef2cd491e5795c56593/screenshot - {}
RESULT: {}
]]></system-out>
    </testcase>
    <testcase classname="chrome.135_0_7049_42.windows.Create_master_data_for_mixed_billing_&amp;_do_billing_calculation_US151661" name="Should add time based condition" time="74.457">
      <system-out><![CDATA[
RESULT: undefined
COMMAND: POST /session/b0bce561eedd0ef2cd491e5795c56593/element - {"using":"xpath","value":"//*[@id=\"__tile93-title\"]"}
RESULT: {"using":"xpath","value":"//*[@id=\"__tile93-title\"]"}
COMMAND: POST /session/b0bce561eedd0ef2cd491e5795c56593/element/f.633F000A9FA1F61B5279087A5498CC04.d.FA4D3FE53C1499CFA67A857F1B4D64D9.e.9627/click - {}
RESULT: {}
COMMAND: POST /session/b0bce561eedd0ef2cd491e5795c56593/element - {"using":"xpath","value":"//button[@aria-label=\"Create\"]"}
COMMAND: GET /session/b0bce561eedd0ef2cd491e5795c56593/screenshot - {}
RESULT: {"using":"xpath","value":"//button[@aria-label=\"Create\"]"}
COMMAND: POST /session/b0bce561eedd0ef2cd491e5795c56593/elements - {"using":"xpath","value":"//button[@aria-label=\"Create\"]"}
RESULT: {}
RESULT: {"using":"xpath","value":"//button[@aria-label=\"Create\"]"}
COMMAND: POST /session/b0bce561eedd0ef2cd491e5795c56593/execute/sync - {"script":"<script> [8489 bytes]","args":[{"element-6066-11e4-a52e-4f735466cecf":"f.633F000A9FA1F61B5279087A5498CC04.d.FA4D3FE53C1499CFA67A857F1B4D64D9.e.10851","ELEMENT":"f.633F000A9FA1F61B5279087A5498CC04.d.FA4D3FE53C1499CFA67A857F1B4D64D9.e.10851"}]}
RESULT: {"script":"<script> [8489 bytes]","args":[{"element-6066-11e4-a52e-4f735466cecf":"f.633F000A9FA1F61B5279087A5498CC04.d.FA4D3FE53C1499CFA67A857F1B4D64D9.e.10851","ELEMENT":"f.633F000A9FA1F61B5279087A5498CC04.d.FA4D3FE53C1499CFA67A857F1B4D64D9.e.10851"}]}
COMMAND: GET /session/b0bce561eedd0ef2cd491e5795c56593/element/f.633F000A9FA1F61B5279087A5498CC04.d.FA4D3FE53C1499CFA67A857F1B4D64D9.e.10851/enabled - {}
COMMAND: GET /session/b0bce561eedd0ef2cd491e5795c56593/screenshot - {}
RESULT: {}
COMMAND: POST /session/b0bce561eedd0ef2cd491e5795c56593/execute/sync - {"script":"<script> [8489 bytes]","args":[{"element-6066-11e4-a52e-4f735466cecf":"f.633F000A9FA1F61B5279087A5498CC04.d.FA4D3FE53C1499CFA67A857F1B4D64D9.e.10851","ELEMENT":"f.633F000A9FA1F61B5279087A5498CC04.d.FA4D3FE53C1499CFA67A857F1B4D64D9.e.10851"}]}
COMMAND: GET /session/b0bce561eedd0ef2cd491e5795c56593/screenshot - {}
RESULT: {}
RESULT: {"script":"<script> [8489 bytes]","args":[{"element-6066-11e4-a52e-4f735466cecf":"f.633F000A9FA1F61B5279087A5498CC04.d.FA4D3FE53C1499CFA67A857F1B4D64D9.e.10851","ELEMENT":"f.633F000A9FA1F61B5279087A5498CC04.d.FA4D3FE53C1499CFA67A857F1B4D64D9.e.10851"}]}
COMMAND: POST /session/b0bce561eedd0ef2cd491e5795c56593/execute/sync - {"script":"<script> [5351 bytes]","args":[{"element-6066-11e4-a52e-4f735466cecf":"f.633F000A9FA1F61B5279087A5498CC04.d.FA4D3FE53C1499CFA67A857F1B4D64D9.e.10851","ELEMENT":"f.633F000A9FA1F61B5279087A5498CC04.d.FA4D3FE53C1499CFA67A857F1B4D64D9.e.10851"}]}
COMMAND: GET /session/b0bce561eedd0ef2cd491e5795c56593/screenshot - {}
RESULT: {}
RESULT: {"script":"<script> [5351 bytes]","args":[{"element-6066-11e4-a52e-4f735466cecf":"f.633F000A9FA1F61B5279087A5498CC04.d.FA4D3FE53C1499CFA67A857F1B4D64D9.e.10851","ELEMENT":"f.633F000A9FA1F61B5279087A5498CC04.d.FA4D3FE53C1499CFA67A857F1B4D64D9.e.10851"}]}
COMMAND: POST /session/b0bce561eedd0ef2cd491e5795c56593/element/f.633F000A9FA1F61B5279087A5498CC04.d.FA4D3FE53C1499CFA67A857F1B4D64D9.e.10851/click - {}
COMMAND: GET /session/b0bce561eedd0ef2cd491e5795c56593/screenshot - {}
RESULT: {}
RESULT: {}
COMMAND: GET /session/b0bce561eedd0ef2cd491e5795c56593/screenshot - {}
RESULT: {}
RESULT: {}
COMMAND: POST /session/b0bce561eedd0ef2cd491e5795c56593/actions - {"actions":[{"id":"action38","type":"key","parameters":{},"actions":[{"type":"keyDown","value":""},{"type":"pause","duration":10},{"type":"keyUp","value":""}]}]}
RESULT: {"actions":[{"id":"action38","type":"key","parameters":{},"actions":[{"type":"keyDown","value":""},{"type":"pause","duration":10},{"type":"keyUp","value":""}]}]}
COMMAND: GET /session/b0bce561eedd0ef2cd491e5795c56593/screenshot - {}
RESULT: {}
RESULT: undefined
COMMAND: POST /session/b0bce561eedd0ef2cd491e5795c56593/element - {"using":"xpath","value":"//*[@id=\"application-manageconditionprice-display-component---newCondition--condBillCond-arrow\"]"}
RESULT: {"using":"xpath","value":"//*[@id=\"application-manageconditionprice-display-component---newCondition--condBillCond-arrow\"]"}
COMMAND: POST /session/b0bce561eedd0ef2cd491e5795c56593/element/f.633F000A9FA1F61B5279087A5498CC04.d.FA4D3FE53C1499CFA67A857F1B4D64D9.e.11218/click - {}
RESULT: {}
COMMAND: GET /session/b0bce561eedd0ef2cd491e5795c56593/screenshot - {}
RESULT: {}
COMMAND: POST /session/b0bce561eedd0ef2cd491e5795c56593/element - {"using":"xpath","value":"//li[.//span[contains(text(), \"DISP - D&I special price\")]]"}
RESULT: {"using":"xpath","value":"//li[.//span[contains(text(), \"DISP - D&I special price\")]]"}
COMMAND: POST /session/b0bce561eedd0ef2cd491e5795c56593/element/f.633F000A9FA1F61B5279087A5498CC04.d.FA4D3FE53C1499CFA67A857F1B4D64D9.e.11336/click - {}
RESULT: {}
COMMAND: GET /session/b0bce561eedd0ef2cd491e5795c56593/screenshot - {}
RESULT: {}
RESULT: undefined
COMMAND: POST /session/b0bce561eedd0ef2cd491e5795c56593/execute/async - {"script":"<script> [776 bytes]","args":[{"enterText":"12/20/25","selector":{"id":"application-manageconditionprice-display-component---newCondition--condValidTo","interaction":{"idSuffix":"inner"}},"clearTextFirst":true,"interactionType":"ENTER_TEXT"}]}
RESULT: {"script":"<script> [776 bytes]","args":[{"enterText":"12/20/25","selector":{"id":"application-manageconditionprice-display-component---newCondition--condValidTo","interaction":{"idSuffix":"inner"}},"clearTextFirst":true,"interactionType":"ENTER_TEXT"}]}
COMMAND: POST /session/b0bce561eedd0ef2cd491e5795c56593/element - {"using":"xpath","value":"//input[@id=\"application-manageconditionprice-display-component---newCondition--condRU-inner\"]"}
RESULT: {"using":"xpath","value":"//input[@id=\"application-manageconditionprice-display-component---newCondition--condRU-inner\"]"}
COMMAND: POST /session/b0bce561eedd0ef2cd491e5795c56593/element/f.633F000A9FA1F61B5279087A5498CC04.d.FA4D3FE53C1499CFA67A857F1B4D64D9.e.11053/clear - {}
RESULT: {}
COMMAND: POST /session/b0bce561eedd0ef2cd491e5795c56593/element/f.633F000A9FA1F61B5279087A5498CC04.d.FA4D3FE53C1499CFA67A857F1B4D64D9.e.11053/value - {"text":"Ccvwx3px3L"}
COMMAND: GET /session/b0bce561eedd0ef2cd491e5795c56593/screenshot - {}
RESULT: {"text":"Ccvwx3px3L"}
COMMAND: GET /session/b0bce561eedd0ef2cd491e5795c56593/screenshot - {}
RESULT: {}
RESULT: {}
COMMAND: POST /session/b0bce561eedd0ef2cd491e5795c56593/actions - {"actions":[{"id":"action39","type":"key","parameters":{},"actions":[{"type":"keyDown","value":""},{"type":"pause","duration":10},{"type":"keyUp","value":""}]}]}
RESULT: {"actions":[{"id":"action39","type":"key","parameters":{},"actions":[{"type":"keyDown","value":""},{"type":"pause","duration":10},{"type":"keyUp","value":""}]}]}
RESULT: undefined
COMMAND: POST /session/b0bce561eedd0ef2cd491e5795c56593/execute/async - {"script":"<script> [776 bytes]","args":[{"enterText":"1","selector":{"id":"application-manageconditionprice-display-component---newCondition--condBaseQty","interaction":{"idSuffix":"inner"}},"clearTextFirst":true,"interactionType":"ENTER_TEXT"}]}
COMMAND: GET /session/b0bce561eedd0ef2cd491e5795c56593/screenshot - {}
RESULT: {"script":"<script> [776 bytes]","args":[{"enterText":"1","selector":{"id":"application-manageconditionprice-display-component---newCondition--condBaseQty","interaction":{"idSuffix":"inner"}},"clearTextFirst":true,"interactionType":"ENTER_TEXT"}]}
RESULT: undefined
COMMAND: POST /session/b0bce561eedd0ef2cd491e5795c56593/execute/async - {"script":"<script> [776 bytes]","args":[{"enterText":"100","selector":{"id":"application-manageconditionprice-display-component---newCondition--condValue","interaction":{"idSuffix":"inner"}},"clearTextFirst":true,"interactionType":"ENTER_TEXT"}]}
RESULT: {}
RESULT: {"script":"<script> [776 bytes]","args":[{"enterText":"100","selector":{"id":"application-manageconditionprice-display-component---newCondition--condValue","interaction":{"idSuffix":"inner"}},"clearTextFirst":true,"interactionType":"ENTER_TEXT"}]}
RESULT: undefined
COMMAND: POST /session/b0bce561eedd0ef2cd491e5795c56593/element - {"using":"xpath","value":"//*[@id=\"application-manageconditionprice-display-component---newCondition--condCurr-arrow\"]"}
RESULT: {"using":"xpath","value":"//*[@id=\"application-manageconditionprice-display-component---newCondition--condCurr-arrow\"]"}
COMMAND: POST /session/b0bce561eedd0ef2cd491e5795c56593/element/f.633F000A9FA1F61B5279087A5498CC04.d.FA4D3FE53C1499CFA67A857F1B4D64D9.e.11291/click - {}
RESULT: {}
COMMAND: POST /session/b0bce561eedd0ef2cd491e5795c56593/element - {"using":"xpath","value":"//span[contains(text(), \"Euro\")]"}
COMMAND: GET /session/b0bce561eedd0ef2cd491e5795c56593/screenshot - {}
RESULT: {"using":"xpath","value":"//span[contains(text(), \"Euro\")]"}
COMMAND: POST /session/b0bce561eedd0ef2cd491e5795c56593/element/f.633F000A9FA1F61B5279087A5498CC04.d.FA4D3FE53C1499CFA67A857F1B4D64D9.e.11371/click - {}
RESULT: {}
RESULT: {}
COMMAND: POST /session/b0bce561eedd0ef2cd491e5795c56593/element - {"using":"xpath","value":"//button[@data-kt=\"saveButton\"]"}
COMMAND: GET /session/b0bce561eedd0ef2cd491e5795c56593/screenshot - {}
RESULT: {"using":"xpath","value":"//button[@data-kt=\"saveButton\"]"}
COMMAND: POST /session/b0bce561eedd0ef2cd491e5795c56593/element/f.633F000A9FA1F61B5279087A5498CC04.d.FA4D3FE53C1499CFA67A857F1B4D64D9.e.11292/click - {}
RESULT: {}
RESULT: {}
COMMAND: GET /session/b0bce561eedd0ef2cd491e5795c56593/screenshot - {}
RESULT: {}
RESULT: undefined
COMMAND: POST /session/b0bce561eedd0ef2cd491e5795c56593/execute/async - {"script":"<script> [776 bytes]","args":[{"enterText":"Ccvwx3px3L","selector":{"id":"application-manageconditionprice-display-component---conditions--smartFilterBar-btnBasicSearch","interaction":{"idSuffix":"I"}},"clearTextFirst":true,"interactionType":"ENTER_TEXT"}]}
RESULT: {"script":"<script> [776 bytes]","args":[{"enterText":"Ccvwx3px3L","selector":{"id":"application-manageconditionprice-display-component---conditions--smartFilterBar-btnBasicSearch","interaction":{"idSuffix":"I"}},"clearTextFirst":true,"interactionType":"ENTER_TEXT"}]}
COMMAND: POST /session/b0bce561eedd0ef2cd491e5795c56593/actions - {"actions":[{"id":"action40","type":"key","parameters":{},"actions":[{"type":"keyDown","value":""},{"type":"pause","duration":10},{"type":"keyUp","value":""}]}]}
RESULT: {"actions":[{"id":"action40","type":"key","parameters":{},"actions":[{"type":"keyDown","value":""},{"type":"pause","duration":10},{"type":"keyUp","value":""}]}]}
COMMAND: GET /session/b0bce561eedd0ef2cd491e5795c56593/screenshot - {}
RESULT: {}
RESULT: undefined
COMMAND: POST /session/b0bce561eedd0ef2cd491e5795c56593/element - {"using":"xpath","value":"//*[@id=\"application-manageconditionprice-display-component---conditions--smartFilterBar-filterItemControl_BASIC-BILL_TYPES-vhi\"]"}
RESULT: {"using":"xpath","value":"//*[@id=\"application-manageconditionprice-display-component---conditions--smartFilterBar-filterItemControl_BASIC-BILL_TYPES-vhi\"]"}
COMMAND: POST /session/b0bce561eedd0ef2cd491e5795c56593/element/f.633F000A9FA1F61B5279087A5498CC04.d.FA4D3FE53C1499CFA67A857F1B4D64D9.e.11597/click - {}
RESULT: {}
RESULT: undefined
COMMAND: POST /session/b0bce561eedd0ef2cd491e5795c56593/execute/async - {"script":"<script> [776 bytes]","args":[{"enterText":"TB","selector":{"id":"application-manageconditionprice-display-component---conditions--smartFilterBar-filterItemControl_BASIC-BILL_TYPES-valueHelpDialog-smartFilterBar-btnBasicSearch","searchOpenDialogs":true,"interaction":{"idSuffix":"I"}},"clearTextFirst":true,"interactionType":"ENTER_TEXT"}]}
COMMAND: GET /session/b0bce561eedd0ef2cd491e5795c56593/screenshot - {}
RESULT: {"script":"<script> [776 bytes]","args":[{"enterText":"TB","selector":{"id":"application-manageconditionprice-display-component---conditions--smartFilterBar-filterItemControl_BASIC-BILL_TYPES-valueHelpDialog-smartFilterBar-btnBasicSearch","searchOpenDialogs":true,"interaction":{"idSuffix":"I"}},"clearTextFirst":true,"interactionType":"ENTER_TEXT"}]}
COMMAND: POST /session/b0bce561eedd0ef2cd491e5795c56593/actions - {"actions":[{"id":"action41","type":"key","parameters":{},"actions":[{"type":"keyDown","value":""},{"type":"pause","duration":10},{"type":"keyUp","value":""}]}]}
RESULT: {}
RESULT: {"actions":[{"id":"action41","type":"key","parameters":{},"actions":[{"type":"keyDown","value":""},{"type":"pause","duration":10},{"type":"keyUp","value":""}]}]}
COMMAND: GET /session/b0bce561eedd0ef2cd491e5795c56593/screenshot - {}
RESULT: {}
COMMAND: POST /session/b0bce561eedd0ef2cd491e5795c56593/element - {"using":"xpath","value":"//div[contains(@id, 'application-manageconditionprice-display-component---conditions--smartFilterBar-filterItemControl_BASIC-BILL_TYPES-valueHelpDialog-table-rowsel0')]"}
RESULT: {"using":"xpath","value":"//div[contains(@id, 'application-manageconditionprice-display-component---conditions--smartFilterBar-filterItemControl_BASIC-BILL_TYPES-valueHelpDialog-table-rowsel0')]"}
COMMAND: POST /session/b0bce561eedd0ef2cd491e5795c56593/element/f.633F000A9FA1F61B5279087A5498CC04.d.FA4D3FE53C1499CFA67A857F1B4D64D9.e.11605/click - {}
RESULT: {}
COMMAND: GET /session/b0bce561eedd0ef2cd491e5795c56593/screenshot - {}
RESULT: {}
COMMAND: POST /session/b0bce561eedd0ef2cd491e5795c56593/element - {"using":"xpath","value":"//bdi[contains(text(), \"OK\")]"}
RESULT: {"using":"xpath","value":"//bdi[contains(text(), \"OK\")]"}
COMMAND: POST /session/b0bce561eedd0ef2cd491e5795c56593/element/f.633F000A9FA1F61B5279087A5498CC04.d.FA4D3FE53C1499CFA67A857F1B4D64D9.e.11607/click - {}
RESULT: {}
COMMAND: GET /session/b0bce561eedd0ef2cd491e5795c56593/screenshot - {}
RESULT: {}
COMMAND: POST /session/b0bce561eedd0ef2cd491e5795c56593/element - {"using":"xpath","value":"//span[@id=\"application-manageconditionprice-display-component---conditions--smartTable-header-inner\"]"}
RESULT: {"using":"xpath","value":"//span[@id=\"application-manageconditionprice-display-component---conditions--smartTable-header-inner\"]"}
COMMAND: POST /session/b0bce561eedd0ef2cd491e5795c56593/elements - {"using":"xpath","value":"//span[@id=\"application-manageconditionprice-display-component---conditions--smartTable-header-inner\"]"}
RESULT: {"using":"xpath","value":"//span[@id=\"application-manageconditionprice-display-component---conditions--smartTable-header-inner\"]"}
COMMAND: POST /session/b0bce561eedd0ef2cd491e5795c56593/execute/sync - {"script":"<script> [56 bytes]","args":[{"element-6066-11e4-a52e-4f735466cecf":"f.633F000A9FA1F61B5279087A5498CC04.d.FA4D3FE53C1499CFA67A857F1B4D64D9.e.11644","ELEMENT":"f.633F000A9FA1F61B5279087A5498CC04.d.FA4D3FE53C1499CFA67A857F1B4D64D9.e.11644"}]}
RESULT: {"script":"<script> [56 bytes]","args":[{"element-6066-11e4-a52e-4f735466cecf":"f.633F000A9FA1F61B5279087A5498CC04.d.FA4D3FE53C1499CFA67A857F1B4D64D9.e.11644","ELEMENT":"f.633F000A9FA1F61B5279087A5498CC04.d.FA4D3FE53C1499CFA67A857F1B4D64D9.e.11644"}]}
COMMAND: POST /session/b0bce561eedd0ef2cd491e5795c56593/element - {"using":"css selector","value":"#shell-header-logo"}
COMMAND: GET /session/b0bce561eedd0ef2cd491e5795c56593/screenshot - {}
RESULT: {"using":"css selector","value":"#shell-header-logo"}
COMMAND: POST /session/b0bce561eedd0ef2cd491e5795c56593/element/f.633F000A9FA1F61B5279087A5498CC04.d.FA4D3FE53C1499CFA67A857F1B4D64D9.e.10817/click - {}
RESULT: {}
RESULT: {}
COMMAND: GET /session/b0bce561eedd0ef2cd491e5795c56593/screenshot - {}
RESULT: {}
]]></system-out>
    </testcase>
    <testcase classname="chrome.135_0_7049_42.windows.Create_master_data_for_mixed_billing_&amp;_do_billing_calculation_US151661" name="Should do a stock increase handover" time="91.199">
      <system-out><![CDATA[
COMMAND: POST /session/b0bce561eedd0ef2cd491e5795c56593/execute/async - {"script":"<script> [1562 bytes]","args":[{"selector":{"controlType":"sap.m.Text","viewName":"etm.portal.ui.managehandoverstile.view.Master","properties":{"text":"Manage Handovers"},"interaction":{"idSuffix":"inner"}},"wdio_ui5_key":"etmportal.ui.managehandoverstile.view.Mastersap.m.Text{\"text\":\"Manage Handovers\"}"}]}
RESULT: {"script":"<script> [1562 bytes]","args":[{"selector":{"controlType":"sap.m.Text","viewName":"etm.portal.ui.managehandoverstile.view.Master","properties":{"text":"Manage Handovers"},"interaction":{"idSuffix":"inner"}},"wdio_ui5_key":"etmportal.ui.managehandoverstile.view.Mastersap.m.Text{\"text\":\"Manage Handovers\"}"}]}
RESULT: undefined
COMMAND: POST /session/b0bce561eedd0ef2cd491e5795c56593/element - {"using":"xpath","value":"//*[@id=\"__tile132-title\"]"}
RESULT: {"using":"xpath","value":"//*[@id=\"__tile132-title\"]"}
COMMAND: POST /session/b0bce561eedd0ef2cd491e5795c56593/element/f.633F000A9FA1F61B5279087A5498CC04.d.FA4D3FE53C1499CFA67A857F1B4D64D9.e.11647/click - {}
RESULT: {}
COMMAND: POST /session/b0bce561eedd0ef2cd491e5795c56593/element - {"using":"xpath","value":"//button[@data-kt=\"masterHOAddButton\"]"}
COMMAND: GET /session/b0bce561eedd0ef2cd491e5795c56593/screenshot - {}
RESULT: {"using":"xpath","value":"//button[@data-kt=\"masterHOAddButton\"]"}
COMMAND: POST /session/b0bce561eedd0ef2cd491e5795c56593/elements - {"using":"xpath","value":"//button[@data-kt=\"masterHOAddButton\"]"}
RESULT: {}
RESULT: {"using":"xpath","value":"//button[@data-kt=\"masterHOAddButton\"]"}
COMMAND: POST /session/b0bce561eedd0ef2cd491e5795c56593/element - {"using":"xpath","value":"//button[@data-kt=\"masterHOAddButton\"]"}
RESULT: {"using":"xpath","value":"//button[@data-kt=\"masterHOAddButton\"]"}
COMMAND: POST /session/b0bce561eedd0ef2cd491e5795c56593/execute/sync - {"script":"<script> [8489 bytes]","args":[{"element-6066-11e4-a52e-4f735466cecf":"f.633F000A9FA1F61B5279087A5498CC04.d.FA4D3FE53C1499CFA67A857F1B4D64D9.e.11686","ELEMENT":"f.633F000A9FA1F61B5279087A5498CC04.d.FA4D3FE53C1499CFA67A857F1B4D64D9.e.11686"}]}
RESULT: {"script":"<script> [8489 bytes]","args":[{"element-6066-11e4-a52e-4f735466cecf":"f.633F000A9FA1F61B5279087A5498CC04.d.FA4D3FE53C1499CFA67A857F1B4D64D9.e.11686","ELEMENT":"f.633F000A9FA1F61B5279087A5498CC04.d.FA4D3FE53C1499CFA67A857F1B4D64D9.e.11686"}]}
COMMAND: GET /session/b0bce561eedd0ef2cd491e5795c56593/element/f.633F000A9FA1F61B5279087A5498CC04.d.FA4D3FE53C1499CFA67A857F1B4D64D9.e.11686/enabled - {}
COMMAND: GET /session/b0bce561eedd0ef2cd491e5795c56593/screenshot - {}
RESULT: {}
COMMAND: POST /session/b0bce561eedd0ef2cd491e5795c56593/execute/sync - {"script":"<script> [8489 bytes]","args":[{"element-6066-11e4-a52e-4f735466cecf":"f.633F000A9FA1F61B5279087A5498CC04.d.FA4D3FE53C1499CFA67A857F1B4D64D9.e.11686","ELEMENT":"f.633F000A9FA1F61B5279087A5498CC04.d.FA4D3FE53C1499CFA67A857F1B4D64D9.e.11686"}]}
COMMAND: GET /session/b0bce561eedd0ef2cd491e5795c56593/screenshot - {}
RESULT: {}
RESULT: {"script":"<script> [8489 bytes]","args":[{"element-6066-11e4-a52e-4f735466cecf":"f.633F000A9FA1F61B5279087A5498CC04.d.FA4D3FE53C1499CFA67A857F1B4D64D9.e.11686","ELEMENT":"f.633F000A9FA1F61B5279087A5498CC04.d.FA4D3FE53C1499CFA67A857F1B4D64D9.e.11686"}]}
COMMAND: POST /session/b0bce561eedd0ef2cd491e5795c56593/execute/sync - {"script":"<script> [5351 bytes]","args":[{"element-6066-11e4-a52e-4f735466cecf":"f.633F000A9FA1F61B5279087A5498CC04.d.FA4D3FE53C1499CFA67A857F1B4D64D9.e.11686","ELEMENT":"f.633F000A9FA1F61B5279087A5498CC04.d.FA4D3FE53C1499CFA67A857F1B4D64D9.e.11686"}]}
COMMAND: GET /session/b0bce561eedd0ef2cd491e5795c56593/screenshot - {}
RESULT: {}
RESULT: {"script":"<script> [5351 bytes]","args":[{"element-6066-11e4-a52e-4f735466cecf":"f.633F000A9FA1F61B5279087A5498CC04.d.FA4D3FE53C1499CFA67A857F1B4D64D9.e.11686","ELEMENT":"f.633F000A9FA1F61B5279087A5498CC04.d.FA4D3FE53C1499CFA67A857F1B4D64D9.e.11686"}]}
COMMAND: POST /session/b0bce561eedd0ef2cd491e5795c56593/element/f.633F000A9FA1F61B5279087A5498CC04.d.FA4D3FE53C1499CFA67A857F1B4D64D9.e.11686/click - {}
COMMAND: GET /session/b0bce561eedd0ef2cd491e5795c56593/screenshot - {}
RESULT: {}
RESULT: {}
COMMAND: GET /session/b0bce561eedd0ef2cd491e5795c56593/screenshot - {}
COMMAND: POST /session/b0bce561eedd0ef2cd491e5795c56593/element - {"using":"xpath","value":"//span[contains(@id ,\"AddNewHO--typeSelect-arrow\")]"}
RESULT: {}
RESULT: {}
RESULT: {"using":"xpath","value":"//span[contains(@id ,\"AddNewHO--typeSelect-arrow\")]"}
COMMAND: POST /session/b0bce561eedd0ef2cd491e5795c56593/element/f.633F000A9FA1F61B5279087A5498CC04.d.FA4D3FE53C1499CFA67A857F1B4D64D9.e.12018/click - {}
RESULT: {}
COMMAND: GET /session/b0bce561eedd0ef2cd491e5795c56593/screenshot - {}
RESULT: {}
COMMAND: POST /session/b0bce561eedd0ef2cd491e5795c56593/element - {"using":"xpath","value":"(//li[contains(text(), \"stock increase yard\")])[1]"}
RESULT: {"using":"xpath","value":"(//li[contains(text(), \"stock increase yard\")])[1]"}
COMMAND: POST /session/b0bce561eedd0ef2cd491e5795c56593/element/f.633F000A9FA1F61B5279087A5498CC04.d.FA4D3FE53C1499CFA67A857F1B4D64D9.e.12019/click - {}
RESULT: {}
COMMAND: GET /session/b0bce561eedd0ef2cd491e5795c56593/screenshot - {}
RESULT: {}
COMMAND: POST /session/b0bce561eedd0ef2cd491e5795c56593/execute/async - {"script":"<script> [1562 bytes]","args":[{"selector":{"id":"application-managehandovers-display-component---AddNewHO--dueDate","interaction":{"idSuffix":"inner"}},"wdio_ui5_key":"applicationmanagehandovers-display-component---AddNewHO--dueDate"}]}
RESULT: {"script":"<script> [1562 bytes]","args":[{"selector":{"id":"application-managehandovers-display-component---AddNewHO--dueDate","interaction":{"idSuffix":"inner"}},"wdio_ui5_key":"applicationmanagehandovers-display-component---AddNewHO--dueDate"}]}
RESULT: undefined
COMMAND: POST /session/b0bce561eedd0ef2cd491e5795c56593/execute/async - {"script":"<script> [6424 bytes]","args":[{"element-6066-11e4-a52e-4f735466cecf":"f.633F000A9FA1F61B5279087A5498CC04.d.FA4D3FE53C1499CFA67A857F1B4D64D9.e.12021"},"setValue",["04/20/2025"]]}
RESULT: {"script":"<script> [6424 bytes]","args":[{"element-6066-11e4-a52e-4f735466cecf":"f.633F000A9FA1F61B5279087A5498CC04.d.FA4D3FE53C1499CFA67A857F1B4D64D9.e.12021"},"setValue",["04/20/2025"]]}
COMMAND: POST /session/b0bce561eedd0ef2cd491e5795c56593/element - {"using":"xpath","value":"//input[@id=\"generalSectionFrg--receiveYard-inner\"]"}
RESULT: {"using":"xpath","value":"//input[@id=\"generalSectionFrg--receiveYard-inner\"]"}
COMMAND: POST /session/b0bce561eedd0ef2cd491e5795c56593/element/f.633F000A9FA1F61B5279087A5498CC04.d.FA4D3FE53C1499CFA67A857F1B4D64D9.e.12027/clear - {}
RESULT: {}
COMMAND: POST /session/b0bce561eedd0ef2cd491e5795c56593/element/f.633F000A9FA1F61B5279087A5498CC04.d.FA4D3FE53C1499CFA67A857F1B4D64D9.e.12027/value - {"text":"617"}
COMMAND: GET /session/b0bce561eedd0ef2cd491e5795c56593/screenshot - {}
RESULT: {"text":"617"}
COMMAND: GET /session/b0bce561eedd0ef2cd491e5795c56593/screenshot - {}
RESULT: {}
RESULT: {}
COMMAND: POST /session/b0bce561eedd0ef2cd491e5795c56593/element - {"using":"xpath","value":"//li[.//span[text()='617']]"}
RESULT: {"using":"xpath","value":"//li[.//span[text()='617']]"}
COMMAND: POST /session/b0bce561eedd0ef2cd491e5795c56593/element/f.633F000A9FA1F61B5279087A5498CC04.d.FA4D3FE53C1499CFA67A857F1B4D64D9.e.12044/click - {}
RESULT: {}
COMMAND: GET /session/b0bce561eedd0ef2cd491e5795c56593/screenshot - {}
RESULT: {}
COMMAND: POST /session/b0bce561eedd0ef2cd491e5795c56593/execute/async - {"script":"<script> [1562 bytes]","args":[{"selector":{"id":"application-managehandovers-display-component---AddNewHO--ObjectPageLayout-anchBar-application-managehandovers-display-component---AddNewHO--section4-anchor","interaction":{"idSuffix":"BDI-content"}},"wdio_ui5_key":"applicationmanagehandovers-display-component---AddNewHO--ObjectPageLayout-anchBar-application-managehandovers-display-component---AddNewHO--section4-anchor"}]}
RESULT: {"script":"<script> [1562 bytes]","args":[{"selector":{"id":"application-managehandovers-display-component---AddNewHO--ObjectPageLayout-anchBar-application-managehandovers-display-component---AddNewHO--section4-anchor","interaction":{"idSuffix":"BDI-content"}},"wdio_ui5_key":"applicationmanagehandovers-display-component---AddNewHO--ObjectPageLayout-anchBar-application-managehandovers-display-component---AddNewHO--section4-anchor"}]}
RESULT: undefined
COMMAND: POST /session/b0bce561eedd0ef2cd491e5795c56593/element - {"using":"xpath","value":"//*[@id=\"application-managehandovers-display-component---AddNewHO--ObjectPageLayout-anchBar-application-managehandovers-display-component---AddNewHO--section4-anchor\"]"}
RESULT: {"using":"xpath","value":"//*[@id=\"application-managehandovers-display-component---AddNewHO--ObjectPageLayout-anchBar-application-managehandovers-display-component---AddNewHO--section4-anchor\"]"}
COMMAND: POST /session/b0bce561eedd0ef2cd491e5795c56593/element/f.633F000A9FA1F61B5279087A5498CC04.d.FA4D3FE53C1499CFA67A857F1B4D64D9.e.12046/click - {}
RESULT: {}
COMMAND: POST /session/b0bce561eedd0ef2cd491e5795c56593/element - {"using":"xpath","value":"//button[@aria-label=\"Add\"]"}
COMMAND: GET /session/b0bce561eedd0ef2cd491e5795c56593/screenshot - {}
RESULT: {"using":"xpath","value":"//button[@aria-label=\"Add\"]"}
COMMAND: POST /session/b0bce561eedd0ef2cd491e5795c56593/element/f.633F000A9FA1F61B5279087A5498CC04.d.FA4D3FE53C1499CFA67A857F1B4D64D9.e.12050/click - {}
RESULT: {}
RESULT: {}
COMMAND: GET /session/b0bce561eedd0ef2cd491e5795c56593/screenshot - {}
RESULT: {}
COMMAND: POST /session/b0bce561eedd0ef2cd491e5795c56593/execute/async - {"script":"<script> [1562 bytes]","args":[{"selector":{"id":"application-managehandovers-display-component---AddNewHO--smartFilterBar-btnBasicSearch","searchOpenDialogs":true,"interaction":{"idSuffix":"I"}},"wdio_ui5_key":"applicationmanagehandovers-display-component---AddNewHO--smartFilterBar-btnBasicSearch"}]}
RESULT: {"script":"<script> [1562 bytes]","args":[{"selector":{"id":"application-managehandovers-display-component---AddNewHO--smartFilterBar-btnBasicSearch","searchOpenDialogs":true,"interaction":{"idSuffix":"I"}},"wdio_ui5_key":"applicationmanagehandovers-display-component---AddNewHO--smartFilterBar-btnBasicSearch"}]}
RESULT: undefined
COMMAND: POST /session/b0bce561eedd0ef2cd491e5795c56593/execute/async - {"script":"<script> [776 bytes]","args":[{"enterText":"Ccvwx3px3L","selector":{"id":"application-managehandovers-display-component---AddNewHO--smartFilterBar-btnBasicSearch","searchOpenDialogs":true,"interaction":{"idSuffix":"I"}},"clearTextFirst":true,"interactionType":"ENTER_TEXT"}]}
RESULT: {"script":"<script> [776 bytes]","args":[{"enterText":"Ccvwx3px3L","selector":{"id":"application-managehandovers-display-component---AddNewHO--smartFilterBar-btnBasicSearch","searchOpenDialogs":true,"interaction":{"idSuffix":"I"}},"clearTextFirst":true,"interactionType":"ENTER_TEXT"}]}
COMMAND: POST /session/b0bce561eedd0ef2cd491e5795c56593/actions - {"actions":[{"id":"action42","type":"key","parameters":{},"actions":[{"type":"keyDown","value":""},{"type":"pause","duration":10},{"type":"keyUp","value":""}]}]}
RESULT: {"actions":[{"id":"action42","type":"key","parameters":{},"actions":[{"type":"keyDown","value":""},{"type":"pause","duration":10},{"type":"keyUp","value":""}]}]}
COMMAND: GET /session/b0bce561eedd0ef2cd491e5795c56593/screenshot - {}
RESULT: {}
COMMAND: POST /session/b0bce561eedd0ef2cd491e5795c56593/execute/async - {"script":"<script> [1562 bytes]","args":[{"selector":{"id":"application-managehandovers-display-component---AddNewHO--popup-sa","searchOpenDialogs":true,"interaction":{"idSuffix":"CbBg"}},"wdio_ui5_key":"applicationmanagehandovers-display-component---AddNewHO--popup-sa"}]}
RESULT: {"script":"<script> [1562 bytes]","args":[{"selector":{"id":"application-managehandovers-display-component---AddNewHO--popup-sa","searchOpenDialogs":true,"interaction":{"idSuffix":"CbBg"}},"wdio_ui5_key":"applicationmanagehandovers-display-component---AddNewHO--popup-sa"}]}
RESULT: undefined
COMMAND: POST /session/b0bce561eedd0ef2cd491e5795c56593/element - {"using":"xpath","value":"//*[@id=\"application-managehandovers-display-component---AddNewHO--popup-sa\"]"}
RESULT: {"using":"xpath","value":"//*[@id=\"application-managehandovers-display-component---AddNewHO--popup-sa\"]"}
COMMAND: POST /session/b0bce561eedd0ef2cd491e5795c56593/element/f.633F000A9FA1F61B5279087A5498CC04.d.FA4D3FE53C1499CFA67A857F1B4D64D9.e.12202/click - {}
RESULT: {}
COMMAND: GET /session/b0bce561eedd0ef2cd491e5795c56593/screenshot - {}
RESULT: {}
COMMAND: POST /session/b0bce561eedd0ef2cd491e5795c56593/element - {"using":"xpath","value":"//bdi[contains(text(), \"Select\")]"}
RESULT: {"using":"xpath","value":"//bdi[contains(text(), \"Select\")]"}
COMMAND: POST /session/b0bce561eedd0ef2cd491e5795c56593/element/f.633F000A9FA1F61B5279087A5498CC04.d.FA4D3FE53C1499CFA67A857F1B4D64D9.e.12203/click - {}
RESULT: {}
COMMAND: GET /session/b0bce561eedd0ef2cd491e5795c56593/screenshot - {}
RESULT: {}
COMMAND: POST /session/b0bce561eedd0ef2cd491e5795c56593/element - {"using":"xpath","value":"//button[@data-kt=\"AddNewHOSaveButton\"]"}
RESULT: {"using":"xpath","value":"//button[@data-kt=\"AddNewHOSaveButton\"]"}
COMMAND: POST /session/b0bce561eedd0ef2cd491e5795c56593/element/f.633F000A9FA1F61B5279087A5498CC04.d.FA4D3FE53C1499CFA67A857F1B4D64D9.e.12207/click - {}
RESULT: {}
COMMAND: GET /session/b0bce561eedd0ef2cd491e5795c56593/screenshot - {}
RESULT: {}
COMMAND: POST /session/b0bce561eedd0ef2cd491e5795c56593/execute/async - {"script":"<script> [1562 bytes]","args":[{"selector":{"id":"receiptDatePicker","viewName":"etm.portal.ui.managehandovers.view.DetailExecuteHO","interaction":{"idSuffix":"inner"}},"wdio_ui5_key":"receiptDatePickeretmportal.ui.managehandovers.view.DetailExecuteHO"}]}
RESULT: {"script":"<script> [1562 bytes]","args":[{"selector":{"id":"receiptDatePicker","viewName":"etm.portal.ui.managehandovers.view.DetailExecuteHO","interaction":{"idSuffix":"inner"}},"wdio_ui5_key":"receiptDatePickeretmportal.ui.managehandovers.view.DetailExecuteHO"}]}
RESULT: undefined
COMMAND: POST /session/b0bce561eedd0ef2cd491e5795c56593/execute/async - {"script":"<script> [6424 bytes]","args":[{"element-6066-11e4-a52e-4f735466cecf":"f.633F000A9FA1F61B5279087A5498CC04.d.FA4D3FE53C1499CFA67A857F1B4D64D9.e.12236"},"setValue",["04/20/2025"]]}
RESULT: {"script":"<script> [6424 bytes]","args":[{"element-6066-11e4-a52e-4f735466cecf":"f.633F000A9FA1F61B5279087A5498CC04.d.FA4D3FE53C1499CFA67A857F1B4D64D9.e.12236"},"setValue",["04/20/2025"]]}
COMMAND: POST /session/b0bce561eedd0ef2cd491e5795c56593/element - {"using":"xpath","value":"//button[@data-kt=\"PickingTableConfirmAllButton\"]"}
RESULT: {"using":"xpath","value":"//button[@data-kt=\"PickingTableConfirmAllButton\"]"}
COMMAND: POST /session/b0bce561eedd0ef2cd491e5795c56593/element/f.633F000A9FA1F61B5279087A5498CC04.d.FA4D3FE53C1499CFA67A857F1B4D64D9.e.12251/click - {}
RESULT: {}
COMMAND: GET /session/b0bce561eedd0ef2cd491e5795c56593/screenshot - {}
RESULT: {}
COMMAND: POST /session/b0bce561eedd0ef2cd491e5795c56593/element - {"using":"xpath","value":"//bdi[contains(text(), \"OK\")]"}
RESULT: {"using":"xpath","value":"//bdi[contains(text(), \"OK\")]"}
COMMAND: POST /session/b0bce561eedd0ef2cd491e5795c56593/element/f.633F000A9FA1F61B5279087A5498CC04.d.FA4D3FE53C1499CFA67A857F1B4D64D9.e.12253/click - {}
RESULT: {}
COMMAND: GET /session/b0bce561eedd0ef2cd491e5795c56593/screenshot - {}
RESULT: {}
COMMAND: POST /session/b0bce561eedd0ef2cd491e5795c56593/element - {"using":"xpath","value":"(//bdi[contains(text(), \"Receive\")])[2]"}
RESULT: {"using":"xpath","value":"(//bdi[contains(text(), \"Receive\")])[2]"}
COMMAND: POST /session/b0bce561eedd0ef2cd491e5795c56593/element/f.633F000A9FA1F61B5279087A5498CC04.d.FA4D3FE53C1499CFA67A857F1B4D64D9.e.12255/click - {}
RESULT: {}
COMMAND: GET /session/b0bce561eedd0ef2cd491e5795c56593/screenshot - {}
RESULT: {}
COMMAND: POST /session/b0bce561eedd0ef2cd491e5795c56593/element - {"using":"css selector","value":"#shell-header-logo"}
RESULT: {"using":"css selector","value":"#shell-header-logo"}
COMMAND: POST /session/b0bce561eedd0ef2cd491e5795c56593/element/f.633F000A9FA1F61B5279087A5498CC04.d.FA4D3FE53C1499CFA67A857F1B4D64D9.e.11649/click - {}
RESULT: {}
COMMAND: GET /session/b0bce561eedd0ef2cd491e5795c56593/screenshot - {}
RESULT: {}
]]></system-out>
    </testcase>
    <testcase classname="chrome.135_0_7049_42.windows.Create_master_data_for_mixed_billing_&amp;_do_billing_calculation_US151661" name="Should create a new contract" time="60.965">
      <system-out><![CDATA[
COMMAND: POST /session/b0bce561eedd0ef2cd491e5795c56593/execute/async - {"script":"<script> [1562 bytes]","args":[{"selector":{"controlType":"sap.m.Text","viewName":"etm.portal.ui.managecontractstile.view.Master","properties":{"text":"Manage Contracts"},"interaction":{"idSuffix":"inner"}},"wdio_ui5_key":"etmportal.ui.managecontractstile.view.Mastersap.m.Text{\"text\":\"Manage Contracts\"}"}]}
RESULT: {"script":"<script> [1562 bytes]","args":[{"selector":{"controlType":"sap.m.Text","viewName":"etm.portal.ui.managecontractstile.view.Master","properties":{"text":"Manage Contracts"},"interaction":{"idSuffix":"inner"}},"wdio_ui5_key":"etmportal.ui.managecontractstile.view.Mastersap.m.Text{\"text\":\"Manage Contracts\"}"}]}
RESULT: undefined
COMMAND: POST /session/b0bce561eedd0ef2cd491e5795c56593/element - {"using":"xpath","value":"//*[@id=\"__tile130-title\"]"}
RESULT: {"using":"xpath","value":"//*[@id=\"__tile130-title\"]"}
COMMAND: POST /session/b0bce561eedd0ef2cd491e5795c56593/element/f.633F000A9FA1F61B5279087A5498CC04.d.FA4D3FE53C1499CFA67A857F1B4D64D9.e.12427/click - {}
RESULT: {}
COMMAND: GET /session/b0bce561eedd0ef2cd491e5795c56593/screenshot - {}
COMMAND: POST /session/b0bce561eedd0ef2cd491e5795c56593/element - {"using":"xpath","value":"//button[@data-kt=\"addButton\"]"}
RESULT: undefined
RESULT: undefined
RESULT: {}
RESULT: {"using":"xpath","value":"//button[@data-kt=\"addButton\"]"}
COMMAND: POST /session/b0bce561eedd0ef2cd491e5795c56593/elements - {"using":"xpath","value":"//button[@data-kt=\"addButton\"]"}
RESULT: {"using":"xpath","value":"//button[@data-kt=\"addButton\"]"}
COMMAND: POST /session/b0bce561eedd0ef2cd491e5795c56593/execute/sync - {"script":"<script> [8489 bytes]","args":[{"element-6066-11e4-a52e-4f735466cecf":"f.633F000A9FA1F61B5279087A5498CC04.d.FA4D3FE53C1499CFA67A857F1B4D64D9.e.12497","ELEMENT":"f.633F000A9FA1F61B5279087A5498CC04.d.FA4D3FE53C1499CFA67A857F1B4D64D9.e.12497"}]}
RESULT: {"script":"<script> [8489 bytes]","args":[{"element-6066-11e4-a52e-4f735466cecf":"f.633F000A9FA1F61B5279087A5498CC04.d.FA4D3FE53C1499CFA67A857F1B4D64D9.e.12497","ELEMENT":"f.633F000A9FA1F61B5279087A5498CC04.d.FA4D3FE53C1499CFA67A857F1B4D64D9.e.12497"}]}
COMMAND: GET /session/b0bce561eedd0ef2cd491e5795c56593/element/f.633F000A9FA1F61B5279087A5498CC04.d.FA4D3FE53C1499CFA67A857F1B4D64D9.e.12497/enabled - {}
COMMAND: GET /session/b0bce561eedd0ef2cd491e5795c56593/screenshot - {}
RESULT: {}
COMMAND: POST /session/b0bce561eedd0ef2cd491e5795c56593/execute/sync - {"script":"<script> [8489 bytes]","args":[{"element-6066-11e4-a52e-4f735466cecf":"f.633F000A9FA1F61B5279087A5498CC04.d.FA4D3FE53C1499CFA67A857F1B4D64D9.e.12497","ELEMENT":"f.633F000A9FA1F61B5279087A5498CC04.d.FA4D3FE53C1499CFA67A857F1B4D64D9.e.12497"}]}
COMMAND: GET /session/b0bce561eedd0ef2cd491e5795c56593/screenshot - {}
RESULT: {}
RESULT: {"script":"<script> [8489 bytes]","args":[{"element-6066-11e4-a52e-4f735466cecf":"f.633F000A9FA1F61B5279087A5498CC04.d.FA4D3FE53C1499CFA67A857F1B4D64D9.e.12497","ELEMENT":"f.633F000A9FA1F61B5279087A5498CC04.d.FA4D3FE53C1499CFA67A857F1B4D64D9.e.12497"}]}
COMMAND: POST /session/b0bce561eedd0ef2cd491e5795c56593/execute/sync - {"script":"<script> [5351 bytes]","args":[{"element-6066-11e4-a52e-4f735466cecf":"f.633F000A9FA1F61B5279087A5498CC04.d.FA4D3FE53C1499CFA67A857F1B4D64D9.e.12497","ELEMENT":"f.633F000A9FA1F61B5279087A5498CC04.d.FA4D3FE53C1499CFA67A857F1B4D64D9.e.12497"}]}
COMMAND: GET /session/b0bce561eedd0ef2cd491e5795c56593/screenshot - {}
RESULT: {}
RESULT: {"script":"<script> [5351 bytes]","args":[{"element-6066-11e4-a52e-4f735466cecf":"f.633F000A9FA1F61B5279087A5498CC04.d.FA4D3FE53C1499CFA67A857F1B4D64D9.e.12497","ELEMENT":"f.633F000A9FA1F61B5279087A5498CC04.d.FA4D3FE53C1499CFA67A857F1B4D64D9.e.12497"}]}
COMMAND: GET /session/b0bce561eedd0ef2cd491e5795c56593/screenshot - {}
RESULT: {}
RESULT: {}
COMMAND: POST /session/b0bce561eedd0ef2cd491e5795c56593/element/f.633F000A9FA1F61B5279087A5498CC04.d.FA4D3FE53C1499CFA67A857F1B4D64D9.e.12497/click - {}
RESULT: {}
COMMAND: GET /session/b0bce561eedd0ef2cd491e5795c56593/screenshot - {}
COMMAND: POST /session/b0bce561eedd0ef2cd491e5795c56593/execute/async - {"script":"<script> [1562 bytes]","args":[{"selector":{"id":"application-managecontracts-display-component---AddNewContract--projectDescription","interaction":{"idSuffix":"inner"}},"wdio_ui5_key":"applicationmanagecontracts-display-component---AddNewContract--projectDescription"}]}
RESULT: {}
RESULT: {"script":"<script> [1562 bytes]","args":[{"selector":{"id":"application-managecontracts-display-component---AddNewContract--projectDescription","interaction":{"idSuffix":"inner"}},"wdio_ui5_key":"applicationmanagecontracts-display-component---AddNewContract--projectDescription"}]}
RESULT: undefined
COMMAND: POST /session/b0bce561eedd0ef2cd491e5795c56593/execute/async - {"script":"<script> [776 bytes]","args":[{"enterText":"Mixed Contract WDIO","selector":{"id":"application-managecontracts-display-component---AddNewContract--projectDescription","interaction":{"idSuffix":"inner"}},"clearTextFirst":true,"interactionType":"ENTER_TEXT"}]}
RESULT: {"script":"<script> [776 bytes]","args":[{"enterText":"Mixed Contract WDIO","selector":{"id":"application-managecontracts-display-component---AddNewContract--projectDescription","interaction":{"idSuffix":"inner"}},"clearTextFirst":true,"interactionType":"ENTER_TEXT"}]}
COMMAND: POST /session/b0bce561eedd0ef2cd491e5795c56593/element - {"using":"xpath","value":"//input[@id=\"application-managecontracts-display-component---AddNewContract--site-inner\"]"}
RESULT: {"using":"xpath","value":"//input[@id=\"application-managecontracts-display-component---AddNewContract--site-inner\"]"}
COMMAND: POST /session/b0bce561eedd0ef2cd491e5795c56593/element/f.633F000A9FA1F61B5279087A5498CC04.d.FA4D3FE53C1499CFA67A857F1B4D64D9.e.12787/clear - {}
RESULT: {}
COMMAND: POST /session/b0bce561eedd0ef2cd491e5795c56593/element/f.633F000A9FA1F61B5279087A5498CC04.d.FA4D3FE53C1499CFA67A857F1B4D64D9.e.12787/value - {"text":"2430"}
COMMAND: GET /session/b0bce561eedd0ef2cd491e5795c56593/screenshot - {}
RESULT: {"text":"2430"}
COMMAND: GET /session/b0bce561eedd0ef2cd491e5795c56593/screenshot - {}
RESULT: {}
RESULT: {}
COMMAND: POST /session/b0bce561eedd0ef2cd491e5795c56593/element - {"using":"xpath","value":"//li[.//span[text()='2430']]"}
RESULT: {"using":"xpath","value":"//li[.//span[text()='2430']]"}
COMMAND: POST /session/b0bce561eedd0ef2cd491e5795c56593/element/f.633F000A9FA1F61B5279087A5498CC04.d.FA4D3FE53C1499CFA67A857F1B4D64D9.e.12810/click - {}
RESULT: {}
COMMAND: GET /session/b0bce561eedd0ef2cd491e5795c56593/screenshot - {}
RESULT: {}
COMMAND: POST /session/b0bce561eedd0ef2cd491e5795c56593/element - {"using":"xpath","value":"//input[@id=\"application-managecontracts-display-component---AddNewContract--yardId-inner\"]"}
RESULT: {"using":"xpath","value":"//input[@id=\"application-managecontracts-display-component---AddNewContract--yardId-inner\"]"}
COMMAND: GET /session/b0bce561eedd0ef2cd491e5795c56593/element/f.633F000A9FA1F61B5279087A5498CC04.d.FA4D3FE53C1499CFA67A857F1B4D64D9.e.12788/property/value - {}
RESULT: {}
COMMAND: POST /session/b0bce561eedd0ef2cd491e5795c56593/element - {"using":"xpath","value":"//input[@id=\"application-managecontracts-display-component---AddNewContract--customerSelect-inner\"]"}
COMMAND: GET /session/b0bce561eedd0ef2cd491e5795c56593/screenshot - {}
RESULT: {"using":"xpath","value":"//input[@id=\"application-managecontracts-display-component---AddNewContract--customerSelect-inner\"]"}
COMMAND: POST /session/b0bce561eedd0ef2cd491e5795c56593/element/f.633F000A9FA1F61B5279087A5498CC04.d.FA4D3FE53C1499CFA67A857F1B4D64D9.e.12786/clear - {}
RESULT: {}
RESULT: {}
COMMAND: POST /session/b0bce561eedd0ef2cd491e5795c56593/element/f.633F000A9FA1F61B5279087A5498CC04.d.FA4D3FE53C1499CFA67A857F1B4D64D9.e.12786/value - {"text":"1473"}
COMMAND: GET /session/b0bce561eedd0ef2cd491e5795c56593/screenshot - {}
RESULT: {"text":"1473"}
COMMAND: GET /session/b0bce561eedd0ef2cd491e5795c56593/screenshot - {}
RESULT: {}
RESULT: {}
COMMAND: POST /session/b0bce561eedd0ef2cd491e5795c56593/element - {"using":"xpath","value":"//li[.//span[text()='1473']]"}
RESULT: {"using":"xpath","value":"//li[.//span[text()='1473']]"}
COMMAND: POST /session/b0bce561eedd0ef2cd491e5795c56593/element/f.633F000A9FA1F61B5279087A5498CC04.d.FA4D3FE53C1499CFA67A857F1B4D64D9.e.12813/click - {}
RESULT: {}
COMMAND: GET /session/b0bce561eedd0ef2cd491e5795c56593/screenshot - {}
RESULT: {}
COMMAND: POST /session/b0bce561eedd0ef2cd491e5795c56593/element - {"using":"xpath","value":"//button[@data-kt=\"saveButton\"]"}
RESULT: {"using":"xpath","value":"//button[@data-kt=\"saveButton\"]"}
COMMAND: POST /session/b0bce561eedd0ef2cd491e5795c56593/element/f.633F000A9FA1F61B5279087A5498CC04.d.FA4D3FE53C1499CFA67A857F1B4D64D9.e.12800/click - {}
RESULT: {}
COMMAND: GET /session/b0bce561eedd0ef2cd491e5795c56593/screenshot - {}
RESULT: {}
COMMAND: POST /session/b0bce561eedd0ef2cd491e5795c56593/element - {"using":"xpath","value":"//span[contains(@id ,\"contractDetailTitleNoExpanded\")]"}
RESULT: {"using":"xpath","value":"//span[contains(@id ,\"contractDetailTitleNoExpanded\")]"}
COMMAND: POST /session/b0bce561eedd0ef2cd491e5795c56593/elements - {"using":"xpath","value":"//span[contains(@id ,\"contractDetailTitleNoExpanded\")]"}
RESULT: {"using":"xpath","value":"//span[contains(@id ,\"contractDetailTitleNoExpanded\")]"}
COMMAND: POST /session/b0bce561eedd0ef2cd491e5795c56593/execute/sync - {"script":"<script> [56 bytes]","args":[{"element-6066-11e4-a52e-4f735466cecf":"f.633F000A9FA1F61B5279087A5498CC04.d.FA4D3FE53C1499CFA67A857F1B4D64D9.e.12883","ELEMENT":"f.633F000A9FA1F61B5279087A5498CC04.d.FA4D3FE53C1499CFA67A857F1B4D64D9.e.12883"}]}
RESULT: {"script":"<script> [56 bytes]","args":[{"element-6066-11e4-a52e-4f735466cecf":"f.633F000A9FA1F61B5279087A5498CC04.d.FA4D3FE53C1499CFA67A857F1B4D64D9.e.12883","ELEMENT":"f.633F000A9FA1F61B5279087A5498CC04.d.FA4D3FE53C1499CFA67A857F1B4D64D9.e.12883"}]}
COMMAND: GET /session/b0bce561eedd0ef2cd491e5795c56593/screenshot - {}
RESULT: {}
]]></system-out>
    </testcase>
    <testcase classname="chrome.135_0_7049_42.windows.Create_master_data_for_mixed_billing_&amp;_do_billing_calculation_US151661" name="Should add equipment to the contract" time="40.752">
      <system-out><![CDATA[
COMMAND: POST /session/b0bce561eedd0ef2cd491e5795c56593/element - {"using":"xpath","value":"//button[@data-kt=\"contractDetailEditBtnButton\"]"}
RESULT: {"using":"xpath","value":"//button[@data-kt=\"contractDetailEditBtnButton\"]"}
COMMAND: POST /session/b0bce561eedd0ef2cd491e5795c56593/element/f.633F000A9FA1F61B5279087A5498CC04.d.FA4D3FE53C1499CFA67A857F1B4D64D9.e.12884/click - {}
RESULT: {}
COMMAND: GET /session/b0bce561eedd0ef2cd491e5795c56593/screenshot - {}
RESULT: {}
COMMAND: POST /session/b0bce561eedd0ef2cd491e5795c56593/element - {"using":"xpath","value":"(//span[contains(text(), \"Additional Addresses\")])[2]"}
RESULT: {"using":"xpath","value":"(//span[contains(text(), \"Additional Addresses\")])[2]"}
COMMAND: POST /session/b0bce561eedd0ef2cd491e5795c56593/element/f.633F000A9FA1F61B5279087A5498CC04.d.FA4D3FE53C1499CFA67A857F1B4D64D9.e.12940/click - {}
RESULT: {}
COMMAND: GET /session/b0bce561eedd0ef2cd491e5795c56593/screenshot - {}
RESULT: {}
COMMAND: POST /session/b0bce561eedd0ef2cd491e5795c56593/element - {"using":"xpath","value":"//button[@data-kt=\"btnAddTableRowOverflowToolbarButton\"]"}
RESULT: {"using":"xpath","value":"//button[@data-kt=\"btnAddTableRowOverflowToolbarButton\"]"}
COMMAND: POST /session/b0bce561eedd0ef2cd491e5795c56593/element/f.633F000A9FA1F61B5279087A5498CC04.d.FA4D3FE53C1499CFA67A857F1B4D64D9.e.12943/click - {}
RESULT: {}
COMMAND: GET /session/b0bce561eedd0ef2cd491e5795c56593/screenshot - {}
RESULT: {}
COMMAND: POST /session/b0bce561eedd0ef2cd491e5795c56593/element - {"using":"xpath","value":"//div[(text() = 'Standard Entry' or . = 'Standard Entry')]"}
RESULT: {"using":"xpath","value":"//div[(text() = 'Standard Entry' or . = 'Standard Entry')]"}
COMMAND: POST /session/b0bce561eedd0ef2cd491e5795c56593/element/f.633F000A9FA1F61B5279087A5498CC04.d.FA4D3FE53C1499CFA67A857F1B4D64D9.e.12945/click - {}
RESULT: {}
COMMAND: GET /session/b0bce561eedd0ef2cd491e5795c56593/screenshot - {}
RESULT: {}
COMMAND: POST /session/b0bce561eedd0ef2cd491e5795c56593/element - {"using":"xpath","value":"//td[7]/div/div/input"}
RESULT: {"using":"xpath","value":"//td[7]/div/div/input"}
COMMAND: POST /session/b0bce561eedd0ef2cd491e5795c56593/element/f.633F000A9FA1F61B5279087A5498CC04.d.FA4D3FE53C1499CFA67A857F1B4D64D9.e.12954/clear - {}
RESULT: {}
COMMAND: POST /session/b0bce561eedd0ef2cd491e5795c56593/element/f.633F000A9FA1F61B5279087A5498CC04.d.FA4D3FE53C1499CFA67A857F1B4D64D9.e.12954/value - {"text":"Ccvwx3px3L"}
COMMAND: GET /session/b0bce561eedd0ef2cd491e5795c56593/screenshot - {}
RESULT: {"text":"Ccvwx3px3L"}
COMMAND: GET /session/b0bce561eedd0ef2cd491e5795c56593/screenshot - {}
RESULT: {}
RESULT: {}
COMMAND: POST /session/b0bce561eedd0ef2cd491e5795c56593/actions - {"actions":[{"id":"action43","type":"key","parameters":{},"actions":[{"type":"keyDown","value":""},{"type":"pause","duration":10},{"type":"keyUp","value":""}]}]}
RESULT: {"actions":[{"id":"action43","type":"key","parameters":{},"actions":[{"type":"keyDown","value":""},{"type":"pause","duration":10},{"type":"keyUp","value":""}]}]}
COMMAND: GET /session/b0bce561eedd0ef2cd491e5795c56593/screenshot - {}
RESULT: {}
COMMAND: POST /session/b0bce561eedd0ef2cd491e5795c56593/element - {"using":"xpath","value":"(//button[@data-kt=\"saveButton\"])[2]"}
RESULT: {"using":"xpath","value":"(//button[@data-kt=\"saveButton\"])[2]"}
COMMAND: POST /session/b0bce561eedd0ef2cd491e5795c56593/element/f.633F000A9FA1F61B5279087A5498CC04.d.FA4D3FE53C1499CFA67A857F1B4D64D9.e.12969/click - {}
RESULT: {}
COMMAND: GET /session/b0bce561eedd0ef2cd491e5795c56593/screenshot - {}
RESULT: {}
COMMAND: POST /session/b0bce561eedd0ef2cd491e5795c56593/element - {"using":"xpath","value":"//span[contains(@id ,\"contractItemsSmartTable-header-inner\")]"}
RESULT: {"using":"xpath","value":"//span[contains(@id ,\"contractItemsSmartTable-header-inner\")]"}
COMMAND: POST /session/b0bce561eedd0ef2cd491e5795c56593/elements - {"using":"xpath","value":"//span[contains(@id ,\"contractItemsSmartTable-header-inner\")]"}
RESULT: {"using":"xpath","value":"//span[contains(@id ,\"contractItemsSmartTable-header-inner\")]"}
COMMAND: POST /session/b0bce561eedd0ef2cd491e5795c56593/execute/sync - {"script":"<script> [56 bytes]","args":[{"element-6066-11e4-a52e-4f735466cecf":"f.633F000A9FA1F61B5279087A5498CC04.d.FA4D3FE53C1499CFA67A857F1B4D64D9.e.12976","ELEMENT":"f.633F000A9FA1F61B5279087A5498CC04.d.FA4D3FE53C1499CFA67A857F1B4D64D9.e.12976"}]}
RESULT: {"script":"<script> [56 bytes]","args":[{"element-6066-11e4-a52e-4f735466cecf":"f.633F000A9FA1F61B5279087A5498CC04.d.FA4D3FE53C1499CFA67A857F1B4D64D9.e.12976","ELEMENT":"f.633F000A9FA1F61B5279087A5498CC04.d.FA4D3FE53C1499CFA67A857F1B4D64D9.e.12976"}]}
COMMAND: GET /session/b0bce561eedd0ef2cd491e5795c56593/screenshot - {}
]]></system-out>
    </testcase>
    <testcase classname="chrome.135_0_7049_42.windows.Create_master_data_for_mixed_billing_&amp;_do_billing_calculation_US151661" name="Should do a provide to site handover" time="70.668">
      <system-out><![CDATA[
COMMAND: POST /session/b0bce561eedd0ef2cd491e5795c56593/element - {"using":"xpath","value":"//button[@data-kt=\"provideButton\"]"}
RESULT: {}
RESULT: {"using":"xpath","value":"//button[@data-kt=\"provideButton\"]"}
COMMAND: POST /session/b0bce561eedd0ef2cd491e5795c56593/element/f.633F000A9FA1F61B5279087A5498CC04.d.FA4D3FE53C1499CFA67A857F1B4D64D9.e.12977/click - {}
RESULT: {}
COMMAND: GET /session/b0bce561eedd0ef2cd491e5795c56593/screenshot - {}
RESULT: undefined
COMMAND: POST /session/b0bce561eedd0ef2cd491e5795c56593/execute/async - {"script":"<script> [6424 bytes]","args":[{"element-6066-11e4-a52e-4f735466cecf":"f.633F000A9FA1F61B5279087A5498CC04.d.FA4D3FE53C1499CFA67A857F1B4D64D9.e.12021"},"setValue",["04/20/2025"]]}
RESULT: {}
COMMAND: POST /session/b0bce561eedd0ef2cd491e5795c56593/execute/async - {"script":"<script> [1562 bytes]","args":[{"selector":{"id":"application-managehandovers-display-component---AddNewHO--dueDate","interaction":{"idSuffix":"inner"}},"wdio_ui5_key":"applicationmanagehandovers-display-component---AddNewHO--dueDate"}]}
RESULT: {"script":"<script> [1562 bytes]","args":[{"selector":{"id":"application-managehandovers-display-component---AddNewHO--dueDate","interaction":{"idSuffix":"inner"}},"wdio_ui5_key":"applicationmanagehandovers-display-component---AddNewHO--dueDate"}]}
COMMAND: POST /session/b0bce561eedd0ef2cd491e5795c56593/execute/async - {"script":"<script> [6424 bytes]","args":[{"element-6066-11e4-a52e-4f735466cecf":"f.633F000A9FA1F61B5279087A5498CC04.d.FA4D3FE53C1499CFA67A857F1B4D64D9.e.13030"},"setValue",["04/20/2025"]]}
RESULT: {"script":"<script> [6424 bytes]","args":[{"element-6066-11e4-a52e-4f735466cecf":"f.633F000A9FA1F61B5279087A5498CC04.d.FA4D3FE53C1499CFA67A857F1B4D64D9.e.13030"},"setValue",["04/20/2025"]]}
COMMAND: POST /session/b0bce561eedd0ef2cd491e5795c56593/element - {"using":"xpath","value":"//bdi[contains(text(), \"Instructions\")]"}
RESULT: {"using":"xpath","value":"//bdi[contains(text(), \"Instructions\")]"}
COMMAND: POST /session/b0bce561eedd0ef2cd491e5795c56593/element/f.633F000A9FA1F61B5279087A5498CC04.d.FA4D3FE53C1499CFA67A857F1B4D64D9.e.13287/click - {}
RESULT: {}
COMMAND: GET /session/b0bce561eedd0ef2cd491e5795c56593/screenshot - {}
RESULT: {}
COMMAND: POST /session/b0bce561eedd0ef2cd491e5795c56593/element - {"using":"xpath","value":"//button[@data-kt=\"AddNewHOProvideAddItemsButton\"]"}
RESULT: {"using":"xpath","value":"//button[@data-kt=\"AddNewHOProvideAddItemsButton\"]"}
COMMAND: POST /session/b0bce561eedd0ef2cd491e5795c56593/element/f.633F000A9FA1F61B5279087A5498CC04.d.FA4D3FE53C1499CFA67A857F1B4D64D9.e.13291/click - {}
RESULT: {}
COMMAND: GET /session/b0bce561eedd0ef2cd491e5795c56593/screenshot - {}
RESULT: undefined
COMMAND: POST /session/b0bce561eedd0ef2cd491e5795c56593/element - {"using":"xpath","value":"//*[@id=\"application-managehandovers-display-component---AddNewHO--popup-sa\"]"}
RESULT: {}
RESULT: {"using":"xpath","value":"//*[@id=\"application-managehandovers-display-component---AddNewHO--popup-sa\"]"}
COMMAND: POST /session/b0bce561eedd0ef2cd491e5795c56593/element/f.633F000A9FA1F61B5279087A5498CC04.d.FA4D3FE53C1499CFA67A857F1B4D64D9.e.13307/click - {}
RESULT: {}
COMMAND: GET /session/b0bce561eedd0ef2cd491e5795c56593/screenshot - {}
RESULT: {}
COMMAND: POST /session/b0bce561eedd0ef2cd491e5795c56593/element - {"using":"xpath","value":"//*[contains(@id ,\"BDI-content\")][contains(text(), \"Select\")]"}
RESULT: {"using":"xpath","value":"//*[contains(@id ,\"BDI-content\")][contains(text(), \"Select\")]"}
COMMAND: POST /session/b0bce561eedd0ef2cd491e5795c56593/element/f.633F000A9FA1F61B5279087A5498CC04.d.FA4D3FE53C1499CFA67A857F1B4D64D9.e.13309/click - {}
RESULT: {}
COMMAND: GET /session/b0bce561eedd0ef2cd491e5795c56593/screenshot - {}
RESULT: {}
COMMAND: POST /session/b0bce561eedd0ef2cd491e5795c56593/execute/async - {"script":"<script> [1562 bytes]","args":[{"selector":{"id":"application-managehandovers-display-component---AddNewHO--confirmCreationButton","interaction":{"idSuffix":"BDI-content"}},"wdio_ui5_key":"applicationmanagehandovers-display-component---AddNewHO--confirmCreationButton"}]}
RESULT: {"script":"<script> [1562 bytes]","args":[{"selector":{"id":"application-managehandovers-display-component---AddNewHO--confirmCreationButton","interaction":{"idSuffix":"BDI-content"}},"wdio_ui5_key":"applicationmanagehandovers-display-component---AddNewHO--confirmCreationButton"}]}
RESULT: undefined
COMMAND: POST /session/b0bce561eedd0ef2cd491e5795c56593/element - {"using":"xpath","value":"//*[@id=\"application-managehandovers-display-component---AddNewHO--confirmCreationButton\"]"}
RESULT: {"using":"xpath","value":"//*[@id=\"application-managehandovers-display-component---AddNewHO--confirmCreationButton\"]"}
COMMAND: POST /session/b0bce561eedd0ef2cd491e5795c56593/element/f.633F000A9FA1F61B5279087A5498CC04.d.FA4D3FE53C1499CFA67A857F1B4D64D9.e.13089/click - {}
RESULT: {}
COMMAND: GET /session/b0bce561eedd0ef2cd491e5795c56593/screenshot - {}
RESULT: {}
COMMAND: POST /session/b0bce561eedd0ef2cd491e5795c56593/element - {"using":"xpath","value":"//button[@data-kt=\"PickingTableConfirmAllButton\"]"}
RESULT: {"using":"xpath","value":"//button[@data-kt=\"PickingTableConfirmAllButton\"]"}
COMMAND: POST /session/b0bce561eedd0ef2cd491e5795c56593/elements - {"using":"xpath","value":"//button[@data-kt=\"PickingTableConfirmAllButton\"]"}
RESULT: {"using":"xpath","value":"//button[@data-kt=\"PickingTableConfirmAllButton\"]"}
COMMAND: POST /session/b0bce561eedd0ef2cd491e5795c56593/elements - {"using":"xpath","value":"//button[@data-kt=\"PickingTableConfirmAllButton\"]"}
RESULT: {"using":"xpath","value":"//button[@data-kt=\"PickingTableConfirmAllButton\"]"}
COMMAND: POST /session/b0bce561eedd0ef2cd491e5795c56593/elements - {"using":"xpath","value":"//button[@data-kt=\"PickingTableConfirmAllButton\"]"}
RESULT: {"using":"xpath","value":"//button[@data-kt=\"PickingTableConfirmAllButton\"]"}
COMMAND: POST /session/b0bce561eedd0ef2cd491e5795c56593/element - {"using":"xpath","value":"//button[@data-kt=\"PickingTableConfirmAllButton\"]"}
RESULT: {"using":"xpath","value":"//button[@data-kt=\"PickingTableConfirmAllButton\"]"}
COMMAND: POST /session/b0bce561eedd0ef2cd491e5795c56593/element/f.633F000A9FA1F61B5279087A5498CC04.d.FA4D3FE53C1499CFA67A857F1B4D64D9.e.13347/click - {}
COMMAND: POST /session/b0bce561eedd0ef2cd491e5795c56593/element - {"using":"xpath","value":"//button[@data-kt=\"PickingTableConfirmAllButton\"]"}
RESULT: {"using":"xpath","value":"//button[@data-kt=\"PickingTableConfirmAllButton\"]"}
COMMAND: POST /session/b0bce561eedd0ef2cd491e5795c56593/element/f.633F000A9FA1F61B5279087A5498CC04.d.FA4D3FE53C1499CFA67A857F1B4D64D9.e.13347/click - {}
COMMAND: POST /session/b0bce561eedd0ef2cd491e5795c56593/element - {"using":"xpath","value":"//button[@data-kt=\"PickingTableConfirmAllButton\"]"}
RESULT: {"using":"xpath","value":"//button[@data-kt=\"PickingTableConfirmAllButton\"]"}
COMMAND: POST /session/b0bce561eedd0ef2cd491e5795c56593/element/f.633F000A9FA1F61B5279087A5498CC04.d.FA4D3FE53C1499CFA67A857F1B4D64D9.e.13368/click - {}
RESULT: {}
COMMAND: GET /session/b0bce561eedd0ef2cd491e5795c56593/screenshot - {}
RESULT: {}
COMMAND: POST /session/b0bce561eedd0ef2cd491e5795c56593/element - {"using":"xpath","value":"//bdi[contains(text(), \"OK\")]"}
RESULT: {"using":"xpath","value":"//bdi[contains(text(), \"OK\")]"}
COMMAND: POST /session/b0bce561eedd0ef2cd491e5795c56593/element/f.633F000A9FA1F61B5279087A5498CC04.d.FA4D3FE53C1499CFA67A857F1B4D64D9.e.13372/click - {}
RESULT: {}
COMMAND: GET /session/b0bce561eedd0ef2cd491e5795c56593/screenshot - {}
RESULT: {}
COMMAND: POST /session/b0bce561eedd0ef2cd491e5795c56593/element - {"using":"xpath","value":"//bdi[contains(text(), \"Ok\")]"}
RESULT: {"using":"xpath","value":"//bdi[contains(text(), \"Ok\")]"}
COMMAND: POST /session/b0bce561eedd0ef2cd491e5795c56593/element/f.633F000A9FA1F61B5279087A5498CC04.d.FA4D3FE53C1499CFA67A857F1B4D64D9.e.13381/click - {}
RESULT: {}
COMMAND: GET /session/b0bce561eedd0ef2cd491e5795c56593/screenshot - {}
RESULT: {}
COMMAND: POST /session/b0bce561eedd0ef2cd491e5795c56593/element - {"using":"xpath","value":"//bdi[contains(text(), \"Issue\")]"}
RESULT: {"using":"xpath","value":"//bdi[contains(text(), \"Issue\")]"}
COMMAND: POST /session/b0bce561eedd0ef2cd491e5795c56593/element/f.633F000A9FA1F61B5279087A5498CC04.d.FA4D3FE53C1499CFA67A857F1B4D64D9.e.13383/click - {}
RESULT: {}
COMMAND: GET /session/b0bce561eedd0ef2cd491e5795c56593/screenshot - {}
RESULT: {}
COMMAND: POST /session/b0bce561eedd0ef2cd491e5795c56593/element - {"using":"css selector","value":"#shell-header-logo"}
RESULT: {"using":"css selector","value":"#shell-header-logo"}
COMMAND: POST /session/b0bce561eedd0ef2cd491e5795c56593/element/f.633F000A9FA1F61B5279087A5498CC04.d.FA4D3FE53C1499CFA67A857F1B4D64D9.e.12430/click - {}
RESULT: {}
COMMAND: GET /session/b0bce561eedd0ef2cd491e5795c56593/screenshot - {}
RESULT: {}
]]></system-out>
    </testcase>
    <testcase classname="chrome.135_0_7049_42.windows.Create_master_data_for_mixed_billing_&amp;_do_billing_calculation_US151661" name="Should create a few performance documents" time="109.587">
      <system-out><![CDATA[
COMMAND: POST /session/b0bce561eedd0ef2cd491e5795c56593/window/fullscreen - {}
RESULT: {}
COMMAND: POST /session/b0bce561eedd0ef2cd491e5795c56593/execute/async - {"script":"<script> [1562 bytes]","args":[{"selector":{"controlType":"sap.m.GenericTile","properties":{"header":"Manage States & Performance"}},"wdio_ui5_key":"sapm.GenericTile{\"header\":\"Manage States & Performance\"}"}]}
RESULT: {"script":"<script> [1562 bytes]","args":[{"selector":{"controlType":"sap.m.GenericTile","properties":{"header":"Manage States & Performance"}},"wdio_ui5_key":"sapm.GenericTile{\"header\":\"Manage States & Performance\"}"}]}
RESULT: undefined
COMMAND: POST /session/b0bce561eedd0ef2cd491e5795c56593/element - {"using":"xpath","value":"//*[@id=\"__tile96\"]"}
RESULT: {"using":"xpath","value":"//*[@id=\"__tile96\"]"}
COMMAND: POST /session/b0bce561eedd0ef2cd491e5795c56593/element/f.633F000A9FA1F61B5279087A5498CC04.d.FA4D3FE53C1499CFA67A857F1B4D64D9.e.8617/click - {}
RESULT: {}
COMMAND: POST /session/b0bce561eedd0ef2cd491e5795c56593/execute/async - {"script":"<script> [1562 bytes]","args":[{"selector":{"id":"application-managestatesandperformance-display-component---stateAndPerform--smartFilterBarResources-btnBasicSearch","interaction":{"idSuffix":"I"}},"wdio_ui5_key":"applicationmanagestatesandperformance-display-component---stateAndPerform--smartFilterBarResources-btnBasicSearch"}]}
COMMAND: GET /session/b0bce561eedd0ef2cd491e5795c56593/screenshot - {}
RESULT: {}
RESULT: {"script":"<script> [1562 bytes]","args":[{"selector":{"id":"application-managestatesandperformance-display-component---stateAndPerform--smartFilterBarResources-btnBasicSearch","interaction":{"idSuffix":"I"}},"wdio_ui5_key":"applicationmanagestatesandperformance-display-component---stateAndPerform--smartFilterBarResources-btnBasicSearch"}]}
RESULT: undefined
COMMAND: POST /session/b0bce561eedd0ef2cd491e5795c56593/execute/async - {"script":"<script> [776 bytes]","args":[{"enterText":"Ccvwx3px3L","selector":{"id":"application-managestatesandperformance-display-component---stateAndPerform--smartFilterBarResources-btnBasicSearch","interaction":{"idSuffix":"I"}},"clearTextFirst":true,"interactionType":"ENTER_TEXT"}]}
RESULT: {"script":"<script> [776 bytes]","args":[{"enterText":"Ccvwx3px3L","selector":{"id":"application-managestatesandperformance-display-component---stateAndPerform--smartFilterBarResources-btnBasicSearch","interaction":{"idSuffix":"I"}},"clearTextFirst":true,"interactionType":"ENTER_TEXT"}]}
COMMAND: POST /session/b0bce561eedd0ef2cd491e5795c56593/actions - {"actions":[{"id":"action44","type":"key","parameters":{},"actions":[{"type":"keyDown","value":""},{"type":"pause","duration":10},{"type":"keyUp","value":""}]}]}
RESULT: {"actions":[{"id":"action44","type":"key","parameters":{},"actions":[{"type":"keyDown","value":""},{"type":"pause","duration":10},{"type":"keyUp","value":""}]}]}
COMMAND: GET /session/b0bce561eedd0ef2cd491e5795c56593/screenshot - {}
RESULT: {}
COMMAND: POST /session/b0bce561eedd0ef2cd491e5795c56593/execute/async - {"script":"<script> [1562 bytes]","args":[{"selector":{"id":"application-managestatesandperformance-display-component---stateAndPerform--stateAndPerformResourcesSmartTable-header"},"wdio_ui5_key":"applicationmanagestatesandperformance-display-component---stateAndPerform--stateAndPerformResourcesSmartTable-header"}]}
RESULT: {"script":"<script> [1562 bytes]","args":[{"selector":{"id":"application-managestatesandperformance-display-component---stateAndPerform--stateAndPerformResourcesSmartTable-header"},"wdio_ui5_key":"applicationmanagestatesandperformance-display-component---stateAndPerform--stateAndPerformResourcesSmartTable-header"}]}
RESULT: undefined
COMMAND: POST /session/b0bce561eedd0ef2cd491e5795c56593/execute/async - {"script":"<script> [6424 bytes]","args":[{"element-6066-11e4-a52e-4f735466cecf":"f.633F000A9FA1F61B5279087A5498CC04.d.FA4D3FE53C1499CFA67A857F1B4D64D9.e.13679"},"getText",[]]}
RESULT: {"script":"<script> [6424 bytes]","args":[{"element-6066-11e4-a52e-4f735466cecf":"f.633F000A9FA1F61B5279087A5498CC04.d.FA4D3FE53C1499CFA67A857F1B4D64D9.e.13679"},"getText",[]]}
COMMAND: POST /session/b0bce561eedd0ef2cd491e5795c56593/execute/async - {"script":"<script> [1562 bytes]","args":[{"selector":{"controlType":"sap.ui.core.Icon","viewName":"etm.portal.ui.managestatesandperformance.view.Master","viewId":"application-managestatesandperformance-display-component---stateAndPerform","properties":{"src":{"regex":{"source":"slim\\-arrow\\-right"}}}},"wdio_ui5_key":"etmportal.ui.managestatesandperformance.view.Mastersap.ui.core.Icon{\"src\":{\"regex\":{\"source\":\"slim\\\\-arrow\\\\-right\"}}}"}]}
RESULT: {"script":"<script> [1562 bytes]","args":[{"selector":{"controlType":"sap.ui.core.Icon","viewName":"etm.portal.ui.managestatesandperformance.view.Master","viewId":"application-managestatesandperformance-display-component---stateAndPerform","properties":{"src":{"regex":{"source":"slim\\-arrow\\-right"}}}},"wdio_ui5_key":"etmportal.ui.managestatesandperformance.view.Mastersap.ui.core.Icon{\"src\":{\"regex\":{\"source\":\"slim\\\\-arrow\\\\-right\"}}}"}]}
RESULT: undefined
COMMAND: POST /session/b0bce561eedd0ef2cd491e5795c56593/element - {"using":"xpath","value":"//*[@id=\"__item3243-__clone12457-imgNav\"]"}
RESULT: {"using":"xpath","value":"//*[@id=\"__item3243-__clone12457-imgNav\"]"}
COMMAND: POST /session/b0bce561eedd0ef2cd491e5795c56593/element/f.633F000A9FA1F61B5279087A5498CC04.d.FA4D3FE53C1499CFA67A857F1B4D64D9.e.13678/click - {}
RESULT: {}
COMMAND: GET /session/b0bce561eedd0ef2cd491e5795c56593/screenshot - {}
RESULT: {}
COMMAND: POST /session/b0bce561eedd0ef2cd491e5795c56593/execute/async - {"script":"<script> [1562 bytes]","args":[{"selector":{"controlType":"sap.m.Button","viewName":"etm.portal.ui.managestatesandperformance.view.Detail","viewId":"application-managestatesandperformance-display-component---detailStateAndPerform","properties":{"text":"Performance Documents"}},"wdio_ui5_key":"etmportal.ui.managestatesandperformance.view.Detailsap.m.Button{\"text\":\"Performance Documents\"}"}]}
RESULT: {"script":"<script> [1562 bytes]","args":[{"selector":{"controlType":"sap.m.Button","viewName":"etm.portal.ui.managestatesandperformance.view.Detail","viewId":"application-managestatesandperformance-display-component---detailStateAndPerform","properties":{"text":"Performance Documents"}},"wdio_ui5_key":"etmportal.ui.managestatesandperformance.view.Detailsap.m.Button{\"text\":\"Performance Documents\"}"}]}
RESULT: undefined
COMMAND: POST /session/b0bce561eedd0ef2cd491e5795c56593/element - {"using":"xpath","value":"//*[@id=\"__item3266-button\"]"}
RESULT: {"using":"xpath","value":"//*[@id=\"__item3266-button\"]"}
COMMAND: POST /session/b0bce561eedd0ef2cd491e5795c56593/element/f.633F000A9FA1F61B5279087A5498CC04.d.FA4D3FE53C1499CFA67A857F1B4D64D9.e.13723/click - {}
RESULT: {}
COMMAND: POST /session/b0bce561eedd0ef2cd491e5795c56593/execute/async - {"script":"<script> [1562 bytes]","args":[{"selector":{"controlType":"sap.m.Button","viewName":"etm.portal.ui.managestatesandperformance.view.Detail","viewId":"application-managestatesandperformance-display-component---detailStateAndPerform","i18NText":{"propertyName":"text","key":"createPerformanceDoc"},"interaction":{"idSuffix":"BDI-content"}},"wdio_ui5_key":"etmportal.ui.managestatesandperformance.view.Detailsap.m.Button{\"propertyName\":\"text\",\"key\":\"createPerformanceDoc\"}"}]}
COMMAND: GET /session/b0bce561eedd0ef2cd491e5795c56593/screenshot - {}
RESULT: {"script":"<script> [1562 bytes]","args":[{"selector":{"controlType":"sap.m.Button","viewName":"etm.portal.ui.managestatesandperformance.view.Detail","viewId":"application-managestatesandperformance-display-component---detailStateAndPerform","i18NText":{"propertyName":"text","key":"createPerformanceDoc"},"interaction":{"idSuffix":"BDI-content"}},"wdio_ui5_key":"etmportal.ui.managestatesandperformance.view.Detailsap.m.Button{\"propertyName\":\"text\",\"key\":\"createPerformanceDoc\"}"}]}
RESULT: undefined
COMMAND: POST /session/b0bce561eedd0ef2cd491e5795c56593/element - {"using":"xpath","value":"//*[@id=\"__button380\"]"}
RESULT: {}
RESULT: {"using":"xpath","value":"//*[@id=\"__button380\"]"}
COMMAND: POST /session/b0bce561eedd0ef2cd491e5795c56593/element/f.633F000A9FA1F61B5279087A5498CC04.d.FA4D3FE53C1499CFA67A857F1B4D64D9.e.13727/click - {}
RESULT: {}
COMMAND: POST /session/b0bce561eedd0ef2cd491e5795c56593/execute/async - {"script":"<script> [1562 bytes]","args":[{"selector":{"id":"application-managestatesandperformance-display-component---detailStateAndPerform--perfDocDatePicker","searchOpenDialogs":true,"interaction":{"idSuffix":"inner"}},"wdio_ui5_key":"applicationmanagestatesandperformance-display-component---detailStateAndPerform--perfDocDatePicker"}]}
COMMAND: GET /session/b0bce561eedd0ef2cd491e5795c56593/screenshot - {}
RESULT: {"script":"<script> [1562 bytes]","args":[{"selector":{"id":"application-managestatesandperformance-display-component---detailStateAndPerform--perfDocDatePicker","searchOpenDialogs":true,"interaction":{"idSuffix":"inner"}},"wdio_ui5_key":"applicationmanagestatesandperformance-display-component---detailStateAndPerform--perfDocDatePicker"}]}
RESULT: undefined
COMMAND: POST /session/b0bce561eedd0ef2cd491e5795c56593/execute/async - {"script":"<script> [776 bytes]","args":[{"enterText":"04/22/25","selector":{"id":"application-managestatesandperformance-display-component---detailStateAndPerform--perfDocDatePicker","searchOpenDialogs":true,"interaction":{"idSuffix":"inner"}},"clearTextFirst":true,"interactionType":"ENTER_TEXT"}]}
RESULT: {}
RESULT: {"script":"<script> [776 bytes]","args":[{"enterText":"04/22/25","selector":{"id":"application-managestatesandperformance-display-component---detailStateAndPerform--perfDocDatePicker","searchOpenDialogs":true,"interaction":{"idSuffix":"inner"}},"clearTextFirst":true,"interactionType":"ENTER_TEXT"}]}
COMMAND: POST /session/b0bce561eedd0ef2cd491e5795c56593/execute/async - {"script":"<script> [1562 bytes]","args":[{"selector":{"id":"application-managestatesandperformance-display-component---detailStateAndPerform--counterValue-input","searchOpenDialogs":true,"interaction":{"idSuffix":"inner"}},"wdio_ui5_key":"applicationmanagestatesandperformance-display-component---detailStateAndPerform--counterValue-input"}]}
RESULT: {"script":"<script> [1562 bytes]","args":[{"selector":{"id":"application-managestatesandperformance-display-component---detailStateAndPerform--counterValue-input","searchOpenDialogs":true,"interaction":{"idSuffix":"inner"}},"wdio_ui5_key":"applicationmanagestatesandperformance-display-component---detailStateAndPerform--counterValue-input"}]}
RESULT: undefined
COMMAND: POST /session/b0bce561eedd0ef2cd491e5795c56593/execute/async - {"script":"<script> [776 bytes]","args":[{"enterText":"15.00","selector":{"id":"application-managestatesandperformance-display-component---detailStateAndPerform--counterValue-input","searchOpenDialogs":true,"interaction":{"idSuffix":"inner"}},"clearTextFirst":true,"interactionType":"ENTER_TEXT"}]}
RESULT: {"script":"<script> [776 bytes]","args":[{"enterText":"15.00","selector":{"id":"application-managestatesandperformance-display-component---detailStateAndPerform--counterValue-input","searchOpenDialogs":true,"interaction":{"idSuffix":"inner"}},"clearTextFirst":true,"interactionType":"ENTER_TEXT"}]}
COMMAND: POST /session/b0bce561eedd0ef2cd491e5795c56593/execute/async - {"script":"<script> [1562 bytes]","args":[{"selector":{"controlType":"sap.m.Button","viewName":"etm.portal.ui.managestatesandperformance.view.Detail","viewId":"application-managestatesandperformance-display-component---detailStateAndPerform","bindingPath":{"path":"","propertyPath":"/allowAddEdit","modelName":"oScreenModel"},"searchOpenDialogs":true,"interaction":{"idSuffix":"BDI-content"}},"wdio_ui5_key":"etmportal.ui.managestatesandperformance.view.Detailsap.m.Button{\"path\":\"\",\"propertyPath\":\"/allowAddEdit\",\"modelName\":\"oScreenModel\"}"}]}
RESULT: {"script":"<script> [1562 bytes]","args":[{"selector":{"controlType":"sap.m.Button","viewName":"etm.portal.ui.managestatesandperformance.view.Detail","viewId":"application-managestatesandperformance-display-component---detailStateAndPerform","bindingPath":{"path":"","propertyPath":"/allowAddEdit","modelName":"oScreenModel"},"searchOpenDialogs":true,"interaction":{"idSuffix":"BDI-content"}},"wdio_ui5_key":"etmportal.ui.managestatesandperformance.view.Detailsap.m.Button{\"path\":\"\",\"propertyPath\":\"/allowAddEdit\",\"modelName\":\"oScreenModel\"}"}]}
RESULT: undefined
COMMAND: POST /session/b0bce561eedd0ef2cd491e5795c56593/element - {"using":"xpath","value":"//*[@id=\"__button387\"]"}
RESULT: {"using":"xpath","value":"//*[@id=\"__button387\"]"}
COMMAND: POST /session/b0bce561eedd0ef2cd491e5795c56593/element/f.633F000A9FA1F61B5279087A5498CC04.d.FA4D3FE53C1499CFA67A857F1B4D64D9.e.13742/click - {}
RESULT: {}
RESULT: undefined
COMMAND: POST /session/b0bce561eedd0ef2cd491e5795c56593/element - {"using":"xpath","value":"//*[@id=\"__button380\"]"}
COMMAND: GET /session/b0bce561eedd0ef2cd491e5795c56593/screenshot - {}
RESULT: {"using":"xpath","value":"//*[@id=\"__button380\"]"}
COMMAND: POST /session/b0bce561eedd0ef2cd491e5795c56593/element/f.633F000A9FA1F61B5279087A5498CC04.d.FA4D3FE53C1499CFA67A857F1B4D64D9.e.13727/click - {}
RESULT: {}
RESULT: {}
RESULT: undefined
COMMAND: POST /session/b0bce561eedd0ef2cd491e5795c56593/execute/async - {"script":"<script> [776 bytes]","args":[{"enterText":"04/26/25","selector":{"id":"application-managestatesandperformance-display-component---detailStateAndPerform--perfDocDatePicker","searchOpenDialogs":true,"interaction":{"idSuffix":"inner"}},"clearTextFirst":true,"interactionType":"ENTER_TEXT"}]}
COMMAND: GET /session/b0bce561eedd0ef2cd491e5795c56593/screenshot - {}
RESULT: {"script":"<script> [776 bytes]","args":[{"enterText":"04/26/25","selector":{"id":"application-managestatesandperformance-display-component---detailStateAndPerform--perfDocDatePicker","searchOpenDialogs":true,"interaction":{"idSuffix":"inner"}},"clearTextFirst":true,"interactionType":"ENTER_TEXT"}]}
RESULT: undefined
COMMAND: POST /session/b0bce561eedd0ef2cd491e5795c56593/execute/async - {"script":"<script> [776 bytes]","args":[{"enterText":"20.00","selector":{"id":"application-managestatesandperformance-display-component---detailStateAndPerform--counterValue-input","searchOpenDialogs":true,"interaction":{"idSuffix":"inner"}},"clearTextFirst":true,"interactionType":"ENTER_TEXT"}]}
RESULT: {}
RESULT: {"script":"<script> [776 bytes]","args":[{"enterText":"20.00","selector":{"id":"application-managestatesandperformance-display-component---detailStateAndPerform--counterValue-input","searchOpenDialogs":true,"interaction":{"idSuffix":"inner"}},"clearTextFirst":true,"interactionType":"ENTER_TEXT"}]}
COMMAND: POST /session/b0bce561eedd0ef2cd491e5795c56593/actions - {"actions":[{"id":"action45","type":"key","parameters":{},"actions":[{"type":"keyDown","value":""},{"type":"keyDown","value":""},{"type":"pause","duration":10},{"type":"keyUp","value":""},{"type":"keyUp","value":""}]}]}
RESULT: {"actions":[{"id":"action45","type":"key","parameters":{},"actions":[{"type":"keyDown","value":""},{"type":"keyDown","value":""},{"type":"pause","duration":10},{"type":"keyUp","value":""},{"type":"keyUp","value":""}]}]}
COMMAND: POST /session/b0bce561eedd0ef2cd491e5795c56593/actions - {"actions":[{"id":"action46","type":"key","parameters":{},"actions":[{"type":"keyDown","value":""},{"type":"pause","duration":10},{"type":"keyUp","value":""}]}]}
COMMAND: GET /session/b0bce561eedd0ef2cd491e5795c56593/screenshot - {}
RESULT: {}
RESULT: {"actions":[{"id":"action46","type":"key","parameters":{},"actions":[{"type":"keyDown","value":""},{"type":"pause","duration":10},{"type":"keyUp","value":""}]}]}
RESULT: undefined
COMMAND: POST /session/b0bce561eedd0ef2cd491e5795c56593/element - {"using":"xpath","value":"//*[@id=\"__button387\"]"}
COMMAND: GET /session/b0bce561eedd0ef2cd491e5795c56593/screenshot - {}
RESULT: {"using":"xpath","value":"//*[@id=\"__button387\"]"}
COMMAND: POST /session/b0bce561eedd0ef2cd491e5795c56593/elements - {"using":"xpath","value":"//*[@id=\"__button387\"]"}
RESULT: {}
RESULT: {"using":"xpath","value":"//*[@id=\"__button387\"]"}
COMMAND: POST /session/b0bce561eedd0ef2cd491e5795c56593/elements - {"using":"xpath","value":"//*[@id=\"__button387\"]"}
RESULT: {"using":"xpath","value":"//*[@id=\"__button387\"]"}
COMMAND: POST /session/b0bce561eedd0ef2cd491e5795c56593/elements - {"using":"xpath","value":"//*[@id=\"__button387\"]"}
RESULT: {"using":"xpath","value":"//*[@id=\"__button387\"]"}
COMMAND: POST /session/b0bce561eedd0ef2cd491e5795c56593/elements - {"using":"xpath","value":"//*[@id=\"__button387\"]"}
RESULT: {"using":"xpath","value":"//*[@id=\"__button387\"]"}
COMMAND: POST /session/b0bce561eedd0ef2cd491e5795c56593/elements - {"using":"xpath","value":"//*[@id=\"__button387\"]"}
RESULT: {"using":"xpath","value":"//*[@id=\"__button387\"]"}
COMMAND: POST /session/b0bce561eedd0ef2cd491e5795c56593/elements - {"using":"xpath","value":"//*[@id=\"__button387\"]"}
RESULT: {"using":"xpath","value":"//*[@id=\"__button387\"]"}
COMMAND: POST /session/b0bce561eedd0ef2cd491e5795c56593/elements - {"using":"xpath","value":"//*[@id=\"__button387\"]"}
RESULT: {"using":"xpath","value":"//*[@id=\"__button387\"]"}
COMMAND: POST /session/b0bce561eedd0ef2cd491e5795c56593/elements - {"using":"xpath","value":"//*[@id=\"__button387\"]"}
RESULT: {"using":"xpath","value":"//*[@id=\"__button387\"]"}
COMMAND: POST /session/b0bce561eedd0ef2cd491e5795c56593/elements - {"using":"xpath","value":"//*[@id=\"__button387\"]"}
RESULT: {"using":"xpath","value":"//*[@id=\"__button387\"]"}
COMMAND: POST /session/b0bce561eedd0ef2cd491e5795c56593/elements - {"using":"xpath","value":"//*[@id=\"__button387\"]"}
RESULT: {"using":"xpath","value":"//*[@id=\"__button387\"]"}
COMMAND: POST /session/b0bce561eedd0ef2cd491e5795c56593/elements - {"using":"xpath","value":"//*[@id=\"__button387\"]"}
RESULT: {"using":"xpath","value":"//*[@id=\"__button387\"]"}
COMMAND: POST /session/b0bce561eedd0ef2cd491e5795c56593/elements - {"using":"xpath","value":"//*[@id=\"__button387\"]"}
RESULT: {"using":"xpath","value":"//*[@id=\"__button387\"]"}
COMMAND: POST /session/b0bce561eedd0ef2cd491e5795c56593/elements - {"using":"xpath","value":"//*[@id=\"__button387\"]"}
RESULT: {"using":"xpath","value":"//*[@id=\"__button387\"]"}
COMMAND: POST /session/b0bce561eedd0ef2cd491e5795c56593/elements - {"using":"xpath","value":"//*[@id=\"__button387\"]"}
RESULT: {"using":"xpath","value":"//*[@id=\"__button387\"]"}
COMMAND: POST /session/b0bce561eedd0ef2cd491e5795c56593/elements - {"using":"xpath","value":"//*[@id=\"__button387\"]"}
RESULT: {"using":"xpath","value":"//*[@id=\"__button387\"]"}
COMMAND: POST /session/b0bce561eedd0ef2cd491e5795c56593/elements - {"using":"xpath","value":"//*[@id=\"__button387\"]"}
RESULT: {"using":"xpath","value":"//*[@id=\"__button387\"]"}
COMMAND: POST /session/b0bce561eedd0ef2cd491e5795c56593/elements - {"using":"xpath","value":"//*[@id=\"__button387\"]"}
RESULT: {"using":"xpath","value":"//*[@id=\"__button387\"]"}
COMMAND: POST /session/b0bce561eedd0ef2cd491e5795c56593/elements - {"using":"xpath","value":"//*[@id=\"__button387\"]"}
RESULT: {"using":"xpath","value":"//*[@id=\"__button387\"]"}
COMMAND: POST /session/b0bce561eedd0ef2cd491e5795c56593/elements - {"using":"xpath","value":"//*[@id=\"__button387\"]"}
RESULT: {"using":"xpath","value":"//*[@id=\"__button387\"]"}
COMMAND: POST /session/b0bce561eedd0ef2cd491e5795c56593/elements - {"using":"xpath","value":"//*[@id=\"__button387\"]"}
RESULT: {"using":"xpath","value":"//*[@id=\"__button387\"]"}
COMMAND: POST /session/b0bce561eedd0ef2cd491e5795c56593/elements - {"using":"xpath","value":"//*[@id=\"__button387\"]"}
RESULT: {"using":"xpath","value":"//*[@id=\"__button387\"]"}
COMMAND: POST /session/b0bce561eedd0ef2cd491e5795c56593/elements - {"using":"xpath","value":"//*[@id=\"__button387\"]"}
RESULT: {"using":"xpath","value":"//*[@id=\"__button387\"]"}
COMMAND: POST /session/b0bce561eedd0ef2cd491e5795c56593/elements - {"using":"xpath","value":"//*[@id=\"__button387\"]"}
RESULT: {"using":"xpath","value":"//*[@id=\"__button387\"]"}
COMMAND: POST /session/b0bce561eedd0ef2cd491e5795c56593/elements - {"using":"xpath","value":"//*[@id=\"__button387\"]"}
RESULT: {"using":"xpath","value":"//*[@id=\"__button387\"]"}
COMMAND: POST /session/b0bce561eedd0ef2cd491e5795c56593/elements - {"using":"xpath","value":"//*[@id=\"__button387\"]"}
RESULT: {"using":"xpath","value":"//*[@id=\"__button387\"]"}
COMMAND: POST /session/b0bce561eedd0ef2cd491e5795c56593/elements - {"using":"xpath","value":"//*[@id=\"__button387\"]"}
RESULT: {"using":"xpath","value":"//*[@id=\"__button387\"]"}
COMMAND: POST /session/b0bce561eedd0ef2cd491e5795c56593/elements - {"using":"xpath","value":"//*[@id=\"__button387\"]"}
RESULT: {"using":"xpath","value":"//*[@id=\"__button387\"]"}
COMMAND: POST /session/b0bce561eedd0ef2cd491e5795c56593/elements - {"using":"xpath","value":"//*[@id=\"__button387\"]"}
RESULT: {"using":"xpath","value":"//*[@id=\"__button387\"]"}
COMMAND: POST /session/b0bce561eedd0ef2cd491e5795c56593/elements - {"using":"xpath","value":"//*[@id=\"__button387\"]"}
RESULT: {"using":"xpath","value":"//*[@id=\"__button387\"]"}
COMMAND: POST /session/b0bce561eedd0ef2cd491e5795c56593/elements - {"using":"xpath","value":"//*[@id=\"__button387\"]"}
RESULT: {"using":"xpath","value":"//*[@id=\"__button387\"]"}
COMMAND: POST /session/b0bce561eedd0ef2cd491e5795c56593/elements - {"using":"xpath","value":"//*[@id=\"__button387\"]"}
RESULT: {"using":"xpath","value":"//*[@id=\"__button387\"]"}
COMMAND: POST /session/b0bce561eedd0ef2cd491e5795c56593/elements - {"using":"xpath","value":"//*[@id=\"__button387\"]"}
RESULT: {"using":"xpath","value":"//*[@id=\"__button387\"]"}
COMMAND: POST /session/b0bce561eedd0ef2cd491e5795c56593/elements - {"using":"xpath","value":"//*[@id=\"__button387\"]"}
RESULT: {"using":"xpath","value":"//*[@id=\"__button387\"]"}
COMMAND: POST /session/b0bce561eedd0ef2cd491e5795c56593/elements - {"using":"xpath","value":"//*[@id=\"__button387\"]"}
RESULT: {"using":"xpath","value":"//*[@id=\"__button387\"]"}
COMMAND: POST /session/b0bce561eedd0ef2cd491e5795c56593/elements - {"using":"xpath","value":"//*[@id=\"__button387\"]"}
RESULT: {"using":"xpath","value":"//*[@id=\"__button387\"]"}
COMMAND: POST /session/b0bce561eedd0ef2cd491e5795c56593/elements - {"using":"xpath","value":"//*[@id=\"__button387\"]"}
RESULT: {"using":"xpath","value":"//*[@id=\"__button387\"]"}
COMMAND: POST /session/b0bce561eedd0ef2cd491e5795c56593/elements - {"using":"xpath","value":"//*[@id=\"__button387\"]"}
RESULT: {"using":"xpath","value":"//*[@id=\"__button387\"]"}
COMMAND: POST /session/b0bce561eedd0ef2cd491e5795c56593/elements - {"using":"xpath","value":"//*[@id=\"__button387\"]"}
RESULT: {"using":"xpath","value":"//*[@id=\"__button387\"]"}
COMMAND: POST /session/b0bce561eedd0ef2cd491e5795c56593/elements - {"using":"xpath","value":"//*[@id=\"__button387\"]"}
RESULT: {"using":"xpath","value":"//*[@id=\"__button387\"]"}
COMMAND: POST /session/b0bce561eedd0ef2cd491e5795c56593/elements - {"using":"xpath","value":"//*[@id=\"__button387\"]"}
RESULT: {"using":"xpath","value":"//*[@id=\"__button387\"]"}
COMMAND: POST /session/b0bce561eedd0ef2cd491e5795c56593/elements - {"using":"xpath","value":"//*[@id=\"__button387\"]"}
RESULT: {"using":"xpath","value":"//*[@id=\"__button387\"]"}
COMMAND: POST /session/b0bce561eedd0ef2cd491e5795c56593/elements - {"using":"xpath","value":"//*[@id=\"__button387\"]"}
RESULT: {"using":"xpath","value":"//*[@id=\"__button387\"]"}
COMMAND: POST /session/b0bce561eedd0ef2cd491e5795c56593/elements - {"using":"xpath","value":"//*[@id=\"__button387\"]"}
RESULT: {"using":"xpath","value":"//*[@id=\"__button387\"]"}
COMMAND: POST /session/b0bce561eedd0ef2cd491e5795c56593/elements - {"using":"xpath","value":"//*[@id=\"__button387\"]"}
RESULT: {"using":"xpath","value":"//*[@id=\"__button387\"]"}
COMMAND: POST /session/b0bce561eedd0ef2cd491e5795c56593/elements - {"using":"xpath","value":"//*[@id=\"__button387\"]"}
RESULT: {"using":"xpath","value":"//*[@id=\"__button387\"]"}
COMMAND: POST /session/b0bce561eedd0ef2cd491e5795c56593/elements - {"using":"xpath","value":"//*[@id=\"__button387\"]"}
RESULT: {"using":"xpath","value":"//*[@id=\"__button387\"]"}
COMMAND: POST /session/b0bce561eedd0ef2cd491e5795c56593/elements - {"using":"xpath","value":"//*[@id=\"__button387\"]"}
RESULT: {"using":"xpath","value":"//*[@id=\"__button387\"]"}
COMMAND: POST /session/b0bce561eedd0ef2cd491e5795c56593/elements - {"using":"xpath","value":"//*[@id=\"__button387\"]"}
RESULT: {"using":"xpath","value":"//*[@id=\"__button387\"]"}
COMMAND: POST /session/b0bce561eedd0ef2cd491e5795c56593/elements - {"using":"xpath","value":"//*[@id=\"__button387\"]"}
RESULT: {"using":"xpath","value":"//*[@id=\"__button387\"]"}
COMMAND: POST /session/b0bce561eedd0ef2cd491e5795c56593/elements - {"using":"xpath","value":"//*[@id=\"__button387\"]"}
RESULT: {"using":"xpath","value":"//*[@id=\"__button387\"]"}
COMMAND: POST /session/b0bce561eedd0ef2cd491e5795c56593/elements - {"using":"xpath","value":"//*[@id=\"__button387\"]"}
RESULT: {"using":"xpath","value":"//*[@id=\"__button387\"]"}
COMMAND: POST /session/b0bce561eedd0ef2cd491e5795c56593/elements - {"using":"xpath","value":"//*[@id=\"__button387\"]"}
RESULT: {"using":"xpath","value":"//*[@id=\"__button387\"]"}
COMMAND: POST /session/b0bce561eedd0ef2cd491e5795c56593/elements - {"using":"xpath","value":"//*[@id=\"__button387\"]"}
RESULT: {"using":"xpath","value":"//*[@id=\"__button387\"]"}
COMMAND: POST /session/b0bce561eedd0ef2cd491e5795c56593/elements - {"using":"xpath","value":"//*[@id=\"__button387\"]"}
RESULT: {"using":"xpath","value":"//*[@id=\"__button387\"]"}
COMMAND: POST /session/b0bce561eedd0ef2cd491e5795c56593/elements - {"using":"xpath","value":"//*[@id=\"__button387\"]"}
RESULT: {"using":"xpath","value":"//*[@id=\"__button387\"]"}
COMMAND: POST /session/b0bce561eedd0ef2cd491e5795c56593/elements - {"using":"xpath","value":"//*[@id=\"__button387\"]"}
RESULT: {"using":"xpath","value":"//*[@id=\"__button387\"]"}
COMMAND: POST /session/b0bce561eedd0ef2cd491e5795c56593/elements - {"using":"xpath","value":"//*[@id=\"__button387\"]"}
RESULT: {"using":"xpath","value":"//*[@id=\"__button387\"]"}
COMMAND: POST /session/b0bce561eedd0ef2cd491e5795c56593/elements - {"using":"xpath","value":"//*[@id=\"__button387\"]"}
RESULT: {"using":"xpath","value":"//*[@id=\"__button387\"]"}
COMMAND: POST /session/b0bce561eedd0ef2cd491e5795c56593/elements - {"using":"xpath","value":"//*[@id=\"__button387\"]"}
RESULT: {"using":"xpath","value":"//*[@id=\"__button387\"]"}
COMMAND: POST /session/b0bce561eedd0ef2cd491e5795c56593/elements - {"using":"xpath","value":"//*[@id=\"__button387\"]"}
RESULT: {"using":"xpath","value":"//*[@id=\"__button387\"]"}
COMMAND: POST /session/b0bce561eedd0ef2cd491e5795c56593/elements - {"using":"xpath","value":"//*[@id=\"__button387\"]"}
RESULT: {"using":"xpath","value":"//*[@id=\"__button387\"]"}
COMMAND: POST /session/b0bce561eedd0ef2cd491e5795c56593/elements - {"using":"xpath","value":"//*[@id=\"__button387\"]"}
RESULT: {"using":"xpath","value":"//*[@id=\"__button387\"]"}
COMMAND: POST /session/b0bce561eedd0ef2cd491e5795c56593/elements - {"using":"xpath","value":"//*[@id=\"__button387\"]"}
RESULT: {"using":"xpath","value":"//*[@id=\"__button387\"]"}
COMMAND: POST /session/b0bce561eedd0ef2cd491e5795c56593/elements - {"using":"xpath","value":"//*[@id=\"__button387\"]"}
RESULT: {"using":"xpath","value":"//*[@id=\"__button387\"]"}
COMMAND: POST /session/b0bce561eedd0ef2cd491e5795c56593/elements - {"using":"xpath","value":"//*[@id=\"__button387\"]"}
RESULT: {"using":"xpath","value":"//*[@id=\"__button387\"]"}
COMMAND: POST /session/b0bce561eedd0ef2cd491e5795c56593/elements - {"using":"xpath","value":"//*[@id=\"__button387\"]"}
RESULT: {"using":"xpath","value":"//*[@id=\"__button387\"]"}
COMMAND: POST /session/b0bce561eedd0ef2cd491e5795c56593/elements - {"using":"xpath","value":"//*[@id=\"__button387\"]"}
RESULT: {"using":"xpath","value":"//*[@id=\"__button387\"]"}
COMMAND: POST /session/b0bce561eedd0ef2cd491e5795c56593/elements - {"using":"xpath","value":"//*[@id=\"__button387\"]"}
RESULT: {"using":"xpath","value":"//*[@id=\"__button387\"]"}
COMMAND: POST /session/b0bce561eedd0ef2cd491e5795c56593/elements - {"using":"xpath","value":"//*[@id=\"__button387\"]"}
RESULT: {"using":"xpath","value":"//*[@id=\"__button387\"]"}
COMMAND: POST /session/b0bce561eedd0ef2cd491e5795c56593/elements - {"using":"xpath","value":"//*[@id=\"__button387\"]"}
RESULT: {"using":"xpath","value":"//*[@id=\"__button387\"]"}
COMMAND: POST /session/b0bce561eedd0ef2cd491e5795c56593/elements - {"using":"xpath","value":"//*[@id=\"__button387\"]"}
RESULT: {"using":"xpath","value":"//*[@id=\"__button387\"]"}
COMMAND: POST /session/b0bce561eedd0ef2cd491e5795c56593/elements - {"using":"xpath","value":"//*[@id=\"__button387\"]"}
RESULT: {"using":"xpath","value":"//*[@id=\"__button387\"]"}
COMMAND: POST /session/b0bce561eedd0ef2cd491e5795c56593/elements - {"using":"xpath","value":"//*[@id=\"__button387\"]"}
RESULT: {"using":"xpath","value":"//*[@id=\"__button387\"]"}
COMMAND: POST /session/b0bce561eedd0ef2cd491e5795c56593/elements - {"using":"xpath","value":"//*[@id=\"__button387\"]"}
RESULT: {"using":"xpath","value":"//*[@id=\"__button387\"]"}
COMMAND: POST /session/b0bce561eedd0ef2cd491e5795c56593/elements - {"using":"xpath","value":"//*[@id=\"__button387\"]"}
RESULT: {"using":"xpath","value":"//*[@id=\"__button387\"]"}
COMMAND: POST /session/b0bce561eedd0ef2cd491e5795c56593/elements - {"using":"xpath","value":"//*[@id=\"__button387\"]"}
RESULT: {"using":"xpath","value":"//*[@id=\"__button387\"]"}
COMMAND: POST /session/b0bce561eedd0ef2cd491e5795c56593/elements - {"using":"xpath","value":"//*[@id=\"__button387\"]"}
RESULT: {"using":"xpath","value":"//*[@id=\"__button387\"]"}
COMMAND: POST /session/b0bce561eedd0ef2cd491e5795c56593/elements - {"using":"xpath","value":"//*[@id=\"__button387\"]"}
RESULT: {"using":"xpath","value":"//*[@id=\"__button387\"]"}
COMMAND: POST /session/b0bce561eedd0ef2cd491e5795c56593/elements - {"using":"xpath","value":"//*[@id=\"__button387\"]"}
RESULT: {"using":"xpath","value":"//*[@id=\"__button387\"]"}
COMMAND: POST /session/b0bce561eedd0ef2cd491e5795c56593/elements - {"using":"xpath","value":"//*[@id=\"__button387\"]"}
RESULT: {"using":"xpath","value":"//*[@id=\"__button387\"]"}
COMMAND: POST /session/b0bce561eedd0ef2cd491e5795c56593/elements - {"using":"xpath","value":"//*[@id=\"__button387\"]"}
RESULT: {"using":"xpath","value":"//*[@id=\"__button387\"]"}
COMMAND: POST /session/b0bce561eedd0ef2cd491e5795c56593/elements - {"using":"xpath","value":"//*[@id=\"__button387\"]"}
RESULT: {"using":"xpath","value":"//*[@id=\"__button387\"]"}
COMMAND: POST /session/b0bce561eedd0ef2cd491e5795c56593/elements - {"using":"xpath","value":"//*[@id=\"__button387\"]"}
RESULT: {"using":"xpath","value":"//*[@id=\"__button387\"]"}
COMMAND: POST /session/b0bce561eedd0ef2cd491e5795c56593/elements - {"using":"xpath","value":"//*[@id=\"__button387\"]"}
RESULT: {"using":"xpath","value":"//*[@id=\"__button387\"]"}
COMMAND: POST /session/b0bce561eedd0ef2cd491e5795c56593/elements - {"using":"xpath","value":"//*[@id=\"__button387\"]"}
RESULT: {"using":"xpath","value":"//*[@id=\"__button387\"]"}
COMMAND: POST /session/b0bce561eedd0ef2cd491e5795c56593/elements - {"using":"xpath","value":"//*[@id=\"__button387\"]"}
RESULT: {"using":"xpath","value":"//*[@id=\"__button387\"]"}
COMMAND: POST /session/b0bce561eedd0ef2cd491e5795c56593/elements - {"using":"xpath","value":"//*[@id=\"__button387\"]"}
RESULT: {"using":"xpath","value":"//*[@id=\"__button387\"]"}
COMMAND: POST /session/b0bce561eedd0ef2cd491e5795c56593/elements - {"using":"xpath","value":"//*[@id=\"__button387\"]"}
RESULT: {"using":"xpath","value":"//*[@id=\"__button387\"]"}
COMMAND: POST /session/b0bce561eedd0ef2cd491e5795c56593/elements - {"using":"xpath","value":"//*[@id=\"__button387\"]"}
RESULT: {"using":"xpath","value":"//*[@id=\"__button387\"]"}
COMMAND: POST /session/b0bce561eedd0ef2cd491e5795c56593/elements - {"using":"xpath","value":"//*[@id=\"__button387\"]"}
RESULT: {"using":"xpath","value":"//*[@id=\"__button387\"]"}
COMMAND: POST /session/b0bce561eedd0ef2cd491e5795c56593/elements - {"using":"xpath","value":"//*[@id=\"__button387\"]"}
RESULT: {"using":"xpath","value":"//*[@id=\"__button387\"]"}
COMMAND: POST /session/b0bce561eedd0ef2cd491e5795c56593/elements - {"using":"xpath","value":"//*[@id=\"__button387\"]"}
RESULT: {"using":"xpath","value":"//*[@id=\"__button387\"]"}
COMMAND: POST /session/b0bce561eedd0ef2cd491e5795c56593/elements - {"using":"xpath","value":"//*[@id=\"__button387\"]"}
RESULT: {"using":"xpath","value":"//*[@id=\"__button387\"]"}
COMMAND: POST /session/b0bce561eedd0ef2cd491e5795c56593/elements - {"using":"xpath","value":"//*[@id=\"__button387\"]"}
RESULT: {"using":"xpath","value":"//*[@id=\"__button387\"]"}
COMMAND: POST /session/b0bce561eedd0ef2cd491e5795c56593/elements - {"using":"xpath","value":"//*[@id=\"__button387\"]"}
RESULT: {"using":"xpath","value":"//*[@id=\"__button387\"]"}
COMMAND: POST /session/b0bce561eedd0ef2cd491e5795c56593/elements - {"using":"xpath","value":"//*[@id=\"__button387\"]"}
RESULT: {"using":"xpath","value":"//*[@id=\"__button387\"]"}
COMMAND: POST /session/b0bce561eedd0ef2cd491e5795c56593/elements - {"using":"xpath","value":"//*[@id=\"__button387\"]"}
RESULT: {"using":"xpath","value":"//*[@id=\"__button387\"]"}
COMMAND: POST /session/b0bce561eedd0ef2cd491e5795c56593/elements - {"using":"xpath","value":"//*[@id=\"__button387\"]"}
RESULT: {"using":"xpath","value":"//*[@id=\"__button387\"]"}
COMMAND: POST /session/b0bce561eedd0ef2cd491e5795c56593/elements - {"using":"xpath","value":"//*[@id=\"__button387\"]"}
RESULT: {"using":"xpath","value":"//*[@id=\"__button387\"]"}
COMMAND: POST /session/b0bce561eedd0ef2cd491e5795c56593/elements - {"using":"xpath","value":"//*[@id=\"__button387\"]"}
RESULT: {"using":"xpath","value":"//*[@id=\"__button387\"]"}
COMMAND: POST /session/b0bce561eedd0ef2cd491e5795c56593/elements - {"using":"xpath","value":"//*[@id=\"__button387\"]"}
RESULT: {"using":"xpath","value":"//*[@id=\"__button387\"]"}
COMMAND: POST /session/b0bce561eedd0ef2cd491e5795c56593/elements - {"using":"xpath","value":"//*[@id=\"__button387\"]"}
RESULT: {"using":"xpath","value":"//*[@id=\"__button387\"]"}
COMMAND: POST /session/b0bce561eedd0ef2cd491e5795c56593/elements - {"using":"xpath","value":"//*[@id=\"__button387\"]"}
RESULT: {"using":"xpath","value":"//*[@id=\"__button387\"]"}
COMMAND: POST /session/b0bce561eedd0ef2cd491e5795c56593/elements - {"using":"xpath","value":"//*[@id=\"__button387\"]"}
RESULT: {"using":"xpath","value":"//*[@id=\"__button387\"]"}
COMMAND: POST /session/b0bce561eedd0ef2cd491e5795c56593/elements - {"using":"xpath","value":"//*[@id=\"__button387\"]"}
RESULT: {"using":"xpath","value":"//*[@id=\"__button387\"]"}
COMMAND: POST /session/b0bce561eedd0ef2cd491e5795c56593/elements - {"using":"xpath","value":"//*[@id=\"__button387\"]"}
RESULT: {"using":"xpath","value":"//*[@id=\"__button387\"]"}
COMMAND: POST /session/b0bce561eedd0ef2cd491e5795c56593/elements - {"using":"xpath","value":"//*[@id=\"__button387\"]"}
RESULT: {"using":"xpath","value":"//*[@id=\"__button387\"]"}
COMMAND: POST /session/b0bce561eedd0ef2cd491e5795c56593/elements - {"using":"xpath","value":"//*[@id=\"__button387\"]"}
RESULT: {"using":"xpath","value":"//*[@id=\"__button387\"]"}
COMMAND: POST /session/b0bce561eedd0ef2cd491e5795c56593/elements - {"using":"xpath","value":"//*[@id=\"__button387\"]"}
RESULT: {"using":"xpath","value":"//*[@id=\"__button387\"]"}
COMMAND: POST /session/b0bce561eedd0ef2cd491e5795c56593/elements - {"using":"xpath","value":"//*[@id=\"__button387\"]"}
RESULT: {"using":"xpath","value":"//*[@id=\"__button387\"]"}
COMMAND: POST /session/b0bce561eedd0ef2cd491e5795c56593/elements - {"using":"xpath","value":"//*[@id=\"__button387\"]"}
RESULT: {"using":"xpath","value":"//*[@id=\"__button387\"]"}
COMMAND: POST /session/b0bce561eedd0ef2cd491e5795c56593/elements - {"using":"xpath","value":"//*[@id=\"__button387\"]"}
RESULT: {"using":"xpath","value":"//*[@id=\"__button387\"]"}
COMMAND: POST /session/b0bce561eedd0ef2cd491e5795c56593/elements - {"using":"xpath","value":"//*[@id=\"__button387\"]"}
RESULT: {"using":"xpath","value":"//*[@id=\"__button387\"]"}
COMMAND: POST /session/b0bce561eedd0ef2cd491e5795c56593/elements - {"using":"xpath","value":"//*[@id=\"__button387\"]"}
RESULT: {"using":"xpath","value":"//*[@id=\"__button387\"]"}
COMMAND: POST /session/b0bce561eedd0ef2cd491e5795c56593/elements - {"using":"xpath","value":"//*[@id=\"__button387\"]"}
RESULT: {"using":"xpath","value":"//*[@id=\"__button387\"]"}
COMMAND: POST /session/b0bce561eedd0ef2cd491e5795c56593/elements - {"using":"xpath","value":"//*[@id=\"__button387\"]"}
RESULT: {"using":"xpath","value":"//*[@id=\"__button387\"]"}
COMMAND: POST /session/b0bce561eedd0ef2cd491e5795c56593/elements - {"using":"xpath","value":"//*[@id=\"__button387\"]"}
RESULT: {"using":"xpath","value":"//*[@id=\"__button387\"]"}
COMMAND: POST /session/b0bce561eedd0ef2cd491e5795c56593/elements - {"using":"xpath","value":"//*[@id=\"__button387\"]"}
RESULT: {"using":"xpath","value":"//*[@id=\"__button387\"]"}
COMMAND: POST /session/b0bce561eedd0ef2cd491e5795c56593/elements - {"using":"xpath","value":"//*[@id=\"__button387\"]"}
RESULT: {"using":"xpath","value":"//*[@id=\"__button387\"]"}
COMMAND: POST /session/b0bce561eedd0ef2cd491e5795c56593/elements - {"using":"xpath","value":"//*[@id=\"__button387\"]"}
RESULT: {"using":"xpath","value":"//*[@id=\"__button387\"]"}
COMMAND: POST /session/b0bce561eedd0ef2cd491e5795c56593/elements - {"using":"xpath","value":"//*[@id=\"__button387\"]"}
COMMAND: POST /session/b0bce561eedd0ef2cd491e5795c56593/element - {"using":"css selector","value":"#shell-header-logo"}
RESULT: {"using":"xpath","value":"//*[@id=\"__button387\"]"}
RESULT: {"using":"css selector","value":"#shell-header-logo"}
COMMAND: POST /session/b0bce561eedd0ef2cd491e5795c56593/execute/sync - {"script":"<script> [8489 bytes]","args":[{"element-6066-11e4-a52e-4f735466cecf":"f.633F000A9FA1F61B5279087A5498CC04.d.FA4D3FE53C1499CFA67A857F1B4D64D9.e.13566","ELEMENT":"f.633F000A9FA1F61B5279087A5498CC04.d.FA4D3FE53C1499CFA67A857F1B4D64D9.e.13566"}]}
RESULT: {"script":"<script> [8489 bytes]","args":[{"element-6066-11e4-a52e-4f735466cecf":"f.633F000A9FA1F61B5279087A5498CC04.d.FA4D3FE53C1499CFA67A857F1B4D64D9.e.13566","ELEMENT":"f.633F000A9FA1F61B5279087A5498CC04.d.FA4D3FE53C1499CFA67A857F1B4D64D9.e.13566"}]}
COMMAND: POST /session/b0bce561eedd0ef2cd491e5795c56593/execute/sync - {"script":"<script> [5351 bytes]","args":[{"element-6066-11e4-a52e-4f735466cecf":"f.633F000A9FA1F61B5279087A5498CC04.d.FA4D3FE53C1499CFA67A857F1B4D64D9.e.13566","ELEMENT":"f.633F000A9FA1F61B5279087A5498CC04.d.FA4D3FE53C1499CFA67A857F1B4D64D9.e.13566"}]}
COMMAND: GET /session/b0bce561eedd0ef2cd491e5795c56593/screenshot - {}
RESULT: {"script":"<script> [5351 bytes]","args":[{"element-6066-11e4-a52e-4f735466cecf":"f.633F000A9FA1F61B5279087A5498CC04.d.FA4D3FE53C1499CFA67A857F1B4D64D9.e.13566","ELEMENT":"f.633F000A9FA1F61B5279087A5498CC04.d.FA4D3FE53C1499CFA67A857F1B4D64D9.e.13566"}]}
COMMAND: POST /session/b0bce561eedd0ef2cd491e5795c56593/element/f.633F000A9FA1F61B5279087A5498CC04.d.FA4D3FE53C1499CFA67A857F1B4D64D9.e.13566/click - {}
COMMAND: GET /session/b0bce561eedd0ef2cd491e5795c56593/screenshot - {}
RESULT: {}
RESULT: {}
]]></system-out>
    </testcase>
    <testcase classname="chrome.135_0_7049_42.windows.Create_master_data_for_mixed_billing_&amp;_do_billing_calculation_US151661" name="Should go to Manage Billings and trigger calculation check the conditions applied" time="67.382">
      <system-out><![CDATA[
COMMAND: POST /session/b0bce561eedd0ef2cd491e5795c56593/execute/async - {"script":"<script> [1562 bytes]","args":[{"selector":{"controlType":"sap.m.GenericTile","properties":{"header":"Manage Billings"}},"wdio_ui5_key":"sapm.GenericTile{\"header\":\"Manage Billings\"}"}]}
COMMAND: GET /session/b0bce561eedd0ef2cd491e5795c56593/screenshot - {}
RESULT: {}
RESULT: {"script":"<script> [1562 bytes]","args":[{"selector":{"controlType":"sap.m.GenericTile","properties":{"header":"Manage Billings"}},"wdio_ui5_key":"sapm.GenericTile{\"header\":\"Manage Billings\"}"}]}
RESULT: undefined
COMMAND: POST /session/b0bce561eedd0ef2cd491e5795c56593/element - {"using":"xpath","value":"//*[@id=\"__tile91\"]"}
RESULT: {}
RESULT: {"using":"xpath","value":"//*[@id=\"__tile91\"]"}
COMMAND: POST /session/b0bce561eedd0ef2cd491e5795c56593/element/f.633F000A9FA1F61B5279087A5498CC04.d.FA4D3FE53C1499CFA67A857F1B4D64D9.e.8602/click - {}
RESULT: {}
COMMAND: GET /session/b0bce561eedd0ef2cd491e5795c56593/screenshot - {}
RESULT: {}
COMMAND: POST /session/b0bce561eedd0ef2cd491e5795c56593/execute/async - {"script":"<script> [1562 bytes]","args":[{"selector":{"id":"application-managebillings-display-component---billRunCalcResult--smartFilterBar-btnBasicSearch","interaction":{"idSuffix":"I"}},"wdio_ui5_key":"applicationmanagebillings-display-component---billRunCalcResult--smartFilterBar-btnBasicSearch"}]}
RESULT: {"script":"<script> [1562 bytes]","args":[{"selector":{"id":"application-managebillings-display-component---billRunCalcResult--smartFilterBar-btnBasicSearch","interaction":{"idSuffix":"I"}},"wdio_ui5_key":"applicationmanagebillings-display-component---billRunCalcResult--smartFilterBar-btnBasicSearch"}]}
RESULT: undefined
COMMAND: POST /session/b0bce561eedd0ef2cd491e5795c56593/execute/async - {"script":"<script> [776 bytes]","args":[{"enterText":"10498","selector":{"id":"application-managebillings-display-component---billRunCalcResult--smartFilterBar-btnBasicSearch","interaction":{"idSuffix":"I"}},"clearTextFirst":true,"interactionType":"ENTER_TEXT"}]}
RESULT: {"script":"<script> [776 bytes]","args":[{"enterText":"10498","selector":{"id":"application-managebillings-display-component---billRunCalcResult--smartFilterBar-btnBasicSearch","interaction":{"idSuffix":"I"}},"clearTextFirst":true,"interactionType":"ENTER_TEXT"}]}
COMMAND: POST /session/b0bce561eedd0ef2cd491e5795c56593/actions - {"actions":[{"id":"action47","type":"key","parameters":{},"actions":[{"type":"keyDown","value":""},{"type":"pause","duration":10},{"type":"keyUp","value":""}]}]}
RESULT: {"actions":[{"id":"action47","type":"key","parameters":{},"actions":[{"type":"keyDown","value":""},{"type":"pause","duration":10},{"type":"keyUp","value":""}]}]}
COMMAND: GET /session/b0bce561eedd0ef2cd491e5795c56593/screenshot - {}
RESULT: {}
COMMAND: POST /session/b0bce561eedd0ef2cd491e5795c56593/element - {"using":"xpath","value":"//td[@aria-colindex=\"1\"]/div/div[contains(@class, \"sapMCbBg\")]"}
RESULT: {"using":"xpath","value":"//td[@aria-colindex=\"1\"]/div/div[contains(@class, \"sapMCbBg\")]"}
COMMAND: POST /session/b0bce561eedd0ef2cd491e5795c56593/element/f.633F000A9FA1F61B5279087A5498CC04.d.FA4D3FE53C1499CFA67A857F1B4D64D9.e.13966/click - {}
RESULT: {}
COMMAND: GET /session/b0bce561eedd0ef2cd491e5795c56593/screenshot - {}
RESULT: {}
COMMAND: POST /session/b0bce561eedd0ef2cd491e5795c56593/execute/async - {"script":"<script> [1562 bytes]","args":[{"selector":{"id":"application-managebillings-display-component---billRunCalcResult--contractBillRunDate","interaction":{"idSuffix":"inner"}},"wdio_ui5_key":"applicationmanagebillings-display-component---billRunCalcResult--contractBillRunDate"}]}
RESULT: {"script":"<script> [1562 bytes]","args":[{"selector":{"id":"application-managebillings-display-component---billRunCalcResult--contractBillRunDate","interaction":{"idSuffix":"inner"}},"wdio_ui5_key":"applicationmanagebillings-display-component---billRunCalcResult--contractBillRunDate"}]}
RESULT: undefined
COMMAND: POST /session/b0bce561eedd0ef2cd491e5795c56593/execute/async - {"script":"<script> [776 bytes]","args":[{"enterText":"05/20/25","selector":{"id":"application-managebillings-display-component---billRunCalcResult--contractBillRunDate","interaction":{"idSuffix":"inner"}},"clearTextFirst":true,"interactionType":"ENTER_TEXT"}]}
RESULT: {"script":"<script> [776 bytes]","args":[{"enterText":"05/20/25","selector":{"id":"application-managebillings-display-component---billRunCalcResult--contractBillRunDate","interaction":{"idSuffix":"inner"}},"clearTextFirst":true,"interactionType":"ENTER_TEXT"}]}
COMMAND: POST /session/b0bce561eedd0ef2cd491e5795c56593/element - {"using":"xpath","value":"//bdi[contains(text(), \"Trigger Calculation\")]"}
RESULT: {"using":"xpath","value":"//bdi[contains(text(), \"Trigger Calculation\")]"}
COMMAND: POST /session/b0bce561eedd0ef2cd491e5795c56593/element/f.633F000A9FA1F61B5279087A5498CC04.d.FA4D3FE53C1499CFA67A857F1B4D64D9.e.14017/click - {}
RESULT: {}
COMMAND: GET /session/b0bce561eedd0ef2cd491e5795c56593/screenshot - {}
RESULT: {}
COMMAND: POST /session/b0bce561eedd0ef2cd491e5795c56593/element - {"using":"xpath","value":"(//span[contains(@id, \"imgNav\")])[1]"}
RESULT: {"using":"xpath","value":"(//span[contains(@id, \"imgNav\")])[1]"}
COMMAND: POST /session/b0bce561eedd0ef2cd491e5795c56593/element/f.633F000A9FA1F61B5279087A5498CC04.d.FA4D3FE53C1499CFA67A857F1B4D64D9.e.13967/click - {}
RESULT: {}
COMMAND: GET /session/b0bce561eedd0ef2cd491e5795c56593/screenshot - {}
RESULT: {}
COMMAND: POST /session/b0bce561eedd0ef2cd491e5795c56593/element - {"using":"xpath","value":"//tr/td[6]/div[1]/span[1]/span[1]"}
RESULT: {"using":"xpath","value":"//tr/td[6]/div[1]/span[1]/span[1]"}
COMMAND: GET /session/b0bce561eedd0ef2cd491e5795c56593/element/f.633F000A9FA1F61B5279087A5498CC04.d.FA4D3FE53C1499CFA67A857F1B4D64D9.e.14023/text - {}
RESULT: {}
COMMAND: POST /session/b0bce561eedd0ef2cd491e5795c56593/element - {"using":"xpath","value":"(//span[contains(@id, \"imgNav\")])[2]"}
RESULT: {"using":"xpath","value":"(//span[contains(@id, \"imgNav\")])[2]"}
COMMAND: POST /session/b0bce561eedd0ef2cd491e5795c56593/element/f.633F000A9FA1F61B5279087A5498CC04.d.FA4D3FE53C1499CFA67A857F1B4D64D9.e.14024/click - {}
RESULT: {}
COMMAND: POST /session/b0bce561eedd0ef2cd491e5795c56593/element - {"using":"xpath","value":"//bdi[contains(text(), \"Business Confirm\")]"}
COMMAND: GET /session/b0bce561eedd0ef2cd491e5795c56593/screenshot - {}
RESULT: {"using":"xpath","value":"//bdi[contains(text(), \"Business Confirm\")]"}
COMMAND: POST /session/b0bce561eedd0ef2cd491e5795c56593/elements - {"using":"xpath","value":"//bdi[contains(text(), \"Business Confirm\")]"}
RESULT: {}
RESULT: {"using":"xpath","value":"//bdi[contains(text(), \"Business Confirm\")]"}
COMMAND: POST /session/b0bce561eedd0ef2cd491e5795c56593/element - {"using":"xpath","value":"//bdi[contains(text(), \"Business Confirm\")]"}
RESULT: {"using":"xpath","value":"//bdi[contains(text(), \"Business Confirm\")]"}
COMMAND: POST /session/b0bce561eedd0ef2cd491e5795c56593/element/f.633F000A9FA1F61B5279087A5498CC04.d.FA4D3FE53C1499CFA67A857F1B4D64D9.e.14097/click - {}
RESULT: {}
COMMAND: POST /session/b0bce561eedd0ef2cd491e5795c56593/element - {"using":"css selector","value":"#shell-header-logo"}
COMMAND: GET /session/b0bce561eedd0ef2cd491e5795c56593/screenshot - {}
RESULT: {"using":"css selector","value":"#shell-header-logo"}
COMMAND: POST /session/b0bce561eedd0ef2cd491e5795c56593/element/f.633F000A9FA1F61B5279087A5498CC04.d.FA4D3FE53C1499CFA67A857F1B4D64D9.e.13758/click - {}
RESULT: {}
RESULT: {}
COMMAND: GET /session/b0bce561eedd0ef2cd491e5795c56593/screenshot - {}
RESULT: {}
COMMAND: POST /session/b0bce561eedd0ef2cd491e5795c56593/element - {"using":"css selector","value":"#j_username"}
COMMAND: POST /session/b0bce561eedd0ef2cd491e5795c56593/url - {"url":"https://qa-testing-00-live-etm-ui.cfapps.eu10-004.hana.ondemand.com/"}
RESULT: {"using":"css selector","value":"#j_username"}
COMMAND: POST /session/b0bce561eedd0ef2cd491e5795c56593/element - {"using":"css selector","value":"#j_username"}
RESULT: {"url":"https://qa-testing-00-live-etm-ui.cfapps.eu10-004.hana.ondemand.com/"}
RESULT: undefined
COMMAND: GET /session/b0bce561eedd0ef2cd491e5795c56593/screenshot - {}
RESULT: {"using":"css selector","value":"#j_username"}
COMMAND: POST /session/b0bce561eedd0ef2cd491e5795c56593/element - {"using":"css selector","value":"#shell-header-logo"}
RESULT: {}
RESULT: {"using":"css selector","value":"#shell-header-logo"}
COMMAND: POST /session/b0bce561eedd0ef2cd491e5795c56593/execute/sync - {"script":"<script> [8489 bytes]","args":[{"element-6066-11e4-a52e-4f735466cecf":"f.633F000A9FA1F61B5279087A5498CC04.d.595E4940B85FC715A53EE6CFEF9C10F8.e.14117","ELEMENT":"f.633F000A9FA1F61B5279087A5498CC04.d.595E4940B85FC715A53EE6CFEF9C10F8.e.14117"}]}
RESULT: {"script":"<script> [8489 bytes]","args":[{"element-6066-11e4-a52e-4f735466cecf":"f.633F000A9FA1F61B5279087A5498CC04.d.595E4940B85FC715A53EE6CFEF9C10F8.e.14117","ELEMENT":"f.633F000A9FA1F61B5279087A5498CC04.d.595E4940B85FC715A53EE6CFEF9C10F8.e.14117"}]}
COMMAND: POST /session/b0bce561eedd0ef2cd491e5795c56593/element - {"using":"css selector","value":"#shell-header-logo"}
COMMAND: GET /session/b0bce561eedd0ef2cd491e5795c56593/screenshot - {}
RESULT: {"using":"css selector","value":"#shell-header-logo"}
COMMAND: POST /session/b0bce561eedd0ef2cd491e5795c56593/execute/sync - {"script":"<script> [8489 bytes]","args":[{"element-6066-11e4-a52e-4f735466cecf":"f.633F000A9FA1F61B5279087A5498CC04.d.595E4940B85FC715A53EE6CFEF9C10F8.e.14117","ELEMENT":"f.633F000A9FA1F61B5279087A5498CC04.d.595E4940B85FC715A53EE6CFEF9C10F8.e.14117"}]}
RESULT: {}
RESULT: {"script":"<script> [8489 bytes]","args":[{"element-6066-11e4-a52e-4f735466cecf":"f.633F000A9FA1F61B5279087A5498CC04.d.595E4940B85FC715A53EE6CFEF9C10F8.e.14117","ELEMENT":"f.633F000A9FA1F61B5279087A5498CC04.d.595E4940B85FC715A53EE6CFEF9C10F8.e.14117"}]}
COMMAND: POST /session/b0bce561eedd0ef2cd491e5795c56593/execute/sync - {"script":"<script> [5351 bytes]","args":[{"element-6066-11e4-a52e-4f735466cecf":"f.633F000A9FA1F61B5279087A5498CC04.d.595E4940B85FC715A53EE6CFEF9C10F8.e.14117","ELEMENT":"f.633F000A9FA1F61B5279087A5498CC04.d.595E4940B85FC715A53EE6CFEF9C10F8.e.14117"}]}
COMMAND: GET /session/b0bce561eedd0ef2cd491e5795c56593/screenshot - {}
RESULT: {"script":"<script> [5351 bytes]","args":[{"element-6066-11e4-a52e-4f735466cecf":"f.633F000A9FA1F61B5279087A5498CC04.d.595E4940B85FC715A53EE6CFEF9C10F8.e.14117","ELEMENT":"f.633F000A9FA1F61B5279087A5498CC04.d.595E4940B85FC715A53EE6CFEF9C10F8.e.14117"}]}
COMMAND: POST /session/b0bce561eedd0ef2cd491e5795c56593/element - {"using":"css selector","value":"#shell-header-logo"}
COMMAND: GET /session/b0bce561eedd0ef2cd491e5795c56593/screenshot - {}
RESULT: {}
RESULT: {"using":"css selector","value":"#shell-header-logo"}
COMMAND: POST /session/b0bce561eedd0ef2cd491e5795c56593/element/f.633F000A9FA1F61B5279087A5498CC04.d.595E4940B85FC715A53EE6CFEF9C10F8.e.14117/click - {}
RESULT: {}
RESULT: {}
COMMAND: GET /session/b0bce561eedd0ef2cd491e5795c56593/screenshot - {}
RESULT: {}
COMMAND: POST /session/b0bce561eedd0ef2cd491e5795c56593/execute/async - {"script":"<script> [189 bytes]","args":[]}
RESULT: {"script":"<script> [189 bytes]","args":[]}
COMMAND: POST /session/b0bce561eedd0ef2cd491e5795c56593/execute/async - {"script":"<script> [123 bytes]","args":[]}
RESULT: {"script":"<script> [123 bytes]","args":[]}
COMMAND: POST /session/b0bce561eedd0ef2cd491e5795c56593/timeouts - {"script":"<number>"}
RESULT: {"script":"<number>"}
COMMAND: GET /session/b0bce561eedd0ef2cd491e5795c56593/timeouts - {}
RESULT: {}
RESULT: undefined
COMMAND: POST /session/b0bce561eedd0ef2cd491e5795c56593/execute/async - {"script":"<script> [2676 bytes]","args":[]}
RESULT: {"script":"<script> [2676 bytes]","args":[]}
COMMAND: POST /session/b0bce561eedd0ef2cd491e5795c56593/execute/async - {"script":"<script> [2342 bytes]","args":[{"protocol":"http","hostname":"0.0.0.0","path":"/","capabilities":{"browserName":"chrome","goog:chromeOptions":{"binary":"C:\\Program Files\\Google\\Chrome\\Application\\chrome.exe","args":["--start-maximized"]}},"logLevel":"warn","connectionRetryTimeout":120000,"connectionRetryCount":3,"logLevels":{},"enableDirectConnect":true,"strictSSL":true,"_":"65 more keys: [\"cacheDir\",\"port\",\"requestedCapabilities\",\"automationProtocol\",\"baseUrl\",\"waitforInterval\",\"waitforTimeout\",\"onReload\",\"beforeCommand\",\"afterCommand\",\"rootDir\",\"specs\",\"suites\",\"exclude\",\"groupLogsByTestSpec\",\"excludeDriverLogs\",\"bail\",\"framework\",\"reporters\",\"services\",\"maxInstances\",\"maxInstancesPerCapability\",\"injectGlobals\",\"filesToWatch\",\"execArgv\",\"runnerEnv\",\"runner\",\"shard\",\"specFileRetries\",\"specFileRetriesDelay\",\"specFileRetriesDeferred\",\"reporterSyncInterval\",\"reporterSyncTimeout\",\"cucumberFeaturesWithLineNumbers\",\"autoCompileOpts\",\"mochaOpts\",\"jasmineOpts\",\"cucumberOpts\",\"onPrepare\",\"onWorkerStart\",\"onWorkerEnd\",\"before\",\"beforeSession\",\"beforeSuite\",\"beforeHook\",\"beforeTest\",\"afterTest\",\"afterHook\",\"afterSuite\",\"afterSession\",\"after\",\"onComplete\",\"beforeAssertion\",\"afterAssertion\",\"beforeFeature\",\"beforeScenario\",\"beforeStep\",\"afterStep\",\"afterScenario\",\"afterFeature\",\"_\",\"suite\",\"$0\",\"ignoredWorkerServices\",\"wdi5\"]"}]}
RESULT: {"script":"<script> [2342 bytes]","args":[{"protocol":"http","hostname":"0.0.0.0","path":"/","capabilities":{"browserName":"chrome","goog:chromeOptions":{"binary":"C:\\Program Files\\Google\\Chrome\\Application\\chrome.exe","args":["--start-maximized"]}},"logLevel":"warn","connectionRetryTimeout":120000,"connectionRetryCount":3,"logLevels":{},"enableDirectConnect":true,"strictSSL":true,"_":"65 more keys: [\"cacheDir\",\"port\",\"requestedCapabilities\",\"automationProtocol\",\"baseUrl\",\"waitforInterval\",\"waitforTimeout\",\"onReload\",\"beforeCommand\",\"afterCommand\",\"rootDir\",\"specs\",\"suites\",\"exclude\",\"groupLogsByTestSpec\",\"excludeDriverLogs\",\"bail\",\"framework\",\"reporters\",\"services\",\"maxInstances\",\"maxInstancesPerCapability\",\"injectGlobals\",\"filesToWatch\",\"execArgv\",\"runnerEnv\",\"runner\",\"shard\",\"specFileRetries\",\"specFileRetriesDelay\",\"specFileRetriesDeferred\",\"reporterSyncInterval\",\"reporterSyncTimeout\",\"cucumberFeaturesWithLineNumbers\",\"autoCompileOpts\",\"mochaOpts\",\"jasmineOpts\",\"cucumberOpts\",\"onPrepare\",\"onWorkerStart\",\"onWorkerEnd\",\"before\",\"beforeSession\",\"beforeSuite\",\"beforeHook\",\"beforeTest\",\"afterTest\",\"afterHook\",\"afterSuite\",\"afterSession\",\"after\",\"onComplete\",\"beforeAssertion\",\"afterAssertion\",\"beforeFeature\",\"beforeScenario\",\"beforeStep\",\"afterStep\",\"afterScenario\",\"afterFeature\",\"_\",\"suite\",\"$0\",\"ignoredWorkerServices\",\"wdi5\"]"}]}
COMMAND: POST /session/b0bce561eedd0ef2cd491e5795c56593/execute/async - {"script":"<script> [21126 bytes]","args":[35000]}
RESULT: {"script":"<script> [21126 bytes]","args":[35000]}
COMMAND: POST /session/b0bce561eedd0ef2cd491e5795c56593/window/maximize - {}
RESULT: {}
COMMAND: POST /session/b0bce561eedd0ef2cd491e5795c56593/execute/async - {"script":"<script> [1562 bytes]","args":[{"selector":{"id":"shell-header","interaction":{"idSuffix":"icon"}},"wdio_ui5_key":"shellheader"}]}
COMMAND: GET /session/b0bce561eedd0ef2cd491e5795c56593/screenshot - {}
RESULT: {"script":"<script> [1562 bytes]","args":[{"selector":{"id":"shell-header","interaction":{"idSuffix":"icon"}},"wdio_ui5_key":"shellheader"}]}
RESULT: undefined
COMMAND: POST /session/b0bce561eedd0ef2cd491e5795c56593/refresh - {}
RESULT: {}
RESULT: {}
COMMAND: GET /session/b0bce561eedd0ef2cd491e5795c56593/screenshot - {}
RESULT: {}
COMMAND: POST /session/b0bce561eedd0ef2cd491e5795c56593/refresh - {}
RESULT: {}
COMMAND: GET /session/b0bce561eedd0ef2cd491e5795c56593/screenshot - {}
RESULT: {}
COMMAND: POST /session/b0bce561eedd0ef2cd491e5795c56593/window/fullscreen - {}
RESULT: {}
COMMAND: POST /session/b0bce561eedd0ef2cd491e5795c56593/execute/async - {"script":"<script> [189 bytes]","args":[]}
RESULT: {"script":"<script> [189 bytes]","args":[]}
COMMAND: POST /session/b0bce561eedd0ef2cd491e5795c56593/execute/async - {"script":"<script> [123 bytes]","args":[]}
RESULT: {"script":"<script> [123 bytes]","args":[]}
COMMAND: POST /session/b0bce561eedd0ef2cd491e5795c56593/timeouts - {"script":"<number>"}
RESULT: {"script":"<number>"}
COMMAND: GET /session/b0bce561eedd0ef2cd491e5795c56593/timeouts - {}
RESULT: {}
RESULT: undefined
COMMAND: POST /session/b0bce561eedd0ef2cd491e5795c56593/execute/async - {"script":"<script> [2676 bytes]","args":[]}
RESULT: {"script":"<script> [2676 bytes]","args":[]}
COMMAND: POST /session/b0bce561eedd0ef2cd491e5795c56593/execute/async - {"script":"<script> [2342 bytes]","args":[{"protocol":"http","hostname":"0.0.0.0","path":"/","capabilities":{"browserName":"chrome","goog:chromeOptions":{"binary":"C:\\Program Files\\Google\\Chrome\\Application\\chrome.exe","args":["--start-maximized"]}},"logLevel":"warn","connectionRetryTimeout":120000,"connectionRetryCount":3,"logLevels":{},"enableDirectConnect":true,"strictSSL":true,"_":"65 more keys: [\"cacheDir\",\"port\",\"requestedCapabilities\",\"automationProtocol\",\"baseUrl\",\"waitforInterval\",\"waitforTimeout\",\"onReload\",\"beforeCommand\",\"afterCommand\",\"rootDir\",\"specs\",\"suites\",\"exclude\",\"groupLogsByTestSpec\",\"excludeDriverLogs\",\"bail\",\"framework\",\"reporters\",\"services\",\"maxInstances\",\"maxInstancesPerCapability\",\"injectGlobals\",\"filesToWatch\",\"execArgv\",\"runnerEnv\",\"runner\",\"shard\",\"specFileRetries\",\"specFileRetriesDelay\",\"specFileRetriesDeferred\",\"reporterSyncInterval\",\"reporterSyncTimeout\",\"cucumberFeaturesWithLineNumbers\",\"autoCompileOpts\",\"mochaOpts\",\"jasmineOpts\",\"cucumberOpts\",\"onPrepare\",\"onWorkerStart\",\"onWorkerEnd\",\"before\",\"beforeSession\",\"beforeSuite\",\"beforeHook\",\"beforeTest\",\"afterTest\",\"afterHook\",\"afterSuite\",\"afterSession\",\"after\",\"onComplete\",\"beforeAssertion\",\"afterAssertion\",\"beforeFeature\",\"beforeScenario\",\"beforeStep\",\"afterStep\",\"afterScenario\",\"afterFeature\",\"_\",\"suite\",\"$0\",\"ignoredWorkerServices\",\"wdi5\"]"}]}
RESULT: {"script":"<script> [2342 bytes]","args":[{"protocol":"http","hostname":"0.0.0.0","path":"/","capabilities":{"browserName":"chrome","goog:chromeOptions":{"binary":"C:\\Program Files\\Google\\Chrome\\Application\\chrome.exe","args":["--start-maximized"]}},"logLevel":"warn","connectionRetryTimeout":120000,"connectionRetryCount":3,"logLevels":{},"enableDirectConnect":true,"strictSSL":true,"_":"65 more keys: [\"cacheDir\",\"port\",\"requestedCapabilities\",\"automationProtocol\",\"baseUrl\",\"waitforInterval\",\"waitforTimeout\",\"onReload\",\"beforeCommand\",\"afterCommand\",\"rootDir\",\"specs\",\"suites\",\"exclude\",\"groupLogsByTestSpec\",\"excludeDriverLogs\",\"bail\",\"framework\",\"reporters\",\"services\",\"maxInstances\",\"maxInstancesPerCapability\",\"injectGlobals\",\"filesToWatch\",\"execArgv\",\"runnerEnv\",\"runner\",\"shard\",\"specFileRetries\",\"specFileRetriesDelay\",\"specFileRetriesDeferred\",\"reporterSyncInterval\",\"reporterSyncTimeout\",\"cucumberFeaturesWithLineNumbers\",\"autoCompileOpts\",\"mochaOpts\",\"jasmineOpts\",\"cucumberOpts\",\"onPrepare\",\"onWorkerStart\",\"onWorkerEnd\",\"before\",\"beforeSession\",\"beforeSuite\",\"beforeHook\",\"beforeTest\",\"afterTest\",\"afterHook\",\"afterSuite\",\"afterSession\",\"after\",\"onComplete\",\"beforeAssertion\",\"afterAssertion\",\"beforeFeature\",\"beforeScenario\",\"beforeStep\",\"afterStep\",\"afterScenario\",\"afterFeature\",\"_\",\"suite\",\"$0\",\"ignoredWorkerServices\",\"wdi5\"]"}]}
COMMAND: POST /session/b0bce561eedd0ef2cd491e5795c56593/execute/async - {"script":"<script> [21126 bytes]","args":[35000]}
RESULT: {"script":"<script> [21126 bytes]","args":[35000]}
]]></system-out>
    </testcase>
  </testsuite>
  <testsuite timestamp="2025-04-20T17:48:31" time="840.384" tests="13" failures="0" errors="0" skipped="0">
    <properties>
      <property name="specId" value="0"/>
      <property name="suiteName" value="Performance based billing (work days) US139742"/>
      <property name="capabilities" value="chrome.135_0_7049_42.windows"/>
      <property name="file" value="file:///D:/a/1/s/test/specs/BTS/billing-performance-workdays.spec.js"/>
    </properties>
    <testcase classname="chrome.135_0_7049_42.windows.Performance_based_billing_(work_days)_US139742" name="Should create a new yard" time="0.043">
      <system-out><![CDATA[
COMMAND: POST /session/b0bce561eedd0ef2cd491e5795c56593/window/fullscreen - {}
RESULT: {}
]]></system-out>
    </testcase>
    <testcase classname="chrome.135_0_7049_42.windows.Performance_based_billing_(work_days)_US139742" name="Should create a new partner" time="0.004"/>
    <testcase classname="chrome.135_0_7049_42.windows.Performance_based_billing_(work_days)_US139742" name="Should create a new site" time="0.004"/>
    <testcase classname="chrome.135_0_7049_42.windows.Performance_based_billing_(work_days)_US139742" name="Should do prerequisite steps add equipment" time="148.367">
      <system-out><![CDATA[
COMMAND: POST /session/b0bce561eedd0ef2cd491e5795c56593/execute/async - {"script":"<script> [1562 bytes]","args":[{"selector":{"controlType":"sap.m.GenericTile","properties":{"header":"Manage Resources"}},"wdio_ui5_key":"sapm.GenericTile{\"header\":\"Manage Resources\"}"}]}
RESULT: {"script":"<script> [1562 bytes]","args":[{"selector":{"controlType":"sap.m.GenericTile","properties":{"header":"Manage Resources"}},"wdio_ui5_key":"sapm.GenericTile{\"header\":\"Manage Resources\"}"}]}
RESULT: undefined
COMMAND: POST /session/b0bce561eedd0ef2cd491e5795c56593/element - {"using":"xpath","value":"//*[@id=\"__tile39\"]"}
RESULT: {"using":"xpath","value":"//*[@id=\"__tile39\"]"}
COMMAND: POST /session/b0bce561eedd0ef2cd491e5795c56593/element/f.633F000A9FA1F61B5279087A5498CC04.d.FFAC30E04104E7081B981963A3044CAC.e.14273/click - {}
RESULT: {}
COMMAND: POST /session/b0bce561eedd0ef2cd491e5795c56593/element - {"using":"xpath","value":"//button[@data-kt=\"addNewRUOverflowToolbarButton\"]"}
COMMAND: GET /session/b0bce561eedd0ef2cd491e5795c56593/screenshot - {}
RESULT: {"using":"xpath","value":"//button[@data-kt=\"addNewRUOverflowToolbarButton\"]"}
COMMAND: POST /session/b0bce561eedd0ef2cd491e5795c56593/elements - {"using":"xpath","value":"//button[@data-kt=\"addNewRUOverflowToolbarButton\"]"}
RESULT: {}
RESULT: {"using":"xpath","value":"//button[@data-kt=\"addNewRUOverflowToolbarButton\"]"}
COMMAND: POST /session/b0bce561eedd0ef2cd491e5795c56593/elements - {"using":"xpath","value":"//button[@data-kt=\"addNewRUOverflowToolbarButton\"]"}
RESULT: {"using":"xpath","value":"//button[@data-kt=\"addNewRUOverflowToolbarButton\"]"}
COMMAND: POST /session/b0bce561eedd0ef2cd491e5795c56593/elements - {"using":"xpath","value":"//button[@data-kt=\"addNewRUOverflowToolbarButton\"]"}
RESULT: {"using":"xpath","value":"//button[@data-kt=\"addNewRUOverflowToolbarButton\"]"}
COMMAND: POST /session/b0bce561eedd0ef2cd491e5795c56593/elements - {"using":"xpath","value":"//button[@data-kt=\"addNewRUOverflowToolbarButton\"]"}
RESULT: undefined
RESULT: undefined
RESULT: {"using":"xpath","value":"//button[@data-kt=\"addNewRUOverflowToolbarButton\"]"}
COMMAND: POST /session/b0bce561eedd0ef2cd491e5795c56593/elements - {"using":"xpath","value":"//button[@data-kt=\"addNewRUOverflowToolbarButton\"]"}
RESULT: {"using":"xpath","value":"//button[@data-kt=\"addNewRUOverflowToolbarButton\"]"}
COMMAND: POST /session/b0bce561eedd0ef2cd491e5795c56593/elements - {"using":"xpath","value":"//button[@data-kt=\"addNewRUOverflowToolbarButton\"]"}
RESULT: {"using":"xpath","value":"//button[@data-kt=\"addNewRUOverflowToolbarButton\"]"}
COMMAND: POST /session/b0bce561eedd0ef2cd491e5795c56593/elements - {"using":"xpath","value":"//button[@data-kt=\"addNewRUOverflowToolbarButton\"]"}
RESULT: {"using":"xpath","value":"//button[@data-kt=\"addNewRUOverflowToolbarButton\"]"}
COMMAND: POST /session/b0bce561eedd0ef2cd491e5795c56593/elements - {"using":"xpath","value":"//button[@data-kt=\"addNewRUOverflowToolbarButton\"]"}
RESULT: {"using":"xpath","value":"//button[@data-kt=\"addNewRUOverflowToolbarButton\"]"}
COMMAND: POST /session/b0bce561eedd0ef2cd491e5795c56593/elements - {"using":"xpath","value":"//button[@data-kt=\"addNewRUOverflowToolbarButton\"]"}
RESULT: {"using":"xpath","value":"//button[@data-kt=\"addNewRUOverflowToolbarButton\"]"}
COMMAND: POST /session/b0bce561eedd0ef2cd491e5795c56593/elements - {"using":"xpath","value":"//button[@data-kt=\"addNewRUOverflowToolbarButton\"]"}
RESULT: {"using":"xpath","value":"//button[@data-kt=\"addNewRUOverflowToolbarButton\"]"}
COMMAND: POST /session/b0bce561eedd0ef2cd491e5795c56593/element - {"using":"xpath","value":"//button[@data-kt=\"addNewRUOverflowToolbarButton\"]"}
RESULT: {"using":"xpath","value":"//button[@data-kt=\"addNewRUOverflowToolbarButton\"]"}
COMMAND: POST /session/b0bce561eedd0ef2cd491e5795c56593/execute/sync - {"script":"<script> [8489 bytes]","args":[{"element-6066-11e4-a52e-4f735466cecf":"f.633F000A9FA1F61B5279087A5498CC04.d.FFAC30E04104E7081B981963A3044CAC.e.14411","ELEMENT":"f.633F000A9FA1F61B5279087A5498CC04.d.FFAC30E04104E7081B981963A3044CAC.e.14411"}]}
RESULT: {"script":"<script> [8489 bytes]","args":[{"element-6066-11e4-a52e-4f735466cecf":"f.633F000A9FA1F61B5279087A5498CC04.d.FFAC30E04104E7081B981963A3044CAC.e.14411","ELEMENT":"f.633F000A9FA1F61B5279087A5498CC04.d.FFAC30E04104E7081B981963A3044CAC.e.14411"}]}
COMMAND: GET /session/b0bce561eedd0ef2cd491e5795c56593/element/f.633F000A9FA1F61B5279087A5498CC04.d.FFAC30E04104E7081B981963A3044CAC.e.14411/enabled - {}
COMMAND: GET /session/b0bce561eedd0ef2cd491e5795c56593/screenshot - {}
RESULT: {}
COMMAND: POST /session/b0bce561eedd0ef2cd491e5795c56593/execute/sync - {"script":"<script> [8489 bytes]","args":[{"element-6066-11e4-a52e-4f735466cecf":"f.633F000A9FA1F61B5279087A5498CC04.d.FFAC30E04104E7081B981963A3044CAC.e.14411","ELEMENT":"f.633F000A9FA1F61B5279087A5498CC04.d.FFAC30E04104E7081B981963A3044CAC.e.14411"}]}
COMMAND: GET /session/b0bce561eedd0ef2cd491e5795c56593/screenshot - {}
RESULT: {}
RESULT: {"script":"<script> [8489 bytes]","args":[{"element-6066-11e4-a52e-4f735466cecf":"f.633F000A9FA1F61B5279087A5498CC04.d.FFAC30E04104E7081B981963A3044CAC.e.14411","ELEMENT":"f.633F000A9FA1F61B5279087A5498CC04.d.FFAC30E04104E7081B981963A3044CAC.e.14411"}]}
COMMAND: POST /session/b0bce561eedd0ef2cd491e5795c56593/execute/sync - {"script":"<script> [5351 bytes]","args":[{"element-6066-11e4-a52e-4f735466cecf":"f.633F000A9FA1F61B5279087A5498CC04.d.FFAC30E04104E7081B981963A3044CAC.e.14411","ELEMENT":"f.633F000A9FA1F61B5279087A5498CC04.d.FFAC30E04104E7081B981963A3044CAC.e.14411"}]}
COMMAND: GET /session/b0bce561eedd0ef2cd491e5795c56593/screenshot - {}
RESULT: {}
RESULT: {"script":"<script> [5351 bytes]","args":[{"element-6066-11e4-a52e-4f735466cecf":"f.633F000A9FA1F61B5279087A5498CC04.d.FFAC30E04104E7081B981963A3044CAC.e.14411","ELEMENT":"f.633F000A9FA1F61B5279087A5498CC04.d.FFAC30E04104E7081B981963A3044CAC.e.14411"}]}
COMMAND: POST /session/b0bce561eedd0ef2cd491e5795c56593/element/f.633F000A9FA1F61B5279087A5498CC04.d.FFAC30E04104E7081B981963A3044CAC.e.14411/click - {}
COMMAND: GET /session/b0bce561eedd0ef2cd491e5795c56593/screenshot - {}
RESULT: {}
RESULT: {}
COMMAND: GET /session/b0bce561eedd0ef2cd491e5795c56593/screenshot - {}
RESULT: {}
COMMAND: POST /session/b0bce561eedd0ef2cd491e5795c56593/execute/async - {"script":"<script> [1562 bytes]","args":[{"selector":{"id":"application-manageresources-display-component---newResourceUnit--TYPE-arrow"},"wdio_ui5_key":"applicationmanageresources-display-component---newResourceUnit--TYPE-arrow"}]}
RESULT: {}
RESULT: {"script":"<script> [1562 bytes]","args":[{"selector":{"id":"application-manageresources-display-component---newResourceUnit--TYPE-arrow"},"wdio_ui5_key":"applicationmanageresources-display-component---newResourceUnit--TYPE-arrow"}]}
RESULT: undefined
COMMAND: POST /session/b0bce561eedd0ef2cd491e5795c56593/element - {"using":"xpath","value":"//*[@id=\"application-manageresources-display-component---newResourceUnit--TYPE-arrow\"]"}
RESULT: {"using":"xpath","value":"//*[@id=\"application-manageresources-display-component---newResourceUnit--TYPE-arrow\"]"}
COMMAND: POST /session/b0bce561eedd0ef2cd491e5795c56593/element/f.633F000A9FA1F61B5279087A5498CC04.d.FFAC30E04104E7081B981963A3044CAC.e.14772/click - {}
RESULT: {}
COMMAND: POST /session/b0bce561eedd0ef2cd491e5795c56593/element - {"using":"xpath","value":"//input[@id=\"application-manageresources-display-component---newResourceUnit--TYPE-inner\"]"}
COMMAND: GET /session/b0bce561eedd0ef2cd491e5795c56593/screenshot - {}
RESULT: {"using":"xpath","value":"//input[@id=\"application-manageresources-display-component---newResourceUnit--TYPE-inner\"]"}
COMMAND: POST /session/b0bce561eedd0ef2cd491e5795c56593/element/f.633F000A9FA1F61B5279087A5498CC04.d.FFAC30E04104E7081B981963A3044CAC.e.14717/clear - {}
RESULT: {}
RESULT: {}
COMMAND: POST /session/b0bce561eedd0ef2cd491e5795c56593/element/f.633F000A9FA1F61B5279087A5498CC04.d.FFAC30E04104E7081B981963A3044CAC.e.14717/value - {"text":"Equipment"}
COMMAND: GET /session/b0bce561eedd0ef2cd491e5795c56593/screenshot - {}
RESULT: {"text":"Equipment"}
COMMAND: GET /session/b0bce561eedd0ef2cd491e5795c56593/screenshot - {}
RESULT: {}
RESULT: {}
COMMAND: POST /session/b0bce561eedd0ef2cd491e5795c56593/actions - {"actions":[{"id":"action48","type":"key","parameters":{},"actions":[{"type":"keyDown","value":""},{"type":"pause","duration":10},{"type":"keyUp","value":""}]}]}
RESULT: {"actions":[{"id":"action48","type":"key","parameters":{},"actions":[{"type":"keyDown","value":""},{"type":"pause","duration":10},{"type":"keyUp","value":""}]}]}
COMMAND: POST /session/b0bce561eedd0ef2cd491e5795c56593/execute/async - {"script":"<script> [1562 bytes]","args":[{"selector":{"id":"application-manageresources-display-component---newResourceUnit--resourceId","interaction":{"idSuffix":"inner"}},"wdio_ui5_key":"applicationmanageresources-display-component---newResourceUnit--resourceId"}]}
COMMAND: GET /session/b0bce561eedd0ef2cd491e5795c56593/screenshot - {}
RESULT: {"script":"<script> [1562 bytes]","args":[{"selector":{"id":"application-manageresources-display-component---newResourceUnit--resourceId","interaction":{"idSuffix":"inner"}},"wdio_ui5_key":"applicationmanageresources-display-component---newResourceUnit--resourceId"}]}
RESULT: undefined
COMMAND: POST /session/b0bce561eedd0ef2cd491e5795c56593/execute/async - {"script":"<script> [776 bytes]","args":[{"enterText":"juiyDgzsGq","selector":{"id":"application-manageresources-display-component---newResourceUnit--resourceId","interaction":{"idSuffix":"inner"}},"clearTextFirst":true,"interactionType":"ENTER_TEXT"}]}
RESULT: {}
RESULT: {"script":"<script> [776 bytes]","args":[{"enterText":"juiyDgzsGq","selector":{"id":"application-manageresources-display-component---newResourceUnit--resourceId","interaction":{"idSuffix":"inner"}},"clearTextFirst":true,"interactionType":"ENTER_TEXT"}]}
COMMAND: POST /session/b0bce561eedd0ef2cd491e5795c56593/execute/async - {"script":"<script> [1562 bytes]","args":[{"selector":{"id":"application-manageresources-display-component---newResourceUnit--SHORT_TEXT","interaction":{"idSuffix":"inner"}},"wdio_ui5_key":"applicationmanageresources-display-component---newResourceUnit--SHORT_TEXT"}]}
RESULT: {"script":"<script> [1562 bytes]","args":[{"selector":{"id":"application-manageresources-display-component---newResourceUnit--SHORT_TEXT","interaction":{"idSuffix":"inner"}},"wdio_ui5_key":"applicationmanageresources-display-component---newResourceUnit--SHORT_TEXT"}]}
RESULT: undefined
COMMAND: POST /session/b0bce561eedd0ef2cd491e5795c56593/execute/async - {"script":"<script> [776 bytes]","args":[{"enterText":"Intercompany Equipment WDIO","selector":{"id":"application-manageresources-display-component---newResourceUnit--SHORT_TEXT","interaction":{"idSuffix":"inner"}},"clearTextFirst":true,"interactionType":"ENTER_TEXT"}]}
RESULT: {"script":"<script> [776 bytes]","args":[{"enterText":"Intercompany Equipment WDIO","selector":{"id":"application-manageresources-display-component---newResourceUnit--SHORT_TEXT","interaction":{"idSuffix":"inner"}},"clearTextFirst":true,"interactionType":"ENTER_TEXT"}]}
COMMAND: POST /session/b0bce561eedd0ef2cd491e5795c56593/execute/async - {"script":"<script> [1562 bytes]","args":[{"selector":{"id":"application-manageresources-display-component---newResourceUnit--BASE_UNIT_OF_MEASURE","interaction":{"idSuffix":"inner"}},"wdio_ui5_key":"applicationmanageresources-display-component---newResourceUnit--BASE_UNIT_OF_MEASURE"}]}
RESULT: {"script":"<script> [1562 bytes]","args":[{"selector":{"id":"application-manageresources-display-component---newResourceUnit--BASE_UNIT_OF_MEASURE","interaction":{"idSuffix":"inner"}},"wdio_ui5_key":"applicationmanageresources-display-component---newResourceUnit--BASE_UNIT_OF_MEASURE"}]}
RESULT: undefined
COMMAND: POST /session/b0bce561eedd0ef2cd491e5795c56593/execute/async - {"script":"<script> [776 bytes]","args":[{"enterText":"Piece","selector":{"id":"application-manageresources-display-component---newResourceUnit--BASE_UNIT_OF_MEASURE","interaction":{"idSuffix":"inner"}},"clearTextFirst":true,"interactionType":"ENTER_TEXT"}]}
RESULT: {"script":"<script> [776 bytes]","args":[{"enterText":"Piece","selector":{"id":"application-manageresources-display-component---newResourceUnit--BASE_UNIT_OF_MEASURE","interaction":{"idSuffix":"inner"}},"clearTextFirst":true,"interactionType":"ENTER_TEXT"}]}
COMMAND: POST /session/b0bce561eedd0ef2cd491e5795c56593/execute/async - {"script":"<script> [1562 bytes]","args":[{"selector":{"id":"application-manageresources-display-component---newResourceUnit--WEIGHT_UNIT","interaction":{"idSuffix":"inner"}},"wdio_ui5_key":"applicationmanageresources-display-component---newResourceUnit--WEIGHT_UNIT"}]}
RESULT: {"script":"<script> [1562 bytes]","args":[{"selector":{"id":"application-manageresources-display-component---newResourceUnit--WEIGHT_UNIT","interaction":{"idSuffix":"inner"}},"wdio_ui5_key":"applicationmanageresources-display-component---newResourceUnit--WEIGHT_UNIT"}]}
RESULT: undefined
COMMAND: POST /session/b0bce561eedd0ef2cd491e5795c56593/execute/async - {"script":"<script> [776 bytes]","args":[{"enterText":"Gram","selector":{"id":"application-manageresources-display-component---newResourceUnit--WEIGHT_UNIT","interaction":{"idSuffix":"inner"}},"clearTextFirst":true,"interactionType":"ENTER_TEXT"}]}
RESULT: {"script":"<script> [776 bytes]","args":[{"enterText":"Gram","selector":{"id":"application-manageresources-display-component---newResourceUnit--WEIGHT_UNIT","interaction":{"idSuffix":"inner"}},"clearTextFirst":true,"interactionType":"ENTER_TEXT"}]}
COMMAND: POST /session/b0bce561eedd0ef2cd491e5795c56593/execute/async - {"script":"<script> [1562 bytes]","args":[{"selector":{"id":"application-manageresources-display-component---newResourceUnit--DIMENSION_UNIT","interaction":{"idSuffix":"inner"}},"wdio_ui5_key":"applicationmanageresources-display-component---newResourceUnit--DIMENSION_UNIT"}]}
RESULT: {"script":"<script> [1562 bytes]","args":[{"selector":{"id":"application-manageresources-display-component---newResourceUnit--DIMENSION_UNIT","interaction":{"idSuffix":"inner"}},"wdio_ui5_key":"applicationmanageresources-display-component---newResourceUnit--DIMENSION_UNIT"}]}
RESULT: undefined
COMMAND: POST /session/b0bce561eedd0ef2cd491e5795c56593/execute/async - {"script":"<script> [776 bytes]","args":[{"enterText":"Meter","selector":{"id":"application-manageresources-display-component---newResourceUnit--DIMENSION_UNIT","interaction":{"idSuffix":"inner"}},"clearTextFirst":true,"interactionType":"ENTER_TEXT"}]}
RESULT: {"script":"<script> [776 bytes]","args":[{"enterText":"Meter","selector":{"id":"application-manageresources-display-component---newResourceUnit--DIMENSION_UNIT","interaction":{"idSuffix":"inner"}},"clearTextFirst":true,"interactionType":"ENTER_TEXT"}]}
COMMAND: POST /session/b0bce561eedd0ef2cd491e5795c56593/execute/async - {"script":"<script> [1562 bytes]","args":[{"selector":{"id":"application-manageresources-display-component---newResourceUnit--newRRUPage-anchBar-application-manageresources-display-component---newResourceUnit--control-anchor","interaction":{"idSuffix":"BDI-content"}},"wdio_ui5_key":"applicationmanageresources-display-component---newResourceUnit--newRRUPage-anchBar-application-manageresources-display-component---newResourceUnit--control-anchor"}]}
RESULT: {"script":"<script> [1562 bytes]","args":[{"selector":{"id":"application-manageresources-display-component---newResourceUnit--newRRUPage-anchBar-application-manageresources-display-component---newResourceUnit--control-anchor","interaction":{"idSuffix":"BDI-content"}},"wdio_ui5_key":"applicationmanageresources-display-component---newResourceUnit--newRRUPage-anchBar-application-manageresources-display-component---newResourceUnit--control-anchor"}]}
RESULT: undefined
COMMAND: POST /session/b0bce561eedd0ef2cd491e5795c56593/element - {"using":"xpath","value":"//*[@id=\"application-manageresources-display-component---newResourceUnit--newRRUPage-anchBar-application-manageresources-display-component---newResourceUnit--control-anchor\"]"}
RESULT: {"using":"xpath","value":"//*[@id=\"application-manageresources-display-component---newResourceUnit--newRRUPage-anchBar-application-manageresources-display-component---newResourceUnit--control-anchor\"]"}
COMMAND: POST /session/b0bce561eedd0ef2cd491e5795c56593/element/f.633F000A9FA1F61B5279087A5498CC04.d.FFAC30E04104E7081B981963A3044CAC.e.14907/click - {}
RESULT: {}
COMMAND: POST /session/b0bce561eedd0ef2cd491e5795c56593/execute/async - {"script":"<script> [1562 bytes]","args":[{"selector":{"id":"application-manageresources-display-component---newResourceUnit--PLANNING_GROUP","interaction":{"idSuffix":"inner"}},"wdio_ui5_key":"applicationmanageresources-display-component---newResourceUnit--PLANNING_GROUP"}]}
COMMAND: GET /session/b0bce561eedd0ef2cd491e5795c56593/screenshot - {}
RESULT: {"script":"<script> [1562 bytes]","args":[{"selector":{"id":"application-manageresources-display-component---newResourceUnit--PLANNING_GROUP","interaction":{"idSuffix":"inner"}},"wdio_ui5_key":"applicationmanageresources-display-component---newResourceUnit--PLANNING_GROUP"}]}
RESULT: undefined
COMMAND: POST /session/b0bce561eedd0ef2cd491e5795c56593/execute/async - {"script":"<script> [776 bytes]","args":[{"enterText":"Heavy Equi","selector":{"id":"application-manageresources-display-component---newResourceUnit--PLANNING_GROUP","interaction":{"idSuffix":"inner"}},"clearTextFirst":true,"interactionType":"ENTER_TEXT"}]}
RESULT: {}
RESULT: {"script":"<script> [776 bytes]","args":[{"enterText":"Heavy Equi","selector":{"id":"application-manageresources-display-component---newResourceUnit--PLANNING_GROUP","interaction":{"idSuffix":"inner"}},"clearTextFirst":true,"interactionType":"ENTER_TEXT"}]}
COMMAND: POST /session/b0bce561eedd0ef2cd491e5795c56593/execute/async - {"script":"<script> [1562 bytes]","args":[{"selector":{"id":"application-manageresources-display-component---newResourceUnit--ITEM_TYPE-arrow"},"wdio_ui5_key":"applicationmanageresources-display-component---newResourceUnit--ITEM_TYPE-arrow"}]}
RESULT: {"script":"<script> [1562 bytes]","args":[{"selector":{"id":"application-manageresources-display-component---newResourceUnit--ITEM_TYPE-arrow"},"wdio_ui5_key":"applicationmanageresources-display-component---newResourceUnit--ITEM_TYPE-arrow"}]}
RESULT: undefined
COMMAND: POST /session/b0bce561eedd0ef2cd491e5795c56593/element - {"using":"xpath","value":"//*[@id=\"application-manageresources-display-component---newResourceUnit--ITEM_TYPE-arrow\"]"}
RESULT: {"using":"xpath","value":"//*[@id=\"application-manageresources-display-component---newResourceUnit--ITEM_TYPE-arrow\"]"}
COMMAND: POST /session/b0bce561eedd0ef2cd491e5795c56593/element/f.633F000A9FA1F61B5279087A5498CC04.d.FFAC30E04104E7081B981963A3044CAC.e.14916/click - {}
RESULT: {}
COMMAND: POST /session/b0bce561eedd0ef2cd491e5795c56593/element - {"using":"xpath","value":"(//span[contains(text(), \"Resource Unit\")])[2]"}
COMMAND: GET /session/b0bce561eedd0ef2cd491e5795c56593/screenshot - {}
RESULT: {"using":"xpath","value":"(//span[contains(text(), \"Resource Unit\")])[2]"}
COMMAND: POST /session/b0bce561eedd0ef2cd491e5795c56593/element/f.633F000A9FA1F61B5279087A5498CC04.d.FFAC30E04104E7081B981963A3044CAC.e.14917/click - {}
RESULT: {}
RESULT: {}
COMMAND: GET /session/b0bce561eedd0ef2cd491e5795c56593/screenshot - {}
RESULT: {}
COMMAND: POST /session/b0bce561eedd0ef2cd491e5795c56593/element - {"using":"css selector","value":"#application-manageresources-display-component---newResourceUnit--btnAddTimeSegment"}
RESULT: {"using":"css selector","value":"#application-manageresources-display-component---newResourceUnit--btnAddTimeSegment"}
COMMAND: GET /session/b0bce561eedd0ef2cd491e5795c56593/element/f.633F000A9FA1F61B5279087A5498CC04.d.FFAC30E04104E7081B981963A3044CAC.e.14918/rect - {}
RESULT: {}
COMMAND: GET /session/b0bce561eedd0ef2cd491e5795c56593/window/rect - {}
RESULT: {}
COMMAND: POST /session/b0bce561eedd0ef2cd491e5795c56593/execute/sync - {"script":"<script> [92 bytes]","args":[]}
RESULT: {"script":"<script> [92 bytes]","args":[]}
COMMAND: POST /session/b0bce561eedd0ef2cd491e5795c56593/actions - {"actions":[{"id":"action49","type":"wheel","parameters":{},"actions":[{"type":"scroll","x":-1888,"y":-32,"deltaX":0,"deltaY":0,"duration":0,"origin":{"element-6066-11e4-a52e-4f735466cecf":"f.633F000A9FA1F61B5279087A5498CC04.d.FFAC30E04104E7081B981963A3044CAC.e.14918"}}]}]}
COMMAND: GET /session/b0bce561eedd0ef2cd491e5795c56593/screenshot - {}
RESULT: {}
COMMAND: POST /session/b0bce561eedd0ef2cd491e5795c56593/execute/sync - {"script":"<script> [79 bytes]","args":[{"element-6066-11e4-a52e-4f735466cecf":"f.633F000A9FA1F61B5279087A5498CC04.d.FFAC30E04104E7081B981963A3044CAC.e.14918","ELEMENT":"f.633F000A9FA1F61B5279087A5498CC04.d.FFAC30E04104E7081B981963A3044CAC.e.14918"},{"block":"start","inline":"nearest"}]}
RESULT: {"script":"<script> [79 bytes]","args":[{"element-6066-11e4-a52e-4f735466cecf":"f.633F000A9FA1F61B5279087A5498CC04.d.FFAC30E04104E7081B981963A3044CAC.e.14918","ELEMENT":"f.633F000A9FA1F61B5279087A5498CC04.d.FFAC30E04104E7081B981963A3044CAC.e.14918"},{"block":"start","inline":"nearest"}]}
COMMAND: POST /session/b0bce561eedd0ef2cd491e5795c56593/execute/async - {"script":"<script> [1562 bytes]","args":[{"selector":{"id":"application-manageresources-display-component---newResourceUnit--btnAddTimeSegment","interaction":{"idSuffix":"inner"}},"wdio_ui5_key":"applicationmanageresources-display-component---newResourceUnit--btnAddTimeSegment"}]}
COMMAND: GET /session/b0bce561eedd0ef2cd491e5795c56593/screenshot - {}
RESULT: {"script":"<script> [1562 bytes]","args":[{"selector":{"id":"application-manageresources-display-component---newResourceUnit--btnAddTimeSegment","interaction":{"idSuffix":"inner"}},"wdio_ui5_key":"applicationmanageresources-display-component---newResourceUnit--btnAddTimeSegment"}]}
RESULT: undefined
COMMAND: POST /session/b0bce561eedd0ef2cd491e5795c56593/element - {"using":"xpath","value":"//*[@id=\"application-manageresources-display-component---newResourceUnit--btnAddTimeSegment\"]"}
RESULT: {}
RESULT: {"using":"xpath","value":"//*[@id=\"application-manageresources-display-component---newResourceUnit--btnAddTimeSegment\"]"}
COMMAND: POST /session/b0bce561eedd0ef2cd491e5795c56593/element/f.633F000A9FA1F61B5279087A5498CC04.d.FFAC30E04104E7081B981963A3044CAC.e.14918/click - {}
RESULT: {}
COMMAND: GET /session/b0bce561eedd0ef2cd491e5795c56593/screenshot - {}
RESULT: {}
COMMAND: POST /session/b0bce561eedd0ef2cd491e5795c56593/element - {"using":"xpath","value":"//input[@id=\"application-manageresources-display-component---newResourceUnit--idRuTSAdmin-application-manageresources-display-component---newResourceUnit--RUTimeSegment-0-inner\"]"}
RESULT: {"using":"xpath","value":"//input[@id=\"application-manageresources-display-component---newResourceUnit--idRuTSAdmin-application-manageresources-display-component---newResourceUnit--RUTimeSegment-0-inner\"]"}
COMMAND: POST /session/b0bce561eedd0ef2cd491e5795c56593/element/f.633F000A9FA1F61B5279087A5498CC04.d.FFAC30E04104E7081B981963A3044CAC.e.14924/clear - {}
RESULT: {}
COMMAND: POST /session/b0bce561eedd0ef2cd491e5795c56593/element/f.633F000A9FA1F61B5279087A5498CC04.d.FFAC30E04104E7081B981963A3044CAC.e.14924/value - {"text":"617"}
COMMAND: GET /session/b0bce561eedd0ef2cd491e5795c56593/screenshot - {}
RESULT: {"text":"617"}
COMMAND: GET /session/b0bce561eedd0ef2cd491e5795c56593/screenshot - {}
RESULT: {}
RESULT: {}
COMMAND: POST /session/b0bce561eedd0ef2cd491e5795c56593/element - {"using":"xpath","value":"//li[.//span[text()='617']]"}
RESULT: {"using":"xpath","value":"//li[.//span[text()='617']]"}
COMMAND: POST /session/b0bce561eedd0ef2cd491e5795c56593/element/f.633F000A9FA1F61B5279087A5498CC04.d.FFAC30E04104E7081B981963A3044CAC.e.14936/click - {}
RESULT: {}
COMMAND: GET /session/b0bce561eedd0ef2cd491e5795c56593/screenshot - {}
RESULT: {}
COMMAND: POST /session/b0bce561eedd0ef2cd491e5795c56593/element - {"using":"xpath","value":"(//span[contains(@id, \"-application-manageresources-display-component---newResourceUnit--RUTimeSegment-0-arrow\")])[6]"}
RESULT: {"using":"xpath","value":"(//span[contains(@id, \"-application-manageresources-display-component---newResourceUnit--RUTimeSegment-0-arrow\")])[6]"}
COMMAND: POST /session/b0bce561eedd0ef2cd491e5795c56593/element/f.633F000A9FA1F61B5279087A5498CC04.d.FFAC30E04104E7081B981963A3044CAC.e.14937/click - {}
RESULT: {}
COMMAND: POST /session/b0bce561eedd0ef2cd491e5795c56593/element - {"using":"xpath","value":"//span[contains(text(), \"PM Order\")]"}
COMMAND: GET /session/b0bce561eedd0ef2cd491e5795c56593/screenshot - {}
RESULT: {"using":"xpath","value":"//span[contains(text(), \"PM Order\")]"}
COMMAND: POST /session/b0bce561eedd0ef2cd491e5795c56593/element/f.633F000A9FA1F61B5279087A5498CC04.d.FFAC30E04104E7081B981963A3044CAC.e.14940/click - {}
RESULT: {}
RESULT: {}
COMMAND: GET /session/b0bce561eedd0ef2cd491e5795c56593/screenshot - {}
RESULT: {}
COMMAND: POST /session/b0bce561eedd0ef2cd491e5795c56593/element - {"using":"xpath","value":"(//span[contains(@id ,\"manageresources-display-component---newResourceUnit--RUTimeSegment-0-vhi\")])[2]"}
RESULT: {"using":"xpath","value":"(//span[contains(@id ,\"manageresources-display-component---newResourceUnit--RUTimeSegment-0-vhi\")])[2]"}
COMMAND: POST /session/b0bce561eedd0ef2cd491e5795c56593/element/f.633F000A9FA1F61B5279087A5498CC04.d.FFAC30E04104E7081B981963A3044CAC.e.14943/click - {}
RESULT: {}
COMMAND: GET /session/b0bce561eedd0ef2cd491e5795c56593/screenshot - {}
RESULT: {}
COMMAND: POST /session/b0bce561eedd0ef2cd491e5795c56593/execute/async - {"script":"<script> [1562 bytes]","args":[{"selector":{"controlType":"sap.m.SearchField","properties":{"placeholder":"Search"},"searchOpenDialogs":true,"interaction":{"idSuffix":"I"}},"wdio_ui5_key":"sapm.SearchField{\"placeholder\":\"Search\"}"}]}
RESULT: {"script":"<script> [1562 bytes]","args":[{"selector":{"controlType":"sap.m.SearchField","properties":{"placeholder":"Search"},"searchOpenDialogs":true,"interaction":{"idSuffix":"I"}},"wdio_ui5_key":"sapm.SearchField{\"placeholder\":\"Search\"}"}]}
RESULT: undefined
COMMAND: POST /session/b0bce561eedd0ef2cd491e5795c56593/execute/async - {"script":"<script> [776 bytes]","args":[{"enterText":"4000360","selector":{"controlType":"sap.m.SearchField","properties":{"placeholder":"Search"},"searchOpenDialogs":true,"interaction":{"idSuffix":"I"}},"clearTextFirst":true,"interactionType":"ENTER_TEXT"}]}
RESULT: {"script":"<script> [776 bytes]","args":[{"enterText":"4000360","selector":{"controlType":"sap.m.SearchField","properties":{"placeholder":"Search"},"searchOpenDialogs":true,"interaction":{"idSuffix":"I"}},"clearTextFirst":true,"interactionType":"ENTER_TEXT"}]}
COMMAND: POST /session/b0bce561eedd0ef2cd491e5795c56593/actions - {"actions":[{"id":"action50","type":"key","parameters":{},"actions":[{"type":"keyDown","value":""},{"type":"pause","duration":10},{"type":"keyUp","value":""}]}]}
RESULT: {"actions":[{"id":"action50","type":"key","parameters":{},"actions":[{"type":"keyDown","value":""},{"type":"pause","duration":10},{"type":"keyUp","value":""}]}]}
COMMAND: GET /session/b0bce561eedd0ef2cd491e5795c56593/screenshot - {}
RESULT: {}
COMMAND: POST /session/b0bce561eedd0ef2cd491e5795c56593/element - {"using":"xpath","value":"//td/div/span[contains(text(), \"BGL Vehicles\")]"}
RESULT: {"using":"xpath","value":"//td/div/span[contains(text(), \"BGL Vehicles\")]"}
COMMAND: POST /session/b0bce561eedd0ef2cd491e5795c56593/element/f.633F000A9FA1F61B5279087A5498CC04.d.FFAC30E04104E7081B981963A3044CAC.e.14963/click - {}
RESULT: {}
COMMAND: GET /session/b0bce561eedd0ef2cd491e5795c56593/screenshot - {}
RESULT: {}
COMMAND: POST /session/b0bce561eedd0ef2cd491e5795c56593/element - {"using":"xpath","value":"//bdi[contains(text(), \"OK\")]"}
RESULT: {"using":"xpath","value":"//bdi[contains(text(), \"OK\")]"}
COMMAND: POST /session/b0bce561eedd0ef2cd491e5795c56593/element/f.633F000A9FA1F61B5279087A5498CC04.d.FFAC30E04104E7081B981963A3044CAC.e.14964/click - {}
RESULT: {}
COMMAND: GET /session/b0bce561eedd0ef2cd491e5795c56593/screenshot - {}
RESULT: {}
COMMAND: POST /session/b0bce561eedd0ef2cd491e5795c56593/execute/async - {"script":"<script> [1562 bytes]","args":[{"selector":{"id":"application-manageresources-display-component---newResourceUnit--newRRUPage-anchBar-application-manageresources-display-component---newResourceUnit--resource-anchor","interaction":{"idSuffix":"BDI-content"}},"wdio_ui5_key":"applicationmanageresources-display-component---newResourceUnit--newRRUPage-anchBar-application-manageresources-display-component---newResourceUnit--resource-anchor"}]}
RESULT: {"script":"<script> [1562 bytes]","args":[{"selector":{"id":"application-manageresources-display-component---newResourceUnit--newRRUPage-anchBar-application-manageresources-display-component---newResourceUnit--resource-anchor","interaction":{"idSuffix":"BDI-content"}},"wdio_ui5_key":"applicationmanageresources-display-component---newResourceUnit--newRRUPage-anchBar-application-manageresources-display-component---newResourceUnit--resource-anchor"}]}
RESULT: undefined
COMMAND: POST /session/b0bce561eedd0ef2cd491e5795c56593/element - {"using":"xpath","value":"//*[@id=\"application-manageresources-display-component---newResourceUnit--newRRUPage-anchBar-application-manageresources-display-component---newResourceUnit--resource-anchor\"]"}
RESULT: {"using":"xpath","value":"//*[@id=\"application-manageresources-display-component---newResourceUnit--newRRUPage-anchBar-application-manageresources-display-component---newResourceUnit--resource-anchor\"]"}
COMMAND: POST /session/b0bce561eedd0ef2cd491e5795c56593/element/f.633F000A9FA1F61B5279087A5498CC04.d.FFAC30E04104E7081B981963A3044CAC.e.14968/click - {}
RESULT: {}
COMMAND: POST /session/b0bce561eedd0ef2cd491e5795c56593/execute/async - {"script":"<script> [1562 bytes]","args":[{"selector":{"id":"application-manageresources-display-component---newResourceUnit--PLANNED_DELIVERY_DATE","interaction":{"idSuffix":"inner"}},"wdio_ui5_key":"applicationmanageresources-display-component---newResourceUnit--PLANNED_DELIVERY_DATE"}]}
COMMAND: GET /session/b0bce561eedd0ef2cd491e5795c56593/screenshot - {}
RESULT: {"script":"<script> [1562 bytes]","args":[{"selector":{"id":"application-manageresources-display-component---newResourceUnit--PLANNED_DELIVERY_DATE","interaction":{"idSuffix":"inner"}},"wdio_ui5_key":"applicationmanageresources-display-component---newResourceUnit--PLANNED_DELIVERY_DATE"}]}
RESULT: undefined
COMMAND: POST /session/b0bce561eedd0ef2cd491e5795c56593/execute/async - {"script":"<script> [6424 bytes]","args":[{"element-6066-11e4-a52e-4f735466cecf":"f.633F000A9FA1F61B5279087A5498CC04.d.FFAC30E04104E7081B981963A3044CAC.e.14829"},"setValue",["4/20/25"]]}
RESULT: {}
RESULT: {"script":"<script> [6424 bytes]","args":[{"element-6066-11e4-a52e-4f735466cecf":"f.633F000A9FA1F61B5279087A5498CC04.d.FFAC30E04104E7081B981963A3044CAC.e.14829"},"setValue",["4/20/25"]]}
COMMAND: POST /session/b0bce561eedd0ef2cd491e5795c56593/element - {"using":"xpath","value":"//button[@data-kt=\"resourceUnitSaveButton\"]"}
RESULT: {"using":"xpath","value":"//button[@data-kt=\"resourceUnitSaveButton\"]"}
COMMAND: POST /session/b0bce561eedd0ef2cd491e5795c56593/element/f.633F000A9FA1F61B5279087A5498CC04.d.FFAC30E04104E7081B981963A3044CAC.e.14789/click - {}
RESULT: {}
COMMAND: GET /session/b0bce561eedd0ef2cd491e5795c56593/screenshot - {}
RESULT: {}
COMMAND: POST /session/b0bce561eedd0ef2cd491e5795c56593/element - {"using":"xpath","value":"//bdi[contains(text(), \"Close\")]"}
RESULT: {"using":"xpath","value":"//bdi[contains(text(), \"Close\")]"}
COMMAND: POST /session/b0bce561eedd0ef2cd491e5795c56593/element/f.633F000A9FA1F61B5279087A5498CC04.d.FFAC30E04104E7081B981963A3044CAC.e.14976/click - {}
RESULT: {}
COMMAND: GET /session/b0bce561eedd0ef2cd491e5795c56593/screenshot - {}
RESULT: {}
COMMAND: POST /session/b0bce561eedd0ef2cd491e5795c56593/element - {"using":"xpath","value":"(//button[contains(@id ,\"actionsToolbar-overflowButton\")])[1]"}
RESULT: {"using":"xpath","value":"(//button[contains(@id ,\"actionsToolbar-overflowButton\")])[1]"}
COMMAND: POST /session/b0bce561eedd0ef2cd491e5795c56593/element/f.633F000A9FA1F61B5279087A5498CC04.d.FFAC30E04104E7081B981963A3044CAC.e.15034/click - {}
RESULT: {}
COMMAND: GET /session/b0bce561eedd0ef2cd491e5795c56593/screenshot - {}
RESULT: {}
COMMAND: POST /session/b0bce561eedd0ef2cd491e5795c56593/element - {"using":"xpath","value":"//button[@data-kt=\"priceInfoButton\"]"}
RESULT: {"using":"xpath","value":"//button[@data-kt=\"priceInfoButton\"]"}
COMMAND: POST /session/b0bce561eedd0ef2cd491e5795c56593/element/f.633F000A9FA1F61B5279087A5498CC04.d.FFAC30E04104E7081B981963A3044CAC.e.15036/click - {}
RESULT: {}
COMMAND: GET /session/b0bce561eedd0ef2cd491e5795c56593/screenshot - {}
RESULT: {}
]]></system-out>
    </testcase>
    <testcase classname="chrome.135_0_7049_42.windows.Performance_based_billing_(work_days)_US139742" name="Should create a pricing rule perf based on the equipment" time="61.004">
      <system-out><![CDATA[
COMMAND: POST /session/b0bce561eedd0ef2cd491e5795c56593/element - {"using":"xpath","value":"//button[@data-kt=\"addButton\"]"}
RESULT: {"using":"xpath","value":"//button[@data-kt=\"addButton\"]"}
COMMAND: POST /session/b0bce561eedd0ef2cd491e5795c56593/elements - {"using":"xpath","value":"//button[@data-kt=\"addButton\"]"}
RESULT: {"using":"xpath","value":"//button[@data-kt=\"addButton\"]"}
COMMAND: POST /session/b0bce561eedd0ef2cd491e5795c56593/execute/sync - {"script":"<script> [8489 bytes]","args":[{"element-6066-11e4-a52e-4f735466cecf":"f.633F000A9FA1F61B5279087A5498CC04.d.FFAC30E04104E7081B981963A3044CAC.e.15074","ELEMENT":"f.633F000A9FA1F61B5279087A5498CC04.d.FFAC30E04104E7081B981963A3044CAC.e.15074"}]}
RESULT: {"script":"<script> [8489 bytes]","args":[{"element-6066-11e4-a52e-4f735466cecf":"f.633F000A9FA1F61B5279087A5498CC04.d.FFAC30E04104E7081B981963A3044CAC.e.15074","ELEMENT":"f.633F000A9FA1F61B5279087A5498CC04.d.FFAC30E04104E7081B981963A3044CAC.e.15074"}]}
COMMAND: GET /session/b0bce561eedd0ef2cd491e5795c56593/element/f.633F000A9FA1F61B5279087A5498CC04.d.FFAC30E04104E7081B981963A3044CAC.e.15074/enabled - {}
COMMAND: GET /session/b0bce561eedd0ef2cd491e5795c56593/screenshot - {}
RESULT: {}
COMMAND: POST /session/b0bce561eedd0ef2cd491e5795c56593/execute/sync - {"script":"<script> [8489 bytes]","args":[{"element-6066-11e4-a52e-4f735466cecf":"f.633F000A9FA1F61B5279087A5498CC04.d.FFAC30E04104E7081B981963A3044CAC.e.15074","ELEMENT":"f.633F000A9FA1F61B5279087A5498CC04.d.FFAC30E04104E7081B981963A3044CAC.e.15074"}]}
COMMAND: GET /session/b0bce561eedd0ef2cd491e5795c56593/screenshot - {}
RESULT: {}
RESULT: {"script":"<script> [8489 bytes]","args":[{"element-6066-11e4-a52e-4f735466cecf":"f.633F000A9FA1F61B5279087A5498CC04.d.FFAC30E04104E7081B981963A3044CAC.e.15074","ELEMENT":"f.633F000A9FA1F61B5279087A5498CC04.d.FFAC30E04104E7081B981963A3044CAC.e.15074"}]}
COMMAND: POST /session/b0bce561eedd0ef2cd491e5795c56593/execute/sync - {"script":"<script> [5351 bytes]","args":[{"element-6066-11e4-a52e-4f735466cecf":"f.633F000A9FA1F61B5279087A5498CC04.d.FFAC30E04104E7081B981963A3044CAC.e.15074","ELEMENT":"f.633F000A9FA1F61B5279087A5498CC04.d.FFAC30E04104E7081B981963A3044CAC.e.15074"}]}
COMMAND: GET /session/b0bce561eedd0ef2cd491e5795c56593/screenshot - {}
RESULT: {}
RESULT: {"script":"<script> [5351 bytes]","args":[{"element-6066-11e4-a52e-4f735466cecf":"f.633F000A9FA1F61B5279087A5498CC04.d.FFAC30E04104E7081B981963A3044CAC.e.15074","ELEMENT":"f.633F000A9FA1F61B5279087A5498CC04.d.FFAC30E04104E7081B981963A3044CAC.e.15074"}]}
COMMAND: POST /session/b0bce561eedd0ef2cd491e5795c56593/element/f.633F000A9FA1F61B5279087A5498CC04.d.FFAC30E04104E7081B981963A3044CAC.e.15074/click - {}
COMMAND: GET /session/b0bce561eedd0ef2cd491e5795c56593/screenshot - {}
RESULT: {}
RESULT: {}
COMMAND: GET /session/b0bce561eedd0ef2cd491e5795c56593/screenshot - {}
RESULT: {}
RESULT: {}
COMMAND: POST /session/b0bce561eedd0ef2cd491e5795c56593/execute/async - {"script":"<script> [1562 bytes]","args":[{"selector":{"controlType":"sap.m.Title","viewName":"etm.portal.ui.managepricingrules.view.NewItem","viewId":"application-managepricingrules-display-component---newInfoPriceItem","properties":{"text":"New Pricing Rules - Item Level"}},"wdio_ui5_key":"etmportal.ui.managepricingrules.view.NewItemsap.m.Title{\"text\":\"New Pricing Rules - Item Level\"}"}]}
RESULT: {"script":"<script> [1562 bytes]","args":[{"selector":{"controlType":"sap.m.Title","viewName":"etm.portal.ui.managepricingrules.view.NewItem","viewId":"application-managepricingrules-display-component---newInfoPriceItem","properties":{"text":"New Pricing Rules - Item Level"}},"wdio_ui5_key":"etmportal.ui.managepricingrules.view.NewItemsap.m.Title{\"text\":\"New Pricing Rules - Item Level\"}"}]}
RESULT: undefined
COMMAND: POST /session/b0bce561eedd0ef2cd491e5795c56593/execute/async - {"script":"<script> [6424 bytes]","args":[{"element-6066-11e4-a52e-4f735466cecf":"f.633F000A9FA1F61B5279087A5498CC04.d.FFAC30E04104E7081B981963A3044CAC.e.15148"},"getText",[]]}
RESULT: {"script":"<script> [6424 bytes]","args":[{"element-6066-11e4-a52e-4f735466cecf":"f.633F000A9FA1F61B5279087A5498CC04.d.FFAC30E04104E7081B981963A3044CAC.e.15148"},"getText",[]]}
COMMAND: POST /session/b0bce561eedd0ef2cd491e5795c56593/execute/async - {"script":"<script> [1562 bytes]","args":[{"selector":{"id":"application-managepricingrules-display-component---newInfoPriceItem--condValidTo","interaction":{"idSuffix":"inner"}},"wdio_ui5_key":"applicationmanagepricingrules-display-component---newInfoPriceItem--condValidTo"}]}
RESULT: {"script":"<script> [1562 bytes]","args":[{"selector":{"id":"application-managepricingrules-display-component---newInfoPriceItem--condValidTo","interaction":{"idSuffix":"inner"}},"wdio_ui5_key":"applicationmanagepricingrules-display-component---newInfoPriceItem--condValidTo"}]}
RESULT: undefined
COMMAND: POST /session/b0bce561eedd0ef2cd491e5795c56593/execute/async - {"script":"<script> [776 bytes]","args":[{"enterText":"12/20/25","selector":{"id":"application-managepricingrules-display-component---newInfoPriceItem--condValidTo","interaction":{"idSuffix":"inner"}},"clearTextFirst":true,"interactionType":"ENTER_TEXT"}]}
RESULT: {"script":"<script> [776 bytes]","args":[{"enterText":"12/20/25","selector":{"id":"application-managepricingrules-display-component---newInfoPriceItem--condValidTo","interaction":{"idSuffix":"inner"}},"clearTextFirst":true,"interactionType":"ENTER_TEXT"}]}
COMMAND: POST /session/b0bce561eedd0ef2cd491e5795c56593/execute/async - {"script":"<script> [1562 bytes]","args":[{"selector":{"id":"application-managepricingrules-display-component---newInfoPriceItem--billType-arrow"},"wdio_ui5_key":"applicationmanagepricingrules-display-component---newInfoPriceItem--billType-arrow"}]}
RESULT: {"script":"<script> [1562 bytes]","args":[{"selector":{"id":"application-managepricingrules-display-component---newInfoPriceItem--billType-arrow"},"wdio_ui5_key":"applicationmanagepricingrules-display-component---newInfoPriceItem--billType-arrow"}]}
RESULT: undefined
COMMAND: POST /session/b0bce561eedd0ef2cd491e5795c56593/element - {"using":"xpath","value":"//*[@id=\"application-managepricingrules-display-component---newInfoPriceItem--billType-arrow\"]"}
RESULT: {"using":"xpath","value":"//*[@id=\"application-managepricingrules-display-component---newInfoPriceItem--billType-arrow\"]"}
COMMAND: POST /session/b0bce561eedd0ef2cd491e5795c56593/element/f.633F000A9FA1F61B5279087A5498CC04.d.FFAC30E04104E7081B981963A3044CAC.e.15205/click - {}
RESULT: {}
COMMAND: POST /session/b0bce561eedd0ef2cd491e5795c56593/element - {"using":"xpath","value":"//span[contains(text(), \"PB - Performance based\")]"}
COMMAND: GET /session/b0bce561eedd0ef2cd491e5795c56593/screenshot - {}
RESULT: {"using":"xpath","value":"//span[contains(text(), \"PB - Performance based\")]"}
COMMAND: POST /session/b0bce561eedd0ef2cd491e5795c56593/element/f.633F000A9FA1F61B5279087A5498CC04.d.FFAC30E04104E7081B981963A3044CAC.e.15247/click - {}
RESULT: {}
RESULT: {}
COMMAND: POST /session/b0bce561eedd0ef2cd491e5795c56593/execute/async - {"script":"<script> [1562 bytes]","args":[{"selector":{"id":"application-managepricingrules-display-component---newInfoPriceItem--priceProc-arrow"},"wdio_ui5_key":"applicationmanagepricingrules-display-component---newInfoPriceItem--priceProc-arrow"}]}
COMMAND: GET /session/b0bce561eedd0ef2cd491e5795c56593/screenshot - {}
RESULT: {"script":"<script> [1562 bytes]","args":[{"selector":{"id":"application-managepricingrules-display-component---newInfoPriceItem--priceProc-arrow"},"wdio_ui5_key":"applicationmanagepricingrules-display-component---newInfoPriceItem--priceProc-arrow"}]}
RESULT: undefined
COMMAND: POST /session/b0bce561eedd0ef2cd491e5795c56593/element - {"using":"xpath","value":"//*[@id=\"application-managepricingrules-display-component---newInfoPriceItem--priceProc-arrow\"]"}
RESULT: {}
RESULT: {"using":"xpath","value":"//*[@id=\"application-managepricingrules-display-component---newInfoPriceItem--priceProc-arrow\"]"}
COMMAND: POST /session/b0bce561eedd0ef2cd491e5795c56593/element/f.633F000A9FA1F61B5279087A5498CC04.d.FFAC30E04104E7081B981963A3044CAC.e.15212/click - {}
RESULT: {}
COMMAND: POST /session/b0bce561eedd0ef2cd491e5795c56593/element - {"using":"xpath","value":"//span[contains(text(), \"PRF - Performance based\")]"}
COMMAND: GET /session/b0bce561eedd0ef2cd491e5795c56593/screenshot - {}
RESULT: {"using":"xpath","value":"//span[contains(text(), \"PRF - Performance based\")]"}
COMMAND: POST /session/b0bce561eedd0ef2cd491e5795c56593/element/f.633F000A9FA1F61B5279087A5498CC04.d.FFAC30E04104E7081B981963A3044CAC.e.15248/click - {}
RESULT: {}
RESULT: {}
COMMAND: POST /session/b0bce561eedd0ef2cd491e5795c56593/execute/async - {"script":"<script> [1562 bytes]","args":[{"selector":{"id":"application-managepricingrules-display-component---newInfoPriceItem--calcBase-arrow"},"wdio_ui5_key":"applicationmanagepricingrules-display-component---newInfoPriceItem--calcBase-arrow"}]}
COMMAND: GET /session/b0bce561eedd0ef2cd491e5795c56593/screenshot - {}
RESULT: {"script":"<script> [1562 bytes]","args":[{"selector":{"id":"application-managepricingrules-display-component---newInfoPriceItem--calcBase-arrow"},"wdio_ui5_key":"applicationmanagepricingrules-display-component---newInfoPriceItem--calcBase-arrow"}]}
RESULT: undefined
COMMAND: POST /session/b0bce561eedd0ef2cd491e5795c56593/element - {"using":"xpath","value":"//*[@id=\"application-managepricingrules-display-component---newInfoPriceItem--calcBase-arrow\"]"}
RESULT: {}
RESULT: {"using":"xpath","value":"//*[@id=\"application-managepricingrules-display-component---newInfoPriceItem--calcBase-arrow\"]"}
COMMAND: POST /session/b0bce561eedd0ef2cd491e5795c56593/element/f.633F000A9FA1F61B5279087A5498CC04.d.FFAC30E04104E7081B981963A3044CAC.e.15219/click - {}
RESULT: {}
COMMAND: GET /session/b0bce561eedd0ef2cd491e5795c56593/screenshot - {}
RESULT: {}
COMMAND: POST /session/b0bce561eedd0ef2cd491e5795c56593/element - {"using":"xpath","value":"//span[contains(text(), \"0007 - PB(work days)\")]"}
RESULT: {"using":"xpath","value":"//span[contains(text(), \"0007 - PB(work days)\")]"}
COMMAND: POST /session/b0bce561eedd0ef2cd491e5795c56593/element/f.633F000A9FA1F61B5279087A5498CC04.d.FFAC30E04104E7081B981963A3044CAC.e.15249/click - {}
RESULT: {}
COMMAND: GET /session/b0bce561eedd0ef2cd491e5795c56593/screenshot - {}
RESULT: {}
COMMAND: POST /session/b0bce561eedd0ef2cd491e5795c56593/execute/async - {"script":"<script> [1562 bytes]","args":[{"selector":{"id":"application-managepricingrules-display-component---newInfoPriceItem--hoursMonth","interaction":{"idSuffix":"inner"}},"wdio_ui5_key":"applicationmanagepricingrules-display-component---newInfoPriceItem--hoursMonth"}]}
RESULT: {"script":"<script> [1562 bytes]","args":[{"selector":{"id":"application-managepricingrules-display-component---newInfoPriceItem--hoursMonth","interaction":{"idSuffix":"inner"}},"wdio_ui5_key":"applicationmanagepricingrules-display-component---newInfoPriceItem--hoursMonth"}]}
RESULT: undefined
COMMAND: POST /session/b0bce561eedd0ef2cd491e5795c56593/execute/async - {"script":"<script> [776 bytes]","args":[{"enterText":"160","selector":{"id":"application-managepricingrules-display-component---newInfoPriceItem--hoursMonth","interaction":{"idSuffix":"inner"}},"clearTextFirst":true,"interactionType":"ENTER_TEXT"}]}
RESULT: {"script":"<script> [776 bytes]","args":[{"enterText":"160","selector":{"id":"application-managepricingrules-display-component---newInfoPriceItem--hoursMonth","interaction":{"idSuffix":"inner"}},"clearTextFirst":true,"interactionType":"ENTER_TEXT"}]}
COMMAND: POST /session/b0bce561eedd0ef2cd491e5795c56593/element - {"using":"xpath","value":"//button[@data-kt=\"saveNewRuleButton\"]"}
RESULT: {"using":"xpath","value":"//button[@data-kt=\"saveNewRuleButton\"]"}
COMMAND: POST /session/b0bce561eedd0ef2cd491e5795c56593/element/f.633F000A9FA1F61B5279087A5498CC04.d.FFAC30E04104E7081B981963A3044CAC.e.15240/click - {}
RESULT: {}
COMMAND: GET /session/b0bce561eedd0ef2cd491e5795c56593/screenshot - {}
RESULT: {}
COMMAND: POST /session/b0bce561eedd0ef2cd491e5795c56593/execute/async - {"script":"<script> [1562 bytes]","args":[{"selector":{"id":"application-managepricingrules-display-component---priceInfoItem--smartFilterBar-btnBasicSearch","interaction":{"idSuffix":"I"}},"wdio_ui5_key":"applicationmanagepricingrules-display-component---priceInfoItem--smartFilterBar-btnBasicSearch"}]}
RESULT: {"script":"<script> [1562 bytes]","args":[{"selector":{"id":"application-managepricingrules-display-component---priceInfoItem--smartFilterBar-btnBasicSearch","interaction":{"idSuffix":"I"}},"wdio_ui5_key":"applicationmanagepricingrules-display-component---priceInfoItem--smartFilterBar-btnBasicSearch"}]}
RESULT: undefined
COMMAND: POST /session/b0bce561eedd0ef2cd491e5795c56593/execute/async - {"script":"<script> [776 bytes]","args":[{"enterText":"juiyDgzsGq","selector":{"id":"application-managepricingrules-display-component---priceInfoItem--smartFilterBar-btnBasicSearch","interaction":{"idSuffix":"I"}},"clearTextFirst":true,"interactionType":"ENTER_TEXT"}]}
RESULT: {"script":"<script> [776 bytes]","args":[{"enterText":"juiyDgzsGq","selector":{"id":"application-managepricingrules-display-component---priceInfoItem--smartFilterBar-btnBasicSearch","interaction":{"idSuffix":"I"}},"clearTextFirst":true,"interactionType":"ENTER_TEXT"}]}
COMMAND: POST /session/b0bce561eedd0ef2cd491e5795c56593/actions - {"actions":[{"id":"action51","type":"key","parameters":{},"actions":[{"type":"keyDown","value":""},{"type":"pause","duration":10},{"type":"keyUp","value":""}]}]}
RESULT: {"actions":[{"id":"action51","type":"key","parameters":{},"actions":[{"type":"keyDown","value":""},{"type":"pause","duration":10},{"type":"keyUp","value":""}]}]}
COMMAND: GET /session/b0bce561eedd0ef2cd491e5795c56593/screenshot - {}
RESULT: {}
COMMAND: POST /session/b0bce561eedd0ef2cd491e5795c56593/element - {"using":"xpath","value":"//span[@id=\"application-managepricingrules-display-component---priceInfoItem--smartTable-header-inner\"]"}
RESULT: {"using":"xpath","value":"//span[@id=\"application-managepricingrules-display-component---priceInfoItem--smartTable-header-inner\"]"}
COMMAND: POST /session/b0bce561eedd0ef2cd491e5795c56593/elements - {"using":"xpath","value":"//span[@id=\"application-managepricingrules-display-component---priceInfoItem--smartTable-header-inner\"]"}
RESULT: {"using":"xpath","value":"//span[@id=\"application-managepricingrules-display-component---priceInfoItem--smartTable-header-inner\"]"}
COMMAND: POST /session/b0bce561eedd0ef2cd491e5795c56593/execute/sync - {"script":"<script> [56 bytes]","args":[{"element-6066-11e4-a52e-4f735466cecf":"f.633F000A9FA1F61B5279087A5498CC04.d.FFAC30E04104E7081B981963A3044CAC.e.15274","ELEMENT":"f.633F000A9FA1F61B5279087A5498CC04.d.FFAC30E04104E7081B981963A3044CAC.e.15274"}]}
RESULT: {"script":"<script> [56 bytes]","args":[{"element-6066-11e4-a52e-4f735466cecf":"f.633F000A9FA1F61B5279087A5498CC04.d.FFAC30E04104E7081B981963A3044CAC.e.15274","ELEMENT":"f.633F000A9FA1F61B5279087A5498CC04.d.FFAC30E04104E7081B981963A3044CAC.e.15274"}]}
COMMAND: POST /session/b0bce561eedd0ef2cd491e5795c56593/element - {"using":"css selector","value":"#shell-header-logo"}
COMMAND: GET /session/b0bce561eedd0ef2cd491e5795c56593/screenshot - {}
RESULT: {"using":"css selector","value":"#shell-header-logo"}
COMMAND: POST /session/b0bce561eedd0ef2cd491e5795c56593/element/f.633F000A9FA1F61B5279087A5498CC04.d.FFAC30E04104E7081B981963A3044CAC.e.14379/click - {}
RESULT: {}
RESULT: {}
COMMAND: GET /session/b0bce561eedd0ef2cd491e5795c56593/screenshot - {}
RESULT: {}
]]></system-out>
    </testcase>
    <testcase classname="chrome.135_0_7049_42.windows.Performance_based_billing_(work_days)_US139742" name="Should create a performance based billing condition on the equipment" time="72.426">
      <system-out><![CDATA[
COMMAND: POST /session/b0bce561eedd0ef2cd491e5795c56593/execute/async - {"script":"<script> [1562 bytes]","args":[{"selector":{"controlType":"sap.m.Text","properties":{"text":"Manage Conditions & Prices"},"interaction":{"idSuffix":"inner"}},"wdio_ui5_key":"sapm.Text{\"text\":\"Manage Conditions & Prices\"}"}]}
RESULT: {"script":"<script> [1562 bytes]","args":[{"selector":{"controlType":"sap.m.Text","properties":{"text":"Manage Conditions & Prices"},"interaction":{"idSuffix":"inner"}},"wdio_ui5_key":"sapm.Text{\"text\":\"Manage Conditions & Prices\"}"}]}
RESULT: undefined
COMMAND: POST /session/b0bce561eedd0ef2cd491e5795c56593/element - {"using":"xpath","value":"//*[@id=\"__tile53-title\"]"}
RESULT: {"using":"xpath","value":"//*[@id=\"__tile53-title\"]"}
COMMAND: POST /session/b0bce561eedd0ef2cd491e5795c56593/element/f.633F000A9FA1F61B5279087A5498CC04.d.FFAC30E04104E7081B981963A3044CAC.e.15277/click - {}
RESULT: {}
COMMAND: POST /session/b0bce561eedd0ef2cd491e5795c56593/element - {"using":"xpath","value":"//button[@aria-label=\"Create\"]"}
COMMAND: GET /session/b0bce561eedd0ef2cd491e5795c56593/screenshot - {}
RESULT: {"using":"xpath","value":"//button[@aria-label=\"Create\"]"}
COMMAND: POST /session/b0bce561eedd0ef2cd491e5795c56593/elements - {"using":"xpath","value":"//button[@aria-label=\"Create\"]"}
RESULT: {}
RESULT: {"using":"xpath","value":"//button[@aria-label=\"Create\"]"}
COMMAND: POST /session/b0bce561eedd0ef2cd491e5795c56593/element - {"using":"xpath","value":"//button[@aria-label=\"Create\"]"}
RESULT: {"using":"xpath","value":"//button[@aria-label=\"Create\"]"}
COMMAND: POST /session/b0bce561eedd0ef2cd491e5795c56593/execute/sync - {"script":"<script> [8489 bytes]","args":[{"element-6066-11e4-a52e-4f735466cecf":"f.633F000A9FA1F61B5279087A5498CC04.d.FFAC30E04104E7081B981963A3044CAC.e.15312","ELEMENT":"f.633F000A9FA1F61B5279087A5498CC04.d.FFAC30E04104E7081B981963A3044CAC.e.15312"}]}
RESULT: {"script":"<script> [8489 bytes]","args":[{"element-6066-11e4-a52e-4f735466cecf":"f.633F000A9FA1F61B5279087A5498CC04.d.FFAC30E04104E7081B981963A3044CAC.e.15312","ELEMENT":"f.633F000A9FA1F61B5279087A5498CC04.d.FFAC30E04104E7081B981963A3044CAC.e.15312"}]}
COMMAND: GET /session/b0bce561eedd0ef2cd491e5795c56593/element/f.633F000A9FA1F61B5279087A5498CC04.d.FFAC30E04104E7081B981963A3044CAC.e.15312/enabled - {}
COMMAND: GET /session/b0bce561eedd0ef2cd491e5795c56593/screenshot - {}
RESULT: {}
COMMAND: POST /session/b0bce561eedd0ef2cd491e5795c56593/execute/sync - {"script":"<script> [8489 bytes]","args":[{"element-6066-11e4-a52e-4f735466cecf":"f.633F000A9FA1F61B5279087A5498CC04.d.FFAC30E04104E7081B981963A3044CAC.e.15312","ELEMENT":"f.633F000A9FA1F61B5279087A5498CC04.d.FFAC30E04104E7081B981963A3044CAC.e.15312"}]}
COMMAND: GET /session/b0bce561eedd0ef2cd491e5795c56593/screenshot - {}
RESULT: {}
RESULT: {"script":"<script> [8489 bytes]","args":[{"element-6066-11e4-a52e-4f735466cecf":"f.633F000A9FA1F61B5279087A5498CC04.d.FFAC30E04104E7081B981963A3044CAC.e.15312","ELEMENT":"f.633F000A9FA1F61B5279087A5498CC04.d.FFAC30E04104E7081B981963A3044CAC.e.15312"}]}
COMMAND: POST /session/b0bce561eedd0ef2cd491e5795c56593/execute/sync - {"script":"<script> [5351 bytes]","args":[{"element-6066-11e4-a52e-4f735466cecf":"f.633F000A9FA1F61B5279087A5498CC04.d.FFAC30E04104E7081B981963A3044CAC.e.15312","ELEMENT":"f.633F000A9FA1F61B5279087A5498CC04.d.FFAC30E04104E7081B981963A3044CAC.e.15312"}]}
COMMAND: GET /session/b0bce561eedd0ef2cd491e5795c56593/screenshot - {}
RESULT: {}
RESULT: {"script":"<script> [5351 bytes]","args":[{"element-6066-11e4-a52e-4f735466cecf":"f.633F000A9FA1F61B5279087A5498CC04.d.FFAC30E04104E7081B981963A3044CAC.e.15312","ELEMENT":"f.633F000A9FA1F61B5279087A5498CC04.d.FFAC30E04104E7081B981963A3044CAC.e.15312"}]}
COMMAND: POST /session/b0bce561eedd0ef2cd491e5795c56593/element/f.633F000A9FA1F61B5279087A5498CC04.d.FFAC30E04104E7081B981963A3044CAC.e.15312/click - {}
COMMAND: GET /session/b0bce561eedd0ef2cd491e5795c56593/screenshot - {}
RESULT: {}
RESULT: {}
COMMAND: GET /session/b0bce561eedd0ef2cd491e5795c56593/screenshot - {}
RESULT: {}
RESULT: {}
COMMAND: POST /session/b0bce561eedd0ef2cd491e5795c56593/actions - {"actions":[{"id":"action52","type":"key","parameters":{},"actions":[{"type":"keyDown","value":""},{"type":"pause","duration":10},{"type":"keyUp","value":""}]}]}
RESULT: {"actions":[{"id":"action52","type":"key","parameters":{},"actions":[{"type":"keyDown","value":""},{"type":"pause","duration":10},{"type":"keyUp","value":""}]}]}
COMMAND: GET /session/b0bce561eedd0ef2cd491e5795c56593/screenshot - {}
RESULT: {}
COMMAND: POST /session/b0bce561eedd0ef2cd491e5795c56593/execute/async - {"script":"<script> [1562 bytes]","args":[{"selector":{"id":"application-manageconditionprice-display-component---newCondition--condBillCond-arrow"},"wdio_ui5_key":"applicationmanageconditionprice-display-component---newCondition--condBillCond-arrow"}]}
RESULT: {"script":"<script> [1562 bytes]","args":[{"selector":{"id":"application-manageconditionprice-display-component---newCondition--condBillCond-arrow"},"wdio_ui5_key":"applicationmanageconditionprice-display-component---newCondition--condBillCond-arrow"}]}
RESULT: undefined
COMMAND: POST /session/b0bce561eedd0ef2cd491e5795c56593/element - {"using":"xpath","value":"//*[@id=\"application-manageconditionprice-display-component---newCondition--condBillCond-arrow\"]"}
RESULT: {"using":"xpath","value":"//*[@id=\"application-manageconditionprice-display-component---newCondition--condBillCond-arrow\"]"}
COMMAND: POST /session/b0bce561eedd0ef2cd491e5795c56593/element/f.633F000A9FA1F61B5279087A5498CC04.d.FFAC30E04104E7081B981963A3044CAC.e.15492/click - {}
RESULT: {}
COMMAND: GET /session/b0bce561eedd0ef2cd491e5795c56593/screenshot - {}
RESULT: {}
COMMAND: POST /session/b0bce561eedd0ef2cd491e5795c56593/element - {"using":"xpath","value":"//li[.//span[contains(text(), \"PC06 - Performance Price - fuel\")]]"}
RESULT: {"using":"xpath","value":"//li[.//span[contains(text(), \"PC06 - Performance Price - fuel\")]]"}
COMMAND: POST /session/b0bce561eedd0ef2cd491e5795c56593/element/f.633F000A9FA1F61B5279087A5498CC04.d.FFAC30E04104E7081B981963A3044CAC.e.15495/click - {}
RESULT: {}
COMMAND: GET /session/b0bce561eedd0ef2cd491e5795c56593/screenshot - {}
RESULT: {}
COMMAND: POST /session/b0bce561eedd0ef2cd491e5795c56593/execute/async - {"script":"<script> [1562 bytes]","args":[{"selector":{"id":"application-manageconditionprice-display-component---newCondition--condValidTo","interaction":{"idSuffix":"inner"}},"wdio_ui5_key":"applicationmanageconditionprice-display-component---newCondition--condValidTo"}]}
RESULT: {"script":"<script> [1562 bytes]","args":[{"selector":{"id":"application-manageconditionprice-display-component---newCondition--condValidTo","interaction":{"idSuffix":"inner"}},"wdio_ui5_key":"applicationmanageconditionprice-display-component---newCondition--condValidTo"}]}
RESULT: undefined
COMMAND: POST /session/b0bce561eedd0ef2cd491e5795c56593/execute/async - {"script":"<script> [776 bytes]","args":[{"enterText":"12/20/25","selector":{"id":"application-manageconditionprice-display-component---newCondition--condValidTo","interaction":{"idSuffix":"inner"}},"clearTextFirst":true,"interactionType":"ENTER_TEXT"}]}
RESULT: {"script":"<script> [776 bytes]","args":[{"enterText":"12/20/25","selector":{"id":"application-manageconditionprice-display-component---newCondition--condValidTo","interaction":{"idSuffix":"inner"}},"clearTextFirst":true,"interactionType":"ENTER_TEXT"}]}
COMMAND: POST /session/b0bce561eedd0ef2cd491e5795c56593/element - {"using":"xpath","value":"//input[@id=\"application-manageconditionprice-display-component---newCondition--condRU-inner\"]"}
RESULT: {"using":"xpath","value":"//input[@id=\"application-manageconditionprice-display-component---newCondition--condRU-inner\"]"}
COMMAND: POST /session/b0bce561eedd0ef2cd491e5795c56593/element/f.633F000A9FA1F61B5279087A5498CC04.d.FFAC30E04104E7081B981963A3044CAC.e.15357/clear - {}
RESULT: {}
COMMAND: POST /session/b0bce561eedd0ef2cd491e5795c56593/element/f.633F000A9FA1F61B5279087A5498CC04.d.FFAC30E04104E7081B981963A3044CAC.e.15357/value - {"text":"juiyDgzsGq"}
COMMAND: GET /session/b0bce561eedd0ef2cd491e5795c56593/screenshot - {}
RESULT: {"text":"juiyDgzsGq"}
COMMAND: GET /session/b0bce561eedd0ef2cd491e5795c56593/screenshot - {}
RESULT: {}
RESULT: {}
COMMAND: POST /session/b0bce561eedd0ef2cd491e5795c56593/actions - {"actions":[{"id":"action53","type":"key","parameters":{},"actions":[{"type":"keyDown","value":""},{"type":"pause","duration":10},{"type":"keyUp","value":""}]}]}
RESULT: {"actions":[{"id":"action53","type":"key","parameters":{},"actions":[{"type":"keyDown","value":""},{"type":"pause","duration":10},{"type":"keyUp","value":""}]}]}
COMMAND: POST /session/b0bce561eedd0ef2cd491e5795c56593/execute/async - {"script":"<script> [1562 bytes]","args":[{"selector":{"id":"application-manageconditionprice-display-component---newCondition--condBaseQty","interaction":{"idSuffix":"inner"}},"wdio_ui5_key":"applicationmanageconditionprice-display-component---newCondition--condBaseQty"}]}
COMMAND: GET /session/b0bce561eedd0ef2cd491e5795c56593/screenshot - {}
RESULT: {"script":"<script> [1562 bytes]","args":[{"selector":{"id":"application-manageconditionprice-display-component---newCondition--condBaseQty","interaction":{"idSuffix":"inner"}},"wdio_ui5_key":"applicationmanageconditionprice-display-component---newCondition--condBaseQty"}]}
RESULT: undefined
COMMAND: POST /session/b0bce561eedd0ef2cd491e5795c56593/execute/async - {"script":"<script> [776 bytes]","args":[{"enterText":"1","selector":{"id":"application-manageconditionprice-display-component---newCondition--condBaseQty","interaction":{"idSuffix":"inner"}},"clearTextFirst":true,"interactionType":"ENTER_TEXT"}]}
RESULT: {}
RESULT: {"script":"<script> [776 bytes]","args":[{"enterText":"1","selector":{"id":"application-manageconditionprice-display-component---newCondition--condBaseQty","interaction":{"idSuffix":"inner"}},"clearTextFirst":true,"interactionType":"ENTER_TEXT"}]}
COMMAND: POST /session/b0bce561eedd0ef2cd491e5795c56593/execute/async - {"script":"<script> [1562 bytes]","args":[{"selector":{"id":"application-manageconditionprice-display-component---newCondition--condValue","interaction":{"idSuffix":"inner"}},"wdio_ui5_key":"applicationmanageconditionprice-display-component---newCondition--condValue"}]}
RESULT: {"script":"<script> [1562 bytes]","args":[{"selector":{"id":"application-manageconditionprice-display-component---newCondition--condValue","interaction":{"idSuffix":"inner"}},"wdio_ui5_key":"applicationmanageconditionprice-display-component---newCondition--condValue"}]}
RESULT: undefined
COMMAND: POST /session/b0bce561eedd0ef2cd491e5795c56593/execute/async - {"script":"<script> [776 bytes]","args":[{"enterText":"10","selector":{"id":"application-manageconditionprice-display-component---newCondition--condValue","interaction":{"idSuffix":"inner"}},"clearTextFirst":true,"interactionType":"ENTER_TEXT"}]}
RESULT: {"script":"<script> [776 bytes]","args":[{"enterText":"10","selector":{"id":"application-manageconditionprice-display-component---newCondition--condValue","interaction":{"idSuffix":"inner"}},"clearTextFirst":true,"interactionType":"ENTER_TEXT"}]}
COMMAND: POST /session/b0bce561eedd0ef2cd491e5795c56593/execute/async - {"script":"<script> [1562 bytes]","args":[{"selector":{"id":"application-manageconditionprice-display-component---newCondition--condCurr-arrow"},"wdio_ui5_key":"applicationmanageconditionprice-display-component---newCondition--condCurr-arrow"}]}
RESULT: {"script":"<script> [1562 bytes]","args":[{"selector":{"id":"application-manageconditionprice-display-component---newCondition--condCurr-arrow"},"wdio_ui5_key":"applicationmanageconditionprice-display-component---newCondition--condCurr-arrow"}]}
RESULT: undefined
COMMAND: POST /session/b0bce561eedd0ef2cd491e5795c56593/element - {"using":"xpath","value":"//*[@id=\"application-manageconditionprice-display-component---newCondition--condCurr-arrow\"]"}
RESULT: {"using":"xpath","value":"//*[@id=\"application-manageconditionprice-display-component---newCondition--condCurr-arrow\"]"}
COMMAND: POST /session/b0bce561eedd0ef2cd491e5795c56593/element/f.633F000A9FA1F61B5279087A5498CC04.d.FFAC30E04104E7081B981963A3044CAC.e.15460/click - {}
RESULT: {}
COMMAND: POST /session/b0bce561eedd0ef2cd491e5795c56593/element - {"using":"xpath","value":"//span[contains(text(), \"Euro\")]"}
COMMAND: GET /session/b0bce561eedd0ef2cd491e5795c56593/screenshot - {}
RESULT: {"using":"xpath","value":"//span[contains(text(), \"Euro\")]"}
COMMAND: POST /session/b0bce561eedd0ef2cd491e5795c56593/element/f.633F000A9FA1F61B5279087A5498CC04.d.FFAC30E04104E7081B981963A3044CAC.e.15532/click - {}
RESULT: {}
RESULT: {}
COMMAND: POST /session/b0bce561eedd0ef2cd491e5795c56593/element - {"using":"xpath","value":"//button[@data-kt=\"saveButton\"]"}
COMMAND: GET /session/b0bce561eedd0ef2cd491e5795c56593/screenshot - {}
RESULT: {"using":"xpath","value":"//button[@data-kt=\"saveButton\"]"}
COMMAND: POST /session/b0bce561eedd0ef2cd491e5795c56593/element/f.633F000A9FA1F61B5279087A5498CC04.d.FFAC30E04104E7081B981963A3044CAC.e.15461/click - {}
RESULT: {}
RESULT: {}
COMMAND: GET /session/b0bce561eedd0ef2cd491e5795c56593/screenshot - {}
RESULT: {}
COMMAND: POST /session/b0bce561eedd0ef2cd491e5795c56593/execute/async - {"script":"<script> [1562 bytes]","args":[{"selector":{"id":"application-manageconditionprice-display-component---conditions--smartFilterBar-btnBasicSearch","interaction":{"idSuffix":"I"}},"wdio_ui5_key":"applicationmanageconditionprice-display-component---conditions--smartFilterBar-btnBasicSearch"}]}
RESULT: {"script":"<script> [1562 bytes]","args":[{"selector":{"id":"application-manageconditionprice-display-component---conditions--smartFilterBar-btnBasicSearch","interaction":{"idSuffix":"I"}},"wdio_ui5_key":"applicationmanageconditionprice-display-component---conditions--smartFilterBar-btnBasicSearch"}]}
RESULT: undefined
COMMAND: POST /session/b0bce561eedd0ef2cd491e5795c56593/execute/async - {"script":"<script> [776 bytes]","args":[{"enterText":"juiyDgzsGq","selector":{"id":"application-manageconditionprice-display-component---conditions--smartFilterBar-btnBasicSearch","interaction":{"idSuffix":"I"}},"clearTextFirst":true,"interactionType":"ENTER_TEXT"}]}
RESULT: {"script":"<script> [776 bytes]","args":[{"enterText":"juiyDgzsGq","selector":{"id":"application-manageconditionprice-display-component---conditions--smartFilterBar-btnBasicSearch","interaction":{"idSuffix":"I"}},"clearTextFirst":true,"interactionType":"ENTER_TEXT"}]}
COMMAND: POST /session/b0bce561eedd0ef2cd491e5795c56593/actions - {"actions":[{"id":"action54","type":"key","parameters":{},"actions":[{"type":"keyDown","value":""},{"type":"pause","duration":10},{"type":"keyUp","value":""}]}]}
RESULT: {"actions":[{"id":"action54","type":"key","parameters":{},"actions":[{"type":"keyDown","value":""},{"type":"pause","duration":10},{"type":"keyUp","value":""}]}]}
COMMAND: GET /session/b0bce561eedd0ef2cd491e5795c56593/screenshot - {}
RESULT: {}
COMMAND: POST /session/b0bce561eedd0ef2cd491e5795c56593/execute/async - {"script":"<script> [1562 bytes]","args":[{"selector":{"id":"application-manageconditionprice-display-component---conditions--smartFilterBar-filterItemControl_BASIC-BILL_TYPES-vhi"},"wdio_ui5_key":"applicationmanageconditionprice-display-component---conditions--smartFilterBar-filterItemControl_BASIC-BILL_TYPES-vhi"}]}
RESULT: {"script":"<script> [1562 bytes]","args":[{"selector":{"id":"application-manageconditionprice-display-component---conditions--smartFilterBar-filterItemControl_BASIC-BILL_TYPES-vhi"},"wdio_ui5_key":"applicationmanageconditionprice-display-component---conditions--smartFilterBar-filterItemControl_BASIC-BILL_TYPES-vhi"}]}
RESULT: undefined
COMMAND: POST /session/b0bce561eedd0ef2cd491e5795c56593/element - {"using":"xpath","value":"//*[@id=\"application-manageconditionprice-display-component---conditions--smartFilterBar-filterItemControl_BASIC-BILL_TYPES-vhi\"]"}
RESULT: {"using":"xpath","value":"//*[@id=\"application-manageconditionprice-display-component---conditions--smartFilterBar-filterItemControl_BASIC-BILL_TYPES-vhi\"]"}
COMMAND: POST /session/b0bce561eedd0ef2cd491e5795c56593/element/f.633F000A9FA1F61B5279087A5498CC04.d.FFAC30E04104E7081B981963A3044CAC.e.15627/click - {}
RESULT: {}
COMMAND: POST /session/b0bce561eedd0ef2cd491e5795c56593/execute/async - {"script":"<script> [1562 bytes]","args":[{"selector":{"id":"application-manageconditionprice-display-component---conditions--smartFilterBar-filterItemControl_BASIC-BILL_TYPES-valueHelpDialog-smartFilterBar-btnBasicSearch","searchOpenDialogs":true,"interaction":{"idSuffix":"I"}},"wdio_ui5_key":"applicationmanageconditionprice-display-component---conditions--smartFilterBar-filterItemControl_BASIC-BILL_TYPES-valueHelpDialog-smartFilterBar-btnBasicSearch"}]}
COMMAND: GET /session/b0bce561eedd0ef2cd491e5795c56593/screenshot - {}
RESULT: {"script":"<script> [1562 bytes]","args":[{"selector":{"id":"application-manageconditionprice-display-component---conditions--smartFilterBar-filterItemControl_BASIC-BILL_TYPES-valueHelpDialog-smartFilterBar-btnBasicSearch","searchOpenDialogs":true,"interaction":{"idSuffix":"I"}},"wdio_ui5_key":"applicationmanageconditionprice-display-component---conditions--smartFilterBar-filterItemControl_BASIC-BILL_TYPES-valueHelpDialog-smartFilterBar-btnBasicSearch"}]}
RESULT: undefined
COMMAND: POST /session/b0bce561eedd0ef2cd491e5795c56593/execute/async - {"script":"<script> [776 bytes]","args":[{"enterText":"PB","selector":{"id":"application-manageconditionprice-display-component---conditions--smartFilterBar-filterItemControl_BASIC-BILL_TYPES-valueHelpDialog-smartFilterBar-btnBasicSearch","searchOpenDialogs":true,"interaction":{"idSuffix":"I"}},"clearTextFirst":true,"interactionType":"ENTER_TEXT"}]}
RESULT: {}
RESULT: {"script":"<script> [776 bytes]","args":[{"enterText":"PB","selector":{"id":"application-manageconditionprice-display-component---conditions--smartFilterBar-filterItemControl_BASIC-BILL_TYPES-valueHelpDialog-smartFilterBar-btnBasicSearch","searchOpenDialogs":true,"interaction":{"idSuffix":"I"}},"clearTextFirst":true,"interactionType":"ENTER_TEXT"}]}
COMMAND: POST /session/b0bce561eedd0ef2cd491e5795c56593/actions - {"actions":[{"id":"action55","type":"key","parameters":{},"actions":[{"type":"keyDown","value":""},{"type":"pause","duration":10},{"type":"keyUp","value":""}]}]}
RESULT: {"actions":[{"id":"action55","type":"key","parameters":{},"actions":[{"type":"keyDown","value":""},{"type":"pause","duration":10},{"type":"keyUp","value":""}]}]}
COMMAND: GET /session/b0bce561eedd0ef2cd491e5795c56593/screenshot - {}
RESULT: {}
COMMAND: POST /session/b0bce561eedd0ef2cd491e5795c56593/element - {"using":"xpath","value":"//div[contains(@id, 'application-manageconditionprice-display-component---conditions--smartFilterBar-filterItemControl_BASIC-BILL_TYPES-valueHelpDialog-table-rowsel0')]"}
RESULT: {"using":"xpath","value":"//div[contains(@id, 'application-manageconditionprice-display-component---conditions--smartFilterBar-filterItemControl_BASIC-BILL_TYPES-valueHelpDialog-table-rowsel0')]"}
COMMAND: POST /session/b0bce561eedd0ef2cd491e5795c56593/element/f.633F000A9FA1F61B5279087A5498CC04.d.FFAC30E04104E7081B981963A3044CAC.e.15636/click - {}
RESULT: {}
COMMAND: GET /session/b0bce561eedd0ef2cd491e5795c56593/screenshot - {}
RESULT: {}
COMMAND: POST /session/b0bce561eedd0ef2cd491e5795c56593/element - {"using":"xpath","value":"//bdi[contains(text(), \"OK\")]"}
RESULT: {"using":"xpath","value":"//bdi[contains(text(), \"OK\")]"}
COMMAND: POST /session/b0bce561eedd0ef2cd491e5795c56593/element/f.633F000A9FA1F61B5279087A5498CC04.d.FFAC30E04104E7081B981963A3044CAC.e.15638/click - {}
RESULT: {}
COMMAND: GET /session/b0bce561eedd0ef2cd491e5795c56593/screenshot - {}
RESULT: {}
COMMAND: POST /session/b0bce561eedd0ef2cd491e5795c56593/element - {"using":"xpath","value":"//span[@id=\"application-manageconditionprice-display-component---conditions--smartTable-header-inner\"]"}
RESULT: {"using":"xpath","value":"//span[@id=\"application-manageconditionprice-display-component---conditions--smartTable-header-inner\"]"}
COMMAND: POST /session/b0bce561eedd0ef2cd491e5795c56593/elements - {"using":"xpath","value":"//span[@id=\"application-manageconditionprice-display-component---conditions--smartTable-header-inner\"]"}
RESULT: {"using":"xpath","value":"//span[@id=\"application-manageconditionprice-display-component---conditions--smartTable-header-inner\"]"}
COMMAND: POST /session/b0bce561eedd0ef2cd491e5795c56593/execute/sync - {"script":"<script> [56 bytes]","args":[{"element-6066-11e4-a52e-4f735466cecf":"f.633F000A9FA1F61B5279087A5498CC04.d.FFAC30E04104E7081B981963A3044CAC.e.15641","ELEMENT":"f.633F000A9FA1F61B5279087A5498CC04.d.FFAC30E04104E7081B981963A3044CAC.e.15641"}]}
RESULT: {"script":"<script> [56 bytes]","args":[{"element-6066-11e4-a52e-4f735466cecf":"f.633F000A9FA1F61B5279087A5498CC04.d.FFAC30E04104E7081B981963A3044CAC.e.15641","ELEMENT":"f.633F000A9FA1F61B5279087A5498CC04.d.FFAC30E04104E7081B981963A3044CAC.e.15641"}]}
COMMAND: POST /session/b0bce561eedd0ef2cd491e5795c56593/element - {"using":"css selector","value":"#shell-header-logo"}
COMMAND: GET /session/b0bce561eedd0ef2cd491e5795c56593/screenshot - {}
RESULT: {"using":"css selector","value":"#shell-header-logo"}
COMMAND: POST /session/b0bce561eedd0ef2cd491e5795c56593/element/f.633F000A9FA1F61B5279087A5498CC04.d.FFAC30E04104E7081B981963A3044CAC.e.15279/click - {}
RESULT: {}
RESULT: {}
COMMAND: GET /session/b0bce561eedd0ef2cd491e5795c56593/screenshot - {}
RESULT: {}
]]></system-out>
    </testcase>
    <testcase classname="chrome.135_0_7049_42.windows.Performance_based_billing_(work_days)_US139742" name="Should add a counter to the equipment" time="61.437">
      <system-out><![CDATA[
RESULT: undefined
COMMAND: POST /session/b0bce561eedd0ef2cd491e5795c56593/element - {"using":"xpath","value":"//*[@id=\"__tile39\"]"}
RESULT: {"using":"xpath","value":"//*[@id=\"__tile39\"]"}
COMMAND: POST /session/b0bce561eedd0ef2cd491e5795c56593/element/f.633F000A9FA1F61B5279087A5498CC04.d.FFAC30E04104E7081B981963A3044CAC.e.14273/click - {}
RESULT: undefined
RESULT: undefined
RESULT: {}
COMMAND: POST /session/b0bce561eedd0ef2cd491e5795c56593/execute/async - {"script":"<script> [1562 bytes]","args":[{"selector":{"id":"application-manageresources-display-component---masterRU--smartFilterBar-btnBasicSearch","interaction":{"idSuffix":"I"}},"wdio_ui5_key":"applicationmanageresources-display-component---masterRU--smartFilterBar-btnBasicSearch"}]}
COMMAND: GET /session/b0bce561eedd0ef2cd491e5795c56593/screenshot - {}
RESULT: {}
RESULT: {"script":"<script> [1562 bytes]","args":[{"selector":{"id":"application-manageresources-display-component---masterRU--smartFilterBar-btnBasicSearch","interaction":{"idSuffix":"I"}},"wdio_ui5_key":"applicationmanageresources-display-component---masterRU--smartFilterBar-btnBasicSearch"}]}
RESULT: undefined
COMMAND: POST /session/b0bce561eedd0ef2cd491e5795c56593/execute/async - {"script":"<script> [776 bytes]","args":[{"enterText":"juiyDgzsGq","selector":{"id":"application-manageresources-display-component---masterRU--smartFilterBar-btnBasicSearch","interaction":{"idSuffix":"I"}},"clearTextFirst":true,"interactionType":"ENTER_TEXT"}]}
RESULT: {"script":"<script> [776 bytes]","args":[{"enterText":"juiyDgzsGq","selector":{"id":"application-manageresources-display-component---masterRU--smartFilterBar-btnBasicSearch","interaction":{"idSuffix":"I"}},"clearTextFirst":true,"interactionType":"ENTER_TEXT"}]}
COMMAND: POST /session/b0bce561eedd0ef2cd491e5795c56593/actions - {"actions":[{"id":"action56","type":"key","parameters":{},"actions":[{"type":"keyDown","value":""},{"type":"pause","duration":10},{"type":"keyUp","value":""}]}]}
RESULT: {"actions":[{"id":"action56","type":"key","parameters":{},"actions":[{"type":"keyDown","value":""},{"type":"pause","duration":10},{"type":"keyUp","value":""}]}]}
COMMAND: GET /session/b0bce561eedd0ef2cd491e5795c56593/screenshot - {}
RESULT: {}
COMMAND: POST /session/b0bce561eedd0ef2cd491e5795c56593/execute/async - {"script":"<script> [1562 bytes]","args":[{"selector":{"id":"application-manageresources-display-component---masterRU--smartTable-header"},"wdio_ui5_key":"applicationmanageresources-display-component---masterRU--smartTable-header"}]}
RESULT: {"script":"<script> [1562 bytes]","args":[{"selector":{"id":"application-manageresources-display-component---masterRU--smartTable-header"},"wdio_ui5_key":"applicationmanageresources-display-component---masterRU--smartTable-header"}]}
RESULT: undefined
COMMAND: POST /session/b0bce561eedd0ef2cd491e5795c56593/execute/async - {"script":"<script> [6424 bytes]","args":[{"element-6066-11e4-a52e-4f735466cecf":"f.633F000A9FA1F61B5279087A5498CC04.d.FFAC30E04104E7081B981963A3044CAC.e.15840"},"getText",[]]}
RESULT: {"script":"<script> [6424 bytes]","args":[{"element-6066-11e4-a52e-4f735466cecf":"f.633F000A9FA1F61B5279087A5498CC04.d.FFAC30E04104E7081B981963A3044CAC.e.15840"},"getText",[]]}
COMMAND: POST /session/b0bce561eedd0ef2cd491e5795c56593/execute/async - {"script":"<script> [1562 bytes]","args":[{"selector":{"controlType":"sap.ui.core.Icon","viewName":"etm.portal.ui.manageresources.view.Master","viewId":"application-manageresources-display-component---masterRU","properties":{"src":{"regex":{"source":"slim\\-arrow\\-right"}}}},"wdio_ui5_key":"etmportal.ui.manageresources.view.Mastersap.ui.core.Icon{\"src\":{\"regex\":{\"source\":\"slim\\\\-arrow\\\\-right\"}}}"}]}
RESULT: {"script":"<script> [1562 bytes]","args":[{"selector":{"controlType":"sap.ui.core.Icon","viewName":"etm.portal.ui.manageresources.view.Master","viewId":"application-manageresources-display-component---masterRU","properties":{"src":{"regex":{"source":"slim\\-arrow\\-right"}}}},"wdio_ui5_key":"etmportal.ui.manageresources.view.Mastersap.ui.core.Icon{\"src\":{\"regex\":{\"source\":\"slim\\\\-arrow\\\\-right\"}}}"}]}
RESULT: undefined
COMMAND: POST /session/b0bce561eedd0ef2cd491e5795c56593/element - {"using":"xpath","value":"//*[@id=\"__item1120-__clone2931-imgNav\"]"}
RESULT: {"using":"xpath","value":"//*[@id=\"__item1120-__clone2931-imgNav\"]"}
COMMAND: POST /session/b0bce561eedd0ef2cd491e5795c56593/element/f.633F000A9FA1F61B5279087A5498CC04.d.FFAC30E04104E7081B981963A3044CAC.e.15839/click - {}
RESULT: {}
COMMAND: GET /session/b0bce561eedd0ef2cd491e5795c56593/screenshot - {}
RESULT: {}
COMMAND: POST /session/b0bce561eedd0ef2cd491e5795c56593/element - {"using":"xpath","value":"//bdi[contains(text(), \"Edit\")]"}
RESULT: {"using":"xpath","value":"//bdi[contains(text(), \"Edit\")]"}
COMMAND: POST /session/b0bce561eedd0ef2cd491e5795c56593/execute/sync - {"script":"<script> [8489 bytes]","args":[{"element-6066-11e4-a52e-4f735466cecf":"f.633F000A9FA1F61B5279087A5498CC04.d.FFAC30E04104E7081B981963A3044CAC.e.15951","ELEMENT":"f.633F000A9FA1F61B5279087A5498CC04.d.FFAC30E04104E7081B981963A3044CAC.e.15951"}]}
RESULT: {"script":"<script> [8489 bytes]","args":[{"element-6066-11e4-a52e-4f735466cecf":"f.633F000A9FA1F61B5279087A5498CC04.d.FFAC30E04104E7081B981963A3044CAC.e.15951","ELEMENT":"f.633F000A9FA1F61B5279087A5498CC04.d.FFAC30E04104E7081B981963A3044CAC.e.15951"}]}
COMMAND: POST /session/b0bce561eedd0ef2cd491e5795c56593/element/f.633F000A9FA1F61B5279087A5498CC04.d.FFAC30E04104E7081B981963A3044CAC.e.15951/click - {}
COMMAND: GET /session/b0bce561eedd0ef2cd491e5795c56593/screenshot - {}
RESULT: {}
COMMAND: GET /session/b0bce561eedd0ef2cd491e5795c56593/screenshot - {}
RESULT: {}
RESULT: {}
COMMAND: POST /session/b0bce561eedd0ef2cd491e5795c56593/execute/async - {"script":"<script> [1562 bytes]","args":[{"selector":{"id":"application-manageresources-display-component---editResource--editRruPage-anchBar-application-manageresources-display-component---editResource--counters-anchor","interaction":{"idSuffix":"BDI-content"}},"wdio_ui5_key":"applicationmanageresources-display-component---editResource--editRruPage-anchBar-application-manageresources-display-component---editResource--counters-anchor"}]}
RESULT: {"script":"<script> [1562 bytes]","args":[{"selector":{"id":"application-manageresources-display-component---editResource--editRruPage-anchBar-application-manageresources-display-component---editResource--counters-anchor","interaction":{"idSuffix":"BDI-content"}},"wdio_ui5_key":"applicationmanageresources-display-component---editResource--editRruPage-anchBar-application-manageresources-display-component---editResource--counters-anchor"}]}
RESULT: undefined
COMMAND: POST /session/b0bce561eedd0ef2cd491e5795c56593/element - {"using":"xpath","value":"//*[@id=\"application-manageresources-display-component---editResource--editRruPage-anchBar-application-manageresources-display-component---editResource--counters-anchor\"]"}
RESULT: {"using":"xpath","value":"//*[@id=\"application-manageresources-display-component---editResource--editRruPage-anchBar-application-manageresources-display-component---editResource--counters-anchor\"]"}
COMMAND: POST /session/b0bce561eedd0ef2cd491e5795c56593/element/f.633F000A9FA1F61B5279087A5498CC04.d.FFAC30E04104E7081B981963A3044CAC.e.16110/click - {}
RESULT: {}
COMMAND: GET /session/b0bce561eedd0ef2cd491e5795c56593/screenshot - {}
RESULT: {}
COMMAND: POST /session/b0bce561eedd0ef2cd491e5795c56593/execute/async - {"script":"<script> [1562 bytes]","args":[{"selector":{"id":"application-manageresources-display-component---editResource--btnAddCounter-img"},"wdio_ui5_key":"applicationmanageresources-display-component---editResource--btnAddCounter-img"}]}
RESULT: {"script":"<script> [1562 bytes]","args":[{"selector":{"id":"application-manageresources-display-component---editResource--btnAddCounter-img"},"wdio_ui5_key":"applicationmanageresources-display-component---editResource--btnAddCounter-img"}]}
RESULT: undefined
COMMAND: POST /session/b0bce561eedd0ef2cd491e5795c56593/element - {"using":"xpath","value":"//*[@id=\"application-manageresources-display-component---editResource--btnAddCounter-img\"]"}
RESULT: {"using":"xpath","value":"//*[@id=\"application-manageresources-display-component---editResource--btnAddCounter-img\"]"}
COMMAND: POST /session/b0bce561eedd0ef2cd491e5795c56593/element/f.633F000A9FA1F61B5279087A5498CC04.d.FFAC30E04104E7081B981963A3044CAC.e.16115/click - {}
RESULT: {}
COMMAND: POST /session/b0bce561eedd0ef2cd491e5795c56593/execute/async - {"script":"<script> [1562 bytes]","args":[{"selector":{"id":"application-manageresources-display-component---editResource--COUNTER_ID-application-manageresources-display-component---editResource--RUCounters-0-arrow"},"wdio_ui5_key":"applicationmanageresources-display-component---editResource--COUNTER_ID-application-manageresources-display-component---editResource--RUCounters-0-arrow"}]}
COMMAND: GET /session/b0bce561eedd0ef2cd491e5795c56593/screenshot - {}
RESULT: {"script":"<script> [1562 bytes]","args":[{"selector":{"id":"application-manageresources-display-component---editResource--COUNTER_ID-application-manageresources-display-component---editResource--RUCounters-0-arrow"},"wdio_ui5_key":"applicationmanageresources-display-component---editResource--COUNTER_ID-application-manageresources-display-component---editResource--RUCounters-0-arrow"}]}
RESULT: undefined
COMMAND: POST /session/b0bce561eedd0ef2cd491e5795c56593/element - {"using":"xpath","value":"//*[@id=\"application-manageresources-display-component---editResource--COUNTER_ID-application-manageresources-display-component---editResource--RUCounters-0-arrow\"]"}
RESULT: {}
RESULT: {"using":"xpath","value":"//*[@id=\"application-manageresources-display-component---editResource--COUNTER_ID-application-manageresources-display-component---editResource--RUCounters-0-arrow\"]"}
COMMAND: POST /session/b0bce561eedd0ef2cd491e5795c56593/element/f.633F000A9FA1F61B5279087A5498CC04.d.FFAC30E04104E7081B981963A3044CAC.e.16128/click - {}
RESULT: {}
COMMAND: POST /session/b0bce561eedd0ef2cd491e5795c56593/execute/async - {"script":"<script> [1562 bytes]","args":[{"selector":{"controlType":"sap.m.StandardListItem","viewName":"etm.portal.ui.manageresources.view.EditResource","viewId":"application-manageresources-display-component---editResource","properties":{"title":"fuel"},"searchOpenDialogs":true,"interaction":{"idSuffix":"content"}},"wdio_ui5_key":"etmportal.ui.manageresources.view.EditResourcesap.m.StandardListItem{\"title\":\"fuel\"}"}]}
COMMAND: GET /session/b0bce561eedd0ef2cd491e5795c56593/screenshot - {}
RESULT: {"script":"<script> [1562 bytes]","args":[{"selector":{"controlType":"sap.m.StandardListItem","viewName":"etm.portal.ui.manageresources.view.EditResource","viewId":"application-manageresources-display-component---editResource","properties":{"title":"fuel"},"searchOpenDialogs":true,"interaction":{"idSuffix":"content"}},"wdio_ui5_key":"etmportal.ui.manageresources.view.EditResourcesap.m.StandardListItem{\"title\":\"fuel\"}"}]}
RESULT: undefined
COMMAND: POST /session/b0bce561eedd0ef2cd491e5795c56593/element - {"using":"xpath","value":"//*[@id=\"__item1425\"]"}
RESULT: {}
RESULT: {"using":"xpath","value":"//*[@id=\"__item1425\"]"}
COMMAND: POST /session/b0bce561eedd0ef2cd491e5795c56593/element/f.633F000A9FA1F61B5279087A5498CC04.d.FFAC30E04104E7081B981963A3044CAC.e.16130/click - {}
RESULT: {}
COMMAND: POST /session/b0bce561eedd0ef2cd491e5795c56593/execute/async - {"script":"<script> [1562 bytes]","args":[{"selector":{"controlType":"sap.m.Button","viewName":"etm.portal.ui.manageresources.view.EditResource","viewId":"application-manageresources-display-component---editResource","i18NText":{"propertyName":"text","key":"save"},"interaction":{"idSuffix":"BDI-content"}},"wdio_ui5_key":"etmportal.ui.manageresources.view.EditResourcesap.m.Button{\"propertyName\":\"text\",\"key\":\"save\"}"}]}
COMMAND: GET /session/b0bce561eedd0ef2cd491e5795c56593/screenshot - {}
RESULT: {"script":"<script> [1562 bytes]","args":[{"selector":{"controlType":"sap.m.Button","viewName":"etm.portal.ui.manageresources.view.EditResource","viewId":"application-manageresources-display-component---editResource","i18NText":{"propertyName":"text","key":"save"},"interaction":{"idSuffix":"BDI-content"}},"wdio_ui5_key":"etmportal.ui.manageresources.view.EditResourcesap.m.Button{\"propertyName\":\"text\",\"key\":\"save\"}"}]}
RESULT: undefined
COMMAND: POST /session/b0bce561eedd0ef2cd491e5795c56593/element - {"using":"xpath","value":"//*[@id=\"__button192\"]"}
RESULT: {}
RESULT: {"using":"xpath","value":"//*[@id=\"__button192\"]"}
COMMAND: POST /session/b0bce561eedd0ef2cd491e5795c56593/element/f.633F000A9FA1F61B5279087A5498CC04.d.FFAC30E04104E7081B981963A3044CAC.e.16132/click - {}
RESULT: {}
COMMAND: GET /session/b0bce561eedd0ef2cd491e5795c56593/screenshot - {}
RESULT: {}
COMMAND: POST /session/b0bce561eedd0ef2cd491e5795c56593/element - {"using":"css selector","value":"#shell-header-logo"}
RESULT: {"using":"css selector","value":"#shell-header-logo"}
COMMAND: POST /session/b0bce561eedd0ef2cd491e5795c56593/element/f.633F000A9FA1F61B5279087A5498CC04.d.FFAC30E04104E7081B981963A3044CAC.e.15647/click - {}
RESULT: {}
COMMAND: GET /session/b0bce561eedd0ef2cd491e5795c56593/screenshot - {}
RESULT: {}
]]></system-out>
    </testcase>
    <testcase classname="chrome.135_0_7049_42.windows.Performance_based_billing_(work_days)_US139742" name="Should do a stock increase on the yard for the equipment" time="99.024">
      <system-out><![CDATA[
COMMAND: POST /session/b0bce561eedd0ef2cd491e5795c56593/execute/async - {"script":"<script> [1562 bytes]","args":[{"selector":{"controlType":"sap.m.Text","viewName":"etm.portal.ui.managehandoverstile.view.Master","properties":{"text":"Manage Handovers"},"interaction":{"idSuffix":"inner"}},"wdio_ui5_key":"etmportal.ui.managehandoverstile.view.Mastersap.m.Text{\"text\":\"Manage Handovers\"}"}]}
RESULT: {"script":"<script> [1562 bytes]","args":[{"selector":{"controlType":"sap.m.Text","viewName":"etm.portal.ui.managehandoverstile.view.Master","properties":{"text":"Manage Handovers"},"interaction":{"idSuffix":"inner"}},"wdio_ui5_key":"etmportal.ui.managehandoverstile.view.Mastersap.m.Text{\"text\":\"Manage Handovers\"}"}]}
RESULT: undefined
COMMAND: POST /session/b0bce561eedd0ef2cd491e5795c56593/element - {"using":"xpath","value":"//*[@id=\"__tile131-title\"]"}
RESULT: {"using":"xpath","value":"//*[@id=\"__tile131-title\"]"}
COMMAND: POST /session/b0bce561eedd0ef2cd491e5795c56593/element/f.633F000A9FA1F61B5279087A5498CC04.d.FFAC30E04104E7081B981963A3044CAC.e.16143/click - {}
RESULT: {}
COMMAND: POST /session/b0bce561eedd0ef2cd491e5795c56593/element - {"using":"xpath","value":"//button[@data-kt=\"masterHOAddButton\"]"}
COMMAND: GET /session/b0bce561eedd0ef2cd491e5795c56593/screenshot - {}
RESULT: {"using":"xpath","value":"//button[@data-kt=\"masterHOAddButton\"]"}
COMMAND: POST /session/b0bce561eedd0ef2cd491e5795c56593/elements - {"using":"xpath","value":"//button[@data-kt=\"masterHOAddButton\"]"}
RESULT: {}
RESULT: {"using":"xpath","value":"//button[@data-kt=\"masterHOAddButton\"]"}
COMMAND: POST /session/b0bce561eedd0ef2cd491e5795c56593/elements - {"using":"xpath","value":"//button[@data-kt=\"masterHOAddButton\"]"}
RESULT: {"using":"xpath","value":"//button[@data-kt=\"masterHOAddButton\"]"}
COMMAND: POST /session/b0bce561eedd0ef2cd491e5795c56593/elements - {"using":"xpath","value":"//button[@data-kt=\"masterHOAddButton\"]"}
RESULT: {"using":"xpath","value":"//button[@data-kt=\"masterHOAddButton\"]"}
COMMAND: POST /session/b0bce561eedd0ef2cd491e5795c56593/elements - {"using":"xpath","value":"//button[@data-kt=\"masterHOAddButton\"]"}
RESULT: {"using":"xpath","value":"//button[@data-kt=\"masterHOAddButton\"]"}
COMMAND: POST /session/b0bce561eedd0ef2cd491e5795c56593/elements - {"using":"xpath","value":"//button[@data-kt=\"masterHOAddButton\"]"}
RESULT: {"using":"xpath","value":"//button[@data-kt=\"masterHOAddButton\"]"}
COMMAND: POST /session/b0bce561eedd0ef2cd491e5795c56593/elements - {"using":"xpath","value":"//button[@data-kt=\"masterHOAddButton\"]"}
RESULT: {"using":"xpath","value":"//button[@data-kt=\"masterHOAddButton\"]"}
COMMAND: POST /session/b0bce561eedd0ef2cd491e5795c56593/elements - {"using":"xpath","value":"//button[@data-kt=\"masterHOAddButton\"]"}
RESULT: {"using":"xpath","value":"//button[@data-kt=\"masterHOAddButton\"]"}
COMMAND: POST /session/b0bce561eedd0ef2cd491e5795c56593/elements - {"using":"xpath","value":"//button[@data-kt=\"masterHOAddButton\"]"}
RESULT: {"using":"xpath","value":"//button[@data-kt=\"masterHOAddButton\"]"}
COMMAND: POST /session/b0bce561eedd0ef2cd491e5795c56593/element - {"using":"xpath","value":"//button[@data-kt=\"masterHOAddButton\"]"}
RESULT: {"using":"xpath","value":"//button[@data-kt=\"masterHOAddButton\"]"}
COMMAND: POST /session/b0bce561eedd0ef2cd491e5795c56593/execute/sync - {"script":"<script> [8489 bytes]","args":[{"element-6066-11e4-a52e-4f735466cecf":"f.633F000A9FA1F61B5279087A5498CC04.d.FFAC30E04104E7081B981963A3044CAC.e.16162","ELEMENT":"f.633F000A9FA1F61B5279087A5498CC04.d.FFAC30E04104E7081B981963A3044CAC.e.16162"}]}
RESULT: {"script":"<script> [8489 bytes]","args":[{"element-6066-11e4-a52e-4f735466cecf":"f.633F000A9FA1F61B5279087A5498CC04.d.FFAC30E04104E7081B981963A3044CAC.e.16162","ELEMENT":"f.633F000A9FA1F61B5279087A5498CC04.d.FFAC30E04104E7081B981963A3044CAC.e.16162"}]}
COMMAND: GET /session/b0bce561eedd0ef2cd491e5795c56593/element/f.633F000A9FA1F61B5279087A5498CC04.d.FFAC30E04104E7081B981963A3044CAC.e.16162/enabled - {}
COMMAND: GET /session/b0bce561eedd0ef2cd491e5795c56593/screenshot - {}
RESULT: {}
COMMAND: POST /session/b0bce561eedd0ef2cd491e5795c56593/execute/sync - {"script":"<script> [8489 bytes]","args":[{"element-6066-11e4-a52e-4f735466cecf":"f.633F000A9FA1F61B5279087A5498CC04.d.FFAC30E04104E7081B981963A3044CAC.e.16162","ELEMENT":"f.633F000A9FA1F61B5279087A5498CC04.d.FFAC30E04104E7081B981963A3044CAC.e.16162"}]}
RESULT: {}
COMMAND: GET /session/b0bce561eedd0ef2cd491e5795c56593/screenshot - {}
RESULT: {"script":"<script> [8489 bytes]","args":[{"element-6066-11e4-a52e-4f735466cecf":"f.633F000A9FA1F61B5279087A5498CC04.d.FFAC30E04104E7081B981963A3044CAC.e.16162","ELEMENT":"f.633F000A9FA1F61B5279087A5498CC04.d.FFAC30E04104E7081B981963A3044CAC.e.16162"}]}
COMMAND: POST /session/b0bce561eedd0ef2cd491e5795c56593/execute/sync - {"script":"<script> [5351 bytes]","args":[{"element-6066-11e4-a52e-4f735466cecf":"f.633F000A9FA1F61B5279087A5498CC04.d.FFAC30E04104E7081B981963A3044CAC.e.16162","ELEMENT":"f.633F000A9FA1F61B5279087A5498CC04.d.FFAC30E04104E7081B981963A3044CAC.e.16162"}]}
COMMAND: GET /session/b0bce561eedd0ef2cd491e5795c56593/screenshot - {}
RESULT: {}
RESULT: {"script":"<script> [5351 bytes]","args":[{"element-6066-11e4-a52e-4f735466cecf":"f.633F000A9FA1F61B5279087A5498CC04.d.FFAC30E04104E7081B981963A3044CAC.e.16162","ELEMENT":"f.633F000A9FA1F61B5279087A5498CC04.d.FFAC30E04104E7081B981963A3044CAC.e.16162"}]}
COMMAND: POST /session/b0bce561eedd0ef2cd491e5795c56593/element/f.633F000A9FA1F61B5279087A5498CC04.d.FFAC30E04104E7081B981963A3044CAC.e.16162/click - {}
COMMAND: GET /session/b0bce561eedd0ef2cd491e5795c56593/screenshot - {}
RESULT: {}
RESULT: {}
COMMAND: GET /session/b0bce561eedd0ef2cd491e5795c56593/screenshot - {}
COMMAND: POST /session/b0bce561eedd0ef2cd491e5795c56593/element - {"using":"xpath","value":"//span[contains(@id ,\"AddNewHO--typeSelect-arrow\")]"}
RESULT: {}
RESULT: {}
RESULT: {"using":"xpath","value":"//span[contains(@id ,\"AddNewHO--typeSelect-arrow\")]"}
COMMAND: POST /session/b0bce561eedd0ef2cd491e5795c56593/element/f.633F000A9FA1F61B5279087A5498CC04.d.FFAC30E04104E7081B981963A3044CAC.e.16517/click - {}
RESULT: {}
COMMAND: GET /session/b0bce561eedd0ef2cd491e5795c56593/screenshot - {}
RESULT: {}
COMMAND: POST /session/b0bce561eedd0ef2cd491e5795c56593/element - {"using":"xpath","value":"(//li[contains(text(), \"stock increase yard\")])[1]"}
RESULT: {"using":"xpath","value":"(//li[contains(text(), \"stock increase yard\")])[1]"}
COMMAND: POST /session/b0bce561eedd0ef2cd491e5795c56593/element/f.633F000A9FA1F61B5279087A5498CC04.d.FFAC30E04104E7081B981963A3044CAC.e.16518/click - {}
RESULT: {}
COMMAND: GET /session/b0bce561eedd0ef2cd491e5795c56593/screenshot - {}
RESULT: {}
COMMAND: POST /session/b0bce561eedd0ef2cd491e5795c56593/execute/async - {"script":"<script> [1562 bytes]","args":[{"selector":{"id":"application-managehandovers-display-component---AddNewHO--dueDate","interaction":{"idSuffix":"inner"}},"wdio_ui5_key":"applicationmanagehandovers-display-component---AddNewHO--dueDate"}]}
RESULT: {"script":"<script> [1562 bytes]","args":[{"selector":{"id":"application-managehandovers-display-component---AddNewHO--dueDate","interaction":{"idSuffix":"inner"}},"wdio_ui5_key":"applicationmanagehandovers-display-component---AddNewHO--dueDate"}]}
RESULT: undefined
COMMAND: POST /session/b0bce561eedd0ef2cd491e5795c56593/execute/async - {"script":"<script> [6424 bytes]","args":[{"element-6066-11e4-a52e-4f735466cecf":"f.633F000A9FA1F61B5279087A5498CC04.d.FFAC30E04104E7081B981963A3044CAC.e.16522"},"setValue",["04/20/2025"]]}
RESULT: {"script":"<script> [6424 bytes]","args":[{"element-6066-11e4-a52e-4f735466cecf":"f.633F000A9FA1F61B5279087A5498CC04.d.FFAC30E04104E7081B981963A3044CAC.e.16522"},"setValue",["04/20/2025"]]}
COMMAND: POST /session/b0bce561eedd0ef2cd491e5795c56593/element - {"using":"xpath","value":"//input[@id=\"generalSectionFrg--receiveYard-inner\"]"}
RESULT: {"using":"xpath","value":"//input[@id=\"generalSectionFrg--receiveYard-inner\"]"}
COMMAND: POST /session/b0bce561eedd0ef2cd491e5795c56593/element/f.633F000A9FA1F61B5279087A5498CC04.d.FFAC30E04104E7081B981963A3044CAC.e.16528/clear - {}
RESULT: {}
COMMAND: POST /session/b0bce561eedd0ef2cd491e5795c56593/element/f.633F000A9FA1F61B5279087A5498CC04.d.FFAC30E04104E7081B981963A3044CAC.e.16528/value - {"text":"617"}
COMMAND: GET /session/b0bce561eedd0ef2cd491e5795c56593/screenshot - {}
RESULT: {"text":"617"}
COMMAND: GET /session/b0bce561eedd0ef2cd491e5795c56593/screenshot - {}
RESULT: {}
RESULT: {}
COMMAND: POST /session/b0bce561eedd0ef2cd491e5795c56593/element - {"using":"xpath","value":"//li[.//span[text()='617']]"}
RESULT: {"using":"xpath","value":"//li[.//span[text()='617']]"}
COMMAND: POST /session/b0bce561eedd0ef2cd491e5795c56593/element/f.633F000A9FA1F61B5279087A5498CC04.d.FFAC30E04104E7081B981963A3044CAC.e.16543/click - {}
RESULT: {}
COMMAND: GET /session/b0bce561eedd0ef2cd491e5795c56593/screenshot - {}
RESULT: {}
COMMAND: POST /session/b0bce561eedd0ef2cd491e5795c56593/execute/async - {"script":"<script> [1562 bytes]","args":[{"selector":{"id":"application-managehandovers-display-component---AddNewHO--ObjectPageLayout-anchBar-application-managehandovers-display-component---AddNewHO--section4-anchor","interaction":{"idSuffix":"BDI-content"}},"wdio_ui5_key":"applicationmanagehandovers-display-component---AddNewHO--ObjectPageLayout-anchBar-application-managehandovers-display-component---AddNewHO--section4-anchor"}]}
RESULT: {"script":"<script> [1562 bytes]","args":[{"selector":{"id":"application-managehandovers-display-component---AddNewHO--ObjectPageLayout-anchBar-application-managehandovers-display-component---AddNewHO--section4-anchor","interaction":{"idSuffix":"BDI-content"}},"wdio_ui5_key":"applicationmanagehandovers-display-component---AddNewHO--ObjectPageLayout-anchBar-application-managehandovers-display-component---AddNewHO--section4-anchor"}]}
RESULT: undefined
COMMAND: POST /session/b0bce561eedd0ef2cd491e5795c56593/element - {"using":"xpath","value":"//*[@id=\"application-managehandovers-display-component---AddNewHO--ObjectPageLayout-anchBar-application-managehandovers-display-component---AddNewHO--section4-anchor\"]"}
RESULT: {"using":"xpath","value":"//*[@id=\"application-managehandovers-display-component---AddNewHO--ObjectPageLayout-anchBar-application-managehandovers-display-component---AddNewHO--section4-anchor\"]"}
COMMAND: POST /session/b0bce561eedd0ef2cd491e5795c56593/element/f.633F000A9FA1F61B5279087A5498CC04.d.FFAC30E04104E7081B981963A3044CAC.e.16545/click - {}
RESULT: {}
COMMAND: POST /session/b0bce561eedd0ef2cd491e5795c56593/element - {"using":"xpath","value":"//button[@aria-label=\"Add\"]"}
COMMAND: GET /session/b0bce561eedd0ef2cd491e5795c56593/screenshot - {}
RESULT: {"using":"xpath","value":"//button[@aria-label=\"Add\"]"}
COMMAND: POST /session/b0bce561eedd0ef2cd491e5795c56593/element/f.633F000A9FA1F61B5279087A5498CC04.d.FFAC30E04104E7081B981963A3044CAC.e.16547/click - {}
RESULT: {}
RESULT: {}
COMMAND: GET /session/b0bce561eedd0ef2cd491e5795c56593/screenshot - {}
RESULT: {}
COMMAND: POST /session/b0bce561eedd0ef2cd491e5795c56593/execute/async - {"script":"<script> [1562 bytes]","args":[{"selector":{"id":"application-managehandovers-display-component---AddNewHO--smartFilterBar-btnBasicSearch","searchOpenDialogs":true,"interaction":{"idSuffix":"I"}},"wdio_ui5_key":"applicationmanagehandovers-display-component---AddNewHO--smartFilterBar-btnBasicSearch"}]}
RESULT: {"script":"<script> [1562 bytes]","args":[{"selector":{"id":"application-managehandovers-display-component---AddNewHO--smartFilterBar-btnBasicSearch","searchOpenDialogs":true,"interaction":{"idSuffix":"I"}},"wdio_ui5_key":"applicationmanagehandovers-display-component---AddNewHO--smartFilterBar-btnBasicSearch"}]}
RESULT: undefined
COMMAND: POST /session/b0bce561eedd0ef2cd491e5795c56593/execute/async - {"script":"<script> [776 bytes]","args":[{"enterText":"juiyDgzsGq","selector":{"id":"application-managehandovers-display-component---AddNewHO--smartFilterBar-btnBasicSearch","searchOpenDialogs":true,"interaction":{"idSuffix":"I"}},"clearTextFirst":true,"interactionType":"ENTER_TEXT"}]}
RESULT: {"script":"<script> [776 bytes]","args":[{"enterText":"juiyDgzsGq","selector":{"id":"application-managehandovers-display-component---AddNewHO--smartFilterBar-btnBasicSearch","searchOpenDialogs":true,"interaction":{"idSuffix":"I"}},"clearTextFirst":true,"interactionType":"ENTER_TEXT"}]}
COMMAND: POST /session/b0bce561eedd0ef2cd491e5795c56593/actions - {"actions":[{"id":"action57","type":"key","parameters":{},"actions":[{"type":"keyDown","value":""},{"type":"pause","duration":10},{"type":"keyUp","value":""}]}]}
RESULT: {"actions":[{"id":"action57","type":"key","parameters":{},"actions":[{"type":"keyDown","value":""},{"type":"pause","duration":10},{"type":"keyUp","value":""}]}]}
COMMAND: GET /session/b0bce561eedd0ef2cd491e5795c56593/screenshot - {}
RESULT: {}
COMMAND: POST /session/b0bce561eedd0ef2cd491e5795c56593/execute/async - {"script":"<script> [1562 bytes]","args":[{"selector":{"id":"application-managehandovers-display-component---AddNewHO--popup-sa","searchOpenDialogs":true,"interaction":{"idSuffix":"CbBg"}},"wdio_ui5_key":"applicationmanagehandovers-display-component---AddNewHO--popup-sa"}]}
RESULT: {"script":"<script> [1562 bytes]","args":[{"selector":{"id":"application-managehandovers-display-component---AddNewHO--popup-sa","searchOpenDialogs":true,"interaction":{"idSuffix":"CbBg"}},"wdio_ui5_key":"applicationmanagehandovers-display-component---AddNewHO--popup-sa"}]}
RESULT: undefined
COMMAND: POST /session/b0bce561eedd0ef2cd491e5795c56593/element - {"using":"xpath","value":"//*[@id=\"application-managehandovers-display-component---AddNewHO--popup-sa\"]"}
RESULT: {"using":"xpath","value":"//*[@id=\"application-managehandovers-display-component---AddNewHO--popup-sa\"]"}
COMMAND: POST /session/b0bce561eedd0ef2cd491e5795c56593/element/f.633F000A9FA1F61B5279087A5498CC04.d.FFAC30E04104E7081B981963A3044CAC.e.16700/click - {}
RESULT: {}
COMMAND: GET /session/b0bce561eedd0ef2cd491e5795c56593/screenshot - {}
RESULT: {}
COMMAND: POST /session/b0bce561eedd0ef2cd491e5795c56593/element - {"using":"xpath","value":"//bdi[contains(text(), \"Select\")]"}
RESULT: {"using":"xpath","value":"//bdi[contains(text(), \"Select\")]"}
COMMAND: POST /session/b0bce561eedd0ef2cd491e5795c56593/element/f.633F000A9FA1F61B5279087A5498CC04.d.FFAC30E04104E7081B981963A3044CAC.e.16701/click - {}
RESULT: {}
COMMAND: GET /session/b0bce561eedd0ef2cd491e5795c56593/screenshot - {}
RESULT: {}
COMMAND: POST /session/b0bce561eedd0ef2cd491e5795c56593/element - {"using":"xpath","value":"//button[@data-kt=\"AddNewHOSaveButton\"]"}
RESULT: {"using":"xpath","value":"//button[@data-kt=\"AddNewHOSaveButton\"]"}
COMMAND: POST /session/b0bce561eedd0ef2cd491e5795c56593/element/f.633F000A9FA1F61B5279087A5498CC04.d.FFAC30E04104E7081B981963A3044CAC.e.16705/click - {}
RESULT: {}
COMMAND: GET /session/b0bce561eedd0ef2cd491e5795c56593/screenshot - {}
COMMAND: POST /session/b0bce561eedd0ef2cd491e5795c56593/execute/async - {"script":"<script> [1562 bytes]","args":[{"selector":{"id":"receiptDatePicker","viewName":"etm.portal.ui.managehandovers.view.DetailExecuteHO","interaction":{"idSuffix":"inner"}},"wdio_ui5_key":"receiptDatePickeretmportal.ui.managehandovers.view.DetailExecuteHO"}]}
RESULT: {}
RESULT: {"script":"<script> [1562 bytes]","args":[{"selector":{"id":"receiptDatePicker","viewName":"etm.portal.ui.managehandovers.view.DetailExecuteHO","interaction":{"idSuffix":"inner"}},"wdio_ui5_key":"receiptDatePickeretmportal.ui.managehandovers.view.DetailExecuteHO"}]}
RESULT: undefined
COMMAND: POST /session/b0bce561eedd0ef2cd491e5795c56593/execute/async - {"script":"<script> [6424 bytes]","args":[{"element-6066-11e4-a52e-4f735466cecf":"f.633F000A9FA1F61B5279087A5498CC04.d.FFAC30E04104E7081B981963A3044CAC.e.16735"},"setValue",["04/20/2025"]]}
RESULT: {"script":"<script> [6424 bytes]","args":[{"element-6066-11e4-a52e-4f735466cecf":"f.633F000A9FA1F61B5279087A5498CC04.d.FFAC30E04104E7081B981963A3044CAC.e.16735"},"setValue",["04/20/2025"]]}
COMMAND: POST /session/b0bce561eedd0ef2cd491e5795c56593/element - {"using":"xpath","value":"//button[@data-kt=\"PickingTableConfirmAllButton\"]"}
RESULT: {"using":"xpath","value":"//button[@data-kt=\"PickingTableConfirmAllButton\"]"}
COMMAND: POST /session/b0bce561eedd0ef2cd491e5795c56593/element/f.633F000A9FA1F61B5279087A5498CC04.d.FFAC30E04104E7081B981963A3044CAC.e.16750/click - {}
RESULT: {}
COMMAND: GET /session/b0bce561eedd0ef2cd491e5795c56593/screenshot - {}
RESULT: {}
COMMAND: POST /session/b0bce561eedd0ef2cd491e5795c56593/element - {"using":"xpath","value":"//bdi[contains(text(), \"OK\")]"}
RESULT: {"using":"xpath","value":"//bdi[contains(text(), \"OK\")]"}
COMMAND: POST /session/b0bce561eedd0ef2cd491e5795c56593/element/f.633F000A9FA1F61B5279087A5498CC04.d.FFAC30E04104E7081B981963A3044CAC.e.16753/click - {}
RESULT: {}
COMMAND: GET /session/b0bce561eedd0ef2cd491e5795c56593/screenshot - {}
RESULT: {}
COMMAND: POST /session/b0bce561eedd0ef2cd491e5795c56593/element - {"using":"xpath","value":"(//bdi[contains(text(), \"Receive\")])[2]"}
RESULT: {"using":"xpath","value":"(//bdi[contains(text(), \"Receive\")])[2]"}
COMMAND: POST /session/b0bce561eedd0ef2cd491e5795c56593/element/f.633F000A9FA1F61B5279087A5498CC04.d.FFAC30E04104E7081B981963A3044CAC.e.16754/click - {}
RESULT: {}
COMMAND: GET /session/b0bce561eedd0ef2cd491e5795c56593/screenshot - {}
RESULT: {}
COMMAND: POST /session/b0bce561eedd0ef2cd491e5795c56593/element - {"using":"css selector","value":"#shell-header-logo"}
RESULT: {"using":"css selector","value":"#shell-header-logo"}
COMMAND: POST /session/b0bce561eedd0ef2cd491e5795c56593/element/f.633F000A9FA1F61B5279087A5498CC04.d.FFAC30E04104E7081B981963A3044CAC.e.16145/click - {}
RESULT: {}
COMMAND: GET /session/b0bce561eedd0ef2cd491e5795c56593/screenshot - {}
RESULT: {}
]]></system-out>
    </testcase>
    <testcase classname="chrome.135_0_7049_42.windows.Performance_based_billing_(work_days)_US139742" name="Should create a new contract" time="62.318">
      <system-out><![CDATA[
COMMAND: POST /session/b0bce561eedd0ef2cd491e5795c56593/execute/async - {"script":"<script> [1562 bytes]","args":[{"selector":{"controlType":"sap.m.Text","viewName":"etm.portal.ui.managecontractstile.view.Master","properties":{"text":"Manage Contracts"},"interaction":{"idSuffix":"inner"}},"wdio_ui5_key":"etmportal.ui.managecontractstile.view.Mastersap.m.Text{\"text\":\"Manage Contracts\"}"}]}
RESULT: {"script":"<script> [1562 bytes]","args":[{"selector":{"controlType":"sap.m.Text","viewName":"etm.portal.ui.managecontractstile.view.Master","properties":{"text":"Manage Contracts"},"interaction":{"idSuffix":"inner"}},"wdio_ui5_key":"etmportal.ui.managecontractstile.view.Mastersap.m.Text{\"text\":\"Manage Contracts\"}"}]}
RESULT: undefined
COMMAND: POST /session/b0bce561eedd0ef2cd491e5795c56593/element - {"using":"xpath","value":"//*[@id=\"__tile132-title\"]"}
RESULT: {"using":"xpath","value":"//*[@id=\"__tile132-title\"]"}
COMMAND: POST /session/b0bce561eedd0ef2cd491e5795c56593/element/f.633F000A9FA1F61B5279087A5498CC04.d.FFAC30E04104E7081B981963A3044CAC.e.16930/click - {}
RESULT: {}
COMMAND: GET /session/b0bce561eedd0ef2cd491e5795c56593/screenshot - {}
COMMAND: POST /session/b0bce561eedd0ef2cd491e5795c56593/element - {"using":"xpath","value":"//button[@data-kt=\"addButton\"]"}
RESULT: undefined
RESULT: undefined
RESULT: {}
RESULT: {"using":"xpath","value":"//button[@data-kt=\"addButton\"]"}
COMMAND: POST /session/b0bce561eedd0ef2cd491e5795c56593/elements - {"using":"xpath","value":"//button[@data-kt=\"addButton\"]"}
RESULT: {"using":"xpath","value":"//button[@data-kt=\"addButton\"]"}
COMMAND: POST /session/b0bce561eedd0ef2cd491e5795c56593/execute/sync - {"script":"<script> [8489 bytes]","args":[{"element-6066-11e4-a52e-4f735466cecf":"f.633F000A9FA1F61B5279087A5498CC04.d.FFAC30E04104E7081B981963A3044CAC.e.16986","ELEMENT":"f.633F000A9FA1F61B5279087A5498CC04.d.FFAC30E04104E7081B981963A3044CAC.e.16986"}]}
RESULT: {"script":"<script> [8489 bytes]","args":[{"element-6066-11e4-a52e-4f735466cecf":"f.633F000A9FA1F61B5279087A5498CC04.d.FFAC30E04104E7081B981963A3044CAC.e.16986","ELEMENT":"f.633F000A9FA1F61B5279087A5498CC04.d.FFAC30E04104E7081B981963A3044CAC.e.16986"}]}
COMMAND: GET /session/b0bce561eedd0ef2cd491e5795c56593/element/f.633F000A9FA1F61B5279087A5498CC04.d.FFAC30E04104E7081B981963A3044CAC.e.16986/enabled - {}
COMMAND: GET /session/b0bce561eedd0ef2cd491e5795c56593/screenshot - {}
RESULT: {}
COMMAND: POST /session/b0bce561eedd0ef2cd491e5795c56593/execute/sync - {"script":"<script> [8489 bytes]","args":[{"element-6066-11e4-a52e-4f735466cecf":"f.633F000A9FA1F61B5279087A5498CC04.d.FFAC30E04104E7081B981963A3044CAC.e.16986","ELEMENT":"f.633F000A9FA1F61B5279087A5498CC04.d.FFAC30E04104E7081B981963A3044CAC.e.16986"}]}
COMMAND: GET /session/b0bce561eedd0ef2cd491e5795c56593/screenshot - {}
RESULT: {}
RESULT: {"script":"<script> [8489 bytes]","args":[{"element-6066-11e4-a52e-4f735466cecf":"f.633F000A9FA1F61B5279087A5498CC04.d.FFAC30E04104E7081B981963A3044CAC.e.16986","ELEMENT":"f.633F000A9FA1F61B5279087A5498CC04.d.FFAC30E04104E7081B981963A3044CAC.e.16986"}]}
COMMAND: POST /session/b0bce561eedd0ef2cd491e5795c56593/execute/sync - {"script":"<script> [5351 bytes]","args":[{"element-6066-11e4-a52e-4f735466cecf":"f.633F000A9FA1F61B5279087A5498CC04.d.FFAC30E04104E7081B981963A3044CAC.e.16986","ELEMENT":"f.633F000A9FA1F61B5279087A5498CC04.d.FFAC30E04104E7081B981963A3044CAC.e.16986"}]}
COMMAND: GET /session/b0bce561eedd0ef2cd491e5795c56593/screenshot - {}
RESULT: {}
RESULT: {"script":"<script> [5351 bytes]","args":[{"element-6066-11e4-a52e-4f735466cecf":"f.633F000A9FA1F61B5279087A5498CC04.d.FFAC30E04104E7081B981963A3044CAC.e.16986","ELEMENT":"f.633F000A9FA1F61B5279087A5498CC04.d.FFAC30E04104E7081B981963A3044CAC.e.16986"}]}
COMMAND: GET /session/b0bce561eedd0ef2cd491e5795c56593/screenshot - {}
RESULT: {}
RESULT: {}
COMMAND: POST /session/b0bce561eedd0ef2cd491e5795c56593/element/f.633F000A9FA1F61B5279087A5498CC04.d.FFAC30E04104E7081B981963A3044CAC.e.16986/click - {}
RESULT: {}
COMMAND: GET /session/b0bce561eedd0ef2cd491e5795c56593/screenshot - {}
COMMAND: POST /session/b0bce561eedd0ef2cd491e5795c56593/execute/async - {"script":"<script> [1562 bytes]","args":[{"selector":{"id":"application-managecontracts-display-component---AddNewContract--projectDescription","interaction":{"idSuffix":"inner"}},"wdio_ui5_key":"applicationmanagecontracts-display-component---AddNewContract--projectDescription"}]}
RESULT: {}
RESULT: {"script":"<script> [1562 bytes]","args":[{"selector":{"id":"application-managecontracts-display-component---AddNewContract--projectDescription","interaction":{"idSuffix":"inner"}},"wdio_ui5_key":"applicationmanagecontracts-display-component---AddNewContract--projectDescription"}]}
RESULT: undefined
COMMAND: POST /session/b0bce561eedd0ef2cd491e5795c56593/execute/async - {"script":"<script> [776 bytes]","args":[{"enterText":"Performance Contract WDIO","selector":{"id":"application-managecontracts-display-component---AddNewContract--projectDescription","interaction":{"idSuffix":"inner"}},"clearTextFirst":true,"interactionType":"ENTER_TEXT"}]}
RESULT: {"script":"<script> [776 bytes]","args":[{"enterText":"Performance Contract WDIO","selector":{"id":"application-managecontracts-display-component---AddNewContract--projectDescription","interaction":{"idSuffix":"inner"}},"clearTextFirst":true,"interactionType":"ENTER_TEXT"}]}
COMMAND: POST /session/b0bce561eedd0ef2cd491e5795c56593/element - {"using":"xpath","value":"//input[@id=\"application-managecontracts-display-component---AddNewContract--site-inner\"]"}
RESULT: {"using":"xpath","value":"//input[@id=\"application-managecontracts-display-component---AddNewContract--site-inner\"]"}
COMMAND: POST /session/b0bce561eedd0ef2cd491e5795c56593/element/f.633F000A9FA1F61B5279087A5498CC04.d.FFAC30E04104E7081B981963A3044CAC.e.17314/clear - {}
RESULT: {}
COMMAND: POST /session/b0bce561eedd0ef2cd491e5795c56593/element/f.633F000A9FA1F61B5279087A5498CC04.d.FFAC30E04104E7081B981963A3044CAC.e.17314/value - {"text":"2430"}
COMMAND: GET /session/b0bce561eedd0ef2cd491e5795c56593/screenshot - {}
RESULT: {"text":"2430"}
COMMAND: GET /session/b0bce561eedd0ef2cd491e5795c56593/screenshot - {}
RESULT: {}
RESULT: {}
COMMAND: POST /session/b0bce561eedd0ef2cd491e5795c56593/element - {"using":"xpath","value":"//li[.//span[text()='2430']]"}
RESULT: {"using":"xpath","value":"//li[.//span[text()='2430']]"}
COMMAND: POST /session/b0bce561eedd0ef2cd491e5795c56593/element/f.633F000A9FA1F61B5279087A5498CC04.d.FFAC30E04104E7081B981963A3044CAC.e.17337/click - {}
RESULT: {}
COMMAND: GET /session/b0bce561eedd0ef2cd491e5795c56593/screenshot - {}
RESULT: {}
COMMAND: POST /session/b0bce561eedd0ef2cd491e5795c56593/element - {"using":"xpath","value":"//input[@id=\"application-managecontracts-display-component---AddNewContract--yardId-inner\"]"}
RESULT: {"using":"xpath","value":"//input[@id=\"application-managecontracts-display-component---AddNewContract--yardId-inner\"]"}
COMMAND: GET /session/b0bce561eedd0ef2cd491e5795c56593/element/f.633F000A9FA1F61B5279087A5498CC04.d.FFAC30E04104E7081B981963A3044CAC.e.17315/property/value - {}
RESULT: {}
COMMAND: POST /session/b0bce561eedd0ef2cd491e5795c56593/element - {"using":"xpath","value":"//input[@id=\"application-managecontracts-display-component---AddNewContract--customerSelect-inner\"]"}
COMMAND: GET /session/b0bce561eedd0ef2cd491e5795c56593/screenshot - {}
RESULT: {"using":"xpath","value":"//input[@id=\"application-managecontracts-display-component---AddNewContract--customerSelect-inner\"]"}
COMMAND: POST /session/b0bce561eedd0ef2cd491e5795c56593/element/f.633F000A9FA1F61B5279087A5498CC04.d.FFAC30E04104E7081B981963A3044CAC.e.17313/clear - {}
RESULT: {}
RESULT: {}
COMMAND: POST /session/b0bce561eedd0ef2cd491e5795c56593/element/f.633F000A9FA1F61B5279087A5498CC04.d.FFAC30E04104E7081B981963A3044CAC.e.17313/value - {"text":"1473"}
COMMAND: GET /session/b0bce561eedd0ef2cd491e5795c56593/screenshot - {}
RESULT: {"text":"1473"}
COMMAND: GET /session/b0bce561eedd0ef2cd491e5795c56593/screenshot - {}
RESULT: {}
COMMAND: POST /session/b0bce561eedd0ef2cd491e5795c56593/element - {"using":"xpath","value":"//li[.//span[text()='1473']]"}
RESULT: {}
RESULT: {"using":"xpath","value":"//li[.//span[text()='1473']]"}
COMMAND: POST /session/b0bce561eedd0ef2cd491e5795c56593/element/f.633F000A9FA1F61B5279087A5498CC04.d.FFAC30E04104E7081B981963A3044CAC.e.17340/click - {}
RESULT: {}
COMMAND: GET /session/b0bce561eedd0ef2cd491e5795c56593/screenshot - {}
RESULT: {}
COMMAND: POST /session/b0bce561eedd0ef2cd491e5795c56593/element - {"using":"xpath","value":"//button[@data-kt=\"saveButton\"]"}
RESULT: {"using":"xpath","value":"//button[@data-kt=\"saveButton\"]"}
COMMAND: POST /session/b0bce561eedd0ef2cd491e5795c56593/element/f.633F000A9FA1F61B5279087A5498CC04.d.FFAC30E04104E7081B981963A3044CAC.e.17329/click - {}
RESULT: {}
COMMAND: GET /session/b0bce561eedd0ef2cd491e5795c56593/screenshot - {}
RESULT: {}
COMMAND: POST /session/b0bce561eedd0ef2cd491e5795c56593/element - {"using":"xpath","value":"//span[contains(@id ,\"contractDetailTitleNoExpanded\")]"}
RESULT: {"using":"xpath","value":"//span[contains(@id ,\"contractDetailTitleNoExpanded\")]"}
COMMAND: POST /session/b0bce561eedd0ef2cd491e5795c56593/elements - {"using":"xpath","value":"//span[contains(@id ,\"contractDetailTitleNoExpanded\")]"}
RESULT: {"using":"xpath","value":"//span[contains(@id ,\"contractDetailTitleNoExpanded\")]"}
COMMAND: POST /session/b0bce561eedd0ef2cd491e5795c56593/execute/sync - {"script":"<script> [56 bytes]","args":[{"element-6066-11e4-a52e-4f735466cecf":"f.633F000A9FA1F61B5279087A5498CC04.d.FFAC30E04104E7081B981963A3044CAC.e.17411","ELEMENT":"f.633F000A9FA1F61B5279087A5498CC04.d.FFAC30E04104E7081B981963A3044CAC.e.17411"}]}
RESULT: {"script":"<script> [56 bytes]","args":[{"element-6066-11e4-a52e-4f735466cecf":"f.633F000A9FA1F61B5279087A5498CC04.d.FFAC30E04104E7081B981963A3044CAC.e.17411","ELEMENT":"f.633F000A9FA1F61B5279087A5498CC04.d.FFAC30E04104E7081B981963A3044CAC.e.17411"}]}
COMMAND: GET /session/b0bce561eedd0ef2cd491e5795c56593/screenshot - {}
RESULT: {}
]]></system-out>
    </testcase>
    <testcase classname="chrome.135_0_7049_42.windows.Performance_based_billing_(work_days)_US139742" name="Should add equipment to the contract" time="43.568">
      <system-out><![CDATA[
COMMAND: POST /session/b0bce561eedd0ef2cd491e5795c56593/element - {"using":"xpath","value":"//button[@data-kt=\"contractDetailEditBtnButton\"]"}
RESULT: {"using":"xpath","value":"//button[@data-kt=\"contractDetailEditBtnButton\"]"}
COMMAND: POST /session/b0bce561eedd0ef2cd491e5795c56593/element/f.633F000A9FA1F61B5279087A5498CC04.d.FFAC30E04104E7081B981963A3044CAC.e.17412/click - {}
RESULT: {}
COMMAND: GET /session/b0bce561eedd0ef2cd491e5795c56593/screenshot - {}
RESULT: {}
COMMAND: POST /session/b0bce561eedd0ef2cd491e5795c56593/element - {"using":"xpath","value":"(//span[contains(text(), \"Additional Addresses\")])[2]"}
RESULT: {"using":"xpath","value":"(//span[contains(text(), \"Additional Addresses\")])[2]"}
COMMAND: POST /session/b0bce561eedd0ef2cd491e5795c56593/element/f.633F000A9FA1F61B5279087A5498CC04.d.FFAC30E04104E7081B981963A3044CAC.e.17468/click - {}
RESULT: {}
COMMAND: GET /session/b0bce561eedd0ef2cd491e5795c56593/screenshot - {}
RESULT: {}
COMMAND: POST /session/b0bce561eedd0ef2cd491e5795c56593/element - {"using":"xpath","value":"//button[@data-kt=\"btnAddTableRowOverflowToolbarButton\"]"}
RESULT: {"using":"xpath","value":"//button[@data-kt=\"btnAddTableRowOverflowToolbarButton\"]"}
COMMAND: POST /session/b0bce561eedd0ef2cd491e5795c56593/element/f.633F000A9FA1F61B5279087A5498CC04.d.FFAC30E04104E7081B981963A3044CAC.e.17472/click - {}
RESULT: {}
COMMAND: GET /session/b0bce561eedd0ef2cd491e5795c56593/screenshot - {}
RESULT: {}
COMMAND: POST /session/b0bce561eedd0ef2cd491e5795c56593/element - {"using":"xpath","value":"//div[(text() = 'Standard Entry' or . = 'Standard Entry')]"}
RESULT: {"using":"xpath","value":"//div[(text() = 'Standard Entry' or . = 'Standard Entry')]"}
COMMAND: POST /session/b0bce561eedd0ef2cd491e5795c56593/element/f.633F000A9FA1F61B5279087A5498CC04.d.FFAC30E04104E7081B981963A3044CAC.e.17474/click - {}
RESULT: {}
COMMAND: GET /session/b0bce561eedd0ef2cd491e5795c56593/screenshot - {}
RESULT: {}
COMMAND: POST /session/b0bce561eedd0ef2cd491e5795c56593/element - {"using":"xpath","value":"//td[7]/div/div/input"}
RESULT: {"using":"xpath","value":"//td[7]/div/div/input"}
COMMAND: POST /session/b0bce561eedd0ef2cd491e5795c56593/element/f.633F000A9FA1F61B5279087A5498CC04.d.FFAC30E04104E7081B981963A3044CAC.e.17483/clear - {}
RESULT: {}
COMMAND: POST /session/b0bce561eedd0ef2cd491e5795c56593/element/f.633F000A9FA1F61B5279087A5498CC04.d.FFAC30E04104E7081B981963A3044CAC.e.17483/value - {"text":"juiyDgzsGq"}
COMMAND: GET /session/b0bce561eedd0ef2cd491e5795c56593/screenshot - {}
RESULT: {"text":"juiyDgzsGq"}
COMMAND: GET /session/b0bce561eedd0ef2cd491e5795c56593/screenshot - {}
RESULT: {}
RESULT: {}
COMMAND: POST /session/b0bce561eedd0ef2cd491e5795c56593/actions - {"actions":[{"id":"action58","type":"key","parameters":{},"actions":[{"type":"keyDown","value":""},{"type":"pause","duration":10},{"type":"keyUp","value":""}]}]}
RESULT: {"actions":[{"id":"action58","type":"key","parameters":{},"actions":[{"type":"keyDown","value":""},{"type":"pause","duration":10},{"type":"keyUp","value":""}]}]}
COMMAND: GET /session/b0bce561eedd0ef2cd491e5795c56593/screenshot - {}
RESULT: {}
COMMAND: POST /session/b0bce561eedd0ef2cd491e5795c56593/element - {"using":"xpath","value":"(//button[@data-kt=\"saveButton\"])[2]"}
RESULT: {"using":"xpath","value":"(//button[@data-kt=\"saveButton\"])[2]"}
COMMAND: POST /session/b0bce561eedd0ef2cd491e5795c56593/element/f.633F000A9FA1F61B5279087A5498CC04.d.FFAC30E04104E7081B981963A3044CAC.e.17498/click - {}
RESULT: {}
COMMAND: GET /session/b0bce561eedd0ef2cd491e5795c56593/screenshot - {}
RESULT: {}
COMMAND: POST /session/b0bce561eedd0ef2cd491e5795c56593/element - {"using":"xpath","value":"//span[contains(@id ,\"contractItemsSmartTable-header-inner\")]"}
RESULT: {"using":"xpath","value":"//span[contains(@id ,\"contractItemsSmartTable-header-inner\")]"}
COMMAND: POST /session/b0bce561eedd0ef2cd491e5795c56593/elements - {"using":"xpath","value":"//span[contains(@id ,\"contractItemsSmartTable-header-inner\")]"}
RESULT: {"using":"xpath","value":"//span[contains(@id ,\"contractItemsSmartTable-header-inner\")]"}
COMMAND: POST /session/b0bce561eedd0ef2cd491e5795c56593/execute/sync - {"script":"<script> [56 bytes]","args":[{"element-6066-11e4-a52e-4f735466cecf":"f.633F000A9FA1F61B5279087A5498CC04.d.FFAC30E04104E7081B981963A3044CAC.e.17504","ELEMENT":"f.633F000A9FA1F61B5279087A5498CC04.d.FFAC30E04104E7081B981963A3044CAC.e.17504"}]}
RESULT: {"script":"<script> [56 bytes]","args":[{"element-6066-11e4-a52e-4f735466cecf":"f.633F000A9FA1F61B5279087A5498CC04.d.FFAC30E04104E7081B981963A3044CAC.e.17504","ELEMENT":"f.633F000A9FA1F61B5279087A5498CC04.d.FFAC30E04104E7081B981963A3044CAC.e.17504"}]}
]]></system-out>
    </testcase>
    <testcase classname="chrome.135_0_7049_42.windows.Performance_based_billing_(work_days)_US139742" name="Should do a provide to site handover" time="59.082">
      <system-out><![CDATA[
COMMAND: GET /session/b0bce561eedd0ef2cd491e5795c56593/screenshot - {}
COMMAND: POST /session/b0bce561eedd0ef2cd491e5795c56593/element - {"using":"xpath","value":"//button[@data-kt=\"provideButton\"]"}
RESULT: {}
RESULT: {"using":"xpath","value":"//button[@data-kt=\"provideButton\"]"}
COMMAND: POST /session/b0bce561eedd0ef2cd491e5795c56593/element/f.633F000A9FA1F61B5279087A5498CC04.d.FFAC30E04104E7081B981963A3044CAC.e.17506/click - {}
RESULT: {}
COMMAND: GET /session/b0bce561eedd0ef2cd491e5795c56593/screenshot - {}
RESULT: {}
RESULT: undefined
COMMAND: POST /session/b0bce561eedd0ef2cd491e5795c56593/execute/async - {"script":"<script> [6424 bytes]","args":[{"element-6066-11e4-a52e-4f735466cecf":"f.633F000A9FA1F61B5279087A5498CC04.d.FFAC30E04104E7081B981963A3044CAC.e.16522"},"setValue",["04/20/2025"]]}
COMMAND: POST /session/b0bce561eedd0ef2cd491e5795c56593/execute/async - {"script":"<script> [1562 bytes]","args":[{"selector":{"id":"application-managehandovers-display-component---AddNewHO--dueDate","interaction":{"idSuffix":"inner"}},"wdio_ui5_key":"applicationmanagehandovers-display-component---AddNewHO--dueDate"}]}
RESULT: {"script":"<script> [1562 bytes]","args":[{"selector":{"id":"application-managehandovers-display-component---AddNewHO--dueDate","interaction":{"idSuffix":"inner"}},"wdio_ui5_key":"applicationmanagehandovers-display-component---AddNewHO--dueDate"}]}
COMMAND: POST /session/b0bce561eedd0ef2cd491e5795c56593/execute/async - {"script":"<script> [6424 bytes]","args":[{"element-6066-11e4-a52e-4f735466cecf":"f.633F000A9FA1F61B5279087A5498CC04.d.FFAC30E04104E7081B981963A3044CAC.e.17578"},"setValue",["04/20/2025"]]}
RESULT: {"script":"<script> [6424 bytes]","args":[{"element-6066-11e4-a52e-4f735466cecf":"f.633F000A9FA1F61B5279087A5498CC04.d.FFAC30E04104E7081B981963A3044CAC.e.17578"},"setValue",["04/20/2025"]]}
COMMAND: POST /session/b0bce561eedd0ef2cd491e5795c56593/element - {"using":"xpath","value":"//bdi[contains(text(), \"Instructions\")]"}
RESULT: {"using":"xpath","value":"//bdi[contains(text(), \"Instructions\")]"}
COMMAND: POST /session/b0bce561eedd0ef2cd491e5795c56593/element/f.633F000A9FA1F61B5279087A5498CC04.d.FFAC30E04104E7081B981963A3044CAC.e.17815/click - {}
RESULT: {}
COMMAND: GET /session/b0bce561eedd0ef2cd491e5795c56593/screenshot - {}
RESULT: {}
COMMAND: POST /session/b0bce561eedd0ef2cd491e5795c56593/element - {"using":"xpath","value":"//button[@data-kt=\"AddNewHOProvideAddItemsButton\"]"}
RESULT: {"using":"xpath","value":"//button[@data-kt=\"AddNewHOProvideAddItemsButton\"]"}
COMMAND: POST /session/b0bce561eedd0ef2cd491e5795c56593/element/f.633F000A9FA1F61B5279087A5498CC04.d.FFAC30E04104E7081B981963A3044CAC.e.17819/click - {}
RESULT: {}
COMMAND: GET /session/b0bce561eedd0ef2cd491e5795c56593/screenshot - {}
RESULT: {}
RESULT: undefined
COMMAND: POST /session/b0bce561eedd0ef2cd491e5795c56593/element - {"using":"xpath","value":"//*[@id=\"application-managehandovers-display-component---AddNewHO--popup-sa\"]"}
RESULT: {"using":"xpath","value":"//*[@id=\"application-managehandovers-display-component---AddNewHO--popup-sa\"]"}
COMMAND: POST /session/b0bce561eedd0ef2cd491e5795c56593/element/f.633F000A9FA1F61B5279087A5498CC04.d.FFAC30E04104E7081B981963A3044CAC.e.17829/click - {}
RESULT: {}
COMMAND: GET /session/b0bce561eedd0ef2cd491e5795c56593/screenshot - {}
RESULT: {}
COMMAND: POST /session/b0bce561eedd0ef2cd491e5795c56593/element - {"using":"xpath","value":"//*[contains(@id ,\"BDI-content\")][contains(text(), \"Select\")]"}
RESULT: {"using":"xpath","value":"//*[contains(@id ,\"BDI-content\")][contains(text(), \"Select\")]"}
COMMAND: POST /session/b0bce561eedd0ef2cd491e5795c56593/element/f.633F000A9FA1F61B5279087A5498CC04.d.FFAC30E04104E7081B981963A3044CAC.e.17830/click - {}
RESULT: {}
COMMAND: GET /session/b0bce561eedd0ef2cd491e5795c56593/screenshot - {}
RESULT: {}
COMMAND: POST /session/b0bce561eedd0ef2cd491e5795c56593/execute/async - {"script":"<script> [1562 bytes]","args":[{"selector":{"id":"application-managehandovers-display-component---AddNewHO--confirmCreationButton","interaction":{"idSuffix":"BDI-content"}},"wdio_ui5_key":"applicationmanagehandovers-display-component---AddNewHO--confirmCreationButton"}]}
RESULT: {"script":"<script> [1562 bytes]","args":[{"selector":{"id":"application-managehandovers-display-component---AddNewHO--confirmCreationButton","interaction":{"idSuffix":"BDI-content"}},"wdio_ui5_key":"applicationmanagehandovers-display-component---AddNewHO--confirmCreationButton"}]}
RESULT: undefined
COMMAND: POST /session/b0bce561eedd0ef2cd491e5795c56593/element - {"using":"xpath","value":"//*[@id=\"application-managehandovers-display-component---AddNewHO--confirmCreationButton\"]"}
RESULT: {"using":"xpath","value":"//*[@id=\"application-managehandovers-display-component---AddNewHO--confirmCreationButton\"]"}
COMMAND: POST /session/b0bce561eedd0ef2cd491e5795c56593/element/f.633F000A9FA1F61B5279087A5498CC04.d.FFAC30E04104E7081B981963A3044CAC.e.17631/click - {}
RESULT: {}
COMMAND: GET /session/b0bce561eedd0ef2cd491e5795c56593/screenshot - {}
RESULT: {}
COMMAND: POST /session/b0bce561eedd0ef2cd491e5795c56593/element - {"using":"xpath","value":"//button[@data-kt=\"PickingTableConfirmAllButton\"]"}
RESULT: {"using":"xpath","value":"//button[@data-kt=\"PickingTableConfirmAllButton\"]"}
COMMAND: POST /session/b0bce561eedd0ef2cd491e5795c56593/element/f.633F000A9FA1F61B5279087A5498CC04.d.FFAC30E04104E7081B981963A3044CAC.e.17876/click - {}
COMMAND: POST /session/b0bce561eedd0ef2cd491e5795c56593/element - {"using":"xpath","value":"//button[@data-kt=\"PickingTableConfirmAllButton\"]"}
RESULT: {"using":"xpath","value":"//button[@data-kt=\"PickingTableConfirmAllButton\"]"}
COMMAND: POST /session/b0bce561eedd0ef2cd491e5795c56593/element/f.633F000A9FA1F61B5279087A5498CC04.d.FFAC30E04104E7081B981963A3044CAC.e.17876/click - {}
COMMAND: POST /session/b0bce561eedd0ef2cd491e5795c56593/element - {"using":"xpath","value":"//button[@data-kt=\"PickingTableConfirmAllButton\"]"}
RESULT: {"using":"xpath","value":"//button[@data-kt=\"PickingTableConfirmAllButton\"]"}
COMMAND: POST /session/b0bce561eedd0ef2cd491e5795c56593/element/f.633F000A9FA1F61B5279087A5498CC04.d.FFAC30E04104E7081B981963A3044CAC.e.17888/click - {}
RESULT: {}
COMMAND: GET /session/b0bce561eedd0ef2cd491e5795c56593/screenshot - {}
RESULT: {}
COMMAND: POST /session/b0bce561eedd0ef2cd491e5795c56593/element - {"using":"xpath","value":"//bdi[contains(text(), \"OK\")]"}
RESULT: {"using":"xpath","value":"//bdi[contains(text(), \"OK\")]"}
COMMAND: POST /session/b0bce561eedd0ef2cd491e5795c56593/element/f.633F000A9FA1F61B5279087A5498CC04.d.FFAC30E04104E7081B981963A3044CAC.e.17891/click - {}
RESULT: {}
COMMAND: GET /session/b0bce561eedd0ef2cd491e5795c56593/screenshot - {}
RESULT: {}
COMMAND: POST /session/b0bce561eedd0ef2cd491e5795c56593/element - {"using":"xpath","value":"//bdi[contains(text(), \"Ok\")]"}
RESULT: {"using":"xpath","value":"//bdi[contains(text(), \"Ok\")]"}
COMMAND: POST /session/b0bce561eedd0ef2cd491e5795c56593/element/f.633F000A9FA1F61B5279087A5498CC04.d.FFAC30E04104E7081B981963A3044CAC.e.17899/click - {}
RESULT: {}
COMMAND: GET /session/b0bce561eedd0ef2cd491e5795c56593/screenshot - {}
RESULT: {}
COMMAND: POST /session/b0bce561eedd0ef2cd491e5795c56593/element - {"using":"xpath","value":"//bdi[contains(text(), \"Issue\")]"}
RESULT: {"using":"xpath","value":"//bdi[contains(text(), \"Issue\")]"}
COMMAND: POST /session/b0bce561eedd0ef2cd491e5795c56593/element/f.633F000A9FA1F61B5279087A5498CC04.d.FFAC30E04104E7081B981963A3044CAC.e.17901/click - {}
RESULT: {}
COMMAND: GET /session/b0bce561eedd0ef2cd491e5795c56593/screenshot - {}
RESULT: {}
COMMAND: POST /session/b0bce561eedd0ef2cd491e5795c56593/element - {"using":"css selector","value":"#shell-header-logo"}
RESULT: {"using":"css selector","value":"#shell-header-logo"}
COMMAND: POST /session/b0bce561eedd0ef2cd491e5795c56593/element/f.633F000A9FA1F61B5279087A5498CC04.d.FFAC30E04104E7081B981963A3044CAC.e.16933/click - {}
RESULT: {}
COMMAND: GET /session/b0bce561eedd0ef2cd491e5795c56593/screenshot - {}
RESULT: {}
]]></system-out>
    </testcase>
    <testcase classname="chrome.135_0_7049_42.windows.Performance_based_billing_(work_days)_US139742" name="Should create a few performance documents" time="109.172">
      <system-out><![CDATA[
COMMAND: POST /session/b0bce561eedd0ef2cd491e5795c56593/window/fullscreen - {}
RESULT: {}
COMMAND: POST /session/b0bce561eedd0ef2cd491e5795c56593/execute/async - {"script":"<script> [1562 bytes]","args":[{"selector":{"controlType":"sap.m.GenericTile","properties":{"header":"Manage States & Performance"}},"wdio_ui5_key":"sapm.GenericTile{\"header\":\"Manage States & Performance\"}"}]}
RESULT: {"script":"<script> [1562 bytes]","args":[{"selector":{"controlType":"sap.m.GenericTile","properties":{"header":"Manage States & Performance"}},"wdio_ui5_key":"sapm.GenericTile{\"header\":\"Manage States & Performance\"}"}]}
RESULT: undefined
COMMAND: POST /session/b0bce561eedd0ef2cd491e5795c56593/element - {"using":"xpath","value":"//*[@id=\"__tile56\"]"}
RESULT: {"using":"xpath","value":"//*[@id=\"__tile56\"]"}
COMMAND: POST /session/b0bce561eedd0ef2cd491e5795c56593/element/f.633F000A9FA1F61B5279087A5498CC04.d.FFAC30E04104E7081B981963A3044CAC.e.14253/click - {}
RESULT: {}
COMMAND: POST /session/b0bce561eedd0ef2cd491e5795c56593/element - {"using":"xpath","value":"//div[@id=\"application-managestatesandperformance-display-component---stateAndPerform--smartFilterBarResources-btnBasicSearch\"]"}
COMMAND: GET /session/b0bce561eedd0ef2cd491e5795c56593/screenshot - {}
RESULT: {"using":"xpath","value":"//div[@id=\"application-managestatesandperformance-display-component---stateAndPerform--smartFilterBarResources-btnBasicSearch\"]"}
COMMAND: POST /session/b0bce561eedd0ef2cd491e5795c56593/elements - {"using":"xpath","value":"//div[@id=\"application-managestatesandperformance-display-component---stateAndPerform--smartFilterBarResources-btnBasicSearch\"]"}
RESULT: {}
RESULT: {"using":"xpath","value":"//div[@id=\"application-managestatesandperformance-display-component---stateAndPerform--smartFilterBarResources-btnBasicSearch\"]"}
COMMAND: POST /session/b0bce561eedd0ef2cd491e5795c56593/elements - {"using":"xpath","value":"//div[@id=\"application-managestatesandperformance-display-component---stateAndPerform--smartFilterBarResources-btnBasicSearch\"]"}
RESULT: {"using":"xpath","value":"//div[@id=\"application-managestatesandperformance-display-component---stateAndPerform--smartFilterBarResources-btnBasicSearch\"]"}
COMMAND: POST /session/b0bce561eedd0ef2cd491e5795c56593/element - {"using":"xpath","value":"//div[@id=\"application-managestatesandperformance-display-component---stateAndPerform--smartFilterBarResources-btnBasicSearch\"]"}
RESULT: {"using":"xpath","value":"//div[@id=\"application-managestatesandperformance-display-component---stateAndPerform--smartFilterBarResources-btnBasicSearch\"]"}
COMMAND: POST /session/b0bce561eedd0ef2cd491e5795c56593/execute/sync - {"script":"<script> [8489 bytes]","args":[{"element-6066-11e4-a52e-4f735466cecf":"f.633F000A9FA1F61B5279087A5498CC04.d.FFAC30E04104E7081B981963A3044CAC.e.18122","ELEMENT":"f.633F000A9FA1F61B5279087A5498CC04.d.FFAC30E04104E7081B981963A3044CAC.e.18122"}]}
RESULT: {"script":"<script> [8489 bytes]","args":[{"element-6066-11e4-a52e-4f735466cecf":"f.633F000A9FA1F61B5279087A5498CC04.d.FFAC30E04104E7081B981963A3044CAC.e.18122","ELEMENT":"f.633F000A9FA1F61B5279087A5498CC04.d.FFAC30E04104E7081B981963A3044CAC.e.18122"}]}
COMMAND: GET /session/b0bce561eedd0ef2cd491e5795c56593/element/f.633F000A9FA1F61B5279087A5498CC04.d.FFAC30E04104E7081B981963A3044CAC.e.18122/enabled - {}
COMMAND: GET /session/b0bce561eedd0ef2cd491e5795c56593/screenshot - {}
RESULT: {}
COMMAND: POST /session/b0bce561eedd0ef2cd491e5795c56593/execute/sync - {"script":"<script> [8489 bytes]","args":[{"element-6066-11e4-a52e-4f735466cecf":"f.633F000A9FA1F61B5279087A5498CC04.d.FFAC30E04104E7081B981963A3044CAC.e.18122","ELEMENT":"f.633F000A9FA1F61B5279087A5498CC04.d.FFAC30E04104E7081B981963A3044CAC.e.18122"}]}
COMMAND: GET /session/b0bce561eedd0ef2cd491e5795c56593/screenshot - {}
RESULT: {}
RESULT: {"script":"<script> [8489 bytes]","args":[{"element-6066-11e4-a52e-4f735466cecf":"f.633F000A9FA1F61B5279087A5498CC04.d.FFAC30E04104E7081B981963A3044CAC.e.18122","ELEMENT":"f.633F000A9FA1F61B5279087A5498CC04.d.FFAC30E04104E7081B981963A3044CAC.e.18122"}]}
COMMAND: POST /session/b0bce561eedd0ef2cd491e5795c56593/execute/sync - {"script":"<script> [5351 bytes]","args":[{"element-6066-11e4-a52e-4f735466cecf":"f.633F000A9FA1F61B5279087A5498CC04.d.FFAC30E04104E7081B981963A3044CAC.e.18122","ELEMENT":"f.633F000A9FA1F61B5279087A5498CC04.d.FFAC30E04104E7081B981963A3044CAC.e.18122"}]}
COMMAND: GET /session/b0bce561eedd0ef2cd491e5795c56593/screenshot - {}
RESULT: {}
RESULT: {"script":"<script> [5351 bytes]","args":[{"element-6066-11e4-a52e-4f735466cecf":"f.633F000A9FA1F61B5279087A5498CC04.d.FFAC30E04104E7081B981963A3044CAC.e.18122","ELEMENT":"f.633F000A9FA1F61B5279087A5498CC04.d.FFAC30E04104E7081B981963A3044CAC.e.18122"}]}
COMMAND: POST /session/b0bce561eedd0ef2cd491e5795c56593/execute/async - {"script":"<script> [1562 bytes]","args":[{"selector":{"id":"application-managestatesandperformance-display-component---stateAndPerform--smartFilterBarResources-btnBasicSearch","interaction":{"idSuffix":"I"}},"wdio_ui5_key":"applicationmanagestatesandperformance-display-component---stateAndPerform--smartFilterBarResources-btnBasicSearch"}]}
COMMAND: GET /session/b0bce561eedd0ef2cd491e5795c56593/screenshot - {}
RESULT: {}
RESULT: {"script":"<script> [1562 bytes]","args":[{"selector":{"id":"application-managestatesandperformance-display-component---stateAndPerform--smartFilterBarResources-btnBasicSearch","interaction":{"idSuffix":"I"}},"wdio_ui5_key":"applicationmanagestatesandperformance-display-component---stateAndPerform--smartFilterBarResources-btnBasicSearch"}]}
RESULT: undefined
COMMAND: POST /session/b0bce561eedd0ef2cd491e5795c56593/execute/async - {"script":"<script> [776 bytes]","args":[{"enterText":"juiyDgzsGq","selector":{"id":"application-managestatesandperformance-display-component---stateAndPerform--smartFilterBarResources-btnBasicSearch","interaction":{"idSuffix":"I"}},"clearTextFirst":true,"interactionType":"ENTER_TEXT"}]}
RESULT: {}
RESULT: {"script":"<script> [776 bytes]","args":[{"enterText":"juiyDgzsGq","selector":{"id":"application-managestatesandperformance-display-component---stateAndPerform--smartFilterBarResources-btnBasicSearch","interaction":{"idSuffix":"I"}},"clearTextFirst":true,"interactionType":"ENTER_TEXT"}]}
COMMAND: POST /session/b0bce561eedd0ef2cd491e5795c56593/actions - {"actions":[{"id":"action59","type":"key","parameters":{},"actions":[{"type":"keyDown","value":""},{"type":"pause","duration":10},{"type":"keyUp","value":""}]}]}
RESULT: {"actions":[{"id":"action59","type":"key","parameters":{},"actions":[{"type":"keyDown","value":""},{"type":"pause","duration":10},{"type":"keyUp","value":""}]}]}
COMMAND: GET /session/b0bce561eedd0ef2cd491e5795c56593/screenshot - {}
RESULT: {}
COMMAND: POST /session/b0bce561eedd0ef2cd491e5795c56593/execute/async - {"script":"<script> [1562 bytes]","args":[{"selector":{"id":"application-managestatesandperformance-display-component---stateAndPerform--stateAndPerformResourcesSmartTable-header"},"wdio_ui5_key":"applicationmanagestatesandperformance-display-component---stateAndPerform--stateAndPerformResourcesSmartTable-header"}]}
RESULT: {"script":"<script> [1562 bytes]","args":[{"selector":{"id":"application-managestatesandperformance-display-component---stateAndPerform--stateAndPerformResourcesSmartTable-header"},"wdio_ui5_key":"applicationmanagestatesandperformance-display-component---stateAndPerform--stateAndPerformResourcesSmartTable-header"}]}
RESULT: undefined
COMMAND: POST /session/b0bce561eedd0ef2cd491e5795c56593/execute/async - {"script":"<script> [6424 bytes]","args":[{"element-6066-11e4-a52e-4f735466cecf":"f.633F000A9FA1F61B5279087A5498CC04.d.FFAC30E04104E7081B981963A3044CAC.e.18185"},"getText",[]]}
RESULT: {"script":"<script> [6424 bytes]","args":[{"element-6066-11e4-a52e-4f735466cecf":"f.633F000A9FA1F61B5279087A5498CC04.d.FFAC30E04104E7081B981963A3044CAC.e.18185"},"getText",[]]}
COMMAND: POST /session/b0bce561eedd0ef2cd491e5795c56593/execute/async - {"script":"<script> [1562 bytes]","args":[{"selector":{"controlType":"sap.ui.core.Icon","viewName":"etm.portal.ui.managestatesandperformance.view.Master","viewId":"application-managestatesandperformance-display-component---stateAndPerform","properties":{"src":{"regex":{"source":"slim\\-arrow\\-right"}}}},"wdio_ui5_key":"etmportal.ui.managestatesandperformance.view.Mastersap.ui.core.Icon{\"src\":{\"regex\":{\"source\":\"slim\\\\-arrow\\\\-right\"}}}"}]}
RESULT: {"script":"<script> [1562 bytes]","args":[{"selector":{"controlType":"sap.ui.core.Icon","viewName":"etm.portal.ui.managestatesandperformance.view.Master","viewId":"application-managestatesandperformance-display-component---stateAndPerform","properties":{"src":{"regex":{"source":"slim\\-arrow\\-right"}}}},"wdio_ui5_key":"etmportal.ui.managestatesandperformance.view.Mastersap.ui.core.Icon{\"src\":{\"regex\":{\"source\":\"slim\\\\-arrow\\\\-right\"}}}"}]}
RESULT: undefined
COMMAND: POST /session/b0bce561eedd0ef2cd491e5795c56593/element - {"using":"xpath","value":"//*[@id=\"__item2731-__clone4887-imgNav\"]"}
RESULT: {"using":"xpath","value":"//*[@id=\"__item2731-__clone4887-imgNav\"]"}
COMMAND: POST /session/b0bce561eedd0ef2cd491e5795c56593/element/f.633F000A9FA1F61B5279087A5498CC04.d.FFAC30E04104E7081B981963A3044CAC.e.18184/click - {}
RESULT: {}
COMMAND: GET /session/b0bce561eedd0ef2cd491e5795c56593/screenshot - {}
RESULT: {}
COMMAND: POST /session/b0bce561eedd0ef2cd491e5795c56593/execute/async - {"script":"<script> [1562 bytes]","args":[{"selector":{"controlType":"sap.m.Button","viewName":"etm.portal.ui.managestatesandperformance.view.Detail","viewId":"application-managestatesandperformance-display-component---detailStateAndPerform","properties":{"text":"Performance Documents"}},"wdio_ui5_key":"etmportal.ui.managestatesandperformance.view.Detailsap.m.Button{\"text\":\"Performance Documents\"}"}]}
RESULT: {"script":"<script> [1562 bytes]","args":[{"selector":{"controlType":"sap.m.Button","viewName":"etm.portal.ui.managestatesandperformance.view.Detail","viewId":"application-managestatesandperformance-display-component---detailStateAndPerform","properties":{"text":"Performance Documents"}},"wdio_ui5_key":"etmportal.ui.managestatesandperformance.view.Detailsap.m.Button{\"text\":\"Performance Documents\"}"}]}
RESULT: undefined
COMMAND: POST /session/b0bce561eedd0ef2cd491e5795c56593/element - {"using":"xpath","value":"//*[@id=\"__item2754-button\"]"}
RESULT: {"using":"xpath","value":"//*[@id=\"__item2754-button\"]"}
COMMAND: POST /session/b0bce561eedd0ef2cd491e5795c56593/element/f.633F000A9FA1F61B5279087A5498CC04.d.FFAC30E04104E7081B981963A3044CAC.e.18232/click - {}
RESULT: {}
COMMAND: POST /session/b0bce561eedd0ef2cd491e5795c56593/execute/async - {"script":"<script> [1562 bytes]","args":[{"selector":{"controlType":"sap.m.Button","viewName":"etm.portal.ui.managestatesandperformance.view.Detail","viewId":"application-managestatesandperformance-display-component---detailStateAndPerform","i18NText":{"propertyName":"text","key":"createPerformanceDoc"},"interaction":{"idSuffix":"BDI-content"}},"wdio_ui5_key":"etmportal.ui.managestatesandperformance.view.Detailsap.m.Button{\"propertyName\":\"text\",\"key\":\"createPerformanceDoc\"}"}]}
COMMAND: GET /session/b0bce561eedd0ef2cd491e5795c56593/screenshot - {}
RESULT: {"script":"<script> [1562 bytes]","args":[{"selector":{"controlType":"sap.m.Button","viewName":"etm.portal.ui.managestatesandperformance.view.Detail","viewId":"application-managestatesandperformance-display-component---detailStateAndPerform","i18NText":{"propertyName":"text","key":"createPerformanceDoc"},"interaction":{"idSuffix":"BDI-content"}},"wdio_ui5_key":"etmportal.ui.managestatesandperformance.view.Detailsap.m.Button{\"propertyName\":\"text\",\"key\":\"createPerformanceDoc\"}"}]}
RESULT: undefined
COMMAND: POST /session/b0bce561eedd0ef2cd491e5795c56593/element - {"using":"xpath","value":"//*[@id=\"__button389\"]"}
RESULT: {}
RESULT: {"using":"xpath","value":"//*[@id=\"__button389\"]"}
COMMAND: POST /session/b0bce561eedd0ef2cd491e5795c56593/element/f.633F000A9FA1F61B5279087A5498CC04.d.FFAC30E04104E7081B981963A3044CAC.e.18237/click - {}
RESULT: {}
COMMAND: POST /session/b0bce561eedd0ef2cd491e5795c56593/execute/async - {"script":"<script> [1562 bytes]","args":[{"selector":{"id":"application-managestatesandperformance-display-component---detailStateAndPerform--perfDocDatePicker","searchOpenDialogs":true,"interaction":{"idSuffix":"inner"}},"wdio_ui5_key":"applicationmanagestatesandperformance-display-component---detailStateAndPerform--perfDocDatePicker"}]}
COMMAND: GET /session/b0bce561eedd0ef2cd491e5795c56593/screenshot - {}
RESULT: {"script":"<script> [1562 bytes]","args":[{"selector":{"id":"application-managestatesandperformance-display-component---detailStateAndPerform--perfDocDatePicker","searchOpenDialogs":true,"interaction":{"idSuffix":"inner"}},"wdio_ui5_key":"applicationmanagestatesandperformance-display-component---detailStateAndPerform--perfDocDatePicker"}]}
RESULT: undefined
COMMAND: POST /session/b0bce561eedd0ef2cd491e5795c56593/execute/async - {"script":"<script> [776 bytes]","args":[{"enterText":"04/22/25","selector":{"id":"application-managestatesandperformance-display-component---detailStateAndPerform--perfDocDatePicker","searchOpenDialogs":true,"interaction":{"idSuffix":"inner"}},"clearTextFirst":true,"interactionType":"ENTER_TEXT"}]}
RESULT: {}
RESULT: {"script":"<script> [776 bytes]","args":[{"enterText":"04/22/25","selector":{"id":"application-managestatesandperformance-display-component---detailStateAndPerform--perfDocDatePicker","searchOpenDialogs":true,"interaction":{"idSuffix":"inner"}},"clearTextFirst":true,"interactionType":"ENTER_TEXT"}]}
COMMAND: POST /session/b0bce561eedd0ef2cd491e5795c56593/execute/async - {"script":"<script> [1562 bytes]","args":[{"selector":{"id":"application-managestatesandperformance-display-component---detailStateAndPerform--counterValue-input","searchOpenDialogs":true,"interaction":{"idSuffix":"inner"}},"wdio_ui5_key":"applicationmanagestatesandperformance-display-component---detailStateAndPerform--counterValue-input"}]}
RESULT: {"script":"<script> [1562 bytes]","args":[{"selector":{"id":"application-managestatesandperformance-display-component---detailStateAndPerform--counterValue-input","searchOpenDialogs":true,"interaction":{"idSuffix":"inner"}},"wdio_ui5_key":"applicationmanagestatesandperformance-display-component---detailStateAndPerform--counterValue-input"}]}
RESULT: undefined
COMMAND: POST /session/b0bce561eedd0ef2cd491e5795c56593/execute/async - {"script":"<script> [776 bytes]","args":[{"enterText":"15.00","selector":{"id":"application-managestatesandperformance-display-component---detailStateAndPerform--counterValue-input","searchOpenDialogs":true,"interaction":{"idSuffix":"inner"}},"clearTextFirst":true,"interactionType":"ENTER_TEXT"}]}
RESULT: {"script":"<script> [776 bytes]","args":[{"enterText":"15.00","selector":{"id":"application-managestatesandperformance-display-component---detailStateAndPerform--counterValue-input","searchOpenDialogs":true,"interaction":{"idSuffix":"inner"}},"clearTextFirst":true,"interactionType":"ENTER_TEXT"}]}
COMMAND: POST /session/b0bce561eedd0ef2cd491e5795c56593/execute/async - {"script":"<script> [1562 bytes]","args":[{"selector":{"controlType":"sap.m.Button","viewName":"etm.portal.ui.managestatesandperformance.view.Detail","viewId":"application-managestatesandperformance-display-component---detailStateAndPerform","bindingPath":{"path":"","propertyPath":"/allowAddEdit","modelName":"oScreenModel"},"searchOpenDialogs":true,"interaction":{"idSuffix":"BDI-content"}},"wdio_ui5_key":"etmportal.ui.managestatesandperformance.view.Detailsap.m.Button{\"path\":\"\",\"propertyPath\":\"/allowAddEdit\",\"modelName\":\"oScreenModel\"}"}]}
RESULT: {"script":"<script> [1562 bytes]","args":[{"selector":{"controlType":"sap.m.Button","viewName":"etm.portal.ui.managestatesandperformance.view.Detail","viewId":"application-managestatesandperformance-display-component---detailStateAndPerform","bindingPath":{"path":"","propertyPath":"/allowAddEdit","modelName":"oScreenModel"},"searchOpenDialogs":true,"interaction":{"idSuffix":"BDI-content"}},"wdio_ui5_key":"etmportal.ui.managestatesandperformance.view.Detailsap.m.Button{\"path\":\"\",\"propertyPath\":\"/allowAddEdit\",\"modelName\":\"oScreenModel\"}"}]}
RESULT: undefined
COMMAND: POST /session/b0bce561eedd0ef2cd491e5795c56593/element - {"using":"xpath","value":"//*[@id=\"__button396\"]"}
RESULT: {"using":"xpath","value":"//*[@id=\"__button396\"]"}
COMMAND: POST /session/b0bce561eedd0ef2cd491e5795c56593/element/f.633F000A9FA1F61B5279087A5498CC04.d.FFAC30E04104E7081B981963A3044CAC.e.18257/click - {}
RESULT: {}
RESULT: undefined
COMMAND: POST /session/b0bce561eedd0ef2cd491e5795c56593/element - {"using":"xpath","value":"//*[@id=\"__button389\"]"}
COMMAND: GET /session/b0bce561eedd0ef2cd491e5795c56593/screenshot - {}
RESULT: {"using":"xpath","value":"//*[@id=\"__button389\"]"}
COMMAND: POST /session/b0bce561eedd0ef2cd491e5795c56593/element/f.633F000A9FA1F61B5279087A5498CC04.d.FFAC30E04104E7081B981963A3044CAC.e.18237/click - {}
RESULT: {}
RESULT: {}
RESULT: undefined
COMMAND: POST /session/b0bce561eedd0ef2cd491e5795c56593/execute/async - {"script":"<script> [776 bytes]","args":[{"enterText":"04/26/25","selector":{"id":"application-managestatesandperformance-display-component---detailStateAndPerform--perfDocDatePicker","searchOpenDialogs":true,"interaction":{"idSuffix":"inner"}},"clearTextFirst":true,"interactionType":"ENTER_TEXT"}]}
COMMAND: GET /session/b0bce561eedd0ef2cd491e5795c56593/screenshot - {}
RESULT: {"script":"<script> [776 bytes]","args":[{"enterText":"04/26/25","selector":{"id":"application-managestatesandperformance-display-component---detailStateAndPerform--perfDocDatePicker","searchOpenDialogs":true,"interaction":{"idSuffix":"inner"}},"clearTextFirst":true,"interactionType":"ENTER_TEXT"}]}
RESULT: undefined
COMMAND: POST /session/b0bce561eedd0ef2cd491e5795c56593/execute/async - {"script":"<script> [776 bytes]","args":[{"enterText":"20.00","selector":{"id":"application-managestatesandperformance-display-component---detailStateAndPerform--counterValue-input","searchOpenDialogs":true,"interaction":{"idSuffix":"inner"}},"clearTextFirst":true,"interactionType":"ENTER_TEXT"}]}
RESULT: {}
RESULT: {"script":"<script> [776 bytes]","args":[{"enterText":"20.00","selector":{"id":"application-managestatesandperformance-display-component---detailStateAndPerform--counterValue-input","searchOpenDialogs":true,"interaction":{"idSuffix":"inner"}},"clearTextFirst":true,"interactionType":"ENTER_TEXT"}]}
COMMAND: POST /session/b0bce561eedd0ef2cd491e5795c56593/actions - {"actions":[{"id":"action60","type":"key","parameters":{},"actions":[{"type":"keyDown","value":""},{"type":"keyDown","value":""},{"type":"pause","duration":10},{"type":"keyUp","value":""},{"type":"keyUp","value":""}]}]}
RESULT: {"actions":[{"id":"action60","type":"key","parameters":{},"actions":[{"type":"keyDown","value":""},{"type":"keyDown","value":""},{"type":"pause","duration":10},{"type":"keyUp","value":""},{"type":"keyUp","value":""}]}]}
COMMAND: POST /session/b0bce561eedd0ef2cd491e5795c56593/actions - {"actions":[{"id":"action61","type":"key","parameters":{},"actions":[{"type":"keyDown","value":""},{"type":"pause","duration":10},{"type":"keyUp","value":""}]}]}
COMMAND: GET /session/b0bce561eedd0ef2cd491e5795c56593/screenshot - {}
RESULT: {"actions":[{"id":"action61","type":"key","parameters":{},"actions":[{"type":"keyDown","value":""},{"type":"pause","duration":10},{"type":"keyUp","value":""}]}]}
RESULT: undefined
COMMAND: POST /session/b0bce561eedd0ef2cd491e5795c56593/element - {"using":"xpath","value":"//*[@id=\"__button396\"]"}
COMMAND: GET /session/b0bce561eedd0ef2cd491e5795c56593/screenshot - {}
RESULT: {}
RESULT: {"using":"xpath","value":"//*[@id=\"__button396\"]"}
COMMAND: POST /session/b0bce561eedd0ef2cd491e5795c56593/elements - {"using":"xpath","value":"//*[@id=\"__button396\"]"}
RESULT: {}
RESULT: {"using":"xpath","value":"//*[@id=\"__button396\"]"}
COMMAND: POST /session/b0bce561eedd0ef2cd491e5795c56593/elements - {"using":"xpath","value":"//*[@id=\"__button396\"]"}
RESULT: {"using":"xpath","value":"//*[@id=\"__button396\"]"}
COMMAND: POST /session/b0bce561eedd0ef2cd491e5795c56593/elements - {"using":"xpath","value":"//*[@id=\"__button396\"]"}
RESULT: {"using":"xpath","value":"//*[@id=\"__button396\"]"}
COMMAND: POST /session/b0bce561eedd0ef2cd491e5795c56593/elements - {"using":"xpath","value":"//*[@id=\"__button396\"]"}
RESULT: {"using":"xpath","value":"//*[@id=\"__button396\"]"}
COMMAND: POST /session/b0bce561eedd0ef2cd491e5795c56593/elements - {"using":"xpath","value":"//*[@id=\"__button396\"]"}
RESULT: {"using":"xpath","value":"//*[@id=\"__button396\"]"}
COMMAND: POST /session/b0bce561eedd0ef2cd491e5795c56593/elements - {"using":"xpath","value":"//*[@id=\"__button396\"]"}
RESULT: {"using":"xpath","value":"//*[@id=\"__button396\"]"}
COMMAND: POST /session/b0bce561eedd0ef2cd491e5795c56593/elements - {"using":"xpath","value":"//*[@id=\"__button396\"]"}
RESULT: {"using":"xpath","value":"//*[@id=\"__button396\"]"}
COMMAND: POST /session/b0bce561eedd0ef2cd491e5795c56593/elements - {"using":"xpath","value":"//*[@id=\"__button396\"]"}
RESULT: {"using":"xpath","value":"//*[@id=\"__button396\"]"}
COMMAND: POST /session/b0bce561eedd0ef2cd491e5795c56593/elements - {"using":"xpath","value":"//*[@id=\"__button396\"]"}
RESULT: {"using":"xpath","value":"//*[@id=\"__button396\"]"}
COMMAND: POST /session/b0bce561eedd0ef2cd491e5795c56593/elements - {"using":"xpath","value":"//*[@id=\"__button396\"]"}
RESULT: {"using":"xpath","value":"//*[@id=\"__button396\"]"}
COMMAND: POST /session/b0bce561eedd0ef2cd491e5795c56593/elements - {"using":"xpath","value":"//*[@id=\"__button396\"]"}
RESULT: {"using":"xpath","value":"//*[@id=\"__button396\"]"}
COMMAND: POST /session/b0bce561eedd0ef2cd491e5795c56593/elements - {"using":"xpath","value":"//*[@id=\"__button396\"]"}
RESULT: {"using":"xpath","value":"//*[@id=\"__button396\"]"}
COMMAND: POST /session/b0bce561eedd0ef2cd491e5795c56593/elements - {"using":"xpath","value":"//*[@id=\"__button396\"]"}
RESULT: {"using":"xpath","value":"//*[@id=\"__button396\"]"}
COMMAND: POST /session/b0bce561eedd0ef2cd491e5795c56593/elements - {"using":"xpath","value":"//*[@id=\"__button396\"]"}
RESULT: {"using":"xpath","value":"//*[@id=\"__button396\"]"}
COMMAND: POST /session/b0bce561eedd0ef2cd491e5795c56593/elements - {"using":"xpath","value":"//*[@id=\"__button396\"]"}
RESULT: {"using":"xpath","value":"//*[@id=\"__button396\"]"}
COMMAND: POST /session/b0bce561eedd0ef2cd491e5795c56593/elements - {"using":"xpath","value":"//*[@id=\"__button396\"]"}
RESULT: {"using":"xpath","value":"//*[@id=\"__button396\"]"}
COMMAND: POST /session/b0bce561eedd0ef2cd491e5795c56593/elements - {"using":"xpath","value":"//*[@id=\"__button396\"]"}
RESULT: {"using":"xpath","value":"//*[@id=\"__button396\"]"}
COMMAND: POST /session/b0bce561eedd0ef2cd491e5795c56593/elements - {"using":"xpath","value":"//*[@id=\"__button396\"]"}
RESULT: {"using":"xpath","value":"//*[@id=\"__button396\"]"}
COMMAND: POST /session/b0bce561eedd0ef2cd491e5795c56593/elements - {"using":"xpath","value":"//*[@id=\"__button396\"]"}
RESULT: {"using":"xpath","value":"//*[@id=\"__button396\"]"}
COMMAND: POST /session/b0bce561eedd0ef2cd491e5795c56593/elements - {"using":"xpath","value":"//*[@id=\"__button396\"]"}
RESULT: {"using":"xpath","value":"//*[@id=\"__button396\"]"}
COMMAND: POST /session/b0bce561eedd0ef2cd491e5795c56593/elements - {"using":"xpath","value":"//*[@id=\"__button396\"]"}
RESULT: {"using":"xpath","value":"//*[@id=\"__button396\"]"}
COMMAND: POST /session/b0bce561eedd0ef2cd491e5795c56593/elements - {"using":"xpath","value":"//*[@id=\"__button396\"]"}
RESULT: {"using":"xpath","value":"//*[@id=\"__button396\"]"}
COMMAND: POST /session/b0bce561eedd0ef2cd491e5795c56593/elements - {"using":"xpath","value":"//*[@id=\"__button396\"]"}
RESULT: {"using":"xpath","value":"//*[@id=\"__button396\"]"}
COMMAND: POST /session/b0bce561eedd0ef2cd491e5795c56593/elements - {"using":"xpath","value":"//*[@id=\"__button396\"]"}
RESULT: {"using":"xpath","value":"//*[@id=\"__button396\"]"}
COMMAND: POST /session/b0bce561eedd0ef2cd491e5795c56593/elements - {"using":"xpath","value":"//*[@id=\"__button396\"]"}
RESULT: {"using":"xpath","value":"//*[@id=\"__button396\"]"}
COMMAND: POST /session/b0bce561eedd0ef2cd491e5795c56593/elements - {"using":"xpath","value":"//*[@id=\"__button396\"]"}
RESULT: {"using":"xpath","value":"//*[@id=\"__button396\"]"}
COMMAND: POST /session/b0bce561eedd0ef2cd491e5795c56593/elements - {"using":"xpath","value":"//*[@id=\"__button396\"]"}
RESULT: {"using":"xpath","value":"//*[@id=\"__button396\"]"}
COMMAND: POST /session/b0bce561eedd0ef2cd491e5795c56593/elements - {"using":"xpath","value":"//*[@id=\"__button396\"]"}
RESULT: {"using":"xpath","value":"//*[@id=\"__button396\"]"}
COMMAND: POST /session/b0bce561eedd0ef2cd491e5795c56593/elements - {"using":"xpath","value":"//*[@id=\"__button396\"]"}
RESULT: {"using":"xpath","value":"//*[@id=\"__button396\"]"}
COMMAND: POST /session/b0bce561eedd0ef2cd491e5795c56593/elements - {"using":"xpath","value":"//*[@id=\"__button396\"]"}
RESULT: {"using":"xpath","value":"//*[@id=\"__button396\"]"}
COMMAND: POST /session/b0bce561eedd0ef2cd491e5795c56593/elements - {"using":"xpath","value":"//*[@id=\"__button396\"]"}
RESULT: {"using":"xpath","value":"//*[@id=\"__button396\"]"}
COMMAND: POST /session/b0bce561eedd0ef2cd491e5795c56593/elements - {"using":"xpath","value":"//*[@id=\"__button396\"]"}
RESULT: {"using":"xpath","value":"//*[@id=\"__button396\"]"}
COMMAND: POST /session/b0bce561eedd0ef2cd491e5795c56593/elements - {"using":"xpath","value":"//*[@id=\"__button396\"]"}
RESULT: {"using":"xpath","value":"//*[@id=\"__button396\"]"}
COMMAND: POST /session/b0bce561eedd0ef2cd491e5795c56593/elements - {"using":"xpath","value":"//*[@id=\"__button396\"]"}
RESULT: {"using":"xpath","value":"//*[@id=\"__button396\"]"}
COMMAND: POST /session/b0bce561eedd0ef2cd491e5795c56593/elements - {"using":"xpath","value":"//*[@id=\"__button396\"]"}
RESULT: {"using":"xpath","value":"//*[@id=\"__button396\"]"}
COMMAND: POST /session/b0bce561eedd0ef2cd491e5795c56593/elements - {"using":"xpath","value":"//*[@id=\"__button396\"]"}
RESULT: {"using":"xpath","value":"//*[@id=\"__button396\"]"}
COMMAND: POST /session/b0bce561eedd0ef2cd491e5795c56593/elements - {"using":"xpath","value":"//*[@id=\"__button396\"]"}
RESULT: {"using":"xpath","value":"//*[@id=\"__button396\"]"}
COMMAND: POST /session/b0bce561eedd0ef2cd491e5795c56593/elements - {"using":"xpath","value":"//*[@id=\"__button396\"]"}
RESULT: {"using":"xpath","value":"//*[@id=\"__button396\"]"}
COMMAND: POST /session/b0bce561eedd0ef2cd491e5795c56593/elements - {"using":"xpath","value":"//*[@id=\"__button396\"]"}
RESULT: {"using":"xpath","value":"//*[@id=\"__button396\"]"}
COMMAND: POST /session/b0bce561eedd0ef2cd491e5795c56593/elements - {"using":"xpath","value":"//*[@id=\"__button396\"]"}
RESULT: {"using":"xpath","value":"//*[@id=\"__button396\"]"}
COMMAND: POST /session/b0bce561eedd0ef2cd491e5795c56593/elements - {"using":"xpath","value":"//*[@id=\"__button396\"]"}
RESULT: {"using":"xpath","value":"//*[@id=\"__button396\"]"}
COMMAND: POST /session/b0bce561eedd0ef2cd491e5795c56593/elements - {"using":"xpath","value":"//*[@id=\"__button396\"]"}
RESULT: {"using":"xpath","value":"//*[@id=\"__button396\"]"}
COMMAND: POST /session/b0bce561eedd0ef2cd491e5795c56593/elements - {"using":"xpath","value":"//*[@id=\"__button396\"]"}
RESULT: {"using":"xpath","value":"//*[@id=\"__button396\"]"}
COMMAND: POST /session/b0bce561eedd0ef2cd491e5795c56593/elements - {"using":"xpath","value":"//*[@id=\"__button396\"]"}
RESULT: {"using":"xpath","value":"//*[@id=\"__button396\"]"}
COMMAND: POST /session/b0bce561eedd0ef2cd491e5795c56593/elements - {"using":"xpath","value":"//*[@id=\"__button396\"]"}
RESULT: {"using":"xpath","value":"//*[@id=\"__button396\"]"}
COMMAND: POST /session/b0bce561eedd0ef2cd491e5795c56593/elements - {"using":"xpath","value":"//*[@id=\"__button396\"]"}
RESULT: {"using":"xpath","value":"//*[@id=\"__button396\"]"}
COMMAND: POST /session/b0bce561eedd0ef2cd491e5795c56593/elements - {"using":"xpath","value":"//*[@id=\"__button396\"]"}
RESULT: {"using":"xpath","value":"//*[@id=\"__button396\"]"}
COMMAND: POST /session/b0bce561eedd0ef2cd491e5795c56593/elements - {"using":"xpath","value":"//*[@id=\"__button396\"]"}
RESULT: {"using":"xpath","value":"//*[@id=\"__button396\"]"}
COMMAND: POST /session/b0bce561eedd0ef2cd491e5795c56593/elements - {"using":"xpath","value":"//*[@id=\"__button396\"]"}
RESULT: {"using":"xpath","value":"//*[@id=\"__button396\"]"}
COMMAND: POST /session/b0bce561eedd0ef2cd491e5795c56593/elements - {"using":"xpath","value":"//*[@id=\"__button396\"]"}
RESULT: {"using":"xpath","value":"//*[@id=\"__button396\"]"}
COMMAND: POST /session/b0bce561eedd0ef2cd491e5795c56593/elements - {"using":"xpath","value":"//*[@id=\"__button396\"]"}
RESULT: {"using":"xpath","value":"//*[@id=\"__button396\"]"}
COMMAND: POST /session/b0bce561eedd0ef2cd491e5795c56593/elements - {"using":"xpath","value":"//*[@id=\"__button396\"]"}
RESULT: {"using":"xpath","value":"//*[@id=\"__button396\"]"}
COMMAND: POST /session/b0bce561eedd0ef2cd491e5795c56593/elements - {"using":"xpath","value":"//*[@id=\"__button396\"]"}
RESULT: {"using":"xpath","value":"//*[@id=\"__button396\"]"}
COMMAND: POST /session/b0bce561eedd0ef2cd491e5795c56593/elements - {"using":"xpath","value":"//*[@id=\"__button396\"]"}
RESULT: {"using":"xpath","value":"//*[@id=\"__button396\"]"}
COMMAND: POST /session/b0bce561eedd0ef2cd491e5795c56593/elements - {"using":"xpath","value":"//*[@id=\"__button396\"]"}
RESULT: {"using":"xpath","value":"//*[@id=\"__button396\"]"}
COMMAND: POST /session/b0bce561eedd0ef2cd491e5795c56593/elements - {"using":"xpath","value":"//*[@id=\"__button396\"]"}
RESULT: {"using":"xpath","value":"//*[@id=\"__button396\"]"}
COMMAND: POST /session/b0bce561eedd0ef2cd491e5795c56593/elements - {"using":"xpath","value":"//*[@id=\"__button396\"]"}
RESULT: {"using":"xpath","value":"//*[@id=\"__button396\"]"}
COMMAND: POST /session/b0bce561eedd0ef2cd491e5795c56593/elements - {"using":"xpath","value":"//*[@id=\"__button396\"]"}
RESULT: {"using":"xpath","value":"//*[@id=\"__button396\"]"}
COMMAND: POST /session/b0bce561eedd0ef2cd491e5795c56593/elements - {"using":"xpath","value":"//*[@id=\"__button396\"]"}
RESULT: {"using":"xpath","value":"//*[@id=\"__button396\"]"}
COMMAND: POST /session/b0bce561eedd0ef2cd491e5795c56593/elements - {"using":"xpath","value":"//*[@id=\"__button396\"]"}
RESULT: {"using":"xpath","value":"//*[@id=\"__button396\"]"}
COMMAND: POST /session/b0bce561eedd0ef2cd491e5795c56593/elements - {"using":"xpath","value":"//*[@id=\"__button396\"]"}
RESULT: {"using":"xpath","value":"//*[@id=\"__button396\"]"}
COMMAND: POST /session/b0bce561eedd0ef2cd491e5795c56593/elements - {"using":"xpath","value":"//*[@id=\"__button396\"]"}
RESULT: {"using":"xpath","value":"//*[@id=\"__button396\"]"}
COMMAND: POST /session/b0bce561eedd0ef2cd491e5795c56593/elements - {"using":"xpath","value":"//*[@id=\"__button396\"]"}
RESULT: {"using":"xpath","value":"//*[@id=\"__button396\"]"}
COMMAND: POST /session/b0bce561eedd0ef2cd491e5795c56593/elements - {"using":"xpath","value":"//*[@id=\"__button396\"]"}
RESULT: {"using":"xpath","value":"//*[@id=\"__button396\"]"}
COMMAND: POST /session/b0bce561eedd0ef2cd491e5795c56593/elements - {"using":"xpath","value":"//*[@id=\"__button396\"]"}
RESULT: {"using":"xpath","value":"//*[@id=\"__button396\"]"}
COMMAND: POST /session/b0bce561eedd0ef2cd491e5795c56593/elements - {"using":"xpath","value":"//*[@id=\"__button396\"]"}
RESULT: {"using":"xpath","value":"//*[@id=\"__button396\"]"}
COMMAND: POST /session/b0bce561eedd0ef2cd491e5795c56593/elements - {"using":"xpath","value":"//*[@id=\"__button396\"]"}
RESULT: {"using":"xpath","value":"//*[@id=\"__button396\"]"}
COMMAND: POST /session/b0bce561eedd0ef2cd491e5795c56593/elements - {"using":"xpath","value":"//*[@id=\"__button396\"]"}
RESULT: {"using":"xpath","value":"//*[@id=\"__button396\"]"}
COMMAND: POST /session/b0bce561eedd0ef2cd491e5795c56593/elements - {"using":"xpath","value":"//*[@id=\"__button396\"]"}
RESULT: {"using":"xpath","value":"//*[@id=\"__button396\"]"}
COMMAND: POST /session/b0bce561eedd0ef2cd491e5795c56593/elements - {"using":"xpath","value":"//*[@id=\"__button396\"]"}
RESULT: {"using":"xpath","value":"//*[@id=\"__button396\"]"}
COMMAND: POST /session/b0bce561eedd0ef2cd491e5795c56593/elements - {"using":"xpath","value":"//*[@id=\"__button396\"]"}
RESULT: {"using":"xpath","value":"//*[@id=\"__button396\"]"}
COMMAND: POST /session/b0bce561eedd0ef2cd491e5795c56593/elements - {"using":"xpath","value":"//*[@id=\"__button396\"]"}
RESULT: {"using":"xpath","value":"//*[@id=\"__button396\"]"}
COMMAND: POST /session/b0bce561eedd0ef2cd491e5795c56593/elements - {"using":"xpath","value":"//*[@id=\"__button396\"]"}
RESULT: {"using":"xpath","value":"//*[@id=\"__button396\"]"}
COMMAND: POST /session/b0bce561eedd0ef2cd491e5795c56593/elements - {"using":"xpath","value":"//*[@id=\"__button396\"]"}
RESULT: {"using":"xpath","value":"//*[@id=\"__button396\"]"}
COMMAND: POST /session/b0bce561eedd0ef2cd491e5795c56593/elements - {"using":"xpath","value":"//*[@id=\"__button396\"]"}
RESULT: {"using":"xpath","value":"//*[@id=\"__button396\"]"}
COMMAND: POST /session/b0bce561eedd0ef2cd491e5795c56593/elements - {"using":"xpath","value":"//*[@id=\"__button396\"]"}
RESULT: {"using":"xpath","value":"//*[@id=\"__button396\"]"}
COMMAND: POST /session/b0bce561eedd0ef2cd491e5795c56593/elements - {"using":"xpath","value":"//*[@id=\"__button396\"]"}
RESULT: {"using":"xpath","value":"//*[@id=\"__button396\"]"}
COMMAND: POST /session/b0bce561eedd0ef2cd491e5795c56593/elements - {"using":"xpath","value":"//*[@id=\"__button396\"]"}
RESULT: {"using":"xpath","value":"//*[@id=\"__button396\"]"}
COMMAND: POST /session/b0bce561eedd0ef2cd491e5795c56593/elements - {"using":"xpath","value":"//*[@id=\"__button396\"]"}
RESULT: {"using":"xpath","value":"//*[@id=\"__button396\"]"}
COMMAND: POST /session/b0bce561eedd0ef2cd491e5795c56593/elements - {"using":"xpath","value":"//*[@id=\"__button396\"]"}
RESULT: {"using":"xpath","value":"//*[@id=\"__button396\"]"}
COMMAND: POST /session/b0bce561eedd0ef2cd491e5795c56593/elements - {"using":"xpath","value":"//*[@id=\"__button396\"]"}
RESULT: {"using":"xpath","value":"//*[@id=\"__button396\"]"}
COMMAND: POST /session/b0bce561eedd0ef2cd491e5795c56593/elements - {"using":"xpath","value":"//*[@id=\"__button396\"]"}
RESULT: {"using":"xpath","value":"//*[@id=\"__button396\"]"}
COMMAND: POST /session/b0bce561eedd0ef2cd491e5795c56593/elements - {"using":"xpath","value":"//*[@id=\"__button396\"]"}
RESULT: {"using":"xpath","value":"//*[@id=\"__button396\"]"}
COMMAND: POST /session/b0bce561eedd0ef2cd491e5795c56593/elements - {"using":"xpath","value":"//*[@id=\"__button396\"]"}
RESULT: {"using":"xpath","value":"//*[@id=\"__button396\"]"}
COMMAND: POST /session/b0bce561eedd0ef2cd491e5795c56593/elements - {"using":"xpath","value":"//*[@id=\"__button396\"]"}
RESULT: {"using":"xpath","value":"//*[@id=\"__button396\"]"}
COMMAND: POST /session/b0bce561eedd0ef2cd491e5795c56593/elements - {"using":"xpath","value":"//*[@id=\"__button396\"]"}
RESULT: {"using":"xpath","value":"//*[@id=\"__button396\"]"}
COMMAND: POST /session/b0bce561eedd0ef2cd491e5795c56593/elements - {"using":"xpath","value":"//*[@id=\"__button396\"]"}
RESULT: {"using":"xpath","value":"//*[@id=\"__button396\"]"}
COMMAND: POST /session/b0bce561eedd0ef2cd491e5795c56593/elements - {"using":"xpath","value":"//*[@id=\"__button396\"]"}
RESULT: {"using":"xpath","value":"//*[@id=\"__button396\"]"}
COMMAND: POST /session/b0bce561eedd0ef2cd491e5795c56593/elements - {"using":"xpath","value":"//*[@id=\"__button396\"]"}
RESULT: {"using":"xpath","value":"//*[@id=\"__button396\"]"}
COMMAND: POST /session/b0bce561eedd0ef2cd491e5795c56593/elements - {"using":"xpath","value":"//*[@id=\"__button396\"]"}
RESULT: {"using":"xpath","value":"//*[@id=\"__button396\"]"}
COMMAND: POST /session/b0bce561eedd0ef2cd491e5795c56593/elements - {"using":"xpath","value":"//*[@id=\"__button396\"]"}
RESULT: {"using":"xpath","value":"//*[@id=\"__button396\"]"}
COMMAND: POST /session/b0bce561eedd0ef2cd491e5795c56593/elements - {"using":"xpath","value":"//*[@id=\"__button396\"]"}
RESULT: {"using":"xpath","value":"//*[@id=\"__button396\"]"}
COMMAND: POST /session/b0bce561eedd0ef2cd491e5795c56593/elements - {"using":"xpath","value":"//*[@id=\"__button396\"]"}
RESULT: {"using":"xpath","value":"//*[@id=\"__button396\"]"}
COMMAND: POST /session/b0bce561eedd0ef2cd491e5795c56593/elements - {"using":"xpath","value":"//*[@id=\"__button396\"]"}
RESULT: {"using":"xpath","value":"//*[@id=\"__button396\"]"}
COMMAND: POST /session/b0bce561eedd0ef2cd491e5795c56593/elements - {"using":"xpath","value":"//*[@id=\"__button396\"]"}
RESULT: {"using":"xpath","value":"//*[@id=\"__button396\"]"}
COMMAND: POST /session/b0bce561eedd0ef2cd491e5795c56593/elements - {"using":"xpath","value":"//*[@id=\"__button396\"]"}
RESULT: {"using":"xpath","value":"//*[@id=\"__button396\"]"}
COMMAND: POST /session/b0bce561eedd0ef2cd491e5795c56593/elements - {"using":"xpath","value":"//*[@id=\"__button396\"]"}
RESULT: {"using":"xpath","value":"//*[@id=\"__button396\"]"}
COMMAND: POST /session/b0bce561eedd0ef2cd491e5795c56593/elements - {"using":"xpath","value":"//*[@id=\"__button396\"]"}
RESULT: {"using":"xpath","value":"//*[@id=\"__button396\"]"}
COMMAND: POST /session/b0bce561eedd0ef2cd491e5795c56593/elements - {"using":"xpath","value":"//*[@id=\"__button396\"]"}
RESULT: {"using":"xpath","value":"//*[@id=\"__button396\"]"}
COMMAND: POST /session/b0bce561eedd0ef2cd491e5795c56593/elements - {"using":"xpath","value":"//*[@id=\"__button396\"]"}
RESULT: {"using":"xpath","value":"//*[@id=\"__button396\"]"}
COMMAND: POST /session/b0bce561eedd0ef2cd491e5795c56593/elements - {"using":"xpath","value":"//*[@id=\"__button396\"]"}
RESULT: {"using":"xpath","value":"//*[@id=\"__button396\"]"}
COMMAND: POST /session/b0bce561eedd0ef2cd491e5795c56593/elements - {"using":"xpath","value":"//*[@id=\"__button396\"]"}
RESULT: {"using":"xpath","value":"//*[@id=\"__button396\"]"}
COMMAND: POST /session/b0bce561eedd0ef2cd491e5795c56593/elements - {"using":"xpath","value":"//*[@id=\"__button396\"]"}
RESULT: {"using":"xpath","value":"//*[@id=\"__button396\"]"}
COMMAND: POST /session/b0bce561eedd0ef2cd491e5795c56593/elements - {"using":"xpath","value":"//*[@id=\"__button396\"]"}
RESULT: {"using":"xpath","value":"//*[@id=\"__button396\"]"}
COMMAND: POST /session/b0bce561eedd0ef2cd491e5795c56593/elements - {"using":"xpath","value":"//*[@id=\"__button396\"]"}
RESULT: {"using":"xpath","value":"//*[@id=\"__button396\"]"}
COMMAND: POST /session/b0bce561eedd0ef2cd491e5795c56593/elements - {"using":"xpath","value":"//*[@id=\"__button396\"]"}
RESULT: {"using":"xpath","value":"//*[@id=\"__button396\"]"}
COMMAND: POST /session/b0bce561eedd0ef2cd491e5795c56593/elements - {"using":"xpath","value":"//*[@id=\"__button396\"]"}
RESULT: {"using":"xpath","value":"//*[@id=\"__button396\"]"}
COMMAND: POST /session/b0bce561eedd0ef2cd491e5795c56593/elements - {"using":"xpath","value":"//*[@id=\"__button396\"]"}
RESULT: {"using":"xpath","value":"//*[@id=\"__button396\"]"}
COMMAND: POST /session/b0bce561eedd0ef2cd491e5795c56593/elements - {"using":"xpath","value":"//*[@id=\"__button396\"]"}
RESULT: {"using":"xpath","value":"//*[@id=\"__button396\"]"}
COMMAND: POST /session/b0bce561eedd0ef2cd491e5795c56593/elements - {"using":"xpath","value":"//*[@id=\"__button396\"]"}
RESULT: {"using":"xpath","value":"//*[@id=\"__button396\"]"}
COMMAND: POST /session/b0bce561eedd0ef2cd491e5795c56593/elements - {"using":"xpath","value":"//*[@id=\"__button396\"]"}
RESULT: {"using":"xpath","value":"//*[@id=\"__button396\"]"}
COMMAND: POST /session/b0bce561eedd0ef2cd491e5795c56593/elements - {"using":"xpath","value":"//*[@id=\"__button396\"]"}
RESULT: {"using":"xpath","value":"//*[@id=\"__button396\"]"}
COMMAND: POST /session/b0bce561eedd0ef2cd491e5795c56593/elements - {"using":"xpath","value":"//*[@id=\"__button396\"]"}
RESULT: {"using":"xpath","value":"//*[@id=\"__button396\"]"}
COMMAND: POST /session/b0bce561eedd0ef2cd491e5795c56593/elements - {"using":"xpath","value":"//*[@id=\"__button396\"]"}
RESULT: {"using":"xpath","value":"//*[@id=\"__button396\"]"}
COMMAND: POST /session/b0bce561eedd0ef2cd491e5795c56593/elements - {"using":"xpath","value":"//*[@id=\"__button396\"]"}
RESULT: {"using":"xpath","value":"//*[@id=\"__button396\"]"}
COMMAND: POST /session/b0bce561eedd0ef2cd491e5795c56593/elements - {"using":"xpath","value":"//*[@id=\"__button396\"]"}
RESULT: {"using":"xpath","value":"//*[@id=\"__button396\"]"}
COMMAND: POST /session/b0bce561eedd0ef2cd491e5795c56593/elements - {"using":"xpath","value":"//*[@id=\"__button396\"]"}
RESULT: {"using":"xpath","value":"//*[@id=\"__button396\"]"}
COMMAND: POST /session/b0bce561eedd0ef2cd491e5795c56593/elements - {"using":"xpath","value":"//*[@id=\"__button396\"]"}
RESULT: {"using":"xpath","value":"//*[@id=\"__button396\"]"}
COMMAND: POST /session/b0bce561eedd0ef2cd491e5795c56593/elements - {"using":"xpath","value":"//*[@id=\"__button396\"]"}
RESULT: {"using":"xpath","value":"//*[@id=\"__button396\"]"}
COMMAND: POST /session/b0bce561eedd0ef2cd491e5795c56593/elements - {"using":"xpath","value":"//*[@id=\"__button396\"]"}
RESULT: {"using":"xpath","value":"//*[@id=\"__button396\"]"}
COMMAND: POST /session/b0bce561eedd0ef2cd491e5795c56593/element - {"using":"css selector","value":"#shell-header-logo"}
RESULT: {"using":"css selector","value":"#shell-header-logo"}
COMMAND: POST /session/b0bce561eedd0ef2cd491e5795c56593/execute/sync - {"script":"<script> [8489 bytes]","args":[{"element-6066-11e4-a52e-4f735466cecf":"f.633F000A9FA1F61B5279087A5498CC04.d.FFAC30E04104E7081B981963A3044CAC.e.18084","ELEMENT":"f.633F000A9FA1F61B5279087A5498CC04.d.FFAC30E04104E7081B981963A3044CAC.e.18084"}]}
RESULT: {"script":"<script> [8489 bytes]","args":[{"element-6066-11e4-a52e-4f735466cecf":"f.633F000A9FA1F61B5279087A5498CC04.d.FFAC30E04104E7081B981963A3044CAC.e.18084","ELEMENT":"f.633F000A9FA1F61B5279087A5498CC04.d.FFAC30E04104E7081B981963A3044CAC.e.18084"}]}
COMMAND: POST /session/b0bce561eedd0ef2cd491e5795c56593/execute/sync - {"script":"<script> [5351 bytes]","args":[{"element-6066-11e4-a52e-4f735466cecf":"f.633F000A9FA1F61B5279087A5498CC04.d.FFAC30E04104E7081B981963A3044CAC.e.18084","ELEMENT":"f.633F000A9FA1F61B5279087A5498CC04.d.FFAC30E04104E7081B981963A3044CAC.e.18084"}]}
COMMAND: GET /session/b0bce561eedd0ef2cd491e5795c56593/screenshot - {}
RESULT: {"script":"<script> [5351 bytes]","args":[{"element-6066-11e4-a52e-4f735466cecf":"f.633F000A9FA1F61B5279087A5498CC04.d.FFAC30E04104E7081B981963A3044CAC.e.18084","ELEMENT":"f.633F000A9FA1F61B5279087A5498CC04.d.FFAC30E04104E7081B981963A3044CAC.e.18084"}]}
COMMAND: POST /session/b0bce561eedd0ef2cd491e5795c56593/element/f.633F000A9FA1F61B5279087A5498CC04.d.FFAC30E04104E7081B981963A3044CAC.e.18084/click - {}
COMMAND: GET /session/b0bce561eedd0ef2cd491e5795c56593/screenshot - {}
RESULT: {}
RESULT: {}
]]></system-out>
    </testcase>
    <testcase classname="chrome.135_0_7049_42.windows.Performance_based_billing_(work_days)_US139742" name="Should go to Manage Billings and trigger calculation check the conditions applied" time="68.099">
      <system-out><![CDATA[
COMMAND: POST /session/b0bce561eedd0ef2cd491e5795c56593/execute/async - {"script":"<script> [1562 bytes]","args":[{"selector":{"controlType":"sap.m.GenericTile","properties":{"header":"Manage Billings"}},"wdio_ui5_key":"sapm.GenericTile{\"header\":\"Manage Billings\"}"}]}
COMMAND: GET /session/b0bce561eedd0ef2cd491e5795c56593/screenshot - {}
RESULT: {}
RESULT: {"script":"<script> [1562 bytes]","args":[{"selector":{"controlType":"sap.m.GenericTile","properties":{"header":"Manage Billings"}},"wdio_ui5_key":"sapm.GenericTile{\"header\":\"Manage Billings\"}"}]}
RESULT: undefined
COMMAND: POST /session/b0bce561eedd0ef2cd491e5795c56593/element - {"using":"xpath","value":"//*[@id=\"__tile51\"]"}
RESULT: {}
RESULT: {"using":"xpath","value":"//*[@id=\"__tile51\"]"}
COMMAND: POST /session/b0bce561eedd0ef2cd491e5795c56593/element/f.633F000A9FA1F61B5279087A5498CC04.d.FFAC30E04104E7081B981963A3044CAC.e.14316/click - {}
RESULT: {}
COMMAND: GET /session/b0bce561eedd0ef2cd491e5795c56593/screenshot - {}
RESULT: {}
COMMAND: POST /session/b0bce561eedd0ef2cd491e5795c56593/execute/async - {"script":"<script> [1562 bytes]","args":[{"selector":{"id":"application-managebillings-display-component---billRunCalcResult--smartFilterBar-btnBasicSearch","interaction":{"idSuffix":"I"}},"wdio_ui5_key":"applicationmanagebillings-display-component---billRunCalcResult--smartFilterBar-btnBasicSearch"}]}
RESULT: {"script":"<script> [1562 bytes]","args":[{"selector":{"id":"application-managebillings-display-component---billRunCalcResult--smartFilterBar-btnBasicSearch","interaction":{"idSuffix":"I"}},"wdio_ui5_key":"applicationmanagebillings-display-component---billRunCalcResult--smartFilterBar-btnBasicSearch"}]}
RESULT: undefined
COMMAND: POST /session/b0bce561eedd0ef2cd491e5795c56593/execute/async - {"script":"<script> [776 bytes]","args":[{"enterText":"10501","selector":{"id":"application-managebillings-display-component---billRunCalcResult--smartFilterBar-btnBasicSearch","interaction":{"idSuffix":"I"}},"clearTextFirst":true,"interactionType":"ENTER_TEXT"}]}
RESULT: {"script":"<script> [776 bytes]","args":[{"enterText":"10501","selector":{"id":"application-managebillings-display-component---billRunCalcResult--smartFilterBar-btnBasicSearch","interaction":{"idSuffix":"I"}},"clearTextFirst":true,"interactionType":"ENTER_TEXT"}]}
COMMAND: POST /session/b0bce561eedd0ef2cd491e5795c56593/actions - {"actions":[{"id":"action62","type":"key","parameters":{},"actions":[{"type":"keyDown","value":""},{"type":"pause","duration":10},{"type":"keyUp","value":""}]}]}
RESULT: {"actions":[{"id":"action62","type":"key","parameters":{},"actions":[{"type":"keyDown","value":""},{"type":"pause","duration":10},{"type":"keyUp","value":""}]}]}
COMMAND: GET /session/b0bce561eedd0ef2cd491e5795c56593/screenshot - {}
RESULT: {}
COMMAND: POST /session/b0bce561eedd0ef2cd491e5795c56593/element - {"using":"xpath","value":"//td[@aria-colindex=\"1\"]/div/div[contains(@class, \"sapMCbBg\")]"}
RESULT: {"using":"xpath","value":"//td[@aria-colindex=\"1\"]/div/div[contains(@class, \"sapMCbBg\")]"}
COMMAND: POST /session/b0bce561eedd0ef2cd491e5795c56593/element/f.633F000A9FA1F61B5279087A5498CC04.d.FFAC30E04104E7081B981963A3044CAC.e.18490/click - {}
RESULT: {}
COMMAND: GET /session/b0bce561eedd0ef2cd491e5795c56593/screenshot - {}
RESULT: {}
COMMAND: POST /session/b0bce561eedd0ef2cd491e5795c56593/execute/async - {"script":"<script> [1562 bytes]","args":[{"selector":{"id":"application-managebillings-display-component---billRunCalcResult--contractBillRunDate","interaction":{"idSuffix":"inner"}},"wdio_ui5_key":"applicationmanagebillings-display-component---billRunCalcResult--contractBillRunDate"}]}
RESULT: {"script":"<script> [1562 bytes]","args":[{"selector":{"id":"application-managebillings-display-component---billRunCalcResult--contractBillRunDate","interaction":{"idSuffix":"inner"}},"wdio_ui5_key":"applicationmanagebillings-display-component---billRunCalcResult--contractBillRunDate"}]}
RESULT: undefined
COMMAND: POST /session/b0bce561eedd0ef2cd491e5795c56593/execute/async - {"script":"<script> [776 bytes]","args":[{"enterText":"05/20/25","selector":{"id":"application-managebillings-display-component---billRunCalcResult--contractBillRunDate","interaction":{"idSuffix":"inner"}},"clearTextFirst":true,"interactionType":"ENTER_TEXT"}]}
RESULT: {"script":"<script> [776 bytes]","args":[{"enterText":"05/20/25","selector":{"id":"application-managebillings-display-component---billRunCalcResult--contractBillRunDate","interaction":{"idSuffix":"inner"}},"clearTextFirst":true,"interactionType":"ENTER_TEXT"}]}
COMMAND: POST /session/b0bce561eedd0ef2cd491e5795c56593/element - {"using":"xpath","value":"//bdi[contains(text(), \"Trigger Calculation\")]"}
RESULT: {"using":"xpath","value":"//bdi[contains(text(), \"Trigger Calculation\")]"}
COMMAND: POST /session/b0bce561eedd0ef2cd491e5795c56593/element/f.633F000A9FA1F61B5279087A5498CC04.d.FFAC30E04104E7081B981963A3044CAC.e.18541/click - {}
RESULT: {}
COMMAND: GET /session/b0bce561eedd0ef2cd491e5795c56593/screenshot - {}
RESULT: {}
COMMAND: POST /session/b0bce561eedd0ef2cd491e5795c56593/element - {"using":"xpath","value":"(//span[contains(@id, \"imgNav\")])[1]"}
RESULT: {"using":"xpath","value":"(//span[contains(@id, \"imgNav\")])[1]"}
COMMAND: POST /session/b0bce561eedd0ef2cd491e5795c56593/element/f.633F000A9FA1F61B5279087A5498CC04.d.FFAC30E04104E7081B981963A3044CAC.e.18491/click - {}
RESULT: {}
COMMAND: GET /session/b0bce561eedd0ef2cd491e5795c56593/screenshot - {}
RESULT: {}
COMMAND: POST /session/b0bce561eedd0ef2cd491e5795c56593/element - {"using":"xpath","value":"//tr/td[6]/div[1]/span[1]/span[1]"}
RESULT: {"using":"xpath","value":"//tr/td[6]/div[1]/span[1]/span[1]"}
COMMAND: GET /session/b0bce561eedd0ef2cd491e5795c56593/element/f.633F000A9FA1F61B5279087A5498CC04.d.FFAC30E04104E7081B981963A3044CAC.e.18546/text - {}
RESULT: {}
COMMAND: POST /session/b0bce561eedd0ef2cd491e5795c56593/element - {"using":"xpath","value":"(//span[contains(@id, \"imgNav\")])[2]"}
RESULT: {"using":"xpath","value":"(//span[contains(@id, \"imgNav\")])[2]"}
COMMAND: POST /session/b0bce561eedd0ef2cd491e5795c56593/element/f.633F000A9FA1F61B5279087A5498CC04.d.FFAC30E04104E7081B981963A3044CAC.e.18547/click - {}
RESULT: {}
COMMAND: POST /session/b0bce561eedd0ef2cd491e5795c56593/element - {"using":"xpath","value":"//bdi[contains(text(), \"Business Confirm\")]"}
COMMAND: GET /session/b0bce561eedd0ef2cd491e5795c56593/screenshot - {}
RESULT: {"using":"xpath","value":"//bdi[contains(text(), \"Business Confirm\")]"}
COMMAND: POST /session/b0bce561eedd0ef2cd491e5795c56593/elements - {"using":"xpath","value":"//bdi[contains(text(), \"Business Confirm\")]"}
RESULT: {}
RESULT: {"using":"xpath","value":"//bdi[contains(text(), \"Business Confirm\")]"}
COMMAND: POST /session/b0bce561eedd0ef2cd491e5795c56593/element - {"using":"xpath","value":"//bdi[contains(text(), \"Business Confirm\")]"}
RESULT: {"using":"xpath","value":"//bdi[contains(text(), \"Business Confirm\")]"}
COMMAND: POST /session/b0bce561eedd0ef2cd491e5795c56593/element/f.633F000A9FA1F61B5279087A5498CC04.d.FFAC30E04104E7081B981963A3044CAC.e.18550/click - {}
COMMAND: POST /session/b0bce561eedd0ef2cd491e5795c56593/element - {"using":"xpath","value":"//bdi[contains(text(), \"Business Confirm\")]"}
RESULT: {"using":"xpath","value":"//bdi[contains(text(), \"Business Confirm\")]"}
COMMAND: POST /session/b0bce561eedd0ef2cd491e5795c56593/element/f.633F000A9FA1F61B5279087A5498CC04.d.FFAC30E04104E7081B981963A3044CAC.e.18550/click - {}
COMMAND: POST /session/b0bce561eedd0ef2cd491e5795c56593/element - {"using":"xpath","value":"//bdi[contains(text(), \"Business Confirm\")]"}
RESULT: {"using":"xpath","value":"//bdi[contains(text(), \"Business Confirm\")]"}
COMMAND: POST /session/b0bce561eedd0ef2cd491e5795c56593/element/f.633F000A9FA1F61B5279087A5498CC04.d.FFAC30E04104E7081B981963A3044CAC.e.18603/click - {}
RESULT: {}
COMMAND: POST /session/b0bce561eedd0ef2cd491e5795c56593/element - {"using":"css selector","value":"#shell-header-logo"}
COMMAND: GET /session/b0bce561eedd0ef2cd491e5795c56593/screenshot - {}
RESULT: {"using":"css selector","value":"#shell-header-logo"}
COMMAND: POST /session/b0bce561eedd0ef2cd491e5795c56593/element/f.633F000A9FA1F61B5279087A5498CC04.d.FFAC30E04104E7081B981963A3044CAC.e.18279/click - {}
RESULT: {}
RESULT: {}
COMMAND: GET /session/b0bce561eedd0ef2cd491e5795c56593/screenshot - {}
RESULT: {}
COMMAND: POST /session/b0bce561eedd0ef2cd491e5795c56593/element - {"using":"css selector","value":"#j_username"}
COMMAND: POST /session/b0bce561eedd0ef2cd491e5795c56593/url - {"url":"https://qa-testing-00-live-etm-ui.cfapps.eu10-004.hana.ondemand.com/"}
RESULT: {"using":"css selector","value":"#j_username"}
COMMAND: POST /session/b0bce561eedd0ef2cd491e5795c56593/element - {"using":"css selector","value":"#j_username"}
RESULT: {"url":"https://qa-testing-00-live-etm-ui.cfapps.eu10-004.hana.ondemand.com/"}
RESULT: undefined
COMMAND: GET /session/b0bce561eedd0ef2cd491e5795c56593/screenshot - {}
RESULT: {"using":"css selector","value":"#j_username"}
COMMAND: POST /session/b0bce561eedd0ef2cd491e5795c56593/element - {"using":"css selector","value":"#shell-header-logo"}
RESULT: {}
RESULT: {"using":"css selector","value":"#shell-header-logo"}
COMMAND: POST /session/b0bce561eedd0ef2cd491e5795c56593/execute/sync - {"script":"<script> [8489 bytes]","args":[{"element-6066-11e4-a52e-4f735466cecf":"f.633F000A9FA1F61B5279087A5498CC04.d.2DD731628AA090E09CE69FFE042A0BD6.e.18641","ELEMENT":"f.633F000A9FA1F61B5279087A5498CC04.d.2DD731628AA090E09CE69FFE042A0BD6.e.18641"}]}
RESULT: {"script":"<script> [8489 bytes]","args":[{"element-6066-11e4-a52e-4f735466cecf":"f.633F000A9FA1F61B5279087A5498CC04.d.2DD731628AA090E09CE69FFE042A0BD6.e.18641","ELEMENT":"f.633F000A9FA1F61B5279087A5498CC04.d.2DD731628AA090E09CE69FFE042A0BD6.e.18641"}]}
COMMAND: POST /session/b0bce561eedd0ef2cd491e5795c56593/element - {"using":"css selector","value":"#shell-header-logo"}
COMMAND: GET /session/b0bce561eedd0ef2cd491e5795c56593/screenshot - {}
RESULT: {"using":"css selector","value":"#shell-header-logo"}
COMMAND: POST /session/b0bce561eedd0ef2cd491e5795c56593/execute/sync - {"script":"<script> [8489 bytes]","args":[{"element-6066-11e4-a52e-4f735466cecf":"f.633F000A9FA1F61B5279087A5498CC04.d.2DD731628AA090E09CE69FFE042A0BD6.e.18641","ELEMENT":"f.633F000A9FA1F61B5279087A5498CC04.d.2DD731628AA090E09CE69FFE042A0BD6.e.18641"}]}
RESULT: {}
RESULT: {"script":"<script> [8489 bytes]","args":[{"element-6066-11e4-a52e-4f735466cecf":"f.633F000A9FA1F61B5279087A5498CC04.d.2DD731628AA090E09CE69FFE042A0BD6.e.18641","ELEMENT":"f.633F000A9FA1F61B5279087A5498CC04.d.2DD731628AA090E09CE69FFE042A0BD6.e.18641"}]}
COMMAND: POST /session/b0bce561eedd0ef2cd491e5795c56593/execute/sync - {"script":"<script> [5351 bytes]","args":[{"element-6066-11e4-a52e-4f735466cecf":"f.633F000A9FA1F61B5279087A5498CC04.d.2DD731628AA090E09CE69FFE042A0BD6.e.18641","ELEMENT":"f.633F000A9FA1F61B5279087A5498CC04.d.2DD731628AA090E09CE69FFE042A0BD6.e.18641"}]}
COMMAND: GET /session/b0bce561eedd0ef2cd491e5795c56593/screenshot - {}
RESULT: {"script":"<script> [5351 bytes]","args":[{"element-6066-11e4-a52e-4f735466cecf":"f.633F000A9FA1F61B5279087A5498CC04.d.2DD731628AA090E09CE69FFE042A0BD6.e.18641","ELEMENT":"f.633F000A9FA1F61B5279087A5498CC04.d.2DD731628AA090E09CE69FFE042A0BD6.e.18641"}]}
COMMAND: POST /session/b0bce561eedd0ef2cd491e5795c56593/element - {"using":"css selector","value":"#shell-header-logo"}
COMMAND: GET /session/b0bce561eedd0ef2cd491e5795c56593/screenshot - {}
RESULT: {}
RESULT: {"using":"css selector","value":"#shell-header-logo"}
COMMAND: POST /session/b0bce561eedd0ef2cd491e5795c56593/element/f.633F000A9FA1F61B5279087A5498CC04.d.2DD731628AA090E09CE69FFE042A0BD6.e.18641/click - {}
RESULT: {}
RESULT: {}
COMMAND: GET /session/b0bce561eedd0ef2cd491e5795c56593/screenshot - {}
RESULT: {}
COMMAND: POST /session/b0bce561eedd0ef2cd491e5795c56593/execute/async - {"script":"<script> [189 bytes]","args":[]}
RESULT: {"script":"<script> [189 bytes]","args":[]}
COMMAND: POST /session/b0bce561eedd0ef2cd491e5795c56593/execute/async - {"script":"<script> [123 bytes]","args":[]}
RESULT: {"script":"<script> [123 bytes]","args":[]}
COMMAND: POST /session/b0bce561eedd0ef2cd491e5795c56593/timeouts - {"script":"<number>"}
RESULT: {"script":"<number>"}
COMMAND: GET /session/b0bce561eedd0ef2cd491e5795c56593/timeouts - {}
RESULT: {}
RESULT: undefined
COMMAND: POST /session/b0bce561eedd0ef2cd491e5795c56593/execute/async - {"script":"<script> [2676 bytes]","args":[]}
RESULT: {"script":"<script> [2676 bytes]","args":[]}
COMMAND: POST /session/b0bce561eedd0ef2cd491e5795c56593/execute/async - {"script":"<script> [2342 bytes]","args":[{"protocol":"http","hostname":"0.0.0.0","path":"/","capabilities":{"browserName":"chrome","goog:chromeOptions":{"binary":"C:\\Program Files\\Google\\Chrome\\Application\\chrome.exe","args":["--start-maximized"]}},"logLevel":"warn","connectionRetryTimeout":120000,"connectionRetryCount":3,"logLevels":{},"enableDirectConnect":true,"strictSSL":true,"_":"65 more keys: [\"cacheDir\",\"port\",\"requestedCapabilities\",\"automationProtocol\",\"baseUrl\",\"waitforInterval\",\"waitforTimeout\",\"onReload\",\"beforeCommand\",\"afterCommand\",\"rootDir\",\"specs\",\"suites\",\"exclude\",\"groupLogsByTestSpec\",\"excludeDriverLogs\",\"bail\",\"framework\",\"reporters\",\"services\",\"maxInstances\",\"maxInstancesPerCapability\",\"injectGlobals\",\"filesToWatch\",\"execArgv\",\"runnerEnv\",\"runner\",\"shard\",\"specFileRetries\",\"specFileRetriesDelay\",\"specFileRetriesDeferred\",\"reporterSyncInterval\",\"reporterSyncTimeout\",\"cucumberFeaturesWithLineNumbers\",\"autoCompileOpts\",\"mochaOpts\",\"jasmineOpts\",\"cucumberOpts\",\"onPrepare\",\"onWorkerStart\",\"onWorkerEnd\",\"before\",\"beforeSession\",\"beforeSuite\",\"beforeHook\",\"beforeTest\",\"afterTest\",\"afterHook\",\"afterSuite\",\"afterSession\",\"after\",\"onComplete\",\"beforeAssertion\",\"afterAssertion\",\"beforeFeature\",\"beforeScenario\",\"beforeStep\",\"afterStep\",\"afterScenario\",\"afterFeature\",\"_\",\"suite\",\"$0\",\"ignoredWorkerServices\",\"wdi5\"]"}]}
RESULT: {"script":"<script> [2342 bytes]","args":[{"protocol":"http","hostname":"0.0.0.0","path":"/","capabilities":{"browserName":"chrome","goog:chromeOptions":{"binary":"C:\\Program Files\\Google\\Chrome\\Application\\chrome.exe","args":["--start-maximized"]}},"logLevel":"warn","connectionRetryTimeout":120000,"connectionRetryCount":3,"logLevels":{},"enableDirectConnect":true,"strictSSL":true,"_":"65 more keys: [\"cacheDir\",\"port\",\"requestedCapabilities\",\"automationProtocol\",\"baseUrl\",\"waitforInterval\",\"waitforTimeout\",\"onReload\",\"beforeCommand\",\"afterCommand\",\"rootDir\",\"specs\",\"suites\",\"exclude\",\"groupLogsByTestSpec\",\"excludeDriverLogs\",\"bail\",\"framework\",\"reporters\",\"services\",\"maxInstances\",\"maxInstancesPerCapability\",\"injectGlobals\",\"filesToWatch\",\"execArgv\",\"runnerEnv\",\"runner\",\"shard\",\"specFileRetries\",\"specFileRetriesDelay\",\"specFileRetriesDeferred\",\"reporterSyncInterval\",\"reporterSyncTimeout\",\"cucumberFeaturesWithLineNumbers\",\"autoCompileOpts\",\"mochaOpts\",\"jasmineOpts\",\"cucumberOpts\",\"onPrepare\",\"onWorkerStart\",\"onWorkerEnd\",\"before\",\"beforeSession\",\"beforeSuite\",\"beforeHook\",\"beforeTest\",\"afterTest\",\"afterHook\",\"afterSuite\",\"afterSession\",\"after\",\"onComplete\",\"beforeAssertion\",\"afterAssertion\",\"beforeFeature\",\"beforeScenario\",\"beforeStep\",\"afterStep\",\"afterScenario\",\"afterFeature\",\"_\",\"suite\",\"$0\",\"ignoredWorkerServices\",\"wdi5\"]"}]}
COMMAND: POST /session/b0bce561eedd0ef2cd491e5795c56593/execute/async - {"script":"<script> [21126 bytes]","args":[35000]}
RESULT: {"script":"<script> [21126 bytes]","args":[35000]}
COMMAND: POST /session/b0bce561eedd0ef2cd491e5795c56593/window/maximize - {}
RESULT: {}
COMMAND: POST /session/b0bce561eedd0ef2cd491e5795c56593/execute/async - {"script":"<script> [1562 bytes]","args":[{"selector":{"id":"shell-header","interaction":{"idSuffix":"icon"}},"wdio_ui5_key":"shellheader"}]}
COMMAND: GET /session/b0bce561eedd0ef2cd491e5795c56593/screenshot - {}
RESULT: {"script":"<script> [1562 bytes]","args":[{"selector":{"id":"shell-header","interaction":{"idSuffix":"icon"}},"wdio_ui5_key":"shellheader"}]}
RESULT: undefined
COMMAND: POST /session/b0bce561eedd0ef2cd491e5795c56593/refresh - {}
RESULT: {}
RESULT: {}
COMMAND: GET /session/b0bce561eedd0ef2cd491e5795c56593/screenshot - {}
RESULT: {}
COMMAND: POST /session/b0bce561eedd0ef2cd491e5795c56593/refresh - {}
RESULT: {}
COMMAND: GET /session/b0bce561eedd0ef2cd491e5795c56593/screenshot - {}
RESULT: {}
COMMAND: POST /session/b0bce561eedd0ef2cd491e5795c56593/window/fullscreen - {}
RESULT: {}
COMMAND: POST /session/b0bce561eedd0ef2cd491e5795c56593/execute/async - {"script":"<script> [189 bytes]","args":[]}
RESULT: {"script":"<script> [189 bytes]","args":[]}
COMMAND: POST /session/b0bce561eedd0ef2cd491e5795c56593/execute/async - {"script":"<script> [123 bytes]","args":[]}
RESULT: {"script":"<script> [123 bytes]","args":[]}
COMMAND: POST /session/b0bce561eedd0ef2cd491e5795c56593/timeouts - {"script":"<number>"}
RESULT: {"script":"<number>"}
COMMAND: GET /session/b0bce561eedd0ef2cd491e5795c56593/timeouts - {}
RESULT: {}
RESULT: undefined
COMMAND: POST /session/b0bce561eedd0ef2cd491e5795c56593/execute/async - {"script":"<script> [2676 bytes]","args":[]}
RESULT: {"script":"<script> [2676 bytes]","args":[]}
COMMAND: POST /session/b0bce561eedd0ef2cd491e5795c56593/execute/async - {"script":"<script> [2342 bytes]","args":[{"protocol":"http","hostname":"0.0.0.0","path":"/","capabilities":{"browserName":"chrome","goog:chromeOptions":{"binary":"C:\\Program Files\\Google\\Chrome\\Application\\chrome.exe","args":["--start-maximized"]}},"logLevel":"warn","connectionRetryTimeout":120000,"connectionRetryCount":3,"logLevels":{},"enableDirectConnect":true,"strictSSL":true,"_":"65 more keys: [\"cacheDir\",\"port\",\"requestedCapabilities\",\"automationProtocol\",\"baseUrl\",\"waitforInterval\",\"waitforTimeout\",\"onReload\",\"beforeCommand\",\"afterCommand\",\"rootDir\",\"specs\",\"suites\",\"exclude\",\"groupLogsByTestSpec\",\"excludeDriverLogs\",\"bail\",\"framework\",\"reporters\",\"services\",\"maxInstances\",\"maxInstancesPerCapability\",\"injectGlobals\",\"filesToWatch\",\"execArgv\",\"runnerEnv\",\"runner\",\"shard\",\"specFileRetries\",\"specFileRetriesDelay\",\"specFileRetriesDeferred\",\"reporterSyncInterval\",\"reporterSyncTimeout\",\"cucumberFeaturesWithLineNumbers\",\"autoCompileOpts\",\"mochaOpts\",\"jasmineOpts\",\"cucumberOpts\",\"onPrepare\",\"onWorkerStart\",\"onWorkerEnd\",\"before\",\"beforeSession\",\"beforeSuite\",\"beforeHook\",\"beforeTest\",\"afterTest\",\"afterHook\",\"afterSuite\",\"afterSession\",\"after\",\"onComplete\",\"beforeAssertion\",\"afterAssertion\",\"beforeFeature\",\"beforeScenario\",\"beforeStep\",\"afterStep\",\"afterScenario\",\"afterFeature\",\"_\",\"suite\",\"$0\",\"ignoredWorkerServices\",\"wdi5\"]"}]}
RESULT: {"script":"<script> [2342 bytes]","args":[{"protocol":"http","hostname":"0.0.0.0","path":"/","capabilities":{"browserName":"chrome","goog:chromeOptions":{"binary":"C:\\Program Files\\Google\\Chrome\\Application\\chrome.exe","args":["--start-maximized"]}},"logLevel":"warn","connectionRetryTimeout":120000,"connectionRetryCount":3,"logLevels":{},"enableDirectConnect":true,"strictSSL":true,"_":"65 more keys: [\"cacheDir\",\"port\",\"requestedCapabilities\",\"automationProtocol\",\"baseUrl\",\"waitforInterval\",\"waitforTimeout\",\"onReload\",\"beforeCommand\",\"afterCommand\",\"rootDir\",\"specs\",\"suites\",\"exclude\",\"groupLogsByTestSpec\",\"excludeDriverLogs\",\"bail\",\"framework\",\"reporters\",\"services\",\"maxInstances\",\"maxInstancesPerCapability\",\"injectGlobals\",\"filesToWatch\",\"execArgv\",\"runnerEnv\",\"runner\",\"shard\",\"specFileRetries\",\"specFileRetriesDelay\",\"specFileRetriesDeferred\",\"reporterSyncInterval\",\"reporterSyncTimeout\",\"cucumberFeaturesWithLineNumbers\",\"autoCompileOpts\",\"mochaOpts\",\"jasmineOpts\",\"cucumberOpts\",\"onPrepare\",\"onWorkerStart\",\"onWorkerEnd\",\"before\",\"beforeSession\",\"beforeSuite\",\"beforeHook\",\"beforeTest\",\"afterTest\",\"afterHook\",\"afterSuite\",\"afterSession\",\"after\",\"onComplete\",\"beforeAssertion\",\"afterAssertion\",\"beforeFeature\",\"beforeScenario\",\"beforeStep\",\"afterStep\",\"afterScenario\",\"afterFeature\",\"_\",\"suite\",\"$0\",\"ignoredWorkerServices\",\"wdi5\"]"}]}
COMMAND: POST /session/b0bce561eedd0ef2cd491e5795c56593/execute/async - {"script":"<script> [21126 bytes]","args":[35000]}
RESULT: {"script":"<script> [21126 bytes]","args":[35000]}
]]></system-out>
    </testcase>
  </testsuite>
  <testsuite timestamp="2025-04-20T18:02:32" time="1428.076" tests="20" failures="0" errors="0" skipped="0">
    <properties>
      <property name="specId" value="0"/>
      <property name="suiteName" value="Billing Calculation - Time based (considering transport times) US139738"/>
      <property name="capabilities" value="chrome.135_0_7049_42.windows"/>
      <property name="file" value="file:///D:/a/1/s/test/specs/BTS/billing-calculation-transp-times.spec.js"/>
    </properties>
    <testcase classname="chrome.135_0_7049_42.windows.Billing_Calculation_-_Time_based_(considering_transport_times)_US139738" name="Should create a new yard" time="0.031">
      <system-out><![CDATA[
COMMAND: POST /session/b0bce561eedd0ef2cd491e5795c56593/window/fullscreen - {}
RESULT: {}
]]></system-out>
    </testcase>
    <testcase classname="chrome.135_0_7049_42.windows.Billing_Calculation_-_Time_based_(considering_transport_times)_US139738" name="Should create a new partner" time="0.005"/>
    <testcase classname="chrome.135_0_7049_42.windows.Billing_Calculation_-_Time_based_(considering_transport_times)_US139738" name="Should create a new site" time="0.004"/>
    <testcase classname="chrome.135_0_7049_42.windows.Billing_Calculation_-_Time_based_(considering_transport_times)_US139738" name="Should create the 1st equipment" time="137.412">
      <system-out><![CDATA[
COMMAND: POST /session/b0bce561eedd0ef2cd491e5795c56593/execute/async - {"script":"<script> [1562 bytes]","args":[{"selector":{"controlType":"sap.m.GenericTile","properties":{"header":"Manage Resources"}},"wdio_ui5_key":"sapm.GenericTile{\"header\":\"Manage Resources\"}"}]}
RESULT: {"script":"<script> [1562 bytes]","args":[{"selector":{"controlType":"sap.m.GenericTile","properties":{"header":"Manage Resources"}},"wdio_ui5_key":"sapm.GenericTile{\"header\":\"Manage Resources\"}"}]}
RESULT: undefined
COMMAND: POST /session/b0bce561eedd0ef2cd491e5795c56593/element - {"using":"xpath","value":"//*[@id=\"__tile39\"]"}
RESULT: {"using":"xpath","value":"//*[@id=\"__tile39\"]"}
COMMAND: POST /session/b0bce561eedd0ef2cd491e5795c56593/element/f.633F000A9FA1F61B5279087A5498CC04.d.64C9DE686A3151ECFE1274D184687AB9.e.18794/click - {}
RESULT: {}
COMMAND: POST /session/b0bce561eedd0ef2cd491e5795c56593/element - {"using":"xpath","value":"//button[@data-kt=\"addNewRUOverflowToolbarButton\"]"}
COMMAND: GET /session/b0bce561eedd0ef2cd491e5795c56593/screenshot - {}
RESULT: {"using":"xpath","value":"//button[@data-kt=\"addNewRUOverflowToolbarButton\"]"}
COMMAND: POST /session/b0bce561eedd0ef2cd491e5795c56593/elements - {"using":"xpath","value":"//button[@data-kt=\"addNewRUOverflowToolbarButton\"]"}
RESULT: {}
RESULT: {"using":"xpath","value":"//button[@data-kt=\"addNewRUOverflowToolbarButton\"]"}
COMMAND: POST /session/b0bce561eedd0ef2cd491e5795c56593/elements - {"using":"xpath","value":"//button[@data-kt=\"addNewRUOverflowToolbarButton\"]"}
RESULT: {"using":"xpath","value":"//button[@data-kt=\"addNewRUOverflowToolbarButton\"]"}
COMMAND: POST /session/b0bce561eedd0ef2cd491e5795c56593/elements - {"using":"xpath","value":"//button[@data-kt=\"addNewRUOverflowToolbarButton\"]"}
RESULT: {"using":"xpath","value":"//button[@data-kt=\"addNewRUOverflowToolbarButton\"]"}
RESULT: undefined
COMMAND: POST /session/b0bce561eedd0ef2cd491e5795c56593/elements - {"using":"xpath","value":"//button[@data-kt=\"addNewRUOverflowToolbarButton\"]"}
RESULT: {"using":"xpath","value":"//button[@data-kt=\"addNewRUOverflowToolbarButton\"]"}
COMMAND: POST /session/b0bce561eedd0ef2cd491e5795c56593/elements - {"using":"xpath","value":"//button[@data-kt=\"addNewRUOverflowToolbarButton\"]"}
RESULT: {"using":"xpath","value":"//button[@data-kt=\"addNewRUOverflowToolbarButton\"]"}
COMMAND: POST /session/b0bce561eedd0ef2cd491e5795c56593/elements - {"using":"xpath","value":"//button[@data-kt=\"addNewRUOverflowToolbarButton\"]"}
RESULT: {"using":"xpath","value":"//button[@data-kt=\"addNewRUOverflowToolbarButton\"]"}
COMMAND: POST /session/b0bce561eedd0ef2cd491e5795c56593/elements - {"using":"xpath","value":"//button[@data-kt=\"addNewRUOverflowToolbarButton\"]"}
RESULT: {"using":"xpath","value":"//button[@data-kt=\"addNewRUOverflowToolbarButton\"]"}
COMMAND: POST /session/b0bce561eedd0ef2cd491e5795c56593/elements - {"using":"xpath","value":"//button[@data-kt=\"addNewRUOverflowToolbarButton\"]"}
RESULT: {"using":"xpath","value":"//button[@data-kt=\"addNewRUOverflowToolbarButton\"]"}
COMMAND: POST /session/b0bce561eedd0ef2cd491e5795c56593/elements - {"using":"xpath","value":"//button[@data-kt=\"addNewRUOverflowToolbarButton\"]"}
RESULT: {"using":"xpath","value":"//button[@data-kt=\"addNewRUOverflowToolbarButton\"]"}
COMMAND: POST /session/b0bce561eedd0ef2cd491e5795c56593/elements - {"using":"xpath","value":"//button[@data-kt=\"addNewRUOverflowToolbarButton\"]"}
RESULT: {"using":"xpath","value":"//button[@data-kt=\"addNewRUOverflowToolbarButton\"]"}
COMMAND: POST /session/b0bce561eedd0ef2cd491e5795c56593/elements - {"using":"xpath","value":"//button[@data-kt=\"addNewRUOverflowToolbarButton\"]"}
RESULT: {"using":"xpath","value":"//button[@data-kt=\"addNewRUOverflowToolbarButton\"]"}
COMMAND: POST /session/b0bce561eedd0ef2cd491e5795c56593/elements - {"using":"xpath","value":"//button[@data-kt=\"addNewRUOverflowToolbarButton\"]"}
RESULT: {"using":"xpath","value":"//button[@data-kt=\"addNewRUOverflowToolbarButton\"]"}
COMMAND: POST /session/b0bce561eedd0ef2cd491e5795c56593/elements - {"using":"xpath","value":"//button[@data-kt=\"addNewRUOverflowToolbarButton\"]"}
RESULT: {"using":"xpath","value":"//button[@data-kt=\"addNewRUOverflowToolbarButton\"]"}
COMMAND: POST /session/b0bce561eedd0ef2cd491e5795c56593/elements - {"using":"xpath","value":"//button[@data-kt=\"addNewRUOverflowToolbarButton\"]"}
RESULT: {"using":"xpath","value":"//button[@data-kt=\"addNewRUOverflowToolbarButton\"]"}
COMMAND: POST /session/b0bce561eedd0ef2cd491e5795c56593/elements - {"using":"xpath","value":"//button[@data-kt=\"addNewRUOverflowToolbarButton\"]"}
RESULT: {"using":"xpath","value":"//button[@data-kt=\"addNewRUOverflowToolbarButton\"]"}
COMMAND: POST /session/b0bce561eedd0ef2cd491e5795c56593/elements - {"using":"xpath","value":"//button[@data-kt=\"addNewRUOverflowToolbarButton\"]"}
RESULT: {"using":"xpath","value":"//button[@data-kt=\"addNewRUOverflowToolbarButton\"]"}
COMMAND: POST /session/b0bce561eedd0ef2cd491e5795c56593/elements - {"using":"xpath","value":"//button[@data-kt=\"addNewRUOverflowToolbarButton\"]"}
RESULT: {"using":"xpath","value":"//button[@data-kt=\"addNewRUOverflowToolbarButton\"]"}
COMMAND: POST /session/b0bce561eedd0ef2cd491e5795c56593/elements - {"using":"xpath","value":"//button[@data-kt=\"addNewRUOverflowToolbarButton\"]"}
RESULT: {"using":"xpath","value":"//button[@data-kt=\"addNewRUOverflowToolbarButton\"]"}
COMMAND: POST /session/b0bce561eedd0ef2cd491e5795c56593/elements - {"using":"xpath","value":"//button[@data-kt=\"addNewRUOverflowToolbarButton\"]"}
RESULT: {"using":"xpath","value":"//button[@data-kt=\"addNewRUOverflowToolbarButton\"]"}
COMMAND: POST /session/b0bce561eedd0ef2cd491e5795c56593/elements - {"using":"xpath","value":"//button[@data-kt=\"addNewRUOverflowToolbarButton\"]"}
RESULT: {"using":"xpath","value":"//button[@data-kt=\"addNewRUOverflowToolbarButton\"]"}
COMMAND: POST /session/b0bce561eedd0ef2cd491e5795c56593/elements - {"using":"xpath","value":"//button[@data-kt=\"addNewRUOverflowToolbarButton\"]"}
RESULT: {"using":"xpath","value":"//button[@data-kt=\"addNewRUOverflowToolbarButton\"]"}
COMMAND: POST /session/b0bce561eedd0ef2cd491e5795c56593/elements - {"using":"xpath","value":"//button[@data-kt=\"addNewRUOverflowToolbarButton\"]"}
RESULT: {"using":"xpath","value":"//button[@data-kt=\"addNewRUOverflowToolbarButton\"]"}
COMMAND: POST /session/b0bce561eedd0ef2cd491e5795c56593/elements - {"using":"xpath","value":"//button[@data-kt=\"addNewRUOverflowToolbarButton\"]"}
RESULT: {"using":"xpath","value":"//button[@data-kt=\"addNewRUOverflowToolbarButton\"]"}
COMMAND: POST /session/b0bce561eedd0ef2cd491e5795c56593/elements - {"using":"xpath","value":"//button[@data-kt=\"addNewRUOverflowToolbarButton\"]"}
RESULT: {"using":"xpath","value":"//button[@data-kt=\"addNewRUOverflowToolbarButton\"]"}
COMMAND: POST /session/b0bce561eedd0ef2cd491e5795c56593/elements - {"using":"xpath","value":"//button[@data-kt=\"addNewRUOverflowToolbarButton\"]"}
RESULT: {"using":"xpath","value":"//button[@data-kt=\"addNewRUOverflowToolbarButton\"]"}
COMMAND: POST /session/b0bce561eedd0ef2cd491e5795c56593/elements - {"using":"xpath","value":"//button[@data-kt=\"addNewRUOverflowToolbarButton\"]"}
RESULT: {"using":"xpath","value":"//button[@data-kt=\"addNewRUOverflowToolbarButton\"]"}
COMMAND: POST /session/b0bce561eedd0ef2cd491e5795c56593/elements - {"using":"xpath","value":"//button[@data-kt=\"addNewRUOverflowToolbarButton\"]"}
RESULT: {"using":"xpath","value":"//button[@data-kt=\"addNewRUOverflowToolbarButton\"]"}
COMMAND: POST /session/b0bce561eedd0ef2cd491e5795c56593/elements - {"using":"xpath","value":"//button[@data-kt=\"addNewRUOverflowToolbarButton\"]"}
RESULT: {"using":"xpath","value":"//button[@data-kt=\"addNewRUOverflowToolbarButton\"]"}
COMMAND: POST /session/b0bce561eedd0ef2cd491e5795c56593/elements - {"using":"xpath","value":"//button[@data-kt=\"addNewRUOverflowToolbarButton\"]"}
RESULT: {"using":"xpath","value":"//button[@data-kt=\"addNewRUOverflowToolbarButton\"]"}
COMMAND: POST /session/b0bce561eedd0ef2cd491e5795c56593/elements - {"using":"xpath","value":"//button[@data-kt=\"addNewRUOverflowToolbarButton\"]"}
RESULT: {"using":"xpath","value":"//button[@data-kt=\"addNewRUOverflowToolbarButton\"]"}
COMMAND: POST /session/b0bce561eedd0ef2cd491e5795c56593/elements - {"using":"xpath","value":"//button[@data-kt=\"addNewRUOverflowToolbarButton\"]"}
RESULT: {"using":"xpath","value":"//button[@data-kt=\"addNewRUOverflowToolbarButton\"]"}
COMMAND: POST /session/b0bce561eedd0ef2cd491e5795c56593/elements - {"using":"xpath","value":"//button[@data-kt=\"addNewRUOverflowToolbarButton\"]"}
RESULT: {"using":"xpath","value":"//button[@data-kt=\"addNewRUOverflowToolbarButton\"]"}
COMMAND: POST /session/b0bce561eedd0ef2cd491e5795c56593/elements - {"using":"xpath","value":"//button[@data-kt=\"addNewRUOverflowToolbarButton\"]"}
RESULT: {"using":"xpath","value":"//button[@data-kt=\"addNewRUOverflowToolbarButton\"]"}
COMMAND: POST /session/b0bce561eedd0ef2cd491e5795c56593/element - {"using":"xpath","value":"//button[@data-kt=\"addNewRUOverflowToolbarButton\"]"}
RESULT: {"using":"xpath","value":"//button[@data-kt=\"addNewRUOverflowToolbarButton\"]"}
COMMAND: POST /session/b0bce561eedd0ef2cd491e5795c56593/execute/sync - {"script":"<script> [8489 bytes]","args":[{"element-6066-11e4-a52e-4f735466cecf":"f.633F000A9FA1F61B5279087A5498CC04.d.64C9DE686A3151ECFE1274D184687AB9.e.18932","ELEMENT":"f.633F000A9FA1F61B5279087A5498CC04.d.64C9DE686A3151ECFE1274D184687AB9.e.18932"}]}
RESULT: {"script":"<script> [8489 bytes]","args":[{"element-6066-11e4-a52e-4f735466cecf":"f.633F000A9FA1F61B5279087A5498CC04.d.64C9DE686A3151ECFE1274D184687AB9.e.18932","ELEMENT":"f.633F000A9FA1F61B5279087A5498CC04.d.64C9DE686A3151ECFE1274D184687AB9.e.18932"}]}
COMMAND: GET /session/b0bce561eedd0ef2cd491e5795c56593/element/f.633F000A9FA1F61B5279087A5498CC04.d.64C9DE686A3151ECFE1274D184687AB9.e.18932/enabled - {}
COMMAND: GET /session/b0bce561eedd0ef2cd491e5795c56593/screenshot - {}
RESULT: {}
COMMAND: POST /session/b0bce561eedd0ef2cd491e5795c56593/execute/sync - {"script":"<script> [8489 bytes]","args":[{"element-6066-11e4-a52e-4f735466cecf":"f.633F000A9FA1F61B5279087A5498CC04.d.64C9DE686A3151ECFE1274D184687AB9.e.18932","ELEMENT":"f.633F000A9FA1F61B5279087A5498CC04.d.64C9DE686A3151ECFE1274D184687AB9.e.18932"}]}
COMMAND: GET /session/b0bce561eedd0ef2cd491e5795c56593/screenshot - {}
RESULT: {}
RESULT: {"script":"<script> [8489 bytes]","args":[{"element-6066-11e4-a52e-4f735466cecf":"f.633F000A9FA1F61B5279087A5498CC04.d.64C9DE686A3151ECFE1274D184687AB9.e.18932","ELEMENT":"f.633F000A9FA1F61B5279087A5498CC04.d.64C9DE686A3151ECFE1274D184687AB9.e.18932"}]}
COMMAND: POST /session/b0bce561eedd0ef2cd491e5795c56593/execute/sync - {"script":"<script> [5351 bytes]","args":[{"element-6066-11e4-a52e-4f735466cecf":"f.633F000A9FA1F61B5279087A5498CC04.d.64C9DE686A3151ECFE1274D184687AB9.e.18932","ELEMENT":"f.633F000A9FA1F61B5279087A5498CC04.d.64C9DE686A3151ECFE1274D184687AB9.e.18932"}]}
COMMAND: GET /session/b0bce561eedd0ef2cd491e5795c56593/screenshot - {}
RESULT: {}
RESULT: {"script":"<script> [5351 bytes]","args":[{"element-6066-11e4-a52e-4f735466cecf":"f.633F000A9FA1F61B5279087A5498CC04.d.64C9DE686A3151ECFE1274D184687AB9.e.18932","ELEMENT":"f.633F000A9FA1F61B5279087A5498CC04.d.64C9DE686A3151ECFE1274D184687AB9.e.18932"}]}
COMMAND: POST /session/b0bce561eedd0ef2cd491e5795c56593/element/f.633F000A9FA1F61B5279087A5498CC04.d.64C9DE686A3151ECFE1274D184687AB9.e.18932/click - {}
COMMAND: GET /session/b0bce561eedd0ef2cd491e5795c56593/screenshot - {}
RESULT: {}
RESULT: {}
COMMAND: GET /session/b0bce561eedd0ef2cd491e5795c56593/screenshot - {}
RESULT: {}
RESULT: {}
COMMAND: POST /session/b0bce561eedd0ef2cd491e5795c56593/execute/async - {"script":"<script> [1562 bytes]","args":[{"selector":{"id":"application-manageresources-display-component---newResourceUnit--TYPE-arrow"},"wdio_ui5_key":"applicationmanageresources-display-component---newResourceUnit--TYPE-arrow"}]}
RESULT: {"script":"<script> [1562 bytes]","args":[{"selector":{"id":"application-manageresources-display-component---newResourceUnit--TYPE-arrow"},"wdio_ui5_key":"applicationmanageresources-display-component---newResourceUnit--TYPE-arrow"}]}
RESULT: undefined
COMMAND: POST /session/b0bce561eedd0ef2cd491e5795c56593/element - {"using":"xpath","value":"//*[@id=\"application-manageresources-display-component---newResourceUnit--TYPE-arrow\"]"}
RESULT: {"using":"xpath","value":"//*[@id=\"application-manageresources-display-component---newResourceUnit--TYPE-arrow\"]"}
COMMAND: POST /session/b0bce561eedd0ef2cd491e5795c56593/element/f.633F000A9FA1F61B5279087A5498CC04.d.64C9DE686A3151ECFE1274D184687AB9.e.19294/click - {}
RESULT: {}
COMMAND: POST /session/b0bce561eedd0ef2cd491e5795c56593/element - {"using":"xpath","value":"//input[@id=\"application-manageresources-display-component---newResourceUnit--TYPE-inner\"]"}
COMMAND: GET /session/b0bce561eedd0ef2cd491e5795c56593/screenshot - {}
RESULT: {"using":"xpath","value":"//input[@id=\"application-manageresources-display-component---newResourceUnit--TYPE-inner\"]"}
COMMAND: POST /session/b0bce561eedd0ef2cd491e5795c56593/element/f.633F000A9FA1F61B5279087A5498CC04.d.64C9DE686A3151ECFE1274D184687AB9.e.19290/clear - {}
RESULT: {}
RESULT: {}
COMMAND: POST /session/b0bce561eedd0ef2cd491e5795c56593/element/f.633F000A9FA1F61B5279087A5498CC04.d.64C9DE686A3151ECFE1274D184687AB9.e.19290/value - {"text":"Equipment"}
COMMAND: GET /session/b0bce561eedd0ef2cd491e5795c56593/screenshot - {}
RESULT: {"text":"Equipment"}
COMMAND: GET /session/b0bce561eedd0ef2cd491e5795c56593/screenshot - {}
RESULT: {}
RESULT: {}
COMMAND: POST /session/b0bce561eedd0ef2cd491e5795c56593/actions - {"actions":[{"id":"action63","type":"key","parameters":{},"actions":[{"type":"keyDown","value":""},{"type":"pause","duration":10},{"type":"keyUp","value":""}]}]}
RESULT: {"actions":[{"id":"action63","type":"key","parameters":{},"actions":[{"type":"keyDown","value":""},{"type":"pause","duration":10},{"type":"keyUp","value":""}]}]}
COMMAND: POST /session/b0bce561eedd0ef2cd491e5795c56593/execute/async - {"script":"<script> [1562 bytes]","args":[{"selector":{"id":"application-manageresources-display-component---newResourceUnit--resourceId","interaction":{"idSuffix":"inner"}},"wdio_ui5_key":"applicationmanageresources-display-component---newResourceUnit--resourceId"}]}
COMMAND: GET /session/b0bce561eedd0ef2cd491e5795c56593/screenshot - {}
RESULT: {"script":"<script> [1562 bytes]","args":[{"selector":{"id":"application-manageresources-display-component---newResourceUnit--resourceId","interaction":{"idSuffix":"inner"}},"wdio_ui5_key":"applicationmanageresources-display-component---newResourceUnit--resourceId"}]}
RESULT: undefined
COMMAND: POST /session/b0bce561eedd0ef2cd491e5795c56593/execute/async - {"script":"<script> [776 bytes]","args":[{"enterText":"saAwxBhEDw","selector":{"id":"application-manageresources-display-component---newResourceUnit--resourceId","interaction":{"idSuffix":"inner"}},"clearTextFirst":true,"interactionType":"ENTER_TEXT"}]}
RESULT: {}
RESULT: {"script":"<script> [776 bytes]","args":[{"enterText":"saAwxBhEDw","selector":{"id":"application-manageresources-display-component---newResourceUnit--resourceId","interaction":{"idSuffix":"inner"}},"clearTextFirst":true,"interactionType":"ENTER_TEXT"}]}
COMMAND: POST /session/b0bce561eedd0ef2cd491e5795c56593/execute/async - {"script":"<script> [1562 bytes]","args":[{"selector":{"id":"application-manageresources-display-component---newResourceUnit--SHORT_TEXT","interaction":{"idSuffix":"inner"}},"wdio_ui5_key":"applicationmanageresources-display-component---newResourceUnit--SHORT_TEXT"}]}
RESULT: {"script":"<script> [1562 bytes]","args":[{"selector":{"id":"application-manageresources-display-component---newResourceUnit--SHORT_TEXT","interaction":{"idSuffix":"inner"}},"wdio_ui5_key":"applicationmanageresources-display-component---newResourceUnit--SHORT_TEXT"}]}
RESULT: undefined
COMMAND: POST /session/b0bce561eedd0ef2cd491e5795c56593/execute/async - {"script":"<script> [776 bytes]","args":[{"enterText":"Intercompany Equipment WDIO","selector":{"id":"application-manageresources-display-component---newResourceUnit--SHORT_TEXT","interaction":{"idSuffix":"inner"}},"clearTextFirst":true,"interactionType":"ENTER_TEXT"}]}
RESULT: {"script":"<script> [776 bytes]","args":[{"enterText":"Intercompany Equipment WDIO","selector":{"id":"application-manageresources-display-component---newResourceUnit--SHORT_TEXT","interaction":{"idSuffix":"inner"}},"clearTextFirst":true,"interactionType":"ENTER_TEXT"}]}
COMMAND: POST /session/b0bce561eedd0ef2cd491e5795c56593/execute/async - {"script":"<script> [1562 bytes]","args":[{"selector":{"id":"application-manageresources-display-component---newResourceUnit--BASE_UNIT_OF_MEASURE","interaction":{"idSuffix":"inner"}},"wdio_ui5_key":"applicationmanageresources-display-component---newResourceUnit--BASE_UNIT_OF_MEASURE"}]}
RESULT: {"script":"<script> [1562 bytes]","args":[{"selector":{"id":"application-manageresources-display-component---newResourceUnit--BASE_UNIT_OF_MEASURE","interaction":{"idSuffix":"inner"}},"wdio_ui5_key":"applicationmanageresources-display-component---newResourceUnit--BASE_UNIT_OF_MEASURE"}]}
RESULT: undefined
COMMAND: POST /session/b0bce561eedd0ef2cd491e5795c56593/execute/async - {"script":"<script> [776 bytes]","args":[{"enterText":"Piece","selector":{"id":"application-manageresources-display-component---newResourceUnit--BASE_UNIT_OF_MEASURE","interaction":{"idSuffix":"inner"}},"clearTextFirst":true,"interactionType":"ENTER_TEXT"}]}
RESULT: {"script":"<script> [776 bytes]","args":[{"enterText":"Piece","selector":{"id":"application-manageresources-display-component---newResourceUnit--BASE_UNIT_OF_MEASURE","interaction":{"idSuffix":"inner"}},"clearTextFirst":true,"interactionType":"ENTER_TEXT"}]}
COMMAND: POST /session/b0bce561eedd0ef2cd491e5795c56593/execute/async - {"script":"<script> [1562 bytes]","args":[{"selector":{"id":"application-manageresources-display-component---newResourceUnit--WEIGHT_UNIT","interaction":{"idSuffix":"inner"}},"wdio_ui5_key":"applicationmanageresources-display-component---newResourceUnit--WEIGHT_UNIT"}]}
RESULT: {"script":"<script> [1562 bytes]","args":[{"selector":{"id":"application-manageresources-display-component---newResourceUnit--WEIGHT_UNIT","interaction":{"idSuffix":"inner"}},"wdio_ui5_key":"applicationmanageresources-display-component---newResourceUnit--WEIGHT_UNIT"}]}
RESULT: undefined
COMMAND: POST /session/b0bce561eedd0ef2cd491e5795c56593/execute/async - {"script":"<script> [776 bytes]","args":[{"enterText":"Gram","selector":{"id":"application-manageresources-display-component---newResourceUnit--WEIGHT_UNIT","interaction":{"idSuffix":"inner"}},"clearTextFirst":true,"interactionType":"ENTER_TEXT"}]}
RESULT: {"script":"<script> [776 bytes]","args":[{"enterText":"Gram","selector":{"id":"application-manageresources-display-component---newResourceUnit--WEIGHT_UNIT","interaction":{"idSuffix":"inner"}},"clearTextFirst":true,"interactionType":"ENTER_TEXT"}]}
COMMAND: POST /session/b0bce561eedd0ef2cd491e5795c56593/execute/async - {"script":"<script> [1562 bytes]","args":[{"selector":{"id":"application-manageresources-display-component---newResourceUnit--DIMENSION_UNIT","interaction":{"idSuffix":"inner"}},"wdio_ui5_key":"applicationmanageresources-display-component---newResourceUnit--DIMENSION_UNIT"}]}
RESULT: {"script":"<script> [1562 bytes]","args":[{"selector":{"id":"application-manageresources-display-component---newResourceUnit--DIMENSION_UNIT","interaction":{"idSuffix":"inner"}},"wdio_ui5_key":"applicationmanageresources-display-component---newResourceUnit--DIMENSION_UNIT"}]}
RESULT: undefined
COMMAND: POST /session/b0bce561eedd0ef2cd491e5795c56593/execute/async - {"script":"<script> [776 bytes]","args":[{"enterText":"Meter","selector":{"id":"application-manageresources-display-component---newResourceUnit--DIMENSION_UNIT","interaction":{"idSuffix":"inner"}},"clearTextFirst":true,"interactionType":"ENTER_TEXT"}]}
RESULT: {"script":"<script> [776 bytes]","args":[{"enterText":"Meter","selector":{"id":"application-manageresources-display-component---newResourceUnit--DIMENSION_UNIT","interaction":{"idSuffix":"inner"}},"clearTextFirst":true,"interactionType":"ENTER_TEXT"}]}
COMMAND: POST /session/b0bce561eedd0ef2cd491e5795c56593/execute/async - {"script":"<script> [1562 bytes]","args":[{"selector":{"id":"application-manageresources-display-component---newResourceUnit--newRRUPage-anchBar-application-manageresources-display-component---newResourceUnit--control-anchor","interaction":{"idSuffix":"BDI-content"}},"wdio_ui5_key":"applicationmanageresources-display-component---newResourceUnit--newRRUPage-anchBar-application-manageresources-display-component---newResourceUnit--control-anchor"}]}
RESULT: {"script":"<script> [1562 bytes]","args":[{"selector":{"id":"application-manageresources-display-component---newResourceUnit--newRRUPage-anchBar-application-manageresources-display-component---newResourceUnit--control-anchor","interaction":{"idSuffix":"BDI-content"}},"wdio_ui5_key":"applicationmanageresources-display-component---newResourceUnit--newRRUPage-anchBar-application-manageresources-display-component---newResourceUnit--control-anchor"}]}
RESULT: undefined
COMMAND: POST /session/b0bce561eedd0ef2cd491e5795c56593/element - {"using":"xpath","value":"//*[@id=\"application-manageresources-display-component---newResourceUnit--newRRUPage-anchBar-application-manageresources-display-component---newResourceUnit--control-anchor\"]"}
RESULT: {"using":"xpath","value":"//*[@id=\"application-manageresources-display-component---newResourceUnit--newRRUPage-anchBar-application-manageresources-display-component---newResourceUnit--control-anchor\"]"}
COMMAND: POST /session/b0bce561eedd0ef2cd491e5795c56593/element/f.633F000A9FA1F61B5279087A5498CC04.d.64C9DE686A3151ECFE1274D184687AB9.e.19429/click - {}
RESULT: {}
COMMAND: POST /session/b0bce561eedd0ef2cd491e5795c56593/execute/async - {"script":"<script> [1562 bytes]","args":[{"selector":{"id":"application-manageresources-display-component---newResourceUnit--PLANNING_GROUP","interaction":{"idSuffix":"inner"}},"wdio_ui5_key":"applicationmanageresources-display-component---newResourceUnit--PLANNING_GROUP"}]}
COMMAND: GET /session/b0bce561eedd0ef2cd491e5795c56593/screenshot - {}
RESULT: {"script":"<script> [1562 bytes]","args":[{"selector":{"id":"application-manageresources-display-component---newResourceUnit--PLANNING_GROUP","interaction":{"idSuffix":"inner"}},"wdio_ui5_key":"applicationmanageresources-display-component---newResourceUnit--PLANNING_GROUP"}]}
RESULT: undefined
COMMAND: POST /session/b0bce561eedd0ef2cd491e5795c56593/execute/async - {"script":"<script> [776 bytes]","args":[{"enterText":"Heavy Equi","selector":{"id":"application-manageresources-display-component---newResourceUnit--PLANNING_GROUP","interaction":{"idSuffix":"inner"}},"clearTextFirst":true,"interactionType":"ENTER_TEXT"}]}
RESULT: {}
RESULT: {"script":"<script> [776 bytes]","args":[{"enterText":"Heavy Equi","selector":{"id":"application-manageresources-display-component---newResourceUnit--PLANNING_GROUP","interaction":{"idSuffix":"inner"}},"clearTextFirst":true,"interactionType":"ENTER_TEXT"}]}
COMMAND: POST /session/b0bce561eedd0ef2cd491e5795c56593/execute/async - {"script":"<script> [1562 bytes]","args":[{"selector":{"id":"application-manageresources-display-component---newResourceUnit--ITEM_TYPE-arrow"},"wdio_ui5_key":"applicationmanageresources-display-component---newResourceUnit--ITEM_TYPE-arrow"}]}
RESULT: {"script":"<script> [1562 bytes]","args":[{"selector":{"id":"application-manageresources-display-component---newResourceUnit--ITEM_TYPE-arrow"},"wdio_ui5_key":"applicationmanageresources-display-component---newResourceUnit--ITEM_TYPE-arrow"}]}
RESULT: undefined
COMMAND: POST /session/b0bce561eedd0ef2cd491e5795c56593/element - {"using":"xpath","value":"//*[@id=\"application-manageresources-display-component---newResourceUnit--ITEM_TYPE-arrow\"]"}
RESULT: {"using":"xpath","value":"//*[@id=\"application-manageresources-display-component---newResourceUnit--ITEM_TYPE-arrow\"]"}
COMMAND: POST /session/b0bce561eedd0ef2cd491e5795c56593/element/f.633F000A9FA1F61B5279087A5498CC04.d.64C9DE686A3151ECFE1274D184687AB9.e.19436/click - {}
RESULT: {}
COMMAND: POST /session/b0bce561eedd0ef2cd491e5795c56593/element - {"using":"xpath","value":"(//span[contains(text(), \"Resource Unit\")])[2]"}
COMMAND: GET /session/b0bce561eedd0ef2cd491e5795c56593/screenshot - {}
RESULT: {"using":"xpath","value":"(//span[contains(text(), \"Resource Unit\")])[2]"}
COMMAND: POST /session/b0bce561eedd0ef2cd491e5795c56593/element/f.633F000A9FA1F61B5279087A5498CC04.d.64C9DE686A3151ECFE1274D184687AB9.e.19437/click - {}
RESULT: {}
RESULT: {}
COMMAND: GET /session/b0bce561eedd0ef2cd491e5795c56593/screenshot - {}
RESULT: {}
COMMAND: POST /session/b0bce561eedd0ef2cd491e5795c56593/element - {"using":"css selector","value":"#application-manageresources-display-component---newResourceUnit--btnAddTimeSegment"}
RESULT: {"using":"css selector","value":"#application-manageresources-display-component---newResourceUnit--btnAddTimeSegment"}
COMMAND: GET /session/b0bce561eedd0ef2cd491e5795c56593/element/f.633F000A9FA1F61B5279087A5498CC04.d.64C9DE686A3151ECFE1274D184687AB9.e.19438/rect - {}
RESULT: {}
COMMAND: GET /session/b0bce561eedd0ef2cd491e5795c56593/window/rect - {}
RESULT: {}
COMMAND: POST /session/b0bce561eedd0ef2cd491e5795c56593/execute/sync - {"script":"<script> [92 bytes]","args":[]}
RESULT: {"script":"<script> [92 bytes]","args":[]}
COMMAND: POST /session/b0bce561eedd0ef2cd491e5795c56593/actions - {"actions":[{"id":"action64","type":"wheel","parameters":{},"actions":[{"type":"scroll","x":-1888,"y":-32,"deltaX":0,"deltaY":0,"duration":0,"origin":{"element-6066-11e4-a52e-4f735466cecf":"f.633F000A9FA1F61B5279087A5498CC04.d.64C9DE686A3151ECFE1274D184687AB9.e.19438"}}]}]}
COMMAND: GET /session/b0bce561eedd0ef2cd491e5795c56593/screenshot - {}
RESULT: {}
COMMAND: POST /session/b0bce561eedd0ef2cd491e5795c56593/execute/sync - {"script":"<script> [79 bytes]","args":[{"element-6066-11e4-a52e-4f735466cecf":"f.633F000A9FA1F61B5279087A5498CC04.d.64C9DE686A3151ECFE1274D184687AB9.e.19438","ELEMENT":"f.633F000A9FA1F61B5279087A5498CC04.d.64C9DE686A3151ECFE1274D184687AB9.e.19438"},{"block":"start","inline":"nearest"}]}
RESULT: {"script":"<script> [79 bytes]","args":[{"element-6066-11e4-a52e-4f735466cecf":"f.633F000A9FA1F61B5279087A5498CC04.d.64C9DE686A3151ECFE1274D184687AB9.e.19438","ELEMENT":"f.633F000A9FA1F61B5279087A5498CC04.d.64C9DE686A3151ECFE1274D184687AB9.e.19438"},{"block":"start","inline":"nearest"}]}
COMMAND: POST /session/b0bce561eedd0ef2cd491e5795c56593/execute/async - {"script":"<script> [1562 bytes]","args":[{"selector":{"id":"application-manageresources-display-component---newResourceUnit--btnAddTimeSegment","interaction":{"idSuffix":"inner"}},"wdio_ui5_key":"applicationmanageresources-display-component---newResourceUnit--btnAddTimeSegment"}]}
COMMAND: GET /session/b0bce561eedd0ef2cd491e5795c56593/screenshot - {}
RESULT: {"script":"<script> [1562 bytes]","args":[{"selector":{"id":"application-manageresources-display-component---newResourceUnit--btnAddTimeSegment","interaction":{"idSuffix":"inner"}},"wdio_ui5_key":"applicationmanageresources-display-component---newResourceUnit--btnAddTimeSegment"}]}
RESULT: undefined
COMMAND: POST /session/b0bce561eedd0ef2cd491e5795c56593/element - {"using":"xpath","value":"//*[@id=\"application-manageresources-display-component---newResourceUnit--btnAddTimeSegment\"]"}
RESULT: {}
RESULT: {"using":"xpath","value":"//*[@id=\"application-manageresources-display-component---newResourceUnit--btnAddTimeSegment\"]"}
COMMAND: POST /session/b0bce561eedd0ef2cd491e5795c56593/element/f.633F000A9FA1F61B5279087A5498CC04.d.64C9DE686A3151ECFE1274D184687AB9.e.19438/click - {}
RESULT: {}
COMMAND: GET /session/b0bce561eedd0ef2cd491e5795c56593/screenshot - {}
RESULT: {}
COMMAND: POST /session/b0bce561eedd0ef2cd491e5795c56593/element - {"using":"xpath","value":"//input[@id=\"application-manageresources-display-component---newResourceUnit--idRuTSAdmin-application-manageresources-display-component---newResourceUnit--RUTimeSegment-0-inner\"]"}
RESULT: {"using":"xpath","value":"//input[@id=\"application-manageresources-display-component---newResourceUnit--idRuTSAdmin-application-manageresources-display-component---newResourceUnit--RUTimeSegment-0-inner\"]"}
COMMAND: POST /session/b0bce561eedd0ef2cd491e5795c56593/element/f.633F000A9FA1F61B5279087A5498CC04.d.64C9DE686A3151ECFE1274D184687AB9.e.19444/clear - {}
RESULT: {}
COMMAND: POST /session/b0bce561eedd0ef2cd491e5795c56593/element/f.633F000A9FA1F61B5279087A5498CC04.d.64C9DE686A3151ECFE1274D184687AB9.e.19444/value - {"text":"613"}
COMMAND: GET /session/b0bce561eedd0ef2cd491e5795c56593/screenshot - {}
RESULT: {"text":"613"}
COMMAND: GET /session/b0bce561eedd0ef2cd491e5795c56593/screenshot - {}
RESULT: {}
RESULT: {}
COMMAND: POST /session/b0bce561eedd0ef2cd491e5795c56593/element - {"using":"xpath","value":"//li[.//span[text()='613']]"}
RESULT: {"using":"xpath","value":"//li[.//span[text()='613']]"}
COMMAND: POST /session/b0bce561eedd0ef2cd491e5795c56593/element/f.633F000A9FA1F61B5279087A5498CC04.d.64C9DE686A3151ECFE1274D184687AB9.e.19458/click - {}
RESULT: {}
COMMAND: GET /session/b0bce561eedd0ef2cd491e5795c56593/screenshot - {}
RESULT: {}
COMMAND: POST /session/b0bce561eedd0ef2cd491e5795c56593/element - {"using":"xpath","value":"(//span[contains(@id, \"-application-manageresources-display-component---newResourceUnit--RUTimeSegment-0-arrow\")])[6]"}
RESULT: {"using":"xpath","value":"(//span[contains(@id, \"-application-manageresources-display-component---newResourceUnit--RUTimeSegment-0-arrow\")])[6]"}
COMMAND: POST /session/b0bce561eedd0ef2cd491e5795c56593/element/f.633F000A9FA1F61B5279087A5498CC04.d.64C9DE686A3151ECFE1274D184687AB9.e.19459/click - {}
RESULT: {}
COMMAND: POST /session/b0bce561eedd0ef2cd491e5795c56593/element - {"using":"xpath","value":"//span[contains(text(), \"PM Order\")]"}
COMMAND: GET /session/b0bce561eedd0ef2cd491e5795c56593/screenshot - {}
RESULT: {"using":"xpath","value":"//span[contains(text(), \"PM Order\")]"}
COMMAND: POST /session/b0bce561eedd0ef2cd491e5795c56593/element/f.633F000A9FA1F61B5279087A5498CC04.d.64C9DE686A3151ECFE1274D184687AB9.e.19462/click - {}
RESULT: {}
RESULT: {}
COMMAND: GET /session/b0bce561eedd0ef2cd491e5795c56593/screenshot - {}
RESULT: {}
COMMAND: POST /session/b0bce561eedd0ef2cd491e5795c56593/element - {"using":"xpath","value":"(//span[contains(@id ,\"manageresources-display-component---newResourceUnit--RUTimeSegment-0-vhi\")])[2]"}
RESULT: {"using":"xpath","value":"(//span[contains(@id ,\"manageresources-display-component---newResourceUnit--RUTimeSegment-0-vhi\")])[2]"}
COMMAND: POST /session/b0bce561eedd0ef2cd491e5795c56593/element/f.633F000A9FA1F61B5279087A5498CC04.d.64C9DE686A3151ECFE1274D184687AB9.e.19465/click - {}
RESULT: {}
COMMAND: GET /session/b0bce561eedd0ef2cd491e5795c56593/screenshot - {}
RESULT: {}
COMMAND: POST /session/b0bce561eedd0ef2cd491e5795c56593/execute/async - {"script":"<script> [1562 bytes]","args":[{"selector":{"controlType":"sap.m.SearchField","properties":{"placeholder":"Search"},"searchOpenDialogs":true,"interaction":{"idSuffix":"I"}},"wdio_ui5_key":"sapm.SearchField{\"placeholder\":\"Search\"}"}]}
RESULT: {"script":"<script> [1562 bytes]","args":[{"selector":{"controlType":"sap.m.SearchField","properties":{"placeholder":"Search"},"searchOpenDialogs":true,"interaction":{"idSuffix":"I"}},"wdio_ui5_key":"sapm.SearchField{\"placeholder\":\"Search\"}"}]}
RESULT: undefined
COMMAND: POST /session/b0bce561eedd0ef2cd491e5795c56593/execute/async - {"script":"<script> [776 bytes]","args":[{"enterText":"4000360","selector":{"controlType":"sap.m.SearchField","properties":{"placeholder":"Search"},"searchOpenDialogs":true,"interaction":{"idSuffix":"I"}},"clearTextFirst":true,"interactionType":"ENTER_TEXT"}]}
RESULT: {"script":"<script> [776 bytes]","args":[{"enterText":"4000360","selector":{"controlType":"sap.m.SearchField","properties":{"placeholder":"Search"},"searchOpenDialogs":true,"interaction":{"idSuffix":"I"}},"clearTextFirst":true,"interactionType":"ENTER_TEXT"}]}
COMMAND: POST /session/b0bce561eedd0ef2cd491e5795c56593/actions - {"actions":[{"id":"action65","type":"key","parameters":{},"actions":[{"type":"keyDown","value":""},{"type":"pause","duration":10},{"type":"keyUp","value":""}]}]}
RESULT: {"actions":[{"id":"action65","type":"key","parameters":{},"actions":[{"type":"keyDown","value":""},{"type":"pause","duration":10},{"type":"keyUp","value":""}]}]}
COMMAND: GET /session/b0bce561eedd0ef2cd491e5795c56593/screenshot - {}
RESULT: {}
COMMAND: POST /session/b0bce561eedd0ef2cd491e5795c56593/element - {"using":"xpath","value":"//td/div/span[contains(text(), \"BGL Vehicles\")]"}
RESULT: {"using":"xpath","value":"//td/div/span[contains(text(), \"BGL Vehicles\")]"}
COMMAND: POST /session/b0bce561eedd0ef2cd491e5795c56593/element/f.633F000A9FA1F61B5279087A5498CC04.d.64C9DE686A3151ECFE1274D184687AB9.e.19486/click - {}
RESULT: {}
COMMAND: GET /session/b0bce561eedd0ef2cd491e5795c56593/screenshot - {}
RESULT: {}
COMMAND: POST /session/b0bce561eedd0ef2cd491e5795c56593/element - {"using":"xpath","value":"//bdi[contains(text(), \"OK\")]"}
RESULT: {"using":"xpath","value":"//bdi[contains(text(), \"OK\")]"}
COMMAND: POST /session/b0bce561eedd0ef2cd491e5795c56593/element/f.633F000A9FA1F61B5279087A5498CC04.d.64C9DE686A3151ECFE1274D184687AB9.e.19487/click - {}
RESULT: {}
COMMAND: GET /session/b0bce561eedd0ef2cd491e5795c56593/screenshot - {}
RESULT: {}
COMMAND: POST /session/b0bce561eedd0ef2cd491e5795c56593/execute/async - {"script":"<script> [1562 bytes]","args":[{"selector":{"id":"application-manageresources-display-component---newResourceUnit--newRRUPage-anchBar-application-manageresources-display-component---newResourceUnit--resource-anchor","interaction":{"idSuffix":"BDI-content"}},"wdio_ui5_key":"applicationmanageresources-display-component---newResourceUnit--newRRUPage-anchBar-application-manageresources-display-component---newResourceUnit--resource-anchor"}]}
RESULT: {"script":"<script> [1562 bytes]","args":[{"selector":{"id":"application-manageresources-display-component---newResourceUnit--newRRUPage-anchBar-application-manageresources-display-component---newResourceUnit--resource-anchor","interaction":{"idSuffix":"BDI-content"}},"wdio_ui5_key":"applicationmanageresources-display-component---newResourceUnit--newRRUPage-anchBar-application-manageresources-display-component---newResourceUnit--resource-anchor"}]}
RESULT: undefined
COMMAND: POST /session/b0bce561eedd0ef2cd491e5795c56593/element - {"using":"xpath","value":"//*[@id=\"application-manageresources-display-component---newResourceUnit--newRRUPage-anchBar-application-manageresources-display-component---newResourceUnit--resource-anchor\"]"}
RESULT: {"using":"xpath","value":"//*[@id=\"application-manageresources-display-component---newResourceUnit--newRRUPage-anchBar-application-manageresources-display-component---newResourceUnit--resource-anchor\"]"}
COMMAND: POST /session/b0bce561eedd0ef2cd491e5795c56593/element/f.633F000A9FA1F61B5279087A5498CC04.d.64C9DE686A3151ECFE1274D184687AB9.e.19491/click - {}
RESULT: {}
COMMAND: POST /session/b0bce561eedd0ef2cd491e5795c56593/execute/async - {"script":"<script> [1562 bytes]","args":[{"selector":{"id":"application-manageresources-display-component---newResourceUnit--PLANNED_DELIVERY_DATE","interaction":{"idSuffix":"inner"}},"wdio_ui5_key":"applicationmanageresources-display-component---newResourceUnit--PLANNED_DELIVERY_DATE"}]}
COMMAND: GET /session/b0bce561eedd0ef2cd491e5795c56593/screenshot - {}
RESULT: {"script":"<script> [1562 bytes]","args":[{"selector":{"id":"application-manageresources-display-component---newResourceUnit--PLANNED_DELIVERY_DATE","interaction":{"idSuffix":"inner"}},"wdio_ui5_key":"applicationmanageresources-display-component---newResourceUnit--PLANNED_DELIVERY_DATE"}]}
RESULT: undefined
COMMAND: POST /session/b0bce561eedd0ef2cd491e5795c56593/execute/async - {"script":"<script> [6424 bytes]","args":[{"element-6066-11e4-a52e-4f735466cecf":"f.633F000A9FA1F61B5279087A5498CC04.d.64C9DE686A3151ECFE1274D184687AB9.e.19352"},"setValue",["4/20/25"]]}
RESULT: {}
RESULT: {"script":"<script> [6424 bytes]","args":[{"element-6066-11e4-a52e-4f735466cecf":"f.633F000A9FA1F61B5279087A5498CC04.d.64C9DE686A3151ECFE1274D184687AB9.e.19352"},"setValue",["4/20/25"]]}
COMMAND: POST /session/b0bce561eedd0ef2cd491e5795c56593/element - {"using":"xpath","value":"//button[@data-kt=\"resourceUnitSaveButton\"]"}
RESULT: {"using":"xpath","value":"//button[@data-kt=\"resourceUnitSaveButton\"]"}
COMMAND: POST /session/b0bce561eedd0ef2cd491e5795c56593/element/f.633F000A9FA1F61B5279087A5498CC04.d.64C9DE686A3151ECFE1274D184687AB9.e.19312/click - {}
RESULT: {}
COMMAND: GET /session/b0bce561eedd0ef2cd491e5795c56593/screenshot - {}
RESULT: {}
COMMAND: POST /session/b0bce561eedd0ef2cd491e5795c56593/element - {"using":"xpath","value":"//bdi[contains(text(), \"Close\")]"}
RESULT: {"using":"xpath","value":"//bdi[contains(text(), \"Close\")]"}
COMMAND: POST /session/b0bce561eedd0ef2cd491e5795c56593/element/f.633F000A9FA1F61B5279087A5498CC04.d.64C9DE686A3151ECFE1274D184687AB9.e.19499/click - {}
RESULT: {}
COMMAND: GET /session/b0bce561eedd0ef2cd491e5795c56593/screenshot - {}
COMMAND: POST /session/b0bce561eedd0ef2cd491e5795c56593/element - {"using":"xpath","value":"(//button[contains(@id ,\"actionsToolbar-overflowButton\")])[1]"}
RESULT: {}
RESULT: {"using":"xpath","value":"(//button[contains(@id ,\"actionsToolbar-overflowButton\")])[1]"}
COMMAND: POST /session/b0bce561eedd0ef2cd491e5795c56593/element/f.633F000A9FA1F61B5279087A5498CC04.d.64C9DE686A3151ECFE1274D184687AB9.e.19554/click - {}
RESULT: {}
COMMAND: GET /session/b0bce561eedd0ef2cd491e5795c56593/screenshot - {}
RESULT: {}
COMMAND: POST /session/b0bce561eedd0ef2cd491e5795c56593/element - {"using":"xpath","value":"//button[@data-kt=\"priceInfoButton\"]"}
RESULT: {"using":"xpath","value":"//button[@data-kt=\"priceInfoButton\"]"}
COMMAND: POST /session/b0bce561eedd0ef2cd491e5795c56593/element/f.633F000A9FA1F61B5279087A5498CC04.d.64C9DE686A3151ECFE1274D184687AB9.e.19556/click - {}
RESULT: {}
COMMAND: GET /session/b0bce561eedd0ef2cd491e5795c56593/screenshot - {}
]]></system-out>
    </testcase>
    <testcase classname="chrome.135_0_7049_42.windows.Billing_Calculation_-_Time_based_(considering_transport_times)_US139738" name="Should create new pricing rule for 1st equipment" time="57.981">
      <system-out><![CDATA[
COMMAND: POST /session/b0bce561eedd0ef2cd491e5795c56593/element - {"using":"xpath","value":"//button[@data-kt=\"addButton\"]"}
RESULT: {}
RESULT: {"using":"xpath","value":"//button[@data-kt=\"addButton\"]"}
COMMAND: POST /session/b0bce561eedd0ef2cd491e5795c56593/elements - {"using":"xpath","value":"//button[@data-kt=\"addButton\"]"}
RESULT: {"using":"xpath","value":"//button[@data-kt=\"addButton\"]"}
COMMAND: POST /session/b0bce561eedd0ef2cd491e5795c56593/execute/sync - {"script":"<script> [8489 bytes]","args":[{"element-6066-11e4-a52e-4f735466cecf":"f.633F000A9FA1F61B5279087A5498CC04.d.64C9DE686A3151ECFE1274D184687AB9.e.19592","ELEMENT":"f.633F000A9FA1F61B5279087A5498CC04.d.64C9DE686A3151ECFE1274D184687AB9.e.19592"}]}
RESULT: {"script":"<script> [8489 bytes]","args":[{"element-6066-11e4-a52e-4f735466cecf":"f.633F000A9FA1F61B5279087A5498CC04.d.64C9DE686A3151ECFE1274D184687AB9.e.19592","ELEMENT":"f.633F000A9FA1F61B5279087A5498CC04.d.64C9DE686A3151ECFE1274D184687AB9.e.19592"}]}
COMMAND: GET /session/b0bce561eedd0ef2cd491e5795c56593/element/f.633F000A9FA1F61B5279087A5498CC04.d.64C9DE686A3151ECFE1274D184687AB9.e.19592/enabled - {}
COMMAND: GET /session/b0bce561eedd0ef2cd491e5795c56593/screenshot - {}
RESULT: {}
COMMAND: POST /session/b0bce561eedd0ef2cd491e5795c56593/execute/sync - {"script":"<script> [8489 bytes]","args":[{"element-6066-11e4-a52e-4f735466cecf":"f.633F000A9FA1F61B5279087A5498CC04.d.64C9DE686A3151ECFE1274D184687AB9.e.19592","ELEMENT":"f.633F000A9FA1F61B5279087A5498CC04.d.64C9DE686A3151ECFE1274D184687AB9.e.19592"}]}
COMMAND: GET /session/b0bce561eedd0ef2cd491e5795c56593/screenshot - {}
RESULT: {}
RESULT: {"script":"<script> [8489 bytes]","args":[{"element-6066-11e4-a52e-4f735466cecf":"f.633F000A9FA1F61B5279087A5498CC04.d.64C9DE686A3151ECFE1274D184687AB9.e.19592","ELEMENT":"f.633F000A9FA1F61B5279087A5498CC04.d.64C9DE686A3151ECFE1274D184687AB9.e.19592"}]}
COMMAND: POST /session/b0bce561eedd0ef2cd491e5795c56593/execute/sync - {"script":"<script> [5351 bytes]","args":[{"element-6066-11e4-a52e-4f735466cecf":"f.633F000A9FA1F61B5279087A5498CC04.d.64C9DE686A3151ECFE1274D184687AB9.e.19592","ELEMENT":"f.633F000A9FA1F61B5279087A5498CC04.d.64C9DE686A3151ECFE1274D184687AB9.e.19592"}]}
COMMAND: GET /session/b0bce561eedd0ef2cd491e5795c56593/screenshot - {}
RESULT: {}
RESULT: {"script":"<script> [5351 bytes]","args":[{"element-6066-11e4-a52e-4f735466cecf":"f.633F000A9FA1F61B5279087A5498CC04.d.64C9DE686A3151ECFE1274D184687AB9.e.19592","ELEMENT":"f.633F000A9FA1F61B5279087A5498CC04.d.64C9DE686A3151ECFE1274D184687AB9.e.19592"}]}
COMMAND: POST /session/b0bce561eedd0ef2cd491e5795c56593/element/f.633F000A9FA1F61B5279087A5498CC04.d.64C9DE686A3151ECFE1274D184687AB9.e.19592/click - {}
COMMAND: GET /session/b0bce561eedd0ef2cd491e5795c56593/screenshot - {}
RESULT: {}
RESULT: {}
COMMAND: GET /session/b0bce561eedd0ef2cd491e5795c56593/screenshot - {}
RESULT: {}
RESULT: {}
COMMAND: POST /session/b0bce561eedd0ef2cd491e5795c56593/execute/async - {"script":"<script> [1562 bytes]","args":[{"selector":{"controlType":"sap.m.Title","viewName":"etm.portal.ui.managepricingrules.view.NewItem","viewId":"application-managepricingrules-display-component---newInfoPriceItem","properties":{"text":"New Pricing Rules - Item Level"}},"wdio_ui5_key":"etmportal.ui.managepricingrules.view.NewItemsap.m.Title{\"text\":\"New Pricing Rules - Item Level\"}"}]}
RESULT: {"script":"<script> [1562 bytes]","args":[{"selector":{"controlType":"sap.m.Title","viewName":"etm.portal.ui.managepricingrules.view.NewItem","viewId":"application-managepricingrules-display-component---newInfoPriceItem","properties":{"text":"New Pricing Rules - Item Level"}},"wdio_ui5_key":"etmportal.ui.managepricingrules.view.NewItemsap.m.Title{\"text\":\"New Pricing Rules - Item Level\"}"}]}
RESULT: undefined
COMMAND: POST /session/b0bce561eedd0ef2cd491e5795c56593/execute/async - {"script":"<script> [6424 bytes]","args":[{"element-6066-11e4-a52e-4f735466cecf":"f.633F000A9FA1F61B5279087A5498CC04.d.64C9DE686A3151ECFE1274D184687AB9.e.19721"},"getText",[]]}
RESULT: {"script":"<script> [6424 bytes]","args":[{"element-6066-11e4-a52e-4f735466cecf":"f.633F000A9FA1F61B5279087A5498CC04.d.64C9DE686A3151ECFE1274D184687AB9.e.19721"},"getText",[]]}
COMMAND: POST /session/b0bce561eedd0ef2cd491e5795c56593/execute/async - {"script":"<script> [1562 bytes]","args":[{"selector":{"id":"application-managepricingrules-display-component---newInfoPriceItem--condValidTo","interaction":{"idSuffix":"inner"}},"wdio_ui5_key":"applicationmanagepricingrules-display-component---newInfoPriceItem--condValidTo"}]}
RESULT: {"script":"<script> [1562 bytes]","args":[{"selector":{"id":"application-managepricingrules-display-component---newInfoPriceItem--condValidTo","interaction":{"idSuffix":"inner"}},"wdio_ui5_key":"applicationmanagepricingrules-display-component---newInfoPriceItem--condValidTo"}]}
RESULT: undefined
COMMAND: POST /session/b0bce561eedd0ef2cd491e5795c56593/execute/async - {"script":"<script> [776 bytes]","args":[{"enterText":"12/20/25","selector":{"id":"application-managepricingrules-display-component---newInfoPriceItem--condValidTo","interaction":{"idSuffix":"inner"}},"clearTextFirst":true,"interactionType":"ENTER_TEXT"}]}
RESULT: {"script":"<script> [776 bytes]","args":[{"enterText":"12/20/25","selector":{"id":"application-managepricingrules-display-component---newInfoPriceItem--condValidTo","interaction":{"idSuffix":"inner"}},"clearTextFirst":true,"interactionType":"ENTER_TEXT"}]}
COMMAND: POST /session/b0bce561eedd0ef2cd491e5795c56593/execute/async - {"script":"<script> [1562 bytes]","args":[{"selector":{"id":"application-managepricingrules-display-component---newInfoPriceItem--billType-arrow"},"wdio_ui5_key":"applicationmanagepricingrules-display-component---newInfoPriceItem--billType-arrow"}]}
RESULT: {"script":"<script> [1562 bytes]","args":[{"selector":{"id":"application-managepricingrules-display-component---newInfoPriceItem--billType-arrow"},"wdio_ui5_key":"applicationmanagepricingrules-display-component---newInfoPriceItem--billType-arrow"}]}
RESULT: undefined
COMMAND: POST /session/b0bce561eedd0ef2cd491e5795c56593/element - {"using":"xpath","value":"//*[@id=\"application-managepricingrules-display-component---newInfoPriceItem--billType-arrow\"]"}
RESULT: {"using":"xpath","value":"//*[@id=\"application-managepricingrules-display-component---newInfoPriceItem--billType-arrow\"]"}
COMMAND: POST /session/b0bce561eedd0ef2cd491e5795c56593/element/f.633F000A9FA1F61B5279087A5498CC04.d.64C9DE686A3151ECFE1274D184687AB9.e.19723/click - {}
RESULT: {}
COMMAND: POST /session/b0bce561eedd0ef2cd491e5795c56593/element - {"using":"xpath","value":"//span[contains(text(), \"TB - Time based\")]"}
COMMAND: GET /session/b0bce561eedd0ef2cd491e5795c56593/screenshot - {}
RESULT: {"using":"xpath","value":"//span[contains(text(), \"TB - Time based\")]"}
COMMAND: POST /session/b0bce561eedd0ef2cd491e5795c56593/element/f.633F000A9FA1F61B5279087A5498CC04.d.64C9DE686A3151ECFE1274D184687AB9.e.19724/click - {}
RESULT: {}
RESULT: {}
COMMAND: POST /session/b0bce561eedd0ef2cd491e5795c56593/execute/async - {"script":"<script> [1562 bytes]","args":[{"selector":{"id":"application-managepricingrules-display-component---newInfoPriceItem--priceProc-arrow"},"wdio_ui5_key":"applicationmanagepricingrules-display-component---newInfoPriceItem--priceProc-arrow"}]}
COMMAND: GET /session/b0bce561eedd0ef2cd491e5795c56593/screenshot - {}
RESULT: {"script":"<script> [1562 bytes]","args":[{"selector":{"id":"application-managepricingrules-display-component---newInfoPriceItem--priceProc-arrow"},"wdio_ui5_key":"applicationmanagepricingrules-display-component---newInfoPriceItem--priceProc-arrow"}]}
RESULT: undefined
COMMAND: POST /session/b0bce561eedd0ef2cd491e5795c56593/element - {"using":"xpath","value":"//*[@id=\"application-managepricingrules-display-component---newInfoPriceItem--priceProc-arrow\"]"}
RESULT: {}
RESULT: {"using":"xpath","value":"//*[@id=\"application-managepricingrules-display-component---newInfoPriceItem--priceProc-arrow\"]"}
COMMAND: POST /session/b0bce561eedd0ef2cd491e5795c56593/element/f.633F000A9FA1F61B5279087A5498CC04.d.64C9DE686A3151ECFE1274D184687AB9.e.19725/click - {}
RESULT: {}
COMMAND: POST /session/b0bce561eedd0ef2cd491e5795c56593/element - {"using":"xpath","value":"//span[contains(text(), \"TBS - Time based standard\")]"}
COMMAND: GET /session/b0bce561eedd0ef2cd491e5795c56593/screenshot - {}
RESULT: {"using":"xpath","value":"//span[contains(text(), \"TBS - Time based standard\")]"}
COMMAND: POST /session/b0bce561eedd0ef2cd491e5795c56593/element/f.633F000A9FA1F61B5279087A5498CC04.d.64C9DE686A3151ECFE1274D184687AB9.e.19726/click - {}
RESULT: {}
RESULT: {}
COMMAND: POST /session/b0bce561eedd0ef2cd491e5795c56593/execute/async - {"script":"<script> [1562 bytes]","args":[{"selector":{"id":"application-managepricingrules-display-component---newInfoPriceItem--calcBase-arrow"},"wdio_ui5_key":"applicationmanagepricingrules-display-component---newInfoPriceItem--calcBase-arrow"}]}
COMMAND: GET /session/b0bce561eedd0ef2cd491e5795c56593/screenshot - {}
RESULT: {"script":"<script> [1562 bytes]","args":[{"selector":{"id":"application-managepricingrules-display-component---newInfoPriceItem--calcBase-arrow"},"wdio_ui5_key":"applicationmanagepricingrules-display-component---newInfoPriceItem--calcBase-arrow"}]}
RESULT: undefined
COMMAND: POST /session/b0bce561eedd0ef2cd491e5795c56593/element - {"using":"xpath","value":"//*[@id=\"application-managepricingrules-display-component---newInfoPriceItem--calcBase-arrow\"]"}
RESULT: {}
RESULT: {"using":"xpath","value":"//*[@id=\"application-managepricingrules-display-component---newInfoPriceItem--calcBase-arrow\"]"}
COMMAND: POST /session/b0bce561eedd0ef2cd491e5795c56593/element/f.633F000A9FA1F61B5279087A5498CC04.d.64C9DE686A3151ECFE1274D184687AB9.e.19697/click - {}
RESULT: {}
COMMAND: GET /session/b0bce561eedd0ef2cd491e5795c56593/screenshot - {}
RESULT: {}
COMMAND: POST /session/b0bce561eedd0ef2cd491e5795c56593/element - {"using":"xpath","value":"//span[contains(text(), \"0006 - TB(calendar days)\")]"}
RESULT: {"using":"xpath","value":"//span[contains(text(), \"0006 - TB(calendar days)\")]"}
COMMAND: POST /session/b0bce561eedd0ef2cd491e5795c56593/element/f.633F000A9FA1F61B5279087A5498CC04.d.64C9DE686A3151ECFE1274D184687AB9.e.19727/click - {}
RESULT: {}
COMMAND: GET /session/b0bce561eedd0ef2cd491e5795c56593/screenshot - {}
RESULT: {}
COMMAND: POST /session/b0bce561eedd0ef2cd491e5795c56593/execute/async - {"script":"<script> [1562 bytes]","args":[{"selector":{"id":"application-managepricingrules-display-component---newInfoPriceItem--daysMonth","interaction":{"idSuffix":"inner"}},"wdio_ui5_key":"applicationmanagepricingrules-display-component---newInfoPriceItem--daysMonth"}]}
RESULT: {"script":"<script> [1562 bytes]","args":[{"selector":{"id":"application-managepricingrules-display-component---newInfoPriceItem--daysMonth","interaction":{"idSuffix":"inner"}},"wdio_ui5_key":"applicationmanagepricingrules-display-component---newInfoPriceItem--daysMonth"}]}
RESULT: undefined
COMMAND: POST /session/b0bce561eedd0ef2cd491e5795c56593/execute/async - {"script":"<script> [776 bytes]","args":[{"enterText":"30","selector":{"id":"application-managepricingrules-display-component---newInfoPriceItem--daysMonth","interaction":{"idSuffix":"inner"}},"clearTextFirst":true,"interactionType":"ENTER_TEXT"}]}
RESULT: {"script":"<script> [776 bytes]","args":[{"enterText":"30","selector":{"id":"application-managepricingrules-display-component---newInfoPriceItem--daysMonth","interaction":{"idSuffix":"inner"}},"clearTextFirst":true,"interactionType":"ENTER_TEXT"}]}
COMMAND: POST /session/b0bce561eedd0ef2cd491e5795c56593/element - {"using":"xpath","value":"//button[@data-kt=\"saveNewRuleButton\"]"}
RESULT: {"using":"xpath","value":"//button[@data-kt=\"saveNewRuleButton\"]"}
COMMAND: POST /session/b0bce561eedd0ef2cd491e5795c56593/element/f.633F000A9FA1F61B5279087A5498CC04.d.64C9DE686A3151ECFE1274D184687AB9.e.19709/click - {}
RESULT: {}
COMMAND: GET /session/b0bce561eedd0ef2cd491e5795c56593/screenshot - {}
RESULT: {}
COMMAND: POST /session/b0bce561eedd0ef2cd491e5795c56593/execute/async - {"script":"<script> [1562 bytes]","args":[{"selector":{"id":"application-managepricingrules-display-component---priceInfoItem--smartFilterBar-btnBasicSearch","interaction":{"idSuffix":"I"}},"wdio_ui5_key":"applicationmanagepricingrules-display-component---priceInfoItem--smartFilterBar-btnBasicSearch"}]}
RESULT: {"script":"<script> [1562 bytes]","args":[{"selector":{"id":"application-managepricingrules-display-component---priceInfoItem--smartFilterBar-btnBasicSearch","interaction":{"idSuffix":"I"}},"wdio_ui5_key":"applicationmanagepricingrules-display-component---priceInfoItem--smartFilterBar-btnBasicSearch"}]}
RESULT: undefined
COMMAND: POST /session/b0bce561eedd0ef2cd491e5795c56593/execute/async - {"script":"<script> [776 bytes]","args":[{"enterText":"saAwxBhEDw","selector":{"id":"application-managepricingrules-display-component---priceInfoItem--smartFilterBar-btnBasicSearch","interaction":{"idSuffix":"I"}},"clearTextFirst":true,"interactionType":"ENTER_TEXT"}]}
RESULT: {"script":"<script> [776 bytes]","args":[{"enterText":"saAwxBhEDw","selector":{"id":"application-managepricingrules-display-component---priceInfoItem--smartFilterBar-btnBasicSearch","interaction":{"idSuffix":"I"}},"clearTextFirst":true,"interactionType":"ENTER_TEXT"}]}
COMMAND: POST /session/b0bce561eedd0ef2cd491e5795c56593/actions - {"actions":[{"id":"action66","type":"key","parameters":{},"actions":[{"type":"keyDown","value":""},{"type":"pause","duration":10},{"type":"keyUp","value":""}]}]}
RESULT: {"actions":[{"id":"action66","type":"key","parameters":{},"actions":[{"type":"keyDown","value":""},{"type":"pause","duration":10},{"type":"keyUp","value":""}]}]}
COMMAND: GET /session/b0bce561eedd0ef2cd491e5795c56593/screenshot - {}
RESULT: {}
COMMAND: POST /session/b0bce561eedd0ef2cd491e5795c56593/element - {"using":"xpath","value":"//span[@id=\"application-managepricingrules-display-component---priceInfoItem--smartTable-header-inner\"]"}
RESULT: {"using":"xpath","value":"//span[@id=\"application-managepricingrules-display-component---priceInfoItem--smartTable-header-inner\"]"}
COMMAND: POST /session/b0bce561eedd0ef2cd491e5795c56593/elements - {"using":"xpath","value":"//span[@id=\"application-managepricingrules-display-component---priceInfoItem--smartTable-header-inner\"]"}
RESULT: {"using":"xpath","value":"//span[@id=\"application-managepricingrules-display-component---priceInfoItem--smartTable-header-inner\"]"}
COMMAND: POST /session/b0bce561eedd0ef2cd491e5795c56593/execute/sync - {"script":"<script> [56 bytes]","args":[{"element-6066-11e4-a52e-4f735466cecf":"f.633F000A9FA1F61B5279087A5498CC04.d.64C9DE686A3151ECFE1274D184687AB9.e.19751","ELEMENT":"f.633F000A9FA1F61B5279087A5498CC04.d.64C9DE686A3151ECFE1274D184687AB9.e.19751"}]}
RESULT: {"script":"<script> [56 bytes]","args":[{"element-6066-11e4-a52e-4f735466cecf":"f.633F000A9FA1F61B5279087A5498CC04.d.64C9DE686A3151ECFE1274D184687AB9.e.19751","ELEMENT":"f.633F000A9FA1F61B5279087A5498CC04.d.64C9DE686A3151ECFE1274D184687AB9.e.19751"}]}
COMMAND: POST /session/b0bce561eedd0ef2cd491e5795c56593/element - {"using":"css selector","value":"#shell-header-logo"}
COMMAND: GET /session/b0bce561eedd0ef2cd491e5795c56593/screenshot - {}
RESULT: {"using":"css selector","value":"#shell-header-logo"}
COMMAND: POST /session/b0bce561eedd0ef2cd491e5795c56593/element/f.633F000A9FA1F61B5279087A5498CC04.d.64C9DE686A3151ECFE1274D184687AB9.e.18901/click - {}
RESULT: {}
RESULT: {}
COMMAND: GET /session/b0bce561eedd0ef2cd491e5795c56593/screenshot - {}
RESULT: {}
]]></system-out>
    </testcase>
    <testcase classname="chrome.135_0_7049_42.windows.Billing_Calculation_-_Time_based_(considering_transport_times)_US139738" name="Should create new pricing condition for 1st equipment" time="74.293">
      <system-out><![CDATA[
COMMAND: POST /session/b0bce561eedd0ef2cd491e5795c56593/execute/async - {"script":"<script> [1562 bytes]","args":[{"selector":{"controlType":"sap.m.Text","properties":{"text":"Manage Conditions & Prices"},"interaction":{"idSuffix":"inner"}},"wdio_ui5_key":"sapm.Text{\"text\":\"Manage Conditions & Prices\"}"}]}
RESULT: {"script":"<script> [1562 bytes]","args":[{"selector":{"controlType":"sap.m.Text","properties":{"text":"Manage Conditions & Prices"},"interaction":{"idSuffix":"inner"}},"wdio_ui5_key":"sapm.Text{\"text\":\"Manage Conditions & Prices\"}"}]}
RESULT: undefined
COMMAND: POST /session/b0bce561eedd0ef2cd491e5795c56593/element - {"using":"xpath","value":"//*[@id=\"__tile53-title\"]"}
RESULT: {"using":"xpath","value":"//*[@id=\"__tile53-title\"]"}
COMMAND: POST /session/b0bce561eedd0ef2cd491e5795c56593/element/f.633F000A9FA1F61B5279087A5498CC04.d.64C9DE686A3151ECFE1274D184687AB9.e.19754/click - {}
RESULT: {}
COMMAND: POST /session/b0bce561eedd0ef2cd491e5795c56593/element - {"using":"xpath","value":"//button[@aria-label=\"Create\"]"}
COMMAND: GET /session/b0bce561eedd0ef2cd491e5795c56593/screenshot - {}
RESULT: {"using":"xpath","value":"//button[@aria-label=\"Create\"]"}
COMMAND: POST /session/b0bce561eedd0ef2cd491e5795c56593/elements - {"using":"xpath","value":"//button[@aria-label=\"Create\"]"}
RESULT: {}
RESULT: {"using":"xpath","value":"//button[@aria-label=\"Create\"]"}
COMMAND: POST /session/b0bce561eedd0ef2cd491e5795c56593/elements - {"using":"xpath","value":"//button[@aria-label=\"Create\"]"}
RESULT: {"using":"xpath","value":"//button[@aria-label=\"Create\"]"}
COMMAND: POST /session/b0bce561eedd0ef2cd491e5795c56593/element - {"using":"xpath","value":"//button[@aria-label=\"Create\"]"}
RESULT: {"using":"xpath","value":"//button[@aria-label=\"Create\"]"}
COMMAND: POST /session/b0bce561eedd0ef2cd491e5795c56593/execute/sync - {"script":"<script> [8489 bytes]","args":[{"element-6066-11e4-a52e-4f735466cecf":"f.633F000A9FA1F61B5279087A5498CC04.d.64C9DE686A3151ECFE1274D184687AB9.e.19788","ELEMENT":"f.633F000A9FA1F61B5279087A5498CC04.d.64C9DE686A3151ECFE1274D184687AB9.e.19788"}]}
RESULT: {"script":"<script> [8489 bytes]","args":[{"element-6066-11e4-a52e-4f735466cecf":"f.633F000A9FA1F61B5279087A5498CC04.d.64C9DE686A3151ECFE1274D184687AB9.e.19788","ELEMENT":"f.633F000A9FA1F61B5279087A5498CC04.d.64C9DE686A3151ECFE1274D184687AB9.e.19788"}]}
COMMAND: GET /session/b0bce561eedd0ef2cd491e5795c56593/element/f.633F000A9FA1F61B5279087A5498CC04.d.64C9DE686A3151ECFE1274D184687AB9.e.19788/enabled - {}
COMMAND: GET /session/b0bce561eedd0ef2cd491e5795c56593/screenshot - {}
RESULT: {}
COMMAND: POST /session/b0bce561eedd0ef2cd491e5795c56593/execute/sync - {"script":"<script> [8489 bytes]","args":[{"element-6066-11e4-a52e-4f735466cecf":"f.633F000A9FA1F61B5279087A5498CC04.d.64C9DE686A3151ECFE1274D184687AB9.e.19788","ELEMENT":"f.633F000A9FA1F61B5279087A5498CC04.d.64C9DE686A3151ECFE1274D184687AB9.e.19788"}]}
COMMAND: GET /session/b0bce561eedd0ef2cd491e5795c56593/screenshot - {}
RESULT: {}
RESULT: {"script":"<script> [8489 bytes]","args":[{"element-6066-11e4-a52e-4f735466cecf":"f.633F000A9FA1F61B5279087A5498CC04.d.64C9DE686A3151ECFE1274D184687AB9.e.19788","ELEMENT":"f.633F000A9FA1F61B5279087A5498CC04.d.64C9DE686A3151ECFE1274D184687AB9.e.19788"}]}
COMMAND: POST /session/b0bce561eedd0ef2cd491e5795c56593/execute/sync - {"script":"<script> [5351 bytes]","args":[{"element-6066-11e4-a52e-4f735466cecf":"f.633F000A9FA1F61B5279087A5498CC04.d.64C9DE686A3151ECFE1274D184687AB9.e.19788","ELEMENT":"f.633F000A9FA1F61B5279087A5498CC04.d.64C9DE686A3151ECFE1274D184687AB9.e.19788"}]}
COMMAND: GET /session/b0bce561eedd0ef2cd491e5795c56593/screenshot - {}
RESULT: {}
RESULT: {"script":"<script> [5351 bytes]","args":[{"element-6066-11e4-a52e-4f735466cecf":"f.633F000A9FA1F61B5279087A5498CC04.d.64C9DE686A3151ECFE1274D184687AB9.e.19788","ELEMENT":"f.633F000A9FA1F61B5279087A5498CC04.d.64C9DE686A3151ECFE1274D184687AB9.e.19788"}]}
COMMAND: POST /session/b0bce561eedd0ef2cd491e5795c56593/element/f.633F000A9FA1F61B5279087A5498CC04.d.64C9DE686A3151ECFE1274D184687AB9.e.19788/click - {}
COMMAND: GET /session/b0bce561eedd0ef2cd491e5795c56593/screenshot - {}
RESULT: {}
RESULT: {}
COMMAND: GET /session/b0bce561eedd0ef2cd491e5795c56593/screenshot - {}
RESULT: {}
RESULT: {}
COMMAND: POST /session/b0bce561eedd0ef2cd491e5795c56593/actions - {"actions":[{"id":"action67","type":"key","parameters":{},"actions":[{"type":"keyDown","value":""},{"type":"pause","duration":10},{"type":"keyUp","value":""}]}]}
RESULT: {"actions":[{"id":"action67","type":"key","parameters":{},"actions":[{"type":"keyDown","value":""},{"type":"pause","duration":10},{"type":"keyUp","value":""}]}]}
COMMAND: GET /session/b0bce561eedd0ef2cd491e5795c56593/screenshot - {}
RESULT: {}
COMMAND: POST /session/b0bce561eedd0ef2cd491e5795c56593/execute/async - {"script":"<script> [1562 bytes]","args":[{"selector":{"id":"application-manageconditionprice-display-component---newCondition--condBillCond-arrow"},"wdio_ui5_key":"applicationmanageconditionprice-display-component---newCondition--condBillCond-arrow"}]}
RESULT: {"script":"<script> [1562 bytes]","args":[{"selector":{"id":"application-manageconditionprice-display-component---newCondition--condBillCond-arrow"},"wdio_ui5_key":"applicationmanageconditionprice-display-component---newCondition--condBillCond-arrow"}]}
RESULT: undefined
COMMAND: POST /session/b0bce561eedd0ef2cd491e5795c56593/element - {"using":"xpath","value":"//*[@id=\"application-manageconditionprice-display-component---newCondition--condBillCond-arrow\"]"}
RESULT: {"using":"xpath","value":"//*[@id=\"application-manageconditionprice-display-component---newCondition--condBillCond-arrow\"]"}
COMMAND: POST /session/b0bce561eedd0ef2cd491e5795c56593/element/f.633F000A9FA1F61B5279087A5498CC04.d.64C9DE686A3151ECFE1274D184687AB9.e.19969/click - {}
RESULT: {}
COMMAND: GET /session/b0bce561eedd0ef2cd491e5795c56593/screenshot - {}
RESULT: {}
COMMAND: POST /session/b0bce561eedd0ef2cd491e5795c56593/element - {"using":"xpath","value":"//li[.//span[contains(text(), \"DISP - D&I special price\")]]"}
RESULT: {"using":"xpath","value":"//li[.//span[contains(text(), \"DISP - D&I special price\")]]"}
COMMAND: POST /session/b0bce561eedd0ef2cd491e5795c56593/element/f.633F000A9FA1F61B5279087A5498CC04.d.64C9DE686A3151ECFE1274D184687AB9.e.19972/click - {}
RESULT: {}
COMMAND: GET /session/b0bce561eedd0ef2cd491e5795c56593/screenshot - {}
RESULT: {}
COMMAND: POST /session/b0bce561eedd0ef2cd491e5795c56593/execute/async - {"script":"<script> [1562 bytes]","args":[{"selector":{"id":"application-manageconditionprice-display-component---newCondition--condValidTo","interaction":{"idSuffix":"inner"}},"wdio_ui5_key":"applicationmanageconditionprice-display-component---newCondition--condValidTo"}]}
RESULT: {"script":"<script> [1562 bytes]","args":[{"selector":{"id":"application-manageconditionprice-display-component---newCondition--condValidTo","interaction":{"idSuffix":"inner"}},"wdio_ui5_key":"applicationmanageconditionprice-display-component---newCondition--condValidTo"}]}
RESULT: undefined
COMMAND: POST /session/b0bce561eedd0ef2cd491e5795c56593/execute/async - {"script":"<script> [776 bytes]","args":[{"enterText":"12/20/25","selector":{"id":"application-manageconditionprice-display-component---newCondition--condValidTo","interaction":{"idSuffix":"inner"}},"clearTextFirst":true,"interactionType":"ENTER_TEXT"}]}
RESULT: {"script":"<script> [776 bytes]","args":[{"enterText":"12/20/25","selector":{"id":"application-manageconditionprice-display-component---newCondition--condValidTo","interaction":{"idSuffix":"inner"}},"clearTextFirst":true,"interactionType":"ENTER_TEXT"}]}
COMMAND: POST /session/b0bce561eedd0ef2cd491e5795c56593/element - {"using":"xpath","value":"//input[@id=\"application-manageconditionprice-display-component---newCondition--condRU-inner\"]"}
RESULT: {"using":"xpath","value":"//input[@id=\"application-manageconditionprice-display-component---newCondition--condRU-inner\"]"}
COMMAND: POST /session/b0bce561eedd0ef2cd491e5795c56593/element/f.633F000A9FA1F61B5279087A5498CC04.d.64C9DE686A3151ECFE1274D184687AB9.e.19834/clear - {}
RESULT: {}
COMMAND: POST /session/b0bce561eedd0ef2cd491e5795c56593/element/f.633F000A9FA1F61B5279087A5498CC04.d.64C9DE686A3151ECFE1274D184687AB9.e.19834/value - {"text":"saAwxBhEDw"}
COMMAND: GET /session/b0bce561eedd0ef2cd491e5795c56593/screenshot - {}
RESULT: {"text":"saAwxBhEDw"}
COMMAND: GET /session/b0bce561eedd0ef2cd491e5795c56593/screenshot - {}
RESULT: {}
RESULT: {}
COMMAND: POST /session/b0bce561eedd0ef2cd491e5795c56593/actions - {"actions":[{"id":"action68","type":"key","parameters":{},"actions":[{"type":"keyDown","value":""},{"type":"pause","duration":10},{"type":"keyUp","value":""}]}]}
RESULT: {"actions":[{"id":"action68","type":"key","parameters":{},"actions":[{"type":"keyDown","value":""},{"type":"pause","duration":10},{"type":"keyUp","value":""}]}]}
COMMAND: POST /session/b0bce561eedd0ef2cd491e5795c56593/execute/async - {"script":"<script> [1562 bytes]","args":[{"selector":{"id":"application-manageconditionprice-display-component---newCondition--condBaseQty","interaction":{"idSuffix":"inner"}},"wdio_ui5_key":"applicationmanageconditionprice-display-component---newCondition--condBaseQty"}]}
COMMAND: GET /session/b0bce561eedd0ef2cd491e5795c56593/screenshot - {}
RESULT: {"script":"<script> [1562 bytes]","args":[{"selector":{"id":"application-manageconditionprice-display-component---newCondition--condBaseQty","interaction":{"idSuffix":"inner"}},"wdio_ui5_key":"applicationmanageconditionprice-display-component---newCondition--condBaseQty"}]}
RESULT: undefined
COMMAND: POST /session/b0bce561eedd0ef2cd491e5795c56593/execute/async - {"script":"<script> [776 bytes]","args":[{"enterText":"1","selector":{"id":"application-manageconditionprice-display-component---newCondition--condBaseQty","interaction":{"idSuffix":"inner"}},"clearTextFirst":true,"interactionType":"ENTER_TEXT"}]}
RESULT: {}
RESULT: {"script":"<script> [776 bytes]","args":[{"enterText":"1","selector":{"id":"application-manageconditionprice-display-component---newCondition--condBaseQty","interaction":{"idSuffix":"inner"}},"clearTextFirst":true,"interactionType":"ENTER_TEXT"}]}
COMMAND: POST /session/b0bce561eedd0ef2cd491e5795c56593/execute/async - {"script":"<script> [1562 bytes]","args":[{"selector":{"id":"application-manageconditionprice-display-component---newCondition--condValue","interaction":{"idSuffix":"inner"}},"wdio_ui5_key":"applicationmanageconditionprice-display-component---newCondition--condValue"}]}
RESULT: {"script":"<script> [1562 bytes]","args":[{"selector":{"id":"application-manageconditionprice-display-component---newCondition--condValue","interaction":{"idSuffix":"inner"}},"wdio_ui5_key":"applicationmanageconditionprice-display-component---newCondition--condValue"}]}
RESULT: undefined
COMMAND: POST /session/b0bce561eedd0ef2cd491e5795c56593/execute/async - {"script":"<script> [776 bytes]","args":[{"enterText":"100","selector":{"id":"application-manageconditionprice-display-component---newCondition--condValue","interaction":{"idSuffix":"inner"}},"clearTextFirst":true,"interactionType":"ENTER_TEXT"}]}
RESULT: {"script":"<script> [776 bytes]","args":[{"enterText":"100","selector":{"id":"application-manageconditionprice-display-component---newCondition--condValue","interaction":{"idSuffix":"inner"}},"clearTextFirst":true,"interactionType":"ENTER_TEXT"}]}
COMMAND: POST /session/b0bce561eedd0ef2cd491e5795c56593/execute/async - {"script":"<script> [1562 bytes]","args":[{"selector":{"id":"application-manageconditionprice-display-component---newCondition--condCurr-arrow"},"wdio_ui5_key":"applicationmanageconditionprice-display-component---newCondition--condCurr-arrow"}]}
RESULT: {"script":"<script> [1562 bytes]","args":[{"selector":{"id":"application-manageconditionprice-display-component---newCondition--condCurr-arrow"},"wdio_ui5_key":"applicationmanageconditionprice-display-component---newCondition--condCurr-arrow"}]}
RESULT: undefined
COMMAND: POST /session/b0bce561eedd0ef2cd491e5795c56593/element - {"using":"xpath","value":"//*[@id=\"application-manageconditionprice-display-component---newCondition--condCurr-arrow\"]"}
RESULT: {"using":"xpath","value":"//*[@id=\"application-manageconditionprice-display-component---newCondition--condCurr-arrow\"]"}
COMMAND: POST /session/b0bce561eedd0ef2cd491e5795c56593/element/f.633F000A9FA1F61B5279087A5498CC04.d.64C9DE686A3151ECFE1274D184687AB9.e.19924/click - {}
RESULT: {}
COMMAND: POST /session/b0bce561eedd0ef2cd491e5795c56593/element - {"using":"xpath","value":"//span[contains(text(), \"Euro\")]"}
COMMAND: GET /session/b0bce561eedd0ef2cd491e5795c56593/screenshot - {}
RESULT: {"using":"xpath","value":"//span[contains(text(), \"Euro\")]"}
COMMAND: POST /session/b0bce561eedd0ef2cd491e5795c56593/element/f.633F000A9FA1F61B5279087A5498CC04.d.64C9DE686A3151ECFE1274D184687AB9.e.20010/click - {}
RESULT: {}
RESULT: {}
COMMAND: POST /session/b0bce561eedd0ef2cd491e5795c56593/element - {"using":"xpath","value":"//button[@data-kt=\"saveButton\"]"}
COMMAND: GET /session/b0bce561eedd0ef2cd491e5795c56593/screenshot - {}
RESULT: {"using":"xpath","value":"//button[@data-kt=\"saveButton\"]"}
COMMAND: POST /session/b0bce561eedd0ef2cd491e5795c56593/element/f.633F000A9FA1F61B5279087A5498CC04.d.64C9DE686A3151ECFE1274D184687AB9.e.19925/click - {}
RESULT: {}
RESULT: {}
COMMAND: GET /session/b0bce561eedd0ef2cd491e5795c56593/screenshot - {}
RESULT: {}
COMMAND: POST /session/b0bce561eedd0ef2cd491e5795c56593/execute/async - {"script":"<script> [1562 bytes]","args":[{"selector":{"id":"application-manageconditionprice-display-component---conditions--smartFilterBar-btnBasicSearch","interaction":{"idSuffix":"I"}},"wdio_ui5_key":"applicationmanageconditionprice-display-component---conditions--smartFilterBar-btnBasicSearch"}]}
RESULT: {"script":"<script> [1562 bytes]","args":[{"selector":{"id":"application-manageconditionprice-display-component---conditions--smartFilterBar-btnBasicSearch","interaction":{"idSuffix":"I"}},"wdio_ui5_key":"applicationmanageconditionprice-display-component---conditions--smartFilterBar-btnBasicSearch"}]}
RESULT: undefined
COMMAND: POST /session/b0bce561eedd0ef2cd491e5795c56593/execute/async - {"script":"<script> [776 bytes]","args":[{"enterText":"saAwxBhEDw","selector":{"id":"application-manageconditionprice-display-component---conditions--smartFilterBar-btnBasicSearch","interaction":{"idSuffix":"I"}},"clearTextFirst":true,"interactionType":"ENTER_TEXT"}]}
RESULT: {"script":"<script> [776 bytes]","args":[{"enterText":"saAwxBhEDw","selector":{"id":"application-manageconditionprice-display-component---conditions--smartFilterBar-btnBasicSearch","interaction":{"idSuffix":"I"}},"clearTextFirst":true,"interactionType":"ENTER_TEXT"}]}
COMMAND: POST /session/b0bce561eedd0ef2cd491e5795c56593/actions - {"actions":[{"id":"action69","type":"key","parameters":{},"actions":[{"type":"keyDown","value":""},{"type":"pause","duration":10},{"type":"keyUp","value":""}]}]}
RESULT: {"actions":[{"id":"action69","type":"key","parameters":{},"actions":[{"type":"keyDown","value":""},{"type":"pause","duration":10},{"type":"keyUp","value":""}]}]}
COMMAND: GET /session/b0bce561eedd0ef2cd491e5795c56593/screenshot - {}
RESULT: {}
COMMAND: POST /session/b0bce561eedd0ef2cd491e5795c56593/execute/async - {"script":"<script> [1562 bytes]","args":[{"selector":{"id":"application-manageconditionprice-display-component---conditions--smartFilterBar-filterItemControl_BASIC-BILL_TYPES-vhi"},"wdio_ui5_key":"applicationmanageconditionprice-display-component---conditions--smartFilterBar-filterItemControl_BASIC-BILL_TYPES-vhi"}]}
RESULT: {"script":"<script> [1562 bytes]","args":[{"selector":{"id":"application-manageconditionprice-display-component---conditions--smartFilterBar-filterItemControl_BASIC-BILL_TYPES-vhi"},"wdio_ui5_key":"applicationmanageconditionprice-display-component---conditions--smartFilterBar-filterItemControl_BASIC-BILL_TYPES-vhi"}]}
RESULT: undefined
COMMAND: POST /session/b0bce561eedd0ef2cd491e5795c56593/element - {"using":"xpath","value":"//*[@id=\"application-manageconditionprice-display-component---conditions--smartFilterBar-filterItemControl_BASIC-BILL_TYPES-vhi\"]"}
RESULT: {"using":"xpath","value":"//*[@id=\"application-manageconditionprice-display-component---conditions--smartFilterBar-filterItemControl_BASIC-BILL_TYPES-vhi\"]"}
COMMAND: POST /session/b0bce561eedd0ef2cd491e5795c56593/element/f.633F000A9FA1F61B5279087A5498CC04.d.64C9DE686A3151ECFE1274D184687AB9.e.20026/click - {}
RESULT: {}
COMMAND: POST /session/b0bce561eedd0ef2cd491e5795c56593/execute/async - {"script":"<script> [1562 bytes]","args":[{"selector":{"id":"application-manageconditionprice-display-component---conditions--smartFilterBar-filterItemControl_BASIC-BILL_TYPES-valueHelpDialog-smartFilterBar-btnBasicSearch","searchOpenDialogs":true,"interaction":{"idSuffix":"I"}},"wdio_ui5_key":"applicationmanageconditionprice-display-component---conditions--smartFilterBar-filterItemControl_BASIC-BILL_TYPES-valueHelpDialog-smartFilterBar-btnBasicSearch"}]}
COMMAND: GET /session/b0bce561eedd0ef2cd491e5795c56593/screenshot - {}
RESULT: {"script":"<script> [1562 bytes]","args":[{"selector":{"id":"application-manageconditionprice-display-component---conditions--smartFilterBar-filterItemControl_BASIC-BILL_TYPES-valueHelpDialog-smartFilterBar-btnBasicSearch","searchOpenDialogs":true,"interaction":{"idSuffix":"I"}},"wdio_ui5_key":"applicationmanageconditionprice-display-component---conditions--smartFilterBar-filterItemControl_BASIC-BILL_TYPES-valueHelpDialog-smartFilterBar-btnBasicSearch"}]}
RESULT: undefined
COMMAND: POST /session/b0bce561eedd0ef2cd491e5795c56593/execute/async - {"script":"<script> [776 bytes]","args":[{"enterText":"TB","selector":{"id":"application-manageconditionprice-display-component---conditions--smartFilterBar-filterItemControl_BASIC-BILL_TYPES-valueHelpDialog-smartFilterBar-btnBasicSearch","searchOpenDialogs":true,"interaction":{"idSuffix":"I"}},"clearTextFirst":true,"interactionType":"ENTER_TEXT"}]}
RESULT: {}
RESULT: {"script":"<script> [776 bytes]","args":[{"enterText":"TB","selector":{"id":"application-manageconditionprice-display-component---conditions--smartFilterBar-filterItemControl_BASIC-BILL_TYPES-valueHelpDialog-smartFilterBar-btnBasicSearch","searchOpenDialogs":true,"interaction":{"idSuffix":"I"}},"clearTextFirst":true,"interactionType":"ENTER_TEXT"}]}
COMMAND: POST /session/b0bce561eedd0ef2cd491e5795c56593/actions - {"actions":[{"id":"action70","type":"key","parameters":{},"actions":[{"type":"keyDown","value":""},{"type":"pause","duration":10},{"type":"keyUp","value":""}]}]}
RESULT: {"actions":[{"id":"action70","type":"key","parameters":{},"actions":[{"type":"keyDown","value":""},{"type":"pause","duration":10},{"type":"keyUp","value":""}]}]}
COMMAND: GET /session/b0bce561eedd0ef2cd491e5795c56593/screenshot - {}
RESULT: {}
COMMAND: POST /session/b0bce561eedd0ef2cd491e5795c56593/element - {"using":"xpath","value":"//div[contains(@id, 'application-manageconditionprice-display-component---conditions--smartFilterBar-filterItemControl_BASIC-BILL_TYPES-valueHelpDialog-table-rowsel0')]"}
RESULT: {"using":"xpath","value":"//div[contains(@id, 'application-manageconditionprice-display-component---conditions--smartFilterBar-filterItemControl_BASIC-BILL_TYPES-valueHelpDialog-table-rowsel0')]"}
COMMAND: POST /session/b0bce561eedd0ef2cd491e5795c56593/element/f.633F000A9FA1F61B5279087A5498CC04.d.64C9DE686A3151ECFE1274D184687AB9.e.20035/click - {}
RESULT: {}
COMMAND: GET /session/b0bce561eedd0ef2cd491e5795c56593/screenshot - {}
RESULT: {}
COMMAND: POST /session/b0bce561eedd0ef2cd491e5795c56593/element - {"using":"xpath","value":"//bdi[contains(text(), \"OK\")]"}
RESULT: {"using":"xpath","value":"//bdi[contains(text(), \"OK\")]"}
COMMAND: POST /session/b0bce561eedd0ef2cd491e5795c56593/element/f.633F000A9FA1F61B5279087A5498CC04.d.64C9DE686A3151ECFE1274D184687AB9.e.20037/click - {}
RESULT: {}
COMMAND: GET /session/b0bce561eedd0ef2cd491e5795c56593/screenshot - {}
RESULT: {}
COMMAND: POST /session/b0bce561eedd0ef2cd491e5795c56593/element - {"using":"xpath","value":"//span[@id=\"application-manageconditionprice-display-component---conditions--smartTable-header-inner\"]"}
RESULT: {"using":"xpath","value":"//span[@id=\"application-manageconditionprice-display-component---conditions--smartTable-header-inner\"]"}
COMMAND: POST /session/b0bce561eedd0ef2cd491e5795c56593/elements - {"using":"xpath","value":"//span[@id=\"application-manageconditionprice-display-component---conditions--smartTable-header-inner\"]"}
RESULT: {"using":"xpath","value":"//span[@id=\"application-manageconditionprice-display-component---conditions--smartTable-header-inner\"]"}
COMMAND: POST /session/b0bce561eedd0ef2cd491e5795c56593/execute/sync - {"script":"<script> [56 bytes]","args":[{"element-6066-11e4-a52e-4f735466cecf":"f.633F000A9FA1F61B5279087A5498CC04.d.64C9DE686A3151ECFE1274D184687AB9.e.20040","ELEMENT":"f.633F000A9FA1F61B5279087A5498CC04.d.64C9DE686A3151ECFE1274D184687AB9.e.20040"}]}
RESULT: {"script":"<script> [56 bytes]","args":[{"element-6066-11e4-a52e-4f735466cecf":"f.633F000A9FA1F61B5279087A5498CC04.d.64C9DE686A3151ECFE1274D184687AB9.e.20040","ELEMENT":"f.633F000A9FA1F61B5279087A5498CC04.d.64C9DE686A3151ECFE1274D184687AB9.e.20040"}]}
COMMAND: POST /session/b0bce561eedd0ef2cd491e5795c56593/element - {"using":"css selector","value":"#shell-header-logo"}
COMMAND: GET /session/b0bce561eedd0ef2cd491e5795c56593/screenshot - {}
RESULT: {"using":"css selector","value":"#shell-header-logo"}
COMMAND: POST /session/b0bce561eedd0ef2cd491e5795c56593/element/f.633F000A9FA1F61B5279087A5498CC04.d.64C9DE686A3151ECFE1274D184687AB9.e.19756/click - {}
RESULT: {}
RESULT: {}
COMMAND: GET /session/b0bce561eedd0ef2cd491e5795c56593/screenshot - {}
RESULT: {}
]]></system-out>
    </testcase>
    <testcase classname="chrome.135_0_7049_42.windows.Billing_Calculation_-_Time_based_(considering_transport_times)_US139738" name="Should do a stock increase for both equipments" time="88.607">
      <system-out><![CDATA[
COMMAND: POST /session/b0bce561eedd0ef2cd491e5795c56593/execute/async - {"script":"<script> [1562 bytes]","args":[{"selector":{"controlType":"sap.m.Text","viewName":"etm.portal.ui.managehandoverstile.view.Master","properties":{"text":"Manage Handovers"},"interaction":{"idSuffix":"inner"}},"wdio_ui5_key":"etmportal.ui.managehandoverstile.view.Mastersap.m.Text{\"text\":\"Manage Handovers\"}"}]}
RESULT: {"script":"<script> [1562 bytes]","args":[{"selector":{"controlType":"sap.m.Text","viewName":"etm.portal.ui.managehandoverstile.view.Master","properties":{"text":"Manage Handovers"},"interaction":{"idSuffix":"inner"}},"wdio_ui5_key":"etmportal.ui.managehandoverstile.view.Mastersap.m.Text{\"text\":\"Manage Handovers\"}"}]}
RESULT: undefined
COMMAND: POST /session/b0bce561eedd0ef2cd491e5795c56593/element - {"using":"xpath","value":"//*[@id=\"__tile132-title\"]"}
RESULT: {"using":"xpath","value":"//*[@id=\"__tile132-title\"]"}
COMMAND: POST /session/b0bce561eedd0ef2cd491e5795c56593/element/f.633F000A9FA1F61B5279087A5498CC04.d.64C9DE686A3151ECFE1274D184687AB9.e.20045/click - {}
RESULT: {}
COMMAND: POST /session/b0bce561eedd0ef2cd491e5795c56593/element - {"using":"xpath","value":"//button[@data-kt=\"masterHOAddButton\"]"}
COMMAND: GET /session/b0bce561eedd0ef2cd491e5795c56593/screenshot - {}
RESULT: {"using":"xpath","value":"//button[@data-kt=\"masterHOAddButton\"]"}
COMMAND: POST /session/b0bce561eedd0ef2cd491e5795c56593/elements - {"using":"xpath","value":"//button[@data-kt=\"masterHOAddButton\"]"}
RESULT: {}
RESULT: {"using":"xpath","value":"//button[@data-kt=\"masterHOAddButton\"]"}
COMMAND: POST /session/b0bce561eedd0ef2cd491e5795c56593/elements - {"using":"xpath","value":"//button[@data-kt=\"masterHOAddButton\"]"}
RESULT: {"using":"xpath","value":"//button[@data-kt=\"masterHOAddButton\"]"}
COMMAND: POST /session/b0bce561eedd0ef2cd491e5795c56593/elements - {"using":"xpath","value":"//button[@data-kt=\"masterHOAddButton\"]"}
RESULT: {"using":"xpath","value":"//button[@data-kt=\"masterHOAddButton\"]"}
COMMAND: POST /session/b0bce561eedd0ef2cd491e5795c56593/elements - {"using":"xpath","value":"//button[@data-kt=\"masterHOAddButton\"]"}
RESULT: {"using":"xpath","value":"//button[@data-kt=\"masterHOAddButton\"]"}
COMMAND: POST /session/b0bce561eedd0ef2cd491e5795c56593/elements - {"using":"xpath","value":"//button[@data-kt=\"masterHOAddButton\"]"}
RESULT: {"using":"xpath","value":"//button[@data-kt=\"masterHOAddButton\"]"}
COMMAND: POST /session/b0bce561eedd0ef2cd491e5795c56593/elements - {"using":"xpath","value":"//button[@data-kt=\"masterHOAddButton\"]"}
RESULT: {"using":"xpath","value":"//button[@data-kt=\"masterHOAddButton\"]"}
COMMAND: POST /session/b0bce561eedd0ef2cd491e5795c56593/elements - {"using":"xpath","value":"//button[@data-kt=\"masterHOAddButton\"]"}
RESULT: {"using":"xpath","value":"//button[@data-kt=\"masterHOAddButton\"]"}
COMMAND: POST /session/b0bce561eedd0ef2cd491e5795c56593/elements - {"using":"xpath","value":"//button[@data-kt=\"masterHOAddButton\"]"}
RESULT: {"using":"xpath","value":"//button[@data-kt=\"masterHOAddButton\"]"}
COMMAND: POST /session/b0bce561eedd0ef2cd491e5795c56593/elements - {"using":"xpath","value":"//button[@data-kt=\"masterHOAddButton\"]"}
RESULT: {"using":"xpath","value":"//button[@data-kt=\"masterHOAddButton\"]"}
COMMAND: POST /session/b0bce561eedd0ef2cd491e5795c56593/elements - {"using":"xpath","value":"//button[@data-kt=\"masterHOAddButton\"]"}
RESULT: {"using":"xpath","value":"//button[@data-kt=\"masterHOAddButton\"]"}
COMMAND: POST /session/b0bce561eedd0ef2cd491e5795c56593/elements - {"using":"xpath","value":"//button[@data-kt=\"masterHOAddButton\"]"}
RESULT: {"using":"xpath","value":"//button[@data-kt=\"masterHOAddButton\"]"}
COMMAND: POST /session/b0bce561eedd0ef2cd491e5795c56593/elements - {"using":"xpath","value":"//button[@data-kt=\"masterHOAddButton\"]"}
RESULT: {"using":"xpath","value":"//button[@data-kt=\"masterHOAddButton\"]"}
COMMAND: POST /session/b0bce561eedd0ef2cd491e5795c56593/elements - {"using":"xpath","value":"//button[@data-kt=\"masterHOAddButton\"]"}
RESULT: {"using":"xpath","value":"//button[@data-kt=\"masterHOAddButton\"]"}
COMMAND: POST /session/b0bce561eedd0ef2cd491e5795c56593/elements - {"using":"xpath","value":"//button[@data-kt=\"masterHOAddButton\"]"}
RESULT: {"using":"xpath","value":"//button[@data-kt=\"masterHOAddButton\"]"}
COMMAND: POST /session/b0bce561eedd0ef2cd491e5795c56593/element - {"using":"xpath","value":"//button[@data-kt=\"masterHOAddButton\"]"}
RESULT: {"using":"xpath","value":"//button[@data-kt=\"masterHOAddButton\"]"}
COMMAND: POST /session/b0bce561eedd0ef2cd491e5795c56593/execute/sync - {"script":"<script> [8489 bytes]","args":[{"element-6066-11e4-a52e-4f735466cecf":"f.633F000A9FA1F61B5279087A5498CC04.d.64C9DE686A3151ECFE1274D184687AB9.e.20083","ELEMENT":"f.633F000A9FA1F61B5279087A5498CC04.d.64C9DE686A3151ECFE1274D184687AB9.e.20083"}]}
RESULT: {"script":"<script> [8489 bytes]","args":[{"element-6066-11e4-a52e-4f735466cecf":"f.633F000A9FA1F61B5279087A5498CC04.d.64C9DE686A3151ECFE1274D184687AB9.e.20083","ELEMENT":"f.633F000A9FA1F61B5279087A5498CC04.d.64C9DE686A3151ECFE1274D184687AB9.e.20083"}]}
COMMAND: GET /session/b0bce561eedd0ef2cd491e5795c56593/element/f.633F000A9FA1F61B5279087A5498CC04.d.64C9DE686A3151ECFE1274D184687AB9.e.20083/enabled - {}
COMMAND: GET /session/b0bce561eedd0ef2cd491e5795c56593/screenshot - {}
RESULT: {}
COMMAND: POST /session/b0bce561eedd0ef2cd491e5795c56593/execute/sync - {"script":"<script> [8489 bytes]","args":[{"element-6066-11e4-a52e-4f735466cecf":"f.633F000A9FA1F61B5279087A5498CC04.d.64C9DE686A3151ECFE1274D184687AB9.e.20083","ELEMENT":"f.633F000A9FA1F61B5279087A5498CC04.d.64C9DE686A3151ECFE1274D184687AB9.e.20083"}]}
COMMAND: GET /session/b0bce561eedd0ef2cd491e5795c56593/screenshot - {}
RESULT: {}
RESULT: {"script":"<script> [8489 bytes]","args":[{"element-6066-11e4-a52e-4f735466cecf":"f.633F000A9FA1F61B5279087A5498CC04.d.64C9DE686A3151ECFE1274D184687AB9.e.20083","ELEMENT":"f.633F000A9FA1F61B5279087A5498CC04.d.64C9DE686A3151ECFE1274D184687AB9.e.20083"}]}
COMMAND: POST /session/b0bce561eedd0ef2cd491e5795c56593/execute/sync - {"script":"<script> [5351 bytes]","args":[{"element-6066-11e4-a52e-4f735466cecf":"f.633F000A9FA1F61B5279087A5498CC04.d.64C9DE686A3151ECFE1274D184687AB9.e.20083","ELEMENT":"f.633F000A9FA1F61B5279087A5498CC04.d.64C9DE686A3151ECFE1274D184687AB9.e.20083"}]}
COMMAND: GET /session/b0bce561eedd0ef2cd491e5795c56593/screenshot - {}
RESULT: {}
RESULT: {"script":"<script> [5351 bytes]","args":[{"element-6066-11e4-a52e-4f735466cecf":"f.633F000A9FA1F61B5279087A5498CC04.d.64C9DE686A3151ECFE1274D184687AB9.e.20083","ELEMENT":"f.633F000A9FA1F61B5279087A5498CC04.d.64C9DE686A3151ECFE1274D184687AB9.e.20083"}]}
COMMAND: POST /session/b0bce561eedd0ef2cd491e5795c56593/element/f.633F000A9FA1F61B5279087A5498CC04.d.64C9DE686A3151ECFE1274D184687AB9.e.20083/click - {}
COMMAND: GET /session/b0bce561eedd0ef2cd491e5795c56593/screenshot - {}
RESULT: {}
RESULT: {}
COMMAND: GET /session/b0bce561eedd0ef2cd491e5795c56593/screenshot - {}
COMMAND: POST /session/b0bce561eedd0ef2cd491e5795c56593/element - {"using":"xpath","value":"//span[contains(@id ,\"AddNewHO--typeSelect-arrow\")]"}
RESULT: {}
RESULT: {}
RESULT: {"using":"xpath","value":"//span[contains(@id ,\"AddNewHO--typeSelect-arrow\")]"}
COMMAND: POST /session/b0bce561eedd0ef2cd491e5795c56593/element/f.633F000A9FA1F61B5279087A5498CC04.d.64C9DE686A3151ECFE1274D184687AB9.e.20421/click - {}
RESULT: {}
COMMAND: GET /session/b0bce561eedd0ef2cd491e5795c56593/screenshot - {}
RESULT: {}
COMMAND: POST /session/b0bce561eedd0ef2cd491e5795c56593/element - {"using":"xpath","value":"(//li[contains(text(), \"stock increase yard\")])[1]"}
RESULT: {"using":"xpath","value":"(//li[contains(text(), \"stock increase yard\")])[1]"}
COMMAND: POST /session/b0bce561eedd0ef2cd491e5795c56593/element/f.633F000A9FA1F61B5279087A5498CC04.d.64C9DE686A3151ECFE1274D184687AB9.e.20422/click - {}
RESULT: {}
COMMAND: GET /session/b0bce561eedd0ef2cd491e5795c56593/screenshot - {}
RESULT: {}
COMMAND: POST /session/b0bce561eedd0ef2cd491e5795c56593/execute/async - {"script":"<script> [1562 bytes]","args":[{"selector":{"id":"application-managehandovers-display-component---AddNewHO--dueDate","interaction":{"idSuffix":"inner"}},"wdio_ui5_key":"applicationmanagehandovers-display-component---AddNewHO--dueDate"}]}
RESULT: {"script":"<script> [1562 bytes]","args":[{"selector":{"id":"application-managehandovers-display-component---AddNewHO--dueDate","interaction":{"idSuffix":"inner"}},"wdio_ui5_key":"applicationmanagehandovers-display-component---AddNewHO--dueDate"}]}
RESULT: undefined
COMMAND: POST /session/b0bce561eedd0ef2cd491e5795c56593/execute/async - {"script":"<script> [6424 bytes]","args":[{"element-6066-11e4-a52e-4f735466cecf":"f.633F000A9FA1F61B5279087A5498CC04.d.64C9DE686A3151ECFE1274D184687AB9.e.20426"},"setValue",["04/20/2025"]]}
RESULT: {"script":"<script> [6424 bytes]","args":[{"element-6066-11e4-a52e-4f735466cecf":"f.633F000A9FA1F61B5279087A5498CC04.d.64C9DE686A3151ECFE1274D184687AB9.e.20426"},"setValue",["04/20/2025"]]}
COMMAND: POST /session/b0bce561eedd0ef2cd491e5795c56593/element - {"using":"xpath","value":"//input[@id=\"generalSectionFrg--receiveYard-inner\"]"}
RESULT: {"using":"xpath","value":"//input[@id=\"generalSectionFrg--receiveYard-inner\"]"}
COMMAND: POST /session/b0bce561eedd0ef2cd491e5795c56593/element/f.633F000A9FA1F61B5279087A5498CC04.d.64C9DE686A3151ECFE1274D184687AB9.e.20432/clear - {}
RESULT: {}
COMMAND: POST /session/b0bce561eedd0ef2cd491e5795c56593/element/f.633F000A9FA1F61B5279087A5498CC04.d.64C9DE686A3151ECFE1274D184687AB9.e.20432/value - {"text":"613"}
COMMAND: GET /session/b0bce561eedd0ef2cd491e5795c56593/screenshot - {}
RESULT: {"text":"613"}
COMMAND: GET /session/b0bce561eedd0ef2cd491e5795c56593/screenshot - {}
RESULT: {}
RESULT: {}
COMMAND: POST /session/b0bce561eedd0ef2cd491e5795c56593/element - {"using":"xpath","value":"//li[.//span[text()='613']]"}
RESULT: {"using":"xpath","value":"//li[.//span[text()='613']]"}
COMMAND: POST /session/b0bce561eedd0ef2cd491e5795c56593/element/f.633F000A9FA1F61B5279087A5498CC04.d.64C9DE686A3151ECFE1274D184687AB9.e.20445/click - {}
RESULT: {}
COMMAND: GET /session/b0bce561eedd0ef2cd491e5795c56593/screenshot - {}
RESULT: {}
COMMAND: POST /session/b0bce561eedd0ef2cd491e5795c56593/execute/async - {"script":"<script> [1562 bytes]","args":[{"selector":{"id":"application-managehandovers-display-component---AddNewHO--ObjectPageLayout-anchBar-application-managehandovers-display-component---AddNewHO--section4-anchor","interaction":{"idSuffix":"BDI-content"}},"wdio_ui5_key":"applicationmanagehandovers-display-component---AddNewHO--ObjectPageLayout-anchBar-application-managehandovers-display-component---AddNewHO--section4-anchor"}]}
RESULT: {"script":"<script> [1562 bytes]","args":[{"selector":{"id":"application-managehandovers-display-component---AddNewHO--ObjectPageLayout-anchBar-application-managehandovers-display-component---AddNewHO--section4-anchor","interaction":{"idSuffix":"BDI-content"}},"wdio_ui5_key":"applicationmanagehandovers-display-component---AddNewHO--ObjectPageLayout-anchBar-application-managehandovers-display-component---AddNewHO--section4-anchor"}]}
RESULT: undefined
COMMAND: POST /session/b0bce561eedd0ef2cd491e5795c56593/element - {"using":"xpath","value":"//*[@id=\"application-managehandovers-display-component---AddNewHO--ObjectPageLayout-anchBar-application-managehandovers-display-component---AddNewHO--section4-anchor\"]"}
RESULT: {"using":"xpath","value":"//*[@id=\"application-managehandovers-display-component---AddNewHO--ObjectPageLayout-anchBar-application-managehandovers-display-component---AddNewHO--section4-anchor\"]"}
COMMAND: POST /session/b0bce561eedd0ef2cd491e5795c56593/element/f.633F000A9FA1F61B5279087A5498CC04.d.64C9DE686A3151ECFE1274D184687AB9.e.20447/click - {}
RESULT: {}
COMMAND: POST /session/b0bce561eedd0ef2cd491e5795c56593/element - {"using":"xpath","value":"//button[@aria-label=\"Add\"]"}
COMMAND: GET /session/b0bce561eedd0ef2cd491e5795c56593/screenshot - {}
RESULT: {}
RESULT: {"using":"xpath","value":"//button[@aria-label=\"Add\"]"}
COMMAND: POST /session/b0bce561eedd0ef2cd491e5795c56593/element/f.633F000A9FA1F61B5279087A5498CC04.d.64C9DE686A3151ECFE1274D184687AB9.e.20451/click - {}
RESULT: {}
COMMAND: GET /session/b0bce561eedd0ef2cd491e5795c56593/screenshot - {}
RESULT: {}
COMMAND: POST /session/b0bce561eedd0ef2cd491e5795c56593/execute/async - {"script":"<script> [1562 bytes]","args":[{"selector":{"id":"application-managehandovers-display-component---AddNewHO--smartFilterBar-btnBasicSearch","searchOpenDialogs":true,"interaction":{"idSuffix":"I"}},"wdio_ui5_key":"applicationmanagehandovers-display-component---AddNewHO--smartFilterBar-btnBasicSearch"}]}
RESULT: {"script":"<script> [1562 bytes]","args":[{"selector":{"id":"application-managehandovers-display-component---AddNewHO--smartFilterBar-btnBasicSearch","searchOpenDialogs":true,"interaction":{"idSuffix":"I"}},"wdio_ui5_key":"applicationmanagehandovers-display-component---AddNewHO--smartFilterBar-btnBasicSearch"}]}
RESULT: undefined
COMMAND: POST /session/b0bce561eedd0ef2cd491e5795c56593/execute/async - {"script":"<script> [776 bytes]","args":[{"enterText":"saAwxBhEDw","selector":{"id":"application-managehandovers-display-component---AddNewHO--smartFilterBar-btnBasicSearch","searchOpenDialogs":true,"interaction":{"idSuffix":"I"}},"clearTextFirst":true,"interactionType":"ENTER_TEXT"}]}
RESULT: {"script":"<script> [776 bytes]","args":[{"enterText":"saAwxBhEDw","selector":{"id":"application-managehandovers-display-component---AddNewHO--smartFilterBar-btnBasicSearch","searchOpenDialogs":true,"interaction":{"idSuffix":"I"}},"clearTextFirst":true,"interactionType":"ENTER_TEXT"}]}
COMMAND: POST /session/b0bce561eedd0ef2cd491e5795c56593/actions - {"actions":[{"id":"action71","type":"key","parameters":{},"actions":[{"type":"keyDown","value":""},{"type":"pause","duration":10},{"type":"keyUp","value":""}]}]}
RESULT: {"actions":[{"id":"action71","type":"key","parameters":{},"actions":[{"type":"keyDown","value":""},{"type":"pause","duration":10},{"type":"keyUp","value":""}]}]}
COMMAND: GET /session/b0bce561eedd0ef2cd491e5795c56593/screenshot - {}
RESULT: {}
COMMAND: POST /session/b0bce561eedd0ef2cd491e5795c56593/execute/async - {"script":"<script> [1562 bytes]","args":[{"selector":{"id":"application-managehandovers-display-component---AddNewHO--popup-sa","searchOpenDialogs":true,"interaction":{"idSuffix":"CbBg"}},"wdio_ui5_key":"applicationmanagehandovers-display-component---AddNewHO--popup-sa"}]}
RESULT: {"script":"<script> [1562 bytes]","args":[{"selector":{"id":"application-managehandovers-display-component---AddNewHO--popup-sa","searchOpenDialogs":true,"interaction":{"idSuffix":"CbBg"}},"wdio_ui5_key":"applicationmanagehandovers-display-component---AddNewHO--popup-sa"}]}
RESULT: undefined
COMMAND: POST /session/b0bce561eedd0ef2cd491e5795c56593/element - {"using":"xpath","value":"//*[@id=\"application-managehandovers-display-component---AddNewHO--popup-sa\"]"}
RESULT: {"using":"xpath","value":"//*[@id=\"application-managehandovers-display-component---AddNewHO--popup-sa\"]"}
COMMAND: POST /session/b0bce561eedd0ef2cd491e5795c56593/element/f.633F000A9FA1F61B5279087A5498CC04.d.64C9DE686A3151ECFE1274D184687AB9.e.20606/click - {}
RESULT: {}
COMMAND: GET /session/b0bce561eedd0ef2cd491e5795c56593/screenshot - {}
RESULT: {}
COMMAND: POST /session/b0bce561eedd0ef2cd491e5795c56593/element - {"using":"xpath","value":"//bdi[contains(text(), \"Select\")]"}
RESULT: {"using":"xpath","value":"//bdi[contains(text(), \"Select\")]"}
COMMAND: POST /session/b0bce561eedd0ef2cd491e5795c56593/element/f.633F000A9FA1F61B5279087A5498CC04.d.64C9DE686A3151ECFE1274D184687AB9.e.20607/click - {}
RESULT: {}
COMMAND: GET /session/b0bce561eedd0ef2cd491e5795c56593/screenshot - {}
RESULT: {}
COMMAND: POST /session/b0bce561eedd0ef2cd491e5795c56593/element - {"using":"xpath","value":"//button[@data-kt=\"AddNewHOSaveButton\"]"}
RESULT: {"using":"xpath","value":"//button[@data-kt=\"AddNewHOSaveButton\"]"}
COMMAND: POST /session/b0bce561eedd0ef2cd491e5795c56593/element/f.633F000A9FA1F61B5279087A5498CC04.d.64C9DE686A3151ECFE1274D184687AB9.e.20611/click - {}
RESULT: {}
COMMAND: GET /session/b0bce561eedd0ef2cd491e5795c56593/screenshot - {}
RESULT: {}
COMMAND: POST /session/b0bce561eedd0ef2cd491e5795c56593/execute/async - {"script":"<script> [1562 bytes]","args":[{"selector":{"id":"receiptDatePicker","viewName":"etm.portal.ui.managehandovers.view.DetailExecuteHO","interaction":{"idSuffix":"inner"}},"wdio_ui5_key":"receiptDatePickeretmportal.ui.managehandovers.view.DetailExecuteHO"}]}
RESULT: {"script":"<script> [1562 bytes]","args":[{"selector":{"id":"receiptDatePicker","viewName":"etm.portal.ui.managehandovers.view.DetailExecuteHO","interaction":{"idSuffix":"inner"}},"wdio_ui5_key":"receiptDatePickeretmportal.ui.managehandovers.view.DetailExecuteHO"}]}
RESULT: undefined
COMMAND: POST /session/b0bce561eedd0ef2cd491e5795c56593/execute/async - {"script":"<script> [6424 bytes]","args":[{"element-6066-11e4-a52e-4f735466cecf":"f.633F000A9FA1F61B5279087A5498CC04.d.64C9DE686A3151ECFE1274D184687AB9.e.20640"},"setValue",["04/20/2025"]]}
RESULT: {"script":"<script> [6424 bytes]","args":[{"element-6066-11e4-a52e-4f735466cecf":"f.633F000A9FA1F61B5279087A5498CC04.d.64C9DE686A3151ECFE1274D184687AB9.e.20640"},"setValue",["04/20/2025"]]}
COMMAND: POST /session/b0bce561eedd0ef2cd491e5795c56593/element - {"using":"xpath","value":"//button[@data-kt=\"PickingTableConfirmAllButton\"]"}
RESULT: {"using":"xpath","value":"//button[@data-kt=\"PickingTableConfirmAllButton\"]"}
COMMAND: POST /session/b0bce561eedd0ef2cd491e5795c56593/element/f.633F000A9FA1F61B5279087A5498CC04.d.64C9DE686A3151ECFE1274D184687AB9.e.20655/click - {}
RESULT: {}
COMMAND: GET /session/b0bce561eedd0ef2cd491e5795c56593/screenshot - {}
RESULT: {}
COMMAND: POST /session/b0bce561eedd0ef2cd491e5795c56593/element - {"using":"xpath","value":"//bdi[contains(text(), \"OK\")]"}
RESULT: {"using":"xpath","value":"//bdi[contains(text(), \"OK\")]"}
COMMAND: POST /session/b0bce561eedd0ef2cd491e5795c56593/element/f.633F000A9FA1F61B5279087A5498CC04.d.64C9DE686A3151ECFE1274D184687AB9.e.20657/click - {}
RESULT: {}
COMMAND: GET /session/b0bce561eedd0ef2cd491e5795c56593/screenshot - {}
RESULT: {}
COMMAND: POST /session/b0bce561eedd0ef2cd491e5795c56593/element - {"using":"xpath","value":"(//bdi[contains(text(), \"Receive\")])[2]"}
RESULT: {"using":"xpath","value":"(//bdi[contains(text(), \"Receive\")])[2]"}
COMMAND: POST /session/b0bce561eedd0ef2cd491e5795c56593/element/f.633F000A9FA1F61B5279087A5498CC04.d.64C9DE686A3151ECFE1274D184687AB9.e.20659/click - {}
RESULT: {}
COMMAND: GET /session/b0bce561eedd0ef2cd491e5795c56593/screenshot - {}
RESULT: {}
COMMAND: POST /session/b0bce561eedd0ef2cd491e5795c56593/element - {"using":"css selector","value":"#shell-header-logo"}
RESULT: {"using":"css selector","value":"#shell-header-logo"}
COMMAND: POST /session/b0bce561eedd0ef2cd491e5795c56593/element/f.633F000A9FA1F61B5279087A5498CC04.d.64C9DE686A3151ECFE1274D184687AB9.e.20047/click - {}
RESULT: {}
COMMAND: GET /session/b0bce561eedd0ef2cd491e5795c56593/screenshot - {}
RESULT: {}
]]></system-out>
    </testcase>
    <testcase classname="chrome.135_0_7049_42.windows.Billing_Calculation_-_Time_based_(considering_transport_times)_US139738" name="Should create a new contract" time="60.922">
      <system-out><![CDATA[
COMMAND: POST /session/b0bce561eedd0ef2cd491e5795c56593/execute/async - {"script":"<script> [1562 bytes]","args":[{"selector":{"controlType":"sap.m.Text","viewName":"etm.portal.ui.managecontractstile.view.Master","properties":{"text":"Manage Contracts"},"interaction":{"idSuffix":"inner"}},"wdio_ui5_key":"etmportal.ui.managecontractstile.view.Mastersap.m.Text{\"text\":\"Manage Contracts\"}"}]}
RESULT: {"script":"<script> [1562 bytes]","args":[{"selector":{"controlType":"sap.m.Text","viewName":"etm.portal.ui.managecontractstile.view.Master","properties":{"text":"Manage Contracts"},"interaction":{"idSuffix":"inner"}},"wdio_ui5_key":"etmportal.ui.managecontractstile.view.Mastersap.m.Text{\"text\":\"Manage Contracts\"}"}]}
RESULT: undefined
COMMAND: POST /session/b0bce561eedd0ef2cd491e5795c56593/element - {"using":"xpath","value":"//*[@id=\"__tile130-title\"]"}
RESULT: {"using":"xpath","value":"//*[@id=\"__tile130-title\"]"}
COMMAND: POST /session/b0bce561eedd0ef2cd491e5795c56593/element/f.633F000A9FA1F61B5279087A5498CC04.d.64C9DE686A3151ECFE1274D184687AB9.e.20833/click - {}
RESULT: {}
COMMAND: GET /session/b0bce561eedd0ef2cd491e5795c56593/screenshot - {}
COMMAND: POST /session/b0bce561eedd0ef2cd491e5795c56593/element - {"using":"xpath","value":"//button[@data-kt=\"addButton\"]"}
RESULT: {}
RESULT: {"using":"xpath","value":"//button[@data-kt=\"addButton\"]"}
COMMAND: POST /session/b0bce561eedd0ef2cd491e5795c56593/elements - {"using":"xpath","value":"//button[@data-kt=\"addButton\"]"}
RESULT: {"using":"xpath","value":"//button[@data-kt=\"addButton\"]"}
COMMAND: POST /session/b0bce561eedd0ef2cd491e5795c56593/elements - {"using":"xpath","value":"//button[@data-kt=\"addButton\"]"}
RESULT: {"using":"xpath","value":"//button[@data-kt=\"addButton\"]"}
COMMAND: POST /session/b0bce561eedd0ef2cd491e5795c56593/elements - {"using":"xpath","value":"//button[@data-kt=\"addButton\"]"}
RESULT: {"using":"xpath","value":"//button[@data-kt=\"addButton\"]"}
COMMAND: POST /session/b0bce561eedd0ef2cd491e5795c56593/elements - {"using":"xpath","value":"//button[@data-kt=\"addButton\"]"}
RESULT: {"using":"xpath","value":"//button[@data-kt=\"addButton\"]"}
COMMAND: POST /session/b0bce561eedd0ef2cd491e5795c56593/elements - {"using":"xpath","value":"//button[@data-kt=\"addButton\"]"}
RESULT: {"using":"xpath","value":"//button[@data-kt=\"addButton\"]"}
COMMAND: POST /session/b0bce561eedd0ef2cd491e5795c56593/elements - {"using":"xpath","value":"//button[@data-kt=\"addButton\"]"}
RESULT: {"using":"xpath","value":"//button[@data-kt=\"addButton\"]"}
COMMAND: POST /session/b0bce561eedd0ef2cd491e5795c56593/elements - {"using":"xpath","value":"//button[@data-kt=\"addButton\"]"}
RESULT: {"using":"xpath","value":"//button[@data-kt=\"addButton\"]"}
COMMAND: POST /session/b0bce561eedd0ef2cd491e5795c56593/elements - {"using":"xpath","value":"//button[@data-kt=\"addButton\"]"}
RESULT: {"using":"xpath","value":"//button[@data-kt=\"addButton\"]"}
COMMAND: POST /session/b0bce561eedd0ef2cd491e5795c56593/elements - {"using":"xpath","value":"//button[@data-kt=\"addButton\"]"}
RESULT: {"using":"xpath","value":"//button[@data-kt=\"addButton\"]"}
COMMAND: POST /session/b0bce561eedd0ef2cd491e5795c56593/elements - {"using":"xpath","value":"//button[@data-kt=\"addButton\"]"}
RESULT: {"using":"xpath","value":"//button[@data-kt=\"addButton\"]"}
COMMAND: POST /session/b0bce561eedd0ef2cd491e5795c56593/elements - {"using":"xpath","value":"//button[@data-kt=\"addButton\"]"}
RESULT: {"using":"xpath","value":"//button[@data-kt=\"addButton\"]"}
COMMAND: POST /session/b0bce561eedd0ef2cd491e5795c56593/elements - {"using":"xpath","value":"//button[@data-kt=\"addButton\"]"}
RESULT: {"using":"xpath","value":"//button[@data-kt=\"addButton\"]"}
COMMAND: POST /session/b0bce561eedd0ef2cd491e5795c56593/elements - {"using":"xpath","value":"//button[@data-kt=\"addButton\"]"}
RESULT: {"using":"xpath","value":"//button[@data-kt=\"addButton\"]"}
COMMAND: POST /session/b0bce561eedd0ef2cd491e5795c56593/elements - {"using":"xpath","value":"//button[@data-kt=\"addButton\"]"}
RESULT: {"using":"xpath","value":"//button[@data-kt=\"addButton\"]"}
RESULT: undefined
COMMAND: POST /session/b0bce561eedd0ef2cd491e5795c56593/elements - {"using":"xpath","value":"//button[@data-kt=\"addButton\"]"}
RESULT: {"using":"xpath","value":"//button[@data-kt=\"addButton\"]"}
COMMAND: POST /session/b0bce561eedd0ef2cd491e5795c56593/element - {"using":"xpath","value":"//button[@data-kt=\"addButton\"]"}
RESULT: {"using":"xpath","value":"//button[@data-kt=\"addButton\"]"}
COMMAND: POST /session/b0bce561eedd0ef2cd491e5795c56593/execute/sync - {"script":"<script> [8489 bytes]","args":[{"element-6066-11e4-a52e-4f735466cecf":"f.633F000A9FA1F61B5279087A5498CC04.d.64C9DE686A3151ECFE1274D184687AB9.e.20874","ELEMENT":"f.633F000A9FA1F61B5279087A5498CC04.d.64C9DE686A3151ECFE1274D184687AB9.e.20874"}]}
RESULT: {"script":"<script> [8489 bytes]","args":[{"element-6066-11e4-a52e-4f735466cecf":"f.633F000A9FA1F61B5279087A5498CC04.d.64C9DE686A3151ECFE1274D184687AB9.e.20874","ELEMENT":"f.633F000A9FA1F61B5279087A5498CC04.d.64C9DE686A3151ECFE1274D184687AB9.e.20874"}]}
COMMAND: GET /session/b0bce561eedd0ef2cd491e5795c56593/element/f.633F000A9FA1F61B5279087A5498CC04.d.64C9DE686A3151ECFE1274D184687AB9.e.20874/enabled - {}
COMMAND: GET /session/b0bce561eedd0ef2cd491e5795c56593/screenshot - {}
RESULT: {}
COMMAND: POST /session/b0bce561eedd0ef2cd491e5795c56593/execute/sync - {"script":"<script> [8489 bytes]","args":[{"element-6066-11e4-a52e-4f735466cecf":"f.633F000A9FA1F61B5279087A5498CC04.d.64C9DE686A3151ECFE1274D184687AB9.e.20874","ELEMENT":"f.633F000A9FA1F61B5279087A5498CC04.d.64C9DE686A3151ECFE1274D184687AB9.e.20874"}]}
COMMAND: GET /session/b0bce561eedd0ef2cd491e5795c56593/screenshot - {}
RESULT: {}
RESULT: {"script":"<script> [8489 bytes]","args":[{"element-6066-11e4-a52e-4f735466cecf":"f.633F000A9FA1F61B5279087A5498CC04.d.64C9DE686A3151ECFE1274D184687AB9.e.20874","ELEMENT":"f.633F000A9FA1F61B5279087A5498CC04.d.64C9DE686A3151ECFE1274D184687AB9.e.20874"}]}
COMMAND: POST /session/b0bce561eedd0ef2cd491e5795c56593/execute/sync - {"script":"<script> [5351 bytes]","args":[{"element-6066-11e4-a52e-4f735466cecf":"f.633F000A9FA1F61B5279087A5498CC04.d.64C9DE686A3151ECFE1274D184687AB9.e.20874","ELEMENT":"f.633F000A9FA1F61B5279087A5498CC04.d.64C9DE686A3151ECFE1274D184687AB9.e.20874"}]}
COMMAND: GET /session/b0bce561eedd0ef2cd491e5795c56593/screenshot - {}
RESULT: {}
RESULT: {"script":"<script> [5351 bytes]","args":[{"element-6066-11e4-a52e-4f735466cecf":"f.633F000A9FA1F61B5279087A5498CC04.d.64C9DE686A3151ECFE1274D184687AB9.e.20874","ELEMENT":"f.633F000A9FA1F61B5279087A5498CC04.d.64C9DE686A3151ECFE1274D184687AB9.e.20874"}]}
COMMAND: GET /session/b0bce561eedd0ef2cd491e5795c56593/screenshot - {}
RESULT: {}
RESULT: {}
COMMAND: POST /session/b0bce561eedd0ef2cd491e5795c56593/element/f.633F000A9FA1F61B5279087A5498CC04.d.64C9DE686A3151ECFE1274D184687AB9.e.20874/click - {}
RESULT: {}
COMMAND: GET /session/b0bce561eedd0ef2cd491e5795c56593/screenshot - {}
RESULT: {}
COMMAND: POST /session/b0bce561eedd0ef2cd491e5795c56593/execute/async - {"script":"<script> [1562 bytes]","args":[{"selector":{"id":"application-managecontracts-display-component---AddNewContract--projectDescription","interaction":{"idSuffix":"inner"}},"wdio_ui5_key":"applicationmanagecontracts-display-component---AddNewContract--projectDescription"}]}
RESULT: {"script":"<script> [1562 bytes]","args":[{"selector":{"id":"application-managecontracts-display-component---AddNewContract--projectDescription","interaction":{"idSuffix":"inner"}},"wdio_ui5_key":"applicationmanagecontracts-display-component---AddNewContract--projectDescription"}]}
RESULT: undefined
COMMAND: POST /session/b0bce561eedd0ef2cd491e5795c56593/execute/async - {"script":"<script> [776 bytes]","args":[{"enterText":"Contract WDIO","selector":{"id":"application-managecontracts-display-component---AddNewContract--projectDescription","interaction":{"idSuffix":"inner"}},"clearTextFirst":true,"interactionType":"ENTER_TEXT"}]}
RESULT: {"script":"<script> [776 bytes]","args":[{"enterText":"Contract WDIO","selector":{"id":"application-managecontracts-display-component---AddNewContract--projectDescription","interaction":{"idSuffix":"inner"}},"clearTextFirst":true,"interactionType":"ENTER_TEXT"}]}
COMMAND: POST /session/b0bce561eedd0ef2cd491e5795c56593/element - {"using":"xpath","value":"//input[@id=\"application-managecontracts-display-component---AddNewContract--site-inner\"]"}
RESULT: {"using":"xpath","value":"//input[@id=\"application-managecontracts-display-component---AddNewContract--site-inner\"]"}
COMMAND: POST /session/b0bce561eedd0ef2cd491e5795c56593/element/f.633F000A9FA1F61B5279087A5498CC04.d.64C9DE686A3151ECFE1274D184687AB9.e.21216/clear - {}
RESULT: {}
COMMAND: POST /session/b0bce561eedd0ef2cd491e5795c56593/element/f.633F000A9FA1F61B5279087A5498CC04.d.64C9DE686A3151ECFE1274D184687AB9.e.21216/value - {"text":"2426"}
COMMAND: GET /session/b0bce561eedd0ef2cd491e5795c56593/screenshot - {}
RESULT: {"text":"2426"}
COMMAND: GET /session/b0bce561eedd0ef2cd491e5795c56593/screenshot - {}
RESULT: {}
RESULT: {}
COMMAND: POST /session/b0bce561eedd0ef2cd491e5795c56593/element - {"using":"xpath","value":"//li[.//span[text()='2426']]"}
RESULT: {"using":"xpath","value":"//li[.//span[text()='2426']]"}
COMMAND: POST /session/b0bce561eedd0ef2cd491e5795c56593/element/f.633F000A9FA1F61B5279087A5498CC04.d.64C9DE686A3151ECFE1274D184687AB9.e.21239/click - {}
RESULT: {}
COMMAND: GET /session/b0bce561eedd0ef2cd491e5795c56593/screenshot - {}
RESULT: {}
COMMAND: POST /session/b0bce561eedd0ef2cd491e5795c56593/element - {"using":"xpath","value":"//input[@id=\"application-managecontracts-display-component---AddNewContract--yardId-inner\"]"}
RESULT: {"using":"xpath","value":"//input[@id=\"application-managecontracts-display-component---AddNewContract--yardId-inner\"]"}
COMMAND: GET /session/b0bce561eedd0ef2cd491e5795c56593/element/f.633F000A9FA1F61B5279087A5498CC04.d.64C9DE686A3151ECFE1274D184687AB9.e.21217/property/value - {}
RESULT: {}
COMMAND: POST /session/b0bce561eedd0ef2cd491e5795c56593/element - {"using":"xpath","value":"//input[@id=\"application-managecontracts-display-component---AddNewContract--customerSelect-inner\"]"}
COMMAND: GET /session/b0bce561eedd0ef2cd491e5795c56593/screenshot - {}
RESULT: {"using":"xpath","value":"//input[@id=\"application-managecontracts-display-component---AddNewContract--customerSelect-inner\"]"}
COMMAND: POST /session/b0bce561eedd0ef2cd491e5795c56593/element/f.633F000A9FA1F61B5279087A5498CC04.d.64C9DE686A3151ECFE1274D184687AB9.e.21215/clear - {}
RESULT: {}
RESULT: {}
COMMAND: POST /session/b0bce561eedd0ef2cd491e5795c56593/element/f.633F000A9FA1F61B5279087A5498CC04.d.64C9DE686A3151ECFE1274D184687AB9.e.21215/value - {"text":"1469"}
COMMAND: GET /session/b0bce561eedd0ef2cd491e5795c56593/screenshot - {}
RESULT: {"text":"1469"}
COMMAND: GET /session/b0bce561eedd0ef2cd491e5795c56593/screenshot - {}
RESULT: {}
RESULT: {}
COMMAND: POST /session/b0bce561eedd0ef2cd491e5795c56593/element - {"using":"xpath","value":"//li[.//span[text()='1469']]"}
RESULT: {"using":"xpath","value":"//li[.//span[text()='1469']]"}
COMMAND: POST /session/b0bce561eedd0ef2cd491e5795c56593/element/f.633F000A9FA1F61B5279087A5498CC04.d.64C9DE686A3151ECFE1274D184687AB9.e.21242/click - {}
RESULT: {}
COMMAND: GET /session/b0bce561eedd0ef2cd491e5795c56593/screenshot - {}
RESULT: {}
COMMAND: POST /session/b0bce561eedd0ef2cd491e5795c56593/element - {"using":"xpath","value":"//button[@data-kt=\"saveButton\"]"}
RESULT: {"using":"xpath","value":"//button[@data-kt=\"saveButton\"]"}
COMMAND: POST /session/b0bce561eedd0ef2cd491e5795c56593/element/f.633F000A9FA1F61B5279087A5498CC04.d.64C9DE686A3151ECFE1274D184687AB9.e.21230/click - {}
RESULT: {}
COMMAND: GET /session/b0bce561eedd0ef2cd491e5795c56593/screenshot - {}
RESULT: {}
COMMAND: POST /session/b0bce561eedd0ef2cd491e5795c56593/element - {"using":"xpath","value":"//span[contains(@id ,\"contractDetailTitleNoExpanded\")]"}
RESULT: {"using":"xpath","value":"//span[contains(@id ,\"contractDetailTitleNoExpanded\")]"}
COMMAND: POST /session/b0bce561eedd0ef2cd491e5795c56593/elements - {"using":"xpath","value":"//span[contains(@id ,\"contractDetailTitleNoExpanded\")]"}
RESULT: {"using":"xpath","value":"//span[contains(@id ,\"contractDetailTitleNoExpanded\")]"}
COMMAND: POST /session/b0bce561eedd0ef2cd491e5795c56593/execute/sync - {"script":"<script> [56 bytes]","args":[{"element-6066-11e4-a52e-4f735466cecf":"f.633F000A9FA1F61B5279087A5498CC04.d.64C9DE686A3151ECFE1274D184687AB9.e.21254","ELEMENT":"f.633F000A9FA1F61B5279087A5498CC04.d.64C9DE686A3151ECFE1274D184687AB9.e.21254"}]}
RESULT: {"script":"<script> [56 bytes]","args":[{"element-6066-11e4-a52e-4f735466cecf":"f.633F000A9FA1F61B5279087A5498CC04.d.64C9DE686A3151ECFE1274D184687AB9.e.21254","ELEMENT":"f.633F000A9FA1F61B5279087A5498CC04.d.64C9DE686A3151ECFE1274D184687AB9.e.21254"}]}
COMMAND: GET /session/b0bce561eedd0ef2cd491e5795c56593/screenshot - {}
RESULT: {}
]]></system-out>
    </testcase>
    <testcase classname="chrome.135_0_7049_42.windows.Billing_Calculation_-_Time_based_(considering_transport_times)_US139738" name="Should add transport time checkbox on contract details" time="16.419">
      <system-out><![CDATA[
COMMAND: POST /session/b0bce561eedd0ef2cd491e5795c56593/element - {"using":"xpath","value":"//button[@data-kt=\"contractDetailEditBtnButton\"]"}
RESULT: {"using":"xpath","value":"//button[@data-kt=\"contractDetailEditBtnButton\"]"}
COMMAND: POST /session/b0bce561eedd0ef2cd491e5795c56593/element/f.633F000A9FA1F61B5279087A5498CC04.d.64C9DE686A3151ECFE1274D184687AB9.e.21256/click - {}
RESULT: {}
COMMAND: GET /session/b0bce561eedd0ef2cd491e5795c56593/screenshot - {}
RESULT: {}
COMMAND: POST /session/b0bce561eedd0ef2cd491e5795c56593/element - {"using":"xpath","value":"(//span[contains(text(), \"Contract Billing\")])[2]"}
RESULT: {"using":"xpath","value":"(//span[contains(text(), \"Contract Billing\")])[2]"}
COMMAND: POST /session/b0bce561eedd0ef2cd491e5795c56593/element/f.633F000A9FA1F61B5279087A5498CC04.d.64C9DE686A3151ECFE1274D184687AB9.e.21312/click - {}
RESULT: {}
COMMAND: GET /session/b0bce561eedd0ef2cd491e5795c56593/screenshot - {}
RESULT: {}
COMMAND: POST /session/b0bce561eedd0ef2cd491e5795c56593/element - {"using":"xpath","value":"(//div[contains(@id, \"transportTimesBilled-CbBg\")])"}
RESULT: {"using":"xpath","value":"(//div[contains(@id, \"transportTimesBilled-CbBg\")])"}
COMMAND: POST /session/b0bce561eedd0ef2cd491e5795c56593/element/f.633F000A9FA1F61B5279087A5498CC04.d.64C9DE686A3151ECFE1274D184687AB9.e.21342/click - {}
RESULT: {}
COMMAND: GET /session/b0bce561eedd0ef2cd491e5795c56593/screenshot - {}
RESULT: {}
COMMAND: POST /session/b0bce561eedd0ef2cd491e5795c56593/element - {"using":"xpath","value":"(//button[@data-kt=\"saveButton\"])[2]"}
RESULT: {"using":"xpath","value":"(//button[@data-kt=\"saveButton\"])[2]"}
COMMAND: POST /session/b0bce561eedd0ef2cd491e5795c56593/element/f.633F000A9FA1F61B5279087A5498CC04.d.64C9DE686A3151ECFE1274D184687AB9.e.21343/click - {}
RESULT: {}
COMMAND: GET /session/b0bce561eedd0ef2cd491e5795c56593/screenshot - {}
RESULT: {}
]]></system-out>
    </testcase>
    <testcase classname="chrome.135_0_7049_42.windows.Billing_Calculation_-_Time_based_(considering_transport_times)_US139738" name="Should add created equipment to contract" time="47.107">
      <system-out><![CDATA[
COMMAND: POST /session/b0bce561eedd0ef2cd491e5795c56593/element - {"using":"xpath","value":"//button[@data-kt=\"contractDetailEditBtnButton\"]"}
RESULT: {"using":"xpath","value":"//button[@data-kt=\"contractDetailEditBtnButton\"]"}
COMMAND: POST /session/b0bce561eedd0ef2cd491e5795c56593/element/f.633F000A9FA1F61B5279087A5498CC04.d.64C9DE686A3151ECFE1274D184687AB9.e.21256/click - {}
RESULT: {}
COMMAND: GET /session/b0bce561eedd0ef2cd491e5795c56593/screenshot - {}
RESULT: {}
COMMAND: POST /session/b0bce561eedd0ef2cd491e5795c56593/element - {"using":"xpath","value":"(//span[contains(text(), \"Additional Addresses\")])[2]"}
RESULT: {"using":"xpath","value":"(//span[contains(text(), \"Additional Addresses\")])[2]"}
COMMAND: POST /session/b0bce561eedd0ef2cd491e5795c56593/element/f.633F000A9FA1F61B5279087A5498CC04.d.64C9DE686A3151ECFE1274D184687AB9.e.21361/click - {}
RESULT: {}
COMMAND: GET /session/b0bce561eedd0ef2cd491e5795c56593/screenshot - {}
RESULT: {}
COMMAND: POST /session/b0bce561eedd0ef2cd491e5795c56593/element - {"using":"xpath","value":"//button[@data-kt=\"btnAddTableRowOverflowToolbarButton\"]"}
RESULT: {"using":"xpath","value":"//button[@data-kt=\"btnAddTableRowOverflowToolbarButton\"]"}
COMMAND: POST /session/b0bce561eedd0ef2cd491e5795c56593/element/f.633F000A9FA1F61B5279087A5498CC04.d.64C9DE686A3151ECFE1274D184687AB9.e.21363/click - {}
RESULT: {}
COMMAND: GET /session/b0bce561eedd0ef2cd491e5795c56593/screenshot - {}
RESULT: {}
COMMAND: POST /session/b0bce561eedd0ef2cd491e5795c56593/element - {"using":"xpath","value":"//div[(text() = 'Standard Entry' or . = 'Standard Entry')]"}
RESULT: {"using":"xpath","value":"//div[(text() = 'Standard Entry' or . = 'Standard Entry')]"}
COMMAND: POST /session/b0bce561eedd0ef2cd491e5795c56593/element/f.633F000A9FA1F61B5279087A5498CC04.d.64C9DE686A3151ECFE1274D184687AB9.e.21365/click - {}
RESULT: {}
COMMAND: GET /session/b0bce561eedd0ef2cd491e5795c56593/screenshot - {}
RESULT: {}
COMMAND: POST /session/b0bce561eedd0ef2cd491e5795c56593/element - {"using":"xpath","value":"//td[7]/div/div/input"}
RESULT: {"using":"xpath","value":"//td[7]/div/div/input"}
COMMAND: POST /session/b0bce561eedd0ef2cd491e5795c56593/element/f.633F000A9FA1F61B5279087A5498CC04.d.64C9DE686A3151ECFE1274D184687AB9.e.21374/clear - {}
RESULT: {}
COMMAND: POST /session/b0bce561eedd0ef2cd491e5795c56593/element/f.633F000A9FA1F61B5279087A5498CC04.d.64C9DE686A3151ECFE1274D184687AB9.e.21374/value - {"text":"saAwxBhEDw"}
COMMAND: GET /session/b0bce561eedd0ef2cd491e5795c56593/screenshot - {}
RESULT: {"text":"saAwxBhEDw"}
COMMAND: GET /session/b0bce561eedd0ef2cd491e5795c56593/screenshot - {}
RESULT: {}
RESULT: {}
COMMAND: POST /session/b0bce561eedd0ef2cd491e5795c56593/actions - {"actions":[{"id":"action72","type":"key","parameters":{},"actions":[{"type":"keyDown","value":""},{"type":"pause","duration":10},{"type":"keyUp","value":""}]}]}
RESULT: {"actions":[{"id":"action72","type":"key","parameters":{},"actions":[{"type":"keyDown","value":""},{"type":"pause","duration":10},{"type":"keyUp","value":""}]}]}
COMMAND: GET /session/b0bce561eedd0ef2cd491e5795c56593/screenshot - {}
COMMAND: POST /session/b0bce561eedd0ef2cd491e5795c56593/element - {"using":"xpath","value":"(//button[@data-kt=\"saveButton\"])[2]"}
RESULT: {}
RESULT: {"using":"xpath","value":"(//button[@data-kt=\"saveButton\"])[2]"}
COMMAND: POST /session/b0bce561eedd0ef2cd491e5795c56593/element/f.633F000A9FA1F61B5279087A5498CC04.d.64C9DE686A3151ECFE1274D184687AB9.e.21343/click - {}
RESULT: {}
COMMAND: GET /session/b0bce561eedd0ef2cd491e5795c56593/screenshot - {}
RESULT: {}
COMMAND: POST /session/b0bce561eedd0ef2cd491e5795c56593/element - {"using":"xpath","value":"//span[contains(@id ,\"contractItemsSmartTable-header-inner\")]"}
RESULT: {"using":"xpath","value":"//span[contains(@id ,\"contractItemsSmartTable-header-inner\")]"}
COMMAND: POST /session/b0bce561eedd0ef2cd491e5795c56593/elements - {"using":"xpath","value":"//span[contains(@id ,\"contractItemsSmartTable-header-inner\")]"}
RESULT: {"using":"xpath","value":"//span[contains(@id ,\"contractItemsSmartTable-header-inner\")]"}
COMMAND: POST /session/b0bce561eedd0ef2cd491e5795c56593/execute/sync - {"script":"<script> [56 bytes]","args":[{"element-6066-11e4-a52e-4f735466cecf":"f.633F000A9FA1F61B5279087A5498CC04.d.64C9DE686A3151ECFE1274D184687AB9.e.21397","ELEMENT":"f.633F000A9FA1F61B5279087A5498CC04.d.64C9DE686A3151ECFE1274D184687AB9.e.21397"}]}
RESULT: {"script":"<script> [56 bytes]","args":[{"element-6066-11e4-a52e-4f735466cecf":"f.633F000A9FA1F61B5279087A5498CC04.d.64C9DE686A3151ECFE1274D184687AB9.e.21397","ELEMENT":"f.633F000A9FA1F61B5279087A5498CC04.d.64C9DE686A3151ECFE1274D184687AB9.e.21397"}]}
]]></system-out>
    </testcase>
    <testcase classname="chrome.135_0_7049_42.windows.Billing_Calculation_-_Time_based_(considering_transport_times)_US139738" name="Should do a provide to site 2 step" time="146.589">
      <system-out><![CDATA[
COMMAND: POST /session/b0bce561eedd0ef2cd491e5795c56593/element - {"using":"xpath","value":"//button[@data-kt=\"provideButton\"]"}
COMMAND: GET /session/b0bce561eedd0ef2cd491e5795c56593/screenshot - {}
RESULT: {"using":"xpath","value":"//button[@data-kt=\"provideButton\"]"}
COMMAND: POST /session/b0bce561eedd0ef2cd491e5795c56593/element/f.633F000A9FA1F61B5279087A5498CC04.d.64C9DE686A3151ECFE1274D184687AB9.e.21398/click - {}
RESULT: {}
RESULT: {}
COMMAND: GET /session/b0bce561eedd0ef2cd491e5795c56593/screenshot - {}
RESULT: {}
COMMAND: POST /session/b0bce561eedd0ef2cd491e5795c56593/element - {"using":"xpath","value":"(//div[contains(@id, \"application-managehandovers-display-component---AddNewHO--oneStep-CbBg\")])"}
RESULT: {"using":"xpath","value":"(//div[contains(@id, \"application-managehandovers-display-component---AddNewHO--oneStep-CbBg\")])"}
COMMAND: POST /session/b0bce561eedd0ef2cd491e5795c56593/element/f.633F000A9FA1F61B5279087A5498CC04.d.64C9DE686A3151ECFE1274D184687AB9.e.21733/click - {}
RESULT: {}
RESULT: undefined
COMMAND: POST /session/b0bce561eedd0ef2cd491e5795c56593/execute/async - {"script":"<script> [6424 bytes]","args":[{"element-6066-11e4-a52e-4f735466cecf":"f.633F000A9FA1F61B5279087A5498CC04.d.64C9DE686A3151ECFE1274D184687AB9.e.20426"},"setValue",["04/20/2025"]]}
COMMAND: GET /session/b0bce561eedd0ef2cd491e5795c56593/screenshot - {}
COMMAND: POST /session/b0bce561eedd0ef2cd491e5795c56593/execute/async - {"script":"<script> [1562 bytes]","args":[{"selector":{"id":"application-managehandovers-display-component---AddNewHO--dueDate","interaction":{"idSuffix":"inner"}},"wdio_ui5_key":"applicationmanagehandovers-display-component---AddNewHO--dueDate"}]}
RESULT: {}
RESULT: {"script":"<script> [1562 bytes]","args":[{"selector":{"id":"application-managehandovers-display-component---AddNewHO--dueDate","interaction":{"idSuffix":"inner"}},"wdio_ui5_key":"applicationmanagehandovers-display-component---AddNewHO--dueDate"}]}
COMMAND: POST /session/b0bce561eedd0ef2cd491e5795c56593/execute/async - {"script":"<script> [6424 bytes]","args":[{"element-6066-11e4-a52e-4f735466cecf":"f.633F000A9FA1F61B5279087A5498CC04.d.64C9DE686A3151ECFE1274D184687AB9.e.21471"},"setValue",["04/20/2025"]]}
RESULT: {"script":"<script> [6424 bytes]","args":[{"element-6066-11e4-a52e-4f735466cecf":"f.633F000A9FA1F61B5279087A5498CC04.d.64C9DE686A3151ECFE1274D184687AB9.e.21471"},"setValue",["04/20/2025"]]}
COMMAND: POST /session/b0bce561eedd0ef2cd491e5795c56593/element - {"using":"xpath","value":"//bdi[contains(text(), \"Instructions\")]"}
RESULT: {"using":"xpath","value":"//bdi[contains(text(), \"Instructions\")]"}
COMMAND: POST /session/b0bce561eedd0ef2cd491e5795c56593/element/f.633F000A9FA1F61B5279087A5498CC04.d.64C9DE686A3151ECFE1274D184687AB9.e.21735/click - {}
RESULT: {}
COMMAND: GET /session/b0bce561eedd0ef2cd491e5795c56593/screenshot - {}
RESULT: {}
COMMAND: POST /session/b0bce561eedd0ef2cd491e5795c56593/element - {"using":"xpath","value":"//button[@data-kt=\"AddNewHOProvideAddItemsButton\"]"}
RESULT: {"using":"xpath","value":"//button[@data-kt=\"AddNewHOProvideAddItemsButton\"]"}
COMMAND: POST /session/b0bce561eedd0ef2cd491e5795c56593/element/f.633F000A9FA1F61B5279087A5498CC04.d.64C9DE686A3151ECFE1274D184687AB9.e.21739/click - {}
RESULT: {}
COMMAND: GET /session/b0bce561eedd0ef2cd491e5795c56593/screenshot - {}
RESULT: undefined
COMMAND: POST /session/b0bce561eedd0ef2cd491e5795c56593/element - {"using":"xpath","value":"//*[@id=\"application-managehandovers-display-component---AddNewHO--popup-sa\"]"}
RESULT: {}
RESULT: {"using":"xpath","value":"//*[@id=\"application-managehandovers-display-component---AddNewHO--popup-sa\"]"}
COMMAND: POST /session/b0bce561eedd0ef2cd491e5795c56593/element/f.633F000A9FA1F61B5279087A5498CC04.d.64C9DE686A3151ECFE1274D184687AB9.e.21755/click - {}
RESULT: {}
COMMAND: GET /session/b0bce561eedd0ef2cd491e5795c56593/screenshot - {}
RESULT: {}
COMMAND: POST /session/b0bce561eedd0ef2cd491e5795c56593/element - {"using":"xpath","value":"//*[contains(@id ,\"BDI-content\")][contains(text(), \"Select\")]"}
RESULT: {"using":"xpath","value":"//*[contains(@id ,\"BDI-content\")][contains(text(), \"Select\")]"}
COMMAND: POST /session/b0bce561eedd0ef2cd491e5795c56593/element/f.633F000A9FA1F61B5279087A5498CC04.d.64C9DE686A3151ECFE1274D184687AB9.e.21756/click - {}
RESULT: {}
COMMAND: GET /session/b0bce561eedd0ef2cd491e5795c56593/screenshot - {}
RESULT: {}
COMMAND: POST /session/b0bce561eedd0ef2cd491e5795c56593/execute/async - {"script":"<script> [1562 bytes]","args":[{"selector":{"id":"application-managehandovers-display-component---AddNewHO--confirmCreationButton","interaction":{"idSuffix":"BDI-content"}},"wdio_ui5_key":"applicationmanagehandovers-display-component---AddNewHO--confirmCreationButton"}]}
RESULT: {"script":"<script> [1562 bytes]","args":[{"selector":{"id":"application-managehandovers-display-component---AddNewHO--confirmCreationButton","interaction":{"idSuffix":"BDI-content"}},"wdio_ui5_key":"applicationmanagehandovers-display-component---AddNewHO--confirmCreationButton"}]}
RESULT: undefined
COMMAND: POST /session/b0bce561eedd0ef2cd491e5795c56593/element - {"using":"xpath","value":"//*[@id=\"application-managehandovers-display-component---AddNewHO--confirmCreationButton\"]"}
RESULT: {"using":"xpath","value":"//*[@id=\"application-managehandovers-display-component---AddNewHO--confirmCreationButton\"]"}
COMMAND: POST /session/b0bce561eedd0ef2cd491e5795c56593/element/f.633F000A9FA1F61B5279087A5498CC04.d.64C9DE686A3151ECFE1274D184687AB9.e.21518/click - {}
RESULT: {}
COMMAND: GET /session/b0bce561eedd0ef2cd491e5795c56593/screenshot - {}
RESULT: {}
COMMAND: POST /session/b0bce561eedd0ef2cd491e5795c56593/element - {"using":"xpath","value":"//button[@data-kt=\"PickingTableConfirmAllButton\"]"}
RESULT: {"using":"xpath","value":"//button[@data-kt=\"PickingTableConfirmAllButton\"]"}
COMMAND: POST /session/b0bce561eedd0ef2cd491e5795c56593/elements - {"using":"xpath","value":"//button[@data-kt=\"PickingTableConfirmAllButton\"]"}
RESULT: {"using":"xpath","value":"//button[@data-kt=\"PickingTableConfirmAllButton\"]"}
COMMAND: POST /session/b0bce561eedd0ef2cd491e5795c56593/elements - {"using":"xpath","value":"//button[@data-kt=\"PickingTableConfirmAllButton\"]"}
RESULT: {"using":"xpath","value":"//button[@data-kt=\"PickingTableConfirmAllButton\"]"}
COMMAND: POST /session/b0bce561eedd0ef2cd491e5795c56593/element - {"using":"xpath","value":"//button[@data-kt=\"PickingTableConfirmAllButton\"]"}
RESULT: {"using":"xpath","value":"//button[@data-kt=\"PickingTableConfirmAllButton\"]"}
COMMAND: POST /session/b0bce561eedd0ef2cd491e5795c56593/element/f.633F000A9FA1F61B5279087A5498CC04.d.64C9DE686A3151ECFE1274D184687AB9.e.21794/click - {}
COMMAND: POST /session/b0bce561eedd0ef2cd491e5795c56593/element - {"using":"xpath","value":"//button[@data-kt=\"PickingTableConfirmAllButton\"]"}
RESULT: {"using":"xpath","value":"//button[@data-kt=\"PickingTableConfirmAllButton\"]"}
COMMAND: POST /session/b0bce561eedd0ef2cd491e5795c56593/element/f.633F000A9FA1F61B5279087A5498CC04.d.64C9DE686A3151ECFE1274D184687AB9.e.21794/click - {}
COMMAND: POST /session/b0bce561eedd0ef2cd491e5795c56593/element - {"using":"xpath","value":"//button[@data-kt=\"PickingTableConfirmAllButton\"]"}
RESULT: {"using":"xpath","value":"//button[@data-kt=\"PickingTableConfirmAllButton\"]"}
COMMAND: POST /session/b0bce561eedd0ef2cd491e5795c56593/element/f.633F000A9FA1F61B5279087A5498CC04.d.64C9DE686A3151ECFE1274D184687AB9.e.21816/click - {}
RESULT: {}
COMMAND: GET /session/b0bce561eedd0ef2cd491e5795c56593/screenshot - {}
RESULT: {}
COMMAND: POST /session/b0bce561eedd0ef2cd491e5795c56593/element - {"using":"xpath","value":"//bdi[contains(text(), \"OK\")]"}
RESULT: {"using":"xpath","value":"//bdi[contains(text(), \"OK\")]"}
COMMAND: POST /session/b0bce561eedd0ef2cd491e5795c56593/element/f.633F000A9FA1F61B5279087A5498CC04.d.64C9DE686A3151ECFE1274D184687AB9.e.21819/click - {}
RESULT: {}
COMMAND: GET /session/b0bce561eedd0ef2cd491e5795c56593/screenshot - {}
RESULT: {}
COMMAND: POST /session/b0bce561eedd0ef2cd491e5795c56593/element - {"using":"xpath","value":"//button[@data-kt=\"execHoPickButton\"]"}
RESULT: {"using":"xpath","value":"//button[@data-kt=\"execHoPickButton\"]"}
COMMAND: POST /session/b0bce561eedd0ef2cd491e5795c56593/element/f.633F000A9FA1F61B5279087A5498CC04.d.64C9DE686A3151ECFE1274D184687AB9.e.21820/click - {}
RESULT: {}
COMMAND: GET /session/b0bce561eedd0ef2cd491e5795c56593/screenshot - {}
RESULT: {}
COMMAND: POST /session/b0bce561eedd0ef2cd491e5795c56593/element - {"using":"xpath","value":"//span[contains(@id ,\"filterItemControl_BASIC-RECEIVE_CONTRACT-vhi\")]"}
RESULT: {"using":"xpath","value":"//span[contains(@id ,\"filterItemControl_BASIC-RECEIVE_CONTRACT-vhi\")]"}
COMMAND: POST /session/b0bce561eedd0ef2cd491e5795c56593/element/f.633F000A9FA1F61B5279087A5498CC04.d.64C9DE686A3151ECFE1274D184687AB9.e.21994/click - {}
RESULT: {}
COMMAND: GET /session/b0bce561eedd0ef2cd491e5795c56593/screenshot - {}
RESULT: {}
COMMAND: POST /session/b0bce561eedd0ef2cd491e5795c56593/execute/async - {"script":"<script> [1562 bytes]","args":[{"selector":{"controlType":"sap.m.SearchField","viewName":"etm.portal.ui.managehandovers.view.MasterHO","bindingPath":{"path":"","propertyPath":"/_BASIC_SEARCH_FIELD","modelName":"fi1t3rM0d31"},"searchOpenDialogs":true,"interaction":{"idSuffix":"I"}},"wdio_ui5_key":"etmportal.ui.managehandovers.view.MasterHOsap.m.SearchField{\"path\":\"\",\"propertyPath\":\"/_BASIC_SEARCH_FIELD\",\"modelName\":\"fi1t3rM0d31\"}"}]}
RESULT: {"script":"<script> [1562 bytes]","args":[{"selector":{"controlType":"sap.m.SearchField","viewName":"etm.portal.ui.managehandovers.view.MasterHO","bindingPath":{"path":"","propertyPath":"/_BASIC_SEARCH_FIELD","modelName":"fi1t3rM0d31"},"searchOpenDialogs":true,"interaction":{"idSuffix":"I"}},"wdio_ui5_key":"etmportal.ui.managehandovers.view.MasterHOsap.m.SearchField{\"path\":\"\",\"propertyPath\":\"/_BASIC_SEARCH_FIELD\",\"modelName\":\"fi1t3rM0d31\"}"}]}
RESULT: undefined
COMMAND: POST /session/b0bce561eedd0ef2cd491e5795c56593/execute/async - {"script":"<script> [776 bytes]","args":[{"enterText":"10505","selector":{"controlType":"sap.m.SearchField","viewName":"etm.portal.ui.managehandovers.view.MasterHO","bindingPath":{"path":"","propertyPath":"/_BASIC_SEARCH_FIELD","modelName":"fi1t3rM0d31"},"searchOpenDialogs":true,"interaction":{"idSuffix":"I"}},"clearTextFirst":true,"interactionType":"ENTER_TEXT"}]}
RESULT: {"script":"<script> [776 bytes]","args":[{"enterText":"10505","selector":{"controlType":"sap.m.SearchField","viewName":"etm.portal.ui.managehandovers.view.MasterHO","bindingPath":{"path":"","propertyPath":"/_BASIC_SEARCH_FIELD","modelName":"fi1t3rM0d31"},"searchOpenDialogs":true,"interaction":{"idSuffix":"I"}},"clearTextFirst":true,"interactionType":"ENTER_TEXT"}]}
COMMAND: POST /session/b0bce561eedd0ef2cd491e5795c56593/actions - {"actions":[{"id":"action73","type":"key","parameters":{},"actions":[{"type":"keyDown","value":""},{"type":"pause","duration":10},{"type":"keyUp","value":""}]}]}
RESULT: {"actions":[{"id":"action73","type":"key","parameters":{},"actions":[{"type":"keyDown","value":""},{"type":"pause","duration":10},{"type":"keyUp","value":""}]}]}
COMMAND: GET /session/b0bce561eedd0ef2cd491e5795c56593/screenshot - {}
RESULT: {}
COMMAND: POST /session/b0bce561eedd0ef2cd491e5795c56593/element - {"using":"xpath","value":"//div[contains(@id, 'filterItemControl_BASIC-RECEIVE_CONTRACT-valueHelpDialog-table-rowsel0')]"}
RESULT: {"using":"xpath","value":"//div[contains(@id, 'filterItemControl_BASIC-RECEIVE_CONTRACT-valueHelpDialog-table-rowsel0')]"}
COMMAND: POST /session/b0bce561eedd0ef2cd491e5795c56593/element/f.633F000A9FA1F61B5279087A5498CC04.d.64C9DE686A3151ECFE1274D184687AB9.e.22005/click - {}
RESULT: {}
COMMAND: GET /session/b0bce561eedd0ef2cd491e5795c56593/screenshot - {}
RESULT: {}
COMMAND: POST /session/b0bce561eedd0ef2cd491e5795c56593/element - {"using":"xpath","value":"//bdi[contains(text(), \"OK\")]"}
RESULT: {"using":"xpath","value":"//bdi[contains(text(), \"OK\")]"}
COMMAND: POST /session/b0bce561eedd0ef2cd491e5795c56593/element/f.633F000A9FA1F61B5279087A5498CC04.d.64C9DE686A3151ECFE1274D184687AB9.e.22007/click - {}
RESULT: {}
COMMAND: GET /session/b0bce561eedd0ef2cd491e5795c56593/screenshot - {}
RESULT: {}
COMMAND: POST /session/b0bce561eedd0ef2cd491e5795c56593/element - {"using":"xpath","value":"//span[contains(@id, \"smartTable-header-inner\")]"}
RESULT: {"using":"xpath","value":"//span[contains(@id, \"smartTable-header-inner\")]"}
COMMAND: POST /session/b0bce561eedd0ef2cd491e5795c56593/elements - {"using":"xpath","value":"//span[contains(@id, \"smartTable-header-inner\")]"}
RESULT: {"using":"xpath","value":"//span[contains(@id, \"smartTable-header-inner\")]"}
COMMAND: POST /session/b0bce561eedd0ef2cd491e5795c56593/execute/sync - {"script":"<script> [56 bytes]","args":[{"element-6066-11e4-a52e-4f735466cecf":"f.633F000A9FA1F61B5279087A5498CC04.d.64C9DE686A3151ECFE1274D184687AB9.e.22036","ELEMENT":"f.633F000A9FA1F61B5279087A5498CC04.d.64C9DE686A3151ECFE1274D184687AB9.e.22036"}]}
RESULT: {"script":"<script> [56 bytes]","args":[{"element-6066-11e4-a52e-4f735466cecf":"f.633F000A9FA1F61B5279087A5498CC04.d.64C9DE686A3151ECFE1274D184687AB9.e.22036","ELEMENT":"f.633F000A9FA1F61B5279087A5498CC04.d.64C9DE686A3151ECFE1274D184687AB9.e.22036"}]}
COMMAND: POST /session/b0bce561eedd0ef2cd491e5795c56593/element - {"using":"xpath","value":"//table[contains(@id, \"customHandovers\")]//tbody/tr[1]/td[2]/span"}
COMMAND: GET /session/b0bce561eedd0ef2cd491e5795c56593/screenshot - {}
RESULT: {"using":"xpath","value":"//table[contains(@id, \"customHandovers\")]//tbody/tr[1]/td[2]/span"}
COMMAND: POST /session/b0bce561eedd0ef2cd491e5795c56593/execute/sync - {"script":"<script> [56 bytes]","args":[{"element-6066-11e4-a52e-4f735466cecf":"f.633F000A9FA1F61B5279087A5498CC04.d.64C9DE686A3151ECFE1274D184687AB9.e.22037","ELEMENT":"f.633F000A9FA1F61B5279087A5498CC04.d.64C9DE686A3151ECFE1274D184687AB9.e.22037"}]}
RESULT: {}
RESULT: {"script":"<script> [56 bytes]","args":[{"element-6066-11e4-a52e-4f735466cecf":"f.633F000A9FA1F61B5279087A5498CC04.d.64C9DE686A3151ECFE1274D184687AB9.e.22037","ELEMENT":"f.633F000A9FA1F61B5279087A5498CC04.d.64C9DE686A3151ECFE1274D184687AB9.e.22037"}]}
COMMAND: POST /session/b0bce561eedd0ef2cd491e5795c56593/element - {"using":"xpath","value":"(//span[contains(@id, \"imgNav\")])[1]"}
COMMAND: GET /session/b0bce561eedd0ef2cd491e5795c56593/screenshot - {}
RESULT: {"using":"xpath","value":"(//span[contains(@id, \"imgNav\")])[1]"}
COMMAND: POST /session/b0bce561eedd0ef2cd491e5795c56593/element/f.633F000A9FA1F61B5279087A5498CC04.d.64C9DE686A3151ECFE1274D184687AB9.e.22034/click - {}
RESULT: {}
RESULT: {}
COMMAND: GET /session/b0bce561eedd0ef2cd491e5795c56593/screenshot - {}
RESULT: {}
COMMAND: POST /session/b0bce561eedd0ef2cd491e5795c56593/element - {"using":"xpath","value":"//button[@data-kt=\"PickingTableConfirmAllButton\"]"}
RESULT: {"using":"xpath","value":"//button[@data-kt=\"PickingTableConfirmAllButton\"]"}
COMMAND: POST /session/b0bce561eedd0ef2cd491e5795c56593/element/f.633F000A9FA1F61B5279087A5498CC04.d.64C9DE686A3151ECFE1274D184687AB9.e.22055/click - {}
RESULT: {}
COMMAND: GET /session/b0bce561eedd0ef2cd491e5795c56593/screenshot - {}
RESULT: {}
COMMAND: POST /session/b0bce561eedd0ef2cd491e5795c56593/element - {"using":"xpath","value":"//bdi[contains(text(), \"OK\")]"}
RESULT: {"using":"xpath","value":"//bdi[contains(text(), \"OK\")]"}
COMMAND: POST /session/b0bce561eedd0ef2cd491e5795c56593/element/f.633F000A9FA1F61B5279087A5498CC04.d.64C9DE686A3151ECFE1274D184687AB9.e.22083/click - {}
RESULT: {}
COMMAND: GET /session/b0bce561eedd0ef2cd491e5795c56593/screenshot - {}
RESULT: {}
COMMAND: POST /session/b0bce561eedd0ef2cd491e5795c56593/element - {"using":"xpath","value":"//button[@data-kt=\"execHoIssueButton\"]"}
RESULT: {"using":"xpath","value":"//button[@data-kt=\"execHoIssueButton\"]"}
COMMAND: POST /session/b0bce561eedd0ef2cd491e5795c56593/element/f.633F000A9FA1F61B5279087A5498CC04.d.64C9DE686A3151ECFE1274D184687AB9.e.22085/click - {}
RESULT: {}
COMMAND: GET /session/b0bce561eedd0ef2cd491e5795c56593/screenshot - {}
RESULT: {}
COMMAND: POST /session/b0bce561eedd0ef2cd491e5795c56593/element - {"using":"xpath","value":"//input[contains(@id ,\"smartFilterBar-btnBasicSearch-I\")]"}
RESULT: {"using":"xpath","value":"//input[contains(@id ,\"smartFilterBar-btnBasicSearch-I\")]"}
COMMAND: POST /session/b0bce561eedd0ef2cd491e5795c56593/elements - {"using":"xpath","value":"//input[contains(@id ,\"smartFilterBar-btnBasicSearch-I\")]"}
RESULT: {"using":"xpath","value":"//input[contains(@id ,\"smartFilterBar-btnBasicSearch-I\")]"}
COMMAND: POST /session/b0bce561eedd0ef2cd491e5795c56593/execute/sync - {"script":"<script> [8489 bytes]","args":[{"element-6066-11e4-a52e-4f735466cecf":"f.633F000A9FA1F61B5279087A5498CC04.d.64C9DE686A3151ECFE1274D184687AB9.e.21470","ELEMENT":"f.633F000A9FA1F61B5279087A5498CC04.d.64C9DE686A3151ECFE1274D184687AB9.e.21470"}]}
RESULT: {"script":"<script> [8489 bytes]","args":[{"element-6066-11e4-a52e-4f735466cecf":"f.633F000A9FA1F61B5279087A5498CC04.d.64C9DE686A3151ECFE1274D184687AB9.e.21470","ELEMENT":"f.633F000A9FA1F61B5279087A5498CC04.d.64C9DE686A3151ECFE1274D184687AB9.e.21470"}]}
COMMAND: GET /session/b0bce561eedd0ef2cd491e5795c56593/element/f.633F000A9FA1F61B5279087A5498CC04.d.64C9DE686A3151ECFE1274D184687AB9.e.21470/enabled - {}
COMMAND: GET /session/b0bce561eedd0ef2cd491e5795c56593/screenshot - {}
RESULT: {}
COMMAND: POST /session/b0bce561eedd0ef2cd491e5795c56593/element/f.633F000A9FA1F61B5279087A5498CC04.d.64C9DE686A3151ECFE1274D184687AB9.e.21470/clear - {}
COMMAND: GET /session/b0bce561eedd0ef2cd491e5795c56593/screenshot - {}
RESULT: {}
RESULT: {}
COMMAND: POST /session/b0bce561eedd0ef2cd491e5795c56593/element/f.633F000A9FA1F61B5279087A5498CC04.d.64C9DE686A3151ECFE1274D184687AB9.e.21470/value - {"text":"30909"}
COMMAND: GET /session/b0bce561eedd0ef2cd491e5795c56593/screenshot - {}
RESULT: {}
RESULT: {"text":"30909"}
COMMAND: GET /session/b0bce561eedd0ef2cd491e5795c56593/screenshot - {}
RESULT: {}
RESULT: {}
COMMAND: POST /session/b0bce561eedd0ef2cd491e5795c56593/actions - {"actions":[{"id":"action74","type":"key","parameters":{},"actions":[{"type":"keyDown","value":""},{"type":"pause","duration":10},{"type":"keyUp","value":""}]}]}
RESULT: {"actions":[{"id":"action74","type":"key","parameters":{},"actions":[{"type":"keyDown","value":""},{"type":"pause","duration":10},{"type":"keyUp","value":""}]}]}
COMMAND: GET /session/b0bce561eedd0ef2cd491e5795c56593/screenshot - {}
RESULT: {}
COMMAND: POST /session/b0bce561eedd0ef2cd491e5795c56593/element - {"using":"xpath","value":"//span[contains(@id, \"smartTable-header-inner\")]"}
RESULT: {"using":"xpath","value":"//span[contains(@id, \"smartTable-header-inner\")]"}
COMMAND: POST /session/b0bce561eedd0ef2cd491e5795c56593/elements - {"using":"xpath","value":"//span[contains(@id, \"smartTable-header-inner\")]"}
RESULT: {"using":"xpath","value":"//span[contains(@id, \"smartTable-header-inner\")]"}
COMMAND: POST /session/b0bce561eedd0ef2cd491e5795c56593/execute/sync - {"script":"<script> [56 bytes]","args":[{"element-6066-11e4-a52e-4f735466cecf":"f.633F000A9FA1F61B5279087A5498CC04.d.64C9DE686A3151ECFE1274D184687AB9.e.22036","ELEMENT":"f.633F000A9FA1F61B5279087A5498CC04.d.64C9DE686A3151ECFE1274D184687AB9.e.22036"}]}
RESULT: {"script":"<script> [56 bytes]","args":[{"element-6066-11e4-a52e-4f735466cecf":"f.633F000A9FA1F61B5279087A5498CC04.d.64C9DE686A3151ECFE1274D184687AB9.e.22036","ELEMENT":"f.633F000A9FA1F61B5279087A5498CC04.d.64C9DE686A3151ECFE1274D184687AB9.e.22036"}]}
COMMAND: POST /session/b0bce561eedd0ef2cd491e5795c56593/elements - {"using":"xpath","value":"//thead[contains(@class, \"sapMTableTH\")]/tr/th"}
COMMAND: GET /session/b0bce561eedd0ef2cd491e5795c56593/screenshot - {}
RESULT: {"using":"xpath","value":"//thead[contains(@class, \"sapMTableTH\")]/tr/th"}
COMMAND: GET /session/b0bce561eedd0ef2cd491e5795c56593/element/f.633F000A9FA1F61B5279087A5498CC04.d.64C9DE686A3151ECFE1274D184687AB9.e.22124/text - {}
RESULT: {}
RESULT: {}
COMMAND: GET /session/b0bce561eedd0ef2cd491e5795c56593/element/f.633F000A9FA1F61B5279087A5498CC04.d.64C9DE686A3151ECFE1274D184687AB9.e.22125/text - {}
RESULT: {}
COMMAND: GET /session/b0bce561eedd0ef2cd491e5795c56593/element/f.633F000A9FA1F61B5279087A5498CC04.d.64C9DE686A3151ECFE1274D184687AB9.e.21464/text - {}
RESULT: {}
COMMAND: GET /session/b0bce561eedd0ef2cd491e5795c56593/element/f.633F000A9FA1F61B5279087A5498CC04.d.64C9DE686A3151ECFE1274D184687AB9.e.21466/text - {}
RESULT: {}
COMMAND: GET /session/b0bce561eedd0ef2cd491e5795c56593/element/f.633F000A9FA1F61B5279087A5498CC04.d.64C9DE686A3151ECFE1274D184687AB9.e.22089/text - {}
RESULT: {}
COMMAND: GET /session/b0bce561eedd0ef2cd491e5795c56593/element/f.633F000A9FA1F61B5279087A5498CC04.d.64C9DE686A3151ECFE1274D184687AB9.e.22090/text - {}
RESULT: {}
COMMAND: GET /session/b0bce561eedd0ef2cd491e5795c56593/element/f.633F000A9FA1F61B5279087A5498CC04.d.64C9DE686A3151ECFE1274D184687AB9.e.22091/text - {}
RESULT: {}
COMMAND: GET /session/b0bce561eedd0ef2cd491e5795c56593/element/f.633F000A9FA1F61B5279087A5498CC04.d.64C9DE686A3151ECFE1274D184687AB9.e.22092/text - {}
RESULT: {}
COMMAND: GET /session/b0bce561eedd0ef2cd491e5795c56593/element/f.633F000A9FA1F61B5279087A5498CC04.d.64C9DE686A3151ECFE1274D184687AB9.e.22093/text - {}
RESULT: {}
COMMAND: GET /session/b0bce561eedd0ef2cd491e5795c56593/element/f.633F000A9FA1F61B5279087A5498CC04.d.64C9DE686A3151ECFE1274D184687AB9.e.22094/text - {}
RESULT: {}
COMMAND: GET /session/b0bce561eedd0ef2cd491e5795c56593/element/f.633F000A9FA1F61B5279087A5498CC04.d.64C9DE686A3151ECFE1274D184687AB9.e.22095/text - {}
RESULT: {}
COMMAND: GET /session/b0bce561eedd0ef2cd491e5795c56593/element/f.633F000A9FA1F61B5279087A5498CC04.d.64C9DE686A3151ECFE1274D184687AB9.e.22096/text - {}
RESULT: {}
COMMAND: GET /session/b0bce561eedd0ef2cd491e5795c56593/element/f.633F000A9FA1F61B5279087A5498CC04.d.64C9DE686A3151ECFE1274D184687AB9.e.22097/text - {}
RESULT: {}
COMMAND: GET /session/b0bce561eedd0ef2cd491e5795c56593/element/f.633F000A9FA1F61B5279087A5498CC04.d.64C9DE686A3151ECFE1274D184687AB9.e.21467/text - {}
RESULT: {}
COMMAND: POST /session/b0bce561eedd0ef2cd491e5795c56593/element - {"using":"xpath","value":"//tbody[contains(@id, \"customHandoversTable-tblBody\")]/tr[1]/td[14]/div/span"}
RESULT: {"using":"xpath","value":"//tbody[contains(@id, \"customHandoversTable-tblBody\")]/tr[1]/td[14]/div/span"}
COMMAND: POST /session/b0bce561eedd0ef2cd491e5795c56593/execute/sync - {"script":"<script> [56 bytes]","args":[{"element-6066-11e4-a52e-4f735466cecf":"f.633F000A9FA1F61B5279087A5498CC04.d.64C9DE686A3151ECFE1274D184687AB9.e.22177","ELEMENT":"f.633F000A9FA1F61B5279087A5498CC04.d.64C9DE686A3151ECFE1274D184687AB9.e.22177"}]}
RESULT: {"script":"<script> [56 bytes]","args":[{"element-6066-11e4-a52e-4f735466cecf":"f.633F000A9FA1F61B5279087A5498CC04.d.64C9DE686A3151ECFE1274D184687AB9.e.22177","ELEMENT":"f.633F000A9FA1F61B5279087A5498CC04.d.64C9DE686A3151ECFE1274D184687AB9.e.22177"}]}
COMMAND: POST /session/b0bce561eedd0ef2cd491e5795c56593/element - {"using":"xpath","value":"(//span[contains(@id, \"imgNav\")])[1]"}
COMMAND: GET /session/b0bce561eedd0ef2cd491e5795c56593/screenshot - {}
RESULT: {}
RESULT: {"using":"xpath","value":"(//span[contains(@id, \"imgNav\")])[1]"}
COMMAND: POST /session/b0bce561eedd0ef2cd491e5795c56593/element/f.633F000A9FA1F61B5279087A5498CC04.d.64C9DE686A3151ECFE1274D184687AB9.e.22178/click - {}
RESULT: {}
COMMAND: GET /session/b0bce561eedd0ef2cd491e5795c56593/screenshot - {}
RESULT: {}
RESULT: undefined
COMMAND: POST /session/b0bce561eedd0ef2cd491e5795c56593/execute/async - {"script":"<script> [776 bytes]","args":[{"enterText":"04/27/25","selector":{"id":"receiptDatePicker","viewName":"etm.portal.ui.managehandovers.view.DetailExecuteHO","interaction":{"idSuffix":"inner"}},"clearTextFirst":true,"interactionType":"ENTER_TEXT"}]}
RESULT: {"script":"<script> [776 bytes]","args":[{"enterText":"04/27/25","selector":{"id":"receiptDatePicker","viewName":"etm.portal.ui.managehandovers.view.DetailExecuteHO","interaction":{"idSuffix":"inner"}},"clearTextFirst":true,"interactionType":"ENTER_TEXT"}]}
COMMAND: POST /session/b0bce561eedd0ef2cd491e5795c56593/element - {"using":"xpath","value":"//button[@data-kt=\"PickingTableConfirmAllButton\"]"}
RESULT: {"using":"xpath","value":"//button[@data-kt=\"PickingTableConfirmAllButton\"]"}
COMMAND: POST /session/b0bce561eedd0ef2cd491e5795c56593/element/f.633F000A9FA1F61B5279087A5498CC04.d.64C9DE686A3151ECFE1274D184687AB9.e.22207/click - {}
RESULT: {}
COMMAND: GET /session/b0bce561eedd0ef2cd491e5795c56593/screenshot - {}
RESULT: {}
COMMAND: POST /session/b0bce561eedd0ef2cd491e5795c56593/element - {"using":"xpath","value":"//bdi[contains(text(), \"OK\")]"}
RESULT: {"using":"xpath","value":"//bdi[contains(text(), \"OK\")]"}
COMMAND: POST /session/b0bce561eedd0ef2cd491e5795c56593/element/f.633F000A9FA1F61B5279087A5498CC04.d.64C9DE686A3151ECFE1274D184687AB9.e.22221/click - {}
RESULT: {}
COMMAND: GET /session/b0bce561eedd0ef2cd491e5795c56593/screenshot - {}
RESULT: {}
COMMAND: POST /session/b0bce561eedd0ef2cd491e5795c56593/element - {"using":"xpath","value":"//button[@data-kt= \"execHoReceiveButton\"]"}
RESULT: {"using":"xpath","value":"//button[@data-kt= \"execHoReceiveButton\"]"}
COMMAND: POST /session/b0bce561eedd0ef2cd491e5795c56593/element/f.633F000A9FA1F61B5279087A5498CC04.d.64C9DE686A3151ECFE1274D184687AB9.e.22223/click - {}
RESULT: {}
COMMAND: GET /session/b0bce561eedd0ef2cd491e5795c56593/screenshot - {}
RESULT: {}
COMMAND: POST /session/b0bce561eedd0ef2cd491e5795c56593/element - {"using":"xpath","value":"//input[contains(@id ,\"smartFilterBar-btnBasicSearch-I\")]"}
RESULT: {"using":"xpath","value":"//input[contains(@id ,\"smartFilterBar-btnBasicSearch-I\")]"}
COMMAND: POST /session/b0bce561eedd0ef2cd491e5795c56593/elements - {"using":"xpath","value":"//input[contains(@id ,\"smartFilterBar-btnBasicSearch-I\")]"}
RESULT: {"using":"xpath","value":"//input[contains(@id ,\"smartFilterBar-btnBasicSearch-I\")]"}
COMMAND: POST /session/b0bce561eedd0ef2cd491e5795c56593/execute/sync - {"script":"<script> [8489 bytes]","args":[{"element-6066-11e4-a52e-4f735466cecf":"f.633F000A9FA1F61B5279087A5498CC04.d.64C9DE686A3151ECFE1274D184687AB9.e.21470","ELEMENT":"f.633F000A9FA1F61B5279087A5498CC04.d.64C9DE686A3151ECFE1274D184687AB9.e.21470"}]}
RESULT: {"script":"<script> [8489 bytes]","args":[{"element-6066-11e4-a52e-4f735466cecf":"f.633F000A9FA1F61B5279087A5498CC04.d.64C9DE686A3151ECFE1274D184687AB9.e.21470","ELEMENT":"f.633F000A9FA1F61B5279087A5498CC04.d.64C9DE686A3151ECFE1274D184687AB9.e.21470"}]}
COMMAND: GET /session/b0bce561eedd0ef2cd491e5795c56593/element/f.633F000A9FA1F61B5279087A5498CC04.d.64C9DE686A3151ECFE1274D184687AB9.e.21470/enabled - {}
COMMAND: GET /session/b0bce561eedd0ef2cd491e5795c56593/screenshot - {}
RESULT: {}
COMMAND: POST /session/b0bce561eedd0ef2cd491e5795c56593/element/f.633F000A9FA1F61B5279087A5498CC04.d.64C9DE686A3151ECFE1274D184687AB9.e.21470/clear - {}
COMMAND: GET /session/b0bce561eedd0ef2cd491e5795c56593/screenshot - {}
RESULT: {}
RESULT: {}
COMMAND: POST /session/b0bce561eedd0ef2cd491e5795c56593/element/f.633F000A9FA1F61B5279087A5498CC04.d.64C9DE686A3151ECFE1274D184687AB9.e.21470/value - {"text":"30909"}
COMMAND: GET /session/b0bce561eedd0ef2cd491e5795c56593/screenshot - {}
RESULT: {}
RESULT: {"text":"30909"}
COMMAND: GET /session/b0bce561eedd0ef2cd491e5795c56593/screenshot - {}
RESULT: {}
RESULT: {}
COMMAND: POST /session/b0bce561eedd0ef2cd491e5795c56593/actions - {"actions":[{"id":"action75","type":"key","parameters":{},"actions":[{"type":"keyDown","value":""},{"type":"pause","duration":10},{"type":"keyUp","value":""}]}]}
RESULT: {"actions":[{"id":"action75","type":"key","parameters":{},"actions":[{"type":"keyDown","value":""},{"type":"pause","duration":10},{"type":"keyUp","value":""}]}]}
COMMAND: GET /session/b0bce561eedd0ef2cd491e5795c56593/screenshot - {}
RESULT: {}
COMMAND: POST /session/b0bce561eedd0ef2cd491e5795c56593/element - {"using":"xpath","value":"//span[contains(@id, \"smartTable-header-inner\")]"}
RESULT: {"using":"xpath","value":"//span[contains(@id, \"smartTable-header-inner\")]"}
COMMAND: POST /session/b0bce561eedd0ef2cd491e5795c56593/elements - {"using":"xpath","value":"//span[contains(@id, \"smartTable-header-inner\")]"}
RESULT: {"using":"xpath","value":"//span[contains(@id, \"smartTable-header-inner\")]"}
COMMAND: POST /session/b0bce561eedd0ef2cd491e5795c56593/execute/sync - {"script":"<script> [56 bytes]","args":[{"element-6066-11e4-a52e-4f735466cecf":"f.633F000A9FA1F61B5279087A5498CC04.d.64C9DE686A3151ECFE1274D184687AB9.e.22036","ELEMENT":"f.633F000A9FA1F61B5279087A5498CC04.d.64C9DE686A3151ECFE1274D184687AB9.e.22036"}]}
RESULT: {"script":"<script> [56 bytes]","args":[{"element-6066-11e4-a52e-4f735466cecf":"f.633F000A9FA1F61B5279087A5498CC04.d.64C9DE686A3151ECFE1274D184687AB9.e.22036","ELEMENT":"f.633F000A9FA1F61B5279087A5498CC04.d.64C9DE686A3151ECFE1274D184687AB9.e.22036"}]}
COMMAND: POST /session/b0bce561eedd0ef2cd491e5795c56593/elements - {"using":"xpath","value":"//thead[contains(@class, \"sapMTableTH\")]/tr/th"}
COMMAND: GET /session/b0bce561eedd0ef2cd491e5795c56593/screenshot - {}
RESULT: {"using":"xpath","value":"//thead[contains(@class, \"sapMTableTH\")]/tr/th"}
COMMAND: GET /session/b0bce561eedd0ef2cd491e5795c56593/element/f.633F000A9FA1F61B5279087A5498CC04.d.64C9DE686A3151ECFE1274D184687AB9.e.22124/text - {}
RESULT: {}
RESULT: {}
COMMAND: GET /session/b0bce561eedd0ef2cd491e5795c56593/element/f.633F000A9FA1F61B5279087A5498CC04.d.64C9DE686A3151ECFE1274D184687AB9.e.22125/text - {}
RESULT: {}
COMMAND: GET /session/b0bce561eedd0ef2cd491e5795c56593/element/f.633F000A9FA1F61B5279087A5498CC04.d.64C9DE686A3151ECFE1274D184687AB9.e.21464/text - {}
RESULT: {}
COMMAND: GET /session/b0bce561eedd0ef2cd491e5795c56593/element/f.633F000A9FA1F61B5279087A5498CC04.d.64C9DE686A3151ECFE1274D184687AB9.e.21466/text - {}
RESULT: {}
COMMAND: GET /session/b0bce561eedd0ef2cd491e5795c56593/element/f.633F000A9FA1F61B5279087A5498CC04.d.64C9DE686A3151ECFE1274D184687AB9.e.22228/text - {}
RESULT: {}
COMMAND: GET /session/b0bce561eedd0ef2cd491e5795c56593/element/f.633F000A9FA1F61B5279087A5498CC04.d.64C9DE686A3151ECFE1274D184687AB9.e.22229/text - {}
RESULT: {}
COMMAND: GET /session/b0bce561eedd0ef2cd491e5795c56593/element/f.633F000A9FA1F61B5279087A5498CC04.d.64C9DE686A3151ECFE1274D184687AB9.e.22230/text - {}
RESULT: {}
COMMAND: GET /session/b0bce561eedd0ef2cd491e5795c56593/element/f.633F000A9FA1F61B5279087A5498CC04.d.64C9DE686A3151ECFE1274D184687AB9.e.22231/text - {}
RESULT: {}
COMMAND: GET /session/b0bce561eedd0ef2cd491e5795c56593/element/f.633F000A9FA1F61B5279087A5498CC04.d.64C9DE686A3151ECFE1274D184687AB9.e.22232/text - {}
RESULT: {}
COMMAND: GET /session/b0bce561eedd0ef2cd491e5795c56593/element/f.633F000A9FA1F61B5279087A5498CC04.d.64C9DE686A3151ECFE1274D184687AB9.e.22233/text - {}
RESULT: {}
COMMAND: GET /session/b0bce561eedd0ef2cd491e5795c56593/element/f.633F000A9FA1F61B5279087A5498CC04.d.64C9DE686A3151ECFE1274D184687AB9.e.22234/text - {}
RESULT: {}
COMMAND: GET /session/b0bce561eedd0ef2cd491e5795c56593/element/f.633F000A9FA1F61B5279087A5498CC04.d.64C9DE686A3151ECFE1274D184687AB9.e.22235/text - {}
RESULT: {}
COMMAND: GET /session/b0bce561eedd0ef2cd491e5795c56593/element/f.633F000A9FA1F61B5279087A5498CC04.d.64C9DE686A3151ECFE1274D184687AB9.e.22236/text - {}
RESULT: {}
COMMAND: GET /session/b0bce561eedd0ef2cd491e5795c56593/element/f.633F000A9FA1F61B5279087A5498CC04.d.64C9DE686A3151ECFE1274D184687AB9.e.21467/text - {}
RESULT: {}
COMMAND: POST /session/b0bce561eedd0ef2cd491e5795c56593/element - {"using":"xpath","value":"//tbody[contains(@id, \"customHandoversTable-tblBody\")]/tr[1]/td[14]/div/span"}
RESULT: {"using":"xpath","value":"//tbody[contains(@id, \"customHandoversTable-tblBody\")]/tr[1]/td[14]/div/span"}
COMMAND: POST /session/b0bce561eedd0ef2cd491e5795c56593/execute/sync - {"script":"<script> [56 bytes]","args":[{"element-6066-11e4-a52e-4f735466cecf":"f.633F000A9FA1F61B5279087A5498CC04.d.64C9DE686A3151ECFE1274D184687AB9.e.22275","ELEMENT":"f.633F000A9FA1F61B5279087A5498CC04.d.64C9DE686A3151ECFE1274D184687AB9.e.22275"}]}
RESULT: {"script":"<script> [56 bytes]","args":[{"element-6066-11e4-a52e-4f735466cecf":"f.633F000A9FA1F61B5279087A5498CC04.d.64C9DE686A3151ECFE1274D184687AB9.e.22275","ELEMENT":"f.633F000A9FA1F61B5279087A5498CC04.d.64C9DE686A3151ECFE1274D184687AB9.e.22275"}]}
COMMAND: POST /session/b0bce561eedd0ef2cd491e5795c56593/element - {"using":"css selector","value":"#shell-header-logo"}
COMMAND: GET /session/b0bce561eedd0ef2cd491e5795c56593/screenshot - {}
RESULT: {"using":"css selector","value":"#shell-header-logo"}
COMMAND: POST /session/b0bce561eedd0ef2cd491e5795c56593/element/f.633F000A9FA1F61B5279087A5498CC04.d.64C9DE686A3151ECFE1274D184687AB9.e.20835/click - {}
RESULT: {}
RESULT: {}
COMMAND: GET /session/b0bce561eedd0ef2cd491e5795c56593/screenshot - {}
RESULT: {}
]]></system-out>
    </testcase>
    <testcase classname="chrome.135_0_7049_42.windows.Billing_Calculation_-_Time_based_(considering_transport_times)_US139738" name="Should navigate to Manage Billings and trigger contract calculation business confirm it" time="75.333">
      <system-out><![CDATA[
COMMAND: POST /session/b0bce561eedd0ef2cd491e5795c56593/execute/async - {"script":"<script> [1562 bytes]","args":[{"selector":{"controlType":"sap.m.GenericTile","properties":{"header":"Manage Billings"}},"wdio_ui5_key":"sapm.GenericTile{\"header\":\"Manage Billings\"}"}]}
RESULT: {"script":"<script> [1562 bytes]","args":[{"selector":{"controlType":"sap.m.GenericTile","properties":{"header":"Manage Billings"}},"wdio_ui5_key":"sapm.GenericTile{\"header\":\"Manage Billings\"}"}]}
RESULT: undefined
COMMAND: POST /session/b0bce561eedd0ef2cd491e5795c56593/element - {"using":"xpath","value":"//*[@id=\"__tile51\"]"}
RESULT: {"using":"xpath","value":"//*[@id=\"__tile51\"]"}
COMMAND: POST /session/b0bce561eedd0ef2cd491e5795c56593/element/f.633F000A9FA1F61B5279087A5498CC04.d.64C9DE686A3151ECFE1274D184687AB9.e.18836/click - {}
RESULT: {}
COMMAND: GET /session/b0bce561eedd0ef2cd491e5795c56593/screenshot - {}
RESULT: {}
COMMAND: POST /session/b0bce561eedd0ef2cd491e5795c56593/execute/async - {"script":"<script> [1562 bytes]","args":[{"selector":{"id":"application-managebillings-display-component---billRunCalcResult--smartFilterBar-btnBasicSearch","interaction":{"idSuffix":"I"}},"wdio_ui5_key":"applicationmanagebillings-display-component---billRunCalcResult--smartFilterBar-btnBasicSearch"}]}
RESULT: {"script":"<script> [1562 bytes]","args":[{"selector":{"id":"application-managebillings-display-component---billRunCalcResult--smartFilterBar-btnBasicSearch","interaction":{"idSuffix":"I"}},"wdio_ui5_key":"applicationmanagebillings-display-component---billRunCalcResult--smartFilterBar-btnBasicSearch"}]}
RESULT: undefined
COMMAND: POST /session/b0bce561eedd0ef2cd491e5795c56593/execute/async - {"script":"<script> [776 bytes]","args":[{"enterText":"10505","selector":{"id":"application-managebillings-display-component---billRunCalcResult--smartFilterBar-btnBasicSearch","interaction":{"idSuffix":"I"}},"clearTextFirst":true,"interactionType":"ENTER_TEXT"}]}
RESULT: {"script":"<script> [776 bytes]","args":[{"enterText":"10505","selector":{"id":"application-managebillings-display-component---billRunCalcResult--smartFilterBar-btnBasicSearch","interaction":{"idSuffix":"I"}},"clearTextFirst":true,"interactionType":"ENTER_TEXT"}]}
COMMAND: POST /session/b0bce561eedd0ef2cd491e5795c56593/actions - {"actions":[{"id":"action76","type":"key","parameters":{},"actions":[{"type":"keyDown","value":""},{"type":"pause","duration":10},{"type":"keyUp","value":""}]}]}
RESULT: {"actions":[{"id":"action76","type":"key","parameters":{},"actions":[{"type":"keyDown","value":""},{"type":"pause","duration":10},{"type":"keyUp","value":""}]}]}
COMMAND: GET /session/b0bce561eedd0ef2cd491e5795c56593/screenshot - {}
RESULT: {}
COMMAND: POST /session/b0bce561eedd0ef2cd491e5795c56593/element - {"using":"xpath","value":"//td[@aria-colindex=\"1\"]/div/div[contains(@class, \"sapMCbBg\")]"}
RESULT: {"using":"xpath","value":"//td[@aria-colindex=\"1\"]/div/div[contains(@class, \"sapMCbBg\")]"}
COMMAND: POST /session/b0bce561eedd0ef2cd491e5795c56593/element/f.633F000A9FA1F61B5279087A5498CC04.d.64C9DE686A3151ECFE1274D184687AB9.e.22490/click - {}
RESULT: {}
COMMAND: GET /session/b0bce561eedd0ef2cd491e5795c56593/screenshot - {}
RESULT: {}
COMMAND: POST /session/b0bce561eedd0ef2cd491e5795c56593/execute/async - {"script":"<script> [1562 bytes]","args":[{"selector":{"id":"application-managebillings-display-component---billRunCalcResult--contractBillRunDate","interaction":{"idSuffix":"inner"}},"wdio_ui5_key":"applicationmanagebillings-display-component---billRunCalcResult--contractBillRunDate"}]}
RESULT: {"script":"<script> [1562 bytes]","args":[{"selector":{"id":"application-managebillings-display-component---billRunCalcResult--contractBillRunDate","interaction":{"idSuffix":"inner"}},"wdio_ui5_key":"applicationmanagebillings-display-component---billRunCalcResult--contractBillRunDate"}]}
RESULT: undefined
COMMAND: POST /session/b0bce561eedd0ef2cd491e5795c56593/execute/async - {"script":"<script> [776 bytes]","args":[{"enterText":"04/20/25","selector":{"id":"application-managebillings-display-component---billRunCalcResult--contractBillRunDate","interaction":{"idSuffix":"inner"}},"clearTextFirst":true,"interactionType":"ENTER_TEXT"}]}
RESULT: {"script":"<script> [776 bytes]","args":[{"enterText":"04/20/25","selector":{"id":"application-managebillings-display-component---billRunCalcResult--contractBillRunDate","interaction":{"idSuffix":"inner"}},"clearTextFirst":true,"interactionType":"ENTER_TEXT"}]}
COMMAND: POST /session/b0bce561eedd0ef2cd491e5795c56593/element - {"using":"xpath","value":"//bdi[contains(text(), \"Trigger Calculation\")]"}
RESULT: {"using":"xpath","value":"//bdi[contains(text(), \"Trigger Calculation\")]"}
COMMAND: POST /session/b0bce561eedd0ef2cd491e5795c56593/element/f.633F000A9FA1F61B5279087A5498CC04.d.64C9DE686A3151ECFE1274D184687AB9.e.22541/click - {}
RESULT: {}
COMMAND: GET /session/b0bce561eedd0ef2cd491e5795c56593/screenshot - {}
RESULT: {}
COMMAND: POST /session/b0bce561eedd0ef2cd491e5795c56593/element - {"using":"xpath","value":"(//span[contains(@id, \"imgNav\")])[1]"}
RESULT: {"using":"xpath","value":"(//span[contains(@id, \"imgNav\")])[1]"}
COMMAND: POST /session/b0bce561eedd0ef2cd491e5795c56593/element/f.633F000A9FA1F61B5279087A5498CC04.d.64C9DE686A3151ECFE1274D184687AB9.e.22491/click - {}
RESULT: {}
COMMAND: GET /session/b0bce561eedd0ef2cd491e5795c56593/screenshot - {}
RESULT: {}
COMMAND: POST /session/b0bce561eedd0ef2cd491e5795c56593/element - {"using":"xpath","value":"//tr/td[6]/div[1]/span[1]/span[1]"}
RESULT: {"using":"xpath","value":"//tr/td[6]/div[1]/span[1]/span[1]"}
COMMAND: GET /session/b0bce561eedd0ef2cd491e5795c56593/element/f.633F000A9FA1F61B5279087A5498CC04.d.64C9DE686A3151ECFE1274D184687AB9.e.22547/text - {}
RESULT: {}
COMMAND: POST /session/b0bce561eedd0ef2cd491e5795c56593/element - {"using":"xpath","value":"(//span[contains(@id, \"imgNav\")])[2]"}
RESULT: {"using":"xpath","value":"(//span[contains(@id, \"imgNav\")])[2]"}
COMMAND: POST /session/b0bce561eedd0ef2cd491e5795c56593/element/f.633F000A9FA1F61B5279087A5498CC04.d.64C9DE686A3151ECFE1274D184687AB9.e.22548/click - {}
RESULT: {}
COMMAND: POST /session/b0bce561eedd0ef2cd491e5795c56593/element - {"using":"xpath","value":"//bdi[contains(text(), \"Business Confirm\")]"}
COMMAND: GET /session/b0bce561eedd0ef2cd491e5795c56593/screenshot - {}
RESULT: {"using":"xpath","value":"//bdi[contains(text(), \"Business Confirm\")]"}
COMMAND: POST /session/b0bce561eedd0ef2cd491e5795c56593/elements - {"using":"xpath","value":"//bdi[contains(text(), \"Business Confirm\")]"}
RESULT: {}
RESULT: {"using":"xpath","value":"//bdi[contains(text(), \"Business Confirm\")]"}
COMMAND: POST /session/b0bce561eedd0ef2cd491e5795c56593/element - {"using":"xpath","value":"//bdi[contains(text(), \"Business Confirm\")]"}
RESULT: {"using":"xpath","value":"//bdi[contains(text(), \"Business Confirm\")]"}
COMMAND: POST /session/b0bce561eedd0ef2cd491e5795c56593/element/f.633F000A9FA1F61B5279087A5498CC04.d.64C9DE686A3151ECFE1274D184687AB9.e.22551/click - {}
COMMAND: POST /session/b0bce561eedd0ef2cd491e5795c56593/element - {"using":"xpath","value":"//bdi[contains(text(), \"Business Confirm\")]"}
RESULT: {"using":"xpath","value":"//bdi[contains(text(), \"Business Confirm\")]"}
COMMAND: POST /session/b0bce561eedd0ef2cd491e5795c56593/element/f.633F000A9FA1F61B5279087A5498CC04.d.64C9DE686A3151ECFE1274D184687AB9.e.22551/click - {}
COMMAND: POST /session/b0bce561eedd0ef2cd491e5795c56593/element - {"using":"xpath","value":"//bdi[contains(text(), \"Business Confirm\")]"}
RESULT: {"using":"xpath","value":"//bdi[contains(text(), \"Business Confirm\")]"}
COMMAND: POST /session/b0bce561eedd0ef2cd491e5795c56593/element/f.633F000A9FA1F61B5279087A5498CC04.d.64C9DE686A3151ECFE1274D184687AB9.e.22619/click - {}
RESULT: {}
COMMAND: POST /session/b0bce561eedd0ef2cd491e5795c56593/element - {"using":"css selector","value":"#shell-header-logo"}
COMMAND: GET /session/b0bce561eedd0ef2cd491e5795c56593/screenshot - {}
RESULT: {"using":"css selector","value":"#shell-header-logo"}
COMMAND: POST /session/b0bce561eedd0ef2cd491e5795c56593/element/f.633F000A9FA1F61B5279087A5498CC04.d.64C9DE686A3151ECFE1274D184687AB9.e.22280/click - {}
RESULT: {}
RESULT: {}
COMMAND: GET /session/b0bce561eedd0ef2cd491e5795c56593/screenshot - {}
RESULT: {}
]]></system-out>
    </testcase>
    <testcase classname="chrome.135_0_7049_42.windows.Billing_Calculation_-_Time_based_(considering_transport_times)_US139738" name="Should transfer the billing all the way to completion" time="85.775">
      <system-out><![CDATA[
COMMAND: POST /session/b0bce561eedd0ef2cd491e5795c56593/execute/async - {"script":"<script> [1562 bytes]","args":[{"selector":{"controlType":"sap.m.GenericTile","properties":{"header":"Billing Transfer"}},"wdio_ui5_key":"sapm.GenericTile{\"header\":\"Billing Transfer\"}"}]}
RESULT: {"script":"<script> [1562 bytes]","args":[{"selector":{"controlType":"sap.m.GenericTile","properties":{"header":"Billing Transfer"}},"wdio_ui5_key":"sapm.GenericTile{\"header\":\"Billing Transfer\"}"}]}
RESULT: undefined
COMMAND: POST /session/b0bce561eedd0ef2cd491e5795c56593/element - {"using":"xpath","value":"//*[@id=\"__tile50\"]"}
RESULT: {"using":"xpath","value":"//*[@id=\"__tile50\"]"}
COMMAND: POST /session/b0bce561eedd0ef2cd491e5795c56593/element/f.633F000A9FA1F61B5279087A5498CC04.d.64C9DE686A3151ECFE1274D184687AB9.e.18834/click - {}
RESULT: {}
COMMAND: POST /session/b0bce561eedd0ef2cd491e5795c56593/element - {"using":"xpath","value":"//input[contains(@id ,\"application-billingtransfer-display-component---billingWorkbench--smartFilterBar-btnBasicSearch\")]"}
COMMAND: GET /session/b0bce561eedd0ef2cd491e5795c56593/screenshot - {}
RESULT: {"using":"xpath","value":"//input[contains(@id ,\"application-billingtransfer-display-component---billingWorkbench--smartFilterBar-btnBasicSearch\")]"}
COMMAND: POST /session/b0bce561eedd0ef2cd491e5795c56593/elements - {"using":"xpath","value":"//input[contains(@id ,\"application-billingtransfer-display-component---billingWorkbench--smartFilterBar-btnBasicSearch\")]"}
RESULT: {}
RESULT: {"using":"xpath","value":"//input[contains(@id ,\"application-billingtransfer-display-component---billingWorkbench--smartFilterBar-btnBasicSearch\")]"}
COMMAND: POST /session/b0bce561eedd0ef2cd491e5795c56593/elements - {"using":"xpath","value":"//input[contains(@id ,\"application-billingtransfer-display-component---billingWorkbench--smartFilterBar-btnBasicSearch\")]"}
RESULT: {"using":"xpath","value":"//input[contains(@id ,\"application-billingtransfer-display-component---billingWorkbench--smartFilterBar-btnBasicSearch\")]"}
COMMAND: POST /session/b0bce561eedd0ef2cd491e5795c56593/elements - {"using":"xpath","value":"//input[contains(@id ,\"application-billingtransfer-display-component---billingWorkbench--smartFilterBar-btnBasicSearch\")]"}
RESULT: {"using":"xpath","value":"//input[contains(@id ,\"application-billingtransfer-display-component---billingWorkbench--smartFilterBar-btnBasicSearch\")]"}
COMMAND: POST /session/b0bce561eedd0ef2cd491e5795c56593/elements - {"using":"xpath","value":"//input[contains(@id ,\"application-billingtransfer-display-component---billingWorkbench--smartFilterBar-btnBasicSearch\")]"}
RESULT: {"using":"xpath","value":"//input[contains(@id ,\"application-billingtransfer-display-component---billingWorkbench--smartFilterBar-btnBasicSearch\")]"}
COMMAND: POST /session/b0bce561eedd0ef2cd491e5795c56593/elements - {"using":"xpath","value":"//input[contains(@id ,\"application-billingtransfer-display-component---billingWorkbench--smartFilterBar-btnBasicSearch\")]"}
RESULT: {"using":"xpath","value":"//input[contains(@id ,\"application-billingtransfer-display-component---billingWorkbench--smartFilterBar-btnBasicSearch\")]"}
COMMAND: POST /session/b0bce561eedd0ef2cd491e5795c56593/elements - {"using":"xpath","value":"//input[contains(@id ,\"application-billingtransfer-display-component---billingWorkbench--smartFilterBar-btnBasicSearch\")]"}
RESULT: {"using":"xpath","value":"//input[contains(@id ,\"application-billingtransfer-display-component---billingWorkbench--smartFilterBar-btnBasicSearch\")]"}
COMMAND: POST /session/b0bce561eedd0ef2cd491e5795c56593/element - {"using":"xpath","value":"//input[contains(@id ,\"application-billingtransfer-display-component---billingWorkbench--smartFilterBar-btnBasicSearch\")]"}
RESULT: {"using":"xpath","value":"//input[contains(@id ,\"application-billingtransfer-display-component---billingWorkbench--smartFilterBar-btnBasicSearch\")]"}
COMMAND: POST /session/b0bce561eedd0ef2cd491e5795c56593/execute/sync - {"script":"<script> [8489 bytes]","args":[{"element-6066-11e4-a52e-4f735466cecf":"f.633F000A9FA1F61B5279087A5498CC04.d.64C9DE686A3151ECFE1274D184687AB9.e.22628","ELEMENT":"f.633F000A9FA1F61B5279087A5498CC04.d.64C9DE686A3151ECFE1274D184687AB9.e.22628"}]}
RESULT: {"script":"<script> [8489 bytes]","args":[{"element-6066-11e4-a52e-4f735466cecf":"f.633F000A9FA1F61B5279087A5498CC04.d.64C9DE686A3151ECFE1274D184687AB9.e.22628","ELEMENT":"f.633F000A9FA1F61B5279087A5498CC04.d.64C9DE686A3151ECFE1274D184687AB9.e.22628"}]}
COMMAND: GET /session/b0bce561eedd0ef2cd491e5795c56593/element/f.633F000A9FA1F61B5279087A5498CC04.d.64C9DE686A3151ECFE1274D184687AB9.e.22628/enabled - {}
COMMAND: GET /session/b0bce561eedd0ef2cd491e5795c56593/screenshot - {}
RESULT: {}
COMMAND: POST /session/b0bce561eedd0ef2cd491e5795c56593/element/f.633F000A9FA1F61B5279087A5498CC04.d.64C9DE686A3151ECFE1274D184687AB9.e.22628/click - {}
COMMAND: GET /session/b0bce561eedd0ef2cd491e5795c56593/screenshot - {}
RESULT: {}
RESULT: {}
COMMAND: GET /session/b0bce561eedd0ef2cd491e5795c56593/screenshot - {}
RESULT: {}
RESULT: {}
COMMAND: POST /session/b0bce561eedd0ef2cd491e5795c56593/element/f.633F000A9FA1F61B5279087A5498CC04.d.64C9DE686A3151ECFE1274D184687AB9.e.22628/clear - {}
RESULT: {}
COMMAND: POST /session/b0bce561eedd0ef2cd491e5795c56593/element/f.633F000A9FA1F61B5279087A5498CC04.d.64C9DE686A3151ECFE1274D184687AB9.e.22628/value - {"text":"10505"}
COMMAND: GET /session/b0bce561eedd0ef2cd491e5795c56593/screenshot - {}
RESULT: {"text":"10505"}
COMMAND: POST /session/b0bce561eedd0ef2cd491e5795c56593/actions - {"actions":[{"id":"action77","type":"key","parameters":{},"actions":[{"type":"keyDown","value":""},{"type":"pause","duration":10},{"type":"keyUp","value":""}]}]}
COMMAND: GET /session/b0bce561eedd0ef2cd491e5795c56593/screenshot - {}
RESULT: {}
RESULT: {"actions":[{"id":"action77","type":"key","parameters":{},"actions":[{"type":"keyDown","value":""},{"type":"pause","duration":10},{"type":"keyUp","value":""}]}]}
COMMAND: GET /session/b0bce561eedd0ef2cd491e5795c56593/screenshot - {}
RESULT: {}
RESULT: {}
COMMAND: POST /session/b0bce561eedd0ef2cd491e5795c56593/element - {"using":"xpath","value":"//span[contains(@id ,\"application-billingtransfer-display-component---billingWorkbench--smartTableBillingRuns-header-inner\")]"}
RESULT: {"using":"xpath","value":"//span[contains(@id ,\"application-billingtransfer-display-component---billingWorkbench--smartTableBillingRuns-header-inner\")]"}
COMMAND: POST /session/b0bce561eedd0ef2cd491e5795c56593/elements - {"using":"xpath","value":"//span[contains(@id ,\"application-billingtransfer-display-component---billingWorkbench--smartTableBillingRuns-header-inner\")]"}
RESULT: {"using":"xpath","value":"//span[contains(@id ,\"application-billingtransfer-display-component---billingWorkbench--smartTableBillingRuns-header-inner\")]"}
COMMAND: POST /session/b0bce561eedd0ef2cd491e5795c56593/execute/sync - {"script":"<script> [56 bytes]","args":[{"element-6066-11e4-a52e-4f735466cecf":"f.633F000A9FA1F61B5279087A5498CC04.d.64C9DE686A3151ECFE1274D184687AB9.e.22781","ELEMENT":"f.633F000A9FA1F61B5279087A5498CC04.d.64C9DE686A3151ECFE1274D184687AB9.e.22781"}]}
RESULT: {"script":"<script> [56 bytes]","args":[{"element-6066-11e4-a52e-4f735466cecf":"f.633F000A9FA1F61B5279087A5498CC04.d.64C9DE686A3151ECFE1274D184687AB9.e.22781","ELEMENT":"f.633F000A9FA1F61B5279087A5498CC04.d.64C9DE686A3151ECFE1274D184687AB9.e.22781"}]}
COMMAND: POST /session/b0bce561eedd0ef2cd491e5795c56593/element - {"using":"xpath","value":"//td[@aria-colindex=\"1\"]/div/div[contains(@class, \"sapMCbBg\")]"}
COMMAND: GET /session/b0bce561eedd0ef2cd491e5795c56593/screenshot - {}
RESULT: {"using":"xpath","value":"//td[@aria-colindex=\"1\"]/div/div[contains(@class, \"sapMCbBg\")]"}
COMMAND: POST /session/b0bce561eedd0ef2cd491e5795c56593/element/f.633F000A9FA1F61B5279087A5498CC04.d.64C9DE686A3151ECFE1274D184687AB9.e.22743/click - {}
RESULT: {}
RESULT: {}
COMMAND: GET /session/b0bce561eedd0ef2cd491e5795c56593/screenshot - {}
RESULT: {}
COMMAND: POST /session/b0bce561eedd0ef2cd491e5795c56593/element - {"using":"xpath","value":"//bdi[contains(text(), \"Check\")]"}
RESULT: {"using":"xpath","value":"//bdi[contains(text(), \"Check\")]"}
COMMAND: POST /session/b0bce561eedd0ef2cd491e5795c56593/element/f.633F000A9FA1F61B5279087A5498CC04.d.64C9DE686A3151ECFE1274D184687AB9.e.22782/click - {}
RESULT: {}
COMMAND: GET /session/b0bce561eedd0ef2cd491e5795c56593/screenshot - {}
RESULT: {}
COMMAND: POST /session/b0bce561eedd0ef2cd491e5795c56593/element - {"using":"xpath","value":"//bdi[contains(text(), \"OK\")]"}
RESULT: {"using":"xpath","value":"//bdi[contains(text(), \"OK\")]"}
COMMAND: POST /session/b0bce561eedd0ef2cd491e5795c56593/element/f.633F000A9FA1F61B5279087A5498CC04.d.64C9DE686A3151ECFE1274D184687AB9.e.22785/click - {}
RESULT: {}
COMMAND: GET /session/b0bce561eedd0ef2cd491e5795c56593/screenshot - {}
RESULT: {}
COMMAND: POST /session/b0bce561eedd0ef2cd491e5795c56593/element - {"using":"xpath","value":"(//span[contains(text(), \"CO/SD checked\")]/parent::div/preceding-sibling::div/span)[1]"}
RESULT: {"using":"xpath","value":"(//span[contains(text(), \"CO/SD checked\")]/parent::div/preceding-sibling::div/span)[1]"}
COMMAND: POST /session/b0bce561eedd0ef2cd491e5795c56593/element/f.633F000A9FA1F61B5279087A5498CC04.d.64C9DE686A3151ECFE1274D184687AB9.e.22795/click - {}
RESULT: {}
COMMAND: GET /session/b0bce561eedd0ef2cd491e5795c56593/screenshot - {}
RESULT: {}
COMMAND: POST /session/b0bce561eedd0ef2cd491e5795c56593/element - {"using":"xpath","value":"//input[contains(@id ,\"application-billingtransfer-display-component---billingWorkbench--smartFilterBar-btnBasicSearch\")]"}
RESULT: {"using":"xpath","value":"//input[contains(@id ,\"application-billingtransfer-display-component---billingWorkbench--smartFilterBar-btnBasicSearch\")]"}
COMMAND: POST /session/b0bce561eedd0ef2cd491e5795c56593/elements - {"using":"xpath","value":"//input[contains(@id ,\"application-billingtransfer-display-component---billingWorkbench--smartFilterBar-btnBasicSearch\")]"}
RESULT: {"using":"xpath","value":"//input[contains(@id ,\"application-billingtransfer-display-component---billingWorkbench--smartFilterBar-btnBasicSearch\")]"}
COMMAND: POST /session/b0bce561eedd0ef2cd491e5795c56593/execute/sync - {"script":"<script> [8489 bytes]","args":[{"element-6066-11e4-a52e-4f735466cecf":"f.633F000A9FA1F61B5279087A5498CC04.d.64C9DE686A3151ECFE1274D184687AB9.e.22628","ELEMENT":"f.633F000A9FA1F61B5279087A5498CC04.d.64C9DE686A3151ECFE1274D184687AB9.e.22628"}]}
RESULT: {"script":"<script> [8489 bytes]","args":[{"element-6066-11e4-a52e-4f735466cecf":"f.633F000A9FA1F61B5279087A5498CC04.d.64C9DE686A3151ECFE1274D184687AB9.e.22628","ELEMENT":"f.633F000A9FA1F61B5279087A5498CC04.d.64C9DE686A3151ECFE1274D184687AB9.e.22628"}]}
COMMAND: GET /session/b0bce561eedd0ef2cd491e5795c56593/element/f.633F000A9FA1F61B5279087A5498CC04.d.64C9DE686A3151ECFE1274D184687AB9.e.22628/enabled - {}
COMMAND: GET /session/b0bce561eedd0ef2cd491e5795c56593/screenshot - {}
RESULT: {}
COMMAND: POST /session/b0bce561eedd0ef2cd491e5795c56593/element/f.633F000A9FA1F61B5279087A5498CC04.d.64C9DE686A3151ECFE1274D184687AB9.e.22628/click - {}
COMMAND: GET /session/b0bce561eedd0ef2cd491e5795c56593/screenshot - {}
RESULT: {}
RESULT: {}
COMMAND: GET /session/b0bce561eedd0ef2cd491e5795c56593/screenshot - {}
RESULT: {}
RESULT: {}
COMMAND: POST /session/b0bce561eedd0ef2cd491e5795c56593/element/f.633F000A9FA1F61B5279087A5498CC04.d.64C9DE686A3151ECFE1274D184687AB9.e.22628/clear - {}
RESULT: {}
COMMAND: POST /session/b0bce561eedd0ef2cd491e5795c56593/element/f.633F000A9FA1F61B5279087A5498CC04.d.64C9DE686A3151ECFE1274D184687AB9.e.22628/value - {"text":"10505"}
COMMAND: GET /session/b0bce561eedd0ef2cd491e5795c56593/screenshot - {}
RESULT: {"text":"10505"}
COMMAND: POST /session/b0bce561eedd0ef2cd491e5795c56593/actions - {"actions":[{"id":"action78","type":"key","parameters":{},"actions":[{"type":"keyDown","value":""},{"type":"pause","duration":10},{"type":"keyUp","value":""}]}]}
COMMAND: GET /session/b0bce561eedd0ef2cd491e5795c56593/screenshot - {}
RESULT: {}
RESULT: {"actions":[{"id":"action78","type":"key","parameters":{},"actions":[{"type":"keyDown","value":""},{"type":"pause","duration":10},{"type":"keyUp","value":""}]}]}
COMMAND: GET /session/b0bce561eedd0ef2cd491e5795c56593/screenshot - {}
RESULT: {}
RESULT: {}
COMMAND: POST /session/b0bce561eedd0ef2cd491e5795c56593/element - {"using":"xpath","value":"//span[contains(@id ,\"application-billingtransfer-display-component---billingWorkbench--smartTableBillingRuns-header-inner\")]"}
RESULT: {"using":"xpath","value":"//span[contains(@id ,\"application-billingtransfer-display-component---billingWorkbench--smartTableBillingRuns-header-inner\")]"}
COMMAND: POST /session/b0bce561eedd0ef2cd491e5795c56593/elements - {"using":"xpath","value":"//span[contains(@id ,\"application-billingtransfer-display-component---billingWorkbench--smartTableBillingRuns-header-inner\")]"}
RESULT: {"using":"xpath","value":"//span[contains(@id ,\"application-billingtransfer-display-component---billingWorkbench--smartTableBillingRuns-header-inner\")]"}
COMMAND: POST /session/b0bce561eedd0ef2cd491e5795c56593/execute/sync - {"script":"<script> [56 bytes]","args":[{"element-6066-11e4-a52e-4f735466cecf":"f.633F000A9FA1F61B5279087A5498CC04.d.64C9DE686A3151ECFE1274D184687AB9.e.22781","ELEMENT":"f.633F000A9FA1F61B5279087A5498CC04.d.64C9DE686A3151ECFE1274D184687AB9.e.22781"}]}
RESULT: {"script":"<script> [56 bytes]","args":[{"element-6066-11e4-a52e-4f735466cecf":"f.633F000A9FA1F61B5279087A5498CC04.d.64C9DE686A3151ECFE1274D184687AB9.e.22781","ELEMENT":"f.633F000A9FA1F61B5279087A5498CC04.d.64C9DE686A3151ECFE1274D184687AB9.e.22781"}]}
COMMAND: POST /session/b0bce561eedd0ef2cd491e5795c56593/element - {"using":"xpath","value":"//td[@aria-colindex=\"1\"]/div/div[contains(@class, \"sapMCbBg\")]"}
COMMAND: GET /session/b0bce561eedd0ef2cd491e5795c56593/screenshot - {}
RESULT: {"using":"xpath","value":"//td[@aria-colindex=\"1\"]/div/div[contains(@class, \"sapMCbBg\")]"}
COMMAND: POST /session/b0bce561eedd0ef2cd491e5795c56593/element/f.633F000A9FA1F61B5279087A5498CC04.d.64C9DE686A3151ECFE1274D184687AB9.e.22798/click - {}
RESULT: {}
RESULT: {}
COMMAND: GET /session/b0bce561eedd0ef2cd491e5795c56593/screenshot - {}
RESULT: {}
COMMAND: POST /session/b0bce561eedd0ef2cd491e5795c56593/element - {"using":"xpath","value":"//bdi[text()=\"Transfer\"]"}
RESULT: {"using":"xpath","value":"//bdi[text()=\"Transfer\"]"}
COMMAND: POST /session/b0bce561eedd0ef2cd491e5795c56593/element/f.633F000A9FA1F61B5279087A5498CC04.d.64C9DE686A3151ECFE1274D184687AB9.e.22799/click - {}
RESULT: {}
COMMAND: GET /session/b0bce561eedd0ef2cd491e5795c56593/screenshot - {}
RESULT: {}
COMMAND: POST /session/b0bce561eedd0ef2cd491e5795c56593/element - {"using":"xpath","value":"//bdi[contains(text(), \"OK\")]"}
RESULT: {"using":"xpath","value":"//bdi[contains(text(), \"OK\")]"}
COMMAND: POST /session/b0bce561eedd0ef2cd491e5795c56593/element/f.633F000A9FA1F61B5279087A5498CC04.d.64C9DE686A3151ECFE1274D184687AB9.e.22802/click - {}
RESULT: {}
COMMAND: GET /session/b0bce561eedd0ef2cd491e5795c56593/screenshot - {}
RESULT: {}
COMMAND: POST /session/b0bce561eedd0ef2cd491e5795c56593/element - {"using":"xpath","value":"(//span[contains(text(), \"Completed\")]/parent::div/preceding-sibling::div/span)[1]"}
RESULT: {"using":"xpath","value":"(//span[contains(text(), \"Completed\")]/parent::div/preceding-sibling::div/span)[1]"}
COMMAND: POST /session/b0bce561eedd0ef2cd491e5795c56593/element/f.633F000A9FA1F61B5279087A5498CC04.d.64C9DE686A3151ECFE1274D184687AB9.e.22811/click - {}
RESULT: {}
COMMAND: POST /session/b0bce561eedd0ef2cd491e5795c56593/element - {"using":"xpath","value":"//input[contains(@id ,\"application-billingtransfer-display-component---billingWorkbench--smartFilterBar-btnBasicSearch\")]"}
COMMAND: GET /session/b0bce561eedd0ef2cd491e5795c56593/screenshot - {}
RESULT: {"using":"xpath","value":"//input[contains(@id ,\"application-billingtransfer-display-component---billingWorkbench--smartFilterBar-btnBasicSearch\")]"}
COMMAND: POST /session/b0bce561eedd0ef2cd491e5795c56593/elements - {"using":"xpath","value":"//input[contains(@id ,\"application-billingtransfer-display-component---billingWorkbench--smartFilterBar-btnBasicSearch\")]"}
RESULT: {}
RESULT: {"using":"xpath","value":"//input[contains(@id ,\"application-billingtransfer-display-component---billingWorkbench--smartFilterBar-btnBasicSearch\")]"}
COMMAND: POST /session/b0bce561eedd0ef2cd491e5795c56593/execute/sync - {"script":"<script> [8489 bytes]","args":[{"element-6066-11e4-a52e-4f735466cecf":"f.633F000A9FA1F61B5279087A5498CC04.d.64C9DE686A3151ECFE1274D184687AB9.e.22628","ELEMENT":"f.633F000A9FA1F61B5279087A5498CC04.d.64C9DE686A3151ECFE1274D184687AB9.e.22628"}]}
RESULT: {"script":"<script> [8489 bytes]","args":[{"element-6066-11e4-a52e-4f735466cecf":"f.633F000A9FA1F61B5279087A5498CC04.d.64C9DE686A3151ECFE1274D184687AB9.e.22628","ELEMENT":"f.633F000A9FA1F61B5279087A5498CC04.d.64C9DE686A3151ECFE1274D184687AB9.e.22628"}]}
COMMAND: GET /session/b0bce561eedd0ef2cd491e5795c56593/element/f.633F000A9FA1F61B5279087A5498CC04.d.64C9DE686A3151ECFE1274D184687AB9.e.22628/enabled - {}
COMMAND: GET /session/b0bce561eedd0ef2cd491e5795c56593/screenshot - {}
RESULT: {}
COMMAND: POST /session/b0bce561eedd0ef2cd491e5795c56593/element/f.633F000A9FA1F61B5279087A5498CC04.d.64C9DE686A3151ECFE1274D184687AB9.e.22628/click - {}
COMMAND: GET /session/b0bce561eedd0ef2cd491e5795c56593/screenshot - {}
RESULT: {}
RESULT: {}
COMMAND: GET /session/b0bce561eedd0ef2cd491e5795c56593/screenshot - {}
RESULT: {}
RESULT: {}
COMMAND: POST /session/b0bce561eedd0ef2cd491e5795c56593/element/f.633F000A9FA1F61B5279087A5498CC04.d.64C9DE686A3151ECFE1274D184687AB9.e.22628/clear - {}
RESULT: {}
COMMAND: POST /session/b0bce561eedd0ef2cd491e5795c56593/element/f.633F000A9FA1F61B5279087A5498CC04.d.64C9DE686A3151ECFE1274D184687AB9.e.22628/value - {"text":"10505"}
COMMAND: GET /session/b0bce561eedd0ef2cd491e5795c56593/screenshot - {}
RESULT: {"text":"10505"}
COMMAND: POST /session/b0bce561eedd0ef2cd491e5795c56593/actions - {"actions":[{"id":"action79","type":"key","parameters":{},"actions":[{"type":"keyDown","value":""},{"type":"pause","duration":10},{"type":"keyUp","value":""}]}]}
COMMAND: GET /session/b0bce561eedd0ef2cd491e5795c56593/screenshot - {}
RESULT: {}
RESULT: {"actions":[{"id":"action79","type":"key","parameters":{},"actions":[{"type":"keyDown","value":""},{"type":"pause","duration":10},{"type":"keyUp","value":""}]}]}
COMMAND: GET /session/b0bce561eedd0ef2cd491e5795c56593/screenshot - {}
RESULT: {}
RESULT: {}
COMMAND: POST /session/b0bce561eedd0ef2cd491e5795c56593/element - {"using":"xpath","value":"//span[contains(@id ,\"application-billingtransfer-display-component---billingWorkbench--smartTableBillingRuns-header-inner\")]"}
RESULT: {"using":"xpath","value":"//span[contains(@id ,\"application-billingtransfer-display-component---billingWorkbench--smartTableBillingRuns-header-inner\")]"}
COMMAND: POST /session/b0bce561eedd0ef2cd491e5795c56593/elements - {"using":"xpath","value":"//span[contains(@id ,\"application-billingtransfer-display-component---billingWorkbench--smartTableBillingRuns-header-inner\")]"}
RESULT: {"using":"xpath","value":"//span[contains(@id ,\"application-billingtransfer-display-component---billingWorkbench--smartTableBillingRuns-header-inner\")]"}
COMMAND: POST /session/b0bce561eedd0ef2cd491e5795c56593/execute/sync - {"script":"<script> [56 bytes]","args":[{"element-6066-11e4-a52e-4f735466cecf":"f.633F000A9FA1F61B5279087A5498CC04.d.64C9DE686A3151ECFE1274D184687AB9.e.22781","ELEMENT":"f.633F000A9FA1F61B5279087A5498CC04.d.64C9DE686A3151ECFE1274D184687AB9.e.22781"}]}
RESULT: {"script":"<script> [56 bytes]","args":[{"element-6066-11e4-a52e-4f735466cecf":"f.633F000A9FA1F61B5279087A5498CC04.d.64C9DE686A3151ECFE1274D184687AB9.e.22781","ELEMENT":"f.633F000A9FA1F61B5279087A5498CC04.d.64C9DE686A3151ECFE1274D184687AB9.e.22781"}]}
COMMAND: POST /session/b0bce561eedd0ef2cd491e5795c56593/element - {"using":"css selector","value":"#shell-header-logo"}
COMMAND: GET /session/b0bce561eedd0ef2cd491e5795c56593/screenshot - {}
RESULT: {"using":"css selector","value":"#shell-header-logo"}
COMMAND: POST /session/b0bce561eedd0ef2cd491e5795c56593/element/f.633F000A9FA1F61B5279087A5498CC04.d.64C9DE686A3151ECFE1274D184687AB9.e.22626/click - {}
RESULT: {}
RESULT: {}
COMMAND: GET /session/b0bce561eedd0ef2cd491e5795c56593/screenshot - {}
RESULT: {}
]]></system-out>
    </testcase>
    <testcase classname="chrome.135_0_7049_42.windows.Billing_Calculation_-_Time_based_(considering_transport_times)_US139738" name="Should navigate to the contract item check the billed until field value" time="44.753">
      <system-out><![CDATA[
RESULT: undefined
COMMAND: POST /session/b0bce561eedd0ef2cd491e5795c56593/element - {"using":"xpath","value":"//*[@id=\"__tile130-title\"]"}
RESULT: {"using":"xpath","value":"//*[@id=\"__tile130-title\"]"}
COMMAND: POST /session/b0bce561eedd0ef2cd491e5795c56593/element/f.633F000A9FA1F61B5279087A5498CC04.d.64C9DE686A3151ECFE1274D184687AB9.e.20833/click - {}
RESULT: {}
COMMAND: GET /session/b0bce561eedd0ef2cd491e5795c56593/screenshot - {}
RESULT: undefined
RESULT: undefined
COMMAND: POST /session/b0bce561eedd0ef2cd491e5795c56593/element - {"using":"xpath","value":"//button[@data-kt=\"addButton\"]"}
RESULT: {}
RESULT: {"using":"xpath","value":"//button[@data-kt=\"addButton\"]"}
COMMAND: POST /session/b0bce561eedd0ef2cd491e5795c56593/elements - {"using":"xpath","value":"//button[@data-kt=\"addButton\"]"}
RESULT: {"using":"xpath","value":"//button[@data-kt=\"addButton\"]"}
COMMAND: POST /session/b0bce561eedd0ef2cd491e5795c56593/execute/sync - {"script":"<script> [8489 bytes]","args":[{"element-6066-11e4-a52e-4f735466cecf":"f.633F000A9FA1F61B5279087A5498CC04.d.64C9DE686A3151ECFE1274D184687AB9.e.22893","ELEMENT":"f.633F000A9FA1F61B5279087A5498CC04.d.64C9DE686A3151ECFE1274D184687AB9.e.22893"}]}
RESULT: {"script":"<script> [8489 bytes]","args":[{"element-6066-11e4-a52e-4f735466cecf":"f.633F000A9FA1F61B5279087A5498CC04.d.64C9DE686A3151ECFE1274D184687AB9.e.22893","ELEMENT":"f.633F000A9FA1F61B5279087A5498CC04.d.64C9DE686A3151ECFE1274D184687AB9.e.22893"}]}
COMMAND: GET /session/b0bce561eedd0ef2cd491e5795c56593/element/f.633F000A9FA1F61B5279087A5498CC04.d.64C9DE686A3151ECFE1274D184687AB9.e.22893/enabled - {}
COMMAND: GET /session/b0bce561eedd0ef2cd491e5795c56593/screenshot - {}
RESULT: {}
COMMAND: POST /session/b0bce561eedd0ef2cd491e5795c56593/execute/sync - {"script":"<script> [8489 bytes]","args":[{"element-6066-11e4-a52e-4f735466cecf":"f.633F000A9FA1F61B5279087A5498CC04.d.64C9DE686A3151ECFE1274D184687AB9.e.22893","ELEMENT":"f.633F000A9FA1F61B5279087A5498CC04.d.64C9DE686A3151ECFE1274D184687AB9.e.22893"}]}
COMMAND: GET /session/b0bce561eedd0ef2cd491e5795c56593/screenshot - {}
RESULT: {}
RESULT: {"script":"<script> [8489 bytes]","args":[{"element-6066-11e4-a52e-4f735466cecf":"f.633F000A9FA1F61B5279087A5498CC04.d.64C9DE686A3151ECFE1274D184687AB9.e.22893","ELEMENT":"f.633F000A9FA1F61B5279087A5498CC04.d.64C9DE686A3151ECFE1274D184687AB9.e.22893"}]}
COMMAND: POST /session/b0bce561eedd0ef2cd491e5795c56593/execute/sync - {"script":"<script> [5351 bytes]","args":[{"element-6066-11e4-a52e-4f735466cecf":"f.633F000A9FA1F61B5279087A5498CC04.d.64C9DE686A3151ECFE1274D184687AB9.e.22893","ELEMENT":"f.633F000A9FA1F61B5279087A5498CC04.d.64C9DE686A3151ECFE1274D184687AB9.e.22893"}]}
COMMAND: GET /session/b0bce561eedd0ef2cd491e5795c56593/screenshot - {}
RESULT: {}
RESULT: {"script":"<script> [5351 bytes]","args":[{"element-6066-11e4-a52e-4f735466cecf":"f.633F000A9FA1F61B5279087A5498CC04.d.64C9DE686A3151ECFE1274D184687AB9.e.22893","ELEMENT":"f.633F000A9FA1F61B5279087A5498CC04.d.64C9DE686A3151ECFE1274D184687AB9.e.22893"}]}
COMMAND: POST /session/b0bce561eedd0ef2cd491e5795c56593/element - {"using":"xpath","value":"//input[contains(@id ,\"smartContractFilterBar-btnBasicSearch-I\")]"}
COMMAND: GET /session/b0bce561eedd0ef2cd491e5795c56593/screenshot - {}
RESULT: {}
RESULT: {"using":"xpath","value":"//input[contains(@id ,\"smartContractFilterBar-btnBasicSearch-I\")]"}
COMMAND: POST /session/b0bce561eedd0ef2cd491e5795c56593/elements - {"using":"xpath","value":"//input[contains(@id ,\"smartContractFilterBar-btnBasicSearch-I\")]"}
RESULT: {}
RESULT: {"using":"xpath","value":"//input[contains(@id ,\"smartContractFilterBar-btnBasicSearch-I\")]"}
COMMAND: POST /session/b0bce561eedd0ef2cd491e5795c56593/execute/sync - {"script":"<script> [8489 bytes]","args":[{"element-6066-11e4-a52e-4f735466cecf":"f.633F000A9FA1F61B5279087A5498CC04.d.64C9DE686A3151ECFE1274D184687AB9.e.22818","ELEMENT":"f.633F000A9FA1F61B5279087A5498CC04.d.64C9DE686A3151ECFE1274D184687AB9.e.22818"}]}
RESULT: {"script":"<script> [8489 bytes]","args":[{"element-6066-11e4-a52e-4f735466cecf":"f.633F000A9FA1F61B5279087A5498CC04.d.64C9DE686A3151ECFE1274D184687AB9.e.22818","ELEMENT":"f.633F000A9FA1F61B5279087A5498CC04.d.64C9DE686A3151ECFE1274D184687AB9.e.22818"}]}
COMMAND: GET /session/b0bce561eedd0ef2cd491e5795c56593/element/f.633F000A9FA1F61B5279087A5498CC04.d.64C9DE686A3151ECFE1274D184687AB9.e.22818/enabled - {}
COMMAND: GET /session/b0bce561eedd0ef2cd491e5795c56593/screenshot - {}
RESULT: {}
COMMAND: POST /session/b0bce561eedd0ef2cd491e5795c56593/element/f.633F000A9FA1F61B5279087A5498CC04.d.64C9DE686A3151ECFE1274D184687AB9.e.22818/clear - {}
COMMAND: GET /session/b0bce561eedd0ef2cd491e5795c56593/screenshot - {}
RESULT: {}
RESULT: {}
COMMAND: POST /session/b0bce561eedd0ef2cd491e5795c56593/element/f.633F000A9FA1F61B5279087A5498CC04.d.64C9DE686A3151ECFE1274D184687AB9.e.22818/value - {"text":"10505"}
COMMAND: GET /session/b0bce561eedd0ef2cd491e5795c56593/screenshot - {}
RESULT: {}
RESULT: {"text":"10505"}
COMMAND: GET /session/b0bce561eedd0ef2cd491e5795c56593/screenshot - {}
RESULT: {}
RESULT: {}
COMMAND: POST /session/b0bce561eedd0ef2cd491e5795c56593/actions - {"actions":[{"id":"action80","type":"key","parameters":{},"actions":[{"type":"keyDown","value":""},{"type":"pause","duration":10},{"type":"keyUp","value":""}]}]}
RESULT: {"actions":[{"id":"action80","type":"key","parameters":{},"actions":[{"type":"keyDown","value":""},{"type":"pause","duration":10},{"type":"keyUp","value":""}]}]}
COMMAND: GET /session/b0bce561eedd0ef2cd491e5795c56593/screenshot - {}
RESULT: {}
COMMAND: POST /session/b0bce561eedd0ef2cd491e5795c56593/element - {"using":"xpath","value":"//span[contains(@id, \"masterListContractsSmartTable-header-inner\")]"}
RESULT: {"using":"xpath","value":"//span[contains(@id, \"masterListContractsSmartTable-header-inner\")]"}
COMMAND: POST /session/b0bce561eedd0ef2cd491e5795c56593/elements - {"using":"xpath","value":"//span[contains(@id, \"masterListContractsSmartTable-header-inner\")]"}
RESULT: {"using":"xpath","value":"//span[contains(@id, \"masterListContractsSmartTable-header-inner\")]"}
COMMAND: POST /session/b0bce561eedd0ef2cd491e5795c56593/execute/sync - {"script":"<script> [56 bytes]","args":[{"element-6066-11e4-a52e-4f735466cecf":"f.633F000A9FA1F61B5279087A5498CC04.d.64C9DE686A3151ECFE1274D184687AB9.e.23133","ELEMENT":"f.633F000A9FA1F61B5279087A5498CC04.d.64C9DE686A3151ECFE1274D184687AB9.e.23133"}]}
RESULT: {"script":"<script> [56 bytes]","args":[{"element-6066-11e4-a52e-4f735466cecf":"f.633F000A9FA1F61B5279087A5498CC04.d.64C9DE686A3151ECFE1274D184687AB9.e.23133","ELEMENT":"f.633F000A9FA1F61B5279087A5498CC04.d.64C9DE686A3151ECFE1274D184687AB9.e.23133"}]}
COMMAND: POST /session/b0bce561eedd0ef2cd491e5795c56593/element - {"using":"xpath","value":"(//span[contains(@id, \"imgNav\")])[1]"}
COMMAND: GET /session/b0bce561eedd0ef2cd491e5795c56593/screenshot - {}
RESULT: {"using":"xpath","value":"(//span[contains(@id, \"imgNav\")])[1]"}
COMMAND: POST /session/b0bce561eedd0ef2cd491e5795c56593/element/f.633F000A9FA1F61B5279087A5498CC04.d.64C9DE686A3151ECFE1274D184687AB9.e.23130/click - {}
RESULT: {}
RESULT: {}
COMMAND: GET /session/b0bce561eedd0ef2cd491e5795c56593/screenshot - {}
RESULT: {}
COMMAND: POST /session/b0bce561eedd0ef2cd491e5795c56593/element - {"using":"xpath","value":"//tr[@data-kt=\"productsColumnListItem\"]//td//span[contains(@id, \"imgNav\")][1]"}
RESULT: {"using":"xpath","value":"//tr[@data-kt=\"productsColumnListItem\"]//td//span[contains(@id, \"imgNav\")][1]"}
COMMAND: POST /session/b0bce561eedd0ef2cd491e5795c56593/element/f.633F000A9FA1F61B5279087A5498CC04.d.64C9DE686A3151ECFE1274D184687AB9.e.23287/click - {}
RESULT: {}
COMMAND: GET /session/b0bce561eedd0ef2cd491e5795c56593/screenshot - {}
RESULT: {}
COMMAND: POST /session/b0bce561eedd0ef2cd491e5795c56593/element - {"using":"xpath","value":"//section[contains(@id, \"application-managecontracts-display-component---BillingItem--ObjectPageLayout-OPHeaderContent\")]/div/div/div/div/div[2]/div/div[2]/span"}
RESULT: {"using":"xpath","value":"//section[contains(@id, \"application-managecontracts-display-component---BillingItem--ObjectPageLayout-OPHeaderContent\")]/div/div/div/div/div[2]/div/div[2]/span"}
COMMAND: POST /session/b0bce561eedd0ef2cd491e5795c56593/execute/sync - {"script":"<script> [56 bytes]","args":[{"element-6066-11e4-a52e-4f735466cecf":"f.633F000A9FA1F61B5279087A5498CC04.d.64C9DE686A3151ECFE1274D184687AB9.e.23423","ELEMENT":"f.633F000A9FA1F61B5279087A5498CC04.d.64C9DE686A3151ECFE1274D184687AB9.e.23423"}]}
RESULT: {"script":"<script> [56 bytes]","args":[{"element-6066-11e4-a52e-4f735466cecf":"f.633F000A9FA1F61B5279087A5498CC04.d.64C9DE686A3151ECFE1274D184687AB9.e.23423","ELEMENT":"f.633F000A9FA1F61B5279087A5498CC04.d.64C9DE686A3151ECFE1274D184687AB9.e.23423"}]}
COMMAND: POST /session/b0bce561eedd0ef2cd491e5795c56593/element - {"using":"xpath","value":"//table[contains(@id, \"application-managecontracts-display-component---BillingItem--billingList-listUl\")]//td//*[contains(text(), \"partial billed\")]"}
COMMAND: GET /session/b0bce561eedd0ef2cd491e5795c56593/screenshot - {}
RESULT: {"using":"xpath","value":"//table[contains(@id, \"application-managecontracts-display-component---BillingItem--billingList-listUl\")]//td//*[contains(text(), \"partial billed\")]"}
COMMAND: POST /session/b0bce561eedd0ef2cd491e5795c56593/execute/sync - {"script":"<script> [56 bytes]","args":[{"element-6066-11e4-a52e-4f735466cecf":"f.633F000A9FA1F61B5279087A5498CC04.d.64C9DE686A3151ECFE1274D184687AB9.e.23424","ELEMENT":"f.633F000A9FA1F61B5279087A5498CC04.d.64C9DE686A3151ECFE1274D184687AB9.e.23424"}]}
RESULT: {}
RESULT: {"script":"<script> [56 bytes]","args":[{"element-6066-11e4-a52e-4f735466cecf":"f.633F000A9FA1F61B5279087A5498CC04.d.64C9DE686A3151ECFE1274D184687AB9.e.23424","ELEMENT":"f.633F000A9FA1F61B5279087A5498CC04.d.64C9DE686A3151ECFE1274D184687AB9.e.23424"}]}
COMMAND: POST /session/b0bce561eedd0ef2cd491e5795c56593/element - {"using":"css selector","value":"#shell-header-logo"}
COMMAND: GET /session/b0bce561eedd0ef2cd491e5795c56593/screenshot - {}
RESULT: {"using":"css selector","value":"#shell-header-logo"}
COMMAND: POST /session/b0bce561eedd0ef2cd491e5795c56593/element/f.633F000A9FA1F61B5279087A5498CC04.d.64C9DE686A3151ECFE1274D184687AB9.e.22816/click - {}
RESULT: {}
RESULT: {}
COMMAND: GET /session/b0bce561eedd0ef2cd491e5795c56593/screenshot - {}
RESULT: {}
]]></system-out>
    </testcase>
    <testcase classname="chrome.135_0_7049_42.windows.Billing_Calculation_-_Time_based_(considering_transport_times)_US139738" name="Should do a handover return 2 step 7 days after provide or 14 days from today receive it in 21 days" time="182.728">
      <system-out><![CDATA[
RESULT: undefined
COMMAND: POST /session/b0bce561eedd0ef2cd491e5795c56593/element - {"using":"xpath","value":"//*[@id=\"__tile130-title\"]"}
RESULT: {"using":"xpath","value":"//*[@id=\"__tile130-title\"]"}
COMMAND: POST /session/b0bce561eedd0ef2cd491e5795c56593/element/f.633F000A9FA1F61B5279087A5498CC04.d.64C9DE686A3151ECFE1274D184687AB9.e.20833/click - {}
RESULT: undefined
RESULT: undefined
RESULT: {}
COMMAND: GET /session/b0bce561eedd0ef2cd491e5795c56593/screenshot - {}
COMMAND: POST /session/b0bce561eedd0ef2cd491e5795c56593/element - {"using":"xpath","value":"//button[@data-kt=\"addButton\"]"}
RESULT: {}
RESULT: {"using":"xpath","value":"//button[@data-kt=\"addButton\"]"}
COMMAND: POST /session/b0bce561eedd0ef2cd491e5795c56593/elements - {"using":"xpath","value":"//button[@data-kt=\"addButton\"]"}
RESULT: {"using":"xpath","value":"//button[@data-kt=\"addButton\"]"}
COMMAND: POST /session/b0bce561eedd0ef2cd491e5795c56593/execute/sync - {"script":"<script> [8489 bytes]","args":[{"element-6066-11e4-a52e-4f735466cecf":"f.633F000A9FA1F61B5279087A5498CC04.d.64C9DE686A3151ECFE1274D184687AB9.e.23494","ELEMENT":"f.633F000A9FA1F61B5279087A5498CC04.d.64C9DE686A3151ECFE1274D184687AB9.e.23494"}]}
RESULT: {"script":"<script> [8489 bytes]","args":[{"element-6066-11e4-a52e-4f735466cecf":"f.633F000A9FA1F61B5279087A5498CC04.d.64C9DE686A3151ECFE1274D184687AB9.e.23494","ELEMENT":"f.633F000A9FA1F61B5279087A5498CC04.d.64C9DE686A3151ECFE1274D184687AB9.e.23494"}]}
COMMAND: GET /session/b0bce561eedd0ef2cd491e5795c56593/element/f.633F000A9FA1F61B5279087A5498CC04.d.64C9DE686A3151ECFE1274D184687AB9.e.23494/enabled - {}
COMMAND: GET /session/b0bce561eedd0ef2cd491e5795c56593/screenshot - {}
RESULT: {}
COMMAND: POST /session/b0bce561eedd0ef2cd491e5795c56593/execute/sync - {"script":"<script> [8489 bytes]","args":[{"element-6066-11e4-a52e-4f735466cecf":"f.633F000A9FA1F61B5279087A5498CC04.d.64C9DE686A3151ECFE1274D184687AB9.e.23494","ELEMENT":"f.633F000A9FA1F61B5279087A5498CC04.d.64C9DE686A3151ECFE1274D184687AB9.e.23494"}]}
COMMAND: GET /session/b0bce561eedd0ef2cd491e5795c56593/screenshot - {}
RESULT: {}
RESULT: {"script":"<script> [8489 bytes]","args":[{"element-6066-11e4-a52e-4f735466cecf":"f.633F000A9FA1F61B5279087A5498CC04.d.64C9DE686A3151ECFE1274D184687AB9.e.23494","ELEMENT":"f.633F000A9FA1F61B5279087A5498CC04.d.64C9DE686A3151ECFE1274D184687AB9.e.23494"}]}
COMMAND: POST /session/b0bce561eedd0ef2cd491e5795c56593/execute/sync - {"script":"<script> [5351 bytes]","args":[{"element-6066-11e4-a52e-4f735466cecf":"f.633F000A9FA1F61B5279087A5498CC04.d.64C9DE686A3151ECFE1274D184687AB9.e.23494","ELEMENT":"f.633F000A9FA1F61B5279087A5498CC04.d.64C9DE686A3151ECFE1274D184687AB9.e.23494"}]}
COMMAND: GET /session/b0bce561eedd0ef2cd491e5795c56593/screenshot - {}
RESULT: {}
RESULT: {"script":"<script> [5351 bytes]","args":[{"element-6066-11e4-a52e-4f735466cecf":"f.633F000A9FA1F61B5279087A5498CC04.d.64C9DE686A3151ECFE1274D184687AB9.e.23494","ELEMENT":"f.633F000A9FA1F61B5279087A5498CC04.d.64C9DE686A3151ECFE1274D184687AB9.e.23494"}]}
COMMAND: GET /session/b0bce561eedd0ef2cd491e5795c56593/screenshot - {}
RESULT: {}
RESULT: {}
COMMAND: POST /session/b0bce561eedd0ef2cd491e5795c56593/element - {"using":"xpath","value":"//input[contains(@id ,\"smartContractFilterBar-btnBasicSearch-I\")]"}
RESULT: {"using":"xpath","value":"//input[contains(@id ,\"smartContractFilterBar-btnBasicSearch-I\")]"}
COMMAND: POST /session/b0bce561eedd0ef2cd491e5795c56593/elements - {"using":"xpath","value":"//input[contains(@id ,\"smartContractFilterBar-btnBasicSearch-I\")]"}
RESULT: {"using":"xpath","value":"//input[contains(@id ,\"smartContractFilterBar-btnBasicSearch-I\")]"}
COMMAND: POST /session/b0bce561eedd0ef2cd491e5795c56593/execute/sync - {"script":"<script> [8489 bytes]","args":[{"element-6066-11e4-a52e-4f735466cecf":"f.633F000A9FA1F61B5279087A5498CC04.d.64C9DE686A3151ECFE1274D184687AB9.e.23430","ELEMENT":"f.633F000A9FA1F61B5279087A5498CC04.d.64C9DE686A3151ECFE1274D184687AB9.e.23430"}]}
RESULT: {"script":"<script> [8489 bytes]","args":[{"element-6066-11e4-a52e-4f735466cecf":"f.633F000A9FA1F61B5279087A5498CC04.d.64C9DE686A3151ECFE1274D184687AB9.e.23430","ELEMENT":"f.633F000A9FA1F61B5279087A5498CC04.d.64C9DE686A3151ECFE1274D184687AB9.e.23430"}]}
COMMAND: GET /session/b0bce561eedd0ef2cd491e5795c56593/element/f.633F000A9FA1F61B5279087A5498CC04.d.64C9DE686A3151ECFE1274D184687AB9.e.23430/enabled - {}
COMMAND: GET /session/b0bce561eedd0ef2cd491e5795c56593/screenshot - {}
RESULT: {}
COMMAND: POST /session/b0bce561eedd0ef2cd491e5795c56593/element/f.633F000A9FA1F61B5279087A5498CC04.d.64C9DE686A3151ECFE1274D184687AB9.e.23430/clear - {}
COMMAND: GET /session/b0bce561eedd0ef2cd491e5795c56593/screenshot - {}
RESULT: {}
RESULT: {}
COMMAND: POST /session/b0bce561eedd0ef2cd491e5795c56593/element/f.633F000A9FA1F61B5279087A5498CC04.d.64C9DE686A3151ECFE1274D184687AB9.e.23430/value - {"text":"10505"}
COMMAND: GET /session/b0bce561eedd0ef2cd491e5795c56593/screenshot - {}
RESULT: {}
RESULT: {"text":"10505"}
COMMAND: GET /session/b0bce561eedd0ef2cd491e5795c56593/screenshot - {}
RESULT: {}
RESULT: {}
COMMAND: POST /session/b0bce561eedd0ef2cd491e5795c56593/actions - {"actions":[{"id":"action81","type":"key","parameters":{},"actions":[{"type":"keyDown","value":""},{"type":"pause","duration":10},{"type":"keyUp","value":""}]}]}
RESULT: {"actions":[{"id":"action81","type":"key","parameters":{},"actions":[{"type":"keyDown","value":""},{"type":"pause","duration":10},{"type":"keyUp","value":""}]}]}
COMMAND: GET /session/b0bce561eedd0ef2cd491e5795c56593/screenshot - {}
RESULT: {}
COMMAND: POST /session/b0bce561eedd0ef2cd491e5795c56593/element - {"using":"xpath","value":"//span[contains(@id, \"masterListContractsSmartTable-header-inner\")]"}
RESULT: {"using":"xpath","value":"//span[contains(@id, \"masterListContractsSmartTable-header-inner\")]"}
COMMAND: POST /session/b0bce561eedd0ef2cd491e5795c56593/elements - {"using":"xpath","value":"//span[contains(@id, \"masterListContractsSmartTable-header-inner\")]"}
RESULT: {"using":"xpath","value":"//span[contains(@id, \"masterListContractsSmartTable-header-inner\")]"}
COMMAND: POST /session/b0bce561eedd0ef2cd491e5795c56593/execute/sync - {"script":"<script> [56 bytes]","args":[{"element-6066-11e4-a52e-4f735466cecf":"f.633F000A9FA1F61B5279087A5498CC04.d.64C9DE686A3151ECFE1274D184687AB9.e.23736","ELEMENT":"f.633F000A9FA1F61B5279087A5498CC04.d.64C9DE686A3151ECFE1274D184687AB9.e.23736"}]}
RESULT: {"script":"<script> [56 bytes]","args":[{"element-6066-11e4-a52e-4f735466cecf":"f.633F000A9FA1F61B5279087A5498CC04.d.64C9DE686A3151ECFE1274D184687AB9.e.23736","ELEMENT":"f.633F000A9FA1F61B5279087A5498CC04.d.64C9DE686A3151ECFE1274D184687AB9.e.23736"}]}
COMMAND: POST /session/b0bce561eedd0ef2cd491e5795c56593/element - {"using":"xpath","value":"(//span[contains(@id, \"imgNav\")])[1]"}
COMMAND: GET /session/b0bce561eedd0ef2cd491e5795c56593/screenshot - {}
RESULT: {"using":"xpath","value":"(//span[contains(@id, \"imgNav\")])[1]"}
COMMAND: POST /session/b0bce561eedd0ef2cd491e5795c56593/element/f.633F000A9FA1F61B5279087A5498CC04.d.64C9DE686A3151ECFE1274D184687AB9.e.23733/click - {}
RESULT: {}
RESULT: {}
COMMAND: GET /session/b0bce561eedd0ef2cd491e5795c56593/screenshot - {}
RESULT: {}
COMMAND: POST /session/b0bce561eedd0ef2cd491e5795c56593/element - {"using":"xpath","value":"//button[contains(@id, \"contractDetailReturnButton\")]"}
RESULT: {"using":"xpath","value":"//button[contains(@id, \"contractDetailReturnButton\")]"}
COMMAND: POST /session/b0bce561eedd0ef2cd491e5795c56593/element/f.633F000A9FA1F61B5279087A5498CC04.d.64C9DE686A3151ECFE1274D184687AB9.e.23859/click - {}
RESULT: {}
COMMAND: GET /session/b0bce561eedd0ef2cd491e5795c56593/screenshot - {}
RESULT: {}
RESULT: undefined
COMMAND: POST /session/b0bce561eedd0ef2cd491e5795c56593/execute/async - {"script":"<script> [776 bytes]","args":[{"enterText":"05/04/25","selector":{"id":"application-managehandovers-display-component---AddNewHO--dueDate","interaction":{"idSuffix":"inner"}},"clearTextFirst":true,"interactionType":"ENTER_TEXT"}]}
RESULT: {"script":"<script> [776 bytes]","args":[{"enterText":"05/04/25","selector":{"id":"application-managehandovers-display-component---AddNewHO--dueDate","interaction":{"idSuffix":"inner"}},"clearTextFirst":true,"interactionType":"ENTER_TEXT"}]}
COMMAND: POST /session/b0bce561eedd0ef2cd491e5795c56593/element - {"using":"xpath","value":"//bdi[contains(text(), \"Instructions\")]"}
RESULT: {"using":"xpath","value":"//bdi[contains(text(), \"Instructions\")]"}
COMMAND: POST /session/b0bce561eedd0ef2cd491e5795c56593/element/f.633F000A9FA1F61B5279087A5498CC04.d.64C9DE686A3151ECFE1274D184687AB9.e.24176/click - {}
RESULT: {}
COMMAND: GET /session/b0bce561eedd0ef2cd491e5795c56593/screenshot - {}
RESULT: {}
COMMAND: POST /session/b0bce561eedd0ef2cd491e5795c56593/element - {"using":"xpath","value":"//button[@data-kt=\"AddNewHOProvideAddItemsButton\"]"}
RESULT: {"using":"xpath","value":"//button[@data-kt=\"AddNewHOProvideAddItemsButton\"]"}
COMMAND: POST /session/b0bce561eedd0ef2cd491e5795c56593/element/f.633F000A9FA1F61B5279087A5498CC04.d.64C9DE686A3151ECFE1274D184687AB9.e.24180/click - {}
RESULT: {}
COMMAND: GET /session/b0bce561eedd0ef2cd491e5795c56593/screenshot - {}
RESULT: {}
RESULT: undefined
COMMAND: POST /session/b0bce561eedd0ef2cd491e5795c56593/element - {"using":"xpath","value":"//*[@id=\"application-managehandovers-display-component---AddNewHO--popup-sa\"]"}
RESULT: {"using":"xpath","value":"//*[@id=\"application-managehandovers-display-component---AddNewHO--popup-sa\"]"}
COMMAND: POST /session/b0bce561eedd0ef2cd491e5795c56593/element/f.633F000A9FA1F61B5279087A5498CC04.d.64C9DE686A3151ECFE1274D184687AB9.e.24184/click - {}
RESULT: {}
COMMAND: GET /session/b0bce561eedd0ef2cd491e5795c56593/screenshot - {}
RESULT: {}
COMMAND: POST /session/b0bce561eedd0ef2cd491e5795c56593/element - {"using":"xpath","value":"//*[contains(@id ,\"BDI-content\")][contains(text(), \"Select\")]"}
RESULT: {"using":"xpath","value":"//*[contains(@id ,\"BDI-content\")][contains(text(), \"Select\")]"}
COMMAND: POST /session/b0bce561eedd0ef2cd491e5795c56593/element/f.633F000A9FA1F61B5279087A5498CC04.d.64C9DE686A3151ECFE1274D184687AB9.e.24192/click - {}
RESULT: {}
COMMAND: GET /session/b0bce561eedd0ef2cd491e5795c56593/screenshot - {}
RESULT: {}
COMMAND: POST /session/b0bce561eedd0ef2cd491e5795c56593/element - {"using":"xpath","value":"(//div[contains(@id, \"application-managehandovers-display-component---AddNewHO--oneStep-CbBg\")])"}
RESULT: {"using":"xpath","value":"(//div[contains(@id, \"application-managehandovers-display-component---AddNewHO--oneStep-CbBg\")])"}
COMMAND: POST /session/b0bce561eedd0ef2cd491e5795c56593/element/f.633F000A9FA1F61B5279087A5498CC04.d.64C9DE686A3151ECFE1274D184687AB9.e.24200/click - {}
RESULT: {}
RESULT: undefined
COMMAND: POST /session/b0bce561eedd0ef2cd491e5795c56593/element - {"using":"xpath","value":"//*[@id=\"application-managehandovers-display-component---AddNewHO--confirmCreationButton\"]"}
COMMAND: GET /session/b0bce561eedd0ef2cd491e5795c56593/screenshot - {}
RESULT: {"using":"xpath","value":"//*[@id=\"application-managehandovers-display-component---AddNewHO--confirmCreationButton\"]"}
COMMAND: POST /session/b0bce561eedd0ef2cd491e5795c56593/element/f.633F000A9FA1F61B5279087A5498CC04.d.64C9DE686A3151ECFE1274D184687AB9.e.23978/click - {}
RESULT: {}
RESULT: {}
COMMAND: GET /session/b0bce561eedd0ef2cd491e5795c56593/screenshot - {}
RESULT: {}
COMMAND: POST /session/b0bce561eedd0ef2cd491e5795c56593/element - {"using":"xpath","value":"//button[@data-kt=\"PickingTableConfirmAllButton\"]"}
RESULT: {"using":"xpath","value":"//button[@data-kt=\"PickingTableConfirmAllButton\"]"}
COMMAND: POST /session/b0bce561eedd0ef2cd491e5795c56593/elements - {"using":"xpath","value":"//button[@data-kt=\"PickingTableConfirmAllButton\"]"}
RESULT: {"using":"xpath","value":"//button[@data-kt=\"PickingTableConfirmAllButton\"]"}
COMMAND: POST /session/b0bce561eedd0ef2cd491e5795c56593/elements - {"using":"xpath","value":"//button[@data-kt=\"PickingTableConfirmAllButton\"]"}
RESULT: {"using":"xpath","value":"//button[@data-kt=\"PickingTableConfirmAllButton\"]"}
COMMAND: POST /session/b0bce561eedd0ef2cd491e5795c56593/elements - {"using":"xpath","value":"//button[@data-kt=\"PickingTableConfirmAllButton\"]"}
RESULT: {"using":"xpath","value":"//button[@data-kt=\"PickingTableConfirmAllButton\"]"}
COMMAND: POST /session/b0bce561eedd0ef2cd491e5795c56593/elements - {"using":"xpath","value":"//button[@data-kt=\"PickingTableConfirmAllButton\"]"}
RESULT: {"using":"xpath","value":"//button[@data-kt=\"PickingTableConfirmAllButton\"]"}
COMMAND: POST /session/b0bce561eedd0ef2cd491e5795c56593/elements - {"using":"xpath","value":"//button[@data-kt=\"PickingTableConfirmAllButton\"]"}
RESULT: {"using":"xpath","value":"//button[@data-kt=\"PickingTableConfirmAllButton\"]"}
COMMAND: POST /session/b0bce561eedd0ef2cd491e5795c56593/element - {"using":"xpath","value":"//button[@data-kt=\"PickingTableConfirmAllButton\"]"}
RESULT: {"using":"xpath","value":"//button[@data-kt=\"PickingTableConfirmAllButton\"]"}
COMMAND: POST /session/b0bce561eedd0ef2cd491e5795c56593/element/f.633F000A9FA1F61B5279087A5498CC04.d.64C9DE686A3151ECFE1274D184687AB9.e.24230/click - {}
COMMAND: POST /session/b0bce561eedd0ef2cd491e5795c56593/element - {"using":"xpath","value":"//button[@data-kt=\"PickingTableConfirmAllButton\"]"}
RESULT: {"using":"xpath","value":"//button[@data-kt=\"PickingTableConfirmAllButton\"]"}
COMMAND: POST /session/b0bce561eedd0ef2cd491e5795c56593/element/f.633F000A9FA1F61B5279087A5498CC04.d.64C9DE686A3151ECFE1274D184687AB9.e.24230/click - {}
COMMAND: POST /session/b0bce561eedd0ef2cd491e5795c56593/element - {"using":"xpath","value":"//button[@data-kt=\"PickingTableConfirmAllButton\"]"}
RESULT: {"using":"xpath","value":"//button[@data-kt=\"PickingTableConfirmAllButton\"]"}
COMMAND: POST /session/b0bce561eedd0ef2cd491e5795c56593/element/f.633F000A9FA1F61B5279087A5498CC04.d.64C9DE686A3151ECFE1274D184687AB9.e.24253/click - {}
RESULT: {}
COMMAND: GET /session/b0bce561eedd0ef2cd491e5795c56593/screenshot - {}
RESULT: {}
COMMAND: POST /session/b0bce561eedd0ef2cd491e5795c56593/element - {"using":"xpath","value":"//bdi[contains(text(), \"OK\")]"}
RESULT: {"using":"xpath","value":"//bdi[contains(text(), \"OK\")]"}
COMMAND: POST /session/b0bce561eedd0ef2cd491e5795c56593/element/f.633F000A9FA1F61B5279087A5498CC04.d.64C9DE686A3151ECFE1274D184687AB9.e.24256/click - {}
RESULT: {}
COMMAND: GET /session/b0bce561eedd0ef2cd491e5795c56593/screenshot - {}
RESULT: {}
COMMAND: POST /session/b0bce561eedd0ef2cd491e5795c56593/element - {"using":"xpath","value":"//button[@data-kt=\"execHoPickButton\"]"}
RESULT: {"using":"xpath","value":"//button[@data-kt=\"execHoPickButton\"]"}
COMMAND: POST /session/b0bce561eedd0ef2cd491e5795c56593/element/f.633F000A9FA1F61B5279087A5498CC04.d.64C9DE686A3151ECFE1274D184687AB9.e.24257/click - {}
RESULT: {}
COMMAND: GET /session/b0bce561eedd0ef2cd491e5795c56593/screenshot - {}
RESULT: {}
COMMAND: POST /session/b0bce561eedd0ef2cd491e5795c56593/element - {"using":"xpath","value":"//span[contains(@id ,\"filterItemControl_BASIC-SEND_CONTRACT-vhi\")]"}
RESULT: {"using":"xpath","value":"//span[contains(@id ,\"filterItemControl_BASIC-SEND_CONTRACT-vhi\")]"}
COMMAND: POST /session/b0bce561eedd0ef2cd491e5795c56593/element/f.633F000A9FA1F61B5279087A5498CC04.d.64C9DE686A3151ECFE1274D184687AB9.e.24427/click - {}
RESULT: {}
COMMAND: GET /session/b0bce561eedd0ef2cd491e5795c56593/screenshot - {}
RESULT: {}
RESULT: undefined
COMMAND: POST /session/b0bce561eedd0ef2cd491e5795c56593/execute/async - {"script":"<script> [776 bytes]","args":[{"enterText":"10505","selector":{"controlType":"sap.m.SearchField","viewName":"etm.portal.ui.managehandovers.view.MasterHO","bindingPath":{"path":"","propertyPath":"/_BASIC_SEARCH_FIELD","modelName":"fi1t3rM0d31"},"searchOpenDialogs":true,"interaction":{"idSuffix":"I"}},"clearTextFirst":true,"interactionType":"ENTER_TEXT"}]}
RESULT: {"script":"<script> [776 bytes]","args":[{"enterText":"10505","selector":{"controlType":"sap.m.SearchField","viewName":"etm.portal.ui.managehandovers.view.MasterHO","bindingPath":{"path":"","propertyPath":"/_BASIC_SEARCH_FIELD","modelName":"fi1t3rM0d31"},"searchOpenDialogs":true,"interaction":{"idSuffix":"I"}},"clearTextFirst":true,"interactionType":"ENTER_TEXT"}]}
COMMAND: POST /session/b0bce561eedd0ef2cd491e5795c56593/actions - {"actions":[{"id":"action82","type":"key","parameters":{},"actions":[{"type":"keyDown","value":""},{"type":"pause","duration":10},{"type":"keyUp","value":""}]}]}
RESULT: {"actions":[{"id":"action82","type":"key","parameters":{},"actions":[{"type":"keyDown","value":""},{"type":"pause","duration":10},{"type":"keyUp","value":""}]}]}
COMMAND: GET /session/b0bce561eedd0ef2cd491e5795c56593/screenshot - {}
RESULT: {}
COMMAND: POST /session/b0bce561eedd0ef2cd491e5795c56593/element - {"using":"xpath","value":"//div[contains(@id, 'filterItemControl_BASIC-SEND_CONTRACT-valueHelpDialog-table-rowsel0')]"}
RESULT: {"using":"xpath","value":"//div[contains(@id, 'filterItemControl_BASIC-SEND_CONTRACT-valueHelpDialog-table-rowsel0')]"}
COMMAND: POST /session/b0bce561eedd0ef2cd491e5795c56593/element/f.633F000A9FA1F61B5279087A5498CC04.d.64C9DE686A3151ECFE1274D184687AB9.e.24436/click - {}
RESULT: {}
COMMAND: GET /session/b0bce561eedd0ef2cd491e5795c56593/screenshot - {}
RESULT: {}
COMMAND: POST /session/b0bce561eedd0ef2cd491e5795c56593/element - {"using":"xpath","value":"//bdi[contains(text(), \"OK\")]"}
RESULT: {"using":"xpath","value":"//bdi[contains(text(), \"OK\")]"}
COMMAND: POST /session/b0bce561eedd0ef2cd491e5795c56593/element/f.633F000A9FA1F61B5279087A5498CC04.d.64C9DE686A3151ECFE1274D184687AB9.e.24438/click - {}
RESULT: {}
COMMAND: GET /session/b0bce561eedd0ef2cd491e5795c56593/screenshot - {}
RESULT: {}
COMMAND: POST /session/b0bce561eedd0ef2cd491e5795c56593/element - {"using":"xpath","value":"//span[contains(@id, \"smartTable-header-inner\")]"}
RESULT: {"using":"xpath","value":"//span[contains(@id, \"smartTable-header-inner\")]"}
COMMAND: POST /session/b0bce561eedd0ef2cd491e5795c56593/elements - {"using":"xpath","value":"//span[contains(@id, \"smartTable-header-inner\")]"}
RESULT: {"using":"xpath","value":"//span[contains(@id, \"smartTable-header-inner\")]"}
COMMAND: POST /session/b0bce561eedd0ef2cd491e5795c56593/execute/sync - {"script":"<script> [56 bytes]","args":[{"element-6066-11e4-a52e-4f735466cecf":"f.633F000A9FA1F61B5279087A5498CC04.d.64C9DE686A3151ECFE1274D184687AB9.e.24467","ELEMENT":"f.633F000A9FA1F61B5279087A5498CC04.d.64C9DE686A3151ECFE1274D184687AB9.e.24467"}]}
RESULT: {"script":"<script> [56 bytes]","args":[{"element-6066-11e4-a52e-4f735466cecf":"f.633F000A9FA1F61B5279087A5498CC04.d.64C9DE686A3151ECFE1274D184687AB9.e.24467","ELEMENT":"f.633F000A9FA1F61B5279087A5498CC04.d.64C9DE686A3151ECFE1274D184687AB9.e.24467"}]}
COMMAND: POST /session/b0bce561eedd0ef2cd491e5795c56593/element - {"using":"xpath","value":"//table[contains(@id, \"customHandovers\")]//tbody/tr[1]/td[2]/span"}
COMMAND: GET /session/b0bce561eedd0ef2cd491e5795c56593/screenshot - {}
RESULT: {"using":"xpath","value":"//table[contains(@id, \"customHandovers\")]//tbody/tr[1]/td[2]/span"}
COMMAND: POST /session/b0bce561eedd0ef2cd491e5795c56593/execute/sync - {"script":"<script> [56 bytes]","args":[{"element-6066-11e4-a52e-4f735466cecf":"f.633F000A9FA1F61B5279087A5498CC04.d.64C9DE686A3151ECFE1274D184687AB9.e.24468","ELEMENT":"f.633F000A9FA1F61B5279087A5498CC04.d.64C9DE686A3151ECFE1274D184687AB9.e.24468"}]}
RESULT: {}
RESULT: {"script":"<script> [56 bytes]","args":[{"element-6066-11e4-a52e-4f735466cecf":"f.633F000A9FA1F61B5279087A5498CC04.d.64C9DE686A3151ECFE1274D184687AB9.e.24468","ELEMENT":"f.633F000A9FA1F61B5279087A5498CC04.d.64C9DE686A3151ECFE1274D184687AB9.e.24468"}]}
COMMAND: POST /session/b0bce561eedd0ef2cd491e5795c56593/element - {"using":"xpath","value":"(//span[contains(@id, \"imgNav\")])[1]"}
COMMAND: GET /session/b0bce561eedd0ef2cd491e5795c56593/screenshot - {}
RESULT: {"using":"xpath","value":"(//span[contains(@id, \"imgNav\")])[1]"}
COMMAND: POST /session/b0bce561eedd0ef2cd491e5795c56593/element/f.633F000A9FA1F61B5279087A5498CC04.d.64C9DE686A3151ECFE1274D184687AB9.e.24465/click - {}
RESULT: {}
RESULT: {}
COMMAND: GET /session/b0bce561eedd0ef2cd491e5795c56593/screenshot - {}
RESULT: {}
COMMAND: POST /session/b0bce561eedd0ef2cd491e5795c56593/element - {"using":"xpath","value":"//button[@data-kt=\"PickingTableConfirmAllButton\"]"}
RESULT: {"using":"xpath","value":"//button[@data-kt=\"PickingTableConfirmAllButton\"]"}
COMMAND: POST /session/b0bce561eedd0ef2cd491e5795c56593/element/f.633F000A9FA1F61B5279087A5498CC04.d.64C9DE686A3151ECFE1274D184687AB9.e.24508/click - {}
RESULT: {}
COMMAND: GET /session/b0bce561eedd0ef2cd491e5795c56593/screenshot - {}
RESULT: {}
COMMAND: POST /session/b0bce561eedd0ef2cd491e5795c56593/element - {"using":"xpath","value":"//bdi[contains(text(), \"OK\")]"}
RESULT: {"using":"xpath","value":"//bdi[contains(text(), \"OK\")]"}
COMMAND: POST /session/b0bce561eedd0ef2cd491e5795c56593/element/f.633F000A9FA1F61B5279087A5498CC04.d.64C9DE686A3151ECFE1274D184687AB9.e.24520/click - {}
RESULT: {}
COMMAND: GET /session/b0bce561eedd0ef2cd491e5795c56593/screenshot - {}
RESULT: {}
COMMAND: POST /session/b0bce561eedd0ef2cd491e5795c56593/element - {"using":"xpath","value":"//button[@data-kt=\"execHoIssueButton\"]"}
RESULT: {"using":"xpath","value":"//button[@data-kt=\"execHoIssueButton\"]"}
COMMAND: POST /session/b0bce561eedd0ef2cd491e5795c56593/element/f.633F000A9FA1F61B5279087A5498CC04.d.64C9DE686A3151ECFE1274D184687AB9.e.24522/click - {}
RESULT: {}
COMMAND: GET /session/b0bce561eedd0ef2cd491e5795c56593/screenshot - {}
RESULT: {}
COMMAND: POST /session/b0bce561eedd0ef2cd491e5795c56593/element - {"using":"xpath","value":"//input[contains(@id ,\"smartFilterBar-btnBasicSearch-I\")]"}
RESULT: {"using":"xpath","value":"//input[contains(@id ,\"smartFilterBar-btnBasicSearch-I\")]"}
COMMAND: POST /session/b0bce561eedd0ef2cd491e5795c56593/elements - {"using":"xpath","value":"//input[contains(@id ,\"smartFilterBar-btnBasicSearch-I\")]"}
RESULT: {"using":"xpath","value":"//input[contains(@id ,\"smartFilterBar-btnBasicSearch-I\")]"}
COMMAND: POST /session/b0bce561eedd0ef2cd491e5795c56593/execute/sync - {"script":"<script> [8489 bytes]","args":[{"element-6066-11e4-a52e-4f735466cecf":"f.633F000A9FA1F61B5279087A5498CC04.d.64C9DE686A3151ECFE1274D184687AB9.e.23936","ELEMENT":"f.633F000A9FA1F61B5279087A5498CC04.d.64C9DE686A3151ECFE1274D184687AB9.e.23936"}]}
RESULT: {"script":"<script> [8489 bytes]","args":[{"element-6066-11e4-a52e-4f735466cecf":"f.633F000A9FA1F61B5279087A5498CC04.d.64C9DE686A3151ECFE1274D184687AB9.e.23936","ELEMENT":"f.633F000A9FA1F61B5279087A5498CC04.d.64C9DE686A3151ECFE1274D184687AB9.e.23936"}]}
COMMAND: GET /session/b0bce561eedd0ef2cd491e5795c56593/element/f.633F000A9FA1F61B5279087A5498CC04.d.64C9DE686A3151ECFE1274D184687AB9.e.23936/enabled - {}
COMMAND: GET /session/b0bce561eedd0ef2cd491e5795c56593/screenshot - {}
RESULT: {}
COMMAND: POST /session/b0bce561eedd0ef2cd491e5795c56593/element/f.633F000A9FA1F61B5279087A5498CC04.d.64C9DE686A3151ECFE1274D184687AB9.e.23936/clear - {}
COMMAND: GET /session/b0bce561eedd0ef2cd491e5795c56593/screenshot - {}
RESULT: {}
RESULT: {}
COMMAND: POST /session/b0bce561eedd0ef2cd491e5795c56593/element/f.633F000A9FA1F61B5279087A5498CC04.d.64C9DE686A3151ECFE1274D184687AB9.e.23936/value - {"text":"30910"}
COMMAND: GET /session/b0bce561eedd0ef2cd491e5795c56593/screenshot - {}
RESULT: {}
RESULT: {"text":"30910"}
COMMAND: GET /session/b0bce561eedd0ef2cd491e5795c56593/screenshot - {}
RESULT: {}
RESULT: {}
COMMAND: POST /session/b0bce561eedd0ef2cd491e5795c56593/actions - {"actions":[{"id":"action83","type":"key","parameters":{},"actions":[{"type":"keyDown","value":""},{"type":"pause","duration":10},{"type":"keyUp","value":""}]}]}
RESULT: {"actions":[{"id":"action83","type":"key","parameters":{},"actions":[{"type":"keyDown","value":""},{"type":"pause","duration":10},{"type":"keyUp","value":""}]}]}
COMMAND: GET /session/b0bce561eedd0ef2cd491e5795c56593/screenshot - {}
RESULT: {}
COMMAND: POST /session/b0bce561eedd0ef2cd491e5795c56593/element - {"using":"xpath","value":"//span[contains(@id, \"smartTable-header-inner\")]"}
RESULT: {"using":"xpath","value":"//span[contains(@id, \"smartTable-header-inner\")]"}
COMMAND: POST /session/b0bce561eedd0ef2cd491e5795c56593/elements - {"using":"xpath","value":"//span[contains(@id, \"smartTable-header-inner\")]"}
RESULT: {"using":"xpath","value":"//span[contains(@id, \"smartTable-header-inner\")]"}
COMMAND: POST /session/b0bce561eedd0ef2cd491e5795c56593/execute/sync - {"script":"<script> [56 bytes]","args":[{"element-6066-11e4-a52e-4f735466cecf":"f.633F000A9FA1F61B5279087A5498CC04.d.64C9DE686A3151ECFE1274D184687AB9.e.24467","ELEMENT":"f.633F000A9FA1F61B5279087A5498CC04.d.64C9DE686A3151ECFE1274D184687AB9.e.24467"}]}
RESULT: {"script":"<script> [56 bytes]","args":[{"element-6066-11e4-a52e-4f735466cecf":"f.633F000A9FA1F61B5279087A5498CC04.d.64C9DE686A3151ECFE1274D184687AB9.e.24467","ELEMENT":"f.633F000A9FA1F61B5279087A5498CC04.d.64C9DE686A3151ECFE1274D184687AB9.e.24467"}]}
COMMAND: POST /session/b0bce561eedd0ef2cd491e5795c56593/elements - {"using":"xpath","value":"//thead[contains(@class, \"sapMTableTH\")]/tr/th"}
COMMAND: GET /session/b0bce561eedd0ef2cd491e5795c56593/screenshot - {}
RESULT: {"using":"xpath","value":"//thead[contains(@class, \"sapMTableTH\")]/tr/th"}
COMMAND: GET /session/b0bce561eedd0ef2cd491e5795c56593/element/f.633F000A9FA1F61B5279087A5498CC04.d.64C9DE686A3151ECFE1274D184687AB9.e.24559/text - {}
RESULT: {}
RESULT: {}
COMMAND: GET /session/b0bce561eedd0ef2cd491e5795c56593/element/f.633F000A9FA1F61B5279087A5498CC04.d.64C9DE686A3151ECFE1274D184687AB9.e.24560/text - {}
RESULT: {}
COMMAND: GET /session/b0bce561eedd0ef2cd491e5795c56593/element/f.633F000A9FA1F61B5279087A5498CC04.d.64C9DE686A3151ECFE1274D184687AB9.e.23930/text - {}
RESULT: {}
COMMAND: GET /session/b0bce561eedd0ef2cd491e5795c56593/element/f.633F000A9FA1F61B5279087A5498CC04.d.64C9DE686A3151ECFE1274D184687AB9.e.23932/text - {}
RESULT: {}
COMMAND: GET /session/b0bce561eedd0ef2cd491e5795c56593/element/f.633F000A9FA1F61B5279087A5498CC04.d.64C9DE686A3151ECFE1274D184687AB9.e.24526/text - {}
RESULT: {}
COMMAND: GET /session/b0bce561eedd0ef2cd491e5795c56593/element/f.633F000A9FA1F61B5279087A5498CC04.d.64C9DE686A3151ECFE1274D184687AB9.e.24527/text - {}
RESULT: {}
COMMAND: GET /session/b0bce561eedd0ef2cd491e5795c56593/element/f.633F000A9FA1F61B5279087A5498CC04.d.64C9DE686A3151ECFE1274D184687AB9.e.24528/text - {}
RESULT: {}
COMMAND: GET /session/b0bce561eedd0ef2cd491e5795c56593/element/f.633F000A9FA1F61B5279087A5498CC04.d.64C9DE686A3151ECFE1274D184687AB9.e.24529/text - {}
RESULT: {}
COMMAND: GET /session/b0bce561eedd0ef2cd491e5795c56593/element/f.633F000A9FA1F61B5279087A5498CC04.d.64C9DE686A3151ECFE1274D184687AB9.e.24530/text - {}
RESULT: {}
COMMAND: GET /session/b0bce561eedd0ef2cd491e5795c56593/element/f.633F000A9FA1F61B5279087A5498CC04.d.64C9DE686A3151ECFE1274D184687AB9.e.24531/text - {}
RESULT: {}
COMMAND: GET /session/b0bce561eedd0ef2cd491e5795c56593/element/f.633F000A9FA1F61B5279087A5498CC04.d.64C9DE686A3151ECFE1274D184687AB9.e.24532/text - {}
RESULT: {}
COMMAND: GET /session/b0bce561eedd0ef2cd491e5795c56593/element/f.633F000A9FA1F61B5279087A5498CC04.d.64C9DE686A3151ECFE1274D184687AB9.e.24533/text - {}
RESULT: {}
COMMAND: GET /session/b0bce561eedd0ef2cd491e5795c56593/element/f.633F000A9FA1F61B5279087A5498CC04.d.64C9DE686A3151ECFE1274D184687AB9.e.24534/text - {}
RESULT: {}
COMMAND: GET /session/b0bce561eedd0ef2cd491e5795c56593/element/f.633F000A9FA1F61B5279087A5498CC04.d.64C9DE686A3151ECFE1274D184687AB9.e.23933/text - {}
RESULT: {}
COMMAND: POST /session/b0bce561eedd0ef2cd491e5795c56593/element - {"using":"xpath","value":"//tbody[contains(@id, \"customHandoversTable-tblBody\")]/tr[1]/td[14]/div/span"}
RESULT: {"using":"xpath","value":"//tbody[contains(@id, \"customHandoversTable-tblBody\")]/tr[1]/td[14]/div/span"}
COMMAND: POST /session/b0bce561eedd0ef2cd491e5795c56593/execute/sync - {"script":"<script> [56 bytes]","args":[{"element-6066-11e4-a52e-4f735466cecf":"f.633F000A9FA1F61B5279087A5498CC04.d.64C9DE686A3151ECFE1274D184687AB9.e.24613","ELEMENT":"f.633F000A9FA1F61B5279087A5498CC04.d.64C9DE686A3151ECFE1274D184687AB9.e.24613"}]}
RESULT: {"script":"<script> [56 bytes]","args":[{"element-6066-11e4-a52e-4f735466cecf":"f.633F000A9FA1F61B5279087A5498CC04.d.64C9DE686A3151ECFE1274D184687AB9.e.24613","ELEMENT":"f.633F000A9FA1F61B5279087A5498CC04.d.64C9DE686A3151ECFE1274D184687AB9.e.24613"}]}
COMMAND: POST /session/b0bce561eedd0ef2cd491e5795c56593/element - {"using":"xpath","value":"(//span[contains(@id, \"imgNav\")])[1]"}
COMMAND: GET /session/b0bce561eedd0ef2cd491e5795c56593/screenshot - {}
RESULT: {"using":"xpath","value":"(//span[contains(@id, \"imgNav\")])[1]"}
COMMAND: POST /session/b0bce561eedd0ef2cd491e5795c56593/element/f.633F000A9FA1F61B5279087A5498CC04.d.64C9DE686A3151ECFE1274D184687AB9.e.24614/click - {}
RESULT: {}
RESULT: {}
COMMAND: GET /session/b0bce561eedd0ef2cd491e5795c56593/screenshot - {}
RESULT: {}
RESULT: undefined
COMMAND: POST /session/b0bce561eedd0ef2cd491e5795c56593/execute/async - {"script":"<script> [776 bytes]","args":[{"enterText":"05/11/25","selector":{"id":"receiptDatePicker","viewName":"etm.portal.ui.managehandovers.view.DetailExecuteHO","interaction":{"idSuffix":"inner"}},"clearTextFirst":true,"interactionType":"ENTER_TEXT"}]}
RESULT: {"script":"<script> [776 bytes]","args":[{"enterText":"05/11/25","selector":{"id":"receiptDatePicker","viewName":"etm.portal.ui.managehandovers.view.DetailExecuteHO","interaction":{"idSuffix":"inner"}},"clearTextFirst":true,"interactionType":"ENTER_TEXT"}]}
COMMAND: POST /session/b0bce561eedd0ef2cd491e5795c56593/element - {"using":"xpath","value":"//bdi[contains(text(), \"OK\")]"}
RESULT: {"using":"xpath","value":"//bdi[contains(text(), \"OK\")]"}
COMMAND: POST /session/b0bce561eedd0ef2cd491e5795c56593/element/f.633F000A9FA1F61B5279087A5498CC04.d.64C9DE686A3151ECFE1274D184687AB9.e.24652/click - {}
RESULT: {}
COMMAND: GET /session/b0bce561eedd0ef2cd491e5795c56593/screenshot - {}
RESULT: {}
COMMAND: POST /session/b0bce561eedd0ef2cd491e5795c56593/element - {"using":"xpath","value":"//button[@data-kt=\"PickingTableConfirmAllButton\"]"}
RESULT: {"using":"xpath","value":"//button[@data-kt=\"PickingTableConfirmAllButton\"]"}
COMMAND: POST /session/b0bce561eedd0ef2cd491e5795c56593/element/f.633F000A9FA1F61B5279087A5498CC04.d.64C9DE686A3151ECFE1274D184687AB9.e.24637/click - {}
RESULT: {}
COMMAND: GET /session/b0bce561eedd0ef2cd491e5795c56593/screenshot - {}
RESULT: {}
COMMAND: POST /session/b0bce561eedd0ef2cd491e5795c56593/element - {"using":"xpath","value":"//bdi[contains(text(), \"OK\")]"}
RESULT: {"using":"xpath","value":"//bdi[contains(text(), \"OK\")]"}
COMMAND: POST /session/b0bce561eedd0ef2cd491e5795c56593/element/f.633F000A9FA1F61B5279087A5498CC04.d.64C9DE686A3151ECFE1274D184687AB9.e.24668/click - {}
RESULT: {}
COMMAND: GET /session/b0bce561eedd0ef2cd491e5795c56593/screenshot - {}
RESULT: {}
COMMAND: POST /session/b0bce561eedd0ef2cd491e5795c56593/element - {"using":"xpath","value":"//button[@data-kt= \"execHoReceiveButton\"]"}
RESULT: {"using":"xpath","value":"//button[@data-kt= \"execHoReceiveButton\"]"}
COMMAND: POST /session/b0bce561eedd0ef2cd491e5795c56593/element/f.633F000A9FA1F61B5279087A5498CC04.d.64C9DE686A3151ECFE1274D184687AB9.e.24669/click - {}
RESULT: {}
COMMAND: GET /session/b0bce561eedd0ef2cd491e5795c56593/screenshot - {}
RESULT: {}
COMMAND: POST /session/b0bce561eedd0ef2cd491e5795c56593/element - {"using":"xpath","value":"//input[contains(@id ,\"smartFilterBar-btnBasicSearch-I\")]"}
RESULT: {"using":"xpath","value":"//input[contains(@id ,\"smartFilterBar-btnBasicSearch-I\")]"}
COMMAND: POST /session/b0bce561eedd0ef2cd491e5795c56593/elements - {"using":"xpath","value":"//input[contains(@id ,\"smartFilterBar-btnBasicSearch-I\")]"}
RESULT: {"using":"xpath","value":"//input[contains(@id ,\"smartFilterBar-btnBasicSearch-I\")]"}
COMMAND: POST /session/b0bce561eedd0ef2cd491e5795c56593/execute/sync - {"script":"<script> [8489 bytes]","args":[{"element-6066-11e4-a52e-4f735466cecf":"f.633F000A9FA1F61B5279087A5498CC04.d.64C9DE686A3151ECFE1274D184687AB9.e.23936","ELEMENT":"f.633F000A9FA1F61B5279087A5498CC04.d.64C9DE686A3151ECFE1274D184687AB9.e.23936"}]}
RESULT: {"script":"<script> [8489 bytes]","args":[{"element-6066-11e4-a52e-4f735466cecf":"f.633F000A9FA1F61B5279087A5498CC04.d.64C9DE686A3151ECFE1274D184687AB9.e.23936","ELEMENT":"f.633F000A9FA1F61B5279087A5498CC04.d.64C9DE686A3151ECFE1274D184687AB9.e.23936"}]}
COMMAND: GET /session/b0bce561eedd0ef2cd491e5795c56593/element/f.633F000A9FA1F61B5279087A5498CC04.d.64C9DE686A3151ECFE1274D184687AB9.e.23936/enabled - {}
COMMAND: GET /session/b0bce561eedd0ef2cd491e5795c56593/screenshot - {}
RESULT: {}
COMMAND: POST /session/b0bce561eedd0ef2cd491e5795c56593/element/f.633F000A9FA1F61B5279087A5498CC04.d.64C9DE686A3151ECFE1274D184687AB9.e.23936/clear - {}
COMMAND: GET /session/b0bce561eedd0ef2cd491e5795c56593/screenshot - {}
RESULT: {}
RESULT: {}
COMMAND: POST /session/b0bce561eedd0ef2cd491e5795c56593/element/f.633F000A9FA1F61B5279087A5498CC04.d.64C9DE686A3151ECFE1274D184687AB9.e.23936/value - {"text":"30910"}
COMMAND: GET /session/b0bce561eedd0ef2cd491e5795c56593/screenshot - {}
RESULT: {}
RESULT: {"text":"30910"}
COMMAND: GET /session/b0bce561eedd0ef2cd491e5795c56593/screenshot - {}
RESULT: {}
RESULT: {}
COMMAND: POST /session/b0bce561eedd0ef2cd491e5795c56593/actions - {"actions":[{"id":"action84","type":"key","parameters":{},"actions":[{"type":"keyDown","value":""},{"type":"pause","duration":10},{"type":"keyUp","value":""}]}]}
RESULT: {"actions":[{"id":"action84","type":"key","parameters":{},"actions":[{"type":"keyDown","value":""},{"type":"pause","duration":10},{"type":"keyUp","value":""}]}]}
COMMAND: GET /session/b0bce561eedd0ef2cd491e5795c56593/screenshot - {}
RESULT: {}
COMMAND: POST /session/b0bce561eedd0ef2cd491e5795c56593/element - {"using":"xpath","value":"//span[contains(@id, \"smartTable-header-inner\")]"}
RESULT: {"using":"xpath","value":"//span[contains(@id, \"smartTable-header-inner\")]"}
COMMAND: POST /session/b0bce561eedd0ef2cd491e5795c56593/elements - {"using":"xpath","value":"//span[contains(@id, \"smartTable-header-inner\")]"}
RESULT: {"using":"xpath","value":"//span[contains(@id, \"smartTable-header-inner\")]"}
COMMAND: POST /session/b0bce561eedd0ef2cd491e5795c56593/execute/sync - {"script":"<script> [56 bytes]","args":[{"element-6066-11e4-a52e-4f735466cecf":"f.633F000A9FA1F61B5279087A5498CC04.d.64C9DE686A3151ECFE1274D184687AB9.e.24467","ELEMENT":"f.633F000A9FA1F61B5279087A5498CC04.d.64C9DE686A3151ECFE1274D184687AB9.e.24467"}]}
RESULT: {"script":"<script> [56 bytes]","args":[{"element-6066-11e4-a52e-4f735466cecf":"f.633F000A9FA1F61B5279087A5498CC04.d.64C9DE686A3151ECFE1274D184687AB9.e.24467","ELEMENT":"f.633F000A9FA1F61B5279087A5498CC04.d.64C9DE686A3151ECFE1274D184687AB9.e.24467"}]}
COMMAND: POST /session/b0bce561eedd0ef2cd491e5795c56593/elements - {"using":"xpath","value":"//thead[contains(@class, \"sapMTableTH\")]/tr/th"}
COMMAND: GET /session/b0bce561eedd0ef2cd491e5795c56593/screenshot - {}
RESULT: {"using":"xpath","value":"//thead[contains(@class, \"sapMTableTH\")]/tr/th"}
COMMAND: GET /session/b0bce561eedd0ef2cd491e5795c56593/element/f.633F000A9FA1F61B5279087A5498CC04.d.64C9DE686A3151ECFE1274D184687AB9.e.24559/text - {}
RESULT: {}
RESULT: {}
COMMAND: GET /session/b0bce561eedd0ef2cd491e5795c56593/element/f.633F000A9FA1F61B5279087A5498CC04.d.64C9DE686A3151ECFE1274D184687AB9.e.24560/text - {}
RESULT: {}
COMMAND: GET /session/b0bce561eedd0ef2cd491e5795c56593/element/f.633F000A9FA1F61B5279087A5498CC04.d.64C9DE686A3151ECFE1274D184687AB9.e.23930/text - {}
RESULT: {}
COMMAND: GET /session/b0bce561eedd0ef2cd491e5795c56593/element/f.633F000A9FA1F61B5279087A5498CC04.d.64C9DE686A3151ECFE1274D184687AB9.e.23932/text - {}
RESULT: {}
COMMAND: GET /session/b0bce561eedd0ef2cd491e5795c56593/element/f.633F000A9FA1F61B5279087A5498CC04.d.64C9DE686A3151ECFE1274D184687AB9.e.24686/text - {}
RESULT: {}
COMMAND: GET /session/b0bce561eedd0ef2cd491e5795c56593/element/f.633F000A9FA1F61B5279087A5498CC04.d.64C9DE686A3151ECFE1274D184687AB9.e.24687/text - {}
RESULT: {}
COMMAND: GET /session/b0bce561eedd0ef2cd491e5795c56593/element/f.633F000A9FA1F61B5279087A5498CC04.d.64C9DE686A3151ECFE1274D184687AB9.e.24688/text - {}
RESULT: {}
COMMAND: GET /session/b0bce561eedd0ef2cd491e5795c56593/element/f.633F000A9FA1F61B5279087A5498CC04.d.64C9DE686A3151ECFE1274D184687AB9.e.24689/text - {}
RESULT: {}
COMMAND: GET /session/b0bce561eedd0ef2cd491e5795c56593/element/f.633F000A9FA1F61B5279087A5498CC04.d.64C9DE686A3151ECFE1274D184687AB9.e.24690/text - {}
RESULT: {}
COMMAND: GET /session/b0bce561eedd0ef2cd491e5795c56593/element/f.633F000A9FA1F61B5279087A5498CC04.d.64C9DE686A3151ECFE1274D184687AB9.e.24691/text - {}
RESULT: {}
COMMAND: GET /session/b0bce561eedd0ef2cd491e5795c56593/element/f.633F000A9FA1F61B5279087A5498CC04.d.64C9DE686A3151ECFE1274D184687AB9.e.24692/text - {}
RESULT: {}
COMMAND: GET /session/b0bce561eedd0ef2cd491e5795c56593/element/f.633F000A9FA1F61B5279087A5498CC04.d.64C9DE686A3151ECFE1274D184687AB9.e.24693/text - {}
RESULT: {}
COMMAND: GET /session/b0bce561eedd0ef2cd491e5795c56593/element/f.633F000A9FA1F61B5279087A5498CC04.d.64C9DE686A3151ECFE1274D184687AB9.e.24694/text - {}
RESULT: {}
COMMAND: GET /session/b0bce561eedd0ef2cd491e5795c56593/element/f.633F000A9FA1F61B5279087A5498CC04.d.64C9DE686A3151ECFE1274D184687AB9.e.23933/text - {}
RESULT: {}
COMMAND: POST /session/b0bce561eedd0ef2cd491e5795c56593/element - {"using":"xpath","value":"//tbody[contains(@id, \"customHandoversTable-tblBody\")]/tr[1]/td[14]/div/span"}
RESULT: {"using":"xpath","value":"//tbody[contains(@id, \"customHandoversTable-tblBody\")]/tr[1]/td[14]/div/span"}
COMMAND: POST /session/b0bce561eedd0ef2cd491e5795c56593/execute/sync - {"script":"<script> [56 bytes]","args":[{"element-6066-11e4-a52e-4f735466cecf":"f.633F000A9FA1F61B5279087A5498CC04.d.64C9DE686A3151ECFE1274D184687AB9.e.24723","ELEMENT":"f.633F000A9FA1F61B5279087A5498CC04.d.64C9DE686A3151ECFE1274D184687AB9.e.24723"}]}
RESULT: {"script":"<script> [56 bytes]","args":[{"element-6066-11e4-a52e-4f735466cecf":"f.633F000A9FA1F61B5279087A5498CC04.d.64C9DE686A3151ECFE1274D184687AB9.e.24723","ELEMENT":"f.633F000A9FA1F61B5279087A5498CC04.d.64C9DE686A3151ECFE1274D184687AB9.e.24723"}]}
COMMAND: POST /session/b0bce561eedd0ef2cd491e5795c56593/element - {"using":"css selector","value":"#shell-header-logo"}
COMMAND: GET /session/b0bce561eedd0ef2cd491e5795c56593/screenshot - {}
RESULT: {"using":"css selector","value":"#shell-header-logo"}
COMMAND: POST /session/b0bce561eedd0ef2cd491e5795c56593/element/f.633F000A9FA1F61B5279087A5498CC04.d.64C9DE686A3151ECFE1274D184687AB9.e.23428/click - {}
RESULT: {}
RESULT: {}
COMMAND: GET /session/b0bce561eedd0ef2cd491e5795c56593/screenshot - {}
RESULT: {}
]]></system-out>
    </testcase>
    <testcase classname="chrome.135_0_7049_42.windows.Billing_Calculation_-_Time_based_(considering_transport_times)_US139738" name="Should do another billing run but in around 17 days from today" time="64.391">
      <system-out><![CDATA[
RESULT: undefined
COMMAND: POST /session/b0bce561eedd0ef2cd491e5795c56593/element - {"using":"xpath","value":"//*[@id=\"__tile51\"]"}
RESULT: {"using":"xpath","value":"//*[@id=\"__tile51\"]"}
COMMAND: POST /session/b0bce561eedd0ef2cd491e5795c56593/element/f.633F000A9FA1F61B5279087A5498CC04.d.64C9DE686A3151ECFE1274D184687AB9.e.18836/click - {}
RESULT: {}
COMMAND: GET /session/b0bce561eedd0ef2cd491e5795c56593/screenshot - {}
RESULT: undefined
COMMAND: POST /session/b0bce561eedd0ef2cd491e5795c56593/execute/async - {"script":"<script> [776 bytes]","args":[{"enterText":"10505","selector":{"id":"application-managebillings-display-component---billRunCalcResult--smartFilterBar-btnBasicSearch","interaction":{"idSuffix":"I"}},"clearTextFirst":true,"interactionType":"ENTER_TEXT"}]}
RESULT: {}
RESULT: {"script":"<script> [776 bytes]","args":[{"enterText":"10505","selector":{"id":"application-managebillings-display-component---billRunCalcResult--smartFilterBar-btnBasicSearch","interaction":{"idSuffix":"I"}},"clearTextFirst":true,"interactionType":"ENTER_TEXT"}]}
COMMAND: POST /session/b0bce561eedd0ef2cd491e5795c56593/actions - {"actions":[{"id":"action85","type":"key","parameters":{},"actions":[{"type":"keyDown","value":""},{"type":"pause","duration":10},{"type":"keyUp","value":""}]}]}
RESULT: {"actions":[{"id":"action85","type":"key","parameters":{},"actions":[{"type":"keyDown","value":""},{"type":"pause","duration":10},{"type":"keyUp","value":""}]}]}
COMMAND: GET /session/b0bce561eedd0ef2cd491e5795c56593/screenshot - {}
RESULT: {}
COMMAND: POST /session/b0bce561eedd0ef2cd491e5795c56593/element - {"using":"xpath","value":"//td[@aria-colindex=\"1\"]/div/div[contains(@class, \"sapMCbBg\")]"}
RESULT: {"using":"xpath","value":"//td[@aria-colindex=\"1\"]/div/div[contains(@class, \"sapMCbBg\")]"}
COMMAND: POST /session/b0bce561eedd0ef2cd491e5795c56593/element/f.633F000A9FA1F61B5279087A5498CC04.d.64C9DE686A3151ECFE1274D184687AB9.e.24930/click - {}
RESULT: {}
COMMAND: GET /session/b0bce561eedd0ef2cd491e5795c56593/screenshot - {}
RESULT: {}
RESULT: undefined
COMMAND: POST /session/b0bce561eedd0ef2cd491e5795c56593/execute/async - {"script":"<script> [776 bytes]","args":[{"enterText":"05/07/25","selector":{"id":"application-managebillings-display-component---billRunCalcResult--contractBillRunDate","interaction":{"idSuffix":"inner"}},"clearTextFirst":true,"interactionType":"ENTER_TEXT"}]}
RESULT: {"script":"<script> [776 bytes]","args":[{"enterText":"05/07/25","selector":{"id":"application-managebillings-display-component---billRunCalcResult--contractBillRunDate","interaction":{"idSuffix":"inner"}},"clearTextFirst":true,"interactionType":"ENTER_TEXT"}]}
COMMAND: POST /session/b0bce561eedd0ef2cd491e5795c56593/element - {"using":"xpath","value":"//bdi[contains(text(), \"Trigger Calculation\")]"}
RESULT: {"using":"xpath","value":"//bdi[contains(text(), \"Trigger Calculation\")]"}
COMMAND: POST /session/b0bce561eedd0ef2cd491e5795c56593/element/f.633F000A9FA1F61B5279087A5498CC04.d.64C9DE686A3151ECFE1274D184687AB9.e.24982/click - {}
RESULT: {}
COMMAND: GET /session/b0bce561eedd0ef2cd491e5795c56593/screenshot - {}
RESULT: {}
COMMAND: POST /session/b0bce561eedd0ef2cd491e5795c56593/element - {"using":"xpath","value":"(//span[contains(@id, \"imgNav\")])[1]"}
RESULT: {"using":"xpath","value":"(//span[contains(@id, \"imgNav\")])[1]"}
COMMAND: POST /session/b0bce561eedd0ef2cd491e5795c56593/element/f.633F000A9FA1F61B5279087A5498CC04.d.64C9DE686A3151ECFE1274D184687AB9.e.24931/click - {}
RESULT: {}
COMMAND: GET /session/b0bce561eedd0ef2cd491e5795c56593/screenshot - {}
RESULT: {}
COMMAND: POST /session/b0bce561eedd0ef2cd491e5795c56593/element - {"using":"xpath","value":"//tr/td[6]/div[1]/span[1]/span[1]"}
RESULT: {"using":"xpath","value":"//tr/td[6]/div[1]/span[1]/span[1]"}
COMMAND: GET /session/b0bce561eedd0ef2cd491e5795c56593/element/f.633F000A9FA1F61B5279087A5498CC04.d.64C9DE686A3151ECFE1274D184687AB9.e.24987/text - {}
RESULT: {}
COMMAND: POST /session/b0bce561eedd0ef2cd491e5795c56593/element - {"using":"xpath","value":"(//span[contains(@id, \"imgNav\")])[2]"}
RESULT: {"using":"xpath","value":"(//span[contains(@id, \"imgNav\")])[2]"}
COMMAND: POST /session/b0bce561eedd0ef2cd491e5795c56593/element/f.633F000A9FA1F61B5279087A5498CC04.d.64C9DE686A3151ECFE1274D184687AB9.e.24988/click - {}
RESULT: {}
COMMAND: POST /session/b0bce561eedd0ef2cd491e5795c56593/element - {"using":"xpath","value":"//bdi[contains(text(), \"Business Confirm\")]"}
COMMAND: GET /session/b0bce561eedd0ef2cd491e5795c56593/screenshot - {}
RESULT: {"using":"xpath","value":"//bdi[contains(text(), \"Business Confirm\")]"}
COMMAND: POST /session/b0bce561eedd0ef2cd491e5795c56593/elements - {"using":"xpath","value":"//bdi[contains(text(), \"Business Confirm\")]"}
RESULT: {}
RESULT: {"using":"xpath","value":"//bdi[contains(text(), \"Business Confirm\")]"}
COMMAND: POST /session/b0bce561eedd0ef2cd491e5795c56593/element - {"using":"xpath","value":"//bdi[contains(text(), \"Business Confirm\")]"}
RESULT: {"using":"xpath","value":"//bdi[contains(text(), \"Business Confirm\")]"}
COMMAND: POST /session/b0bce561eedd0ef2cd491e5795c56593/element/f.633F000A9FA1F61B5279087A5498CC04.d.64C9DE686A3151ECFE1274D184687AB9.e.24991/click - {}
COMMAND: POST /session/b0bce561eedd0ef2cd491e5795c56593/element - {"using":"xpath","value":"//bdi[contains(text(), \"Business Confirm\")]"}
RESULT: {"using":"xpath","value":"//bdi[contains(text(), \"Business Confirm\")]"}
COMMAND: POST /session/b0bce561eedd0ef2cd491e5795c56593/element/f.633F000A9FA1F61B5279087A5498CC04.d.64C9DE686A3151ECFE1274D184687AB9.e.24991/click - {}
COMMAND: POST /session/b0bce561eedd0ef2cd491e5795c56593/element - {"using":"xpath","value":"//bdi[contains(text(), \"Business Confirm\")]"}
RESULT: {"using":"xpath","value":"//bdi[contains(text(), \"Business Confirm\")]"}
COMMAND: POST /session/b0bce561eedd0ef2cd491e5795c56593/element/f.633F000A9FA1F61B5279087A5498CC04.d.64C9DE686A3151ECFE1274D184687AB9.e.25043/click - {}
RESULT: {}
COMMAND: POST /session/b0bce561eedd0ef2cd491e5795c56593/element - {"using":"css selector","value":"#shell-header-logo"}
COMMAND: GET /session/b0bce561eedd0ef2cd491e5795c56593/screenshot - {}
RESULT: {"using":"css selector","value":"#shell-header-logo"}
COMMAND: POST /session/b0bce561eedd0ef2cd491e5795c56593/element/f.633F000A9FA1F61B5279087A5498CC04.d.64C9DE686A3151ECFE1274D184687AB9.e.24727/click - {}
RESULT: {}
RESULT: {}
COMMAND: GET /session/b0bce561eedd0ef2cd491e5795c56593/screenshot - {}
RESULT: {}
]]></system-out>
    </testcase>
    <testcase classname="chrome.135_0_7049_42.windows.Billing_Calculation_-_Time_based_(considering_transport_times)_US139738" name="Should transfer the billing all the way to completion" time="93.226">
      <system-out><![CDATA[
RESULT: undefined
COMMAND: POST /session/b0bce561eedd0ef2cd491e5795c56593/element - {"using":"xpath","value":"//*[@id=\"__tile50\"]"}
RESULT: {"using":"xpath","value":"//*[@id=\"__tile50\"]"}
COMMAND: POST /session/b0bce561eedd0ef2cd491e5795c56593/element/f.633F000A9FA1F61B5279087A5498CC04.d.64C9DE686A3151ECFE1274D184687AB9.e.18834/click - {}
RESULT: {}
COMMAND: POST /session/b0bce561eedd0ef2cd491e5795c56593/element - {"using":"xpath","value":"//input[contains(@id ,\"application-billingtransfer-display-component---billingWorkbench--smartFilterBar-btnBasicSearch\")]"}
COMMAND: GET /session/b0bce561eedd0ef2cd491e5795c56593/screenshot - {}
RESULT: {"using":"xpath","value":"//input[contains(@id ,\"application-billingtransfer-display-component---billingWorkbench--smartFilterBar-btnBasicSearch\")]"}
COMMAND: POST /session/b0bce561eedd0ef2cd491e5795c56593/elements - {"using":"xpath","value":"//input[contains(@id ,\"application-billingtransfer-display-component---billingWorkbench--smartFilterBar-btnBasicSearch\")]"}
RESULT: {}
RESULT: {"using":"xpath","value":"//input[contains(@id ,\"application-billingtransfer-display-component---billingWorkbench--smartFilterBar-btnBasicSearch\")]"}
COMMAND: POST /session/b0bce561eedd0ef2cd491e5795c56593/execute/sync - {"script":"<script> [8489 bytes]","args":[{"element-6066-11e4-a52e-4f735466cecf":"f.633F000A9FA1F61B5279087A5498CC04.d.64C9DE686A3151ECFE1274D184687AB9.e.25070","ELEMENT":"f.633F000A9FA1F61B5279087A5498CC04.d.64C9DE686A3151ECFE1274D184687AB9.e.25070"}]}
RESULT: {"script":"<script> [8489 bytes]","args":[{"element-6066-11e4-a52e-4f735466cecf":"f.633F000A9FA1F61B5279087A5498CC04.d.64C9DE686A3151ECFE1274D184687AB9.e.25070","ELEMENT":"f.633F000A9FA1F61B5279087A5498CC04.d.64C9DE686A3151ECFE1274D184687AB9.e.25070"}]}
COMMAND: GET /session/b0bce561eedd0ef2cd491e5795c56593/element/f.633F000A9FA1F61B5279087A5498CC04.d.64C9DE686A3151ECFE1274D184687AB9.e.25070/enabled - {}
COMMAND: GET /session/b0bce561eedd0ef2cd491e5795c56593/screenshot - {}
RESULT: {}
COMMAND: POST /session/b0bce561eedd0ef2cd491e5795c56593/element/f.633F000A9FA1F61B5279087A5498CC04.d.64C9DE686A3151ECFE1274D184687AB9.e.25070/click - {}
COMMAND: GET /session/b0bce561eedd0ef2cd491e5795c56593/screenshot - {}
RESULT: {}
RESULT: {}
COMMAND: GET /session/b0bce561eedd0ef2cd491e5795c56593/screenshot - {}
RESULT: {}
RESULT: {}
COMMAND: POST /session/b0bce561eedd0ef2cd491e5795c56593/element/f.633F000A9FA1F61B5279087A5498CC04.d.64C9DE686A3151ECFE1274D184687AB9.e.25070/clear - {}
RESULT: {}
COMMAND: POST /session/b0bce561eedd0ef2cd491e5795c56593/element/f.633F000A9FA1F61B5279087A5498CC04.d.64C9DE686A3151ECFE1274D184687AB9.e.25070/value - {"text":"10505"}
COMMAND: GET /session/b0bce561eedd0ef2cd491e5795c56593/screenshot - {}
RESULT: {"text":"10505"}
COMMAND: POST /session/b0bce561eedd0ef2cd491e5795c56593/actions - {"actions":[{"id":"action86","type":"key","parameters":{},"actions":[{"type":"keyDown","value":""},{"type":"pause","duration":10},{"type":"keyUp","value":""}]}]}
COMMAND: GET /session/b0bce561eedd0ef2cd491e5795c56593/screenshot - {}
RESULT: {}
RESULT: {"actions":[{"id":"action86","type":"key","parameters":{},"actions":[{"type":"keyDown","value":""},{"type":"pause","duration":10},{"type":"keyUp","value":""}]}]}
COMMAND: GET /session/b0bce561eedd0ef2cd491e5795c56593/screenshot - {}
RESULT: {}
RESULT: {}
COMMAND: POST /session/b0bce561eedd0ef2cd491e5795c56593/element - {"using":"xpath","value":"//span[contains(@id ,\"application-billingtransfer-display-component---billingWorkbench--smartTableBillingRuns-header-inner\")]"}
RESULT: {"using":"xpath","value":"//span[contains(@id ,\"application-billingtransfer-display-component---billingWorkbench--smartTableBillingRuns-header-inner\")]"}
COMMAND: POST /session/b0bce561eedd0ef2cd491e5795c56593/elements - {"using":"xpath","value":"//span[contains(@id ,\"application-billingtransfer-display-component---billingWorkbench--smartTableBillingRuns-header-inner\")]"}
RESULT: {"using":"xpath","value":"//span[contains(@id ,\"application-billingtransfer-display-component---billingWorkbench--smartTableBillingRuns-header-inner\")]"}
COMMAND: POST /session/b0bce561eedd0ef2cd491e5795c56593/execute/sync - {"script":"<script> [56 bytes]","args":[{"element-6066-11e4-a52e-4f735466cecf":"f.633F000A9FA1F61B5279087A5498CC04.d.64C9DE686A3151ECFE1274D184687AB9.e.25227","ELEMENT":"f.633F000A9FA1F61B5279087A5498CC04.d.64C9DE686A3151ECFE1274D184687AB9.e.25227"}]}
RESULT: {"script":"<script> [56 bytes]","args":[{"element-6066-11e4-a52e-4f735466cecf":"f.633F000A9FA1F61B5279087A5498CC04.d.64C9DE686A3151ECFE1274D184687AB9.e.25227","ELEMENT":"f.633F000A9FA1F61B5279087A5498CC04.d.64C9DE686A3151ECFE1274D184687AB9.e.25227"}]}
COMMAND: POST /session/b0bce561eedd0ef2cd491e5795c56593/element - {"using":"xpath","value":"//td[@aria-colindex=\"1\"]/div/div[contains(@class, \"sapMCbBg\")]"}
COMMAND: GET /session/b0bce561eedd0ef2cd491e5795c56593/screenshot - {}
RESULT: {"using":"xpath","value":"//td[@aria-colindex=\"1\"]/div/div[contains(@class, \"sapMCbBg\")]"}
COMMAND: POST /session/b0bce561eedd0ef2cd491e5795c56593/element/f.633F000A9FA1F61B5279087A5498CC04.d.64C9DE686A3151ECFE1274D184687AB9.e.25194/click - {}
RESULT: {}
RESULT: {}
COMMAND: GET /session/b0bce561eedd0ef2cd491e5795c56593/screenshot - {}
RESULT: {}
COMMAND: POST /session/b0bce561eedd0ef2cd491e5795c56593/element - {"using":"xpath","value":"//bdi[contains(text(), \"Check\")]"}
RESULT: {"using":"xpath","value":"//bdi[contains(text(), \"Check\")]"}
COMMAND: POST /session/b0bce561eedd0ef2cd491e5795c56593/element/f.633F000A9FA1F61B5279087A5498CC04.d.64C9DE686A3151ECFE1274D184687AB9.e.25228/click - {}
RESULT: {}
COMMAND: GET /session/b0bce561eedd0ef2cd491e5795c56593/screenshot - {}
RESULT: {}
COMMAND: POST /session/b0bce561eedd0ef2cd491e5795c56593/element - {"using":"xpath","value":"//bdi[contains(text(), \"OK\")]"}
RESULT: {"using":"xpath","value":"//bdi[contains(text(), \"OK\")]"}
COMMAND: POST /session/b0bce561eedd0ef2cd491e5795c56593/element/f.633F000A9FA1F61B5279087A5498CC04.d.64C9DE686A3151ECFE1274D184687AB9.e.25231/click - {}
RESULT: {}
COMMAND: GET /session/b0bce561eedd0ef2cd491e5795c56593/screenshot - {}
RESULT: {}
COMMAND: POST /session/b0bce561eedd0ef2cd491e5795c56593/element - {"using":"xpath","value":"(//span[contains(text(), \"CO/SD checked\")]/parent::div/preceding-sibling::div/span)[1]"}
RESULT: {"using":"xpath","value":"(//span[contains(text(), \"CO/SD checked\")]/parent::div/preceding-sibling::div/span)[1]"}
COMMAND: POST /session/b0bce561eedd0ef2cd491e5795c56593/element/f.633F000A9FA1F61B5279087A5498CC04.d.64C9DE686A3151ECFE1274D184687AB9.e.25241/click - {}
RESULT: {}
COMMAND: GET /session/b0bce561eedd0ef2cd491e5795c56593/screenshot - {}
RESULT: {}
COMMAND: POST /session/b0bce561eedd0ef2cd491e5795c56593/element - {"using":"xpath","value":"//input[contains(@id ,\"application-billingtransfer-display-component---billingWorkbench--smartFilterBar-btnBasicSearch\")]"}
RESULT: {"using":"xpath","value":"//input[contains(@id ,\"application-billingtransfer-display-component---billingWorkbench--smartFilterBar-btnBasicSearch\")]"}
COMMAND: POST /session/b0bce561eedd0ef2cd491e5795c56593/elements - {"using":"xpath","value":"//input[contains(@id ,\"application-billingtransfer-display-component---billingWorkbench--smartFilterBar-btnBasicSearch\")]"}
RESULT: {"using":"xpath","value":"//input[contains(@id ,\"application-billingtransfer-display-component---billingWorkbench--smartFilterBar-btnBasicSearch\")]"}
COMMAND: POST /session/b0bce561eedd0ef2cd491e5795c56593/execute/sync - {"script":"<script> [8489 bytes]","args":[{"element-6066-11e4-a52e-4f735466cecf":"f.633F000A9FA1F61B5279087A5498CC04.d.64C9DE686A3151ECFE1274D184687AB9.e.25070","ELEMENT":"f.633F000A9FA1F61B5279087A5498CC04.d.64C9DE686A3151ECFE1274D184687AB9.e.25070"}]}
RESULT: {"script":"<script> [8489 bytes]","args":[{"element-6066-11e4-a52e-4f735466cecf":"f.633F000A9FA1F61B5279087A5498CC04.d.64C9DE686A3151ECFE1274D184687AB9.e.25070","ELEMENT":"f.633F000A9FA1F61B5279087A5498CC04.d.64C9DE686A3151ECFE1274D184687AB9.e.25070"}]}
COMMAND: GET /session/b0bce561eedd0ef2cd491e5795c56593/element/f.633F000A9FA1F61B5279087A5498CC04.d.64C9DE686A3151ECFE1274D184687AB9.e.25070/enabled - {}
COMMAND: GET /session/b0bce561eedd0ef2cd491e5795c56593/screenshot - {}
RESULT: {}
COMMAND: POST /session/b0bce561eedd0ef2cd491e5795c56593/element/f.633F000A9FA1F61B5279087A5498CC04.d.64C9DE686A3151ECFE1274D184687AB9.e.25070/click - {}
COMMAND: GET /session/b0bce561eedd0ef2cd491e5795c56593/screenshot - {}
RESULT: {}
RESULT: {}
COMMAND: GET /session/b0bce561eedd0ef2cd491e5795c56593/screenshot - {}
RESULT: {}
RESULT: {}
COMMAND: POST /session/b0bce561eedd0ef2cd491e5795c56593/element/f.633F000A9FA1F61B5279087A5498CC04.d.64C9DE686A3151ECFE1274D184687AB9.e.25070/clear - {}
RESULT: {}
COMMAND: POST /session/b0bce561eedd0ef2cd491e5795c56593/element/f.633F000A9FA1F61B5279087A5498CC04.d.64C9DE686A3151ECFE1274D184687AB9.e.25070/value - {"text":"10505"}
COMMAND: GET /session/b0bce561eedd0ef2cd491e5795c56593/screenshot - {}
RESULT: {"text":"10505"}
COMMAND: POST /session/b0bce561eedd0ef2cd491e5795c56593/actions - {"actions":[{"id":"action87","type":"key","parameters":{},"actions":[{"type":"keyDown","value":""},{"type":"pause","duration":10},{"type":"keyUp","value":""}]}]}
COMMAND: GET /session/b0bce561eedd0ef2cd491e5795c56593/screenshot - {}
RESULT: {}
RESULT: {"actions":[{"id":"action87","type":"key","parameters":{},"actions":[{"type":"keyDown","value":""},{"type":"pause","duration":10},{"type":"keyUp","value":""}]}]}
COMMAND: GET /session/b0bce561eedd0ef2cd491e5795c56593/screenshot - {}
RESULT: {}
COMMAND: POST /session/b0bce561eedd0ef2cd491e5795c56593/element - {"using":"xpath","value":"//span[contains(@id ,\"application-billingtransfer-display-component---billingWorkbench--smartTableBillingRuns-header-inner\")]"}
RESULT: {}
RESULT: {"using":"xpath","value":"//span[contains(@id ,\"application-billingtransfer-display-component---billingWorkbench--smartTableBillingRuns-header-inner\")]"}
COMMAND: POST /session/b0bce561eedd0ef2cd491e5795c56593/elements - {"using":"xpath","value":"//span[contains(@id ,\"application-billingtransfer-display-component---billingWorkbench--smartTableBillingRuns-header-inner\")]"}
RESULT: {"using":"xpath","value":"//span[contains(@id ,\"application-billingtransfer-display-component---billingWorkbench--smartTableBillingRuns-header-inner\")]"}
COMMAND: POST /session/b0bce561eedd0ef2cd491e5795c56593/execute/sync - {"script":"<script> [56 bytes]","args":[{"element-6066-11e4-a52e-4f735466cecf":"f.633F000A9FA1F61B5279087A5498CC04.d.64C9DE686A3151ECFE1274D184687AB9.e.25227","ELEMENT":"f.633F000A9FA1F61B5279087A5498CC04.d.64C9DE686A3151ECFE1274D184687AB9.e.25227"}]}
RESULT: {"script":"<script> [56 bytes]","args":[{"element-6066-11e4-a52e-4f735466cecf":"f.633F000A9FA1F61B5279087A5498CC04.d.64C9DE686A3151ECFE1274D184687AB9.e.25227","ELEMENT":"f.633F000A9FA1F61B5279087A5498CC04.d.64C9DE686A3151ECFE1274D184687AB9.e.25227"}]}
COMMAND: GET /session/b0bce561eedd0ef2cd491e5795c56593/screenshot - {}
RESULT: {}
COMMAND: POST /session/b0bce561eedd0ef2cd491e5795c56593/execute/sync - {"script":"<script> [56 bytes]","args":[{"element-6066-11e4-a52e-4f735466cecf":"f.633F000A9FA1F61B5279087A5498CC04.d.64C9DE686A3151ECFE1274D184687AB9.e.25227","ELEMENT":"f.633F000A9FA1F61B5279087A5498CC04.d.64C9DE686A3151ECFE1274D184687AB9.e.25227"}]}
RESULT: {"script":"<script> [56 bytes]","args":[{"element-6066-11e4-a52e-4f735466cecf":"f.633F000A9FA1F61B5279087A5498CC04.d.64C9DE686A3151ECFE1274D184687AB9.e.25227","ELEMENT":"f.633F000A9FA1F61B5279087A5498CC04.d.64C9DE686A3151ECFE1274D184687AB9.e.25227"}]}
COMMAND: GET /session/b0bce561eedd0ef2cd491e5795c56593/screenshot - {}
RESULT: {}
COMMAND: POST /session/b0bce561eedd0ef2cd491e5795c56593/execute/sync - {"script":"<script> [56 bytes]","args":[{"element-6066-11e4-a52e-4f735466cecf":"f.633F000A9FA1F61B5279087A5498CC04.d.64C9DE686A3151ECFE1274D184687AB9.e.25227","ELEMENT":"f.633F000A9FA1F61B5279087A5498CC04.d.64C9DE686A3151ECFE1274D184687AB9.e.25227"}]}
RESULT: {"script":"<script> [56 bytes]","args":[{"element-6066-11e4-a52e-4f735466cecf":"f.633F000A9FA1F61B5279087A5498CC04.d.64C9DE686A3151ECFE1274D184687AB9.e.25227","ELEMENT":"f.633F000A9FA1F61B5279087A5498CC04.d.64C9DE686A3151ECFE1274D184687AB9.e.25227"}]}
COMMAND: GET /session/b0bce561eedd0ef2cd491e5795c56593/screenshot - {}
RESULT: {}
COMMAND: POST /session/b0bce561eedd0ef2cd491e5795c56593/execute/sync - {"script":"<script> [56 bytes]","args":[{"element-6066-11e4-a52e-4f735466cecf":"f.633F000A9FA1F61B5279087A5498CC04.d.64C9DE686A3151ECFE1274D184687AB9.e.25227","ELEMENT":"f.633F000A9FA1F61B5279087A5498CC04.d.64C9DE686A3151ECFE1274D184687AB9.e.25227"}]}
RESULT: {"script":"<script> [56 bytes]","args":[{"element-6066-11e4-a52e-4f735466cecf":"f.633F000A9FA1F61B5279087A5498CC04.d.64C9DE686A3151ECFE1274D184687AB9.e.25227","ELEMENT":"f.633F000A9FA1F61B5279087A5498CC04.d.64C9DE686A3151ECFE1274D184687AB9.e.25227"}]}
COMMAND: GET /session/b0bce561eedd0ef2cd491e5795c56593/screenshot - {}
RESULT: {}
COMMAND: POST /session/b0bce561eedd0ef2cd491e5795c56593/execute/sync - {"script":"<script> [56 bytes]","args":[{"element-6066-11e4-a52e-4f735466cecf":"f.633F000A9FA1F61B5279087A5498CC04.d.64C9DE686A3151ECFE1274D184687AB9.e.25227","ELEMENT":"f.633F000A9FA1F61B5279087A5498CC04.d.64C9DE686A3151ECFE1274D184687AB9.e.25227"}]}
RESULT: {"script":"<script> [56 bytes]","args":[{"element-6066-11e4-a52e-4f735466cecf":"f.633F000A9FA1F61B5279087A5498CC04.d.64C9DE686A3151ECFE1274D184687AB9.e.25227","ELEMENT":"f.633F000A9FA1F61B5279087A5498CC04.d.64C9DE686A3151ECFE1274D184687AB9.e.25227"}]}
COMMAND: GET /session/b0bce561eedd0ef2cd491e5795c56593/screenshot - {}
RESULT: {}
COMMAND: POST /session/b0bce561eedd0ef2cd491e5795c56593/execute/sync - {"script":"<script> [56 bytes]","args":[{"element-6066-11e4-a52e-4f735466cecf":"f.633F000A9FA1F61B5279087A5498CC04.d.64C9DE686A3151ECFE1274D184687AB9.e.25227","ELEMENT":"f.633F000A9FA1F61B5279087A5498CC04.d.64C9DE686A3151ECFE1274D184687AB9.e.25227"}]}
RESULT: {"script":"<script> [56 bytes]","args":[{"element-6066-11e4-a52e-4f735466cecf":"f.633F000A9FA1F61B5279087A5498CC04.d.64C9DE686A3151ECFE1274D184687AB9.e.25227","ELEMENT":"f.633F000A9FA1F61B5279087A5498CC04.d.64C9DE686A3151ECFE1274D184687AB9.e.25227"}]}
COMMAND: GET /session/b0bce561eedd0ef2cd491e5795c56593/screenshot - {}
RESULT: {}
COMMAND: POST /session/b0bce561eedd0ef2cd491e5795c56593/execute/sync - {"script":"<script> [56 bytes]","args":[{"element-6066-11e4-a52e-4f735466cecf":"f.633F000A9FA1F61B5279087A5498CC04.d.64C9DE686A3151ECFE1274D184687AB9.e.25227","ELEMENT":"f.633F000A9FA1F61B5279087A5498CC04.d.64C9DE686A3151ECFE1274D184687AB9.e.25227"}]}
RESULT: {"script":"<script> [56 bytes]","args":[{"element-6066-11e4-a52e-4f735466cecf":"f.633F000A9FA1F61B5279087A5498CC04.d.64C9DE686A3151ECFE1274D184687AB9.e.25227","ELEMENT":"f.633F000A9FA1F61B5279087A5498CC04.d.64C9DE686A3151ECFE1274D184687AB9.e.25227"}]}
COMMAND: GET /session/b0bce561eedd0ef2cd491e5795c56593/screenshot - {}
RESULT: {}
COMMAND: POST /session/b0bce561eedd0ef2cd491e5795c56593/execute/sync - {"script":"<script> [56 bytes]","args":[{"element-6066-11e4-a52e-4f735466cecf":"f.633F000A9FA1F61B5279087A5498CC04.d.64C9DE686A3151ECFE1274D184687AB9.e.25227","ELEMENT":"f.633F000A9FA1F61B5279087A5498CC04.d.64C9DE686A3151ECFE1274D184687AB9.e.25227"}]}
RESULT: {"script":"<script> [56 bytes]","args":[{"element-6066-11e4-a52e-4f735466cecf":"f.633F000A9FA1F61B5279087A5498CC04.d.64C9DE686A3151ECFE1274D184687AB9.e.25227","ELEMENT":"f.633F000A9FA1F61B5279087A5498CC04.d.64C9DE686A3151ECFE1274D184687AB9.e.25227"}]}
COMMAND: GET /session/b0bce561eedd0ef2cd491e5795c56593/screenshot - {}
RESULT: {}
COMMAND: POST /session/b0bce561eedd0ef2cd491e5795c56593/execute/sync - {"script":"<script> [56 bytes]","args":[{"element-6066-11e4-a52e-4f735466cecf":"f.633F000A9FA1F61B5279087A5498CC04.d.64C9DE686A3151ECFE1274D184687AB9.e.25227","ELEMENT":"f.633F000A9FA1F61B5279087A5498CC04.d.64C9DE686A3151ECFE1274D184687AB9.e.25227"}]}
RESULT: {"script":"<script> [56 bytes]","args":[{"element-6066-11e4-a52e-4f735466cecf":"f.633F000A9FA1F61B5279087A5498CC04.d.64C9DE686A3151ECFE1274D184687AB9.e.25227","ELEMENT":"f.633F000A9FA1F61B5279087A5498CC04.d.64C9DE686A3151ECFE1274D184687AB9.e.25227"}]}
COMMAND: GET /session/b0bce561eedd0ef2cd491e5795c56593/screenshot - {}
RESULT: {}
COMMAND: POST /session/b0bce561eedd0ef2cd491e5795c56593/execute/sync - {"script":"<script> [56 bytes]","args":[{"element-6066-11e4-a52e-4f735466cecf":"f.633F000A9FA1F61B5279087A5498CC04.d.64C9DE686A3151ECFE1274D184687AB9.e.25227","ELEMENT":"f.633F000A9FA1F61B5279087A5498CC04.d.64C9DE686A3151ECFE1274D184687AB9.e.25227"}]}
RESULT: {"script":"<script> [56 bytes]","args":[{"element-6066-11e4-a52e-4f735466cecf":"f.633F000A9FA1F61B5279087A5498CC04.d.64C9DE686A3151ECFE1274D184687AB9.e.25227","ELEMENT":"f.633F000A9FA1F61B5279087A5498CC04.d.64C9DE686A3151ECFE1274D184687AB9.e.25227"}]}
COMMAND: GET /session/b0bce561eedd0ef2cd491e5795c56593/screenshot - {}
RESULT: {}
COMMAND: POST /session/b0bce561eedd0ef2cd491e5795c56593/execute/sync - {"script":"<script> [56 bytes]","args":[{"element-6066-11e4-a52e-4f735466cecf":"f.633F000A9FA1F61B5279087A5498CC04.d.64C9DE686A3151ECFE1274D184687AB9.e.25227","ELEMENT":"f.633F000A9FA1F61B5279087A5498CC04.d.64C9DE686A3151ECFE1274D184687AB9.e.25227"}]}
RESULT: {"script":"<script> [56 bytes]","args":[{"element-6066-11e4-a52e-4f735466cecf":"f.633F000A9FA1F61B5279087A5498CC04.d.64C9DE686A3151ECFE1274D184687AB9.e.25227","ELEMENT":"f.633F000A9FA1F61B5279087A5498CC04.d.64C9DE686A3151ECFE1274D184687AB9.e.25227"}]}
COMMAND: GET /session/b0bce561eedd0ef2cd491e5795c56593/screenshot - {}
COMMAND: POST /session/b0bce561eedd0ef2cd491e5795c56593/execute/sync - {"script":"<script> [56 bytes]","args":[{"element-6066-11e4-a52e-4f735466cecf":"f.633F000A9FA1F61B5279087A5498CC04.d.64C9DE686A3151ECFE1274D184687AB9.e.25227","ELEMENT":"f.633F000A9FA1F61B5279087A5498CC04.d.64C9DE686A3151ECFE1274D184687AB9.e.25227"}]}
RESULT: {}
RESULT: {"script":"<script> [56 bytes]","args":[{"element-6066-11e4-a52e-4f735466cecf":"f.633F000A9FA1F61B5279087A5498CC04.d.64C9DE686A3151ECFE1274D184687AB9.e.25227","ELEMENT":"f.633F000A9FA1F61B5279087A5498CC04.d.64C9DE686A3151ECFE1274D184687AB9.e.25227"}]}
COMMAND: POST /session/b0bce561eedd0ef2cd491e5795c56593/element - {"using":"xpath","value":"//td[@aria-colindex=\"1\"]/div/div[contains(@class, \"sapMCbBg\")]"}
COMMAND: GET /session/b0bce561eedd0ef2cd491e5795c56593/screenshot - {}
RESULT: {"using":"xpath","value":"//td[@aria-colindex=\"1\"]/div/div[contains(@class, \"sapMCbBg\")]"}
COMMAND: POST /session/b0bce561eedd0ef2cd491e5795c56593/element/f.633F000A9FA1F61B5279087A5498CC04.d.64C9DE686A3151ECFE1274D184687AB9.e.25244/click - {}
RESULT: {}
RESULT: {}
COMMAND: GET /session/b0bce561eedd0ef2cd491e5795c56593/screenshot - {}
RESULT: {}
COMMAND: POST /session/b0bce561eedd0ef2cd491e5795c56593/element - {"using":"xpath","value":"//bdi[text()=\"Transfer\"]"}
RESULT: {"using":"xpath","value":"//bdi[text()=\"Transfer\"]"}
COMMAND: POST /session/b0bce561eedd0ef2cd491e5795c56593/element/f.633F000A9FA1F61B5279087A5498CC04.d.64C9DE686A3151ECFE1274D184687AB9.e.25245/click - {}
RESULT: {}
COMMAND: GET /session/b0bce561eedd0ef2cd491e5795c56593/screenshot - {}
RESULT: {}
COMMAND: POST /session/b0bce561eedd0ef2cd491e5795c56593/element - {"using":"xpath","value":"//bdi[contains(text(), \"OK\")]"}
RESULT: {"using":"xpath","value":"//bdi[contains(text(), \"OK\")]"}
COMMAND: POST /session/b0bce561eedd0ef2cd491e5795c56593/element/f.633F000A9FA1F61B5279087A5498CC04.d.64C9DE686A3151ECFE1274D184687AB9.e.25248/click - {}
RESULT: {}
COMMAND: GET /session/b0bce561eedd0ef2cd491e5795c56593/screenshot - {}
RESULT: {}
COMMAND: POST /session/b0bce561eedd0ef2cd491e5795c56593/element - {"using":"xpath","value":"(//span[contains(text(), \"Completed\")]/parent::div/preceding-sibling::div/span)[1]"}
RESULT: {"using":"xpath","value":"(//span[contains(text(), \"Completed\")]/parent::div/preceding-sibling::div/span)[1]"}
COMMAND: POST /session/b0bce561eedd0ef2cd491e5795c56593/element/f.633F000A9FA1F61B5279087A5498CC04.d.64C9DE686A3151ECFE1274D184687AB9.e.25256/click - {}
RESULT: {}
COMMAND: POST /session/b0bce561eedd0ef2cd491e5795c56593/element - {"using":"xpath","value":"//input[contains(@id ,\"application-billingtransfer-display-component---billingWorkbench--smartFilterBar-btnBasicSearch\")]"}
COMMAND: GET /session/b0bce561eedd0ef2cd491e5795c56593/screenshot - {}
RESULT: {"using":"xpath","value":"//input[contains(@id ,\"application-billingtransfer-display-component---billingWorkbench--smartFilterBar-btnBasicSearch\")]"}
COMMAND: POST /session/b0bce561eedd0ef2cd491e5795c56593/elements - {"using":"xpath","value":"//input[contains(@id ,\"application-billingtransfer-display-component---billingWorkbench--smartFilterBar-btnBasicSearch\")]"}
RESULT: {}
RESULT: {"using":"xpath","value":"//input[contains(@id ,\"application-billingtransfer-display-component---billingWorkbench--smartFilterBar-btnBasicSearch\")]"}
COMMAND: POST /session/b0bce561eedd0ef2cd491e5795c56593/execute/sync - {"script":"<script> [8489 bytes]","args":[{"element-6066-11e4-a52e-4f735466cecf":"f.633F000A9FA1F61B5279087A5498CC04.d.64C9DE686A3151ECFE1274D184687AB9.e.25070","ELEMENT":"f.633F000A9FA1F61B5279087A5498CC04.d.64C9DE686A3151ECFE1274D184687AB9.e.25070"}]}
RESULT: {"script":"<script> [8489 bytes]","args":[{"element-6066-11e4-a52e-4f735466cecf":"f.633F000A9FA1F61B5279087A5498CC04.d.64C9DE686A3151ECFE1274D184687AB9.e.25070","ELEMENT":"f.633F000A9FA1F61B5279087A5498CC04.d.64C9DE686A3151ECFE1274D184687AB9.e.25070"}]}
COMMAND: GET /session/b0bce561eedd0ef2cd491e5795c56593/element/f.633F000A9FA1F61B5279087A5498CC04.d.64C9DE686A3151ECFE1274D184687AB9.e.25070/enabled - {}
COMMAND: GET /session/b0bce561eedd0ef2cd491e5795c56593/screenshot - {}
RESULT: {}
COMMAND: POST /session/b0bce561eedd0ef2cd491e5795c56593/element/f.633F000A9FA1F61B5279087A5498CC04.d.64C9DE686A3151ECFE1274D184687AB9.e.25070/click - {}
COMMAND: GET /session/b0bce561eedd0ef2cd491e5795c56593/screenshot - {}
RESULT: {}
RESULT: {}
COMMAND: GET /session/b0bce561eedd0ef2cd491e5795c56593/screenshot - {}
RESULT: {}
RESULT: {}
COMMAND: POST /session/b0bce561eedd0ef2cd491e5795c56593/element/f.633F000A9FA1F61B5279087A5498CC04.d.64C9DE686A3151ECFE1274D184687AB9.e.25070/clear - {}
RESULT: {}
COMMAND: POST /session/b0bce561eedd0ef2cd491e5795c56593/element/f.633F000A9FA1F61B5279087A5498CC04.d.64C9DE686A3151ECFE1274D184687AB9.e.25070/value - {"text":"10505"}
COMMAND: GET /session/b0bce561eedd0ef2cd491e5795c56593/screenshot - {}
RESULT: {"text":"10505"}
COMMAND: POST /session/b0bce561eedd0ef2cd491e5795c56593/actions - {"actions":[{"id":"action88","type":"key","parameters":{},"actions":[{"type":"keyDown","value":""},{"type":"pause","duration":10},{"type":"keyUp","value":""}]}]}
COMMAND: GET /session/b0bce561eedd0ef2cd491e5795c56593/screenshot - {}
RESULT: {}
RESULT: {}
RESULT: {"actions":[{"id":"action88","type":"key","parameters":{},"actions":[{"type":"keyDown","value":""},{"type":"pause","duration":10},{"type":"keyUp","value":""}]}]}
COMMAND: GET /session/b0bce561eedd0ef2cd491e5795c56593/screenshot - {}
RESULT: {}
COMMAND: POST /session/b0bce561eedd0ef2cd491e5795c56593/element - {"using":"xpath","value":"//span[contains(@id ,\"application-billingtransfer-display-component---billingWorkbench--smartTableBillingRuns-header-inner\")]"}
RESULT: {"using":"xpath","value":"//span[contains(@id ,\"application-billingtransfer-display-component---billingWorkbench--smartTableBillingRuns-header-inner\")]"}
COMMAND: POST /session/b0bce561eedd0ef2cd491e5795c56593/elements - {"using":"xpath","value":"//span[contains(@id ,\"application-billingtransfer-display-component---billingWorkbench--smartTableBillingRuns-header-inner\")]"}
RESULT: {"using":"xpath","value":"//span[contains(@id ,\"application-billingtransfer-display-component---billingWorkbench--smartTableBillingRuns-header-inner\")]"}
COMMAND: POST /session/b0bce561eedd0ef2cd491e5795c56593/execute/sync - {"script":"<script> [56 bytes]","args":[{"element-6066-11e4-a52e-4f735466cecf":"f.633F000A9FA1F61B5279087A5498CC04.d.64C9DE686A3151ECFE1274D184687AB9.e.25227","ELEMENT":"f.633F000A9FA1F61B5279087A5498CC04.d.64C9DE686A3151ECFE1274D184687AB9.e.25227"}]}
RESULT: {"script":"<script> [56 bytes]","args":[{"element-6066-11e4-a52e-4f735466cecf":"f.633F000A9FA1F61B5279087A5498CC04.d.64C9DE686A3151ECFE1274D184687AB9.e.25227","ELEMENT":"f.633F000A9FA1F61B5279087A5498CC04.d.64C9DE686A3151ECFE1274D184687AB9.e.25227"}]}
COMMAND: GET /session/b0bce561eedd0ef2cd491e5795c56593/screenshot - {}
RESULT: {}
COMMAND: POST /session/b0bce561eedd0ef2cd491e5795c56593/execute/sync - {"script":"<script> [56 bytes]","args":[{"element-6066-11e4-a52e-4f735466cecf":"f.633F000A9FA1F61B5279087A5498CC04.d.64C9DE686A3151ECFE1274D184687AB9.e.25227","ELEMENT":"f.633F000A9FA1F61B5279087A5498CC04.d.64C9DE686A3151ECFE1274D184687AB9.e.25227"}]}
RESULT: {"script":"<script> [56 bytes]","args":[{"element-6066-11e4-a52e-4f735466cecf":"f.633F000A9FA1F61B5279087A5498CC04.d.64C9DE686A3151ECFE1274D184687AB9.e.25227","ELEMENT":"f.633F000A9FA1F61B5279087A5498CC04.d.64C9DE686A3151ECFE1274D184687AB9.e.25227"}]}
COMMAND: GET /session/b0bce561eedd0ef2cd491e5795c56593/screenshot - {}
RESULT: {}
COMMAND: POST /session/b0bce561eedd0ef2cd491e5795c56593/execute/sync - {"script":"<script> [56 bytes]","args":[{"element-6066-11e4-a52e-4f735466cecf":"f.633F000A9FA1F61B5279087A5498CC04.d.64C9DE686A3151ECFE1274D184687AB9.e.25227","ELEMENT":"f.633F000A9FA1F61B5279087A5498CC04.d.64C9DE686A3151ECFE1274D184687AB9.e.25227"}]}
RESULT: {"script":"<script> [56 bytes]","args":[{"element-6066-11e4-a52e-4f735466cecf":"f.633F000A9FA1F61B5279087A5498CC04.d.64C9DE686A3151ECFE1274D184687AB9.e.25227","ELEMENT":"f.633F000A9FA1F61B5279087A5498CC04.d.64C9DE686A3151ECFE1274D184687AB9.e.25227"}]}
COMMAND: GET /session/b0bce561eedd0ef2cd491e5795c56593/screenshot - {}
RESULT: {}
COMMAND: POST /session/b0bce561eedd0ef2cd491e5795c56593/execute/sync - {"script":"<script> [56 bytes]","args":[{"element-6066-11e4-a52e-4f735466cecf":"f.633F000A9FA1F61B5279087A5498CC04.d.64C9DE686A3151ECFE1274D184687AB9.e.25227","ELEMENT":"f.633F000A9FA1F61B5279087A5498CC04.d.64C9DE686A3151ECFE1274D184687AB9.e.25227"}]}
RESULT: {"script":"<script> [56 bytes]","args":[{"element-6066-11e4-a52e-4f735466cecf":"f.633F000A9FA1F61B5279087A5498CC04.d.64C9DE686A3151ECFE1274D184687AB9.e.25227","ELEMENT":"f.633F000A9FA1F61B5279087A5498CC04.d.64C9DE686A3151ECFE1274D184687AB9.e.25227"}]}
COMMAND: GET /session/b0bce561eedd0ef2cd491e5795c56593/screenshot - {}
RESULT: {}
COMMAND: POST /session/b0bce561eedd0ef2cd491e5795c56593/execute/sync - {"script":"<script> [56 bytes]","args":[{"element-6066-11e4-a52e-4f735466cecf":"f.633F000A9FA1F61B5279087A5498CC04.d.64C9DE686A3151ECFE1274D184687AB9.e.25227","ELEMENT":"f.633F000A9FA1F61B5279087A5498CC04.d.64C9DE686A3151ECFE1274D184687AB9.e.25227"}]}
RESULT: {"script":"<script> [56 bytes]","args":[{"element-6066-11e4-a52e-4f735466cecf":"f.633F000A9FA1F61B5279087A5498CC04.d.64C9DE686A3151ECFE1274D184687AB9.e.25227","ELEMENT":"f.633F000A9FA1F61B5279087A5498CC04.d.64C9DE686A3151ECFE1274D184687AB9.e.25227"}]}
COMMAND: GET /session/b0bce561eedd0ef2cd491e5795c56593/screenshot - {}
RESULT: {}
COMMAND: POST /session/b0bce561eedd0ef2cd491e5795c56593/execute/sync - {"script":"<script> [56 bytes]","args":[{"element-6066-11e4-a52e-4f735466cecf":"f.633F000A9FA1F61B5279087A5498CC04.d.64C9DE686A3151ECFE1274D184687AB9.e.25227","ELEMENT":"f.633F000A9FA1F61B5279087A5498CC04.d.64C9DE686A3151ECFE1274D184687AB9.e.25227"}]}
RESULT: {"script":"<script> [56 bytes]","args":[{"element-6066-11e4-a52e-4f735466cecf":"f.633F000A9FA1F61B5279087A5498CC04.d.64C9DE686A3151ECFE1274D184687AB9.e.25227","ELEMENT":"f.633F000A9FA1F61B5279087A5498CC04.d.64C9DE686A3151ECFE1274D184687AB9.e.25227"}]}
COMMAND: GET /session/b0bce561eedd0ef2cd491e5795c56593/screenshot - {}
RESULT: {}
COMMAND: POST /session/b0bce561eedd0ef2cd491e5795c56593/execute/sync - {"script":"<script> [56 bytes]","args":[{"element-6066-11e4-a52e-4f735466cecf":"f.633F000A9FA1F61B5279087A5498CC04.d.64C9DE686A3151ECFE1274D184687AB9.e.25227","ELEMENT":"f.633F000A9FA1F61B5279087A5498CC04.d.64C9DE686A3151ECFE1274D184687AB9.e.25227"}]}
RESULT: {"script":"<script> [56 bytes]","args":[{"element-6066-11e4-a52e-4f735466cecf":"f.633F000A9FA1F61B5279087A5498CC04.d.64C9DE686A3151ECFE1274D184687AB9.e.25227","ELEMENT":"f.633F000A9FA1F61B5279087A5498CC04.d.64C9DE686A3151ECFE1274D184687AB9.e.25227"}]}
COMMAND: GET /session/b0bce561eedd0ef2cd491e5795c56593/screenshot - {}
RESULT: {}
COMMAND: POST /session/b0bce561eedd0ef2cd491e5795c56593/execute/sync - {"script":"<script> [56 bytes]","args":[{"element-6066-11e4-a52e-4f735466cecf":"f.633F000A9FA1F61B5279087A5498CC04.d.64C9DE686A3151ECFE1274D184687AB9.e.25227","ELEMENT":"f.633F000A9FA1F61B5279087A5498CC04.d.64C9DE686A3151ECFE1274D184687AB9.e.25227"}]}
RESULT: {"script":"<script> [56 bytes]","args":[{"element-6066-11e4-a52e-4f735466cecf":"f.633F000A9FA1F61B5279087A5498CC04.d.64C9DE686A3151ECFE1274D184687AB9.e.25227","ELEMENT":"f.633F000A9FA1F61B5279087A5498CC04.d.64C9DE686A3151ECFE1274D184687AB9.e.25227"}]}
COMMAND: GET /session/b0bce561eedd0ef2cd491e5795c56593/screenshot - {}
RESULT: {}
COMMAND: POST /session/b0bce561eedd0ef2cd491e5795c56593/execute/sync - {"script":"<script> [56 bytes]","args":[{"element-6066-11e4-a52e-4f735466cecf":"f.633F000A9FA1F61B5279087A5498CC04.d.64C9DE686A3151ECFE1274D184687AB9.e.25227","ELEMENT":"f.633F000A9FA1F61B5279087A5498CC04.d.64C9DE686A3151ECFE1274D184687AB9.e.25227"}]}
RESULT: {"script":"<script> [56 bytes]","args":[{"element-6066-11e4-a52e-4f735466cecf":"f.633F000A9FA1F61B5279087A5498CC04.d.64C9DE686A3151ECFE1274D184687AB9.e.25227","ELEMENT":"f.633F000A9FA1F61B5279087A5498CC04.d.64C9DE686A3151ECFE1274D184687AB9.e.25227"}]}
COMMAND: GET /session/b0bce561eedd0ef2cd491e5795c56593/screenshot - {}
RESULT: {}
COMMAND: POST /session/b0bce561eedd0ef2cd491e5795c56593/execute/sync - {"script":"<script> [56 bytes]","args":[{"element-6066-11e4-a52e-4f735466cecf":"f.633F000A9FA1F61B5279087A5498CC04.d.64C9DE686A3151ECFE1274D184687AB9.e.25227","ELEMENT":"f.633F000A9FA1F61B5279087A5498CC04.d.64C9DE686A3151ECFE1274D184687AB9.e.25227"}]}
RESULT: {"script":"<script> [56 bytes]","args":[{"element-6066-11e4-a52e-4f735466cecf":"f.633F000A9FA1F61B5279087A5498CC04.d.64C9DE686A3151ECFE1274D184687AB9.e.25227","ELEMENT":"f.633F000A9FA1F61B5279087A5498CC04.d.64C9DE686A3151ECFE1274D184687AB9.e.25227"}]}
COMMAND: GET /session/b0bce561eedd0ef2cd491e5795c56593/screenshot - {}
RESULT: {}
COMMAND: POST /session/b0bce561eedd0ef2cd491e5795c56593/execute/sync - {"script":"<script> [56 bytes]","args":[{"element-6066-11e4-a52e-4f735466cecf":"f.633F000A9FA1F61B5279087A5498CC04.d.64C9DE686A3151ECFE1274D184687AB9.e.25227","ELEMENT":"f.633F000A9FA1F61B5279087A5498CC04.d.64C9DE686A3151ECFE1274D184687AB9.e.25227"}]}
RESULT: {"script":"<script> [56 bytes]","args":[{"element-6066-11e4-a52e-4f735466cecf":"f.633F000A9FA1F61B5279087A5498CC04.d.64C9DE686A3151ECFE1274D184687AB9.e.25227","ELEMENT":"f.633F000A9FA1F61B5279087A5498CC04.d.64C9DE686A3151ECFE1274D184687AB9.e.25227"}]}
COMMAND: GET /session/b0bce561eedd0ef2cd491e5795c56593/screenshot - {}
RESULT: {}
COMMAND: POST /session/b0bce561eedd0ef2cd491e5795c56593/execute/sync - {"script":"<script> [56 bytes]","args":[{"element-6066-11e4-a52e-4f735466cecf":"f.633F000A9FA1F61B5279087A5498CC04.d.64C9DE686A3151ECFE1274D184687AB9.e.25227","ELEMENT":"f.633F000A9FA1F61B5279087A5498CC04.d.64C9DE686A3151ECFE1274D184687AB9.e.25227"}]}
RESULT: {"script":"<script> [56 bytes]","args":[{"element-6066-11e4-a52e-4f735466cecf":"f.633F000A9FA1F61B5279087A5498CC04.d.64C9DE686A3151ECFE1274D184687AB9.e.25227","ELEMENT":"f.633F000A9FA1F61B5279087A5498CC04.d.64C9DE686A3151ECFE1274D184687AB9.e.25227"}]}
COMMAND: GET /session/b0bce561eedd0ef2cd491e5795c56593/screenshot - {}
RESULT: {}
COMMAND: POST /session/b0bce561eedd0ef2cd491e5795c56593/execute/sync - {"script":"<script> [56 bytes]","args":[{"element-6066-11e4-a52e-4f735466cecf":"f.633F000A9FA1F61B5279087A5498CC04.d.64C9DE686A3151ECFE1274D184687AB9.e.25227","ELEMENT":"f.633F000A9FA1F61B5279087A5498CC04.d.64C9DE686A3151ECFE1274D184687AB9.e.25227"}]}
RESULT: {"script":"<script> [56 bytes]","args":[{"element-6066-11e4-a52e-4f735466cecf":"f.633F000A9FA1F61B5279087A5498CC04.d.64C9DE686A3151ECFE1274D184687AB9.e.25227","ELEMENT":"f.633F000A9FA1F61B5279087A5498CC04.d.64C9DE686A3151ECFE1274D184687AB9.e.25227"}]}
COMMAND: GET /session/b0bce561eedd0ef2cd491e5795c56593/screenshot - {}
RESULT: {}
COMMAND: POST /session/b0bce561eedd0ef2cd491e5795c56593/execute/sync - {"script":"<script> [56 bytes]","args":[{"element-6066-11e4-a52e-4f735466cecf":"f.633F000A9FA1F61B5279087A5498CC04.d.64C9DE686A3151ECFE1274D184687AB9.e.25227","ELEMENT":"f.633F000A9FA1F61B5279087A5498CC04.d.64C9DE686A3151ECFE1274D184687AB9.e.25227"}]}
RESULT: {"script":"<script> [56 bytes]","args":[{"element-6066-11e4-a52e-4f735466cecf":"f.633F000A9FA1F61B5279087A5498CC04.d.64C9DE686A3151ECFE1274D184687AB9.e.25227","ELEMENT":"f.633F000A9FA1F61B5279087A5498CC04.d.64C9DE686A3151ECFE1274D184687AB9.e.25227"}]}
COMMAND: GET /session/b0bce561eedd0ef2cd491e5795c56593/screenshot - {}
RESULT: {}
COMMAND: POST /session/b0bce561eedd0ef2cd491e5795c56593/execute/sync - {"script":"<script> [56 bytes]","args":[{"element-6066-11e4-a52e-4f735466cecf":"f.633F000A9FA1F61B5279087A5498CC04.d.64C9DE686A3151ECFE1274D184687AB9.e.25227","ELEMENT":"f.633F000A9FA1F61B5279087A5498CC04.d.64C9DE686A3151ECFE1274D184687AB9.e.25227"}]}
RESULT: {"script":"<script> [56 bytes]","args":[{"element-6066-11e4-a52e-4f735466cecf":"f.633F000A9FA1F61B5279087A5498CC04.d.64C9DE686A3151ECFE1274D184687AB9.e.25227","ELEMENT":"f.633F000A9FA1F61B5279087A5498CC04.d.64C9DE686A3151ECFE1274D184687AB9.e.25227"}]}
COMMAND: GET /session/b0bce561eedd0ef2cd491e5795c56593/screenshot - {}
RESULT: {}
COMMAND: POST /session/b0bce561eedd0ef2cd491e5795c56593/execute/sync - {"script":"<script> [56 bytes]","args":[{"element-6066-11e4-a52e-4f735466cecf":"f.633F000A9FA1F61B5279087A5498CC04.d.64C9DE686A3151ECFE1274D184687AB9.e.25227","ELEMENT":"f.633F000A9FA1F61B5279087A5498CC04.d.64C9DE686A3151ECFE1274D184687AB9.e.25227"}]}
RESULT: {"script":"<script> [56 bytes]","args":[{"element-6066-11e4-a52e-4f735466cecf":"f.633F000A9FA1F61B5279087A5498CC04.d.64C9DE686A3151ECFE1274D184687AB9.e.25227","ELEMENT":"f.633F000A9FA1F61B5279087A5498CC04.d.64C9DE686A3151ECFE1274D184687AB9.e.25227"}]}
COMMAND: GET /session/b0bce561eedd0ef2cd491e5795c56593/screenshot - {}
RESULT: {}
COMMAND: POST /session/b0bce561eedd0ef2cd491e5795c56593/execute/sync - {"script":"<script> [56 bytes]","args":[{"element-6066-11e4-a52e-4f735466cecf":"f.633F000A9FA1F61B5279087A5498CC04.d.64C9DE686A3151ECFE1274D184687AB9.e.25227","ELEMENT":"f.633F000A9FA1F61B5279087A5498CC04.d.64C9DE686A3151ECFE1274D184687AB9.e.25227"}]}
RESULT: {"script":"<script> [56 bytes]","args":[{"element-6066-11e4-a52e-4f735466cecf":"f.633F000A9FA1F61B5279087A5498CC04.d.64C9DE686A3151ECFE1274D184687AB9.e.25227","ELEMENT":"f.633F000A9FA1F61B5279087A5498CC04.d.64C9DE686A3151ECFE1274D184687AB9.e.25227"}]}
COMMAND: GET /session/b0bce561eedd0ef2cd491e5795c56593/screenshot - {}
RESULT: {}
COMMAND: POST /session/b0bce561eedd0ef2cd491e5795c56593/execute/sync - {"script":"<script> [56 bytes]","args":[{"element-6066-11e4-a52e-4f735466cecf":"f.633F000A9FA1F61B5279087A5498CC04.d.64C9DE686A3151ECFE1274D184687AB9.e.25227","ELEMENT":"f.633F000A9FA1F61B5279087A5498CC04.d.64C9DE686A3151ECFE1274D184687AB9.e.25227"}]}
RESULT: {"script":"<script> [56 bytes]","args":[{"element-6066-11e4-a52e-4f735466cecf":"f.633F000A9FA1F61B5279087A5498CC04.d.64C9DE686A3151ECFE1274D184687AB9.e.25227","ELEMENT":"f.633F000A9FA1F61B5279087A5498CC04.d.64C9DE686A3151ECFE1274D184687AB9.e.25227"}]}
COMMAND: GET /session/b0bce561eedd0ef2cd491e5795c56593/screenshot - {}
RESULT: {}
COMMAND: POST /session/b0bce561eedd0ef2cd491e5795c56593/execute/sync - {"script":"<script> [56 bytes]","args":[{"element-6066-11e4-a52e-4f735466cecf":"f.633F000A9FA1F61B5279087A5498CC04.d.64C9DE686A3151ECFE1274D184687AB9.e.25227","ELEMENT":"f.633F000A9FA1F61B5279087A5498CC04.d.64C9DE686A3151ECFE1274D184687AB9.e.25227"}]}
RESULT: {"script":"<script> [56 bytes]","args":[{"element-6066-11e4-a52e-4f735466cecf":"f.633F000A9FA1F61B5279087A5498CC04.d.64C9DE686A3151ECFE1274D184687AB9.e.25227","ELEMENT":"f.633F000A9FA1F61B5279087A5498CC04.d.64C9DE686A3151ECFE1274D184687AB9.e.25227"}]}
COMMAND: POST /session/b0bce561eedd0ef2cd491e5795c56593/element - {"using":"css selector","value":"#shell-header-logo"}
COMMAND: GET /session/b0bce561eedd0ef2cd491e5795c56593/screenshot - {}
RESULT: {"using":"css selector","value":"#shell-header-logo"}
COMMAND: POST /session/b0bce561eedd0ef2cd491e5795c56593/element/f.633F000A9FA1F61B5279087A5498CC04.d.64C9DE686A3151ECFE1274D184687AB9.e.25068/click - {}
RESULT: {}
RESULT: {}
COMMAND: GET /session/b0bce561eedd0ef2cd491e5795c56593/screenshot - {}
RESULT: {}
]]></system-out>
    </testcase>
    <testcase classname="chrome.135_0_7049_42.windows.Billing_Calculation_-_Time_based_(considering_transport_times)_US139738" name="Should do another billing run but in around 25 days from today" time="68.434">
      <system-out><![CDATA[
RESULT: undefined
COMMAND: POST /session/b0bce561eedd0ef2cd491e5795c56593/element - {"using":"xpath","value":"//*[@id=\"__tile51\"]"}
RESULT: {"using":"xpath","value":"//*[@id=\"__tile51\"]"}
COMMAND: POST /session/b0bce561eedd0ef2cd491e5795c56593/element/f.633F000A9FA1F61B5279087A5498CC04.d.64C9DE686A3151ECFE1274D184687AB9.e.18836/click - {}
RESULT: {}
COMMAND: GET /session/b0bce561eedd0ef2cd491e5795c56593/screenshot - {}
RESULT: undefined
COMMAND: POST /session/b0bce561eedd0ef2cd491e5795c56593/execute/async - {"script":"<script> [776 bytes]","args":[{"enterText":"10505","selector":{"id":"application-managebillings-display-component---billRunCalcResult--smartFilterBar-btnBasicSearch","interaction":{"idSuffix":"I"}},"clearTextFirst":true,"interactionType":"ENTER_TEXT"}]}
RESULT: {}
RESULT: {"script":"<script> [776 bytes]","args":[{"enterText":"10505","selector":{"id":"application-managebillings-display-component---billRunCalcResult--smartFilterBar-btnBasicSearch","interaction":{"idSuffix":"I"}},"clearTextFirst":true,"interactionType":"ENTER_TEXT"}]}
COMMAND: POST /session/b0bce561eedd0ef2cd491e5795c56593/actions - {"actions":[{"id":"action89","type":"key","parameters":{},"actions":[{"type":"keyDown","value":""},{"type":"pause","duration":10},{"type":"keyUp","value":""}]}]}
RESULT: {"actions":[{"id":"action89","type":"key","parameters":{},"actions":[{"type":"keyDown","value":""},{"type":"pause","duration":10},{"type":"keyUp","value":""}]}]}
COMMAND: GET /session/b0bce561eedd0ef2cd491e5795c56593/screenshot - {}
RESULT: {}
COMMAND: POST /session/b0bce561eedd0ef2cd491e5795c56593/element - {"using":"xpath","value":"//td[@aria-colindex=\"1\"]/div/div[contains(@class, \"sapMCbBg\")]"}
RESULT: {"using":"xpath","value":"//td[@aria-colindex=\"1\"]/div/div[contains(@class, \"sapMCbBg\")]"}
COMMAND: POST /session/b0bce561eedd0ef2cd491e5795c56593/element/f.633F000A9FA1F61B5279087A5498CC04.d.64C9DE686A3151ECFE1274D184687AB9.e.25472/click - {}
RESULT: {}
COMMAND: GET /session/b0bce561eedd0ef2cd491e5795c56593/screenshot - {}
RESULT: {}
RESULT: undefined
COMMAND: POST /session/b0bce561eedd0ef2cd491e5795c56593/execute/async - {"script":"<script> [776 bytes]","args":[{"enterText":"05/15/25","selector":{"id":"application-managebillings-display-component---billRunCalcResult--contractBillRunDate","interaction":{"idSuffix":"inner"}},"clearTextFirst":true,"interactionType":"ENTER_TEXT"}]}
RESULT: {"script":"<script> [776 bytes]","args":[{"enterText":"05/15/25","selector":{"id":"application-managebillings-display-component---billRunCalcResult--contractBillRunDate","interaction":{"idSuffix":"inner"}},"clearTextFirst":true,"interactionType":"ENTER_TEXT"}]}
COMMAND: POST /session/b0bce561eedd0ef2cd491e5795c56593/element - {"using":"xpath","value":"//bdi[contains(text(), \"Trigger Calculation\")]"}
RESULT: {"using":"xpath","value":"//bdi[contains(text(), \"Trigger Calculation\")]"}
COMMAND: POST /session/b0bce561eedd0ef2cd491e5795c56593/element/f.633F000A9FA1F61B5279087A5498CC04.d.64C9DE686A3151ECFE1274D184687AB9.e.25527/click - {}
RESULT: {}
COMMAND: GET /session/b0bce561eedd0ef2cd491e5795c56593/screenshot - {}
RESULT: {}
COMMAND: POST /session/b0bce561eedd0ef2cd491e5795c56593/element - {"using":"xpath","value":"(//span[contains(@id, \"imgNav\")])[1]"}
RESULT: {"using":"xpath","value":"(//span[contains(@id, \"imgNav\")])[1]"}
COMMAND: POST /session/b0bce561eedd0ef2cd491e5795c56593/element/f.633F000A9FA1F61B5279087A5498CC04.d.64C9DE686A3151ECFE1274D184687AB9.e.25473/click - {}
RESULT: {}
COMMAND: GET /session/b0bce561eedd0ef2cd491e5795c56593/screenshot - {}
RESULT: {}
COMMAND: POST /session/b0bce561eedd0ef2cd491e5795c56593/element - {"using":"xpath","value":"//tr/td[6]/div[1]/span[1]/span[1]"}
RESULT: {"using":"xpath","value":"//tr/td[6]/div[1]/span[1]/span[1]"}
COMMAND: GET /session/b0bce561eedd0ef2cd491e5795c56593/element/f.633F000A9FA1F61B5279087A5498CC04.d.64C9DE686A3151ECFE1274D184687AB9.e.25533/text - {}
RESULT: {}
COMMAND: POST /session/b0bce561eedd0ef2cd491e5795c56593/element - {"using":"xpath","value":"(//span[contains(@id, \"imgNav\")])[2]"}
RESULT: {"using":"xpath","value":"(//span[contains(@id, \"imgNav\")])[2]"}
COMMAND: POST /session/b0bce561eedd0ef2cd491e5795c56593/element/f.633F000A9FA1F61B5279087A5498CC04.d.64C9DE686A3151ECFE1274D184687AB9.e.25534/click - {}
RESULT: {}
COMMAND: POST /session/b0bce561eedd0ef2cd491e5795c56593/element - {"using":"xpath","value":"//bdi[contains(text(), \"Business Confirm\")]"}
COMMAND: GET /session/b0bce561eedd0ef2cd491e5795c56593/screenshot - {}
RESULT: {"using":"xpath","value":"//bdi[contains(text(), \"Business Confirm\")]"}
COMMAND: POST /session/b0bce561eedd0ef2cd491e5795c56593/elements - {"using":"xpath","value":"//bdi[contains(text(), \"Business Confirm\")]"}
RESULT: {}
RESULT: {"using":"xpath","value":"//bdi[contains(text(), \"Business Confirm\")]"}
COMMAND: POST /session/b0bce561eedd0ef2cd491e5795c56593/element - {"using":"xpath","value":"//bdi[contains(text(), \"Business Confirm\")]"}
RESULT: {"using":"xpath","value":"//bdi[contains(text(), \"Business Confirm\")]"}
COMMAND: POST /session/b0bce561eedd0ef2cd491e5795c56593/element/f.633F000A9FA1F61B5279087A5498CC04.d.64C9DE686A3151ECFE1274D184687AB9.e.25537/click - {}
COMMAND: POST /session/b0bce561eedd0ef2cd491e5795c56593/element - {"using":"xpath","value":"//bdi[contains(text(), \"Business Confirm\")]"}
RESULT: {"using":"xpath","value":"//bdi[contains(text(), \"Business Confirm\")]"}
COMMAND: POST /session/b0bce561eedd0ef2cd491e5795c56593/element/f.633F000A9FA1F61B5279087A5498CC04.d.64C9DE686A3151ECFE1274D184687AB9.e.25537/click - {}
COMMAND: POST /session/b0bce561eedd0ef2cd491e5795c56593/element - {"using":"xpath","value":"//bdi[contains(text(), \"Business Confirm\")]"}
RESULT: {"using":"xpath","value":"//bdi[contains(text(), \"Business Confirm\")]"}
COMMAND: POST /session/b0bce561eedd0ef2cd491e5795c56593/element/f.633F000A9FA1F61B5279087A5498CC04.d.64C9DE686A3151ECFE1274D184687AB9.e.25591/click - {}
RESULT: {}
COMMAND: POST /session/b0bce561eedd0ef2cd491e5795c56593/element - {"using":"css selector","value":"#shell-header-logo"}
COMMAND: GET /session/b0bce561eedd0ef2cd491e5795c56593/screenshot - {}
RESULT: {"using":"css selector","value":"#shell-header-logo"}
COMMAND: POST /session/b0bce561eedd0ef2cd491e5795c56593/element/f.633F000A9FA1F61B5279087A5498CC04.d.64C9DE686A3151ECFE1274D184687AB9.e.25264/click - {}
RESULT: {}
RESULT: {}
COMMAND: GET /session/b0bce561eedd0ef2cd491e5795c56593/screenshot - {}
RESULT: {}
]]></system-out>
    </testcase>
    <testcase classname="chrome.135_0_7049_42.windows.Billing_Calculation_-_Time_based_(considering_transport_times)_US139738" name="Should transfer the billing all the way to completion" time="79.188">
      <system-out><![CDATA[
RESULT: undefined
COMMAND: POST /session/b0bce561eedd0ef2cd491e5795c56593/element - {"using":"xpath","value":"//*[@id=\"__tile50\"]"}
RESULT: {"using":"xpath","value":"//*[@id=\"__tile50\"]"}
COMMAND: POST /session/b0bce561eedd0ef2cd491e5795c56593/element/f.633F000A9FA1F61B5279087A5498CC04.d.64C9DE686A3151ECFE1274D184687AB9.e.18834/click - {}
RESULT: {}
COMMAND: POST /session/b0bce561eedd0ef2cd491e5795c56593/element - {"using":"xpath","value":"//input[contains(@id ,\"application-billingtransfer-display-component---billingWorkbench--smartFilterBar-btnBasicSearch\")]"}
COMMAND: GET /session/b0bce561eedd0ef2cd491e5795c56593/screenshot - {}
RESULT: {"using":"xpath","value":"//input[contains(@id ,\"application-billingtransfer-display-component---billingWorkbench--smartFilterBar-btnBasicSearch\")]"}
COMMAND: POST /session/b0bce561eedd0ef2cd491e5795c56593/elements - {"using":"xpath","value":"//input[contains(@id ,\"application-billingtransfer-display-component---billingWorkbench--smartFilterBar-btnBasicSearch\")]"}
RESULT: {}
RESULT: {"using":"xpath","value":"//input[contains(@id ,\"application-billingtransfer-display-component---billingWorkbench--smartFilterBar-btnBasicSearch\")]"}
COMMAND: POST /session/b0bce561eedd0ef2cd491e5795c56593/execute/sync - {"script":"<script> [8489 bytes]","args":[{"element-6066-11e4-a52e-4f735466cecf":"f.633F000A9FA1F61B5279087A5498CC04.d.64C9DE686A3151ECFE1274D184687AB9.e.25617","ELEMENT":"f.633F000A9FA1F61B5279087A5498CC04.d.64C9DE686A3151ECFE1274D184687AB9.e.25617"}]}
RESULT: {"script":"<script> [8489 bytes]","args":[{"element-6066-11e4-a52e-4f735466cecf":"f.633F000A9FA1F61B5279087A5498CC04.d.64C9DE686A3151ECFE1274D184687AB9.e.25617","ELEMENT":"f.633F000A9FA1F61B5279087A5498CC04.d.64C9DE686A3151ECFE1274D184687AB9.e.25617"}]}
COMMAND: GET /session/b0bce561eedd0ef2cd491e5795c56593/element/f.633F000A9FA1F61B5279087A5498CC04.d.64C9DE686A3151ECFE1274D184687AB9.e.25617/enabled - {}
COMMAND: GET /session/b0bce561eedd0ef2cd491e5795c56593/screenshot - {}
RESULT: {}
COMMAND: POST /session/b0bce561eedd0ef2cd491e5795c56593/element/f.633F000A9FA1F61B5279087A5498CC04.d.64C9DE686A3151ECFE1274D184687AB9.e.25617/click - {}
COMMAND: GET /session/b0bce561eedd0ef2cd491e5795c56593/screenshot - {}
RESULT: {}
RESULT: {}
COMMAND: GET /session/b0bce561eedd0ef2cd491e5795c56593/screenshot - {}
RESULT: {}
RESULT: {}
COMMAND: POST /session/b0bce561eedd0ef2cd491e5795c56593/element/f.633F000A9FA1F61B5279087A5498CC04.d.64C9DE686A3151ECFE1274D184687AB9.e.25617/clear - {}
RESULT: {}
COMMAND: POST /session/b0bce561eedd0ef2cd491e5795c56593/element/f.633F000A9FA1F61B5279087A5498CC04.d.64C9DE686A3151ECFE1274D184687AB9.e.25617/value - {"text":"10505"}
COMMAND: GET /session/b0bce561eedd0ef2cd491e5795c56593/screenshot - {}
RESULT: {"text":"10505"}
COMMAND: POST /session/b0bce561eedd0ef2cd491e5795c56593/actions - {"actions":[{"id":"action90","type":"key","parameters":{},"actions":[{"type":"keyDown","value":""},{"type":"pause","duration":10},{"type":"keyUp","value":""}]}]}
COMMAND: GET /session/b0bce561eedd0ef2cd491e5795c56593/screenshot - {}
RESULT: {}
RESULT: {"actions":[{"id":"action90","type":"key","parameters":{},"actions":[{"type":"keyDown","value":""},{"type":"pause","duration":10},{"type":"keyUp","value":""}]}]}
COMMAND: GET /session/b0bce561eedd0ef2cd491e5795c56593/screenshot - {}
RESULT: {}
RESULT: {}
COMMAND: POST /session/b0bce561eedd0ef2cd491e5795c56593/element - {"using":"xpath","value":"//span[contains(@id ,\"application-billingtransfer-display-component---billingWorkbench--smartTableBillingRuns-header-inner\")]"}
RESULT: {"using":"xpath","value":"//span[contains(@id ,\"application-billingtransfer-display-component---billingWorkbench--smartTableBillingRuns-header-inner\")]"}
COMMAND: POST /session/b0bce561eedd0ef2cd491e5795c56593/elements - {"using":"xpath","value":"//span[contains(@id ,\"application-billingtransfer-display-component---billingWorkbench--smartTableBillingRuns-header-inner\")]"}
RESULT: {"using":"xpath","value":"//span[contains(@id ,\"application-billingtransfer-display-component---billingWorkbench--smartTableBillingRuns-header-inner\")]"}
COMMAND: POST /session/b0bce561eedd0ef2cd491e5795c56593/execute/sync - {"script":"<script> [56 bytes]","args":[{"element-6066-11e4-a52e-4f735466cecf":"f.633F000A9FA1F61B5279087A5498CC04.d.64C9DE686A3151ECFE1274D184687AB9.e.25772","ELEMENT":"f.633F000A9FA1F61B5279087A5498CC04.d.64C9DE686A3151ECFE1274D184687AB9.e.25772"}]}
RESULT: {"script":"<script> [56 bytes]","args":[{"element-6066-11e4-a52e-4f735466cecf":"f.633F000A9FA1F61B5279087A5498CC04.d.64C9DE686A3151ECFE1274D184687AB9.e.25772","ELEMENT":"f.633F000A9FA1F61B5279087A5498CC04.d.64C9DE686A3151ECFE1274D184687AB9.e.25772"}]}
COMMAND: POST /session/b0bce561eedd0ef2cd491e5795c56593/element - {"using":"xpath","value":"//td[@aria-colindex=\"1\"]/div/div[contains(@class, \"sapMCbBg\")]"}
COMMAND: GET /session/b0bce561eedd0ef2cd491e5795c56593/screenshot - {}
RESULT: {"using":"xpath","value":"//td[@aria-colindex=\"1\"]/div/div[contains(@class, \"sapMCbBg\")]"}
COMMAND: POST /session/b0bce561eedd0ef2cd491e5795c56593/element/f.633F000A9FA1F61B5279087A5498CC04.d.64C9DE686A3151ECFE1274D184687AB9.e.25745/click - {}
RESULT: {}
RESULT: {}
COMMAND: GET /session/b0bce561eedd0ef2cd491e5795c56593/screenshot - {}
RESULT: {}
COMMAND: POST /session/b0bce561eedd0ef2cd491e5795c56593/element - {"using":"xpath","value":"//bdi[contains(text(), \"Check\")]"}
RESULT: {"using":"xpath","value":"//bdi[contains(text(), \"Check\")]"}
COMMAND: POST /session/b0bce561eedd0ef2cd491e5795c56593/element/f.633F000A9FA1F61B5279087A5498CC04.d.64C9DE686A3151ECFE1274D184687AB9.e.25773/click - {}
RESULT: {}
COMMAND: GET /session/b0bce561eedd0ef2cd491e5795c56593/screenshot - {}
RESULT: {}
COMMAND: POST /session/b0bce561eedd0ef2cd491e5795c56593/element - {"using":"xpath","value":"//bdi[contains(text(), \"OK\")]"}
RESULT: {"using":"xpath","value":"//bdi[contains(text(), \"OK\")]"}
COMMAND: POST /session/b0bce561eedd0ef2cd491e5795c56593/element/f.633F000A9FA1F61B5279087A5498CC04.d.64C9DE686A3151ECFE1274D184687AB9.e.25776/click - {}
RESULT: {}
COMMAND: GET /session/b0bce561eedd0ef2cd491e5795c56593/screenshot - {}
RESULT: {}
COMMAND: POST /session/b0bce561eedd0ef2cd491e5795c56593/element - {"using":"xpath","value":"(//span[contains(text(), \"CO/SD checked\")]/parent::div/preceding-sibling::div/span)[1]"}
RESULT: {"using":"xpath","value":"(//span[contains(text(), \"CO/SD checked\")]/parent::div/preceding-sibling::div/span)[1]"}
COMMAND: POST /session/b0bce561eedd0ef2cd491e5795c56593/element/f.633F000A9FA1F61B5279087A5498CC04.d.64C9DE686A3151ECFE1274D184687AB9.e.25786/click - {}
RESULT: {}
COMMAND: GET /session/b0bce561eedd0ef2cd491e5795c56593/screenshot - {}
RESULT: {}
COMMAND: POST /session/b0bce561eedd0ef2cd491e5795c56593/element - {"using":"xpath","value":"//input[contains(@id ,\"application-billingtransfer-display-component---billingWorkbench--smartFilterBar-btnBasicSearch\")]"}
RESULT: {"using":"xpath","value":"//input[contains(@id ,\"application-billingtransfer-display-component---billingWorkbench--smartFilterBar-btnBasicSearch\")]"}
COMMAND: POST /session/b0bce561eedd0ef2cd491e5795c56593/elements - {"using":"xpath","value":"//input[contains(@id ,\"application-billingtransfer-display-component---billingWorkbench--smartFilterBar-btnBasicSearch\")]"}
RESULT: {"using":"xpath","value":"//input[contains(@id ,\"application-billingtransfer-display-component---billingWorkbench--smartFilterBar-btnBasicSearch\")]"}
COMMAND: POST /session/b0bce561eedd0ef2cd491e5795c56593/execute/sync - {"script":"<script> [8489 bytes]","args":[{"element-6066-11e4-a52e-4f735466cecf":"f.633F000A9FA1F61B5279087A5498CC04.d.64C9DE686A3151ECFE1274D184687AB9.e.25617","ELEMENT":"f.633F000A9FA1F61B5279087A5498CC04.d.64C9DE686A3151ECFE1274D184687AB9.e.25617"}]}
RESULT: {"script":"<script> [8489 bytes]","args":[{"element-6066-11e4-a52e-4f735466cecf":"f.633F000A9FA1F61B5279087A5498CC04.d.64C9DE686A3151ECFE1274D184687AB9.e.25617","ELEMENT":"f.633F000A9FA1F61B5279087A5498CC04.d.64C9DE686A3151ECFE1274D184687AB9.e.25617"}]}
COMMAND: GET /session/b0bce561eedd0ef2cd491e5795c56593/element/f.633F000A9FA1F61B5279087A5498CC04.d.64C9DE686A3151ECFE1274D184687AB9.e.25617/enabled - {}
COMMAND: GET /session/b0bce561eedd0ef2cd491e5795c56593/screenshot - {}
RESULT: {}
RESULT: {}
COMMAND: POST /session/b0bce561eedd0ef2cd491e5795c56593/element/f.633F000A9FA1F61B5279087A5498CC04.d.64C9DE686A3151ECFE1274D184687AB9.e.25617/click - {}
COMMAND: GET /session/b0bce561eedd0ef2cd491e5795c56593/screenshot - {}
RESULT: {}
COMMAND: GET /session/b0bce561eedd0ef2cd491e5795c56593/screenshot - {}
RESULT: {}
RESULT: {}
COMMAND: POST /session/b0bce561eedd0ef2cd491e5795c56593/element/f.633F000A9FA1F61B5279087A5498CC04.d.64C9DE686A3151ECFE1274D184687AB9.e.25617/clear - {}
RESULT: {}
COMMAND: POST /session/b0bce561eedd0ef2cd491e5795c56593/element/f.633F000A9FA1F61B5279087A5498CC04.d.64C9DE686A3151ECFE1274D184687AB9.e.25617/value - {"text":"10505"}
COMMAND: GET /session/b0bce561eedd0ef2cd491e5795c56593/screenshot - {}
RESULT: {"text":"10505"}
COMMAND: POST /session/b0bce561eedd0ef2cd491e5795c56593/actions - {"actions":[{"id":"action91","type":"key","parameters":{},"actions":[{"type":"keyDown","value":""},{"type":"pause","duration":10},{"type":"keyUp","value":""}]}]}
COMMAND: GET /session/b0bce561eedd0ef2cd491e5795c56593/screenshot - {}
RESULT: {}
RESULT: {"actions":[{"id":"action91","type":"key","parameters":{},"actions":[{"type":"keyDown","value":""},{"type":"pause","duration":10},{"type":"keyUp","value":""}]}]}
COMMAND: GET /session/b0bce561eedd0ef2cd491e5795c56593/screenshot - {}
RESULT: {}
RESULT: {}
COMMAND: POST /session/b0bce561eedd0ef2cd491e5795c56593/element - {"using":"xpath","value":"//span[contains(@id ,\"application-billingtransfer-display-component---billingWorkbench--smartTableBillingRuns-header-inner\")]"}
RESULT: {"using":"xpath","value":"//span[contains(@id ,\"application-billingtransfer-display-component---billingWorkbench--smartTableBillingRuns-header-inner\")]"}
COMMAND: POST /session/b0bce561eedd0ef2cd491e5795c56593/elements - {"using":"xpath","value":"//span[contains(@id ,\"application-billingtransfer-display-component---billingWorkbench--smartTableBillingRuns-header-inner\")]"}
RESULT: {"using":"xpath","value":"//span[contains(@id ,\"application-billingtransfer-display-component---billingWorkbench--smartTableBillingRuns-header-inner\")]"}
COMMAND: POST /session/b0bce561eedd0ef2cd491e5795c56593/execute/sync - {"script":"<script> [56 bytes]","args":[{"element-6066-11e4-a52e-4f735466cecf":"f.633F000A9FA1F61B5279087A5498CC04.d.64C9DE686A3151ECFE1274D184687AB9.e.25772","ELEMENT":"f.633F000A9FA1F61B5279087A5498CC04.d.64C9DE686A3151ECFE1274D184687AB9.e.25772"}]}
RESULT: {"script":"<script> [56 bytes]","args":[{"element-6066-11e4-a52e-4f735466cecf":"f.633F000A9FA1F61B5279087A5498CC04.d.64C9DE686A3151ECFE1274D184687AB9.e.25772","ELEMENT":"f.633F000A9FA1F61B5279087A5498CC04.d.64C9DE686A3151ECFE1274D184687AB9.e.25772"}]}
COMMAND: POST /session/b0bce561eedd0ef2cd491e5795c56593/element - {"using":"xpath","value":"//td[@aria-colindex=\"1\"]/div/div[contains(@class, \"sapMCbBg\")]"}
COMMAND: GET /session/b0bce561eedd0ef2cd491e5795c56593/screenshot - {}
RESULT: {"using":"xpath","value":"//td[@aria-colindex=\"1\"]/div/div[contains(@class, \"sapMCbBg\")]"}
COMMAND: POST /session/b0bce561eedd0ef2cd491e5795c56593/element/f.633F000A9FA1F61B5279087A5498CC04.d.64C9DE686A3151ECFE1274D184687AB9.e.25789/click - {}
RESULT: {}
RESULT: {}
COMMAND: GET /session/b0bce561eedd0ef2cd491e5795c56593/screenshot - {}
RESULT: {}
COMMAND: POST /session/b0bce561eedd0ef2cd491e5795c56593/element - {"using":"xpath","value":"//bdi[text()=\"Transfer\"]"}
RESULT: {"using":"xpath","value":"//bdi[text()=\"Transfer\"]"}
COMMAND: POST /session/b0bce561eedd0ef2cd491e5795c56593/element/f.633F000A9FA1F61B5279087A5498CC04.d.64C9DE686A3151ECFE1274D184687AB9.e.25790/click - {}
RESULT: {}
COMMAND: GET /session/b0bce561eedd0ef2cd491e5795c56593/screenshot - {}
RESULT: {}
COMMAND: POST /session/b0bce561eedd0ef2cd491e5795c56593/element - {"using":"xpath","value":"//bdi[contains(text(), \"OK\")]"}
RESULT: {"using":"xpath","value":"//bdi[contains(text(), \"OK\")]"}
COMMAND: POST /session/b0bce561eedd0ef2cd491e5795c56593/element/f.633F000A9FA1F61B5279087A5498CC04.d.64C9DE686A3151ECFE1274D184687AB9.e.25793/click - {}
RESULT: {}
COMMAND: GET /session/b0bce561eedd0ef2cd491e5795c56593/screenshot - {}
RESULT: {}
COMMAND: POST /session/b0bce561eedd0ef2cd491e5795c56593/element - {"using":"xpath","value":"(//span[contains(text(), \"Completed\")]/parent::div/preceding-sibling::div/span)[1]"}
RESULT: {"using":"xpath","value":"(//span[contains(text(), \"Completed\")]/parent::div/preceding-sibling::div/span)[1]"}
COMMAND: POST /session/b0bce561eedd0ef2cd491e5795c56593/element/f.633F000A9FA1F61B5279087A5498CC04.d.64C9DE686A3151ECFE1274D184687AB9.e.25801/click - {}
RESULT: {}
COMMAND: POST /session/b0bce561eedd0ef2cd491e5795c56593/element - {"using":"xpath","value":"//input[contains(@id ,\"application-billingtransfer-display-component---billingWorkbench--smartFilterBar-btnBasicSearch\")]"}
COMMAND: GET /session/b0bce561eedd0ef2cd491e5795c56593/screenshot - {}
RESULT: {"using":"xpath","value":"//input[contains(@id ,\"application-billingtransfer-display-component---billingWorkbench--smartFilterBar-btnBasicSearch\")]"}
COMMAND: POST /session/b0bce561eedd0ef2cd491e5795c56593/elements - {"using":"xpath","value":"//input[contains(@id ,\"application-billingtransfer-display-component---billingWorkbench--smartFilterBar-btnBasicSearch\")]"}
RESULT: {}
RESULT: {"using":"xpath","value":"//input[contains(@id ,\"application-billingtransfer-display-component---billingWorkbench--smartFilterBar-btnBasicSearch\")]"}
COMMAND: POST /session/b0bce561eedd0ef2cd491e5795c56593/execute/sync - {"script":"<script> [8489 bytes]","args":[{"element-6066-11e4-a52e-4f735466cecf":"f.633F000A9FA1F61B5279087A5498CC04.d.64C9DE686A3151ECFE1274D184687AB9.e.25617","ELEMENT":"f.633F000A9FA1F61B5279087A5498CC04.d.64C9DE686A3151ECFE1274D184687AB9.e.25617"}]}
RESULT: {"script":"<script> [8489 bytes]","args":[{"element-6066-11e4-a52e-4f735466cecf":"f.633F000A9FA1F61B5279087A5498CC04.d.64C9DE686A3151ECFE1274D184687AB9.e.25617","ELEMENT":"f.633F000A9FA1F61B5279087A5498CC04.d.64C9DE686A3151ECFE1274D184687AB9.e.25617"}]}
COMMAND: GET /session/b0bce561eedd0ef2cd491e5795c56593/element/f.633F000A9FA1F61B5279087A5498CC04.d.64C9DE686A3151ECFE1274D184687AB9.e.25617/enabled - {}
COMMAND: GET /session/b0bce561eedd0ef2cd491e5795c56593/screenshot - {}
RESULT: {}
COMMAND: POST /session/b0bce561eedd0ef2cd491e5795c56593/element/f.633F000A9FA1F61B5279087A5498CC04.d.64C9DE686A3151ECFE1274D184687AB9.e.25617/click - {}
COMMAND: GET /session/b0bce561eedd0ef2cd491e5795c56593/screenshot - {}
RESULT: {}
RESULT: {}
COMMAND: GET /session/b0bce561eedd0ef2cd491e5795c56593/screenshot - {}
RESULT: {}
RESULT: {}
COMMAND: POST /session/b0bce561eedd0ef2cd491e5795c56593/element/f.633F000A9FA1F61B5279087A5498CC04.d.64C9DE686A3151ECFE1274D184687AB9.e.25617/clear - {}
RESULT: {}
COMMAND: POST /session/b0bce561eedd0ef2cd491e5795c56593/element/f.633F000A9FA1F61B5279087A5498CC04.d.64C9DE686A3151ECFE1274D184687AB9.e.25617/value - {"text":"10505"}
COMMAND: GET /session/b0bce561eedd0ef2cd491e5795c56593/screenshot - {}
RESULT: {"text":"10505"}
COMMAND: POST /session/b0bce561eedd0ef2cd491e5795c56593/actions - {"actions":[{"id":"action92","type":"key","parameters":{},"actions":[{"type":"keyDown","value":""},{"type":"pause","duration":10},{"type":"keyUp","value":""}]}]}
COMMAND: GET /session/b0bce561eedd0ef2cd491e5795c56593/screenshot - {}
RESULT: {}
RESULT: {"actions":[{"id":"action92","type":"key","parameters":{},"actions":[{"type":"keyDown","value":""},{"type":"pause","duration":10},{"type":"keyUp","value":""}]}]}
COMMAND: GET /session/b0bce561eedd0ef2cd491e5795c56593/screenshot - {}
RESULT: {}
RESULT: {}
COMMAND: POST /session/b0bce561eedd0ef2cd491e5795c56593/element - {"using":"xpath","value":"//span[contains(@id ,\"application-billingtransfer-display-component---billingWorkbench--smartTableBillingRuns-header-inner\")]"}
RESULT: {"using":"xpath","value":"//span[contains(@id ,\"application-billingtransfer-display-component---billingWorkbench--smartTableBillingRuns-header-inner\")]"}
COMMAND: POST /session/b0bce561eedd0ef2cd491e5795c56593/elements - {"using":"xpath","value":"//span[contains(@id ,\"application-billingtransfer-display-component---billingWorkbench--smartTableBillingRuns-header-inner\")]"}
RESULT: {"using":"xpath","value":"//span[contains(@id ,\"application-billingtransfer-display-component---billingWorkbench--smartTableBillingRuns-header-inner\")]"}
COMMAND: POST /session/b0bce561eedd0ef2cd491e5795c56593/execute/sync - {"script":"<script> [56 bytes]","args":[{"element-6066-11e4-a52e-4f735466cecf":"f.633F000A9FA1F61B5279087A5498CC04.d.64C9DE686A3151ECFE1274D184687AB9.e.25772","ELEMENT":"f.633F000A9FA1F61B5279087A5498CC04.d.64C9DE686A3151ECFE1274D184687AB9.e.25772"}]}
RESULT: {"script":"<script> [56 bytes]","args":[{"element-6066-11e4-a52e-4f735466cecf":"f.633F000A9FA1F61B5279087A5498CC04.d.64C9DE686A3151ECFE1274D184687AB9.e.25772","ELEMENT":"f.633F000A9FA1F61B5279087A5498CC04.d.64C9DE686A3151ECFE1274D184687AB9.e.25772"}]}
COMMAND: POST /session/b0bce561eedd0ef2cd491e5795c56593/element - {"using":"css selector","value":"#shell-header-logo"}
COMMAND: GET /session/b0bce561eedd0ef2cd491e5795c56593/screenshot - {}
RESULT: {"using":"css selector","value":"#shell-header-logo"}
COMMAND: POST /session/b0bce561eedd0ef2cd491e5795c56593/element/f.633F000A9FA1F61B5279087A5498CC04.d.64C9DE686A3151ECFE1274D184687AB9.e.25615/click - {}
RESULT: {}
RESULT: {}
COMMAND: GET /session/b0bce561eedd0ef2cd491e5795c56593/screenshot - {}
RESULT: {}
]]></system-out>
    </testcase>
    <testcase classname="chrome.135_0_7049_42.windows.Billing_Calculation_-_Time_based_(considering_transport_times)_US139738" name="Should navigate to the contract item check the billed until field value" time="45.461">
      <system-out><![CDATA[
RESULT: undefined
COMMAND: POST /session/b0bce561eedd0ef2cd491e5795c56593/element - {"using":"xpath","value":"//*[@id=\"__tile130-title\"]"}
RESULT: {"using":"xpath","value":"//*[@id=\"__tile130-title\"]"}
COMMAND: POST /session/b0bce561eedd0ef2cd491e5795c56593/element/f.633F000A9FA1F61B5279087A5498CC04.d.64C9DE686A3151ECFE1274D184687AB9.e.20833/click - {}
RESULT: {}
COMMAND: GET /session/b0bce561eedd0ef2cd491e5795c56593/screenshot - {}
RESULT: undefined
COMMAND: POST /session/b0bce561eedd0ef2cd491e5795c56593/element - {"using":"xpath","value":"//button[@data-kt=\"addButton\"]"}
RESULT: {}
RESULT: {"using":"xpath","value":"//button[@data-kt=\"addButton\"]"}
COMMAND: POST /session/b0bce561eedd0ef2cd491e5795c56593/elements - {"using":"xpath","value":"//button[@data-kt=\"addButton\"]"}
RESULT: {"using":"xpath","value":"//button[@data-kt=\"addButton\"]"}
COMMAND: POST /session/b0bce561eedd0ef2cd491e5795c56593/execute/sync - {"script":"<script> [8489 bytes]","args":[{"element-6066-11e4-a52e-4f735466cecf":"f.633F000A9FA1F61B5279087A5498CC04.d.64C9DE686A3151ECFE1274D184687AB9.e.25855","ELEMENT":"f.633F000A9FA1F61B5279087A5498CC04.d.64C9DE686A3151ECFE1274D184687AB9.e.25855"}]}
RESULT: {"script":"<script> [8489 bytes]","args":[{"element-6066-11e4-a52e-4f735466cecf":"f.633F000A9FA1F61B5279087A5498CC04.d.64C9DE686A3151ECFE1274D184687AB9.e.25855","ELEMENT":"f.633F000A9FA1F61B5279087A5498CC04.d.64C9DE686A3151ECFE1274D184687AB9.e.25855"}]}
COMMAND: GET /session/b0bce561eedd0ef2cd491e5795c56593/element/f.633F000A9FA1F61B5279087A5498CC04.d.64C9DE686A3151ECFE1274D184687AB9.e.25855/enabled - {}
COMMAND: GET /session/b0bce561eedd0ef2cd491e5795c56593/screenshot - {}
RESULT: {}
COMMAND: POST /session/b0bce561eedd0ef2cd491e5795c56593/execute/sync - {"script":"<script> [8489 bytes]","args":[{"element-6066-11e4-a52e-4f735466cecf":"f.633F000A9FA1F61B5279087A5498CC04.d.64C9DE686A3151ECFE1274D184687AB9.e.25855","ELEMENT":"f.633F000A9FA1F61B5279087A5498CC04.d.64C9DE686A3151ECFE1274D184687AB9.e.25855"}]}
COMMAND: GET /session/b0bce561eedd0ef2cd491e5795c56593/screenshot - {}
RESULT: {}
RESULT: {"script":"<script> [8489 bytes]","args":[{"element-6066-11e4-a52e-4f735466cecf":"f.633F000A9FA1F61B5279087A5498CC04.d.64C9DE686A3151ECFE1274D184687AB9.e.25855","ELEMENT":"f.633F000A9FA1F61B5279087A5498CC04.d.64C9DE686A3151ECFE1274D184687AB9.e.25855"}]}
COMMAND: POST /session/b0bce561eedd0ef2cd491e5795c56593/execute/sync - {"script":"<script> [5351 bytes]","args":[{"element-6066-11e4-a52e-4f735466cecf":"f.633F000A9FA1F61B5279087A5498CC04.d.64C9DE686A3151ECFE1274D184687AB9.e.25855","ELEMENT":"f.633F000A9FA1F61B5279087A5498CC04.d.64C9DE686A3151ECFE1274D184687AB9.e.25855"}]}
COMMAND: GET /session/b0bce561eedd0ef2cd491e5795c56593/screenshot - {}
RESULT: {}
RESULT: {"script":"<script> [5351 bytes]","args":[{"element-6066-11e4-a52e-4f735466cecf":"f.633F000A9FA1F61B5279087A5498CC04.d.64C9DE686A3151ECFE1274D184687AB9.e.25855","ELEMENT":"f.633F000A9FA1F61B5279087A5498CC04.d.64C9DE686A3151ECFE1274D184687AB9.e.25855"}]}
COMMAND: POST /session/b0bce561eedd0ef2cd491e5795c56593/element - {"using":"xpath","value":"//input[contains(@id ,\"smartContractFilterBar-btnBasicSearch-I\")]"}
COMMAND: GET /session/b0bce561eedd0ef2cd491e5795c56593/screenshot - {}
RESULT: {}
RESULT: {"using":"xpath","value":"//input[contains(@id ,\"smartContractFilterBar-btnBasicSearch-I\")]"}
COMMAND: POST /session/b0bce561eedd0ef2cd491e5795c56593/elements - {"using":"xpath","value":"//input[contains(@id ,\"smartContractFilterBar-btnBasicSearch-I\")]"}
RESULT: {}
RESULT: {"using":"xpath","value":"//input[contains(@id ,\"smartContractFilterBar-btnBasicSearch-I\")]"}
COMMAND: POST /session/b0bce561eedd0ef2cd491e5795c56593/execute/sync - {"script":"<script> [8489 bytes]","args":[{"element-6066-11e4-a52e-4f735466cecf":"f.633F000A9FA1F61B5279087A5498CC04.d.64C9DE686A3151ECFE1274D184687AB9.e.25819","ELEMENT":"f.633F000A9FA1F61B5279087A5498CC04.d.64C9DE686A3151ECFE1274D184687AB9.e.25819"}]}
RESULT: {"script":"<script> [8489 bytes]","args":[{"element-6066-11e4-a52e-4f735466cecf":"f.633F000A9FA1F61B5279087A5498CC04.d.64C9DE686A3151ECFE1274D184687AB9.e.25819","ELEMENT":"f.633F000A9FA1F61B5279087A5498CC04.d.64C9DE686A3151ECFE1274D184687AB9.e.25819"}]}
COMMAND: GET /session/b0bce561eedd0ef2cd491e5795c56593/element/f.633F000A9FA1F61B5279087A5498CC04.d.64C9DE686A3151ECFE1274D184687AB9.e.25819/enabled - {}
COMMAND: GET /session/b0bce561eedd0ef2cd491e5795c56593/screenshot - {}
RESULT: {}
COMMAND: POST /session/b0bce561eedd0ef2cd491e5795c56593/element/f.633F000A9FA1F61B5279087A5498CC04.d.64C9DE686A3151ECFE1274D184687AB9.e.25819/clear - {}
COMMAND: GET /session/b0bce561eedd0ef2cd491e5795c56593/screenshot - {}
RESULT: {}
RESULT: {}
COMMAND: POST /session/b0bce561eedd0ef2cd491e5795c56593/element/f.633F000A9FA1F61B5279087A5498CC04.d.64C9DE686A3151ECFE1274D184687AB9.e.25819/value - {"text":"10505"}
COMMAND: GET /session/b0bce561eedd0ef2cd491e5795c56593/screenshot - {}
RESULT: {}
RESULT: {"text":"10505"}
COMMAND: GET /session/b0bce561eedd0ef2cd491e5795c56593/screenshot - {}
RESULT: {}
RESULT: {}
COMMAND: POST /session/b0bce561eedd0ef2cd491e5795c56593/actions - {"actions":[{"id":"action93","type":"key","parameters":{},"actions":[{"type":"keyDown","value":""},{"type":"pause","duration":10},{"type":"keyUp","value":""}]}]}
RESULT: {"actions":[{"id":"action93","type":"key","parameters":{},"actions":[{"type":"keyDown","value":""},{"type":"pause","duration":10},{"type":"keyUp","value":""}]}]}
COMMAND: GET /session/b0bce561eedd0ef2cd491e5795c56593/screenshot - {}
RESULT: {}
COMMAND: POST /session/b0bce561eedd0ef2cd491e5795c56593/element - {"using":"xpath","value":"//span[contains(@id, \"masterListContractsSmartTable-header-inner\")]"}
RESULT: {"using":"xpath","value":"//span[contains(@id, \"masterListContractsSmartTable-header-inner\")]"}
COMMAND: POST /session/b0bce561eedd0ef2cd491e5795c56593/elements - {"using":"xpath","value":"//span[contains(@id, \"masterListContractsSmartTable-header-inner\")]"}
RESULT: {"using":"xpath","value":"//span[contains(@id, \"masterListContractsSmartTable-header-inner\")]"}
COMMAND: POST /session/b0bce561eedd0ef2cd491e5795c56593/execute/sync - {"script":"<script> [56 bytes]","args":[{"element-6066-11e4-a52e-4f735466cecf":"f.633F000A9FA1F61B5279087A5498CC04.d.64C9DE686A3151ECFE1274D184687AB9.e.25927","ELEMENT":"f.633F000A9FA1F61B5279087A5498CC04.d.64C9DE686A3151ECFE1274D184687AB9.e.25927"}]}
RESULT: {"script":"<script> [56 bytes]","args":[{"element-6066-11e4-a52e-4f735466cecf":"f.633F000A9FA1F61B5279087A5498CC04.d.64C9DE686A3151ECFE1274D184687AB9.e.25927","ELEMENT":"f.633F000A9FA1F61B5279087A5498CC04.d.64C9DE686A3151ECFE1274D184687AB9.e.25927"}]}
COMMAND: POST /session/b0bce561eedd0ef2cd491e5795c56593/element - {"using":"xpath","value":"(//span[contains(@id, \"imgNav\")])[1]"}
COMMAND: GET /session/b0bce561eedd0ef2cd491e5795c56593/screenshot - {}
RESULT: {"using":"xpath","value":"(//span[contains(@id, \"imgNav\")])[1]"}
COMMAND: POST /session/b0bce561eedd0ef2cd491e5795c56593/element/f.633F000A9FA1F61B5279087A5498CC04.d.64C9DE686A3151ECFE1274D184687AB9.e.25926/click - {}
RESULT: {}
RESULT: {}
COMMAND: GET /session/b0bce561eedd0ef2cd491e5795c56593/screenshot - {}
RESULT: {}
COMMAND: POST /session/b0bce561eedd0ef2cd491e5795c56593/element - {"using":"xpath","value":"//tr[@data-kt=\"productsColumnListItem\"]//td//span[contains(@id, \"imgNav\")][1]"}
RESULT: {"using":"xpath","value":"//tr[@data-kt=\"productsColumnListItem\"]//td//span[contains(@id, \"imgNav\")][1]"}
COMMAND: POST /session/b0bce561eedd0ef2cd491e5795c56593/element/f.633F000A9FA1F61B5279087A5498CC04.d.64C9DE686A3151ECFE1274D184687AB9.e.26101/click - {}
RESULT: {}
COMMAND: GET /session/b0bce561eedd0ef2cd491e5795c56593/screenshot - {}
RESULT: {}
COMMAND: POST /session/b0bce561eedd0ef2cd491e5795c56593/element - {"using":"xpath","value":"//section[contains(@id, \"application-managecontracts-display-component---BillingItem--ObjectPageLayout-OPHeaderContent\")]/div/div/div/div/div[2]/div/div[2]/span"}
RESULT: {"using":"xpath","value":"//section[contains(@id, \"application-managecontracts-display-component---BillingItem--ObjectPageLayout-OPHeaderContent\")]/div/div/div/div/div[2]/div/div[2]/span"}
COMMAND: POST /session/b0bce561eedd0ef2cd491e5795c56593/execute/sync - {"script":"<script> [56 bytes]","args":[{"element-6066-11e4-a52e-4f735466cecf":"f.633F000A9FA1F61B5279087A5498CC04.d.64C9DE686A3151ECFE1274D184687AB9.e.26231","ELEMENT":"f.633F000A9FA1F61B5279087A5498CC04.d.64C9DE686A3151ECFE1274D184687AB9.e.26231"}]}
RESULT: {"script":"<script> [56 bytes]","args":[{"element-6066-11e4-a52e-4f735466cecf":"f.633F000A9FA1F61B5279087A5498CC04.d.64C9DE686A3151ECFE1274D184687AB9.e.26231","ELEMENT":"f.633F000A9FA1F61B5279087A5498CC04.d.64C9DE686A3151ECFE1274D184687AB9.e.26231"}]}
COMMAND: POST /session/b0bce561eedd0ef2cd491e5795c56593/element - {"using":"xpath","value":"//table[contains(@id, \"application-managecontracts-display-component---BillingItem--billingList-listUl\")]//td//*[contains(text(), \"final billed\")]"}
COMMAND: GET /session/b0bce561eedd0ef2cd491e5795c56593/screenshot - {}
RESULT: {"using":"xpath","value":"//table[contains(@id, \"application-managecontracts-display-component---BillingItem--billingList-listUl\")]//td//*[contains(text(), \"final billed\")]"}
COMMAND: POST /session/b0bce561eedd0ef2cd491e5795c56593/execute/sync - {"script":"<script> [56 bytes]","args":[{"element-6066-11e4-a52e-4f735466cecf":"f.633F000A9FA1F61B5279087A5498CC04.d.64C9DE686A3151ECFE1274D184687AB9.e.26232","ELEMENT":"f.633F000A9FA1F61B5279087A5498CC04.d.64C9DE686A3151ECFE1274D184687AB9.e.26232"}]}
RESULT: {}
RESULT: {"script":"<script> [56 bytes]","args":[{"element-6066-11e4-a52e-4f735466cecf":"f.633F000A9FA1F61B5279087A5498CC04.d.64C9DE686A3151ECFE1274D184687AB9.e.26232","ELEMENT":"f.633F000A9FA1F61B5279087A5498CC04.d.64C9DE686A3151ECFE1274D184687AB9.e.26232"}]}
COMMAND: POST /session/b0bce561eedd0ef2cd491e5795c56593/element - {"using":"css selector","value":"#shell-header-logo"}
COMMAND: GET /session/b0bce561eedd0ef2cd491e5795c56593/screenshot - {}
RESULT: {"using":"css selector","value":"#shell-header-logo"}
COMMAND: POST /session/b0bce561eedd0ef2cd491e5795c56593/element/f.633F000A9FA1F61B5279087A5498CC04.d.64C9DE686A3151ECFE1274D184687AB9.e.25810/click - {}
RESULT: {}
RESULT: {}
COMMAND: GET /session/b0bce561eedd0ef2cd491e5795c56593/screenshot - {}
RESULT: {}
COMMAND: DELETE /session/b0bce561eedd0ef2cd491e5795c56593 - {}
RESULT: {}
]]></system-out>
    </testcase>
  </testsuite>
</testsuites>