<?xml version="1.0" encoding="UTF-8"?>
<testsuites tests="15" failures="0" errors="0" skipped="0">
  <testsuite timestamp="2025-05-14T17:32:48" time="1354.345" tests="11" failures="0" errors="0" skipped="0">
    <properties>
      <property name="specId" value="0" />
      <property name="suiteName" value="Partner specific tests US150819 US151080 US151654 US151176 US103444 US151078 US151079 US151109 US151174 US151175 US151189" />
      <property name="capabilities" value="chrome.136_0_7103_49.windows" />
      <property name="file" value="file:///D:/a/1/s/test/specs/BTS/manage-partners.spec.js" />
    </properties>
    <testcase classname="chrome.136_0_7103_49.windows.Partner_specific_tests_US150819_US151080_US151654_US151176_US103444_US151078_US151079_US151109_US151174_US151175_US151189" name="Should create a new yard prerequisite" time="126.732">
      <system-out><![CDATA[
COMMAND: POST /session/5a404f73187a01115305a03f2137b0ec/window/fullscreen - {}
RESULT: {}
COMMAND: POST /session/5a404f73187a01115305a03f2137b0ec/element - {"using":"xpath","value":"//li[.//span[text()=\"Manage Partners\"]]"}
RESULT: {"using":"xpath","value":"//li[.//span[text()=\"Manage Partners\"]]"}
COMMAND: POST /session/5a404f73187a01115305a03f2137b0ec/element - {"using":"xpath","value":"//li[.//span[text()=\"Manage Partners\"]]"}
RESULT: {"using":"xpath","value":"//li[.//span[text()=\"Manage Partners\"]]"}
COMMAND: POST /session/5a404f73187a01115305a03f2137b0ec/element - {"using":"css selector","value":"#shell-header-logo"}
RESULT: {"using":"css selector","value":"#shell-header-logo"}
COMMAND: POST /session/5a404f73187a01115305a03f2137b0ec/element/f.D0531791EE27D9F39EBFF32D62FB2301.d.4ECF03C13BFF413ACA64AA87C0ACF7B2.e.295/click - {}
COMMAND: POST /session/5a404f73187a01115305a03f2137b0ec/execute/sync - {"script":"<script> [8489 bytes]","args":[{"element-6066-11e4-a52e-4f735466cecf":"f.D0531791EE27D9F39EBFF32D62FB2301.d.4ECF03C13BFF413ACA64AA87C0ACF7B2.e.295","ELEMENT":"f.D0531791EE27D9F39EBFF32D62FB2301.d.4ECF03C13BFF413ACA64AA87C0ACF7B2.e.295"}]}
RESULT: {}
COMMAND: GET /session/5a404f73187a01115305a03f2137b0ec/screenshot - {}
RESULT: {"script":"<script> [8489 bytes]","args":[{"element-6066-11e4-a52e-4f735466cecf":"f.D0531791EE27D9F39EBFF32D62FB2301.d.4ECF03C13BFF413ACA64AA87C0ACF7B2.e.295","ELEMENT":"f.D0531791EE27D9F39EBFF32D62FB2301.d.4ECF03C13BFF413ACA64AA87C0ACF7B2.e.295"}]}
COMMAND: POST /session/5a404f73187a01115305a03f2137b0ec/execute/sync - {"script":"<script> [5351 bytes]","args":[{"element-6066-11e4-a52e-4f735466cecf":"f.D0531791EE27D9F39EBFF32D62FB2301.d.4ECF03C13BFF413ACA64AA87C0ACF7B2.e.295","ELEMENT":"f.D0531791EE27D9F39EBFF32D62FB2301.d.4ECF03C13BFF413ACA64AA87C0ACF7B2.e.295"}]}
COMMAND: GET /session/5a404f73187a01115305a03f2137b0ec/screenshot - {}
RESULT: {}
RESULT: {"script":"<script> [5351 bytes]","args":[{"element-6066-11e4-a52e-4f735466cecf":"f.D0531791EE27D9F39EBFF32D62FB2301.d.4ECF03C13BFF413ACA64AA87C0ACF7B2.e.295","ELEMENT":"f.D0531791EE27D9F39EBFF32D62FB2301.d.4ECF03C13BFF413ACA64AA87C0ACF7B2.e.295"}]}
COMMAND: GET /session/5a404f73187a01115305a03f2137b0ec/screenshot - {}
RESULT: {}
RESULT: {}
COMMAND: POST /session/5a404f73187a01115305a03f2137b0ec/execute/async - {"script":"<script> [1562 bytes]","args":[{"selector":{"controlType":"sap.m.GenericTile","properties":{"header":"Manage Yards"}},"wdio_ui5_key":"sapm.GenericTile{\"header\":\"Manage Yards\"}"}]}
RESULT: {"script":"<script> [1562 bytes]","args":[{"selector":{"controlType":"sap.m.GenericTile","properties":{"header":"Manage Yards"}},"wdio_ui5_key":"sapm.GenericTile{\"header\":\"Manage Yards\"}"}]}
RESULT: undefined
COMMAND: POST /session/5a404f73187a01115305a03f2137b0ec/element - {"using":"xpath","value":"//*[@id=\"__tile41\"]"}
RESULT: {"using":"xpath","value":"//*[@id=\"__tile41\"]"}
COMMAND: POST /session/5a404f73187a01115305a03f2137b0ec/element/f.D0531791EE27D9F39EBFF32D62FB2301.d.4ECF03C13BFF413ACA64AA87C0ACF7B2.e.190/click - {}
RESULT: {}
COMMAND: GET /session/5a404f73187a01115305a03f2137b0ec/screenshot - {}
RESULT: {}
COMMAND: POST /session/5a404f73187a01115305a03f2137b0ec/elements - {"using":"xpath","value":"//span[text()='Error']"}
RESULT: {"using":"xpath","value":"//span[text()='Error']"}
COMMAND: POST /session/5a404f73187a01115305a03f2137b0ec/element - {"using":"xpath","value":"//button[@data-kt=\"addNewYardOverflowToolbarButton\"]"}
RESULT: {"using":"xpath","value":"//button[@data-kt=\"addNewYardOverflowToolbarButton\"]"}
COMMAND: POST /session/5a404f73187a01115305a03f2137b0ec/elements - {"using":"xpath","value":"//button[@data-kt=\"addNewYardOverflowToolbarButton\"]"}
RESULT: {"using":"xpath","value":"//button[@data-kt=\"addNewYardOverflowToolbarButton\"]"}
COMMAND: POST /session/5a404f73187a01115305a03f2137b0ec/elements - {"using":"xpath","value":"//button[@data-kt=\"addNewYardOverflowToolbarButton\"]"}
RESULT: {"using":"xpath","value":"//button[@data-kt=\"addNewYardOverflowToolbarButton\"]"}
COMMAND: POST /session/5a404f73187a01115305a03f2137b0ec/elements - {"using":"xpath","value":"//button[@data-kt=\"addNewYardOverflowToolbarButton\"]"}
RESULT: {"using":"xpath","value":"//button[@data-kt=\"addNewYardOverflowToolbarButton\"]"}
COMMAND: POST /session/5a404f73187a01115305a03f2137b0ec/elements - {"using":"xpath","value":"//button[@data-kt=\"addNewYardOverflowToolbarButton\"]"}
RESULT: {"using":"xpath","value":"//button[@data-kt=\"addNewYardOverflowToolbarButton\"]"}
COMMAND: POST /session/5a404f73187a01115305a03f2137b0ec/elements - {"using":"xpath","value":"//button[@data-kt=\"addNewYardOverflowToolbarButton\"]"}
RESULT: {"using":"xpath","value":"//button[@data-kt=\"addNewYardOverflowToolbarButton\"]"}
COMMAND: POST /session/5a404f73187a01115305a03f2137b0ec/element - {"using":"xpath","value":"//button[@data-kt=\"addNewYardOverflowToolbarButton\"]"}
RESULT: {"using":"xpath","value":"//button[@data-kt=\"addNewYardOverflowToolbarButton\"]"}
COMMAND: POST /session/5a404f73187a01115305a03f2137b0ec/execute/sync - {"script":"<script> [8489 bytes]","args":[{"element-6066-11e4-a52e-4f735466cecf":"f.D0531791EE27D9F39EBFF32D62FB2301.d.4ECF03C13BFF413ACA64AA87C0ACF7B2.e.327","ELEMENT":"f.D0531791EE27D9F39EBFF32D62FB2301.d.4ECF03C13BFF413ACA64AA87C0ACF7B2.e.327"}]}
RESULT: {"script":"<script> [8489 bytes]","args":[{"element-6066-11e4-a52e-4f735466cecf":"f.D0531791EE27D9F39EBFF32D62FB2301.d.4ECF03C13BFF413ACA64AA87C0ACF7B2.e.327","ELEMENT":"f.D0531791EE27D9F39EBFF32D62FB2301.d.4ECF03C13BFF413ACA64AA87C0ACF7B2.e.327"}]}
COMMAND: GET /session/5a404f73187a01115305a03f2137b0ec/element/f.D0531791EE27D9F39EBFF32D62FB2301.d.4ECF03C13BFF413ACA64AA87C0ACF7B2.e.327/enabled - {}
COMMAND: GET /session/5a404f73187a01115305a03f2137b0ec/screenshot - {}
RESULT: {}
COMMAND: POST /session/5a404f73187a01115305a03f2137b0ec/execute/sync - {"script":"<script> [8489 bytes]","args":[{"element-6066-11e4-a52e-4f735466cecf":"f.D0531791EE27D9F39EBFF32D62FB2301.d.4ECF03C13BFF413ACA64AA87C0ACF7B2.e.327","ELEMENT":"f.D0531791EE27D9F39EBFF32D62FB2301.d.4ECF03C13BFF413ACA64AA87C0ACF7B2.e.327"}]}
COMMAND: GET /session/5a404f73187a01115305a03f2137b0ec/screenshot - {}
RESULT: {}
RESULT: {"script":"<script> [8489 bytes]","args":[{"element-6066-11e4-a52e-4f735466cecf":"f.D0531791EE27D9F39EBFF32D62FB2301.d.4ECF03C13BFF413ACA64AA87C0ACF7B2.e.327","ELEMENT":"f.D0531791EE27D9F39EBFF32D62FB2301.d.4ECF03C13BFF413ACA64AA87C0ACF7B2.e.327"}]}
COMMAND: POST /session/5a404f73187a01115305a03f2137b0ec/execute/sync - {"script":"<script> [5351 bytes]","args":[{"element-6066-11e4-a52e-4f735466cecf":"f.D0531791EE27D9F39EBFF32D62FB2301.d.4ECF03C13BFF413ACA64AA87C0ACF7B2.e.327","ELEMENT":"f.D0531791EE27D9F39EBFF32D62FB2301.d.4ECF03C13BFF413ACA64AA87C0ACF7B2.e.327"}]}
COMMAND: GET /session/5a404f73187a01115305a03f2137b0ec/screenshot - {}
RESULT: {}
RESULT: {"script":"<script> [5351 bytes]","args":[{"element-6066-11e4-a52e-4f735466cecf":"f.D0531791EE27D9F39EBFF32D62FB2301.d.4ECF03C13BFF413ACA64AA87C0ACF7B2.e.327","ELEMENT":"f.D0531791EE27D9F39EBFF32D62FB2301.d.4ECF03C13BFF413ACA64AA87C0ACF7B2.e.327"}]}
COMMAND: POST /session/5a404f73187a01115305a03f2137b0ec/element/f.D0531791EE27D9F39EBFF32D62FB2301.d.4ECF03C13BFF413ACA64AA87C0ACF7B2.e.327/click - {}
COMMAND: GET /session/5a404f73187a01115305a03f2137b0ec/screenshot - {}
RESULT: {}
RESULT: {}
COMMAND: GET /session/5a404f73187a01115305a03f2137b0ec/screenshot - {}
RESULT: {}
RESULT: {}
COMMAND: POST /session/5a404f73187a01115305a03f2137b0ec/element - {"using":"xpath","value":"//input[@id=\"application-manageyards-display-component---NewYard--yardId-inner\"]"}
RESULT: {"using":"xpath","value":"//input[@id=\"application-manageyards-display-component---NewYard--yardId-inner\"]"}
COMMAND: POST /session/5a404f73187a01115305a03f2137b0ec/element - {"using":"xpath","value":"//input[@id=\"application-manageyards-display-component---NewYard--yardId-inner\"]"}
RESULT: {"using":"xpath","value":"//input[@id=\"application-manageyards-display-component---NewYard--yardId-inner\"]"}
COMMAND: POST /session/5a404f73187a01115305a03f2137b0ec/execute/async - {"script":"<script> [1562 bytes]","args":[{"selector":{"id":"application-manageyards-display-component---NewYard--addressDetailDetailsName1","interaction":{"idSuffix":"inner"}},"wdio_ui5_key":"applicationmanageyards-display-component---NewYard--addressDetailDetailsName1"}]}
RESULT: {"script":"<script> [1562 bytes]","args":[{"selector":{"id":"application-manageyards-display-component---NewYard--addressDetailDetailsName1","interaction":{"idSuffix":"inner"}},"wdio_ui5_key":"applicationmanageyards-display-component---NewYard--addressDetailDetailsName1"}]}
RESULT: undefined
COMMAND: POST /session/5a404f73187a01115305a03f2137b0ec/execute/async - {"script":"<script> [776 bytes]","args":[{"enterText":"Intracompany Yard wdIO","selector":{"id":"application-manageyards-display-component---NewYard--addressDetailDetailsName1","interaction":{"idSuffix":"inner"}},"clearTextFirst":true,"interactionType":"ENTER_TEXT"}]}
RESULT: {"script":"<script> [776 bytes]","args":[{"enterText":"Intracompany Yard wdIO","selector":{"id":"application-manageyards-display-component---NewYard--addressDetailDetailsName1","interaction":{"idSuffix":"inner"}},"clearTextFirst":true,"interactionType":"ENTER_TEXT"}]}
COMMAND: POST /session/5a404f73187a01115305a03f2137b0ec/execute/async - {"script":"<script> [1562 bytes]","args":[{"selector":{"id":"application-manageyards-display-component---NewYard--addressDetailDetailsLanguage-arrow"},"wdio_ui5_key":"applicationmanageyards-display-component---NewYard--addressDetailDetailsLanguage-arrow"}]}
RESULT: {"script":"<script> [1562 bytes]","args":[{"selector":{"id":"application-manageyards-display-component---NewYard--addressDetailDetailsLanguage-arrow"},"wdio_ui5_key":"applicationmanageyards-display-component---NewYard--addressDetailDetailsLanguage-arrow"}]}
RESULT: undefined
COMMAND: POST /session/5a404f73187a01115305a03f2137b0ec/element - {"using":"xpath","value":"//*[@id=\"application-manageyards-display-component---NewYard--addressDetailDetailsLanguage-arrow\"]"}
RESULT: {"using":"xpath","value":"//*[@id=\"application-manageyards-display-component---NewYard--addressDetailDetailsLanguage-arrow\"]"}
COMMAND: POST /session/5a404f73187a01115305a03f2137b0ec/element/f.D0531791EE27D9F39EBFF32D62FB2301.d.4ECF03C13BFF413ACA64AA87C0ACF7B2.e.759/click - {}
RESULT: {}
COMMAND: POST /session/5a404f73187a01115305a03f2137b0ec/element - {"using":"xpath","value":"//span[contains(text(), \"English\")]"}
COMMAND: GET /session/5a404f73187a01115305a03f2137b0ec/screenshot - {}
RESULT: {"using":"xpath","value":"//span[contains(text(), \"English\")]"}
COMMAND: POST /session/5a404f73187a01115305a03f2137b0ec/element/f.D0531791EE27D9F39EBFF32D62FB2301.d.4ECF03C13BFF413ACA64AA87C0ACF7B2.e.760/click - {}
RESULT: {}
RESULT: {}
COMMAND: POST /session/5a404f73187a01115305a03f2137b0ec/execute/async - {"script":"<script> [1562 bytes]","args":[{"selector":{"id":"application-manageyards-display-component---NewYard--addressDetailDetailsCity1","interaction":{"idSuffix":"inner"}},"wdio_ui5_key":"applicationmanageyards-display-component---NewYard--addressDetailDetailsCity1"}]}
COMMAND: GET /session/5a404f73187a01115305a03f2137b0ec/screenshot - {}
RESULT: {"script":"<script> [1562 bytes]","args":[{"selector":{"id":"application-manageyards-display-component---NewYard--addressDetailDetailsCity1","interaction":{"idSuffix":"inner"}},"wdio_ui5_key":"applicationmanageyards-display-component---NewYard--addressDetailDetailsCity1"}]}
RESULT: undefined
COMMAND: POST /session/5a404f73187a01115305a03f2137b0ec/execute/async - {"script":"<script> [776 bytes]","args":[{"enterText":"Rosario","selector":{"id":"application-manageyards-display-component---NewYard--addressDetailDetailsCity1","interaction":{"idSuffix":"inner"}},"clearTextFirst":true,"interactionType":"ENTER_TEXT"}]}
RESULT: {}
RESULT: {"script":"<script> [776 bytes]","args":[{"enterText":"Rosario","selector":{"id":"application-manageyards-display-component---NewYard--addressDetailDetailsCity1","interaction":{"idSuffix":"inner"}},"clearTextFirst":true,"interactionType":"ENTER_TEXT"}]}
COMMAND: POST /session/5a404f73187a01115305a03f2137b0ec/execute/async - {"script":"<script> [1562 bytes]","args":[{"selector":{"id":"application-manageyards-display-component---NewYard--addressDetailDetailsCountry-arrow"},"wdio_ui5_key":"applicationmanageyards-display-component---NewYard--addressDetailDetailsCountry-arrow"}]}
RESULT: {"script":"<script> [1562 bytes]","args":[{"selector":{"id":"application-manageyards-display-component---NewYard--addressDetailDetailsCountry-arrow"},"wdio_ui5_key":"applicationmanageyards-display-component---NewYard--addressDetailDetailsCountry-arrow"}]}
RESULT: undefined
COMMAND: POST /session/5a404f73187a01115305a03f2137b0ec/element - {"using":"xpath","value":"//*[@id=\"application-manageyards-display-component---NewYard--addressDetailDetailsCountry-arrow\"]"}
RESULT: {"using":"xpath","value":"//*[@id=\"application-manageyards-display-component---NewYard--addressDetailDetailsCountry-arrow\"]"}
COMMAND: POST /session/5a404f73187a01115305a03f2137b0ec/element/f.D0531791EE27D9F39EBFF32D62FB2301.d.4ECF03C13BFF413ACA64AA87C0ACF7B2.e.762/click - {}
RESULT: {}
COMMAND: POST /session/5a404f73187a01115305a03f2137b0ec/element - {"using":"xpath","value":"//span[contains(text(), \"Argentina\")]"}
COMMAND: GET /session/5a404f73187a01115305a03f2137b0ec/screenshot - {}
RESULT: {"using":"xpath","value":"//span[contains(text(), \"Argentina\")]"}
COMMAND: POST /session/5a404f73187a01115305a03f2137b0ec/element/f.D0531791EE27D9F39EBFF32D62FB2301.d.4ECF03C13BFF413ACA64AA87C0ACF7B2.e.763/click - {}
RESULT: {}
RESULT: {}
COMMAND: POST /session/5a404f73187a01115305a03f2137b0ec/execute/async - {"script":"<script> [1562 bytes]","args":[{"selector":{"id":"application-manageyards-display-component---NewYard--addressEditDetailsCostObjectCstType-arrow"},"wdio_ui5_key":"applicationmanageyards-display-component---NewYard--addressEditDetailsCostObjectCstType-arrow"}]}
COMMAND: GET /session/5a404f73187a01115305a03f2137b0ec/screenshot - {}
RESULT: {"script":"<script> [1562 bytes]","args":[{"selector":{"id":"application-manageyards-display-component---NewYard--addressEditDetailsCostObjectCstType-arrow"},"wdio_ui5_key":"applicationmanageyards-display-component---NewYard--addressEditDetailsCostObjectCstType-arrow"}]}
RESULT: undefined
COMMAND: POST /session/5a404f73187a01115305a03f2137b0ec/element - {"using":"xpath","value":"//*[@id=\"application-manageyards-display-component---NewYard--addressEditDetailsCostObjectCstType-arrow\"]"}
RESULT: {}
RESULT: {"using":"xpath","value":"//*[@id=\"application-manageyards-display-component---NewYard--addressEditDetailsCostObjectCstType-arrow\"]"}
COMMAND: POST /session/5a404f73187a01115305a03f2137b0ec/element/f.D0531791EE27D9F39EBFF32D62FB2301.d.4ECF03C13BFF413ACA64AA87C0ACF7B2.e.765/click - {}
RESULT: {}
COMMAND: POST /session/5a404f73187a01115305a03f2137b0ec/element - {"using":"xpath","value":"//span[contains(text(), \"Cost Center\")]"}
COMMAND: GET /session/5a404f73187a01115305a03f2137b0ec/screenshot - {}
RESULT: {"using":"xpath","value":"//span[contains(text(), \"Cost Center\")]"}
COMMAND: POST /session/5a404f73187a01115305a03f2137b0ec/element/f.D0531791EE27D9F39EBFF32D62FB2301.d.4ECF03C13BFF413ACA64AA87C0ACF7B2.e.766/click - {}
RESULT: {}
RESULT: {}
COMMAND: GET /session/5a404f73187a01115305a03f2137b0ec/screenshot - {}
RESULT: {}
COMMAND: POST /session/5a404f73187a01115305a03f2137b0ec/element - {"using":"xpath","value":"//span[@id=\"application-manageyards-display-component---NewYard--addressNewCostObjectCstID-vhi\"]"}
RESULT: {"using":"xpath","value":"//span[@id=\"application-manageyards-display-component---NewYard--addressNewCostObjectCstID-vhi\"]"}
COMMAND: POST /session/5a404f73187a01115305a03f2137b0ec/execute/sync - {"script":"<script> [8489 bytes]","args":[{"element-6066-11e4-a52e-4f735466cecf":"f.D0531791EE27D9F39EBFF32D62FB2301.d.4ECF03C13BFF413ACA64AA87C0ACF7B2.e.770","ELEMENT":"f.D0531791EE27D9F39EBFF32D62FB2301.d.4ECF03C13BFF413ACA64AA87C0ACF7B2.e.770"}]}
RESULT: {"script":"<script> [8489 bytes]","args":[{"element-6066-11e4-a52e-4f735466cecf":"f.D0531791EE27D9F39EBFF32D62FB2301.d.4ECF03C13BFF413ACA64AA87C0ACF7B2.e.770","ELEMENT":"f.D0531791EE27D9F39EBFF32D62FB2301.d.4ECF03C13BFF413ACA64AA87C0ACF7B2.e.770"}]}
COMMAND: POST /session/5a404f73187a01115305a03f2137b0ec/execute/async - {"script":"<script> [1562 bytes]","args":[{"selector":{"id":"application-manageyards-display-component---NewYard--addressNewCostObjectCstID-vhi"},"wdio_ui5_key":"applicationmanageyards-display-component---NewYard--addressNewCostObjectCstID-vhi"}]}
COMMAND: GET /session/5a404f73187a01115305a03f2137b0ec/screenshot - {}
RESULT: {"script":"<script> [1562 bytes]","args":[{"selector":{"id":"application-manageyards-display-component---NewYard--addressNewCostObjectCstID-vhi"},"wdio_ui5_key":"applicationmanageyards-display-component---NewYard--addressNewCostObjectCstID-vhi"}]}
RESULT: undefined
COMMAND: POST /session/5a404f73187a01115305a03f2137b0ec/element - {"using":"xpath","value":"//*[@id=\"application-manageyards-display-component---NewYard--addressNewCostObjectCstID-vhi\"]"}
RESULT: {}
RESULT: {"using":"xpath","value":"//*[@id=\"application-manageyards-display-component---NewYard--addressNewCostObjectCstID-vhi\"]"}
COMMAND: POST /session/5a404f73187a01115305a03f2137b0ec/element/f.D0531791EE27D9F39EBFF32D62FB2301.d.4ECF03C13BFF413ACA64AA87C0ACF7B2.e.770/click - {}
RESULT: {}
COMMAND: GET /session/5a404f73187a01115305a03f2137b0ec/screenshot - {}
RESULT: {}
COMMAND: POST /session/5a404f73187a01115305a03f2137b0ec/execute/async - {"script":"<script> [1562 bytes]","args":[{"selector":{"controlType":"sap.m.SearchField","properties":{"placeholder":"Search"},"searchOpenDialogs":true,"interaction":{"idSuffix":"I"}},"wdio_ui5_key":"sapm.SearchField{\"placeholder\":\"Search\"}"}]}
RESULT: {"script":"<script> [1562 bytes]","args":[{"selector":{"controlType":"sap.m.SearchField","properties":{"placeholder":"Search"},"searchOpenDialogs":true,"interaction":{"idSuffix":"I"}},"wdio_ui5_key":"sapm.SearchField{\"placeholder\":\"Search\"}"}]}
RESULT: undefined
COMMAND: POST /session/5a404f73187a01115305a03f2137b0ec/execute/async - {"script":"<script> [776 bytes]","args":[{"enterText":"bauh_b","selector":{"controlType":"sap.m.SearchField","properties":{"placeholder":"Search"},"searchOpenDialogs":true,"interaction":{"idSuffix":"I"}},"clearTextFirst":true,"interactionType":"ENTER_TEXT"}]}
RESULT: {"script":"<script> [776 bytes]","args":[{"enterText":"bauh_b","selector":{"controlType":"sap.m.SearchField","properties":{"placeholder":"Search"},"searchOpenDialogs":true,"interaction":{"idSuffix":"I"}},"clearTextFirst":true,"interactionType":"ENTER_TEXT"}]}
COMMAND: POST /session/5a404f73187a01115305a03f2137b0ec/actions - {"actions":[{"id":"action1","type":"key","parameters":{},"actions":[{"type":"keyDown","value":"î€‡"},{"type":"pause","duration":10},{"type":"keyUp","value":"î€‡"}]}]}
RESULT: {"actions":[{"id":"action1","type":"key","parameters":{},"actions":[{"type":"keyDown","value":"î€‡"},{"type":"pause","duration":10},{"type":"keyUp","value":"î€‡"}]}]}
COMMAND: GET /session/5a404f73187a01115305a03f2137b0ec/screenshot - {}
RESULT: {}
COMMAND: POST /session/5a404f73187a01115305a03f2137b0ec/element - {"using":"xpath","value":"//span[contains(text(), \"Demo Yard\")]"}
RESULT: {"using":"xpath","value":"//span[contains(text(), \"Demo Yard\")]"}
COMMAND: POST /session/5a404f73187a01115305a03f2137b0ec/element/f.D0531791EE27D9F39EBFF32D62FB2301.d.4ECF03C13BFF413ACA64AA87C0ACF7B2.e.812/click - {}
RESULT: {}
COMMAND: GET /session/5a404f73187a01115305a03f2137b0ec/screenshot - {}
RESULT: {}
COMMAND: POST /session/5a404f73187a01115305a03f2137b0ec/element - {"using":"xpath","value":"//bdi[contains(text(), \"OK\")]"}
RESULT: {"using":"xpath","value":"//bdi[contains(text(), \"OK\")]"}
COMMAND: POST /session/5a404f73187a01115305a03f2137b0ec/element/f.D0531791EE27D9F39EBFF32D62FB2301.d.4ECF03C13BFF413ACA64AA87C0ACF7B2.e.813/click - {}
RESULT: {}
COMMAND: GET /session/5a404f73187a01115305a03f2137b0ec/screenshot - {}
RESULT: {}
COMMAND: POST /session/5a404f73187a01115305a03f2137b0ec/execute/async - {"script":"<script> [1562 bytes]","args":[{"selector":{"id":"application-manageyards-display-component---NewYard--addressEditDetailsCurrency-arrow"},"wdio_ui5_key":"applicationmanageyards-display-component---NewYard--addressEditDetailsCurrency-arrow"}]}
RESULT: {"script":"<script> [1562 bytes]","args":[{"selector":{"id":"application-manageyards-display-component---NewYard--addressEditDetailsCurrency-arrow"},"wdio_ui5_key":"applicationmanageyards-display-component---NewYard--addressEditDetailsCurrency-arrow"}]}
RESULT: undefined
COMMAND: POST /session/5a404f73187a01115305a03f2137b0ec/element - {"using":"xpath","value":"//*[@id=\"application-manageyards-display-component---NewYard--addressEditDetailsCurrency-arrow\"]"}
RESULT: {"using":"xpath","value":"//*[@id=\"application-manageyards-display-component---NewYard--addressEditDetailsCurrency-arrow\"]"}
COMMAND: POST /session/5a404f73187a01115305a03f2137b0ec/element/f.D0531791EE27D9F39EBFF32D62FB2301.d.4ECF03C13BFF413ACA64AA87C0ACF7B2.e.816/click - {}
RESULT: {}
COMMAND: POST /session/5a404f73187a01115305a03f2137b0ec/element - {"using":"xpath","value":"//span[contains(text(), \"Euro\")]"}
COMMAND: GET /session/5a404f73187a01115305a03f2137b0ec/screenshot - {}
RESULT: {"using":"xpath","value":"//span[contains(text(), \"Euro\")]"}
COMMAND: POST /session/5a404f73187a01115305a03f2137b0ec/element/f.D0531791EE27D9F39EBFF32D62FB2301.d.4ECF03C13BFF413ACA64AA87C0ACF7B2.e.817/click - {}
RESULT: {}
RESULT: {}
COMMAND: POST /session/5a404f73187a01115305a03f2137b0ec/execute/async - {"script":"<script> [1562 bytes]","args":[{"selector":{"controlType":"sap.m.Input","viewName":"etm.portal.ui.manageyards.view.New","viewId":"application-manageyards-display-component---NewYard","bindingPath":{"path":"","propertyPath":"/CONTROLLING_AREA","modelName":"NewYardModel"},"interaction":{"idSuffix":"inner"}},"wdio_ui5_key":"etmportal.ui.manageyards.view.Newsap.m.Input{\"path\":\"\",\"propertyPath\":\"/CONTROLLING_AREA\",\"modelName\":\"NewYardModel\"}"}]}
COMMAND: GET /session/5a404f73187a01115305a03f2137b0ec/screenshot - {}
RESULT: {"script":"<script> [1562 bytes]","args":[{"selector":{"controlType":"sap.m.Input","viewName":"etm.portal.ui.manageyards.view.New","viewId":"application-manageyards-display-component---NewYard","bindingPath":{"path":"","propertyPath":"/CONTROLLING_AREA","modelName":"NewYardModel"},"interaction":{"idSuffix":"inner"}},"wdio_ui5_key":"etmportal.ui.manageyards.view.Newsap.m.Input{\"path\":\"\",\"propertyPath\":\"/CONTROLLING_AREA\",\"modelName\":\"NewYardModel\"}"}]}
RESULT: undefined
COMMAND: POST /session/5a404f73187a01115305a03f2137b0ec/execute/async - {"script":"<script> [776 bytes]","args":[{"enterText":"Z001","selector":{"controlType":"sap.m.Input","viewName":"etm.portal.ui.manageyards.view.New","viewId":"application-manageyards-display-component---NewYard","bindingPath":{"path":"","propertyPath":"/CONTROLLING_AREA","modelName":"NewYardModel"},"interaction":{"idSuffix":"inner"}},"clearTextFirst":true,"interactionType":"ENTER_TEXT"}]}
RESULT: {}
RESULT: {"script":"<script> [776 bytes]","args":[{"enterText":"Z001","selector":{"controlType":"sap.m.Input","viewName":"etm.portal.ui.manageyards.view.New","viewId":"application-manageyards-display-component---NewYard","bindingPath":{"path":"","propertyPath":"/CONTROLLING_AREA","modelName":"NewYardModel"},"interaction":{"idSuffix":"inner"}},"clearTextFirst":true,"interactionType":"ENTER_TEXT"}]}
COMMAND: POST /session/5a404f73187a01115305a03f2137b0ec/execute/async - {"script":"<script> [1562 bytes]","args":[{"selector":{"id":"application-manageyards-display-component---NewYard--companyCodeComboBox","interaction":{"idSuffix":"inner"}},"wdio_ui5_key":"applicationmanageyards-display-component---NewYard--companyCodeComboBox"}]}
RESULT: {"script":"<script> [1562 bytes]","args":[{"selector":{"id":"application-manageyards-display-component---NewYard--companyCodeComboBox","interaction":{"idSuffix":"inner"}},"wdio_ui5_key":"applicationmanageyards-display-component---NewYard--companyCodeComboBox"}]}
RESULT: undefined
COMMAND: POST /session/5a404f73187a01115305a03f2137b0ec/execute/async - {"script":"<script> [776 bytes]","args":[{"enterText":"1000","selector":{"id":"application-manageyards-display-component---NewYard--companyCodeComboBox","interaction":{"idSuffix":"inner"}},"clearTextFirst":true,"interactionType":"ENTER_TEXT"}]}
RESULT: {"script":"<script> [776 bytes]","args":[{"enterText":"1000","selector":{"id":"application-manageyards-display-component---NewYard--companyCodeComboBox","interaction":{"idSuffix":"inner"}},"clearTextFirst":true,"interactionType":"ENTER_TEXT"}]}
COMMAND: POST /session/5a404f73187a01115305a03f2137b0ec/execute/async - {"script":"<script> [1562 bytes]","args":[{"selector":{"controlType":"sap.m.Input","viewName":"etm.portal.ui.manageyards.view.New","viewId":"application-manageyards-display-component---NewYard","bindingPath":{"path":"","propertyPath":"/PLANT","modelName":"NewYardModel"},"interaction":{"idSuffix":"inner"}},"wdio_ui5_key":"etmportal.ui.manageyards.view.Newsap.m.Input{\"path\":\"\",\"propertyPath\":\"/PLANT\",\"modelName\":\"NewYardModel\"}"}]}
RESULT: {"script":"<script> [1562 bytes]","args":[{"selector":{"controlType":"sap.m.Input","viewName":"etm.portal.ui.manageyards.view.New","viewId":"application-manageyards-display-component---NewYard","bindingPath":{"path":"","propertyPath":"/PLANT","modelName":"NewYardModel"},"interaction":{"idSuffix":"inner"}},"wdio_ui5_key":"etmportal.ui.manageyards.view.Newsap.m.Input{\"path\":\"\",\"propertyPath\":\"/PLANT\",\"modelName\":\"NewYardModel\"}"}]}
RESULT: undefined
COMMAND: POST /session/5a404f73187a01115305a03f2137b0ec/execute/async - {"script":"<script> [776 bytes]","args":[{"enterText":"1001","selector":{"controlType":"sap.m.Input","viewName":"etm.portal.ui.manageyards.view.New","viewId":"application-manageyards-display-component---NewYard","bindingPath":{"path":"","propertyPath":"/PLANT","modelName":"NewYardModel"},"interaction":{"idSuffix":"inner"}},"clearTextFirst":true,"interactionType":"ENTER_TEXT"}]}
RESULT: {"script":"<script> [776 bytes]","args":[{"enterText":"1001","selector":{"controlType":"sap.m.Input","viewName":"etm.portal.ui.manageyards.view.New","viewId":"application-manageyards-display-component---NewYard","bindingPath":{"path":"","propertyPath":"/PLANT","modelName":"NewYardModel"},"interaction":{"idSuffix":"inner"}},"clearTextFirst":true,"interactionType":"ENTER_TEXT"}]}
COMMAND: POST /session/5a404f73187a01115305a03f2137b0ec/execute/async - {"script":"<script> [1562 bytes]","args":[{"selector":{"controlType":"sap.m.Input","viewName":"etm.portal.ui.manageyards.view.New","viewId":"application-manageyards-display-component---NewYard","bindingPath":{"path":"","propertyPath":"/SALES_AREA_VKORG","modelName":"NewYardModel"},"interaction":{"idSuffix":"inner"}},"wdio_ui5_key":"etmportal.ui.manageyards.view.Newsap.m.Input{\"path\":\"\",\"propertyPath\":\"/SALES_AREA_VKORG\",\"modelName\":\"NewYardModel\"}"}]}
RESULT: {"script":"<script> [1562 bytes]","args":[{"selector":{"controlType":"sap.m.Input","viewName":"etm.portal.ui.manageyards.view.New","viewId":"application-manageyards-display-component---NewYard","bindingPath":{"path":"","propertyPath":"/SALES_AREA_VKORG","modelName":"NewYardModel"},"interaction":{"idSuffix":"inner"}},"wdio_ui5_key":"etmportal.ui.manageyards.view.Newsap.m.Input{\"path\":\"\",\"propertyPath\":\"/SALES_AREA_VKORG\",\"modelName\":\"NewYardModel\"}"}]}
RESULT: undefined
COMMAND: POST /session/5a404f73187a01115305a03f2137b0ec/execute/async - {"script":"<script> [776 bytes]","args":[{"enterText":"C002","selector":{"controlType":"sap.m.Input","viewName":"etm.portal.ui.manageyards.view.New","viewId":"application-manageyards-display-component---NewYard","bindingPath":{"path":"","propertyPath":"/SALES_AREA_VKORG","modelName":"NewYardModel"},"interaction":{"idSuffix":"inner"}},"clearTextFirst":true,"interactionType":"ENTER_TEXT"}]}
RESULT: {"script":"<script> [776 bytes]","args":[{"enterText":"C002","selector":{"controlType":"sap.m.Input","viewName":"etm.portal.ui.manageyards.view.New","viewId":"application-manageyards-display-component---NewYard","bindingPath":{"path":"","propertyPath":"/SALES_AREA_VKORG","modelName":"NewYardModel"},"interaction":{"idSuffix":"inner"}},"clearTextFirst":true,"interactionType":"ENTER_TEXT"}]}
COMMAND: POST /session/5a404f73187a01115305a03f2137b0ec/execute/async - {"script":"<script> [1562 bytes]","args":[{"selector":{"controlType":"sap.m.Input","viewName":"etm.portal.ui.manageyards.view.New","viewId":"application-manageyards-display-component---NewYard","bindingPath":{"path":"","propertyPath":"/SALES_AREA_VTWEG","modelName":"NewYardModel"},"interaction":{"idSuffix":"inner"}},"wdio_ui5_key":"etmportal.ui.manageyards.view.Newsap.m.Input{\"path\":\"\",\"propertyPath\":\"/SALES_AREA_VTWEG\",\"modelName\":\"NewYardModel\"}"}]}
RESULT: {"script":"<script> [1562 bytes]","args":[{"selector":{"controlType":"sap.m.Input","viewName":"etm.portal.ui.manageyards.view.New","viewId":"application-manageyards-display-component---NewYard","bindingPath":{"path":"","propertyPath":"/SALES_AREA_VTWEG","modelName":"NewYardModel"},"interaction":{"idSuffix":"inner"}},"wdio_ui5_key":"etmportal.ui.manageyards.view.Newsap.m.Input{\"path\":\"\",\"propertyPath\":\"/SALES_AREA_VTWEG\",\"modelName\":\"NewYardModel\"}"}]}
RESULT: undefined
COMMAND: POST /session/5a404f73187a01115305a03f2137b0ec/execute/async - {"script":"<script> [776 bytes]","args":[{"enterText":"C2","selector":{"controlType":"sap.m.Input","viewName":"etm.portal.ui.manageyards.view.New","viewId":"application-manageyards-display-component---NewYard","bindingPath":{"path":"","propertyPath":"/SALES_AREA_VTWEG","modelName":"NewYardModel"},"interaction":{"idSuffix":"inner"}},"clearTextFirst":true,"interactionType":"ENTER_TEXT"}]}
RESULT: {"script":"<script> [776 bytes]","args":[{"enterText":"C2","selector":{"controlType":"sap.m.Input","viewName":"etm.portal.ui.manageyards.view.New","viewId":"application-manageyards-display-component---NewYard","bindingPath":{"path":"","propertyPath":"/SALES_AREA_VTWEG","modelName":"NewYardModel"},"interaction":{"idSuffix":"inner"}},"clearTextFirst":true,"interactionType":"ENTER_TEXT"}]}
COMMAND: POST /session/5a404f73187a01115305a03f2137b0ec/execute/async - {"script":"<script> [1562 bytes]","args":[{"selector":{"controlType":"sap.m.Input","viewName":"etm.portal.ui.manageyards.view.New","viewId":"application-manageyards-display-component---NewYard","bindingPath":{"path":"","propertyPath":"/SALES_AREA_SPART","modelName":"NewYardModel"},"interaction":{"idSuffix":"inner"}},"wdio_ui5_key":"etmportal.ui.manageyards.view.Newsap.m.Input{\"path\":\"\",\"propertyPath\":\"/SALES_AREA_SPART\",\"modelName\":\"NewYardModel\"}"}]}
RESULT: {"script":"<script> [1562 bytes]","args":[{"selector":{"controlType":"sap.m.Input","viewName":"etm.portal.ui.manageyards.view.New","viewId":"application-manageyards-display-component---NewYard","bindingPath":{"path":"","propertyPath":"/SALES_AREA_SPART","modelName":"NewYardModel"},"interaction":{"idSuffix":"inner"}},"wdio_ui5_key":"etmportal.ui.manageyards.view.Newsap.m.Input{\"path\":\"\",\"propertyPath\":\"/SALES_AREA_SPART\",\"modelName\":\"NewYardModel\"}"}]}
RESULT: undefined
COMMAND: POST /session/5a404f73187a01115305a03f2137b0ec/execute/async - {"script":"<script> [776 bytes]","args":[{"enterText":"C2","selector":{"controlType":"sap.m.Input","viewName":"etm.portal.ui.manageyards.view.New","viewId":"application-manageyards-display-component---NewYard","bindingPath":{"path":"","propertyPath":"/SALES_AREA_SPART","modelName":"NewYardModel"},"interaction":{"idSuffix":"inner"}},"clearTextFirst":true,"interactionType":"ENTER_TEXT"}]}
RESULT: {"script":"<script> [776 bytes]","args":[{"enterText":"C2","selector":{"controlType":"sap.m.Input","viewName":"etm.portal.ui.manageyards.view.New","viewId":"application-manageyards-display-component---NewYard","bindingPath":{"path":"","propertyPath":"/SALES_AREA_SPART","modelName":"NewYardModel"},"interaction":{"idSuffix":"inner"}},"clearTextFirst":true,"interactionType":"ENTER_TEXT"}]}
COMMAND: POST /session/5a404f73187a01115305a03f2137b0ec/execute/async - {"script":"<script> [1562 bytes]","args":[{"selector":{"controlType":"sap.m.Input","viewName":"etm.portal.ui.manageyards.view.New","viewId":"application-manageyards-display-component---NewYard","bindingPath":{"path":"","propertyPath":"/SHIP_POINT","modelName":"NewYardModel"},"interaction":{"idSuffix":"inner"}},"wdio_ui5_key":"etmportal.ui.manageyards.view.Newsap.m.Input{\"path\":\"\",\"propertyPath\":\"/SHIP_POINT\",\"modelName\":\"NewYardModel\"}"}]}
RESULT: {"script":"<script> [1562 bytes]","args":[{"selector":{"controlType":"sap.m.Input","viewName":"etm.portal.ui.manageyards.view.New","viewId":"application-manageyards-display-component---NewYard","bindingPath":{"path":"","propertyPath":"/SHIP_POINT","modelName":"NewYardModel"},"interaction":{"idSuffix":"inner"}},"wdio_ui5_key":"etmportal.ui.manageyards.view.Newsap.m.Input{\"path\":\"\",\"propertyPath\":\"/SHIP_POINT\",\"modelName\":\"NewYardModel\"}"}]}
RESULT: undefined
COMMAND: POST /session/5a404f73187a01115305a03f2137b0ec/execute/async - {"script":"<script> [776 bytes]","args":[{"enterText":"1710","selector":{"controlType":"sap.m.Input","viewName":"etm.portal.ui.manageyards.view.New","viewId":"application-manageyards-display-component---NewYard","bindingPath":{"path":"","propertyPath":"/SHIP_POINT","modelName":"NewYardModel"},"interaction":{"idSuffix":"inner"}},"clearTextFirst":true,"interactionType":"ENTER_TEXT"}]}
RESULT: {"script":"<script> [776 bytes]","args":[{"enterText":"1710","selector":{"controlType":"sap.m.Input","viewName":"etm.portal.ui.manageyards.view.New","viewId":"application-manageyards-display-component---NewYard","bindingPath":{"path":"","propertyPath":"/SHIP_POINT","modelName":"NewYardModel"},"interaction":{"idSuffix":"inner"}},"clearTextFirst":true,"interactionType":"ENTER_TEXT"}]}
COMMAND: POST /session/5a404f73187a01115305a03f2137b0ec/execute/async - {"script":"<script> [1562 bytes]","args":[{"selector":{"controlType":"sap.m.Input","viewName":"etm.portal.ui.manageyards.view.New","viewId":"application-manageyards-display-component---NewYard","bindingPath":{"path":"","propertyPath":"/DELIVERY_TYPE","modelName":"NewYardModel"},"interaction":{"idSuffix":"inner"}},"wdio_ui5_key":"etmportal.ui.manageyards.view.Newsap.m.Input{\"path\":\"\",\"propertyPath\":\"/DELIVERY_TYPE\",\"modelName\":\"NewYardModel\"}"}]}
RESULT: {"script":"<script> [1562 bytes]","args":[{"selector":{"controlType":"sap.m.Input","viewName":"etm.portal.ui.manageyards.view.New","viewId":"application-manageyards-display-component---NewYard","bindingPath":{"path":"","propertyPath":"/DELIVERY_TYPE","modelName":"NewYardModel"},"interaction":{"idSuffix":"inner"}},"wdio_ui5_key":"etmportal.ui.manageyards.view.Newsap.m.Input{\"path\":\"\",\"propertyPath\":\"/DELIVERY_TYPE\",\"modelName\":\"NewYardModel\"}"}]}
RESULT: undefined
COMMAND: POST /session/5a404f73187a01115305a03f2137b0ec/execute/async - {"script":"<script> [776 bytes]","args":[{"enterText":"ZL01","selector":{"controlType":"sap.m.Input","viewName":"etm.portal.ui.manageyards.view.New","viewId":"application-manageyards-display-component---NewYard","bindingPath":{"path":"","propertyPath":"/DELIVERY_TYPE","modelName":"NewYardModel"},"interaction":{"idSuffix":"inner"}},"clearTextFirst":true,"interactionType":"ENTER_TEXT"}]}
RESULT: {"script":"<script> [776 bytes]","args":[{"enterText":"ZL01","selector":{"controlType":"sap.m.Input","viewName":"etm.portal.ui.manageyards.view.New","viewId":"application-manageyards-display-component---NewYard","bindingPath":{"path":"","propertyPath":"/DELIVERY_TYPE","modelName":"NewYardModel"},"interaction":{"idSuffix":"inner"}},"clearTextFirst":true,"interactionType":"ENTER_TEXT"}]}
COMMAND: POST /session/5a404f73187a01115305a03f2137b0ec/execute/async - {"script":"<script> [1562 bytes]","args":[{"selector":{"controlType":"sap.m.Input","viewName":"etm.portal.ui.manageyards.view.New","viewId":"application-manageyards-display-component---NewYard","bindingPath":{"path":"","propertyPath":"/AUART","modelName":"NewYardModel"},"interaction":{"idSuffix":"inner"}},"wdio_ui5_key":"etmportal.ui.manageyards.view.Newsap.m.Input{\"path\":\"\",\"propertyPath\":\"/AUART\",\"modelName\":\"NewYardModel\"}"}]}
RESULT: {"script":"<script> [1562 bytes]","args":[{"selector":{"controlType":"sap.m.Input","viewName":"etm.portal.ui.manageyards.view.New","viewId":"application-manageyards-display-component---NewYard","bindingPath":{"path":"","propertyPath":"/AUART","modelName":"NewYardModel"},"interaction":{"idSuffix":"inner"}},"wdio_ui5_key":"etmportal.ui.manageyards.view.Newsap.m.Input{\"path\":\"\",\"propertyPath\":\"/AUART\",\"modelName\":\"NewYardModel\"}"}]}
RESULT: undefined
COMMAND: POST /session/5a404f73187a01115305a03f2137b0ec/execute/async - {"script":"<script> [776 bytes]","args":[{"enterText":"TA","selector":{"controlType":"sap.m.Input","viewName":"etm.portal.ui.manageyards.view.New","viewId":"application-manageyards-display-component---NewYard","bindingPath":{"path":"","propertyPath":"/AUART","modelName":"NewYardModel"},"interaction":{"idSuffix":"inner"}},"clearTextFirst":true,"interactionType":"ENTER_TEXT"}]}
RESULT: {"script":"<script> [776 bytes]","args":[{"enterText":"TA","selector":{"controlType":"sap.m.Input","viewName":"etm.portal.ui.manageyards.view.New","viewId":"application-manageyards-display-component---NewYard","bindingPath":{"path":"","propertyPath":"/AUART","modelName":"NewYardModel"},"interaction":{"idSuffix":"inner"}},"clearTextFirst":true,"interactionType":"ENTER_TEXT"}]}
COMMAND: POST /session/5a404f73187a01115305a03f2137b0ec/element - {"using":"xpath","value":"//button[@data-kt=\"newYardSaveButton\"]"}
RESULT: {"using":"xpath","value":"//button[@data-kt=\"newYardSaveButton\"]"}
COMMAND: POST /session/5a404f73187a01115305a03f2137b0ec/element/f.D0531791EE27D9F39EBFF32D62FB2301.d.4ECF03C13BFF413ACA64AA87C0ACF7B2.e.719/click - {}
RESULT: {}
COMMAND: GET /session/5a404f73187a01115305a03f2137b0ec/screenshot - {}
RESULT: {}
COMMAND: POST /session/5a404f73187a01115305a03f2137b0ec/element - {"using":"xpath","value":"//header[contains(@id, 'ObjectPageLayout-headerTitle')]/div[1]/div[2]/div[1]/span[1]"}
RESULT: {"using":"xpath","value":"//header[contains(@id, 'ObjectPageLayout-headerTitle')]/div[1]/div[2]/div[1]/span[1]"}
COMMAND: POST /session/5a404f73187a01115305a03f2137b0ec/elements - {"using":"xpath","value":"//header[contains(@id, 'ObjectPageLayout-headerTitle')]/div[1]/div[2]/div[1]/span[1]"}
RESULT: {"using":"xpath","value":"//header[contains(@id, 'ObjectPageLayout-headerTitle')]/div[1]/div[2]/div[1]/span[1]"}
COMMAND: POST /session/5a404f73187a01115305a03f2137b0ec/execute/sync - {"script":"<script> [56 bytes]","args":[{"element-6066-11e4-a52e-4f735466cecf":"f.D0531791EE27D9F39EBFF32D62FB2301.d.4ECF03C13BFF413ACA64AA87C0ACF7B2.e.1048","ELEMENT":"f.D0531791EE27D9F39EBFF32D62FB2301.d.4ECF03C13BFF413ACA64AA87C0ACF7B2.e.1048"}]}
RESULT: {"script":"<script> [56 bytes]","args":[{"element-6066-11e4-a52e-4f735466cecf":"f.D0531791EE27D9F39EBFF32D62FB2301.d.4ECF03C13BFF413ACA64AA87C0ACF7B2.e.1048","ELEMENT":"f.D0531791EE27D9F39EBFF32D62FB2301.d.4ECF03C13BFF413ACA64AA87C0ACF7B2.e.1048"}]}
COMMAND: GET /session/5a404f73187a01115305a03f2137b0ec/screenshot - {}
RESULT: {}
COMMAND: POST /session/5a404f73187a01115305a03f2137b0ec/element - {"using":"css selector","value":"#shell-header-logo"}
RESULT: {"using":"css selector","value":"#shell-header-logo"}
COMMAND: POST /session/5a404f73187a01115305a03f2137b0ec/element/f.D0531791EE27D9F39EBFF32D62FB2301.d.4ECF03C13BFF413ACA64AA87C0ACF7B2.e.295/click - {}
RESULT: {}
COMMAND: GET /session/5a404f73187a01115305a03f2137b0ec/screenshot - {}
RESULT: {}
COMMAND: POST /session/5a404f73187a01115305a03f2137b0ec/execute/sync - {"script":"<script> [299 bytes]","args":[["getModel","getResource"]]}
RESULT: {"script":"<script> [299 bytes]","args":[["getModel","getResource"]]}
COMMAND: GET /session/5a404f73187a01115305a03f2137b0ec/screenshot - {}
]]></system-out>
    </testcase>
    <testcase classname="chrome.136_0_7103_49.windows.Partner_specific_tests_US150819_US151080_US151654_US151176_US103444_US151078_US151079_US151109_US151174_US151175_US151189" name="Should create new external partner US150819" time="99.952">
      <system-out><![CDATA[
COMMAND: POST /session/5a404f73187a01115305a03f2137b0ec/element - {"using":"xpath","value":"//li[.//span[text()=\"Manage Partners\"]]"}
RESULT: {}
RESULT: {"using":"xpath","value":"//li[.//span[text()=\"Manage Partners\"]]"}
COMMAND: POST /session/5a404f73187a01115305a03f2137b0ec/element - {"using":"xpath","value":"//li[.//span[text()=\"Manage Partners\"]]"}
RESULT: {"using":"xpath","value":"//li[.//span[text()=\"Manage Partners\"]]"}
COMMAND: POST /session/5a404f73187a01115305a03f2137b0ec/element - {"using":"css selector","value":"#shell-header-logo"}
RESULT: {"using":"css selector","value":"#shell-header-logo"}
COMMAND: POST /session/5a404f73187a01115305a03f2137b0ec/element/f.D0531791EE27D9F39EBFF32D62FB2301.d.4ECF03C13BFF413ACA64AA87C0ACF7B2.e.1051/click - {}
COMMAND: POST /session/5a404f73187a01115305a03f2137b0ec/execute/sync - {"script":"<script> [8489 bytes]","args":[{"element-6066-11e4-a52e-4f735466cecf":"f.D0531791EE27D9F39EBFF32D62FB2301.d.4ECF03C13BFF413ACA64AA87C0ACF7B2.e.1051","ELEMENT":"f.D0531791EE27D9F39EBFF32D62FB2301.d.4ECF03C13BFF413ACA64AA87C0ACF7B2.e.1051"}]}
RESULT: {}
COMMAND: GET /session/5a404f73187a01115305a03f2137b0ec/screenshot - {}
RESULT: {"script":"<script> [8489 bytes]","args":[{"element-6066-11e4-a52e-4f735466cecf":"f.D0531791EE27D9F39EBFF32D62FB2301.d.4ECF03C13BFF413ACA64AA87C0ACF7B2.e.1051","ELEMENT":"f.D0531791EE27D9F39EBFF32D62FB2301.d.4ECF03C13BFF413ACA64AA87C0ACF7B2.e.1051"}]}
COMMAND: POST /session/5a404f73187a01115305a03f2137b0ec/execute/sync - {"script":"<script> [5351 bytes]","args":[{"element-6066-11e4-a52e-4f735466cecf":"f.D0531791EE27D9F39EBFF32D62FB2301.d.4ECF03C13BFF413ACA64AA87C0ACF7B2.e.1051","ELEMENT":"f.D0531791EE27D9F39EBFF32D62FB2301.d.4ECF03C13BFF413ACA64AA87C0ACF7B2.e.1051"}]}
COMMAND: GET /session/5a404f73187a01115305a03f2137b0ec/screenshot - {}
RESULT: {}
RESULT: {"script":"<script> [5351 bytes]","args":[{"element-6066-11e4-a52e-4f735466cecf":"f.D0531791EE27D9F39EBFF32D62FB2301.d.4ECF03C13BFF413ACA64AA87C0ACF7B2.e.1051","ELEMENT":"f.D0531791EE27D9F39EBFF32D62FB2301.d.4ECF03C13BFF413ACA64AA87C0ACF7B2.e.1051"}]}
COMMAND: GET /session/5a404f73187a01115305a03f2137b0ec/screenshot - {}
RESULT: {}
RESULT: {}
COMMAND: POST /session/5a404f73187a01115305a03f2137b0ec/window/fullscreen - {}
RESULT: {}
COMMAND: POST /session/5a404f73187a01115305a03f2137b0ec/execute/async - {"script":"<script> [1562 bytes]","args":[{"selector":{"controlType":"sap.m.GenericTile","properties":{"header":"Manage Partners"}},"wdio_ui5_key":"sapm.GenericTile{\"header\":\"Manage Partners\"}"}]}
RESULT: {"script":"<script> [1562 bytes]","args":[{"selector":{"controlType":"sap.m.GenericTile","properties":{"header":"Manage Partners"}},"wdio_ui5_key":"sapm.GenericTile{\"header\":\"Manage Partners\"}"}]}
RESULT: undefined
COMMAND: POST /session/5a404f73187a01115305a03f2137b0ec/element - {"using":"xpath","value":"//*[@id=\"__tile38\"]"}
RESULT: {"using":"xpath","value":"//*[@id=\"__tile38\"]"}
COMMAND: POST /session/5a404f73187a01115305a03f2137b0ec/element/f.D0531791EE27D9F39EBFF32D62FB2301.d.4ECF03C13BFF413ACA64AA87C0ACF7B2.e.181/click - {}
RESULT: {}
COMMAND: GET /session/5a404f73187a01115305a03f2137b0ec/screenshot - {}
RESULT: {}
COMMAND: POST /session/5a404f73187a01115305a03f2137b0ec/elements - {"using":"xpath","value":"//span[text()='Error']"}
RESULT: {"using":"xpath","value":"//span[text()='Error']"}
COMMAND: POST /session/5a404f73187a01115305a03f2137b0ec/element - {"using":"xpath","value":"//button[@data-kt=\"addButton\"]"}
RESULT: {"using":"xpath","value":"//button[@data-kt=\"addButton\"]"}
COMMAND: POST /session/5a404f73187a01115305a03f2137b0ec/elements - {"using":"xpath","value":"//button[@data-kt=\"addButton\"]"}
RESULT: {"using":"xpath","value":"//button[@data-kt=\"addButton\"]"}
COMMAND: POST /session/5a404f73187a01115305a03f2137b0ec/execute/sync - {"script":"<script> [8489 bytes]","args":[{"element-6066-11e4-a52e-4f735466cecf":"f.D0531791EE27D9F39EBFF32D62FB2301.d.4ECF03C13BFF413ACA64AA87C0ACF7B2.e.1097","ELEMENT":"f.D0531791EE27D9F39EBFF32D62FB2301.d.4ECF03C13BFF413ACA64AA87C0ACF7B2.e.1097"}]}
RESULT: {"script":"<script> [8489 bytes]","args":[{"element-6066-11e4-a52e-4f735466cecf":"f.D0531791EE27D9F39EBFF32D62FB2301.d.4ECF03C13BFF413ACA64AA87C0ACF7B2.e.1097","ELEMENT":"f.D0531791EE27D9F39EBFF32D62FB2301.d.4ECF03C13BFF413ACA64AA87C0ACF7B2.e.1097"}]}
COMMAND: GET /session/5a404f73187a01115305a03f2137b0ec/element/f.D0531791EE27D9F39EBFF32D62FB2301.d.4ECF03C13BFF413ACA64AA87C0ACF7B2.e.1097/enabled - {}
COMMAND: GET /session/5a404f73187a01115305a03f2137b0ec/screenshot - {}
RESULT: {}
COMMAND: POST /session/5a404f73187a01115305a03f2137b0ec/execute/sync - {"script":"<script> [8489 bytes]","args":[{"element-6066-11e4-a52e-4f735466cecf":"f.D0531791EE27D9F39EBFF32D62FB2301.d.4ECF03C13BFF413ACA64AA87C0ACF7B2.e.1097","ELEMENT":"f.D0531791EE27D9F39EBFF32D62FB2301.d.4ECF03C13BFF413ACA64AA87C0ACF7B2.e.1097"}]}
COMMAND: GET /session/5a404f73187a01115305a03f2137b0ec/screenshot - {}
RESULT: {}
RESULT: {"script":"<script> [8489 bytes]","args":[{"element-6066-11e4-a52e-4f735466cecf":"f.D0531791EE27D9F39EBFF32D62FB2301.d.4ECF03C13BFF413ACA64AA87C0ACF7B2.e.1097","ELEMENT":"f.D0531791EE27D9F39EBFF32D62FB2301.d.4ECF03C13BFF413ACA64AA87C0ACF7B2.e.1097"}]}
COMMAND: POST /session/5a404f73187a01115305a03f2137b0ec/execute/sync - {"script":"<script> [5351 bytes]","args":[{"element-6066-11e4-a52e-4f735466cecf":"f.D0531791EE27D9F39EBFF32D62FB2301.d.4ECF03C13BFF413ACA64AA87C0ACF7B2.e.1097","ELEMENT":"f.D0531791EE27D9F39EBFF32D62FB2301.d.4ECF03C13BFF413ACA64AA87C0ACF7B2.e.1097"}]}
COMMAND: GET /session/5a404f73187a01115305a03f2137b0ec/screenshot - {}
RESULT: {}
RESULT: {"script":"<script> [5351 bytes]","args":[{"element-6066-11e4-a52e-4f735466cecf":"f.D0531791EE27D9F39EBFF32D62FB2301.d.4ECF03C13BFF413ACA64AA87C0ACF7B2.e.1097","ELEMENT":"f.D0531791EE27D9F39EBFF32D62FB2301.d.4ECF03C13BFF413ACA64AA87C0ACF7B2.e.1097"}]}
COMMAND: POST /session/5a404f73187a01115305a03f2137b0ec/element/f.D0531791EE27D9F39EBFF32D62FB2301.d.4ECF03C13BFF413ACA64AA87C0ACF7B2.e.1097/click - {}
COMMAND: GET /session/5a404f73187a01115305a03f2137b0ec/screenshot - {}
RESULT: {}
RESULT: {}
COMMAND: GET /session/5a404f73187a01115305a03f2137b0ec/screenshot - {}
COMMAND: POST /session/5a404f73187a01115305a03f2137b0ec/execute/async - {"script":"<script> [1562 bytes]","args":[{"selector":{"id":"application-managepartners-display-component---NewPartner--addressDetailDetailsName1","interaction":{"idSuffix":"inner"}},"wdio_ui5_key":"applicationmanagepartners-display-component---NewPartner--addressDetailDetailsName1"}]}
RESULT: {}
RESULT: {}
RESULT: {"script":"<script> [1562 bytes]","args":[{"selector":{"id":"application-managepartners-display-component---NewPartner--addressDetailDetailsName1","interaction":{"idSuffix":"inner"}},"wdio_ui5_key":"applicationmanagepartners-display-component---NewPartner--addressDetailDetailsName1"}]}
RESULT: undefined
COMMAND: POST /session/5a404f73187a01115305a03f2137b0ec/execute/async - {"script":"<script> [776 bytes]","args":[{"enterText":"External Partner WDIO","selector":{"id":"application-managepartners-display-component---NewPartner--addressDetailDetailsName1","interaction":{"idSuffix":"inner"}},"clearTextFirst":true,"interactionType":"ENTER_TEXT"}]}
RESULT: {"script":"<script> [776 bytes]","args":[{"enterText":"External Partner WDIO","selector":{"id":"application-managepartners-display-component---NewPartner--addressDetailDetailsName1","interaction":{"idSuffix":"inner"}},"clearTextFirst":true,"interactionType":"ENTER_TEXT"}]}
COMMAND: POST /session/5a404f73187a01115305a03f2137b0ec/execute/async - {"script":"<script> [1562 bytes]","args":[{"selector":{"id":"application-managepartners-display-component---NewPartner--addressDetailDetailsLanguage-arrow"},"wdio_ui5_key":"applicationmanagepartners-display-component---NewPartner--addressDetailDetailsLanguage-arrow"}]}
RESULT: {"script":"<script> [1562 bytes]","args":[{"selector":{"id":"application-managepartners-display-component---NewPartner--addressDetailDetailsLanguage-arrow"},"wdio_ui5_key":"applicationmanagepartners-display-component---NewPartner--addressDetailDetailsLanguage-arrow"}]}
RESULT: undefined
COMMAND: POST /session/5a404f73187a01115305a03f2137b0ec/element - {"using":"xpath","value":"//*[@id=\"application-managepartners-display-component---NewPartner--addressDetailDetailsLanguage-arrow\"]"}
RESULT: {"using":"xpath","value":"//*[@id=\"application-managepartners-display-component---NewPartner--addressDetailDetailsLanguage-arrow\"]"}
COMMAND: POST /session/5a404f73187a01115305a03f2137b0ec/element/f.D0531791EE27D9F39EBFF32D62FB2301.d.4ECF03C13BFF413ACA64AA87C0ACF7B2.e.1528/click - {}
RESULT: {}
COMMAND: POST /session/5a404f73187a01115305a03f2137b0ec/element - {"using":"xpath","value":"//span[contains(text(), \"English\")]"}
COMMAND: GET /session/5a404f73187a01115305a03f2137b0ec/screenshot - {}
RESULT: {"using":"xpath","value":"//span[contains(text(), \"English\")]"}
COMMAND: POST /session/5a404f73187a01115305a03f2137b0ec/element/f.D0531791EE27D9F39EBFF32D62FB2301.d.4ECF03C13BFF413ACA64AA87C0ACF7B2.e.1529/click - {}
RESULT: {}
RESULT: {}
COMMAND: GET /session/5a404f73187a01115305a03f2137b0ec/screenshot - {}
RESULT: {}
COMMAND: POST /session/5a404f73187a01115305a03f2137b0ec/execute/async - {"script":"<script> [1562 bytes]","args":[{"selector":{"id":"application-managepartners-display-component---NewPartner--addressDetailDetailsCity1","interaction":{"idSuffix":"inner"}},"wdio_ui5_key":"applicationmanagepartners-display-component---NewPartner--addressDetailDetailsCity1"}]}
RESULT: {"script":"<script> [1562 bytes]","args":[{"selector":{"id":"application-managepartners-display-component---NewPartner--addressDetailDetailsCity1","interaction":{"idSuffix":"inner"}},"wdio_ui5_key":"applicationmanagepartners-display-component---NewPartner--addressDetailDetailsCity1"}]}
RESULT: undefined
COMMAND: POST /session/5a404f73187a01115305a03f2137b0ec/execute/async - {"script":"<script> [776 bytes]","args":[{"enterText":"Rosario","selector":{"id":"application-managepartners-display-component---NewPartner--addressDetailDetailsCity1","interaction":{"idSuffix":"inner"}},"clearTextFirst":true,"interactionType":"ENTER_TEXT"}]}
RESULT: {"script":"<script> [776 bytes]","args":[{"enterText":"Rosario","selector":{"id":"application-managepartners-display-component---NewPartner--addressDetailDetailsCity1","interaction":{"idSuffix":"inner"}},"clearTextFirst":true,"interactionType":"ENTER_TEXT"}]}
COMMAND: POST /session/5a404f73187a01115305a03f2137b0ec/execute/async - {"script":"<script> [1562 bytes]","args":[{"selector":{"id":"application-managepartners-display-component---NewPartner--addressDetailDetailsCountry-arrow"},"wdio_ui5_key":"applicationmanagepartners-display-component---NewPartner--addressDetailDetailsCountry-arrow"}]}
RESULT: {"script":"<script> [1562 bytes]","args":[{"selector":{"id":"application-managepartners-display-component---NewPartner--addressDetailDetailsCountry-arrow"},"wdio_ui5_key":"applicationmanagepartners-display-component---NewPartner--addressDetailDetailsCountry-arrow"}]}
RESULT: undefined
COMMAND: POST /session/5a404f73187a01115305a03f2137b0ec/element - {"using":"xpath","value":"//*[@id=\"application-managepartners-display-component---NewPartner--addressDetailDetailsCountry-arrow\"]"}
RESULT: {"using":"xpath","value":"//*[@id=\"application-managepartners-display-component---NewPartner--addressDetailDetailsCountry-arrow\"]"}
COMMAND: POST /session/5a404f73187a01115305a03f2137b0ec/element/f.D0531791EE27D9F39EBFF32D62FB2301.d.4ECF03C13BFF413ACA64AA87C0ACF7B2.e.1483/click - {}
RESULT: {}
COMMAND: POST /session/5a404f73187a01115305a03f2137b0ec/element - {"using":"xpath","value":"//span[contains(text(), \"Argentina\")]"}
COMMAND: GET /session/5a404f73187a01115305a03f2137b0ec/screenshot - {}
RESULT: {"using":"xpath","value":"//span[contains(text(), \"Argentina\")]"}
COMMAND: POST /session/5a404f73187a01115305a03f2137b0ec/element/f.D0531791EE27D9F39EBFF32D62FB2301.d.4ECF03C13BFF413ACA64AA87C0ACF7B2.e.1531/click - {}
RESULT: {}
RESULT: {}
COMMAND: GET /session/5a404f73187a01115305a03f2137b0ec/screenshot - {}
RESULT: {}
COMMAND: POST /session/5a404f73187a01115305a03f2137b0ec/element - {"using":"xpath","value":"//bdi[contains(text(), \"Commercial\")]"}
RESULT: {"using":"xpath","value":"//bdi[contains(text(), \"Commercial\")]"}
COMMAND: POST /session/5a404f73187a01115305a03f2137b0ec/element/f.D0531791EE27D9F39EBFF32D62FB2301.d.4ECF03C13BFF413ACA64AA87C0ACF7B2.e.1532/click - {}
RESULT: {}
COMMAND: GET /session/5a404f73187a01115305a03f2137b0ec/screenshot - {}
RESULT: {}
COMMAND: POST /session/5a404f73187a01115305a03f2137b0ec/execute/async - {"script":"<script> [1562 bytes]","args":[{"selector":{"id":"application-managepartners-display-component---NewPartner--partnerDetailInternal-arrow"},"wdio_ui5_key":"applicationmanagepartners-display-component---NewPartner--partnerDetailInternal-arrow"}]}
RESULT: {"script":"<script> [1562 bytes]","args":[{"selector":{"id":"application-managepartners-display-component---NewPartner--partnerDetailInternal-arrow"},"wdio_ui5_key":"applicationmanagepartners-display-component---NewPartner--partnerDetailInternal-arrow"}]}
RESULT: undefined
COMMAND: POST /session/5a404f73187a01115305a03f2137b0ec/element - {"using":"xpath","value":"//*[@id=\"application-managepartners-display-component---NewPartner--partnerDetailInternal-arrow\"]"}
RESULT: {"using":"xpath","value":"//*[@id=\"application-managepartners-display-component---NewPartner--partnerDetailInternal-arrow\"]"}
COMMAND: POST /session/5a404f73187a01115305a03f2137b0ec/element/f.D0531791EE27D9F39EBFF32D62FB2301.d.4ECF03C13BFF413ACA64AA87C0ACF7B2.e.1538/click - {}
RESULT: {}
COMMAND: POST /session/5a404f73187a01115305a03f2137b0ec/element - {"using":"xpath","value":"//span[contains(text(), \"External partner\")]"}
COMMAND: GET /session/5a404f73187a01115305a03f2137b0ec/screenshot - {}
RESULT: {"using":"xpath","value":"//span[contains(text(), \"External partner\")]"}
COMMAND: POST /session/5a404f73187a01115305a03f2137b0ec/element/f.D0531791EE27D9F39EBFF32D62FB2301.d.4ECF03C13BFF413ACA64AA87C0ACF7B2.e.1540/click - {}
RESULT: {}
RESULT: {}
COMMAND: POST /session/5a404f73187a01115305a03f2137b0ec/execute/async - {"script":"<script> [1562 bytes]","args":[{"selector":{"id":"application-managepartners-display-component---NewPartner--partnerDetailsCurrency-arrow"},"wdio_ui5_key":"applicationmanagepartners-display-component---NewPartner--partnerDetailsCurrency-arrow"}]}
COMMAND: GET /session/5a404f73187a01115305a03f2137b0ec/screenshot - {}
RESULT: {"script":"<script> [1562 bytes]","args":[{"selector":{"id":"application-managepartners-display-component---NewPartner--partnerDetailsCurrency-arrow"},"wdio_ui5_key":"applicationmanagepartners-display-component---NewPartner--partnerDetailsCurrency-arrow"}]}
RESULT: undefined
COMMAND: POST /session/5a404f73187a01115305a03f2137b0ec/element - {"using":"xpath","value":"//*[@id=\"application-managepartners-display-component---NewPartner--partnerDetailsCurrency-arrow\"]"}
RESULT: {}
RESULT: {"using":"xpath","value":"//*[@id=\"application-managepartners-display-component---NewPartner--partnerDetailsCurrency-arrow\"]"}
COMMAND: POST /session/5a404f73187a01115305a03f2137b0ec/element/f.D0531791EE27D9F39EBFF32D62FB2301.d.4ECF03C13BFF413ACA64AA87C0ACF7B2.e.1545/click - {}
RESULT: {}
COMMAND: POST /session/5a404f73187a01115305a03f2137b0ec/element - {"using":"xpath","value":"//span[contains(text(), \"US Dollar\")]"}
COMMAND: GET /session/5a404f73187a01115305a03f2137b0ec/screenshot - {}
RESULT: {"using":"xpath","value":"//span[contains(text(), \"US Dollar\")]"}
COMMAND: POST /session/5a404f73187a01115305a03f2137b0ec/element/f.D0531791EE27D9F39EBFF32D62FB2301.d.4ECF03C13BFF413ACA64AA87C0ACF7B2.e.1546/click - {}
RESULT: {}
RESULT: {}
COMMAND: GET /session/5a404f73187a01115305a03f2137b0ec/screenshot - {}
RESULT: {}
COMMAND: POST /session/5a404f73187a01115305a03f2137b0ec/element - {"using":"xpath","value":"//input[@id=\"application-managepartners-display-component---NewPartner--companyCodeComboBox-inner\"]"}
RESULT: {"using":"xpath","value":"//input[@id=\"application-managepartners-display-component---NewPartner--companyCodeComboBox-inner\"]"}
COMMAND: POST /session/5a404f73187a01115305a03f2137b0ec/element/f.D0531791EE27D9F39EBFF32D62FB2301.d.4ECF03C13BFF413ACA64AA87C0ACF7B2.e.1415/clear - {}
RESULT: {}
COMMAND: POST /session/5a404f73187a01115305a03f2137b0ec/element/f.D0531791EE27D9F39EBFF32D62FB2301.d.4ECF03C13BFF413ACA64AA87C0ACF7B2.e.1415/value - {"text":"C002"}
COMMAND: GET /session/5a404f73187a01115305a03f2137b0ec/screenshot - {}
RESULT: {"text":"C002"}
COMMAND: GET /session/5a404f73187a01115305a03f2137b0ec/screenshot - {}
RESULT: {}
RESULT: {}
COMMAND: POST /session/5a404f73187a01115305a03f2137b0ec/element - {"using":"xpath","value":"//li[.//span[text()= \"C002\"]]"}
RESULT: {"using":"xpath","value":"//li[.//span[text()= \"C002\"]]"}
COMMAND: POST /session/5a404f73187a01115305a03f2137b0ec/element/f.D0531791EE27D9F39EBFF32D62FB2301.d.4ECF03C13BFF413ACA64AA87C0ACF7B2.e.1550/click - {}
RESULT: {}
COMMAND: GET /session/5a404f73187a01115305a03f2137b0ec/screenshot - {}
RESULT: {}
COMMAND: POST /session/5a404f73187a01115305a03f2137b0ec/execute/async - {"script":"<script> [1562 bytes]","args":[{"selector":{"id":"application-managepartners-display-component---NewPartner--btnAddTableRow-img"},"wdio_ui5_key":"applicationmanagepartners-display-component---NewPartner--btnAddTableRow-img"}]}
RESULT: {"script":"<script> [1562 bytes]","args":[{"selector":{"id":"application-managepartners-display-component---NewPartner--btnAddTableRow-img"},"wdio_ui5_key":"applicationmanagepartners-display-component---NewPartner--btnAddTableRow-img"}]}
RESULT: undefined
COMMAND: POST /session/5a404f73187a01115305a03f2137b0ec/element - {"using":"xpath","value":"//*[@id=\"application-managepartners-display-component---NewPartner--btnAddTableRow-img\"]"}
RESULT: {"using":"xpath","value":"//*[@id=\"application-managepartners-display-component---NewPartner--btnAddTableRow-img\"]"}
COMMAND: POST /session/5a404f73187a01115305a03f2137b0ec/element/f.D0531791EE27D9F39EBFF32D62FB2301.d.4ECF03C13BFF413ACA64AA87C0ACF7B2.e.1551/click - {}
RESULT: {}
COMMAND: GET /session/5a404f73187a01115305a03f2137b0ec/screenshot - {}
RESULT: {}
COMMAND: POST /session/5a404f73187a01115305a03f2137b0ec/element - {"using":"xpath","value":"//input[@id=\"application-managepartners-display-component---NewPartner--assignmentYard-application-managepartners-display-component---NewPartner--assignmentsTable-0-inner\"]"}
RESULT: {"using":"xpath","value":"//input[@id=\"application-managepartners-display-component---NewPartner--assignmentYard-application-managepartners-display-component---NewPartner--assignmentsTable-0-inner\"]"}
COMMAND: POST /session/5a404f73187a01115305a03f2137b0ec/element/f.D0531791EE27D9F39EBFF32D62FB2301.d.4ECF03C13BFF413ACA64AA87C0ACF7B2.e.1554/clear - {}
RESULT: {}
COMMAND: POST /session/5a404f73187a01115305a03f2137b0ec/element/f.D0531791EE27D9F39EBFF32D62FB2301.d.4ECF03C13BFF413ACA64AA87C0ACF7B2.e.1554/value - {"text":"367"}
COMMAND: GET /session/5a404f73187a01115305a03f2137b0ec/screenshot - {}
RESULT: {"text":"367"}
COMMAND: GET /session/5a404f73187a01115305a03f2137b0ec/screenshot - {}
RESULT: {}
RESULT: {}
COMMAND: POST /session/5a404f73187a01115305a03f2137b0ec/element - {"using":"xpath","value":"//li[.//span[text()='367']]"}
RESULT: {"using":"xpath","value":"//li[.//span[text()='367']]"}
COMMAND: POST /session/5a404f73187a01115305a03f2137b0ec/element/f.D0531791EE27D9F39EBFF32D62FB2301.d.4ECF03C13BFF413ACA64AA87C0ACF7B2.e.1562/click - {}
RESULT: {}
COMMAND: GET /session/5a404f73187a01115305a03f2137b0ec/screenshot - {}
RESULT: {}
COMMAND: POST /session/5a404f73187a01115305a03f2137b0ec/actions - {"actions":[{"id":"action2","type":"key","parameters":{},"actions":[{"type":"keyDown","value":"î€‡"},{"type":"pause","duration":10},{"type":"keyUp","value":"î€‡"}]}]}
RESULT: {"actions":[{"id":"action2","type":"key","parameters":{},"actions":[{"type":"keyDown","value":"î€‡"},{"type":"pause","duration":10},{"type":"keyUp","value":"î€‡"}]}]}
COMMAND: POST /session/5a404f73187a01115305a03f2137b0ec/element - {"using":"xpath","value":"//td[contains(@id, \"assignmentsTable-0-cell2\")]/div/div"}
COMMAND: GET /session/5a404f73187a01115305a03f2137b0ec/screenshot - {}
RESULT: {"using":"xpath","value":"//td[contains(@id, \"assignmentsTable-0-cell2\")]/div/div"}
COMMAND: POST /session/5a404f73187a01115305a03f2137b0ec/element/f.D0531791EE27D9F39EBFF32D62FB2301.d.4ECF03C13BFF413ACA64AA87C0ACF7B2.e.1565/click - {}
RESULT: {}
RESULT: {}
COMMAND: GET /session/5a404f73187a01115305a03f2137b0ec/screenshot - {}
RESULT: {}
COMMAND: POST /session/5a404f73187a01115305a03f2137b0ec/element - {"using":"xpath","value":"//button[@data-kt=\"saveButton\"]"}
RESULT: {"using":"xpath","value":"//button[@data-kt=\"saveButton\"]"}
COMMAND: POST /session/5a404f73187a01115305a03f2137b0ec/element/f.D0531791EE27D9F39EBFF32D62FB2301.d.4ECF03C13BFF413ACA64AA87C0ACF7B2.e.1441/click - {}
RESULT: {}
COMMAND: GET /session/5a404f73187a01115305a03f2137b0ec/screenshot - {}
RESULT: {}
COMMAND: POST /session/5a404f73187a01115305a03f2137b0ec/element - {"using":"xpath","value":"//header[contains(@id, 'ObjectPageLayout-headerTitle')]/div[1]/div[2]/div[2]/span[1]"}
RESULT: {"using":"xpath","value":"//header[contains(@id, 'ObjectPageLayout-headerTitle')]/div[1]/div[2]/div[2]/span[1]"}
COMMAND: POST /session/5a404f73187a01115305a03f2137b0ec/elements - {"using":"xpath","value":"//header[contains(@id, 'ObjectPageLayout-headerTitle')]/div[1]/div[2]/div[2]/span[1]"}
RESULT: {"using":"xpath","value":"//header[contains(@id, 'ObjectPageLayout-headerTitle')]/div[1]/div[2]/div[2]/span[1]"}
COMMAND: POST /session/5a404f73187a01115305a03f2137b0ec/execute/sync - {"script":"<script> [56 bytes]","args":[{"element-6066-11e4-a52e-4f735466cecf":"f.D0531791EE27D9F39EBFF32D62FB2301.d.4ECF03C13BFF413ACA64AA87C0ACF7B2.e.1728","ELEMENT":"f.D0531791EE27D9F39EBFF32D62FB2301.d.4ECF03C13BFF413ACA64AA87C0ACF7B2.e.1728"}]}
RESULT: {"script":"<script> [56 bytes]","args":[{"element-6066-11e4-a52e-4f735466cecf":"f.D0531791EE27D9F39EBFF32D62FB2301.d.4ECF03C13BFF413ACA64AA87C0ACF7B2.e.1728","ELEMENT":"f.D0531791EE27D9F39EBFF32D62FB2301.d.4ECF03C13BFF413ACA64AA87C0ACF7B2.e.1728"}]}
COMMAND: POST /session/5a404f73187a01115305a03f2137b0ec/element - {"using":"css selector","value":"#shell-header-logo"}
COMMAND: GET /session/5a404f73187a01115305a03f2137b0ec/screenshot - {}
RESULT: {"using":"css selector","value":"#shell-header-logo"}
COMMAND: POST /session/5a404f73187a01115305a03f2137b0ec/element/f.D0531791EE27D9F39EBFF32D62FB2301.d.4ECF03C13BFF413ACA64AA87C0ACF7B2.e.1051/click - {}
RESULT: {}
RESULT: {}
COMMAND: GET /session/5a404f73187a01115305a03f2137b0ec/screenshot - {}
RESULT: {}
COMMAND: POST /session/5a404f73187a01115305a03f2137b0ec/execute/sync - {"script":"<script> [299 bytes]","args":[["getModel","getResource"]]}
RESULT: {"script":"<script> [299 bytes]","args":[["getModel","getResource"]]}
]]></system-out>
    </testcase>
    <testcase classname="chrome.136_0_7103_49.windows.Partner_specific_tests_US150819_US151080_US151654_US151176_US103444_US151078_US151079_US151109_US151174_US151175_US151189" name="Should filter and search partners US151080" time="87.871">
      <system-out><![CDATA[
COMMAND: GET /session/5a404f73187a01115305a03f2137b0ec/screenshot - {}
COMMAND: POST /session/5a404f73187a01115305a03f2137b0ec/element - {"using":"xpath","value":"//li[.//span[text()=\"Manage Partners\"]]"}
RESULT: {}
RESULT: {"using":"xpath","value":"//li[.//span[text()=\"Manage Partners\"]]"}
COMMAND: POST /session/5a404f73187a01115305a03f2137b0ec/element - {"using":"xpath","value":"//li[.//span[text()=\"Manage Partners\"]]"}
RESULT: {"using":"xpath","value":"//li[.//span[text()=\"Manage Partners\"]]"}
COMMAND: POST /session/5a404f73187a01115305a03f2137b0ec/element - {"using":"css selector","value":"#shell-header-logo"}
RESULT: {"using":"css selector","value":"#shell-header-logo"}
COMMAND: POST /session/5a404f73187a01115305a03f2137b0ec/element/f.D0531791EE27D9F39EBFF32D62FB2301.d.4ECF03C13BFF413ACA64AA87C0ACF7B2.e.1730/click - {}
COMMAND: POST /session/5a404f73187a01115305a03f2137b0ec/execute/sync - {"script":"<script> [8489 bytes]","args":[{"element-6066-11e4-a52e-4f735466cecf":"f.D0531791EE27D9F39EBFF32D62FB2301.d.4ECF03C13BFF413ACA64AA87C0ACF7B2.e.1730","ELEMENT":"f.D0531791EE27D9F39EBFF32D62FB2301.d.4ECF03C13BFF413ACA64AA87C0ACF7B2.e.1730"}]}
RESULT: {}
COMMAND: GET /session/5a404f73187a01115305a03f2137b0ec/screenshot - {}
RESULT: {"script":"<script> [8489 bytes]","args":[{"element-6066-11e4-a52e-4f735466cecf":"f.D0531791EE27D9F39EBFF32D62FB2301.d.4ECF03C13BFF413ACA64AA87C0ACF7B2.e.1730","ELEMENT":"f.D0531791EE27D9F39EBFF32D62FB2301.d.4ECF03C13BFF413ACA64AA87C0ACF7B2.e.1730"}]}
COMMAND: POST /session/5a404f73187a01115305a03f2137b0ec/execute/sync - {"script":"<script> [5351 bytes]","args":[{"element-6066-11e4-a52e-4f735466cecf":"f.D0531791EE27D9F39EBFF32D62FB2301.d.4ECF03C13BFF413ACA64AA87C0ACF7B2.e.1730","ELEMENT":"f.D0531791EE27D9F39EBFF32D62FB2301.d.4ECF03C13BFF413ACA64AA87C0ACF7B2.e.1730"}]}
COMMAND: GET /session/5a404f73187a01115305a03f2137b0ec/screenshot - {}
RESULT: {}
RESULT: {"script":"<script> [5351 bytes]","args":[{"element-6066-11e4-a52e-4f735466cecf":"f.D0531791EE27D9F39EBFF32D62FB2301.d.4ECF03C13BFF413ACA64AA87C0ACF7B2.e.1730","ELEMENT":"f.D0531791EE27D9F39EBFF32D62FB2301.d.4ECF03C13BFF413ACA64AA87C0ACF7B2.e.1730"}]}
COMMAND: GET /session/5a404f73187a01115305a03f2137b0ec/screenshot - {}
RESULT: {}
RESULT: {}
RESULT: undefined
COMMAND: POST /session/5a404f73187a01115305a03f2137b0ec/element - {"using":"xpath","value":"//*[@id=\"__tile38\"]"}
RESULT: {"using":"xpath","value":"//*[@id=\"__tile38\"]"}
COMMAND: POST /session/5a404f73187a01115305a03f2137b0ec/element/f.D0531791EE27D9F39EBFF32D62FB2301.d.4ECF03C13BFF413ACA64AA87C0ACF7B2.e.181/click - {}
RESULT: {}
COMMAND: GET /session/5a404f73187a01115305a03f2137b0ec/screenshot - {}
RESULT: {}
COMMAND: POST /session/5a404f73187a01115305a03f2137b0ec/elements - {"using":"xpath","value":"//span[text()='Error']"}
RESULT: {"using":"xpath","value":"//span[text()='Error']"}
COMMAND: POST /session/5a404f73187a01115305a03f2137b0ec/element - {"using":"xpath","value":"//button[@data-kt=\"addButton\"]"}
RESULT: {"using":"xpath","value":"//button[@data-kt=\"addButton\"]"}
COMMAND: POST /session/5a404f73187a01115305a03f2137b0ec/elements - {"using":"xpath","value":"//button[@data-kt=\"addButton\"]"}
RESULT: {"using":"xpath","value":"//button[@data-kt=\"addButton\"]"}
COMMAND: POST /session/5a404f73187a01115305a03f2137b0ec/execute/sync - {"script":"<script> [8489 bytes]","args":[{"element-6066-11e4-a52e-4f735466cecf":"f.D0531791EE27D9F39EBFF32D62FB2301.d.4ECF03C13BFF413ACA64AA87C0ACF7B2.e.1776","ELEMENT":"f.D0531791EE27D9F39EBFF32D62FB2301.d.4ECF03C13BFF413ACA64AA87C0ACF7B2.e.1776"}]}
RESULT: {"script":"<script> [8489 bytes]","args":[{"element-6066-11e4-a52e-4f735466cecf":"f.D0531791EE27D9F39EBFF32D62FB2301.d.4ECF03C13BFF413ACA64AA87C0ACF7B2.e.1776","ELEMENT":"f.D0531791EE27D9F39EBFF32D62FB2301.d.4ECF03C13BFF413ACA64AA87C0ACF7B2.e.1776"}]}
COMMAND: GET /session/5a404f73187a01115305a03f2137b0ec/element/f.D0531791EE27D9F39EBFF32D62FB2301.d.4ECF03C13BFF413ACA64AA87C0ACF7B2.e.1776/enabled - {}
COMMAND: GET /session/5a404f73187a01115305a03f2137b0ec/screenshot - {}
RESULT: {}
COMMAND: POST /session/5a404f73187a01115305a03f2137b0ec/execute/sync - {"script":"<script> [8489 bytes]","args":[{"element-6066-11e4-a52e-4f735466cecf":"f.D0531791EE27D9F39EBFF32D62FB2301.d.4ECF03C13BFF413ACA64AA87C0ACF7B2.e.1776","ELEMENT":"f.D0531791EE27D9F39EBFF32D62FB2301.d.4ECF03C13BFF413ACA64AA87C0ACF7B2.e.1776"}]}
COMMAND: GET /session/5a404f73187a01115305a03f2137b0ec/screenshot - {}
RESULT: {}
RESULT: {"script":"<script> [8489 bytes]","args":[{"element-6066-11e4-a52e-4f735466cecf":"f.D0531791EE27D9F39EBFF32D62FB2301.d.4ECF03C13BFF413ACA64AA87C0ACF7B2.e.1776","ELEMENT":"f.D0531791EE27D9F39EBFF32D62FB2301.d.4ECF03C13BFF413ACA64AA87C0ACF7B2.e.1776"}]}
COMMAND: POST /session/5a404f73187a01115305a03f2137b0ec/execute/sync - {"script":"<script> [5351 bytes]","args":[{"element-6066-11e4-a52e-4f735466cecf":"f.D0531791EE27D9F39EBFF32D62FB2301.d.4ECF03C13BFF413ACA64AA87C0ACF7B2.e.1776","ELEMENT":"f.D0531791EE27D9F39EBFF32D62FB2301.d.4ECF03C13BFF413ACA64AA87C0ACF7B2.e.1776"}]}
COMMAND: GET /session/5a404f73187a01115305a03f2137b0ec/screenshot - {}
RESULT: {}
RESULT: {"script":"<script> [5351 bytes]","args":[{"element-6066-11e4-a52e-4f735466cecf":"f.D0531791EE27D9F39EBFF32D62FB2301.d.4ECF03C13BFF413ACA64AA87C0ACF7B2.e.1776","ELEMENT":"f.D0531791EE27D9F39EBFF32D62FB2301.d.4ECF03C13BFF413ACA64AA87C0ACF7B2.e.1776"}]}
COMMAND: GET /session/5a404f73187a01115305a03f2137b0ec/screenshot - {}
RESULT: {}
RESULT: {}
COMMAND: POST /session/5a404f73187a01115305a03f2137b0ec/execute/async - {"script":"<script> [1562 bytes]","args":[{"selector":{"id":"application-managepartners-display-component---masterPtm--smartTable-btnPersonalisation-img"},"wdio_ui5_key":"applicationmanagepartners-display-component---masterPtm--smartTable-btnPersonalisation-img"}]}
RESULT: {"script":"<script> [1562 bytes]","args":[{"selector":{"id":"application-managepartners-display-component---masterPtm--smartTable-btnPersonalisation-img"},"wdio_ui5_key":"applicationmanagepartners-display-component---masterPtm--smartTable-btnPersonalisation-img"}]}
RESULT: undefined
COMMAND: POST /session/5a404f73187a01115305a03f2137b0ec/element - {"using":"xpath","value":"//*[@id=\"application-managepartners-display-component---masterPtm--smartTable-btnPersonalisation-img\"]"}
RESULT: {"using":"xpath","value":"//*[@id=\"application-managepartners-display-component---masterPtm--smartTable-btnPersonalisation-img\"]"}
COMMAND: POST /session/5a404f73187a01115305a03f2137b0ec/element/f.D0531791EE27D9F39EBFF32D62FB2301.d.4ECF03C13BFF413ACA64AA87C0ACF7B2.e.1781/click - {}
RESULT: {}
COMMAND: GET /session/5a404f73187a01115305a03f2137b0ec/screenshot - {}
RESULT: {}
COMMAND: POST /session/5a404f73187a01115305a03f2137b0ec/execute/async - {"script":"<script> [1562 bytes]","args":[{"selector":{"controlType":"sap.m.IconTabFilter","viewName":"etm.portal.ui.managepartners.view.Master","viewId":"application-managepartners-display-component---masterPtm","properties":{"text":"Sort"},"searchOpenDialogs":true,"interaction":{"idSuffix":"text"}},"wdio_ui5_key":"etmportal.ui.managepartners.view.Mastersap.m.IconTabFilter{\"text\":\"Sort\"}"}]}
RESULT: {"script":"<script> [1562 bytes]","args":[{"selector":{"controlType":"sap.m.IconTabFilter","viewName":"etm.portal.ui.managepartners.view.Master","viewId":"application-managepartners-display-component---masterPtm","properties":{"text":"Sort"},"searchOpenDialogs":true,"interaction":{"idSuffix":"text"}},"wdio_ui5_key":"etmportal.ui.managepartners.view.Mastersap.m.IconTabFilter{\"text\":\"Sort\"}"}]}
RESULT: undefined
COMMAND: POST /session/5a404f73187a01115305a03f2137b0ec/element - {"using":"xpath","value":"//*[@id=\"__filter1\"]"}
RESULT: {"using":"xpath","value":"//*[@id=\"__filter1\"]"}
COMMAND: POST /session/5a404f73187a01115305a03f2137b0ec/element/f.D0531791EE27D9F39EBFF32D62FB2301.d.4ECF03C13BFF413ACA64AA87C0ACF7B2.e.1921/click - {}
RESULT: {}
COMMAND: GET /session/5a404f73187a01115305a03f2137b0ec/screenshot - {}
RESULT: {}
COMMAND: POST /session/5a404f73187a01115305a03f2137b0ec/element - {"using":"xpath","value":"//input[@placeholder=\"Sort by\"]/following-sibling::div//span"}
RESULT: {"using":"xpath","value":"//input[@placeholder=\"Sort by\"]/following-sibling::div//span"}
COMMAND: POST /session/5a404f73187a01115305a03f2137b0ec/element/f.D0531791EE27D9F39EBFF32D62FB2301.d.4ECF03C13BFF413ACA64AA87C0ACF7B2.e.1923/click - {}
RESULT: {}
COMMAND: GET /session/5a404f73187a01115305a03f2137b0ec/screenshot - {}
RESULT: {}
COMMAND: POST /session/5a404f73187a01115305a03f2137b0ec/element - {"using":"xpath","value":"//li[.//span[text()=\"Language\"]]"}
RESULT: {"using":"xpath","value":"//li[.//span[text()=\"Language\"]]"}
COMMAND: POST /session/5a404f73187a01115305a03f2137b0ec/element/f.D0531791EE27D9F39EBFF32D62FB2301.d.4ECF03C13BFF413ACA64AA87C0ACF7B2.e.1924/click - {}
RESULT: {}
COMMAND: GET /session/5a404f73187a01115305a03f2137b0ec/screenshot - {}
RESULT: {}
COMMAND: POST /session/5a404f73187a01115305a03f2137b0ec/element - {"using":"xpath","value":"//bdi[contains(text(), \"OK\")]"}
RESULT: {"using":"xpath","value":"//bdi[contains(text(), \"OK\")]"}
COMMAND: POST /session/5a404f73187a01115305a03f2137b0ec/element/f.D0531791EE27D9F39EBFF32D62FB2301.d.4ECF03C13BFF413ACA64AA87C0ACF7B2.e.1928/click - {}
RESULT: {}
COMMAND: GET /session/5a404f73187a01115305a03f2137b0ec/screenshot - {}
RESULT: {}
COMMAND: POST /session/5a404f73187a01115305a03f2137b0ec/element - {"using":"xpath","value":"//table[contains(@id, \"customPartnersTable\")]//tbody/tr[1]/td[3]/span"}
RESULT: {"using":"xpath","value":"//table[contains(@id, \"customPartnersTable\")]//tbody/tr[1]/td[3]/span"}
COMMAND: POST /session/5a404f73187a01115305a03f2137b0ec/execute/sync - {"script":"<script> [56 bytes]","args":[{"element-6066-11e4-a52e-4f735466cecf":"f.D0531791EE27D9F39EBFF32D62FB2301.d.4ECF03C13BFF413ACA64AA87C0ACF7B2.e.2048","ELEMENT":"f.D0531791EE27D9F39EBFF32D62FB2301.d.4ECF03C13BFF413ACA64AA87C0ACF7B2.e.2048"}]}
RESULT: {"script":"<script> [56 bytes]","args":[{"element-6066-11e4-a52e-4f735466cecf":"f.D0531791EE27D9F39EBFF32D62FB2301.d.4ECF03C13BFF413ACA64AA87C0ACF7B2.e.2048","ELEMENT":"f.D0531791EE27D9F39EBFF32D62FB2301.d.4ECF03C13BFF413ACA64AA87C0ACF7B2.e.2048"}]}
RESULT: undefined
COMMAND: POST /session/5a404f73187a01115305a03f2137b0ec/element - {"using":"xpath","value":"//*[@id=\"application-managepartners-display-component---masterPtm--smartTable-btnPersonalisation-img\"]"}
COMMAND: GET /session/5a404f73187a01115305a03f2137b0ec/screenshot - {}
RESULT: {"using":"xpath","value":"//*[@id=\"application-managepartners-display-component---masterPtm--smartTable-btnPersonalisation-img\"]"}
COMMAND: POST /session/5a404f73187a01115305a03f2137b0ec/element/f.D0531791EE27D9F39EBFF32D62FB2301.d.4ECF03C13BFF413ACA64AA87C0ACF7B2.e.1781/click - {}
RESULT: {}
RESULT: {}
COMMAND: GET /session/5a404f73187a01115305a03f2137b0ec/screenshot - {}
RESULT: {}
COMMAND: POST /session/5a404f73187a01115305a03f2137b0ec/element - {"using":"xpath","value":"//bdi[contains(text(), \"Reset\")]"}
RESULT: {"using":"xpath","value":"//bdi[contains(text(), \"Reset\")]"}
COMMAND: POST /session/5a404f73187a01115305a03f2137b0ec/element/f.D0531791EE27D9F39EBFF32D62FB2301.d.4ECF03C13BFF413ACA64AA87C0ACF7B2.e.2052/click - {}
RESULT: {}
COMMAND: GET /session/5a404f73187a01115305a03f2137b0ec/screenshot - {}
RESULT: {}
COMMAND: POST /session/5a404f73187a01115305a03f2137b0ec/element - {"using":"xpath","value":"(//bdi[contains(text(), \"OK\")])[2]"}
RESULT: {"using":"xpath","value":"(//bdi[contains(text(), \"OK\")])[2]"}
COMMAND: POST /session/5a404f73187a01115305a03f2137b0ec/element/f.D0531791EE27D9F39EBFF32D62FB2301.d.4ECF03C13BFF413ACA64AA87C0ACF7B2.e.2055/click - {}
RESULT: {}
COMMAND: GET /session/5a404f73187a01115305a03f2137b0ec/screenshot - {}
RESULT: {}
COMMAND: POST /session/5a404f73187a01115305a03f2137b0ec/element - {"using":"xpath","value":"//bdi[contains(text(), \"OK\")]"}
RESULT: {"using":"xpath","value":"//bdi[contains(text(), \"OK\")]"}
COMMAND: POST /session/5a404f73187a01115305a03f2137b0ec/element/f.D0531791EE27D9F39EBFF32D62FB2301.d.4ECF03C13BFF413ACA64AA87C0ACF7B2.e.2102/click - {}
RESULT: {}
COMMAND: GET /session/5a404f73187a01115305a03f2137b0ec/screenshot - {}
RESULT: {}
COMMAND: POST /session/5a404f73187a01115305a03f2137b0ec/element - {"using":"xpath","value":"//table[contains(@id, \"customPartnersTable\")]//tbody/tr[1]/td[3]/span"}
RESULT: {"using":"xpath","value":"//table[contains(@id, \"customPartnersTable\")]//tbody/tr[1]/td[3]/span"}
COMMAND: POST /session/5a404f73187a01115305a03f2137b0ec/execute/sync - {"script":"<script> [56 bytes]","args":[{"element-6066-11e4-a52e-4f735466cecf":"f.D0531791EE27D9F39EBFF32D62FB2301.d.4ECF03C13BFF413ACA64AA87C0ACF7B2.e.2104","ELEMENT":"f.D0531791EE27D9F39EBFF32D62FB2301.d.4ECF03C13BFF413ACA64AA87C0ACF7B2.e.2104"}]}
RESULT: {"script":"<script> [56 bytes]","args":[{"element-6066-11e4-a52e-4f735466cecf":"f.D0531791EE27D9F39EBFF32D62FB2301.d.4ECF03C13BFF413ACA64AA87C0ACF7B2.e.2104","ELEMENT":"f.D0531791EE27D9F39EBFF32D62FB2301.d.4ECF03C13BFF413ACA64AA87C0ACF7B2.e.2104"}]}
RESULT: undefined
COMMAND: POST /session/5a404f73187a01115305a03f2137b0ec/element - {"using":"xpath","value":"//*[@id=\"application-managepartners-display-component---masterPtm--smartTable-btnPersonalisation-img\"]"}
COMMAND: GET /session/5a404f73187a01115305a03f2137b0ec/screenshot - {}
RESULT: {"using":"xpath","value":"//*[@id=\"application-managepartners-display-component---masterPtm--smartTable-btnPersonalisation-img\"]"}
COMMAND: POST /session/5a404f73187a01115305a03f2137b0ec/element/f.D0531791EE27D9F39EBFF32D62FB2301.d.4ECF03C13BFF413ACA64AA87C0ACF7B2.e.1781/click - {}
RESULT: {}
RESULT: {}
COMMAND: GET /session/5a404f73187a01115305a03f2137b0ec/screenshot - {}
RESULT: {}
COMMAND: POST /session/5a404f73187a01115305a03f2137b0ec/execute/async - {"script":"<script> [1562 bytes]","args":[{"selector":{"controlType":"sap.m.IconTabFilter","viewName":"etm.portal.ui.managepartners.view.Master","viewId":"application-managepartners-display-component---masterPtm","properties":{"text":"Filter"},"searchOpenDialogs":true,"interaction":{"idSuffix":"text"}},"wdio_ui5_key":"etmportal.ui.managepartners.view.Mastersap.m.IconTabFilter{\"text\":\"Filter\"}"}]}
RESULT: {"script":"<script> [1562 bytes]","args":[{"selector":{"controlType":"sap.m.IconTabFilter","viewName":"etm.portal.ui.managepartners.view.Master","viewId":"application-managepartners-display-component---masterPtm","properties":{"text":"Filter"},"searchOpenDialogs":true,"interaction":{"idSuffix":"text"}},"wdio_ui5_key":"etmportal.ui.managepartners.view.Mastersap.m.IconTabFilter{\"text\":\"Filter\"}"}]}
RESULT: undefined
COMMAND: POST /session/5a404f73187a01115305a03f2137b0ec/element - {"using":"xpath","value":"//*[@id=\"__filter10\"]"}
RESULT: {"using":"xpath","value":"//*[@id=\"__filter10\"]"}
COMMAND: POST /session/5a404f73187a01115305a03f2137b0ec/element/f.D0531791EE27D9F39EBFF32D62FB2301.d.4ECF03C13BFF413ACA64AA87C0ACF7B2.e.2109/click - {}
RESULT: {}
COMMAND: GET /session/5a404f73187a01115305a03f2137b0ec/screenshot - {}
RESULT: {}
COMMAND: POST /session/5a404f73187a01115305a03f2137b0ec/element - {"using":"xpath","value":"//input[@placeholder=\"Filter by\"]/following-sibling::div//span"}
RESULT: {"using":"xpath","value":"//input[@placeholder=\"Filter by\"]/following-sibling::div//span"}
COMMAND: POST /session/5a404f73187a01115305a03f2137b0ec/element/f.D0531791EE27D9F39EBFF32D62FB2301.d.4ECF03C13BFF413ACA64AA87C0ACF7B2.e.2111/click - {}
RESULT: {}
COMMAND: GET /session/5a404f73187a01115305a03f2137b0ec/screenshot - {}
RESULT: {}
COMMAND: POST /session/5a404f73187a01115305a03f2137b0ec/element - {"using":"xpath","value":"//li[.//span[text()=\"Preferred Yard\"]]"}
RESULT: {"using":"xpath","value":"//li[.//span[text()=\"Preferred Yard\"]]"}
COMMAND: POST /session/5a404f73187a01115305a03f2137b0ec/element/f.D0531791EE27D9F39EBFF32D62FB2301.d.4ECF03C13BFF413ACA64AA87C0ACF7B2.e.2112/click - {}
RESULT: {}
COMMAND: GET /session/5a404f73187a01115305a03f2137b0ec/screenshot - {}
RESULT: {}
COMMAND: POST /session/5a404f73187a01115305a03f2137b0ec/execute/async - {"script":"<script> [1562 bytes]","args":[{"selector":{"id":"FilterPanel-filterItemControl_BASIC-application-managepartners-display-component---masterPtm--smartTable-YARDYARD-vhi","searchOpenDialogs":true},"wdio_ui5_key":"FilterPanelfilterItemControl_BASIC-application-managepartners-display-component---masterPtm--smartTable-YARDYARD-vhi"}]}
RESULT: {"script":"<script> [1562 bytes]","args":[{"selector":{"id":"FilterPanel-filterItemControl_BASIC-application-managepartners-display-component---masterPtm--smartTable-YARDYARD-vhi","searchOpenDialogs":true},"wdio_ui5_key":"FilterPanelfilterItemControl_BASIC-application-managepartners-display-component---masterPtm--smartTable-YARDYARD-vhi"}]}
RESULT: undefined
COMMAND: POST /session/5a404f73187a01115305a03f2137b0ec/element - {"using":"xpath","value":"//*[@id=\"FilterPanel-filterItemControl_BASIC-application-managepartners-display-component---masterPtm--smartTable-YARDYARD-vhi\"]"}
RESULT: {"using":"xpath","value":"//*[@id=\"FilterPanel-filterItemControl_BASIC-application-managepartners-display-component---masterPtm--smartTable-YARDYARD-vhi\"]"}
COMMAND: POST /session/5a404f73187a01115305a03f2137b0ec/element/f.D0531791EE27D9F39EBFF32D62FB2301.d.4ECF03C13BFF413ACA64AA87C0ACF7B2.e.2115/click - {}
RESULT: {}
COMMAND: GET /session/5a404f73187a01115305a03f2137b0ec/screenshot - {}
RESULT: {}
COMMAND: POST /session/5a404f73187a01115305a03f2137b0ec/execute/async - {"script":"<script> [1562 bytes]","args":[{"selector":{"id":"FilterPanel-filterItemControl_BASIC-application-managepartners-display-component---masterPtm--smartTable-YARDYARD-valueHelpDialog-smartFilterBar-btnBasicSearch","searchOpenDialogs":true,"interaction":{"idSuffix":"I"}},"wdio_ui5_key":"FilterPanelfilterItemControl_BASIC-application-managepartners-display-component---masterPtm--smartTable-YARDYARD-valueHelpDialog-smartFilterBar-btnBasicSearch"}]}
RESULT: {"script":"<script> [1562 bytes]","args":[{"selector":{"id":"FilterPanel-filterItemControl_BASIC-application-managepartners-display-component---masterPtm--smartTable-YARDYARD-valueHelpDialog-smartFilterBar-btnBasicSearch","searchOpenDialogs":true,"interaction":{"idSuffix":"I"}},"wdio_ui5_key":"FilterPanelfilterItemControl_BASIC-application-managepartners-display-component---masterPtm--smartTable-YARDYARD-valueHelpDialog-smartFilterBar-btnBasicSearch"}]}
RESULT: undefined
COMMAND: POST /session/5a404f73187a01115305a03f2137b0ec/execute/async - {"script":"<script> [776 bytes]","args":[{"enterText":"367","selector":{"id":"FilterPanel-filterItemControl_BASIC-application-managepartners-display-component---masterPtm--smartTable-YARDYARD-valueHelpDialog-smartFilterBar-btnBasicSearch","searchOpenDialogs":true,"interaction":{"idSuffix":"I"}},"clearTextFirst":true,"interactionType":"ENTER_TEXT"}]}
RESULT: {"script":"<script> [776 bytes]","args":[{"enterText":"367","selector":{"id":"FilterPanel-filterItemControl_BASIC-application-managepartners-display-component---masterPtm--smartTable-YARDYARD-valueHelpDialog-smartFilterBar-btnBasicSearch","searchOpenDialogs":true,"interaction":{"idSuffix":"I"}},"clearTextFirst":true,"interactionType":"ENTER_TEXT"}]}
COMMAND: POST /session/5a404f73187a01115305a03f2137b0ec/actions - {"actions":[{"id":"action3","type":"key","parameters":{},"actions":[{"type":"keyDown","value":"î€‡"},{"type":"pause","duration":10},{"type":"keyUp","value":"î€‡"}]}]}
RESULT: {"actions":[{"id":"action3","type":"key","parameters":{},"actions":[{"type":"keyDown","value":"î€‡"},{"type":"pause","duration":10},{"type":"keyUp","value":"î€‡"}]}]}
COMMAND: GET /session/5a404f73187a01115305a03f2137b0ec/screenshot - {}
RESULT: {}
COMMAND: POST /session/5a404f73187a01115305a03f2137b0ec/elements - {"using":"xpath","value":"//table[contains(@id, \"smartTable-YARDYARD-valueHelpDialog-table-table\")]/tbody/tr"}
RESULT: {"using":"xpath","value":"//table[contains(@id, \"smartTable-YARDYARD-valueHelpDialog-table-table\")]/tbody/tr"}
COMMAND: POST /session/5a404f73187a01115305a03f2137b0ec/element - {"using":"xpath","value":"//table[contains(@id, \"smartTable-YARDYARD-valueHelpDialog-table-table\")]/tbody/tr[1]/td[1]/div/span"}
RESULT: {"using":"xpath","value":"//table[contains(@id, \"smartTable-YARDYARD-valueHelpDialog-table-table\")]/tbody/tr[1]/td[1]/div/span"}
COMMAND: POST /session/5a404f73187a01115305a03f2137b0ec/elements - {"using":"xpath","value":"//table[contains(@id, \"smartTable-YARDYARD-valueHelpDialog-table-table\")]/tbody/tr[1]/td[1]/div/span"}
RESULT: {"using":"xpath","value":"//table[contains(@id, \"smartTable-YARDYARD-valueHelpDialog-table-table\")]/tbody/tr[1]/td[1]/div/span"}
COMMAND: POST /session/5a404f73187a01115305a03f2137b0ec/execute/sync - {"script":"<script> [56 bytes]","args":[{"element-6066-11e4-a52e-4f735466cecf":"f.D0531791EE27D9F39EBFF32D62FB2301.d.4ECF03C13BFF413ACA64AA87C0ACF7B2.e.2135","ELEMENT":"f.D0531791EE27D9F39EBFF32D62FB2301.d.4ECF03C13BFF413ACA64AA87C0ACF7B2.e.2135"}]}
RESULT: {"script":"<script> [56 bytes]","args":[{"element-6066-11e4-a52e-4f735466cecf":"f.D0531791EE27D9F39EBFF32D62FB2301.d.4ECF03C13BFF413ACA64AA87C0ACF7B2.e.2135","ELEMENT":"f.D0531791EE27D9F39EBFF32D62FB2301.d.4ECF03C13BFF413ACA64AA87C0ACF7B2.e.2135"}]}
COMMAND: POST /session/5a404f73187a01115305a03f2137b0ec/element - {"using":"xpath","value":"//table[contains(@id, \"smartTable-YARDYARD-valueHelpDialog-table-table\")]/tbody/tr[2]/td[1]/div/span"}
COMMAND: GET /session/5a404f73187a01115305a03f2137b0ec/screenshot - {}
RESULT: {"using":"xpath","value":"//table[contains(@id, \"smartTable-YARDYARD-valueHelpDialog-table-table\")]/tbody/tr[2]/td[1]/div/span"}
COMMAND: POST /session/5a404f73187a01115305a03f2137b0ec/elements - {"using":"xpath","value":"//table[contains(@id, \"smartTable-YARDYARD-valueHelpDialog-table-table\")]/tbody/tr[2]/td[1]/div/span"}
RESULT: {}
RESULT: {"using":"xpath","value":"//table[contains(@id, \"smartTable-YARDYARD-valueHelpDialog-table-table\")]/tbody/tr[2]/td[1]/div/span"}
COMMAND: POST /session/5a404f73187a01115305a03f2137b0ec/execute/sync - {"script":"<script> [56 bytes]","args":[{"element-6066-11e4-a52e-4f735466cecf":"f.D0531791EE27D9F39EBFF32D62FB2301.d.4ECF03C13BFF413ACA64AA87C0ACF7B2.e.2136","ELEMENT":"f.D0531791EE27D9F39EBFF32D62FB2301.d.4ECF03C13BFF413ACA64AA87C0ACF7B2.e.2136"}]}
RESULT: {"script":"<script> [56 bytes]","args":[{"element-6066-11e4-a52e-4f735466cecf":"f.D0531791EE27D9F39EBFF32D62FB2301.d.4ECF03C13BFF413ACA64AA87C0ACF7B2.e.2136","ELEMENT":"f.D0531791EE27D9F39EBFF32D62FB2301.d.4ECF03C13BFF413ACA64AA87C0ACF7B2.e.2136"}]}
COMMAND: POST /session/5a404f73187a01115305a03f2137b0ec/element - {"using":"xpath","value":"//div[contains(@id, \"YARDYARD-valueHelpDialog-table-rowsel1\")]"}
COMMAND: GET /session/5a404f73187a01115305a03f2137b0ec/screenshot - {}
RESULT: {"using":"xpath","value":"//div[contains(@id, \"YARDYARD-valueHelpDialog-table-rowsel1\")]"}
COMMAND: POST /session/5a404f73187a01115305a03f2137b0ec/element/f.D0531791EE27D9F39EBFF32D62FB2301.d.4ECF03C13BFF413ACA64AA87C0ACF7B2.e.2137/click - {}
RESULT: {}
RESULT: {}
COMMAND: GET /session/5a404f73187a01115305a03f2137b0ec/screenshot - {}
RESULT: {}
COMMAND: POST /session/5a404f73187a01115305a03f2137b0ec/element - {"using":"xpath","value":"(//bdi[contains(text(), \"OK\")])[2]"}
RESULT: {"using":"xpath","value":"(//bdi[contains(text(), \"OK\")])[2]"}
COMMAND: POST /session/5a404f73187a01115305a03f2137b0ec/element/f.D0531791EE27D9F39EBFF32D62FB2301.d.4ECF03C13BFF413ACA64AA87C0ACF7B2.e.2139/click - {}
RESULT: {}
COMMAND: GET /session/5a404f73187a01115305a03f2137b0ec/screenshot - {}
RESULT: {}
COMMAND: POST /session/5a404f73187a01115305a03f2137b0ec/element - {"using":"xpath","value":"//bdi[contains(text(), \"OK\")]"}
RESULT: {"using":"xpath","value":"//bdi[contains(text(), \"OK\")]"}
COMMAND: POST /session/5a404f73187a01115305a03f2137b0ec/element/f.D0531791EE27D9F39EBFF32D62FB2301.d.4ECF03C13BFF413ACA64AA87C0ACF7B2.e.2142/click - {}
RESULT: {}
COMMAND: GET /session/5a404f73187a01115305a03f2137b0ec/screenshot - {}
RESULT: {}
COMMAND: POST /session/5a404f73187a01115305a03f2137b0ec/element - {"using":"xpath","value":"//table[contains(@id, \"customPartnersTable\")]//tbody/tr[1]/td[3]/span"}
RESULT: {"using":"xpath","value":"//table[contains(@id, \"customPartnersTable\")]//tbody/tr[1]/td[3]/span"}
COMMAND: POST /session/5a404f73187a01115305a03f2137b0ec/execute/sync - {"script":"<script> [56 bytes]","args":[{"element-6066-11e4-a52e-4f735466cecf":"f.D0531791EE27D9F39EBFF32D62FB2301.d.4ECF03C13BFF413ACA64AA87C0ACF7B2.e.2104","ELEMENT":"f.D0531791EE27D9F39EBFF32D62FB2301.d.4ECF03C13BFF413ACA64AA87C0ACF7B2.e.2104"}]}
RESULT: {"script":"<script> [56 bytes]","args":[{"element-6066-11e4-a52e-4f735466cecf":"f.D0531791EE27D9F39EBFF32D62FB2301.d.4ECF03C13BFF413ACA64AA87C0ACF7B2.e.2104","ELEMENT":"f.D0531791EE27D9F39EBFF32D62FB2301.d.4ECF03C13BFF413ACA64AA87C0ACF7B2.e.2104"}]}
COMMAND: POST /session/5a404f73187a01115305a03f2137b0ec/element - {"using":"css selector","value":"#shell-header-logo"}
COMMAND: GET /session/5a404f73187a01115305a03f2137b0ec/screenshot - {}
RESULT: {"using":"css selector","value":"#shell-header-logo"}
COMMAND: POST /session/5a404f73187a01115305a03f2137b0ec/element/f.D0531791EE27D9F39EBFF32D62FB2301.d.4ECF03C13BFF413ACA64AA87C0ACF7B2.e.1730/click - {}
RESULT: {}
RESULT: {}
COMMAND: GET /session/5a404f73187a01115305a03f2137b0ec/screenshot - {}
RESULT: {}
]]></system-out>
    </testcase>
    <testcase classname="chrome.136_0_7103_49.windows.Partner_specific_tests_US150819_US151080_US151654_US151176_US103444_US151078_US151079_US151109_US151174_US151175_US151189" name="Should deactivate the created partner in earlier step US151654" time="54.474">
      <system-out><![CDATA[
COMMAND: POST /session/5a404f73187a01115305a03f2137b0ec/element - {"using":"xpath","value":"//li[.//span[text()=\"Manage Partners\"]]"}
RESULT: {"using":"xpath","value":"//li[.//span[text()=\"Manage Partners\"]]"}
COMMAND: POST /session/5a404f73187a01115305a03f2137b0ec/element - {"using":"xpath","value":"//li[.//span[text()=\"Manage Partners\"]]"}
RESULT: {"using":"xpath","value":"//li[.//span[text()=\"Manage Partners\"]]"}
COMMAND: POST /session/5a404f73187a01115305a03f2137b0ec/element - {"using":"css selector","value":"#shell-header-logo"}
RESULT: {"using":"css selector","value":"#shell-header-logo"}
COMMAND: POST /session/5a404f73187a01115305a03f2137b0ec/element/f.D0531791EE27D9F39EBFF32D62FB2301.d.4ECF03C13BFF413ACA64AA87C0ACF7B2.e.2192/click - {}
COMMAND: POST /session/5a404f73187a01115305a03f2137b0ec/execute/sync - {"script":"<script> [8489 bytes]","args":[{"element-6066-11e4-a52e-4f735466cecf":"f.D0531791EE27D9F39EBFF32D62FB2301.d.4ECF03C13BFF413ACA64AA87C0ACF7B2.e.2192","ELEMENT":"f.D0531791EE27D9F39EBFF32D62FB2301.d.4ECF03C13BFF413ACA64AA87C0ACF7B2.e.2192"}]}
RESULT: {}
COMMAND: GET /session/5a404f73187a01115305a03f2137b0ec/screenshot - {}
RESULT: {"script":"<script> [8489 bytes]","args":[{"element-6066-11e4-a52e-4f735466cecf":"f.D0531791EE27D9F39EBFF32D62FB2301.d.4ECF03C13BFF413ACA64AA87C0ACF7B2.e.2192","ELEMENT":"f.D0531791EE27D9F39EBFF32D62FB2301.d.4ECF03C13BFF413ACA64AA87C0ACF7B2.e.2192"}]}
COMMAND: POST /session/5a404f73187a01115305a03f2137b0ec/execute/sync - {"script":"<script> [5351 bytes]","args":[{"element-6066-11e4-a52e-4f735466cecf":"f.D0531791EE27D9F39EBFF32D62FB2301.d.4ECF03C13BFF413ACA64AA87C0ACF7B2.e.2192","ELEMENT":"f.D0531791EE27D9F39EBFF32D62FB2301.d.4ECF03C13BFF413ACA64AA87C0ACF7B2.e.2192"}]}
COMMAND: GET /session/5a404f73187a01115305a03f2137b0ec/screenshot - {}
RESULT: {}
RESULT: {"script":"<script> [5351 bytes]","args":[{"element-6066-11e4-a52e-4f735466cecf":"f.D0531791EE27D9F39EBFF32D62FB2301.d.4ECF03C13BFF413ACA64AA87C0ACF7B2.e.2192","ELEMENT":"f.D0531791EE27D9F39EBFF32D62FB2301.d.4ECF03C13BFF413ACA64AA87C0ACF7B2.e.2192"}]}
COMMAND: GET /session/5a404f73187a01115305a03f2137b0ec/screenshot - {}
RESULT: {}
RESULT: {}
RESULT: undefined
COMMAND: POST /session/5a404f73187a01115305a03f2137b0ec/element - {"using":"xpath","value":"//*[@id=\"__tile38\"]"}
RESULT: {"using":"xpath","value":"//*[@id=\"__tile38\"]"}
COMMAND: POST /session/5a404f73187a01115305a03f2137b0ec/element/f.D0531791EE27D9F39EBFF32D62FB2301.d.4ECF03C13BFF413ACA64AA87C0ACF7B2.e.181/click - {}
RESULT: {}
COMMAND: GET /session/5a404f73187a01115305a03f2137b0ec/screenshot - {}
RESULT: {}
COMMAND: POST /session/5a404f73187a01115305a03f2137b0ec/elements - {"using":"xpath","value":"//span[text()='Error']"}
RESULT: {"using":"xpath","value":"//span[text()='Error']"}
COMMAND: POST /session/5a404f73187a01115305a03f2137b0ec/element - {"using":"xpath","value":"//button[@data-kt=\"addButton\"]"}
RESULT: {"using":"xpath","value":"//button[@data-kt=\"addButton\"]"}
COMMAND: POST /session/5a404f73187a01115305a03f2137b0ec/elements - {"using":"xpath","value":"//button[@data-kt=\"addButton\"]"}
RESULT: {"using":"xpath","value":"//button[@data-kt=\"addButton\"]"}
COMMAND: POST /session/5a404f73187a01115305a03f2137b0ec/elements - {"using":"xpath","value":"//button[@data-kt=\"addButton\"]"}
RESULT: {"using":"xpath","value":"//button[@data-kt=\"addButton\"]"}
COMMAND: POST /session/5a404f73187a01115305a03f2137b0ec/element - {"using":"xpath","value":"//button[@data-kt=\"addButton\"]"}
RESULT: {"using":"xpath","value":"//button[@data-kt=\"addButton\"]"}
COMMAND: POST /session/5a404f73187a01115305a03f2137b0ec/execute/sync - {"script":"<script> [8489 bytes]","args":[{"element-6066-11e4-a52e-4f735466cecf":"f.D0531791EE27D9F39EBFF32D62FB2301.d.4ECF03C13BFF413ACA64AA87C0ACF7B2.e.2226","ELEMENT":"f.D0531791EE27D9F39EBFF32D62FB2301.d.4ECF03C13BFF413ACA64AA87C0ACF7B2.e.2226"}]}
RESULT: {"script":"<script> [8489 bytes]","args":[{"element-6066-11e4-a52e-4f735466cecf":"f.D0531791EE27D9F39EBFF32D62FB2301.d.4ECF03C13BFF413ACA64AA87C0ACF7B2.e.2226","ELEMENT":"f.D0531791EE27D9F39EBFF32D62FB2301.d.4ECF03C13BFF413ACA64AA87C0ACF7B2.e.2226"}]}
COMMAND: GET /session/5a404f73187a01115305a03f2137b0ec/element/f.D0531791EE27D9F39EBFF32D62FB2301.d.4ECF03C13BFF413ACA64AA87C0ACF7B2.e.2226/enabled - {}
COMMAND: GET /session/5a404f73187a01115305a03f2137b0ec/screenshot - {}
RESULT: {}
COMMAND: POST /session/5a404f73187a01115305a03f2137b0ec/execute/sync - {"script":"<script> [8489 bytes]","args":[{"element-6066-11e4-a52e-4f735466cecf":"f.D0531791EE27D9F39EBFF32D62FB2301.d.4ECF03C13BFF413ACA64AA87C0ACF7B2.e.2226","ELEMENT":"f.D0531791EE27D9F39EBFF32D62FB2301.d.4ECF03C13BFF413ACA64AA87C0ACF7B2.e.2226"}]}
COMMAND: GET /session/5a404f73187a01115305a03f2137b0ec/screenshot - {}
RESULT: {}
RESULT: {"script":"<script> [8489 bytes]","args":[{"element-6066-11e4-a52e-4f735466cecf":"f.D0531791EE27D9F39EBFF32D62FB2301.d.4ECF03C13BFF413ACA64AA87C0ACF7B2.e.2226","ELEMENT":"f.D0531791EE27D9F39EBFF32D62FB2301.d.4ECF03C13BFF413ACA64AA87C0ACF7B2.e.2226"}]}
COMMAND: POST /session/5a404f73187a01115305a03f2137b0ec/execute/sync - {"script":"<script> [5351 bytes]","args":[{"element-6066-11e4-a52e-4f735466cecf":"f.D0531791EE27D9F39EBFF32D62FB2301.d.4ECF03C13BFF413ACA64AA87C0ACF7B2.e.2226","ELEMENT":"f.D0531791EE27D9F39EBFF32D62FB2301.d.4ECF03C13BFF413ACA64AA87C0ACF7B2.e.2226"}]}
COMMAND: GET /session/5a404f73187a01115305a03f2137b0ec/screenshot - {}
RESULT: {}
RESULT: {"script":"<script> [5351 bytes]","args":[{"element-6066-11e4-a52e-4f735466cecf":"f.D0531791EE27D9F39EBFF32D62FB2301.d.4ECF03C13BFF413ACA64AA87C0ACF7B2.e.2226","ELEMENT":"f.D0531791EE27D9F39EBFF32D62FB2301.d.4ECF03C13BFF413ACA64AA87C0ACF7B2.e.2226"}]}
COMMAND: GET /session/5a404f73187a01115305a03f2137b0ec/screenshot - {}
RESULT: {}
RESULT: {}
COMMAND: POST /session/5a404f73187a01115305a03f2137b0ec/execute/async - {"script":"<script> [1562 bytes]","args":[{"selector":{"id":"application-managepartners-display-component---masterPtm--smartFilterBar-btnBasicSearch","interaction":{"idSuffix":"I"}},"wdio_ui5_key":"applicationmanagepartners-display-component---masterPtm--smartFilterBar-btnBasicSearch"}]}
RESULT: {"script":"<script> [1562 bytes]","args":[{"selector":{"id":"application-managepartners-display-component---masterPtm--smartFilterBar-btnBasicSearch","interaction":{"idSuffix":"I"}},"wdio_ui5_key":"applicationmanagepartners-display-component---masterPtm--smartFilterBar-btnBasicSearch"}]}
RESULT: undefined
COMMAND: POST /session/5a404f73187a01115305a03f2137b0ec/execute/async - {"script":"<script> [776 bytes]","args":[{"enterText":"1183","selector":{"id":"application-managepartners-display-component---masterPtm--smartFilterBar-btnBasicSearch","interaction":{"idSuffix":"I"}},"clearTextFirst":true,"interactionType":"ENTER_TEXT"}]}
RESULT: {"script":"<script> [776 bytes]","args":[{"enterText":"1183","selector":{"id":"application-managepartners-display-component---masterPtm--smartFilterBar-btnBasicSearch","interaction":{"idSuffix":"I"}},"clearTextFirst":true,"interactionType":"ENTER_TEXT"}]}
COMMAND: POST /session/5a404f73187a01115305a03f2137b0ec/actions - {"actions":[{"id":"action4","type":"key","parameters":{},"actions":[{"type":"keyDown","value":"î€‡"},{"type":"pause","duration":10},{"type":"keyUp","value":"î€‡"}]}]}
RESULT: {"actions":[{"id":"action4","type":"key","parameters":{},"actions":[{"type":"keyDown","value":"î€‡"},{"type":"pause","duration":10},{"type":"keyUp","value":"î€‡"}]}]}
COMMAND: GET /session/5a404f73187a01115305a03f2137b0ec/screenshot - {}
RESULT: {}
COMMAND: POST /session/5a404f73187a01115305a03f2137b0ec/elements - {"using":"xpath","value":"//table[contains(@id, \"customPartnersTable-listUl\")]/tbody/tr"}
RESULT: {"using":"xpath","value":"//table[contains(@id, \"customPartnersTable-listUl\")]/tbody/tr"}
COMMAND: POST /session/5a404f73187a01115305a03f2137b0ec/element - {"using":"xpath","value":"//table[contains(@id, \"customPartnersTable-listUl\")]/tbody/tr[1]/td[3]/span"}
RESULT: {"using":"xpath","value":"//table[contains(@id, \"customPartnersTable-listUl\")]/tbody/tr[1]/td[3]/span"}
COMMAND: POST /session/5a404f73187a01115305a03f2137b0ec/elements - {"using":"xpath","value":"//table[contains(@id, \"customPartnersTable-listUl\")]/tbody/tr[1]/td[3]/span"}
RESULT: {"using":"xpath","value":"//table[contains(@id, \"customPartnersTable-listUl\")]/tbody/tr[1]/td[3]/span"}
COMMAND: POST /session/5a404f73187a01115305a03f2137b0ec/execute/sync - {"script":"<script> [56 bytes]","args":[{"element-6066-11e4-a52e-4f735466cecf":"f.D0531791EE27D9F39EBFF32D62FB2301.d.4ECF03C13BFF413ACA64AA87C0ACF7B2.e.2373","ELEMENT":"f.D0531791EE27D9F39EBFF32D62FB2301.d.4ECF03C13BFF413ACA64AA87C0ACF7B2.e.2373"}]}
RESULT: {"script":"<script> [56 bytes]","args":[{"element-6066-11e4-a52e-4f735466cecf":"f.D0531791EE27D9F39EBFF32D62FB2301.d.4ECF03C13BFF413ACA64AA87C0ACF7B2.e.2373","ELEMENT":"f.D0531791EE27D9F39EBFF32D62FB2301.d.4ECF03C13BFF413ACA64AA87C0ACF7B2.e.2373"}]}
COMMAND: POST /session/5a404f73187a01115305a03f2137b0ec/element - {"using":"xpath","value":"//table[contains(@id, \"customPartnersTable-listUl\")]/tbody/tr[1]/td[7]/div/span"}
COMMAND: GET /session/5a404f73187a01115305a03f2137b0ec/screenshot - {}
RESULT: {"using":"xpath","value":"//table[contains(@id, \"customPartnersTable-listUl\")]/tbody/tr[1]/td[7]/div/span"}
COMMAND: POST /session/5a404f73187a01115305a03f2137b0ec/execute/sync - {"script":"<script> [56 bytes]","args":[{"element-6066-11e4-a52e-4f735466cecf":"f.D0531791EE27D9F39EBFF32D62FB2301.d.4ECF03C13BFF413ACA64AA87C0ACF7B2.e.2374","ELEMENT":"f.D0531791EE27D9F39EBFF32D62FB2301.d.4ECF03C13BFF413ACA64AA87C0ACF7B2.e.2374"}]}
RESULT: {}
RESULT: {"script":"<script> [56 bytes]","args":[{"element-6066-11e4-a52e-4f735466cecf":"f.D0531791EE27D9F39EBFF32D62FB2301.d.4ECF03C13BFF413ACA64AA87C0ACF7B2.e.2374","ELEMENT":"f.D0531791EE27D9F39EBFF32D62FB2301.d.4ECF03C13BFF413ACA64AA87C0ACF7B2.e.2374"}]}
COMMAND: POST /session/5a404f73187a01115305a03f2137b0ec/element - {"using":"xpath","value":"//table[contains(@id, \"customPartnersTable-listUl\")]/tbody/tr[1]/td[2]/div/div"}
COMMAND: GET /session/5a404f73187a01115305a03f2137b0ec/screenshot - {}
RESULT: {"using":"xpath","value":"//table[contains(@id, \"customPartnersTable-listUl\")]/tbody/tr[1]/td[2]/div/div"}
COMMAND: POST /session/5a404f73187a01115305a03f2137b0ec/element/f.D0531791EE27D9F39EBFF32D62FB2301.d.4ECF03C13BFF413ACA64AA87C0ACF7B2.e.2375/click - {}
RESULT: {}
RESULT: {}
COMMAND: GET /session/5a404f73187a01115305a03f2137b0ec/screenshot - {}
RESULT: {}
COMMAND: POST /session/5a404f73187a01115305a03f2137b0ec/element - {"using":"xpath","value":"//bdi[contains(text(), \"Deactivate\")]"}
RESULT: {"using":"xpath","value":"//bdi[contains(text(), \"Deactivate\")]"}
COMMAND: POST /session/5a404f73187a01115305a03f2137b0ec/element/f.D0531791EE27D9F39EBFF32D62FB2301.d.4ECF03C13BFF413ACA64AA87C0ACF7B2.e.2376/click - {}
RESULT: {}
COMMAND: GET /session/5a404f73187a01115305a03f2137b0ec/screenshot - {}
RESULT: {}
COMMAND: POST /session/5a404f73187a01115305a03f2137b0ec/element - {"using":"xpath","value":"//bdi[contains(text(), \"Yes\")]"}
RESULT: {"using":"xpath","value":"//bdi[contains(text(), \"Yes\")]"}
COMMAND: POST /session/5a404f73187a01115305a03f2137b0ec/element/f.D0531791EE27D9F39EBFF32D62FB2301.d.4ECF03C13BFF413ACA64AA87C0ACF7B2.e.2378/click - {}
RESULT: {}
COMMAND: GET /session/5a404f73187a01115305a03f2137b0ec/screenshot - {}
RESULT: {}
COMMAND: POST /session/5a404f73187a01115305a03f2137b0ec/element - {"using":"xpath","value":"//table[contains(@id, \"customPartnersTable-listUl\")]/tbody/tr[1]/td[7]/div/span"}
RESULT: {"using":"xpath","value":"//table[contains(@id, \"customPartnersTable-listUl\")]/tbody/tr[1]/td[7]/div/span"}
COMMAND: POST /session/5a404f73187a01115305a03f2137b0ec/execute/sync - {"script":"<script> [56 bytes]","args":[{"element-6066-11e4-a52e-4f735466cecf":"f.D0531791EE27D9F39EBFF32D62FB2301.d.4ECF03C13BFF413ACA64AA87C0ACF7B2.e.2374","ELEMENT":"f.D0531791EE27D9F39EBFF32D62FB2301.d.4ECF03C13BFF413ACA64AA87C0ACF7B2.e.2374"}]}
RESULT: {"script":"<script> [56 bytes]","args":[{"element-6066-11e4-a52e-4f735466cecf":"f.D0531791EE27D9F39EBFF32D62FB2301.d.4ECF03C13BFF413ACA64AA87C0ACF7B2.e.2374","ELEMENT":"f.D0531791EE27D9F39EBFF32D62FB2301.d.4ECF03C13BFF413ACA64AA87C0ACF7B2.e.2374"}]}
COMMAND: GET /session/5a404f73187a01115305a03f2137b0ec/screenshot - {}
RESULT: {}
COMMAND: POST /session/5a404f73187a01115305a03f2137b0ec/element - {"using":"css selector","value":"#shell-header-logo"}
RESULT: {"using":"css selector","value":"#shell-header-logo"}
COMMAND: POST /session/5a404f73187a01115305a03f2137b0ec/element/f.D0531791EE27D9F39EBFF32D62FB2301.d.4ECF03C13BFF413ACA64AA87C0ACF7B2.e.2192/click - {}
RESULT: {}
COMMAND: GET /session/5a404f73187a01115305a03f2137b0ec/screenshot - {}
RESULT: {}
]]></system-out>
    </testcase>
    <testcase classname="chrome.136_0_7103_49.windows.Partner_specific_tests_US150819_US151080_US151654_US151176_US103444_US151078_US151079_US151109_US151174_US151175_US151189" name="Should activate the created partner again US151176" time="51.406">
      <system-out><![CDATA[
COMMAND: POST /session/5a404f73187a01115305a03f2137b0ec/element - {"using":"xpath","value":"//li[.//span[text()=\"Manage Partners\"]]"}
RESULT: {"using":"xpath","value":"//li[.//span[text()=\"Manage Partners\"]]"}
COMMAND: POST /session/5a404f73187a01115305a03f2137b0ec/element - {"using":"xpath","value":"//li[.//span[text()=\"Manage Partners\"]]"}
RESULT: {"using":"xpath","value":"//li[.//span[text()=\"Manage Partners\"]]"}
COMMAND: POST /session/5a404f73187a01115305a03f2137b0ec/element - {"using":"css selector","value":"#shell-header-logo"}
RESULT: {"using":"css selector","value":"#shell-header-logo"}
COMMAND: POST /session/5a404f73187a01115305a03f2137b0ec/element/f.D0531791EE27D9F39EBFF32D62FB2301.d.4ECF03C13BFF413ACA64AA87C0ACF7B2.e.2382/click - {}
COMMAND: POST /session/5a404f73187a01115305a03f2137b0ec/execute/sync - {"script":"<script> [8489 bytes]","args":[{"element-6066-11e4-a52e-4f735466cecf":"f.D0531791EE27D9F39EBFF32D62FB2301.d.4ECF03C13BFF413ACA64AA87C0ACF7B2.e.2382","ELEMENT":"f.D0531791EE27D9F39EBFF32D62FB2301.d.4ECF03C13BFF413ACA64AA87C0ACF7B2.e.2382"}]}
RESULT: {"script":"<script> [8489 bytes]","args":[{"element-6066-11e4-a52e-4f735466cecf":"f.D0531791EE27D9F39EBFF32D62FB2301.d.4ECF03C13BFF413ACA64AA87C0ACF7B2.e.2382","ELEMENT":"f.D0531791EE27D9F39EBFF32D62FB2301.d.4ECF03C13BFF413ACA64AA87C0ACF7B2.e.2382"}]}
COMMAND: POST /session/5a404f73187a01115305a03f2137b0ec/execute/sync - {"script":"<script> [5351 bytes]","args":[{"element-6066-11e4-a52e-4f735466cecf":"f.D0531791EE27D9F39EBFF32D62FB2301.d.4ECF03C13BFF413ACA64AA87C0ACF7B2.e.2382","ELEMENT":"f.D0531791EE27D9F39EBFF32D62FB2301.d.4ECF03C13BFF413ACA64AA87C0ACF7B2.e.2382"}]}
COMMAND: GET /session/5a404f73187a01115305a03f2137b0ec/screenshot - {}
RESULT: {}
COMMAND: GET /session/5a404f73187a01115305a03f2137b0ec/screenshot - {}
RESULT: {"script":"<script> [5351 bytes]","args":[{"element-6066-11e4-a52e-4f735466cecf":"f.D0531791EE27D9F39EBFF32D62FB2301.d.4ECF03C13BFF413ACA64AA87C0ACF7B2.e.2382","ELEMENT":"f.D0531791EE27D9F39EBFF32D62FB2301.d.4ECF03C13BFF413ACA64AA87C0ACF7B2.e.2382"}]}
COMMAND: GET /session/5a404f73187a01115305a03f2137b0ec/screenshot - {}
RESULT: {}
RESULT: {}
RESULT: {}
RESULT: undefined
COMMAND: POST /session/5a404f73187a01115305a03f2137b0ec/element - {"using":"xpath","value":"//*[@id=\"__tile38\"]"}
RESULT: {"using":"xpath","value":"//*[@id=\"__tile38\"]"}
COMMAND: POST /session/5a404f73187a01115305a03f2137b0ec/element/f.D0531791EE27D9F39EBFF32D62FB2301.d.4ECF03C13BFF413ACA64AA87C0ACF7B2.e.181/click - {}
RESULT: {}
COMMAND: GET /session/5a404f73187a01115305a03f2137b0ec/screenshot - {}
RESULT: {}
COMMAND: POST /session/5a404f73187a01115305a03f2137b0ec/elements - {"using":"xpath","value":"//span[text()='Error']"}
RESULT: {"using":"xpath","value":"//span[text()='Error']"}
COMMAND: POST /session/5a404f73187a01115305a03f2137b0ec/element - {"using":"xpath","value":"//button[@data-kt=\"addButton\"]"}
RESULT: {"using":"xpath","value":"//button[@data-kt=\"addButton\"]"}
COMMAND: POST /session/5a404f73187a01115305a03f2137b0ec/elements - {"using":"xpath","value":"//button[@data-kt=\"addButton\"]"}
RESULT: {"using":"xpath","value":"//button[@data-kt=\"addButton\"]"}
COMMAND: POST /session/5a404f73187a01115305a03f2137b0ec/execute/sync - {"script":"<script> [8489 bytes]","args":[{"element-6066-11e4-a52e-4f735466cecf":"f.D0531791EE27D9F39EBFF32D62FB2301.d.4ECF03C13BFF413ACA64AA87C0ACF7B2.e.2427","ELEMENT":"f.D0531791EE27D9F39EBFF32D62FB2301.d.4ECF03C13BFF413ACA64AA87C0ACF7B2.e.2427"}]}
RESULT: {"script":"<script> [8489 bytes]","args":[{"element-6066-11e4-a52e-4f735466cecf":"f.D0531791EE27D9F39EBFF32D62FB2301.d.4ECF03C13BFF413ACA64AA87C0ACF7B2.e.2427","ELEMENT":"f.D0531791EE27D9F39EBFF32D62FB2301.d.4ECF03C13BFF413ACA64AA87C0ACF7B2.e.2427"}]}
COMMAND: GET /session/5a404f73187a01115305a03f2137b0ec/element/f.D0531791EE27D9F39EBFF32D62FB2301.d.4ECF03C13BFF413ACA64AA87C0ACF7B2.e.2427/enabled - {}
COMMAND: GET /session/5a404f73187a01115305a03f2137b0ec/screenshot - {}
RESULT: {}
COMMAND: POST /session/5a404f73187a01115305a03f2137b0ec/execute/sync - {"script":"<script> [8489 bytes]","args":[{"element-6066-11e4-a52e-4f735466cecf":"f.D0531791EE27D9F39EBFF32D62FB2301.d.4ECF03C13BFF413ACA64AA87C0ACF7B2.e.2427","ELEMENT":"f.D0531791EE27D9F39EBFF32D62FB2301.d.4ECF03C13BFF413ACA64AA87C0ACF7B2.e.2427"}]}
COMMAND: GET /session/5a404f73187a01115305a03f2137b0ec/screenshot - {}
RESULT: {}
RESULT: {"script":"<script> [8489 bytes]","args":[{"element-6066-11e4-a52e-4f735466cecf":"f.D0531791EE27D9F39EBFF32D62FB2301.d.4ECF03C13BFF413ACA64AA87C0ACF7B2.e.2427","ELEMENT":"f.D0531791EE27D9F39EBFF32D62FB2301.d.4ECF03C13BFF413ACA64AA87C0ACF7B2.e.2427"}]}
COMMAND: POST /session/5a404f73187a01115305a03f2137b0ec/execute/sync - {"script":"<script> [5351 bytes]","args":[{"element-6066-11e4-a52e-4f735466cecf":"f.D0531791EE27D9F39EBFF32D62FB2301.d.4ECF03C13BFF413ACA64AA87C0ACF7B2.e.2427","ELEMENT":"f.D0531791EE27D9F39EBFF32D62FB2301.d.4ECF03C13BFF413ACA64AA87C0ACF7B2.e.2427"}]}
COMMAND: GET /session/5a404f73187a01115305a03f2137b0ec/screenshot - {}
RESULT: {}
RESULT: {"script":"<script> [5351 bytes]","args":[{"element-6066-11e4-a52e-4f735466cecf":"f.D0531791EE27D9F39EBFF32D62FB2301.d.4ECF03C13BFF413ACA64AA87C0ACF7B2.e.2427","ELEMENT":"f.D0531791EE27D9F39EBFF32D62FB2301.d.4ECF03C13BFF413ACA64AA87C0ACF7B2.e.2427"}]}
COMMAND: GET /session/5a404f73187a01115305a03f2137b0ec/screenshot - {}
RESULT: {}
RESULT: {}
RESULT: undefined
COMMAND: POST /session/5a404f73187a01115305a03f2137b0ec/execute/async - {"script":"<script> [776 bytes]","args":[{"enterText":"1183","selector":{"id":"application-managepartners-display-component---masterPtm--smartFilterBar-btnBasicSearch","interaction":{"idSuffix":"I"}},"clearTextFirst":true,"interactionType":"ENTER_TEXT"}]}
RESULT: {"script":"<script> [776 bytes]","args":[{"enterText":"1183","selector":{"id":"application-managepartners-display-component---masterPtm--smartFilterBar-btnBasicSearch","interaction":{"idSuffix":"I"}},"clearTextFirst":true,"interactionType":"ENTER_TEXT"}]}
COMMAND: POST /session/5a404f73187a01115305a03f2137b0ec/actions - {"actions":[{"id":"action5","type":"key","parameters":{},"actions":[{"type":"keyDown","value":"î€‡"},{"type":"pause","duration":10},{"type":"keyUp","value":"î€‡"}]}]}
RESULT: {"actions":[{"id":"action5","type":"key","parameters":{},"actions":[{"type":"keyDown","value":"î€‡"},{"type":"pause","duration":10},{"type":"keyUp","value":"î€‡"}]}]}
COMMAND: GET /session/5a404f73187a01115305a03f2137b0ec/screenshot - {}
RESULT: {}
COMMAND: POST /session/5a404f73187a01115305a03f2137b0ec/elements - {"using":"xpath","value":"//table[contains(@id, \"customPartnersTable-listUl\")]/tbody/tr"}
RESULT: {"using":"xpath","value":"//table[contains(@id, \"customPartnersTable-listUl\")]/tbody/tr"}
COMMAND: POST /session/5a404f73187a01115305a03f2137b0ec/element - {"using":"xpath","value":"//table[contains(@id, \"customPartnersTable-listUl\")]/tbody/tr[1]/td[3]/span"}
RESULT: {"using":"xpath","value":"//table[contains(@id, \"customPartnersTable-listUl\")]/tbody/tr[1]/td[3]/span"}
COMMAND: POST /session/5a404f73187a01115305a03f2137b0ec/elements - {"using":"xpath","value":"//table[contains(@id, \"customPartnersTable-listUl\")]/tbody/tr[1]/td[3]/span"}
RESULT: {"using":"xpath","value":"//table[contains(@id, \"customPartnersTable-listUl\")]/tbody/tr[1]/td[3]/span"}
COMMAND: POST /session/5a404f73187a01115305a03f2137b0ec/execute/sync - {"script":"<script> [56 bytes]","args":[{"element-6066-11e4-a52e-4f735466cecf":"f.D0531791EE27D9F39EBFF32D62FB2301.d.4ECF03C13BFF413ACA64AA87C0ACF7B2.e.2562","ELEMENT":"f.D0531791EE27D9F39EBFF32D62FB2301.d.4ECF03C13BFF413ACA64AA87C0ACF7B2.e.2562"}]}
RESULT: {"script":"<script> [56 bytes]","args":[{"element-6066-11e4-a52e-4f735466cecf":"f.D0531791EE27D9F39EBFF32D62FB2301.d.4ECF03C13BFF413ACA64AA87C0ACF7B2.e.2562","ELEMENT":"f.D0531791EE27D9F39EBFF32D62FB2301.d.4ECF03C13BFF413ACA64AA87C0ACF7B2.e.2562"}]}
COMMAND: POST /session/5a404f73187a01115305a03f2137b0ec/element - {"using":"xpath","value":"//table[contains(@id, \"customPartnersTable-listUl\")]/tbody/tr[1]/td[7]/div/span"}
COMMAND: GET /session/5a404f73187a01115305a03f2137b0ec/screenshot - {}
RESULT: {"using":"xpath","value":"//table[contains(@id, \"customPartnersTable-listUl\")]/tbody/tr[1]/td[7]/div/span"}
COMMAND: POST /session/5a404f73187a01115305a03f2137b0ec/execute/sync - {"script":"<script> [56 bytes]","args":[{"element-6066-11e4-a52e-4f735466cecf":"f.D0531791EE27D9F39EBFF32D62FB2301.d.4ECF03C13BFF413ACA64AA87C0ACF7B2.e.2563","ELEMENT":"f.D0531791EE27D9F39EBFF32D62FB2301.d.4ECF03C13BFF413ACA64AA87C0ACF7B2.e.2563"}]}
RESULT: {}
RESULT: {"script":"<script> [56 bytes]","args":[{"element-6066-11e4-a52e-4f735466cecf":"f.D0531791EE27D9F39EBFF32D62FB2301.d.4ECF03C13BFF413ACA64AA87C0ACF7B2.e.2563","ELEMENT":"f.D0531791EE27D9F39EBFF32D62FB2301.d.4ECF03C13BFF413ACA64AA87C0ACF7B2.e.2563"}]}
COMMAND: POST /session/5a404f73187a01115305a03f2137b0ec/element - {"using":"xpath","value":"//table[contains(@id, \"customPartnersTable-listUl\")]/tbody/tr[1]/td[2]/div/div"}
COMMAND: GET /session/5a404f73187a01115305a03f2137b0ec/screenshot - {}
RESULT: {"using":"xpath","value":"//table[contains(@id, \"customPartnersTable-listUl\")]/tbody/tr[1]/td[2]/div/div"}
COMMAND: POST /session/5a404f73187a01115305a03f2137b0ec/element/f.D0531791EE27D9F39EBFF32D62FB2301.d.4ECF03C13BFF413ACA64AA87C0ACF7B2.e.2564/click - {}
RESULT: {}
RESULT: {}
COMMAND: GET /session/5a404f73187a01115305a03f2137b0ec/screenshot - {}
RESULT: {}
COMMAND: POST /session/5a404f73187a01115305a03f2137b0ec/element - {"using":"xpath","value":"//bdi[contains(text(), \"Activate\")]"}
RESULT: {"using":"xpath","value":"//bdi[contains(text(), \"Activate\")]"}
COMMAND: POST /session/5a404f73187a01115305a03f2137b0ec/element/f.D0531791EE27D9F39EBFF32D62FB2301.d.4ECF03C13BFF413ACA64AA87C0ACF7B2.e.2565/click - {}
RESULT: {}
COMMAND: GET /session/5a404f73187a01115305a03f2137b0ec/screenshot - {}
RESULT: {}
COMMAND: POST /session/5a404f73187a01115305a03f2137b0ec/element - {"using":"xpath","value":"//bdi[contains(text(), \"Yes\")]"}
RESULT: {"using":"xpath","value":"//bdi[contains(text(), \"Yes\")]"}
COMMAND: POST /session/5a404f73187a01115305a03f2137b0ec/element/f.D0531791EE27D9F39EBFF32D62FB2301.d.4ECF03C13BFF413ACA64AA87C0ACF7B2.e.2567/click - {}
RESULT: {}
COMMAND: GET /session/5a404f73187a01115305a03f2137b0ec/screenshot - {}
RESULT: {}
COMMAND: POST /session/5a404f73187a01115305a03f2137b0ec/element - {"using":"xpath","value":"//table[contains(@id, \"customPartnersTable-listUl\")]/tbody/tr[1]/td[7]/div/span"}
RESULT: {"using":"xpath","value":"//table[contains(@id, \"customPartnersTable-listUl\")]/tbody/tr[1]/td[7]/div/span"}
COMMAND: POST /session/5a404f73187a01115305a03f2137b0ec/execute/sync - {"script":"<script> [56 bytes]","args":[{"element-6066-11e4-a52e-4f735466cecf":"f.D0531791EE27D9F39EBFF32D62FB2301.d.4ECF03C13BFF413ACA64AA87C0ACF7B2.e.2563","ELEMENT":"f.D0531791EE27D9F39EBFF32D62FB2301.d.4ECF03C13BFF413ACA64AA87C0ACF7B2.e.2563"}]}
RESULT: {"script":"<script> [56 bytes]","args":[{"element-6066-11e4-a52e-4f735466cecf":"f.D0531791EE27D9F39EBFF32D62FB2301.d.4ECF03C13BFF413ACA64AA87C0ACF7B2.e.2563","ELEMENT":"f.D0531791EE27D9F39EBFF32D62FB2301.d.4ECF03C13BFF413ACA64AA87C0ACF7B2.e.2563"}]}
COMMAND: GET /session/5a404f73187a01115305a03f2137b0ec/screenshot - {}
RESULT: {}
COMMAND: POST /session/5a404f73187a01115305a03f2137b0ec/element - {"using":"css selector","value":"#shell-header-logo"}
RESULT: {"using":"css selector","value":"#shell-header-logo"}
COMMAND: POST /session/5a404f73187a01115305a03f2137b0ec/element/f.D0531791EE27D9F39EBFF32D62FB2301.d.4ECF03C13BFF413ACA64AA87C0ACF7B2.e.2382/click - {}
RESULT: {}
COMMAND: GET /session/5a404f73187a01115305a03f2137b0ec/screenshot - {}
RESULT: {}
]]></system-out>
    </testcase>
    <testcase classname="chrome.136_0_7103_49.windows.Partner_specific_tests_US150819_US151080_US151654_US151176_US103444_US151078_US151079_US151109_US151174_US151175_US151189" name="Should edit the created external partner and save it and check its content US103444" time="57.558">
      <system-out><![CDATA[
COMMAND: POST /session/5a404f73187a01115305a03f2137b0ec/element - {"using":"xpath","value":"//li[.//span[text()=\"Manage Partners\"]]"}
RESULT: {"using":"xpath","value":"//li[.//span[text()=\"Manage Partners\"]]"}
COMMAND: POST /session/5a404f73187a01115305a03f2137b0ec/element - {"using":"xpath","value":"//li[.//span[text()=\"Manage Partners\"]]"}
RESULT: {"using":"xpath","value":"//li[.//span[text()=\"Manage Partners\"]]"}
COMMAND: POST /session/5a404f73187a01115305a03f2137b0ec/element - {"using":"css selector","value":"#shell-header-logo"}
RESULT: {"using":"css selector","value":"#shell-header-logo"}
COMMAND: POST /session/5a404f73187a01115305a03f2137b0ec/element/f.D0531791EE27D9F39EBFF32D62FB2301.d.4ECF03C13BFF413ACA64AA87C0ACF7B2.e.2571/click - {}
COMMAND: POST /session/5a404f73187a01115305a03f2137b0ec/execute/sync - {"script":"<script> [8489 bytes]","args":[{"element-6066-11e4-a52e-4f735466cecf":"f.D0531791EE27D9F39EBFF32D62FB2301.d.4ECF03C13BFF413ACA64AA87C0ACF7B2.e.2571","ELEMENT":"f.D0531791EE27D9F39EBFF32D62FB2301.d.4ECF03C13BFF413ACA64AA87C0ACF7B2.e.2571"}]}
RESULT: {"script":"<script> [8489 bytes]","args":[{"element-6066-11e4-a52e-4f735466cecf":"f.D0531791EE27D9F39EBFF32D62FB2301.d.4ECF03C13BFF413ACA64AA87C0ACF7B2.e.2571","ELEMENT":"f.D0531791EE27D9F39EBFF32D62FB2301.d.4ECF03C13BFF413ACA64AA87C0ACF7B2.e.2571"}]}
COMMAND: POST /session/5a404f73187a01115305a03f2137b0ec/execute/sync - {"script":"<script> [5351 bytes]","args":[{"element-6066-11e4-a52e-4f735466cecf":"f.D0531791EE27D9F39EBFF32D62FB2301.d.4ECF03C13BFF413ACA64AA87C0ACF7B2.e.2571","ELEMENT":"f.D0531791EE27D9F39EBFF32D62FB2301.d.4ECF03C13BFF413ACA64AA87C0ACF7B2.e.2571"}]}
COMMAND: GET /session/5a404f73187a01115305a03f2137b0ec/screenshot - {}
RESULT: {}
COMMAND: GET /session/5a404f73187a01115305a03f2137b0ec/screenshot - {}
RESULT: {"script":"<script> [5351 bytes]","args":[{"element-6066-11e4-a52e-4f735466cecf":"f.D0531791EE27D9F39EBFF32D62FB2301.d.4ECF03C13BFF413ACA64AA87C0ACF7B2.e.2571","ELEMENT":"f.D0531791EE27D9F39EBFF32D62FB2301.d.4ECF03C13BFF413ACA64AA87C0ACF7B2.e.2571"}]}
COMMAND: GET /session/5a404f73187a01115305a03f2137b0ec/screenshot - {}
RESULT: {}
RESULT: {}
RESULT: {}
RESULT: undefined
COMMAND: POST /session/5a404f73187a01115305a03f2137b0ec/element - {"using":"xpath","value":"//*[@id=\"__tile38\"]"}
RESULT: {"using":"xpath","value":"//*[@id=\"__tile38\"]"}
COMMAND: POST /session/5a404f73187a01115305a03f2137b0ec/element/f.D0531791EE27D9F39EBFF32D62FB2301.d.4ECF03C13BFF413ACA64AA87C0ACF7B2.e.181/click - {}
RESULT: {}
COMMAND: GET /session/5a404f73187a01115305a03f2137b0ec/screenshot - {}
RESULT: {}
COMMAND: POST /session/5a404f73187a01115305a03f2137b0ec/elements - {"using":"xpath","value":"//span[text()='Error']"}
RESULT: {"using":"xpath","value":"//span[text()='Error']"}
COMMAND: POST /session/5a404f73187a01115305a03f2137b0ec/element - {"using":"xpath","value":"//button[@data-kt=\"addButton\"]"}
RESULT: {"using":"xpath","value":"//button[@data-kt=\"addButton\"]"}
COMMAND: POST /session/5a404f73187a01115305a03f2137b0ec/elements - {"using":"xpath","value":"//button[@data-kt=\"addButton\"]"}
RESULT: {"using":"xpath","value":"//button[@data-kt=\"addButton\"]"}
COMMAND: POST /session/5a404f73187a01115305a03f2137b0ec/execute/sync - {"script":"<script> [8489 bytes]","args":[{"element-6066-11e4-a52e-4f735466cecf":"f.D0531791EE27D9F39EBFF32D62FB2301.d.4ECF03C13BFF413ACA64AA87C0ACF7B2.e.2616","ELEMENT":"f.D0531791EE27D9F39EBFF32D62FB2301.d.4ECF03C13BFF413ACA64AA87C0ACF7B2.e.2616"}]}
RESULT: {"script":"<script> [8489 bytes]","args":[{"element-6066-11e4-a52e-4f735466cecf":"f.D0531791EE27D9F39EBFF32D62FB2301.d.4ECF03C13BFF413ACA64AA87C0ACF7B2.e.2616","ELEMENT":"f.D0531791EE27D9F39EBFF32D62FB2301.d.4ECF03C13BFF413ACA64AA87C0ACF7B2.e.2616"}]}
COMMAND: GET /session/5a404f73187a01115305a03f2137b0ec/element/f.D0531791EE27D9F39EBFF32D62FB2301.d.4ECF03C13BFF413ACA64AA87C0ACF7B2.e.2616/enabled - {}
COMMAND: GET /session/5a404f73187a01115305a03f2137b0ec/screenshot - {}
RESULT: {}
COMMAND: POST /session/5a404f73187a01115305a03f2137b0ec/execute/sync - {"script":"<script> [8489 bytes]","args":[{"element-6066-11e4-a52e-4f735466cecf":"f.D0531791EE27D9F39EBFF32D62FB2301.d.4ECF03C13BFF413ACA64AA87C0ACF7B2.e.2616","ELEMENT":"f.D0531791EE27D9F39EBFF32D62FB2301.d.4ECF03C13BFF413ACA64AA87C0ACF7B2.e.2616"}]}
COMMAND: GET /session/5a404f73187a01115305a03f2137b0ec/screenshot - {}
RESULT: {}
RESULT: {"script":"<script> [8489 bytes]","args":[{"element-6066-11e4-a52e-4f735466cecf":"f.D0531791EE27D9F39EBFF32D62FB2301.d.4ECF03C13BFF413ACA64AA87C0ACF7B2.e.2616","ELEMENT":"f.D0531791EE27D9F39EBFF32D62FB2301.d.4ECF03C13BFF413ACA64AA87C0ACF7B2.e.2616"}]}
COMMAND: POST /session/5a404f73187a01115305a03f2137b0ec/execute/sync - {"script":"<script> [5351 bytes]","args":[{"element-6066-11e4-a52e-4f735466cecf":"f.D0531791EE27D9F39EBFF32D62FB2301.d.4ECF03C13BFF413ACA64AA87C0ACF7B2.e.2616","ELEMENT":"f.D0531791EE27D9F39EBFF32D62FB2301.d.4ECF03C13BFF413ACA64AA87C0ACF7B2.e.2616"}]}
COMMAND: GET /session/5a404f73187a01115305a03f2137b0ec/screenshot - {}
RESULT: {}
RESULT: {"script":"<script> [5351 bytes]","args":[{"element-6066-11e4-a52e-4f735466cecf":"f.D0531791EE27D9F39EBFF32D62FB2301.d.4ECF03C13BFF413ACA64AA87C0ACF7B2.e.2616","ELEMENT":"f.D0531791EE27D9F39EBFF32D62FB2301.d.4ECF03C13BFF413ACA64AA87C0ACF7B2.e.2616"}]}
COMMAND: GET /session/5a404f73187a01115305a03f2137b0ec/screenshot - {}
RESULT: {}
RESULT: {}
RESULT: undefined
COMMAND: POST /session/5a404f73187a01115305a03f2137b0ec/execute/async - {"script":"<script> [776 bytes]","args":[{"enterText":"1183","selector":{"id":"application-managepartners-display-component---masterPtm--smartFilterBar-btnBasicSearch","interaction":{"idSuffix":"I"}},"clearTextFirst":true,"interactionType":"ENTER_TEXT"}]}
RESULT: {"script":"<script> [776 bytes]","args":[{"enterText":"1183","selector":{"id":"application-managepartners-display-component---masterPtm--smartFilterBar-btnBasicSearch","interaction":{"idSuffix":"I"}},"clearTextFirst":true,"interactionType":"ENTER_TEXT"}]}
COMMAND: POST /session/5a404f73187a01115305a03f2137b0ec/actions - {"actions":[{"id":"action6","type":"key","parameters":{},"actions":[{"type":"keyDown","value":"î€‡"},{"type":"pause","duration":10},{"type":"keyUp","value":"î€‡"}]}]}
RESULT: {"actions":[{"id":"action6","type":"key","parameters":{},"actions":[{"type":"keyDown","value":"î€‡"},{"type":"pause","duration":10},{"type":"keyUp","value":"î€‡"}]}]}
COMMAND: GET /session/5a404f73187a01115305a03f2137b0ec/screenshot - {}
RESULT: {}
COMMAND: POST /session/5a404f73187a01115305a03f2137b0ec/elements - {"using":"xpath","value":"//table[contains(@id, \"customPartnersTable-listUl\")]/tbody/tr"}
RESULT: {"using":"xpath","value":"//table[contains(@id, \"customPartnersTable-listUl\")]/tbody/tr"}
COMMAND: POST /session/5a404f73187a01115305a03f2137b0ec/element - {"using":"xpath","value":"//table[contains(@id, \"customPartnersTable-listUl\")]/tbody/tr[1]/td[3]/span"}
RESULT: {"using":"xpath","value":"//table[contains(@id, \"customPartnersTable-listUl\")]/tbody/tr[1]/td[3]/span"}
COMMAND: POST /session/5a404f73187a01115305a03f2137b0ec/elements - {"using":"xpath","value":"//table[contains(@id, \"customPartnersTable-listUl\")]/tbody/tr[1]/td[3]/span"}
RESULT: {"using":"xpath","value":"//table[contains(@id, \"customPartnersTable-listUl\")]/tbody/tr[1]/td[3]/span"}
COMMAND: POST /session/5a404f73187a01115305a03f2137b0ec/execute/sync - {"script":"<script> [56 bytes]","args":[{"element-6066-11e4-a52e-4f735466cecf":"f.D0531791EE27D9F39EBFF32D62FB2301.d.4ECF03C13BFF413ACA64AA87C0ACF7B2.e.2753","ELEMENT":"f.D0531791EE27D9F39EBFF32D62FB2301.d.4ECF03C13BFF413ACA64AA87C0ACF7B2.e.2753"}]}
RESULT: {"script":"<script> [56 bytes]","args":[{"element-6066-11e4-a52e-4f735466cecf":"f.D0531791EE27D9F39EBFF32D62FB2301.d.4ECF03C13BFF413ACA64AA87C0ACF7B2.e.2753","ELEMENT":"f.D0531791EE27D9F39EBFF32D62FB2301.d.4ECF03C13BFF413ACA64AA87C0ACF7B2.e.2753"}]}
COMMAND: POST /session/5a404f73187a01115305a03f2137b0ec/element - {"using":"xpath","value":"(//span[contains(@id, \"imgNav\")])[1]"}
COMMAND: GET /session/5a404f73187a01115305a03f2137b0ec/screenshot - {}
RESULT: {"using":"xpath","value":"(//span[contains(@id, \"imgNav\")])[1]"}
COMMAND: POST /session/5a404f73187a01115305a03f2137b0ec/element/f.D0531791EE27D9F39EBFF32D62FB2301.d.4ECF03C13BFF413ACA64AA87C0ACF7B2.e.2751/click - {}
RESULT: {}
RESULT: {}
COMMAND: GET /session/5a404f73187a01115305a03f2137b0ec/screenshot - {}
RESULT: {}
COMMAND: POST /session/5a404f73187a01115305a03f2137b0ec/element - {"using":"xpath","value":"//bdi[contains(text(), \"Edit\")]"}
RESULT: {"using":"xpath","value":"//bdi[contains(text(), \"Edit\")]"}
COMMAND: POST /session/5a404f73187a01115305a03f2137b0ec/element/f.D0531791EE27D9F39EBFF32D62FB2301.d.4ECF03C13BFF413ACA64AA87C0ACF7B2.e.2899/click - {}
RESULT: {}
COMMAND: GET /session/5a404f73187a01115305a03f2137b0ec/screenshot - {}
RESULT: {}
COMMAND: POST /session/5a404f73187a01115305a03f2137b0ec/execute/async - {"script":"<script> [1562 bytes]","args":[{"selector":{"controlType":"sap.m.Input","viewName":"etm.portal.ui.managepartners.view.EditDetail","labelFor":{"text":"Name"},"interaction":{"idSuffix":"inner"}},"wdio_ui5_key":"etmportal.ui.managepartners.view.EditDetailsap.m.Input{\"text\":\"Name\"}"}]}
RESULT: {"script":"<script> [1562 bytes]","args":[{"selector":{"controlType":"sap.m.Input","viewName":"etm.portal.ui.managepartners.view.EditDetail","labelFor":{"text":"Name"},"interaction":{"idSuffix":"inner"}},"wdio_ui5_key":"etmportal.ui.managepartners.view.EditDetailsap.m.Input{\"text\":\"Name\"}"}]}
RESULT: undefined
COMMAND: POST /session/5a404f73187a01115305a03f2137b0ec/execute/async - {"script":"<script> [776 bytes]","args":[{"enterText":"External EDIT","selector":{"controlType":"sap.m.Input","viewName":"etm.portal.ui.managepartners.view.EditDetail","labelFor":{"text":"Name"},"interaction":{"idSuffix":"inner"}},"clearTextFirst":true,"interactionType":"ENTER_TEXT"}]}
RESULT: {"script":"<script> [776 bytes]","args":[{"enterText":"External EDIT","selector":{"controlType":"sap.m.Input","viewName":"etm.portal.ui.managepartners.view.EditDetail","labelFor":{"text":"Name"},"interaction":{"idSuffix":"inner"}},"clearTextFirst":true,"interactionType":"ENTER_TEXT"}]}
COMMAND: POST /session/5a404f73187a01115305a03f2137b0ec/element - {"using":"xpath","value":"(//span[contains(@id,\"addressDetailDetailsLanguage-arrow\")])[1]"}
RESULT: {"using":"xpath","value":"(//span[contains(@id,\"addressDetailDetailsLanguage-arrow\")])[1]"}
COMMAND: POST /session/5a404f73187a01115305a03f2137b0ec/element/f.D0531791EE27D9F39EBFF32D62FB2301.d.4ECF03C13BFF413ACA64AA87C0ACF7B2.e.2975/click - {}
RESULT: {}
COMMAND: POST /session/5a404f73187a01115305a03f2137b0ec/element - {"using":"xpath","value":"//span[contains(text(), \"Chinese\")]"}
COMMAND: GET /session/5a404f73187a01115305a03f2137b0ec/screenshot - {}
RESULT: {"using":"xpath","value":"//span[contains(text(), \"Chinese\")]"}
COMMAND: POST /session/5a404f73187a01115305a03f2137b0ec/element/f.D0531791EE27D9F39EBFF32D62FB2301.d.4ECF03C13BFF413ACA64AA87C0ACF7B2.e.2976/click - {}
RESULT: {}
RESULT: {}
COMMAND: GET /session/5a404f73187a01115305a03f2137b0ec/screenshot - {}
RESULT: {}
COMMAND: POST /session/5a404f73187a01115305a03f2137b0ec/execute/async - {"script":"<script> [1562 bytes]","args":[{"selector":{"controlType":"sap.m.Input","viewName":"etm.portal.ui.managepartners.view.EditDetail","labelFor":{"text":"City"},"interaction":{"idSuffix":"inner"}},"wdio_ui5_key":"etmportal.ui.managepartners.view.EditDetailsap.m.Input{\"text\":\"City\"}"}]}
RESULT: {"script":"<script> [1562 bytes]","args":[{"selector":{"controlType":"sap.m.Input","viewName":"etm.portal.ui.managepartners.view.EditDetail","labelFor":{"text":"City"},"interaction":{"idSuffix":"inner"}},"wdio_ui5_key":"etmportal.ui.managepartners.view.EditDetailsap.m.Input{\"text\":\"City\"}"}]}
RESULT: undefined
COMMAND: POST /session/5a404f73187a01115305a03f2137b0ec/execute/async - {"script":"<script> [776 bytes]","args":[{"enterText":"Clooj-Napoca","selector":{"controlType":"sap.m.Input","viewName":"etm.portal.ui.managepartners.view.EditDetail","labelFor":{"text":"City"},"interaction":{"idSuffix":"inner"}},"clearTextFirst":true,"interactionType":"ENTER_TEXT"}]}
RESULT: {"script":"<script> [776 bytes]","args":[{"enterText":"Clooj-Napoca","selector":{"controlType":"sap.m.Input","viewName":"etm.portal.ui.managepartners.view.EditDetail","labelFor":{"text":"City"},"interaction":{"idSuffix":"inner"}},"clearTextFirst":true,"interactionType":"ENTER_TEXT"}]}
COMMAND: POST /session/5a404f73187a01115305a03f2137b0ec/element - {"using":"xpath","value":"//button[@data-kt=\"saveButton\"]"}
RESULT: {"using":"xpath","value":"//button[@data-kt=\"saveButton\"]"}
COMMAND: POST /session/5a404f73187a01115305a03f2137b0ec/element/f.D0531791EE27D9F39EBFF32D62FB2301.d.4ECF03C13BFF413ACA64AA87C0ACF7B2.e.2958/click - {}
RESULT: {}
COMMAND: GET /session/5a404f73187a01115305a03f2137b0ec/screenshot - {}
RESULT: {}
COMMAND: POST /session/5a404f73187a01115305a03f2137b0ec/execute/async - {"script":"<script> [1562 bytes]","args":[{"selector":{"id":"application-managepartners-display-component---detailPtm--addressDetailDetailsName1"},"wdio_ui5_key":"applicationmanagepartners-display-component---detailPtm--addressDetailDetailsName1"}]}
RESULT: {"script":"<script> [1562 bytes]","args":[{"selector":{"id":"application-managepartners-display-component---detailPtm--addressDetailDetailsName1"},"wdio_ui5_key":"applicationmanagepartners-display-component---detailPtm--addressDetailDetailsName1"}]}
RESULT: undefined
COMMAND: POST /session/5a404f73187a01115305a03f2137b0ec/execute/async - {"script":"<script> [6424 bytes]","args":[{"element-6066-11e4-a52e-4f735466cecf":"f.D0531791EE27D9F39EBFF32D62FB2301.d.4ECF03C13BFF413ACA64AA87C0ACF7B2.e.3007"},"getValue",[]]}
RESULT: {"script":"<script> [6424 bytes]","args":[{"element-6066-11e4-a52e-4f735466cecf":"f.D0531791EE27D9F39EBFF32D62FB2301.d.4ECF03C13BFF413ACA64AA87C0ACF7B2.e.3007"},"getValue",[]]}
COMMAND: POST /session/5a404f73187a01115305a03f2137b0ec/element - {"using":"xpath","value":"//input[@id = \"application-managepartners-display-component---detailPtm--addressDetailDetailsLanguage-inner\"]"}
RESULT: {"using":"xpath","value":"//input[@id = \"application-managepartners-display-component---detailPtm--addressDetailDetailsLanguage-inner\"]"}
COMMAND: GET /session/5a404f73187a01115305a03f2137b0ec/element/f.D0531791EE27D9F39EBFF32D62FB2301.d.4ECF03C13BFF413ACA64AA87C0ACF7B2.e.3008/property/value - {}
RESULT: {}
COMMAND: POST /session/5a404f73187a01115305a03f2137b0ec/execute/async - {"script":"<script> [1562 bytes]","args":[{"selector":{"id":"application-managepartners-display-component---detailPtm--addressDetailDetailsCity1"},"wdio_ui5_key":"applicationmanagepartners-display-component---detailPtm--addressDetailDetailsCity1"}]}
COMMAND: GET /session/5a404f73187a01115305a03f2137b0ec/screenshot - {}
RESULT: {"script":"<script> [1562 bytes]","args":[{"selector":{"id":"application-managepartners-display-component---detailPtm--addressDetailDetailsCity1"},"wdio_ui5_key":"applicationmanagepartners-display-component---detailPtm--addressDetailDetailsCity1"}]}
RESULT: undefined
COMMAND: POST /session/5a404f73187a01115305a03f2137b0ec/execute/async - {"script":"<script> [6424 bytes]","args":[{"element-6066-11e4-a52e-4f735466cecf":"f.D0531791EE27D9F39EBFF32D62FB2301.d.4ECF03C13BFF413ACA64AA87C0ACF7B2.e.3009"},"getValue",[]]}
RESULT: {}
RESULT: {"script":"<script> [6424 bytes]","args":[{"element-6066-11e4-a52e-4f735466cecf":"f.D0531791EE27D9F39EBFF32D62FB2301.d.4ECF03C13BFF413ACA64AA87C0ACF7B2.e.3009"},"getValue",[]]}
COMMAND: POST /session/5a404f73187a01115305a03f2137b0ec/element - {"using":"css selector","value":"#shell-header-logo"}
RESULT: {"using":"css selector","value":"#shell-header-logo"}
COMMAND: POST /session/5a404f73187a01115305a03f2137b0ec/element/f.D0531791EE27D9F39EBFF32D62FB2301.d.4ECF03C13BFF413ACA64AA87C0ACF7B2.e.2571/click - {}
RESULT: {}
COMMAND: GET /session/5a404f73187a01115305a03f2137b0ec/screenshot - {}
RESULT: {}
]]></system-out>
    </testcase>
    <testcase classname="chrome.136_0_7103_49.windows.Partner_specific_tests_US150819_US151080_US151654_US151176_US103444_US151078_US151079_US151109_US151174_US151175_US151189" name="Should create a new intercompany partner edit some of its fields US151078" time="236.414">
      <system-out><![CDATA[
COMMAND: POST /session/5a404f73187a01115305a03f2137b0ec/element - {"using":"xpath","value":"//li[.//span[text()=\"Manage Partners\"]]"}
RESULT: {"using":"xpath","value":"//li[.//span[text()=\"Manage Partners\"]]"}
COMMAND: POST /session/5a404f73187a01115305a03f2137b0ec/element - {"using":"xpath","value":"//li[.//span[text()=\"Manage Partners\"]]"}
RESULT: {"using":"xpath","value":"//li[.//span[text()=\"Manage Partners\"]]"}
COMMAND: POST /session/5a404f73187a01115305a03f2137b0ec/element - {"using":"css selector","value":"#shell-header-logo"}
RESULT: {"using":"css selector","value":"#shell-header-logo"}
COMMAND: POST /session/5a404f73187a01115305a03f2137b0ec/element/f.D0531791EE27D9F39EBFF32D62FB2301.d.4ECF03C13BFF413ACA64AA87C0ACF7B2.e.3040/click - {}
COMMAND: POST /session/5a404f73187a01115305a03f2137b0ec/execute/sync - {"script":"<script> [8489 bytes]","args":[{"element-6066-11e4-a52e-4f735466cecf":"f.D0531791EE27D9F39EBFF32D62FB2301.d.4ECF03C13BFF413ACA64AA87C0ACF7B2.e.3040","ELEMENT":"f.D0531791EE27D9F39EBFF32D62FB2301.d.4ECF03C13BFF413ACA64AA87C0ACF7B2.e.3040"}]}
RESULT: {}
COMMAND: GET /session/5a404f73187a01115305a03f2137b0ec/screenshot - {}
RESULT: {"script":"<script> [8489 bytes]","args":[{"element-6066-11e4-a52e-4f735466cecf":"f.D0531791EE27D9F39EBFF32D62FB2301.d.4ECF03C13BFF413ACA64AA87C0ACF7B2.e.3040","ELEMENT":"f.D0531791EE27D9F39EBFF32D62FB2301.d.4ECF03C13BFF413ACA64AA87C0ACF7B2.e.3040"}]}
COMMAND: POST /session/5a404f73187a01115305a03f2137b0ec/execute/sync - {"script":"<script> [5351 bytes]","args":[{"element-6066-11e4-a52e-4f735466cecf":"f.D0531791EE27D9F39EBFF32D62FB2301.d.4ECF03C13BFF413ACA64AA87C0ACF7B2.e.3040","ELEMENT":"f.D0531791EE27D9F39EBFF32D62FB2301.d.4ECF03C13BFF413ACA64AA87C0ACF7B2.e.3040"}]}
COMMAND: GET /session/5a404f73187a01115305a03f2137b0ec/screenshot - {}
RESULT: {}
RESULT: {"script":"<script> [5351 bytes]","args":[{"element-6066-11e4-a52e-4f735466cecf":"f.D0531791EE27D9F39EBFF32D62FB2301.d.4ECF03C13BFF413ACA64AA87C0ACF7B2.e.3040","ELEMENT":"f.D0531791EE27D9F39EBFF32D62FB2301.d.4ECF03C13BFF413ACA64AA87C0ACF7B2.e.3040"}]}
COMMAND: GET /session/5a404f73187a01115305a03f2137b0ec/screenshot - {}
RESULT: {}
RESULT: {}
COMMAND: POST /session/5a404f73187a01115305a03f2137b0ec/refresh - {}
RESULT: {}
COMMAND: GET /session/5a404f73187a01115305a03f2137b0ec/screenshot - {}
RESULT: {}
COMMAND: POST /session/5a404f73187a01115305a03f2137b0ec/refresh - {}
RESULT: {}
COMMAND: GET /session/5a404f73187a01115305a03f2137b0ec/screenshot - {}
RESULT: {}
COMMAND: POST /session/5a404f73187a01115305a03f2137b0ec/window/fullscreen - {}
RESULT: {}
COMMAND: POST /session/5a404f73187a01115305a03f2137b0ec/execute/async - {"script":"<script> [189 bytes]","args":[]}
RESULT: {"script":"<script> [189 bytes]","args":[]}
COMMAND: POST /session/5a404f73187a01115305a03f2137b0ec/execute/async - {"script":"<script> [123 bytes]","args":[]}
RESULT: {"script":"<script> [123 bytes]","args":[]}
COMMAND: POST /session/5a404f73187a01115305a03f2137b0ec/timeouts - {"script":"<number>"}
RESULT: {"script":"<number>"}
COMMAND: GET /session/5a404f73187a01115305a03f2137b0ec/timeouts - {}
RESULT: {}
RESULT: undefined
COMMAND: POST /session/5a404f73187a01115305a03f2137b0ec/execute/async - {"script":"<script> [2676 bytes]","args":[]}
RESULT: {"script":"<script> [2676 bytes]","args":[]}
COMMAND: POST /session/5a404f73187a01115305a03f2137b0ec/execute/async - {"script":"<script> [2342 bytes]","args":[{"protocol":"http","hostname":"0.0.0.0","path":"/","capabilities":{"browserName":"chrome","goog:chromeOptions":{"binary":"C:\\Program Files\\Google\\Chrome\\Application\\chrome.exe","args":["--start-maximized"]}},"logLevel":"warn","connectionRetryTimeout":120000,"connectionRetryCount":3,"logLevels":{},"enableDirectConnect":true,"strictSSL":true,"_":"65 more keys: [\"cacheDir\",\"port\",\"requestedCapabilities\",\"automationProtocol\",\"baseUrl\",\"waitforInterval\",\"waitforTimeout\",\"onReload\",\"beforeCommand\",\"afterCommand\",\"rootDir\",\"specs\",\"suites\",\"exclude\",\"groupLogsByTestSpec\",\"excludeDriverLogs\",\"bail\",\"framework\",\"reporters\",\"services\",\"maxInstances\",\"maxInstancesPerCapability\",\"injectGlobals\",\"filesToWatch\",\"execArgv\",\"runnerEnv\",\"runner\",\"shard\",\"specFileRetries\",\"specFileRetriesDelay\",\"specFileRetriesDeferred\",\"reporterSyncInterval\",\"reporterSyncTimeout\",\"cucumberFeaturesWithLineNumbers\",\"autoCompileOpts\",\"mochaOpts\",\"jasmineOpts\",\"cucumberOpts\",\"onPrepare\",\"onWorkerStart\",\"onWorkerEnd\",\"before\",\"beforeSession\",\"beforeSuite\",\"beforeHook\",\"beforeTest\",\"afterTest\",\"afterHook\",\"afterSuite\",\"afterSession\",\"after\",\"onComplete\",\"beforeAssertion\",\"afterAssertion\",\"beforeFeature\",\"beforeScenario\",\"beforeStep\",\"afterStep\",\"afterScenario\",\"afterFeature\",\"_\",\"suite\",\"$0\",\"ignoredWorkerServices\",\"wdi5\"]"}]}
RESULT: {"script":"<script> [2342 bytes]","args":[{"protocol":"http","hostname":"0.0.0.0","path":"/","capabilities":{"browserName":"chrome","goog:chromeOptions":{"binary":"C:\\Program Files\\Google\\Chrome\\Application\\chrome.exe","args":["--start-maximized"]}},"logLevel":"warn","connectionRetryTimeout":120000,"connectionRetryCount":3,"logLevels":{},"enableDirectConnect":true,"strictSSL":true,"_":"65 more keys: [\"cacheDir\",\"port\",\"requestedCapabilities\",\"automationProtocol\",\"baseUrl\",\"waitforInterval\",\"waitforTimeout\",\"onReload\",\"beforeCommand\",\"afterCommand\",\"rootDir\",\"specs\",\"suites\",\"exclude\",\"groupLogsByTestSpec\",\"excludeDriverLogs\",\"bail\",\"framework\",\"reporters\",\"services\",\"maxInstances\",\"maxInstancesPerCapability\",\"injectGlobals\",\"filesToWatch\",\"execArgv\",\"runnerEnv\",\"runner\",\"shard\",\"specFileRetries\",\"specFileRetriesDelay\",\"specFileRetriesDeferred\",\"reporterSyncInterval\",\"reporterSyncTimeout\",\"cucumberFeaturesWithLineNumbers\",\"autoCompileOpts\",\"mochaOpts\",\"jasmineOpts\",\"cucumberOpts\",\"onPrepare\",\"onWorkerStart\",\"onWorkerEnd\",\"before\",\"beforeSession\",\"beforeSuite\",\"beforeHook\",\"beforeTest\",\"afterTest\",\"afterHook\",\"afterSuite\",\"afterSession\",\"after\",\"onComplete\",\"beforeAssertion\",\"afterAssertion\",\"beforeFeature\",\"beforeScenario\",\"beforeStep\",\"afterStep\",\"afterScenario\",\"afterFeature\",\"_\",\"suite\",\"$0\",\"ignoredWorkerServices\",\"wdi5\"]"}]}
COMMAND: POST /session/5a404f73187a01115305a03f2137b0ec/execute/async - {"script":"<script> [21126 bytes]","args":[35000]}
RESULT: {"script":"<script> [21126 bytes]","args":[35000]}
COMMAND: POST /session/5a404f73187a01115305a03f2137b0ec/window/fullscreen - {}
RESULT: {}
COMMAND: POST /session/5a404f73187a01115305a03f2137b0ec/window/fullscreen - {}
RESULT: {}
COMMAND: POST /session/5a404f73187a01115305a03f2137b0ec/execute/async - {"script":"<script> [1562 bytes]","args":[{"selector":{"controlType":"sap.m.GenericTile","properties":{"header":"Manage Partners"}},"wdio_ui5_key":"sapm.GenericTile{\"header\":\"Manage Partners\"}"}]}
RESULT: {"script":"<script> [1562 bytes]","args":[{"selector":{"controlType":"sap.m.GenericTile","properties":{"header":"Manage Partners"}},"wdio_ui5_key":"sapm.GenericTile{\"header\":\"Manage Partners\"}"}]}
RESULT: undefined
COMMAND: POST /session/5a404f73187a01115305a03f2137b0ec/element - {"using":"xpath","value":"//*[@id=\"__tile30\"]"}
RESULT: {"using":"xpath","value":"//*[@id=\"__tile30\"]"}
COMMAND: POST /session/5a404f73187a01115305a03f2137b0ec/element/f.D0531791EE27D9F39EBFF32D62FB2301.d.54189A0ACC5ECD7EEA28CAE8ED6807C7.e.3111/click - {}
RESULT: {}
COMMAND: GET /session/5a404f73187a01115305a03f2137b0ec/screenshot - {}
RESULT: {}
COMMAND: POST /session/5a404f73187a01115305a03f2137b0ec/elements - {"using":"xpath","value":"//span[text()='Error']"}
RESULT: {"using":"xpath","value":"//span[text()='Error']"}
COMMAND: POST /session/5a404f73187a01115305a03f2137b0ec/element - {"using":"xpath","value":"//button[@data-kt=\"addButton\"]"}
RESULT: {"using":"xpath","value":"//button[@data-kt=\"addButton\"]"}
COMMAND: POST /session/5a404f73187a01115305a03f2137b0ec/elements - {"using":"xpath","value":"//button[@data-kt=\"addButton\"]"}
RESULT: {"using":"xpath","value":"//button[@data-kt=\"addButton\"]"}
COMMAND: POST /session/5a404f73187a01115305a03f2137b0ec/elements - {"using":"xpath","value":"//button[@data-kt=\"addButton\"]"}
RESULT: {"using":"xpath","value":"//button[@data-kt=\"addButton\"]"}
COMMAND: POST /session/5a404f73187a01115305a03f2137b0ec/elements - {"using":"xpath","value":"//button[@data-kt=\"addButton\"]"}
RESULT: {"using":"xpath","value":"//button[@data-kt=\"addButton\"]"}
COMMAND: POST /session/5a404f73187a01115305a03f2137b0ec/element - {"using":"xpath","value":"//button[@data-kt=\"addButton\"]"}
RESULT: {"using":"xpath","value":"//button[@data-kt=\"addButton\"]"}
COMMAND: POST /session/5a404f73187a01115305a03f2137b0ec/execute/sync - {"script":"<script> [8489 bytes]","args":[{"element-6066-11e4-a52e-4f735466cecf":"f.D0531791EE27D9F39EBFF32D62FB2301.d.54189A0ACC5ECD7EEA28CAE8ED6807C7.e.3225","ELEMENT":"f.D0531791EE27D9F39EBFF32D62FB2301.d.54189A0ACC5ECD7EEA28CAE8ED6807C7.e.3225"}]}
RESULT: {"script":"<script> [8489 bytes]","args":[{"element-6066-11e4-a52e-4f735466cecf":"f.D0531791EE27D9F39EBFF32D62FB2301.d.54189A0ACC5ECD7EEA28CAE8ED6807C7.e.3225","ELEMENT":"f.D0531791EE27D9F39EBFF32D62FB2301.d.54189A0ACC5ECD7EEA28CAE8ED6807C7.e.3225"}]}
COMMAND: GET /session/5a404f73187a01115305a03f2137b0ec/element/f.D0531791EE27D9F39EBFF32D62FB2301.d.54189A0ACC5ECD7EEA28CAE8ED6807C7.e.3225/enabled - {}
COMMAND: GET /session/5a404f73187a01115305a03f2137b0ec/screenshot - {}
RESULT: {}
COMMAND: POST /session/5a404f73187a01115305a03f2137b0ec/execute/sync - {"script":"<script> [8489 bytes]","args":[{"element-6066-11e4-a52e-4f735466cecf":"f.D0531791EE27D9F39EBFF32D62FB2301.d.54189A0ACC5ECD7EEA28CAE8ED6807C7.e.3225","ELEMENT":"f.D0531791EE27D9F39EBFF32D62FB2301.d.54189A0ACC5ECD7EEA28CAE8ED6807C7.e.3225"}]}
COMMAND: GET /session/5a404f73187a01115305a03f2137b0ec/screenshot - {}
RESULT: {}
RESULT: {"script":"<script> [8489 bytes]","args":[{"element-6066-11e4-a52e-4f735466cecf":"f.D0531791EE27D9F39EBFF32D62FB2301.d.54189A0ACC5ECD7EEA28CAE8ED6807C7.e.3225","ELEMENT":"f.D0531791EE27D9F39EBFF32D62FB2301.d.54189A0ACC5ECD7EEA28CAE8ED6807C7.e.3225"}]}
COMMAND: POST /session/5a404f73187a01115305a03f2137b0ec/execute/sync - {"script":"<script> [5351 bytes]","args":[{"element-6066-11e4-a52e-4f735466cecf":"f.D0531791EE27D9F39EBFF32D62FB2301.d.54189A0ACC5ECD7EEA28CAE8ED6807C7.e.3225","ELEMENT":"f.D0531791EE27D9F39EBFF32D62FB2301.d.54189A0ACC5ECD7EEA28CAE8ED6807C7.e.3225"}]}
COMMAND: GET /session/5a404f73187a01115305a03f2137b0ec/screenshot - {}
RESULT: {}
RESULT: {"script":"<script> [5351 bytes]","args":[{"element-6066-11e4-a52e-4f735466cecf":"f.D0531791EE27D9F39EBFF32D62FB2301.d.54189A0ACC5ECD7EEA28CAE8ED6807C7.e.3225","ELEMENT":"f.D0531791EE27D9F39EBFF32D62FB2301.d.54189A0ACC5ECD7EEA28CAE8ED6807C7.e.3225"}]}
COMMAND: POST /session/5a404f73187a01115305a03f2137b0ec/element/f.D0531791EE27D9F39EBFF32D62FB2301.d.54189A0ACC5ECD7EEA28CAE8ED6807C7.e.3225/click - {}
COMMAND: GET /session/5a404f73187a01115305a03f2137b0ec/screenshot - {}
RESULT: {}
RESULT: {}
COMMAND: GET /session/5a404f73187a01115305a03f2137b0ec/screenshot - {}
COMMAND: POST /session/5a404f73187a01115305a03f2137b0ec/execute/async - {"script":"<script> [1562 bytes]","args":[{"selector":{"id":"application-managepartners-display-component---NewPartner--addressDetailDetailsName1","interaction":{"idSuffix":"inner"}},"wdio_ui5_key":"applicationmanagepartners-display-component---NewPartner--addressDetailDetailsName1"}]}
RESULT: {}
RESULT: {}
RESULT: {"script":"<script> [1562 bytes]","args":[{"selector":{"id":"application-managepartners-display-component---NewPartner--addressDetailDetailsName1","interaction":{"idSuffix":"inner"}},"wdio_ui5_key":"applicationmanagepartners-display-component---NewPartner--addressDetailDetailsName1"}]}
RESULT: undefined
COMMAND: POST /session/5a404f73187a01115305a03f2137b0ec/execute/async - {"script":"<script> [776 bytes]","args":[{"enterText":"Intercompany Partner WDIO","selector":{"id":"application-managepartners-display-component---NewPartner--addressDetailDetailsName1","interaction":{"idSuffix":"inner"}},"clearTextFirst":true,"interactionType":"ENTER_TEXT"}]}
RESULT: {"script":"<script> [776 bytes]","args":[{"enterText":"Intercompany Partner WDIO","selector":{"id":"application-managepartners-display-component---NewPartner--addressDetailDetailsName1","interaction":{"idSuffix":"inner"}},"clearTextFirst":true,"interactionType":"ENTER_TEXT"}]}
COMMAND: POST /session/5a404f73187a01115305a03f2137b0ec/execute/async - {"script":"<script> [1562 bytes]","args":[{"selector":{"id":"application-managepartners-display-component---NewPartner--addressDetailDetailsLanguage-arrow"},"wdio_ui5_key":"applicationmanagepartners-display-component---NewPartner--addressDetailDetailsLanguage-arrow"}]}
RESULT: {"script":"<script> [1562 bytes]","args":[{"selector":{"id":"application-managepartners-display-component---NewPartner--addressDetailDetailsLanguage-arrow"},"wdio_ui5_key":"applicationmanagepartners-display-component---NewPartner--addressDetailDetailsLanguage-arrow"}]}
RESULT: undefined
COMMAND: POST /session/5a404f73187a01115305a03f2137b0ec/element - {"using":"xpath","value":"//*[@id=\"application-managepartners-display-component---NewPartner--addressDetailDetailsLanguage-arrow\"]"}
RESULT: {"using":"xpath","value":"//*[@id=\"application-managepartners-display-component---NewPartner--addressDetailDetailsLanguage-arrow\"]"}
COMMAND: POST /session/5a404f73187a01115305a03f2137b0ec/element/f.D0531791EE27D9F39EBFF32D62FB2301.d.54189A0ACC5ECD7EEA28CAE8ED6807C7.e.3685/click - {}
RESULT: {}
COMMAND: POST /session/5a404f73187a01115305a03f2137b0ec/element - {"using":"xpath","value":"//span[contains(text(), \"English\")]"}
COMMAND: GET /session/5a404f73187a01115305a03f2137b0ec/screenshot - {}
RESULT: {"using":"xpath","value":"//span[contains(text(), \"English\")]"}
COMMAND: POST /session/5a404f73187a01115305a03f2137b0ec/element/f.D0531791EE27D9F39EBFF32D62FB2301.d.54189A0ACC5ECD7EEA28CAE8ED6807C7.e.3686/click - {}
RESULT: {}
RESULT: {}
COMMAND: GET /session/5a404f73187a01115305a03f2137b0ec/screenshot - {}
RESULT: {}
COMMAND: POST /session/5a404f73187a01115305a03f2137b0ec/execute/async - {"script":"<script> [1562 bytes]","args":[{"selector":{"id":"application-managepartners-display-component---NewPartner--addressDetailDetailsCity1","interaction":{"idSuffix":"inner"}},"wdio_ui5_key":"applicationmanagepartners-display-component---NewPartner--addressDetailDetailsCity1"}]}
RESULT: {"script":"<script> [1562 bytes]","args":[{"selector":{"id":"application-managepartners-display-component---NewPartner--addressDetailDetailsCity1","interaction":{"idSuffix":"inner"}},"wdio_ui5_key":"applicationmanagepartners-display-component---NewPartner--addressDetailDetailsCity1"}]}
RESULT: undefined
COMMAND: POST /session/5a404f73187a01115305a03f2137b0ec/execute/async - {"script":"<script> [776 bytes]","args":[{"enterText":"Rosario","selector":{"id":"application-managepartners-display-component---NewPartner--addressDetailDetailsCity1","interaction":{"idSuffix":"inner"}},"clearTextFirst":true,"interactionType":"ENTER_TEXT"}]}
RESULT: {"script":"<script> [776 bytes]","args":[{"enterText":"Rosario","selector":{"id":"application-managepartners-display-component---NewPartner--addressDetailDetailsCity1","interaction":{"idSuffix":"inner"}},"clearTextFirst":true,"interactionType":"ENTER_TEXT"}]}
COMMAND: POST /session/5a404f73187a01115305a03f2137b0ec/execute/async - {"script":"<script> [1562 bytes]","args":[{"selector":{"id":"application-managepartners-display-component---NewPartner--addressDetailDetailsCountry-arrow"},"wdio_ui5_key":"applicationmanagepartners-display-component---NewPartner--addressDetailDetailsCountry-arrow"}]}
RESULT: {"script":"<script> [1562 bytes]","args":[{"selector":{"id":"application-managepartners-display-component---NewPartner--addressDetailDetailsCountry-arrow"},"wdio_ui5_key":"applicationmanagepartners-display-component---NewPartner--addressDetailDetailsCountry-arrow"}]}
RESULT: undefined
COMMAND: POST /session/5a404f73187a01115305a03f2137b0ec/element - {"using":"xpath","value":"//*[@id=\"application-managepartners-display-component---NewPartner--addressDetailDetailsCountry-arrow\"]"}
RESULT: {"using":"xpath","value":"//*[@id=\"application-managepartners-display-component---NewPartner--addressDetailDetailsCountry-arrow\"]"}
COMMAND: POST /session/5a404f73187a01115305a03f2137b0ec/element/f.D0531791EE27D9F39EBFF32D62FB2301.d.54189A0ACC5ECD7EEA28CAE8ED6807C7.e.3672/click - {}
RESULT: {}
COMMAND: POST /session/5a404f73187a01115305a03f2137b0ec/element - {"using":"xpath","value":"//span[contains(text(), \"Argentina\")]"}
COMMAND: GET /session/5a404f73187a01115305a03f2137b0ec/screenshot - {}
RESULT: {"using":"xpath","value":"//span[contains(text(), \"Argentina\")]"}
COMMAND: POST /session/5a404f73187a01115305a03f2137b0ec/element/f.D0531791EE27D9F39EBFF32D62FB2301.d.54189A0ACC5ECD7EEA28CAE8ED6807C7.e.3688/click - {}
RESULT: {}
RESULT: {}
COMMAND: GET /session/5a404f73187a01115305a03f2137b0ec/screenshot - {}
RESULT: {}
COMMAND: POST /session/5a404f73187a01115305a03f2137b0ec/element - {"using":"xpath","value":"//bdi[contains(text(), \"Commercial\")]"}
RESULT: {"using":"xpath","value":"//bdi[contains(text(), \"Commercial\")]"}
COMMAND: POST /session/5a404f73187a01115305a03f2137b0ec/element/f.D0531791EE27D9F39EBFF32D62FB2301.d.54189A0ACC5ECD7EEA28CAE8ED6807C7.e.3689/click - {}
RESULT: {}
COMMAND: GET /session/5a404f73187a01115305a03f2137b0ec/screenshot - {}
RESULT: {}
COMMAND: POST /session/5a404f73187a01115305a03f2137b0ec/execute/async - {"script":"<script> [1562 bytes]","args":[{"selector":{"id":"application-managepartners-display-component---NewPartner--partnerDetailInternal-arrow"},"wdio_ui5_key":"applicationmanagepartners-display-component---NewPartner--partnerDetailInternal-arrow"}]}
RESULT: {"script":"<script> [1562 bytes]","args":[{"selector":{"id":"application-managepartners-display-component---NewPartner--partnerDetailInternal-arrow"},"wdio_ui5_key":"applicationmanagepartners-display-component---NewPartner--partnerDetailInternal-arrow"}]}
RESULT: undefined
COMMAND: POST /session/5a404f73187a01115305a03f2137b0ec/element - {"using":"xpath","value":"//*[@id=\"application-managepartners-display-component---NewPartner--partnerDetailInternal-arrow\"]"}
RESULT: {"using":"xpath","value":"//*[@id=\"application-managepartners-display-component---NewPartner--partnerDetailInternal-arrow\"]"}
COMMAND: POST /session/5a404f73187a01115305a03f2137b0ec/element/f.D0531791EE27D9F39EBFF32D62FB2301.d.54189A0ACC5ECD7EEA28CAE8ED6807C7.e.3695/click - {}
RESULT: {}
COMMAND: POST /session/5a404f73187a01115305a03f2137b0ec/element - {"using":"xpath","value":"//span[contains(text(), \"Affiliated company\")]"}
COMMAND: GET /session/5a404f73187a01115305a03f2137b0ec/screenshot - {}
RESULT: {"using":"xpath","value":"//span[contains(text(), \"Affiliated company\")]"}
COMMAND: POST /session/5a404f73187a01115305a03f2137b0ec/element/f.D0531791EE27D9F39EBFF32D62FB2301.d.54189A0ACC5ECD7EEA28CAE8ED6807C7.e.3698/click - {}
RESULT: {}
RESULT: {}
COMMAND: POST /session/5a404f73187a01115305a03f2137b0ec/execute/async - {"script":"<script> [1562 bytes]","args":[{"selector":{"id":"application-managepartners-display-component---NewPartner--partnerDetailsCurrency-arrow"},"wdio_ui5_key":"applicationmanagepartners-display-component---NewPartner--partnerDetailsCurrency-arrow"}]}
COMMAND: GET /session/5a404f73187a01115305a03f2137b0ec/screenshot - {}
RESULT: {"script":"<script> [1562 bytes]","args":[{"selector":{"id":"application-managepartners-display-component---NewPartner--partnerDetailsCurrency-arrow"},"wdio_ui5_key":"applicationmanagepartners-display-component---NewPartner--partnerDetailsCurrency-arrow"}]}
RESULT: undefined
COMMAND: POST /session/5a404f73187a01115305a03f2137b0ec/element - {"using":"xpath","value":"//*[@id=\"application-managepartners-display-component---NewPartner--partnerDetailsCurrency-arrow\"]"}
RESULT: {}
RESULT: {"using":"xpath","value":"//*[@id=\"application-managepartners-display-component---NewPartner--partnerDetailsCurrency-arrow\"]"}
COMMAND: POST /session/5a404f73187a01115305a03f2137b0ec/element/f.D0531791EE27D9F39EBFF32D62FB2301.d.54189A0ACC5ECD7EEA28CAE8ED6807C7.e.3705/click - {}
RESULT: {}
COMMAND: POST /session/5a404f73187a01115305a03f2137b0ec/element - {"using":"xpath","value":"//span[contains(text(), \"Euro\")]"}
COMMAND: GET /session/5a404f73187a01115305a03f2137b0ec/screenshot - {}
RESULT: {"using":"xpath","value":"//span[contains(text(), \"Euro\")]"}
COMMAND: POST /session/5a404f73187a01115305a03f2137b0ec/element/f.D0531791EE27D9F39EBFF32D62FB2301.d.54189A0ACC5ECD7EEA28CAE8ED6807C7.e.3706/click - {}
RESULT: {}
RESULT: {}
COMMAND: POST /session/5a404f73187a01115305a03f2137b0ec/execute/async - {"script":"<script> [1562 bytes]","args":[{"selector":{"id":"application-managepartners-display-component---NewPartner--addressEditDetailsCostObjectCstType-arrow"},"wdio_ui5_key":"applicationmanagepartners-display-component---NewPartner--addressEditDetailsCostObjectCstType-arrow"}]}
COMMAND: GET /session/5a404f73187a01115305a03f2137b0ec/screenshot - {}
RESULT: {"script":"<script> [1562 bytes]","args":[{"selector":{"id":"application-managepartners-display-component---NewPartner--addressEditDetailsCostObjectCstType-arrow"},"wdio_ui5_key":"applicationmanagepartners-display-component---NewPartner--addressEditDetailsCostObjectCstType-arrow"}]}
RESULT: undefined
COMMAND: POST /session/5a404f73187a01115305a03f2137b0ec/element - {"using":"xpath","value":"//*[@id=\"application-managepartners-display-component---NewPartner--addressEditDetailsCostObjectCstType-arrow\"]"}
RESULT: {}
RESULT: {"using":"xpath","value":"//*[@id=\"application-managepartners-display-component---NewPartner--addressEditDetailsCostObjectCstType-arrow\"]"}
COMMAND: POST /session/5a404f73187a01115305a03f2137b0ec/element/f.D0531791EE27D9F39EBFF32D62FB2301.d.54189A0ACC5ECD7EEA28CAE8ED6807C7.e.3707/click - {}
RESULT: {}
COMMAND: POST /session/5a404f73187a01115305a03f2137b0ec/element - {"using":"xpath","value":"//span[contains(text(), \"Cost Center\")]"}
COMMAND: GET /session/5a404f73187a01115305a03f2137b0ec/screenshot - {}
RESULT: {"using":"xpath","value":"//span[contains(text(), \"Cost Center\")]"}
COMMAND: POST /session/5a404f73187a01115305a03f2137b0ec/element/f.D0531791EE27D9F39EBFF32D62FB2301.d.54189A0ACC5ECD7EEA28CAE8ED6807C7.e.3708/click - {}
RESULT: {}
RESULT: {}
COMMAND: GET /session/5a404f73187a01115305a03f2137b0ec/screenshot - {}
RESULT: {}
COMMAND: POST /session/5a404f73187a01115305a03f2137b0ec/element - {"using":"xpath","value":"//span[@id=\"application-managepartners-display-component---NewPartner--addressNewCostObjectCstID-vhi\"]"}
RESULT: {"using":"xpath","value":"//span[@id=\"application-managepartners-display-component---NewPartner--addressNewCostObjectCstID-vhi\"]"}
COMMAND: POST /session/5a404f73187a01115305a03f2137b0ec/execute/sync - {"script":"<script> [8489 bytes]","args":[{"element-6066-11e4-a52e-4f735466cecf":"f.D0531791EE27D9F39EBFF32D62FB2301.d.54189A0ACC5ECD7EEA28CAE8ED6807C7.e.3712","ELEMENT":"f.D0531791EE27D9F39EBFF32D62FB2301.d.54189A0ACC5ECD7EEA28CAE8ED6807C7.e.3712"}]}
RESULT: {"script":"<script> [8489 bytes]","args":[{"element-6066-11e4-a52e-4f735466cecf":"f.D0531791EE27D9F39EBFF32D62FB2301.d.54189A0ACC5ECD7EEA28CAE8ED6807C7.e.3712","ELEMENT":"f.D0531791EE27D9F39EBFF32D62FB2301.d.54189A0ACC5ECD7EEA28CAE8ED6807C7.e.3712"}]}
COMMAND: POST /session/5a404f73187a01115305a03f2137b0ec/execute/async - {"script":"<script> [1562 bytes]","args":[{"selector":{"id":"application-managepartners-display-component---NewPartner--addressNewCostObjectCstID-vhi"},"wdio_ui5_key":"applicationmanagepartners-display-component---NewPartner--addressNewCostObjectCstID-vhi"}]}
COMMAND: GET /session/5a404f73187a01115305a03f2137b0ec/screenshot - {}
RESULT: {"script":"<script> [1562 bytes]","args":[{"selector":{"id":"application-managepartners-display-component---NewPartner--addressNewCostObjectCstID-vhi"},"wdio_ui5_key":"applicationmanagepartners-display-component---NewPartner--addressNewCostObjectCstID-vhi"}]}
RESULT: undefined
COMMAND: POST /session/5a404f73187a01115305a03f2137b0ec/element - {"using":"xpath","value":"//*[@id=\"application-managepartners-display-component---NewPartner--addressNewCostObjectCstID-vhi\"]"}
RESULT: {}
RESULT: {"using":"xpath","value":"//*[@id=\"application-managepartners-display-component---NewPartner--addressNewCostObjectCstID-vhi\"]"}
COMMAND: POST /session/5a404f73187a01115305a03f2137b0ec/element/f.D0531791EE27D9F39EBFF32D62FB2301.d.54189A0ACC5ECD7EEA28CAE8ED6807C7.e.3712/click - {}
RESULT: {}
COMMAND: GET /session/5a404f73187a01115305a03f2137b0ec/screenshot - {}
RESULT: {}
COMMAND: POST /session/5a404f73187a01115305a03f2137b0ec/execute/async - {"script":"<script> [1562 bytes]","args":[{"selector":{"controlType":"sap.m.SearchField","properties":{"placeholder":"Search"},"searchOpenDialogs":true,"interaction":{"idSuffix":"I"}},"wdio_ui5_key":"sapm.SearchField{\"placeholder\":\"Search\"}"}]}
RESULT: {"script":"<script> [1562 bytes]","args":[{"selector":{"controlType":"sap.m.SearchField","properties":{"placeholder":"Search"},"searchOpenDialogs":true,"interaction":{"idSuffix":"I"}},"wdio_ui5_key":"sapm.SearchField{\"placeholder\":\"Search\"}"}]}
RESULT: undefined
COMMAND: POST /session/5a404f73187a01115305a03f2137b0ec/execute/async - {"script":"<script> [776 bytes]","args":[{"enterText":"10001013","selector":{"controlType":"sap.m.SearchField","properties":{"placeholder":"Search"},"searchOpenDialogs":true,"interaction":{"idSuffix":"I"}},"clearTextFirst":true,"interactionType":"ENTER_TEXT"}]}
RESULT: {"script":"<script> [776 bytes]","args":[{"enterText":"10001013","selector":{"controlType":"sap.m.SearchField","properties":{"placeholder":"Search"},"searchOpenDialogs":true,"interaction":{"idSuffix":"I"}},"clearTextFirst":true,"interactionType":"ENTER_TEXT"}]}
COMMAND: POST /session/5a404f73187a01115305a03f2137b0ec/actions - {"actions":[{"id":"action7","type":"key","parameters":{},"actions":[{"type":"keyDown","value":"î€‡"},{"type":"pause","duration":10},{"type":"keyUp","value":"î€‡"}]}]}
RESULT: {"actions":[{"id":"action7","type":"key","parameters":{},"actions":[{"type":"keyDown","value":"î€‡"},{"type":"pause","duration":10},{"type":"keyUp","value":"î€‡"}]}]}
COMMAND: GET /session/5a404f73187a01115305a03f2137b0ec/screenshot - {}
RESULT: {}
COMMAND: POST /session/5a404f73187a01115305a03f2137b0ec/element - {"using":"xpath","value":"//span[contains(text(), \"General Management\")]"}
RESULT: {"using":"xpath","value":"//span[contains(text(), \"General Management\")]"}
COMMAND: POST /session/5a404f73187a01115305a03f2137b0ec/element/f.D0531791EE27D9F39EBFF32D62FB2301.d.54189A0ACC5ECD7EEA28CAE8ED6807C7.e.3756/click - {}
RESULT: {}
COMMAND: GET /session/5a404f73187a01115305a03f2137b0ec/screenshot - {}
RESULT: {}
COMMAND: POST /session/5a404f73187a01115305a03f2137b0ec/element - {"using":"xpath","value":"//bdi[contains(text(), \"OK\")]"}
RESULT: {"using":"xpath","value":"//bdi[contains(text(), \"OK\")]"}
COMMAND: POST /session/5a404f73187a01115305a03f2137b0ec/element/f.D0531791EE27D9F39EBFF32D62FB2301.d.54189A0ACC5ECD7EEA28CAE8ED6807C7.e.3757/click - {}
RESULT: {}
COMMAND: GET /session/5a404f73187a01115305a03f2137b0ec/screenshot - {}
RESULT: {}
COMMAND: POST /session/5a404f73187a01115305a03f2137b0ec/element - {"using":"xpath","value":"//input[@id=\"application-managepartners-display-component---NewPartner--companyCodeComboBox-inner\"]"}
RESULT: {"using":"xpath","value":"//input[@id=\"application-managepartners-display-component---NewPartner--companyCodeComboBox-inner\"]"}
COMMAND: POST /session/5a404f73187a01115305a03f2137b0ec/element/f.D0531791EE27D9F39EBFF32D62FB2301.d.54189A0ACC5ECD7EEA28CAE8ED6807C7.e.3503/clear - {}
RESULT: {}
COMMAND: POST /session/5a404f73187a01115305a03f2137b0ec/element/f.D0531791EE27D9F39EBFF32D62FB2301.d.54189A0ACC5ECD7EEA28CAE8ED6807C7.e.3503/value - {"text":"C002"}
COMMAND: GET /session/5a404f73187a01115305a03f2137b0ec/screenshot - {}
RESULT: {"text":"C002"}
COMMAND: GET /session/5a404f73187a01115305a03f2137b0ec/screenshot - {}
RESULT: {}
RESULT: {}
COMMAND: POST /session/5a404f73187a01115305a03f2137b0ec/element - {"using":"xpath","value":"//li[.//span[text()= \"C002\"]]"}
RESULT: {"using":"xpath","value":"//li[.//span[text()= \"C002\"]]"}
COMMAND: POST /session/5a404f73187a01115305a03f2137b0ec/element/f.D0531791EE27D9F39EBFF32D62FB2301.d.54189A0ACC5ECD7EEA28CAE8ED6807C7.e.3763/click - {}
RESULT: {}
COMMAND: GET /session/5a404f73187a01115305a03f2137b0ec/screenshot - {}
RESULT: {}
COMMAND: POST /session/5a404f73187a01115305a03f2137b0ec/execute/async - {"script":"<script> [1562 bytes]","args":[{"selector":{"id":"application-managepartners-display-component---NewPartner--btnAddTableRow-img"},"wdio_ui5_key":"applicationmanagepartners-display-component---NewPartner--btnAddTableRow-img"}]}
RESULT: {"script":"<script> [1562 bytes]","args":[{"selector":{"id":"application-managepartners-display-component---NewPartner--btnAddTableRow-img"},"wdio_ui5_key":"applicationmanagepartners-display-component---NewPartner--btnAddTableRow-img"}]}
RESULT: undefined
COMMAND: POST /session/5a404f73187a01115305a03f2137b0ec/element - {"using":"xpath","value":"//*[@id=\"application-managepartners-display-component---NewPartner--btnAddTableRow-img\"]"}
RESULT: {"using":"xpath","value":"//*[@id=\"application-managepartners-display-component---NewPartner--btnAddTableRow-img\"]"}
COMMAND: POST /session/5a404f73187a01115305a03f2137b0ec/element/f.D0531791EE27D9F39EBFF32D62FB2301.d.54189A0ACC5ECD7EEA28CAE8ED6807C7.e.3764/click - {}
RESULT: {}
COMMAND: GET /session/5a404f73187a01115305a03f2137b0ec/screenshot - {}
RESULT: {}
COMMAND: POST /session/5a404f73187a01115305a03f2137b0ec/element - {"using":"xpath","value":"//input[@id=\"application-managepartners-display-component---NewPartner--assignmentYard-application-managepartners-display-component---NewPartner--assignmentsTable-0-inner\"]"}
RESULT: {"using":"xpath","value":"//input[@id=\"application-managepartners-display-component---NewPartner--assignmentYard-application-managepartners-display-component---NewPartner--assignmentsTable-0-inner\"]"}
COMMAND: POST /session/5a404f73187a01115305a03f2137b0ec/element/f.D0531791EE27D9F39EBFF32D62FB2301.d.54189A0ACC5ECD7EEA28CAE8ED6807C7.e.3767/clear - {}
RESULT: {}
COMMAND: POST /session/5a404f73187a01115305a03f2137b0ec/element/f.D0531791EE27D9F39EBFF32D62FB2301.d.54189A0ACC5ECD7EEA28CAE8ED6807C7.e.3767/value - {"text":"367"}
COMMAND: GET /session/5a404f73187a01115305a03f2137b0ec/screenshot - {}
RESULT: {"text":"367"}
COMMAND: GET /session/5a404f73187a01115305a03f2137b0ec/screenshot - {}
RESULT: {}
RESULT: {}
COMMAND: POST /session/5a404f73187a01115305a03f2137b0ec/element - {"using":"xpath","value":"//li[.//span[text()='367']]"}
RESULT: {"using":"xpath","value":"//li[.//span[text()='367']]"}
COMMAND: POST /session/5a404f73187a01115305a03f2137b0ec/element/f.D0531791EE27D9F39EBFF32D62FB2301.d.54189A0ACC5ECD7EEA28CAE8ED6807C7.e.3776/click - {}
RESULT: {}
COMMAND: GET /session/5a404f73187a01115305a03f2137b0ec/screenshot - {}
RESULT: {}
COMMAND: POST /session/5a404f73187a01115305a03f2137b0ec/actions - {"actions":[{"id":"action8","type":"key","parameters":{},"actions":[{"type":"keyDown","value":"î€‡"},{"type":"pause","duration":10},{"type":"keyUp","value":"î€‡"}]}]}
RESULT: {"actions":[{"id":"action8","type":"key","parameters":{},"actions":[{"type":"keyDown","value":"î€‡"},{"type":"pause","duration":10},{"type":"keyUp","value":"î€‡"}]}]}
COMMAND: POST /session/5a404f73187a01115305a03f2137b0ec/execute/async - {"script":"<script> [1562 bytes]","args":[{"selector":{"id":"application-managepartners-display-component---NewPartner--externalCustomerComboBox-application-managepartners-display-component---NewPartner--assignmentsTable-0-vhi"},"wdio_ui5_key":"applicationmanagepartners-display-component---NewPartner--externalCustomerComboBox-application-managepartners-display-component---NewPartner--assignmentsTable-0-vhi"}]}
COMMAND: GET /session/5a404f73187a01115305a03f2137b0ec/screenshot - {}
RESULT: {"script":"<script> [1562 bytes]","args":[{"selector":{"id":"application-managepartners-display-component---NewPartner--externalCustomerComboBox-application-managepartners-display-component---NewPartner--assignmentsTable-0-vhi"},"wdio_ui5_key":"applicationmanagepartners-display-component---NewPartner--externalCustomerComboBox-application-managepartners-display-component---NewPartner--assignmentsTable-0-vhi"}]}
RESULT: undefined
COMMAND: POST /session/5a404f73187a01115305a03f2137b0ec/element - {"using":"xpath","value":"//*[@id=\"application-managepartners-display-component---NewPartner--externalCustomerComboBox-application-managepartners-display-component---NewPartner--assignmentsTable-0-vhi\"]"}
RESULT: {}
RESULT: {"using":"xpath","value":"//*[@id=\"application-managepartners-display-component---NewPartner--externalCustomerComboBox-application-managepartners-display-component---NewPartner--assignmentsTable-0-vhi\"]"}
COMMAND: POST /session/5a404f73187a01115305a03f2137b0ec/element/f.D0531791EE27D9F39EBFF32D62FB2301.d.54189A0ACC5ECD7EEA28CAE8ED6807C7.e.3780/click - {}
RESULT: {}
RESULT: undefined
COMMAND: POST /session/5a404f73187a01115305a03f2137b0ec/execute/async - {"script":"<script> [776 bytes]","args":[{"enterText":"300003","selector":{"controlType":"sap.m.SearchField","properties":{"placeholder":"Search"},"searchOpenDialogs":true,"interaction":{"idSuffix":"I"}},"clearTextFirst":true,"interactionType":"ENTER_TEXT"}]}
COMMAND: GET /session/5a404f73187a01115305a03f2137b0ec/screenshot - {}
RESULT: {"script":"<script> [776 bytes]","args":[{"enterText":"300003","selector":{"controlType":"sap.m.SearchField","properties":{"placeholder":"Search"},"searchOpenDialogs":true,"interaction":{"idSuffix":"I"}},"clearTextFirst":true,"interactionType":"ENTER_TEXT"}]}
COMMAND: POST /session/5a404f73187a01115305a03f2137b0ec/actions - {"actions":[{"id":"action9","type":"key","parameters":{},"actions":[{"type":"keyDown","value":"î€‡"},{"type":"pause","duration":10},{"type":"keyUp","value":"î€‡"}]}]}
RESULT: {}
RESULT: {"actions":[{"id":"action9","type":"key","parameters":{},"actions":[{"type":"keyDown","value":"î€‡"},{"type":"pause","duration":10},{"type":"keyUp","value":"î€‡"}]}]}
COMMAND: GET /session/5a404f73187a01115305a03f2137b0ec/screenshot - {}
RESULT: {}
COMMAND: POST /session/5a404f73187a01115305a03f2137b0ec/element - {"using":"xpath","value":"//span[contains(text(), \"300003\")]"}
RESULT: {"using":"xpath","value":"//span[contains(text(), \"300003\")]"}
COMMAND: POST /session/5a404f73187a01115305a03f2137b0ec/element/f.D0531791EE27D9F39EBFF32D62FB2301.d.54189A0ACC5ECD7EEA28CAE8ED6807C7.e.3797/click - {}
RESULT: {}
COMMAND: GET /session/5a404f73187a01115305a03f2137b0ec/screenshot - {}
RESULT: {}
COMMAND: POST /session/5a404f73187a01115305a03f2137b0ec/element - {"using":"xpath","value":"//bdi[contains(text(), \"OK\")]"}
RESULT: {"using":"xpath","value":"//bdi[contains(text(), \"OK\")]"}
COMMAND: POST /session/5a404f73187a01115305a03f2137b0ec/element/f.D0531791EE27D9F39EBFF32D62FB2301.d.54189A0ACC5ECD7EEA28CAE8ED6807C7.e.3799/click - {}
RESULT: {}
COMMAND: GET /session/5a404f73187a01115305a03f2137b0ec/screenshot - {}
RESULT: {}
COMMAND: POST /session/5a404f73187a01115305a03f2137b0ec/execute/async - {"script":"<script> [1562 bytes]","args":[{"selector":{"id":"application-managepartners-display-component---NewPartner--intercompVendorComboBox-application-managepartners-display-component---NewPartner--assignmentsTable-0-vhi"},"wdio_ui5_key":"applicationmanagepartners-display-component---NewPartner--intercompVendorComboBox-application-managepartners-display-component---NewPartner--assignmentsTable-0-vhi"}]}
RESULT: {"script":"<script> [1562 bytes]","args":[{"selector":{"id":"application-managepartners-display-component---NewPartner--intercompVendorComboBox-application-managepartners-display-component---NewPartner--assignmentsTable-0-vhi"},"wdio_ui5_key":"applicationmanagepartners-display-component---NewPartner--intercompVendorComboBox-application-managepartners-display-component---NewPartner--assignmentsTable-0-vhi"}]}
RESULT: undefined
COMMAND: POST /session/5a404f73187a01115305a03f2137b0ec/element - {"using":"xpath","value":"//*[@id=\"application-managepartners-display-component---NewPartner--intercompVendorComboBox-application-managepartners-display-component---NewPartner--assignmentsTable-0-vhi\"]"}
RESULT: {"using":"xpath","value":"//*[@id=\"application-managepartners-display-component---NewPartner--intercompVendorComboBox-application-managepartners-display-component---NewPartner--assignmentsTable-0-vhi\"]"}
COMMAND: POST /session/5a404f73187a01115305a03f2137b0ec/element/f.D0531791EE27D9F39EBFF32D62FB2301.d.54189A0ACC5ECD7EEA28CAE8ED6807C7.e.3803/click - {}
RESULT: {}
RESULT: undefined
COMMAND: POST /session/5a404f73187a01115305a03f2137b0ec/execute/async - {"script":"<script> [776 bytes]","args":[{"enterText":"100005","selector":{"controlType":"sap.m.SearchField","properties":{"placeholder":"Search"},"searchOpenDialogs":true,"interaction":{"idSuffix":"I"}},"clearTextFirst":true,"interactionType":"ENTER_TEXT"}]}
COMMAND: GET /session/5a404f73187a01115305a03f2137b0ec/screenshot - {}
RESULT: {}
RESULT: {"script":"<script> [776 bytes]","args":[{"enterText":"100005","selector":{"controlType":"sap.m.SearchField","properties":{"placeholder":"Search"},"searchOpenDialogs":true,"interaction":{"idSuffix":"I"}},"clearTextFirst":true,"interactionType":"ENTER_TEXT"}]}
COMMAND: POST /session/5a404f73187a01115305a03f2137b0ec/actions - {"actions":[{"id":"action10","type":"key","parameters":{},"actions":[{"type":"keyDown","value":"î€‡"},{"type":"pause","duration":10},{"type":"keyUp","value":"î€‡"}]}]}
RESULT: {"actions":[{"id":"action10","type":"key","parameters":{},"actions":[{"type":"keyDown","value":"î€‡"},{"type":"pause","duration":10},{"type":"keyUp","value":"î€‡"}]}]}
COMMAND: GET /session/5a404f73187a01115305a03f2137b0ec/screenshot - {}
RESULT: {}
COMMAND: POST /session/5a404f73187a01115305a03f2137b0ec/element - {"using":"xpath","value":"//span[contains(text(), \"Penguins - Field/12345 Berlin\")]"}
RESULT: {"using":"xpath","value":"//span[contains(text(), \"Penguins - Field/12345 Berlin\")]"}
COMMAND: POST /session/5a404f73187a01115305a03f2137b0ec/element/f.D0531791EE27D9F39EBFF32D62FB2301.d.54189A0ACC5ECD7EEA28CAE8ED6807C7.e.3821/click - {}
RESULT: {}
COMMAND: GET /session/5a404f73187a01115305a03f2137b0ec/screenshot - {}
RESULT: {}
COMMAND: POST /session/5a404f73187a01115305a03f2137b0ec/element - {"using":"xpath","value":"//bdi[contains(text(), \"OK\")]"}
RESULT: {"using":"xpath","value":"//bdi[contains(text(), \"OK\")]"}
COMMAND: POST /session/5a404f73187a01115305a03f2137b0ec/element/f.D0531791EE27D9F39EBFF32D62FB2301.d.54189A0ACC5ECD7EEA28CAE8ED6807C7.e.3822/click - {}
RESULT: {}
COMMAND: GET /session/5a404f73187a01115305a03f2137b0ec/screenshot - {}
RESULT: {}
COMMAND: POST /session/5a404f73187a01115305a03f2137b0ec/element - {"using":"xpath","value":"//button[@data-kt=\"saveButton\"]"}
RESULT: {"using":"xpath","value":"//button[@data-kt=\"saveButton\"]"}
COMMAND: POST /session/5a404f73187a01115305a03f2137b0ec/element/f.D0531791EE27D9F39EBFF32D62FB2301.d.54189A0ACC5ECD7EEA28CAE8ED6807C7.e.3621/click - {}
RESULT: {}
COMMAND: GET /session/5a404f73187a01115305a03f2137b0ec/screenshot - {}
RESULT: {}
COMMAND: POST /session/5a404f73187a01115305a03f2137b0ec/element - {"using":"xpath","value":"//header[contains(@id, 'ObjectPageLayout-headerTitle')]/div[1]/div[2]/div[2]/span[1]"}
RESULT: {"using":"xpath","value":"//header[contains(@id, 'ObjectPageLayout-headerTitle')]/div[1]/div[2]/div[2]/span[1]"}
COMMAND: POST /session/5a404f73187a01115305a03f2137b0ec/elements - {"using":"xpath","value":"//header[contains(@id, 'ObjectPageLayout-headerTitle')]/div[1]/div[2]/div[2]/span[1]"}
RESULT: {"using":"xpath","value":"//header[contains(@id, 'ObjectPageLayout-headerTitle')]/div[1]/div[2]/div[2]/span[1]"}
COMMAND: POST /session/5a404f73187a01115305a03f2137b0ec/execute/sync - {"script":"<script> [56 bytes]","args":[{"element-6066-11e4-a52e-4f735466cecf":"f.D0531791EE27D9F39EBFF32D62FB2301.d.54189A0ACC5ECD7EEA28CAE8ED6807C7.e.3985","ELEMENT":"f.D0531791EE27D9F39EBFF32D62FB2301.d.54189A0ACC5ECD7EEA28CAE8ED6807C7.e.3985"}]}
RESULT: {"script":"<script> [56 bytes]","args":[{"element-6066-11e4-a52e-4f735466cecf":"f.D0531791EE27D9F39EBFF32D62FB2301.d.54189A0ACC5ECD7EEA28CAE8ED6807C7.e.3985","ELEMENT":"f.D0531791EE27D9F39EBFF32D62FB2301.d.54189A0ACC5ECD7EEA28CAE8ED6807C7.e.3985"}]}
COMMAND: POST /session/5a404f73187a01115305a03f2137b0ec/element - {"using":"css selector","value":"#shell-header-logo"}
COMMAND: GET /session/5a404f73187a01115305a03f2137b0ec/screenshot - {}
RESULT: {"using":"css selector","value":"#shell-header-logo"}
COMMAND: POST /session/5a404f73187a01115305a03f2137b0ec/element/f.D0531791EE27D9F39EBFF32D62FB2301.d.54189A0ACC5ECD7EEA28CAE8ED6807C7.e.3190/click - {}
RESULT: {}
RESULT: {}
COMMAND: GET /session/5a404f73187a01115305a03f2137b0ec/screenshot - {}
RESULT: {}
COMMAND: POST /session/5a404f73187a01115305a03f2137b0ec/execute/sync - {"script":"<script> [299 bytes]","args":[["getModel","getResource"]]}
RESULT: {"script":"<script> [299 bytes]","args":[["getModel","getResource"]]}
RESULT: undefined
COMMAND: POST /session/5a404f73187a01115305a03f2137b0ec/element - {"using":"xpath","value":"//*[@id=\"__tile30\"]"}
COMMAND: GET /session/5a404f73187a01115305a03f2137b0ec/screenshot - {}
RESULT: {"using":"xpath","value":"//*[@id=\"__tile30\"]"}
COMMAND: POST /session/5a404f73187a01115305a03f2137b0ec/element/f.D0531791EE27D9F39EBFF32D62FB2301.d.54189A0ACC5ECD7EEA28CAE8ED6807C7.e.3111/click - {}
RESULT: {}
RESULT: {}
COMMAND: GET /session/5a404f73187a01115305a03f2137b0ec/screenshot - {}
RESULT: {}
COMMAND: POST /session/5a404f73187a01115305a03f2137b0ec/elements - {"using":"xpath","value":"//span[text()='Error']"}
RESULT: {"using":"xpath","value":"//span[text()='Error']"}
COMMAND: POST /session/5a404f73187a01115305a03f2137b0ec/element - {"using":"xpath","value":"//button[@data-kt=\"addButton\"]"}
RESULT: {"using":"xpath","value":"//button[@data-kt=\"addButton\"]"}
COMMAND: POST /session/5a404f73187a01115305a03f2137b0ec/elements - {"using":"xpath","value":"//button[@data-kt=\"addButton\"]"}
RESULT: {"using":"xpath","value":"//button[@data-kt=\"addButton\"]"}
COMMAND: POST /session/5a404f73187a01115305a03f2137b0ec/execute/sync - {"script":"<script> [8489 bytes]","args":[{"element-6066-11e4-a52e-4f735466cecf":"f.D0531791EE27D9F39EBFF32D62FB2301.d.54189A0ACC5ECD7EEA28CAE8ED6807C7.e.4032","ELEMENT":"f.D0531791EE27D9F39EBFF32D62FB2301.d.54189A0ACC5ECD7EEA28CAE8ED6807C7.e.4032"}]}
RESULT: {"script":"<script> [8489 bytes]","args":[{"element-6066-11e4-a52e-4f735466cecf":"f.D0531791EE27D9F39EBFF32D62FB2301.d.54189A0ACC5ECD7EEA28CAE8ED6807C7.e.4032","ELEMENT":"f.D0531791EE27D9F39EBFF32D62FB2301.d.54189A0ACC5ECD7EEA28CAE8ED6807C7.e.4032"}]}
COMMAND: GET /session/5a404f73187a01115305a03f2137b0ec/element/f.D0531791EE27D9F39EBFF32D62FB2301.d.54189A0ACC5ECD7EEA28CAE8ED6807C7.e.4032/enabled - {}
COMMAND: GET /session/5a404f73187a01115305a03f2137b0ec/screenshot - {}
RESULT: {}
COMMAND: POST /session/5a404f73187a01115305a03f2137b0ec/execute/sync - {"script":"<script> [8489 bytes]","args":[{"element-6066-11e4-a52e-4f735466cecf":"f.D0531791EE27D9F39EBFF32D62FB2301.d.54189A0ACC5ECD7EEA28CAE8ED6807C7.e.4032","ELEMENT":"f.D0531791EE27D9F39EBFF32D62FB2301.d.54189A0ACC5ECD7EEA28CAE8ED6807C7.e.4032"}]}
COMMAND: GET /session/5a404f73187a01115305a03f2137b0ec/screenshot - {}
RESULT: {}
RESULT: {"script":"<script> [8489 bytes]","args":[{"element-6066-11e4-a52e-4f735466cecf":"f.D0531791EE27D9F39EBFF32D62FB2301.d.54189A0ACC5ECD7EEA28CAE8ED6807C7.e.4032","ELEMENT":"f.D0531791EE27D9F39EBFF32D62FB2301.d.54189A0ACC5ECD7EEA28CAE8ED6807C7.e.4032"}]}
COMMAND: POST /session/5a404f73187a01115305a03f2137b0ec/execute/sync - {"script":"<script> [5351 bytes]","args":[{"element-6066-11e4-a52e-4f735466cecf":"f.D0531791EE27D9F39EBFF32D62FB2301.d.54189A0ACC5ECD7EEA28CAE8ED6807C7.e.4032","ELEMENT":"f.D0531791EE27D9F39EBFF32D62FB2301.d.54189A0ACC5ECD7EEA28CAE8ED6807C7.e.4032"}]}
COMMAND: GET /session/5a404f73187a01115305a03f2137b0ec/screenshot - {}
RESULT: {}
RESULT: {"script":"<script> [5351 bytes]","args":[{"element-6066-11e4-a52e-4f735466cecf":"f.D0531791EE27D9F39EBFF32D62FB2301.d.54189A0ACC5ECD7EEA28CAE8ED6807C7.e.4032","ELEMENT":"f.D0531791EE27D9F39EBFF32D62FB2301.d.54189A0ACC5ECD7EEA28CAE8ED6807C7.e.4032"}]}
COMMAND: GET /session/5a404f73187a01115305a03f2137b0ec/screenshot - {}
RESULT: {}
RESULT: {}
COMMAND: POST /session/5a404f73187a01115305a03f2137b0ec/execute/async - {"script":"<script> [1562 bytes]","args":[{"selector":{"id":"application-managepartners-display-component---masterPtm--smartFilterBar-btnBasicSearch","interaction":{"idSuffix":"I"}},"wdio_ui5_key":"applicationmanagepartners-display-component---masterPtm--smartFilterBar-btnBasicSearch"}]}
RESULT: {"script":"<script> [1562 bytes]","args":[{"selector":{"id":"application-managepartners-display-component---masterPtm--smartFilterBar-btnBasicSearch","interaction":{"idSuffix":"I"}},"wdio_ui5_key":"applicationmanagepartners-display-component---masterPtm--smartFilterBar-btnBasicSearch"}]}
RESULT: undefined
COMMAND: POST /session/5a404f73187a01115305a03f2137b0ec/execute/async - {"script":"<script> [776 bytes]","args":[{"enterText":"1185","selector":{"id":"application-managepartners-display-component---masterPtm--smartFilterBar-btnBasicSearch","interaction":{"idSuffix":"I"}},"clearTextFirst":true,"interactionType":"ENTER_TEXT"}]}
RESULT: {"script":"<script> [776 bytes]","args":[{"enterText":"1185","selector":{"id":"application-managepartners-display-component---masterPtm--smartFilterBar-btnBasicSearch","interaction":{"idSuffix":"I"}},"clearTextFirst":true,"interactionType":"ENTER_TEXT"}]}
COMMAND: POST /session/5a404f73187a01115305a03f2137b0ec/actions - {"actions":[{"id":"action11","type":"key","parameters":{},"actions":[{"type":"keyDown","value":"î€‡"},{"type":"pause","duration":10},{"type":"keyUp","value":"î€‡"}]}]}
RESULT: {"actions":[{"id":"action11","type":"key","parameters":{},"actions":[{"type":"keyDown","value":"î€‡"},{"type":"pause","duration":10},{"type":"keyUp","value":"î€‡"}]}]}
COMMAND: GET /session/5a404f73187a01115305a03f2137b0ec/screenshot - {}
RESULT: {}
COMMAND: POST /session/5a404f73187a01115305a03f2137b0ec/elements - {"using":"xpath","value":"//table[contains(@id, \"customPartnersTable-listUl\")]/tbody/tr"}
RESULT: {"using":"xpath","value":"//table[contains(@id, \"customPartnersTable-listUl\")]/tbody/tr"}
COMMAND: POST /session/5a404f73187a01115305a03f2137b0ec/element - {"using":"xpath","value":"//table[contains(@id, \"customPartnersTable-listUl\")]/tbody/tr[1]/td[3]/span"}
RESULT: {"using":"xpath","value":"//table[contains(@id, \"customPartnersTable-listUl\")]/tbody/tr[1]/td[3]/span"}
COMMAND: POST /session/5a404f73187a01115305a03f2137b0ec/elements - {"using":"xpath","value":"//table[contains(@id, \"customPartnersTable-listUl\")]/tbody/tr[1]/td[3]/span"}
RESULT: {"using":"xpath","value":"//table[contains(@id, \"customPartnersTable-listUl\")]/tbody/tr[1]/td[3]/span"}
COMMAND: POST /session/5a404f73187a01115305a03f2137b0ec/execute/sync - {"script":"<script> [56 bytes]","args":[{"element-6066-11e4-a52e-4f735466cecf":"f.D0531791EE27D9F39EBFF32D62FB2301.d.54189A0ACC5ECD7EEA28CAE8ED6807C7.e.4166","ELEMENT":"f.D0531791EE27D9F39EBFF32D62FB2301.d.54189A0ACC5ECD7EEA28CAE8ED6807C7.e.4166"}]}
RESULT: {"script":"<script> [56 bytes]","args":[{"element-6066-11e4-a52e-4f735466cecf":"f.D0531791EE27D9F39EBFF32D62FB2301.d.54189A0ACC5ECD7EEA28CAE8ED6807C7.e.4166","ELEMENT":"f.D0531791EE27D9F39EBFF32D62FB2301.d.54189A0ACC5ECD7EEA28CAE8ED6807C7.e.4166"}]}
COMMAND: POST /session/5a404f73187a01115305a03f2137b0ec/element - {"using":"xpath","value":"(//span[contains(@id, \"imgNav\")])[1]"}
COMMAND: GET /session/5a404f73187a01115305a03f2137b0ec/screenshot - {}
RESULT: {"using":"xpath","value":"(//span[contains(@id, \"imgNav\")])[1]"}
COMMAND: POST /session/5a404f73187a01115305a03f2137b0ec/element/f.D0531791EE27D9F39EBFF32D62FB2301.d.54189A0ACC5ECD7EEA28CAE8ED6807C7.e.4164/click - {}
RESULT: {}
RESULT: {}
COMMAND: GET /session/5a404f73187a01115305a03f2137b0ec/screenshot - {}
RESULT: {}
COMMAND: POST /session/5a404f73187a01115305a03f2137b0ec/element - {"using":"xpath","value":"//bdi[contains(text(), \"Edit\")]"}
RESULT: {"using":"xpath","value":"//bdi[contains(text(), \"Edit\")]"}
COMMAND: POST /session/5a404f73187a01115305a03f2137b0ec/element/f.D0531791EE27D9F39EBFF32D62FB2301.d.54189A0ACC5ECD7EEA28CAE8ED6807C7.e.4307/click - {}
RESULT: {}
COMMAND: GET /session/5a404f73187a01115305a03f2137b0ec/screenshot - {}
RESULT: {}
COMMAND: POST /session/5a404f73187a01115305a03f2137b0ec/execute/async - {"script":"<script> [1562 bytes]","args":[{"selector":{"controlType":"sap.m.Input","viewName":"etm.portal.ui.managepartners.view.EditDetail","labelFor":{"text":"Name"},"interaction":{"idSuffix":"inner"}},"wdio_ui5_key":"etmportal.ui.managepartners.view.EditDetailsap.m.Input{\"text\":\"Name\"}"}]}
RESULT: {"script":"<script> [1562 bytes]","args":[{"selector":{"controlType":"sap.m.Input","viewName":"etm.portal.ui.managepartners.view.EditDetail","labelFor":{"text":"Name"},"interaction":{"idSuffix":"inner"}},"wdio_ui5_key":"etmportal.ui.managepartners.view.EditDetailsap.m.Input{\"text\":\"Name\"}"}]}
RESULT: undefined
COMMAND: POST /session/5a404f73187a01115305a03f2137b0ec/execute/async - {"script":"<script> [776 bytes]","args":[{"enterText":"Intercompany EDIT","selector":{"controlType":"sap.m.Input","viewName":"etm.portal.ui.managepartners.view.EditDetail","labelFor":{"text":"Name"},"interaction":{"idSuffix":"inner"}},"clearTextFirst":true,"interactionType":"ENTER_TEXT"}]}
RESULT: {"script":"<script> [776 bytes]","args":[{"enterText":"Intercompany EDIT","selector":{"controlType":"sap.m.Input","viewName":"etm.portal.ui.managepartners.view.EditDetail","labelFor":{"text":"Name"},"interaction":{"idSuffix":"inner"}},"clearTextFirst":true,"interactionType":"ENTER_TEXT"}]}
COMMAND: POST /session/5a404f73187a01115305a03f2137b0ec/element - {"using":"xpath","value":"(//span[contains(@id,\"addressDetailDetailsLanguage-arrow\")])[1]"}
RESULT: {"using":"xpath","value":"(//span[contains(@id,\"addressDetailDetailsLanguage-arrow\")])[1]"}
COMMAND: POST /session/5a404f73187a01115305a03f2137b0ec/element/f.D0531791EE27D9F39EBFF32D62FB2301.d.54189A0ACC5ECD7EEA28CAE8ED6807C7.e.4389/click - {}
RESULT: {}
COMMAND: POST /session/5a404f73187a01115305a03f2137b0ec/element - {"using":"xpath","value":"//span[contains(text(), \"Chinese\")]"}
COMMAND: GET /session/5a404f73187a01115305a03f2137b0ec/screenshot - {}
RESULT: {"using":"xpath","value":"//span[contains(text(), \"Chinese\")]"}
COMMAND: POST /session/5a404f73187a01115305a03f2137b0ec/element/f.D0531791EE27D9F39EBFF32D62FB2301.d.54189A0ACC5ECD7EEA28CAE8ED6807C7.e.4390/click - {}
RESULT: {}
RESULT: {}
COMMAND: GET /session/5a404f73187a01115305a03f2137b0ec/screenshot - {}
RESULT: {}
COMMAND: POST /session/5a404f73187a01115305a03f2137b0ec/execute/async - {"script":"<script> [1562 bytes]","args":[{"selector":{"controlType":"sap.m.Input","viewName":"etm.portal.ui.managepartners.view.EditDetail","labelFor":{"text":"City"},"interaction":{"idSuffix":"inner"}},"wdio_ui5_key":"etmportal.ui.managepartners.view.EditDetailsap.m.Input{\"text\":\"City\"}"}]}
RESULT: {"script":"<script> [1562 bytes]","args":[{"selector":{"controlType":"sap.m.Input","viewName":"etm.portal.ui.managepartners.view.EditDetail","labelFor":{"text":"City"},"interaction":{"idSuffix":"inner"}},"wdio_ui5_key":"etmportal.ui.managepartners.view.EditDetailsap.m.Input{\"text\":\"City\"}"}]}
RESULT: undefined
COMMAND: POST /session/5a404f73187a01115305a03f2137b0ec/execute/async - {"script":"<script> [776 bytes]","args":[{"enterText":"Clooj-Napoca","selector":{"controlType":"sap.m.Input","viewName":"etm.portal.ui.managepartners.view.EditDetail","labelFor":{"text":"City"},"interaction":{"idSuffix":"inner"}},"clearTextFirst":true,"interactionType":"ENTER_TEXT"}]}
RESULT: {"script":"<script> [776 bytes]","args":[{"enterText":"Clooj-Napoca","selector":{"controlType":"sap.m.Input","viewName":"etm.portal.ui.managepartners.view.EditDetail","labelFor":{"text":"City"},"interaction":{"idSuffix":"inner"}},"clearTextFirst":true,"interactionType":"ENTER_TEXT"}]}
COMMAND: POST /session/5a404f73187a01115305a03f2137b0ec/element - {"using":"xpath","value":"//button[@data-kt=\"saveButton\"]"}
RESULT: {"using":"xpath","value":"//button[@data-kt=\"saveButton\"]"}
COMMAND: POST /session/5a404f73187a01115305a03f2137b0ec/element/f.D0531791EE27D9F39EBFF32D62FB2301.d.54189A0ACC5ECD7EEA28CAE8ED6807C7.e.4366/click - {}
RESULT: {}
COMMAND: GET /session/5a404f73187a01115305a03f2137b0ec/screenshot - {}
RESULT: {}
COMMAND: POST /session/5a404f73187a01115305a03f2137b0ec/execute/async - {"script":"<script> [1562 bytes]","args":[{"selector":{"id":"application-managepartners-display-component---detailPtm--addressDetailDetailsName1"},"wdio_ui5_key":"applicationmanagepartners-display-component---detailPtm--addressDetailDetailsName1"}]}
RESULT: {"script":"<script> [1562 bytes]","args":[{"selector":{"id":"application-managepartners-display-component---detailPtm--addressDetailDetailsName1"},"wdio_ui5_key":"applicationmanagepartners-display-component---detailPtm--addressDetailDetailsName1"}]}
RESULT: undefined
COMMAND: POST /session/5a404f73187a01115305a03f2137b0ec/execute/async - {"script":"<script> [6424 bytes]","args":[{"element-6066-11e4-a52e-4f735466cecf":"f.D0531791EE27D9F39EBFF32D62FB2301.d.54189A0ACC5ECD7EEA28CAE8ED6807C7.e.4406"},"getValue",[]]}
RESULT: {"script":"<script> [6424 bytes]","args":[{"element-6066-11e4-a52e-4f735466cecf":"f.D0531791EE27D9F39EBFF32D62FB2301.d.54189A0ACC5ECD7EEA28CAE8ED6807C7.e.4406"},"getValue",[]]}
COMMAND: POST /session/5a404f73187a01115305a03f2137b0ec/element - {"using":"xpath","value":"//input[@id = \"application-managepartners-display-component---detailPtm--addressDetailDetailsLanguage-inner\"]"}
RESULT: {"using":"xpath","value":"//input[@id = \"application-managepartners-display-component---detailPtm--addressDetailDetailsLanguage-inner\"]"}
COMMAND: GET /session/5a404f73187a01115305a03f2137b0ec/element/f.D0531791EE27D9F39EBFF32D62FB2301.d.54189A0ACC5ECD7EEA28CAE8ED6807C7.e.4407/property/value - {}
RESULT: {}
COMMAND: POST /session/5a404f73187a01115305a03f2137b0ec/execute/async - {"script":"<script> [1562 bytes]","args":[{"selector":{"id":"application-managepartners-display-component---detailPtm--addressDetailDetailsCity1"},"wdio_ui5_key":"applicationmanagepartners-display-component---detailPtm--addressDetailDetailsCity1"}]}
COMMAND: GET /session/5a404f73187a01115305a03f2137b0ec/screenshot - {}
RESULT: {"script":"<script> [1562 bytes]","args":[{"selector":{"id":"application-managepartners-display-component---detailPtm--addressDetailDetailsCity1"},"wdio_ui5_key":"applicationmanagepartners-display-component---detailPtm--addressDetailDetailsCity1"}]}
RESULT: undefined
COMMAND: POST /session/5a404f73187a01115305a03f2137b0ec/execute/async - {"script":"<script> [6424 bytes]","args":[{"element-6066-11e4-a52e-4f735466cecf":"f.D0531791EE27D9F39EBFF32D62FB2301.d.54189A0ACC5ECD7EEA28CAE8ED6807C7.e.4408"},"getValue",[]]}
RESULT: {}
RESULT: {"script":"<script> [6424 bytes]","args":[{"element-6066-11e4-a52e-4f735466cecf":"f.D0531791EE27D9F39EBFF32D62FB2301.d.54189A0ACC5ECD7EEA28CAE8ED6807C7.e.4408"},"getValue",[]]}
COMMAND: POST /session/5a404f73187a01115305a03f2137b0ec/element - {"using":"css selector","value":"#shell-header-logo"}
RESULT: {"using":"css selector","value":"#shell-header-logo"}
COMMAND: POST /session/5a404f73187a01115305a03f2137b0ec/element/f.D0531791EE27D9F39EBFF32D62FB2301.d.54189A0ACC5ECD7EEA28CAE8ED6807C7.e.3988/click - {}
RESULT: {}
COMMAND: GET /session/5a404f73187a01115305a03f2137b0ec/screenshot - {}
RESULT: {}
]]></system-out>
    </testcase>
    <testcase classname="chrome.136_0_7103_49.windows.Partner_specific_tests_US150819_US151080_US151654_US151176_US103444_US151078_US151079_US151109_US151174_US151175_US151189" name="Should create a new intracompany partner edit some of its fields US151079" time="242.778">
      <system-out><![CDATA[
COMMAND: POST /session/5a404f73187a01115305a03f2137b0ec/element - {"using":"xpath","value":"//li[.//span[text()=\"Manage Partners\"]]"}
RESULT: {"using":"xpath","value":"//li[.//span[text()=\"Manage Partners\"]]"}
COMMAND: POST /session/5a404f73187a01115305a03f2137b0ec/element - {"using":"xpath","value":"//li[.//span[text()=\"Manage Partners\"]]"}
RESULT: {"using":"xpath","value":"//li[.//span[text()=\"Manage Partners\"]]"}
COMMAND: POST /session/5a404f73187a01115305a03f2137b0ec/element - {"using":"css selector","value":"#shell-header-logo"}
RESULT: {"using":"css selector","value":"#shell-header-logo"}
COMMAND: POST /session/5a404f73187a01115305a03f2137b0ec/element/f.D0531791EE27D9F39EBFF32D62FB2301.d.54189A0ACC5ECD7EEA28CAE8ED6807C7.e.4454/click - {}
COMMAND: POST /session/5a404f73187a01115305a03f2137b0ec/execute/sync - {"script":"<script> [8489 bytes]","args":[{"element-6066-11e4-a52e-4f735466cecf":"f.D0531791EE27D9F39EBFF32D62FB2301.d.54189A0ACC5ECD7EEA28CAE8ED6807C7.e.4454","ELEMENT":"f.D0531791EE27D9F39EBFF32D62FB2301.d.54189A0ACC5ECD7EEA28CAE8ED6807C7.e.4454"}]}
RESULT: {}
COMMAND: GET /session/5a404f73187a01115305a03f2137b0ec/screenshot - {}
RESULT: {"script":"<script> [8489 bytes]","args":[{"element-6066-11e4-a52e-4f735466cecf":"f.D0531791EE27D9F39EBFF32D62FB2301.d.54189A0ACC5ECD7EEA28CAE8ED6807C7.e.4454","ELEMENT":"f.D0531791EE27D9F39EBFF32D62FB2301.d.54189A0ACC5ECD7EEA28CAE8ED6807C7.e.4454"}]}
COMMAND: POST /session/5a404f73187a01115305a03f2137b0ec/execute/sync - {"script":"<script> [5351 bytes]","args":[{"element-6066-11e4-a52e-4f735466cecf":"f.D0531791EE27D9F39EBFF32D62FB2301.d.54189A0ACC5ECD7EEA28CAE8ED6807C7.e.4454","ELEMENT":"f.D0531791EE27D9F39EBFF32D62FB2301.d.54189A0ACC5ECD7EEA28CAE8ED6807C7.e.4454"}]}
COMMAND: GET /session/5a404f73187a01115305a03f2137b0ec/screenshot - {}
RESULT: {}
RESULT: {"script":"<script> [5351 bytes]","args":[{"element-6066-11e4-a52e-4f735466cecf":"f.D0531791EE27D9F39EBFF32D62FB2301.d.54189A0ACC5ECD7EEA28CAE8ED6807C7.e.4454","ELEMENT":"f.D0531791EE27D9F39EBFF32D62FB2301.d.54189A0ACC5ECD7EEA28CAE8ED6807C7.e.4454"}]}
COMMAND: GET /session/5a404f73187a01115305a03f2137b0ec/screenshot - {}
RESULT: {}
RESULT: {}
COMMAND: POST /session/5a404f73187a01115305a03f2137b0ec/refresh - {}
RESULT: {}
COMMAND: GET /session/5a404f73187a01115305a03f2137b0ec/screenshot - {}
RESULT: {}
COMMAND: POST /session/5a404f73187a01115305a03f2137b0ec/refresh - {}
RESULT: {}
COMMAND: GET /session/5a404f73187a01115305a03f2137b0ec/screenshot - {}
RESULT: {}
COMMAND: POST /session/5a404f73187a01115305a03f2137b0ec/window/fullscreen - {}
RESULT: {}
COMMAND: POST /session/5a404f73187a01115305a03f2137b0ec/execute/async - {"script":"<script> [189 bytes]","args":[]}
RESULT: {"script":"<script> [189 bytes]","args":[]}
COMMAND: POST /session/5a404f73187a01115305a03f2137b0ec/execute/async - {"script":"<script> [123 bytes]","args":[]}
RESULT: {"script":"<script> [123 bytes]","args":[]}
COMMAND: POST /session/5a404f73187a01115305a03f2137b0ec/timeouts - {"script":"<number>"}
RESULT: {"script":"<number>"}
COMMAND: GET /session/5a404f73187a01115305a03f2137b0ec/timeouts - {}
RESULT: {}
RESULT: undefined
COMMAND: POST /session/5a404f73187a01115305a03f2137b0ec/execute/async - {"script":"<script> [2676 bytes]","args":[]}
RESULT: {"script":"<script> [2676 bytes]","args":[]}
COMMAND: POST /session/5a404f73187a01115305a03f2137b0ec/execute/async - {"script":"<script> [2342 bytes]","args":[{"protocol":"http","hostname":"0.0.0.0","path":"/","capabilities":{"browserName":"chrome","goog:chromeOptions":{"binary":"C:\\Program Files\\Google\\Chrome\\Application\\chrome.exe","args":["--start-maximized"]}},"logLevel":"warn","connectionRetryTimeout":120000,"connectionRetryCount":3,"logLevels":{},"enableDirectConnect":true,"strictSSL":true,"_":"65 more keys: [\"cacheDir\",\"port\",\"requestedCapabilities\",\"automationProtocol\",\"baseUrl\",\"waitforInterval\",\"waitforTimeout\",\"onReload\",\"beforeCommand\",\"afterCommand\",\"rootDir\",\"specs\",\"suites\",\"exclude\",\"groupLogsByTestSpec\",\"excludeDriverLogs\",\"bail\",\"framework\",\"reporters\",\"services\",\"maxInstances\",\"maxInstancesPerCapability\",\"injectGlobals\",\"filesToWatch\",\"execArgv\",\"runnerEnv\",\"runner\",\"shard\",\"specFileRetries\",\"specFileRetriesDelay\",\"specFileRetriesDeferred\",\"reporterSyncInterval\",\"reporterSyncTimeout\",\"cucumberFeaturesWithLineNumbers\",\"autoCompileOpts\",\"mochaOpts\",\"jasmineOpts\",\"cucumberOpts\",\"onPrepare\",\"onWorkerStart\",\"onWorkerEnd\",\"before\",\"beforeSession\",\"beforeSuite\",\"beforeHook\",\"beforeTest\",\"afterTest\",\"afterHook\",\"afterSuite\",\"afterSession\",\"after\",\"onComplete\",\"beforeAssertion\",\"afterAssertion\",\"beforeFeature\",\"beforeScenario\",\"beforeStep\",\"afterStep\",\"afterScenario\",\"afterFeature\",\"_\",\"suite\",\"$0\",\"ignoredWorkerServices\",\"wdi5\"]"}]}
RESULT: {"script":"<script> [2342 bytes]","args":[{"protocol":"http","hostname":"0.0.0.0","path":"/","capabilities":{"browserName":"chrome","goog:chromeOptions":{"binary":"C:\\Program Files\\Google\\Chrome\\Application\\chrome.exe","args":["--start-maximized"]}},"logLevel":"warn","connectionRetryTimeout":120000,"connectionRetryCount":3,"logLevels":{},"enableDirectConnect":true,"strictSSL":true,"_":"65 more keys: [\"cacheDir\",\"port\",\"requestedCapabilities\",\"automationProtocol\",\"baseUrl\",\"waitforInterval\",\"waitforTimeout\",\"onReload\",\"beforeCommand\",\"afterCommand\",\"rootDir\",\"specs\",\"suites\",\"exclude\",\"groupLogsByTestSpec\",\"excludeDriverLogs\",\"bail\",\"framework\",\"reporters\",\"services\",\"maxInstances\",\"maxInstancesPerCapability\",\"injectGlobals\",\"filesToWatch\",\"execArgv\",\"runnerEnv\",\"runner\",\"shard\",\"specFileRetries\",\"specFileRetriesDelay\",\"specFileRetriesDeferred\",\"reporterSyncInterval\",\"reporterSyncTimeout\",\"cucumberFeaturesWithLineNumbers\",\"autoCompileOpts\",\"mochaOpts\",\"jasmineOpts\",\"cucumberOpts\",\"onPrepare\",\"onWorkerStart\",\"onWorkerEnd\",\"before\",\"beforeSession\",\"beforeSuite\",\"beforeHook\",\"beforeTest\",\"afterTest\",\"afterHook\",\"afterSuite\",\"afterSession\",\"after\",\"onComplete\",\"beforeAssertion\",\"afterAssertion\",\"beforeFeature\",\"beforeScenario\",\"beforeStep\",\"afterStep\",\"afterScenario\",\"afterFeature\",\"_\",\"suite\",\"$0\",\"ignoredWorkerServices\",\"wdi5\"]"}]}
COMMAND: POST /session/5a404f73187a01115305a03f2137b0ec/execute/async - {"script":"<script> [21126 bytes]","args":[35000]}
RESULT: {"script":"<script> [21126 bytes]","args":[35000]}
COMMAND: POST /session/5a404f73187a01115305a03f2137b0ec/window/fullscreen - {}
RESULT: {}
COMMAND: POST /session/5a404f73187a01115305a03f2137b0ec/window/fullscreen - {}
RESULT: {}
COMMAND: POST /session/5a404f73187a01115305a03f2137b0ec/execute/async - {"script":"<script> [1562 bytes]","args":[{"selector":{"controlType":"sap.m.GenericTile","properties":{"header":"Manage Partners"}},"wdio_ui5_key":"sapm.GenericTile{\"header\":\"Manage Partners\"}"}]}
RESULT: {"script":"<script> [1562 bytes]","args":[{"selector":{"controlType":"sap.m.GenericTile","properties":{"header":"Manage Partners"}},"wdio_ui5_key":"sapm.GenericTile{\"header\":\"Manage Partners\"}"}]}
RESULT: undefined
COMMAND: POST /session/5a404f73187a01115305a03f2137b0ec/element - {"using":"xpath","value":"//*[@id=\"__tile30\"]"}
RESULT: {"using":"xpath","value":"//*[@id=\"__tile30\"]"}
COMMAND: POST /session/5a404f73187a01115305a03f2137b0ec/element/f.D0531791EE27D9F39EBFF32D62FB2301.d.00A8492E315B02BBC41800F00D0549BE.e.4527/click - {}
RESULT: {}
COMMAND: GET /session/5a404f73187a01115305a03f2137b0ec/screenshot - {}
RESULT: {}
COMMAND: POST /session/5a404f73187a01115305a03f2137b0ec/elements - {"using":"xpath","value":"//span[text()='Error']"}
RESULT: {"using":"xpath","value":"//span[text()='Error']"}
COMMAND: POST /session/5a404f73187a01115305a03f2137b0ec/element - {"using":"xpath","value":"//button[@data-kt=\"addButton\"]"}
RESULT: {"using":"xpath","value":"//button[@data-kt=\"addButton\"]"}
COMMAND: POST /session/5a404f73187a01115305a03f2137b0ec/elements - {"using":"xpath","value":"//button[@data-kt=\"addButton\"]"}
RESULT: {"using":"xpath","value":"//button[@data-kt=\"addButton\"]"}
COMMAND: POST /session/5a404f73187a01115305a03f2137b0ec/element - {"using":"xpath","value":"//button[@data-kt=\"addButton\"]"}
RESULT: {"using":"xpath","value":"//button[@data-kt=\"addButton\"]"}
COMMAND: POST /session/5a404f73187a01115305a03f2137b0ec/execute/sync - {"script":"<script> [8489 bytes]","args":[{"element-6066-11e4-a52e-4f735466cecf":"f.D0531791EE27D9F39EBFF32D62FB2301.d.00A8492E315B02BBC41800F00D0549BE.e.4653","ELEMENT":"f.D0531791EE27D9F39EBFF32D62FB2301.d.00A8492E315B02BBC41800F00D0549BE.e.4653"}]}
RESULT: {"script":"<script> [8489 bytes]","args":[{"element-6066-11e4-a52e-4f735466cecf":"f.D0531791EE27D9F39EBFF32D62FB2301.d.00A8492E315B02BBC41800F00D0549BE.e.4653","ELEMENT":"f.D0531791EE27D9F39EBFF32D62FB2301.d.00A8492E315B02BBC41800F00D0549BE.e.4653"}]}
COMMAND: GET /session/5a404f73187a01115305a03f2137b0ec/element/f.D0531791EE27D9F39EBFF32D62FB2301.d.00A8492E315B02BBC41800F00D0549BE.e.4653/enabled - {}
COMMAND: GET /session/5a404f73187a01115305a03f2137b0ec/screenshot - {}
RESULT: {}
COMMAND: POST /session/5a404f73187a01115305a03f2137b0ec/execute/sync - {"script":"<script> [8489 bytes]","args":[{"element-6066-11e4-a52e-4f735466cecf":"f.D0531791EE27D9F39EBFF32D62FB2301.d.00A8492E315B02BBC41800F00D0549BE.e.4653","ELEMENT":"f.D0531791EE27D9F39EBFF32D62FB2301.d.00A8492E315B02BBC41800F00D0549BE.e.4653"}]}
COMMAND: GET /session/5a404f73187a01115305a03f2137b0ec/screenshot - {}
RESULT: {}
RESULT: {"script":"<script> [8489 bytes]","args":[{"element-6066-11e4-a52e-4f735466cecf":"f.D0531791EE27D9F39EBFF32D62FB2301.d.00A8492E315B02BBC41800F00D0549BE.e.4653","ELEMENT":"f.D0531791EE27D9F39EBFF32D62FB2301.d.00A8492E315B02BBC41800F00D0549BE.e.4653"}]}
COMMAND: POST /session/5a404f73187a01115305a03f2137b0ec/execute/sync - {"script":"<script> [5351 bytes]","args":[{"element-6066-11e4-a52e-4f735466cecf":"f.D0531791EE27D9F39EBFF32D62FB2301.d.00A8492E315B02BBC41800F00D0549BE.e.4653","ELEMENT":"f.D0531791EE27D9F39EBFF32D62FB2301.d.00A8492E315B02BBC41800F00D0549BE.e.4653"}]}
COMMAND: GET /session/5a404f73187a01115305a03f2137b0ec/screenshot - {}
RESULT: {}
RESULT: {"script":"<script> [5351 bytes]","args":[{"element-6066-11e4-a52e-4f735466cecf":"f.D0531791EE27D9F39EBFF32D62FB2301.d.00A8492E315B02BBC41800F00D0549BE.e.4653","ELEMENT":"f.D0531791EE27D9F39EBFF32D62FB2301.d.00A8492E315B02BBC41800F00D0549BE.e.4653"}]}
COMMAND: POST /session/5a404f73187a01115305a03f2137b0ec/element/f.D0531791EE27D9F39EBFF32D62FB2301.d.00A8492E315B02BBC41800F00D0549BE.e.4653/click - {}
COMMAND: GET /session/5a404f73187a01115305a03f2137b0ec/screenshot - {}
RESULT: {}
RESULT: {}
COMMAND: GET /session/5a404f73187a01115305a03f2137b0ec/screenshot - {}
COMMAND: POST /session/5a404f73187a01115305a03f2137b0ec/execute/async - {"script":"<script> [1562 bytes]","args":[{"selector":{"id":"application-managepartners-display-component---NewPartner--addressDetailDetailsName1","interaction":{"idSuffix":"inner"}},"wdio_ui5_key":"applicationmanagepartners-display-component---NewPartner--addressDetailDetailsName1"}]}
RESULT: {}
RESULT: {}
RESULT: {"script":"<script> [1562 bytes]","args":[{"selector":{"id":"application-managepartners-display-component---NewPartner--addressDetailDetailsName1","interaction":{"idSuffix":"inner"}},"wdio_ui5_key":"applicationmanagepartners-display-component---NewPartner--addressDetailDetailsName1"}]}
RESULT: undefined
COMMAND: POST /session/5a404f73187a01115305a03f2137b0ec/execute/async - {"script":"<script> [776 bytes]","args":[{"enterText":"Intracompany Partner WDIO","selector":{"id":"application-managepartners-display-component---NewPartner--addressDetailDetailsName1","interaction":{"idSuffix":"inner"}},"clearTextFirst":true,"interactionType":"ENTER_TEXT"}]}
RESULT: {"script":"<script> [776 bytes]","args":[{"enterText":"Intracompany Partner WDIO","selector":{"id":"application-managepartners-display-component---NewPartner--addressDetailDetailsName1","interaction":{"idSuffix":"inner"}},"clearTextFirst":true,"interactionType":"ENTER_TEXT"}]}
COMMAND: POST /session/5a404f73187a01115305a03f2137b0ec/execute/async - {"script":"<script> [1562 bytes]","args":[{"selector":{"id":"application-managepartners-display-component---NewPartner--addressDetailDetailsLanguage-arrow"},"wdio_ui5_key":"applicationmanagepartners-display-component---NewPartner--addressDetailDetailsLanguage-arrow"}]}
RESULT: {"script":"<script> [1562 bytes]","args":[{"selector":{"id":"application-managepartners-display-component---NewPartner--addressDetailDetailsLanguage-arrow"},"wdio_ui5_key":"applicationmanagepartners-display-component---NewPartner--addressDetailDetailsLanguage-arrow"}]}
RESULT: undefined
COMMAND: POST /session/5a404f73187a01115305a03f2137b0ec/element - {"using":"xpath","value":"//*[@id=\"application-managepartners-display-component---NewPartner--addressDetailDetailsLanguage-arrow\"]"}
RESULT: {"using":"xpath","value":"//*[@id=\"application-managepartners-display-component---NewPartner--addressDetailDetailsLanguage-arrow\"]"}
COMMAND: POST /session/5a404f73187a01115305a03f2137b0ec/element/f.D0531791EE27D9F39EBFF32D62FB2301.d.00A8492E315B02BBC41800F00D0549BE.e.5095/click - {}
RESULT: {}
COMMAND: POST /session/5a404f73187a01115305a03f2137b0ec/element - {"using":"xpath","value":"//span[contains(text(), \"English\")]"}
COMMAND: GET /session/5a404f73187a01115305a03f2137b0ec/screenshot - {}
RESULT: {"using":"xpath","value":"//span[contains(text(), \"English\")]"}
COMMAND: POST /session/5a404f73187a01115305a03f2137b0ec/element/f.D0531791EE27D9F39EBFF32D62FB2301.d.00A8492E315B02BBC41800F00D0549BE.e.5096/click - {}
RESULT: {}
RESULT: {}
COMMAND: GET /session/5a404f73187a01115305a03f2137b0ec/screenshot - {}
RESULT: {}
COMMAND: POST /session/5a404f73187a01115305a03f2137b0ec/execute/async - {"script":"<script> [1562 bytes]","args":[{"selector":{"id":"application-managepartners-display-component---NewPartner--addressDetailDetailsCity1","interaction":{"idSuffix":"inner"}},"wdio_ui5_key":"applicationmanagepartners-display-component---NewPartner--addressDetailDetailsCity1"}]}
RESULT: {"script":"<script> [1562 bytes]","args":[{"selector":{"id":"application-managepartners-display-component---NewPartner--addressDetailDetailsCity1","interaction":{"idSuffix":"inner"}},"wdio_ui5_key":"applicationmanagepartners-display-component---NewPartner--addressDetailDetailsCity1"}]}
RESULT: undefined
COMMAND: POST /session/5a404f73187a01115305a03f2137b0ec/execute/async - {"script":"<script> [776 bytes]","args":[{"enterText":"Rosario","selector":{"id":"application-managepartners-display-component---NewPartner--addressDetailDetailsCity1","interaction":{"idSuffix":"inner"}},"clearTextFirst":true,"interactionType":"ENTER_TEXT"}]}
RESULT: {"script":"<script> [776 bytes]","args":[{"enterText":"Rosario","selector":{"id":"application-managepartners-display-component---NewPartner--addressDetailDetailsCity1","interaction":{"idSuffix":"inner"}},"clearTextFirst":true,"interactionType":"ENTER_TEXT"}]}
COMMAND: POST /session/5a404f73187a01115305a03f2137b0ec/execute/async - {"script":"<script> [1562 bytes]","args":[{"selector":{"id":"application-managepartners-display-component---NewPartner--addressDetailDetailsCountry-arrow"},"wdio_ui5_key":"applicationmanagepartners-display-component---NewPartner--addressDetailDetailsCountry-arrow"}]}
RESULT: {"script":"<script> [1562 bytes]","args":[{"selector":{"id":"application-managepartners-display-component---NewPartner--addressDetailDetailsCountry-arrow"},"wdio_ui5_key":"applicationmanagepartners-display-component---NewPartner--addressDetailDetailsCountry-arrow"}]}
RESULT: undefined
COMMAND: POST /session/5a404f73187a01115305a03f2137b0ec/element - {"using":"xpath","value":"//*[@id=\"application-managepartners-display-component---NewPartner--addressDetailDetailsCountry-arrow\"]"}
RESULT: {"using":"xpath","value":"//*[@id=\"application-managepartners-display-component---NewPartner--addressDetailDetailsCountry-arrow\"]"}
COMMAND: POST /session/5a404f73187a01115305a03f2137b0ec/element/f.D0531791EE27D9F39EBFF32D62FB2301.d.00A8492E315B02BBC41800F00D0549BE.e.5082/click - {}
RESULT: {}
COMMAND: POST /session/5a404f73187a01115305a03f2137b0ec/element - {"using":"xpath","value":"//span[contains(text(), \"Argentina\")]"}
COMMAND: GET /session/5a404f73187a01115305a03f2137b0ec/screenshot - {}
RESULT: {"using":"xpath","value":"//span[contains(text(), \"Argentina\")]"}
COMMAND: POST /session/5a404f73187a01115305a03f2137b0ec/element/f.D0531791EE27D9F39EBFF32D62FB2301.d.00A8492E315B02BBC41800F00D0549BE.e.5098/click - {}
RESULT: {}
RESULT: {}
COMMAND: GET /session/5a404f73187a01115305a03f2137b0ec/screenshot - {}
RESULT: {}
COMMAND: POST /session/5a404f73187a01115305a03f2137b0ec/element - {"using":"xpath","value":"//bdi[contains(text(), \"Commercial\")]"}
RESULT: {"using":"xpath","value":"//bdi[contains(text(), \"Commercial\")]"}
COMMAND: POST /session/5a404f73187a01115305a03f2137b0ec/element/f.D0531791EE27D9F39EBFF32D62FB2301.d.00A8492E315B02BBC41800F00D0549BE.e.5099/click - {}
RESULT: {}
COMMAND: GET /session/5a404f73187a01115305a03f2137b0ec/screenshot - {}
RESULT: {}
COMMAND: POST /session/5a404f73187a01115305a03f2137b0ec/execute/async - {"script":"<script> [1562 bytes]","args":[{"selector":{"id":"application-managepartners-display-component---NewPartner--partnerDetailInternal-arrow"},"wdio_ui5_key":"applicationmanagepartners-display-component---NewPartner--partnerDetailInternal-arrow"}]}
RESULT: {"script":"<script> [1562 bytes]","args":[{"selector":{"id":"application-managepartners-display-component---NewPartner--partnerDetailInternal-arrow"},"wdio_ui5_key":"applicationmanagepartners-display-component---NewPartner--partnerDetailInternal-arrow"}]}
RESULT: undefined
COMMAND: POST /session/5a404f73187a01115305a03f2137b0ec/element - {"using":"xpath","value":"//*[@id=\"application-managepartners-display-component---NewPartner--partnerDetailInternal-arrow\"]"}
RESULT: {"using":"xpath","value":"//*[@id=\"application-managepartners-display-component---NewPartner--partnerDetailInternal-arrow\"]"}
COMMAND: POST /session/5a404f73187a01115305a03f2137b0ec/element/f.D0531791EE27D9F39EBFF32D62FB2301.d.00A8492E315B02BBC41800F00D0549BE.e.5105/click - {}
RESULT: {}
COMMAND: POST /session/5a404f73187a01115305a03f2137b0ec/element - {"using":"xpath","value":"//span[contains(text(), \"Affiliated company\")]"}
COMMAND: GET /session/5a404f73187a01115305a03f2137b0ec/screenshot - {}
RESULT: {"using":"xpath","value":"//span[contains(text(), \"Affiliated company\")]"}
COMMAND: POST /session/5a404f73187a01115305a03f2137b0ec/element/f.D0531791EE27D9F39EBFF32D62FB2301.d.00A8492E315B02BBC41800F00D0549BE.e.5108/click - {}
RESULT: {}
RESULT: {}
COMMAND: POST /session/5a404f73187a01115305a03f2137b0ec/execute/async - {"script":"<script> [1562 bytes]","args":[{"selector":{"id":"application-managepartners-display-component---NewPartner--partnerDetailsCurrency-arrow"},"wdio_ui5_key":"applicationmanagepartners-display-component---NewPartner--partnerDetailsCurrency-arrow"}]}
COMMAND: GET /session/5a404f73187a01115305a03f2137b0ec/screenshot - {}
RESULT: {"script":"<script> [1562 bytes]","args":[{"selector":{"id":"application-managepartners-display-component---NewPartner--partnerDetailsCurrency-arrow"},"wdio_ui5_key":"applicationmanagepartners-display-component---NewPartner--partnerDetailsCurrency-arrow"}]}
RESULT: undefined
COMMAND: POST /session/5a404f73187a01115305a03f2137b0ec/element - {"using":"xpath","value":"//*[@id=\"application-managepartners-display-component---NewPartner--partnerDetailsCurrency-arrow\"]"}
RESULT: {}
RESULT: {"using":"xpath","value":"//*[@id=\"application-managepartners-display-component---NewPartner--partnerDetailsCurrency-arrow\"]"}
COMMAND: POST /session/5a404f73187a01115305a03f2137b0ec/element/f.D0531791EE27D9F39EBFF32D62FB2301.d.00A8492E315B02BBC41800F00D0549BE.e.5115/click - {}
RESULT: {}
COMMAND: POST /session/5a404f73187a01115305a03f2137b0ec/element - {"using":"xpath","value":"//span[contains(text(), \"Euro\")]"}
COMMAND: GET /session/5a404f73187a01115305a03f2137b0ec/screenshot - {}
RESULT: {"using":"xpath","value":"//span[contains(text(), \"Euro\")]"}
COMMAND: POST /session/5a404f73187a01115305a03f2137b0ec/element/f.D0531791EE27D9F39EBFF32D62FB2301.d.00A8492E315B02BBC41800F00D0549BE.e.5116/click - {}
RESULT: {}
RESULT: {}
COMMAND: POST /session/5a404f73187a01115305a03f2137b0ec/execute/async - {"script":"<script> [1562 bytes]","args":[{"selector":{"id":"application-managepartners-display-component---NewPartner--addressEditDetailsCostObjectCstType-arrow"},"wdio_ui5_key":"applicationmanagepartners-display-component---NewPartner--addressEditDetailsCostObjectCstType-arrow"}]}
COMMAND: GET /session/5a404f73187a01115305a03f2137b0ec/screenshot - {}
RESULT: {"script":"<script> [1562 bytes]","args":[{"selector":{"id":"application-managepartners-display-component---NewPartner--addressEditDetailsCostObjectCstType-arrow"},"wdio_ui5_key":"applicationmanagepartners-display-component---NewPartner--addressEditDetailsCostObjectCstType-arrow"}]}
RESULT: undefined
COMMAND: POST /session/5a404f73187a01115305a03f2137b0ec/element - {"using":"xpath","value":"//*[@id=\"application-managepartners-display-component---NewPartner--addressEditDetailsCostObjectCstType-arrow\"]"}
RESULT: {}
RESULT: {"using":"xpath","value":"//*[@id=\"application-managepartners-display-component---NewPartner--addressEditDetailsCostObjectCstType-arrow\"]"}
COMMAND: POST /session/5a404f73187a01115305a03f2137b0ec/element/f.D0531791EE27D9F39EBFF32D62FB2301.d.00A8492E315B02BBC41800F00D0549BE.e.5117/click - {}
RESULT: {}
COMMAND: POST /session/5a404f73187a01115305a03f2137b0ec/element - {"using":"xpath","value":"//span[contains(text(), \"Cost Center\")]"}
COMMAND: GET /session/5a404f73187a01115305a03f2137b0ec/screenshot - {}
RESULT: {"using":"xpath","value":"//span[contains(text(), \"Cost Center\")]"}
COMMAND: POST /session/5a404f73187a01115305a03f2137b0ec/element/f.D0531791EE27D9F39EBFF32D62FB2301.d.00A8492E315B02BBC41800F00D0549BE.e.5118/click - {}
RESULT: {}
RESULT: {}
COMMAND: GET /session/5a404f73187a01115305a03f2137b0ec/screenshot - {}
RESULT: {}
COMMAND: POST /session/5a404f73187a01115305a03f2137b0ec/element - {"using":"xpath","value":"//span[@id=\"application-managepartners-display-component---NewPartner--addressNewCostObjectCstID-vhi\"]"}
RESULT: {"using":"xpath","value":"//span[@id=\"application-managepartners-display-component---NewPartner--addressNewCostObjectCstID-vhi\"]"}
COMMAND: POST /session/5a404f73187a01115305a03f2137b0ec/execute/sync - {"script":"<script> [8489 bytes]","args":[{"element-6066-11e4-a52e-4f735466cecf":"f.D0531791EE27D9F39EBFF32D62FB2301.d.00A8492E315B02BBC41800F00D0549BE.e.5122","ELEMENT":"f.D0531791EE27D9F39EBFF32D62FB2301.d.00A8492E315B02BBC41800F00D0549BE.e.5122"}]}
RESULT: {"script":"<script> [8489 bytes]","args":[{"element-6066-11e4-a52e-4f735466cecf":"f.D0531791EE27D9F39EBFF32D62FB2301.d.00A8492E315B02BBC41800F00D0549BE.e.5122","ELEMENT":"f.D0531791EE27D9F39EBFF32D62FB2301.d.00A8492E315B02BBC41800F00D0549BE.e.5122"}]}
COMMAND: POST /session/5a404f73187a01115305a03f2137b0ec/execute/async - {"script":"<script> [1562 bytes]","args":[{"selector":{"id":"application-managepartners-display-component---NewPartner--addressNewCostObjectCstID-vhi"},"wdio_ui5_key":"applicationmanagepartners-display-component---NewPartner--addressNewCostObjectCstID-vhi"}]}
COMMAND: GET /session/5a404f73187a01115305a03f2137b0ec/screenshot - {}
RESULT: {"script":"<script> [1562 bytes]","args":[{"selector":{"id":"application-managepartners-display-component---NewPartner--addressNewCostObjectCstID-vhi"},"wdio_ui5_key":"applicationmanagepartners-display-component---NewPartner--addressNewCostObjectCstID-vhi"}]}
RESULT: undefined
COMMAND: POST /session/5a404f73187a01115305a03f2137b0ec/element - {"using":"xpath","value":"//*[@id=\"application-managepartners-display-component---NewPartner--addressNewCostObjectCstID-vhi\"]"}
RESULT: {}
RESULT: {"using":"xpath","value":"//*[@id=\"application-managepartners-display-component---NewPartner--addressNewCostObjectCstID-vhi\"]"}
COMMAND: POST /session/5a404f73187a01115305a03f2137b0ec/element/f.D0531791EE27D9F39EBFF32D62FB2301.d.00A8492E315B02BBC41800F00D0549BE.e.5122/click - {}
RESULT: {}
COMMAND: GET /session/5a404f73187a01115305a03f2137b0ec/screenshot - {}
RESULT: {}
COMMAND: POST /session/5a404f73187a01115305a03f2137b0ec/execute/async - {"script":"<script> [1562 bytes]","args":[{"selector":{"controlType":"sap.m.SearchField","properties":{"placeholder":"Search"},"searchOpenDialogs":true,"interaction":{"idSuffix":"I"}},"wdio_ui5_key":"sapm.SearchField{\"placeholder\":\"Search\"}"}]}
RESULT: {"script":"<script> [1562 bytes]","args":[{"selector":{"controlType":"sap.m.SearchField","properties":{"placeholder":"Search"},"searchOpenDialogs":true,"interaction":{"idSuffix":"I"}},"wdio_ui5_key":"sapm.SearchField{\"placeholder\":\"Search\"}"}]}
RESULT: undefined
COMMAND: POST /session/5a404f73187a01115305a03f2137b0ec/execute/async - {"script":"<script> [776 bytes]","args":[{"enterText":"10001013","selector":{"controlType":"sap.m.SearchField","properties":{"placeholder":"Search"},"searchOpenDialogs":true,"interaction":{"idSuffix":"I"}},"clearTextFirst":true,"interactionType":"ENTER_TEXT"}]}
RESULT: {"script":"<script> [776 bytes]","args":[{"enterText":"10001013","selector":{"controlType":"sap.m.SearchField","properties":{"placeholder":"Search"},"searchOpenDialogs":true,"interaction":{"idSuffix":"I"}},"clearTextFirst":true,"interactionType":"ENTER_TEXT"}]}
COMMAND: POST /session/5a404f73187a01115305a03f2137b0ec/actions - {"actions":[{"id":"action12","type":"key","parameters":{},"actions":[{"type":"keyDown","value":"î€‡"},{"type":"pause","duration":10},{"type":"keyUp","value":"î€‡"}]}]}
RESULT: {"actions":[{"id":"action12","type":"key","parameters":{},"actions":[{"type":"keyDown","value":"î€‡"},{"type":"pause","duration":10},{"type":"keyUp","value":"î€‡"}]}]}
COMMAND: GET /session/5a404f73187a01115305a03f2137b0ec/screenshot - {}
RESULT: {}
COMMAND: POST /session/5a404f73187a01115305a03f2137b0ec/element - {"using":"xpath","value":"//span[contains(text(), \"General Management\")]"}
RESULT: {"using":"xpath","value":"//span[contains(text(), \"General Management\")]"}
COMMAND: POST /session/5a404f73187a01115305a03f2137b0ec/element/f.D0531791EE27D9F39EBFF32D62FB2301.d.00A8492E315B02BBC41800F00D0549BE.e.5165/click - {}
RESULT: {}
COMMAND: GET /session/5a404f73187a01115305a03f2137b0ec/screenshot - {}
RESULT: {}
COMMAND: POST /session/5a404f73187a01115305a03f2137b0ec/element - {"using":"xpath","value":"//bdi[contains(text(), \"OK\")]"}
RESULT: {"using":"xpath","value":"//bdi[contains(text(), \"OK\")]"}
COMMAND: POST /session/5a404f73187a01115305a03f2137b0ec/element/f.D0531791EE27D9F39EBFF32D62FB2301.d.00A8492E315B02BBC41800F00D0549BE.e.5166/click - {}
RESULT: {}
COMMAND: GET /session/5a404f73187a01115305a03f2137b0ec/screenshot - {}
RESULT: {}
COMMAND: POST /session/5a404f73187a01115305a03f2137b0ec/element - {"using":"xpath","value":"//input[@id=\"application-managepartners-display-component---NewPartner--companyCodeComboBox-inner\"]"}
RESULT: {"using":"xpath","value":"//input[@id=\"application-managepartners-display-component---NewPartner--companyCodeComboBox-inner\"]"}
COMMAND: POST /session/5a404f73187a01115305a03f2137b0ec/element/f.D0531791EE27D9F39EBFF32D62FB2301.d.00A8492E315B02BBC41800F00D0549BE.e.4965/clear - {}
RESULT: {}
COMMAND: POST /session/5a404f73187a01115305a03f2137b0ec/element/f.D0531791EE27D9F39EBFF32D62FB2301.d.00A8492E315B02BBC41800F00D0549BE.e.4965/value - {"text":"1000"}
COMMAND: GET /session/5a404f73187a01115305a03f2137b0ec/screenshot - {}
RESULT: {"text":"1000"}
COMMAND: GET /session/5a404f73187a01115305a03f2137b0ec/screenshot - {}
RESULT: {}
RESULT: {}
COMMAND: POST /session/5a404f73187a01115305a03f2137b0ec/element - {"using":"xpath","value":"//li[.//span[text()= \"1000\"]]"}
RESULT: {"using":"xpath","value":"//li[.//span[text()= \"1000\"]]"}
COMMAND: POST /session/5a404f73187a01115305a03f2137b0ec/element/f.D0531791EE27D9F39EBFF32D62FB2301.d.00A8492E315B02BBC41800F00D0549BE.e.5172/click - {}
RESULT: {}
COMMAND: GET /session/5a404f73187a01115305a03f2137b0ec/screenshot - {}
RESULT: {}
COMMAND: POST /session/5a404f73187a01115305a03f2137b0ec/execute/async - {"script":"<script> [1562 bytes]","args":[{"selector":{"id":"application-managepartners-display-component---NewPartner--btnAddTableRow-img"},"wdio_ui5_key":"applicationmanagepartners-display-component---NewPartner--btnAddTableRow-img"}]}
RESULT: {"script":"<script> [1562 bytes]","args":[{"selector":{"id":"application-managepartners-display-component---NewPartner--btnAddTableRow-img"},"wdio_ui5_key":"applicationmanagepartners-display-component---NewPartner--btnAddTableRow-img"}]}
RESULT: undefined
COMMAND: POST /session/5a404f73187a01115305a03f2137b0ec/element - {"using":"xpath","value":"//*[@id=\"application-managepartners-display-component---NewPartner--btnAddTableRow-img\"]"}
RESULT: {"using":"xpath","value":"//*[@id=\"application-managepartners-display-component---NewPartner--btnAddTableRow-img\"]"}
COMMAND: POST /session/5a404f73187a01115305a03f2137b0ec/element/f.D0531791EE27D9F39EBFF32D62FB2301.d.00A8492E315B02BBC41800F00D0549BE.e.5173/click - {}
RESULT: {}
COMMAND: GET /session/5a404f73187a01115305a03f2137b0ec/screenshot - {}
RESULT: {}
COMMAND: POST /session/5a404f73187a01115305a03f2137b0ec/element - {"using":"xpath","value":"//input[@id=\"application-managepartners-display-component---NewPartner--assignmentYard-application-managepartners-display-component---NewPartner--assignmentsTable-0-inner\"]"}
RESULT: {"using":"xpath","value":"//input[@id=\"application-managepartners-display-component---NewPartner--assignmentYard-application-managepartners-display-component---NewPartner--assignmentsTable-0-inner\"]"}
COMMAND: POST /session/5a404f73187a01115305a03f2137b0ec/element/f.D0531791EE27D9F39EBFF32D62FB2301.d.00A8492E315B02BBC41800F00D0549BE.e.5176/clear - {}
RESULT: {}
COMMAND: POST /session/5a404f73187a01115305a03f2137b0ec/element/f.D0531791EE27D9F39EBFF32D62FB2301.d.00A8492E315B02BBC41800F00D0549BE.e.5176/value - {"text":"367"}
COMMAND: GET /session/5a404f73187a01115305a03f2137b0ec/screenshot - {}
RESULT: {"text":"367"}
COMMAND: GET /session/5a404f73187a01115305a03f2137b0ec/screenshot - {}
RESULT: {}
RESULT: {}
COMMAND: POST /session/5a404f73187a01115305a03f2137b0ec/element - {"using":"xpath","value":"//li[.//span[text()='367']]"}
RESULT: {"using":"xpath","value":"//li[.//span[text()='367']]"}
COMMAND: POST /session/5a404f73187a01115305a03f2137b0ec/element/f.D0531791EE27D9F39EBFF32D62FB2301.d.00A8492E315B02BBC41800F00D0549BE.e.5185/click - {}
RESULT: {}
COMMAND: GET /session/5a404f73187a01115305a03f2137b0ec/screenshot - {}
RESULT: {}
COMMAND: POST /session/5a404f73187a01115305a03f2137b0ec/actions - {"actions":[{"id":"action13","type":"key","parameters":{},"actions":[{"type":"keyDown","value":"î€‡"},{"type":"pause","duration":10},{"type":"keyUp","value":"î€‡"}]}]}
RESULT: {"actions":[{"id":"action13","type":"key","parameters":{},"actions":[{"type":"keyDown","value":"î€‡"},{"type":"pause","duration":10},{"type":"keyUp","value":"î€‡"}]}]}
COMMAND: POST /session/5a404f73187a01115305a03f2137b0ec/execute/async - {"script":"<script> [1562 bytes]","args":[{"selector":{"id":"application-managepartners-display-component---NewPartner--externalCustomerComboBox-application-managepartners-display-component---NewPartner--assignmentsTable-0-vhi"},"wdio_ui5_key":"applicationmanagepartners-display-component---NewPartner--externalCustomerComboBox-application-managepartners-display-component---NewPartner--assignmentsTable-0-vhi"}]}
COMMAND: GET /session/5a404f73187a01115305a03f2137b0ec/screenshot - {}
RESULT: {"script":"<script> [1562 bytes]","args":[{"selector":{"id":"application-managepartners-display-component---NewPartner--externalCustomerComboBox-application-managepartners-display-component---NewPartner--assignmentsTable-0-vhi"},"wdio_ui5_key":"applicationmanagepartners-display-component---NewPartner--externalCustomerComboBox-application-managepartners-display-component---NewPartner--assignmentsTable-0-vhi"}]}
RESULT: undefined
COMMAND: POST /session/5a404f73187a01115305a03f2137b0ec/element - {"using":"xpath","value":"//*[@id=\"application-managepartners-display-component---NewPartner--externalCustomerComboBox-application-managepartners-display-component---NewPartner--assignmentsTable-0-vhi\"]"}
RESULT: {}
RESULT: {"using":"xpath","value":"//*[@id=\"application-managepartners-display-component---NewPartner--externalCustomerComboBox-application-managepartners-display-component---NewPartner--assignmentsTable-0-vhi\"]"}
COMMAND: POST /session/5a404f73187a01115305a03f2137b0ec/element/f.D0531791EE27D9F39EBFF32D62FB2301.d.00A8492E315B02BBC41800F00D0549BE.e.5189/click - {}
RESULT: {}
RESULT: undefined
COMMAND: POST /session/5a404f73187a01115305a03f2137b0ec/execute/async - {"script":"<script> [776 bytes]","args":[{"enterText":"300003","selector":{"controlType":"sap.m.SearchField","properties":{"placeholder":"Search"},"searchOpenDialogs":true,"interaction":{"idSuffix":"I"}},"clearTextFirst":true,"interactionType":"ENTER_TEXT"}]}
COMMAND: GET /session/5a404f73187a01115305a03f2137b0ec/screenshot - {}
RESULT: {"script":"<script> [776 bytes]","args":[{"enterText":"300003","selector":{"controlType":"sap.m.SearchField","properties":{"placeholder":"Search"},"searchOpenDialogs":true,"interaction":{"idSuffix":"I"}},"clearTextFirst":true,"interactionType":"ENTER_TEXT"}]}
COMMAND: POST /session/5a404f73187a01115305a03f2137b0ec/actions - {"actions":[{"id":"action14","type":"key","parameters":{},"actions":[{"type":"keyDown","value":"î€‡"},{"type":"pause","duration":10},{"type":"keyUp","value":"î€‡"}]}]}
RESULT: {}
RESULT: {"actions":[{"id":"action14","type":"key","parameters":{},"actions":[{"type":"keyDown","value":"î€‡"},{"type":"pause","duration":10},{"type":"keyUp","value":"î€‡"}]}]}
COMMAND: GET /session/5a404f73187a01115305a03f2137b0ec/screenshot - {}
RESULT: {}
COMMAND: POST /session/5a404f73187a01115305a03f2137b0ec/element - {"using":"xpath","value":"//span[contains(text(), \"300003\")]"}
RESULT: {"using":"xpath","value":"//span[contains(text(), \"300003\")]"}
COMMAND: POST /session/5a404f73187a01115305a03f2137b0ec/element/f.D0531791EE27D9F39EBFF32D62FB2301.d.00A8492E315B02BBC41800F00D0549BE.e.5206/click - {}
RESULT: {}
COMMAND: GET /session/5a404f73187a01115305a03f2137b0ec/screenshot - {}
RESULT: {}
COMMAND: POST /session/5a404f73187a01115305a03f2137b0ec/element - {"using":"xpath","value":"//bdi[contains(text(), \"OK\")]"}
RESULT: {"using":"xpath","value":"//bdi[contains(text(), \"OK\")]"}
COMMAND: POST /session/5a404f73187a01115305a03f2137b0ec/element/f.D0531791EE27D9F39EBFF32D62FB2301.d.00A8492E315B02BBC41800F00D0549BE.e.5208/click - {}
RESULT: {}
COMMAND: GET /session/5a404f73187a01115305a03f2137b0ec/screenshot - {}
RESULT: {}
COMMAND: POST /session/5a404f73187a01115305a03f2137b0ec/execute/async - {"script":"<script> [1562 bytes]","args":[{"selector":{"id":"application-managepartners-display-component---NewPartner--intercompVendorComboBox-application-managepartners-display-component---NewPartner--assignmentsTable-0-vhi"},"wdio_ui5_key":"applicationmanagepartners-display-component---NewPartner--intercompVendorComboBox-application-managepartners-display-component---NewPartner--assignmentsTable-0-vhi"}]}
RESULT: {"script":"<script> [1562 bytes]","args":[{"selector":{"id":"application-managepartners-display-component---NewPartner--intercompVendorComboBox-application-managepartners-display-component---NewPartner--assignmentsTable-0-vhi"},"wdio_ui5_key":"applicationmanagepartners-display-component---NewPartner--intercompVendorComboBox-application-managepartners-display-component---NewPartner--assignmentsTable-0-vhi"}]}
RESULT: undefined
COMMAND: POST /session/5a404f73187a01115305a03f2137b0ec/element - {"using":"xpath","value":"//*[@id=\"application-managepartners-display-component---NewPartner--intercompVendorComboBox-application-managepartners-display-component---NewPartner--assignmentsTable-0-vhi\"]"}
RESULT: {"using":"xpath","value":"//*[@id=\"application-managepartners-display-component---NewPartner--intercompVendorComboBox-application-managepartners-display-component---NewPartner--assignmentsTable-0-vhi\"]"}
COMMAND: POST /session/5a404f73187a01115305a03f2137b0ec/element/f.D0531791EE27D9F39EBFF32D62FB2301.d.00A8492E315B02BBC41800F00D0549BE.e.5211/click - {}
RESULT: {}
RESULT: undefined
COMMAND: POST /session/5a404f73187a01115305a03f2137b0ec/execute/async - {"script":"<script> [776 bytes]","args":[{"enterText":"100005","selector":{"controlType":"sap.m.SearchField","properties":{"placeholder":"Search"},"searchOpenDialogs":true,"interaction":{"idSuffix":"I"}},"clearTextFirst":true,"interactionType":"ENTER_TEXT"}]}
COMMAND: GET /session/5a404f73187a01115305a03f2137b0ec/screenshot - {}
RESULT: {"script":"<script> [776 bytes]","args":[{"enterText":"100005","selector":{"controlType":"sap.m.SearchField","properties":{"placeholder":"Search"},"searchOpenDialogs":true,"interaction":{"idSuffix":"I"}},"clearTextFirst":true,"interactionType":"ENTER_TEXT"}]}
COMMAND: POST /session/5a404f73187a01115305a03f2137b0ec/actions - {"actions":[{"id":"action15","type":"key","parameters":{},"actions":[{"type":"keyDown","value":"î€‡"},{"type":"pause","duration":10},{"type":"keyUp","value":"î€‡"}]}]}
RESULT: {}
RESULT: {"actions":[{"id":"action15","type":"key","parameters":{},"actions":[{"type":"keyDown","value":"î€‡"},{"type":"pause","duration":10},{"type":"keyUp","value":"î€‡"}]}]}
COMMAND: GET /session/5a404f73187a01115305a03f2137b0ec/screenshot - {}
RESULT: {}
COMMAND: POST /session/5a404f73187a01115305a03f2137b0ec/element - {"using":"xpath","value":"//span[contains(text(), \"Penguins - Field/12345 Berlin\")]"}
RESULT: {"using":"xpath","value":"//span[contains(text(), \"Penguins - Field/12345 Berlin\")]"}
COMMAND: POST /session/5a404f73187a01115305a03f2137b0ec/element/f.D0531791EE27D9F39EBFF32D62FB2301.d.00A8492E315B02BBC41800F00D0549BE.e.5229/click - {}
RESULT: {}
COMMAND: GET /session/5a404f73187a01115305a03f2137b0ec/screenshot - {}
RESULT: {}
COMMAND: POST /session/5a404f73187a01115305a03f2137b0ec/element - {"using":"xpath","value":"//bdi[contains(text(), \"OK\")]"}
RESULT: {"using":"xpath","value":"//bdi[contains(text(), \"OK\")]"}
COMMAND: POST /session/5a404f73187a01115305a03f2137b0ec/element/f.D0531791EE27D9F39EBFF32D62FB2301.d.00A8492E315B02BBC41800F00D0549BE.e.5230/click - {}
RESULT: {}
COMMAND: GET /session/5a404f73187a01115305a03f2137b0ec/screenshot - {}
RESULT: {}
COMMAND: POST /session/5a404f73187a01115305a03f2137b0ec/element - {"using":"xpath","value":"//button[@data-kt=\"saveButton\"]"}
RESULT: {"using":"xpath","value":"//button[@data-kt=\"saveButton\"]"}
COMMAND: POST /session/5a404f73187a01115305a03f2137b0ec/element/f.D0531791EE27D9F39EBFF32D62FB2301.d.00A8492E315B02BBC41800F00D0549BE.e.4998/click - {}
RESULT: {}
COMMAND: GET /session/5a404f73187a01115305a03f2137b0ec/screenshot - {}
RESULT: {}
COMMAND: POST /session/5a404f73187a01115305a03f2137b0ec/element - {"using":"xpath","value":"//header[contains(@id, 'ObjectPageLayout-headerTitle')]/div[1]/div[2]/div[2]/span[1]"}
RESULT: {"using":"xpath","value":"//header[contains(@id, 'ObjectPageLayout-headerTitle')]/div[1]/div[2]/div[2]/span[1]"}
COMMAND: POST /session/5a404f73187a01115305a03f2137b0ec/elements - {"using":"xpath","value":"//header[contains(@id, 'ObjectPageLayout-headerTitle')]/div[1]/div[2]/div[2]/span[1]"}
RESULT: {"using":"xpath","value":"//header[contains(@id, 'ObjectPageLayout-headerTitle')]/div[1]/div[2]/div[2]/span[1]"}
COMMAND: POST /session/5a404f73187a01115305a03f2137b0ec/execute/sync - {"script":"<script> [56 bytes]","args":[{"element-6066-11e4-a52e-4f735466cecf":"f.D0531791EE27D9F39EBFF32D62FB2301.d.00A8492E315B02BBC41800F00D0549BE.e.5394","ELEMENT":"f.D0531791EE27D9F39EBFF32D62FB2301.d.00A8492E315B02BBC41800F00D0549BE.e.5394"}]}
RESULT: {"script":"<script> [56 bytes]","args":[{"element-6066-11e4-a52e-4f735466cecf":"f.D0531791EE27D9F39EBFF32D62FB2301.d.00A8492E315B02BBC41800F00D0549BE.e.5394","ELEMENT":"f.D0531791EE27D9F39EBFF32D62FB2301.d.00A8492E315B02BBC41800F00D0549BE.e.5394"}]}
COMMAND: POST /session/5a404f73187a01115305a03f2137b0ec/element - {"using":"css selector","value":"#shell-header-logo"}
COMMAND: GET /session/5a404f73187a01115305a03f2137b0ec/screenshot - {}
RESULT: {"using":"css selector","value":"#shell-header-logo"}
COMMAND: POST /session/5a404f73187a01115305a03f2137b0ec/element/f.D0531791EE27D9F39EBFF32D62FB2301.d.00A8492E315B02BBC41800F00D0549BE.e.4607/click - {}
RESULT: {}
RESULT: {}
COMMAND: GET /session/5a404f73187a01115305a03f2137b0ec/screenshot - {}
RESULT: {}
COMMAND: POST /session/5a404f73187a01115305a03f2137b0ec/execute/sync - {"script":"<script> [299 bytes]","args":[["getModel","getResource"]]}
RESULT: {"script":"<script> [299 bytes]","args":[["getModel","getResource"]]}
RESULT: undefined
COMMAND: POST /session/5a404f73187a01115305a03f2137b0ec/element - {"using":"xpath","value":"//*[@id=\"__tile30\"]"}
COMMAND: GET /session/5a404f73187a01115305a03f2137b0ec/screenshot - {}
RESULT: {"using":"xpath","value":"//*[@id=\"__tile30\"]"}
COMMAND: POST /session/5a404f73187a01115305a03f2137b0ec/element/f.D0531791EE27D9F39EBFF32D62FB2301.d.00A8492E315B02BBC41800F00D0549BE.e.4527/click - {}
RESULT: {}
RESULT: {}
COMMAND: GET /session/5a404f73187a01115305a03f2137b0ec/screenshot - {}
RESULT: {}
COMMAND: POST /session/5a404f73187a01115305a03f2137b0ec/elements - {"using":"xpath","value":"//span[text()='Error']"}
RESULT: {"using":"xpath","value":"//span[text()='Error']"}
COMMAND: POST /session/5a404f73187a01115305a03f2137b0ec/element - {"using":"xpath","value":"//button[@data-kt=\"addButton\"]"}
RESULT: {"using":"xpath","value":"//button[@data-kt=\"addButton\"]"}
COMMAND: POST /session/5a404f73187a01115305a03f2137b0ec/elements - {"using":"xpath","value":"//button[@data-kt=\"addButton\"]"}
RESULT: {"using":"xpath","value":"//button[@data-kt=\"addButton\"]"}
COMMAND: POST /session/5a404f73187a01115305a03f2137b0ec/execute/sync - {"script":"<script> [8489 bytes]","args":[{"element-6066-11e4-a52e-4f735466cecf":"f.D0531791EE27D9F39EBFF32D62FB2301.d.00A8492E315B02BBC41800F00D0549BE.e.5441","ELEMENT":"f.D0531791EE27D9F39EBFF32D62FB2301.d.00A8492E315B02BBC41800F00D0549BE.e.5441"}]}
RESULT: {"script":"<script> [8489 bytes]","args":[{"element-6066-11e4-a52e-4f735466cecf":"f.D0531791EE27D9F39EBFF32D62FB2301.d.00A8492E315B02BBC41800F00D0549BE.e.5441","ELEMENT":"f.D0531791EE27D9F39EBFF32D62FB2301.d.00A8492E315B02BBC41800F00D0549BE.e.5441"}]}
COMMAND: GET /session/5a404f73187a01115305a03f2137b0ec/element/f.D0531791EE27D9F39EBFF32D62FB2301.d.00A8492E315B02BBC41800F00D0549BE.e.5441/enabled - {}
COMMAND: GET /session/5a404f73187a01115305a03f2137b0ec/screenshot - {}
RESULT: {}
COMMAND: POST /session/5a404f73187a01115305a03f2137b0ec/execute/sync - {"script":"<script> [8489 bytes]","args":[{"element-6066-11e4-a52e-4f735466cecf":"f.D0531791EE27D9F39EBFF32D62FB2301.d.00A8492E315B02BBC41800F00D0549BE.e.5441","ELEMENT":"f.D0531791EE27D9F39EBFF32D62FB2301.d.00A8492E315B02BBC41800F00D0549BE.e.5441"}]}
COMMAND: GET /session/5a404f73187a01115305a03f2137b0ec/screenshot - {}
RESULT: {}
RESULT: {"script":"<script> [8489 bytes]","args":[{"element-6066-11e4-a52e-4f735466cecf":"f.D0531791EE27D9F39EBFF32D62FB2301.d.00A8492E315B02BBC41800F00D0549BE.e.5441","ELEMENT":"f.D0531791EE27D9F39EBFF32D62FB2301.d.00A8492E315B02BBC41800F00D0549BE.e.5441"}]}
COMMAND: POST /session/5a404f73187a01115305a03f2137b0ec/execute/sync - {"script":"<script> [5351 bytes]","args":[{"element-6066-11e4-a52e-4f735466cecf":"f.D0531791EE27D9F39EBFF32D62FB2301.d.00A8492E315B02BBC41800F00D0549BE.e.5441","ELEMENT":"f.D0531791EE27D9F39EBFF32D62FB2301.d.00A8492E315B02BBC41800F00D0549BE.e.5441"}]}
COMMAND: GET /session/5a404f73187a01115305a03f2137b0ec/screenshot - {}
RESULT: {}
RESULT: {"script":"<script> [5351 bytes]","args":[{"element-6066-11e4-a52e-4f735466cecf":"f.D0531791EE27D9F39EBFF32D62FB2301.d.00A8492E315B02BBC41800F00D0549BE.e.5441","ELEMENT":"f.D0531791EE27D9F39EBFF32D62FB2301.d.00A8492E315B02BBC41800F00D0549BE.e.5441"}]}
COMMAND: GET /session/5a404f73187a01115305a03f2137b0ec/screenshot - {}
RESULT: {}
RESULT: {}
COMMAND: POST /session/5a404f73187a01115305a03f2137b0ec/execute/async - {"script":"<script> [1562 bytes]","args":[{"selector":{"id":"application-managepartners-display-component---masterPtm--smartFilterBar-btnBasicSearch","interaction":{"idSuffix":"I"}},"wdio_ui5_key":"applicationmanagepartners-display-component---masterPtm--smartFilterBar-btnBasicSearch"}]}
RESULT: {"script":"<script> [1562 bytes]","args":[{"selector":{"id":"application-managepartners-display-component---masterPtm--smartFilterBar-btnBasicSearch","interaction":{"idSuffix":"I"}},"wdio_ui5_key":"applicationmanagepartners-display-component---masterPtm--smartFilterBar-btnBasicSearch"}]}
RESULT: undefined
COMMAND: POST /session/5a404f73187a01115305a03f2137b0ec/execute/async - {"script":"<script> [776 bytes]","args":[{"enterText":"1187","selector":{"id":"application-managepartners-display-component---masterPtm--smartFilterBar-btnBasicSearch","interaction":{"idSuffix":"I"}},"clearTextFirst":true,"interactionType":"ENTER_TEXT"}]}
RESULT: {"script":"<script> [776 bytes]","args":[{"enterText":"1187","selector":{"id":"application-managepartners-display-component---masterPtm--smartFilterBar-btnBasicSearch","interaction":{"idSuffix":"I"}},"clearTextFirst":true,"interactionType":"ENTER_TEXT"}]}
COMMAND: POST /session/5a404f73187a01115305a03f2137b0ec/actions - {"actions":[{"id":"action16","type":"key","parameters":{},"actions":[{"type":"keyDown","value":"î€‡"},{"type":"pause","duration":10},{"type":"keyUp","value":"î€‡"}]}]}
RESULT: {"actions":[{"id":"action16","type":"key","parameters":{},"actions":[{"type":"keyDown","value":"î€‡"},{"type":"pause","duration":10},{"type":"keyUp","value":"î€‡"}]}]}
COMMAND: GET /session/5a404f73187a01115305a03f2137b0ec/screenshot - {}
RESULT: {}
COMMAND: POST /session/5a404f73187a01115305a03f2137b0ec/elements - {"using":"xpath","value":"//table[contains(@id, \"customPartnersTable-listUl\")]/tbody/tr"}
RESULT: {"using":"xpath","value":"//table[contains(@id, \"customPartnersTable-listUl\")]/tbody/tr"}
COMMAND: POST /session/5a404f73187a01115305a03f2137b0ec/element - {"using":"xpath","value":"//table[contains(@id, \"customPartnersTable-listUl\")]/tbody/tr[1]/td[3]/span"}
RESULT: {"using":"xpath","value":"//table[contains(@id, \"customPartnersTable-listUl\")]/tbody/tr[1]/td[3]/span"}
COMMAND: POST /session/5a404f73187a01115305a03f2137b0ec/elements - {"using":"xpath","value":"//table[contains(@id, \"customPartnersTable-listUl\")]/tbody/tr[1]/td[3]/span"}
RESULT: {"using":"xpath","value":"//table[contains(@id, \"customPartnersTable-listUl\")]/tbody/tr[1]/td[3]/span"}
COMMAND: POST /session/5a404f73187a01115305a03f2137b0ec/execute/sync - {"script":"<script> [56 bytes]","args":[{"element-6066-11e4-a52e-4f735466cecf":"f.D0531791EE27D9F39EBFF32D62FB2301.d.00A8492E315B02BBC41800F00D0549BE.e.5576","ELEMENT":"f.D0531791EE27D9F39EBFF32D62FB2301.d.00A8492E315B02BBC41800F00D0549BE.e.5576"}]}
RESULT: {"script":"<script> [56 bytes]","args":[{"element-6066-11e4-a52e-4f735466cecf":"f.D0531791EE27D9F39EBFF32D62FB2301.d.00A8492E315B02BBC41800F00D0549BE.e.5576","ELEMENT":"f.D0531791EE27D9F39EBFF32D62FB2301.d.00A8492E315B02BBC41800F00D0549BE.e.5576"}]}
COMMAND: POST /session/5a404f73187a01115305a03f2137b0ec/element - {"using":"xpath","value":"(//span[contains(@id, \"imgNav\")])[1]"}
COMMAND: GET /session/5a404f73187a01115305a03f2137b0ec/screenshot - {}
RESULT: {"using":"xpath","value":"(//span[contains(@id, \"imgNav\")])[1]"}
COMMAND: POST /session/5a404f73187a01115305a03f2137b0ec/element/f.D0531791EE27D9F39EBFF32D62FB2301.d.00A8492E315B02BBC41800F00D0549BE.e.5573/click - {}
RESULT: {}
RESULT: {}
COMMAND: GET /session/5a404f73187a01115305a03f2137b0ec/screenshot - {}
RESULT: {}
COMMAND: POST /session/5a404f73187a01115305a03f2137b0ec/element - {"using":"xpath","value":"//bdi[contains(text(), \"Edit\")]"}
RESULT: {"using":"xpath","value":"//bdi[contains(text(), \"Edit\")]"}
COMMAND: POST /session/5a404f73187a01115305a03f2137b0ec/element/f.D0531791EE27D9F39EBFF32D62FB2301.d.00A8492E315B02BBC41800F00D0549BE.e.5719/click - {}
RESULT: {}
COMMAND: GET /session/5a404f73187a01115305a03f2137b0ec/screenshot - {}
RESULT: {}
COMMAND: POST /session/5a404f73187a01115305a03f2137b0ec/execute/async - {"script":"<script> [1562 bytes]","args":[{"selector":{"controlType":"sap.m.Input","viewName":"etm.portal.ui.managepartners.view.EditDetail","labelFor":{"text":"Name"},"interaction":{"idSuffix":"inner"}},"wdio_ui5_key":"etmportal.ui.managepartners.view.EditDetailsap.m.Input{\"text\":\"Name\"}"}]}
RESULT: {"script":"<script> [1562 bytes]","args":[{"selector":{"controlType":"sap.m.Input","viewName":"etm.portal.ui.managepartners.view.EditDetail","labelFor":{"text":"Name"},"interaction":{"idSuffix":"inner"}},"wdio_ui5_key":"etmportal.ui.managepartners.view.EditDetailsap.m.Input{\"text\":\"Name\"}"}]}
RESULT: undefined
COMMAND: POST /session/5a404f73187a01115305a03f2137b0ec/execute/async - {"script":"<script> [776 bytes]","args":[{"enterText":"Intracompany EDIT","selector":{"controlType":"sap.m.Input","viewName":"etm.portal.ui.managepartners.view.EditDetail","labelFor":{"text":"Name"},"interaction":{"idSuffix":"inner"}},"clearTextFirst":true,"interactionType":"ENTER_TEXT"}]}
RESULT: {"script":"<script> [776 bytes]","args":[{"enterText":"Intracompany EDIT","selector":{"controlType":"sap.m.Input","viewName":"etm.portal.ui.managepartners.view.EditDetail","labelFor":{"text":"Name"},"interaction":{"idSuffix":"inner"}},"clearTextFirst":true,"interactionType":"ENTER_TEXT"}]}
COMMAND: POST /session/5a404f73187a01115305a03f2137b0ec/element - {"using":"xpath","value":"(//span[contains(@id,\"addressDetailDetailsLanguage-arrow\")])[1]"}
RESULT: {"using":"xpath","value":"(//span[contains(@id,\"addressDetailDetailsLanguage-arrow\")])[1]"}
COMMAND: POST /session/5a404f73187a01115305a03f2137b0ec/element/f.D0531791EE27D9F39EBFF32D62FB2301.d.00A8492E315B02BBC41800F00D0549BE.e.5801/click - {}
RESULT: {}
COMMAND: POST /session/5a404f73187a01115305a03f2137b0ec/element - {"using":"xpath","value":"//span[contains(text(), \"Chinese\")]"}
COMMAND: GET /session/5a404f73187a01115305a03f2137b0ec/screenshot - {}
RESULT: {"using":"xpath","value":"//span[contains(text(), \"Chinese\")]"}
COMMAND: POST /session/5a404f73187a01115305a03f2137b0ec/element/f.D0531791EE27D9F39EBFF32D62FB2301.d.00A8492E315B02BBC41800F00D0549BE.e.5802/click - {}
RESULT: {}
RESULT: {}
COMMAND: GET /session/5a404f73187a01115305a03f2137b0ec/screenshot - {}
RESULT: {}
COMMAND: POST /session/5a404f73187a01115305a03f2137b0ec/execute/async - {"script":"<script> [1562 bytes]","args":[{"selector":{"controlType":"sap.m.Input","viewName":"etm.portal.ui.managepartners.view.EditDetail","labelFor":{"text":"City"},"interaction":{"idSuffix":"inner"}},"wdio_ui5_key":"etmportal.ui.managepartners.view.EditDetailsap.m.Input{\"text\":\"City\"}"}]}
RESULT: {"script":"<script> [1562 bytes]","args":[{"selector":{"controlType":"sap.m.Input","viewName":"etm.portal.ui.managepartners.view.EditDetail","labelFor":{"text":"City"},"interaction":{"idSuffix":"inner"}},"wdio_ui5_key":"etmportal.ui.managepartners.view.EditDetailsap.m.Input{\"text\":\"City\"}"}]}
RESULT: undefined
COMMAND: POST /session/5a404f73187a01115305a03f2137b0ec/execute/async - {"script":"<script> [776 bytes]","args":[{"enterText":"Clooj-Napoca","selector":{"controlType":"sap.m.Input","viewName":"etm.portal.ui.managepartners.view.EditDetail","labelFor":{"text":"City"},"interaction":{"idSuffix":"inner"}},"clearTextFirst":true,"interactionType":"ENTER_TEXT"}]}
RESULT: {"script":"<script> [776 bytes]","args":[{"enterText":"Clooj-Napoca","selector":{"controlType":"sap.m.Input","viewName":"etm.portal.ui.managepartners.view.EditDetail","labelFor":{"text":"City"},"interaction":{"idSuffix":"inner"}},"clearTextFirst":true,"interactionType":"ENTER_TEXT"}]}
COMMAND: POST /session/5a404f73187a01115305a03f2137b0ec/element - {"using":"xpath","value":"//button[@data-kt=\"saveButton\"]"}
RESULT: {"using":"xpath","value":"//button[@data-kt=\"saveButton\"]"}
COMMAND: POST /session/5a404f73187a01115305a03f2137b0ec/element/f.D0531791EE27D9F39EBFF32D62FB2301.d.00A8492E315B02BBC41800F00D0549BE.e.5781/click - {}
RESULT: {}
COMMAND: GET /session/5a404f73187a01115305a03f2137b0ec/screenshot - {}
RESULT: {}
COMMAND: POST /session/5a404f73187a01115305a03f2137b0ec/execute/async - {"script":"<script> [1562 bytes]","args":[{"selector":{"id":"application-managepartners-display-component---detailPtm--addressDetailDetailsName1"},"wdio_ui5_key":"applicationmanagepartners-display-component---detailPtm--addressDetailDetailsName1"}]}
RESULT: {"script":"<script> [1562 bytes]","args":[{"selector":{"id":"application-managepartners-display-component---detailPtm--addressDetailDetailsName1"},"wdio_ui5_key":"applicationmanagepartners-display-component---detailPtm--addressDetailDetailsName1"}]}
RESULT: undefined
COMMAND: POST /session/5a404f73187a01115305a03f2137b0ec/execute/async - {"script":"<script> [6424 bytes]","args":[{"element-6066-11e4-a52e-4f735466cecf":"f.D0531791EE27D9F39EBFF32D62FB2301.d.00A8492E315B02BBC41800F00D0549BE.e.5818"},"getValue",[]]}
RESULT: {"script":"<script> [6424 bytes]","args":[{"element-6066-11e4-a52e-4f735466cecf":"f.D0531791EE27D9F39EBFF32D62FB2301.d.00A8492E315B02BBC41800F00D0549BE.e.5818"},"getValue",[]]}
COMMAND: POST /session/5a404f73187a01115305a03f2137b0ec/element - {"using":"xpath","value":"//input[@id = \"application-managepartners-display-component---detailPtm--addressDetailDetailsLanguage-inner\"]"}
RESULT: {"using":"xpath","value":"//input[@id = \"application-managepartners-display-component---detailPtm--addressDetailDetailsLanguage-inner\"]"}
COMMAND: GET /session/5a404f73187a01115305a03f2137b0ec/element/f.D0531791EE27D9F39EBFF32D62FB2301.d.00A8492E315B02BBC41800F00D0549BE.e.5819/property/value - {}
RESULT: {}
COMMAND: POST /session/5a404f73187a01115305a03f2137b0ec/execute/async - {"script":"<script> [1562 bytes]","args":[{"selector":{"id":"application-managepartners-display-component---detailPtm--addressDetailDetailsCity1"},"wdio_ui5_key":"applicationmanagepartners-display-component---detailPtm--addressDetailDetailsCity1"}]}
COMMAND: GET /session/5a404f73187a01115305a03f2137b0ec/screenshot - {}
RESULT: {"script":"<script> [1562 bytes]","args":[{"selector":{"id":"application-managepartners-display-component---detailPtm--addressDetailDetailsCity1"},"wdio_ui5_key":"applicationmanagepartners-display-component---detailPtm--addressDetailDetailsCity1"}]}
RESULT: undefined
COMMAND: POST /session/5a404f73187a01115305a03f2137b0ec/execute/async - {"script":"<script> [6424 bytes]","args":[{"element-6066-11e4-a52e-4f735466cecf":"f.D0531791EE27D9F39EBFF32D62FB2301.d.00A8492E315B02BBC41800F00D0549BE.e.5820"},"getValue",[]]}
RESULT: {}
RESULT: {"script":"<script> [6424 bytes]","args":[{"element-6066-11e4-a52e-4f735466cecf":"f.D0531791EE27D9F39EBFF32D62FB2301.d.00A8492E315B02BBC41800F00D0549BE.e.5820"},"getValue",[]]}
COMMAND: POST /session/5a404f73187a01115305a03f2137b0ec/element - {"using":"css selector","value":"#shell-header-logo"}
RESULT: {"using":"css selector","value":"#shell-header-logo"}
COMMAND: POST /session/5a404f73187a01115305a03f2137b0ec/element/f.D0531791EE27D9F39EBFF32D62FB2301.d.00A8492E315B02BBC41800F00D0549BE.e.5397/click - {}
RESULT: {}
COMMAND: GET /session/5a404f73187a01115305a03f2137b0ec/screenshot - {}
RESULT: {}
]]></system-out>
    </testcase>
    <testcase classname="chrome.136_0_7103_49.windows.Partner_specific_tests_US150819_US151080_US151654_US151176_US103444_US151078_US151079_US151109_US151174_US151175_US151189" name="Should do filtering and navigation tests US151109" time="154.385">
      <system-out><![CDATA[
COMMAND: POST /session/5a404f73187a01115305a03f2137b0ec/element - {"using":"xpath","value":"//li[.//span[text()=\"Manage Partners\"]]"}
RESULT: {"using":"xpath","value":"//li[.//span[text()=\"Manage Partners\"]]"}
COMMAND: POST /session/5a404f73187a01115305a03f2137b0ec/element - {"using":"xpath","value":"//li[.//span[text()=\"Manage Partners\"]]"}
RESULT: {"using":"xpath","value":"//li[.//span[text()=\"Manage Partners\"]]"}
COMMAND: POST /session/5a404f73187a01115305a03f2137b0ec/element - {"using":"css selector","value":"#shell-header-logo"}
RESULT: {"using":"css selector","value":"#shell-header-logo"}
COMMAND: POST /session/5a404f73187a01115305a03f2137b0ec/element/f.D0531791EE27D9F39EBFF32D62FB2301.d.00A8492E315B02BBC41800F00D0549BE.e.5866/click - {}
COMMAND: POST /session/5a404f73187a01115305a03f2137b0ec/execute/sync - {"script":"<script> [8489 bytes]","args":[{"element-6066-11e4-a52e-4f735466cecf":"f.D0531791EE27D9F39EBFF32D62FB2301.d.00A8492E315B02BBC41800F00D0549BE.e.5866","ELEMENT":"f.D0531791EE27D9F39EBFF32D62FB2301.d.00A8492E315B02BBC41800F00D0549BE.e.5866"}]}
RESULT: {}
COMMAND: GET /session/5a404f73187a01115305a03f2137b0ec/screenshot - {}
RESULT: {"script":"<script> [8489 bytes]","args":[{"element-6066-11e4-a52e-4f735466cecf":"f.D0531791EE27D9F39EBFF32D62FB2301.d.00A8492E315B02BBC41800F00D0549BE.e.5866","ELEMENT":"f.D0531791EE27D9F39EBFF32D62FB2301.d.00A8492E315B02BBC41800F00D0549BE.e.5866"}]}
COMMAND: POST /session/5a404f73187a01115305a03f2137b0ec/execute/sync - {"script":"<script> [5351 bytes]","args":[{"element-6066-11e4-a52e-4f735466cecf":"f.D0531791EE27D9F39EBFF32D62FB2301.d.00A8492E315B02BBC41800F00D0549BE.e.5866","ELEMENT":"f.D0531791EE27D9F39EBFF32D62FB2301.d.00A8492E315B02BBC41800F00D0549BE.e.5866"}]}
COMMAND: GET /session/5a404f73187a01115305a03f2137b0ec/screenshot - {}
RESULT: {}
RESULT: {"script":"<script> [5351 bytes]","args":[{"element-6066-11e4-a52e-4f735466cecf":"f.D0531791EE27D9F39EBFF32D62FB2301.d.00A8492E315B02BBC41800F00D0549BE.e.5866","ELEMENT":"f.D0531791EE27D9F39EBFF32D62FB2301.d.00A8492E315B02BBC41800F00D0549BE.e.5866"}]}
COMMAND: GET /session/5a404f73187a01115305a03f2137b0ec/screenshot - {}
RESULT: {}
RESULT: {}
RESULT: undefined
COMMAND: POST /session/5a404f73187a01115305a03f2137b0ec/element - {"using":"xpath","value":"//*[@id=\"__tile30\"]"}
RESULT: {"using":"xpath","value":"//*[@id=\"__tile30\"]"}
COMMAND: POST /session/5a404f73187a01115305a03f2137b0ec/element/f.D0531791EE27D9F39EBFF32D62FB2301.d.00A8492E315B02BBC41800F00D0549BE.e.4527/click - {}
RESULT: {}
COMMAND: GET /session/5a404f73187a01115305a03f2137b0ec/screenshot - {}
RESULT: {}
COMMAND: POST /session/5a404f73187a01115305a03f2137b0ec/elements - {"using":"xpath","value":"//span[text()='Error']"}
RESULT: {"using":"xpath","value":"//span[text()='Error']"}
COMMAND: POST /session/5a404f73187a01115305a03f2137b0ec/element - {"using":"xpath","value":"//button[@data-kt=\"addButton\"]"}
RESULT: {"using":"xpath","value":"//button[@data-kt=\"addButton\"]"}
COMMAND: POST /session/5a404f73187a01115305a03f2137b0ec/elements - {"using":"xpath","value":"//button[@data-kt=\"addButton\"]"}
RESULT: {"using":"xpath","value":"//button[@data-kt=\"addButton\"]"}
COMMAND: POST /session/5a404f73187a01115305a03f2137b0ec/execute/sync - {"script":"<script> [8489 bytes]","args":[{"element-6066-11e4-a52e-4f735466cecf":"f.D0531791EE27D9F39EBFF32D62FB2301.d.00A8492E315B02BBC41800F00D0549BE.e.5911","ELEMENT":"f.D0531791EE27D9F39EBFF32D62FB2301.d.00A8492E315B02BBC41800F00D0549BE.e.5911"}]}
RESULT: {"script":"<script> [8489 bytes]","args":[{"element-6066-11e4-a52e-4f735466cecf":"f.D0531791EE27D9F39EBFF32D62FB2301.d.00A8492E315B02BBC41800F00D0549BE.e.5911","ELEMENT":"f.D0531791EE27D9F39EBFF32D62FB2301.d.00A8492E315B02BBC41800F00D0549BE.e.5911"}]}
COMMAND: GET /session/5a404f73187a01115305a03f2137b0ec/element/f.D0531791EE27D9F39EBFF32D62FB2301.d.00A8492E315B02BBC41800F00D0549BE.e.5911/enabled - {}
COMMAND: GET /session/5a404f73187a01115305a03f2137b0ec/screenshot - {}
RESULT: {}
COMMAND: POST /session/5a404f73187a01115305a03f2137b0ec/execute/sync - {"script":"<script> [8489 bytes]","args":[{"element-6066-11e4-a52e-4f735466cecf":"f.D0531791EE27D9F39EBFF32D62FB2301.d.00A8492E315B02BBC41800F00D0549BE.e.5911","ELEMENT":"f.D0531791EE27D9F39EBFF32D62FB2301.d.00A8492E315B02BBC41800F00D0549BE.e.5911"}]}
COMMAND: GET /session/5a404f73187a01115305a03f2137b0ec/screenshot - {}
RESULT: {}
RESULT: {"script":"<script> [8489 bytes]","args":[{"element-6066-11e4-a52e-4f735466cecf":"f.D0531791EE27D9F39EBFF32D62FB2301.d.00A8492E315B02BBC41800F00D0549BE.e.5911","ELEMENT":"f.D0531791EE27D9F39EBFF32D62FB2301.d.00A8492E315B02BBC41800F00D0549BE.e.5911"}]}
COMMAND: POST /session/5a404f73187a01115305a03f2137b0ec/execute/sync - {"script":"<script> [5351 bytes]","args":[{"element-6066-11e4-a52e-4f735466cecf":"f.D0531791EE27D9F39EBFF32D62FB2301.d.00A8492E315B02BBC41800F00D0549BE.e.5911","ELEMENT":"f.D0531791EE27D9F39EBFF32D62FB2301.d.00A8492E315B02BBC41800F00D0549BE.e.5911"}]}
COMMAND: GET /session/5a404f73187a01115305a03f2137b0ec/screenshot - {}
RESULT: {}
RESULT: {"script":"<script> [5351 bytes]","args":[{"element-6066-11e4-a52e-4f735466cecf":"f.D0531791EE27D9F39EBFF32D62FB2301.d.00A8492E315B02BBC41800F00D0549BE.e.5911","ELEMENT":"f.D0531791EE27D9F39EBFF32D62FB2301.d.00A8492E315B02BBC41800F00D0549BE.e.5911"}]}
COMMAND: GET /session/5a404f73187a01115305a03f2137b0ec/screenshot - {}
RESULT: {}
RESULT: {}
COMMAND: POST /session/5a404f73187a01115305a03f2137b0ec/element - {"using":"xpath","value":"//span[@id=\"application-managepartners-display-component---masterPtm--smartTable-header-inner\"]"}
RESULT: {"using":"xpath","value":"//span[@id=\"application-managepartners-display-component---masterPtm--smartTable-header-inner\"]"}
COMMAND: POST /session/5a404f73187a01115305a03f2137b0ec/elements - {"using":"xpath","value":"//span[@id=\"application-managepartners-display-component---masterPtm--smartTable-header-inner\"]"}
RESULT: {"using":"xpath","value":"//span[@id=\"application-managepartners-display-component---masterPtm--smartTable-header-inner\"]"}
COMMAND: POST /session/5a404f73187a01115305a03f2137b0ec/execute/sync - {"script":"<script> [56 bytes]","args":[{"element-6066-11e4-a52e-4f735466cecf":"f.D0531791EE27D9F39EBFF32D62FB2301.d.00A8492E315B02BBC41800F00D0549BE.e.6037","ELEMENT":"f.D0531791EE27D9F39EBFF32D62FB2301.d.00A8492E315B02BBC41800F00D0549BE.e.6037"}]}
RESULT: {"script":"<script> [56 bytes]","args":[{"element-6066-11e4-a52e-4f735466cecf":"f.D0531791EE27D9F39EBFF32D62FB2301.d.00A8492E315B02BBC41800F00D0549BE.e.6037","ELEMENT":"f.D0531791EE27D9F39EBFF32D62FB2301.d.00A8492E315B02BBC41800F00D0549BE.e.6037"}]}
RESULT: undefined
COMMAND: POST /session/5a404f73187a01115305a03f2137b0ec/execute/async - {"script":"<script> [776 bytes]","args":[{"enterText":"External Partner WDIO","selector":{"id":"application-managepartners-display-component---masterPtm--smartFilterBar-btnBasicSearch","interaction":{"idSuffix":"I"}},"clearTextFirst":true,"interactionType":"ENTER_TEXT"}]}
COMMAND: GET /session/5a404f73187a01115305a03f2137b0ec/screenshot - {}
RESULT: {"script":"<script> [776 bytes]","args":[{"enterText":"External Partner WDIO","selector":{"id":"application-managepartners-display-component---masterPtm--smartFilterBar-btnBasicSearch","interaction":{"idSuffix":"I"}},"clearTextFirst":true,"interactionType":"ENTER_TEXT"}]}
RESULT: {}
COMMAND: POST /session/5a404f73187a01115305a03f2137b0ec/actions - {"actions":[{"id":"action17","type":"key","parameters":{},"actions":[{"type":"keyDown","value":"î€‡"},{"type":"pause","duration":10},{"type":"keyUp","value":"î€‡"}]}]}
RESULT: {"actions":[{"id":"action17","type":"key","parameters":{},"actions":[{"type":"keyDown","value":"î€‡"},{"type":"pause","duration":10},{"type":"keyUp","value":"î€‡"}]}]}
COMMAND: GET /session/5a404f73187a01115305a03f2137b0ec/screenshot - {}
RESULT: {}
COMMAND: POST /session/5a404f73187a01115305a03f2137b0ec/element - {"using":"xpath","value":"//span[@id=\"application-managepartners-display-component---masterPtm--smartTable-header-inner\"]"}
RESULT: {"using":"xpath","value":"//span[@id=\"application-managepartners-display-component---masterPtm--smartTable-header-inner\"]"}
COMMAND: POST /session/5a404f73187a01115305a03f2137b0ec/elements - {"using":"xpath","value":"//span[@id=\"application-managepartners-display-component---masterPtm--smartTable-header-inner\"]"}
RESULT: {"using":"xpath","value":"//span[@id=\"application-managepartners-display-component---masterPtm--smartTable-header-inner\"]"}
COMMAND: POST /session/5a404f73187a01115305a03f2137b0ec/execute/sync - {"script":"<script> [56 bytes]","args":[{"element-6066-11e4-a52e-4f735466cecf":"f.D0531791EE27D9F39EBFF32D62FB2301.d.00A8492E315B02BBC41800F00D0549BE.e.6037","ELEMENT":"f.D0531791EE27D9F39EBFF32D62FB2301.d.00A8492E315B02BBC41800F00D0549BE.e.6037"}]}
RESULT: {"script":"<script> [56 bytes]","args":[{"element-6066-11e4-a52e-4f735466cecf":"f.D0531791EE27D9F39EBFF32D62FB2301.d.00A8492E315B02BBC41800F00D0549BE.e.6037","ELEMENT":"f.D0531791EE27D9F39EBFF32D62FB2301.d.00A8492E315B02BBC41800F00D0549BE.e.6037"}]}
COMMAND: POST /session/5a404f73187a01115305a03f2137b0ec/element - {"using":"xpath","value":"//div[contains(@id, \"managepartners-display-component---masterPtm--smartFilterBar-btnBasicSearch-reset\")]"}
COMMAND: GET /session/5a404f73187a01115305a03f2137b0ec/screenshot - {}
RESULT: {"using":"xpath","value":"//div[contains(@id, \"managepartners-display-component---masterPtm--smartFilterBar-btnBasicSearch-reset\")]"}
COMMAND: POST /session/5a404f73187a01115305a03f2137b0ec/element/f.D0531791EE27D9F39EBFF32D62FB2301.d.00A8492E315B02BBC41800F00D0549BE.e.6135/click - {}
RESULT: {}
RESULT: {}
COMMAND: GET /session/5a404f73187a01115305a03f2137b0ec/screenshot - {}
RESULT: {}
COMMAND: POST /session/5a404f73187a01115305a03f2137b0ec/execute/async - {"script":"<script> [1562 bytes]","args":[{"selector":{"id":"application-managepartners-display-component---masterPtm--smartFilterBar-filterItemControl_BASIC-MAIN_ADDRESS-vhi"},"wdio_ui5_key":"applicationmanagepartners-display-component---masterPtm--smartFilterBar-filterItemControl_BASIC-MAIN_ADDRESS-vhi"}]}
RESULT: {"script":"<script> [1562 bytes]","args":[{"selector":{"id":"application-managepartners-display-component---masterPtm--smartFilterBar-filterItemControl_BASIC-MAIN_ADDRESS-vhi"},"wdio_ui5_key":"applicationmanagepartners-display-component---masterPtm--smartFilterBar-filterItemControl_BASIC-MAIN_ADDRESS-vhi"}]}
RESULT: undefined
COMMAND: POST /session/5a404f73187a01115305a03f2137b0ec/element - {"using":"xpath","value":"//*[@id=\"application-managepartners-display-component---masterPtm--smartFilterBar-filterItemControl_BASIC-MAIN_ADDRESS-vhi\"]"}
RESULT: {"using":"xpath","value":"//*[@id=\"application-managepartners-display-component---masterPtm--smartFilterBar-filterItemControl_BASIC-MAIN_ADDRESS-vhi\"]"}
COMMAND: POST /session/5a404f73187a01115305a03f2137b0ec/element/f.D0531791EE27D9F39EBFF32D62FB2301.d.00A8492E315B02BBC41800F00D0549BE.e.6211/click - {}
RESULT: {}
COMMAND: GET /session/5a404f73187a01115305a03f2137b0ec/screenshot - {}
RESULT: {}
COMMAND: POST /session/5a404f73187a01115305a03f2137b0ec/execute/async - {"script":"<script> [1562 bytes]","args":[{"selector":{"id":"application-managepartners-display-component---masterPtm--smartFilterBar-filterItemControl_BASIC-MAIN_ADDRESS-valueHelpDialog-smartFilterBar-btnBasicSearch","searchOpenDialogs":true,"interaction":{"idSuffix":"I"}},"wdio_ui5_key":"applicationmanagepartners-display-component---masterPtm--smartFilterBar-filterItemControl_BASIC-MAIN_ADDRESS-valueHelpDialog-smartFilterBar-btnBasicSearch"}]}
RESULT: {"script":"<script> [1562 bytes]","args":[{"selector":{"id":"application-managepartners-display-component---masterPtm--smartFilterBar-filterItemControl_BASIC-MAIN_ADDRESS-valueHelpDialog-smartFilterBar-btnBasicSearch","searchOpenDialogs":true,"interaction":{"idSuffix":"I"}},"wdio_ui5_key":"applicationmanagepartners-display-component---masterPtm--smartFilterBar-filterItemControl_BASIC-MAIN_ADDRESS-valueHelpDialog-smartFilterBar-btnBasicSearch"}]}
RESULT: undefined
COMMAND: POST /session/5a404f73187a01115305a03f2137b0ec/execute/async - {"script":"<script> [776 bytes]","args":[{"enterText":"Romania","selector":{"id":"application-managepartners-display-component---masterPtm--smartFilterBar-filterItemControl_BASIC-MAIN_ADDRESS-valueHelpDialog-smartFilterBar-btnBasicSearch","searchOpenDialogs":true,"interaction":{"idSuffix":"I"}},"clearTextFirst":true,"interactionType":"ENTER_TEXT"}]}
RESULT: {"script":"<script> [776 bytes]","args":[{"enterText":"Romania","selector":{"id":"application-managepartners-display-component---masterPtm--smartFilterBar-filterItemControl_BASIC-MAIN_ADDRESS-valueHelpDialog-smartFilterBar-btnBasicSearch","searchOpenDialogs":true,"interaction":{"idSuffix":"I"}},"clearTextFirst":true,"interactionType":"ENTER_TEXT"}]}
COMMAND: POST /session/5a404f73187a01115305a03f2137b0ec/actions - {"actions":[{"id":"action18","type":"key","parameters":{},"actions":[{"type":"keyDown","value":"î€‡"},{"type":"pause","duration":10},{"type":"keyUp","value":"î€‡"}]}]}
RESULT: {"actions":[{"id":"action18","type":"key","parameters":{},"actions":[{"type":"keyDown","value":"î€‡"},{"type":"pause","duration":10},{"type":"keyUp","value":"î€‡"}]}]}
COMMAND: POST /session/5a404f73187a01115305a03f2137b0ec/elements - {"using":"xpath","value":"//table[contains(@id, \"smartFilterBar-filterItemControl_BASIC-MAIN_ADDRESS-valueHelpDialog-table-table\")]/tbody/tr"}
COMMAND: GET /session/5a404f73187a01115305a03f2137b0ec/screenshot - {}
RESULT: {"using":"xpath","value":"//table[contains(@id, \"smartFilterBar-filterItemControl_BASIC-MAIN_ADDRESS-valueHelpDialog-table-table\")]/tbody/tr"}
COMMAND: POST /session/5a404f73187a01115305a03f2137b0ec/element - {"using":"xpath","value":"//table[contains(@id, \"smartFilterBar-filterItemControl_BASIC-MAIN_ADDRESS-valueHelpDialog-table-table\")]/tbody/tr[1]/td[1]/div/span"}
RESULT: {}
RESULT: {"using":"xpath","value":"//table[contains(@id, \"smartFilterBar-filterItemControl_BASIC-MAIN_ADDRESS-valueHelpDialog-table-table\")]/tbody/tr[1]/td[1]/div/span"}
COMMAND: POST /session/5a404f73187a01115305a03f2137b0ec/elements - {"using":"xpath","value":"//table[contains(@id, \"smartFilterBar-filterItemControl_BASIC-MAIN_ADDRESS-valueHelpDialog-table-table\")]/tbody/tr[1]/td[1]/div/span"}
RESULT: {"using":"xpath","value":"//table[contains(@id, \"smartFilterBar-filterItemControl_BASIC-MAIN_ADDRESS-valueHelpDialog-table-table\")]/tbody/tr[1]/td[1]/div/span"}
COMMAND: POST /session/5a404f73187a01115305a03f2137b0ec/execute/sync - {"script":"<script> [56 bytes]","args":[{"element-6066-11e4-a52e-4f735466cecf":"f.D0531791EE27D9F39EBFF32D62FB2301.d.00A8492E315B02BBC41800F00D0549BE.e.6231","ELEMENT":"f.D0531791EE27D9F39EBFF32D62FB2301.d.00A8492E315B02BBC41800F00D0549BE.e.6231"}]}
RESULT: {"script":"<script> [56 bytes]","args":[{"element-6066-11e4-a52e-4f735466cecf":"f.D0531791EE27D9F39EBFF32D62FB2301.d.00A8492E315B02BBC41800F00D0549BE.e.6231","ELEMENT":"f.D0531791EE27D9F39EBFF32D62FB2301.d.00A8492E315B02BBC41800F00D0549BE.e.6231"}]}
COMMAND: POST /session/5a404f73187a01115305a03f2137b0ec/element - {"using":"xpath","value":"//div[contains(@id, \"filterItemControl_BASIC-MAIN_ADDRESS-valueHelpDialog-table-rowsel0\")]"}
COMMAND: GET /session/5a404f73187a01115305a03f2137b0ec/screenshot - {}
RESULT: {"using":"xpath","value":"//div[contains(@id, \"filterItemControl_BASIC-MAIN_ADDRESS-valueHelpDialog-table-rowsel0\")]"}
COMMAND: POST /session/5a404f73187a01115305a03f2137b0ec/element/f.D0531791EE27D9F39EBFF32D62FB2301.d.00A8492E315B02BBC41800F00D0549BE.e.6232/click - {}
RESULT: {}
RESULT: {}
COMMAND: GET /session/5a404f73187a01115305a03f2137b0ec/screenshot - {}
RESULT: {}
COMMAND: POST /session/5a404f73187a01115305a03f2137b0ec/element - {"using":"xpath","value":"(//bdi[contains(text(), \"OK\")])[1]"}
RESULT: {"using":"xpath","value":"(//bdi[contains(text(), \"OK\")])[1]"}
COMMAND: POST /session/5a404f73187a01115305a03f2137b0ec/element/f.D0531791EE27D9F39EBFF32D62FB2301.d.00A8492E315B02BBC41800F00D0549BE.e.6234/click - {}
RESULT: {}
COMMAND: GET /session/5a404f73187a01115305a03f2137b0ec/screenshot - {}
RESULT: {}
COMMAND: POST /session/5a404f73187a01115305a03f2137b0ec/element - {"using":"xpath","value":"//span[@id=\"application-managepartners-display-component---masterPtm--smartTable-header-inner\"]"}
RESULT: {"using":"xpath","value":"//span[@id=\"application-managepartners-display-component---masterPtm--smartTable-header-inner\"]"}
COMMAND: POST /session/5a404f73187a01115305a03f2137b0ec/elements - {"using":"xpath","value":"//span[@id=\"application-managepartners-display-component---masterPtm--smartTable-header-inner\"]"}
RESULT: {"using":"xpath","value":"//span[@id=\"application-managepartners-display-component---masterPtm--smartTable-header-inner\"]"}
COMMAND: POST /session/5a404f73187a01115305a03f2137b0ec/execute/sync - {"script":"<script> [56 bytes]","args":[{"element-6066-11e4-a52e-4f735466cecf":"f.D0531791EE27D9F39EBFF32D62FB2301.d.00A8492E315B02BBC41800F00D0549BE.e.6037","ELEMENT":"f.D0531791EE27D9F39EBFF32D62FB2301.d.00A8492E315B02BBC41800F00D0549BE.e.6037"}]}
RESULT: {"script":"<script> [56 bytes]","args":[{"element-6066-11e4-a52e-4f735466cecf":"f.D0531791EE27D9F39EBFF32D62FB2301.d.00A8492E315B02BBC41800F00D0549BE.e.6037","ELEMENT":"f.D0531791EE27D9F39EBFF32D62FB2301.d.00A8492E315B02BBC41800F00D0549BE.e.6037"}]}
COMMAND: POST /session/5a404f73187a01115305a03f2137b0ec/element - {"using":"xpath","value":"//span[contains(@title, \"Remove\")]"}
COMMAND: GET /session/5a404f73187a01115305a03f2137b0ec/screenshot - {}
RESULT: {"using":"xpath","value":"//span[contains(@title, \"Remove\")]"}
COMMAND: POST /session/5a404f73187a01115305a03f2137b0ec/element/f.D0531791EE27D9F39EBFF32D62FB2301.d.00A8492E315B02BBC41800F00D0549BE.e.6247/click - {}
RESULT: {}
RESULT: {}
COMMAND: GET /session/5a404f73187a01115305a03f2137b0ec/screenshot - {}
RESULT: {}
COMMAND: POST /session/5a404f73187a01115305a03f2137b0ec/element - {"using":"xpath","value":"//span[@id=\"application-managepartners-display-component---masterPtm--smartTable-header-inner\"]"}
RESULT: {"using":"xpath","value":"//span[@id=\"application-managepartners-display-component---masterPtm--smartTable-header-inner\"]"}
COMMAND: POST /session/5a404f73187a01115305a03f2137b0ec/elements - {"using":"xpath","value":"//span[@id=\"application-managepartners-display-component---masterPtm--smartTable-header-inner\"]"}
RESULT: {"using":"xpath","value":"//span[@id=\"application-managepartners-display-component---masterPtm--smartTable-header-inner\"]"}
COMMAND: POST /session/5a404f73187a01115305a03f2137b0ec/execute/sync - {"script":"<script> [56 bytes]","args":[{"element-6066-11e4-a52e-4f735466cecf":"f.D0531791EE27D9F39EBFF32D62FB2301.d.00A8492E315B02BBC41800F00D0549BE.e.6037","ELEMENT":"f.D0531791EE27D9F39EBFF32D62FB2301.d.00A8492E315B02BBC41800F00D0549BE.e.6037"}]}
RESULT: {"script":"<script> [56 bytes]","args":[{"element-6066-11e4-a52e-4f735466cecf":"f.D0531791EE27D9F39EBFF32D62FB2301.d.00A8492E315B02BBC41800F00D0549BE.e.6037","ELEMENT":"f.D0531791EE27D9F39EBFF32D62FB2301.d.00A8492E315B02BBC41800F00D0549BE.e.6037"}]}
COMMAND: POST /session/5a404f73187a01115305a03f2137b0ec/execute/async - {"script":"<script> [1562 bytes]","args":[{"selector":{"id":"application-managepartners-display-component---masterPtm--smartFilterBar-filterItemControl_BASIC-YARD-vhi"},"wdio_ui5_key":"applicationmanagepartners-display-component---masterPtm--smartFilterBar-filterItemControl_BASIC-YARD-vhi"}]}
COMMAND: GET /session/5a404f73187a01115305a03f2137b0ec/screenshot - {}
RESULT: {"script":"<script> [1562 bytes]","args":[{"selector":{"id":"application-managepartners-display-component---masterPtm--smartFilterBar-filterItemControl_BASIC-YARD-vhi"},"wdio_ui5_key":"applicationmanagepartners-display-component---masterPtm--smartFilterBar-filterItemControl_BASIC-YARD-vhi"}]}
RESULT: undefined
COMMAND: POST /session/5a404f73187a01115305a03f2137b0ec/element - {"using":"xpath","value":"//*[@id=\"application-managepartners-display-component---masterPtm--smartFilterBar-filterItemControl_BASIC-YARD-vhi\"]"}
RESULT: {}
RESULT: {"using":"xpath","value":"//*[@id=\"application-managepartners-display-component---masterPtm--smartFilterBar-filterItemControl_BASIC-YARD-vhi\"]"}
COMMAND: POST /session/5a404f73187a01115305a03f2137b0ec/element/f.D0531791EE27D9F39EBFF32D62FB2301.d.00A8492E315B02BBC41800F00D0549BE.e.6354/click - {}
RESULT: {}
COMMAND: GET /session/5a404f73187a01115305a03f2137b0ec/screenshot - {}
RESULT: {}
COMMAND: POST /session/5a404f73187a01115305a03f2137b0ec/execute/async - {"script":"<script> [1562 bytes]","args":[{"selector":{"id":"application-managepartners-display-component---masterPtm--smartFilterBar-filterItemControl_BASIC-YARD-valueHelpDialog-smartFilterBar-btnBasicSearch","searchOpenDialogs":true,"interaction":{"idSuffix":"I"}},"wdio_ui5_key":"applicationmanagepartners-display-component---masterPtm--smartFilterBar-filterItemControl_BASIC-YARD-valueHelpDialog-smartFilterBar-btnBasicSearch"}]}
RESULT: {"script":"<script> [1562 bytes]","args":[{"selector":{"id":"application-managepartners-display-component---masterPtm--smartFilterBar-filterItemControl_BASIC-YARD-valueHelpDialog-smartFilterBar-btnBasicSearch","searchOpenDialogs":true,"interaction":{"idSuffix":"I"}},"wdio_ui5_key":"applicationmanagepartners-display-component---masterPtm--smartFilterBar-filterItemControl_BASIC-YARD-valueHelpDialog-smartFilterBar-btnBasicSearch"}]}
RESULT: undefined
COMMAND: POST /session/5a404f73187a01115305a03f2137b0ec/execute/async - {"script":"<script> [776 bytes]","args":[{"enterText":"Test","selector":{"id":"application-managepartners-display-component---masterPtm--smartFilterBar-filterItemControl_BASIC-YARD-valueHelpDialog-smartFilterBar-btnBasicSearch","searchOpenDialogs":true,"interaction":{"idSuffix":"I"}},"clearTextFirst":true,"interactionType":"ENTER_TEXT"}]}
RESULT: {"script":"<script> [776 bytes]","args":[{"enterText":"Test","selector":{"id":"application-managepartners-display-component---masterPtm--smartFilterBar-filterItemControl_BASIC-YARD-valueHelpDialog-smartFilterBar-btnBasicSearch","searchOpenDialogs":true,"interaction":{"idSuffix":"I"}},"clearTextFirst":true,"interactionType":"ENTER_TEXT"}]}
COMMAND: POST /session/5a404f73187a01115305a03f2137b0ec/actions - {"actions":[{"id":"action19","type":"key","parameters":{},"actions":[{"type":"keyDown","value":"î€‡"},{"type":"pause","duration":10},{"type":"keyUp","value":"î€‡"}]}]}
RESULT: {"actions":[{"id":"action19","type":"key","parameters":{},"actions":[{"type":"keyDown","value":"î€‡"},{"type":"pause","duration":10},{"type":"keyUp","value":"î€‡"}]}]}
COMMAND: POST /session/5a404f73187a01115305a03f2137b0ec/elements - {"using":"xpath","value":"//table[contains(@id, \"smartFilterBar-filterItemControl_BASIC-YARD-valueHelpDialog-table-table\")]/tbody/tr"}
COMMAND: GET /session/5a404f73187a01115305a03f2137b0ec/screenshot - {}
RESULT: {"using":"xpath","value":"//table[contains(@id, \"smartFilterBar-filterItemControl_BASIC-YARD-valueHelpDialog-table-table\")]/tbody/tr"}
COMMAND: POST /session/5a404f73187a01115305a03f2137b0ec/element - {"using":"xpath","value":"//table[contains(@id, \"smartFilterBar-filterItemControl_BASIC-YARD-valueHelpDialog-table-table\")]/tbody/tr[1]/td[1]/div/span"}
RESULT: {}
RESULT: {"using":"xpath","value":"//table[contains(@id, \"smartFilterBar-filterItemControl_BASIC-YARD-valueHelpDialog-table-table\")]/tbody/tr[1]/td[1]/div/span"}
COMMAND: POST /session/5a404f73187a01115305a03f2137b0ec/elements - {"using":"xpath","value":"//table[contains(@id, \"smartFilterBar-filterItemControl_BASIC-YARD-valueHelpDialog-table-table\")]/tbody/tr[1]/td[1]/div/span"}
RESULT: {"using":"xpath","value":"//table[contains(@id, \"smartFilterBar-filterItemControl_BASIC-YARD-valueHelpDialog-table-table\")]/tbody/tr[1]/td[1]/div/span"}
COMMAND: POST /session/5a404f73187a01115305a03f2137b0ec/execute/sync - {"script":"<script> [56 bytes]","args":[{"element-6066-11e4-a52e-4f735466cecf":"f.D0531791EE27D9F39EBFF32D62FB2301.d.00A8492E315B02BBC41800F00D0549BE.e.6375","ELEMENT":"f.D0531791EE27D9F39EBFF32D62FB2301.d.00A8492E315B02BBC41800F00D0549BE.e.6375"}]}
RESULT: {"script":"<script> [56 bytes]","args":[{"element-6066-11e4-a52e-4f735466cecf":"f.D0531791EE27D9F39EBFF32D62FB2301.d.00A8492E315B02BBC41800F00D0549BE.e.6375","ELEMENT":"f.D0531791EE27D9F39EBFF32D62FB2301.d.00A8492E315B02BBC41800F00D0549BE.e.6375"}]}
COMMAND: POST /session/5a404f73187a01115305a03f2137b0ec/element - {"using":"xpath","value":"//table[contains(@id, \"smartFilterBar-filterItemControl_BASIC-YARD-valueHelpDialog-table-table\")]/tbody/tr[2]/td[1]/div/span"}
COMMAND: GET /session/5a404f73187a01115305a03f2137b0ec/screenshot - {}
RESULT: {"using":"xpath","value":"//table[contains(@id, \"smartFilterBar-filterItemControl_BASIC-YARD-valueHelpDialog-table-table\")]/tbody/tr[2]/td[1]/div/span"}
COMMAND: POST /session/5a404f73187a01115305a03f2137b0ec/elements - {"using":"xpath","value":"//table[contains(@id, \"smartFilterBar-filterItemControl_BASIC-YARD-valueHelpDialog-table-table\")]/tbody/tr[2]/td[1]/div/span"}
RESULT: {}
RESULT: {"using":"xpath","value":"//table[contains(@id, \"smartFilterBar-filterItemControl_BASIC-YARD-valueHelpDialog-table-table\")]/tbody/tr[2]/td[1]/div/span"}
COMMAND: POST /session/5a404f73187a01115305a03f2137b0ec/execute/sync - {"script":"<script> [56 bytes]","args":[{"element-6066-11e4-a52e-4f735466cecf":"f.D0531791EE27D9F39EBFF32D62FB2301.d.00A8492E315B02BBC41800F00D0549BE.e.6376","ELEMENT":"f.D0531791EE27D9F39EBFF32D62FB2301.d.00A8492E315B02BBC41800F00D0549BE.e.6376"}]}
RESULT: {"script":"<script> [56 bytes]","args":[{"element-6066-11e4-a52e-4f735466cecf":"f.D0531791EE27D9F39EBFF32D62FB2301.d.00A8492E315B02BBC41800F00D0549BE.e.6376","ELEMENT":"f.D0531791EE27D9F39EBFF32D62FB2301.d.00A8492E315B02BBC41800F00D0549BE.e.6376"}]}
COMMAND: POST /session/5a404f73187a01115305a03f2137b0ec/element - {"using":"xpath","value":"//table[contains(@id, \"smartFilterBar-filterItemControl_BASIC-YARD-valueHelpDialog-table-table\")]/tbody/tr[3]/td[1]/div/span"}
COMMAND: GET /session/5a404f73187a01115305a03f2137b0ec/screenshot - {}
RESULT: {"using":"xpath","value":"//table[contains(@id, \"smartFilterBar-filterItemControl_BASIC-YARD-valueHelpDialog-table-table\")]/tbody/tr[3]/td[1]/div/span"}
COMMAND: POST /session/5a404f73187a01115305a03f2137b0ec/elements - {"using":"xpath","value":"//table[contains(@id, \"smartFilterBar-filterItemControl_BASIC-YARD-valueHelpDialog-table-table\")]/tbody/tr[3]/td[1]/div/span"}
RESULT: {}
RESULT: {"using":"xpath","value":"//table[contains(@id, \"smartFilterBar-filterItemControl_BASIC-YARD-valueHelpDialog-table-table\")]/tbody/tr[3]/td[1]/div/span"}
COMMAND: POST /session/5a404f73187a01115305a03f2137b0ec/execute/sync - {"script":"<script> [56 bytes]","args":[{"element-6066-11e4-a52e-4f735466cecf":"f.D0531791EE27D9F39EBFF32D62FB2301.d.00A8492E315B02BBC41800F00D0549BE.e.6377","ELEMENT":"f.D0531791EE27D9F39EBFF32D62FB2301.d.00A8492E315B02BBC41800F00D0549BE.e.6377"}]}
RESULT: {"script":"<script> [56 bytes]","args":[{"element-6066-11e4-a52e-4f735466cecf":"f.D0531791EE27D9F39EBFF32D62FB2301.d.00A8492E315B02BBC41800F00D0549BE.e.6377","ELEMENT":"f.D0531791EE27D9F39EBFF32D62FB2301.d.00A8492E315B02BBC41800F00D0549BE.e.6377"}]}
COMMAND: POST /session/5a404f73187a01115305a03f2137b0ec/element - {"using":"xpath","value":"//div[contains(@id, \"filterItemControl_BASIC-YARD-valueHelpDialog-table-rowsel2\")]"}
COMMAND: GET /session/5a404f73187a01115305a03f2137b0ec/screenshot - {}
RESULT: {"using":"xpath","value":"//div[contains(@id, \"filterItemControl_BASIC-YARD-valueHelpDialog-table-rowsel2\")]"}
COMMAND: POST /session/5a404f73187a01115305a03f2137b0ec/element/f.D0531791EE27D9F39EBFF32D62FB2301.d.00A8492E315B02BBC41800F00D0549BE.e.6378/click - {}
RESULT: {}
RESULT: {}
COMMAND: GET /session/5a404f73187a01115305a03f2137b0ec/screenshot - {}
RESULT: {}
COMMAND: POST /session/5a404f73187a01115305a03f2137b0ec/element - {"using":"xpath","value":"(//bdi[contains(text(), \"OK\")])[1]"}
RESULT: {"using":"xpath","value":"(//bdi[contains(text(), \"OK\")])[1]"}
COMMAND: POST /session/5a404f73187a01115305a03f2137b0ec/element/f.D0531791EE27D9F39EBFF32D62FB2301.d.00A8492E315B02BBC41800F00D0549BE.e.6380/click - {}
RESULT: {}
COMMAND: GET /session/5a404f73187a01115305a03f2137b0ec/screenshot - {}
RESULT: {}
COMMAND: POST /session/5a404f73187a01115305a03f2137b0ec/element - {"using":"xpath","value":"//span[@id=\"application-managepartners-display-component---masterPtm--smartTable-header-inner\"]"}
RESULT: {"using":"xpath","value":"//span[@id=\"application-managepartners-display-component---masterPtm--smartTable-header-inner\"]"}
COMMAND: POST /session/5a404f73187a01115305a03f2137b0ec/elements - {"using":"xpath","value":"//span[@id=\"application-managepartners-display-component---masterPtm--smartTable-header-inner\"]"}
RESULT: {"using":"xpath","value":"//span[@id=\"application-managepartners-display-component---masterPtm--smartTable-header-inner\"]"}
COMMAND: POST /session/5a404f73187a01115305a03f2137b0ec/execute/sync - {"script":"<script> [56 bytes]","args":[{"element-6066-11e4-a52e-4f735466cecf":"f.D0531791EE27D9F39EBFF32D62FB2301.d.00A8492E315B02BBC41800F00D0549BE.e.6037","ELEMENT":"f.D0531791EE27D9F39EBFF32D62FB2301.d.00A8492E315B02BBC41800F00D0549BE.e.6037"}]}
RESULT: {"script":"<script> [56 bytes]","args":[{"element-6066-11e4-a52e-4f735466cecf":"f.D0531791EE27D9F39EBFF32D62FB2301.d.00A8492E315B02BBC41800F00D0549BE.e.6037","ELEMENT":"f.D0531791EE27D9F39EBFF32D62FB2301.d.00A8492E315B02BBC41800F00D0549BE.e.6037"}]}
COMMAND: POST /session/5a404f73187a01115305a03f2137b0ec/element - {"using":"xpath","value":"//span[contains(@title, \"Remove\")]"}
COMMAND: GET /session/5a404f73187a01115305a03f2137b0ec/screenshot - {}
RESULT: {"using":"xpath","value":"//span[contains(@title, \"Remove\")]"}
COMMAND: POST /session/5a404f73187a01115305a03f2137b0ec/element/f.D0531791EE27D9F39EBFF32D62FB2301.d.00A8492E315B02BBC41800F00D0549BE.e.6393/click - {}
RESULT: {}
RESULT: {}
COMMAND: GET /session/5a404f73187a01115305a03f2137b0ec/screenshot - {}
RESULT: {}
COMMAND: POST /session/5a404f73187a01115305a03f2137b0ec/element - {"using":"xpath","value":"//span[@id=\"application-managepartners-display-component---masterPtm--smartTable-header-inner\"]"}
RESULT: {"using":"xpath","value":"//span[@id=\"application-managepartners-display-component---masterPtm--smartTable-header-inner\"]"}
COMMAND: POST /session/5a404f73187a01115305a03f2137b0ec/elements - {"using":"xpath","value":"//span[@id=\"application-managepartners-display-component---masterPtm--smartTable-header-inner\"]"}
RESULT: {"using":"xpath","value":"//span[@id=\"application-managepartners-display-component---masterPtm--smartTable-header-inner\"]"}
COMMAND: POST /session/5a404f73187a01115305a03f2137b0ec/execute/sync - {"script":"<script> [56 bytes]","args":[{"element-6066-11e4-a52e-4f735466cecf":"f.D0531791EE27D9F39EBFF32D62FB2301.d.00A8492E315B02BBC41800F00D0549BE.e.6037","ELEMENT":"f.D0531791EE27D9F39EBFF32D62FB2301.d.00A8492E315B02BBC41800F00D0549BE.e.6037"}]}
RESULT: {"script":"<script> [56 bytes]","args":[{"element-6066-11e4-a52e-4f735466cecf":"f.D0531791EE27D9F39EBFF32D62FB2301.d.00A8492E315B02BBC41800F00D0549BE.e.6037","ELEMENT":"f.D0531791EE27D9F39EBFF32D62FB2301.d.00A8492E315B02BBC41800F00D0549BE.e.6037"}]}
COMMAND: POST /session/5a404f73187a01115305a03f2137b0ec/execute/async - {"script":"<script> [1562 bytes]","args":[{"selector":{"id":"application-managepartners-display-component---masterPtm--smartFilterBar-filterItemControl_BASIC-ALL_TAGS-vhi"},"wdio_ui5_key":"applicationmanagepartners-display-component---masterPtm--smartFilterBar-filterItemControl_BASIC-ALL_TAGS-vhi"}]}
COMMAND: GET /session/5a404f73187a01115305a03f2137b0ec/screenshot - {}
RESULT: {"script":"<script> [1562 bytes]","args":[{"selector":{"id":"application-managepartners-display-component---masterPtm--smartFilterBar-filterItemControl_BASIC-ALL_TAGS-vhi"},"wdio_ui5_key":"applicationmanagepartners-display-component---masterPtm--smartFilterBar-filterItemControl_BASIC-ALL_TAGS-vhi"}]}
RESULT: undefined
COMMAND: POST /session/5a404f73187a01115305a03f2137b0ec/element - {"using":"xpath","value":"//*[@id=\"application-managepartners-display-component---masterPtm--smartFilterBar-filterItemControl_BASIC-ALL_TAGS-vhi\"]"}
RESULT: {}
RESULT: {"using":"xpath","value":"//*[@id=\"application-managepartners-display-component---masterPtm--smartFilterBar-filterItemControl_BASIC-ALL_TAGS-vhi\"]"}
COMMAND: POST /session/5a404f73187a01115305a03f2137b0ec/element/f.D0531791EE27D9F39EBFF32D62FB2301.d.00A8492E315B02BBC41800F00D0549BE.e.6500/click - {}
RESULT: {}
COMMAND: GET /session/5a404f73187a01115305a03f2137b0ec/screenshot - {}
RESULT: {}
COMMAND: POST /session/5a404f73187a01115305a03f2137b0ec/execute/async - {"script":"<script> [1562 bytes]","args":[{"selector":{"id":"application-managepartners-display-component---masterPtm--smartFilterBar-filterItemControl_BASIC-ALL_TAGS-valueHelpDialog-smartFilterBar-btnBasicSearch","searchOpenDialogs":true,"interaction":{"idSuffix":"I"}},"wdio_ui5_key":"applicationmanagepartners-display-component---masterPtm--smartFilterBar-filterItemControl_BASIC-ALL_TAGS-valueHelpDialog-smartFilterBar-btnBasicSearch"}]}
RESULT: {"script":"<script> [1562 bytes]","args":[{"selector":{"id":"application-managepartners-display-component---masterPtm--smartFilterBar-filterItemControl_BASIC-ALL_TAGS-valueHelpDialog-smartFilterBar-btnBasicSearch","searchOpenDialogs":true,"interaction":{"idSuffix":"I"}},"wdio_ui5_key":"applicationmanagepartners-display-component---masterPtm--smartFilterBar-filterItemControl_BASIC-ALL_TAGS-valueHelpDialog-smartFilterBar-btnBasicSearch"}]}
RESULT: undefined
COMMAND: POST /session/5a404f73187a01115305a03f2137b0ec/execute/async - {"script":"<script> [776 bytes]","args":[{"enterText":"test-tag-1","selector":{"id":"application-managepartners-display-component---masterPtm--smartFilterBar-filterItemControl_BASIC-ALL_TAGS-valueHelpDialog-smartFilterBar-btnBasicSearch","searchOpenDialogs":true,"interaction":{"idSuffix":"I"}},"clearTextFirst":true,"interactionType":"ENTER_TEXT"}]}
RESULT: {"script":"<script> [776 bytes]","args":[{"enterText":"test-tag-1","selector":{"id":"application-managepartners-display-component---masterPtm--smartFilterBar-filterItemControl_BASIC-ALL_TAGS-valueHelpDialog-smartFilterBar-btnBasicSearch","searchOpenDialogs":true,"interaction":{"idSuffix":"I"}},"clearTextFirst":true,"interactionType":"ENTER_TEXT"}]}
COMMAND: POST /session/5a404f73187a01115305a03f2137b0ec/actions - {"actions":[{"id":"action20","type":"key","parameters":{},"actions":[{"type":"keyDown","value":"î€‡"},{"type":"pause","duration":10},{"type":"keyUp","value":"î€‡"}]}]}
RESULT: {"actions":[{"id":"action20","type":"key","parameters":{},"actions":[{"type":"keyDown","value":"î€‡"},{"type":"pause","duration":10},{"type":"keyUp","value":"î€‡"}]}]}
COMMAND: POST /session/5a404f73187a01115305a03f2137b0ec/elements - {"using":"xpath","value":"//table[contains(@id, \"smartFilterBar-filterItemControl_BASIC-ALL_TAGS-valueHelpDialog-table-table\")]/tbody/tr"}
COMMAND: GET /session/5a404f73187a01115305a03f2137b0ec/screenshot - {}
RESULT: {"using":"xpath","value":"//table[contains(@id, \"smartFilterBar-filterItemControl_BASIC-ALL_TAGS-valueHelpDialog-table-table\")]/tbody/tr"}
COMMAND: POST /session/5a404f73187a01115305a03f2137b0ec/element - {"using":"xpath","value":"//table[contains(@id, \"smartFilterBar-filterItemControl_BASIC-ALL_TAGS-valueHelpDialog-table-table\")]/tbody/tr[1]/td[1]/div/span"}
RESULT: {}
RESULT: {"using":"xpath","value":"//table[contains(@id, \"smartFilterBar-filterItemControl_BASIC-ALL_TAGS-valueHelpDialog-table-table\")]/tbody/tr[1]/td[1]/div/span"}
COMMAND: POST /session/5a404f73187a01115305a03f2137b0ec/elements - {"using":"xpath","value":"//table[contains(@id, \"smartFilterBar-filterItemControl_BASIC-ALL_TAGS-valueHelpDialog-table-table\")]/tbody/tr[1]/td[1]/div/span"}
RESULT: {"using":"xpath","value":"//table[contains(@id, \"smartFilterBar-filterItemControl_BASIC-ALL_TAGS-valueHelpDialog-table-table\")]/tbody/tr[1]/td[1]/div/span"}
COMMAND: POST /session/5a404f73187a01115305a03f2137b0ec/execute/sync - {"script":"<script> [56 bytes]","args":[{"element-6066-11e4-a52e-4f735466cecf":"f.D0531791EE27D9F39EBFF32D62FB2301.d.00A8492E315B02BBC41800F00D0549BE.e.6520","ELEMENT":"f.D0531791EE27D9F39EBFF32D62FB2301.d.00A8492E315B02BBC41800F00D0549BE.e.6520"}]}
RESULT: {"script":"<script> [56 bytes]","args":[{"element-6066-11e4-a52e-4f735466cecf":"f.D0531791EE27D9F39EBFF32D62FB2301.d.00A8492E315B02BBC41800F00D0549BE.e.6520","ELEMENT":"f.D0531791EE27D9F39EBFF32D62FB2301.d.00A8492E315B02BBC41800F00D0549BE.e.6520"}]}
COMMAND: POST /session/5a404f73187a01115305a03f2137b0ec/element - {"using":"xpath","value":"//div[contains(@id, \"filterItemControl_BASIC-ALL_TAGS-valueHelpDialog-table-rowsel0\")]"}
COMMAND: GET /session/5a404f73187a01115305a03f2137b0ec/screenshot - {}
RESULT: {"using":"xpath","value":"//div[contains(@id, \"filterItemControl_BASIC-ALL_TAGS-valueHelpDialog-table-rowsel0\")]"}
COMMAND: POST /session/5a404f73187a01115305a03f2137b0ec/element/f.D0531791EE27D9F39EBFF32D62FB2301.d.00A8492E315B02BBC41800F00D0549BE.e.6521/click - {}
RESULT: {}
RESULT: {}
COMMAND: GET /session/5a404f73187a01115305a03f2137b0ec/screenshot - {}
RESULT: {}
COMMAND: POST /session/5a404f73187a01115305a03f2137b0ec/element - {"using":"xpath","value":"(//bdi[contains(text(), \"OK\")])[1]"}
RESULT: {"using":"xpath","value":"(//bdi[contains(text(), \"OK\")])[1]"}
COMMAND: POST /session/5a404f73187a01115305a03f2137b0ec/element/f.D0531791EE27D9F39EBFF32D62FB2301.d.00A8492E315B02BBC41800F00D0549BE.e.6523/click - {}
RESULT: {}
COMMAND: GET /session/5a404f73187a01115305a03f2137b0ec/screenshot - {}
RESULT: {}
COMMAND: POST /session/5a404f73187a01115305a03f2137b0ec/element - {"using":"xpath","value":"//span[@id=\"application-managepartners-display-component---masterPtm--smartTable-header-inner\"]"}
RESULT: {"using":"xpath","value":"//span[@id=\"application-managepartners-display-component---masterPtm--smartTable-header-inner\"]"}
COMMAND: POST /session/5a404f73187a01115305a03f2137b0ec/elements - {"using":"xpath","value":"//span[@id=\"application-managepartners-display-component---masterPtm--smartTable-header-inner\"]"}
RESULT: {"using":"xpath","value":"//span[@id=\"application-managepartners-display-component---masterPtm--smartTable-header-inner\"]"}
COMMAND: POST /session/5a404f73187a01115305a03f2137b0ec/execute/sync - {"script":"<script> [56 bytes]","args":[{"element-6066-11e4-a52e-4f735466cecf":"f.D0531791EE27D9F39EBFF32D62FB2301.d.00A8492E315B02BBC41800F00D0549BE.e.6037","ELEMENT":"f.D0531791EE27D9F39EBFF32D62FB2301.d.00A8492E315B02BBC41800F00D0549BE.e.6037"}]}
RESULT: {"script":"<script> [56 bytes]","args":[{"element-6066-11e4-a52e-4f735466cecf":"f.D0531791EE27D9F39EBFF32D62FB2301.d.00A8492E315B02BBC41800F00D0549BE.e.6037","ELEMENT":"f.D0531791EE27D9F39EBFF32D62FB2301.d.00A8492E315B02BBC41800F00D0549BE.e.6037"}]}
COMMAND: POST /session/5a404f73187a01115305a03f2137b0ec/element - {"using":"xpath","value":"//span[contains(@title, \"Remove\")]"}
COMMAND: GET /session/5a404f73187a01115305a03f2137b0ec/screenshot - {}
RESULT: {"using":"xpath","value":"//span[contains(@title, \"Remove\")]"}
COMMAND: POST /session/5a404f73187a01115305a03f2137b0ec/element/f.D0531791EE27D9F39EBFF32D62FB2301.d.00A8492E315B02BBC41800F00D0549BE.e.6545/click - {}
RESULT: {}
RESULT: {}
COMMAND: GET /session/5a404f73187a01115305a03f2137b0ec/screenshot - {}
RESULT: {}
COMMAND: POST /session/5a404f73187a01115305a03f2137b0ec/execute/async - {"script":"<script> [1562 bytes]","args":[{"selector":{"id":"application-managepartners-display-component---masterPtm--partnerTypes-arrow"},"wdio_ui5_key":"applicationmanagepartners-display-component---masterPtm--partnerTypes-arrow"}]}
RESULT: {"script":"<script> [1562 bytes]","args":[{"selector":{"id":"application-managepartners-display-component---masterPtm--partnerTypes-arrow"},"wdio_ui5_key":"applicationmanagepartners-display-component---masterPtm--partnerTypes-arrow"}]}
RESULT: undefined
COMMAND: POST /session/5a404f73187a01115305a03f2137b0ec/element - {"using":"xpath","value":"//*[@id=\"application-managepartners-display-component---masterPtm--partnerTypes-arrow\"]"}
RESULT: {"using":"xpath","value":"//*[@id=\"application-managepartners-display-component---masterPtm--partnerTypes-arrow\"]"}
COMMAND: POST /session/5a404f73187a01115305a03f2137b0ec/element/f.D0531791EE27D9F39EBFF32D62FB2301.d.00A8492E315B02BBC41800F00D0549BE.e.6651/click - {}
RESULT: {}
COMMAND: GET /session/5a404f73187a01115305a03f2137b0ec/screenshot - {}
RESULT: {}
COMMAND: POST /session/5a404f73187a01115305a03f2137b0ec/element - {"using":"xpath","value":"//li[.//span[text()=\"External partner\"]]//div[contains(@class,\"sapMCbBg\")]"}
RESULT: {"using":"xpath","value":"//li[.//span[text()=\"External partner\"]]//div[contains(@class,\"sapMCbBg\")]"}
COMMAND: POST /session/5a404f73187a01115305a03f2137b0ec/element/f.D0531791EE27D9F39EBFF32D62FB2301.d.00A8492E315B02BBC41800F00D0549BE.e.6654/click - {}
RESULT: {}
COMMAND: GET /session/5a404f73187a01115305a03f2137b0ec/screenshot - {}
RESULT: {}
COMMAND: POST /session/5a404f73187a01115305a03f2137b0ec/element - {"using":"xpath","value":"//div[contains(@id,\"application-managepartners-display-component---masterPtm--smartFilterBar-btnBasicSearch-search\")]"}
RESULT: {"using":"xpath","value":"//div[contains(@id,\"application-managepartners-display-component---masterPtm--smartFilterBar-btnBasicSearch-search\")]"}
COMMAND: POST /session/5a404f73187a01115305a03f2137b0ec/element/f.D0531791EE27D9F39EBFF32D62FB2301.d.00A8492E315B02BBC41800F00D0549BE.e.6735/click - {}
RESULT: {}
COMMAND: GET /session/5a404f73187a01115305a03f2137b0ec/screenshot - {}
RESULT: {}
COMMAND: POST /session/5a404f73187a01115305a03f2137b0ec/element - {"using":"xpath","value":"//span[@id=\"application-managepartners-display-component---masterPtm--smartTable-header-inner\"]"}
RESULT: {"using":"xpath","value":"//span[@id=\"application-managepartners-display-component---masterPtm--smartTable-header-inner\"]"}
COMMAND: POST /session/5a404f73187a01115305a03f2137b0ec/elements - {"using":"xpath","value":"//span[@id=\"application-managepartners-display-component---masterPtm--smartTable-header-inner\"]"}
RESULT: {"using":"xpath","value":"//span[@id=\"application-managepartners-display-component---masterPtm--smartTable-header-inner\"]"}
COMMAND: POST /session/5a404f73187a01115305a03f2137b0ec/execute/sync - {"script":"<script> [56 bytes]","args":[{"element-6066-11e4-a52e-4f735466cecf":"f.D0531791EE27D9F39EBFF32D62FB2301.d.00A8492E315B02BBC41800F00D0549BE.e.6037","ELEMENT":"f.D0531791EE27D9F39EBFF32D62FB2301.d.00A8492E315B02BBC41800F00D0549BE.e.6037"}]}
RESULT: {"script":"<script> [56 bytes]","args":[{"element-6066-11e4-a52e-4f735466cecf":"f.D0531791EE27D9F39EBFF32D62FB2301.d.00A8492E315B02BBC41800F00D0549BE.e.6037","ELEMENT":"f.D0531791EE27D9F39EBFF32D62FB2301.d.00A8492E315B02BBC41800F00D0549BE.e.6037"}]}
COMMAND: POST /session/5a404f73187a01115305a03f2137b0ec/element - {"using":"xpath","value":"//span[contains(@title, \"Remove\")]"}
COMMAND: GET /session/5a404f73187a01115305a03f2137b0ec/screenshot - {}
RESULT: {"using":"xpath","value":"//span[contains(@title, \"Remove\")]"}
COMMAND: POST /session/5a404f73187a01115305a03f2137b0ec/element/f.D0531791EE27D9F39EBFF32D62FB2301.d.00A8492E315B02BBC41800F00D0549BE.e.6738/click - {}
RESULT: {}
RESULT: {}
COMMAND: GET /session/5a404f73187a01115305a03f2137b0ec/screenshot - {}
RESULT: {}
COMMAND: POST /session/5a404f73187a01115305a03f2137b0ec/execute/async - {"script":"<script> [1562 bytes]","args":[{"selector":{"id":"application-managepartners-display-component---masterPtm--smartFilterBar-btnFilters","interaction":{"idSuffix":"BDI-content"}},"wdio_ui5_key":"applicationmanagepartners-display-component---masterPtm--smartFilterBar-btnFilters"}]}
RESULT: {"script":"<script> [1562 bytes]","args":[{"selector":{"id":"application-managepartners-display-component---masterPtm--smartFilterBar-btnFilters","interaction":{"idSuffix":"BDI-content"}},"wdio_ui5_key":"applicationmanagepartners-display-component---masterPtm--smartFilterBar-btnFilters"}]}
RESULT: undefined
COMMAND: POST /session/5a404f73187a01115305a03f2137b0ec/element - {"using":"xpath","value":"//*[@id=\"application-managepartners-display-component---masterPtm--smartFilterBar-btnFilters\"]"}
RESULT: {"using":"xpath","value":"//*[@id=\"application-managepartners-display-component---masterPtm--smartFilterBar-btnFilters\"]"}
COMMAND: POST /session/5a404f73187a01115305a03f2137b0ec/element/f.D0531791EE27D9F39EBFF32D62FB2301.d.00A8492E315B02BBC41800F00D0549BE.e.5888/click - {}
RESULT: {}
COMMAND: GET /session/5a404f73187a01115305a03f2137b0ec/screenshot - {}
RESULT: {}
COMMAND: POST /session/5a404f73187a01115305a03f2137b0ec/elements - {"using":"xpath","value":"//table[contains(@id, \"listView-innerSelectionPanelTable-listUl\")]/tbody/tr"}
RESULT: {"using":"xpath","value":"//table[contains(@id, \"listView-innerSelectionPanelTable-listUl\")]/tbody/tr"}
COMMAND: POST /session/5a404f73187a01115305a03f2137b0ec/element - {"using":"xpath","value":"//table[contains(@id, \"listView-innerSelectionPanelTable-listUl\")]/tbody/tr[2]/td[2]/div/div"}
RESULT: {"using":"xpath","value":"//table[contains(@id, \"listView-innerSelectionPanelTable-listUl\")]/tbody/tr[2]/td[2]/div/div"}
COMMAND: POST /session/5a404f73187a01115305a03f2137b0ec/element - {"using":"xpath","value":"//table[contains(@id, \"listView-innerSelectionPanelTable-listUl\")]/tbody/tr[2]/td[2]/div"}
RESULT: {"using":"xpath","value":"//table[contains(@id, \"listView-innerSelectionPanelTable-listUl\")]/tbody/tr[2]/td[2]/div"}
COMMAND: POST /session/5a404f73187a01115305a03f2137b0ec/element - {"using":"xpath","value":"//table[contains(@id, \"listView-innerSelectionPanelTable-listUl\")]/tbody/tr[2]/td[3]/div/div/span/span[1]/bdi"}
RESULT: {"using":"xpath","value":"//table[contains(@id, \"listView-innerSelectionPanelTable-listUl\")]/tbody/tr[2]/td[3]/div/div/span/span[1]/bdi"}
COMMAND: POST /session/5a404f73187a01115305a03f2137b0ec/execute/sync - {"script":"<script> [56 bytes]","args":[{"element-6066-11e4-a52e-4f735466cecf":"f.D0531791EE27D9F39EBFF32D62FB2301.d.00A8492E315B02BBC41800F00D0549BE.e.6846","ELEMENT":"f.D0531791EE27D9F39EBFF32D62FB2301.d.00A8492E315B02BBC41800F00D0549BE.e.6846"}]}
RESULT: {"script":"<script> [56 bytes]","args":[{"element-6066-11e4-a52e-4f735466cecf":"f.D0531791EE27D9F39EBFF32D62FB2301.d.00A8492E315B02BBC41800F00D0549BE.e.6846","ELEMENT":"f.D0531791EE27D9F39EBFF32D62FB2301.d.00A8492E315B02BBC41800F00D0549BE.e.6846"}]}
COMMAND: GET /session/5a404f73187a01115305a03f2137b0ec/element/f.D0531791EE27D9F39EBFF32D62FB2301.d.00A8492E315B02BBC41800F00D0549BE.e.6845/attribute/aria-checked - {}
COMMAND: GET /session/5a404f73187a01115305a03f2137b0ec/screenshot - {}
RESULT: {}
COMMAND: POST /session/5a404f73187a01115305a03f2137b0ec/element - {"using":"xpath","value":"//table[contains(@id, \"listView-innerSelectionPanelTable-listUl\")]/tbody/tr[3]/td[2]/div/div"}
RESULT: {}
RESULT: {"using":"xpath","value":"//table[contains(@id, \"listView-innerSelectionPanelTable-listUl\")]/tbody/tr[3]/td[2]/div/div"}
COMMAND: POST /session/5a404f73187a01115305a03f2137b0ec/element - {"using":"xpath","value":"//table[contains(@id, \"listView-innerSelectionPanelTable-listUl\")]/tbody/tr[3]/td[2]/div"}
RESULT: {"using":"xpath","value":"//table[contains(@id, \"listView-innerSelectionPanelTable-listUl\")]/tbody/tr[3]/td[2]/div"}
COMMAND: POST /session/5a404f73187a01115305a03f2137b0ec/element - {"using":"xpath","value":"//table[contains(@id, \"listView-innerSelectionPanelTable-listUl\")]/tbody/tr[3]/td[3]/div/div/span/span[1]/bdi"}
RESULT: {"using":"xpath","value":"//table[contains(@id, \"listView-innerSelectionPanelTable-listUl\")]/tbody/tr[3]/td[3]/div/div/span/span[1]/bdi"}
COMMAND: POST /session/5a404f73187a01115305a03f2137b0ec/execute/sync - {"script":"<script> [56 bytes]","args":[{"element-6066-11e4-a52e-4f735466cecf":"f.D0531791EE27D9F39EBFF32D62FB2301.d.00A8492E315B02BBC41800F00D0549BE.e.6849","ELEMENT":"f.D0531791EE27D9F39EBFF32D62FB2301.d.00A8492E315B02BBC41800F00D0549BE.e.6849"}]}
RESULT: {"script":"<script> [56 bytes]","args":[{"element-6066-11e4-a52e-4f735466cecf":"f.D0531791EE27D9F39EBFF32D62FB2301.d.00A8492E315B02BBC41800F00D0549BE.e.6849","ELEMENT":"f.D0531791EE27D9F39EBFF32D62FB2301.d.00A8492E315B02BBC41800F00D0549BE.e.6849"}]}
COMMAND: GET /session/5a404f73187a01115305a03f2137b0ec/element/f.D0531791EE27D9F39EBFF32D62FB2301.d.00A8492E315B02BBC41800F00D0549BE.e.6848/attribute/aria-checked - {}
COMMAND: GET /session/5a404f73187a01115305a03f2137b0ec/screenshot - {}
RESULT: {}
COMMAND: POST /session/5a404f73187a01115305a03f2137b0ec/element - {"using":"xpath","value":"//table[contains(@id, \"listView-innerSelectionPanelTable-listUl\")]/tbody/tr[4]/td[2]/div/div"}
RESULT: {}
RESULT: {"using":"xpath","value":"//table[contains(@id, \"listView-innerSelectionPanelTable-listUl\")]/tbody/tr[4]/td[2]/div/div"}
COMMAND: POST /session/5a404f73187a01115305a03f2137b0ec/element - {"using":"xpath","value":"//table[contains(@id, \"listView-innerSelectionPanelTable-listUl\")]/tbody/tr[4]/td[2]/div"}
RESULT: {"using":"xpath","value":"//table[contains(@id, \"listView-innerSelectionPanelTable-listUl\")]/tbody/tr[4]/td[2]/div"}
COMMAND: POST /session/5a404f73187a01115305a03f2137b0ec/element - {"using":"xpath","value":"//table[contains(@id, \"listView-innerSelectionPanelTable-listUl\")]/tbody/tr[4]/td[3]/div/div/span/span[1]/bdi"}
RESULT: {"using":"xpath","value":"//table[contains(@id, \"listView-innerSelectionPanelTable-listUl\")]/tbody/tr[4]/td[3]/div/div/span/span[1]/bdi"}
COMMAND: POST /session/5a404f73187a01115305a03f2137b0ec/execute/sync - {"script":"<script> [56 bytes]","args":[{"element-6066-11e4-a52e-4f735466cecf":"f.D0531791EE27D9F39EBFF32D62FB2301.d.00A8492E315B02BBC41800F00D0549BE.e.6852","ELEMENT":"f.D0531791EE27D9F39EBFF32D62FB2301.d.00A8492E315B02BBC41800F00D0549BE.e.6852"}]}
RESULT: {"script":"<script> [56 bytes]","args":[{"element-6066-11e4-a52e-4f735466cecf":"f.D0531791EE27D9F39EBFF32D62FB2301.d.00A8492E315B02BBC41800F00D0549BE.e.6852","ELEMENT":"f.D0531791EE27D9F39EBFF32D62FB2301.d.00A8492E315B02BBC41800F00D0549BE.e.6852"}]}
COMMAND: GET /session/5a404f73187a01115305a03f2137b0ec/element/f.D0531791EE27D9F39EBFF32D62FB2301.d.00A8492E315B02BBC41800F00D0549BE.e.6851/attribute/aria-checked - {}
COMMAND: GET /session/5a404f73187a01115305a03f2137b0ec/screenshot - {}
RESULT: {}
COMMAND: POST /session/5a404f73187a01115305a03f2137b0ec/element - {"using":"xpath","value":"//table[contains(@id, \"listView-innerSelectionPanelTable-listUl\")]/tbody/tr[5]/td[2]/div/div"}
RESULT: {}
RESULT: {"using":"xpath","value":"//table[contains(@id, \"listView-innerSelectionPanelTable-listUl\")]/tbody/tr[5]/td[2]/div/div"}
COMMAND: POST /session/5a404f73187a01115305a03f2137b0ec/element - {"using":"xpath","value":"//table[contains(@id, \"listView-innerSelectionPanelTable-listUl\")]/tbody/tr[5]/td[2]/div"}
RESULT: {"using":"xpath","value":"//table[contains(@id, \"listView-innerSelectionPanelTable-listUl\")]/tbody/tr[5]/td[2]/div"}
COMMAND: POST /session/5a404f73187a01115305a03f2137b0ec/element - {"using":"xpath","value":"//table[contains(@id, \"listView-innerSelectionPanelTable-listUl\")]/tbody/tr[5]/td[3]/div/div/span/span[1]/bdi"}
RESULT: {"using":"xpath","value":"//table[contains(@id, \"listView-innerSelectionPanelTable-listUl\")]/tbody/tr[5]/td[3]/div/div/span/span[1]/bdi"}
COMMAND: POST /session/5a404f73187a01115305a03f2137b0ec/execute/sync - {"script":"<script> [56 bytes]","args":[{"element-6066-11e4-a52e-4f735466cecf":"f.D0531791EE27D9F39EBFF32D62FB2301.d.00A8492E315B02BBC41800F00D0549BE.e.6855","ELEMENT":"f.D0531791EE27D9F39EBFF32D62FB2301.d.00A8492E315B02BBC41800F00D0549BE.e.6855"}]}
RESULT: {"script":"<script> [56 bytes]","args":[{"element-6066-11e4-a52e-4f735466cecf":"f.D0531791EE27D9F39EBFF32D62FB2301.d.00A8492E315B02BBC41800F00D0549BE.e.6855","ELEMENT":"f.D0531791EE27D9F39EBFF32D62FB2301.d.00A8492E315B02BBC41800F00D0549BE.e.6855"}]}
COMMAND: GET /session/5a404f73187a01115305a03f2137b0ec/element/f.D0531791EE27D9F39EBFF32D62FB2301.d.00A8492E315B02BBC41800F00D0549BE.e.6854/attribute/aria-checked - {}
COMMAND: GET /session/5a404f73187a01115305a03f2137b0ec/screenshot - {}
RESULT: {}
COMMAND: POST /session/5a404f73187a01115305a03f2137b0ec/element - {"using":"xpath","value":"//table[contains(@id, \"listView-innerSelectionPanelTable-listUl\")]/tbody/tr[6]/td[2]/div/div"}
RESULT: {}
RESULT: {"using":"xpath","value":"//table[contains(@id, \"listView-innerSelectionPanelTable-listUl\")]/tbody/tr[6]/td[2]/div/div"}
COMMAND: POST /session/5a404f73187a01115305a03f2137b0ec/element - {"using":"xpath","value":"//table[contains(@id, \"listView-innerSelectionPanelTable-listUl\")]/tbody/tr[6]/td[2]/div"}
RESULT: {"using":"xpath","value":"//table[contains(@id, \"listView-innerSelectionPanelTable-listUl\")]/tbody/tr[6]/td[2]/div"}
COMMAND: POST /session/5a404f73187a01115305a03f2137b0ec/element - {"using":"xpath","value":"//table[contains(@id, \"listView-innerSelectionPanelTable-listUl\")]/tbody/tr[6]/td[3]/div/div/span/span[1]/bdi"}
RESULT: {"using":"xpath","value":"//table[contains(@id, \"listView-innerSelectionPanelTable-listUl\")]/tbody/tr[6]/td[3]/div/div/span/span[1]/bdi"}
COMMAND: POST /session/5a404f73187a01115305a03f2137b0ec/execute/sync - {"script":"<script> [56 bytes]","args":[{"element-6066-11e4-a52e-4f735466cecf":"f.D0531791EE27D9F39EBFF32D62FB2301.d.00A8492E315B02BBC41800F00D0549BE.e.6858","ELEMENT":"f.D0531791EE27D9F39EBFF32D62FB2301.d.00A8492E315B02BBC41800F00D0549BE.e.6858"}]}
RESULT: {"script":"<script> [56 bytes]","args":[{"element-6066-11e4-a52e-4f735466cecf":"f.D0531791EE27D9F39EBFF32D62FB2301.d.00A8492E315B02BBC41800F00D0549BE.e.6858","ELEMENT":"f.D0531791EE27D9F39EBFF32D62FB2301.d.00A8492E315B02BBC41800F00D0549BE.e.6858"}]}
COMMAND: GET /session/5a404f73187a01115305a03f2137b0ec/element/f.D0531791EE27D9F39EBFF32D62FB2301.d.00A8492E315B02BBC41800F00D0549BE.e.6857/attribute/aria-checked - {}
COMMAND: GET /session/5a404f73187a01115305a03f2137b0ec/screenshot - {}
RESULT: {}
COMMAND: POST /session/5a404f73187a01115305a03f2137b0ec/element - {"using":"xpath","value":"//table[contains(@id, \"listView-innerSelectionPanelTable-listUl\")]/tbody/tr[7]/td[2]/div/div"}
RESULT: {}
RESULT: {"using":"xpath","value":"//table[contains(@id, \"listView-innerSelectionPanelTable-listUl\")]/tbody/tr[7]/td[2]/div/div"}
COMMAND: POST /session/5a404f73187a01115305a03f2137b0ec/element - {"using":"xpath","value":"//table[contains(@id, \"listView-innerSelectionPanelTable-listUl\")]/tbody/tr[7]/td[2]/div"}
RESULT: {"using":"xpath","value":"//table[contains(@id, \"listView-innerSelectionPanelTable-listUl\")]/tbody/tr[7]/td[2]/div"}
COMMAND: POST /session/5a404f73187a01115305a03f2137b0ec/element - {"using":"xpath","value":"//table[contains(@id, \"listView-innerSelectionPanelTable-listUl\")]/tbody/tr[7]/td[3]/div/div/span/span[1]/bdi"}
RESULT: {"using":"xpath","value":"//table[contains(@id, \"listView-innerSelectionPanelTable-listUl\")]/tbody/tr[7]/td[3]/div/div/span/span[1]/bdi"}
COMMAND: POST /session/5a404f73187a01115305a03f2137b0ec/execute/sync - {"script":"<script> [56 bytes]","args":[{"element-6066-11e4-a52e-4f735466cecf":"f.D0531791EE27D9F39EBFF32D62FB2301.d.00A8492E315B02BBC41800F00D0549BE.e.6861","ELEMENT":"f.D0531791EE27D9F39EBFF32D62FB2301.d.00A8492E315B02BBC41800F00D0549BE.e.6861"}]}
RESULT: {"script":"<script> [56 bytes]","args":[{"element-6066-11e4-a52e-4f735466cecf":"f.D0531791EE27D9F39EBFF32D62FB2301.d.00A8492E315B02BBC41800F00D0549BE.e.6861","ELEMENT":"f.D0531791EE27D9F39EBFF32D62FB2301.d.00A8492E315B02BBC41800F00D0549BE.e.6861"}]}
COMMAND: GET /session/5a404f73187a01115305a03f2137b0ec/element/f.D0531791EE27D9F39EBFF32D62FB2301.d.00A8492E315B02BBC41800F00D0549BE.e.6860/attribute/aria-checked - {}
COMMAND: GET /session/5a404f73187a01115305a03f2137b0ec/screenshot - {}
RESULT: {}
COMMAND: POST /session/5a404f73187a01115305a03f2137b0ec/element - {"using":"xpath","value":"//table[contains(@id, \"listView-innerSelectionPanelTable-listUl\")]/tbody/tr[8]/td[2]/div/div"}
RESULT: {}
RESULT: {"using":"xpath","value":"//table[contains(@id, \"listView-innerSelectionPanelTable-listUl\")]/tbody/tr[8]/td[2]/div/div"}
COMMAND: POST /session/5a404f73187a01115305a03f2137b0ec/element - {"using":"xpath","value":"//table[contains(@id, \"listView-innerSelectionPanelTable-listUl\")]/tbody/tr[8]/td[2]/div"}
RESULT: {"using":"xpath","value":"//table[contains(@id, \"listView-innerSelectionPanelTable-listUl\")]/tbody/tr[8]/td[2]/div"}
COMMAND: POST /session/5a404f73187a01115305a03f2137b0ec/element - {"using":"xpath","value":"//table[contains(@id, \"listView-innerSelectionPanelTable-listUl\")]/tbody/tr[8]/td[3]/div/div/span/span[1]/bdi"}
RESULT: {"using":"xpath","value":"//table[contains(@id, \"listView-innerSelectionPanelTable-listUl\")]/tbody/tr[8]/td[3]/div/div/span/span[1]/bdi"}
COMMAND: POST /session/5a404f73187a01115305a03f2137b0ec/execute/sync - {"script":"<script> [56 bytes]","args":[{"element-6066-11e4-a52e-4f735466cecf":"f.D0531791EE27D9F39EBFF32D62FB2301.d.00A8492E315B02BBC41800F00D0549BE.e.6864","ELEMENT":"f.D0531791EE27D9F39EBFF32D62FB2301.d.00A8492E315B02BBC41800F00D0549BE.e.6864"}]}
RESULT: {"script":"<script> [56 bytes]","args":[{"element-6066-11e4-a52e-4f735466cecf":"f.D0531791EE27D9F39EBFF32D62FB2301.d.00A8492E315B02BBC41800F00D0549BE.e.6864","ELEMENT":"f.D0531791EE27D9F39EBFF32D62FB2301.d.00A8492E315B02BBC41800F00D0549BE.e.6864"}]}
COMMAND: GET /session/5a404f73187a01115305a03f2137b0ec/element/f.D0531791EE27D9F39EBFF32D62FB2301.d.00A8492E315B02BBC41800F00D0549BE.e.6863/attribute/aria-checked - {}
COMMAND: GET /session/5a404f73187a01115305a03f2137b0ec/screenshot - {}
RESULT: {}
COMMAND: POST /session/5a404f73187a01115305a03f2137b0ec/element - {"using":"xpath","value":"//table[contains(@id, \"listView-innerSelectionPanelTable-listUl\")]/tbody/tr[9]/td[2]/div/div"}
RESULT: {}
RESULT: {"using":"xpath","value":"//table[contains(@id, \"listView-innerSelectionPanelTable-listUl\")]/tbody/tr[9]/td[2]/div/div"}
COMMAND: POST /session/5a404f73187a01115305a03f2137b0ec/element - {"using":"xpath","value":"//table[contains(@id, \"listView-innerSelectionPanelTable-listUl\")]/tbody/tr[9]/td[2]/div"}
RESULT: {"using":"xpath","value":"//table[contains(@id, \"listView-innerSelectionPanelTable-listUl\")]/tbody/tr[9]/td[2]/div"}
COMMAND: POST /session/5a404f73187a01115305a03f2137b0ec/element - {"using":"xpath","value":"//table[contains(@id, \"listView-innerSelectionPanelTable-listUl\")]/tbody/tr[9]/td[3]/div/div/span/span[1]/bdi"}
RESULT: {"using":"xpath","value":"//table[contains(@id, \"listView-innerSelectionPanelTable-listUl\")]/tbody/tr[9]/td[3]/div/div/span/span[1]/bdi"}
COMMAND: POST /session/5a404f73187a01115305a03f2137b0ec/execute/sync - {"script":"<script> [56 bytes]","args":[{"element-6066-11e4-a52e-4f735466cecf":"f.D0531791EE27D9F39EBFF32D62FB2301.d.00A8492E315B02BBC41800F00D0549BE.e.6867","ELEMENT":"f.D0531791EE27D9F39EBFF32D62FB2301.d.00A8492E315B02BBC41800F00D0549BE.e.6867"}]}
RESULT: {"script":"<script> [56 bytes]","args":[{"element-6066-11e4-a52e-4f735466cecf":"f.D0531791EE27D9F39EBFF32D62FB2301.d.00A8492E315B02BBC41800F00D0549BE.e.6867","ELEMENT":"f.D0531791EE27D9F39EBFF32D62FB2301.d.00A8492E315B02BBC41800F00D0549BE.e.6867"}]}
COMMAND: GET /session/5a404f73187a01115305a03f2137b0ec/element/f.D0531791EE27D9F39EBFF32D62FB2301.d.00A8492E315B02BBC41800F00D0549BE.e.6866/attribute/aria-checked - {}
COMMAND: GET /session/5a404f73187a01115305a03f2137b0ec/screenshot - {}
RESULT: {}
COMMAND: POST /session/5a404f73187a01115305a03f2137b0ec/element - {"using":"xpath","value":"//table[contains(@id, \"listView-innerSelectionPanelTable-listUl\")]/tbody/tr[10]/td[2]/div/div"}
RESULT: {}
RESULT: {"using":"xpath","value":"//table[contains(@id, \"listView-innerSelectionPanelTable-listUl\")]/tbody/tr[10]/td[2]/div/div"}
COMMAND: POST /session/5a404f73187a01115305a03f2137b0ec/element - {"using":"xpath","value":"//table[contains(@id, \"listView-innerSelectionPanelTable-listUl\")]/tbody/tr[10]/td[2]/div"}
RESULT: {"using":"xpath","value":"//table[contains(@id, \"listView-innerSelectionPanelTable-listUl\")]/tbody/tr[10]/td[2]/div"}
COMMAND: POST /session/5a404f73187a01115305a03f2137b0ec/element - {"using":"xpath","value":"//table[contains(@id, \"listView-innerSelectionPanelTable-listUl\")]/tbody/tr[10]/td[3]/div/div/span/span[1]/bdi"}
RESULT: {"using":"xpath","value":"//table[contains(@id, \"listView-innerSelectionPanelTable-listUl\")]/tbody/tr[10]/td[3]/div/div/span/span[1]/bdi"}
COMMAND: POST /session/5a404f73187a01115305a03f2137b0ec/execute/sync - {"script":"<script> [56 bytes]","args":[{"element-6066-11e4-a52e-4f735466cecf":"f.D0531791EE27D9F39EBFF32D62FB2301.d.00A8492E315B02BBC41800F00D0549BE.e.6870","ELEMENT":"f.D0531791EE27D9F39EBFF32D62FB2301.d.00A8492E315B02BBC41800F00D0549BE.e.6870"}]}
RESULT: {"script":"<script> [56 bytes]","args":[{"element-6066-11e4-a52e-4f735466cecf":"f.D0531791EE27D9F39EBFF32D62FB2301.d.00A8492E315B02BBC41800F00D0549BE.e.6870","ELEMENT":"f.D0531791EE27D9F39EBFF32D62FB2301.d.00A8492E315B02BBC41800F00D0549BE.e.6870"}]}
COMMAND: GET /session/5a404f73187a01115305a03f2137b0ec/element/f.D0531791EE27D9F39EBFF32D62FB2301.d.00A8492E315B02BBC41800F00D0549BE.e.6869/attribute/aria-checked - {}
COMMAND: GET /session/5a404f73187a01115305a03f2137b0ec/screenshot - {}
RESULT: {}
COMMAND: POST /session/5a404f73187a01115305a03f2137b0ec/element - {"using":"xpath","value":"//table[contains(@id, \"listView-innerSelectionPanelTable-listUl\")]/tbody/tr[11]/td[2]/div/div"}
RESULT: {}
RESULT: {"using":"xpath","value":"//table[contains(@id, \"listView-innerSelectionPanelTable-listUl\")]/tbody/tr[11]/td[2]/div/div"}
COMMAND: POST /session/5a404f73187a01115305a03f2137b0ec/element - {"using":"xpath","value":"//table[contains(@id, \"listView-innerSelectionPanelTable-listUl\")]/tbody/tr[11]/td[2]/div"}
RESULT: {"using":"xpath","value":"//table[contains(@id, \"listView-innerSelectionPanelTable-listUl\")]/tbody/tr[11]/td[2]/div"}
COMMAND: POST /session/5a404f73187a01115305a03f2137b0ec/element - {"using":"xpath","value":"//table[contains(@id, \"listView-innerSelectionPanelTable-listUl\")]/tbody/tr[11]/td[3]/div/div/span/span[1]/bdi"}
RESULT: {"using":"xpath","value":"//table[contains(@id, \"listView-innerSelectionPanelTable-listUl\")]/tbody/tr[11]/td[3]/div/div/span/span[1]/bdi"}
COMMAND: POST /session/5a404f73187a01115305a03f2137b0ec/execute/sync - {"script":"<script> [56 bytes]","args":[{"element-6066-11e4-a52e-4f735466cecf":"f.D0531791EE27D9F39EBFF32D62FB2301.d.00A8492E315B02BBC41800F00D0549BE.e.6873","ELEMENT":"f.D0531791EE27D9F39EBFF32D62FB2301.d.00A8492E315B02BBC41800F00D0549BE.e.6873"}]}
RESULT: {"script":"<script> [56 bytes]","args":[{"element-6066-11e4-a52e-4f735466cecf":"f.D0531791EE27D9F39EBFF32D62FB2301.d.00A8492E315B02BBC41800F00D0549BE.e.6873","ELEMENT":"f.D0531791EE27D9F39EBFF32D62FB2301.d.00A8492E315B02BBC41800F00D0549BE.e.6873"}]}
COMMAND: GET /session/5a404f73187a01115305a03f2137b0ec/element/f.D0531791EE27D9F39EBFF32D62FB2301.d.00A8492E315B02BBC41800F00D0549BE.e.6872/attribute/aria-checked - {}
COMMAND: GET /session/5a404f73187a01115305a03f2137b0ec/screenshot - {}
RESULT: {}
COMMAND: POST /session/5a404f73187a01115305a03f2137b0ec/element - {"using":"xpath","value":"//table[contains(@id, \"listView-innerSelectionPanelTable-listUl\")]/tbody/tr[12]/td[2]/div/div"}
RESULT: {}
RESULT: {"using":"xpath","value":"//table[contains(@id, \"listView-innerSelectionPanelTable-listUl\")]/tbody/tr[12]/td[2]/div/div"}
COMMAND: POST /session/5a404f73187a01115305a03f2137b0ec/element - {"using":"xpath","value":"//table[contains(@id, \"listView-innerSelectionPanelTable-listUl\")]/tbody/tr[12]/td[2]/div"}
RESULT: {"using":"xpath","value":"//table[contains(@id, \"listView-innerSelectionPanelTable-listUl\")]/tbody/tr[12]/td[2]/div"}
COMMAND: POST /session/5a404f73187a01115305a03f2137b0ec/element - {"using":"xpath","value":"//table[contains(@id, \"listView-innerSelectionPanelTable-listUl\")]/tbody/tr[12]/td[3]/div/div/span/span[1]/bdi"}
RESULT: {"using":"xpath","value":"//table[contains(@id, \"listView-innerSelectionPanelTable-listUl\")]/tbody/tr[12]/td[3]/div/div/span/span[1]/bdi"}
COMMAND: POST /session/5a404f73187a01115305a03f2137b0ec/execute/sync - {"script":"<script> [56 bytes]","args":[{"element-6066-11e4-a52e-4f735466cecf":"f.D0531791EE27D9F39EBFF32D62FB2301.d.00A8492E315B02BBC41800F00D0549BE.e.6876","ELEMENT":"f.D0531791EE27D9F39EBFF32D62FB2301.d.00A8492E315B02BBC41800F00D0549BE.e.6876"}]}
RESULT: {"script":"<script> [56 bytes]","args":[{"element-6066-11e4-a52e-4f735466cecf":"f.D0531791EE27D9F39EBFF32D62FB2301.d.00A8492E315B02BBC41800F00D0549BE.e.6876","ELEMENT":"f.D0531791EE27D9F39EBFF32D62FB2301.d.00A8492E315B02BBC41800F00D0549BE.e.6876"}]}
COMMAND: GET /session/5a404f73187a01115305a03f2137b0ec/element/f.D0531791EE27D9F39EBFF32D62FB2301.d.00A8492E315B02BBC41800F00D0549BE.e.6875/attribute/aria-checked - {}
COMMAND: GET /session/5a404f73187a01115305a03f2137b0ec/screenshot - {}
RESULT: {}
COMMAND: POST /session/5a404f73187a01115305a03f2137b0ec/element - {"using":"xpath","value":"//table[contains(@id, \"listView-innerSelectionPanelTable-listUl\")]/tbody/tr[13]/td[2]/div/div"}
RESULT: {}
RESULT: {"using":"xpath","value":"//table[contains(@id, \"listView-innerSelectionPanelTable-listUl\")]/tbody/tr[13]/td[2]/div/div"}
COMMAND: POST /session/5a404f73187a01115305a03f2137b0ec/element - {"using":"xpath","value":"//table[contains(@id, \"listView-innerSelectionPanelTable-listUl\")]/tbody/tr[13]/td[2]/div"}
RESULT: {"using":"xpath","value":"//table[contains(@id, \"listView-innerSelectionPanelTable-listUl\")]/tbody/tr[13]/td[2]/div"}
COMMAND: POST /session/5a404f73187a01115305a03f2137b0ec/element - {"using":"xpath","value":"//table[contains(@id, \"listView-innerSelectionPanelTable-listUl\")]/tbody/tr[13]/td[3]/div/div/span/span[1]/bdi"}
RESULT: {"using":"xpath","value":"//table[contains(@id, \"listView-innerSelectionPanelTable-listUl\")]/tbody/tr[13]/td[3]/div/div/span/span[1]/bdi"}
COMMAND: POST /session/5a404f73187a01115305a03f2137b0ec/execute/sync - {"script":"<script> [56 bytes]","args":[{"element-6066-11e4-a52e-4f735466cecf":"f.D0531791EE27D9F39EBFF32D62FB2301.d.00A8492E315B02BBC41800F00D0549BE.e.6879","ELEMENT":"f.D0531791EE27D9F39EBFF32D62FB2301.d.00A8492E315B02BBC41800F00D0549BE.e.6879"}]}
RESULT: {"script":"<script> [56 bytes]","args":[{"element-6066-11e4-a52e-4f735466cecf":"f.D0531791EE27D9F39EBFF32D62FB2301.d.00A8492E315B02BBC41800F00D0549BE.e.6879","ELEMENT":"f.D0531791EE27D9F39EBFF32D62FB2301.d.00A8492E315B02BBC41800F00D0549BE.e.6879"}]}
COMMAND: GET /session/5a404f73187a01115305a03f2137b0ec/element/f.D0531791EE27D9F39EBFF32D62FB2301.d.00A8492E315B02BBC41800F00D0549BE.e.6878/attribute/aria-checked - {}
COMMAND: GET /session/5a404f73187a01115305a03f2137b0ec/screenshot - {}
RESULT: {}
COMMAND: POST /session/5a404f73187a01115305a03f2137b0ec/element - {"using":"xpath","value":"//table[contains(@id, \"listView-innerSelectionPanelTable-listUl\")]/tbody/tr[14]/td[2]/div/div"}
COMMAND: POST /session/5a404f73187a01115305a03f2137b0ec/element/f.D0531791EE27D9F39EBFF32D62FB2301.d.00A8492E315B02BBC41800F00D0549BE.e.6877/click - {}
RESULT: {}
RESULT: {}
COMMAND: GET /session/5a404f73187a01115305a03f2137b0ec/screenshot - {}
RESULT: {"using":"xpath","value":"//table[contains(@id, \"listView-innerSelectionPanelTable-listUl\")]/tbody/tr[14]/td[2]/div/div"}
COMMAND: POST /session/5a404f73187a01115305a03f2137b0ec/element - {"using":"xpath","value":"//table[contains(@id, \"listView-innerSelectionPanelTable-listUl\")]/tbody/tr[14]/td[2]/div"}
RESULT: {}
RESULT: {"using":"xpath","value":"//table[contains(@id, \"listView-innerSelectionPanelTable-listUl\")]/tbody/tr[14]/td[2]/div"}
COMMAND: POST /session/5a404f73187a01115305a03f2137b0ec/element - {"using":"xpath","value":"//table[contains(@id, \"listView-innerSelectionPanelTable-listUl\")]/tbody/tr[14]/td[3]/div/div/span/span[1]/bdi"}
RESULT: {"using":"xpath","value":"//table[contains(@id, \"listView-innerSelectionPanelTable-listUl\")]/tbody/tr[14]/td[3]/div/div/span/span[1]/bdi"}
COMMAND: POST /session/5a404f73187a01115305a03f2137b0ec/execute/sync - {"script":"<script> [56 bytes]","args":[{"element-6066-11e4-a52e-4f735466cecf":"f.D0531791EE27D9F39EBFF32D62FB2301.d.00A8492E315B02BBC41800F00D0549BE.e.6883","ELEMENT":"f.D0531791EE27D9F39EBFF32D62FB2301.d.00A8492E315B02BBC41800F00D0549BE.e.6883"}]}
RESULT: {"script":"<script> [56 bytes]","args":[{"element-6066-11e4-a52e-4f735466cecf":"f.D0531791EE27D9F39EBFF32D62FB2301.d.00A8492E315B02BBC41800F00D0549BE.e.6883","ELEMENT":"f.D0531791EE27D9F39EBFF32D62FB2301.d.00A8492E315B02BBC41800F00D0549BE.e.6883"}]}
COMMAND: GET /session/5a404f73187a01115305a03f2137b0ec/element/f.D0531791EE27D9F39EBFF32D62FB2301.d.00A8492E315B02BBC41800F00D0549BE.e.6882/attribute/aria-checked - {}
COMMAND: GET /session/5a404f73187a01115305a03f2137b0ec/screenshot - {}
RESULT: {}
COMMAND: POST /session/5a404f73187a01115305a03f2137b0ec/element - {"using":"xpath","value":"//table[contains(@id, \"listView-innerSelectionPanelTable-listUl\")]/tbody/tr[15]/td[2]/div/div"}
RESULT: {}
RESULT: {"using":"xpath","value":"//table[contains(@id, \"listView-innerSelectionPanelTable-listUl\")]/tbody/tr[15]/td[2]/div/div"}
COMMAND: POST /session/5a404f73187a01115305a03f2137b0ec/element - {"using":"xpath","value":"//table[contains(@id, \"listView-innerSelectionPanelTable-listUl\")]/tbody/tr[15]/td[2]/div"}
RESULT: {"using":"xpath","value":"//table[contains(@id, \"listView-innerSelectionPanelTable-listUl\")]/tbody/tr[15]/td[2]/div"}
COMMAND: POST /session/5a404f73187a01115305a03f2137b0ec/element - {"using":"xpath","value":"//table[contains(@id, \"listView-innerSelectionPanelTable-listUl\")]/tbody/tr[15]/td[3]/div/div/span/span[1]/bdi"}
RESULT: {"using":"xpath","value":"//table[contains(@id, \"listView-innerSelectionPanelTable-listUl\")]/tbody/tr[15]/td[3]/div/div/span/span[1]/bdi"}
COMMAND: POST /session/5a404f73187a01115305a03f2137b0ec/execute/sync - {"script":"<script> [56 bytes]","args":[{"element-6066-11e4-a52e-4f735466cecf":"f.D0531791EE27D9F39EBFF32D62FB2301.d.00A8492E315B02BBC41800F00D0549BE.e.6886","ELEMENT":"f.D0531791EE27D9F39EBFF32D62FB2301.d.00A8492E315B02BBC41800F00D0549BE.e.6886"}]}
RESULT: {"script":"<script> [56 bytes]","args":[{"element-6066-11e4-a52e-4f735466cecf":"f.D0531791EE27D9F39EBFF32D62FB2301.d.00A8492E315B02BBC41800F00D0549BE.e.6886","ELEMENT":"f.D0531791EE27D9F39EBFF32D62FB2301.d.00A8492E315B02BBC41800F00D0549BE.e.6886"}]}
COMMAND: GET /session/5a404f73187a01115305a03f2137b0ec/element/f.D0531791EE27D9F39EBFF32D62FB2301.d.00A8492E315B02BBC41800F00D0549BE.e.6885/attribute/aria-checked - {}
COMMAND: GET /session/5a404f73187a01115305a03f2137b0ec/screenshot - {}
RESULT: {}
COMMAND: POST /session/5a404f73187a01115305a03f2137b0ec/element - {"using":"xpath","value":"//table[contains(@id, \"listView-innerSelectionPanelTable-listUl\")]/tbody/tr[16]/td[2]/div/div"}
RESULT: {}
RESULT: {"using":"xpath","value":"//table[contains(@id, \"listView-innerSelectionPanelTable-listUl\")]/tbody/tr[16]/td[2]/div/div"}
COMMAND: POST /session/5a404f73187a01115305a03f2137b0ec/element - {"using":"xpath","value":"//table[contains(@id, \"listView-innerSelectionPanelTable-listUl\")]/tbody/tr[16]/td[2]/div"}
RESULT: {"using":"xpath","value":"//table[contains(@id, \"listView-innerSelectionPanelTable-listUl\")]/tbody/tr[16]/td[2]/div"}
COMMAND: POST /session/5a404f73187a01115305a03f2137b0ec/element - {"using":"xpath","value":"//table[contains(@id, \"listView-innerSelectionPanelTable-listUl\")]/tbody/tr[16]/td[3]/div/div/span/span[1]/bdi"}
RESULT: {"using":"xpath","value":"//table[contains(@id, \"listView-innerSelectionPanelTable-listUl\")]/tbody/tr[16]/td[3]/div/div/span/span[1]/bdi"}
COMMAND: POST /session/5a404f73187a01115305a03f2137b0ec/execute/sync - {"script":"<script> [56 bytes]","args":[{"element-6066-11e4-a52e-4f735466cecf":"f.D0531791EE27D9F39EBFF32D62FB2301.d.00A8492E315B02BBC41800F00D0549BE.e.6889","ELEMENT":"f.D0531791EE27D9F39EBFF32D62FB2301.d.00A8492E315B02BBC41800F00D0549BE.e.6889"}]}
RESULT: {"script":"<script> [56 bytes]","args":[{"element-6066-11e4-a52e-4f735466cecf":"f.D0531791EE27D9F39EBFF32D62FB2301.d.00A8492E315B02BBC41800F00D0549BE.e.6889","ELEMENT":"f.D0531791EE27D9F39EBFF32D62FB2301.d.00A8492E315B02BBC41800F00D0549BE.e.6889"}]}
COMMAND: GET /session/5a404f73187a01115305a03f2137b0ec/element/f.D0531791EE27D9F39EBFF32D62FB2301.d.00A8492E315B02BBC41800F00D0549BE.e.6888/attribute/aria-checked - {}
COMMAND: GET /session/5a404f73187a01115305a03f2137b0ec/screenshot - {}
RESULT: {}
COMMAND: POST /session/5a404f73187a01115305a03f2137b0ec/element - {"using":"xpath","value":"//table[contains(@id, \"listView-innerSelectionPanelTable-listUl\")]/tbody/tr[17]/td[2]/div/div"}
RESULT: {}
RESULT: {"using":"xpath","value":"//table[contains(@id, \"listView-innerSelectionPanelTable-listUl\")]/tbody/tr[17]/td[2]/div/div"}
COMMAND: POST /session/5a404f73187a01115305a03f2137b0ec/element - {"using":"xpath","value":"//table[contains(@id, \"listView-innerSelectionPanelTable-listUl\")]/tbody/tr[17]/td[2]/div"}
RESULT: {"using":"xpath","value":"//table[contains(@id, \"listView-innerSelectionPanelTable-listUl\")]/tbody/tr[17]/td[2]/div"}
COMMAND: POST /session/5a404f73187a01115305a03f2137b0ec/element - {"using":"xpath","value":"//table[contains(@id, \"listView-innerSelectionPanelTable-listUl\")]/tbody/tr[17]/td[3]/div/div/span/span[1]/bdi"}
RESULT: {"using":"xpath","value":"//table[contains(@id, \"listView-innerSelectionPanelTable-listUl\")]/tbody/tr[17]/td[3]/div/div/span/span[1]/bdi"}
COMMAND: POST /session/5a404f73187a01115305a03f2137b0ec/execute/sync - {"script":"<script> [56 bytes]","args":[{"element-6066-11e4-a52e-4f735466cecf":"f.D0531791EE27D9F39EBFF32D62FB2301.d.00A8492E315B02BBC41800F00D0549BE.e.6892","ELEMENT":"f.D0531791EE27D9F39EBFF32D62FB2301.d.00A8492E315B02BBC41800F00D0549BE.e.6892"}]}
RESULT: {"script":"<script> [56 bytes]","args":[{"element-6066-11e4-a52e-4f735466cecf":"f.D0531791EE27D9F39EBFF32D62FB2301.d.00A8492E315B02BBC41800F00D0549BE.e.6892","ELEMENT":"f.D0531791EE27D9F39EBFF32D62FB2301.d.00A8492E315B02BBC41800F00D0549BE.e.6892"}]}
COMMAND: GET /session/5a404f73187a01115305a03f2137b0ec/element/f.D0531791EE27D9F39EBFF32D62FB2301.d.00A8492E315B02BBC41800F00D0549BE.e.6891/attribute/aria-checked - {}
COMMAND: GET /session/5a404f73187a01115305a03f2137b0ec/screenshot - {}
RESULT: {}
COMMAND: POST /session/5a404f73187a01115305a03f2137b0ec/element - {"using":"xpath","value":"//table[contains(@id, \"listView-innerSelectionPanelTable-listUl\")]/tbody/tr[18]/td[2]/div/div"}
RESULT: {}
RESULT: {"using":"xpath","value":"//table[contains(@id, \"listView-innerSelectionPanelTable-listUl\")]/tbody/tr[18]/td[2]/div/div"}
COMMAND: POST /session/5a404f73187a01115305a03f2137b0ec/element - {"using":"xpath","value":"//table[contains(@id, \"listView-innerSelectionPanelTable-listUl\")]/tbody/tr[18]/td[2]/div"}
RESULT: {"using":"xpath","value":"//table[contains(@id, \"listView-innerSelectionPanelTable-listUl\")]/tbody/tr[18]/td[2]/div"}
COMMAND: POST /session/5a404f73187a01115305a03f2137b0ec/element - {"using":"xpath","value":"//table[contains(@id, \"listView-innerSelectionPanelTable-listUl\")]/tbody/tr[18]/td[3]/div/div/span/span[1]/bdi"}
RESULT: {"using":"xpath","value":"//table[contains(@id, \"listView-innerSelectionPanelTable-listUl\")]/tbody/tr[18]/td[3]/div/div/span/span[1]/bdi"}
COMMAND: POST /session/5a404f73187a01115305a03f2137b0ec/execute/sync - {"script":"<script> [56 bytes]","args":[{"element-6066-11e4-a52e-4f735466cecf":"f.D0531791EE27D9F39EBFF32D62FB2301.d.00A8492E315B02BBC41800F00D0549BE.e.6895","ELEMENT":"f.D0531791EE27D9F39EBFF32D62FB2301.d.00A8492E315B02BBC41800F00D0549BE.e.6895"}]}
RESULT: {"script":"<script> [56 bytes]","args":[{"element-6066-11e4-a52e-4f735466cecf":"f.D0531791EE27D9F39EBFF32D62FB2301.d.00A8492E315B02BBC41800F00D0549BE.e.6895","ELEMENT":"f.D0531791EE27D9F39EBFF32D62FB2301.d.00A8492E315B02BBC41800F00D0549BE.e.6895"}]}
COMMAND: GET /session/5a404f73187a01115305a03f2137b0ec/element/f.D0531791EE27D9F39EBFF32D62FB2301.d.00A8492E315B02BBC41800F00D0549BE.e.6894/attribute/aria-checked - {}
COMMAND: GET /session/5a404f73187a01115305a03f2137b0ec/screenshot - {}
RESULT: {}
COMMAND: POST /session/5a404f73187a01115305a03f2137b0ec/element - {"using":"xpath","value":"//table[contains(@id, \"listView-innerSelectionPanelTable-listUl\")]/tbody/tr[19]/td[2]/div/div"}
RESULT: {}
RESULT: {"using":"xpath","value":"//table[contains(@id, \"listView-innerSelectionPanelTable-listUl\")]/tbody/tr[19]/td[2]/div/div"}
COMMAND: POST /session/5a404f73187a01115305a03f2137b0ec/element - {"using":"xpath","value":"//table[contains(@id, \"listView-innerSelectionPanelTable-listUl\")]/tbody/tr[19]/td[2]/div"}
RESULT: {"using":"xpath","value":"//table[contains(@id, \"listView-innerSelectionPanelTable-listUl\")]/tbody/tr[19]/td[2]/div"}
COMMAND: POST /session/5a404f73187a01115305a03f2137b0ec/element - {"using":"xpath","value":"//table[contains(@id, \"listView-innerSelectionPanelTable-listUl\")]/tbody/tr[19]/td[3]/div/div/span/span[1]/bdi"}
RESULT: {"using":"xpath","value":"//table[contains(@id, \"listView-innerSelectionPanelTable-listUl\")]/tbody/tr[19]/td[3]/div/div/span/span[1]/bdi"}
COMMAND: POST /session/5a404f73187a01115305a03f2137b0ec/execute/sync - {"script":"<script> [56 bytes]","args":[{"element-6066-11e4-a52e-4f735466cecf":"f.D0531791EE27D9F39EBFF32D62FB2301.d.00A8492E315B02BBC41800F00D0549BE.e.6898","ELEMENT":"f.D0531791EE27D9F39EBFF32D62FB2301.d.00A8492E315B02BBC41800F00D0549BE.e.6898"}]}
RESULT: {"script":"<script> [56 bytes]","args":[{"element-6066-11e4-a52e-4f735466cecf":"f.D0531791EE27D9F39EBFF32D62FB2301.d.00A8492E315B02BBC41800F00D0549BE.e.6898","ELEMENT":"f.D0531791EE27D9F39EBFF32D62FB2301.d.00A8492E315B02BBC41800F00D0549BE.e.6898"}]}
COMMAND: GET /session/5a404f73187a01115305a03f2137b0ec/element/f.D0531791EE27D9F39EBFF32D62FB2301.d.00A8492E315B02BBC41800F00D0549BE.e.6897/attribute/aria-checked - {}
COMMAND: GET /session/5a404f73187a01115305a03f2137b0ec/screenshot - {}
RESULT: {}
COMMAND: POST /session/5a404f73187a01115305a03f2137b0ec/element - {"using":"xpath","value":"//table[contains(@id, \"listView-innerSelectionPanelTable-listUl\")]/tbody/tr[20]/td[2]/div/div"}
RESULT: {}
RESULT: {"using":"xpath","value":"//table[contains(@id, \"listView-innerSelectionPanelTable-listUl\")]/tbody/tr[20]/td[2]/div/div"}
COMMAND: POST /session/5a404f73187a01115305a03f2137b0ec/element - {"using":"xpath","value":"//table[contains(@id, \"listView-innerSelectionPanelTable-listUl\")]/tbody/tr[20]/td[2]/div"}
RESULT: {"using":"xpath","value":"//table[contains(@id, \"listView-innerSelectionPanelTable-listUl\")]/tbody/tr[20]/td[2]/div"}
COMMAND: POST /session/5a404f73187a01115305a03f2137b0ec/element - {"using":"xpath","value":"//table[contains(@id, \"listView-innerSelectionPanelTable-listUl\")]/tbody/tr[20]/td[3]/div/div/span/span[1]/bdi"}
RESULT: {"using":"xpath","value":"//table[contains(@id, \"listView-innerSelectionPanelTable-listUl\")]/tbody/tr[20]/td[3]/div/div/span/span[1]/bdi"}
COMMAND: POST /session/5a404f73187a01115305a03f2137b0ec/execute/sync - {"script":"<script> [56 bytes]","args":[{"element-6066-11e4-a52e-4f735466cecf":"f.D0531791EE27D9F39EBFF32D62FB2301.d.00A8492E315B02BBC41800F00D0549BE.e.6901","ELEMENT":"f.D0531791EE27D9F39EBFF32D62FB2301.d.00A8492E315B02BBC41800F00D0549BE.e.6901"}]}
RESULT: {"script":"<script> [56 bytes]","args":[{"element-6066-11e4-a52e-4f735466cecf":"f.D0531791EE27D9F39EBFF32D62FB2301.d.00A8492E315B02BBC41800F00D0549BE.e.6901","ELEMENT":"f.D0531791EE27D9F39EBFF32D62FB2301.d.00A8492E315B02BBC41800F00D0549BE.e.6901"}]}
COMMAND: GET /session/5a404f73187a01115305a03f2137b0ec/element/f.D0531791EE27D9F39EBFF32D62FB2301.d.00A8492E315B02BBC41800F00D0549BE.e.6900/attribute/aria-checked - {}
COMMAND: GET /session/5a404f73187a01115305a03f2137b0ec/screenshot - {}
RESULT: {}
COMMAND: POST /session/5a404f73187a01115305a03f2137b0ec/element - {"using":"xpath","value":"//table[contains(@id, \"listView-innerSelectionPanelTable-listUl\")]/tbody/tr[21]/td[2]/div/div"}
RESULT: {}
RESULT: {"using":"xpath","value":"//table[contains(@id, \"listView-innerSelectionPanelTable-listUl\")]/tbody/tr[21]/td[2]/div/div"}
COMMAND: POST /session/5a404f73187a01115305a03f2137b0ec/element - {"using":"xpath","value":"//table[contains(@id, \"listView-innerSelectionPanelTable-listUl\")]/tbody/tr[21]/td[2]/div"}
RESULT: {"using":"xpath","value":"//table[contains(@id, \"listView-innerSelectionPanelTable-listUl\")]/tbody/tr[21]/td[2]/div"}
COMMAND: POST /session/5a404f73187a01115305a03f2137b0ec/element - {"using":"xpath","value":"//table[contains(@id, \"listView-innerSelectionPanelTable-listUl\")]/tbody/tr[21]/td[3]/div/div/span/span[1]/bdi"}
RESULT: {"using":"xpath","value":"//table[contains(@id, \"listView-innerSelectionPanelTable-listUl\")]/tbody/tr[21]/td[3]/div/div/span/span[1]/bdi"}
COMMAND: POST /session/5a404f73187a01115305a03f2137b0ec/execute/sync - {"script":"<script> [56 bytes]","args":[{"element-6066-11e4-a52e-4f735466cecf":"f.D0531791EE27D9F39EBFF32D62FB2301.d.00A8492E315B02BBC41800F00D0549BE.e.6904","ELEMENT":"f.D0531791EE27D9F39EBFF32D62FB2301.d.00A8492E315B02BBC41800F00D0549BE.e.6904"}]}
RESULT: {"script":"<script> [56 bytes]","args":[{"element-6066-11e4-a52e-4f735466cecf":"f.D0531791EE27D9F39EBFF32D62FB2301.d.00A8492E315B02BBC41800F00D0549BE.e.6904","ELEMENT":"f.D0531791EE27D9F39EBFF32D62FB2301.d.00A8492E315B02BBC41800F00D0549BE.e.6904"}]}
COMMAND: GET /session/5a404f73187a01115305a03f2137b0ec/element/f.D0531791EE27D9F39EBFF32D62FB2301.d.00A8492E315B02BBC41800F00D0549BE.e.6903/attribute/aria-checked - {}
COMMAND: GET /session/5a404f73187a01115305a03f2137b0ec/screenshot - {}
RESULT: {}
COMMAND: POST /session/5a404f73187a01115305a03f2137b0ec/element - {"using":"xpath","value":"//table[contains(@id, \"listView-innerSelectionPanelTable-listUl\")]/tbody/tr[22]/td[2]/div/div"}
RESULT: {}
RESULT: {"using":"xpath","value":"//table[contains(@id, \"listView-innerSelectionPanelTable-listUl\")]/tbody/tr[22]/td[2]/div/div"}
COMMAND: POST /session/5a404f73187a01115305a03f2137b0ec/element - {"using":"xpath","value":"//table[contains(@id, \"listView-innerSelectionPanelTable-listUl\")]/tbody/tr[22]/td[2]/div"}
RESULT: {"using":"xpath","value":"//table[contains(@id, \"listView-innerSelectionPanelTable-listUl\")]/tbody/tr[22]/td[2]/div"}
COMMAND: POST /session/5a404f73187a01115305a03f2137b0ec/element - {"using":"xpath","value":"//table[contains(@id, \"listView-innerSelectionPanelTable-listUl\")]/tbody/tr[22]/td[3]/div/div/span/span[1]/bdi"}
RESULT: {"using":"xpath","value":"//table[contains(@id, \"listView-innerSelectionPanelTable-listUl\")]/tbody/tr[22]/td[3]/div/div/span/span[1]/bdi"}
COMMAND: POST /session/5a404f73187a01115305a03f2137b0ec/execute/sync - {"script":"<script> [56 bytes]","args":[{"element-6066-11e4-a52e-4f735466cecf":"f.D0531791EE27D9F39EBFF32D62FB2301.d.00A8492E315B02BBC41800F00D0549BE.e.6907","ELEMENT":"f.D0531791EE27D9F39EBFF32D62FB2301.d.00A8492E315B02BBC41800F00D0549BE.e.6907"}]}
RESULT: {"script":"<script> [56 bytes]","args":[{"element-6066-11e4-a52e-4f735466cecf":"f.D0531791EE27D9F39EBFF32D62FB2301.d.00A8492E315B02BBC41800F00D0549BE.e.6907","ELEMENT":"f.D0531791EE27D9F39EBFF32D62FB2301.d.00A8492E315B02BBC41800F00D0549BE.e.6907"}]}
COMMAND: GET /session/5a404f73187a01115305a03f2137b0ec/element/f.D0531791EE27D9F39EBFF32D62FB2301.d.00A8492E315B02BBC41800F00D0549BE.e.6906/attribute/aria-checked - {}
COMMAND: GET /session/5a404f73187a01115305a03f2137b0ec/screenshot - {}
RESULT: {}
COMMAND: POST /session/5a404f73187a01115305a03f2137b0ec/element - {"using":"xpath","value":"//table[contains(@id, \"listView-innerSelectionPanelTable-listUl\")]/tbody/tr[23]/td[2]/div/div"}
RESULT: {}
RESULT: {"using":"xpath","value":"//table[contains(@id, \"listView-innerSelectionPanelTable-listUl\")]/tbody/tr[23]/td[2]/div/div"}
COMMAND: POST /session/5a404f73187a01115305a03f2137b0ec/element - {"using":"xpath","value":"//table[contains(@id, \"listView-innerSelectionPanelTable-listUl\")]/tbody/tr[23]/td[2]/div"}
RESULT: {"using":"xpath","value":"//table[contains(@id, \"listView-innerSelectionPanelTable-listUl\")]/tbody/tr[23]/td[2]/div"}
COMMAND: POST /session/5a404f73187a01115305a03f2137b0ec/element - {"using":"xpath","value":"//table[contains(@id, \"listView-innerSelectionPanelTable-listUl\")]/tbody/tr[23]/td[3]/div/div/span/span[1]/bdi"}
RESULT: {"using":"xpath","value":"//table[contains(@id, \"listView-innerSelectionPanelTable-listUl\")]/tbody/tr[23]/td[3]/div/div/span/span[1]/bdi"}
COMMAND: POST /session/5a404f73187a01115305a03f2137b0ec/execute/sync - {"script":"<script> [56 bytes]","args":[{"element-6066-11e4-a52e-4f735466cecf":"f.D0531791EE27D9F39EBFF32D62FB2301.d.00A8492E315B02BBC41800F00D0549BE.e.6910","ELEMENT":"f.D0531791EE27D9F39EBFF32D62FB2301.d.00A8492E315B02BBC41800F00D0549BE.e.6910"}]}
RESULT: {"script":"<script> [56 bytes]","args":[{"element-6066-11e4-a52e-4f735466cecf":"f.D0531791EE27D9F39EBFF32D62FB2301.d.00A8492E315B02BBC41800F00D0549BE.e.6910","ELEMENT":"f.D0531791EE27D9F39EBFF32D62FB2301.d.00A8492E315B02BBC41800F00D0549BE.e.6910"}]}
COMMAND: GET /session/5a404f73187a01115305a03f2137b0ec/element/f.D0531791EE27D9F39EBFF32D62FB2301.d.00A8492E315B02BBC41800F00D0549BE.e.6909/attribute/aria-checked - {}
COMMAND: GET /session/5a404f73187a01115305a03f2137b0ec/screenshot - {}
RESULT: {}
COMMAND: POST /session/5a404f73187a01115305a03f2137b0ec/element - {"using":"xpath","value":"//table[contains(@id, \"listView-innerSelectionPanelTable-listUl\")]/tbody/tr[24]/td[2]/div/div"}
RESULT: {}
RESULT: {"using":"xpath","value":"//table[contains(@id, \"listView-innerSelectionPanelTable-listUl\")]/tbody/tr[24]/td[2]/div/div"}
COMMAND: POST /session/5a404f73187a01115305a03f2137b0ec/element - {"using":"xpath","value":"//table[contains(@id, \"listView-innerSelectionPanelTable-listUl\")]/tbody/tr[24]/td[2]/div"}
RESULT: {"using":"xpath","value":"//table[contains(@id, \"listView-innerSelectionPanelTable-listUl\")]/tbody/tr[24]/td[2]/div"}
COMMAND: POST /session/5a404f73187a01115305a03f2137b0ec/element - {"using":"xpath","value":"//table[contains(@id, \"listView-innerSelectionPanelTable-listUl\")]/tbody/tr[24]/td[3]/div/div/span/span[1]/bdi"}
RESULT: {"using":"xpath","value":"//table[contains(@id, \"listView-innerSelectionPanelTable-listUl\")]/tbody/tr[24]/td[3]/div/div/span/span[1]/bdi"}
COMMAND: POST /session/5a404f73187a01115305a03f2137b0ec/execute/sync - {"script":"<script> [56 bytes]","args":[{"element-6066-11e4-a52e-4f735466cecf":"f.D0531791EE27D9F39EBFF32D62FB2301.d.00A8492E315B02BBC41800F00D0549BE.e.6913","ELEMENT":"f.D0531791EE27D9F39EBFF32D62FB2301.d.00A8492E315B02BBC41800F00D0549BE.e.6913"}]}
RESULT: {"script":"<script> [56 bytes]","args":[{"element-6066-11e4-a52e-4f735466cecf":"f.D0531791EE27D9F39EBFF32D62FB2301.d.00A8492E315B02BBC41800F00D0549BE.e.6913","ELEMENT":"f.D0531791EE27D9F39EBFF32D62FB2301.d.00A8492E315B02BBC41800F00D0549BE.e.6913"}]}
COMMAND: GET /session/5a404f73187a01115305a03f2137b0ec/element/f.D0531791EE27D9F39EBFF32D62FB2301.d.00A8492E315B02BBC41800F00D0549BE.e.6912/attribute/aria-checked - {}
COMMAND: GET /session/5a404f73187a01115305a03f2137b0ec/screenshot - {}
RESULT: {}
COMMAND: POST /session/5a404f73187a01115305a03f2137b0ec/element - {"using":"xpath","value":"//table[contains(@id, \"listView-innerSelectionPanelTable-listUl\")]/tbody/tr[25]/td[2]/div/div"}
RESULT: {}
RESULT: {"using":"xpath","value":"//table[contains(@id, \"listView-innerSelectionPanelTable-listUl\")]/tbody/tr[25]/td[2]/div/div"}
COMMAND: POST /session/5a404f73187a01115305a03f2137b0ec/element - {"using":"xpath","value":"//table[contains(@id, \"listView-innerSelectionPanelTable-listUl\")]/tbody/tr[25]/td[2]/div"}
RESULT: {"using":"xpath","value":"//table[contains(@id, \"listView-innerSelectionPanelTable-listUl\")]/tbody/tr[25]/td[2]/div"}
COMMAND: POST /session/5a404f73187a01115305a03f2137b0ec/element - {"using":"xpath","value":"//table[contains(@id, \"listView-innerSelectionPanelTable-listUl\")]/tbody/tr[25]/td[3]/div/div/span/span[1]/bdi"}
RESULT: {"using":"xpath","value":"//table[contains(@id, \"listView-innerSelectionPanelTable-listUl\")]/tbody/tr[25]/td[3]/div/div/span/span[1]/bdi"}
COMMAND: POST /session/5a404f73187a01115305a03f2137b0ec/execute/sync - {"script":"<script> [56 bytes]","args":[{"element-6066-11e4-a52e-4f735466cecf":"f.D0531791EE27D9F39EBFF32D62FB2301.d.00A8492E315B02BBC41800F00D0549BE.e.6916","ELEMENT":"f.D0531791EE27D9F39EBFF32D62FB2301.d.00A8492E315B02BBC41800F00D0549BE.e.6916"}]}
RESULT: {"script":"<script> [56 bytes]","args":[{"element-6066-11e4-a52e-4f735466cecf":"f.D0531791EE27D9F39EBFF32D62FB2301.d.00A8492E315B02BBC41800F00D0549BE.e.6916","ELEMENT":"f.D0531791EE27D9F39EBFF32D62FB2301.d.00A8492E315B02BBC41800F00D0549BE.e.6916"}]}
COMMAND: GET /session/5a404f73187a01115305a03f2137b0ec/element/f.D0531791EE27D9F39EBFF32D62FB2301.d.00A8492E315B02BBC41800F00D0549BE.e.6915/attribute/aria-checked - {}
COMMAND: GET /session/5a404f73187a01115305a03f2137b0ec/screenshot - {}
RESULT: {}
COMMAND: POST /session/5a404f73187a01115305a03f2137b0ec/element - {"using":"xpath","value":"//bdi[contains(text(), \"OK\")]"}
RESULT: {}
RESULT: {"using":"xpath","value":"//bdi[contains(text(), \"OK\")]"}
COMMAND: POST /session/5a404f73187a01115305a03f2137b0ec/element/f.D0531791EE27D9F39EBFF32D62FB2301.d.00A8492E315B02BBC41800F00D0549BE.e.6917/click - {}
RESULT: {}
COMMAND: GET /session/5a404f73187a01115305a03f2137b0ec/screenshot - {}
RESULT: {}
COMMAND: POST /session/5a404f73187a01115305a03f2137b0ec/execute/async - {"script":"<script> [1562 bytes]","args":[{"selector":{"id":"application-managepartners-display-component---masterPtm--smartFilterBar-filterItemControlA_-LINK_TO_ADDRESSES_MAIN.CITY1-vhi"},"wdio_ui5_key":"applicationmanagepartners-display-component---masterPtm--smartFilterBar-filterItemControlA_-LINK_TO_ADDRESSES_MAIN.CITY1-vhi"}]}
RESULT: {"script":"<script> [1562 bytes]","args":[{"selector":{"id":"application-managepartners-display-component---masterPtm--smartFilterBar-filterItemControlA_-LINK_TO_ADDRESSES_MAIN.CITY1-vhi"},"wdio_ui5_key":"applicationmanagepartners-display-component---masterPtm--smartFilterBar-filterItemControlA_-LINK_TO_ADDRESSES_MAIN.CITY1-vhi"}]}
RESULT: undefined
COMMAND: POST /session/5a404f73187a01115305a03f2137b0ec/element - {"using":"xpath","value":"//*[@id=\"application-managepartners-display-component---masterPtm--smartFilterBar-filterItemControlA_-LINK_TO_ADDRESSES_MAIN.CITY1-vhi\"]"}
RESULT: {"using":"xpath","value":"//*[@id=\"application-managepartners-display-component---masterPtm--smartFilterBar-filterItemControlA_-LINK_TO_ADDRESSES_MAIN.CITY1-vhi\"]"}
COMMAND: POST /session/5a404f73187a01115305a03f2137b0ec/element/f.D0531791EE27D9F39EBFF32D62FB2301.d.00A8492E315B02BBC41800F00D0549BE.e.6931/click - {}
RESULT: {}
COMMAND: GET /session/5a404f73187a01115305a03f2137b0ec/screenshot - {}
RESULT: {}
COMMAND: POST /session/5a404f73187a01115305a03f2137b0ec/execute/async - {"script":"<script> [1562 bytes]","args":[{"selector":{"controlType":"sap.m.Input","viewName":"etm.portal.ui.managepartners.view.Master","viewId":"application-managepartners-display-component---masterPtm","properties":{"valueState":"None"},"searchOpenDialogs":true,"interaction":{"idSuffix":"inner"}},"wdio_ui5_key":"etmportal.ui.managepartners.view.Mastersap.m.Input{\"valueState\":\"None\"}"}]}
RESULT: {"script":"<script> [1562 bytes]","args":[{"selector":{"controlType":"sap.m.Input","viewName":"etm.portal.ui.managepartners.view.Master","viewId":"application-managepartners-display-component---masterPtm","properties":{"valueState":"None"},"searchOpenDialogs":true,"interaction":{"idSuffix":"inner"}},"wdio_ui5_key":"etmportal.ui.managepartners.view.Mastersap.m.Input{\"valueState\":\"None\"}"}]}
RESULT: undefined
COMMAND: POST /session/5a404f73187a01115305a03f2137b0ec/execute/async - {"script":"<script> [776 bytes]","args":[{"enterText":"Bucure","selector":{"controlType":"sap.m.Input","viewName":"etm.portal.ui.managepartners.view.Master","viewId":"application-managepartners-display-component---masterPtm","properties":{"valueState":"None"},"searchOpenDialogs":true,"interaction":{"idSuffix":"inner"}},"clearTextFirst":true,"interactionType":"ENTER_TEXT"}]}
RESULT: {"script":"<script> [776 bytes]","args":[{"enterText":"Bucure","selector":{"controlType":"sap.m.Input","viewName":"etm.portal.ui.managepartners.view.Master","viewId":"application-managepartners-display-component---masterPtm","properties":{"valueState":"None"},"searchOpenDialogs":true,"interaction":{"idSuffix":"inner"}},"clearTextFirst":true,"interactionType":"ENTER_TEXT"}]}
COMMAND: POST /session/5a404f73187a01115305a03f2137b0ec/actions - {"actions":[{"id":"action21","type":"key","parameters":{},"actions":[{"type":"keyDown","value":"î€‡"},{"type":"pause","duration":10},{"type":"keyUp","value":"î€‡"}]}]}
RESULT: {"actions":[{"id":"action21","type":"key","parameters":{},"actions":[{"type":"keyDown","value":"î€‡"},{"type":"pause","duration":10},{"type":"keyUp","value":"î€‡"}]}]}
COMMAND: GET /session/5a404f73187a01115305a03f2137b0ec/screenshot - {}
RESULT: {}
COMMAND: POST /session/5a404f73187a01115305a03f2137b0ec/element - {"using":"xpath","value":"(//bdi[contains(text(), \"OK\")])[1]"}
RESULT: {"using":"xpath","value":"(//bdi[contains(text(), \"OK\")])[1]"}
COMMAND: POST /session/5a404f73187a01115305a03f2137b0ec/element/f.D0531791EE27D9F39EBFF32D62FB2301.d.00A8492E315B02BBC41800F00D0549BE.e.6937/click - {}
RESULT: {}
COMMAND: GET /session/5a404f73187a01115305a03f2137b0ec/screenshot - {}
RESULT: {}
COMMAND: POST /session/5a404f73187a01115305a03f2137b0ec/element - {"using":"xpath","value":"//span[@id=\"application-managepartners-display-component---masterPtm--smartTable-header-inner\"]"}
RESULT: {"using":"xpath","value":"//span[@id=\"application-managepartners-display-component---masterPtm--smartTable-header-inner\"]"}
COMMAND: POST /session/5a404f73187a01115305a03f2137b0ec/elements - {"using":"xpath","value":"//span[@id=\"application-managepartners-display-component---masterPtm--smartTable-header-inner\"]"}
RESULT: {"using":"xpath","value":"//span[@id=\"application-managepartners-display-component---masterPtm--smartTable-header-inner\"]"}
COMMAND: POST /session/5a404f73187a01115305a03f2137b0ec/execute/sync - {"script":"<script> [56 bytes]","args":[{"element-6066-11e4-a52e-4f735466cecf":"f.D0531791EE27D9F39EBFF32D62FB2301.d.00A8492E315B02BBC41800F00D0549BE.e.6037","ELEMENT":"f.D0531791EE27D9F39EBFF32D62FB2301.d.00A8492E315B02BBC41800F00D0549BE.e.6037"}]}
RESULT: {"script":"<script> [56 bytes]","args":[{"element-6066-11e4-a52e-4f735466cecf":"f.D0531791EE27D9F39EBFF32D62FB2301.d.00A8492E315B02BBC41800F00D0549BE.e.6037","ELEMENT":"f.D0531791EE27D9F39EBFF32D62FB2301.d.00A8492E315B02BBC41800F00D0549BE.e.6037"}]}
COMMAND: POST /session/5a404f73187a01115305a03f2137b0ec/element - {"using":"xpath","value":"//span[contains(@title, \"Remove\")]"}
COMMAND: GET /session/5a404f73187a01115305a03f2137b0ec/screenshot - {}
RESULT: {"using":"xpath","value":"//span[contains(@title, \"Remove\")]"}
COMMAND: POST /session/5a404f73187a01115305a03f2137b0ec/element/f.D0531791EE27D9F39EBFF32D62FB2301.d.00A8492E315B02BBC41800F00D0549BE.e.7008/click - {}
RESULT: {}
RESULT: {}
COMMAND: GET /session/5a404f73187a01115305a03f2137b0ec/screenshot - {}
RESULT: {}
COMMAND: POST /session/5a404f73187a01115305a03f2137b0ec/element - {"using":"xpath","value":"//span[@id=\"application-managepartners-display-component---masterPtm--smartTable-header-inner\"]"}
RESULT: {"using":"xpath","value":"//span[@id=\"application-managepartners-display-component---masterPtm--smartTable-header-inner\"]"}
COMMAND: POST /session/5a404f73187a01115305a03f2137b0ec/elements - {"using":"xpath","value":"//span[@id=\"application-managepartners-display-component---masterPtm--smartTable-header-inner\"]"}
RESULT: {"using":"xpath","value":"//span[@id=\"application-managepartners-display-component---masterPtm--smartTable-header-inner\"]"}
COMMAND: POST /session/5a404f73187a01115305a03f2137b0ec/execute/sync - {"script":"<script> [56 bytes]","args":[{"element-6066-11e4-a52e-4f735466cecf":"f.D0531791EE27D9F39EBFF32D62FB2301.d.00A8492E315B02BBC41800F00D0549BE.e.6037","ELEMENT":"f.D0531791EE27D9F39EBFF32D62FB2301.d.00A8492E315B02BBC41800F00D0549BE.e.6037"}]}
RESULT: {"script":"<script> [56 bytes]","args":[{"element-6066-11e4-a52e-4f735466cecf":"f.D0531791EE27D9F39EBFF32D62FB2301.d.00A8492E315B02BBC41800F00D0549BE.e.6037","ELEMENT":"f.D0531791EE27D9F39EBFF32D62FB2301.d.00A8492E315B02BBC41800F00D0549BE.e.6037"}]}
COMMAND: POST /session/5a404f73187a01115305a03f2137b0ec/element - {"using":"css selector","value":"#shell-header-logo"}
COMMAND: GET /session/5a404f73187a01115305a03f2137b0ec/screenshot - {}
RESULT: {"using":"css selector","value":"#shell-header-logo"}
COMMAND: POST /session/5a404f73187a01115305a03f2137b0ec/element/f.D0531791EE27D9F39EBFF32D62FB2301.d.00A8492E315B02BBC41800F00D0549BE.e.5866/click - {}
RESULT: {}
RESULT: {}
COMMAND: GET /session/5a404f73187a01115305a03f2137b0ec/screenshot - {}
RESULT: {}
]]></system-out>
    </testcase>
    <testcase classname="chrome.136_0_7103_49.windows.Partner_specific_tests_US150819_US151080_US151654_US151176_US103444_US151078_US151079_US151109_US151174_US151175_US151189" name="Should try to save empty partner US151174" time="47.853">
      <system-out><![CDATA[
COMMAND: POST /session/5a404f73187a01115305a03f2137b0ec/element - {"using":"xpath","value":"//li[.//span[text()=\"Manage Partners\"]]"}
RESULT: {"using":"xpath","value":"//li[.//span[text()=\"Manage Partners\"]]"}
COMMAND: POST /session/5a404f73187a01115305a03f2137b0ec/element - {"using":"xpath","value":"//li[.//span[text()=\"Manage Partners\"]]"}
RESULT: {"using":"xpath","value":"//li[.//span[text()=\"Manage Partners\"]]"}
COMMAND: POST /session/5a404f73187a01115305a03f2137b0ec/element - {"using":"css selector","value":"#shell-header-logo"}
RESULT: {"using":"css selector","value":"#shell-header-logo"}
COMMAND: POST /session/5a404f73187a01115305a03f2137b0ec/element/f.D0531791EE27D9F39EBFF32D62FB2301.d.00A8492E315B02BBC41800F00D0549BE.e.7103/click - {}
COMMAND: POST /session/5a404f73187a01115305a03f2137b0ec/execute/sync - {"script":"<script> [8489 bytes]","args":[{"element-6066-11e4-a52e-4f735466cecf":"f.D0531791EE27D9F39EBFF32D62FB2301.d.00A8492E315B02BBC41800F00D0549BE.e.7103","ELEMENT":"f.D0531791EE27D9F39EBFF32D62FB2301.d.00A8492E315B02BBC41800F00D0549BE.e.7103"}]}
RESULT: {}
COMMAND: GET /session/5a404f73187a01115305a03f2137b0ec/screenshot - {}
RESULT: {"script":"<script> [8489 bytes]","args":[{"element-6066-11e4-a52e-4f735466cecf":"f.D0531791EE27D9F39EBFF32D62FB2301.d.00A8492E315B02BBC41800F00D0549BE.e.7103","ELEMENT":"f.D0531791EE27D9F39EBFF32D62FB2301.d.00A8492E315B02BBC41800F00D0549BE.e.7103"}]}
COMMAND: POST /session/5a404f73187a01115305a03f2137b0ec/execute/sync - {"script":"<script> [5351 bytes]","args":[{"element-6066-11e4-a52e-4f735466cecf":"f.D0531791EE27D9F39EBFF32D62FB2301.d.00A8492E315B02BBC41800F00D0549BE.e.7103","ELEMENT":"f.D0531791EE27D9F39EBFF32D62FB2301.d.00A8492E315B02BBC41800F00D0549BE.e.7103"}]}
COMMAND: GET /session/5a404f73187a01115305a03f2137b0ec/screenshot - {}
RESULT: {}
RESULT: {"script":"<script> [5351 bytes]","args":[{"element-6066-11e4-a52e-4f735466cecf":"f.D0531791EE27D9F39EBFF32D62FB2301.d.00A8492E315B02BBC41800F00D0549BE.e.7103","ELEMENT":"f.D0531791EE27D9F39EBFF32D62FB2301.d.00A8492E315B02BBC41800F00D0549BE.e.7103"}]}
COMMAND: GET /session/5a404f73187a01115305a03f2137b0ec/screenshot - {}
RESULT: {}
RESULT: {}
RESULT: undefined
COMMAND: POST /session/5a404f73187a01115305a03f2137b0ec/element - {"using":"xpath","value":"//*[@id=\"__tile30\"]"}
RESULT: {"using":"xpath","value":"//*[@id=\"__tile30\"]"}
COMMAND: POST /session/5a404f73187a01115305a03f2137b0ec/element/f.D0531791EE27D9F39EBFF32D62FB2301.d.00A8492E315B02BBC41800F00D0549BE.e.4527/click - {}
RESULT: {}
COMMAND: GET /session/5a404f73187a01115305a03f2137b0ec/screenshot - {}
RESULT: {}
COMMAND: POST /session/5a404f73187a01115305a03f2137b0ec/elements - {"using":"xpath","value":"//span[text()='Error']"}
RESULT: {"using":"xpath","value":"//span[text()='Error']"}
COMMAND: POST /session/5a404f73187a01115305a03f2137b0ec/element - {"using":"xpath","value":"//button[@data-kt=\"addButton\"]"}
RESULT: {"using":"xpath","value":"//button[@data-kt=\"addButton\"]"}
COMMAND: POST /session/5a404f73187a01115305a03f2137b0ec/elements - {"using":"xpath","value":"//button[@data-kt=\"addButton\"]"}
RESULT: {"using":"xpath","value":"//button[@data-kt=\"addButton\"]"}
COMMAND: POST /session/5a404f73187a01115305a03f2137b0ec/execute/sync - {"script":"<script> [8489 bytes]","args":[{"element-6066-11e4-a52e-4f735466cecf":"f.D0531791EE27D9F39EBFF32D62FB2301.d.00A8492E315B02BBC41800F00D0549BE.e.7148","ELEMENT":"f.D0531791EE27D9F39EBFF32D62FB2301.d.00A8492E315B02BBC41800F00D0549BE.e.7148"}]}
RESULT: {"script":"<script> [8489 bytes]","args":[{"element-6066-11e4-a52e-4f735466cecf":"f.D0531791EE27D9F39EBFF32D62FB2301.d.00A8492E315B02BBC41800F00D0549BE.e.7148","ELEMENT":"f.D0531791EE27D9F39EBFF32D62FB2301.d.00A8492E315B02BBC41800F00D0549BE.e.7148"}]}
COMMAND: GET /session/5a404f73187a01115305a03f2137b0ec/element/f.D0531791EE27D9F39EBFF32D62FB2301.d.00A8492E315B02BBC41800F00D0549BE.e.7148/enabled - {}
COMMAND: GET /session/5a404f73187a01115305a03f2137b0ec/screenshot - {}
RESULT: {}
COMMAND: POST /session/5a404f73187a01115305a03f2137b0ec/execute/sync - {"script":"<script> [8489 bytes]","args":[{"element-6066-11e4-a52e-4f735466cecf":"f.D0531791EE27D9F39EBFF32D62FB2301.d.00A8492E315B02BBC41800F00D0549BE.e.7148","ELEMENT":"f.D0531791EE27D9F39EBFF32D62FB2301.d.00A8492E315B02BBC41800F00D0549BE.e.7148"}]}
COMMAND: GET /session/5a404f73187a01115305a03f2137b0ec/screenshot - {}
RESULT: {}
RESULT: {"script":"<script> [8489 bytes]","args":[{"element-6066-11e4-a52e-4f735466cecf":"f.D0531791EE27D9F39EBFF32D62FB2301.d.00A8492E315B02BBC41800F00D0549BE.e.7148","ELEMENT":"f.D0531791EE27D9F39EBFF32D62FB2301.d.00A8492E315B02BBC41800F00D0549BE.e.7148"}]}
COMMAND: POST /session/5a404f73187a01115305a03f2137b0ec/execute/sync - {"script":"<script> [5351 bytes]","args":[{"element-6066-11e4-a52e-4f735466cecf":"f.D0531791EE27D9F39EBFF32D62FB2301.d.00A8492E315B02BBC41800F00D0549BE.e.7148","ELEMENT":"f.D0531791EE27D9F39EBFF32D62FB2301.d.00A8492E315B02BBC41800F00D0549BE.e.7148"}]}
COMMAND: GET /session/5a404f73187a01115305a03f2137b0ec/screenshot - {}
RESULT: {}
RESULT: {"script":"<script> [5351 bytes]","args":[{"element-6066-11e4-a52e-4f735466cecf":"f.D0531791EE27D9F39EBFF32D62FB2301.d.00A8492E315B02BBC41800F00D0549BE.e.7148","ELEMENT":"f.D0531791EE27D9F39EBFF32D62FB2301.d.00A8492E315B02BBC41800F00D0549BE.e.7148"}]}
COMMAND: POST /session/5a404f73187a01115305a03f2137b0ec/element/f.D0531791EE27D9F39EBFF32D62FB2301.d.00A8492E315B02BBC41800F00D0549BE.e.7148/click - {}
COMMAND: GET /session/5a404f73187a01115305a03f2137b0ec/screenshot - {}
RESULT: {}
RESULT: {}
COMMAND: GET /session/5a404f73187a01115305a03f2137b0ec/screenshot - {}
RESULT: {}
RESULT: {}
COMMAND: POST /session/5a404f73187a01115305a03f2137b0ec/element - {"using":"xpath","value":"//button[@data-kt=\"saveButton\"]"}
RESULT: {"using":"xpath","value":"//button[@data-kt=\"saveButton\"]"}
COMMAND: POST /session/5a404f73187a01115305a03f2137b0ec/element/f.D0531791EE27D9F39EBFF32D62FB2301.d.00A8492E315B02BBC41800F00D0549BE.e.7469/click - {}
RESULT: {}
COMMAND: GET /session/5a404f73187a01115305a03f2137b0ec/screenshot - {}
RESULT: {}
COMMAND: POST /session/5a404f73187a01115305a03f2137b0ec/element - {"using":"xpath","value":"//span[contains(@class, \"sapMMsgBoxText\")]"}
RESULT: {"using":"xpath","value":"//span[contains(@class, \"sapMMsgBoxText\")]"}
COMMAND: POST /session/5a404f73187a01115305a03f2137b0ec/execute/sync - {"script":"<script> [56 bytes]","args":[{"element-6066-11e4-a52e-4f735466cecf":"f.D0531791EE27D9F39EBFF32D62FB2301.d.00A8492E315B02BBC41800F00D0549BE.e.7583","ELEMENT":"f.D0531791EE27D9F39EBFF32D62FB2301.d.00A8492E315B02BBC41800F00D0549BE.e.7583"}]}
RESULT: {"script":"<script> [56 bytes]","args":[{"element-6066-11e4-a52e-4f735466cecf":"f.D0531791EE27D9F39EBFF32D62FB2301.d.00A8492E315B02BBC41800F00D0549BE.e.7583","ELEMENT":"f.D0531791EE27D9F39EBFF32D62FB2301.d.00A8492E315B02BBC41800F00D0549BE.e.7583"}]}
COMMAND: POST /session/5a404f73187a01115305a03f2137b0ec/element - {"using":"xpath","value":"(//bdi[contains(text(), \"Close\")])[1]"}
COMMAND: POST /session/5a404f73187a01115305a03f2137b0ec/elements - {"using":"xpath","value":"//span[contains(@class, \"sapMMsgBoxText\")]"}
COMMAND: GET /session/5a404f73187a01115305a03f2137b0ec/screenshot - {}
RESULT: {"using":"xpath","value":"(//bdi[contains(text(), \"Close\")])[1]"}
COMMAND: POST /session/5a404f73187a01115305a03f2137b0ec/element/f.D0531791EE27D9F39EBFF32D62FB2301.d.00A8492E315B02BBC41800F00D0549BE.e.7584/click - {}
RESULT: {"using":"xpath","value":"//span[contains(@class, \"sapMMsgBoxText\")]"}
RESULT: {}
RESULT: {}
COMMAND: GET /session/5a404f73187a01115305a03f2137b0ec/screenshot - {}
RESULT: {}
COMMAND: POST /session/5a404f73187a01115305a03f2137b0ec/element - {"using":"css selector","value":"#shell-header-logo"}
RESULT: {"using":"css selector","value":"#shell-header-logo"}
COMMAND: POST /session/5a404f73187a01115305a03f2137b0ec/element/f.D0531791EE27D9F39EBFF32D62FB2301.d.00A8492E315B02BBC41800F00D0549BE.e.7103/click - {}
RESULT: {}
COMMAND: GET /session/5a404f73187a01115305a03f2137b0ec/screenshot - {}
RESULT: {}
]]></system-out>
    </testcase>
    <testcase classname="chrome.136_0_7103_49.windows.Partner_specific_tests_US150819_US151080_US151654_US151176_US103444_US151078_US151079_US151109_US151174_US151175_US151189" name="Should do various searches US151175" time="146.062">
      <system-out><![CDATA[
COMMAND: POST /session/5a404f73187a01115305a03f2137b0ec/element - {"using":"xpath","value":"//li[.//span[text()=\"Manage Partners\"]]"}
RESULT: {"using":"xpath","value":"//li[.//span[text()=\"Manage Partners\"]]"}
COMMAND: POST /session/5a404f73187a01115305a03f2137b0ec/element - {"using":"xpath","value":"//li[.//span[text()=\"Manage Partners\"]]"}
RESULT: {"using":"xpath","value":"//li[.//span[text()=\"Manage Partners\"]]"}
COMMAND: POST /session/5a404f73187a01115305a03f2137b0ec/element - {"using":"css selector","value":"#shell-header-logo"}
RESULT: {"using":"css selector","value":"#shell-header-logo"}
COMMAND: POST /session/5a404f73187a01115305a03f2137b0ec/element/f.D0531791EE27D9F39EBFF32D62FB2301.d.00A8492E315B02BBC41800F00D0549BE.e.7586/click - {}
COMMAND: POST /session/5a404f73187a01115305a03f2137b0ec/execute/sync - {"script":"<script> [8489 bytes]","args":[{"element-6066-11e4-a52e-4f735466cecf":"f.D0531791EE27D9F39EBFF32D62FB2301.d.00A8492E315B02BBC41800F00D0549BE.e.7586","ELEMENT":"f.D0531791EE27D9F39EBFF32D62FB2301.d.00A8492E315B02BBC41800F00D0549BE.e.7586"}]}
RESULT: {}
COMMAND: GET /session/5a404f73187a01115305a03f2137b0ec/screenshot - {}
RESULT: {"script":"<script> [8489 bytes]","args":[{"element-6066-11e4-a52e-4f735466cecf":"f.D0531791EE27D9F39EBFF32D62FB2301.d.00A8492E315B02BBC41800F00D0549BE.e.7586","ELEMENT":"f.D0531791EE27D9F39EBFF32D62FB2301.d.00A8492E315B02BBC41800F00D0549BE.e.7586"}]}
COMMAND: POST /session/5a404f73187a01115305a03f2137b0ec/execute/sync - {"script":"<script> [5351 bytes]","args":[{"element-6066-11e4-a52e-4f735466cecf":"f.D0531791EE27D9F39EBFF32D62FB2301.d.00A8492E315B02BBC41800F00D0549BE.e.7586","ELEMENT":"f.D0531791EE27D9F39EBFF32D62FB2301.d.00A8492E315B02BBC41800F00D0549BE.e.7586"}]}
COMMAND: GET /session/5a404f73187a01115305a03f2137b0ec/screenshot - {}
RESULT: {}
RESULT: {"script":"<script> [5351 bytes]","args":[{"element-6066-11e4-a52e-4f735466cecf":"f.D0531791EE27D9F39EBFF32D62FB2301.d.00A8492E315B02BBC41800F00D0549BE.e.7586","ELEMENT":"f.D0531791EE27D9F39EBFF32D62FB2301.d.00A8492E315B02BBC41800F00D0549BE.e.7586"}]}
COMMAND: GET /session/5a404f73187a01115305a03f2137b0ec/screenshot - {}
RESULT: {}
RESULT: {}
RESULT: undefined
COMMAND: POST /session/5a404f73187a01115305a03f2137b0ec/element - {"using":"xpath","value":"//*[@id=\"__tile30\"]"}
RESULT: {"using":"xpath","value":"//*[@id=\"__tile30\"]"}
COMMAND: POST /session/5a404f73187a01115305a03f2137b0ec/element/f.D0531791EE27D9F39EBFF32D62FB2301.d.00A8492E315B02BBC41800F00D0549BE.e.4527/click - {}
RESULT: {}
COMMAND: GET /session/5a404f73187a01115305a03f2137b0ec/screenshot - {}
RESULT: {}
COMMAND: POST /session/5a404f73187a01115305a03f2137b0ec/elements - {"using":"xpath","value":"//span[text()='Error']"}
RESULT: {"using":"xpath","value":"//span[text()='Error']"}
COMMAND: POST /session/5a404f73187a01115305a03f2137b0ec/element - {"using":"xpath","value":"//button[@data-kt=\"addButton\"]"}
RESULT: {"using":"xpath","value":"//button[@data-kt=\"addButton\"]"}
COMMAND: POST /session/5a404f73187a01115305a03f2137b0ec/elements - {"using":"xpath","value":"//button[@data-kt=\"addButton\"]"}
RESULT: {"using":"xpath","value":"//button[@data-kt=\"addButton\"]"}
COMMAND: POST /session/5a404f73187a01115305a03f2137b0ec/execute/sync - {"script":"<script> [8489 bytes]","args":[{"element-6066-11e4-a52e-4f735466cecf":"f.D0531791EE27D9F39EBFF32D62FB2301.d.00A8492E315B02BBC41800F00D0549BE.e.7631","ELEMENT":"f.D0531791EE27D9F39EBFF32D62FB2301.d.00A8492E315B02BBC41800F00D0549BE.e.7631"}]}
RESULT: {"script":"<script> [8489 bytes]","args":[{"element-6066-11e4-a52e-4f735466cecf":"f.D0531791EE27D9F39EBFF32D62FB2301.d.00A8492E315B02BBC41800F00D0549BE.e.7631","ELEMENT":"f.D0531791EE27D9F39EBFF32D62FB2301.d.00A8492E315B02BBC41800F00D0549BE.e.7631"}]}
COMMAND: GET /session/5a404f73187a01115305a03f2137b0ec/element/f.D0531791EE27D9F39EBFF32D62FB2301.d.00A8492E315B02BBC41800F00D0549BE.e.7631/enabled - {}
COMMAND: GET /session/5a404f73187a01115305a03f2137b0ec/screenshot - {}
RESULT: {}
COMMAND: POST /session/5a404f73187a01115305a03f2137b0ec/execute/sync - {"script":"<script> [8489 bytes]","args":[{"element-6066-11e4-a52e-4f735466cecf":"f.D0531791EE27D9F39EBFF32D62FB2301.d.00A8492E315B02BBC41800F00D0549BE.e.7631","ELEMENT":"f.D0531791EE27D9F39EBFF32D62FB2301.d.00A8492E315B02BBC41800F00D0549BE.e.7631"}]}
COMMAND: GET /session/5a404f73187a01115305a03f2137b0ec/screenshot - {}
RESULT: {}
RESULT: {"script":"<script> [8489 bytes]","args":[{"element-6066-11e4-a52e-4f735466cecf":"f.D0531791EE27D9F39EBFF32D62FB2301.d.00A8492E315B02BBC41800F00D0549BE.e.7631","ELEMENT":"f.D0531791EE27D9F39EBFF32D62FB2301.d.00A8492E315B02BBC41800F00D0549BE.e.7631"}]}
COMMAND: POST /session/5a404f73187a01115305a03f2137b0ec/execute/sync - {"script":"<script> [5351 bytes]","args":[{"element-6066-11e4-a52e-4f735466cecf":"f.D0531791EE27D9F39EBFF32D62FB2301.d.00A8492E315B02BBC41800F00D0549BE.e.7631","ELEMENT":"f.D0531791EE27D9F39EBFF32D62FB2301.d.00A8492E315B02BBC41800F00D0549BE.e.7631"}]}
COMMAND: GET /session/5a404f73187a01115305a03f2137b0ec/screenshot - {}
RESULT: {}
RESULT: {"script":"<script> [5351 bytes]","args":[{"element-6066-11e4-a52e-4f735466cecf":"f.D0531791EE27D9F39EBFF32D62FB2301.d.00A8492E315B02BBC41800F00D0549BE.e.7631","ELEMENT":"f.D0531791EE27D9F39EBFF32D62FB2301.d.00A8492E315B02BBC41800F00D0549BE.e.7631"}]}
COMMAND: GET /session/5a404f73187a01115305a03f2137b0ec/screenshot - {}
RESULT: {}
RESULT: {}
COMMAND: POST /session/5a404f73187a01115305a03f2137b0ec/element - {"using":"xpath","value":"//span[@id=\"application-managepartners-display-component---masterPtm--smartTable-header-inner\"]"}
RESULT: {"using":"xpath","value":"//span[@id=\"application-managepartners-display-component---masterPtm--smartTable-header-inner\"]"}
COMMAND: POST /session/5a404f73187a01115305a03f2137b0ec/elements - {"using":"xpath","value":"//span[@id=\"application-managepartners-display-component---masterPtm--smartTable-header-inner\"]"}
RESULT: {"using":"xpath","value":"//span[@id=\"application-managepartners-display-component---masterPtm--smartTable-header-inner\"]"}
COMMAND: POST /session/5a404f73187a01115305a03f2137b0ec/execute/sync - {"script":"<script> [56 bytes]","args":[{"element-6066-11e4-a52e-4f735466cecf":"f.D0531791EE27D9F39EBFF32D62FB2301.d.00A8492E315B02BBC41800F00D0549BE.e.7754","ELEMENT":"f.D0531791EE27D9F39EBFF32D62FB2301.d.00A8492E315B02BBC41800F00D0549BE.e.7754"}]}
RESULT: {"script":"<script> [56 bytes]","args":[{"element-6066-11e4-a52e-4f735466cecf":"f.D0531791EE27D9F39EBFF32D62FB2301.d.00A8492E315B02BBC41800F00D0549BE.e.7754","ELEMENT":"f.D0531791EE27D9F39EBFF32D62FB2301.d.00A8492E315B02BBC41800F00D0549BE.e.7754"}]}
RESULT: undefined
COMMAND: POST /session/5a404f73187a01115305a03f2137b0ec/element - {"using":"xpath","value":"//*[@id=\"application-managepartners-display-component---masterPtm--smartFilterBar-btnFilters\"]"}
COMMAND: GET /session/5a404f73187a01115305a03f2137b0ec/screenshot - {}
RESULT: {"using":"xpath","value":"//*[@id=\"application-managepartners-display-component---masterPtm--smartFilterBar-btnFilters\"]"}
COMMAND: POST /session/5a404f73187a01115305a03f2137b0ec/element/f.D0531791EE27D9F39EBFF32D62FB2301.d.00A8492E315B02BBC41800F00D0549BE.e.7608/click - {}
RESULT: {}
RESULT: {}
COMMAND: GET /session/5a404f73187a01115305a03f2137b0ec/screenshot - {}
RESULT: {}
COMMAND: POST /session/5a404f73187a01115305a03f2137b0ec/elements - {"using":"xpath","value":"//table[contains(@id, \"listView-innerSelectionPanelTable-listUl\")]/tbody/tr"}
RESULT: {"using":"xpath","value":"//table[contains(@id, \"listView-innerSelectionPanelTable-listUl\")]/tbody/tr"}
COMMAND: POST /session/5a404f73187a01115305a03f2137b0ec/element - {"using":"xpath","value":"//table[contains(@id, \"listView-innerSelectionPanelTable-listUl\")]/tbody/tr[2]/td[2]/div/div"}
RESULT: {"using":"xpath","value":"//table[contains(@id, \"listView-innerSelectionPanelTable-listUl\")]/tbody/tr[2]/td[2]/div/div"}
COMMAND: POST /session/5a404f73187a01115305a03f2137b0ec/element - {"using":"xpath","value":"//table[contains(@id, \"listView-innerSelectionPanelTable-listUl\")]/tbody/tr[2]/td[2]/div"}
RESULT: {"using":"xpath","value":"//table[contains(@id, \"listView-innerSelectionPanelTable-listUl\")]/tbody/tr[2]/td[2]/div"}
COMMAND: POST /session/5a404f73187a01115305a03f2137b0ec/element - {"using":"xpath","value":"//table[contains(@id, \"listView-innerSelectionPanelTable-listUl\")]/tbody/tr[2]/td[3]/div/div/span/span[1]/bdi"}
RESULT: {"using":"xpath","value":"//table[contains(@id, \"listView-innerSelectionPanelTable-listUl\")]/tbody/tr[2]/td[3]/div/div/span/span[1]/bdi"}
COMMAND: POST /session/5a404f73187a01115305a03f2137b0ec/execute/sync - {"script":"<script> [56 bytes]","args":[{"element-6066-11e4-a52e-4f735466cecf":"f.D0531791EE27D9F39EBFF32D62FB2301.d.00A8492E315B02BBC41800F00D0549BE.e.7822","ELEMENT":"f.D0531791EE27D9F39EBFF32D62FB2301.d.00A8492E315B02BBC41800F00D0549BE.e.7822"}]}
RESULT: {"script":"<script> [56 bytes]","args":[{"element-6066-11e4-a52e-4f735466cecf":"f.D0531791EE27D9F39EBFF32D62FB2301.d.00A8492E315B02BBC41800F00D0549BE.e.7822","ELEMENT":"f.D0531791EE27D9F39EBFF32D62FB2301.d.00A8492E315B02BBC41800F00D0549BE.e.7822"}]}
COMMAND: GET /session/5a404f73187a01115305a03f2137b0ec/element/f.D0531791EE27D9F39EBFF32D62FB2301.d.00A8492E315B02BBC41800F00D0549BE.e.7821/attribute/aria-checked - {}
COMMAND: GET /session/5a404f73187a01115305a03f2137b0ec/screenshot - {}
RESULT: {}
COMMAND: POST /session/5a404f73187a01115305a03f2137b0ec/element - {"using":"xpath","value":"//table[contains(@id, \"listView-innerSelectionPanelTable-listUl\")]/tbody/tr[3]/td[2]/div/div"}
RESULT: {}
RESULT: {"using":"xpath","value":"//table[contains(@id, \"listView-innerSelectionPanelTable-listUl\")]/tbody/tr[3]/td[2]/div/div"}
COMMAND: POST /session/5a404f73187a01115305a03f2137b0ec/element - {"using":"xpath","value":"//table[contains(@id, \"listView-innerSelectionPanelTable-listUl\")]/tbody/tr[3]/td[2]/div"}
RESULT: {"using":"xpath","value":"//table[contains(@id, \"listView-innerSelectionPanelTable-listUl\")]/tbody/tr[3]/td[2]/div"}
COMMAND: POST /session/5a404f73187a01115305a03f2137b0ec/element - {"using":"xpath","value":"//table[contains(@id, \"listView-innerSelectionPanelTable-listUl\")]/tbody/tr[3]/td[3]/div/div/span/span[1]/bdi"}
RESULT: {"using":"xpath","value":"//table[contains(@id, \"listView-innerSelectionPanelTable-listUl\")]/tbody/tr[3]/td[3]/div/div/span/span[1]/bdi"}
COMMAND: POST /session/5a404f73187a01115305a03f2137b0ec/execute/sync - {"script":"<script> [56 bytes]","args":[{"element-6066-11e4-a52e-4f735466cecf":"f.D0531791EE27D9F39EBFF32D62FB2301.d.00A8492E315B02BBC41800F00D0549BE.e.7825","ELEMENT":"f.D0531791EE27D9F39EBFF32D62FB2301.d.00A8492E315B02BBC41800F00D0549BE.e.7825"}]}
RESULT: {"script":"<script> [56 bytes]","args":[{"element-6066-11e4-a52e-4f735466cecf":"f.D0531791EE27D9F39EBFF32D62FB2301.d.00A8492E315B02BBC41800F00D0549BE.e.7825","ELEMENT":"f.D0531791EE27D9F39EBFF32D62FB2301.d.00A8492E315B02BBC41800F00D0549BE.e.7825"}]}
COMMAND: GET /session/5a404f73187a01115305a03f2137b0ec/element/f.D0531791EE27D9F39EBFF32D62FB2301.d.00A8492E315B02BBC41800F00D0549BE.e.7824/attribute/aria-checked - {}
COMMAND: GET /session/5a404f73187a01115305a03f2137b0ec/screenshot - {}
RESULT: {}
COMMAND: POST /session/5a404f73187a01115305a03f2137b0ec/element - {"using":"xpath","value":"//table[contains(@id, \"listView-innerSelectionPanelTable-listUl\")]/tbody/tr[4]/td[2]/div/div"}
RESULT: {}
RESULT: {"using":"xpath","value":"//table[contains(@id, \"listView-innerSelectionPanelTable-listUl\")]/tbody/tr[4]/td[2]/div/div"}
COMMAND: POST /session/5a404f73187a01115305a03f2137b0ec/element - {"using":"xpath","value":"//table[contains(@id, \"listView-innerSelectionPanelTable-listUl\")]/tbody/tr[4]/td[2]/div"}
RESULT: {"using":"xpath","value":"//table[contains(@id, \"listView-innerSelectionPanelTable-listUl\")]/tbody/tr[4]/td[2]/div"}
COMMAND: POST /session/5a404f73187a01115305a03f2137b0ec/element - {"using":"xpath","value":"//table[contains(@id, \"listView-innerSelectionPanelTable-listUl\")]/tbody/tr[4]/td[3]/div/div/span/span[1]/bdi"}
RESULT: {"using":"xpath","value":"//table[contains(@id, \"listView-innerSelectionPanelTable-listUl\")]/tbody/tr[4]/td[3]/div/div/span/span[1]/bdi"}
COMMAND: POST /session/5a404f73187a01115305a03f2137b0ec/execute/sync - {"script":"<script> [56 bytes]","args":[{"element-6066-11e4-a52e-4f735466cecf":"f.D0531791EE27D9F39EBFF32D62FB2301.d.00A8492E315B02BBC41800F00D0549BE.e.7828","ELEMENT":"f.D0531791EE27D9F39EBFF32D62FB2301.d.00A8492E315B02BBC41800F00D0549BE.e.7828"}]}
RESULT: {"script":"<script> [56 bytes]","args":[{"element-6066-11e4-a52e-4f735466cecf":"f.D0531791EE27D9F39EBFF32D62FB2301.d.00A8492E315B02BBC41800F00D0549BE.e.7828","ELEMENT":"f.D0531791EE27D9F39EBFF32D62FB2301.d.00A8492E315B02BBC41800F00D0549BE.e.7828"}]}
COMMAND: GET /session/5a404f73187a01115305a03f2137b0ec/element/f.D0531791EE27D9F39EBFF32D62FB2301.d.00A8492E315B02BBC41800F00D0549BE.e.7827/attribute/aria-checked - {}
COMMAND: GET /session/5a404f73187a01115305a03f2137b0ec/screenshot - {}
RESULT: {}
COMMAND: POST /session/5a404f73187a01115305a03f2137b0ec/element - {"using":"xpath","value":"//table[contains(@id, \"listView-innerSelectionPanelTable-listUl\")]/tbody/tr[5]/td[2]/div/div"}
RESULT: {}
RESULT: {"using":"xpath","value":"//table[contains(@id, \"listView-innerSelectionPanelTable-listUl\")]/tbody/tr[5]/td[2]/div/div"}
COMMAND: POST /session/5a404f73187a01115305a03f2137b0ec/element - {"using":"xpath","value":"//table[contains(@id, \"listView-innerSelectionPanelTable-listUl\")]/tbody/tr[5]/td[2]/div"}
RESULT: {"using":"xpath","value":"//table[contains(@id, \"listView-innerSelectionPanelTable-listUl\")]/tbody/tr[5]/td[2]/div"}
COMMAND: POST /session/5a404f73187a01115305a03f2137b0ec/element - {"using":"xpath","value":"//table[contains(@id, \"listView-innerSelectionPanelTable-listUl\")]/tbody/tr[5]/td[3]/div/div/span/span[1]/bdi"}
RESULT: {"using":"xpath","value":"//table[contains(@id, \"listView-innerSelectionPanelTable-listUl\")]/tbody/tr[5]/td[3]/div/div/span/span[1]/bdi"}
COMMAND: POST /session/5a404f73187a01115305a03f2137b0ec/execute/sync - {"script":"<script> [56 bytes]","args":[{"element-6066-11e4-a52e-4f735466cecf":"f.D0531791EE27D9F39EBFF32D62FB2301.d.00A8492E315B02BBC41800F00D0549BE.e.7831","ELEMENT":"f.D0531791EE27D9F39EBFF32D62FB2301.d.00A8492E315B02BBC41800F00D0549BE.e.7831"}]}
RESULT: {"script":"<script> [56 bytes]","args":[{"element-6066-11e4-a52e-4f735466cecf":"f.D0531791EE27D9F39EBFF32D62FB2301.d.00A8492E315B02BBC41800F00D0549BE.e.7831","ELEMENT":"f.D0531791EE27D9F39EBFF32D62FB2301.d.00A8492E315B02BBC41800F00D0549BE.e.7831"}]}
COMMAND: GET /session/5a404f73187a01115305a03f2137b0ec/element/f.D0531791EE27D9F39EBFF32D62FB2301.d.00A8492E315B02BBC41800F00D0549BE.e.7830/attribute/aria-checked - {}
COMMAND: GET /session/5a404f73187a01115305a03f2137b0ec/screenshot - {}
RESULT: {}
COMMAND: POST /session/5a404f73187a01115305a03f2137b0ec/element - {"using":"xpath","value":"//table[contains(@id, \"listView-innerSelectionPanelTable-listUl\")]/tbody/tr[6]/td[2]/div/div"}
RESULT: {}
RESULT: {"using":"xpath","value":"//table[contains(@id, \"listView-innerSelectionPanelTable-listUl\")]/tbody/tr[6]/td[2]/div/div"}
COMMAND: POST /session/5a404f73187a01115305a03f2137b0ec/element - {"using":"xpath","value":"//table[contains(@id, \"listView-innerSelectionPanelTable-listUl\")]/tbody/tr[6]/td[2]/div"}
RESULT: {"using":"xpath","value":"//table[contains(@id, \"listView-innerSelectionPanelTable-listUl\")]/tbody/tr[6]/td[2]/div"}
COMMAND: POST /session/5a404f73187a01115305a03f2137b0ec/element - {"using":"xpath","value":"//table[contains(@id, \"listView-innerSelectionPanelTable-listUl\")]/tbody/tr[6]/td[3]/div/div/span/span[1]/bdi"}
RESULT: {"using":"xpath","value":"//table[contains(@id, \"listView-innerSelectionPanelTable-listUl\")]/tbody/tr[6]/td[3]/div/div/span/span[1]/bdi"}
COMMAND: POST /session/5a404f73187a01115305a03f2137b0ec/execute/sync - {"script":"<script> [56 bytes]","args":[{"element-6066-11e4-a52e-4f735466cecf":"f.D0531791EE27D9F39EBFF32D62FB2301.d.00A8492E315B02BBC41800F00D0549BE.e.7834","ELEMENT":"f.D0531791EE27D9F39EBFF32D62FB2301.d.00A8492E315B02BBC41800F00D0549BE.e.7834"}]}
RESULT: {"script":"<script> [56 bytes]","args":[{"element-6066-11e4-a52e-4f735466cecf":"f.D0531791EE27D9F39EBFF32D62FB2301.d.00A8492E315B02BBC41800F00D0549BE.e.7834","ELEMENT":"f.D0531791EE27D9F39EBFF32D62FB2301.d.00A8492E315B02BBC41800F00D0549BE.e.7834"}]}
COMMAND: GET /session/5a404f73187a01115305a03f2137b0ec/element/f.D0531791EE27D9F39EBFF32D62FB2301.d.00A8492E315B02BBC41800F00D0549BE.e.7833/attribute/aria-checked - {}
COMMAND: GET /session/5a404f73187a01115305a03f2137b0ec/screenshot - {}
RESULT: {}
COMMAND: POST /session/5a404f73187a01115305a03f2137b0ec/element - {"using":"xpath","value":"//table[contains(@id, \"listView-innerSelectionPanelTable-listUl\")]/tbody/tr[7]/td[2]/div/div"}
RESULT: {}
RESULT: {"using":"xpath","value":"//table[contains(@id, \"listView-innerSelectionPanelTable-listUl\")]/tbody/tr[7]/td[2]/div/div"}
COMMAND: POST /session/5a404f73187a01115305a03f2137b0ec/element - {"using":"xpath","value":"//table[contains(@id, \"listView-innerSelectionPanelTable-listUl\")]/tbody/tr[7]/td[2]/div"}
RESULT: {"using":"xpath","value":"//table[contains(@id, \"listView-innerSelectionPanelTable-listUl\")]/tbody/tr[7]/td[2]/div"}
COMMAND: POST /session/5a404f73187a01115305a03f2137b0ec/element - {"using":"xpath","value":"//table[contains(@id, \"listView-innerSelectionPanelTable-listUl\")]/tbody/tr[7]/td[3]/div/div/span/span[1]/bdi"}
RESULT: {"using":"xpath","value":"//table[contains(@id, \"listView-innerSelectionPanelTable-listUl\")]/tbody/tr[7]/td[3]/div/div/span/span[1]/bdi"}
COMMAND: POST /session/5a404f73187a01115305a03f2137b0ec/execute/sync - {"script":"<script> [56 bytes]","args":[{"element-6066-11e4-a52e-4f735466cecf":"f.D0531791EE27D9F39EBFF32D62FB2301.d.00A8492E315B02BBC41800F00D0549BE.e.7837","ELEMENT":"f.D0531791EE27D9F39EBFF32D62FB2301.d.00A8492E315B02BBC41800F00D0549BE.e.7837"}]}
RESULT: {"script":"<script> [56 bytes]","args":[{"element-6066-11e4-a52e-4f735466cecf":"f.D0531791EE27D9F39EBFF32D62FB2301.d.00A8492E315B02BBC41800F00D0549BE.e.7837","ELEMENT":"f.D0531791EE27D9F39EBFF32D62FB2301.d.00A8492E315B02BBC41800F00D0549BE.e.7837"}]}
COMMAND: GET /session/5a404f73187a01115305a03f2137b0ec/element/f.D0531791EE27D9F39EBFF32D62FB2301.d.00A8492E315B02BBC41800F00D0549BE.e.7836/attribute/aria-checked - {}
COMMAND: GET /session/5a404f73187a01115305a03f2137b0ec/screenshot - {}
RESULT: {}
COMMAND: POST /session/5a404f73187a01115305a03f2137b0ec/element - {"using":"xpath","value":"//table[contains(@id, \"listView-innerSelectionPanelTable-listUl\")]/tbody/tr[8]/td[2]/div/div"}
RESULT: {}
RESULT: {"using":"xpath","value":"//table[contains(@id, \"listView-innerSelectionPanelTable-listUl\")]/tbody/tr[8]/td[2]/div/div"}
COMMAND: POST /session/5a404f73187a01115305a03f2137b0ec/element - {"using":"xpath","value":"//table[contains(@id, \"listView-innerSelectionPanelTable-listUl\")]/tbody/tr[8]/td[2]/div"}
RESULT: {"using":"xpath","value":"//table[contains(@id, \"listView-innerSelectionPanelTable-listUl\")]/tbody/tr[8]/td[2]/div"}
COMMAND: POST /session/5a404f73187a01115305a03f2137b0ec/element - {"using":"xpath","value":"//table[contains(@id, \"listView-innerSelectionPanelTable-listUl\")]/tbody/tr[8]/td[3]/div/div/span/span[1]/bdi"}
RESULT: {"using":"xpath","value":"//table[contains(@id, \"listView-innerSelectionPanelTable-listUl\")]/tbody/tr[8]/td[3]/div/div/span/span[1]/bdi"}
COMMAND: POST /session/5a404f73187a01115305a03f2137b0ec/execute/sync - {"script":"<script> [56 bytes]","args":[{"element-6066-11e4-a52e-4f735466cecf":"f.D0531791EE27D9F39EBFF32D62FB2301.d.00A8492E315B02BBC41800F00D0549BE.e.7840","ELEMENT":"f.D0531791EE27D9F39EBFF32D62FB2301.d.00A8492E315B02BBC41800F00D0549BE.e.7840"}]}
RESULT: {"script":"<script> [56 bytes]","args":[{"element-6066-11e4-a52e-4f735466cecf":"f.D0531791EE27D9F39EBFF32D62FB2301.d.00A8492E315B02BBC41800F00D0549BE.e.7840","ELEMENT":"f.D0531791EE27D9F39EBFF32D62FB2301.d.00A8492E315B02BBC41800F00D0549BE.e.7840"}]}
COMMAND: GET /session/5a404f73187a01115305a03f2137b0ec/element/f.D0531791EE27D9F39EBFF32D62FB2301.d.00A8492E315B02BBC41800F00D0549BE.e.7839/attribute/aria-checked - {}
COMMAND: GET /session/5a404f73187a01115305a03f2137b0ec/screenshot - {}
RESULT: {}
COMMAND: POST /session/5a404f73187a01115305a03f2137b0ec/element - {"using":"xpath","value":"//table[contains(@id, \"listView-innerSelectionPanelTable-listUl\")]/tbody/tr[9]/td[2]/div/div"}
RESULT: {}
RESULT: {"using":"xpath","value":"//table[contains(@id, \"listView-innerSelectionPanelTable-listUl\")]/tbody/tr[9]/td[2]/div/div"}
COMMAND: POST /session/5a404f73187a01115305a03f2137b0ec/element - {"using":"xpath","value":"//table[contains(@id, \"listView-innerSelectionPanelTable-listUl\")]/tbody/tr[9]/td[2]/div"}
RESULT: {"using":"xpath","value":"//table[contains(@id, \"listView-innerSelectionPanelTable-listUl\")]/tbody/tr[9]/td[2]/div"}
COMMAND: POST /session/5a404f73187a01115305a03f2137b0ec/element - {"using":"xpath","value":"//table[contains(@id, \"listView-innerSelectionPanelTable-listUl\")]/tbody/tr[9]/td[3]/div/div/span/span[1]/bdi"}
RESULT: {"using":"xpath","value":"//table[contains(@id, \"listView-innerSelectionPanelTable-listUl\")]/tbody/tr[9]/td[3]/div/div/span/span[1]/bdi"}
COMMAND: POST /session/5a404f73187a01115305a03f2137b0ec/execute/sync - {"script":"<script> [56 bytes]","args":[{"element-6066-11e4-a52e-4f735466cecf":"f.D0531791EE27D9F39EBFF32D62FB2301.d.00A8492E315B02BBC41800F00D0549BE.e.7843","ELEMENT":"f.D0531791EE27D9F39EBFF32D62FB2301.d.00A8492E315B02BBC41800F00D0549BE.e.7843"}]}
RESULT: {"script":"<script> [56 bytes]","args":[{"element-6066-11e4-a52e-4f735466cecf":"f.D0531791EE27D9F39EBFF32D62FB2301.d.00A8492E315B02BBC41800F00D0549BE.e.7843","ELEMENT":"f.D0531791EE27D9F39EBFF32D62FB2301.d.00A8492E315B02BBC41800F00D0549BE.e.7843"}]}
COMMAND: GET /session/5a404f73187a01115305a03f2137b0ec/element/f.D0531791EE27D9F39EBFF32D62FB2301.d.00A8492E315B02BBC41800F00D0549BE.e.7842/attribute/aria-checked - {}
COMMAND: GET /session/5a404f73187a01115305a03f2137b0ec/screenshot - {}
RESULT: {}
COMMAND: POST /session/5a404f73187a01115305a03f2137b0ec/element - {"using":"xpath","value":"//table[contains(@id, \"listView-innerSelectionPanelTable-listUl\")]/tbody/tr[10]/td[2]/div/div"}
RESULT: {}
RESULT: {"using":"xpath","value":"//table[contains(@id, \"listView-innerSelectionPanelTable-listUl\")]/tbody/tr[10]/td[2]/div/div"}
COMMAND: POST /session/5a404f73187a01115305a03f2137b0ec/element - {"using":"xpath","value":"//table[contains(@id, \"listView-innerSelectionPanelTable-listUl\")]/tbody/tr[10]/td[2]/div"}
RESULT: {"using":"xpath","value":"//table[contains(@id, \"listView-innerSelectionPanelTable-listUl\")]/tbody/tr[10]/td[2]/div"}
COMMAND: POST /session/5a404f73187a01115305a03f2137b0ec/element - {"using":"xpath","value":"//table[contains(@id, \"listView-innerSelectionPanelTable-listUl\")]/tbody/tr[10]/td[3]/div/div/span/span[1]/bdi"}
RESULT: {"using":"xpath","value":"//table[contains(@id, \"listView-innerSelectionPanelTable-listUl\")]/tbody/tr[10]/td[3]/div/div/span/span[1]/bdi"}
COMMAND: POST /session/5a404f73187a01115305a03f2137b0ec/execute/sync - {"script":"<script> [56 bytes]","args":[{"element-6066-11e4-a52e-4f735466cecf":"f.D0531791EE27D9F39EBFF32D62FB2301.d.00A8492E315B02BBC41800F00D0549BE.e.7846","ELEMENT":"f.D0531791EE27D9F39EBFF32D62FB2301.d.00A8492E315B02BBC41800F00D0549BE.e.7846"}]}
RESULT: {"script":"<script> [56 bytes]","args":[{"element-6066-11e4-a52e-4f735466cecf":"f.D0531791EE27D9F39EBFF32D62FB2301.d.00A8492E315B02BBC41800F00D0549BE.e.7846","ELEMENT":"f.D0531791EE27D9F39EBFF32D62FB2301.d.00A8492E315B02BBC41800F00D0549BE.e.7846"}]}
COMMAND: GET /session/5a404f73187a01115305a03f2137b0ec/element/f.D0531791EE27D9F39EBFF32D62FB2301.d.00A8492E315B02BBC41800F00D0549BE.e.7845/attribute/aria-checked - {}
COMMAND: GET /session/5a404f73187a01115305a03f2137b0ec/screenshot - {}
RESULT: {}
COMMAND: POST /session/5a404f73187a01115305a03f2137b0ec/element - {"using":"xpath","value":"//table[contains(@id, \"listView-innerSelectionPanelTable-listUl\")]/tbody/tr[11]/td[2]/div/div"}
RESULT: {}
RESULT: {"using":"xpath","value":"//table[contains(@id, \"listView-innerSelectionPanelTable-listUl\")]/tbody/tr[11]/td[2]/div/div"}
COMMAND: POST /session/5a404f73187a01115305a03f2137b0ec/element - {"using":"xpath","value":"//table[contains(@id, \"listView-innerSelectionPanelTable-listUl\")]/tbody/tr[11]/td[2]/div"}
RESULT: {"using":"xpath","value":"//table[contains(@id, \"listView-innerSelectionPanelTable-listUl\")]/tbody/tr[11]/td[2]/div"}
COMMAND: POST /session/5a404f73187a01115305a03f2137b0ec/element - {"using":"xpath","value":"//table[contains(@id, \"listView-innerSelectionPanelTable-listUl\")]/tbody/tr[11]/td[3]/div/div/span/span[1]/bdi"}
RESULT: {"using":"xpath","value":"//table[contains(@id, \"listView-innerSelectionPanelTable-listUl\")]/tbody/tr[11]/td[3]/div/div/span/span[1]/bdi"}
COMMAND: POST /session/5a404f73187a01115305a03f2137b0ec/execute/sync - {"script":"<script> [56 bytes]","args":[{"element-6066-11e4-a52e-4f735466cecf":"f.D0531791EE27D9F39EBFF32D62FB2301.d.00A8492E315B02BBC41800F00D0549BE.e.7849","ELEMENT":"f.D0531791EE27D9F39EBFF32D62FB2301.d.00A8492E315B02BBC41800F00D0549BE.e.7849"}]}
RESULT: {"script":"<script> [56 bytes]","args":[{"element-6066-11e4-a52e-4f735466cecf":"f.D0531791EE27D9F39EBFF32D62FB2301.d.00A8492E315B02BBC41800F00D0549BE.e.7849","ELEMENT":"f.D0531791EE27D9F39EBFF32D62FB2301.d.00A8492E315B02BBC41800F00D0549BE.e.7849"}]}
COMMAND: GET /session/5a404f73187a01115305a03f2137b0ec/element/f.D0531791EE27D9F39EBFF32D62FB2301.d.00A8492E315B02BBC41800F00D0549BE.e.7848/attribute/aria-checked - {}
COMMAND: GET /session/5a404f73187a01115305a03f2137b0ec/screenshot - {}
RESULT: {}
COMMAND: POST /session/5a404f73187a01115305a03f2137b0ec/element - {"using":"xpath","value":"//table[contains(@id, \"listView-innerSelectionPanelTable-listUl\")]/tbody/tr[12]/td[2]/div/div"}
RESULT: {}
RESULT: {"using":"xpath","value":"//table[contains(@id, \"listView-innerSelectionPanelTable-listUl\")]/tbody/tr[12]/td[2]/div/div"}
COMMAND: POST /session/5a404f73187a01115305a03f2137b0ec/element - {"using":"xpath","value":"//table[contains(@id, \"listView-innerSelectionPanelTable-listUl\")]/tbody/tr[12]/td[2]/div"}
RESULT: {"using":"xpath","value":"//table[contains(@id, \"listView-innerSelectionPanelTable-listUl\")]/tbody/tr[12]/td[2]/div"}
COMMAND: POST /session/5a404f73187a01115305a03f2137b0ec/element - {"using":"xpath","value":"//table[contains(@id, \"listView-innerSelectionPanelTable-listUl\")]/tbody/tr[12]/td[3]/div/div/span/span[1]/bdi"}
RESULT: {"using":"xpath","value":"//table[contains(@id, \"listView-innerSelectionPanelTable-listUl\")]/tbody/tr[12]/td[3]/div/div/span/span[1]/bdi"}
COMMAND: POST /session/5a404f73187a01115305a03f2137b0ec/execute/sync - {"script":"<script> [56 bytes]","args":[{"element-6066-11e4-a52e-4f735466cecf":"f.D0531791EE27D9F39EBFF32D62FB2301.d.00A8492E315B02BBC41800F00D0549BE.e.7852","ELEMENT":"f.D0531791EE27D9F39EBFF32D62FB2301.d.00A8492E315B02BBC41800F00D0549BE.e.7852"}]}
RESULT: {"script":"<script> [56 bytes]","args":[{"element-6066-11e4-a52e-4f735466cecf":"f.D0531791EE27D9F39EBFF32D62FB2301.d.00A8492E315B02BBC41800F00D0549BE.e.7852","ELEMENT":"f.D0531791EE27D9F39EBFF32D62FB2301.d.00A8492E315B02BBC41800F00D0549BE.e.7852"}]}
COMMAND: GET /session/5a404f73187a01115305a03f2137b0ec/element/f.D0531791EE27D9F39EBFF32D62FB2301.d.00A8492E315B02BBC41800F00D0549BE.e.7851/attribute/aria-checked - {}
COMMAND: GET /session/5a404f73187a01115305a03f2137b0ec/screenshot - {}
RESULT: {}
COMMAND: POST /session/5a404f73187a01115305a03f2137b0ec/element - {"using":"xpath","value":"//table[contains(@id, \"listView-innerSelectionPanelTable-listUl\")]/tbody/tr[13]/td[2]/div/div"}
RESULT: {}
RESULT: {"using":"xpath","value":"//table[contains(@id, \"listView-innerSelectionPanelTable-listUl\")]/tbody/tr[13]/td[2]/div/div"}
COMMAND: POST /session/5a404f73187a01115305a03f2137b0ec/element - {"using":"xpath","value":"//table[contains(@id, \"listView-innerSelectionPanelTable-listUl\")]/tbody/tr[13]/td[2]/div"}
RESULT: {"using":"xpath","value":"//table[contains(@id, \"listView-innerSelectionPanelTable-listUl\")]/tbody/tr[13]/td[2]/div"}
COMMAND: POST /session/5a404f73187a01115305a03f2137b0ec/element - {"using":"xpath","value":"//table[contains(@id, \"listView-innerSelectionPanelTable-listUl\")]/tbody/tr[13]/td[3]/div/div/span/span[1]/bdi"}
RESULT: {"using":"xpath","value":"//table[contains(@id, \"listView-innerSelectionPanelTable-listUl\")]/tbody/tr[13]/td[3]/div/div/span/span[1]/bdi"}
COMMAND: POST /session/5a404f73187a01115305a03f2137b0ec/execute/sync - {"script":"<script> [56 bytes]","args":[{"element-6066-11e4-a52e-4f735466cecf":"f.D0531791EE27D9F39EBFF32D62FB2301.d.00A8492E315B02BBC41800F00D0549BE.e.7855","ELEMENT":"f.D0531791EE27D9F39EBFF32D62FB2301.d.00A8492E315B02BBC41800F00D0549BE.e.7855"}]}
RESULT: {"script":"<script> [56 bytes]","args":[{"element-6066-11e4-a52e-4f735466cecf":"f.D0531791EE27D9F39EBFF32D62FB2301.d.00A8492E315B02BBC41800F00D0549BE.e.7855","ELEMENT":"f.D0531791EE27D9F39EBFF32D62FB2301.d.00A8492E315B02BBC41800F00D0549BE.e.7855"}]}
COMMAND: GET /session/5a404f73187a01115305a03f2137b0ec/element/f.D0531791EE27D9F39EBFF32D62FB2301.d.00A8492E315B02BBC41800F00D0549BE.e.7854/attribute/aria-checked - {}
COMMAND: GET /session/5a404f73187a01115305a03f2137b0ec/screenshot - {}
RESULT: {}
COMMAND: POST /session/5a404f73187a01115305a03f2137b0ec/element - {"using":"xpath","value":"//table[contains(@id, \"listView-innerSelectionPanelTable-listUl\")]/tbody/tr[14]/td[2]/div/div"}
RESULT: {}
RESULT: {"using":"xpath","value":"//table[contains(@id, \"listView-innerSelectionPanelTable-listUl\")]/tbody/tr[14]/td[2]/div/div"}
COMMAND: POST /session/5a404f73187a01115305a03f2137b0ec/element - {"using":"xpath","value":"//table[contains(@id, \"listView-innerSelectionPanelTable-listUl\")]/tbody/tr[14]/td[2]/div"}
RESULT: {"using":"xpath","value":"//table[contains(@id, \"listView-innerSelectionPanelTable-listUl\")]/tbody/tr[14]/td[2]/div"}
COMMAND: POST /session/5a404f73187a01115305a03f2137b0ec/element - {"using":"xpath","value":"//table[contains(@id, \"listView-innerSelectionPanelTable-listUl\")]/tbody/tr[14]/td[3]/div/div/span/span[1]/bdi"}
RESULT: {"using":"xpath","value":"//table[contains(@id, \"listView-innerSelectionPanelTable-listUl\")]/tbody/tr[14]/td[3]/div/div/span/span[1]/bdi"}
COMMAND: POST /session/5a404f73187a01115305a03f2137b0ec/execute/sync - {"script":"<script> [56 bytes]","args":[{"element-6066-11e4-a52e-4f735466cecf":"f.D0531791EE27D9F39EBFF32D62FB2301.d.00A8492E315B02BBC41800F00D0549BE.e.7858","ELEMENT":"f.D0531791EE27D9F39EBFF32D62FB2301.d.00A8492E315B02BBC41800F00D0549BE.e.7858"}]}
RESULT: {"script":"<script> [56 bytes]","args":[{"element-6066-11e4-a52e-4f735466cecf":"f.D0531791EE27D9F39EBFF32D62FB2301.d.00A8492E315B02BBC41800F00D0549BE.e.7858","ELEMENT":"f.D0531791EE27D9F39EBFF32D62FB2301.d.00A8492E315B02BBC41800F00D0549BE.e.7858"}]}
COMMAND: GET /session/5a404f73187a01115305a03f2137b0ec/element/f.D0531791EE27D9F39EBFF32D62FB2301.d.00A8492E315B02BBC41800F00D0549BE.e.7857/attribute/aria-checked - {}
COMMAND: GET /session/5a404f73187a01115305a03f2137b0ec/screenshot - {}
RESULT: {}
COMMAND: POST /session/5a404f73187a01115305a03f2137b0ec/element - {"using":"xpath","value":"//table[contains(@id, \"listView-innerSelectionPanelTable-listUl\")]/tbody/tr[15]/td[2]/div/div"}
RESULT: {}
RESULT: {"using":"xpath","value":"//table[contains(@id, \"listView-innerSelectionPanelTable-listUl\")]/tbody/tr[15]/td[2]/div/div"}
COMMAND: POST /session/5a404f73187a01115305a03f2137b0ec/element - {"using":"xpath","value":"//table[contains(@id, \"listView-innerSelectionPanelTable-listUl\")]/tbody/tr[15]/td[2]/div"}
RESULT: {"using":"xpath","value":"//table[contains(@id, \"listView-innerSelectionPanelTable-listUl\")]/tbody/tr[15]/td[2]/div"}
COMMAND: POST /session/5a404f73187a01115305a03f2137b0ec/element - {"using":"xpath","value":"//table[contains(@id, \"listView-innerSelectionPanelTable-listUl\")]/tbody/tr[15]/td[3]/div/div/span/span[1]/bdi"}
RESULT: {"using":"xpath","value":"//table[contains(@id, \"listView-innerSelectionPanelTable-listUl\")]/tbody/tr[15]/td[3]/div/div/span/span[1]/bdi"}
COMMAND: POST /session/5a404f73187a01115305a03f2137b0ec/execute/sync - {"script":"<script> [56 bytes]","args":[{"element-6066-11e4-a52e-4f735466cecf":"f.D0531791EE27D9F39EBFF32D62FB2301.d.00A8492E315B02BBC41800F00D0549BE.e.7861","ELEMENT":"f.D0531791EE27D9F39EBFF32D62FB2301.d.00A8492E315B02BBC41800F00D0549BE.e.7861"}]}
RESULT: {"script":"<script> [56 bytes]","args":[{"element-6066-11e4-a52e-4f735466cecf":"f.D0531791EE27D9F39EBFF32D62FB2301.d.00A8492E315B02BBC41800F00D0549BE.e.7861","ELEMENT":"f.D0531791EE27D9F39EBFF32D62FB2301.d.00A8492E315B02BBC41800F00D0549BE.e.7861"}]}
COMMAND: GET /session/5a404f73187a01115305a03f2137b0ec/element/f.D0531791EE27D9F39EBFF32D62FB2301.d.00A8492E315B02BBC41800F00D0549BE.e.7860/attribute/aria-checked - {}
COMMAND: GET /session/5a404f73187a01115305a03f2137b0ec/screenshot - {}
RESULT: {}
COMMAND: POST /session/5a404f73187a01115305a03f2137b0ec/element - {"using":"xpath","value":"//table[contains(@id, \"listView-innerSelectionPanelTable-listUl\")]/tbody/tr[16]/td[2]/div/div"}
RESULT: {}
RESULT: {"using":"xpath","value":"//table[contains(@id, \"listView-innerSelectionPanelTable-listUl\")]/tbody/tr[16]/td[2]/div/div"}
COMMAND: POST /session/5a404f73187a01115305a03f2137b0ec/element - {"using":"xpath","value":"//table[contains(@id, \"listView-innerSelectionPanelTable-listUl\")]/tbody/tr[16]/td[2]/div"}
RESULT: {"using":"xpath","value":"//table[contains(@id, \"listView-innerSelectionPanelTable-listUl\")]/tbody/tr[16]/td[2]/div"}
COMMAND: POST /session/5a404f73187a01115305a03f2137b0ec/element - {"using":"xpath","value":"//table[contains(@id, \"listView-innerSelectionPanelTable-listUl\")]/tbody/tr[16]/td[3]/div/div/span/span[1]/bdi"}
RESULT: {"using":"xpath","value":"//table[contains(@id, \"listView-innerSelectionPanelTable-listUl\")]/tbody/tr[16]/td[3]/div/div/span/span[1]/bdi"}
COMMAND: POST /session/5a404f73187a01115305a03f2137b0ec/execute/sync - {"script":"<script> [56 bytes]","args":[{"element-6066-11e4-a52e-4f735466cecf":"f.D0531791EE27D9F39EBFF32D62FB2301.d.00A8492E315B02BBC41800F00D0549BE.e.7864","ELEMENT":"f.D0531791EE27D9F39EBFF32D62FB2301.d.00A8492E315B02BBC41800F00D0549BE.e.7864"}]}
RESULT: {"script":"<script> [56 bytes]","args":[{"element-6066-11e4-a52e-4f735466cecf":"f.D0531791EE27D9F39EBFF32D62FB2301.d.00A8492E315B02BBC41800F00D0549BE.e.7864","ELEMENT":"f.D0531791EE27D9F39EBFF32D62FB2301.d.00A8492E315B02BBC41800F00D0549BE.e.7864"}]}
COMMAND: GET /session/5a404f73187a01115305a03f2137b0ec/element/f.D0531791EE27D9F39EBFF32D62FB2301.d.00A8492E315B02BBC41800F00D0549BE.e.7863/attribute/aria-checked - {}
COMMAND: GET /session/5a404f73187a01115305a03f2137b0ec/screenshot - {}
RESULT: {}
COMMAND: POST /session/5a404f73187a01115305a03f2137b0ec/element - {"using":"xpath","value":"//table[contains(@id, \"listView-innerSelectionPanelTable-listUl\")]/tbody/tr[17]/td[2]/div/div"}
RESULT: {}
RESULT: {"using":"xpath","value":"//table[contains(@id, \"listView-innerSelectionPanelTable-listUl\")]/tbody/tr[17]/td[2]/div/div"}
COMMAND: POST /session/5a404f73187a01115305a03f2137b0ec/element - {"using":"xpath","value":"//table[contains(@id, \"listView-innerSelectionPanelTable-listUl\")]/tbody/tr[17]/td[2]/div"}
RESULT: {"using":"xpath","value":"//table[contains(@id, \"listView-innerSelectionPanelTable-listUl\")]/tbody/tr[17]/td[2]/div"}
COMMAND: POST /session/5a404f73187a01115305a03f2137b0ec/element - {"using":"xpath","value":"//table[contains(@id, \"listView-innerSelectionPanelTable-listUl\")]/tbody/tr[17]/td[3]/div/div/span/span[1]/bdi"}
RESULT: {"using":"xpath","value":"//table[contains(@id, \"listView-innerSelectionPanelTable-listUl\")]/tbody/tr[17]/td[3]/div/div/span/span[1]/bdi"}
COMMAND: POST /session/5a404f73187a01115305a03f2137b0ec/execute/sync - {"script":"<script> [56 bytes]","args":[{"element-6066-11e4-a52e-4f735466cecf":"f.D0531791EE27D9F39EBFF32D62FB2301.d.00A8492E315B02BBC41800F00D0549BE.e.7867","ELEMENT":"f.D0531791EE27D9F39EBFF32D62FB2301.d.00A8492E315B02BBC41800F00D0549BE.e.7867"}]}
RESULT: {"script":"<script> [56 bytes]","args":[{"element-6066-11e4-a52e-4f735466cecf":"f.D0531791EE27D9F39EBFF32D62FB2301.d.00A8492E315B02BBC41800F00D0549BE.e.7867","ELEMENT":"f.D0531791EE27D9F39EBFF32D62FB2301.d.00A8492E315B02BBC41800F00D0549BE.e.7867"}]}
COMMAND: GET /session/5a404f73187a01115305a03f2137b0ec/element/f.D0531791EE27D9F39EBFF32D62FB2301.d.00A8492E315B02BBC41800F00D0549BE.e.7866/attribute/aria-checked - {}
COMMAND: GET /session/5a404f73187a01115305a03f2137b0ec/screenshot - {}
RESULT: {}
COMMAND: POST /session/5a404f73187a01115305a03f2137b0ec/element - {"using":"xpath","value":"//table[contains(@id, \"listView-innerSelectionPanelTable-listUl\")]/tbody/tr[18]/td[2]/div/div"}
RESULT: {}
RESULT: {"using":"xpath","value":"//table[contains(@id, \"listView-innerSelectionPanelTable-listUl\")]/tbody/tr[18]/td[2]/div/div"}
COMMAND: POST /session/5a404f73187a01115305a03f2137b0ec/element - {"using":"xpath","value":"//table[contains(@id, \"listView-innerSelectionPanelTable-listUl\")]/tbody/tr[18]/td[2]/div"}
RESULT: {"using":"xpath","value":"//table[contains(@id, \"listView-innerSelectionPanelTable-listUl\")]/tbody/tr[18]/td[2]/div"}
COMMAND: POST /session/5a404f73187a01115305a03f2137b0ec/element - {"using":"xpath","value":"//table[contains(@id, \"listView-innerSelectionPanelTable-listUl\")]/tbody/tr[18]/td[3]/div/div/span/span[1]/bdi"}
RESULT: {"using":"xpath","value":"//table[contains(@id, \"listView-innerSelectionPanelTable-listUl\")]/tbody/tr[18]/td[3]/div/div/span/span[1]/bdi"}
COMMAND: POST /session/5a404f73187a01115305a03f2137b0ec/execute/sync - {"script":"<script> [56 bytes]","args":[{"element-6066-11e4-a52e-4f735466cecf":"f.D0531791EE27D9F39EBFF32D62FB2301.d.00A8492E315B02BBC41800F00D0549BE.e.7870","ELEMENT":"f.D0531791EE27D9F39EBFF32D62FB2301.d.00A8492E315B02BBC41800F00D0549BE.e.7870"}]}
RESULT: {"script":"<script> [56 bytes]","args":[{"element-6066-11e4-a52e-4f735466cecf":"f.D0531791EE27D9F39EBFF32D62FB2301.d.00A8492E315B02BBC41800F00D0549BE.e.7870","ELEMENT":"f.D0531791EE27D9F39EBFF32D62FB2301.d.00A8492E315B02BBC41800F00D0549BE.e.7870"}]}
COMMAND: GET /session/5a404f73187a01115305a03f2137b0ec/element/f.D0531791EE27D9F39EBFF32D62FB2301.d.00A8492E315B02BBC41800F00D0549BE.e.7869/attribute/aria-checked - {}
COMMAND: GET /session/5a404f73187a01115305a03f2137b0ec/screenshot - {}
RESULT: {}
COMMAND: POST /session/5a404f73187a01115305a03f2137b0ec/element - {"using":"xpath","value":"//table[contains(@id, \"listView-innerSelectionPanelTable-listUl\")]/tbody/tr[19]/td[2]/div/div"}
RESULT: {}
RESULT: {"using":"xpath","value":"//table[contains(@id, \"listView-innerSelectionPanelTable-listUl\")]/tbody/tr[19]/td[2]/div/div"}
COMMAND: POST /session/5a404f73187a01115305a03f2137b0ec/element - {"using":"xpath","value":"//table[contains(@id, \"listView-innerSelectionPanelTable-listUl\")]/tbody/tr[19]/td[2]/div"}
RESULT: {"using":"xpath","value":"//table[contains(@id, \"listView-innerSelectionPanelTable-listUl\")]/tbody/tr[19]/td[2]/div"}
COMMAND: POST /session/5a404f73187a01115305a03f2137b0ec/element - {"using":"xpath","value":"//table[contains(@id, \"listView-innerSelectionPanelTable-listUl\")]/tbody/tr[19]/td[3]/div/div/span/span[1]/bdi"}
RESULT: {"using":"xpath","value":"//table[contains(@id, \"listView-innerSelectionPanelTable-listUl\")]/tbody/tr[19]/td[3]/div/div/span/span[1]/bdi"}
COMMAND: POST /session/5a404f73187a01115305a03f2137b0ec/execute/sync - {"script":"<script> [56 bytes]","args":[{"element-6066-11e4-a52e-4f735466cecf":"f.D0531791EE27D9F39EBFF32D62FB2301.d.00A8492E315B02BBC41800F00D0549BE.e.7873","ELEMENT":"f.D0531791EE27D9F39EBFF32D62FB2301.d.00A8492E315B02BBC41800F00D0549BE.e.7873"}]}
RESULT: {"script":"<script> [56 bytes]","args":[{"element-6066-11e4-a52e-4f735466cecf":"f.D0531791EE27D9F39EBFF32D62FB2301.d.00A8492E315B02BBC41800F00D0549BE.e.7873","ELEMENT":"f.D0531791EE27D9F39EBFF32D62FB2301.d.00A8492E315B02BBC41800F00D0549BE.e.7873"}]}
COMMAND: GET /session/5a404f73187a01115305a03f2137b0ec/element/f.D0531791EE27D9F39EBFF32D62FB2301.d.00A8492E315B02BBC41800F00D0549BE.e.7872/attribute/aria-checked - {}
COMMAND: GET /session/5a404f73187a01115305a03f2137b0ec/screenshot - {}
RESULT: {}
COMMAND: POST /session/5a404f73187a01115305a03f2137b0ec/element - {"using":"xpath","value":"//table[contains(@id, \"listView-innerSelectionPanelTable-listUl\")]/tbody/tr[20]/td[2]/div/div"}
RESULT: {}
RESULT: {"using":"xpath","value":"//table[contains(@id, \"listView-innerSelectionPanelTable-listUl\")]/tbody/tr[20]/td[2]/div/div"}
COMMAND: POST /session/5a404f73187a01115305a03f2137b0ec/element - {"using":"xpath","value":"//table[contains(@id, \"listView-innerSelectionPanelTable-listUl\")]/tbody/tr[20]/td[2]/div"}
RESULT: {"using":"xpath","value":"//table[contains(@id, \"listView-innerSelectionPanelTable-listUl\")]/tbody/tr[20]/td[2]/div"}
COMMAND: POST /session/5a404f73187a01115305a03f2137b0ec/element - {"using":"xpath","value":"//table[contains(@id, \"listView-innerSelectionPanelTable-listUl\")]/tbody/tr[20]/td[3]/div/div/span/span[1]/bdi"}
RESULT: {"using":"xpath","value":"//table[contains(@id, \"listView-innerSelectionPanelTable-listUl\")]/tbody/tr[20]/td[3]/div/div/span/span[1]/bdi"}
COMMAND: POST /session/5a404f73187a01115305a03f2137b0ec/execute/sync - {"script":"<script> [56 bytes]","args":[{"element-6066-11e4-a52e-4f735466cecf":"f.D0531791EE27D9F39EBFF32D62FB2301.d.00A8492E315B02BBC41800F00D0549BE.e.7876","ELEMENT":"f.D0531791EE27D9F39EBFF32D62FB2301.d.00A8492E315B02BBC41800F00D0549BE.e.7876"}]}
RESULT: {"script":"<script> [56 bytes]","args":[{"element-6066-11e4-a52e-4f735466cecf":"f.D0531791EE27D9F39EBFF32D62FB2301.d.00A8492E315B02BBC41800F00D0549BE.e.7876","ELEMENT":"f.D0531791EE27D9F39EBFF32D62FB2301.d.00A8492E315B02BBC41800F00D0549BE.e.7876"}]}
COMMAND: GET /session/5a404f73187a01115305a03f2137b0ec/element/f.D0531791EE27D9F39EBFF32D62FB2301.d.00A8492E315B02BBC41800F00D0549BE.e.7875/attribute/aria-checked - {}
COMMAND: GET /session/5a404f73187a01115305a03f2137b0ec/screenshot - {}
RESULT: {}
COMMAND: POST /session/5a404f73187a01115305a03f2137b0ec/element - {"using":"xpath","value":"//table[contains(@id, \"listView-innerSelectionPanelTable-listUl\")]/tbody/tr[21]/td[2]/div/div"}
COMMAND: POST /session/5a404f73187a01115305a03f2137b0ec/element/f.D0531791EE27D9F39EBFF32D62FB2301.d.00A8492E315B02BBC41800F00D0549BE.e.7874/click - {}
RESULT: {}
RESULT: {"using":"xpath","value":"//table[contains(@id, \"listView-innerSelectionPanelTable-listUl\")]/tbody/tr[21]/td[2]/div/div"}
COMMAND: POST /session/5a404f73187a01115305a03f2137b0ec/element - {"using":"xpath","value":"//table[contains(@id, \"listView-innerSelectionPanelTable-listUl\")]/tbody/tr[21]/td[2]/div"}
RESULT: {}
COMMAND: GET /session/5a404f73187a01115305a03f2137b0ec/screenshot - {}
RESULT: {"using":"xpath","value":"//table[contains(@id, \"listView-innerSelectionPanelTable-listUl\")]/tbody/tr[21]/td[2]/div"}
COMMAND: POST /session/5a404f73187a01115305a03f2137b0ec/element - {"using":"xpath","value":"//table[contains(@id, \"listView-innerSelectionPanelTable-listUl\")]/tbody/tr[21]/td[3]/div/div/span/span[1]/bdi"}
RESULT: {}
RESULT: {"using":"xpath","value":"//table[contains(@id, \"listView-innerSelectionPanelTable-listUl\")]/tbody/tr[21]/td[3]/div/div/span/span[1]/bdi"}
COMMAND: POST /session/5a404f73187a01115305a03f2137b0ec/execute/sync - {"script":"<script> [56 bytes]","args":[{"element-6066-11e4-a52e-4f735466cecf":"f.D0531791EE27D9F39EBFF32D62FB2301.d.00A8492E315B02BBC41800F00D0549BE.e.7882","ELEMENT":"f.D0531791EE27D9F39EBFF32D62FB2301.d.00A8492E315B02BBC41800F00D0549BE.e.7882"}]}
RESULT: {"script":"<script> [56 bytes]","args":[{"element-6066-11e4-a52e-4f735466cecf":"f.D0531791EE27D9F39EBFF32D62FB2301.d.00A8492E315B02BBC41800F00D0549BE.e.7882","ELEMENT":"f.D0531791EE27D9F39EBFF32D62FB2301.d.00A8492E315B02BBC41800F00D0549BE.e.7882"}]}
COMMAND: GET /session/5a404f73187a01115305a03f2137b0ec/element/f.D0531791EE27D9F39EBFF32D62FB2301.d.00A8492E315B02BBC41800F00D0549BE.e.7881/attribute/aria-checked - {}
COMMAND: GET /session/5a404f73187a01115305a03f2137b0ec/screenshot - {}
RESULT: {}
COMMAND: POST /session/5a404f73187a01115305a03f2137b0ec/element - {"using":"xpath","value":"//table[contains(@id, \"listView-innerSelectionPanelTable-listUl\")]/tbody/tr[22]/td[2]/div/div"}
COMMAND: POST /session/5a404f73187a01115305a03f2137b0ec/element/f.D0531791EE27D9F39EBFF32D62FB2301.d.00A8492E315B02BBC41800F00D0549BE.e.7877/click - {}
RESULT: {}
RESULT: {"using":"xpath","value":"//table[contains(@id, \"listView-innerSelectionPanelTable-listUl\")]/tbody/tr[22]/td[2]/div/div"}
COMMAND: POST /session/5a404f73187a01115305a03f2137b0ec/element - {"using":"xpath","value":"//table[contains(@id, \"listView-innerSelectionPanelTable-listUl\")]/tbody/tr[22]/td[2]/div"}
RESULT: {}
COMMAND: GET /session/5a404f73187a01115305a03f2137b0ec/screenshot - {}
RESULT: {"using":"xpath","value":"//table[contains(@id, \"listView-innerSelectionPanelTable-listUl\")]/tbody/tr[22]/td[2]/div"}
COMMAND: POST /session/5a404f73187a01115305a03f2137b0ec/element - {"using":"xpath","value":"//table[contains(@id, \"listView-innerSelectionPanelTable-listUl\")]/tbody/tr[22]/td[3]/div/div/span/span[1]/bdi"}
RESULT: {}
RESULT: {"using":"xpath","value":"//table[contains(@id, \"listView-innerSelectionPanelTable-listUl\")]/tbody/tr[22]/td[3]/div/div/span/span[1]/bdi"}
COMMAND: POST /session/5a404f73187a01115305a03f2137b0ec/execute/sync - {"script":"<script> [56 bytes]","args":[{"element-6066-11e4-a52e-4f735466cecf":"f.D0531791EE27D9F39EBFF32D62FB2301.d.00A8492E315B02BBC41800F00D0549BE.e.7886","ELEMENT":"f.D0531791EE27D9F39EBFF32D62FB2301.d.00A8492E315B02BBC41800F00D0549BE.e.7886"}]}
RESULT: {"script":"<script> [56 bytes]","args":[{"element-6066-11e4-a52e-4f735466cecf":"f.D0531791EE27D9F39EBFF32D62FB2301.d.00A8492E315B02BBC41800F00D0549BE.e.7886","ELEMENT":"f.D0531791EE27D9F39EBFF32D62FB2301.d.00A8492E315B02BBC41800F00D0549BE.e.7886"}]}
COMMAND: GET /session/5a404f73187a01115305a03f2137b0ec/element/f.D0531791EE27D9F39EBFF32D62FB2301.d.00A8492E315B02BBC41800F00D0549BE.e.7885/attribute/aria-checked - {}
COMMAND: GET /session/5a404f73187a01115305a03f2137b0ec/screenshot - {}
RESULT: {}
COMMAND: POST /session/5a404f73187a01115305a03f2137b0ec/element - {"using":"xpath","value":"//table[contains(@id, \"listView-innerSelectionPanelTable-listUl\")]/tbody/tr[23]/td[2]/div/div"}
RESULT: {}
RESULT: {"using":"xpath","value":"//table[contains(@id, \"listView-innerSelectionPanelTable-listUl\")]/tbody/tr[23]/td[2]/div/div"}
COMMAND: POST /session/5a404f73187a01115305a03f2137b0ec/element - {"using":"xpath","value":"//table[contains(@id, \"listView-innerSelectionPanelTable-listUl\")]/tbody/tr[23]/td[2]/div"}
RESULT: {"using":"xpath","value":"//table[contains(@id, \"listView-innerSelectionPanelTable-listUl\")]/tbody/tr[23]/td[2]/div"}
COMMAND: POST /session/5a404f73187a01115305a03f2137b0ec/element - {"using":"xpath","value":"//table[contains(@id, \"listView-innerSelectionPanelTable-listUl\")]/tbody/tr[23]/td[3]/div/div/span/span[1]/bdi"}
RESULT: {"using":"xpath","value":"//table[contains(@id, \"listView-innerSelectionPanelTable-listUl\")]/tbody/tr[23]/td[3]/div/div/span/span[1]/bdi"}
COMMAND: POST /session/5a404f73187a01115305a03f2137b0ec/execute/sync - {"script":"<script> [56 bytes]","args":[{"element-6066-11e4-a52e-4f735466cecf":"f.D0531791EE27D9F39EBFF32D62FB2301.d.00A8492E315B02BBC41800F00D0549BE.e.7889","ELEMENT":"f.D0531791EE27D9F39EBFF32D62FB2301.d.00A8492E315B02BBC41800F00D0549BE.e.7889"}]}
RESULT: {"script":"<script> [56 bytes]","args":[{"element-6066-11e4-a52e-4f735466cecf":"f.D0531791EE27D9F39EBFF32D62FB2301.d.00A8492E315B02BBC41800F00D0549BE.e.7889","ELEMENT":"f.D0531791EE27D9F39EBFF32D62FB2301.d.00A8492E315B02BBC41800F00D0549BE.e.7889"}]}
COMMAND: GET /session/5a404f73187a01115305a03f2137b0ec/element/f.D0531791EE27D9F39EBFF32D62FB2301.d.00A8492E315B02BBC41800F00D0549BE.e.7888/attribute/aria-checked - {}
COMMAND: GET /session/5a404f73187a01115305a03f2137b0ec/screenshot - {}
RESULT: {}
COMMAND: POST /session/5a404f73187a01115305a03f2137b0ec/element - {"using":"xpath","value":"//table[contains(@id, \"listView-innerSelectionPanelTable-listUl\")]/tbody/tr[24]/td[2]/div/div"}
RESULT: {}
RESULT: {"using":"xpath","value":"//table[contains(@id, \"listView-innerSelectionPanelTable-listUl\")]/tbody/tr[24]/td[2]/div/div"}
COMMAND: POST /session/5a404f73187a01115305a03f2137b0ec/element - {"using":"xpath","value":"//table[contains(@id, \"listView-innerSelectionPanelTable-listUl\")]/tbody/tr[24]/td[2]/div"}
RESULT: {"using":"xpath","value":"//table[contains(@id, \"listView-innerSelectionPanelTable-listUl\")]/tbody/tr[24]/td[2]/div"}
COMMAND: POST /session/5a404f73187a01115305a03f2137b0ec/element - {"using":"xpath","value":"//table[contains(@id, \"listView-innerSelectionPanelTable-listUl\")]/tbody/tr[24]/td[3]/div/div/span/span[1]/bdi"}
RESULT: {"using":"xpath","value":"//table[contains(@id, \"listView-innerSelectionPanelTable-listUl\")]/tbody/tr[24]/td[3]/div/div/span/span[1]/bdi"}
COMMAND: POST /session/5a404f73187a01115305a03f2137b0ec/execute/sync - {"script":"<script> [56 bytes]","args":[{"element-6066-11e4-a52e-4f735466cecf":"f.D0531791EE27D9F39EBFF32D62FB2301.d.00A8492E315B02BBC41800F00D0549BE.e.7892","ELEMENT":"f.D0531791EE27D9F39EBFF32D62FB2301.d.00A8492E315B02BBC41800F00D0549BE.e.7892"}]}
RESULT: {"script":"<script> [56 bytes]","args":[{"element-6066-11e4-a52e-4f735466cecf":"f.D0531791EE27D9F39EBFF32D62FB2301.d.00A8492E315B02BBC41800F00D0549BE.e.7892","ELEMENT":"f.D0531791EE27D9F39EBFF32D62FB2301.d.00A8492E315B02BBC41800F00D0549BE.e.7892"}]}
COMMAND: GET /session/5a404f73187a01115305a03f2137b0ec/element/f.D0531791EE27D9F39EBFF32D62FB2301.d.00A8492E315B02BBC41800F00D0549BE.e.7891/attribute/aria-checked - {}
COMMAND: GET /session/5a404f73187a01115305a03f2137b0ec/screenshot - {}
RESULT: {}
COMMAND: POST /session/5a404f73187a01115305a03f2137b0ec/element - {"using":"xpath","value":"//table[contains(@id, \"listView-innerSelectionPanelTable-listUl\")]/tbody/tr[25]/td[2]/div/div"}
RESULT: {}
RESULT: {"using":"xpath","value":"//table[contains(@id, \"listView-innerSelectionPanelTable-listUl\")]/tbody/tr[25]/td[2]/div/div"}
COMMAND: POST /session/5a404f73187a01115305a03f2137b0ec/element - {"using":"xpath","value":"//table[contains(@id, \"listView-innerSelectionPanelTable-listUl\")]/tbody/tr[25]/td[2]/div"}
RESULT: {"using":"xpath","value":"//table[contains(@id, \"listView-innerSelectionPanelTable-listUl\")]/tbody/tr[25]/td[2]/div"}
COMMAND: POST /session/5a404f73187a01115305a03f2137b0ec/element - {"using":"xpath","value":"//table[contains(@id, \"listView-innerSelectionPanelTable-listUl\")]/tbody/tr[25]/td[3]/div/div/span/span[1]/bdi"}
RESULT: {"using":"xpath","value":"//table[contains(@id, \"listView-innerSelectionPanelTable-listUl\")]/tbody/tr[25]/td[3]/div/div/span/span[1]/bdi"}
COMMAND: POST /session/5a404f73187a01115305a03f2137b0ec/execute/sync - {"script":"<script> [56 bytes]","args":[{"element-6066-11e4-a52e-4f735466cecf":"f.D0531791EE27D9F39EBFF32D62FB2301.d.00A8492E315B02BBC41800F00D0549BE.e.7895","ELEMENT":"f.D0531791EE27D9F39EBFF32D62FB2301.d.00A8492E315B02BBC41800F00D0549BE.e.7895"}]}
RESULT: {"script":"<script> [56 bytes]","args":[{"element-6066-11e4-a52e-4f735466cecf":"f.D0531791EE27D9F39EBFF32D62FB2301.d.00A8492E315B02BBC41800F00D0549BE.e.7895","ELEMENT":"f.D0531791EE27D9F39EBFF32D62FB2301.d.00A8492E315B02BBC41800F00D0549BE.e.7895"}]}
COMMAND: GET /session/5a404f73187a01115305a03f2137b0ec/element/f.D0531791EE27D9F39EBFF32D62FB2301.d.00A8492E315B02BBC41800F00D0549BE.e.7894/attribute/aria-checked - {}
COMMAND: GET /session/5a404f73187a01115305a03f2137b0ec/screenshot - {}
RESULT: {}
COMMAND: POST /session/5a404f73187a01115305a03f2137b0ec/element - {"using":"xpath","value":"//bdi[contains(text(), \"OK\")]"}
RESULT: {}
RESULT: {"using":"xpath","value":"//bdi[contains(text(), \"OK\")]"}
COMMAND: POST /session/5a404f73187a01115305a03f2137b0ec/element/f.D0531791EE27D9F39EBFF32D62FB2301.d.00A8492E315B02BBC41800F00D0549BE.e.7896/click - {}
RESULT: {}
COMMAND: GET /session/5a404f73187a01115305a03f2137b0ec/screenshot - {}
RESULT: {}
COMMAND: POST /session/5a404f73187a01115305a03f2137b0ec/execute/async - {"script":"<script> [1562 bytes]","args":[{"selector":{"id":"application-managepartners-display-component---masterPtm--smartFilterBar-filterItemControlA_-LINK_TO_ADDRESSES_MAIN.ID-vhi"},"wdio_ui5_key":"applicationmanagepartners-display-component---masterPtm--smartFilterBar-filterItemControlA_-LINK_TO_ADDRESSES_MAIN.ID-vhi"}]}
RESULT: {"script":"<script> [1562 bytes]","args":[{"selector":{"id":"application-managepartners-display-component---masterPtm--smartFilterBar-filterItemControlA_-LINK_TO_ADDRESSES_MAIN.ID-vhi"},"wdio_ui5_key":"applicationmanagepartners-display-component---masterPtm--smartFilterBar-filterItemControlA_-LINK_TO_ADDRESSES_MAIN.ID-vhi"}]}
RESULT: undefined
COMMAND: POST /session/5a404f73187a01115305a03f2137b0ec/element - {"using":"xpath","value":"//*[@id=\"application-managepartners-display-component---masterPtm--smartFilterBar-filterItemControlA_-LINK_TO_ADDRESSES_MAIN.ID-vhi\"]"}
RESULT: {"using":"xpath","value":"//*[@id=\"application-managepartners-display-component---masterPtm--smartFilterBar-filterItemControlA_-LINK_TO_ADDRESSES_MAIN.ID-vhi\"]"}
COMMAND: POST /session/5a404f73187a01115305a03f2137b0ec/element/f.D0531791EE27D9F39EBFF32D62FB2301.d.00A8492E315B02BBC41800F00D0549BE.e.7909/click - {}
RESULT: {}
COMMAND: GET /session/5a404f73187a01115305a03f2137b0ec/screenshot - {}
RESULT: {}
COMMAND: POST /session/5a404f73187a01115305a03f2137b0ec/element - {"using":"xpath","value":"//div[input[@value=\"contains\"]]//span[contains(@id, \"arrow\")]"}
RESULT: {"using":"xpath","value":"//div[input[@value=\"contains\"]]//span[contains(@id, \"arrow\")]"}
COMMAND: POST /session/5a404f73187a01115305a03f2137b0ec/element/f.D0531791EE27D9F39EBFF32D62FB2301.d.00A8492E315B02BBC41800F00D0549BE.e.7914/click - {}
RESULT: {}
COMMAND: GET /session/5a404f73187a01115305a03f2137b0ec/screenshot - {}
RESULT: {}
COMMAND: POST /session/5a404f73187a01115305a03f2137b0ec/element - {"using":"xpath","value":"//li[.//span[text()='equal to']]"}
RESULT: {"using":"xpath","value":"//li[.//span[text()='equal to']]"}
COMMAND: POST /session/5a404f73187a01115305a03f2137b0ec/element/f.D0531791EE27D9F39EBFF32D62FB2301.d.00A8492E315B02BBC41800F00D0549BE.e.7915/click - {}
RESULT: {}
COMMAND: GET /session/5a404f73187a01115305a03f2137b0ec/screenshot - {}
RESULT: {}
RESULT: undefined
COMMAND: POST /session/5a404f73187a01115305a03f2137b0ec/execute/async - {"script":"<script> [776 bytes]","args":[{"enterText":"1006","selector":{"controlType":"sap.m.Input","viewName":"etm.portal.ui.managepartners.view.Master","viewId":"application-managepartners-display-component---masterPtm","properties":{"valueState":"None"},"searchOpenDialogs":true,"interaction":{"idSuffix":"inner"}},"clearTextFirst":true,"interactionType":"ENTER_TEXT"}]}
RESULT: {"script":"<script> [776 bytes]","args":[{"enterText":"1006","selector":{"controlType":"sap.m.Input","viewName":"etm.portal.ui.managepartners.view.Master","viewId":"application-managepartners-display-component---masterPtm","properties":{"valueState":"None"},"searchOpenDialogs":true,"interaction":{"idSuffix":"inner"}},"clearTextFirst":true,"interactionType":"ENTER_TEXT"}]}
COMMAND: POST /session/5a404f73187a01115305a03f2137b0ec/actions - {"actions":[{"id":"action22","type":"key","parameters":{},"actions":[{"type":"keyDown","value":"î€‡"},{"type":"pause","duration":10},{"type":"keyUp","value":"î€‡"}]}]}
RESULT: {"actions":[{"id":"action22","type":"key","parameters":{},"actions":[{"type":"keyDown","value":"î€‡"},{"type":"pause","duration":10},{"type":"keyUp","value":"î€‡"}]}]}
COMMAND: GET /session/5a404f73187a01115305a03f2137b0ec/screenshot - {}
RESULT: {}
COMMAND: POST /session/5a404f73187a01115305a03f2137b0ec/element - {"using":"xpath","value":"(//bdi[contains(text(), \"OK\")])[1]"}
RESULT: {"using":"xpath","value":"(//bdi[contains(text(), \"OK\")])[1]"}
COMMAND: POST /session/5a404f73187a01115305a03f2137b0ec/element/f.D0531791EE27D9F39EBFF32D62FB2301.d.00A8492E315B02BBC41800F00D0549BE.e.7916/click - {}
RESULT: {}
COMMAND: GET /session/5a404f73187a01115305a03f2137b0ec/screenshot - {}
RESULT: {}
COMMAND: POST /session/5a404f73187a01115305a03f2137b0ec/element - {"using":"xpath","value":"//span[@id=\"application-managepartners-display-component---masterPtm--smartTable-header-inner\"]"}
RESULT: {"using":"xpath","value":"//span[@id=\"application-managepartners-display-component---masterPtm--smartTable-header-inner\"]"}
COMMAND: POST /session/5a404f73187a01115305a03f2137b0ec/elements - {"using":"xpath","value":"//span[@id=\"application-managepartners-display-component---masterPtm--smartTable-header-inner\"]"}
RESULT: {"using":"xpath","value":"//span[@id=\"application-managepartners-display-component---masterPtm--smartTable-header-inner\"]"}
COMMAND: POST /session/5a404f73187a01115305a03f2137b0ec/execute/sync - {"script":"<script> [56 bytes]","args":[{"element-6066-11e4-a52e-4f735466cecf":"f.D0531791EE27D9F39EBFF32D62FB2301.d.00A8492E315B02BBC41800F00D0549BE.e.7754","ELEMENT":"f.D0531791EE27D9F39EBFF32D62FB2301.d.00A8492E315B02BBC41800F00D0549BE.e.7754"}]}
RESULT: {"script":"<script> [56 bytes]","args":[{"element-6066-11e4-a52e-4f735466cecf":"f.D0531791EE27D9F39EBFF32D62FB2301.d.00A8492E315B02BBC41800F00D0549BE.e.7754","ELEMENT":"f.D0531791EE27D9F39EBFF32D62FB2301.d.00A8492E315B02BBC41800F00D0549BE.e.7754"}]}
COMMAND: POST /session/5a404f73187a01115305a03f2137b0ec/element - {"using":"xpath","value":"//span[contains(@title, \"Remove\")]"}
COMMAND: GET /session/5a404f73187a01115305a03f2137b0ec/screenshot - {}
RESULT: {"using":"xpath","value":"//span[contains(@title, \"Remove\")]"}
COMMAND: POST /session/5a404f73187a01115305a03f2137b0ec/element/f.D0531791EE27D9F39EBFF32D62FB2301.d.00A8492E315B02BBC41800F00D0549BE.e.7921/click - {}
RESULT: {}
RESULT: {}
COMMAND: GET /session/5a404f73187a01115305a03f2137b0ec/screenshot - {}
RESULT: {}
RESULT: undefined
COMMAND: POST /session/5a404f73187a01115305a03f2137b0ec/element - {"using":"xpath","value":"//*[@id=\"application-managepartners-display-component---masterPtm--smartFilterBar-filterItemControl_BASIC-YARD-vhi\"]"}
RESULT: {"using":"xpath","value":"//*[@id=\"application-managepartners-display-component---masterPtm--smartFilterBar-filterItemControl_BASIC-YARD-vhi\"]"}
COMMAND: POST /session/5a404f73187a01115305a03f2137b0ec/element/f.D0531791EE27D9F39EBFF32D62FB2301.d.00A8492E315B02BBC41800F00D0549BE.e.8024/click - {}
RESULT: {}
COMMAND: GET /session/5a404f73187a01115305a03f2137b0ec/screenshot - {}
RESULT: {}
RESULT: undefined
COMMAND: POST /session/5a404f73187a01115305a03f2137b0ec/execute/async - {"script":"<script> [776 bytes]","args":[{"enterText":"Test","selector":{"id":"application-managepartners-display-component---masterPtm--smartFilterBar-filterItemControl_BASIC-YARD-valueHelpDialog-smartFilterBar-btnBasicSearch","searchOpenDialogs":true,"interaction":{"idSuffix":"I"}},"clearTextFirst":true,"interactionType":"ENTER_TEXT"}]}
RESULT: {"script":"<script> [776 bytes]","args":[{"enterText":"Test","selector":{"id":"application-managepartners-display-component---masterPtm--smartFilterBar-filterItemControl_BASIC-YARD-valueHelpDialog-smartFilterBar-btnBasicSearch","searchOpenDialogs":true,"interaction":{"idSuffix":"I"}},"clearTextFirst":true,"interactionType":"ENTER_TEXT"}]}
COMMAND: POST /session/5a404f73187a01115305a03f2137b0ec/actions - {"actions":[{"id":"action23","type":"key","parameters":{},"actions":[{"type":"keyDown","value":"î€‡"},{"type":"pause","duration":10},{"type":"keyUp","value":"î€‡"}]}]}
RESULT: {"actions":[{"id":"action23","type":"key","parameters":{},"actions":[{"type":"keyDown","value":"î€‡"},{"type":"pause","duration":10},{"type":"keyUp","value":"î€‡"}]}]}
COMMAND: POST /session/5a404f73187a01115305a03f2137b0ec/elements - {"using":"xpath","value":"//table[contains(@id, \"smartFilterBar-filterItemControl_BASIC-YARD-valueHelpDialog-table-table\")]/tbody/tr"}
COMMAND: GET /session/5a404f73187a01115305a03f2137b0ec/screenshot - {}
RESULT: {"using":"xpath","value":"//table[contains(@id, \"smartFilterBar-filterItemControl_BASIC-YARD-valueHelpDialog-table-table\")]/tbody/tr"}
COMMAND: POST /session/5a404f73187a01115305a03f2137b0ec/element - {"using":"xpath","value":"//table[contains(@id, \"smartFilterBar-filterItemControl_BASIC-YARD-valueHelpDialog-table-table\")]/tbody/tr[1]/td[1]/div/span"}
RESULT: {}
RESULT: {"using":"xpath","value":"//table[contains(@id, \"smartFilterBar-filterItemControl_BASIC-YARD-valueHelpDialog-table-table\")]/tbody/tr[1]/td[1]/div/span"}
COMMAND: POST /session/5a404f73187a01115305a03f2137b0ec/elements - {"using":"xpath","value":"//table[contains(@id, \"smartFilterBar-filterItemControl_BASIC-YARD-valueHelpDialog-table-table\")]/tbody/tr[1]/td[1]/div/span"}
RESULT: {"using":"xpath","value":"//table[contains(@id, \"smartFilterBar-filterItemControl_BASIC-YARD-valueHelpDialog-table-table\")]/tbody/tr[1]/td[1]/div/span"}
COMMAND: POST /session/5a404f73187a01115305a03f2137b0ec/execute/sync - {"script":"<script> [56 bytes]","args":[{"element-6066-11e4-a52e-4f735466cecf":"f.D0531791EE27D9F39EBFF32D62FB2301.d.00A8492E315B02BBC41800F00D0549BE.e.8043","ELEMENT":"f.D0531791EE27D9F39EBFF32D62FB2301.d.00A8492E315B02BBC41800F00D0549BE.e.8043"}]}
RESULT: {"script":"<script> [56 bytes]","args":[{"element-6066-11e4-a52e-4f735466cecf":"f.D0531791EE27D9F39EBFF32D62FB2301.d.00A8492E315B02BBC41800F00D0549BE.e.8043","ELEMENT":"f.D0531791EE27D9F39EBFF32D62FB2301.d.00A8492E315B02BBC41800F00D0549BE.e.8043"}]}
COMMAND: POST /session/5a404f73187a01115305a03f2137b0ec/element - {"using":"xpath","value":"//table[contains(@id, \"smartFilterBar-filterItemControl_BASIC-YARD-valueHelpDialog-table-table\")]/tbody/tr[2]/td[1]/div/span"}
COMMAND: GET /session/5a404f73187a01115305a03f2137b0ec/screenshot - {}
RESULT: {"using":"xpath","value":"//table[contains(@id, \"smartFilterBar-filterItemControl_BASIC-YARD-valueHelpDialog-table-table\")]/tbody/tr[2]/td[1]/div/span"}
COMMAND: POST /session/5a404f73187a01115305a03f2137b0ec/elements - {"using":"xpath","value":"//table[contains(@id, \"smartFilterBar-filterItemControl_BASIC-YARD-valueHelpDialog-table-table\")]/tbody/tr[2]/td[1]/div/span"}
RESULT: {}
RESULT: {"using":"xpath","value":"//table[contains(@id, \"smartFilterBar-filterItemControl_BASIC-YARD-valueHelpDialog-table-table\")]/tbody/tr[2]/td[1]/div/span"}
COMMAND: POST /session/5a404f73187a01115305a03f2137b0ec/execute/sync - {"script":"<script> [56 bytes]","args":[{"element-6066-11e4-a52e-4f735466cecf":"f.D0531791EE27D9F39EBFF32D62FB2301.d.00A8492E315B02BBC41800F00D0549BE.e.8044","ELEMENT":"f.D0531791EE27D9F39EBFF32D62FB2301.d.00A8492E315B02BBC41800F00D0549BE.e.8044"}]}
RESULT: {"script":"<script> [56 bytes]","args":[{"element-6066-11e4-a52e-4f735466cecf":"f.D0531791EE27D9F39EBFF32D62FB2301.d.00A8492E315B02BBC41800F00D0549BE.e.8044","ELEMENT":"f.D0531791EE27D9F39EBFF32D62FB2301.d.00A8492E315B02BBC41800F00D0549BE.e.8044"}]}
COMMAND: POST /session/5a404f73187a01115305a03f2137b0ec/element - {"using":"xpath","value":"//table[contains(@id, \"smartFilterBar-filterItemControl_BASIC-YARD-valueHelpDialog-table-table\")]/tbody/tr[3]/td[1]/div/span"}
COMMAND: GET /session/5a404f73187a01115305a03f2137b0ec/screenshot - {}
RESULT: {"using":"xpath","value":"//table[contains(@id, \"smartFilterBar-filterItemControl_BASIC-YARD-valueHelpDialog-table-table\")]/tbody/tr[3]/td[1]/div/span"}
COMMAND: POST /session/5a404f73187a01115305a03f2137b0ec/elements - {"using":"xpath","value":"//table[contains(@id, \"smartFilterBar-filterItemControl_BASIC-YARD-valueHelpDialog-table-table\")]/tbody/tr[3]/td[1]/div/span"}
RESULT: {}
RESULT: {"using":"xpath","value":"//table[contains(@id, \"smartFilterBar-filterItemControl_BASIC-YARD-valueHelpDialog-table-table\")]/tbody/tr[3]/td[1]/div/span"}
COMMAND: POST /session/5a404f73187a01115305a03f2137b0ec/execute/sync - {"script":"<script> [56 bytes]","args":[{"element-6066-11e4-a52e-4f735466cecf":"f.D0531791EE27D9F39EBFF32D62FB2301.d.00A8492E315B02BBC41800F00D0549BE.e.8045","ELEMENT":"f.D0531791EE27D9F39EBFF32D62FB2301.d.00A8492E315B02BBC41800F00D0549BE.e.8045"}]}
RESULT: {"script":"<script> [56 bytes]","args":[{"element-6066-11e4-a52e-4f735466cecf":"f.D0531791EE27D9F39EBFF32D62FB2301.d.00A8492E315B02BBC41800F00D0549BE.e.8045","ELEMENT":"f.D0531791EE27D9F39EBFF32D62FB2301.d.00A8492E315B02BBC41800F00D0549BE.e.8045"}]}
COMMAND: POST /session/5a404f73187a01115305a03f2137b0ec/element - {"using":"xpath","value":"//div[contains(@id, \"filterItemControl_BASIC-YARD-valueHelpDialog-table-rowsel2\")]"}
COMMAND: GET /session/5a404f73187a01115305a03f2137b0ec/screenshot - {}
RESULT: {"using":"xpath","value":"//div[contains(@id, \"filterItemControl_BASIC-YARD-valueHelpDialog-table-rowsel2\")]"}
COMMAND: POST /session/5a404f73187a01115305a03f2137b0ec/element/f.D0531791EE27D9F39EBFF32D62FB2301.d.00A8492E315B02BBC41800F00D0549BE.e.8046/click - {}
RESULT: {}
RESULT: {}
COMMAND: GET /session/5a404f73187a01115305a03f2137b0ec/screenshot - {}
RESULT: {}
COMMAND: POST /session/5a404f73187a01115305a03f2137b0ec/element - {"using":"xpath","value":"(//bdi[contains(text(), \"OK\")])[1]"}
RESULT: {"using":"xpath","value":"(//bdi[contains(text(), \"OK\")])[1]"}
COMMAND: POST /session/5a404f73187a01115305a03f2137b0ec/element/f.D0531791EE27D9F39EBFF32D62FB2301.d.00A8492E315B02BBC41800F00D0549BE.e.8048/click - {}
RESULT: {}
COMMAND: GET /session/5a404f73187a01115305a03f2137b0ec/screenshot - {}
RESULT: {}
COMMAND: POST /session/5a404f73187a01115305a03f2137b0ec/element - {"using":"xpath","value":"//span[@id=\"application-managepartners-display-component---masterPtm--smartTable-header-inner\"]"}
RESULT: {"using":"xpath","value":"//span[@id=\"application-managepartners-display-component---masterPtm--smartTable-header-inner\"]"}
COMMAND: POST /session/5a404f73187a01115305a03f2137b0ec/elements - {"using":"xpath","value":"//span[@id=\"application-managepartners-display-component---masterPtm--smartTable-header-inner\"]"}
RESULT: {"using":"xpath","value":"//span[@id=\"application-managepartners-display-component---masterPtm--smartTable-header-inner\"]"}
COMMAND: POST /session/5a404f73187a01115305a03f2137b0ec/execute/sync - {"script":"<script> [56 bytes]","args":[{"element-6066-11e4-a52e-4f735466cecf":"f.D0531791EE27D9F39EBFF32D62FB2301.d.00A8492E315B02BBC41800F00D0549BE.e.7754","ELEMENT":"f.D0531791EE27D9F39EBFF32D62FB2301.d.00A8492E315B02BBC41800F00D0549BE.e.7754"}]}
RESULT: {"script":"<script> [56 bytes]","args":[{"element-6066-11e4-a52e-4f735466cecf":"f.D0531791EE27D9F39EBFF32D62FB2301.d.00A8492E315B02BBC41800F00D0549BE.e.7754","ELEMENT":"f.D0531791EE27D9F39EBFF32D62FB2301.d.00A8492E315B02BBC41800F00D0549BE.e.7754"}]}
COMMAND: POST /session/5a404f73187a01115305a03f2137b0ec/element - {"using":"xpath","value":"//span[contains(@title, \"Remove\")]"}
COMMAND: GET /session/5a404f73187a01115305a03f2137b0ec/screenshot - {}
RESULT: {"using":"xpath","value":"//span[contains(@title, \"Remove\")]"}
COMMAND: POST /session/5a404f73187a01115305a03f2137b0ec/element/f.D0531791EE27D9F39EBFF32D62FB2301.d.00A8492E315B02BBC41800F00D0549BE.e.8061/click - {}
RESULT: {}
RESULT: {}
COMMAND: GET /session/5a404f73187a01115305a03f2137b0ec/screenshot - {}
RESULT: {}
RESULT: undefined
COMMAND: POST /session/5a404f73187a01115305a03f2137b0ec/element - {"using":"xpath","value":"//*[@id=\"application-managepartners-display-component---masterPtm--smartFilterBar-filterItemControl_BASIC-MAIN_ADDRESS-vhi\"]"}
RESULT: {"using":"xpath","value":"//*[@id=\"application-managepartners-display-component---masterPtm--smartFilterBar-filterItemControl_BASIC-MAIN_ADDRESS-vhi\"]"}
COMMAND: POST /session/5a404f73187a01115305a03f2137b0ec/element/f.D0531791EE27D9F39EBFF32D62FB2301.d.00A8492E315B02BBC41800F00D0549BE.e.8163/click - {}
RESULT: {}
COMMAND: GET /session/5a404f73187a01115305a03f2137b0ec/screenshot - {}
RESULT: {}
RESULT: undefined
COMMAND: POST /session/5a404f73187a01115305a03f2137b0ec/execute/async - {"script":"<script> [776 bytes]","args":[{"enterText":"Romania","selector":{"id":"application-managepartners-display-component---masterPtm--smartFilterBar-filterItemControl_BASIC-MAIN_ADDRESS-valueHelpDialog-smartFilterBar-btnBasicSearch","searchOpenDialogs":true,"interaction":{"idSuffix":"I"}},"clearTextFirst":true,"interactionType":"ENTER_TEXT"}]}
RESULT: {"script":"<script> [776 bytes]","args":[{"enterText":"Romania","selector":{"id":"application-managepartners-display-component---masterPtm--smartFilterBar-filterItemControl_BASIC-MAIN_ADDRESS-valueHelpDialog-smartFilterBar-btnBasicSearch","searchOpenDialogs":true,"interaction":{"idSuffix":"I"}},"clearTextFirst":true,"interactionType":"ENTER_TEXT"}]}
COMMAND: POST /session/5a404f73187a01115305a03f2137b0ec/actions - {"actions":[{"id":"action24","type":"key","parameters":{},"actions":[{"type":"keyDown","value":"î€‡"},{"type":"pause","duration":10},{"type":"keyUp","value":"î€‡"}]}]}
RESULT: {"actions":[{"id":"action24","type":"key","parameters":{},"actions":[{"type":"keyDown","value":"î€‡"},{"type":"pause","duration":10},{"type":"keyUp","value":"î€‡"}]}]}
COMMAND: POST /session/5a404f73187a01115305a03f2137b0ec/elements - {"using":"xpath","value":"//table[contains(@id, \"smartFilterBar-filterItemControl_BASIC-MAIN_ADDRESS-valueHelpDialog-table-table\")]/tbody/tr"}
COMMAND: GET /session/5a404f73187a01115305a03f2137b0ec/screenshot - {}
RESULT: {"using":"xpath","value":"//table[contains(@id, \"smartFilterBar-filterItemControl_BASIC-MAIN_ADDRESS-valueHelpDialog-table-table\")]/tbody/tr"}
COMMAND: POST /session/5a404f73187a01115305a03f2137b0ec/element - {"using":"xpath","value":"//table[contains(@id, \"smartFilterBar-filterItemControl_BASIC-MAIN_ADDRESS-valueHelpDialog-table-table\")]/tbody/tr[1]/td[1]/div/span"}
RESULT: {}
RESULT: {"using":"xpath","value":"//table[contains(@id, \"smartFilterBar-filterItemControl_BASIC-MAIN_ADDRESS-valueHelpDialog-table-table\")]/tbody/tr[1]/td[1]/div/span"}
COMMAND: POST /session/5a404f73187a01115305a03f2137b0ec/elements - {"using":"xpath","value":"//table[contains(@id, \"smartFilterBar-filterItemControl_BASIC-MAIN_ADDRESS-valueHelpDialog-table-table\")]/tbody/tr[1]/td[1]/div/span"}
RESULT: {"using":"xpath","value":"//table[contains(@id, \"smartFilterBar-filterItemControl_BASIC-MAIN_ADDRESS-valueHelpDialog-table-table\")]/tbody/tr[1]/td[1]/div/span"}
COMMAND: POST /session/5a404f73187a01115305a03f2137b0ec/execute/sync - {"script":"<script> [56 bytes]","args":[{"element-6066-11e4-a52e-4f735466cecf":"f.D0531791EE27D9F39EBFF32D62FB2301.d.00A8492E315B02BBC41800F00D0549BE.e.8184","ELEMENT":"f.D0531791EE27D9F39EBFF32D62FB2301.d.00A8492E315B02BBC41800F00D0549BE.e.8184"}]}
RESULT: {"script":"<script> [56 bytes]","args":[{"element-6066-11e4-a52e-4f735466cecf":"f.D0531791EE27D9F39EBFF32D62FB2301.d.00A8492E315B02BBC41800F00D0549BE.e.8184","ELEMENT":"f.D0531791EE27D9F39EBFF32D62FB2301.d.00A8492E315B02BBC41800F00D0549BE.e.8184"}]}
COMMAND: POST /session/5a404f73187a01115305a03f2137b0ec/element - {"using":"xpath","value":"//div[contains(@id, \"filterItemControl_BASIC-MAIN_ADDRESS-valueHelpDialog-table-rowsel0\")]"}
COMMAND: GET /session/5a404f73187a01115305a03f2137b0ec/screenshot - {}
RESULT: {"using":"xpath","value":"//div[contains(@id, \"filterItemControl_BASIC-MAIN_ADDRESS-valueHelpDialog-table-rowsel0\")]"}
COMMAND: POST /session/5a404f73187a01115305a03f2137b0ec/element/f.D0531791EE27D9F39EBFF32D62FB2301.d.00A8492E315B02BBC41800F00D0549BE.e.8185/click - {}
RESULT: {}
RESULT: {}
COMMAND: GET /session/5a404f73187a01115305a03f2137b0ec/screenshot - {}
RESULT: {}
COMMAND: POST /session/5a404f73187a01115305a03f2137b0ec/element - {"using":"xpath","value":"(//bdi[contains(text(), \"OK\")])[1]"}
RESULT: {"using":"xpath","value":"(//bdi[contains(text(), \"OK\")])[1]"}
COMMAND: POST /session/5a404f73187a01115305a03f2137b0ec/element/f.D0531791EE27D9F39EBFF32D62FB2301.d.00A8492E315B02BBC41800F00D0549BE.e.8187/click - {}
RESULT: {}
COMMAND: GET /session/5a404f73187a01115305a03f2137b0ec/screenshot - {}
RESULT: {}
COMMAND: POST /session/5a404f73187a01115305a03f2137b0ec/element - {"using":"xpath","value":"//span[@id=\"application-managepartners-display-component---masterPtm--smartTable-header-inner\"]"}
RESULT: {"using":"xpath","value":"//span[@id=\"application-managepartners-display-component---masterPtm--smartTable-header-inner\"]"}
COMMAND: POST /session/5a404f73187a01115305a03f2137b0ec/elements - {"using":"xpath","value":"//span[@id=\"application-managepartners-display-component---masterPtm--smartTable-header-inner\"]"}
RESULT: {"using":"xpath","value":"//span[@id=\"application-managepartners-display-component---masterPtm--smartTable-header-inner\"]"}
COMMAND: POST /session/5a404f73187a01115305a03f2137b0ec/execute/sync - {"script":"<script> [56 bytes]","args":[{"element-6066-11e4-a52e-4f735466cecf":"f.D0531791EE27D9F39EBFF32D62FB2301.d.00A8492E315B02BBC41800F00D0549BE.e.7754","ELEMENT":"f.D0531791EE27D9F39EBFF32D62FB2301.d.00A8492E315B02BBC41800F00D0549BE.e.7754"}]}
RESULT: {"script":"<script> [56 bytes]","args":[{"element-6066-11e4-a52e-4f735466cecf":"f.D0531791EE27D9F39EBFF32D62FB2301.d.00A8492E315B02BBC41800F00D0549BE.e.7754","ELEMENT":"f.D0531791EE27D9F39EBFF32D62FB2301.d.00A8492E315B02BBC41800F00D0549BE.e.7754"}]}
COMMAND: POST /session/5a404f73187a01115305a03f2137b0ec/element - {"using":"xpath","value":"//span[contains(@title, \"Remove\")]"}
COMMAND: GET /session/5a404f73187a01115305a03f2137b0ec/screenshot - {}
RESULT: {"using":"xpath","value":"//span[contains(@title, \"Remove\")]"}
COMMAND: POST /session/5a404f73187a01115305a03f2137b0ec/element/f.D0531791EE27D9F39EBFF32D62FB2301.d.00A8492E315B02BBC41800F00D0549BE.e.8200/click - {}
RESULT: {}
RESULT: {}
COMMAND: GET /session/5a404f73187a01115305a03f2137b0ec/screenshot - {}
RESULT: {}
COMMAND: POST /session/5a404f73187a01115305a03f2137b0ec/execute/async - {"script":"<script> [1562 bytes]","args":[{"selector":{"id":"application-managepartners-display-component---masterPtm--catalogs-arrow"},"wdio_ui5_key":"applicationmanagepartners-display-component---masterPtm--catalogs-arrow"}]}
RESULT: {"script":"<script> [1562 bytes]","args":[{"selector":{"id":"application-managepartners-display-component---masterPtm--catalogs-arrow"},"wdio_ui5_key":"applicationmanagepartners-display-component---masterPtm--catalogs-arrow"}]}
RESULT: undefined
COMMAND: POST /session/5a404f73187a01115305a03f2137b0ec/element - {"using":"xpath","value":"//*[@id=\"application-managepartners-display-component---masterPtm--catalogs-arrow\"]"}
RESULT: {"using":"xpath","value":"//*[@id=\"application-managepartners-display-component---masterPtm--catalogs-arrow\"]"}
COMMAND: POST /session/5a404f73187a01115305a03f2137b0ec/element/f.D0531791EE27D9F39EBFF32D62FB2301.d.00A8492E315B02BBC41800F00D0549BE.e.8305/click - {}
RESULT: {}
COMMAND: GET /session/5a404f73187a01115305a03f2137b0ec/screenshot - {}
RESULT: {}
COMMAND: POST /session/5a404f73187a01115305a03f2137b0ec/element - {"using":"xpath","value":"//li[.//span[text()=\"Webshop Catalog\"]]//div[contains(@class,\"sapMCbBg\")]"}
RESULT: {"using":"xpath","value":"//li[.//span[text()=\"Webshop Catalog\"]]//div[contains(@class,\"sapMCbBg\")]"}
COMMAND: POST /session/5a404f73187a01115305a03f2137b0ec/element/f.D0531791EE27D9F39EBFF32D62FB2301.d.00A8492E315B02BBC41800F00D0549BE.e.8317/click - {}
RESULT: {}
COMMAND: GET /session/5a404f73187a01115305a03f2137b0ec/screenshot - {}
RESULT: {}
RESULT: undefined
COMMAND: POST /session/5a404f73187a01115305a03f2137b0ec/element - {"using":"xpath","value":"//*[@id=\"application-managepartners-display-component---masterPtm--catalogs-arrow\"]"}
RESULT: {"using":"xpath","value":"//*[@id=\"application-managepartners-display-component---masterPtm--catalogs-arrow\"]"}
COMMAND: POST /session/5a404f73187a01115305a03f2137b0ec/element/f.D0531791EE27D9F39EBFF32D62FB2301.d.00A8492E315B02BBC41800F00D0549BE.e.8305/click - {}
RESULT: {}
COMMAND: POST /session/5a404f73187a01115305a03f2137b0ec/element - {"using":"xpath","value":"//span[@id=\"application-managepartners-display-component---masterPtm--smartTable-header-inner\"]"}
COMMAND: GET /session/5a404f73187a01115305a03f2137b0ec/screenshot - {}
RESULT: {"using":"xpath","value":"//span[@id=\"application-managepartners-display-component---masterPtm--smartTable-header-inner\"]"}
COMMAND: POST /session/5a404f73187a01115305a03f2137b0ec/elements - {"using":"xpath","value":"//span[@id=\"application-managepartners-display-component---masterPtm--smartTable-header-inner\"]"}
RESULT: {}
RESULT: {"using":"xpath","value":"//span[@id=\"application-managepartners-display-component---masterPtm--smartTable-header-inner\"]"}
COMMAND: POST /session/5a404f73187a01115305a03f2137b0ec/execute/sync - {"script":"<script> [56 bytes]","args":[{"element-6066-11e4-a52e-4f735466cecf":"f.D0531791EE27D9F39EBFF32D62FB2301.d.00A8492E315B02BBC41800F00D0549BE.e.7754","ELEMENT":"f.D0531791EE27D9F39EBFF32D62FB2301.d.00A8492E315B02BBC41800F00D0549BE.e.7754"}]}
RESULT: {"script":"<script> [56 bytes]","args":[{"element-6066-11e4-a52e-4f735466cecf":"f.D0531791EE27D9F39EBFF32D62FB2301.d.00A8492E315B02BBC41800F00D0549BE.e.7754","ELEMENT":"f.D0531791EE27D9F39EBFF32D62FB2301.d.00A8492E315B02BBC41800F00D0549BE.e.7754"}]}
COMMAND: POST /session/5a404f73187a01115305a03f2137b0ec/element - {"using":"xpath","value":"//span[contains(@title, \"Remove\")]"}
COMMAND: GET /session/5a404f73187a01115305a03f2137b0ec/screenshot - {}
RESULT: {"using":"xpath","value":"//span[contains(@title, \"Remove\")]"}
COMMAND: POST /session/5a404f73187a01115305a03f2137b0ec/element/f.D0531791EE27D9F39EBFF32D62FB2301.d.00A8492E315B02BBC41800F00D0549BE.e.8331/click - {}
RESULT: {}
RESULT: {}
COMMAND: GET /session/5a404f73187a01115305a03f2137b0ec/screenshot - {}
RESULT: {}
COMMAND: POST /session/5a404f73187a01115305a03f2137b0ec/execute/async - {"script":"<script> [1562 bytes]","args":[{"selector":{"id":"application-managepartners-display-component---masterPtm--currencies-arrow"},"wdio_ui5_key":"applicationmanagepartners-display-component---masterPtm--currencies-arrow"}]}
RESULT: {"script":"<script> [1562 bytes]","args":[{"selector":{"id":"application-managepartners-display-component---masterPtm--currencies-arrow"},"wdio_ui5_key":"applicationmanagepartners-display-component---masterPtm--currencies-arrow"}]}
RESULT: undefined
COMMAND: POST /session/5a404f73187a01115305a03f2137b0ec/element - {"using":"xpath","value":"//*[@id=\"application-managepartners-display-component---masterPtm--currencies-arrow\"]"}
RESULT: {"using":"xpath","value":"//*[@id=\"application-managepartners-display-component---masterPtm--currencies-arrow\"]"}
COMMAND: POST /session/5a404f73187a01115305a03f2137b0ec/element/f.D0531791EE27D9F39EBFF32D62FB2301.d.00A8492E315B02BBC41800F00D0549BE.e.8446/click - {}
RESULT: {}
COMMAND: GET /session/5a404f73187a01115305a03f2137b0ec/screenshot - {}
RESULT: {}
COMMAND: POST /session/5a404f73187a01115305a03f2137b0ec/element - {"using":"xpath","value":"//li[.//span[text()=\"US Dollar\"]]//div[contains(@class,\"sapMCbBg\")]"}
RESULT: {"using":"xpath","value":"//li[.//span[text()=\"US Dollar\"]]//div[contains(@class,\"sapMCbBg\")]"}
COMMAND: POST /session/5a404f73187a01115305a03f2137b0ec/element/f.D0531791EE27D9F39EBFF32D62FB2301.d.00A8492E315B02BBC41800F00D0549BE.e.8449/click - {}
RESULT: {}
COMMAND: GET /session/5a404f73187a01115305a03f2137b0ec/screenshot - {}
RESULT: {}
RESULT: undefined
COMMAND: POST /session/5a404f73187a01115305a03f2137b0ec/element - {"using":"xpath","value":"//*[@id=\"application-managepartners-display-component---masterPtm--currencies-arrow\"]"}
RESULT: {"using":"xpath","value":"//*[@id=\"application-managepartners-display-component---masterPtm--currencies-arrow\"]"}
COMMAND: POST /session/5a404f73187a01115305a03f2137b0ec/element/f.D0531791EE27D9F39EBFF32D62FB2301.d.00A8492E315B02BBC41800F00D0549BE.e.8446/click - {}
RESULT: {}
COMMAND: POST /session/5a404f73187a01115305a03f2137b0ec/element - {"using":"xpath","value":"//span[@id=\"application-managepartners-display-component---masterPtm--smartTable-header-inner\"]"}
COMMAND: GET /session/5a404f73187a01115305a03f2137b0ec/screenshot - {}
RESULT: {"using":"xpath","value":"//span[@id=\"application-managepartners-display-component---masterPtm--smartTable-header-inner\"]"}
COMMAND: POST /session/5a404f73187a01115305a03f2137b0ec/elements - {"using":"xpath","value":"//span[@id=\"application-managepartners-display-component---masterPtm--smartTable-header-inner\"]"}
RESULT: {}
RESULT: {"using":"xpath","value":"//span[@id=\"application-managepartners-display-component---masterPtm--smartTable-header-inner\"]"}
COMMAND: POST /session/5a404f73187a01115305a03f2137b0ec/execute/sync - {"script":"<script> [56 bytes]","args":[{"element-6066-11e4-a52e-4f735466cecf":"f.D0531791EE27D9F39EBFF32D62FB2301.d.00A8492E315B02BBC41800F00D0549BE.e.7754","ELEMENT":"f.D0531791EE27D9F39EBFF32D62FB2301.d.00A8492E315B02BBC41800F00D0549BE.e.7754"}]}
RESULT: {"script":"<script> [56 bytes]","args":[{"element-6066-11e4-a52e-4f735466cecf":"f.D0531791EE27D9F39EBFF32D62FB2301.d.00A8492E315B02BBC41800F00D0549BE.e.7754","ELEMENT":"f.D0531791EE27D9F39EBFF32D62FB2301.d.00A8492E315B02BBC41800F00D0549BE.e.7754"}]}
COMMAND: POST /session/5a404f73187a01115305a03f2137b0ec/element - {"using":"xpath","value":"//span[contains(@title, \"Remove\")]"}
COMMAND: GET /session/5a404f73187a01115305a03f2137b0ec/screenshot - {}
RESULT: {"using":"xpath","value":"//span[contains(@title, \"Remove\")]"}
COMMAND: POST /session/5a404f73187a01115305a03f2137b0ec/element/f.D0531791EE27D9F39EBFF32D62FB2301.d.00A8492E315B02BBC41800F00D0549BE.e.8550/click - {}
RESULT: {}
RESULT: {}
COMMAND: GET /session/5a404f73187a01115305a03f2137b0ec/screenshot - {}
RESULT: {}
COMMAND: POST /session/5a404f73187a01115305a03f2137b0ec/execute/async - {"script":"<script> [1562 bytes]","args":[{"selector":{"id":"application-managepartners-display-component---masterPtm--languages-arrow"},"wdio_ui5_key":"applicationmanagepartners-display-component---masterPtm--languages-arrow"}]}
RESULT: {"script":"<script> [1562 bytes]","args":[{"selector":{"id":"application-managepartners-display-component---masterPtm--languages-arrow"},"wdio_ui5_key":"applicationmanagepartners-display-component---masterPtm--languages-arrow"}]}
RESULT: undefined
COMMAND: POST /session/5a404f73187a01115305a03f2137b0ec/element - {"using":"xpath","value":"//*[@id=\"application-managepartners-display-component---masterPtm--languages-arrow\"]"}
RESULT: {"using":"xpath","value":"//*[@id=\"application-managepartners-display-component---masterPtm--languages-arrow\"]"}
COMMAND: POST /session/5a404f73187a01115305a03f2137b0ec/element/f.D0531791EE27D9F39EBFF32D62FB2301.d.00A8492E315B02BBC41800F00D0549BE.e.8626/click - {}
RESULT: {}
COMMAND: GET /session/5a404f73187a01115305a03f2137b0ec/screenshot - {}
RESULT: {}
COMMAND: POST /session/5a404f73187a01115305a03f2137b0ec/element - {"using":"xpath","value":"//li[.//span[text()=\"German\"]]//div[contains(@class,\"sapMCbBg\")]"}
RESULT: {"using":"xpath","value":"//li[.//span[text()=\"German\"]]//div[contains(@class,\"sapMCbBg\")]"}
COMMAND: POST /session/5a404f73187a01115305a03f2137b0ec/element/f.D0531791EE27D9F39EBFF32D62FB2301.d.00A8492E315B02BBC41800F00D0549BE.e.8670/click - {}
RESULT: {}
COMMAND: GET /session/5a404f73187a01115305a03f2137b0ec/screenshot - {}
RESULT: {}
RESULT: undefined
COMMAND: POST /session/5a404f73187a01115305a03f2137b0ec/element - {"using":"xpath","value":"//*[@id=\"application-managepartners-display-component---masterPtm--languages-arrow\"]"}
RESULT: {"using":"xpath","value":"//*[@id=\"application-managepartners-display-component---masterPtm--languages-arrow\"]"}
COMMAND: POST /session/5a404f73187a01115305a03f2137b0ec/element/f.D0531791EE27D9F39EBFF32D62FB2301.d.00A8492E315B02BBC41800F00D0549BE.e.8626/click - {}
RESULT: {}
COMMAND: POST /session/5a404f73187a01115305a03f2137b0ec/element - {"using":"xpath","value":"//span[@id=\"application-managepartners-display-component---masterPtm--smartTable-header-inner\"]"}
COMMAND: GET /session/5a404f73187a01115305a03f2137b0ec/screenshot - {}
RESULT: {"using":"xpath","value":"//span[@id=\"application-managepartners-display-component---masterPtm--smartTable-header-inner\"]"}
COMMAND: POST /session/5a404f73187a01115305a03f2137b0ec/elements - {"using":"xpath","value":"//span[@id=\"application-managepartners-display-component---masterPtm--smartTable-header-inner\"]"}
RESULT: {}
RESULT: {"using":"xpath","value":"//span[@id=\"application-managepartners-display-component---masterPtm--smartTable-header-inner\"]"}
COMMAND: POST /session/5a404f73187a01115305a03f2137b0ec/execute/sync - {"script":"<script> [56 bytes]","args":[{"element-6066-11e4-a52e-4f735466cecf":"f.D0531791EE27D9F39EBFF32D62FB2301.d.00A8492E315B02BBC41800F00D0549BE.e.7754","ELEMENT":"f.D0531791EE27D9F39EBFF32D62FB2301.d.00A8492E315B02BBC41800F00D0549BE.e.7754"}]}
RESULT: {"script":"<script> [56 bytes]","args":[{"element-6066-11e4-a52e-4f735466cecf":"f.D0531791EE27D9F39EBFF32D62FB2301.d.00A8492E315B02BBC41800F00D0549BE.e.7754","ELEMENT":"f.D0531791EE27D9F39EBFF32D62FB2301.d.00A8492E315B02BBC41800F00D0549BE.e.7754"}]}
COMMAND: POST /session/5a404f73187a01115305a03f2137b0ec/element - {"using":"css selector","value":"#shell-header-logo"}
COMMAND: GET /session/5a404f73187a01115305a03f2137b0ec/screenshot - {}
RESULT: {"using":"css selector","value":"#shell-header-logo"}
COMMAND: POST /session/5a404f73187a01115305a03f2137b0ec/element/f.D0531791EE27D9F39EBFF32D62FB2301.d.00A8492E315B02BBC41800F00D0549BE.e.7586/click - {}
RESULT: {}
RESULT: {}
COMMAND: GET /session/5a404f73187a01115305a03f2137b0ec/screenshot - {}
RESULT: {}
COMMAND: POST /session/5a404f73187a01115305a03f2137b0ec/element - {"using":"css selector","value":"#j_username"}
COMMAND: POST /session/5a404f73187a01115305a03f2137b0ec/url - {"url":"https://qa-testing-00-live-etm-ui.cfapps.eu10-004.hana.ondemand.com/"}
RESULT: {"using":"css selector","value":"#j_username"}
COMMAND: POST /session/5a404f73187a01115305a03f2137b0ec/element - {"using":"css selector","value":"#j_username"}
RESULT: {"url":"https://qa-testing-00-live-etm-ui.cfapps.eu10-004.hana.ondemand.com/"}
RESULT: undefined
COMMAND: GET /session/5a404f73187a01115305a03f2137b0ec/screenshot - {}
RESULT: {"using":"css selector","value":"#j_username"}
COMMAND: POST /session/5a404f73187a01115305a03f2137b0ec/element - {"using":"css selector","value":"#shell-header-logo"}
RESULT: {}
RESULT: {"using":"css selector","value":"#shell-header-logo"}
COMMAND: POST /session/5a404f73187a01115305a03f2137b0ec/execute/sync - {"script":"<script> [8489 bytes]","args":[{"element-6066-11e4-a52e-4f735466cecf":"f.D0531791EE27D9F39EBFF32D62FB2301.d.F62F16698AC7F7B9E9169357239F0217.e.8747","ELEMENT":"f.D0531791EE27D9F39EBFF32D62FB2301.d.F62F16698AC7F7B9E9169357239F0217.e.8747"}]}
RESULT: {"script":"<script> [8489 bytes]","args":[{"element-6066-11e4-a52e-4f735466cecf":"f.D0531791EE27D9F39EBFF32D62FB2301.d.F62F16698AC7F7B9E9169357239F0217.e.8747","ELEMENT":"f.D0531791EE27D9F39EBFF32D62FB2301.d.F62F16698AC7F7B9E9169357239F0217.e.8747"}]}
COMMAND: POST /session/5a404f73187a01115305a03f2137b0ec/element - {"using":"css selector","value":"#shell-header-logo"}
COMMAND: GET /session/5a404f73187a01115305a03f2137b0ec/screenshot - {}
RESULT: {"using":"css selector","value":"#shell-header-logo"}
COMMAND: POST /session/5a404f73187a01115305a03f2137b0ec/execute/sync - {"script":"<script> [8489 bytes]","args":[{"element-6066-11e4-a52e-4f735466cecf":"f.D0531791EE27D9F39EBFF32D62FB2301.d.F62F16698AC7F7B9E9169357239F0217.e.8747","ELEMENT":"f.D0531791EE27D9F39EBFF32D62FB2301.d.F62F16698AC7F7B9E9169357239F0217.e.8747"}]}
RESULT: {}
RESULT: {"script":"<script> [8489 bytes]","args":[{"element-6066-11e4-a52e-4f735466cecf":"f.D0531791EE27D9F39EBFF32D62FB2301.d.F62F16698AC7F7B9E9169357239F0217.e.8747","ELEMENT":"f.D0531791EE27D9F39EBFF32D62FB2301.d.F62F16698AC7F7B9E9169357239F0217.e.8747"}]}
COMMAND: POST /session/5a404f73187a01115305a03f2137b0ec/execute/sync - {"script":"<script> [5351 bytes]","args":[{"element-6066-11e4-a52e-4f735466cecf":"f.D0531791EE27D9F39EBFF32D62FB2301.d.F62F16698AC7F7B9E9169357239F0217.e.8747","ELEMENT":"f.D0531791EE27D9F39EBFF32D62FB2301.d.F62F16698AC7F7B9E9169357239F0217.e.8747"}]}
COMMAND: GET /session/5a404f73187a01115305a03f2137b0ec/screenshot - {}
RESULT: {"script":"<script> [5351 bytes]","args":[{"element-6066-11e4-a52e-4f735466cecf":"f.D0531791EE27D9F39EBFF32D62FB2301.d.F62F16698AC7F7B9E9169357239F0217.e.8747","ELEMENT":"f.D0531791EE27D9F39EBFF32D62FB2301.d.F62F16698AC7F7B9E9169357239F0217.e.8747"}]}
COMMAND: POST /session/5a404f73187a01115305a03f2137b0ec/element - {"using":"css selector","value":"#shell-header-logo"}
COMMAND: GET /session/5a404f73187a01115305a03f2137b0ec/screenshot - {}
RESULT: {}
RESULT: {"using":"css selector","value":"#shell-header-logo"}
COMMAND: POST /session/5a404f73187a01115305a03f2137b0ec/element/f.D0531791EE27D9F39EBFF32D62FB2301.d.F62F16698AC7F7B9E9169357239F0217.e.8747/click - {}
RESULT: {}
RESULT: {}
COMMAND: GET /session/5a404f73187a01115305a03f2137b0ec/screenshot - {}
RESULT: {}
COMMAND: POST /session/5a404f73187a01115305a03f2137b0ec/execute/async - {"script":"<script> [189 bytes]","args":[]}
RESULT: {"script":"<script> [189 bytes]","args":[]}
COMMAND: POST /session/5a404f73187a01115305a03f2137b0ec/execute/async - {"script":"<script> [123 bytes]","args":[]}
RESULT: {"script":"<script> [123 bytes]","args":[]}
COMMAND: POST /session/5a404f73187a01115305a03f2137b0ec/timeouts - {"script":"<number>"}
RESULT: {"script":"<number>"}
COMMAND: GET /session/5a404f73187a01115305a03f2137b0ec/timeouts - {}
RESULT: {}
RESULT: undefined
COMMAND: POST /session/5a404f73187a01115305a03f2137b0ec/execute/async - {"script":"<script> [2676 bytes]","args":[]}
RESULT: {"script":"<script> [2676 bytes]","args":[]}
COMMAND: POST /session/5a404f73187a01115305a03f2137b0ec/execute/async - {"script":"<script> [2342 bytes]","args":[{"protocol":"http","hostname":"0.0.0.0","path":"/","capabilities":{"browserName":"chrome","goog:chromeOptions":{"binary":"C:\\Program Files\\Google\\Chrome\\Application\\chrome.exe","args":["--start-maximized"]}},"logLevel":"warn","connectionRetryTimeout":120000,"connectionRetryCount":3,"logLevels":{},"enableDirectConnect":true,"strictSSL":true,"_":"65 more keys: [\"cacheDir\",\"port\",\"requestedCapabilities\",\"automationProtocol\",\"baseUrl\",\"waitforInterval\",\"waitforTimeout\",\"onReload\",\"beforeCommand\",\"afterCommand\",\"rootDir\",\"specs\",\"suites\",\"exclude\",\"groupLogsByTestSpec\",\"excludeDriverLogs\",\"bail\",\"framework\",\"reporters\",\"services\",\"maxInstances\",\"maxInstancesPerCapability\",\"injectGlobals\",\"filesToWatch\",\"execArgv\",\"runnerEnv\",\"runner\",\"shard\",\"specFileRetries\",\"specFileRetriesDelay\",\"specFileRetriesDeferred\",\"reporterSyncInterval\",\"reporterSyncTimeout\",\"cucumberFeaturesWithLineNumbers\",\"autoCompileOpts\",\"mochaOpts\",\"jasmineOpts\",\"cucumberOpts\",\"onPrepare\",\"onWorkerStart\",\"onWorkerEnd\",\"before\",\"beforeSession\",\"beforeSuite\",\"beforeHook\",\"beforeTest\",\"afterTest\",\"afterHook\",\"afterSuite\",\"afterSession\",\"after\",\"onComplete\",\"beforeAssertion\",\"afterAssertion\",\"beforeFeature\",\"beforeScenario\",\"beforeStep\",\"afterStep\",\"afterScenario\",\"afterFeature\",\"_\",\"suite\",\"$0\",\"ignoredWorkerServices\",\"wdi5\"]"}]}
RESULT: {"script":"<script> [2342 bytes]","args":[{"protocol":"http","hostname":"0.0.0.0","path":"/","capabilities":{"browserName":"chrome","goog:chromeOptions":{"binary":"C:\\Program Files\\Google\\Chrome\\Application\\chrome.exe","args":["--start-maximized"]}},"logLevel":"warn","connectionRetryTimeout":120000,"connectionRetryCount":3,"logLevels":{},"enableDirectConnect":true,"strictSSL":true,"_":"65 more keys: [\"cacheDir\",\"port\",\"requestedCapabilities\",\"automationProtocol\",\"baseUrl\",\"waitforInterval\",\"waitforTimeout\",\"onReload\",\"beforeCommand\",\"afterCommand\",\"rootDir\",\"specs\",\"suites\",\"exclude\",\"groupLogsByTestSpec\",\"excludeDriverLogs\",\"bail\",\"framework\",\"reporters\",\"services\",\"maxInstances\",\"maxInstancesPerCapability\",\"injectGlobals\",\"filesToWatch\",\"execArgv\",\"runnerEnv\",\"runner\",\"shard\",\"specFileRetries\",\"specFileRetriesDelay\",\"specFileRetriesDeferred\",\"reporterSyncInterval\",\"reporterSyncTimeout\",\"cucumberFeaturesWithLineNumbers\",\"autoCompileOpts\",\"mochaOpts\",\"jasmineOpts\",\"cucumberOpts\",\"onPrepare\",\"onWorkerStart\",\"onWorkerEnd\",\"before\",\"beforeSession\",\"beforeSuite\",\"beforeHook\",\"beforeTest\",\"afterTest\",\"afterHook\",\"afterSuite\",\"afterSession\",\"after\",\"onComplete\",\"beforeAssertion\",\"afterAssertion\",\"beforeFeature\",\"beforeScenario\",\"beforeStep\",\"afterStep\",\"afterScenario\",\"afterFeature\",\"_\",\"suite\",\"$0\",\"ignoredWorkerServices\",\"wdi5\"]"}]}
COMMAND: POST /session/5a404f73187a01115305a03f2137b0ec/execute/async - {"script":"<script> [21126 bytes]","args":[35000]}
RESULT: {"script":"<script> [21126 bytes]","args":[35000]}
COMMAND: POST /session/5a404f73187a01115305a03f2137b0ec/window/maximize - {}
RESULT: {}
COMMAND: POST /session/5a404f73187a01115305a03f2137b0ec/execute/async - {"script":"<script> [1562 bytes]","args":[{"selector":{"id":"shell-header","interaction":{"idSuffix":"icon"}},"wdio_ui5_key":"shellheader"}]}
COMMAND: GET /session/5a404f73187a01115305a03f2137b0ec/screenshot - {}
RESULT: {"script":"<script> [1562 bytes]","args":[{"selector":{"id":"shell-header","interaction":{"idSuffix":"icon"}},"wdio_ui5_key":"shellheader"}]}
RESULT: undefined
COMMAND: POST /session/5a404f73187a01115305a03f2137b0ec/refresh - {}
RESULT: {}
RESULT: {}
COMMAND: GET /session/5a404f73187a01115305a03f2137b0ec/screenshot - {}
RESULT: {}
COMMAND: POST /session/5a404f73187a01115305a03f2137b0ec/refresh - {}
RESULT: {}
COMMAND: GET /session/5a404f73187a01115305a03f2137b0ec/screenshot - {}
RESULT: {}
COMMAND: POST /session/5a404f73187a01115305a03f2137b0ec/window/fullscreen - {}
RESULT: {}
COMMAND: POST /session/5a404f73187a01115305a03f2137b0ec/execute/async - {"script":"<script> [189 bytes]","args":[]}
RESULT: {"script":"<script> [189 bytes]","args":[]}
COMMAND: POST /session/5a404f73187a01115305a03f2137b0ec/execute/async - {"script":"<script> [123 bytes]","args":[]}
RESULT: {"script":"<script> [123 bytes]","args":[]}
COMMAND: POST /session/5a404f73187a01115305a03f2137b0ec/timeouts - {"script":"<number>"}
RESULT: {"script":"<number>"}
COMMAND: GET /session/5a404f73187a01115305a03f2137b0ec/timeouts - {}
RESULT: {}
RESULT: undefined
COMMAND: POST /session/5a404f73187a01115305a03f2137b0ec/execute/async - {"script":"<script> [2676 bytes]","args":[]}
RESULT: {"script":"<script> [2676 bytes]","args":[]}
COMMAND: POST /session/5a404f73187a01115305a03f2137b0ec/execute/async - {"script":"<script> [2342 bytes]","args":[{"protocol":"http","hostname":"0.0.0.0","path":"/","capabilities":{"browserName":"chrome","goog:chromeOptions":{"binary":"C:\\Program Files\\Google\\Chrome\\Application\\chrome.exe","args":["--start-maximized"]}},"logLevel":"warn","connectionRetryTimeout":120000,"connectionRetryCount":3,"logLevels":{},"enableDirectConnect":true,"strictSSL":true,"_":"65 more keys: [\"cacheDir\",\"port\",\"requestedCapabilities\",\"automationProtocol\",\"baseUrl\",\"waitforInterval\",\"waitforTimeout\",\"onReload\",\"beforeCommand\",\"afterCommand\",\"rootDir\",\"specs\",\"suites\",\"exclude\",\"groupLogsByTestSpec\",\"excludeDriverLogs\",\"bail\",\"framework\",\"reporters\",\"services\",\"maxInstances\",\"maxInstancesPerCapability\",\"injectGlobals\",\"filesToWatch\",\"execArgv\",\"runnerEnv\",\"runner\",\"shard\",\"specFileRetries\",\"specFileRetriesDelay\",\"specFileRetriesDeferred\",\"reporterSyncInterval\",\"reporterSyncTimeout\",\"cucumberFeaturesWithLineNumbers\",\"autoCompileOpts\",\"mochaOpts\",\"jasmineOpts\",\"cucumberOpts\",\"onPrepare\",\"onWorkerStart\",\"onWorkerEnd\",\"before\",\"beforeSession\",\"beforeSuite\",\"beforeHook\",\"beforeTest\",\"afterTest\",\"afterHook\",\"afterSuite\",\"afterSession\",\"after\",\"onComplete\",\"beforeAssertion\",\"afterAssertion\",\"beforeFeature\",\"beforeScenario\",\"beforeStep\",\"afterStep\",\"afterScenario\",\"afterFeature\",\"_\",\"suite\",\"$0\",\"ignoredWorkerServices\",\"wdi5\"]"}]}
RESULT: {"script":"<script> [2342 bytes]","args":[{"protocol":"http","hostname":"0.0.0.0","path":"/","capabilities":{"browserName":"chrome","goog:chromeOptions":{"binary":"C:\\Program Files\\Google\\Chrome\\Application\\chrome.exe","args":["--start-maximized"]}},"logLevel":"warn","connectionRetryTimeout":120000,"connectionRetryCount":3,"logLevels":{},"enableDirectConnect":true,"strictSSL":true,"_":"65 more keys: [\"cacheDir\",\"port\",\"requestedCapabilities\",\"automationProtocol\",\"baseUrl\",\"waitforInterval\",\"waitforTimeout\",\"onReload\",\"beforeCommand\",\"afterCommand\",\"rootDir\",\"specs\",\"suites\",\"exclude\",\"groupLogsByTestSpec\",\"excludeDriverLogs\",\"bail\",\"framework\",\"reporters\",\"services\",\"maxInstances\",\"maxInstancesPerCapability\",\"injectGlobals\",\"filesToWatch\",\"execArgv\",\"runnerEnv\",\"runner\",\"shard\",\"specFileRetries\",\"specFileRetriesDelay\",\"specFileRetriesDeferred\",\"reporterSyncInterval\",\"reporterSyncTimeout\",\"cucumberFeaturesWithLineNumbers\",\"autoCompileOpts\",\"mochaOpts\",\"jasmineOpts\",\"cucumberOpts\",\"onPrepare\",\"onWorkerStart\",\"onWorkerEnd\",\"before\",\"beforeSession\",\"beforeSuite\",\"beforeHook\",\"beforeTest\",\"afterTest\",\"afterHook\",\"afterSuite\",\"afterSession\",\"after\",\"onComplete\",\"beforeAssertion\",\"afterAssertion\",\"beforeFeature\",\"beforeScenario\",\"beforeStep\",\"afterStep\",\"afterScenario\",\"afterFeature\",\"_\",\"suite\",\"$0\",\"ignoredWorkerServices\",\"wdi5\"]"}]}
COMMAND: POST /session/5a404f73187a01115305a03f2137b0ec/execute/async - {"script":"<script> [21126 bytes]","args":[35000]}
RESULT: {"script":"<script> [21126 bytes]","args":[35000]}
]]></system-out>
    </testcase>
  </testsuite>
  <testsuite timestamp="2025-05-14T17:55:23" time="463.959" tests="4" failures="0" errors="0" skipped="0">
    <properties>
      <property name="specId" value="0" />
      <property name="suiteName" value="Create partner US118246" />
      <property name="capabilities" value="chrome.136_0_7103_49.windows" />
      <property name="file" value="file:///D:/a/1/s/test/specs/BTS/create-partner.spec.js" />
    </properties>
    <testcase classname="chrome.136_0_7103_49.windows.Create_partner_US118246" name="Should create a new yard in case create yard failed" time="118.411">
      <system-out><![CDATA[
COMMAND: POST /session/5a404f73187a01115305a03f2137b0ec/window/fullscreen - {}
RESULT: {}
COMMAND: POST /session/5a404f73187a01115305a03f2137b0ec/execute/async - {"script":"<script> [1562 bytes]","args":[{"selector":{"controlType":"sap.m.GenericTile","properties":{"header":"Manage Yards"}},"wdio_ui5_key":"sapm.GenericTile{\"header\":\"Manage Yards\"}"}]}
RESULT: {"script":"<script> [1562 bytes]","args":[{"selector":{"controlType":"sap.m.GenericTile","properties":{"header":"Manage Yards"}},"wdio_ui5_key":"sapm.GenericTile{\"header\":\"Manage Yards\"}"}]}
RESULT: undefined
COMMAND: POST /session/5a404f73187a01115305a03f2137b0ec/element - {"using":"xpath","value":"//*[@id=\"__tile41\"]"}
RESULT: {"using":"xpath","value":"//*[@id=\"__tile41\"]"}
COMMAND: POST /session/5a404f73187a01115305a03f2137b0ec/element/f.D0531791EE27D9F39EBFF32D62FB2301.d.36871290C67D302F182689BC2DFA5D9B.e.8909/click - {}
RESULT: {}
COMMAND: GET /session/5a404f73187a01115305a03f2137b0ec/screenshot - {}
RESULT: {}
COMMAND: POST /session/5a404f73187a01115305a03f2137b0ec/elements - {"using":"xpath","value":"//span[text()='Error']"}
RESULT: {"using":"xpath","value":"//span[text()='Error']"}
COMMAND: POST /session/5a404f73187a01115305a03f2137b0ec/element - {"using":"xpath","value":"//button[@data-kt=\"addNewYardOverflowToolbarButton\"]"}
RESULT: {"using":"xpath","value":"//button[@data-kt=\"addNewYardOverflowToolbarButton\"]"}
COMMAND: POST /session/5a404f73187a01115305a03f2137b0ec/elements - {"using":"xpath","value":"//button[@data-kt=\"addNewYardOverflowToolbarButton\"]"}
RESULT: {"using":"xpath","value":"//button[@data-kt=\"addNewYardOverflowToolbarButton\"]"}
COMMAND: POST /session/5a404f73187a01115305a03f2137b0ec/elements - {"using":"xpath","value":"//button[@data-kt=\"addNewYardOverflowToolbarButton\"]"}
RESULT: {"using":"xpath","value":"//button[@data-kt=\"addNewYardOverflowToolbarButton\"]"}
COMMAND: POST /session/5a404f73187a01115305a03f2137b0ec/element - {"using":"xpath","value":"//button[@data-kt=\"addNewYardOverflowToolbarButton\"]"}
RESULT: {"using":"xpath","value":"//button[@data-kt=\"addNewYardOverflowToolbarButton\"]"}
COMMAND: POST /session/5a404f73187a01115305a03f2137b0ec/execute/sync - {"script":"<script> [8489 bytes]","args":[{"element-6066-11e4-a52e-4f735466cecf":"f.D0531791EE27D9F39EBFF32D62FB2301.d.36871290C67D302F182689BC2DFA5D9B.e.9052","ELEMENT":"f.D0531791EE27D9F39EBFF32D62FB2301.d.36871290C67D302F182689BC2DFA5D9B.e.9052"}]}
RESULT: {"script":"<script> [8489 bytes]","args":[{"element-6066-11e4-a52e-4f735466cecf":"f.D0531791EE27D9F39EBFF32D62FB2301.d.36871290C67D302F182689BC2DFA5D9B.e.9052","ELEMENT":"f.D0531791EE27D9F39EBFF32D62FB2301.d.36871290C67D302F182689BC2DFA5D9B.e.9052"}]}
COMMAND: GET /session/5a404f73187a01115305a03f2137b0ec/element/f.D0531791EE27D9F39EBFF32D62FB2301.d.36871290C67D302F182689BC2DFA5D9B.e.9052/enabled - {}
COMMAND: GET /session/5a404f73187a01115305a03f2137b0ec/screenshot - {}
RESULT: {}
COMMAND: POST /session/5a404f73187a01115305a03f2137b0ec/execute/sync - {"script":"<script> [8489 bytes]","args":[{"element-6066-11e4-a52e-4f735466cecf":"f.D0531791EE27D9F39EBFF32D62FB2301.d.36871290C67D302F182689BC2DFA5D9B.e.9052","ELEMENT":"f.D0531791EE27D9F39EBFF32D62FB2301.d.36871290C67D302F182689BC2DFA5D9B.e.9052"}]}
COMMAND: GET /session/5a404f73187a01115305a03f2137b0ec/screenshot - {}
RESULT: {}
RESULT: {"script":"<script> [8489 bytes]","args":[{"element-6066-11e4-a52e-4f735466cecf":"f.D0531791EE27D9F39EBFF32D62FB2301.d.36871290C67D302F182689BC2DFA5D9B.e.9052","ELEMENT":"f.D0531791EE27D9F39EBFF32D62FB2301.d.36871290C67D302F182689BC2DFA5D9B.e.9052"}]}
COMMAND: POST /session/5a404f73187a01115305a03f2137b0ec/execute/sync - {"script":"<script> [5351 bytes]","args":[{"element-6066-11e4-a52e-4f735466cecf":"f.D0531791EE27D9F39EBFF32D62FB2301.d.36871290C67D302F182689BC2DFA5D9B.e.9052","ELEMENT":"f.D0531791EE27D9F39EBFF32D62FB2301.d.36871290C67D302F182689BC2DFA5D9B.e.9052"}]}
COMMAND: GET /session/5a404f73187a01115305a03f2137b0ec/screenshot - {}
RESULT: {}
RESULT: {"script":"<script> [5351 bytes]","args":[{"element-6066-11e4-a52e-4f735466cecf":"f.D0531791EE27D9F39EBFF32D62FB2301.d.36871290C67D302F182689BC2DFA5D9B.e.9052","ELEMENT":"f.D0531791EE27D9F39EBFF32D62FB2301.d.36871290C67D302F182689BC2DFA5D9B.e.9052"}]}
COMMAND: POST /session/5a404f73187a01115305a03f2137b0ec/element/f.D0531791EE27D9F39EBFF32D62FB2301.d.36871290C67D302F182689BC2DFA5D9B.e.9052/click - {}
COMMAND: GET /session/5a404f73187a01115305a03f2137b0ec/screenshot - {}
RESULT: {}
RESULT: {}
COMMAND: GET /session/5a404f73187a01115305a03f2137b0ec/screenshot - {}
RESULT: {}
RESULT: {}
COMMAND: POST /session/5a404f73187a01115305a03f2137b0ec/element - {"using":"xpath","value":"//input[@id=\"application-manageyards-display-component---NewYard--yardId-inner\"]"}
RESULT: {"using":"xpath","value":"//input[@id=\"application-manageyards-display-component---NewYard--yardId-inner\"]"}
COMMAND: POST /session/5a404f73187a01115305a03f2137b0ec/element - {"using":"xpath","value":"//input[@id=\"application-manageyards-display-component---NewYard--yardId-inner\"]"}
RESULT: {"using":"xpath","value":"//input[@id=\"application-manageyards-display-component---NewYard--yardId-inner\"]"}
COMMAND: POST /session/5a404f73187a01115305a03f2137b0ec/execute/async - {"script":"<script> [1562 bytes]","args":[{"selector":{"id":"application-manageyards-display-component---NewYard--addressDetailDetailsName1","interaction":{"idSuffix":"inner"}},"wdio_ui5_key":"applicationmanageyards-display-component---NewYard--addressDetailDetailsName1"}]}
RESULT: {"script":"<script> [1562 bytes]","args":[{"selector":{"id":"application-manageyards-display-component---NewYard--addressDetailDetailsName1","interaction":{"idSuffix":"inner"}},"wdio_ui5_key":"applicationmanageyards-display-component---NewYard--addressDetailDetailsName1"}]}
RESULT: undefined
COMMAND: POST /session/5a404f73187a01115305a03f2137b0ec/execute/async - {"script":"<script> [776 bytes]","args":[{"enterText":"Intracompany Yard wdIO","selector":{"id":"application-manageyards-display-component---NewYard--addressDetailDetailsName1","interaction":{"idSuffix":"inner"}},"clearTextFirst":true,"interactionType":"ENTER_TEXT"}]}
RESULT: {"script":"<script> [776 bytes]","args":[{"enterText":"Intracompany Yard wdIO","selector":{"id":"application-manageyards-display-component---NewYard--addressDetailDetailsName1","interaction":{"idSuffix":"inner"}},"clearTextFirst":true,"interactionType":"ENTER_TEXT"}]}
COMMAND: POST /session/5a404f73187a01115305a03f2137b0ec/execute/async - {"script":"<script> [1562 bytes]","args":[{"selector":{"id":"application-manageyards-display-component---NewYard--addressDetailDetailsLanguage-arrow"},"wdio_ui5_key":"applicationmanageyards-display-component---NewYard--addressDetailDetailsLanguage-arrow"}]}
RESULT: {"script":"<script> [1562 bytes]","args":[{"selector":{"id":"application-manageyards-display-component---NewYard--addressDetailDetailsLanguage-arrow"},"wdio_ui5_key":"applicationmanageyards-display-component---NewYard--addressDetailDetailsLanguage-arrow"}]}
RESULT: undefined
COMMAND: POST /session/5a404f73187a01115305a03f2137b0ec/element - {"using":"xpath","value":"//*[@id=\"application-manageyards-display-component---NewYard--addressDetailDetailsLanguage-arrow\"]"}
RESULT: {"using":"xpath","value":"//*[@id=\"application-manageyards-display-component---NewYard--addressDetailDetailsLanguage-arrow\"]"}
COMMAND: POST /session/5a404f73187a01115305a03f2137b0ec/element/f.D0531791EE27D9F39EBFF32D62FB2301.d.36871290C67D302F182689BC2DFA5D9B.e.9487/click - {}
RESULT: {}
COMMAND: POST /session/5a404f73187a01115305a03f2137b0ec/element - {"using":"xpath","value":"//span[contains(text(), \"English\")]"}
COMMAND: GET /session/5a404f73187a01115305a03f2137b0ec/screenshot - {}
RESULT: {"using":"xpath","value":"//span[contains(text(), \"English\")]"}
COMMAND: POST /session/5a404f73187a01115305a03f2137b0ec/element/f.D0531791EE27D9F39EBFF32D62FB2301.d.36871290C67D302F182689BC2DFA5D9B.e.9488/click - {}
RESULT: {}
RESULT: {}
COMMAND: POST /session/5a404f73187a01115305a03f2137b0ec/execute/async - {"script":"<script> [1562 bytes]","args":[{"selector":{"id":"application-manageyards-display-component---NewYard--addressDetailDetailsCity1","interaction":{"idSuffix":"inner"}},"wdio_ui5_key":"applicationmanageyards-display-component---NewYard--addressDetailDetailsCity1"}]}
COMMAND: GET /session/5a404f73187a01115305a03f2137b0ec/screenshot - {}
RESULT: {"script":"<script> [1562 bytes]","args":[{"selector":{"id":"application-manageyards-display-component---NewYard--addressDetailDetailsCity1","interaction":{"idSuffix":"inner"}},"wdio_ui5_key":"applicationmanageyards-display-component---NewYard--addressDetailDetailsCity1"}]}
RESULT: undefined
COMMAND: POST /session/5a404f73187a01115305a03f2137b0ec/execute/async - {"script":"<script> [776 bytes]","args":[{"enterText":"Rosario","selector":{"id":"application-manageyards-display-component---NewYard--addressDetailDetailsCity1","interaction":{"idSuffix":"inner"}},"clearTextFirst":true,"interactionType":"ENTER_TEXT"}]}
RESULT: {}
RESULT: {"script":"<script> [776 bytes]","args":[{"enterText":"Rosario","selector":{"id":"application-manageyards-display-component---NewYard--addressDetailDetailsCity1","interaction":{"idSuffix":"inner"}},"clearTextFirst":true,"interactionType":"ENTER_TEXT"}]}
COMMAND: POST /session/5a404f73187a01115305a03f2137b0ec/execute/async - {"script":"<script> [1562 bytes]","args":[{"selector":{"id":"application-manageyards-display-component---NewYard--addressDetailDetailsCountry-arrow"},"wdio_ui5_key":"applicationmanageyards-display-component---NewYard--addressDetailDetailsCountry-arrow"}]}
RESULT: {"script":"<script> [1562 bytes]","args":[{"selector":{"id":"application-manageyards-display-component---NewYard--addressDetailDetailsCountry-arrow"},"wdio_ui5_key":"applicationmanageyards-display-component---NewYard--addressDetailDetailsCountry-arrow"}]}
RESULT: undefined
COMMAND: POST /session/5a404f73187a01115305a03f2137b0ec/element - {"using":"xpath","value":"//*[@id=\"application-manageyards-display-component---NewYard--addressDetailDetailsCountry-arrow\"]"}
RESULT: {"using":"xpath","value":"//*[@id=\"application-manageyards-display-component---NewYard--addressDetailDetailsCountry-arrow\"]"}
COMMAND: POST /session/5a404f73187a01115305a03f2137b0ec/element/f.D0531791EE27D9F39EBFF32D62FB2301.d.36871290C67D302F182689BC2DFA5D9B.e.9490/click - {}
RESULT: {}
COMMAND: POST /session/5a404f73187a01115305a03f2137b0ec/element - {"using":"xpath","value":"//span[contains(text(), \"Argentina\")]"}
COMMAND: GET /session/5a404f73187a01115305a03f2137b0ec/screenshot - {}
RESULT: {"using":"xpath","value":"//span[contains(text(), \"Argentina\")]"}
COMMAND: POST /session/5a404f73187a01115305a03f2137b0ec/element/f.D0531791EE27D9F39EBFF32D62FB2301.d.36871290C67D302F182689BC2DFA5D9B.e.9491/click - {}
RESULT: {}
RESULT: {}
COMMAND: POST /session/5a404f73187a01115305a03f2137b0ec/execute/async - {"script":"<script> [1562 bytes]","args":[{"selector":{"id":"application-manageyards-display-component---NewYard--addressEditDetailsCostObjectCstType-arrow"},"wdio_ui5_key":"applicationmanageyards-display-component---NewYard--addressEditDetailsCostObjectCstType-arrow"}]}
COMMAND: GET /session/5a404f73187a01115305a03f2137b0ec/screenshot - {}
RESULT: {"script":"<script> [1562 bytes]","args":[{"selector":{"id":"application-manageyards-display-component---NewYard--addressEditDetailsCostObjectCstType-arrow"},"wdio_ui5_key":"applicationmanageyards-display-component---NewYard--addressEditDetailsCostObjectCstType-arrow"}]}
RESULT: undefined
COMMAND: POST /session/5a404f73187a01115305a03f2137b0ec/element - {"using":"xpath","value":"//*[@id=\"application-manageyards-display-component---NewYard--addressEditDetailsCostObjectCstType-arrow\"]"}
RESULT: {}
RESULT: {"using":"xpath","value":"//*[@id=\"application-manageyards-display-component---NewYard--addressEditDetailsCostObjectCstType-arrow\"]"}
COMMAND: POST /session/5a404f73187a01115305a03f2137b0ec/element/f.D0531791EE27D9F39EBFF32D62FB2301.d.36871290C67D302F182689BC2DFA5D9B.e.9493/click - {}
RESULT: {}
COMMAND: POST /session/5a404f73187a01115305a03f2137b0ec/element - {"using":"xpath","value":"//span[contains(text(), \"Cost Center\")]"}
COMMAND: GET /session/5a404f73187a01115305a03f2137b0ec/screenshot - {}
RESULT: {"using":"xpath","value":"//span[contains(text(), \"Cost Center\")]"}
COMMAND: POST /session/5a404f73187a01115305a03f2137b0ec/element/f.D0531791EE27D9F39EBFF32D62FB2301.d.36871290C67D302F182689BC2DFA5D9B.e.9494/click - {}
RESULT: {}
RESULT: {}
COMMAND: GET /session/5a404f73187a01115305a03f2137b0ec/screenshot - {}
RESULT: {}
COMMAND: POST /session/5a404f73187a01115305a03f2137b0ec/element - {"using":"xpath","value":"//span[@id=\"application-manageyards-display-component---NewYard--addressNewCostObjectCstID-vhi\"]"}
RESULT: {"using":"xpath","value":"//span[@id=\"application-manageyards-display-component---NewYard--addressNewCostObjectCstID-vhi\"]"}
COMMAND: POST /session/5a404f73187a01115305a03f2137b0ec/execute/sync - {"script":"<script> [8489 bytes]","args":[{"element-6066-11e4-a52e-4f735466cecf":"f.D0531791EE27D9F39EBFF32D62FB2301.d.36871290C67D302F182689BC2DFA5D9B.e.9498","ELEMENT":"f.D0531791EE27D9F39EBFF32D62FB2301.d.36871290C67D302F182689BC2DFA5D9B.e.9498"}]}
RESULT: {"script":"<script> [8489 bytes]","args":[{"element-6066-11e4-a52e-4f735466cecf":"f.D0531791EE27D9F39EBFF32D62FB2301.d.36871290C67D302F182689BC2DFA5D9B.e.9498","ELEMENT":"f.D0531791EE27D9F39EBFF32D62FB2301.d.36871290C67D302F182689BC2DFA5D9B.e.9498"}]}
COMMAND: POST /session/5a404f73187a01115305a03f2137b0ec/execute/async - {"script":"<script> [1562 bytes]","args":[{"selector":{"id":"application-manageyards-display-component---NewYard--addressNewCostObjectCstID-vhi"},"wdio_ui5_key":"applicationmanageyards-display-component---NewYard--addressNewCostObjectCstID-vhi"}]}
COMMAND: GET /session/5a404f73187a01115305a03f2137b0ec/screenshot - {}
RESULT: {"script":"<script> [1562 bytes]","args":[{"selector":{"id":"application-manageyards-display-component---NewYard--addressNewCostObjectCstID-vhi"},"wdio_ui5_key":"applicationmanageyards-display-component---NewYard--addressNewCostObjectCstID-vhi"}]}
RESULT: undefined
COMMAND: POST /session/5a404f73187a01115305a03f2137b0ec/element - {"using":"xpath","value":"//*[@id=\"application-manageyards-display-component---NewYard--addressNewCostObjectCstID-vhi\"]"}
RESULT: {}
RESULT: {"using":"xpath","value":"//*[@id=\"application-manageyards-display-component---NewYard--addressNewCostObjectCstID-vhi\"]"}
COMMAND: POST /session/5a404f73187a01115305a03f2137b0ec/element/f.D0531791EE27D9F39EBFF32D62FB2301.d.36871290C67D302F182689BC2DFA5D9B.e.9498/click - {}
RESULT: {}
COMMAND: GET /session/5a404f73187a01115305a03f2137b0ec/screenshot - {}
RESULT: {}
COMMAND: POST /session/5a404f73187a01115305a03f2137b0ec/execute/async - {"script":"<script> [1562 bytes]","args":[{"selector":{"controlType":"sap.m.SearchField","properties":{"placeholder":"Search"},"searchOpenDialogs":true,"interaction":{"idSuffix":"I"}},"wdio_ui5_key":"sapm.SearchField{\"placeholder\":\"Search\"}"}]}
RESULT: {"script":"<script> [1562 bytes]","args":[{"selector":{"controlType":"sap.m.SearchField","properties":{"placeholder":"Search"},"searchOpenDialogs":true,"interaction":{"idSuffix":"I"}},"wdio_ui5_key":"sapm.SearchField{\"placeholder\":\"Search\"}"}]}
RESULT: undefined
COMMAND: POST /session/5a404f73187a01115305a03f2137b0ec/execute/async - {"script":"<script> [776 bytes]","args":[{"enterText":"bauh_b","selector":{"controlType":"sap.m.SearchField","properties":{"placeholder":"Search"},"searchOpenDialogs":true,"interaction":{"idSuffix":"I"}},"clearTextFirst":true,"interactionType":"ENTER_TEXT"}]}
RESULT: {"script":"<script> [776 bytes]","args":[{"enterText":"bauh_b","selector":{"controlType":"sap.m.SearchField","properties":{"placeholder":"Search"},"searchOpenDialogs":true,"interaction":{"idSuffix":"I"}},"clearTextFirst":true,"interactionType":"ENTER_TEXT"}]}
COMMAND: POST /session/5a404f73187a01115305a03f2137b0ec/actions - {"actions":[{"id":"action25","type":"key","parameters":{},"actions":[{"type":"keyDown","value":"î€‡"},{"type":"pause","duration":10},{"type":"keyUp","value":"î€‡"}]}]}
RESULT: {"actions":[{"id":"action25","type":"key","parameters":{},"actions":[{"type":"keyDown","value":"î€‡"},{"type":"pause","duration":10},{"type":"keyUp","value":"î€‡"}]}]}
COMMAND: GET /session/5a404f73187a01115305a03f2137b0ec/screenshot - {}
RESULT: {}
COMMAND: POST /session/5a404f73187a01115305a03f2137b0ec/element - {"using":"xpath","value":"//span[contains(text(), \"Demo Yard\")]"}
RESULT: {"using":"xpath","value":"//span[contains(text(), \"Demo Yard\")]"}
COMMAND: POST /session/5a404f73187a01115305a03f2137b0ec/element/f.D0531791EE27D9F39EBFF32D62FB2301.d.36871290C67D302F182689BC2DFA5D9B.e.9540/click - {}
RESULT: {}
COMMAND: GET /session/5a404f73187a01115305a03f2137b0ec/screenshot - {}
RESULT: {}
COMMAND: POST /session/5a404f73187a01115305a03f2137b0ec/element - {"using":"xpath","value":"//bdi[contains(text(), \"OK\")]"}
RESULT: {"using":"xpath","value":"//bdi[contains(text(), \"OK\")]"}
COMMAND: POST /session/5a404f73187a01115305a03f2137b0ec/element/f.D0531791EE27D9F39EBFF32D62FB2301.d.36871290C67D302F182689BC2DFA5D9B.e.9541/click - {}
RESULT: {}
COMMAND: GET /session/5a404f73187a01115305a03f2137b0ec/screenshot - {}
RESULT: {}
COMMAND: POST /session/5a404f73187a01115305a03f2137b0ec/execute/async - {"script":"<script> [1562 bytes]","args":[{"selector":{"id":"application-manageyards-display-component---NewYard--addressEditDetailsCurrency-arrow"},"wdio_ui5_key":"applicationmanageyards-display-component---NewYard--addressEditDetailsCurrency-arrow"}]}
RESULT: {"script":"<script> [1562 bytes]","args":[{"selector":{"id":"application-manageyards-display-component---NewYard--addressEditDetailsCurrency-arrow"},"wdio_ui5_key":"applicationmanageyards-display-component---NewYard--addressEditDetailsCurrency-arrow"}]}
RESULT: undefined
COMMAND: POST /session/5a404f73187a01115305a03f2137b0ec/element - {"using":"xpath","value":"//*[@id=\"application-manageyards-display-component---NewYard--addressEditDetailsCurrency-arrow\"]"}
RESULT: {"using":"xpath","value":"//*[@id=\"application-manageyards-display-component---NewYard--addressEditDetailsCurrency-arrow\"]"}
COMMAND: POST /session/5a404f73187a01115305a03f2137b0ec/element/f.D0531791EE27D9F39EBFF32D62FB2301.d.36871290C67D302F182689BC2DFA5D9B.e.9544/click - {}
RESULT: {}
COMMAND: POST /session/5a404f73187a01115305a03f2137b0ec/element - {"using":"xpath","value":"//span[contains(text(), \"Euro\")]"}
COMMAND: GET /session/5a404f73187a01115305a03f2137b0ec/screenshot - {}
RESULT: {"using":"xpath","value":"//span[contains(text(), \"Euro\")]"}
COMMAND: POST /session/5a404f73187a01115305a03f2137b0ec/element/f.D0531791EE27D9F39EBFF32D62FB2301.d.36871290C67D302F182689BC2DFA5D9B.e.9545/click - {}
RESULT: {}
RESULT: {}
COMMAND: POST /session/5a404f73187a01115305a03f2137b0ec/execute/async - {"script":"<script> [1562 bytes]","args":[{"selector":{"controlType":"sap.m.Input","viewName":"etm.portal.ui.manageyards.view.New","viewId":"application-manageyards-display-component---NewYard","bindingPath":{"path":"","propertyPath":"/CONTROLLING_AREA","modelName":"NewYardModel"},"interaction":{"idSuffix":"inner"}},"wdio_ui5_key":"etmportal.ui.manageyards.view.Newsap.m.Input{\"path\":\"\",\"propertyPath\":\"/CONTROLLING_AREA\",\"modelName\":\"NewYardModel\"}"}]}
COMMAND: GET /session/5a404f73187a01115305a03f2137b0ec/screenshot - {}
RESULT: {"script":"<script> [1562 bytes]","args":[{"selector":{"controlType":"sap.m.Input","viewName":"etm.portal.ui.manageyards.view.New","viewId":"application-manageyards-display-component---NewYard","bindingPath":{"path":"","propertyPath":"/CONTROLLING_AREA","modelName":"NewYardModel"},"interaction":{"idSuffix":"inner"}},"wdio_ui5_key":"etmportal.ui.manageyards.view.Newsap.m.Input{\"path\":\"\",\"propertyPath\":\"/CONTROLLING_AREA\",\"modelName\":\"NewYardModel\"}"}]}
RESULT: undefined
COMMAND: POST /session/5a404f73187a01115305a03f2137b0ec/execute/async - {"script":"<script> [776 bytes]","args":[{"enterText":"Z001","selector":{"controlType":"sap.m.Input","viewName":"etm.portal.ui.manageyards.view.New","viewId":"application-manageyards-display-component---NewYard","bindingPath":{"path":"","propertyPath":"/CONTROLLING_AREA","modelName":"NewYardModel"},"interaction":{"idSuffix":"inner"}},"clearTextFirst":true,"interactionType":"ENTER_TEXT"}]}
RESULT: {}
RESULT: {"script":"<script> [776 bytes]","args":[{"enterText":"Z001","selector":{"controlType":"sap.m.Input","viewName":"etm.portal.ui.manageyards.view.New","viewId":"application-manageyards-display-component---NewYard","bindingPath":{"path":"","propertyPath":"/CONTROLLING_AREA","modelName":"NewYardModel"},"interaction":{"idSuffix":"inner"}},"clearTextFirst":true,"interactionType":"ENTER_TEXT"}]}
COMMAND: POST /session/5a404f73187a01115305a03f2137b0ec/execute/async - {"script":"<script> [1562 bytes]","args":[{"selector":{"id":"application-manageyards-display-component---NewYard--companyCodeComboBox","interaction":{"idSuffix":"inner"}},"wdio_ui5_key":"applicationmanageyards-display-component---NewYard--companyCodeComboBox"}]}
RESULT: {"script":"<script> [1562 bytes]","args":[{"selector":{"id":"application-manageyards-display-component---NewYard--companyCodeComboBox","interaction":{"idSuffix":"inner"}},"wdio_ui5_key":"applicationmanageyards-display-component---NewYard--companyCodeComboBox"}]}
RESULT: undefined
COMMAND: POST /session/5a404f73187a01115305a03f2137b0ec/execute/async - {"script":"<script> [776 bytes]","args":[{"enterText":"1000","selector":{"id":"application-manageyards-display-component---NewYard--companyCodeComboBox","interaction":{"idSuffix":"inner"}},"clearTextFirst":true,"interactionType":"ENTER_TEXT"}]}
RESULT: {"script":"<script> [776 bytes]","args":[{"enterText":"1000","selector":{"id":"application-manageyards-display-component---NewYard--companyCodeComboBox","interaction":{"idSuffix":"inner"}},"clearTextFirst":true,"interactionType":"ENTER_TEXT"}]}
COMMAND: POST /session/5a404f73187a01115305a03f2137b0ec/execute/async - {"script":"<script> [1562 bytes]","args":[{"selector":{"controlType":"sap.m.Input","viewName":"etm.portal.ui.manageyards.view.New","viewId":"application-manageyards-display-component---NewYard","bindingPath":{"path":"","propertyPath":"/PLANT","modelName":"NewYardModel"},"interaction":{"idSuffix":"inner"}},"wdio_ui5_key":"etmportal.ui.manageyards.view.Newsap.m.Input{\"path\":\"\",\"propertyPath\":\"/PLANT\",\"modelName\":\"NewYardModel\"}"}]}
RESULT: {"script":"<script> [1562 bytes]","args":[{"selector":{"controlType":"sap.m.Input","viewName":"etm.portal.ui.manageyards.view.New","viewId":"application-manageyards-display-component---NewYard","bindingPath":{"path":"","propertyPath":"/PLANT","modelName":"NewYardModel"},"interaction":{"idSuffix":"inner"}},"wdio_ui5_key":"etmportal.ui.manageyards.view.Newsap.m.Input{\"path\":\"\",\"propertyPath\":\"/PLANT\",\"modelName\":\"NewYardModel\"}"}]}
RESULT: undefined
COMMAND: POST /session/5a404f73187a01115305a03f2137b0ec/execute/async - {"script":"<script> [776 bytes]","args":[{"enterText":"1001","selector":{"controlType":"sap.m.Input","viewName":"etm.portal.ui.manageyards.view.New","viewId":"application-manageyards-display-component---NewYard","bindingPath":{"path":"","propertyPath":"/PLANT","modelName":"NewYardModel"},"interaction":{"idSuffix":"inner"}},"clearTextFirst":true,"interactionType":"ENTER_TEXT"}]}
RESULT: {"script":"<script> [776 bytes]","args":[{"enterText":"1001","selector":{"controlType":"sap.m.Input","viewName":"etm.portal.ui.manageyards.view.New","viewId":"application-manageyards-display-component---NewYard","bindingPath":{"path":"","propertyPath":"/PLANT","modelName":"NewYardModel"},"interaction":{"idSuffix":"inner"}},"clearTextFirst":true,"interactionType":"ENTER_TEXT"}]}
COMMAND: POST /session/5a404f73187a01115305a03f2137b0ec/execute/async - {"script":"<script> [1562 bytes]","args":[{"selector":{"controlType":"sap.m.Input","viewName":"etm.portal.ui.manageyards.view.New","viewId":"application-manageyards-display-component---NewYard","bindingPath":{"path":"","propertyPath":"/SALES_AREA_VKORG","modelName":"NewYardModel"},"interaction":{"idSuffix":"inner"}},"wdio_ui5_key":"etmportal.ui.manageyards.view.Newsap.m.Input{\"path\":\"\",\"propertyPath\":\"/SALES_AREA_VKORG\",\"modelName\":\"NewYardModel\"}"}]}
RESULT: {"script":"<script> [1562 bytes]","args":[{"selector":{"controlType":"sap.m.Input","viewName":"etm.portal.ui.manageyards.view.New","viewId":"application-manageyards-display-component---NewYard","bindingPath":{"path":"","propertyPath":"/SALES_AREA_VKORG","modelName":"NewYardModel"},"interaction":{"idSuffix":"inner"}},"wdio_ui5_key":"etmportal.ui.manageyards.view.Newsap.m.Input{\"path\":\"\",\"propertyPath\":\"/SALES_AREA_VKORG\",\"modelName\":\"NewYardModel\"}"}]}
RESULT: undefined
COMMAND: POST /session/5a404f73187a01115305a03f2137b0ec/execute/async - {"script":"<script> [776 bytes]","args":[{"enterText":"C002","selector":{"controlType":"sap.m.Input","viewName":"etm.portal.ui.manageyards.view.New","viewId":"application-manageyards-display-component---NewYard","bindingPath":{"path":"","propertyPath":"/SALES_AREA_VKORG","modelName":"NewYardModel"},"interaction":{"idSuffix":"inner"}},"clearTextFirst":true,"interactionType":"ENTER_TEXT"}]}
RESULT: {"script":"<script> [776 bytes]","args":[{"enterText":"C002","selector":{"controlType":"sap.m.Input","viewName":"etm.portal.ui.manageyards.view.New","viewId":"application-manageyards-display-component---NewYard","bindingPath":{"path":"","propertyPath":"/SALES_AREA_VKORG","modelName":"NewYardModel"},"interaction":{"idSuffix":"inner"}},"clearTextFirst":true,"interactionType":"ENTER_TEXT"}]}
COMMAND: POST /session/5a404f73187a01115305a03f2137b0ec/execute/async - {"script":"<script> [1562 bytes]","args":[{"selector":{"controlType":"sap.m.Input","viewName":"etm.portal.ui.manageyards.view.New","viewId":"application-manageyards-display-component---NewYard","bindingPath":{"path":"","propertyPath":"/SALES_AREA_VTWEG","modelName":"NewYardModel"},"interaction":{"idSuffix":"inner"}},"wdio_ui5_key":"etmportal.ui.manageyards.view.Newsap.m.Input{\"path\":\"\",\"propertyPath\":\"/SALES_AREA_VTWEG\",\"modelName\":\"NewYardModel\"}"}]}
RESULT: {"script":"<script> [1562 bytes]","args":[{"selector":{"controlType":"sap.m.Input","viewName":"etm.portal.ui.manageyards.view.New","viewId":"application-manageyards-display-component---NewYard","bindingPath":{"path":"","propertyPath":"/SALES_AREA_VTWEG","modelName":"NewYardModel"},"interaction":{"idSuffix":"inner"}},"wdio_ui5_key":"etmportal.ui.manageyards.view.Newsap.m.Input{\"path\":\"\",\"propertyPath\":\"/SALES_AREA_VTWEG\",\"modelName\":\"NewYardModel\"}"}]}
RESULT: undefined
COMMAND: POST /session/5a404f73187a01115305a03f2137b0ec/execute/async - {"script":"<script> [776 bytes]","args":[{"enterText":"C2","selector":{"controlType":"sap.m.Input","viewName":"etm.portal.ui.manageyards.view.New","viewId":"application-manageyards-display-component---NewYard","bindingPath":{"path":"","propertyPath":"/SALES_AREA_VTWEG","modelName":"NewYardModel"},"interaction":{"idSuffix":"inner"}},"clearTextFirst":true,"interactionType":"ENTER_TEXT"}]}
RESULT: {"script":"<script> [776 bytes]","args":[{"enterText":"C2","selector":{"controlType":"sap.m.Input","viewName":"etm.portal.ui.manageyards.view.New","viewId":"application-manageyards-display-component---NewYard","bindingPath":{"path":"","propertyPath":"/SALES_AREA_VTWEG","modelName":"NewYardModel"},"interaction":{"idSuffix":"inner"}},"clearTextFirst":true,"interactionType":"ENTER_TEXT"}]}
COMMAND: POST /session/5a404f73187a01115305a03f2137b0ec/execute/async - {"script":"<script> [1562 bytes]","args":[{"selector":{"controlType":"sap.m.Input","viewName":"etm.portal.ui.manageyards.view.New","viewId":"application-manageyards-display-component---NewYard","bindingPath":{"path":"","propertyPath":"/SALES_AREA_SPART","modelName":"NewYardModel"},"interaction":{"idSuffix":"inner"}},"wdio_ui5_key":"etmportal.ui.manageyards.view.Newsap.m.Input{\"path\":\"\",\"propertyPath\":\"/SALES_AREA_SPART\",\"modelName\":\"NewYardModel\"}"}]}
RESULT: {"script":"<script> [1562 bytes]","args":[{"selector":{"controlType":"sap.m.Input","viewName":"etm.portal.ui.manageyards.view.New","viewId":"application-manageyards-display-component---NewYard","bindingPath":{"path":"","propertyPath":"/SALES_AREA_SPART","modelName":"NewYardModel"},"interaction":{"idSuffix":"inner"}},"wdio_ui5_key":"etmportal.ui.manageyards.view.Newsap.m.Input{\"path\":\"\",\"propertyPath\":\"/SALES_AREA_SPART\",\"modelName\":\"NewYardModel\"}"}]}
RESULT: undefined
COMMAND: POST /session/5a404f73187a01115305a03f2137b0ec/execute/async - {"script":"<script> [776 bytes]","args":[{"enterText":"C2","selector":{"controlType":"sap.m.Input","viewName":"etm.portal.ui.manageyards.view.New","viewId":"application-manageyards-display-component---NewYard","bindingPath":{"path":"","propertyPath":"/SALES_AREA_SPART","modelName":"NewYardModel"},"interaction":{"idSuffix":"inner"}},"clearTextFirst":true,"interactionType":"ENTER_TEXT"}]}
RESULT: {"script":"<script> [776 bytes]","args":[{"enterText":"C2","selector":{"controlType":"sap.m.Input","viewName":"etm.portal.ui.manageyards.view.New","viewId":"application-manageyards-display-component---NewYard","bindingPath":{"path":"","propertyPath":"/SALES_AREA_SPART","modelName":"NewYardModel"},"interaction":{"idSuffix":"inner"}},"clearTextFirst":true,"interactionType":"ENTER_TEXT"}]}
COMMAND: POST /session/5a404f73187a01115305a03f2137b0ec/execute/async - {"script":"<script> [1562 bytes]","args":[{"selector":{"controlType":"sap.m.Input","viewName":"etm.portal.ui.manageyards.view.New","viewId":"application-manageyards-display-component---NewYard","bindingPath":{"path":"","propertyPath":"/SHIP_POINT","modelName":"NewYardModel"},"interaction":{"idSuffix":"inner"}},"wdio_ui5_key":"etmportal.ui.manageyards.view.Newsap.m.Input{\"path\":\"\",\"propertyPath\":\"/SHIP_POINT\",\"modelName\":\"NewYardModel\"}"}]}
RESULT: {"script":"<script> [1562 bytes]","args":[{"selector":{"controlType":"sap.m.Input","viewName":"etm.portal.ui.manageyards.view.New","viewId":"application-manageyards-display-component---NewYard","bindingPath":{"path":"","propertyPath":"/SHIP_POINT","modelName":"NewYardModel"},"interaction":{"idSuffix":"inner"}},"wdio_ui5_key":"etmportal.ui.manageyards.view.Newsap.m.Input{\"path\":\"\",\"propertyPath\":\"/SHIP_POINT\",\"modelName\":\"NewYardModel\"}"}]}
RESULT: undefined
COMMAND: POST /session/5a404f73187a01115305a03f2137b0ec/execute/async - {"script":"<script> [776 bytes]","args":[{"enterText":"1710","selector":{"controlType":"sap.m.Input","viewName":"etm.portal.ui.manageyards.view.New","viewId":"application-manageyards-display-component---NewYard","bindingPath":{"path":"","propertyPath":"/SHIP_POINT","modelName":"NewYardModel"},"interaction":{"idSuffix":"inner"}},"clearTextFirst":true,"interactionType":"ENTER_TEXT"}]}
RESULT: {"script":"<script> [776 bytes]","args":[{"enterText":"1710","selector":{"controlType":"sap.m.Input","viewName":"etm.portal.ui.manageyards.view.New","viewId":"application-manageyards-display-component---NewYard","bindingPath":{"path":"","propertyPath":"/SHIP_POINT","modelName":"NewYardModel"},"interaction":{"idSuffix":"inner"}},"clearTextFirst":true,"interactionType":"ENTER_TEXT"}]}
COMMAND: POST /session/5a404f73187a01115305a03f2137b0ec/execute/async - {"script":"<script> [1562 bytes]","args":[{"selector":{"controlType":"sap.m.Input","viewName":"etm.portal.ui.manageyards.view.New","viewId":"application-manageyards-display-component---NewYard","bindingPath":{"path":"","propertyPath":"/DELIVERY_TYPE","modelName":"NewYardModel"},"interaction":{"idSuffix":"inner"}},"wdio_ui5_key":"etmportal.ui.manageyards.view.Newsap.m.Input{\"path\":\"\",\"propertyPath\":\"/DELIVERY_TYPE\",\"modelName\":\"NewYardModel\"}"}]}
RESULT: {"script":"<script> [1562 bytes]","args":[{"selector":{"controlType":"sap.m.Input","viewName":"etm.portal.ui.manageyards.view.New","viewId":"application-manageyards-display-component---NewYard","bindingPath":{"path":"","propertyPath":"/DELIVERY_TYPE","modelName":"NewYardModel"},"interaction":{"idSuffix":"inner"}},"wdio_ui5_key":"etmportal.ui.manageyards.view.Newsap.m.Input{\"path\":\"\",\"propertyPath\":\"/DELIVERY_TYPE\",\"modelName\":\"NewYardModel\"}"}]}
RESULT: undefined
COMMAND: POST /session/5a404f73187a01115305a03f2137b0ec/execute/async - {"script":"<script> [776 bytes]","args":[{"enterText":"ZL01","selector":{"controlType":"sap.m.Input","viewName":"etm.portal.ui.manageyards.view.New","viewId":"application-manageyards-display-component---NewYard","bindingPath":{"path":"","propertyPath":"/DELIVERY_TYPE","modelName":"NewYardModel"},"interaction":{"idSuffix":"inner"}},"clearTextFirst":true,"interactionType":"ENTER_TEXT"}]}
RESULT: {"script":"<script> [776 bytes]","args":[{"enterText":"ZL01","selector":{"controlType":"sap.m.Input","viewName":"etm.portal.ui.manageyards.view.New","viewId":"application-manageyards-display-component---NewYard","bindingPath":{"path":"","propertyPath":"/DELIVERY_TYPE","modelName":"NewYardModel"},"interaction":{"idSuffix":"inner"}},"clearTextFirst":true,"interactionType":"ENTER_TEXT"}]}
COMMAND: POST /session/5a404f73187a01115305a03f2137b0ec/execute/async - {"script":"<script> [1562 bytes]","args":[{"selector":{"controlType":"sap.m.Input","viewName":"etm.portal.ui.manageyards.view.New","viewId":"application-manageyards-display-component---NewYard","bindingPath":{"path":"","propertyPath":"/AUART","modelName":"NewYardModel"},"interaction":{"idSuffix":"inner"}},"wdio_ui5_key":"etmportal.ui.manageyards.view.Newsap.m.Input{\"path\":\"\",\"propertyPath\":\"/AUART\",\"modelName\":\"NewYardModel\"}"}]}
RESULT: {"script":"<script> [1562 bytes]","args":[{"selector":{"controlType":"sap.m.Input","viewName":"etm.portal.ui.manageyards.view.New","viewId":"application-manageyards-display-component---NewYard","bindingPath":{"path":"","propertyPath":"/AUART","modelName":"NewYardModel"},"interaction":{"idSuffix":"inner"}},"wdio_ui5_key":"etmportal.ui.manageyards.view.Newsap.m.Input{\"path\":\"\",\"propertyPath\":\"/AUART\",\"modelName\":\"NewYardModel\"}"}]}
RESULT: undefined
COMMAND: POST /session/5a404f73187a01115305a03f2137b0ec/execute/async - {"script":"<script> [776 bytes]","args":[{"enterText":"TA","selector":{"controlType":"sap.m.Input","viewName":"etm.portal.ui.manageyards.view.New","viewId":"application-manageyards-display-component---NewYard","bindingPath":{"path":"","propertyPath":"/AUART","modelName":"NewYardModel"},"interaction":{"idSuffix":"inner"}},"clearTextFirst":true,"interactionType":"ENTER_TEXT"}]}
RESULT: {"script":"<script> [776 bytes]","args":[{"enterText":"TA","selector":{"controlType":"sap.m.Input","viewName":"etm.portal.ui.manageyards.view.New","viewId":"application-manageyards-display-component---NewYard","bindingPath":{"path":"","propertyPath":"/AUART","modelName":"NewYardModel"},"interaction":{"idSuffix":"inner"}},"clearTextFirst":true,"interactionType":"ENTER_TEXT"}]}
COMMAND: POST /session/5a404f73187a01115305a03f2137b0ec/element - {"using":"xpath","value":"//button[@data-kt=\"newYardSaveButton\"]"}
RESULT: {"using":"xpath","value":"//button[@data-kt=\"newYardSaveButton\"]"}
COMMAND: POST /session/5a404f73187a01115305a03f2137b0ec/element/f.D0531791EE27D9F39EBFF32D62FB2301.d.36871290C67D302F182689BC2DFA5D9B.e.9427/click - {}
RESULT: {}
COMMAND: GET /session/5a404f73187a01115305a03f2137b0ec/screenshot - {}
RESULT: {}
COMMAND: POST /session/5a404f73187a01115305a03f2137b0ec/element - {"using":"xpath","value":"//header[contains(@id, 'ObjectPageLayout-headerTitle')]/div[1]/div[2]/div[1]/span[1]"}
RESULT: {"using":"xpath","value":"//header[contains(@id, 'ObjectPageLayout-headerTitle')]/div[1]/div[2]/div[1]/span[1]"}
COMMAND: POST /session/5a404f73187a01115305a03f2137b0ec/elements - {"using":"xpath","value":"//header[contains(@id, 'ObjectPageLayout-headerTitle')]/div[1]/div[2]/div[1]/span[1]"}
RESULT: {"using":"xpath","value":"//header[contains(@id, 'ObjectPageLayout-headerTitle')]/div[1]/div[2]/div[1]/span[1]"}
COMMAND: POST /session/5a404f73187a01115305a03f2137b0ec/execute/sync - {"script":"<script> [56 bytes]","args":[{"element-6066-11e4-a52e-4f735466cecf":"f.D0531791EE27D9F39EBFF32D62FB2301.d.36871290C67D302F182689BC2DFA5D9B.e.9770","ELEMENT":"f.D0531791EE27D9F39EBFF32D62FB2301.d.36871290C67D302F182689BC2DFA5D9B.e.9770"}]}
RESULT: {"script":"<script> [56 bytes]","args":[{"element-6066-11e4-a52e-4f735466cecf":"f.D0531791EE27D9F39EBFF32D62FB2301.d.36871290C67D302F182689BC2DFA5D9B.e.9770","ELEMENT":"f.D0531791EE27D9F39EBFF32D62FB2301.d.36871290C67D302F182689BC2DFA5D9B.e.9770"}]}
COMMAND: GET /session/5a404f73187a01115305a03f2137b0ec/screenshot - {}
RESULT: {}
COMMAND: POST /session/5a404f73187a01115305a03f2137b0ec/element - {"using":"css selector","value":"#shell-header-logo"}
RESULT: {"using":"css selector","value":"#shell-header-logo"}
COMMAND: POST /session/5a404f73187a01115305a03f2137b0ec/element/f.D0531791EE27D9F39EBFF32D62FB2301.d.36871290C67D302F182689BC2DFA5D9B.e.9010/click - {}
RESULT: {}
COMMAND: GET /session/5a404f73187a01115305a03f2137b0ec/screenshot - {}
RESULT: {}
COMMAND: POST /session/5a404f73187a01115305a03f2137b0ec/execute/sync - {"script":"<script> [299 bytes]","args":[["getModel","getResource"]]}
RESULT: {"script":"<script> [299 bytes]","args":[["getModel","getResource"]]}
]]></system-out>
    </testcase>
    <testcase classname="chrome.136_0_7103_49.windows.Create_partner_US118246" name="Should create new external partner" time="91.698">
      <system-out><![CDATA[
COMMAND: GET /session/5a404f73187a01115305a03f2137b0ec/screenshot - {}
COMMAND: POST /session/5a404f73187a01115305a03f2137b0ec/window/fullscreen - {}
RESULT: {}
RESULT: {}
COMMAND: POST /session/5a404f73187a01115305a03f2137b0ec/execute/async - {"script":"<script> [1562 bytes]","args":[{"selector":{"controlType":"sap.m.GenericTile","properties":{"header":"Manage Partners"}},"wdio_ui5_key":"sapm.GenericTile{\"header\":\"Manage Partners\"}"}]}
RESULT: {"script":"<script> [1562 bytes]","args":[{"selector":{"controlType":"sap.m.GenericTile","properties":{"header":"Manage Partners"}},"wdio_ui5_key":"sapm.GenericTile{\"header\":\"Manage Partners\"}"}]}
RESULT: undefined
COMMAND: POST /session/5a404f73187a01115305a03f2137b0ec/element - {"using":"xpath","value":"//*[@id=\"__tile38\"]"}
RESULT: {"using":"xpath","value":"//*[@id=\"__tile38\"]"}
COMMAND: POST /session/5a404f73187a01115305a03f2137b0ec/element/f.D0531791EE27D9F39EBFF32D62FB2301.d.36871290C67D302F182689BC2DFA5D9B.e.8900/click - {}
RESULT: {}
COMMAND: GET /session/5a404f73187a01115305a03f2137b0ec/screenshot - {}
RESULT: {}
COMMAND: POST /session/5a404f73187a01115305a03f2137b0ec/elements - {"using":"xpath","value":"//span[text()='Error']"}
RESULT: {"using":"xpath","value":"//span[text()='Error']"}
COMMAND: POST /session/5a404f73187a01115305a03f2137b0ec/element - {"using":"xpath","value":"//button[@data-kt=\"addButton\"]"}
RESULT: {"using":"xpath","value":"//button[@data-kt=\"addButton\"]"}
COMMAND: POST /session/5a404f73187a01115305a03f2137b0ec/elements - {"using":"xpath","value":"//button[@data-kt=\"addButton\"]"}
RESULT: {"using":"xpath","value":"//button[@data-kt=\"addButton\"]"}
COMMAND: POST /session/5a404f73187a01115305a03f2137b0ec/execute/sync - {"script":"<script> [8489 bytes]","args":[{"element-6066-11e4-a52e-4f735466cecf":"f.D0531791EE27D9F39EBFF32D62FB2301.d.36871290C67D302F182689BC2DFA5D9B.e.9817","ELEMENT":"f.D0531791EE27D9F39EBFF32D62FB2301.d.36871290C67D302F182689BC2DFA5D9B.e.9817"}]}
RESULT: {"script":"<script> [8489 bytes]","args":[{"element-6066-11e4-a52e-4f735466cecf":"f.D0531791EE27D9F39EBFF32D62FB2301.d.36871290C67D302F182689BC2DFA5D9B.e.9817","ELEMENT":"f.D0531791EE27D9F39EBFF32D62FB2301.d.36871290C67D302F182689BC2DFA5D9B.e.9817"}]}
COMMAND: GET /session/5a404f73187a01115305a03f2137b0ec/element/f.D0531791EE27D9F39EBFF32D62FB2301.d.36871290C67D302F182689BC2DFA5D9B.e.9817/enabled - {}
COMMAND: GET /session/5a404f73187a01115305a03f2137b0ec/screenshot - {}
RESULT: {}
COMMAND: POST /session/5a404f73187a01115305a03f2137b0ec/execute/sync - {"script":"<script> [8489 bytes]","args":[{"element-6066-11e4-a52e-4f735466cecf":"f.D0531791EE27D9F39EBFF32D62FB2301.d.36871290C67D302F182689BC2DFA5D9B.e.9817","ELEMENT":"f.D0531791EE27D9F39EBFF32D62FB2301.d.36871290C67D302F182689BC2DFA5D9B.e.9817"}]}
COMMAND: GET /session/5a404f73187a01115305a03f2137b0ec/screenshot - {}
RESULT: {}
RESULT: {"script":"<script> [8489 bytes]","args":[{"element-6066-11e4-a52e-4f735466cecf":"f.D0531791EE27D9F39EBFF32D62FB2301.d.36871290C67D302F182689BC2DFA5D9B.e.9817","ELEMENT":"f.D0531791EE27D9F39EBFF32D62FB2301.d.36871290C67D302F182689BC2DFA5D9B.e.9817"}]}
COMMAND: POST /session/5a404f73187a01115305a03f2137b0ec/execute/sync - {"script":"<script> [5351 bytes]","args":[{"element-6066-11e4-a52e-4f735466cecf":"f.D0531791EE27D9F39EBFF32D62FB2301.d.36871290C67D302F182689BC2DFA5D9B.e.9817","ELEMENT":"f.D0531791EE27D9F39EBFF32D62FB2301.d.36871290C67D302F182689BC2DFA5D9B.e.9817"}]}
COMMAND: GET /session/5a404f73187a01115305a03f2137b0ec/screenshot - {}
RESULT: {}
RESULT: {"script":"<script> [5351 bytes]","args":[{"element-6066-11e4-a52e-4f735466cecf":"f.D0531791EE27D9F39EBFF32D62FB2301.d.36871290C67D302F182689BC2DFA5D9B.e.9817","ELEMENT":"f.D0531791EE27D9F39EBFF32D62FB2301.d.36871290C67D302F182689BC2DFA5D9B.e.9817"}]}
COMMAND: POST /session/5a404f73187a01115305a03f2137b0ec/element/f.D0531791EE27D9F39EBFF32D62FB2301.d.36871290C67D302F182689BC2DFA5D9B.e.9817/click - {}
COMMAND: GET /session/5a404f73187a01115305a03f2137b0ec/screenshot - {}
RESULT: {}
RESULT: {}
COMMAND: GET /session/5a404f73187a01115305a03f2137b0ec/screenshot - {}
RESULT: {}
COMMAND: POST /session/5a404f73187a01115305a03f2137b0ec/execute/async - {"script":"<script> [1562 bytes]","args":[{"selector":{"id":"application-managepartners-display-component---NewPartner--addressDetailDetailsName1","interaction":{"idSuffix":"inner"}},"wdio_ui5_key":"applicationmanagepartners-display-component---NewPartner--addressDetailDetailsName1"}]}
RESULT: {}
RESULT: {"script":"<script> [1562 bytes]","args":[{"selector":{"id":"application-managepartners-display-component---NewPartner--addressDetailDetailsName1","interaction":{"idSuffix":"inner"}},"wdio_ui5_key":"applicationmanagepartners-display-component---NewPartner--addressDetailDetailsName1"}]}
RESULT: undefined
COMMAND: POST /session/5a404f73187a01115305a03f2137b0ec/execute/async - {"script":"<script> [776 bytes]","args":[{"enterText":"External Partner WDIO","selector":{"id":"application-managepartners-display-component---NewPartner--addressDetailDetailsName1","interaction":{"idSuffix":"inner"}},"clearTextFirst":true,"interactionType":"ENTER_TEXT"}]}
RESULT: {"script":"<script> [776 bytes]","args":[{"enterText":"External Partner WDIO","selector":{"id":"application-managepartners-display-component---NewPartner--addressDetailDetailsName1","interaction":{"idSuffix":"inner"}},"clearTextFirst":true,"interactionType":"ENTER_TEXT"}]}
COMMAND: POST /session/5a404f73187a01115305a03f2137b0ec/execute/async - {"script":"<script> [1562 bytes]","args":[{"selector":{"id":"application-managepartners-display-component---NewPartner--addressDetailDetailsLanguage-arrow"},"wdio_ui5_key":"applicationmanagepartners-display-component---NewPartner--addressDetailDetailsLanguage-arrow"}]}
RESULT: {"script":"<script> [1562 bytes]","args":[{"selector":{"id":"application-managepartners-display-component---NewPartner--addressDetailDetailsLanguage-arrow"},"wdio_ui5_key":"applicationmanagepartners-display-component---NewPartner--addressDetailDetailsLanguage-arrow"}]}
RESULT: undefined
COMMAND: POST /session/5a404f73187a01115305a03f2137b0ec/element - {"using":"xpath","value":"//*[@id=\"application-managepartners-display-component---NewPartner--addressDetailDetailsLanguage-arrow\"]"}
RESULT: {"using":"xpath","value":"//*[@id=\"application-managepartners-display-component---NewPartner--addressDetailDetailsLanguage-arrow\"]"}
COMMAND: POST /session/5a404f73187a01115305a03f2137b0ec/element/f.D0531791EE27D9F39EBFF32D62FB2301.d.36871290C67D302F182689BC2DFA5D9B.e.10253/click - {}
RESULT: {}
COMMAND: POST /session/5a404f73187a01115305a03f2137b0ec/element - {"using":"xpath","value":"//span[contains(text(), \"English\")]"}
COMMAND: GET /session/5a404f73187a01115305a03f2137b0ec/screenshot - {}
RESULT: {"using":"xpath","value":"//span[contains(text(), \"English\")]"}
COMMAND: POST /session/5a404f73187a01115305a03f2137b0ec/element/f.D0531791EE27D9F39EBFF32D62FB2301.d.36871290C67D302F182689BC2DFA5D9B.e.10254/click - {}
RESULT: {}
RESULT: {}
COMMAND: GET /session/5a404f73187a01115305a03f2137b0ec/screenshot - {}
RESULT: {}
COMMAND: POST /session/5a404f73187a01115305a03f2137b0ec/execute/async - {"script":"<script> [1562 bytes]","args":[{"selector":{"id":"application-managepartners-display-component---NewPartner--addressDetailDetailsCity1","interaction":{"idSuffix":"inner"}},"wdio_ui5_key":"applicationmanagepartners-display-component---NewPartner--addressDetailDetailsCity1"}]}
RESULT: {"script":"<script> [1562 bytes]","args":[{"selector":{"id":"application-managepartners-display-component---NewPartner--addressDetailDetailsCity1","interaction":{"idSuffix":"inner"}},"wdio_ui5_key":"applicationmanagepartners-display-component---NewPartner--addressDetailDetailsCity1"}]}
RESULT: undefined
COMMAND: POST /session/5a404f73187a01115305a03f2137b0ec/execute/async - {"script":"<script> [776 bytes]","args":[{"enterText":"Rosario","selector":{"id":"application-managepartners-display-component---NewPartner--addressDetailDetailsCity1","interaction":{"idSuffix":"inner"}},"clearTextFirst":true,"interactionType":"ENTER_TEXT"}]}
RESULT: {"script":"<script> [776 bytes]","args":[{"enterText":"Rosario","selector":{"id":"application-managepartners-display-component---NewPartner--addressDetailDetailsCity1","interaction":{"idSuffix":"inner"}},"clearTextFirst":true,"interactionType":"ENTER_TEXT"}]}
COMMAND: POST /session/5a404f73187a01115305a03f2137b0ec/execute/async - {"script":"<script> [1562 bytes]","args":[{"selector":{"id":"application-managepartners-display-component---NewPartner--addressDetailDetailsCountry-arrow"},"wdio_ui5_key":"applicationmanagepartners-display-component---NewPartner--addressDetailDetailsCountry-arrow"}]}
RESULT: {"script":"<script> [1562 bytes]","args":[{"selector":{"id":"application-managepartners-display-component---NewPartner--addressDetailDetailsCountry-arrow"},"wdio_ui5_key":"applicationmanagepartners-display-component---NewPartner--addressDetailDetailsCountry-arrow"}]}
RESULT: undefined
COMMAND: POST /session/5a404f73187a01115305a03f2137b0ec/element - {"using":"xpath","value":"//*[@id=\"application-managepartners-display-component---NewPartner--addressDetailDetailsCountry-arrow\"]"}
RESULT: {"using":"xpath","value":"//*[@id=\"application-managepartners-display-component---NewPartner--addressDetailDetailsCountry-arrow\"]"}
COMMAND: POST /session/5a404f73187a01115305a03f2137b0ec/element/f.D0531791EE27D9F39EBFF32D62FB2301.d.36871290C67D302F182689BC2DFA5D9B.e.10220/click - {}
RESULT: {}
COMMAND: POST /session/5a404f73187a01115305a03f2137b0ec/element - {"using":"xpath","value":"//span[contains(text(), \"Argentina\")]"}
COMMAND: GET /session/5a404f73187a01115305a03f2137b0ec/screenshot - {}
RESULT: {"using":"xpath","value":"//span[contains(text(), \"Argentina\")]"}
COMMAND: POST /session/5a404f73187a01115305a03f2137b0ec/element/f.D0531791EE27D9F39EBFF32D62FB2301.d.36871290C67D302F182689BC2DFA5D9B.e.10256/click - {}
RESULT: {}
RESULT: {}
COMMAND: GET /session/5a404f73187a01115305a03f2137b0ec/screenshot - {}
RESULT: {}
COMMAND: POST /session/5a404f73187a01115305a03f2137b0ec/element - {"using":"xpath","value":"//bdi[contains(text(), \"Commercial\")]"}
RESULT: {"using":"xpath","value":"//bdi[contains(text(), \"Commercial\")]"}
COMMAND: POST /session/5a404f73187a01115305a03f2137b0ec/element/f.D0531791EE27D9F39EBFF32D62FB2301.d.36871290C67D302F182689BC2DFA5D9B.e.10257/click - {}
RESULT: {}
COMMAND: GET /session/5a404f73187a01115305a03f2137b0ec/screenshot - {}
RESULT: {}
COMMAND: POST /session/5a404f73187a01115305a03f2137b0ec/execute/async - {"script":"<script> [1562 bytes]","args":[{"selector":{"id":"application-managepartners-display-component---NewPartner--partnerDetailInternal-arrow"},"wdio_ui5_key":"applicationmanagepartners-display-component---NewPartner--partnerDetailInternal-arrow"}]}
RESULT: {"script":"<script> [1562 bytes]","args":[{"selector":{"id":"application-managepartners-display-component---NewPartner--partnerDetailInternal-arrow"},"wdio_ui5_key":"applicationmanagepartners-display-component---NewPartner--partnerDetailInternal-arrow"}]}
RESULT: undefined
COMMAND: POST /session/5a404f73187a01115305a03f2137b0ec/element - {"using":"xpath","value":"//*[@id=\"application-managepartners-display-component---NewPartner--partnerDetailInternal-arrow\"]"}
RESULT: {"using":"xpath","value":"//*[@id=\"application-managepartners-display-component---NewPartner--partnerDetailInternal-arrow\"]"}
COMMAND: POST /session/5a404f73187a01115305a03f2137b0ec/element/f.D0531791EE27D9F39EBFF32D62FB2301.d.36871290C67D302F182689BC2DFA5D9B.e.10262/click - {}
RESULT: {}
COMMAND: POST /session/5a404f73187a01115305a03f2137b0ec/element - {"using":"xpath","value":"//span[contains(text(), \"External partner\")]"}
COMMAND: GET /session/5a404f73187a01115305a03f2137b0ec/screenshot - {}
RESULT: {"using":"xpath","value":"//span[contains(text(), \"External partner\")]"}
COMMAND: POST /session/5a404f73187a01115305a03f2137b0ec/element/f.D0531791EE27D9F39EBFF32D62FB2301.d.36871290C67D302F182689BC2DFA5D9B.e.10265/click - {}
RESULT: {}
RESULT: {}
COMMAND: POST /session/5a404f73187a01115305a03f2137b0ec/execute/async - {"script":"<script> [1562 bytes]","args":[{"selector":{"id":"application-managepartners-display-component---NewPartner--partnerDetailsCurrency-arrow"},"wdio_ui5_key":"applicationmanagepartners-display-component---NewPartner--partnerDetailsCurrency-arrow"}]}
COMMAND: GET /session/5a404f73187a01115305a03f2137b0ec/screenshot - {}
RESULT: {"script":"<script> [1562 bytes]","args":[{"selector":{"id":"application-managepartners-display-component---NewPartner--partnerDetailsCurrency-arrow"},"wdio_ui5_key":"applicationmanagepartners-display-component---NewPartner--partnerDetailsCurrency-arrow"}]}
RESULT: undefined
COMMAND: POST /session/5a404f73187a01115305a03f2137b0ec/element - {"using":"xpath","value":"//*[@id=\"application-managepartners-display-component---NewPartner--partnerDetailsCurrency-arrow\"]"}
RESULT: {}
RESULT: {"using":"xpath","value":"//*[@id=\"application-managepartners-display-component---NewPartner--partnerDetailsCurrency-arrow\"]"}
COMMAND: POST /session/5a404f73187a01115305a03f2137b0ec/element/f.D0531791EE27D9F39EBFF32D62FB2301.d.36871290C67D302F182689BC2DFA5D9B.e.10270/click - {}
RESULT: {}
COMMAND: POST /session/5a404f73187a01115305a03f2137b0ec/element - {"using":"xpath","value":"//span[contains(text(), \"US Dollar\")]"}
COMMAND: GET /session/5a404f73187a01115305a03f2137b0ec/screenshot - {}
RESULT: {"using":"xpath","value":"//span[contains(text(), \"US Dollar\")]"}
COMMAND: POST /session/5a404f73187a01115305a03f2137b0ec/element/f.D0531791EE27D9F39EBFF32D62FB2301.d.36871290C67D302F182689BC2DFA5D9B.e.10271/click - {}
RESULT: {}
RESULT: {}
COMMAND: GET /session/5a404f73187a01115305a03f2137b0ec/screenshot - {}
RESULT: {}
COMMAND: POST /session/5a404f73187a01115305a03f2137b0ec/element - {"using":"xpath","value":"//input[@id=\"application-managepartners-display-component---NewPartner--companyCodeComboBox-inner\"]"}
RESULT: {"using":"xpath","value":"//input[@id=\"application-managepartners-display-component---NewPartner--companyCodeComboBox-inner\"]"}
COMMAND: POST /session/5a404f73187a01115305a03f2137b0ec/element/f.D0531791EE27D9F39EBFF32D62FB2301.d.36871290C67D302F182689BC2DFA5D9B.e.10080/clear - {}
RESULT: {}
COMMAND: POST /session/5a404f73187a01115305a03f2137b0ec/element/f.D0531791EE27D9F39EBFF32D62FB2301.d.36871290C67D302F182689BC2DFA5D9B.e.10080/value - {"text":"C002"}
COMMAND: GET /session/5a404f73187a01115305a03f2137b0ec/screenshot - {}
RESULT: {"text":"C002"}
COMMAND: GET /session/5a404f73187a01115305a03f2137b0ec/screenshot - {}
RESULT: {}
RESULT: {}
COMMAND: POST /session/5a404f73187a01115305a03f2137b0ec/element - {"using":"xpath","value":"//li[.//span[text()= \"C002\"]]"}
RESULT: {"using":"xpath","value":"//li[.//span[text()= \"C002\"]]"}
COMMAND: POST /session/5a404f73187a01115305a03f2137b0ec/element/f.D0531791EE27D9F39EBFF32D62FB2301.d.36871290C67D302F182689BC2DFA5D9B.e.10275/click - {}
RESULT: {}
COMMAND: GET /session/5a404f73187a01115305a03f2137b0ec/screenshot - {}
RESULT: {}
COMMAND: POST /session/5a404f73187a01115305a03f2137b0ec/execute/async - {"script":"<script> [1562 bytes]","args":[{"selector":{"id":"application-managepartners-display-component---NewPartner--btnAddTableRow-img"},"wdio_ui5_key":"applicationmanagepartners-display-component---NewPartner--btnAddTableRow-img"}]}
RESULT: {"script":"<script> [1562 bytes]","args":[{"selector":{"id":"application-managepartners-display-component---NewPartner--btnAddTableRow-img"},"wdio_ui5_key":"applicationmanagepartners-display-component---NewPartner--btnAddTableRow-img"}]}
RESULT: undefined
COMMAND: POST /session/5a404f73187a01115305a03f2137b0ec/element - {"using":"xpath","value":"//*[@id=\"application-managepartners-display-component---NewPartner--btnAddTableRow-img\"]"}
RESULT: {"using":"xpath","value":"//*[@id=\"application-managepartners-display-component---NewPartner--btnAddTableRow-img\"]"}
COMMAND: POST /session/5a404f73187a01115305a03f2137b0ec/element/f.D0531791EE27D9F39EBFF32D62FB2301.d.36871290C67D302F182689BC2DFA5D9B.e.10276/click - {}
RESULT: {}
COMMAND: GET /session/5a404f73187a01115305a03f2137b0ec/screenshot - {}
RESULT: {}
COMMAND: POST /session/5a404f73187a01115305a03f2137b0ec/element - {"using":"xpath","value":"//input[@id=\"application-managepartners-display-component---NewPartner--assignmentYard-application-managepartners-display-component---NewPartner--assignmentsTable-0-inner\"]"}
RESULT: {"using":"xpath","value":"//input[@id=\"application-managepartners-display-component---NewPartner--assignmentYard-application-managepartners-display-component---NewPartner--assignmentsTable-0-inner\"]"}
COMMAND: POST /session/5a404f73187a01115305a03f2137b0ec/element/f.D0531791EE27D9F39EBFF32D62FB2301.d.36871290C67D302F182689BC2DFA5D9B.e.10279/clear - {}
RESULT: {}
COMMAND: POST /session/5a404f73187a01115305a03f2137b0ec/element/f.D0531791EE27D9F39EBFF32D62FB2301.d.36871290C67D302F182689BC2DFA5D9B.e.10279/value - {"text":"371"}
COMMAND: GET /session/5a404f73187a01115305a03f2137b0ec/screenshot - {}
RESULT: {"text":"371"}
COMMAND: GET /session/5a404f73187a01115305a03f2137b0ec/screenshot - {}
RESULT: {}
RESULT: {}
COMMAND: POST /session/5a404f73187a01115305a03f2137b0ec/element - {"using":"xpath","value":"//li[.//span[text()='371']]"}
RESULT: {"using":"xpath","value":"//li[.//span[text()='371']]"}
COMMAND: POST /session/5a404f73187a01115305a03f2137b0ec/element/f.D0531791EE27D9F39EBFF32D62FB2301.d.36871290C67D302F182689BC2DFA5D9B.e.10286/click - {}
RESULT: {}
COMMAND: GET /session/5a404f73187a01115305a03f2137b0ec/screenshot - {}
RESULT: {}
COMMAND: POST /session/5a404f73187a01115305a03f2137b0ec/actions - {"actions":[{"id":"action26","type":"key","parameters":{},"actions":[{"type":"keyDown","value":"î€‡"},{"type":"pause","duration":10},{"type":"keyUp","value":"î€‡"}]}]}
RESULT: {"actions":[{"id":"action26","type":"key","parameters":{},"actions":[{"type":"keyDown","value":"î€‡"},{"type":"pause","duration":10},{"type":"keyUp","value":"î€‡"}]}]}
COMMAND: POST /session/5a404f73187a01115305a03f2137b0ec/element - {"using":"xpath","value":"//td[contains(@id, \"assignmentsTable-0-cell2\")]/div/div"}
COMMAND: GET /session/5a404f73187a01115305a03f2137b0ec/screenshot - {}
RESULT: {"using":"xpath","value":"//td[contains(@id, \"assignmentsTable-0-cell2\")]/div/div"}
COMMAND: POST /session/5a404f73187a01115305a03f2137b0ec/element/f.D0531791EE27D9F39EBFF32D62FB2301.d.36871290C67D302F182689BC2DFA5D9B.e.10289/click - {}
RESULT: {}
RESULT: {}
COMMAND: GET /session/5a404f73187a01115305a03f2137b0ec/screenshot - {}
RESULT: {}
COMMAND: POST /session/5a404f73187a01115305a03f2137b0ec/element - {"using":"xpath","value":"//button[@data-kt=\"saveButton\"]"}
RESULT: {"using":"xpath","value":"//button[@data-kt=\"saveButton\"]"}
COMMAND: POST /session/5a404f73187a01115305a03f2137b0ec/element/f.D0531791EE27D9F39EBFF32D62FB2301.d.36871290C67D302F182689BC2DFA5D9B.e.10161/click - {}
RESULT: {}
COMMAND: GET /session/5a404f73187a01115305a03f2137b0ec/screenshot - {}
RESULT: {}
COMMAND: POST /session/5a404f73187a01115305a03f2137b0ec/element - {"using":"xpath","value":"//header[contains(@id, 'ObjectPageLayout-headerTitle')]/div[1]/div[2]/div[2]/span[1]"}
RESULT: {"using":"xpath","value":"//header[contains(@id, 'ObjectPageLayout-headerTitle')]/div[1]/div[2]/div[2]/span[1]"}
COMMAND: POST /session/5a404f73187a01115305a03f2137b0ec/elements - {"using":"xpath","value":"//header[contains(@id, 'ObjectPageLayout-headerTitle')]/div[1]/div[2]/div[2]/span[1]"}
RESULT: {"using":"xpath","value":"//header[contains(@id, 'ObjectPageLayout-headerTitle')]/div[1]/div[2]/div[2]/span[1]"}
COMMAND: POST /session/5a404f73187a01115305a03f2137b0ec/execute/sync - {"script":"<script> [56 bytes]","args":[{"element-6066-11e4-a52e-4f735466cecf":"f.D0531791EE27D9F39EBFF32D62FB2301.d.36871290C67D302F182689BC2DFA5D9B.e.10453","ELEMENT":"f.D0531791EE27D9F39EBFF32D62FB2301.d.36871290C67D302F182689BC2DFA5D9B.e.10453"}]}
RESULT: {"script":"<script> [56 bytes]","args":[{"element-6066-11e4-a52e-4f735466cecf":"f.D0531791EE27D9F39EBFF32D62FB2301.d.36871290C67D302F182689BC2DFA5D9B.e.10453","ELEMENT":"f.D0531791EE27D9F39EBFF32D62FB2301.d.36871290C67D302F182689BC2DFA5D9B.e.10453"}]}
COMMAND: POST /session/5a404f73187a01115305a03f2137b0ec/element - {"using":"css selector","value":"#shell-header-logo"}
COMMAND: GET /session/5a404f73187a01115305a03f2137b0ec/screenshot - {}
RESULT: {"using":"css selector","value":"#shell-header-logo"}
COMMAND: POST /session/5a404f73187a01115305a03f2137b0ec/element/f.D0531791EE27D9F39EBFF32D62FB2301.d.36871290C67D302F182689BC2DFA5D9B.e.9773/click - {}
RESULT: {}
RESULT: {}
COMMAND: GET /session/5a404f73187a01115305a03f2137b0ec/screenshot - {}
RESULT: {}
COMMAND: POST /session/5a404f73187a01115305a03f2137b0ec/execute/sync - {"script":"<script> [299 bytes]","args":[["getModel","getResource"]]}
RESULT: {"script":"<script> [299 bytes]","args":[["getModel","getResource"]]}
]]></system-out>
    </testcase>
    <testcase classname="chrome.136_0_7103_49.windows.Create_partner_US118246" name="Should create a new yard in case create yard failed" time="110.079">
      <system-out><![CDATA[
RESULT: undefined
COMMAND: POST /session/5a404f73187a01115305a03f2137b0ec/element - {"using":"xpath","value":"//*[@id=\"__tile41\"]"}
COMMAND: GET /session/5a404f73187a01115305a03f2137b0ec/screenshot - {}
RESULT: {"using":"xpath","value":"//*[@id=\"__tile41\"]"}
COMMAND: POST /session/5a404f73187a01115305a03f2137b0ec/element/f.D0531791EE27D9F39EBFF32D62FB2301.d.36871290C67D302F182689BC2DFA5D9B.e.8909/click - {}
RESULT: {}
RESULT: {}
COMMAND: GET /session/5a404f73187a01115305a03f2137b0ec/screenshot - {}
RESULT: {}
COMMAND: POST /session/5a404f73187a01115305a03f2137b0ec/elements - {"using":"xpath","value":"//span[text()='Error']"}
RESULT: {"using":"xpath","value":"//span[text()='Error']"}
COMMAND: POST /session/5a404f73187a01115305a03f2137b0ec/element - {"using":"xpath","value":"//button[@data-kt=\"addNewYardOverflowToolbarButton\"]"}
RESULT: {"using":"xpath","value":"//button[@data-kt=\"addNewYardOverflowToolbarButton\"]"}
COMMAND: POST /session/5a404f73187a01115305a03f2137b0ec/elements - {"using":"xpath","value":"//button[@data-kt=\"addNewYardOverflowToolbarButton\"]"}
RESULT: {"using":"xpath","value":"//button[@data-kt=\"addNewYardOverflowToolbarButton\"]"}
COMMAND: POST /session/5a404f73187a01115305a03f2137b0ec/execute/sync - {"script":"<script> [8489 bytes]","args":[{"element-6066-11e4-a52e-4f735466cecf":"f.D0531791EE27D9F39EBFF32D62FB2301.d.36871290C67D302F182689BC2DFA5D9B.e.10495","ELEMENT":"f.D0531791EE27D9F39EBFF32D62FB2301.d.36871290C67D302F182689BC2DFA5D9B.e.10495"}]}
RESULT: {"script":"<script> [8489 bytes]","args":[{"element-6066-11e4-a52e-4f735466cecf":"f.D0531791EE27D9F39EBFF32D62FB2301.d.36871290C67D302F182689BC2DFA5D9B.e.10495","ELEMENT":"f.D0531791EE27D9F39EBFF32D62FB2301.d.36871290C67D302F182689BC2DFA5D9B.e.10495"}]}
COMMAND: GET /session/5a404f73187a01115305a03f2137b0ec/element/f.D0531791EE27D9F39EBFF32D62FB2301.d.36871290C67D302F182689BC2DFA5D9B.e.10495/enabled - {}
COMMAND: GET /session/5a404f73187a01115305a03f2137b0ec/screenshot - {}
RESULT: {}
COMMAND: POST /session/5a404f73187a01115305a03f2137b0ec/execute/sync - {"script":"<script> [8489 bytes]","args":[{"element-6066-11e4-a52e-4f735466cecf":"f.D0531791EE27D9F39EBFF32D62FB2301.d.36871290C67D302F182689BC2DFA5D9B.e.10495","ELEMENT":"f.D0531791EE27D9F39EBFF32D62FB2301.d.36871290C67D302F182689BC2DFA5D9B.e.10495"}]}
COMMAND: GET /session/5a404f73187a01115305a03f2137b0ec/screenshot - {}
RESULT: {}
RESULT: {"script":"<script> [8489 bytes]","args":[{"element-6066-11e4-a52e-4f735466cecf":"f.D0531791EE27D9F39EBFF32D62FB2301.d.36871290C67D302F182689BC2DFA5D9B.e.10495","ELEMENT":"f.D0531791EE27D9F39EBFF32D62FB2301.d.36871290C67D302F182689BC2DFA5D9B.e.10495"}]}
COMMAND: POST /session/5a404f73187a01115305a03f2137b0ec/execute/sync - {"script":"<script> [5351 bytes]","args":[{"element-6066-11e4-a52e-4f735466cecf":"f.D0531791EE27D9F39EBFF32D62FB2301.d.36871290C67D302F182689BC2DFA5D9B.e.10495","ELEMENT":"f.D0531791EE27D9F39EBFF32D62FB2301.d.36871290C67D302F182689BC2DFA5D9B.e.10495"}]}
COMMAND: GET /session/5a404f73187a01115305a03f2137b0ec/screenshot - {}
RESULT: {}
RESULT: {"script":"<script> [5351 bytes]","args":[{"element-6066-11e4-a52e-4f735466cecf":"f.D0531791EE27D9F39EBFF32D62FB2301.d.36871290C67D302F182689BC2DFA5D9B.e.10495","ELEMENT":"f.D0531791EE27D9F39EBFF32D62FB2301.d.36871290C67D302F182689BC2DFA5D9B.e.10495"}]}
COMMAND: POST /session/5a404f73187a01115305a03f2137b0ec/element/f.D0531791EE27D9F39EBFF32D62FB2301.d.36871290C67D302F182689BC2DFA5D9B.e.10495/click - {}
COMMAND: GET /session/5a404f73187a01115305a03f2137b0ec/screenshot - {}
RESULT: {}
RESULT: {}
COMMAND: GET /session/5a404f73187a01115305a03f2137b0ec/screenshot - {}
COMMAND: POST /session/5a404f73187a01115305a03f2137b0ec/element - {"using":"xpath","value":"//input[@id=\"application-manageyards-display-component---NewYard--yardId-inner\"]"}
RESULT: {}
RESULT: {}
RESULT: {"using":"xpath","value":"//input[@id=\"application-manageyards-display-component---NewYard--yardId-inner\"]"}
COMMAND: POST /session/5a404f73187a01115305a03f2137b0ec/element - {"using":"xpath","value":"//input[@id=\"application-manageyards-display-component---NewYard--yardId-inner\"]"}
RESULT: {"using":"xpath","value":"//input[@id=\"application-manageyards-display-component---NewYard--yardId-inner\"]"}
RESULT: undefined
COMMAND: POST /session/5a404f73187a01115305a03f2137b0ec/execute/async - {"script":"<script> [776 bytes]","args":[{"enterText":"Warehouse Managed WDIO","selector":{"id":"application-manageyards-display-component---NewYard--addressDetailDetailsName1","interaction":{"idSuffix":"inner"}},"clearTextFirst":true,"interactionType":"ENTER_TEXT"}]}
RESULT: {"script":"<script> [776 bytes]","args":[{"enterText":"Warehouse Managed WDIO","selector":{"id":"application-manageyards-display-component---NewYard--addressDetailDetailsName1","interaction":{"idSuffix":"inner"}},"clearTextFirst":true,"interactionType":"ENTER_TEXT"}]}
RESULT: undefined
COMMAND: POST /session/5a404f73187a01115305a03f2137b0ec/element - {"using":"xpath","value":"//*[@id=\"application-manageyards-display-component---NewYard--addressDetailDetailsLanguage-arrow\"]"}
RESULT: {"using":"xpath","value":"//*[@id=\"application-manageyards-display-component---NewYard--addressDetailDetailsLanguage-arrow\"]"}
COMMAND: POST /session/5a404f73187a01115305a03f2137b0ec/element/f.D0531791EE27D9F39EBFF32D62FB2301.d.36871290C67D302F182689BC2DFA5D9B.e.11101/click - {}
RESULT: {}
COMMAND: POST /session/5a404f73187a01115305a03f2137b0ec/element - {"using":"xpath","value":"//span[contains(text(), \"English\")]"}
COMMAND: GET /session/5a404f73187a01115305a03f2137b0ec/screenshot - {}
RESULT: {"using":"xpath","value":"//span[contains(text(), \"English\")]"}
COMMAND: POST /session/5a404f73187a01115305a03f2137b0ec/element/f.D0531791EE27D9F39EBFF32D62FB2301.d.36871290C67D302F182689BC2DFA5D9B.e.11102/click - {}
RESULT: {}
RESULT: {}
RESULT: undefined
COMMAND: POST /session/5a404f73187a01115305a03f2137b0ec/execute/async - {"script":"<script> [776 bytes]","args":[{"enterText":"Rosario","selector":{"id":"application-manageyards-display-component---NewYard--addressDetailDetailsCity1","interaction":{"idSuffix":"inner"}},"clearTextFirst":true,"interactionType":"ENTER_TEXT"}]}
COMMAND: GET /session/5a404f73187a01115305a03f2137b0ec/screenshot - {}
RESULT: {"script":"<script> [776 bytes]","args":[{"enterText":"Rosario","selector":{"id":"application-manageyards-display-component---NewYard--addressDetailDetailsCity1","interaction":{"idSuffix":"inner"}},"clearTextFirst":true,"interactionType":"ENTER_TEXT"}]}
RESULT: undefined
COMMAND: POST /session/5a404f73187a01115305a03f2137b0ec/element - {"using":"xpath","value":"//*[@id=\"application-manageyards-display-component---NewYard--addressDetailDetailsCountry-arrow\"]"}
RESULT: {}
RESULT: {"using":"xpath","value":"//*[@id=\"application-manageyards-display-component---NewYard--addressDetailDetailsCountry-arrow\"]"}
COMMAND: POST /session/5a404f73187a01115305a03f2137b0ec/element/f.D0531791EE27D9F39EBFF32D62FB2301.d.36871290C67D302F182689BC2DFA5D9B.e.11103/click - {}
RESULT: {}
COMMAND: POST /session/5a404f73187a01115305a03f2137b0ec/element - {"using":"xpath","value":"//span[contains(text(), \"Argentina\")]"}
COMMAND: GET /session/5a404f73187a01115305a03f2137b0ec/screenshot - {}
RESULT: {"using":"xpath","value":"//span[contains(text(), \"Argentina\")]"}
COMMAND: POST /session/5a404f73187a01115305a03f2137b0ec/element/f.D0531791EE27D9F39EBFF32D62FB2301.d.36871290C67D302F182689BC2DFA5D9B.e.11104/click - {}
RESULT: {}
RESULT: {}
RESULT: undefined
COMMAND: POST /session/5a404f73187a01115305a03f2137b0ec/element - {"using":"xpath","value":"//*[@id=\"application-manageyards-display-component---NewYard--addressEditDetailsCostObjectCstType-arrow\"]"}
COMMAND: GET /session/5a404f73187a01115305a03f2137b0ec/screenshot - {}
RESULT: {"using":"xpath","value":"//*[@id=\"application-manageyards-display-component---NewYard--addressEditDetailsCostObjectCstType-arrow\"]"}
COMMAND: POST /session/5a404f73187a01115305a03f2137b0ec/element/f.D0531791EE27D9F39EBFF32D62FB2301.d.36871290C67D302F182689BC2DFA5D9B.e.11106/click - {}
RESULT: {}
RESULT: {}
COMMAND: POST /session/5a404f73187a01115305a03f2137b0ec/element - {"using":"xpath","value":"//span[contains(text(), \"Cost Center\")]"}
COMMAND: GET /session/5a404f73187a01115305a03f2137b0ec/screenshot - {}
RESULT: {"using":"xpath","value":"//span[contains(text(), \"Cost Center\")]"}
COMMAND: POST /session/5a404f73187a01115305a03f2137b0ec/element/f.D0531791EE27D9F39EBFF32D62FB2301.d.36871290C67D302F182689BC2DFA5D9B.e.11107/click - {}
RESULT: {}
RESULT: {}
COMMAND: GET /session/5a404f73187a01115305a03f2137b0ec/screenshot - {}
RESULT: {}
COMMAND: POST /session/5a404f73187a01115305a03f2137b0ec/element - {"using":"xpath","value":"//span[@id=\"application-manageyards-display-component---NewYard--addressNewCostObjectCstID-vhi\"]"}
RESULT: {"using":"xpath","value":"//span[@id=\"application-manageyards-display-component---NewYard--addressNewCostObjectCstID-vhi\"]"}
COMMAND: POST /session/5a404f73187a01115305a03f2137b0ec/execute/sync - {"script":"<script> [8489 bytes]","args":[{"element-6066-11e4-a52e-4f735466cecf":"f.D0531791EE27D9F39EBFF32D62FB2301.d.36871290C67D302F182689BC2DFA5D9B.e.11111","ELEMENT":"f.D0531791EE27D9F39EBFF32D62FB2301.d.36871290C67D302F182689BC2DFA5D9B.e.11111"}]}
RESULT: {"script":"<script> [8489 bytes]","args":[{"element-6066-11e4-a52e-4f735466cecf":"f.D0531791EE27D9F39EBFF32D62FB2301.d.36871290C67D302F182689BC2DFA5D9B.e.11111","ELEMENT":"f.D0531791EE27D9F39EBFF32D62FB2301.d.36871290C67D302F182689BC2DFA5D9B.e.11111"}]}
RESULT: undefined
COMMAND: POST /session/5a404f73187a01115305a03f2137b0ec/element - {"using":"xpath","value":"//*[@id=\"application-manageyards-display-component---NewYard--addressNewCostObjectCstID-vhi\"]"}
COMMAND: GET /session/5a404f73187a01115305a03f2137b0ec/screenshot - {}
RESULT: {"using":"xpath","value":"//*[@id=\"application-manageyards-display-component---NewYard--addressNewCostObjectCstID-vhi\"]"}
COMMAND: POST /session/5a404f73187a01115305a03f2137b0ec/element/f.D0531791EE27D9F39EBFF32D62FB2301.d.36871290C67D302F182689BC2DFA5D9B.e.11111/click - {}
RESULT: {}
RESULT: {}
COMMAND: GET /session/5a404f73187a01115305a03f2137b0ec/screenshot - {}
RESULT: {}
RESULT: undefined
COMMAND: POST /session/5a404f73187a01115305a03f2137b0ec/execute/async - {"script":"<script> [776 bytes]","args":[{"enterText":"bauh_b","selector":{"controlType":"sap.m.SearchField","properties":{"placeholder":"Search"},"searchOpenDialogs":true,"interaction":{"idSuffix":"I"}},"clearTextFirst":true,"interactionType":"ENTER_TEXT"}]}
RESULT: {"script":"<script> [776 bytes]","args":[{"enterText":"bauh_b","selector":{"controlType":"sap.m.SearchField","properties":{"placeholder":"Search"},"searchOpenDialogs":true,"interaction":{"idSuffix":"I"}},"clearTextFirst":true,"interactionType":"ENTER_TEXT"}]}
COMMAND: POST /session/5a404f73187a01115305a03f2137b0ec/actions - {"actions":[{"id":"action27","type":"key","parameters":{},"actions":[{"type":"keyDown","value":"î€‡"},{"type":"pause","duration":10},{"type":"keyUp","value":"î€‡"}]}]}
RESULT: {"actions":[{"id":"action27","type":"key","parameters":{},"actions":[{"type":"keyDown","value":"î€‡"},{"type":"pause","duration":10},{"type":"keyUp","value":"î€‡"}]}]}
COMMAND: GET /session/5a404f73187a01115305a03f2137b0ec/screenshot - {}
RESULT: {}
COMMAND: POST /session/5a404f73187a01115305a03f2137b0ec/element - {"using":"xpath","value":"//span[contains(text(), \"Demo Yard\")]"}
RESULT: {"using":"xpath","value":"//span[contains(text(), \"Demo Yard\")]"}
COMMAND: POST /session/5a404f73187a01115305a03f2137b0ec/element/f.D0531791EE27D9F39EBFF32D62FB2301.d.36871290C67D302F182689BC2DFA5D9B.e.11150/click - {}
RESULT: {}
COMMAND: GET /session/5a404f73187a01115305a03f2137b0ec/screenshot - {}
RESULT: {}
COMMAND: POST /session/5a404f73187a01115305a03f2137b0ec/element - {"using":"xpath","value":"//bdi[contains(text(), \"OK\")]"}
RESULT: {"using":"xpath","value":"//bdi[contains(text(), \"OK\")]"}
COMMAND: POST /session/5a404f73187a01115305a03f2137b0ec/element/f.D0531791EE27D9F39EBFF32D62FB2301.d.36871290C67D302F182689BC2DFA5D9B.e.11151/click - {}
RESULT: {}
COMMAND: GET /session/5a404f73187a01115305a03f2137b0ec/screenshot - {}
RESULT: {}
RESULT: undefined
COMMAND: POST /session/5a404f73187a01115305a03f2137b0ec/element - {"using":"xpath","value":"//*[@id=\"application-manageyards-display-component---NewYard--addressEditDetailsCurrency-arrow\"]"}
RESULT: {"using":"xpath","value":"//*[@id=\"application-manageyards-display-component---NewYard--addressEditDetailsCurrency-arrow\"]"}
COMMAND: POST /session/5a404f73187a01115305a03f2137b0ec/element/f.D0531791EE27D9F39EBFF32D62FB2301.d.36871290C67D302F182689BC2DFA5D9B.e.11154/click - {}
RESULT: {}
COMMAND: POST /session/5a404f73187a01115305a03f2137b0ec/element - {"using":"xpath","value":"//span[contains(text(), \"Euro\")]"}
COMMAND: GET /session/5a404f73187a01115305a03f2137b0ec/screenshot - {}
RESULT: {"using":"xpath","value":"//span[contains(text(), \"Euro\")]"}
COMMAND: POST /session/5a404f73187a01115305a03f2137b0ec/element/f.D0531791EE27D9F39EBFF32D62FB2301.d.36871290C67D302F182689BC2DFA5D9B.e.11155/click - {}
RESULT: {}
RESULT: {}
RESULT: undefined
COMMAND: POST /session/5a404f73187a01115305a03f2137b0ec/execute/async - {"script":"<script> [776 bytes]","args":[{"enterText":"Z001","selector":{"controlType":"sap.m.Input","viewName":"etm.portal.ui.manageyards.view.New","viewId":"application-manageyards-display-component---NewYard","bindingPath":{"path":"","propertyPath":"/CONTROLLING_AREA","modelName":"NewYardModel"},"interaction":{"idSuffix":"inner"}},"clearTextFirst":true,"interactionType":"ENTER_TEXT"}]}
COMMAND: GET /session/5a404f73187a01115305a03f2137b0ec/screenshot - {}
RESULT: {"script":"<script> [776 bytes]","args":[{"enterText":"Z001","selector":{"controlType":"sap.m.Input","viewName":"etm.portal.ui.manageyards.view.New","viewId":"application-manageyards-display-component---NewYard","bindingPath":{"path":"","propertyPath":"/CONTROLLING_AREA","modelName":"NewYardModel"},"interaction":{"idSuffix":"inner"}},"clearTextFirst":true,"interactionType":"ENTER_TEXT"}]}
RESULT: undefined
COMMAND: POST /session/5a404f73187a01115305a03f2137b0ec/execute/async - {"script":"<script> [776 bytes]","args":[{"enterText":"1000","selector":{"id":"application-manageyards-display-component---NewYard--companyCodeComboBox","interaction":{"idSuffix":"inner"}},"clearTextFirst":true,"interactionType":"ENTER_TEXT"}]}
RESULT: {}
RESULT: {"script":"<script> [776 bytes]","args":[{"enterText":"1000","selector":{"id":"application-manageyards-display-component---NewYard--companyCodeComboBox","interaction":{"idSuffix":"inner"}},"clearTextFirst":true,"interactionType":"ENTER_TEXT"}]}
RESULT: undefined
COMMAND: POST /session/5a404f73187a01115305a03f2137b0ec/execute/async - {"script":"<script> [776 bytes]","args":[{"enterText":"1001","selector":{"controlType":"sap.m.Input","viewName":"etm.portal.ui.manageyards.view.New","viewId":"application-manageyards-display-component---NewYard","bindingPath":{"path":"","propertyPath":"/PLANT","modelName":"NewYardModel"},"interaction":{"idSuffix":"inner"}},"clearTextFirst":true,"interactionType":"ENTER_TEXT"}]}
RESULT: {"script":"<script> [776 bytes]","args":[{"enterText":"1001","selector":{"controlType":"sap.m.Input","viewName":"etm.portal.ui.manageyards.view.New","viewId":"application-manageyards-display-component---NewYard","bindingPath":{"path":"","propertyPath":"/PLANT","modelName":"NewYardModel"},"interaction":{"idSuffix":"inner"}},"clearTextFirst":true,"interactionType":"ENTER_TEXT"}]}
RESULT: undefined
COMMAND: POST /session/5a404f73187a01115305a03f2137b0ec/execute/async - {"script":"<script> [776 bytes]","args":[{"enterText":"C002","selector":{"controlType":"sap.m.Input","viewName":"etm.portal.ui.manageyards.view.New","viewId":"application-manageyards-display-component---NewYard","bindingPath":{"path":"","propertyPath":"/SALES_AREA_VKORG","modelName":"NewYardModel"},"interaction":{"idSuffix":"inner"}},"clearTextFirst":true,"interactionType":"ENTER_TEXT"}]}
RESULT: {"script":"<script> [776 bytes]","args":[{"enterText":"C002","selector":{"controlType":"sap.m.Input","viewName":"etm.portal.ui.manageyards.view.New","viewId":"application-manageyards-display-component---NewYard","bindingPath":{"path":"","propertyPath":"/SALES_AREA_VKORG","modelName":"NewYardModel"},"interaction":{"idSuffix":"inner"}},"clearTextFirst":true,"interactionType":"ENTER_TEXT"}]}
RESULT: undefined
COMMAND: POST /session/5a404f73187a01115305a03f2137b0ec/execute/async - {"script":"<script> [776 bytes]","args":[{"enterText":"C2","selector":{"controlType":"sap.m.Input","viewName":"etm.portal.ui.manageyards.view.New","viewId":"application-manageyards-display-component---NewYard","bindingPath":{"path":"","propertyPath":"/SALES_AREA_VTWEG","modelName":"NewYardModel"},"interaction":{"idSuffix":"inner"}},"clearTextFirst":true,"interactionType":"ENTER_TEXT"}]}
RESULT: {"script":"<script> [776 bytes]","args":[{"enterText":"C2","selector":{"controlType":"sap.m.Input","viewName":"etm.portal.ui.manageyards.view.New","viewId":"application-manageyards-display-component---NewYard","bindingPath":{"path":"","propertyPath":"/SALES_AREA_VTWEG","modelName":"NewYardModel"},"interaction":{"idSuffix":"inner"}},"clearTextFirst":true,"interactionType":"ENTER_TEXT"}]}
RESULT: undefined
COMMAND: POST /session/5a404f73187a01115305a03f2137b0ec/execute/async - {"script":"<script> [776 bytes]","args":[{"enterText":"C2","selector":{"controlType":"sap.m.Input","viewName":"etm.portal.ui.manageyards.view.New","viewId":"application-manageyards-display-component---NewYard","bindingPath":{"path":"","propertyPath":"/SALES_AREA_SPART","modelName":"NewYardModel"},"interaction":{"idSuffix":"inner"}},"clearTextFirst":true,"interactionType":"ENTER_TEXT"}]}
RESULT: {"script":"<script> [776 bytes]","args":[{"enterText":"C2","selector":{"controlType":"sap.m.Input","viewName":"etm.portal.ui.manageyards.view.New","viewId":"application-manageyards-display-component---NewYard","bindingPath":{"path":"","propertyPath":"/SALES_AREA_SPART","modelName":"NewYardModel"},"interaction":{"idSuffix":"inner"}},"clearTextFirst":true,"interactionType":"ENTER_TEXT"}]}
RESULT: undefined
COMMAND: POST /session/5a404f73187a01115305a03f2137b0ec/execute/async - {"script":"<script> [776 bytes]","args":[{"enterText":"1710","selector":{"controlType":"sap.m.Input","viewName":"etm.portal.ui.manageyards.view.New","viewId":"application-manageyards-display-component---NewYard","bindingPath":{"path":"","propertyPath":"/SHIP_POINT","modelName":"NewYardModel"},"interaction":{"idSuffix":"inner"}},"clearTextFirst":true,"interactionType":"ENTER_TEXT"}]}
RESULT: {"script":"<script> [776 bytes]","args":[{"enterText":"1710","selector":{"controlType":"sap.m.Input","viewName":"etm.portal.ui.manageyards.view.New","viewId":"application-manageyards-display-component---NewYard","bindingPath":{"path":"","propertyPath":"/SHIP_POINT","modelName":"NewYardModel"},"interaction":{"idSuffix":"inner"}},"clearTextFirst":true,"interactionType":"ENTER_TEXT"}]}
RESULT: undefined
COMMAND: POST /session/5a404f73187a01115305a03f2137b0ec/execute/async - {"script":"<script> [776 bytes]","args":[{"enterText":"ZL01","selector":{"controlType":"sap.m.Input","viewName":"etm.portal.ui.manageyards.view.New","viewId":"application-manageyards-display-component---NewYard","bindingPath":{"path":"","propertyPath":"/DELIVERY_TYPE","modelName":"NewYardModel"},"interaction":{"idSuffix":"inner"}},"clearTextFirst":true,"interactionType":"ENTER_TEXT"}]}
RESULT: {"script":"<script> [776 bytes]","args":[{"enterText":"ZL01","selector":{"controlType":"sap.m.Input","viewName":"etm.portal.ui.manageyards.view.New","viewId":"application-manageyards-display-component---NewYard","bindingPath":{"path":"","propertyPath":"/DELIVERY_TYPE","modelName":"NewYardModel"},"interaction":{"idSuffix":"inner"}},"clearTextFirst":true,"interactionType":"ENTER_TEXT"}]}
RESULT: undefined
COMMAND: POST /session/5a404f73187a01115305a03f2137b0ec/execute/async - {"script":"<script> [776 bytes]","args":[{"enterText":"TA","selector":{"controlType":"sap.m.Input","viewName":"etm.portal.ui.manageyards.view.New","viewId":"application-manageyards-display-component---NewYard","bindingPath":{"path":"","propertyPath":"/AUART","modelName":"NewYardModel"},"interaction":{"idSuffix":"inner"}},"clearTextFirst":true,"interactionType":"ENTER_TEXT"}]}
RESULT: {"script":"<script> [776 bytes]","args":[{"enterText":"TA","selector":{"controlType":"sap.m.Input","viewName":"etm.portal.ui.manageyards.view.New","viewId":"application-manageyards-display-component---NewYard","bindingPath":{"path":"","propertyPath":"/AUART","modelName":"NewYardModel"},"interaction":{"idSuffix":"inner"}},"clearTextFirst":true,"interactionType":"ENTER_TEXT"}]}
COMMAND: POST /session/5a404f73187a01115305a03f2137b0ec/execute/async - {"script":"<script> [1562 bytes]","args":[{"selector":{"id":"application-manageyards-display-component---NewYard--whmCheckBox","interaction":{"idSuffix":"CbBg"}},"wdio_ui5_key":"applicationmanageyards-display-component---NewYard--whmCheckBox"}]}
RESULT: {"script":"<script> [1562 bytes]","args":[{"selector":{"id":"application-manageyards-display-component---NewYard--whmCheckBox","interaction":{"idSuffix":"CbBg"}},"wdio_ui5_key":"applicationmanageyards-display-component---NewYard--whmCheckBox"}]}
RESULT: undefined
COMMAND: POST /session/5a404f73187a01115305a03f2137b0ec/element - {"using":"xpath","value":"//*[@id=\"application-manageyards-display-component---NewYard--whmCheckBox\"]"}
RESULT: {"using":"xpath","value":"//*[@id=\"application-manageyards-display-component---NewYard--whmCheckBox\"]"}
COMMAND: POST /session/5a404f73187a01115305a03f2137b0ec/element/f.D0531791EE27D9F39EBFF32D62FB2301.d.36871290C67D302F182689BC2DFA5D9B.e.11165/click - {}
RESULT: {}
COMMAND: GET /session/5a404f73187a01115305a03f2137b0ec/screenshot - {}
RESULT: {}
COMMAND: POST /session/5a404f73187a01115305a03f2137b0ec/element - {"using":"xpath","value":"//button[@data-kt=\"newYardSaveButton\"]"}
RESULT: {"using":"xpath","value":"//button[@data-kt=\"newYardSaveButton\"]"}
COMMAND: POST /session/5a404f73187a01115305a03f2137b0ec/element/f.D0531791EE27D9F39EBFF32D62FB2301.d.36871290C67D302F182689BC2DFA5D9B.e.11069/click - {}
RESULT: {}
COMMAND: GET /session/5a404f73187a01115305a03f2137b0ec/screenshot - {}
RESULT: {}
COMMAND: POST /session/5a404f73187a01115305a03f2137b0ec/element - {"using":"xpath","value":"//header[contains(@id, 'ObjectPageLayout-headerTitle')]/div[1]/div[2]/div[1]/span[1]"}
RESULT: {"using":"xpath","value":"//header[contains(@id, 'ObjectPageLayout-headerTitle')]/div[1]/div[2]/div[1]/span[1]"}
COMMAND: POST /session/5a404f73187a01115305a03f2137b0ec/elements - {"using":"xpath","value":"//header[contains(@id, 'ObjectPageLayout-headerTitle')]/div[1]/div[2]/div[1]/span[1]"}
RESULT: {"using":"xpath","value":"//header[contains(@id, 'ObjectPageLayout-headerTitle')]/div[1]/div[2]/div[1]/span[1]"}
COMMAND: POST /session/5a404f73187a01115305a03f2137b0ec/execute/sync - {"script":"<script> [56 bytes]","args":[{"element-6066-11e4-a52e-4f735466cecf":"f.D0531791EE27D9F39EBFF32D62FB2301.d.36871290C67D302F182689BC2DFA5D9B.e.11370","ELEMENT":"f.D0531791EE27D9F39EBFF32D62FB2301.d.36871290C67D302F182689BC2DFA5D9B.e.11370"}]}
RESULT: {"script":"<script> [56 bytes]","args":[{"element-6066-11e4-a52e-4f735466cecf":"f.D0531791EE27D9F39EBFF32D62FB2301.d.36871290C67D302F182689BC2DFA5D9B.e.11370","ELEMENT":"f.D0531791EE27D9F39EBFF32D62FB2301.d.36871290C67D302F182689BC2DFA5D9B.e.11370"}]}
COMMAND: GET /session/5a404f73187a01115305a03f2137b0ec/screenshot - {}
RESULT: {}
COMMAND: POST /session/5a404f73187a01115305a03f2137b0ec/element - {"using":"css selector","value":"#shell-header-logo"}
RESULT: {"using":"css selector","value":"#shell-header-logo"}
COMMAND: POST /session/5a404f73187a01115305a03f2137b0ec/element/f.D0531791EE27D9F39EBFF32D62FB2301.d.36871290C67D302F182689BC2DFA5D9B.e.10457/click - {}
RESULT: {}
COMMAND: GET /session/5a404f73187a01115305a03f2137b0ec/screenshot - {}
RESULT: {}
COMMAND: POST /session/5a404f73187a01115305a03f2137b0ec/execute/sync - {"script":"<script> [299 bytes]","args":[["getModel","getResource"]]}
RESULT: {"script":"<script> [299 bytes]","args":[["getModel","getResource"]]}
]]></system-out>
    </testcase>
    <testcase classname="chrome.136_0_7103_49.windows.Create_partner_US118246" name="Should create new external WHM partner" time="90.812">
      <system-out><![CDATA[
COMMAND: POST /session/5a404f73187a01115305a03f2137b0ec/window/fullscreen - {}
COMMAND: GET /session/5a404f73187a01115305a03f2137b0ec/screenshot - {}
RESULT: {}
RESULT: undefined
COMMAND: POST /session/5a404f73187a01115305a03f2137b0ec/element - {"using":"xpath","value":"//*[@id=\"__tile38\"]"}
RESULT: {}
RESULT: {"using":"xpath","value":"//*[@id=\"__tile38\"]"}
COMMAND: POST /session/5a404f73187a01115305a03f2137b0ec/element/f.D0531791EE27D9F39EBFF32D62FB2301.d.36871290C67D302F182689BC2DFA5D9B.e.8900/click - {}
RESULT: {}
COMMAND: GET /session/5a404f73187a01115305a03f2137b0ec/screenshot - {}
RESULT: {}
COMMAND: POST /session/5a404f73187a01115305a03f2137b0ec/elements - {"using":"xpath","value":"//span[text()='Error']"}
RESULT: {"using":"xpath","value":"//span[text()='Error']"}
COMMAND: POST /session/5a404f73187a01115305a03f2137b0ec/element - {"using":"xpath","value":"//button[@data-kt=\"addButton\"]"}
RESULT: {"using":"xpath","value":"//button[@data-kt=\"addButton\"]"}
COMMAND: POST /session/5a404f73187a01115305a03f2137b0ec/elements - {"using":"xpath","value":"//button[@data-kt=\"addButton\"]"}
RESULT: {"using":"xpath","value":"//button[@data-kt=\"addButton\"]"}
COMMAND: POST /session/5a404f73187a01115305a03f2137b0ec/execute/sync - {"script":"<script> [8489 bytes]","args":[{"element-6066-11e4-a52e-4f735466cecf":"f.D0531791EE27D9F39EBFF32D62FB2301.d.36871290C67D302F182689BC2DFA5D9B.e.11418","ELEMENT":"f.D0531791EE27D9F39EBFF32D62FB2301.d.36871290C67D302F182689BC2DFA5D9B.e.11418"}]}
RESULT: {"script":"<script> [8489 bytes]","args":[{"element-6066-11e4-a52e-4f735466cecf":"f.D0531791EE27D9F39EBFF32D62FB2301.d.36871290C67D302F182689BC2DFA5D9B.e.11418","ELEMENT":"f.D0531791EE27D9F39EBFF32D62FB2301.d.36871290C67D302F182689BC2DFA5D9B.e.11418"}]}
COMMAND: GET /session/5a404f73187a01115305a03f2137b0ec/element/f.D0531791EE27D9F39EBFF32D62FB2301.d.36871290C67D302F182689BC2DFA5D9B.e.11418/enabled - {}
COMMAND: GET /session/5a404f73187a01115305a03f2137b0ec/screenshot - {}
RESULT: {}
COMMAND: POST /session/5a404f73187a01115305a03f2137b0ec/execute/sync - {"script":"<script> [8489 bytes]","args":[{"element-6066-11e4-a52e-4f735466cecf":"f.D0531791EE27D9F39EBFF32D62FB2301.d.36871290C67D302F182689BC2DFA5D9B.e.11418","ELEMENT":"f.D0531791EE27D9F39EBFF32D62FB2301.d.36871290C67D302F182689BC2DFA5D9B.e.11418"}]}
COMMAND: GET /session/5a404f73187a01115305a03f2137b0ec/screenshot - {}
RESULT: {}
RESULT: {"script":"<script> [8489 bytes]","args":[{"element-6066-11e4-a52e-4f735466cecf":"f.D0531791EE27D9F39EBFF32D62FB2301.d.36871290C67D302F182689BC2DFA5D9B.e.11418","ELEMENT":"f.D0531791EE27D9F39EBFF32D62FB2301.d.36871290C67D302F182689BC2DFA5D9B.e.11418"}]}
COMMAND: POST /session/5a404f73187a01115305a03f2137b0ec/execute/sync - {"script":"<script> [5351 bytes]","args":[{"element-6066-11e4-a52e-4f735466cecf":"f.D0531791EE27D9F39EBFF32D62FB2301.d.36871290C67D302F182689BC2DFA5D9B.e.11418","ELEMENT":"f.D0531791EE27D9F39EBFF32D62FB2301.d.36871290C67D302F182689BC2DFA5D9B.e.11418"}]}
COMMAND: GET /session/5a404f73187a01115305a03f2137b0ec/screenshot - {}
RESULT: {}
RESULT: {"script":"<script> [5351 bytes]","args":[{"element-6066-11e4-a52e-4f735466cecf":"f.D0531791EE27D9F39EBFF32D62FB2301.d.36871290C67D302F182689BC2DFA5D9B.e.11418","ELEMENT":"f.D0531791EE27D9F39EBFF32D62FB2301.d.36871290C67D302F182689BC2DFA5D9B.e.11418"}]}
COMMAND: POST /session/5a404f73187a01115305a03f2137b0ec/element/f.D0531791EE27D9F39EBFF32D62FB2301.d.36871290C67D302F182689BC2DFA5D9B.e.11418/click - {}
COMMAND: GET /session/5a404f73187a01115305a03f2137b0ec/screenshot - {}
RESULT: {}
RESULT: {}
COMMAND: GET /session/5a404f73187a01115305a03f2137b0ec/screenshot - {}
RESULT: undefined
COMMAND: POST /session/5a404f73187a01115305a03f2137b0ec/execute/async - {"script":"<script> [776 bytes]","args":[{"enterText":"External Partner WDIO","selector":{"id":"application-managepartners-display-component---NewPartner--addressDetailDetailsName1","interaction":{"idSuffix":"inner"}},"clearTextFirst":true,"interactionType":"ENTER_TEXT"}]}
RESULT: {}
RESULT: {}
RESULT: {"script":"<script> [776 bytes]","args":[{"enterText":"External Partner WDIO","selector":{"id":"application-managepartners-display-component---NewPartner--addressDetailDetailsName1","interaction":{"idSuffix":"inner"}},"clearTextFirst":true,"interactionType":"ENTER_TEXT"}]}
RESULT: undefined
COMMAND: POST /session/5a404f73187a01115305a03f2137b0ec/element - {"using":"xpath","value":"//*[@id=\"application-managepartners-display-component---NewPartner--addressDetailDetailsLanguage-arrow\"]"}
RESULT: {"using":"xpath","value":"//*[@id=\"application-managepartners-display-component---NewPartner--addressDetailDetailsLanguage-arrow\"]"}
COMMAND: POST /session/5a404f73187a01115305a03f2137b0ec/element/f.D0531791EE27D9F39EBFF32D62FB2301.d.36871290C67D302F182689BC2DFA5D9B.e.11863/click - {}
RESULT: {}
COMMAND: POST /session/5a404f73187a01115305a03f2137b0ec/element - {"using":"xpath","value":"//span[contains(text(), \"English\")]"}
COMMAND: GET /session/5a404f73187a01115305a03f2137b0ec/screenshot - {}
RESULT: {"using":"xpath","value":"//span[contains(text(), \"English\")]"}
COMMAND: POST /session/5a404f73187a01115305a03f2137b0ec/element/f.D0531791EE27D9F39EBFF32D62FB2301.d.36871290C67D302F182689BC2DFA5D9B.e.11864/click - {}
RESULT: {}
RESULT: {}
COMMAND: GET /session/5a404f73187a01115305a03f2137b0ec/screenshot - {}
RESULT: {}
RESULT: undefined
COMMAND: POST /session/5a404f73187a01115305a03f2137b0ec/execute/async - {"script":"<script> [776 bytes]","args":[{"enterText":"Rosario","selector":{"id":"application-managepartners-display-component---NewPartner--addressDetailDetailsCity1","interaction":{"idSuffix":"inner"}},"clearTextFirst":true,"interactionType":"ENTER_TEXT"}]}
RESULT: {"script":"<script> [776 bytes]","args":[{"enterText":"Rosario","selector":{"id":"application-managepartners-display-component---NewPartner--addressDetailDetailsCity1","interaction":{"idSuffix":"inner"}},"clearTextFirst":true,"interactionType":"ENTER_TEXT"}]}
RESULT: undefined
COMMAND: POST /session/5a404f73187a01115305a03f2137b0ec/element - {"using":"xpath","value":"//*[@id=\"application-managepartners-display-component---NewPartner--addressDetailDetailsCountry-arrow\"]"}
RESULT: {"using":"xpath","value":"//*[@id=\"application-managepartners-display-component---NewPartner--addressDetailDetailsCountry-arrow\"]"}
COMMAND: POST /session/5a404f73187a01115305a03f2137b0ec/element/f.D0531791EE27D9F39EBFF32D62FB2301.d.36871290C67D302F182689BC2DFA5D9B.e.11851/click - {}
RESULT: {}
COMMAND: POST /session/5a404f73187a01115305a03f2137b0ec/element - {"using":"xpath","value":"//span[contains(text(), \"Argentina\")]"}
COMMAND: GET /session/5a404f73187a01115305a03f2137b0ec/screenshot - {}
RESULT: {"using":"xpath","value":"//span[contains(text(), \"Argentina\")]"}
COMMAND: POST /session/5a404f73187a01115305a03f2137b0ec/element/f.D0531791EE27D9F39EBFF32D62FB2301.d.36871290C67D302F182689BC2DFA5D9B.e.11865/click - {}
RESULT: {}
RESULT: {}
COMMAND: GET /session/5a404f73187a01115305a03f2137b0ec/screenshot - {}
RESULT: {}
COMMAND: POST /session/5a404f73187a01115305a03f2137b0ec/element - {"using":"xpath","value":"//bdi[contains(text(), \"Commercial\")]"}
RESULT: {"using":"xpath","value":"//bdi[contains(text(), \"Commercial\")]"}
COMMAND: POST /session/5a404f73187a01115305a03f2137b0ec/element/f.D0531791EE27D9F39EBFF32D62FB2301.d.36871290C67D302F182689BC2DFA5D9B.e.11866/click - {}
RESULT: {}
COMMAND: GET /session/5a404f73187a01115305a03f2137b0ec/screenshot - {}
RESULT: {}
RESULT: undefined
COMMAND: POST /session/5a404f73187a01115305a03f2137b0ec/element - {"using":"xpath","value":"//*[@id=\"application-managepartners-display-component---NewPartner--partnerDetailInternal-arrow\"]"}
RESULT: {"using":"xpath","value":"//*[@id=\"application-managepartners-display-component---NewPartner--partnerDetailInternal-arrow\"]"}
COMMAND: POST /session/5a404f73187a01115305a03f2137b0ec/element/f.D0531791EE27D9F39EBFF32D62FB2301.d.36871290C67D302F182689BC2DFA5D9B.e.11872/click - {}
RESULT: {}
COMMAND: POST /session/5a404f73187a01115305a03f2137b0ec/element - {"using":"xpath","value":"//span[contains(text(), \"External partner\")]"}
COMMAND: GET /session/5a404f73187a01115305a03f2137b0ec/screenshot - {}
RESULT: {"using":"xpath","value":"//span[contains(text(), \"External partner\")]"}
COMMAND: POST /session/5a404f73187a01115305a03f2137b0ec/element/f.D0531791EE27D9F39EBFF32D62FB2301.d.36871290C67D302F182689BC2DFA5D9B.e.11873/click - {}
RESULT: {}
RESULT: {}
RESULT: undefined
COMMAND: POST /session/5a404f73187a01115305a03f2137b0ec/element - {"using":"xpath","value":"//*[@id=\"application-managepartners-display-component---NewPartner--partnerDetailsCurrency-arrow\"]"}
COMMAND: GET /session/5a404f73187a01115305a03f2137b0ec/screenshot - {}
RESULT: {"using":"xpath","value":"//*[@id=\"application-managepartners-display-component---NewPartner--partnerDetailsCurrency-arrow\"]"}
COMMAND: POST /session/5a404f73187a01115305a03f2137b0ec/element/f.D0531791EE27D9F39EBFF32D62FB2301.d.36871290C67D302F182689BC2DFA5D9B.e.11878/click - {}
RESULT: {}
RESULT: {}
COMMAND: POST /session/5a404f73187a01115305a03f2137b0ec/element - {"using":"xpath","value":"//span[contains(text(), \"US Dollar\")]"}
COMMAND: GET /session/5a404f73187a01115305a03f2137b0ec/screenshot - {}
RESULT: {"using":"xpath","value":"//span[contains(text(), \"US Dollar\")]"}
COMMAND: POST /session/5a404f73187a01115305a03f2137b0ec/element/f.D0531791EE27D9F39EBFF32D62FB2301.d.36871290C67D302F182689BC2DFA5D9B.e.11879/click - {}
RESULT: {}
RESULT: {}
COMMAND: GET /session/5a404f73187a01115305a03f2137b0ec/screenshot - {}
RESULT: {}
COMMAND: POST /session/5a404f73187a01115305a03f2137b0ec/element - {"using":"xpath","value":"//input[@id=\"application-managepartners-display-component---NewPartner--companyCodeComboBox-inner\"]"}
RESULT: {"using":"xpath","value":"//input[@id=\"application-managepartners-display-component---NewPartner--companyCodeComboBox-inner\"]"}
COMMAND: POST /session/5a404f73187a01115305a03f2137b0ec/element/f.D0531791EE27D9F39EBFF32D62FB2301.d.36871290C67D302F182689BC2DFA5D9B.e.11725/clear - {}
RESULT: {}
COMMAND: POST /session/5a404f73187a01115305a03f2137b0ec/element/f.D0531791EE27D9F39EBFF32D62FB2301.d.36871290C67D302F182689BC2DFA5D9B.e.11725/value - {"text":"C002"}
COMMAND: GET /session/5a404f73187a01115305a03f2137b0ec/screenshot - {}
RESULT: {"text":"C002"}
COMMAND: GET /session/5a404f73187a01115305a03f2137b0ec/screenshot - {}
RESULT: {}
RESULT: {}
COMMAND: POST /session/5a404f73187a01115305a03f2137b0ec/element - {"using":"xpath","value":"//li[.//span[text()= \"C002\"]]"}
RESULT: {"using":"xpath","value":"//li[.//span[text()= \"C002\"]]"}
COMMAND: POST /session/5a404f73187a01115305a03f2137b0ec/element/f.D0531791EE27D9F39EBFF32D62FB2301.d.36871290C67D302F182689BC2DFA5D9B.e.11883/click - {}
RESULT: {}
COMMAND: GET /session/5a404f73187a01115305a03f2137b0ec/screenshot - {}
RESULT: {}
RESULT: undefined
COMMAND: POST /session/5a404f73187a01115305a03f2137b0ec/element - {"using":"xpath","value":"//*[@id=\"application-managepartners-display-component---NewPartner--btnAddTableRow-img\"]"}
RESULT: {"using":"xpath","value":"//*[@id=\"application-managepartners-display-component---NewPartner--btnAddTableRow-img\"]"}
COMMAND: POST /session/5a404f73187a01115305a03f2137b0ec/element/f.D0531791EE27D9F39EBFF32D62FB2301.d.36871290C67D302F182689BC2DFA5D9B.e.11884/click - {}
RESULT: {}
COMMAND: GET /session/5a404f73187a01115305a03f2137b0ec/screenshot - {}
RESULT: {}
COMMAND: POST /session/5a404f73187a01115305a03f2137b0ec/element - {"using":"xpath","value":"//input[@id=\"application-managepartners-display-component---NewPartner--assignmentYard-application-managepartners-display-component---NewPartner--assignmentsTable-0-inner\"]"}
RESULT: {"using":"xpath","value":"//input[@id=\"application-managepartners-display-component---NewPartner--assignmentYard-application-managepartners-display-component---NewPartner--assignmentsTable-0-inner\"]"}
COMMAND: POST /session/5a404f73187a01115305a03f2137b0ec/element/f.D0531791EE27D9F39EBFF32D62FB2301.d.36871290C67D302F182689BC2DFA5D9B.e.11887/clear - {}
RESULT: {}
COMMAND: POST /session/5a404f73187a01115305a03f2137b0ec/element/f.D0531791EE27D9F39EBFF32D62FB2301.d.36871290C67D302F182689BC2DFA5D9B.e.11887/value - {"text":"372"}
COMMAND: GET /session/5a404f73187a01115305a03f2137b0ec/screenshot - {}
RESULT: {"text":"372"}
COMMAND: GET /session/5a404f73187a01115305a03f2137b0ec/screenshot - {}
RESULT: {}
RESULT: {}
COMMAND: POST /session/5a404f73187a01115305a03f2137b0ec/element - {"using":"xpath","value":"//li[.//span[text()='372']]"}
RESULT: {"using":"xpath","value":"//li[.//span[text()='372']]"}
COMMAND: POST /session/5a404f73187a01115305a03f2137b0ec/element/f.D0531791EE27D9F39EBFF32D62FB2301.d.36871290C67D302F182689BC2DFA5D9B.e.11895/click - {}
RESULT: {}
COMMAND: GET /session/5a404f73187a01115305a03f2137b0ec/screenshot - {}
RESULT: {}
COMMAND: POST /session/5a404f73187a01115305a03f2137b0ec/actions - {"actions":[{"id":"action28","type":"key","parameters":{},"actions":[{"type":"keyDown","value":"î€‡"},{"type":"pause","duration":10},{"type":"keyUp","value":"î€‡"}]}]}
RESULT: {"actions":[{"id":"action28","type":"key","parameters":{},"actions":[{"type":"keyDown","value":"î€‡"},{"type":"pause","duration":10},{"type":"keyUp","value":"î€‡"}]}]}
COMMAND: POST /session/5a404f73187a01115305a03f2137b0ec/element - {"using":"xpath","value":"//td[contains(@id, \"assignmentsTable-0-cell2\")]/div/div"}
COMMAND: GET /session/5a404f73187a01115305a03f2137b0ec/screenshot - {}
RESULT: {"using":"xpath","value":"//td[contains(@id, \"assignmentsTable-0-cell2\")]/div/div"}
COMMAND: POST /session/5a404f73187a01115305a03f2137b0ec/element/f.D0531791EE27D9F39EBFF32D62FB2301.d.36871290C67D302F182689BC2DFA5D9B.e.11898/click - {}
RESULT: {}
RESULT: {}
COMMAND: GET /session/5a404f73187a01115305a03f2137b0ec/screenshot - {}
RESULT: {}
COMMAND: POST /session/5a404f73187a01115305a03f2137b0ec/element - {"using":"xpath","value":"//button[@data-kt=\"saveButton\"]"}
RESULT: {"using":"xpath","value":"//button[@data-kt=\"saveButton\"]"}
COMMAND: POST /session/5a404f73187a01115305a03f2137b0ec/element/f.D0531791EE27D9F39EBFF32D62FB2301.d.36871290C67D302F182689BC2DFA5D9B.e.11775/click - {}
RESULT: {}
COMMAND: GET /session/5a404f73187a01115305a03f2137b0ec/screenshot - {}
RESULT: {}
COMMAND: POST /session/5a404f73187a01115305a03f2137b0ec/element - {"using":"xpath","value":"//header[contains(@id, 'ObjectPageLayout-headerTitle')]/div[1]/div[2]/div[2]/span[1]"}
RESULT: {"using":"xpath","value":"//header[contains(@id, 'ObjectPageLayout-headerTitle')]/div[1]/div[2]/div[2]/span[1]"}
COMMAND: POST /session/5a404f73187a01115305a03f2137b0ec/elements - {"using":"xpath","value":"//header[contains(@id, 'ObjectPageLayout-headerTitle')]/div[1]/div[2]/div[2]/span[1]"}
RESULT: {"using":"xpath","value":"//header[contains(@id, 'ObjectPageLayout-headerTitle')]/div[1]/div[2]/div[2]/span[1]"}
COMMAND: POST /session/5a404f73187a01115305a03f2137b0ec/execute/sync - {"script":"<script> [56 bytes]","args":[{"element-6066-11e4-a52e-4f735466cecf":"f.D0531791EE27D9F39EBFF32D62FB2301.d.36871290C67D302F182689BC2DFA5D9B.e.12062","ELEMENT":"f.D0531791EE27D9F39EBFF32D62FB2301.d.36871290C67D302F182689BC2DFA5D9B.e.12062"}]}
RESULT: {"script":"<script> [56 bytes]","args":[{"element-6066-11e4-a52e-4f735466cecf":"f.D0531791EE27D9F39EBFF32D62FB2301.d.36871290C67D302F182689BC2DFA5D9B.e.12062","ELEMENT":"f.D0531791EE27D9F39EBFF32D62FB2301.d.36871290C67D302F182689BC2DFA5D9B.e.12062"}]}
COMMAND: POST /session/5a404f73187a01115305a03f2137b0ec/element - {"using":"css selector","value":"#shell-header-logo"}
COMMAND: GET /session/5a404f73187a01115305a03f2137b0ec/screenshot - {}
RESULT: {"using":"css selector","value":"#shell-header-logo"}
COMMAND: POST /session/5a404f73187a01115305a03f2137b0ec/element/f.D0531791EE27D9F39EBFF32D62FB2301.d.36871290C67D302F182689BC2DFA5D9B.e.11374/click - {}
RESULT: {}
RESULT: {}
COMMAND: GET /session/5a404f73187a01115305a03f2137b0ec/screenshot - {}
RESULT: {}
COMMAND: POST /session/5a404f73187a01115305a03f2137b0ec/execute/sync - {"script":"<script> [299 bytes]","args":[["getModel","getResource"]]}
RESULT: {"script":"<script> [299 bytes]","args":[["getModel","getResource"]]}
COMMAND: GET /session/5a404f73187a01115305a03f2137b0ec/screenshot - {}
RESULT: {}
COMMAND: DELETE /session/5a404f73187a01115305a03f2137b0ec - {}
RESULT: {}
]]></system-out>
    </testcase>
  </testsuite>
</testsuites>