<?xml version="1.0" encoding="UTF-8"?>
<testsuites tests="24" failures="0" errors="0" skipped="0">
  <testsuite timestamp="2025-05-16T15:38:04" time="697.843" tests="5" failures="0" errors="0" skipped="0">
    <properties>
      <property name="specId" value="0" />
      <property name="suiteName" value="Manage Requests Tags Tests US120163" />
      <property name="capabilities" value="chrome.136_0_7103_93.windows" />
      <property name="file" value="file:///D:/a/1/s/test/specs/R2C/create-request-Tags.spec.js" />
    </properties>
    <testcase classname="chrome.136_0_7103_93.windows.Manage_Requests_Tags_Tests_US120163" name="Should create a new yard" time="137.105">
      <system-out><![CDATA[
COMMAND: POST /session/7a77e4e78ab7f053ff1399b1683134e1/execute/async - {"script":"<script> [1562 bytes]","args":[{"selector":{"controlType":"sap.m.GenericTile","properties":{"header":"Manage Yards"}},"wdio_ui5_key":"sapm.GenericTile{\"header\":\"Manage Yards\"}"}]}
RESULT: {"script":"<script> [1562 bytes]","args":[{"selector":{"controlType":"sap.m.GenericTile","properties":{"header":"Manage Yards"}},"wdio_ui5_key":"sapm.GenericTile{\"header\":\"Manage Yards\"}"}]}
RESULT: undefined
COMMAND: POST /session/7a77e4e78ab7f053ff1399b1683134e1/element - {"using":"xpath","value":"//*[@id=\"__tile41\"]"}
RESULT: {"using":"xpath","value":"//*[@id=\"__tile41\"]"}
COMMAND: POST /session/7a77e4e78ab7f053ff1399b1683134e1/element/f.F34A9C30008BD60ECF93DB5E8BBA230A.d.B1956A850265E8A25FA3FC6056B99C37.e.129/click - {}
RESULT: {}
COMMAND: GET /session/7a77e4e78ab7f053ff1399b1683134e1/screenshot - {}
RESULT: {}
COMMAND: POST /session/7a77e4e78ab7f053ff1399b1683134e1/elements - {"using":"xpath","value":"//span[text()='Error']"}
RESULT: {"using":"xpath","value":"//span[text()='Error']"}
COMMAND: POST /session/7a77e4e78ab7f053ff1399b1683134e1/execute/async - {"script":"<script> [1562 bytes]","args":[{"selector":{"controlType":"sap.ui.core.Icon","viewName":"etm.portal.ui.manageyards.view.Master","viewId":"application-manageyards-display-component---masterYard","properties":{"src":{"regex":{"source":"add"}}}},"wdio_ui5_key":"etmportal.ui.manageyards.view.Mastersap.ui.core.Icon{\"src\":{\"regex\":{\"source\":\"add\"}}}"}]}
RESULT: {"script":"<script> [1562 bytes]","args":[{"selector":{"controlType":"sap.ui.core.Icon","viewName":"etm.portal.ui.manageyards.view.Master","viewId":"application-manageyards-display-component---masterYard","properties":{"src":{"regex":{"source":"add"}}}},"wdio_ui5_key":"etmportal.ui.manageyards.view.Mastersap.ui.core.Icon{\"src\":{\"regex\":{\"source\":\"add\"}}}"}]}
RESULT: undefined
COMMAND: POST /session/7a77e4e78ab7f053ff1399b1683134e1/element - {"using":"xpath","value":"//*[@id=\"__button4-img\"]"}
RESULT: {"using":"xpath","value":"//*[@id=\"__button4-img\"]"}
COMMAND: POST /session/7a77e4e78ab7f053ff1399b1683134e1/element/f.F34A9C30008BD60ECF93DB5E8BBA230A.d.B1956A850265E8A25FA3FC6056B99C37.e.177/click - {}
RESULT: {}
COMMAND: GET /session/7a77e4e78ab7f053ff1399b1683134e1/screenshot - {}
RESULT: {}
COMMAND: POST /session/7a77e4e78ab7f053ff1399b1683134e1/execute/async - {"script":"<script> [1562 bytes]","args":[{"selector":{"id":"application-manageyards-display-component---NewYard--yardId","interaction":{"idSuffix":"inner"}},"wdio_ui5_key":"applicationmanageyards-display-component---NewYard--yardId"}]}
RESULT: {"script":"<script> [1562 bytes]","args":[{"selector":{"id":"application-manageyards-display-component---NewYard--yardId","interaction":{"idSuffix":"inner"}},"wdio_ui5_key":"applicationmanageyards-display-component---NewYard--yardId"}]}
RESULT: undefined
COMMAND: POST /session/7a77e4e78ab7f053ff1399b1683134e1/element - {"using":"xpath","value":"//*[@id=\"application-manageyards-display-component---NewYard--addressDetailDetailsName1-inner\"]"}
RESULT: {"using":"xpath","value":"//*[@id=\"application-manageyards-display-component---NewYard--addressDetailDetailsName1-inner\"]"}
COMMAND: POST /session/7a77e4e78ab7f053ff1399b1683134e1/element/f.F34A9C30008BD60ECF93DB5E8BBA230A.d.B1956A850265E8A25FA3FC6056B99C37.e.343/clear - {}
RESULT: {}
COMMAND: POST /session/7a77e4e78ab7f053ff1399b1683134e1/element/f.F34A9C30008BD60ECF93DB5E8BBA230A.d.B1956A850265E8A25FA3FC6056B99C37.e.343/value - {"text":"WebdriverYardgb2jc"}
COMMAND: GET /session/7a77e4e78ab7f053ff1399b1683134e1/screenshot - {}
RESULT: {"text":"WebdriverYardgb2jc"}
COMMAND: POST /session/7a77e4e78ab7f053ff1399b1683134e1/element - {"using":"xpath","value":"//*[@id=\"application-manageyards-display-component---NewYard--addressDetailDetailsLanguage-inner\"]"}
COMMAND: GET /session/7a77e4e78ab7f053ff1399b1683134e1/screenshot - {}
RESULT: {}
RESULT: {"using":"xpath","value":"//*[@id=\"application-manageyards-display-component---NewYard--addressDetailDetailsLanguage-inner\"]"}
COMMAND: POST /session/7a77e4e78ab7f053ff1399b1683134e1/element/f.F34A9C30008BD60ECF93DB5E8BBA230A.d.B1956A850265E8A25FA3FC6056B99C37.e.344/clear - {}
RESULT: {}
RESULT: {}
COMMAND: POST /session/7a77e4e78ab7f053ff1399b1683134e1/element/f.F34A9C30008BD60ECF93DB5E8BBA230A.d.B1956A850265E8A25FA3FC6056B99C37.e.344/value - {"text":"Romanian"}
COMMAND: GET /session/7a77e4e78ab7f053ff1399b1683134e1/screenshot - {}
RESULT: {"text":"Romanian"}
COMMAND: POST /session/7a77e4e78ab7f053ff1399b1683134e1/element - {"using":"xpath","value":"//input[contains(@id ,\"application-manageyards-display-component---NewYard--addressDetailDetailsName1-inner\")]"}
COMMAND: GET /session/7a77e4e78ab7f053ff1399b1683134e1/screenshot - {}
RESULT: {}
RESULT: {"using":"xpath","value":"//input[contains(@id ,\"application-manageyards-display-component---NewYard--addressDetailDetailsName1-inner\")]"}
COMMAND: GET /session/7a77e4e78ab7f053ff1399b1683134e1/element/f.F34A9C30008BD60ECF93DB5E8BBA230A.d.B1956A850265E8A25FA3FC6056B99C37.e.343/property/value - {}
RESULT: {}
RESULT: {}
COMMAND: GET /session/7a77e4e78ab7f053ff1399b1683134e1/screenshot - {}
RESULT: {}
COMMAND: POST /session/7a77e4e78ab7f053ff1399b1683134e1/element - {"using":"xpath","value":"//*[@id=\"application-manageyards-display-component---NewYard--addressDetailDetailsCity1-inner\"]"}
RESULT: {"using":"xpath","value":"//*[@id=\"application-manageyards-display-component---NewYard--addressDetailDetailsCity1-inner\"]"}
COMMAND: POST /session/7a77e4e78ab7f053ff1399b1683134e1/element/f.F34A9C30008BD60ECF93DB5E8BBA230A.d.B1956A850265E8A25FA3FC6056B99C37.e.346/clear - {}
RESULT: {}
COMMAND: POST /session/7a77e4e78ab7f053ff1399b1683134e1/element/f.F34A9C30008BD60ECF93DB5E8BBA230A.d.B1956A850265E8A25FA3FC6056B99C37.e.346/value - {"text":"Bucuresti"}
COMMAND: GET /session/7a77e4e78ab7f053ff1399b1683134e1/screenshot - {}
RESULT: {"text":"Bucuresti"}
COMMAND: GET /session/7a77e4e78ab7f053ff1399b1683134e1/screenshot - {}
RESULT: {}
RESULT: {}
COMMAND: POST /session/7a77e4e78ab7f053ff1399b1683134e1/element - {"using":"xpath","value":"//*[@id=\"application-manageyards-display-component---NewYard--addressDetailDetailsCountry-inner\"]"}
RESULT: {"using":"xpath","value":"//*[@id=\"application-manageyards-display-component---NewYard--addressDetailDetailsCountry-inner\"]"}
COMMAND: POST /session/7a77e4e78ab7f053ff1399b1683134e1/element/f.F34A9C30008BD60ECF93DB5E8BBA230A.d.B1956A850265E8A25FA3FC6056B99C37.e.350/clear - {}
RESULT: {}
COMMAND: POST /session/7a77e4e78ab7f053ff1399b1683134e1/element/f.F34A9C30008BD60ECF93DB5E8BBA230A.d.B1956A850265E8A25FA3FC6056B99C37.e.350/value - {"text":"Romania"}
COMMAND: GET /session/7a77e4e78ab7f053ff1399b1683134e1/screenshot - {}
RESULT: {"text":"Romania"}
COMMAND: GET /session/7a77e4e78ab7f053ff1399b1683134e1/screenshot - {}
RESULT: {}
RESULT: {}
COMMAND: POST /session/7a77e4e78ab7f053ff1399b1683134e1/element - {"using":"xpath","value":"//div[contains(text(), \"Commercial\")]"}
RESULT: {"using":"xpath","value":"//div[contains(text(), \"Commercial\")]"}
COMMAND: GET /session/7a77e4e78ab7f053ff1399b1683134e1/element/f.F34A9C30008BD60ECF93DB5E8BBA230A.d.B1956A850265E8A25FA3FC6056B99C37.e.586/rect - {}
RESULT: {}
COMMAND: GET /session/7a77e4e78ab7f053ff1399b1683134e1/window/rect - {}
RESULT: {}
COMMAND: POST /session/7a77e4e78ab7f053ff1399b1683134e1/execute/sync - {"script":"<script> [92 bytes]","args":[]}
RESULT: {"script":"<script> [92 bytes]","args":[]}
COMMAND: POST /session/7a77e4e78ab7f053ff1399b1683134e1/actions - {"actions":[{"id":"action1","type":"wheel","parameters":{},"actions":[{"type":"scroll","x":-1841,"y":-44,"deltaX":0,"deltaY":0,"duration":0,"origin":{"element-6066-11e4-a52e-4f735466cecf":"f.F34A9C30008BD60ECF93DB5E8BBA230A.d.B1956A850265E8A25FA3FC6056B99C37.e.586"}}]}]}
COMMAND: GET /session/7a77e4e78ab7f053ff1399b1683134e1/screenshot - {}
RESULT: {}
COMMAND: POST /session/7a77e4e78ab7f053ff1399b1683134e1/execute/sync - {"script":"<script> [79 bytes]","args":[{"element-6066-11e4-a52e-4f735466cecf":"f.F34A9C30008BD60ECF93DB5E8BBA230A.d.B1956A850265E8A25FA3FC6056B99C37.e.586","ELEMENT":"f.F34A9C30008BD60ECF93DB5E8BBA230A.d.B1956A850265E8A25FA3FC6056B99C37.e.586"},{"block":"start","inline":"nearest"}]}
RESULT: {"script":"<script> [79 bytes]","args":[{"element-6066-11e4-a52e-4f735466cecf":"f.F34A9C30008BD60ECF93DB5E8BBA230A.d.B1956A850265E8A25FA3FC6056B99C37.e.586","ELEMENT":"f.F34A9C30008BD60ECF93DB5E8BBA230A.d.B1956A850265E8A25FA3FC6056B99C37.e.586"},{"block":"start","inline":"nearest"}]}
COMMAND: GET /session/7a77e4e78ab7f053ff1399b1683134e1/screenshot - {}
RESULT: {}
COMMAND: POST /session/7a77e4e78ab7f053ff1399b1683134e1/execute/async - {"script":"<script> [1562 bytes]","args":[{"selector":{"id":"application-manageyards-display-component---NewYard--addressEditDetailsCostObjectCstType-arrow"},"wdio_ui5_key":"applicationmanageyards-display-component---NewYard--addressEditDetailsCostObjectCstType-arrow"}]}
RESULT: {"script":"<script> [1562 bytes]","args":[{"selector":{"id":"application-manageyards-display-component---NewYard--addressEditDetailsCostObjectCstType-arrow"},"wdio_ui5_key":"applicationmanageyards-display-component---NewYard--addressEditDetailsCostObjectCstType-arrow"}]}
RESULT: undefined
COMMAND: POST /session/7a77e4e78ab7f053ff1399b1683134e1/element - {"using":"xpath","value":"//*[@id=\"application-manageyards-display-component---NewYard--addressEditDetailsCostObjectCstType-arrow\"]"}
RESULT: {"using":"xpath","value":"//*[@id=\"application-manageyards-display-component---NewYard--addressEditDetailsCostObjectCstType-arrow\"]"}
COMMAND: POST /session/7a77e4e78ab7f053ff1399b1683134e1/element/f.F34A9C30008BD60ECF93DB5E8BBA230A.d.B1956A850265E8A25FA3FC6056B99C37.e.594/click - {}
RESULT: {}
COMMAND: POST /session/7a77e4e78ab7f053ff1399b1683134e1/element - {"using":"xpath","value":"//span[contains(text(), \"Cost Center\")]"}
COMMAND: GET /session/7a77e4e78ab7f053ff1399b1683134e1/screenshot - {}
RESULT: {"using":"xpath","value":"//span[contains(text(), \"Cost Center\")]"}
COMMAND: POST /session/7a77e4e78ab7f053ff1399b1683134e1/element/f.F34A9C30008BD60ECF93DB5E8BBA230A.d.B1956A850265E8A25FA3FC6056B99C37.e.595/click - {}
RESULT: {}
RESULT: {}
COMMAND: GET /session/7a77e4e78ab7f053ff1399b1683134e1/screenshot - {}
RESULT: {}
COMMAND: POST /session/7a77e4e78ab7f053ff1399b1683134e1/execute/async - {"script":"<script> [1562 bytes]","args":[{"selector":{"id":"application-manageyards-display-component---NewYard--addressNewCostObjectCstID-vhi"},"wdio_ui5_key":"applicationmanageyards-display-component---NewYard--addressNewCostObjectCstID-vhi"}]}
RESULT: {"script":"<script> [1562 bytes]","args":[{"selector":{"id":"application-manageyards-display-component---NewYard--addressNewCostObjectCstID-vhi"},"wdio_ui5_key":"applicationmanageyards-display-component---NewYard--addressNewCostObjectCstID-vhi"}]}
RESULT: undefined
COMMAND: POST /session/7a77e4e78ab7f053ff1399b1683134e1/element - {"using":"xpath","value":"//*[@id=\"application-manageyards-display-component---NewYard--addressNewCostObjectCstID-vhi\"]"}
RESULT: {"using":"xpath","value":"//*[@id=\"application-manageyards-display-component---NewYard--addressNewCostObjectCstID-vhi\"]"}
COMMAND: POST /session/7a77e4e78ab7f053ff1399b1683134e1/element/f.F34A9C30008BD60ECF93DB5E8BBA230A.d.B1956A850265E8A25FA3FC6056B99C37.e.599/click - {}
RESULT: {}
COMMAND: GET /session/7a77e4e78ab7f053ff1399b1683134e1/screenshot - {}
RESULT: {}
COMMAND: POST /session/7a77e4e78ab7f053ff1399b1683134e1/execute/async - {"script":"<script> [1562 bytes]","args":[{"selector":{"controlType":"sap.m.SearchField","properties":{"placeholder":"Search"},"searchOpenDialogs":true,"interaction":{"idSuffix":"I"}},"wdio_ui5_key":"sapm.SearchField{\"placeholder\":\"Search\"}"}]}
RESULT: {"script":"<script> [1562 bytes]","args":[{"selector":{"controlType":"sap.m.SearchField","properties":{"placeholder":"Search"},"searchOpenDialogs":true,"interaction":{"idSuffix":"I"}},"wdio_ui5_key":"sapm.SearchField{\"placeholder\":\"Search\"}"}]}
RESULT: undefined
COMMAND: POST /session/7a77e4e78ab7f053ff1399b1683134e1/execute/async - {"script":"<script> [776 bytes]","args":[{"enterText":"10001013","selector":{"controlType":"sap.m.SearchField","properties":{"placeholder":"Search"},"searchOpenDialogs":true,"interaction":{"idSuffix":"I"}},"clearTextFirst":true,"interactionType":"ENTER_TEXT"}]}
RESULT: {"script":"<script> [776 bytes]","args":[{"enterText":"10001013","selector":{"controlType":"sap.m.SearchField","properties":{"placeholder":"Search"},"searchOpenDialogs":true,"interaction":{"idSuffix":"I"}},"clearTextFirst":true,"interactionType":"ENTER_TEXT"}]}
COMMAND: POST /session/7a77e4e78ab7f053ff1399b1683134e1/actions - {"actions":[{"id":"action2","type":"key","parameters":{},"actions":[{"type":"keyDown","value":"î€‡"},{"type":"pause","duration":10},{"type":"keyUp","value":"î€‡"}]}]}
RESULT: {"actions":[{"id":"action2","type":"key","parameters":{},"actions":[{"type":"keyDown","value":"î€‡"},{"type":"pause","duration":10},{"type":"keyUp","value":"î€‡"}]}]}
COMMAND: GET /session/7a77e4e78ab7f053ff1399b1683134e1/screenshot - {}
RESULT: {}
COMMAND: POST /session/7a77e4e78ab7f053ff1399b1683134e1/element - {"using":"xpath","value":"//span[contains(text(), \"General Management\")]"}
RESULT: {"using":"xpath","value":"//span[contains(text(), \"General Management\")]"}
COMMAND: POST /session/7a77e4e78ab7f053ff1399b1683134e1/element/f.F34A9C30008BD60ECF93DB5E8BBA230A.d.B1956A850265E8A25FA3FC6056B99C37.e.640/click - {}
RESULT: {}
COMMAND: GET /session/7a77e4e78ab7f053ff1399b1683134e1/screenshot - {}
RESULT: {}
COMMAND: POST /session/7a77e4e78ab7f053ff1399b1683134e1/element - {"using":"xpath","value":"//bdi[contains(text(), \"OK\")]"}
RESULT: {"using":"xpath","value":"//bdi[contains(text(), \"OK\")]"}
COMMAND: POST /session/7a77e4e78ab7f053ff1399b1683134e1/element/f.F34A9C30008BD60ECF93DB5E8BBA230A.d.B1956A850265E8A25FA3FC6056B99C37.e.641/click - {}
RESULT: {}
COMMAND: GET /session/7a77e4e78ab7f053ff1399b1683134e1/screenshot - {}
RESULT: {}
COMMAND: POST /session/7a77e4e78ab7f053ff1399b1683134e1/execute/async - {"script":"<script> [1562 bytes]","args":[{"selector":{"controlType":"sap.m.Button","viewName":"etm.portal.ui.manageyards.view.New","viewId":"application-manageyards-display-component---NewYard","i18NText":{"propertyName":"text","key":"save"},"interaction":{"idSuffix":"inner"}},"wdio_ui5_key":"etmportal.ui.manageyards.view.Newsap.m.Button{\"propertyName\":\"text\",\"key\":\"save\"}"}]}
RESULT: {"script":"<script> [1562 bytes]","args":[{"selector":{"controlType":"sap.m.Button","viewName":"etm.portal.ui.manageyards.view.New","viewId":"application-manageyards-display-component---NewYard","i18NText":{"propertyName":"text","key":"save"},"interaction":{"idSuffix":"inner"}},"wdio_ui5_key":"etmportal.ui.manageyards.view.Newsap.m.Button{\"propertyName\":\"text\",\"key\":\"save\"}"}]}
RESULT: undefined
COMMAND: POST /session/7a77e4e78ab7f053ff1399b1683134e1/element - {"using":"xpath","value":"//*[@id=\"__button18\"]"}
RESULT: {"using":"xpath","value":"//*[@id=\"__button18\"]"}
COMMAND: POST /session/7a77e4e78ab7f053ff1399b1683134e1/element/f.F34A9C30008BD60ECF93DB5E8BBA230A.d.B1956A850265E8A25FA3FC6056B99C37.e.545/click - {}
RESULT: {}
COMMAND: GET /session/7a77e4e78ab7f053ff1399b1683134e1/screenshot - {}
RESULT: {}
COMMAND: POST /session/7a77e4e78ab7f053ff1399b1683134e1/element - {"using":"xpath","value":"//header/div/div[2]/div[2]/span"}
RESULT: {"using":"xpath","value":"//header/div/div[2]/div[2]/span"}
COMMAND: GET /session/7a77e4e78ab7f053ff1399b1683134e1/element/f.F34A9C30008BD60ECF93DB5E8BBA230A.d.B1956A850265E8A25FA3FC6056B99C37.e.840/text - {}
RESULT: {}
COMMAND: POST /session/7a77e4e78ab7f053ff1399b1683134e1/execute/async - {"script":"<script> [1562 bytes]","args":[{"selector":{"controlType":"sap.m.OverflowToolbarButton","viewName":"etm.portal.ui.manageyards.view.Detail","viewId":"application-manageyards-display-component---detailYard","i18NText":{"propertyName":"tooltip","key":"closeColumn"},"interaction":{"idSuffix":"inner"}},"wdio_ui5_key":"etmportal.ui.manageyards.view.Detailsap.m.OverflowToolbarButton{\"propertyName\":\"tooltip\",\"key\":\"closeColumn\"}"}]}
RESULT: {"script":"<script> [1562 bytes]","args":[{"selector":{"controlType":"sap.m.OverflowToolbarButton","viewName":"etm.portal.ui.manageyards.view.Detail","viewId":"application-manageyards-display-component---detailYard","i18NText":{"propertyName":"tooltip","key":"closeColumn"},"interaction":{"idSuffix":"inner"}},"wdio_ui5_key":"etmportal.ui.manageyards.view.Detailsap.m.OverflowToolbarButton{\"propertyName\":\"tooltip\",\"key\":\"closeColumn\"}"}]}
RESULT: undefined
COMMAND: POST /session/7a77e4e78ab7f053ff1399b1683134e1/element - {"using":"xpath","value":"//*[@id=\"__button40\"]"}
RESULT: {"using":"xpath","value":"//*[@id=\"__button40\"]"}
COMMAND: POST /session/7a77e4e78ab7f053ff1399b1683134e1/element/f.F34A9C30008BD60ECF93DB5E8BBA230A.d.B1956A850265E8A25FA3FC6056B99C37.e.842/click - {}
RESULT: {}
COMMAND: GET /session/7a77e4e78ab7f053ff1399b1683134e1/screenshot - {}
RESULT: {}
COMMAND: POST /session/7a77e4e78ab7f053ff1399b1683134e1/element - {"using":"css selector","value":"#shell-header-logo"}
RESULT: {"using":"css selector","value":"#shell-header-logo"}
COMMAND: POST /session/7a77e4e78ab7f053ff1399b1683134e1/element/f.F34A9C30008BD60ECF93DB5E8BBA230A.d.B1956A850265E8A25FA3FC6056B99C37.e.131/click - {}
RESULT: {}
COMMAND: GET /session/7a77e4e78ab7f053ff1399b1683134e1/screenshot - {}
RESULT: {}
COMMAND: POST /session/7a77e4e78ab7f053ff1399b1683134e1/refresh - {}
RESULT: {}
COMMAND: GET /session/7a77e4e78ab7f053ff1399b1683134e1/screenshot - {}
RESULT: {}
COMMAND: POST /session/7a77e4e78ab7f053ff1399b1683134e1/execute/async - {"script":"<script> [189 bytes]","args":[]}
RESULT: {"script":"<script> [189 bytes]","args":[]}
COMMAND: POST /session/7a77e4e78ab7f053ff1399b1683134e1/execute/async - {"script":"<script> [123 bytes]","args":[]}
RESULT: {"script":"<script> [123 bytes]","args":[]}
COMMAND: POST /session/7a77e4e78ab7f053ff1399b1683134e1/timeouts - {"script":"<number>"}
RESULT: {"script":"<number>"}
COMMAND: GET /session/7a77e4e78ab7f053ff1399b1683134e1/timeouts - {}
RESULT: {}
RESULT: undefined
COMMAND: POST /session/7a77e4e78ab7f053ff1399b1683134e1/execute/async - {"script":"<script> [2676 bytes]","args":[]}
RESULT: {"script":"<script> [2676 bytes]","args":[]}
COMMAND: POST /session/7a77e4e78ab7f053ff1399b1683134e1/execute/async - {"script":"<script> [2342 bytes]","args":[{"protocol":"http","hostname":"0.0.0.0","path":"/","capabilities":{"browserName":"chrome","goog:chromeOptions":{"binary":"C:\\Program Files\\Google\\Chrome\\Application\\chrome.exe","args":["--start-maximized"]}},"logLevel":"warn","connectionRetryTimeout":120000,"connectionRetryCount":3,"logLevels":{},"enableDirectConnect":true,"strictSSL":true,"_":"65 more keys: [\"cacheDir\",\"port\",\"requestedCapabilities\",\"automationProtocol\",\"baseUrl\",\"waitforInterval\",\"waitforTimeout\",\"onReload\",\"beforeCommand\",\"afterCommand\",\"rootDir\",\"specs\",\"suites\",\"exclude\",\"groupLogsByTestSpec\",\"excludeDriverLogs\",\"bail\",\"framework\",\"reporters\",\"services\",\"maxInstances\",\"maxInstancesPerCapability\",\"injectGlobals\",\"filesToWatch\",\"execArgv\",\"runnerEnv\",\"runner\",\"shard\",\"specFileRetries\",\"specFileRetriesDelay\",\"specFileRetriesDeferred\",\"reporterSyncInterval\",\"reporterSyncTimeout\",\"cucumberFeaturesWithLineNumbers\",\"autoCompileOpts\",\"mochaOpts\",\"jasmineOpts\",\"cucumberOpts\",\"onPrepare\",\"onWorkerStart\",\"onWorkerEnd\",\"before\",\"beforeSession\",\"beforeSuite\",\"beforeHook\",\"beforeTest\",\"afterTest\",\"afterHook\",\"afterSuite\",\"afterSession\",\"after\",\"onComplete\",\"beforeAssertion\",\"afterAssertion\",\"beforeFeature\",\"beforeScenario\",\"beforeStep\",\"afterStep\",\"afterScenario\",\"afterFeature\",\"_\",\"suite\",\"$0\",\"ignoredWorkerServices\",\"wdi5\"]"}]}
RESULT: {"script":"<script> [2342 bytes]","args":[{"protocol":"http","hostname":"0.0.0.0","path":"/","capabilities":{"browserName":"chrome","goog:chromeOptions":{"binary":"C:\\Program Files\\Google\\Chrome\\Application\\chrome.exe","args":["--start-maximized"]}},"logLevel":"warn","connectionRetryTimeout":120000,"connectionRetryCount":3,"logLevels":{},"enableDirectConnect":true,"strictSSL":true,"_":"65 more keys: [\"cacheDir\",\"port\",\"requestedCapabilities\",\"automationProtocol\",\"baseUrl\",\"waitforInterval\",\"waitforTimeout\",\"onReload\",\"beforeCommand\",\"afterCommand\",\"rootDir\",\"specs\",\"suites\",\"exclude\",\"groupLogsByTestSpec\",\"excludeDriverLogs\",\"bail\",\"framework\",\"reporters\",\"services\",\"maxInstances\",\"maxInstancesPerCapability\",\"injectGlobals\",\"filesToWatch\",\"execArgv\",\"runnerEnv\",\"runner\",\"shard\",\"specFileRetries\",\"specFileRetriesDelay\",\"specFileRetriesDeferred\",\"reporterSyncInterval\",\"reporterSyncTimeout\",\"cucumberFeaturesWithLineNumbers\",\"autoCompileOpts\",\"mochaOpts\",\"jasmineOpts\",\"cucumberOpts\",\"onPrepare\",\"onWorkerStart\",\"onWorkerEnd\",\"before\",\"beforeSession\",\"beforeSuite\",\"beforeHook\",\"beforeTest\",\"afterTest\",\"afterHook\",\"afterSuite\",\"afterSession\",\"after\",\"onComplete\",\"beforeAssertion\",\"afterAssertion\",\"beforeFeature\",\"beforeScenario\",\"beforeStep\",\"afterStep\",\"afterScenario\",\"afterFeature\",\"_\",\"suite\",\"$0\",\"ignoredWorkerServices\",\"wdi5\"]"}]}
COMMAND: POST /session/7a77e4e78ab7f053ff1399b1683134e1/execute/async - {"script":"<script> [21126 bytes]","args":[35000]}
RESULT: {"script":"<script> [21126 bytes]","args":[35000]}
]]></system-out>
    </testcase>
    <testcase classname="chrome.136_0_7103_93.windows.Manage_Requests_Tags_Tests_US120163" name="Should create a new partner" time="85.299">
      <system-out><![CDATA[
COMMAND: POST /session/7a77e4e78ab7f053ff1399b1683134e1/execute/async - {"script":"<script> [1562 bytes]","args":[{"selector":{"controlType":"sap.m.GenericTile","properties":{"header":"Manage Partners"}},"wdio_ui5_key":"sapm.GenericTile{\"header\":\"Manage Partners\"}"}]}
RESULT: {"script":"<script> [1562 bytes]","args":[{"selector":{"controlType":"sap.m.GenericTile","properties":{"header":"Manage Partners"}},"wdio_ui5_key":"sapm.GenericTile{\"header\":\"Manage Partners\"}"}]}
RESULT: undefined
COMMAND: POST /session/7a77e4e78ab7f053ff1399b1683134e1/element - {"using":"xpath","value":"//*[@id=\"__tile38\"]"}
RESULT: {"using":"xpath","value":"//*[@id=\"__tile38\"]"}
COMMAND: POST /session/7a77e4e78ab7f053ff1399b1683134e1/element/f.F34A9C30008BD60ECF93DB5E8BBA230A.d.7329B1F36CB9F5EFD7E8BFDE19654B5D.e.1201/click - {}
RESULT: {}
COMMAND: GET /session/7a77e4e78ab7f053ff1399b1683134e1/screenshot - {}
RESULT: {}
COMMAND: POST /session/7a77e4e78ab7f053ff1399b1683134e1/elements - {"using":"xpath","value":"//span[text()='Error']"}
RESULT: {"using":"xpath","value":"//span[text()='Error']"}
COMMAND: POST /session/7a77e4e78ab7f053ff1399b1683134e1/execute/async - {"script":"<script> [1562 bytes]","args":[{"selector":{"controlType":"sap.ui.core.Icon","viewName":"etm.portal.ui.managepartners.view.Master","viewId":"application-managepartners-display-component---masterPtm","properties":{"src":{"regex":{"source":"add"}}}},"wdio_ui5_key":"etmportal.ui.managepartners.view.Mastersap.ui.core.Icon{\"src\":{\"regex\":{\"source\":\"add\"}}}"}]}
RESULT: {"script":"<script> [1562 bytes]","args":[{"selector":{"controlType":"sap.ui.core.Icon","viewName":"etm.portal.ui.managepartners.view.Master","viewId":"application-managepartners-display-component---masterPtm","properties":{"src":{"regex":{"source":"add"}}}},"wdio_ui5_key":"etmportal.ui.managepartners.view.Mastersap.ui.core.Icon{\"src\":{\"regex\":{\"source\":\"add\"}}}"}]}
RESULT: undefined
COMMAND: POST /session/7a77e4e78ab7f053ff1399b1683134e1/element - {"using":"xpath","value":"//*[@id=\"__button4-img\"]"}
RESULT: {"using":"xpath","value":"//*[@id=\"__button4-img\"]"}
COMMAND: POST /session/7a77e4e78ab7f053ff1399b1683134e1/element/f.F34A9C30008BD60ECF93DB5E8BBA230A.d.7329B1F36CB9F5EFD7E8BFDE19654B5D.e.1252/click - {}
RESULT: {}
COMMAND: GET /session/7a77e4e78ab7f053ff1399b1683134e1/screenshot - {}
RESULT: {}
COMMAND: POST /session/7a77e4e78ab7f053ff1399b1683134e1/execute/async - {"script":"<script> [1562 bytes]","args":[{"selector":{"id":"application-managepartners-display-component---NewPartner--partnerId","interaction":{"idSuffix":"inner"}},"wdio_ui5_key":"applicationmanagepartners-display-component---NewPartner--partnerId"}]}
RESULT: {"script":"<script> [1562 bytes]","args":[{"selector":{"id":"application-managepartners-display-component---NewPartner--partnerId","interaction":{"idSuffix":"inner"}},"wdio_ui5_key":"applicationmanagepartners-display-component---NewPartner--partnerId"}]}
RESULT: undefined
COMMAND: POST /session/7a77e4e78ab7f053ff1399b1683134e1/execute/async - {"script":"<script> [1562 bytes]","args":[{"selector":{"id":"application-managepartners-display-component---NewPartner--addressDetailDetailsName1","interaction":{"idSuffix":"inner"}},"wdio_ui5_key":"applicationmanagepartners-display-component---NewPartner--addressDetailDetailsName1"}]}
RESULT: {"script":"<script> [1562 bytes]","args":[{"selector":{"id":"application-managepartners-display-component---NewPartner--addressDetailDetailsName1","interaction":{"idSuffix":"inner"}},"wdio_ui5_key":"applicationmanagepartners-display-component---NewPartner--addressDetailDetailsName1"}]}
RESULT: undefined
COMMAND: POST /session/7a77e4e78ab7f053ff1399b1683134e1/execute/async - {"script":"<script> [776 bytes]","args":[{"enterText":"WebdriverPartnerrl9mi","selector":{"id":"application-managepartners-display-component---NewPartner--addressDetailDetailsName1","interaction":{"idSuffix":"inner"}},"clearTextFirst":true,"interactionType":"ENTER_TEXT"}]}
RESULT: {"script":"<script> [776 bytes]","args":[{"enterText":"WebdriverPartnerrl9mi","selector":{"id":"application-managepartners-display-component---NewPartner--addressDetailDetailsName1","interaction":{"idSuffix":"inner"}},"clearTextFirst":true,"interactionType":"ENTER_TEXT"}]}
COMMAND: POST /session/7a77e4e78ab7f053ff1399b1683134e1/execute/async - {"script":"<script> [1562 bytes]","args":[{"selector":{"id":"application-managepartners-display-component---NewPartner--addressDetailDetailsLanguage","interaction":{"idSuffix":"inner"}},"wdio_ui5_key":"applicationmanagepartners-display-component---NewPartner--addressDetailDetailsLanguage"}]}
RESULT: {"script":"<script> [1562 bytes]","args":[{"selector":{"id":"application-managepartners-display-component---NewPartner--addressDetailDetailsLanguage","interaction":{"idSuffix":"inner"}},"wdio_ui5_key":"applicationmanagepartners-display-component---NewPartner--addressDetailDetailsLanguage"}]}
RESULT: undefined
COMMAND: POST /session/7a77e4e78ab7f053ff1399b1683134e1/execute/async - {"script":"<script> [776 bytes]","args":[{"enterText":"Romanian","selector":{"id":"application-managepartners-display-component---NewPartner--addressDetailDetailsLanguage","interaction":{"idSuffix":"inner"}},"clearTextFirst":true,"interactionType":"ENTER_TEXT"}]}
RESULT: {"script":"<script> [776 bytes]","args":[{"enterText":"Romanian","selector":{"id":"application-managepartners-display-component---NewPartner--addressDetailDetailsLanguage","interaction":{"idSuffix":"inner"}},"clearTextFirst":true,"interactionType":"ENTER_TEXT"}]}
COMMAND: POST /session/7a77e4e78ab7f053ff1399b1683134e1/element - {"using":"xpath","value":"//input[contains(@id ,\"application-managepartners-display-component---NewPartner--addressDetailDetailsName1-inner\")]"}
RESULT: {"using":"xpath","value":"//input[contains(@id ,\"application-managepartners-display-component---NewPartner--addressDetailDetailsName1-inner\")]"}
COMMAND: GET /session/7a77e4e78ab7f053ff1399b1683134e1/element/f.F34A9C30008BD60ECF93DB5E8BBA230A.d.7329B1F36CB9F5EFD7E8BFDE19654B5D.e.1435/property/value - {}
RESULT: {}
COMMAND: POST /session/7a77e4e78ab7f053ff1399b1683134e1/execute/async - {"script":"<script> [1562 bytes]","args":[{"selector":{"id":"application-managepartners-display-component---NewPartner--addressDetailDetailsCity1","interaction":{"idSuffix":"inner"}},"wdio_ui5_key":"applicationmanagepartners-display-component---NewPartner--addressDetailDetailsCity1"}]}
COMMAND: GET /session/7a77e4e78ab7f053ff1399b1683134e1/screenshot - {}
RESULT: {"script":"<script> [1562 bytes]","args":[{"selector":{"id":"application-managepartners-display-component---NewPartner--addressDetailDetailsCity1","interaction":{"idSuffix":"inner"}},"wdio_ui5_key":"applicationmanagepartners-display-component---NewPartner--addressDetailDetailsCity1"}]}
RESULT: undefined
COMMAND: POST /session/7a77e4e78ab7f053ff1399b1683134e1/execute/async - {"script":"<script> [776 bytes]","args":[{"enterText":"Bucharest","selector":{"id":"application-managepartners-display-component---NewPartner--addressDetailDetailsCity1","interaction":{"idSuffix":"inner"}},"clearTextFirst":true,"interactionType":"ENTER_TEXT"}]}
RESULT: {}
RESULT: {"script":"<script> [776 bytes]","args":[{"enterText":"Bucharest","selector":{"id":"application-managepartners-display-component---NewPartner--addressDetailDetailsCity1","interaction":{"idSuffix":"inner"}},"clearTextFirst":true,"interactionType":"ENTER_TEXT"}]}
COMMAND: POST /session/7a77e4e78ab7f053ff1399b1683134e1/execute/async - {"script":"<script> [1562 bytes]","args":[{"selector":{"id":"application-managepartners-display-component---NewPartner--addressDetailDetailsCountry","interaction":{"idSuffix":"inner"}},"wdio_ui5_key":"applicationmanagepartners-display-component---NewPartner--addressDetailDetailsCountry"}]}
RESULT: {"script":"<script> [1562 bytes]","args":[{"selector":{"id":"application-managepartners-display-component---NewPartner--addressDetailDetailsCountry","interaction":{"idSuffix":"inner"}},"wdio_ui5_key":"applicationmanagepartners-display-component---NewPartner--addressDetailDetailsCountry"}]}
RESULT: undefined
COMMAND: POST /session/7a77e4e78ab7f053ff1399b1683134e1/execute/async - {"script":"<script> [6424 bytes]","args":[{"element-6066-11e4-a52e-4f735466cecf":"f.F34A9C30008BD60ECF93DB5E8BBA230A.d.7329B1F36CB9F5EFD7E8BFDE19654B5D.e.1442"},"setValue",["Romania"]]}
RESULT: {"script":"<script> [6424 bytes]","args":[{"element-6066-11e4-a52e-4f735466cecf":"f.F34A9C30008BD60ECF93DB5E8BBA230A.d.7329B1F36CB9F5EFD7E8BFDE19654B5D.e.1442"},"setValue",["Romania"]]}
COMMAND: POST /session/7a77e4e78ab7f053ff1399b1683134e1/execute/async - {"script":"<script> [1562 bytes]","args":[{"selector":{"id":"application-managepartners-display-component---NewPartner--partnerDetailInternal","interaction":{"idSuffix":"inner"}},"wdio_ui5_key":"applicationmanagepartners-display-component---NewPartner--partnerDetailInternal"}]}
RESULT: {"script":"<script> [1562 bytes]","args":[{"selector":{"id":"application-managepartners-display-component---NewPartner--partnerDetailInternal","interaction":{"idSuffix":"inner"}},"wdio_ui5_key":"applicationmanagepartners-display-component---NewPartner--partnerDetailInternal"}]}
RESULT: undefined
COMMAND: POST /session/7a77e4e78ab7f053ff1399b1683134e1/execute/async - {"script":"<script> [776 bytes]","args":[{"enterText":"External partner","selector":{"id":"application-managepartners-display-component---NewPartner--partnerDetailInternal","interaction":{"idSuffix":"inner"}},"clearTextFirst":true,"interactionType":"ENTER_TEXT"}]}
RESULT: {"script":"<script> [776 bytes]","args":[{"enterText":"External partner","selector":{"id":"application-managepartners-display-component---NewPartner--partnerDetailInternal","interaction":{"idSuffix":"inner"}},"clearTextFirst":true,"interactionType":"ENTER_TEXT"}]}
COMMAND: POST /session/7a77e4e78ab7f053ff1399b1683134e1/execute/async - {"script":"<script> [1562 bytes]","args":[{"selector":{"id":"application-managepartners-display-component---NewPartner--partnerDetailsCurrency","interaction":{"idSuffix":"inner"}},"wdio_ui5_key":"applicationmanagepartners-display-component---NewPartner--partnerDetailsCurrency"}]}
RESULT: {"script":"<script> [1562 bytes]","args":[{"selector":{"id":"application-managepartners-display-component---NewPartner--partnerDetailsCurrency","interaction":{"idSuffix":"inner"}},"wdio_ui5_key":"applicationmanagepartners-display-component---NewPartner--partnerDetailsCurrency"}]}
RESULT: undefined
COMMAND: POST /session/7a77e4e78ab7f053ff1399b1683134e1/execute/async - {"script":"<script> [776 bytes]","args":[{"enterText":"Euro","selector":{"id":"application-managepartners-display-component---NewPartner--partnerDetailsCurrency","interaction":{"idSuffix":"inner"}},"clearTextFirst":true,"interactionType":"ENTER_TEXT"}]}
RESULT: {"script":"<script> [776 bytes]","args":[{"enterText":"Euro","selector":{"id":"application-managepartners-display-component---NewPartner--partnerDetailsCurrency","interaction":{"idSuffix":"inner"}},"clearTextFirst":true,"interactionType":"ENTER_TEXT"}]}
COMMAND: POST /session/7a77e4e78ab7f053ff1399b1683134e1/execute/async - {"script":"<script> [1562 bytes]","args":[{"selector":{"controlType":"sap.m.Button","viewName":"etm.portal.ui.managepartners.view.NewPartner","viewId":"application-managepartners-display-component---NewPartner","properties":{"text":"Commercial"},"interaction":{"idSuffix":"BDI-content"}},"wdio_ui5_key":"etmportal.ui.managepartners.view.NewPartnersap.m.Button{\"text\":\"Commercial\"}"}]}
RESULT: {"script":"<script> [1562 bytes]","args":[{"selector":{"controlType":"sap.m.Button","viewName":"etm.portal.ui.managepartners.view.NewPartner","viewId":"application-managepartners-display-component---NewPartner","properties":{"text":"Commercial"},"interaction":{"idSuffix":"BDI-content"}},"wdio_ui5_key":"etmportal.ui.managepartners.view.NewPartnersap.m.Button{\"text\":\"Commercial\"}"}]}
RESULT: undefined
COMMAND: POST /session/7a77e4e78ab7f053ff1399b1683134e1/element - {"using":"xpath","value":"//*[@id=\"application-managepartners-display-component---NewPartner--ObjectPageLayout-anchBar-__section5-anchor\"]"}
RESULT: {"using":"xpath","value":"//*[@id=\"application-managepartners-display-component---NewPartner--ObjectPageLayout-anchBar-__section5-anchor\"]"}
COMMAND: POST /session/7a77e4e78ab7f053ff1399b1683134e1/element/f.F34A9C30008BD60ECF93DB5E8BBA230A.d.7329B1F36CB9F5EFD7E8BFDE19654B5D.e.1681/click - {}
RESULT: {}
COMMAND: GET /session/7a77e4e78ab7f053ff1399b1683134e1/screenshot - {}
RESULT: {}
COMMAND: POST /session/7a77e4e78ab7f053ff1399b1683134e1/execute/async - {"script":"<script> [1562 bytes]","args":[{"selector":{"id":"application-managepartners-display-component---NewPartner--btnAddTableRow-img"},"wdio_ui5_key":"applicationmanagepartners-display-component---NewPartner--btnAddTableRow-img"}]}
RESULT: {"script":"<script> [1562 bytes]","args":[{"selector":{"id":"application-managepartners-display-component---NewPartner--btnAddTableRow-img"},"wdio_ui5_key":"applicationmanagepartners-display-component---NewPartner--btnAddTableRow-img"}]}
RESULT: undefined
COMMAND: POST /session/7a77e4e78ab7f053ff1399b1683134e1/element - {"using":"xpath","value":"//*[@id=\"application-managepartners-display-component---NewPartner--btnAddTableRow-img\"]"}
RESULT: {"using":"xpath","value":"//*[@id=\"application-managepartners-display-component---NewPartner--btnAddTableRow-img\"]"}
COMMAND: POST /session/7a77e4e78ab7f053ff1399b1683134e1/element/f.F34A9C30008BD60ECF93DB5E8BBA230A.d.7329B1F36CB9F5EFD7E8BFDE19654B5D.e.1687/click - {}
RESULT: {}
COMMAND: POST /session/7a77e4e78ab7f053ff1399b1683134e1/element - {"using":"xpath","value":"//input[contains(@id ,\"application-managepartners-display-component---NewPartner--assignmentYard-application-managepartners-display-component---NewPartner\")]"}
COMMAND: GET /session/7a77e4e78ab7f053ff1399b1683134e1/screenshot - {}
RESULT: {"using":"xpath","value":"//input[contains(@id ,\"application-managepartners-display-component---NewPartner--assignmentYard-application-managepartners-display-component---NewPartner\")]"}
COMMAND: POST /session/7a77e4e78ab7f053ff1399b1683134e1/element/f.F34A9C30008BD60ECF93DB5E8BBA230A.d.7329B1F36CB9F5EFD7E8BFDE19654B5D.e.1690/clear - {}
RESULT: {}
RESULT: {}
COMMAND: POST /session/7a77e4e78ab7f053ff1399b1683134e1/element/f.F34A9C30008BD60ECF93DB5E8BBA230A.d.7329B1F36CB9F5EFD7E8BFDE19654B5D.e.1690/value - {"text":"WebdriverYardgb2jc"}
COMMAND: GET /session/7a77e4e78ab7f053ff1399b1683134e1/screenshot - {}
RESULT: {"text":"WebdriverYardgb2jc"}
COMMAND: GET /session/7a77e4e78ab7f053ff1399b1683134e1/screenshot - {}
RESULT: {}
RESULT: {}
COMMAND: POST /session/7a77e4e78ab7f053ff1399b1683134e1/execute/async - {"script":"<script> [1562 bytes]","args":[{"selector":{"controlType":"sap.m.Button","viewName":"etm.portal.ui.managepartners.view.NewPartner","viewId":"application-managepartners-display-component---NewPartner","i18NText":{"propertyName":"text","key":"save"},"interaction":{"idSuffix":"BDI-content"}},"wdio_ui5_key":"etmportal.ui.managepartners.view.NewPartnersap.m.Button{\"propertyName\":\"text\",\"key\":\"save\"}"}]}
RESULT: {"script":"<script> [1562 bytes]","args":[{"selector":{"controlType":"sap.m.Button","viewName":"etm.portal.ui.managepartners.view.NewPartner","viewId":"application-managepartners-display-component---NewPartner","i18NText":{"propertyName":"text","key":"save"},"interaction":{"idSuffix":"BDI-content"}},"wdio_ui5_key":"etmportal.ui.managepartners.view.NewPartnersap.m.Button{\"propertyName\":\"text\",\"key\":\"save\"}"}]}
RESULT: undefined
COMMAND: POST /session/7a77e4e78ab7f053ff1399b1683134e1/element - {"using":"xpath","value":"//*[@id=\"__button12\"]"}
RESULT: {"using":"xpath","value":"//*[@id=\"__button12\"]"}
COMMAND: POST /session/7a77e4e78ab7f053ff1399b1683134e1/element/f.F34A9C30008BD60ECF93DB5E8BBA230A.d.7329B1F36CB9F5EFD7E8BFDE19654B5D.e.1593/click - {}
RESULT: {}
COMMAND: GET /session/7a77e4e78ab7f053ff1399b1683134e1/screenshot - {}
RESULT: {}
COMMAND: POST /session/7a77e4e78ab7f053ff1399b1683134e1/element - {"using":"xpath","value":"//header/div/div[2]/div[2]/span"}
RESULT: {"using":"xpath","value":"//header/div/div[2]/div[2]/span"}
COMMAND: GET /session/7a77e4e78ab7f053ff1399b1683134e1/element/f.F34A9C30008BD60ECF93DB5E8BBA230A.d.7329B1F36CB9F5EFD7E8BFDE19654B5D.e.1862/text - {}
RESULT: {}
COMMAND: POST /session/7a77e4e78ab7f053ff1399b1683134e1/element - {"using":"xpath","value":"//header/div/div/div/div/div/div[2]/div/span"}
RESULT: {"using":"xpath","value":"//header/div/div/div/div/div/div[2]/div/span"}
COMMAND: GET /session/7a77e4e78ab7f053ff1399b1683134e1/element/f.F34A9C30008BD60ECF93DB5E8BBA230A.d.7329B1F36CB9F5EFD7E8BFDE19654B5D.e.1863/text - {}
RESULT: {}
COMMAND: POST /session/7a77e4e78ab7f053ff1399b1683134e1/execute/async - {"script":"<script> [1562 bytes]","args":[{"selector":{"id":"application-managepartners-display-component---detailPtm--partnerType"},"wdio_ui5_key":"applicationmanagepartners-display-component---detailPtm--partnerType"}]}
RESULT: {"script":"<script> [1562 bytes]","args":[{"selector":{"id":"application-managepartners-display-component---detailPtm--partnerType"},"wdio_ui5_key":"applicationmanagepartners-display-component---detailPtm--partnerType"}]}
RESULT: undefined
COMMAND: POST /session/7a77e4e78ab7f053ff1399b1683134e1/execute/async - {"script":"<script> [6424 bytes]","args":[{"element-6066-11e4-a52e-4f735466cecf":"f.F34A9C30008BD60ECF93DB5E8BBA230A.d.7329B1F36CB9F5EFD7E8BFDE19654B5D.e.1864"},"getText",[]]}
RESULT: {"script":"<script> [6424 bytes]","args":[{"element-6066-11e4-a52e-4f735466cecf":"f.F34A9C30008BD60ECF93DB5E8BBA230A.d.7329B1F36CB9F5EFD7E8BFDE19654B5D.e.1864"},"getText",[]]}
COMMAND: POST /session/7a77e4e78ab7f053ff1399b1683134e1/element - {"using":"css selector","value":"#shell-header-logo"}
RESULT: {"using":"css selector","value":"#shell-header-logo"}
COMMAND: POST /session/7a77e4e78ab7f053ff1399b1683134e1/element/f.F34A9C30008BD60ECF93DB5E8BBA230A.d.7329B1F36CB9F5EFD7E8BFDE19654B5D.e.1203/click - {}
RESULT: {}
COMMAND: GET /session/7a77e4e78ab7f053ff1399b1683134e1/screenshot - {}
RESULT: {}
]]></system-out>
    </testcase>
    <testcase classname="chrome.136_0_7103_93.windows.Manage_Requests_Tags_Tests_US120163" name="Should create a new site" time="103.006">
      <system-out><![CDATA[
COMMAND: POST /session/7a77e4e78ab7f053ff1399b1683134e1/execute/async - {"script":"<script> [1562 bytes]","args":[{"selector":{"controlType":"sap.m.GenericTile","properties":{"header":"Manage Sites"}},"wdio_ui5_key":"sapm.GenericTile{\"header\":\"Manage Sites\"}"}]}
RESULT: {"script":"<script> [1562 bytes]","args":[{"selector":{"controlType":"sap.m.GenericTile","properties":{"header":"Manage Sites"}},"wdio_ui5_key":"sapm.GenericTile{\"header\":\"Manage Sites\"}"}]}
RESULT: undefined
COMMAND: POST /session/7a77e4e78ab7f053ff1399b1683134e1/element - {"using":"xpath","value":"//*[@id=\"__tile40\"]"}
RESULT: {"using":"xpath","value":"//*[@id=\"__tile40\"]"}
COMMAND: POST /session/7a77e4e78ab7f053ff1399b1683134e1/element/f.F34A9C30008BD60ECF93DB5E8BBA230A.d.7329B1F36CB9F5EFD7E8BFDE19654B5D.e.1866/click - {}
RESULT: {}
COMMAND: GET /session/7a77e4e78ab7f053ff1399b1683134e1/screenshot - {}
RESULT: {}
COMMAND: POST /session/7a77e4e78ab7f053ff1399b1683134e1/elements - {"using":"xpath","value":"//span[text()='Error']"}
RESULT: {"using":"xpath","value":"//span[text()='Error']"}
COMMAND: POST /session/7a77e4e78ab7f053ff1399b1683134e1/execute/async - {"script":"<script> [1562 bytes]","args":[{"selector":{"controlType":"sap.ui.core.Icon","viewName":"etm.portal.ui.managesites.view.Master","viewId":"application-managesites-display-component---masterSite","properties":{"src":{"regex":{"source":"add"}}}},"wdio_ui5_key":"etmportal.ui.managesites.view.Mastersap.ui.core.Icon{\"src\":{\"regex\":{\"source\":\"add\"}}}"}]}
RESULT: {"script":"<script> [1562 bytes]","args":[{"selector":{"controlType":"sap.ui.core.Icon","viewName":"etm.portal.ui.managesites.view.Master","viewId":"application-managesites-display-component---masterSite","properties":{"src":{"regex":{"source":"add"}}}},"wdio_ui5_key":"etmportal.ui.managesites.view.Mastersap.ui.core.Icon{\"src\":{\"regex\":{\"source\":\"add\"}}}"}]}
RESULT: undefined
COMMAND: POST /session/7a77e4e78ab7f053ff1399b1683134e1/element - {"using":"xpath","value":"//*[@id=\"__button48-img\"]"}
RESULT: {"using":"xpath","value":"//*[@id=\"__button48-img\"]"}
COMMAND: POST /session/7a77e4e78ab7f053ff1399b1683134e1/element/f.F34A9C30008BD60ECF93DB5E8BBA230A.d.7329B1F36CB9F5EFD7E8BFDE19654B5D.e.1915/click - {}
RESULT: {}
COMMAND: POST /session/7a77e4e78ab7f053ff1399b1683134e1/execute/async - {"script":"<script> [1562 bytes]","args":[{"selector":{"id":"application-managesites-display-component---NewSite--siteId","interaction":{"idSuffix":"inner"}},"wdio_ui5_key":"applicationmanagesites-display-component---NewSite--siteId"}]}
COMMAND: GET /session/7a77e4e78ab7f053ff1399b1683134e1/screenshot - {}
RESULT: {"script":"<script> [1562 bytes]","args":[{"selector":{"id":"application-managesites-display-component---NewSite--siteId","interaction":{"idSuffix":"inner"}},"wdio_ui5_key":"applicationmanagesites-display-component---NewSite--siteId"}]}
RESULT: undefined
COMMAND: POST /session/7a77e4e78ab7f053ff1399b1683134e1/execute/async - {"script":"<script> [1562 bytes]","args":[{"selector":{"id":"application-managesites-display-component---NewSite--addressDetailDetailsName1","interaction":{"idSuffix":"inner"}},"wdio_ui5_key":"applicationmanagesites-display-component---NewSite--addressDetailDetailsName1"}]}
RESULT: {}
RESULT: {"script":"<script> [1562 bytes]","args":[{"selector":{"id":"application-managesites-display-component---NewSite--addressDetailDetailsName1","interaction":{"idSuffix":"inner"}},"wdio_ui5_key":"applicationmanagesites-display-component---NewSite--addressDetailDetailsName1"}]}
RESULT: undefined
COMMAND: POST /session/7a77e4e78ab7f053ff1399b1683134e1/execute/async - {"script":"<script> [776 bytes]","args":[{"enterText":"WebdriverSitesv4mj","selector":{"id":"application-managesites-display-component---NewSite--addressDetailDetailsName1","interaction":{"idSuffix":"inner"}},"clearTextFirst":true,"interactionType":"ENTER_TEXT"}]}
RESULT: {"script":"<script> [776 bytes]","args":[{"enterText":"WebdriverSitesv4mj","selector":{"id":"application-managesites-display-component---NewSite--addressDetailDetailsName1","interaction":{"idSuffix":"inner"}},"clearTextFirst":true,"interactionType":"ENTER_TEXT"}]}
COMMAND: POST /session/7a77e4e78ab7f053ff1399b1683134e1/execute/async - {"script":"<script> [1562 bytes]","args":[{"selector":{"id":"application-managesites-display-component---NewSite--addressDetailDetailsLanguage","interaction":{"idSuffix":"inner"}},"wdio_ui5_key":"applicationmanagesites-display-component---NewSite--addressDetailDetailsLanguage"}]}
RESULT: {"script":"<script> [1562 bytes]","args":[{"selector":{"id":"application-managesites-display-component---NewSite--addressDetailDetailsLanguage","interaction":{"idSuffix":"inner"}},"wdio_ui5_key":"applicationmanagesites-display-component---NewSite--addressDetailDetailsLanguage"}]}
RESULT: undefined
COMMAND: POST /session/7a77e4e78ab7f053ff1399b1683134e1/execute/async - {"script":"<script> [776 bytes]","args":[{"enterText":"Romanian","selector":{"id":"application-managesites-display-component---NewSite--addressDetailDetailsLanguage","interaction":{"idSuffix":"inner"}},"clearTextFirst":true,"interactionType":"ENTER_TEXT"}]}
RESULT: {"script":"<script> [776 bytes]","args":[{"enterText":"Romanian","selector":{"id":"application-managesites-display-component---NewSite--addressDetailDetailsLanguage","interaction":{"idSuffix":"inner"}},"clearTextFirst":true,"interactionType":"ENTER_TEXT"}]}
COMMAND: POST /session/7a77e4e78ab7f053ff1399b1683134e1/execute/async - {"script":"<script> [1562 bytes]","args":[{"selector":{"id":"application-managesites-display-component---NewSite--addressDetailDetailsCity1","interaction":{"idSuffix":"inner"}},"wdio_ui5_key":"applicationmanagesites-display-component---NewSite--addressDetailDetailsCity1"}]}
RESULT: {"script":"<script> [1562 bytes]","args":[{"selector":{"id":"application-managesites-display-component---NewSite--addressDetailDetailsCity1","interaction":{"idSuffix":"inner"}},"wdio_ui5_key":"applicationmanagesites-display-component---NewSite--addressDetailDetailsCity1"}]}
RESULT: undefined
COMMAND: POST /session/7a77e4e78ab7f053ff1399b1683134e1/execute/async - {"script":"<script> [776 bytes]","args":[{"enterText":"Bucharest","selector":{"id":"application-managesites-display-component---NewSite--addressDetailDetailsCity1","interaction":{"idSuffix":"inner"}},"clearTextFirst":true,"interactionType":"ENTER_TEXT"}]}
RESULT: {"script":"<script> [776 bytes]","args":[{"enterText":"Bucharest","selector":{"id":"application-managesites-display-component---NewSite--addressDetailDetailsCity1","interaction":{"idSuffix":"inner"}},"clearTextFirst":true,"interactionType":"ENTER_TEXT"}]}
COMMAND: POST /session/7a77e4e78ab7f053ff1399b1683134e1/execute/async - {"script":"<script> [1562 bytes]","args":[{"selector":{"id":"application-managesites-display-component---NewSite--addressDetailDetailsCountry","interaction":{"idSuffix":"inner"}},"wdio_ui5_key":"applicationmanagesites-display-component---NewSite--addressDetailDetailsCountry"}]}
RESULT: {"script":"<script> [1562 bytes]","args":[{"selector":{"id":"application-managesites-display-component---NewSite--addressDetailDetailsCountry","interaction":{"idSuffix":"inner"}},"wdio_ui5_key":"applicationmanagesites-display-component---NewSite--addressDetailDetailsCountry"}]}
RESULT: undefined
COMMAND: POST /session/7a77e4e78ab7f053ff1399b1683134e1/execute/async - {"script":"<script> [776 bytes]","args":[{"enterText":"Romania","selector":{"id":"application-managesites-display-component---NewSite--addressDetailDetailsCountry","interaction":{"idSuffix":"inner"}},"clearTextFirst":true,"interactionType":"ENTER_TEXT"}]}
RESULT: {"script":"<script> [776 bytes]","args":[{"enterText":"Romania","selector":{"id":"application-managesites-display-component---NewSite--addressDetailDetailsCountry","interaction":{"idSuffix":"inner"}},"clearTextFirst":true,"interactionType":"ENTER_TEXT"}]}
COMMAND: POST /session/7a77e4e78ab7f053ff1399b1683134e1/element - {"using":"css selector","value":"#application-managesites-display-component---NewSite--addressDetailDetailsCalendar-inner"}
RESULT: {"using":"css selector","value":"#application-managesites-display-component---NewSite--addressDetailDetailsCalendar-inner"}
COMMAND: POST /session/7a77e4e78ab7f053ff1399b1683134e1/element/f.F34A9C30008BD60ECF93DB5E8BBA230A.d.7329B1F36CB9F5EFD7E8BFDE19654B5D.e.2113/clear - {}
RESULT: {}
COMMAND: POST /session/7a77e4e78ab7f053ff1399b1683134e1/element/f.F34A9C30008BD60ECF93DB5E8BBA230A.d.7329B1F36CB9F5EFD7E8BFDE19654B5D.e.2113/value - {"text":"Germany"}
COMMAND: GET /session/7a77e4e78ab7f053ff1399b1683134e1/screenshot - {}
RESULT: {"text":"Germany"}
COMMAND: POST /session/7a77e4e78ab7f053ff1399b1683134e1/execute/async - {"script":"<script> [1562 bytes]","args":[{"selector":{"id":"application-managesites-display-component---NewSite--addressEditDetailsCostObjectCstType-arrow"},"wdio_ui5_key":"applicationmanagesites-display-component---NewSite--addressEditDetailsCostObjectCstType-arrow"}]}
COMMAND: GET /session/7a77e4e78ab7f053ff1399b1683134e1/screenshot - {}
RESULT: {}
RESULT: {"script":"<script> [1562 bytes]","args":[{"selector":{"id":"application-managesites-display-component---NewSite--addressEditDetailsCostObjectCstType-arrow"},"wdio_ui5_key":"applicationmanagesites-display-component---NewSite--addressEditDetailsCostObjectCstType-arrow"}]}
RESULT: undefined
COMMAND: POST /session/7a77e4e78ab7f053ff1399b1683134e1/element - {"using":"xpath","value":"//*[@id=\"application-managesites-display-component---NewSite--addressEditDetailsCostObjectCstType-arrow\"]"}
RESULT: {}
RESULT: {"using":"xpath","value":"//*[@id=\"application-managesites-display-component---NewSite--addressEditDetailsCostObjectCstType-arrow\"]"}
COMMAND: POST /session/7a77e4e78ab7f053ff1399b1683134e1/element/f.F34A9C30008BD60ECF93DB5E8BBA230A.d.7329B1F36CB9F5EFD7E8BFDE19654B5D.e.2312/click - {}
RESULT: {}
COMMAND: POST /session/7a77e4e78ab7f053ff1399b1683134e1/element - {"using":"xpath","value":"//span[contains(text(), \"Work Breakdown Structure\")]"}
COMMAND: GET /session/7a77e4e78ab7f053ff1399b1683134e1/screenshot - {}
RESULT: {"using":"xpath","value":"//span[contains(text(), \"Work Breakdown Structure\")]"}
COMMAND: POST /session/7a77e4e78ab7f053ff1399b1683134e1/element/f.F34A9C30008BD60ECF93DB5E8BBA230A.d.7329B1F36CB9F5EFD7E8BFDE19654B5D.e.2314/click - {}
RESULT: {}
RESULT: {}
COMMAND: GET /session/7a77e4e78ab7f053ff1399b1683134e1/screenshot - {}
RESULT: {}
COMMAND: POST /session/7a77e4e78ab7f053ff1399b1683134e1/execute/async - {"script":"<script> [1562 bytes]","args":[{"selector":{"id":"application-managesites-display-component---NewSite--addressNewCostObjectCstID-vhi"},"wdio_ui5_key":"applicationmanagesites-display-component---NewSite--addressNewCostObjectCstID-vhi"}]}
RESULT: {"script":"<script> [1562 bytes]","args":[{"selector":{"id":"application-managesites-display-component---NewSite--addressNewCostObjectCstID-vhi"},"wdio_ui5_key":"applicationmanagesites-display-component---NewSite--addressNewCostObjectCstID-vhi"}]}
RESULT: undefined
COMMAND: POST /session/7a77e4e78ab7f053ff1399b1683134e1/element - {"using":"xpath","value":"//*[@id=\"application-managesites-display-component---NewSite--addressNewCostObjectCstID-vhi\"]"}
RESULT: {"using":"xpath","value":"//*[@id=\"application-managesites-display-component---NewSite--addressNewCostObjectCstID-vhi\"]"}
COMMAND: POST /session/7a77e4e78ab7f053ff1399b1683134e1/element/f.F34A9C30008BD60ECF93DB5E8BBA230A.d.7329B1F36CB9F5EFD7E8BFDE19654B5D.e.2318/click - {}
RESULT: {}
COMMAND: GET /session/7a77e4e78ab7f053ff1399b1683134e1/screenshot - {}
RESULT: {}
COMMAND: POST /session/7a77e4e78ab7f053ff1399b1683134e1/execute/async - {"script":"<script> [1562 bytes]","args":[{"selector":{"controlType":"sap.m.SearchField","properties":{"placeholder":"Search"},"searchOpenDialogs":true,"interaction":{"idSuffix":"I"}},"wdio_ui5_key":"sapm.SearchField{\"placeholder\":\"Search\"}"}]}
RESULT: {"script":"<script> [1562 bytes]","args":[{"selector":{"controlType":"sap.m.SearchField","properties":{"placeholder":"Search"},"searchOpenDialogs":true,"interaction":{"idSuffix":"I"}},"wdio_ui5_key":"sapm.SearchField{\"placeholder\":\"Search\"}"}]}
RESULT: undefined
COMMAND: POST /session/7a77e4e78ab7f053ff1399b1683134e1/execute/async - {"script":"<script> [776 bytes]","args":[{"enterText":"A1-000100-01","selector":{"controlType":"sap.m.SearchField","properties":{"placeholder":"Search"},"searchOpenDialogs":true,"interaction":{"idSuffix":"I"}},"clearTextFirst":true,"interactionType":"ENTER_TEXT"}]}
RESULT: {"script":"<script> [776 bytes]","args":[{"enterText":"A1-000100-01","selector":{"controlType":"sap.m.SearchField","properties":{"placeholder":"Search"},"searchOpenDialogs":true,"interaction":{"idSuffix":"I"}},"clearTextFirst":true,"interactionType":"ENTER_TEXT"}]}
COMMAND: POST /session/7a77e4e78ab7f053ff1399b1683134e1/actions - {"actions":[{"id":"action3","type":"key","parameters":{},"actions":[{"type":"keyDown","value":"î€‡"},{"type":"pause","duration":10},{"type":"keyUp","value":"î€‡"}]}]}
RESULT: {"actions":[{"id":"action3","type":"key","parameters":{},"actions":[{"type":"keyDown","value":"î€‡"},{"type":"pause","duration":10},{"type":"keyUp","value":"î€‡"}]}]}
COMMAND: GET /session/7a77e4e78ab7f053ff1399b1683134e1/screenshot - {}
RESULT: {}
COMMAND: POST /session/7a77e4e78ab7f053ff1399b1683134e1/element - {"using":"xpath","value":"//span[contains(text(), \"Template for ETO-Process\")]"}
RESULT: {"using":"xpath","value":"//span[contains(text(), \"Template for ETO-Process\")]"}
COMMAND: POST /session/7a77e4e78ab7f053ff1399b1683134e1/element/f.F34A9C30008BD60ECF93DB5E8BBA230A.d.7329B1F36CB9F5EFD7E8BFDE19654B5D.e.2338/click - {}
RESULT: {}
COMMAND: GET /session/7a77e4e78ab7f053ff1399b1683134e1/screenshot - {}
RESULT: {}
COMMAND: POST /session/7a77e4e78ab7f053ff1399b1683134e1/element - {"using":"xpath","value":"//bdi[contains(text(), \"OK\")]"}
RESULT: {"using":"xpath","value":"//bdi[contains(text(), \"OK\")]"}
COMMAND: POST /session/7a77e4e78ab7f053ff1399b1683134e1/element/f.F34A9C30008BD60ECF93DB5E8BBA230A.d.7329B1F36CB9F5EFD7E8BFDE19654B5D.e.2339/click - {}
RESULT: {}
COMMAND: GET /session/7a77e4e78ab7f053ff1399b1683134e1/screenshot - {}
RESULT: {}
COMMAND: POST /session/7a77e4e78ab7f053ff1399b1683134e1/element - {"using":"xpath","value":"//input[@id=\"application-managesites-display-component---NewSite--addressDetailDetailsYard-inner\"]"}
RESULT: {"using":"xpath","value":"//input[@id=\"application-managesites-display-component---NewSite--addressDetailDetailsYard-inner\"]"}
COMMAND: POST /session/7a77e4e78ab7f053ff1399b1683134e1/element/f.F34A9C30008BD60ECF93DB5E8BBA230A.d.7329B1F36CB9F5EFD7E8BFDE19654B5D.e.2114/value - {"text":"WebdriverYardgb2jc"}
RESULT: {"text":"WebdriverYardgb2jc"}
COMMAND: GET /session/7a77e4e78ab7f053ff1399b1683134e1/screenshot - {}
RESULT: {}
COMMAND: POST /session/7a77e4e78ab7f053ff1399b1683134e1/actions - {"actions":[{"id":"action4","type":"key","parameters":{},"actions":[{"type":"keyDown","value":"î€‡"},{"type":"pause","duration":10},{"type":"keyUp","value":"î€‡"}]}]}
RESULT: {"actions":[{"id":"action4","type":"key","parameters":{},"actions":[{"type":"keyDown","value":"î€‡"},{"type":"pause","duration":10},{"type":"keyUp","value":"î€‡"}]}]}
COMMAND: GET /session/7a77e4e78ab7f053ff1399b1683134e1/screenshot - {}
RESULT: {}
COMMAND: POST /session/7a77e4e78ab7f053ff1399b1683134e1/element - {"using":"xpath","value":"//input[@id=\"application-managesites-display-component---NewSite--addressDetailDetailsPartner-inner\"]"}
RESULT: {"using":"xpath","value":"//input[@id=\"application-managesites-display-component---NewSite--addressDetailDetailsPartner-inner\"]"}
COMMAND: POST /session/7a77e4e78ab7f053ff1399b1683134e1/elements - {"using":"xpath","value":"//input[@id=\"application-managesites-display-component---NewSite--addressDetailDetailsPartner-inner\"]"}
RESULT: {"using":"xpath","value":"//input[@id=\"application-managesites-display-component---NewSite--addressDetailDetailsPartner-inner\"]"}
COMMAND: POST /session/7a77e4e78ab7f053ff1399b1683134e1/execute/async - {"script":"<script> [1562 bytes]","args":[{"selector":{"controlType":"sap.m.Button","viewName":"etm.portal.ui.managesites.view.NewSmartSite","viewId":"application-managesites-display-component---NewSite","properties":{"text":"Commercial"},"interaction":{"idSuffix":"BDI-content"}},"wdio_ui5_key":"etmportal.ui.managesites.view.NewSmartSitesap.m.Button{\"text\":\"Commercial\"}"}]}
RESULT: {"script":"<script> [1562 bytes]","args":[{"selector":{"controlType":"sap.m.Button","viewName":"etm.portal.ui.managesites.view.NewSmartSite","viewId":"application-managesites-display-component---NewSite","properties":{"text":"Commercial"},"interaction":{"idSuffix":"BDI-content"}},"wdio_ui5_key":"etmportal.ui.managesites.view.NewSmartSitesap.m.Button{\"text\":\"Commercial\"}"}]}
RESULT: undefined
COMMAND: POST /session/7a77e4e78ab7f053ff1399b1683134e1/element - {"using":"xpath","value":"//*[@id=\"application-managesites-display-component---NewSite--ObjectPageLayout-anchBar-__section29-anchor\"]"}
RESULT: {"using":"xpath","value":"//*[@id=\"application-managesites-display-component---NewSite--ObjectPageLayout-anchBar-__section29-anchor\"]"}
COMMAND: POST /session/7a77e4e78ab7f053ff1399b1683134e1/element/f.F34A9C30008BD60ECF93DB5E8BBA230A.d.7329B1F36CB9F5EFD7E8BFDE19654B5D.e.2346/click - {}
RESULT: {}
COMMAND: POST /session/7a77e4e78ab7f053ff1399b1683134e1/execute/async - {"script":"<script> [1562 bytes]","args":[{"selector":{"controlType":"sap.m.Button","viewName":"etm.portal.ui.managesites.view.NewSmartSite","viewId":"application-managesites-display-component---NewSite","i18NText":{"propertyName":"text","key":"save"},"interaction":{"idSuffix":"BDI-content"}},"wdio_ui5_key":"etmportal.ui.managesites.view.NewSmartSitesap.m.Button{\"propertyName\":\"text\",\"key\":\"save\"}"}]}
COMMAND: GET /session/7a77e4e78ab7f053ff1399b1683134e1/screenshot - {}
RESULT: {"script":"<script> [1562 bytes]","args":[{"selector":{"controlType":"sap.m.Button","viewName":"etm.portal.ui.managesites.view.NewSmartSite","viewId":"application-managesites-display-component---NewSite","i18NText":{"propertyName":"text","key":"save"},"interaction":{"idSuffix":"BDI-content"}},"wdio_ui5_key":"etmportal.ui.managesites.view.NewSmartSitesap.m.Button{\"propertyName\":\"text\",\"key\":\"save\"}"}]}
RESULT: undefined
COMMAND: POST /session/7a77e4e78ab7f053ff1399b1683134e1/element - {"using":"xpath","value":"//*[@id=\"__button60\"]"}
RESULT: {}
RESULT: {"using":"xpath","value":"//*[@id=\"__button60\"]"}
COMMAND: POST /session/7a77e4e78ab7f053ff1399b1683134e1/element/f.F34A9C30008BD60ECF93DB5E8BBA230A.d.7329B1F36CB9F5EFD7E8BFDE19654B5D.e.2250/click - {}
RESULT: {}
COMMAND: GET /session/7a77e4e78ab7f053ff1399b1683134e1/screenshot - {}
RESULT: {}
COMMAND: POST /session/7a77e4e78ab7f053ff1399b1683134e1/execute/async - {"script":"<script> [1562 bytes]","args":[{"selector":{"id":"application-managesites-display-component---detailSite--addressDetailDetailsYardText"},"wdio_ui5_key":"applicationmanagesites-display-component---detailSite--addressDetailDetailsYardText"}]}
RESULT: {"script":"<script> [1562 bytes]","args":[{"selector":{"id":"application-managesites-display-component---detailSite--addressDetailDetailsYardText"},"wdio_ui5_key":"applicationmanagesites-display-component---detailSite--addressDetailDetailsYardText"}]}
RESULT: undefined
COMMAND: POST /session/7a77e4e78ab7f053ff1399b1683134e1/element - {"using":"xpath","value":"//header/div/div[2]/div[2]/span"}
RESULT: {"using":"xpath","value":"//header/div/div[2]/div[2]/span"}
COMMAND: GET /session/7a77e4e78ab7f053ff1399b1683134e1/element/f.F34A9C30008BD60ECF93DB5E8BBA230A.d.7329B1F36CB9F5EFD7E8BFDE19654B5D.e.2551/text - {}
RESULT: {}
COMMAND: POST /session/7a77e4e78ab7f053ff1399b1683134e1/element - {"using":"xpath","value":"//header/div/div/div/div/div/div[2]/div/span"}
RESULT: {"using":"xpath","value":"//header/div/div/div/div/div/div[2]/div/span"}
COMMAND: GET /session/7a77e4e78ab7f053ff1399b1683134e1/element/f.F34A9C30008BD60ECF93DB5E8BBA230A.d.7329B1F36CB9F5EFD7E8BFDE19654B5D.e.2552/text - {}
RESULT: {}
COMMAND: POST /session/7a77e4e78ab7f053ff1399b1683134e1/element - {"using":"css selector","value":"#shell-header-logo"}
RESULT: {"using":"css selector","value":"#shell-header-logo"}
COMMAND: POST /session/7a77e4e78ab7f053ff1399b1683134e1/element/f.F34A9C30008BD60ECF93DB5E8BBA230A.d.7329B1F36CB9F5EFD7E8BFDE19654B5D.e.1871/click - {}
RESULT: {}
COMMAND: GET /session/7a77e4e78ab7f053ff1399b1683134e1/screenshot - {}
RESULT: {}
]]></system-out>
    </testcase>
    <testcase classname="chrome.136_0_7103_93.windows.Manage_Requests_Tags_Tests_US120163" name="Should Create New Request Tags" time="233.185">
      <system-out><![CDATA[
COMMAND: POST /session/7a77e4e78ab7f053ff1399b1683134e1/execute/async - {"script":"<script> [1562 bytes]","args":[{"selector":{"controlType":"sap.m.GenericTile","properties":{"header":"Manage Requests"}},"wdio_ui5_key":"sapm.GenericTile{\"header\":\"Manage Requests\"}"}]}
RESULT: {"script":"<script> [1562 bytes]","args":[{"selector":{"controlType":"sap.m.GenericTile","properties":{"header":"Manage Requests"}},"wdio_ui5_key":"sapm.GenericTile{\"header\":\"Manage Requests\"}"}]}
RESULT: undefined
COMMAND: POST /session/7a77e4e78ab7f053ff1399b1683134e1/element - {"using":"xpath","value":"//*[@id=\"__tile47\"]"}
RESULT: {"using":"xpath","value":"//*[@id=\"__tile47\"]"}
COMMAND: POST /session/7a77e4e78ab7f053ff1399b1683134e1/element/f.F34A9C30008BD60ECF93DB5E8BBA230A.d.7329B1F36CB9F5EFD7E8BFDE19654B5D.e.2554/click - {}
RESULT: {}
COMMAND: GET /session/7a77e4e78ab7f053ff1399b1683134e1/screenshot - {}
RESULT: {}
COMMAND: POST /session/7a77e4e78ab7f053ff1399b1683134e1/elements - {"using":"xpath","value":"//span[text()='Error']"}
RESULT: {"using":"xpath","value":"//span[text()='Error']"}
COMMAND: POST /session/7a77e4e78ab7f053ff1399b1683134e1/element - {"using":"xpath","value":"//button[contains(@data-kt ,\"btnCreateNewOverflowToolbarButton\")]"}
COMMAND: POST /session/7a77e4e78ab7f053ff1399b1683134e1/element - {"using":"xpath","value":"(//span[contains(@class ,\"sapMObjStatusText\")])[1]"}
RESULT: {"using":"xpath","value":"//button[contains(@data-kt ,\"btnCreateNewOverflowToolbarButton\")]"}
COMMAND: POST /session/7a77e4e78ab7f053ff1399b1683134e1/element/f.F34A9C30008BD60ECF93DB5E8BBA230A.d.7329B1F36CB9F5EFD7E8BFDE19654B5D.e.2611/click - {}
RESULT: {"using":"xpath","value":"(//span[contains(@class ,\"sapMObjStatusText\")])[1]"}
COMMAND: POST /session/7a77e4e78ab7f053ff1399b1683134e1/execute/sync - {"script":"<script> [8489 bytes]","args":[{"element-6066-11e4-a52e-4f735466cecf":"f.F34A9C30008BD60ECF93DB5E8BBA230A.d.7329B1F36CB9F5EFD7E8BFDE19654B5D.e.2654","ELEMENT":"f.F34A9C30008BD60ECF93DB5E8BBA230A.d.7329B1F36CB9F5EFD7E8BFDE19654B5D.e.2654"}]}
RESULT: {}
COMMAND: GET /session/7a77e4e78ab7f053ff1399b1683134e1/screenshot - {}
RESULT: {"script":"<script> [8489 bytes]","args":[{"element-6066-11e4-a52e-4f735466cecf":"f.F34A9C30008BD60ECF93DB5E8BBA230A.d.7329B1F36CB9F5EFD7E8BFDE19654B5D.e.2654","ELEMENT":"f.F34A9C30008BD60ECF93DB5E8BBA230A.d.7329B1F36CB9F5EFD7E8BFDE19654B5D.e.2654"}]}
COMMAND: GET /session/7a77e4e78ab7f053ff1399b1683134e1/screenshot - {}
RESULT: {}
RESULT: {}
COMMAND: POST /session/7a77e4e78ab7f053ff1399b1683134e1/element - {"using":"xpath","value":"//input[contains(@id ,\"yardId-inner\")]"}
RESULT: {"using":"xpath","value":"//input[contains(@id ,\"yardId-inner\")]"}
COMMAND: POST /session/7a77e4e78ab7f053ff1399b1683134e1/execute/sync - {"script":"<script> [8489 bytes]","args":[{"element-6066-11e4-a52e-4f735466cecf":"f.F34A9C30008BD60ECF93DB5E8BBA230A.d.7329B1F36CB9F5EFD7E8BFDE19654B5D.e.2738","ELEMENT":"f.F34A9C30008BD60ECF93DB5E8BBA230A.d.7329B1F36CB9F5EFD7E8BFDE19654B5D.e.2738"}]}
RESULT: {"script":"<script> [8489 bytes]","args":[{"element-6066-11e4-a52e-4f735466cecf":"f.F34A9C30008BD60ECF93DB5E8BBA230A.d.7329B1F36CB9F5EFD7E8BFDE19654B5D.e.2738","ELEMENT":"f.F34A9C30008BD60ECF93DB5E8BBA230A.d.7329B1F36CB9F5EFD7E8BFDE19654B5D.e.2738"}]}
COMMAND: POST /session/7a77e4e78ab7f053ff1399b1683134e1/element - {"using":"xpath","value":"//input[contains(@id ,\"yardId-inner\")]"}
COMMAND: GET /session/7a77e4e78ab7f053ff1399b1683134e1/screenshot - {}
RESULT: {"using":"xpath","value":"//input[contains(@id ,\"yardId-inner\")]"}
COMMAND: GET /session/7a77e4e78ab7f053ff1399b1683134e1/element/f.F34A9C30008BD60ECF93DB5E8BBA230A.d.7329B1F36CB9F5EFD7E8BFDE19654B5D.e.2738/enabled - {}
RESULT: {}
RESULT: {}
COMMAND: POST /session/7a77e4e78ab7f053ff1399b1683134e1/element/f.F34A9C30008BD60ECF93DB5E8BBA230A.d.7329B1F36CB9F5EFD7E8BFDE19654B5D.e.2738/clear - {}
COMMAND: GET /session/7a77e4e78ab7f053ff1399b1683134e1/screenshot - {}
RESULT: {}
COMMAND: POST /session/7a77e4e78ab7f053ff1399b1683134e1/element/f.F34A9C30008BD60ECF93DB5E8BBA230A.d.7329B1F36CB9F5EFD7E8BFDE19654B5D.e.2738/value - {"text":"WebdriverYardgb2jc"}
COMMAND: GET /session/7a77e4e78ab7f053ff1399b1683134e1/screenshot - {}
RESULT: {}
RESULT: {"text":"WebdriverYardgb2jc"}
COMMAND: GET /session/7a77e4e78ab7f053ff1399b1683134e1/screenshot - {}
RESULT: {}
RESULT: {}
COMMAND: POST /session/7a77e4e78ab7f053ff1399b1683134e1/element - {"using":"xpath","value":"//input[contains(@id ,\"customerNumber-inner\")]"}
RESULT: {"using":"xpath","value":"//input[contains(@id ,\"customerNumber-inner\")]"}
COMMAND: POST /session/7a77e4e78ab7f053ff1399b1683134e1/element/f.F34A9C30008BD60ECF93DB5E8BBA230A.d.7329B1F36CB9F5EFD7E8BFDE19654B5D.e.2734/value - {"text":"WebdriverPartnerrl9mi"}
COMMAND: POST /session/7a77e4e78ab7f053ff1399b1683134e1/actions - {"actions":[{"id":"action5","type":"key","parameters":{},"actions":[{"type":"keyDown","value":"î€‡"},{"type":"pause","duration":10},{"type":"keyUp","value":"î€‡"}]}]}
RESULT: {"actions":[{"id":"action5","type":"key","parameters":{},"actions":[{"type":"keyDown","value":"î€‡"},{"type":"pause","duration":10},{"type":"keyUp","value":"î€‡"}]}]}
COMMAND: GET /session/7a77e4e78ab7f053ff1399b1683134e1/screenshot - {}
COMMAND: POST /session/7a77e4e78ab7f053ff1399b1683134e1/element/f.F34A9C30008BD60ECF93DB5E8BBA230A.d.7329B1F36CB9F5EFD7E8BFDE19654B5D.e.2738/clear - {}
RESULT: {"text":"WebdriverPartnerrl9mi"}
COMMAND: GET /session/7a77e4e78ab7f053ff1399b1683134e1/screenshot - {}
RESULT: {}
RESULT: {}
COMMAND: POST /session/7a77e4e78ab7f053ff1399b1683134e1/element/f.F34A9C30008BD60ECF93DB5E8BBA230A.d.7329B1F36CB9F5EFD7E8BFDE19654B5D.e.2738/clear - {}
COMMAND: GET /session/7a77e4e78ab7f053ff1399b1683134e1/screenshot - {}
RESULT: {}
RESULT: {}
COMMAND: POST /session/7a77e4e78ab7f053ff1399b1683134e1/element/f.F34A9C30008BD60ECF93DB5E8BBA230A.d.7329B1F36CB9F5EFD7E8BFDE19654B5D.e.2738/value - {"text":"WebdriverYardgb2jc"}
COMMAND: GET /session/7a77e4e78ab7f053ff1399b1683134e1/screenshot - {}
RESULT: {}
RESULT: {"text":"WebdriverYardgb2jc"}
COMMAND: GET /session/7a77e4e78ab7f053ff1399b1683134e1/screenshot - {}
RESULT: {}
RESULT: {}
COMMAND: POST /session/7a77e4e78ab7f053ff1399b1683134e1/actions - {"actions":[{"id":"action6","type":"key","parameters":{},"actions":[{"type":"keyDown","value":"î€‡"},{"type":"pause","duration":10},{"type":"keyUp","value":"î€‡"}]}]}
RESULT: {"actions":[{"id":"action6","type":"key","parameters":{},"actions":[{"type":"keyDown","value":"î€‡"},{"type":"pause","duration":10},{"type":"keyUp","value":"î€‡"}]}]}
COMMAND: GET /session/7a77e4e78ab7f053ff1399b1683134e1/screenshot - {}
RESULT: {}
COMMAND: POST /session/7a77e4e78ab7f053ff1399b1683134e1/actions - {"actions":[{"id":"action7","type":"key","parameters":{},"actions":[{"type":"keyDown","value":"î€‡"},{"type":"pause","duration":10},{"type":"keyUp","value":"î€‡"}]}]}
RESULT: {"actions":[{"id":"action7","type":"key","parameters":{},"actions":[{"type":"keyDown","value":"î€‡"},{"type":"pause","duration":10},{"type":"keyUp","value":"î€‡"}]}]}
COMMAND: GET /session/7a77e4e78ab7f053ff1399b1683134e1/screenshot - {}
RESULT: {}
COMMAND: GET /session/7a77e4e78ab7f053ff1399b1683134e1/element/f.F34A9C30008BD60ECF93DB5E8BBA230A.d.7329B1F36CB9F5EFD7E8BFDE19654B5D.e.2734/property/value - {}
RESULT: {}
COMMAND: POST /session/7a77e4e78ab7f053ff1399b1683134e1/element/f.F34A9C30008BD60ECF93DB5E8BBA230A.d.7329B1F36CB9F5EFD7E8BFDE19654B5D.e.2734/clear - {}
COMMAND: GET /session/7a77e4e78ab7f053ff1399b1683134e1/screenshot - {}
RESULT: {}
COMMAND: GET /session/7a77e4e78ab7f053ff1399b1683134e1/screenshot - {}
RESULT: {}
RESULT: {}
COMMAND: POST /session/7a77e4e78ab7f053ff1399b1683134e1/element/f.F34A9C30008BD60ECF93DB5E8BBA230A.d.7329B1F36CB9F5EFD7E8BFDE19654B5D.e.2734/value - {"text":"WebdriverPartnerrl9mi"}
RESULT: {"text":"WebdriverPartnerrl9mi"}
COMMAND: GET /session/7a77e4e78ab7f053ff1399b1683134e1/screenshot - {}
RESULT: {}
COMMAND: POST /session/7a77e4e78ab7f053ff1399b1683134e1/actions - {"actions":[{"id":"action8","type":"key","parameters":{},"actions":[{"type":"keyDown","value":"î€‡"},{"type":"pause","duration":10},{"type":"keyUp","value":"î€‡"}]}]}
RESULT: {"actions":[{"id":"action8","type":"key","parameters":{},"actions":[{"type":"keyDown","value":"î€‡"},{"type":"pause","duration":10},{"type":"keyUp","value":"î€‡"}]}]}
COMMAND: GET /session/7a77e4e78ab7f053ff1399b1683134e1/screenshot - {}
RESULT: {}
COMMAND: POST /session/7a77e4e78ab7f053ff1399b1683134e1/element - {"using":"xpath","value":"//input[contains(@id ,\"requestSiteId-inner\")]"}
RESULT: {"using":"xpath","value":"//input[contains(@id ,\"requestSiteId-inner\")]"}
COMMAND: POST /session/7a77e4e78ab7f053ff1399b1683134e1/element/f.F34A9C30008BD60ECF93DB5E8BBA230A.d.7329B1F36CB9F5EFD7E8BFDE19654B5D.e.2733/value - {"text":"WebdriverSitesv4mj"}
RESULT: {"text":"WebdriverSitesv4mj"}
COMMAND: GET /session/7a77e4e78ab7f053ff1399b1683134e1/screenshot - {}
RESULT: {}
COMMAND: POST /session/7a77e4e78ab7f053ff1399b1683134e1/actions - {"actions":[{"id":"action9","type":"key","parameters":{},"actions":[{"type":"keyDown","value":"î€‡"},{"type":"pause","duration":10},{"type":"keyUp","value":"î€‡"}]}]}
RESULT: {"actions":[{"id":"action9","type":"key","parameters":{},"actions":[{"type":"keyDown","value":"î€‡"},{"type":"pause","duration":10},{"type":"keyUp","value":"î€‡"}]}]}
COMMAND: GET /session/7a77e4e78ab7f053ff1399b1683134e1/screenshot - {}
RESULT: {}
COMMAND: POST /session/7a77e4e78ab7f053ff1399b1683134e1/execute/async - {"script":"<script> [1562 bytes]","args":[{"selector":{"controlType":"sap.m.Input","viewName":"etm.portal.ui.managerequests.view.NewRequest","bindingPath":{"path":"","propertyPath":"/DESCRIPTION","modelName":"oNewRequestModel"},"interaction":{"idSuffix":"inner"}},"wdio_ui5_key":"etmportal.ui.managerequests.view.NewRequestsap.m.Input{\"path\":\"\",\"propertyPath\":\"/DESCRIPTION\",\"modelName\":\"oNewRequestModel\"}"}]}
RESULT: {"script":"<script> [1562 bytes]","args":[{"selector":{"controlType":"sap.m.Input","viewName":"etm.portal.ui.managerequests.view.NewRequest","bindingPath":{"path":"","propertyPath":"/DESCRIPTION","modelName":"oNewRequestModel"},"interaction":{"idSuffix":"inner"}},"wdio_ui5_key":"etmportal.ui.managerequests.view.NewRequestsap.m.Input{\"path\":\"\",\"propertyPath\":\"/DESCRIPTION\",\"modelName\":\"oNewRequestModel\"}"}]}
RESULT: undefined
COMMAND: POST /session/7a77e4e78ab7f053ff1399b1683134e1/execute/async - {"script":"<script> [776 bytes]","args":[{"enterText":"Wdi5 Tags Test","selector":{"controlType":"sap.m.Input","viewName":"etm.portal.ui.managerequests.view.NewRequest","bindingPath":{"path":"","propertyPath":"/DESCRIPTION","modelName":"oNewRequestModel"},"interaction":{"idSuffix":"inner"}},"clearTextFirst":true,"interactionType":"ENTER_TEXT"}]}
RESULT: {"script":"<script> [776 bytes]","args":[{"enterText":"Wdi5 Tags Test","selector":{"controlType":"sap.m.Input","viewName":"etm.portal.ui.managerequests.view.NewRequest","bindingPath":{"path":"","propertyPath":"/DESCRIPTION","modelName":"oNewRequestModel"},"interaction":{"idSuffix":"inner"}},"clearTextFirst":true,"interactionType":"ENTER_TEXT"}]}
COMMAND: POST /session/7a77e4e78ab7f053ff1399b1683134e1/execute/async - {"script":"<script> [1562 bytes]","args":[{"selector":{"id":"tagInputAdd","viewName":"etm.portal.ui.managerequests.view.NewRequest","interaction":{"idSuffix":"inner"}},"wdio_ui5_key":"tagInputAddetmportal.ui.managerequests.view.NewRequest"}]}
RESULT: {"script":"<script> [1562 bytes]","args":[{"selector":{"id":"tagInputAdd","viewName":"etm.portal.ui.managerequests.view.NewRequest","interaction":{"idSuffix":"inner"}},"wdio_ui5_key":"tagInputAddetmportal.ui.managerequests.view.NewRequest"}]}
RESULT: undefined
COMMAND: POST /session/7a77e4e78ab7f053ff1399b1683134e1/execute/async - {"script":"<script> [776 bytes]","args":[{"enterText":"RefTag","selector":{"id":"tagInputAdd","viewName":"etm.portal.ui.managerequests.view.NewRequest","interaction":{"idSuffix":"inner"}},"clearTextFirst":true,"interactionType":"ENTER_TEXT"}]}
RESULT: {"script":"<script> [776 bytes]","args":[{"enterText":"RefTag","selector":{"id":"tagInputAdd","viewName":"etm.portal.ui.managerequests.view.NewRequest","interaction":{"idSuffix":"inner"}},"clearTextFirst":true,"interactionType":"ENTER_TEXT"}]}
COMMAND: POST /session/7a77e4e78ab7f053ff1399b1683134e1/actions - {"actions":[{"id":"action10","type":"key","parameters":{},"actions":[{"type":"keyDown","value":"î€‡"},{"type":"pause","duration":10},{"type":"keyUp","value":"î€‡"}]}]}
RESULT: {"actions":[{"id":"action10","type":"key","parameters":{},"actions":[{"type":"keyDown","value":"î€‡"},{"type":"pause","duration":10},{"type":"keyUp","value":"î€‡"}]}]}
COMMAND: GET /session/7a77e4e78ab7f053ff1399b1683134e1/screenshot - {}
RESULT: {}
RESULT: undefined
COMMAND: POST /session/7a77e4e78ab7f053ff1399b1683134e1/execute/async - {"script":"<script> [776 bytes]","args":[{"enterText":"tag-header","selector":{"id":"tagInputAdd","viewName":"etm.portal.ui.managerequests.view.NewRequest","interaction":{"idSuffix":"inner"}},"clearTextFirst":true,"interactionType":"ENTER_TEXT"}]}
RESULT: {"script":"<script> [776 bytes]","args":[{"enterText":"tag-header","selector":{"id":"tagInputAdd","viewName":"etm.portal.ui.managerequests.view.NewRequest","interaction":{"idSuffix":"inner"}},"clearTextFirst":true,"interactionType":"ENTER_TEXT"}]}
COMMAND: POST /session/7a77e4e78ab7f053ff1399b1683134e1/actions - {"actions":[{"id":"action11","type":"key","parameters":{},"actions":[{"type":"keyDown","value":"î€‡"},{"type":"pause","duration":10},{"type":"keyUp","value":"î€‡"}]}]}
RESULT: {"actions":[{"id":"action11","type":"key","parameters":{},"actions":[{"type":"keyDown","value":"î€‡"},{"type":"pause","duration":10},{"type":"keyUp","value":"î€‡"}]}]}
COMMAND: GET /session/7a77e4e78ab7f053ff1399b1683134e1/screenshot - {}
RESULT: {}
RESULT: undefined
COMMAND: POST /session/7a77e4e78ab7f053ff1399b1683134e1/execute/async - {"script":"<script> [776 bytes]","args":[{"enterText":"tag-duplicate","selector":{"id":"tagInputAdd","viewName":"etm.portal.ui.managerequests.view.NewRequest","interaction":{"idSuffix":"inner"}},"clearTextFirst":true,"interactionType":"ENTER_TEXT"}]}
RESULT: {"script":"<script> [776 bytes]","args":[{"enterText":"tag-duplicate","selector":{"id":"tagInputAdd","viewName":"etm.portal.ui.managerequests.view.NewRequest","interaction":{"idSuffix":"inner"}},"clearTextFirst":true,"interactionType":"ENTER_TEXT"}]}
COMMAND: POST /session/7a77e4e78ab7f053ff1399b1683134e1/actions - {"actions":[{"id":"action12","type":"key","parameters":{},"actions":[{"type":"keyDown","value":"î€‡"},{"type":"pause","duration":10},{"type":"keyUp","value":"î€‡"}]}]}
RESULT: {"actions":[{"id":"action12","type":"key","parameters":{},"actions":[{"type":"keyDown","value":"î€‡"},{"type":"pause","duration":10},{"type":"keyUp","value":"î€‡"}]}]}
COMMAND: GET /session/7a77e4e78ab7f053ff1399b1683134e1/screenshot - {}
RESULT: {}
COMMAND: POST /session/7a77e4e78ab7f053ff1399b1683134e1/execute/async - {"script":"<script> [1562 bytes]","args":[{"selector":{"id":"tagsLayoutAdd","viewName":"etm.portal.ui.managerequests.view.NewRequest"},"wdio_ui5_key":"tagsLayoutAddetmportal.ui.managerequests.view.NewRequest"}]}
RESULT: {"script":"<script> [1562 bytes]","args":[{"selector":{"id":"tagsLayoutAdd","viewName":"etm.portal.ui.managerequests.view.NewRequest"},"wdio_ui5_key":"tagsLayoutAddetmportal.ui.managerequests.view.NewRequest"}]}
RESULT: undefined
COMMAND: POST /session/7a77e4e78ab7f053ff1399b1683134e1/execute/async - {"script":"<script> [6424 bytes]","args":[{"element-6066-11e4-a52e-4f735466cecf":"f.F34A9C30008BD60ECF93DB5E8BBA230A.d.7329B1F36CB9F5EFD7E8BFDE19654B5D.e.2888"},"getTokens",[]]}
RESULT: {"script":"<script> [6424 bytes]","args":[{"element-6066-11e4-a52e-4f735466cecf":"f.F34A9C30008BD60ECF93DB5E8BBA230A.d.7329B1F36CB9F5EFD7E8BFDE19654B5D.e.2888"},"getTokens",[]]}
COMMAND: POST /session/7a77e4e78ab7f053ff1399b1683134e1/execute/async - {"script":"<script> [1562 bytes]","args":[{"wdio_ui5_key":"__token9","selector":{"id":"__token9"}}]}
COMMAND: POST /session/7a77e4e78ab7f053ff1399b1683134e1/execute/async - {"script":"<script> [1562 bytes]","args":[{"wdio_ui5_key":"__token10","selector":{"id":"__token10"}}]}
COMMAND: POST /session/7a77e4e78ab7f053ff1399b1683134e1/execute/async - {"script":"<script> [1562 bytes]","args":[{"wdio_ui5_key":"__token8","selector":{"id":"__token8"}}]}
RESULT: {"script":"<script> [1562 bytes]","args":[{"wdio_ui5_key":"__token9","selector":{"id":"__token9"}}]}
RESULT: undefined
RESULT: {"script":"<script> [1562 bytes]","args":[{"wdio_ui5_key":"__token10","selector":{"id":"__token10"}}]}
RESULT: undefined
RESULT: {"script":"<script> [1562 bytes]","args":[{"wdio_ui5_key":"__token8","selector":{"id":"__token8"}}]}
RESULT: undefined
COMMAND: POST /session/7a77e4e78ab7f053ff1399b1683134e1/execute/async - {"script":"<script> [1562 bytes]","args":[{"selector":{"controlType":"sap.ui.core.Icon","viewName":"etm.portal.ui.managerequests.view.NewRequest","properties":{"src":{"regex":{"source":"decline"}}},"ancestor":{"controlType":"sap.m.Token","viewName":"etm.portal.ui.managerequests.view.NewRequest","properties":{"text":"tag-duplicate"}}},"wdio_ui5_key":"etmportal.ui.managerequests.view.NewRequestsap.ui.core.Icon{\"src\":{\"regex\":{\"source\":\"decline\"}}}{\"controlType\":\"sap.m.Token\",\"viewName\":\"etm.portal.ui.managerequests.view.NewRequest\",\"properties\":{\"text\":\"tag-duplicate\"}}"}]}
RESULT: {"script":"<script> [1562 bytes]","args":[{"selector":{"controlType":"sap.ui.core.Icon","viewName":"etm.portal.ui.managerequests.view.NewRequest","properties":{"src":{"regex":{"source":"decline"}}},"ancestor":{"controlType":"sap.m.Token","viewName":"etm.portal.ui.managerequests.view.NewRequest","properties":{"text":"tag-duplicate"}}},"wdio_ui5_key":"etmportal.ui.managerequests.view.NewRequestsap.ui.core.Icon{\"src\":{\"regex\":{\"source\":\"decline\"}}}{\"controlType\":\"sap.m.Token\",\"viewName\":\"etm.portal.ui.managerequests.view.NewRequest\",\"properties\":{\"text\":\"tag-duplicate\"}}"}]}
RESULT: undefined
COMMAND: POST /session/7a77e4e78ab7f053ff1399b1683134e1/element - {"using":"xpath","value":"//*[@id=\"__token10-icon\"]"}
RESULT: {"using":"xpath","value":"//*[@id=\"__token10-icon\"]"}
COMMAND: POST /session/7a77e4e78ab7f053ff1399b1683134e1/element/f.F34A9C30008BD60ECF93DB5E8BBA230A.d.7329B1F36CB9F5EFD7E8BFDE19654B5D.e.2928/click - {}
RESULT: {}
COMMAND: POST /session/7a77e4e78ab7f053ff1399b1683134e1/execute/async - {"script":"<script> [1562 bytes]","args":[{"selector":{"controlType":"sap.ui.core.Icon","viewName":"etm.portal.ui.managerequests.view.NewRequest","properties":{"src":{"regex":{"source":"decline"}}},"ancestor":{"controlType":"sap.m.Token","viewName":"etm.portal.ui.managerequests.view.NewRequest","properties":{"text":"tag1"}}},"wdio_ui5_key":"etmportal.ui.managerequests.view.NewRequestsap.ui.core.Icon{\"src\":{\"regex\":{\"source\":\"decline\"}}}{\"controlType\":\"sap.m.Token\",\"viewName\":\"etm.portal.ui.managerequests.view.NewRequest\",\"properties\":{\"text\":\"tag1\"}}"}]}
COMMAND: GET /session/7a77e4e78ab7f053ff1399b1683134e1/screenshot - {}
RESULT: {"script":"<script> [1562 bytes]","args":[{"selector":{"controlType":"sap.ui.core.Icon","viewName":"etm.portal.ui.managerequests.view.NewRequest","properties":{"src":{"regex":{"source":"decline"}}},"ancestor":{"controlType":"sap.m.Token","viewName":"etm.portal.ui.managerequests.view.NewRequest","properties":{"text":"tag1"}}},"wdio_ui5_key":"etmportal.ui.managerequests.view.NewRequestsap.ui.core.Icon{\"src\":{\"regex\":{\"source\":\"decline\"}}}{\"controlType\":\"sap.m.Token\",\"viewName\":\"etm.portal.ui.managerequests.view.NewRequest\",\"properties\":{\"text\":\"tag1\"}}"}]}
RESULT: undefined
RESULT: {}
COMMAND: POST /session/7a77e4e78ab7f053ff1399b1683134e1/actions - {"actions":[{"id":"action13","type":"key","parameters":{},"actions":[{"type":"keyDown","value":"î€Œ"},{"type":"pause","duration":10},{"type":"keyUp","value":"î€Œ"}]}]}
RESULT: {"actions":[{"id":"action13","type":"key","parameters":{},"actions":[{"type":"keyDown","value":"î€Œ"},{"type":"pause","duration":10},{"type":"keyUp","value":"î€Œ"}]}]}
COMMAND: GET /session/7a77e4e78ab7f053ff1399b1683134e1/screenshot - {}
RESULT: {}
RESULT: undefined
COMMAND: POST /session/7a77e4e78ab7f053ff1399b1683134e1/execute/async - {"script":"<script> [6424 bytes]","args":[{"element-6066-11e4-a52e-4f735466cecf":"f.F34A9C30008BD60ECF93DB5E8BBA230A.d.7329B1F36CB9F5EFD7E8BFDE19654B5D.e.2888"},"getTokens",[]]}
RESULT: {"script":"<script> [6424 bytes]","args":[{"element-6066-11e4-a52e-4f735466cecf":"f.F34A9C30008BD60ECF93DB5E8BBA230A.d.7329B1F36CB9F5EFD7E8BFDE19654B5D.e.2888"},"getTokens",[]]}
RESULT: undefined
RESULT: undefined
COMMAND: POST /session/7a77e4e78ab7f053ff1399b1683134e1/execute/async - {"script":"<script> [1562 bytes]","args":[{"selector":{"controlType":"sap.m.Button","viewName":"etm.portal.ui.managerequests.view.NewRequest","properties":{"text":"Items"},"interaction":{"idSuffix":"BDI-content"}},"wdio_ui5_key":"etmportal.ui.managerequests.view.NewRequestsap.m.Button{\"text\":\"Items\"}"}]}
RESULT: {"script":"<script> [1562 bytes]","args":[{"selector":{"controlType":"sap.m.Button","viewName":"etm.portal.ui.managerequests.view.NewRequest","properties":{"text":"Items"},"interaction":{"idSuffix":"BDI-content"}},"wdio_ui5_key":"etmportal.ui.managerequests.view.NewRequestsap.m.Button{\"text\":\"Items\"}"}]}
RESULT: undefined
COMMAND: POST /session/7a77e4e78ab7f053ff1399b1683134e1/element - {"using":"xpath","value":"//*[@id=\"__xmlview59--newRequestPage-anchBar-__xmlview59--requestItemsSection-anchor\"]"}
RESULT: {"using":"xpath","value":"//*[@id=\"__xmlview59--newRequestPage-anchBar-__xmlview59--requestItemsSection-anchor\"]"}
COMMAND: POST /session/7a77e4e78ab7f053ff1399b1683134e1/element/f.F34A9C30008BD60ECF93DB5E8BBA230A.d.7329B1F36CB9F5EFD7E8BFDE19654B5D.e.2937/click - {}
RESULT: {}
COMMAND: GET /session/7a77e4e78ab7f053ff1399b1683134e1/screenshot - {}
RESULT: {}
COMMAND: POST /session/7a77e4e78ab7f053ff1399b1683134e1/execute/async - {"script":"<script> [1562 bytes]","args":[{"selector":{"controlType":"sap.ui.core.Icon","viewName":"etm.portal.ui.managerequests.view.NewRequest","properties":{"src":{"regex":{"source":"inspect"}}}},"wdio_ui5_key":"etmportal.ui.managerequests.view.NewRequestsap.ui.core.Icon{\"src\":{\"regex\":{\"source\":\"inspect\"}}}"}]}
RESULT: {"script":"<script> [1562 bytes]","args":[{"selector":{"controlType":"sap.ui.core.Icon","viewName":"etm.portal.ui.managerequests.view.NewRequest","properties":{"src":{"regex":{"source":"inspect"}}}},"wdio_ui5_key":"etmportal.ui.managerequests.view.NewRequestsap.ui.core.Icon{\"src\":{\"regex\":{\"source\":\"inspect\"}}}"}]}
RESULT: undefined
COMMAND: POST /session/7a77e4e78ab7f053ff1399b1683134e1/element - {"using":"xpath","value":"//*[@id=\"__button106-img\"]"}
RESULT: {"using":"xpath","value":"//*[@id=\"__button106-img\"]"}
COMMAND: POST /session/7a77e4e78ab7f053ff1399b1683134e1/element/f.F34A9C30008BD60ECF93DB5E8BBA230A.d.7329B1F36CB9F5EFD7E8BFDE19654B5D.e.2942/click - {}
RESULT: {}
COMMAND: GET /session/7a77e4e78ab7f053ff1399b1683134e1/screenshot - {}
RESULT: {}
COMMAND: POST /session/7a77e4e78ab7f053ff1399b1683134e1/execute/async - {"script":"<script> [1562 bytes]","args":[{"selector":{"controlType":"sap.ui.core.Icon","viewName":"etm.portal.ui.managerequests.view.NewRequest","properties":{"src":{"regex":{"source":"add"}}}},"wdio_ui5_key":"etmportal.ui.managerequests.view.NewRequestsap.ui.core.Icon{\"src\":{\"regex\":{\"source\":\"add\"}}}"}]}
RESULT: {"script":"<script> [1562 bytes]","args":[{"selector":{"controlType":"sap.ui.core.Icon","viewName":"etm.portal.ui.managerequests.view.NewRequest","properties":{"src":{"regex":{"source":"add"}}}},"wdio_ui5_key":"etmportal.ui.managerequests.view.NewRequestsap.ui.core.Icon{\"src\":{\"regex\":{\"source\":\"add\"}}}"}]}
RESULT: undefined
COMMAND: POST /session/7a77e4e78ab7f053ff1399b1683134e1/element - {"using":"xpath","value":"//*[@id=\"__xmlview59--btnAddTableRow-img\"]"}
RESULT: {"using":"xpath","value":"//*[@id=\"__xmlview59--btnAddTableRow-img\"]"}
COMMAND: POST /session/7a77e4e78ab7f053ff1399b1683134e1/element/f.F34A9C30008BD60ECF93DB5E8BBA230A.d.7329B1F36CB9F5EFD7E8BFDE19654B5D.e.2950/click - {}
RESULT: {}
COMMAND: GET /session/7a77e4e78ab7f053ff1399b1683134e1/screenshot - {}
RESULT: {}
COMMAND: POST /session/7a77e4e78ab7f053ff1399b1683134e1/execute/async - {"script":"<script> [1562 bytes]","args":[{"selector":{"controlType":"sap.ui.unified.MenuItem","viewName":"etm.portal.ui.managerequests.view.NewRequest","i18NText":{"propertyName":"text","key":"standardEntry"},"searchOpenDialogs":true,"interaction":{"idSuffix":"txt"}},"wdio_ui5_key":"etmportal.ui.managerequests.view.NewRequestsap.ui.unified.MenuItem{\"propertyName\":\"text\",\"key\":\"standardEntry\"}"}]}
RESULT: {"script":"<script> [1562 bytes]","args":[{"selector":{"controlType":"sap.ui.unified.MenuItem","viewName":"etm.portal.ui.managerequests.view.NewRequest","i18NText":{"propertyName":"text","key":"standardEntry"},"searchOpenDialogs":true,"interaction":{"idSuffix":"txt"}},"wdio_ui5_key":"etmportal.ui.managerequests.view.NewRequestsap.ui.unified.MenuItem{\"propertyName\":\"text\",\"key\":\"standardEntry\"}"}]}
RESULT: undefined
COMMAND: POST /session/7a77e4e78ab7f053ff1399b1683134e1/element - {"using":"xpath","value":"//*[@id=\"__item1423\"]"}
RESULT: {"using":"xpath","value":"//*[@id=\"__item1423\"]"}
COMMAND: POST /session/7a77e4e78ab7f053ff1399b1683134e1/element/f.F34A9C30008BD60ECF93DB5E8BBA230A.d.7329B1F36CB9F5EFD7E8BFDE19654B5D.e.2953/click - {}
RESULT: {}
COMMAND: GET /session/7a77e4e78ab7f053ff1399b1683134e1/screenshot - {}
RESULT: {}
RESULT: undefined
COMMAND: POST /session/7a77e4e78ab7f053ff1399b1683134e1/element - {"using":"xpath","value":"//*[@id=\"__xmlview59--btnAddTableRow-img\"]"}
RESULT: {"using":"xpath","value":"//*[@id=\"__xmlview59--btnAddTableRow-img\"]"}
COMMAND: POST /session/7a77e4e78ab7f053ff1399b1683134e1/element/f.F34A9C30008BD60ECF93DB5E8BBA230A.d.7329B1F36CB9F5EFD7E8BFDE19654B5D.e.2950/click - {}
RESULT: {}
COMMAND: GET /session/7a77e4e78ab7f053ff1399b1683134e1/screenshot - {}
RESULT: {}
RESULT: undefined
COMMAND: POST /session/7a77e4e78ab7f053ff1399b1683134e1/element - {"using":"xpath","value":"//*[@id=\"__item1423\"]"}
RESULT: {"using":"xpath","value":"//*[@id=\"__item1423\"]"}
COMMAND: POST /session/7a77e4e78ab7f053ff1399b1683134e1/element/f.F34A9C30008BD60ECF93DB5E8BBA230A.d.7329B1F36CB9F5EFD7E8BFDE19654B5D.e.2968/click - {}
RESULT: {}
COMMAND: GET /session/7a77e4e78ab7f053ff1399b1683134e1/screenshot - {}
RESULT: {}
COMMAND: POST /session/7a77e4e78ab7f053ff1399b1683134e1/element - {"using":"xpath","value":"(//input[contains(@id ,\"requestItemsTable-0-inner\")])[5]"}
RESULT: {"using":"xpath","value":"(//input[contains(@id ,\"requestItemsTable-0-inner\")])[5]"}
COMMAND: POST /session/7a77e4e78ab7f053ff1399b1683134e1/element/f.F34A9C30008BD60ECF93DB5E8BBA230A.d.7329B1F36CB9F5EFD7E8BFDE19654B5D.e.2959/clear - {}
RESULT: {}
COMMAND: POST /session/7a77e4e78ab7f053ff1399b1683134e1/element/f.F34A9C30008BD60ECF93DB5E8BBA230A.d.7329B1F36CB9F5EFD7E8BFDE19654B5D.e.2959/value - {"text":"1000001"}
COMMAND: GET /session/7a77e4e78ab7f053ff1399b1683134e1/screenshot - {}
RESULT: {"text":"1000001"}
COMMAND: GET /session/7a77e4e78ab7f053ff1399b1683134e1/screenshot - {}
RESULT: {}
RESULT: {}
COMMAND: POST /session/7a77e4e78ab7f053ff1399b1683134e1/actions - {"actions":[{"id":"action14","type":"key","parameters":{},"actions":[{"type":"keyDown","value":"î€‡"},{"type":"pause","duration":10},{"type":"keyUp","value":"î€‡"}]}]}
RESULT: {"actions":[{"id":"action14","type":"key","parameters":{},"actions":[{"type":"keyDown","value":"î€‡"},{"type":"pause","duration":10},{"type":"keyUp","value":"î€‡"}]}]}
COMMAND: POST /session/7a77e4e78ab7f053ff1399b1683134e1/element - {"using":"xpath","value":"(//input[contains(@id ,\"requestItemsTable-1-inner\")])[5]"}
COMMAND: GET /session/7a77e4e78ab7f053ff1399b1683134e1/screenshot - {}
RESULT: {"using":"xpath","value":"(//input[contains(@id ,\"requestItemsTable-1-inner\")])[5]"}
COMMAND: POST /session/7a77e4e78ab7f053ff1399b1683134e1/element/f.F34A9C30008BD60ECF93DB5E8BBA230A.d.7329B1F36CB9F5EFD7E8BFDE19654B5D.e.2974/clear - {}
RESULT: {}
RESULT: {}
COMMAND: POST /session/7a77e4e78ab7f053ff1399b1683134e1/element/f.F34A9C30008BD60ECF93DB5E8BBA230A.d.7329B1F36CB9F5EFD7E8BFDE19654B5D.e.2974/value - {"text":"1000002"}
COMMAND: GET /session/7a77e4e78ab7f053ff1399b1683134e1/screenshot - {}
RESULT: {"text":"1000002"}
COMMAND: GET /session/7a77e4e78ab7f053ff1399b1683134e1/screenshot - {}
RESULT: {}
RESULT: {}
COMMAND: POST /session/7a77e4e78ab7f053ff1399b1683134e1/actions - {"actions":[{"id":"action15","type":"key","parameters":{},"actions":[{"type":"keyDown","value":"î€‡"},{"type":"pause","duration":10},{"type":"keyUp","value":"î€‡"}]}]}
RESULT: {"actions":[{"id":"action15","type":"key","parameters":{},"actions":[{"type":"keyDown","value":"î€‡"},{"type":"pause","duration":10},{"type":"keyUp","value":"î€‡"}]}]}
COMMAND: POST /session/7a77e4e78ab7f053ff1399b1683134e1/execute/async - {"script":"<script> [1562 bytes]","args":[{"selector":{"controlType":"sap.m.Input","viewName":"etm.portal.ui.managerequests.view.NewRequest","bindingPath":{"path":"","propertyPath":"/Tags","modelName":"catalogModel"},"ancestor":{"controlType":"sap.m.ColumnListItem","viewName":"etm.portal.ui.managerequests.view.NewRequest","bindingPath":{"modelName":"newRequestItems","path":"/RequestItems/0"},"ancestor":{"id":"requestItemsTable","viewName":"etm.portal.ui.managerequests.view.NewRequest"}},"interaction":{"idSuffix":"inner"}},"wdio_ui5_key":"etmportal.ui.managerequests.view.NewRequestsap.m.Input{\"path\":\"\",\"propertyPath\":\"/Tags\",\"modelName\":\"catalogModel\"}{\"controlType\":\"sap.m.ColumnListItem\",\"viewName\":\"etm.portal.ui.managerequests.view.NewRequest\",\"bindingPath\":{\"modelName\":\"newRequestItems\",\"path\":\"/RequestItems/0\"},\"ancestor\":{\"id\":\"requestItemsTable\",\"viewName\":\"etm.portal.ui.managerequests.view.NewRequest\"}}"}]}
COMMAND: GET /session/7a77e4e78ab7f053ff1399b1683134e1/screenshot - {}
RESULT: {"script":"<script> [1562 bytes]","args":[{"selector":{"controlType":"sap.m.Input","viewName":"etm.portal.ui.managerequests.view.NewRequest","bindingPath":{"path":"","propertyPath":"/Tags","modelName":"catalogModel"},"ancestor":{"controlType":"sap.m.ColumnListItem","viewName":"etm.portal.ui.managerequests.view.NewRequest","bindingPath":{"modelName":"newRequestItems","path":"/RequestItems/0"},"ancestor":{"id":"requestItemsTable","viewName":"etm.portal.ui.managerequests.view.NewRequest"}},"interaction":{"idSuffix":"inner"}},"wdio_ui5_key":"etmportal.ui.managerequests.view.NewRequestsap.m.Input{\"path\":\"\",\"propertyPath\":\"/Tags\",\"modelName\":\"catalogModel\"}{\"controlType\":\"sap.m.ColumnListItem\",\"viewName\":\"etm.portal.ui.managerequests.view.NewRequest\",\"bindingPath\":{\"modelName\":\"newRequestItems\",\"path\":\"/RequestItems/0\"},\"ancestor\":{\"id\":\"requestItemsTable\",\"viewName\":\"etm.portal.ui.managerequests.view.NewRequest\"}}"}]}
RESULT: undefined
COMMAND: POST /session/7a77e4e78ab7f053ff1399b1683134e1/execute/async - {"script":"<script> [776 bytes]","args":[{"enterText":"tag1","selector":{"controlType":"sap.m.Input","viewName":"etm.portal.ui.managerequests.view.NewRequest","bindingPath":{"path":"","propertyPath":"/Tags","modelName":"catalogModel"},"ancestor":{"controlType":"sap.m.ColumnListItem","viewName":"etm.portal.ui.managerequests.view.NewRequest","bindingPath":{"modelName":"newRequestItems","path":"/RequestItems/0"},"ancestor":{"id":"requestItemsTable","viewName":"etm.portal.ui.managerequests.view.NewRequest"}},"interaction":{"idSuffix":"inner"}},"clearTextFirst":true,"interactionType":"ENTER_TEXT"}]}
RESULT: {}
RESULT: {"script":"<script> [776 bytes]","args":[{"enterText":"tag1","selector":{"controlType":"sap.m.Input","viewName":"etm.portal.ui.managerequests.view.NewRequest","bindingPath":{"path":"","propertyPath":"/Tags","modelName":"catalogModel"},"ancestor":{"controlType":"sap.m.ColumnListItem","viewName":"etm.portal.ui.managerequests.view.NewRequest","bindingPath":{"modelName":"newRequestItems","path":"/RequestItems/0"},"ancestor":{"id":"requestItemsTable","viewName":"etm.portal.ui.managerequests.view.NewRequest"}},"interaction":{"idSuffix":"inner"}},"clearTextFirst":true,"interactionType":"ENTER_TEXT"}]}
COMMAND: POST /session/7a77e4e78ab7f053ff1399b1683134e1/actions - {"actions":[{"id":"action16","type":"key","parameters":{},"actions":[{"type":"keyDown","value":"î€‡"},{"type":"pause","duration":10},{"type":"keyUp","value":"î€‡"}]}]}
RESULT: {"actions":[{"id":"action16","type":"key","parameters":{},"actions":[{"type":"keyDown","value":"î€‡"},{"type":"pause","duration":10},{"type":"keyUp","value":"î€‡"}]}]}
RESULT: undefined
COMMAND: POST /session/7a77e4e78ab7f053ff1399b1683134e1/execute/async - {"script":"<script> [776 bytes]","args":[{"enterText":"tag-duplicate","selector":{"controlType":"sap.m.Input","viewName":"etm.portal.ui.managerequests.view.NewRequest","bindingPath":{"path":"","propertyPath":"/Tags","modelName":"catalogModel"},"ancestor":{"controlType":"sap.m.ColumnListItem","viewName":"etm.portal.ui.managerequests.view.NewRequest","bindingPath":{"modelName":"newRequestItems","path":"/RequestItems/0"},"ancestor":{"id":"requestItemsTable","viewName":"etm.portal.ui.managerequests.view.NewRequest"}},"interaction":{"idSuffix":"inner"}},"clearTextFirst":true,"interactionType":"ENTER_TEXT"}]}
COMMAND: GET /session/7a77e4e78ab7f053ff1399b1683134e1/screenshot - {}
RESULT: {"script":"<script> [776 bytes]","args":[{"enterText":"tag-duplicate","selector":{"controlType":"sap.m.Input","viewName":"etm.portal.ui.managerequests.view.NewRequest","bindingPath":{"path":"","propertyPath":"/Tags","modelName":"catalogModel"},"ancestor":{"controlType":"sap.m.ColumnListItem","viewName":"etm.portal.ui.managerequests.view.NewRequest","bindingPath":{"modelName":"newRequestItems","path":"/RequestItems/0"},"ancestor":{"id":"requestItemsTable","viewName":"etm.portal.ui.managerequests.view.NewRequest"}},"interaction":{"idSuffix":"inner"}},"clearTextFirst":true,"interactionType":"ENTER_TEXT"}]}
RESULT: {}
COMMAND: POST /session/7a77e4e78ab7f053ff1399b1683134e1/actions - {"actions":[{"id":"action17","type":"key","parameters":{},"actions":[{"type":"keyDown","value":"î€‡"},{"type":"pause","duration":10},{"type":"keyUp","value":"î€‡"}]}]}
RESULT: {"actions":[{"id":"action17","type":"key","parameters":{},"actions":[{"type":"keyDown","value":"î€‡"},{"type":"pause","duration":10},{"type":"keyUp","value":"î€‡"}]}]}
COMMAND: GET /session/7a77e4e78ab7f053ff1399b1683134e1/screenshot - {}
RESULT: {}
COMMAND: POST /session/7a77e4e78ab7f053ff1399b1683134e1/execute/async - {"script":"<script> [1562 bytes]","args":[{"selector":{"controlType":"sap.m.Input","viewName":"etm.portal.ui.managerequests.view.NewRequest","bindingPath":{"path":"","propertyPath":"/Tags","modelName":"catalogModel"},"ancestor":{"controlType":"sap.m.ColumnListItem","viewName":"etm.portal.ui.managerequests.view.NewRequest","bindingPath":{"modelName":"newRequestItems","path":"/RequestItems/1"},"ancestor":{"id":"requestItemsTable","viewName":"etm.portal.ui.managerequests.view.NewRequest"}},"interaction":{"idSuffix":"inner"}},"wdio_ui5_key":"etmportal.ui.managerequests.view.NewRequestsap.m.Input{\"path\":\"\",\"propertyPath\":\"/Tags\",\"modelName\":\"catalogModel\"}{\"controlType\":\"sap.m.ColumnListItem\",\"viewName\":\"etm.portal.ui.managerequests.view.NewRequest\",\"bindingPath\":{\"modelName\":\"newRequestItems\",\"path\":\"/RequestItems/1\"},\"ancestor\":{\"id\":\"requestItemsTable\",\"viewName\":\"etm.portal.ui.managerequests.view.NewRequest\"}}"}]}
RESULT: {"script":"<script> [1562 bytes]","args":[{"selector":{"controlType":"sap.m.Input","viewName":"etm.portal.ui.managerequests.view.NewRequest","bindingPath":{"path":"","propertyPath":"/Tags","modelName":"catalogModel"},"ancestor":{"controlType":"sap.m.ColumnListItem","viewName":"etm.portal.ui.managerequests.view.NewRequest","bindingPath":{"modelName":"newRequestItems","path":"/RequestItems/1"},"ancestor":{"id":"requestItemsTable","viewName":"etm.portal.ui.managerequests.view.NewRequest"}},"interaction":{"idSuffix":"inner"}},"wdio_ui5_key":"etmportal.ui.managerequests.view.NewRequestsap.m.Input{\"path\":\"\",\"propertyPath\":\"/Tags\",\"modelName\":\"catalogModel\"}{\"controlType\":\"sap.m.ColumnListItem\",\"viewName\":\"etm.portal.ui.managerequests.view.NewRequest\",\"bindingPath\":{\"modelName\":\"newRequestItems\",\"path\":\"/RequestItems/1\"},\"ancestor\":{\"id\":\"requestItemsTable\",\"viewName\":\"etm.portal.ui.managerequests.view.NewRequest\"}}"}]}
RESULT: undefined
COMMAND: POST /session/7a77e4e78ab7f053ff1399b1683134e1/execute/async - {"script":"<script> [776 bytes]","args":[{"enterText":"tag1","selector":{"controlType":"sap.m.Input","viewName":"etm.portal.ui.managerequests.view.NewRequest","bindingPath":{"path":"","propertyPath":"/Tags","modelName":"catalogModel"},"ancestor":{"controlType":"sap.m.ColumnListItem","viewName":"etm.portal.ui.managerequests.view.NewRequest","bindingPath":{"modelName":"newRequestItems","path":"/RequestItems/1"},"ancestor":{"id":"requestItemsTable","viewName":"etm.portal.ui.managerequests.view.NewRequest"}},"interaction":{"idSuffix":"inner"}},"clearTextFirst":true,"interactionType":"ENTER_TEXT"}]}
RESULT: {"script":"<script> [776 bytes]","args":[{"enterText":"tag1","selector":{"controlType":"sap.m.Input","viewName":"etm.portal.ui.managerequests.view.NewRequest","bindingPath":{"path":"","propertyPath":"/Tags","modelName":"catalogModel"},"ancestor":{"controlType":"sap.m.ColumnListItem","viewName":"etm.portal.ui.managerequests.view.NewRequest","bindingPath":{"modelName":"newRequestItems","path":"/RequestItems/1"},"ancestor":{"id":"requestItemsTable","viewName":"etm.portal.ui.managerequests.view.NewRequest"}},"interaction":{"idSuffix":"inner"}},"clearTextFirst":true,"interactionType":"ENTER_TEXT"}]}
COMMAND: POST /session/7a77e4e78ab7f053ff1399b1683134e1/actions - {"actions":[{"id":"action18","type":"key","parameters":{},"actions":[{"type":"keyDown","value":"î€‡"},{"type":"pause","duration":10},{"type":"keyUp","value":"î€‡"}]}]}
RESULT: {"actions":[{"id":"action18","type":"key","parameters":{},"actions":[{"type":"keyDown","value":"î€‡"},{"type":"pause","duration":10},{"type":"keyUp","value":"î€‡"}]}]}
RESULT: undefined
COMMAND: POST /session/7a77e4e78ab7f053ff1399b1683134e1/execute/async - {"script":"<script> [776 bytes]","args":[{"enterText":"tag-duplicate","selector":{"controlType":"sap.m.Input","viewName":"etm.portal.ui.managerequests.view.NewRequest","bindingPath":{"path":"","propertyPath":"/Tags","modelName":"catalogModel"},"ancestor":{"controlType":"sap.m.ColumnListItem","viewName":"etm.portal.ui.managerequests.view.NewRequest","bindingPath":{"modelName":"newRequestItems","path":"/RequestItems/1"},"ancestor":{"id":"requestItemsTable","viewName":"etm.portal.ui.managerequests.view.NewRequest"}},"interaction":{"idSuffix":"inner"}},"clearTextFirst":true,"interactionType":"ENTER_TEXT"}]}
COMMAND: GET /session/7a77e4e78ab7f053ff1399b1683134e1/screenshot - {}
RESULT: {"script":"<script> [776 bytes]","args":[{"enterText":"tag-duplicate","selector":{"controlType":"sap.m.Input","viewName":"etm.portal.ui.managerequests.view.NewRequest","bindingPath":{"path":"","propertyPath":"/Tags","modelName":"catalogModel"},"ancestor":{"controlType":"sap.m.ColumnListItem","viewName":"etm.portal.ui.managerequests.view.NewRequest","bindingPath":{"modelName":"newRequestItems","path":"/RequestItems/1"},"ancestor":{"id":"requestItemsTable","viewName":"etm.portal.ui.managerequests.view.NewRequest"}},"interaction":{"idSuffix":"inner"}},"clearTextFirst":true,"interactionType":"ENTER_TEXT"}]}
RESULT: {}
COMMAND: POST /session/7a77e4e78ab7f053ff1399b1683134e1/actions - {"actions":[{"id":"action19","type":"key","parameters":{},"actions":[{"type":"keyDown","value":"î€‡"},{"type":"pause","duration":10},{"type":"keyUp","value":"î€‡"}]}]}
RESULT: {"actions":[{"id":"action19","type":"key","parameters":{},"actions":[{"type":"keyDown","value":"î€‡"},{"type":"pause","duration":10},{"type":"keyUp","value":"î€‡"}]}]}
COMMAND: GET /session/7a77e4e78ab7f053ff1399b1683134e1/screenshot - {}
RESULT: {}
COMMAND: POST /session/7a77e4e78ab7f053ff1399b1683134e1/execute/async - {"script":"<script> [1562 bytes]","args":[{"selector":{"controlType":"sap.ui.core.Icon","viewName":"etm.portal.ui.managerequests.view.NewRequest","properties":{"src":{"regex":{"source":"slim\\-arrow\\-down"}}},"ancestor":{"controlType":"sap.m.Button","viewName":"etm.portal.ui.managerequests.view.NewRequest","properties":{"icon":"sap-icon://slim-arrow-down"}}},"wdio_ui5_key":"etmportal.ui.managerequests.view.NewRequestsap.ui.core.Icon{\"src\":{\"regex\":{\"source\":\"slim\\\\-arrow\\\\-down\"}}}{\"controlType\":\"sap.m.Button\",\"viewName\":\"etm.portal.ui.managerequests.view.NewRequest\",\"properties\":{\"icon\":\"sap-icon://slim-arrow-down\"}}"}]}
RESULT: {"script":"<script> [1562 bytes]","args":[{"selector":{"controlType":"sap.ui.core.Icon","viewName":"etm.portal.ui.managerequests.view.NewRequest","properties":{"src":{"regex":{"source":"slim\\-arrow\\-down"}}},"ancestor":{"controlType":"sap.m.Button","viewName":"etm.portal.ui.managerequests.view.NewRequest","properties":{"icon":"sap-icon://slim-arrow-down"}}},"wdio_ui5_key":"etmportal.ui.managerequests.view.NewRequestsap.ui.core.Icon{\"src\":{\"regex\":{\"source\":\"slim\\\\-arrow\\\\-down\"}}}{\"controlType\":\"sap.m.Button\",\"viewName\":\"etm.portal.ui.managerequests.view.NewRequest\",\"properties\":{\"icon\":\"sap-icon://slim-arrow-down\"}}"}]}
RESULT: undefined
COMMAND: POST /session/7a77e4e78ab7f053ff1399b1683134e1/element - {"using":"xpath","value":"//*[@id=\"__title21-expandBtn-img\"]"}
RESULT: {"using":"xpath","value":"//*[@id=\"__title21-expandBtn-img\"]"}
COMMAND: POST /session/7a77e4e78ab7f053ff1399b1683134e1/element/f.F34A9C30008BD60ECF93DB5E8BBA230A.d.7329B1F36CB9F5EFD7E8BFDE19654B5D.e.3020/click - {}
RESULT: {}
COMMAND: GET /session/7a77e4e78ab7f053ff1399b1683134e1/screenshot - {}
RESULT: {}
COMMAND: POST /session/7a77e4e78ab7f053ff1399b1683134e1/element - {"using":"xpath","value":"//div[contains(@data-kt ,\"splitAllocationObjectStatus\")]"}
RESULT: {"using":"xpath","value":"//div[contains(@data-kt ,\"splitAllocationObjectStatus\")]"}
COMMAND: POST /session/7a77e4e78ab7f053ff1399b1683134e1/elements - {"using":"xpath","value":"//div[contains(@data-kt ,\"splitAllocationObjectStatus\")]"}
RESULT: {"using":"xpath","value":"//div[contains(@data-kt ,\"splitAllocationObjectStatus\")]"}
COMMAND: POST /session/7a77e4e78ab7f053ff1399b1683134e1/execute/async - {"script":"<script> [1562 bytes]","args":[{"selector":{"controlType":"sap.ui.core.Icon","viewName":"etm.portal.ui.managerequests.view.NewRequest","properties":{"src":{"regex":{"source":"message\\-error"}}},"ancestor":{"controlType":"sap.m.ColumnListItem","viewName":"etm.portal.ui.managerequests.view.NewRequest","bindingPath":{"modelName":"newRequestItems","path":"/RequestItems/0"},"ancestor":{"id":"requestItemsTable","viewName":"etm.portal.ui.managerequests.view.NewRequest"}}},"wdio_ui5_key":"etmportal.ui.managerequests.view.NewRequestsap.ui.core.Icon{\"src\":{\"regex\":{\"source\":\"message\\\\-error\"}}}{\"controlType\":\"sap.m.ColumnListItem\",\"viewName\":\"etm.portal.ui.managerequests.view.NewRequest\",\"bindingPath\":{\"modelName\":\"newRequestItems\",\"path\":\"/RequestItems/0\"},\"ancestor\":{\"id\":\"requestItemsTable\",\"viewName\":\"etm.portal.ui.managerequests.view.NewRequest\"}}"}]}
RESULT: {"script":"<script> [1562 bytes]","args":[{"selector":{"controlType":"sap.ui.core.Icon","viewName":"etm.portal.ui.managerequests.view.NewRequest","properties":{"src":{"regex":{"source":"message\\-error"}}},"ancestor":{"controlType":"sap.m.ColumnListItem","viewName":"etm.portal.ui.managerequests.view.NewRequest","bindingPath":{"modelName":"newRequestItems","path":"/RequestItems/0"},"ancestor":{"id":"requestItemsTable","viewName":"etm.portal.ui.managerequests.view.NewRequest"}}},"wdio_ui5_key":"etmportal.ui.managerequests.view.NewRequestsap.ui.core.Icon{\"src\":{\"regex\":{\"source\":\"message\\\\-error\"}}}{\"controlType\":\"sap.m.ColumnListItem\",\"viewName\":\"etm.portal.ui.managerequests.view.NewRequest\",\"bindingPath\":{\"modelName\":\"newRequestItems\",\"path\":\"/RequestItems/0\"},\"ancestor\":{\"id\":\"requestItemsTable\",\"viewName\":\"etm.portal.ui.managerequests.view.NewRequest\"}}"}]}
RESULT: undefined
COMMAND: POST /session/7a77e4e78ab7f053ff1399b1683134e1/element - {"using":"xpath","value":"//*[@id=\"__status6-__xmlview59--requestItemsTable-0-icon\"]"}
RESULT: {"using":"xpath","value":"//*[@id=\"__status6-__xmlview59--requestItemsTable-0-icon\"]"}
COMMAND: POST /session/7a77e4e78ab7f053ff1399b1683134e1/element/f.F34A9C30008BD60ECF93DB5E8BBA230A.d.7329B1F36CB9F5EFD7E8BFDE19654B5D.e.3001/click - {}
RESULT: {}
COMMAND: GET /session/7a77e4e78ab7f053ff1399b1683134e1/screenshot - {}
RESULT: {}
COMMAND: POST /session/7a77e4e78ab7f053ff1399b1683134e1/execute/async - {"script":"<script> [1562 bytes]","args":[{"selector":{"id":"costObjectAdminTypeComboBox","viewName":"etm.portal.ui.managerequests.view.NewRequest","searchOpenDialogs":true,"interaction":{"idSuffix":"inner"}},"wdio_ui5_key":"costObjectAdminTypeComboBoxetmportal.ui.managerequests.view.NewRequest"}]}
RESULT: {"script":"<script> [1562 bytes]","args":[{"selector":{"id":"costObjectAdminTypeComboBox","viewName":"etm.portal.ui.managerequests.view.NewRequest","searchOpenDialogs":true,"interaction":{"idSuffix":"inner"}},"wdio_ui5_key":"costObjectAdminTypeComboBoxetmportal.ui.managerequests.view.NewRequest"}]}
RESULT: undefined
COMMAND: POST /session/7a77e4e78ab7f053ff1399b1683134e1/execute/async - {"script":"<script> [776 bytes]","args":[{"enterText":"Cost Center","selector":{"id":"costObjectAdminTypeComboBox","viewName":"etm.portal.ui.managerequests.view.NewRequest","searchOpenDialogs":true,"interaction":{"idSuffix":"inner"}},"clearTextFirst":true,"interactionType":"ENTER_TEXT"}]}
RESULT: {"script":"<script> [776 bytes]","args":[{"enterText":"Cost Center","selector":{"id":"costObjectAdminTypeComboBox","viewName":"etm.portal.ui.managerequests.view.NewRequest","searchOpenDialogs":true,"interaction":{"idSuffix":"inner"}},"clearTextFirst":true,"interactionType":"ENTER_TEXT"}]}
COMMAND: POST /session/7a77e4e78ab7f053ff1399b1683134e1/actions - {"actions":[{"id":"action20","type":"key","parameters":{},"actions":[{"type":"keyDown","value":"î€‡"},{"type":"pause","duration":10},{"type":"keyUp","value":"î€‡"}]}]}
RESULT: {"actions":[{"id":"action20","type":"key","parameters":{},"actions":[{"type":"keyDown","value":"î€‡"},{"type":"pause","duration":10},{"type":"keyUp","value":"î€‡"}]}]}
COMMAND: GET /session/7a77e4e78ab7f053ff1399b1683134e1/screenshot - {}
RESULT: {}
COMMAND: POST /session/7a77e4e78ab7f053ff1399b1683134e1/execute/async - {"script":"<script> [1562 bytes]","args":[{"selector":{"id":"costObjectIdComboBox","viewName":"etm.portal.ui.managerequests.view.NewRequest","searchOpenDialogs":true,"interaction":{"idSuffix":"inner"}},"wdio_ui5_key":"costObjectIdComboBoxetmportal.ui.managerequests.view.NewRequest"}]}
RESULT: {"script":"<script> [1562 bytes]","args":[{"selector":{"id":"costObjectIdComboBox","viewName":"etm.portal.ui.managerequests.view.NewRequest","searchOpenDialogs":true,"interaction":{"idSuffix":"inner"}},"wdio_ui5_key":"costObjectIdComboBoxetmportal.ui.managerequests.view.NewRequest"}]}
RESULT: undefined
COMMAND: POST /session/7a77e4e78ab7f053ff1399b1683134e1/execute/async - {"script":"<script> [776 bytes]","args":[{"enterText":"1001 - 1001","selector":{"id":"costObjectIdComboBox","viewName":"etm.portal.ui.managerequests.view.NewRequest","searchOpenDialogs":true,"interaction":{"idSuffix":"inner"}},"clearTextFirst":true,"interactionType":"ENTER_TEXT"}]}
RESULT: {"script":"<script> [776 bytes]","args":[{"enterText":"1001 - 1001","selector":{"id":"costObjectIdComboBox","viewName":"etm.portal.ui.managerequests.view.NewRequest","searchOpenDialogs":true,"interaction":{"idSuffix":"inner"}},"clearTextFirst":true,"interactionType":"ENTER_TEXT"}]}
COMMAND: POST /session/7a77e4e78ab7f053ff1399b1683134e1/actions - {"actions":[{"id":"action21","type":"key","parameters":{},"actions":[{"type":"keyDown","value":"î€‡"},{"type":"pause","duration":10},{"type":"keyUp","value":"î€‡"}]}]}
RESULT: {"actions":[{"id":"action21","type":"key","parameters":{},"actions":[{"type":"keyDown","value":"î€‡"},{"type":"pause","duration":10},{"type":"keyUp","value":"î€‡"}]}]}
COMMAND: GET /session/7a77e4e78ab7f053ff1399b1683134e1/screenshot - {}
RESULT: {}
COMMAND: POST /session/7a77e4e78ab7f053ff1399b1683134e1/element - {"using":"xpath","value":"(//bdi[(text() = 'Save' or . = 'Save')])[1]"}
RESULT: {"using":"xpath","value":"(//bdi[(text() = 'Save' or . = 'Save')])[1]"}
COMMAND: POST /session/7a77e4e78ab7f053ff1399b1683134e1/element/f.F34A9C30008BD60ECF93DB5E8BBA230A.d.7329B1F36CB9F5EFD7E8BFDE19654B5D.e.3040/click - {}
RESULT: {}
COMMAND: POST /session/7a77e4e78ab7f053ff1399b1683134e1/execute/async - {"script":"<script> [1562 bytes]","args":[{"selector":{"controlType":"sap.ui.core.Icon","viewName":"etm.portal.ui.managerequests.view.NewRequest","properties":{"src":{"regex":{"source":"message\\-error"}}},"ancestor":{"controlType":"sap.m.ColumnListItem","viewName":"etm.portal.ui.managerequests.view.NewRequest","bindingPath":{"modelName":"newRequestItems","path":"/RequestItems/1"},"ancestor":{"id":"requestItemsTable","viewName":"etm.portal.ui.managerequests.view.NewRequest"}}},"wdio_ui5_key":"etmportal.ui.managerequests.view.NewRequestsap.ui.core.Icon{\"src\":{\"regex\":{\"source\":\"message\\\\-error\"}}}{\"controlType\":\"sap.m.ColumnListItem\",\"viewName\":\"etm.portal.ui.managerequests.view.NewRequest\",\"bindingPath\":{\"modelName\":\"newRequestItems\",\"path\":\"/RequestItems/1\"},\"ancestor\":{\"id\":\"requestItemsTable\",\"viewName\":\"etm.portal.ui.managerequests.view.NewRequest\"}}"}]}
COMMAND: GET /session/7a77e4e78ab7f053ff1399b1683134e1/screenshot - {}
RESULT: {"script":"<script> [1562 bytes]","args":[{"selector":{"controlType":"sap.ui.core.Icon","viewName":"etm.portal.ui.managerequests.view.NewRequest","properties":{"src":{"regex":{"source":"message\\-error"}}},"ancestor":{"controlType":"sap.m.ColumnListItem","viewName":"etm.portal.ui.managerequests.view.NewRequest","bindingPath":{"modelName":"newRequestItems","path":"/RequestItems/1"},"ancestor":{"id":"requestItemsTable","viewName":"etm.portal.ui.managerequests.view.NewRequest"}}},"wdio_ui5_key":"etmportal.ui.managerequests.view.NewRequestsap.ui.core.Icon{\"src\":{\"regex\":{\"source\":\"message\\\\-error\"}}}{\"controlType\":\"sap.m.ColumnListItem\",\"viewName\":\"etm.portal.ui.managerequests.view.NewRequest\",\"bindingPath\":{\"modelName\":\"newRequestItems\",\"path\":\"/RequestItems/1\"},\"ancestor\":{\"id\":\"requestItemsTable\",\"viewName\":\"etm.portal.ui.managerequests.view.NewRequest\"}}"}]}
RESULT: undefined
COMMAND: POST /session/7a77e4e78ab7f053ff1399b1683134e1/element - {"using":"xpath","value":"//*[@id=\"__status6-__xmlview59--requestItemsTable-1-icon\"]"}
RESULT: {}
RESULT: {"using":"xpath","value":"//*[@id=\"__status6-__xmlview59--requestItemsTable-1-icon\"]"}
COMMAND: POST /session/7a77e4e78ab7f053ff1399b1683134e1/element/f.F34A9C30008BD60ECF93DB5E8BBA230A.d.7329B1F36CB9F5EFD7E8BFDE19654B5D.e.3018/click - {}
RESULT: {}
COMMAND: GET /session/7a77e4e78ab7f053ff1399b1683134e1/screenshot - {}
RESULT: {}
RESULT: undefined
COMMAND: POST /session/7a77e4e78ab7f053ff1399b1683134e1/execute/async - {"script":"<script> [776 bytes]","args":[{"enterText":"Cost Center","selector":{"id":"costObjectAdminTypeComboBox","viewName":"etm.portal.ui.managerequests.view.NewRequest","searchOpenDialogs":true,"interaction":{"idSuffix":"inner"}},"clearTextFirst":true,"interactionType":"ENTER_TEXT"}]}
RESULT: {"script":"<script> [776 bytes]","args":[{"enterText":"Cost Center","selector":{"id":"costObjectAdminTypeComboBox","viewName":"etm.portal.ui.managerequests.view.NewRequest","searchOpenDialogs":true,"interaction":{"idSuffix":"inner"}},"clearTextFirst":true,"interactionType":"ENTER_TEXT"}]}
COMMAND: POST /session/7a77e4e78ab7f053ff1399b1683134e1/actions - {"actions":[{"id":"action22","type":"key","parameters":{},"actions":[{"type":"keyDown","value":"î€‡"},{"type":"pause","duration":10},{"type":"keyUp","value":"î€‡"}]}]}
RESULT: {"actions":[{"id":"action22","type":"key","parameters":{},"actions":[{"type":"keyDown","value":"î€‡"},{"type":"pause","duration":10},{"type":"keyUp","value":"î€‡"}]}]}
COMMAND: GET /session/7a77e4e78ab7f053ff1399b1683134e1/screenshot - {}
RESULT: {}
RESULT: undefined
COMMAND: POST /session/7a77e4e78ab7f053ff1399b1683134e1/execute/async - {"script":"<script> [776 bytes]","args":[{"enterText":"1001 - 1001","selector":{"id":"costObjectIdComboBox","viewName":"etm.portal.ui.managerequests.view.NewRequest","searchOpenDialogs":true,"interaction":{"idSuffix":"inner"}},"clearTextFirst":true,"interactionType":"ENTER_TEXT"}]}
RESULT: {"script":"<script> [776 bytes]","args":[{"enterText":"1001 - 1001","selector":{"id":"costObjectIdComboBox","viewName":"etm.portal.ui.managerequests.view.NewRequest","searchOpenDialogs":true,"interaction":{"idSuffix":"inner"}},"clearTextFirst":true,"interactionType":"ENTER_TEXT"}]}
COMMAND: POST /session/7a77e4e78ab7f053ff1399b1683134e1/actions - {"actions":[{"id":"action23","type":"key","parameters":{},"actions":[{"type":"keyDown","value":"î€‡"},{"type":"pause","duration":10},{"type":"keyUp","value":"î€‡"}]}]}
RESULT: {"actions":[{"id":"action23","type":"key","parameters":{},"actions":[{"type":"keyDown","value":"î€‡"},{"type":"pause","duration":10},{"type":"keyUp","value":"î€‡"}]}]}
COMMAND: GET /session/7a77e4e78ab7f053ff1399b1683134e1/screenshot - {}
RESULT: {}
COMMAND: POST /session/7a77e4e78ab7f053ff1399b1683134e1/element - {"using":"xpath","value":"(//bdi[(text() = 'Save' or . = 'Save')])[1]"}
RESULT: {"using":"xpath","value":"(//bdi[(text() = 'Save' or . = 'Save')])[1]"}
COMMAND: POST /session/7a77e4e78ab7f053ff1399b1683134e1/element/f.F34A9C30008BD60ECF93DB5E8BBA230A.d.7329B1F36CB9F5EFD7E8BFDE19654B5D.e.3054/click - {}
RESULT: {}
COMMAND: POST /session/7a77e4e78ab7f053ff1399b1683134e1/execute/async - {"script":"<script> [1562 bytes]","args":[{"selector":{"controlType":"sap.ui.core.Icon","viewName":"etm.portal.ui.managerequests.view.NewRequest","properties":{"src":{"regex":{"source":"decline"}}},"ancestor":{"controlType":"sap.m.Token","viewName":"etm.portal.ui.managerequests.view.NewRequest","bindingPath":{"path":"/RequestItems/0/TOKENS/0","propertyPath":"TAG","modelName":"newRequestItems"}}},"wdio_ui5_key":"etmportal.ui.managerequests.view.NewRequestsap.ui.core.Icon{\"src\":{\"regex\":{\"source\":\"decline\"}}}{\"controlType\":\"sap.m.Token\",\"viewName\":\"etm.portal.ui.managerequests.view.NewRequest\",\"bindingPath\":{\"path\":\"/RequestItems/0/TOKENS/0\",\"propertyPath\":\"TAG\",\"modelName\":\"newRequestItems\"}}"}]}
COMMAND: GET /session/7a77e4e78ab7f053ff1399b1683134e1/screenshot - {}
RESULT: {"script":"<script> [1562 bytes]","args":[{"selector":{"controlType":"sap.ui.core.Icon","viewName":"etm.portal.ui.managerequests.view.NewRequest","properties":{"src":{"regex":{"source":"decline"}}},"ancestor":{"controlType":"sap.m.Token","viewName":"etm.portal.ui.managerequests.view.NewRequest","bindingPath":{"path":"/RequestItems/0/TOKENS/0","propertyPath":"TAG","modelName":"newRequestItems"}}},"wdio_ui5_key":"etmportal.ui.managerequests.view.NewRequestsap.ui.core.Icon{\"src\":{\"regex\":{\"source\":\"decline\"}}}{\"controlType\":\"sap.m.Token\",\"viewName\":\"etm.portal.ui.managerequests.view.NewRequest\",\"bindingPath\":{\"path\":\"/RequestItems/0/TOKENS/0\",\"propertyPath\":\"TAG\",\"modelName\":\"newRequestItems\"}}"}]}
RESULT: undefined
COMMAND: POST /session/7a77e4e78ab7f053ff1399b1683134e1/element - {"using":"xpath","value":"//*[@id=\"__token7-__tokenizer62-__xmlview59--requestItemsTable-0-0-icon\"]"}
RESULT: {}
RESULT: {"using":"xpath","value":"//*[@id=\"__token7-__tokenizer62-__xmlview59--requestItemsTable-0-0-icon\"]"}
COMMAND: POST /session/7a77e4e78ab7f053ff1399b1683134e1/element/f.F34A9C30008BD60ECF93DB5E8BBA230A.d.7329B1F36CB9F5EFD7E8BFDE19654B5D.e.3056/click - {}
RESULT: {}
COMMAND: GET /session/7a77e4e78ab7f053ff1399b1683134e1/screenshot - {}
RESULT: {}
COMMAND: POST /session/7a77e4e78ab7f053ff1399b1683134e1/actions - {"actions":[{"id":"action24","type":"key","parameters":{},"actions":[{"type":"keyDown","value":"î€Œ"},{"type":"pause","duration":10},{"type":"keyUp","value":"î€Œ"}]}]}
RESULT: {"actions":[{"id":"action24","type":"key","parameters":{},"actions":[{"type":"keyDown","value":"î€Œ"},{"type":"pause","duration":10},{"type":"keyUp","value":"î€Œ"}]}]}
COMMAND: GET /session/7a77e4e78ab7f053ff1399b1683134e1/screenshot - {}
RESULT: {}
COMMAND: POST /session/7a77e4e78ab7f053ff1399b1683134e1/execute/async - {"script":"<script> [1562 bytes]","args":[{"selector":{"controlType":"sap.m.Tokenizer","viewName":"etm.portal.ui.managerequests.view.NewRequest","bindingPath":{"path":"/RequestItems/0","propertyPath":"TOKENS","modelName":"newRequestItems"}},"wdio_ui5_key":"etmportal.ui.managerequests.view.NewRequestsap.m.Tokenizer{\"path\":\"/RequestItems/0\",\"propertyPath\":\"TOKENS\",\"modelName\":\"newRequestItems\"}"}]}
RESULT: {"script":"<script> [1562 bytes]","args":[{"selector":{"controlType":"sap.m.Tokenizer","viewName":"etm.portal.ui.managerequests.view.NewRequest","bindingPath":{"path":"/RequestItems/0","propertyPath":"TOKENS","modelName":"newRequestItems"}},"wdio_ui5_key":"etmportal.ui.managerequests.view.NewRequestsap.m.Tokenizer{\"path\":\"/RequestItems/0\",\"propertyPath\":\"TOKENS\",\"modelName\":\"newRequestItems\"}"}]}
RESULT: undefined
COMMAND: POST /session/7a77e4e78ab7f053ff1399b1683134e1/execute/async - {"script":"<script> [6424 bytes]","args":[{"element-6066-11e4-a52e-4f735466cecf":"f.F34A9C30008BD60ECF93DB5E8BBA230A.d.7329B1F36CB9F5EFD7E8BFDE19654B5D.e.3064"},"getTokens",[]]}
RESULT: {"script":"<script> [6424 bytes]","args":[{"element-6066-11e4-a52e-4f735466cecf":"f.F34A9C30008BD60ECF93DB5E8BBA230A.d.7329B1F36CB9F5EFD7E8BFDE19654B5D.e.3064"},"getTokens",[]]}
COMMAND: POST /session/7a77e4e78ab7f053ff1399b1683134e1/execute/async - {"script":"<script> [1562 bytes]","args":[{"wdio_ui5_key":"__token7-__tokenizer62-__xmlview59--requestItemsTable-0-0","selector":{"id":"__token7-__tokenizer62-__xmlview59--requestItemsTable-0-0"}}]}
RESULT: {"script":"<script> [1562 bytes]","args":[{"wdio_ui5_key":"__token7-__tokenizer62-__xmlview59--requestItemsTable-0-0","selector":{"id":"__token7-__tokenizer62-__xmlview59--requestItemsTable-0-0"}}]}
RESULT: undefined
RESULT: undefined
COMMAND: POST /session/7a77e4e78ab7f053ff1399b1683134e1/execute/async - {"script":"<script> [776 bytes]","args":[{"enterText":"tagRequest1","selector":{"controlType":"sap.m.Input","viewName":"etm.portal.ui.managerequests.view.NewRequest","bindingPath":{"path":"","propertyPath":"/Tags","modelName":"catalogModel"},"ancestor":{"controlType":"sap.m.ColumnListItem","viewName":"etm.portal.ui.managerequests.view.NewRequest","bindingPath":{"modelName":"newRequestItems","path":"/RequestItems/0"},"ancestor":{"id":"requestItemsTable","viewName":"etm.portal.ui.managerequests.view.NewRequest"}},"interaction":{"idSuffix":"inner"}},"clearTextFirst":true,"interactionType":"ENTER_TEXT"}]}
RESULT: {"script":"<script> [776 bytes]","args":[{"enterText":"tagRequest1","selector":{"controlType":"sap.m.Input","viewName":"etm.portal.ui.managerequests.view.NewRequest","bindingPath":{"path":"","propertyPath":"/Tags","modelName":"catalogModel"},"ancestor":{"controlType":"sap.m.ColumnListItem","viewName":"etm.portal.ui.managerequests.view.NewRequest","bindingPath":{"modelName":"newRequestItems","path":"/RequestItems/0"},"ancestor":{"id":"requestItemsTable","viewName":"etm.portal.ui.managerequests.view.NewRequest"}},"interaction":{"idSuffix":"inner"}},"clearTextFirst":true,"interactionType":"ENTER_TEXT"}]}
COMMAND: POST /session/7a77e4e78ab7f053ff1399b1683134e1/actions - {"actions":[{"id":"action25","type":"key","parameters":{},"actions":[{"type":"keyDown","value":"î€‡"},{"type":"pause","duration":10},{"type":"keyUp","value":"î€‡"}]}]}
RESULT: {"actions":[{"id":"action25","type":"key","parameters":{},"actions":[{"type":"keyDown","value":"î€‡"},{"type":"pause","duration":10},{"type":"keyUp","value":"î€‡"}]}]}
COMMAND: GET /session/7a77e4e78ab7f053ff1399b1683134e1/screenshot - {}
RESULT: {}
RESULT: undefined
COMMAND: POST /session/7a77e4e78ab7f053ff1399b1683134e1/execute/async - {"script":"<script> [6424 bytes]","args":[{"element-6066-11e4-a52e-4f735466cecf":"f.F34A9C30008BD60ECF93DB5E8BBA230A.d.7329B1F36CB9F5EFD7E8BFDE19654B5D.e.3064"},"getTokens",[]]}
RESULT: {"script":"<script> [6424 bytes]","args":[{"element-6066-11e4-a52e-4f735466cecf":"f.F34A9C30008BD60ECF93DB5E8BBA230A.d.7329B1F36CB9F5EFD7E8BFDE19654B5D.e.3064"},"getTokens",[]]}
COMMAND: POST /session/7a77e4e78ab7f053ff1399b1683134e1/execute/async - {"script":"<script> [1562 bytes]","args":[{"wdio_ui5_key":"__token7-__tokenizer62-__xmlview59--requestItemsTable-0-1","selector":{"id":"__token7-__tokenizer62-__xmlview59--requestItemsTable-0-1"}}]}
RESULT: undefined
RESULT: {"script":"<script> [1562 bytes]","args":[{"wdio_ui5_key":"__token7-__tokenizer62-__xmlview59--requestItemsTable-0-1","selector":{"id":"__token7-__tokenizer62-__xmlview59--requestItemsTable-0-1"}}]}
RESULT: undefined
COMMAND: POST /session/7a77e4e78ab7f053ff1399b1683134e1/execute/async - {"script":"<script> [1562 bytes]","args":[{"selector":{"controlType":"sap.ui.core.Icon","viewName":"etm.portal.ui.managerequests.view.NewRequest","properties":{"src":{"regex":{"source":"decline"}}},"ancestor":{"controlType":"sap.m.Token","viewName":"etm.portal.ui.managerequests.view.NewRequest","bindingPath":{"path":"/RequestItems/1/TOKENS/0","propertyPath":"TAG","modelName":"newRequestItems"}}},"wdio_ui5_key":"etmportal.ui.managerequests.view.NewRequestsap.ui.core.Icon{\"src\":{\"regex\":{\"source\":\"decline\"}}}{\"controlType\":\"sap.m.Token\",\"viewName\":\"etm.portal.ui.managerequests.view.NewRequest\",\"bindingPath\":{\"path\":\"/RequestItems/1/TOKENS/0\",\"propertyPath\":\"TAG\",\"modelName\":\"newRequestItems\"}}"}]}
RESULT: {"script":"<script> [1562 bytes]","args":[{"selector":{"controlType":"sap.ui.core.Icon","viewName":"etm.portal.ui.managerequests.view.NewRequest","properties":{"src":{"regex":{"source":"decline"}}},"ancestor":{"controlType":"sap.m.Token","viewName":"etm.portal.ui.managerequests.view.NewRequest","bindingPath":{"path":"/RequestItems/1/TOKENS/0","propertyPath":"TAG","modelName":"newRequestItems"}}},"wdio_ui5_key":"etmportal.ui.managerequests.view.NewRequestsap.ui.core.Icon{\"src\":{\"regex\":{\"source\":\"decline\"}}}{\"controlType\":\"sap.m.Token\",\"viewName\":\"etm.portal.ui.managerequests.view.NewRequest\",\"bindingPath\":{\"path\":\"/RequestItems/1/TOKENS/0\",\"propertyPath\":\"TAG\",\"modelName\":\"newRequestItems\"}}"}]}
RESULT: undefined
COMMAND: POST /session/7a77e4e78ab7f053ff1399b1683134e1/element - {"using":"xpath","value":"//*[@id=\"__token7-__tokenizer62-__xmlview59--requestItemsTable-1-0-icon\"]"}
RESULT: {"using":"xpath","value":"//*[@id=\"__token7-__tokenizer62-__xmlview59--requestItemsTable-1-0-icon\"]"}
COMMAND: POST /session/7a77e4e78ab7f053ff1399b1683134e1/element/f.F34A9C30008BD60ECF93DB5E8BBA230A.d.7329B1F36CB9F5EFD7E8BFDE19654B5D.e.3066/click - {}
RESULT: {}
COMMAND: GET /session/7a77e4e78ab7f053ff1399b1683134e1/screenshot - {}
RESULT: {}
COMMAND: POST /session/7a77e4e78ab7f053ff1399b1683134e1/actions - {"actions":[{"id":"action26","type":"key","parameters":{},"actions":[{"type":"keyDown","value":"î€Œ"},{"type":"pause","duration":10},{"type":"keyUp","value":"î€Œ"}]}]}
RESULT: {"actions":[{"id":"action26","type":"key","parameters":{},"actions":[{"type":"keyDown","value":"î€Œ"},{"type":"pause","duration":10},{"type":"keyUp","value":"î€Œ"}]}]}
COMMAND: GET /session/7a77e4e78ab7f053ff1399b1683134e1/screenshot - {}
RESULT: {}
COMMAND: POST /session/7a77e4e78ab7f053ff1399b1683134e1/execute/async - {"script":"<script> [1562 bytes]","args":[{"selector":{"controlType":"sap.m.Tokenizer","viewName":"etm.portal.ui.managerequests.view.NewRequest","bindingPath":{"path":"/RequestItems/1","propertyPath":"TOKENS","modelName":"newRequestItems"}},"wdio_ui5_key":"etmportal.ui.managerequests.view.NewRequestsap.m.Tokenizer{\"path\":\"/RequestItems/1\",\"propertyPath\":\"TOKENS\",\"modelName\":\"newRequestItems\"}"}]}
RESULT: {"script":"<script> [1562 bytes]","args":[{"selector":{"controlType":"sap.m.Tokenizer","viewName":"etm.portal.ui.managerequests.view.NewRequest","bindingPath":{"path":"/RequestItems/1","propertyPath":"TOKENS","modelName":"newRequestItems"}},"wdio_ui5_key":"etmportal.ui.managerequests.view.NewRequestsap.m.Tokenizer{\"path\":\"/RequestItems/1\",\"propertyPath\":\"TOKENS\",\"modelName\":\"newRequestItems\"}"}]}
RESULT: undefined
COMMAND: POST /session/7a77e4e78ab7f053ff1399b1683134e1/execute/async - {"script":"<script> [6424 bytes]","args":[{"element-6066-11e4-a52e-4f735466cecf":"f.F34A9C30008BD60ECF93DB5E8BBA230A.d.7329B1F36CB9F5EFD7E8BFDE19654B5D.e.3074"},"getTokens",[]]}
RESULT: {"script":"<script> [6424 bytes]","args":[{"element-6066-11e4-a52e-4f735466cecf":"f.F34A9C30008BD60ECF93DB5E8BBA230A.d.7329B1F36CB9F5EFD7E8BFDE19654B5D.e.3074"},"getTokens",[]]}
COMMAND: POST /session/7a77e4e78ab7f053ff1399b1683134e1/execute/async - {"script":"<script> [1562 bytes]","args":[{"wdio_ui5_key":"__token7-__tokenizer62-__xmlview59--requestItemsTable-1-0","selector":{"id":"__token7-__tokenizer62-__xmlview59--requestItemsTable-1-0"}}]}
RESULT: {"script":"<script> [1562 bytes]","args":[{"wdio_ui5_key":"__token7-__tokenizer62-__xmlview59--requestItemsTable-1-0","selector":{"id":"__token7-__tokenizer62-__xmlview59--requestItemsTable-1-0"}}]}
RESULT: undefined
RESULT: undefined
COMMAND: POST /session/7a77e4e78ab7f053ff1399b1683134e1/execute/async - {"script":"<script> [776 bytes]","args":[{"enterText":"tagRequest1","selector":{"controlType":"sap.m.Input","viewName":"etm.portal.ui.managerequests.view.NewRequest","bindingPath":{"path":"","propertyPath":"/Tags","modelName":"catalogModel"},"ancestor":{"controlType":"sap.m.ColumnListItem","viewName":"etm.portal.ui.managerequests.view.NewRequest","bindingPath":{"modelName":"newRequestItems","path":"/RequestItems/1"},"ancestor":{"id":"requestItemsTable","viewName":"etm.portal.ui.managerequests.view.NewRequest"}},"interaction":{"idSuffix":"inner"}},"clearTextFirst":true,"interactionType":"ENTER_TEXT"}]}
RESULT: {"script":"<script> [776 bytes]","args":[{"enterText":"tagRequest1","selector":{"controlType":"sap.m.Input","viewName":"etm.portal.ui.managerequests.view.NewRequest","bindingPath":{"path":"","propertyPath":"/Tags","modelName":"catalogModel"},"ancestor":{"controlType":"sap.m.ColumnListItem","viewName":"etm.portal.ui.managerequests.view.NewRequest","bindingPath":{"modelName":"newRequestItems","path":"/RequestItems/1"},"ancestor":{"id":"requestItemsTable","viewName":"etm.portal.ui.managerequests.view.NewRequest"}},"interaction":{"idSuffix":"inner"}},"clearTextFirst":true,"interactionType":"ENTER_TEXT"}]}
COMMAND: POST /session/7a77e4e78ab7f053ff1399b1683134e1/actions - {"actions":[{"id":"action27","type":"key","parameters":{},"actions":[{"type":"keyDown","value":"î€‡"},{"type":"pause","duration":10},{"type":"keyUp","value":"î€‡"}]}]}
RESULT: {"actions":[{"id":"action27","type":"key","parameters":{},"actions":[{"type":"keyDown","value":"î€‡"},{"type":"pause","duration":10},{"type":"keyUp","value":"î€‡"}]}]}
COMMAND: GET /session/7a77e4e78ab7f053ff1399b1683134e1/screenshot - {}
RESULT: {}
RESULT: undefined
COMMAND: POST /session/7a77e4e78ab7f053ff1399b1683134e1/execute/async - {"script":"<script> [6424 bytes]","args":[{"element-6066-11e4-a52e-4f735466cecf":"f.F34A9C30008BD60ECF93DB5E8BBA230A.d.7329B1F36CB9F5EFD7E8BFDE19654B5D.e.3074"},"getTokens",[]]}
RESULT: {"script":"<script> [6424 bytes]","args":[{"element-6066-11e4-a52e-4f735466cecf":"f.F34A9C30008BD60ECF93DB5E8BBA230A.d.7329B1F36CB9F5EFD7E8BFDE19654B5D.e.3074"},"getTokens",[]]}
COMMAND: POST /session/7a77e4e78ab7f053ff1399b1683134e1/execute/async - {"script":"<script> [1562 bytes]","args":[{"wdio_ui5_key":"__token7-__tokenizer62-__xmlview59--requestItemsTable-1-1","selector":{"id":"__token7-__tokenizer62-__xmlview59--requestItemsTable-1-1"}}]}
RESULT: undefined
RESULT: {"script":"<script> [1562 bytes]","args":[{"wdio_ui5_key":"__token7-__tokenizer62-__xmlview59--requestItemsTable-1-1","selector":{"id":"__token7-__tokenizer62-__xmlview59--requestItemsTable-1-1"}}]}
RESULT: undefined
COMMAND: POST /session/7a77e4e78ab7f053ff1399b1683134e1/execute/async - {"script":"<script> [1562 bytes]","args":[{"selector":{"controlType":"sap.m.Button","viewName":"etm.portal.ui.managerequests.view.NewRequest","properties":{"text":"Save"},"i18NText":{"propertyName":"tooltip","key":"save"},"interaction":{"idSuffix":"BDI-content"}},"wdio_ui5_key":"etmportal.ui.managerequests.view.NewRequestsap.m.Button{\"propertyName\":\"tooltip\",\"key\":\"save\"}{\"text\":\"Save\"}"}]}
RESULT: {"script":"<script> [1562 bytes]","args":[{"selector":{"controlType":"sap.m.Button","viewName":"etm.portal.ui.managerequests.view.NewRequest","properties":{"text":"Save"},"i18NText":{"propertyName":"tooltip","key":"save"},"interaction":{"idSuffix":"BDI-content"}},"wdio_ui5_key":"etmportal.ui.managerequests.view.NewRequestsap.m.Button{\"propertyName\":\"tooltip\",\"key\":\"save\"}{\"text\":\"Save\"}"}]}
RESULT: undefined
COMMAND: POST /session/7a77e4e78ab7f053ff1399b1683134e1/element - {"using":"xpath","value":"//*[@id=\"__button109\"]"}
RESULT: {"using":"xpath","value":"//*[@id=\"__button109\"]"}
COMMAND: POST /session/7a77e4e78ab7f053ff1399b1683134e1/element/f.F34A9C30008BD60ECF93DB5E8BBA230A.d.7329B1F36CB9F5EFD7E8BFDE19654B5D.e.2817/click - {}
RESULT: {}
COMMAND: GET /session/7a77e4e78ab7f053ff1399b1683134e1/screenshot - {}
RESULT: {}
COMMAND: POST /session/7a77e4e78ab7f053ff1399b1683134e1/element - {"using":"xpath","value":"//bdi[contains(@id ,\"BDI-content\")][contains(text(), \"Close\")]"}
RESULT: {"using":"xpath","value":"//bdi[contains(@id ,\"BDI-content\")][contains(text(), \"Close\")]"}
COMMAND: POST /session/7a77e4e78ab7f053ff1399b1683134e1/element/f.F34A9C30008BD60ECF93DB5E8BBA230A.d.7329B1F36CB9F5EFD7E8BFDE19654B5D.e.3083/click - {}
RESULT: {}
COMMAND: GET /session/7a77e4e78ab7f053ff1399b1683134e1/screenshot - {}
RESULT: {}
]]></system-out>
    </testcase>
    <testcase classname="chrome.136_0_7103_93.windows.Manage_Requests_Tags_Tests_US120163" name="Should Edit Request Tags" time="102.112">
      <system-out><![CDATA[
COMMAND: POST /session/7a77e4e78ab7f053ff1399b1683134e1/execute/async - {"script":"<script> [1562 bytes]","args":[{"selector":{"controlType":"sap.ui.core.Icon","viewName":"etm.portal.ui.managerequests.view.Detail","properties":{"src":{"regex":{"source":"overflow"}}}},"wdio_ui5_key":"etmportal.ui.managerequests.view.Detailsap.ui.core.Icon{\"src\":{\"regex\":{\"source\":\"overflow\"}}}"}]}
RESULT: {"script":"<script> [1562 bytes]","args":[{"selector":{"controlType":"sap.ui.core.Icon","viewName":"etm.portal.ui.managerequests.view.Detail","properties":{"src":{"regex":{"source":"overflow"}}}},"wdio_ui5_key":"etmportal.ui.managerequests.view.Detailsap.ui.core.Icon{\"src\":{\"regex\":{\"source\":\"overflow\"}}}"}]}
RESULT: undefined
COMMAND: POST /session/7a77e4e78ab7f053ff1399b1683134e1/element - {"using":"xpath","value":"//*[@id=\"__xmlview60--detailHeaderTitle-_actionsToolbar-overflowButton-img\"]"}
RESULT: {"using":"xpath","value":"//*[@id=\"__xmlview60--detailHeaderTitle-_actionsToolbar-overflowButton-img\"]"}
COMMAND: POST /session/7a77e4e78ab7f053ff1399b1683134e1/element/f.F34A9C30008BD60ECF93DB5E8BBA230A.d.7329B1F36CB9F5EFD7E8BFDE19654B5D.e.3219/click - {}
RESULT: {}
COMMAND: GET /session/7a77e4e78ab7f053ff1399b1683134e1/screenshot - {}
RESULT: {}
COMMAND: POST /session/7a77e4e78ab7f053ff1399b1683134e1/execute/async - {"script":"<script> [1562 bytes]","args":[{"selector":{"controlType":"sap.uxap.ObjectPageHeaderActionButton","viewName":"etm.portal.ui.managerequests.view.Detail","i18NText":{"propertyName":"text","key":"edit"},"searchOpenDialogs":true,"interaction":{"idSuffix":"inner"}},"wdio_ui5_key":"etmportal.ui.managerequests.view.Detailsap.uxap.ObjectPageHeaderActionButton{\"propertyName\":\"text\",\"key\":\"edit\"}"}]}
RESULT: {"script":"<script> [1562 bytes]","args":[{"selector":{"controlType":"sap.uxap.ObjectPageHeaderActionButton","viewName":"etm.portal.ui.managerequests.view.Detail","i18NText":{"propertyName":"text","key":"edit"},"searchOpenDialogs":true,"interaction":{"idSuffix":"inner"}},"wdio_ui5_key":"etmportal.ui.managerequests.view.Detailsap.uxap.ObjectPageHeaderActionButton{\"propertyName\":\"text\",\"key\":\"edit\"}"}]}
RESULT: undefined
COMMAND: POST /session/7a77e4e78ab7f053ff1399b1683134e1/element - {"using":"xpath","value":"//*[@id=\"__button128\"]"}
RESULT: {"using":"xpath","value":"//*[@id=\"__button128\"]"}
COMMAND: POST /session/7a77e4e78ab7f053ff1399b1683134e1/element/f.F34A9C30008BD60ECF93DB5E8BBA230A.d.7329B1F36CB9F5EFD7E8BFDE19654B5D.e.3222/click - {}
RESULT: {}
COMMAND: GET /session/7a77e4e78ab7f053ff1399b1683134e1/screenshot - {}
RESULT: {}
COMMAND: POST /session/7a77e4e78ab7f053ff1399b1683134e1/execute/async - {"script":"<script> [1562 bytes]","args":[{"selector":{"controlType":"sap.ui.core.Icon","viewName":"etm.portal.ui.managerequests.view.Edit","properties":{"src":{"regex":{"source":"decline"}}},"ancestor":{"controlType":"sap.m.Token","viewName":"etm.portal.ui.managerequests.view.Edit","bindingPath":{"propertyPath":"TAG","modelName":"catalogModel"},"properties":{"text":"RefTag"}}},"wdio_ui5_key":"etmportal.ui.managerequests.view.Editsap.ui.core.Icon{\"src\":{\"regex\":{\"source\":\"decline\"}}}{\"controlType\":\"sap.m.Token\",\"viewName\":\"etm.portal.ui.managerequests.view.Edit\",\"bindingPath\":{\"propertyPath\":\"TAG\",\"modelName\":\"catalogModel\"},\"properties\":{\"text\":\"RefTag\"}}"}]}
RESULT: {"script":"<script> [1562 bytes]","args":[{"selector":{"controlType":"sap.ui.core.Icon","viewName":"etm.portal.ui.managerequests.view.Edit","properties":{"src":{"regex":{"source":"decline"}}},"ancestor":{"controlType":"sap.m.Token","viewName":"etm.portal.ui.managerequests.view.Edit","bindingPath":{"propertyPath":"TAG","modelName":"catalogModel"},"properties":{"text":"RefTag"}}},"wdio_ui5_key":"etmportal.ui.managerequests.view.Editsap.ui.core.Icon{\"src\":{\"regex\":{\"source\":\"decline\"}}}{\"controlType\":\"sap.m.Token\",\"viewName\":\"etm.portal.ui.managerequests.view.Edit\",\"bindingPath\":{\"propertyPath\":\"TAG\",\"modelName\":\"catalogModel\"},\"properties\":{\"text\":\"RefTag\"}}"}]}
RESULT: undefined
COMMAND: POST /session/7a77e4e78ab7f053ff1399b1683134e1/element - {"using":"xpath","value":"//*[@id=\"__token13-__tokenizer64-0-icon\"]"}
RESULT: {"using":"xpath","value":"//*[@id=\"__token13-__tokenizer64-0-icon\"]"}
COMMAND: POST /session/7a77e4e78ab7f053ff1399b1683134e1/element/f.F34A9C30008BD60ECF93DB5E8BBA230A.d.7329B1F36CB9F5EFD7E8BFDE19654B5D.e.3327/click - {}
RESULT: {}
COMMAND: POST /session/7a77e4e78ab7f053ff1399b1683134e1/execute/async - {"script":"<script> [1562 bytes]","args":[{"selector":{"id":"tagMultiInputRequests","viewName":"etm.portal.ui.managerequests.view.Edit","interaction":{"idSuffix":"inner"}},"wdio_ui5_key":"tagMultiInputRequestsetmportal.ui.managerequests.view.Edit"}]}
COMMAND: GET /session/7a77e4e78ab7f053ff1399b1683134e1/screenshot - {}
RESULT: {"script":"<script> [1562 bytes]","args":[{"selector":{"id":"tagMultiInputRequests","viewName":"etm.portal.ui.managerequests.view.Edit","interaction":{"idSuffix":"inner"}},"wdio_ui5_key":"tagMultiInputRequestsetmportal.ui.managerequests.view.Edit"}]}
RESULT: undefined
COMMAND: POST /session/7a77e4e78ab7f053ff1399b1683134e1/execute/async - {"script":"<script> [6424 bytes]","args":[{"element-6066-11e4-a52e-4f735466cecf":"f.F34A9C30008BD60ECF93DB5E8BBA230A.d.7329B1F36CB9F5EFD7E8BFDE19654B5D.e.3254"},"getTokens",[]]}
RESULT: {}
RESULT: {"script":"<script> [6424 bytes]","args":[{"element-6066-11e4-a52e-4f735466cecf":"f.F34A9C30008BD60ECF93DB5E8BBA230A.d.7329B1F36CB9F5EFD7E8BFDE19654B5D.e.3254"},"getTokens",[]]}
COMMAND: POST /session/7a77e4e78ab7f053ff1399b1683134e1/execute/async - {"script":"<script> [1562 bytes]","args":[{"wdio_ui5_key":"__token13-__tokenizer64-1","selector":{"id":"__token13-__tokenizer64-1"}}]}
RESULT: {"script":"<script> [1562 bytes]","args":[{"wdio_ui5_key":"__token13-__tokenizer64-1","selector":{"id":"__token13-__tokenizer64-1"}}]}
RESULT: undefined
RESULT: undefined
COMMAND: POST /session/7a77e4e78ab7f053ff1399b1683134e1/execute/async - {"script":"<script> [776 bytes]","args":[{"enterText":"RefTag","selector":{"id":"tagMultiInputRequests","viewName":"etm.portal.ui.managerequests.view.Edit","interaction":{"idSuffix":"inner"}},"clearTextFirst":true,"interactionType":"ENTER_TEXT"}]}
RESULT: {"script":"<script> [776 bytes]","args":[{"enterText":"RefTag","selector":{"id":"tagMultiInputRequests","viewName":"etm.portal.ui.managerequests.view.Edit","interaction":{"idSuffix":"inner"}},"clearTextFirst":true,"interactionType":"ENTER_TEXT"}]}
COMMAND: POST /session/7a77e4e78ab7f053ff1399b1683134e1/actions - {"actions":[{"id":"action28","type":"key","parameters":{},"actions":[{"type":"keyDown","value":"î€‡"},{"type":"pause","duration":10},{"type":"keyUp","value":"î€‡"}]}]}
RESULT: {"actions":[{"id":"action28","type":"key","parameters":{},"actions":[{"type":"keyDown","value":"î€‡"},{"type":"pause","duration":10},{"type":"keyUp","value":"î€‡"}]}]}
COMMAND: GET /session/7a77e4e78ab7f053ff1399b1683134e1/screenshot - {}
RESULT: {}
RESULT: undefined
COMMAND: POST /session/7a77e4e78ab7f053ff1399b1683134e1/execute/async - {"script":"<script> [6424 bytes]","args":[{"element-6066-11e4-a52e-4f735466cecf":"f.F34A9C30008BD60ECF93DB5E8BBA230A.d.7329B1F36CB9F5EFD7E8BFDE19654B5D.e.3254"},"getTokens",[]]}
RESULT: {"script":"<script> [6424 bytes]","args":[{"element-6066-11e4-a52e-4f735466cecf":"f.F34A9C30008BD60ECF93DB5E8BBA230A.d.7329B1F36CB9F5EFD7E8BFDE19654B5D.e.3254"},"getTokens",[]]}
COMMAND: POST /session/7a77e4e78ab7f053ff1399b1683134e1/execute/async - {"script":"<script> [1562 bytes]","args":[{"wdio_ui5_key":"__token16","selector":{"id":"__token16"}}]}
RESULT: undefined
RESULT: {"script":"<script> [1562 bytes]","args":[{"wdio_ui5_key":"__token16","selector":{"id":"__token16"}}]}
RESULT: undefined
COMMAND: POST /session/7a77e4e78ab7f053ff1399b1683134e1/execute/async - {"script":"<script> [1562 bytes]","args":[{"selector":{"controlType":"sap.m.Button","viewName":"etm.portal.ui.managerequests.view.Edit","properties":{"text":"Items (2)"},"interaction":{"idSuffix":"BDI-content"}},"wdio_ui5_key":"etmportal.ui.managerequests.view.Editsap.m.Button{\"text\":\"Items (2)\"}"}]}
RESULT: {"script":"<script> [1562 bytes]","args":[{"selector":{"controlType":"sap.m.Button","viewName":"etm.portal.ui.managerequests.view.Edit","properties":{"text":"Items (2)"},"interaction":{"idSuffix":"BDI-content"}},"wdio_ui5_key":"etmportal.ui.managerequests.view.Editsap.m.Button{\"text\":\"Items (2)\"}"}]}
RESULT: undefined
COMMAND: POST /session/7a77e4e78ab7f053ff1399b1683134e1/element - {"using":"xpath","value":"//*[@id=\"__xmlview61--editRequestPage-anchBar-__xmlview61--requestItemsSection-anchor\"]"}
RESULT: {"using":"xpath","value":"//*[@id=\"__xmlview61--editRequestPage-anchBar-__xmlview61--requestItemsSection-anchor\"]"}
COMMAND: POST /session/7a77e4e78ab7f053ff1399b1683134e1/element/f.F34A9C30008BD60ECF93DB5E8BBA230A.d.7329B1F36CB9F5EFD7E8BFDE19654B5D.e.3332/click - {}
RESULT: {}
COMMAND: GET /session/7a77e4e78ab7f053ff1399b1683134e1/screenshot - {}
RESULT: {}
COMMAND: POST /session/7a77e4e78ab7f053ff1399b1683134e1/execute/async - {"script":"<script> [1562 bytes]","args":[{"selector":{"controlType":"sap.ui.core.Icon","viewName":"etm.portal.ui.managerequests.view.Edit","properties":{"src":{"regex":{"source":"inspect"}}}},"wdio_ui5_key":"etmportal.ui.managerequests.view.Editsap.ui.core.Icon{\"src\":{\"regex\":{\"source\":\"inspect\"}}}"}]}
RESULT: {"script":"<script> [1562 bytes]","args":[{"selector":{"controlType":"sap.ui.core.Icon","viewName":"etm.portal.ui.managerequests.view.Edit","properties":{"src":{"regex":{"source":"inspect"}}}},"wdio_ui5_key":"etmportal.ui.managerequests.view.Editsap.ui.core.Icon{\"src\":{\"regex\":{\"source\":\"inspect\"}}}"}]}
RESULT: undefined
COMMAND: POST /session/7a77e4e78ab7f053ff1399b1683134e1/element - {"using":"xpath","value":"//*[@id=\"__button153-img\"]"}
RESULT: {"using":"xpath","value":"//*[@id=\"__button153-img\"]"}
COMMAND: POST /session/7a77e4e78ab7f053ff1399b1683134e1/element/f.F34A9C30008BD60ECF93DB5E8BBA230A.d.7329B1F36CB9F5EFD7E8BFDE19654B5D.e.3338/click - {}
RESULT: {}
COMMAND: GET /session/7a77e4e78ab7f053ff1399b1683134e1/screenshot - {}
RESULT: {}
COMMAND: POST /session/7a77e4e78ab7f053ff1399b1683134e1/execute/async - {"script":"<script> [1562 bytes]","args":[{"selector":{"controlType":"sap.m.Tokenizer","viewName":"etm.portal.ui.managerequests.view.Edit","bindingPath":{"path":"/RequestItems/0","propertyPath":"LINK_TO_TAGS","modelName":"RequestItemsModel"}},"wdio_ui5_key":"etmportal.ui.managerequests.view.Editsap.m.Tokenizer{\"path\":\"/RequestItems/0\",\"propertyPath\":\"LINK_TO_TAGS\",\"modelName\":\"RequestItemsModel\"}"}]}
RESULT: {"script":"<script> [1562 bytes]","args":[{"selector":{"controlType":"sap.m.Tokenizer","viewName":"etm.portal.ui.managerequests.view.Edit","bindingPath":{"path":"/RequestItems/0","propertyPath":"LINK_TO_TAGS","modelName":"RequestItemsModel"}},"wdio_ui5_key":"etmportal.ui.managerequests.view.Editsap.m.Tokenizer{\"path\":\"/RequestItems/0\",\"propertyPath\":\"LINK_TO_TAGS\",\"modelName\":\"RequestItemsModel\"}"}]}
RESULT: undefined
COMMAND: POST /session/7a77e4e78ab7f053ff1399b1683134e1/element - {"using":"xpath","value":"//*[@id=\"__tokenizer66\"]"}
RESULT: {"using":"xpath","value":"//*[@id=\"__tokenizer66\"]"}
COMMAND: POST /session/7a77e4e78ab7f053ff1399b1683134e1/element/f.F34A9C30008BD60ECF93DB5E8BBA230A.d.7329B1F36CB9F5EFD7E8BFDE19654B5D.e.3340/click - {}
RESULT: {}
COMMAND: GET /session/7a77e4e78ab7f053ff1399b1683134e1/screenshot - {}
RESULT: {}
COMMAND: POST /session/7a77e4e78ab7f053ff1399b1683134e1/execute/async - {"script":"<script> [1562 bytes]","args":[{"selector":{"controlType":"sap.ui.core.Icon","viewName":"etm.portal.ui.managerequests.view.Edit","properties":{"src":{"regex":{"source":"decline"}}},"searchOpenDialogs":true,"ancestor":{"controlType":"sap.m.StandardListItem","viewName":"etm.portal.ui.managerequests.view.Edit","properties":{"title":"tag-duplicate"},"searchOpenDialogs":true}},"wdio_ui5_key":"etmportal.ui.managerequests.view.Editsap.ui.core.Icon{\"src\":{\"regex\":{\"source\":\"decline\"}}}{\"controlType\":\"sap.m.StandardListItem\",\"viewName\":\"etm.portal.ui.managerequests.view.Edit\",\"properties\":{\"title\":\"tag-duplicate\"},\"searchOpenDialogs\":true}"}]}
RESULT: {"script":"<script> [1562 bytes]","args":[{"selector":{"controlType":"sap.ui.core.Icon","viewName":"etm.portal.ui.managerequests.view.Edit","properties":{"src":{"regex":{"source":"decline"}}},"searchOpenDialogs":true,"ancestor":{"controlType":"sap.m.StandardListItem","viewName":"etm.portal.ui.managerequests.view.Edit","properties":{"title":"tag-duplicate"},"searchOpenDialogs":true}},"wdio_ui5_key":"etmportal.ui.managerequests.view.Editsap.ui.core.Icon{\"src\":{\"regex\":{\"source\":\"decline\"}}}{\"controlType\":\"sap.m.StandardListItem\",\"viewName\":\"etm.portal.ui.managerequests.view.Edit\",\"properties\":{\"title\":\"tag-duplicate\"},\"searchOpenDialogs\":true}"}]}
RESULT: undefined
COMMAND: POST /session/7a77e4e78ab7f053ff1399b1683134e1/element - {"using":"xpath","value":"//*[@id=\"__item1745-imgDel-img\"]"}
RESULT: {"using":"xpath","value":"//*[@id=\"__item1745-imgDel-img\"]"}
COMMAND: POST /session/7a77e4e78ab7f053ff1399b1683134e1/element/f.F34A9C30008BD60ECF93DB5E8BBA230A.d.7329B1F36CB9F5EFD7E8BFDE19654B5D.e.3343/click - {}
RESULT: {}
COMMAND: GET /session/7a77e4e78ab7f053ff1399b1683134e1/screenshot - {}
RESULT: {}
COMMAND: POST /session/7a77e4e78ab7f053ff1399b1683134e1/actions - {"actions":[{"id":"action29","type":"key","parameters":{},"actions":[{"type":"keyDown","value":"î€Œ"},{"type":"pause","duration":10},{"type":"keyUp","value":"î€Œ"}]}]}
RESULT: {"actions":[{"id":"action29","type":"key","parameters":{},"actions":[{"type":"keyDown","value":"î€Œ"},{"type":"pause","duration":10},{"type":"keyUp","value":"î€Œ"}]}]}
COMMAND: POST /session/7a77e4e78ab7f053ff1399b1683134e1/execute/async - {"script":"<script> [1562 bytes]","args":[{"selector":{"controlType":"sap.m.Tokenizer","viewName":"etm.portal.ui.managerequests.view.Edit","bindingPath":{"path":"/RequestItems/1","propertyPath":"LINK_TO_TAGS","modelName":"RequestItemsModel"}},"wdio_ui5_key":"etmportal.ui.managerequests.view.Editsap.m.Tokenizer{\"path\":\"/RequestItems/1\",\"propertyPath\":\"LINK_TO_TAGS\",\"modelName\":\"RequestItemsModel\"}"}]}
COMMAND: GET /session/7a77e4e78ab7f053ff1399b1683134e1/screenshot - {}
RESULT: {"script":"<script> [1562 bytes]","args":[{"selector":{"controlType":"sap.m.Tokenizer","viewName":"etm.portal.ui.managerequests.view.Edit","bindingPath":{"path":"/RequestItems/1","propertyPath":"LINK_TO_TAGS","modelName":"RequestItemsModel"}},"wdio_ui5_key":"etmportal.ui.managerequests.view.Editsap.m.Tokenizer{\"path\":\"/RequestItems/1\",\"propertyPath\":\"LINK_TO_TAGS\",\"modelName\":\"RequestItemsModel\"}"}]}
RESULT: undefined
COMMAND: POST /session/7a77e4e78ab7f053ff1399b1683134e1/element - {"using":"xpath","value":"//*[@id=\"__tokenizer67\"]"}
RESULT: {}
RESULT: {"using":"xpath","value":"//*[@id=\"__tokenizer67\"]"}
COMMAND: POST /session/7a77e4e78ab7f053ff1399b1683134e1/element/f.F34A9C30008BD60ECF93DB5E8BBA230A.d.7329B1F36CB9F5EFD7E8BFDE19654B5D.e.3346/click - {}
RESULT: {}
COMMAND: GET /session/7a77e4e78ab7f053ff1399b1683134e1/screenshot - {}
RESULT: {}
COMMAND: POST /session/7a77e4e78ab7f053ff1399b1683134e1/execute/async - {"script":"<script> [1562 bytes]","args":[{"selector":{"controlType":"sap.ui.core.Icon","viewName":"etm.portal.ui.managerequests.view.Edit","properties":{"src":{"regex":{"source":"decline"}}},"searchOpenDialogs":true,"ancestor":{"controlType":"sap.m.StandardListItem","viewName":"etm.portal.ui.managerequests.view.Edit","properties":{"title":"tagRequest1"},"searchOpenDialogs":true}},"wdio_ui5_key":"etmportal.ui.managerequests.view.Editsap.ui.core.Icon{\"src\":{\"regex\":{\"source\":\"decline\"}}}{\"controlType\":\"sap.m.StandardListItem\",\"viewName\":\"etm.portal.ui.managerequests.view.Edit\",\"properties\":{\"title\":\"tagRequest1\"},\"searchOpenDialogs\":true}"}]}
RESULT: {"script":"<script> [1562 bytes]","args":[{"selector":{"controlType":"sap.ui.core.Icon","viewName":"etm.portal.ui.managerequests.view.Edit","properties":{"src":{"regex":{"source":"decline"}}},"searchOpenDialogs":true,"ancestor":{"controlType":"sap.m.StandardListItem","viewName":"etm.portal.ui.managerequests.view.Edit","properties":{"title":"tagRequest1"},"searchOpenDialogs":true}},"wdio_ui5_key":"etmportal.ui.managerequests.view.Editsap.ui.core.Icon{\"src\":{\"regex\":{\"source\":\"decline\"}}}{\"controlType\":\"sap.m.StandardListItem\",\"viewName\":\"etm.portal.ui.managerequests.view.Edit\",\"properties\":{\"title\":\"tagRequest1\"},\"searchOpenDialogs\":true}"}]}
RESULT: undefined
COMMAND: POST /session/7a77e4e78ab7f053ff1399b1683134e1/element - {"using":"xpath","value":"//*[@id=\"__item1753-imgDel-img\"]"}
RESULT: {"using":"xpath","value":"//*[@id=\"__item1753-imgDel-img\"]"}
COMMAND: POST /session/7a77e4e78ab7f053ff1399b1683134e1/element/f.F34A9C30008BD60ECF93DB5E8BBA230A.d.7329B1F36CB9F5EFD7E8BFDE19654B5D.e.3349/click - {}
RESULT: {}
COMMAND: GET /session/7a77e4e78ab7f053ff1399b1683134e1/screenshot - {}
RESULT: {}
COMMAND: POST /session/7a77e4e78ab7f053ff1399b1683134e1/execute/async - {"script":"<script> [1562 bytes]","args":[{"selector":{"controlType":"sap.ui.core.Icon","viewName":"etm.portal.ui.managerequests.view.Edit","properties":{"src":{"regex":{"source":"decline"}}},"searchOpenDialogs":true,"ancestor":{"controlType":"sap.m.StandardListItem","viewName":"etm.portal.ui.managerequests.view.Edit","properties":{"title":"RefTag"},"searchOpenDialogs":true}},"wdio_ui5_key":"etmportal.ui.managerequests.view.Editsap.ui.core.Icon{\"src\":{\"regex\":{\"source\":\"decline\"}}}{\"controlType\":\"sap.m.StandardListItem\",\"viewName\":\"etm.portal.ui.managerequests.view.Edit\",\"properties\":{\"title\":\"RefTag\"},\"searchOpenDialogs\":true}"}]}
RESULT: {"script":"<script> [1562 bytes]","args":[{"selector":{"controlType":"sap.ui.core.Icon","viewName":"etm.portal.ui.managerequests.view.Edit","properties":{"src":{"regex":{"source":"decline"}}},"searchOpenDialogs":true,"ancestor":{"controlType":"sap.m.StandardListItem","viewName":"etm.portal.ui.managerequests.view.Edit","properties":{"title":"RefTag"},"searchOpenDialogs":true}},"wdio_ui5_key":"etmportal.ui.managerequests.view.Editsap.ui.core.Icon{\"src\":{\"regex\":{\"source\":\"decline\"}}}{\"controlType\":\"sap.m.StandardListItem\",\"viewName\":\"etm.portal.ui.managerequests.view.Edit\",\"properties\":{\"title\":\"RefTag\"},\"searchOpenDialogs\":true}"}]}
RESULT: undefined
COMMAND: POST /session/7a77e4e78ab7f053ff1399b1683134e1/element - {"using":"xpath","value":"//*[@id=\"__item1757-imgDel-img\"]"}
RESULT: {"using":"xpath","value":"//*[@id=\"__item1757-imgDel-img\"]"}
COMMAND: POST /session/7a77e4e78ab7f053ff1399b1683134e1/element/f.F34A9C30008BD60ECF93DB5E8BBA230A.d.7329B1F36CB9F5EFD7E8BFDE19654B5D.e.3352/click - {}
RESULT: {}
COMMAND: GET /session/7a77e4e78ab7f053ff1399b1683134e1/screenshot - {}
RESULT: {}
COMMAND: POST /session/7a77e4e78ab7f053ff1399b1683134e1/execute/async - {"script":"<script> [1562 bytes]","args":[{"selector":{"controlType":"sap.ui.core.Icon","viewName":"etm.portal.ui.managerequests.view.Edit","properties":{"src":{"regex":{"source":"decline"}}},"searchOpenDialogs":true,"ancestor":{"controlType":"sap.m.StandardListItem","viewName":"etm.portal.ui.managerequests.view.Edit","properties":{"title":"tag-header"},"searchOpenDialogs":true}},"wdio_ui5_key":"etmportal.ui.managerequests.view.Editsap.ui.core.Icon{\"src\":{\"regex\":{\"source\":\"decline\"}}}{\"controlType\":\"sap.m.StandardListItem\",\"viewName\":\"etm.portal.ui.managerequests.view.Edit\",\"properties\":{\"title\":\"tag-header\"},\"searchOpenDialogs\":true}"}]}
RESULT: {"script":"<script> [1562 bytes]","args":[{"selector":{"controlType":"sap.ui.core.Icon","viewName":"etm.portal.ui.managerequests.view.Edit","properties":{"src":{"regex":{"source":"decline"}}},"searchOpenDialogs":true,"ancestor":{"controlType":"sap.m.StandardListItem","viewName":"etm.portal.ui.managerequests.view.Edit","properties":{"title":"tag-header"},"searchOpenDialogs":true}},"wdio_ui5_key":"etmportal.ui.managerequests.view.Editsap.ui.core.Icon{\"src\":{\"regex\":{\"source\":\"decline\"}}}{\"controlType\":\"sap.m.StandardListItem\",\"viewName\":\"etm.portal.ui.managerequests.view.Edit\",\"properties\":{\"title\":\"tag-header\"},\"searchOpenDialogs\":true}"}]}
RESULT: undefined
COMMAND: POST /session/7a77e4e78ab7f053ff1399b1683134e1/element - {"using":"xpath","value":"//*[@id=\"__item1760-imgDel-img\"]"}
RESULT: {"using":"xpath","value":"//*[@id=\"__item1760-imgDel-img\"]"}
COMMAND: POST /session/7a77e4e78ab7f053ff1399b1683134e1/element/f.F34A9C30008BD60ECF93DB5E8BBA230A.d.7329B1F36CB9F5EFD7E8BFDE19654B5D.e.3355/click - {}
RESULT: {}
COMMAND: GET /session/7a77e4e78ab7f053ff1399b1683134e1/screenshot - {}
RESULT: {}
COMMAND: POST /session/7a77e4e78ab7f053ff1399b1683134e1/actions - {"actions":[{"id":"action30","type":"key","parameters":{},"actions":[{"type":"keyDown","value":"î€ƒ"},{"type":"pause","duration":10},{"type":"keyUp","value":"î€ƒ"}]}]}
RESULT: {"actions":[{"id":"action30","type":"key","parameters":{},"actions":[{"type":"keyDown","value":"î€ƒ"},{"type":"pause","duration":10},{"type":"keyUp","value":"î€ƒ"}]}]}
COMMAND: POST /session/7a77e4e78ab7f053ff1399b1683134e1/actions - {"actions":[{"id":"action31","type":"key","parameters":{},"actions":[{"type":"keyDown","value":"î€ƒ"},{"type":"pause","duration":10},{"type":"keyUp","value":"î€ƒ"}]}]}
COMMAND: GET /session/7a77e4e78ab7f053ff1399b1683134e1/screenshot - {}
RESULT: {"actions":[{"id":"action31","type":"key","parameters":{},"actions":[{"type":"keyDown","value":"î€ƒ"},{"type":"pause","duration":10},{"type":"keyUp","value":"î€ƒ"}]}]}
COMMAND: GET /session/7a77e4e78ab7f053ff1399b1683134e1/screenshot - {}
RESULT: {}
RESULT: {}
COMMAND: POST /session/7a77e4e78ab7f053ff1399b1683134e1/execute/async - {"script":"<script> [1562 bytes]","args":[{"selector":{"controlType":"sap.m.Button","viewName":"etm.portal.ui.managerequests.view.Edit","i18NText":{"propertyName":"tooltip","key":"save"},"interaction":{"idSuffix":"BDI-content"}},"wdio_ui5_key":"etmportal.ui.managerequests.view.Editsap.m.Button{\"propertyName\":\"tooltip\",\"key\":\"save\"}"}]}
RESULT: {"script":"<script> [1562 bytes]","args":[{"selector":{"controlType":"sap.m.Button","viewName":"etm.portal.ui.managerequests.view.Edit","i18NText":{"propertyName":"tooltip","key":"save"},"interaction":{"idSuffix":"BDI-content"}},"wdio_ui5_key":"etmportal.ui.managerequests.view.Editsap.m.Button{\"propertyName\":\"tooltip\",\"key\":\"save\"}"}]}
RESULT: undefined
COMMAND: POST /session/7a77e4e78ab7f053ff1399b1683134e1/element - {"using":"xpath","value":"//*[@id=\"__xmlview61--saveButtonId\"]"}
RESULT: {"using":"xpath","value":"//*[@id=\"__xmlview61--saveButtonId\"]"}
COMMAND: POST /session/7a77e4e78ab7f053ff1399b1683134e1/element/f.F34A9C30008BD60ECF93DB5E8BBA230A.d.7329B1F36CB9F5EFD7E8BFDE19654B5D.e.3263/click - {}
RESULT: {}
COMMAND: GET /session/7a77e4e78ab7f053ff1399b1683134e1/screenshot - {}
RESULT: {}
COMMAND: POST /session/7a77e4e78ab7f053ff1399b1683134e1/execute/async - {"script":"<script> [1562 bytes]","args":[{"selector":{"id":"tagsLayoutViewMode","viewName":"etm.portal.ui.managerequests.view.Detail"},"wdio_ui5_key":"tagsLayoutViewModeetmportal.ui.managerequests.view.Detail"}]}
RESULT: {"script":"<script> [1562 bytes]","args":[{"selector":{"id":"tagsLayoutViewMode","viewName":"etm.portal.ui.managerequests.view.Detail"},"wdio_ui5_key":"tagsLayoutViewModeetmportal.ui.managerequests.view.Detail"}]}
RESULT: undefined
COMMAND: POST /session/7a77e4e78ab7f053ff1399b1683134e1/execute/async - {"script":"<script> [6424 bytes]","args":[{"element-6066-11e4-a52e-4f735466cecf":"f.F34A9C30008BD60ECF93DB5E8BBA230A.d.7329B1F36CB9F5EFD7E8BFDE19654B5D.e.3498"},"getTokens",[]]}
RESULT: {"script":"<script> [6424 bytes]","args":[{"element-6066-11e4-a52e-4f735466cecf":"f.F34A9C30008BD60ECF93DB5E8BBA230A.d.7329B1F36CB9F5EFD7E8BFDE19654B5D.e.3498"},"getTokens",[]]}
COMMAND: POST /session/7a77e4e78ab7f053ff1399b1683134e1/execute/async - {"script":"<script> [1562 bytes]","args":[{"wdio_ui5_key":"__token11-__xmlview60--tagsLayoutViewMode-1","selector":{"id":"__token11-__xmlview60--tagsLayoutViewMode-1"}}]}
COMMAND: POST /session/7a77e4e78ab7f053ff1399b1683134e1/execute/async - {"script":"<script> [1562 bytes]","args":[{"wdio_ui5_key":"__token11-__xmlview60--tagsLayoutViewMode-0","selector":{"id":"__token11-__xmlview60--tagsLayoutViewMode-0"}}]}
RESULT: {"script":"<script> [1562 bytes]","args":[{"wdio_ui5_key":"__token11-__xmlview60--tagsLayoutViewMode-1","selector":{"id":"__token11-__xmlview60--tagsLayoutViewMode-1"}}]}
RESULT: undefined
RESULT: {"script":"<script> [1562 bytes]","args":[{"wdio_ui5_key":"__token11-__xmlview60--tagsLayoutViewMode-0","selector":{"id":"__token11-__xmlview60--tagsLayoutViewMode-0"}}]}
RESULT: undefined
COMMAND: POST /session/7a77e4e78ab7f053ff1399b1683134e1/execute/async - {"script":"<script> [1562 bytes]","args":[{"selector":{"controlType":"sap.m.OverflowToolbarButton","viewName":"etm.portal.ui.managerequests.view.Detail","properties":{"text":"Settings"},"interaction":{"idSuffix":"inner"}},"wdio_ui5_key":"etmportal.ui.managerequests.view.Detailsap.m.OverflowToolbarButton{\"text\":\"Settings\"}"}]}
RESULT: {"script":"<script> [1562 bytes]","args":[{"selector":{"controlType":"sap.m.OverflowToolbarButton","viewName":"etm.portal.ui.managerequests.view.Detail","properties":{"text":"Settings"},"interaction":{"idSuffix":"inner"}},"wdio_ui5_key":"etmportal.ui.managerequests.view.Detailsap.m.OverflowToolbarButton{\"text\":\"Settings\"}"}]}
RESULT: undefined
COMMAND: POST /session/7a77e4e78ab7f053ff1399b1683134e1/element - {"using":"xpath","value":"//*[@id=\"__xmlview60--smartTableRequestItems-btnPersonalisation\"]"}
RESULT: {"using":"xpath","value":"//*[@id=\"__xmlview60--smartTableRequestItems-btnPersonalisation\"]"}
COMMAND: POST /session/7a77e4e78ab7f053ff1399b1683134e1/element/f.F34A9C30008BD60ECF93DB5E8BBA230A.d.7329B1F36CB9F5EFD7E8BFDE19654B5D.e.3502/click - {}
RESULT: {}
COMMAND: POST /session/7a77e4e78ab7f053ff1399b1683134e1/execute/async - {"script":"<script> [1562 bytes]","args":[{"selector":{"controlType":"sap.m.SearchField","viewName":"etm.portal.ui.managerequests.view.Detail","searchOpenDialogs":true,"interaction":{"idSuffix":"I"}},"wdio_ui5_key":"etmportal.ui.managerequests.view.Detailsap.m.SearchField"}]}
COMMAND: GET /session/7a77e4e78ab7f053ff1399b1683134e1/screenshot - {}
RESULT: {"script":"<script> [1562 bytes]","args":[{"selector":{"controlType":"sap.m.SearchField","viewName":"etm.portal.ui.managerequests.view.Detail","searchOpenDialogs":true,"interaction":{"idSuffix":"I"}},"wdio_ui5_key":"etmportal.ui.managerequests.view.Detailsap.m.SearchField"}]}
RESULT: undefined
COMMAND: POST /session/7a77e4e78ab7f053ff1399b1683134e1/execute/async - {"script":"<script> [776 bytes]","args":[{"enterText":"tag","selector":{"controlType":"sap.m.SearchField","viewName":"etm.portal.ui.managerequests.view.Detail","searchOpenDialogs":true,"interaction":{"idSuffix":"I"}},"clearTextFirst":true,"interactionType":"ENTER_TEXT"}]}
RESULT: {}
RESULT: {"script":"<script> [776 bytes]","args":[{"enterText":"tag","selector":{"controlType":"sap.m.SearchField","viewName":"etm.portal.ui.managerequests.view.Detail","searchOpenDialogs":true,"interaction":{"idSuffix":"I"}},"clearTextFirst":true,"interactionType":"ENTER_TEXT"}]}
COMMAND: POST /session/7a77e4e78ab7f053ff1399b1683134e1/element - {"using":"xpath","value":"//div[contains(@id ,\"innerSelectionPanelTable-0-selectMulti-CbBg\")]"}
RESULT: {"using":"xpath","value":"//div[contains(@id ,\"innerSelectionPanelTable-0-selectMulti-CbBg\")]"}
COMMAND: POST /session/7a77e4e78ab7f053ff1399b1683134e1/element/f.F34A9C30008BD60ECF93DB5E8BBA230A.d.7329B1F36CB9F5EFD7E8BFDE19654B5D.e.3537/click - {}
RESULT: {}
COMMAND: POST /session/7a77e4e78ab7f053ff1399b1683134e1/execute/async - {"script":"<script> [1562 bytes]","args":[{"selector":{"controlType":"sap.m.Button","viewName":"etm.portal.ui.managerequests.view.Detail","properties":{"text":"OK"},"searchOpenDialogs":true,"interaction":{"idSuffix":"BDI-content"}},"wdio_ui5_key":"etmportal.ui.managerequests.view.Detailsap.m.Button{\"text\":\"OK\"}"}]}
COMMAND: GET /session/7a77e4e78ab7f053ff1399b1683134e1/screenshot - {}
RESULT: {"script":"<script> [1562 bytes]","args":[{"selector":{"controlType":"sap.m.Button","viewName":"etm.portal.ui.managerequests.view.Detail","properties":{"text":"OK"},"searchOpenDialogs":true,"interaction":{"idSuffix":"BDI-content"}},"wdio_ui5_key":"etmportal.ui.managerequests.view.Detailsap.m.Button{\"text\":\"OK\"}"}]}
RESULT: undefined
COMMAND: POST /session/7a77e4e78ab7f053ff1399b1683134e1/element - {"using":"xpath","value":"//*[@id=\"__popup368-confirmBtn\"]"}
RESULT: {}
RESULT: {"using":"xpath","value":"//*[@id=\"__popup368-confirmBtn\"]"}
COMMAND: POST /session/7a77e4e78ab7f053ff1399b1683134e1/element/f.F34A9C30008BD60ECF93DB5E8BBA230A.d.7329B1F36CB9F5EFD7E8BFDE19654B5D.e.3542/click - {}
RESULT: {}
COMMAND: GET /session/7a77e4e78ab7f053ff1399b1683134e1/screenshot - {}
RESULT: {}
COMMAND: POST /session/7a77e4e78ab7f053ff1399b1683134e1/execute/async - {"script":"<script> [1562 bytes]","args":[{"selector":{"controlType":"sap.m.Text","viewName":"etm.portal.ui.managerequests.view.Detail","bindingPath":{"propertyPath":"NO","modelName":"catalogModel"}},"wdio_ui5_key":"etmportal.ui.managerequests.view.Detailsap.m.Text{\"propertyPath\":\"NO\",\"modelName\":\"catalogModel\"}"}]}
RESULT: {"script":"<script> [1562 bytes]","args":[{"selector":{"controlType":"sap.m.Text","viewName":"etm.portal.ui.managerequests.view.Detail","bindingPath":{"propertyPath":"NO","modelName":"catalogModel"}},"wdio_ui5_key":"etmportal.ui.managerequests.view.Detailsap.m.Text{\"propertyPath\":\"NO\",\"modelName\":\"catalogModel\"}"}]}
RESULT: undefined
COMMAND: POST /session/7a77e4e78ab7f053ff1399b1683134e1/execute/async - {"script":"<script> [6424 bytes]","args":[{"element-6066-11e4-a52e-4f735466cecf":"f.F34A9C30008BD60ECF93DB5E8BBA230A.d.7329B1F36CB9F5EFD7E8BFDE19654B5D.e.3566"},"getText",[]]}
RESULT: {"script":"<script> [6424 bytes]","args":[{"element-6066-11e4-a52e-4f735466cecf":"f.F34A9C30008BD60ECF93DB5E8BBA230A.d.7329B1F36CB9F5EFD7E8BFDE19654B5D.e.3566"},"getText",[]]}
COMMAND: POST /session/7a77e4e78ab7f053ff1399b1683134e1/execute/async - {"script":"<script> [1562 bytes]","args":[{"selector":{"controlType":"sap.m.Tokenizer","viewName":"etm.portal.ui.managerequests.view.Detail","bindingPath":{"path":"/SmartRequestItemsPlanningBoard(ITEM=10m,REQUEST='20128')","propertyPath":"LINK_TO_TAGS"}},"wdio_ui5_key":"etmportal.ui.managerequests.view.Detailsap.m.Tokenizer{\"path\":\"/SmartRequestItemsPlanningBoard(ITEM=10m,REQUEST='20128')\",\"propertyPath\":\"LINK_TO_TAGS\"}"}]}
RESULT: {"script":"<script> [1562 bytes]","args":[{"selector":{"controlType":"sap.m.Tokenizer","viewName":"etm.portal.ui.managerequests.view.Detail","bindingPath":{"path":"/SmartRequestItemsPlanningBoard(ITEM=10m,REQUEST='20128')","propertyPath":"LINK_TO_TAGS"}},"wdio_ui5_key":"etmportal.ui.managerequests.view.Detailsap.m.Tokenizer{\"path\":\"/SmartRequestItemsPlanningBoard(ITEM=10m,REQUEST='20128')\",\"propertyPath\":\"LINK_TO_TAGS\"}"}]}
RESULT: undefined
COMMAND: POST /session/7a77e4e78ab7f053ff1399b1683134e1/execute/async - {"script":"<script> [6424 bytes]","args":[{"element-6066-11e4-a52e-4f735466cecf":"f.F34A9C30008BD60ECF93DB5E8BBA230A.d.7329B1F36CB9F5EFD7E8BFDE19654B5D.e.3567"},"getTokens",[]]}
RESULT: {"script":"<script> [6424 bytes]","args":[{"element-6066-11e4-a52e-4f735466cecf":"f.F34A9C30008BD60ECF93DB5E8BBA230A.d.7329B1F36CB9F5EFD7E8BFDE19654B5D.e.3567"},"getTokens",[]]}
COMMAND: POST /session/7a77e4e78ab7f053ff1399b1683134e1/execute/async - {"script":"<script> [1562 bytes]","args":[{"wdio_ui5_key":"__token12-__tokenizer63-__clone4731-1","selector":{"id":"__token12-__tokenizer63-__clone4731-1"}}]}
COMMAND: POST /session/7a77e4e78ab7f053ff1399b1683134e1/execute/async - {"script":"<script> [1562 bytes]","args":[{"wdio_ui5_key":"__token12-__tokenizer63-__clone4731-2","selector":{"id":"__token12-__tokenizer63-__clone4731-2"}}]}
COMMAND: POST /session/7a77e4e78ab7f053ff1399b1683134e1/execute/async - {"script":"<script> [1562 bytes]","args":[{"wdio_ui5_key":"__token12-__tokenizer63-__clone4731-0","selector":{"id":"__token12-__tokenizer63-__clone4731-0"}}]}
RESULT: {"script":"<script> [1562 bytes]","args":[{"wdio_ui5_key":"__token12-__tokenizer63-__clone4731-1","selector":{"id":"__token12-__tokenizer63-__clone4731-1"}}]}
RESULT: undefined
RESULT: {"script":"<script> [1562 bytes]","args":[{"wdio_ui5_key":"__token12-__tokenizer63-__clone4731-0","selector":{"id":"__token12-__tokenizer63-__clone4731-0"}}]}
RESULT: undefined
RESULT: {"script":"<script> [1562 bytes]","args":[{"wdio_ui5_key":"__token12-__tokenizer63-__clone4731-2","selector":{"id":"__token12-__tokenizer63-__clone4731-2"}}]}
RESULT: undefined
COMMAND: POST /session/7a77e4e78ab7f053ff1399b1683134e1/element - {"using":"xpath","value":"(//span[contains(text(), \"tag-header\")])[2]"}
RESULT: {"using":"xpath","value":"(//span[contains(text(), \"tag-header\")])[2]"}
COMMAND: POST /session/7a77e4e78ab7f053ff1399b1683134e1/elements - {"using":"xpath","value":"(//span[contains(text(), \"tag-header\")])[2]"}
RESULT: {"using":"xpath","value":"(//span[contains(text(), \"tag-header\")])[2]"}
COMMAND: POST /session/7a77e4e78ab7f053ff1399b1683134e1/execute/async - {"script":"<script> [1562 bytes]","args":[{"selector":{"controlType":"sap.m.Tokenizer","viewName":"etm.portal.ui.managerequests.view.Detail","bindingPath":{"path":"/SmartRequestItemsPlanningBoard(ITEM=20m,REQUEST='20128')","propertyPath":"LINK_TO_TAGS"}},"wdio_ui5_key":"etmportal.ui.managerequests.view.Detailsap.m.Tokenizer{\"path\":\"/SmartRequestItemsPlanningBoard(ITEM=20m,REQUEST='20128')\",\"propertyPath\":\"LINK_TO_TAGS\"}"}]}
RESULT: {"script":"<script> [1562 bytes]","args":[{"selector":{"controlType":"sap.m.Tokenizer","viewName":"etm.portal.ui.managerequests.view.Detail","bindingPath":{"path":"/SmartRequestItemsPlanningBoard(ITEM=20m,REQUEST='20128')","propertyPath":"LINK_TO_TAGS"}},"wdio_ui5_key":"etmportal.ui.managerequests.view.Detailsap.m.Tokenizer{\"path\":\"/SmartRequestItemsPlanningBoard(ITEM=20m,REQUEST='20128')\",\"propertyPath\":\"LINK_TO_TAGS\"}"}]}
RESULT: undefined
COMMAND: POST /session/7a77e4e78ab7f053ff1399b1683134e1/execute/async - {"script":"<script> [6424 bytes]","args":[{"element-6066-11e4-a52e-4f735466cecf":"f.F34A9C30008BD60ECF93DB5E8BBA230A.d.7329B1F36CB9F5EFD7E8BFDE19654B5D.e.3572"},"getTokens",[]]}
RESULT: {"script":"<script> [6424 bytes]","args":[{"element-6066-11e4-a52e-4f735466cecf":"f.F34A9C30008BD60ECF93DB5E8BBA230A.d.7329B1F36CB9F5EFD7E8BFDE19654B5D.e.3572"},"getTokens",[]]}
COMMAND: POST /session/7a77e4e78ab7f053ff1399b1683134e1/element - {"using":"css selector","value":"#shell-header-logo"}
RESULT: {"using":"css selector","value":"#shell-header-logo"}
COMMAND: POST /session/7a77e4e78ab7f053ff1399b1683134e1/element/f.F34A9C30008BD60ECF93DB5E8BBA230A.d.7329B1F36CB9F5EFD7E8BFDE19654B5D.e.2556/click - {}
RESULT: {}
COMMAND: GET /session/7a77e4e78ab7f053ff1399b1683134e1/screenshot - {}
RESULT: {}
]]></system-out>
    </testcase>
  </testsuite>
  <testsuite timestamp="2025-05-16T15:49:42" time="596.386" tests="4" failures="0" errors="0" skipped="0">
    <properties>
      <property name="specId" value="0" />
      <property name="suiteName" value="Manage request + Contract processing pick up option US120163 " />
      <property name="capabilities" value="chrome.136_0_7103_93.windows" />
      <property name="file" value="file:///D:/a/1/s/test/specs/R2C/create-request-Pickup.spec.js" />
    </properties>
    <testcase classname="chrome.136_0_7103_93.windows.Manage_request_+_Contract_processing_pick_up_option_US120163_" name="Should create a new contract" time="70.942">
      <system-out><![CDATA[
COMMAND: POST /session/7a77e4e78ab7f053ff1399b1683134e1/execute/async - {"script":"<script> [1562 bytes]","args":[{"selector":{"controlType":"sap.m.Text","viewName":"etm.portal.ui.managecontractstile.view.Master","properties":{"text":"Manage Contracts"},"interaction":{"idSuffix":"inner"}},"wdio_ui5_key":"etmportal.ui.managecontractstile.view.Mastersap.m.Text{\"text\":\"Manage Contracts\"}"}]}
RESULT: {"script":"<script> [1562 bytes]","args":[{"selector":{"controlType":"sap.m.Text","viewName":"etm.portal.ui.managecontractstile.view.Master","properties":{"text":"Manage Contracts"},"interaction":{"idSuffix":"inner"}},"wdio_ui5_key":"etmportal.ui.managecontractstile.view.Mastersap.m.Text{\"text\":\"Manage Contracts\"}"}]}
RESULT: undefined
COMMAND: POST /session/7a77e4e78ab7f053ff1399b1683134e1/element - {"using":"xpath","value":"//*[@id=\"__tile130-title\"]"}
RESULT: {"using":"xpath","value":"//*[@id=\"__tile130-title\"]"}
COMMAND: POST /session/7a77e4e78ab7f053ff1399b1683134e1/element/f.F34A9C30008BD60ECF93DB5E8BBA230A.d.7329B1F36CB9F5EFD7E8BFDE19654B5D.e.3576/click - {}
RESULT: {}
COMMAND: GET /session/7a77e4e78ab7f053ff1399b1683134e1/screenshot - {}
RESULT: {}
COMMAND: POST /session/7a77e4e78ab7f053ff1399b1683134e1/execute/async - {"script":"<script> [1562 bytes]","args":[{"selector":{"controlType":"sap.ui.core.Icon","viewName":"etm.portal.ui.managecontracts.view.Master","properties":{"src":{"regex":{"source":"add"}}}},"wdio_ui5_key":"etmportal.ui.managecontracts.view.Mastersap.ui.core.Icon{\"src\":{\"regex\":{\"source\":\"add\"}}}"}]}
RESULT: {"script":"<script> [1562 bytes]","args":[{"selector":{"controlType":"sap.ui.core.Icon","viewName":"etm.portal.ui.managecontracts.view.Master","properties":{"src":{"regex":{"source":"add"}}}},"wdio_ui5_key":"etmportal.ui.managecontracts.view.Mastersap.ui.core.Icon{\"src\":{\"regex\":{\"source\":\"add\"}}}"}]}
RESULT: undefined
COMMAND: POST /session/7a77e4e78ab7f053ff1399b1683134e1/element - {"using":"xpath","value":"//*[@id=\"__button173-img\"]"}
RESULT: {"using":"xpath","value":"//*[@id=\"__button173-img\"]"}
COMMAND: POST /session/7a77e4e78ab7f053ff1399b1683134e1/element/f.F34A9C30008BD60ECF93DB5E8BBA230A.d.7329B1F36CB9F5EFD7E8BFDE19654B5D.e.3628/click - {}
RESULT: {}
COMMAND: POST /session/7a77e4e78ab7f053ff1399b1683134e1/execute/async - {"script":"<script> [1562 bytes]","args":[{"selector":{"id":"application-managecontracts-display-component---AddNewContract--projectDescription","interaction":{"idSuffix":"inner"}},"wdio_ui5_key":"applicationmanagecontracts-display-component---AddNewContract--projectDescription"}]}
COMMAND: GET /session/7a77e4e78ab7f053ff1399b1683134e1/screenshot - {}
RESULT: {"script":"<script> [1562 bytes]","args":[{"selector":{"id":"application-managecontracts-display-component---AddNewContract--projectDescription","interaction":{"idSuffix":"inner"}},"wdio_ui5_key":"applicationmanagecontracts-display-component---AddNewContract--projectDescription"}]}
RESULT: undefined
COMMAND: POST /session/7a77e4e78ab7f053ff1399b1683134e1/execute/async - {"script":"<script> [776 bytes]","args":[{"enterText":"PickupContractqbofv","selector":{"id":"application-managecontracts-display-component---AddNewContract--projectDescription","interaction":{"idSuffix":"inner"}},"clearTextFirst":true,"interactionType":"ENTER_TEXT"}]}
RESULT: {}
RESULT: {"script":"<script> [776 bytes]","args":[{"enterText":"PickupContractqbofv","selector":{"id":"application-managecontracts-display-component---AddNewContract--projectDescription","interaction":{"idSuffix":"inner"}},"clearTextFirst":true,"interactionType":"ENTER_TEXT"}]}
COMMAND: POST /session/7a77e4e78ab7f053ff1399b1683134e1/element - {"using":"xpath","value":"//input[contains(@id ,\"application-managecontracts-display-component---AddNewContract--yardId-inner\")]"}
RESULT: {"using":"xpath","value":"//input[contains(@id ,\"application-managecontracts-display-component---AddNewContract--yardId-inner\")]"}
COMMAND: POST /session/7a77e4e78ab7f053ff1399b1683134e1/element/f.F34A9C30008BD60ECF93DB5E8BBA230A.d.7329B1F36CB9F5EFD7E8BFDE19654B5D.e.3934/value - {"text":"WebdriverYardgb2jc"}
RESULT: {"text":"WebdriverYardgb2jc"}
COMMAND: GET /session/7a77e4e78ab7f053ff1399b1683134e1/screenshot - {}
RESULT: {}
COMMAND: POST /session/7a77e4e78ab7f053ff1399b1683134e1/actions - {"actions":[{"id":"action32","type":"key","parameters":{},"actions":[{"type":"keyDown","value":"î€‡"},{"type":"pause","duration":10},{"type":"keyUp","value":"î€‡"}]}]}
RESULT: {"actions":[{"id":"action32","type":"key","parameters":{},"actions":[{"type":"keyDown","value":"î€‡"},{"type":"pause","duration":10},{"type":"keyUp","value":"î€‡"}]}]}
COMMAND: GET /session/7a77e4e78ab7f053ff1399b1683134e1/screenshot - {}
RESULT: {}
COMMAND: POST /session/7a77e4e78ab7f053ff1399b1683134e1/element - {"using":"xpath","value":"//input[contains(@id ,\"application-managecontracts-display-component---AddNewContract--customerSelect-inner\")]"}
RESULT: {"using":"xpath","value":"//input[contains(@id ,\"application-managecontracts-display-component---AddNewContract--customerSelect-inner\")]"}
COMMAND: POST /session/7a77e4e78ab7f053ff1399b1683134e1/element/f.F34A9C30008BD60ECF93DB5E8BBA230A.d.7329B1F36CB9F5EFD7E8BFDE19654B5D.e.3932/value - {"text":"WebdriverPartnerrl9mi"}
RESULT: {"text":"WebdriverPartnerrl9mi"}
COMMAND: GET /session/7a77e4e78ab7f053ff1399b1683134e1/screenshot - {}
RESULT: {}
COMMAND: POST /session/7a77e4e78ab7f053ff1399b1683134e1/actions - {"actions":[{"id":"action33","type":"key","parameters":{},"actions":[{"type":"keyDown","value":"î€‡"},{"type":"pause","duration":10},{"type":"keyUp","value":"î€‡"}]}]}
RESULT: {"actions":[{"id":"action33","type":"key","parameters":{},"actions":[{"type":"keyDown","value":"î€‡"},{"type":"pause","duration":10},{"type":"keyUp","value":"î€‡"}]}]}
COMMAND: GET /session/7a77e4e78ab7f053ff1399b1683134e1/screenshot - {}
RESULT: {}
COMMAND: POST /session/7a77e4e78ab7f053ff1399b1683134e1/element - {"using":"xpath","value":"//input[contains(@id ,\"application-managecontracts-display-component---AddNewContract--site-inner\")]"}
RESULT: {"using":"xpath","value":"//input[contains(@id ,\"application-managecontracts-display-component---AddNewContract--site-inner\")]"}
COMMAND: POST /session/7a77e4e78ab7f053ff1399b1683134e1/element/f.F34A9C30008BD60ECF93DB5E8BBA230A.d.7329B1F36CB9F5EFD7E8BFDE19654B5D.e.3933/value - {"text":"WebdriverSitesv4mj"}
RESULT: {"text":"WebdriverSitesv4mj"}
COMMAND: GET /session/7a77e4e78ab7f053ff1399b1683134e1/screenshot - {}
RESULT: {}
COMMAND: POST /session/7a77e4e78ab7f053ff1399b1683134e1/actions - {"actions":[{"id":"action34","type":"key","parameters":{},"actions":[{"type":"keyDown","value":"î€‡"},{"type":"pause","duration":10},{"type":"keyUp","value":"î€‡"}]}]}
RESULT: {"actions":[{"id":"action34","type":"key","parameters":{},"actions":[{"type":"keyDown","value":"î€‡"},{"type":"pause","duration":10},{"type":"keyUp","value":"î€‡"}]}]}
COMMAND: GET /session/7a77e4e78ab7f053ff1399b1683134e1/screenshot - {}
RESULT: {}
COMMAND: POST /session/7a77e4e78ab7f053ff1399b1683134e1/execute/async - {"script":"<script> [1562 bytes]","args":[{"selector":{"id":"application-managecontracts-display-component---AddNewContract--saveBtn","interaction":{"idSuffix":"BDI-content"}},"wdio_ui5_key":"applicationmanagecontracts-display-component---AddNewContract--saveBtn"}]}
RESULT: {"script":"<script> [1562 bytes]","args":[{"selector":{"id":"application-managecontracts-display-component---AddNewContract--saveBtn","interaction":{"idSuffix":"BDI-content"}},"wdio_ui5_key":"applicationmanagecontracts-display-component---AddNewContract--saveBtn"}]}
RESULT: undefined
COMMAND: POST /session/7a77e4e78ab7f053ff1399b1683134e1/element - {"using":"xpath","value":"//*[@id=\"application-managecontracts-display-component---AddNewContract--saveBtn\"]"}
RESULT: {"using":"xpath","value":"//*[@id=\"application-managecontracts-display-component---AddNewContract--saveBtn\"]"}
COMMAND: POST /session/7a77e4e78ab7f053ff1399b1683134e1/element/f.F34A9C30008BD60ECF93DB5E8BBA230A.d.7329B1F36CB9F5EFD7E8BFDE19654B5D.e.3964/click - {}
RESULT: {}
COMMAND: GET /session/7a77e4e78ab7f053ff1399b1683134e1/screenshot - {}
RESULT: {}
COMMAND: POST /session/7a77e4e78ab7f053ff1399b1683134e1/element - {"using":"xpath","value":"//span[contains(@id ,\"contractDetailTitleNoExpanded\")]"}
RESULT: {"using":"xpath","value":"//span[contains(@id ,\"contractDetailTitleNoExpanded\")]"}
COMMAND: GET /session/7a77e4e78ab7f053ff1399b1683134e1/element/f.F34A9C30008BD60ECF93DB5E8BBA230A.d.7329B1F36CB9F5EFD7E8BFDE19654B5D.e.4035/text - {}
RESULT: {}
COMMAND: POST /session/7a77e4e78ab7f053ff1399b1683134e1/element - {"using":"css selector","value":"#shell-header-logo"}
RESULT: {"using":"css selector","value":"#shell-header-logo"}
COMMAND: POST /session/7a77e4e78ab7f053ff1399b1683134e1/element/f.F34A9C30008BD60ECF93DB5E8BBA230A.d.7329B1F36CB9F5EFD7E8BFDE19654B5D.e.3579/click - {}
RESULT: {}
COMMAND: GET /session/7a77e4e78ab7f053ff1399b1683134e1/screenshot - {}
RESULT: {}
]]></system-out>
    </testcase>
    <testcase classname="chrome.136_0_7103_93.windows.Manage_request_+_Contract_processing_pick_up_option_US120163_" name="Should create a new material" time="142.601">
      <system-out><![CDATA[
COMMAND: POST /session/7a77e4e78ab7f053ff1399b1683134e1/execute/async - {"script":"<script> [1562 bytes]","args":[{"selector":{"controlType":"sap.m.GenericTile","properties":{"header":"Manage Resources"}},"wdio_ui5_key":"sapm.GenericTile{\"header\":\"Manage Resources\"}"}]}
RESULT: {"script":"<script> [1562 bytes]","args":[{"selector":{"controlType":"sap.m.GenericTile","properties":{"header":"Manage Resources"}},"wdio_ui5_key":"sapm.GenericTile{\"header\":\"Manage Resources\"}"}]}
RESULT: undefined
COMMAND: POST /session/7a77e4e78ab7f053ff1399b1683134e1/element - {"using":"xpath","value":"//*[@id=\"__tile39\"]"}
RESULT: {"using":"xpath","value":"//*[@id=\"__tile39\"]"}
COMMAND: POST /session/7a77e4e78ab7f053ff1399b1683134e1/element/f.F34A9C30008BD60ECF93DB5E8BBA230A.d.7329B1F36CB9F5EFD7E8BFDE19654B5D.e.4039/click - {}
RESULT: {}
COMMAND: GET /session/7a77e4e78ab7f053ff1399b1683134e1/screenshot - {}
RESULT: {}
COMMAND: POST /session/7a77e4e78ab7f053ff1399b1683134e1/elements - {"using":"xpath","value":"//span[text()='Error']"}
RESULT: {"using":"xpath","value":"//span[text()='Error']"}
COMMAND: POST /session/7a77e4e78ab7f053ff1399b1683134e1/element - {"using":"xpath","value":"//button[@data-kt=\"addNewRUOverflowToolbarButton\"]"}
RESULT: {"using":"xpath","value":"//button[@data-kt=\"addNewRUOverflowToolbarButton\"]"}
COMMAND: POST /session/7a77e4e78ab7f053ff1399b1683134e1/execute/sync - {"script":"<script> [8489 bytes]","args":[{"element-6066-11e4-a52e-4f735466cecf":"f.F34A9C30008BD60ECF93DB5E8BBA230A.d.7329B1F36CB9F5EFD7E8BFDE19654B5D.e.4081","ELEMENT":"f.F34A9C30008BD60ECF93DB5E8BBA230A.d.7329B1F36CB9F5EFD7E8BFDE19654B5D.e.4081"}]}
RESULT: {"script":"<script> [8489 bytes]","args":[{"element-6066-11e4-a52e-4f735466cecf":"f.F34A9C30008BD60ECF93DB5E8BBA230A.d.7329B1F36CB9F5EFD7E8BFDE19654B5D.e.4081","ELEMENT":"f.F34A9C30008BD60ECF93DB5E8BBA230A.d.7329B1F36CB9F5EFD7E8BFDE19654B5D.e.4081"}]}
COMMAND: POST /session/7a77e4e78ab7f053ff1399b1683134e1/element/f.F34A9C30008BD60ECF93DB5E8BBA230A.d.7329B1F36CB9F5EFD7E8BFDE19654B5D.e.4081/click - {}
COMMAND: GET /session/7a77e4e78ab7f053ff1399b1683134e1/screenshot - {}
RESULT: {}
COMMAND: POST /session/7a77e4e78ab7f053ff1399b1683134e1/execute/async - {"script":"<script> [1562 bytes]","args":[{"selector":{"id":"application-manageresources-display-component---newResourceUnit--TYPE-arrow"},"wdio_ui5_key":"applicationmanageresources-display-component---newResourceUnit--TYPE-arrow"}]}
COMMAND: GET /session/7a77e4e78ab7f053ff1399b1683134e1/screenshot - {}
RESULT: {}
RESULT: {"script":"<script> [1562 bytes]","args":[{"selector":{"id":"application-manageresources-display-component---newResourceUnit--TYPE-arrow"},"wdio_ui5_key":"applicationmanageresources-display-component---newResourceUnit--TYPE-arrow"}]}
RESULT: undefined
COMMAND: POST /session/7a77e4e78ab7f053ff1399b1683134e1/element - {"using":"xpath","value":"//*[@id=\"application-manageresources-display-component---newResourceUnit--TYPE-arrow\"]"}
RESULT: {}
RESULT: {"using":"xpath","value":"//*[@id=\"application-manageresources-display-component---newResourceUnit--TYPE-arrow\"]"}
COMMAND: POST /session/7a77e4e78ab7f053ff1399b1683134e1/element/f.F34A9C30008BD60ECF93DB5E8BBA230A.d.7329B1F36CB9F5EFD7E8BFDE19654B5D.e.4402/click - {}
RESULT: {}
COMMAND: POST /session/7a77e4e78ab7f053ff1399b1683134e1/execute/async - {"script":"<script> [1562 bytes]","args":[{"selector":{"controlType":"sap.m.StandardListItem","viewName":"reusables.view.manageresources.NewResourceUnit","viewId":"application-manageresources-display-component---newResourceUnit","properties":{"title":"Material"},"searchOpenDialogs":true,"interaction":{"idSuffix":"titleText"}},"wdio_ui5_key":"reusablesview.manageresources.NewResourceUnitsap.m.StandardListItem{\"title\":\"Material\"}"}]}
COMMAND: GET /session/7a77e4e78ab7f053ff1399b1683134e1/screenshot - {}
RESULT: {"script":"<script> [1562 bytes]","args":[{"selector":{"controlType":"sap.m.StandardListItem","viewName":"reusables.view.manageresources.NewResourceUnit","viewId":"application-manageresources-display-component---newResourceUnit","properties":{"title":"Material"},"searchOpenDialogs":true,"interaction":{"idSuffix":"titleText"}},"wdio_ui5_key":"reusablesview.manageresources.NewResourceUnitsap.m.StandardListItem{\"title\":\"Material\"}"}]}
RESULT: undefined
COMMAND: POST /session/7a77e4e78ab7f053ff1399b1683134e1/element - {"using":"xpath","value":"//*[@id=\"__item3212\"]"}
RESULT: {}
RESULT: {"using":"xpath","value":"//*[@id=\"__item3212\"]"}
COMMAND: POST /session/7a77e4e78ab7f053ff1399b1683134e1/element/f.F34A9C30008BD60ECF93DB5E8BBA230A.d.7329B1F36CB9F5EFD7E8BFDE19654B5D.e.4405/click - {}
RESULT: {}
COMMAND: POST /session/7a77e4e78ab7f053ff1399b1683134e1/execute/async - {"script":"<script> [1562 bytes]","args":[{"selector":{"id":"application-manageresources-display-component---newResourceUnit--SHORT_TEXT","interaction":{"idSuffix":"inner"}},"wdio_ui5_key":"applicationmanageresources-display-component---newResourceUnit--SHORT_TEXT"}]}
COMMAND: GET /session/7a77e4e78ab7f053ff1399b1683134e1/screenshot - {}
RESULT: {"script":"<script> [1562 bytes]","args":[{"selector":{"id":"application-manageresources-display-component---newResourceUnit--SHORT_TEXT","interaction":{"idSuffix":"inner"}},"wdio_ui5_key":"applicationmanageresources-display-component---newResourceUnit--SHORT_TEXT"}]}
RESULT: undefined
COMMAND: POST /session/7a77e4e78ab7f053ff1399b1683134e1/execute/async - {"script":"<script> [776 bytes]","args":[{"enterText":"WebdriverRUR2Cdhf0e","selector":{"id":"application-manageresources-display-component---newResourceUnit--SHORT_TEXT","interaction":{"idSuffix":"inner"}},"clearTextFirst":true,"interactionType":"ENTER_TEXT"}]}
RESULT: {}
RESULT: {"script":"<script> [776 bytes]","args":[{"enterText":"WebdriverRUR2Cdhf0e","selector":{"id":"application-manageresources-display-component---newResourceUnit--SHORT_TEXT","interaction":{"idSuffix":"inner"}},"clearTextFirst":true,"interactionType":"ENTER_TEXT"}]}
COMMAND: POST /session/7a77e4e78ab7f053ff1399b1683134e1/execute/async - {"script":"<script> [1562 bytes]","args":[{"selector":{"id":"application-manageresources-display-component---newResourceUnit--BASE_UNIT_OF_MEASURE-arrow"},"wdio_ui5_key":"applicationmanageresources-display-component---newResourceUnit--BASE_UNIT_OF_MEASURE-arrow"}]}
RESULT: {"script":"<script> [1562 bytes]","args":[{"selector":{"id":"application-manageresources-display-component---newResourceUnit--BASE_UNIT_OF_MEASURE-arrow"},"wdio_ui5_key":"applicationmanageresources-display-component---newResourceUnit--BASE_UNIT_OF_MEASURE-arrow"}]}
RESULT: undefined
COMMAND: POST /session/7a77e4e78ab7f053ff1399b1683134e1/element - {"using":"xpath","value":"//*[@id=\"application-manageresources-display-component---newResourceUnit--BASE_UNIT_OF_MEASURE-arrow\"]"}
RESULT: {"using":"xpath","value":"//*[@id=\"application-manageresources-display-component---newResourceUnit--BASE_UNIT_OF_MEASURE-arrow\"]"}
COMMAND: POST /session/7a77e4e78ab7f053ff1399b1683134e1/element/f.F34A9C30008BD60ECF93DB5E8BBA230A.d.7329B1F36CB9F5EFD7E8BFDE19654B5D.e.4459/click - {}
RESULT: {}
COMMAND: POST /session/7a77e4e78ab7f053ff1399b1683134e1/execute/async - {"script":"<script> [1562 bytes]","args":[{"selector":{"controlType":"sap.m.StandardListItem","viewName":"reusables.view.manageresources.NewResourceUnit","viewId":"application-manageresources-display-component---newResourceUnit","properties":{"title":"Piece"},"searchOpenDialogs":true,"interaction":{"idSuffix":"titleText"}},"wdio_ui5_key":"reusablesview.manageresources.NewResourceUnitsap.m.StandardListItem{\"title\":\"Piece\"}"}]}
COMMAND: GET /session/7a77e4e78ab7f053ff1399b1683134e1/screenshot - {}
RESULT: {"script":"<script> [1562 bytes]","args":[{"selector":{"controlType":"sap.m.StandardListItem","viewName":"reusables.view.manageresources.NewResourceUnit","viewId":"application-manageresources-display-component---newResourceUnit","properties":{"title":"Piece"},"searchOpenDialogs":true,"interaction":{"idSuffix":"titleText"}},"wdio_ui5_key":"reusablesview.manageresources.NewResourceUnitsap.m.StandardListItem{\"title\":\"Piece\"}"}]}
RESULT: undefined
COMMAND: POST /session/7a77e4e78ab7f053ff1399b1683134e1/element - {"using":"xpath","value":"//*[@id=\"__item3254\"]"}
RESULT: {}
RESULT: {"using":"xpath","value":"//*[@id=\"__item3254\"]"}
COMMAND: POST /session/7a77e4e78ab7f053ff1399b1683134e1/element/f.F34A9C30008BD60ECF93DB5E8BBA230A.d.7329B1F36CB9F5EFD7E8BFDE19654B5D.e.4461/click - {}
RESULT: {}
COMMAND: POST /session/7a77e4e78ab7f053ff1399b1683134e1/element - {"using":"xpath","value":"//input[contains(@id ,\"application-manageresources-display-component---newResourceUnit--SHORT_TEXT-inner\")]"}
COMMAND: GET /session/7a77e4e78ab7f053ff1399b1683134e1/screenshot - {}
RESULT: {"using":"xpath","value":"//input[contains(@id ,\"application-manageresources-display-component---newResourceUnit--SHORT_TEXT-inner\")]"}
COMMAND: GET /session/7a77e4e78ab7f053ff1399b1683134e1/element/f.F34A9C30008BD60ECF93DB5E8BBA230A.d.7329B1F36CB9F5EFD7E8BFDE19654B5D.e.4422/property/value - {}
RESULT: {}
RESULT: {}
COMMAND: POST /session/7a77e4e78ab7f053ff1399b1683134e1/execute/async - {"script":"<script> [1562 bytes]","args":[{"selector":{"id":"application-manageresources-display-component---newResourceUnit--WEIGHT_UNIT-arrow"},"wdio_ui5_key":"applicationmanageresources-display-component---newResourceUnit--WEIGHT_UNIT-arrow"}]}
COMMAND: GET /session/7a77e4e78ab7f053ff1399b1683134e1/screenshot - {}
RESULT: {"script":"<script> [1562 bytes]","args":[{"selector":{"id":"application-manageresources-display-component---newResourceUnit--WEIGHT_UNIT-arrow"},"wdio_ui5_key":"applicationmanageresources-display-component---newResourceUnit--WEIGHT_UNIT-arrow"}]}
RESULT: undefined
COMMAND: POST /session/7a77e4e78ab7f053ff1399b1683134e1/element - {"using":"xpath","value":"//*[@id=\"application-manageresources-display-component---newResourceUnit--WEIGHT_UNIT-arrow\"]"}
RESULT: {}
RESULT: {"using":"xpath","value":"//*[@id=\"application-manageresources-display-component---newResourceUnit--WEIGHT_UNIT-arrow\"]"}
COMMAND: POST /session/7a77e4e78ab7f053ff1399b1683134e1/element/f.F34A9C30008BD60ECF93DB5E8BBA230A.d.7329B1F36CB9F5EFD7E8BFDE19654B5D.e.4462/click - {}
RESULT: {}
COMMAND: POST /session/7a77e4e78ab7f053ff1399b1683134e1/execute/async - {"script":"<script> [1562 bytes]","args":[{"selector":{"controlType":"sap.m.StandardListItem","viewName":"reusables.view.manageresources.NewResourceUnit","viewId":"application-manageresources-display-component---newResourceUnit","properties":{"title":"Gram"},"searchOpenDialogs":true,"interaction":{"idSuffix":"content"}},"wdio_ui5_key":"reusablesview.manageresources.NewResourceUnitsap.m.StandardListItem{\"title\":\"Gram\"}"}]}
COMMAND: GET /session/7a77e4e78ab7f053ff1399b1683134e1/screenshot - {}
RESULT: {"script":"<script> [1562 bytes]","args":[{"selector":{"controlType":"sap.m.StandardListItem","viewName":"reusables.view.manageresources.NewResourceUnit","viewId":"application-manageresources-display-component---newResourceUnit","properties":{"title":"Gram"},"searchOpenDialogs":true,"interaction":{"idSuffix":"content"}},"wdio_ui5_key":"reusablesview.manageresources.NewResourceUnitsap.m.StandardListItem{\"title\":\"Gram\"}"}]}
RESULT: undefined
COMMAND: POST /session/7a77e4e78ab7f053ff1399b1683134e1/element - {"using":"xpath","value":"//*[@id=\"__item3319\"]"}
RESULT: {}
RESULT: {"using":"xpath","value":"//*[@id=\"__item3319\"]"}
COMMAND: POST /session/7a77e4e78ab7f053ff1399b1683134e1/element/f.F34A9C30008BD60ECF93DB5E8BBA230A.d.7329B1F36CB9F5EFD7E8BFDE19654B5D.e.4464/click - {}
RESULT: {}
COMMAND: POST /session/7a77e4e78ab7f053ff1399b1683134e1/execute/async - {"script":"<script> [1562 bytes]","args":[{"selector":{"id":"application-manageresources-display-component---newResourceUnit--newRRUPage-OPHeaderContent-collapseBtn-img"},"wdio_ui5_key":"applicationmanageresources-display-component---newResourceUnit--newRRUPage-OPHeaderContent-collapseBtn-img"}]}
COMMAND: GET /session/7a77e4e78ab7f053ff1399b1683134e1/screenshot - {}
RESULT: {"script":"<script> [1562 bytes]","args":[{"selector":{"id":"application-manageresources-display-component---newResourceUnit--newRRUPage-OPHeaderContent-collapseBtn-img"},"wdio_ui5_key":"applicationmanageresources-display-component---newResourceUnit--newRRUPage-OPHeaderContent-collapseBtn-img"}]}
RESULT: undefined
COMMAND: POST /session/7a77e4e78ab7f053ff1399b1683134e1/element - {"using":"xpath","value":"//*[@id=\"application-manageresources-display-component---newResourceUnit--newRRUPage-OPHeaderContent-collapseBtn-img\"]"}
RESULT: {}
RESULT: {"using":"xpath","value":"//*[@id=\"application-manageresources-display-component---newResourceUnit--newRRUPage-OPHeaderContent-collapseBtn-img\"]"}
COMMAND: POST /session/7a77e4e78ab7f053ff1399b1683134e1/element/f.F34A9C30008BD60ECF93DB5E8BBA230A.d.7329B1F36CB9F5EFD7E8BFDE19654B5D.e.4412/click - {}
RESULT: {}
COMMAND: GET /session/7a77e4e78ab7f053ff1399b1683134e1/screenshot - {}
RESULT: {}
COMMAND: POST /session/7a77e4e78ab7f053ff1399b1683134e1/element - {"using":"xpath","value":"(//span[contains(@id ,\"application-manageresources-display-component---newResourceUnit--DIMENSION_UNIT-arrow\")])[1]"}
RESULT: {"using":"xpath","value":"(//span[contains(@id ,\"application-manageresources-display-component---newResourceUnit--DIMENSION_UNIT-arrow\")])[1]"}
COMMAND: POST /session/7a77e4e78ab7f053ff1399b1683134e1/element/f.F34A9C30008BD60ECF93DB5E8BBA230A.d.7329B1F36CB9F5EFD7E8BFDE19654B5D.e.4470/click - {}
RESULT: {}
COMMAND: GET /session/7a77e4e78ab7f053ff1399b1683134e1/screenshot - {}
RESULT: {}
COMMAND: POST /session/7a77e4e78ab7f053ff1399b1683134e1/execute/async - {"script":"<script> [1562 bytes]","args":[{"selector":{"controlType":"sap.m.StandardListItem","viewName":"reusables.view.manageresources.NewResourceUnit","viewId":"application-manageresources-display-component---newResourceUnit","properties":{"title":"Centimeter"},"searchOpenDialogs":true,"interaction":{"idSuffix":"titleText"}},"wdio_ui5_key":"reusablesview.manageresources.NewResourceUnitsap.m.StandardListItem{\"title\":\"Centimeter\"}"}]}
RESULT: {"script":"<script> [1562 bytes]","args":[{"selector":{"controlType":"sap.m.StandardListItem","viewName":"reusables.view.manageresources.NewResourceUnit","viewId":"application-manageresources-display-component---newResourceUnit","properties":{"title":"Centimeter"},"searchOpenDialogs":true,"interaction":{"idSuffix":"titleText"}},"wdio_ui5_key":"reusablesview.manageresources.NewResourceUnitsap.m.StandardListItem{\"title\":\"Centimeter\"}"}]}
RESULT: undefined
COMMAND: POST /session/7a77e4e78ab7f053ff1399b1683134e1/element - {"using":"xpath","value":"//*[@id=\"__item3322\"]"}
RESULT: {"using":"xpath","value":"//*[@id=\"__item3322\"]"}
COMMAND: POST /session/7a77e4e78ab7f053ff1399b1683134e1/element/f.F34A9C30008BD60ECF93DB5E8BBA230A.d.7329B1F36CB9F5EFD7E8BFDE19654B5D.e.4472/click - {}
RESULT: {}
COMMAND: POST /session/7a77e4e78ab7f053ff1399b1683134e1/execute/async - {"script":"<script> [1562 bytes]","args":[{"selector":{"id":"application-manageresources-display-component---newResourceUnit--newRRUPage-anchBar-application-manageresources-display-component---newResourceUnit--reference-anchor","interaction":{"idSuffix":"BDI-content"}},"wdio_ui5_key":"applicationmanageresources-display-component---newResourceUnit--newRRUPage-anchBar-application-manageresources-display-component---newResourceUnit--reference-anchor"}]}
COMMAND: GET /session/7a77e4e78ab7f053ff1399b1683134e1/screenshot - {}
RESULT: {"script":"<script> [1562 bytes]","args":[{"selector":{"id":"application-manageresources-display-component---newResourceUnit--newRRUPage-anchBar-application-manageresources-display-component---newResourceUnit--reference-anchor","interaction":{"idSuffix":"BDI-content"}},"wdio_ui5_key":"applicationmanageresources-display-component---newResourceUnit--newRRUPage-anchBar-application-manageresources-display-component---newResourceUnit--reference-anchor"}]}
RESULT: undefined
COMMAND: POST /session/7a77e4e78ab7f053ff1399b1683134e1/element - {"using":"xpath","value":"//*[@id=\"application-manageresources-display-component---newResourceUnit--newRRUPage-anchBar-application-manageresources-display-component---newResourceUnit--reference-anchor\"]"}
RESULT: {}
RESULT: {"using":"xpath","value":"//*[@id=\"application-manageresources-display-component---newResourceUnit--newRRUPage-anchBar-application-manageresources-display-component---newResourceUnit--reference-anchor\"]"}
COMMAND: POST /session/7a77e4e78ab7f053ff1399b1683134e1/element/f.F34A9C30008BD60ECF93DB5E8BBA230A.d.7329B1F36CB9F5EFD7E8BFDE19654B5D.e.4474/click - {}
RESULT: {}
COMMAND: POST /session/7a77e4e78ab7f053ff1399b1683134e1/execute/async - {"script":"<script> [1562 bytes]","args":[{"selector":{"id":"application-manageresources-display-component---newResourceUnit--PLANNING_GROUP-arrow"},"wdio_ui5_key":"applicationmanageresources-display-component---newResourceUnit--PLANNING_GROUP-arrow"}]}
COMMAND: GET /session/7a77e4e78ab7f053ff1399b1683134e1/screenshot - {}
RESULT: {"script":"<script> [1562 bytes]","args":[{"selector":{"id":"application-manageresources-display-component---newResourceUnit--PLANNING_GROUP-arrow"},"wdio_ui5_key":"applicationmanageresources-display-component---newResourceUnit--PLANNING_GROUP-arrow"}]}
RESULT: undefined
COMMAND: POST /session/7a77e4e78ab7f053ff1399b1683134e1/element - {"using":"xpath","value":"//*[@id=\"application-manageresources-display-component---newResourceUnit--PLANNING_GROUP-arrow\"]"}
RESULT: {}
RESULT: {"using":"xpath","value":"//*[@id=\"application-manageresources-display-component---newResourceUnit--PLANNING_GROUP-arrow\"]"}
COMMAND: POST /session/7a77e4e78ab7f053ff1399b1683134e1/element/f.F34A9C30008BD60ECF93DB5E8BBA230A.d.7329B1F36CB9F5EFD7E8BFDE19654B5D.e.4478/click - {}
RESULT: {}
COMMAND: POST /session/7a77e4e78ab7f053ff1399b1683134e1/execute/async - {"script":"<script> [1562 bytes]","args":[{"selector":{"controlType":"sap.m.StandardListItem","viewName":"reusables.view.manageresources.NewResourceUnit","viewId":"application-manageresources-display-component---newResourceUnit","properties":{"title":"Heavy Equi"},"searchOpenDialogs":true,"interaction":{"idSuffix":"content"}},"wdio_ui5_key":"reusablesview.manageresources.NewResourceUnitsap.m.StandardListItem{\"title\":\"Heavy Equi\"}"}]}
COMMAND: GET /session/7a77e4e78ab7f053ff1399b1683134e1/screenshot - {}
RESULT: {"script":"<script> [1562 bytes]","args":[{"selector":{"controlType":"sap.m.StandardListItem","viewName":"reusables.view.manageresources.NewResourceUnit","viewId":"application-manageresources-display-component---newResourceUnit","properties":{"title":"Heavy Equi"},"searchOpenDialogs":true,"interaction":{"idSuffix":"content"}},"wdio_ui5_key":"reusablesview.manageresources.NewResourceUnitsap.m.StandardListItem{\"title\":\"Heavy Equi\"}"}]}
RESULT: undefined
COMMAND: POST /session/7a77e4e78ab7f053ff1399b1683134e1/element - {"using":"xpath","value":"//*[@id=\"__item3330\"]"}
RESULT: {}
RESULT: {"using":"xpath","value":"//*[@id=\"__item3330\"]"}
COMMAND: POST /session/7a77e4e78ab7f053ff1399b1683134e1/element/f.F34A9C30008BD60ECF93DB5E8BBA230A.d.7329B1F36CB9F5EFD7E8BFDE19654B5D.e.4482/click - {}
RESULT: {}
COMMAND: GET /session/7a77e4e78ab7f053ff1399b1683134e1/screenshot - {}
RESULT: {}
COMMAND: POST /session/7a77e4e78ab7f053ff1399b1683134e1/execute/async - {"script":"<script> [1562 bytes]","args":[{"selector":{"id":"application-manageresources-display-component---newResourceUnit--PLANNING_INDICATOR-arrow"},"wdio_ui5_key":"applicationmanageresources-display-component---newResourceUnit--PLANNING_INDICATOR-arrow"}]}
RESULT: {"script":"<script> [1562 bytes]","args":[{"selector":{"id":"application-manageresources-display-component---newResourceUnit--PLANNING_INDICATOR-arrow"},"wdio_ui5_key":"applicationmanageresources-display-component---newResourceUnit--PLANNING_INDICATOR-arrow"}]}
RESULT: undefined
COMMAND: POST /session/7a77e4e78ab7f053ff1399b1683134e1/element - {"using":"xpath","value":"//*[@id=\"application-manageresources-display-component---newResourceUnit--PLANNING_INDICATOR-arrow\"]"}
RESULT: {"using":"xpath","value":"//*[@id=\"application-manageresources-display-component---newResourceUnit--PLANNING_INDICATOR-arrow\"]"}
COMMAND: POST /session/7a77e4e78ab7f053ff1399b1683134e1/element/f.F34A9C30008BD60ECF93DB5E8BBA230A.d.7329B1F36CB9F5EFD7E8BFDE19654B5D.e.4483/click - {}
RESULT: {}
COMMAND: POST /session/7a77e4e78ab7f053ff1399b1683134e1/execute/async - {"script":"<script> [1562 bytes]","args":[{"selector":{"controlType":"sap.m.StandardListItem","viewName":"reusables.view.manageresources.NewResourceUnit","viewId":"application-manageresources-display-component---newResourceUnit","properties":{"title":"10 - infinite"},"searchOpenDialogs":true,"interaction":{"idSuffix":"content"}},"wdio_ui5_key":"reusablesview.manageresources.NewResourceUnitsap.m.StandardListItem{\"title\":\"10 - infinite\"}"}]}
COMMAND: GET /session/7a77e4e78ab7f053ff1399b1683134e1/screenshot - {}
RESULT: {"script":"<script> [1562 bytes]","args":[{"selector":{"controlType":"sap.m.StandardListItem","viewName":"reusables.view.manageresources.NewResourceUnit","viewId":"application-manageresources-display-component---newResourceUnit","properties":{"title":"10 - infinite"},"searchOpenDialogs":true,"interaction":{"idSuffix":"content"}},"wdio_ui5_key":"reusablesview.manageresources.NewResourceUnitsap.m.StandardListItem{\"title\":\"10 - infinite\"}"}]}
RESULT: undefined
COMMAND: POST /session/7a77e4e78ab7f053ff1399b1683134e1/element - {"using":"xpath","value":"//*[@id=\"__item3340\"]"}
RESULT: {}
RESULT: {"using":"xpath","value":"//*[@id=\"__item3340\"]"}
COMMAND: POST /session/7a77e4e78ab7f053ff1399b1683134e1/element/f.F34A9C30008BD60ECF93DB5E8BBA230A.d.7329B1F36CB9F5EFD7E8BFDE19654B5D.e.4485/click - {}
RESULT: {}
COMMAND: GET /session/7a77e4e78ab7f053ff1399b1683134e1/screenshot - {}
RESULT: {}
COMMAND: POST /session/7a77e4e78ab7f053ff1399b1683134e1/element - {"using":"xpath","value":"//bdi[contains(text(), \"Time Segment\")]"}
RESULT: {"using":"xpath","value":"//bdi[contains(text(), \"Time Segment\")]"}
COMMAND: GET /session/7a77e4e78ab7f053ff1399b1683134e1/element/f.F34A9C30008BD60ECF93DB5E8BBA230A.d.7329B1F36CB9F5EFD7E8BFDE19654B5D.e.4486/rect - {}
RESULT: {}
COMMAND: GET /session/7a77e4e78ab7f053ff1399b1683134e1/window/rect - {}
RESULT: {}
COMMAND: POST /session/7a77e4e78ab7f053ff1399b1683134e1/execute/sync - {"script":"<script> [92 bytes]","args":[]}
RESULT: {"script":"<script> [92 bytes]","args":[]}
COMMAND: POST /session/7a77e4e78ab7f053ff1399b1683134e1/actions - {"actions":[{"id":"action35","type":"wheel","parameters":{},"actions":[{"type":"scroll","x":-1820,"y":-21,"deltaX":0,"deltaY":0,"duration":0,"origin":{"element-6066-11e4-a52e-4f735466cecf":"f.F34A9C30008BD60ECF93DB5E8BBA230A.d.7329B1F36CB9F5EFD7E8BFDE19654B5D.e.4486"}}]}]}
COMMAND: GET /session/7a77e4e78ab7f053ff1399b1683134e1/screenshot - {}
RESULT: {}
COMMAND: POST /session/7a77e4e78ab7f053ff1399b1683134e1/execute/sync - {"script":"<script> [79 bytes]","args":[{"element-6066-11e4-a52e-4f735466cecf":"f.F34A9C30008BD60ECF93DB5E8BBA230A.d.7329B1F36CB9F5EFD7E8BFDE19654B5D.e.4486","ELEMENT":"f.F34A9C30008BD60ECF93DB5E8BBA230A.d.7329B1F36CB9F5EFD7E8BFDE19654B5D.e.4486"},{"block":"start","inline":"nearest"}]}
RESULT: {"script":"<script> [79 bytes]","args":[{"element-6066-11e4-a52e-4f735466cecf":"f.F34A9C30008BD60ECF93DB5E8BBA230A.d.7329B1F36CB9F5EFD7E8BFDE19654B5D.e.4486","ELEMENT":"f.F34A9C30008BD60ECF93DB5E8BBA230A.d.7329B1F36CB9F5EFD7E8BFDE19654B5D.e.4486"},{"block":"start","inline":"nearest"}]}
COMMAND: GET /session/7a77e4e78ab7f053ff1399b1683134e1/screenshot - {}
RESULT: {}
COMMAND: POST /session/7a77e4e78ab7f053ff1399b1683134e1/element - {"using":"xpath","value":"//span[@id=\"application-manageresources-display-component---newResourceUnit--btnAddTimeSegment-img\"]"}
RESULT: {"using":"xpath","value":"//span[@id=\"application-manageresources-display-component---newResourceUnit--btnAddTimeSegment-img\"]"}
COMMAND: POST /session/7a77e4e78ab7f053ff1399b1683134e1/execute/sync - {"script":"<script> [8489 bytes]","args":[{"element-6066-11e4-a52e-4f735466cecf":"f.F34A9C30008BD60ECF93DB5E8BBA230A.d.7329B1F36CB9F5EFD7E8BFDE19654B5D.e.4489","ELEMENT":"f.F34A9C30008BD60ECF93DB5E8BBA230A.d.7329B1F36CB9F5EFD7E8BFDE19654B5D.e.4489"}]}
RESULT: {"script":"<script> [8489 bytes]","args":[{"element-6066-11e4-a52e-4f735466cecf":"f.F34A9C30008BD60ECF93DB5E8BBA230A.d.7329B1F36CB9F5EFD7E8BFDE19654B5D.e.4489","ELEMENT":"f.F34A9C30008BD60ECF93DB5E8BBA230A.d.7329B1F36CB9F5EFD7E8BFDE19654B5D.e.4489"}]}
COMMAND: POST /session/7a77e4e78ab7f053ff1399b1683134e1/element/f.F34A9C30008BD60ECF93DB5E8BBA230A.d.7329B1F36CB9F5EFD7E8BFDE19654B5D.e.4489/click - {}
COMMAND: GET /session/7a77e4e78ab7f053ff1399b1683134e1/screenshot - {}
RESULT: {}
COMMAND: GET /session/7a77e4e78ab7f053ff1399b1683134e1/screenshot - {}
COMMAND: POST /session/7a77e4e78ab7f053ff1399b1683134e1/element - {"using":"xpath","value":"//input[@id=\"application-manageresources-display-component---newResourceUnit--idRuTSAdmin-application-manageresources-display-component---newResourceUnit--RUTimeSegment-0-inner\"]"}
RESULT: {}
RESULT: {}
RESULT: {"using":"xpath","value":"//input[@id=\"application-manageresources-display-component---newResourceUnit--idRuTSAdmin-application-manageresources-display-component---newResourceUnit--RUTimeSegment-0-inner\"]"}
COMMAND: POST /session/7a77e4e78ab7f053ff1399b1683134e1/element/f.F34A9C30008BD60ECF93DB5E8BBA230A.d.7329B1F36CB9F5EFD7E8BFDE19654B5D.e.4492/clear - {}
RESULT: {}
COMMAND: POST /session/7a77e4e78ab7f053ff1399b1683134e1/element/f.F34A9C30008BD60ECF93DB5E8BBA230A.d.7329B1F36CB9F5EFD7E8BFDE19654B5D.e.4492/value - {"text":"WebdriverYardgb2jc"}
COMMAND: GET /session/7a77e4e78ab7f053ff1399b1683134e1/screenshot - {}
RESULT: {"text":"WebdriverYardgb2jc"}
COMMAND: GET /session/7a77e4e78ab7f053ff1399b1683134e1/screenshot - {}
RESULT: {}
RESULT: {}
COMMAND: POST /session/7a77e4e78ab7f053ff1399b1683134e1/actions - {"actions":[{"id":"action36","type":"key","parameters":{},"actions":[{"type":"keyDown","value":"î€‡"},{"type":"pause","duration":10},{"type":"keyUp","value":"î€‡"}]}]}
RESULT: {"actions":[{"id":"action36","type":"key","parameters":{},"actions":[{"type":"keyDown","value":"î€‡"},{"type":"pause","duration":10},{"type":"keyUp","value":"î€‡"}]}]}
COMMAND: GET /session/7a77e4e78ab7f053ff1399b1683134e1/screenshot - {}
RESULT: {}
COMMAND: POST /session/7a77e4e78ab7f053ff1399b1683134e1/execute/async - {"script":"<script> [1562 bytes]","args":[{"selector":{"controlType":"sap.m.Button","viewName":"reusables.view.manageresources.NewResourceUnit","viewId":"application-manageresources-display-component---newResourceUnit","i18NText":{"propertyName":"tooltip","key":"save"},"interaction":{"idSuffix":"BDI-content"}},"wdio_ui5_key":"reusablesview.manageresources.NewResourceUnitsap.m.Button{\"propertyName\":\"tooltip\",\"key\":\"save\"}"}]}
RESULT: {"script":"<script> [1562 bytes]","args":[{"selector":{"controlType":"sap.m.Button","viewName":"reusables.view.manageresources.NewResourceUnit","viewId":"application-manageresources-display-component---newResourceUnit","i18NText":{"propertyName":"tooltip","key":"save"},"interaction":{"idSuffix":"BDI-content"}},"wdio_ui5_key":"reusablesview.manageresources.NewResourceUnitsap.m.Button{\"propertyName\":\"tooltip\",\"key\":\"save\"}"}]}
RESULT: undefined
COMMAND: POST /session/7a77e4e78ab7f053ff1399b1683134e1/element - {"using":"xpath","value":"//*[@id=\"application-manageresources-display-component---newResourceUnit--createRuButton\"]"}
RESULT: {"using":"xpath","value":"//*[@id=\"application-manageresources-display-component---newResourceUnit--createRuButton\"]"}
COMMAND: POST /session/7a77e4e78ab7f053ff1399b1683134e1/element/f.F34A9C30008BD60ECF93DB5E8BBA230A.d.7329B1F36CB9F5EFD7E8BFDE19654B5D.e.4418/click - {}
RESULT: {}
COMMAND: GET /session/7a77e4e78ab7f053ff1399b1683134e1/screenshot - {}
RESULT: {}
COMMAND: POST /session/7a77e4e78ab7f053ff1399b1683134e1/execute/async - {"script":"<script> [1562 bytes]","args":[{"selector":{"controlType":"sap.m.Title","properties":{"text":"Success"},"searchOpenDialogs":true},"wdio_ui5_key":"sapm.Title{\"text\":\"Success\"}"}]}
RESULT: {"script":"<script> [1562 bytes]","args":[{"selector":{"controlType":"sap.m.Title","properties":{"text":"Success"},"searchOpenDialogs":true},"wdio_ui5_key":"sapm.Title{\"text\":\"Success\"}"}]}
RESULT: undefined
COMMAND: POST /session/7a77e4e78ab7f053ff1399b1683134e1/execute/async - {"script":"<script> [6424 bytes]","args":[{"element-6066-11e4-a52e-4f735466cecf":"f.F34A9C30008BD60ECF93DB5E8BBA230A.d.7329B1F36CB9F5EFD7E8BFDE19654B5D.e.4508"},"getText",[]]}
RESULT: {"script":"<script> [6424 bytes]","args":[{"element-6066-11e4-a52e-4f735466cecf":"f.F34A9C30008BD60ECF93DB5E8BBA230A.d.7329B1F36CB9F5EFD7E8BFDE19654B5D.e.4508"},"getText",[]]}
COMMAND: POST /session/7a77e4e78ab7f053ff1399b1683134e1/element - {"using":"xpath","value":"//*[contains(@id, '__text') and (contains(text(), 'successfully created') or contains(., 'successfully created'))]"}
RESULT: {"using":"xpath","value":"//*[contains(@id, '__text') and (contains(text(), 'successfully created') or contains(., 'successfully created'))]"}
COMMAND: GET /session/7a77e4e78ab7f053ff1399b1683134e1/element/f.F34A9C30008BD60ECF93DB5E8BBA230A.d.7329B1F36CB9F5EFD7E8BFDE19654B5D.e.4507/text - {}
RESULT: {}
COMMAND: POST /session/7a77e4e78ab7f053ff1399b1683134e1/execute/async - {"script":"<script> [1562 bytes]","args":[{"selector":{"controlType":"sap.m.Button","properties":{"text":"Close"},"searchOpenDialogs":true,"interaction":{"idSuffix":"BDI-content"}},"wdio_ui5_key":"sapm.Button{\"text\":\"Close\"}"}]}
RESULT: {"script":"<script> [1562 bytes]","args":[{"selector":{"controlType":"sap.m.Button","properties":{"text":"Close"},"searchOpenDialogs":true,"interaction":{"idSuffix":"BDI-content"}},"wdio_ui5_key":"sapm.Button{\"text\":\"Close\"}"}]}
RESULT: undefined
COMMAND: POST /session/7a77e4e78ab7f053ff1399b1683134e1/element - {"using":"xpath","value":"//*[@id=\"__mbox-btn-1\"]"}
RESULT: {"using":"xpath","value":"//*[@id=\"__mbox-btn-1\"]"}
COMMAND: POST /session/7a77e4e78ab7f053ff1399b1683134e1/element/f.F34A9C30008BD60ECF93DB5E8BBA230A.d.7329B1F36CB9F5EFD7E8BFDE19654B5D.e.4505/click - {}
RESULT: {}
COMMAND: GET /session/7a77e4e78ab7f053ff1399b1683134e1/screenshot - {}
RESULT: {}
COMMAND: POST /session/7a77e4e78ab7f053ff1399b1683134e1/execute/async - {"script":"<script> [1562 bytes]","args":[{"selector":{"controlType":"sap.ui.core.Icon","viewName":"etm.portal.ui.manageresources.view.Detail","viewId":"application-manageresources-display-component---detailRU","properties":{"src":{"regex":{"source":"overflow"}}}},"wdio_ui5_key":"etmportal.ui.manageresources.view.Detailsap.ui.core.Icon{\"src\":{\"regex\":{\"source\":\"overflow\"}}}"}]}
RESULT: {"script":"<script> [1562 bytes]","args":[{"selector":{"controlType":"sap.ui.core.Icon","viewName":"etm.portal.ui.manageresources.view.Detail","viewId":"application-manageresources-display-component---detailRU","properties":{"src":{"regex":{"source":"overflow"}}}},"wdio_ui5_key":"etmportal.ui.manageresources.view.Detailsap.ui.core.Icon{\"src\":{\"regex\":{\"source\":\"overflow\"}}}"}]}
RESULT: undefined
COMMAND: POST /session/7a77e4e78ab7f053ff1399b1683134e1/element - {"using":"xpath","value":"//*[@id=\"__title72-_actionsToolbar-overflowButton-img\"]"}
RESULT: {"using":"xpath","value":"//*[@id=\"__title72-_actionsToolbar-overflowButton-img\"]"}
COMMAND: POST /session/7a77e4e78ab7f053ff1399b1683134e1/element/f.F34A9C30008BD60ECF93DB5E8BBA230A.d.7329B1F36CB9F5EFD7E8BFDE19654B5D.e.4537/click - {}
RESULT: {}
COMMAND: POST /session/7a77e4e78ab7f053ff1399b1683134e1/execute/async - {"script":"<script> [1562 bytes]","args":[{"selector":{"controlType":"sap.m.Button","viewName":"etm.portal.ui.manageresources.view.Detail","viewId":"application-manageresources-display-component---detailRU","i18NText":{"propertyName":"tooltip","key":"closeColumn"},"searchOpenDialogs":true,"interaction":{"idSuffix":"inner"}},"wdio_ui5_key":"etmportal.ui.manageresources.view.Detailsap.m.Button{\"propertyName\":\"tooltip\",\"key\":\"closeColumn\"}"}]}
COMMAND: GET /session/7a77e4e78ab7f053ff1399b1683134e1/screenshot - {}
RESULT: {"script":"<script> [1562 bytes]","args":[{"selector":{"controlType":"sap.m.Button","viewName":"etm.portal.ui.manageresources.view.Detail","viewId":"application-manageresources-display-component---detailRU","i18NText":{"propertyName":"tooltip","key":"closeColumn"},"searchOpenDialogs":true,"interaction":{"idSuffix":"inner"}},"wdio_ui5_key":"etmportal.ui.manageresources.view.Detailsap.m.Button{\"propertyName\":\"tooltip\",\"key\":\"closeColumn\"}"}]}
RESULT: undefined
COMMAND: POST /session/7a77e4e78ab7f053ff1399b1683134e1/element - {"using":"xpath","value":"//*[@id=\"__button233\"]"}
RESULT: {}
RESULT: {"using":"xpath","value":"//*[@id=\"__button233\"]"}
COMMAND: POST /session/7a77e4e78ab7f053ff1399b1683134e1/element/f.F34A9C30008BD60ECF93DB5E8BBA230A.d.7329B1F36CB9F5EFD7E8BFDE19654B5D.e.4539/click - {}
RESULT: {}
COMMAND: GET /session/7a77e4e78ab7f053ff1399b1683134e1/screenshot - {}
RESULT: {}
COMMAND: POST /session/7a77e4e78ab7f053ff1399b1683134e1/refresh - {}
RESULT: {}
COMMAND: GET /session/7a77e4e78ab7f053ff1399b1683134e1/screenshot - {}
RESULT: {}
COMMAND: POST /session/7a77e4e78ab7f053ff1399b1683134e1/execute/async - {"script":"<script> [189 bytes]","args":[]}
RESULT: {"script":"<script> [189 bytes]","args":[]}
COMMAND: POST /session/7a77e4e78ab7f053ff1399b1683134e1/execute/async - {"script":"<script> [123 bytes]","args":[]}
RESULT: {"script":"<script> [123 bytes]","args":[]}
COMMAND: POST /session/7a77e4e78ab7f053ff1399b1683134e1/timeouts - {"script":"<number>"}
RESULT: {"script":"<number>"}
COMMAND: GET /session/7a77e4e78ab7f053ff1399b1683134e1/timeouts - {}
RESULT: {}
RESULT: undefined
COMMAND: POST /session/7a77e4e78ab7f053ff1399b1683134e1/execute/async - {"script":"<script> [2676 bytes]","args":[]}
RESULT: {"script":"<script> [2676 bytes]","args":[]}
COMMAND: POST /session/7a77e4e78ab7f053ff1399b1683134e1/execute/async - {"script":"<script> [2342 bytes]","args":[{"protocol":"http","hostname":"0.0.0.0","path":"/","capabilities":{"browserName":"chrome","goog:chromeOptions":{"binary":"C:\\Program Files\\Google\\Chrome\\Application\\chrome.exe","args":["--start-maximized"]}},"logLevel":"warn","connectionRetryTimeout":120000,"connectionRetryCount":3,"logLevels":{},"enableDirectConnect":true,"strictSSL":true,"_":"65 more keys: [\"cacheDir\",\"port\",\"requestedCapabilities\",\"automationProtocol\",\"baseUrl\",\"waitforInterval\",\"waitforTimeout\",\"onReload\",\"beforeCommand\",\"afterCommand\",\"rootDir\",\"specs\",\"suites\",\"exclude\",\"groupLogsByTestSpec\",\"excludeDriverLogs\",\"bail\",\"framework\",\"reporters\",\"services\",\"maxInstances\",\"maxInstancesPerCapability\",\"injectGlobals\",\"filesToWatch\",\"execArgv\",\"runnerEnv\",\"runner\",\"shard\",\"specFileRetries\",\"specFileRetriesDelay\",\"specFileRetriesDeferred\",\"reporterSyncInterval\",\"reporterSyncTimeout\",\"cucumberFeaturesWithLineNumbers\",\"autoCompileOpts\",\"mochaOpts\",\"jasmineOpts\",\"cucumberOpts\",\"onPrepare\",\"onWorkerStart\",\"onWorkerEnd\",\"before\",\"beforeSession\",\"beforeSuite\",\"beforeHook\",\"beforeTest\",\"afterTest\",\"afterHook\",\"afterSuite\",\"afterSession\",\"after\",\"onComplete\",\"beforeAssertion\",\"afterAssertion\",\"beforeFeature\",\"beforeScenario\",\"beforeStep\",\"afterStep\",\"afterScenario\",\"afterFeature\",\"_\",\"suite\",\"$0\",\"ignoredWorkerServices\",\"wdi5\"]"}]}
RESULT: {"script":"<script> [2342 bytes]","args":[{"protocol":"http","hostname":"0.0.0.0","path":"/","capabilities":{"browserName":"chrome","goog:chromeOptions":{"binary":"C:\\Program Files\\Google\\Chrome\\Application\\chrome.exe","args":["--start-maximized"]}},"logLevel":"warn","connectionRetryTimeout":120000,"connectionRetryCount":3,"logLevels":{},"enableDirectConnect":true,"strictSSL":true,"_":"65 more keys: [\"cacheDir\",\"port\",\"requestedCapabilities\",\"automationProtocol\",\"baseUrl\",\"waitforInterval\",\"waitforTimeout\",\"onReload\",\"beforeCommand\",\"afterCommand\",\"rootDir\",\"specs\",\"suites\",\"exclude\",\"groupLogsByTestSpec\",\"excludeDriverLogs\",\"bail\",\"framework\",\"reporters\",\"services\",\"maxInstances\",\"maxInstancesPerCapability\",\"injectGlobals\",\"filesToWatch\",\"execArgv\",\"runnerEnv\",\"runner\",\"shard\",\"specFileRetries\",\"specFileRetriesDelay\",\"specFileRetriesDeferred\",\"reporterSyncInterval\",\"reporterSyncTimeout\",\"cucumberFeaturesWithLineNumbers\",\"autoCompileOpts\",\"mochaOpts\",\"jasmineOpts\",\"cucumberOpts\",\"onPrepare\",\"onWorkerStart\",\"onWorkerEnd\",\"before\",\"beforeSession\",\"beforeSuite\",\"beforeHook\",\"beforeTest\",\"afterTest\",\"afterHook\",\"afterSuite\",\"afterSession\",\"after\",\"onComplete\",\"beforeAssertion\",\"afterAssertion\",\"beforeFeature\",\"beforeScenario\",\"beforeStep\",\"afterStep\",\"afterScenario\",\"afterFeature\",\"_\",\"suite\",\"$0\",\"ignoredWorkerServices\",\"wdi5\"]"}]}
COMMAND: POST /session/7a77e4e78ab7f053ff1399b1683134e1/execute/async - {"script":"<script> [21126 bytes]","args":[35000]}
RESULT: {"script":"<script> [21126 bytes]","args":[35000]}
COMMAND: POST /session/7a77e4e78ab7f053ff1399b1683134e1/element - {"using":"css selector","value":"#shell-header-logo"}
RESULT: {"using":"css selector","value":"#shell-header-logo"}
COMMAND: POST /session/7a77e4e78ab7f053ff1399b1683134e1/element/f.F34A9C30008BD60ECF93DB5E8BBA230A.d.81409C24B117F69A1976AC025E604960.e.4619/click - {}
RESULT: {}
COMMAND: GET /session/7a77e4e78ab7f053ff1399b1683134e1/screenshot - {}
RESULT: {}
COMMAND: POST /session/7a77e4e78ab7f053ff1399b1683134e1/element - {"using":"css selector","value":"#shell-header-logo"}
RESULT: {"using":"css selector","value":"#shell-header-logo"}
COMMAND: POST /session/7a77e4e78ab7f053ff1399b1683134e1/element/f.F34A9C30008BD60ECF93DB5E8BBA230A.d.81409C24B117F69A1976AC025E604960.e.4797/click - {}
RESULT: {}
COMMAND: GET /session/7a77e4e78ab7f053ff1399b1683134e1/screenshot - {}
RESULT: {}
]]></system-out>
    </testcase>
    <testcase classname="chrome.136_0_7103_93.windows.Manage_request_+_Contract_processing_pick_up_option_US120163_" name="Should Create New Request pick up option" time="185.617">
      <system-out><![CDATA[
COMMAND: POST /session/7a77e4e78ab7f053ff1399b1683134e1/element - {"using":"css selector","value":"#shell-header-logo"}
RESULT: {"using":"css selector","value":"#shell-header-logo"}
COMMAND: POST /session/7a77e4e78ab7f053ff1399b1683134e1/element/f.F34A9C30008BD60ECF93DB5E8BBA230A.d.81409C24B117F69A1976AC025E604960.e.4797/click - {}
RESULT: {}
COMMAND: GET /session/7a77e4e78ab7f053ff1399b1683134e1/screenshot - {}
RESULT: {}
COMMAND: POST /session/7a77e4e78ab7f053ff1399b1683134e1/execute/async - {"script":"<script> [1562 bytes]","args":[{"selector":{"controlType":"sap.m.GenericTile","properties":{"header":"Manage Requests"}},"wdio_ui5_key":"sapm.GenericTile{\"header\":\"Manage Requests\"}"}]}
RESULT: {"script":"<script> [1562 bytes]","args":[{"selector":{"controlType":"sap.m.GenericTile","properties":{"header":"Manage Requests"}},"wdio_ui5_key":"sapm.GenericTile{\"header\":\"Manage Requests\"}"}]}
RESULT: undefined
COMMAND: POST /session/7a77e4e78ab7f053ff1399b1683134e1/element - {"using":"xpath","value":"//*[@id=\"__tile47\"]"}
RESULT: {"using":"xpath","value":"//*[@id=\"__tile47\"]"}
COMMAND: POST /session/7a77e4e78ab7f053ff1399b1683134e1/element/f.F34A9C30008BD60ECF93DB5E8BBA230A.d.81409C24B117F69A1976AC025E604960.e.4806/click - {}
RESULT: {}
COMMAND: GET /session/7a77e4e78ab7f053ff1399b1683134e1/screenshot - {}
RESULT: {}
COMMAND: POST /session/7a77e4e78ab7f053ff1399b1683134e1/elements - {"using":"xpath","value":"//span[text()='Error']"}
RESULT: {"using":"xpath","value":"//span[text()='Error']"}
COMMAND: POST /session/7a77e4e78ab7f053ff1399b1683134e1/refresh - {}
RESULT: {}
COMMAND: GET /session/7a77e4e78ab7f053ff1399b1683134e1/screenshot - {}
RESULT: {}
COMMAND: POST /session/7a77e4e78ab7f053ff1399b1683134e1/execute/async - {"script":"<script> [189 bytes]","args":[]}
RESULT: {"script":"<script> [189 bytes]","args":[]}
COMMAND: POST /session/7a77e4e78ab7f053ff1399b1683134e1/execute/async - {"script":"<script> [123 bytes]","args":[]}
RESULT: {"script":"<script> [123 bytes]","args":[]}
COMMAND: POST /session/7a77e4e78ab7f053ff1399b1683134e1/timeouts - {"script":"<number>"}
RESULT: {"script":"<number>"}
COMMAND: GET /session/7a77e4e78ab7f053ff1399b1683134e1/timeouts - {}
RESULT: {}
RESULT: undefined
COMMAND: POST /session/7a77e4e78ab7f053ff1399b1683134e1/execute/async - {"script":"<script> [2676 bytes]","args":[]}
RESULT: {"script":"<script> [2676 bytes]","args":[]}
COMMAND: POST /session/7a77e4e78ab7f053ff1399b1683134e1/execute/async - {"script":"<script> [2342 bytes]","args":[{"protocol":"http","hostname":"0.0.0.0","path":"/","capabilities":{"browserName":"chrome","goog:chromeOptions":{"binary":"C:\\Program Files\\Google\\Chrome\\Application\\chrome.exe","args":["--start-maximized"]}},"logLevel":"warn","connectionRetryTimeout":120000,"connectionRetryCount":3,"logLevels":{},"enableDirectConnect":true,"strictSSL":true,"_":"65 more keys: [\"cacheDir\",\"port\",\"requestedCapabilities\",\"automationProtocol\",\"baseUrl\",\"waitforInterval\",\"waitforTimeout\",\"onReload\",\"beforeCommand\",\"afterCommand\",\"rootDir\",\"specs\",\"suites\",\"exclude\",\"groupLogsByTestSpec\",\"excludeDriverLogs\",\"bail\",\"framework\",\"reporters\",\"services\",\"maxInstances\",\"maxInstancesPerCapability\",\"injectGlobals\",\"filesToWatch\",\"execArgv\",\"runnerEnv\",\"runner\",\"shard\",\"specFileRetries\",\"specFileRetriesDelay\",\"specFileRetriesDeferred\",\"reporterSyncInterval\",\"reporterSyncTimeout\",\"cucumberFeaturesWithLineNumbers\",\"autoCompileOpts\",\"mochaOpts\",\"jasmineOpts\",\"cucumberOpts\",\"onPrepare\",\"onWorkerStart\",\"onWorkerEnd\",\"before\",\"beforeSession\",\"beforeSuite\",\"beforeHook\",\"beforeTest\",\"afterTest\",\"afterHook\",\"afterSuite\",\"afterSession\",\"after\",\"onComplete\",\"beforeAssertion\",\"afterAssertion\",\"beforeFeature\",\"beforeScenario\",\"beforeStep\",\"afterStep\",\"afterScenario\",\"afterFeature\",\"_\",\"suite\",\"$0\",\"ignoredWorkerServices\",\"wdi5\"]"}]}
RESULT: {"script":"<script> [2342 bytes]","args":[{"protocol":"http","hostname":"0.0.0.0","path":"/","capabilities":{"browserName":"chrome","goog:chromeOptions":{"binary":"C:\\Program Files\\Google\\Chrome\\Application\\chrome.exe","args":["--start-maximized"]}},"logLevel":"warn","connectionRetryTimeout":120000,"connectionRetryCount":3,"logLevels":{},"enableDirectConnect":true,"strictSSL":true,"_":"65 more keys: [\"cacheDir\",\"port\",\"requestedCapabilities\",\"automationProtocol\",\"baseUrl\",\"waitforInterval\",\"waitforTimeout\",\"onReload\",\"beforeCommand\",\"afterCommand\",\"rootDir\",\"specs\",\"suites\",\"exclude\",\"groupLogsByTestSpec\",\"excludeDriverLogs\",\"bail\",\"framework\",\"reporters\",\"services\",\"maxInstances\",\"maxInstancesPerCapability\",\"injectGlobals\",\"filesToWatch\",\"execArgv\",\"runnerEnv\",\"runner\",\"shard\",\"specFileRetries\",\"specFileRetriesDelay\",\"specFileRetriesDeferred\",\"reporterSyncInterval\",\"reporterSyncTimeout\",\"cucumberFeaturesWithLineNumbers\",\"autoCompileOpts\",\"mochaOpts\",\"jasmineOpts\",\"cucumberOpts\",\"onPrepare\",\"onWorkerStart\",\"onWorkerEnd\",\"before\",\"beforeSession\",\"beforeSuite\",\"beforeHook\",\"beforeTest\",\"afterTest\",\"afterHook\",\"afterSuite\",\"afterSession\",\"after\",\"onComplete\",\"beforeAssertion\",\"afterAssertion\",\"beforeFeature\",\"beforeScenario\",\"beforeStep\",\"afterStep\",\"afterScenario\",\"afterFeature\",\"_\",\"suite\",\"$0\",\"ignoredWorkerServices\",\"wdi5\"]"}]}
COMMAND: POST /session/7a77e4e78ab7f053ff1399b1683134e1/execute/async - {"script":"<script> [21126 bytes]","args":[35000]}
RESULT: {"script":"<script> [21126 bytes]","args":[35000]}
COMMAND: POST /session/7a77e4e78ab7f053ff1399b1683134e1/element - {"using":"xpath","value":"//button[contains(@data-kt ,\"btnCreateNewOverflowToolbarButton\")]"}
COMMAND: POST /session/7a77e4e78ab7f053ff1399b1683134e1/element - {"using":"xpath","value":"(//span[contains(@class ,\"sapMObjStatusText\")])[1]"}
RESULT: {"using":"xpath","value":"//button[contains(@data-kt ,\"btnCreateNewOverflowToolbarButton\")]"}
COMMAND: POST /session/7a77e4e78ab7f053ff1399b1683134e1/element/f.F34A9C30008BD60ECF93DB5E8BBA230A.d.537E3D3317F2D2547BF0573C76E52800.e.4965/click - {}
RESULT: {"using":"xpath","value":"(//span[contains(@class ,\"sapMObjStatusText\")])[1]"}
COMMAND: POST /session/7a77e4e78ab7f053ff1399b1683134e1/execute/sync - {"script":"<script> [8489 bytes]","args":[{"element-6066-11e4-a52e-4f735466cecf":"f.F34A9C30008BD60ECF93DB5E8BBA230A.d.537E3D3317F2D2547BF0573C76E52800.e.5010","ELEMENT":"f.F34A9C30008BD60ECF93DB5E8BBA230A.d.537E3D3317F2D2547BF0573C76E52800.e.5010"}]}
RESULT: {}
COMMAND: GET /session/7a77e4e78ab7f053ff1399b1683134e1/screenshot - {}
RESULT: {"script":"<script> [8489 bytes]","args":[{"element-6066-11e4-a52e-4f735466cecf":"f.F34A9C30008BD60ECF93DB5E8BBA230A.d.537E3D3317F2D2547BF0573C76E52800.e.5010","ELEMENT":"f.F34A9C30008BD60ECF93DB5E8BBA230A.d.537E3D3317F2D2547BF0573C76E52800.e.5010"}]}
COMMAND: GET /session/7a77e4e78ab7f053ff1399b1683134e1/screenshot - {}
RESULT: {}
RESULT: {}
COMMAND: POST /session/7a77e4e78ab7f053ff1399b1683134e1/element - {"using":"xpath","value":"//input[contains(@id ,\"yardId-inner\")]"}
RESULT: {"using":"xpath","value":"//input[contains(@id ,\"yardId-inner\")]"}
COMMAND: POST /session/7a77e4e78ab7f053ff1399b1683134e1/execute/sync - {"script":"<script> [8489 bytes]","args":[{"element-6066-11e4-a52e-4f735466cecf":"f.F34A9C30008BD60ECF93DB5E8BBA230A.d.537E3D3317F2D2547BF0573C76E52800.e.5094","ELEMENT":"f.F34A9C30008BD60ECF93DB5E8BBA230A.d.537E3D3317F2D2547BF0573C76E52800.e.5094"}]}
RESULT: {"script":"<script> [8489 bytes]","args":[{"element-6066-11e4-a52e-4f735466cecf":"f.F34A9C30008BD60ECF93DB5E8BBA230A.d.537E3D3317F2D2547BF0573C76E52800.e.5094","ELEMENT":"f.F34A9C30008BD60ECF93DB5E8BBA230A.d.537E3D3317F2D2547BF0573C76E52800.e.5094"}]}
COMMAND: POST /session/7a77e4e78ab7f053ff1399b1683134e1/element - {"using":"xpath","value":"//input[contains(@id ,\"requestContractNo-inner\")]"}
COMMAND: POST /session/7a77e4e78ab7f053ff1399b1683134e1/element - {"using":"xpath","value":"//input[contains(@id ,\"yardId-inner\")]"}
COMMAND: GET /session/7a77e4e78ab7f053ff1399b1683134e1/screenshot - {}
RESULT: {"using":"xpath","value":"//input[contains(@id ,\"requestContractNo-inner\")]"}
COMMAND: POST /session/7a77e4e78ab7f053ff1399b1683134e1/element/f.F34A9C30008BD60ECF93DB5E8BBA230A.d.537E3D3317F2D2547BF0573C76E52800.e.5091/value - {"text":"10304"}
RESULT: {"using":"xpath","value":"//input[contains(@id ,\"yardId-inner\")]"}
COMMAND: GET /session/7a77e4e78ab7f053ff1399b1683134e1/element/f.F34A9C30008BD60ECF93DB5E8BBA230A.d.537E3D3317F2D2547BF0573C76E52800.e.5094/enabled - {}
RESULT: {}
RESULT: {"text":"10304"}
COMMAND: GET /session/7a77e4e78ab7f053ff1399b1683134e1/screenshot - {}
RESULT: {}
COMMAND: GET /session/7a77e4e78ab7f053ff1399b1683134e1/screenshot - {}
RESULT: {}
RESULT: {}
COMMAND: POST /session/7a77e4e78ab7f053ff1399b1683134e1/actions - {"actions":[{"id":"action37","type":"key","parameters":{},"actions":[{"type":"keyDown","value":"î€‡"},{"type":"pause","duration":10},{"type":"keyUp","value":"î€‡"}]}]}
RESULT: {"actions":[{"id":"action37","type":"key","parameters":{},"actions":[{"type":"keyDown","value":"î€‡"},{"type":"pause","duration":10},{"type":"keyUp","value":"î€‡"}]}]}
COMMAND: GET /session/7a77e4e78ab7f053ff1399b1683134e1/screenshot - {}
RESULT: {}
COMMAND: POST /session/7a77e4e78ab7f053ff1399b1683134e1/execute/async - {"script":"<script> [1562 bytes]","args":[{"selector":{"controlType":"sap.m.Button","viewName":"etm.portal.ui.managerequests.view.NewRequest","properties":{"text":"Items"},"interaction":{"idSuffix":"BDI-content"}},"wdio_ui5_key":"etmportal.ui.managerequests.view.NewRequestsap.m.Button{\"text\":\"Items\"}"}]}
RESULT: {"script":"<script> [1562 bytes]","args":[{"selector":{"controlType":"sap.m.Button","viewName":"etm.portal.ui.managerequests.view.NewRequest","properties":{"text":"Items"},"interaction":{"idSuffix":"BDI-content"}},"wdio_ui5_key":"etmportal.ui.managerequests.view.NewRequestsap.m.Button{\"text\":\"Items\"}"}]}
RESULT: undefined
COMMAND: POST /session/7a77e4e78ab7f053ff1399b1683134e1/element - {"using":"xpath","value":"//*[@id=\"__xmlview1--newRequestPage-anchBar-__xmlview1--requestItemsSection-anchor\"]"}
RESULT: {"using":"xpath","value":"//*[@id=\"__xmlview1--newRequestPage-anchBar-__xmlview1--requestItemsSection-anchor\"]"}
COMMAND: POST /session/7a77e4e78ab7f053ff1399b1683134e1/element/f.F34A9C30008BD60ECF93DB5E8BBA230A.d.537E3D3317F2D2547BF0573C76E52800.e.5283/click - {}
RESULT: {}
COMMAND: GET /session/7a77e4e78ab7f053ff1399b1683134e1/screenshot - {}
RESULT: {}
COMMAND: POST /session/7a77e4e78ab7f053ff1399b1683134e1/execute/async - {"script":"<script> [1562 bytes]","args":[{"selector":{"controlType":"sap.ui.core.Icon","viewName":"etm.portal.ui.managerequests.view.NewRequest","properties":{"src":{"regex":{"source":"inspect"}}}},"wdio_ui5_key":"etmportal.ui.managerequests.view.NewRequestsap.ui.core.Icon{\"src\":{\"regex\":{\"source\":\"inspect\"}}}"}]}
RESULT: {"script":"<script> [1562 bytes]","args":[{"selector":{"controlType":"sap.ui.core.Icon","viewName":"etm.portal.ui.managerequests.view.NewRequest","properties":{"src":{"regex":{"source":"inspect"}}}},"wdio_ui5_key":"etmportal.ui.managerequests.view.NewRequestsap.ui.core.Icon{\"src\":{\"regex\":{\"source\":\"inspect\"}}}"}]}
RESULT: undefined
COMMAND: POST /session/7a77e4e78ab7f053ff1399b1683134e1/element - {"using":"xpath","value":"//*[@id=\"__button8-img\"]"}
RESULT: {"using":"xpath","value":"//*[@id=\"__button8-img\"]"}
COMMAND: POST /session/7a77e4e78ab7f053ff1399b1683134e1/element/f.F34A9C30008BD60ECF93DB5E8BBA230A.d.537E3D3317F2D2547BF0573C76E52800.e.5287/click - {}
RESULT: {}
COMMAND: GET /session/7a77e4e78ab7f053ff1399b1683134e1/screenshot - {}
RESULT: {}
COMMAND: POST /session/7a77e4e78ab7f053ff1399b1683134e1/execute/async - {"script":"<script> [1562 bytes]","args":[{"selector":{"controlType":"sap.ui.core.Icon","viewName":"etm.portal.ui.managerequests.view.NewRequest","properties":{"src":{"regex":{"source":"add"}}}},"wdio_ui5_key":"etmportal.ui.managerequests.view.NewRequestsap.ui.core.Icon{\"src\":{\"regex\":{\"source\":\"add\"}}}"}]}
RESULT: {"script":"<script> [1562 bytes]","args":[{"selector":{"controlType":"sap.ui.core.Icon","viewName":"etm.portal.ui.managerequests.view.NewRequest","properties":{"src":{"regex":{"source":"add"}}}},"wdio_ui5_key":"etmportal.ui.managerequests.view.NewRequestsap.ui.core.Icon{\"src\":{\"regex\":{\"source\":\"add\"}}}"}]}
RESULT: undefined
COMMAND: POST /session/7a77e4e78ab7f053ff1399b1683134e1/element - {"using":"xpath","value":"//*[@id=\"__xmlview1--btnAddTableRow-img\"]"}
RESULT: {"using":"xpath","value":"//*[@id=\"__xmlview1--btnAddTableRow-img\"]"}
COMMAND: POST /session/7a77e4e78ab7f053ff1399b1683134e1/element/f.F34A9C30008BD60ECF93DB5E8BBA230A.d.537E3D3317F2D2547BF0573C76E52800.e.5295/click - {}
RESULT: {}
COMMAND: GET /session/7a77e4e78ab7f053ff1399b1683134e1/screenshot - {}
RESULT: {}
COMMAND: POST /session/7a77e4e78ab7f053ff1399b1683134e1/execute/async - {"script":"<script> [1562 bytes]","args":[{"selector":{"controlType":"sap.ui.unified.MenuItem","viewName":"etm.portal.ui.managerequests.view.NewRequest","i18NText":{"propertyName":"text","key":"standardEntry"},"searchOpenDialogs":true,"interaction":{"idSuffix":"txt"}},"wdio_ui5_key":"etmportal.ui.managerequests.view.NewRequestsap.ui.unified.MenuItem{\"propertyName\":\"text\",\"key\":\"standardEntry\"}"}]}
RESULT: {"script":"<script> [1562 bytes]","args":[{"selector":{"controlType":"sap.ui.unified.MenuItem","viewName":"etm.portal.ui.managerequests.view.NewRequest","i18NText":{"propertyName":"text","key":"standardEntry"},"searchOpenDialogs":true,"interaction":{"idSuffix":"txt"}},"wdio_ui5_key":"etmportal.ui.managerequests.view.NewRequestsap.ui.unified.MenuItem{\"propertyName\":\"text\",\"key\":\"standardEntry\"}"}]}
RESULT: undefined
COMMAND: POST /session/7a77e4e78ab7f053ff1399b1683134e1/element - {"using":"xpath","value":"//*[@id=\"__item171\"]"}
RESULT: {"using":"xpath","value":"//*[@id=\"__item171\"]"}
COMMAND: POST /session/7a77e4e78ab7f053ff1399b1683134e1/element/f.F34A9C30008BD60ECF93DB5E8BBA230A.d.537E3D3317F2D2547BF0573C76E52800.e.5299/click - {}
RESULT: {}
COMMAND: GET /session/7a77e4e78ab7f053ff1399b1683134e1/screenshot - {}
RESULT: {}
RESULT: undefined
COMMAND: POST /session/7a77e4e78ab7f053ff1399b1683134e1/element - {"using":"xpath","value":"//*[@id=\"__xmlview1--btnAddTableRow-img\"]"}
RESULT: {"using":"xpath","value":"//*[@id=\"__xmlview1--btnAddTableRow-img\"]"}
COMMAND: POST /session/7a77e4e78ab7f053ff1399b1683134e1/element/f.F34A9C30008BD60ECF93DB5E8BBA230A.d.537E3D3317F2D2547BF0573C76E52800.e.5295/click - {}
RESULT: {}
COMMAND: GET /session/7a77e4e78ab7f053ff1399b1683134e1/screenshot - {}
RESULT: {}
RESULT: undefined
COMMAND: POST /session/7a77e4e78ab7f053ff1399b1683134e1/element - {"using":"xpath","value":"//*[@id=\"__item171\"]"}
RESULT: {"using":"xpath","value":"//*[@id=\"__item171\"]"}
COMMAND: POST /session/7a77e4e78ab7f053ff1399b1683134e1/element/f.F34A9C30008BD60ECF93DB5E8BBA230A.d.537E3D3317F2D2547BF0573C76E52800.e.5314/click - {}
RESULT: {}
COMMAND: GET /session/7a77e4e78ab7f053ff1399b1683134e1/screenshot - {}
RESULT: {}
COMMAND: POST /session/7a77e4e78ab7f053ff1399b1683134e1/element - {"using":"xpath","value":"(//input[contains(@id ,\"requestItemsTable-0-inner\")])[5]"}
RESULT: {"using":"xpath","value":"(//input[contains(@id ,\"requestItemsTable-0-inner\")])[5]"}
COMMAND: POST /session/7a77e4e78ab7f053ff1399b1683134e1/element/f.F34A9C30008BD60ECF93DB5E8BBA230A.d.537E3D3317F2D2547BF0573C76E52800.e.5305/clear - {}
RESULT: {}
COMMAND: POST /session/7a77e4e78ab7f053ff1399b1683134e1/element/f.F34A9C30008BD60ECF93DB5E8BBA230A.d.537E3D3317F2D2547BF0573C76E52800.e.5305/value - {"text":"1000001"}
COMMAND: GET /session/7a77e4e78ab7f053ff1399b1683134e1/screenshot - {}
RESULT: {"text":"1000001"}
COMMAND: GET /session/7a77e4e78ab7f053ff1399b1683134e1/screenshot - {}
RESULT: {}
RESULT: {}
COMMAND: POST /session/7a77e4e78ab7f053ff1399b1683134e1/actions - {"actions":[{"id":"action38","type":"key","parameters":{},"actions":[{"type":"keyDown","value":"î€‡"},{"type":"pause","duration":10},{"type":"keyUp","value":"î€‡"}]}]}
RESULT: {"actions":[{"id":"action38","type":"key","parameters":{},"actions":[{"type":"keyDown","value":"î€‡"},{"type":"pause","duration":10},{"type":"keyUp","value":"î€‡"}]}]}
COMMAND: POST /session/7a77e4e78ab7f053ff1399b1683134e1/element - {"using":"xpath","value":"(//input[contains(@id ,\"requestItemsTable-1-inner\")])[5]"}
COMMAND: GET /session/7a77e4e78ab7f053ff1399b1683134e1/screenshot - {}
RESULT: {"using":"xpath","value":"(//input[contains(@id ,\"requestItemsTable-1-inner\")])[5]"}
COMMAND: POST /session/7a77e4e78ab7f053ff1399b1683134e1/element/f.F34A9C30008BD60ECF93DB5E8BBA230A.d.537E3D3317F2D2547BF0573C76E52800.e.5320/clear - {}
RESULT: {}
RESULT: {}
COMMAND: POST /session/7a77e4e78ab7f053ff1399b1683134e1/element/f.F34A9C30008BD60ECF93DB5E8BBA230A.d.537E3D3317F2D2547BF0573C76E52800.e.5320/value - {"text":"200230"}
COMMAND: GET /session/7a77e4e78ab7f053ff1399b1683134e1/screenshot - {}
RESULT: {"text":"200230"}
COMMAND: GET /session/7a77e4e78ab7f053ff1399b1683134e1/screenshot - {}
RESULT: {}
RESULT: {}
COMMAND: POST /session/7a77e4e78ab7f053ff1399b1683134e1/actions - {"actions":[{"id":"action39","type":"key","parameters":{},"actions":[{"type":"keyDown","value":"î€‡"},{"type":"pause","duration":10},{"type":"keyUp","value":"î€‡"}]}]}
RESULT: {"actions":[{"id":"action39","type":"key","parameters":{},"actions":[{"type":"keyDown","value":"î€‡"},{"type":"pause","duration":10},{"type":"keyUp","value":"î€‡"}]}]}
COMMAND: POST /session/7a77e4e78ab7f053ff1399b1683134e1/element - {"using":"xpath","value":"//div[contains(@data-kt ,\"splitAllocationObjectStatus\")]"}
COMMAND: GET /session/7a77e4e78ab7f053ff1399b1683134e1/screenshot - {}
RESULT: {"using":"xpath","value":"//div[contains(@data-kt ,\"splitAllocationObjectStatus\")]"}
COMMAND: POST /session/7a77e4e78ab7f053ff1399b1683134e1/elements - {"using":"xpath","value":"//div[contains(@data-kt ,\"splitAllocationObjectStatus\")]"}
RESULT: {}
RESULT: {"using":"xpath","value":"//div[contains(@data-kt ,\"splitAllocationObjectStatus\")]"}
COMMAND: POST /session/7a77e4e78ab7f053ff1399b1683134e1/execute/async - {"script":"<script> [1562 bytes]","args":[{"selector":{"controlType":"sap.ui.core.Icon","viewName":"etm.portal.ui.managerequests.view.NewRequest","properties":{"src":{"regex":{"source":"message\\-error"}}},"ancestor":{"controlType":"sap.m.ColumnListItem","viewName":"etm.portal.ui.managerequests.view.NewRequest","bindingPath":{"modelName":"newRequestItems","path":"/RequestItems/0"},"ancestor":{"id":"requestItemsTable","viewName":"etm.portal.ui.managerequests.view.NewRequest"}}},"wdio_ui5_key":"etmportal.ui.managerequests.view.NewRequestsap.ui.core.Icon{\"src\":{\"regex\":{\"source\":\"message\\\\-error\"}}}{\"controlType\":\"sap.m.ColumnListItem\",\"viewName\":\"etm.portal.ui.managerequests.view.NewRequest\",\"bindingPath\":{\"modelName\":\"newRequestItems\",\"path\":\"/RequestItems/0\"},\"ancestor\":{\"id\":\"requestItemsTable\",\"viewName\":\"etm.portal.ui.managerequests.view.NewRequest\"}}"}]}
RESULT: {"script":"<script> [1562 bytes]","args":[{"selector":{"controlType":"sap.ui.core.Icon","viewName":"etm.portal.ui.managerequests.view.NewRequest","properties":{"src":{"regex":{"source":"message\\-error"}}},"ancestor":{"controlType":"sap.m.ColumnListItem","viewName":"etm.portal.ui.managerequests.view.NewRequest","bindingPath":{"modelName":"newRequestItems","path":"/RequestItems/0"},"ancestor":{"id":"requestItemsTable","viewName":"etm.portal.ui.managerequests.view.NewRequest"}}},"wdio_ui5_key":"etmportal.ui.managerequests.view.NewRequestsap.ui.core.Icon{\"src\":{\"regex\":{\"source\":\"message\\\\-error\"}}}{\"controlType\":\"sap.m.ColumnListItem\",\"viewName\":\"etm.portal.ui.managerequests.view.NewRequest\",\"bindingPath\":{\"modelName\":\"newRequestItems\",\"path\":\"/RequestItems/0\"},\"ancestor\":{\"id\":\"requestItemsTable\",\"viewName\":\"etm.portal.ui.managerequests.view.NewRequest\"}}"}]}
RESULT: undefined
COMMAND: POST /session/7a77e4e78ab7f053ff1399b1683134e1/element - {"using":"xpath","value":"//*[@id=\"__status4-__xmlview1--requestItemsTable-0-icon\"]"}
RESULT: {"using":"xpath","value":"//*[@id=\"__status4-__xmlview1--requestItemsTable-0-icon\"]"}
COMMAND: POST /session/7a77e4e78ab7f053ff1399b1683134e1/element/f.F34A9C30008BD60ECF93DB5E8BBA230A.d.537E3D3317F2D2547BF0573C76E52800.e.5332/click - {}
RESULT: {}
COMMAND: GET /session/7a77e4e78ab7f053ff1399b1683134e1/screenshot - {}
RESULT: {}
COMMAND: POST /session/7a77e4e78ab7f053ff1399b1683134e1/execute/async - {"script":"<script> [1562 bytes]","args":[{"selector":{"id":"costObjectAdminTypeComboBox","viewName":"etm.portal.ui.managerequests.view.NewRequest","searchOpenDialogs":true,"interaction":{"idSuffix":"inner"}},"wdio_ui5_key":"costObjectAdminTypeComboBoxetmportal.ui.managerequests.view.NewRequest"}]}
RESULT: {"script":"<script> [1562 bytes]","args":[{"selector":{"id":"costObjectAdminTypeComboBox","viewName":"etm.portal.ui.managerequests.view.NewRequest","searchOpenDialogs":true,"interaction":{"idSuffix":"inner"}},"wdio_ui5_key":"costObjectAdminTypeComboBoxetmportal.ui.managerequests.view.NewRequest"}]}
RESULT: undefined
COMMAND: POST /session/7a77e4e78ab7f053ff1399b1683134e1/execute/async - {"script":"<script> [776 bytes]","args":[{"enterText":"Cost Center","selector":{"id":"costObjectAdminTypeComboBox","viewName":"etm.portal.ui.managerequests.view.NewRequest","searchOpenDialogs":true,"interaction":{"idSuffix":"inner"}},"clearTextFirst":true,"interactionType":"ENTER_TEXT"}]}
RESULT: {"script":"<script> [776 bytes]","args":[{"enterText":"Cost Center","selector":{"id":"costObjectAdminTypeComboBox","viewName":"etm.portal.ui.managerequests.view.NewRequest","searchOpenDialogs":true,"interaction":{"idSuffix":"inner"}},"clearTextFirst":true,"interactionType":"ENTER_TEXT"}]}
COMMAND: POST /session/7a77e4e78ab7f053ff1399b1683134e1/actions - {"actions":[{"id":"action40","type":"key","parameters":{},"actions":[{"type":"keyDown","value":"î€‡"},{"type":"pause","duration":10},{"type":"keyUp","value":"î€‡"}]}]}
RESULT: {"actions":[{"id":"action40","type":"key","parameters":{},"actions":[{"type":"keyDown","value":"î€‡"},{"type":"pause","duration":10},{"type":"keyUp","value":"î€‡"}]}]}
COMMAND: GET /session/7a77e4e78ab7f053ff1399b1683134e1/screenshot - {}
RESULT: {}
COMMAND: POST /session/7a77e4e78ab7f053ff1399b1683134e1/execute/async - {"script":"<script> [1562 bytes]","args":[{"selector":{"id":"costObjectIdComboBox","viewName":"etm.portal.ui.managerequests.view.NewRequest","searchOpenDialogs":true,"interaction":{"idSuffix":"inner"}},"wdio_ui5_key":"costObjectIdComboBoxetmportal.ui.managerequests.view.NewRequest"}]}
RESULT: {"script":"<script> [1562 bytes]","args":[{"selector":{"id":"costObjectIdComboBox","viewName":"etm.portal.ui.managerequests.view.NewRequest","searchOpenDialogs":true,"interaction":{"idSuffix":"inner"}},"wdio_ui5_key":"costObjectIdComboBoxetmportal.ui.managerequests.view.NewRequest"}]}
RESULT: undefined
COMMAND: POST /session/7a77e4e78ab7f053ff1399b1683134e1/execute/async - {"script":"<script> [776 bytes]","args":[{"enterText":"1001 - 1001","selector":{"id":"costObjectIdComboBox","viewName":"etm.portal.ui.managerequests.view.NewRequest","searchOpenDialogs":true,"interaction":{"idSuffix":"inner"}},"clearTextFirst":true,"interactionType":"ENTER_TEXT"}]}
RESULT: {"script":"<script> [776 bytes]","args":[{"enterText":"1001 - 1001","selector":{"id":"costObjectIdComboBox","viewName":"etm.portal.ui.managerequests.view.NewRequest","searchOpenDialogs":true,"interaction":{"idSuffix":"inner"}},"clearTextFirst":true,"interactionType":"ENTER_TEXT"}]}
COMMAND: POST /session/7a77e4e78ab7f053ff1399b1683134e1/actions - {"actions":[{"id":"action41","type":"key","parameters":{},"actions":[{"type":"keyDown","value":"î€‡"},{"type":"pause","duration":10},{"type":"keyUp","value":"î€‡"}]}]}
RESULT: {"actions":[{"id":"action41","type":"key","parameters":{},"actions":[{"type":"keyDown","value":"î€‡"},{"type":"pause","duration":10},{"type":"keyUp","value":"î€‡"}]}]}
COMMAND: GET /session/7a77e4e78ab7f053ff1399b1683134e1/screenshot - {}
RESULT: {}
COMMAND: POST /session/7a77e4e78ab7f053ff1399b1683134e1/element - {"using":"xpath","value":"(//bdi[(text() = 'Save' or . = 'Save')])[1]"}
RESULT: {"using":"xpath","value":"(//bdi[(text() = 'Save' or . = 'Save')])[1]"}
COMMAND: POST /session/7a77e4e78ab7f053ff1399b1683134e1/element/f.F34A9C30008BD60ECF93DB5E8BBA230A.d.537E3D3317F2D2547BF0573C76E52800.e.5347/click - {}
RESULT: {}
COMMAND: POST /session/7a77e4e78ab7f053ff1399b1683134e1/execute/async - {"script":"<script> [1562 bytes]","args":[{"selector":{"controlType":"sap.ui.core.Icon","viewName":"etm.portal.ui.managerequests.view.NewRequest","properties":{"src":{"regex":{"source":"message\\-error"}}},"ancestor":{"controlType":"sap.m.ColumnListItem","viewName":"etm.portal.ui.managerequests.view.NewRequest","bindingPath":{"modelName":"newRequestItems","path":"/RequestItems/1"},"ancestor":{"id":"requestItemsTable","viewName":"etm.portal.ui.managerequests.view.NewRequest"}}},"wdio_ui5_key":"etmportal.ui.managerequests.view.NewRequestsap.ui.core.Icon{\"src\":{\"regex\":{\"source\":\"message\\\\-error\"}}}{\"controlType\":\"sap.m.ColumnListItem\",\"viewName\":\"etm.portal.ui.managerequests.view.NewRequest\",\"bindingPath\":{\"modelName\":\"newRequestItems\",\"path\":\"/RequestItems/1\"},\"ancestor\":{\"id\":\"requestItemsTable\",\"viewName\":\"etm.portal.ui.managerequests.view.NewRequest\"}}"}]}
COMMAND: GET /session/7a77e4e78ab7f053ff1399b1683134e1/screenshot - {}
RESULT: {"script":"<script> [1562 bytes]","args":[{"selector":{"controlType":"sap.ui.core.Icon","viewName":"etm.portal.ui.managerequests.view.NewRequest","properties":{"src":{"regex":{"source":"message\\-error"}}},"ancestor":{"controlType":"sap.m.ColumnListItem","viewName":"etm.portal.ui.managerequests.view.NewRequest","bindingPath":{"modelName":"newRequestItems","path":"/RequestItems/1"},"ancestor":{"id":"requestItemsTable","viewName":"etm.portal.ui.managerequests.view.NewRequest"}}},"wdio_ui5_key":"etmportal.ui.managerequests.view.NewRequestsap.ui.core.Icon{\"src\":{\"regex\":{\"source\":\"message\\\\-error\"}}}{\"controlType\":\"sap.m.ColumnListItem\",\"viewName\":\"etm.portal.ui.managerequests.view.NewRequest\",\"bindingPath\":{\"modelName\":\"newRequestItems\",\"path\":\"/RequestItems/1\"},\"ancestor\":{\"id\":\"requestItemsTable\",\"viewName\":\"etm.portal.ui.managerequests.view.NewRequest\"}}"}]}
RESULT: undefined
COMMAND: POST /session/7a77e4e78ab7f053ff1399b1683134e1/element - {"using":"xpath","value":"//*[@id=\"__status4-__xmlview1--requestItemsTable-1-icon\"]"}
RESULT: {}
RESULT: {"using":"xpath","value":"//*[@id=\"__status4-__xmlview1--requestItemsTable-1-icon\"]"}
COMMAND: POST /session/7a77e4e78ab7f053ff1399b1683134e1/element/f.F34A9C30008BD60ECF93DB5E8BBA230A.d.537E3D3317F2D2547BF0573C76E52800.e.5350/click - {}
RESULT: {}
COMMAND: GET /session/7a77e4e78ab7f053ff1399b1683134e1/screenshot - {}
RESULT: {}
RESULT: undefined
COMMAND: POST /session/7a77e4e78ab7f053ff1399b1683134e1/execute/async - {"script":"<script> [776 bytes]","args":[{"enterText":"Cost Center","selector":{"id":"costObjectAdminTypeComboBox","viewName":"etm.portal.ui.managerequests.view.NewRequest","searchOpenDialogs":true,"interaction":{"idSuffix":"inner"}},"clearTextFirst":true,"interactionType":"ENTER_TEXT"}]}
RESULT: {"script":"<script> [776 bytes]","args":[{"enterText":"Cost Center","selector":{"id":"costObjectAdminTypeComboBox","viewName":"etm.portal.ui.managerequests.view.NewRequest","searchOpenDialogs":true,"interaction":{"idSuffix":"inner"}},"clearTextFirst":true,"interactionType":"ENTER_TEXT"}]}
COMMAND: POST /session/7a77e4e78ab7f053ff1399b1683134e1/actions - {"actions":[{"id":"action42","type":"key","parameters":{},"actions":[{"type":"keyDown","value":"î€‡"},{"type":"pause","duration":10},{"type":"keyUp","value":"î€‡"}]}]}
RESULT: {"actions":[{"id":"action42","type":"key","parameters":{},"actions":[{"type":"keyDown","value":"î€‡"},{"type":"pause","duration":10},{"type":"keyUp","value":"î€‡"}]}]}
COMMAND: GET /session/7a77e4e78ab7f053ff1399b1683134e1/screenshot - {}
RESULT: {}
RESULT: undefined
COMMAND: POST /session/7a77e4e78ab7f053ff1399b1683134e1/execute/async - {"script":"<script> [776 bytes]","args":[{"enterText":"1001 - 1001","selector":{"id":"costObjectIdComboBox","viewName":"etm.portal.ui.managerequests.view.NewRequest","searchOpenDialogs":true,"interaction":{"idSuffix":"inner"}},"clearTextFirst":true,"interactionType":"ENTER_TEXT"}]}
RESULT: {"script":"<script> [776 bytes]","args":[{"enterText":"1001 - 1001","selector":{"id":"costObjectIdComboBox","viewName":"etm.portal.ui.managerequests.view.NewRequest","searchOpenDialogs":true,"interaction":{"idSuffix":"inner"}},"clearTextFirst":true,"interactionType":"ENTER_TEXT"}]}
COMMAND: POST /session/7a77e4e78ab7f053ff1399b1683134e1/actions - {"actions":[{"id":"action43","type":"key","parameters":{},"actions":[{"type":"keyDown","value":"î€‡"},{"type":"pause","duration":10},{"type":"keyUp","value":"î€‡"}]}]}
RESULT: {"actions":[{"id":"action43","type":"key","parameters":{},"actions":[{"type":"keyDown","value":"î€‡"},{"type":"pause","duration":10},{"type":"keyUp","value":"î€‡"}]}]}
COMMAND: GET /session/7a77e4e78ab7f053ff1399b1683134e1/screenshot - {}
RESULT: {}
COMMAND: POST /session/7a77e4e78ab7f053ff1399b1683134e1/element - {"using":"xpath","value":"(//bdi[(text() = 'Save' or . = 'Save')])[1]"}
RESULT: {"using":"xpath","value":"(//bdi[(text() = 'Save' or . = 'Save')])[1]"}
COMMAND: POST /session/7a77e4e78ab7f053ff1399b1683134e1/element/f.F34A9C30008BD60ECF93DB5E8BBA230A.d.537E3D3317F2D2547BF0573C76E52800.e.5362/click - {}
RESULT: {}
COMMAND: GET /session/7a77e4e78ab7f053ff1399b1683134e1/screenshot - {}
RESULT: {}
COMMAND: POST /session/7a77e4e78ab7f053ff1399b1683134e1/execute/async - {"script":"<script> [1562 bytes]","args":[{"selector":{"controlType":"sap.m.Button","viewName":"etm.portal.ui.managerequests.view.NewRequest","bindingPath":{"path":"/RequestItems/0","propertyPath":"PICK_UP","modelName":"newRequestItems"},"interaction":{"idSuffix":"BDI-content"}},"wdio_ui5_key":"etmportal.ui.managerequests.view.NewRequestsap.m.Button{\"path\":\"/RequestItems/0\",\"propertyPath\":\"PICK_UP\",\"modelName\":\"newRequestItems\"}"}]}
RESULT: {"script":"<script> [1562 bytes]","args":[{"selector":{"controlType":"sap.m.Button","viewName":"etm.portal.ui.managerequests.view.NewRequest","bindingPath":{"path":"/RequestItems/0","propertyPath":"PICK_UP","modelName":"newRequestItems"},"interaction":{"idSuffix":"BDI-content"}},"wdio_ui5_key":"etmportal.ui.managerequests.view.NewRequestsap.m.Button{\"path\":\"/RequestItems/0\",\"propertyPath\":\"PICK_UP\",\"modelName\":\"newRequestItems\"}"}]}
RESULT: undefined
COMMAND: POST /session/7a77e4e78ab7f053ff1399b1683134e1/element - {"using":"xpath","value":"//*[@id=\"__xmlview1--pickUpItemButton-__xmlview1--requestItemsTable-0\"]"}
RESULT: {"using":"xpath","value":"//*[@id=\"__xmlview1--pickUpItemButton-__xmlview1--requestItemsTable-0\"]"}
COMMAND: POST /session/7a77e4e78ab7f053ff1399b1683134e1/element/f.F34A9C30008BD60ECF93DB5E8BBA230A.d.537E3D3317F2D2547BF0573C76E52800.e.5366/click - {}
RESULT: {}
COMMAND: GET /session/7a77e4e78ab7f053ff1399b1683134e1/screenshot - {}
RESULT: {}
COMMAND: POST /session/7a77e4e78ab7f053ff1399b1683134e1/execute/async - {"script":"<script> [1562 bytes]","args":[{"selector":{"controlType":"sap.m.Button","viewName":"etm.portal.ui.managerequests.view.NewRequest","properties":{"text":"Save"},"i18NText":{"propertyName":"tooltip","key":"save"},"interaction":{"idSuffix":"BDI-content"}},"wdio_ui5_key":"etmportal.ui.managerequests.view.NewRequestsap.m.Button{\"propertyName\":\"tooltip\",\"key\":\"save\"}{\"text\":\"Save\"}"}]}
RESULT: {"script":"<script> [1562 bytes]","args":[{"selector":{"controlType":"sap.m.Button","viewName":"etm.portal.ui.managerequests.view.NewRequest","properties":{"text":"Save"},"i18NText":{"propertyName":"tooltip","key":"save"},"interaction":{"idSuffix":"BDI-content"}},"wdio_ui5_key":"etmportal.ui.managerequests.view.NewRequestsap.m.Button{\"propertyName\":\"tooltip\",\"key\":\"save\"}{\"text\":\"Save\"}"}]}
RESULT: undefined
COMMAND: POST /session/7a77e4e78ab7f053ff1399b1683134e1/element - {"using":"xpath","value":"//*[@id=\"__button11\"]"}
RESULT: {"using":"xpath","value":"//*[@id=\"__button11\"]"}
COMMAND: POST /session/7a77e4e78ab7f053ff1399b1683134e1/element/f.F34A9C30008BD60ECF93DB5E8BBA230A.d.537E3D3317F2D2547BF0573C76E52800.e.5175/click - {}
RESULT: {}
COMMAND: GET /session/7a77e4e78ab7f053ff1399b1683134e1/screenshot - {}
RESULT: {}
COMMAND: POST /session/7a77e4e78ab7f053ff1399b1683134e1/execute/async - {"script":"<script> [1562 bytes]","args":[{"selector":{"controlType":"sap.m.Text","searchOpenDialogs":true},"wdio_ui5_key":"sapm.Text"}]}
RESULT: {"script":"<script> [1562 bytes]","args":[{"selector":{"controlType":"sap.m.Text","searchOpenDialogs":true},"wdio_ui5_key":"sapm.Text"}]}
RESULT: undefined
COMMAND: POST /session/7a77e4e78ab7f053ff1399b1683134e1/execute/async - {"script":"<script> [6424 bytes]","args":[{"element-6066-11e4-a52e-4f735466cecf":"f.F34A9C30008BD60ECF93DB5E8BBA230A.d.537E3D3317F2D2547BF0573C76E52800.e.5369"},"getText",[]]}
RESULT: {"script":"<script> [6424 bytes]","args":[{"element-6066-11e4-a52e-4f735466cecf":"f.F34A9C30008BD60ECF93DB5E8BBA230A.d.537E3D3317F2D2547BF0573C76E52800.e.5369"},"getText",[]]}
COMMAND: POST /session/7a77e4e78ab7f053ff1399b1683134e1/execute/async - {"script":"<script> [1562 bytes]","args":[{"selector":{"controlType":"sap.m.Button","properties":{"text":"Close"},"searchOpenDialogs":true,"interaction":{"idSuffix":"BDI-content"}},"wdio_ui5_key":"sapm.Button{\"text\":\"Close\"}"}]}
RESULT: {"script":"<script> [1562 bytes]","args":[{"selector":{"controlType":"sap.m.Button","properties":{"text":"Close"},"searchOpenDialogs":true,"interaction":{"idSuffix":"BDI-content"}},"wdio_ui5_key":"sapm.Button{\"text\":\"Close\"}"}]}
RESULT: undefined
COMMAND: POST /session/7a77e4e78ab7f053ff1399b1683134e1/element - {"using":"xpath","value":"//*[@id=\"__mbox-btn-0\"]"}
RESULT: {"using":"xpath","value":"//*[@id=\"__mbox-btn-0\"]"}
COMMAND: POST /session/7a77e4e78ab7f053ff1399b1683134e1/element/f.F34A9C30008BD60ECF93DB5E8BBA230A.d.537E3D3317F2D2547BF0573C76E52800.e.5368/click - {}
RESULT: {}
COMMAND: GET /session/7a77e4e78ab7f053ff1399b1683134e1/screenshot - {}
RESULT: {}
COMMAND: POST /session/7a77e4e78ab7f053ff1399b1683134e1/execute/async - {"script":"<script> [1562 bytes]","args":[{"selector":{"controlType":"sap.m.Button","viewName":"etm.portal.ui.managerequests.view.Detail","bindingPath":{"path":"/SmartRequestItemsPlanningBoard(ITEM=10m,REQUEST='20129')","propertyPath":"PICK_UP"}},"wdio_ui5_key":"etmportal.ui.managerequests.view.Detailsap.m.Button{\"path\":\"/SmartRequestItemsPlanningBoard(ITEM=10m,REQUEST='20129')\",\"propertyPath\":\"PICK_UP\"}"}]}
RESULT: {"script":"<script> [1562 bytes]","args":[{"selector":{"controlType":"sap.m.Button","viewName":"etm.portal.ui.managerequests.view.Detail","bindingPath":{"path":"/SmartRequestItemsPlanningBoard(ITEM=10m,REQUEST='20129')","propertyPath":"PICK_UP"}},"wdio_ui5_key":"etmportal.ui.managerequests.view.Detailsap.m.Button{\"path\":\"/SmartRequestItemsPlanningBoard(ITEM=10m,REQUEST='20129')\",\"propertyPath\":\"PICK_UP\"}"}]}
RESULT: undefined
COMMAND: POST /session/7a77e4e78ab7f053ff1399b1683134e1/execute/async - {"script":"<script> [6424 bytes]","args":[{"element-6066-11e4-a52e-4f735466cecf":"f.F34A9C30008BD60ECF93DB5E8BBA230A.d.537E3D3317F2D2547BF0573C76E52800.e.5480"},"getType",[]]}
RESULT: {"script":"<script> [6424 bytes]","args":[{"element-6066-11e4-a52e-4f735466cecf":"f.F34A9C30008BD60ECF93DB5E8BBA230A.d.537E3D3317F2D2547BF0573C76E52800.e.5480"},"getType",[]]}
COMMAND: POST /session/7a77e4e78ab7f053ff1399b1683134e1/execute/async - {"script":"<script> [1562 bytes]","args":[{"selector":{"controlType":"sap.m.Button","viewName":"etm.portal.ui.managerequests.view.Detail","bindingPath":{"path":"/SmartRequestItemsPlanningBoard(ITEM=20m,REQUEST='20129')","propertyPath":"PICK_UP"}},"wdio_ui5_key":"etmportal.ui.managerequests.view.Detailsap.m.Button{\"path\":\"/SmartRequestItemsPlanningBoard(ITEM=20m,REQUEST='20129')\",\"propertyPath\":\"PICK_UP\"}"}]}
RESULT: {"script":"<script> [1562 bytes]","args":[{"selector":{"controlType":"sap.m.Button","viewName":"etm.portal.ui.managerequests.view.Detail","bindingPath":{"path":"/SmartRequestItemsPlanningBoard(ITEM=20m,REQUEST='20129')","propertyPath":"PICK_UP"}},"wdio_ui5_key":"etmportal.ui.managerequests.view.Detailsap.m.Button{\"path\":\"/SmartRequestItemsPlanningBoard(ITEM=20m,REQUEST='20129')\",\"propertyPath\":\"PICK_UP\"}"}]}
RESULT: undefined
COMMAND: POST /session/7a77e4e78ab7f053ff1399b1683134e1/execute/async - {"script":"<script> [6424 bytes]","args":[{"element-6066-11e4-a52e-4f735466cecf":"f.F34A9C30008BD60ECF93DB5E8BBA230A.d.537E3D3317F2D2547BF0573C76E52800.e.5509"},"getType",[]]}
RESULT: {"script":"<script> [6424 bytes]","args":[{"element-6066-11e4-a52e-4f735466cecf":"f.F34A9C30008BD60ECF93DB5E8BBA230A.d.537E3D3317F2D2547BF0573C76E52800.e.5509"},"getType",[]]}
COMMAND: POST /session/7a77e4e78ab7f053ff1399b1683134e1/execute/async - {"script":"<script> [1562 bytes]","args":[{"selector":{"id":"pickUpSwitchHeader","viewName":"etm.portal.ui.managerequests.view.Detail","interaction":{"idSuffix":"handle"}},"wdio_ui5_key":"pickUpSwitchHeaderetmportal.ui.managerequests.view.Detail"}]}
RESULT: {"script":"<script> [1562 bytes]","args":[{"selector":{"id":"pickUpSwitchHeader","viewName":"etm.portal.ui.managerequests.view.Detail","interaction":{"idSuffix":"handle"}},"wdio_ui5_key":"pickUpSwitchHeaderetmportal.ui.managerequests.view.Detail"}]}
RESULT: undefined
COMMAND: POST /session/7a77e4e78ab7f053ff1399b1683134e1/element - {"using":"xpath","value":"//*[@id=\"__xmlview2--pickUpSwitchHeader\"]"}
RESULT: {"using":"xpath","value":"//*[@id=\"__xmlview2--pickUpSwitchHeader\"]"}
COMMAND: POST /session/7a77e4e78ab7f053ff1399b1683134e1/element/f.F34A9C30008BD60ECF93DB5E8BBA230A.d.537E3D3317F2D2547BF0573C76E52800.e.5448/click - {}
RESULT: {}
COMMAND: POST /session/7a77e4e78ab7f053ff1399b1683134e1/execute/async - {"script":"<script> [1562 bytes]","args":[{"selector":{"controlType":"sap.ui.core.Icon","viewName":"etm.portal.ui.managerequests.view.Detail","properties":{"src":{"regex":{"source":"pushpin\\-off"}}}},"wdio_ui5_key":"etmportal.ui.managerequests.view.Detailsap.ui.core.Icon{\"src\":{\"regex\":{\"source\":\"pushpin\\\\-off\"}}}"}]}
COMMAND: GET /session/7a77e4e78ab7f053ff1399b1683134e1/screenshot - {}
RESULT: {"script":"<script> [1562 bytes]","args":[{"selector":{"controlType":"sap.ui.core.Icon","viewName":"etm.portal.ui.managerequests.view.Detail","properties":{"src":{"regex":{"source":"pushpin\\-off"}}}},"wdio_ui5_key":"etmportal.ui.managerequests.view.Detailsap.ui.core.Icon{\"src\":{\"regex\":{\"source\":\"pushpin\\\\-off\"}}}"}]}
RESULT: undefined
COMMAND: POST /session/7a77e4e78ab7f053ff1399b1683134e1/element - {"using":"xpath","value":"//*[@id=\"__xmlview2--detailRequestPage-OPHeaderContent-pinBtn-img\"]"}
RESULT: {}
RESULT: {"using":"xpath","value":"//*[@id=\"__xmlview2--detailRequestPage-OPHeaderContent-pinBtn-img\"]"}
COMMAND: POST /session/7a77e4e78ab7f053ff1399b1683134e1/element/f.F34A9C30008BD60ECF93DB5E8BBA230A.d.537E3D3317F2D2547BF0573C76E52800.e.5456/click - {}
RESULT: {}
RESULT: undefined
COMMAND: POST /session/7a77e4e78ab7f053ff1399b1683134e1/execute/async - {"script":"<script> [6424 bytes]","args":[{"element-6066-11e4-a52e-4f735466cecf":"f.F34A9C30008BD60ECF93DB5E8BBA230A.d.537E3D3317F2D2547BF0573C76E52800.e.5480"},"getType",[]]}
COMMAND: GET /session/7a77e4e78ab7f053ff1399b1683134e1/screenshot - {}
RESULT: {"script":"<script> [6424 bytes]","args":[{"element-6066-11e4-a52e-4f735466cecf":"f.F34A9C30008BD60ECF93DB5E8BBA230A.d.537E3D3317F2D2547BF0573C76E52800.e.5480"},"getType",[]]}
RESULT: undefined
COMMAND: POST /session/7a77e4e78ab7f053ff1399b1683134e1/execute/async - {"script":"<script> [6424 bytes]","args":[{"element-6066-11e4-a52e-4f735466cecf":"f.F34A9C30008BD60ECF93DB5E8BBA230A.d.537E3D3317F2D2547BF0573C76E52800.e.5509"},"getType",[]]}
RESULT: {}
RESULT: {"script":"<script> [6424 bytes]","args":[{"element-6066-11e4-a52e-4f735466cecf":"f.F34A9C30008BD60ECF93DB5E8BBA230A.d.537E3D3317F2D2547BF0573C76E52800.e.5509"},"getType",[]]}
COMMAND: POST /session/7a77e4e78ab7f053ff1399b1683134e1/execute/async - {"script":"<script> [1562 bytes]","args":[{"selector":{"controlType":"sap.ui.core.Icon","viewName":"etm.portal.ui.managerequests.view.Detail","properties":{"src":{"regex":{"source":"date\\-time"}}},"ancestor":{"controlType":"sap.m.ColumnListItem","viewName":"etm.portal.ui.managerequests.view.Detail","bindingPath":{"path":"/SmartRequestItemsPlanningBoard(ITEM=10m,REQUEST='20129')"},"ancestor":{"id":"requestItemsTable","viewName":"etm.portal.ui.managerequests.view.Detail"}}},"wdio_ui5_key":"etmportal.ui.managerequests.view.Detailsap.ui.core.Icon{\"src\":{\"regex\":{\"source\":\"date\\\\-time\"}}}{\"controlType\":\"sap.m.ColumnListItem\",\"viewName\":\"etm.portal.ui.managerequests.view.Detail\",\"bindingPath\":{\"path\":\"/SmartRequestItemsPlanningBoard(ITEM=10m,REQUEST='20129')\"},\"ancestor\":{\"id\":\"requestItemsTable\",\"viewName\":\"etm.portal.ui.managerequests.view.Detail\"}}"}]}
RESULT: {"script":"<script> [1562 bytes]","args":[{"selector":{"controlType":"sap.ui.core.Icon","viewName":"etm.portal.ui.managerequests.view.Detail","properties":{"src":{"regex":{"source":"date\\-time"}}},"ancestor":{"controlType":"sap.m.ColumnListItem","viewName":"etm.portal.ui.managerequests.view.Detail","bindingPath":{"path":"/SmartRequestItemsPlanningBoard(ITEM=10m,REQUEST='20129')"},"ancestor":{"id":"requestItemsTable","viewName":"etm.portal.ui.managerequests.view.Detail"}}},"wdio_ui5_key":"etmportal.ui.managerequests.view.Detailsap.ui.core.Icon{\"src\":{\"regex\":{\"source\":\"date\\\\-time\"}}}{\"controlType\":\"sap.m.ColumnListItem\",\"viewName\":\"etm.portal.ui.managerequests.view.Detail\",\"bindingPath\":{\"path\":\"/SmartRequestItemsPlanningBoard(ITEM=10m,REQUEST='20129')\"},\"ancestor\":{\"id\":\"requestItemsTable\",\"viewName\":\"etm.portal.ui.managerequests.view.Detail\"}}"}]}
RESULT: undefined
COMMAND: POST /session/7a77e4e78ab7f053ff1399b1683134e1/element - {"using":"xpath","value":"//*[@id=\"__button37-__clone2047-img\"]"}
RESULT: {"using":"xpath","value":"//*[@id=\"__button37-__clone2047-img\"]"}
COMMAND: POST /session/7a77e4e78ab7f053ff1399b1683134e1/element/f.F34A9C30008BD60ECF93DB5E8BBA230A.d.537E3D3317F2D2547BF0573C76E52800.e.5517/click - {}
RESULT: {}
COMMAND: POST /session/7a77e4e78ab7f053ff1399b1683134e1/execute/async - {"script":"<script> [1562 bytes]","args":[{"selector":{"controlType":"sap.m.Button","viewName":"etm.portal.ui.managerequests.view.Detail","properties":{"text":"Close"},"searchOpenDialogs":true,"interaction":{"idSuffix":"inner"}},"wdio_ui5_key":"etmportal.ui.managerequests.view.Detailsap.m.Button{\"text\":\"Close\"}"}]}
COMMAND: GET /session/7a77e4e78ab7f053ff1399b1683134e1/screenshot - {}
RESULT: {"script":"<script> [1562 bytes]","args":[{"selector":{"controlType":"sap.m.Button","viewName":"etm.portal.ui.managerequests.view.Detail","properties":{"text":"Close"},"searchOpenDialogs":true,"interaction":{"idSuffix":"inner"}},"wdio_ui5_key":"etmportal.ui.managerequests.view.Detailsap.m.Button{\"text\":\"Close\"}"}]}
RESULT: undefined
COMMAND: POST /session/7a77e4e78ab7f053ff1399b1683134e1/element - {"using":"xpath","value":"//*[@id=\"__button45\"]"}
RESULT: {}
RESULT: {"using":"xpath","value":"//*[@id=\"__button45\"]"}
COMMAND: POST /session/7a77e4e78ab7f053ff1399b1683134e1/element/f.F34A9C30008BD60ECF93DB5E8BBA230A.d.537E3D3317F2D2547BF0573C76E52800.e.5519/click - {}
RESULT: {}
COMMAND: POST /session/7a77e4e78ab7f053ff1399b1683134e1/execute/async - {"script":"<script> [1562 bytes]","args":[{"selector":{"controlType":"sap.ui.core.Icon","viewName":"etm.portal.ui.managerequests.view.Detail","properties":{"src":{"regex":{"source":"date\\-time"}}},"ancestor":{"controlType":"sap.m.ColumnListItem","viewName":"etm.portal.ui.managerequests.view.Detail","bindingPath":{"path":"/SmartRequestItemsPlanningBoard(ITEM=20m,REQUEST='20129')"},"ancestor":{"id":"requestItemsTable","viewName":"etm.portal.ui.managerequests.view.Detail"}}},"wdio_ui5_key":"etmportal.ui.managerequests.view.Detailsap.ui.core.Icon{\"src\":{\"regex\":{\"source\":\"date\\\\-time\"}}}{\"controlType\":\"sap.m.ColumnListItem\",\"viewName\":\"etm.portal.ui.managerequests.view.Detail\",\"bindingPath\":{\"path\":\"/SmartRequestItemsPlanningBoard(ITEM=20m,REQUEST='20129')\"},\"ancestor\":{\"id\":\"requestItemsTable\",\"viewName\":\"etm.portal.ui.managerequests.view.Detail\"}}"}]}
COMMAND: GET /session/7a77e4e78ab7f053ff1399b1683134e1/screenshot - {}
RESULT: {"script":"<script> [1562 bytes]","args":[{"selector":{"controlType":"sap.ui.core.Icon","viewName":"etm.portal.ui.managerequests.view.Detail","properties":{"src":{"regex":{"source":"date\\-time"}}},"ancestor":{"controlType":"sap.m.ColumnListItem","viewName":"etm.portal.ui.managerequests.view.Detail","bindingPath":{"path":"/SmartRequestItemsPlanningBoard(ITEM=20m,REQUEST='20129')"},"ancestor":{"id":"requestItemsTable","viewName":"etm.portal.ui.managerequests.view.Detail"}}},"wdio_ui5_key":"etmportal.ui.managerequests.view.Detailsap.ui.core.Icon{\"src\":{\"regex\":{\"source\":\"date\\\\-time\"}}}{\"controlType\":\"sap.m.ColumnListItem\",\"viewName\":\"etm.portal.ui.managerequests.view.Detail\",\"bindingPath\":{\"path\":\"/SmartRequestItemsPlanningBoard(ITEM=20m,REQUEST='20129')\"},\"ancestor\":{\"id\":\"requestItemsTable\",\"viewName\":\"etm.portal.ui.managerequests.view.Detail\"}}"}]}
RESULT: undefined
COMMAND: POST /session/7a77e4e78ab7f053ff1399b1683134e1/element - {"using":"xpath","value":"//*[@id=\"__button37-__clone2048-img\"]"}
RESULT: {}
RESULT: {"using":"xpath","value":"//*[@id=\"__button37-__clone2048-img\"]"}
COMMAND: POST /session/7a77e4e78ab7f053ff1399b1683134e1/element/f.F34A9C30008BD60ECF93DB5E8BBA230A.d.537E3D3317F2D2547BF0573C76E52800.e.5526/click - {}
RESULT: {}
RESULT: undefined
COMMAND: POST /session/7a77e4e78ab7f053ff1399b1683134e1/element - {"using":"xpath","value":"//*[@id=\"__button45\"]"}
COMMAND: GET /session/7a77e4e78ab7f053ff1399b1683134e1/screenshot - {}
RESULT: {"using":"xpath","value":"//*[@id=\"__button45\"]"}
COMMAND: POST /session/7a77e4e78ab7f053ff1399b1683134e1/elements - {"using":"xpath","value":"//*[@id=\"__button45\"]"}
RESULT: {}
RESULT: {"using":"xpath","value":"//*[@id=\"__button45\"]"}
COMMAND: POST /session/7a77e4e78ab7f053ff1399b1683134e1/element - {"using":"xpath","value":"//*[@id=\"__button45\"]"}
RESULT: {"using":"xpath","value":"//*[@id=\"__button45\"]"}
COMMAND: POST /session/7a77e4e78ab7f053ff1399b1683134e1/element/f.F34A9C30008BD60ECF93DB5E8BBA230A.d.537E3D3317F2D2547BF0573C76E52800.e.5533/click - {}
RESULT: {}
COMMAND: POST /session/7a77e4e78ab7f053ff1399b1683134e1/execute/async - {"script":"<script> [189 bytes]","args":[]}
COMMAND: GET /session/7a77e4e78ab7f053ff1399b1683134e1/screenshot - {}
RESULT: {"script":"<script> [189 bytes]","args":[]}
COMMAND: POST /session/7a77e4e78ab7f053ff1399b1683134e1/execute/async - {"script":"<script> [123 bytes]","args":[]}
RESULT: {}
RESULT: {"script":"<script> [123 bytes]","args":[]}
COMMAND: POST /session/7a77e4e78ab7f053ff1399b1683134e1/timeouts - {"script":"<number>"}
RESULT: {"script":"<number>"}
COMMAND: GET /session/7a77e4e78ab7f053ff1399b1683134e1/timeouts - {}
RESULT: {}
RESULT: undefined
COMMAND: POST /session/7a77e4e78ab7f053ff1399b1683134e1/execute/async - {"script":"<script> [2676 bytes]","args":[]}
RESULT: {"script":"<script> [2676 bytes]","args":[]}
COMMAND: POST /session/7a77e4e78ab7f053ff1399b1683134e1/execute/async - {"script":"<script> [2342 bytes]","args":[{"protocol":"http","hostname":"0.0.0.0","path":"/","capabilities":{"browserName":"chrome","goog:chromeOptions":{"binary":"C:\\Program Files\\Google\\Chrome\\Application\\chrome.exe","args":["--start-maximized"]}},"logLevel":"warn","connectionRetryTimeout":120000,"connectionRetryCount":3,"logLevels":{},"enableDirectConnect":true,"strictSSL":true,"_":"65 more keys: [\"cacheDir\",\"port\",\"requestedCapabilities\",\"automationProtocol\",\"baseUrl\",\"waitforInterval\",\"waitforTimeout\",\"onReload\",\"beforeCommand\",\"afterCommand\",\"rootDir\",\"specs\",\"suites\",\"exclude\",\"groupLogsByTestSpec\",\"excludeDriverLogs\",\"bail\",\"framework\",\"reporters\",\"services\",\"maxInstances\",\"maxInstancesPerCapability\",\"injectGlobals\",\"filesToWatch\",\"execArgv\",\"runnerEnv\",\"runner\",\"shard\",\"specFileRetries\",\"specFileRetriesDelay\",\"specFileRetriesDeferred\",\"reporterSyncInterval\",\"reporterSyncTimeout\",\"cucumberFeaturesWithLineNumbers\",\"autoCompileOpts\",\"mochaOpts\",\"jasmineOpts\",\"cucumberOpts\",\"onPrepare\",\"onWorkerStart\",\"onWorkerEnd\",\"before\",\"beforeSession\",\"beforeSuite\",\"beforeHook\",\"beforeTest\",\"afterTest\",\"afterHook\",\"afterSuite\",\"afterSession\",\"after\",\"onComplete\",\"beforeAssertion\",\"afterAssertion\",\"beforeFeature\",\"beforeScenario\",\"beforeStep\",\"afterStep\",\"afterScenario\",\"afterFeature\",\"_\",\"suite\",\"$0\",\"ignoredWorkerServices\",\"wdi5\"]"}]}
RESULT: {"script":"<script> [2342 bytes]","args":[{"protocol":"http","hostname":"0.0.0.0","path":"/","capabilities":{"browserName":"chrome","goog:chromeOptions":{"binary":"C:\\Program Files\\Google\\Chrome\\Application\\chrome.exe","args":["--start-maximized"]}},"logLevel":"warn","connectionRetryTimeout":120000,"connectionRetryCount":3,"logLevels":{},"enableDirectConnect":true,"strictSSL":true,"_":"65 more keys: [\"cacheDir\",\"port\",\"requestedCapabilities\",\"automationProtocol\",\"baseUrl\",\"waitforInterval\",\"waitforTimeout\",\"onReload\",\"beforeCommand\",\"afterCommand\",\"rootDir\",\"specs\",\"suites\",\"exclude\",\"groupLogsByTestSpec\",\"excludeDriverLogs\",\"bail\",\"framework\",\"reporters\",\"services\",\"maxInstances\",\"maxInstancesPerCapability\",\"injectGlobals\",\"filesToWatch\",\"execArgv\",\"runnerEnv\",\"runner\",\"shard\",\"specFileRetries\",\"specFileRetriesDelay\",\"specFileRetriesDeferred\",\"reporterSyncInterval\",\"reporterSyncTimeout\",\"cucumberFeaturesWithLineNumbers\",\"autoCompileOpts\",\"mochaOpts\",\"jasmineOpts\",\"cucumberOpts\",\"onPrepare\",\"onWorkerStart\",\"onWorkerEnd\",\"before\",\"beforeSession\",\"beforeSuite\",\"beforeHook\",\"beforeTest\",\"afterTest\",\"afterHook\",\"afterSuite\",\"afterSession\",\"after\",\"onComplete\",\"beforeAssertion\",\"afterAssertion\",\"beforeFeature\",\"beforeScenario\",\"beforeStep\",\"afterStep\",\"afterScenario\",\"afterFeature\",\"_\",\"suite\",\"$0\",\"ignoredWorkerServices\",\"wdi5\"]"}]}
COMMAND: POST /session/7a77e4e78ab7f053ff1399b1683134e1/execute/async - {"script":"<script> [21126 bytes]","args":[35000]}
RESULT: {"script":"<script> [21126 bytes]","args":[35000]}
COMMAND: POST /session/7a77e4e78ab7f053ff1399b1683134e1/execute/async - {"script":"<script> [1562 bytes]","args":[{"selector":{"controlType":"sap.m.Button","viewName":"etm.portal.ui.managerequests.view.Detail","bindingPath":{"path":"/SmartRequestItemsPlanningBoard(ITEM=10m,REQUEST='20129')","propertyPath":"PICK_UP"}},"wdio_ui5_key":"etmportal.ui.managerequests.view.Detailsap.m.Button{\"path\":\"/SmartRequestItemsPlanningBoard(ITEM=10m,REQUEST='20129')\",\"propertyPath\":\"PICK_UP\"}"}]}
RESULT: {"script":"<script> [1562 bytes]","args":[{"selector":{"controlType":"sap.m.Button","viewName":"etm.portal.ui.managerequests.view.Detail","bindingPath":{"path":"/SmartRequestItemsPlanningBoard(ITEM=10m,REQUEST='20129')","propertyPath":"PICK_UP"}},"wdio_ui5_key":"etmportal.ui.managerequests.view.Detailsap.m.Button{\"path\":\"/SmartRequestItemsPlanningBoard(ITEM=10m,REQUEST='20129')\",\"propertyPath\":\"PICK_UP\"}"}]}
RESULT: undefined
COMMAND: POST /session/7a77e4e78ab7f053ff1399b1683134e1/execute/async - {"script":"<script> [6424 bytes]","args":[{"element-6066-11e4-a52e-4f735466cecf":"f.F34A9C30008BD60ECF93DB5E8BBA230A.d.537E3D3317F2D2547BF0573C76E52800.e.5480"},"getType",[]]}
RESULT: {"script":"<script> [6424 bytes]","args":[{"element-6066-11e4-a52e-4f735466cecf":"f.F34A9C30008BD60ECF93DB5E8BBA230A.d.537E3D3317F2D2547BF0573C76E52800.e.5480"},"getType",[]]}
COMMAND: POST /session/7a77e4e78ab7f053ff1399b1683134e1/execute/async - {"script":"<script> [1562 bytes]","args":[{"selector":{"controlType":"sap.m.Button","viewName":"etm.portal.ui.managerequests.view.Detail","bindingPath":{"path":"/SmartRequestItemsPlanningBoard(ITEM=20m,REQUEST='20129')","propertyPath":"PICK_UP"}},"wdio_ui5_key":"etmportal.ui.managerequests.view.Detailsap.m.Button{\"path\":\"/SmartRequestItemsPlanningBoard(ITEM=20m,REQUEST='20129')\",\"propertyPath\":\"PICK_UP\"}"}]}
RESULT: {"script":"<script> [1562 bytes]","args":[{"selector":{"controlType":"sap.m.Button","viewName":"etm.portal.ui.managerequests.view.Detail","bindingPath":{"path":"/SmartRequestItemsPlanningBoard(ITEM=20m,REQUEST='20129')","propertyPath":"PICK_UP"}},"wdio_ui5_key":"etmportal.ui.managerequests.view.Detailsap.m.Button{\"path\":\"/SmartRequestItemsPlanningBoard(ITEM=20m,REQUEST='20129')\",\"propertyPath\":\"PICK_UP\"}"}]}
RESULT: undefined
COMMAND: POST /session/7a77e4e78ab7f053ff1399b1683134e1/execute/async - {"script":"<script> [6424 bytes]","args":[{"element-6066-11e4-a52e-4f735466cecf":"f.F34A9C30008BD60ECF93DB5E8BBA230A.d.537E3D3317F2D2547BF0573C76E52800.e.5509"},"getType",[]]}
RESULT: {"script":"<script> [6424 bytes]","args":[{"element-6066-11e4-a52e-4f735466cecf":"f.F34A9C30008BD60ECF93DB5E8BBA230A.d.537E3D3317F2D2547BF0573C76E52800.e.5509"},"getType",[]]}
]]></system-out>
    </testcase>
    <testcase classname="chrome.136_0_7103_93.windows.Manage_request_+_Contract_processing_pick_up_option_US120163_" name="Should Contract processing pick up option" time="189.884">
      <system-out><![CDATA[
COMMAND: POST /session/7a77e4e78ab7f053ff1399b1683134e1/execute/async - {"script":"<script> [1562 bytes]","args":[{"selector":{"id":"requestContractNo","viewName":"etm.portal.ui.managerequests.view.Detail"},"wdio_ui5_key":"requestContractNoetmportal.ui.managerequests.view.Detail"}]}
RESULT: {"script":"<script> [1562 bytes]","args":[{"selector":{"id":"requestContractNo","viewName":"etm.portal.ui.managerequests.view.Detail"},"wdio_ui5_key":"requestContractNoetmportal.ui.managerequests.view.Detail"}]}
RESULT: undefined
COMMAND: POST /session/7a77e4e78ab7f053ff1399b1683134e1/element - {"using":"xpath","value":"//*[@id=\"__xmlview2--requestContractNo\"]"}
RESULT: {"using":"xpath","value":"//*[@id=\"__xmlview2--requestContractNo\"]"}
COMMAND: POST /session/7a77e4e78ab7f053ff1399b1683134e1/element/f.F34A9C30008BD60ECF93DB5E8BBA230A.d.537E3D3317F2D2547BF0573C76E52800.e.5536/click - {}
RESULT: {}
COMMAND: POST /session/7a77e4e78ab7f053ff1399b1683134e1/execute/async - {"script":"<script> [1562 bytes]","args":[{"selector":{"controlType":"sap.m.Link","viewName":"etm.portal.ui.managerequests.view.Detail","properties":{"text":"Contract Overview"},"searchOpenDialogs":true},"wdio_ui5_key":"etmportal.ui.managerequests.view.Detailsap.m.Link{\"text\":\"Contract Overview\"}"}]}
COMMAND: GET /session/7a77e4e78ab7f053ff1399b1683134e1/screenshot - {}
RESULT: {}
RESULT: {"script":"<script> [1562 bytes]","args":[{"selector":{"controlType":"sap.m.Link","viewName":"etm.portal.ui.managerequests.view.Detail","properties":{"text":"Contract Overview"},"searchOpenDialogs":true},"wdio_ui5_key":"etmportal.ui.managerequests.view.Detailsap.m.Link{\"text\":\"Contract Overview\"}"}]}
RESULT: undefined
COMMAND: POST /session/7a77e4e78ab7f053ff1399b1683134e1/element - {"using":"xpath","value":"//*[@id=\"__link8\"]"}
RESULT: {"using":"xpath","value":"//*[@id=\"__link8\"]"}
COMMAND: POST /session/7a77e4e78ab7f053ff1399b1683134e1/element/f.F34A9C30008BD60ECF93DB5E8BBA230A.d.537E3D3317F2D2547BF0573C76E52800.e.5538/click - {}
RESULT: {}
COMMAND: GET /session/7a77e4e78ab7f053ff1399b1683134e1/screenshot - {}
RESULT: {}
COMMAND: POST /session/7a77e4e78ab7f053ff1399b1683134e1/element - {"using":"xpath","value":"//div[contains(@id ,\"headerBillingItemsTabFilter-text\")]"}
RESULT: {"using":"xpath","value":"//div[contains(@id ,\"headerBillingItemsTabFilter-text\")]"}
COMMAND: POST /session/7a77e4e78ab7f053ff1399b1683134e1/elements - {"using":"xpath","value":"//div[contains(@id ,\"headerBillingItemsTabFilter-text\")]"}
RESULT: {"using":"xpath","value":"//div[contains(@id ,\"headerBillingItemsTabFilter-text\")]"}
COMMAND: POST /session/7a77e4e78ab7f053ff1399b1683134e1/elements - {"using":"xpath","value":"//div[contains(@id ,\"headerBillingItemsTabFilter-text\")]"}
RESULT: {"using":"xpath","value":"//div[contains(@id ,\"headerBillingItemsTabFilter-text\")]"}
COMMAND: POST /session/7a77e4e78ab7f053ff1399b1683134e1/element - {"using":"xpath","value":"//div[contains(@id ,\"headerBillingItemsTabFilter-text\")]"}
RESULT: {"using":"xpath","value":"//div[contains(@id ,\"headerBillingItemsTabFilter-text\")]"}
COMMAND: POST /session/7a77e4e78ab7f053ff1399b1683134e1/element/f.F34A9C30008BD60ECF93DB5E8BBA230A.d.537E3D3317F2D2547BF0573C76E52800.e.5717/click - {}
RESULT: {}
COMMAND: GET /session/7a77e4e78ab7f053ff1399b1683134e1/screenshot - {}
RESULT: {}
COMMAND: POST /session/7a77e4e78ab7f053ff1399b1683134e1/execute/async - {"script":"<script> [1562 bytes]","args":[{"selector":{"id":"addRequestItemBtn","viewName":"etm.portal.ui.managecontracts.view.Detail","interaction":{"idSuffix":"BDI-content"}},"wdio_ui5_key":"addRequestItemBtnetmportal.ui.managecontracts.view.Detail"}]}
RESULT: {"script":"<script> [1562 bytes]","args":[{"selector":{"id":"addRequestItemBtn","viewName":"etm.portal.ui.managecontracts.view.Detail","interaction":{"idSuffix":"BDI-content"}},"wdio_ui5_key":"addRequestItemBtnetmportal.ui.managecontracts.view.Detail"}]}
RESULT: undefined
COMMAND: POST /session/7a77e4e78ab7f053ff1399b1683134e1/element - {"using":"xpath","value":"//*[@id=\"__xmlview4--addRequestItemBtn\"]"}
RESULT: {"using":"xpath","value":"//*[@id=\"__xmlview4--addRequestItemBtn\"]"}
COMMAND: POST /session/7a77e4e78ab7f053ff1399b1683134e1/element/f.F34A9C30008BD60ECF93DB5E8BBA230A.d.537E3D3317F2D2547BF0573C76E52800.e.5630/click - {}
RESULT: {}
COMMAND: GET /session/7a77e4e78ab7f053ff1399b1683134e1/screenshot - {}
RESULT: {}
COMMAND: POST /session/7a77e4e78ab7f053ff1399b1683134e1/element - {"using":"xpath","value":"//div[contains(@id ,\"popupRequestTable-sa-CbBg\")]"}
RESULT: {"using":"xpath","value":"//div[contains(@id ,\"popupRequestTable-sa-CbBg\")]"}
COMMAND: POST /session/7a77e4e78ab7f053ff1399b1683134e1/element/f.F34A9C30008BD60ECF93DB5E8BBA230A.d.537E3D3317F2D2547BF0573C76E52800.e.5783/click - {}
RESULT: {}
COMMAND: GET /session/7a77e4e78ab7f053ff1399b1683134e1/screenshot - {}
RESULT: {}
COMMAND: POST /session/7a77e4e78ab7f053ff1399b1683134e1/execute/async - {"script":"<script> [1562 bytes]","args":[{"selector":{"controlType":"sap.m.Button","viewName":"etm.portal.ui.managecontracts.view.Detail","i18NText":{"propertyName":"text","key":"selectionDone"},"searchOpenDialogs":true,"interaction":{"idSuffix":"content"}},"wdio_ui5_key":"etmportal.ui.managecontracts.view.Detailsap.m.Button{\"propertyName\":\"text\",\"key\":\"selectionDone\"}"}]}
RESULT: {"script":"<script> [1562 bytes]","args":[{"selector":{"controlType":"sap.m.Button","viewName":"etm.portal.ui.managecontracts.view.Detail","i18NText":{"propertyName":"text","key":"selectionDone"},"searchOpenDialogs":true,"interaction":{"idSuffix":"content"}},"wdio_ui5_key":"etmportal.ui.managecontracts.view.Detailsap.m.Button{\"propertyName\":\"text\",\"key\":\"selectionDone\"}"}]}
RESULT: undefined
COMMAND: POST /session/7a77e4e78ab7f053ff1399b1683134e1/element - {"using":"xpath","value":"//*[@id=\"__button60\"]"}
RESULT: {"using":"xpath","value":"//*[@id=\"__button60\"]"}
COMMAND: POST /session/7a77e4e78ab7f053ff1399b1683134e1/element/f.F34A9C30008BD60ECF93DB5E8BBA230A.d.537E3D3317F2D2547BF0573C76E52800.e.5786/click - {}
RESULT: {}
COMMAND: POST /session/7a77e4e78ab7f053ff1399b1683134e1/execute/async - {"script":"<script> [1562 bytes]","args":[{"selector":{"controlType":"sap.m.Button","properties":{"text":"OK"},"searchOpenDialogs":true,"interaction":{"idSuffix":"inner"}},"wdio_ui5_key":"sapm.Button{\"text\":\"OK\"}"}]}
COMMAND: GET /session/7a77e4e78ab7f053ff1399b1683134e1/screenshot - {}
RESULT: {"script":"<script> [1562 bytes]","args":[{"selector":{"controlType":"sap.m.Button","properties":{"text":"OK"},"searchOpenDialogs":true,"interaction":{"idSuffix":"inner"}},"wdio_ui5_key":"sapm.Button{\"text\":\"OK\"}"}]}
RESULT: undefined
COMMAND: POST /session/7a77e4e78ab7f053ff1399b1683134e1/element - {"using":"xpath","value":"//*[@id=\"__mbox-btn-1\"]"}
RESULT: {}
RESULT: {"using":"xpath","value":"//*[@id=\"__mbox-btn-1\"]"}
COMMAND: POST /session/7a77e4e78ab7f053ff1399b1683134e1/element/f.F34A9C30008BD60ECF93DB5E8BBA230A.d.537E3D3317F2D2547BF0573C76E52800.e.5787/click - {}
RESULT: {}
COMMAND: GET /session/7a77e4e78ab7f053ff1399b1683134e1/screenshot - {}
RESULT: {}
COMMAND: POST /session/7a77e4e78ab7f053ff1399b1683134e1/element - {"using":"xpath","value":"//div[contains(@id ,\"headerBillingItemsTabFilter-text\")]"}
RESULT: {"using":"xpath","value":"//div[contains(@id ,\"headerBillingItemsTabFilter-text\")]"}
COMMAND: POST /session/7a77e4e78ab7f053ff1399b1683134e1/element/f.F34A9C30008BD60ECF93DB5E8BBA230A.d.537E3D3317F2D2547BF0573C76E52800.e.5717/click - {}
RESULT: {}
COMMAND: GET /session/7a77e4e78ab7f053ff1399b1683134e1/screenshot - {}
RESULT: {}
COMMAND: POST /session/7a77e4e78ab7f053ff1399b1683134e1/element - {"using":"xpath","value":"//button[contains(@data-kt ,\"refreshButton\")]"}
RESULT: {"using":"xpath","value":"//button[contains(@data-kt ,\"refreshButton\")]"}
COMMAND: POST /session/7a77e4e78ab7f053ff1399b1683134e1/element/f.F34A9C30008BD60ECF93DB5E8BBA230A.d.537E3D3317F2D2547BF0573C76E52800.e.5627/click - {}
RESULT: {}
COMMAND: GET /session/7a77e4e78ab7f053ff1399b1683134e1/screenshot - {}
RESULT: {}
COMMAND: POST /session/7a77e4e78ab7f053ff1399b1683134e1/element - {"using":"xpath","value":"//div[contains(@id ,\"headerBillingItemsTabFilter-text\")]"}
RESULT: {"using":"xpath","value":"//div[contains(@id ,\"headerBillingItemsTabFilter-text\")]"}
COMMAND: POST /session/7a77e4e78ab7f053ff1399b1683134e1/element/f.F34A9C30008BD60ECF93DB5E8BBA230A.d.537E3D3317F2D2547BF0573C76E52800.e.5717/click - {}
RESULT: {}
COMMAND: GET /session/7a77e4e78ab7f053ff1399b1683134e1/screenshot - {}
RESULT: {}
COMMAND: POST /session/7a77e4e78ab7f053ff1399b1683134e1/execute/async - {"script":"<script> [1562 bytes]","args":[{"selector":{"id":"contractDetailProvideButton","viewName":"etm.portal.ui.managecontracts.view.Detail","interaction":{"idSuffix":"BDI-content"}},"wdio_ui5_key":"contractDetailProvideButtonetmportal.ui.managecontracts.view.Detail"}]}
RESULT: {"script":"<script> [1562 bytes]","args":[{"selector":{"id":"contractDetailProvideButton","viewName":"etm.portal.ui.managecontracts.view.Detail","interaction":{"idSuffix":"BDI-content"}},"wdio_ui5_key":"contractDetailProvideButtonetmportal.ui.managecontracts.view.Detail"}]}
RESULT: undefined
COMMAND: POST /session/7a77e4e78ab7f053ff1399b1683134e1/element - {"using":"xpath","value":"//*[@id=\"__xmlview4--contractDetailProvideButton\"]"}
RESULT: {"using":"xpath","value":"//*[@id=\"__xmlview4--contractDetailProvideButton\"]"}
COMMAND: POST /session/7a77e4e78ab7f053ff1399b1683134e1/element/f.F34A9C30008BD60ECF93DB5E8BBA230A.d.537E3D3317F2D2547BF0573C76E52800.e.5636/click - {}
RESULT: {}
COMMAND: GET /session/7a77e4e78ab7f053ff1399b1683134e1/screenshot - {}
RESULT: {}
COMMAND: POST /session/7a77e4e78ab7f053ff1399b1683134e1/execute/async - {"script":"<script> [1562 bytes]","args":[{"selector":{"id":"application-managehandovers-display-component---AddNewHO--pickUpCheckbox","interaction":{"idSuffix":"CbBg"}},"wdio_ui5_key":"applicationmanagehandovers-display-component---AddNewHO--pickUpCheckbox"}]}
RESULT: {"script":"<script> [1562 bytes]","args":[{"selector":{"id":"application-managehandovers-display-component---AddNewHO--pickUpCheckbox","interaction":{"idSuffix":"CbBg"}},"wdio_ui5_key":"applicationmanagehandovers-display-component---AddNewHO--pickUpCheckbox"}]}
RESULT: undefined
COMMAND: POST /session/7a77e4e78ab7f053ff1399b1683134e1/element - {"using":"xpath","value":"//*[@id=\"application-managehandovers-display-component---AddNewHO--pickUpCheckbox\"]"}
RESULT: {"using":"xpath","value":"//*[@id=\"application-managehandovers-display-component---AddNewHO--pickUpCheckbox\"]"}
COMMAND: POST /session/7a77e4e78ab7f053ff1399b1683134e1/element/f.F34A9C30008BD60ECF93DB5E8BBA230A.d.537E3D3317F2D2547BF0573C76E52800.e.5962/click - {}
RESULT: {}
COMMAND: POST /session/7a77e4e78ab7f053ff1399b1683134e1/execute/async - {"script":"<script> [1562 bytes]","args":[{"selector":{"id":"application-managehandovers-display-component---AddNewHO--ObjectPageLayout-anchBar-application-managehandovers-display-component---AddNewHO--section4-anchor","interaction":{"idSuffix":"content"}},"wdio_ui5_key":"applicationmanagehandovers-display-component---AddNewHO--ObjectPageLayout-anchBar-application-managehandovers-display-component---AddNewHO--section4-anchor"}]}
COMMAND: GET /session/7a77e4e78ab7f053ff1399b1683134e1/screenshot - {}
RESULT: {"script":"<script> [1562 bytes]","args":[{"selector":{"id":"application-managehandovers-display-component---AddNewHO--ObjectPageLayout-anchBar-application-managehandovers-display-component---AddNewHO--section4-anchor","interaction":{"idSuffix":"content"}},"wdio_ui5_key":"applicationmanagehandovers-display-component---AddNewHO--ObjectPageLayout-anchBar-application-managehandovers-display-component---AddNewHO--section4-anchor"}]}
RESULT: undefined
COMMAND: POST /session/7a77e4e78ab7f053ff1399b1683134e1/element - {"using":"xpath","value":"//*[@id=\"application-managehandovers-display-component---AddNewHO--ObjectPageLayout-anchBar-application-managehandovers-display-component---AddNewHO--section4-anchor\"]"}
RESULT: {}
RESULT: {"using":"xpath","value":"//*[@id=\"application-managehandovers-display-component---AddNewHO--ObjectPageLayout-anchBar-application-managehandovers-display-component---AddNewHO--section4-anchor\"]"}
COMMAND: POST /session/7a77e4e78ab7f053ff1399b1683134e1/element/f.F34A9C30008BD60ECF93DB5E8BBA230A.d.537E3D3317F2D2547BF0573C76E52800.e.5964/click - {}
RESULT: {}
COMMAND: POST /session/7a77e4e78ab7f053ff1399b1683134e1/execute/async - {"script":"<script> [1562 bytes]","args":[{"selector":{"controlType":"sap.m.Button","viewName":"etm.portal.ui.managehandovers.view.AddNewHO","viewId":"application-managehandovers-display-component---AddNewHO","i18NText":{"propertyName":"tooltip","key":"addItems"},"interaction":{"idSuffix":"inner"}},"wdio_ui5_key":"etmportal.ui.managehandovers.view.AddNewHOsap.m.Button{\"propertyName\":\"tooltip\",\"key\":\"addItems\"}"}]}
COMMAND: GET /session/7a77e4e78ab7f053ff1399b1683134e1/screenshot - {}
RESULT: {"script":"<script> [1562 bytes]","args":[{"selector":{"controlType":"sap.m.Button","viewName":"etm.portal.ui.managehandovers.view.AddNewHO","viewId":"application-managehandovers-display-component---AddNewHO","i18NText":{"propertyName":"tooltip","key":"addItems"},"interaction":{"idSuffix":"inner"}},"wdio_ui5_key":"etmportal.ui.managehandovers.view.AddNewHOsap.m.Button{\"propertyName\":\"tooltip\",\"key\":\"addItems\"}"}]}
RESULT: undefined
COMMAND: POST /session/7a77e4e78ab7f053ff1399b1683134e1/element - {"using":"xpath","value":"//*[@id=\"__button76\"]"}
RESULT: {}
RESULT: {"using":"xpath","value":"//*[@id=\"__button76\"]"}
COMMAND: POST /session/7a77e4e78ab7f053ff1399b1683134e1/element/f.F34A9C30008BD60ECF93DB5E8BBA230A.d.537E3D3317F2D2547BF0573C76E52800.e.5968/click - {}
RESULT: {}
COMMAND: POST /session/7a77e4e78ab7f053ff1399b1683134e1/execute/async - {"script":"<script> [1562 bytes]","args":[{"selector":{"id":"application-managehandovers-display-component---AddNewHO--smartTableHOPopup-header","searchOpenDialogs":true},"wdio_ui5_key":"applicationmanagehandovers-display-component---AddNewHO--smartTableHOPopup-header"}]}
COMMAND: GET /session/7a77e4e78ab7f053ff1399b1683134e1/screenshot - {}
RESULT: {"script":"<script> [1562 bytes]","args":[{"selector":{"id":"application-managehandovers-display-component---AddNewHO--smartTableHOPopup-header","searchOpenDialogs":true},"wdio_ui5_key":"applicationmanagehandovers-display-component---AddNewHO--smartTableHOPopup-header"}]}
RESULT: undefined
COMMAND: POST /session/7a77e4e78ab7f053ff1399b1683134e1/execute/async - {"script":"<script> [6424 bytes]","args":[{"element-6066-11e4-a52e-4f735466cecf":"f.F34A9C30008BD60ECF93DB5E8BBA230A.d.537E3D3317F2D2547BF0573C76E52800.e.5980"},"getText",[]]}
RESULT: {}
RESULT: {"script":"<script> [6424 bytes]","args":[{"element-6066-11e4-a52e-4f735466cecf":"f.F34A9C30008BD60ECF93DB5E8BBA230A.d.537E3D3317F2D2547BF0573C76E52800.e.5980"},"getText",[]]}
COMMAND: POST /session/7a77e4e78ab7f053ff1399b1683134e1/actions - {"actions":[{"id":"action44","type":"key","parameters":{},"actions":[{"type":"keyDown","value":"î€Œ"},{"type":"pause","duration":10},{"type":"keyUp","value":"î€Œ"}]}]}
RESULT: {"actions":[{"id":"action44","type":"key","parameters":{},"actions":[{"type":"keyDown","value":"î€Œ"},{"type":"pause","duration":10},{"type":"keyUp","value":"î€Œ"}]}]}
COMMAND: GET /session/7a77e4e78ab7f053ff1399b1683134e1/screenshot - {}
RESULT: {}
COMMAND: POST /session/7a77e4e78ab7f053ff1399b1683134e1/execute/async - {"script":"<script> [1562 bytes]","args":[{"selector":{"id":"backBtn"},"wdio_ui5_key":"backBtn"}]}
RESULT: {"script":"<script> [1562 bytes]","args":[{"selector":{"id":"backBtn"},"wdio_ui5_key":"backBtn"}]}
RESULT: undefined
COMMAND: POST /session/7a77e4e78ab7f053ff1399b1683134e1/element - {"using":"xpath","value":"//*[@id=\"backBtn\"]"}
RESULT: {"using":"xpath","value":"//*[@id=\"backBtn\"]"}
COMMAND: POST /session/7a77e4e78ab7f053ff1399b1683134e1/element/f.F34A9C30008BD60ECF93DB5E8BBA230A.d.537E3D3317F2D2547BF0573C76E52800.e.5982/click - {}
RESULT: {}
COMMAND: GET /session/7a77e4e78ab7f053ff1399b1683134e1/screenshot - {}
RESULT: {}
COMMAND: POST /session/7a77e4e78ab7f053ff1399b1683134e1/refresh - {}
RESULT: {}
COMMAND: GET /session/7a77e4e78ab7f053ff1399b1683134e1/screenshot - {}
RESULT: {}
COMMAND: POST /session/7a77e4e78ab7f053ff1399b1683134e1/execute/async - {"script":"<script> [189 bytes]","args":[]}
RESULT: {"script":"<script> [189 bytes]","args":[]}
COMMAND: POST /session/7a77e4e78ab7f053ff1399b1683134e1/execute/async - {"script":"<script> [123 bytes]","args":[]}
RESULT: {"script":"<script> [123 bytes]","args":[]}
COMMAND: POST /session/7a77e4e78ab7f053ff1399b1683134e1/timeouts - {"script":"<number>"}
RESULT: {"script":"<number>"}
COMMAND: GET /session/7a77e4e78ab7f053ff1399b1683134e1/timeouts - {}
RESULT: {}
RESULT: undefined
COMMAND: POST /session/7a77e4e78ab7f053ff1399b1683134e1/execute/async - {"script":"<script> [2676 bytes]","args":[]}
RESULT: {"script":"<script> [2676 bytes]","args":[]}
COMMAND: POST /session/7a77e4e78ab7f053ff1399b1683134e1/execute/async - {"script":"<script> [2342 bytes]","args":[{"protocol":"http","hostname":"0.0.0.0","path":"/","capabilities":{"browserName":"chrome","goog:chromeOptions":{"binary":"C:\\Program Files\\Google\\Chrome\\Application\\chrome.exe","args":["--start-maximized"]}},"logLevel":"warn","connectionRetryTimeout":120000,"connectionRetryCount":3,"logLevels":{},"enableDirectConnect":true,"strictSSL":true,"_":"65 more keys: [\"cacheDir\",\"port\",\"requestedCapabilities\",\"automationProtocol\",\"baseUrl\",\"waitforInterval\",\"waitforTimeout\",\"onReload\",\"beforeCommand\",\"afterCommand\",\"rootDir\",\"specs\",\"suites\",\"exclude\",\"groupLogsByTestSpec\",\"excludeDriverLogs\",\"bail\",\"framework\",\"reporters\",\"services\",\"maxInstances\",\"maxInstancesPerCapability\",\"injectGlobals\",\"filesToWatch\",\"execArgv\",\"runnerEnv\",\"runner\",\"shard\",\"specFileRetries\",\"specFileRetriesDelay\",\"specFileRetriesDeferred\",\"reporterSyncInterval\",\"reporterSyncTimeout\",\"cucumberFeaturesWithLineNumbers\",\"autoCompileOpts\",\"mochaOpts\",\"jasmineOpts\",\"cucumberOpts\",\"onPrepare\",\"onWorkerStart\",\"onWorkerEnd\",\"before\",\"beforeSession\",\"beforeSuite\",\"beforeHook\",\"beforeTest\",\"afterTest\",\"afterHook\",\"afterSuite\",\"afterSession\",\"after\",\"onComplete\",\"beforeAssertion\",\"afterAssertion\",\"beforeFeature\",\"beforeScenario\",\"beforeStep\",\"afterStep\",\"afterScenario\",\"afterFeature\",\"_\",\"suite\",\"$0\",\"ignoredWorkerServices\",\"wdi5\"]"}]}
RESULT: {"script":"<script> [2342 bytes]","args":[{"protocol":"http","hostname":"0.0.0.0","path":"/","capabilities":{"browserName":"chrome","goog:chromeOptions":{"binary":"C:\\Program Files\\Google\\Chrome\\Application\\chrome.exe","args":["--start-maximized"]}},"logLevel":"warn","connectionRetryTimeout":120000,"connectionRetryCount":3,"logLevels":{},"enableDirectConnect":true,"strictSSL":true,"_":"65 more keys: [\"cacheDir\",\"port\",\"requestedCapabilities\",\"automationProtocol\",\"baseUrl\",\"waitforInterval\",\"waitforTimeout\",\"onReload\",\"beforeCommand\",\"afterCommand\",\"rootDir\",\"specs\",\"suites\",\"exclude\",\"groupLogsByTestSpec\",\"excludeDriverLogs\",\"bail\",\"framework\",\"reporters\",\"services\",\"maxInstances\",\"maxInstancesPerCapability\",\"injectGlobals\",\"filesToWatch\",\"execArgv\",\"runnerEnv\",\"runner\",\"shard\",\"specFileRetries\",\"specFileRetriesDelay\",\"specFileRetriesDeferred\",\"reporterSyncInterval\",\"reporterSyncTimeout\",\"cucumberFeaturesWithLineNumbers\",\"autoCompileOpts\",\"mochaOpts\",\"jasmineOpts\",\"cucumberOpts\",\"onPrepare\",\"onWorkerStart\",\"onWorkerEnd\",\"before\",\"beforeSession\",\"beforeSuite\",\"beforeHook\",\"beforeTest\",\"afterTest\",\"afterHook\",\"afterSuite\",\"afterSession\",\"after\",\"onComplete\",\"beforeAssertion\",\"afterAssertion\",\"beforeFeature\",\"beforeScenario\",\"beforeStep\",\"afterStep\",\"afterScenario\",\"afterFeature\",\"_\",\"suite\",\"$0\",\"ignoredWorkerServices\",\"wdi5\"]"}]}
COMMAND: POST /session/7a77e4e78ab7f053ff1399b1683134e1/execute/async - {"script":"<script> [21126 bytes]","args":[35000]}
RESULT: {"script":"<script> [21126 bytes]","args":[35000]}
COMMAND: POST /session/7a77e4e78ab7f053ff1399b1683134e1/element - {"using":"xpath","value":"//div[contains(@id ,\"headerBillingItemsTabFilter-text\")]"}
RESULT: {"using":"xpath","value":"//div[contains(@id ,\"headerBillingItemsTabFilter-text\")]"}
COMMAND: POST /session/7a77e4e78ab7f053ff1399b1683134e1/element/f.F34A9C30008BD60ECF93DB5E8BBA230A.d.F923905E3FBD444BD3DDE43117F2060A.e.6337/click - {}
RESULT: {}
COMMAND: GET /session/7a77e4e78ab7f053ff1399b1683134e1/screenshot - {}
RESULT: {}
COMMAND: POST /session/7a77e4e78ab7f053ff1399b1683134e1/execute/async - {"script":"<script> [1562 bytes]","args":[{"selector":{"id":"revertPlanningBtn","viewName":"etm.portal.ui.managecontracts.view.Detail","interaction":{"idSuffix":"BDI-content"}},"wdio_ui5_key":"revertPlanningBtnetmportal.ui.managecontracts.view.Detail"}]}
RESULT: {"script":"<script> [1562 bytes]","args":[{"selector":{"id":"revertPlanningBtn","viewName":"etm.portal.ui.managecontracts.view.Detail","interaction":{"idSuffix":"BDI-content"}},"wdio_ui5_key":"revertPlanningBtnetmportal.ui.managecontracts.view.Detail"}]}
RESULT: undefined
COMMAND: POST /session/7a77e4e78ab7f053ff1399b1683134e1/element - {"using":"xpath","value":"//*[@id=\"__xmlview1--revertPlanningBtn\"]"}
RESULT: {"using":"xpath","value":"//*[@id=\"__xmlview1--revertPlanningBtn\"]"}
COMMAND: POST /session/7a77e4e78ab7f053ff1399b1683134e1/element/f.F34A9C30008BD60ECF93DB5E8BBA230A.d.F923905E3FBD444BD3DDE43117F2060A.e.6229/click - {}
RESULT: {}
COMMAND: GET /session/7a77e4e78ab7f053ff1399b1683134e1/screenshot - {}
RESULT: {}
COMMAND: POST /session/7a77e4e78ab7f053ff1399b1683134e1/actions - {"actions":[{"id":"action45","type":"key","parameters":{},"actions":[{"type":"keyDown","value":"î€‡"},{"type":"pause","duration":10},{"type":"keyUp","value":"î€‡"}]}]}
RESULT: {"actions":[{"id":"action45","type":"key","parameters":{},"actions":[{"type":"keyDown","value":"î€‡"},{"type":"pause","duration":10},{"type":"keyUp","value":"î€‡"}]}]}
COMMAND: GET /session/7a77e4e78ab7f053ff1399b1683134e1/screenshot - {}
RESULT: {}
COMMAND: POST /session/7a77e4e78ab7f053ff1399b1683134e1/element - {"using":"xpath","value":"//div[contains(@id ,\"ProductsTable-sa-CbBg\")]"}
RESULT: {"using":"xpath","value":"//div[contains(@id ,\"ProductsTable-sa-CbBg\")]"}
COMMAND: POST /session/7a77e4e78ab7f053ff1399b1683134e1/element/f.F34A9C30008BD60ECF93DB5E8BBA230A.d.F923905E3FBD444BD3DDE43117F2060A.e.6387/click - {}
RESULT: {}
COMMAND: GET /session/7a77e4e78ab7f053ff1399b1683134e1/screenshot - {}
RESULT: {}
COMMAND: POST /session/7a77e4e78ab7f053ff1399b1683134e1/execute/async - {"script":"<script> [1562 bytes]","args":[{"selector":{"id":"executeRevertPlanningBtn","viewName":"etm.portal.ui.managecontracts.view.Detail","interaction":{"idSuffix":"BDI-content"}},"wdio_ui5_key":"executeRevertPlanningBtnetmportal.ui.managecontracts.view.Detail"}]}
RESULT: {"script":"<script> [1562 bytes]","args":[{"selector":{"id":"executeRevertPlanningBtn","viewName":"etm.portal.ui.managecontracts.view.Detail","interaction":{"idSuffix":"BDI-content"}},"wdio_ui5_key":"executeRevertPlanningBtnetmportal.ui.managecontracts.view.Detail"}]}
RESULT: undefined
COMMAND: POST /session/7a77e4e78ab7f053ff1399b1683134e1/element - {"using":"xpath","value":"//*[@id=\"__xmlview1--executeRevertPlanningBtn\"]"}
RESULT: {"using":"xpath","value":"//*[@id=\"__xmlview1--executeRevertPlanningBtn\"]"}
COMMAND: POST /session/7a77e4e78ab7f053ff1399b1683134e1/element/f.F34A9C30008BD60ECF93DB5E8BBA230A.d.F923905E3FBD444BD3DDE43117F2060A.e.6386/click - {}
RESULT: {}
COMMAND: GET /session/7a77e4e78ab7f053ff1399b1683134e1/screenshot - {}
RESULT: {}
COMMAND: POST /session/7a77e4e78ab7f053ff1399b1683134e1/actions - {"actions":[{"id":"action46","type":"key","parameters":{},"actions":[{"type":"keyDown","value":"î€‡"},{"type":"pause","duration":10},{"type":"keyUp","value":"î€‡"}]}]}
RESULT: {"actions":[{"id":"action46","type":"key","parameters":{},"actions":[{"type":"keyDown","value":"î€‡"},{"type":"pause","duration":10},{"type":"keyUp","value":"î€‡"}]}]}
COMMAND: POST /session/7a77e4e78ab7f053ff1399b1683134e1/execute/async - {"script":"<script> [1562 bytes]","args":[{"selector":{"id":"backBtn"},"wdio_ui5_key":"backBtn"}]}
COMMAND: GET /session/7a77e4e78ab7f053ff1399b1683134e1/screenshot - {}
RESULT: {"script":"<script> [1562 bytes]","args":[{"selector":{"id":"backBtn"},"wdio_ui5_key":"backBtn"}]}
RESULT: undefined
COMMAND: POST /session/7a77e4e78ab7f053ff1399b1683134e1/element - {"using":"xpath","value":"//*[@id=\"backBtn\"]"}
RESULT: {}
RESULT: {"using":"xpath","value":"//*[@id=\"backBtn\"]"}
COMMAND: POST /session/7a77e4e78ab7f053ff1399b1683134e1/element/f.F34A9C30008BD60ECF93DB5E8BBA230A.d.F923905E3FBD444BD3DDE43117F2060A.e.6399/click - {}
RESULT: {}
COMMAND: GET /session/7a77e4e78ab7f053ff1399b1683134e1/screenshot - {}
RESULT: {}
COMMAND: POST /session/7a77e4e78ab7f053ff1399b1683134e1/refresh - {}
RESULT: {}
COMMAND: GET /session/7a77e4e78ab7f053ff1399b1683134e1/screenshot - {}
RESULT: {}
COMMAND: POST /session/7a77e4e78ab7f053ff1399b1683134e1/execute/async - {"script":"<script> [189 bytes]","args":[]}
RESULT: {"script":"<script> [189 bytes]","args":[]}
COMMAND: POST /session/7a77e4e78ab7f053ff1399b1683134e1/execute/async - {"script":"<script> [123 bytes]","args":[]}
RESULT: {"script":"<script> [123 bytes]","args":[]}
COMMAND: POST /session/7a77e4e78ab7f053ff1399b1683134e1/timeouts - {"script":"<number>"}
RESULT: {"script":"<number>"}
COMMAND: GET /session/7a77e4e78ab7f053ff1399b1683134e1/timeouts - {}
RESULT: {}
RESULT: undefined
COMMAND: POST /session/7a77e4e78ab7f053ff1399b1683134e1/execute/async - {"script":"<script> [2676 bytes]","args":[]}
RESULT: {"script":"<script> [2676 bytes]","args":[]}
COMMAND: POST /session/7a77e4e78ab7f053ff1399b1683134e1/execute/async - {"script":"<script> [2342 bytes]","args":[{"protocol":"http","hostname":"0.0.0.0","path":"/","capabilities":{"browserName":"chrome","goog:chromeOptions":{"binary":"C:\\Program Files\\Google\\Chrome\\Application\\chrome.exe","args":["--start-maximized"]}},"logLevel":"warn","connectionRetryTimeout":120000,"connectionRetryCount":3,"logLevels":{},"enableDirectConnect":true,"strictSSL":true,"_":"65 more keys: [\"cacheDir\",\"port\",\"requestedCapabilities\",\"automationProtocol\",\"baseUrl\",\"waitforInterval\",\"waitforTimeout\",\"onReload\",\"beforeCommand\",\"afterCommand\",\"rootDir\",\"specs\",\"suites\",\"exclude\",\"groupLogsByTestSpec\",\"excludeDriverLogs\",\"bail\",\"framework\",\"reporters\",\"services\",\"maxInstances\",\"maxInstancesPerCapability\",\"injectGlobals\",\"filesToWatch\",\"execArgv\",\"runnerEnv\",\"runner\",\"shard\",\"specFileRetries\",\"specFileRetriesDelay\",\"specFileRetriesDeferred\",\"reporterSyncInterval\",\"reporterSyncTimeout\",\"cucumberFeaturesWithLineNumbers\",\"autoCompileOpts\",\"mochaOpts\",\"jasmineOpts\",\"cucumberOpts\",\"onPrepare\",\"onWorkerStart\",\"onWorkerEnd\",\"before\",\"beforeSession\",\"beforeSuite\",\"beforeHook\",\"beforeTest\",\"afterTest\",\"afterHook\",\"afterSuite\",\"afterSession\",\"after\",\"onComplete\",\"beforeAssertion\",\"afterAssertion\",\"beforeFeature\",\"beforeScenario\",\"beforeStep\",\"afterStep\",\"afterScenario\",\"afterFeature\",\"_\",\"suite\",\"$0\",\"ignoredWorkerServices\",\"wdi5\"]"}]}
RESULT: {"script":"<script> [2342 bytes]","args":[{"protocol":"http","hostname":"0.0.0.0","path":"/","capabilities":{"browserName":"chrome","goog:chromeOptions":{"binary":"C:\\Program Files\\Google\\Chrome\\Application\\chrome.exe","args":["--start-maximized"]}},"logLevel":"warn","connectionRetryTimeout":120000,"connectionRetryCount":3,"logLevels":{},"enableDirectConnect":true,"strictSSL":true,"_":"65 more keys: [\"cacheDir\",\"port\",\"requestedCapabilities\",\"automationProtocol\",\"baseUrl\",\"waitforInterval\",\"waitforTimeout\",\"onReload\",\"beforeCommand\",\"afterCommand\",\"rootDir\",\"specs\",\"suites\",\"exclude\",\"groupLogsByTestSpec\",\"excludeDriverLogs\",\"bail\",\"framework\",\"reporters\",\"services\",\"maxInstances\",\"maxInstancesPerCapability\",\"injectGlobals\",\"filesToWatch\",\"execArgv\",\"runnerEnv\",\"runner\",\"shard\",\"specFileRetries\",\"specFileRetriesDelay\",\"specFileRetriesDeferred\",\"reporterSyncInterval\",\"reporterSyncTimeout\",\"cucumberFeaturesWithLineNumbers\",\"autoCompileOpts\",\"mochaOpts\",\"jasmineOpts\",\"cucumberOpts\",\"onPrepare\",\"onWorkerStart\",\"onWorkerEnd\",\"before\",\"beforeSession\",\"beforeSuite\",\"beforeHook\",\"beforeTest\",\"afterTest\",\"afterHook\",\"afterSuite\",\"afterSession\",\"after\",\"onComplete\",\"beforeAssertion\",\"afterAssertion\",\"beforeFeature\",\"beforeScenario\",\"beforeStep\",\"afterStep\",\"afterScenario\",\"afterFeature\",\"_\",\"suite\",\"$0\",\"ignoredWorkerServices\",\"wdi5\"]"}]}
COMMAND: POST /session/7a77e4e78ab7f053ff1399b1683134e1/execute/async - {"script":"<script> [21126 bytes]","args":[35000]}
RESULT: {"script":"<script> [21126 bytes]","args":[35000]}
COMMAND: POST /session/7a77e4e78ab7f053ff1399b1683134e1/execute/async - {"script":"<script> [1562 bytes]","args":[{"selector":{"controlType":"sap.m.ObjectStatus","viewName":"etm.portal.ui.managerequests.view.Detail","bindingPath":{"path":"/RequestHeaders('20129')","propertyPath":"LINK_TO_STATUS/DESCRIPTION","modelName":"catalogModel"}},"wdio_ui5_key":"etmportal.ui.managerequests.view.Detailsap.m.ObjectStatus{\"path\":\"/RequestHeaders('20129')\",\"propertyPath\":\"LINK_TO_STATUS/DESCRIPTION\",\"modelName\":\"catalogModel\"}"}]}
RESULT: {"script":"<script> [1562 bytes]","args":[{"selector":{"controlType":"sap.m.ObjectStatus","viewName":"etm.portal.ui.managerequests.view.Detail","bindingPath":{"path":"/RequestHeaders('20129')","propertyPath":"LINK_TO_STATUS/DESCRIPTION","modelName":"catalogModel"}},"wdio_ui5_key":"etmportal.ui.managerequests.view.Detailsap.m.ObjectStatus{\"path\":\"/RequestHeaders('20129')\",\"propertyPath\":\"LINK_TO_STATUS/DESCRIPTION\",\"modelName\":\"catalogModel\"}"}]}
RESULT: undefined
COMMAND: POST /session/7a77e4e78ab7f053ff1399b1683134e1/execute/async - {"script":"<script> [6424 bytes]","args":[{"element-6066-11e4-a52e-4f735466cecf":"f.F34A9C30008BD60ECF93DB5E8BBA230A.d.2D3BCCB923FB2CB1E9048363DD0FC151.e.6697"},"getText",[]]}
RESULT: {"script":"<script> [6424 bytes]","args":[{"element-6066-11e4-a52e-4f735466cecf":"f.F34A9C30008BD60ECF93DB5E8BBA230A.d.2D3BCCB923FB2CB1E9048363DD0FC151.e.6697"},"getText",[]]}
COMMAND: POST /session/7a77e4e78ab7f053ff1399b1683134e1/execute/async - {"script":"<script> [1562 bytes]","args":[{"selector":{"controlType":"sap.m.Button","viewName":"etm.portal.ui.managerequests.view.Detail","bindingPath":{"path":"/SmartRequestItemsPlanningBoard(ITEM=10m,REQUEST='20129')","propertyPath":"PICK_UP"}},"wdio_ui5_key":"etmportal.ui.managerequests.view.Detailsap.m.Button{\"path\":\"/SmartRequestItemsPlanningBoard(ITEM=10m,REQUEST='20129')\",\"propertyPath\":\"PICK_UP\"}"}]}
RESULT: {"script":"<script> [1562 bytes]","args":[{"selector":{"controlType":"sap.m.Button","viewName":"etm.portal.ui.managerequests.view.Detail","bindingPath":{"path":"/SmartRequestItemsPlanningBoard(ITEM=10m,REQUEST='20129')","propertyPath":"PICK_UP"}},"wdio_ui5_key":"etmportal.ui.managerequests.view.Detailsap.m.Button{\"path\":\"/SmartRequestItemsPlanningBoard(ITEM=10m,REQUEST='20129')\",\"propertyPath\":\"PICK_UP\"}"}]}
RESULT: undefined
COMMAND: POST /session/7a77e4e78ab7f053ff1399b1683134e1/execute/async - {"script":"<script> [6424 bytes]","args":[{"element-6066-11e4-a52e-4f735466cecf":"f.F34A9C30008BD60ECF93DB5E8BBA230A.d.2D3BCCB923FB2CB1E9048363DD0FC151.e.6683"},"getType",[]]}
RESULT: {"script":"<script> [6424 bytes]","args":[{"element-6066-11e4-a52e-4f735466cecf":"f.F34A9C30008BD60ECF93DB5E8BBA230A.d.2D3BCCB923FB2CB1E9048363DD0FC151.e.6683"},"getType",[]]}
COMMAND: POST /session/7a77e4e78ab7f053ff1399b1683134e1/execute/async - {"script":"<script> [1562 bytes]","args":[{"selector":{"controlType":"sap.m.Button","viewName":"etm.portal.ui.managerequests.view.Detail","bindingPath":{"path":"/SmartRequestItemsPlanningBoard(ITEM=20m,REQUEST='20129')","propertyPath":"PICK_UP"}},"wdio_ui5_key":"etmportal.ui.managerequests.view.Detailsap.m.Button{\"path\":\"/SmartRequestItemsPlanningBoard(ITEM=20m,REQUEST='20129')\",\"propertyPath\":\"PICK_UP\"}"}]}
RESULT: {"script":"<script> [1562 bytes]","args":[{"selector":{"controlType":"sap.m.Button","viewName":"etm.portal.ui.managerequests.view.Detail","bindingPath":{"path":"/SmartRequestItemsPlanningBoard(ITEM=20m,REQUEST='20129')","propertyPath":"PICK_UP"}},"wdio_ui5_key":"etmportal.ui.managerequests.view.Detailsap.m.Button{\"path\":\"/SmartRequestItemsPlanningBoard(ITEM=20m,REQUEST='20129')\",\"propertyPath\":\"PICK_UP\"}"}]}
RESULT: undefined
COMMAND: POST /session/7a77e4e78ab7f053ff1399b1683134e1/execute/async - {"script":"<script> [6424 bytes]","args":[{"element-6066-11e4-a52e-4f735466cecf":"f.F34A9C30008BD60ECF93DB5E8BBA230A.d.2D3BCCB923FB2CB1E9048363DD0FC151.e.6698"},"getType",[]]}
RESULT: {"script":"<script> [6424 bytes]","args":[{"element-6066-11e4-a52e-4f735466cecf":"f.F34A9C30008BD60ECF93DB5E8BBA230A.d.2D3BCCB923FB2CB1E9048363DD0FC151.e.6698"},"getType",[]]}
COMMAND: POST /session/7a77e4e78ab7f053ff1399b1683134e1/element - {"using":"css selector","value":"#shell-header-logo"}
RESULT: {"using":"css selector","value":"#shell-header-logo"}
COMMAND: POST /session/7a77e4e78ab7f053ff1399b1683134e1/element/f.F34A9C30008BD60ECF93DB5E8BBA230A.d.2D3BCCB923FB2CB1E9048363DD0FC151.e.6494/click - {}
RESULT: {}
COMMAND: GET /session/7a77e4e78ab7f053ff1399b1683134e1/screenshot - {}
RESULT: {}
COMMAND: POST /session/7a77e4e78ab7f053ff1399b1683134e1/execute/async - {"script":"<script> [1562 bytes]","args":[{"selector":{"controlType":"sap.m.GenericTile","properties":{"header":"Manage Classifications"}},"wdio_ui5_key":"sapm.GenericTile{\"header\":\"Manage Classifications\"}"}]}
RESULT: {"script":"<script> [1562 bytes]","args":[{"selector":{"controlType":"sap.m.GenericTile","properties":{"header":"Manage Classifications"}},"wdio_ui5_key":"sapm.GenericTile{\"header\":\"Manage Classifications\"}"}]}
RESULT: undefined
COMMAND: POST /session/7a77e4e78ab7f053ff1399b1683134e1/element - {"using":"xpath","value":"//*[@id=\"__tile115\"]"}
RESULT: {"using":"xpath","value":"//*[@id=\"__tile115\"]"}
COMMAND: POST /session/7a77e4e78ab7f053ff1399b1683134e1/element/f.F34A9C30008BD60ECF93DB5E8BBA230A.d.2D3BCCB923FB2CB1E9048363DD0FC151.e.6718/click - {}
RESULT: {}
COMMAND: GET /session/7a77e4e78ab7f053ff1399b1683134e1/screenshot - {}
RESULT: {}
COMMAND: POST /session/7a77e4e78ab7f053ff1399b1683134e1/elements - {"using":"xpath","value":"//span[text()='Error']"}
RESULT: {"using":"xpath","value":"//span[text()='Error']"}
]]></system-out>
    </testcase>
  </testsuite>
  <testsuite timestamp="2025-05-16T15:59:38" time="391.047" tests="4" failures="0" errors="0" skipped="0">
    <properties>
      <property name="specId" value="0" />
      <property name="suiteName" value="Manage requests - requests specifications US141095" />
      <property name="capabilities" value="chrome.136_0_7103_93.windows" />
      <property name="file" value="file:///D:/a/1/s/test/specs/R2C/manage-requests-request-specifications.spec.js" />
    </properties>
    <testcase classname="chrome.136_0_7103_93.windows.Manage_requests_-_requests_specifications_US141095" name="Should create a new classification of type request item" time="40.176">
      <system-out><![CDATA[
COMMAND: POST /session/7a77e4e78ab7f053ff1399b1683134e1/execute/async - {"script":"<script> [1562 bytes]","args":[{"selector":{"controlType":"sap.ui.core.Icon","viewName":"etm.portal.ui.manageclassifications.view.Master","viewId":"application-manageclassifications-display-component---classificationMaster","properties":{"src":{"regex":{"source":"add"}}}},"wdio_ui5_key":"etmportal.ui.manageclassifications.view.Mastersap.ui.core.Icon{\"src\":{\"regex\":{\"source\":\"add\"}}}"}]}
RESULT: {"script":"<script> [1562 bytes]","args":[{"selector":{"controlType":"sap.ui.core.Icon","viewName":"etm.portal.ui.manageclassifications.view.Master","viewId":"application-manageclassifications-display-component---classificationMaster","properties":{"src":{"regex":{"source":"add"}}}},"wdio_ui5_key":"etmportal.ui.manageclassifications.view.Mastersap.ui.core.Icon{\"src\":{\"regex\":{\"source\":\"add\"}}}"}]}
RESULT: undefined
COMMAND: POST /session/7a77e4e78ab7f053ff1399b1683134e1/element - {"using":"xpath","value":"//*[@id=\"__button25-img\"]"}
RESULT: {"using":"xpath","value":"//*[@id=\"__button25-img\"]"}
COMMAND: POST /session/7a77e4e78ab7f053ff1399b1683134e1/element/f.F34A9C30008BD60ECF93DB5E8BBA230A.d.2D3BCCB923FB2CB1E9048363DD0FC151.e.6758/click - {}
RESULT: {}
COMMAND: POST /session/7a77e4e78ab7f053ff1399b1683134e1/execute/async - {"script":"<script> [1562 bytes]","args":[{"selector":{"id":"application-manageclassifications-display-component---classificationCreate--classHeaderName","interaction":{"idSuffix":"inner"}},"wdio_ui5_key":"applicationmanageclassifications-display-component---classificationCreate--classHeaderName"}]}
COMMAND: GET /session/7a77e4e78ab7f053ff1399b1683134e1/screenshot - {}
RESULT: {"script":"<script> [1562 bytes]","args":[{"selector":{"id":"application-manageclassifications-display-component---classificationCreate--classHeaderName","interaction":{"idSuffix":"inner"}},"wdio_ui5_key":"applicationmanageclassifications-display-component---classificationCreate--classHeaderName"}]}
RESULT: undefined
COMMAND: POST /session/7a77e4e78ab7f053ff1399b1683134e1/execute/async - {"script":"<script> [776 bytes]","args":[{"enterText":"WebdriverItemClass5eabq","selector":{"id":"application-manageclassifications-display-component---classificationCreate--classHeaderName","interaction":{"idSuffix":"inner"}},"clearTextFirst":true,"interactionType":"ENTER_TEXT"}]}
RESULT: {}
RESULT: {"script":"<script> [776 bytes]","args":[{"enterText":"WebdriverItemClass5eabq","selector":{"id":"application-manageclassifications-display-component---classificationCreate--classHeaderName","interaction":{"idSuffix":"inner"}},"clearTextFirst":true,"interactionType":"ENTER_TEXT"}]}
COMMAND: POST /session/7a77e4e78ab7f053ff1399b1683134e1/execute/async - {"script":"<script> [1562 bytes]","args":[{"selector":{"controlType":"sap.ui.core.Icon","viewName":"etm.portal.ui.manageclassifications.view.Create","viewId":"application-manageclassifications-display-component---classificationCreate","properties":{"src":{"regex":{"source":"slim\\-arrow\\-down"}}}},"wdio_ui5_key":"etmportal.ui.manageclassifications.view.Createsap.ui.core.Icon{\"src\":{\"regex\":{\"source\":\"slim\\\\-arrow\\\\-down\"}}}"}]}
RESULT: {"script":"<script> [1562 bytes]","args":[{"selector":{"controlType":"sap.ui.core.Icon","viewName":"etm.portal.ui.manageclassifications.view.Create","viewId":"application-manageclassifications-display-component---classificationCreate","properties":{"src":{"regex":{"source":"slim\\-arrow\\-down"}}}},"wdio_ui5_key":"etmportal.ui.manageclassifications.view.Createsap.ui.core.Icon{\"src\":{\"regex\":{\"source\":\"slim\\\\-arrow\\\\-down\"}}}"}]}
RESULT: undefined
COMMAND: POST /session/7a77e4e78ab7f053ff1399b1683134e1/element - {"using":"xpath","value":"//*[@id=\"__box12-arrow\"]"}
RESULT: {"using":"xpath","value":"//*[@id=\"__box12-arrow\"]"}
COMMAND: POST /session/7a77e4e78ab7f053ff1399b1683134e1/element/f.F34A9C30008BD60ECF93DB5E8BBA230A.d.2D3BCCB923FB2CB1E9048363DD0FC151.e.7218/click - {}
RESULT: {}
COMMAND: POST /session/7a77e4e78ab7f053ff1399b1683134e1/execute/async - {"script":"<script> [1562 bytes]","args":[{"selector":{"controlType":"sap.m.StandardListItem","viewName":"etm.portal.ui.manageclassifications.view.Create","viewId":"application-manageclassifications-display-component---classificationCreate","properties":{"title":"Request Item Specifications"},"searchOpenDialogs":true,"interaction":{"idSuffix":"titleText"}},"wdio_ui5_key":"etmportal.ui.manageclassifications.view.Createsap.m.StandardListItem{\"title\":\"Request Item Specifications\"}"}]}
COMMAND: GET /session/7a77e4e78ab7f053ff1399b1683134e1/screenshot - {}
RESULT: {"script":"<script> [1562 bytes]","args":[{"selector":{"controlType":"sap.m.StandardListItem","viewName":"etm.portal.ui.manageclassifications.view.Create","viewId":"application-manageclassifications-display-component---classificationCreate","properties":{"title":"Request Item Specifications"},"searchOpenDialogs":true,"interaction":{"idSuffix":"titleText"}},"wdio_ui5_key":"etmportal.ui.manageclassifications.view.Createsap.m.StandardListItem{\"title\":\"Request Item Specifications\"}"}]}
RESULT: undefined
COMMAND: POST /session/7a77e4e78ab7f053ff1399b1683134e1/element - {"using":"xpath","value":"//*[@id=\"__item82\"]"}
RESULT: {}
RESULT: {"using":"xpath","value":"//*[@id=\"__item82\"]"}
COMMAND: POST /session/7a77e4e78ab7f053ff1399b1683134e1/element/f.F34A9C30008BD60ECF93DB5E8BBA230A.d.2D3BCCB923FB2CB1E9048363DD0FC151.e.7257/click - {}
RESULT: {}
COMMAND: POST /session/7a77e4e78ab7f053ff1399b1683134e1/execute/async - {"script":"<script> [1562 bytes]","args":[{"selector":{"controlType":"sap.ui.core.Icon","viewName":"etm.portal.ui.manageclassifications.view.Create","viewId":"application-manageclassifications-display-component---classificationCreate","properties":{"src":{"regex":{"source":"add"}}}},"wdio_ui5_key":"etmportal.ui.manageclassifications.view.Createsap.ui.core.Icon{\"src\":{\"regex\":{\"source\":\"add\"}}}"}]}
COMMAND: GET /session/7a77e4e78ab7f053ff1399b1683134e1/screenshot - {}
RESULT: {"script":"<script> [1562 bytes]","args":[{"selector":{"controlType":"sap.ui.core.Icon","viewName":"etm.portal.ui.manageclassifications.view.Create","viewId":"application-manageclassifications-display-component---classificationCreate","properties":{"src":{"regex":{"source":"add"}}}},"wdio_ui5_key":"etmportal.ui.manageclassifications.view.Createsap.ui.core.Icon{\"src\":{\"regex\":{\"source\":\"add\"}}}"}]}
RESULT: undefined
COMMAND: POST /session/7a77e4e78ab7f053ff1399b1683134e1/element - {"using":"xpath","value":"//*[@id=\"__button30-img\"]"}
RESULT: {}
RESULT: {"using":"xpath","value":"//*[@id=\"__button30-img\"]"}
COMMAND: POST /session/7a77e4e78ab7f053ff1399b1683134e1/element/f.F34A9C30008BD60ECF93DB5E8BBA230A.d.2D3BCCB923FB2CB1E9048363DD0FC151.e.7221/click - {}
RESULT: {}
COMMAND: POST /session/7a77e4e78ab7f053ff1399b1683134e1/execute/async - {"script":"<script> [1562 bytes]","args":[{"selector":{"controlType":"sap.m.Input","viewName":"etm.portal.ui.manageclassifications.view.Create","viewId":"application-manageclassifications-display-component---classificationCreate","bindingPath":{"path":"/0","propertyPath":"PROPERTY","modelName":"newConfigModel"},"interaction":{"idSuffix":"inner"}},"wdio_ui5_key":"etmportal.ui.manageclassifications.view.Createsap.m.Input{\"path\":\"/0\",\"propertyPath\":\"PROPERTY\",\"modelName\":\"newConfigModel\"}"}]}
COMMAND: GET /session/7a77e4e78ab7f053ff1399b1683134e1/screenshot - {}
RESULT: {"script":"<script> [1562 bytes]","args":[{"selector":{"controlType":"sap.m.Input","viewName":"etm.portal.ui.manageclassifications.view.Create","viewId":"application-manageclassifications-display-component---classificationCreate","bindingPath":{"path":"/0","propertyPath":"PROPERTY","modelName":"newConfigModel"},"interaction":{"idSuffix":"inner"}},"wdio_ui5_key":"etmportal.ui.manageclassifications.view.Createsap.m.Input{\"path\":\"/0\",\"propertyPath\":\"PROPERTY\",\"modelName\":\"newConfigModel\"}"}]}
RESULT: undefined
COMMAND: POST /session/7a77e4e78ab7f053ff1399b1683134e1/execute/async - {"script":"<script> [776 bytes]","args":[{"enterText":"Color","selector":{"controlType":"sap.m.Input","viewName":"etm.portal.ui.manageclassifications.view.Create","viewId":"application-manageclassifications-display-component---classificationCreate","bindingPath":{"path":"/0","propertyPath":"PROPERTY","modelName":"newConfigModel"},"interaction":{"idSuffix":"inner"}},"clearTextFirst":true,"interactionType":"ENTER_TEXT"}]}
RESULT: {}
RESULT: {"script":"<script> [776 bytes]","args":[{"enterText":"Color","selector":{"controlType":"sap.m.Input","viewName":"etm.portal.ui.manageclassifications.view.Create","viewId":"application-manageclassifications-display-component---classificationCreate","bindingPath":{"path":"/0","propertyPath":"PROPERTY","modelName":"newConfigModel"},"interaction":{"idSuffix":"inner"}},"clearTextFirst":true,"interactionType":"ENTER_TEXT"}]}
COMMAND: POST /session/7a77e4e78ab7f053ff1399b1683134e1/execute/async - {"script":"<script> [1562 bytes]","args":[{"selector":{"controlType":"sap.m.Input","viewName":"etm.portal.ui.manageclassifications.view.Create","viewId":"application-manageclassifications-display-component---classificationCreate","bindingPath":{"path":"/0","propertyPath":"DESCRIPTION","modelName":"newConfigModel"},"interaction":{"idSuffix":"inner"}},"wdio_ui5_key":"etmportal.ui.manageclassifications.view.Createsap.m.Input{\"path\":\"/0\",\"propertyPath\":\"DESCRIPTION\",\"modelName\":\"newConfigModel\"}"}]}
RESULT: {"script":"<script> [1562 bytes]","args":[{"selector":{"controlType":"sap.m.Input","viewName":"etm.portal.ui.manageclassifications.view.Create","viewId":"application-manageclassifications-display-component---classificationCreate","bindingPath":{"path":"/0","propertyPath":"DESCRIPTION","modelName":"newConfigModel"},"interaction":{"idSuffix":"inner"}},"wdio_ui5_key":"etmportal.ui.manageclassifications.view.Createsap.m.Input{\"path\":\"/0\",\"propertyPath\":\"DESCRIPTION\",\"modelName\":\"newConfigModel\"}"}]}
RESULT: undefined
COMMAND: POST /session/7a77e4e78ab7f053ff1399b1683134e1/execute/async - {"script":"<script> [776 bytes]","args":[{"enterText":"Color","selector":{"controlType":"sap.m.Input","viewName":"etm.portal.ui.manageclassifications.view.Create","viewId":"application-manageclassifications-display-component---classificationCreate","bindingPath":{"path":"/0","propertyPath":"DESCRIPTION","modelName":"newConfigModel"},"interaction":{"idSuffix":"inner"}},"clearTextFirst":true,"interactionType":"ENTER_TEXT"}]}
RESULT: {"script":"<script> [776 bytes]","args":[{"enterText":"Color","selector":{"controlType":"sap.m.Input","viewName":"etm.portal.ui.manageclassifications.view.Create","viewId":"application-manageclassifications-display-component---classificationCreate","bindingPath":{"path":"/0","propertyPath":"DESCRIPTION","modelName":"newConfigModel"},"interaction":{"idSuffix":"inner"}},"clearTextFirst":true,"interactionType":"ENTER_TEXT"}]}
COMMAND: POST /session/7a77e4e78ab7f053ff1399b1683134e1/execute/async - {"script":"<script> [1562 bytes]","args":[{"selector":{"controlType":"sap.ui.core.Icon","viewName":"etm.portal.ui.manageclassifications.view.Create","viewId":"application-manageclassifications-display-component---classificationCreate","properties":{"src":{"regex":{"source":"slim\\-arrow\\-down"}}},"ancestor":{"controlType":"sap.m.ComboBox","viewName":"etm.portal.ui.manageclassifications.view.Create","viewId":"application-manageclassifications-display-component---classificationCreate","bindingPath":{"path":"/0","propertyPath":"VALUE_TYPE","modelName":"newConfigModel"}}},"wdio_ui5_key":"etmportal.ui.manageclassifications.view.Createsap.ui.core.Icon{\"src\":{\"regex\":{\"source\":\"slim\\\\-arrow\\\\-down\"}}}{\"controlType\":\"sap.m.ComboBox\",\"viewName\":\"etm.portal.ui.manageclassifications.view.Create\",\"viewId\":\"application-manageclassifications-display-component---classificationCreate\",\"bindingPath\":{\"path\":\"/0\",\"propertyPath\":\"VALUE_TYPE\",\"modelName\":\"newConfigModel\"}}"}]}
RESULT: {"script":"<script> [1562 bytes]","args":[{"selector":{"controlType":"sap.ui.core.Icon","viewName":"etm.portal.ui.manageclassifications.view.Create","viewId":"application-manageclassifications-display-component---classificationCreate","properties":{"src":{"regex":{"source":"slim\\-arrow\\-down"}}},"ancestor":{"controlType":"sap.m.ComboBox","viewName":"etm.portal.ui.manageclassifications.view.Create","viewId":"application-manageclassifications-display-component---classificationCreate","bindingPath":{"path":"/0","propertyPath":"VALUE_TYPE","modelName":"newConfigModel"}}},"wdio_ui5_key":"etmportal.ui.manageclassifications.view.Createsap.ui.core.Icon{\"src\":{\"regex\":{\"source\":\"slim\\\\-arrow\\\\-down\"}}}{\"controlType\":\"sap.m.ComboBox\",\"viewName\":\"etm.portal.ui.manageclassifications.view.Create\",\"viewId\":\"application-manageclassifications-display-component---classificationCreate\",\"bindingPath\":{\"path\":\"/0\",\"propertyPath\":\"VALUE_TYPE\",\"modelName\":\"newConfigModel\"}}"}]}
RESULT: undefined
COMMAND: POST /session/7a77e4e78ab7f053ff1399b1683134e1/element - {"using":"xpath","value":"//*[@id=\"__box13-application-manageclassifications-display-component---classificationCreate--configurationList-0-arrow\"]"}
RESULT: {"using":"xpath","value":"//*[@id=\"__box13-application-manageclassifications-display-component---classificationCreate--configurationList-0-arrow\"]"}
COMMAND: POST /session/7a77e4e78ab7f053ff1399b1683134e1/element/f.F34A9C30008BD60ECF93DB5E8BBA230A.d.2D3BCCB923FB2CB1E9048363DD0FC151.e.7266/click - {}
RESULT: {}
COMMAND: POST /session/7a77e4e78ab7f053ff1399b1683134e1/execute/async - {"script":"<script> [1562 bytes]","args":[{"selector":{"controlType":"sap.m.StandardListItem","viewName":"etm.portal.ui.manageclassifications.view.Create","viewId":"application-manageclassifications-display-component---classificationCreate","properties":{"title":"Dropdown"},"searchOpenDialogs":true,"interaction":{"idSuffix":"titleText"}},"wdio_ui5_key":"etmportal.ui.manageclassifications.view.Createsap.m.StandardListItem{\"title\":\"Dropdown\"}"}]}
COMMAND: GET /session/7a77e4e78ab7f053ff1399b1683134e1/screenshot - {}
RESULT: {"script":"<script> [1562 bytes]","args":[{"selector":{"controlType":"sap.m.StandardListItem","viewName":"etm.portal.ui.manageclassifications.view.Create","viewId":"application-manageclassifications-display-component---classificationCreate","properties":{"title":"Dropdown"},"searchOpenDialogs":true,"interaction":{"idSuffix":"titleText"}},"wdio_ui5_key":"etmportal.ui.manageclassifications.view.Createsap.m.StandardListItem{\"title\":\"Dropdown\"}"}]}
RESULT: undefined
COMMAND: POST /session/7a77e4e78ab7f053ff1399b1683134e1/element - {"using":"xpath","value":"//*[@id=\"__item90\"]"}
RESULT: {}
RESULT: {"using":"xpath","value":"//*[@id=\"__item90\"]"}
COMMAND: POST /session/7a77e4e78ab7f053ff1399b1683134e1/element/f.F34A9C30008BD60ECF93DB5E8BBA230A.d.2D3BCCB923FB2CB1E9048363DD0FC151.e.7268/click - {}
RESULT: {}
COMMAND: POST /session/7a77e4e78ab7f053ff1399b1683134e1/execute/async - {"script":"<script> [1562 bytes]","args":[{"selector":{"controlType":"sap.ui.core.Icon","viewName":"etm.portal.ui.manageclassifications.view.Create","viewId":"application-manageclassifications-display-component---classificationCreate","properties":{"src":{"regex":{"source":"crm\\-service\\-manager"}}}},"wdio_ui5_key":"etmportal.ui.manageclassifications.view.Createsap.ui.core.Icon{\"src\":{\"regex\":{\"source\":\"crm\\\\-service\\\\-manager\"}}}"}]}
COMMAND: GET /session/7a77e4e78ab7f053ff1399b1683134e1/screenshot - {}
RESULT: {"script":"<script> [1562 bytes]","args":[{"selector":{"controlType":"sap.ui.core.Icon","viewName":"etm.portal.ui.manageclassifications.view.Create","viewId":"application-manageclassifications-display-component---classificationCreate","properties":{"src":{"regex":{"source":"crm\\-service\\-manager"}}}},"wdio_ui5_key":"etmportal.ui.manageclassifications.view.Createsap.ui.core.Icon{\"src\":{\"regex\":{\"source\":\"crm\\\\-service\\\\-manager\"}}}"}]}
RESULT: undefined
COMMAND: POST /session/7a77e4e78ab7f053ff1399b1683134e1/element - {"using":"xpath","value":"//*[@id=\"__button32-application-manageclassifications-display-component---classificationCreate--configurationList-0-img\"]"}
RESULT: {}
RESULT: {"using":"xpath","value":"//*[@id=\"__button32-application-manageclassifications-display-component---classificationCreate--configurationList-0-img\"]"}
COMMAND: POST /session/7a77e4e78ab7f053ff1399b1683134e1/element/f.F34A9C30008BD60ECF93DB5E8BBA230A.d.2D3BCCB923FB2CB1E9048363DD0FC151.e.7270/click - {}
RESULT: {}
COMMAND: POST /session/7a77e4e78ab7f053ff1399b1683134e1/element - {"using":"xpath","value":"//button[@title=\"Add additional value\"]"}
COMMAND: GET /session/7a77e4e78ab7f053ff1399b1683134e1/screenshot - {}
RESULT: {"using":"xpath","value":"//button[@title=\"Add additional value\"]"}
COMMAND: POST /session/7a77e4e78ab7f053ff1399b1683134e1/element/f.F34A9C30008BD60ECF93DB5E8BBA230A.d.2D3BCCB923FB2CB1E9048363DD0FC151.e.7271/click - {}
RESULT: {}
RESULT: {}
COMMAND: POST /session/7a77e4e78ab7f053ff1399b1683134e1/execute/async - {"script":"<script> [1562 bytes]","args":[{"selector":{"controlType":"sap.m.Input","viewName":"etm.portal.ui.manageclassifications.view.Create","viewId":"application-manageclassifications-display-component---classificationCreate","bindingPath":{"path":"/VALUES/0","propertyPath":"VALUE","modelName":"dropdownValuesModel"},"searchOpenDialogs":true,"interaction":{"idSuffix":"inner"}},"wdio_ui5_key":"etmportal.ui.manageclassifications.view.Createsap.m.Input{\"path\":\"/VALUES/0\",\"propertyPath\":\"VALUE\",\"modelName\":\"dropdownValuesModel\"}"}]}
COMMAND: GET /session/7a77e4e78ab7f053ff1399b1683134e1/screenshot - {}
RESULT: {"script":"<script> [1562 bytes]","args":[{"selector":{"controlType":"sap.m.Input","viewName":"etm.portal.ui.manageclassifications.view.Create","viewId":"application-manageclassifications-display-component---classificationCreate","bindingPath":{"path":"/VALUES/0","propertyPath":"VALUE","modelName":"dropdownValuesModel"},"searchOpenDialogs":true,"interaction":{"idSuffix":"inner"}},"wdio_ui5_key":"etmportal.ui.manageclassifications.view.Createsap.m.Input{\"path\":\"/VALUES/0\",\"propertyPath\":\"VALUE\",\"modelName\":\"dropdownValuesModel\"}"}]}
RESULT: undefined
COMMAND: POST /session/7a77e4e78ab7f053ff1399b1683134e1/execute/async - {"script":"<script> [776 bytes]","args":[{"enterText":"1","selector":{"controlType":"sap.m.Input","viewName":"etm.portal.ui.manageclassifications.view.Create","viewId":"application-manageclassifications-display-component---classificationCreate","bindingPath":{"path":"/VALUES/0","propertyPath":"VALUE","modelName":"dropdownValuesModel"},"searchOpenDialogs":true,"interaction":{"idSuffix":"inner"}},"clearTextFirst":true,"interactionType":"ENTER_TEXT"}]}
RESULT: {}
RESULT: {"script":"<script> [776 bytes]","args":[{"enterText":"1","selector":{"controlType":"sap.m.Input","viewName":"etm.portal.ui.manageclassifications.view.Create","viewId":"application-manageclassifications-display-component---classificationCreate","bindingPath":{"path":"/VALUES/0","propertyPath":"VALUE","modelName":"dropdownValuesModel"},"searchOpenDialogs":true,"interaction":{"idSuffix":"inner"}},"clearTextFirst":true,"interactionType":"ENTER_TEXT"}]}
COMMAND: POST /session/7a77e4e78ab7f053ff1399b1683134e1/execute/async - {"script":"<script> [1562 bytes]","args":[{"selector":{"controlType":"sap.m.Input","viewName":"etm.portal.ui.manageclassifications.view.Create","viewId":"application-manageclassifications-display-component---classificationCreate","bindingPath":{"path":"/VALUES/0","propertyPath":"TEXT","modelName":"dropdownValuesModel"},"searchOpenDialogs":true,"interaction":{"idSuffix":"inner"}},"wdio_ui5_key":"etmportal.ui.manageclassifications.view.Createsap.m.Input{\"path\":\"/VALUES/0\",\"propertyPath\":\"TEXT\",\"modelName\":\"dropdownValuesModel\"}"}]}
RESULT: {"script":"<script> [1562 bytes]","args":[{"selector":{"controlType":"sap.m.Input","viewName":"etm.portal.ui.manageclassifications.view.Create","viewId":"application-manageclassifications-display-component---classificationCreate","bindingPath":{"path":"/VALUES/0","propertyPath":"TEXT","modelName":"dropdownValuesModel"},"searchOpenDialogs":true,"interaction":{"idSuffix":"inner"}},"wdio_ui5_key":"etmportal.ui.manageclassifications.view.Createsap.m.Input{\"path\":\"/VALUES/0\",\"propertyPath\":\"TEXT\",\"modelName\":\"dropdownValuesModel\"}"}]}
RESULT: undefined
COMMAND: POST /session/7a77e4e78ab7f053ff1399b1683134e1/execute/async - {"script":"<script> [776 bytes]","args":[{"enterText":"blue","selector":{"controlType":"sap.m.Input","viewName":"etm.portal.ui.manageclassifications.view.Create","viewId":"application-manageclassifications-display-component---classificationCreate","bindingPath":{"path":"/VALUES/0","propertyPath":"TEXT","modelName":"dropdownValuesModel"},"searchOpenDialogs":true,"interaction":{"idSuffix":"inner"}},"clearTextFirst":true,"interactionType":"ENTER_TEXT"}]}
RESULT: {"script":"<script> [776 bytes]","args":[{"enterText":"blue","selector":{"controlType":"sap.m.Input","viewName":"etm.portal.ui.manageclassifications.view.Create","viewId":"application-manageclassifications-display-component---classificationCreate","bindingPath":{"path":"/VALUES/0","propertyPath":"TEXT","modelName":"dropdownValuesModel"},"searchOpenDialogs":true,"interaction":{"idSuffix":"inner"}},"clearTextFirst":true,"interactionType":"ENTER_TEXT"}]}
COMMAND: POST /session/7a77e4e78ab7f053ff1399b1683134e1/element - {"using":"xpath","value":"//button[@title=\"Add additional value\"]"}
RESULT: {"using":"xpath","value":"//button[@title=\"Add additional value\"]"}
COMMAND: POST /session/7a77e4e78ab7f053ff1399b1683134e1/element/f.F34A9C30008BD60ECF93DB5E8BBA230A.d.2D3BCCB923FB2CB1E9048363DD0FC151.e.7271/click - {}
RESULT: {}
COMMAND: POST /session/7a77e4e78ab7f053ff1399b1683134e1/execute/async - {"script":"<script> [1562 bytes]","args":[{"selector":{"controlType":"sap.m.Input","viewName":"etm.portal.ui.manageclassifications.view.Create","viewId":"application-manageclassifications-display-component---classificationCreate","bindingPath":{"path":"/VALUES/1","propertyPath":"VALUE","modelName":"dropdownValuesModel"},"searchOpenDialogs":true,"interaction":{"idSuffix":"inner"}},"wdio_ui5_key":"etmportal.ui.manageclassifications.view.Createsap.m.Input{\"path\":\"/VALUES/1\",\"propertyPath\":\"VALUE\",\"modelName\":\"dropdownValuesModel\"}"}]}
COMMAND: GET /session/7a77e4e78ab7f053ff1399b1683134e1/screenshot - {}
RESULT: {"script":"<script> [1562 bytes]","args":[{"selector":{"controlType":"sap.m.Input","viewName":"etm.portal.ui.manageclassifications.view.Create","viewId":"application-manageclassifications-display-component---classificationCreate","bindingPath":{"path":"/VALUES/1","propertyPath":"VALUE","modelName":"dropdownValuesModel"},"searchOpenDialogs":true,"interaction":{"idSuffix":"inner"}},"wdio_ui5_key":"etmportal.ui.manageclassifications.view.Createsap.m.Input{\"path\":\"/VALUES/1\",\"propertyPath\":\"VALUE\",\"modelName\":\"dropdownValuesModel\"}"}]}
RESULT: undefined
COMMAND: POST /session/7a77e4e78ab7f053ff1399b1683134e1/execute/async - {"script":"<script> [776 bytes]","args":[{"enterText":"2","selector":{"controlType":"sap.m.Input","viewName":"etm.portal.ui.manageclassifications.view.Create","viewId":"application-manageclassifications-display-component---classificationCreate","bindingPath":{"path":"/VALUES/1","propertyPath":"VALUE","modelName":"dropdownValuesModel"},"searchOpenDialogs":true,"interaction":{"idSuffix":"inner"}},"clearTextFirst":true,"interactionType":"ENTER_TEXT"}]}
RESULT: {}
RESULT: {"script":"<script> [776 bytes]","args":[{"enterText":"2","selector":{"controlType":"sap.m.Input","viewName":"etm.portal.ui.manageclassifications.view.Create","viewId":"application-manageclassifications-display-component---classificationCreate","bindingPath":{"path":"/VALUES/1","propertyPath":"VALUE","modelName":"dropdownValuesModel"},"searchOpenDialogs":true,"interaction":{"idSuffix":"inner"}},"clearTextFirst":true,"interactionType":"ENTER_TEXT"}]}
COMMAND: POST /session/7a77e4e78ab7f053ff1399b1683134e1/execute/async - {"script":"<script> [1562 bytes]","args":[{"selector":{"controlType":"sap.m.Input","viewName":"etm.portal.ui.manageclassifications.view.Create","viewId":"application-manageclassifications-display-component---classificationCreate","bindingPath":{"path":"/VALUES/1","propertyPath":"TEXT","modelName":"dropdownValuesModel"},"searchOpenDialogs":true,"interaction":{"idSuffix":"inner"}},"wdio_ui5_key":"etmportal.ui.manageclassifications.view.Createsap.m.Input{\"path\":\"/VALUES/1\",\"propertyPath\":\"TEXT\",\"modelName\":\"dropdownValuesModel\"}"}]}
RESULT: {"script":"<script> [1562 bytes]","args":[{"selector":{"controlType":"sap.m.Input","viewName":"etm.portal.ui.manageclassifications.view.Create","viewId":"application-manageclassifications-display-component---classificationCreate","bindingPath":{"path":"/VALUES/1","propertyPath":"TEXT","modelName":"dropdownValuesModel"},"searchOpenDialogs":true,"interaction":{"idSuffix":"inner"}},"wdio_ui5_key":"etmportal.ui.manageclassifications.view.Createsap.m.Input{\"path\":\"/VALUES/1\",\"propertyPath\":\"TEXT\",\"modelName\":\"dropdownValuesModel\"}"}]}
RESULT: undefined
COMMAND: POST /session/7a77e4e78ab7f053ff1399b1683134e1/execute/async - {"script":"<script> [776 bytes]","args":[{"enterText":"red","selector":{"controlType":"sap.m.Input","viewName":"etm.portal.ui.manageclassifications.view.Create","viewId":"application-manageclassifications-display-component---classificationCreate","bindingPath":{"path":"/VALUES/1","propertyPath":"TEXT","modelName":"dropdownValuesModel"},"searchOpenDialogs":true,"interaction":{"idSuffix":"inner"}},"clearTextFirst":true,"interactionType":"ENTER_TEXT"}]}
RESULT: {"script":"<script> [776 bytes]","args":[{"enterText":"red","selector":{"controlType":"sap.m.Input","viewName":"etm.portal.ui.manageclassifications.view.Create","viewId":"application-manageclassifications-display-component---classificationCreate","bindingPath":{"path":"/VALUES/1","propertyPath":"TEXT","modelName":"dropdownValuesModel"},"searchOpenDialogs":true,"interaction":{"idSuffix":"inner"}},"clearTextFirst":true,"interactionType":"ENTER_TEXT"}]}
COMMAND: POST /session/7a77e4e78ab7f053ff1399b1683134e1/execute/async - {"script":"<script> [1562 bytes]","args":[{"selector":{"controlType":"sap.m.Button","viewName":"etm.portal.ui.manageclassifications.view.Create","viewId":"application-manageclassifications-display-component---classificationCreate","i18NText":{"propertyName":"text","key":"save"},"searchOpenDialogs":true,"interaction":{"idSuffix":"BDI-content"}},"wdio_ui5_key":"etmportal.ui.manageclassifications.view.Createsap.m.Button{\"propertyName\":\"text\",\"key\":\"save\"}"}]}
RESULT: {"script":"<script> [1562 bytes]","args":[{"selector":{"controlType":"sap.m.Button","viewName":"etm.portal.ui.manageclassifications.view.Create","viewId":"application-manageclassifications-display-component---classificationCreate","i18NText":{"propertyName":"text","key":"save"},"searchOpenDialogs":true,"interaction":{"idSuffix":"BDI-content"}},"wdio_ui5_key":"etmportal.ui.manageclassifications.view.Createsap.m.Button{\"propertyName\":\"text\",\"key\":\"save\"}"}]}
RESULT: undefined
COMMAND: POST /session/7a77e4e78ab7f053ff1399b1683134e1/element - {"using":"xpath","value":"//*[@id=\"__button42\"]"}
RESULT: {"using":"xpath","value":"//*[@id=\"__button42\"]"}
COMMAND: POST /session/7a77e4e78ab7f053ff1399b1683134e1/element/f.F34A9C30008BD60ECF93DB5E8BBA230A.d.2D3BCCB923FB2CB1E9048363DD0FC151.e.7291/click - {}
RESULT: {}
COMMAND: GET /session/7a77e4e78ab7f053ff1399b1683134e1/screenshot - {}
RESULT: {}
COMMAND: POST /session/7a77e4e78ab7f053ff1399b1683134e1/element - {"using":"xpath","value":"//button[@title=\"Save\"]"}
RESULT: {"using":"xpath","value":"//button[@title=\"Save\"]"}
COMMAND: POST /session/7a77e4e78ab7f053ff1399b1683134e1/element/f.F34A9C30008BD60ECF93DB5E8BBA230A.d.2D3BCCB923FB2CB1E9048363DD0FC151.e.7229/click - {}
RESULT: {}
COMMAND: GET /session/7a77e4e78ab7f053ff1399b1683134e1/screenshot - {}
RESULT: {}
COMMAND: POST /session/7a77e4e78ab7f053ff1399b1683134e1/execute/async - {"script":"<script> [1562 bytes]","args":[{"selector":{"id":"application-manageclassifications-display-component---classificationMaster--smartFilterBar-btnBasicSearch","interaction":{"idSuffix":"I"}},"wdio_ui5_key":"applicationmanageclassifications-display-component---classificationMaster--smartFilterBar-btnBasicSearch"}]}
RESULT: {"script":"<script> [1562 bytes]","args":[{"selector":{"id":"application-manageclassifications-display-component---classificationMaster--smartFilterBar-btnBasicSearch","interaction":{"idSuffix":"I"}},"wdio_ui5_key":"applicationmanageclassifications-display-component---classificationMaster--smartFilterBar-btnBasicSearch"}]}
RESULT: undefined
COMMAND: POST /session/7a77e4e78ab7f053ff1399b1683134e1/execute/async - {"script":"<script> [776 bytes]","args":[{"enterText":"WebdriverItemClass5eabq","selector":{"id":"application-manageclassifications-display-component---classificationMaster--smartFilterBar-btnBasicSearch","interaction":{"idSuffix":"I"}},"clearTextFirst":true,"interactionType":"ENTER_TEXT"}]}
RESULT: {"script":"<script> [776 bytes]","args":[{"enterText":"WebdriverItemClass5eabq","selector":{"id":"application-manageclassifications-display-component---classificationMaster--smartFilterBar-btnBasicSearch","interaction":{"idSuffix":"I"}},"clearTextFirst":true,"interactionType":"ENTER_TEXT"}]}
COMMAND: POST /session/7a77e4e78ab7f053ff1399b1683134e1/actions - {"actions":[{"id":"action47","type":"key","parameters":{},"actions":[{"type":"keyDown","value":"î€‡"},{"type":"pause","duration":10},{"type":"keyUp","value":"î€‡"}]}]}
RESULT: {"actions":[{"id":"action47","type":"key","parameters":{},"actions":[{"type":"keyDown","value":"î€‡"},{"type":"pause","duration":10},{"type":"keyUp","value":"î€‡"}]}]}
COMMAND: POST /session/7a77e4e78ab7f053ff1399b1683134e1/execute/async - {"script":"<script> [1562 bytes]","args":[{"selector":{"id":"application-manageclassifications-display-component---classificationMaster--smartTable-header"},"wdio_ui5_key":"applicationmanageclassifications-display-component---classificationMaster--smartTable-header"}]}
COMMAND: GET /session/7a77e4e78ab7f053ff1399b1683134e1/screenshot - {}
RESULT: {"script":"<script> [1562 bytes]","args":[{"selector":{"id":"application-manageclassifications-display-component---classificationMaster--smartTable-header"},"wdio_ui5_key":"applicationmanageclassifications-display-component---classificationMaster--smartTable-header"}]}
RESULT: undefined
COMMAND: POST /session/7a77e4e78ab7f053ff1399b1683134e1/execute/async - {"script":"<script> [6424 bytes]","args":[{"element-6066-11e4-a52e-4f735466cecf":"f.F34A9C30008BD60ECF93DB5E8BBA230A.d.2D3BCCB923FB2CB1E9048363DD0FC151.e.7476"},"getText",[]]}
RESULT: {}
RESULT: {"script":"<script> [6424 bytes]","args":[{"element-6066-11e4-a52e-4f735466cecf":"f.F34A9C30008BD60ECF93DB5E8BBA230A.d.2D3BCCB923FB2CB1E9048363DD0FC151.e.7476"},"getText",[]]}
COMMAND: POST /session/7a77e4e78ab7f053ff1399b1683134e1/element - {"using":"css selector","value":"#shell-header-logo"}
RESULT: {"using":"css selector","value":"#shell-header-logo"}
COMMAND: POST /session/7a77e4e78ab7f053ff1399b1683134e1/element/f.F34A9C30008BD60ECF93DB5E8BBA230A.d.2D3BCCB923FB2CB1E9048363DD0FC151.e.6723/click - {}
RESULT: {}
COMMAND: GET /session/7a77e4e78ab7f053ff1399b1683134e1/screenshot - {}
RESULT: {}
]]></system-out>
    </testcase>
    <testcase classname="chrome.136_0_7103_93.windows.Manage_requests_-_requests_specifications_US141095" name="Should create a new section and a catalog item" time="132.047">
      <system-out><![CDATA[
COMMAND: POST /session/7a77e4e78ab7f053ff1399b1683134e1/execute/async - {"script":"<script> [1562 bytes]","args":[{"selector":{"controlType":"sap.m.GenericTile","properties":{"header":"Manage Catalogs"}},"wdio_ui5_key":"sapm.GenericTile{\"header\":\"Manage Catalogs\"}"}]}
RESULT: {"script":"<script> [1562 bytes]","args":[{"selector":{"controlType":"sap.m.GenericTile","properties":{"header":"Manage Catalogs"}},"wdio_ui5_key":"sapm.GenericTile{\"header\":\"Manage Catalogs\"}"}]}
RESULT: undefined
COMMAND: POST /session/7a77e4e78ab7f053ff1399b1683134e1/element - {"using":"xpath","value":"//*[@id=\"__tile37\"]"}
RESULT: {"using":"xpath","value":"//*[@id=\"__tile37\"]"}
COMMAND: POST /session/7a77e4e78ab7f053ff1399b1683134e1/element/f.F34A9C30008BD60ECF93DB5E8BBA230A.d.2D3BCCB923FB2CB1E9048363DD0FC151.e.7480/click - {}
RESULT: {}
COMMAND: GET /session/7a77e4e78ab7f053ff1399b1683134e1/screenshot - {}
RESULT: {}
COMMAND: POST /session/7a77e4e78ab7f053ff1399b1683134e1/elements - {"using":"xpath","value":"//span[text()='Error']"}
RESULT: {"using":"xpath","value":"//span[text()='Error']"}
COMMAND: POST /session/7a77e4e78ab7f053ff1399b1683134e1/execute/async - {"script":"<script> [1562 bytes]","args":[{"selector":{"controlType":"sap.m.Text","viewName":"etm.portal.ui.managecatalogs.view.MasterCatalogs","viewId":"application-managecatalogs-display-component---masterCatalogs","bindingPath":{"path":"/Catalogs('0D7502D073D53A0F1700BE067B89AFF9')","propertyPath":"DESCRIPTION","modelName":"catalogModel"}},"wdio_ui5_key":"etmportal.ui.managecatalogs.view.MasterCatalogssap.m.Text{\"path\":\"/Catalogs('0D7502D073D53A0F1700BE067B89AFF9')\",\"propertyPath\":\"DESCRIPTION\",\"modelName\":\"catalogModel\"}"}]}
RESULT: {"script":"<script> [1562 bytes]","args":[{"selector":{"controlType":"sap.m.Text","viewName":"etm.portal.ui.managecatalogs.view.MasterCatalogs","viewId":"application-managecatalogs-display-component---masterCatalogs","bindingPath":{"path":"/Catalogs('0D7502D073D53A0F1700BE067B89AFF9')","propertyPath":"DESCRIPTION","modelName":"catalogModel"}},"wdio_ui5_key":"etmportal.ui.managecatalogs.view.MasterCatalogssap.m.Text{\"path\":\"/Catalogs('0D7502D073D53A0F1700BE067B89AFF9')\",\"propertyPath\":\"DESCRIPTION\",\"modelName\":\"catalogModel\"}"}]}
RESULT: undefined
COMMAND: POST /session/7a77e4e78ab7f053ff1399b1683134e1/element - {"using":"xpath","value":"//*[@id=\"__text432-application-managecatalogs-display-component---masterCatalogs--CatalogsTable-11\"]"}
RESULT: {"using":"xpath","value":"//*[@id=\"__text432-application-managecatalogs-display-component---masterCatalogs--CatalogsTable-11\"]"}
COMMAND: POST /session/7a77e4e78ab7f053ff1399b1683134e1/element/f.F34A9C30008BD60ECF93DB5E8BBA230A.d.2D3BCCB923FB2CB1E9048363DD0FC151.e.7547/click - {}
RESULT: {}
COMMAND: POST /session/7a77e4e78ab7f053ff1399b1683134e1/execute/async - {"script":"<script> [1562 bytes]","args":[{"selector":{"controlType":"sap.ui.layout.HorizontalLayout","viewName":"etm.portal.ui.managecatalogs.view.MasterItems","viewId":"application-managecatalogs-display-component---masterCatalogItems","ancestor":{"id":"application-managecatalogs-display-component---masterCatalogItems--idCatalogItemsTree-rows-row0"}},"wdio_ui5_key":"etmportal.ui.managecatalogs.view.MasterItemssap.ui.layout.HorizontalLayout{\"id\":\"application-managecatalogs-display-component---masterCatalogItems--idCatalogItemsTree-rows-row0\"}"}]}
COMMAND: GET /session/7a77e4e78ab7f053ff1399b1683134e1/screenshot - {}
RESULT: {"script":"<script> [1562 bytes]","args":[{"selector":{"controlType":"sap.ui.layout.HorizontalLayout","viewName":"etm.portal.ui.managecatalogs.view.MasterItems","viewId":"application-managecatalogs-display-component---masterCatalogItems","ancestor":{"id":"application-managecatalogs-display-component---masterCatalogItems--idCatalogItemsTree-rows-row0"}},"wdio_ui5_key":"etmportal.ui.managecatalogs.view.MasterItemssap.ui.layout.HorizontalLayout{\"id\":\"application-managecatalogs-display-component---masterCatalogItems--idCatalogItemsTree-rows-row0\"}"}]}
RESULT: undefined
COMMAND: POST /session/7a77e4e78ab7f053ff1399b1683134e1/element - {"using":"xpath","value":"//*[@id=\"__layout40-__clone426\"]"}
RESULT: {}
RESULT: {"using":"xpath","value":"//*[@id=\"__layout40-__clone426\"]"}
COMMAND: POST /session/7a77e4e78ab7f053ff1399b1683134e1/element/f.F34A9C30008BD60ECF93DB5E8BBA230A.d.2D3BCCB923FB2CB1E9048363DD0FC151.e.7583/click - {}
RESULT: {}
COMMAND: GET /session/7a77e4e78ab7f053ff1399b1683134e1/screenshot - {}
COMMAND: POST /session/7a77e4e78ab7f053ff1399b1683134e1/execute/async - {"script":"<script> [1562 bytes]","args":[{"selector":{"controlType":"sap.m.Button","viewName":"etm.portal.ui.managecatalogs.view.Detail","viewId":"application-managecatalogs-display-component---detailCatalog","i18NText":{"propertyName":"text","key":"edit"},"interaction":{"idSuffix":"BDI-content"}},"wdio_ui5_key":"etmportal.ui.managecatalogs.view.Detailsap.m.Button{\"propertyName\":\"text\",\"key\":\"edit\"}"}]}
RESULT: {}
RESULT: {"script":"<script> [1562 bytes]","args":[{"selector":{"controlType":"sap.m.Button","viewName":"etm.portal.ui.managecatalogs.view.Detail","viewId":"application-managecatalogs-display-component---detailCatalog","i18NText":{"propertyName":"text","key":"edit"},"interaction":{"idSuffix":"BDI-content"}},"wdio_ui5_key":"etmportal.ui.managecatalogs.view.Detailsap.m.Button{\"propertyName\":\"text\",\"key\":\"edit\"}"}]}
RESULT: undefined
COMMAND: POST /session/7a77e4e78ab7f053ff1399b1683134e1/element - {"using":"xpath","value":"//*[@id=\"__button86\"]"}
RESULT: {"using":"xpath","value":"//*[@id=\"__button86\"]"}
COMMAND: POST /session/7a77e4e78ab7f053ff1399b1683134e1/element/f.F34A9C30008BD60ECF93DB5E8BBA230A.d.2D3BCCB923FB2CB1E9048363DD0FC151.e.7671/click - {}
RESULT: {}
COMMAND: GET /session/7a77e4e78ab7f053ff1399b1683134e1/screenshot - {}
RESULT: {}
COMMAND: POST /session/7a77e4e78ab7f053ff1399b1683134e1/element - {"using":"xpath","value":"//bdi[contains(text(), \"Unlock\")]"}
RESULT: {"using":"xpath","value":"//bdi[contains(text(), \"Unlock\")]"}
COMMAND: POST /session/7a77e4e78ab7f053ff1399b1683134e1/elements - {"using":"xpath","value":"//bdi[contains(text(), \"Unlock\")]"}
RESULT: {"using":"xpath","value":"//bdi[contains(text(), \"Unlock\")]"}
COMMAND: POST /session/7a77e4e78ab7f053ff1399b1683134e1/execute/async - {"script":"<script> [1562 bytes]","args":[{"selector":{"controlType":"sap.ui.core.Icon","viewName":"etm.portal.ui.managecatalogs.view.Detail","viewId":"application-managecatalogs-display-component---detailCatalog","properties":{"src":{"regex":{"source":"add\\-folder"}}}},"wdio_ui5_key":"etmportal.ui.managecatalogs.view.Detailsap.ui.core.Icon{\"src\":{\"regex\":{\"source\":\"add\\\\-folder\"}}}"}]}
RESULT: {"script":"<script> [1562 bytes]","args":[{"selector":{"controlType":"sap.ui.core.Icon","viewName":"etm.portal.ui.managecatalogs.view.Detail","viewId":"application-managecatalogs-display-component---detailCatalog","properties":{"src":{"regex":{"source":"add\\-folder"}}}},"wdio_ui5_key":"etmportal.ui.managecatalogs.view.Detailsap.ui.core.Icon{\"src\":{\"regex\":{\"source\":\"add\\\\-folder\"}}}"}]}
RESULT: undefined
COMMAND: POST /session/7a77e4e78ab7f053ff1399b1683134e1/element - {"using":"xpath","value":"//*[@id=\"__button94-img\"]"}
RESULT: {"using":"xpath","value":"//*[@id=\"__button94-img\"]"}
COMMAND: POST /session/7a77e4e78ab7f053ff1399b1683134e1/element/f.F34A9C30008BD60ECF93DB5E8BBA230A.d.2D3BCCB923FB2CB1E9048363DD0FC151.e.7677/click - {}
RESULT: {}
COMMAND: GET /session/7a77e4e78ab7f053ff1399b1683134e1/screenshot - {}
RESULT: {}
COMMAND: POST /session/7a77e4e78ab7f053ff1399b1683134e1/execute/async - {"script":"<script> [1562 bytes]","args":[{"selector":{"id":"application-managecatalogs-display-component---detailCatalog--numberInput","searchOpenDialogs":true,"interaction":{"idSuffix":"inner"}},"wdio_ui5_key":"applicationmanagecatalogs-display-component---detailCatalog--numberInput"}]}
RESULT: {"script":"<script> [1562 bytes]","args":[{"selector":{"id":"application-managecatalogs-display-component---detailCatalog--numberInput","searchOpenDialogs":true,"interaction":{"idSuffix":"inner"}},"wdio_ui5_key":"applicationmanagecatalogs-display-component---detailCatalog--numberInput"}]}
RESULT: undefined
COMMAND: POST /session/7a77e4e78ab7f053ff1399b1683134e1/execute/async - {"script":"<script> [776 bytes]","args":[{"enterText":"Section4mmrr","selector":{"id":"application-managecatalogs-display-component---detailCatalog--numberInput","searchOpenDialogs":true,"interaction":{"idSuffix":"inner"}},"clearTextFirst":true,"interactionType":"ENTER_TEXT"}]}
RESULT: {"script":"<script> [776 bytes]","args":[{"enterText":"Section4mmrr","selector":{"id":"application-managecatalogs-display-component---detailCatalog--numberInput","searchOpenDialogs":true,"interaction":{"idSuffix":"inner"}},"clearTextFirst":true,"interactionType":"ENTER_TEXT"}]}
COMMAND: POST /session/7a77e4e78ab7f053ff1399b1683134e1/element - {"using":"css selector","value":"#application-managecatalogs-display-component---detailCatalog--nameInput-inner"}
RESULT: {"using":"css selector","value":"#application-managecatalogs-display-component---detailCatalog--nameInput-inner"}
COMMAND: POST /session/7a77e4e78ab7f053ff1399b1683134e1/elements - {"using":"css selector","value":"#application-managecatalogs-display-component---detailCatalog--nameInput-inner"}
RESULT: {"using":"css selector","value":"#application-managecatalogs-display-component---detailCatalog--nameInput-inner"}
COMMAND: POST /session/7a77e4e78ab7f053ff1399b1683134e1/element/f.F34A9C30008BD60ECF93DB5E8BBA230A.d.2D3BCCB923FB2CB1E9048363DD0FC151.e.7681/clear - {}
RESULT: {}
COMMAND: POST /session/7a77e4e78ab7f053ff1399b1683134e1/element/f.F34A9C30008BD60ECF93DB5E8BBA230A.d.2D3BCCB923FB2CB1E9048363DD0FC151.e.7681/value - {"text":"Webdriverilre4"}
COMMAND: GET /session/7a77e4e78ab7f053ff1399b1683134e1/screenshot - {}
RESULT: {"text":"Webdriverilre4"}
COMMAND: POST /session/7a77e4e78ab7f053ff1399b1683134e1/execute/async - {"script":"<script> [1562 bytes]","args":[{"selector":{"controlType":"sap.m.Button","viewName":"etm.portal.ui.managecatalogs.view.Detail","viewId":"application-managecatalogs-display-component---detailCatalog","i18NText":{"propertyName":"text","key":"create"},"searchOpenDialogs":true,"interaction":{"idSuffix":"BDI-content"}},"wdio_ui5_key":"etmportal.ui.managecatalogs.view.Detailsap.m.Button{\"propertyName\":\"text\",\"key\":\"create\"}"}]}
COMMAND: GET /session/7a77e4e78ab7f053ff1399b1683134e1/screenshot - {}
RESULT: {}
RESULT: {"script":"<script> [1562 bytes]","args":[{"selector":{"controlType":"sap.m.Button","viewName":"etm.portal.ui.managecatalogs.view.Detail","viewId":"application-managecatalogs-display-component---detailCatalog","i18NText":{"propertyName":"text","key":"create"},"searchOpenDialogs":true,"interaction":{"idSuffix":"BDI-content"}},"wdio_ui5_key":"etmportal.ui.managecatalogs.view.Detailsap.m.Button{\"propertyName\":\"text\",\"key\":\"create\"}"}]}
RESULT: undefined
COMMAND: POST /session/7a77e4e78ab7f053ff1399b1683134e1/element - {"using":"xpath","value":"//*[@id=\"__button64\"]"}
RESULT: {}
RESULT: {"using":"xpath","value":"//*[@id=\"__button64\"]"}
COMMAND: POST /session/7a77e4e78ab7f053ff1399b1683134e1/element/f.F34A9C30008BD60ECF93DB5E8BBA230A.d.2D3BCCB923FB2CB1E9048363DD0FC151.e.7686/click - {}
RESULT: {}
COMMAND: GET /session/7a77e4e78ab7f053ff1399b1683134e1/screenshot - {}
RESULT: {}
COMMAND: POST /session/7a77e4e78ab7f053ff1399b1683134e1/element - {"using":"xpath","value":"//button[@title=\"Save\"]"}
RESULT: {"using":"xpath","value":"//button[@title=\"Save\"]"}
COMMAND: POST /session/7a77e4e78ab7f053ff1399b1683134e1/element/f.F34A9C30008BD60ECF93DB5E8BBA230A.d.2D3BCCB923FB2CB1E9048363DD0FC151.e.7687/click - {}
RESULT: {}
COMMAND: POST /session/7a77e4e78ab7f053ff1399b1683134e1/execute/async - {"script":"<script> [1562 bytes]","args":[{"selector":{"controlType":"sap.ui.core.Icon","viewName":"etm.portal.ui.managecatalogs.view.Detail","viewId":"application-managecatalogs-display-component---detailCatalog","properties":{"src":{"regex":{"source":"decline"}}}},"wdio_ui5_key":"etmportal.ui.managecatalogs.view.Detailsap.ui.core.Icon{\"src\":{\"regex\":{\"source\":\"decline\"}}}"}]}
COMMAND: GET /session/7a77e4e78ab7f053ff1399b1683134e1/screenshot - {}
RESULT: {"script":"<script> [1562 bytes]","args":[{"selector":{"controlType":"sap.ui.core.Icon","viewName":"etm.portal.ui.managecatalogs.view.Detail","viewId":"application-managecatalogs-display-component---detailCatalog","properties":{"src":{"regex":{"source":"decline"}}}},"wdio_ui5_key":"etmportal.ui.managecatalogs.view.Detailsap.ui.core.Icon{\"src\":{\"regex\":{\"source\":\"decline\"}}}"}]}
RESULT: undefined
COMMAND: POST /session/7a77e4e78ab7f053ff1399b1683134e1/element - {"using":"xpath","value":"//*[@id=\"__button89-img\"]"}
RESULT: {}
RESULT: {"using":"xpath","value":"//*[@id=\"__button89-img\"]"}
COMMAND: POST /session/7a77e4e78ab7f053ff1399b1683134e1/element/f.F34A9C30008BD60ECF93DB5E8BBA230A.d.2D3BCCB923FB2CB1E9048363DD0FC151.e.7691/click - {}
RESULT: {}
COMMAND: GET /session/7a77e4e78ab7f053ff1399b1683134e1/screenshot - {}
RESULT: {}
COMMAND: POST /session/7a77e4e78ab7f053ff1399b1683134e1/execute/async - {"script":"<script> [1562 bytes]","args":[{"selector":{"controlType":"sap.ui.core.Icon","viewName":"etm.portal.ui.managecatalogs.view.MasterItems","viewId":"application-managecatalogs-display-component---masterCatalogItems","properties":{"src":{"regex":{"source":"refresh"}}}},"wdio_ui5_key":"etmportal.ui.managecatalogs.view.MasterItemssap.ui.core.Icon{\"src\":{\"regex\":{\"source\":\"refresh\"}}}"}]}
RESULT: {"script":"<script> [1562 bytes]","args":[{"selector":{"controlType":"sap.ui.core.Icon","viewName":"etm.portal.ui.managecatalogs.view.MasterItems","viewId":"application-managecatalogs-display-component---masterCatalogItems","properties":{"src":{"regex":{"source":"refresh"}}}},"wdio_ui5_key":"etmportal.ui.managecatalogs.view.MasterItemssap.ui.core.Icon{\"src\":{\"regex\":{\"source\":\"refresh\"}}}"}]}
RESULT: undefined
COMMAND: POST /session/7a77e4e78ab7f053ff1399b1683134e1/element - {"using":"xpath","value":"//*[@id=\"__button62-img\"]"}
RESULT: {"using":"xpath","value":"//*[@id=\"__button62-img\"]"}
COMMAND: POST /session/7a77e4e78ab7f053ff1399b1683134e1/element/f.F34A9C30008BD60ECF93DB5E8BBA230A.d.2D3BCCB923FB2CB1E9048363DD0FC151.e.7725/click - {}
RESULT: {}
COMMAND: POST /session/7a77e4e78ab7f053ff1399b1683134e1/execute/async - {"script":"<script> [1562 bytes]","args":[{"selector":{"id":"application-managecatalogs-display-component---masterCatalogItems--searchItemsField","interaction":{"idSuffix":"I"}},"wdio_ui5_key":"applicationmanagecatalogs-display-component---masterCatalogItems--searchItemsField"}]}
COMMAND: GET /session/7a77e4e78ab7f053ff1399b1683134e1/screenshot - {}
RESULT: {"script":"<script> [1562 bytes]","args":[{"selector":{"id":"application-managecatalogs-display-component---masterCatalogItems--searchItemsField","interaction":{"idSuffix":"I"}},"wdio_ui5_key":"applicationmanagecatalogs-display-component---masterCatalogItems--searchItemsField"}]}
RESULT: undefined
COMMAND: POST /session/7a77e4e78ab7f053ff1399b1683134e1/execute/async - {"script":"<script> [776 bytes]","args":[{"enterText":"Webdriverilre4","selector":{"id":"application-managecatalogs-display-component---masterCatalogItems--searchItemsField","interaction":{"idSuffix":"I"}},"clearTextFirst":true,"interactionType":"ENTER_TEXT"}]}
RESULT: {}
RESULT: {"script":"<script> [776 bytes]","args":[{"enterText":"Webdriverilre4","selector":{"id":"application-managecatalogs-display-component---masterCatalogItems--searchItemsField","interaction":{"idSuffix":"I"}},"clearTextFirst":true,"interactionType":"ENTER_TEXT"}]}
COMMAND: POST /session/7a77e4e78ab7f053ff1399b1683134e1/actions - {"actions":[{"id":"action48","type":"key","parameters":{},"actions":[{"type":"keyDown","value":"î€‡"},{"type":"pause","duration":10},{"type":"keyUp","value":"î€‡"}]}]}
RESULT: {"actions":[{"id":"action48","type":"key","parameters":{},"actions":[{"type":"keyDown","value":"î€‡"},{"type":"pause","duration":10},{"type":"keyUp","value":"î€‡"}]}]}
COMMAND: POST /session/7a77e4e78ab7f053ff1399b1683134e1/element - {"using":"xpath","value":"(//span[contains(text(), \"Webdriverilre4\")])[1]"}
COMMAND: GET /session/7a77e4e78ab7f053ff1399b1683134e1/screenshot - {}
RESULT: {"using":"xpath","value":"(//span[contains(text(), \"Webdriverilre4\")])[1]"}
COMMAND: POST /session/7a77e4e78ab7f053ff1399b1683134e1/element/f.F34A9C30008BD60ECF93DB5E8BBA230A.d.2D3BCCB923FB2CB1E9048363DD0FC151.e.7728/click - {}
RESULT: {}
RESULT: {}
COMMAND: GET /session/7a77e4e78ab7f053ff1399b1683134e1/screenshot - {}
RESULT: {}
RESULT: undefined
COMMAND: POST /session/7a77e4e78ab7f053ff1399b1683134e1/element - {"using":"xpath","value":"//*[@id=\"__button86\"]"}
RESULT: {"using":"xpath","value":"//*[@id=\"__button86\"]"}
COMMAND: POST /session/7a77e4e78ab7f053ff1399b1683134e1/element/f.F34A9C30008BD60ECF93DB5E8BBA230A.d.2D3BCCB923FB2CB1E9048363DD0FC151.e.7799/click - {}
RESULT: {}
COMMAND: GET /session/7a77e4e78ab7f053ff1399b1683134e1/screenshot - {}
RESULT: {}
RESULT: undefined
COMMAND: POST /session/7a77e4e78ab7f053ff1399b1683134e1/element - {"using":"xpath","value":"//*[@id=\"__button94-img\"]"}
RESULT: {"using":"xpath","value":"//*[@id=\"__button94-img\"]"}
COMMAND: POST /session/7a77e4e78ab7f053ff1399b1683134e1/element/f.F34A9C30008BD60ECF93DB5E8BBA230A.d.2D3BCCB923FB2CB1E9048363DD0FC151.e.7814/click - {}
RESULT: {}
COMMAND: GET /session/7a77e4e78ab7f053ff1399b1683134e1/screenshot - {}
RESULT: {}
RESULT: undefined
COMMAND: POST /session/7a77e4e78ab7f053ff1399b1683134e1/execute/async - {"script":"<script> [776 bytes]","args":[{"enterText":"SecondSectionm0qrs","selector":{"id":"application-managecatalogs-display-component---detailCatalog--numberInput","searchOpenDialogs":true,"interaction":{"idSuffix":"inner"}},"clearTextFirst":true,"interactionType":"ENTER_TEXT"}]}
RESULT: {"script":"<script> [776 bytes]","args":[{"enterText":"SecondSectionm0qrs","selector":{"id":"application-managecatalogs-display-component---detailCatalog--numberInput","searchOpenDialogs":true,"interaction":{"idSuffix":"inner"}},"clearTextFirst":true,"interactionType":"ENTER_TEXT"}]}
COMMAND: POST /session/7a77e4e78ab7f053ff1399b1683134e1/element - {"using":"xpath","value":"//input[contains(@id ,\"application-managecatalogs-display-component---detailCatalog--nameInput-inner\")]"}
RESULT: {"using":"xpath","value":"//input[contains(@id ,\"application-managecatalogs-display-component---detailCatalog--nameInput-inner\")]"}
COMMAND: POST /session/7a77e4e78ab7f053ff1399b1683134e1/elements - {"using":"xpath","value":"//input[contains(@id ,\"application-managecatalogs-display-component---detailCatalog--nameInput-inner\")]"}
RESULT: {"using":"xpath","value":"//input[contains(@id ,\"application-managecatalogs-display-component---detailCatalog--nameInput-inner\")]"}
COMMAND: POST /session/7a77e4e78ab7f053ff1399b1683134e1/element/f.F34A9C30008BD60ECF93DB5E8BBA230A.d.2D3BCCB923FB2CB1E9048363DD0FC151.e.7818/clear - {}
RESULT: {}
COMMAND: POST /session/7a77e4e78ab7f053ff1399b1683134e1/element/f.F34A9C30008BD60ECF93DB5E8BBA230A.d.2D3BCCB923FB2CB1E9048363DD0FC151.e.7818/value - {"text":"webdriversecondmxodg"}
COMMAND: GET /session/7a77e4e78ab7f053ff1399b1683134e1/screenshot - {}
RESULT: {"text":"webdriversecondmxodg"}
RESULT: undefined
COMMAND: POST /session/7a77e4e78ab7f053ff1399b1683134e1/element - {"using":"xpath","value":"//*[@id=\"__button64\"]"}
COMMAND: GET /session/7a77e4e78ab7f053ff1399b1683134e1/screenshot - {}
RESULT: {}
RESULT: {"using":"xpath","value":"//*[@id=\"__button64\"]"}
COMMAND: POST /session/7a77e4e78ab7f053ff1399b1683134e1/element/f.F34A9C30008BD60ECF93DB5E8BBA230A.d.2D3BCCB923FB2CB1E9048363DD0FC151.e.7822/click - {}
RESULT: {}
RESULT: {}
COMMAND: GET /session/7a77e4e78ab7f053ff1399b1683134e1/screenshot - {}
RESULT: {}
COMMAND: POST /session/7a77e4e78ab7f053ff1399b1683134e1/element - {"using":"xpath","value":"//button[@title=\"Save\"]"}
RESULT: {"using":"xpath","value":"//button[@title=\"Save\"]"}
COMMAND: POST /session/7a77e4e78ab7f053ff1399b1683134e1/element/f.F34A9C30008BD60ECF93DB5E8BBA230A.d.2D3BCCB923FB2CB1E9048363DD0FC151.e.7802/click - {}
RESULT: {}
COMMAND: GET /session/7a77e4e78ab7f053ff1399b1683134e1/screenshot - {}
RESULT: {}
RESULT: undefined
COMMAND: POST /session/7a77e4e78ab7f053ff1399b1683134e1/element - {"using":"xpath","value":"//*[@id=\"__button89-img\"]"}
RESULT: {"using":"xpath","value":"//*[@id=\"__button89-img\"]"}
COMMAND: POST /session/7a77e4e78ab7f053ff1399b1683134e1/element/f.F34A9C30008BD60ECF93DB5E8BBA230A.d.2D3BCCB923FB2CB1E9048363DD0FC151.e.7826/click - {}
RESULT: {}
COMMAND: GET /session/7a77e4e78ab7f053ff1399b1683134e1/screenshot - {}
RESULT: {}
RESULT: undefined
COMMAND: POST /session/7a77e4e78ab7f053ff1399b1683134e1/element - {"using":"xpath","value":"//*[@id=\"__button62-img\"]"}
RESULT: {"using":"xpath","value":"//*[@id=\"__button62-img\"]"}
COMMAND: POST /session/7a77e4e78ab7f053ff1399b1683134e1/element/f.F34A9C30008BD60ECF93DB5E8BBA230A.d.2D3BCCB923FB2CB1E9048363DD0FC151.e.7863/click - {}
RESULT: {}
COMMAND: GET /session/7a77e4e78ab7f053ff1399b1683134e1/screenshot - {}
RESULT: {}
RESULT: undefined
COMMAND: POST /session/7a77e4e78ab7f053ff1399b1683134e1/execute/async - {"script":"<script> [776 bytes]","args":[{"enterText":"SecondSectionm0qrs","selector":{"id":"application-managecatalogs-display-component---masterCatalogItems--searchItemsField","interaction":{"idSuffix":"I"}},"clearTextFirst":true,"interactionType":"ENTER_TEXT"}]}
RESULT: {"script":"<script> [776 bytes]","args":[{"enterText":"SecondSectionm0qrs","selector":{"id":"application-managecatalogs-display-component---masterCatalogItems--searchItemsField","interaction":{"idSuffix":"I"}},"clearTextFirst":true,"interactionType":"ENTER_TEXT"}]}
COMMAND: POST /session/7a77e4e78ab7f053ff1399b1683134e1/actions - {"actions":[{"id":"action49","type":"key","parameters":{},"actions":[{"type":"keyDown","value":"î€‡"},{"type":"pause","duration":10},{"type":"keyUp","value":"î€‡"}]}]}
RESULT: {"actions":[{"id":"action49","type":"key","parameters":{},"actions":[{"type":"keyDown","value":"î€‡"},{"type":"pause","duration":10},{"type":"keyUp","value":"î€‡"}]}]}
COMMAND: POST /session/7a77e4e78ab7f053ff1399b1683134e1/element - {"using":"xpath","value":"(//span[contains(text(), \"SecondSectionm0qrs\")])[1]"}
COMMAND: GET /session/7a77e4e78ab7f053ff1399b1683134e1/screenshot - {}
RESULT: {"using":"xpath","value":"(//span[contains(text(), \"SecondSectionm0qrs\")])[1]"}
COMMAND: POST /session/7a77e4e78ab7f053ff1399b1683134e1/element/f.F34A9C30008BD60ECF93DB5E8BBA230A.d.2D3BCCB923FB2CB1E9048363DD0FC151.e.7866/click - {}
RESULT: {}
RESULT: {}
COMMAND: POST /session/7a77e4e78ab7f053ff1399b1683134e1/element - {"using":"xpath","value":"(//span[contains(text(), \"SecondSectionm0qrs\")])[1]"}
COMMAND: GET /session/7a77e4e78ab7f053ff1399b1683134e1/screenshot - {}
RESULT: {"using":"xpath","value":"(//span[contains(text(), \"SecondSectionm0qrs\")])[1]"}
COMMAND: GET /session/7a77e4e78ab7f053ff1399b1683134e1/element/f.F34A9C30008BD60ECF93DB5E8BBA230A.d.2D3BCCB923FB2CB1E9048363DD0FC151.e.7866/text - {}
RESULT: {}
COMMAND: POST /session/7a77e4e78ab7f053ff1399b1683134e1/element - {"using":"xpath","value":"(//span[contains(text(), \"SecondSectionm0qrs\")])[1]"}
RESULT: {"using":"xpath","value":"(//span[contains(text(), \"SecondSectionm0qrs\")])[1]"}
COMMAND: GET /session/7a77e4e78ab7f053ff1399b1683134e1/element/f.F34A9C30008BD60ECF93DB5E8BBA230A.d.2D3BCCB923FB2CB1E9048363DD0FC151.e.7866/text - {}
COMMAND: POST /session/7a77e4e78ab7f053ff1399b1683134e1/element - {"using":"xpath","value":"(//span[contains(text(), \"SecondSectionm0qrs\")])[1]"}
RESULT: {"using":"xpath","value":"(//span[contains(text(), \"SecondSectionm0qrs\")])[1]"}
COMMAND: GET /session/7a77e4e78ab7f053ff1399b1683134e1/element/f.F34A9C30008BD60ECF93DB5E8BBA230A.d.2D3BCCB923FB2CB1E9048363DD0FC151.e.7920/text - {}
RESULT: {}
COMMAND: POST /session/7a77e4e78ab7f053ff1399b1683134e1/refresh - {}
RESULT: {}
COMMAND: GET /session/7a77e4e78ab7f053ff1399b1683134e1/screenshot - {}
RESULT: {}
COMMAND: POST /session/7a77e4e78ab7f053ff1399b1683134e1/execute/async - {"script":"<script> [189 bytes]","args":[]}
RESULT: {"script":"<script> [189 bytes]","args":[]}
COMMAND: POST /session/7a77e4e78ab7f053ff1399b1683134e1/execute/async - {"script":"<script> [123 bytes]","args":[]}
RESULT: {"script":"<script> [123 bytes]","args":[]}
COMMAND: POST /session/7a77e4e78ab7f053ff1399b1683134e1/timeouts - {"script":"<number>"}
RESULT: {"script":"<number>"}
COMMAND: GET /session/7a77e4e78ab7f053ff1399b1683134e1/timeouts - {}
RESULT: {}
RESULT: undefined
COMMAND: POST /session/7a77e4e78ab7f053ff1399b1683134e1/execute/async - {"script":"<script> [2676 bytes]","args":[]}
RESULT: {"script":"<script> [2676 bytes]","args":[]}
COMMAND: POST /session/7a77e4e78ab7f053ff1399b1683134e1/execute/async - {"script":"<script> [2342 bytes]","args":[{"protocol":"http","hostname":"0.0.0.0","path":"/","capabilities":{"browserName":"chrome","goog:chromeOptions":{"binary":"C:\\Program Files\\Google\\Chrome\\Application\\chrome.exe","args":["--start-maximized"]}},"logLevel":"warn","connectionRetryTimeout":120000,"connectionRetryCount":3,"logLevels":{},"enableDirectConnect":true,"strictSSL":true,"_":"65 more keys: [\"cacheDir\",\"port\",\"requestedCapabilities\",\"automationProtocol\",\"baseUrl\",\"waitforInterval\",\"waitforTimeout\",\"onReload\",\"beforeCommand\",\"afterCommand\",\"rootDir\",\"specs\",\"suites\",\"exclude\",\"groupLogsByTestSpec\",\"excludeDriverLogs\",\"bail\",\"framework\",\"reporters\",\"services\",\"maxInstances\",\"maxInstancesPerCapability\",\"injectGlobals\",\"filesToWatch\",\"execArgv\",\"runnerEnv\",\"runner\",\"shard\",\"specFileRetries\",\"specFileRetriesDelay\",\"specFileRetriesDeferred\",\"reporterSyncInterval\",\"reporterSyncTimeout\",\"cucumberFeaturesWithLineNumbers\",\"autoCompileOpts\",\"mochaOpts\",\"jasmineOpts\",\"cucumberOpts\",\"onPrepare\",\"onWorkerStart\",\"onWorkerEnd\",\"before\",\"beforeSession\",\"beforeSuite\",\"beforeHook\",\"beforeTest\",\"afterTest\",\"afterHook\",\"afterSuite\",\"afterSession\",\"after\",\"onComplete\",\"beforeAssertion\",\"afterAssertion\",\"beforeFeature\",\"beforeScenario\",\"beforeStep\",\"afterStep\",\"afterScenario\",\"afterFeature\",\"_\",\"suite\",\"$0\",\"ignoredWorkerServices\",\"wdi5\"]"}]}
RESULT: {"script":"<script> [2342 bytes]","args":[{"protocol":"http","hostname":"0.0.0.0","path":"/","capabilities":{"browserName":"chrome","goog:chromeOptions":{"binary":"C:\\Program Files\\Google\\Chrome\\Application\\chrome.exe","args":["--start-maximized"]}},"logLevel":"warn","connectionRetryTimeout":120000,"connectionRetryCount":3,"logLevels":{},"enableDirectConnect":true,"strictSSL":true,"_":"65 more keys: [\"cacheDir\",\"port\",\"requestedCapabilities\",\"automationProtocol\",\"baseUrl\",\"waitforInterval\",\"waitforTimeout\",\"onReload\",\"beforeCommand\",\"afterCommand\",\"rootDir\",\"specs\",\"suites\",\"exclude\",\"groupLogsByTestSpec\",\"excludeDriverLogs\",\"bail\",\"framework\",\"reporters\",\"services\",\"maxInstances\",\"maxInstancesPerCapability\",\"injectGlobals\",\"filesToWatch\",\"execArgv\",\"runnerEnv\",\"runner\",\"shard\",\"specFileRetries\",\"specFileRetriesDelay\",\"specFileRetriesDeferred\",\"reporterSyncInterval\",\"reporterSyncTimeout\",\"cucumberFeaturesWithLineNumbers\",\"autoCompileOpts\",\"mochaOpts\",\"jasmineOpts\",\"cucumberOpts\",\"onPrepare\",\"onWorkerStart\",\"onWorkerEnd\",\"before\",\"beforeSession\",\"beforeSuite\",\"beforeHook\",\"beforeTest\",\"afterTest\",\"afterHook\",\"afterSuite\",\"afterSession\",\"after\",\"onComplete\",\"beforeAssertion\",\"afterAssertion\",\"beforeFeature\",\"beforeScenario\",\"beforeStep\",\"afterStep\",\"afterScenario\",\"afterFeature\",\"_\",\"suite\",\"$0\",\"ignoredWorkerServices\",\"wdi5\"]"}]}
COMMAND: POST /session/7a77e4e78ab7f053ff1399b1683134e1/execute/async - {"script":"<script> [21126 bytes]","args":[35000]}
RESULT: {"script":"<script> [21126 bytes]","args":[35000]}
COMMAND: POST /session/7a77e4e78ab7f053ff1399b1683134e1/execute/async - {"script":"<script> [1562 bytes]","args":[{"selector":{"controlType":"sap.m.Button","viewName":"etm.portal.ui.managecatalogs.view.Detail","viewId":"application-managecatalogs-display-component---detailCatalog","i18NText":{"propertyName":"text","key":"edit"},"interaction":{"idSuffix":"BDI-content"}},"wdio_ui5_key":"etmportal.ui.managecatalogs.view.Detailsap.m.Button{\"propertyName\":\"text\",\"key\":\"edit\"}"}]}
RESULT: {"script":"<script> [1562 bytes]","args":[{"selector":{"controlType":"sap.m.Button","viewName":"etm.portal.ui.managecatalogs.view.Detail","viewId":"application-managecatalogs-display-component---detailCatalog","i18NText":{"propertyName":"text","key":"edit"},"interaction":{"idSuffix":"BDI-content"}},"wdio_ui5_key":"etmportal.ui.managecatalogs.view.Detailsap.m.Button{\"propertyName\":\"text\",\"key\":\"edit\"}"}]}
RESULT: undefined
COMMAND: POST /session/7a77e4e78ab7f053ff1399b1683134e1/element - {"using":"xpath","value":"//*[@id=\"__button25\"]"}
RESULT: {"using":"xpath","value":"//*[@id=\"__button25\"]"}
COMMAND: POST /session/7a77e4e78ab7f053ff1399b1683134e1/element/f.F34A9C30008BD60ECF93DB5E8BBA230A.d.26C4558A1256DCF2AFF913B09AE2BF46.e.7976/click - {}
RESULT: {}
COMMAND: POST /session/7a77e4e78ab7f053ff1399b1683134e1/execute/async - {"script":"<script> [1562 bytes]","args":[{"selector":{"controlType":"sap.ui.core.Icon","viewName":"etm.portal.ui.managecatalogs.view.Detail","viewId":"application-managecatalogs-display-component---detailCatalog","properties":{"src":{"regex":{"source":"add\\-document"}}}},"wdio_ui5_key":"etmportal.ui.managecatalogs.view.Detailsap.ui.core.Icon{\"src\":{\"regex\":{\"source\":\"add\\\\-document\"}}}"}]}
COMMAND: GET /session/7a77e4e78ab7f053ff1399b1683134e1/screenshot - {}
RESULT: {"script":"<script> [1562 bytes]","args":[{"selector":{"controlType":"sap.ui.core.Icon","viewName":"etm.portal.ui.managecatalogs.view.Detail","viewId":"application-managecatalogs-display-component---detailCatalog","properties":{"src":{"regex":{"source":"add\\-document"}}}},"wdio_ui5_key":"etmportal.ui.managecatalogs.view.Detailsap.ui.core.Icon{\"src\":{\"regex\":{\"source\":\"add\\\\-document\"}}}"}]}
RESULT: undefined
COMMAND: POST /session/7a77e4e78ab7f053ff1399b1683134e1/element - {"using":"xpath","value":"//*[@id=\"__button34-img\"]"}
RESULT: {}
RESULT: {"using":"xpath","value":"//*[@id=\"__button34-img\"]"}
COMMAND: POST /session/7a77e4e78ab7f053ff1399b1683134e1/element/f.F34A9C30008BD60ECF93DB5E8BBA230A.d.26C4558A1256DCF2AFF913B09AE2BF46.e.7980/click - {}
RESULT: {}
COMMAND: POST /session/7a77e4e78ab7f053ff1399b1683134e1/execute/async - {"script":"<script> [1562 bytes]","args":[{"selector":{"id":"application-managecatalogs-display-component---detailCatalog--newItemNumberInput","searchOpenDialogs":true,"interaction":{"idSuffix":"inner"}},"wdio_ui5_key":"applicationmanagecatalogs-display-component---detailCatalog--newItemNumberInput"}]}
COMMAND: GET /session/7a77e4e78ab7f053ff1399b1683134e1/screenshot - {}
RESULT: {"script":"<script> [1562 bytes]","args":[{"selector":{"id":"application-managecatalogs-display-component---detailCatalog--newItemNumberInput","searchOpenDialogs":true,"interaction":{"idSuffix":"inner"}},"wdio_ui5_key":"applicationmanagecatalogs-display-component---detailCatalog--newItemNumberInput"}]}
RESULT: undefined
COMMAND: POST /session/7a77e4e78ab7f053ff1399b1683134e1/execute/async - {"script":"<script> [776 bytes]","args":[{"enterText":"catalogItemyb67h","selector":{"id":"application-managecatalogs-display-component---detailCatalog--newItemNumberInput","searchOpenDialogs":true,"interaction":{"idSuffix":"inner"}},"clearTextFirst":true,"interactionType":"ENTER_TEXT"}]}
RESULT: {}
RESULT: {"script":"<script> [776 bytes]","args":[{"enterText":"catalogItemyb67h","selector":{"id":"application-managecatalogs-display-component---detailCatalog--newItemNumberInput","searchOpenDialogs":true,"interaction":{"idSuffix":"inner"}},"clearTextFirst":true,"interactionType":"ENTER_TEXT"}]}
COMMAND: POST /session/7a77e4e78ab7f053ff1399b1683134e1/execute/async - {"script":"<script> [1562 bytes]","args":[{"selector":{"controlType":"sap.m.Input","viewName":"etm.portal.ui.managecatalogs.view.Detail","viewId":"application-managecatalogs-display-component---detailCatalog","bindingPath":{"path":"","propertyPath":"/DESCRIPTION"},"searchOpenDialogs":true,"interaction":{"idSuffix":"inner"}},"wdio_ui5_key":"etmportal.ui.managecatalogs.view.Detailsap.m.Input{\"path\":\"\",\"propertyPath\":\"/DESCRIPTION\"}"}]}
RESULT: {"script":"<script> [1562 bytes]","args":[{"selector":{"controlType":"sap.m.Input","viewName":"etm.portal.ui.managecatalogs.view.Detail","viewId":"application-managecatalogs-display-component---detailCatalog","bindingPath":{"path":"","propertyPath":"/DESCRIPTION"},"searchOpenDialogs":true,"interaction":{"idSuffix":"inner"}},"wdio_ui5_key":"etmportal.ui.managecatalogs.view.Detailsap.m.Input{\"path\":\"\",\"propertyPath\":\"/DESCRIPTION\"}"}]}
RESULT: undefined
COMMAND: POST /session/7a77e4e78ab7f053ff1399b1683134e1/execute/async - {"script":"<script> [776 bytes]","args":[{"enterText":"catalogItemNamejp022","selector":{"controlType":"sap.m.Input","viewName":"etm.portal.ui.managecatalogs.view.Detail","viewId":"application-managecatalogs-display-component---detailCatalog","bindingPath":{"path":"","propertyPath":"/DESCRIPTION"},"searchOpenDialogs":true,"interaction":{"idSuffix":"inner"}},"clearTextFirst":true,"interactionType":"ENTER_TEXT"}]}
RESULT: {"script":"<script> [776 bytes]","args":[{"enterText":"catalogItemNamejp022","selector":{"controlType":"sap.m.Input","viewName":"etm.portal.ui.managecatalogs.view.Detail","viewId":"application-managecatalogs-display-component---detailCatalog","bindingPath":{"path":"","propertyPath":"/DESCRIPTION"},"searchOpenDialogs":true,"interaction":{"idSuffix":"inner"}},"clearTextFirst":true,"interactionType":"ENTER_TEXT"}]}
COMMAND: POST /session/7a77e4e78ab7f053ff1399b1683134e1/execute/async - {"script":"<script> [1562 bytes]","args":[{"selector":{"controlType":"sap.m.Button","viewName":"etm.portal.ui.managecatalogs.view.Detail","viewId":"application-managecatalogs-display-component---detailCatalog","i18NText":{"propertyName":"text","key":"create"},"searchOpenDialogs":true,"interaction":{"idSuffix":"BDI-content"}},"wdio_ui5_key":"etmportal.ui.managecatalogs.view.Detailsap.m.Button{\"propertyName\":\"text\",\"key\":\"create\"}"}]}
RESULT: {"script":"<script> [1562 bytes]","args":[{"selector":{"controlType":"sap.m.Button","viewName":"etm.portal.ui.managecatalogs.view.Detail","viewId":"application-managecatalogs-display-component---detailCatalog","i18NText":{"propertyName":"text","key":"create"},"searchOpenDialogs":true,"interaction":{"idSuffix":"BDI-content"}},"wdio_ui5_key":"etmportal.ui.managecatalogs.view.Detailsap.m.Button{\"propertyName\":\"text\",\"key\":\"create\"}"}]}
RESULT: undefined
COMMAND: POST /session/7a77e4e78ab7f053ff1399b1683134e1/element - {"using":"xpath","value":"//*[@id=\"__button9\"]"}
RESULT: {"using":"xpath","value":"//*[@id=\"__button9\"]"}
COMMAND: POST /session/7a77e4e78ab7f053ff1399b1683134e1/element/f.F34A9C30008BD60ECF93DB5E8BBA230A.d.26C4558A1256DCF2AFF913B09AE2BF46.e.7990/click - {}
RESULT: {}
COMMAND: GET /session/7a77e4e78ab7f053ff1399b1683134e1/screenshot - {}
RESULT: {}
COMMAND: POST /session/7a77e4e78ab7f053ff1399b1683134e1/element - {"using":"xpath","value":"//button[@title=\"Save\"]"}
RESULT: {"using":"xpath","value":"//button[@title=\"Save\"]"}
COMMAND: POST /session/7a77e4e78ab7f053ff1399b1683134e1/element/f.F34A9C30008BD60ECF93DB5E8BBA230A.d.26C4558A1256DCF2AFF913B09AE2BF46.e.7991/click - {}
RESULT: {}
COMMAND: GET /session/7a77e4e78ab7f053ff1399b1683134e1/screenshot - {}
RESULT: {}
COMMAND: POST /session/7a77e4e78ab7f053ff1399b1683134e1/execute/async - {"script":"<script> [1562 bytes]","args":[{"selector":{"controlType":"sap.ui.core.Icon","viewName":"etm.portal.ui.managecatalogs.view.Detail","viewId":"application-managecatalogs-display-component---detailCatalog","properties":{"src":{"regex":{"source":"decline"}}}},"wdio_ui5_key":"etmportal.ui.managecatalogs.view.Detailsap.ui.core.Icon{\"src\":{\"regex\":{\"source\":\"decline\"}}}"}]}
RESULT: {"script":"<script> [1562 bytes]","args":[{"selector":{"controlType":"sap.ui.core.Icon","viewName":"etm.portal.ui.managecatalogs.view.Detail","viewId":"application-managecatalogs-display-component---detailCatalog","properties":{"src":{"regex":{"source":"decline"}}}},"wdio_ui5_key":"etmportal.ui.managecatalogs.view.Detailsap.ui.core.Icon{\"src\":{\"regex\":{\"source\":\"decline\"}}}"}]}
RESULT: undefined
COMMAND: POST /session/7a77e4e78ab7f053ff1399b1683134e1/element - {"using":"xpath","value":"//*[@id=\"__button28-img\"]"}
RESULT: {"using":"xpath","value":"//*[@id=\"__button28-img\"]"}
COMMAND: POST /session/7a77e4e78ab7f053ff1399b1683134e1/element/f.F34A9C30008BD60ECF93DB5E8BBA230A.d.26C4558A1256DCF2AFF913B09AE2BF46.e.7996/click - {}
RESULT: {}
COMMAND: GET /session/7a77e4e78ab7f053ff1399b1683134e1/screenshot - {}
RESULT: {}
COMMAND: POST /session/7a77e4e78ab7f053ff1399b1683134e1/execute/async - {"script":"<script> [1562 bytes]","args":[{"selector":{"controlType":"sap.ui.core.Icon","viewName":"etm.portal.ui.managecatalogs.view.MasterItems","viewId":"application-managecatalogs-display-component---masterCatalogItems","properties":{"src":{"regex":{"source":"refresh"}}}},"wdio_ui5_key":"etmportal.ui.managecatalogs.view.MasterItemssap.ui.core.Icon{\"src\":{\"regex\":{\"source\":\"refresh\"}}}"}]}
RESULT: {"script":"<script> [1562 bytes]","args":[{"selector":{"controlType":"sap.ui.core.Icon","viewName":"etm.portal.ui.managecatalogs.view.MasterItems","viewId":"application-managecatalogs-display-component---masterCatalogItems","properties":{"src":{"regex":{"source":"refresh"}}}},"wdio_ui5_key":"etmportal.ui.managecatalogs.view.MasterItemssap.ui.core.Icon{\"src\":{\"regex\":{\"source\":\"refresh\"}}}"}]}
RESULT: undefined
COMMAND: POST /session/7a77e4e78ab7f053ff1399b1683134e1/element - {"using":"xpath","value":"//*[@id=\"__button1-img\"]"}
RESULT: {"using":"xpath","value":"//*[@id=\"__button1-img\"]"}
COMMAND: POST /session/7a77e4e78ab7f053ff1399b1683134e1/element/f.F34A9C30008BD60ECF93DB5E8BBA230A.d.26C4558A1256DCF2AFF913B09AE2BF46.e.8004/click - {}
RESULT: {}
COMMAND: GET /session/7a77e4e78ab7f053ff1399b1683134e1/screenshot - {}
RESULT: {}
COMMAND: POST /session/7a77e4e78ab7f053ff1399b1683134e1/execute/async - {"script":"<script> [1562 bytes]","args":[{"selector":{"id":"application-managecatalogs-display-component---masterCatalogItems--searchItemsField","interaction":{"idSuffix":"I"}},"wdio_ui5_key":"applicationmanagecatalogs-display-component---masterCatalogItems--searchItemsField"}]}
RESULT: {"script":"<script> [1562 bytes]","args":[{"selector":{"id":"application-managecatalogs-display-component---masterCatalogItems--searchItemsField","interaction":{"idSuffix":"I"}},"wdio_ui5_key":"applicationmanagecatalogs-display-component---masterCatalogItems--searchItemsField"}]}
RESULT: undefined
COMMAND: POST /session/7a77e4e78ab7f053ff1399b1683134e1/execute/async - {"script":"<script> [776 bytes]","args":[{"enterText":"catalogItemNamejp022","selector":{"id":"application-managecatalogs-display-component---masterCatalogItems--searchItemsField","interaction":{"idSuffix":"I"}},"clearTextFirst":true,"interactionType":"ENTER_TEXT"}]}
RESULT: {"script":"<script> [776 bytes]","args":[{"enterText":"catalogItemNamejp022","selector":{"id":"application-managecatalogs-display-component---masterCatalogItems--searchItemsField","interaction":{"idSuffix":"I"}},"clearTextFirst":true,"interactionType":"ENTER_TEXT"}]}
COMMAND: POST /session/7a77e4e78ab7f053ff1399b1683134e1/actions - {"actions":[{"id":"action50","type":"key","parameters":{},"actions":[{"type":"keyDown","value":"î€‡"},{"type":"pause","duration":10},{"type":"keyUp","value":"î€‡"}]}]}
RESULT: {"actions":[{"id":"action50","type":"key","parameters":{},"actions":[{"type":"keyDown","value":"î€‡"},{"type":"pause","duration":10},{"type":"keyUp","value":"î€‡"}]}]}
COMMAND: POST /session/7a77e4e78ab7f053ff1399b1683134e1/element - {"using":"xpath","value":"(//span[contains(text(), \"catalogItemNamejp022\")])[1]"}
COMMAND: GET /session/7a77e4e78ab7f053ff1399b1683134e1/screenshot - {}
RESULT: {"using":"xpath","value":"(//span[contains(text(), \"catalogItemNamejp022\")])[1]"}
COMMAND: POST /session/7a77e4e78ab7f053ff1399b1683134e1/element/f.F34A9C30008BD60ECF93DB5E8BBA230A.d.26C4558A1256DCF2AFF913B09AE2BF46.e.8041/click - {}
RESULT: {}
RESULT: {}
COMMAND: GET /session/7a77e4e78ab7f053ff1399b1683134e1/screenshot - {}
RESULT: {}
COMMAND: POST /session/7a77e4e78ab7f053ff1399b1683134e1/element - {"using":"xpath","value":"//span[contains(text(), \"catalogItemyb67h\")]"}
RESULT: {"using":"xpath","value":"//span[contains(text(), \"catalogItemyb67h\")]"}
COMMAND: GET /session/7a77e4e78ab7f053ff1399b1683134e1/element/f.F34A9C30008BD60ECF93DB5E8BBA230A.d.26C4558A1256DCF2AFF913B09AE2BF46.e.8103/text - {}
RESULT: {}
]]></system-out>
    </testcase>
    <testcase classname="chrome.136_0_7103_93.windows.Manage_requests_-_requests_specifications_US141095" name="Should add the classification to the catalog item" time="44.99">
      <system-out><![CDATA[
RESULT: undefined
COMMAND: POST /session/7a77e4e78ab7f053ff1399b1683134e1/element - {"using":"xpath","value":"//*[@id=\"__button25\"]"}
RESULT: {"using":"xpath","value":"//*[@id=\"__button25\"]"}
COMMAND: POST /session/7a77e4e78ab7f053ff1399b1683134e1/element/f.F34A9C30008BD60ECF93DB5E8BBA230A.d.26C4558A1256DCF2AFF913B09AE2BF46.e.8104/click - {}
RESULT: {}
COMMAND: GET /session/7a77e4e78ab7f053ff1399b1683134e1/screenshot - {}
RESULT: {}
COMMAND: POST /session/7a77e4e78ab7f053ff1399b1683134e1/execute/async - {"script":"<script> [1562 bytes]","args":[{"selector":{"id":"application-managecatalogs-display-component---detailCatalog--BASE_UNIT_OF_MEASURE-arrow"},"wdio_ui5_key":"applicationmanagecatalogs-display-component---detailCatalog--BASE_UNIT_OF_MEASURE-arrow"}]}
RESULT: {"script":"<script> [1562 bytes]","args":[{"selector":{"id":"application-managecatalogs-display-component---detailCatalog--BASE_UNIT_OF_MEASURE-arrow"},"wdio_ui5_key":"applicationmanagecatalogs-display-component---detailCatalog--BASE_UNIT_OF_MEASURE-arrow"}]}
RESULT: undefined
COMMAND: POST /session/7a77e4e78ab7f053ff1399b1683134e1/element - {"using":"xpath","value":"//*[@id=\"application-managecatalogs-display-component---detailCatalog--BASE_UNIT_OF_MEASURE-arrow\"]"}
RESULT: {"using":"xpath","value":"//*[@id=\"application-managecatalogs-display-component---detailCatalog--BASE_UNIT_OF_MEASURE-arrow\"]"}
COMMAND: POST /session/7a77e4e78ab7f053ff1399b1683134e1/element/f.F34A9C30008BD60ECF93DB5E8BBA230A.d.26C4558A1256DCF2AFF913B09AE2BF46.e.8131/click - {}
RESULT: {}
COMMAND: POST /session/7a77e4e78ab7f053ff1399b1683134e1/execute/async - {"script":"<script> [1562 bytes]","args":[{"selector":{"controlType":"sap.m.StandardListItem","viewName":"etm.portal.ui.managecatalogs.view.Detail","viewId":"application-managecatalogs-display-component---detailCatalog","properties":{"title":"Piece"},"searchOpenDialogs":true,"interaction":{"idSuffix":"titleText"}},"wdio_ui5_key":"etmportal.ui.managecatalogs.view.Detailsap.m.StandardListItem{\"title\":\"Piece\"}"}]}
COMMAND: GET /session/7a77e4e78ab7f053ff1399b1683134e1/screenshot - {}
RESULT: {"script":"<script> [1562 bytes]","args":[{"selector":{"controlType":"sap.m.StandardListItem","viewName":"etm.portal.ui.managecatalogs.view.Detail","viewId":"application-managecatalogs-display-component---detailCatalog","properties":{"title":"Piece"},"searchOpenDialogs":true,"interaction":{"idSuffix":"titleText"}},"wdio_ui5_key":"etmportal.ui.managecatalogs.view.Detailsap.m.StandardListItem{\"title\":\"Piece\"}"}]}
RESULT: undefined
COMMAND: POST /session/7a77e4e78ab7f053ff1399b1683134e1/element - {"using":"xpath","value":"//*[@id=\"__item225\"]"}
RESULT: {}
RESULT: {"using":"xpath","value":"//*[@id=\"__item225\"]"}
COMMAND: POST /session/7a77e4e78ab7f053ff1399b1683134e1/element/f.F34A9C30008BD60ECF93DB5E8BBA230A.d.26C4558A1256DCF2AFF913B09AE2BF46.e.8135/click - {}
RESULT: {}
COMMAND: POST /session/7a77e4e78ab7f053ff1399b1683134e1/element - {"using":"xpath","value":"//button[contains(@data-kt ,\"ClassificationAddClassButton\")]"}
COMMAND: GET /session/7a77e4e78ab7f053ff1399b1683134e1/screenshot - {}
RESULT: {"using":"xpath","value":"//button[contains(@data-kt ,\"ClassificationAddClassButton\")]"}
COMMAND: POST /session/7a77e4e78ab7f053ff1399b1683134e1/element/f.F34A9C30008BD60ECF93DB5E8BBA230A.d.26C4558A1256DCF2AFF913B09AE2BF46.e.8136/click - {}
RESULT: {}
RESULT: {}
COMMAND: GET /session/7a77e4e78ab7f053ff1399b1683134e1/screenshot - {}
RESULT: {}
COMMAND: POST /session/7a77e4e78ab7f053ff1399b1683134e1/element - {"using":"xpath","value":"//input[contains(@id ,\"searchField-I\")]"}
RESULT: {"using":"xpath","value":"//input[contains(@id ,\"searchField-I\")]"}
COMMAND: POST /session/7a77e4e78ab7f053ff1399b1683134e1/element/f.F34A9C30008BD60ECF93DB5E8BBA230A.d.26C4558A1256DCF2AFF913B09AE2BF46.e.8139/value - {"text":"WebdriverItemClass5eabq"}
RESULT: {"text":"WebdriverItemClass5eabq"}
COMMAND: POST /session/7a77e4e78ab7f053ff1399b1683134e1/actions - {"actions":[{"id":"action51","type":"key","parameters":{},"actions":[{"type":"keyDown","value":"î€‡"},{"type":"pause","duration":10},{"type":"keyUp","value":"î€‡"}]}]}
COMMAND: GET /session/7a77e4e78ab7f053ff1399b1683134e1/screenshot - {}
RESULT: {"actions":[{"id":"action51","type":"key","parameters":{},"actions":[{"type":"keyDown","value":"î€‡"},{"type":"pause","duration":10},{"type":"keyUp","value":"î€‡"}]}]}
COMMAND: GET /session/7a77e4e78ab7f053ff1399b1683134e1/screenshot - {}
RESULT: {}
RESULT: {}
COMMAND: POST /session/7a77e4e78ab7f053ff1399b1683134e1/element - {"using":"xpath","value":"//span[contains(text(), \"WebdriverItemClass5eabq\")]"}
RESULT: {"using":"xpath","value":"//span[contains(text(), \"WebdriverItemClass5eabq\")]"}
COMMAND: POST /session/7a77e4e78ab7f053ff1399b1683134e1/element/f.F34A9C30008BD60ECF93DB5E8BBA230A.d.26C4558A1256DCF2AFF913B09AE2BF46.e.8154/click - {}
RESULT: {}
COMMAND: GET /session/7a77e4e78ab7f053ff1399b1683134e1/screenshot - {}
RESULT: {}
COMMAND: POST /session/7a77e4e78ab7f053ff1399b1683134e1/execute/async - {"script":"<script> [1562 bytes]","args":[{"selector":{"controlType":"sap.m.Button","viewName":"etm.portal.ui.managecatalogs.view.Detail","viewId":"application-managecatalogs-display-component---detailCatalog","properties":{"text":"Classification"},"interaction":{"idSuffix":"BDI-content"}},"wdio_ui5_key":"etmportal.ui.managecatalogs.view.Detailsap.m.Button{\"text\":\"Classification\"}"}]}
RESULT: {"script":"<script> [1562 bytes]","args":[{"selector":{"controlType":"sap.m.Button","viewName":"etm.portal.ui.managecatalogs.view.Detail","viewId":"application-managecatalogs-display-component---detailCatalog","properties":{"text":"Classification"},"interaction":{"idSuffix":"BDI-content"}},"wdio_ui5_key":"etmportal.ui.managecatalogs.view.Detailsap.m.Button{\"text\":\"Classification\"}"}]}
RESULT: undefined
COMMAND: POST /session/7a77e4e78ab7f053ff1399b1683134e1/element - {"using":"xpath","value":"//*[@id=\"application-managecatalogs-display-component---detailCatalog--ObjectPageLayout-anchBar-__section3-anchor\"]"}
RESULT: {"using":"xpath","value":"//*[@id=\"application-managecatalogs-display-component---detailCatalog--ObjectPageLayout-anchBar-__section3-anchor\"]"}
COMMAND: POST /session/7a77e4e78ab7f053ff1399b1683134e1/element/f.F34A9C30008BD60ECF93DB5E8BBA230A.d.26C4558A1256DCF2AFF913B09AE2BF46.e.8159/click - {}
RESULT: {}
COMMAND: POST /session/7a77e4e78ab7f053ff1399b1683134e1/execute/async - {"script":"<script> [1562 bytes]","args":[{"selector":{"controlType":"sap.ui.core.Icon","viewName":"etm.portal.ui.managecatalogs.view.Detail","viewId":"application-managecatalogs-display-component---detailCatalog","properties":{"src":{"regex":{"source":"slim\\-arrow\\-right"}}},"ancestor":{"controlType":"sap.m.Panel","viewName":"etm.portal.ui.managecatalogs.view.Detail","viewId":"application-managecatalogs-display-component---detailCatalog"}},"wdio_ui5_key":"etmportal.ui.managecatalogs.view.Detailsap.ui.core.Icon{\"src\":{\"regex\":{\"source\":\"slim\\\\-arrow\\\\-right\"}}}{\"controlType\":\"sap.m.Panel\",\"viewName\":\"etm.portal.ui.managecatalogs.view.Detail\",\"viewId\":\"application-managecatalogs-display-component---detailCatalog\"}"}]}
COMMAND: GET /session/7a77e4e78ab7f053ff1399b1683134e1/screenshot - {}
RESULT: {"script":"<script> [1562 bytes]","args":[{"selector":{"controlType":"sap.ui.core.Icon","viewName":"etm.portal.ui.managecatalogs.view.Detail","viewId":"application-managecatalogs-display-component---detailCatalog","properties":{"src":{"regex":{"source":"slim\\-arrow\\-right"}}},"ancestor":{"controlType":"sap.m.Panel","viewName":"etm.portal.ui.managecatalogs.view.Detail","viewId":"application-managecatalogs-display-component---detailCatalog"}},"wdio_ui5_key":"etmportal.ui.managecatalogs.view.Detailsap.ui.core.Icon{\"src\":{\"regex\":{\"source\":\"slim\\\\-arrow\\\\-right\"}}}{\"controlType\":\"sap.m.Panel\",\"viewName\":\"etm.portal.ui.managecatalogs.view.Detail\",\"viewId\":\"application-managecatalogs-display-component---detailCatalog\"}"}]}
RESULT: undefined
COMMAND: POST /session/7a77e4e78ab7f053ff1399b1683134e1/element - {"using":"xpath","value":"//*[@id=\"__panel0-__layout17-0-expandButton-img\"]"}
RESULT: {}
RESULT: {"using":"xpath","value":"//*[@id=\"__panel0-__layout17-0-expandButton-img\"]"}
COMMAND: POST /session/7a77e4e78ab7f053ff1399b1683134e1/element/f.F34A9C30008BD60ECF93DB5E8BBA230A.d.26C4558A1256DCF2AFF913B09AE2BF46.e.8165/click - {}
RESULT: {}
COMMAND: POST /session/7a77e4e78ab7f053ff1399b1683134e1/execute/async - {"script":"<script> [1562 bytes]","args":[{"selector":{"controlType":"sap.ui.core.Icon","viewName":"etm.portal.ui.managecatalogs.view.Detail","viewId":"application-managecatalogs-display-component---detailCatalog","properties":{"src":{"regex":{"source":"slim\\-arrow\\-down"}}},"ancestor":{"controlType":"sap.m.ColumnListItem","viewName":"etm.portal.ui.managecatalogs.view.Detail","viewId":"application-managecatalogs-display-component---detailCatalog","bindingPath":{"modelName":"classModel","path":"/data/0/PROPERTIES/0"},"ancestor":{"controlType":"sap.m.Table","viewName":"etm.portal.ui.managecatalogs.view.Detail","viewId":"application-managecatalogs-display-component---detailCatalog","bindingPath":{"path":"/data/0","propertyPath":"PROPERTIES","modelName":"classModel"}}}},"wdio_ui5_key":"etmportal.ui.managecatalogs.view.Detailsap.ui.core.Icon{\"src\":{\"regex\":{\"source\":\"slim\\\\-arrow\\\\-down\"}}}{\"controlType\":\"sap.m.ColumnListItem\",\"viewName\":\"etm.portal.ui.managecatalogs.view.Detail\",\"viewId\":\"application-managecatalogs-display-component---detailCatalog\",\"bindingPath\":{\"modelName\":\"classModel\",\"path\":\"/data/0/PROPERTIES/0\"},\"ancestor\":{\"controlType\":\"sap.m.Table\",\"viewName\":\"etm.portal.ui.managecatalogs.view.Detail\",\"viewId\":\"application-managecatalogs-display-component---detailCatalog\",\"bindingPath\":{\"path\":\"/data/0\",\"propertyPath\":\"PROPERTIES\",\"modelName\":\"classModel\"}}}"}]}
COMMAND: GET /session/7a77e4e78ab7f053ff1399b1683134e1/screenshot - {}
RESULT: {"script":"<script> [1562 bytes]","args":[{"selector":{"controlType":"sap.ui.core.Icon","viewName":"etm.portal.ui.managecatalogs.view.Detail","viewId":"application-managecatalogs-display-component---detailCatalog","properties":{"src":{"regex":{"source":"slim\\-arrow\\-down"}}},"ancestor":{"controlType":"sap.m.ColumnListItem","viewName":"etm.portal.ui.managecatalogs.view.Detail","viewId":"application-managecatalogs-display-component---detailCatalog","bindingPath":{"modelName":"classModel","path":"/data/0/PROPERTIES/0"},"ancestor":{"controlType":"sap.m.Table","viewName":"etm.portal.ui.managecatalogs.view.Detail","viewId":"application-managecatalogs-display-component---detailCatalog","bindingPath":{"path":"/data/0","propertyPath":"PROPERTIES","modelName":"classModel"}}}},"wdio_ui5_key":"etmportal.ui.managecatalogs.view.Detailsap.ui.core.Icon{\"src\":{\"regex\":{\"source\":\"slim\\\\-arrow\\\\-down\"}}}{\"controlType\":\"sap.m.ColumnListItem\",\"viewName\":\"etm.portal.ui.managecatalogs.view.Detail\",\"viewId\":\"application-managecatalogs-display-component---detailCatalog\",\"bindingPath\":{\"modelName\":\"classModel\",\"path\":\"/data/0/PROPERTIES/0\"},\"ancestor\":{\"controlType\":\"sap.m.Table\",\"viewName\":\"etm.portal.ui.managecatalogs.view.Detail\",\"viewId\":\"application-managecatalogs-display-component---detailCatalog\",\"bindingPath\":{\"path\":\"/data/0\",\"propertyPath\":\"PROPERTIES\",\"modelName\":\"classModel\"}}}"}]}
RESULT: undefined
COMMAND: POST /session/7a77e4e78ab7f053ff1399b1683134e1/element - {"using":"xpath","value":"//*[@id=\"__box31-arrow\"]"}
RESULT: {}
RESULT: {"using":"xpath","value":"//*[@id=\"__box31-arrow\"]"}
COMMAND: POST /session/7a77e4e78ab7f053ff1399b1683134e1/element/f.F34A9C30008BD60ECF93DB5E8BBA230A.d.26C4558A1256DCF2AFF913B09AE2BF46.e.8179/click - {}
RESULT: {}
COMMAND: POST /session/7a77e4e78ab7f053ff1399b1683134e1/execute/async - {"script":"<script> [1562 bytes]","args":[{"selector":{"controlType":"sap.m.StandardListItem","viewName":"etm.portal.ui.managecatalogs.view.Detail","viewId":"application-managecatalogs-display-component---detailCatalog","properties":{"title":"red"},"searchOpenDialogs":true,"interaction":{"idSuffix":"content"}},"wdio_ui5_key":"etmportal.ui.managecatalogs.view.Detailsap.m.StandardListItem{\"title\":\"red\"}"}]}
COMMAND: GET /session/7a77e4e78ab7f053ff1399b1683134e1/screenshot - {}
RESULT: {"script":"<script> [1562 bytes]","args":[{"selector":{"controlType":"sap.m.StandardListItem","viewName":"etm.portal.ui.managecatalogs.view.Detail","viewId":"application-managecatalogs-display-component---detailCatalog","properties":{"title":"red"},"searchOpenDialogs":true,"interaction":{"idSuffix":"content"}},"wdio_ui5_key":"etmportal.ui.managecatalogs.view.Detailsap.m.StandardListItem{\"title\":\"red\"}"}]}
RESULT: undefined
COMMAND: POST /session/7a77e4e78ab7f053ff1399b1683134e1/element - {"using":"xpath","value":"//*[@id=\"__item233\"]"}
RESULT: {}
RESULT: {"using":"xpath","value":"//*[@id=\"__item233\"]"}
COMMAND: POST /session/7a77e4e78ab7f053ff1399b1683134e1/element/f.F34A9C30008BD60ECF93DB5E8BBA230A.d.26C4558A1256DCF2AFF913B09AE2BF46.e.8182/click - {}
RESULT: {}
COMMAND: GET /session/7a77e4e78ab7f053ff1399b1683134e1/screenshot - {}
RESULT: {}
COMMAND: POST /session/7a77e4e78ab7f053ff1399b1683134e1/execute/async - {"script":"<script> [1562 bytes]","args":[{"selector":{"controlType":"sap.m.Button","viewName":"etm.portal.ui.managecatalogs.view.Detail","viewId":"application-managecatalogs-display-component---detailCatalog","i18NText":{"propertyName":"text","key":"save"},"interaction":{"idSuffix":"BDI-content"}},"wdio_ui5_key":"etmportal.ui.managecatalogs.view.Detailsap.m.Button{\"propertyName\":\"text\",\"key\":\"save\"}"}]}
RESULT: {"script":"<script> [1562 bytes]","args":[{"selector":{"controlType":"sap.m.Button","viewName":"etm.portal.ui.managecatalogs.view.Detail","viewId":"application-managecatalogs-display-component---detailCatalog","i18NText":{"propertyName":"text","key":"save"},"interaction":{"idSuffix":"BDI-content"}},"wdio_ui5_key":"etmportal.ui.managecatalogs.view.Detailsap.m.Button{\"propertyName\":\"text\",\"key\":\"save\"}"}]}
RESULT: undefined
COMMAND: POST /session/7a77e4e78ab7f053ff1399b1683134e1/element - {"using":"xpath","value":"//*[@id=\"__button43\"]"}
RESULT: {"using":"xpath","value":"//*[@id=\"__button43\"]"}
COMMAND: POST /session/7a77e4e78ab7f053ff1399b1683134e1/element/f.F34A9C30008BD60ECF93DB5E8BBA230A.d.26C4558A1256DCF2AFF913B09AE2BF46.e.8107/click - {}
RESULT: {}
COMMAND: GET /session/7a77e4e78ab7f053ff1399b1683134e1/screenshot - {}
RESULT: {}
COMMAND: POST /session/7a77e4e78ab7f053ff1399b1683134e1/element - {"using":"css selector","value":"#shell-header-logo"}
RESULT: {"using":"css selector","value":"#shell-header-logo"}
COMMAND: POST /session/7a77e4e78ab7f053ff1399b1683134e1/element/f.F34A9C30008BD60ECF93DB5E8BBA230A.d.26C4558A1256DCF2AFF913B09AE2BF46.e.7941/click - {}
RESULT: {}
COMMAND: GET /session/7a77e4e78ab7f053ff1399b1683134e1/screenshot - {}
]]></system-out>
    </testcase>
    <testcase classname="chrome.136_0_7103_93.windows.Manage_requests_-_requests_specifications_US141095" name="Should create a new request and add the catalog item with the specifications" time="143.935">
      <system-out><![CDATA[
COMMAND: POST /session/7a77e4e78ab7f053ff1399b1683134e1/execute/async - {"script":"<script> [1562 bytes]","args":[{"selector":{"controlType":"sap.m.GenericTile","properties":{"header":"Manage Requests"}},"wdio_ui5_key":"sapm.GenericTile{\"header\":\"Manage Requests\"}"}]}
RESULT: {}
RESULT: {"script":"<script> [1562 bytes]","args":[{"selector":{"controlType":"sap.m.GenericTile","properties":{"header":"Manage Requests"}},"wdio_ui5_key":"sapm.GenericTile{\"header\":\"Manage Requests\"}"}]}
RESULT: undefined
COMMAND: POST /session/7a77e4e78ab7f053ff1399b1683134e1/element - {"using":"xpath","value":"//*[@id=\"__tile47\"]"}
RESULT: {"using":"xpath","value":"//*[@id=\"__tile47\"]"}
COMMAND: POST /session/7a77e4e78ab7f053ff1399b1683134e1/element/f.F34A9C30008BD60ECF93DB5E8BBA230A.d.26C4558A1256DCF2AFF913B09AE2BF46.e.8214/click - {}
RESULT: {}
COMMAND: GET /session/7a77e4e78ab7f053ff1399b1683134e1/screenshot - {}
RESULT: {}
COMMAND: POST /session/7a77e4e78ab7f053ff1399b1683134e1/elements - {"using":"xpath","value":"//span[text()='Error']"}
RESULT: {"using":"xpath","value":"//span[text()='Error']"}
COMMAND: POST /session/7a77e4e78ab7f053ff1399b1683134e1/element - {"using":"xpath","value":"//button[contains(@data-kt ,\"btnCreateNewOverflowToolbarButton\")]"}
COMMAND: POST /session/7a77e4e78ab7f053ff1399b1683134e1/element - {"using":"xpath","value":"(//span[contains(@class ,\"sapMObjStatusText\")])[1]"}
RESULT: {"using":"xpath","value":"//button[contains(@data-kt ,\"btnCreateNewOverflowToolbarButton\")]"}
COMMAND: POST /session/7a77e4e78ab7f053ff1399b1683134e1/element/f.F34A9C30008BD60ECF93DB5E8BBA230A.d.26C4558A1256DCF2AFF913B09AE2BF46.e.8270/click - {}
RESULT: {"using":"xpath","value":"(//span[contains(@class ,\"sapMObjStatusText\")])[1]"}
COMMAND: POST /session/7a77e4e78ab7f053ff1399b1683134e1/execute/sync - {"script":"<script> [8489 bytes]","args":[{"element-6066-11e4-a52e-4f735466cecf":"f.F34A9C30008BD60ECF93DB5E8BBA230A.d.26C4558A1256DCF2AFF913B09AE2BF46.e.8309","ELEMENT":"f.F34A9C30008BD60ECF93DB5E8BBA230A.d.26C4558A1256DCF2AFF913B09AE2BF46.e.8309"}]}
RESULT: {}
COMMAND: GET /session/7a77e4e78ab7f053ff1399b1683134e1/screenshot - {}
RESULT: {"script":"<script> [8489 bytes]","args":[{"element-6066-11e4-a52e-4f735466cecf":"f.F34A9C30008BD60ECF93DB5E8BBA230A.d.26C4558A1256DCF2AFF913B09AE2BF46.e.8309","ELEMENT":"f.F34A9C30008BD60ECF93DB5E8BBA230A.d.26C4558A1256DCF2AFF913B09AE2BF46.e.8309"}]}
COMMAND: GET /session/7a77e4e78ab7f053ff1399b1683134e1/screenshot - {}
RESULT: {}
RESULT: {}
COMMAND: POST /session/7a77e4e78ab7f053ff1399b1683134e1/element - {"using":"xpath","value":"//input[contains(@id ,\"yardId-inner\")]"}
RESULT: {"using":"xpath","value":"//input[contains(@id ,\"yardId-inner\")]"}
COMMAND: POST /session/7a77e4e78ab7f053ff1399b1683134e1/execute/sync - {"script":"<script> [8489 bytes]","args":[{"element-6066-11e4-a52e-4f735466cecf":"f.F34A9C30008BD60ECF93DB5E8BBA230A.d.26C4558A1256DCF2AFF913B09AE2BF46.e.8393","ELEMENT":"f.F34A9C30008BD60ECF93DB5E8BBA230A.d.26C4558A1256DCF2AFF913B09AE2BF46.e.8393"}]}
RESULT: {"script":"<script> [8489 bytes]","args":[{"element-6066-11e4-a52e-4f735466cecf":"f.F34A9C30008BD60ECF93DB5E8BBA230A.d.26C4558A1256DCF2AFF913B09AE2BF46.e.8393","ELEMENT":"f.F34A9C30008BD60ECF93DB5E8BBA230A.d.26C4558A1256DCF2AFF913B09AE2BF46.e.8393"}]}
COMMAND: POST /session/7a77e4e78ab7f053ff1399b1683134e1/element - {"using":"xpath","value":"//input[contains(@id ,\"yardId-inner\")]"}
COMMAND: GET /session/7a77e4e78ab7f053ff1399b1683134e1/screenshot - {}
RESULT: {"using":"xpath","value":"//input[contains(@id ,\"yardId-inner\")]"}
COMMAND: GET /session/7a77e4e78ab7f053ff1399b1683134e1/element/f.F34A9C30008BD60ECF93DB5E8BBA230A.d.26C4558A1256DCF2AFF913B09AE2BF46.e.8393/enabled - {}
RESULT: {}
RESULT: {}
COMMAND: POST /session/7a77e4e78ab7f053ff1399b1683134e1/element/f.F34A9C30008BD60ECF93DB5E8BBA230A.d.26C4558A1256DCF2AFF913B09AE2BF46.e.8393/clear - {}
COMMAND: GET /session/7a77e4e78ab7f053ff1399b1683134e1/screenshot - {}
RESULT: {}
COMMAND: POST /session/7a77e4e78ab7f053ff1399b1683134e1/element/f.F34A9C30008BD60ECF93DB5E8BBA230A.d.26C4558A1256DCF2AFF913B09AE2BF46.e.8393/value - {"text":"WebdriverYardgb2jc"}
COMMAND: GET /session/7a77e4e78ab7f053ff1399b1683134e1/screenshot - {}
RESULT: {}
RESULT: {"text":"WebdriverYardgb2jc"}
COMMAND: GET /session/7a77e4e78ab7f053ff1399b1683134e1/screenshot - {}
RESULT: {}
RESULT: {}
COMMAND: POST /session/7a77e4e78ab7f053ff1399b1683134e1/element - {"using":"xpath","value":"//input[contains(@id ,\"customerNumber-inner\")]"}
RESULT: {"using":"xpath","value":"//input[contains(@id ,\"customerNumber-inner\")]"}
COMMAND: POST /session/7a77e4e78ab7f053ff1399b1683134e1/element/f.F34A9C30008BD60ECF93DB5E8BBA230A.d.26C4558A1256DCF2AFF913B09AE2BF46.e.8389/value - {"text":"WebdriverPartnerrl9mi"}
COMMAND: POST /session/7a77e4e78ab7f053ff1399b1683134e1/actions - {"actions":[{"id":"action52","type":"key","parameters":{},"actions":[{"type":"keyDown","value":"î€‡"},{"type":"pause","duration":10},{"type":"keyUp","value":"î€‡"}]}]}
RESULT: {"actions":[{"id":"action52","type":"key","parameters":{},"actions":[{"type":"keyDown","value":"î€‡"},{"type":"pause","duration":10},{"type":"keyUp","value":"î€‡"}]}]}
COMMAND: GET /session/7a77e4e78ab7f053ff1399b1683134e1/screenshot - {}
RESULT: {"text":"WebdriverPartnerrl9mi"}
COMMAND: GET /session/7a77e4e78ab7f053ff1399b1683134e1/screenshot - {}
RESULT: {}
RESULT: {}
COMMAND: POST /session/7a77e4e78ab7f053ff1399b1683134e1/actions - {"actions":[{"id":"action53","type":"key","parameters":{},"actions":[{"type":"keyDown","value":"î€‡"},{"type":"pause","duration":10},{"type":"keyUp","value":"î€‡"}]}]}
RESULT: {"actions":[{"id":"action53","type":"key","parameters":{},"actions":[{"type":"keyDown","value":"î€‡"},{"type":"pause","duration":10},{"type":"keyUp","value":"î€‡"}]}]}
COMMAND: GET /session/7a77e4e78ab7f053ff1399b1683134e1/screenshot - {}
RESULT: {}
COMMAND: POST /session/7a77e4e78ab7f053ff1399b1683134e1/element - {"using":"xpath","value":"//input[contains(@id ,\"requestSiteId-inner\")]"}
RESULT: {"using":"xpath","value":"//input[contains(@id ,\"requestSiteId-inner\")]"}
COMMAND: POST /session/7a77e4e78ab7f053ff1399b1683134e1/element/f.F34A9C30008BD60ECF93DB5E8BBA230A.d.26C4558A1256DCF2AFF913B09AE2BF46.e.8388/value - {"text":"WebdriverSitesv4mj"}
RESULT: {"text":"WebdriverSitesv4mj"}
COMMAND: GET /session/7a77e4e78ab7f053ff1399b1683134e1/screenshot - {}
RESULT: {}
COMMAND: POST /session/7a77e4e78ab7f053ff1399b1683134e1/actions - {"actions":[{"id":"action54","type":"key","parameters":{},"actions":[{"type":"keyDown","value":"î€‡"},{"type":"pause","duration":10},{"type":"keyUp","value":"î€‡"}]}]}
RESULT: {"actions":[{"id":"action54","type":"key","parameters":{},"actions":[{"type":"keyDown","value":"î€‡"},{"type":"pause","duration":10},{"type":"keyUp","value":"î€‡"}]}]}
COMMAND: POST /session/7a77e4e78ab7f053ff1399b1683134e1/execute/async - {"script":"<script> [1562 bytes]","args":[{"selector":{"controlType":"sap.ui.core.Icon","viewName":"etm.portal.ui.managerequests.view.NewRequest","properties":{"src":{"regex":{"source":"add"}}}},"wdio_ui5_key":"etmportal.ui.managerequests.view.NewRequestsap.ui.core.Icon{\"src\":{\"regex\":{\"source\":\"add\"}}}"}]}
COMMAND: GET /session/7a77e4e78ab7f053ff1399b1683134e1/screenshot - {}
RESULT: {"script":"<script> [1562 bytes]","args":[{"selector":{"controlType":"sap.ui.core.Icon","viewName":"etm.portal.ui.managerequests.view.NewRequest","properties":{"src":{"regex":{"source":"add"}}}},"wdio_ui5_key":"etmportal.ui.managerequests.view.NewRequestsap.ui.core.Icon{\"src\":{\"regex\":{\"source\":\"add\"}}}"}]}
RESULT: undefined
COMMAND: POST /session/7a77e4e78ab7f053ff1399b1683134e1/element - {"using":"xpath","value":"//*[@id=\"__xmlview59--btnAddTableRow-img\"]"}
RESULT: {}
RESULT: {"using":"xpath","value":"//*[@id=\"__xmlview59--btnAddTableRow-img\"]"}
COMMAND: POST /session/7a77e4e78ab7f053ff1399b1683134e1/element/f.F34A9C30008BD60ECF93DB5E8BBA230A.d.26C4558A1256DCF2AFF913B09AE2BF46.e.8579/click - {}
RESULT: {}
COMMAND: GET /session/7a77e4e78ab7f053ff1399b1683134e1/screenshot - {}
RESULT: {}
COMMAND: POST /session/7a77e4e78ab7f053ff1399b1683134e1/actions - {"actions":[{"id":"action55","type":"key","parameters":{},"actions":[{"type":"keyDown","value":"î€•"},{"type":"pause","duration":10},{"type":"keyUp","value":"î€•"}]}]}
RESULT: {"actions":[{"id":"action55","type":"key","parameters":{},"actions":[{"type":"keyDown","value":"î€•"},{"type":"pause","duration":10},{"type":"keyUp","value":"î€•"}]}]}
COMMAND: POST /session/7a77e4e78ab7f053ff1399b1683134e1/actions - {"actions":[{"id":"action56","type":"key","parameters":{},"actions":[{"type":"keyDown","value":"î€‡"},{"type":"pause","duration":10},{"type":"keyUp","value":"î€‡"}]}]}
COMMAND: GET /session/7a77e4e78ab7f053ff1399b1683134e1/screenshot - {}
RESULT: {"actions":[{"id":"action56","type":"key","parameters":{},"actions":[{"type":"keyDown","value":"î€‡"},{"type":"pause","duration":10},{"type":"keyUp","value":"î€‡"}]}]}
COMMAND: POST /session/7a77e4e78ab7f053ff1399b1683134e1/element - {"using":"xpath","value":"(//input[contains(@id ,\"requestItemsTable-0-inner\")])[1]"}
COMMAND: GET /session/7a77e4e78ab7f053ff1399b1683134e1/screenshot - {}
RESULT: {}
RESULT: {"using":"xpath","value":"(//input[contains(@id ,\"requestItemsTable-0-inner\")])[1]"}
COMMAND: POST /session/7a77e4e78ab7f053ff1399b1683134e1/element/f.F34A9C30008BD60ECF93DB5E8BBA230A.d.26C4558A1256DCF2AFF913B09AE2BF46.e.8584/clear - {}
RESULT: {}
RESULT: {}
COMMAND: POST /session/7a77e4e78ab7f053ff1399b1683134e1/element/f.F34A9C30008BD60ECF93DB5E8BBA230A.d.26C4558A1256DCF2AFF913B09AE2BF46.e.8584/value - {"text":"catalogItemNamejp022"}
COMMAND: GET /session/7a77e4e78ab7f053ff1399b1683134e1/screenshot - {}
RESULT: {"text":"catalogItemNamejp022"}
COMMAND: GET /session/7a77e4e78ab7f053ff1399b1683134e1/screenshot - {}
RESULT: {}
RESULT: {}
COMMAND: POST /session/7a77e4e78ab7f053ff1399b1683134e1/actions - {"actions":[{"id":"action57","type":"key","parameters":{},"actions":[{"type":"keyDown","value":"î€‡"},{"type":"pause","duration":10},{"type":"keyUp","value":"î€‡"}]}]}
RESULT: {"actions":[{"id":"action57","type":"key","parameters":{},"actions":[{"type":"keyDown","value":"î€‡"},{"type":"pause","duration":10},{"type":"keyUp","value":"î€‡"}]}]}
COMMAND: GET /session/7a77e4e78ab7f053ff1399b1683134e1/screenshot - {}
RESULT: {}
COMMAND: POST /session/7a77e4e78ab7f053ff1399b1683134e1/execute/async - {"script":"<script> [1562 bytes]","args":[{"selector":{"controlType":"sap.m.Button","viewName":"etm.portal.ui.managerequests.view.NewRequest","i18NText":{"propertyName":"text","key":"requestSpecifications"},"interaction":{"idSuffix":"BDI-content"}},"wdio_ui5_key":"etmportal.ui.managerequests.view.NewRequestsap.m.Button{\"propertyName\":\"text\",\"key\":\"requestSpecifications\"}"}]}
RESULT: {"script":"<script> [1562 bytes]","args":[{"selector":{"controlType":"sap.m.Button","viewName":"etm.portal.ui.managerequests.view.NewRequest","i18NText":{"propertyName":"text","key":"requestSpecifications"},"interaction":{"idSuffix":"BDI-content"}},"wdio_ui5_key":"etmportal.ui.managerequests.view.NewRequestsap.m.Button{\"propertyName\":\"text\",\"key\":\"requestSpecifications\"}"}]}
RESULT: undefined
COMMAND: POST /session/7a77e4e78ab7f053ff1399b1683134e1/element - {"using":"xpath","value":"//*[@id=\"__button76-__xmlview59--requestItemsTable-0\"]"}
RESULT: {"using":"xpath","value":"//*[@id=\"__button76-__xmlview59--requestItemsTable-0\"]"}
COMMAND: POST /session/7a77e4e78ab7f053ff1399b1683134e1/element/f.F34A9C30008BD60ECF93DB5E8BBA230A.d.26C4558A1256DCF2AFF913B09AE2BF46.e.8596/click - {}
RESULT: {}
COMMAND: GET /session/7a77e4e78ab7f053ff1399b1683134e1/screenshot - {}
RESULT: {}
COMMAND: POST /session/7a77e4e78ab7f053ff1399b1683134e1/element - {"using":"xpath","value":"//input[@value=\"red\"]"}
RESULT: {"using":"xpath","value":"//input[@value=\"red\"]"}
COMMAND: POST /session/7a77e4e78ab7f053ff1399b1683134e1/elements - {"using":"xpath","value":"//input[@value=\"red\"]"}
RESULT: {"using":"xpath","value":"//input[@value=\"red\"]"}
COMMAND: POST /session/7a77e4e78ab7f053ff1399b1683134e1/execute/async - {"script":"<script> [1562 bytes]","args":[{"selector":{"controlType":"sap.m.Text","viewName":"etm.portal.ui.managerequests.view.NewRequest","bindingPath":{"path":"/currentEntries/0/PROPERTIES/0","propertyPath":"DESCRIPTION","modelName":"techSpecsClassificationModel"},"searchOpenDialogs":true},"wdio_ui5_key":"etmportal.ui.managerequests.view.NewRequestsap.m.Text{\"path\":\"/currentEntries/0/PROPERTIES/0\",\"propertyPath\":\"DESCRIPTION\",\"modelName\":\"techSpecsClassificationModel\"}"}]}
RESULT: {"script":"<script> [1562 bytes]","args":[{"selector":{"controlType":"sap.m.Text","viewName":"etm.portal.ui.managerequests.view.NewRequest","bindingPath":{"path":"/currentEntries/0/PROPERTIES/0","propertyPath":"DESCRIPTION","modelName":"techSpecsClassificationModel"},"searchOpenDialogs":true},"wdio_ui5_key":"etmportal.ui.managerequests.view.NewRequestsap.m.Text{\"path\":\"/currentEntries/0/PROPERTIES/0\",\"propertyPath\":\"DESCRIPTION\",\"modelName\":\"techSpecsClassificationModel\"}"}]}
RESULT: undefined
COMMAND: POST /session/7a77e4e78ab7f053ff1399b1683134e1/execute/async - {"script":"<script> [6424 bytes]","args":[{"element-6066-11e4-a52e-4f735466cecf":"f.F34A9C30008BD60ECF93DB5E8BBA230A.d.26C4558A1256DCF2AFF913B09AE2BF46.e.8605"},"getText",[]]}
RESULT: {"script":"<script> [6424 bytes]","args":[{"element-6066-11e4-a52e-4f735466cecf":"f.F34A9C30008BD60ECF93DB5E8BBA230A.d.26C4558A1256DCF2AFF913B09AE2BF46.e.8605"},"getText",[]]}
COMMAND: POST /session/7a77e4e78ab7f053ff1399b1683134e1/execute/async - {"script":"<script> [1562 bytes]","args":[{"selector":{"controlType":"sap.ui.core.Icon","viewName":"etm.portal.ui.managerequests.view.NewRequest","properties":{"src":{"regex":{"source":"slim\\-arrow\\-down"}}},"searchOpenDialogs":true},"wdio_ui5_key":"etmportal.ui.managerequests.view.NewRequestsap.ui.core.Icon{\"src\":{\"regex\":{\"source\":\"slim\\\\-arrow\\\\-down\"}}}"}]}
RESULT: {"script":"<script> [1562 bytes]","args":[{"selector":{"controlType":"sap.ui.core.Icon","viewName":"etm.portal.ui.managerequests.view.NewRequest","properties":{"src":{"regex":{"source":"slim\\-arrow\\-down"}}},"searchOpenDialogs":true},"wdio_ui5_key":"etmportal.ui.managerequests.view.NewRequestsap.ui.core.Icon{\"src\":{\"regex\":{\"source\":\"slim\\\\-arrow\\\\-down\"}}}"}]}
RESULT: undefined
COMMAND: POST /session/7a77e4e78ab7f053ff1399b1683134e1/element - {"using":"xpath","value":"//*[@id=\"__box58-arrow\"]"}
RESULT: {"using":"xpath","value":"//*[@id=\"__box58-arrow\"]"}
COMMAND: POST /session/7a77e4e78ab7f053ff1399b1683134e1/element/f.F34A9C30008BD60ECF93DB5E8BBA230A.d.26C4558A1256DCF2AFF913B09AE2BF46.e.8606/click - {}
RESULT: {}
COMMAND: POST /session/7a77e4e78ab7f053ff1399b1683134e1/execute/async - {"script":"<script> [1562 bytes]","args":[{"selector":{"controlType":"sap.m.StandardListItem","viewName":"etm.portal.ui.managerequests.view.NewRequest","properties":{"title":"blue"},"searchOpenDialogs":true,"interaction":{"idSuffix":"content"}},"wdio_ui5_key":"etmportal.ui.managerequests.view.NewRequestsap.m.StandardListItem{\"title\":\"blue\"}"}]}
COMMAND: GET /session/7a77e4e78ab7f053ff1399b1683134e1/screenshot - {}
RESULT: {"script":"<script> [1562 bytes]","args":[{"selector":{"controlType":"sap.m.StandardListItem","viewName":"etm.portal.ui.managerequests.view.NewRequest","properties":{"title":"blue"},"searchOpenDialogs":true,"interaction":{"idSuffix":"content"}},"wdio_ui5_key":"etmportal.ui.managerequests.view.NewRequestsap.m.StandardListItem{\"title\":\"blue\"}"}]}
RESULT: undefined
COMMAND: POST /session/7a77e4e78ab7f053ff1399b1683134e1/element - {"using":"xpath","value":"//*[@id=\"__item889\"]"}
RESULT: {}
RESULT: {"using":"xpath","value":"//*[@id=\"__item889\"]"}
COMMAND: POST /session/7a77e4e78ab7f053ff1399b1683134e1/element/f.F34A9C30008BD60ECF93DB5E8BBA230A.d.26C4558A1256DCF2AFF913B09AE2BF46.e.8608/click - {}
RESULT: {}
COMMAND: GET /session/7a77e4e78ab7f053ff1399b1683134e1/screenshot - {}
RESULT: {}
COMMAND: POST /session/7a77e4e78ab7f053ff1399b1683134e1/execute/async - {"script":"<script> [1562 bytes]","args":[{"selector":{"id":"saveButton","viewName":"etm.portal.ui.managerequests.view.NewRequest","searchOpenDialogs":true,"interaction":{"idSuffix":"BDI-content"}},"wdio_ui5_key":"saveButtonetmportal.ui.managerequests.view.NewRequest"}]}
RESULT: {"script":"<script> [1562 bytes]","args":[{"selector":{"id":"saveButton","viewName":"etm.portal.ui.managerequests.view.NewRequest","searchOpenDialogs":true,"interaction":{"idSuffix":"BDI-content"}},"wdio_ui5_key":"saveButtonetmportal.ui.managerequests.view.NewRequest"}]}
RESULT: undefined
COMMAND: POST /session/7a77e4e78ab7f053ff1399b1683134e1/element - {"using":"xpath","value":"//*[@id=\"__xmlview59--saveButton\"]"}
RESULT: {"using":"xpath","value":"//*[@id=\"__xmlview59--saveButton\"]"}
COMMAND: POST /session/7a77e4e78ab7f053ff1399b1683134e1/element/f.F34A9C30008BD60ECF93DB5E8BBA230A.d.26C4558A1256DCF2AFF913B09AE2BF46.e.8603/click - {}
RESULT: {}
COMMAND: POST /session/7a77e4e78ab7f053ff1399b1683134e1/execute/async - {"script":"<script> [1562 bytes]","args":[{"selector":{"controlType":"sap.ui.core.Icon","viewName":"etm.portal.ui.managerequests.view.NewRequest","properties":{"src":{"regex":{"source":"slim\\-arrow\\-down"}}},"ancestor":{"controlType":"sap.m.Button","viewName":"etm.portal.ui.managerequests.view.NewRequest","properties":{"icon":"sap-icon://slim-arrow-down"}}},"wdio_ui5_key":"etmportal.ui.managerequests.view.NewRequestsap.ui.core.Icon{\"src\":{\"regex\":{\"source\":\"slim\\\\-arrow\\\\-down\"}}}{\"controlType\":\"sap.m.Button\",\"viewName\":\"etm.portal.ui.managerequests.view.NewRequest\",\"properties\":{\"icon\":\"sap-icon://slim-arrow-down\"}}"}]}
COMMAND: GET /session/7a77e4e78ab7f053ff1399b1683134e1/screenshot - {}
RESULT: {"script":"<script> [1562 bytes]","args":[{"selector":{"controlType":"sap.ui.core.Icon","viewName":"etm.portal.ui.managerequests.view.NewRequest","properties":{"src":{"regex":{"source":"slim\\-arrow\\-down"}}},"ancestor":{"controlType":"sap.m.Button","viewName":"etm.portal.ui.managerequests.view.NewRequest","properties":{"icon":"sap-icon://slim-arrow-down"}}},"wdio_ui5_key":"etmportal.ui.managerequests.view.NewRequestsap.ui.core.Icon{\"src\":{\"regex\":{\"source\":\"slim\\\\-arrow\\\\-down\"}}}{\"controlType\":\"sap.m.Button\",\"viewName\":\"etm.portal.ui.managerequests.view.NewRequest\",\"properties\":{\"icon\":\"sap-icon://slim-arrow-down\"}}"}]}
RESULT: undefined
RESULT: {}
COMMAND: POST /session/7a77e4e78ab7f053ff1399b1683134e1/element - {"using":"xpath","value":"//div[contains(@data-kt ,\"splitAllocationObjectStatus\")]"}
RESULT: {"using":"xpath","value":"//div[contains(@data-kt ,\"splitAllocationObjectStatus\")]"}
COMMAND: POST /session/7a77e4e78ab7f053ff1399b1683134e1/elements - {"using":"xpath","value":"//div[contains(@data-kt ,\"splitAllocationObjectStatus\")]"}
RESULT: {"using":"xpath","value":"//div[contains(@data-kt ,\"splitAllocationObjectStatus\")]"}
COMMAND: POST /session/7a77e4e78ab7f053ff1399b1683134e1/execute/async - {"script":"<script> [1562 bytes]","args":[{"selector":{"controlType":"sap.ui.core.Icon","viewName":"etm.portal.ui.managerequests.view.NewRequest","properties":{"src":{"regex":{"source":"message\\-error"}}}},"wdio_ui5_key":"etmportal.ui.managerequests.view.NewRequestsap.ui.core.Icon{\"src\":{\"regex\":{\"source\":\"message\\\\-error\"}}}"}]}
RESULT: {"script":"<script> [1562 bytes]","args":[{"selector":{"controlType":"sap.ui.core.Icon","viewName":"etm.portal.ui.managerequests.view.NewRequest","properties":{"src":{"regex":{"source":"message\\-error"}}}},"wdio_ui5_key":"etmportal.ui.managerequests.view.NewRequestsap.ui.core.Icon{\"src\":{\"regex\":{\"source\":\"message\\\\-error\"}}}"}]}
RESULT: undefined
COMMAND: POST /session/7a77e4e78ab7f053ff1399b1683134e1/element - {"using":"xpath","value":"//*[@id=\"__status4-__xmlview59--requestItemsTable-0-icon\"]"}
RESULT: {"using":"xpath","value":"//*[@id=\"__status4-__xmlview59--requestItemsTable-0-icon\"]"}
COMMAND: POST /session/7a77e4e78ab7f053ff1399b1683134e1/element/f.F34A9C30008BD60ECF93DB5E8BBA230A.d.26C4558A1256DCF2AFF913B09AE2BF46.e.8611/click - {}
RESULT: {}
COMMAND: POST /session/7a77e4e78ab7f053ff1399b1683134e1/execute/async - {"script":"<script> [1562 bytes]","args":[{"selector":{"controlType":"sap.ui.core.Icon","viewName":"etm.portal.ui.managerequests.view.NewRequest","properties":{"src":{"regex":{"source":"slim\\-arrow\\-down"}}},"searchOpenDialogs":true,"ancestor":{"id":"costObjectAdminTypeComboBox","viewName":"etm.portal.ui.managerequests.view.NewRequest","searchOpenDialogs":true}},"wdio_ui5_key":"etmportal.ui.managerequests.view.NewRequestsap.ui.core.Icon{\"src\":{\"regex\":{\"source\":\"slim\\\\-arrow\\\\-down\"}}}{\"id\":\"costObjectAdminTypeComboBox\",\"viewName\":\"etm.portal.ui.managerequests.view.NewRequest\",\"searchOpenDialogs\":true}"}]}
COMMAND: GET /session/7a77e4e78ab7f053ff1399b1683134e1/screenshot - {}
RESULT: {"script":"<script> [1562 bytes]","args":[{"selector":{"controlType":"sap.ui.core.Icon","viewName":"etm.portal.ui.managerequests.view.NewRequest","properties":{"src":{"regex":{"source":"slim\\-arrow\\-down"}}},"searchOpenDialogs":true,"ancestor":{"id":"costObjectAdminTypeComboBox","viewName":"etm.portal.ui.managerequests.view.NewRequest","searchOpenDialogs":true}},"wdio_ui5_key":"etmportal.ui.managerequests.view.NewRequestsap.ui.core.Icon{\"src\":{\"regex\":{\"source\":\"slim\\\\-arrow\\\\-down\"}}}{\"id\":\"costObjectAdminTypeComboBox\",\"viewName\":\"etm.portal.ui.managerequests.view.NewRequest\",\"searchOpenDialogs\":true}"}]}
RESULT: undefined
COMMAND: POST /session/7a77e4e78ab7f053ff1399b1683134e1/element - {"using":"xpath","value":"//*[@id=\"__xmlview59--costObjectAdminTypeComboBox-arrow\"]"}
RESULT: {}
RESULT: {"using":"xpath","value":"//*[@id=\"__xmlview59--costObjectAdminTypeComboBox-arrow\"]"}
COMMAND: POST /session/7a77e4e78ab7f053ff1399b1683134e1/element/f.F34A9C30008BD60ECF93DB5E8BBA230A.d.26C4558A1256DCF2AFF913B09AE2BF46.e.8615/click - {}
RESULT: {}
COMMAND: POST /session/7a77e4e78ab7f053ff1399b1683134e1/execute/async - {"script":"<script> [1562 bytes]","args":[{"selector":{"controlType":"sap.m.StandardListItem","viewName":"etm.portal.ui.managerequests.view.NewRequest","properties":{"title":"Cost Center"},"searchOpenDialogs":true,"interaction":{"idSuffix":"titleText"}},"wdio_ui5_key":"etmportal.ui.managerequests.view.NewRequestsap.m.StandardListItem{\"title\":\"Cost Center\"}"}]}
COMMAND: GET /session/7a77e4e78ab7f053ff1399b1683134e1/screenshot - {}
RESULT: {"script":"<script> [1562 bytes]","args":[{"selector":{"controlType":"sap.m.StandardListItem","viewName":"etm.portal.ui.managerequests.view.NewRequest","properties":{"title":"Cost Center"},"searchOpenDialogs":true,"interaction":{"idSuffix":"titleText"}},"wdio_ui5_key":"etmportal.ui.managerequests.view.NewRequestsap.m.StandardListItem{\"title\":\"Cost Center\"}"}]}
RESULT: undefined
COMMAND: POST /session/7a77e4e78ab7f053ff1399b1683134e1/element - {"using":"xpath","value":"//*[@id=\"__item892\"]"}
RESULT: {}
RESULT: {"using":"xpath","value":"//*[@id=\"__item892\"]"}
COMMAND: POST /session/7a77e4e78ab7f053ff1399b1683134e1/element/f.F34A9C30008BD60ECF93DB5E8BBA230A.d.26C4558A1256DCF2AFF913B09AE2BF46.e.8618/click - {}
RESULT: {}
COMMAND: GET /session/7a77e4e78ab7f053ff1399b1683134e1/screenshot - {}
RESULT: {}
COMMAND: POST /session/7a77e4e78ab7f053ff1399b1683134e1/execute/async - {"script":"<script> [1562 bytes]","args":[{"selector":{"controlType":"sap.ui.core.Icon","viewName":"etm.portal.ui.managerequests.view.NewRequest","properties":{"src":{"regex":{"source":"value\\-help"}}},"searchOpenDialogs":true},"wdio_ui5_key":"etmportal.ui.managerequests.view.NewRequestsap.ui.core.Icon{\"src\":{\"regex\":{\"source\":\"value\\\\-help\"}}}"}]}
RESULT: {"script":"<script> [1562 bytes]","args":[{"selector":{"controlType":"sap.ui.core.Icon","viewName":"etm.portal.ui.managerequests.view.NewRequest","properties":{"src":{"regex":{"source":"value\\-help"}}},"searchOpenDialogs":true},"wdio_ui5_key":"etmportal.ui.managerequests.view.NewRequestsap.ui.core.Icon{\"src\":{\"regex\":{\"source\":\"value\\\\-help\"}}}"}]}
RESULT: undefined
COMMAND: POST /session/7a77e4e78ab7f053ff1399b1683134e1/element - {"using":"xpath","value":"//*[@id=\"__xmlview59--costObjectIdComboBox-vhi\"]"}
RESULT: {"using":"xpath","value":"//*[@id=\"__xmlview59--costObjectIdComboBox-vhi\"]"}
COMMAND: POST /session/7a77e4e78ab7f053ff1399b1683134e1/element/f.F34A9C30008BD60ECF93DB5E8BBA230A.d.26C4558A1256DCF2AFF913B09AE2BF46.e.8625/click - {}
RESULT: {}
COMMAND: POST /session/7a77e4e78ab7f053ff1399b1683134e1/execute/async - {"script":"<script> [1562 bytes]","args":[{"selector":{"controlType":"sap.m.SearchField","properties":{"placeholder":"Search"},"searchOpenDialogs":true,"interaction":{"idSuffix":"I"}},"wdio_ui5_key":"sapm.SearchField{\"placeholder\":\"Search\"}"}]}
COMMAND: GET /session/7a77e4e78ab7f053ff1399b1683134e1/screenshot - {}
RESULT: {"script":"<script> [1562 bytes]","args":[{"selector":{"controlType":"sap.m.SearchField","properties":{"placeholder":"Search"},"searchOpenDialogs":true,"interaction":{"idSuffix":"I"}},"wdio_ui5_key":"sapm.SearchField{\"placeholder\":\"Search\"}"}]}
RESULT: undefined
COMMAND: POST /session/7a77e4e78ab7f053ff1399b1683134e1/execute/async - {"script":"<script> [776 bytes]","args":[{"enterText":"10001010","selector":{"controlType":"sap.m.SearchField","properties":{"placeholder":"Search"},"searchOpenDialogs":true,"interaction":{"idSuffix":"I"}},"clearTextFirst":true,"interactionType":"ENTER_TEXT"}]}
RESULT: {}
RESULT: {"script":"<script> [776 bytes]","args":[{"enterText":"10001010","selector":{"controlType":"sap.m.SearchField","properties":{"placeholder":"Search"},"searchOpenDialogs":true,"interaction":{"idSuffix":"I"}},"clearTextFirst":true,"interactionType":"ENTER_TEXT"}]}
COMMAND: POST /session/7a77e4e78ab7f053ff1399b1683134e1/actions - {"actions":[{"id":"action58","type":"key","parameters":{},"actions":[{"type":"keyDown","value":"î€‡"},{"type":"pause","duration":10},{"type":"keyUp","value":"î€‡"}]}]}
RESULT: {"actions":[{"id":"action58","type":"key","parameters":{},"actions":[{"type":"keyDown","value":"î€‡"},{"type":"pause","duration":10},{"type":"keyUp","value":"î€‡"}]}]}
COMMAND: GET /session/7a77e4e78ab7f053ff1399b1683134e1/screenshot - {}
RESULT: {}
COMMAND: POST /session/7a77e4e78ab7f053ff1399b1683134e1/execute/async - {"script":"<script> [1562 bytes]","args":[{"selector":{"controlType":"sap.m.Text","bindingPath":{"path":"/C_CostCtrValueHelp(CostCenter='10001010',ControllingArea='Z001')","propertyPath":"CostCenterName","modelName":"CostCenterModel"},"searchOpenDialogs":true},"wdio_ui5_key":"sapm.Text{\"path\":\"/C_CostCtrValueHelp(CostCenter='10001010',ControllingArea='Z001')\",\"propertyPath\":\"CostCenterName\",\"modelName\":\"CostCenterModel\"}"}]}
RESULT: {"script":"<script> [1562 bytes]","args":[{"selector":{"controlType":"sap.m.Text","bindingPath":{"path":"/C_CostCtrValueHelp(CostCenter='10001010',ControllingArea='Z001')","propertyPath":"CostCenterName","modelName":"CostCenterModel"},"searchOpenDialogs":true},"wdio_ui5_key":"sapm.Text{\"path\":\"/C_CostCtrValueHelp(CostCenter='10001010',ControllingArea='Z001')\",\"propertyPath\":\"CostCenterName\",\"modelName\":\"CostCenterModel\"}"}]}
RESULT: undefined
COMMAND: POST /session/7a77e4e78ab7f053ff1399b1683134e1/element - {"using":"xpath","value":"//*[@id=\"__text544-__clone1116\"]"}
RESULT: {"using":"xpath","value":"//*[@id=\"__text544-__clone1116\"]"}
COMMAND: POST /session/7a77e4e78ab7f053ff1399b1683134e1/element/f.F34A9C30008BD60ECF93DB5E8BBA230A.d.26C4558A1256DCF2AFF913B09AE2BF46.e.8666/click - {}
RESULT: {}
COMMAND: POST /session/7a77e4e78ab7f053ff1399b1683134e1/execute/async - {"script":"<script> [1562 bytes]","args":[{"selector":{"controlType":"sap.m.Button","properties":{"text":"OK"},"searchOpenDialogs":true,"interaction":{"idSuffix":"BDI-content"}},"wdio_ui5_key":"sapm.Button{\"text\":\"OK\"}"}]}
COMMAND: GET /session/7a77e4e78ab7f053ff1399b1683134e1/screenshot - {}
RESULT: {"script":"<script> [1562 bytes]","args":[{"selector":{"controlType":"sap.m.Button","properties":{"text":"OK"},"searchOpenDialogs":true,"interaction":{"idSuffix":"BDI-content"}},"wdio_ui5_key":"sapm.Button{\"text\":\"OK\"}"}]}
RESULT: undefined
COMMAND: POST /session/7a77e4e78ab7f053ff1399b1683134e1/element - {"using":"xpath","value":"//*[@id=\"__dialog2-ok\"]"}
RESULT: {}
RESULT: {"using":"xpath","value":"//*[@id=\"__dialog2-ok\"]"}
COMMAND: POST /session/7a77e4e78ab7f053ff1399b1683134e1/element/f.F34A9C30008BD60ECF93DB5E8BBA230A.d.26C4558A1256DCF2AFF913B09AE2BF46.e.8668/click - {}
RESULT: {}
COMMAND: GET /session/7a77e4e78ab7f053ff1399b1683134e1/screenshot - {}
RESULT: {}
COMMAND: POST /session/7a77e4e78ab7f053ff1399b1683134e1/execute/async - {"script":"<script> [1562 bytes]","args":[{"selector":{"controlType":"sap.m.Button","viewName":"etm.portal.ui.managerequests.view.NewRequest","i18NText":{"propertyName":"text","key":"save"},"searchOpenDialogs":true,"interaction":{"idSuffix":"BDI-content"}},"wdio_ui5_key":"etmportal.ui.managerequests.view.NewRequestsap.m.Button{\"propertyName\":\"text\",\"key\":\"save\"}"}]}
RESULT: {"script":"<script> [1562 bytes]","args":[{"selector":{"controlType":"sap.m.Button","viewName":"etm.portal.ui.managerequests.view.NewRequest","i18NText":{"propertyName":"text","key":"save"},"searchOpenDialogs":true,"interaction":{"idSuffix":"BDI-content"}},"wdio_ui5_key":"etmportal.ui.managerequests.view.NewRequestsap.m.Button{\"propertyName\":\"text\",\"key\":\"save\"}"}]}
RESULT: undefined
COMMAND: POST /session/7a77e4e78ab7f053ff1399b1683134e1/element - {"using":"xpath","value":"//*[@id=\"__button87\"]"}
RESULT: {"using":"xpath","value":"//*[@id=\"__button87\"]"}
COMMAND: POST /session/7a77e4e78ab7f053ff1399b1683134e1/element/f.F34A9C30008BD60ECF93DB5E8BBA230A.d.26C4558A1256DCF2AFF913B09AE2BF46.e.8672/click - {}
RESULT: {}
COMMAND: GET /session/7a77e4e78ab7f053ff1399b1683134e1/screenshot - {}
RESULT: {}
COMMAND: POST /session/7a77e4e78ab7f053ff1399b1683134e1/execute/async - {"script":"<script> [1562 bytes]","args":[{"selector":{"controlType":"sap.m.Button","viewName":"etm.portal.ui.managerequests.view.NewRequest","i18NText":{"propertyName":"tooltip","key":"save"},"interaction":{"idSuffix":"content"}},"wdio_ui5_key":"etmportal.ui.managerequests.view.NewRequestsap.m.Button{\"propertyName\":\"tooltip\",\"key\":\"save\"}"}]}
RESULT: {"script":"<script> [1562 bytes]","args":[{"selector":{"controlType":"sap.m.Button","viewName":"etm.portal.ui.managerequests.view.NewRequest","i18NText":{"propertyName":"tooltip","key":"save"},"interaction":{"idSuffix":"content"}},"wdio_ui5_key":"etmportal.ui.managerequests.view.NewRequestsap.m.Button{\"propertyName\":\"tooltip\",\"key\":\"save\"}"}]}
RESULT: undefined
COMMAND: POST /session/7a77e4e78ab7f053ff1399b1683134e1/element - {"using":"xpath","value":"//*[@id=\"__button78\"]"}
RESULT: {"using":"xpath","value":"//*[@id=\"__button78\"]"}
COMMAND: POST /session/7a77e4e78ab7f053ff1399b1683134e1/element/f.F34A9C30008BD60ECF93DB5E8BBA230A.d.26C4558A1256DCF2AFF913B09AE2BF46.e.8472/click - {}
RESULT: {}
COMMAND: GET /session/7a77e4e78ab7f053ff1399b1683134e1/screenshot - {}
RESULT: {}
COMMAND: POST /session/7a77e4e78ab7f053ff1399b1683134e1/execute/async - {"script":"<script> [1562 bytes]","args":[{"selector":{"controlType":"sap.m.Title","properties":{"text":"Success"},"searchOpenDialogs":true},"wdio_ui5_key":"sapm.Title{\"text\":\"Success\"}"}]}
RESULT: {"script":"<script> [1562 bytes]","args":[{"selector":{"controlType":"sap.m.Title","properties":{"text":"Success"},"searchOpenDialogs":true},"wdio_ui5_key":"sapm.Title{\"text\":\"Success\"}"}]}
RESULT: undefined
COMMAND: POST /session/7a77e4e78ab7f053ff1399b1683134e1/execute/async - {"script":"<script> [6424 bytes]","args":[{"element-6066-11e4-a52e-4f735466cecf":"f.F34A9C30008BD60ECF93DB5E8BBA230A.d.26C4558A1256DCF2AFF913B09AE2BF46.e.8677"},"getText",[]]}
RESULT: {"script":"<script> [6424 bytes]","args":[{"element-6066-11e4-a52e-4f735466cecf":"f.F34A9C30008BD60ECF93DB5E8BBA230A.d.26C4558A1256DCF2AFF913B09AE2BF46.e.8677"},"getText",[]]}
COMMAND: POST /session/7a77e4e78ab7f053ff1399b1683134e1/execute/async - {"script":"<script> [1562 bytes]","args":[{"selector":{"controlType":"sap.m.Button","properties":{"text":"Close"},"searchOpenDialogs":true,"interaction":{"idSuffix":"BDI-content"}},"wdio_ui5_key":"sapm.Button{\"text\":\"Close\"}"}]}
RESULT: {"script":"<script> [1562 bytes]","args":[{"selector":{"controlType":"sap.m.Button","properties":{"text":"Close"},"searchOpenDialogs":true,"interaction":{"idSuffix":"BDI-content"}},"wdio_ui5_key":"sapm.Button{\"text\":\"Close\"}"}]}
RESULT: undefined
COMMAND: POST /session/7a77e4e78ab7f053ff1399b1683134e1/element - {"using":"xpath","value":"//*[@id=\"__mbox-btn-0\"]"}
RESULT: {"using":"xpath","value":"//*[@id=\"__mbox-btn-0\"]"}
COMMAND: POST /session/7a77e4e78ab7f053ff1399b1683134e1/element/f.F34A9C30008BD60ECF93DB5E8BBA230A.d.26C4558A1256DCF2AFF913B09AE2BF46.e.8675/click - {}
RESULT: {}
COMMAND: GET /session/7a77e4e78ab7f053ff1399b1683134e1/screenshot - {}
RESULT: {}
COMMAND: POST /session/7a77e4e78ab7f053ff1399b1683134e1/execute/async - {"script":"<script> [1562 bytes]","args":[{"selector":{"controlType":"sap.m.Button","viewName":"etm.portal.ui.managerequests.view.Detail","i18NText":{"propertyName":"text","key":"requestSpecifications"},"interaction":{"idSuffix":"BDI-content"}},"wdio_ui5_key":"etmportal.ui.managerequests.view.Detailsap.m.Button{\"propertyName\":\"text\",\"key\":\"requestSpecifications\"}"}]}
RESULT: {"script":"<script> [1562 bytes]","args":[{"selector":{"controlType":"sap.m.Button","viewName":"etm.portal.ui.managerequests.view.Detail","i18NText":{"propertyName":"text","key":"requestSpecifications"},"interaction":{"idSuffix":"BDI-content"}},"wdio_ui5_key":"etmportal.ui.managerequests.view.Detailsap.m.Button{\"propertyName\":\"text\",\"key\":\"requestSpecifications\"}"}]}
RESULT: undefined
COMMAND: POST /session/7a77e4e78ab7f053ff1399b1683134e1/element - {"using":"xpath","value":"//*[@id=\"__button103-__clone1156\"]"}
RESULT: {"using":"xpath","value":"//*[@id=\"__button103-__clone1156\"]"}
COMMAND: POST /session/7a77e4e78ab7f053ff1399b1683134e1/element/f.F34A9C30008BD60ECF93DB5E8BBA230A.d.26C4558A1256DCF2AFF913B09AE2BF46.e.8804/click - {}
RESULT: {}
COMMAND: GET /session/7a77e4e78ab7f053ff1399b1683134e1/screenshot - {}
RESULT: {}
COMMAND: POST /session/7a77e4e78ab7f053ff1399b1683134e1/element - {"using":"xpath","value":"//input[@value=\"blue\"]"}
RESULT: {"using":"xpath","value":"//input[@value=\"blue\"]"}
COMMAND: POST /session/7a77e4e78ab7f053ff1399b1683134e1/elements - {"using":"xpath","value":"//input[@value=\"blue\"]"}
RESULT: {"using":"xpath","value":"//input[@value=\"blue\"]"}
COMMAND: POST /session/7a77e4e78ab7f053ff1399b1683134e1/execute/async - {"script":"<script> [1562 bytes]","args":[{"selector":{"id":"cancelRequestSpecificationsButton","viewName":"etm.portal.ui.managerequests.view.Detail","searchOpenDialogs":true,"interaction":{"idSuffix":"BDI-content"}},"wdio_ui5_key":"cancelRequestSpecificationsButtonetmportal.ui.managerequests.view.Detail"}]}
RESULT: {"script":"<script> [1562 bytes]","args":[{"selector":{"id":"cancelRequestSpecificationsButton","viewName":"etm.portal.ui.managerequests.view.Detail","searchOpenDialogs":true,"interaction":{"idSuffix":"BDI-content"}},"wdio_ui5_key":"cancelRequestSpecificationsButtonetmportal.ui.managerequests.view.Detail"}]}
RESULT: undefined
COMMAND: POST /session/7a77e4e78ab7f053ff1399b1683134e1/element - {"using":"xpath","value":"//*[@id=\"__xmlview60--cancelRequestSpecificationsButton\"]"}
RESULT: {"using":"xpath","value":"//*[@id=\"__xmlview60--cancelRequestSpecificationsButton\"]"}
COMMAND: POST /session/7a77e4e78ab7f053ff1399b1683134e1/element/f.F34A9C30008BD60ECF93DB5E8BBA230A.d.26C4558A1256DCF2AFF913B09AE2BF46.e.8806/click - {}
RESULT: {}
COMMAND: GET /session/7a77e4e78ab7f053ff1399b1683134e1/screenshot - {}
COMMAND: POST /session/7a77e4e78ab7f053ff1399b1683134e1/element - {"using":"css selector","value":"#shell-header-logo"}
RESULT: {}
RESULT: {"using":"css selector","value":"#shell-header-logo"}
COMMAND: POST /session/7a77e4e78ab7f053ff1399b1683134e1/element/f.F34A9C30008BD60ECF93DB5E8BBA230A.d.26C4558A1256DCF2AFF913B09AE2BF46.e.8216/click - {}
RESULT: {}
COMMAND: GET /session/7a77e4e78ab7f053ff1399b1683134e1/screenshot - {}
RESULT: {}
]]></system-out>
    </testcase>
  </testsuite>
  <testsuite timestamp="2025-05-16T16:06:09" time="358.796" tests="3" failures="0" errors="0" skipped="0">
    <properties>
      <property name="specId" value="0" />
      <property name="suiteName" value="Reserve/Unreserve request item via reserve option US139161" />
      <property name="capabilities" value="chrome.136_0_7103_93.windows" />
      <property name="file" value="file:///D:/a/1/s/test/specs/R2C/reserve-unreserve-request-item-via-reserve-option.spec.js" />
    </properties>
    <testcase classname="chrome.136_0_7103_93.windows.Reserve/Unreserve_request_item_via_reserve_option_US139161" name="Should add the material to the catalog item" time="90.102">
      <system-out><![CDATA[
COMMAND: POST /session/7a77e4e78ab7f053ff1399b1683134e1/execute/async - {"script":"<script> [1562 bytes]","args":[{"selector":{"controlType":"sap.m.GenericTile","properties":{"header":"Manage Catalogs"}},"wdio_ui5_key":"sapm.GenericTile{\"header\":\"Manage Catalogs\"}"}]}
RESULT: {"script":"<script> [1562 bytes]","args":[{"selector":{"controlType":"sap.m.GenericTile","properties":{"header":"Manage Catalogs"}},"wdio_ui5_key":"sapm.GenericTile{\"header\":\"Manage Catalogs\"}"}]}
RESULT: undefined
COMMAND: POST /session/7a77e4e78ab7f053ff1399b1683134e1/element - {"using":"xpath","value":"//*[@id=\"__tile37\"]"}
RESULT: {"using":"xpath","value":"//*[@id=\"__tile37\"]"}
COMMAND: POST /session/7a77e4e78ab7f053ff1399b1683134e1/element/f.F34A9C30008BD60ECF93DB5E8BBA230A.d.26C4558A1256DCF2AFF913B09AE2BF46.e.8813/click - {}
RESULT: {}
COMMAND: GET /session/7a77e4e78ab7f053ff1399b1683134e1/screenshot - {}
RESULT: {}
COMMAND: POST /session/7a77e4e78ab7f053ff1399b1683134e1/elements - {"using":"xpath","value":"//span[text()='Error']"}
RESULT: {"using":"xpath","value":"//span[text()='Error']"}
COMMAND: POST /session/7a77e4e78ab7f053ff1399b1683134e1/execute/async - {"script":"<script> [1562 bytes]","args":[{"selector":{"controlType":"sap.m.Text","viewName":"etm.portal.ui.managecatalogs.view.MasterCatalogs","viewId":"application-managecatalogs-display-component---masterCatalogs","bindingPath":{"path":"/Catalogs('0D7502D073D53A0F1700BE067B89AFF9')","propertyPath":"DESCRIPTION","modelName":"catalogModel"}},"wdio_ui5_key":"etmportal.ui.managecatalogs.view.MasterCatalogssap.m.Text{\"path\":\"/Catalogs('0D7502D073D53A0F1700BE067B89AFF9')\",\"propertyPath\":\"DESCRIPTION\",\"modelName\":\"catalogModel\"}"}]}
RESULT: {"script":"<script> [1562 bytes]","args":[{"selector":{"controlType":"sap.m.Text","viewName":"etm.portal.ui.managecatalogs.view.MasterCatalogs","viewId":"application-managecatalogs-display-component---masterCatalogs","bindingPath":{"path":"/Catalogs('0D7502D073D53A0F1700BE067B89AFF9')","propertyPath":"DESCRIPTION","modelName":"catalogModel"}},"wdio_ui5_key":"etmportal.ui.managecatalogs.view.MasterCatalogssap.m.Text{\"path\":\"/Catalogs('0D7502D073D53A0F1700BE067B89AFF9')\",\"propertyPath\":\"DESCRIPTION\",\"modelName\":\"catalogModel\"}"}]}
RESULT: undefined
COMMAND: POST /session/7a77e4e78ab7f053ff1399b1683134e1/element - {"using":"xpath","value":"//*[@id=\"__text679-application-managecatalogs-display-component---masterCatalogs--CatalogsTable-11\"]"}
RESULT: {"using":"xpath","value":"//*[@id=\"__text679-application-managecatalogs-display-component---masterCatalogs--CatalogsTable-11\"]"}
COMMAND: POST /session/7a77e4e78ab7f053ff1399b1683134e1/element/f.F34A9C30008BD60ECF93DB5E8BBA230A.d.26C4558A1256DCF2AFF913B09AE2BF46.e.8882/click - {}
RESULT: {}
RESULT: undefined
COMMAND: POST /session/7a77e4e78ab7f053ff1399b1683134e1/execute/async - {"script":"<script> [776 bytes]","args":[{"enterText":"catalogItemyb67h","selector":{"id":"application-managecatalogs-display-component---masterCatalogItems--searchItemsField","interaction":{"idSuffix":"I"}},"clearTextFirst":true,"interactionType":"ENTER_TEXT"}]}
COMMAND: GET /session/7a77e4e78ab7f053ff1399b1683134e1/screenshot - {}
RESULT: {"script":"<script> [776 bytes]","args":[{"enterText":"catalogItemyb67h","selector":{"id":"application-managecatalogs-display-component---masterCatalogItems--searchItemsField","interaction":{"idSuffix":"I"}},"clearTextFirst":true,"interactionType":"ENTER_TEXT"}]}
COMMAND: POST /session/7a77e4e78ab7f053ff1399b1683134e1/actions - {"actions":[{"id":"action59","type":"key","parameters":{},"actions":[{"type":"keyDown","value":"î€‡"},{"type":"pause","duration":10},{"type":"keyUp","value":"î€‡"}]}]}
RESULT: {}
RESULT: {"actions":[{"id":"action59","type":"key","parameters":{},"actions":[{"type":"keyDown","value":"î€‡"},{"type":"pause","duration":10},{"type":"keyUp","value":"î€‡"}]}]}
COMMAND: POST /session/7a77e4e78ab7f053ff1399b1683134e1/element - {"using":"xpath","value":"(//span[contains(text(), \"catalogItemyb67h\")])[1]"}
COMMAND: GET /session/7a77e4e78ab7f053ff1399b1683134e1/screenshot - {}
RESULT: {"using":"xpath","value":"(//span[contains(text(), \"catalogItemyb67h\")])[1]"}
COMMAND: POST /session/7a77e4e78ab7f053ff1399b1683134e1/element/f.F34A9C30008BD60ECF93DB5E8BBA230A.d.26C4558A1256DCF2AFF913B09AE2BF46.e.8920/click - {}
RESULT: {}
RESULT: {}
COMMAND: GET /session/7a77e4e78ab7f053ff1399b1683134e1/screenshot - {}
RESULT: {}
COMMAND: POST /session/7a77e4e78ab7f053ff1399b1683134e1/element - {"using":"xpath","value":"//*[contains(@id ,\"BDI-content\")][contains(text(), \"Edit\")]"}
RESULT: {"using":"xpath","value":"//*[contains(@id ,\"BDI-content\")][contains(text(), \"Edit\")]"}
COMMAND: POST /session/7a77e4e78ab7f053ff1399b1683134e1/element/f.F34A9C30008BD60ECF93DB5E8BBA230A.d.26C4558A1256DCF2AFF913B09AE2BF46.e.9001/click - {}
RESULT: {}
COMMAND: GET /session/7a77e4e78ab7f053ff1399b1683134e1/screenshot - {}
RESULT: {}
COMMAND: POST /session/7a77e4e78ab7f053ff1399b1683134e1/element - {"using":"xpath","value":"//bdi[contains(text(), \"Assigned Resources\")]"}
RESULT: {"using":"xpath","value":"//bdi[contains(text(), \"Assigned Resources\")]"}
COMMAND: POST /session/7a77e4e78ab7f053ff1399b1683134e1/element/f.F34A9C30008BD60ECF93DB5E8BBA230A.d.26C4558A1256DCF2AFF913B09AE2BF46.e.9022/click - {}
RESULT: {}
COMMAND: GET /session/7a77e4e78ab7f053ff1399b1683134e1/screenshot - {}
RESULT: {}
COMMAND: POST /session/7a77e4e78ab7f053ff1399b1683134e1/element - {"using":"xpath","value":"//button[contains(@data-kt ,\"catalogItemAssignRuButton\")]"}
RESULT: {"using":"xpath","value":"//button[contains(@data-kt ,\"catalogItemAssignRuButton\")]"}
COMMAND: POST /session/7a77e4e78ab7f053ff1399b1683134e1/element/f.F34A9C30008BD60ECF93DB5E8BBA230A.d.26C4558A1256DCF2AFF913B09AE2BF46.e.9030/click - {}
RESULT: {}
COMMAND: GET /session/7a77e4e78ab7f053ff1399b1683134e1/screenshot - {}
RESULT: {}
COMMAND: POST /session/7a77e4e78ab7f053ff1399b1683134e1/actions - {"actions":[{"id":"action60","type":"key","parameters":{},"actions":[{"type":"keyDown","value":"î€‡"},{"type":"pause","duration":10},{"type":"keyUp","value":"î€‡"}]}]}
RESULT: {"actions":[{"id":"action60","type":"key","parameters":{},"actions":[{"type":"keyDown","value":"î€‡"},{"type":"pause","duration":10},{"type":"keyUp","value":"î€‡"}]}]}
COMMAND: GET /session/7a77e4e78ab7f053ff1399b1683134e1/screenshot - {}
RESULT: {}
COMMAND: POST /session/7a77e4e78ab7f053ff1399b1683134e1/execute/async - {"script":"<script> [1562 bytes]","args":[{"selector":{"id":"application-managecatalogs-display-component---detailCatalog--assignRUSearchField-vhi","searchOpenDialogs":true},"wdio_ui5_key":"applicationmanagecatalogs-display-component---detailCatalog--assignRUSearchField-vhi"}]}
RESULT: {"script":"<script> [1562 bytes]","args":[{"selector":{"id":"application-managecatalogs-display-component---detailCatalog--assignRUSearchField-vhi","searchOpenDialogs":true},"wdio_ui5_key":"applicationmanagecatalogs-display-component---detailCatalog--assignRUSearchField-vhi"}]}
RESULT: undefined
COMMAND: POST /session/7a77e4e78ab7f053ff1399b1683134e1/element - {"using":"xpath","value":"//*[@id=\"application-managecatalogs-display-component---detailCatalog--assignRUSearchField-vhi\"]"}
RESULT: {"using":"xpath","value":"//*[@id=\"application-managecatalogs-display-component---detailCatalog--assignRUSearchField-vhi\"]"}
COMMAND: POST /session/7a77e4e78ab7f053ff1399b1683134e1/element/f.F34A9C30008BD60ECF93DB5E8BBA230A.d.26C4558A1256DCF2AFF913B09AE2BF46.e.9048/click - {}
RESULT: {}
COMMAND: GET /session/7a77e4e78ab7f053ff1399b1683134e1/screenshot - {}
RESULT: {}
COMMAND: POST /session/7a77e4e78ab7f053ff1399b1683134e1/element - {"using":"xpath","value":"//input[contains(@id ,\"searchField-I\")]"}
RESULT: {"using":"xpath","value":"//input[contains(@id ,\"searchField-I\")]"}
COMMAND: POST /session/7a77e4e78ab7f053ff1399b1683134e1/element/f.F34A9C30008BD60ECF93DB5E8BBA230A.d.26C4558A1256DCF2AFF913B09AE2BF46.e.9050/clear - {}
RESULT: {}
COMMAND: POST /session/7a77e4e78ab7f053ff1399b1683134e1/element/f.F34A9C30008BD60ECF93DB5E8BBA230A.d.26C4558A1256DCF2AFF913B09AE2BF46.e.9050/value - {"text":"WebdriverRUR2Cdhf0e"}
COMMAND: GET /session/7a77e4e78ab7f053ff1399b1683134e1/screenshot - {}
RESULT: {"text":"WebdriverRUR2Cdhf0e"}
COMMAND: GET /session/7a77e4e78ab7f053ff1399b1683134e1/screenshot - {}
RESULT: {}
RESULT: {}
COMMAND: POST /session/7a77e4e78ab7f053ff1399b1683134e1/actions - {"actions":[{"id":"action61","type":"key","parameters":{},"actions":[{"type":"keyDown","value":"î€‡"},{"type":"pause","duration":10},{"type":"keyUp","value":"î€‡"}]}]}
RESULT: {"actions":[{"id":"action61","type":"key","parameters":{},"actions":[{"type":"keyDown","value":"î€‡"},{"type":"pause","duration":10},{"type":"keyUp","value":"î€‡"}]}]}
COMMAND: GET /session/7a77e4e78ab7f053ff1399b1683134e1/screenshot - {}
RESULT: {}
COMMAND: POST /session/7a77e4e78ab7f053ff1399b1683134e1/actions - {"actions":[{"id":"action62","type":"key","parameters":{},"actions":[{"type":"keyDown","value":"î€„"},{"type":"pause","duration":10},{"type":"keyUp","value":"î€„"}]}]}
RESULT: {"actions":[{"id":"action62","type":"key","parameters":{},"actions":[{"type":"keyDown","value":"î€„"},{"type":"pause","duration":10},{"type":"keyUp","value":"î€„"}]}]}
COMMAND: GET /session/7a77e4e78ab7f053ff1399b1683134e1/screenshot - {}
RESULT: {}
COMMAND: POST /session/7a77e4e78ab7f053ff1399b1683134e1/actions - {"actions":[{"id":"action63","type":"key","parameters":{},"actions":[{"type":"keyDown","value":"î€‡"},{"type":"pause","duration":10},{"type":"keyUp","value":"î€‡"}]}]}
RESULT: {"actions":[{"id":"action63","type":"key","parameters":{},"actions":[{"type":"keyDown","value":"î€‡"},{"type":"pause","duration":10},{"type":"keyUp","value":"î€‡"}]}]}
COMMAND: GET /session/7a77e4e78ab7f053ff1399b1683134e1/screenshot - {}
RESULT: {}
COMMAND: POST /session/7a77e4e78ab7f053ff1399b1683134e1/element - {"using":"xpath","value":"//bdi[contains(@id ,\"application-managecatalogs-display-component---detailCatalog--RUAssignmentSaveButton-BDI-content\")]"}
RESULT: {"using":"xpath","value":"//bdi[contains(@id ,\"application-managecatalogs-display-component---detailCatalog--RUAssignmentSaveButton-BDI-content\")]"}
COMMAND: POST /session/7a77e4e78ab7f053ff1399b1683134e1/element/f.F34A9C30008BD60ECF93DB5E8BBA230A.d.26C4558A1256DCF2AFF913B09AE2BF46.e.9067/click - {}
RESULT: {}
COMMAND: GET /session/7a77e4e78ab7f053ff1399b1683134e1/screenshot - {}
RESULT: {}
COMMAND: POST /session/7a77e4e78ab7f053ff1399b1683134e1/element - {"using":"xpath","value":"//bdi[contains(text(), \"Save\")]"}
RESULT: {"using":"xpath","value":"//bdi[contains(text(), \"Save\")]"}
COMMAND: POST /session/7a77e4e78ab7f053ff1399b1683134e1/element/f.F34A9C30008BD60ECF93DB5E8BBA230A.d.26C4558A1256DCF2AFF913B09AE2BF46.e.9086/click - {}
RESULT: {}
COMMAND: GET /session/7a77e4e78ab7f053ff1399b1683134e1/screenshot - {}
RESULT: {}
COMMAND: POST /session/7a77e4e78ab7f053ff1399b1683134e1/element - {"using":"css selector","value":"#shell-header-logo"}
RESULT: {"using":"css selector","value":"#shell-header-logo"}
COMMAND: POST /session/7a77e4e78ab7f053ff1399b1683134e1/element/f.F34A9C30008BD60ECF93DB5E8BBA230A.d.26C4558A1256DCF2AFF913B09AE2BF46.e.8817/click - {}
RESULT: {}
COMMAND: GET /session/7a77e4e78ab7f053ff1399b1683134e1/screenshot - {}
RESULT: {}
COMMAND: POST /session/7a77e4e78ab7f053ff1399b1683134e1/refresh - {}
RESULT: {}
COMMAND: GET /session/7a77e4e78ab7f053ff1399b1683134e1/screenshot - {}
RESULT: {}
COMMAND: POST /session/7a77e4e78ab7f053ff1399b1683134e1/execute/async - {"script":"<script> [189 bytes]","args":[]}
RESULT: {"script":"<script> [189 bytes]","args":[]}
COMMAND: POST /session/7a77e4e78ab7f053ff1399b1683134e1/execute/async - {"script":"<script> [123 bytes]","args":[]}
RESULT: {"script":"<script> [123 bytes]","args":[]}
COMMAND: POST /session/7a77e4e78ab7f053ff1399b1683134e1/timeouts - {"script":"<number>"}
RESULT: {"script":"<number>"}
COMMAND: GET /session/7a77e4e78ab7f053ff1399b1683134e1/timeouts - {}
RESULT: {}
RESULT: undefined
COMMAND: POST /session/7a77e4e78ab7f053ff1399b1683134e1/execute/async - {"script":"<script> [2676 bytes]","args":[]}
RESULT: {"script":"<script> [2676 bytes]","args":[]}
COMMAND: POST /session/7a77e4e78ab7f053ff1399b1683134e1/execute/async - {"script":"<script> [2342 bytes]","args":[{"protocol":"http","hostname":"0.0.0.0","path":"/","capabilities":{"browserName":"chrome","goog:chromeOptions":{"binary":"C:\\Program Files\\Google\\Chrome\\Application\\chrome.exe","args":["--start-maximized"]}},"logLevel":"warn","connectionRetryTimeout":120000,"connectionRetryCount":3,"logLevels":{},"enableDirectConnect":true,"strictSSL":true,"_":"65 more keys: [\"cacheDir\",\"port\",\"requestedCapabilities\",\"automationProtocol\",\"baseUrl\",\"waitforInterval\",\"waitforTimeout\",\"onReload\",\"beforeCommand\",\"afterCommand\",\"rootDir\",\"specs\",\"suites\",\"exclude\",\"groupLogsByTestSpec\",\"excludeDriverLogs\",\"bail\",\"framework\",\"reporters\",\"services\",\"maxInstances\",\"maxInstancesPerCapability\",\"injectGlobals\",\"filesToWatch\",\"execArgv\",\"runnerEnv\",\"runner\",\"shard\",\"specFileRetries\",\"specFileRetriesDelay\",\"specFileRetriesDeferred\",\"reporterSyncInterval\",\"reporterSyncTimeout\",\"cucumberFeaturesWithLineNumbers\",\"autoCompileOpts\",\"mochaOpts\",\"jasmineOpts\",\"cucumberOpts\",\"onPrepare\",\"onWorkerStart\",\"onWorkerEnd\",\"before\",\"beforeSession\",\"beforeSuite\",\"beforeHook\",\"beforeTest\",\"afterTest\",\"afterHook\",\"afterSuite\",\"afterSession\",\"after\",\"onComplete\",\"beforeAssertion\",\"afterAssertion\",\"beforeFeature\",\"beforeScenario\",\"beforeStep\",\"afterStep\",\"afterScenario\",\"afterFeature\",\"_\",\"suite\",\"$0\",\"ignoredWorkerServices\",\"wdi5\"]"}]}
RESULT: {"script":"<script> [2342 bytes]","args":[{"protocol":"http","hostname":"0.0.0.0","path":"/","capabilities":{"browserName":"chrome","goog:chromeOptions":{"binary":"C:\\Program Files\\Google\\Chrome\\Application\\chrome.exe","args":["--start-maximized"]}},"logLevel":"warn","connectionRetryTimeout":120000,"connectionRetryCount":3,"logLevels":{},"enableDirectConnect":true,"strictSSL":true,"_":"65 more keys: [\"cacheDir\",\"port\",\"requestedCapabilities\",\"automationProtocol\",\"baseUrl\",\"waitforInterval\",\"waitforTimeout\",\"onReload\",\"beforeCommand\",\"afterCommand\",\"rootDir\",\"specs\",\"suites\",\"exclude\",\"groupLogsByTestSpec\",\"excludeDriverLogs\",\"bail\",\"framework\",\"reporters\",\"services\",\"maxInstances\",\"maxInstancesPerCapability\",\"injectGlobals\",\"filesToWatch\",\"execArgv\",\"runnerEnv\",\"runner\",\"shard\",\"specFileRetries\",\"specFileRetriesDelay\",\"specFileRetriesDeferred\",\"reporterSyncInterval\",\"reporterSyncTimeout\",\"cucumberFeaturesWithLineNumbers\",\"autoCompileOpts\",\"mochaOpts\",\"jasmineOpts\",\"cucumberOpts\",\"onPrepare\",\"onWorkerStart\",\"onWorkerEnd\",\"before\",\"beforeSession\",\"beforeSuite\",\"beforeHook\",\"beforeTest\",\"afterTest\",\"afterHook\",\"afterSuite\",\"afterSession\",\"after\",\"onComplete\",\"beforeAssertion\",\"afterAssertion\",\"beforeFeature\",\"beforeScenario\",\"beforeStep\",\"afterStep\",\"afterScenario\",\"afterFeature\",\"_\",\"suite\",\"$0\",\"ignoredWorkerServices\",\"wdi5\"]"}]}
COMMAND: POST /session/7a77e4e78ab7f053ff1399b1683134e1/execute/async - {"script":"<script> [21126 bytes]","args":[35000]}
RESULT: {"script":"<script> [21126 bytes]","args":[35000]}
]]></system-out>
    </testcase>
    <testcase classname="chrome.136_0_7103_93.windows.Reserve/Unreserve_request_item_via_reserve_option_US139161" name="Should create a new request with a catalog item that can be planned" time="167.052">
      <system-out><![CDATA[
COMMAND: POST /session/7a77e4e78ab7f053ff1399b1683134e1/execute/async - {"script":"<script> [1562 bytes]","args":[{"selector":{"controlType":"sap.m.GenericTile","properties":{"header":"Manage Requests"}},"wdio_ui5_key":"sapm.GenericTile{\"header\":\"Manage Requests\"}"}]}
RESULT: {"script":"<script> [1562 bytes]","args":[{"selector":{"controlType":"sap.m.GenericTile","properties":{"header":"Manage Requests"}},"wdio_ui5_key":"sapm.GenericTile{\"header\":\"Manage Requests\"}"}]}
RESULT: undefined
COMMAND: POST /session/7a77e4e78ab7f053ff1399b1683134e1/element - {"using":"xpath","value":"//*[@id=\"__tile47\"]"}
RESULT: {"using":"xpath","value":"//*[@id=\"__tile47\"]"}
COMMAND: POST /session/7a77e4e78ab7f053ff1399b1683134e1/element/f.F34A9C30008BD60ECF93DB5E8BBA230A.d.27C5EBCE5C058C224ED1575FF0296109.e.9127/click - {}
RESULT: {}
COMMAND: GET /session/7a77e4e78ab7f053ff1399b1683134e1/screenshot - {}
RESULT: {}
COMMAND: POST /session/7a77e4e78ab7f053ff1399b1683134e1/elements - {"using":"xpath","value":"//span[text()='Error']"}
RESULT: {"using":"xpath","value":"//span[text()='Error']"}
COMMAND: POST /session/7a77e4e78ab7f053ff1399b1683134e1/element - {"using":"xpath","value":"//button[contains(@data-kt ,\"btnCreateNewOverflowToolbarButton\")]"}
COMMAND: POST /session/7a77e4e78ab7f053ff1399b1683134e1/element - {"using":"xpath","value":"(//span[contains(@class ,\"sapMObjStatusText\")])[1]"}
RESULT: {"using":"xpath","value":"//button[contains(@data-kt ,\"btnCreateNewOverflowToolbarButton\")]"}
COMMAND: POST /session/7a77e4e78ab7f053ff1399b1683134e1/element/f.F34A9C30008BD60ECF93DB5E8BBA230A.d.27C5EBCE5C058C224ED1575FF0296109.e.9184/click - {}
RESULT: {"using":"xpath","value":"(//span[contains(@class ,\"sapMObjStatusText\")])[1]"}
COMMAND: POST /session/7a77e4e78ab7f053ff1399b1683134e1/execute/sync - {"script":"<script> [8489 bytes]","args":[{"element-6066-11e4-a52e-4f735466cecf":"f.F34A9C30008BD60ECF93DB5E8BBA230A.d.27C5EBCE5C058C224ED1575FF0296109.e.9223","ELEMENT":"f.F34A9C30008BD60ECF93DB5E8BBA230A.d.27C5EBCE5C058C224ED1575FF0296109.e.9223"}]}
RESULT: {}
COMMAND: GET /session/7a77e4e78ab7f053ff1399b1683134e1/screenshot - {}
RESULT: {"script":"<script> [8489 bytes]","args":[{"element-6066-11e4-a52e-4f735466cecf":"f.F34A9C30008BD60ECF93DB5E8BBA230A.d.27C5EBCE5C058C224ED1575FF0296109.e.9223","ELEMENT":"f.F34A9C30008BD60ECF93DB5E8BBA230A.d.27C5EBCE5C058C224ED1575FF0296109.e.9223"}]}
COMMAND: GET /session/7a77e4e78ab7f053ff1399b1683134e1/screenshot - {}
RESULT: {}
RESULT: {}
COMMAND: POST /session/7a77e4e78ab7f053ff1399b1683134e1/element - {"using":"xpath","value":"//input[contains(@id ,\"yardId-inner\")]"}
RESULT: {"using":"xpath","value":"//input[contains(@id ,\"yardId-inner\")]"}
COMMAND: POST /session/7a77e4e78ab7f053ff1399b1683134e1/execute/sync - {"script":"<script> [8489 bytes]","args":[{"element-6066-11e4-a52e-4f735466cecf":"f.F34A9C30008BD60ECF93DB5E8BBA230A.d.27C5EBCE5C058C224ED1575FF0296109.e.9308","ELEMENT":"f.F34A9C30008BD60ECF93DB5E8BBA230A.d.27C5EBCE5C058C224ED1575FF0296109.e.9308"}]}
RESULT: {"script":"<script> [8489 bytes]","args":[{"element-6066-11e4-a52e-4f735466cecf":"f.F34A9C30008BD60ECF93DB5E8BBA230A.d.27C5EBCE5C058C224ED1575FF0296109.e.9308","ELEMENT":"f.F34A9C30008BD60ECF93DB5E8BBA230A.d.27C5EBCE5C058C224ED1575FF0296109.e.9308"}]}
COMMAND: POST /session/7a77e4e78ab7f053ff1399b1683134e1/element - {"using":"xpath","value":"//input[contains(@id ,\"yardId-inner\")]"}
COMMAND: GET /session/7a77e4e78ab7f053ff1399b1683134e1/screenshot - {}
RESULT: {"using":"xpath","value":"//input[contains(@id ,\"yardId-inner\")]"}
COMMAND: GET /session/7a77e4e78ab7f053ff1399b1683134e1/element/f.F34A9C30008BD60ECF93DB5E8BBA230A.d.27C5EBCE5C058C224ED1575FF0296109.e.9308/enabled - {}
RESULT: {}
RESULT: {}
COMMAND: POST /session/7a77e4e78ab7f053ff1399b1683134e1/element/f.F34A9C30008BD60ECF93DB5E8BBA230A.d.27C5EBCE5C058C224ED1575FF0296109.e.9308/clear - {}
COMMAND: GET /session/7a77e4e78ab7f053ff1399b1683134e1/screenshot - {}
RESULT: {}
COMMAND: POST /session/7a77e4e78ab7f053ff1399b1683134e1/element/f.F34A9C30008BD60ECF93DB5E8BBA230A.d.27C5EBCE5C058C224ED1575FF0296109.e.9308/value - {"text":"WebdriverYardgb2jc"}
COMMAND: GET /session/7a77e4e78ab7f053ff1399b1683134e1/screenshot - {}
RESULT: {}
RESULT: {"text":"WebdriverYardgb2jc"}
COMMAND: GET /session/7a77e4e78ab7f053ff1399b1683134e1/screenshot - {}
RESULT: {}
RESULT: {}
COMMAND: POST /session/7a77e4e78ab7f053ff1399b1683134e1/element - {"using":"xpath","value":"//input[contains(@id ,\"customerNumber-inner\")]"}
RESULT: {"using":"xpath","value":"//input[contains(@id ,\"customerNumber-inner\")]"}
COMMAND: POST /session/7a77e4e78ab7f053ff1399b1683134e1/element/f.F34A9C30008BD60ECF93DB5E8BBA230A.d.27C5EBCE5C058C224ED1575FF0296109.e.9304/value - {"text":"WebdriverPartnerrl9mi"}
COMMAND: POST /session/7a77e4e78ab7f053ff1399b1683134e1/actions - {"actions":[{"id":"action64","type":"key","parameters":{},"actions":[{"type":"keyDown","value":"î€‡"},{"type":"pause","duration":10},{"type":"keyUp","value":"î€‡"}]}]}
RESULT: {"actions":[{"id":"action64","type":"key","parameters":{},"actions":[{"type":"keyDown","value":"î€‡"},{"type":"pause","duration":10},{"type":"keyUp","value":"î€‡"}]}]}
COMMAND: GET /session/7a77e4e78ab7f053ff1399b1683134e1/screenshot - {}
RESULT: {"text":"WebdriverPartnerrl9mi"}
COMMAND: GET /session/7a77e4e78ab7f053ff1399b1683134e1/screenshot - {}
RESULT: {}
RESULT: {}
COMMAND: POST /session/7a77e4e78ab7f053ff1399b1683134e1/actions - {"actions":[{"id":"action65","type":"key","parameters":{},"actions":[{"type":"keyDown","value":"î€‡"},{"type":"pause","duration":10},{"type":"keyUp","value":"î€‡"}]}]}
RESULT: {"actions":[{"id":"action65","type":"key","parameters":{},"actions":[{"type":"keyDown","value":"î€‡"},{"type":"pause","duration":10},{"type":"keyUp","value":"î€‡"}]}]}
COMMAND: GET /session/7a77e4e78ab7f053ff1399b1683134e1/screenshot - {}
RESULT: {}
COMMAND: GET /session/7a77e4e78ab7f053ff1399b1683134e1/element/f.F34A9C30008BD60ECF93DB5E8BBA230A.d.27C5EBCE5C058C224ED1575FF0296109.e.9304/property/value - {}
RESULT: {}
COMMAND: GET /session/7a77e4e78ab7f053ff1399b1683134e1/screenshot - {}
RESULT: {}
COMMAND: POST /session/7a77e4e78ab7f053ff1399b1683134e1/element - {"using":"xpath","value":"//input[contains(@id ,\"requestSiteId-inner\")]"}
RESULT: {"using":"xpath","value":"//input[contains(@id ,\"requestSiteId-inner\")]"}
COMMAND: POST /session/7a77e4e78ab7f053ff1399b1683134e1/element/f.F34A9C30008BD60ECF93DB5E8BBA230A.d.27C5EBCE5C058C224ED1575FF0296109.e.9303/value - {"text":"WebdriverSitesv4mj"}
RESULT: {"text":"WebdriverSitesv4mj"}
COMMAND: GET /session/7a77e4e78ab7f053ff1399b1683134e1/screenshot - {}
RESULT: {}
COMMAND: POST /session/7a77e4e78ab7f053ff1399b1683134e1/actions - {"actions":[{"id":"action66","type":"key","parameters":{},"actions":[{"type":"keyDown","value":"î€‡"},{"type":"pause","duration":10},{"type":"keyUp","value":"î€‡"}]}]}
RESULT: {"actions":[{"id":"action66","type":"key","parameters":{},"actions":[{"type":"keyDown","value":"î€‡"},{"type":"pause","duration":10},{"type":"keyUp","value":"î€‡"}]}]}
COMMAND: GET /session/7a77e4e78ab7f053ff1399b1683134e1/screenshot - {}
RESULT: {}
COMMAND: POST /session/7a77e4e78ab7f053ff1399b1683134e1/element - {"using":"xpath","value":"//button[contains(@data-kt ,\"requestItemAddOverflowToolbarButton\")]"}
RESULT: {"using":"xpath","value":"//button[contains(@data-kt ,\"requestItemAddOverflowToolbarButton\")]"}
COMMAND: POST /session/7a77e4e78ab7f053ff1399b1683134e1/element/f.F34A9C30008BD60ECF93DB5E8BBA230A.d.27C5EBCE5C058C224ED1575FF0296109.e.9499/click - {}
RESULT: {}
COMMAND: GET /session/7a77e4e78ab7f053ff1399b1683134e1/screenshot - {}
RESULT: {}
COMMAND: POST /session/7a77e4e78ab7f053ff1399b1683134e1/actions - {"actions":[{"id":"action67","type":"key","parameters":{},"actions":[{"type":"keyDown","value":"î€•"},{"type":"pause","duration":10},{"type":"keyUp","value":"î€•"}]}]}
RESULT: {"actions":[{"id":"action67","type":"key","parameters":{},"actions":[{"type":"keyDown","value":"î€•"},{"type":"pause","duration":10},{"type":"keyUp","value":"î€•"}]}]}
COMMAND: POST /session/7a77e4e78ab7f053ff1399b1683134e1/actions - {"actions":[{"id":"action68","type":"key","parameters":{},"actions":[{"type":"keyDown","value":"î€‡"},{"type":"pause","duration":10},{"type":"keyUp","value":"î€‡"}]}]}
COMMAND: GET /session/7a77e4e78ab7f053ff1399b1683134e1/screenshot - {}
RESULT: {"actions":[{"id":"action68","type":"key","parameters":{},"actions":[{"type":"keyDown","value":"î€‡"},{"type":"pause","duration":10},{"type":"keyUp","value":"î€‡"}]}]}
COMMAND: POST /session/7a77e4e78ab7f053ff1399b1683134e1/element - {"using":"xpath","value":"(//input[contains(@id ,\"requestItemsTable-0-inner\")])[1]"}
COMMAND: GET /session/7a77e4e78ab7f053ff1399b1683134e1/screenshot - {}
RESULT: {}
RESULT: {"using":"xpath","value":"(//input[contains(@id ,\"requestItemsTable-0-inner\")])[1]"}
COMMAND: POST /session/7a77e4e78ab7f053ff1399b1683134e1/element/f.F34A9C30008BD60ECF93DB5E8BBA230A.d.27C5EBCE5C058C224ED1575FF0296109.e.9503/clear - {}
RESULT: {}
RESULT: {}
COMMAND: POST /session/7a77e4e78ab7f053ff1399b1683134e1/element/f.F34A9C30008BD60ECF93DB5E8BBA230A.d.27C5EBCE5C058C224ED1575FF0296109.e.9503/value - {"text":"catalogItemyb67h"}
COMMAND: GET /session/7a77e4e78ab7f053ff1399b1683134e1/screenshot - {}
RESULT: {"text":"catalogItemyb67h"}
COMMAND: GET /session/7a77e4e78ab7f053ff1399b1683134e1/screenshot - {}
RESULT: {}
RESULT: {}
COMMAND: POST /session/7a77e4e78ab7f053ff1399b1683134e1/actions - {"actions":[{"id":"action69","type":"key","parameters":{},"actions":[{"type":"keyDown","value":"î€‡"},{"type":"pause","duration":10},{"type":"keyUp","value":"î€‡"}]}]}
RESULT: {"actions":[{"id":"action69","type":"key","parameters":{},"actions":[{"type":"keyDown","value":"î€‡"},{"type":"pause","duration":10},{"type":"keyUp","value":"î€‡"}]}]}
COMMAND: GET /session/7a77e4e78ab7f053ff1399b1683134e1/screenshot - {}
RESULT: {}
COMMAND: POST /session/7a77e4e78ab7f053ff1399b1683134e1/execute/async - {"script":"<script> [1562 bytes]","args":[{"selector":{"controlType":"sap.ui.core.Icon","viewName":"etm.portal.ui.managerequests.view.NewRequest","properties":{"src":{"regex":{"source":"slim\\-arrow\\-down"}}},"ancestor":{"controlType":"sap.m.Button","viewName":"etm.portal.ui.managerequests.view.NewRequest","properties":{"icon":"sap-icon://slim-arrow-down"}}},"wdio_ui5_key":"etmportal.ui.managerequests.view.NewRequestsap.ui.core.Icon{\"src\":{\"regex\":{\"source\":\"slim\\\\-arrow\\\\-down\"}}}{\"controlType\":\"sap.m.Button\",\"viewName\":\"etm.portal.ui.managerequests.view.NewRequest\",\"properties\":{\"icon\":\"sap-icon://slim-arrow-down\"}}"}]}
RESULT: {"script":"<script> [1562 bytes]","args":[{"selector":{"controlType":"sap.ui.core.Icon","viewName":"etm.portal.ui.managerequests.view.NewRequest","properties":{"src":{"regex":{"source":"slim\\-arrow\\-down"}}},"ancestor":{"controlType":"sap.m.Button","viewName":"etm.portal.ui.managerequests.view.NewRequest","properties":{"icon":"sap-icon://slim-arrow-down"}}},"wdio_ui5_key":"etmportal.ui.managerequests.view.NewRequestsap.ui.core.Icon{\"src\":{\"regex\":{\"source\":\"slim\\\\-arrow\\\\-down\"}}}{\"controlType\":\"sap.m.Button\",\"viewName\":\"etm.portal.ui.managerequests.view.NewRequest\",\"properties\":{\"icon\":\"sap-icon://slim-arrow-down\"}}"}]}
RESULT: undefined
COMMAND: POST /session/7a77e4e78ab7f053ff1399b1683134e1/element - {"using":"xpath","value":"//div[contains(@data-kt ,\"splitAllocationObjectStatus\")]"}
RESULT: {"using":"xpath","value":"//div[contains(@data-kt ,\"splitAllocationObjectStatus\")]"}
COMMAND: POST /session/7a77e4e78ab7f053ff1399b1683134e1/elements - {"using":"xpath","value":"//div[contains(@data-kt ,\"splitAllocationObjectStatus\")]"}
RESULT: {"using":"xpath","value":"//div[contains(@data-kt ,\"splitAllocationObjectStatus\")]"}
COMMAND: POST /session/7a77e4e78ab7f053ff1399b1683134e1/execute/async - {"script":"<script> [1562 bytes]","args":[{"selector":{"controlType":"sap.ui.core.Icon","viewName":"etm.portal.ui.managerequests.view.NewRequest","properties":{"src":{"regex":{"source":"message\\-error"}}}},"wdio_ui5_key":"etmportal.ui.managerequests.view.NewRequestsap.ui.core.Icon{\"src\":{\"regex\":{\"source\":\"message\\\\-error\"}}}"}]}
RESULT: {"script":"<script> [1562 bytes]","args":[{"selector":{"controlType":"sap.ui.core.Icon","viewName":"etm.portal.ui.managerequests.view.NewRequest","properties":{"src":{"regex":{"source":"message\\-error"}}}},"wdio_ui5_key":"etmportal.ui.managerequests.view.NewRequestsap.ui.core.Icon{\"src\":{\"regex\":{\"source\":\"message\\\\-error\"}}}"}]}
RESULT: undefined
COMMAND: POST /session/7a77e4e78ab7f053ff1399b1683134e1/element - {"using":"xpath","value":"//*[@id=\"__status4-__xmlview59--requestItemsTable-0-icon\"]"}
RESULT: {"using":"xpath","value":"//*[@id=\"__status4-__xmlview59--requestItemsTable-0-icon\"]"}
COMMAND: POST /session/7a77e4e78ab7f053ff1399b1683134e1/element/f.F34A9C30008BD60ECF93DB5E8BBA230A.d.27C5EBCE5C058C224ED1575FF0296109.e.9518/click - {}
RESULT: {}
COMMAND: POST /session/7a77e4e78ab7f053ff1399b1683134e1/execute/async - {"script":"<script> [1562 bytes]","args":[{"selector":{"controlType":"sap.ui.core.Icon","viewName":"etm.portal.ui.managerequests.view.NewRequest","properties":{"src":{"regex":{"source":"slim\\-arrow\\-down"}}},"searchOpenDialogs":true,"ancestor":{"id":"costObjectAdminTypeComboBox","viewName":"etm.portal.ui.managerequests.view.NewRequest","searchOpenDialogs":true}},"wdio_ui5_key":"etmportal.ui.managerequests.view.NewRequestsap.ui.core.Icon{\"src\":{\"regex\":{\"source\":\"slim\\\\-arrow\\\\-down\"}}}{\"id\":\"costObjectAdminTypeComboBox\",\"viewName\":\"etm.portal.ui.managerequests.view.NewRequest\",\"searchOpenDialogs\":true}"}]}
COMMAND: GET /session/7a77e4e78ab7f053ff1399b1683134e1/screenshot - {}
RESULT: {"script":"<script> [1562 bytes]","args":[{"selector":{"controlType":"sap.ui.core.Icon","viewName":"etm.portal.ui.managerequests.view.NewRequest","properties":{"src":{"regex":{"source":"slim\\-arrow\\-down"}}},"searchOpenDialogs":true,"ancestor":{"id":"costObjectAdminTypeComboBox","viewName":"etm.portal.ui.managerequests.view.NewRequest","searchOpenDialogs":true}},"wdio_ui5_key":"etmportal.ui.managerequests.view.NewRequestsap.ui.core.Icon{\"src\":{\"regex\":{\"source\":\"slim\\\\-arrow\\\\-down\"}}}{\"id\":\"costObjectAdminTypeComboBox\",\"viewName\":\"etm.portal.ui.managerequests.view.NewRequest\",\"searchOpenDialogs\":true}"}]}
RESULT: undefined
COMMAND: POST /session/7a77e4e78ab7f053ff1399b1683134e1/element - {"using":"xpath","value":"//*[@id=\"__xmlview59--costObjectAdminTypeComboBox-arrow\"]"}
RESULT: {}
RESULT: {"using":"xpath","value":"//*[@id=\"__xmlview59--costObjectAdminTypeComboBox-arrow\"]"}
COMMAND: POST /session/7a77e4e78ab7f053ff1399b1683134e1/element/f.F34A9C30008BD60ECF93DB5E8BBA230A.d.27C5EBCE5C058C224ED1575FF0296109.e.9523/click - {}
RESULT: {}
COMMAND: POST /session/7a77e4e78ab7f053ff1399b1683134e1/execute/async - {"script":"<script> [1562 bytes]","args":[{"selector":{"controlType":"sap.m.StandardListItem","viewName":"etm.portal.ui.managerequests.view.NewRequest","properties":{"title":"Cost Center"},"searchOpenDialogs":true,"interaction":{"idSuffix":"titleText"}},"wdio_ui5_key":"etmportal.ui.managerequests.view.NewRequestsap.m.StandardListItem{\"title\":\"Cost Center\"}"}]}
COMMAND: GET /session/7a77e4e78ab7f053ff1399b1683134e1/screenshot - {}
RESULT: {"script":"<script> [1562 bytes]","args":[{"selector":{"controlType":"sap.m.StandardListItem","viewName":"etm.portal.ui.managerequests.view.NewRequest","properties":{"title":"Cost Center"},"searchOpenDialogs":true,"interaction":{"idSuffix":"titleText"}},"wdio_ui5_key":"etmportal.ui.managerequests.view.NewRequestsap.m.StandardListItem{\"title\":\"Cost Center\"}"}]}
RESULT: undefined
COMMAND: POST /session/7a77e4e78ab7f053ff1399b1683134e1/element - {"using":"xpath","value":"//*[@id=\"__item642\"]"}
RESULT: {}
RESULT: {"using":"xpath","value":"//*[@id=\"__item642\"]"}
COMMAND: POST /session/7a77e4e78ab7f053ff1399b1683134e1/element/f.F34A9C30008BD60ECF93DB5E8BBA230A.d.27C5EBCE5C058C224ED1575FF0296109.e.9525/click - {}
RESULT: {}
COMMAND: GET /session/7a77e4e78ab7f053ff1399b1683134e1/screenshot - {}
RESULT: {}
COMMAND: POST /session/7a77e4e78ab7f053ff1399b1683134e1/execute/async - {"script":"<script> [1562 bytes]","args":[{"selector":{"controlType":"sap.ui.core.Icon","viewName":"etm.portal.ui.managerequests.view.NewRequest","properties":{"src":{"regex":{"source":"value\\-help"}}},"searchOpenDialogs":true},"wdio_ui5_key":"etmportal.ui.managerequests.view.NewRequestsap.ui.core.Icon{\"src\":{\"regex\":{\"source\":\"value\\\\-help\"}}}"}]}
RESULT: {"script":"<script> [1562 bytes]","args":[{"selector":{"controlType":"sap.ui.core.Icon","viewName":"etm.portal.ui.managerequests.view.NewRequest","properties":{"src":{"regex":{"source":"value\\-help"}}},"searchOpenDialogs":true},"wdio_ui5_key":"etmportal.ui.managerequests.view.NewRequestsap.ui.core.Icon{\"src\":{\"regex\":{\"source\":\"value\\\\-help\"}}}"}]}
RESULT: undefined
COMMAND: POST /session/7a77e4e78ab7f053ff1399b1683134e1/element - {"using":"xpath","value":"//*[@id=\"__xmlview59--costObjectIdComboBox-vhi\"]"}
RESULT: {"using":"xpath","value":"//*[@id=\"__xmlview59--costObjectIdComboBox-vhi\"]"}
COMMAND: POST /session/7a77e4e78ab7f053ff1399b1683134e1/element/f.F34A9C30008BD60ECF93DB5E8BBA230A.d.27C5EBCE5C058C224ED1575FF0296109.e.9532/click - {}
RESULT: {}
COMMAND: POST /session/7a77e4e78ab7f053ff1399b1683134e1/execute/async - {"script":"<script> [1562 bytes]","args":[{"selector":{"controlType":"sap.m.SearchField","properties":{"placeholder":"Search"},"searchOpenDialogs":true,"interaction":{"idSuffix":"I"}},"wdio_ui5_key":"sapm.SearchField{\"placeholder\":\"Search\"}"}]}
COMMAND: GET /session/7a77e4e78ab7f053ff1399b1683134e1/screenshot - {}
RESULT: {"script":"<script> [1562 bytes]","args":[{"selector":{"controlType":"sap.m.SearchField","properties":{"placeholder":"Search"},"searchOpenDialogs":true,"interaction":{"idSuffix":"I"}},"wdio_ui5_key":"sapm.SearchField{\"placeholder\":\"Search\"}"}]}
RESULT: undefined
COMMAND: POST /session/7a77e4e78ab7f053ff1399b1683134e1/execute/async - {"script":"<script> [776 bytes]","args":[{"enterText":"10001010","selector":{"controlType":"sap.m.SearchField","properties":{"placeholder":"Search"},"searchOpenDialogs":true,"interaction":{"idSuffix":"I"}},"clearTextFirst":true,"interactionType":"ENTER_TEXT"}]}
RESULT: {}
RESULT: {"script":"<script> [776 bytes]","args":[{"enterText":"10001010","selector":{"controlType":"sap.m.SearchField","properties":{"placeholder":"Search"},"searchOpenDialogs":true,"interaction":{"idSuffix":"I"}},"clearTextFirst":true,"interactionType":"ENTER_TEXT"}]}
COMMAND: POST /session/7a77e4e78ab7f053ff1399b1683134e1/actions - {"actions":[{"id":"action70","type":"key","parameters":{},"actions":[{"type":"keyDown","value":"î€‡"},{"type":"pause","duration":10},{"type":"keyUp","value":"î€‡"}]}]}
RESULT: {"actions":[{"id":"action70","type":"key","parameters":{},"actions":[{"type":"keyDown","value":"î€‡"},{"type":"pause","duration":10},{"type":"keyUp","value":"î€‡"}]}]}
COMMAND: GET /session/7a77e4e78ab7f053ff1399b1683134e1/screenshot - {}
RESULT: {}
COMMAND: POST /session/7a77e4e78ab7f053ff1399b1683134e1/execute/async - {"script":"<script> [1562 bytes]","args":[{"selector":{"controlType":"sap.m.Text","bindingPath":{"path":"/C_CostCtrValueHelp(CostCenter='10001010',ControllingArea='Z001')","propertyPath":"CostCenterName","modelName":"CostCenterModel"},"searchOpenDialogs":true},"wdio_ui5_key":"sapm.Text{\"path\":\"/C_CostCtrValueHelp(CostCenter='10001010',ControllingArea='Z001')\",\"propertyPath\":\"CostCenterName\",\"modelName\":\"CostCenterModel\"}"}]}
RESULT: {"script":"<script> [1562 bytes]","args":[{"selector":{"controlType":"sap.m.Text","bindingPath":{"path":"/C_CostCtrValueHelp(CostCenter='10001010',ControllingArea='Z001')","propertyPath":"CostCenterName","modelName":"CostCenterModel"},"searchOpenDialogs":true},"wdio_ui5_key":"sapm.Text{\"path\":\"/C_CostCtrValueHelp(CostCenter='10001010',ControllingArea='Z001')\",\"propertyPath\":\"CostCenterName\",\"modelName\":\"CostCenterModel\"}"}]}
RESULT: undefined
COMMAND: POST /session/7a77e4e78ab7f053ff1399b1683134e1/element - {"using":"xpath","value":"//*[@id=\"__text287-__clone788\"]"}
RESULT: {"using":"xpath","value":"//*[@id=\"__text287-__clone788\"]"}
COMMAND: POST /session/7a77e4e78ab7f053ff1399b1683134e1/element/f.F34A9C30008BD60ECF93DB5E8BBA230A.d.27C5EBCE5C058C224ED1575FF0296109.e.9571/click - {}
RESULT: {}
COMMAND: POST /session/7a77e4e78ab7f053ff1399b1683134e1/execute/async - {"script":"<script> [1562 bytes]","args":[{"selector":{"controlType":"sap.m.Button","properties":{"text":"OK"},"searchOpenDialogs":true,"interaction":{"idSuffix":"BDI-content"}},"wdio_ui5_key":"sapm.Button{\"text\":\"OK\"}"}]}
COMMAND: GET /session/7a77e4e78ab7f053ff1399b1683134e1/screenshot - {}
RESULT: {"script":"<script> [1562 bytes]","args":[{"selector":{"controlType":"sap.m.Button","properties":{"text":"OK"},"searchOpenDialogs":true,"interaction":{"idSuffix":"BDI-content"}},"wdio_ui5_key":"sapm.Button{\"text\":\"OK\"}"}]}
RESULT: undefined
COMMAND: POST /session/7a77e4e78ab7f053ff1399b1683134e1/element - {"using":"xpath","value":"//*[@id=\"__dialog1-ok\"]"}
RESULT: {}
RESULT: {"using":"xpath","value":"//*[@id=\"__dialog1-ok\"]"}
COMMAND: POST /session/7a77e4e78ab7f053ff1399b1683134e1/element/f.F34A9C30008BD60ECF93DB5E8BBA230A.d.27C5EBCE5C058C224ED1575FF0296109.e.9573/click - {}
RESULT: {}
COMMAND: GET /session/7a77e4e78ab7f053ff1399b1683134e1/screenshot - {}
RESULT: {}
COMMAND: POST /session/7a77e4e78ab7f053ff1399b1683134e1/execute/async - {"script":"<script> [1562 bytes]","args":[{"selector":{"controlType":"sap.m.Button","viewName":"etm.portal.ui.managerequests.view.NewRequest","i18NText":{"propertyName":"text","key":"save"},"searchOpenDialogs":true,"interaction":{"idSuffix":"BDI-content"}},"wdio_ui5_key":"etmportal.ui.managerequests.view.NewRequestsap.m.Button{\"propertyName\":\"text\",\"key\":\"save\"}"}]}
RESULT: {"script":"<script> [1562 bytes]","args":[{"selector":{"controlType":"sap.m.Button","viewName":"etm.portal.ui.managerequests.view.NewRequest","i18NText":{"propertyName":"text","key":"save"},"searchOpenDialogs":true,"interaction":{"idSuffix":"BDI-content"}},"wdio_ui5_key":"etmportal.ui.managerequests.view.NewRequestsap.m.Button{\"propertyName\":\"text\",\"key\":\"save\"}"}]}
RESULT: undefined
COMMAND: POST /session/7a77e4e78ab7f053ff1399b1683134e1/element - {"using":"xpath","value":"//*[@id=\"__button22\"]"}
RESULT: {"using":"xpath","value":"//*[@id=\"__button22\"]"}
COMMAND: POST /session/7a77e4e78ab7f053ff1399b1683134e1/element/f.F34A9C30008BD60ECF93DB5E8BBA230A.d.27C5EBCE5C058C224ED1575FF0296109.e.9577/click - {}
RESULT: {}
COMMAND: GET /session/7a77e4e78ab7f053ff1399b1683134e1/screenshot - {}
RESULT: {}
COMMAND: POST /session/7a77e4e78ab7f053ff1399b1683134e1/element - {"using":"xpath","value":"(//bdi[contains(text() ,\"Save\")])[1]"}
RESULT: {"using":"xpath","value":"(//bdi[contains(text() ,\"Save\")])[1]"}
COMMAND: POST /session/7a77e4e78ab7f053ff1399b1683134e1/element/f.F34A9C30008BD60ECF93DB5E8BBA230A.d.27C5EBCE5C058C224ED1575FF0296109.e.9579/click - {}
RESULT: {}
COMMAND: GET /session/7a77e4e78ab7f053ff1399b1683134e1/screenshot - {}
RESULT: {}
COMMAND: POST /session/7a77e4e78ab7f053ff1399b1683134e1/execute/async - {"script":"<script> [1562 bytes]","args":[{"selector":{"controlType":"sap.m.Title","properties":{"text":"Success"},"searchOpenDialogs":true},"wdio_ui5_key":"sapm.Title{\"text\":\"Success\"}"}]}
RESULT: {"script":"<script> [1562 bytes]","args":[{"selector":{"controlType":"sap.m.Title","properties":{"text":"Success"},"searchOpenDialogs":true},"wdio_ui5_key":"sapm.Title{\"text\":\"Success\"}"}]}
RESULT: undefined
COMMAND: POST /session/7a77e4e78ab7f053ff1399b1683134e1/execute/async - {"script":"<script> [6424 bytes]","args":[{"element-6066-11e4-a52e-4f735466cecf":"f.F34A9C30008BD60ECF93DB5E8BBA230A.d.27C5EBCE5C058C224ED1575FF0296109.e.9583"},"getText",[]]}
RESULT: {"script":"<script> [6424 bytes]","args":[{"element-6066-11e4-a52e-4f735466cecf":"f.F34A9C30008BD60ECF93DB5E8BBA230A.d.27C5EBCE5C058C224ED1575FF0296109.e.9583"},"getText",[]]}
COMMAND: POST /session/7a77e4e78ab7f053ff1399b1683134e1/execute/async - {"script":"<script> [1562 bytes]","args":[{"selector":{"controlType":"sap.m.Button","properties":{"text":"Close"},"searchOpenDialogs":true,"interaction":{"idSuffix":"BDI-content"}},"wdio_ui5_key":"sapm.Button{\"text\":\"Close\"}"}]}
RESULT: {"script":"<script> [1562 bytes]","args":[{"selector":{"controlType":"sap.m.Button","properties":{"text":"Close"},"searchOpenDialogs":true,"interaction":{"idSuffix":"BDI-content"}},"wdio_ui5_key":"sapm.Button{\"text\":\"Close\"}"}]}
RESULT: undefined
COMMAND: POST /session/7a77e4e78ab7f053ff1399b1683134e1/element - {"using":"xpath","value":"//*[@id=\"__mbox-btn-0\"]"}
RESULT: {"using":"xpath","value":"//*[@id=\"__mbox-btn-0\"]"}
COMMAND: POST /session/7a77e4e78ab7f053ff1399b1683134e1/element/f.F34A9C30008BD60ECF93DB5E8BBA230A.d.27C5EBCE5C058C224ED1575FF0296109.e.9582/click - {}
RESULT: {}
COMMAND: GET /session/7a77e4e78ab7f053ff1399b1683134e1/screenshot - {}
RESULT: {}
]]></system-out>
    </testcase>
    <testcase classname="chrome.136_0_7103_93.windows.Reserve/Unreserve_request_item_via_reserve_option_US139161" name="Should navigate to planning board and reserve the resource" time="96.49">
      <system-out><![CDATA[
COMMAND: POST /session/7a77e4e78ab7f053ff1399b1683134e1/execute/async - {"script":"<script> [1562 bytes]","args":[{"selector":{"controlType":"sap.m.Button","viewName":"etm.portal.ui.managerequests.view.Detail","i18NText":{"propertyName":"text","key":"planningSituation"},"interaction":{"idSuffix":"BDI-content"}},"wdio_ui5_key":"etmportal.ui.managerequests.view.Detailsap.m.Button{\"propertyName\":\"text\",\"key\":\"planningSituation\"}"}]}
RESULT: {"script":"<script> [1562 bytes]","args":[{"selector":{"controlType":"sap.m.Button","viewName":"etm.portal.ui.managerequests.view.Detail","i18NText":{"propertyName":"text","key":"planningSituation"},"interaction":{"idSuffix":"BDI-content"}},"wdio_ui5_key":"etmportal.ui.managerequests.view.Detailsap.m.Button{\"propertyName\":\"text\",\"key\":\"planningSituation\"}"}]}
RESULT: undefined
COMMAND: POST /session/7a77e4e78ab7f053ff1399b1683134e1/element - {"using":"xpath","value":"//*[@id=\"__button25\"]"}
RESULT: {"using":"xpath","value":"//*[@id=\"__button25\"]"}
COMMAND: POST /session/7a77e4e78ab7f053ff1399b1683134e1/element/f.F34A9C30008BD60ECF93DB5E8BBA230A.d.27C5EBCE5C058C224ED1575FF0296109.e.9602/click - {}
RESULT: {}
COMMAND: GET /session/7a77e4e78ab7f053ff1399b1683134e1/screenshot - {}
RESULT: {}
COMMAND: POST /session/7a77e4e78ab7f053ff1399b1683134e1/element - {"using":"xpath","value":"(//span[contains(@title ,\"WebdriverYardgb2jc\")])[1]"}
RESULT: {"using":"xpath","value":"(//span[contains(@title ,\"WebdriverYardgb2jc\")])[1]"}
COMMAND: POST /session/7a77e4e78ab7f053ff1399b1683134e1/elements - {"using":"xpath","value":"(//span[contains(@title ,\"WebdriverYardgb2jc\")])[1]"}
RESULT: {"using":"xpath","value":"(//span[contains(@title ,\"WebdriverYardgb2jc\")])[1]"}
COMMAND: POST /session/7a77e4e78ab7f053ff1399b1683134e1/elements - {"using":"xpath","value":"(//span[contains(@title ,\"WebdriverYardgb2jc\")])[1]"}
RESULT: {"using":"xpath","value":"(//span[contains(@title ,\"WebdriverYardgb2jc\")])[1]"}
COMMAND: POST /session/7a77e4e78ab7f053ff1399b1683134e1/elements - {"using":"xpath","value":"(//span[contains(@title ,\"WebdriverYardgb2jc\")])[1]"}
RESULT: {"using":"xpath","value":"(//span[contains(@title ,\"WebdriverYardgb2jc\")])[1]"}
COMMAND: POST /session/7a77e4e78ab7f053ff1399b1683134e1/elements - {"using":"xpath","value":"(//span[contains(@title ,\"WebdriverYardgb2jc\")])[1]"}
RESULT: {"using":"xpath","value":"(//span[contains(@title ,\"WebdriverYardgb2jc\")])[1]"}
COMMAND: POST /session/7a77e4e78ab7f053ff1399b1683134e1/elements - {"using":"xpath","value":"(//span[contains(@title ,\"WebdriverYardgb2jc\")])[1]"}
RESULT: {"using":"xpath","value":"(//span[contains(@title ,\"WebdriverYardgb2jc\")])[1]"}
COMMAND: POST /session/7a77e4e78ab7f053ff1399b1683134e1/elements - {"using":"xpath","value":"(//span[contains(@title ,\"WebdriverYardgb2jc\")])[1]"}
RESULT: {"using":"xpath","value":"(//span[contains(@title ,\"WebdriverYardgb2jc\")])[1]"}
COMMAND: POST /session/7a77e4e78ab7f053ff1399b1683134e1/elements - {"using":"xpath","value":"(//span[contains(@title ,\"WebdriverYardgb2jc\")])[1]"}
RESULT: {"using":"xpath","value":"(//span[contains(@title ,\"WebdriverYardgb2jc\")])[1]"}
COMMAND: POST /session/7a77e4e78ab7f053ff1399b1683134e1/elements - {"using":"xpath","value":"(//span[contains(@title ,\"WebdriverYardgb2jc\")])[1]"}
RESULT: {"using":"xpath","value":"(//span[contains(@title ,\"WebdriverYardgb2jc\")])[1]"}
COMMAND: POST /session/7a77e4e78ab7f053ff1399b1683134e1/elements - {"using":"xpath","value":"(//span[contains(@title ,\"WebdriverYardgb2jc\")])[1]"}
RESULT: {"using":"xpath","value":"(//span[contains(@title ,\"WebdriverYardgb2jc\")])[1]"}
COMMAND: POST /session/7a77e4e78ab7f053ff1399b1683134e1/elements - {"using":"xpath","value":"(//span[contains(@title ,\"WebdriverYardgb2jc\")])[1]"}
RESULT: {"using":"xpath","value":"(//span[contains(@title ,\"WebdriverYardgb2jc\")])[1]"}
COMMAND: POST /session/7a77e4e78ab7f053ff1399b1683134e1/elements - {"using":"xpath","value":"(//span[contains(@title ,\"WebdriverYardgb2jc\")])[1]"}
RESULT: {"using":"xpath","value":"(//span[contains(@title ,\"WebdriverYardgb2jc\")])[1]"}
COMMAND: POST /session/7a77e4e78ab7f053ff1399b1683134e1/elements - {"using":"xpath","value":"(//span[contains(@title ,\"WebdriverYardgb2jc\")])[1]"}
RESULT: {"using":"xpath","value":"(//span[contains(@title ,\"WebdriverYardgb2jc\")])[1]"}
COMMAND: POST /session/7a77e4e78ab7f053ff1399b1683134e1/elements - {"using":"xpath","value":"(//span[contains(@title ,\"WebdriverYardgb2jc\")])[1]"}
RESULT: {"using":"xpath","value":"(//span[contains(@title ,\"WebdriverYardgb2jc\")])[1]"}
COMMAND: POST /session/7a77e4e78ab7f053ff1399b1683134e1/elements - {"using":"xpath","value":"(//span[contains(@title ,\"WebdriverYardgb2jc\")])[1]"}
RESULT: {"using":"xpath","value":"(//span[contains(@title ,\"WebdriverYardgb2jc\")])[1]"}
COMMAND: POST /session/7a77e4e78ab7f053ff1399b1683134e1/elements - {"using":"xpath","value":"(//span[contains(@title ,\"WebdriverYardgb2jc\")])[1]"}
RESULT: {"using":"xpath","value":"(//span[contains(@title ,\"WebdriverYardgb2jc\")])[1]"}
COMMAND: POST /session/7a77e4e78ab7f053ff1399b1683134e1/elements - {"using":"xpath","value":"(//span[contains(@title ,\"WebdriverYardgb2jc\")])[1]"}
RESULT: {"using":"xpath","value":"(//span[contains(@title ,\"WebdriverYardgb2jc\")])[1]"}
COMMAND: POST /session/7a77e4e78ab7f053ff1399b1683134e1/elements - {"using":"xpath","value":"(//span[contains(@title ,\"WebdriverYardgb2jc\")])[1]"}
RESULT: {"using":"xpath","value":"(//span[contains(@title ,\"WebdriverYardgb2jc\")])[1]"}
COMMAND: POST /session/7a77e4e78ab7f053ff1399b1683134e1/elements - {"using":"xpath","value":"(//span[contains(@title ,\"WebdriverYardgb2jc\")])[1]"}
RESULT: {"using":"xpath","value":"(//span[contains(@title ,\"WebdriverYardgb2jc\")])[1]"}
COMMAND: POST /session/7a77e4e78ab7f053ff1399b1683134e1/elements - {"using":"xpath","value":"(//span[contains(@title ,\"WebdriverYardgb2jc\")])[1]"}
RESULT: {"using":"xpath","value":"(//span[contains(@title ,\"WebdriverYardgb2jc\")])[1]"}
COMMAND: POST /session/7a77e4e78ab7f053ff1399b1683134e1/elements - {"using":"xpath","value":"(//span[contains(@title ,\"WebdriverYardgb2jc\")])[1]"}
RESULT: {"using":"xpath","value":"(//span[contains(@title ,\"WebdriverYardgb2jc\")])[1]"}
COMMAND: POST /session/7a77e4e78ab7f053ff1399b1683134e1/elements - {"using":"xpath","value":"(//span[contains(@title ,\"WebdriverYardgb2jc\")])[1]"}
RESULT: {"using":"xpath","value":"(//span[contains(@title ,\"WebdriverYardgb2jc\")])[1]"}
COMMAND: POST /session/7a77e4e78ab7f053ff1399b1683134e1/elements - {"using":"xpath","value":"(//span[contains(@title ,\"WebdriverYardgb2jc\")])[1]"}
RESULT: {"using":"xpath","value":"(//span[contains(@title ,\"WebdriverYardgb2jc\")])[1]"}
COMMAND: POST /session/7a77e4e78ab7f053ff1399b1683134e1/elements - {"using":"xpath","value":"(//span[contains(@title ,\"WebdriverYardgb2jc\")])[1]"}
RESULT: {"using":"xpath","value":"(//span[contains(@title ,\"WebdriverYardgb2jc\")])[1]"}
COMMAND: POST /session/7a77e4e78ab7f053ff1399b1683134e1/elements - {"using":"xpath","value":"(//span[contains(@title ,\"WebdriverYardgb2jc\")])[1]"}
RESULT: {"using":"xpath","value":"(//span[contains(@title ,\"WebdriverYardgb2jc\")])[1]"}
COMMAND: POST /session/7a77e4e78ab7f053ff1399b1683134e1/elements - {"using":"xpath","value":"(//span[contains(@title ,\"WebdriverYardgb2jc\")])[1]"}
RESULT: {"using":"xpath","value":"(//span[contains(@title ,\"WebdriverYardgb2jc\")])[1]"}
COMMAND: POST /session/7a77e4e78ab7f053ff1399b1683134e1/elements - {"using":"xpath","value":"(//span[contains(@title ,\"WebdriverYardgb2jc\")])[1]"}
RESULT: {"using":"xpath","value":"(//span[contains(@title ,\"WebdriverYardgb2jc\")])[1]"}
COMMAND: POST /session/7a77e4e78ab7f053ff1399b1683134e1/elements - {"using":"xpath","value":"(//span[contains(@title ,\"WebdriverYardgb2jc\")])[1]"}
RESULT: {"using":"xpath","value":"(//span[contains(@title ,\"WebdriverYardgb2jc\")])[1]"}
COMMAND: POST /session/7a77e4e78ab7f053ff1399b1683134e1/elements - {"using":"xpath","value":"(//span[contains(@title ,\"WebdriverYardgb2jc\")])[1]"}
RESULT: {"using":"xpath","value":"(//span[contains(@title ,\"WebdriverYardgb2jc\")])[1]"}
COMMAND: POST /session/7a77e4e78ab7f053ff1399b1683134e1/elements - {"using":"xpath","value":"(//span[contains(@title ,\"WebdriverYardgb2jc\")])[1]"}
RESULT: {"using":"xpath","value":"(//span[contains(@title ,\"WebdriverYardgb2jc\")])[1]"}
COMMAND: POST /session/7a77e4e78ab7f053ff1399b1683134e1/elements - {"using":"xpath","value":"(//span[contains(@title ,\"WebdriverYardgb2jc\")])[1]"}
RESULT: {"using":"xpath","value":"(//span[contains(@title ,\"WebdriverYardgb2jc\")])[1]"}
COMMAND: POST /session/7a77e4e78ab7f053ff1399b1683134e1/elements - {"using":"xpath","value":"(//span[contains(@title ,\"WebdriverYardgb2jc\")])[1]"}
RESULT: {"using":"xpath","value":"(//span[contains(@title ,\"WebdriverYardgb2jc\")])[1]"}
COMMAND: POST /session/7a77e4e78ab7f053ff1399b1683134e1/elements - {"using":"xpath","value":"(//span[contains(@title ,\"WebdriverYardgb2jc\")])[1]"}
RESULT: {"using":"xpath","value":"(//span[contains(@title ,\"WebdriverYardgb2jc\")])[1]"}
COMMAND: POST /session/7a77e4e78ab7f053ff1399b1683134e1/element - {"using":"xpath","value":"(//span[contains(@title ,\"WebdriverYardgb2jc\")])[1]"}
RESULT: {"using":"xpath","value":"(//span[contains(@title ,\"WebdriverYardgb2jc\")])[1]"}
COMMAND: POST /session/7a77e4e78ab7f053ff1399b1683134e1/execute/sync - {"script":"<script> [8489 bytes]","args":[{"element-6066-11e4-a52e-4f735466cecf":"f.F34A9C30008BD60ECF93DB5E8BBA230A.d.27C5EBCE5C058C224ED1575FF0296109.e.10040","ELEMENT":"f.F34A9C30008BD60ECF93DB5E8BBA230A.d.27C5EBCE5C058C224ED1575FF0296109.e.10040"}]}
RESULT: {"script":"<script> [8489 bytes]","args":[{"element-6066-11e4-a52e-4f735466cecf":"f.F34A9C30008BD60ECF93DB5E8BBA230A.d.27C5EBCE5C058C224ED1575FF0296109.e.10040","ELEMENT":"f.F34A9C30008BD60ECF93DB5E8BBA230A.d.27C5EBCE5C058C224ED1575FF0296109.e.10040"}]}
COMMAND: POST /session/7a77e4e78ab7f053ff1399b1683134e1/element - {"using":"xpath","value":"(//span[contains(@title ,\"WebdriverYardgb2jc\")])[1]"}
COMMAND: GET /session/7a77e4e78ab7f053ff1399b1683134e1/screenshot - {}
RESULT: {"using":"xpath","value":"(//span[contains(@title ,\"WebdriverYardgb2jc\")])[1]"}
COMMAND: POST /session/7a77e4e78ab7f053ff1399b1683134e1/actions - {"actions":[{"id":"action71","type":"pointer","parameters":{"pointerType":"mouse"},"actions":[{"type":"pointerMove","button":0,"width":0,"height":0,"pressure":0,"tangentialPressure":0,"tiltX":0,"tiltY":0,"twist":0,"altitudeAngle":0,"_":"5 more keys: [\"azimuthAngle\",\"x\",\"y\",\"duration\",\"origin\"]"},{"type":"pointerDown","button":2,"width":0,"height":0,"pressure":0,"tangentialPressure":0,"tiltX":0,"tiltY":0,"twist":0,"altitudeAngle":0,"_":"1 more keys: [\"azimuthAngle\"]"},{"type":"pointerUp","button":2}]}]}
RESULT: {}
RESULT: {"actions":[{"id":"action71","type":"pointer","parameters":{"pointerType":"mouse"},"actions":[{"type":"pointerMove","button":0,"width":0,"height":0,"pressure":0,"tangentialPressure":0,"tiltX":0,"tiltY":0,"twist":0,"altitudeAngle":0,"_":"5 more keys: [\"azimuthAngle\",\"x\",\"y\",\"duration\",\"origin\"]"},{"type":"pointerDown","button":2,"width":0,"height":0,"pressure":0,"tangentialPressure":0,"tiltX":0,"tiltY":0,"twist":0,"altitudeAngle":0,"_":"1 more keys: [\"azimuthAngle\"]"},{"type":"pointerUp","button":2}]}]}
COMMAND: DELETE /session/7a77e4e78ab7f053ff1399b1683134e1/actions - {}
COMMAND: GET /session/7a77e4e78ab7f053ff1399b1683134e1/screenshot - {}
RESULT: {}
COMMAND: GET /session/7a77e4e78ab7f053ff1399b1683134e1/screenshot - {}
RESULT: {}
RESULT: {}
COMMAND: POST /session/7a77e4e78ab7f053ff1399b1683134e1/actions - {"actions":[{"id":"action72","type":"key","parameters":{},"actions":[{"type":"keyDown","value":"î€•"},{"type":"pause","duration":10},{"type":"keyUp","value":"î€•"}]}]}
RESULT: {"actions":[{"id":"action72","type":"key","parameters":{},"actions":[{"type":"keyDown","value":"î€•"},{"type":"pause","duration":10},{"type":"keyUp","value":"î€•"}]}]}
COMMAND: GET /session/7a77e4e78ab7f053ff1399b1683134e1/screenshot - {}
RESULT: {}
COMMAND: POST /session/7a77e4e78ab7f053ff1399b1683134e1/actions - {"actions":[{"id":"action73","type":"key","parameters":{},"actions":[{"type":"keyDown","value":"î€‡"},{"type":"pause","duration":10},{"type":"keyUp","value":"î€‡"}]}]}
RESULT: {"actions":[{"id":"action73","type":"key","parameters":{},"actions":[{"type":"keyDown","value":"î€‡"},{"type":"pause","duration":10},{"type":"keyUp","value":"î€‡"}]}]}
COMMAND: GET /session/7a77e4e78ab7f053ff1399b1683134e1/screenshot - {}
RESULT: {}
COMMAND: POST /session/7a77e4e78ab7f053ff1399b1683134e1/execute/async - {"script":"<script> [1562 bytes]","args":[{"selector":{"id":"application-planningboard-display-component---pB_RequestHeader--RUreservationComment","searchOpenDialogs":true,"interaction":{"idSuffix":"inner"}},"wdio_ui5_key":"applicationplanningboard-display-component---pB_RequestHeader--RUreservationComment"}]}
RESULT: {"script":"<script> [1562 bytes]","args":[{"selector":{"id":"application-planningboard-display-component---pB_RequestHeader--RUreservationComment","searchOpenDialogs":true,"interaction":{"idSuffix":"inner"}},"wdio_ui5_key":"applicationplanningboard-display-component---pB_RequestHeader--RUreservationComment"}]}
RESULT: undefined
COMMAND: POST /session/7a77e4e78ab7f053ff1399b1683134e1/execute/async - {"script":"<script> [776 bytes]","args":[{"enterText":"WdIORes10obitl","selector":{"id":"application-planningboard-display-component---pB_RequestHeader--RUreservationComment","searchOpenDialogs":true,"interaction":{"idSuffix":"inner"}},"clearTextFirst":true,"interactionType":"ENTER_TEXT"}]}
RESULT: {"script":"<script> [776 bytes]","args":[{"enterText":"WdIORes10obitl","selector":{"id":"application-planningboard-display-component---pB_RequestHeader--RUreservationComment","searchOpenDialogs":true,"interaction":{"idSuffix":"inner"}},"clearTextFirst":true,"interactionType":"ENTER_TEXT"}]}
COMMAND: POST /session/7a77e4e78ab7f053ff1399b1683134e1/execute/async - {"script":"<script> [1562 bytes]","args":[{"selector":{"controlType":"sap.m.Button","viewName":"etm.portal.ui.planningboard.view.detail.RequestHeader","viewId":"application-planningboard-display-component---pB_RequestHeader","properties":{"text":"Ok"},"searchOpenDialogs":true,"interaction":{"idSuffix":"BDI-content"}},"wdio_ui5_key":"etmportal.ui.planningboard.view.detail.RequestHeadersap.m.Button{\"text\":\"Ok\"}"}]}
RESULT: {"script":"<script> [1562 bytes]","args":[{"selector":{"controlType":"sap.m.Button","viewName":"etm.portal.ui.planningboard.view.detail.RequestHeader","viewId":"application-planningboard-display-component---pB_RequestHeader","properties":{"text":"Ok"},"searchOpenDialogs":true,"interaction":{"idSuffix":"BDI-content"}},"wdio_ui5_key":"etmportal.ui.planningboard.view.detail.RequestHeadersap.m.Button{\"text\":\"Ok\"}"}]}
RESULT: undefined
COMMAND: POST /session/7a77e4e78ab7f053ff1399b1683134e1/element - {"using":"xpath","value":"//*[@id=\"__button188\"]"}
RESULT: {"using":"xpath","value":"//*[@id=\"__button188\"]"}
COMMAND: POST /session/7a77e4e78ab7f053ff1399b1683134e1/element/f.F34A9C30008BD60ECF93DB5E8BBA230A.d.27C5EBCE5C058C224ED1575FF0296109.e.10053/click - {}
RESULT: {}
COMMAND: GET /session/7a77e4e78ab7f053ff1399b1683134e1/screenshot - {}
RESULT: {}
COMMAND: POST /session/7a77e4e78ab7f053ff1399b1683134e1/element - {"using":"xpath","value":"//span[contains(@title ,\"WebdriverYardgb2jc\")]"}
RESULT: {"using":"xpath","value":"//span[contains(@title ,\"WebdriverYardgb2jc\")]"}
COMMAND: POST /session/7a77e4e78ab7f053ff1399b1683134e1/actions - {"actions":[{"id":"action74","type":"pointer","parameters":{"pointerType":"mouse"},"actions":[{"type":"pointerMove","button":0,"width":0,"height":0,"pressure":0,"tangentialPressure":0,"tiltX":0,"tiltY":0,"twist":0,"altitudeAngle":0,"_":"5 more keys: [\"azimuthAngle\",\"x\",\"y\",\"duration\",\"origin\"]"},{"type":"pointerDown","button":2,"width":0,"height":0,"pressure":0,"tangentialPressure":0,"tiltX":0,"tiltY":0,"twist":0,"altitudeAngle":0,"_":"1 more keys: [\"azimuthAngle\"]"},{"type":"pointerUp","button":2}]}]}
RESULT: {"actions":[{"id":"action74","type":"pointer","parameters":{"pointerType":"mouse"},"actions":[{"type":"pointerMove","button":0,"width":0,"height":0,"pressure":0,"tangentialPressure":0,"tiltX":0,"tiltY":0,"twist":0,"altitudeAngle":0,"_":"5 more keys: [\"azimuthAngle\",\"x\",\"y\",\"duration\",\"origin\"]"},{"type":"pointerDown","button":2,"width":0,"height":0,"pressure":0,"tangentialPressure":0,"tiltX":0,"tiltY":0,"twist":0,"altitudeAngle":0,"_":"1 more keys: [\"azimuthAngle\"]"},{"type":"pointerUp","button":2}]}]}
COMMAND: DELETE /session/7a77e4e78ab7f053ff1399b1683134e1/actions - {}
COMMAND: GET /session/7a77e4e78ab7f053ff1399b1683134e1/screenshot - {}
RESULT: {}
COMMAND: GET /session/7a77e4e78ab7f053ff1399b1683134e1/screenshot - {}
RESULT: {}
RESULT: {}
COMMAND: POST /session/7a77e4e78ab7f053ff1399b1683134e1/actions - {"actions":[{"id":"action75","type":"key","parameters":{},"actions":[{"type":"keyDown","value":"î€•"},{"type":"pause","duration":10},{"type":"keyUp","value":"î€•"}]}]}
RESULT: {"actions":[{"id":"action75","type":"key","parameters":{},"actions":[{"type":"keyDown","value":"î€•"},{"type":"pause","duration":10},{"type":"keyUp","value":"î€•"}]}]}
COMMAND: GET /session/7a77e4e78ab7f053ff1399b1683134e1/screenshot - {}
RESULT: {}
COMMAND: POST /session/7a77e4e78ab7f053ff1399b1683134e1/actions - {"actions":[{"id":"action76","type":"key","parameters":{},"actions":[{"type":"keyDown","value":"î€‡"},{"type":"pause","duration":10},{"type":"keyUp","value":"î€‡"}]}]}
RESULT: {"actions":[{"id":"action76","type":"key","parameters":{},"actions":[{"type":"keyDown","value":"î€‡"},{"type":"pause","duration":10},{"type":"keyUp","value":"î€‡"}]}]}
COMMAND: GET /session/7a77e4e78ab7f053ff1399b1683134e1/screenshot - {}
RESULT: {}
RESULT: undefined
COMMAND: POST /session/7a77e4e78ab7f053ff1399b1683134e1/execute/async - {"script":"<script> [776 bytes]","args":[{"enterText":"WdIORes23j1su","selector":{"id":"application-planningboard-display-component---pB_RequestHeader--RUreservationComment","searchOpenDialogs":true,"interaction":{"idSuffix":"inner"}},"clearTextFirst":true,"interactionType":"ENTER_TEXT"}]}
RESULT: {"script":"<script> [776 bytes]","args":[{"enterText":"WdIORes23j1su","selector":{"id":"application-planningboard-display-component---pB_RequestHeader--RUreservationComment","searchOpenDialogs":true,"interaction":{"idSuffix":"inner"}},"clearTextFirst":true,"interactionType":"ENTER_TEXT"}]}
RESULT: undefined
COMMAND: POST /session/7a77e4e78ab7f053ff1399b1683134e1/element - {"using":"xpath","value":"//*[@id=\"__button188\"]"}
RESULT: {"using":"xpath","value":"//*[@id=\"__button188\"]"}
COMMAND: POST /session/7a77e4e78ab7f053ff1399b1683134e1/element/f.F34A9C30008BD60ECF93DB5E8BBA230A.d.27C5EBCE5C058C224ED1575FF0296109.e.10130/click - {}
RESULT: {}
COMMAND: GET /session/7a77e4e78ab7f053ff1399b1683134e1/screenshot - {}
RESULT: {}
COMMAND: POST /session/7a77e4e78ab7f053ff1399b1683134e1/execute/async - {"script":"<script> [1562 bytes]","args":[{"selector":{"controlType":"sap.m.Button","viewName":"etm.portal.ui.planningboard.view.detail.RequestHeader","viewId":"application-planningboard-display-component---pB_RequestHeader","i18NText":{"propertyName":"text","key":"close"},"ancestor":{"id":"application-planningboard-display-component---pB_RequestHeader--requestItemDetails"},"interaction":{"idSuffix":"BDI-content"}},"wdio_ui5_key":"etmportal.ui.planningboard.view.detail.RequestHeadersap.m.Button{\"propertyName\":\"text\",\"key\":\"close\"}{\"id\":\"application-planningboard-display-component---pB_RequestHeader--requestItemDetails\"}"}]}
RESULT: {"script":"<script> [1562 bytes]","args":[{"selector":{"controlType":"sap.m.Button","viewName":"etm.portal.ui.planningboard.view.detail.RequestHeader","viewId":"application-planningboard-display-component---pB_RequestHeader","i18NText":{"propertyName":"text","key":"close"},"ancestor":{"id":"application-planningboard-display-component---pB_RequestHeader--requestItemDetails"},"interaction":{"idSuffix":"BDI-content"}},"wdio_ui5_key":"etmportal.ui.planningboard.view.detail.RequestHeadersap.m.Button{\"propertyName\":\"text\",\"key\":\"close\"}{\"id\":\"application-planningboard-display-component---pB_RequestHeader--requestItemDetails\"}"}]}
RESULT: undefined
COMMAND: POST /session/7a77e4e78ab7f053ff1399b1683134e1/element - {"using":"xpath","value":"//*[@id=\"__button64\"]"}
RESULT: {"using":"xpath","value":"//*[@id=\"__button64\"]"}
COMMAND: POST /session/7a77e4e78ab7f053ff1399b1683134e1/element/f.F34A9C30008BD60ECF93DB5E8BBA230A.d.27C5EBCE5C058C224ED1575FF0296109.e.9913/click - {}
RESULT: {}
COMMAND: GET /session/7a77e4e78ab7f053ff1399b1683134e1/screenshot - {}
RESULT: {}
COMMAND: POST /session/7a77e4e78ab7f053ff1399b1683134e1/execute/async - {"script":"<script> [1562 bytes]","args":[{"selector":{"id":"application-planningboard-display-component---pB_Master--selectView","interaction":{"idSuffix":"arrow"}},"wdio_ui5_key":"applicationplanningboard-display-component---pB_Master--selectView"}]}
RESULT: {"script":"<script> [1562 bytes]","args":[{"selector":{"id":"application-planningboard-display-component---pB_Master--selectView","interaction":{"idSuffix":"arrow"}},"wdio_ui5_key":"applicationplanningboard-display-component---pB_Master--selectView"}]}
RESULT: undefined
COMMAND: POST /session/7a77e4e78ab7f053ff1399b1683134e1/element - {"using":"xpath","value":"//*[@id=\"application-planningboard-display-component---pB_Master--selectView\"]"}
RESULT: {"using":"xpath","value":"//*[@id=\"application-planningboard-display-component---pB_Master--selectView\"]"}
COMMAND: POST /session/7a77e4e78ab7f053ff1399b1683134e1/element/f.F34A9C30008BD60ECF93DB5E8BBA230A.d.27C5EBCE5C058C224ED1575FF0296109.e.10310/click - {}
RESULT: {}
COMMAND: GET /session/7a77e4e78ab7f053ff1399b1683134e1/screenshot - {}
RESULT: {}
COMMAND: POST /session/7a77e4e78ab7f053ff1399b1683134e1/execute/async - {"script":"<script> [1562 bytes]","args":[{"selector":{"controlType":"sap.ui.core.Item","viewName":"etm.portal.ui.planningboard.view.Master","viewId":"application-planningboard-display-component---pB_Master","i18NText":{"propertyName":"text","key":"manageReservations"},"searchOpenDialogs":true},"wdio_ui5_key":"etmportal.ui.planningboard.view.Mastersap.ui.core.Item{\"propertyName\":\"text\",\"key\":\"manageReservations\"}"}]}
RESULT: {"script":"<script> [1562 bytes]","args":[{"selector":{"controlType":"sap.ui.core.Item","viewName":"etm.portal.ui.planningboard.view.Master","viewId":"application-planningboard-display-component---pB_Master","i18NText":{"propertyName":"text","key":"manageReservations"},"searchOpenDialogs":true},"wdio_ui5_key":"etmportal.ui.planningboard.view.Mastersap.ui.core.Item{\"propertyName\":\"text\",\"key\":\"manageReservations\"}"}]}
RESULT: undefined
COMMAND: POST /session/7a77e4e78ab7f053ff1399b1683134e1/element - {"using":"xpath","value":"//*[@id=\"__item686\"]"}
RESULT: {"using":"xpath","value":"//*[@id=\"__item686\"]"}
COMMAND: POST /session/7a77e4e78ab7f053ff1399b1683134e1/element/f.F34A9C30008BD60ECF93DB5E8BBA230A.d.27C5EBCE5C058C224ED1575FF0296109.e.10313/click - {}
RESULT: {}
COMMAND: GET /session/7a77e4e78ab7f053ff1399b1683134e1/screenshot - {}
RESULT: {}
COMMAND: POST /session/7a77e4e78ab7f053ff1399b1683134e1/element - {"using":"xpath","value":"//span[contains(@id ,\"clone\")][contains(text(), \"WdIORes10obitl\")]"}
RESULT: {"using":"xpath","value":"//span[contains(@id ,\"clone\")][contains(text(), \"WdIORes10obitl\")]"}
COMMAND: GET /session/7a77e4e78ab7f053ff1399b1683134e1/element/f.F34A9C30008BD60ECF93DB5E8BBA230A.d.27C5EBCE5C058C224ED1575FF0296109.e.10329/text - {}
RESULT: {}
COMMAND: POST /session/7a77e4e78ab7f053ff1399b1683134e1/element - {"using":"xpath","value":"//span[contains(@id ,\"clone\")][contains(text(), \"WdIORes23j1su\")]"}
RESULT: {"using":"xpath","value":"//span[contains(@id ,\"clone\")][contains(text(), \"WdIORes23j1su\")]"}
COMMAND: POST /session/7a77e4e78ab7f053ff1399b1683134e1/element/f.F34A9C30008BD60ECF93DB5E8BBA230A.d.27C5EBCE5C058C224ED1575FF0296109.e.10330/click - {}
RESULT: {}
COMMAND: GET /session/7a77e4e78ab7f053ff1399b1683134e1/screenshot - {}
RESULT: {}
COMMAND: POST /session/7a77e4e78ab7f053ff1399b1683134e1/actions - {"actions":[{"id":"action77","type":"key","parameters":{},"actions":[{"type":"keyDown","value":"î€‡"},{"type":"pause","duration":10},{"type":"keyUp","value":"î€‡"}]}]}
RESULT: {"actions":[{"id":"action77","type":"key","parameters":{},"actions":[{"type":"keyDown","value":"î€‡"},{"type":"pause","duration":10},{"type":"keyUp","value":"î€‡"}]}]}
COMMAND: GET /session/7a77e4e78ab7f053ff1399b1683134e1/screenshot - {}
RESULT: {}
COMMAND: POST /session/7a77e4e78ab7f053ff1399b1683134e1/execute/async - {"script":"<script> [1562 bytes]","args":[{"selector":{"controlType":"sap.m.Button","viewName":"etm.portal.ui.planningboard.view.detail.Planning","viewId":"application-planningboard-display-component---pB_Planning","i18NText":{"propertyName":"text","key":"unplan"},"interaction":{"idSuffix":"BDI-content"}},"wdio_ui5_key":"etmportal.ui.planningboard.view.detail.Planningsap.m.Button{\"propertyName\":\"text\",\"key\":\"unplan\"}"}]}
RESULT: {"script":"<script> [1562 bytes]","args":[{"selector":{"controlType":"sap.m.Button","viewName":"etm.portal.ui.planningboard.view.detail.Planning","viewId":"application-planningboard-display-component---pB_Planning","i18NText":{"propertyName":"text","key":"unplan"},"interaction":{"idSuffix":"BDI-content"}},"wdio_ui5_key":"etmportal.ui.planningboard.view.detail.Planningsap.m.Button{\"propertyName\":\"text\",\"key\":\"unplan\"}"}]}
RESULT: undefined
COMMAND: POST /session/7a77e4e78ab7f053ff1399b1683134e1/element - {"using":"xpath","value":"//*[@id=\"__button254\"]"}
RESULT: {"using":"xpath","value":"//*[@id=\"__button254\"]"}
COMMAND: POST /session/7a77e4e78ab7f053ff1399b1683134e1/element/f.F34A9C30008BD60ECF93DB5E8BBA230A.d.27C5EBCE5C058C224ED1575FF0296109.e.10366/click - {}
RESULT: {}
COMMAND: GET /session/7a77e4e78ab7f053ff1399b1683134e1/screenshot - {}
RESULT: {}
COMMAND: POST /session/7a77e4e78ab7f053ff1399b1683134e1/element - {"using":"xpath","value":"//span[contains(@id ,\"clone\")][contains(text(), \"WdIORes23j1su\")]"}
RESULT: {"using":"xpath","value":"//span[contains(@id ,\"clone\")][contains(text(), \"WdIORes23j1su\")]"}
COMMAND: POST /session/7a77e4e78ab7f053ff1399b1683134e1/element - {"using":"xpath","value":"//span[contains(@id ,\"clone\")][contains(text(), \"WdIORes23j1su\")]"}
RESULT: {"using":"xpath","value":"//span[contains(@id ,\"clone\")][contains(text(), \"WdIORes23j1su\")]"}
COMMAND: POST /session/7a77e4e78ab7f053ff1399b1683134e1/element - {"using":"xpath","value":"//span[contains(@id ,\"clone\")][contains(text(), \"WdIORes10obitl\")]"}
RESULT: {"using":"xpath","value":"//span[contains(@id ,\"clone\")][contains(text(), \"WdIORes10obitl\")]"}
COMMAND: POST /session/7a77e4e78ab7f053ff1399b1683134e1/element/f.F34A9C30008BD60ECF93DB5E8BBA230A.d.27C5EBCE5C058C224ED1575FF0296109.e.10430/click - {}
RESULT: {}
COMMAND: GET /session/7a77e4e78ab7f053ff1399b1683134e1/screenshot - {}
RESULT: {}
COMMAND: POST /session/7a77e4e78ab7f053ff1399b1683134e1/actions - {"actions":[{"id":"action78","type":"key","parameters":{},"actions":[{"type":"keyDown","value":"î€‡"},{"type":"pause","duration":10},{"type":"keyUp","value":"î€‡"}]}]}
RESULT: {"actions":[{"id":"action78","type":"key","parameters":{},"actions":[{"type":"keyDown","value":"î€‡"},{"type":"pause","duration":10},{"type":"keyUp","value":"î€‡"}]}]}
COMMAND: GET /session/7a77e4e78ab7f053ff1399b1683134e1/screenshot - {}
RESULT: {}
]]></system-out>
    </testcase>
  </testsuite>
  <testsuite timestamp="2025-05-16T16:12:08" time="31.371" tests="1" failures="0" errors="0" skipped="0">
    <properties>
      <property name="specId" value="0" />
      <property name="suiteName" value="Reserve/Unreserve request item via reserve option US139161" />
      <property name="capabilities" value="chrome.136_0_7103_93.windows" />
      <property name="file" value="file:///D:/a/1/s/test/specs/R2C/manage-reservations-view-planning-board.spec.js" />
    </properties>
    <testcase classname="chrome.136_0_7103_93.windows.Reserve/Unreserve_request_item_via_reserve_option_US139161" name="Should open a reservation to verify and edit the details" time="31.368">
      <system-out><![CDATA[
COMMAND: POST /session/7a77e4e78ab7f053ff1399b1683134e1/element - {"using":"xpath","value":"//button[contains(@data-kt, \"editButton\")]"}
RESULT: {"using":"xpath","value":"//button[contains(@data-kt, \"editButton\")]"}
COMMAND: POST /session/7a77e4e78ab7f053ff1399b1683134e1/execute/sync - {"script":"<script> [8489 bytes]","args":[{"element-6066-11e4-a52e-4f735466cecf":"f.F34A9C30008BD60ECF93DB5E8BBA230A.d.27C5EBCE5C058C224ED1575FF0296109.e.10465","ELEMENT":"f.F34A9C30008BD60ECF93DB5E8BBA230A.d.27C5EBCE5C058C224ED1575FF0296109.e.10465"}]}
RESULT: {"script":"<script> [8489 bytes]","args":[{"element-6066-11e4-a52e-4f735466cecf":"f.F34A9C30008BD60ECF93DB5E8BBA230A.d.27C5EBCE5C058C224ED1575FF0296109.e.10465","ELEMENT":"f.F34A9C30008BD60ECF93DB5E8BBA230A.d.27C5EBCE5C058C224ED1575FF0296109.e.10465"}]}
COMMAND: POST /session/7a77e4e78ab7f053ff1399b1683134e1/element - {"using":"xpath","value":"//button[contains(@data-kt, \"unplanButton\")]"}
COMMAND: GET /session/7a77e4e78ab7f053ff1399b1683134e1/screenshot - {}
RESULT: {"using":"xpath","value":"//button[contains(@data-kt, \"unplanButton\")]"}
COMMAND: POST /session/7a77e4e78ab7f053ff1399b1683134e1/execute/sync - {"script":"<script> [8489 bytes]","args":[{"element-6066-11e4-a52e-4f735466cecf":"f.F34A9C30008BD60ECF93DB5E8BBA230A.d.27C5EBCE5C058C224ED1575FF0296109.e.10483","ELEMENT":"f.F34A9C30008BD60ECF93DB5E8BBA230A.d.27C5EBCE5C058C224ED1575FF0296109.e.10483"}]}
RESULT: {}
RESULT: {"script":"<script> [8489 bytes]","args":[{"element-6066-11e4-a52e-4f735466cecf":"f.F34A9C30008BD60ECF93DB5E8BBA230A.d.27C5EBCE5C058C224ED1575FF0296109.e.10483","ELEMENT":"f.F34A9C30008BD60ECF93DB5E8BBA230A.d.27C5EBCE5C058C224ED1575FF0296109.e.10483"}]}
COMMAND: POST /session/7a77e4e78ab7f053ff1399b1683134e1/element - {"using":"xpath","value":"//button[contains(@data-kt, \"editButton\")]"}
COMMAND: GET /session/7a77e4e78ab7f053ff1399b1683134e1/screenshot - {}
RESULT: {"using":"xpath","value":"//button[contains(@data-kt, \"editButton\")]"}
COMMAND: POST /session/7a77e4e78ab7f053ff1399b1683134e1/element/f.F34A9C30008BD60ECF93DB5E8BBA230A.d.27C5EBCE5C058C224ED1575FF0296109.e.10465/click - {}
RESULT: {}
RESULT: {}
COMMAND: POST /session/7a77e4e78ab7f053ff1399b1683134e1/element - {"using":"xpath","value":"(//input[contains(@id ,\"picker\")][contains(@aria-roledescription ,\"Date Input\")])[4]"}
COMMAND: GET /session/7a77e4e78ab7f053ff1399b1683134e1/screenshot - {}
RESULT: {"using":"xpath","value":"(//input[contains(@id ,\"picker\")][contains(@aria-roledescription ,\"Date Input\")])[4]"}
COMMAND: POST /session/7a77e4e78ab7f053ff1399b1683134e1/element/f.F34A9C30008BD60ECF93DB5E8BBA230A.d.27C5EBCE5C058C224ED1575FF0296109.e.10452/clear - {}
RESULT: {}
RESULT: {}
COMMAND: POST /session/7a77e4e78ab7f053ff1399b1683134e1/element/f.F34A9C30008BD60ECF93DB5E8BBA230A.d.27C5EBCE5C058C224ED1575FF0296109.e.10452/value - {"text":"5/18/25"}
COMMAND: GET /session/7a77e4e78ab7f053ff1399b1683134e1/screenshot - {}
RESULT: {"text":"5/18/25"}
COMMAND: GET /session/7a77e4e78ab7f053ff1399b1683134e1/screenshot - {}
RESULT: {}
RESULT: {}
COMMAND: POST /session/7a77e4e78ab7f053ff1399b1683134e1/element - {"using":"xpath","value":"//bdi[contains(text(), \"Save\")]"}
RESULT: {"using":"xpath","value":"//bdi[contains(text(), \"Save\")]"}
COMMAND: POST /session/7a77e4e78ab7f053ff1399b1683134e1/element/f.F34A9C30008BD60ECF93DB5E8BBA230A.d.27C5EBCE5C058C224ED1575FF0296109.e.10506/click - {}
RESULT: {}
COMMAND: GET /session/7a77e4e78ab7f053ff1399b1683134e1/screenshot - {}
RESULT: {}
COMMAND: POST /session/7a77e4e78ab7f053ff1399b1683134e1/element - {"using":"xpath","value":"(//input[contains(@id ,\"picker\")][contains(@aria-roledescription ,\"Date Input\")])[4]"}
RESULT: {"using":"xpath","value":"(//input[contains(@id ,\"picker\")][contains(@aria-roledescription ,\"Date Input\")])[4]"}
COMMAND: GET /session/7a77e4e78ab7f053ff1399b1683134e1/element/f.F34A9C30008BD60ECF93DB5E8BBA230A.d.27C5EBCE5C058C224ED1575FF0296109.e.10452/property/value - {}
RESULT: {}
COMMAND: GET /session/7a77e4e78ab7f053ff1399b1683134e1/screenshot - {}
RESULT: {}
COMMAND: POST /session/7a77e4e78ab7f053ff1399b1683134e1/element - {"using":"xpath","value":"//bdi[contains(text(), \"Unplan\")]"}
RESULT: {"using":"xpath","value":"//bdi[contains(text(), \"Unplan\")]"}
COMMAND: POST /session/7a77e4e78ab7f053ff1399b1683134e1/element/f.F34A9C30008BD60ECF93DB5E8BBA230A.d.27C5EBCE5C058C224ED1575FF0296109.e.10518/click - {}
RESULT: {}
COMMAND: GET /session/7a77e4e78ab7f053ff1399b1683134e1/screenshot - {}
RESULT: {}
COMMAND: POST /session/7a77e4e78ab7f053ff1399b1683134e1/element - {"using":"css selector","value":"#shell-header-logo"}
RESULT: {"using":"css selector","value":"#shell-header-logo"}
COMMAND: POST /session/7a77e4e78ab7f053ff1399b1683134e1/element/f.F34A9C30008BD60ECF93DB5E8BBA230A.d.27C5EBCE5C058C224ED1575FF0296109.e.9128/click - {}
RESULT: {}
COMMAND: GET /session/7a77e4e78ab7f053ff1399b1683134e1/screenshot - {}
RESULT: {}
COMMAND: POST /session/7a77e4e78ab7f053ff1399b1683134e1/refresh - {}
RESULT: {}
COMMAND: GET /session/7a77e4e78ab7f053ff1399b1683134e1/screenshot - {}
RESULT: {}
COMMAND: POST /session/7a77e4e78ab7f053ff1399b1683134e1/execute/async - {"script":"<script> [189 bytes]","args":[]}
RESULT: {"script":"<script> [189 bytes]","args":[]}
COMMAND: POST /session/7a77e4e78ab7f053ff1399b1683134e1/execute/async - {"script":"<script> [123 bytes]","args":[]}
RESULT: {"script":"<script> [123 bytes]","args":[]}
COMMAND: POST /session/7a77e4e78ab7f053ff1399b1683134e1/timeouts - {"script":"<number>"}
RESULT: {"script":"<number>"}
COMMAND: GET /session/7a77e4e78ab7f053ff1399b1683134e1/timeouts - {}
RESULT: {}
RESULT: undefined
COMMAND: POST /session/7a77e4e78ab7f053ff1399b1683134e1/execute/async - {"script":"<script> [2676 bytes]","args":[]}
RESULT: {"script":"<script> [2676 bytes]","args":[]}
COMMAND: POST /session/7a77e4e78ab7f053ff1399b1683134e1/execute/async - {"script":"<script> [2342 bytes]","args":[{"protocol":"http","hostname":"0.0.0.0","path":"/","capabilities":{"browserName":"chrome","goog:chromeOptions":{"binary":"C:\\Program Files\\Google\\Chrome\\Application\\chrome.exe","args":["--start-maximized"]}},"logLevel":"warn","connectionRetryTimeout":120000,"connectionRetryCount":3,"logLevels":{},"enableDirectConnect":true,"strictSSL":true,"_":"65 more keys: [\"cacheDir\",\"port\",\"requestedCapabilities\",\"automationProtocol\",\"baseUrl\",\"waitforInterval\",\"waitforTimeout\",\"onReload\",\"beforeCommand\",\"afterCommand\",\"rootDir\",\"specs\",\"suites\",\"exclude\",\"groupLogsByTestSpec\",\"excludeDriverLogs\",\"bail\",\"framework\",\"reporters\",\"services\",\"maxInstances\",\"maxInstancesPerCapability\",\"injectGlobals\",\"filesToWatch\",\"execArgv\",\"runnerEnv\",\"runner\",\"shard\",\"specFileRetries\",\"specFileRetriesDelay\",\"specFileRetriesDeferred\",\"reporterSyncInterval\",\"reporterSyncTimeout\",\"cucumberFeaturesWithLineNumbers\",\"autoCompileOpts\",\"mochaOpts\",\"jasmineOpts\",\"cucumberOpts\",\"onPrepare\",\"onWorkerStart\",\"onWorkerEnd\",\"before\",\"beforeSession\",\"beforeSuite\",\"beforeHook\",\"beforeTest\",\"afterTest\",\"afterHook\",\"afterSuite\",\"afterSession\",\"after\",\"onComplete\",\"beforeAssertion\",\"afterAssertion\",\"beforeFeature\",\"beforeScenario\",\"beforeStep\",\"afterStep\",\"afterScenario\",\"afterFeature\",\"_\",\"suite\",\"$0\",\"ignoredWorkerServices\",\"wdi5\"]"}]}
RESULT: {"script":"<script> [2342 bytes]","args":[{"protocol":"http","hostname":"0.0.0.0","path":"/","capabilities":{"browserName":"chrome","goog:chromeOptions":{"binary":"C:\\Program Files\\Google\\Chrome\\Application\\chrome.exe","args":["--start-maximized"]}},"logLevel":"warn","connectionRetryTimeout":120000,"connectionRetryCount":3,"logLevels":{},"enableDirectConnect":true,"strictSSL":true,"_":"65 more keys: [\"cacheDir\",\"port\",\"requestedCapabilities\",\"automationProtocol\",\"baseUrl\",\"waitforInterval\",\"waitforTimeout\",\"onReload\",\"beforeCommand\",\"afterCommand\",\"rootDir\",\"specs\",\"suites\",\"exclude\",\"groupLogsByTestSpec\",\"excludeDriverLogs\",\"bail\",\"framework\",\"reporters\",\"services\",\"maxInstances\",\"maxInstancesPerCapability\",\"injectGlobals\",\"filesToWatch\",\"execArgv\",\"runnerEnv\",\"runner\",\"shard\",\"specFileRetries\",\"specFileRetriesDelay\",\"specFileRetriesDeferred\",\"reporterSyncInterval\",\"reporterSyncTimeout\",\"cucumberFeaturesWithLineNumbers\",\"autoCompileOpts\",\"mochaOpts\",\"jasmineOpts\",\"cucumberOpts\",\"onPrepare\",\"onWorkerStart\",\"onWorkerEnd\",\"before\",\"beforeSession\",\"beforeSuite\",\"beforeHook\",\"beforeTest\",\"afterTest\",\"afterHook\",\"afterSuite\",\"afterSession\",\"after\",\"onComplete\",\"beforeAssertion\",\"afterAssertion\",\"beforeFeature\",\"beforeScenario\",\"beforeStep\",\"afterStep\",\"afterScenario\",\"afterFeature\",\"_\",\"suite\",\"$0\",\"ignoredWorkerServices\",\"wdi5\"]"}]}
COMMAND: POST /session/7a77e4e78ab7f053ff1399b1683134e1/execute/async - {"script":"<script> [21126 bytes]","args":[35000]}
RESULT: {"script":"<script> [21126 bytes]","args":[35000]}
]]></system-out>
    </testcase>
  </testsuite>
  <testsuite timestamp="2025-05-16T16:12:39" time="310.97" tests="3" failures="0" errors="0" skipped="0">
    <properties>
      <property name="specId" value="0" />
      <property name="suiteName" value="Process request items into new quotation US120163" />
      <property name="capabilities" value="chrome.136_0_7103_93.windows" />
      <property name="file" value="file:///D:/a/1/s/test/specs/R2C/process-request-items-into-new-quotation.spec.js" />
    </properties>
    <testcase classname="chrome.136_0_7103_93.windows.Process_request_items_into_new_quotation_US120163" name="Should create a new request with catalog items and plan it" time="203.464">
      <system-out><![CDATA[
COMMAND: POST /session/7a77e4e78ab7f053ff1399b1683134e1/execute/async - {"script":"<script> [1562 bytes]","args":[{"selector":{"controlType":"sap.m.GenericTile","properties":{"header":"Manage Requests"}},"wdio_ui5_key":"sapm.GenericTile{\"header\":\"Manage Requests\"}"}]}
RESULT: {"script":"<script> [1562 bytes]","args":[{"selector":{"controlType":"sap.m.GenericTile","properties":{"header":"Manage Requests"}},"wdio_ui5_key":"sapm.GenericTile{\"header\":\"Manage Requests\"}"}]}
RESULT: undefined
COMMAND: POST /session/7a77e4e78ab7f053ff1399b1683134e1/element - {"using":"xpath","value":"//*[@id=\"__tile47\"]"}
RESULT: {"using":"xpath","value":"//*[@id=\"__tile47\"]"}
COMMAND: POST /session/7a77e4e78ab7f053ff1399b1683134e1/element/f.F34A9C30008BD60ECF93DB5E8BBA230A.d.7FF6450D20CBD2FAF8A346185C14F392.e.10590/click - {}
RESULT: {}
COMMAND: GET /session/7a77e4e78ab7f053ff1399b1683134e1/screenshot - {}
RESULT: {}
COMMAND: POST /session/7a77e4e78ab7f053ff1399b1683134e1/elements - {"using":"xpath","value":"//span[text()='Error']"}
RESULT: {"using":"xpath","value":"//span[text()='Error']"}
COMMAND: POST /session/7a77e4e78ab7f053ff1399b1683134e1/element - {"using":"xpath","value":"//button[contains(@data-kt ,\"btnCreateNewOverflowToolbarButton\")]"}
COMMAND: POST /session/7a77e4e78ab7f053ff1399b1683134e1/element - {"using":"xpath","value":"(//span[contains(@class ,\"sapMObjStatusText\")])[1]"}
RESULT: {"using":"xpath","value":"//button[contains(@data-kt ,\"btnCreateNewOverflowToolbarButton\")]"}
COMMAND: POST /session/7a77e4e78ab7f053ff1399b1683134e1/element/f.F34A9C30008BD60ECF93DB5E8BBA230A.d.7FF6450D20CBD2FAF8A346185C14F392.e.10647/click - {}
RESULT: {"using":"xpath","value":"(//span[contains(@class ,\"sapMObjStatusText\")])[1]"}
COMMAND: POST /session/7a77e4e78ab7f053ff1399b1683134e1/execute/sync - {"script":"<script> [8489 bytes]","args":[{"element-6066-11e4-a52e-4f735466cecf":"f.F34A9C30008BD60ECF93DB5E8BBA230A.d.7FF6450D20CBD2FAF8A346185C14F392.e.10687","ELEMENT":"f.F34A9C30008BD60ECF93DB5E8BBA230A.d.7FF6450D20CBD2FAF8A346185C14F392.e.10687"}]}
RESULT: {}
COMMAND: GET /session/7a77e4e78ab7f053ff1399b1683134e1/screenshot - {}
COMMAND: POST /session/7a77e4e78ab7f053ff1399b1683134e1/element - {"using":"xpath","value":"(//span[contains(@class ,\"sapMObjStatusText\")])[1]"}
RESULT: {}
RESULT: {"using":"xpath","value":"(//span[contains(@class ,\"sapMObjStatusText\")])[1]"}
COMMAND: POST /session/7a77e4e78ab7f053ff1399b1683134e1/execute/sync - {"script":"<script> [8489 bytes]","args":[{"element-6066-11e4-a52e-4f735466cecf":"f.F34A9C30008BD60ECF93DB5E8BBA230A.d.7FF6450D20CBD2FAF8A346185C14F392.e.10943","ELEMENT":"f.F34A9C30008BD60ECF93DB5E8BBA230A.d.7FF6450D20CBD2FAF8A346185C14F392.e.10943"}]}
RESULT: {"script":"<script> [8489 bytes]","args":[{"element-6066-11e4-a52e-4f735466cecf":"f.F34A9C30008BD60ECF93DB5E8BBA230A.d.7FF6450D20CBD2FAF8A346185C14F392.e.10943","ELEMENT":"f.F34A9C30008BD60ECF93DB5E8BBA230A.d.7FF6450D20CBD2FAF8A346185C14F392.e.10943"}]}
COMMAND: GET /session/7a77e4e78ab7f053ff1399b1683134e1/screenshot - {}
RESULT: {}
COMMAND: POST /session/7a77e4e78ab7f053ff1399b1683134e1/element - {"using":"xpath","value":"//input[contains(@id ,\"yardId-inner\")]"}
RESULT: {"using":"xpath","value":"//input[contains(@id ,\"yardId-inner\")]"}
COMMAND: POST /session/7a77e4e78ab7f053ff1399b1683134e1/execute/sync - {"script":"<script> [8489 bytes]","args":[{"element-6066-11e4-a52e-4f735466cecf":"f.F34A9C30008BD60ECF93DB5E8BBA230A.d.7FF6450D20CBD2FAF8A346185C14F392.e.10771","ELEMENT":"f.F34A9C30008BD60ECF93DB5E8BBA230A.d.7FF6450D20CBD2FAF8A346185C14F392.e.10771"}]}
RESULT: {"script":"<script> [8489 bytes]","args":[{"element-6066-11e4-a52e-4f735466cecf":"f.F34A9C30008BD60ECF93DB5E8BBA230A.d.7FF6450D20CBD2FAF8A346185C14F392.e.10771","ELEMENT":"f.F34A9C30008BD60ECF93DB5E8BBA230A.d.7FF6450D20CBD2FAF8A346185C14F392.e.10771"}]}
COMMAND: POST /session/7a77e4e78ab7f053ff1399b1683134e1/element - {"using":"xpath","value":"//input[contains(@id ,\"yardId-inner\")]"}
COMMAND: GET /session/7a77e4e78ab7f053ff1399b1683134e1/screenshot - {}
RESULT: {"using":"xpath","value":"//input[contains(@id ,\"yardId-inner\")]"}
COMMAND: GET /session/7a77e4e78ab7f053ff1399b1683134e1/element/f.F34A9C30008BD60ECF93DB5E8BBA230A.d.7FF6450D20CBD2FAF8A346185C14F392.e.10771/enabled - {}
RESULT: {}
RESULT: {}
COMMAND: POST /session/7a77e4e78ab7f053ff1399b1683134e1/element/f.F34A9C30008BD60ECF93DB5E8BBA230A.d.7FF6450D20CBD2FAF8A346185C14F392.e.10771/clear - {}
COMMAND: GET /session/7a77e4e78ab7f053ff1399b1683134e1/screenshot - {}
RESULT: {}
COMMAND: POST /session/7a77e4e78ab7f053ff1399b1683134e1/element/f.F34A9C30008BD60ECF93DB5E8BBA230A.d.7FF6450D20CBD2FAF8A346185C14F392.e.10771/value - {"text":"WebdriverYardgb2jc"}
COMMAND: GET /session/7a77e4e78ab7f053ff1399b1683134e1/screenshot - {}
RESULT: {}
RESULT: {"text":"WebdriverYardgb2jc"}
COMMAND: GET /session/7a77e4e78ab7f053ff1399b1683134e1/screenshot - {}
RESULT: {}
RESULT: {}
COMMAND: POST /session/7a77e4e78ab7f053ff1399b1683134e1/element - {"using":"xpath","value":"//input[contains(@id ,\"customerNumber-inner\")]"}
RESULT: {"using":"xpath","value":"//input[contains(@id ,\"customerNumber-inner\")]"}
COMMAND: POST /session/7a77e4e78ab7f053ff1399b1683134e1/element/f.F34A9C30008BD60ECF93DB5E8BBA230A.d.7FF6450D20CBD2FAF8A346185C14F392.e.10767/value - {"text":"WebdriverPartnerrl9mi"}
COMMAND: POST /session/7a77e4e78ab7f053ff1399b1683134e1/actions - {"actions":[{"id":"action79","type":"key","parameters":{},"actions":[{"type":"keyDown","value":"î€‡"},{"type":"pause","duration":10},{"type":"keyUp","value":"î€‡"}]}]}
RESULT: {"actions":[{"id":"action79","type":"key","parameters":{},"actions":[{"type":"keyDown","value":"î€‡"},{"type":"pause","duration":10},{"type":"keyUp","value":"î€‡"}]}]}
COMMAND: GET /session/7a77e4e78ab7f053ff1399b1683134e1/screenshot - {}
RESULT: {"text":"WebdriverPartnerrl9mi"}
COMMAND: GET /session/7a77e4e78ab7f053ff1399b1683134e1/screenshot - {}
COMMAND: POST /session/7a77e4e78ab7f053ff1399b1683134e1/element/f.F34A9C30008BD60ECF93DB5E8BBA230A.d.7FF6450D20CBD2FAF8A346185C14F392.e.10771/clear - {}
RESULT: {}
RESULT: {}
RESULT: {}
COMMAND: POST /session/7a77e4e78ab7f053ff1399b1683134e1/element/f.F34A9C30008BD60ECF93DB5E8BBA230A.d.7FF6450D20CBD2FAF8A346185C14F392.e.10771/clear - {}
COMMAND: GET /session/7a77e4e78ab7f053ff1399b1683134e1/screenshot - {}
RESULT: {}
COMMAND: POST /session/7a77e4e78ab7f053ff1399b1683134e1/element/f.F34A9C30008BD60ECF93DB5E8BBA230A.d.7FF6450D20CBD2FAF8A346185C14F392.e.10771/value - {"text":"WebdriverYardgb2jc"}
COMMAND: GET /session/7a77e4e78ab7f053ff1399b1683134e1/screenshot - {}
RESULT: {}
RESULT: {}
RESULT: {"text":"WebdriverYardgb2jc"}
COMMAND: GET /session/7a77e4e78ab7f053ff1399b1683134e1/screenshot - {}
RESULT: {}
COMMAND: POST /session/7a77e4e78ab7f053ff1399b1683134e1/actions - {"actions":[{"id":"action80","type":"key","parameters":{},"actions":[{"type":"keyDown","value":"î€‡"},{"type":"pause","duration":10},{"type":"keyUp","value":"î€‡"}]}]}
RESULT: {"actions":[{"id":"action80","type":"key","parameters":{},"actions":[{"type":"keyDown","value":"î€‡"},{"type":"pause","duration":10},{"type":"keyUp","value":"î€‡"}]}]}
COMMAND: GET /session/7a77e4e78ab7f053ff1399b1683134e1/screenshot - {}
RESULT: {}
COMMAND: POST /session/7a77e4e78ab7f053ff1399b1683134e1/actions - {"actions":[{"id":"action81","type":"key","parameters":{},"actions":[{"type":"keyDown","value":"î€‡"},{"type":"pause","duration":10},{"type":"keyUp","value":"î€‡"}]}]}
RESULT: {"actions":[{"id":"action81","type":"key","parameters":{},"actions":[{"type":"keyDown","value":"î€‡"},{"type":"pause","duration":10},{"type":"keyUp","value":"î€‡"}]}]}
COMMAND: GET /session/7a77e4e78ab7f053ff1399b1683134e1/screenshot - {}
RESULT: {}
COMMAND: GET /session/7a77e4e78ab7f053ff1399b1683134e1/element/f.F34A9C30008BD60ECF93DB5E8BBA230A.d.7FF6450D20CBD2FAF8A346185C14F392.e.10767/property/value - {}
RESULT: {}
COMMAND: POST /session/7a77e4e78ab7f053ff1399b1683134e1/element - {"using":"xpath","value":"//input[contains(@id ,\"requestSiteId-inner\")]"}
COMMAND: GET /session/7a77e4e78ab7f053ff1399b1683134e1/screenshot - {}
RESULT: {"using":"xpath","value":"//input[contains(@id ,\"requestSiteId-inner\")]"}
COMMAND: POST /session/7a77e4e78ab7f053ff1399b1683134e1/element/f.F34A9C30008BD60ECF93DB5E8BBA230A.d.7FF6450D20CBD2FAF8A346185C14F392.e.10766/value - {"text":"WebdriverSitesv4mj"}
RESULT: {}
RESULT: {"text":"WebdriverSitesv4mj"}
COMMAND: GET /session/7a77e4e78ab7f053ff1399b1683134e1/screenshot - {}
RESULT: {}
COMMAND: POST /session/7a77e4e78ab7f053ff1399b1683134e1/actions - {"actions":[{"id":"action82","type":"key","parameters":{},"actions":[{"type":"keyDown","value":"î€‡"},{"type":"pause","duration":10},{"type":"keyUp","value":"î€‡"}]}]}
RESULT: {"actions":[{"id":"action82","type":"key","parameters":{},"actions":[{"type":"keyDown","value":"î€‡"},{"type":"pause","duration":10},{"type":"keyUp","value":"î€‡"}]}]}
COMMAND: GET /session/7a77e4e78ab7f053ff1399b1683134e1/screenshot - {}
RESULT: {}
COMMAND: POST /session/7a77e4e78ab7f053ff1399b1683134e1/element - {"using":"xpath","value":"//button[contains(@data-kt ,\"requestItemAddOverflowToolbarButton\")]"}
RESULT: {"using":"xpath","value":"//button[contains(@data-kt ,\"requestItemAddOverflowToolbarButton\")]"}
COMMAND: POST /session/7a77e4e78ab7f053ff1399b1683134e1/element/f.F34A9C30008BD60ECF93DB5E8BBA230A.d.7FF6450D20CBD2FAF8A346185C14F392.e.10951/click - {}
RESULT: {}
COMMAND: GET /session/7a77e4e78ab7f053ff1399b1683134e1/screenshot - {}
RESULT: {}
COMMAND: POST /session/7a77e4e78ab7f053ff1399b1683134e1/actions - {"actions":[{"id":"action83","type":"key","parameters":{},"actions":[{"type":"keyDown","value":"î€•"},{"type":"pause","duration":10},{"type":"keyUp","value":"î€•"}]}]}
RESULT: {"actions":[{"id":"action83","type":"key","parameters":{},"actions":[{"type":"keyDown","value":"î€•"},{"type":"pause","duration":10},{"type":"keyUp","value":"î€•"}]}]}
COMMAND: POST /session/7a77e4e78ab7f053ff1399b1683134e1/actions - {"actions":[{"id":"action84","type":"key","parameters":{},"actions":[{"type":"keyDown","value":"î€‡"},{"type":"pause","duration":10},{"type":"keyUp","value":"î€‡"}]}]}
COMMAND: GET /session/7a77e4e78ab7f053ff1399b1683134e1/screenshot - {}
RESULT: {"actions":[{"id":"action84","type":"key","parameters":{},"actions":[{"type":"keyDown","value":"î€‡"},{"type":"pause","duration":10},{"type":"keyUp","value":"î€‡"}]}]}
COMMAND: GET /session/7a77e4e78ab7f053ff1399b1683134e1/screenshot - {}
RESULT: {}
RESULT: {}
COMMAND: POST /session/7a77e4e78ab7f053ff1399b1683134e1/element - {"using":"xpath","value":"(//input[contains(@id ,\"requestItemsTable-0-inner\")])[1]"}
RESULT: {"using":"xpath","value":"(//input[contains(@id ,\"requestItemsTable-0-inner\")])[1]"}
COMMAND: POST /session/7a77e4e78ab7f053ff1399b1683134e1/element/f.F34A9C30008BD60ECF93DB5E8BBA230A.d.7FF6450D20CBD2FAF8A346185C14F392.e.10955/clear - {}
RESULT: {}
COMMAND: POST /session/7a77e4e78ab7f053ff1399b1683134e1/element/f.F34A9C30008BD60ECF93DB5E8BBA230A.d.7FF6450D20CBD2FAF8A346185C14F392.e.10955/value - {"text":"catalogItemyb67h"}
COMMAND: GET /session/7a77e4e78ab7f053ff1399b1683134e1/screenshot - {}
RESULT: {"text":"catalogItemyb67h"}
COMMAND: GET /session/7a77e4e78ab7f053ff1399b1683134e1/screenshot - {}
RESULT: {}
RESULT: {}
COMMAND: POST /session/7a77e4e78ab7f053ff1399b1683134e1/actions - {"actions":[{"id":"action85","type":"key","parameters":{},"actions":[{"type":"keyDown","value":"î€‡"},{"type":"pause","duration":10},{"type":"keyUp","value":"î€‡"}]}]}
RESULT: {"actions":[{"id":"action85","type":"key","parameters":{},"actions":[{"type":"keyDown","value":"î€‡"},{"type":"pause","duration":10},{"type":"keyUp","value":"î€‡"}]}]}
COMMAND: GET /session/7a77e4e78ab7f053ff1399b1683134e1/screenshot - {}
RESULT: {}
COMMAND: POST /session/7a77e4e78ab7f053ff1399b1683134e1/execute/async - {"script":"<script> [1562 bytes]","args":[{"selector":{"controlType":"sap.ui.core.Icon","viewName":"etm.portal.ui.managerequests.view.NewRequest","properties":{"src":{"regex":{"source":"slim\\-arrow\\-down"}}},"ancestor":{"controlType":"sap.m.Button","viewName":"etm.portal.ui.managerequests.view.NewRequest","properties":{"icon":"sap-icon://slim-arrow-down"}}},"wdio_ui5_key":"etmportal.ui.managerequests.view.NewRequestsap.ui.core.Icon{\"src\":{\"regex\":{\"source\":\"slim\\\\-arrow\\\\-down\"}}}{\"controlType\":\"sap.m.Button\",\"viewName\":\"etm.portal.ui.managerequests.view.NewRequest\",\"properties\":{\"icon\":\"sap-icon://slim-arrow-down\"}}"}]}
RESULT: {"script":"<script> [1562 bytes]","args":[{"selector":{"controlType":"sap.ui.core.Icon","viewName":"etm.portal.ui.managerequests.view.NewRequest","properties":{"src":{"regex":{"source":"slim\\-arrow\\-down"}}},"ancestor":{"controlType":"sap.m.Button","viewName":"etm.portal.ui.managerequests.view.NewRequest","properties":{"icon":"sap-icon://slim-arrow-down"}}},"wdio_ui5_key":"etmportal.ui.managerequests.view.NewRequestsap.ui.core.Icon{\"src\":{\"regex\":{\"source\":\"slim\\\\-arrow\\\\-down\"}}}{\"controlType\":\"sap.m.Button\",\"viewName\":\"etm.portal.ui.managerequests.view.NewRequest\",\"properties\":{\"icon\":\"sap-icon://slim-arrow-down\"}}"}]}
RESULT: undefined
COMMAND: POST /session/7a77e4e78ab7f053ff1399b1683134e1/element - {"using":"xpath","value":"//div[contains(@data-kt ,\"splitAllocationObjectStatus\")]"}
RESULT: {"using":"xpath","value":"//div[contains(@data-kt ,\"splitAllocationObjectStatus\")]"}
COMMAND: POST /session/7a77e4e78ab7f053ff1399b1683134e1/elements - {"using":"xpath","value":"//div[contains(@data-kt ,\"splitAllocationObjectStatus\")]"}
RESULT: {"using":"xpath","value":"//div[contains(@data-kt ,\"splitAllocationObjectStatus\")]"}
COMMAND: POST /session/7a77e4e78ab7f053ff1399b1683134e1/execute/async - {"script":"<script> [1562 bytes]","args":[{"selector":{"controlType":"sap.ui.core.Icon","viewName":"etm.portal.ui.managerequests.view.NewRequest","properties":{"src":{"regex":{"source":"message\\-error"}}}},"wdio_ui5_key":"etmportal.ui.managerequests.view.NewRequestsap.ui.core.Icon{\"src\":{\"regex\":{\"source\":\"message\\\\-error\"}}}"}]}
RESULT: {"script":"<script> [1562 bytes]","args":[{"selector":{"controlType":"sap.ui.core.Icon","viewName":"etm.portal.ui.managerequests.view.NewRequest","properties":{"src":{"regex":{"source":"message\\-error"}}}},"wdio_ui5_key":"etmportal.ui.managerequests.view.NewRequestsap.ui.core.Icon{\"src\":{\"regex\":{\"source\":\"message\\\\-error\"}}}"}]}
RESULT: undefined
COMMAND: POST /session/7a77e4e78ab7f053ff1399b1683134e1/element - {"using":"xpath","value":"//*[@id=\"__status4-__xmlview59--requestItemsTable-0-icon\"]"}
RESULT: {"using":"xpath","value":"//*[@id=\"__status4-__xmlview59--requestItemsTable-0-icon\"]"}
COMMAND: POST /session/7a77e4e78ab7f053ff1399b1683134e1/element/f.F34A9C30008BD60ECF93DB5E8BBA230A.d.7FF6450D20CBD2FAF8A346185C14F392.e.10970/click - {}
RESULT: {}
COMMAND: POST /session/7a77e4e78ab7f053ff1399b1683134e1/execute/async - {"script":"<script> [1562 bytes]","args":[{"selector":{"controlType":"sap.ui.core.Icon","viewName":"etm.portal.ui.managerequests.view.NewRequest","properties":{"src":{"regex":{"source":"slim\\-arrow\\-down"}}},"searchOpenDialogs":true,"ancestor":{"id":"costObjectAdminTypeComboBox","viewName":"etm.portal.ui.managerequests.view.NewRequest","searchOpenDialogs":true}},"wdio_ui5_key":"etmportal.ui.managerequests.view.NewRequestsap.ui.core.Icon{\"src\":{\"regex\":{\"source\":\"slim\\\\-arrow\\\\-down\"}}}{\"id\":\"costObjectAdminTypeComboBox\",\"viewName\":\"etm.portal.ui.managerequests.view.NewRequest\",\"searchOpenDialogs\":true}"}]}
COMMAND: GET /session/7a77e4e78ab7f053ff1399b1683134e1/screenshot - {}
RESULT: {"script":"<script> [1562 bytes]","args":[{"selector":{"controlType":"sap.ui.core.Icon","viewName":"etm.portal.ui.managerequests.view.NewRequest","properties":{"src":{"regex":{"source":"slim\\-arrow\\-down"}}},"searchOpenDialogs":true,"ancestor":{"id":"costObjectAdminTypeComboBox","viewName":"etm.portal.ui.managerequests.view.NewRequest","searchOpenDialogs":true}},"wdio_ui5_key":"etmportal.ui.managerequests.view.NewRequestsap.ui.core.Icon{\"src\":{\"regex\":{\"source\":\"slim\\\\-arrow\\\\-down\"}}}{\"id\":\"costObjectAdminTypeComboBox\",\"viewName\":\"etm.portal.ui.managerequests.view.NewRequest\",\"searchOpenDialogs\":true}"}]}
RESULT: undefined
COMMAND: POST /session/7a77e4e78ab7f053ff1399b1683134e1/element - {"using":"xpath","value":"//*[@id=\"__xmlview59--costObjectAdminTypeComboBox-arrow\"]"}
RESULT: {}
RESULT: {"using":"xpath","value":"//*[@id=\"__xmlview59--costObjectAdminTypeComboBox-arrow\"]"}
COMMAND: POST /session/7a77e4e78ab7f053ff1399b1683134e1/element/f.F34A9C30008BD60ECF93DB5E8BBA230A.d.7FF6450D20CBD2FAF8A346185C14F392.e.10975/click - {}
RESULT: {}
COMMAND: POST /session/7a77e4e78ab7f053ff1399b1683134e1/execute/async - {"script":"<script> [1562 bytes]","args":[{"selector":{"controlType":"sap.m.StandardListItem","viewName":"etm.portal.ui.managerequests.view.NewRequest","properties":{"title":"Cost Center"},"searchOpenDialogs":true,"interaction":{"idSuffix":"titleText"}},"wdio_ui5_key":"etmportal.ui.managerequests.view.NewRequestsap.m.StandardListItem{\"title\":\"Cost Center\"}"}]}
COMMAND: GET /session/7a77e4e78ab7f053ff1399b1683134e1/screenshot - {}
RESULT: {"script":"<script> [1562 bytes]","args":[{"selector":{"controlType":"sap.m.StandardListItem","viewName":"etm.portal.ui.managerequests.view.NewRequest","properties":{"title":"Cost Center"},"searchOpenDialogs":true,"interaction":{"idSuffix":"titleText"}},"wdio_ui5_key":"etmportal.ui.managerequests.view.NewRequestsap.m.StandardListItem{\"title\":\"Cost Center\"}"}]}
RESULT: undefined
COMMAND: POST /session/7a77e4e78ab7f053ff1399b1683134e1/element - {"using":"xpath","value":"//*[@id=\"__item643\"]"}
RESULT: {}
RESULT: {"using":"xpath","value":"//*[@id=\"__item643\"]"}
COMMAND: POST /session/7a77e4e78ab7f053ff1399b1683134e1/element/f.F34A9C30008BD60ECF93DB5E8BBA230A.d.7FF6450D20CBD2FAF8A346185C14F392.e.10977/click - {}
RESULT: {}
COMMAND: GET /session/7a77e4e78ab7f053ff1399b1683134e1/screenshot - {}
RESULT: {}
COMMAND: POST /session/7a77e4e78ab7f053ff1399b1683134e1/execute/async - {"script":"<script> [1562 bytes]","args":[{"selector":{"controlType":"sap.ui.core.Icon","viewName":"etm.portal.ui.managerequests.view.NewRequest","properties":{"src":{"regex":{"source":"value\\-help"}}},"searchOpenDialogs":true},"wdio_ui5_key":"etmportal.ui.managerequests.view.NewRequestsap.ui.core.Icon{\"src\":{\"regex\":{\"source\":\"value\\\\-help\"}}}"}]}
RESULT: {"script":"<script> [1562 bytes]","args":[{"selector":{"controlType":"sap.ui.core.Icon","viewName":"etm.portal.ui.managerequests.view.NewRequest","properties":{"src":{"regex":{"source":"value\\-help"}}},"searchOpenDialogs":true},"wdio_ui5_key":"etmportal.ui.managerequests.view.NewRequestsap.ui.core.Icon{\"src\":{\"regex\":{\"source\":\"value\\\\-help\"}}}"}]}
RESULT: undefined
COMMAND: POST /session/7a77e4e78ab7f053ff1399b1683134e1/element - {"using":"xpath","value":"//*[@id=\"__xmlview59--costObjectIdComboBox-vhi\"]"}
RESULT: {"using":"xpath","value":"//*[@id=\"__xmlview59--costObjectIdComboBox-vhi\"]"}
COMMAND: POST /session/7a77e4e78ab7f053ff1399b1683134e1/element/f.F34A9C30008BD60ECF93DB5E8BBA230A.d.7FF6450D20CBD2FAF8A346185C14F392.e.10985/click - {}
RESULT: {}
COMMAND: POST /session/7a77e4e78ab7f053ff1399b1683134e1/execute/async - {"script":"<script> [1562 bytes]","args":[{"selector":{"controlType":"sap.m.SearchField","properties":{"placeholder":"Search"},"searchOpenDialogs":true,"interaction":{"idSuffix":"I"}},"wdio_ui5_key":"sapm.SearchField{\"placeholder\":\"Search\"}"}]}
COMMAND: GET /session/7a77e4e78ab7f053ff1399b1683134e1/screenshot - {}
RESULT: {"script":"<script> [1562 bytes]","args":[{"selector":{"controlType":"sap.m.SearchField","properties":{"placeholder":"Search"},"searchOpenDialogs":true,"interaction":{"idSuffix":"I"}},"wdio_ui5_key":"sapm.SearchField{\"placeholder\":\"Search\"}"}]}
RESULT: undefined
COMMAND: POST /session/7a77e4e78ab7f053ff1399b1683134e1/execute/async - {"script":"<script> [776 bytes]","args":[{"enterText":"10001010","selector":{"controlType":"sap.m.SearchField","properties":{"placeholder":"Search"},"searchOpenDialogs":true,"interaction":{"idSuffix":"I"}},"clearTextFirst":true,"interactionType":"ENTER_TEXT"}]}
RESULT: {}
RESULT: {"script":"<script> [776 bytes]","args":[{"enterText":"10001010","selector":{"controlType":"sap.m.SearchField","properties":{"placeholder":"Search"},"searchOpenDialogs":true,"interaction":{"idSuffix":"I"}},"clearTextFirst":true,"interactionType":"ENTER_TEXT"}]}
COMMAND: POST /session/7a77e4e78ab7f053ff1399b1683134e1/actions - {"actions":[{"id":"action86","type":"key","parameters":{},"actions":[{"type":"keyDown","value":"î€‡"},{"type":"pause","duration":10},{"type":"keyUp","value":"î€‡"}]}]}
RESULT: {"actions":[{"id":"action86","type":"key","parameters":{},"actions":[{"type":"keyDown","value":"î€‡"},{"type":"pause","duration":10},{"type":"keyUp","value":"î€‡"}]}]}
COMMAND: GET /session/7a77e4e78ab7f053ff1399b1683134e1/screenshot - {}
RESULT: {}
COMMAND: POST /session/7a77e4e78ab7f053ff1399b1683134e1/execute/async - {"script":"<script> [1562 bytes]","args":[{"selector":{"controlType":"sap.m.Text","bindingPath":{"path":"/C_CostCtrValueHelp(CostCenter='10001010',ControllingArea='Z001')","propertyPath":"CostCenterName","modelName":"CostCenterModel"},"searchOpenDialogs":true},"wdio_ui5_key":"sapm.Text{\"path\":\"/C_CostCtrValueHelp(CostCenter='10001010',ControllingArea='Z001')\",\"propertyPath\":\"CostCenterName\",\"modelName\":\"CostCenterModel\"}"}]}
RESULT: {"script":"<script> [1562 bytes]","args":[{"selector":{"controlType":"sap.m.Text","bindingPath":{"path":"/C_CostCtrValueHelp(CostCenter='10001010',ControllingArea='Z001')","propertyPath":"CostCenterName","modelName":"CostCenterModel"},"searchOpenDialogs":true},"wdio_ui5_key":"sapm.Text{\"path\":\"/C_CostCtrValueHelp(CostCenter='10001010',ControllingArea='Z001')\",\"propertyPath\":\"CostCenterName\",\"modelName\":\"CostCenterModel\"}"}]}
RESULT: undefined
COMMAND: POST /session/7a77e4e78ab7f053ff1399b1683134e1/element - {"using":"xpath","value":"//*[@id=\"__text287-__clone789\"]"}
RESULT: {"using":"xpath","value":"//*[@id=\"__text287-__clone789\"]"}
COMMAND: POST /session/7a77e4e78ab7f053ff1399b1683134e1/element/f.F34A9C30008BD60ECF93DB5E8BBA230A.d.7FF6450D20CBD2FAF8A346185C14F392.e.11026/click - {}
RESULT: {}
COMMAND: POST /session/7a77e4e78ab7f053ff1399b1683134e1/execute/async - {"script":"<script> [1562 bytes]","args":[{"selector":{"controlType":"sap.m.Button","properties":{"text":"OK"},"searchOpenDialogs":true,"interaction":{"idSuffix":"BDI-content"}},"wdio_ui5_key":"sapm.Button{\"text\":\"OK\"}"}]}
COMMAND: GET /session/7a77e4e78ab7f053ff1399b1683134e1/screenshot - {}
RESULT: {"script":"<script> [1562 bytes]","args":[{"selector":{"controlType":"sap.m.Button","properties":{"text":"OK"},"searchOpenDialogs":true,"interaction":{"idSuffix":"BDI-content"}},"wdio_ui5_key":"sapm.Button{\"text\":\"OK\"}"}]}
RESULT: undefined
COMMAND: POST /session/7a77e4e78ab7f053ff1399b1683134e1/element - {"using":"xpath","value":"//*[@id=\"__dialog1-ok\"]"}
RESULT: {}
RESULT: {"using":"xpath","value":"//*[@id=\"__dialog1-ok\"]"}
COMMAND: POST /session/7a77e4e78ab7f053ff1399b1683134e1/element/f.F34A9C30008BD60ECF93DB5E8BBA230A.d.7FF6450D20CBD2FAF8A346185C14F392.e.11028/click - {}
RESULT: {}
COMMAND: GET /session/7a77e4e78ab7f053ff1399b1683134e1/screenshot - {}
RESULT: {}
COMMAND: POST /session/7a77e4e78ab7f053ff1399b1683134e1/execute/async - {"script":"<script> [1562 bytes]","args":[{"selector":{"controlType":"sap.m.Button","viewName":"etm.portal.ui.managerequests.view.NewRequest","i18NText":{"propertyName":"text","key":"save"},"searchOpenDialogs":true,"interaction":{"idSuffix":"BDI-content"}},"wdio_ui5_key":"etmportal.ui.managerequests.view.NewRequestsap.m.Button{\"propertyName\":\"text\",\"key\":\"save\"}"}]}
RESULT: {"script":"<script> [1562 bytes]","args":[{"selector":{"controlType":"sap.m.Button","viewName":"etm.portal.ui.managerequests.view.NewRequest","i18NText":{"propertyName":"text","key":"save"},"searchOpenDialogs":true,"interaction":{"idSuffix":"BDI-content"}},"wdio_ui5_key":"etmportal.ui.managerequests.view.NewRequestsap.m.Button{\"propertyName\":\"text\",\"key\":\"save\"}"}]}
RESULT: undefined
COMMAND: POST /session/7a77e4e78ab7f053ff1399b1683134e1/element - {"using":"xpath","value":"//*[@id=\"__button22\"]"}
RESULT: {"using":"xpath","value":"//*[@id=\"__button22\"]"}
COMMAND: POST /session/7a77e4e78ab7f053ff1399b1683134e1/element/f.F34A9C30008BD60ECF93DB5E8BBA230A.d.7FF6450D20CBD2FAF8A346185C14F392.e.11032/click - {}
RESULT: {}
COMMAND: GET /session/7a77e4e78ab7f053ff1399b1683134e1/screenshot - {}
RESULT: {}
COMMAND: POST /session/7a77e4e78ab7f053ff1399b1683134e1/element - {"using":"xpath","value":"(//bdi[contains(text() ,\"Save\")])[1]"}
RESULT: {"using":"xpath","value":"(//bdi[contains(text() ,\"Save\")])[1]"}
COMMAND: POST /session/7a77e4e78ab7f053ff1399b1683134e1/element/f.F34A9C30008BD60ECF93DB5E8BBA230A.d.7FF6450D20CBD2FAF8A346185C14F392.e.11035/click - {}
RESULT: {}
COMMAND: GET /session/7a77e4e78ab7f053ff1399b1683134e1/screenshot - {}
RESULT: {}
COMMAND: POST /session/7a77e4e78ab7f053ff1399b1683134e1/execute/async - {"script":"<script> [1562 bytes]","args":[{"selector":{"controlType":"sap.m.Title","properties":{"text":"Success"},"searchOpenDialogs":true},"wdio_ui5_key":"sapm.Title{\"text\":\"Success\"}"}]}
RESULT: {"script":"<script> [1562 bytes]","args":[{"selector":{"controlType":"sap.m.Title","properties":{"text":"Success"},"searchOpenDialogs":true},"wdio_ui5_key":"sapm.Title{\"text\":\"Success\"}"}]}
RESULT: undefined
COMMAND: POST /session/7a77e4e78ab7f053ff1399b1683134e1/execute/async - {"script":"<script> [6424 bytes]","args":[{"element-6066-11e4-a52e-4f735466cecf":"f.F34A9C30008BD60ECF93DB5E8BBA230A.d.7FF6450D20CBD2FAF8A346185C14F392.e.11038"},"getText",[]]}
RESULT: {"script":"<script> [6424 bytes]","args":[{"element-6066-11e4-a52e-4f735466cecf":"f.F34A9C30008BD60ECF93DB5E8BBA230A.d.7FF6450D20CBD2FAF8A346185C14F392.e.11038"},"getText",[]]}
COMMAND: POST /session/7a77e4e78ab7f053ff1399b1683134e1/execute/async - {"script":"<script> [1562 bytes]","args":[{"selector":{"controlType":"sap.m.Button","properties":{"text":"Close"},"searchOpenDialogs":true,"interaction":{"idSuffix":"BDI-content"}},"wdio_ui5_key":"sapm.Button{\"text\":\"Close\"}"}]}
RESULT: {"script":"<script> [1562 bytes]","args":[{"selector":{"controlType":"sap.m.Button","properties":{"text":"Close"},"searchOpenDialogs":true,"interaction":{"idSuffix":"BDI-content"}},"wdio_ui5_key":"sapm.Button{\"text\":\"Close\"}"}]}
RESULT: undefined
COMMAND: POST /session/7a77e4e78ab7f053ff1399b1683134e1/element - {"using":"xpath","value":"//*[@id=\"__mbox-btn-0\"]"}
RESULT: {"using":"xpath","value":"//*[@id=\"__mbox-btn-0\"]"}
COMMAND: POST /session/7a77e4e78ab7f053ff1399b1683134e1/element/f.F34A9C30008BD60ECF93DB5E8BBA230A.d.7FF6450D20CBD2FAF8A346185C14F392.e.11037/click - {}
RESULT: {}
COMMAND: GET /session/7a77e4e78ab7f053ff1399b1683134e1/screenshot - {}
RESULT: {}
COMMAND: POST /session/7a77e4e78ab7f053ff1399b1683134e1/execute/async - {"script":"<script> [1562 bytes]","args":[{"selector":{"controlType":"sap.m.Text","viewName":"etm.portal.ui.managerequests.view.Detail","bindingPath":{"propertyPath":"NO","modelName":"catalogModel"}},"wdio_ui5_key":"etmportal.ui.managerequests.view.Detailsap.m.Text{\"propertyPath\":\"NO\",\"modelName\":\"catalogModel\"}"}]}
RESULT: {"script":"<script> [1562 bytes]","args":[{"selector":{"controlType":"sap.m.Text","viewName":"etm.portal.ui.managerequests.view.Detail","bindingPath":{"propertyPath":"NO","modelName":"catalogModel"}},"wdio_ui5_key":"etmportal.ui.managerequests.view.Detailsap.m.Text{\"propertyPath\":\"NO\",\"modelName\":\"catalogModel\"}"}]}
RESULT: undefined
COMMAND: POST /session/7a77e4e78ab7f053ff1399b1683134e1/execute/async - {"script":"<script> [6424 bytes]","args":[{"element-6066-11e4-a52e-4f735466cecf":"f.F34A9C30008BD60ECF93DB5E8BBA230A.d.7FF6450D20CBD2FAF8A346185C14F392.e.11166"},"getText",[]]}
RESULT: {"script":"<script> [6424 bytes]","args":[{"element-6066-11e4-a52e-4f735466cecf":"f.F34A9C30008BD60ECF93DB5E8BBA230A.d.7FF6450D20CBD2FAF8A346185C14F392.e.11166"},"getText",[]]}
COMMAND: POST /session/7a77e4e78ab7f053ff1399b1683134e1/execute/async - {"script":"<script> [1562 bytes]","args":[{"selector":{"controlType":"sap.ui.core.Icon","viewName":"etm.portal.ui.managerequests.view.Detail","properties":{"src":{"regex":{"source":"date\\-time"}}},"ancestor":{"controlType":"sap.m.ColumnListItem","viewName":"etm.portal.ui.managerequests.view.Detail","bindingPath":{"path":"/SmartRequestItemsPlanningBoard(ITEM=10m,REQUEST='20133')"},"ancestor":{"id":"requestItemsTable","viewName":"etm.portal.ui.managerequests.view.Detail"}}},"wdio_ui5_key":"etmportal.ui.managerequests.view.Detailsap.ui.core.Icon{\"src\":{\"regex\":{\"source\":\"date\\\\-time\"}}}{\"controlType\":\"sap.m.ColumnListItem\",\"viewName\":\"etm.portal.ui.managerequests.view.Detail\",\"bindingPath\":{\"path\":\"/SmartRequestItemsPlanningBoard(ITEM=10m,REQUEST='20133')\"},\"ancestor\":{\"id\":\"requestItemsTable\",\"viewName\":\"etm.portal.ui.managerequests.view.Detail\"}}"}]}
RESULT: {"script":"<script> [1562 bytes]","args":[{"selector":{"controlType":"sap.ui.core.Icon","viewName":"etm.portal.ui.managerequests.view.Detail","properties":{"src":{"regex":{"source":"date\\-time"}}},"ancestor":{"controlType":"sap.m.ColumnListItem","viewName":"etm.portal.ui.managerequests.view.Detail","bindingPath":{"path":"/SmartRequestItemsPlanningBoard(ITEM=10m,REQUEST='20133')"},"ancestor":{"id":"requestItemsTable","viewName":"etm.portal.ui.managerequests.view.Detail"}}},"wdio_ui5_key":"etmportal.ui.managerequests.view.Detailsap.ui.core.Icon{\"src\":{\"regex\":{\"source\":\"date\\\\-time\"}}}{\"controlType\":\"sap.m.ColumnListItem\",\"viewName\":\"etm.portal.ui.managerequests.view.Detail\",\"bindingPath\":{\"path\":\"/SmartRequestItemsPlanningBoard(ITEM=10m,REQUEST='20133')\"},\"ancestor\":{\"id\":\"requestItemsTable\",\"viewName\":\"etm.portal.ui.managerequests.view.Detail\"}}"}]}
RESULT: undefined
COMMAND: POST /session/7a77e4e78ab7f053ff1399b1683134e1/element - {"using":"xpath","value":"//*[@id=\"__button37-__clone828-img\"]"}
RESULT: {"using":"xpath","value":"//*[@id=\"__button37-__clone828-img\"]"}
COMMAND: POST /session/7a77e4e78ab7f053ff1399b1683134e1/element/f.F34A9C30008BD60ECF93DB5E8BBA230A.d.7FF6450D20CBD2FAF8A346185C14F392.e.11167/click - {}
RESULT: {}
COMMAND: POST /session/7a77e4e78ab7f053ff1399b1683134e1/execute/async - {"script":"<script> [1562 bytes]","args":[{"selector":{"controlType":"sap.m.Button","viewName":"etm.portal.ui.managerequests.view.Detail","properties":{"text":"Close"},"searchOpenDialogs":true,"interaction":{"idSuffix":"BDI-content"}},"wdio_ui5_key":"etmportal.ui.managerequests.view.Detailsap.m.Button{\"text\":\"Close\"}"}]}
COMMAND: GET /session/7a77e4e78ab7f053ff1399b1683134e1/screenshot - {}
RESULT: {"script":"<script> [1562 bytes]","args":[{"selector":{"controlType":"sap.m.Button","viewName":"etm.portal.ui.managerequests.view.Detail","properties":{"text":"Close"},"searchOpenDialogs":true,"interaction":{"idSuffix":"BDI-content"}},"wdio_ui5_key":"etmportal.ui.managerequests.view.Detailsap.m.Button{\"text\":\"Close\"}"}]}
RESULT: undefined
COMMAND: POST /session/7a77e4e78ab7f053ff1399b1683134e1/element - {"using":"xpath","value":"//*[@id=\"__button45\"]"}
RESULT: {}
RESULT: {"using":"xpath","value":"//*[@id=\"__button45\"]"}
COMMAND: POST /session/7a77e4e78ab7f053ff1399b1683134e1/element/f.F34A9C30008BD60ECF93DB5E8BBA230A.d.7FF6450D20CBD2FAF8A346185C14F392.e.11170/click - {}
RESULT: {}
COMMAND: POST /session/7a77e4e78ab7f053ff1399b1683134e1/refresh - {}
COMMAND: GET /session/7a77e4e78ab7f053ff1399b1683134e1/screenshot - {}
RESULT: {}
COMMAND: GET /session/7a77e4e78ab7f053ff1399b1683134e1/screenshot - {}
RESULT: {}
RESULT: {}
COMMAND: POST /session/7a77e4e78ab7f053ff1399b1683134e1/execute/async - {"script":"<script> [189 bytes]","args":[]}
RESULT: {"script":"<script> [189 bytes]","args":[]}
COMMAND: POST /session/7a77e4e78ab7f053ff1399b1683134e1/execute/async - {"script":"<script> [123 bytes]","args":[]}
RESULT: {"script":"<script> [123 bytes]","args":[]}
COMMAND: POST /session/7a77e4e78ab7f053ff1399b1683134e1/timeouts - {"script":"<number>"}
RESULT: {"script":"<number>"}
COMMAND: GET /session/7a77e4e78ab7f053ff1399b1683134e1/timeouts - {}
RESULT: {}
RESULT: undefined
COMMAND: POST /session/7a77e4e78ab7f053ff1399b1683134e1/execute/async - {"script":"<script> [2676 bytes]","args":[]}
RESULT: {"script":"<script> [2676 bytes]","args":[]}
COMMAND: POST /session/7a77e4e78ab7f053ff1399b1683134e1/execute/async - {"script":"<script> [2342 bytes]","args":[{"protocol":"http","hostname":"0.0.0.0","path":"/","capabilities":{"browserName":"chrome","goog:chromeOptions":{"binary":"C:\\Program Files\\Google\\Chrome\\Application\\chrome.exe","args":["--start-maximized"]}},"logLevel":"warn","connectionRetryTimeout":120000,"connectionRetryCount":3,"logLevels":{},"enableDirectConnect":true,"strictSSL":true,"_":"65 more keys: [\"cacheDir\",\"port\",\"requestedCapabilities\",\"automationProtocol\",\"baseUrl\",\"waitforInterval\",\"waitforTimeout\",\"onReload\",\"beforeCommand\",\"afterCommand\",\"rootDir\",\"specs\",\"suites\",\"exclude\",\"groupLogsByTestSpec\",\"excludeDriverLogs\",\"bail\",\"framework\",\"reporters\",\"services\",\"maxInstances\",\"maxInstancesPerCapability\",\"injectGlobals\",\"filesToWatch\",\"execArgv\",\"runnerEnv\",\"runner\",\"shard\",\"specFileRetries\",\"specFileRetriesDelay\",\"specFileRetriesDeferred\",\"reporterSyncInterval\",\"reporterSyncTimeout\",\"cucumberFeaturesWithLineNumbers\",\"autoCompileOpts\",\"mochaOpts\",\"jasmineOpts\",\"cucumberOpts\",\"onPrepare\",\"onWorkerStart\",\"onWorkerEnd\",\"before\",\"beforeSession\",\"beforeSuite\",\"beforeHook\",\"beforeTest\",\"afterTest\",\"afterHook\",\"afterSuite\",\"afterSession\",\"after\",\"onComplete\",\"beforeAssertion\",\"afterAssertion\",\"beforeFeature\",\"beforeScenario\",\"beforeStep\",\"afterStep\",\"afterScenario\",\"afterFeature\",\"_\",\"suite\",\"$0\",\"ignoredWorkerServices\",\"wdi5\"]"}]}
RESULT: {"script":"<script> [2342 bytes]","args":[{"protocol":"http","hostname":"0.0.0.0","path":"/","capabilities":{"browserName":"chrome","goog:chromeOptions":{"binary":"C:\\Program Files\\Google\\Chrome\\Application\\chrome.exe","args":["--start-maximized"]}},"logLevel":"warn","connectionRetryTimeout":120000,"connectionRetryCount":3,"logLevels":{},"enableDirectConnect":true,"strictSSL":true,"_":"65 more keys: [\"cacheDir\",\"port\",\"requestedCapabilities\",\"automationProtocol\",\"baseUrl\",\"waitforInterval\",\"waitforTimeout\",\"onReload\",\"beforeCommand\",\"afterCommand\",\"rootDir\",\"specs\",\"suites\",\"exclude\",\"groupLogsByTestSpec\",\"excludeDriverLogs\",\"bail\",\"framework\",\"reporters\",\"services\",\"maxInstances\",\"maxInstancesPerCapability\",\"injectGlobals\",\"filesToWatch\",\"execArgv\",\"runnerEnv\",\"runner\",\"shard\",\"specFileRetries\",\"specFileRetriesDelay\",\"specFileRetriesDeferred\",\"reporterSyncInterval\",\"reporterSyncTimeout\",\"cucumberFeaturesWithLineNumbers\",\"autoCompileOpts\",\"mochaOpts\",\"jasmineOpts\",\"cucumberOpts\",\"onPrepare\",\"onWorkerStart\",\"onWorkerEnd\",\"before\",\"beforeSession\",\"beforeSuite\",\"beforeHook\",\"beforeTest\",\"afterTest\",\"afterHook\",\"afterSuite\",\"afterSession\",\"after\",\"onComplete\",\"beforeAssertion\",\"afterAssertion\",\"beforeFeature\",\"beforeScenario\",\"beforeStep\",\"afterStep\",\"afterScenario\",\"afterFeature\",\"_\",\"suite\",\"$0\",\"ignoredWorkerServices\",\"wdi5\"]"}]}
COMMAND: POST /session/7a77e4e78ab7f053ff1399b1683134e1/execute/async - {"script":"<script> [21126 bytes]","args":[35000]}
RESULT: {"script":"<script> [21126 bytes]","args":[35000]}
]]></system-out>
    </testcase>
    <testcase classname="chrome.136_0_7103_93.windows.Process_request_items_into_new_quotation_US120163" name="Should process the request into a new quotation" time="55.543">
      <system-out><![CDATA[
COMMAND: GET /session/7a77e4e78ab7f053ff1399b1683134e1/window - {}
RESULT: {}
COMMAND: POST /session/7a77e4e78ab7f053ff1399b1683134e1/element - {"using":"xpath","value":"//span[contains(@id ,\"detailHeaderTitle-_actionsToolbar-overflowButton-img\")]"}
RESULT: {"using":"xpath","value":"//span[contains(@id ,\"detailHeaderTitle-_actionsToolbar-overflowButton-img\")]"}
COMMAND: POST /session/7a77e4e78ab7f053ff1399b1683134e1/element/f.F34A9C30008BD60ECF93DB5E8BBA230A.d.B4C8F7ED81D943731A0B3283F1D45A03.e.11387/click - {}
RESULT: {}
COMMAND: GET /session/7a77e4e78ab7f053ff1399b1683134e1/screenshot - {}
RESULT: {}
COMMAND: POST /session/7a77e4e78ab7f053ff1399b1683134e1/element - {"using":"xpath","value":"//span[contains(@id ,\"actionsMenuButton-internalSplitBtn-arrowButton-img\")]"}
RESULT: {"using":"xpath","value":"//span[contains(@id ,\"actionsMenuButton-internalSplitBtn-arrowButton-img\")]"}
COMMAND: POST /session/7a77e4e78ab7f053ff1399b1683134e1/element/f.F34A9C30008BD60ECF93DB5E8BBA230A.d.B4C8F7ED81D943731A0B3283F1D45A03.e.11399/click - {}
RESULT: {}
COMMAND: GET /session/7a77e4e78ab7f053ff1399b1683134e1/screenshot - {}
RESULT: {}
COMMAND: POST /session/7a77e4e78ab7f053ff1399b1683134e1/actions - {"actions":[{"id":"action87","type":"key","parameters":{},"actions":[{"type":"keyDown","value":"î€•"},{"type":"pause","duration":10},{"type":"keyUp","value":"î€•"}]}]}
RESULT: {"actions":[{"id":"action87","type":"key","parameters":{},"actions":[{"type":"keyDown","value":"î€•"},{"type":"pause","duration":10},{"type":"keyUp","value":"î€•"}]}]}
COMMAND: GET /session/7a77e4e78ab7f053ff1399b1683134e1/screenshot - {}
RESULT: {}
COMMAND: POST /session/7a77e4e78ab7f053ff1399b1683134e1/actions - {"actions":[{"id":"action88","type":"key","parameters":{},"actions":[{"type":"keyDown","value":"î€‡"},{"type":"pause","duration":10},{"type":"keyUp","value":"î€‡"}]}]}
RESULT: {"actions":[{"id":"action88","type":"key","parameters":{},"actions":[{"type":"keyDown","value":"î€‡"},{"type":"pause","duration":10},{"type":"keyUp","value":"î€‡"}]}]}
COMMAND: GET /session/7a77e4e78ab7f053ff1399b1683134e1/screenshot - {}
RESULT: {}
COMMAND: POST /session/7a77e4e78ab7f053ff1399b1683134e1/actions - {"actions":[{"id":"action89","type":"key","parameters":{},"actions":[{"type":"keyDown","value":"î€‡"},{"type":"pause","duration":10},{"type":"keyUp","value":"î€‡"}]}]}
RESULT: {"actions":[{"id":"action89","type":"key","parameters":{},"actions":[{"type":"keyDown","value":"î€‡"},{"type":"pause","duration":10},{"type":"keyUp","value":"î€‡"}]}]}
COMMAND: GET /session/7a77e4e78ab7f053ff1399b1683134e1/screenshot - {}
RESULT: {}
COMMAND: POST /session/7a77e4e78ab7f053ff1399b1683134e1/actions - {"actions":[{"id":"action90","type":"key","parameters":{},"actions":[{"type":"keyDown","value":"î€‡"},{"type":"pause","duration":10},{"type":"keyUp","value":"î€‡"}]}]}
RESULT: {"actions":[{"id":"action90","type":"key","parameters":{},"actions":[{"type":"keyDown","value":"î€‡"},{"type":"pause","duration":10},{"type":"keyUp","value":"î€‡"}]}]}
COMMAND: GET /session/7a77e4e78ab7f053ff1399b1683134e1/screenshot - {}
RESULT: {}
COMMAND: POST /session/7a77e4e78ab7f053ff1399b1683134e1/actions - {"actions":[{"id":"action91","type":"key","parameters":{},"actions":[{"type":"keyDown","value":"î€‡"},{"type":"pause","duration":10},{"type":"keyUp","value":"î€‡"}]}]}
RESULT: {"actions":[{"id":"action91","type":"key","parameters":{},"actions":[{"type":"keyDown","value":"î€‡"},{"type":"pause","duration":10},{"type":"keyUp","value":"î€‡"}]}]}
COMMAND: GET /session/7a77e4e78ab7f053ff1399b1683134e1/screenshot - {}
RESULT: {}
COMMAND: GET /session/7a77e4e78ab7f053ff1399b1683134e1/window/handles - {}
RESULT: {}
COMMAND: GET /session/7a77e4e78ab7f053ff1399b1683134e1/window/handles - {}
RESULT: {}
COMMAND: POST /session/7a77e4e78ab7f053ff1399b1683134e1/window - {"handle":"D7B1FFFE176552ADD74666219969F316"}
RESULT: {"handle":"D7B1FFFE176552ADD74666219969F316"}
COMMAND: GET /session/7a77e4e78ab7f053ff1399b1683134e1/url - {}
RESULT: {}
COMMAND: GET /session/7a77e4e78ab7f053ff1399b1683134e1/screenshot - {}
RESULT: {}
COMMAND: POST /session/7a77e4e78ab7f053ff1399b1683134e1/element - {"using":"xpath","value":"//span[contains(text(), \"Header Billing Items\")]"}
RESULT: {"using":"xpath","value":"//span[contains(text(), \"Header Billing Items\")]"}
COMMAND: POST /session/7a77e4e78ab7f053ff1399b1683134e1/element/f.D7B1FFFE176552ADD74666219969F316.d.38647CBF04AC9665691984CA850B640F.e.11569/click - {}
RESULT: {}
COMMAND: GET /session/7a77e4e78ab7f053ff1399b1683134e1/screenshot - {}
RESULT: {}
COMMAND: POST /session/7a77e4e78ab7f053ff1399b1683134e1/element - {"using":"xpath","value":"//span[contains(@id ,\"contractItemsSmartTable-header-inner\")]"}
RESULT: {"using":"xpath","value":"//span[contains(@id ,\"contractItemsSmartTable-header-inner\")]"}
COMMAND: GET /session/7a77e4e78ab7f053ff1399b1683134e1/element/f.D7B1FFFE176552ADD74666219969F316.d.38647CBF04AC9665691984CA850B640F.e.11591/text - {}
RESULT: {}
COMMAND: POST /session/7a77e4e78ab7f053ff1399b1683134e1/element - {"using":"xpath","value":"//span[@class=\"sapMObjStatusText\"][contains(text(), \"proposed\")]"}
RESULT: {"using":"xpath","value":"//span[@class=\"sapMObjStatusText\"][contains(text(), \"proposed\")]"}
COMMAND: GET /session/7a77e4e78ab7f053ff1399b1683134e1/element/f.D7B1FFFE176552ADD74666219969F316.d.38647CBF04AC9665691984CA850B640F.e.11592/text - {}
RESULT: {}
COMMAND: DELETE /session/7a77e4e78ab7f053ff1399b1683134e1/window - {}
RESULT: {}
COMMAND: POST /session/7a77e4e78ab7f053ff1399b1683134e1/window - {"handle":"F34A9C30008BD60ECF93DB5E8BBA230A"}
RESULT: {"handle":"F34A9C30008BD60ECF93DB5E8BBA230A"}
COMMAND: GET /session/7a77e4e78ab7f053ff1399b1683134e1/url - {}
RESULT: {}
COMMAND: GET /session/7a77e4e78ab7f053ff1399b1683134e1/screenshot - {}
RESULT: {}
]]></system-out>
    </testcase>
    <testcase classname="chrome.136_0_7103_93.windows.Process_request_items_into_new_quotation_US120163" name="Should navigate back to the request and check the request and item statuses" time="25.095">
      <system-out><![CDATA[
COMMAND: POST /session/7a77e4e78ab7f053ff1399b1683134e1/refresh - {}
RESULT: {}
COMMAND: GET /session/7a77e4e78ab7f053ff1399b1683134e1/screenshot - {}
RESULT: {}
COMMAND: POST /session/7a77e4e78ab7f053ff1399b1683134e1/execute/async - {"script":"<script> [189 bytes]","args":[]}
RESULT: {"script":"<script> [189 bytes]","args":[]}
COMMAND: POST /session/7a77e4e78ab7f053ff1399b1683134e1/execute/async - {"script":"<script> [123 bytes]","args":[]}
RESULT: {"script":"<script> [123 bytes]","args":[]}
COMMAND: POST /session/7a77e4e78ab7f053ff1399b1683134e1/timeouts - {"script":"<number>"}
RESULT: {"script":"<number>"}
COMMAND: GET /session/7a77e4e78ab7f053ff1399b1683134e1/timeouts - {}
RESULT: {}
RESULT: undefined
COMMAND: POST /session/7a77e4e78ab7f053ff1399b1683134e1/execute/async - {"script":"<script> [2676 bytes]","args":[]}
RESULT: {"script":"<script> [2676 bytes]","args":[]}
COMMAND: POST /session/7a77e4e78ab7f053ff1399b1683134e1/execute/async - {"script":"<script> [2342 bytes]","args":[{"protocol":"http","hostname":"0.0.0.0","path":"/","capabilities":{"browserName":"chrome","goog:chromeOptions":{"binary":"C:\\Program Files\\Google\\Chrome\\Application\\chrome.exe","args":["--start-maximized"]}},"logLevel":"warn","connectionRetryTimeout":120000,"connectionRetryCount":3,"logLevels":{},"enableDirectConnect":true,"strictSSL":true,"_":"65 more keys: [\"cacheDir\",\"port\",\"requestedCapabilities\",\"automationProtocol\",\"baseUrl\",\"waitforInterval\",\"waitforTimeout\",\"onReload\",\"beforeCommand\",\"afterCommand\",\"rootDir\",\"specs\",\"suites\",\"exclude\",\"groupLogsByTestSpec\",\"excludeDriverLogs\",\"bail\",\"framework\",\"reporters\",\"services\",\"maxInstances\",\"maxInstancesPerCapability\",\"injectGlobals\",\"filesToWatch\",\"execArgv\",\"runnerEnv\",\"runner\",\"shard\",\"specFileRetries\",\"specFileRetriesDelay\",\"specFileRetriesDeferred\",\"reporterSyncInterval\",\"reporterSyncTimeout\",\"cucumberFeaturesWithLineNumbers\",\"autoCompileOpts\",\"mochaOpts\",\"jasmineOpts\",\"cucumberOpts\",\"onPrepare\",\"onWorkerStart\",\"onWorkerEnd\",\"before\",\"beforeSession\",\"beforeSuite\",\"beforeHook\",\"beforeTest\",\"afterTest\",\"afterHook\",\"afterSuite\",\"afterSession\",\"after\",\"onComplete\",\"beforeAssertion\",\"afterAssertion\",\"beforeFeature\",\"beforeScenario\",\"beforeStep\",\"afterStep\",\"afterScenario\",\"afterFeature\",\"_\",\"suite\",\"$0\",\"ignoredWorkerServices\",\"wdi5\"]"}]}
RESULT: {"script":"<script> [2342 bytes]","args":[{"protocol":"http","hostname":"0.0.0.0","path":"/","capabilities":{"browserName":"chrome","goog:chromeOptions":{"binary":"C:\\Program Files\\Google\\Chrome\\Application\\chrome.exe","args":["--start-maximized"]}},"logLevel":"warn","connectionRetryTimeout":120000,"connectionRetryCount":3,"logLevels":{},"enableDirectConnect":true,"strictSSL":true,"_":"65 more keys: [\"cacheDir\",\"port\",\"requestedCapabilities\",\"automationProtocol\",\"baseUrl\",\"waitforInterval\",\"waitforTimeout\",\"onReload\",\"beforeCommand\",\"afterCommand\",\"rootDir\",\"specs\",\"suites\",\"exclude\",\"groupLogsByTestSpec\",\"excludeDriverLogs\",\"bail\",\"framework\",\"reporters\",\"services\",\"maxInstances\",\"maxInstancesPerCapability\",\"injectGlobals\",\"filesToWatch\",\"execArgv\",\"runnerEnv\",\"runner\",\"shard\",\"specFileRetries\",\"specFileRetriesDelay\",\"specFileRetriesDeferred\",\"reporterSyncInterval\",\"reporterSyncTimeout\",\"cucumberFeaturesWithLineNumbers\",\"autoCompileOpts\",\"mochaOpts\",\"jasmineOpts\",\"cucumberOpts\",\"onPrepare\",\"onWorkerStart\",\"onWorkerEnd\",\"before\",\"beforeSession\",\"beforeSuite\",\"beforeHook\",\"beforeTest\",\"afterTest\",\"afterHook\",\"afterSuite\",\"afterSession\",\"after\",\"onComplete\",\"beforeAssertion\",\"afterAssertion\",\"beforeFeature\",\"beforeScenario\",\"beforeStep\",\"afterStep\",\"afterScenario\",\"afterFeature\",\"_\",\"suite\",\"$0\",\"ignoredWorkerServices\",\"wdi5\"]"}]}
COMMAND: POST /session/7a77e4e78ab7f053ff1399b1683134e1/execute/async - {"script":"<script> [21126 bytes]","args":[35000]}
RESULT: {"script":"<script> [21126 bytes]","args":[35000]}
COMMAND: POST /session/7a77e4e78ab7f053ff1399b1683134e1/execute/async - {"script":"<script> [1562 bytes]","args":[{"selector":{"controlType":"sap.m.Text","viewName":"etm.portal.ui.managerequests.view.Detail","bindingPath":{"path":"/SmartRequestItemsPlanningBoard(ITEM=10m,REQUEST='20133')","propertyPath":"STATUS_DESC"}},"wdio_ui5_key":"etmportal.ui.managerequests.view.Detailsap.m.Text{\"path\":\"/SmartRequestItemsPlanningBoard(ITEM=10m,REQUEST='20133')\",\"propertyPath\":\"STATUS_DESC\"}"}]}
RESULT: {"script":"<script> [1562 bytes]","args":[{"selector":{"controlType":"sap.m.Text","viewName":"etm.portal.ui.managerequests.view.Detail","bindingPath":{"path":"/SmartRequestItemsPlanningBoard(ITEM=10m,REQUEST='20133')","propertyPath":"STATUS_DESC"}},"wdio_ui5_key":"etmportal.ui.managerequests.view.Detailsap.m.Text{\"path\":\"/SmartRequestItemsPlanningBoard(ITEM=10m,REQUEST='20133')\",\"propertyPath\":\"STATUS_DESC\"}"}]}
RESULT: undefined
COMMAND: POST /session/7a77e4e78ab7f053ff1399b1683134e1/execute/async - {"script":"<script> [6424 bytes]","args":[{"element-6066-11e4-a52e-4f735466cecf":"f.F34A9C30008BD60ECF93DB5E8BBA230A.d.F4DC1F2357382E3651E08460169AA338.e.11804"},"getText",[]]}
RESULT: {"script":"<script> [6424 bytes]","args":[{"element-6066-11e4-a52e-4f735466cecf":"f.F34A9C30008BD60ECF93DB5E8BBA230A.d.F4DC1F2357382E3651E08460169AA338.e.11804"},"getText",[]]}
COMMAND: POST /session/7a77e4e78ab7f053ff1399b1683134e1/execute/async - {"script":"<script> [1562 bytes]","args":[{"selector":{"controlType":"sap.m.ObjectStatus","viewName":"etm.portal.ui.managerequests.view.Detail","bindingPath":{"path":"/RequestHeaders('20133')","propertyPath":"LINK_TO_STATUS/DESCRIPTION","modelName":"catalogModel"}},"wdio_ui5_key":"etmportal.ui.managerequests.view.Detailsap.m.ObjectStatus{\"path\":\"/RequestHeaders('20133')\",\"propertyPath\":\"LINK_TO_STATUS/DESCRIPTION\",\"modelName\":\"catalogModel\"}"}]}
RESULT: {"script":"<script> [1562 bytes]","args":[{"selector":{"controlType":"sap.m.ObjectStatus","viewName":"etm.portal.ui.managerequests.view.Detail","bindingPath":{"path":"/RequestHeaders('20133')","propertyPath":"LINK_TO_STATUS/DESCRIPTION","modelName":"catalogModel"}},"wdio_ui5_key":"etmportal.ui.managerequests.view.Detailsap.m.ObjectStatus{\"path\":\"/RequestHeaders('20133')\",\"propertyPath\":\"LINK_TO_STATUS/DESCRIPTION\",\"modelName\":\"catalogModel\"}"}]}
RESULT: undefined
COMMAND: POST /session/7a77e4e78ab7f053ff1399b1683134e1/execute/async - {"script":"<script> [6424 bytes]","args":[{"element-6066-11e4-a52e-4f735466cecf":"f.F34A9C30008BD60ECF93DB5E8BBA230A.d.F4DC1F2357382E3651E08460169AA338.e.11805"},"getText",[]]}
RESULT: {"script":"<script> [6424 bytes]","args":[{"element-6066-11e4-a52e-4f735466cecf":"f.F34A9C30008BD60ECF93DB5E8BBA230A.d.F4DC1F2357382E3651E08460169AA338.e.11805"},"getText",[]]}
COMMAND: POST /session/7a77e4e78ab7f053ff1399b1683134e1/element - {"using":"css selector","value":"#shell-header-logo"}
RESULT: {"using":"css selector","value":"#shell-header-logo"}
COMMAND: POST /session/7a77e4e78ab7f053ff1399b1683134e1/element/f.F34A9C30008BD60ECF93DB5E8BBA230A.d.F4DC1F2357382E3651E08460169AA338.e.11599/click - {}
RESULT: {}
COMMAND: GET /session/7a77e4e78ab7f053ff1399b1683134e1/screenshot - {}
RESULT: {}
]]></system-out>
    </testcase>
  </testsuite>
  <testsuite timestamp="2025-05-16T16:17:50" time="456.271" tests="4" failures="0" errors="0" skipped="0">
    <properties>
      <property name="specId" value="0" />
      <property name="suiteName" value="Process request items into an existing quotation US120163" />
      <property name="capabilities" value="chrome.136_0_7103_93.windows" />
      <property name="file" value="file:///D:/a/1/s/test/specs/R2C/process-request-items-into-existing-quotation.spec.js" />
    </properties>
    <testcase classname="chrome.136_0_7103_93.windows.Process_request_items_into_an_existing_quotation_US120163" name="Should create a new quotation" time="107.566">
      <system-out><![CDATA[
COMMAND: POST /session/7a77e4e78ab7f053ff1399b1683134e1/execute/async - {"script":"<script> [1562 bytes]","args":[{"selector":{"controlType":"sap.m.GenericTile","properties":{"header":"Manage Quotations"}},"wdio_ui5_key":"sapm.GenericTile{\"header\":\"Manage Quotations\"}"}]}
RESULT: {"script":"<script> [1562 bytes]","args":[{"selector":{"controlType":"sap.m.GenericTile","properties":{"header":"Manage Quotations"}},"wdio_ui5_key":"sapm.GenericTile{\"header\":\"Manage Quotations\"}"}]}
RESULT: undefined
COMMAND: POST /session/7a77e4e78ab7f053ff1399b1683134e1/element - {"using":"xpath","value":"//*[@id=\"__tile131\"]"}
RESULT: {"using":"xpath","value":"//*[@id=\"__tile131\"]"}
COMMAND: POST /session/7a77e4e78ab7f053ff1399b1683134e1/element/f.F34A9C30008BD60ECF93DB5E8BBA230A.d.F4DC1F2357382E3651E08460169AA338.e.11820/click - {}
RESULT: {}
COMMAND: GET /session/7a77e4e78ab7f053ff1399b1683134e1/screenshot - {}
RESULT: {}
COMMAND: POST /session/7a77e4e78ab7f053ff1399b1683134e1/elements - {"using":"xpath","value":"//span[text()='Error']"}
RESULT: {"using":"xpath","value":"//span[text()='Error']"}
COMMAND: POST /session/7a77e4e78ab7f053ff1399b1683134e1/element - {"using":"xpath","value":"//button[contains(@title ,\"Add New Contract\")]"}
RESULT: {"using":"xpath","value":"//button[contains(@title ,\"Add New Contract\")]"}
COMMAND: POST /session/7a77e4e78ab7f053ff1399b1683134e1/element/f.F34A9C30008BD60ECF93DB5E8BBA230A.d.F4DC1F2357382E3651E08460169AA338.e.11861/click - {}
RESULT: {}
COMMAND: GET /session/7a77e4e78ab7f053ff1399b1683134e1/screenshot - {}
RESULT: {}
COMMAND: POST /session/7a77e4e78ab7f053ff1399b1683134e1/element - {"using":"xpath","value":"//input[contains(@id ,\"application-managequotations-display-component---AddNewContract--projectDescription-inner\")]"}
RESULT: {"using":"xpath","value":"//input[contains(@id ,\"application-managequotations-display-component---AddNewContract--projectDescription-inner\")]"}
COMMAND: POST /session/7a77e4e78ab7f053ff1399b1683134e1/element/f.F34A9C30008BD60ECF93DB5E8BBA230A.d.F4DC1F2357382E3651E08460169AA338.e.12159/value - {"text":"WdIOQuotationpq1j6"}
RESULT: {"text":"WdIOQuotationpq1j6"}
COMMAND: GET /session/7a77e4e78ab7f053ff1399b1683134e1/screenshot - {}
RESULT: {}
COMMAND: POST /session/7a77e4e78ab7f053ff1399b1683134e1/element - {"using":"xpath","value":"//input[contains(@id ,\"application-managequotations-display-component---AddNewContract--yardId-inner\")]"}
RESULT: {"using":"xpath","value":"//input[contains(@id ,\"application-managequotations-display-component---AddNewContract--yardId-inner\")]"}
COMMAND: POST /session/7a77e4e78ab7f053ff1399b1683134e1/element/f.F34A9C30008BD60ECF93DB5E8BBA230A.d.F4DC1F2357382E3651E08460169AA338.e.12162/value - {"text":"WebdriverYardgb2jc"}
RESULT: {"text":"WebdriverYardgb2jc"}
COMMAND: GET /session/7a77e4e78ab7f053ff1399b1683134e1/screenshot - {}
RESULT: {}
COMMAND: POST /session/7a77e4e78ab7f053ff1399b1683134e1/actions - {"actions":[{"id":"action92","type":"key","parameters":{},"actions":[{"type":"keyDown","value":"î€‡"},{"type":"pause","duration":10},{"type":"keyUp","value":"î€‡"}]}]}
RESULT: {"actions":[{"id":"action92","type":"key","parameters":{},"actions":[{"type":"keyDown","value":"î€‡"},{"type":"pause","duration":10},{"type":"keyUp","value":"î€‡"}]}]}
COMMAND: GET /session/7a77e4e78ab7f053ff1399b1683134e1/screenshot - {}
RESULT: {}
COMMAND: POST /session/7a77e4e78ab7f053ff1399b1683134e1/element - {"using":"xpath","value":"//input[contains(@id ,\"application-managequotations-display-component---AddNewContract--customerSelect-inner\")]"}
RESULT: {"using":"xpath","value":"//input[contains(@id ,\"application-managequotations-display-component---AddNewContract--customerSelect-inner\")]"}
COMMAND: POST /session/7a77e4e78ab7f053ff1399b1683134e1/element/f.F34A9C30008BD60ECF93DB5E8BBA230A.d.F4DC1F2357382E3651E08460169AA338.e.12160/value - {"text":"WebdriverPartnerrl9mi"}
RESULT: {"text":"WebdriverPartnerrl9mi"}
COMMAND: GET /session/7a77e4e78ab7f053ff1399b1683134e1/screenshot - {}
RESULT: {}
COMMAND: POST /session/7a77e4e78ab7f053ff1399b1683134e1/actions - {"actions":[{"id":"action93","type":"key","parameters":{},"actions":[{"type":"keyDown","value":"î€‡"},{"type":"pause","duration":10},{"type":"keyUp","value":"î€‡"}]}]}
RESULT: {"actions":[{"id":"action93","type":"key","parameters":{},"actions":[{"type":"keyDown","value":"î€‡"},{"type":"pause","duration":10},{"type":"keyUp","value":"î€‡"}]}]}
COMMAND: GET /session/7a77e4e78ab7f053ff1399b1683134e1/screenshot - {}
RESULT: {}
COMMAND: POST /session/7a77e4e78ab7f053ff1399b1683134e1/element - {"using":"xpath","value":"//input[contains(@id ,\"application-managequotations-display-component---AddNewContract--site-inner\")]"}
RESULT: {"using":"xpath","value":"//input[contains(@id ,\"application-managequotations-display-component---AddNewContract--site-inner\")]"}
COMMAND: POST /session/7a77e4e78ab7f053ff1399b1683134e1/element/f.F34A9C30008BD60ECF93DB5E8BBA230A.d.F4DC1F2357382E3651E08460169AA338.e.12161/value - {"text":"WebdriverSitesv4mj"}
RESULT: {"text":"WebdriverSitesv4mj"}
COMMAND: GET /session/7a77e4e78ab7f053ff1399b1683134e1/screenshot - {}
RESULT: {}
COMMAND: POST /session/7a77e4e78ab7f053ff1399b1683134e1/actions - {"actions":[{"id":"action94","type":"key","parameters":{},"actions":[{"type":"keyDown","value":"î€‡"},{"type":"pause","duration":10},{"type":"keyUp","value":"î€‡"}]}]}
RESULT: {"actions":[{"id":"action94","type":"key","parameters":{},"actions":[{"type":"keyDown","value":"î€‡"},{"type":"pause","duration":10},{"type":"keyUp","value":"î€‡"}]}]}
COMMAND: GET /session/7a77e4e78ab7f053ff1399b1683134e1/screenshot - {}
RESULT: {}
COMMAND: POST /session/7a77e4e78ab7f053ff1399b1683134e1/element - {"using":"xpath","value":"//bdi[contains(text(), \"Save\")]"}
RESULT: {"using":"xpath","value":"//bdi[contains(text(), \"Save\")]"}
COMMAND: POST /session/7a77e4e78ab7f053ff1399b1683134e1/element/f.F34A9C30008BD60ECF93DB5E8BBA230A.d.F4DC1F2357382E3651E08460169AA338.e.12204/click - {}
RESULT: {}
COMMAND: GET /session/7a77e4e78ab7f053ff1399b1683134e1/screenshot - {}
RESULT: {}
COMMAND: POST /session/7a77e4e78ab7f053ff1399b1683134e1/element - {"using":"css selector","value":"#shell-header-logo"}
RESULT: {"using":"css selector","value":"#shell-header-logo"}
COMMAND: POST /session/7a77e4e78ab7f053ff1399b1683134e1/element/f.F34A9C30008BD60ECF93DB5E8BBA230A.d.F4DC1F2357382E3651E08460169AA338.e.11822/click - {}
RESULT: {}
COMMAND: GET /session/7a77e4e78ab7f053ff1399b1683134e1/screenshot - {}
RESULT: {}
COMMAND: POST /session/7a77e4e78ab7f053ff1399b1683134e1/refresh - {}
RESULT: {}
COMMAND: GET /session/7a77e4e78ab7f053ff1399b1683134e1/screenshot - {}
RESULT: {}
COMMAND: POST /session/7a77e4e78ab7f053ff1399b1683134e1/execute/async - {"script":"<script> [189 bytes]","args":[]}
RESULT: {"script":"<script> [189 bytes]","args":[]}
COMMAND: POST /session/7a77e4e78ab7f053ff1399b1683134e1/execute/async - {"script":"<script> [123 bytes]","args":[]}
RESULT: {"script":"<script> [123 bytes]","args":[]}
COMMAND: POST /session/7a77e4e78ab7f053ff1399b1683134e1/timeouts - {"script":"<number>"}
RESULT: {"script":"<number>"}
COMMAND: GET /session/7a77e4e78ab7f053ff1399b1683134e1/timeouts - {}
RESULT: {}
RESULT: undefined
COMMAND: POST /session/7a77e4e78ab7f053ff1399b1683134e1/execute/async - {"script":"<script> [2676 bytes]","args":[]}
RESULT: {"script":"<script> [2676 bytes]","args":[]}
COMMAND: POST /session/7a77e4e78ab7f053ff1399b1683134e1/execute/async - {"script":"<script> [2342 bytes]","args":[{"protocol":"http","hostname":"0.0.0.0","path":"/","capabilities":{"browserName":"chrome","goog:chromeOptions":{"binary":"C:\\Program Files\\Google\\Chrome\\Application\\chrome.exe","args":["--start-maximized"]}},"logLevel":"warn","connectionRetryTimeout":120000,"connectionRetryCount":3,"logLevels":{},"enableDirectConnect":true,"strictSSL":true,"_":"65 more keys: [\"cacheDir\",\"port\",\"requestedCapabilities\",\"automationProtocol\",\"baseUrl\",\"waitforInterval\",\"waitforTimeout\",\"onReload\",\"beforeCommand\",\"afterCommand\",\"rootDir\",\"specs\",\"suites\",\"exclude\",\"groupLogsByTestSpec\",\"excludeDriverLogs\",\"bail\",\"framework\",\"reporters\",\"services\",\"maxInstances\",\"maxInstancesPerCapability\",\"injectGlobals\",\"filesToWatch\",\"execArgv\",\"runnerEnv\",\"runner\",\"shard\",\"specFileRetries\",\"specFileRetriesDelay\",\"specFileRetriesDeferred\",\"reporterSyncInterval\",\"reporterSyncTimeout\",\"cucumberFeaturesWithLineNumbers\",\"autoCompileOpts\",\"mochaOpts\",\"jasmineOpts\",\"cucumberOpts\",\"onPrepare\",\"onWorkerStart\",\"onWorkerEnd\",\"before\",\"beforeSession\",\"beforeSuite\",\"beforeHook\",\"beforeTest\",\"afterTest\",\"afterHook\",\"afterSuite\",\"afterSession\",\"after\",\"onComplete\",\"beforeAssertion\",\"afterAssertion\",\"beforeFeature\",\"beforeScenario\",\"beforeStep\",\"afterStep\",\"afterScenario\",\"afterFeature\",\"_\",\"suite\",\"$0\",\"ignoredWorkerServices\",\"wdi5\"]"}]}
RESULT: {"script":"<script> [2342 bytes]","args":[{"protocol":"http","hostname":"0.0.0.0","path":"/","capabilities":{"browserName":"chrome","goog:chromeOptions":{"binary":"C:\\Program Files\\Google\\Chrome\\Application\\chrome.exe","args":["--start-maximized"]}},"logLevel":"warn","connectionRetryTimeout":120000,"connectionRetryCount":3,"logLevels":{},"enableDirectConnect":true,"strictSSL":true,"_":"65 more keys: [\"cacheDir\",\"port\",\"requestedCapabilities\",\"automationProtocol\",\"baseUrl\",\"waitforInterval\",\"waitforTimeout\",\"onReload\",\"beforeCommand\",\"afterCommand\",\"rootDir\",\"specs\",\"suites\",\"exclude\",\"groupLogsByTestSpec\",\"excludeDriverLogs\",\"bail\",\"framework\",\"reporters\",\"services\",\"maxInstances\",\"maxInstancesPerCapability\",\"injectGlobals\",\"filesToWatch\",\"execArgv\",\"runnerEnv\",\"runner\",\"shard\",\"specFileRetries\",\"specFileRetriesDelay\",\"specFileRetriesDeferred\",\"reporterSyncInterval\",\"reporterSyncTimeout\",\"cucumberFeaturesWithLineNumbers\",\"autoCompileOpts\",\"mochaOpts\",\"jasmineOpts\",\"cucumberOpts\",\"onPrepare\",\"onWorkerStart\",\"onWorkerEnd\",\"before\",\"beforeSession\",\"beforeSuite\",\"beforeHook\",\"beforeTest\",\"afterTest\",\"afterHook\",\"afterSuite\",\"afterSession\",\"after\",\"onComplete\",\"beforeAssertion\",\"afterAssertion\",\"beforeFeature\",\"beforeScenario\",\"beforeStep\",\"afterStep\",\"afterScenario\",\"afterFeature\",\"_\",\"suite\",\"$0\",\"ignoredWorkerServices\",\"wdi5\"]"}]}
COMMAND: POST /session/7a77e4e78ab7f053ff1399b1683134e1/execute/async - {"script":"<script> [21126 bytes]","args":[35000]}
RESULT: {"script":"<script> [21126 bytes]","args":[35000]}
]]></system-out>
    </testcase>
    <testcase classname="chrome.136_0_7103_93.windows.Process_request_items_into_an_existing_quotation_US120163" name="Should create a new request with catalog items and plan it" time="234.845">
      <system-out><![CDATA[
COMMAND: POST /session/7a77e4e78ab7f053ff1399b1683134e1/execute/async - {"script":"<script> [1562 bytes]","args":[{"selector":{"controlType":"sap.m.GenericTile","properties":{"header":"Manage Requests"}},"wdio_ui5_key":"sapm.GenericTile{\"header\":\"Manage Requests\"}"}]}
RESULT: {"script":"<script> [1562 bytes]","args":[{"selector":{"controlType":"sap.m.GenericTile","properties":{"header":"Manage Requests"}},"wdio_ui5_key":"sapm.GenericTile{\"header\":\"Manage Requests\"}"}]}
RESULT: undefined
COMMAND: POST /session/7a77e4e78ab7f053ff1399b1683134e1/element - {"using":"xpath","value":"//*[@id=\"__tile47\"]"}
RESULT: {"using":"xpath","value":"//*[@id=\"__tile47\"]"}
COMMAND: POST /session/7a77e4e78ab7f053ff1399b1683134e1/element/f.F34A9C30008BD60ECF93DB5E8BBA230A.d.AABFABEB15D9400D1B25BBFAC359134F.e.12292/click - {}
RESULT: {}
COMMAND: GET /session/7a77e4e78ab7f053ff1399b1683134e1/screenshot - {}
RESULT: {}
COMMAND: POST /session/7a77e4e78ab7f053ff1399b1683134e1/elements - {"using":"xpath","value":"//span[text()='Error']"}
RESULT: {"using":"xpath","value":"//span[text()='Error']"}
COMMAND: POST /session/7a77e4e78ab7f053ff1399b1683134e1/element - {"using":"xpath","value":"(//span[contains(@class ,\"sapMObjStatusText\")])[1]"}
RESULT: {"using":"xpath","value":"(//span[contains(@class ,\"sapMObjStatusText\")])[1]"}
COMMAND: POST /session/7a77e4e78ab7f053ff1399b1683134e1/execute/sync - {"script":"<script> [8489 bytes]","args":[{"element-6066-11e4-a52e-4f735466cecf":"f.F34A9C30008BD60ECF93DB5E8BBA230A.d.AABFABEB15D9400D1B25BBFAC359134F.e.12391","ELEMENT":"f.F34A9C30008BD60ECF93DB5E8BBA230A.d.AABFABEB15D9400D1B25BBFAC359134F.e.12391"}]}
RESULT: {"script":"<script> [8489 bytes]","args":[{"element-6066-11e4-a52e-4f735466cecf":"f.F34A9C30008BD60ECF93DB5E8BBA230A.d.AABFABEB15D9400D1B25BBFAC359134F.e.12391","ELEMENT":"f.F34A9C30008BD60ECF93DB5E8BBA230A.d.AABFABEB15D9400D1B25BBFAC359134F.e.12391"}]}
COMMAND: POST /session/7a77e4e78ab7f053ff1399b1683134e1/element - {"using":"xpath","value":"//button[contains(@data-kt ,\"btnCreateNewOverflowToolbarButton\")]"}
COMMAND: GET /session/7a77e4e78ab7f053ff1399b1683134e1/screenshot - {}
RESULT: {"using":"xpath","value":"//button[contains(@data-kt ,\"btnCreateNewOverflowToolbarButton\")]"}
COMMAND: POST /session/7a77e4e78ab7f053ff1399b1683134e1/element/f.F34A9C30008BD60ECF93DB5E8BBA230A.d.AABFABEB15D9400D1B25BBFAC359134F.e.12349/click - {}
RESULT: {}
RESULT: {}
COMMAND: GET /session/7a77e4e78ab7f053ff1399b1683134e1/screenshot - {}
RESULT: {}
COMMAND: POST /session/7a77e4e78ab7f053ff1399b1683134e1/element - {"using":"xpath","value":"//input[contains(@id ,\"yardId-inner\")]"}
RESULT: {"using":"xpath","value":"//input[contains(@id ,\"yardId-inner\")]"}
COMMAND: POST /session/7a77e4e78ab7f053ff1399b1683134e1/execute/sync - {"script":"<script> [8489 bytes]","args":[{"element-6066-11e4-a52e-4f735466cecf":"f.F34A9C30008BD60ECF93DB5E8BBA230A.d.AABFABEB15D9400D1B25BBFAC359134F.e.12475","ELEMENT":"f.F34A9C30008BD60ECF93DB5E8BBA230A.d.AABFABEB15D9400D1B25BBFAC359134F.e.12475"}]}
RESULT: {"script":"<script> [8489 bytes]","args":[{"element-6066-11e4-a52e-4f735466cecf":"f.F34A9C30008BD60ECF93DB5E8BBA230A.d.AABFABEB15D9400D1B25BBFAC359134F.e.12475","ELEMENT":"f.F34A9C30008BD60ECF93DB5E8BBA230A.d.AABFABEB15D9400D1B25BBFAC359134F.e.12475"}]}
COMMAND: POST /session/7a77e4e78ab7f053ff1399b1683134e1/element - {"using":"xpath","value":"//input[contains(@id ,\"yardId-inner\")]"}
COMMAND: GET /session/7a77e4e78ab7f053ff1399b1683134e1/screenshot - {}
RESULT: {"using":"xpath","value":"//input[contains(@id ,\"yardId-inner\")]"}
COMMAND: GET /session/7a77e4e78ab7f053ff1399b1683134e1/element/f.F34A9C30008BD60ECF93DB5E8BBA230A.d.AABFABEB15D9400D1B25BBFAC359134F.e.12475/enabled - {}
RESULT: {}
RESULT: {}
COMMAND: POST /session/7a77e4e78ab7f053ff1399b1683134e1/element/f.F34A9C30008BD60ECF93DB5E8BBA230A.d.AABFABEB15D9400D1B25BBFAC359134F.e.12475/clear - {}
COMMAND: GET /session/7a77e4e78ab7f053ff1399b1683134e1/screenshot - {}
RESULT: {}
COMMAND: POST /session/7a77e4e78ab7f053ff1399b1683134e1/element/f.F34A9C30008BD60ECF93DB5E8BBA230A.d.AABFABEB15D9400D1B25BBFAC359134F.e.12475/value - {"text":"WebdriverYardgb2jc"}
COMMAND: GET /session/7a77e4e78ab7f053ff1399b1683134e1/screenshot - {}
RESULT: {}
RESULT: {"text":"WebdriverYardgb2jc"}
COMMAND: GET /session/7a77e4e78ab7f053ff1399b1683134e1/screenshot - {}
RESULT: {}
RESULT: {}
COMMAND: POST /session/7a77e4e78ab7f053ff1399b1683134e1/actions - {"actions":[{"id":"action95","type":"key","parameters":{},"actions":[{"type":"keyDown","value":"î€‡"},{"type":"pause","duration":10},{"type":"keyUp","value":"î€‡"}]}]}
RESULT: {"actions":[{"id":"action95","type":"key","parameters":{},"actions":[{"type":"keyDown","value":"î€‡"},{"type":"pause","duration":10},{"type":"keyUp","value":"î€‡"}]}]}
COMMAND: GET /session/7a77e4e78ab7f053ff1399b1683134e1/screenshot - {}
RESULT: {}
COMMAND: POST /session/7a77e4e78ab7f053ff1399b1683134e1/element - {"using":"xpath","value":"//input[contains(@id ,\"customerNumber-inner\")]"}
RESULT: {"using":"xpath","value":"//input[contains(@id ,\"customerNumber-inner\")]"}
COMMAND: POST /session/7a77e4e78ab7f053ff1399b1683134e1/element/f.F34A9C30008BD60ECF93DB5E8BBA230A.d.AABFABEB15D9400D1B25BBFAC359134F.e.12471/value - {"text":"WebdriverPartnerrl9mi"}
RESULT: {"text":"WebdriverPartnerrl9mi"}
COMMAND: GET /session/7a77e4e78ab7f053ff1399b1683134e1/screenshot - {}
RESULT: {}
COMMAND: POST /session/7a77e4e78ab7f053ff1399b1683134e1/actions - {"actions":[{"id":"action96","type":"key","parameters":{},"actions":[{"type":"keyDown","value":"î€‡"},{"type":"pause","duration":10},{"type":"keyUp","value":"î€‡"}]}]}
RESULT: {"actions":[{"id":"action96","type":"key","parameters":{},"actions":[{"type":"keyDown","value":"î€‡"},{"type":"pause","duration":10},{"type":"keyUp","value":"î€‡"}]}]}
COMMAND: GET /session/7a77e4e78ab7f053ff1399b1683134e1/screenshot - {}
RESULT: {}
COMMAND: GET /session/7a77e4e78ab7f053ff1399b1683134e1/element/f.F34A9C30008BD60ECF93DB5E8BBA230A.d.AABFABEB15D9400D1B25BBFAC359134F.e.12471/property/value - {}
RESULT: {}
COMMAND: POST /session/7a77e4e78ab7f053ff1399b1683134e1/element/f.F34A9C30008BD60ECF93DB5E8BBA230A.d.AABFABEB15D9400D1B25BBFAC359134F.e.12471/value - {"text":"WebdriverPartnerrl9mi"}
COMMAND: GET /session/7a77e4e78ab7f053ff1399b1683134e1/screenshot - {}
RESULT: {"text":"WebdriverPartnerrl9mi"}
COMMAND: GET /session/7a77e4e78ab7f053ff1399b1683134e1/screenshot - {}
RESULT: {}
RESULT: {}
COMMAND: POST /session/7a77e4e78ab7f053ff1399b1683134e1/actions - {"actions":[{"id":"action97","type":"key","parameters":{},"actions":[{"type":"keyDown","value":"î€‡"},{"type":"pause","duration":10},{"type":"keyUp","value":"î€‡"}]}]}
RESULT: {"actions":[{"id":"action97","type":"key","parameters":{},"actions":[{"type":"keyDown","value":"î€‡"},{"type":"pause","duration":10},{"type":"keyUp","value":"î€‡"}]}]}
COMMAND: GET /session/7a77e4e78ab7f053ff1399b1683134e1/screenshot - {}
RESULT: {}
COMMAND: POST /session/7a77e4e78ab7f053ff1399b1683134e1/element - {"using":"xpath","value":"//input[contains(@id ,\"requestSiteId-inner\")]"}
RESULT: {"using":"xpath","value":"//input[contains(@id ,\"requestSiteId-inner\")]"}
COMMAND: POST /session/7a77e4e78ab7f053ff1399b1683134e1/element/f.F34A9C30008BD60ECF93DB5E8BBA230A.d.AABFABEB15D9400D1B25BBFAC359134F.e.12470/value - {"text":"WebdriverSitesv4mj"}
RESULT: {"text":"WebdriverSitesv4mj"}
COMMAND: GET /session/7a77e4e78ab7f053ff1399b1683134e1/screenshot - {}
RESULT: {}
COMMAND: POST /session/7a77e4e78ab7f053ff1399b1683134e1/actions - {"actions":[{"id":"action98","type":"key","parameters":{},"actions":[{"type":"keyDown","value":"î€‡"},{"type":"pause","duration":10},{"type":"keyUp","value":"î€‡"}]}]}
RESULT: {"actions":[{"id":"action98","type":"key","parameters":{},"actions":[{"type":"keyDown","value":"î€‡"},{"type":"pause","duration":10},{"type":"keyUp","value":"î€‡"}]}]}
COMMAND: GET /session/7a77e4e78ab7f053ff1399b1683134e1/screenshot - {}
RESULT: {}
COMMAND: POST /session/7a77e4e78ab7f053ff1399b1683134e1/element - {"using":"xpath","value":"//button[contains(@data-kt ,\"requestItemAddOverflowToolbarButton\")]"}
RESULT: {"using":"xpath","value":"//button[contains(@data-kt ,\"requestItemAddOverflowToolbarButton\")]"}
COMMAND: POST /session/7a77e4e78ab7f053ff1399b1683134e1/element/f.F34A9C30008BD60ECF93DB5E8BBA230A.d.AABFABEB15D9400D1B25BBFAC359134F.e.12658/click - {}
RESULT: {}
COMMAND: GET /session/7a77e4e78ab7f053ff1399b1683134e1/screenshot - {}
RESULT: {}
COMMAND: POST /session/7a77e4e78ab7f053ff1399b1683134e1/actions - {"actions":[{"id":"action99","type":"key","parameters":{},"actions":[{"type":"keyDown","value":"î€•"},{"type":"pause","duration":10},{"type":"keyUp","value":"î€•"}]}]}
RESULT: {"actions":[{"id":"action99","type":"key","parameters":{},"actions":[{"type":"keyDown","value":"î€•"},{"type":"pause","duration":10},{"type":"keyUp","value":"î€•"}]}]}
COMMAND: POST /session/7a77e4e78ab7f053ff1399b1683134e1/actions - {"actions":[{"id":"action100","type":"key","parameters":{},"actions":[{"type":"keyDown","value":"î€‡"},{"type":"pause","duration":10},{"type":"keyUp","value":"î€‡"}]}]}
COMMAND: GET /session/7a77e4e78ab7f053ff1399b1683134e1/screenshot - {}
RESULT: {"actions":[{"id":"action100","type":"key","parameters":{},"actions":[{"type":"keyDown","value":"î€‡"},{"type":"pause","duration":10},{"type":"keyUp","value":"î€‡"}]}]}
COMMAND: GET /session/7a77e4e78ab7f053ff1399b1683134e1/screenshot - {}
RESULT: {}
RESULT: {}
COMMAND: POST /session/7a77e4e78ab7f053ff1399b1683134e1/element - {"using":"xpath","value":"(//input[contains(@id ,\"requestItemsTable-0-inner\")])[1]"}
RESULT: {"using":"xpath","value":"(//input[contains(@id ,\"requestItemsTable-0-inner\")])[1]"}
COMMAND: POST /session/7a77e4e78ab7f053ff1399b1683134e1/element/f.F34A9C30008BD60ECF93DB5E8BBA230A.d.AABFABEB15D9400D1B25BBFAC359134F.e.12662/clear - {}
RESULT: {}
COMMAND: POST /session/7a77e4e78ab7f053ff1399b1683134e1/element/f.F34A9C30008BD60ECF93DB5E8BBA230A.d.AABFABEB15D9400D1B25BBFAC359134F.e.12662/value - {"text":"catalogItemyb67h"}
COMMAND: GET /session/7a77e4e78ab7f053ff1399b1683134e1/screenshot - {}
RESULT: {"text":"catalogItemyb67h"}
COMMAND: GET /session/7a77e4e78ab7f053ff1399b1683134e1/screenshot - {}
RESULT: {}
RESULT: {}
COMMAND: POST /session/7a77e4e78ab7f053ff1399b1683134e1/actions - {"actions":[{"id":"action101","type":"key","parameters":{},"actions":[{"type":"keyDown","value":"î€‡"},{"type":"pause","duration":10},{"type":"keyUp","value":"î€‡"}]}]}
RESULT: {"actions":[{"id":"action101","type":"key","parameters":{},"actions":[{"type":"keyDown","value":"î€‡"},{"type":"pause","duration":10},{"type":"keyUp","value":"î€‡"}]}]}
COMMAND: GET /session/7a77e4e78ab7f053ff1399b1683134e1/screenshot - {}
RESULT: {}
COMMAND: POST /session/7a77e4e78ab7f053ff1399b1683134e1/execute/async - {"script":"<script> [1562 bytes]","args":[{"selector":{"controlType":"sap.ui.core.Icon","viewName":"etm.portal.ui.managerequests.view.NewRequest","properties":{"src":{"regex":{"source":"slim\\-arrow\\-down"}}},"ancestor":{"controlType":"sap.m.Button","viewName":"etm.portal.ui.managerequests.view.NewRequest","properties":{"icon":"sap-icon://slim-arrow-down"}}},"wdio_ui5_key":"etmportal.ui.managerequests.view.NewRequestsap.ui.core.Icon{\"src\":{\"regex\":{\"source\":\"slim\\\\-arrow\\\\-down\"}}}{\"controlType\":\"sap.m.Button\",\"viewName\":\"etm.portal.ui.managerequests.view.NewRequest\",\"properties\":{\"icon\":\"sap-icon://slim-arrow-down\"}}"}]}
RESULT: {"script":"<script> [1562 bytes]","args":[{"selector":{"controlType":"sap.ui.core.Icon","viewName":"etm.portal.ui.managerequests.view.NewRequest","properties":{"src":{"regex":{"source":"slim\\-arrow\\-down"}}},"ancestor":{"controlType":"sap.m.Button","viewName":"etm.portal.ui.managerequests.view.NewRequest","properties":{"icon":"sap-icon://slim-arrow-down"}}},"wdio_ui5_key":"etmportal.ui.managerequests.view.NewRequestsap.ui.core.Icon{\"src\":{\"regex\":{\"source\":\"slim\\\\-arrow\\\\-down\"}}}{\"controlType\":\"sap.m.Button\",\"viewName\":\"etm.portal.ui.managerequests.view.NewRequest\",\"properties\":{\"icon\":\"sap-icon://slim-arrow-down\"}}"}]}
RESULT: undefined
COMMAND: POST /session/7a77e4e78ab7f053ff1399b1683134e1/element - {"using":"xpath","value":"//div[contains(@data-kt ,\"splitAllocationObjectStatus\")]"}
RESULT: {"using":"xpath","value":"//div[contains(@data-kt ,\"splitAllocationObjectStatus\")]"}
COMMAND: POST /session/7a77e4e78ab7f053ff1399b1683134e1/elements - {"using":"xpath","value":"//div[contains(@data-kt ,\"splitAllocationObjectStatus\")]"}
RESULT: {"using":"xpath","value":"//div[contains(@data-kt ,\"splitAllocationObjectStatus\")]"}
COMMAND: POST /session/7a77e4e78ab7f053ff1399b1683134e1/execute/async - {"script":"<script> [1562 bytes]","args":[{"selector":{"controlType":"sap.ui.core.Icon","viewName":"etm.portal.ui.managerequests.view.NewRequest","properties":{"src":{"regex":{"source":"message\\-error"}}}},"wdio_ui5_key":"etmportal.ui.managerequests.view.NewRequestsap.ui.core.Icon{\"src\":{\"regex\":{\"source\":\"message\\\\-error\"}}}"}]}
RESULT: {"script":"<script> [1562 bytes]","args":[{"selector":{"controlType":"sap.ui.core.Icon","viewName":"etm.portal.ui.managerequests.view.NewRequest","properties":{"src":{"regex":{"source":"message\\-error"}}}},"wdio_ui5_key":"etmportal.ui.managerequests.view.NewRequestsap.ui.core.Icon{\"src\":{\"regex\":{\"source\":\"message\\\\-error\"}}}"}]}
RESULT: undefined
COMMAND: POST /session/7a77e4e78ab7f053ff1399b1683134e1/element - {"using":"xpath","value":"//*[@id=\"__status4-__xmlview59--requestItemsTable-0-icon\"]"}
RESULT: {"using":"xpath","value":"//*[@id=\"__status4-__xmlview59--requestItemsTable-0-icon\"]"}
COMMAND: POST /session/7a77e4e78ab7f053ff1399b1683134e1/element/f.F34A9C30008BD60ECF93DB5E8BBA230A.d.AABFABEB15D9400D1B25BBFAC359134F.e.12677/click - {}
RESULT: {}
COMMAND: POST /session/7a77e4e78ab7f053ff1399b1683134e1/execute/async - {"script":"<script> [1562 bytes]","args":[{"selector":{"controlType":"sap.ui.core.Icon","viewName":"etm.portal.ui.managerequests.view.NewRequest","properties":{"src":{"regex":{"source":"slim\\-arrow\\-down"}}},"searchOpenDialogs":true,"ancestor":{"id":"costObjectAdminTypeComboBox","viewName":"etm.portal.ui.managerequests.view.NewRequest","searchOpenDialogs":true}},"wdio_ui5_key":"etmportal.ui.managerequests.view.NewRequestsap.ui.core.Icon{\"src\":{\"regex\":{\"source\":\"slim\\\\-arrow\\\\-down\"}}}{\"id\":\"costObjectAdminTypeComboBox\",\"viewName\":\"etm.portal.ui.managerequests.view.NewRequest\",\"searchOpenDialogs\":true}"}]}
COMMAND: GET /session/7a77e4e78ab7f053ff1399b1683134e1/screenshot - {}
RESULT: {"script":"<script> [1562 bytes]","args":[{"selector":{"controlType":"sap.ui.core.Icon","viewName":"etm.portal.ui.managerequests.view.NewRequest","properties":{"src":{"regex":{"source":"slim\\-arrow\\-down"}}},"searchOpenDialogs":true,"ancestor":{"id":"costObjectAdminTypeComboBox","viewName":"etm.portal.ui.managerequests.view.NewRequest","searchOpenDialogs":true}},"wdio_ui5_key":"etmportal.ui.managerequests.view.NewRequestsap.ui.core.Icon{\"src\":{\"regex\":{\"source\":\"slim\\\\-arrow\\\\-down\"}}}{\"id\":\"costObjectAdminTypeComboBox\",\"viewName\":\"etm.portal.ui.managerequests.view.NewRequest\",\"searchOpenDialogs\":true}"}]}
RESULT: undefined
COMMAND: POST /session/7a77e4e78ab7f053ff1399b1683134e1/element - {"using":"xpath","value":"//*[@id=\"__xmlview59--costObjectAdminTypeComboBox-arrow\"]"}
RESULT: {}
RESULT: {"using":"xpath","value":"//*[@id=\"__xmlview59--costObjectAdminTypeComboBox-arrow\"]"}
COMMAND: POST /session/7a77e4e78ab7f053ff1399b1683134e1/element/f.F34A9C30008BD60ECF93DB5E8BBA230A.d.AABFABEB15D9400D1B25BBFAC359134F.e.12682/click - {}
RESULT: {}
COMMAND: POST /session/7a77e4e78ab7f053ff1399b1683134e1/execute/async - {"script":"<script> [1562 bytes]","args":[{"selector":{"controlType":"sap.m.StandardListItem","viewName":"etm.portal.ui.managerequests.view.NewRequest","properties":{"title":"Cost Center"},"searchOpenDialogs":true,"interaction":{"idSuffix":"titleText"}},"wdio_ui5_key":"etmportal.ui.managerequests.view.NewRequestsap.m.StandardListItem{\"title\":\"Cost Center\"}"}]}
COMMAND: GET /session/7a77e4e78ab7f053ff1399b1683134e1/screenshot - {}
RESULT: {"script":"<script> [1562 bytes]","args":[{"selector":{"controlType":"sap.m.StandardListItem","viewName":"etm.portal.ui.managerequests.view.NewRequest","properties":{"title":"Cost Center"},"searchOpenDialogs":true,"interaction":{"idSuffix":"titleText"}},"wdio_ui5_key":"etmportal.ui.managerequests.view.NewRequestsap.m.StandardListItem{\"title\":\"Cost Center\"}"}]}
RESULT: undefined
COMMAND: POST /session/7a77e4e78ab7f053ff1399b1683134e1/element - {"using":"xpath","value":"//*[@id=\"__item643\"]"}
RESULT: {}
RESULT: {"using":"xpath","value":"//*[@id=\"__item643\"]"}
COMMAND: POST /session/7a77e4e78ab7f053ff1399b1683134e1/element/f.F34A9C30008BD60ECF93DB5E8BBA230A.d.AABFABEB15D9400D1B25BBFAC359134F.e.12684/click - {}
RESULT: {}
COMMAND: GET /session/7a77e4e78ab7f053ff1399b1683134e1/screenshot - {}
RESULT: {}
COMMAND: POST /session/7a77e4e78ab7f053ff1399b1683134e1/execute/async - {"script":"<script> [1562 bytes]","args":[{"selector":{"controlType":"sap.ui.core.Icon","viewName":"etm.portal.ui.managerequests.view.NewRequest","properties":{"src":{"regex":{"source":"value\\-help"}}},"searchOpenDialogs":true},"wdio_ui5_key":"etmportal.ui.managerequests.view.NewRequestsap.ui.core.Icon{\"src\":{\"regex\":{\"source\":\"value\\\\-help\"}}}"}]}
RESULT: {"script":"<script> [1562 bytes]","args":[{"selector":{"controlType":"sap.ui.core.Icon","viewName":"etm.portal.ui.managerequests.view.NewRequest","properties":{"src":{"regex":{"source":"value\\-help"}}},"searchOpenDialogs":true},"wdio_ui5_key":"etmportal.ui.managerequests.view.NewRequestsap.ui.core.Icon{\"src\":{\"regex\":{\"source\":\"value\\\\-help\"}}}"}]}
RESULT: undefined
COMMAND: POST /session/7a77e4e78ab7f053ff1399b1683134e1/element - {"using":"xpath","value":"//*[@id=\"__xmlview59--costObjectIdComboBox-vhi\"]"}
RESULT: {"using":"xpath","value":"//*[@id=\"__xmlview59--costObjectIdComboBox-vhi\"]"}
COMMAND: POST /session/7a77e4e78ab7f053ff1399b1683134e1/element/f.F34A9C30008BD60ECF93DB5E8BBA230A.d.AABFABEB15D9400D1B25BBFAC359134F.e.12691/click - {}
RESULT: {}
COMMAND: POST /session/7a77e4e78ab7f053ff1399b1683134e1/execute/async - {"script":"<script> [1562 bytes]","args":[{"selector":{"controlType":"sap.m.SearchField","properties":{"placeholder":"Search"},"searchOpenDialogs":true,"interaction":{"idSuffix":"I"}},"wdio_ui5_key":"sapm.SearchField{\"placeholder\":\"Search\"}"}]}
COMMAND: GET /session/7a77e4e78ab7f053ff1399b1683134e1/screenshot - {}
RESULT: {"script":"<script> [1562 bytes]","args":[{"selector":{"controlType":"sap.m.SearchField","properties":{"placeholder":"Search"},"searchOpenDialogs":true,"interaction":{"idSuffix":"I"}},"wdio_ui5_key":"sapm.SearchField{\"placeholder\":\"Search\"}"}]}
RESULT: undefined
COMMAND: POST /session/7a77e4e78ab7f053ff1399b1683134e1/execute/async - {"script":"<script> [776 bytes]","args":[{"enterText":"10001010","selector":{"controlType":"sap.m.SearchField","properties":{"placeholder":"Search"},"searchOpenDialogs":true,"interaction":{"idSuffix":"I"}},"clearTextFirst":true,"interactionType":"ENTER_TEXT"}]}
RESULT: {}
RESULT: {"script":"<script> [776 bytes]","args":[{"enterText":"10001010","selector":{"controlType":"sap.m.SearchField","properties":{"placeholder":"Search"},"searchOpenDialogs":true,"interaction":{"idSuffix":"I"}},"clearTextFirst":true,"interactionType":"ENTER_TEXT"}]}
COMMAND: POST /session/7a77e4e78ab7f053ff1399b1683134e1/actions - {"actions":[{"id":"action102","type":"key","parameters":{},"actions":[{"type":"keyDown","value":"î€‡"},{"type":"pause","duration":10},{"type":"keyUp","value":"î€‡"}]}]}
RESULT: {"actions":[{"id":"action102","type":"key","parameters":{},"actions":[{"type":"keyDown","value":"î€‡"},{"type":"pause","duration":10},{"type":"keyUp","value":"î€‡"}]}]}
COMMAND: GET /session/7a77e4e78ab7f053ff1399b1683134e1/screenshot - {}
RESULT: {}
COMMAND: POST /session/7a77e4e78ab7f053ff1399b1683134e1/execute/async - {"script":"<script> [1562 bytes]","args":[{"selector":{"controlType":"sap.m.Text","bindingPath":{"path":"/C_CostCtrValueHelp(CostCenter='10001010',ControllingArea='Z001')","propertyPath":"CostCenterName","modelName":"CostCenterModel"},"searchOpenDialogs":true},"wdio_ui5_key":"sapm.Text{\"path\":\"/C_CostCtrValueHelp(CostCenter='10001010',ControllingArea='Z001')\",\"propertyPath\":\"CostCenterName\",\"modelName\":\"CostCenterModel\"}"}]}
RESULT: {"script":"<script> [1562 bytes]","args":[{"selector":{"controlType":"sap.m.Text","bindingPath":{"path":"/C_CostCtrValueHelp(CostCenter='10001010',ControllingArea='Z001')","propertyPath":"CostCenterName","modelName":"CostCenterModel"},"searchOpenDialogs":true},"wdio_ui5_key":"sapm.Text{\"path\":\"/C_CostCtrValueHelp(CostCenter='10001010',ControllingArea='Z001')\",\"propertyPath\":\"CostCenterName\",\"modelName\":\"CostCenterModel\"}"}]}
RESULT: undefined
COMMAND: POST /session/7a77e4e78ab7f053ff1399b1683134e1/element - {"using":"xpath","value":"//*[@id=\"__text287-__clone789\"]"}
RESULT: {"using":"xpath","value":"//*[@id=\"__text287-__clone789\"]"}
COMMAND: POST /session/7a77e4e78ab7f053ff1399b1683134e1/element/f.F34A9C30008BD60ECF93DB5E8BBA230A.d.AABFABEB15D9400D1B25BBFAC359134F.e.12730/click - {}
RESULT: {}
COMMAND: POST /session/7a77e4e78ab7f053ff1399b1683134e1/execute/async - {"script":"<script> [1562 bytes]","args":[{"selector":{"controlType":"sap.m.Button","properties":{"text":"OK"},"searchOpenDialogs":true,"interaction":{"idSuffix":"BDI-content"}},"wdio_ui5_key":"sapm.Button{\"text\":\"OK\"}"}]}
COMMAND: GET /session/7a77e4e78ab7f053ff1399b1683134e1/screenshot - {}
RESULT: {"script":"<script> [1562 bytes]","args":[{"selector":{"controlType":"sap.m.Button","properties":{"text":"OK"},"searchOpenDialogs":true,"interaction":{"idSuffix":"BDI-content"}},"wdio_ui5_key":"sapm.Button{\"text\":\"OK\"}"}]}
RESULT: undefined
COMMAND: POST /session/7a77e4e78ab7f053ff1399b1683134e1/element - {"using":"xpath","value":"//*[@id=\"__dialog1-ok\"]"}
RESULT: {}
RESULT: {"using":"xpath","value":"//*[@id=\"__dialog1-ok\"]"}
COMMAND: POST /session/7a77e4e78ab7f053ff1399b1683134e1/element/f.F34A9C30008BD60ECF93DB5E8BBA230A.d.AABFABEB15D9400D1B25BBFAC359134F.e.12732/click - {}
RESULT: {}
COMMAND: GET /session/7a77e4e78ab7f053ff1399b1683134e1/screenshot - {}
RESULT: {}
COMMAND: POST /session/7a77e4e78ab7f053ff1399b1683134e1/execute/async - {"script":"<script> [1562 bytes]","args":[{"selector":{"controlType":"sap.m.Button","viewName":"etm.portal.ui.managerequests.view.NewRequest","i18NText":{"propertyName":"text","key":"save"},"searchOpenDialogs":true,"interaction":{"idSuffix":"BDI-content"}},"wdio_ui5_key":"etmportal.ui.managerequests.view.NewRequestsap.m.Button{\"propertyName\":\"text\",\"key\":\"save\"}"}]}
RESULT: {"script":"<script> [1562 bytes]","args":[{"selector":{"controlType":"sap.m.Button","viewName":"etm.portal.ui.managerequests.view.NewRequest","i18NText":{"propertyName":"text","key":"save"},"searchOpenDialogs":true,"interaction":{"idSuffix":"BDI-content"}},"wdio_ui5_key":"etmportal.ui.managerequests.view.NewRequestsap.m.Button{\"propertyName\":\"text\",\"key\":\"save\"}"}]}
RESULT: undefined
COMMAND: POST /session/7a77e4e78ab7f053ff1399b1683134e1/element - {"using":"xpath","value":"//*[@id=\"__button22\"]"}
RESULT: {"using":"xpath","value":"//*[@id=\"__button22\"]"}
COMMAND: POST /session/7a77e4e78ab7f053ff1399b1683134e1/element/f.F34A9C30008BD60ECF93DB5E8BBA230A.d.AABFABEB15D9400D1B25BBFAC359134F.e.12736/click - {}
RESULT: {}
COMMAND: GET /session/7a77e4e78ab7f053ff1399b1683134e1/screenshot - {}
RESULT: {}
COMMAND: POST /session/7a77e4e78ab7f053ff1399b1683134e1/element - {"using":"xpath","value":"(//bdi[contains(text() ,\"Save\")])[1]"}
RESULT: {"using":"xpath","value":"(//bdi[contains(text() ,\"Save\")])[1]"}
COMMAND: POST /session/7a77e4e78ab7f053ff1399b1683134e1/element/f.F34A9C30008BD60ECF93DB5E8BBA230A.d.AABFABEB15D9400D1B25BBFAC359134F.e.12738/click - {}
RESULT: {}
COMMAND: GET /session/7a77e4e78ab7f053ff1399b1683134e1/screenshot - {}
RESULT: {}
COMMAND: POST /session/7a77e4e78ab7f053ff1399b1683134e1/execute/async - {"script":"<script> [1562 bytes]","args":[{"selector":{"controlType":"sap.m.Title","properties":{"text":"Success"},"searchOpenDialogs":true},"wdio_ui5_key":"sapm.Title{\"text\":\"Success\"}"}]}
RESULT: {"script":"<script> [1562 bytes]","args":[{"selector":{"controlType":"sap.m.Title","properties":{"text":"Success"},"searchOpenDialogs":true},"wdio_ui5_key":"sapm.Title{\"text\":\"Success\"}"}]}
RESULT: undefined
COMMAND: POST /session/7a77e4e78ab7f053ff1399b1683134e1/execute/async - {"script":"<script> [6424 bytes]","args":[{"element-6066-11e4-a52e-4f735466cecf":"f.F34A9C30008BD60ECF93DB5E8BBA230A.d.AABFABEB15D9400D1B25BBFAC359134F.e.12742"},"getText",[]]}
RESULT: {"script":"<script> [6424 bytes]","args":[{"element-6066-11e4-a52e-4f735466cecf":"f.F34A9C30008BD60ECF93DB5E8BBA230A.d.AABFABEB15D9400D1B25BBFAC359134F.e.12742"},"getText",[]]}
COMMAND: POST /session/7a77e4e78ab7f053ff1399b1683134e1/execute/async - {"script":"<script> [1562 bytes]","args":[{"selector":{"controlType":"sap.m.Button","properties":{"text":"Close"},"searchOpenDialogs":true,"interaction":{"idSuffix":"BDI-content"}},"wdio_ui5_key":"sapm.Button{\"text\":\"Close\"}"}]}
RESULT: {"script":"<script> [1562 bytes]","args":[{"selector":{"controlType":"sap.m.Button","properties":{"text":"Close"},"searchOpenDialogs":true,"interaction":{"idSuffix":"BDI-content"}},"wdio_ui5_key":"sapm.Button{\"text\":\"Close\"}"}]}
RESULT: undefined
COMMAND: POST /session/7a77e4e78ab7f053ff1399b1683134e1/element - {"using":"xpath","value":"//*[@id=\"__mbox-btn-0\"]"}
RESULT: {"using":"xpath","value":"//*[@id=\"__mbox-btn-0\"]"}
COMMAND: POST /session/7a77e4e78ab7f053ff1399b1683134e1/element/f.F34A9C30008BD60ECF93DB5E8BBA230A.d.AABFABEB15D9400D1B25BBFAC359134F.e.12740/click - {}
RESULT: {}
COMMAND: GET /session/7a77e4e78ab7f053ff1399b1683134e1/screenshot - {}
RESULT: {}
COMMAND: POST /session/7a77e4e78ab7f053ff1399b1683134e1/execute/async - {"script":"<script> [1562 bytes]","args":[{"selector":{"controlType":"sap.m.Text","viewName":"etm.portal.ui.managerequests.view.Detail","bindingPath":{"propertyPath":"NO","modelName":"catalogModel"}},"wdio_ui5_key":"etmportal.ui.managerequests.view.Detailsap.m.Text{\"propertyPath\":\"NO\",\"modelName\":\"catalogModel\"}"}]}
RESULT: {"script":"<script> [1562 bytes]","args":[{"selector":{"controlType":"sap.m.Text","viewName":"etm.portal.ui.managerequests.view.Detail","bindingPath":{"propertyPath":"NO","modelName":"catalogModel"}},"wdio_ui5_key":"etmportal.ui.managerequests.view.Detailsap.m.Text{\"propertyPath\":\"NO\",\"modelName\":\"catalogModel\"}"}]}
RESULT: undefined
COMMAND: POST /session/7a77e4e78ab7f053ff1399b1683134e1/execute/async - {"script":"<script> [6424 bytes]","args":[{"element-6066-11e4-a52e-4f735466cecf":"f.F34A9C30008BD60ECF93DB5E8BBA230A.d.AABFABEB15D9400D1B25BBFAC359134F.e.12871"},"getText",[]]}
RESULT: {"script":"<script> [6424 bytes]","args":[{"element-6066-11e4-a52e-4f735466cecf":"f.F34A9C30008BD60ECF93DB5E8BBA230A.d.AABFABEB15D9400D1B25BBFAC359134F.e.12871"},"getText",[]]}
COMMAND: POST /session/7a77e4e78ab7f053ff1399b1683134e1/execute/async - {"script":"<script> [1562 bytes]","args":[{"selector":{"controlType":"sap.ui.core.Icon","viewName":"etm.portal.ui.managerequests.view.Detail","properties":{"src":{"regex":{"source":"date\\-time"}}},"ancestor":{"controlType":"sap.m.ColumnListItem","viewName":"etm.portal.ui.managerequests.view.Detail","bindingPath":{"path":"/SmartRequestItemsPlanningBoard(ITEM=10m,REQUEST='20135')"},"ancestor":{"id":"requestItemsTable","viewName":"etm.portal.ui.managerequests.view.Detail"}}},"wdio_ui5_key":"etmportal.ui.managerequests.view.Detailsap.ui.core.Icon{\"src\":{\"regex\":{\"source\":\"date\\\\-time\"}}}{\"controlType\":\"sap.m.ColumnListItem\",\"viewName\":\"etm.portal.ui.managerequests.view.Detail\",\"bindingPath\":{\"path\":\"/SmartRequestItemsPlanningBoard(ITEM=10m,REQUEST='20135')\"},\"ancestor\":{\"id\":\"requestItemsTable\",\"viewName\":\"etm.portal.ui.managerequests.view.Detail\"}}"}]}
RESULT: {"script":"<script> [1562 bytes]","args":[{"selector":{"controlType":"sap.ui.core.Icon","viewName":"etm.portal.ui.managerequests.view.Detail","properties":{"src":{"regex":{"source":"date\\-time"}}},"ancestor":{"controlType":"sap.m.ColumnListItem","viewName":"etm.portal.ui.managerequests.view.Detail","bindingPath":{"path":"/SmartRequestItemsPlanningBoard(ITEM=10m,REQUEST='20135')"},"ancestor":{"id":"requestItemsTable","viewName":"etm.portal.ui.managerequests.view.Detail"}}},"wdio_ui5_key":"etmportal.ui.managerequests.view.Detailsap.ui.core.Icon{\"src\":{\"regex\":{\"source\":\"date\\\\-time\"}}}{\"controlType\":\"sap.m.ColumnListItem\",\"viewName\":\"etm.portal.ui.managerequests.view.Detail\",\"bindingPath\":{\"path\":\"/SmartRequestItemsPlanningBoard(ITEM=10m,REQUEST='20135')\"},\"ancestor\":{\"id\":\"requestItemsTable\",\"viewName\":\"etm.portal.ui.managerequests.view.Detail\"}}"}]}
RESULT: undefined
COMMAND: POST /session/7a77e4e78ab7f053ff1399b1683134e1/element - {"using":"xpath","value":"//*[@id=\"__button37-__clone828-img\"]"}
RESULT: {"using":"xpath","value":"//*[@id=\"__button37-__clone828-img\"]"}
COMMAND: POST /session/7a77e4e78ab7f053ff1399b1683134e1/element/f.F34A9C30008BD60ECF93DB5E8BBA230A.d.AABFABEB15D9400D1B25BBFAC359134F.e.12872/click - {}
RESULT: {}
COMMAND: POST /session/7a77e4e78ab7f053ff1399b1683134e1/execute/async - {"script":"<script> [1562 bytes]","args":[{"selector":{"controlType":"sap.m.Button","viewName":"etm.portal.ui.managerequests.view.Detail","properties":{"text":"Close"},"searchOpenDialogs":true,"interaction":{"idSuffix":"BDI-content"}},"wdio_ui5_key":"etmportal.ui.managerequests.view.Detailsap.m.Button{\"text\":\"Close\"}"}]}
COMMAND: GET /session/7a77e4e78ab7f053ff1399b1683134e1/screenshot - {}
RESULT: {"script":"<script> [1562 bytes]","args":[{"selector":{"controlType":"sap.m.Button","viewName":"etm.portal.ui.managerequests.view.Detail","properties":{"text":"Close"},"searchOpenDialogs":true,"interaction":{"idSuffix":"BDI-content"}},"wdio_ui5_key":"etmportal.ui.managerequests.view.Detailsap.m.Button{\"text\":\"Close\"}"}]}
RESULT: undefined
COMMAND: POST /session/7a77e4e78ab7f053ff1399b1683134e1/element - {"using":"xpath","value":"//*[@id=\"__button45\"]"}
RESULT: {}
RESULT: {"using":"xpath","value":"//*[@id=\"__button45\"]"}
COMMAND: POST /session/7a77e4e78ab7f053ff1399b1683134e1/element/f.F34A9C30008BD60ECF93DB5E8BBA230A.d.AABFABEB15D9400D1B25BBFAC359134F.e.12875/click - {}
RESULT: {}
COMMAND: GET /session/7a77e4e78ab7f053ff1399b1683134e1/screenshot - {}
RESULT: {}
COMMAND: POST /session/7a77e4e78ab7f053ff1399b1683134e1/refresh - {}
RESULT: {}
COMMAND: GET /session/7a77e4e78ab7f053ff1399b1683134e1/screenshot - {}
RESULT: {}
COMMAND: POST /session/7a77e4e78ab7f053ff1399b1683134e1/execute/async - {"script":"<script> [189 bytes]","args":[]}
RESULT: {"script":"<script> [189 bytes]","args":[]}
COMMAND: POST /session/7a77e4e78ab7f053ff1399b1683134e1/execute/async - {"script":"<script> [123 bytes]","args":[]}
RESULT: {"script":"<script> [123 bytes]","args":[]}
COMMAND: POST /session/7a77e4e78ab7f053ff1399b1683134e1/timeouts - {"script":"<number>"}
RESULT: {"script":"<number>"}
COMMAND: GET /session/7a77e4e78ab7f053ff1399b1683134e1/timeouts - {}
RESULT: {}
RESULT: undefined
COMMAND: POST /session/7a77e4e78ab7f053ff1399b1683134e1/execute/async - {"script":"<script> [2676 bytes]","args":[]}
RESULT: {"script":"<script> [2676 bytes]","args":[]}
COMMAND: POST /session/7a77e4e78ab7f053ff1399b1683134e1/execute/async - {"script":"<script> [2342 bytes]","args":[{"protocol":"http","hostname":"0.0.0.0","path":"/","capabilities":{"browserName":"chrome","goog:chromeOptions":{"binary":"C:\\Program Files\\Google\\Chrome\\Application\\chrome.exe","args":["--start-maximized"]}},"logLevel":"warn","connectionRetryTimeout":120000,"connectionRetryCount":3,"logLevels":{},"enableDirectConnect":true,"strictSSL":true,"_":"65 more keys: [\"cacheDir\",\"port\",\"requestedCapabilities\",\"automationProtocol\",\"baseUrl\",\"waitforInterval\",\"waitforTimeout\",\"onReload\",\"beforeCommand\",\"afterCommand\",\"rootDir\",\"specs\",\"suites\",\"exclude\",\"groupLogsByTestSpec\",\"excludeDriverLogs\",\"bail\",\"framework\",\"reporters\",\"services\",\"maxInstances\",\"maxInstancesPerCapability\",\"injectGlobals\",\"filesToWatch\",\"execArgv\",\"runnerEnv\",\"runner\",\"shard\",\"specFileRetries\",\"specFileRetriesDelay\",\"specFileRetriesDeferred\",\"reporterSyncInterval\",\"reporterSyncTimeout\",\"cucumberFeaturesWithLineNumbers\",\"autoCompileOpts\",\"mochaOpts\",\"jasmineOpts\",\"cucumberOpts\",\"onPrepare\",\"onWorkerStart\",\"onWorkerEnd\",\"before\",\"beforeSession\",\"beforeSuite\",\"beforeHook\",\"beforeTest\",\"afterTest\",\"afterHook\",\"afterSuite\",\"afterSession\",\"after\",\"onComplete\",\"beforeAssertion\",\"afterAssertion\",\"beforeFeature\",\"beforeScenario\",\"beforeStep\",\"afterStep\",\"afterScenario\",\"afterFeature\",\"_\",\"suite\",\"$0\",\"ignoredWorkerServices\",\"wdi5\"]"}]}
RESULT: {"script":"<script> [2342 bytes]","args":[{"protocol":"http","hostname":"0.0.0.0","path":"/","capabilities":{"browserName":"chrome","goog:chromeOptions":{"binary":"C:\\Program Files\\Google\\Chrome\\Application\\chrome.exe","args":["--start-maximized"]}},"logLevel":"warn","connectionRetryTimeout":120000,"connectionRetryCount":3,"logLevels":{},"enableDirectConnect":true,"strictSSL":true,"_":"65 more keys: [\"cacheDir\",\"port\",\"requestedCapabilities\",\"automationProtocol\",\"baseUrl\",\"waitforInterval\",\"waitforTimeout\",\"onReload\",\"beforeCommand\",\"afterCommand\",\"rootDir\",\"specs\",\"suites\",\"exclude\",\"groupLogsByTestSpec\",\"excludeDriverLogs\",\"bail\",\"framework\",\"reporters\",\"services\",\"maxInstances\",\"maxInstancesPerCapability\",\"injectGlobals\",\"filesToWatch\",\"execArgv\",\"runnerEnv\",\"runner\",\"shard\",\"specFileRetries\",\"specFileRetriesDelay\",\"specFileRetriesDeferred\",\"reporterSyncInterval\",\"reporterSyncTimeout\",\"cucumberFeaturesWithLineNumbers\",\"autoCompileOpts\",\"mochaOpts\",\"jasmineOpts\",\"cucumberOpts\",\"onPrepare\",\"onWorkerStart\",\"onWorkerEnd\",\"before\",\"beforeSession\",\"beforeSuite\",\"beforeHook\",\"beforeTest\",\"afterTest\",\"afterHook\",\"afterSuite\",\"afterSession\",\"after\",\"onComplete\",\"beforeAssertion\",\"afterAssertion\",\"beforeFeature\",\"beforeScenario\",\"beforeStep\",\"afterStep\",\"afterScenario\",\"afterFeature\",\"_\",\"suite\",\"$0\",\"ignoredWorkerServices\",\"wdi5\"]"}]}
COMMAND: POST /session/7a77e4e78ab7f053ff1399b1683134e1/execute/async - {"script":"<script> [21126 bytes]","args":[35000]}
RESULT: {"script":"<script> [21126 bytes]","args":[35000]}
]]></system-out>
    </testcase>
    <testcase classname="chrome.136_0_7103_93.windows.Process_request_items_into_an_existing_quotation_US120163" name="Should process the request into an existing quotation" time="71.076">
      <system-out><![CDATA[
COMMAND: GET /session/7a77e4e78ab7f053ff1399b1683134e1/window - {}
RESULT: {}
COMMAND: POST /session/7a77e4e78ab7f053ff1399b1683134e1/element - {"using":"xpath","value":"//span[contains(@id ,\"detailHeaderTitle-_actionsToolbar-overflowButton-img\")]"}
RESULT: {"using":"xpath","value":"//span[contains(@id ,\"detailHeaderTitle-_actionsToolbar-overflowButton-img\")]"}
COMMAND: POST /session/7a77e4e78ab7f053ff1399b1683134e1/element/f.F34A9C30008BD60ECF93DB5E8BBA230A.d.60EC47CBAC363D0A8C2EE16F2183B394.e.13098/click - {}
RESULT: {}
COMMAND: GET /session/7a77e4e78ab7f053ff1399b1683134e1/screenshot - {}
RESULT: {}
COMMAND: POST /session/7a77e4e78ab7f053ff1399b1683134e1/element - {"using":"xpath","value":"//span[contains(@id ,\"actionsMenuButton-internalSplitBtn-arrowButton-img\")]"}
RESULT: {"using":"xpath","value":"//span[contains(@id ,\"actionsMenuButton-internalSplitBtn-arrowButton-img\")]"}
COMMAND: POST /session/7a77e4e78ab7f053ff1399b1683134e1/element/f.F34A9C30008BD60ECF93DB5E8BBA230A.d.60EC47CBAC363D0A8C2EE16F2183B394.e.13102/click - {}
RESULT: {}
COMMAND: GET /session/7a77e4e78ab7f053ff1399b1683134e1/screenshot - {}
RESULT: {}
COMMAND: POST /session/7a77e4e78ab7f053ff1399b1683134e1/actions - {"actions":[{"id":"action103","type":"key","parameters":{},"actions":[{"type":"keyDown","value":"î€•"},{"type":"pause","duration":10},{"type":"keyUp","value":"î€•"}]}]}
RESULT: {"actions":[{"id":"action103","type":"key","parameters":{},"actions":[{"type":"keyDown","value":"î€•"},{"type":"pause","duration":10},{"type":"keyUp","value":"î€•"}]}]}
COMMAND: GET /session/7a77e4e78ab7f053ff1399b1683134e1/screenshot - {}
RESULT: {}
COMMAND: POST /session/7a77e4e78ab7f053ff1399b1683134e1/actions - {"actions":[{"id":"action104","type":"key","parameters":{},"actions":[{"type":"keyDown","value":"î€‡"},{"type":"pause","duration":10},{"type":"keyUp","value":"î€‡"}]}]}
RESULT: {"actions":[{"id":"action104","type":"key","parameters":{},"actions":[{"type":"keyDown","value":"î€‡"},{"type":"pause","duration":10},{"type":"keyUp","value":"î€‡"}]}]}
COMMAND: GET /session/7a77e4e78ab7f053ff1399b1683134e1/screenshot - {}
RESULT: {}
COMMAND: POST /session/7a77e4e78ab7f053ff1399b1683134e1/actions - {"actions":[{"id":"action105","type":"key","parameters":{},"actions":[{"type":"keyDown","value":"î€•"},{"type":"pause","duration":10},{"type":"keyUp","value":"î€•"}]}]}
RESULT: {"actions":[{"id":"action105","type":"key","parameters":{},"actions":[{"type":"keyDown","value":"î€•"},{"type":"pause","duration":10},{"type":"keyUp","value":"î€•"}]}]}
COMMAND: GET /session/7a77e4e78ab7f053ff1399b1683134e1/screenshot - {}
RESULT: {}
COMMAND: POST /session/7a77e4e78ab7f053ff1399b1683134e1/actions - {"actions":[{"id":"action106","type":"key","parameters":{},"actions":[{"type":"keyDown","value":"î€‡"},{"type":"pause","duration":10},{"type":"keyUp","value":"î€‡"}]}]}
RESULT: {"actions":[{"id":"action106","type":"key","parameters":{},"actions":[{"type":"keyDown","value":"î€‡"},{"type":"pause","duration":10},{"type":"keyUp","value":"î€‡"}]}]}
COMMAND: GET /session/7a77e4e78ab7f053ff1399b1683134e1/screenshot - {}
RESULT: {}
COMMAND: POST /session/7a77e4e78ab7f053ff1399b1683134e1/element - {"using":"xpath","value":"//input[contains(@id ,\"quotationsSearchField-I\")]"}
RESULT: {"using":"xpath","value":"//input[contains(@id ,\"quotationsSearchField-I\")]"}
COMMAND: POST /session/7a77e4e78ab7f053ff1399b1683134e1/element/f.F34A9C30008BD60ECF93DB5E8BBA230A.d.60EC47CBAC363D0A8C2EE16F2183B394.e.13105/clear - {}
RESULT: {}
COMMAND: POST /session/7a77e4e78ab7f053ff1399b1683134e1/element/f.F34A9C30008BD60ECF93DB5E8BBA230A.d.60EC47CBAC363D0A8C2EE16F2183B394.e.13105/value - {"text":"WdIOQuotationpq1j6"}
COMMAND: GET /session/7a77e4e78ab7f053ff1399b1683134e1/screenshot - {}
RESULT: {"text":"WdIOQuotationpq1j6"}
COMMAND: GET /session/7a77e4e78ab7f053ff1399b1683134e1/screenshot - {}
RESULT: {}
RESULT: {}
COMMAND: POST /session/7a77e4e78ab7f053ff1399b1683134e1/actions - {"actions":[{"id":"action107","type":"key","parameters":{},"actions":[{"type":"keyDown","value":"î€‡"},{"type":"pause","duration":10},{"type":"keyUp","value":"î€‡"}]}]}
RESULT: {"actions":[{"id":"action107","type":"key","parameters":{},"actions":[{"type":"keyDown","value":"î€‡"},{"type":"pause","duration":10},{"type":"keyUp","value":"î€‡"}]}]}
COMMAND: GET /session/7a77e4e78ab7f053ff1399b1683134e1/screenshot - {}
RESULT: {}
COMMAND: POST /session/7a77e4e78ab7f053ff1399b1683134e1/element - {"using":"xpath","value":"//div[contains(@id ,\"selectSingle\")]"}
RESULT: {"using":"xpath","value":"//div[contains(@id ,\"selectSingle\")]"}
COMMAND: POST /session/7a77e4e78ab7f053ff1399b1683134e1/element/f.F34A9C30008BD60ECF93DB5E8BBA230A.d.60EC47CBAC363D0A8C2EE16F2183B394.e.13112/click - {}
RESULT: {}
COMMAND: GET /session/7a77e4e78ab7f053ff1399b1683134e1/screenshot - {}
RESULT: {}
COMMAND: POST /session/7a77e4e78ab7f053ff1399b1683134e1/element - {"using":"xpath","value":"//bdi[contains(text() ,\"Selection Done\")]"}
RESULT: {"using":"xpath","value":"//bdi[contains(text() ,\"Selection Done\")]"}
COMMAND: POST /session/7a77e4e78ab7f053ff1399b1683134e1/element/f.F34A9C30008BD60ECF93DB5E8BBA230A.d.60EC47CBAC363D0A8C2EE16F2183B394.e.13123/click - {}
RESULT: {}
COMMAND: GET /session/7a77e4e78ab7f053ff1399b1683134e1/screenshot - {}
RESULT: {}
COMMAND: POST /session/7a77e4e78ab7f053ff1399b1683134e1/actions - {"actions":[{"id":"action108","type":"key","parameters":{},"actions":[{"type":"keyDown","value":"î€‡"},{"type":"pause","duration":10},{"type":"keyUp","value":"î€‡"}]}]}
RESULT: {"actions":[{"id":"action108","type":"key","parameters":{},"actions":[{"type":"keyDown","value":"î€‡"},{"type":"pause","duration":10},{"type":"keyUp","value":"î€‡"}]}]}
COMMAND: GET /session/7a77e4e78ab7f053ff1399b1683134e1/screenshot - {}
RESULT: {}
COMMAND: POST /session/7a77e4e78ab7f053ff1399b1683134e1/actions - {"actions":[{"id":"action109","type":"key","parameters":{},"actions":[{"type":"keyDown","value":"î€‡"},{"type":"pause","duration":10},{"type":"keyUp","value":"î€‡"}]}]}
RESULT: {"actions":[{"id":"action109","type":"key","parameters":{},"actions":[{"type":"keyDown","value":"î€‡"},{"type":"pause","duration":10},{"type":"keyUp","value":"î€‡"}]}]}
COMMAND: GET /session/7a77e4e78ab7f053ff1399b1683134e1/screenshot - {}
RESULT: {}
COMMAND: GET /session/7a77e4e78ab7f053ff1399b1683134e1/window/handles - {}
RESULT: {}
COMMAND: GET /session/7a77e4e78ab7f053ff1399b1683134e1/window/handles - {}
RESULT: {}
COMMAND: POST /session/7a77e4e78ab7f053ff1399b1683134e1/window - {"handle":"4510E03952FF843327F78F5EF81E3D12"}
RESULT: {"handle":"4510E03952FF843327F78F5EF81E3D12"}
COMMAND: GET /session/7a77e4e78ab7f053ff1399b1683134e1/url - {}
RESULT: {}
COMMAND: GET /session/7a77e4e78ab7f053ff1399b1683134e1/screenshot - {}
RESULT: {}
COMMAND: POST /session/7a77e4e78ab7f053ff1399b1683134e1/element - {"using":"xpath","value":"//span[contains(text(), \"Header Billing Items\")]"}
RESULT: {"using":"xpath","value":"//span[contains(text(), \"Header Billing Items\")]"}
COMMAND: POST /session/7a77e4e78ab7f053ff1399b1683134e1/element/f.4510E03952FF843327F78F5EF81E3D12.d.4049896C9D7E46A5C30F18F5407E816E.e.13347/click - {}
RESULT: {}
COMMAND: GET /session/7a77e4e78ab7f053ff1399b1683134e1/screenshot - {}
RESULT: {}
COMMAND: POST /session/7a77e4e78ab7f053ff1399b1683134e1/element - {"using":"xpath","value":"//span[contains(@id ,\"contractItemsSmartTable-header-inner\")]"}
RESULT: {"using":"xpath","value":"//span[contains(@id ,\"contractItemsSmartTable-header-inner\")]"}
COMMAND: GET /session/7a77e4e78ab7f053ff1399b1683134e1/element/f.4510E03952FF843327F78F5EF81E3D12.d.4049896C9D7E46A5C30F18F5407E816E.e.13351/text - {}
RESULT: {}
COMMAND: POST /session/7a77e4e78ab7f053ff1399b1683134e1/element - {"using":"xpath","value":"//span[@class=\"sapMObjStatusText\"][contains(text(), \"proposed\")]"}
RESULT: {"using":"xpath","value":"//span[@class=\"sapMObjStatusText\"][contains(text(), \"proposed\")]"}
COMMAND: GET /session/7a77e4e78ab7f053ff1399b1683134e1/element/f.4510E03952FF843327F78F5EF81E3D12.d.4049896C9D7E46A5C30F18F5407E816E.e.13352/text - {}
RESULT: {}
COMMAND: DELETE /session/7a77e4e78ab7f053ff1399b1683134e1/window - {}
RESULT: {}
COMMAND: POST /session/7a77e4e78ab7f053ff1399b1683134e1/window - {"handle":"F34A9C30008BD60ECF93DB5E8BBA230A"}
RESULT: {"handle":"F34A9C30008BD60ECF93DB5E8BBA230A"}
COMMAND: GET /session/7a77e4e78ab7f053ff1399b1683134e1/url - {}
RESULT: {}
COMMAND: GET /session/7a77e4e78ab7f053ff1399b1683134e1/screenshot - {}
RESULT: {}
]]></system-out>
    </testcase>
    <testcase classname="chrome.136_0_7103_93.windows.Process_request_items_into_an_existing_quotation_US120163" name="Should navigate back to the request and check the request and item statuses" time="39.545">
      <system-out><![CDATA[
COMMAND: POST /session/7a77e4e78ab7f053ff1399b1683134e1/refresh - {}
RESULT: {}
COMMAND: GET /session/7a77e4e78ab7f053ff1399b1683134e1/screenshot - {}
RESULT: {}
COMMAND: POST /session/7a77e4e78ab7f053ff1399b1683134e1/execute/async - {"script":"<script> [189 bytes]","args":[]}
RESULT: {"script":"<script> [189 bytes]","args":[]}
COMMAND: POST /session/7a77e4e78ab7f053ff1399b1683134e1/execute/async - {"script":"<script> [123 bytes]","args":[]}
RESULT: {"script":"<script> [123 bytes]","args":[]}
COMMAND: POST /session/7a77e4e78ab7f053ff1399b1683134e1/timeouts - {"script":"<number>"}
RESULT: {"script":"<number>"}
COMMAND: GET /session/7a77e4e78ab7f053ff1399b1683134e1/timeouts - {}
RESULT: {}
RESULT: undefined
COMMAND: POST /session/7a77e4e78ab7f053ff1399b1683134e1/execute/async - {"script":"<script> [2676 bytes]","args":[]}
RESULT: {"script":"<script> [2676 bytes]","args":[]}
COMMAND: POST /session/7a77e4e78ab7f053ff1399b1683134e1/execute/async - {"script":"<script> [2342 bytes]","args":[{"protocol":"http","hostname":"0.0.0.0","path":"/","capabilities":{"browserName":"chrome","goog:chromeOptions":{"binary":"C:\\Program Files\\Google\\Chrome\\Application\\chrome.exe","args":["--start-maximized"]}},"logLevel":"warn","connectionRetryTimeout":120000,"connectionRetryCount":3,"logLevels":{},"enableDirectConnect":true,"strictSSL":true,"_":"65 more keys: [\"cacheDir\",\"port\",\"requestedCapabilities\",\"automationProtocol\",\"baseUrl\",\"waitforInterval\",\"waitforTimeout\",\"onReload\",\"beforeCommand\",\"afterCommand\",\"rootDir\",\"specs\",\"suites\",\"exclude\",\"groupLogsByTestSpec\",\"excludeDriverLogs\",\"bail\",\"framework\",\"reporters\",\"services\",\"maxInstances\",\"maxInstancesPerCapability\",\"injectGlobals\",\"filesToWatch\",\"execArgv\",\"runnerEnv\",\"runner\",\"shard\",\"specFileRetries\",\"specFileRetriesDelay\",\"specFileRetriesDeferred\",\"reporterSyncInterval\",\"reporterSyncTimeout\",\"cucumberFeaturesWithLineNumbers\",\"autoCompileOpts\",\"mochaOpts\",\"jasmineOpts\",\"cucumberOpts\",\"onPrepare\",\"onWorkerStart\",\"onWorkerEnd\",\"before\",\"beforeSession\",\"beforeSuite\",\"beforeHook\",\"beforeTest\",\"afterTest\",\"afterHook\",\"afterSuite\",\"afterSession\",\"after\",\"onComplete\",\"beforeAssertion\",\"afterAssertion\",\"beforeFeature\",\"beforeScenario\",\"beforeStep\",\"afterStep\",\"afterScenario\",\"afterFeature\",\"_\",\"suite\",\"$0\",\"ignoredWorkerServices\",\"wdi5\"]"}]}
RESULT: {"script":"<script> [2342 bytes]","args":[{"protocol":"http","hostname":"0.0.0.0","path":"/","capabilities":{"browserName":"chrome","goog:chromeOptions":{"binary":"C:\\Program Files\\Google\\Chrome\\Application\\chrome.exe","args":["--start-maximized"]}},"logLevel":"warn","connectionRetryTimeout":120000,"connectionRetryCount":3,"logLevels":{},"enableDirectConnect":true,"strictSSL":true,"_":"65 more keys: [\"cacheDir\",\"port\",\"requestedCapabilities\",\"automationProtocol\",\"baseUrl\",\"waitforInterval\",\"waitforTimeout\",\"onReload\",\"beforeCommand\",\"afterCommand\",\"rootDir\",\"specs\",\"suites\",\"exclude\",\"groupLogsByTestSpec\",\"excludeDriverLogs\",\"bail\",\"framework\",\"reporters\",\"services\",\"maxInstances\",\"maxInstancesPerCapability\",\"injectGlobals\",\"filesToWatch\",\"execArgv\",\"runnerEnv\",\"runner\",\"shard\",\"specFileRetries\",\"specFileRetriesDelay\",\"specFileRetriesDeferred\",\"reporterSyncInterval\",\"reporterSyncTimeout\",\"cucumberFeaturesWithLineNumbers\",\"autoCompileOpts\",\"mochaOpts\",\"jasmineOpts\",\"cucumberOpts\",\"onPrepare\",\"onWorkerStart\",\"onWorkerEnd\",\"before\",\"beforeSession\",\"beforeSuite\",\"beforeHook\",\"beforeTest\",\"afterTest\",\"afterHook\",\"afterSuite\",\"afterSession\",\"after\",\"onComplete\",\"beforeAssertion\",\"afterAssertion\",\"beforeFeature\",\"beforeScenario\",\"beforeStep\",\"afterStep\",\"afterScenario\",\"afterFeature\",\"_\",\"suite\",\"$0\",\"ignoredWorkerServices\",\"wdi5\"]"}]}
COMMAND: POST /session/7a77e4e78ab7f053ff1399b1683134e1/execute/async - {"script":"<script> [21126 bytes]","args":[35000]}
RESULT: {"script":"<script> [21126 bytes]","args":[35000]}
COMMAND: POST /session/7a77e4e78ab7f053ff1399b1683134e1/execute/async - {"script":"<script> [1562 bytes]","args":[{"selector":{"controlType":"sap.m.Text","viewName":"etm.portal.ui.managerequests.view.Detail","bindingPath":{"path":"/SmartRequestItemsPlanningBoard(ITEM=10m,REQUEST='20135')","propertyPath":"STATUS_DESC"}},"wdio_ui5_key":"etmportal.ui.managerequests.view.Detailsap.m.Text{\"path\":\"/SmartRequestItemsPlanningBoard(ITEM=10m,REQUEST='20135')\",\"propertyPath\":\"STATUS_DESC\"}"}]}
RESULT: {"script":"<script> [1562 bytes]","args":[{"selector":{"controlType":"sap.m.Text","viewName":"etm.portal.ui.managerequests.view.Detail","bindingPath":{"path":"/SmartRequestItemsPlanningBoard(ITEM=10m,REQUEST='20135')","propertyPath":"STATUS_DESC"}},"wdio_ui5_key":"etmportal.ui.managerequests.view.Detailsap.m.Text{\"path\":\"/SmartRequestItemsPlanningBoard(ITEM=10m,REQUEST='20135')\",\"propertyPath\":\"STATUS_DESC\"}"}]}
RESULT: undefined
COMMAND: POST /session/7a77e4e78ab7f053ff1399b1683134e1/execute/async - {"script":"<script> [6424 bytes]","args":[{"element-6066-11e4-a52e-4f735466cecf":"f.F34A9C30008BD60ECF93DB5E8BBA230A.d.55750C3275669241A4B03E018E675226.e.13549"},"getText",[]]}
RESULT: {"script":"<script> [6424 bytes]","args":[{"element-6066-11e4-a52e-4f735466cecf":"f.F34A9C30008BD60ECF93DB5E8BBA230A.d.55750C3275669241A4B03E018E675226.e.13549"},"getText",[]]}
COMMAND: POST /session/7a77e4e78ab7f053ff1399b1683134e1/execute/async - {"script":"<script> [1562 bytes]","args":[{"selector":{"controlType":"sap.m.ObjectStatus","viewName":"etm.portal.ui.managerequests.view.Detail","bindingPath":{"path":"/RequestHeaders('20135')","propertyPath":"LINK_TO_STATUS/DESCRIPTION","modelName":"catalogModel"}},"wdio_ui5_key":"etmportal.ui.managerequests.view.Detailsap.m.ObjectStatus{\"path\":\"/RequestHeaders('20135')\",\"propertyPath\":\"LINK_TO_STATUS/DESCRIPTION\",\"modelName\":\"catalogModel\"}"}]}
RESULT: {"script":"<script> [1562 bytes]","args":[{"selector":{"controlType":"sap.m.ObjectStatus","viewName":"etm.portal.ui.managerequests.view.Detail","bindingPath":{"path":"/RequestHeaders('20135')","propertyPath":"LINK_TO_STATUS/DESCRIPTION","modelName":"catalogModel"}},"wdio_ui5_key":"etmportal.ui.managerequests.view.Detailsap.m.ObjectStatus{\"path\":\"/RequestHeaders('20135')\",\"propertyPath\":\"LINK_TO_STATUS/DESCRIPTION\",\"modelName\":\"catalogModel\"}"}]}
RESULT: undefined
COMMAND: POST /session/7a77e4e78ab7f053ff1399b1683134e1/execute/async - {"script":"<script> [6424 bytes]","args":[{"element-6066-11e4-a52e-4f735466cecf":"f.F34A9C30008BD60ECF93DB5E8BBA230A.d.55750C3275669241A4B03E018E675226.e.13550"},"getText",[]]}
RESULT: {"script":"<script> [6424 bytes]","args":[{"element-6066-11e4-a52e-4f735466cecf":"f.F34A9C30008BD60ECF93DB5E8BBA230A.d.55750C3275669241A4B03E018E675226.e.13550"},"getText",[]]}
COMMAND: DELETE /session/7a77e4e78ab7f053ff1399b1683134e1 - {}
RESULT: {}
]]></system-out>
    </testcase>
  </testsuite>
</testsuites>