<?xml version="1.0" encoding="UTF-8"?>
<testsuites tests="24" failures="2" errors="2" skipped="0">
  <testsuite timestamp="2025-05-17T15:37:39" time="676.125" tests="5" failures="0" errors="0" skipped="0">
    <properties>
      <property name="specId" value="0" />
      <property name="suiteName" value="Manage Requests Tags Tests US120163" />
      <property name="capabilities" value="chrome.136_0_7103_93.windows" />
      <property name="file" value="file:///D:/a/1/s/test/specs/R2C/create-request-Tags.spec.js" />
    </properties>
    <testcase classname="chrome.136_0_7103_93.windows.Manage_Requests_Tags_Tests_US120163" name="Should create a new yard" time="142.369">
      <system-out><![CDATA[
COMMAND: POST /session/bd8f6f9489bd62a6508a75490a4bbe45/execute/async - {"script":"<script> [1562 bytes]","args":[{"selector":{"controlType":"sap.m.GenericTile","properties":{"header":"Manage Yards"}},"wdio_ui5_key":"sapm.GenericTile{\"header\":\"Manage Yards\"}"}]}
RESULT: {"script":"<script> [1562 bytes]","args":[{"selector":{"controlType":"sap.m.GenericTile","properties":{"header":"Manage Yards"}},"wdio_ui5_key":"sapm.GenericTile{\"header\":\"Manage Yards\"}"}]}
RESULT: undefined
COMMAND: POST /session/bd8f6f9489bd62a6508a75490a4bbe45/element - {"using":"xpath","value":"//*[@id=\"__tile41\"]"}
RESULT: {"using":"xpath","value":"//*[@id=\"__tile41\"]"}
COMMAND: POST /session/bd8f6f9489bd62a6508a75490a4bbe45/element/f.5D36BF6E7175A89251765FD96C6D3113.d.D72027F2AFD06BE2C36D7E8052BDE4AD.e.126/click - {}
RESULT: {}
COMMAND: GET /session/bd8f6f9489bd62a6508a75490a4bbe45/screenshot - {}
RESULT: {}
COMMAND: POST /session/bd8f6f9489bd62a6508a75490a4bbe45/elements - {"using":"xpath","value":"//span[text()='Error']"}
RESULT: {"using":"xpath","value":"//span[text()='Error']"}
COMMAND: POST /session/bd8f6f9489bd62a6508a75490a4bbe45/execute/async - {"script":"<script> [1562 bytes]","args":[{"selector":{"controlType":"sap.ui.core.Icon","viewName":"etm.portal.ui.manageyards.view.Master","viewId":"application-manageyards-display-component---masterYard","properties":{"src":{"regex":{"source":"add"}}}},"wdio_ui5_key":"etmportal.ui.manageyards.view.Mastersap.ui.core.Icon{\"src\":{\"regex\":{\"source\":\"add\"}}}"}]}
RESULT: {"script":"<script> [1562 bytes]","args":[{"selector":{"controlType":"sap.ui.core.Icon","viewName":"etm.portal.ui.manageyards.view.Master","viewId":"application-manageyards-display-component---masterYard","properties":{"src":{"regex":{"source":"add"}}}},"wdio_ui5_key":"etmportal.ui.manageyards.view.Mastersap.ui.core.Icon{\"src\":{\"regex\":{\"source\":\"add\"}}}"}]}
RESULT: undefined
COMMAND: POST /session/bd8f6f9489bd62a6508a75490a4bbe45/element - {"using":"xpath","value":"//*[@id=\"__button4-img\"]"}
RESULT: {"using":"xpath","value":"//*[@id=\"__button4-img\"]"}
COMMAND: POST /session/bd8f6f9489bd62a6508a75490a4bbe45/element/f.5D36BF6E7175A89251765FD96C6D3113.d.D72027F2AFD06BE2C36D7E8052BDE4AD.e.172/click - {}
RESULT: {}
COMMAND: GET /session/bd8f6f9489bd62a6508a75490a4bbe45/screenshot - {}
RESULT: {}
COMMAND: POST /session/bd8f6f9489bd62a6508a75490a4bbe45/execute/async - {"script":"<script> [1562 bytes]","args":[{"selector":{"id":"application-manageyards-display-component---NewYard--yardId","interaction":{"idSuffix":"inner"}},"wdio_ui5_key":"applicationmanageyards-display-component---NewYard--yardId"}]}
RESULT: {"script":"<script> [1562 bytes]","args":[{"selector":{"id":"application-manageyards-display-component---NewYard--yardId","interaction":{"idSuffix":"inner"}},"wdio_ui5_key":"applicationmanageyards-display-component---NewYard--yardId"}]}
RESULT: undefined
COMMAND: POST /session/bd8f6f9489bd62a6508a75490a4bbe45/element - {"using":"xpath","value":"//*[@id=\"application-manageyards-display-component---NewYard--addressDetailDetailsName1-inner\"]"}
RESULT: {"using":"xpath","value":"//*[@id=\"application-manageyards-display-component---NewYard--addressDetailDetailsName1-inner\"]"}
COMMAND: POST /session/bd8f6f9489bd62a6508a75490a4bbe45/element/f.5D36BF6E7175A89251765FD96C6D3113.d.D72027F2AFD06BE2C36D7E8052BDE4AD.e.303/clear - {}
RESULT: {}
COMMAND: POST /session/bd8f6f9489bd62a6508a75490a4bbe45/element/f.5D36BF6E7175A89251765FD96C6D3113.d.D72027F2AFD06BE2C36D7E8052BDE4AD.e.303/value - {"text":"WebdriverYardziz0f"}
COMMAND: GET /session/bd8f6f9489bd62a6508a75490a4bbe45/screenshot - {}
RESULT: {"text":"WebdriverYardziz0f"}
COMMAND: POST /session/bd8f6f9489bd62a6508a75490a4bbe45/element - {"using":"xpath","value":"//*[@id=\"application-manageyards-display-component---NewYard--addressDetailDetailsLanguage-inner\"]"}
COMMAND: GET /session/bd8f6f9489bd62a6508a75490a4bbe45/screenshot - {}
RESULT: {}
RESULT: {"using":"xpath","value":"//*[@id=\"application-manageyards-display-component---NewYard--addressDetailDetailsLanguage-inner\"]"}
COMMAND: POST /session/bd8f6f9489bd62a6508a75490a4bbe45/element/f.5D36BF6E7175A89251765FD96C6D3113.d.D72027F2AFD06BE2C36D7E8052BDE4AD.e.304/clear - {}
RESULT: {}
RESULT: {}
COMMAND: POST /session/bd8f6f9489bd62a6508a75490a4bbe45/element/f.5D36BF6E7175A89251765FD96C6D3113.d.D72027F2AFD06BE2C36D7E8052BDE4AD.e.304/value - {"text":"Romanian"}
COMMAND: GET /session/bd8f6f9489bd62a6508a75490a4bbe45/screenshot - {}
RESULT: {"text":"Romanian"}
COMMAND: POST /session/bd8f6f9489bd62a6508a75490a4bbe45/element - {"using":"xpath","value":"//input[contains(@id ,\"application-manageyards-display-component---NewYard--addressDetailDetailsName1-inner\")]"}
COMMAND: GET /session/bd8f6f9489bd62a6508a75490a4bbe45/screenshot - {}
RESULT: {}
RESULT: {"using":"xpath","value":"//input[contains(@id ,\"application-manageyards-display-component---NewYard--addressDetailDetailsName1-inner\")]"}
COMMAND: GET /session/bd8f6f9489bd62a6508a75490a4bbe45/element/f.5D36BF6E7175A89251765FD96C6D3113.d.D72027F2AFD06BE2C36D7E8052BDE4AD.e.303/property/value - {}
RESULT: {}
RESULT: {}
COMMAND: GET /session/bd8f6f9489bd62a6508a75490a4bbe45/screenshot - {}
RESULT: {}
COMMAND: POST /session/bd8f6f9489bd62a6508a75490a4bbe45/element - {"using":"xpath","value":"//*[@id=\"application-manageyards-display-component---NewYard--addressDetailDetailsCity1-inner\"]"}
RESULT: {"using":"xpath","value":"//*[@id=\"application-manageyards-display-component---NewYard--addressDetailDetailsCity1-inner\"]"}
COMMAND: POST /session/bd8f6f9489bd62a6508a75490a4bbe45/element/f.5D36BF6E7175A89251765FD96C6D3113.d.D72027F2AFD06BE2C36D7E8052BDE4AD.e.306/clear - {}
RESULT: {}
COMMAND: POST /session/bd8f6f9489bd62a6508a75490a4bbe45/element/f.5D36BF6E7175A89251765FD96C6D3113.d.D72027F2AFD06BE2C36D7E8052BDE4AD.e.306/value - {"text":"Bucuresti"}
COMMAND: GET /session/bd8f6f9489bd62a6508a75490a4bbe45/screenshot - {}
RESULT: {"text":"Bucuresti"}
COMMAND: GET /session/bd8f6f9489bd62a6508a75490a4bbe45/screenshot - {}
RESULT: {}
RESULT: {}
COMMAND: POST /session/bd8f6f9489bd62a6508a75490a4bbe45/element - {"using":"xpath","value":"//*[@id=\"application-manageyards-display-component---NewYard--addressDetailDetailsCountry-inner\"]"}
RESULT: {"using":"xpath","value":"//*[@id=\"application-manageyards-display-component---NewYard--addressDetailDetailsCountry-inner\"]"}
COMMAND: POST /session/bd8f6f9489bd62a6508a75490a4bbe45/element/f.5D36BF6E7175A89251765FD96C6D3113.d.D72027F2AFD06BE2C36D7E8052BDE4AD.e.310/clear - {}
RESULT: {}
COMMAND: POST /session/bd8f6f9489bd62a6508a75490a4bbe45/element/f.5D36BF6E7175A89251765FD96C6D3113.d.D72027F2AFD06BE2C36D7E8052BDE4AD.e.310/value - {"text":"Romania"}
COMMAND: GET /session/bd8f6f9489bd62a6508a75490a4bbe45/screenshot - {}
RESULT: {"text":"Romania"}
COMMAND: GET /session/bd8f6f9489bd62a6508a75490a4bbe45/screenshot - {}
RESULT: {}
RESULT: {}
COMMAND: POST /session/bd8f6f9489bd62a6508a75490a4bbe45/element - {"using":"xpath","value":"//div[contains(text(), \"Commercial\")]"}
RESULT: {"using":"xpath","value":"//div[contains(text(), \"Commercial\")]"}
COMMAND: GET /session/bd8f6f9489bd62a6508a75490a4bbe45/element/f.5D36BF6E7175A89251765FD96C6D3113.d.D72027F2AFD06BE2C36D7E8052BDE4AD.e.584/rect - {}
RESULT: {}
COMMAND: GET /session/bd8f6f9489bd62a6508a75490a4bbe45/window/rect - {}
RESULT: {}
COMMAND: POST /session/bd8f6f9489bd62a6508a75490a4bbe45/execute/sync - {"script":"<script> [92 bytes]","args":[]}
RESULT: {"script":"<script> [92 bytes]","args":[]}
COMMAND: POST /session/bd8f6f9489bd62a6508a75490a4bbe45/actions - {"actions":[{"id":"action1","type":"wheel","parameters":{},"actions":[{"type":"scroll","x":-1841,"y":-44,"deltaX":0,"deltaY":0,"duration":0,"origin":{"element-6066-11e4-a52e-4f735466cecf":"f.5D36BF6E7175A89251765FD96C6D3113.d.D72027F2AFD06BE2C36D7E8052BDE4AD.e.584"}}]}]}
COMMAND: GET /session/bd8f6f9489bd62a6508a75490a4bbe45/screenshot - {}
RESULT: {}
COMMAND: POST /session/bd8f6f9489bd62a6508a75490a4bbe45/execute/sync - {"script":"<script> [79 bytes]","args":[{"element-6066-11e4-a52e-4f735466cecf":"f.5D36BF6E7175A89251765FD96C6D3113.d.D72027F2AFD06BE2C36D7E8052BDE4AD.e.584","ELEMENT":"f.5D36BF6E7175A89251765FD96C6D3113.d.D72027F2AFD06BE2C36D7E8052BDE4AD.e.584"},{"block":"start","inline":"nearest"}]}
RESULT: {"script":"<script> [79 bytes]","args":[{"element-6066-11e4-a52e-4f735466cecf":"f.5D36BF6E7175A89251765FD96C6D3113.d.D72027F2AFD06BE2C36D7E8052BDE4AD.e.584","ELEMENT":"f.5D36BF6E7175A89251765FD96C6D3113.d.D72027F2AFD06BE2C36D7E8052BDE4AD.e.584"},{"block":"start","inline":"nearest"}]}
COMMAND: GET /session/bd8f6f9489bd62a6508a75490a4bbe45/screenshot - {}
RESULT: {}
COMMAND: POST /session/bd8f6f9489bd62a6508a75490a4bbe45/execute/async - {"script":"<script> [1562 bytes]","args":[{"selector":{"id":"application-manageyards-display-component---NewYard--addressEditDetailsCostObjectCstType-arrow"},"wdio_ui5_key":"applicationmanageyards-display-component---NewYard--addressEditDetailsCostObjectCstType-arrow"}]}
RESULT: {"script":"<script> [1562 bytes]","args":[{"selector":{"id":"application-manageyards-display-component---NewYard--addressEditDetailsCostObjectCstType-arrow"},"wdio_ui5_key":"applicationmanageyards-display-component---NewYard--addressEditDetailsCostObjectCstType-arrow"}]}
RESULT: undefined
COMMAND: POST /session/bd8f6f9489bd62a6508a75490a4bbe45/element - {"using":"xpath","value":"//*[@id=\"application-manageyards-display-component---NewYard--addressEditDetailsCostObjectCstType-arrow\"]"}
RESULT: {"using":"xpath","value":"//*[@id=\"application-manageyards-display-component---NewYard--addressEditDetailsCostObjectCstType-arrow\"]"}
COMMAND: POST /session/bd8f6f9489bd62a6508a75490a4bbe45/element/f.5D36BF6E7175A89251765FD96C6D3113.d.D72027F2AFD06BE2C36D7E8052BDE4AD.e.592/click - {}
RESULT: {}
COMMAND: POST /session/bd8f6f9489bd62a6508a75490a4bbe45/element - {"using":"xpath","value":"//span[contains(text(), \"Cost Center\")]"}
COMMAND: GET /session/bd8f6f9489bd62a6508a75490a4bbe45/screenshot - {}
RESULT: {"using":"xpath","value":"//span[contains(text(), \"Cost Center\")]"}
COMMAND: POST /session/bd8f6f9489bd62a6508a75490a4bbe45/element/f.5D36BF6E7175A89251765FD96C6D3113.d.D72027F2AFD06BE2C36D7E8052BDE4AD.e.593/click - {}
RESULT: {}
RESULT: {}
COMMAND: GET /session/bd8f6f9489bd62a6508a75490a4bbe45/screenshot - {}
RESULT: {}
COMMAND: POST /session/bd8f6f9489bd62a6508a75490a4bbe45/execute/async - {"script":"<script> [1562 bytes]","args":[{"selector":{"id":"application-manageyards-display-component---NewYard--addressNewCostObjectCstID-vhi"},"wdio_ui5_key":"applicationmanageyards-display-component---NewYard--addressNewCostObjectCstID-vhi"}]}
RESULT: {"script":"<script> [1562 bytes]","args":[{"selector":{"id":"application-manageyards-display-component---NewYard--addressNewCostObjectCstID-vhi"},"wdio_ui5_key":"applicationmanageyards-display-component---NewYard--addressNewCostObjectCstID-vhi"}]}
RESULT: undefined
COMMAND: POST /session/bd8f6f9489bd62a6508a75490a4bbe45/element - {"using":"xpath","value":"//*[@id=\"application-manageyards-display-component---NewYard--addressNewCostObjectCstID-vhi\"]"}
RESULT: {"using":"xpath","value":"//*[@id=\"application-manageyards-display-component---NewYard--addressNewCostObjectCstID-vhi\"]"}
COMMAND: POST /session/bd8f6f9489bd62a6508a75490a4bbe45/element/f.5D36BF6E7175A89251765FD96C6D3113.d.D72027F2AFD06BE2C36D7E8052BDE4AD.e.597/click - {}
RESULT: {}
COMMAND: GET /session/bd8f6f9489bd62a6508a75490a4bbe45/screenshot - {}
RESULT: {}
COMMAND: POST /session/bd8f6f9489bd62a6508a75490a4bbe45/execute/async - {"script":"<script> [1562 bytes]","args":[{"selector":{"controlType":"sap.m.SearchField","properties":{"placeholder":"Search"},"searchOpenDialogs":true,"interaction":{"idSuffix":"I"}},"wdio_ui5_key":"sapm.SearchField{\"placeholder\":\"Search\"}"}]}
RESULT: {"script":"<script> [1562 bytes]","args":[{"selector":{"controlType":"sap.m.SearchField","properties":{"placeholder":"Search"},"searchOpenDialogs":true,"interaction":{"idSuffix":"I"}},"wdio_ui5_key":"sapm.SearchField{\"placeholder\":\"Search\"}"}]}
RESULT: undefined
COMMAND: POST /session/bd8f6f9489bd62a6508a75490a4bbe45/execute/async - {"script":"<script> [776 bytes]","args":[{"enterText":"10001013","selector":{"controlType":"sap.m.SearchField","properties":{"placeholder":"Search"},"searchOpenDialogs":true,"interaction":{"idSuffix":"I"}},"clearTextFirst":true,"interactionType":"ENTER_TEXT"}]}
RESULT: {"script":"<script> [776 bytes]","args":[{"enterText":"10001013","selector":{"controlType":"sap.m.SearchField","properties":{"placeholder":"Search"},"searchOpenDialogs":true,"interaction":{"idSuffix":"I"}},"clearTextFirst":true,"interactionType":"ENTER_TEXT"}]}
COMMAND: POST /session/bd8f6f9489bd62a6508a75490a4bbe45/actions - {"actions":[{"id":"action2","type":"key","parameters":{},"actions":[{"type":"keyDown","value":"î€‡"},{"type":"pause","duration":10},{"type":"keyUp","value":"î€‡"}]}]}
RESULT: {"actions":[{"id":"action2","type":"key","parameters":{},"actions":[{"type":"keyDown","value":"î€‡"},{"type":"pause","duration":10},{"type":"keyUp","value":"î€‡"}]}]}
COMMAND: GET /session/bd8f6f9489bd62a6508a75490a4bbe45/screenshot - {}
RESULT: {}
COMMAND: POST /session/bd8f6f9489bd62a6508a75490a4bbe45/element - {"using":"xpath","value":"//span[contains(text(), \"General Management\")]"}
RESULT: {"using":"xpath","value":"//span[contains(text(), \"General Management\")]"}
COMMAND: POST /session/bd8f6f9489bd62a6508a75490a4bbe45/element/f.5D36BF6E7175A89251765FD96C6D3113.d.D72027F2AFD06BE2C36D7E8052BDE4AD.e.638/click - {}
RESULT: {}
COMMAND: GET /session/bd8f6f9489bd62a6508a75490a4bbe45/screenshot - {}
RESULT: {}
COMMAND: POST /session/bd8f6f9489bd62a6508a75490a4bbe45/element - {"using":"xpath","value":"//bdi[contains(text(), \"OK\")]"}
RESULT: {"using":"xpath","value":"//bdi[contains(text(), \"OK\")]"}
COMMAND: POST /session/bd8f6f9489bd62a6508a75490a4bbe45/element/f.5D36BF6E7175A89251765FD96C6D3113.d.D72027F2AFD06BE2C36D7E8052BDE4AD.e.639/click - {}
RESULT: {}
COMMAND: GET /session/bd8f6f9489bd62a6508a75490a4bbe45/screenshot - {}
RESULT: {}
COMMAND: POST /session/bd8f6f9489bd62a6508a75490a4bbe45/execute/async - {"script":"<script> [1562 bytes]","args":[{"selector":{"controlType":"sap.m.Button","viewName":"etm.portal.ui.manageyards.view.New","viewId":"application-manageyards-display-component---NewYard","i18NText":{"propertyName":"text","key":"save"},"interaction":{"idSuffix":"inner"}},"wdio_ui5_key":"etmportal.ui.manageyards.view.Newsap.m.Button{\"propertyName\":\"text\",\"key\":\"save\"}"}]}
RESULT: {"script":"<script> [1562 bytes]","args":[{"selector":{"controlType":"sap.m.Button","viewName":"etm.portal.ui.manageyards.view.New","viewId":"application-manageyards-display-component---NewYard","i18NText":{"propertyName":"text","key":"save"},"interaction":{"idSuffix":"inner"}},"wdio_ui5_key":"etmportal.ui.manageyards.view.Newsap.m.Button{\"propertyName\":\"text\",\"key\":\"save\"}"}]}
RESULT: undefined
COMMAND: POST /session/bd8f6f9489bd62a6508a75490a4bbe45/element - {"using":"xpath","value":"//*[@id=\"__button18\"]"}
RESULT: {"using":"xpath","value":"//*[@id=\"__button18\"]"}
COMMAND: POST /session/bd8f6f9489bd62a6508a75490a4bbe45/element/f.5D36BF6E7175A89251765FD96C6D3113.d.D72027F2AFD06BE2C36D7E8052BDE4AD.e.533/click - {}
RESULT: {}
COMMAND: GET /session/bd8f6f9489bd62a6508a75490a4bbe45/screenshot - {}
RESULT: {}
COMMAND: POST /session/bd8f6f9489bd62a6508a75490a4bbe45/element - {"using":"xpath","value":"//header/div/div[2]/div[2]/span"}
RESULT: {"using":"xpath","value":"//header/div/div[2]/div[2]/span"}
COMMAND: GET /session/bd8f6f9489bd62a6508a75490a4bbe45/element/f.5D36BF6E7175A89251765FD96C6D3113.d.D72027F2AFD06BE2C36D7E8052BDE4AD.e.837/text - {}
RESULT: {}
COMMAND: POST /session/bd8f6f9489bd62a6508a75490a4bbe45/execute/async - {"script":"<script> [1562 bytes]","args":[{"selector":{"controlType":"sap.m.OverflowToolbarButton","viewName":"etm.portal.ui.manageyards.view.Detail","viewId":"application-manageyards-display-component---detailYard","i18NText":{"propertyName":"tooltip","key":"closeColumn"},"interaction":{"idSuffix":"inner"}},"wdio_ui5_key":"etmportal.ui.manageyards.view.Detailsap.m.OverflowToolbarButton{\"propertyName\":\"tooltip\",\"key\":\"closeColumn\"}"}]}
RESULT: {"script":"<script> [1562 bytes]","args":[{"selector":{"controlType":"sap.m.OverflowToolbarButton","viewName":"etm.portal.ui.manageyards.view.Detail","viewId":"application-manageyards-display-component---detailYard","i18NText":{"propertyName":"tooltip","key":"closeColumn"},"interaction":{"idSuffix":"inner"}},"wdio_ui5_key":"etmportal.ui.manageyards.view.Detailsap.m.OverflowToolbarButton{\"propertyName\":\"tooltip\",\"key\":\"closeColumn\"}"}]}
RESULT: undefined
COMMAND: POST /session/bd8f6f9489bd62a6508a75490a4bbe45/element - {"using":"xpath","value":"//*[@id=\"__button40\"]"}
RESULT: {"using":"xpath","value":"//*[@id=\"__button40\"]"}
COMMAND: POST /session/bd8f6f9489bd62a6508a75490a4bbe45/element/f.5D36BF6E7175A89251765FD96C6D3113.d.D72027F2AFD06BE2C36D7E8052BDE4AD.e.839/click - {}
RESULT: {}
COMMAND: GET /session/bd8f6f9489bd62a6508a75490a4bbe45/screenshot - {}
RESULT: {}
COMMAND: POST /session/bd8f6f9489bd62a6508a75490a4bbe45/element - {"using":"css selector","value":"#shell-header-logo"}
RESULT: {"using":"css selector","value":"#shell-header-logo"}
COMMAND: POST /session/bd8f6f9489bd62a6508a75490a4bbe45/element/f.5D36BF6E7175A89251765FD96C6D3113.d.D72027F2AFD06BE2C36D7E8052BDE4AD.e.128/click - {}
RESULT: {}
COMMAND: GET /session/bd8f6f9489bd62a6508a75490a4bbe45/screenshot - {}
RESULT: {}
COMMAND: POST /session/bd8f6f9489bd62a6508a75490a4bbe45/refresh - {}
RESULT: {}
COMMAND: GET /session/bd8f6f9489bd62a6508a75490a4bbe45/screenshot - {}
RESULT: {}
COMMAND: POST /session/bd8f6f9489bd62a6508a75490a4bbe45/execute/async - {"script":"<script> [189 bytes]","args":[]}
RESULT: {"script":"<script> [189 bytes]","args":[]}
COMMAND: POST /session/bd8f6f9489bd62a6508a75490a4bbe45/execute/async - {"script":"<script> [123 bytes]","args":[]}
RESULT: {"script":"<script> [123 bytes]","args":[]}
COMMAND: POST /session/bd8f6f9489bd62a6508a75490a4bbe45/timeouts - {"script":"<number>"}
RESULT: {"script":"<number>"}
COMMAND: GET /session/bd8f6f9489bd62a6508a75490a4bbe45/timeouts - {}
RESULT: {}
RESULT: undefined
COMMAND: POST /session/bd8f6f9489bd62a6508a75490a4bbe45/execute/async - {"script":"<script> [2676 bytes]","args":[]}
RESULT: {"script":"<script> [2676 bytes]","args":[]}
COMMAND: POST /session/bd8f6f9489bd62a6508a75490a4bbe45/execute/async - {"script":"<script> [2342 bytes]","args":[{"protocol":"http","hostname":"0.0.0.0","path":"/","capabilities":{"browserName":"chrome","goog:chromeOptions":{"binary":"C:\\Program Files\\Google\\Chrome\\Application\\chrome.exe","args":["--start-maximized"]}},"logLevel":"warn","connectionRetryTimeout":120000,"connectionRetryCount":3,"logLevels":{},"enableDirectConnect":true,"strictSSL":true,"_":"65 more keys: [\"cacheDir\",\"port\",\"requestedCapabilities\",\"automationProtocol\",\"baseUrl\",\"waitforInterval\",\"waitforTimeout\",\"onReload\",\"beforeCommand\",\"afterCommand\",\"rootDir\",\"specs\",\"suites\",\"exclude\",\"groupLogsByTestSpec\",\"excludeDriverLogs\",\"bail\",\"framework\",\"reporters\",\"services\",\"maxInstances\",\"maxInstancesPerCapability\",\"injectGlobals\",\"filesToWatch\",\"execArgv\",\"runnerEnv\",\"runner\",\"shard\",\"specFileRetries\",\"specFileRetriesDelay\",\"specFileRetriesDeferred\",\"reporterSyncInterval\",\"reporterSyncTimeout\",\"cucumberFeaturesWithLineNumbers\",\"autoCompileOpts\",\"mochaOpts\",\"jasmineOpts\",\"cucumberOpts\",\"onPrepare\",\"onWorkerStart\",\"onWorkerEnd\",\"before\",\"beforeSession\",\"beforeSuite\",\"beforeHook\",\"beforeTest\",\"afterTest\",\"afterHook\",\"afterSuite\",\"afterSession\",\"after\",\"onComplete\",\"beforeAssertion\",\"afterAssertion\",\"beforeFeature\",\"beforeScenario\",\"beforeStep\",\"afterStep\",\"afterScenario\",\"afterFeature\",\"_\",\"suite\",\"$0\",\"ignoredWorkerServices\",\"wdi5\"]"}]}
RESULT: {"script":"<script> [2342 bytes]","args":[{"protocol":"http","hostname":"0.0.0.0","path":"/","capabilities":{"browserName":"chrome","goog:chromeOptions":{"binary":"C:\\Program Files\\Google\\Chrome\\Application\\chrome.exe","args":["--start-maximized"]}},"logLevel":"warn","connectionRetryTimeout":120000,"connectionRetryCount":3,"logLevels":{},"enableDirectConnect":true,"strictSSL":true,"_":"65 more keys: [\"cacheDir\",\"port\",\"requestedCapabilities\",\"automationProtocol\",\"baseUrl\",\"waitforInterval\",\"waitforTimeout\",\"onReload\",\"beforeCommand\",\"afterCommand\",\"rootDir\",\"specs\",\"suites\",\"exclude\",\"groupLogsByTestSpec\",\"excludeDriverLogs\",\"bail\",\"framework\",\"reporters\",\"services\",\"maxInstances\",\"maxInstancesPerCapability\",\"injectGlobals\",\"filesToWatch\",\"execArgv\",\"runnerEnv\",\"runner\",\"shard\",\"specFileRetries\",\"specFileRetriesDelay\",\"specFileRetriesDeferred\",\"reporterSyncInterval\",\"reporterSyncTimeout\",\"cucumberFeaturesWithLineNumbers\",\"autoCompileOpts\",\"mochaOpts\",\"jasmineOpts\",\"cucumberOpts\",\"onPrepare\",\"onWorkerStart\",\"onWorkerEnd\",\"before\",\"beforeSession\",\"beforeSuite\",\"beforeHook\",\"beforeTest\",\"afterTest\",\"afterHook\",\"afterSuite\",\"afterSession\",\"after\",\"onComplete\",\"beforeAssertion\",\"afterAssertion\",\"beforeFeature\",\"beforeScenario\",\"beforeStep\",\"afterStep\",\"afterScenario\",\"afterFeature\",\"_\",\"suite\",\"$0\",\"ignoredWorkerServices\",\"wdi5\"]"}]}
COMMAND: POST /session/bd8f6f9489bd62a6508a75490a4bbe45/execute/async - {"script":"<script> [21126 bytes]","args":[35000]}
RESULT: {"script":"<script> [21126 bytes]","args":[35000]}
]]></system-out>
    </testcase>
    <testcase classname="chrome.136_0_7103_93.windows.Manage_Requests_Tags_Tests_US120163" name="Should create a new partner" time="80.298">
      <system-out><![CDATA[
COMMAND: POST /session/bd8f6f9489bd62a6508a75490a4bbe45/execute/async - {"script":"<script> [1562 bytes]","args":[{"selector":{"controlType":"sap.m.GenericTile","properties":{"header":"Manage Partners"}},"wdio_ui5_key":"sapm.GenericTile{\"header\":\"Manage Partners\"}"}]}
RESULT: {"script":"<script> [1562 bytes]","args":[{"selector":{"controlType":"sap.m.GenericTile","properties":{"header":"Manage Partners"}},"wdio_ui5_key":"sapm.GenericTile{\"header\":\"Manage Partners\"}"}]}
RESULT: undefined
COMMAND: POST /session/bd8f6f9489bd62a6508a75490a4bbe45/element - {"using":"xpath","value":"//*[@id=\"__tile38\"]"}
RESULT: {"using":"xpath","value":"//*[@id=\"__tile38\"]"}
COMMAND: POST /session/bd8f6f9489bd62a6508a75490a4bbe45/element/f.5D36BF6E7175A89251765FD96C6D3113.d.0352A1DB95580BC84F9C4280D6FA85E9.e.1193/click - {}
RESULT: {}
COMMAND: GET /session/bd8f6f9489bd62a6508a75490a4bbe45/screenshot - {}
RESULT: {}
COMMAND: POST /session/bd8f6f9489bd62a6508a75490a4bbe45/elements - {"using":"xpath","value":"//span[text()='Error']"}
RESULT: {"using":"xpath","value":"//span[text()='Error']"}
COMMAND: POST /session/bd8f6f9489bd62a6508a75490a4bbe45/execute/async - {"script":"<script> [1562 bytes]","args":[{"selector":{"controlType":"sap.ui.core.Icon","viewName":"etm.portal.ui.managepartners.view.Master","viewId":"application-managepartners-display-component---masterPtm","properties":{"src":{"regex":{"source":"add"}}}},"wdio_ui5_key":"etmportal.ui.managepartners.view.Mastersap.ui.core.Icon{\"src\":{\"regex\":{\"source\":\"add\"}}}"}]}
RESULT: {"script":"<script> [1562 bytes]","args":[{"selector":{"controlType":"sap.ui.core.Icon","viewName":"etm.portal.ui.managepartners.view.Master","viewId":"application-managepartners-display-component---masterPtm","properties":{"src":{"regex":{"source":"add"}}}},"wdio_ui5_key":"etmportal.ui.managepartners.view.Mastersap.ui.core.Icon{\"src\":{\"regex\":{\"source\":\"add\"}}}"}]}
RESULT: undefined
COMMAND: POST /session/bd8f6f9489bd62a6508a75490a4bbe45/element - {"using":"xpath","value":"//*[@id=\"__button4-img\"]"}
RESULT: {"using":"xpath","value":"//*[@id=\"__button4-img\"]"}
COMMAND: POST /session/bd8f6f9489bd62a6508a75490a4bbe45/element/f.5D36BF6E7175A89251765FD96C6D3113.d.0352A1DB95580BC84F9C4280D6FA85E9.e.1244/click - {}
RESULT: {}
COMMAND: GET /session/bd8f6f9489bd62a6508a75490a4bbe45/screenshot - {}
RESULT: {}
COMMAND: POST /session/bd8f6f9489bd62a6508a75490a4bbe45/execute/async - {"script":"<script> [1562 bytes]","args":[{"selector":{"id":"application-managepartners-display-component---NewPartner--partnerId","interaction":{"idSuffix":"inner"}},"wdio_ui5_key":"applicationmanagepartners-display-component---NewPartner--partnerId"}]}
RESULT: {"script":"<script> [1562 bytes]","args":[{"selector":{"id":"application-managepartners-display-component---NewPartner--partnerId","interaction":{"idSuffix":"inner"}},"wdio_ui5_key":"applicationmanagepartners-display-component---NewPartner--partnerId"}]}
RESULT: undefined
COMMAND: POST /session/bd8f6f9489bd62a6508a75490a4bbe45/execute/async - {"script":"<script> [1562 bytes]","args":[{"selector":{"id":"application-managepartners-display-component---NewPartner--addressDetailDetailsName1","interaction":{"idSuffix":"inner"}},"wdio_ui5_key":"applicationmanagepartners-display-component---NewPartner--addressDetailDetailsName1"}]}
RESULT: {"script":"<script> [1562 bytes]","args":[{"selector":{"id":"application-managepartners-display-component---NewPartner--addressDetailDetailsName1","interaction":{"idSuffix":"inner"}},"wdio_ui5_key":"applicationmanagepartners-display-component---NewPartner--addressDetailDetailsName1"}]}
RESULT: undefined
COMMAND: POST /session/bd8f6f9489bd62a6508a75490a4bbe45/execute/async - {"script":"<script> [776 bytes]","args":[{"enterText":"WebdriverPartnerowd7l","selector":{"id":"application-managepartners-display-component---NewPartner--addressDetailDetailsName1","interaction":{"idSuffix":"inner"}},"clearTextFirst":true,"interactionType":"ENTER_TEXT"}]}
RESULT: {"script":"<script> [776 bytes]","args":[{"enterText":"WebdriverPartnerowd7l","selector":{"id":"application-managepartners-display-component---NewPartner--addressDetailDetailsName1","interaction":{"idSuffix":"inner"}},"clearTextFirst":true,"interactionType":"ENTER_TEXT"}]}
COMMAND: POST /session/bd8f6f9489bd62a6508a75490a4bbe45/execute/async - {"script":"<script> [1562 bytes]","args":[{"selector":{"id":"application-managepartners-display-component---NewPartner--addressDetailDetailsLanguage","interaction":{"idSuffix":"inner"}},"wdio_ui5_key":"applicationmanagepartners-display-component---NewPartner--addressDetailDetailsLanguage"}]}
RESULT: {"script":"<script> [1562 bytes]","args":[{"selector":{"id":"application-managepartners-display-component---NewPartner--addressDetailDetailsLanguage","interaction":{"idSuffix":"inner"}},"wdio_ui5_key":"applicationmanagepartners-display-component---NewPartner--addressDetailDetailsLanguage"}]}
RESULT: undefined
COMMAND: POST /session/bd8f6f9489bd62a6508a75490a4bbe45/execute/async - {"script":"<script> [776 bytes]","args":[{"enterText":"Romanian","selector":{"id":"application-managepartners-display-component---NewPartner--addressDetailDetailsLanguage","interaction":{"idSuffix":"inner"}},"clearTextFirst":true,"interactionType":"ENTER_TEXT"}]}
RESULT: {"script":"<script> [776 bytes]","args":[{"enterText":"Romanian","selector":{"id":"application-managepartners-display-component---NewPartner--addressDetailDetailsLanguage","interaction":{"idSuffix":"inner"}},"clearTextFirst":true,"interactionType":"ENTER_TEXT"}]}
COMMAND: POST /session/bd8f6f9489bd62a6508a75490a4bbe45/element - {"using":"xpath","value":"//input[contains(@id ,\"application-managepartners-display-component---NewPartner--addressDetailDetailsName1-inner\")]"}
RESULT: {"using":"xpath","value":"//input[contains(@id ,\"application-managepartners-display-component---NewPartner--addressDetailDetailsName1-inner\")]"}
COMMAND: GET /session/bd8f6f9489bd62a6508a75490a4bbe45/element/f.5D36BF6E7175A89251765FD96C6D3113.d.0352A1DB95580BC84F9C4280D6FA85E9.e.1426/property/value - {}
RESULT: {}
COMMAND: POST /session/bd8f6f9489bd62a6508a75490a4bbe45/execute/async - {"script":"<script> [1562 bytes]","args":[{"selector":{"id":"application-managepartners-display-component---NewPartner--addressDetailDetailsCity1","interaction":{"idSuffix":"inner"}},"wdio_ui5_key":"applicationmanagepartners-display-component---NewPartner--addressDetailDetailsCity1"}]}
COMMAND: GET /session/bd8f6f9489bd62a6508a75490a4bbe45/screenshot - {}
RESULT: {"script":"<script> [1562 bytes]","args":[{"selector":{"id":"application-managepartners-display-component---NewPartner--addressDetailDetailsCity1","interaction":{"idSuffix":"inner"}},"wdio_ui5_key":"applicationmanagepartners-display-component---NewPartner--addressDetailDetailsCity1"}]}
RESULT: undefined
COMMAND: POST /session/bd8f6f9489bd62a6508a75490a4bbe45/execute/async - {"script":"<script> [776 bytes]","args":[{"enterText":"Bucharest","selector":{"id":"application-managepartners-display-component---NewPartner--addressDetailDetailsCity1","interaction":{"idSuffix":"inner"}},"clearTextFirst":true,"interactionType":"ENTER_TEXT"}]}
RESULT: {}
RESULT: {"script":"<script> [776 bytes]","args":[{"enterText":"Bucharest","selector":{"id":"application-managepartners-display-component---NewPartner--addressDetailDetailsCity1","interaction":{"idSuffix":"inner"}},"clearTextFirst":true,"interactionType":"ENTER_TEXT"}]}
COMMAND: POST /session/bd8f6f9489bd62a6508a75490a4bbe45/execute/async - {"script":"<script> [1562 bytes]","args":[{"selector":{"id":"application-managepartners-display-component---NewPartner--addressDetailDetailsCountry","interaction":{"idSuffix":"inner"}},"wdio_ui5_key":"applicationmanagepartners-display-component---NewPartner--addressDetailDetailsCountry"}]}
RESULT: {"script":"<script> [1562 bytes]","args":[{"selector":{"id":"application-managepartners-display-component---NewPartner--addressDetailDetailsCountry","interaction":{"idSuffix":"inner"}},"wdio_ui5_key":"applicationmanagepartners-display-component---NewPartner--addressDetailDetailsCountry"}]}
RESULT: undefined
COMMAND: POST /session/bd8f6f9489bd62a6508a75490a4bbe45/execute/async - {"script":"<script> [6424 bytes]","args":[{"element-6066-11e4-a52e-4f735466cecf":"f.5D36BF6E7175A89251765FD96C6D3113.d.0352A1DB95580BC84F9C4280D6FA85E9.e.1433"},"setValue",["Romania"]]}
RESULT: {"script":"<script> [6424 bytes]","args":[{"element-6066-11e4-a52e-4f735466cecf":"f.5D36BF6E7175A89251765FD96C6D3113.d.0352A1DB95580BC84F9C4280D6FA85E9.e.1433"},"setValue",["Romania"]]}
COMMAND: POST /session/bd8f6f9489bd62a6508a75490a4bbe45/execute/async - {"script":"<script> [1562 bytes]","args":[{"selector":{"id":"application-managepartners-display-component---NewPartner--partnerDetailInternal","interaction":{"idSuffix":"inner"}},"wdio_ui5_key":"applicationmanagepartners-display-component---NewPartner--partnerDetailInternal"}]}
RESULT: {"script":"<script> [1562 bytes]","args":[{"selector":{"id":"application-managepartners-display-component---NewPartner--partnerDetailInternal","interaction":{"idSuffix":"inner"}},"wdio_ui5_key":"applicationmanagepartners-display-component---NewPartner--partnerDetailInternal"}]}
RESULT: undefined
COMMAND: POST /session/bd8f6f9489bd62a6508a75490a4bbe45/execute/async - {"script":"<script> [776 bytes]","args":[{"enterText":"External partner","selector":{"id":"application-managepartners-display-component---NewPartner--partnerDetailInternal","interaction":{"idSuffix":"inner"}},"clearTextFirst":true,"interactionType":"ENTER_TEXT"}]}
RESULT: {"script":"<script> [776 bytes]","args":[{"enterText":"External partner","selector":{"id":"application-managepartners-display-component---NewPartner--partnerDetailInternal","interaction":{"idSuffix":"inner"}},"clearTextFirst":true,"interactionType":"ENTER_TEXT"}]}
COMMAND: POST /session/bd8f6f9489bd62a6508a75490a4bbe45/execute/async - {"script":"<script> [1562 bytes]","args":[{"selector":{"id":"application-managepartners-display-component---NewPartner--partnerDetailsCurrency","interaction":{"idSuffix":"inner"}},"wdio_ui5_key":"applicationmanagepartners-display-component---NewPartner--partnerDetailsCurrency"}]}
RESULT: {"script":"<script> [1562 bytes]","args":[{"selector":{"id":"application-managepartners-display-component---NewPartner--partnerDetailsCurrency","interaction":{"idSuffix":"inner"}},"wdio_ui5_key":"applicationmanagepartners-display-component---NewPartner--partnerDetailsCurrency"}]}
RESULT: undefined
COMMAND: POST /session/bd8f6f9489bd62a6508a75490a4bbe45/execute/async - {"script":"<script> [776 bytes]","args":[{"enterText":"Euro","selector":{"id":"application-managepartners-display-component---NewPartner--partnerDetailsCurrency","interaction":{"idSuffix":"inner"}},"clearTextFirst":true,"interactionType":"ENTER_TEXT"}]}
RESULT: {"script":"<script> [776 bytes]","args":[{"enterText":"Euro","selector":{"id":"application-managepartners-display-component---NewPartner--partnerDetailsCurrency","interaction":{"idSuffix":"inner"}},"clearTextFirst":true,"interactionType":"ENTER_TEXT"}]}
COMMAND: POST /session/bd8f6f9489bd62a6508a75490a4bbe45/execute/async - {"script":"<script> [1562 bytes]","args":[{"selector":{"controlType":"sap.m.Button","viewName":"etm.portal.ui.managepartners.view.NewPartner","viewId":"application-managepartners-display-component---NewPartner","properties":{"text":"Commercial"},"interaction":{"idSuffix":"BDI-content"}},"wdio_ui5_key":"etmportal.ui.managepartners.view.NewPartnersap.m.Button{\"text\":\"Commercial\"}"}]}
RESULT: {"script":"<script> [1562 bytes]","args":[{"selector":{"controlType":"sap.m.Button","viewName":"etm.portal.ui.managepartners.view.NewPartner","viewId":"application-managepartners-display-component---NewPartner","properties":{"text":"Commercial"},"interaction":{"idSuffix":"BDI-content"}},"wdio_ui5_key":"etmportal.ui.managepartners.view.NewPartnersap.m.Button{\"text\":\"Commercial\"}"}]}
RESULT: undefined
COMMAND: POST /session/bd8f6f9489bd62a6508a75490a4bbe45/element - {"using":"xpath","value":"//*[@id=\"application-managepartners-display-component---NewPartner--ObjectPageLayout-anchBar-__section5-anchor\"]"}
RESULT: {"using":"xpath","value":"//*[@id=\"application-managepartners-display-component---NewPartner--ObjectPageLayout-anchBar-__section5-anchor\"]"}
COMMAND: POST /session/bd8f6f9489bd62a6508a75490a4bbe45/element/f.5D36BF6E7175A89251765FD96C6D3113.d.0352A1DB95580BC84F9C4280D6FA85E9.e.1661/click - {}
RESULT: {}
COMMAND: GET /session/bd8f6f9489bd62a6508a75490a4bbe45/screenshot - {}
RESULT: {}
COMMAND: POST /session/bd8f6f9489bd62a6508a75490a4bbe45/execute/async - {"script":"<script> [1562 bytes]","args":[{"selector":{"id":"application-managepartners-display-component---NewPartner--btnAddTableRow-img"},"wdio_ui5_key":"applicationmanagepartners-display-component---NewPartner--btnAddTableRow-img"}]}
RESULT: {"script":"<script> [1562 bytes]","args":[{"selector":{"id":"application-managepartners-display-component---NewPartner--btnAddTableRow-img"},"wdio_ui5_key":"applicationmanagepartners-display-component---NewPartner--btnAddTableRow-img"}]}
RESULT: undefined
COMMAND: POST /session/bd8f6f9489bd62a6508a75490a4bbe45/element - {"using":"xpath","value":"//*[@id=\"application-managepartners-display-component---NewPartner--btnAddTableRow-img\"]"}
RESULT: {"using":"xpath","value":"//*[@id=\"application-managepartners-display-component---NewPartner--btnAddTableRow-img\"]"}
COMMAND: POST /session/bd8f6f9489bd62a6508a75490a4bbe45/element/f.5D36BF6E7175A89251765FD96C6D3113.d.0352A1DB95580BC84F9C4280D6FA85E9.e.1669/click - {}
RESULT: {}
COMMAND: POST /session/bd8f6f9489bd62a6508a75490a4bbe45/element - {"using":"xpath","value":"//input[contains(@id ,\"application-managepartners-display-component---NewPartner--assignmentYard-application-managepartners-display-component---NewPartner\")]"}
COMMAND: GET /session/bd8f6f9489bd62a6508a75490a4bbe45/screenshot - {}
RESULT: {"using":"xpath","value":"//input[contains(@id ,\"application-managepartners-display-component---NewPartner--assignmentYard-application-managepartners-display-component---NewPartner\")]"}
COMMAND: POST /session/bd8f6f9489bd62a6508a75490a4bbe45/element/f.5D36BF6E7175A89251765FD96C6D3113.d.0352A1DB95580BC84F9C4280D6FA85E9.e.1672/clear - {}
RESULT: {}
RESULT: {}
COMMAND: POST /session/bd8f6f9489bd62a6508a75490a4bbe45/element/f.5D36BF6E7175A89251765FD96C6D3113.d.0352A1DB95580BC84F9C4280D6FA85E9.e.1672/value - {"text":"WebdriverYardziz0f"}
COMMAND: GET /session/bd8f6f9489bd62a6508a75490a4bbe45/screenshot - {}
RESULT: {"text":"WebdriverYardziz0f"}
COMMAND: GET /session/bd8f6f9489bd62a6508a75490a4bbe45/screenshot - {}
RESULT: {}
RESULT: {}
COMMAND: POST /session/bd8f6f9489bd62a6508a75490a4bbe45/execute/async - {"script":"<script> [1562 bytes]","args":[{"selector":{"controlType":"sap.m.Button","viewName":"etm.portal.ui.managepartners.view.NewPartner","viewId":"application-managepartners-display-component---NewPartner","i18NText":{"propertyName":"text","key":"save"},"interaction":{"idSuffix":"BDI-content"}},"wdio_ui5_key":"etmportal.ui.managepartners.view.NewPartnersap.m.Button{\"propertyName\":\"text\",\"key\":\"save\"}"}]}
RESULT: {"script":"<script> [1562 bytes]","args":[{"selector":{"controlType":"sap.m.Button","viewName":"etm.portal.ui.managepartners.view.NewPartner","viewId":"application-managepartners-display-component---NewPartner","i18NText":{"propertyName":"text","key":"save"},"interaction":{"idSuffix":"BDI-content"}},"wdio_ui5_key":"etmportal.ui.managepartners.view.NewPartnersap.m.Button{\"propertyName\":\"text\",\"key\":\"save\"}"}]}
RESULT: undefined
COMMAND: POST /session/bd8f6f9489bd62a6508a75490a4bbe45/element - {"using":"xpath","value":"//*[@id=\"__button12\"]"}
RESULT: {"using":"xpath","value":"//*[@id=\"__button12\"]"}
COMMAND: POST /session/bd8f6f9489bd62a6508a75490a4bbe45/element/f.5D36BF6E7175A89251765FD96C6D3113.d.0352A1DB95580BC84F9C4280D6FA85E9.e.1559/click - {}
RESULT: {}
COMMAND: GET /session/bd8f6f9489bd62a6508a75490a4bbe45/screenshot - {}
RESULT: {}
COMMAND: POST /session/bd8f6f9489bd62a6508a75490a4bbe45/element - {"using":"xpath","value":"//header/div/div[2]/div[2]/span"}
RESULT: {"using":"xpath","value":"//header/div/div[2]/div[2]/span"}
COMMAND: GET /session/bd8f6f9489bd62a6508a75490a4bbe45/element/f.5D36BF6E7175A89251765FD96C6D3113.d.0352A1DB95580BC84F9C4280D6FA85E9.e.1843/text - {}
RESULT: {}
COMMAND: POST /session/bd8f6f9489bd62a6508a75490a4bbe45/element - {"using":"xpath","value":"//header/div/div/div/div/div/div[2]/div/span"}
RESULT: {"using":"xpath","value":"//header/div/div/div/div/div/div[2]/div/span"}
COMMAND: GET /session/bd8f6f9489bd62a6508a75490a4bbe45/element/f.5D36BF6E7175A89251765FD96C6D3113.d.0352A1DB95580BC84F9C4280D6FA85E9.e.1844/text - {}
RESULT: {}
COMMAND: POST /session/bd8f6f9489bd62a6508a75490a4bbe45/execute/async - {"script":"<script> [1562 bytes]","args":[{"selector":{"id":"application-managepartners-display-component---detailPtm--partnerType"},"wdio_ui5_key":"applicationmanagepartners-display-component---detailPtm--partnerType"}]}
RESULT: {"script":"<script> [1562 bytes]","args":[{"selector":{"id":"application-managepartners-display-component---detailPtm--partnerType"},"wdio_ui5_key":"applicationmanagepartners-display-component---detailPtm--partnerType"}]}
RESULT: undefined
COMMAND: POST /session/bd8f6f9489bd62a6508a75490a4bbe45/execute/async - {"script":"<script> [6424 bytes]","args":[{"element-6066-11e4-a52e-4f735466cecf":"f.5D36BF6E7175A89251765FD96C6D3113.d.0352A1DB95580BC84F9C4280D6FA85E9.e.1845"},"getText",[]]}
RESULT: {"script":"<script> [6424 bytes]","args":[{"element-6066-11e4-a52e-4f735466cecf":"f.5D36BF6E7175A89251765FD96C6D3113.d.0352A1DB95580BC84F9C4280D6FA85E9.e.1845"},"getText",[]]}
COMMAND: POST /session/bd8f6f9489bd62a6508a75490a4bbe45/element - {"using":"css selector","value":"#shell-header-logo"}
RESULT: {"using":"css selector","value":"#shell-header-logo"}
COMMAND: POST /session/bd8f6f9489bd62a6508a75490a4bbe45/element/f.5D36BF6E7175A89251765FD96C6D3113.d.0352A1DB95580BC84F9C4280D6FA85E9.e.1178/click - {}
RESULT: {}
COMMAND: GET /session/bd8f6f9489bd62a6508a75490a4bbe45/screenshot - {}
RESULT: {}
]]></system-out>
    </testcase>
    <testcase classname="chrome.136_0_7103_93.windows.Manage_Requests_Tags_Tests_US120163" name="Should create a new site" time="98.961">
      <system-out><![CDATA[
COMMAND: POST /session/bd8f6f9489bd62a6508a75490a4bbe45/execute/async - {"script":"<script> [1562 bytes]","args":[{"selector":{"controlType":"sap.m.GenericTile","properties":{"header":"Manage Sites"}},"wdio_ui5_key":"sapm.GenericTile{\"header\":\"Manage Sites\"}"}]}
RESULT: {"script":"<script> [1562 bytes]","args":[{"selector":{"controlType":"sap.m.GenericTile","properties":{"header":"Manage Sites"}},"wdio_ui5_key":"sapm.GenericTile{\"header\":\"Manage Sites\"}"}]}
RESULT: undefined
COMMAND: POST /session/bd8f6f9489bd62a6508a75490a4bbe45/element - {"using":"xpath","value":"//*[@id=\"__tile40\"]"}
RESULT: {"using":"xpath","value":"//*[@id=\"__tile40\"]"}
COMMAND: POST /session/bd8f6f9489bd62a6508a75490a4bbe45/element/f.5D36BF6E7175A89251765FD96C6D3113.d.0352A1DB95580BC84F9C4280D6FA85E9.e.1847/click - {}
RESULT: {}
COMMAND: GET /session/bd8f6f9489bd62a6508a75490a4bbe45/screenshot - {}
RESULT: {}
COMMAND: POST /session/bd8f6f9489bd62a6508a75490a4bbe45/elements - {"using":"xpath","value":"//span[text()='Error']"}
RESULT: {"using":"xpath","value":"//span[text()='Error']"}
COMMAND: POST /session/bd8f6f9489bd62a6508a75490a4bbe45/execute/async - {"script":"<script> [1562 bytes]","args":[{"selector":{"controlType":"sap.ui.core.Icon","viewName":"etm.portal.ui.managesites.view.Master","viewId":"application-managesites-display-component---masterSite","properties":{"src":{"regex":{"source":"add"}}}},"wdio_ui5_key":"etmportal.ui.managesites.view.Mastersap.ui.core.Icon{\"src\":{\"regex\":{\"source\":\"add\"}}}"}]}
RESULT: {"script":"<script> [1562 bytes]","args":[{"selector":{"controlType":"sap.ui.core.Icon","viewName":"etm.portal.ui.managesites.view.Master","viewId":"application-managesites-display-component---masterSite","properties":{"src":{"regex":{"source":"add"}}}},"wdio_ui5_key":"etmportal.ui.managesites.view.Mastersap.ui.core.Icon{\"src\":{\"regex\":{\"source\":\"add\"}}}"}]}
RESULT: undefined
COMMAND: POST /session/bd8f6f9489bd62a6508a75490a4bbe45/element - {"using":"xpath","value":"//*[@id=\"__button48-img\"]"}
RESULT: {"using":"xpath","value":"//*[@id=\"__button48-img\"]"}
COMMAND: POST /session/bd8f6f9489bd62a6508a75490a4bbe45/element/f.5D36BF6E7175A89251765FD96C6D3113.d.0352A1DB95580BC84F9C4280D6FA85E9.e.1897/click - {}
RESULT: {}
COMMAND: POST /session/bd8f6f9489bd62a6508a75490a4bbe45/execute/async - {"script":"<script> [1562 bytes]","args":[{"selector":{"id":"application-managesites-display-component---NewSite--siteId","interaction":{"idSuffix":"inner"}},"wdio_ui5_key":"applicationmanagesites-display-component---NewSite--siteId"}]}
COMMAND: GET /session/bd8f6f9489bd62a6508a75490a4bbe45/screenshot - {}
RESULT: {"script":"<script> [1562 bytes]","args":[{"selector":{"id":"application-managesites-display-component---NewSite--siteId","interaction":{"idSuffix":"inner"}},"wdio_ui5_key":"applicationmanagesites-display-component---NewSite--siteId"}]}
RESULT: undefined
COMMAND: POST /session/bd8f6f9489bd62a6508a75490a4bbe45/execute/async - {"script":"<script> [1562 bytes]","args":[{"selector":{"id":"application-managesites-display-component---NewSite--addressDetailDetailsName1","interaction":{"idSuffix":"inner"}},"wdio_ui5_key":"applicationmanagesites-display-component---NewSite--addressDetailDetailsName1"}]}
RESULT: {}
RESULT: {"script":"<script> [1562 bytes]","args":[{"selector":{"id":"application-managesites-display-component---NewSite--addressDetailDetailsName1","interaction":{"idSuffix":"inner"}},"wdio_ui5_key":"applicationmanagesites-display-component---NewSite--addressDetailDetailsName1"}]}
RESULT: undefined
COMMAND: POST /session/bd8f6f9489bd62a6508a75490a4bbe45/execute/async - {"script":"<script> [776 bytes]","args":[{"enterText":"WebdriverSite89rs8","selector":{"id":"application-managesites-display-component---NewSite--addressDetailDetailsName1","interaction":{"idSuffix":"inner"}},"clearTextFirst":true,"interactionType":"ENTER_TEXT"}]}
RESULT: {"script":"<script> [776 bytes]","args":[{"enterText":"WebdriverSite89rs8","selector":{"id":"application-managesites-display-component---NewSite--addressDetailDetailsName1","interaction":{"idSuffix":"inner"}},"clearTextFirst":true,"interactionType":"ENTER_TEXT"}]}
COMMAND: POST /session/bd8f6f9489bd62a6508a75490a4bbe45/execute/async - {"script":"<script> [1562 bytes]","args":[{"selector":{"id":"application-managesites-display-component---NewSite--addressDetailDetailsLanguage","interaction":{"idSuffix":"inner"}},"wdio_ui5_key":"applicationmanagesites-display-component---NewSite--addressDetailDetailsLanguage"}]}
RESULT: {"script":"<script> [1562 bytes]","args":[{"selector":{"id":"application-managesites-display-component---NewSite--addressDetailDetailsLanguage","interaction":{"idSuffix":"inner"}},"wdio_ui5_key":"applicationmanagesites-display-component---NewSite--addressDetailDetailsLanguage"}]}
RESULT: undefined
COMMAND: POST /session/bd8f6f9489bd62a6508a75490a4bbe45/execute/async - {"script":"<script> [776 bytes]","args":[{"enterText":"Romanian","selector":{"id":"application-managesites-display-component---NewSite--addressDetailDetailsLanguage","interaction":{"idSuffix":"inner"}},"clearTextFirst":true,"interactionType":"ENTER_TEXT"}]}
RESULT: {"script":"<script> [776 bytes]","args":[{"enterText":"Romanian","selector":{"id":"application-managesites-display-component---NewSite--addressDetailDetailsLanguage","interaction":{"idSuffix":"inner"}},"clearTextFirst":true,"interactionType":"ENTER_TEXT"}]}
COMMAND: POST /session/bd8f6f9489bd62a6508a75490a4bbe45/execute/async - {"script":"<script> [1562 bytes]","args":[{"selector":{"id":"application-managesites-display-component---NewSite--addressDetailDetailsCity1","interaction":{"idSuffix":"inner"}},"wdio_ui5_key":"applicationmanagesites-display-component---NewSite--addressDetailDetailsCity1"}]}
RESULT: {"script":"<script> [1562 bytes]","args":[{"selector":{"id":"application-managesites-display-component---NewSite--addressDetailDetailsCity1","interaction":{"idSuffix":"inner"}},"wdio_ui5_key":"applicationmanagesites-display-component---NewSite--addressDetailDetailsCity1"}]}
RESULT: undefined
COMMAND: POST /session/bd8f6f9489bd62a6508a75490a4bbe45/execute/async - {"script":"<script> [776 bytes]","args":[{"enterText":"Bucharest","selector":{"id":"application-managesites-display-component---NewSite--addressDetailDetailsCity1","interaction":{"idSuffix":"inner"}},"clearTextFirst":true,"interactionType":"ENTER_TEXT"}]}
RESULT: {"script":"<script> [776 bytes]","args":[{"enterText":"Bucharest","selector":{"id":"application-managesites-display-component---NewSite--addressDetailDetailsCity1","interaction":{"idSuffix":"inner"}},"clearTextFirst":true,"interactionType":"ENTER_TEXT"}]}
COMMAND: POST /session/bd8f6f9489bd62a6508a75490a4bbe45/execute/async - {"script":"<script> [1562 bytes]","args":[{"selector":{"id":"application-managesites-display-component---NewSite--addressDetailDetailsCountry","interaction":{"idSuffix":"inner"}},"wdio_ui5_key":"applicationmanagesites-display-component---NewSite--addressDetailDetailsCountry"}]}
RESULT: {"script":"<script> [1562 bytes]","args":[{"selector":{"id":"application-managesites-display-component---NewSite--addressDetailDetailsCountry","interaction":{"idSuffix":"inner"}},"wdio_ui5_key":"applicationmanagesites-display-component---NewSite--addressDetailDetailsCountry"}]}
RESULT: undefined
COMMAND: POST /session/bd8f6f9489bd62a6508a75490a4bbe45/execute/async - {"script":"<script> [776 bytes]","args":[{"enterText":"Romania","selector":{"id":"application-managesites-display-component---NewSite--addressDetailDetailsCountry","interaction":{"idSuffix":"inner"}},"clearTextFirst":true,"interactionType":"ENTER_TEXT"}]}
RESULT: {"script":"<script> [776 bytes]","args":[{"enterText":"Romania","selector":{"id":"application-managesites-display-component---NewSite--addressDetailDetailsCountry","interaction":{"idSuffix":"inner"}},"clearTextFirst":true,"interactionType":"ENTER_TEXT"}]}
COMMAND: POST /session/bd8f6f9489bd62a6508a75490a4bbe45/element - {"using":"css selector","value":"#application-managesites-display-component---NewSite--addressDetailDetailsCalendar-inner"}
RESULT: {"using":"css selector","value":"#application-managesites-display-component---NewSite--addressDetailDetailsCalendar-inner"}
COMMAND: POST /session/bd8f6f9489bd62a6508a75490a4bbe45/element/f.5D36BF6E7175A89251765FD96C6D3113.d.0352A1DB95580BC84F9C4280D6FA85E9.e.2094/clear - {}
RESULT: {}
COMMAND: POST /session/bd8f6f9489bd62a6508a75490a4bbe45/element/f.5D36BF6E7175A89251765FD96C6D3113.d.0352A1DB95580BC84F9C4280D6FA85E9.e.2094/value - {"text":"Germany"}
COMMAND: GET /session/bd8f6f9489bd62a6508a75490a4bbe45/screenshot - {}
RESULT: {"text":"Germany"}
COMMAND: POST /session/bd8f6f9489bd62a6508a75490a4bbe45/execute/async - {"script":"<script> [1562 bytes]","args":[{"selector":{"id":"application-managesites-display-component---NewSite--addressEditDetailsCostObjectCstType-arrow"},"wdio_ui5_key":"applicationmanagesites-display-component---NewSite--addressEditDetailsCostObjectCstType-arrow"}]}
COMMAND: GET /session/bd8f6f9489bd62a6508a75490a4bbe45/screenshot - {}
RESULT: {}
RESULT: {"script":"<script> [1562 bytes]","args":[{"selector":{"id":"application-managesites-display-component---NewSite--addressEditDetailsCostObjectCstType-arrow"},"wdio_ui5_key":"applicationmanagesites-display-component---NewSite--addressEditDetailsCostObjectCstType-arrow"}]}
RESULT: undefined
COMMAND: POST /session/bd8f6f9489bd62a6508a75490a4bbe45/element - {"using":"xpath","value":"//*[@id=\"application-managesites-display-component---NewSite--addressEditDetailsCostObjectCstType-arrow\"]"}
RESULT: {}
RESULT: {"using":"xpath","value":"//*[@id=\"application-managesites-display-component---NewSite--addressEditDetailsCostObjectCstType-arrow\"]"}
COMMAND: POST /session/bd8f6f9489bd62a6508a75490a4bbe45/element/f.5D36BF6E7175A89251765FD96C6D3113.d.0352A1DB95580BC84F9C4280D6FA85E9.e.2275/click - {}
RESULT: {}
COMMAND: POST /session/bd8f6f9489bd62a6508a75490a4bbe45/element - {"using":"xpath","value":"//span[contains(text(), \"Work Breakdown Structure\")]"}
COMMAND: GET /session/bd8f6f9489bd62a6508a75490a4bbe45/screenshot - {}
RESULT: {"using":"xpath","value":"//span[contains(text(), \"Work Breakdown Structure\")]"}
COMMAND: POST /session/bd8f6f9489bd62a6508a75490a4bbe45/element/f.5D36BF6E7175A89251765FD96C6D3113.d.0352A1DB95580BC84F9C4280D6FA85E9.e.2276/click - {}
RESULT: {}
RESULT: {}
COMMAND: GET /session/bd8f6f9489bd62a6508a75490a4bbe45/screenshot - {}
RESULT: {}
COMMAND: POST /session/bd8f6f9489bd62a6508a75490a4bbe45/execute/async - {"script":"<script> [1562 bytes]","args":[{"selector":{"id":"application-managesites-display-component---NewSite--addressNewCostObjectCstID-vhi"},"wdio_ui5_key":"applicationmanagesites-display-component---NewSite--addressNewCostObjectCstID-vhi"}]}
RESULT: {"script":"<script> [1562 bytes]","args":[{"selector":{"id":"application-managesites-display-component---NewSite--addressNewCostObjectCstID-vhi"},"wdio_ui5_key":"applicationmanagesites-display-component---NewSite--addressNewCostObjectCstID-vhi"}]}
RESULT: undefined
COMMAND: POST /session/bd8f6f9489bd62a6508a75490a4bbe45/element - {"using":"xpath","value":"//*[@id=\"application-managesites-display-component---NewSite--addressNewCostObjectCstID-vhi\"]"}
RESULT: {"using":"xpath","value":"//*[@id=\"application-managesites-display-component---NewSite--addressNewCostObjectCstID-vhi\"]"}
COMMAND: POST /session/bd8f6f9489bd62a6508a75490a4bbe45/element/f.5D36BF6E7175A89251765FD96C6D3113.d.0352A1DB95580BC84F9C4280D6FA85E9.e.2281/click - {}
RESULT: {}
COMMAND: GET /session/bd8f6f9489bd62a6508a75490a4bbe45/screenshot - {}
RESULT: {}
COMMAND: POST /session/bd8f6f9489bd62a6508a75490a4bbe45/execute/async - {"script":"<script> [1562 bytes]","args":[{"selector":{"controlType":"sap.m.SearchField","properties":{"placeholder":"Search"},"searchOpenDialogs":true,"interaction":{"idSuffix":"I"}},"wdio_ui5_key":"sapm.SearchField{\"placeholder\":\"Search\"}"}]}
RESULT: {"script":"<script> [1562 bytes]","args":[{"selector":{"controlType":"sap.m.SearchField","properties":{"placeholder":"Search"},"searchOpenDialogs":true,"interaction":{"idSuffix":"I"}},"wdio_ui5_key":"sapm.SearchField{\"placeholder\":\"Search\"}"}]}
RESULT: undefined
COMMAND: POST /session/bd8f6f9489bd62a6508a75490a4bbe45/execute/async - {"script":"<script> [776 bytes]","args":[{"enterText":"A1-000100-01","selector":{"controlType":"sap.m.SearchField","properties":{"placeholder":"Search"},"searchOpenDialogs":true,"interaction":{"idSuffix":"I"}},"clearTextFirst":true,"interactionType":"ENTER_TEXT"}]}
RESULT: {"script":"<script> [776 bytes]","args":[{"enterText":"A1-000100-01","selector":{"controlType":"sap.m.SearchField","properties":{"placeholder":"Search"},"searchOpenDialogs":true,"interaction":{"idSuffix":"I"}},"clearTextFirst":true,"interactionType":"ENTER_TEXT"}]}
COMMAND: POST /session/bd8f6f9489bd62a6508a75490a4bbe45/actions - {"actions":[{"id":"action3","type":"key","parameters":{},"actions":[{"type":"keyDown","value":"î€‡"},{"type":"pause","duration":10},{"type":"keyUp","value":"î€‡"}]}]}
RESULT: {"actions":[{"id":"action3","type":"key","parameters":{},"actions":[{"type":"keyDown","value":"î€‡"},{"type":"pause","duration":10},{"type":"keyUp","value":"î€‡"}]}]}
COMMAND: GET /session/bd8f6f9489bd62a6508a75490a4bbe45/screenshot - {}
RESULT: {}
COMMAND: POST /session/bd8f6f9489bd62a6508a75490a4bbe45/element - {"using":"xpath","value":"//span[contains(text(), \"Template for ETO-Process\")]"}
RESULT: {"using":"xpath","value":"//span[contains(text(), \"Template for ETO-Process\")]"}
COMMAND: POST /session/bd8f6f9489bd62a6508a75490a4bbe45/element/f.5D36BF6E7175A89251765FD96C6D3113.d.0352A1DB95580BC84F9C4280D6FA85E9.e.2302/click - {}
RESULT: {}
COMMAND: GET /session/bd8f6f9489bd62a6508a75490a4bbe45/screenshot - {}
RESULT: {}
COMMAND: POST /session/bd8f6f9489bd62a6508a75490a4bbe45/element - {"using":"xpath","value":"//bdi[contains(text(), \"OK\")]"}
RESULT: {"using":"xpath","value":"//bdi[contains(text(), \"OK\")]"}
COMMAND: POST /session/bd8f6f9489bd62a6508a75490a4bbe45/element/f.5D36BF6E7175A89251765FD96C6D3113.d.0352A1DB95580BC84F9C4280D6FA85E9.e.2303/click - {}
RESULT: {}
COMMAND: GET /session/bd8f6f9489bd62a6508a75490a4bbe45/screenshot - {}
RESULT: {}
COMMAND: POST /session/bd8f6f9489bd62a6508a75490a4bbe45/element - {"using":"xpath","value":"//input[@id=\"application-managesites-display-component---NewSite--addressDetailDetailsYard-inner\"]"}
RESULT: {"using":"xpath","value":"//input[@id=\"application-managesites-display-component---NewSite--addressDetailDetailsYard-inner\"]"}
COMMAND: POST /session/bd8f6f9489bd62a6508a75490a4bbe45/element/f.5D36BF6E7175A89251765FD96C6D3113.d.0352A1DB95580BC84F9C4280D6FA85E9.e.2095/value - {"text":"WebdriverYardziz0f"}
RESULT: {"text":"WebdriverYardziz0f"}
COMMAND: GET /session/bd8f6f9489bd62a6508a75490a4bbe45/screenshot - {}
RESULT: {}
COMMAND: POST /session/bd8f6f9489bd62a6508a75490a4bbe45/actions - {"actions":[{"id":"action4","type":"key","parameters":{},"actions":[{"type":"keyDown","value":"î€‡"},{"type":"pause","duration":10},{"type":"keyUp","value":"î€‡"}]}]}
RESULT: {"actions":[{"id":"action4","type":"key","parameters":{},"actions":[{"type":"keyDown","value":"î€‡"},{"type":"pause","duration":10},{"type":"keyUp","value":"î€‡"}]}]}
COMMAND: GET /session/bd8f6f9489bd62a6508a75490a4bbe45/screenshot - {}
RESULT: {}
COMMAND: POST /session/bd8f6f9489bd62a6508a75490a4bbe45/element - {"using":"xpath","value":"//input[@id=\"application-managesites-display-component---NewSite--addressDetailDetailsPartner-inner\"]"}
RESULT: {"using":"xpath","value":"//input[@id=\"application-managesites-display-component---NewSite--addressDetailDetailsPartner-inner\"]"}
COMMAND: POST /session/bd8f6f9489bd62a6508a75490a4bbe45/elements - {"using":"xpath","value":"//input[@id=\"application-managesites-display-component---NewSite--addressDetailDetailsPartner-inner\"]"}
RESULT: {"using":"xpath","value":"//input[@id=\"application-managesites-display-component---NewSite--addressDetailDetailsPartner-inner\"]"}
COMMAND: POST /session/bd8f6f9489bd62a6508a75490a4bbe45/execute/async - {"script":"<script> [1562 bytes]","args":[{"selector":{"controlType":"sap.m.Button","viewName":"etm.portal.ui.managesites.view.NewSmartSite","viewId":"application-managesites-display-component---NewSite","properties":{"text":"Commercial"},"interaction":{"idSuffix":"BDI-content"}},"wdio_ui5_key":"etmportal.ui.managesites.view.NewSmartSitesap.m.Button{\"text\":\"Commercial\"}"}]}
RESULT: {"script":"<script> [1562 bytes]","args":[{"selector":{"controlType":"sap.m.Button","viewName":"etm.portal.ui.managesites.view.NewSmartSite","viewId":"application-managesites-display-component---NewSite","properties":{"text":"Commercial"},"interaction":{"idSuffix":"BDI-content"}},"wdio_ui5_key":"etmportal.ui.managesites.view.NewSmartSitesap.m.Button{\"text\":\"Commercial\"}"}]}
RESULT: undefined
COMMAND: POST /session/bd8f6f9489bd62a6508a75490a4bbe45/element - {"using":"xpath","value":"//*[@id=\"application-managesites-display-component---NewSite--ObjectPageLayout-anchBar-__section29-anchor\"]"}
RESULT: {"using":"xpath","value":"//*[@id=\"application-managesites-display-component---NewSite--ObjectPageLayout-anchBar-__section29-anchor\"]"}
COMMAND: POST /session/bd8f6f9489bd62a6508a75490a4bbe45/element/f.5D36BF6E7175A89251765FD96C6D3113.d.0352A1DB95580BC84F9C4280D6FA85E9.e.2310/click - {}
RESULT: {}
COMMAND: POST /session/bd8f6f9489bd62a6508a75490a4bbe45/execute/async - {"script":"<script> [1562 bytes]","args":[{"selector":{"controlType":"sap.m.Button","viewName":"etm.portal.ui.managesites.view.NewSmartSite","viewId":"application-managesites-display-component---NewSite","i18NText":{"propertyName":"text","key":"save"},"interaction":{"idSuffix":"BDI-content"}},"wdio_ui5_key":"etmportal.ui.managesites.view.NewSmartSitesap.m.Button{\"propertyName\":\"text\",\"key\":\"save\"}"}]}
COMMAND: GET /session/bd8f6f9489bd62a6508a75490a4bbe45/screenshot - {}
RESULT: {"script":"<script> [1562 bytes]","args":[{"selector":{"controlType":"sap.m.Button","viewName":"etm.portal.ui.managesites.view.NewSmartSite","viewId":"application-managesites-display-component---NewSite","i18NText":{"propertyName":"text","key":"save"},"interaction":{"idSuffix":"BDI-content"}},"wdio_ui5_key":"etmportal.ui.managesites.view.NewSmartSitesap.m.Button{\"propertyName\":\"text\",\"key\":\"save\"}"}]}
RESULT: undefined
COMMAND: POST /session/bd8f6f9489bd62a6508a75490a4bbe45/element - {"using":"xpath","value":"//*[@id=\"__button60\"]"}
RESULT: {}
RESULT: {"using":"xpath","value":"//*[@id=\"__button60\"]"}
COMMAND: POST /session/bd8f6f9489bd62a6508a75490a4bbe45/element/f.5D36BF6E7175A89251765FD96C6D3113.d.0352A1DB95580BC84F9C4280D6FA85E9.e.2207/click - {}
RESULT: {}
COMMAND: GET /session/bd8f6f9489bd62a6508a75490a4bbe45/screenshot - {}
RESULT: {}
COMMAND: POST /session/bd8f6f9489bd62a6508a75490a4bbe45/execute/async - {"script":"<script> [1562 bytes]","args":[{"selector":{"id":"application-managesites-display-component---detailSite--addressDetailDetailsYardText"},"wdio_ui5_key":"applicationmanagesites-display-component---detailSite--addressDetailDetailsYardText"}]}
RESULT: {"script":"<script> [1562 bytes]","args":[{"selector":{"id":"application-managesites-display-component---detailSite--addressDetailDetailsYardText"},"wdio_ui5_key":"applicationmanagesites-display-component---detailSite--addressDetailDetailsYardText"}]}
RESULT: undefined
COMMAND: POST /session/bd8f6f9489bd62a6508a75490a4bbe45/element - {"using":"xpath","value":"//header/div/div[2]/div[2]/span"}
RESULT: {"using":"xpath","value":"//header/div/div[2]/div[2]/span"}
COMMAND: GET /session/bd8f6f9489bd62a6508a75490a4bbe45/element/f.5D36BF6E7175A89251765FD96C6D3113.d.0352A1DB95580BC84F9C4280D6FA85E9.e.2518/text - {}
RESULT: {}
COMMAND: POST /session/bd8f6f9489bd62a6508a75490a4bbe45/element - {"using":"xpath","value":"//header/div/div/div/div/div/div[2]/div/span"}
RESULT: {"using":"xpath","value":"//header/div/div/div/div/div/div[2]/div/span"}
COMMAND: GET /session/bd8f6f9489bd62a6508a75490a4bbe45/element/f.5D36BF6E7175A89251765FD96C6D3113.d.0352A1DB95580BC84F9C4280D6FA85E9.e.2519/text - {}
RESULT: {}
COMMAND: POST /session/bd8f6f9489bd62a6508a75490a4bbe45/element - {"using":"css selector","value":"#shell-header-logo"}
RESULT: {"using":"css selector","value":"#shell-header-logo"}
COMMAND: POST /session/bd8f6f9489bd62a6508a75490a4bbe45/element/f.5D36BF6E7175A89251765FD96C6D3113.d.0352A1DB95580BC84F9C4280D6FA85E9.e.1852/click - {}
RESULT: {}
COMMAND: GET /session/bd8f6f9489bd62a6508a75490a4bbe45/screenshot - {}
RESULT: {}
]]></system-out>
    </testcase>
    <testcase classname="chrome.136_0_7103_93.windows.Manage_Requests_Tags_Tests_US120163" name="Should Create New Request Tags" time="224.206">
      <system-out><![CDATA[
COMMAND: POST /session/bd8f6f9489bd62a6508a75490a4bbe45/execute/async - {"script":"<script> [1562 bytes]","args":[{"selector":{"controlType":"sap.m.GenericTile","properties":{"header":"Manage Requests"}},"wdio_ui5_key":"sapm.GenericTile{\"header\":\"Manage Requests\"}"}]}
RESULT: {"script":"<script> [1562 bytes]","args":[{"selector":{"controlType":"sap.m.GenericTile","properties":{"header":"Manage Requests"}},"wdio_ui5_key":"sapm.GenericTile{\"header\":\"Manage Requests\"}"}]}
RESULT: undefined
COMMAND: POST /session/bd8f6f9489bd62a6508a75490a4bbe45/element - {"using":"xpath","value":"//*[@id=\"__tile47\"]"}
RESULT: {"using":"xpath","value":"//*[@id=\"__tile47\"]"}
COMMAND: POST /session/bd8f6f9489bd62a6508a75490a4bbe45/element/f.5D36BF6E7175A89251765FD96C6D3113.d.0352A1DB95580BC84F9C4280D6FA85E9.e.2521/click - {}
RESULT: {}
COMMAND: GET /session/bd8f6f9489bd62a6508a75490a4bbe45/screenshot - {}
RESULT: {}
COMMAND: POST /session/bd8f6f9489bd62a6508a75490a4bbe45/elements - {"using":"xpath","value":"//span[text()='Error']"}
RESULT: {"using":"xpath","value":"//span[text()='Error']"}
COMMAND: POST /session/bd8f6f9489bd62a6508a75490a4bbe45/element - {"using":"xpath","value":"//button[contains(@data-kt ,\"btnCreateNewOverflowToolbarButton\")]"}
COMMAND: POST /session/bd8f6f9489bd62a6508a75490a4bbe45/element - {"using":"xpath","value":"(//span[contains(@class ,\"sapMObjStatusText\")])[1]"}
RESULT: {"using":"xpath","value":"//button[contains(@data-kt ,\"btnCreateNewOverflowToolbarButton\")]"}
COMMAND: POST /session/bd8f6f9489bd62a6508a75490a4bbe45/element/f.5D36BF6E7175A89251765FD96C6D3113.d.0352A1DB95580BC84F9C4280D6FA85E9.e.2579/click - {}
RESULT: {"using":"xpath","value":"(//span[contains(@class ,\"sapMObjStatusText\")])[1]"}
COMMAND: POST /session/bd8f6f9489bd62a6508a75490a4bbe45/execute/sync - {"script":"<script> [8489 bytes]","args":[{"element-6066-11e4-a52e-4f735466cecf":"f.5D36BF6E7175A89251765FD96C6D3113.d.0352A1DB95580BC84F9C4280D6FA85E9.e.2622","ELEMENT":"f.5D36BF6E7175A89251765FD96C6D3113.d.0352A1DB95580BC84F9C4280D6FA85E9.e.2622"}]}
RESULT: {}
COMMAND: GET /session/bd8f6f9489bd62a6508a75490a4bbe45/screenshot - {}
COMMAND: POST /session/bd8f6f9489bd62a6508a75490a4bbe45/element - {"using":"xpath","value":"(//span[contains(@class ,\"sapMObjStatusText\")])[1]"}
RESULT: {}
RESULT: {"using":"xpath","value":"(//span[contains(@class ,\"sapMObjStatusText\")])[1]"}
COMMAND: POST /session/bd8f6f9489bd62a6508a75490a4bbe45/execute/sync - {"script":"<script> [8489 bytes]","args":[{"element-6066-11e4-a52e-4f735466cecf":"f.5D36BF6E7175A89251765FD96C6D3113.d.0352A1DB95580BC84F9C4280D6FA85E9.e.2887","ELEMENT":"f.5D36BF6E7175A89251765FD96C6D3113.d.0352A1DB95580BC84F9C4280D6FA85E9.e.2887"}]}
RESULT: {"script":"<script> [8489 bytes]","args":[{"element-6066-11e4-a52e-4f735466cecf":"f.5D36BF6E7175A89251765FD96C6D3113.d.0352A1DB95580BC84F9C4280D6FA85E9.e.2887","ELEMENT":"f.5D36BF6E7175A89251765FD96C6D3113.d.0352A1DB95580BC84F9C4280D6FA85E9.e.2887"}]}
COMMAND: GET /session/bd8f6f9489bd62a6508a75490a4bbe45/screenshot - {}
RESULT: {}
COMMAND: POST /session/bd8f6f9489bd62a6508a75490a4bbe45/element - {"using":"xpath","value":"//input[contains(@id ,\"yardId-inner\")]"}
RESULT: {"using":"xpath","value":"//input[contains(@id ,\"yardId-inner\")]"}
COMMAND: POST /session/bd8f6f9489bd62a6508a75490a4bbe45/execute/sync - {"script":"<script> [8489 bytes]","args":[{"element-6066-11e4-a52e-4f735466cecf":"f.5D36BF6E7175A89251765FD96C6D3113.d.0352A1DB95580BC84F9C4280D6FA85E9.e.2706","ELEMENT":"f.5D36BF6E7175A89251765FD96C6D3113.d.0352A1DB95580BC84F9C4280D6FA85E9.e.2706"}]}
RESULT: {"script":"<script> [8489 bytes]","args":[{"element-6066-11e4-a52e-4f735466cecf":"f.5D36BF6E7175A89251765FD96C6D3113.d.0352A1DB95580BC84F9C4280D6FA85E9.e.2706","ELEMENT":"f.5D36BF6E7175A89251765FD96C6D3113.d.0352A1DB95580BC84F9C4280D6FA85E9.e.2706"}]}
COMMAND: POST /session/bd8f6f9489bd62a6508a75490a4bbe45/element - {"using":"xpath","value":"//input[contains(@id ,\"yardId-inner\")]"}
COMMAND: GET /session/bd8f6f9489bd62a6508a75490a4bbe45/screenshot - {}
RESULT: {"using":"xpath","value":"//input[contains(@id ,\"yardId-inner\")]"}
COMMAND: GET /session/bd8f6f9489bd62a6508a75490a4bbe45/element/f.5D36BF6E7175A89251765FD96C6D3113.d.0352A1DB95580BC84F9C4280D6FA85E9.e.2706/enabled - {}
RESULT: {}
RESULT: {}
COMMAND: POST /session/bd8f6f9489bd62a6508a75490a4bbe45/element/f.5D36BF6E7175A89251765FD96C6D3113.d.0352A1DB95580BC84F9C4280D6FA85E9.e.2706/clear - {}
COMMAND: GET /session/bd8f6f9489bd62a6508a75490a4bbe45/screenshot - {}
RESULT: {}
COMMAND: POST /session/bd8f6f9489bd62a6508a75490a4bbe45/element/f.5D36BF6E7175A89251765FD96C6D3113.d.0352A1DB95580BC84F9C4280D6FA85E9.e.2706/value - {"text":"WebdriverYardziz0f"}
COMMAND: GET /session/bd8f6f9489bd62a6508a75490a4bbe45/screenshot - {}
RESULT: {}
RESULT: {"text":"WebdriverYardziz0f"}
COMMAND: GET /session/bd8f6f9489bd62a6508a75490a4bbe45/screenshot - {}
RESULT: {}
RESULT: {}
COMMAND: POST /session/bd8f6f9489bd62a6508a75490a4bbe45/element - {"using":"xpath","value":"//input[contains(@id ,\"customerNumber-inner\")]"}
RESULT: {"using":"xpath","value":"//input[contains(@id ,\"customerNumber-inner\")]"}
COMMAND: POST /session/bd8f6f9489bd62a6508a75490a4bbe45/element/f.5D36BF6E7175A89251765FD96C6D3113.d.0352A1DB95580BC84F9C4280D6FA85E9.e.2702/value - {"text":"WebdriverPartnerowd7l"}
COMMAND: POST /session/bd8f6f9489bd62a6508a75490a4bbe45/actions - {"actions":[{"id":"action5","type":"key","parameters":{},"actions":[{"type":"keyDown","value":"î€‡"},{"type":"pause","duration":10},{"type":"keyUp","value":"î€‡"}]}]}
RESULT: {"text":"WebdriverPartnerowd7l"}
COMMAND: GET /session/bd8f6f9489bd62a6508a75490a4bbe45/screenshot - {}
RESULT: {"actions":[{"id":"action5","type":"key","parameters":{},"actions":[{"type":"keyDown","value":"î€‡"},{"type":"pause","duration":10},{"type":"keyUp","value":"î€‡"}]}]}
COMMAND: GET /session/bd8f6f9489bd62a6508a75490a4bbe45/screenshot - {}
RESULT: {}
RESULT: {}
COMMAND: POST /session/bd8f6f9489bd62a6508a75490a4bbe45/element/f.5D36BF6E7175A89251765FD96C6D3113.d.0352A1DB95580BC84F9C4280D6FA85E9.e.2706/clear - {}
RESULT: {}
COMMAND: POST /session/bd8f6f9489bd62a6508a75490a4bbe45/element/f.5D36BF6E7175A89251765FD96C6D3113.d.0352A1DB95580BC84F9C4280D6FA85E9.e.2706/clear - {}
COMMAND: GET /session/bd8f6f9489bd62a6508a75490a4bbe45/screenshot - {}
RESULT: {}
COMMAND: POST /session/bd8f6f9489bd62a6508a75490a4bbe45/element/f.5D36BF6E7175A89251765FD96C6D3113.d.0352A1DB95580BC84F9C4280D6FA85E9.e.2706/value - {"text":"WebdriverYardziz0f"}
COMMAND: GET /session/bd8f6f9489bd62a6508a75490a4bbe45/screenshot - {}
COMMAND: POST /session/bd8f6f9489bd62a6508a75490a4bbe45/actions - {"actions":[{"id":"action6","type":"key","parameters":{},"actions":[{"type":"keyDown","value":"î€‡"},{"type":"pause","duration":10},{"type":"keyUp","value":"î€‡"}]}]}
RESULT: {}
RESULT: {"text":"WebdriverYardziz0f"}
COMMAND: GET /session/bd8f6f9489bd62a6508a75490a4bbe45/screenshot - {}
RESULT: {}
RESULT: {"actions":[{"id":"action6","type":"key","parameters":{},"actions":[{"type":"keyDown","value":"î€‡"},{"type":"pause","duration":10},{"type":"keyUp","value":"î€‡"}]}]}
COMMAND: GET /session/bd8f6f9489bd62a6508a75490a4bbe45/screenshot - {}
RESULT: {}
RESULT: {}
COMMAND: GET /session/bd8f6f9489bd62a6508a75490a4bbe45/element/f.5D36BF6E7175A89251765FD96C6D3113.d.0352A1DB95580BC84F9C4280D6FA85E9.e.2702/property/value - {}
RESULT: {}
COMMAND: POST /session/bd8f6f9489bd62a6508a75490a4bbe45/element/f.5D36BF6E7175A89251765FD96C6D3113.d.0352A1DB95580BC84F9C4280D6FA85E9.e.2702/clear - {}
COMMAND: GET /session/bd8f6f9489bd62a6508a75490a4bbe45/screenshot - {}
RESULT: {}
COMMAND: GET /session/bd8f6f9489bd62a6508a75490a4bbe45/screenshot - {}
COMMAND: POST /session/bd8f6f9489bd62a6508a75490a4bbe45/actions - {"actions":[{"id":"action7","type":"key","parameters":{},"actions":[{"type":"keyDown","value":"î€‡"},{"type":"pause","duration":10},{"type":"keyUp","value":"î€‡"}]}]}
RESULT: {}
RESULT: {}
RESULT: {"actions":[{"id":"action7","type":"key","parameters":{},"actions":[{"type":"keyDown","value":"î€‡"},{"type":"pause","duration":10},{"type":"keyUp","value":"î€‡"}]}]}
COMMAND: GET /session/bd8f6f9489bd62a6508a75490a4bbe45/screenshot - {}
RESULT: {}
COMMAND: POST /session/bd8f6f9489bd62a6508a75490a4bbe45/element/f.5D36BF6E7175A89251765FD96C6D3113.d.0352A1DB95580BC84F9C4280D6FA85E9.e.2702/value - {"text":"WebdriverPartnerowd7l"}
RESULT: {"text":"WebdriverPartnerowd7l"}
COMMAND: GET /session/bd8f6f9489bd62a6508a75490a4bbe45/screenshot - {}
RESULT: {}
COMMAND: POST /session/bd8f6f9489bd62a6508a75490a4bbe45/actions - {"actions":[{"id":"action8","type":"key","parameters":{},"actions":[{"type":"keyDown","value":"î€‡"},{"type":"pause","duration":10},{"type":"keyUp","value":"î€‡"}]}]}
RESULT: {"actions":[{"id":"action8","type":"key","parameters":{},"actions":[{"type":"keyDown","value":"î€‡"},{"type":"pause","duration":10},{"type":"keyUp","value":"î€‡"}]}]}
COMMAND: GET /session/bd8f6f9489bd62a6508a75490a4bbe45/screenshot - {}
RESULT: {}
COMMAND: POST /session/bd8f6f9489bd62a6508a75490a4bbe45/element - {"using":"xpath","value":"//input[contains(@id ,\"requestSiteId-inner\")]"}
RESULT: {"using":"xpath","value":"//input[contains(@id ,\"requestSiteId-inner\")]"}
COMMAND: POST /session/bd8f6f9489bd62a6508a75490a4bbe45/element/f.5D36BF6E7175A89251765FD96C6D3113.d.0352A1DB95580BC84F9C4280D6FA85E9.e.2701/value - {"text":"WebdriverSite89rs8"}
RESULT: {"text":"WebdriverSite89rs8"}
COMMAND: GET /session/bd8f6f9489bd62a6508a75490a4bbe45/screenshot - {}
RESULT: {}
COMMAND: POST /session/bd8f6f9489bd62a6508a75490a4bbe45/actions - {"actions":[{"id":"action9","type":"key","parameters":{},"actions":[{"type":"keyDown","value":"î€‡"},{"type":"pause","duration":10},{"type":"keyUp","value":"î€‡"}]}]}
RESULT: {"actions":[{"id":"action9","type":"key","parameters":{},"actions":[{"type":"keyDown","value":"î€‡"},{"type":"pause","duration":10},{"type":"keyUp","value":"î€‡"}]}]}
COMMAND: GET /session/bd8f6f9489bd62a6508a75490a4bbe45/screenshot - {}
RESULT: {}
COMMAND: POST /session/bd8f6f9489bd62a6508a75490a4bbe45/execute/async - {"script":"<script> [1562 bytes]","args":[{"selector":{"controlType":"sap.m.Input","viewName":"etm.portal.ui.managerequests.view.NewRequest","bindingPath":{"path":"","propertyPath":"/DESCRIPTION","modelName":"oNewRequestModel"},"interaction":{"idSuffix":"inner"}},"wdio_ui5_key":"etmportal.ui.managerequests.view.NewRequestsap.m.Input{\"path\":\"\",\"propertyPath\":\"/DESCRIPTION\",\"modelName\":\"oNewRequestModel\"}"}]}
RESULT: {"script":"<script> [1562 bytes]","args":[{"selector":{"controlType":"sap.m.Input","viewName":"etm.portal.ui.managerequests.view.NewRequest","bindingPath":{"path":"","propertyPath":"/DESCRIPTION","modelName":"oNewRequestModel"},"interaction":{"idSuffix":"inner"}},"wdio_ui5_key":"etmportal.ui.managerequests.view.NewRequestsap.m.Input{\"path\":\"\",\"propertyPath\":\"/DESCRIPTION\",\"modelName\":\"oNewRequestModel\"}"}]}
RESULT: undefined
COMMAND: POST /session/bd8f6f9489bd62a6508a75490a4bbe45/execute/async - {"script":"<script> [776 bytes]","args":[{"enterText":"Wdi5 Tags Test","selector":{"controlType":"sap.m.Input","viewName":"etm.portal.ui.managerequests.view.NewRequest","bindingPath":{"path":"","propertyPath":"/DESCRIPTION","modelName":"oNewRequestModel"},"interaction":{"idSuffix":"inner"}},"clearTextFirst":true,"interactionType":"ENTER_TEXT"}]}
RESULT: {"script":"<script> [776 bytes]","args":[{"enterText":"Wdi5 Tags Test","selector":{"controlType":"sap.m.Input","viewName":"etm.portal.ui.managerequests.view.NewRequest","bindingPath":{"path":"","propertyPath":"/DESCRIPTION","modelName":"oNewRequestModel"},"interaction":{"idSuffix":"inner"}},"clearTextFirst":true,"interactionType":"ENTER_TEXT"}]}
COMMAND: POST /session/bd8f6f9489bd62a6508a75490a4bbe45/execute/async - {"script":"<script> [1562 bytes]","args":[{"selector":{"id":"tagInputAdd","viewName":"etm.portal.ui.managerequests.view.NewRequest","interaction":{"idSuffix":"inner"}},"wdio_ui5_key":"tagInputAddetmportal.ui.managerequests.view.NewRequest"}]}
RESULT: {"script":"<script> [1562 bytes]","args":[{"selector":{"id":"tagInputAdd","viewName":"etm.portal.ui.managerequests.view.NewRequest","interaction":{"idSuffix":"inner"}},"wdio_ui5_key":"tagInputAddetmportal.ui.managerequests.view.NewRequest"}]}
RESULT: undefined
COMMAND: POST /session/bd8f6f9489bd62a6508a75490a4bbe45/execute/async - {"script":"<script> [776 bytes]","args":[{"enterText":"RefTag","selector":{"id":"tagInputAdd","viewName":"etm.portal.ui.managerequests.view.NewRequest","interaction":{"idSuffix":"inner"}},"clearTextFirst":true,"interactionType":"ENTER_TEXT"}]}
RESULT: {"script":"<script> [776 bytes]","args":[{"enterText":"RefTag","selector":{"id":"tagInputAdd","viewName":"etm.portal.ui.managerequests.view.NewRequest","interaction":{"idSuffix":"inner"}},"clearTextFirst":true,"interactionType":"ENTER_TEXT"}]}
COMMAND: POST /session/bd8f6f9489bd62a6508a75490a4bbe45/actions - {"actions":[{"id":"action10","type":"key","parameters":{},"actions":[{"type":"keyDown","value":"î€‡"},{"type":"pause","duration":10},{"type":"keyUp","value":"î€‡"}]}]}
RESULT: {"actions":[{"id":"action10","type":"key","parameters":{},"actions":[{"type":"keyDown","value":"î€‡"},{"type":"pause","duration":10},{"type":"keyUp","value":"î€‡"}]}]}
COMMAND: GET /session/bd8f6f9489bd62a6508a75490a4bbe45/screenshot - {}
RESULT: {}
RESULT: undefined
COMMAND: POST /session/bd8f6f9489bd62a6508a75490a4bbe45/execute/async - {"script":"<script> [776 bytes]","args":[{"enterText":"tag-header","selector":{"id":"tagInputAdd","viewName":"etm.portal.ui.managerequests.view.NewRequest","interaction":{"idSuffix":"inner"}},"clearTextFirst":true,"interactionType":"ENTER_TEXT"}]}
RESULT: {"script":"<script> [776 bytes]","args":[{"enterText":"tag-header","selector":{"id":"tagInputAdd","viewName":"etm.portal.ui.managerequests.view.NewRequest","interaction":{"idSuffix":"inner"}},"clearTextFirst":true,"interactionType":"ENTER_TEXT"}]}
COMMAND: POST /session/bd8f6f9489bd62a6508a75490a4bbe45/actions - {"actions":[{"id":"action11","type":"key","parameters":{},"actions":[{"type":"keyDown","value":"î€‡"},{"type":"pause","duration":10},{"type":"keyUp","value":"î€‡"}]}]}
RESULT: {"actions":[{"id":"action11","type":"key","parameters":{},"actions":[{"type":"keyDown","value":"î€‡"},{"type":"pause","duration":10},{"type":"keyUp","value":"î€‡"}]}]}
COMMAND: GET /session/bd8f6f9489bd62a6508a75490a4bbe45/screenshot - {}
RESULT: {}
RESULT: undefined
COMMAND: POST /session/bd8f6f9489bd62a6508a75490a4bbe45/execute/async - {"script":"<script> [776 bytes]","args":[{"enterText":"tag-duplicate","selector":{"id":"tagInputAdd","viewName":"etm.portal.ui.managerequests.view.NewRequest","interaction":{"idSuffix":"inner"}},"clearTextFirst":true,"interactionType":"ENTER_TEXT"}]}
RESULT: {"script":"<script> [776 bytes]","args":[{"enterText":"tag-duplicate","selector":{"id":"tagInputAdd","viewName":"etm.portal.ui.managerequests.view.NewRequest","interaction":{"idSuffix":"inner"}},"clearTextFirst":true,"interactionType":"ENTER_TEXT"}]}
COMMAND: POST /session/bd8f6f9489bd62a6508a75490a4bbe45/actions - {"actions":[{"id":"action12","type":"key","parameters":{},"actions":[{"type":"keyDown","value":"î€‡"},{"type":"pause","duration":10},{"type":"keyUp","value":"î€‡"}]}]}
RESULT: {"actions":[{"id":"action12","type":"key","parameters":{},"actions":[{"type":"keyDown","value":"î€‡"},{"type":"pause","duration":10},{"type":"keyUp","value":"î€‡"}]}]}
COMMAND: GET /session/bd8f6f9489bd62a6508a75490a4bbe45/screenshot - {}
RESULT: {}
COMMAND: POST /session/bd8f6f9489bd62a6508a75490a4bbe45/execute/async - {"script":"<script> [1562 bytes]","args":[{"selector":{"id":"tagsLayoutAdd","viewName":"etm.portal.ui.managerequests.view.NewRequest"},"wdio_ui5_key":"tagsLayoutAddetmportal.ui.managerequests.view.NewRequest"}]}
RESULT: {"script":"<script> [1562 bytes]","args":[{"selector":{"id":"tagsLayoutAdd","viewName":"etm.portal.ui.managerequests.view.NewRequest"},"wdio_ui5_key":"tagsLayoutAddetmportal.ui.managerequests.view.NewRequest"}]}
RESULT: undefined
COMMAND: POST /session/bd8f6f9489bd62a6508a75490a4bbe45/execute/async - {"script":"<script> [6424 bytes]","args":[{"element-6066-11e4-a52e-4f735466cecf":"f.5D36BF6E7175A89251765FD96C6D3113.d.0352A1DB95580BC84F9C4280D6FA85E9.e.2855"},"getTokens",[]]}
RESULT: {"script":"<script> [6424 bytes]","args":[{"element-6066-11e4-a52e-4f735466cecf":"f.5D36BF6E7175A89251765FD96C6D3113.d.0352A1DB95580BC84F9C4280D6FA85E9.e.2855"},"getTokens",[]]}
COMMAND: POST /session/bd8f6f9489bd62a6508a75490a4bbe45/execute/async - {"script":"<script> [1562 bytes]","args":[{"wdio_ui5_key":"__token9","selector":{"id":"__token9"}}]}
COMMAND: POST /session/bd8f6f9489bd62a6508a75490a4bbe45/execute/async - {"script":"<script> [1562 bytes]","args":[{"wdio_ui5_key":"__token10","selector":{"id":"__token10"}}]}
COMMAND: POST /session/bd8f6f9489bd62a6508a75490a4bbe45/execute/async - {"script":"<script> [1562 bytes]","args":[{"wdio_ui5_key":"__token8","selector":{"id":"__token8"}}]}
RESULT: {"script":"<script> [1562 bytes]","args":[{"wdio_ui5_key":"__token9","selector":{"id":"__token9"}}]}
RESULT: undefined
RESULT: {"script":"<script> [1562 bytes]","args":[{"wdio_ui5_key":"__token10","selector":{"id":"__token10"}}]}
RESULT: undefined
RESULT: {"script":"<script> [1562 bytes]","args":[{"wdio_ui5_key":"__token8","selector":{"id":"__token8"}}]}
RESULT: undefined
COMMAND: POST /session/bd8f6f9489bd62a6508a75490a4bbe45/execute/async - {"script":"<script> [1562 bytes]","args":[{"selector":{"controlType":"sap.ui.core.Icon","viewName":"etm.portal.ui.managerequests.view.NewRequest","properties":{"src":{"regex":{"source":"decline"}}},"ancestor":{"controlType":"sap.m.Token","viewName":"etm.portal.ui.managerequests.view.NewRequest","properties":{"text":"tag-duplicate"}}},"wdio_ui5_key":"etmportal.ui.managerequests.view.NewRequestsap.ui.core.Icon{\"src\":{\"regex\":{\"source\":\"decline\"}}}{\"controlType\":\"sap.m.Token\",\"viewName\":\"etm.portal.ui.managerequests.view.NewRequest\",\"properties\":{\"text\":\"tag-duplicate\"}}"}]}
RESULT: {"script":"<script> [1562 bytes]","args":[{"selector":{"controlType":"sap.ui.core.Icon","viewName":"etm.portal.ui.managerequests.view.NewRequest","properties":{"src":{"regex":{"source":"decline"}}},"ancestor":{"controlType":"sap.m.Token","viewName":"etm.portal.ui.managerequests.view.NewRequest","properties":{"text":"tag-duplicate"}}},"wdio_ui5_key":"etmportal.ui.managerequests.view.NewRequestsap.ui.core.Icon{\"src\":{\"regex\":{\"source\":\"decline\"}}}{\"controlType\":\"sap.m.Token\",\"viewName\":\"etm.portal.ui.managerequests.view.NewRequest\",\"properties\":{\"text\":\"tag-duplicate\"}}"}]}
RESULT: undefined
COMMAND: POST /session/bd8f6f9489bd62a6508a75490a4bbe45/element - {"using":"xpath","value":"//*[@id=\"__token10-icon\"]"}
RESULT: {"using":"xpath","value":"//*[@id=\"__token10-icon\"]"}
COMMAND: POST /session/bd8f6f9489bd62a6508a75490a4bbe45/element/f.5D36BF6E7175A89251765FD96C6D3113.d.0352A1DB95580BC84F9C4280D6FA85E9.e.2902/click - {}
RESULT: {}
COMMAND: POST /session/bd8f6f9489bd62a6508a75490a4bbe45/execute/async - {"script":"<script> [1562 bytes]","args":[{"selector":{"controlType":"sap.ui.core.Icon","viewName":"etm.portal.ui.managerequests.view.NewRequest","properties":{"src":{"regex":{"source":"decline"}}},"ancestor":{"controlType":"sap.m.Token","viewName":"etm.portal.ui.managerequests.view.NewRequest","properties":{"text":"tag1"}}},"wdio_ui5_key":"etmportal.ui.managerequests.view.NewRequestsap.ui.core.Icon{\"src\":{\"regex\":{\"source\":\"decline\"}}}{\"controlType\":\"sap.m.Token\",\"viewName\":\"etm.portal.ui.managerequests.view.NewRequest\",\"properties\":{\"text\":\"tag1\"}}"}]}
COMMAND: GET /session/bd8f6f9489bd62a6508a75490a4bbe45/screenshot - {}
RESULT: {"script":"<script> [1562 bytes]","args":[{"selector":{"controlType":"sap.ui.core.Icon","viewName":"etm.portal.ui.managerequests.view.NewRequest","properties":{"src":{"regex":{"source":"decline"}}},"ancestor":{"controlType":"sap.m.Token","viewName":"etm.portal.ui.managerequests.view.NewRequest","properties":{"text":"tag1"}}},"wdio_ui5_key":"etmportal.ui.managerequests.view.NewRequestsap.ui.core.Icon{\"src\":{\"regex\":{\"source\":\"decline\"}}}{\"controlType\":\"sap.m.Token\",\"viewName\":\"etm.portal.ui.managerequests.view.NewRequest\",\"properties\":{\"text\":\"tag1\"}}"}]}
RESULT: undefined
RESULT: {}
COMMAND: POST /session/bd8f6f9489bd62a6508a75490a4bbe45/actions - {"actions":[{"id":"action13","type":"key","parameters":{},"actions":[{"type":"keyDown","value":"î€Œ"},{"type":"pause","duration":10},{"type":"keyUp","value":"î€Œ"}]}]}
RESULT: {"actions":[{"id":"action13","type":"key","parameters":{},"actions":[{"type":"keyDown","value":"î€Œ"},{"type":"pause","duration":10},{"type":"keyUp","value":"î€Œ"}]}]}
COMMAND: GET /session/bd8f6f9489bd62a6508a75490a4bbe45/screenshot - {}
RESULT: {}
RESULT: undefined
COMMAND: POST /session/bd8f6f9489bd62a6508a75490a4bbe45/execute/async - {"script":"<script> [6424 bytes]","args":[{"element-6066-11e4-a52e-4f735466cecf":"f.5D36BF6E7175A89251765FD96C6D3113.d.0352A1DB95580BC84F9C4280D6FA85E9.e.2855"},"getTokens",[]]}
RESULT: {"script":"<script> [6424 bytes]","args":[{"element-6066-11e4-a52e-4f735466cecf":"f.5D36BF6E7175A89251765FD96C6D3113.d.0352A1DB95580BC84F9C4280D6FA85E9.e.2855"},"getTokens",[]]}
RESULT: undefined
RESULT: undefined
COMMAND: POST /session/bd8f6f9489bd62a6508a75490a4bbe45/execute/async - {"script":"<script> [1562 bytes]","args":[{"selector":{"controlType":"sap.m.Button","viewName":"etm.portal.ui.managerequests.view.NewRequest","properties":{"text":"Items"},"interaction":{"idSuffix":"BDI-content"}},"wdio_ui5_key":"etmportal.ui.managerequests.view.NewRequestsap.m.Button{\"text\":\"Items\"}"}]}
RESULT: {"script":"<script> [1562 bytes]","args":[{"selector":{"controlType":"sap.m.Button","viewName":"etm.portal.ui.managerequests.view.NewRequest","properties":{"text":"Items"},"interaction":{"idSuffix":"BDI-content"}},"wdio_ui5_key":"etmportal.ui.managerequests.view.NewRequestsap.m.Button{\"text\":\"Items\"}"}]}
RESULT: undefined
COMMAND: POST /session/bd8f6f9489bd62a6508a75490a4bbe45/element - {"using":"xpath","value":"//*[@id=\"__xmlview59--newRequestPage-anchBar-__xmlview59--requestItemsSection-anchor\"]"}
RESULT: {"using":"xpath","value":"//*[@id=\"__xmlview59--newRequestPage-anchBar-__xmlview59--requestItemsSection-anchor\"]"}
COMMAND: POST /session/bd8f6f9489bd62a6508a75490a4bbe45/element/f.5D36BF6E7175A89251765FD96C6D3113.d.0352A1DB95580BC84F9C4280D6FA85E9.e.2911/click - {}
RESULT: {}
COMMAND: GET /session/bd8f6f9489bd62a6508a75490a4bbe45/screenshot - {}
RESULT: {}
COMMAND: POST /session/bd8f6f9489bd62a6508a75490a4bbe45/execute/async - {"script":"<script> [1562 bytes]","args":[{"selector":{"controlType":"sap.ui.core.Icon","viewName":"etm.portal.ui.managerequests.view.NewRequest","properties":{"src":{"regex":{"source":"inspect"}}}},"wdio_ui5_key":"etmportal.ui.managerequests.view.NewRequestsap.ui.core.Icon{\"src\":{\"regex\":{\"source\":\"inspect\"}}}"}]}
RESULT: {"script":"<script> [1562 bytes]","args":[{"selector":{"controlType":"sap.ui.core.Icon","viewName":"etm.portal.ui.managerequests.view.NewRequest","properties":{"src":{"regex":{"source":"inspect"}}}},"wdio_ui5_key":"etmportal.ui.managerequests.view.NewRequestsap.ui.core.Icon{\"src\":{\"regex\":{\"source\":\"inspect\"}}}"}]}
RESULT: undefined
COMMAND: POST /session/bd8f6f9489bd62a6508a75490a4bbe45/element - {"using":"xpath","value":"//*[@id=\"__button106-img\"]"}
RESULT: {"using":"xpath","value":"//*[@id=\"__button106-img\"]"}
COMMAND: POST /session/bd8f6f9489bd62a6508a75490a4bbe45/element/f.5D36BF6E7175A89251765FD96C6D3113.d.0352A1DB95580BC84F9C4280D6FA85E9.e.2915/click - {}
RESULT: {}
COMMAND: GET /session/bd8f6f9489bd62a6508a75490a4bbe45/screenshot - {}
RESULT: {}
COMMAND: POST /session/bd8f6f9489bd62a6508a75490a4bbe45/execute/async - {"script":"<script> [1562 bytes]","args":[{"selector":{"controlType":"sap.ui.core.Icon","viewName":"etm.portal.ui.managerequests.view.NewRequest","properties":{"src":{"regex":{"source":"add"}}}},"wdio_ui5_key":"etmportal.ui.managerequests.view.NewRequestsap.ui.core.Icon{\"src\":{\"regex\":{\"source\":\"add\"}}}"}]}
RESULT: {"script":"<script> [1562 bytes]","args":[{"selector":{"controlType":"sap.ui.core.Icon","viewName":"etm.portal.ui.managerequests.view.NewRequest","properties":{"src":{"regex":{"source":"add"}}}},"wdio_ui5_key":"etmportal.ui.managerequests.view.NewRequestsap.ui.core.Icon{\"src\":{\"regex\":{\"source\":\"add\"}}}"}]}
RESULT: undefined
COMMAND: POST /session/bd8f6f9489bd62a6508a75490a4bbe45/element - {"using":"xpath","value":"//*[@id=\"__xmlview59--btnAddTableRow-img\"]"}
RESULT: {"using":"xpath","value":"//*[@id=\"__xmlview59--btnAddTableRow-img\"]"}
COMMAND: POST /session/bd8f6f9489bd62a6508a75490a4bbe45/element/f.5D36BF6E7175A89251765FD96C6D3113.d.0352A1DB95580BC84F9C4280D6FA85E9.e.2923/click - {}
RESULT: {}
COMMAND: GET /session/bd8f6f9489bd62a6508a75490a4bbe45/screenshot - {}
RESULT: {}
COMMAND: POST /session/bd8f6f9489bd62a6508a75490a4bbe45/execute/async - {"script":"<script> [1562 bytes]","args":[{"selector":{"controlType":"sap.ui.unified.MenuItem","viewName":"etm.portal.ui.managerequests.view.NewRequest","i18NText":{"propertyName":"text","key":"standardEntry"},"searchOpenDialogs":true,"interaction":{"idSuffix":"txt"}},"wdio_ui5_key":"etmportal.ui.managerequests.view.NewRequestsap.ui.unified.MenuItem{\"propertyName\":\"text\",\"key\":\"standardEntry\"}"}]}
RESULT: {"script":"<script> [1562 bytes]","args":[{"selector":{"controlType":"sap.ui.unified.MenuItem","viewName":"etm.portal.ui.managerequests.view.NewRequest","i18NText":{"propertyName":"text","key":"standardEntry"},"searchOpenDialogs":true,"interaction":{"idSuffix":"txt"}},"wdio_ui5_key":"etmportal.ui.managerequests.view.NewRequestsap.ui.unified.MenuItem{\"propertyName\":\"text\",\"key\":\"standardEntry\"}"}]}
RESULT: undefined
COMMAND: POST /session/bd8f6f9489bd62a6508a75490a4bbe45/element - {"using":"xpath","value":"//*[@id=\"__item1471\"]"}
RESULT: {"using":"xpath","value":"//*[@id=\"__item1471\"]"}
COMMAND: POST /session/bd8f6f9489bd62a6508a75490a4bbe45/element/f.5D36BF6E7175A89251765FD96C6D3113.d.0352A1DB95580BC84F9C4280D6FA85E9.e.2926/click - {}
RESULT: {}
COMMAND: GET /session/bd8f6f9489bd62a6508a75490a4bbe45/screenshot - {}
RESULT: {}
RESULT: undefined
COMMAND: POST /session/bd8f6f9489bd62a6508a75490a4bbe45/element - {"using":"xpath","value":"//*[@id=\"__xmlview59--btnAddTableRow-img\"]"}
RESULT: {"using":"xpath","value":"//*[@id=\"__xmlview59--btnAddTableRow-img\"]"}
COMMAND: POST /session/bd8f6f9489bd62a6508a75490a4bbe45/element/f.5D36BF6E7175A89251765FD96C6D3113.d.0352A1DB95580BC84F9C4280D6FA85E9.e.2923/click - {}
RESULT: {}
COMMAND: GET /session/bd8f6f9489bd62a6508a75490a4bbe45/screenshot - {}
RESULT: {}
RESULT: undefined
COMMAND: POST /session/bd8f6f9489bd62a6508a75490a4bbe45/element - {"using":"xpath","value":"//*[@id=\"__item1471\"]"}
RESULT: {"using":"xpath","value":"//*[@id=\"__item1471\"]"}
COMMAND: POST /session/bd8f6f9489bd62a6508a75490a4bbe45/element/f.5D36BF6E7175A89251765FD96C6D3113.d.0352A1DB95580BC84F9C4280D6FA85E9.e.2941/click - {}
RESULT: {}
COMMAND: GET /session/bd8f6f9489bd62a6508a75490a4bbe45/screenshot - {}
RESULT: {}
COMMAND: POST /session/bd8f6f9489bd62a6508a75490a4bbe45/element - {"using":"xpath","value":"(//input[contains(@id ,\"requestItemsTable-0-inner\")])[5]"}
RESULT: {"using":"xpath","value":"(//input[contains(@id ,\"requestItemsTable-0-inner\")])[5]"}
COMMAND: POST /session/bd8f6f9489bd62a6508a75490a4bbe45/element/f.5D36BF6E7175A89251765FD96C6D3113.d.0352A1DB95580BC84F9C4280D6FA85E9.e.2932/clear - {}
RESULT: {}
COMMAND: POST /session/bd8f6f9489bd62a6508a75490a4bbe45/element/f.5D36BF6E7175A89251765FD96C6D3113.d.0352A1DB95580BC84F9C4280D6FA85E9.e.2932/value - {"text":"1000001"}
COMMAND: GET /session/bd8f6f9489bd62a6508a75490a4bbe45/screenshot - {}
RESULT: {"text":"1000001"}
COMMAND: GET /session/bd8f6f9489bd62a6508a75490a4bbe45/screenshot - {}
RESULT: {}
RESULT: {}
COMMAND: POST /session/bd8f6f9489bd62a6508a75490a4bbe45/actions - {"actions":[{"id":"action14","type":"key","parameters":{},"actions":[{"type":"keyDown","value":"î€‡"},{"type":"pause","duration":10},{"type":"keyUp","value":"î€‡"}]}]}
RESULT: {"actions":[{"id":"action14","type":"key","parameters":{},"actions":[{"type":"keyDown","value":"î€‡"},{"type":"pause","duration":10},{"type":"keyUp","value":"î€‡"}]}]}
COMMAND: POST /session/bd8f6f9489bd62a6508a75490a4bbe45/element - {"using":"xpath","value":"(//input[contains(@id ,\"requestItemsTable-1-inner\")])[5]"}
COMMAND: GET /session/bd8f6f9489bd62a6508a75490a4bbe45/screenshot - {}
RESULT: {"using":"xpath","value":"(//input[contains(@id ,\"requestItemsTable-1-inner\")])[5]"}
COMMAND: POST /session/bd8f6f9489bd62a6508a75490a4bbe45/element/f.5D36BF6E7175A89251765FD96C6D3113.d.0352A1DB95580BC84F9C4280D6FA85E9.e.2947/clear - {}
RESULT: {}
RESULT: {}
COMMAND: POST /session/bd8f6f9489bd62a6508a75490a4bbe45/element/f.5D36BF6E7175A89251765FD96C6D3113.d.0352A1DB95580BC84F9C4280D6FA85E9.e.2947/value - {"text":"1000002"}
COMMAND: GET /session/bd8f6f9489bd62a6508a75490a4bbe45/screenshot - {}
RESULT: {"text":"1000002"}
COMMAND: GET /session/bd8f6f9489bd62a6508a75490a4bbe45/screenshot - {}
RESULT: {}
RESULT: {}
COMMAND: POST /session/bd8f6f9489bd62a6508a75490a4bbe45/actions - {"actions":[{"id":"action15","type":"key","parameters":{},"actions":[{"type":"keyDown","value":"î€‡"},{"type":"pause","duration":10},{"type":"keyUp","value":"î€‡"}]}]}
RESULT: {"actions":[{"id":"action15","type":"key","parameters":{},"actions":[{"type":"keyDown","value":"î€‡"},{"type":"pause","duration":10},{"type":"keyUp","value":"î€‡"}]}]}
COMMAND: POST /session/bd8f6f9489bd62a6508a75490a4bbe45/execute/async - {"script":"<script> [1562 bytes]","args":[{"selector":{"controlType":"sap.m.Input","viewName":"etm.portal.ui.managerequests.view.NewRequest","bindingPath":{"path":"","propertyPath":"/Tags","modelName":"catalogModel"},"ancestor":{"controlType":"sap.m.ColumnListItem","viewName":"etm.portal.ui.managerequests.view.NewRequest","bindingPath":{"modelName":"newRequestItems","path":"/RequestItems/0"},"ancestor":{"id":"requestItemsTable","viewName":"etm.portal.ui.managerequests.view.NewRequest"}},"interaction":{"idSuffix":"inner"}},"wdio_ui5_key":"etmportal.ui.managerequests.view.NewRequestsap.m.Input{\"path\":\"\",\"propertyPath\":\"/Tags\",\"modelName\":\"catalogModel\"}{\"controlType\":\"sap.m.ColumnListItem\",\"viewName\":\"etm.portal.ui.managerequests.view.NewRequest\",\"bindingPath\":{\"modelName\":\"newRequestItems\",\"path\":\"/RequestItems/0\"},\"ancestor\":{\"id\":\"requestItemsTable\",\"viewName\":\"etm.portal.ui.managerequests.view.NewRequest\"}}"}]}
COMMAND: GET /session/bd8f6f9489bd62a6508a75490a4bbe45/screenshot - {}
RESULT: {"script":"<script> [1562 bytes]","args":[{"selector":{"controlType":"sap.m.Input","viewName":"etm.portal.ui.managerequests.view.NewRequest","bindingPath":{"path":"","propertyPath":"/Tags","modelName":"catalogModel"},"ancestor":{"controlType":"sap.m.ColumnListItem","viewName":"etm.portal.ui.managerequests.view.NewRequest","bindingPath":{"modelName":"newRequestItems","path":"/RequestItems/0"},"ancestor":{"id":"requestItemsTable","viewName":"etm.portal.ui.managerequests.view.NewRequest"}},"interaction":{"idSuffix":"inner"}},"wdio_ui5_key":"etmportal.ui.managerequests.view.NewRequestsap.m.Input{\"path\":\"\",\"propertyPath\":\"/Tags\",\"modelName\":\"catalogModel\"}{\"controlType\":\"sap.m.ColumnListItem\",\"viewName\":\"etm.portal.ui.managerequests.view.NewRequest\",\"bindingPath\":{\"modelName\":\"newRequestItems\",\"path\":\"/RequestItems/0\"},\"ancestor\":{\"id\":\"requestItemsTable\",\"viewName\":\"etm.portal.ui.managerequests.view.NewRequest\"}}"}]}
RESULT: undefined
COMMAND: POST /session/bd8f6f9489bd62a6508a75490a4bbe45/execute/async - {"script":"<script> [776 bytes]","args":[{"enterText":"tag1","selector":{"controlType":"sap.m.Input","viewName":"etm.portal.ui.managerequests.view.NewRequest","bindingPath":{"path":"","propertyPath":"/Tags","modelName":"catalogModel"},"ancestor":{"controlType":"sap.m.ColumnListItem","viewName":"etm.portal.ui.managerequests.view.NewRequest","bindingPath":{"modelName":"newRequestItems","path":"/RequestItems/0"},"ancestor":{"id":"requestItemsTable","viewName":"etm.portal.ui.managerequests.view.NewRequest"}},"interaction":{"idSuffix":"inner"}},"clearTextFirst":true,"interactionType":"ENTER_TEXT"}]}
RESULT: {}
RESULT: {"script":"<script> [776 bytes]","args":[{"enterText":"tag1","selector":{"controlType":"sap.m.Input","viewName":"etm.portal.ui.managerequests.view.NewRequest","bindingPath":{"path":"","propertyPath":"/Tags","modelName":"catalogModel"},"ancestor":{"controlType":"sap.m.ColumnListItem","viewName":"etm.portal.ui.managerequests.view.NewRequest","bindingPath":{"modelName":"newRequestItems","path":"/RequestItems/0"},"ancestor":{"id":"requestItemsTable","viewName":"etm.portal.ui.managerequests.view.NewRequest"}},"interaction":{"idSuffix":"inner"}},"clearTextFirst":true,"interactionType":"ENTER_TEXT"}]}
COMMAND: POST /session/bd8f6f9489bd62a6508a75490a4bbe45/actions - {"actions":[{"id":"action16","type":"key","parameters":{},"actions":[{"type":"keyDown","value":"î€‡"},{"type":"pause","duration":10},{"type":"keyUp","value":"î€‡"}]}]}
RESULT: {"actions":[{"id":"action16","type":"key","parameters":{},"actions":[{"type":"keyDown","value":"î€‡"},{"type":"pause","duration":10},{"type":"keyUp","value":"î€‡"}]}]}
RESULT: undefined
COMMAND: POST /session/bd8f6f9489bd62a6508a75490a4bbe45/execute/async - {"script":"<script> [776 bytes]","args":[{"enterText":"tag-duplicate","selector":{"controlType":"sap.m.Input","viewName":"etm.portal.ui.managerequests.view.NewRequest","bindingPath":{"path":"","propertyPath":"/Tags","modelName":"catalogModel"},"ancestor":{"controlType":"sap.m.ColumnListItem","viewName":"etm.portal.ui.managerequests.view.NewRequest","bindingPath":{"modelName":"newRequestItems","path":"/RequestItems/0"},"ancestor":{"id":"requestItemsTable","viewName":"etm.portal.ui.managerequests.view.NewRequest"}},"interaction":{"idSuffix":"inner"}},"clearTextFirst":true,"interactionType":"ENTER_TEXT"}]}
COMMAND: GET /session/bd8f6f9489bd62a6508a75490a4bbe45/screenshot - {}
RESULT: {"script":"<script> [776 bytes]","args":[{"enterText":"tag-duplicate","selector":{"controlType":"sap.m.Input","viewName":"etm.portal.ui.managerequests.view.NewRequest","bindingPath":{"path":"","propertyPath":"/Tags","modelName":"catalogModel"},"ancestor":{"controlType":"sap.m.ColumnListItem","viewName":"etm.portal.ui.managerequests.view.NewRequest","bindingPath":{"modelName":"newRequestItems","path":"/RequestItems/0"},"ancestor":{"id":"requestItemsTable","viewName":"etm.portal.ui.managerequests.view.NewRequest"}},"interaction":{"idSuffix":"inner"}},"clearTextFirst":true,"interactionType":"ENTER_TEXT"}]}
RESULT: {}
COMMAND: POST /session/bd8f6f9489bd62a6508a75490a4bbe45/actions - {"actions":[{"id":"action17","type":"key","parameters":{},"actions":[{"type":"keyDown","value":"î€‡"},{"type":"pause","duration":10},{"type":"keyUp","value":"î€‡"}]}]}
RESULT: {"actions":[{"id":"action17","type":"key","parameters":{},"actions":[{"type":"keyDown","value":"î€‡"},{"type":"pause","duration":10},{"type":"keyUp","value":"î€‡"}]}]}
COMMAND: GET /session/bd8f6f9489bd62a6508a75490a4bbe45/screenshot - {}
RESULT: {}
COMMAND: POST /session/bd8f6f9489bd62a6508a75490a4bbe45/execute/async - {"script":"<script> [1562 bytes]","args":[{"selector":{"controlType":"sap.m.Input","viewName":"etm.portal.ui.managerequests.view.NewRequest","bindingPath":{"path":"","propertyPath":"/Tags","modelName":"catalogModel"},"ancestor":{"controlType":"sap.m.ColumnListItem","viewName":"etm.portal.ui.managerequests.view.NewRequest","bindingPath":{"modelName":"newRequestItems","path":"/RequestItems/1"},"ancestor":{"id":"requestItemsTable","viewName":"etm.portal.ui.managerequests.view.NewRequest"}},"interaction":{"idSuffix":"inner"}},"wdio_ui5_key":"etmportal.ui.managerequests.view.NewRequestsap.m.Input{\"path\":\"\",\"propertyPath\":\"/Tags\",\"modelName\":\"catalogModel\"}{\"controlType\":\"sap.m.ColumnListItem\",\"viewName\":\"etm.portal.ui.managerequests.view.NewRequest\",\"bindingPath\":{\"modelName\":\"newRequestItems\",\"path\":\"/RequestItems/1\"},\"ancestor\":{\"id\":\"requestItemsTable\",\"viewName\":\"etm.portal.ui.managerequests.view.NewRequest\"}}"}]}
RESULT: {"script":"<script> [1562 bytes]","args":[{"selector":{"controlType":"sap.m.Input","viewName":"etm.portal.ui.managerequests.view.NewRequest","bindingPath":{"path":"","propertyPath":"/Tags","modelName":"catalogModel"},"ancestor":{"controlType":"sap.m.ColumnListItem","viewName":"etm.portal.ui.managerequests.view.NewRequest","bindingPath":{"modelName":"newRequestItems","path":"/RequestItems/1"},"ancestor":{"id":"requestItemsTable","viewName":"etm.portal.ui.managerequests.view.NewRequest"}},"interaction":{"idSuffix":"inner"}},"wdio_ui5_key":"etmportal.ui.managerequests.view.NewRequestsap.m.Input{\"path\":\"\",\"propertyPath\":\"/Tags\",\"modelName\":\"catalogModel\"}{\"controlType\":\"sap.m.ColumnListItem\",\"viewName\":\"etm.portal.ui.managerequests.view.NewRequest\",\"bindingPath\":{\"modelName\":\"newRequestItems\",\"path\":\"/RequestItems/1\"},\"ancestor\":{\"id\":\"requestItemsTable\",\"viewName\":\"etm.portal.ui.managerequests.view.NewRequest\"}}"}]}
RESULT: undefined
COMMAND: POST /session/bd8f6f9489bd62a6508a75490a4bbe45/execute/async - {"script":"<script> [776 bytes]","args":[{"enterText":"tag1","selector":{"controlType":"sap.m.Input","viewName":"etm.portal.ui.managerequests.view.NewRequest","bindingPath":{"path":"","propertyPath":"/Tags","modelName":"catalogModel"},"ancestor":{"controlType":"sap.m.ColumnListItem","viewName":"etm.portal.ui.managerequests.view.NewRequest","bindingPath":{"modelName":"newRequestItems","path":"/RequestItems/1"},"ancestor":{"id":"requestItemsTable","viewName":"etm.portal.ui.managerequests.view.NewRequest"}},"interaction":{"idSuffix":"inner"}},"clearTextFirst":true,"interactionType":"ENTER_TEXT"}]}
RESULT: {"script":"<script> [776 bytes]","args":[{"enterText":"tag1","selector":{"controlType":"sap.m.Input","viewName":"etm.portal.ui.managerequests.view.NewRequest","bindingPath":{"path":"","propertyPath":"/Tags","modelName":"catalogModel"},"ancestor":{"controlType":"sap.m.ColumnListItem","viewName":"etm.portal.ui.managerequests.view.NewRequest","bindingPath":{"modelName":"newRequestItems","path":"/RequestItems/1"},"ancestor":{"id":"requestItemsTable","viewName":"etm.portal.ui.managerequests.view.NewRequest"}},"interaction":{"idSuffix":"inner"}},"clearTextFirst":true,"interactionType":"ENTER_TEXT"}]}
COMMAND: POST /session/bd8f6f9489bd62a6508a75490a4bbe45/actions - {"actions":[{"id":"action18","type":"key","parameters":{},"actions":[{"type":"keyDown","value":"î€‡"},{"type":"pause","duration":10},{"type":"keyUp","value":"î€‡"}]}]}
RESULT: {"actions":[{"id":"action18","type":"key","parameters":{},"actions":[{"type":"keyDown","value":"î€‡"},{"type":"pause","duration":10},{"type":"keyUp","value":"î€‡"}]}]}
RESULT: undefined
COMMAND: POST /session/bd8f6f9489bd62a6508a75490a4bbe45/execute/async - {"script":"<script> [776 bytes]","args":[{"enterText":"tag-duplicate","selector":{"controlType":"sap.m.Input","viewName":"etm.portal.ui.managerequests.view.NewRequest","bindingPath":{"path":"","propertyPath":"/Tags","modelName":"catalogModel"},"ancestor":{"controlType":"sap.m.ColumnListItem","viewName":"etm.portal.ui.managerequests.view.NewRequest","bindingPath":{"modelName":"newRequestItems","path":"/RequestItems/1"},"ancestor":{"id":"requestItemsTable","viewName":"etm.portal.ui.managerequests.view.NewRequest"}},"interaction":{"idSuffix":"inner"}},"clearTextFirst":true,"interactionType":"ENTER_TEXT"}]}
COMMAND: GET /session/bd8f6f9489bd62a6508a75490a4bbe45/screenshot - {}
RESULT: {"script":"<script> [776 bytes]","args":[{"enterText":"tag-duplicate","selector":{"controlType":"sap.m.Input","viewName":"etm.portal.ui.managerequests.view.NewRequest","bindingPath":{"path":"","propertyPath":"/Tags","modelName":"catalogModel"},"ancestor":{"controlType":"sap.m.ColumnListItem","viewName":"etm.portal.ui.managerequests.view.NewRequest","bindingPath":{"modelName":"newRequestItems","path":"/RequestItems/1"},"ancestor":{"id":"requestItemsTable","viewName":"etm.portal.ui.managerequests.view.NewRequest"}},"interaction":{"idSuffix":"inner"}},"clearTextFirst":true,"interactionType":"ENTER_TEXT"}]}
RESULT: {}
COMMAND: POST /session/bd8f6f9489bd62a6508a75490a4bbe45/actions - {"actions":[{"id":"action19","type":"key","parameters":{},"actions":[{"type":"keyDown","value":"î€‡"},{"type":"pause","duration":10},{"type":"keyUp","value":"î€‡"}]}]}
RESULT: {"actions":[{"id":"action19","type":"key","parameters":{},"actions":[{"type":"keyDown","value":"î€‡"},{"type":"pause","duration":10},{"type":"keyUp","value":"î€‡"}]}]}
COMMAND: GET /session/bd8f6f9489bd62a6508a75490a4bbe45/screenshot - {}
RESULT: {}
COMMAND: POST /session/bd8f6f9489bd62a6508a75490a4bbe45/execute/async - {"script":"<script> [1562 bytes]","args":[{"selector":{"controlType":"sap.ui.core.Icon","viewName":"etm.portal.ui.managerequests.view.NewRequest","properties":{"src":{"regex":{"source":"slim\\-arrow\\-down"}}},"ancestor":{"controlType":"sap.m.Button","viewName":"etm.portal.ui.managerequests.view.NewRequest","properties":{"icon":"sap-icon://slim-arrow-down"}}},"wdio_ui5_key":"etmportal.ui.managerequests.view.NewRequestsap.ui.core.Icon{\"src\":{\"regex\":{\"source\":\"slim\\\\-arrow\\\\-down\"}}}{\"controlType\":\"sap.m.Button\",\"viewName\":\"etm.portal.ui.managerequests.view.NewRequest\",\"properties\":{\"icon\":\"sap-icon://slim-arrow-down\"}}"}]}
RESULT: {"script":"<script> [1562 bytes]","args":[{"selector":{"controlType":"sap.ui.core.Icon","viewName":"etm.portal.ui.managerequests.view.NewRequest","properties":{"src":{"regex":{"source":"slim\\-arrow\\-down"}}},"ancestor":{"controlType":"sap.m.Button","viewName":"etm.portal.ui.managerequests.view.NewRequest","properties":{"icon":"sap-icon://slim-arrow-down"}}},"wdio_ui5_key":"etmportal.ui.managerequests.view.NewRequestsap.ui.core.Icon{\"src\":{\"regex\":{\"source\":\"slim\\\\-arrow\\\\-down\"}}}{\"controlType\":\"sap.m.Button\",\"viewName\":\"etm.portal.ui.managerequests.view.NewRequest\",\"properties\":{\"icon\":\"sap-icon://slim-arrow-down\"}}"}]}
RESULT: undefined
COMMAND: POST /session/bd8f6f9489bd62a6508a75490a4bbe45/element - {"using":"xpath","value":"//*[@id=\"__title21-expandBtn-img\"]"}
RESULT: {"using":"xpath","value":"//*[@id=\"__title21-expandBtn-img\"]"}
COMMAND: POST /session/bd8f6f9489bd62a6508a75490a4bbe45/element/f.5D36BF6E7175A89251765FD96C6D3113.d.0352A1DB95580BC84F9C4280D6FA85E9.e.2993/click - {}
RESULT: {}
COMMAND: GET /session/bd8f6f9489bd62a6508a75490a4bbe45/screenshot - {}
RESULT: {}
COMMAND: POST /session/bd8f6f9489bd62a6508a75490a4bbe45/element - {"using":"xpath","value":"//div[contains(@data-kt ,\"splitAllocationObjectStatus\")]"}
RESULT: {"using":"xpath","value":"//div[contains(@data-kt ,\"splitAllocationObjectStatus\")]"}
COMMAND: POST /session/bd8f6f9489bd62a6508a75490a4bbe45/elements - {"using":"xpath","value":"//div[contains(@data-kt ,\"splitAllocationObjectStatus\")]"}
RESULT: {"using":"xpath","value":"//div[contains(@data-kt ,\"splitAllocationObjectStatus\")]"}
COMMAND: POST /session/bd8f6f9489bd62a6508a75490a4bbe45/execute/async - {"script":"<script> [1562 bytes]","args":[{"selector":{"controlType":"sap.ui.core.Icon","viewName":"etm.portal.ui.managerequests.view.NewRequest","properties":{"src":{"regex":{"source":"message\\-error"}}},"ancestor":{"controlType":"sap.m.ColumnListItem","viewName":"etm.portal.ui.managerequests.view.NewRequest","bindingPath":{"modelName":"newRequestItems","path":"/RequestItems/0"},"ancestor":{"id":"requestItemsTable","viewName":"etm.portal.ui.managerequests.view.NewRequest"}}},"wdio_ui5_key":"etmportal.ui.managerequests.view.NewRequestsap.ui.core.Icon{\"src\":{\"regex\":{\"source\":\"message\\\\-error\"}}}{\"controlType\":\"sap.m.ColumnListItem\",\"viewName\":\"etm.portal.ui.managerequests.view.NewRequest\",\"bindingPath\":{\"modelName\":\"newRequestItems\",\"path\":\"/RequestItems/0\"},\"ancestor\":{\"id\":\"requestItemsTable\",\"viewName\":\"etm.portal.ui.managerequests.view.NewRequest\"}}"}]}
RESULT: {"script":"<script> [1562 bytes]","args":[{"selector":{"controlType":"sap.ui.core.Icon","viewName":"etm.portal.ui.managerequests.view.NewRequest","properties":{"src":{"regex":{"source":"message\\-error"}}},"ancestor":{"controlType":"sap.m.ColumnListItem","viewName":"etm.portal.ui.managerequests.view.NewRequest","bindingPath":{"modelName":"newRequestItems","path":"/RequestItems/0"},"ancestor":{"id":"requestItemsTable","viewName":"etm.portal.ui.managerequests.view.NewRequest"}}},"wdio_ui5_key":"etmportal.ui.managerequests.view.NewRequestsap.ui.core.Icon{\"src\":{\"regex\":{\"source\":\"message\\\\-error\"}}}{\"controlType\":\"sap.m.ColumnListItem\",\"viewName\":\"etm.portal.ui.managerequests.view.NewRequest\",\"bindingPath\":{\"modelName\":\"newRequestItems\",\"path\":\"/RequestItems/0\"},\"ancestor\":{\"id\":\"requestItemsTable\",\"viewName\":\"etm.portal.ui.managerequests.view.NewRequest\"}}"}]}
RESULT: undefined
COMMAND: POST /session/bd8f6f9489bd62a6508a75490a4bbe45/element - {"using":"xpath","value":"//*[@id=\"__status6-__xmlview59--requestItemsTable-0-icon\"]"}
RESULT: {"using":"xpath","value":"//*[@id=\"__status6-__xmlview59--requestItemsTable-0-icon\"]"}
COMMAND: POST /session/bd8f6f9489bd62a6508a75490a4bbe45/element/f.5D36BF6E7175A89251765FD96C6D3113.d.0352A1DB95580BC84F9C4280D6FA85E9.e.2974/click - {}
RESULT: {}
COMMAND: GET /session/bd8f6f9489bd62a6508a75490a4bbe45/screenshot - {}
RESULT: {}
COMMAND: POST /session/bd8f6f9489bd62a6508a75490a4bbe45/execute/async - {"script":"<script> [1562 bytes]","args":[{"selector":{"id":"costObjectAdminTypeComboBox","viewName":"etm.portal.ui.managerequests.view.NewRequest","searchOpenDialogs":true,"interaction":{"idSuffix":"inner"}},"wdio_ui5_key":"costObjectAdminTypeComboBoxetmportal.ui.managerequests.view.NewRequest"}]}
RESULT: {"script":"<script> [1562 bytes]","args":[{"selector":{"id":"costObjectAdminTypeComboBox","viewName":"etm.portal.ui.managerequests.view.NewRequest","searchOpenDialogs":true,"interaction":{"idSuffix":"inner"}},"wdio_ui5_key":"costObjectAdminTypeComboBoxetmportal.ui.managerequests.view.NewRequest"}]}
RESULT: undefined
COMMAND: POST /session/bd8f6f9489bd62a6508a75490a4bbe45/execute/async - {"script":"<script> [776 bytes]","args":[{"enterText":"Cost Center","selector":{"id":"costObjectAdminTypeComboBox","viewName":"etm.portal.ui.managerequests.view.NewRequest","searchOpenDialogs":true,"interaction":{"idSuffix":"inner"}},"clearTextFirst":true,"interactionType":"ENTER_TEXT"}]}
RESULT: {"script":"<script> [776 bytes]","args":[{"enterText":"Cost Center","selector":{"id":"costObjectAdminTypeComboBox","viewName":"etm.portal.ui.managerequests.view.NewRequest","searchOpenDialogs":true,"interaction":{"idSuffix":"inner"}},"clearTextFirst":true,"interactionType":"ENTER_TEXT"}]}
COMMAND: POST /session/bd8f6f9489bd62a6508a75490a4bbe45/actions - {"actions":[{"id":"action20","type":"key","parameters":{},"actions":[{"type":"keyDown","value":"î€‡"},{"type":"pause","duration":10},{"type":"keyUp","value":"î€‡"}]}]}
RESULT: {"actions":[{"id":"action20","type":"key","parameters":{},"actions":[{"type":"keyDown","value":"î€‡"},{"type":"pause","duration":10},{"type":"keyUp","value":"î€‡"}]}]}
COMMAND: GET /session/bd8f6f9489bd62a6508a75490a4bbe45/screenshot - {}
RESULT: {}
COMMAND: POST /session/bd8f6f9489bd62a6508a75490a4bbe45/execute/async - {"script":"<script> [1562 bytes]","args":[{"selector":{"id":"costObjectIdComboBox","viewName":"etm.portal.ui.managerequests.view.NewRequest","searchOpenDialogs":true,"interaction":{"idSuffix":"inner"}},"wdio_ui5_key":"costObjectIdComboBoxetmportal.ui.managerequests.view.NewRequest"}]}
RESULT: {"script":"<script> [1562 bytes]","args":[{"selector":{"id":"costObjectIdComboBox","viewName":"etm.portal.ui.managerequests.view.NewRequest","searchOpenDialogs":true,"interaction":{"idSuffix":"inner"}},"wdio_ui5_key":"costObjectIdComboBoxetmportal.ui.managerequests.view.NewRequest"}]}
RESULT: undefined
COMMAND: POST /session/bd8f6f9489bd62a6508a75490a4bbe45/execute/async - {"script":"<script> [776 bytes]","args":[{"enterText":"1001 - 1001","selector":{"id":"costObjectIdComboBox","viewName":"etm.portal.ui.managerequests.view.NewRequest","searchOpenDialogs":true,"interaction":{"idSuffix":"inner"}},"clearTextFirst":true,"interactionType":"ENTER_TEXT"}]}
RESULT: {"script":"<script> [776 bytes]","args":[{"enterText":"1001 - 1001","selector":{"id":"costObjectIdComboBox","viewName":"etm.portal.ui.managerequests.view.NewRequest","searchOpenDialogs":true,"interaction":{"idSuffix":"inner"}},"clearTextFirst":true,"interactionType":"ENTER_TEXT"}]}
COMMAND: POST /session/bd8f6f9489bd62a6508a75490a4bbe45/actions - {"actions":[{"id":"action21","type":"key","parameters":{},"actions":[{"type":"keyDown","value":"î€‡"},{"type":"pause","duration":10},{"type":"keyUp","value":"î€‡"}]}]}
RESULT: {"actions":[{"id":"action21","type":"key","parameters":{},"actions":[{"type":"keyDown","value":"î€‡"},{"type":"pause","duration":10},{"type":"keyUp","value":"î€‡"}]}]}
COMMAND: GET /session/bd8f6f9489bd62a6508a75490a4bbe45/screenshot - {}
RESULT: {}
COMMAND: POST /session/bd8f6f9489bd62a6508a75490a4bbe45/element - {"using":"xpath","value":"(//bdi[(text() = 'Save' or . = 'Save')])[1]"}
RESULT: {"using":"xpath","value":"(//bdi[(text() = 'Save' or . = 'Save')])[1]"}
COMMAND: POST /session/bd8f6f9489bd62a6508a75490a4bbe45/element/f.5D36BF6E7175A89251765FD96C6D3113.d.0352A1DB95580BC84F9C4280D6FA85E9.e.3013/click - {}
RESULT: {}
COMMAND: POST /session/bd8f6f9489bd62a6508a75490a4bbe45/execute/async - {"script":"<script> [1562 bytes]","args":[{"selector":{"controlType":"sap.ui.core.Icon","viewName":"etm.portal.ui.managerequests.view.NewRequest","properties":{"src":{"regex":{"source":"message\\-error"}}},"ancestor":{"controlType":"sap.m.ColumnListItem","viewName":"etm.portal.ui.managerequests.view.NewRequest","bindingPath":{"modelName":"newRequestItems","path":"/RequestItems/1"},"ancestor":{"id":"requestItemsTable","viewName":"etm.portal.ui.managerequests.view.NewRequest"}}},"wdio_ui5_key":"etmportal.ui.managerequests.view.NewRequestsap.ui.core.Icon{\"src\":{\"regex\":{\"source\":\"message\\\\-error\"}}}{\"controlType\":\"sap.m.ColumnListItem\",\"viewName\":\"etm.portal.ui.managerequests.view.NewRequest\",\"bindingPath\":{\"modelName\":\"newRequestItems\",\"path\":\"/RequestItems/1\"},\"ancestor\":{\"id\":\"requestItemsTable\",\"viewName\":\"etm.portal.ui.managerequests.view.NewRequest\"}}"}]}
COMMAND: GET /session/bd8f6f9489bd62a6508a75490a4bbe45/screenshot - {}
RESULT: {"script":"<script> [1562 bytes]","args":[{"selector":{"controlType":"sap.ui.core.Icon","viewName":"etm.portal.ui.managerequests.view.NewRequest","properties":{"src":{"regex":{"source":"message\\-error"}}},"ancestor":{"controlType":"sap.m.ColumnListItem","viewName":"etm.portal.ui.managerequests.view.NewRequest","bindingPath":{"modelName":"newRequestItems","path":"/RequestItems/1"},"ancestor":{"id":"requestItemsTable","viewName":"etm.portal.ui.managerequests.view.NewRequest"}}},"wdio_ui5_key":"etmportal.ui.managerequests.view.NewRequestsap.ui.core.Icon{\"src\":{\"regex\":{\"source\":\"message\\\\-error\"}}}{\"controlType\":\"sap.m.ColumnListItem\",\"viewName\":\"etm.portal.ui.managerequests.view.NewRequest\",\"bindingPath\":{\"modelName\":\"newRequestItems\",\"path\":\"/RequestItems/1\"},\"ancestor\":{\"id\":\"requestItemsTable\",\"viewName\":\"etm.portal.ui.managerequests.view.NewRequest\"}}"}]}
RESULT: undefined
COMMAND: POST /session/bd8f6f9489bd62a6508a75490a4bbe45/element - {"using":"xpath","value":"//*[@id=\"__status6-__xmlview59--requestItemsTable-1-icon\"]"}
RESULT: {}
RESULT: {"using":"xpath","value":"//*[@id=\"__status6-__xmlview59--requestItemsTable-1-icon\"]"}
COMMAND: POST /session/bd8f6f9489bd62a6508a75490a4bbe45/element/f.5D36BF6E7175A89251765FD96C6D3113.d.0352A1DB95580BC84F9C4280D6FA85E9.e.2991/click - {}
RESULT: {}
COMMAND: GET /session/bd8f6f9489bd62a6508a75490a4bbe45/screenshot - {}
RESULT: {}
RESULT: undefined
COMMAND: POST /session/bd8f6f9489bd62a6508a75490a4bbe45/execute/async - {"script":"<script> [776 bytes]","args":[{"enterText":"Cost Center","selector":{"id":"costObjectAdminTypeComboBox","viewName":"etm.portal.ui.managerequests.view.NewRequest","searchOpenDialogs":true,"interaction":{"idSuffix":"inner"}},"clearTextFirst":true,"interactionType":"ENTER_TEXT"}]}
RESULT: {"script":"<script> [776 bytes]","args":[{"enterText":"Cost Center","selector":{"id":"costObjectAdminTypeComboBox","viewName":"etm.portal.ui.managerequests.view.NewRequest","searchOpenDialogs":true,"interaction":{"idSuffix":"inner"}},"clearTextFirst":true,"interactionType":"ENTER_TEXT"}]}
COMMAND: POST /session/bd8f6f9489bd62a6508a75490a4bbe45/actions - {"actions":[{"id":"action22","type":"key","parameters":{},"actions":[{"type":"keyDown","value":"î€‡"},{"type":"pause","duration":10},{"type":"keyUp","value":"î€‡"}]}]}
RESULT: {"actions":[{"id":"action22","type":"key","parameters":{},"actions":[{"type":"keyDown","value":"î€‡"},{"type":"pause","duration":10},{"type":"keyUp","value":"î€‡"}]}]}
COMMAND: GET /session/bd8f6f9489bd62a6508a75490a4bbe45/screenshot - {}
RESULT: {}
RESULT: undefined
COMMAND: POST /session/bd8f6f9489bd62a6508a75490a4bbe45/execute/async - {"script":"<script> [776 bytes]","args":[{"enterText":"1001 - 1001","selector":{"id":"costObjectIdComboBox","viewName":"etm.portal.ui.managerequests.view.NewRequest","searchOpenDialogs":true,"interaction":{"idSuffix":"inner"}},"clearTextFirst":true,"interactionType":"ENTER_TEXT"}]}
RESULT: {"script":"<script> [776 bytes]","args":[{"enterText":"1001 - 1001","selector":{"id":"costObjectIdComboBox","viewName":"etm.portal.ui.managerequests.view.NewRequest","searchOpenDialogs":true,"interaction":{"idSuffix":"inner"}},"clearTextFirst":true,"interactionType":"ENTER_TEXT"}]}
COMMAND: POST /session/bd8f6f9489bd62a6508a75490a4bbe45/actions - {"actions":[{"id":"action23","type":"key","parameters":{},"actions":[{"type":"keyDown","value":"î€‡"},{"type":"pause","duration":10},{"type":"keyUp","value":"î€‡"}]}]}
RESULT: {"actions":[{"id":"action23","type":"key","parameters":{},"actions":[{"type":"keyDown","value":"î€‡"},{"type":"pause","duration":10},{"type":"keyUp","value":"î€‡"}]}]}
COMMAND: GET /session/bd8f6f9489bd62a6508a75490a4bbe45/screenshot - {}
RESULT: {}
COMMAND: POST /session/bd8f6f9489bd62a6508a75490a4bbe45/element - {"using":"xpath","value":"(//bdi[(text() = 'Save' or . = 'Save')])[1]"}
RESULT: {"using":"xpath","value":"(//bdi[(text() = 'Save' or . = 'Save')])[1]"}
COMMAND: POST /session/bd8f6f9489bd62a6508a75490a4bbe45/element/f.5D36BF6E7175A89251765FD96C6D3113.d.0352A1DB95580BC84F9C4280D6FA85E9.e.3027/click - {}
RESULT: {}
COMMAND: POST /session/bd8f6f9489bd62a6508a75490a4bbe45/execute/async - {"script":"<script> [1562 bytes]","args":[{"selector":{"controlType":"sap.ui.core.Icon","viewName":"etm.portal.ui.managerequests.view.NewRequest","properties":{"src":{"regex":{"source":"decline"}}},"ancestor":{"controlType":"sap.m.Token","viewName":"etm.portal.ui.managerequests.view.NewRequest","bindingPath":{"path":"/RequestItems/0/TOKENS/0","propertyPath":"TAG","modelName":"newRequestItems"}}},"wdio_ui5_key":"etmportal.ui.managerequests.view.NewRequestsap.ui.core.Icon{\"src\":{\"regex\":{\"source\":\"decline\"}}}{\"controlType\":\"sap.m.Token\",\"viewName\":\"etm.portal.ui.managerequests.view.NewRequest\",\"bindingPath\":{\"path\":\"/RequestItems/0/TOKENS/0\",\"propertyPath\":\"TAG\",\"modelName\":\"newRequestItems\"}}"}]}
COMMAND: GET /session/bd8f6f9489bd62a6508a75490a4bbe45/screenshot - {}
RESULT: {"script":"<script> [1562 bytes]","args":[{"selector":{"controlType":"sap.ui.core.Icon","viewName":"etm.portal.ui.managerequests.view.NewRequest","properties":{"src":{"regex":{"source":"decline"}}},"ancestor":{"controlType":"sap.m.Token","viewName":"etm.portal.ui.managerequests.view.NewRequest","bindingPath":{"path":"/RequestItems/0/TOKENS/0","propertyPath":"TAG","modelName":"newRequestItems"}}},"wdio_ui5_key":"etmportal.ui.managerequests.view.NewRequestsap.ui.core.Icon{\"src\":{\"regex\":{\"source\":\"decline\"}}}{\"controlType\":\"sap.m.Token\",\"viewName\":\"etm.portal.ui.managerequests.view.NewRequest\",\"bindingPath\":{\"path\":\"/RequestItems/0/TOKENS/0\",\"propertyPath\":\"TAG\",\"modelName\":\"newRequestItems\"}}"}]}
RESULT: undefined
COMMAND: POST /session/bd8f6f9489bd62a6508a75490a4bbe45/element - {"using":"xpath","value":"//*[@id=\"__token7-__tokenizer62-__xmlview59--requestItemsTable-0-0-icon\"]"}
RESULT: {}
RESULT: {"using":"xpath","value":"//*[@id=\"__token7-__tokenizer62-__xmlview59--requestItemsTable-0-0-icon\"]"}
COMMAND: POST /session/bd8f6f9489bd62a6508a75490a4bbe45/element/f.5D36BF6E7175A89251765FD96C6D3113.d.0352A1DB95580BC84F9C4280D6FA85E9.e.3029/click - {}
RESULT: {}
COMMAND: GET /session/bd8f6f9489bd62a6508a75490a4bbe45/screenshot - {}
RESULT: {}
COMMAND: POST /session/bd8f6f9489bd62a6508a75490a4bbe45/actions - {"actions":[{"id":"action24","type":"key","parameters":{},"actions":[{"type":"keyDown","value":"î€Œ"},{"type":"pause","duration":10},{"type":"keyUp","value":"î€Œ"}]}]}
RESULT: {"actions":[{"id":"action24","type":"key","parameters":{},"actions":[{"type":"keyDown","value":"î€Œ"},{"type":"pause","duration":10},{"type":"keyUp","value":"î€Œ"}]}]}
COMMAND: GET /session/bd8f6f9489bd62a6508a75490a4bbe45/screenshot - {}
RESULT: {}
COMMAND: POST /session/bd8f6f9489bd62a6508a75490a4bbe45/execute/async - {"script":"<script> [1562 bytes]","args":[{"selector":{"controlType":"sap.m.Tokenizer","viewName":"etm.portal.ui.managerequests.view.NewRequest","bindingPath":{"path":"/RequestItems/0","propertyPath":"TOKENS","modelName":"newRequestItems"}},"wdio_ui5_key":"etmportal.ui.managerequests.view.NewRequestsap.m.Tokenizer{\"path\":\"/RequestItems/0\",\"propertyPath\":\"TOKENS\",\"modelName\":\"newRequestItems\"}"}]}
RESULT: {"script":"<script> [1562 bytes]","args":[{"selector":{"controlType":"sap.m.Tokenizer","viewName":"etm.portal.ui.managerequests.view.NewRequest","bindingPath":{"path":"/RequestItems/0","propertyPath":"TOKENS","modelName":"newRequestItems"}},"wdio_ui5_key":"etmportal.ui.managerequests.view.NewRequestsap.m.Tokenizer{\"path\":\"/RequestItems/0\",\"propertyPath\":\"TOKENS\",\"modelName\":\"newRequestItems\"}"}]}
RESULT: undefined
COMMAND: POST /session/bd8f6f9489bd62a6508a75490a4bbe45/execute/async - {"script":"<script> [6424 bytes]","args":[{"element-6066-11e4-a52e-4f735466cecf":"f.5D36BF6E7175A89251765FD96C6D3113.d.0352A1DB95580BC84F9C4280D6FA85E9.e.3037"},"getTokens",[]]}
RESULT: {"script":"<script> [6424 bytes]","args":[{"element-6066-11e4-a52e-4f735466cecf":"f.5D36BF6E7175A89251765FD96C6D3113.d.0352A1DB95580BC84F9C4280D6FA85E9.e.3037"},"getTokens",[]]}
COMMAND: POST /session/bd8f6f9489bd62a6508a75490a4bbe45/execute/async - {"script":"<script> [1562 bytes]","args":[{"wdio_ui5_key":"__token7-__tokenizer62-__xmlview59--requestItemsTable-0-0","selector":{"id":"__token7-__tokenizer62-__xmlview59--requestItemsTable-0-0"}}]}
RESULT: {"script":"<script> [1562 bytes]","args":[{"wdio_ui5_key":"__token7-__tokenizer62-__xmlview59--requestItemsTable-0-0","selector":{"id":"__token7-__tokenizer62-__xmlview59--requestItemsTable-0-0"}}]}
RESULT: undefined
RESULT: undefined
COMMAND: POST /session/bd8f6f9489bd62a6508a75490a4bbe45/execute/async - {"script":"<script> [776 bytes]","args":[{"enterText":"tagRequest1","selector":{"controlType":"sap.m.Input","viewName":"etm.portal.ui.managerequests.view.NewRequest","bindingPath":{"path":"","propertyPath":"/Tags","modelName":"catalogModel"},"ancestor":{"controlType":"sap.m.ColumnListItem","viewName":"etm.portal.ui.managerequests.view.NewRequest","bindingPath":{"modelName":"newRequestItems","path":"/RequestItems/0"},"ancestor":{"id":"requestItemsTable","viewName":"etm.portal.ui.managerequests.view.NewRequest"}},"interaction":{"idSuffix":"inner"}},"clearTextFirst":true,"interactionType":"ENTER_TEXT"}]}
RESULT: {"script":"<script> [776 bytes]","args":[{"enterText":"tagRequest1","selector":{"controlType":"sap.m.Input","viewName":"etm.portal.ui.managerequests.view.NewRequest","bindingPath":{"path":"","propertyPath":"/Tags","modelName":"catalogModel"},"ancestor":{"controlType":"sap.m.ColumnListItem","viewName":"etm.portal.ui.managerequests.view.NewRequest","bindingPath":{"modelName":"newRequestItems","path":"/RequestItems/0"},"ancestor":{"id":"requestItemsTable","viewName":"etm.portal.ui.managerequests.view.NewRequest"}},"interaction":{"idSuffix":"inner"}},"clearTextFirst":true,"interactionType":"ENTER_TEXT"}]}
COMMAND: POST /session/bd8f6f9489bd62a6508a75490a4bbe45/actions - {"actions":[{"id":"action25","type":"key","parameters":{},"actions":[{"type":"keyDown","value":"î€‡"},{"type":"pause","duration":10},{"type":"keyUp","value":"î€‡"}]}]}
RESULT: {"actions":[{"id":"action25","type":"key","parameters":{},"actions":[{"type":"keyDown","value":"î€‡"},{"type":"pause","duration":10},{"type":"keyUp","value":"î€‡"}]}]}
COMMAND: GET /session/bd8f6f9489bd62a6508a75490a4bbe45/screenshot - {}
RESULT: {}
RESULT: undefined
COMMAND: POST /session/bd8f6f9489bd62a6508a75490a4bbe45/execute/async - {"script":"<script> [6424 bytes]","args":[{"element-6066-11e4-a52e-4f735466cecf":"f.5D36BF6E7175A89251765FD96C6D3113.d.0352A1DB95580BC84F9C4280D6FA85E9.e.3037"},"getTokens",[]]}
RESULT: {"script":"<script> [6424 bytes]","args":[{"element-6066-11e4-a52e-4f735466cecf":"f.5D36BF6E7175A89251765FD96C6D3113.d.0352A1DB95580BC84F9C4280D6FA85E9.e.3037"},"getTokens",[]]}
COMMAND: POST /session/bd8f6f9489bd62a6508a75490a4bbe45/execute/async - {"script":"<script> [1562 bytes]","args":[{"wdio_ui5_key":"__token7-__tokenizer62-__xmlview59--requestItemsTable-0-1","selector":{"id":"__token7-__tokenizer62-__xmlview59--requestItemsTable-0-1"}}]}
RESULT: undefined
RESULT: {"script":"<script> [1562 bytes]","args":[{"wdio_ui5_key":"__token7-__tokenizer62-__xmlview59--requestItemsTable-0-1","selector":{"id":"__token7-__tokenizer62-__xmlview59--requestItemsTable-0-1"}}]}
RESULT: undefined
COMMAND: POST /session/bd8f6f9489bd62a6508a75490a4bbe45/execute/async - {"script":"<script> [1562 bytes]","args":[{"selector":{"controlType":"sap.ui.core.Icon","viewName":"etm.portal.ui.managerequests.view.NewRequest","properties":{"src":{"regex":{"source":"decline"}}},"ancestor":{"controlType":"sap.m.Token","viewName":"etm.portal.ui.managerequests.view.NewRequest","bindingPath":{"path":"/RequestItems/1/TOKENS/0","propertyPath":"TAG","modelName":"newRequestItems"}}},"wdio_ui5_key":"etmportal.ui.managerequests.view.NewRequestsap.ui.core.Icon{\"src\":{\"regex\":{\"source\":\"decline\"}}}{\"controlType\":\"sap.m.Token\",\"viewName\":\"etm.portal.ui.managerequests.view.NewRequest\",\"bindingPath\":{\"path\":\"/RequestItems/1/TOKENS/0\",\"propertyPath\":\"TAG\",\"modelName\":\"newRequestItems\"}}"}]}
RESULT: {"script":"<script> [1562 bytes]","args":[{"selector":{"controlType":"sap.ui.core.Icon","viewName":"etm.portal.ui.managerequests.view.NewRequest","properties":{"src":{"regex":{"source":"decline"}}},"ancestor":{"controlType":"sap.m.Token","viewName":"etm.portal.ui.managerequests.view.NewRequest","bindingPath":{"path":"/RequestItems/1/TOKENS/0","propertyPath":"TAG","modelName":"newRequestItems"}}},"wdio_ui5_key":"etmportal.ui.managerequests.view.NewRequestsap.ui.core.Icon{\"src\":{\"regex\":{\"source\":\"decline\"}}}{\"controlType\":\"sap.m.Token\",\"viewName\":\"etm.portal.ui.managerequests.view.NewRequest\",\"bindingPath\":{\"path\":\"/RequestItems/1/TOKENS/0\",\"propertyPath\":\"TAG\",\"modelName\":\"newRequestItems\"}}"}]}
RESULT: undefined
COMMAND: POST /session/bd8f6f9489bd62a6508a75490a4bbe45/element - {"using":"xpath","value":"//*[@id=\"__token7-__tokenizer62-__xmlview59--requestItemsTable-1-0-icon\"]"}
RESULT: {"using":"xpath","value":"//*[@id=\"__token7-__tokenizer62-__xmlview59--requestItemsTable-1-0-icon\"]"}
COMMAND: POST /session/bd8f6f9489bd62a6508a75490a4bbe45/element/f.5D36BF6E7175A89251765FD96C6D3113.d.0352A1DB95580BC84F9C4280D6FA85E9.e.3039/click - {}
RESULT: {}
COMMAND: GET /session/bd8f6f9489bd62a6508a75490a4bbe45/screenshot - {}
RESULT: {}
COMMAND: POST /session/bd8f6f9489bd62a6508a75490a4bbe45/actions - {"actions":[{"id":"action26","type":"key","parameters":{},"actions":[{"type":"keyDown","value":"î€Œ"},{"type":"pause","duration":10},{"type":"keyUp","value":"î€Œ"}]}]}
RESULT: {"actions":[{"id":"action26","type":"key","parameters":{},"actions":[{"type":"keyDown","value":"î€Œ"},{"type":"pause","duration":10},{"type":"keyUp","value":"î€Œ"}]}]}
COMMAND: GET /session/bd8f6f9489bd62a6508a75490a4bbe45/screenshot - {}
RESULT: {}
COMMAND: POST /session/bd8f6f9489bd62a6508a75490a4bbe45/execute/async - {"script":"<script> [1562 bytes]","args":[{"selector":{"controlType":"sap.m.Tokenizer","viewName":"etm.portal.ui.managerequests.view.NewRequest","bindingPath":{"path":"/RequestItems/1","propertyPath":"TOKENS","modelName":"newRequestItems"}},"wdio_ui5_key":"etmportal.ui.managerequests.view.NewRequestsap.m.Tokenizer{\"path\":\"/RequestItems/1\",\"propertyPath\":\"TOKENS\",\"modelName\":\"newRequestItems\"}"}]}
RESULT: {"script":"<script> [1562 bytes]","args":[{"selector":{"controlType":"sap.m.Tokenizer","viewName":"etm.portal.ui.managerequests.view.NewRequest","bindingPath":{"path":"/RequestItems/1","propertyPath":"TOKENS","modelName":"newRequestItems"}},"wdio_ui5_key":"etmportal.ui.managerequests.view.NewRequestsap.m.Tokenizer{\"path\":\"/RequestItems/1\",\"propertyPath\":\"TOKENS\",\"modelName\":\"newRequestItems\"}"}]}
RESULT: undefined
COMMAND: POST /session/bd8f6f9489bd62a6508a75490a4bbe45/execute/async - {"script":"<script> [6424 bytes]","args":[{"element-6066-11e4-a52e-4f735466cecf":"f.5D36BF6E7175A89251765FD96C6D3113.d.0352A1DB95580BC84F9C4280D6FA85E9.e.3047"},"getTokens",[]]}
RESULT: {"script":"<script> [6424 bytes]","args":[{"element-6066-11e4-a52e-4f735466cecf":"f.5D36BF6E7175A89251765FD96C6D3113.d.0352A1DB95580BC84F9C4280D6FA85E9.e.3047"},"getTokens",[]]}
COMMAND: POST /session/bd8f6f9489bd62a6508a75490a4bbe45/execute/async - {"script":"<script> [1562 bytes]","args":[{"wdio_ui5_key":"__token7-__tokenizer62-__xmlview59--requestItemsTable-1-0","selector":{"id":"__token7-__tokenizer62-__xmlview59--requestItemsTable-1-0"}}]}
RESULT: {"script":"<script> [1562 bytes]","args":[{"wdio_ui5_key":"__token7-__tokenizer62-__xmlview59--requestItemsTable-1-0","selector":{"id":"__token7-__tokenizer62-__xmlview59--requestItemsTable-1-0"}}]}
RESULT: undefined
RESULT: undefined
COMMAND: POST /session/bd8f6f9489bd62a6508a75490a4bbe45/execute/async - {"script":"<script> [776 bytes]","args":[{"enterText":"tagRequest1","selector":{"controlType":"sap.m.Input","viewName":"etm.portal.ui.managerequests.view.NewRequest","bindingPath":{"path":"","propertyPath":"/Tags","modelName":"catalogModel"},"ancestor":{"controlType":"sap.m.ColumnListItem","viewName":"etm.portal.ui.managerequests.view.NewRequest","bindingPath":{"modelName":"newRequestItems","path":"/RequestItems/1"},"ancestor":{"id":"requestItemsTable","viewName":"etm.portal.ui.managerequests.view.NewRequest"}},"interaction":{"idSuffix":"inner"}},"clearTextFirst":true,"interactionType":"ENTER_TEXT"}]}
RESULT: {"script":"<script> [776 bytes]","args":[{"enterText":"tagRequest1","selector":{"controlType":"sap.m.Input","viewName":"etm.portal.ui.managerequests.view.NewRequest","bindingPath":{"path":"","propertyPath":"/Tags","modelName":"catalogModel"},"ancestor":{"controlType":"sap.m.ColumnListItem","viewName":"etm.portal.ui.managerequests.view.NewRequest","bindingPath":{"modelName":"newRequestItems","path":"/RequestItems/1"},"ancestor":{"id":"requestItemsTable","viewName":"etm.portal.ui.managerequests.view.NewRequest"}},"interaction":{"idSuffix":"inner"}},"clearTextFirst":true,"interactionType":"ENTER_TEXT"}]}
COMMAND: POST /session/bd8f6f9489bd62a6508a75490a4bbe45/actions - {"actions":[{"id":"action27","type":"key","parameters":{},"actions":[{"type":"keyDown","value":"î€‡"},{"type":"pause","duration":10},{"type":"keyUp","value":"î€‡"}]}]}
RESULT: {"actions":[{"id":"action27","type":"key","parameters":{},"actions":[{"type":"keyDown","value":"î€‡"},{"type":"pause","duration":10},{"type":"keyUp","value":"î€‡"}]}]}
COMMAND: GET /session/bd8f6f9489bd62a6508a75490a4bbe45/screenshot - {}
RESULT: {}
RESULT: undefined
COMMAND: POST /session/bd8f6f9489bd62a6508a75490a4bbe45/execute/async - {"script":"<script> [6424 bytes]","args":[{"element-6066-11e4-a52e-4f735466cecf":"f.5D36BF6E7175A89251765FD96C6D3113.d.0352A1DB95580BC84F9C4280D6FA85E9.e.3047"},"getTokens",[]]}
RESULT: {"script":"<script> [6424 bytes]","args":[{"element-6066-11e4-a52e-4f735466cecf":"f.5D36BF6E7175A89251765FD96C6D3113.d.0352A1DB95580BC84F9C4280D6FA85E9.e.3047"},"getTokens",[]]}
COMMAND: POST /session/bd8f6f9489bd62a6508a75490a4bbe45/execute/async - {"script":"<script> [1562 bytes]","args":[{"wdio_ui5_key":"__token7-__tokenizer62-__xmlview59--requestItemsTable-1-1","selector":{"id":"__token7-__tokenizer62-__xmlview59--requestItemsTable-1-1"}}]}
RESULT: undefined
RESULT: {"script":"<script> [1562 bytes]","args":[{"wdio_ui5_key":"__token7-__tokenizer62-__xmlview59--requestItemsTable-1-1","selector":{"id":"__token7-__tokenizer62-__xmlview59--requestItemsTable-1-1"}}]}
RESULT: undefined
COMMAND: POST /session/bd8f6f9489bd62a6508a75490a4bbe45/execute/async - {"script":"<script> [1562 bytes]","args":[{"selector":{"controlType":"sap.m.Button","viewName":"etm.portal.ui.managerequests.view.NewRequest","properties":{"text":"Save"},"i18NText":{"propertyName":"tooltip","key":"save"},"interaction":{"idSuffix":"BDI-content"}},"wdio_ui5_key":"etmportal.ui.managerequests.view.NewRequestsap.m.Button{\"propertyName\":\"tooltip\",\"key\":\"save\"}{\"text\":\"Save\"}"}]}
RESULT: {"script":"<script> [1562 bytes]","args":[{"selector":{"controlType":"sap.m.Button","viewName":"etm.portal.ui.managerequests.view.NewRequest","properties":{"text":"Save"},"i18NText":{"propertyName":"tooltip","key":"save"},"interaction":{"idSuffix":"BDI-content"}},"wdio_ui5_key":"etmportal.ui.managerequests.view.NewRequestsap.m.Button{\"propertyName\":\"tooltip\",\"key\":\"save\"}{\"text\":\"Save\"}"}]}
RESULT: undefined
COMMAND: POST /session/bd8f6f9489bd62a6508a75490a4bbe45/element - {"using":"xpath","value":"//*[@id=\"__button109\"]"}
RESULT: {"using":"xpath","value":"//*[@id=\"__button109\"]"}
COMMAND: POST /session/bd8f6f9489bd62a6508a75490a4bbe45/element/f.5D36BF6E7175A89251765FD96C6D3113.d.0352A1DB95580BC84F9C4280D6FA85E9.e.2790/click - {}
RESULT: {}
COMMAND: GET /session/bd8f6f9489bd62a6508a75490a4bbe45/screenshot - {}
RESULT: {}
COMMAND: POST /session/bd8f6f9489bd62a6508a75490a4bbe45/element - {"using":"xpath","value":"//bdi[contains(@id ,\"BDI-content\")][contains(text(), \"Close\")]"}
RESULT: {"using":"xpath","value":"//bdi[contains(@id ,\"BDI-content\")][contains(text(), \"Close\")]"}
COMMAND: POST /session/bd8f6f9489bd62a6508a75490a4bbe45/element/f.5D36BF6E7175A89251765FD96C6D3113.d.0352A1DB95580BC84F9C4280D6FA85E9.e.3056/click - {}
RESULT: {}
COMMAND: GET /session/bd8f6f9489bd62a6508a75490a4bbe45/screenshot - {}
RESULT: {}
]]></system-out>
    </testcase>
    <testcase classname="chrome.136_0_7103_93.windows.Manage_Requests_Tags_Tests_US120163" name="Should Edit Request Tags" time="99.77">
      <system-out><![CDATA[
COMMAND: POST /session/bd8f6f9489bd62a6508a75490a4bbe45/execute/async - {"script":"<script> [1562 bytes]","args":[{"selector":{"controlType":"sap.ui.core.Icon","viewName":"etm.portal.ui.managerequests.view.Detail","properties":{"src":{"regex":{"source":"overflow"}}}},"wdio_ui5_key":"etmportal.ui.managerequests.view.Detailsap.ui.core.Icon{\"src\":{\"regex\":{\"source\":\"overflow\"}}}"}]}
RESULT: {"script":"<script> [1562 bytes]","args":[{"selector":{"controlType":"sap.ui.core.Icon","viewName":"etm.portal.ui.managerequests.view.Detail","properties":{"src":{"regex":{"source":"overflow"}}}},"wdio_ui5_key":"etmportal.ui.managerequests.view.Detailsap.ui.core.Icon{\"src\":{\"regex\":{\"source\":\"overflow\"}}}"}]}
RESULT: undefined
COMMAND: POST /session/bd8f6f9489bd62a6508a75490a4bbe45/element - {"using":"xpath","value":"//*[@id=\"__xmlview60--detailHeaderTitle-_actionsToolbar-overflowButton-img\"]"}
RESULT: {"using":"xpath","value":"//*[@id=\"__xmlview60--detailHeaderTitle-_actionsToolbar-overflowButton-img\"]"}
COMMAND: POST /session/bd8f6f9489bd62a6508a75490a4bbe45/element/f.5D36BF6E7175A89251765FD96C6D3113.d.0352A1DB95580BC84F9C4280D6FA85E9.e.3183/click - {}
RESULT: {}
COMMAND: GET /session/bd8f6f9489bd62a6508a75490a4bbe45/screenshot - {}
RESULT: {}
COMMAND: POST /session/bd8f6f9489bd62a6508a75490a4bbe45/execute/async - {"script":"<script> [1562 bytes]","args":[{"selector":{"controlType":"sap.uxap.ObjectPageHeaderActionButton","viewName":"etm.portal.ui.managerequests.view.Detail","i18NText":{"propertyName":"text","key":"edit"},"searchOpenDialogs":true,"interaction":{"idSuffix":"inner"}},"wdio_ui5_key":"etmportal.ui.managerequests.view.Detailsap.uxap.ObjectPageHeaderActionButton{\"propertyName\":\"text\",\"key\":\"edit\"}"}]}
RESULT: {"script":"<script> [1562 bytes]","args":[{"selector":{"controlType":"sap.uxap.ObjectPageHeaderActionButton","viewName":"etm.portal.ui.managerequests.view.Detail","i18NText":{"propertyName":"text","key":"edit"},"searchOpenDialogs":true,"interaction":{"idSuffix":"inner"}},"wdio_ui5_key":"etmportal.ui.managerequests.view.Detailsap.uxap.ObjectPageHeaderActionButton{\"propertyName\":\"text\",\"key\":\"edit\"}"}]}
RESULT: undefined
COMMAND: POST /session/bd8f6f9489bd62a6508a75490a4bbe45/element - {"using":"xpath","value":"//*[@id=\"__button128\"]"}
RESULT: {"using":"xpath","value":"//*[@id=\"__button128\"]"}
COMMAND: POST /session/bd8f6f9489bd62a6508a75490a4bbe45/element/f.5D36BF6E7175A89251765FD96C6D3113.d.0352A1DB95580BC84F9C4280D6FA85E9.e.3187/click - {}
RESULT: {}
COMMAND: GET /session/bd8f6f9489bd62a6508a75490a4bbe45/screenshot - {}
RESULT: {}
COMMAND: POST /session/bd8f6f9489bd62a6508a75490a4bbe45/execute/async - {"script":"<script> [1562 bytes]","args":[{"selector":{"controlType":"sap.ui.core.Icon","viewName":"etm.portal.ui.managerequests.view.Edit","properties":{"src":{"regex":{"source":"decline"}}},"ancestor":{"controlType":"sap.m.Token","viewName":"etm.portal.ui.managerequests.view.Edit","bindingPath":{"propertyPath":"TAG","modelName":"catalogModel"},"properties":{"text":"RefTag"}}},"wdio_ui5_key":"etmportal.ui.managerequests.view.Editsap.ui.core.Icon{\"src\":{\"regex\":{\"source\":\"decline\"}}}{\"controlType\":\"sap.m.Token\",\"viewName\":\"etm.portal.ui.managerequests.view.Edit\",\"bindingPath\":{\"propertyPath\":\"TAG\",\"modelName\":\"catalogModel\"},\"properties\":{\"text\":\"RefTag\"}}"}]}
RESULT: {"script":"<script> [1562 bytes]","args":[{"selector":{"controlType":"sap.ui.core.Icon","viewName":"etm.portal.ui.managerequests.view.Edit","properties":{"src":{"regex":{"source":"decline"}}},"ancestor":{"controlType":"sap.m.Token","viewName":"etm.portal.ui.managerequests.view.Edit","bindingPath":{"propertyPath":"TAG","modelName":"catalogModel"},"properties":{"text":"RefTag"}}},"wdio_ui5_key":"etmportal.ui.managerequests.view.Editsap.ui.core.Icon{\"src\":{\"regex\":{\"source\":\"decline\"}}}{\"controlType\":\"sap.m.Token\",\"viewName\":\"etm.portal.ui.managerequests.view.Edit\",\"bindingPath\":{\"propertyPath\":\"TAG\",\"modelName\":\"catalogModel\"},\"properties\":{\"text\":\"RefTag\"}}"}]}
RESULT: undefined
COMMAND: POST /session/bd8f6f9489bd62a6508a75490a4bbe45/element - {"using":"xpath","value":"//*[@id=\"__token13-__tokenizer64-0-icon\"]"}
RESULT: {"using":"xpath","value":"//*[@id=\"__token13-__tokenizer64-0-icon\"]"}
COMMAND: POST /session/bd8f6f9489bd62a6508a75490a4bbe45/element/f.5D36BF6E7175A89251765FD96C6D3113.d.0352A1DB95580BC84F9C4280D6FA85E9.e.3292/click - {}
RESULT: {}
COMMAND: POST /session/bd8f6f9489bd62a6508a75490a4bbe45/execute/async - {"script":"<script> [1562 bytes]","args":[{"selector":{"id":"tagMultiInputRequests","viewName":"etm.portal.ui.managerequests.view.Edit","interaction":{"idSuffix":"inner"}},"wdio_ui5_key":"tagMultiInputRequestsetmportal.ui.managerequests.view.Edit"}]}
COMMAND: GET /session/bd8f6f9489bd62a6508a75490a4bbe45/screenshot - {}
RESULT: {"script":"<script> [1562 bytes]","args":[{"selector":{"id":"tagMultiInputRequests","viewName":"etm.portal.ui.managerequests.view.Edit","interaction":{"idSuffix":"inner"}},"wdio_ui5_key":"tagMultiInputRequestsetmportal.ui.managerequests.view.Edit"}]}
RESULT: undefined
COMMAND: POST /session/bd8f6f9489bd62a6508a75490a4bbe45/execute/async - {"script":"<script> [6424 bytes]","args":[{"element-6066-11e4-a52e-4f735466cecf":"f.5D36BF6E7175A89251765FD96C6D3113.d.0352A1DB95580BC84F9C4280D6FA85E9.e.3219"},"getTokens",[]]}
RESULT: {}
RESULT: {"script":"<script> [6424 bytes]","args":[{"element-6066-11e4-a52e-4f735466cecf":"f.5D36BF6E7175A89251765FD96C6D3113.d.0352A1DB95580BC84F9C4280D6FA85E9.e.3219"},"getTokens",[]]}
COMMAND: POST /session/bd8f6f9489bd62a6508a75490a4bbe45/execute/async - {"script":"<script> [1562 bytes]","args":[{"wdio_ui5_key":"__token13-__tokenizer64-1","selector":{"id":"__token13-__tokenizer64-1"}}]}
RESULT: {"script":"<script> [1562 bytes]","args":[{"wdio_ui5_key":"__token13-__tokenizer64-1","selector":{"id":"__token13-__tokenizer64-1"}}]}
RESULT: undefined
RESULT: undefined
COMMAND: POST /session/bd8f6f9489bd62a6508a75490a4bbe45/execute/async - {"script":"<script> [776 bytes]","args":[{"enterText":"RefTag","selector":{"id":"tagMultiInputRequests","viewName":"etm.portal.ui.managerequests.view.Edit","interaction":{"idSuffix":"inner"}},"clearTextFirst":true,"interactionType":"ENTER_TEXT"}]}
RESULT: {"script":"<script> [776 bytes]","args":[{"enterText":"RefTag","selector":{"id":"tagMultiInputRequests","viewName":"etm.portal.ui.managerequests.view.Edit","interaction":{"idSuffix":"inner"}},"clearTextFirst":true,"interactionType":"ENTER_TEXT"}]}
COMMAND: POST /session/bd8f6f9489bd62a6508a75490a4bbe45/actions - {"actions":[{"id":"action28","type":"key","parameters":{},"actions":[{"type":"keyDown","value":"î€‡"},{"type":"pause","duration":10},{"type":"keyUp","value":"î€‡"}]}]}
RESULT: {"actions":[{"id":"action28","type":"key","parameters":{},"actions":[{"type":"keyDown","value":"î€‡"},{"type":"pause","duration":10},{"type":"keyUp","value":"î€‡"}]}]}
COMMAND: GET /session/bd8f6f9489bd62a6508a75490a4bbe45/screenshot - {}
RESULT: {}
RESULT: undefined
COMMAND: POST /session/bd8f6f9489bd62a6508a75490a4bbe45/execute/async - {"script":"<script> [6424 bytes]","args":[{"element-6066-11e4-a52e-4f735466cecf":"f.5D36BF6E7175A89251765FD96C6D3113.d.0352A1DB95580BC84F9C4280D6FA85E9.e.3219"},"getTokens",[]]}
RESULT: {"script":"<script> [6424 bytes]","args":[{"element-6066-11e4-a52e-4f735466cecf":"f.5D36BF6E7175A89251765FD96C6D3113.d.0352A1DB95580BC84F9C4280D6FA85E9.e.3219"},"getTokens",[]]}
COMMAND: POST /session/bd8f6f9489bd62a6508a75490a4bbe45/execute/async - {"script":"<script> [1562 bytes]","args":[{"wdio_ui5_key":"__token16","selector":{"id":"__token16"}}]}
RESULT: undefined
RESULT: {"script":"<script> [1562 bytes]","args":[{"wdio_ui5_key":"__token16","selector":{"id":"__token16"}}]}
RESULT: undefined
COMMAND: POST /session/bd8f6f9489bd62a6508a75490a4bbe45/execute/async - {"script":"<script> [1562 bytes]","args":[{"selector":{"controlType":"sap.m.Button","viewName":"etm.portal.ui.managerequests.view.Edit","properties":{"text":"Items (2)"},"interaction":{"idSuffix":"BDI-content"}},"wdio_ui5_key":"etmportal.ui.managerequests.view.Editsap.m.Button{\"text\":\"Items (2)\"}"}]}
RESULT: {"script":"<script> [1562 bytes]","args":[{"selector":{"controlType":"sap.m.Button","viewName":"etm.portal.ui.managerequests.view.Edit","properties":{"text":"Items (2)"},"interaction":{"idSuffix":"BDI-content"}},"wdio_ui5_key":"etmportal.ui.managerequests.view.Editsap.m.Button{\"text\":\"Items (2)\"}"}]}
RESULT: undefined
COMMAND: POST /session/bd8f6f9489bd62a6508a75490a4bbe45/element - {"using":"xpath","value":"//*[@id=\"__xmlview61--editRequestPage-anchBar-__xmlview61--requestItemsSection-anchor\"]"}
RESULT: {"using":"xpath","value":"//*[@id=\"__xmlview61--editRequestPage-anchBar-__xmlview61--requestItemsSection-anchor\"]"}
COMMAND: POST /session/bd8f6f9489bd62a6508a75490a4bbe45/element/f.5D36BF6E7175A89251765FD96C6D3113.d.0352A1DB95580BC84F9C4280D6FA85E9.e.3297/click - {}
RESULT: {}
COMMAND: GET /session/bd8f6f9489bd62a6508a75490a4bbe45/screenshot - {}
RESULT: {}
COMMAND: POST /session/bd8f6f9489bd62a6508a75490a4bbe45/execute/async - {"script":"<script> [1562 bytes]","args":[{"selector":{"controlType":"sap.ui.core.Icon","viewName":"etm.portal.ui.managerequests.view.Edit","properties":{"src":{"regex":{"source":"inspect"}}}},"wdio_ui5_key":"etmportal.ui.managerequests.view.Editsap.ui.core.Icon{\"src\":{\"regex\":{\"source\":\"inspect\"}}}"}]}
RESULT: {"script":"<script> [1562 bytes]","args":[{"selector":{"controlType":"sap.ui.core.Icon","viewName":"etm.portal.ui.managerequests.view.Edit","properties":{"src":{"regex":{"source":"inspect"}}}},"wdio_ui5_key":"etmportal.ui.managerequests.view.Editsap.ui.core.Icon{\"src\":{\"regex\":{\"source\":\"inspect\"}}}"}]}
RESULT: undefined
COMMAND: POST /session/bd8f6f9489bd62a6508a75490a4bbe45/element - {"using":"xpath","value":"//*[@id=\"__button153-img\"]"}
RESULT: {"using":"xpath","value":"//*[@id=\"__button153-img\"]"}
COMMAND: POST /session/bd8f6f9489bd62a6508a75490a4bbe45/element/f.5D36BF6E7175A89251765FD96C6D3113.d.0352A1DB95580BC84F9C4280D6FA85E9.e.3303/click - {}
RESULT: {}
COMMAND: GET /session/bd8f6f9489bd62a6508a75490a4bbe45/screenshot - {}
RESULT: {}
COMMAND: POST /session/bd8f6f9489bd62a6508a75490a4bbe45/execute/async - {"script":"<script> [1562 bytes]","args":[{"selector":{"controlType":"sap.m.Tokenizer","viewName":"etm.portal.ui.managerequests.view.Edit","bindingPath":{"path":"/RequestItems/0","propertyPath":"LINK_TO_TAGS","modelName":"RequestItemsModel"}},"wdio_ui5_key":"etmportal.ui.managerequests.view.Editsap.m.Tokenizer{\"path\":\"/RequestItems/0\",\"propertyPath\":\"LINK_TO_TAGS\",\"modelName\":\"RequestItemsModel\"}"}]}
RESULT: {"script":"<script> [1562 bytes]","args":[{"selector":{"controlType":"sap.m.Tokenizer","viewName":"etm.portal.ui.managerequests.view.Edit","bindingPath":{"path":"/RequestItems/0","propertyPath":"LINK_TO_TAGS","modelName":"RequestItemsModel"}},"wdio_ui5_key":"etmportal.ui.managerequests.view.Editsap.m.Tokenizer{\"path\":\"/RequestItems/0\",\"propertyPath\":\"LINK_TO_TAGS\",\"modelName\":\"RequestItemsModel\"}"}]}
RESULT: undefined
COMMAND: POST /session/bd8f6f9489bd62a6508a75490a4bbe45/element - {"using":"xpath","value":"//*[@id=\"__tokenizer66\"]"}
RESULT: {"using":"xpath","value":"//*[@id=\"__tokenizer66\"]"}
COMMAND: POST /session/bd8f6f9489bd62a6508a75490a4bbe45/element/f.5D36BF6E7175A89251765FD96C6D3113.d.0352A1DB95580BC84F9C4280D6FA85E9.e.3307/click - {}
RESULT: {}
COMMAND: GET /session/bd8f6f9489bd62a6508a75490a4bbe45/screenshot - {}
RESULT: {}
COMMAND: POST /session/bd8f6f9489bd62a6508a75490a4bbe45/execute/async - {"script":"<script> [1562 bytes]","args":[{"selector":{"controlType":"sap.ui.core.Icon","viewName":"etm.portal.ui.managerequests.view.Edit","properties":{"src":{"regex":{"source":"decline"}}},"searchOpenDialogs":true,"ancestor":{"controlType":"sap.m.StandardListItem","viewName":"etm.portal.ui.managerequests.view.Edit","properties":{"title":"tag-duplicate"},"searchOpenDialogs":true}},"wdio_ui5_key":"etmportal.ui.managerequests.view.Editsap.ui.core.Icon{\"src\":{\"regex\":{\"source\":\"decline\"}}}{\"controlType\":\"sap.m.StandardListItem\",\"viewName\":\"etm.portal.ui.managerequests.view.Edit\",\"properties\":{\"title\":\"tag-duplicate\"},\"searchOpenDialogs\":true}"}]}
RESULT: {"script":"<script> [1562 bytes]","args":[{"selector":{"controlType":"sap.ui.core.Icon","viewName":"etm.portal.ui.managerequests.view.Edit","properties":{"src":{"regex":{"source":"decline"}}},"searchOpenDialogs":true,"ancestor":{"controlType":"sap.m.StandardListItem","viewName":"etm.portal.ui.managerequests.view.Edit","properties":{"title":"tag-duplicate"},"searchOpenDialogs":true}},"wdio_ui5_key":"etmportal.ui.managerequests.view.Editsap.ui.core.Icon{\"src\":{\"regex\":{\"source\":\"decline\"}}}{\"controlType\":\"sap.m.StandardListItem\",\"viewName\":\"etm.portal.ui.managerequests.view.Edit\",\"properties\":{\"title\":\"tag-duplicate\"},\"searchOpenDialogs\":true}"}]}
RESULT: undefined
COMMAND: POST /session/bd8f6f9489bd62a6508a75490a4bbe45/element - {"using":"xpath","value":"//*[@id=\"__item1801-imgDel-img\"]"}
RESULT: {"using":"xpath","value":"//*[@id=\"__item1801-imgDel-img\"]"}
COMMAND: POST /session/bd8f6f9489bd62a6508a75490a4bbe45/element/f.5D36BF6E7175A89251765FD96C6D3113.d.0352A1DB95580BC84F9C4280D6FA85E9.e.3310/click - {}
RESULT: {}
COMMAND: GET /session/bd8f6f9489bd62a6508a75490a4bbe45/screenshot - {}
RESULT: {}
COMMAND: POST /session/bd8f6f9489bd62a6508a75490a4bbe45/actions - {"actions":[{"id":"action29","type":"key","parameters":{},"actions":[{"type":"keyDown","value":"î€Œ"},{"type":"pause","duration":10},{"type":"keyUp","value":"î€Œ"}]}]}
RESULT: {"actions":[{"id":"action29","type":"key","parameters":{},"actions":[{"type":"keyDown","value":"î€Œ"},{"type":"pause","duration":10},{"type":"keyUp","value":"î€Œ"}]}]}
COMMAND: POST /session/bd8f6f9489bd62a6508a75490a4bbe45/execute/async - {"script":"<script> [1562 bytes]","args":[{"selector":{"controlType":"sap.m.Tokenizer","viewName":"etm.portal.ui.managerequests.view.Edit","bindingPath":{"path":"/RequestItems/1","propertyPath":"LINK_TO_TAGS","modelName":"RequestItemsModel"}},"wdio_ui5_key":"etmportal.ui.managerequests.view.Editsap.m.Tokenizer{\"path\":\"/RequestItems/1\",\"propertyPath\":\"LINK_TO_TAGS\",\"modelName\":\"RequestItemsModel\"}"}]}
COMMAND: GET /session/bd8f6f9489bd62a6508a75490a4bbe45/screenshot - {}
RESULT: {"script":"<script> [1562 bytes]","args":[{"selector":{"controlType":"sap.m.Tokenizer","viewName":"etm.portal.ui.managerequests.view.Edit","bindingPath":{"path":"/RequestItems/1","propertyPath":"LINK_TO_TAGS","modelName":"RequestItemsModel"}},"wdio_ui5_key":"etmportal.ui.managerequests.view.Editsap.m.Tokenizer{\"path\":\"/RequestItems/1\",\"propertyPath\":\"LINK_TO_TAGS\",\"modelName\":\"RequestItemsModel\"}"}]}
RESULT: undefined
COMMAND: POST /session/bd8f6f9489bd62a6508a75490a4bbe45/element - {"using":"xpath","value":"//*[@id=\"__tokenizer67\"]"}
RESULT: {}
RESULT: {"using":"xpath","value":"//*[@id=\"__tokenizer67\"]"}
COMMAND: POST /session/bd8f6f9489bd62a6508a75490a4bbe45/element/f.5D36BF6E7175A89251765FD96C6D3113.d.0352A1DB95580BC84F9C4280D6FA85E9.e.3313/click - {}
RESULT: {}
COMMAND: GET /session/bd8f6f9489bd62a6508a75490a4bbe45/screenshot - {}
RESULT: {}
COMMAND: POST /session/bd8f6f9489bd62a6508a75490a4bbe45/execute/async - {"script":"<script> [1562 bytes]","args":[{"selector":{"controlType":"sap.ui.core.Icon","viewName":"etm.portal.ui.managerequests.view.Edit","properties":{"src":{"regex":{"source":"decline"}}},"searchOpenDialogs":true,"ancestor":{"controlType":"sap.m.StandardListItem","viewName":"etm.portal.ui.managerequests.view.Edit","properties":{"title":"tagRequest1"},"searchOpenDialogs":true}},"wdio_ui5_key":"etmportal.ui.managerequests.view.Editsap.ui.core.Icon{\"src\":{\"regex\":{\"source\":\"decline\"}}}{\"controlType\":\"sap.m.StandardListItem\",\"viewName\":\"etm.portal.ui.managerequests.view.Edit\",\"properties\":{\"title\":\"tagRequest1\"},\"searchOpenDialogs\":true}"}]}
RESULT: {"script":"<script> [1562 bytes]","args":[{"selector":{"controlType":"sap.ui.core.Icon","viewName":"etm.portal.ui.managerequests.view.Edit","properties":{"src":{"regex":{"source":"decline"}}},"searchOpenDialogs":true,"ancestor":{"controlType":"sap.m.StandardListItem","viewName":"etm.portal.ui.managerequests.view.Edit","properties":{"title":"tagRequest1"},"searchOpenDialogs":true}},"wdio_ui5_key":"etmportal.ui.managerequests.view.Editsap.ui.core.Icon{\"src\":{\"regex\":{\"source\":\"decline\"}}}{\"controlType\":\"sap.m.StandardListItem\",\"viewName\":\"etm.portal.ui.managerequests.view.Edit\",\"properties\":{\"title\":\"tagRequest1\"},\"searchOpenDialogs\":true}"}]}
RESULT: undefined
COMMAND: POST /session/bd8f6f9489bd62a6508a75490a4bbe45/element - {"using":"xpath","value":"//*[@id=\"__item1809-imgDel-img\"]"}
RESULT: {"using":"xpath","value":"//*[@id=\"__item1809-imgDel-img\"]"}
COMMAND: POST /session/bd8f6f9489bd62a6508a75490a4bbe45/element/f.5D36BF6E7175A89251765FD96C6D3113.d.0352A1DB95580BC84F9C4280D6FA85E9.e.3316/click - {}
RESULT: {}
COMMAND: GET /session/bd8f6f9489bd62a6508a75490a4bbe45/screenshot - {}
RESULT: {}
COMMAND: POST /session/bd8f6f9489bd62a6508a75490a4bbe45/execute/async - {"script":"<script> [1562 bytes]","args":[{"selector":{"controlType":"sap.ui.core.Icon","viewName":"etm.portal.ui.managerequests.view.Edit","properties":{"src":{"regex":{"source":"decline"}}},"searchOpenDialogs":true,"ancestor":{"controlType":"sap.m.StandardListItem","viewName":"etm.portal.ui.managerequests.view.Edit","properties":{"title":"RefTag"},"searchOpenDialogs":true}},"wdio_ui5_key":"etmportal.ui.managerequests.view.Editsap.ui.core.Icon{\"src\":{\"regex\":{\"source\":\"decline\"}}}{\"controlType\":\"sap.m.StandardListItem\",\"viewName\":\"etm.portal.ui.managerequests.view.Edit\",\"properties\":{\"title\":\"RefTag\"},\"searchOpenDialogs\":true}"}]}
RESULT: {"script":"<script> [1562 bytes]","args":[{"selector":{"controlType":"sap.ui.core.Icon","viewName":"etm.portal.ui.managerequests.view.Edit","properties":{"src":{"regex":{"source":"decline"}}},"searchOpenDialogs":true,"ancestor":{"controlType":"sap.m.StandardListItem","viewName":"etm.portal.ui.managerequests.view.Edit","properties":{"title":"RefTag"},"searchOpenDialogs":true}},"wdio_ui5_key":"etmportal.ui.managerequests.view.Editsap.ui.core.Icon{\"src\":{\"regex\":{\"source\":\"decline\"}}}{\"controlType\":\"sap.m.StandardListItem\",\"viewName\":\"etm.portal.ui.managerequests.view.Edit\",\"properties\":{\"title\":\"RefTag\"},\"searchOpenDialogs\":true}"}]}
RESULT: undefined
COMMAND: POST /session/bd8f6f9489bd62a6508a75490a4bbe45/element - {"using":"xpath","value":"//*[@id=\"__item1813-imgDel-img\"]"}
RESULT: {"using":"xpath","value":"//*[@id=\"__item1813-imgDel-img\"]"}
COMMAND: POST /session/bd8f6f9489bd62a6508a75490a4bbe45/element/f.5D36BF6E7175A89251765FD96C6D3113.d.0352A1DB95580BC84F9C4280D6FA85E9.e.3319/click - {}
RESULT: {}
COMMAND: GET /session/bd8f6f9489bd62a6508a75490a4bbe45/screenshot - {}
RESULT: {}
COMMAND: POST /session/bd8f6f9489bd62a6508a75490a4bbe45/execute/async - {"script":"<script> [1562 bytes]","args":[{"selector":{"controlType":"sap.ui.core.Icon","viewName":"etm.portal.ui.managerequests.view.Edit","properties":{"src":{"regex":{"source":"decline"}}},"searchOpenDialogs":true,"ancestor":{"controlType":"sap.m.StandardListItem","viewName":"etm.portal.ui.managerequests.view.Edit","properties":{"title":"tag-header"},"searchOpenDialogs":true}},"wdio_ui5_key":"etmportal.ui.managerequests.view.Editsap.ui.core.Icon{\"src\":{\"regex\":{\"source\":\"decline\"}}}{\"controlType\":\"sap.m.StandardListItem\",\"viewName\":\"etm.portal.ui.managerequests.view.Edit\",\"properties\":{\"title\":\"tag-header\"},\"searchOpenDialogs\":true}"}]}
RESULT: {"script":"<script> [1562 bytes]","args":[{"selector":{"controlType":"sap.ui.core.Icon","viewName":"etm.portal.ui.managerequests.view.Edit","properties":{"src":{"regex":{"source":"decline"}}},"searchOpenDialogs":true,"ancestor":{"controlType":"sap.m.StandardListItem","viewName":"etm.portal.ui.managerequests.view.Edit","properties":{"title":"tag-header"},"searchOpenDialogs":true}},"wdio_ui5_key":"etmportal.ui.managerequests.view.Editsap.ui.core.Icon{\"src\":{\"regex\":{\"source\":\"decline\"}}}{\"controlType\":\"sap.m.StandardListItem\",\"viewName\":\"etm.portal.ui.managerequests.view.Edit\",\"properties\":{\"title\":\"tag-header\"},\"searchOpenDialogs\":true}"}]}
RESULT: undefined
COMMAND: POST /session/bd8f6f9489bd62a6508a75490a4bbe45/element - {"using":"xpath","value":"//*[@id=\"__item1816-imgDel-img\"]"}
RESULT: {"using":"xpath","value":"//*[@id=\"__item1816-imgDel-img\"]"}
COMMAND: POST /session/bd8f6f9489bd62a6508a75490a4bbe45/element/f.5D36BF6E7175A89251765FD96C6D3113.d.0352A1DB95580BC84F9C4280D6FA85E9.e.3322/click - {}
RESULT: {}
COMMAND: GET /session/bd8f6f9489bd62a6508a75490a4bbe45/screenshot - {}
RESULT: {}
COMMAND: POST /session/bd8f6f9489bd62a6508a75490a4bbe45/actions - {"actions":[{"id":"action30","type":"key","parameters":{},"actions":[{"type":"keyDown","value":"î€ƒ"},{"type":"pause","duration":10},{"type":"keyUp","value":"î€ƒ"}]}]}
RESULT: {"actions":[{"id":"action30","type":"key","parameters":{},"actions":[{"type":"keyDown","value":"î€ƒ"},{"type":"pause","duration":10},{"type":"keyUp","value":"î€ƒ"}]}]}
COMMAND: POST /session/bd8f6f9489bd62a6508a75490a4bbe45/actions - {"actions":[{"id":"action31","type":"key","parameters":{},"actions":[{"type":"keyDown","value":"î€ƒ"},{"type":"pause","duration":10},{"type":"keyUp","value":"î€ƒ"}]}]}
COMMAND: GET /session/bd8f6f9489bd62a6508a75490a4bbe45/screenshot - {}
RESULT: {"actions":[{"id":"action31","type":"key","parameters":{},"actions":[{"type":"keyDown","value":"î€ƒ"},{"type":"pause","duration":10},{"type":"keyUp","value":"î€ƒ"}]}]}
COMMAND: GET /session/bd8f6f9489bd62a6508a75490a4bbe45/screenshot - {}
RESULT: {}
RESULT: {}
COMMAND: POST /session/bd8f6f9489bd62a6508a75490a4bbe45/execute/async - {"script":"<script> [1562 bytes]","args":[{"selector":{"controlType":"sap.m.Button","viewName":"etm.portal.ui.managerequests.view.Edit","i18NText":{"propertyName":"tooltip","key":"save"},"interaction":{"idSuffix":"BDI-content"}},"wdio_ui5_key":"etmportal.ui.managerequests.view.Editsap.m.Button{\"propertyName\":\"tooltip\",\"key\":\"save\"}"}]}
RESULT: {"script":"<script> [1562 bytes]","args":[{"selector":{"controlType":"sap.m.Button","viewName":"etm.portal.ui.managerequests.view.Edit","i18NText":{"propertyName":"tooltip","key":"save"},"interaction":{"idSuffix":"BDI-content"}},"wdio_ui5_key":"etmportal.ui.managerequests.view.Editsap.m.Button{\"propertyName\":\"tooltip\",\"key\":\"save\"}"}]}
RESULT: undefined
COMMAND: POST /session/bd8f6f9489bd62a6508a75490a4bbe45/element - {"using":"xpath","value":"//*[@id=\"__xmlview61--saveButtonId\"]"}
RESULT: {"using":"xpath","value":"//*[@id=\"__xmlview61--saveButtonId\"]"}
COMMAND: POST /session/bd8f6f9489bd62a6508a75490a4bbe45/element/f.5D36BF6E7175A89251765FD96C6D3113.d.0352A1DB95580BC84F9C4280D6FA85E9.e.3228/click - {}
RESULT: {}
COMMAND: GET /session/bd8f6f9489bd62a6508a75490a4bbe45/screenshot - {}
RESULT: {}
COMMAND: POST /session/bd8f6f9489bd62a6508a75490a4bbe45/execute/async - {"script":"<script> [1562 bytes]","args":[{"selector":{"id":"tagsLayoutViewMode","viewName":"etm.portal.ui.managerequests.view.Detail"},"wdio_ui5_key":"tagsLayoutViewModeetmportal.ui.managerequests.view.Detail"}]}
RESULT: {"script":"<script> [1562 bytes]","args":[{"selector":{"id":"tagsLayoutViewMode","viewName":"etm.portal.ui.managerequests.view.Detail"},"wdio_ui5_key":"tagsLayoutViewModeetmportal.ui.managerequests.view.Detail"}]}
RESULT: undefined
COMMAND: POST /session/bd8f6f9489bd62a6508a75490a4bbe45/execute/async - {"script":"<script> [6424 bytes]","args":[{"element-6066-11e4-a52e-4f735466cecf":"f.5D36BF6E7175A89251765FD96C6D3113.d.0352A1DB95580BC84F9C4280D6FA85E9.e.3466"},"getTokens",[]]}
RESULT: {"script":"<script> [6424 bytes]","args":[{"element-6066-11e4-a52e-4f735466cecf":"f.5D36BF6E7175A89251765FD96C6D3113.d.0352A1DB95580BC84F9C4280D6FA85E9.e.3466"},"getTokens",[]]}
COMMAND: POST /session/bd8f6f9489bd62a6508a75490a4bbe45/execute/async - {"script":"<script> [1562 bytes]","args":[{"wdio_ui5_key":"__token11-__xmlview60--tagsLayoutViewMode-1","selector":{"id":"__token11-__xmlview60--tagsLayoutViewMode-1"}}]}
COMMAND: POST /session/bd8f6f9489bd62a6508a75490a4bbe45/execute/async - {"script":"<script> [1562 bytes]","args":[{"wdio_ui5_key":"__token11-__xmlview60--tagsLayoutViewMode-0","selector":{"id":"__token11-__xmlview60--tagsLayoutViewMode-0"}}]}
RESULT: {"script":"<script> [1562 bytes]","args":[{"wdio_ui5_key":"__token11-__xmlview60--tagsLayoutViewMode-1","selector":{"id":"__token11-__xmlview60--tagsLayoutViewMode-1"}}]}
RESULT: undefined
RESULT: {"script":"<script> [1562 bytes]","args":[{"wdio_ui5_key":"__token11-__xmlview60--tagsLayoutViewMode-0","selector":{"id":"__token11-__xmlview60--tagsLayoutViewMode-0"}}]}
RESULT: undefined
COMMAND: POST /session/bd8f6f9489bd62a6508a75490a4bbe45/execute/async - {"script":"<script> [1562 bytes]","args":[{"selector":{"controlType":"sap.m.OverflowToolbarButton","viewName":"etm.portal.ui.managerequests.view.Detail","properties":{"text":"Settings"},"interaction":{"idSuffix":"inner"}},"wdio_ui5_key":"etmportal.ui.managerequests.view.Detailsap.m.OverflowToolbarButton{\"text\":\"Settings\"}"}]}
RESULT: {"script":"<script> [1562 bytes]","args":[{"selector":{"controlType":"sap.m.OverflowToolbarButton","viewName":"etm.portal.ui.managerequests.view.Detail","properties":{"text":"Settings"},"interaction":{"idSuffix":"inner"}},"wdio_ui5_key":"etmportal.ui.managerequests.view.Detailsap.m.OverflowToolbarButton{\"text\":\"Settings\"}"}]}
RESULT: undefined
COMMAND: POST /session/bd8f6f9489bd62a6508a75490a4bbe45/element - {"using":"xpath","value":"//*[@id=\"__xmlview60--smartTableRequestItems-btnPersonalisation\"]"}
RESULT: {"using":"xpath","value":"//*[@id=\"__xmlview60--smartTableRequestItems-btnPersonalisation\"]"}
COMMAND: POST /session/bd8f6f9489bd62a6508a75490a4bbe45/element/f.5D36BF6E7175A89251765FD96C6D3113.d.0352A1DB95580BC84F9C4280D6FA85E9.e.3470/click - {}
RESULT: {}
COMMAND: POST /session/bd8f6f9489bd62a6508a75490a4bbe45/execute/async - {"script":"<script> [1562 bytes]","args":[{"selector":{"controlType":"sap.m.SearchField","viewName":"etm.portal.ui.managerequests.view.Detail","searchOpenDialogs":true,"interaction":{"idSuffix":"I"}},"wdio_ui5_key":"etmportal.ui.managerequests.view.Detailsap.m.SearchField"}]}
COMMAND: GET /session/bd8f6f9489bd62a6508a75490a4bbe45/screenshot - {}
RESULT: {"script":"<script> [1562 bytes]","args":[{"selector":{"controlType":"sap.m.SearchField","viewName":"etm.portal.ui.managerequests.view.Detail","searchOpenDialogs":true,"interaction":{"idSuffix":"I"}},"wdio_ui5_key":"etmportal.ui.managerequests.view.Detailsap.m.SearchField"}]}
RESULT: undefined
COMMAND: POST /session/bd8f6f9489bd62a6508a75490a4bbe45/execute/async - {"script":"<script> [776 bytes]","args":[{"enterText":"tag","selector":{"controlType":"sap.m.SearchField","viewName":"etm.portal.ui.managerequests.view.Detail","searchOpenDialogs":true,"interaction":{"idSuffix":"I"}},"clearTextFirst":true,"interactionType":"ENTER_TEXT"}]}
RESULT: {}
RESULT: {"script":"<script> [776 bytes]","args":[{"enterText":"tag","selector":{"controlType":"sap.m.SearchField","viewName":"etm.portal.ui.managerequests.view.Detail","searchOpenDialogs":true,"interaction":{"idSuffix":"I"}},"clearTextFirst":true,"interactionType":"ENTER_TEXT"}]}
COMMAND: POST /session/bd8f6f9489bd62a6508a75490a4bbe45/element - {"using":"xpath","value":"//div[contains(@id ,\"innerSelectionPanelTable-0-selectMulti-CbBg\")]"}
RESULT: {"using":"xpath","value":"//div[contains(@id ,\"innerSelectionPanelTable-0-selectMulti-CbBg\")]"}
COMMAND: POST /session/bd8f6f9489bd62a6508a75490a4bbe45/element/f.5D36BF6E7175A89251765FD96C6D3113.d.0352A1DB95580BC84F9C4280D6FA85E9.e.3507/click - {}
RESULT: {}
COMMAND: POST /session/bd8f6f9489bd62a6508a75490a4bbe45/execute/async - {"script":"<script> [1562 bytes]","args":[{"selector":{"controlType":"sap.m.Button","viewName":"etm.portal.ui.managerequests.view.Detail","properties":{"text":"OK"},"searchOpenDialogs":true,"interaction":{"idSuffix":"BDI-content"}},"wdio_ui5_key":"etmportal.ui.managerequests.view.Detailsap.m.Button{\"text\":\"OK\"}"}]}
COMMAND: GET /session/bd8f6f9489bd62a6508a75490a4bbe45/screenshot - {}
RESULT: {"script":"<script> [1562 bytes]","args":[{"selector":{"controlType":"sap.m.Button","viewName":"etm.portal.ui.managerequests.view.Detail","properties":{"text":"OK"},"searchOpenDialogs":true,"interaction":{"idSuffix":"BDI-content"}},"wdio_ui5_key":"etmportal.ui.managerequests.view.Detailsap.m.Button{\"text\":\"OK\"}"}]}
RESULT: undefined
COMMAND: POST /session/bd8f6f9489bd62a6508a75490a4bbe45/element - {"using":"xpath","value":"//*[@id=\"__popup368-confirmBtn\"]"}
RESULT: {}
RESULT: {"using":"xpath","value":"//*[@id=\"__popup368-confirmBtn\"]"}
COMMAND: POST /session/bd8f6f9489bd62a6508a75490a4bbe45/element/f.5D36BF6E7175A89251765FD96C6D3113.d.0352A1DB95580BC84F9C4280D6FA85E9.e.3512/click - {}
RESULT: {}
COMMAND: GET /session/bd8f6f9489bd62a6508a75490a4bbe45/screenshot - {}
RESULT: {}
COMMAND: POST /session/bd8f6f9489bd62a6508a75490a4bbe45/execute/async - {"script":"<script> [1562 bytes]","args":[{"selector":{"controlType":"sap.m.Text","viewName":"etm.portal.ui.managerequests.view.Detail","bindingPath":{"propertyPath":"NO","modelName":"catalogModel"}},"wdio_ui5_key":"etmportal.ui.managerequests.view.Detailsap.m.Text{\"propertyPath\":\"NO\",\"modelName\":\"catalogModel\"}"}]}
RESULT: {"script":"<script> [1562 bytes]","args":[{"selector":{"controlType":"sap.m.Text","viewName":"etm.portal.ui.managerequests.view.Detail","bindingPath":{"propertyPath":"NO","modelName":"catalogModel"}},"wdio_ui5_key":"etmportal.ui.managerequests.view.Detailsap.m.Text{\"propertyPath\":\"NO\",\"modelName\":\"catalogModel\"}"}]}
RESULT: undefined
COMMAND: POST /session/bd8f6f9489bd62a6508a75490a4bbe45/execute/async - {"script":"<script> [6424 bytes]","args":[{"element-6066-11e4-a52e-4f735466cecf":"f.5D36BF6E7175A89251765FD96C6D3113.d.0352A1DB95580BC84F9C4280D6FA85E9.e.3525"},"getText",[]]}
RESULT: {"script":"<script> [6424 bytes]","args":[{"element-6066-11e4-a52e-4f735466cecf":"f.5D36BF6E7175A89251765FD96C6D3113.d.0352A1DB95580BC84F9C4280D6FA85E9.e.3525"},"getText",[]]}
COMMAND: POST /session/bd8f6f9489bd62a6508a75490a4bbe45/execute/async - {"script":"<script> [1562 bytes]","args":[{"selector":{"controlType":"sap.m.Tokenizer","viewName":"etm.portal.ui.managerequests.view.Detail","bindingPath":{"path":"/SmartRequestItemsPlanningBoard(ITEM=10m,REQUEST='20138')","propertyPath":"LINK_TO_TAGS"}},"wdio_ui5_key":"etmportal.ui.managerequests.view.Detailsap.m.Tokenizer{\"path\":\"/SmartRequestItemsPlanningBoard(ITEM=10m,REQUEST='20138')\",\"propertyPath\":\"LINK_TO_TAGS\"}"}]}
RESULT: {"script":"<script> [1562 bytes]","args":[{"selector":{"controlType":"sap.m.Tokenizer","viewName":"etm.portal.ui.managerequests.view.Detail","bindingPath":{"path":"/SmartRequestItemsPlanningBoard(ITEM=10m,REQUEST='20138')","propertyPath":"LINK_TO_TAGS"}},"wdio_ui5_key":"etmportal.ui.managerequests.view.Detailsap.m.Tokenizer{\"path\":\"/SmartRequestItemsPlanningBoard(ITEM=10m,REQUEST='20138')\",\"propertyPath\":\"LINK_TO_TAGS\"}"}]}
RESULT: undefined
COMMAND: POST /session/bd8f6f9489bd62a6508a75490a4bbe45/execute/async - {"script":"<script> [6424 bytes]","args":[{"element-6066-11e4-a52e-4f735466cecf":"f.5D36BF6E7175A89251765FD96C6D3113.d.0352A1DB95580BC84F9C4280D6FA85E9.e.3526"},"getTokens",[]]}
RESULT: {"script":"<script> [6424 bytes]","args":[{"element-6066-11e4-a52e-4f735466cecf":"f.5D36BF6E7175A89251765FD96C6D3113.d.0352A1DB95580BC84F9C4280D6FA85E9.e.3526"},"getTokens",[]]}
COMMAND: POST /session/bd8f6f9489bd62a6508a75490a4bbe45/execute/async - {"script":"<script> [1562 bytes]","args":[{"wdio_ui5_key":"__token12-__tokenizer63-__clone4802-1","selector":{"id":"__token12-__tokenizer63-__clone4802-1"}}]}
COMMAND: POST /session/bd8f6f9489bd62a6508a75490a4bbe45/execute/async - {"script":"<script> [1562 bytes]","args":[{"wdio_ui5_key":"__token12-__tokenizer63-__clone4802-2","selector":{"id":"__token12-__tokenizer63-__clone4802-2"}}]}
COMMAND: POST /session/bd8f6f9489bd62a6508a75490a4bbe45/execute/async - {"script":"<script> [1562 bytes]","args":[{"wdio_ui5_key":"__token12-__tokenizer63-__clone4802-0","selector":{"id":"__token12-__tokenizer63-__clone4802-0"}}]}
RESULT: {"script":"<script> [1562 bytes]","args":[{"wdio_ui5_key":"__token12-__tokenizer63-__clone4802-1","selector":{"id":"__token12-__tokenizer63-__clone4802-1"}}]}
RESULT: undefined
RESULT: {"script":"<script> [1562 bytes]","args":[{"wdio_ui5_key":"__token12-__tokenizer63-__clone4802-2","selector":{"id":"__token12-__tokenizer63-__clone4802-2"}}]}
RESULT: undefined
RESULT: {"script":"<script> [1562 bytes]","args":[{"wdio_ui5_key":"__token12-__tokenizer63-__clone4802-0","selector":{"id":"__token12-__tokenizer63-__clone4802-0"}}]}
RESULT: undefined
COMMAND: POST /session/bd8f6f9489bd62a6508a75490a4bbe45/element - {"using":"xpath","value":"(//span[contains(text(), \"tag-header\")])[2]"}
RESULT: {"using":"xpath","value":"(//span[contains(text(), \"tag-header\")])[2]"}
COMMAND: POST /session/bd8f6f9489bd62a6508a75490a4bbe45/elements - {"using":"xpath","value":"(//span[contains(text(), \"tag-header\")])[2]"}
RESULT: {"using":"xpath","value":"(//span[contains(text(), \"tag-header\")])[2]"}
COMMAND: POST /session/bd8f6f9489bd62a6508a75490a4bbe45/execute/async - {"script":"<script> [1562 bytes]","args":[{"selector":{"controlType":"sap.m.Tokenizer","viewName":"etm.portal.ui.managerequests.view.Detail","bindingPath":{"path":"/SmartRequestItemsPlanningBoard(ITEM=20m,REQUEST='20138')","propertyPath":"LINK_TO_TAGS"}},"wdio_ui5_key":"etmportal.ui.managerequests.view.Detailsap.m.Tokenizer{\"path\":\"/SmartRequestItemsPlanningBoard(ITEM=20m,REQUEST='20138')\",\"propertyPath\":\"LINK_TO_TAGS\"}"}]}
RESULT: {"script":"<script> [1562 bytes]","args":[{"selector":{"controlType":"sap.m.Tokenizer","viewName":"etm.portal.ui.managerequests.view.Detail","bindingPath":{"path":"/SmartRequestItemsPlanningBoard(ITEM=20m,REQUEST='20138')","propertyPath":"LINK_TO_TAGS"}},"wdio_ui5_key":"etmportal.ui.managerequests.view.Detailsap.m.Tokenizer{\"path\":\"/SmartRequestItemsPlanningBoard(ITEM=20m,REQUEST='20138')\",\"propertyPath\":\"LINK_TO_TAGS\"}"}]}
RESULT: undefined
COMMAND: POST /session/bd8f6f9489bd62a6508a75490a4bbe45/execute/async - {"script":"<script> [6424 bytes]","args":[{"element-6066-11e4-a52e-4f735466cecf":"f.5D36BF6E7175A89251765FD96C6D3113.d.0352A1DB95580BC84F9C4280D6FA85E9.e.3531"},"getTokens",[]]}
RESULT: {"script":"<script> [6424 bytes]","args":[{"element-6066-11e4-a52e-4f735466cecf":"f.5D36BF6E7175A89251765FD96C6D3113.d.0352A1DB95580BC84F9C4280D6FA85E9.e.3531"},"getTokens",[]]}
COMMAND: POST /session/bd8f6f9489bd62a6508a75490a4bbe45/element - {"using":"css selector","value":"#shell-header-logo"}
RESULT: {"using":"css selector","value":"#shell-header-logo"}
COMMAND: POST /session/bd8f6f9489bd62a6508a75490a4bbe45/element/f.5D36BF6E7175A89251765FD96C6D3113.d.0352A1DB95580BC84F9C4280D6FA85E9.e.2524/click - {}
RESULT: {}
COMMAND: GET /session/bd8f6f9489bd62a6508a75490a4bbe45/screenshot - {}
RESULT: {}
]]></system-out>
    </testcase>
  </testsuite>
  <testsuite timestamp="2025-05-17T15:48:55" time="575.143" tests="4" failures="0" errors="0" skipped="0">
    <properties>
      <property name="specId" value="0" />
      <property name="suiteName" value="Manage request + Contract processing pick up option US120163 " />
      <property name="capabilities" value="chrome.136_0_7103_93.windows" />
      <property name="file" value="file:///D:/a/1/s/test/specs/R2C/create-request-Pickup.spec.js" />
    </properties>
    <testcase classname="chrome.136_0_7103_93.windows.Manage_request_+_Contract_processing_pick_up_option_US120163_" name="Should create a new contract" time="65.673">
      <system-out><![CDATA[
COMMAND: POST /session/bd8f6f9489bd62a6508a75490a4bbe45/execute/async - {"script":"<script> [1562 bytes]","args":[{"selector":{"controlType":"sap.m.Text","viewName":"etm.portal.ui.managecontractstile.view.Master","properties":{"text":"Manage Contracts"},"interaction":{"idSuffix":"inner"}},"wdio_ui5_key":"etmportal.ui.managecontractstile.view.Mastersap.m.Text{\"text\":\"Manage Contracts\"}"}]}
RESULT: {"script":"<script> [1562 bytes]","args":[{"selector":{"controlType":"sap.m.Text","viewName":"etm.portal.ui.managecontractstile.view.Master","properties":{"text":"Manage Contracts"},"interaction":{"idSuffix":"inner"}},"wdio_ui5_key":"etmportal.ui.managecontractstile.view.Mastersap.m.Text{\"text\":\"Manage Contracts\"}"}]}
RESULT: undefined
COMMAND: POST /session/bd8f6f9489bd62a6508a75490a4bbe45/element - {"using":"xpath","value":"//*[@id=\"__tile130-title\"]"}
RESULT: {"using":"xpath","value":"//*[@id=\"__tile130-title\"]"}
COMMAND: POST /session/bd8f6f9489bd62a6508a75490a4bbe45/element/f.5D36BF6E7175A89251765FD96C6D3113.d.0352A1DB95580BC84F9C4280D6FA85E9.e.3535/click - {}
RESULT: {}
COMMAND: GET /session/bd8f6f9489bd62a6508a75490a4bbe45/screenshot - {}
RESULT: {}
COMMAND: POST /session/bd8f6f9489bd62a6508a75490a4bbe45/execute/async - {"script":"<script> [1562 bytes]","args":[{"selector":{"controlType":"sap.ui.core.Icon","viewName":"etm.portal.ui.managecontracts.view.Master","properties":{"src":{"regex":{"source":"add"}}}},"wdio_ui5_key":"etmportal.ui.managecontracts.view.Mastersap.ui.core.Icon{\"src\":{\"regex\":{\"source\":\"add\"}}}"}]}
RESULT: {"script":"<script> [1562 bytes]","args":[{"selector":{"controlType":"sap.ui.core.Icon","viewName":"etm.portal.ui.managecontracts.view.Master","properties":{"src":{"regex":{"source":"add"}}}},"wdio_ui5_key":"etmportal.ui.managecontracts.view.Mastersap.ui.core.Icon{\"src\":{\"regex\":{\"source\":\"add\"}}}"}]}
RESULT: undefined
COMMAND: POST /session/bd8f6f9489bd62a6508a75490a4bbe45/element - {"using":"xpath","value":"//*[@id=\"__button173-img\"]"}
RESULT: {"using":"xpath","value":"//*[@id=\"__button173-img\"]"}
COMMAND: POST /session/bd8f6f9489bd62a6508a75490a4bbe45/element/f.5D36BF6E7175A89251765FD96C6D3113.d.0352A1DB95580BC84F9C4280D6FA85E9.e.3586/click - {}
RESULT: {}
COMMAND: POST /session/bd8f6f9489bd62a6508a75490a4bbe45/execute/async - {"script":"<script> [1562 bytes]","args":[{"selector":{"id":"application-managecontracts-display-component---AddNewContract--projectDescription","interaction":{"idSuffix":"inner"}},"wdio_ui5_key":"applicationmanagecontracts-display-component---AddNewContract--projectDescription"}]}
COMMAND: GET /session/bd8f6f9489bd62a6508a75490a4bbe45/screenshot - {}
RESULT: {"script":"<script> [1562 bytes]","args":[{"selector":{"id":"application-managecontracts-display-component---AddNewContract--projectDescription","interaction":{"idSuffix":"inner"}},"wdio_ui5_key":"applicationmanagecontracts-display-component---AddNewContract--projectDescription"}]}
RESULT: undefined
COMMAND: POST /session/bd8f6f9489bd62a6508a75490a4bbe45/execute/async - {"script":"<script> [776 bytes]","args":[{"enterText":"PickupContractacm5m","selector":{"id":"application-managecontracts-display-component---AddNewContract--projectDescription","interaction":{"idSuffix":"inner"}},"clearTextFirst":true,"interactionType":"ENTER_TEXT"}]}
RESULT: {}
RESULT: {"script":"<script> [776 bytes]","args":[{"enterText":"PickupContractacm5m","selector":{"id":"application-managecontracts-display-component---AddNewContract--projectDescription","interaction":{"idSuffix":"inner"}},"clearTextFirst":true,"interactionType":"ENTER_TEXT"}]}
COMMAND: POST /session/bd8f6f9489bd62a6508a75490a4bbe45/element - {"using":"xpath","value":"//input[contains(@id ,\"application-managecontracts-display-component---AddNewContract--yardId-inner\")]"}
RESULT: {"using":"xpath","value":"//input[contains(@id ,\"application-managecontracts-display-component---AddNewContract--yardId-inner\")]"}
COMMAND: POST /session/bd8f6f9489bd62a6508a75490a4bbe45/element/f.5D36BF6E7175A89251765FD96C6D3113.d.0352A1DB95580BC84F9C4280D6FA85E9.e.3888/value - {"text":"WebdriverYardziz0f"}
RESULT: {"text":"WebdriverYardziz0f"}
COMMAND: GET /session/bd8f6f9489bd62a6508a75490a4bbe45/screenshot - {}
RESULT: {}
COMMAND: POST /session/bd8f6f9489bd62a6508a75490a4bbe45/actions - {"actions":[{"id":"action32","type":"key","parameters":{},"actions":[{"type":"keyDown","value":"î€‡"},{"type":"pause","duration":10},{"type":"keyUp","value":"î€‡"}]}]}
RESULT: {"actions":[{"id":"action32","type":"key","parameters":{},"actions":[{"type":"keyDown","value":"î€‡"},{"type":"pause","duration":10},{"type":"keyUp","value":"î€‡"}]}]}
COMMAND: GET /session/bd8f6f9489bd62a6508a75490a4bbe45/screenshot - {}
RESULT: {}
COMMAND: POST /session/bd8f6f9489bd62a6508a75490a4bbe45/element - {"using":"xpath","value":"//input[contains(@id ,\"application-managecontracts-display-component---AddNewContract--customerSelect-inner\")]"}
RESULT: {"using":"xpath","value":"//input[contains(@id ,\"application-managecontracts-display-component---AddNewContract--customerSelect-inner\")]"}
COMMAND: POST /session/bd8f6f9489bd62a6508a75490a4bbe45/element/f.5D36BF6E7175A89251765FD96C6D3113.d.0352A1DB95580BC84F9C4280D6FA85E9.e.3886/value - {"text":"WebdriverPartnerowd7l"}
RESULT: {"text":"WebdriverPartnerowd7l"}
COMMAND: GET /session/bd8f6f9489bd62a6508a75490a4bbe45/screenshot - {}
RESULT: {}
COMMAND: POST /session/bd8f6f9489bd62a6508a75490a4bbe45/actions - {"actions":[{"id":"action33","type":"key","parameters":{},"actions":[{"type":"keyDown","value":"î€‡"},{"type":"pause","duration":10},{"type":"keyUp","value":"î€‡"}]}]}
RESULT: {"actions":[{"id":"action33","type":"key","parameters":{},"actions":[{"type":"keyDown","value":"î€‡"},{"type":"pause","duration":10},{"type":"keyUp","value":"î€‡"}]}]}
COMMAND: GET /session/bd8f6f9489bd62a6508a75490a4bbe45/screenshot - {}
RESULT: {}
COMMAND: POST /session/bd8f6f9489bd62a6508a75490a4bbe45/element - {"using":"xpath","value":"//input[contains(@id ,\"application-managecontracts-display-component---AddNewContract--site-inner\")]"}
RESULT: {"using":"xpath","value":"//input[contains(@id ,\"application-managecontracts-display-component---AddNewContract--site-inner\")]"}
COMMAND: POST /session/bd8f6f9489bd62a6508a75490a4bbe45/element/f.5D36BF6E7175A89251765FD96C6D3113.d.0352A1DB95580BC84F9C4280D6FA85E9.e.3887/value - {"text":"WebdriverSite89rs8"}
RESULT: {"text":"WebdriverSite89rs8"}
COMMAND: GET /session/bd8f6f9489bd62a6508a75490a4bbe45/screenshot - {}
RESULT: {}
COMMAND: POST /session/bd8f6f9489bd62a6508a75490a4bbe45/actions - {"actions":[{"id":"action34","type":"key","parameters":{},"actions":[{"type":"keyDown","value":"î€‡"},{"type":"pause","duration":10},{"type":"keyUp","value":"î€‡"}]}]}
RESULT: {"actions":[{"id":"action34","type":"key","parameters":{},"actions":[{"type":"keyDown","value":"î€‡"},{"type":"pause","duration":10},{"type":"keyUp","value":"î€‡"}]}]}
COMMAND: GET /session/bd8f6f9489bd62a6508a75490a4bbe45/screenshot - {}
RESULT: {}
COMMAND: POST /session/bd8f6f9489bd62a6508a75490a4bbe45/execute/async - {"script":"<script> [1562 bytes]","args":[{"selector":{"id":"application-managecontracts-display-component---AddNewContract--saveBtn","interaction":{"idSuffix":"BDI-content"}},"wdio_ui5_key":"applicationmanagecontracts-display-component---AddNewContract--saveBtn"}]}
RESULT: {"script":"<script> [1562 bytes]","args":[{"selector":{"id":"application-managecontracts-display-component---AddNewContract--saveBtn","interaction":{"idSuffix":"BDI-content"}},"wdio_ui5_key":"applicationmanagecontracts-display-component---AddNewContract--saveBtn"}]}
RESULT: undefined
COMMAND: POST /session/bd8f6f9489bd62a6508a75490a4bbe45/element - {"using":"xpath","value":"//*[@id=\"application-managecontracts-display-component---AddNewContract--saveBtn\"]"}
RESULT: {"using":"xpath","value":"//*[@id=\"application-managecontracts-display-component---AddNewContract--saveBtn\"]"}
COMMAND: POST /session/bd8f6f9489bd62a6508a75490a4bbe45/element/f.5D36BF6E7175A89251765FD96C6D3113.d.0352A1DB95580BC84F9C4280D6FA85E9.e.3921/click - {}
RESULT: {}
COMMAND: GET /session/bd8f6f9489bd62a6508a75490a4bbe45/screenshot - {}
RESULT: {}
COMMAND: POST /session/bd8f6f9489bd62a6508a75490a4bbe45/element - {"using":"xpath","value":"//span[contains(@id ,\"contractDetailTitleNoExpanded\")]"}
RESULT: {"using":"xpath","value":"//span[contains(@id ,\"contractDetailTitleNoExpanded\")]"}
COMMAND: GET /session/bd8f6f9489bd62a6508a75490a4bbe45/element/f.5D36BF6E7175A89251765FD96C6D3113.d.0352A1DB95580BC84F9C4280D6FA85E9.e.3990/text - {}
RESULT: {}
COMMAND: POST /session/bd8f6f9489bd62a6508a75490a4bbe45/element - {"using":"css selector","value":"#shell-header-logo"}
RESULT: {"using":"css selector","value":"#shell-header-logo"}
COMMAND: POST /session/bd8f6f9489bd62a6508a75490a4bbe45/element/f.5D36BF6E7175A89251765FD96C6D3113.d.0352A1DB95580BC84F9C4280D6FA85E9.e.3538/click - {}
RESULT: {}
COMMAND: GET /session/bd8f6f9489bd62a6508a75490a4bbe45/screenshot - {}
RESULT: {}
]]></system-out>
    </testcase>
    <testcase classname="chrome.136_0_7103_93.windows.Manage_request_+_Contract_processing_pick_up_option_US120163_" name="Should create a new material" time="141.382">
      <system-out><![CDATA[
COMMAND: POST /session/bd8f6f9489bd62a6508a75490a4bbe45/execute/async - {"script":"<script> [1562 bytes]","args":[{"selector":{"controlType":"sap.m.GenericTile","properties":{"header":"Manage Resources"}},"wdio_ui5_key":"sapm.GenericTile{\"header\":\"Manage Resources\"}"}]}
RESULT: {"script":"<script> [1562 bytes]","args":[{"selector":{"controlType":"sap.m.GenericTile","properties":{"header":"Manage Resources"}},"wdio_ui5_key":"sapm.GenericTile{\"header\":\"Manage Resources\"}"}]}
RESULT: undefined
COMMAND: POST /session/bd8f6f9489bd62a6508a75490a4bbe45/element - {"using":"xpath","value":"//*[@id=\"__tile39\"]"}
RESULT: {"using":"xpath","value":"//*[@id=\"__tile39\"]"}
COMMAND: POST /session/bd8f6f9489bd62a6508a75490a4bbe45/element/f.5D36BF6E7175A89251765FD96C6D3113.d.0352A1DB95580BC84F9C4280D6FA85E9.e.3994/click - {}
RESULT: {}
COMMAND: GET /session/bd8f6f9489bd62a6508a75490a4bbe45/screenshot - {}
RESULT: {}
COMMAND: POST /session/bd8f6f9489bd62a6508a75490a4bbe45/elements - {"using":"xpath","value":"//span[text()='Error']"}
RESULT: {"using":"xpath","value":"//span[text()='Error']"}
COMMAND: POST /session/bd8f6f9489bd62a6508a75490a4bbe45/element - {"using":"xpath","value":"//button[@data-kt=\"addNewRUOverflowToolbarButton\"]"}
RESULT: {"using":"xpath","value":"//button[@data-kt=\"addNewRUOverflowToolbarButton\"]"}
COMMAND: POST /session/bd8f6f9489bd62a6508a75490a4bbe45/execute/sync - {"script":"<script> [8489 bytes]","args":[{"element-6066-11e4-a52e-4f735466cecf":"f.5D36BF6E7175A89251765FD96C6D3113.d.0352A1DB95580BC84F9C4280D6FA85E9.e.4036","ELEMENT":"f.5D36BF6E7175A89251765FD96C6D3113.d.0352A1DB95580BC84F9C4280D6FA85E9.e.4036"}]}
RESULT: {"script":"<script> [8489 bytes]","args":[{"element-6066-11e4-a52e-4f735466cecf":"f.5D36BF6E7175A89251765FD96C6D3113.d.0352A1DB95580BC84F9C4280D6FA85E9.e.4036","ELEMENT":"f.5D36BF6E7175A89251765FD96C6D3113.d.0352A1DB95580BC84F9C4280D6FA85E9.e.4036"}]}
COMMAND: POST /session/bd8f6f9489bd62a6508a75490a4bbe45/element/f.5D36BF6E7175A89251765FD96C6D3113.d.0352A1DB95580BC84F9C4280D6FA85E9.e.4036/click - {}
COMMAND: GET /session/bd8f6f9489bd62a6508a75490a4bbe45/screenshot - {}
RESULT: {}
COMMAND: POST /session/bd8f6f9489bd62a6508a75490a4bbe45/execute/async - {"script":"<script> [1562 bytes]","args":[{"selector":{"id":"application-manageresources-display-component---newResourceUnit--TYPE-arrow"},"wdio_ui5_key":"applicationmanageresources-display-component---newResourceUnit--TYPE-arrow"}]}
COMMAND: GET /session/bd8f6f9489bd62a6508a75490a4bbe45/screenshot - {}
RESULT: {}
RESULT: {"script":"<script> [1562 bytes]","args":[{"selector":{"id":"application-manageresources-display-component---newResourceUnit--TYPE-arrow"},"wdio_ui5_key":"applicationmanageresources-display-component---newResourceUnit--TYPE-arrow"}]}
RESULT: undefined
COMMAND: POST /session/bd8f6f9489bd62a6508a75490a4bbe45/element - {"using":"xpath","value":"//*[@id=\"application-manageresources-display-component---newResourceUnit--TYPE-arrow\"]"}
RESULT: {}
RESULT: {"using":"xpath","value":"//*[@id=\"application-manageresources-display-component---newResourceUnit--TYPE-arrow\"]"}
COMMAND: POST /session/bd8f6f9489bd62a6508a75490a4bbe45/element/f.5D36BF6E7175A89251765FD96C6D3113.d.0352A1DB95580BC84F9C4280D6FA85E9.e.4356/click - {}
RESULT: {}
COMMAND: POST /session/bd8f6f9489bd62a6508a75490a4bbe45/execute/async - {"script":"<script> [1562 bytes]","args":[{"selector":{"controlType":"sap.m.StandardListItem","viewName":"reusables.view.manageresources.NewResourceUnit","viewId":"application-manageresources-display-component---newResourceUnit","properties":{"title":"Material"},"searchOpenDialogs":true,"interaction":{"idSuffix":"titleText"}},"wdio_ui5_key":"reusablesview.manageresources.NewResourceUnitsap.m.StandardListItem{\"title\":\"Material\"}"}]}
COMMAND: GET /session/bd8f6f9489bd62a6508a75490a4bbe45/screenshot - {}
RESULT: {"script":"<script> [1562 bytes]","args":[{"selector":{"controlType":"sap.m.StandardListItem","viewName":"reusables.view.manageresources.NewResourceUnit","viewId":"application-manageresources-display-component---newResourceUnit","properties":{"title":"Material"},"searchOpenDialogs":true,"interaction":{"idSuffix":"titleText"}},"wdio_ui5_key":"reusablesview.manageresources.NewResourceUnitsap.m.StandardListItem{\"title\":\"Material\"}"}]}
RESULT: undefined
COMMAND: POST /session/bd8f6f9489bd62a6508a75490a4bbe45/element - {"using":"xpath","value":"//*[@id=\"__item3354\"]"}
RESULT: {}
RESULT: {"using":"xpath","value":"//*[@id=\"__item3354\"]"}
COMMAND: POST /session/bd8f6f9489bd62a6508a75490a4bbe45/element/f.5D36BF6E7175A89251765FD96C6D3113.d.0352A1DB95580BC84F9C4280D6FA85E9.e.4359/click - {}
RESULT: {}
COMMAND: POST /session/bd8f6f9489bd62a6508a75490a4bbe45/execute/async - {"script":"<script> [1562 bytes]","args":[{"selector":{"id":"application-manageresources-display-component---newResourceUnit--SHORT_TEXT","interaction":{"idSuffix":"inner"}},"wdio_ui5_key":"applicationmanageresources-display-component---newResourceUnit--SHORT_TEXT"}]}
COMMAND: GET /session/bd8f6f9489bd62a6508a75490a4bbe45/screenshot - {}
RESULT: {"script":"<script> [1562 bytes]","args":[{"selector":{"id":"application-manageresources-display-component---newResourceUnit--SHORT_TEXT","interaction":{"idSuffix":"inner"}},"wdio_ui5_key":"applicationmanageresources-display-component---newResourceUnit--SHORT_TEXT"}]}
RESULT: undefined
COMMAND: POST /session/bd8f6f9489bd62a6508a75490a4bbe45/execute/async - {"script":"<script> [776 bytes]","args":[{"enterText":"WebdriverRUR2C8psz2","selector":{"id":"application-manageresources-display-component---newResourceUnit--SHORT_TEXT","interaction":{"idSuffix":"inner"}},"clearTextFirst":true,"interactionType":"ENTER_TEXT"}]}
RESULT: {}
RESULT: {"script":"<script> [776 bytes]","args":[{"enterText":"WebdriverRUR2C8psz2","selector":{"id":"application-manageresources-display-component---newResourceUnit--SHORT_TEXT","interaction":{"idSuffix":"inner"}},"clearTextFirst":true,"interactionType":"ENTER_TEXT"}]}
COMMAND: POST /session/bd8f6f9489bd62a6508a75490a4bbe45/execute/async - {"script":"<script> [1562 bytes]","args":[{"selector":{"id":"application-manageresources-display-component---newResourceUnit--BASE_UNIT_OF_MEASURE-arrow"},"wdio_ui5_key":"applicationmanageresources-display-component---newResourceUnit--BASE_UNIT_OF_MEASURE-arrow"}]}
RESULT: {"script":"<script> [1562 bytes]","args":[{"selector":{"id":"application-manageresources-display-component---newResourceUnit--BASE_UNIT_OF_MEASURE-arrow"},"wdio_ui5_key":"applicationmanageresources-display-component---newResourceUnit--BASE_UNIT_OF_MEASURE-arrow"}]}
RESULT: undefined
COMMAND: POST /session/bd8f6f9489bd62a6508a75490a4bbe45/element - {"using":"xpath","value":"//*[@id=\"application-manageresources-display-component---newResourceUnit--BASE_UNIT_OF_MEASURE-arrow\"]"}
RESULT: {"using":"xpath","value":"//*[@id=\"application-manageresources-display-component---newResourceUnit--BASE_UNIT_OF_MEASURE-arrow\"]"}
COMMAND: POST /session/bd8f6f9489bd62a6508a75490a4bbe45/element/f.5D36BF6E7175A89251765FD96C6D3113.d.0352A1DB95580BC84F9C4280D6FA85E9.e.4413/click - {}
RESULT: {}
COMMAND: POST /session/bd8f6f9489bd62a6508a75490a4bbe45/execute/async - {"script":"<script> [1562 bytes]","args":[{"selector":{"controlType":"sap.m.StandardListItem","viewName":"reusables.view.manageresources.NewResourceUnit","viewId":"application-manageresources-display-component---newResourceUnit","properties":{"title":"Piece"},"searchOpenDialogs":true,"interaction":{"idSuffix":"titleText"}},"wdio_ui5_key":"reusablesview.manageresources.NewResourceUnitsap.m.StandardListItem{\"title\":\"Piece\"}"}]}
COMMAND: GET /session/bd8f6f9489bd62a6508a75490a4bbe45/screenshot - {}
RESULT: {"script":"<script> [1562 bytes]","args":[{"selector":{"controlType":"sap.m.StandardListItem","viewName":"reusables.view.manageresources.NewResourceUnit","viewId":"application-manageresources-display-component---newResourceUnit","properties":{"title":"Piece"},"searchOpenDialogs":true,"interaction":{"idSuffix":"titleText"}},"wdio_ui5_key":"reusablesview.manageresources.NewResourceUnitsap.m.StandardListItem{\"title\":\"Piece\"}"}]}
RESULT: undefined
COMMAND: POST /session/bd8f6f9489bd62a6508a75490a4bbe45/element - {"using":"xpath","value":"//*[@id=\"__item3396\"]"}
RESULT: {}
RESULT: {"using":"xpath","value":"//*[@id=\"__item3396\"]"}
COMMAND: POST /session/bd8f6f9489bd62a6508a75490a4bbe45/element/f.5D36BF6E7175A89251765FD96C6D3113.d.0352A1DB95580BC84F9C4280D6FA85E9.e.4415/click - {}
RESULT: {}
COMMAND: POST /session/bd8f6f9489bd62a6508a75490a4bbe45/element - {"using":"xpath","value":"//input[contains(@id ,\"application-manageresources-display-component---newResourceUnit--SHORT_TEXT-inner\")]"}
COMMAND: GET /session/bd8f6f9489bd62a6508a75490a4bbe45/screenshot - {}
RESULT: {"using":"xpath","value":"//input[contains(@id ,\"application-manageresources-display-component---newResourceUnit--SHORT_TEXT-inner\")]"}
COMMAND: GET /session/bd8f6f9489bd62a6508a75490a4bbe45/element/f.5D36BF6E7175A89251765FD96C6D3113.d.0352A1DB95580BC84F9C4280D6FA85E9.e.4376/property/value - {}
RESULT: {}
RESULT: {}
COMMAND: POST /session/bd8f6f9489bd62a6508a75490a4bbe45/execute/async - {"script":"<script> [1562 bytes]","args":[{"selector":{"id":"application-manageresources-display-component---newResourceUnit--WEIGHT_UNIT-arrow"},"wdio_ui5_key":"applicationmanageresources-display-component---newResourceUnit--WEIGHT_UNIT-arrow"}]}
COMMAND: GET /session/bd8f6f9489bd62a6508a75490a4bbe45/screenshot - {}
RESULT: {"script":"<script> [1562 bytes]","args":[{"selector":{"id":"application-manageresources-display-component---newResourceUnit--WEIGHT_UNIT-arrow"},"wdio_ui5_key":"applicationmanageresources-display-component---newResourceUnit--WEIGHT_UNIT-arrow"}]}
RESULT: undefined
COMMAND: POST /session/bd8f6f9489bd62a6508a75490a4bbe45/element - {"using":"xpath","value":"//*[@id=\"application-manageresources-display-component---newResourceUnit--WEIGHT_UNIT-arrow\"]"}
RESULT: {}
RESULT: {"using":"xpath","value":"//*[@id=\"application-manageresources-display-component---newResourceUnit--WEIGHT_UNIT-arrow\"]"}
COMMAND: POST /session/bd8f6f9489bd62a6508a75490a4bbe45/element/f.5D36BF6E7175A89251765FD96C6D3113.d.0352A1DB95580BC84F9C4280D6FA85E9.e.4416/click - {}
RESULT: {}
COMMAND: POST /session/bd8f6f9489bd62a6508a75490a4bbe45/execute/async - {"script":"<script> [1562 bytes]","args":[{"selector":{"controlType":"sap.m.StandardListItem","viewName":"reusables.view.manageresources.NewResourceUnit","viewId":"application-manageresources-display-component---newResourceUnit","properties":{"title":"Gram"},"searchOpenDialogs":true,"interaction":{"idSuffix":"content"}},"wdio_ui5_key":"reusablesview.manageresources.NewResourceUnitsap.m.StandardListItem{\"title\":\"Gram\"}"}]}
COMMAND: GET /session/bd8f6f9489bd62a6508a75490a4bbe45/screenshot - {}
RESULT: {"script":"<script> [1562 bytes]","args":[{"selector":{"controlType":"sap.m.StandardListItem","viewName":"reusables.view.manageresources.NewResourceUnit","viewId":"application-manageresources-display-component---newResourceUnit","properties":{"title":"Gram"},"searchOpenDialogs":true,"interaction":{"idSuffix":"content"}},"wdio_ui5_key":"reusablesview.manageresources.NewResourceUnitsap.m.StandardListItem{\"title\":\"Gram\"}"}]}
RESULT: undefined
COMMAND: POST /session/bd8f6f9489bd62a6508a75490a4bbe45/element - {"using":"xpath","value":"//*[@id=\"__item3461\"]"}
RESULT: {}
RESULT: {"using":"xpath","value":"//*[@id=\"__item3461\"]"}
COMMAND: POST /session/bd8f6f9489bd62a6508a75490a4bbe45/element/f.5D36BF6E7175A89251765FD96C6D3113.d.0352A1DB95580BC84F9C4280D6FA85E9.e.4418/click - {}
RESULT: {}
COMMAND: POST /session/bd8f6f9489bd62a6508a75490a4bbe45/execute/async - {"script":"<script> [1562 bytes]","args":[{"selector":{"id":"application-manageresources-display-component---newResourceUnit--newRRUPage-OPHeaderContent-collapseBtn-img"},"wdio_ui5_key":"applicationmanageresources-display-component---newResourceUnit--newRRUPage-OPHeaderContent-collapseBtn-img"}]}
COMMAND: GET /session/bd8f6f9489bd62a6508a75490a4bbe45/screenshot - {}
RESULT: {"script":"<script> [1562 bytes]","args":[{"selector":{"id":"application-manageresources-display-component---newResourceUnit--newRRUPage-OPHeaderContent-collapseBtn-img"},"wdio_ui5_key":"applicationmanageresources-display-component---newResourceUnit--newRRUPage-OPHeaderContent-collapseBtn-img"}]}
RESULT: undefined
COMMAND: POST /session/bd8f6f9489bd62a6508a75490a4bbe45/element - {"using":"xpath","value":"//*[@id=\"application-manageresources-display-component---newResourceUnit--newRRUPage-OPHeaderContent-collapseBtn-img\"]"}
RESULT: {}
RESULT: {"using":"xpath","value":"//*[@id=\"application-manageresources-display-component---newResourceUnit--newRRUPage-OPHeaderContent-collapseBtn-img\"]"}
COMMAND: POST /session/bd8f6f9489bd62a6508a75490a4bbe45/element/f.5D36BF6E7175A89251765FD96C6D3113.d.0352A1DB95580BC84F9C4280D6FA85E9.e.4366/click - {}
RESULT: {}
COMMAND: GET /session/bd8f6f9489bd62a6508a75490a4bbe45/screenshot - {}
RESULT: {}
COMMAND: POST /session/bd8f6f9489bd62a6508a75490a4bbe45/element - {"using":"xpath","value":"(//span[contains(@id ,\"application-manageresources-display-component---newResourceUnit--DIMENSION_UNIT-arrow\")])[1]"}
RESULT: {"using":"xpath","value":"(//span[contains(@id ,\"application-manageresources-display-component---newResourceUnit--DIMENSION_UNIT-arrow\")])[1]"}
COMMAND: POST /session/bd8f6f9489bd62a6508a75490a4bbe45/element/f.5D36BF6E7175A89251765FD96C6D3113.d.0352A1DB95580BC84F9C4280D6FA85E9.e.4424/click - {}
RESULT: {}
COMMAND: GET /session/bd8f6f9489bd62a6508a75490a4bbe45/screenshot - {}
RESULT: {}
COMMAND: POST /session/bd8f6f9489bd62a6508a75490a4bbe45/execute/async - {"script":"<script> [1562 bytes]","args":[{"selector":{"controlType":"sap.m.StandardListItem","viewName":"reusables.view.manageresources.NewResourceUnit","viewId":"application-manageresources-display-component---newResourceUnit","properties":{"title":"Centimeter"},"searchOpenDialogs":true,"interaction":{"idSuffix":"titleText"}},"wdio_ui5_key":"reusablesview.manageresources.NewResourceUnitsap.m.StandardListItem{\"title\":\"Centimeter\"}"}]}
RESULT: {"script":"<script> [1562 bytes]","args":[{"selector":{"controlType":"sap.m.StandardListItem","viewName":"reusables.view.manageresources.NewResourceUnit","viewId":"application-manageresources-display-component---newResourceUnit","properties":{"title":"Centimeter"},"searchOpenDialogs":true,"interaction":{"idSuffix":"titleText"}},"wdio_ui5_key":"reusablesview.manageresources.NewResourceUnitsap.m.StandardListItem{\"title\":\"Centimeter\"}"}]}
RESULT: undefined
COMMAND: POST /session/bd8f6f9489bd62a6508a75490a4bbe45/element - {"using":"xpath","value":"//*[@id=\"__item3464\"]"}
RESULT: {"using":"xpath","value":"//*[@id=\"__item3464\"]"}
COMMAND: POST /session/bd8f6f9489bd62a6508a75490a4bbe45/element/f.5D36BF6E7175A89251765FD96C6D3113.d.0352A1DB95580BC84F9C4280D6FA85E9.e.4426/click - {}
RESULT: {}
COMMAND: POST /session/bd8f6f9489bd62a6508a75490a4bbe45/execute/async - {"script":"<script> [1562 bytes]","args":[{"selector":{"id":"application-manageresources-display-component---newResourceUnit--newRRUPage-anchBar-application-manageresources-display-component---newResourceUnit--reference-anchor","interaction":{"idSuffix":"BDI-content"}},"wdio_ui5_key":"applicationmanageresources-display-component---newResourceUnit--newRRUPage-anchBar-application-manageresources-display-component---newResourceUnit--reference-anchor"}]}
COMMAND: GET /session/bd8f6f9489bd62a6508a75490a4bbe45/screenshot - {}
RESULT: {"script":"<script> [1562 bytes]","args":[{"selector":{"id":"application-manageresources-display-component---newResourceUnit--newRRUPage-anchBar-application-manageresources-display-component---newResourceUnit--reference-anchor","interaction":{"idSuffix":"BDI-content"}},"wdio_ui5_key":"applicationmanageresources-display-component---newResourceUnit--newRRUPage-anchBar-application-manageresources-display-component---newResourceUnit--reference-anchor"}]}
RESULT: undefined
COMMAND: POST /session/bd8f6f9489bd62a6508a75490a4bbe45/element - {"using":"xpath","value":"//*[@id=\"application-manageresources-display-component---newResourceUnit--newRRUPage-anchBar-application-manageresources-display-component---newResourceUnit--reference-anchor\"]"}
RESULT: {}
RESULT: {"using":"xpath","value":"//*[@id=\"application-manageresources-display-component---newResourceUnit--newRRUPage-anchBar-application-manageresources-display-component---newResourceUnit--reference-anchor\"]"}
COMMAND: POST /session/bd8f6f9489bd62a6508a75490a4bbe45/element/f.5D36BF6E7175A89251765FD96C6D3113.d.0352A1DB95580BC84F9C4280D6FA85E9.e.4428/click - {}
RESULT: {}
COMMAND: POST /session/bd8f6f9489bd62a6508a75490a4bbe45/execute/async - {"script":"<script> [1562 bytes]","args":[{"selector":{"id":"application-manageresources-display-component---newResourceUnit--PLANNING_GROUP-arrow"},"wdio_ui5_key":"applicationmanageresources-display-component---newResourceUnit--PLANNING_GROUP-arrow"}]}
COMMAND: GET /session/bd8f6f9489bd62a6508a75490a4bbe45/screenshot - {}
RESULT: {"script":"<script> [1562 bytes]","args":[{"selector":{"id":"application-manageresources-display-component---newResourceUnit--PLANNING_GROUP-arrow"},"wdio_ui5_key":"applicationmanageresources-display-component---newResourceUnit--PLANNING_GROUP-arrow"}]}
RESULT: undefined
COMMAND: POST /session/bd8f6f9489bd62a6508a75490a4bbe45/element - {"using":"xpath","value":"//*[@id=\"application-manageresources-display-component---newResourceUnit--PLANNING_GROUP-arrow\"]"}
RESULT: {}
RESULT: {"using":"xpath","value":"//*[@id=\"application-manageresources-display-component---newResourceUnit--PLANNING_GROUP-arrow\"]"}
COMMAND: POST /session/bd8f6f9489bd62a6508a75490a4bbe45/element/f.5D36BF6E7175A89251765FD96C6D3113.d.0352A1DB95580BC84F9C4280D6FA85E9.e.4432/click - {}
RESULT: {}
COMMAND: POST /session/bd8f6f9489bd62a6508a75490a4bbe45/execute/async - {"script":"<script> [1562 bytes]","args":[{"selector":{"controlType":"sap.m.StandardListItem","viewName":"reusables.view.manageresources.NewResourceUnit","viewId":"application-manageresources-display-component---newResourceUnit","properties":{"title":"Heavy Equi"},"searchOpenDialogs":true,"interaction":{"idSuffix":"content"}},"wdio_ui5_key":"reusablesview.manageresources.NewResourceUnitsap.m.StandardListItem{\"title\":\"Heavy Equi\"}"}]}
COMMAND: GET /session/bd8f6f9489bd62a6508a75490a4bbe45/screenshot - {}
RESULT: {"script":"<script> [1562 bytes]","args":[{"selector":{"controlType":"sap.m.StandardListItem","viewName":"reusables.view.manageresources.NewResourceUnit","viewId":"application-manageresources-display-component---newResourceUnit","properties":{"title":"Heavy Equi"},"searchOpenDialogs":true,"interaction":{"idSuffix":"content"}},"wdio_ui5_key":"reusablesview.manageresources.NewResourceUnitsap.m.StandardListItem{\"title\":\"Heavy Equi\"}"}]}
RESULT: undefined
COMMAND: POST /session/bd8f6f9489bd62a6508a75490a4bbe45/element - {"using":"xpath","value":"//*[@id=\"__item3472\"]"}
RESULT: {}
RESULT: {"using":"xpath","value":"//*[@id=\"__item3472\"]"}
COMMAND: POST /session/bd8f6f9489bd62a6508a75490a4bbe45/element/f.5D36BF6E7175A89251765FD96C6D3113.d.0352A1DB95580BC84F9C4280D6FA85E9.e.4436/click - {}
RESULT: {}
COMMAND: GET /session/bd8f6f9489bd62a6508a75490a4bbe45/screenshot - {}
RESULT: {}
COMMAND: POST /session/bd8f6f9489bd62a6508a75490a4bbe45/execute/async - {"script":"<script> [1562 bytes]","args":[{"selector":{"id":"application-manageresources-display-component---newResourceUnit--PLANNING_INDICATOR-arrow"},"wdio_ui5_key":"applicationmanageresources-display-component---newResourceUnit--PLANNING_INDICATOR-arrow"}]}
RESULT: {"script":"<script> [1562 bytes]","args":[{"selector":{"id":"application-manageresources-display-component---newResourceUnit--PLANNING_INDICATOR-arrow"},"wdio_ui5_key":"applicationmanageresources-display-component---newResourceUnit--PLANNING_INDICATOR-arrow"}]}
RESULT: undefined
COMMAND: POST /session/bd8f6f9489bd62a6508a75490a4bbe45/element - {"using":"xpath","value":"//*[@id=\"application-manageresources-display-component---newResourceUnit--PLANNING_INDICATOR-arrow\"]"}
RESULT: {"using":"xpath","value":"//*[@id=\"application-manageresources-display-component---newResourceUnit--PLANNING_INDICATOR-arrow\"]"}
COMMAND: POST /session/bd8f6f9489bd62a6508a75490a4bbe45/element/f.5D36BF6E7175A89251765FD96C6D3113.d.0352A1DB95580BC84F9C4280D6FA85E9.e.4437/click - {}
RESULT: {}
COMMAND: POST /session/bd8f6f9489bd62a6508a75490a4bbe45/execute/async - {"script":"<script> [1562 bytes]","args":[{"selector":{"controlType":"sap.m.StandardListItem","viewName":"reusables.view.manageresources.NewResourceUnit","viewId":"application-manageresources-display-component---newResourceUnit","properties":{"title":"10 - infinite"},"searchOpenDialogs":true,"interaction":{"idSuffix":"content"}},"wdio_ui5_key":"reusablesview.manageresources.NewResourceUnitsap.m.StandardListItem{\"title\":\"10 - infinite\"}"}]}
COMMAND: GET /session/bd8f6f9489bd62a6508a75490a4bbe45/screenshot - {}
RESULT: {"script":"<script> [1562 bytes]","args":[{"selector":{"controlType":"sap.m.StandardListItem","viewName":"reusables.view.manageresources.NewResourceUnit","viewId":"application-manageresources-display-component---newResourceUnit","properties":{"title":"10 - infinite"},"searchOpenDialogs":true,"interaction":{"idSuffix":"content"}},"wdio_ui5_key":"reusablesview.manageresources.NewResourceUnitsap.m.StandardListItem{\"title\":\"10 - infinite\"}"}]}
RESULT: undefined
COMMAND: POST /session/bd8f6f9489bd62a6508a75490a4bbe45/element - {"using":"xpath","value":"//*[@id=\"__item3482\"]"}
RESULT: {}
RESULT: {"using":"xpath","value":"//*[@id=\"__item3482\"]"}
COMMAND: POST /session/bd8f6f9489bd62a6508a75490a4bbe45/element/f.5D36BF6E7175A89251765FD96C6D3113.d.0352A1DB95580BC84F9C4280D6FA85E9.e.4439/click - {}
RESULT: {}
COMMAND: GET /session/bd8f6f9489bd62a6508a75490a4bbe45/screenshot - {}
RESULT: {}
COMMAND: POST /session/bd8f6f9489bd62a6508a75490a4bbe45/element - {"using":"xpath","value":"//bdi[contains(text(), \"Time Segment\")]"}
RESULT: {"using":"xpath","value":"//bdi[contains(text(), \"Time Segment\")]"}
COMMAND: GET /session/bd8f6f9489bd62a6508a75490a4bbe45/element/f.5D36BF6E7175A89251765FD96C6D3113.d.0352A1DB95580BC84F9C4280D6FA85E9.e.4440/rect - {}
RESULT: {}
COMMAND: GET /session/bd8f6f9489bd62a6508a75490a4bbe45/window/rect - {}
RESULT: {}
COMMAND: POST /session/bd8f6f9489bd62a6508a75490a4bbe45/execute/sync - {"script":"<script> [92 bytes]","args":[]}
RESULT: {"script":"<script> [92 bytes]","args":[]}
COMMAND: POST /session/bd8f6f9489bd62a6508a75490a4bbe45/actions - {"actions":[{"id":"action35","type":"wheel","parameters":{},"actions":[{"type":"scroll","x":-1820,"y":-21,"deltaX":0,"deltaY":0,"duration":0,"origin":{"element-6066-11e4-a52e-4f735466cecf":"f.5D36BF6E7175A89251765FD96C6D3113.d.0352A1DB95580BC84F9C4280D6FA85E9.e.4440"}}]}]}
COMMAND: GET /session/bd8f6f9489bd62a6508a75490a4bbe45/screenshot - {}
RESULT: {}
COMMAND: POST /session/bd8f6f9489bd62a6508a75490a4bbe45/execute/sync - {"script":"<script> [79 bytes]","args":[{"element-6066-11e4-a52e-4f735466cecf":"f.5D36BF6E7175A89251765FD96C6D3113.d.0352A1DB95580BC84F9C4280D6FA85E9.e.4440","ELEMENT":"f.5D36BF6E7175A89251765FD96C6D3113.d.0352A1DB95580BC84F9C4280D6FA85E9.e.4440"},{"block":"start","inline":"nearest"}]}
RESULT: {"script":"<script> [79 bytes]","args":[{"element-6066-11e4-a52e-4f735466cecf":"f.5D36BF6E7175A89251765FD96C6D3113.d.0352A1DB95580BC84F9C4280D6FA85E9.e.4440","ELEMENT":"f.5D36BF6E7175A89251765FD96C6D3113.d.0352A1DB95580BC84F9C4280D6FA85E9.e.4440"},{"block":"start","inline":"nearest"}]}
COMMAND: GET /session/bd8f6f9489bd62a6508a75490a4bbe45/screenshot - {}
RESULT: {}
COMMAND: POST /session/bd8f6f9489bd62a6508a75490a4bbe45/element - {"using":"xpath","value":"//span[@id=\"application-manageresources-display-component---newResourceUnit--btnAddTimeSegment-img\"]"}
RESULT: {"using":"xpath","value":"//span[@id=\"application-manageresources-display-component---newResourceUnit--btnAddTimeSegment-img\"]"}
COMMAND: POST /session/bd8f6f9489bd62a6508a75490a4bbe45/execute/sync - {"script":"<script> [8489 bytes]","args":[{"element-6066-11e4-a52e-4f735466cecf":"f.5D36BF6E7175A89251765FD96C6D3113.d.0352A1DB95580BC84F9C4280D6FA85E9.e.4443","ELEMENT":"f.5D36BF6E7175A89251765FD96C6D3113.d.0352A1DB95580BC84F9C4280D6FA85E9.e.4443"}]}
RESULT: {"script":"<script> [8489 bytes]","args":[{"element-6066-11e4-a52e-4f735466cecf":"f.5D36BF6E7175A89251765FD96C6D3113.d.0352A1DB95580BC84F9C4280D6FA85E9.e.4443","ELEMENT":"f.5D36BF6E7175A89251765FD96C6D3113.d.0352A1DB95580BC84F9C4280D6FA85E9.e.4443"}]}
COMMAND: POST /session/bd8f6f9489bd62a6508a75490a4bbe45/element/f.5D36BF6E7175A89251765FD96C6D3113.d.0352A1DB95580BC84F9C4280D6FA85E9.e.4443/click - {}
COMMAND: GET /session/bd8f6f9489bd62a6508a75490a4bbe45/screenshot - {}
RESULT: {}
COMMAND: GET /session/bd8f6f9489bd62a6508a75490a4bbe45/screenshot - {}
COMMAND: POST /session/bd8f6f9489bd62a6508a75490a4bbe45/element - {"using":"xpath","value":"//input[@id=\"application-manageresources-display-component---newResourceUnit--idRuTSAdmin-application-manageresources-display-component---newResourceUnit--RUTimeSegment-0-inner\"]"}
RESULT: {}
RESULT: {}
RESULT: {"using":"xpath","value":"//input[@id=\"application-manageresources-display-component---newResourceUnit--idRuTSAdmin-application-manageresources-display-component---newResourceUnit--RUTimeSegment-0-inner\"]"}
COMMAND: POST /session/bd8f6f9489bd62a6508a75490a4bbe45/element/f.5D36BF6E7175A89251765FD96C6D3113.d.0352A1DB95580BC84F9C4280D6FA85E9.e.4446/clear - {}
RESULT: {}
COMMAND: POST /session/bd8f6f9489bd62a6508a75490a4bbe45/element/f.5D36BF6E7175A89251765FD96C6D3113.d.0352A1DB95580BC84F9C4280D6FA85E9.e.4446/value - {"text":"WebdriverYardziz0f"}
COMMAND: GET /session/bd8f6f9489bd62a6508a75490a4bbe45/screenshot - {}
RESULT: {"text":"WebdriverYardziz0f"}
COMMAND: GET /session/bd8f6f9489bd62a6508a75490a4bbe45/screenshot - {}
RESULT: {}
RESULT: {}
COMMAND: POST /session/bd8f6f9489bd62a6508a75490a4bbe45/actions - {"actions":[{"id":"action36","type":"key","parameters":{},"actions":[{"type":"keyDown","value":"î€‡"},{"type":"pause","duration":10},{"type":"keyUp","value":"î€‡"}]}]}
RESULT: {"actions":[{"id":"action36","type":"key","parameters":{},"actions":[{"type":"keyDown","value":"î€‡"},{"type":"pause","duration":10},{"type":"keyUp","value":"î€‡"}]}]}
COMMAND: GET /session/bd8f6f9489bd62a6508a75490a4bbe45/screenshot - {}
RESULT: {}
COMMAND: POST /session/bd8f6f9489bd62a6508a75490a4bbe45/execute/async - {"script":"<script> [1562 bytes]","args":[{"selector":{"controlType":"sap.m.Button","viewName":"reusables.view.manageresources.NewResourceUnit","viewId":"application-manageresources-display-component---newResourceUnit","i18NText":{"propertyName":"tooltip","key":"save"},"interaction":{"idSuffix":"BDI-content"}},"wdio_ui5_key":"reusablesview.manageresources.NewResourceUnitsap.m.Button{\"propertyName\":\"tooltip\",\"key\":\"save\"}"}]}
RESULT: {"script":"<script> [1562 bytes]","args":[{"selector":{"controlType":"sap.m.Button","viewName":"reusables.view.manageresources.NewResourceUnit","viewId":"application-manageresources-display-component---newResourceUnit","i18NText":{"propertyName":"tooltip","key":"save"},"interaction":{"idSuffix":"BDI-content"}},"wdio_ui5_key":"reusablesview.manageresources.NewResourceUnitsap.m.Button{\"propertyName\":\"tooltip\",\"key\":\"save\"}"}]}
RESULT: undefined
COMMAND: POST /session/bd8f6f9489bd62a6508a75490a4bbe45/element - {"using":"xpath","value":"//*[@id=\"application-manageresources-display-component---newResourceUnit--createRuButton\"]"}
RESULT: {"using":"xpath","value":"//*[@id=\"application-manageresources-display-component---newResourceUnit--createRuButton\"]"}
COMMAND: POST /session/bd8f6f9489bd62a6508a75490a4bbe45/element/f.5D36BF6E7175A89251765FD96C6D3113.d.0352A1DB95580BC84F9C4280D6FA85E9.e.4372/click - {}
RESULT: {}
COMMAND: GET /session/bd8f6f9489bd62a6508a75490a4bbe45/screenshot - {}
RESULT: {}
COMMAND: POST /session/bd8f6f9489bd62a6508a75490a4bbe45/execute/async - {"script":"<script> [1562 bytes]","args":[{"selector":{"controlType":"sap.m.Title","properties":{"text":"Success"},"searchOpenDialogs":true},"wdio_ui5_key":"sapm.Title{\"text\":\"Success\"}"}]}
RESULT: {"script":"<script> [1562 bytes]","args":[{"selector":{"controlType":"sap.m.Title","properties":{"text":"Success"},"searchOpenDialogs":true},"wdio_ui5_key":"sapm.Title{\"text\":\"Success\"}"}]}
RESULT: undefined
COMMAND: POST /session/bd8f6f9489bd62a6508a75490a4bbe45/execute/async - {"script":"<script> [6424 bytes]","args":[{"element-6066-11e4-a52e-4f735466cecf":"f.5D36BF6E7175A89251765FD96C6D3113.d.0352A1DB95580BC84F9C4280D6FA85E9.e.4461"},"getText",[]]}
RESULT: {"script":"<script> [6424 bytes]","args":[{"element-6066-11e4-a52e-4f735466cecf":"f.5D36BF6E7175A89251765FD96C6D3113.d.0352A1DB95580BC84F9C4280D6FA85E9.e.4461"},"getText",[]]}
COMMAND: POST /session/bd8f6f9489bd62a6508a75490a4bbe45/element - {"using":"xpath","value":"//*[contains(@id, '__text') and (contains(text(), 'successfully created') or contains(., 'successfully created'))]"}
RESULT: {"using":"xpath","value":"//*[contains(@id, '__text') and (contains(text(), 'successfully created') or contains(., 'successfully created'))]"}
COMMAND: GET /session/bd8f6f9489bd62a6508a75490a4bbe45/element/f.5D36BF6E7175A89251765FD96C6D3113.d.0352A1DB95580BC84F9C4280D6FA85E9.e.4459/text - {}
RESULT: {}
COMMAND: POST /session/bd8f6f9489bd62a6508a75490a4bbe45/execute/async - {"script":"<script> [1562 bytes]","args":[{"selector":{"controlType":"sap.m.Button","properties":{"text":"Close"},"searchOpenDialogs":true,"interaction":{"idSuffix":"BDI-content"}},"wdio_ui5_key":"sapm.Button{\"text\":\"Close\"}"}]}
RESULT: {"script":"<script> [1562 bytes]","args":[{"selector":{"controlType":"sap.m.Button","properties":{"text":"Close"},"searchOpenDialogs":true,"interaction":{"idSuffix":"BDI-content"}},"wdio_ui5_key":"sapm.Button{\"text\":\"Close\"}"}]}
RESULT: undefined
COMMAND: POST /session/bd8f6f9489bd62a6508a75490a4bbe45/element - {"using":"xpath","value":"//*[@id=\"__mbox-btn-1\"]"}
RESULT: {"using":"xpath","value":"//*[@id=\"__mbox-btn-1\"]"}
COMMAND: POST /session/bd8f6f9489bd62a6508a75490a4bbe45/element/f.5D36BF6E7175A89251765FD96C6D3113.d.0352A1DB95580BC84F9C4280D6FA85E9.e.4458/click - {}
RESULT: {}
COMMAND: GET /session/bd8f6f9489bd62a6508a75490a4bbe45/screenshot - {}
RESULT: {}
COMMAND: POST /session/bd8f6f9489bd62a6508a75490a4bbe45/execute/async - {"script":"<script> [1562 bytes]","args":[{"selector":{"controlType":"sap.ui.core.Icon","viewName":"etm.portal.ui.manageresources.view.Detail","viewId":"application-manageresources-display-component---detailRU","properties":{"src":{"regex":{"source":"overflow"}}}},"wdio_ui5_key":"etmportal.ui.manageresources.view.Detailsap.ui.core.Icon{\"src\":{\"regex\":{\"source\":\"overflow\"}}}"}]}
RESULT: {"script":"<script> [1562 bytes]","args":[{"selector":{"controlType":"sap.ui.core.Icon","viewName":"etm.portal.ui.manageresources.view.Detail","viewId":"application-manageresources-display-component---detailRU","properties":{"src":{"regex":{"source":"overflow"}}}},"wdio_ui5_key":"etmportal.ui.manageresources.view.Detailsap.ui.core.Icon{\"src\":{\"regex\":{\"source\":\"overflow\"}}}"}]}
RESULT: undefined
COMMAND: POST /session/bd8f6f9489bd62a6508a75490a4bbe45/element - {"using":"xpath","value":"//*[@id=\"__title72-_actionsToolbar-overflowButton-img\"]"}
RESULT: {"using":"xpath","value":"//*[@id=\"__title72-_actionsToolbar-overflowButton-img\"]"}
COMMAND: POST /session/bd8f6f9489bd62a6508a75490a4bbe45/element/f.5D36BF6E7175A89251765FD96C6D3113.d.0352A1DB95580BC84F9C4280D6FA85E9.e.4490/click - {}
RESULT: {}
COMMAND: POST /session/bd8f6f9489bd62a6508a75490a4bbe45/execute/async - {"script":"<script> [1562 bytes]","args":[{"selector":{"controlType":"sap.m.Button","viewName":"etm.portal.ui.manageresources.view.Detail","viewId":"application-manageresources-display-component---detailRU","i18NText":{"propertyName":"tooltip","key":"closeColumn"},"searchOpenDialogs":true,"interaction":{"idSuffix":"inner"}},"wdio_ui5_key":"etmportal.ui.manageresources.view.Detailsap.m.Button{\"propertyName\":\"tooltip\",\"key\":\"closeColumn\"}"}]}
COMMAND: GET /session/bd8f6f9489bd62a6508a75490a4bbe45/screenshot - {}
RESULT: {"script":"<script> [1562 bytes]","args":[{"selector":{"controlType":"sap.m.Button","viewName":"etm.portal.ui.manageresources.view.Detail","viewId":"application-manageresources-display-component---detailRU","i18NText":{"propertyName":"tooltip","key":"closeColumn"},"searchOpenDialogs":true,"interaction":{"idSuffix":"inner"}},"wdio_ui5_key":"etmportal.ui.manageresources.view.Detailsap.m.Button{\"propertyName\":\"tooltip\",\"key\":\"closeColumn\"}"}]}
RESULT: undefined
COMMAND: POST /session/bd8f6f9489bd62a6508a75490a4bbe45/element - {"using":"xpath","value":"//*[@id=\"__button233\"]"}
RESULT: {}
RESULT: {"using":"xpath","value":"//*[@id=\"__button233\"]"}
COMMAND: POST /session/bd8f6f9489bd62a6508a75490a4bbe45/element/f.5D36BF6E7175A89251765FD96C6D3113.d.0352A1DB95580BC84F9C4280D6FA85E9.e.4492/click - {}
RESULT: {}
COMMAND: GET /session/bd8f6f9489bd62a6508a75490a4bbe45/screenshot - {}
RESULT: {}
COMMAND: POST /session/bd8f6f9489bd62a6508a75490a4bbe45/refresh - {}
RESULT: {}
COMMAND: GET /session/bd8f6f9489bd62a6508a75490a4bbe45/screenshot - {}
RESULT: {}
COMMAND: POST /session/bd8f6f9489bd62a6508a75490a4bbe45/execute/async - {"script":"<script> [189 bytes]","args":[]}
RESULT: {"script":"<script> [189 bytes]","args":[]}
COMMAND: POST /session/bd8f6f9489bd62a6508a75490a4bbe45/execute/async - {"script":"<script> [123 bytes]","args":[]}
RESULT: {"script":"<script> [123 bytes]","args":[]}
COMMAND: POST /session/bd8f6f9489bd62a6508a75490a4bbe45/timeouts - {"script":"<number>"}
RESULT: {"script":"<number>"}
COMMAND: GET /session/bd8f6f9489bd62a6508a75490a4bbe45/timeouts - {}
RESULT: {}
RESULT: undefined
COMMAND: POST /session/bd8f6f9489bd62a6508a75490a4bbe45/execute/async - {"script":"<script> [2676 bytes]","args":[]}
RESULT: {"script":"<script> [2676 bytes]","args":[]}
COMMAND: POST /session/bd8f6f9489bd62a6508a75490a4bbe45/execute/async - {"script":"<script> [2342 bytes]","args":[{"protocol":"http","hostname":"0.0.0.0","path":"/","capabilities":{"browserName":"chrome","goog:chromeOptions":{"binary":"C:\\Program Files\\Google\\Chrome\\Application\\chrome.exe","args":["--start-maximized"]}},"logLevel":"warn","connectionRetryTimeout":120000,"connectionRetryCount":3,"logLevels":{},"enableDirectConnect":true,"strictSSL":true,"_":"65 more keys: [\"cacheDir\",\"port\",\"requestedCapabilities\",\"automationProtocol\",\"baseUrl\",\"waitforInterval\",\"waitforTimeout\",\"onReload\",\"beforeCommand\",\"afterCommand\",\"rootDir\",\"specs\",\"suites\",\"exclude\",\"groupLogsByTestSpec\",\"excludeDriverLogs\",\"bail\",\"framework\",\"reporters\",\"services\",\"maxInstances\",\"maxInstancesPerCapability\",\"injectGlobals\",\"filesToWatch\",\"execArgv\",\"runnerEnv\",\"runner\",\"shard\",\"specFileRetries\",\"specFileRetriesDelay\",\"specFileRetriesDeferred\",\"reporterSyncInterval\",\"reporterSyncTimeout\",\"cucumberFeaturesWithLineNumbers\",\"autoCompileOpts\",\"mochaOpts\",\"jasmineOpts\",\"cucumberOpts\",\"onPrepare\",\"onWorkerStart\",\"onWorkerEnd\",\"before\",\"beforeSession\",\"beforeSuite\",\"beforeHook\",\"beforeTest\",\"afterTest\",\"afterHook\",\"afterSuite\",\"afterSession\",\"after\",\"onComplete\",\"beforeAssertion\",\"afterAssertion\",\"beforeFeature\",\"beforeScenario\",\"beforeStep\",\"afterStep\",\"afterScenario\",\"afterFeature\",\"_\",\"suite\",\"$0\",\"ignoredWorkerServices\",\"wdi5\"]"}]}
RESULT: {"script":"<script> [2342 bytes]","args":[{"protocol":"http","hostname":"0.0.0.0","path":"/","capabilities":{"browserName":"chrome","goog:chromeOptions":{"binary":"C:\\Program Files\\Google\\Chrome\\Application\\chrome.exe","args":["--start-maximized"]}},"logLevel":"warn","connectionRetryTimeout":120000,"connectionRetryCount":3,"logLevels":{},"enableDirectConnect":true,"strictSSL":true,"_":"65 more keys: [\"cacheDir\",\"port\",\"requestedCapabilities\",\"automationProtocol\",\"baseUrl\",\"waitforInterval\",\"waitforTimeout\",\"onReload\",\"beforeCommand\",\"afterCommand\",\"rootDir\",\"specs\",\"suites\",\"exclude\",\"groupLogsByTestSpec\",\"excludeDriverLogs\",\"bail\",\"framework\",\"reporters\",\"services\",\"maxInstances\",\"maxInstancesPerCapability\",\"injectGlobals\",\"filesToWatch\",\"execArgv\",\"runnerEnv\",\"runner\",\"shard\",\"specFileRetries\",\"specFileRetriesDelay\",\"specFileRetriesDeferred\",\"reporterSyncInterval\",\"reporterSyncTimeout\",\"cucumberFeaturesWithLineNumbers\",\"autoCompileOpts\",\"mochaOpts\",\"jasmineOpts\",\"cucumberOpts\",\"onPrepare\",\"onWorkerStart\",\"onWorkerEnd\",\"before\",\"beforeSession\",\"beforeSuite\",\"beforeHook\",\"beforeTest\",\"afterTest\",\"afterHook\",\"afterSuite\",\"afterSession\",\"after\",\"onComplete\",\"beforeAssertion\",\"afterAssertion\",\"beforeFeature\",\"beforeScenario\",\"beforeStep\",\"afterStep\",\"afterScenario\",\"afterFeature\",\"_\",\"suite\",\"$0\",\"ignoredWorkerServices\",\"wdi5\"]"}]}
COMMAND: POST /session/bd8f6f9489bd62a6508a75490a4bbe45/execute/async - {"script":"<script> [21126 bytes]","args":[35000]}
RESULT: {"script":"<script> [21126 bytes]","args":[35000]}
COMMAND: POST /session/bd8f6f9489bd62a6508a75490a4bbe45/element - {"using":"css selector","value":"#shell-header-logo"}
RESULT: {"using":"css selector","value":"#shell-header-logo"}
COMMAND: POST /session/bd8f6f9489bd62a6508a75490a4bbe45/element/f.5D36BF6E7175A89251765FD96C6D3113.d.C3A4789F53F8F63C29E8A34DD74AD93A.e.4574/click - {}
RESULT: {}
COMMAND: GET /session/bd8f6f9489bd62a6508a75490a4bbe45/screenshot - {}
COMMAND: POST /session/bd8f6f9489bd62a6508a75490a4bbe45/element - {"using":"css selector","value":"#shell-header-logo"}
RESULT: {}
RESULT: {"using":"css selector","value":"#shell-header-logo"}
COMMAND: POST /session/bd8f6f9489bd62a6508a75490a4bbe45/element/f.5D36BF6E7175A89251765FD96C6D3113.d.C3A4789F53F8F63C29E8A34DD74AD93A.e.4574/click - {}
RESULT: {}
COMMAND: GET /session/bd8f6f9489bd62a6508a75490a4bbe45/screenshot - {}
RESULT: {}
]]></system-out>
    </testcase>
    <testcase classname="chrome.136_0_7103_93.windows.Manage_request_+_Contract_processing_pick_up_option_US120163_" name="Should Create New Request pick up option" time="187.9">
      <system-out><![CDATA[
COMMAND: POST /session/bd8f6f9489bd62a6508a75490a4bbe45/element - {"using":"css selector","value":"#shell-header-logo"}
RESULT: {"using":"css selector","value":"#shell-header-logo"}
COMMAND: POST /session/bd8f6f9489bd62a6508a75490a4bbe45/element/f.5D36BF6E7175A89251765FD96C6D3113.d.C3A4789F53F8F63C29E8A34DD74AD93A.e.4609/click - {}
RESULT: {}
COMMAND: GET /session/bd8f6f9489bd62a6508a75490a4bbe45/screenshot - {}
RESULT: {}
COMMAND: POST /session/bd8f6f9489bd62a6508a75490a4bbe45/execute/async - {"script":"<script> [1562 bytes]","args":[{"selector":{"controlType":"sap.m.GenericTile","properties":{"header":"Manage Requests"}},"wdio_ui5_key":"sapm.GenericTile{\"header\":\"Manage Requests\"}"}]}
RESULT: {"script":"<script> [1562 bytes]","args":[{"selector":{"controlType":"sap.m.GenericTile","properties":{"header":"Manage Requests"}},"wdio_ui5_key":"sapm.GenericTile{\"header\":\"Manage Requests\"}"}]}
RESULT: undefined
COMMAND: POST /session/bd8f6f9489bd62a6508a75490a4bbe45/element - {"using":"xpath","value":"//*[@id=\"__tile47\"]"}
RESULT: {"using":"xpath","value":"//*[@id=\"__tile47\"]"}
COMMAND: POST /session/bd8f6f9489bd62a6508a75490a4bbe45/element/f.5D36BF6E7175A89251765FD96C6D3113.d.C3A4789F53F8F63C29E8A34DD74AD93A.e.4622/click - {}
RESULT: {}
COMMAND: GET /session/bd8f6f9489bd62a6508a75490a4bbe45/screenshot - {}
RESULT: {}
COMMAND: POST /session/bd8f6f9489bd62a6508a75490a4bbe45/elements - {"using":"xpath","value":"//span[text()='Error']"}
RESULT: {"using":"xpath","value":"//span[text()='Error']"}
COMMAND: POST /session/bd8f6f9489bd62a6508a75490a4bbe45/refresh - {}
RESULT: {}
COMMAND: GET /session/bd8f6f9489bd62a6508a75490a4bbe45/screenshot - {}
RESULT: {}
COMMAND: POST /session/bd8f6f9489bd62a6508a75490a4bbe45/execute/async - {"script":"<script> [189 bytes]","args":[]}
RESULT: {"script":"<script> [189 bytes]","args":[]}
COMMAND: POST /session/bd8f6f9489bd62a6508a75490a4bbe45/execute/async - {"script":"<script> [123 bytes]","args":[]}
RESULT: {"script":"<script> [123 bytes]","args":[]}
COMMAND: POST /session/bd8f6f9489bd62a6508a75490a4bbe45/timeouts - {"script":"<number>"}
RESULT: {"script":"<number>"}
COMMAND: GET /session/bd8f6f9489bd62a6508a75490a4bbe45/timeouts - {}
RESULT: {}
RESULT: undefined
COMMAND: POST /session/bd8f6f9489bd62a6508a75490a4bbe45/execute/async - {"script":"<script> [2676 bytes]","args":[]}
RESULT: {"script":"<script> [2676 bytes]","args":[]}
COMMAND: POST /session/bd8f6f9489bd62a6508a75490a4bbe45/execute/async - {"script":"<script> [2342 bytes]","args":[{"protocol":"http","hostname":"0.0.0.0","path":"/","capabilities":{"browserName":"chrome","goog:chromeOptions":{"binary":"C:\\Program Files\\Google\\Chrome\\Application\\chrome.exe","args":["--start-maximized"]}},"logLevel":"warn","connectionRetryTimeout":120000,"connectionRetryCount":3,"logLevels":{},"enableDirectConnect":true,"strictSSL":true,"_":"65 more keys: [\"cacheDir\",\"port\",\"requestedCapabilities\",\"automationProtocol\",\"baseUrl\",\"waitforInterval\",\"waitforTimeout\",\"onReload\",\"beforeCommand\",\"afterCommand\",\"rootDir\",\"specs\",\"suites\",\"exclude\",\"groupLogsByTestSpec\",\"excludeDriverLogs\",\"bail\",\"framework\",\"reporters\",\"services\",\"maxInstances\",\"maxInstancesPerCapability\",\"injectGlobals\",\"filesToWatch\",\"execArgv\",\"runnerEnv\",\"runner\",\"shard\",\"specFileRetries\",\"specFileRetriesDelay\",\"specFileRetriesDeferred\",\"reporterSyncInterval\",\"reporterSyncTimeout\",\"cucumberFeaturesWithLineNumbers\",\"autoCompileOpts\",\"mochaOpts\",\"jasmineOpts\",\"cucumberOpts\",\"onPrepare\",\"onWorkerStart\",\"onWorkerEnd\",\"before\",\"beforeSession\",\"beforeSuite\",\"beforeHook\",\"beforeTest\",\"afterTest\",\"afterHook\",\"afterSuite\",\"afterSession\",\"after\",\"onComplete\",\"beforeAssertion\",\"afterAssertion\",\"beforeFeature\",\"beforeScenario\",\"beforeStep\",\"afterStep\",\"afterScenario\",\"afterFeature\",\"_\",\"suite\",\"$0\",\"ignoredWorkerServices\",\"wdi5\"]"}]}
RESULT: {"script":"<script> [2342 bytes]","args":[{"protocol":"http","hostname":"0.0.0.0","path":"/","capabilities":{"browserName":"chrome","goog:chromeOptions":{"binary":"C:\\Program Files\\Google\\Chrome\\Application\\chrome.exe","args":["--start-maximized"]}},"logLevel":"warn","connectionRetryTimeout":120000,"connectionRetryCount":3,"logLevels":{},"enableDirectConnect":true,"strictSSL":true,"_":"65 more keys: [\"cacheDir\",\"port\",\"requestedCapabilities\",\"automationProtocol\",\"baseUrl\",\"waitforInterval\",\"waitforTimeout\",\"onReload\",\"beforeCommand\",\"afterCommand\",\"rootDir\",\"specs\",\"suites\",\"exclude\",\"groupLogsByTestSpec\",\"excludeDriverLogs\",\"bail\",\"framework\",\"reporters\",\"services\",\"maxInstances\",\"maxInstancesPerCapability\",\"injectGlobals\",\"filesToWatch\",\"execArgv\",\"runnerEnv\",\"runner\",\"shard\",\"specFileRetries\",\"specFileRetriesDelay\",\"specFileRetriesDeferred\",\"reporterSyncInterval\",\"reporterSyncTimeout\",\"cucumberFeaturesWithLineNumbers\",\"autoCompileOpts\",\"mochaOpts\",\"jasmineOpts\",\"cucumberOpts\",\"onPrepare\",\"onWorkerStart\",\"onWorkerEnd\",\"before\",\"beforeSession\",\"beforeSuite\",\"beforeHook\",\"beforeTest\",\"afterTest\",\"afterHook\",\"afterSuite\",\"afterSession\",\"after\",\"onComplete\",\"beforeAssertion\",\"afterAssertion\",\"beforeFeature\",\"beforeScenario\",\"beforeStep\",\"afterStep\",\"afterScenario\",\"afterFeature\",\"_\",\"suite\",\"$0\",\"ignoredWorkerServices\",\"wdi5\"]"}]}
COMMAND: POST /session/bd8f6f9489bd62a6508a75490a4bbe45/execute/async - {"script":"<script> [21126 bytes]","args":[35000]}
RESULT: {"script":"<script> [21126 bytes]","args":[35000]}
COMMAND: POST /session/bd8f6f9489bd62a6508a75490a4bbe45/element - {"using":"xpath","value":"//button[contains(@data-kt ,\"btnCreateNewOverflowToolbarButton\")]"}
COMMAND: POST /session/bd8f6f9489bd62a6508a75490a4bbe45/element - {"using":"xpath","value":"(//span[contains(@class ,\"sapMObjStatusText\")])[1]"}
RESULT: {"using":"xpath","value":"//button[contains(@data-kt ,\"btnCreateNewOverflowToolbarButton\")]"}
COMMAND: POST /session/bd8f6f9489bd62a6508a75490a4bbe45/element/f.5D36BF6E7175A89251765FD96C6D3113.d.18A7DDD1D837F0277CD447FDE521E5B0.e.4780/click - {}
RESULT: {"using":"xpath","value":"(//span[contains(@class ,\"sapMObjStatusText\")])[1]"}
COMMAND: POST /session/bd8f6f9489bd62a6508a75490a4bbe45/execute/sync - {"script":"<script> [8489 bytes]","args":[{"element-6066-11e4-a52e-4f735466cecf":"f.5D36BF6E7175A89251765FD96C6D3113.d.18A7DDD1D837F0277CD447FDE521E5B0.e.4822","ELEMENT":"f.5D36BF6E7175A89251765FD96C6D3113.d.18A7DDD1D837F0277CD447FDE521E5B0.e.4822"}]}
RESULT: {}
COMMAND: GET /session/bd8f6f9489bd62a6508a75490a4bbe45/screenshot - {}
COMMAND: POST /session/bd8f6f9489bd62a6508a75490a4bbe45/element - {"using":"xpath","value":"(//span[contains(@class ,\"sapMObjStatusText\")])[1]"}
RESULT: {}
RESULT: {"using":"xpath","value":"(//span[contains(@class ,\"sapMObjStatusText\")])[1]"}
COMMAND: POST /session/bd8f6f9489bd62a6508a75490a4bbe45/execute/sync - {"script":"<script> [8489 bytes]","args":[{"element-6066-11e4-a52e-4f735466cecf":"f.5D36BF6E7175A89251765FD96C6D3113.d.18A7DDD1D837F0277CD447FDE521E5B0.e.5028","ELEMENT":"f.5D36BF6E7175A89251765FD96C6D3113.d.18A7DDD1D837F0277CD447FDE521E5B0.e.5028"}]}
RESULT: {"script":"<script> [8489 bytes]","args":[{"element-6066-11e4-a52e-4f735466cecf":"f.5D36BF6E7175A89251765FD96C6D3113.d.18A7DDD1D837F0277CD447FDE521E5B0.e.5028","ELEMENT":"f.5D36BF6E7175A89251765FD96C6D3113.d.18A7DDD1D837F0277CD447FDE521E5B0.e.5028"}]}
COMMAND: GET /session/bd8f6f9489bd62a6508a75490a4bbe45/screenshot - {}
RESULT: {}
COMMAND: POST /session/bd8f6f9489bd62a6508a75490a4bbe45/element - {"using":"xpath","value":"//input[contains(@id ,\"yardId-inner\")]"}
RESULT: {"using":"xpath","value":"//input[contains(@id ,\"yardId-inner\")]"}
COMMAND: POST /session/bd8f6f9489bd62a6508a75490a4bbe45/execute/sync - {"script":"<script> [8489 bytes]","args":[{"element-6066-11e4-a52e-4f735466cecf":"f.5D36BF6E7175A89251765FD96C6D3113.d.18A7DDD1D837F0277CD447FDE521E5B0.e.4906","ELEMENT":"f.5D36BF6E7175A89251765FD96C6D3113.d.18A7DDD1D837F0277CD447FDE521E5B0.e.4906"}]}
RESULT: {"script":"<script> [8489 bytes]","args":[{"element-6066-11e4-a52e-4f735466cecf":"f.5D36BF6E7175A89251765FD96C6D3113.d.18A7DDD1D837F0277CD447FDE521E5B0.e.4906","ELEMENT":"f.5D36BF6E7175A89251765FD96C6D3113.d.18A7DDD1D837F0277CD447FDE521E5B0.e.4906"}]}
COMMAND: POST /session/bd8f6f9489bd62a6508a75490a4bbe45/element - {"using":"xpath","value":"//input[contains(@id ,\"requestContractNo-inner\")]"}
COMMAND: POST /session/bd8f6f9489bd62a6508a75490a4bbe45/element - {"using":"xpath","value":"//input[contains(@id ,\"yardId-inner\")]"}
COMMAND: GET /session/bd8f6f9489bd62a6508a75490a4bbe45/screenshot - {}
RESULT: {"using":"xpath","value":"//input[contains(@id ,\"requestContractNo-inner\")]"}
COMMAND: POST /session/bd8f6f9489bd62a6508a75490a4bbe45/element/f.5D36BF6E7175A89251765FD96C6D3113.d.18A7DDD1D837F0277CD447FDE521E5B0.e.4903/value - {"text":"10326"}
RESULT: {"using":"xpath","value":"//input[contains(@id ,\"yardId-inner\")]"}
COMMAND: GET /session/bd8f6f9489bd62a6508a75490a4bbe45/element/f.5D36BF6E7175A89251765FD96C6D3113.d.18A7DDD1D837F0277CD447FDE521E5B0.e.4906/enabled - {}
RESULT: {}
RESULT: {"text":"10326"}
COMMAND: GET /session/bd8f6f9489bd62a6508a75490a4bbe45/screenshot - {}
RESULT: {}
COMMAND: GET /session/bd8f6f9489bd62a6508a75490a4bbe45/screenshot - {}
RESULT: {}
RESULT: {}
COMMAND: POST /session/bd8f6f9489bd62a6508a75490a4bbe45/actions - {"actions":[{"id":"action37","type":"key","parameters":{},"actions":[{"type":"keyDown","value":"î€‡"},{"type":"pause","duration":10},{"type":"keyUp","value":"î€‡"}]}]}
RESULT: {"actions":[{"id":"action37","type":"key","parameters":{},"actions":[{"type":"keyDown","value":"î€‡"},{"type":"pause","duration":10},{"type":"keyUp","value":"î€‡"}]}]}
COMMAND: GET /session/bd8f6f9489bd62a6508a75490a4bbe45/screenshot - {}
RESULT: {}
COMMAND: POST /session/bd8f6f9489bd62a6508a75490a4bbe45/execute/async - {"script":"<script> [1562 bytes]","args":[{"selector":{"controlType":"sap.m.Button","viewName":"etm.portal.ui.managerequests.view.NewRequest","properties":{"text":"Items"},"interaction":{"idSuffix":"BDI-content"}},"wdio_ui5_key":"etmportal.ui.managerequests.view.NewRequestsap.m.Button{\"text\":\"Items\"}"}]}
RESULT: {"script":"<script> [1562 bytes]","args":[{"selector":{"controlType":"sap.m.Button","viewName":"etm.portal.ui.managerequests.view.NewRequest","properties":{"text":"Items"},"interaction":{"idSuffix":"BDI-content"}},"wdio_ui5_key":"etmportal.ui.managerequests.view.NewRequestsap.m.Button{\"text\":\"Items\"}"}]}
RESULT: undefined
COMMAND: POST /session/bd8f6f9489bd62a6508a75490a4bbe45/element - {"using":"xpath","value":"//*[@id=\"__xmlview1--newRequestPage-anchBar-__xmlview1--requestItemsSection-anchor\"]"}
RESULT: {"using":"xpath","value":"//*[@id=\"__xmlview1--newRequestPage-anchBar-__xmlview1--requestItemsSection-anchor\"]"}
COMMAND: POST /session/bd8f6f9489bd62a6508a75490a4bbe45/element/f.5D36BF6E7175A89251765FD96C6D3113.d.18A7DDD1D837F0277CD447FDE521E5B0.e.5100/click - {}
RESULT: {}
COMMAND: GET /session/bd8f6f9489bd62a6508a75490a4bbe45/screenshot - {}
RESULT: {}
COMMAND: POST /session/bd8f6f9489bd62a6508a75490a4bbe45/execute/async - {"script":"<script> [1562 bytes]","args":[{"selector":{"controlType":"sap.ui.core.Icon","viewName":"etm.portal.ui.managerequests.view.NewRequest","properties":{"src":{"regex":{"source":"inspect"}}}},"wdio_ui5_key":"etmportal.ui.managerequests.view.NewRequestsap.ui.core.Icon{\"src\":{\"regex\":{\"source\":\"inspect\"}}}"}]}
RESULT: {"script":"<script> [1562 bytes]","args":[{"selector":{"controlType":"sap.ui.core.Icon","viewName":"etm.portal.ui.managerequests.view.NewRequest","properties":{"src":{"regex":{"source":"inspect"}}}},"wdio_ui5_key":"etmportal.ui.managerequests.view.NewRequestsap.ui.core.Icon{\"src\":{\"regex\":{\"source\":\"inspect\"}}}"}]}
RESULT: undefined
COMMAND: POST /session/bd8f6f9489bd62a6508a75490a4bbe45/element - {"using":"xpath","value":"//*[@id=\"__button8-img\"]"}
RESULT: {"using":"xpath","value":"//*[@id=\"__button8-img\"]"}
COMMAND: POST /session/bd8f6f9489bd62a6508a75490a4bbe45/element/f.5D36BF6E7175A89251765FD96C6D3113.d.18A7DDD1D837F0277CD447FDE521E5B0.e.5104/click - {}
RESULT: {}
COMMAND: GET /session/bd8f6f9489bd62a6508a75490a4bbe45/screenshot - {}
RESULT: {}
COMMAND: POST /session/bd8f6f9489bd62a6508a75490a4bbe45/execute/async - {"script":"<script> [1562 bytes]","args":[{"selector":{"controlType":"sap.ui.core.Icon","viewName":"etm.portal.ui.managerequests.view.NewRequest","properties":{"src":{"regex":{"source":"add"}}}},"wdio_ui5_key":"etmportal.ui.managerequests.view.NewRequestsap.ui.core.Icon{\"src\":{\"regex\":{\"source\":\"add\"}}}"}]}
RESULT: {"script":"<script> [1562 bytes]","args":[{"selector":{"controlType":"sap.ui.core.Icon","viewName":"etm.portal.ui.managerequests.view.NewRequest","properties":{"src":{"regex":{"source":"add"}}}},"wdio_ui5_key":"etmportal.ui.managerequests.view.NewRequestsap.ui.core.Icon{\"src\":{\"regex\":{\"source\":\"add\"}}}"}]}
RESULT: undefined
COMMAND: POST /session/bd8f6f9489bd62a6508a75490a4bbe45/element - {"using":"xpath","value":"//*[@id=\"__xmlview1--btnAddTableRow-img\"]"}
RESULT: {"using":"xpath","value":"//*[@id=\"__xmlview1--btnAddTableRow-img\"]"}
COMMAND: POST /session/bd8f6f9489bd62a6508a75490a4bbe45/element/f.5D36BF6E7175A89251765FD96C6D3113.d.18A7DDD1D837F0277CD447FDE521E5B0.e.5112/click - {}
RESULT: {}
COMMAND: GET /session/bd8f6f9489bd62a6508a75490a4bbe45/screenshot - {}
RESULT: {}
COMMAND: POST /session/bd8f6f9489bd62a6508a75490a4bbe45/execute/async - {"script":"<script> [1562 bytes]","args":[{"selector":{"controlType":"sap.ui.unified.MenuItem","viewName":"etm.portal.ui.managerequests.view.NewRequest","i18NText":{"propertyName":"text","key":"standardEntry"},"searchOpenDialogs":true,"interaction":{"idSuffix":"txt"}},"wdio_ui5_key":"etmportal.ui.managerequests.view.NewRequestsap.ui.unified.MenuItem{\"propertyName\":\"text\",\"key\":\"standardEntry\"}"}]}
RESULT: {"script":"<script> [1562 bytes]","args":[{"selector":{"controlType":"sap.ui.unified.MenuItem","viewName":"etm.portal.ui.managerequests.view.NewRequest","i18NText":{"propertyName":"text","key":"standardEntry"},"searchOpenDialogs":true,"interaction":{"idSuffix":"txt"}},"wdio_ui5_key":"etmportal.ui.managerequests.view.NewRequestsap.ui.unified.MenuItem{\"propertyName\":\"text\",\"key\":\"standardEntry\"}"}]}
RESULT: undefined
COMMAND: POST /session/bd8f6f9489bd62a6508a75490a4bbe45/element - {"using":"xpath","value":"//*[@id=\"__item171\"]"}
RESULT: {"using":"xpath","value":"//*[@id=\"__item171\"]"}
COMMAND: POST /session/bd8f6f9489bd62a6508a75490a4bbe45/element/f.5D36BF6E7175A89251765FD96C6D3113.d.18A7DDD1D837F0277CD447FDE521E5B0.e.5116/click - {}
RESULT: {}
COMMAND: GET /session/bd8f6f9489bd62a6508a75490a4bbe45/screenshot - {}
RESULT: undefined
COMMAND: POST /session/bd8f6f9489bd62a6508a75490a4bbe45/element - {"using":"xpath","value":"//*[@id=\"__xmlview1--btnAddTableRow-img\"]"}
RESULT: {}
RESULT: {"using":"xpath","value":"//*[@id=\"__xmlview1--btnAddTableRow-img\"]"}
COMMAND: POST /session/bd8f6f9489bd62a6508a75490a4bbe45/element/f.5D36BF6E7175A89251765FD96C6D3113.d.18A7DDD1D837F0277CD447FDE521E5B0.e.5112/click - {}
RESULT: {}
COMMAND: GET /session/bd8f6f9489bd62a6508a75490a4bbe45/screenshot - {}
RESULT: {}
RESULT: undefined
COMMAND: POST /session/bd8f6f9489bd62a6508a75490a4bbe45/element - {"using":"xpath","value":"//*[@id=\"__item171\"]"}
RESULT: {"using":"xpath","value":"//*[@id=\"__item171\"]"}
COMMAND: POST /session/bd8f6f9489bd62a6508a75490a4bbe45/element/f.5D36BF6E7175A89251765FD96C6D3113.d.18A7DDD1D837F0277CD447FDE521E5B0.e.5131/click - {}
RESULT: {}
COMMAND: GET /session/bd8f6f9489bd62a6508a75490a4bbe45/screenshot - {}
RESULT: {}
COMMAND: POST /session/bd8f6f9489bd62a6508a75490a4bbe45/element - {"using":"xpath","value":"(//input[contains(@id ,\"requestItemsTable-0-inner\")])[5]"}
RESULT: {"using":"xpath","value":"(//input[contains(@id ,\"requestItemsTable-0-inner\")])[5]"}
COMMAND: POST /session/bd8f6f9489bd62a6508a75490a4bbe45/element/f.5D36BF6E7175A89251765FD96C6D3113.d.18A7DDD1D837F0277CD447FDE521E5B0.e.5122/clear - {}
RESULT: {}
COMMAND: POST /session/bd8f6f9489bd62a6508a75490a4bbe45/element/f.5D36BF6E7175A89251765FD96C6D3113.d.18A7DDD1D837F0277CD447FDE521E5B0.e.5122/value - {"text":"1000001"}
COMMAND: GET /session/bd8f6f9489bd62a6508a75490a4bbe45/screenshot - {}
RESULT: {"text":"1000001"}
COMMAND: GET /session/bd8f6f9489bd62a6508a75490a4bbe45/screenshot - {}
RESULT: {}
RESULT: {}
COMMAND: POST /session/bd8f6f9489bd62a6508a75490a4bbe45/actions - {"actions":[{"id":"action38","type":"key","parameters":{},"actions":[{"type":"keyDown","value":"î€‡"},{"type":"pause","duration":10},{"type":"keyUp","value":"î€‡"}]}]}
RESULT: {"actions":[{"id":"action38","type":"key","parameters":{},"actions":[{"type":"keyDown","value":"î€‡"},{"type":"pause","duration":10},{"type":"keyUp","value":"î€‡"}]}]}
COMMAND: POST /session/bd8f6f9489bd62a6508a75490a4bbe45/element - {"using":"xpath","value":"(//input[contains(@id ,\"requestItemsTable-1-inner\")])[5]"}
COMMAND: GET /session/bd8f6f9489bd62a6508a75490a4bbe45/screenshot - {}
RESULT: {"using":"xpath","value":"(//input[contains(@id ,\"requestItemsTable-1-inner\")])[5]"}
COMMAND: POST /session/bd8f6f9489bd62a6508a75490a4bbe45/element/f.5D36BF6E7175A89251765FD96C6D3113.d.18A7DDD1D837F0277CD447FDE521E5B0.e.5137/clear - {}
RESULT: {}
RESULT: {}
COMMAND: POST /session/bd8f6f9489bd62a6508a75490a4bbe45/element/f.5D36BF6E7175A89251765FD96C6D3113.d.18A7DDD1D837F0277CD447FDE521E5B0.e.5137/value - {"text":"200248"}
COMMAND: GET /session/bd8f6f9489bd62a6508a75490a4bbe45/screenshot - {}
RESULT: {"text":"200248"}
COMMAND: GET /session/bd8f6f9489bd62a6508a75490a4bbe45/screenshot - {}
RESULT: {}
RESULT: {}
COMMAND: POST /session/bd8f6f9489bd62a6508a75490a4bbe45/actions - {"actions":[{"id":"action39","type":"key","parameters":{},"actions":[{"type":"keyDown","value":"î€‡"},{"type":"pause","duration":10},{"type":"keyUp","value":"î€‡"}]}]}
RESULT: {"actions":[{"id":"action39","type":"key","parameters":{},"actions":[{"type":"keyDown","value":"î€‡"},{"type":"pause","duration":10},{"type":"keyUp","value":"î€‡"}]}]}
COMMAND: POST /session/bd8f6f9489bd62a6508a75490a4bbe45/element - {"using":"xpath","value":"//div[contains(@data-kt ,\"splitAllocationObjectStatus\")]"}
COMMAND: GET /session/bd8f6f9489bd62a6508a75490a4bbe45/screenshot - {}
RESULT: {"using":"xpath","value":"//div[contains(@data-kt ,\"splitAllocationObjectStatus\")]"}
COMMAND: POST /session/bd8f6f9489bd62a6508a75490a4bbe45/elements - {"using":"xpath","value":"//div[contains(@data-kt ,\"splitAllocationObjectStatus\")]"}
RESULT: {}
RESULT: {"using":"xpath","value":"//div[contains(@data-kt ,\"splitAllocationObjectStatus\")]"}
COMMAND: POST /session/bd8f6f9489bd62a6508a75490a4bbe45/execute/async - {"script":"<script> [1562 bytes]","args":[{"selector":{"controlType":"sap.ui.core.Icon","viewName":"etm.portal.ui.managerequests.view.NewRequest","properties":{"src":{"regex":{"source":"message\\-error"}}},"ancestor":{"controlType":"sap.m.ColumnListItem","viewName":"etm.portal.ui.managerequests.view.NewRequest","bindingPath":{"modelName":"newRequestItems","path":"/RequestItems/0"},"ancestor":{"id":"requestItemsTable","viewName":"etm.portal.ui.managerequests.view.NewRequest"}}},"wdio_ui5_key":"etmportal.ui.managerequests.view.NewRequestsap.ui.core.Icon{\"src\":{\"regex\":{\"source\":\"message\\\\-error\"}}}{\"controlType\":\"sap.m.ColumnListItem\",\"viewName\":\"etm.portal.ui.managerequests.view.NewRequest\",\"bindingPath\":{\"modelName\":\"newRequestItems\",\"path\":\"/RequestItems/0\"},\"ancestor\":{\"id\":\"requestItemsTable\",\"viewName\":\"etm.portal.ui.managerequests.view.NewRequest\"}}"}]}
RESULT: {"script":"<script> [1562 bytes]","args":[{"selector":{"controlType":"sap.ui.core.Icon","viewName":"etm.portal.ui.managerequests.view.NewRequest","properties":{"src":{"regex":{"source":"message\\-error"}}},"ancestor":{"controlType":"sap.m.ColumnListItem","viewName":"etm.portal.ui.managerequests.view.NewRequest","bindingPath":{"modelName":"newRequestItems","path":"/RequestItems/0"},"ancestor":{"id":"requestItemsTable","viewName":"etm.portal.ui.managerequests.view.NewRequest"}}},"wdio_ui5_key":"etmportal.ui.managerequests.view.NewRequestsap.ui.core.Icon{\"src\":{\"regex\":{\"source\":\"message\\\\-error\"}}}{\"controlType\":\"sap.m.ColumnListItem\",\"viewName\":\"etm.portal.ui.managerequests.view.NewRequest\",\"bindingPath\":{\"modelName\":\"newRequestItems\",\"path\":\"/RequestItems/0\"},\"ancestor\":{\"id\":\"requestItemsTable\",\"viewName\":\"etm.portal.ui.managerequests.view.NewRequest\"}}"}]}
RESULT: undefined
COMMAND: POST /session/bd8f6f9489bd62a6508a75490a4bbe45/element - {"using":"xpath","value":"//*[@id=\"__status4-__xmlview1--requestItemsTable-0-icon\"]"}
RESULT: {"using":"xpath","value":"//*[@id=\"__status4-__xmlview1--requestItemsTable-0-icon\"]"}
COMMAND: POST /session/bd8f6f9489bd62a6508a75490a4bbe45/element/f.5D36BF6E7175A89251765FD96C6D3113.d.18A7DDD1D837F0277CD447FDE521E5B0.e.5149/click - {}
RESULT: {}
COMMAND: GET /session/bd8f6f9489bd62a6508a75490a4bbe45/screenshot - {}
RESULT: {}
COMMAND: POST /session/bd8f6f9489bd62a6508a75490a4bbe45/execute/async - {"script":"<script> [1562 bytes]","args":[{"selector":{"id":"costObjectAdminTypeComboBox","viewName":"etm.portal.ui.managerequests.view.NewRequest","searchOpenDialogs":true,"interaction":{"idSuffix":"inner"}},"wdio_ui5_key":"costObjectAdminTypeComboBoxetmportal.ui.managerequests.view.NewRequest"}]}
RESULT: {"script":"<script> [1562 bytes]","args":[{"selector":{"id":"costObjectAdminTypeComboBox","viewName":"etm.portal.ui.managerequests.view.NewRequest","searchOpenDialogs":true,"interaction":{"idSuffix":"inner"}},"wdio_ui5_key":"costObjectAdminTypeComboBoxetmportal.ui.managerequests.view.NewRequest"}]}
RESULT: undefined
COMMAND: POST /session/bd8f6f9489bd62a6508a75490a4bbe45/execute/async - {"script":"<script> [776 bytes]","args":[{"enterText":"Cost Center","selector":{"id":"costObjectAdminTypeComboBox","viewName":"etm.portal.ui.managerequests.view.NewRequest","searchOpenDialogs":true,"interaction":{"idSuffix":"inner"}},"clearTextFirst":true,"interactionType":"ENTER_TEXT"}]}
RESULT: {"script":"<script> [776 bytes]","args":[{"enterText":"Cost Center","selector":{"id":"costObjectAdminTypeComboBox","viewName":"etm.portal.ui.managerequests.view.NewRequest","searchOpenDialogs":true,"interaction":{"idSuffix":"inner"}},"clearTextFirst":true,"interactionType":"ENTER_TEXT"}]}
COMMAND: POST /session/bd8f6f9489bd62a6508a75490a4bbe45/actions - {"actions":[{"id":"action40","type":"key","parameters":{},"actions":[{"type":"keyDown","value":"î€‡"},{"type":"pause","duration":10},{"type":"keyUp","value":"î€‡"}]}]}
RESULT: {"actions":[{"id":"action40","type":"key","parameters":{},"actions":[{"type":"keyDown","value":"î€‡"},{"type":"pause","duration":10},{"type":"keyUp","value":"î€‡"}]}]}
COMMAND: GET /session/bd8f6f9489bd62a6508a75490a4bbe45/screenshot - {}
RESULT: {}
COMMAND: POST /session/bd8f6f9489bd62a6508a75490a4bbe45/execute/async - {"script":"<script> [1562 bytes]","args":[{"selector":{"id":"costObjectIdComboBox","viewName":"etm.portal.ui.managerequests.view.NewRequest","searchOpenDialogs":true,"interaction":{"idSuffix":"inner"}},"wdio_ui5_key":"costObjectIdComboBoxetmportal.ui.managerequests.view.NewRequest"}]}
RESULT: {"script":"<script> [1562 bytes]","args":[{"selector":{"id":"costObjectIdComboBox","viewName":"etm.portal.ui.managerequests.view.NewRequest","searchOpenDialogs":true,"interaction":{"idSuffix":"inner"}},"wdio_ui5_key":"costObjectIdComboBoxetmportal.ui.managerequests.view.NewRequest"}]}
RESULT: undefined
COMMAND: POST /session/bd8f6f9489bd62a6508a75490a4bbe45/execute/async - {"script":"<script> [776 bytes]","args":[{"enterText":"1001 - 1001","selector":{"id":"costObjectIdComboBox","viewName":"etm.portal.ui.managerequests.view.NewRequest","searchOpenDialogs":true,"interaction":{"idSuffix":"inner"}},"clearTextFirst":true,"interactionType":"ENTER_TEXT"}]}
RESULT: {"script":"<script> [776 bytes]","args":[{"enterText":"1001 - 1001","selector":{"id":"costObjectIdComboBox","viewName":"etm.portal.ui.managerequests.view.NewRequest","searchOpenDialogs":true,"interaction":{"idSuffix":"inner"}},"clearTextFirst":true,"interactionType":"ENTER_TEXT"}]}
COMMAND: POST /session/bd8f6f9489bd62a6508a75490a4bbe45/actions - {"actions":[{"id":"action41","type":"key","parameters":{},"actions":[{"type":"keyDown","value":"î€‡"},{"type":"pause","duration":10},{"type":"keyUp","value":"î€‡"}]}]}
RESULT: {"actions":[{"id":"action41","type":"key","parameters":{},"actions":[{"type":"keyDown","value":"î€‡"},{"type":"pause","duration":10},{"type":"keyUp","value":"î€‡"}]}]}
COMMAND: GET /session/bd8f6f9489bd62a6508a75490a4bbe45/screenshot - {}
RESULT: {}
COMMAND: POST /session/bd8f6f9489bd62a6508a75490a4bbe45/element - {"using":"xpath","value":"(//bdi[(text() = 'Save' or . = 'Save')])[1]"}
RESULT: {"using":"xpath","value":"(//bdi[(text() = 'Save' or . = 'Save')])[1]"}
COMMAND: POST /session/bd8f6f9489bd62a6508a75490a4bbe45/element/f.5D36BF6E7175A89251765FD96C6D3113.d.18A7DDD1D837F0277CD447FDE521E5B0.e.5164/click - {}
RESULT: {}
COMMAND: POST /session/bd8f6f9489bd62a6508a75490a4bbe45/execute/async - {"script":"<script> [1562 bytes]","args":[{"selector":{"controlType":"sap.ui.core.Icon","viewName":"etm.portal.ui.managerequests.view.NewRequest","properties":{"src":{"regex":{"source":"message\\-error"}}},"ancestor":{"controlType":"sap.m.ColumnListItem","viewName":"etm.portal.ui.managerequests.view.NewRequest","bindingPath":{"modelName":"newRequestItems","path":"/RequestItems/1"},"ancestor":{"id":"requestItemsTable","viewName":"etm.portal.ui.managerequests.view.NewRequest"}}},"wdio_ui5_key":"etmportal.ui.managerequests.view.NewRequestsap.ui.core.Icon{\"src\":{\"regex\":{\"source\":\"message\\\\-error\"}}}{\"controlType\":\"sap.m.ColumnListItem\",\"viewName\":\"etm.portal.ui.managerequests.view.NewRequest\",\"bindingPath\":{\"modelName\":\"newRequestItems\",\"path\":\"/RequestItems/1\"},\"ancestor\":{\"id\":\"requestItemsTable\",\"viewName\":\"etm.portal.ui.managerequests.view.NewRequest\"}}"}]}
COMMAND: GET /session/bd8f6f9489bd62a6508a75490a4bbe45/screenshot - {}
RESULT: {"script":"<script> [1562 bytes]","args":[{"selector":{"controlType":"sap.ui.core.Icon","viewName":"etm.portal.ui.managerequests.view.NewRequest","properties":{"src":{"regex":{"source":"message\\-error"}}},"ancestor":{"controlType":"sap.m.ColumnListItem","viewName":"etm.portal.ui.managerequests.view.NewRequest","bindingPath":{"modelName":"newRequestItems","path":"/RequestItems/1"},"ancestor":{"id":"requestItemsTable","viewName":"etm.portal.ui.managerequests.view.NewRequest"}}},"wdio_ui5_key":"etmportal.ui.managerequests.view.NewRequestsap.ui.core.Icon{\"src\":{\"regex\":{\"source\":\"message\\\\-error\"}}}{\"controlType\":\"sap.m.ColumnListItem\",\"viewName\":\"etm.portal.ui.managerequests.view.NewRequest\",\"bindingPath\":{\"modelName\":\"newRequestItems\",\"path\":\"/RequestItems/1\"},\"ancestor\":{\"id\":\"requestItemsTable\",\"viewName\":\"etm.portal.ui.managerequests.view.NewRequest\"}}"}]}
RESULT: undefined
COMMAND: POST /session/bd8f6f9489bd62a6508a75490a4bbe45/element - {"using":"xpath","value":"//*[@id=\"__status4-__xmlview1--requestItemsTable-1-icon\"]"}
RESULT: {}
RESULT: {"using":"xpath","value":"//*[@id=\"__status4-__xmlview1--requestItemsTable-1-icon\"]"}
COMMAND: POST /session/bd8f6f9489bd62a6508a75490a4bbe45/element/f.5D36BF6E7175A89251765FD96C6D3113.d.18A7DDD1D837F0277CD447FDE521E5B0.e.5167/click - {}
RESULT: {}
COMMAND: GET /session/bd8f6f9489bd62a6508a75490a4bbe45/screenshot - {}
RESULT: {}
RESULT: undefined
COMMAND: POST /session/bd8f6f9489bd62a6508a75490a4bbe45/execute/async - {"script":"<script> [776 bytes]","args":[{"enterText":"Cost Center","selector":{"id":"costObjectAdminTypeComboBox","viewName":"etm.portal.ui.managerequests.view.NewRequest","searchOpenDialogs":true,"interaction":{"idSuffix":"inner"}},"clearTextFirst":true,"interactionType":"ENTER_TEXT"}]}
RESULT: {"script":"<script> [776 bytes]","args":[{"enterText":"Cost Center","selector":{"id":"costObjectAdminTypeComboBox","viewName":"etm.portal.ui.managerequests.view.NewRequest","searchOpenDialogs":true,"interaction":{"idSuffix":"inner"}},"clearTextFirst":true,"interactionType":"ENTER_TEXT"}]}
COMMAND: POST /session/bd8f6f9489bd62a6508a75490a4bbe45/actions - {"actions":[{"id":"action42","type":"key","parameters":{},"actions":[{"type":"keyDown","value":"î€‡"},{"type":"pause","duration":10},{"type":"keyUp","value":"î€‡"}]}]}
RESULT: {"actions":[{"id":"action42","type":"key","parameters":{},"actions":[{"type":"keyDown","value":"î€‡"},{"type":"pause","duration":10},{"type":"keyUp","value":"î€‡"}]}]}
COMMAND: GET /session/bd8f6f9489bd62a6508a75490a4bbe45/screenshot - {}
RESULT: {}
RESULT: undefined
COMMAND: POST /session/bd8f6f9489bd62a6508a75490a4bbe45/execute/async - {"script":"<script> [776 bytes]","args":[{"enterText":"1001 - 1001","selector":{"id":"costObjectIdComboBox","viewName":"etm.portal.ui.managerequests.view.NewRequest","searchOpenDialogs":true,"interaction":{"idSuffix":"inner"}},"clearTextFirst":true,"interactionType":"ENTER_TEXT"}]}
RESULT: {"script":"<script> [776 bytes]","args":[{"enterText":"1001 - 1001","selector":{"id":"costObjectIdComboBox","viewName":"etm.portal.ui.managerequests.view.NewRequest","searchOpenDialogs":true,"interaction":{"idSuffix":"inner"}},"clearTextFirst":true,"interactionType":"ENTER_TEXT"}]}
COMMAND: POST /session/bd8f6f9489bd62a6508a75490a4bbe45/actions - {"actions":[{"id":"action43","type":"key","parameters":{},"actions":[{"type":"keyDown","value":"î€‡"},{"type":"pause","duration":10},{"type":"keyUp","value":"î€‡"}]}]}
RESULT: {"actions":[{"id":"action43","type":"key","parameters":{},"actions":[{"type":"keyDown","value":"î€‡"},{"type":"pause","duration":10},{"type":"keyUp","value":"î€‡"}]}]}
COMMAND: GET /session/bd8f6f9489bd62a6508a75490a4bbe45/screenshot - {}
RESULT: {}
COMMAND: POST /session/bd8f6f9489bd62a6508a75490a4bbe45/element - {"using":"xpath","value":"(//bdi[(text() = 'Save' or . = 'Save')])[1]"}
RESULT: {"using":"xpath","value":"(//bdi[(text() = 'Save' or . = 'Save')])[1]"}
COMMAND: POST /session/bd8f6f9489bd62a6508a75490a4bbe45/element/f.5D36BF6E7175A89251765FD96C6D3113.d.18A7DDD1D837F0277CD447FDE521E5B0.e.5179/click - {}
RESULT: {}
COMMAND: GET /session/bd8f6f9489bd62a6508a75490a4bbe45/screenshot - {}
RESULT: {}
COMMAND: POST /session/bd8f6f9489bd62a6508a75490a4bbe45/execute/async - {"script":"<script> [1562 bytes]","args":[{"selector":{"controlType":"sap.m.Button","viewName":"etm.portal.ui.managerequests.view.NewRequest","bindingPath":{"path":"/RequestItems/0","propertyPath":"PICK_UP","modelName":"newRequestItems"},"interaction":{"idSuffix":"BDI-content"}},"wdio_ui5_key":"etmportal.ui.managerequests.view.NewRequestsap.m.Button{\"path\":\"/RequestItems/0\",\"propertyPath\":\"PICK_UP\",\"modelName\":\"newRequestItems\"}"}]}
RESULT: {"script":"<script> [1562 bytes]","args":[{"selector":{"controlType":"sap.m.Button","viewName":"etm.portal.ui.managerequests.view.NewRequest","bindingPath":{"path":"/RequestItems/0","propertyPath":"PICK_UP","modelName":"newRequestItems"},"interaction":{"idSuffix":"BDI-content"}},"wdio_ui5_key":"etmportal.ui.managerequests.view.NewRequestsap.m.Button{\"path\":\"/RequestItems/0\",\"propertyPath\":\"PICK_UP\",\"modelName\":\"newRequestItems\"}"}]}
RESULT: undefined
COMMAND: POST /session/bd8f6f9489bd62a6508a75490a4bbe45/element - {"using":"xpath","value":"//*[@id=\"__xmlview1--pickUpItemButton-__xmlview1--requestItemsTable-0\"]"}
RESULT: {"using":"xpath","value":"//*[@id=\"__xmlview1--pickUpItemButton-__xmlview1--requestItemsTable-0\"]"}
COMMAND: POST /session/bd8f6f9489bd62a6508a75490a4bbe45/element/f.5D36BF6E7175A89251765FD96C6D3113.d.18A7DDD1D837F0277CD447FDE521E5B0.e.5183/click - {}
RESULT: {}
COMMAND: GET /session/bd8f6f9489bd62a6508a75490a4bbe45/screenshot - {}
RESULT: {}
COMMAND: POST /session/bd8f6f9489bd62a6508a75490a4bbe45/execute/async - {"script":"<script> [1562 bytes]","args":[{"selector":{"controlType":"sap.m.Button","viewName":"etm.portal.ui.managerequests.view.NewRequest","properties":{"text":"Save"},"i18NText":{"propertyName":"tooltip","key":"save"},"interaction":{"idSuffix":"BDI-content"}},"wdio_ui5_key":"etmportal.ui.managerequests.view.NewRequestsap.m.Button{\"propertyName\":\"tooltip\",\"key\":\"save\"}{\"text\":\"Save\"}"}]}
RESULT: {"script":"<script> [1562 bytes]","args":[{"selector":{"controlType":"sap.m.Button","viewName":"etm.portal.ui.managerequests.view.NewRequest","properties":{"text":"Save"},"i18NText":{"propertyName":"tooltip","key":"save"},"interaction":{"idSuffix":"BDI-content"}},"wdio_ui5_key":"etmportal.ui.managerequests.view.NewRequestsap.m.Button{\"propertyName\":\"tooltip\",\"key\":\"save\"}{\"text\":\"Save\"}"}]}
RESULT: undefined
COMMAND: POST /session/bd8f6f9489bd62a6508a75490a4bbe45/element - {"using":"xpath","value":"//*[@id=\"__button11\"]"}
RESULT: {"using":"xpath","value":"//*[@id=\"__button11\"]"}
COMMAND: POST /session/bd8f6f9489bd62a6508a75490a4bbe45/element/f.5D36BF6E7175A89251765FD96C6D3113.d.18A7DDD1D837F0277CD447FDE521E5B0.e.4990/click - {}
RESULT: {}
COMMAND: GET /session/bd8f6f9489bd62a6508a75490a4bbe45/screenshot - {}
RESULT: {}
COMMAND: POST /session/bd8f6f9489bd62a6508a75490a4bbe45/execute/async - {"script":"<script> [1562 bytes]","args":[{"selector":{"controlType":"sap.m.Text","searchOpenDialogs":true},"wdio_ui5_key":"sapm.Text"}]}
RESULT: {"script":"<script> [1562 bytes]","args":[{"selector":{"controlType":"sap.m.Text","searchOpenDialogs":true},"wdio_ui5_key":"sapm.Text"}]}
RESULT: undefined
COMMAND: POST /session/bd8f6f9489bd62a6508a75490a4bbe45/execute/async - {"script":"<script> [6424 bytes]","args":[{"element-6066-11e4-a52e-4f735466cecf":"f.5D36BF6E7175A89251765FD96C6D3113.d.18A7DDD1D837F0277CD447FDE521E5B0.e.5186"},"getText",[]]}
RESULT: {"script":"<script> [6424 bytes]","args":[{"element-6066-11e4-a52e-4f735466cecf":"f.5D36BF6E7175A89251765FD96C6D3113.d.18A7DDD1D837F0277CD447FDE521E5B0.e.5186"},"getText",[]]}
COMMAND: POST /session/bd8f6f9489bd62a6508a75490a4bbe45/execute/async - {"script":"<script> [1562 bytes]","args":[{"selector":{"controlType":"sap.m.Button","properties":{"text":"Close"},"searchOpenDialogs":true,"interaction":{"idSuffix":"BDI-content"}},"wdio_ui5_key":"sapm.Button{\"text\":\"Close\"}"}]}
RESULT: {"script":"<script> [1562 bytes]","args":[{"selector":{"controlType":"sap.m.Button","properties":{"text":"Close"},"searchOpenDialogs":true,"interaction":{"idSuffix":"BDI-content"}},"wdio_ui5_key":"sapm.Button{\"text\":\"Close\"}"}]}
RESULT: undefined
COMMAND: POST /session/bd8f6f9489bd62a6508a75490a4bbe45/element - {"using":"xpath","value":"//*[@id=\"__mbox-btn-0\"]"}
RESULT: {"using":"xpath","value":"//*[@id=\"__mbox-btn-0\"]"}
COMMAND: POST /session/bd8f6f9489bd62a6508a75490a4bbe45/element/f.5D36BF6E7175A89251765FD96C6D3113.d.18A7DDD1D837F0277CD447FDE521E5B0.e.5185/click - {}
RESULT: {}
COMMAND: GET /session/bd8f6f9489bd62a6508a75490a4bbe45/screenshot - {}
RESULT: {}
COMMAND: POST /session/bd8f6f9489bd62a6508a75490a4bbe45/execute/async - {"script":"<script> [1562 bytes]","args":[{"selector":{"controlType":"sap.m.Button","viewName":"etm.portal.ui.managerequests.view.Detail","bindingPath":{"path":"/SmartRequestItemsPlanningBoard(ITEM=10m,REQUEST='20140')","propertyPath":"PICK_UP"}},"wdio_ui5_key":"etmportal.ui.managerequests.view.Detailsap.m.Button{\"path\":\"/SmartRequestItemsPlanningBoard(ITEM=10m,REQUEST='20140')\",\"propertyPath\":\"PICK_UP\"}"}]}
RESULT: {"script":"<script> [1562 bytes]","args":[{"selector":{"controlType":"sap.m.Button","viewName":"etm.portal.ui.managerequests.view.Detail","bindingPath":{"path":"/SmartRequestItemsPlanningBoard(ITEM=10m,REQUEST='20140')","propertyPath":"PICK_UP"}},"wdio_ui5_key":"etmportal.ui.managerequests.view.Detailsap.m.Button{\"path\":\"/SmartRequestItemsPlanningBoard(ITEM=10m,REQUEST='20140')\",\"propertyPath\":\"PICK_UP\"}"}]}
RESULT: undefined
COMMAND: POST /session/bd8f6f9489bd62a6508a75490a4bbe45/execute/async - {"script":"<script> [6424 bytes]","args":[{"element-6066-11e4-a52e-4f735466cecf":"f.5D36BF6E7175A89251765FD96C6D3113.d.18A7DDD1D837F0277CD447FDE521E5B0.e.5296"},"getType",[]]}
RESULT: {"script":"<script> [6424 bytes]","args":[{"element-6066-11e4-a52e-4f735466cecf":"f.5D36BF6E7175A89251765FD96C6D3113.d.18A7DDD1D837F0277CD447FDE521E5B0.e.5296"},"getType",[]]}
COMMAND: POST /session/bd8f6f9489bd62a6508a75490a4bbe45/execute/async - {"script":"<script> [1562 bytes]","args":[{"selector":{"controlType":"sap.m.Button","viewName":"etm.portal.ui.managerequests.view.Detail","bindingPath":{"path":"/SmartRequestItemsPlanningBoard(ITEM=20m,REQUEST='20140')","propertyPath":"PICK_UP"}},"wdio_ui5_key":"etmportal.ui.managerequests.view.Detailsap.m.Button{\"path\":\"/SmartRequestItemsPlanningBoard(ITEM=20m,REQUEST='20140')\",\"propertyPath\":\"PICK_UP\"}"}]}
RESULT: {"script":"<script> [1562 bytes]","args":[{"selector":{"controlType":"sap.m.Button","viewName":"etm.portal.ui.managerequests.view.Detail","bindingPath":{"path":"/SmartRequestItemsPlanningBoard(ITEM=20m,REQUEST='20140')","propertyPath":"PICK_UP"}},"wdio_ui5_key":"etmportal.ui.managerequests.view.Detailsap.m.Button{\"path\":\"/SmartRequestItemsPlanningBoard(ITEM=20m,REQUEST='20140')\",\"propertyPath\":\"PICK_UP\"}"}]}
RESULT: undefined
COMMAND: POST /session/bd8f6f9489bd62a6508a75490a4bbe45/execute/async - {"script":"<script> [6424 bytes]","args":[{"element-6066-11e4-a52e-4f735466cecf":"f.5D36BF6E7175A89251765FD96C6D3113.d.18A7DDD1D837F0277CD447FDE521E5B0.e.5325"},"getType",[]]}
RESULT: {"script":"<script> [6424 bytes]","args":[{"element-6066-11e4-a52e-4f735466cecf":"f.5D36BF6E7175A89251765FD96C6D3113.d.18A7DDD1D837F0277CD447FDE521E5B0.e.5325"},"getType",[]]}
COMMAND: POST /session/bd8f6f9489bd62a6508a75490a4bbe45/execute/async - {"script":"<script> [1562 bytes]","args":[{"selector":{"id":"pickUpSwitchHeader","viewName":"etm.portal.ui.managerequests.view.Detail","interaction":{"idSuffix":"handle"}},"wdio_ui5_key":"pickUpSwitchHeaderetmportal.ui.managerequests.view.Detail"}]}
RESULT: {"script":"<script> [1562 bytes]","args":[{"selector":{"id":"pickUpSwitchHeader","viewName":"etm.portal.ui.managerequests.view.Detail","interaction":{"idSuffix":"handle"}},"wdio_ui5_key":"pickUpSwitchHeaderetmportal.ui.managerequests.view.Detail"}]}
RESULT: undefined
COMMAND: POST /session/bd8f6f9489bd62a6508a75490a4bbe45/element - {"using":"xpath","value":"//*[@id=\"__xmlview2--pickUpSwitchHeader\"]"}
RESULT: {"using":"xpath","value":"//*[@id=\"__xmlview2--pickUpSwitchHeader\"]"}
COMMAND: POST /session/bd8f6f9489bd62a6508a75490a4bbe45/element/f.5D36BF6E7175A89251765FD96C6D3113.d.18A7DDD1D837F0277CD447FDE521E5B0.e.5264/click - {}
RESULT: {}
COMMAND: POST /session/bd8f6f9489bd62a6508a75490a4bbe45/execute/async - {"script":"<script> [1562 bytes]","args":[{"selector":{"controlType":"sap.ui.core.Icon","viewName":"etm.portal.ui.managerequests.view.Detail","properties":{"src":{"regex":{"source":"pushpin\\-off"}}}},"wdio_ui5_key":"etmportal.ui.managerequests.view.Detailsap.ui.core.Icon{\"src\":{\"regex\":{\"source\":\"pushpin\\\\-off\"}}}"}]}
COMMAND: GET /session/bd8f6f9489bd62a6508a75490a4bbe45/screenshot - {}
RESULT: {"script":"<script> [1562 bytes]","args":[{"selector":{"controlType":"sap.ui.core.Icon","viewName":"etm.portal.ui.managerequests.view.Detail","properties":{"src":{"regex":{"source":"pushpin\\-off"}}}},"wdio_ui5_key":"etmportal.ui.managerequests.view.Detailsap.ui.core.Icon{\"src\":{\"regex\":{\"source\":\"pushpin\\\\-off\"}}}"}]}
RESULT: undefined
COMMAND: POST /session/bd8f6f9489bd62a6508a75490a4bbe45/element - {"using":"xpath","value":"//*[@id=\"__xmlview2--detailRequestPage-OPHeaderContent-pinBtn-img\"]"}
RESULT: {}
RESULT: {"using":"xpath","value":"//*[@id=\"__xmlview2--detailRequestPage-OPHeaderContent-pinBtn-img\"]"}
COMMAND: POST /session/bd8f6f9489bd62a6508a75490a4bbe45/element/f.5D36BF6E7175A89251765FD96C6D3113.d.18A7DDD1D837F0277CD447FDE521E5B0.e.5272/click - {}
RESULT: {}
RESULT: undefined
COMMAND: POST /session/bd8f6f9489bd62a6508a75490a4bbe45/execute/async - {"script":"<script> [6424 bytes]","args":[{"element-6066-11e4-a52e-4f735466cecf":"f.5D36BF6E7175A89251765FD96C6D3113.d.18A7DDD1D837F0277CD447FDE521E5B0.e.5296"},"getType",[]]}
COMMAND: GET /session/bd8f6f9489bd62a6508a75490a4bbe45/screenshot - {}
RESULT: {"script":"<script> [6424 bytes]","args":[{"element-6066-11e4-a52e-4f735466cecf":"f.5D36BF6E7175A89251765FD96C6D3113.d.18A7DDD1D837F0277CD447FDE521E5B0.e.5296"},"getType",[]]}
RESULT: undefined
COMMAND: POST /session/bd8f6f9489bd62a6508a75490a4bbe45/execute/async - {"script":"<script> [6424 bytes]","args":[{"element-6066-11e4-a52e-4f735466cecf":"f.5D36BF6E7175A89251765FD96C6D3113.d.18A7DDD1D837F0277CD447FDE521E5B0.e.5325"},"getType",[]]}
RESULT: {}
RESULT: {"script":"<script> [6424 bytes]","args":[{"element-6066-11e4-a52e-4f735466cecf":"f.5D36BF6E7175A89251765FD96C6D3113.d.18A7DDD1D837F0277CD447FDE521E5B0.e.5325"},"getType",[]]}
COMMAND: POST /session/bd8f6f9489bd62a6508a75490a4bbe45/execute/async - {"script":"<script> [1562 bytes]","args":[{"selector":{"controlType":"sap.ui.core.Icon","viewName":"etm.portal.ui.managerequests.view.Detail","properties":{"src":{"regex":{"source":"date\\-time"}}},"ancestor":{"controlType":"sap.m.ColumnListItem","viewName":"etm.portal.ui.managerequests.view.Detail","bindingPath":{"path":"/SmartRequestItemsPlanningBoard(ITEM=10m,REQUEST='20140')"},"ancestor":{"id":"requestItemsTable","viewName":"etm.portal.ui.managerequests.view.Detail"}}},"wdio_ui5_key":"etmportal.ui.managerequests.view.Detailsap.ui.core.Icon{\"src\":{\"regex\":{\"source\":\"date\\\\-time\"}}}{\"controlType\":\"sap.m.ColumnListItem\",\"viewName\":\"etm.portal.ui.managerequests.view.Detail\",\"bindingPath\":{\"path\":\"/SmartRequestItemsPlanningBoard(ITEM=10m,REQUEST='20140')\"},\"ancestor\":{\"id\":\"requestItemsTable\",\"viewName\":\"etm.portal.ui.managerequests.view.Detail\"}}"}]}
RESULT: {"script":"<script> [1562 bytes]","args":[{"selector":{"controlType":"sap.ui.core.Icon","viewName":"etm.portal.ui.managerequests.view.Detail","properties":{"src":{"regex":{"source":"date\\-time"}}},"ancestor":{"controlType":"sap.m.ColumnListItem","viewName":"etm.portal.ui.managerequests.view.Detail","bindingPath":{"path":"/SmartRequestItemsPlanningBoard(ITEM=10m,REQUEST='20140')"},"ancestor":{"id":"requestItemsTable","viewName":"etm.portal.ui.managerequests.view.Detail"}}},"wdio_ui5_key":"etmportal.ui.managerequests.view.Detailsap.ui.core.Icon{\"src\":{\"regex\":{\"source\":\"date\\\\-time\"}}}{\"controlType\":\"sap.m.ColumnListItem\",\"viewName\":\"etm.portal.ui.managerequests.view.Detail\",\"bindingPath\":{\"path\":\"/SmartRequestItemsPlanningBoard(ITEM=10m,REQUEST='20140')\"},\"ancestor\":{\"id\":\"requestItemsTable\",\"viewName\":\"etm.portal.ui.managerequests.view.Detail\"}}"}]}
RESULT: undefined
COMMAND: POST /session/bd8f6f9489bd62a6508a75490a4bbe45/element - {"using":"xpath","value":"//*[@id=\"__button37-__clone1825-img\"]"}
RESULT: {"using":"xpath","value":"//*[@id=\"__button37-__clone1825-img\"]"}
COMMAND: POST /session/bd8f6f9489bd62a6508a75490a4bbe45/element/f.5D36BF6E7175A89251765FD96C6D3113.d.18A7DDD1D837F0277CD447FDE521E5B0.e.5333/click - {}
RESULT: {}
COMMAND: POST /session/bd8f6f9489bd62a6508a75490a4bbe45/execute/async - {"script":"<script> [1562 bytes]","args":[{"selector":{"controlType":"sap.m.Button","viewName":"etm.portal.ui.managerequests.view.Detail","properties":{"text":"Close"},"searchOpenDialogs":true,"interaction":{"idSuffix":"inner"}},"wdio_ui5_key":"etmportal.ui.managerequests.view.Detailsap.m.Button{\"text\":\"Close\"}"}]}
COMMAND: GET /session/bd8f6f9489bd62a6508a75490a4bbe45/screenshot - {}
RESULT: {"script":"<script> [1562 bytes]","args":[{"selector":{"controlType":"sap.m.Button","viewName":"etm.portal.ui.managerequests.view.Detail","properties":{"text":"Close"},"searchOpenDialogs":true,"interaction":{"idSuffix":"inner"}},"wdio_ui5_key":"etmportal.ui.managerequests.view.Detailsap.m.Button{\"text\":\"Close\"}"}]}
RESULT: undefined
COMMAND: POST /session/bd8f6f9489bd62a6508a75490a4bbe45/element - {"using":"xpath","value":"//*[@id=\"__button45\"]"}
RESULT: {}
RESULT: {"using":"xpath","value":"//*[@id=\"__button45\"]"}
COMMAND: POST /session/bd8f6f9489bd62a6508a75490a4bbe45/element/f.5D36BF6E7175A89251765FD96C6D3113.d.18A7DDD1D837F0277CD447FDE521E5B0.e.5335/click - {}
RESULT: {}
COMMAND: POST /session/bd8f6f9489bd62a6508a75490a4bbe45/execute/async - {"script":"<script> [1562 bytes]","args":[{"selector":{"controlType":"sap.ui.core.Icon","viewName":"etm.portal.ui.managerequests.view.Detail","properties":{"src":{"regex":{"source":"date\\-time"}}},"ancestor":{"controlType":"sap.m.ColumnListItem","viewName":"etm.portal.ui.managerequests.view.Detail","bindingPath":{"path":"/SmartRequestItemsPlanningBoard(ITEM=20m,REQUEST='20140')"},"ancestor":{"id":"requestItemsTable","viewName":"etm.portal.ui.managerequests.view.Detail"}}},"wdio_ui5_key":"etmportal.ui.managerequests.view.Detailsap.ui.core.Icon{\"src\":{\"regex\":{\"source\":\"date\\\\-time\"}}}{\"controlType\":\"sap.m.ColumnListItem\",\"viewName\":\"etm.portal.ui.managerequests.view.Detail\",\"bindingPath\":{\"path\":\"/SmartRequestItemsPlanningBoard(ITEM=20m,REQUEST='20140')\"},\"ancestor\":{\"id\":\"requestItemsTable\",\"viewName\":\"etm.portal.ui.managerequests.view.Detail\"}}"}]}
COMMAND: GET /session/bd8f6f9489bd62a6508a75490a4bbe45/screenshot - {}
RESULT: {"script":"<script> [1562 bytes]","args":[{"selector":{"controlType":"sap.ui.core.Icon","viewName":"etm.portal.ui.managerequests.view.Detail","properties":{"src":{"regex":{"source":"date\\-time"}}},"ancestor":{"controlType":"sap.m.ColumnListItem","viewName":"etm.portal.ui.managerequests.view.Detail","bindingPath":{"path":"/SmartRequestItemsPlanningBoard(ITEM=20m,REQUEST='20140')"},"ancestor":{"id":"requestItemsTable","viewName":"etm.portal.ui.managerequests.view.Detail"}}},"wdio_ui5_key":"etmportal.ui.managerequests.view.Detailsap.ui.core.Icon{\"src\":{\"regex\":{\"source\":\"date\\\\-time\"}}}{\"controlType\":\"sap.m.ColumnListItem\",\"viewName\":\"etm.portal.ui.managerequests.view.Detail\",\"bindingPath\":{\"path\":\"/SmartRequestItemsPlanningBoard(ITEM=20m,REQUEST='20140')\"},\"ancestor\":{\"id\":\"requestItemsTable\",\"viewName\":\"etm.portal.ui.managerequests.view.Detail\"}}"}]}
RESULT: undefined
COMMAND: POST /session/bd8f6f9489bd62a6508a75490a4bbe45/element - {"using":"xpath","value":"//*[@id=\"__button37-__clone1826-img\"]"}
RESULT: {}
RESULT: {"using":"xpath","value":"//*[@id=\"__button37-__clone1826-img\"]"}
COMMAND: POST /session/bd8f6f9489bd62a6508a75490a4bbe45/element/f.5D36BF6E7175A89251765FD96C6D3113.d.18A7DDD1D837F0277CD447FDE521E5B0.e.5342/click - {}
RESULT: {}
RESULT: undefined
COMMAND: POST /session/bd8f6f9489bd62a6508a75490a4bbe45/element - {"using":"xpath","value":"//*[@id=\"__button45\"]"}
COMMAND: GET /session/bd8f6f9489bd62a6508a75490a4bbe45/screenshot - {}
RESULT: {"using":"xpath","value":"//*[@id=\"__button45\"]"}
COMMAND: POST /session/bd8f6f9489bd62a6508a75490a4bbe45/elements - {"using":"xpath","value":"//*[@id=\"__button45\"]"}
RESULT: {}
RESULT: {"using":"xpath","value":"//*[@id=\"__button45\"]"}
COMMAND: POST /session/bd8f6f9489bd62a6508a75490a4bbe45/element - {"using":"xpath","value":"//*[@id=\"__button45\"]"}
RESULT: {"using":"xpath","value":"//*[@id=\"__button45\"]"}
COMMAND: POST /session/bd8f6f9489bd62a6508a75490a4bbe45/element/f.5D36BF6E7175A89251765FD96C6D3113.d.18A7DDD1D837F0277CD447FDE521E5B0.e.5349/click - {}
RESULT: {}
COMMAND: POST /session/bd8f6f9489bd62a6508a75490a4bbe45/execute/async - {"script":"<script> [189 bytes]","args":[]}
COMMAND: GET /session/bd8f6f9489bd62a6508a75490a4bbe45/screenshot - {}
RESULT: {"script":"<script> [189 bytes]","args":[]}
COMMAND: POST /session/bd8f6f9489bd62a6508a75490a4bbe45/execute/async - {"script":"<script> [123 bytes]","args":[]}
RESULT: {}
RESULT: {"script":"<script> [123 bytes]","args":[]}
COMMAND: POST /session/bd8f6f9489bd62a6508a75490a4bbe45/timeouts - {"script":"<number>"}
RESULT: {"script":"<number>"}
COMMAND: GET /session/bd8f6f9489bd62a6508a75490a4bbe45/timeouts - {}
RESULT: {}
RESULT: undefined
COMMAND: POST /session/bd8f6f9489bd62a6508a75490a4bbe45/execute/async - {"script":"<script> [2676 bytes]","args":[]}
RESULT: {"script":"<script> [2676 bytes]","args":[]}
COMMAND: POST /session/bd8f6f9489bd62a6508a75490a4bbe45/execute/async - {"script":"<script> [2342 bytes]","args":[{"protocol":"http","hostname":"0.0.0.0","path":"/","capabilities":{"browserName":"chrome","goog:chromeOptions":{"binary":"C:\\Program Files\\Google\\Chrome\\Application\\chrome.exe","args":["--start-maximized"]}},"logLevel":"warn","connectionRetryTimeout":120000,"connectionRetryCount":3,"logLevels":{},"enableDirectConnect":true,"strictSSL":true,"_":"65 more keys: [\"cacheDir\",\"port\",\"requestedCapabilities\",\"automationProtocol\",\"baseUrl\",\"waitforInterval\",\"waitforTimeout\",\"onReload\",\"beforeCommand\",\"afterCommand\",\"rootDir\",\"specs\",\"suites\",\"exclude\",\"groupLogsByTestSpec\",\"excludeDriverLogs\",\"bail\",\"framework\",\"reporters\",\"services\",\"maxInstances\",\"maxInstancesPerCapability\",\"injectGlobals\",\"filesToWatch\",\"execArgv\",\"runnerEnv\",\"runner\",\"shard\",\"specFileRetries\",\"specFileRetriesDelay\",\"specFileRetriesDeferred\",\"reporterSyncInterval\",\"reporterSyncTimeout\",\"cucumberFeaturesWithLineNumbers\",\"autoCompileOpts\",\"mochaOpts\",\"jasmineOpts\",\"cucumberOpts\",\"onPrepare\",\"onWorkerStart\",\"onWorkerEnd\",\"before\",\"beforeSession\",\"beforeSuite\",\"beforeHook\",\"beforeTest\",\"afterTest\",\"afterHook\",\"afterSuite\",\"afterSession\",\"after\",\"onComplete\",\"beforeAssertion\",\"afterAssertion\",\"beforeFeature\",\"beforeScenario\",\"beforeStep\",\"afterStep\",\"afterScenario\",\"afterFeature\",\"_\",\"suite\",\"$0\",\"ignoredWorkerServices\",\"wdi5\"]"}]}
RESULT: {"script":"<script> [2342 bytes]","args":[{"protocol":"http","hostname":"0.0.0.0","path":"/","capabilities":{"browserName":"chrome","goog:chromeOptions":{"binary":"C:\\Program Files\\Google\\Chrome\\Application\\chrome.exe","args":["--start-maximized"]}},"logLevel":"warn","connectionRetryTimeout":120000,"connectionRetryCount":3,"logLevels":{},"enableDirectConnect":true,"strictSSL":true,"_":"65 more keys: [\"cacheDir\",\"port\",\"requestedCapabilities\",\"automationProtocol\",\"baseUrl\",\"waitforInterval\",\"waitforTimeout\",\"onReload\",\"beforeCommand\",\"afterCommand\",\"rootDir\",\"specs\",\"suites\",\"exclude\",\"groupLogsByTestSpec\",\"excludeDriverLogs\",\"bail\",\"framework\",\"reporters\",\"services\",\"maxInstances\",\"maxInstancesPerCapability\",\"injectGlobals\",\"filesToWatch\",\"execArgv\",\"runnerEnv\",\"runner\",\"shard\",\"specFileRetries\",\"specFileRetriesDelay\",\"specFileRetriesDeferred\",\"reporterSyncInterval\",\"reporterSyncTimeout\",\"cucumberFeaturesWithLineNumbers\",\"autoCompileOpts\",\"mochaOpts\",\"jasmineOpts\",\"cucumberOpts\",\"onPrepare\",\"onWorkerStart\",\"onWorkerEnd\",\"before\",\"beforeSession\",\"beforeSuite\",\"beforeHook\",\"beforeTest\",\"afterTest\",\"afterHook\",\"afterSuite\",\"afterSession\",\"after\",\"onComplete\",\"beforeAssertion\",\"afterAssertion\",\"beforeFeature\",\"beforeScenario\",\"beforeStep\",\"afterStep\",\"afterScenario\",\"afterFeature\",\"_\",\"suite\",\"$0\",\"ignoredWorkerServices\",\"wdi5\"]"}]}
COMMAND: POST /session/bd8f6f9489bd62a6508a75490a4bbe45/execute/async - {"script":"<script> [21126 bytes]","args":[35000]}
RESULT: {"script":"<script> [21126 bytes]","args":[35000]}
COMMAND: POST /session/bd8f6f9489bd62a6508a75490a4bbe45/execute/async - {"script":"<script> [1562 bytes]","args":[{"selector":{"controlType":"sap.m.Button","viewName":"etm.portal.ui.managerequests.view.Detail","bindingPath":{"path":"/SmartRequestItemsPlanningBoard(ITEM=10m,REQUEST='20140')","propertyPath":"PICK_UP"}},"wdio_ui5_key":"etmportal.ui.managerequests.view.Detailsap.m.Button{\"path\":\"/SmartRequestItemsPlanningBoard(ITEM=10m,REQUEST='20140')\",\"propertyPath\":\"PICK_UP\"}"}]}
RESULT: {"script":"<script> [1562 bytes]","args":[{"selector":{"controlType":"sap.m.Button","viewName":"etm.portal.ui.managerequests.view.Detail","bindingPath":{"path":"/SmartRequestItemsPlanningBoard(ITEM=10m,REQUEST='20140')","propertyPath":"PICK_UP"}},"wdio_ui5_key":"etmportal.ui.managerequests.view.Detailsap.m.Button{\"path\":\"/SmartRequestItemsPlanningBoard(ITEM=10m,REQUEST='20140')\",\"propertyPath\":\"PICK_UP\"}"}]}
RESULT: undefined
COMMAND: POST /session/bd8f6f9489bd62a6508a75490a4bbe45/execute/async - {"script":"<script> [6424 bytes]","args":[{"element-6066-11e4-a52e-4f735466cecf":"f.5D36BF6E7175A89251765FD96C6D3113.d.18A7DDD1D837F0277CD447FDE521E5B0.e.5296"},"getType",[]]}
RESULT: {"script":"<script> [6424 bytes]","args":[{"element-6066-11e4-a52e-4f735466cecf":"f.5D36BF6E7175A89251765FD96C6D3113.d.18A7DDD1D837F0277CD447FDE521E5B0.e.5296"},"getType",[]]}
COMMAND: POST /session/bd8f6f9489bd62a6508a75490a4bbe45/execute/async - {"script":"<script> [1562 bytes]","args":[{"selector":{"controlType":"sap.m.Button","viewName":"etm.portal.ui.managerequests.view.Detail","bindingPath":{"path":"/SmartRequestItemsPlanningBoard(ITEM=20m,REQUEST='20140')","propertyPath":"PICK_UP"}},"wdio_ui5_key":"etmportal.ui.managerequests.view.Detailsap.m.Button{\"path\":\"/SmartRequestItemsPlanningBoard(ITEM=20m,REQUEST='20140')\",\"propertyPath\":\"PICK_UP\"}"}]}
RESULT: {"script":"<script> [1562 bytes]","args":[{"selector":{"controlType":"sap.m.Button","viewName":"etm.portal.ui.managerequests.view.Detail","bindingPath":{"path":"/SmartRequestItemsPlanningBoard(ITEM=20m,REQUEST='20140')","propertyPath":"PICK_UP"}},"wdio_ui5_key":"etmportal.ui.managerequests.view.Detailsap.m.Button{\"path\":\"/SmartRequestItemsPlanningBoard(ITEM=20m,REQUEST='20140')\",\"propertyPath\":\"PICK_UP\"}"}]}
RESULT: undefined
COMMAND: POST /session/bd8f6f9489bd62a6508a75490a4bbe45/execute/async - {"script":"<script> [6424 bytes]","args":[{"element-6066-11e4-a52e-4f735466cecf":"f.5D36BF6E7175A89251765FD96C6D3113.d.18A7DDD1D837F0277CD447FDE521E5B0.e.5325"},"getType",[]]}
RESULT: {"script":"<script> [6424 bytes]","args":[{"element-6066-11e4-a52e-4f735466cecf":"f.5D36BF6E7175A89251765FD96C6D3113.d.18A7DDD1D837F0277CD447FDE521E5B0.e.5325"},"getType",[]]}
]]></system-out>
    </testcase>
    <testcase classname="chrome.136_0_7103_93.windows.Manage_request_+_Contract_processing_pick_up_option_US120163_" name="Should Contract processing pick up option" time="172.855">
      <system-out><![CDATA[
COMMAND: POST /session/bd8f6f9489bd62a6508a75490a4bbe45/execute/async - {"script":"<script> [1562 bytes]","args":[{"selector":{"id":"requestContractNo","viewName":"etm.portal.ui.managerequests.view.Detail"},"wdio_ui5_key":"requestContractNoetmportal.ui.managerequests.view.Detail"}]}
RESULT: {"script":"<script> [1562 bytes]","args":[{"selector":{"id":"requestContractNo","viewName":"etm.portal.ui.managerequests.view.Detail"},"wdio_ui5_key":"requestContractNoetmportal.ui.managerequests.view.Detail"}]}
RESULT: undefined
COMMAND: POST /session/bd8f6f9489bd62a6508a75490a4bbe45/element - {"using":"xpath","value":"//*[@id=\"__xmlview2--requestContractNo\"]"}
RESULT: {"using":"xpath","value":"//*[@id=\"__xmlview2--requestContractNo\"]"}
COMMAND: POST /session/bd8f6f9489bd62a6508a75490a4bbe45/element/f.5D36BF6E7175A89251765FD96C6D3113.d.18A7DDD1D837F0277CD447FDE521E5B0.e.5352/click - {}
RESULT: {}
COMMAND: POST /session/bd8f6f9489bd62a6508a75490a4bbe45/execute/async - {"script":"<script> [1562 bytes]","args":[{"selector":{"controlType":"sap.m.Link","viewName":"etm.portal.ui.managerequests.view.Detail","properties":{"text":"Contract Overview"},"searchOpenDialogs":true},"wdio_ui5_key":"etmportal.ui.managerequests.view.Detailsap.m.Link{\"text\":\"Contract Overview\"}"}]}
COMMAND: GET /session/bd8f6f9489bd62a6508a75490a4bbe45/screenshot - {}
RESULT: {"script":"<script> [1562 bytes]","args":[{"selector":{"controlType":"sap.m.Link","viewName":"etm.portal.ui.managerequests.view.Detail","properties":{"text":"Contract Overview"},"searchOpenDialogs":true},"wdio_ui5_key":"etmportal.ui.managerequests.view.Detailsap.m.Link{\"text\":\"Contract Overview\"}"}]}
RESULT: undefined
COMMAND: POST /session/bd8f6f9489bd62a6508a75490a4bbe45/element - {"using":"xpath","value":"//*[@id=\"__link8\"]"}
RESULT: {}
RESULT: {"using":"xpath","value":"//*[@id=\"__link8\"]"}
COMMAND: POST /session/bd8f6f9489bd62a6508a75490a4bbe45/element/f.5D36BF6E7175A89251765FD96C6D3113.d.18A7DDD1D837F0277CD447FDE521E5B0.e.5354/click - {}
RESULT: {}
COMMAND: GET /session/bd8f6f9489bd62a6508a75490a4bbe45/screenshot - {}
RESULT: {}
COMMAND: POST /session/bd8f6f9489bd62a6508a75490a4bbe45/element - {"using":"xpath","value":"//div[contains(@id ,\"headerBillingItemsTabFilter-text\")]"}
RESULT: {"using":"xpath","value":"//div[contains(@id ,\"headerBillingItemsTabFilter-text\")]"}
COMMAND: POST /session/bd8f6f9489bd62a6508a75490a4bbe45/element/f.5D36BF6E7175A89251765FD96C6D3113.d.18A7DDD1D837F0277CD447FDE521E5B0.e.5523/click - {}
RESULT: {}
COMMAND: GET /session/bd8f6f9489bd62a6508a75490a4bbe45/screenshot - {}
RESULT: {}
COMMAND: POST /session/bd8f6f9489bd62a6508a75490a4bbe45/execute/async - {"script":"<script> [1562 bytes]","args":[{"selector":{"id":"addRequestItemBtn","viewName":"etm.portal.ui.managecontracts.view.Detail","interaction":{"idSuffix":"BDI-content"}},"wdio_ui5_key":"addRequestItemBtnetmportal.ui.managecontracts.view.Detail"}]}
RESULT: {"script":"<script> [1562 bytes]","args":[{"selector":{"id":"addRequestItemBtn","viewName":"etm.portal.ui.managecontracts.view.Detail","interaction":{"idSuffix":"BDI-content"}},"wdio_ui5_key":"addRequestItemBtnetmportal.ui.managecontracts.view.Detail"}]}
RESULT: undefined
COMMAND: POST /session/bd8f6f9489bd62a6508a75490a4bbe45/element - {"using":"xpath","value":"//*[@id=\"__xmlview4--addRequestItemBtn\"]"}
RESULT: {"using":"xpath","value":"//*[@id=\"__xmlview4--addRequestItemBtn\"]"}
COMMAND: POST /session/bd8f6f9489bd62a6508a75490a4bbe45/element/f.5D36BF6E7175A89251765FD96C6D3113.d.18A7DDD1D837F0277CD447FDE521E5B0.e.5469/click - {}
RESULT: {}
COMMAND: GET /session/bd8f6f9489bd62a6508a75490a4bbe45/screenshot - {}
RESULT: {}
COMMAND: POST /session/bd8f6f9489bd62a6508a75490a4bbe45/element - {"using":"xpath","value":"//div[contains(@id ,\"popupRequestTable-sa-CbBg\")]"}
RESULT: {"using":"xpath","value":"//div[contains(@id ,\"popupRequestTable-sa-CbBg\")]"}
COMMAND: POST /session/bd8f6f9489bd62a6508a75490a4bbe45/element/f.5D36BF6E7175A89251765FD96C6D3113.d.18A7DDD1D837F0277CD447FDE521E5B0.e.5580/click - {}
RESULT: {}
COMMAND: GET /session/bd8f6f9489bd62a6508a75490a4bbe45/screenshot - {}
RESULT: {}
COMMAND: POST /session/bd8f6f9489bd62a6508a75490a4bbe45/execute/async - {"script":"<script> [1562 bytes]","args":[{"selector":{"controlType":"sap.m.Button","viewName":"etm.portal.ui.managecontracts.view.Detail","i18NText":{"propertyName":"text","key":"selectionDone"},"searchOpenDialogs":true,"interaction":{"idSuffix":"content"}},"wdio_ui5_key":"etmportal.ui.managecontracts.view.Detailsap.m.Button{\"propertyName\":\"text\",\"key\":\"selectionDone\"}"}]}
RESULT: {"script":"<script> [1562 bytes]","args":[{"selector":{"controlType":"sap.m.Button","viewName":"etm.portal.ui.managecontracts.view.Detail","i18NText":{"propertyName":"text","key":"selectionDone"},"searchOpenDialogs":true,"interaction":{"idSuffix":"content"}},"wdio_ui5_key":"etmportal.ui.managecontracts.view.Detailsap.m.Button{\"propertyName\":\"text\",\"key\":\"selectionDone\"}"}]}
RESULT: undefined
COMMAND: POST /session/bd8f6f9489bd62a6508a75490a4bbe45/element - {"using":"xpath","value":"//*[@id=\"__button60\"]"}
RESULT: {"using":"xpath","value":"//*[@id=\"__button60\"]"}
COMMAND: POST /session/bd8f6f9489bd62a6508a75490a4bbe45/element/f.5D36BF6E7175A89251765FD96C6D3113.d.18A7DDD1D837F0277CD447FDE521E5B0.e.5583/click - {}
RESULT: {}
COMMAND: POST /session/bd8f6f9489bd62a6508a75490a4bbe45/execute/async - {"script":"<script> [1562 bytes]","args":[{"selector":{"controlType":"sap.m.Button","properties":{"text":"OK"},"searchOpenDialogs":true,"interaction":{"idSuffix":"inner"}},"wdio_ui5_key":"sapm.Button{\"text\":\"OK\"}"}]}
COMMAND: GET /session/bd8f6f9489bd62a6508a75490a4bbe45/screenshot - {}
RESULT: {"script":"<script> [1562 bytes]","args":[{"selector":{"controlType":"sap.m.Button","properties":{"text":"OK"},"searchOpenDialogs":true,"interaction":{"idSuffix":"inner"}},"wdio_ui5_key":"sapm.Button{\"text\":\"OK\"}"}]}
RESULT: undefined
COMMAND: POST /session/bd8f6f9489bd62a6508a75490a4bbe45/element - {"using":"xpath","value":"//*[@id=\"__mbox-btn-1\"]"}
RESULT: {}
RESULT: {"using":"xpath","value":"//*[@id=\"__mbox-btn-1\"]"}
COMMAND: POST /session/bd8f6f9489bd62a6508a75490a4bbe45/element/f.5D36BF6E7175A89251765FD96C6D3113.d.18A7DDD1D837F0277CD447FDE521E5B0.e.5584/click - {}
RESULT: {}
COMMAND: GET /session/bd8f6f9489bd62a6508a75490a4bbe45/screenshot - {}
RESULT: {}
COMMAND: POST /session/bd8f6f9489bd62a6508a75490a4bbe45/element - {"using":"xpath","value":"//div[contains(@id ,\"headerBillingItemsTabFilter-text\")]"}
RESULT: {"using":"xpath","value":"//div[contains(@id ,\"headerBillingItemsTabFilter-text\")]"}
COMMAND: POST /session/bd8f6f9489bd62a6508a75490a4bbe45/element/f.5D36BF6E7175A89251765FD96C6D3113.d.18A7DDD1D837F0277CD447FDE521E5B0.e.5523/click - {}
RESULT: {}
COMMAND: GET /session/bd8f6f9489bd62a6508a75490a4bbe45/screenshot - {}
RESULT: {}
COMMAND: POST /session/bd8f6f9489bd62a6508a75490a4bbe45/element - {"using":"xpath","value":"//button[contains(@data-kt ,\"refreshButton\")]"}
RESULT: {"using":"xpath","value":"//button[contains(@data-kt ,\"refreshButton\")]"}
COMMAND: POST /session/bd8f6f9489bd62a6508a75490a4bbe45/element/f.5D36BF6E7175A89251765FD96C6D3113.d.18A7DDD1D837F0277CD447FDE521E5B0.e.5466/click - {}
RESULT: {}
COMMAND: GET /session/bd8f6f9489bd62a6508a75490a4bbe45/screenshot - {}
RESULT: {}
COMMAND: POST /session/bd8f6f9489bd62a6508a75490a4bbe45/element - {"using":"xpath","value":"//div[contains(@id ,\"headerBillingItemsTabFilter-text\")]"}
RESULT: {"using":"xpath","value":"//div[contains(@id ,\"headerBillingItemsTabFilter-text\")]"}
COMMAND: POST /session/bd8f6f9489bd62a6508a75490a4bbe45/element/f.5D36BF6E7175A89251765FD96C6D3113.d.18A7DDD1D837F0277CD447FDE521E5B0.e.5523/click - {}
RESULT: {}
COMMAND: GET /session/bd8f6f9489bd62a6508a75490a4bbe45/screenshot - {}
RESULT: {}
COMMAND: POST /session/bd8f6f9489bd62a6508a75490a4bbe45/execute/async - {"script":"<script> [1562 bytes]","args":[{"selector":{"id":"contractDetailProvideButton","viewName":"etm.portal.ui.managecontracts.view.Detail","interaction":{"idSuffix":"BDI-content"}},"wdio_ui5_key":"contractDetailProvideButtonetmportal.ui.managecontracts.view.Detail"}]}
RESULT: {"script":"<script> [1562 bytes]","args":[{"selector":{"id":"contractDetailProvideButton","viewName":"etm.portal.ui.managecontracts.view.Detail","interaction":{"idSuffix":"BDI-content"}},"wdio_ui5_key":"contractDetailProvideButtonetmportal.ui.managecontracts.view.Detail"}]}
RESULT: undefined
COMMAND: POST /session/bd8f6f9489bd62a6508a75490a4bbe45/element - {"using":"xpath","value":"//*[@id=\"__xmlview4--contractDetailProvideButton\"]"}
RESULT: {"using":"xpath","value":"//*[@id=\"__xmlview4--contractDetailProvideButton\"]"}
COMMAND: POST /session/bd8f6f9489bd62a6508a75490a4bbe45/element/f.5D36BF6E7175A89251765FD96C6D3113.d.18A7DDD1D837F0277CD447FDE521E5B0.e.5475/click - {}
RESULT: {}
COMMAND: GET /session/bd8f6f9489bd62a6508a75490a4bbe45/screenshot - {}
RESULT: {}
COMMAND: POST /session/bd8f6f9489bd62a6508a75490a4bbe45/execute/async - {"script":"<script> [1562 bytes]","args":[{"selector":{"id":"application-managehandovers-display-component---AddNewHO--pickUpCheckbox","interaction":{"idSuffix":"CbBg"}},"wdio_ui5_key":"applicationmanagehandovers-display-component---AddNewHO--pickUpCheckbox"}]}
RESULT: {"script":"<script> [1562 bytes]","args":[{"selector":{"id":"application-managehandovers-display-component---AddNewHO--pickUpCheckbox","interaction":{"idSuffix":"CbBg"}},"wdio_ui5_key":"applicationmanagehandovers-display-component---AddNewHO--pickUpCheckbox"}]}
RESULT: undefined
COMMAND: POST /session/bd8f6f9489bd62a6508a75490a4bbe45/element - {"using":"xpath","value":"//*[@id=\"application-managehandovers-display-component---AddNewHO--pickUpCheckbox\"]"}
RESULT: {"using":"xpath","value":"//*[@id=\"application-managehandovers-display-component---AddNewHO--pickUpCheckbox\"]"}
COMMAND: POST /session/bd8f6f9489bd62a6508a75490a4bbe45/element/f.5D36BF6E7175A89251765FD96C6D3113.d.18A7DDD1D837F0277CD447FDE521E5B0.e.5772/click - {}
RESULT: {}
COMMAND: POST /session/bd8f6f9489bd62a6508a75490a4bbe45/execute/async - {"script":"<script> [1562 bytes]","args":[{"selector":{"id":"application-managehandovers-display-component---AddNewHO--ObjectPageLayout-anchBar-application-managehandovers-display-component---AddNewHO--section4-anchor","interaction":{"idSuffix":"content"}},"wdio_ui5_key":"applicationmanagehandovers-display-component---AddNewHO--ObjectPageLayout-anchBar-application-managehandovers-display-component---AddNewHO--section4-anchor"}]}
COMMAND: GET /session/bd8f6f9489bd62a6508a75490a4bbe45/screenshot - {}
RESULT: {"script":"<script> [1562 bytes]","args":[{"selector":{"id":"application-managehandovers-display-component---AddNewHO--ObjectPageLayout-anchBar-application-managehandovers-display-component---AddNewHO--section4-anchor","interaction":{"idSuffix":"content"}},"wdio_ui5_key":"applicationmanagehandovers-display-component---AddNewHO--ObjectPageLayout-anchBar-application-managehandovers-display-component---AddNewHO--section4-anchor"}]}
RESULT: undefined
COMMAND: POST /session/bd8f6f9489bd62a6508a75490a4bbe45/element - {"using":"xpath","value":"//*[@id=\"application-managehandovers-display-component---AddNewHO--ObjectPageLayout-anchBar-application-managehandovers-display-component---AddNewHO--section4-anchor\"]"}
RESULT: {}
RESULT: {"using":"xpath","value":"//*[@id=\"application-managehandovers-display-component---AddNewHO--ObjectPageLayout-anchBar-application-managehandovers-display-component---AddNewHO--section4-anchor\"]"}
COMMAND: POST /session/bd8f6f9489bd62a6508a75490a4bbe45/element/f.5D36BF6E7175A89251765FD96C6D3113.d.18A7DDD1D837F0277CD447FDE521E5B0.e.5776/click - {}
RESULT: {}
COMMAND: POST /session/bd8f6f9489bd62a6508a75490a4bbe45/execute/async - {"script":"<script> [1562 bytes]","args":[{"selector":{"controlType":"sap.m.Button","viewName":"etm.portal.ui.managehandovers.view.AddNewHO","viewId":"application-managehandovers-display-component---AddNewHO","i18NText":{"propertyName":"tooltip","key":"addItems"},"interaction":{"idSuffix":"inner"}},"wdio_ui5_key":"etmportal.ui.managehandovers.view.AddNewHOsap.m.Button{\"propertyName\":\"tooltip\",\"key\":\"addItems\"}"}]}
COMMAND: GET /session/bd8f6f9489bd62a6508a75490a4bbe45/screenshot - {}
RESULT: {"script":"<script> [1562 bytes]","args":[{"selector":{"controlType":"sap.m.Button","viewName":"etm.portal.ui.managehandovers.view.AddNewHO","viewId":"application-managehandovers-display-component---AddNewHO","i18NText":{"propertyName":"tooltip","key":"addItems"},"interaction":{"idSuffix":"inner"}},"wdio_ui5_key":"etmportal.ui.managehandovers.view.AddNewHOsap.m.Button{\"propertyName\":\"tooltip\",\"key\":\"addItems\"}"}]}
RESULT: undefined
COMMAND: POST /session/bd8f6f9489bd62a6508a75490a4bbe45/element - {"using":"xpath","value":"//*[@id=\"__button76\"]"}
RESULT: {}
RESULT: {"using":"xpath","value":"//*[@id=\"__button76\"]"}
COMMAND: POST /session/bd8f6f9489bd62a6508a75490a4bbe45/element/f.5D36BF6E7175A89251765FD96C6D3113.d.18A7DDD1D837F0277CD447FDE521E5B0.e.5780/click - {}
RESULT: {}
COMMAND: POST /session/bd8f6f9489bd62a6508a75490a4bbe45/execute/async - {"script":"<script> [1562 bytes]","args":[{"selector":{"id":"application-managehandovers-display-component---AddNewHO--smartTableHOPopup-header","searchOpenDialogs":true},"wdio_ui5_key":"applicationmanagehandovers-display-component---AddNewHO--smartTableHOPopup-header"}]}
COMMAND: GET /session/bd8f6f9489bd62a6508a75490a4bbe45/screenshot - {}
RESULT: {"script":"<script> [1562 bytes]","args":[{"selector":{"id":"application-managehandovers-display-component---AddNewHO--smartTableHOPopup-header","searchOpenDialogs":true},"wdio_ui5_key":"applicationmanagehandovers-display-component---AddNewHO--smartTableHOPopup-header"}]}
RESULT: undefined
COMMAND: POST /session/bd8f6f9489bd62a6508a75490a4bbe45/execute/async - {"script":"<script> [6424 bytes]","args":[{"element-6066-11e4-a52e-4f735466cecf":"f.5D36BF6E7175A89251765FD96C6D3113.d.18A7DDD1D837F0277CD447FDE521E5B0.e.5789"},"getText",[]]}
RESULT: {}
RESULT: {"script":"<script> [6424 bytes]","args":[{"element-6066-11e4-a52e-4f735466cecf":"f.5D36BF6E7175A89251765FD96C6D3113.d.18A7DDD1D837F0277CD447FDE521E5B0.e.5789"},"getText",[]]}
COMMAND: POST /session/bd8f6f9489bd62a6508a75490a4bbe45/actions - {"actions":[{"id":"action44","type":"key","parameters":{},"actions":[{"type":"keyDown","value":"î€Œ"},{"type":"pause","duration":10},{"type":"keyUp","value":"î€Œ"}]}]}
RESULT: {"actions":[{"id":"action44","type":"key","parameters":{},"actions":[{"type":"keyDown","value":"î€Œ"},{"type":"pause","duration":10},{"type":"keyUp","value":"î€Œ"}]}]}
COMMAND: GET /session/bd8f6f9489bd62a6508a75490a4bbe45/screenshot - {}
RESULT: {}
COMMAND: POST /session/bd8f6f9489bd62a6508a75490a4bbe45/execute/async - {"script":"<script> [1562 bytes]","args":[{"selector":{"id":"backBtn"},"wdio_ui5_key":"backBtn"}]}
RESULT: {"script":"<script> [1562 bytes]","args":[{"selector":{"id":"backBtn"},"wdio_ui5_key":"backBtn"}]}
RESULT: undefined
COMMAND: POST /session/bd8f6f9489bd62a6508a75490a4bbe45/element - {"using":"xpath","value":"//*[@id=\"backBtn\"]"}
RESULT: {"using":"xpath","value":"//*[@id=\"backBtn\"]"}
COMMAND: POST /session/bd8f6f9489bd62a6508a75490a4bbe45/element/f.5D36BF6E7175A89251765FD96C6D3113.d.18A7DDD1D837F0277CD447FDE521E5B0.e.5791/click - {}
RESULT: {}
COMMAND: GET /session/bd8f6f9489bd62a6508a75490a4bbe45/screenshot - {}
RESULT: {}
COMMAND: POST /session/bd8f6f9489bd62a6508a75490a4bbe45/refresh - {}
RESULT: {}
COMMAND: GET /session/bd8f6f9489bd62a6508a75490a4bbe45/screenshot - {}
RESULT: {}
COMMAND: POST /session/bd8f6f9489bd62a6508a75490a4bbe45/execute/async - {"script":"<script> [189 bytes]","args":[]}
RESULT: {"script":"<script> [189 bytes]","args":[]}
COMMAND: POST /session/bd8f6f9489bd62a6508a75490a4bbe45/execute/async - {"script":"<script> [123 bytes]","args":[]}
RESULT: {"script":"<script> [123 bytes]","args":[]}
COMMAND: POST /session/bd8f6f9489bd62a6508a75490a4bbe45/timeouts - {"script":"<number>"}
RESULT: {"script":"<number>"}
COMMAND: GET /session/bd8f6f9489bd62a6508a75490a4bbe45/timeouts - {}
RESULT: {}
RESULT: undefined
COMMAND: POST /session/bd8f6f9489bd62a6508a75490a4bbe45/execute/async - {"script":"<script> [2676 bytes]","args":[]}
RESULT: {"script":"<script> [2676 bytes]","args":[]}
COMMAND: POST /session/bd8f6f9489bd62a6508a75490a4bbe45/execute/async - {"script":"<script> [2342 bytes]","args":[{"protocol":"http","hostname":"0.0.0.0","path":"/","capabilities":{"browserName":"chrome","goog:chromeOptions":{"binary":"C:\\Program Files\\Google\\Chrome\\Application\\chrome.exe","args":["--start-maximized"]}},"logLevel":"warn","connectionRetryTimeout":120000,"connectionRetryCount":3,"logLevels":{},"enableDirectConnect":true,"strictSSL":true,"_":"65 more keys: [\"cacheDir\",\"port\",\"requestedCapabilities\",\"automationProtocol\",\"baseUrl\",\"waitforInterval\",\"waitforTimeout\",\"onReload\",\"beforeCommand\",\"afterCommand\",\"rootDir\",\"specs\",\"suites\",\"exclude\",\"groupLogsByTestSpec\",\"excludeDriverLogs\",\"bail\",\"framework\",\"reporters\",\"services\",\"maxInstances\",\"maxInstancesPerCapability\",\"injectGlobals\",\"filesToWatch\",\"execArgv\",\"runnerEnv\",\"runner\",\"shard\",\"specFileRetries\",\"specFileRetriesDelay\",\"specFileRetriesDeferred\",\"reporterSyncInterval\",\"reporterSyncTimeout\",\"cucumberFeaturesWithLineNumbers\",\"autoCompileOpts\",\"mochaOpts\",\"jasmineOpts\",\"cucumberOpts\",\"onPrepare\",\"onWorkerStart\",\"onWorkerEnd\",\"before\",\"beforeSession\",\"beforeSuite\",\"beforeHook\",\"beforeTest\",\"afterTest\",\"afterHook\",\"afterSuite\",\"afterSession\",\"after\",\"onComplete\",\"beforeAssertion\",\"afterAssertion\",\"beforeFeature\",\"beforeScenario\",\"beforeStep\",\"afterStep\",\"afterScenario\",\"afterFeature\",\"_\",\"suite\",\"$0\",\"ignoredWorkerServices\",\"wdi5\"]"}]}
RESULT: {"script":"<script> [2342 bytes]","args":[{"protocol":"http","hostname":"0.0.0.0","path":"/","capabilities":{"browserName":"chrome","goog:chromeOptions":{"binary":"C:\\Program Files\\Google\\Chrome\\Application\\chrome.exe","args":["--start-maximized"]}},"logLevel":"warn","connectionRetryTimeout":120000,"connectionRetryCount":3,"logLevels":{},"enableDirectConnect":true,"strictSSL":true,"_":"65 more keys: [\"cacheDir\",\"port\",\"requestedCapabilities\",\"automationProtocol\",\"baseUrl\",\"waitforInterval\",\"waitforTimeout\",\"onReload\",\"beforeCommand\",\"afterCommand\",\"rootDir\",\"specs\",\"suites\",\"exclude\",\"groupLogsByTestSpec\",\"excludeDriverLogs\",\"bail\",\"framework\",\"reporters\",\"services\",\"maxInstances\",\"maxInstancesPerCapability\",\"injectGlobals\",\"filesToWatch\",\"execArgv\",\"runnerEnv\",\"runner\",\"shard\",\"specFileRetries\",\"specFileRetriesDelay\",\"specFileRetriesDeferred\",\"reporterSyncInterval\",\"reporterSyncTimeout\",\"cucumberFeaturesWithLineNumbers\",\"autoCompileOpts\",\"mochaOpts\",\"jasmineOpts\",\"cucumberOpts\",\"onPrepare\",\"onWorkerStart\",\"onWorkerEnd\",\"before\",\"beforeSession\",\"beforeSuite\",\"beforeHook\",\"beforeTest\",\"afterTest\",\"afterHook\",\"afterSuite\",\"afterSession\",\"after\",\"onComplete\",\"beforeAssertion\",\"afterAssertion\",\"beforeFeature\",\"beforeScenario\",\"beforeStep\",\"afterStep\",\"afterScenario\",\"afterFeature\",\"_\",\"suite\",\"$0\",\"ignoredWorkerServices\",\"wdi5\"]"}]}
COMMAND: POST /session/bd8f6f9489bd62a6508a75490a4bbe45/execute/async - {"script":"<script> [21126 bytes]","args":[35000]}
RESULT: {"script":"<script> [21126 bytes]","args":[35000]}
COMMAND: POST /session/bd8f6f9489bd62a6508a75490a4bbe45/element - {"using":"xpath","value":"//div[contains(@id ,\"headerBillingItemsTabFilter-text\")]"}
RESULT: {"using":"xpath","value":"//div[contains(@id ,\"headerBillingItemsTabFilter-text\")]"}
COMMAND: POST /session/bd8f6f9489bd62a6508a75490a4bbe45/element/f.5D36BF6E7175A89251765FD96C6D3113.d.340C5C468587EF64074AD7AFAA768F67.e.6260/click - {}
RESULT: {}
COMMAND: GET /session/bd8f6f9489bd62a6508a75490a4bbe45/screenshot - {}
RESULT: {}
COMMAND: POST /session/bd8f6f9489bd62a6508a75490a4bbe45/execute/async - {"script":"<script> [1562 bytes]","args":[{"selector":{"id":"revertPlanningBtn","viewName":"etm.portal.ui.managecontracts.view.Detail","interaction":{"idSuffix":"BDI-content"}},"wdio_ui5_key":"revertPlanningBtnetmportal.ui.managecontracts.view.Detail"}]}
RESULT: {"script":"<script> [1562 bytes]","args":[{"selector":{"id":"revertPlanningBtn","viewName":"etm.portal.ui.managecontracts.view.Detail","interaction":{"idSuffix":"BDI-content"}},"wdio_ui5_key":"revertPlanningBtnetmportal.ui.managecontracts.view.Detail"}]}
RESULT: undefined
COMMAND: POST /session/bd8f6f9489bd62a6508a75490a4bbe45/element - {"using":"xpath","value":"//*[@id=\"__xmlview1--revertPlanningBtn\"]"}
RESULT: {"using":"xpath","value":"//*[@id=\"__xmlview1--revertPlanningBtn\"]"}
COMMAND: POST /session/bd8f6f9489bd62a6508a75490a4bbe45/element/f.5D36BF6E7175A89251765FD96C6D3113.d.340C5C468587EF64074AD7AFAA768F67.e.6132/click - {}
RESULT: {}
COMMAND: GET /session/bd8f6f9489bd62a6508a75490a4bbe45/screenshot - {}
RESULT: {}
COMMAND: POST /session/bd8f6f9489bd62a6508a75490a4bbe45/actions - {"actions":[{"id":"action45","type":"key","parameters":{},"actions":[{"type":"keyDown","value":"î€‡"},{"type":"pause","duration":10},{"type":"keyUp","value":"î€‡"}]}]}
RESULT: {"actions":[{"id":"action45","type":"key","parameters":{},"actions":[{"type":"keyDown","value":"î€‡"},{"type":"pause","duration":10},{"type":"keyUp","value":"î€‡"}]}]}
COMMAND: GET /session/bd8f6f9489bd62a6508a75490a4bbe45/screenshot - {}
RESULT: {}
COMMAND: POST /session/bd8f6f9489bd62a6508a75490a4bbe45/element - {"using":"xpath","value":"//div[contains(@id ,\"ProductsTable-sa-CbBg\")]"}
RESULT: {"using":"xpath","value":"//div[contains(@id ,\"ProductsTable-sa-CbBg\")]"}
COMMAND: POST /session/bd8f6f9489bd62a6508a75490a4bbe45/element/f.5D36BF6E7175A89251765FD96C6D3113.d.340C5C468587EF64074AD7AFAA768F67.e.6311/click - {}
RESULT: {}
COMMAND: GET /session/bd8f6f9489bd62a6508a75490a4bbe45/screenshot - {}
RESULT: {}
COMMAND: POST /session/bd8f6f9489bd62a6508a75490a4bbe45/execute/async - {"script":"<script> [1562 bytes]","args":[{"selector":{"id":"executeRevertPlanningBtn","viewName":"etm.portal.ui.managecontracts.view.Detail","interaction":{"idSuffix":"BDI-content"}},"wdio_ui5_key":"executeRevertPlanningBtnetmportal.ui.managecontracts.view.Detail"}]}
RESULT: {"script":"<script> [1562 bytes]","args":[{"selector":{"id":"executeRevertPlanningBtn","viewName":"etm.portal.ui.managecontracts.view.Detail","interaction":{"idSuffix":"BDI-content"}},"wdio_ui5_key":"executeRevertPlanningBtnetmportal.ui.managecontracts.view.Detail"}]}
RESULT: undefined
COMMAND: POST /session/bd8f6f9489bd62a6508a75490a4bbe45/element - {"using":"xpath","value":"//*[@id=\"__xmlview1--executeRevertPlanningBtn\"]"}
RESULT: {"using":"xpath","value":"//*[@id=\"__xmlview1--executeRevertPlanningBtn\"]"}
COMMAND: POST /session/bd8f6f9489bd62a6508a75490a4bbe45/element/f.5D36BF6E7175A89251765FD96C6D3113.d.340C5C468587EF64074AD7AFAA768F67.e.6308/click - {}
RESULT: {}
COMMAND: GET /session/bd8f6f9489bd62a6508a75490a4bbe45/screenshot - {}
RESULT: {}
COMMAND: POST /session/bd8f6f9489bd62a6508a75490a4bbe45/actions - {"actions":[{"id":"action46","type":"key","parameters":{},"actions":[{"type":"keyDown","value":"î€‡"},{"type":"pause","duration":10},{"type":"keyUp","value":"î€‡"}]}]}
RESULT: {"actions":[{"id":"action46","type":"key","parameters":{},"actions":[{"type":"keyDown","value":"î€‡"},{"type":"pause","duration":10},{"type":"keyUp","value":"î€‡"}]}]}
COMMAND: POST /session/bd8f6f9489bd62a6508a75490a4bbe45/execute/async - {"script":"<script> [1562 bytes]","args":[{"selector":{"id":"backBtn"},"wdio_ui5_key":"backBtn"}]}
COMMAND: GET /session/bd8f6f9489bd62a6508a75490a4bbe45/screenshot - {}
RESULT: {"script":"<script> [1562 bytes]","args":[{"selector":{"id":"backBtn"},"wdio_ui5_key":"backBtn"}]}
RESULT: undefined
COMMAND: POST /session/bd8f6f9489bd62a6508a75490a4bbe45/element - {"using":"xpath","value":"//*[@id=\"backBtn\"]"}
RESULT: {}
RESULT: {"using":"xpath","value":"//*[@id=\"backBtn\"]"}
COMMAND: POST /session/bd8f6f9489bd62a6508a75490a4bbe45/element/f.5D36BF6E7175A89251765FD96C6D3113.d.340C5C468587EF64074AD7AFAA768F67.e.6327/click - {}
RESULT: {}
COMMAND: GET /session/bd8f6f9489bd62a6508a75490a4bbe45/screenshot - {}
RESULT: {}
COMMAND: POST /session/bd8f6f9489bd62a6508a75490a4bbe45/refresh - {}
RESULT: {}
COMMAND: GET /session/bd8f6f9489bd62a6508a75490a4bbe45/screenshot - {}
RESULT: {}
COMMAND: POST /session/bd8f6f9489bd62a6508a75490a4bbe45/execute/async - {"script":"<script> [189 bytes]","args":[]}
RESULT: {"script":"<script> [189 bytes]","args":[]}
COMMAND: POST /session/bd8f6f9489bd62a6508a75490a4bbe45/execute/async - {"script":"<script> [123 bytes]","args":[]}
RESULT: {"script":"<script> [123 bytes]","args":[]}
COMMAND: POST /session/bd8f6f9489bd62a6508a75490a4bbe45/timeouts - {"script":"<number>"}
RESULT: {"script":"<number>"}
COMMAND: GET /session/bd8f6f9489bd62a6508a75490a4bbe45/timeouts - {}
RESULT: {}
RESULT: undefined
COMMAND: POST /session/bd8f6f9489bd62a6508a75490a4bbe45/execute/async - {"script":"<script> [2676 bytes]","args":[]}
RESULT: {"script":"<script> [2676 bytes]","args":[]}
COMMAND: POST /session/bd8f6f9489bd62a6508a75490a4bbe45/execute/async - {"script":"<script> [2342 bytes]","args":[{"protocol":"http","hostname":"0.0.0.0","path":"/","capabilities":{"browserName":"chrome","goog:chromeOptions":{"binary":"C:\\Program Files\\Google\\Chrome\\Application\\chrome.exe","args":["--start-maximized"]}},"logLevel":"warn","connectionRetryTimeout":120000,"connectionRetryCount":3,"logLevels":{},"enableDirectConnect":true,"strictSSL":true,"_":"65 more keys: [\"cacheDir\",\"port\",\"requestedCapabilities\",\"automationProtocol\",\"baseUrl\",\"waitforInterval\",\"waitforTimeout\",\"onReload\",\"beforeCommand\",\"afterCommand\",\"rootDir\",\"specs\",\"suites\",\"exclude\",\"groupLogsByTestSpec\",\"excludeDriverLogs\",\"bail\",\"framework\",\"reporters\",\"services\",\"maxInstances\",\"maxInstancesPerCapability\",\"injectGlobals\",\"filesToWatch\",\"execArgv\",\"runnerEnv\",\"runner\",\"shard\",\"specFileRetries\",\"specFileRetriesDelay\",\"specFileRetriesDeferred\",\"reporterSyncInterval\",\"reporterSyncTimeout\",\"cucumberFeaturesWithLineNumbers\",\"autoCompileOpts\",\"mochaOpts\",\"jasmineOpts\",\"cucumberOpts\",\"onPrepare\",\"onWorkerStart\",\"onWorkerEnd\",\"before\",\"beforeSession\",\"beforeSuite\",\"beforeHook\",\"beforeTest\",\"afterTest\",\"afterHook\",\"afterSuite\",\"afterSession\",\"after\",\"onComplete\",\"beforeAssertion\",\"afterAssertion\",\"beforeFeature\",\"beforeScenario\",\"beforeStep\",\"afterStep\",\"afterScenario\",\"afterFeature\",\"_\",\"suite\",\"$0\",\"ignoredWorkerServices\",\"wdi5\"]"}]}
RESULT: {"script":"<script> [2342 bytes]","args":[{"protocol":"http","hostname":"0.0.0.0","path":"/","capabilities":{"browserName":"chrome","goog:chromeOptions":{"binary":"C:\\Program Files\\Google\\Chrome\\Application\\chrome.exe","args":["--start-maximized"]}},"logLevel":"warn","connectionRetryTimeout":120000,"connectionRetryCount":3,"logLevels":{},"enableDirectConnect":true,"strictSSL":true,"_":"65 more keys: [\"cacheDir\",\"port\",\"requestedCapabilities\",\"automationProtocol\",\"baseUrl\",\"waitforInterval\",\"waitforTimeout\",\"onReload\",\"beforeCommand\",\"afterCommand\",\"rootDir\",\"specs\",\"suites\",\"exclude\",\"groupLogsByTestSpec\",\"excludeDriverLogs\",\"bail\",\"framework\",\"reporters\",\"services\",\"maxInstances\",\"maxInstancesPerCapability\",\"injectGlobals\",\"filesToWatch\",\"execArgv\",\"runnerEnv\",\"runner\",\"shard\",\"specFileRetries\",\"specFileRetriesDelay\",\"specFileRetriesDeferred\",\"reporterSyncInterval\",\"reporterSyncTimeout\",\"cucumberFeaturesWithLineNumbers\",\"autoCompileOpts\",\"mochaOpts\",\"jasmineOpts\",\"cucumberOpts\",\"onPrepare\",\"onWorkerStart\",\"onWorkerEnd\",\"before\",\"beforeSession\",\"beforeSuite\",\"beforeHook\",\"beforeTest\",\"afterTest\",\"afterHook\",\"afterSuite\",\"afterSession\",\"after\",\"onComplete\",\"beforeAssertion\",\"afterAssertion\",\"beforeFeature\",\"beforeScenario\",\"beforeStep\",\"afterStep\",\"afterScenario\",\"afterFeature\",\"_\",\"suite\",\"$0\",\"ignoredWorkerServices\",\"wdi5\"]"}]}
COMMAND: POST /session/bd8f6f9489bd62a6508a75490a4bbe45/execute/async - {"script":"<script> [21126 bytes]","args":[35000]}
RESULT: {"script":"<script> [21126 bytes]","args":[35000]}
COMMAND: POST /session/bd8f6f9489bd62a6508a75490a4bbe45/execute/async - {"script":"<script> [1562 bytes]","args":[{"selector":{"controlType":"sap.m.ObjectStatus","viewName":"etm.portal.ui.managerequests.view.Detail","bindingPath":{"path":"/RequestHeaders('20140')","propertyPath":"LINK_TO_STATUS/DESCRIPTION","modelName":"catalogModel"}},"wdio_ui5_key":"etmportal.ui.managerequests.view.Detailsap.m.ObjectStatus{\"path\":\"/RequestHeaders('20140')\",\"propertyPath\":\"LINK_TO_STATUS/DESCRIPTION\",\"modelName\":\"catalogModel\"}"}]}
RESULT: {"script":"<script> [1562 bytes]","args":[{"selector":{"controlType":"sap.m.ObjectStatus","viewName":"etm.portal.ui.managerequests.view.Detail","bindingPath":{"path":"/RequestHeaders('20140')","propertyPath":"LINK_TO_STATUS/DESCRIPTION","modelName":"catalogModel"}},"wdio_ui5_key":"etmportal.ui.managerequests.view.Detailsap.m.ObjectStatus{\"path\":\"/RequestHeaders('20140')\",\"propertyPath\":\"LINK_TO_STATUS/DESCRIPTION\",\"modelName\":\"catalogModel\"}"}]}
RESULT: undefined
COMMAND: POST /session/bd8f6f9489bd62a6508a75490a4bbe45/execute/async - {"script":"<script> [6424 bytes]","args":[{"element-6066-11e4-a52e-4f735466cecf":"f.5D36BF6E7175A89251765FD96C6D3113.d.FEF1BC931458213EED77B2FF25C3D9ED.e.6718"},"getText",[]]}
RESULT: {"script":"<script> [6424 bytes]","args":[{"element-6066-11e4-a52e-4f735466cecf":"f.5D36BF6E7175A89251765FD96C6D3113.d.FEF1BC931458213EED77B2FF25C3D9ED.e.6718"},"getText",[]]}
COMMAND: POST /session/bd8f6f9489bd62a6508a75490a4bbe45/execute/async - {"script":"<script> [1562 bytes]","args":[{"selector":{"controlType":"sap.m.Button","viewName":"etm.portal.ui.managerequests.view.Detail","bindingPath":{"path":"/SmartRequestItemsPlanningBoard(ITEM=10m,REQUEST='20140')","propertyPath":"PICK_UP"}},"wdio_ui5_key":"etmportal.ui.managerequests.view.Detailsap.m.Button{\"path\":\"/SmartRequestItemsPlanningBoard(ITEM=10m,REQUEST='20140')\",\"propertyPath\":\"PICK_UP\"}"}]}
RESULT: {"script":"<script> [1562 bytes]","args":[{"selector":{"controlType":"sap.m.Button","viewName":"etm.portal.ui.managerequests.view.Detail","bindingPath":{"path":"/SmartRequestItemsPlanningBoard(ITEM=10m,REQUEST='20140')","propertyPath":"PICK_UP"}},"wdio_ui5_key":"etmportal.ui.managerequests.view.Detailsap.m.Button{\"path\":\"/SmartRequestItemsPlanningBoard(ITEM=10m,REQUEST='20140')\",\"propertyPath\":\"PICK_UP\"}"}]}
RESULT: undefined
COMMAND: POST /session/bd8f6f9489bd62a6508a75490a4bbe45/execute/async - {"script":"<script> [6424 bytes]","args":[{"element-6066-11e4-a52e-4f735466cecf":"f.5D36BF6E7175A89251765FD96C6D3113.d.FEF1BC931458213EED77B2FF25C3D9ED.e.6704"},"getType",[]]}
RESULT: {"script":"<script> [6424 bytes]","args":[{"element-6066-11e4-a52e-4f735466cecf":"f.5D36BF6E7175A89251765FD96C6D3113.d.FEF1BC931458213EED77B2FF25C3D9ED.e.6704"},"getType",[]]}
COMMAND: POST /session/bd8f6f9489bd62a6508a75490a4bbe45/execute/async - {"script":"<script> [1562 bytes]","args":[{"selector":{"controlType":"sap.m.Button","viewName":"etm.portal.ui.managerequests.view.Detail","bindingPath":{"path":"/SmartRequestItemsPlanningBoard(ITEM=20m,REQUEST='20140')","propertyPath":"PICK_UP"}},"wdio_ui5_key":"etmportal.ui.managerequests.view.Detailsap.m.Button{\"path\":\"/SmartRequestItemsPlanningBoard(ITEM=20m,REQUEST='20140')\",\"propertyPath\":\"PICK_UP\"}"}]}
RESULT: {"script":"<script> [1562 bytes]","args":[{"selector":{"controlType":"sap.m.Button","viewName":"etm.portal.ui.managerequests.view.Detail","bindingPath":{"path":"/SmartRequestItemsPlanningBoard(ITEM=20m,REQUEST='20140')","propertyPath":"PICK_UP"}},"wdio_ui5_key":"etmportal.ui.managerequests.view.Detailsap.m.Button{\"path\":\"/SmartRequestItemsPlanningBoard(ITEM=20m,REQUEST='20140')\",\"propertyPath\":\"PICK_UP\"}"}]}
RESULT: undefined
COMMAND: POST /session/bd8f6f9489bd62a6508a75490a4bbe45/execute/async - {"script":"<script> [6424 bytes]","args":[{"element-6066-11e4-a52e-4f735466cecf":"f.5D36BF6E7175A89251765FD96C6D3113.d.FEF1BC931458213EED77B2FF25C3D9ED.e.6719"},"getType",[]]}
RESULT: {"script":"<script> [6424 bytes]","args":[{"element-6066-11e4-a52e-4f735466cecf":"f.5D36BF6E7175A89251765FD96C6D3113.d.FEF1BC931458213EED77B2FF25C3D9ED.e.6719"},"getType",[]]}
COMMAND: POST /session/bd8f6f9489bd62a6508a75490a4bbe45/element - {"using":"css selector","value":"#shell-header-logo"}
RESULT: {"using":"css selector","value":"#shell-header-logo"}
COMMAND: POST /session/bd8f6f9489bd62a6508a75490a4bbe45/element/f.5D36BF6E7175A89251765FD96C6D3113.d.FEF1BC931458213EED77B2FF25C3D9ED.e.6506/click - {}
RESULT: {}
COMMAND: GET /session/bd8f6f9489bd62a6508a75490a4bbe45/screenshot - {}
RESULT: {}
COMMAND: POST /session/bd8f6f9489bd62a6508a75490a4bbe45/execute/async - {"script":"<script> [1562 bytes]","args":[{"selector":{"controlType":"sap.m.GenericTile","properties":{"header":"Manage Classifications"}},"wdio_ui5_key":"sapm.GenericTile{\"header\":\"Manage Classifications\"}"}]}
RESULT: {"script":"<script> [1562 bytes]","args":[{"selector":{"controlType":"sap.m.GenericTile","properties":{"header":"Manage Classifications"}},"wdio_ui5_key":"sapm.GenericTile{\"header\":\"Manage Classifications\"}"}]}
RESULT: undefined
COMMAND: POST /session/bd8f6f9489bd62a6508a75490a4bbe45/element - {"using":"xpath","value":"//*[@id=\"__tile115\"]"}
RESULT: {"using":"xpath","value":"//*[@id=\"__tile115\"]"}
COMMAND: POST /session/bd8f6f9489bd62a6508a75490a4bbe45/element/f.5D36BF6E7175A89251765FD96C6D3113.d.FEF1BC931458213EED77B2FF25C3D9ED.e.6734/click - {}
RESULT: {}
COMMAND: GET /session/bd8f6f9489bd62a6508a75490a4bbe45/screenshot - {}
RESULT: {}
COMMAND: POST /session/bd8f6f9489bd62a6508a75490a4bbe45/elements - {"using":"xpath","value":"//span[text()='Error']"}
RESULT: {"using":"xpath","value":"//span[text()='Error']"}
]]></system-out>
    </testcase>
  </testsuite>
  <testsuite timestamp="2025-05-17T15:58:30" time="396.39" tests="4" failures="0" errors="0" skipped="0">
    <properties>
      <property name="specId" value="0" />
      <property name="suiteName" value="Manage requests - requests specifications US141095" />
      <property name="capabilities" value="chrome.136_0_7103_93.windows" />
      <property name="file" value="file:///D:/a/1/s/test/specs/R2C/manage-requests-request-specifications.spec.js" />
    </properties>
    <testcase classname="chrome.136_0_7103_93.windows.Manage_requests_-_requests_specifications_US141095" name="Should create a new classification of type request item" time="40.493">
      <system-out><![CDATA[
COMMAND: POST /session/bd8f6f9489bd62a6508a75490a4bbe45/execute/async - {"script":"<script> [1562 bytes]","args":[{"selector":{"controlType":"sap.ui.core.Icon","viewName":"etm.portal.ui.manageclassifications.view.Master","viewId":"application-manageclassifications-display-component---classificationMaster","properties":{"src":{"regex":{"source":"add"}}}},"wdio_ui5_key":"etmportal.ui.manageclassifications.view.Mastersap.ui.core.Icon{\"src\":{\"regex\":{\"source\":\"add\"}}}"}]}
RESULT: {"script":"<script> [1562 bytes]","args":[{"selector":{"controlType":"sap.ui.core.Icon","viewName":"etm.portal.ui.manageclassifications.view.Master","viewId":"application-manageclassifications-display-component---classificationMaster","properties":{"src":{"regex":{"source":"add"}}}},"wdio_ui5_key":"etmportal.ui.manageclassifications.view.Mastersap.ui.core.Icon{\"src\":{\"regex\":{\"source\":\"add\"}}}"}]}
RESULT: undefined
COMMAND: POST /session/bd8f6f9489bd62a6508a75490a4bbe45/element - {"using":"xpath","value":"//*[@id=\"__button25-img\"]"}
RESULT: {"using":"xpath","value":"//*[@id=\"__button25-img\"]"}
COMMAND: POST /session/bd8f6f9489bd62a6508a75490a4bbe45/element/f.5D36BF6E7175A89251765FD96C6D3113.d.FEF1BC931458213EED77B2FF25C3D9ED.e.6773/click - {}
RESULT: {}
COMMAND: POST /session/bd8f6f9489bd62a6508a75490a4bbe45/execute/async - {"script":"<script> [1562 bytes]","args":[{"selector":{"id":"application-manageclassifications-display-component---classificationCreate--classHeaderName","interaction":{"idSuffix":"inner"}},"wdio_ui5_key":"applicationmanageclassifications-display-component---classificationCreate--classHeaderName"}]}
COMMAND: GET /session/bd8f6f9489bd62a6508a75490a4bbe45/screenshot - {}
RESULT: {"script":"<script> [1562 bytes]","args":[{"selector":{"id":"application-manageclassifications-display-component---classificationCreate--classHeaderName","interaction":{"idSuffix":"inner"}},"wdio_ui5_key":"applicationmanageclassifications-display-component---classificationCreate--classHeaderName"}]}
RESULT: undefined
COMMAND: POST /session/bd8f6f9489bd62a6508a75490a4bbe45/execute/async - {"script":"<script> [776 bytes]","args":[{"enterText":"WebdriverItemClasshd58y","selector":{"id":"application-manageclassifications-display-component---classificationCreate--classHeaderName","interaction":{"idSuffix":"inner"}},"clearTextFirst":true,"interactionType":"ENTER_TEXT"}]}
RESULT: {}
RESULT: {"script":"<script> [776 bytes]","args":[{"enterText":"WebdriverItemClasshd58y","selector":{"id":"application-manageclassifications-display-component---classificationCreate--classHeaderName","interaction":{"idSuffix":"inner"}},"clearTextFirst":true,"interactionType":"ENTER_TEXT"}]}
COMMAND: POST /session/bd8f6f9489bd62a6508a75490a4bbe45/execute/async - {"script":"<script> [1562 bytes]","args":[{"selector":{"controlType":"sap.ui.core.Icon","viewName":"etm.portal.ui.manageclassifications.view.Create","viewId":"application-manageclassifications-display-component---classificationCreate","properties":{"src":{"regex":{"source":"slim\\-arrow\\-down"}}}},"wdio_ui5_key":"etmportal.ui.manageclassifications.view.Createsap.ui.core.Icon{\"src\":{\"regex\":{\"source\":\"slim\\\\-arrow\\\\-down\"}}}"}]}
RESULT: {"script":"<script> [1562 bytes]","args":[{"selector":{"controlType":"sap.ui.core.Icon","viewName":"etm.portal.ui.manageclassifications.view.Create","viewId":"application-manageclassifications-display-component---classificationCreate","properties":{"src":{"regex":{"source":"slim\\-arrow\\-down"}}}},"wdio_ui5_key":"etmportal.ui.manageclassifications.view.Createsap.ui.core.Icon{\"src\":{\"regex\":{\"source\":\"slim\\\\-arrow\\\\-down\"}}}"}]}
RESULT: undefined
COMMAND: POST /session/bd8f6f9489bd62a6508a75490a4bbe45/element - {"using":"xpath","value":"//*[@id=\"__box12-arrow\"]"}
RESULT: {"using":"xpath","value":"//*[@id=\"__box12-arrow\"]"}
COMMAND: POST /session/bd8f6f9489bd62a6508a75490a4bbe45/element/f.5D36BF6E7175A89251765FD96C6D3113.d.FEF1BC931458213EED77B2FF25C3D9ED.e.7089/click - {}
RESULT: {}
COMMAND: POST /session/bd8f6f9489bd62a6508a75490a4bbe45/execute/async - {"script":"<script> [1562 bytes]","args":[{"selector":{"controlType":"sap.m.StandardListItem","viewName":"etm.portal.ui.manageclassifications.view.Create","viewId":"application-manageclassifications-display-component---classificationCreate","properties":{"title":"Request Item Specifications"},"searchOpenDialogs":true,"interaction":{"idSuffix":"titleText"}},"wdio_ui5_key":"etmportal.ui.manageclassifications.view.Createsap.m.StandardListItem{\"title\":\"Request Item Specifications\"}"}]}
COMMAND: GET /session/bd8f6f9489bd62a6508a75490a4bbe45/screenshot - {}
RESULT: {"script":"<script> [1562 bytes]","args":[{"selector":{"controlType":"sap.m.StandardListItem","viewName":"etm.portal.ui.manageclassifications.view.Create","viewId":"application-manageclassifications-display-component---classificationCreate","properties":{"title":"Request Item Specifications"},"searchOpenDialogs":true,"interaction":{"idSuffix":"titleText"}},"wdio_ui5_key":"etmportal.ui.manageclassifications.view.Createsap.m.StandardListItem{\"title\":\"Request Item Specifications\"}"}]}
RESULT: undefined
COMMAND: POST /session/bd8f6f9489bd62a6508a75490a4bbe45/element - {"using":"xpath","value":"//*[@id=\"__item82\"]"}
RESULT: {}
RESULT: {"using":"xpath","value":"//*[@id=\"__item82\"]"}
COMMAND: POST /session/bd8f6f9489bd62a6508a75490a4bbe45/element/f.5D36BF6E7175A89251765FD96C6D3113.d.FEF1BC931458213EED77B2FF25C3D9ED.e.7129/click - {}
RESULT: {}
COMMAND: POST /session/bd8f6f9489bd62a6508a75490a4bbe45/execute/async - {"script":"<script> [1562 bytes]","args":[{"selector":{"controlType":"sap.ui.core.Icon","viewName":"etm.portal.ui.manageclassifications.view.Create","viewId":"application-manageclassifications-display-component---classificationCreate","properties":{"src":{"regex":{"source":"add"}}}},"wdio_ui5_key":"etmportal.ui.manageclassifications.view.Createsap.ui.core.Icon{\"src\":{\"regex\":{\"source\":\"add\"}}}"}]}
COMMAND: GET /session/bd8f6f9489bd62a6508a75490a4bbe45/screenshot - {}
RESULT: {"script":"<script> [1562 bytes]","args":[{"selector":{"controlType":"sap.ui.core.Icon","viewName":"etm.portal.ui.manageclassifications.view.Create","viewId":"application-manageclassifications-display-component---classificationCreate","properties":{"src":{"regex":{"source":"add"}}}},"wdio_ui5_key":"etmportal.ui.manageclassifications.view.Createsap.ui.core.Icon{\"src\":{\"regex\":{\"source\":\"add\"}}}"}]}
RESULT: undefined
COMMAND: POST /session/bd8f6f9489bd62a6508a75490a4bbe45/element - {"using":"xpath","value":"//*[@id=\"__button30-img\"]"}
RESULT: {}
RESULT: {"using":"xpath","value":"//*[@id=\"__button30-img\"]"}
COMMAND: POST /session/bd8f6f9489bd62a6508a75490a4bbe45/element/f.5D36BF6E7175A89251765FD96C6D3113.d.FEF1BC931458213EED77B2FF25C3D9ED.e.7092/click - {}
RESULT: {}
COMMAND: POST /session/bd8f6f9489bd62a6508a75490a4bbe45/execute/async - {"script":"<script> [1562 bytes]","args":[{"selector":{"controlType":"sap.m.Input","viewName":"etm.portal.ui.manageclassifications.view.Create","viewId":"application-manageclassifications-display-component---classificationCreate","bindingPath":{"path":"/0","propertyPath":"PROPERTY","modelName":"newConfigModel"},"interaction":{"idSuffix":"inner"}},"wdio_ui5_key":"etmportal.ui.manageclassifications.view.Createsap.m.Input{\"path\":\"/0\",\"propertyPath\":\"PROPERTY\",\"modelName\":\"newConfigModel\"}"}]}
COMMAND: GET /session/bd8f6f9489bd62a6508a75490a4bbe45/screenshot - {}
RESULT: {"script":"<script> [1562 bytes]","args":[{"selector":{"controlType":"sap.m.Input","viewName":"etm.portal.ui.manageclassifications.view.Create","viewId":"application-manageclassifications-display-component---classificationCreate","bindingPath":{"path":"/0","propertyPath":"PROPERTY","modelName":"newConfigModel"},"interaction":{"idSuffix":"inner"}},"wdio_ui5_key":"etmportal.ui.manageclassifications.view.Createsap.m.Input{\"path\":\"/0\",\"propertyPath\":\"PROPERTY\",\"modelName\":\"newConfigModel\"}"}]}
RESULT: undefined
COMMAND: POST /session/bd8f6f9489bd62a6508a75490a4bbe45/execute/async - {"script":"<script> [776 bytes]","args":[{"enterText":"Color","selector":{"controlType":"sap.m.Input","viewName":"etm.portal.ui.manageclassifications.view.Create","viewId":"application-manageclassifications-display-component---classificationCreate","bindingPath":{"path":"/0","propertyPath":"PROPERTY","modelName":"newConfigModel"},"interaction":{"idSuffix":"inner"}},"clearTextFirst":true,"interactionType":"ENTER_TEXT"}]}
RESULT: {}
RESULT: {"script":"<script> [776 bytes]","args":[{"enterText":"Color","selector":{"controlType":"sap.m.Input","viewName":"etm.portal.ui.manageclassifications.view.Create","viewId":"application-manageclassifications-display-component---classificationCreate","bindingPath":{"path":"/0","propertyPath":"PROPERTY","modelName":"newConfigModel"},"interaction":{"idSuffix":"inner"}},"clearTextFirst":true,"interactionType":"ENTER_TEXT"}]}
COMMAND: POST /session/bd8f6f9489bd62a6508a75490a4bbe45/execute/async - {"script":"<script> [1562 bytes]","args":[{"selector":{"controlType":"sap.m.Input","viewName":"etm.portal.ui.manageclassifications.view.Create","viewId":"application-manageclassifications-display-component---classificationCreate","bindingPath":{"path":"/0","propertyPath":"DESCRIPTION","modelName":"newConfigModel"},"interaction":{"idSuffix":"inner"}},"wdio_ui5_key":"etmportal.ui.manageclassifications.view.Createsap.m.Input{\"path\":\"/0\",\"propertyPath\":\"DESCRIPTION\",\"modelName\":\"newConfigModel\"}"}]}
RESULT: {"script":"<script> [1562 bytes]","args":[{"selector":{"controlType":"sap.m.Input","viewName":"etm.portal.ui.manageclassifications.view.Create","viewId":"application-manageclassifications-display-component---classificationCreate","bindingPath":{"path":"/0","propertyPath":"DESCRIPTION","modelName":"newConfigModel"},"interaction":{"idSuffix":"inner"}},"wdio_ui5_key":"etmportal.ui.manageclassifications.view.Createsap.m.Input{\"path\":\"/0\",\"propertyPath\":\"DESCRIPTION\",\"modelName\":\"newConfigModel\"}"}]}
RESULT: undefined
COMMAND: POST /session/bd8f6f9489bd62a6508a75490a4bbe45/execute/async - {"script":"<script> [776 bytes]","args":[{"enterText":"Color","selector":{"controlType":"sap.m.Input","viewName":"etm.portal.ui.manageclassifications.view.Create","viewId":"application-manageclassifications-display-component---classificationCreate","bindingPath":{"path":"/0","propertyPath":"DESCRIPTION","modelName":"newConfigModel"},"interaction":{"idSuffix":"inner"}},"clearTextFirst":true,"interactionType":"ENTER_TEXT"}]}
RESULT: {"script":"<script> [776 bytes]","args":[{"enterText":"Color","selector":{"controlType":"sap.m.Input","viewName":"etm.portal.ui.manageclassifications.view.Create","viewId":"application-manageclassifications-display-component---classificationCreate","bindingPath":{"path":"/0","propertyPath":"DESCRIPTION","modelName":"newConfigModel"},"interaction":{"idSuffix":"inner"}},"clearTextFirst":true,"interactionType":"ENTER_TEXT"}]}
COMMAND: POST /session/bd8f6f9489bd62a6508a75490a4bbe45/execute/async - {"script":"<script> [1562 bytes]","args":[{"selector":{"controlType":"sap.ui.core.Icon","viewName":"etm.portal.ui.manageclassifications.view.Create","viewId":"application-manageclassifications-display-component---classificationCreate","properties":{"src":{"regex":{"source":"slim\\-arrow\\-down"}}},"ancestor":{"controlType":"sap.m.ComboBox","viewName":"etm.portal.ui.manageclassifications.view.Create","viewId":"application-manageclassifications-display-component---classificationCreate","bindingPath":{"path":"/0","propertyPath":"VALUE_TYPE","modelName":"newConfigModel"}}},"wdio_ui5_key":"etmportal.ui.manageclassifications.view.Createsap.ui.core.Icon{\"src\":{\"regex\":{\"source\":\"slim\\\\-arrow\\\\-down\"}}}{\"controlType\":\"sap.m.ComboBox\",\"viewName\":\"etm.portal.ui.manageclassifications.view.Create\",\"viewId\":\"application-manageclassifications-display-component---classificationCreate\",\"bindingPath\":{\"path\":\"/0\",\"propertyPath\":\"VALUE_TYPE\",\"modelName\":\"newConfigModel\"}}"}]}
RESULT: {"script":"<script> [1562 bytes]","args":[{"selector":{"controlType":"sap.ui.core.Icon","viewName":"etm.portal.ui.manageclassifications.view.Create","viewId":"application-manageclassifications-display-component---classificationCreate","properties":{"src":{"regex":{"source":"slim\\-arrow\\-down"}}},"ancestor":{"controlType":"sap.m.ComboBox","viewName":"etm.portal.ui.manageclassifications.view.Create","viewId":"application-manageclassifications-display-component---classificationCreate","bindingPath":{"path":"/0","propertyPath":"VALUE_TYPE","modelName":"newConfigModel"}}},"wdio_ui5_key":"etmportal.ui.manageclassifications.view.Createsap.ui.core.Icon{\"src\":{\"regex\":{\"source\":\"slim\\\\-arrow\\\\-down\"}}}{\"controlType\":\"sap.m.ComboBox\",\"viewName\":\"etm.portal.ui.manageclassifications.view.Create\",\"viewId\":\"application-manageclassifications-display-component---classificationCreate\",\"bindingPath\":{\"path\":\"/0\",\"propertyPath\":\"VALUE_TYPE\",\"modelName\":\"newConfigModel\"}}"}]}
RESULT: undefined
COMMAND: POST /session/bd8f6f9489bd62a6508a75490a4bbe45/element - {"using":"xpath","value":"//*[@id=\"__box13-application-manageclassifications-display-component---classificationCreate--configurationList-0-arrow\"]"}
RESULT: {"using":"xpath","value":"//*[@id=\"__box13-application-manageclassifications-display-component---classificationCreate--configurationList-0-arrow\"]"}
COMMAND: POST /session/bd8f6f9489bd62a6508a75490a4bbe45/element/f.5D36BF6E7175A89251765FD96C6D3113.d.FEF1BC931458213EED77B2FF25C3D9ED.e.7138/click - {}
RESULT: {}
COMMAND: POST /session/bd8f6f9489bd62a6508a75490a4bbe45/execute/async - {"script":"<script> [1562 bytes]","args":[{"selector":{"controlType":"sap.m.StandardListItem","viewName":"etm.portal.ui.manageclassifications.view.Create","viewId":"application-manageclassifications-display-component---classificationCreate","properties":{"title":"Dropdown"},"searchOpenDialogs":true,"interaction":{"idSuffix":"titleText"}},"wdio_ui5_key":"etmportal.ui.manageclassifications.view.Createsap.m.StandardListItem{\"title\":\"Dropdown\"}"}]}
COMMAND: GET /session/bd8f6f9489bd62a6508a75490a4bbe45/screenshot - {}
RESULT: {"script":"<script> [1562 bytes]","args":[{"selector":{"controlType":"sap.m.StandardListItem","viewName":"etm.portal.ui.manageclassifications.view.Create","viewId":"application-manageclassifications-display-component---classificationCreate","properties":{"title":"Dropdown"},"searchOpenDialogs":true,"interaction":{"idSuffix":"titleText"}},"wdio_ui5_key":"etmportal.ui.manageclassifications.view.Createsap.m.StandardListItem{\"title\":\"Dropdown\"}"}]}
RESULT: undefined
COMMAND: POST /session/bd8f6f9489bd62a6508a75490a4bbe45/element - {"using":"xpath","value":"//*[@id=\"__item90\"]"}
RESULT: {}
RESULT: {"using":"xpath","value":"//*[@id=\"__item90\"]"}
COMMAND: POST /session/bd8f6f9489bd62a6508a75490a4bbe45/element/f.5D36BF6E7175A89251765FD96C6D3113.d.FEF1BC931458213EED77B2FF25C3D9ED.e.7140/click - {}
RESULT: {}
COMMAND: POST /session/bd8f6f9489bd62a6508a75490a4bbe45/execute/async - {"script":"<script> [1562 bytes]","args":[{"selector":{"controlType":"sap.ui.core.Icon","viewName":"etm.portal.ui.manageclassifications.view.Create","viewId":"application-manageclassifications-display-component---classificationCreate","properties":{"src":{"regex":{"source":"crm\\-service\\-manager"}}}},"wdio_ui5_key":"etmportal.ui.manageclassifications.view.Createsap.ui.core.Icon{\"src\":{\"regex\":{\"source\":\"crm\\\\-service\\\\-manager\"}}}"}]}
COMMAND: GET /session/bd8f6f9489bd62a6508a75490a4bbe45/screenshot - {}
RESULT: {"script":"<script> [1562 bytes]","args":[{"selector":{"controlType":"sap.ui.core.Icon","viewName":"etm.portal.ui.manageclassifications.view.Create","viewId":"application-manageclassifications-display-component---classificationCreate","properties":{"src":{"regex":{"source":"crm\\-service\\-manager"}}}},"wdio_ui5_key":"etmportal.ui.manageclassifications.view.Createsap.ui.core.Icon{\"src\":{\"regex\":{\"source\":\"crm\\\\-service\\\\-manager\"}}}"}]}
RESULT: undefined
COMMAND: POST /session/bd8f6f9489bd62a6508a75490a4bbe45/element - {"using":"xpath","value":"//*[@id=\"__button32-application-manageclassifications-display-component---classificationCreate--configurationList-0-img\"]"}
RESULT: {}
RESULT: {"using":"xpath","value":"//*[@id=\"__button32-application-manageclassifications-display-component---classificationCreate--configurationList-0-img\"]"}
COMMAND: POST /session/bd8f6f9489bd62a6508a75490a4bbe45/element/f.5D36BF6E7175A89251765FD96C6D3113.d.FEF1BC931458213EED77B2FF25C3D9ED.e.7142/click - {}
RESULT: {}
COMMAND: POST /session/bd8f6f9489bd62a6508a75490a4bbe45/element - {"using":"xpath","value":"//button[@title=\"Add additional value\"]"}
COMMAND: GET /session/bd8f6f9489bd62a6508a75490a4bbe45/screenshot - {}
RESULT: {"using":"xpath","value":"//button[@title=\"Add additional value\"]"}
COMMAND: POST /session/bd8f6f9489bd62a6508a75490a4bbe45/element/f.5D36BF6E7175A89251765FD96C6D3113.d.FEF1BC931458213EED77B2FF25C3D9ED.e.7143/click - {}
RESULT: {}
RESULT: {}
COMMAND: POST /session/bd8f6f9489bd62a6508a75490a4bbe45/execute/async - {"script":"<script> [1562 bytes]","args":[{"selector":{"controlType":"sap.m.Input","viewName":"etm.portal.ui.manageclassifications.view.Create","viewId":"application-manageclassifications-display-component---classificationCreate","bindingPath":{"path":"/VALUES/0","propertyPath":"VALUE","modelName":"dropdownValuesModel"},"searchOpenDialogs":true,"interaction":{"idSuffix":"inner"}},"wdio_ui5_key":"etmportal.ui.manageclassifications.view.Createsap.m.Input{\"path\":\"/VALUES/0\",\"propertyPath\":\"VALUE\",\"modelName\":\"dropdownValuesModel\"}"}]}
COMMAND: GET /session/bd8f6f9489bd62a6508a75490a4bbe45/screenshot - {}
RESULT: {"script":"<script> [1562 bytes]","args":[{"selector":{"controlType":"sap.m.Input","viewName":"etm.portal.ui.manageclassifications.view.Create","viewId":"application-manageclassifications-display-component---classificationCreate","bindingPath":{"path":"/VALUES/0","propertyPath":"VALUE","modelName":"dropdownValuesModel"},"searchOpenDialogs":true,"interaction":{"idSuffix":"inner"}},"wdio_ui5_key":"etmportal.ui.manageclassifications.view.Createsap.m.Input{\"path\":\"/VALUES/0\",\"propertyPath\":\"VALUE\",\"modelName\":\"dropdownValuesModel\"}"}]}
RESULT: undefined
COMMAND: POST /session/bd8f6f9489bd62a6508a75490a4bbe45/execute/async - {"script":"<script> [776 bytes]","args":[{"enterText":"1","selector":{"controlType":"sap.m.Input","viewName":"etm.portal.ui.manageclassifications.view.Create","viewId":"application-manageclassifications-display-component---classificationCreate","bindingPath":{"path":"/VALUES/0","propertyPath":"VALUE","modelName":"dropdownValuesModel"},"searchOpenDialogs":true,"interaction":{"idSuffix":"inner"}},"clearTextFirst":true,"interactionType":"ENTER_TEXT"}]}
RESULT: {}
RESULT: {"script":"<script> [776 bytes]","args":[{"enterText":"1","selector":{"controlType":"sap.m.Input","viewName":"etm.portal.ui.manageclassifications.view.Create","viewId":"application-manageclassifications-display-component---classificationCreate","bindingPath":{"path":"/VALUES/0","propertyPath":"VALUE","modelName":"dropdownValuesModel"},"searchOpenDialogs":true,"interaction":{"idSuffix":"inner"}},"clearTextFirst":true,"interactionType":"ENTER_TEXT"}]}
COMMAND: POST /session/bd8f6f9489bd62a6508a75490a4bbe45/execute/async - {"script":"<script> [1562 bytes]","args":[{"selector":{"controlType":"sap.m.Input","viewName":"etm.portal.ui.manageclassifications.view.Create","viewId":"application-manageclassifications-display-component---classificationCreate","bindingPath":{"path":"/VALUES/0","propertyPath":"TEXT","modelName":"dropdownValuesModel"},"searchOpenDialogs":true,"interaction":{"idSuffix":"inner"}},"wdio_ui5_key":"etmportal.ui.manageclassifications.view.Createsap.m.Input{\"path\":\"/VALUES/0\",\"propertyPath\":\"TEXT\",\"modelName\":\"dropdownValuesModel\"}"}]}
RESULT: {"script":"<script> [1562 bytes]","args":[{"selector":{"controlType":"sap.m.Input","viewName":"etm.portal.ui.manageclassifications.view.Create","viewId":"application-manageclassifications-display-component---classificationCreate","bindingPath":{"path":"/VALUES/0","propertyPath":"TEXT","modelName":"dropdownValuesModel"},"searchOpenDialogs":true,"interaction":{"idSuffix":"inner"}},"wdio_ui5_key":"etmportal.ui.manageclassifications.view.Createsap.m.Input{\"path\":\"/VALUES/0\",\"propertyPath\":\"TEXT\",\"modelName\":\"dropdownValuesModel\"}"}]}
RESULT: undefined
COMMAND: POST /session/bd8f6f9489bd62a6508a75490a4bbe45/execute/async - {"script":"<script> [776 bytes]","args":[{"enterText":"blue","selector":{"controlType":"sap.m.Input","viewName":"etm.portal.ui.manageclassifications.view.Create","viewId":"application-manageclassifications-display-component---classificationCreate","bindingPath":{"path":"/VALUES/0","propertyPath":"TEXT","modelName":"dropdownValuesModel"},"searchOpenDialogs":true,"interaction":{"idSuffix":"inner"}},"clearTextFirst":true,"interactionType":"ENTER_TEXT"}]}
RESULT: {"script":"<script> [776 bytes]","args":[{"enterText":"blue","selector":{"controlType":"sap.m.Input","viewName":"etm.portal.ui.manageclassifications.view.Create","viewId":"application-manageclassifications-display-component---classificationCreate","bindingPath":{"path":"/VALUES/0","propertyPath":"TEXT","modelName":"dropdownValuesModel"},"searchOpenDialogs":true,"interaction":{"idSuffix":"inner"}},"clearTextFirst":true,"interactionType":"ENTER_TEXT"}]}
COMMAND: POST /session/bd8f6f9489bd62a6508a75490a4bbe45/element - {"using":"xpath","value":"//button[@title=\"Add additional value\"]"}
RESULT: {"using":"xpath","value":"//button[@title=\"Add additional value\"]"}
COMMAND: POST /session/bd8f6f9489bd62a6508a75490a4bbe45/element/f.5D36BF6E7175A89251765FD96C6D3113.d.FEF1BC931458213EED77B2FF25C3D9ED.e.7143/click - {}
RESULT: {}
COMMAND: POST /session/bd8f6f9489bd62a6508a75490a4bbe45/execute/async - {"script":"<script> [1562 bytes]","args":[{"selector":{"controlType":"sap.m.Input","viewName":"etm.portal.ui.manageclassifications.view.Create","viewId":"application-manageclassifications-display-component---classificationCreate","bindingPath":{"path":"/VALUES/1","propertyPath":"VALUE","modelName":"dropdownValuesModel"},"searchOpenDialogs":true,"interaction":{"idSuffix":"inner"}},"wdio_ui5_key":"etmportal.ui.manageclassifications.view.Createsap.m.Input{\"path\":\"/VALUES/1\",\"propertyPath\":\"VALUE\",\"modelName\":\"dropdownValuesModel\"}"}]}
COMMAND: GET /session/bd8f6f9489bd62a6508a75490a4bbe45/screenshot - {}
RESULT: {"script":"<script> [1562 bytes]","args":[{"selector":{"controlType":"sap.m.Input","viewName":"etm.portal.ui.manageclassifications.view.Create","viewId":"application-manageclassifications-display-component---classificationCreate","bindingPath":{"path":"/VALUES/1","propertyPath":"VALUE","modelName":"dropdownValuesModel"},"searchOpenDialogs":true,"interaction":{"idSuffix":"inner"}},"wdio_ui5_key":"etmportal.ui.manageclassifications.view.Createsap.m.Input{\"path\":\"/VALUES/1\",\"propertyPath\":\"VALUE\",\"modelName\":\"dropdownValuesModel\"}"}]}
RESULT: undefined
COMMAND: POST /session/bd8f6f9489bd62a6508a75490a4bbe45/execute/async - {"script":"<script> [776 bytes]","args":[{"enterText":"2","selector":{"controlType":"sap.m.Input","viewName":"etm.portal.ui.manageclassifications.view.Create","viewId":"application-manageclassifications-display-component---classificationCreate","bindingPath":{"path":"/VALUES/1","propertyPath":"VALUE","modelName":"dropdownValuesModel"},"searchOpenDialogs":true,"interaction":{"idSuffix":"inner"}},"clearTextFirst":true,"interactionType":"ENTER_TEXT"}]}
RESULT: {}
RESULT: {"script":"<script> [776 bytes]","args":[{"enterText":"2","selector":{"controlType":"sap.m.Input","viewName":"etm.portal.ui.manageclassifications.view.Create","viewId":"application-manageclassifications-display-component---classificationCreate","bindingPath":{"path":"/VALUES/1","propertyPath":"VALUE","modelName":"dropdownValuesModel"},"searchOpenDialogs":true,"interaction":{"idSuffix":"inner"}},"clearTextFirst":true,"interactionType":"ENTER_TEXT"}]}
COMMAND: POST /session/bd8f6f9489bd62a6508a75490a4bbe45/execute/async - {"script":"<script> [1562 bytes]","args":[{"selector":{"controlType":"sap.m.Input","viewName":"etm.portal.ui.manageclassifications.view.Create","viewId":"application-manageclassifications-display-component---classificationCreate","bindingPath":{"path":"/VALUES/1","propertyPath":"TEXT","modelName":"dropdownValuesModel"},"searchOpenDialogs":true,"interaction":{"idSuffix":"inner"}},"wdio_ui5_key":"etmportal.ui.manageclassifications.view.Createsap.m.Input{\"path\":\"/VALUES/1\",\"propertyPath\":\"TEXT\",\"modelName\":\"dropdownValuesModel\"}"}]}
RESULT: {"script":"<script> [1562 bytes]","args":[{"selector":{"controlType":"sap.m.Input","viewName":"etm.portal.ui.manageclassifications.view.Create","viewId":"application-manageclassifications-display-component---classificationCreate","bindingPath":{"path":"/VALUES/1","propertyPath":"TEXT","modelName":"dropdownValuesModel"},"searchOpenDialogs":true,"interaction":{"idSuffix":"inner"}},"wdio_ui5_key":"etmportal.ui.manageclassifications.view.Createsap.m.Input{\"path\":\"/VALUES/1\",\"propertyPath\":\"TEXT\",\"modelName\":\"dropdownValuesModel\"}"}]}
RESULT: undefined
COMMAND: POST /session/bd8f6f9489bd62a6508a75490a4bbe45/execute/async - {"script":"<script> [776 bytes]","args":[{"enterText":"red","selector":{"controlType":"sap.m.Input","viewName":"etm.portal.ui.manageclassifications.view.Create","viewId":"application-manageclassifications-display-component---classificationCreate","bindingPath":{"path":"/VALUES/1","propertyPath":"TEXT","modelName":"dropdownValuesModel"},"searchOpenDialogs":true,"interaction":{"idSuffix":"inner"}},"clearTextFirst":true,"interactionType":"ENTER_TEXT"}]}
RESULT: {"script":"<script> [776 bytes]","args":[{"enterText":"red","selector":{"controlType":"sap.m.Input","viewName":"etm.portal.ui.manageclassifications.view.Create","viewId":"application-manageclassifications-display-component---classificationCreate","bindingPath":{"path":"/VALUES/1","propertyPath":"TEXT","modelName":"dropdownValuesModel"},"searchOpenDialogs":true,"interaction":{"idSuffix":"inner"}},"clearTextFirst":true,"interactionType":"ENTER_TEXT"}]}
COMMAND: POST /session/bd8f6f9489bd62a6508a75490a4bbe45/execute/async - {"script":"<script> [1562 bytes]","args":[{"selector":{"controlType":"sap.m.Button","viewName":"etm.portal.ui.manageclassifications.view.Create","viewId":"application-manageclassifications-display-component---classificationCreate","i18NText":{"propertyName":"text","key":"save"},"searchOpenDialogs":true,"interaction":{"idSuffix":"BDI-content"}},"wdio_ui5_key":"etmportal.ui.manageclassifications.view.Createsap.m.Button{\"propertyName\":\"text\",\"key\":\"save\"}"}]}
RESULT: {"script":"<script> [1562 bytes]","args":[{"selector":{"controlType":"sap.m.Button","viewName":"etm.portal.ui.manageclassifications.view.Create","viewId":"application-manageclassifications-display-component---classificationCreate","i18NText":{"propertyName":"text","key":"save"},"searchOpenDialogs":true,"interaction":{"idSuffix":"BDI-content"}},"wdio_ui5_key":"etmportal.ui.manageclassifications.view.Createsap.m.Button{\"propertyName\":\"text\",\"key\":\"save\"}"}]}
RESULT: undefined
COMMAND: POST /session/bd8f6f9489bd62a6508a75490a4bbe45/element - {"using":"xpath","value":"//*[@id=\"__button42\"]"}
RESULT: {"using":"xpath","value":"//*[@id=\"__button42\"]"}
COMMAND: POST /session/bd8f6f9489bd62a6508a75490a4bbe45/element/f.5D36BF6E7175A89251765FD96C6D3113.d.FEF1BC931458213EED77B2FF25C3D9ED.e.7164/click - {}
RESULT: {}
COMMAND: GET /session/bd8f6f9489bd62a6508a75490a4bbe45/screenshot - {}
RESULT: {}
COMMAND: POST /session/bd8f6f9489bd62a6508a75490a4bbe45/element - {"using":"xpath","value":"//button[@title=\"Save\"]"}
RESULT: {"using":"xpath","value":"//button[@title=\"Save\"]"}
COMMAND: POST /session/bd8f6f9489bd62a6508a75490a4bbe45/element/f.5D36BF6E7175A89251765FD96C6D3113.d.FEF1BC931458213EED77B2FF25C3D9ED.e.7099/click - {}
RESULT: {}
COMMAND: GET /session/bd8f6f9489bd62a6508a75490a4bbe45/screenshot - {}
RESULT: {}
COMMAND: POST /session/bd8f6f9489bd62a6508a75490a4bbe45/execute/async - {"script":"<script> [1562 bytes]","args":[{"selector":{"id":"application-manageclassifications-display-component---classificationMaster--smartFilterBar-btnBasicSearch","interaction":{"idSuffix":"I"}},"wdio_ui5_key":"applicationmanageclassifications-display-component---classificationMaster--smartFilterBar-btnBasicSearch"}]}
RESULT: {"script":"<script> [1562 bytes]","args":[{"selector":{"id":"application-manageclassifications-display-component---classificationMaster--smartFilterBar-btnBasicSearch","interaction":{"idSuffix":"I"}},"wdio_ui5_key":"applicationmanageclassifications-display-component---classificationMaster--smartFilterBar-btnBasicSearch"}]}
RESULT: undefined
COMMAND: POST /session/bd8f6f9489bd62a6508a75490a4bbe45/execute/async - {"script":"<script> [776 bytes]","args":[{"enterText":"WebdriverItemClasshd58y","selector":{"id":"application-manageclassifications-display-component---classificationMaster--smartFilterBar-btnBasicSearch","interaction":{"idSuffix":"I"}},"clearTextFirst":true,"interactionType":"ENTER_TEXT"}]}
RESULT: {"script":"<script> [776 bytes]","args":[{"enterText":"WebdriverItemClasshd58y","selector":{"id":"application-manageclassifications-display-component---classificationMaster--smartFilterBar-btnBasicSearch","interaction":{"idSuffix":"I"}},"clearTextFirst":true,"interactionType":"ENTER_TEXT"}]}
COMMAND: POST /session/bd8f6f9489bd62a6508a75490a4bbe45/actions - {"actions":[{"id":"action47","type":"key","parameters":{},"actions":[{"type":"keyDown","value":"î€‡"},{"type":"pause","duration":10},{"type":"keyUp","value":"î€‡"}]}]}
RESULT: {"actions":[{"id":"action47","type":"key","parameters":{},"actions":[{"type":"keyDown","value":"î€‡"},{"type":"pause","duration":10},{"type":"keyUp","value":"î€‡"}]}]}
COMMAND: POST /session/bd8f6f9489bd62a6508a75490a4bbe45/execute/async - {"script":"<script> [1562 bytes]","args":[{"selector":{"id":"application-manageclassifications-display-component---classificationMaster--smartTable-header"},"wdio_ui5_key":"applicationmanageclassifications-display-component---classificationMaster--smartTable-header"}]}
COMMAND: GET /session/bd8f6f9489bd62a6508a75490a4bbe45/screenshot - {}
RESULT: {"script":"<script> [1562 bytes]","args":[{"selector":{"id":"application-manageclassifications-display-component---classificationMaster--smartTable-header"},"wdio_ui5_key":"applicationmanageclassifications-display-component---classificationMaster--smartTable-header"}]}
RESULT: undefined
COMMAND: POST /session/bd8f6f9489bd62a6508a75490a4bbe45/execute/async - {"script":"<script> [6424 bytes]","args":[{"element-6066-11e4-a52e-4f735466cecf":"f.5D36BF6E7175A89251765FD96C6D3113.d.FEF1BC931458213EED77B2FF25C3D9ED.e.7350"},"getText",[]]}
RESULT: {}
RESULT: {"script":"<script> [6424 bytes]","args":[{"element-6066-11e4-a52e-4f735466cecf":"f.5D36BF6E7175A89251765FD96C6D3113.d.FEF1BC931458213EED77B2FF25C3D9ED.e.7350"},"getText",[]]}
COMMAND: POST /session/bd8f6f9489bd62a6508a75490a4bbe45/element - {"using":"css selector","value":"#shell-header-logo"}
RESULT: {"using":"css selector","value":"#shell-header-logo"}
COMMAND: POST /session/bd8f6f9489bd62a6508a75490a4bbe45/element/f.5D36BF6E7175A89251765FD96C6D3113.d.FEF1BC931458213EED77B2FF25C3D9ED.e.6739/click - {}
RESULT: {}
COMMAND: GET /session/bd8f6f9489bd62a6508a75490a4bbe45/screenshot - {}
RESULT: {}
]]></system-out>
    </testcase>
    <testcase classname="chrome.136_0_7103_93.windows.Manage_requests_-_requests_specifications_US141095" name="Should create a new section and a catalog item" time="130.8">
      <system-out><![CDATA[
COMMAND: POST /session/bd8f6f9489bd62a6508a75490a4bbe45/execute/async - {"script":"<script> [1562 bytes]","args":[{"selector":{"controlType":"sap.m.GenericTile","properties":{"header":"Manage Catalogs"}},"wdio_ui5_key":"sapm.GenericTile{\"header\":\"Manage Catalogs\"}"}]}
RESULT: {"script":"<script> [1562 bytes]","args":[{"selector":{"controlType":"sap.m.GenericTile","properties":{"header":"Manage Catalogs"}},"wdio_ui5_key":"sapm.GenericTile{\"header\":\"Manage Catalogs\"}"}]}
RESULT: undefined
COMMAND: POST /session/bd8f6f9489bd62a6508a75490a4bbe45/element - {"using":"xpath","value":"//*[@id=\"__tile37\"]"}
RESULT: {"using":"xpath","value":"//*[@id=\"__tile37\"]"}
COMMAND: POST /session/bd8f6f9489bd62a6508a75490a4bbe45/element/f.5D36BF6E7175A89251765FD96C6D3113.d.FEF1BC931458213EED77B2FF25C3D9ED.e.7354/click - {}
RESULT: {}
COMMAND: GET /session/bd8f6f9489bd62a6508a75490a4bbe45/screenshot - {}
RESULT: {}
COMMAND: POST /session/bd8f6f9489bd62a6508a75490a4bbe45/elements - {"using":"xpath","value":"//span[text()='Error']"}
RESULT: {"using":"xpath","value":"//span[text()='Error']"}
COMMAND: POST /session/bd8f6f9489bd62a6508a75490a4bbe45/execute/async - {"script":"<script> [1562 bytes]","args":[{"selector":{"controlType":"sap.m.Text","viewName":"etm.portal.ui.managecatalogs.view.MasterCatalogs","viewId":"application-managecatalogs-display-component---masterCatalogs","bindingPath":{"path":"/Catalogs('0D7502D073D53A0F1700BE067B89AFF9')","propertyPath":"DESCRIPTION","modelName":"catalogModel"}},"wdio_ui5_key":"etmportal.ui.managecatalogs.view.MasterCatalogssap.m.Text{\"path\":\"/Catalogs('0D7502D073D53A0F1700BE067B89AFF9')\",\"propertyPath\":\"DESCRIPTION\",\"modelName\":\"catalogModel\"}"}]}
RESULT: {"script":"<script> [1562 bytes]","args":[{"selector":{"controlType":"sap.m.Text","viewName":"etm.portal.ui.managecatalogs.view.MasterCatalogs","viewId":"application-managecatalogs-display-component---masterCatalogs","bindingPath":{"path":"/Catalogs('0D7502D073D53A0F1700BE067B89AFF9')","propertyPath":"DESCRIPTION","modelName":"catalogModel"}},"wdio_ui5_key":"etmportal.ui.managecatalogs.view.MasterCatalogssap.m.Text{\"path\":\"/Catalogs('0D7502D073D53A0F1700BE067B89AFF9')\",\"propertyPath\":\"DESCRIPTION\",\"modelName\":\"catalogModel\"}"}]}
RESULT: undefined
COMMAND: POST /session/bd8f6f9489bd62a6508a75490a4bbe45/element - {"using":"xpath","value":"//*[@id=\"__text432-application-managecatalogs-display-component---masterCatalogs--CatalogsTable-11\"]"}
RESULT: {"using":"xpath","value":"//*[@id=\"__text432-application-managecatalogs-display-component---masterCatalogs--CatalogsTable-11\"]"}
COMMAND: POST /session/bd8f6f9489bd62a6508a75490a4bbe45/element/f.5D36BF6E7175A89251765FD96C6D3113.d.FEF1BC931458213EED77B2FF25C3D9ED.e.7424/click - {}
RESULT: {}
COMMAND: POST /session/bd8f6f9489bd62a6508a75490a4bbe45/execute/async - {"script":"<script> [1562 bytes]","args":[{"selector":{"controlType":"sap.ui.layout.HorizontalLayout","viewName":"etm.portal.ui.managecatalogs.view.MasterItems","viewId":"application-managecatalogs-display-component---masterCatalogItems","ancestor":{"id":"application-managecatalogs-display-component---masterCatalogItems--idCatalogItemsTree-rows-row0"}},"wdio_ui5_key":"etmportal.ui.managecatalogs.view.MasterItemssap.ui.layout.HorizontalLayout{\"id\":\"application-managecatalogs-display-component---masterCatalogItems--idCatalogItemsTree-rows-row0\"}"}]}
COMMAND: GET /session/bd8f6f9489bd62a6508a75490a4bbe45/screenshot - {}
RESULT: {"script":"<script> [1562 bytes]","args":[{"selector":{"controlType":"sap.ui.layout.HorizontalLayout","viewName":"etm.portal.ui.managecatalogs.view.MasterItems","viewId":"application-managecatalogs-display-component---masterCatalogItems","ancestor":{"id":"application-managecatalogs-display-component---masterCatalogItems--idCatalogItemsTree-rows-row0"}},"wdio_ui5_key":"etmportal.ui.managecatalogs.view.MasterItemssap.ui.layout.HorizontalLayout{\"id\":\"application-managecatalogs-display-component---masterCatalogItems--idCatalogItemsTree-rows-row0\"}"}]}
RESULT: undefined
COMMAND: POST /session/bd8f6f9489bd62a6508a75490a4bbe45/element - {"using":"xpath","value":"//*[@id=\"__layout40-__clone430\"]"}
RESULT: {}
RESULT: {"using":"xpath","value":"//*[@id=\"__layout40-__clone430\"]"}
COMMAND: POST /session/bd8f6f9489bd62a6508a75490a4bbe45/element/f.5D36BF6E7175A89251765FD96C6D3113.d.FEF1BC931458213EED77B2FF25C3D9ED.e.7458/click - {}
RESULT: {}
COMMAND: GET /session/bd8f6f9489bd62a6508a75490a4bbe45/screenshot - {}
COMMAND: POST /session/bd8f6f9489bd62a6508a75490a4bbe45/execute/async - {"script":"<script> [1562 bytes]","args":[{"selector":{"controlType":"sap.m.Button","viewName":"etm.portal.ui.managecatalogs.view.Detail","viewId":"application-managecatalogs-display-component---detailCatalog","i18NText":{"propertyName":"text","key":"edit"},"interaction":{"idSuffix":"BDI-content"}},"wdio_ui5_key":"etmportal.ui.managecatalogs.view.Detailsap.m.Button{\"propertyName\":\"text\",\"key\":\"edit\"}"}]}
RESULT: {}
RESULT: {"script":"<script> [1562 bytes]","args":[{"selector":{"controlType":"sap.m.Button","viewName":"etm.portal.ui.managecatalogs.view.Detail","viewId":"application-managecatalogs-display-component---detailCatalog","i18NText":{"propertyName":"text","key":"edit"},"interaction":{"idSuffix":"BDI-content"}},"wdio_ui5_key":"etmportal.ui.managecatalogs.view.Detailsap.m.Button{\"propertyName\":\"text\",\"key\":\"edit\"}"}]}
RESULT: undefined
COMMAND: POST /session/bd8f6f9489bd62a6508a75490a4bbe45/element - {"using":"xpath","value":"//*[@id=\"__button86\"]"}
RESULT: {"using":"xpath","value":"//*[@id=\"__button86\"]"}
COMMAND: POST /session/bd8f6f9489bd62a6508a75490a4bbe45/element/f.5D36BF6E7175A89251765FD96C6D3113.d.FEF1BC931458213EED77B2FF25C3D9ED.e.7570/click - {}
RESULT: {}
COMMAND: GET /session/bd8f6f9489bd62a6508a75490a4bbe45/screenshot - {}
RESULT: {}
COMMAND: POST /session/bd8f6f9489bd62a6508a75490a4bbe45/element - {"using":"xpath","value":"//bdi[contains(text(), \"Unlock\")]"}
RESULT: {"using":"xpath","value":"//bdi[contains(text(), \"Unlock\")]"}
COMMAND: POST /session/bd8f6f9489bd62a6508a75490a4bbe45/elements - {"using":"xpath","value":"//bdi[contains(text(), \"Unlock\")]"}
RESULT: {"using":"xpath","value":"//bdi[contains(text(), \"Unlock\")]"}
COMMAND: POST /session/bd8f6f9489bd62a6508a75490a4bbe45/execute/async - {"script":"<script> [1562 bytes]","args":[{"selector":{"controlType":"sap.ui.core.Icon","viewName":"etm.portal.ui.managecatalogs.view.Detail","viewId":"application-managecatalogs-display-component---detailCatalog","properties":{"src":{"regex":{"source":"add\\-folder"}}}},"wdio_ui5_key":"etmportal.ui.managecatalogs.view.Detailsap.ui.core.Icon{\"src\":{\"regex\":{\"source\":\"add\\\\-folder\"}}}"}]}
RESULT: {"script":"<script> [1562 bytes]","args":[{"selector":{"controlType":"sap.ui.core.Icon","viewName":"etm.portal.ui.managecatalogs.view.Detail","viewId":"application-managecatalogs-display-component---detailCatalog","properties":{"src":{"regex":{"source":"add\\-folder"}}}},"wdio_ui5_key":"etmportal.ui.managecatalogs.view.Detailsap.ui.core.Icon{\"src\":{\"regex\":{\"source\":\"add\\\\-folder\"}}}"}]}
RESULT: undefined
COMMAND: POST /session/bd8f6f9489bd62a6508a75490a4bbe45/element - {"using":"xpath","value":"//*[@id=\"__button94-img\"]"}
RESULT: {"using":"xpath","value":"//*[@id=\"__button94-img\"]"}
COMMAND: POST /session/bd8f6f9489bd62a6508a75490a4bbe45/element/f.5D36BF6E7175A89251765FD96C6D3113.d.FEF1BC931458213EED77B2FF25C3D9ED.e.7577/click - {}
RESULT: {}
COMMAND: GET /session/bd8f6f9489bd62a6508a75490a4bbe45/screenshot - {}
RESULT: {}
COMMAND: POST /session/bd8f6f9489bd62a6508a75490a4bbe45/execute/async - {"script":"<script> [1562 bytes]","args":[{"selector":{"id":"application-managecatalogs-display-component---detailCatalog--numberInput","searchOpenDialogs":true,"interaction":{"idSuffix":"inner"}},"wdio_ui5_key":"applicationmanagecatalogs-display-component---detailCatalog--numberInput"}]}
RESULT: {"script":"<script> [1562 bytes]","args":[{"selector":{"id":"application-managecatalogs-display-component---detailCatalog--numberInput","searchOpenDialogs":true,"interaction":{"idSuffix":"inner"}},"wdio_ui5_key":"applicationmanagecatalogs-display-component---detailCatalog--numberInput"}]}
RESULT: undefined
COMMAND: POST /session/bd8f6f9489bd62a6508a75490a4bbe45/execute/async - {"script":"<script> [776 bytes]","args":[{"enterText":"Sectionblfa9h","selector":{"id":"application-managecatalogs-display-component---detailCatalog--numberInput","searchOpenDialogs":true,"interaction":{"idSuffix":"inner"}},"clearTextFirst":true,"interactionType":"ENTER_TEXT"}]}
RESULT: {"script":"<script> [776 bytes]","args":[{"enterText":"Sectionblfa9h","selector":{"id":"application-managecatalogs-display-component---detailCatalog--numberInput","searchOpenDialogs":true,"interaction":{"idSuffix":"inner"}},"clearTextFirst":true,"interactionType":"ENTER_TEXT"}]}
COMMAND: POST /session/bd8f6f9489bd62a6508a75490a4bbe45/element - {"using":"css selector","value":"#application-managecatalogs-display-component---detailCatalog--nameInput-inner"}
RESULT: {"using":"css selector","value":"#application-managecatalogs-display-component---detailCatalog--nameInput-inner"}
COMMAND: POST /session/bd8f6f9489bd62a6508a75490a4bbe45/elements - {"using":"css selector","value":"#application-managecatalogs-display-component---detailCatalog--nameInput-inner"}
RESULT: {"using":"css selector","value":"#application-managecatalogs-display-component---detailCatalog--nameInput-inner"}
COMMAND: POST /session/bd8f6f9489bd62a6508a75490a4bbe45/element/f.5D36BF6E7175A89251765FD96C6D3113.d.FEF1BC931458213EED77B2FF25C3D9ED.e.7581/clear - {}
RESULT: {}
COMMAND: POST /session/bd8f6f9489bd62a6508a75490a4bbe45/element/f.5D36BF6E7175A89251765FD96C6D3113.d.FEF1BC931458213EED77B2FF25C3D9ED.e.7581/value - {"text":"Webdriver795uxl"}
COMMAND: GET /session/bd8f6f9489bd62a6508a75490a4bbe45/screenshot - {}
RESULT: {"text":"Webdriver795uxl"}
COMMAND: POST /session/bd8f6f9489bd62a6508a75490a4bbe45/execute/async - {"script":"<script> [1562 bytes]","args":[{"selector":{"controlType":"sap.m.Button","viewName":"etm.portal.ui.managecatalogs.view.Detail","viewId":"application-managecatalogs-display-component---detailCatalog","i18NText":{"propertyName":"text","key":"create"},"searchOpenDialogs":true,"interaction":{"idSuffix":"BDI-content"}},"wdio_ui5_key":"etmportal.ui.managecatalogs.view.Detailsap.m.Button{\"propertyName\":\"text\",\"key\":\"create\"}"}]}
COMMAND: GET /session/bd8f6f9489bd62a6508a75490a4bbe45/screenshot - {}
RESULT: {}
RESULT: {"script":"<script> [1562 bytes]","args":[{"selector":{"controlType":"sap.m.Button","viewName":"etm.portal.ui.managecatalogs.view.Detail","viewId":"application-managecatalogs-display-component---detailCatalog","i18NText":{"propertyName":"text","key":"create"},"searchOpenDialogs":true,"interaction":{"idSuffix":"BDI-content"}},"wdio_ui5_key":"etmportal.ui.managecatalogs.view.Detailsap.m.Button{\"propertyName\":\"text\",\"key\":\"create\"}"}]}
RESULT: undefined
COMMAND: POST /session/bd8f6f9489bd62a6508a75490a4bbe45/element - {"using":"xpath","value":"//*[@id=\"__button64\"]"}
RESULT: {}
RESULT: {"using":"xpath","value":"//*[@id=\"__button64\"]"}
COMMAND: POST /session/bd8f6f9489bd62a6508a75490a4bbe45/element/f.5D36BF6E7175A89251765FD96C6D3113.d.FEF1BC931458213EED77B2FF25C3D9ED.e.7586/click - {}
RESULT: {}
COMMAND: GET /session/bd8f6f9489bd62a6508a75490a4bbe45/screenshot - {}
RESULT: {}
COMMAND: POST /session/bd8f6f9489bd62a6508a75490a4bbe45/element - {"using":"xpath","value":"//button[@title=\"Save\"]"}
RESULT: {"using":"xpath","value":"//button[@title=\"Save\"]"}
COMMAND: POST /session/bd8f6f9489bd62a6508a75490a4bbe45/element/f.5D36BF6E7175A89251765FD96C6D3113.d.FEF1BC931458213EED77B2FF25C3D9ED.e.7587/click - {}
RESULT: {}
COMMAND: POST /session/bd8f6f9489bd62a6508a75490a4bbe45/execute/async - {"script":"<script> [1562 bytes]","args":[{"selector":{"controlType":"sap.ui.core.Icon","viewName":"etm.portal.ui.managecatalogs.view.Detail","viewId":"application-managecatalogs-display-component---detailCatalog","properties":{"src":{"regex":{"source":"decline"}}}},"wdio_ui5_key":"etmportal.ui.managecatalogs.view.Detailsap.ui.core.Icon{\"src\":{\"regex\":{\"source\":\"decline\"}}}"}]}
COMMAND: GET /session/bd8f6f9489bd62a6508a75490a4bbe45/screenshot - {}
RESULT: {"script":"<script> [1562 bytes]","args":[{"selector":{"controlType":"sap.ui.core.Icon","viewName":"etm.portal.ui.managecatalogs.view.Detail","viewId":"application-managecatalogs-display-component---detailCatalog","properties":{"src":{"regex":{"source":"decline"}}}},"wdio_ui5_key":"etmportal.ui.managecatalogs.view.Detailsap.ui.core.Icon{\"src\":{\"regex\":{\"source\":\"decline\"}}}"}]}
RESULT: undefined
COMMAND: POST /session/bd8f6f9489bd62a6508a75490a4bbe45/element - {"using":"xpath","value":"//*[@id=\"__button89-img\"]"}
RESULT: {}
RESULT: {"using":"xpath","value":"//*[@id=\"__button89-img\"]"}
COMMAND: POST /session/bd8f6f9489bd62a6508a75490a4bbe45/element/f.5D36BF6E7175A89251765FD96C6D3113.d.FEF1BC931458213EED77B2FF25C3D9ED.e.7592/click - {}
RESULT: {}
COMMAND: GET /session/bd8f6f9489bd62a6508a75490a4bbe45/screenshot - {}
RESULT: {}
COMMAND: POST /session/bd8f6f9489bd62a6508a75490a4bbe45/execute/async - {"script":"<script> [1562 bytes]","args":[{"selector":{"controlType":"sap.ui.core.Icon","viewName":"etm.portal.ui.managecatalogs.view.MasterItems","viewId":"application-managecatalogs-display-component---masterCatalogItems","properties":{"src":{"regex":{"source":"refresh"}}}},"wdio_ui5_key":"etmportal.ui.managecatalogs.view.MasterItemssap.ui.core.Icon{\"src\":{\"regex\":{\"source\":\"refresh\"}}}"}]}
RESULT: {"script":"<script> [1562 bytes]","args":[{"selector":{"controlType":"sap.ui.core.Icon","viewName":"etm.portal.ui.managecatalogs.view.MasterItems","viewId":"application-managecatalogs-display-component---masterCatalogItems","properties":{"src":{"regex":{"source":"refresh"}}}},"wdio_ui5_key":"etmportal.ui.managecatalogs.view.MasterItemssap.ui.core.Icon{\"src\":{\"regex\":{\"source\":\"refresh\"}}}"}]}
RESULT: undefined
COMMAND: POST /session/bd8f6f9489bd62a6508a75490a4bbe45/element - {"using":"xpath","value":"//*[@id=\"__button62-img\"]"}
RESULT: {"using":"xpath","value":"//*[@id=\"__button62-img\"]"}
COMMAND: POST /session/bd8f6f9489bd62a6508a75490a4bbe45/element/f.5D36BF6E7175A89251765FD96C6D3113.d.FEF1BC931458213EED77B2FF25C3D9ED.e.7626/click - {}
RESULT: {}
COMMAND: POST /session/bd8f6f9489bd62a6508a75490a4bbe45/execute/async - {"script":"<script> [1562 bytes]","args":[{"selector":{"id":"application-managecatalogs-display-component---masterCatalogItems--searchItemsField","interaction":{"idSuffix":"I"}},"wdio_ui5_key":"applicationmanagecatalogs-display-component---masterCatalogItems--searchItemsField"}]}
COMMAND: GET /session/bd8f6f9489bd62a6508a75490a4bbe45/screenshot - {}
RESULT: {"script":"<script> [1562 bytes]","args":[{"selector":{"id":"application-managecatalogs-display-component---masterCatalogItems--searchItemsField","interaction":{"idSuffix":"I"}},"wdio_ui5_key":"applicationmanagecatalogs-display-component---masterCatalogItems--searchItemsField"}]}
RESULT: undefined
COMMAND: POST /session/bd8f6f9489bd62a6508a75490a4bbe45/execute/async - {"script":"<script> [776 bytes]","args":[{"enterText":"Webdriver795uxl","selector":{"id":"application-managecatalogs-display-component---masterCatalogItems--searchItemsField","interaction":{"idSuffix":"I"}},"clearTextFirst":true,"interactionType":"ENTER_TEXT"}]}
RESULT: {}
RESULT: {"script":"<script> [776 bytes]","args":[{"enterText":"Webdriver795uxl","selector":{"id":"application-managecatalogs-display-component---masterCatalogItems--searchItemsField","interaction":{"idSuffix":"I"}},"clearTextFirst":true,"interactionType":"ENTER_TEXT"}]}
COMMAND: POST /session/bd8f6f9489bd62a6508a75490a4bbe45/actions - {"actions":[{"id":"action48","type":"key","parameters":{},"actions":[{"type":"keyDown","value":"î€‡"},{"type":"pause","duration":10},{"type":"keyUp","value":"î€‡"}]}]}
RESULT: {"actions":[{"id":"action48","type":"key","parameters":{},"actions":[{"type":"keyDown","value":"î€‡"},{"type":"pause","duration":10},{"type":"keyUp","value":"î€‡"}]}]}
COMMAND: POST /session/bd8f6f9489bd62a6508a75490a4bbe45/element - {"using":"xpath","value":"(//span[contains(text(), \"Webdriver795uxl\")])[1]"}
COMMAND: GET /session/bd8f6f9489bd62a6508a75490a4bbe45/screenshot - {}
RESULT: {"using":"xpath","value":"(//span[contains(text(), \"Webdriver795uxl\")])[1]"}
COMMAND: POST /session/bd8f6f9489bd62a6508a75490a4bbe45/element/f.5D36BF6E7175A89251765FD96C6D3113.d.FEF1BC931458213EED77B2FF25C3D9ED.e.7629/click - {}
RESULT: {}
RESULT: {}
COMMAND: GET /session/bd8f6f9489bd62a6508a75490a4bbe45/screenshot - {}
RESULT: {}
RESULT: undefined
COMMAND: POST /session/bd8f6f9489bd62a6508a75490a4bbe45/element - {"using":"xpath","value":"//*[@id=\"__button86\"]"}
RESULT: {"using":"xpath","value":"//*[@id=\"__button86\"]"}
COMMAND: POST /session/bd8f6f9489bd62a6508a75490a4bbe45/element/f.5D36BF6E7175A89251765FD96C6D3113.d.FEF1BC931458213EED77B2FF25C3D9ED.e.7697/click - {}
RESULT: {}
COMMAND: GET /session/bd8f6f9489bd62a6508a75490a4bbe45/screenshot - {}
RESULT: {}
RESULT: undefined
COMMAND: POST /session/bd8f6f9489bd62a6508a75490a4bbe45/element - {"using":"xpath","value":"//*[@id=\"__button94-img\"]"}
RESULT: {"using":"xpath","value":"//*[@id=\"__button94-img\"]"}
COMMAND: POST /session/bd8f6f9489bd62a6508a75490a4bbe45/element/f.5D36BF6E7175A89251765FD96C6D3113.d.FEF1BC931458213EED77B2FF25C3D9ED.e.7714/click - {}
RESULT: {}
COMMAND: GET /session/bd8f6f9489bd62a6508a75490a4bbe45/screenshot - {}
RESULT: {}
RESULT: undefined
COMMAND: POST /session/bd8f6f9489bd62a6508a75490a4bbe45/execute/async - {"script":"<script> [776 bytes]","args":[{"enterText":"SecondSectionboc89","selector":{"id":"application-managecatalogs-display-component---detailCatalog--numberInput","searchOpenDialogs":true,"interaction":{"idSuffix":"inner"}},"clearTextFirst":true,"interactionType":"ENTER_TEXT"}]}
RESULT: {"script":"<script> [776 bytes]","args":[{"enterText":"SecondSectionboc89","selector":{"id":"application-managecatalogs-display-component---detailCatalog--numberInput","searchOpenDialogs":true,"interaction":{"idSuffix":"inner"}},"clearTextFirst":true,"interactionType":"ENTER_TEXT"}]}
COMMAND: POST /session/bd8f6f9489bd62a6508a75490a4bbe45/element - {"using":"xpath","value":"//input[contains(@id ,\"application-managecatalogs-display-component---detailCatalog--nameInput-inner\")]"}
RESULT: {"using":"xpath","value":"//input[contains(@id ,\"application-managecatalogs-display-component---detailCatalog--nameInput-inner\")]"}
COMMAND: POST /session/bd8f6f9489bd62a6508a75490a4bbe45/elements - {"using":"xpath","value":"//input[contains(@id ,\"application-managecatalogs-display-component---detailCatalog--nameInput-inner\")]"}
RESULT: {"using":"xpath","value":"//input[contains(@id ,\"application-managecatalogs-display-component---detailCatalog--nameInput-inner\")]"}
COMMAND: POST /session/bd8f6f9489bd62a6508a75490a4bbe45/element/f.5D36BF6E7175A89251765FD96C6D3113.d.FEF1BC931458213EED77B2FF25C3D9ED.e.7717/clear - {}
RESULT: {}
COMMAND: POST /session/bd8f6f9489bd62a6508a75490a4bbe45/element/f.5D36BF6E7175A89251765FD96C6D3113.d.FEF1BC931458213EED77B2FF25C3D9ED.e.7717/value - {"text":"webdriversecondmzohk"}
COMMAND: GET /session/bd8f6f9489bd62a6508a75490a4bbe45/screenshot - {}
RESULT: {"text":"webdriversecondmzohk"}
RESULT: undefined
COMMAND: POST /session/bd8f6f9489bd62a6508a75490a4bbe45/element - {"using":"xpath","value":"//*[@id=\"__button64\"]"}
COMMAND: GET /session/bd8f6f9489bd62a6508a75490a4bbe45/screenshot - {}
RESULT: {}
RESULT: {"using":"xpath","value":"//*[@id=\"__button64\"]"}
COMMAND: POST /session/bd8f6f9489bd62a6508a75490a4bbe45/element/f.5D36BF6E7175A89251765FD96C6D3113.d.FEF1BC931458213EED77B2FF25C3D9ED.e.7721/click - {}
RESULT: {}
RESULT: {}
COMMAND: GET /session/bd8f6f9489bd62a6508a75490a4bbe45/screenshot - {}
RESULT: {}
COMMAND: POST /session/bd8f6f9489bd62a6508a75490a4bbe45/element - {"using":"xpath","value":"//button[@title=\"Save\"]"}
RESULT: {"using":"xpath","value":"//button[@title=\"Save\"]"}
COMMAND: POST /session/bd8f6f9489bd62a6508a75490a4bbe45/element/f.5D36BF6E7175A89251765FD96C6D3113.d.FEF1BC931458213EED77B2FF25C3D9ED.e.7701/click - {}
RESULT: {}
COMMAND: GET /session/bd8f6f9489bd62a6508a75490a4bbe45/screenshot - {}
RESULT: {}
RESULT: undefined
COMMAND: POST /session/bd8f6f9489bd62a6508a75490a4bbe45/element - {"using":"xpath","value":"//*[@id=\"__button89-img\"]"}
RESULT: {"using":"xpath","value":"//*[@id=\"__button89-img\"]"}
COMMAND: POST /session/bd8f6f9489bd62a6508a75490a4bbe45/element/f.5D36BF6E7175A89251765FD96C6D3113.d.FEF1BC931458213EED77B2FF25C3D9ED.e.7725/click - {}
RESULT: {}
COMMAND: GET /session/bd8f6f9489bd62a6508a75490a4bbe45/screenshot - {}
RESULT: {}
RESULT: undefined
COMMAND: POST /session/bd8f6f9489bd62a6508a75490a4bbe45/element - {"using":"xpath","value":"//*[@id=\"__button62-img\"]"}
RESULT: {"using":"xpath","value":"//*[@id=\"__button62-img\"]"}
COMMAND: POST /session/bd8f6f9489bd62a6508a75490a4bbe45/element/f.5D36BF6E7175A89251765FD96C6D3113.d.FEF1BC931458213EED77B2FF25C3D9ED.e.7761/click - {}
RESULT: {}
COMMAND: GET /session/bd8f6f9489bd62a6508a75490a4bbe45/screenshot - {}
RESULT: {}
RESULT: undefined
COMMAND: POST /session/bd8f6f9489bd62a6508a75490a4bbe45/execute/async - {"script":"<script> [776 bytes]","args":[{"enterText":"SecondSectionboc89","selector":{"id":"application-managecatalogs-display-component---masterCatalogItems--searchItemsField","interaction":{"idSuffix":"I"}},"clearTextFirst":true,"interactionType":"ENTER_TEXT"}]}
RESULT: {"script":"<script> [776 bytes]","args":[{"enterText":"SecondSectionboc89","selector":{"id":"application-managecatalogs-display-component---masterCatalogItems--searchItemsField","interaction":{"idSuffix":"I"}},"clearTextFirst":true,"interactionType":"ENTER_TEXT"}]}
COMMAND: POST /session/bd8f6f9489bd62a6508a75490a4bbe45/actions - {"actions":[{"id":"action49","type":"key","parameters":{},"actions":[{"type":"keyDown","value":"î€‡"},{"type":"pause","duration":10},{"type":"keyUp","value":"î€‡"}]}]}
RESULT: {"actions":[{"id":"action49","type":"key","parameters":{},"actions":[{"type":"keyDown","value":"î€‡"},{"type":"pause","duration":10},{"type":"keyUp","value":"î€‡"}]}]}
COMMAND: POST /session/bd8f6f9489bd62a6508a75490a4bbe45/element - {"using":"xpath","value":"(//span[contains(text(), \"SecondSectionboc89\")])[1]"}
COMMAND: GET /session/bd8f6f9489bd62a6508a75490a4bbe45/screenshot - {}
RESULT: {"using":"xpath","value":"(//span[contains(text(), \"SecondSectionboc89\")])[1]"}
COMMAND: POST /session/bd8f6f9489bd62a6508a75490a4bbe45/element/f.5D36BF6E7175A89251765FD96C6D3113.d.FEF1BC931458213EED77B2FF25C3D9ED.e.7764/click - {}
RESULT: {}
RESULT: {}
COMMAND: POST /session/bd8f6f9489bd62a6508a75490a4bbe45/element - {"using":"xpath","value":"(//span[contains(text(), \"SecondSectionboc89\")])[1]"}
COMMAND: GET /session/bd8f6f9489bd62a6508a75490a4bbe45/screenshot - {}
RESULT: {"using":"xpath","value":"(//span[contains(text(), \"SecondSectionboc89\")])[1]"}
COMMAND: GET /session/bd8f6f9489bd62a6508a75490a4bbe45/element/f.5D36BF6E7175A89251765FD96C6D3113.d.FEF1BC931458213EED77B2FF25C3D9ED.e.7764/text - {}
RESULT: {}
COMMAND: POST /session/bd8f6f9489bd62a6508a75490a4bbe45/element - {"using":"xpath","value":"(//span[contains(text(), \"SecondSectionboc89\")])[1]"}
RESULT: {"using":"xpath","value":"(//span[contains(text(), \"SecondSectionboc89\")])[1]"}
COMMAND: GET /session/bd8f6f9489bd62a6508a75490a4bbe45/element/f.5D36BF6E7175A89251765FD96C6D3113.d.FEF1BC931458213EED77B2FF25C3D9ED.e.7764/text - {}
COMMAND: POST /session/bd8f6f9489bd62a6508a75490a4bbe45/element - {"using":"xpath","value":"(//span[contains(text(), \"SecondSectionboc89\")])[1]"}
RESULT: {"using":"xpath","value":"(//span[contains(text(), \"SecondSectionboc89\")])[1]"}
COMMAND: GET /session/bd8f6f9489bd62a6508a75490a4bbe45/element/f.5D36BF6E7175A89251765FD96C6D3113.d.FEF1BC931458213EED77B2FF25C3D9ED.e.7817/text - {}
RESULT: {}
COMMAND: POST /session/bd8f6f9489bd62a6508a75490a4bbe45/refresh - {}
RESULT: {}
COMMAND: GET /session/bd8f6f9489bd62a6508a75490a4bbe45/screenshot - {}
RESULT: {}
COMMAND: POST /session/bd8f6f9489bd62a6508a75490a4bbe45/execute/async - {"script":"<script> [189 bytes]","args":[]}
RESULT: {"script":"<script> [189 bytes]","args":[]}
COMMAND: POST /session/bd8f6f9489bd62a6508a75490a4bbe45/execute/async - {"script":"<script> [123 bytes]","args":[]}
RESULT: {"script":"<script> [123 bytes]","args":[]}
COMMAND: POST /session/bd8f6f9489bd62a6508a75490a4bbe45/timeouts - {"script":"<number>"}
RESULT: {"script":"<number>"}
COMMAND: GET /session/bd8f6f9489bd62a6508a75490a4bbe45/timeouts - {}
RESULT: {}
RESULT: undefined
COMMAND: POST /session/bd8f6f9489bd62a6508a75490a4bbe45/execute/async - {"script":"<script> [2676 bytes]","args":[]}
RESULT: {"script":"<script> [2676 bytes]","args":[]}
COMMAND: POST /session/bd8f6f9489bd62a6508a75490a4bbe45/execute/async - {"script":"<script> [2342 bytes]","args":[{"protocol":"http","hostname":"0.0.0.0","path":"/","capabilities":{"browserName":"chrome","goog:chromeOptions":{"binary":"C:\\Program Files\\Google\\Chrome\\Application\\chrome.exe","args":["--start-maximized"]}},"logLevel":"warn","connectionRetryTimeout":120000,"connectionRetryCount":3,"logLevels":{},"enableDirectConnect":true,"strictSSL":true,"_":"65 more keys: [\"cacheDir\",\"port\",\"requestedCapabilities\",\"automationProtocol\",\"baseUrl\",\"waitforInterval\",\"waitforTimeout\",\"onReload\",\"beforeCommand\",\"afterCommand\",\"rootDir\",\"specs\",\"suites\",\"exclude\",\"groupLogsByTestSpec\",\"excludeDriverLogs\",\"bail\",\"framework\",\"reporters\",\"services\",\"maxInstances\",\"maxInstancesPerCapability\",\"injectGlobals\",\"filesToWatch\",\"execArgv\",\"runnerEnv\",\"runner\",\"shard\",\"specFileRetries\",\"specFileRetriesDelay\",\"specFileRetriesDeferred\",\"reporterSyncInterval\",\"reporterSyncTimeout\",\"cucumberFeaturesWithLineNumbers\",\"autoCompileOpts\",\"mochaOpts\",\"jasmineOpts\",\"cucumberOpts\",\"onPrepare\",\"onWorkerStart\",\"onWorkerEnd\",\"before\",\"beforeSession\",\"beforeSuite\",\"beforeHook\",\"beforeTest\",\"afterTest\",\"afterHook\",\"afterSuite\",\"afterSession\",\"after\",\"onComplete\",\"beforeAssertion\",\"afterAssertion\",\"beforeFeature\",\"beforeScenario\",\"beforeStep\",\"afterStep\",\"afterScenario\",\"afterFeature\",\"_\",\"suite\",\"$0\",\"ignoredWorkerServices\",\"wdi5\"]"}]}
RESULT: {"script":"<script> [2342 bytes]","args":[{"protocol":"http","hostname":"0.0.0.0","path":"/","capabilities":{"browserName":"chrome","goog:chromeOptions":{"binary":"C:\\Program Files\\Google\\Chrome\\Application\\chrome.exe","args":["--start-maximized"]}},"logLevel":"warn","connectionRetryTimeout":120000,"connectionRetryCount":3,"logLevels":{},"enableDirectConnect":true,"strictSSL":true,"_":"65 more keys: [\"cacheDir\",\"port\",\"requestedCapabilities\",\"automationProtocol\",\"baseUrl\",\"waitforInterval\",\"waitforTimeout\",\"onReload\",\"beforeCommand\",\"afterCommand\",\"rootDir\",\"specs\",\"suites\",\"exclude\",\"groupLogsByTestSpec\",\"excludeDriverLogs\",\"bail\",\"framework\",\"reporters\",\"services\",\"maxInstances\",\"maxInstancesPerCapability\",\"injectGlobals\",\"filesToWatch\",\"execArgv\",\"runnerEnv\",\"runner\",\"shard\",\"specFileRetries\",\"specFileRetriesDelay\",\"specFileRetriesDeferred\",\"reporterSyncInterval\",\"reporterSyncTimeout\",\"cucumberFeaturesWithLineNumbers\",\"autoCompileOpts\",\"mochaOpts\",\"jasmineOpts\",\"cucumberOpts\",\"onPrepare\",\"onWorkerStart\",\"onWorkerEnd\",\"before\",\"beforeSession\",\"beforeSuite\",\"beforeHook\",\"beforeTest\",\"afterTest\",\"afterHook\",\"afterSuite\",\"afterSession\",\"after\",\"onComplete\",\"beforeAssertion\",\"afterAssertion\",\"beforeFeature\",\"beforeScenario\",\"beforeStep\",\"afterStep\",\"afterScenario\",\"afterFeature\",\"_\",\"suite\",\"$0\",\"ignoredWorkerServices\",\"wdi5\"]"}]}
COMMAND: POST /session/bd8f6f9489bd62a6508a75490a4bbe45/execute/async - {"script":"<script> [21126 bytes]","args":[35000]}
RESULT: {"script":"<script> [21126 bytes]","args":[35000]}
COMMAND: POST /session/bd8f6f9489bd62a6508a75490a4bbe45/execute/async - {"script":"<script> [1562 bytes]","args":[{"selector":{"controlType":"sap.m.Button","viewName":"etm.portal.ui.managecatalogs.view.Detail","viewId":"application-managecatalogs-display-component---detailCatalog","i18NText":{"propertyName":"text","key":"edit"},"interaction":{"idSuffix":"BDI-content"}},"wdio_ui5_key":"etmportal.ui.managecatalogs.view.Detailsap.m.Button{\"propertyName\":\"text\",\"key\":\"edit\"}"}]}
RESULT: {"script":"<script> [1562 bytes]","args":[{"selector":{"controlType":"sap.m.Button","viewName":"etm.portal.ui.managecatalogs.view.Detail","viewId":"application-managecatalogs-display-component---detailCatalog","i18NText":{"propertyName":"text","key":"edit"},"interaction":{"idSuffix":"BDI-content"}},"wdio_ui5_key":"etmportal.ui.managecatalogs.view.Detailsap.m.Button{\"propertyName\":\"text\",\"key\":\"edit\"}"}]}
RESULT: undefined
COMMAND: POST /session/bd8f6f9489bd62a6508a75490a4bbe45/element - {"using":"xpath","value":"//*[@id=\"__button25\"]"}
RESULT: {"using":"xpath","value":"//*[@id=\"__button25\"]"}
COMMAND: POST /session/bd8f6f9489bd62a6508a75490a4bbe45/element/f.5D36BF6E7175A89251765FD96C6D3113.d.17DE861CC96B68D8A3499CD7B36B4EF7.e.7874/click - {}
RESULT: {}
COMMAND: POST /session/bd8f6f9489bd62a6508a75490a4bbe45/execute/async - {"script":"<script> [1562 bytes]","args":[{"selector":{"controlType":"sap.ui.core.Icon","viewName":"etm.portal.ui.managecatalogs.view.Detail","viewId":"application-managecatalogs-display-component---detailCatalog","properties":{"src":{"regex":{"source":"add\\-document"}}}},"wdio_ui5_key":"etmportal.ui.managecatalogs.view.Detailsap.ui.core.Icon{\"src\":{\"regex\":{\"source\":\"add\\\\-document\"}}}"}]}
COMMAND: GET /session/bd8f6f9489bd62a6508a75490a4bbe45/screenshot - {}
RESULT: {"script":"<script> [1562 bytes]","args":[{"selector":{"controlType":"sap.ui.core.Icon","viewName":"etm.portal.ui.managecatalogs.view.Detail","viewId":"application-managecatalogs-display-component---detailCatalog","properties":{"src":{"regex":{"source":"add\\-document"}}}},"wdio_ui5_key":"etmportal.ui.managecatalogs.view.Detailsap.ui.core.Icon{\"src\":{\"regex\":{\"source\":\"add\\\\-document\"}}}"}]}
RESULT: undefined
COMMAND: POST /session/bd8f6f9489bd62a6508a75490a4bbe45/element - {"using":"xpath","value":"//*[@id=\"__button34-img\"]"}
RESULT: {}
RESULT: {"using":"xpath","value":"//*[@id=\"__button34-img\"]"}
COMMAND: POST /session/bd8f6f9489bd62a6508a75490a4bbe45/element/f.5D36BF6E7175A89251765FD96C6D3113.d.17DE861CC96B68D8A3499CD7B36B4EF7.e.7878/click - {}
RESULT: {}
COMMAND: POST /session/bd8f6f9489bd62a6508a75490a4bbe45/execute/async - {"script":"<script> [1562 bytes]","args":[{"selector":{"id":"application-managecatalogs-display-component---detailCatalog--newItemNumberInput","searchOpenDialogs":true,"interaction":{"idSuffix":"inner"}},"wdio_ui5_key":"applicationmanagecatalogs-display-component---detailCatalog--newItemNumberInput"}]}
COMMAND: GET /session/bd8f6f9489bd62a6508a75490a4bbe45/screenshot - {}
RESULT: {"script":"<script> [1562 bytes]","args":[{"selector":{"id":"application-managecatalogs-display-component---detailCatalog--newItemNumberInput","searchOpenDialogs":true,"interaction":{"idSuffix":"inner"}},"wdio_ui5_key":"applicationmanagecatalogs-display-component---detailCatalog--newItemNumberInput"}]}
RESULT: undefined
COMMAND: POST /session/bd8f6f9489bd62a6508a75490a4bbe45/execute/async - {"script":"<script> [776 bytes]","args":[{"enterText":"catalogItemihgqb","selector":{"id":"application-managecatalogs-display-component---detailCatalog--newItemNumberInput","searchOpenDialogs":true,"interaction":{"idSuffix":"inner"}},"clearTextFirst":true,"interactionType":"ENTER_TEXT"}]}
RESULT: {}
RESULT: {"script":"<script> [776 bytes]","args":[{"enterText":"catalogItemihgqb","selector":{"id":"application-managecatalogs-display-component---detailCatalog--newItemNumberInput","searchOpenDialogs":true,"interaction":{"idSuffix":"inner"}},"clearTextFirst":true,"interactionType":"ENTER_TEXT"}]}
COMMAND: POST /session/bd8f6f9489bd62a6508a75490a4bbe45/execute/async - {"script":"<script> [1562 bytes]","args":[{"selector":{"controlType":"sap.m.Input","viewName":"etm.portal.ui.managecatalogs.view.Detail","viewId":"application-managecatalogs-display-component---detailCatalog","bindingPath":{"path":"","propertyPath":"/DESCRIPTION"},"searchOpenDialogs":true,"interaction":{"idSuffix":"inner"}},"wdio_ui5_key":"etmportal.ui.managecatalogs.view.Detailsap.m.Input{\"path\":\"\",\"propertyPath\":\"/DESCRIPTION\"}"}]}
RESULT: {"script":"<script> [1562 bytes]","args":[{"selector":{"controlType":"sap.m.Input","viewName":"etm.portal.ui.managecatalogs.view.Detail","viewId":"application-managecatalogs-display-component---detailCatalog","bindingPath":{"path":"","propertyPath":"/DESCRIPTION"},"searchOpenDialogs":true,"interaction":{"idSuffix":"inner"}},"wdio_ui5_key":"etmportal.ui.managecatalogs.view.Detailsap.m.Input{\"path\":\"\",\"propertyPath\":\"/DESCRIPTION\"}"}]}
RESULT: undefined
COMMAND: POST /session/bd8f6f9489bd62a6508a75490a4bbe45/execute/async - {"script":"<script> [776 bytes]","args":[{"enterText":"catalogItemName2kv0l","selector":{"controlType":"sap.m.Input","viewName":"etm.portal.ui.managecatalogs.view.Detail","viewId":"application-managecatalogs-display-component---detailCatalog","bindingPath":{"path":"","propertyPath":"/DESCRIPTION"},"searchOpenDialogs":true,"interaction":{"idSuffix":"inner"}},"clearTextFirst":true,"interactionType":"ENTER_TEXT"}]}
RESULT: {"script":"<script> [776 bytes]","args":[{"enterText":"catalogItemName2kv0l","selector":{"controlType":"sap.m.Input","viewName":"etm.portal.ui.managecatalogs.view.Detail","viewId":"application-managecatalogs-display-component---detailCatalog","bindingPath":{"path":"","propertyPath":"/DESCRIPTION"},"searchOpenDialogs":true,"interaction":{"idSuffix":"inner"}},"clearTextFirst":true,"interactionType":"ENTER_TEXT"}]}
COMMAND: POST /session/bd8f6f9489bd62a6508a75490a4bbe45/execute/async - {"script":"<script> [1562 bytes]","args":[{"selector":{"controlType":"sap.m.Button","viewName":"etm.portal.ui.managecatalogs.view.Detail","viewId":"application-managecatalogs-display-component---detailCatalog","i18NText":{"propertyName":"text","key":"create"},"searchOpenDialogs":true,"interaction":{"idSuffix":"BDI-content"}},"wdio_ui5_key":"etmportal.ui.managecatalogs.view.Detailsap.m.Button{\"propertyName\":\"text\",\"key\":\"create\"}"}]}
RESULT: {"script":"<script> [1562 bytes]","args":[{"selector":{"controlType":"sap.m.Button","viewName":"etm.portal.ui.managecatalogs.view.Detail","viewId":"application-managecatalogs-display-component---detailCatalog","i18NText":{"propertyName":"text","key":"create"},"searchOpenDialogs":true,"interaction":{"idSuffix":"BDI-content"}},"wdio_ui5_key":"etmportal.ui.managecatalogs.view.Detailsap.m.Button{\"propertyName\":\"text\",\"key\":\"create\"}"}]}
RESULT: undefined
COMMAND: POST /session/bd8f6f9489bd62a6508a75490a4bbe45/element - {"using":"xpath","value":"//*[@id=\"__button9\"]"}
RESULT: {"using":"xpath","value":"//*[@id=\"__button9\"]"}
COMMAND: POST /session/bd8f6f9489bd62a6508a75490a4bbe45/element/f.5D36BF6E7175A89251765FD96C6D3113.d.17DE861CC96B68D8A3499CD7B36B4EF7.e.7888/click - {}
RESULT: {}
COMMAND: GET /session/bd8f6f9489bd62a6508a75490a4bbe45/screenshot - {}
RESULT: {}
COMMAND: POST /session/bd8f6f9489bd62a6508a75490a4bbe45/element - {"using":"xpath","value":"//button[@title=\"Save\"]"}
RESULT: {"using":"xpath","value":"//button[@title=\"Save\"]"}
COMMAND: POST /session/bd8f6f9489bd62a6508a75490a4bbe45/element/f.5D36BF6E7175A89251765FD96C6D3113.d.17DE861CC96B68D8A3499CD7B36B4EF7.e.7889/click - {}
RESULT: {}
COMMAND: GET /session/bd8f6f9489bd62a6508a75490a4bbe45/screenshot - {}
RESULT: {}
COMMAND: POST /session/bd8f6f9489bd62a6508a75490a4bbe45/execute/async - {"script":"<script> [1562 bytes]","args":[{"selector":{"controlType":"sap.ui.core.Icon","viewName":"etm.portal.ui.managecatalogs.view.Detail","viewId":"application-managecatalogs-display-component---detailCatalog","properties":{"src":{"regex":{"source":"decline"}}}},"wdio_ui5_key":"etmportal.ui.managecatalogs.view.Detailsap.ui.core.Icon{\"src\":{\"regex\":{\"source\":\"decline\"}}}"}]}
RESULT: {"script":"<script> [1562 bytes]","args":[{"selector":{"controlType":"sap.ui.core.Icon","viewName":"etm.portal.ui.managecatalogs.view.Detail","viewId":"application-managecatalogs-display-component---detailCatalog","properties":{"src":{"regex":{"source":"decline"}}}},"wdio_ui5_key":"etmportal.ui.managecatalogs.view.Detailsap.ui.core.Icon{\"src\":{\"regex\":{\"source\":\"decline\"}}}"}]}
RESULT: undefined
COMMAND: POST /session/bd8f6f9489bd62a6508a75490a4bbe45/element - {"using":"xpath","value":"//*[@id=\"__button28-img\"]"}
RESULT: {"using":"xpath","value":"//*[@id=\"__button28-img\"]"}
COMMAND: POST /session/bd8f6f9489bd62a6508a75490a4bbe45/element/f.5D36BF6E7175A89251765FD96C6D3113.d.17DE861CC96B68D8A3499CD7B36B4EF7.e.7893/click - {}
RESULT: {}
COMMAND: GET /session/bd8f6f9489bd62a6508a75490a4bbe45/screenshot - {}
RESULT: {}
COMMAND: POST /session/bd8f6f9489bd62a6508a75490a4bbe45/execute/async - {"script":"<script> [1562 bytes]","args":[{"selector":{"controlType":"sap.ui.core.Icon","viewName":"etm.portal.ui.managecatalogs.view.MasterItems","viewId":"application-managecatalogs-display-component---masterCatalogItems","properties":{"src":{"regex":{"source":"refresh"}}}},"wdio_ui5_key":"etmportal.ui.managecatalogs.view.MasterItemssap.ui.core.Icon{\"src\":{\"regex\":{\"source\":\"refresh\"}}}"}]}
RESULT: {"script":"<script> [1562 bytes]","args":[{"selector":{"controlType":"sap.ui.core.Icon","viewName":"etm.portal.ui.managecatalogs.view.MasterItems","viewId":"application-managecatalogs-display-component---masterCatalogItems","properties":{"src":{"regex":{"source":"refresh"}}}},"wdio_ui5_key":"etmportal.ui.managecatalogs.view.MasterItemssap.ui.core.Icon{\"src\":{\"regex\":{\"source\":\"refresh\"}}}"}]}
RESULT: undefined
COMMAND: POST /session/bd8f6f9489bd62a6508a75490a4bbe45/element - {"using":"xpath","value":"//*[@id=\"__button1-img\"]"}
RESULT: {"using":"xpath","value":"//*[@id=\"__button1-img\"]"}
COMMAND: POST /session/bd8f6f9489bd62a6508a75490a4bbe45/element/f.5D36BF6E7175A89251765FD96C6D3113.d.17DE861CC96B68D8A3499CD7B36B4EF7.e.7953/click - {}
RESULT: {}
COMMAND: GET /session/bd8f6f9489bd62a6508a75490a4bbe45/screenshot - {}
RESULT: {}
COMMAND: POST /session/bd8f6f9489bd62a6508a75490a4bbe45/execute/async - {"script":"<script> [1562 bytes]","args":[{"selector":{"id":"application-managecatalogs-display-component---masterCatalogItems--searchItemsField","interaction":{"idSuffix":"I"}},"wdio_ui5_key":"applicationmanagecatalogs-display-component---masterCatalogItems--searchItemsField"}]}
RESULT: {"script":"<script> [1562 bytes]","args":[{"selector":{"id":"application-managecatalogs-display-component---masterCatalogItems--searchItemsField","interaction":{"idSuffix":"I"}},"wdio_ui5_key":"applicationmanagecatalogs-display-component---masterCatalogItems--searchItemsField"}]}
RESULT: undefined
COMMAND: POST /session/bd8f6f9489bd62a6508a75490a4bbe45/execute/async - {"script":"<script> [776 bytes]","args":[{"enterText":"catalogItemName2kv0l","selector":{"id":"application-managecatalogs-display-component---masterCatalogItems--searchItemsField","interaction":{"idSuffix":"I"}},"clearTextFirst":true,"interactionType":"ENTER_TEXT"}]}
RESULT: {"script":"<script> [776 bytes]","args":[{"enterText":"catalogItemName2kv0l","selector":{"id":"application-managecatalogs-display-component---masterCatalogItems--searchItemsField","interaction":{"idSuffix":"I"}},"clearTextFirst":true,"interactionType":"ENTER_TEXT"}]}
COMMAND: POST /session/bd8f6f9489bd62a6508a75490a4bbe45/actions - {"actions":[{"id":"action50","type":"key","parameters":{},"actions":[{"type":"keyDown","value":"î€‡"},{"type":"pause","duration":10},{"type":"keyUp","value":"î€‡"}]}]}
RESULT: {"actions":[{"id":"action50","type":"key","parameters":{},"actions":[{"type":"keyDown","value":"î€‡"},{"type":"pause","duration":10},{"type":"keyUp","value":"î€‡"}]}]}
COMMAND: POST /session/bd8f6f9489bd62a6508a75490a4bbe45/element - {"using":"xpath","value":"(//span[contains(text(), \"catalogItemName2kv0l\")])[1]"}
COMMAND: GET /session/bd8f6f9489bd62a6508a75490a4bbe45/screenshot - {}
RESULT: {"using":"xpath","value":"(//span[contains(text(), \"catalogItemName2kv0l\")])[1]"}
COMMAND: POST /session/bd8f6f9489bd62a6508a75490a4bbe45/element/f.5D36BF6E7175A89251765FD96C6D3113.d.17DE861CC96B68D8A3499CD7B36B4EF7.e.7960/click - {}
RESULT: {}
RESULT: {}
COMMAND: GET /session/bd8f6f9489bd62a6508a75490a4bbe45/screenshot - {}
RESULT: {}
COMMAND: POST /session/bd8f6f9489bd62a6508a75490a4bbe45/element - {"using":"xpath","value":"//span[contains(text(), \"catalogItemihgqb\")]"}
RESULT: {"using":"xpath","value":"//span[contains(text(), \"catalogItemihgqb\")]"}
COMMAND: GET /session/bd8f6f9489bd62a6508a75490a4bbe45/element/f.5D36BF6E7175A89251765FD96C6D3113.d.17DE861CC96B68D8A3499CD7B36B4EF7.e.8014/text - {}
RESULT: {}
]]></system-out>
    </testcase>
    <testcase classname="chrome.136_0_7103_93.windows.Manage_requests_-_requests_specifications_US141095" name="Should add the classification to the catalog item" time="40.193">
      <system-out><![CDATA[
RESULT: undefined
COMMAND: POST /session/bd8f6f9489bd62a6508a75490a4bbe45/element - {"using":"xpath","value":"//*[@id=\"__button25\"]"}
RESULT: {"using":"xpath","value":"//*[@id=\"__button25\"]"}
COMMAND: POST /session/bd8f6f9489bd62a6508a75490a4bbe45/element/f.5D36BF6E7175A89251765FD96C6D3113.d.17DE861CC96B68D8A3499CD7B36B4EF7.e.8022/click - {}
RESULT: {}
COMMAND: GET /session/bd8f6f9489bd62a6508a75490a4bbe45/screenshot - {}
RESULT: {}
COMMAND: POST /session/bd8f6f9489bd62a6508a75490a4bbe45/execute/async - {"script":"<script> [1562 bytes]","args":[{"selector":{"id":"application-managecatalogs-display-component---detailCatalog--BASE_UNIT_OF_MEASURE-arrow"},"wdio_ui5_key":"applicationmanagecatalogs-display-component---detailCatalog--BASE_UNIT_OF_MEASURE-arrow"}]}
RESULT: {"script":"<script> [1562 bytes]","args":[{"selector":{"id":"application-managecatalogs-display-component---detailCatalog--BASE_UNIT_OF_MEASURE-arrow"},"wdio_ui5_key":"applicationmanagecatalogs-display-component---detailCatalog--BASE_UNIT_OF_MEASURE-arrow"}]}
RESULT: undefined
COMMAND: POST /session/bd8f6f9489bd62a6508a75490a4bbe45/element - {"using":"xpath","value":"//*[@id=\"application-managecatalogs-display-component---detailCatalog--BASE_UNIT_OF_MEASURE-arrow\"]"}
RESULT: {"using":"xpath","value":"//*[@id=\"application-managecatalogs-display-component---detailCatalog--BASE_UNIT_OF_MEASURE-arrow\"]"}
COMMAND: POST /session/bd8f6f9489bd62a6508a75490a4bbe45/element/f.5D36BF6E7175A89251765FD96C6D3113.d.17DE861CC96B68D8A3499CD7B36B4EF7.e.8051/click - {}
RESULT: {}
COMMAND: POST /session/bd8f6f9489bd62a6508a75490a4bbe45/execute/async - {"script":"<script> [1562 bytes]","args":[{"selector":{"controlType":"sap.m.StandardListItem","viewName":"etm.portal.ui.managecatalogs.view.Detail","viewId":"application-managecatalogs-display-component---detailCatalog","properties":{"title":"Piece"},"searchOpenDialogs":true,"interaction":{"idSuffix":"titleText"}},"wdio_ui5_key":"etmportal.ui.managecatalogs.view.Detailsap.m.StandardListItem{\"title\":\"Piece\"}"}]}
COMMAND: GET /session/bd8f6f9489bd62a6508a75490a4bbe45/screenshot - {}
RESULT: {"script":"<script> [1562 bytes]","args":[{"selector":{"controlType":"sap.m.StandardListItem","viewName":"etm.portal.ui.managecatalogs.view.Detail","viewId":"application-managecatalogs-display-component---detailCatalog","properties":{"title":"Piece"},"searchOpenDialogs":true,"interaction":{"idSuffix":"titleText"}},"wdio_ui5_key":"etmportal.ui.managecatalogs.view.Detailsap.m.StandardListItem{\"title\":\"Piece\"}"}]}
RESULT: undefined
COMMAND: POST /session/bd8f6f9489bd62a6508a75490a4bbe45/element - {"using":"xpath","value":"//*[@id=\"__item221\"]"}
RESULT: {}
RESULT: {"using":"xpath","value":"//*[@id=\"__item221\"]"}
COMMAND: POST /session/bd8f6f9489bd62a6508a75490a4bbe45/element/f.5D36BF6E7175A89251765FD96C6D3113.d.17DE861CC96B68D8A3499CD7B36B4EF7.e.8053/click - {}
RESULT: {}
COMMAND: POST /session/bd8f6f9489bd62a6508a75490a4bbe45/element - {"using":"xpath","value":"//button[contains(@data-kt ,\"ClassificationAddClassButton\")]"}
COMMAND: GET /session/bd8f6f9489bd62a6508a75490a4bbe45/screenshot - {}
RESULT: {"using":"xpath","value":"//button[contains(@data-kt ,\"ClassificationAddClassButton\")]"}
COMMAND: POST /session/bd8f6f9489bd62a6508a75490a4bbe45/element/f.5D36BF6E7175A89251765FD96C6D3113.d.17DE861CC96B68D8A3499CD7B36B4EF7.e.8054/click - {}
RESULT: {}
RESULT: {}
COMMAND: GET /session/bd8f6f9489bd62a6508a75490a4bbe45/screenshot - {}
RESULT: {}
COMMAND: POST /session/bd8f6f9489bd62a6508a75490a4bbe45/element - {"using":"xpath","value":"//input[contains(@id ,\"searchField-I\")]"}
RESULT: {"using":"xpath","value":"//input[contains(@id ,\"searchField-I\")]"}
COMMAND: POST /session/bd8f6f9489bd62a6508a75490a4bbe45/element/f.5D36BF6E7175A89251765FD96C6D3113.d.17DE861CC96B68D8A3499CD7B36B4EF7.e.8057/value - {"text":"WebdriverItemClasshd58y"}
RESULT: {"text":"WebdriverItemClasshd58y"}
COMMAND: POST /session/bd8f6f9489bd62a6508a75490a4bbe45/actions - {"actions":[{"id":"action51","type":"key","parameters":{},"actions":[{"type":"keyDown","value":"î€‡"},{"type":"pause","duration":10},{"type":"keyUp","value":"î€‡"}]}]}
COMMAND: GET /session/bd8f6f9489bd62a6508a75490a4bbe45/screenshot - {}
RESULT: {"actions":[{"id":"action51","type":"key","parameters":{},"actions":[{"type":"keyDown","value":"î€‡"},{"type":"pause","duration":10},{"type":"keyUp","value":"î€‡"}]}]}
COMMAND: GET /session/bd8f6f9489bd62a6508a75490a4bbe45/screenshot - {}
RESULT: {}
RESULT: {}
COMMAND: POST /session/bd8f6f9489bd62a6508a75490a4bbe45/element - {"using":"xpath","value":"//span[contains(text(), \"WebdriverItemClasshd58y\")]"}
RESULT: {"using":"xpath","value":"//span[contains(text(), \"WebdriverItemClasshd58y\")]"}
COMMAND: POST /session/bd8f6f9489bd62a6508a75490a4bbe45/element/f.5D36BF6E7175A89251765FD96C6D3113.d.17DE861CC96B68D8A3499CD7B36B4EF7.e.8089/click - {}
RESULT: {}
COMMAND: GET /session/bd8f6f9489bd62a6508a75490a4bbe45/screenshot - {}
RESULT: {}
COMMAND: POST /session/bd8f6f9489bd62a6508a75490a4bbe45/execute/async - {"script":"<script> [1562 bytes]","args":[{"selector":{"controlType":"sap.m.Button","viewName":"etm.portal.ui.managecatalogs.view.Detail","viewId":"application-managecatalogs-display-component---detailCatalog","properties":{"text":"Classification"},"interaction":{"idSuffix":"BDI-content"}},"wdio_ui5_key":"etmportal.ui.managecatalogs.view.Detailsap.m.Button{\"text\":\"Classification\"}"}]}
RESULT: {"script":"<script> [1562 bytes]","args":[{"selector":{"controlType":"sap.m.Button","viewName":"etm.portal.ui.managecatalogs.view.Detail","viewId":"application-managecatalogs-display-component---detailCatalog","properties":{"text":"Classification"},"interaction":{"idSuffix":"BDI-content"}},"wdio_ui5_key":"etmportal.ui.managecatalogs.view.Detailsap.m.Button{\"text\":\"Classification\"}"}]}
RESULT: undefined
COMMAND: POST /session/bd8f6f9489bd62a6508a75490a4bbe45/element - {"using":"xpath","value":"//*[@id=\"application-managecatalogs-display-component---detailCatalog--ObjectPageLayout-anchBar-__section3-anchor\"]"}
RESULT: {"using":"xpath","value":"//*[@id=\"application-managecatalogs-display-component---detailCatalog--ObjectPageLayout-anchBar-__section3-anchor\"]"}
COMMAND: POST /session/bd8f6f9489bd62a6508a75490a4bbe45/element/f.5D36BF6E7175A89251765FD96C6D3113.d.17DE861CC96B68D8A3499CD7B36B4EF7.e.8094/click - {}
RESULT: {}
COMMAND: POST /session/bd8f6f9489bd62a6508a75490a4bbe45/execute/async - {"script":"<script> [1562 bytes]","args":[{"selector":{"controlType":"sap.ui.core.Icon","viewName":"etm.portal.ui.managecatalogs.view.Detail","viewId":"application-managecatalogs-display-component---detailCatalog","properties":{"src":{"regex":{"source":"slim\\-arrow\\-right"}}},"ancestor":{"controlType":"sap.m.Panel","viewName":"etm.portal.ui.managecatalogs.view.Detail","viewId":"application-managecatalogs-display-component---detailCatalog"}},"wdio_ui5_key":"etmportal.ui.managecatalogs.view.Detailsap.ui.core.Icon{\"src\":{\"regex\":{\"source\":\"slim\\\\-arrow\\\\-right\"}}}{\"controlType\":\"sap.m.Panel\",\"viewName\":\"etm.portal.ui.managecatalogs.view.Detail\",\"viewId\":\"application-managecatalogs-display-component---detailCatalog\"}"}]}
COMMAND: GET /session/bd8f6f9489bd62a6508a75490a4bbe45/screenshot - {}
RESULT: {"script":"<script> [1562 bytes]","args":[{"selector":{"controlType":"sap.ui.core.Icon","viewName":"etm.portal.ui.managecatalogs.view.Detail","viewId":"application-managecatalogs-display-component---detailCatalog","properties":{"src":{"regex":{"source":"slim\\-arrow\\-right"}}},"ancestor":{"controlType":"sap.m.Panel","viewName":"etm.portal.ui.managecatalogs.view.Detail","viewId":"application-managecatalogs-display-component---detailCatalog"}},"wdio_ui5_key":"etmportal.ui.managecatalogs.view.Detailsap.ui.core.Icon{\"src\":{\"regex\":{\"source\":\"slim\\\\-arrow\\\\-right\"}}}{\"controlType\":\"sap.m.Panel\",\"viewName\":\"etm.portal.ui.managecatalogs.view.Detail\",\"viewId\":\"application-managecatalogs-display-component---detailCatalog\"}"}]}
RESULT: undefined
COMMAND: POST /session/bd8f6f9489bd62a6508a75490a4bbe45/element - {"using":"xpath","value":"//*[@id=\"__panel0-__layout17-0-expandButton-img\"]"}
RESULT: {}
RESULT: {"using":"xpath","value":"//*[@id=\"__panel0-__layout17-0-expandButton-img\"]"}
COMMAND: POST /session/bd8f6f9489bd62a6508a75490a4bbe45/element/f.5D36BF6E7175A89251765FD96C6D3113.d.17DE861CC96B68D8A3499CD7B36B4EF7.e.8100/click - {}
RESULT: {}
COMMAND: POST /session/bd8f6f9489bd62a6508a75490a4bbe45/execute/async - {"script":"<script> [1562 bytes]","args":[{"selector":{"controlType":"sap.ui.core.Icon","viewName":"etm.portal.ui.managecatalogs.view.Detail","viewId":"application-managecatalogs-display-component---detailCatalog","properties":{"src":{"regex":{"source":"slim\\-arrow\\-down"}}},"ancestor":{"controlType":"sap.m.ColumnListItem","viewName":"etm.portal.ui.managecatalogs.view.Detail","viewId":"application-managecatalogs-display-component---detailCatalog","bindingPath":{"modelName":"classModel","path":"/data/0/PROPERTIES/0"},"ancestor":{"controlType":"sap.m.Table","viewName":"etm.portal.ui.managecatalogs.view.Detail","viewId":"application-managecatalogs-display-component---detailCatalog","bindingPath":{"path":"/data/0","propertyPath":"PROPERTIES","modelName":"classModel"}}}},"wdio_ui5_key":"etmportal.ui.managecatalogs.view.Detailsap.ui.core.Icon{\"src\":{\"regex\":{\"source\":\"slim\\\\-arrow\\\\-down\"}}}{\"controlType\":\"sap.m.ColumnListItem\",\"viewName\":\"etm.portal.ui.managecatalogs.view.Detail\",\"viewId\":\"application-managecatalogs-display-component---detailCatalog\",\"bindingPath\":{\"modelName\":\"classModel\",\"path\":\"/data/0/PROPERTIES/0\"},\"ancestor\":{\"controlType\":\"sap.m.Table\",\"viewName\":\"etm.portal.ui.managecatalogs.view.Detail\",\"viewId\":\"application-managecatalogs-display-component---detailCatalog\",\"bindingPath\":{\"path\":\"/data/0\",\"propertyPath\":\"PROPERTIES\",\"modelName\":\"classModel\"}}}"}]}
COMMAND: GET /session/bd8f6f9489bd62a6508a75490a4bbe45/screenshot - {}
RESULT: {"script":"<script> [1562 bytes]","args":[{"selector":{"controlType":"sap.ui.core.Icon","viewName":"etm.portal.ui.managecatalogs.view.Detail","viewId":"application-managecatalogs-display-component---detailCatalog","properties":{"src":{"regex":{"source":"slim\\-arrow\\-down"}}},"ancestor":{"controlType":"sap.m.ColumnListItem","viewName":"etm.portal.ui.managecatalogs.view.Detail","viewId":"application-managecatalogs-display-component---detailCatalog","bindingPath":{"modelName":"classModel","path":"/data/0/PROPERTIES/0"},"ancestor":{"controlType":"sap.m.Table","viewName":"etm.portal.ui.managecatalogs.view.Detail","viewId":"application-managecatalogs-display-component---detailCatalog","bindingPath":{"path":"/data/0","propertyPath":"PROPERTIES","modelName":"classModel"}}}},"wdio_ui5_key":"etmportal.ui.managecatalogs.view.Detailsap.ui.core.Icon{\"src\":{\"regex\":{\"source\":\"slim\\\\-arrow\\\\-down\"}}}{\"controlType\":\"sap.m.ColumnListItem\",\"viewName\":\"etm.portal.ui.managecatalogs.view.Detail\",\"viewId\":\"application-managecatalogs-display-component---detailCatalog\",\"bindingPath\":{\"modelName\":\"classModel\",\"path\":\"/data/0/PROPERTIES/0\"},\"ancestor\":{\"controlType\":\"sap.m.Table\",\"viewName\":\"etm.portal.ui.managecatalogs.view.Detail\",\"viewId\":\"application-managecatalogs-display-component---detailCatalog\",\"bindingPath\":{\"path\":\"/data/0\",\"propertyPath\":\"PROPERTIES\",\"modelName\":\"classModel\"}}}"}]}
RESULT: undefined
COMMAND: POST /session/bd8f6f9489bd62a6508a75490a4bbe45/element - {"using":"xpath","value":"//*[@id=\"__box31-arrow\"]"}
RESULT: {}
RESULT: {"using":"xpath","value":"//*[@id=\"__box31-arrow\"]"}
COMMAND: POST /session/bd8f6f9489bd62a6508a75490a4bbe45/element/f.5D36BF6E7175A89251765FD96C6D3113.d.17DE861CC96B68D8A3499CD7B36B4EF7.e.8113/click - {}
RESULT: {}
COMMAND: POST /session/bd8f6f9489bd62a6508a75490a4bbe45/execute/async - {"script":"<script> [1562 bytes]","args":[{"selector":{"controlType":"sap.m.StandardListItem","viewName":"etm.portal.ui.managecatalogs.view.Detail","viewId":"application-managecatalogs-display-component---detailCatalog","properties":{"title":"red"},"searchOpenDialogs":true,"interaction":{"idSuffix":"content"}},"wdio_ui5_key":"etmportal.ui.managecatalogs.view.Detailsap.m.StandardListItem{\"title\":\"red\"}"}]}
COMMAND: GET /session/bd8f6f9489bd62a6508a75490a4bbe45/screenshot - {}
RESULT: {"script":"<script> [1562 bytes]","args":[{"selector":{"controlType":"sap.m.StandardListItem","viewName":"etm.portal.ui.managecatalogs.view.Detail","viewId":"application-managecatalogs-display-component---detailCatalog","properties":{"title":"red"},"searchOpenDialogs":true,"interaction":{"idSuffix":"content"}},"wdio_ui5_key":"etmportal.ui.managecatalogs.view.Detailsap.m.StandardListItem{\"title\":\"red\"}"}]}
RESULT: undefined
COMMAND: POST /session/bd8f6f9489bd62a6508a75490a4bbe45/element - {"using":"xpath","value":"//*[@id=\"__item229\"]"}
RESULT: {}
RESULT: {"using":"xpath","value":"//*[@id=\"__item229\"]"}
COMMAND: POST /session/bd8f6f9489bd62a6508a75490a4bbe45/element/f.5D36BF6E7175A89251765FD96C6D3113.d.17DE861CC96B68D8A3499CD7B36B4EF7.e.8116/click - {}
RESULT: {}
COMMAND: GET /session/bd8f6f9489bd62a6508a75490a4bbe45/screenshot - {}
RESULT: {}
COMMAND: POST /session/bd8f6f9489bd62a6508a75490a4bbe45/execute/async - {"script":"<script> [1562 bytes]","args":[{"selector":{"controlType":"sap.m.Button","viewName":"etm.portal.ui.managecatalogs.view.Detail","viewId":"application-managecatalogs-display-component---detailCatalog","i18NText":{"propertyName":"text","key":"save"},"interaction":{"idSuffix":"BDI-content"}},"wdio_ui5_key":"etmportal.ui.managecatalogs.view.Detailsap.m.Button{\"propertyName\":\"text\",\"key\":\"save\"}"}]}
RESULT: {"script":"<script> [1562 bytes]","args":[{"selector":{"controlType":"sap.m.Button","viewName":"etm.portal.ui.managecatalogs.view.Detail","viewId":"application-managecatalogs-display-component---detailCatalog","i18NText":{"propertyName":"text","key":"save"},"interaction":{"idSuffix":"BDI-content"}},"wdio_ui5_key":"etmportal.ui.managecatalogs.view.Detailsap.m.Button{\"propertyName\":\"text\",\"key\":\"save\"}"}]}
RESULT: undefined
COMMAND: POST /session/bd8f6f9489bd62a6508a75490a4bbe45/element - {"using":"xpath","value":"//*[@id=\"__button43\"]"}
RESULT: {"using":"xpath","value":"//*[@id=\"__button43\"]"}
COMMAND: POST /session/bd8f6f9489bd62a6508a75490a4bbe45/element/f.5D36BF6E7175A89251765FD96C6D3113.d.17DE861CC96B68D8A3499CD7B36B4EF7.e.8026/click - {}
RESULT: {}
COMMAND: GET /session/bd8f6f9489bd62a6508a75490a4bbe45/screenshot - {}
RESULT: {}
COMMAND: POST /session/bd8f6f9489bd62a6508a75490a4bbe45/element - {"using":"css selector","value":"#shell-header-logo"}
RESULT: {"using":"css selector","value":"#shell-header-logo"}
COMMAND: POST /session/bd8f6f9489bd62a6508a75490a4bbe45/element/f.5D36BF6E7175A89251765FD96C6D3113.d.17DE861CC96B68D8A3499CD7B36B4EF7.e.7840/click - {}
RESULT: {}
COMMAND: GET /session/bd8f6f9489bd62a6508a75490a4bbe45/screenshot - {}
RESULT: {}
]]></system-out>
    </testcase>
    <testcase classname="chrome.136_0_7103_93.windows.Manage_requests_-_requests_specifications_US141095" name="Should create a new request and add the catalog item with the specifications" time="150.616">
      <system-out><![CDATA[
COMMAND: POST /session/bd8f6f9489bd62a6508a75490a4bbe45/execute/async - {"script":"<script> [1562 bytes]","args":[{"selector":{"controlType":"sap.m.GenericTile","properties":{"header":"Manage Requests"}},"wdio_ui5_key":"sapm.GenericTile{\"header\":\"Manage Requests\"}"}]}
RESULT: {"script":"<script> [1562 bytes]","args":[{"selector":{"controlType":"sap.m.GenericTile","properties":{"header":"Manage Requests"}},"wdio_ui5_key":"sapm.GenericTile{\"header\":\"Manage Requests\"}"}]}
RESULT: undefined
COMMAND: POST /session/bd8f6f9489bd62a6508a75490a4bbe45/element - {"using":"xpath","value":"//*[@id=\"__tile47\"]"}
RESULT: {"using":"xpath","value":"//*[@id=\"__tile47\"]"}
COMMAND: POST /session/bd8f6f9489bd62a6508a75490a4bbe45/element/f.5D36BF6E7175A89251765FD96C6D3113.d.17DE861CC96B68D8A3499CD7B36B4EF7.e.8143/click - {}
RESULT: {}
COMMAND: GET /session/bd8f6f9489bd62a6508a75490a4bbe45/screenshot - {}
RESULT: {}
COMMAND: POST /session/bd8f6f9489bd62a6508a75490a4bbe45/elements - {"using":"xpath","value":"//span[text()='Error']"}
RESULT: {"using":"xpath","value":"//span[text()='Error']"}
COMMAND: POST /session/bd8f6f9489bd62a6508a75490a4bbe45/element - {"using":"xpath","value":"//button[contains(@data-kt ,\"btnCreateNewOverflowToolbarButton\")]"}
COMMAND: POST /session/bd8f6f9489bd62a6508a75490a4bbe45/element - {"using":"xpath","value":"(//span[contains(@class ,\"sapMObjStatusText\")])[1]"}
RESULT: {"using":"xpath","value":"//button[contains(@data-kt ,\"btnCreateNewOverflowToolbarButton\")]"}
COMMAND: POST /session/bd8f6f9489bd62a6508a75490a4bbe45/element/f.5D36BF6E7175A89251765FD96C6D3113.d.17DE861CC96B68D8A3499CD7B36B4EF7.e.8200/click - {}
RESULT: {"using":"xpath","value":"(//span[contains(@class ,\"sapMObjStatusText\")])[1]"}
COMMAND: POST /session/bd8f6f9489bd62a6508a75490a4bbe45/execute/sync - {"script":"<script> [8489 bytes]","args":[{"element-6066-11e4-a52e-4f735466cecf":"f.5D36BF6E7175A89251765FD96C6D3113.d.17DE861CC96B68D8A3499CD7B36B4EF7.e.8240","ELEMENT":"f.5D36BF6E7175A89251765FD96C6D3113.d.17DE861CC96B68D8A3499CD7B36B4EF7.e.8240"}]}
RESULT: {}
COMMAND: GET /session/bd8f6f9489bd62a6508a75490a4bbe45/screenshot - {}
RESULT: {"script":"<script> [8489 bytes]","args":[{"element-6066-11e4-a52e-4f735466cecf":"f.5D36BF6E7175A89251765FD96C6D3113.d.17DE861CC96B68D8A3499CD7B36B4EF7.e.8240","ELEMENT":"f.5D36BF6E7175A89251765FD96C6D3113.d.17DE861CC96B68D8A3499CD7B36B4EF7.e.8240"}]}
COMMAND: GET /session/bd8f6f9489bd62a6508a75490a4bbe45/screenshot - {}
RESULT: {}
RESULT: {}
COMMAND: POST /session/bd8f6f9489bd62a6508a75490a4bbe45/element - {"using":"xpath","value":"//input[contains(@id ,\"yardId-inner\")]"}
RESULT: {"using":"xpath","value":"//input[contains(@id ,\"yardId-inner\")]"}
COMMAND: POST /session/bd8f6f9489bd62a6508a75490a4bbe45/execute/sync - {"script":"<script> [8489 bytes]","args":[{"element-6066-11e4-a52e-4f735466cecf":"f.5D36BF6E7175A89251765FD96C6D3113.d.17DE861CC96B68D8A3499CD7B36B4EF7.e.8324","ELEMENT":"f.5D36BF6E7175A89251765FD96C6D3113.d.17DE861CC96B68D8A3499CD7B36B4EF7.e.8324"}]}
RESULT: {"script":"<script> [8489 bytes]","args":[{"element-6066-11e4-a52e-4f735466cecf":"f.5D36BF6E7175A89251765FD96C6D3113.d.17DE861CC96B68D8A3499CD7B36B4EF7.e.8324","ELEMENT":"f.5D36BF6E7175A89251765FD96C6D3113.d.17DE861CC96B68D8A3499CD7B36B4EF7.e.8324"}]}
COMMAND: POST /session/bd8f6f9489bd62a6508a75490a4bbe45/element - {"using":"xpath","value":"//input[contains(@id ,\"yardId-inner\")]"}
COMMAND: GET /session/bd8f6f9489bd62a6508a75490a4bbe45/screenshot - {}
RESULT: {"using":"xpath","value":"//input[contains(@id ,\"yardId-inner\")]"}
COMMAND: GET /session/bd8f6f9489bd62a6508a75490a4bbe45/element/f.5D36BF6E7175A89251765FD96C6D3113.d.17DE861CC96B68D8A3499CD7B36B4EF7.e.8324/enabled - {}
RESULT: {}
RESULT: {}
COMMAND: POST /session/bd8f6f9489bd62a6508a75490a4bbe45/element/f.5D36BF6E7175A89251765FD96C6D3113.d.17DE861CC96B68D8A3499CD7B36B4EF7.e.8324/clear - {}
COMMAND: GET /session/bd8f6f9489bd62a6508a75490a4bbe45/screenshot - {}
RESULT: {}
COMMAND: POST /session/bd8f6f9489bd62a6508a75490a4bbe45/element/f.5D36BF6E7175A89251765FD96C6D3113.d.17DE861CC96B68D8A3499CD7B36B4EF7.e.8324/value - {"text":"WebdriverYardziz0f"}
COMMAND: GET /session/bd8f6f9489bd62a6508a75490a4bbe45/screenshot - {}
RESULT: {}
RESULT: {"text":"WebdriverYardziz0f"}
COMMAND: GET /session/bd8f6f9489bd62a6508a75490a4bbe45/screenshot - {}
RESULT: {}
RESULT: {}
COMMAND: POST /session/bd8f6f9489bd62a6508a75490a4bbe45/element - {"using":"xpath","value":"//input[contains(@id ,\"customerNumber-inner\")]"}
RESULT: {"using":"xpath","value":"//input[contains(@id ,\"customerNumber-inner\")]"}
COMMAND: POST /session/bd8f6f9489bd62a6508a75490a4bbe45/element/f.5D36BF6E7175A89251765FD96C6D3113.d.17DE861CC96B68D8A3499CD7B36B4EF7.e.8320/value - {"text":"WebdriverPartnerowd7l"}
COMMAND: POST /session/bd8f6f9489bd62a6508a75490a4bbe45/actions - {"actions":[{"id":"action52","type":"key","parameters":{},"actions":[{"type":"keyDown","value":"î€‡"},{"type":"pause","duration":10},{"type":"keyUp","value":"î€‡"}]}]}
RESULT: {"actions":[{"id":"action52","type":"key","parameters":{},"actions":[{"type":"keyDown","value":"î€‡"},{"type":"pause","duration":10},{"type":"keyUp","value":"î€‡"}]}]}
COMMAND: GET /session/bd8f6f9489bd62a6508a75490a4bbe45/screenshot - {}
RESULT: {"text":"WebdriverPartnerowd7l"}
COMMAND: GET /session/bd8f6f9489bd62a6508a75490a4bbe45/screenshot - {}
RESULT: {}
RESULT: {}
COMMAND: POST /session/bd8f6f9489bd62a6508a75490a4bbe45/actions - {"actions":[{"id":"action53","type":"key","parameters":{},"actions":[{"type":"keyDown","value":"î€‡"},{"type":"pause","duration":10},{"type":"keyUp","value":"î€‡"}]}]}
RESULT: {"actions":[{"id":"action53","type":"key","parameters":{},"actions":[{"type":"keyDown","value":"î€‡"},{"type":"pause","duration":10},{"type":"keyUp","value":"î€‡"}]}]}
COMMAND: GET /session/bd8f6f9489bd62a6508a75490a4bbe45/screenshot - {}
RESULT: {}
COMMAND: POST /session/bd8f6f9489bd62a6508a75490a4bbe45/element - {"using":"xpath","value":"//input[contains(@id ,\"requestSiteId-inner\")]"}
RESULT: {"using":"xpath","value":"//input[contains(@id ,\"requestSiteId-inner\")]"}
COMMAND: POST /session/bd8f6f9489bd62a6508a75490a4bbe45/element/f.5D36BF6E7175A89251765FD96C6D3113.d.17DE861CC96B68D8A3499CD7B36B4EF7.e.8319/value - {"text":"WebdriverSite89rs8"}
RESULT: {"text":"WebdriverSite89rs8"}
COMMAND: GET /session/bd8f6f9489bd62a6508a75490a4bbe45/screenshot - {}
RESULT: {}
COMMAND: POST /session/bd8f6f9489bd62a6508a75490a4bbe45/actions - {"actions":[{"id":"action54","type":"key","parameters":{},"actions":[{"type":"keyDown","value":"î€‡"},{"type":"pause","duration":10},{"type":"keyUp","value":"î€‡"}]}]}
RESULT: {"actions":[{"id":"action54","type":"key","parameters":{},"actions":[{"type":"keyDown","value":"î€‡"},{"type":"pause","duration":10},{"type":"keyUp","value":"î€‡"}]}]}
COMMAND: POST /session/bd8f6f9489bd62a6508a75490a4bbe45/execute/async - {"script":"<script> [1562 bytes]","args":[{"selector":{"controlType":"sap.ui.core.Icon","viewName":"etm.portal.ui.managerequests.view.NewRequest","properties":{"src":{"regex":{"source":"add"}}}},"wdio_ui5_key":"etmportal.ui.managerequests.view.NewRequestsap.ui.core.Icon{\"src\":{\"regex\":{\"source\":\"add\"}}}"}]}
COMMAND: GET /session/bd8f6f9489bd62a6508a75490a4bbe45/screenshot - {}
RESULT: {"script":"<script> [1562 bytes]","args":[{"selector":{"controlType":"sap.ui.core.Icon","viewName":"etm.portal.ui.managerequests.view.NewRequest","properties":{"src":{"regex":{"source":"add"}}}},"wdio_ui5_key":"etmportal.ui.managerequests.view.NewRequestsap.ui.core.Icon{\"src\":{\"regex\":{\"source\":\"add\"}}}"}]}
RESULT: undefined
COMMAND: POST /session/bd8f6f9489bd62a6508a75490a4bbe45/element - {"using":"xpath","value":"//*[@id=\"__xmlview59--btnAddTableRow-img\"]"}
RESULT: {}
RESULT: {"using":"xpath","value":"//*[@id=\"__xmlview59--btnAddTableRow-img\"]"}
COMMAND: POST /session/bd8f6f9489bd62a6508a75490a4bbe45/element/f.5D36BF6E7175A89251765FD96C6D3113.d.17DE861CC96B68D8A3499CD7B36B4EF7.e.8518/click - {}
RESULT: {}
COMMAND: GET /session/bd8f6f9489bd62a6508a75490a4bbe45/screenshot - {}
RESULT: {}
COMMAND: POST /session/bd8f6f9489bd62a6508a75490a4bbe45/actions - {"actions":[{"id":"action55","type":"key","parameters":{},"actions":[{"type":"keyDown","value":"î€•"},{"type":"pause","duration":10},{"type":"keyUp","value":"î€•"}]}]}
RESULT: {"actions":[{"id":"action55","type":"key","parameters":{},"actions":[{"type":"keyDown","value":"î€•"},{"type":"pause","duration":10},{"type":"keyUp","value":"î€•"}]}]}
COMMAND: POST /session/bd8f6f9489bd62a6508a75490a4bbe45/actions - {"actions":[{"id":"action56","type":"key","parameters":{},"actions":[{"type":"keyDown","value":"î€‡"},{"type":"pause","duration":10},{"type":"keyUp","value":"î€‡"}]}]}
COMMAND: GET /session/bd8f6f9489bd62a6508a75490a4bbe45/screenshot - {}
RESULT: {}
RESULT: {"actions":[{"id":"action56","type":"key","parameters":{},"actions":[{"type":"keyDown","value":"î€‡"},{"type":"pause","duration":10},{"type":"keyUp","value":"î€‡"}]}]}
COMMAND: POST /session/bd8f6f9489bd62a6508a75490a4bbe45/element - {"using":"xpath","value":"(//input[contains(@id ,\"requestItemsTable-0-inner\")])[1]"}
COMMAND: GET /session/bd8f6f9489bd62a6508a75490a4bbe45/screenshot - {}
RESULT: {"using":"xpath","value":"(//input[contains(@id ,\"requestItemsTable-0-inner\")])[1]"}
COMMAND: POST /session/bd8f6f9489bd62a6508a75490a4bbe45/element/f.5D36BF6E7175A89251765FD96C6D3113.d.17DE861CC96B68D8A3499CD7B36B4EF7.e.8523/clear - {}
RESULT: {}
RESULT: {}
COMMAND: POST /session/bd8f6f9489bd62a6508a75490a4bbe45/element/f.5D36BF6E7175A89251765FD96C6D3113.d.17DE861CC96B68D8A3499CD7B36B4EF7.e.8523/value - {"text":"catalogItemName2kv0l"}
COMMAND: GET /session/bd8f6f9489bd62a6508a75490a4bbe45/screenshot - {}
RESULT: {"text":"catalogItemName2kv0l"}
COMMAND: GET /session/bd8f6f9489bd62a6508a75490a4bbe45/screenshot - {}
RESULT: {}
RESULT: {}
COMMAND: POST /session/bd8f6f9489bd62a6508a75490a4bbe45/actions - {"actions":[{"id":"action57","type":"key","parameters":{},"actions":[{"type":"keyDown","value":"î€‡"},{"type":"pause","duration":10},{"type":"keyUp","value":"î€‡"}]}]}
RESULT: {"actions":[{"id":"action57","type":"key","parameters":{},"actions":[{"type":"keyDown","value":"î€‡"},{"type":"pause","duration":10},{"type":"keyUp","value":"î€‡"}]}]}
COMMAND: GET /session/bd8f6f9489bd62a6508a75490a4bbe45/screenshot - {}
RESULT: {}
COMMAND: POST /session/bd8f6f9489bd62a6508a75490a4bbe45/execute/async - {"script":"<script> [1562 bytes]","args":[{"selector":{"controlType":"sap.m.Button","viewName":"etm.portal.ui.managerequests.view.NewRequest","i18NText":{"propertyName":"text","key":"requestSpecifications"},"interaction":{"idSuffix":"BDI-content"}},"wdio_ui5_key":"etmportal.ui.managerequests.view.NewRequestsap.m.Button{\"propertyName\":\"text\",\"key\":\"requestSpecifications\"}"}]}
RESULT: {"script":"<script> [1562 bytes]","args":[{"selector":{"controlType":"sap.m.Button","viewName":"etm.portal.ui.managerequests.view.NewRequest","i18NText":{"propertyName":"text","key":"requestSpecifications"},"interaction":{"idSuffix":"BDI-content"}},"wdio_ui5_key":"etmportal.ui.managerequests.view.NewRequestsap.m.Button{\"propertyName\":\"text\",\"key\":\"requestSpecifications\"}"}]}
RESULT: undefined
COMMAND: POST /session/bd8f6f9489bd62a6508a75490a4bbe45/element - {"using":"xpath","value":"//*[@id=\"__button76-__xmlview59--requestItemsTable-0\"]"}
RESULT: {"using":"xpath","value":"//*[@id=\"__button76-__xmlview59--requestItemsTable-0\"]"}
COMMAND: POST /session/bd8f6f9489bd62a6508a75490a4bbe45/element/f.5D36BF6E7175A89251765FD96C6D3113.d.17DE861CC96B68D8A3499CD7B36B4EF7.e.8537/click - {}
RESULT: {}
COMMAND: GET /session/bd8f6f9489bd62a6508a75490a4bbe45/screenshot - {}
RESULT: {}
COMMAND: POST /session/bd8f6f9489bd62a6508a75490a4bbe45/element - {"using":"xpath","value":"//input[@value=\"red\"]"}
RESULT: {"using":"xpath","value":"//input[@value=\"red\"]"}
COMMAND: POST /session/bd8f6f9489bd62a6508a75490a4bbe45/elements - {"using":"xpath","value":"//input[@value=\"red\"]"}
RESULT: {"using":"xpath","value":"//input[@value=\"red\"]"}
COMMAND: POST /session/bd8f6f9489bd62a6508a75490a4bbe45/execute/async - {"script":"<script> [1562 bytes]","args":[{"selector":{"controlType":"sap.m.Text","viewName":"etm.portal.ui.managerequests.view.NewRequest","bindingPath":{"path":"/currentEntries/0/PROPERTIES/0","propertyPath":"DESCRIPTION","modelName":"techSpecsClassificationModel"},"searchOpenDialogs":true},"wdio_ui5_key":"etmportal.ui.managerequests.view.NewRequestsap.m.Text{\"path\":\"/currentEntries/0/PROPERTIES/0\",\"propertyPath\":\"DESCRIPTION\",\"modelName\":\"techSpecsClassificationModel\"}"}]}
RESULT: {"script":"<script> [1562 bytes]","args":[{"selector":{"controlType":"sap.m.Text","viewName":"etm.portal.ui.managerequests.view.NewRequest","bindingPath":{"path":"/currentEntries/0/PROPERTIES/0","propertyPath":"DESCRIPTION","modelName":"techSpecsClassificationModel"},"searchOpenDialogs":true},"wdio_ui5_key":"etmportal.ui.managerequests.view.NewRequestsap.m.Text{\"path\":\"/currentEntries/0/PROPERTIES/0\",\"propertyPath\":\"DESCRIPTION\",\"modelName\":\"techSpecsClassificationModel\"}"}]}
RESULT: undefined
COMMAND: POST /session/bd8f6f9489bd62a6508a75490a4bbe45/execute/async - {"script":"<script> [6424 bytes]","args":[{"element-6066-11e4-a52e-4f735466cecf":"f.5D36BF6E7175A89251765FD96C6D3113.d.17DE861CC96B68D8A3499CD7B36B4EF7.e.8546"},"getText",[]]}
RESULT: {"script":"<script> [6424 bytes]","args":[{"element-6066-11e4-a52e-4f735466cecf":"f.5D36BF6E7175A89251765FD96C6D3113.d.17DE861CC96B68D8A3499CD7B36B4EF7.e.8546"},"getText",[]]}
COMMAND: POST /session/bd8f6f9489bd62a6508a75490a4bbe45/execute/async - {"script":"<script> [1562 bytes]","args":[{"selector":{"controlType":"sap.ui.core.Icon","viewName":"etm.portal.ui.managerequests.view.NewRequest","properties":{"src":{"regex":{"source":"slim\\-arrow\\-down"}}},"searchOpenDialogs":true},"wdio_ui5_key":"etmportal.ui.managerequests.view.NewRequestsap.ui.core.Icon{\"src\":{\"regex\":{\"source\":\"slim\\\\-arrow\\\\-down\"}}}"}]}
RESULT: {"script":"<script> [1562 bytes]","args":[{"selector":{"controlType":"sap.ui.core.Icon","viewName":"etm.portal.ui.managerequests.view.NewRequest","properties":{"src":{"regex":{"source":"slim\\-arrow\\-down"}}},"searchOpenDialogs":true},"wdio_ui5_key":"etmportal.ui.managerequests.view.NewRequestsap.ui.core.Icon{\"src\":{\"regex\":{\"source\":\"slim\\\\-arrow\\\\-down\"}}}"}]}
RESULT: undefined
COMMAND: POST /session/bd8f6f9489bd62a6508a75490a4bbe45/element - {"using":"xpath","value":"//*[@id=\"__box58-arrow\"]"}
RESULT: {"using":"xpath","value":"//*[@id=\"__box58-arrow\"]"}
COMMAND: POST /session/bd8f6f9489bd62a6508a75490a4bbe45/element/f.5D36BF6E7175A89251765FD96C6D3113.d.17DE861CC96B68D8A3499CD7B36B4EF7.e.8547/click - {}
RESULT: {}
COMMAND: POST /session/bd8f6f9489bd62a6508a75490a4bbe45/execute/async - {"script":"<script> [1562 bytes]","args":[{"selector":{"controlType":"sap.m.StandardListItem","viewName":"etm.portal.ui.managerequests.view.NewRequest","properties":{"title":"blue"},"searchOpenDialogs":true,"interaction":{"idSuffix":"content"}},"wdio_ui5_key":"etmportal.ui.managerequests.view.NewRequestsap.m.StandardListItem{\"title\":\"blue\"}"}]}
COMMAND: GET /session/bd8f6f9489bd62a6508a75490a4bbe45/screenshot - {}
RESULT: {"script":"<script> [1562 bytes]","args":[{"selector":{"controlType":"sap.m.StandardListItem","viewName":"etm.portal.ui.managerequests.view.NewRequest","properties":{"title":"blue"},"searchOpenDialogs":true,"interaction":{"idSuffix":"content"}},"wdio_ui5_key":"etmportal.ui.managerequests.view.NewRequestsap.m.StandardListItem{\"title\":\"blue\"}"}]}
RESULT: undefined
COMMAND: POST /session/bd8f6f9489bd62a6508a75490a4bbe45/element - {"using":"xpath","value":"//*[@id=\"__item909\"]"}
RESULT: {}
RESULT: {"using":"xpath","value":"//*[@id=\"__item909\"]"}
COMMAND: POST /session/bd8f6f9489bd62a6508a75490a4bbe45/element/f.5D36BF6E7175A89251765FD96C6D3113.d.17DE861CC96B68D8A3499CD7B36B4EF7.e.8549/click - {}
RESULT: {}
COMMAND: GET /session/bd8f6f9489bd62a6508a75490a4bbe45/screenshot - {}
RESULT: {}
COMMAND: POST /session/bd8f6f9489bd62a6508a75490a4bbe45/execute/async - {"script":"<script> [1562 bytes]","args":[{"selector":{"id":"saveButton","viewName":"etm.portal.ui.managerequests.view.NewRequest","searchOpenDialogs":true,"interaction":{"idSuffix":"BDI-content"}},"wdio_ui5_key":"saveButtonetmportal.ui.managerequests.view.NewRequest"}]}
RESULT: {"script":"<script> [1562 bytes]","args":[{"selector":{"id":"saveButton","viewName":"etm.portal.ui.managerequests.view.NewRequest","searchOpenDialogs":true,"interaction":{"idSuffix":"BDI-content"}},"wdio_ui5_key":"saveButtonetmportal.ui.managerequests.view.NewRequest"}]}
RESULT: undefined
COMMAND: POST /session/bd8f6f9489bd62a6508a75490a4bbe45/element - {"using":"xpath","value":"//*[@id=\"__xmlview59--saveButton\"]"}
RESULT: {"using":"xpath","value":"//*[@id=\"__xmlview59--saveButton\"]"}
COMMAND: POST /session/bd8f6f9489bd62a6508a75490a4bbe45/element/f.5D36BF6E7175A89251765FD96C6D3113.d.17DE861CC96B68D8A3499CD7B36B4EF7.e.8544/click - {}
RESULT: {}
COMMAND: POST /session/bd8f6f9489bd62a6508a75490a4bbe45/execute/async - {"script":"<script> [1562 bytes]","args":[{"selector":{"controlType":"sap.ui.core.Icon","viewName":"etm.portal.ui.managerequests.view.NewRequest","properties":{"src":{"regex":{"source":"slim\\-arrow\\-down"}}},"ancestor":{"controlType":"sap.m.Button","viewName":"etm.portal.ui.managerequests.view.NewRequest","properties":{"icon":"sap-icon://slim-arrow-down"}}},"wdio_ui5_key":"etmportal.ui.managerequests.view.NewRequestsap.ui.core.Icon{\"src\":{\"regex\":{\"source\":\"slim\\\\-arrow\\\\-down\"}}}{\"controlType\":\"sap.m.Button\",\"viewName\":\"etm.portal.ui.managerequests.view.NewRequest\",\"properties\":{\"icon\":\"sap-icon://slim-arrow-down\"}}"}]}
COMMAND: GET /session/bd8f6f9489bd62a6508a75490a4bbe45/screenshot - {}
RESULT: {"script":"<script> [1562 bytes]","args":[{"selector":{"controlType":"sap.ui.core.Icon","viewName":"etm.portal.ui.managerequests.view.NewRequest","properties":{"src":{"regex":{"source":"slim\\-arrow\\-down"}}},"ancestor":{"controlType":"sap.m.Button","viewName":"etm.portal.ui.managerequests.view.NewRequest","properties":{"icon":"sap-icon://slim-arrow-down"}}},"wdio_ui5_key":"etmportal.ui.managerequests.view.NewRequestsap.ui.core.Icon{\"src\":{\"regex\":{\"source\":\"slim\\\\-arrow\\\\-down\"}}}{\"controlType\":\"sap.m.Button\",\"viewName\":\"etm.portal.ui.managerequests.view.NewRequest\",\"properties\":{\"icon\":\"sap-icon://slim-arrow-down\"}}"}]}
RESULT: undefined
RESULT: {}
COMMAND: POST /session/bd8f6f9489bd62a6508a75490a4bbe45/element - {"using":"xpath","value":"//div[contains(@data-kt ,\"splitAllocationObjectStatus\")]"}
RESULT: {"using":"xpath","value":"//div[contains(@data-kt ,\"splitAllocationObjectStatus\")]"}
COMMAND: POST /session/bd8f6f9489bd62a6508a75490a4bbe45/elements - {"using":"xpath","value":"//div[contains(@data-kt ,\"splitAllocationObjectStatus\")]"}
RESULT: {"using":"xpath","value":"//div[contains(@data-kt ,\"splitAllocationObjectStatus\")]"}
COMMAND: POST /session/bd8f6f9489bd62a6508a75490a4bbe45/execute/async - {"script":"<script> [1562 bytes]","args":[{"selector":{"controlType":"sap.ui.core.Icon","viewName":"etm.portal.ui.managerequests.view.NewRequest","properties":{"src":{"regex":{"source":"message\\-error"}}}},"wdio_ui5_key":"etmportal.ui.managerequests.view.NewRequestsap.ui.core.Icon{\"src\":{\"regex\":{\"source\":\"message\\\\-error\"}}}"}]}
RESULT: {"script":"<script> [1562 bytes]","args":[{"selector":{"controlType":"sap.ui.core.Icon","viewName":"etm.portal.ui.managerequests.view.NewRequest","properties":{"src":{"regex":{"source":"message\\-error"}}}},"wdio_ui5_key":"etmportal.ui.managerequests.view.NewRequestsap.ui.core.Icon{\"src\":{\"regex\":{\"source\":\"message\\\\-error\"}}}"}]}
RESULT: undefined
COMMAND: POST /session/bd8f6f9489bd62a6508a75490a4bbe45/element - {"using":"xpath","value":"//*[@id=\"__status4-__xmlview59--requestItemsTable-0-icon\"]"}
RESULT: {"using":"xpath","value":"//*[@id=\"__status4-__xmlview59--requestItemsTable-0-icon\"]"}
COMMAND: POST /session/bd8f6f9489bd62a6508a75490a4bbe45/element/f.5D36BF6E7175A89251765FD96C6D3113.d.17DE861CC96B68D8A3499CD7B36B4EF7.e.8552/click - {}
RESULT: {}
COMMAND: POST /session/bd8f6f9489bd62a6508a75490a4bbe45/execute/async - {"script":"<script> [1562 bytes]","args":[{"selector":{"controlType":"sap.ui.core.Icon","viewName":"etm.portal.ui.managerequests.view.NewRequest","properties":{"src":{"regex":{"source":"slim\\-arrow\\-down"}}},"searchOpenDialogs":true,"ancestor":{"id":"costObjectAdminTypeComboBox","viewName":"etm.portal.ui.managerequests.view.NewRequest","searchOpenDialogs":true}},"wdio_ui5_key":"etmportal.ui.managerequests.view.NewRequestsap.ui.core.Icon{\"src\":{\"regex\":{\"source\":\"slim\\\\-arrow\\\\-down\"}}}{\"id\":\"costObjectAdminTypeComboBox\",\"viewName\":\"etm.portal.ui.managerequests.view.NewRequest\",\"searchOpenDialogs\":true}"}]}
COMMAND: GET /session/bd8f6f9489bd62a6508a75490a4bbe45/screenshot - {}
RESULT: {"script":"<script> [1562 bytes]","args":[{"selector":{"controlType":"sap.ui.core.Icon","viewName":"etm.portal.ui.managerequests.view.NewRequest","properties":{"src":{"regex":{"source":"slim\\-arrow\\-down"}}},"searchOpenDialogs":true,"ancestor":{"id":"costObjectAdminTypeComboBox","viewName":"etm.portal.ui.managerequests.view.NewRequest","searchOpenDialogs":true}},"wdio_ui5_key":"etmportal.ui.managerequests.view.NewRequestsap.ui.core.Icon{\"src\":{\"regex\":{\"source\":\"slim\\\\-arrow\\\\-down\"}}}{\"id\":\"costObjectAdminTypeComboBox\",\"viewName\":\"etm.portal.ui.managerequests.view.NewRequest\",\"searchOpenDialogs\":true}"}]}
RESULT: undefined
COMMAND: POST /session/bd8f6f9489bd62a6508a75490a4bbe45/element - {"using":"xpath","value":"//*[@id=\"__xmlview59--costObjectAdminTypeComboBox-arrow\"]"}
RESULT: {}
RESULT: {"using":"xpath","value":"//*[@id=\"__xmlview59--costObjectAdminTypeComboBox-arrow\"]"}
COMMAND: POST /session/bd8f6f9489bd62a6508a75490a4bbe45/element/f.5D36BF6E7175A89251765FD96C6D3113.d.17DE861CC96B68D8A3499CD7B36B4EF7.e.8556/click - {}
RESULT: {}
COMMAND: POST /session/bd8f6f9489bd62a6508a75490a4bbe45/execute/async - {"script":"<script> [1562 bytes]","args":[{"selector":{"controlType":"sap.m.StandardListItem","viewName":"etm.portal.ui.managerequests.view.NewRequest","properties":{"title":"Cost Center"},"searchOpenDialogs":true,"interaction":{"idSuffix":"titleText"}},"wdio_ui5_key":"etmportal.ui.managerequests.view.NewRequestsap.m.StandardListItem{\"title\":\"Cost Center\"}"}]}
COMMAND: GET /session/bd8f6f9489bd62a6508a75490a4bbe45/screenshot - {}
RESULT: {"script":"<script> [1562 bytes]","args":[{"selector":{"controlType":"sap.m.StandardListItem","viewName":"etm.portal.ui.managerequests.view.NewRequest","properties":{"title":"Cost Center"},"searchOpenDialogs":true,"interaction":{"idSuffix":"titleText"}},"wdio_ui5_key":"etmportal.ui.managerequests.view.NewRequestsap.m.StandardListItem{\"title\":\"Cost Center\"}"}]}
RESULT: undefined
COMMAND: POST /session/bd8f6f9489bd62a6508a75490a4bbe45/element - {"using":"xpath","value":"//*[@id=\"__item912\"]"}
RESULT: {}
RESULT: {"using":"xpath","value":"//*[@id=\"__item912\"]"}
COMMAND: POST /session/bd8f6f9489bd62a6508a75490a4bbe45/element/f.5D36BF6E7175A89251765FD96C6D3113.d.17DE861CC96B68D8A3499CD7B36B4EF7.e.8559/click - {}
RESULT: {}
COMMAND: GET /session/bd8f6f9489bd62a6508a75490a4bbe45/screenshot - {}
RESULT: {}
COMMAND: POST /session/bd8f6f9489bd62a6508a75490a4bbe45/execute/async - {"script":"<script> [1562 bytes]","args":[{"selector":{"controlType":"sap.ui.core.Icon","viewName":"etm.portal.ui.managerequests.view.NewRequest","properties":{"src":{"regex":{"source":"value\\-help"}}},"searchOpenDialogs":true},"wdio_ui5_key":"etmportal.ui.managerequests.view.NewRequestsap.ui.core.Icon{\"src\":{\"regex\":{\"source\":\"value\\\\-help\"}}}"}]}
RESULT: {"script":"<script> [1562 bytes]","args":[{"selector":{"controlType":"sap.ui.core.Icon","viewName":"etm.portal.ui.managerequests.view.NewRequest","properties":{"src":{"regex":{"source":"value\\-help"}}},"searchOpenDialogs":true},"wdio_ui5_key":"etmportal.ui.managerequests.view.NewRequestsap.ui.core.Icon{\"src\":{\"regex\":{\"source\":\"value\\\\-help\"}}}"}]}
RESULT: undefined
COMMAND: POST /session/bd8f6f9489bd62a6508a75490a4bbe45/element - {"using":"xpath","value":"//*[@id=\"__xmlview59--costObjectIdComboBox-vhi\"]"}
RESULT: {"using":"xpath","value":"//*[@id=\"__xmlview59--costObjectIdComboBox-vhi\"]"}
COMMAND: POST /session/bd8f6f9489bd62a6508a75490a4bbe45/element/f.5D36BF6E7175A89251765FD96C6D3113.d.17DE861CC96B68D8A3499CD7B36B4EF7.e.8567/click - {}
RESULT: {}
COMMAND: POST /session/bd8f6f9489bd62a6508a75490a4bbe45/execute/async - {"script":"<script> [1562 bytes]","args":[{"selector":{"controlType":"sap.m.SearchField","properties":{"placeholder":"Search"},"searchOpenDialogs":true,"interaction":{"idSuffix":"I"}},"wdio_ui5_key":"sapm.SearchField{\"placeholder\":\"Search\"}"}]}
COMMAND: GET /session/bd8f6f9489bd62a6508a75490a4bbe45/screenshot - {}
RESULT: {"script":"<script> [1562 bytes]","args":[{"selector":{"controlType":"sap.m.SearchField","properties":{"placeholder":"Search"},"searchOpenDialogs":true,"interaction":{"idSuffix":"I"}},"wdio_ui5_key":"sapm.SearchField{\"placeholder\":\"Search\"}"}]}
RESULT: undefined
COMMAND: POST /session/bd8f6f9489bd62a6508a75490a4bbe45/execute/async - {"script":"<script> [776 bytes]","args":[{"enterText":"10001010","selector":{"controlType":"sap.m.SearchField","properties":{"placeholder":"Search"},"searchOpenDialogs":true,"interaction":{"idSuffix":"I"}},"clearTextFirst":true,"interactionType":"ENTER_TEXT"}]}
RESULT: {}
RESULT: {"script":"<script> [776 bytes]","args":[{"enterText":"10001010","selector":{"controlType":"sap.m.SearchField","properties":{"placeholder":"Search"},"searchOpenDialogs":true,"interaction":{"idSuffix":"I"}},"clearTextFirst":true,"interactionType":"ENTER_TEXT"}]}
COMMAND: POST /session/bd8f6f9489bd62a6508a75490a4bbe45/actions - {"actions":[{"id":"action58","type":"key","parameters":{},"actions":[{"type":"keyDown","value":"î€‡"},{"type":"pause","duration":10},{"type":"keyUp","value":"î€‡"}]}]}
RESULT: {"actions":[{"id":"action58","type":"key","parameters":{},"actions":[{"type":"keyDown","value":"î€‡"},{"type":"pause","duration":10},{"type":"keyUp","value":"î€‡"}]}]}
COMMAND: GET /session/bd8f6f9489bd62a6508a75490a4bbe45/screenshot - {}
RESULT: {}
COMMAND: POST /session/bd8f6f9489bd62a6508a75490a4bbe45/execute/async - {"script":"<script> [1562 bytes]","args":[{"selector":{"controlType":"sap.m.Text","bindingPath":{"path":"/C_CostCtrValueHelp(CostCenter='10001010',ControllingArea='Z001')","propertyPath":"CostCenterName","modelName":"CostCenterModel"},"searchOpenDialogs":true},"wdio_ui5_key":"sapm.Text{\"path\":\"/C_CostCtrValueHelp(CostCenter='10001010',ControllingArea='Z001')\",\"propertyPath\":\"CostCenterName\",\"modelName\":\"CostCenterModel\"}"}]}
RESULT: {"script":"<script> [1562 bytes]","args":[{"selector":{"controlType":"sap.m.Text","bindingPath":{"path":"/C_CostCtrValueHelp(CostCenter='10001010',ControllingArea='Z001')","propertyPath":"CostCenterName","modelName":"CostCenterModel"},"searchOpenDialogs":true},"wdio_ui5_key":"sapm.Text{\"path\":\"/C_CostCtrValueHelp(CostCenter='10001010',ControllingArea='Z001')\",\"propertyPath\":\"CostCenterName\",\"modelName\":\"CostCenterModel\"}"}]}
RESULT: undefined
COMMAND: POST /session/bd8f6f9489bd62a6508a75490a4bbe45/element - {"using":"xpath","value":"//*[@id=\"__text544-__clone1140\"]"}
RESULT: {"using":"xpath","value":"//*[@id=\"__text544-__clone1140\"]"}
COMMAND: POST /session/bd8f6f9489bd62a6508a75490a4bbe45/element/f.5D36BF6E7175A89251765FD96C6D3113.d.17DE861CC96B68D8A3499CD7B36B4EF7.e.8608/click - {}
RESULT: {}
COMMAND: POST /session/bd8f6f9489bd62a6508a75490a4bbe45/execute/async - {"script":"<script> [1562 bytes]","args":[{"selector":{"controlType":"sap.m.Button","properties":{"text":"OK"},"searchOpenDialogs":true,"interaction":{"idSuffix":"BDI-content"}},"wdio_ui5_key":"sapm.Button{\"text\":\"OK\"}"}]}
COMMAND: GET /session/bd8f6f9489bd62a6508a75490a4bbe45/screenshot - {}
RESULT: {"script":"<script> [1562 bytes]","args":[{"selector":{"controlType":"sap.m.Button","properties":{"text":"OK"},"searchOpenDialogs":true,"interaction":{"idSuffix":"BDI-content"}},"wdio_ui5_key":"sapm.Button{\"text\":\"OK\"}"}]}
RESULT: undefined
COMMAND: POST /session/bd8f6f9489bd62a6508a75490a4bbe45/element - {"using":"xpath","value":"//*[@id=\"__dialog2-ok\"]"}
RESULT: {}
RESULT: {"using":"xpath","value":"//*[@id=\"__dialog2-ok\"]"}
COMMAND: POST /session/bd8f6f9489bd62a6508a75490a4bbe45/element/f.5D36BF6E7175A89251765FD96C6D3113.d.17DE861CC96B68D8A3499CD7B36B4EF7.e.8610/click - {}
RESULT: {}
COMMAND: GET /session/bd8f6f9489bd62a6508a75490a4bbe45/screenshot - {}
RESULT: {}
COMMAND: POST /session/bd8f6f9489bd62a6508a75490a4bbe45/execute/async - {"script":"<script> [1562 bytes]","args":[{"selector":{"controlType":"sap.m.Button","viewName":"etm.portal.ui.managerequests.view.NewRequest","i18NText":{"propertyName":"text","key":"save"},"searchOpenDialogs":true,"interaction":{"idSuffix":"BDI-content"}},"wdio_ui5_key":"etmportal.ui.managerequests.view.NewRequestsap.m.Button{\"propertyName\":\"text\",\"key\":\"save\"}"}]}
RESULT: {"script":"<script> [1562 bytes]","args":[{"selector":{"controlType":"sap.m.Button","viewName":"etm.portal.ui.managerequests.view.NewRequest","i18NText":{"propertyName":"text","key":"save"},"searchOpenDialogs":true,"interaction":{"idSuffix":"BDI-content"}},"wdio_ui5_key":"etmportal.ui.managerequests.view.NewRequestsap.m.Button{\"propertyName\":\"text\",\"key\":\"save\"}"}]}
RESULT: undefined
COMMAND: POST /session/bd8f6f9489bd62a6508a75490a4bbe45/element - {"using":"xpath","value":"//*[@id=\"__button87\"]"}
RESULT: {"using":"xpath","value":"//*[@id=\"__button87\"]"}
COMMAND: POST /session/bd8f6f9489bd62a6508a75490a4bbe45/element/f.5D36BF6E7175A89251765FD96C6D3113.d.17DE861CC96B68D8A3499CD7B36B4EF7.e.8614/click - {}
RESULT: {}
COMMAND: GET /session/bd8f6f9489bd62a6508a75490a4bbe45/screenshot - {}
RESULT: {}
COMMAND: POST /session/bd8f6f9489bd62a6508a75490a4bbe45/execute/async - {"script":"<script> [1562 bytes]","args":[{"selector":{"controlType":"sap.m.Button","viewName":"etm.portal.ui.managerequests.view.NewRequest","i18NText":{"propertyName":"tooltip","key":"save"},"interaction":{"idSuffix":"content"}},"wdio_ui5_key":"etmportal.ui.managerequests.view.NewRequestsap.m.Button{\"propertyName\":\"tooltip\",\"key\":\"save\"}"}]}
RESULT: {"script":"<script> [1562 bytes]","args":[{"selector":{"controlType":"sap.m.Button","viewName":"etm.portal.ui.managerequests.view.NewRequest","i18NText":{"propertyName":"tooltip","key":"save"},"interaction":{"idSuffix":"content"}},"wdio_ui5_key":"etmportal.ui.managerequests.view.NewRequestsap.m.Button{\"propertyName\":\"tooltip\",\"key\":\"save\"}"}]}
RESULT: undefined
COMMAND: POST /session/bd8f6f9489bd62a6508a75490a4bbe45/element - {"using":"xpath","value":"//*[@id=\"__button78\"]"}
RESULT: {"using":"xpath","value":"//*[@id=\"__button78\"]"}
COMMAND: POST /session/bd8f6f9489bd62a6508a75490a4bbe45/element/f.5D36BF6E7175A89251765FD96C6D3113.d.17DE861CC96B68D8A3499CD7B36B4EF7.e.8387/click - {}
RESULT: {}
COMMAND: GET /session/bd8f6f9489bd62a6508a75490a4bbe45/screenshot - {}
RESULT: {}
COMMAND: POST /session/bd8f6f9489bd62a6508a75490a4bbe45/execute/async - {"script":"<script> [1562 bytes]","args":[{"selector":{"controlType":"sap.m.Title","properties":{"text":"Success"},"searchOpenDialogs":true},"wdio_ui5_key":"sapm.Title{\"text\":\"Success\"}"}]}
RESULT: {"script":"<script> [1562 bytes]","args":[{"selector":{"controlType":"sap.m.Title","properties":{"text":"Success"},"searchOpenDialogs":true},"wdio_ui5_key":"sapm.Title{\"text\":\"Success\"}"}]}
RESULT: undefined
COMMAND: POST /session/bd8f6f9489bd62a6508a75490a4bbe45/execute/async - {"script":"<script> [6424 bytes]","args":[{"element-6066-11e4-a52e-4f735466cecf":"f.5D36BF6E7175A89251765FD96C6D3113.d.17DE861CC96B68D8A3499CD7B36B4EF7.e.8620"},"getText",[]]}
RESULT: {"script":"<script> [6424 bytes]","args":[{"element-6066-11e4-a52e-4f735466cecf":"f.5D36BF6E7175A89251765FD96C6D3113.d.17DE861CC96B68D8A3499CD7B36B4EF7.e.8620"},"getText",[]]}
COMMAND: POST /session/bd8f6f9489bd62a6508a75490a4bbe45/execute/async - {"script":"<script> [1562 bytes]","args":[{"selector":{"controlType":"sap.m.Button","properties":{"text":"Close"},"searchOpenDialogs":true,"interaction":{"idSuffix":"BDI-content"}},"wdio_ui5_key":"sapm.Button{\"text\":\"Close\"}"}]}
RESULT: {"script":"<script> [1562 bytes]","args":[{"selector":{"controlType":"sap.m.Button","properties":{"text":"Close"},"searchOpenDialogs":true,"interaction":{"idSuffix":"BDI-content"}},"wdio_ui5_key":"sapm.Button{\"text\":\"Close\"}"}]}
RESULT: undefined
COMMAND: POST /session/bd8f6f9489bd62a6508a75490a4bbe45/element - {"using":"xpath","value":"//*[@id=\"__mbox-btn-0\"]"}
RESULT: {"using":"xpath","value":"//*[@id=\"__mbox-btn-0\"]"}
COMMAND: POST /session/bd8f6f9489bd62a6508a75490a4bbe45/element/f.5D36BF6E7175A89251765FD96C6D3113.d.17DE861CC96B68D8A3499CD7B36B4EF7.e.8618/click - {}
RESULT: {}
COMMAND: GET /session/bd8f6f9489bd62a6508a75490a4bbe45/screenshot - {}
RESULT: {}
COMMAND: POST /session/bd8f6f9489bd62a6508a75490a4bbe45/execute/async - {"script":"<script> [1562 bytes]","args":[{"selector":{"controlType":"sap.m.Button","viewName":"etm.portal.ui.managerequests.view.Detail","i18NText":{"propertyName":"text","key":"requestSpecifications"},"interaction":{"idSuffix":"BDI-content"}},"wdio_ui5_key":"etmportal.ui.managerequests.view.Detailsap.m.Button{\"propertyName\":\"text\",\"key\":\"requestSpecifications\"}"}]}
RESULT: {"script":"<script> [1562 bytes]","args":[{"selector":{"controlType":"sap.m.Button","viewName":"etm.portal.ui.managerequests.view.Detail","i18NText":{"propertyName":"text","key":"requestSpecifications"},"interaction":{"idSuffix":"BDI-content"}},"wdio_ui5_key":"etmportal.ui.managerequests.view.Detailsap.m.Button{\"propertyName\":\"text\",\"key\":\"requestSpecifications\"}"}]}
RESULT: undefined
COMMAND: POST /session/bd8f6f9489bd62a6508a75490a4bbe45/element - {"using":"xpath","value":"//*[@id=\"__button103-__clone1179\"]"}
RESULT: {"using":"xpath","value":"//*[@id=\"__button103-__clone1179\"]"}
COMMAND: POST /session/bd8f6f9489bd62a6508a75490a4bbe45/element/f.5D36BF6E7175A89251765FD96C6D3113.d.17DE861CC96B68D8A3499CD7B36B4EF7.e.8738/click - {}
RESULT: {}
COMMAND: GET /session/bd8f6f9489bd62a6508a75490a4bbe45/screenshot - {}
RESULT: {}
COMMAND: POST /session/bd8f6f9489bd62a6508a75490a4bbe45/element - {"using":"xpath","value":"//input[@value=\"blue\"]"}
RESULT: {"using":"xpath","value":"//input[@value=\"blue\"]"}
COMMAND: POST /session/bd8f6f9489bd62a6508a75490a4bbe45/elements - {"using":"xpath","value":"//input[@value=\"blue\"]"}
RESULT: {"using":"xpath","value":"//input[@value=\"blue\"]"}
COMMAND: POST /session/bd8f6f9489bd62a6508a75490a4bbe45/execute/async - {"script":"<script> [1562 bytes]","args":[{"selector":{"id":"cancelRequestSpecificationsButton","viewName":"etm.portal.ui.managerequests.view.Detail","searchOpenDialogs":true,"interaction":{"idSuffix":"BDI-content"}},"wdio_ui5_key":"cancelRequestSpecificationsButtonetmportal.ui.managerequests.view.Detail"}]}
RESULT: {"script":"<script> [1562 bytes]","args":[{"selector":{"id":"cancelRequestSpecificationsButton","viewName":"etm.portal.ui.managerequests.view.Detail","searchOpenDialogs":true,"interaction":{"idSuffix":"BDI-content"}},"wdio_ui5_key":"cancelRequestSpecificationsButtonetmportal.ui.managerequests.view.Detail"}]}
RESULT: undefined
COMMAND: POST /session/bd8f6f9489bd62a6508a75490a4bbe45/element - {"using":"xpath","value":"//*[@id=\"__xmlview60--cancelRequestSpecificationsButton\"]"}
RESULT: {"using":"xpath","value":"//*[@id=\"__xmlview60--cancelRequestSpecificationsButton\"]"}
COMMAND: POST /session/bd8f6f9489bd62a6508a75490a4bbe45/element/f.5D36BF6E7175A89251765FD96C6D3113.d.17DE861CC96B68D8A3499CD7B36B4EF7.e.8751/click - {}
RESULT: {}
COMMAND: POST /session/bd8f6f9489bd62a6508a75490a4bbe45/element - {"using":"css selector","value":"#shell-header-logo"}
COMMAND: GET /session/bd8f6f9489bd62a6508a75490a4bbe45/screenshot - {}
RESULT: {"using":"css selector","value":"#shell-header-logo"}
COMMAND: POST /session/bd8f6f9489bd62a6508a75490a4bbe45/element/f.5D36BF6E7175A89251765FD96C6D3113.d.17DE861CC96B68D8A3499CD7B36B4EF7.e.8145/click - {}
RESULT: {}
RESULT: {}
COMMAND: GET /session/bd8f6f9489bd62a6508a75490a4bbe45/screenshot - {}
RESULT: {}
]]></system-out>
    </testcase>
  </testsuite>
  <testsuite timestamp="2025-05-17T16:05:07" time="364.91" tests="3" failures="0" errors="0" skipped="0">
    <properties>
      <property name="specId" value="0" />
      <property name="suiteName" value="Reserve/Unreserve request item via reserve option US139161" />
      <property name="capabilities" value="chrome.136_0_7103_93.windows" />
      <property name="file" value="file:///D:/a/1/s/test/specs/R2C/reserve-unreserve-request-item-via-reserve-option.spec.js" />
    </properties>
    <testcase classname="chrome.136_0_7103_93.windows.Reserve/Unreserve_request_item_via_reserve_option_US139161" name="Should add the material to the catalog item" time="90.232">
      <system-out><![CDATA[
COMMAND: POST /session/bd8f6f9489bd62a6508a75490a4bbe45/execute/async - {"script":"<script> [1562 bytes]","args":[{"selector":{"controlType":"sap.m.GenericTile","properties":{"header":"Manage Catalogs"}},"wdio_ui5_key":"sapm.GenericTile{\"header\":\"Manage Catalogs\"}"}]}
RESULT: {"script":"<script> [1562 bytes]","args":[{"selector":{"controlType":"sap.m.GenericTile","properties":{"header":"Manage Catalogs"}},"wdio_ui5_key":"sapm.GenericTile{\"header\":\"Manage Catalogs\"}"}]}
RESULT: undefined
COMMAND: POST /session/bd8f6f9489bd62a6508a75490a4bbe45/element - {"using":"xpath","value":"//*[@id=\"__tile37\"]"}
RESULT: {"using":"xpath","value":"//*[@id=\"__tile37\"]"}
COMMAND: POST /session/bd8f6f9489bd62a6508a75490a4bbe45/element/f.5D36BF6E7175A89251765FD96C6D3113.d.17DE861CC96B68D8A3499CD7B36B4EF7.e.8758/click - {}
RESULT: {}
COMMAND: GET /session/bd8f6f9489bd62a6508a75490a4bbe45/screenshot - {}
RESULT: {}
COMMAND: POST /session/bd8f6f9489bd62a6508a75490a4bbe45/elements - {"using":"xpath","value":"//span[text()='Error']"}
RESULT: {"using":"xpath","value":"//span[text()='Error']"}
COMMAND: POST /session/bd8f6f9489bd62a6508a75490a4bbe45/execute/async - {"script":"<script> [1562 bytes]","args":[{"selector":{"controlType":"sap.m.Text","viewName":"etm.portal.ui.managecatalogs.view.MasterCatalogs","viewId":"application-managecatalogs-display-component---masterCatalogs","bindingPath":{"path":"/Catalogs('0D7502D073D53A0F1700BE067B89AFF9')","propertyPath":"DESCRIPTION","modelName":"catalogModel"}},"wdio_ui5_key":"etmportal.ui.managecatalogs.view.MasterCatalogssap.m.Text{\"path\":\"/Catalogs('0D7502D073D53A0F1700BE067B89AFF9')\",\"propertyPath\":\"DESCRIPTION\",\"modelName\":\"catalogModel\"}"}]}
RESULT: {"script":"<script> [1562 bytes]","args":[{"selector":{"controlType":"sap.m.Text","viewName":"etm.portal.ui.managecatalogs.view.MasterCatalogs","viewId":"application-managecatalogs-display-component---masterCatalogs","bindingPath":{"path":"/Catalogs('0D7502D073D53A0F1700BE067B89AFF9')","propertyPath":"DESCRIPTION","modelName":"catalogModel"}},"wdio_ui5_key":"etmportal.ui.managecatalogs.view.MasterCatalogssap.m.Text{\"path\":\"/Catalogs('0D7502D073D53A0F1700BE067B89AFF9')\",\"propertyPath\":\"DESCRIPTION\",\"modelName\":\"catalogModel\"}"}]}
RESULT: undefined
COMMAND: POST /session/bd8f6f9489bd62a6508a75490a4bbe45/element - {"using":"xpath","value":"//*[@id=\"__text678-application-managecatalogs-display-component---masterCatalogs--CatalogsTable-11\"]"}
RESULT: {"using":"xpath","value":"//*[@id=\"__text678-application-managecatalogs-display-component---masterCatalogs--CatalogsTable-11\"]"}
COMMAND: POST /session/bd8f6f9489bd62a6508a75490a4bbe45/element/f.5D36BF6E7175A89251765FD96C6D3113.d.17DE861CC96B68D8A3499CD7B36B4EF7.e.8827/click - {}
RESULT: {}
RESULT: undefined
COMMAND: POST /session/bd8f6f9489bd62a6508a75490a4bbe45/execute/async - {"script":"<script> [776 bytes]","args":[{"enterText":"catalogItemihgqb","selector":{"id":"application-managecatalogs-display-component---masterCatalogItems--searchItemsField","interaction":{"idSuffix":"I"}},"clearTextFirst":true,"interactionType":"ENTER_TEXT"}]}
COMMAND: GET /session/bd8f6f9489bd62a6508a75490a4bbe45/screenshot - {}
RESULT: {"script":"<script> [776 bytes]","args":[{"enterText":"catalogItemihgqb","selector":{"id":"application-managecatalogs-display-component---masterCatalogItems--searchItemsField","interaction":{"idSuffix":"I"}},"clearTextFirst":true,"interactionType":"ENTER_TEXT"}]}
COMMAND: POST /session/bd8f6f9489bd62a6508a75490a4bbe45/actions - {"actions":[{"id":"action59","type":"key","parameters":{},"actions":[{"type":"keyDown","value":"î€‡"},{"type":"pause","duration":10},{"type":"keyUp","value":"î€‡"}]}]}
RESULT: {}
RESULT: {"actions":[{"id":"action59","type":"key","parameters":{},"actions":[{"type":"keyDown","value":"î€‡"},{"type":"pause","duration":10},{"type":"keyUp","value":"î€‡"}]}]}
COMMAND: POST /session/bd8f6f9489bd62a6508a75490a4bbe45/element - {"using":"xpath","value":"(//span[contains(text(), \"catalogItemihgqb\")])[1]"}
COMMAND: GET /session/bd8f6f9489bd62a6508a75490a4bbe45/screenshot - {}
RESULT: {"using":"xpath","value":"(//span[contains(text(), \"catalogItemihgqb\")])[1]"}
COMMAND: POST /session/bd8f6f9489bd62a6508a75490a4bbe45/element/f.5D36BF6E7175A89251765FD96C6D3113.d.17DE861CC96B68D8A3499CD7B36B4EF7.e.8865/click - {}
RESULT: {}
RESULT: {}
COMMAND: GET /session/bd8f6f9489bd62a6508a75490a4bbe45/screenshot - {}
RESULT: {}
COMMAND: POST /session/bd8f6f9489bd62a6508a75490a4bbe45/element - {"using":"xpath","value":"//*[contains(@id ,\"BDI-content\")][contains(text(), \"Edit\")]"}
RESULT: {"using":"xpath","value":"//*[contains(@id ,\"BDI-content\")][contains(text(), \"Edit\")]"}
COMMAND: POST /session/bd8f6f9489bd62a6508a75490a4bbe45/element/f.5D36BF6E7175A89251765FD96C6D3113.d.17DE861CC96B68D8A3499CD7B36B4EF7.e.8946/click - {}
RESULT: {}
COMMAND: GET /session/bd8f6f9489bd62a6508a75490a4bbe45/screenshot - {}
RESULT: {}
COMMAND: POST /session/bd8f6f9489bd62a6508a75490a4bbe45/element - {"using":"xpath","value":"//bdi[contains(text(), \"Assigned Resources\")]"}
RESULT: {"using":"xpath","value":"//bdi[contains(text(), \"Assigned Resources\")]"}
COMMAND: POST /session/bd8f6f9489bd62a6508a75490a4bbe45/element/f.5D36BF6E7175A89251765FD96C6D3113.d.17DE861CC96B68D8A3499CD7B36B4EF7.e.8967/click - {}
RESULT: {}
COMMAND: GET /session/bd8f6f9489bd62a6508a75490a4bbe45/screenshot - {}
RESULT: {}
COMMAND: POST /session/bd8f6f9489bd62a6508a75490a4bbe45/element - {"using":"xpath","value":"//button[contains(@data-kt ,\"catalogItemAssignRuButton\")]"}
RESULT: {"using":"xpath","value":"//button[contains(@data-kt ,\"catalogItemAssignRuButton\")]"}
COMMAND: POST /session/bd8f6f9489bd62a6508a75490a4bbe45/element/f.5D36BF6E7175A89251765FD96C6D3113.d.17DE861CC96B68D8A3499CD7B36B4EF7.e.8975/click - {}
RESULT: {}
COMMAND: GET /session/bd8f6f9489bd62a6508a75490a4bbe45/screenshot - {}
RESULT: {}
COMMAND: POST /session/bd8f6f9489bd62a6508a75490a4bbe45/actions - {"actions":[{"id":"action60","type":"key","parameters":{},"actions":[{"type":"keyDown","value":"î€‡"},{"type":"pause","duration":10},{"type":"keyUp","value":"î€‡"}]}]}
RESULT: {"actions":[{"id":"action60","type":"key","parameters":{},"actions":[{"type":"keyDown","value":"î€‡"},{"type":"pause","duration":10},{"type":"keyUp","value":"î€‡"}]}]}
COMMAND: GET /session/bd8f6f9489bd62a6508a75490a4bbe45/screenshot - {}
RESULT: {}
COMMAND: POST /session/bd8f6f9489bd62a6508a75490a4bbe45/execute/async - {"script":"<script> [1562 bytes]","args":[{"selector":{"id":"application-managecatalogs-display-component---detailCatalog--assignRUSearchField-vhi","searchOpenDialogs":true},"wdio_ui5_key":"applicationmanagecatalogs-display-component---detailCatalog--assignRUSearchField-vhi"}]}
RESULT: {"script":"<script> [1562 bytes]","args":[{"selector":{"id":"application-managecatalogs-display-component---detailCatalog--assignRUSearchField-vhi","searchOpenDialogs":true},"wdio_ui5_key":"applicationmanagecatalogs-display-component---detailCatalog--assignRUSearchField-vhi"}]}
RESULT: undefined
COMMAND: POST /session/bd8f6f9489bd62a6508a75490a4bbe45/element - {"using":"xpath","value":"//*[@id=\"application-managecatalogs-display-component---detailCatalog--assignRUSearchField-vhi\"]"}
RESULT: {"using":"xpath","value":"//*[@id=\"application-managecatalogs-display-component---detailCatalog--assignRUSearchField-vhi\"]"}
COMMAND: POST /session/bd8f6f9489bd62a6508a75490a4bbe45/element/f.5D36BF6E7175A89251765FD96C6D3113.d.17DE861CC96B68D8A3499CD7B36B4EF7.e.8993/click - {}
RESULT: {}
COMMAND: GET /session/bd8f6f9489bd62a6508a75490a4bbe45/screenshot - {}
RESULT: {}
COMMAND: POST /session/bd8f6f9489bd62a6508a75490a4bbe45/element - {"using":"xpath","value":"//input[contains(@id ,\"searchField-I\")]"}
RESULT: {"using":"xpath","value":"//input[contains(@id ,\"searchField-I\")]"}
COMMAND: POST /session/bd8f6f9489bd62a6508a75490a4bbe45/element/f.5D36BF6E7175A89251765FD96C6D3113.d.17DE861CC96B68D8A3499CD7B36B4EF7.e.8995/clear - {}
RESULT: {}
COMMAND: POST /session/bd8f6f9489bd62a6508a75490a4bbe45/element/f.5D36BF6E7175A89251765FD96C6D3113.d.17DE861CC96B68D8A3499CD7B36B4EF7.e.8995/value - {"text":"WebdriverRUR2C8psz2"}
COMMAND: GET /session/bd8f6f9489bd62a6508a75490a4bbe45/screenshot - {}
RESULT: {"text":"WebdriverRUR2C8psz2"}
COMMAND: GET /session/bd8f6f9489bd62a6508a75490a4bbe45/screenshot - {}
RESULT: {}
RESULT: {}
COMMAND: POST /session/bd8f6f9489bd62a6508a75490a4bbe45/actions - {"actions":[{"id":"action61","type":"key","parameters":{},"actions":[{"type":"keyDown","value":"î€‡"},{"type":"pause","duration":10},{"type":"keyUp","value":"î€‡"}]}]}
RESULT: {"actions":[{"id":"action61","type":"key","parameters":{},"actions":[{"type":"keyDown","value":"î€‡"},{"type":"pause","duration":10},{"type":"keyUp","value":"î€‡"}]}]}
COMMAND: GET /session/bd8f6f9489bd62a6508a75490a4bbe45/screenshot - {}
RESULT: {}
COMMAND: POST /session/bd8f6f9489bd62a6508a75490a4bbe45/actions - {"actions":[{"id":"action62","type":"key","parameters":{},"actions":[{"type":"keyDown","value":"î€„"},{"type":"pause","duration":10},{"type":"keyUp","value":"î€„"}]}]}
RESULT: {"actions":[{"id":"action62","type":"key","parameters":{},"actions":[{"type":"keyDown","value":"î€„"},{"type":"pause","duration":10},{"type":"keyUp","value":"î€„"}]}]}
COMMAND: GET /session/bd8f6f9489bd62a6508a75490a4bbe45/screenshot - {}
RESULT: {}
COMMAND: POST /session/bd8f6f9489bd62a6508a75490a4bbe45/actions - {"actions":[{"id":"action63","type":"key","parameters":{},"actions":[{"type":"keyDown","value":"î€‡"},{"type":"pause","duration":10},{"type":"keyUp","value":"î€‡"}]}]}
RESULT: {"actions":[{"id":"action63","type":"key","parameters":{},"actions":[{"type":"keyDown","value":"î€‡"},{"type":"pause","duration":10},{"type":"keyUp","value":"î€‡"}]}]}
COMMAND: GET /session/bd8f6f9489bd62a6508a75490a4bbe45/screenshot - {}
RESULT: {}
COMMAND: POST /session/bd8f6f9489bd62a6508a75490a4bbe45/element - {"using":"xpath","value":"//bdi[contains(@id ,\"application-managecatalogs-display-component---detailCatalog--RUAssignmentSaveButton-BDI-content\")]"}
RESULT: {"using":"xpath","value":"//bdi[contains(@id ,\"application-managecatalogs-display-component---detailCatalog--RUAssignmentSaveButton-BDI-content\")]"}
COMMAND: POST /session/bd8f6f9489bd62a6508a75490a4bbe45/element/f.5D36BF6E7175A89251765FD96C6D3113.d.17DE861CC96B68D8A3499CD7B36B4EF7.e.9026/click - {}
RESULT: {}
COMMAND: GET /session/bd8f6f9489bd62a6508a75490a4bbe45/screenshot - {}
RESULT: {}
COMMAND: POST /session/bd8f6f9489bd62a6508a75490a4bbe45/element - {"using":"xpath","value":"//bdi[contains(text(), \"Save\")]"}
RESULT: {"using":"xpath","value":"//bdi[contains(text(), \"Save\")]"}
COMMAND: POST /session/bd8f6f9489bd62a6508a75490a4bbe45/element/f.5D36BF6E7175A89251765FD96C6D3113.d.17DE861CC96B68D8A3499CD7B36B4EF7.e.9043/click - {}
RESULT: {}
COMMAND: GET /session/bd8f6f9489bd62a6508a75490a4bbe45/screenshot - {}
RESULT: {}
COMMAND: POST /session/bd8f6f9489bd62a6508a75490a4bbe45/element - {"using":"css selector","value":"#shell-header-logo"}
RESULT: {"using":"css selector","value":"#shell-header-logo"}
COMMAND: POST /session/bd8f6f9489bd62a6508a75490a4bbe45/element/f.5D36BF6E7175A89251765FD96C6D3113.d.17DE861CC96B68D8A3499CD7B36B4EF7.e.8762/click - {}
RESULT: {}
COMMAND: GET /session/bd8f6f9489bd62a6508a75490a4bbe45/screenshot - {}
RESULT: {}
COMMAND: POST /session/bd8f6f9489bd62a6508a75490a4bbe45/refresh - {}
RESULT: {}
COMMAND: GET /session/bd8f6f9489bd62a6508a75490a4bbe45/screenshot - {}
RESULT: {}
COMMAND: POST /session/bd8f6f9489bd62a6508a75490a4bbe45/execute/async - {"script":"<script> [189 bytes]","args":[]}
RESULT: {"script":"<script> [189 bytes]","args":[]}
COMMAND: POST /session/bd8f6f9489bd62a6508a75490a4bbe45/execute/async - {"script":"<script> [123 bytes]","args":[]}
RESULT: {"script":"<script> [123 bytes]","args":[]}
COMMAND: POST /session/bd8f6f9489bd62a6508a75490a4bbe45/timeouts - {"script":"<number>"}
RESULT: {"script":"<number>"}
COMMAND: GET /session/bd8f6f9489bd62a6508a75490a4bbe45/timeouts - {}
RESULT: {}
RESULT: undefined
COMMAND: POST /session/bd8f6f9489bd62a6508a75490a4bbe45/execute/async - {"script":"<script> [2676 bytes]","args":[]}
RESULT: {"script":"<script> [2676 bytes]","args":[]}
COMMAND: POST /session/bd8f6f9489bd62a6508a75490a4bbe45/execute/async - {"script":"<script> [2342 bytes]","args":[{"protocol":"http","hostname":"0.0.0.0","path":"/","capabilities":{"browserName":"chrome","goog:chromeOptions":{"binary":"C:\\Program Files\\Google\\Chrome\\Application\\chrome.exe","args":["--start-maximized"]}},"logLevel":"warn","connectionRetryTimeout":120000,"connectionRetryCount":3,"logLevels":{},"enableDirectConnect":true,"strictSSL":true,"_":"65 more keys: [\"cacheDir\",\"port\",\"requestedCapabilities\",\"automationProtocol\",\"baseUrl\",\"waitforInterval\",\"waitforTimeout\",\"onReload\",\"beforeCommand\",\"afterCommand\",\"rootDir\",\"specs\",\"suites\",\"exclude\",\"groupLogsByTestSpec\",\"excludeDriverLogs\",\"bail\",\"framework\",\"reporters\",\"services\",\"maxInstances\",\"maxInstancesPerCapability\",\"injectGlobals\",\"filesToWatch\",\"execArgv\",\"runnerEnv\",\"runner\",\"shard\",\"specFileRetries\",\"specFileRetriesDelay\",\"specFileRetriesDeferred\",\"reporterSyncInterval\",\"reporterSyncTimeout\",\"cucumberFeaturesWithLineNumbers\",\"autoCompileOpts\",\"mochaOpts\",\"jasmineOpts\",\"cucumberOpts\",\"onPrepare\",\"onWorkerStart\",\"onWorkerEnd\",\"before\",\"beforeSession\",\"beforeSuite\",\"beforeHook\",\"beforeTest\",\"afterTest\",\"afterHook\",\"afterSuite\",\"afterSession\",\"after\",\"onComplete\",\"beforeAssertion\",\"afterAssertion\",\"beforeFeature\",\"beforeScenario\",\"beforeStep\",\"afterStep\",\"afterScenario\",\"afterFeature\",\"_\",\"suite\",\"$0\",\"ignoredWorkerServices\",\"wdi5\"]"}]}
RESULT: {"script":"<script> [2342 bytes]","args":[{"protocol":"http","hostname":"0.0.0.0","path":"/","capabilities":{"browserName":"chrome","goog:chromeOptions":{"binary":"C:\\Program Files\\Google\\Chrome\\Application\\chrome.exe","args":["--start-maximized"]}},"logLevel":"warn","connectionRetryTimeout":120000,"connectionRetryCount":3,"logLevels":{},"enableDirectConnect":true,"strictSSL":true,"_":"65 more keys: [\"cacheDir\",\"port\",\"requestedCapabilities\",\"automationProtocol\",\"baseUrl\",\"waitforInterval\",\"waitforTimeout\",\"onReload\",\"beforeCommand\",\"afterCommand\",\"rootDir\",\"specs\",\"suites\",\"exclude\",\"groupLogsByTestSpec\",\"excludeDriverLogs\",\"bail\",\"framework\",\"reporters\",\"services\",\"maxInstances\",\"maxInstancesPerCapability\",\"injectGlobals\",\"filesToWatch\",\"execArgv\",\"runnerEnv\",\"runner\",\"shard\",\"specFileRetries\",\"specFileRetriesDelay\",\"specFileRetriesDeferred\",\"reporterSyncInterval\",\"reporterSyncTimeout\",\"cucumberFeaturesWithLineNumbers\",\"autoCompileOpts\",\"mochaOpts\",\"jasmineOpts\",\"cucumberOpts\",\"onPrepare\",\"onWorkerStart\",\"onWorkerEnd\",\"before\",\"beforeSession\",\"beforeSuite\",\"beforeHook\",\"beforeTest\",\"afterTest\",\"afterHook\",\"afterSuite\",\"afterSession\",\"after\",\"onComplete\",\"beforeAssertion\",\"afterAssertion\",\"beforeFeature\",\"beforeScenario\",\"beforeStep\",\"afterStep\",\"afterScenario\",\"afterFeature\",\"_\",\"suite\",\"$0\",\"ignoredWorkerServices\",\"wdi5\"]"}]}
COMMAND: POST /session/bd8f6f9489bd62a6508a75490a4bbe45/execute/async - {"script":"<script> [21126 bytes]","args":[35000]}
RESULT: {"script":"<script> [21126 bytes]","args":[35000]}
]]></system-out>
    </testcase>
    <testcase classname="chrome.136_0_7103_93.windows.Reserve/Unreserve_request_item_via_reserve_option_US139161" name="Should create a new request with a catalog item that can be planned" time="167.712">
      <system-out><![CDATA[
COMMAND: POST /session/bd8f6f9489bd62a6508a75490a4bbe45/execute/async - {"script":"<script> [1562 bytes]","args":[{"selector":{"controlType":"sap.m.GenericTile","properties":{"header":"Manage Requests"}},"wdio_ui5_key":"sapm.GenericTile{\"header\":\"Manage Requests\"}"}]}
RESULT: {"script":"<script> [1562 bytes]","args":[{"selector":{"controlType":"sap.m.GenericTile","properties":{"header":"Manage Requests"}},"wdio_ui5_key":"sapm.GenericTile{\"header\":\"Manage Requests\"}"}]}
RESULT: undefined
COMMAND: POST /session/bd8f6f9489bd62a6508a75490a4bbe45/element - {"using":"xpath","value":"//*[@id=\"__tile47\"]"}
RESULT: {"using":"xpath","value":"//*[@id=\"__tile47\"]"}
COMMAND: POST /session/bd8f6f9489bd62a6508a75490a4bbe45/element/f.5D36BF6E7175A89251765FD96C6D3113.d.BB781054B3072BA273489BBAE2E3C69A.e.9085/click - {}
RESULT: {}
COMMAND: GET /session/bd8f6f9489bd62a6508a75490a4bbe45/screenshot - {}
RESULT: {}
COMMAND: POST /session/bd8f6f9489bd62a6508a75490a4bbe45/elements - {"using":"xpath","value":"//span[text()='Error']"}
RESULT: {"using":"xpath","value":"//span[text()='Error']"}
COMMAND: POST /session/bd8f6f9489bd62a6508a75490a4bbe45/element - {"using":"xpath","value":"//button[contains(@data-kt ,\"btnCreateNewOverflowToolbarButton\")]"}
COMMAND: POST /session/bd8f6f9489bd62a6508a75490a4bbe45/element - {"using":"xpath","value":"(//span[contains(@class ,\"sapMObjStatusText\")])[1]"}
RESULT: {"using":"xpath","value":"(//span[contains(@class ,\"sapMObjStatusText\")])[1]"}
COMMAND: POST /session/bd8f6f9489bd62a6508a75490a4bbe45/execute/sync - {"script":"<script> [8489 bytes]","args":[{"element-6066-11e4-a52e-4f735466cecf":"f.5D36BF6E7175A89251765FD96C6D3113.d.BB781054B3072BA273489BBAE2E3C69A.e.9180","ELEMENT":"f.5D36BF6E7175A89251765FD96C6D3113.d.BB781054B3072BA273489BBAE2E3C69A.e.9180"}]}
RESULT: {"using":"xpath","value":"//button[contains(@data-kt ,\"btnCreateNewOverflowToolbarButton\")]"}
COMMAND: POST /session/bd8f6f9489bd62a6508a75490a4bbe45/element/f.5D36BF6E7175A89251765FD96C6D3113.d.BB781054B3072BA273489BBAE2E3C69A.e.9142/click - {}
RESULT: {"script":"<script> [8489 bytes]","args":[{"element-6066-11e4-a52e-4f735466cecf":"f.5D36BF6E7175A89251765FD96C6D3113.d.BB781054B3072BA273489BBAE2E3C69A.e.9180","ELEMENT":"f.5D36BF6E7175A89251765FD96C6D3113.d.BB781054B3072BA273489BBAE2E3C69A.e.9180"}]}
COMMAND: GET /session/bd8f6f9489bd62a6508a75490a4bbe45/screenshot - {}
RESULT: {}
COMMAND: GET /session/bd8f6f9489bd62a6508a75490a4bbe45/screenshot - {}
RESULT: {}
RESULT: {}
COMMAND: POST /session/bd8f6f9489bd62a6508a75490a4bbe45/element - {"using":"xpath","value":"//input[contains(@id ,\"yardId-inner\")]"}
RESULT: {"using":"xpath","value":"//input[contains(@id ,\"yardId-inner\")]"}
COMMAND: POST /session/bd8f6f9489bd62a6508a75490a4bbe45/execute/sync - {"script":"<script> [8489 bytes]","args":[{"element-6066-11e4-a52e-4f735466cecf":"f.5D36BF6E7175A89251765FD96C6D3113.d.BB781054B3072BA273489BBAE2E3C69A.e.9203","ELEMENT":"f.5D36BF6E7175A89251765FD96C6D3113.d.BB781054B3072BA273489BBAE2E3C69A.e.9203"}]}
RESULT: {"script":"<script> [8489 bytes]","args":[{"element-6066-11e4-a52e-4f735466cecf":"f.5D36BF6E7175A89251765FD96C6D3113.d.BB781054B3072BA273489BBAE2E3C69A.e.9203","ELEMENT":"f.5D36BF6E7175A89251765FD96C6D3113.d.BB781054B3072BA273489BBAE2E3C69A.e.9203"}]}
COMMAND: POST /session/bd8f6f9489bd62a6508a75490a4bbe45/element - {"using":"xpath","value":"//input[contains(@id ,\"yardId-inner\")]"}
COMMAND: GET /session/bd8f6f9489bd62a6508a75490a4bbe45/screenshot - {}
RESULT: {"using":"xpath","value":"//input[contains(@id ,\"yardId-inner\")]"}
COMMAND: GET /session/bd8f6f9489bd62a6508a75490a4bbe45/element/f.5D36BF6E7175A89251765FD96C6D3113.d.BB781054B3072BA273489BBAE2E3C69A.e.9203/enabled - {}
RESULT: {}
RESULT: {}
COMMAND: POST /session/bd8f6f9489bd62a6508a75490a4bbe45/element/f.5D36BF6E7175A89251765FD96C6D3113.d.BB781054B3072BA273489BBAE2E3C69A.e.9203/clear - {}
COMMAND: GET /session/bd8f6f9489bd62a6508a75490a4bbe45/screenshot - {}
RESULT: {}
COMMAND: POST /session/bd8f6f9489bd62a6508a75490a4bbe45/element/f.5D36BF6E7175A89251765FD96C6D3113.d.BB781054B3072BA273489BBAE2E3C69A.e.9203/value - {"text":"WebdriverYardziz0f"}
COMMAND: GET /session/bd8f6f9489bd62a6508a75490a4bbe45/screenshot - {}
RESULT: {}
RESULT: {"text":"WebdriverYardziz0f"}
COMMAND: GET /session/bd8f6f9489bd62a6508a75490a4bbe45/screenshot - {}
RESULT: {}
RESULT: {}
COMMAND: POST /session/bd8f6f9489bd62a6508a75490a4bbe45/actions - {"actions":[{"id":"action64","type":"key","parameters":{},"actions":[{"type":"keyDown","value":"î€‡"},{"type":"pause","duration":10},{"type":"keyUp","value":"î€‡"}]}]}
COMMAND: POST /session/bd8f6f9489bd62a6508a75490a4bbe45/element - {"using":"xpath","value":"//input[contains(@id ,\"customerNumber-inner\")]"}
RESULT: {"actions":[{"id":"action64","type":"key","parameters":{},"actions":[{"type":"keyDown","value":"î€‡"},{"type":"pause","duration":10},{"type":"keyUp","value":"î€‡"}]}]}
RESULT: {"using":"xpath","value":"//input[contains(@id ,\"customerNumber-inner\")]"}
COMMAND: POST /session/bd8f6f9489bd62a6508a75490a4bbe45/element/f.5D36BF6E7175A89251765FD96C6D3113.d.BB781054B3072BA273489BBAE2E3C69A.e.9199/value - {"text":"WebdriverPartnerowd7l"}
COMMAND: GET /session/bd8f6f9489bd62a6508a75490a4bbe45/screenshot - {}
RESULT: {"text":"WebdriverPartnerowd7l"}
RESULT: {}
COMMAND: GET /session/bd8f6f9489bd62a6508a75490a4bbe45/screenshot - {}
RESULT: {}
COMMAND: POST /session/bd8f6f9489bd62a6508a75490a4bbe45/actions - {"actions":[{"id":"action65","type":"key","parameters":{},"actions":[{"type":"keyDown","value":"î€‡"},{"type":"pause","duration":10},{"type":"keyUp","value":"î€‡"}]}]}
RESULT: {"actions":[{"id":"action65","type":"key","parameters":{},"actions":[{"type":"keyDown","value":"î€‡"},{"type":"pause","duration":10},{"type":"keyUp","value":"î€‡"}]}]}
COMMAND: GET /session/bd8f6f9489bd62a6508a75490a4bbe45/screenshot - {}
RESULT: {}
COMMAND: GET /session/bd8f6f9489bd62a6508a75490a4bbe45/element/f.5D36BF6E7175A89251765FD96C6D3113.d.BB781054B3072BA273489BBAE2E3C69A.e.9199/property/value - {}
RESULT: {}
COMMAND: GET /session/bd8f6f9489bd62a6508a75490a4bbe45/screenshot - {}
RESULT: {}
COMMAND: POST /session/bd8f6f9489bd62a6508a75490a4bbe45/element - {"using":"xpath","value":"//input[contains(@id ,\"requestSiteId-inner\")]"}
RESULT: {"using":"xpath","value":"//input[contains(@id ,\"requestSiteId-inner\")]"}
COMMAND: POST /session/bd8f6f9489bd62a6508a75490a4bbe45/element/f.5D36BF6E7175A89251765FD96C6D3113.d.BB781054B3072BA273489BBAE2E3C69A.e.9198/value - {"text":"WebdriverSite89rs8"}
RESULT: {"text":"WebdriverSite89rs8"}
COMMAND: GET /session/bd8f6f9489bd62a6508a75490a4bbe45/screenshot - {}
RESULT: {}
COMMAND: POST /session/bd8f6f9489bd62a6508a75490a4bbe45/actions - {"actions":[{"id":"action66","type":"key","parameters":{},"actions":[{"type":"keyDown","value":"î€‡"},{"type":"pause","duration":10},{"type":"keyUp","value":"î€‡"}]}]}
RESULT: {"actions":[{"id":"action66","type":"key","parameters":{},"actions":[{"type":"keyDown","value":"î€‡"},{"type":"pause","duration":10},{"type":"keyUp","value":"î€‡"}]}]}
COMMAND: GET /session/bd8f6f9489bd62a6508a75490a4bbe45/screenshot - {}
RESULT: {}
COMMAND: POST /session/bd8f6f9489bd62a6508a75490a4bbe45/element - {"using":"xpath","value":"//button[contains(@data-kt ,\"requestItemAddOverflowToolbarButton\")]"}
RESULT: {"using":"xpath","value":"//button[contains(@data-kt ,\"requestItemAddOverflowToolbarButton\")]"}
COMMAND: POST /session/bd8f6f9489bd62a6508a75490a4bbe45/element/f.5D36BF6E7175A89251765FD96C6D3113.d.BB781054B3072BA273489BBAE2E3C69A.e.9450/click - {}
RESULT: {}
COMMAND: GET /session/bd8f6f9489bd62a6508a75490a4bbe45/screenshot - {}
RESULT: {}
COMMAND: POST /session/bd8f6f9489bd62a6508a75490a4bbe45/actions - {"actions":[{"id":"action67","type":"key","parameters":{},"actions":[{"type":"keyDown","value":"î€•"},{"type":"pause","duration":10},{"type":"keyUp","value":"î€•"}]}]}
RESULT: {"actions":[{"id":"action67","type":"key","parameters":{},"actions":[{"type":"keyDown","value":"î€•"},{"type":"pause","duration":10},{"type":"keyUp","value":"î€•"}]}]}
COMMAND: POST /session/bd8f6f9489bd62a6508a75490a4bbe45/actions - {"actions":[{"id":"action68","type":"key","parameters":{},"actions":[{"type":"keyDown","value":"î€‡"},{"type":"pause","duration":10},{"type":"keyUp","value":"î€‡"}]}]}
COMMAND: GET /session/bd8f6f9489bd62a6508a75490a4bbe45/screenshot - {}
RESULT: {"actions":[{"id":"action68","type":"key","parameters":{},"actions":[{"type":"keyDown","value":"î€‡"},{"type":"pause","duration":10},{"type":"keyUp","value":"î€‡"}]}]}
COMMAND: POST /session/bd8f6f9489bd62a6508a75490a4bbe45/element - {"using":"xpath","value":"(//input[contains(@id ,\"requestItemsTable-0-inner\")])[1]"}
COMMAND: GET /session/bd8f6f9489bd62a6508a75490a4bbe45/screenshot - {}
RESULT: {}
RESULT: {"using":"xpath","value":"(//input[contains(@id ,\"requestItemsTable-0-inner\")])[1]"}
COMMAND: POST /session/bd8f6f9489bd62a6508a75490a4bbe45/element/f.5D36BF6E7175A89251765FD96C6D3113.d.BB781054B3072BA273489BBAE2E3C69A.e.9454/clear - {}
RESULT: {}
RESULT: {}
COMMAND: POST /session/bd8f6f9489bd62a6508a75490a4bbe45/element/f.5D36BF6E7175A89251765FD96C6D3113.d.BB781054B3072BA273489BBAE2E3C69A.e.9454/value - {"text":"catalogItemihgqb"}
COMMAND: GET /session/bd8f6f9489bd62a6508a75490a4bbe45/screenshot - {}
RESULT: {"text":"catalogItemihgqb"}
COMMAND: GET /session/bd8f6f9489bd62a6508a75490a4bbe45/screenshot - {}
RESULT: {}
RESULT: {}
COMMAND: POST /session/bd8f6f9489bd62a6508a75490a4bbe45/actions - {"actions":[{"id":"action69","type":"key","parameters":{},"actions":[{"type":"keyDown","value":"î€‡"},{"type":"pause","duration":10},{"type":"keyUp","value":"î€‡"}]}]}
RESULT: {"actions":[{"id":"action69","type":"key","parameters":{},"actions":[{"type":"keyDown","value":"î€‡"},{"type":"pause","duration":10},{"type":"keyUp","value":"î€‡"}]}]}
COMMAND: GET /session/bd8f6f9489bd62a6508a75490a4bbe45/screenshot - {}
RESULT: {}
COMMAND: POST /session/bd8f6f9489bd62a6508a75490a4bbe45/execute/async - {"script":"<script> [1562 bytes]","args":[{"selector":{"controlType":"sap.ui.core.Icon","viewName":"etm.portal.ui.managerequests.view.NewRequest","properties":{"src":{"regex":{"source":"slim\\-arrow\\-down"}}},"ancestor":{"controlType":"sap.m.Button","viewName":"etm.portal.ui.managerequests.view.NewRequest","properties":{"icon":"sap-icon://slim-arrow-down"}}},"wdio_ui5_key":"etmportal.ui.managerequests.view.NewRequestsap.ui.core.Icon{\"src\":{\"regex\":{\"source\":\"slim\\\\-arrow\\\\-down\"}}}{\"controlType\":\"sap.m.Button\",\"viewName\":\"etm.portal.ui.managerequests.view.NewRequest\",\"properties\":{\"icon\":\"sap-icon://slim-arrow-down\"}}"}]}
RESULT: {"script":"<script> [1562 bytes]","args":[{"selector":{"controlType":"sap.ui.core.Icon","viewName":"etm.portal.ui.managerequests.view.NewRequest","properties":{"src":{"regex":{"source":"slim\\-arrow\\-down"}}},"ancestor":{"controlType":"sap.m.Button","viewName":"etm.portal.ui.managerequests.view.NewRequest","properties":{"icon":"sap-icon://slim-arrow-down"}}},"wdio_ui5_key":"etmportal.ui.managerequests.view.NewRequestsap.ui.core.Icon{\"src\":{\"regex\":{\"source\":\"slim\\\\-arrow\\\\-down\"}}}{\"controlType\":\"sap.m.Button\",\"viewName\":\"etm.portal.ui.managerequests.view.NewRequest\",\"properties\":{\"icon\":\"sap-icon://slim-arrow-down\"}}"}]}
RESULT: undefined
COMMAND: POST /session/bd8f6f9489bd62a6508a75490a4bbe45/element - {"using":"xpath","value":"//div[contains(@data-kt ,\"splitAllocationObjectStatus\")]"}
RESULT: {"using":"xpath","value":"//div[contains(@data-kt ,\"splitAllocationObjectStatus\")]"}
COMMAND: POST /session/bd8f6f9489bd62a6508a75490a4bbe45/elements - {"using":"xpath","value":"//div[contains(@data-kt ,\"splitAllocationObjectStatus\")]"}
RESULT: {"using":"xpath","value":"//div[contains(@data-kt ,\"splitAllocationObjectStatus\")]"}
COMMAND: POST /session/bd8f6f9489bd62a6508a75490a4bbe45/execute/async - {"script":"<script> [1562 bytes]","args":[{"selector":{"controlType":"sap.ui.core.Icon","viewName":"etm.portal.ui.managerequests.view.NewRequest","properties":{"src":{"regex":{"source":"message\\-error"}}}},"wdio_ui5_key":"etmportal.ui.managerequests.view.NewRequestsap.ui.core.Icon{\"src\":{\"regex\":{\"source\":\"message\\\\-error\"}}}"}]}
RESULT: {"script":"<script> [1562 bytes]","args":[{"selector":{"controlType":"sap.ui.core.Icon","viewName":"etm.portal.ui.managerequests.view.NewRequest","properties":{"src":{"regex":{"source":"message\\-error"}}}},"wdio_ui5_key":"etmportal.ui.managerequests.view.NewRequestsap.ui.core.Icon{\"src\":{\"regex\":{\"source\":\"message\\\\-error\"}}}"}]}
RESULT: undefined
COMMAND: POST /session/bd8f6f9489bd62a6508a75490a4bbe45/element - {"using":"xpath","value":"//*[@id=\"__status4-__xmlview59--requestItemsTable-0-icon\"]"}
RESULT: {"using":"xpath","value":"//*[@id=\"__status4-__xmlview59--requestItemsTable-0-icon\"]"}
COMMAND: POST /session/bd8f6f9489bd62a6508a75490a4bbe45/element/f.5D36BF6E7175A89251765FD96C6D3113.d.BB781054B3072BA273489BBAE2E3C69A.e.9469/click - {}
RESULT: {}
COMMAND: POST /session/bd8f6f9489bd62a6508a75490a4bbe45/execute/async - {"script":"<script> [1562 bytes]","args":[{"selector":{"controlType":"sap.ui.core.Icon","viewName":"etm.portal.ui.managerequests.view.NewRequest","properties":{"src":{"regex":{"source":"slim\\-arrow\\-down"}}},"searchOpenDialogs":true,"ancestor":{"id":"costObjectAdminTypeComboBox","viewName":"etm.portal.ui.managerequests.view.NewRequest","searchOpenDialogs":true}},"wdio_ui5_key":"etmportal.ui.managerequests.view.NewRequestsap.ui.core.Icon{\"src\":{\"regex\":{\"source\":\"slim\\\\-arrow\\\\-down\"}}}{\"id\":\"costObjectAdminTypeComboBox\",\"viewName\":\"etm.portal.ui.managerequests.view.NewRequest\",\"searchOpenDialogs\":true}"}]}
COMMAND: GET /session/bd8f6f9489bd62a6508a75490a4bbe45/screenshot - {}
RESULT: {"script":"<script> [1562 bytes]","args":[{"selector":{"controlType":"sap.ui.core.Icon","viewName":"etm.portal.ui.managerequests.view.NewRequest","properties":{"src":{"regex":{"source":"slim\\-arrow\\-down"}}},"searchOpenDialogs":true,"ancestor":{"id":"costObjectAdminTypeComboBox","viewName":"etm.portal.ui.managerequests.view.NewRequest","searchOpenDialogs":true}},"wdio_ui5_key":"etmportal.ui.managerequests.view.NewRequestsap.ui.core.Icon{\"src\":{\"regex\":{\"source\":\"slim\\\\-arrow\\\\-down\"}}}{\"id\":\"costObjectAdminTypeComboBox\",\"viewName\":\"etm.portal.ui.managerequests.view.NewRequest\",\"searchOpenDialogs\":true}"}]}
RESULT: undefined
COMMAND: POST /session/bd8f6f9489bd62a6508a75490a4bbe45/element - {"using":"xpath","value":"//*[@id=\"__xmlview59--costObjectAdminTypeComboBox-arrow\"]"}
RESULT: {}
RESULT: {"using":"xpath","value":"//*[@id=\"__xmlview59--costObjectAdminTypeComboBox-arrow\"]"}
COMMAND: POST /session/bd8f6f9489bd62a6508a75490a4bbe45/element/f.5D36BF6E7175A89251765FD96C6D3113.d.BB781054B3072BA273489BBAE2E3C69A.e.9473/click - {}
RESULT: {}
COMMAND: POST /session/bd8f6f9489bd62a6508a75490a4bbe45/execute/async - {"script":"<script> [1562 bytes]","args":[{"selector":{"controlType":"sap.m.StandardListItem","viewName":"etm.portal.ui.managerequests.view.NewRequest","properties":{"title":"Cost Center"},"searchOpenDialogs":true,"interaction":{"idSuffix":"titleText"}},"wdio_ui5_key":"etmportal.ui.managerequests.view.NewRequestsap.m.StandardListItem{\"title\":\"Cost Center\"}"}]}
COMMAND: GET /session/bd8f6f9489bd62a6508a75490a4bbe45/screenshot - {}
RESULT: {"script":"<script> [1562 bytes]","args":[{"selector":{"controlType":"sap.m.StandardListItem","viewName":"etm.portal.ui.managerequests.view.NewRequest","properties":{"title":"Cost Center"},"searchOpenDialogs":true,"interaction":{"idSuffix":"titleText"}},"wdio_ui5_key":"etmportal.ui.managerequests.view.NewRequestsap.m.StandardListItem{\"title\":\"Cost Center\"}"}]}
RESULT: undefined
COMMAND: POST /session/bd8f6f9489bd62a6508a75490a4bbe45/element - {"using":"xpath","value":"//*[@id=\"__item666\"]"}
RESULT: {}
RESULT: {"using":"xpath","value":"//*[@id=\"__item666\"]"}
COMMAND: POST /session/bd8f6f9489bd62a6508a75490a4bbe45/element/f.5D36BF6E7175A89251765FD96C6D3113.d.BB781054B3072BA273489BBAE2E3C69A.e.9476/click - {}
RESULT: {}
COMMAND: GET /session/bd8f6f9489bd62a6508a75490a4bbe45/screenshot - {}
RESULT: {}
COMMAND: POST /session/bd8f6f9489bd62a6508a75490a4bbe45/execute/async - {"script":"<script> [1562 bytes]","args":[{"selector":{"controlType":"sap.ui.core.Icon","viewName":"etm.portal.ui.managerequests.view.NewRequest","properties":{"src":{"regex":{"source":"value\\-help"}}},"searchOpenDialogs":true},"wdio_ui5_key":"etmportal.ui.managerequests.view.NewRequestsap.ui.core.Icon{\"src\":{\"regex\":{\"source\":\"value\\\\-help\"}}}"}]}
RESULT: {"script":"<script> [1562 bytes]","args":[{"selector":{"controlType":"sap.ui.core.Icon","viewName":"etm.portal.ui.managerequests.view.NewRequest","properties":{"src":{"regex":{"source":"value\\-help"}}},"searchOpenDialogs":true},"wdio_ui5_key":"etmportal.ui.managerequests.view.NewRequestsap.ui.core.Icon{\"src\":{\"regex\":{\"source\":\"value\\\\-help\"}}}"}]}
RESULT: undefined
COMMAND: POST /session/bd8f6f9489bd62a6508a75490a4bbe45/element - {"using":"xpath","value":"//*[@id=\"__xmlview59--costObjectIdComboBox-vhi\"]"}
RESULT: {"using":"xpath","value":"//*[@id=\"__xmlview59--costObjectIdComboBox-vhi\"]"}
COMMAND: POST /session/bd8f6f9489bd62a6508a75490a4bbe45/element/f.5D36BF6E7175A89251765FD96C6D3113.d.BB781054B3072BA273489BBAE2E3C69A.e.9482/click - {}
RESULT: {}
COMMAND: POST /session/bd8f6f9489bd62a6508a75490a4bbe45/execute/async - {"script":"<script> [1562 bytes]","args":[{"selector":{"controlType":"sap.m.SearchField","properties":{"placeholder":"Search"},"searchOpenDialogs":true,"interaction":{"idSuffix":"I"}},"wdio_ui5_key":"sapm.SearchField{\"placeholder\":\"Search\"}"}]}
COMMAND: GET /session/bd8f6f9489bd62a6508a75490a4bbe45/screenshot - {}
RESULT: {"script":"<script> [1562 bytes]","args":[{"selector":{"controlType":"sap.m.SearchField","properties":{"placeholder":"Search"},"searchOpenDialogs":true,"interaction":{"idSuffix":"I"}},"wdio_ui5_key":"sapm.SearchField{\"placeholder\":\"Search\"}"}]}
RESULT: undefined
COMMAND: POST /session/bd8f6f9489bd62a6508a75490a4bbe45/execute/async - {"script":"<script> [776 bytes]","args":[{"enterText":"10001010","selector":{"controlType":"sap.m.SearchField","properties":{"placeholder":"Search"},"searchOpenDialogs":true,"interaction":{"idSuffix":"I"}},"clearTextFirst":true,"interactionType":"ENTER_TEXT"}]}
RESULT: {}
RESULT: {"script":"<script> [776 bytes]","args":[{"enterText":"10001010","selector":{"controlType":"sap.m.SearchField","properties":{"placeholder":"Search"},"searchOpenDialogs":true,"interaction":{"idSuffix":"I"}},"clearTextFirst":true,"interactionType":"ENTER_TEXT"}]}
COMMAND: POST /session/bd8f6f9489bd62a6508a75490a4bbe45/actions - {"actions":[{"id":"action70","type":"key","parameters":{},"actions":[{"type":"keyDown","value":"î€‡"},{"type":"pause","duration":10},{"type":"keyUp","value":"î€‡"}]}]}
RESULT: {"actions":[{"id":"action70","type":"key","parameters":{},"actions":[{"type":"keyDown","value":"î€‡"},{"type":"pause","duration":10},{"type":"keyUp","value":"î€‡"}]}]}
COMMAND: GET /session/bd8f6f9489bd62a6508a75490a4bbe45/screenshot - {}
RESULT: {}
COMMAND: POST /session/bd8f6f9489bd62a6508a75490a4bbe45/execute/async - {"script":"<script> [1562 bytes]","args":[{"selector":{"controlType":"sap.m.Text","bindingPath":{"path":"/C_CostCtrValueHelp(CostCenter='10001010',ControllingArea='Z001')","propertyPath":"CostCenterName","modelName":"CostCenterModel"},"searchOpenDialogs":true},"wdio_ui5_key":"sapm.Text{\"path\":\"/C_CostCtrValueHelp(CostCenter='10001010',ControllingArea='Z001')\",\"propertyPath\":\"CostCenterName\",\"modelName\":\"CostCenterModel\"}"}]}
RESULT: {"script":"<script> [1562 bytes]","args":[{"selector":{"controlType":"sap.m.Text","bindingPath":{"path":"/C_CostCtrValueHelp(CostCenter='10001010',ControllingArea='Z001')","propertyPath":"CostCenterName","modelName":"CostCenterModel"},"searchOpenDialogs":true},"wdio_ui5_key":"sapm.Text{\"path\":\"/C_CostCtrValueHelp(CostCenter='10001010',ControllingArea='Z001')\",\"propertyPath\":\"CostCenterName\",\"modelName\":\"CostCenterModel\"}"}]}
RESULT: undefined
COMMAND: POST /session/bd8f6f9489bd62a6508a75490a4bbe45/element - {"using":"xpath","value":"//*[@id=\"__text287-__clone812\"]"}
RESULT: {"using":"xpath","value":"//*[@id=\"__text287-__clone812\"]"}
COMMAND: POST /session/bd8f6f9489bd62a6508a75490a4bbe45/element/f.5D36BF6E7175A89251765FD96C6D3113.d.BB781054B3072BA273489BBAE2E3C69A.e.9522/click - {}
RESULT: {}
COMMAND: POST /session/bd8f6f9489bd62a6508a75490a4bbe45/execute/async - {"script":"<script> [1562 bytes]","args":[{"selector":{"controlType":"sap.m.Button","properties":{"text":"OK"},"searchOpenDialogs":true,"interaction":{"idSuffix":"BDI-content"}},"wdio_ui5_key":"sapm.Button{\"text\":\"OK\"}"}]}
COMMAND: GET /session/bd8f6f9489bd62a6508a75490a4bbe45/screenshot - {}
RESULT: {"script":"<script> [1562 bytes]","args":[{"selector":{"controlType":"sap.m.Button","properties":{"text":"OK"},"searchOpenDialogs":true,"interaction":{"idSuffix":"BDI-content"}},"wdio_ui5_key":"sapm.Button{\"text\":\"OK\"}"}]}
RESULT: undefined
COMMAND: POST /session/bd8f6f9489bd62a6508a75490a4bbe45/element - {"using":"xpath","value":"//*[@id=\"__dialog1-ok\"]"}
RESULT: {}
RESULT: {"using":"xpath","value":"//*[@id=\"__dialog1-ok\"]"}
COMMAND: POST /session/bd8f6f9489bd62a6508a75490a4bbe45/element/f.5D36BF6E7175A89251765FD96C6D3113.d.BB781054B3072BA273489BBAE2E3C69A.e.9524/click - {}
RESULT: {}
COMMAND: GET /session/bd8f6f9489bd62a6508a75490a4bbe45/screenshot - {}
RESULT: {}
COMMAND: POST /session/bd8f6f9489bd62a6508a75490a4bbe45/execute/async - {"script":"<script> [1562 bytes]","args":[{"selector":{"controlType":"sap.m.Button","viewName":"etm.portal.ui.managerequests.view.NewRequest","i18NText":{"propertyName":"text","key":"save"},"searchOpenDialogs":true,"interaction":{"idSuffix":"BDI-content"}},"wdio_ui5_key":"etmportal.ui.managerequests.view.NewRequestsap.m.Button{\"propertyName\":\"text\",\"key\":\"save\"}"}]}
RESULT: {"script":"<script> [1562 bytes]","args":[{"selector":{"controlType":"sap.m.Button","viewName":"etm.portal.ui.managerequests.view.NewRequest","i18NText":{"propertyName":"text","key":"save"},"searchOpenDialogs":true,"interaction":{"idSuffix":"BDI-content"}},"wdio_ui5_key":"etmportal.ui.managerequests.view.NewRequestsap.m.Button{\"propertyName\":\"text\",\"key\":\"save\"}"}]}
RESULT: undefined
COMMAND: POST /session/bd8f6f9489bd62a6508a75490a4bbe45/element - {"using":"xpath","value":"//*[@id=\"__button22\"]"}
RESULT: {"using":"xpath","value":"//*[@id=\"__button22\"]"}
COMMAND: POST /session/bd8f6f9489bd62a6508a75490a4bbe45/element/f.5D36BF6E7175A89251765FD96C6D3113.d.BB781054B3072BA273489BBAE2E3C69A.e.9528/click - {}
RESULT: {}
COMMAND: GET /session/bd8f6f9489bd62a6508a75490a4bbe45/screenshot - {}
RESULT: {}
COMMAND: POST /session/bd8f6f9489bd62a6508a75490a4bbe45/element - {"using":"xpath","value":"(//bdi[contains(text() ,\"Save\")])[1]"}
RESULT: {"using":"xpath","value":"(//bdi[contains(text() ,\"Save\")])[1]"}
COMMAND: POST /session/bd8f6f9489bd62a6508a75490a4bbe45/element/f.5D36BF6E7175A89251765FD96C6D3113.d.BB781054B3072BA273489BBAE2E3C69A.e.9530/click - {}
RESULT: {}
COMMAND: GET /session/bd8f6f9489bd62a6508a75490a4bbe45/screenshot - {}
RESULT: {}
COMMAND: POST /session/bd8f6f9489bd62a6508a75490a4bbe45/execute/async - {"script":"<script> [1562 bytes]","args":[{"selector":{"controlType":"sap.m.Title","properties":{"text":"Success"},"searchOpenDialogs":true},"wdio_ui5_key":"sapm.Title{\"text\":\"Success\"}"}]}
RESULT: {"script":"<script> [1562 bytes]","args":[{"selector":{"controlType":"sap.m.Title","properties":{"text":"Success"},"searchOpenDialogs":true},"wdio_ui5_key":"sapm.Title{\"text\":\"Success\"}"}]}
RESULT: undefined
COMMAND: POST /session/bd8f6f9489bd62a6508a75490a4bbe45/execute/async - {"script":"<script> [6424 bytes]","args":[{"element-6066-11e4-a52e-4f735466cecf":"f.5D36BF6E7175A89251765FD96C6D3113.d.BB781054B3072BA273489BBAE2E3C69A.e.9535"},"getText",[]]}
RESULT: {"script":"<script> [6424 bytes]","args":[{"element-6066-11e4-a52e-4f735466cecf":"f.5D36BF6E7175A89251765FD96C6D3113.d.BB781054B3072BA273489BBAE2E3C69A.e.9535"},"getText",[]]}
COMMAND: POST /session/bd8f6f9489bd62a6508a75490a4bbe45/execute/async - {"script":"<script> [1562 bytes]","args":[{"selector":{"controlType":"sap.m.Button","properties":{"text":"Close"},"searchOpenDialogs":true,"interaction":{"idSuffix":"BDI-content"}},"wdio_ui5_key":"sapm.Button{\"text\":\"Close\"}"}]}
RESULT: {"script":"<script> [1562 bytes]","args":[{"selector":{"controlType":"sap.m.Button","properties":{"text":"Close"},"searchOpenDialogs":true,"interaction":{"idSuffix":"BDI-content"}},"wdio_ui5_key":"sapm.Button{\"text\":\"Close\"}"}]}
RESULT: undefined
COMMAND: POST /session/bd8f6f9489bd62a6508a75490a4bbe45/element - {"using":"xpath","value":"//*[@id=\"__mbox-btn-0\"]"}
RESULT: {"using":"xpath","value":"//*[@id=\"__mbox-btn-0\"]"}
COMMAND: POST /session/bd8f6f9489bd62a6508a75490a4bbe45/element/f.5D36BF6E7175A89251765FD96C6D3113.d.BB781054B3072BA273489BBAE2E3C69A.e.9533/click - {}
RESULT: {}
COMMAND: GET /session/bd8f6f9489bd62a6508a75490a4bbe45/screenshot - {}
RESULT: {}
]]></system-out>
    </testcase>
    <testcase classname="chrome.136_0_7103_93.windows.Reserve/Unreserve_request_item_via_reserve_option_US139161" name="Should navigate to planning board and reserve the resource" time="102.052">
      <system-out><![CDATA[
COMMAND: POST /session/bd8f6f9489bd62a6508a75490a4bbe45/execute/async - {"script":"<script> [1562 bytes]","args":[{"selector":{"controlType":"sap.m.Button","viewName":"etm.portal.ui.managerequests.view.Detail","i18NText":{"propertyName":"text","key":"planningSituation"},"interaction":{"idSuffix":"BDI-content"}},"wdio_ui5_key":"etmportal.ui.managerequests.view.Detailsap.m.Button{\"propertyName\":\"text\",\"key\":\"planningSituation\"}"}]}
RESULT: {"script":"<script> [1562 bytes]","args":[{"selector":{"controlType":"sap.m.Button","viewName":"etm.portal.ui.managerequests.view.Detail","i18NText":{"propertyName":"text","key":"planningSituation"},"interaction":{"idSuffix":"BDI-content"}},"wdio_ui5_key":"etmportal.ui.managerequests.view.Detailsap.m.Button{\"propertyName\":\"text\",\"key\":\"planningSituation\"}"}]}
RESULT: undefined
COMMAND: POST /session/bd8f6f9489bd62a6508a75490a4bbe45/element - {"using":"xpath","value":"//*[@id=\"__button25\"]"}
RESULT: {"using":"xpath","value":"//*[@id=\"__button25\"]"}
COMMAND: POST /session/bd8f6f9489bd62a6508a75490a4bbe45/element/f.5D36BF6E7175A89251765FD96C6D3113.d.BB781054B3072BA273489BBAE2E3C69A.e.9561/click - {}
RESULT: {}
COMMAND: GET /session/bd8f6f9489bd62a6508a75490a4bbe45/screenshot - {}
RESULT: {}
COMMAND: POST /session/bd8f6f9489bd62a6508a75490a4bbe45/element - {"using":"xpath","value":"(//span[contains(@title ,\"WebdriverYardziz0f\")])[1]"}
RESULT: {"using":"xpath","value":"(//span[contains(@title ,\"WebdriverYardziz0f\")])[1]"}
COMMAND: POST /session/bd8f6f9489bd62a6508a75490a4bbe45/elements - {"using":"xpath","value":"(//span[contains(@title ,\"WebdriverYardziz0f\")])[1]"}
RESULT: {"using":"xpath","value":"(//span[contains(@title ,\"WebdriverYardziz0f\")])[1]"}
COMMAND: POST /session/bd8f6f9489bd62a6508a75490a4bbe45/elements - {"using":"xpath","value":"(//span[contains(@title ,\"WebdriverYardziz0f\")])[1]"}
RESULT: {"using":"xpath","value":"(//span[contains(@title ,\"WebdriverYardziz0f\")])[1]"}
COMMAND: POST /session/bd8f6f9489bd62a6508a75490a4bbe45/elements - {"using":"xpath","value":"(//span[contains(@title ,\"WebdriverYardziz0f\")])[1]"}
RESULT: {"using":"xpath","value":"(//span[contains(@title ,\"WebdriverYardziz0f\")])[1]"}
COMMAND: POST /session/bd8f6f9489bd62a6508a75490a4bbe45/elements - {"using":"xpath","value":"(//span[contains(@title ,\"WebdriverYardziz0f\")])[1]"}
RESULT: {"using":"xpath","value":"(//span[contains(@title ,\"WebdriverYardziz0f\")])[1]"}
COMMAND: POST /session/bd8f6f9489bd62a6508a75490a4bbe45/elements - {"using":"xpath","value":"(//span[contains(@title ,\"WebdriverYardziz0f\")])[1]"}
RESULT: {"using":"xpath","value":"(//span[contains(@title ,\"WebdriverYardziz0f\")])[1]"}
COMMAND: POST /session/bd8f6f9489bd62a6508a75490a4bbe45/elements - {"using":"xpath","value":"(//span[contains(@title ,\"WebdriverYardziz0f\")])[1]"}
RESULT: {"using":"xpath","value":"(//span[contains(@title ,\"WebdriverYardziz0f\")])[1]"}
COMMAND: POST /session/bd8f6f9489bd62a6508a75490a4bbe45/elements - {"using":"xpath","value":"(//span[contains(@title ,\"WebdriverYardziz0f\")])[1]"}
RESULT: {"using":"xpath","value":"(//span[contains(@title ,\"WebdriverYardziz0f\")])[1]"}
COMMAND: POST /session/bd8f6f9489bd62a6508a75490a4bbe45/elements - {"using":"xpath","value":"(//span[contains(@title ,\"WebdriverYardziz0f\")])[1]"}
RESULT: {"using":"xpath","value":"(//span[contains(@title ,\"WebdriverYardziz0f\")])[1]"}
COMMAND: POST /session/bd8f6f9489bd62a6508a75490a4bbe45/elements - {"using":"xpath","value":"(//span[contains(@title ,\"WebdriverYardziz0f\")])[1]"}
RESULT: {"using":"xpath","value":"(//span[contains(@title ,\"WebdriverYardziz0f\")])[1]"}
COMMAND: POST /session/bd8f6f9489bd62a6508a75490a4bbe45/elements - {"using":"xpath","value":"(//span[contains(@title ,\"WebdriverYardziz0f\")])[1]"}
RESULT: {"using":"xpath","value":"(//span[contains(@title ,\"WebdriverYardziz0f\")])[1]"}
COMMAND: POST /session/bd8f6f9489bd62a6508a75490a4bbe45/elements - {"using":"xpath","value":"(//span[contains(@title ,\"WebdriverYardziz0f\")])[1]"}
RESULT: {"using":"xpath","value":"(//span[contains(@title ,\"WebdriverYardziz0f\")])[1]"}
COMMAND: POST /session/bd8f6f9489bd62a6508a75490a4bbe45/elements - {"using":"xpath","value":"(//span[contains(@title ,\"WebdriverYardziz0f\")])[1]"}
RESULT: {"using":"xpath","value":"(//span[contains(@title ,\"WebdriverYardziz0f\")])[1]"}
COMMAND: POST /session/bd8f6f9489bd62a6508a75490a4bbe45/elements - {"using":"xpath","value":"(//span[contains(@title ,\"WebdriverYardziz0f\")])[1]"}
RESULT: {"using":"xpath","value":"(//span[contains(@title ,\"WebdriverYardziz0f\")])[1]"}
COMMAND: POST /session/bd8f6f9489bd62a6508a75490a4bbe45/elements - {"using":"xpath","value":"(//span[contains(@title ,\"WebdriverYardziz0f\")])[1]"}
RESULT: {"using":"xpath","value":"(//span[contains(@title ,\"WebdriverYardziz0f\")])[1]"}
COMMAND: POST /session/bd8f6f9489bd62a6508a75490a4bbe45/elements - {"using":"xpath","value":"(//span[contains(@title ,\"WebdriverYardziz0f\")])[1]"}
RESULT: {"using":"xpath","value":"(//span[contains(@title ,\"WebdriverYardziz0f\")])[1]"}
COMMAND: POST /session/bd8f6f9489bd62a6508a75490a4bbe45/elements - {"using":"xpath","value":"(//span[contains(@title ,\"WebdriverYardziz0f\")])[1]"}
RESULT: {"using":"xpath","value":"(//span[contains(@title ,\"WebdriverYardziz0f\")])[1]"}
COMMAND: POST /session/bd8f6f9489bd62a6508a75490a4bbe45/elements - {"using":"xpath","value":"(//span[contains(@title ,\"WebdriverYardziz0f\")])[1]"}
RESULT: {"using":"xpath","value":"(//span[contains(@title ,\"WebdriverYardziz0f\")])[1]"}
COMMAND: POST /session/bd8f6f9489bd62a6508a75490a4bbe45/elements - {"using":"xpath","value":"(//span[contains(@title ,\"WebdriverYardziz0f\")])[1]"}
RESULT: {"using":"xpath","value":"(//span[contains(@title ,\"WebdriverYardziz0f\")])[1]"}
COMMAND: POST /session/bd8f6f9489bd62a6508a75490a4bbe45/elements - {"using":"xpath","value":"(//span[contains(@title ,\"WebdriverYardziz0f\")])[1]"}
RESULT: {"using":"xpath","value":"(//span[contains(@title ,\"WebdriverYardziz0f\")])[1]"}
COMMAND: POST /session/bd8f6f9489bd62a6508a75490a4bbe45/elements - {"using":"xpath","value":"(//span[contains(@title ,\"WebdriverYardziz0f\")])[1]"}
RESULT: {"using":"xpath","value":"(//span[contains(@title ,\"WebdriverYardziz0f\")])[1]"}
COMMAND: POST /session/bd8f6f9489bd62a6508a75490a4bbe45/elements - {"using":"xpath","value":"(//span[contains(@title ,\"WebdriverYardziz0f\")])[1]"}
RESULT: {"using":"xpath","value":"(//span[contains(@title ,\"WebdriverYardziz0f\")])[1]"}
COMMAND: POST /session/bd8f6f9489bd62a6508a75490a4bbe45/elements - {"using":"xpath","value":"(//span[contains(@title ,\"WebdriverYardziz0f\")])[1]"}
RESULT: {"using":"xpath","value":"(//span[contains(@title ,\"WebdriverYardziz0f\")])[1]"}
COMMAND: POST /session/bd8f6f9489bd62a6508a75490a4bbe45/elements - {"using":"xpath","value":"(//span[contains(@title ,\"WebdriverYardziz0f\")])[1]"}
RESULT: {"using":"xpath","value":"(//span[contains(@title ,\"WebdriverYardziz0f\")])[1]"}
COMMAND: POST /session/bd8f6f9489bd62a6508a75490a4bbe45/elements - {"using":"xpath","value":"(//span[contains(@title ,\"WebdriverYardziz0f\")])[1]"}
RESULT: {"using":"xpath","value":"(//span[contains(@title ,\"WebdriverYardziz0f\")])[1]"}
COMMAND: POST /session/bd8f6f9489bd62a6508a75490a4bbe45/elements - {"using":"xpath","value":"(//span[contains(@title ,\"WebdriverYardziz0f\")])[1]"}
RESULT: {"using":"xpath","value":"(//span[contains(@title ,\"WebdriverYardziz0f\")])[1]"}
COMMAND: POST /session/bd8f6f9489bd62a6508a75490a4bbe45/elements - {"using":"xpath","value":"(//span[contains(@title ,\"WebdriverYardziz0f\")])[1]"}
RESULT: {"using":"xpath","value":"(//span[contains(@title ,\"WebdriverYardziz0f\")])[1]"}
COMMAND: POST /session/bd8f6f9489bd62a6508a75490a4bbe45/elements - {"using":"xpath","value":"(//span[contains(@title ,\"WebdriverYardziz0f\")])[1]"}
RESULT: {"using":"xpath","value":"(//span[contains(@title ,\"WebdriverYardziz0f\")])[1]"}
COMMAND: POST /session/bd8f6f9489bd62a6508a75490a4bbe45/elements - {"using":"xpath","value":"(//span[contains(@title ,\"WebdriverYardziz0f\")])[1]"}
RESULT: {"using":"xpath","value":"(//span[contains(@title ,\"WebdriverYardziz0f\")])[1]"}
COMMAND: POST /session/bd8f6f9489bd62a6508a75490a4bbe45/elements - {"using":"xpath","value":"(//span[contains(@title ,\"WebdriverYardziz0f\")])[1]"}
RESULT: {"using":"xpath","value":"(//span[contains(@title ,\"WebdriverYardziz0f\")])[1]"}
COMMAND: POST /session/bd8f6f9489bd62a6508a75490a4bbe45/elements - {"using":"xpath","value":"(//span[contains(@title ,\"WebdriverYardziz0f\")])[1]"}
RESULT: {"using":"xpath","value":"(//span[contains(@title ,\"WebdriverYardziz0f\")])[1]"}
COMMAND: POST /session/bd8f6f9489bd62a6508a75490a4bbe45/elements - {"using":"xpath","value":"(//span[contains(@title ,\"WebdriverYardziz0f\")])[1]"}
RESULT: {"using":"xpath","value":"(//span[contains(@title ,\"WebdriverYardziz0f\")])[1]"}
COMMAND: POST /session/bd8f6f9489bd62a6508a75490a4bbe45/elements - {"using":"xpath","value":"(//span[contains(@title ,\"WebdriverYardziz0f\")])[1]"}
RESULT: {"using":"xpath","value":"(//span[contains(@title ,\"WebdriverYardziz0f\")])[1]"}
COMMAND: POST /session/bd8f6f9489bd62a6508a75490a4bbe45/element - {"using":"xpath","value":"(//span[contains(@title ,\"WebdriverYardziz0f\")])[1]"}
RESULT: {"using":"xpath","value":"(//span[contains(@title ,\"WebdriverYardziz0f\")])[1]"}
COMMAND: POST /session/bd8f6f9489bd62a6508a75490a4bbe45/execute/sync - {"script":"<script> [8489 bytes]","args":[{"element-6066-11e4-a52e-4f735466cecf":"f.5D36BF6E7175A89251765FD96C6D3113.d.BB781054B3072BA273489BBAE2E3C69A.e.9920","ELEMENT":"f.5D36BF6E7175A89251765FD96C6D3113.d.BB781054B3072BA273489BBAE2E3C69A.e.9920"}]}
RESULT: {"script":"<script> [8489 bytes]","args":[{"element-6066-11e4-a52e-4f735466cecf":"f.5D36BF6E7175A89251765FD96C6D3113.d.BB781054B3072BA273489BBAE2E3C69A.e.9920","ELEMENT":"f.5D36BF6E7175A89251765FD96C6D3113.d.BB781054B3072BA273489BBAE2E3C69A.e.9920"}]}
COMMAND: POST /session/bd8f6f9489bd62a6508a75490a4bbe45/element - {"using":"xpath","value":"(//span[contains(@title ,\"WebdriverYardziz0f\")])[1]"}
COMMAND: GET /session/bd8f6f9489bd62a6508a75490a4bbe45/screenshot - {}
RESULT: {"using":"xpath","value":"(//span[contains(@title ,\"WebdriverYardziz0f\")])[1]"}
COMMAND: POST /session/bd8f6f9489bd62a6508a75490a4bbe45/actions - {"actions":[{"id":"action71","type":"pointer","parameters":{"pointerType":"mouse"},"actions":[{"type":"pointerMove","button":0,"width":0,"height":0,"pressure":0,"tangentialPressure":0,"tiltX":0,"tiltY":0,"twist":0,"altitudeAngle":0,"_":"5 more keys: [\"azimuthAngle\",\"x\",\"y\",\"duration\",\"origin\"]"},{"type":"pointerDown","button":2,"width":0,"height":0,"pressure":0,"tangentialPressure":0,"tiltX":0,"tiltY":0,"twist":0,"altitudeAngle":0,"_":"1 more keys: [\"azimuthAngle\"]"},{"type":"pointerUp","button":2}]}]}
RESULT: {}
RESULT: {"actions":[{"id":"action71","type":"pointer","parameters":{"pointerType":"mouse"},"actions":[{"type":"pointerMove","button":0,"width":0,"height":0,"pressure":0,"tangentialPressure":0,"tiltX":0,"tiltY":0,"twist":0,"altitudeAngle":0,"_":"5 more keys: [\"azimuthAngle\",\"x\",\"y\",\"duration\",\"origin\"]"},{"type":"pointerDown","button":2,"width":0,"height":0,"pressure":0,"tangentialPressure":0,"tiltX":0,"tiltY":0,"twist":0,"altitudeAngle":0,"_":"1 more keys: [\"azimuthAngle\"]"},{"type":"pointerUp","button":2}]}]}
COMMAND: DELETE /session/bd8f6f9489bd62a6508a75490a4bbe45/actions - {}
COMMAND: GET /session/bd8f6f9489bd62a6508a75490a4bbe45/screenshot - {}
RESULT: {}
COMMAND: GET /session/bd8f6f9489bd62a6508a75490a4bbe45/screenshot - {}
RESULT: {}
RESULT: {}
COMMAND: POST /session/bd8f6f9489bd62a6508a75490a4bbe45/actions - {"actions":[{"id":"action72","type":"key","parameters":{},"actions":[{"type":"keyDown","value":"î€•"},{"type":"pause","duration":10},{"type":"keyUp","value":"î€•"}]}]}
RESULT: {"actions":[{"id":"action72","type":"key","parameters":{},"actions":[{"type":"keyDown","value":"î€•"},{"type":"pause","duration":10},{"type":"keyUp","value":"î€•"}]}]}
COMMAND: GET /session/bd8f6f9489bd62a6508a75490a4bbe45/screenshot - {}
RESULT: {}
COMMAND: POST /session/bd8f6f9489bd62a6508a75490a4bbe45/actions - {"actions":[{"id":"action73","type":"key","parameters":{},"actions":[{"type":"keyDown","value":"î€‡"},{"type":"pause","duration":10},{"type":"keyUp","value":"î€‡"}]}]}
RESULT: {"actions":[{"id":"action73","type":"key","parameters":{},"actions":[{"type":"keyDown","value":"î€‡"},{"type":"pause","duration":10},{"type":"keyUp","value":"î€‡"}]}]}
COMMAND: GET /session/bd8f6f9489bd62a6508a75490a4bbe45/screenshot - {}
RESULT: {}
COMMAND: POST /session/bd8f6f9489bd62a6508a75490a4bbe45/execute/async - {"script":"<script> [1562 bytes]","args":[{"selector":{"id":"application-planningboard-display-component---pB_RequestHeader--RUreservationComment","searchOpenDialogs":true,"interaction":{"idSuffix":"inner"}},"wdio_ui5_key":"applicationplanningboard-display-component---pB_RequestHeader--RUreservationComment"}]}
RESULT: {"script":"<script> [1562 bytes]","args":[{"selector":{"id":"application-planningboard-display-component---pB_RequestHeader--RUreservationComment","searchOpenDialogs":true,"interaction":{"idSuffix":"inner"}},"wdio_ui5_key":"applicationplanningboard-display-component---pB_RequestHeader--RUreservationComment"}]}
RESULT: undefined
COMMAND: POST /session/bd8f6f9489bd62a6508a75490a4bbe45/execute/async - {"script":"<script> [776 bytes]","args":[{"enterText":"WdIORes1jnum4","selector":{"id":"application-planningboard-display-component---pB_RequestHeader--RUreservationComment","searchOpenDialogs":true,"interaction":{"idSuffix":"inner"}},"clearTextFirst":true,"interactionType":"ENTER_TEXT"}]}
RESULT: {"script":"<script> [776 bytes]","args":[{"enterText":"WdIORes1jnum4","selector":{"id":"application-planningboard-display-component---pB_RequestHeader--RUreservationComment","searchOpenDialogs":true,"interaction":{"idSuffix":"inner"}},"clearTextFirst":true,"interactionType":"ENTER_TEXT"}]}
COMMAND: POST /session/bd8f6f9489bd62a6508a75490a4bbe45/execute/async - {"script":"<script> [1562 bytes]","args":[{"selector":{"controlType":"sap.m.Button","viewName":"etm.portal.ui.planningboard.view.detail.RequestHeader","viewId":"application-planningboard-display-component---pB_RequestHeader","properties":{"text":"Ok"},"searchOpenDialogs":true,"interaction":{"idSuffix":"BDI-content"}},"wdio_ui5_key":"etmportal.ui.planningboard.view.detail.RequestHeadersap.m.Button{\"text\":\"Ok\"}"}]}
RESULT: {"script":"<script> [1562 bytes]","args":[{"selector":{"controlType":"sap.m.Button","viewName":"etm.portal.ui.planningboard.view.detail.RequestHeader","viewId":"application-planningboard-display-component---pB_RequestHeader","properties":{"text":"Ok"},"searchOpenDialogs":true,"interaction":{"idSuffix":"BDI-content"}},"wdio_ui5_key":"etmportal.ui.planningboard.view.detail.RequestHeadersap.m.Button{\"text\":\"Ok\"}"}]}
RESULT: undefined
COMMAND: POST /session/bd8f6f9489bd62a6508a75490a4bbe45/element - {"using":"xpath","value":"//*[@id=\"__button188\"]"}
RESULT: {"using":"xpath","value":"//*[@id=\"__button188\"]"}
COMMAND: POST /session/bd8f6f9489bd62a6508a75490a4bbe45/element/f.5D36BF6E7175A89251765FD96C6D3113.d.BB781054B3072BA273489BBAE2E3C69A.e.9935/click - {}
RESULT: {}
COMMAND: GET /session/bd8f6f9489bd62a6508a75490a4bbe45/screenshot - {}
RESULT: {}
COMMAND: POST /session/bd8f6f9489bd62a6508a75490a4bbe45/element - {"using":"xpath","value":"//span[contains(@title ,\"WebdriverYardziz0f\")]"}
RESULT: {"using":"xpath","value":"//span[contains(@title ,\"WebdriverYardziz0f\")]"}
COMMAND: POST /session/bd8f6f9489bd62a6508a75490a4bbe45/actions - {"actions":[{"id":"action74","type":"pointer","parameters":{"pointerType":"mouse"},"actions":[{"type":"pointerMove","button":0,"width":0,"height":0,"pressure":0,"tangentialPressure":0,"tiltX":0,"tiltY":0,"twist":0,"altitudeAngle":0,"_":"5 more keys: [\"azimuthAngle\",\"x\",\"y\",\"duration\",\"origin\"]"},{"type":"pointerDown","button":2,"width":0,"height":0,"pressure":0,"tangentialPressure":0,"tiltX":0,"tiltY":0,"twist":0,"altitudeAngle":0,"_":"1 more keys: [\"azimuthAngle\"]"},{"type":"pointerUp","button":2}]}]}
RESULT: {"actions":[{"id":"action74","type":"pointer","parameters":{"pointerType":"mouse"},"actions":[{"type":"pointerMove","button":0,"width":0,"height":0,"pressure":0,"tangentialPressure":0,"tiltX":0,"tiltY":0,"twist":0,"altitudeAngle":0,"_":"5 more keys: [\"azimuthAngle\",\"x\",\"y\",\"duration\",\"origin\"]"},{"type":"pointerDown","button":2,"width":0,"height":0,"pressure":0,"tangentialPressure":0,"tiltX":0,"tiltY":0,"twist":0,"altitudeAngle":0,"_":"1 more keys: [\"azimuthAngle\"]"},{"type":"pointerUp","button":2}]}]}
COMMAND: DELETE /session/bd8f6f9489bd62a6508a75490a4bbe45/actions - {}
COMMAND: GET /session/bd8f6f9489bd62a6508a75490a4bbe45/screenshot - {}
RESULT: {}
COMMAND: GET /session/bd8f6f9489bd62a6508a75490a4bbe45/screenshot - {}
RESULT: {}
RESULT: {}
COMMAND: POST /session/bd8f6f9489bd62a6508a75490a4bbe45/actions - {"actions":[{"id":"action75","type":"key","parameters":{},"actions":[{"type":"keyDown","value":"î€•"},{"type":"pause","duration":10},{"type":"keyUp","value":"î€•"}]}]}
RESULT: {"actions":[{"id":"action75","type":"key","parameters":{},"actions":[{"type":"keyDown","value":"î€•"},{"type":"pause","duration":10},{"type":"keyUp","value":"î€•"}]}]}
COMMAND: GET /session/bd8f6f9489bd62a6508a75490a4bbe45/screenshot - {}
RESULT: {}
COMMAND: POST /session/bd8f6f9489bd62a6508a75490a4bbe45/actions - {"actions":[{"id":"action76","type":"key","parameters":{},"actions":[{"type":"keyDown","value":"î€‡"},{"type":"pause","duration":10},{"type":"keyUp","value":"î€‡"}]}]}
RESULT: {"actions":[{"id":"action76","type":"key","parameters":{},"actions":[{"type":"keyDown","value":"î€‡"},{"type":"pause","duration":10},{"type":"keyUp","value":"î€‡"}]}]}
COMMAND: GET /session/bd8f6f9489bd62a6508a75490a4bbe45/screenshot - {}
RESULT: {}
RESULT: undefined
COMMAND: POST /session/bd8f6f9489bd62a6508a75490a4bbe45/execute/async - {"script":"<script> [776 bytes]","args":[{"enterText":"WdIORes2wqqfk","selector":{"id":"application-planningboard-display-component---pB_RequestHeader--RUreservationComment","searchOpenDialogs":true,"interaction":{"idSuffix":"inner"}},"clearTextFirst":true,"interactionType":"ENTER_TEXT"}]}
RESULT: {"script":"<script> [776 bytes]","args":[{"enterText":"WdIORes2wqqfk","selector":{"id":"application-planningboard-display-component---pB_RequestHeader--RUreservationComment","searchOpenDialogs":true,"interaction":{"idSuffix":"inner"}},"clearTextFirst":true,"interactionType":"ENTER_TEXT"}]}
RESULT: undefined
COMMAND: POST /session/bd8f6f9489bd62a6508a75490a4bbe45/element - {"using":"xpath","value":"//*[@id=\"__button188\"]"}
RESULT: {"using":"xpath","value":"//*[@id=\"__button188\"]"}
COMMAND: POST /session/bd8f6f9489bd62a6508a75490a4bbe45/element/f.5D36BF6E7175A89251765FD96C6D3113.d.BB781054B3072BA273489BBAE2E3C69A.e.10019/click - {}
RESULT: {}
COMMAND: GET /session/bd8f6f9489bd62a6508a75490a4bbe45/screenshot - {}
RESULT: {}
COMMAND: POST /session/bd8f6f9489bd62a6508a75490a4bbe45/execute/async - {"script":"<script> [1562 bytes]","args":[{"selector":{"controlType":"sap.m.Button","viewName":"etm.portal.ui.planningboard.view.detail.RequestHeader","viewId":"application-planningboard-display-component---pB_RequestHeader","i18NText":{"propertyName":"text","key":"close"},"ancestor":{"id":"application-planningboard-display-component---pB_RequestHeader--requestItemDetails"},"interaction":{"idSuffix":"BDI-content"}},"wdio_ui5_key":"etmportal.ui.planningboard.view.detail.RequestHeadersap.m.Button{\"propertyName\":\"text\",\"key\":\"close\"}{\"id\":\"application-planningboard-display-component---pB_RequestHeader--requestItemDetails\"}"}]}
RESULT: {"script":"<script> [1562 bytes]","args":[{"selector":{"controlType":"sap.m.Button","viewName":"etm.portal.ui.planningboard.view.detail.RequestHeader","viewId":"application-planningboard-display-component---pB_RequestHeader","i18NText":{"propertyName":"text","key":"close"},"ancestor":{"id":"application-planningboard-display-component---pB_RequestHeader--requestItemDetails"},"interaction":{"idSuffix":"BDI-content"}},"wdio_ui5_key":"etmportal.ui.planningboard.view.detail.RequestHeadersap.m.Button{\"propertyName\":\"text\",\"key\":\"close\"}{\"id\":\"application-planningboard-display-component---pB_RequestHeader--requestItemDetails\"}"}]}
RESULT: undefined
COMMAND: POST /session/bd8f6f9489bd62a6508a75490a4bbe45/element - {"using":"xpath","value":"//*[@id=\"__button64\"]"}
RESULT: {"using":"xpath","value":"//*[@id=\"__button64\"]"}
COMMAND: POST /session/bd8f6f9489bd62a6508a75490a4bbe45/element/f.5D36BF6E7175A89251765FD96C6D3113.d.BB781054B3072BA273489BBAE2E3C69A.e.9945/click - {}
RESULT: {}
COMMAND: GET /session/bd8f6f9489bd62a6508a75490a4bbe45/screenshot - {}
RESULT: {}
COMMAND: POST /session/bd8f6f9489bd62a6508a75490a4bbe45/execute/async - {"script":"<script> [1562 bytes]","args":[{"selector":{"id":"application-planningboard-display-component---pB_Master--selectView","interaction":{"idSuffix":"arrow"}},"wdio_ui5_key":"applicationplanningboard-display-component---pB_Master--selectView"}]}
RESULT: {"script":"<script> [1562 bytes]","args":[{"selector":{"id":"application-planningboard-display-component---pB_Master--selectView","interaction":{"idSuffix":"arrow"}},"wdio_ui5_key":"applicationplanningboard-display-component---pB_Master--selectView"}]}
RESULT: undefined
COMMAND: POST /session/bd8f6f9489bd62a6508a75490a4bbe45/element - {"using":"xpath","value":"//*[@id=\"application-planningboard-display-component---pB_Master--selectView\"]"}
RESULT: {"using":"xpath","value":"//*[@id=\"application-planningboard-display-component---pB_Master--selectView\"]"}
COMMAND: POST /session/bd8f6f9489bd62a6508a75490a4bbe45/element/f.5D36BF6E7175A89251765FD96C6D3113.d.BB781054B3072BA273489BBAE2E3C69A.e.10210/click - {}
RESULT: {}
COMMAND: GET /session/bd8f6f9489bd62a6508a75490a4bbe45/screenshot - {}
RESULT: {}
COMMAND: POST /session/bd8f6f9489bd62a6508a75490a4bbe45/execute/async - {"script":"<script> [1562 bytes]","args":[{"selector":{"controlType":"sap.ui.core.Item","viewName":"etm.portal.ui.planningboard.view.Master","viewId":"application-planningboard-display-component---pB_Master","i18NText":{"propertyName":"text","key":"manageReservations"},"searchOpenDialogs":true},"wdio_ui5_key":"etmportal.ui.planningboard.view.Mastersap.ui.core.Item{\"propertyName\":\"text\",\"key\":\"manageReservations\"}"}]}
RESULT: {"script":"<script> [1562 bytes]","args":[{"selector":{"controlType":"sap.ui.core.Item","viewName":"etm.portal.ui.planningboard.view.Master","viewId":"application-planningboard-display-component---pB_Master","i18NText":{"propertyName":"text","key":"manageReservations"},"searchOpenDialogs":true},"wdio_ui5_key":"etmportal.ui.planningboard.view.Mastersap.ui.core.Item{\"propertyName\":\"text\",\"key\":\"manageReservations\"}"}]}
RESULT: undefined
COMMAND: POST /session/bd8f6f9489bd62a6508a75490a4bbe45/element - {"using":"xpath","value":"//*[@id=\"__item710\"]"}
RESULT: {"using":"xpath","value":"//*[@id=\"__item710\"]"}
COMMAND: POST /session/bd8f6f9489bd62a6508a75490a4bbe45/element/f.5D36BF6E7175A89251765FD96C6D3113.d.BB781054B3072BA273489BBAE2E3C69A.e.10213/click - {}
RESULT: {}
COMMAND: GET /session/bd8f6f9489bd62a6508a75490a4bbe45/screenshot - {}
RESULT: {}
COMMAND: POST /session/bd8f6f9489bd62a6508a75490a4bbe45/element - {"using":"xpath","value":"//span[contains(@id ,\"clone\")][contains(text(), \"WdIORes1jnum4\")]"}
RESULT: {"using":"xpath","value":"//span[contains(@id ,\"clone\")][contains(text(), \"WdIORes1jnum4\")]"}
COMMAND: GET /session/bd8f6f9489bd62a6508a75490a4bbe45/element/f.5D36BF6E7175A89251765FD96C6D3113.d.BB781054B3072BA273489BBAE2E3C69A.e.10229/text - {}
RESULT: {}
COMMAND: POST /session/bd8f6f9489bd62a6508a75490a4bbe45/element - {"using":"xpath","value":"//span[contains(@id ,\"clone\")][contains(text(), \"WdIORes2wqqfk\")]"}
RESULT: {"using":"xpath","value":"//span[contains(@id ,\"clone\")][contains(text(), \"WdIORes2wqqfk\")]"}
COMMAND: POST /session/bd8f6f9489bd62a6508a75490a4bbe45/element/f.5D36BF6E7175A89251765FD96C6D3113.d.BB781054B3072BA273489BBAE2E3C69A.e.10230/click - {}
RESULT: {}
COMMAND: GET /session/bd8f6f9489bd62a6508a75490a4bbe45/screenshot - {}
RESULT: {}
COMMAND: POST /session/bd8f6f9489bd62a6508a75490a4bbe45/actions - {"actions":[{"id":"action77","type":"key","parameters":{},"actions":[{"type":"keyDown","value":"î€‡"},{"type":"pause","duration":10},{"type":"keyUp","value":"î€‡"}]}]}
RESULT: {"actions":[{"id":"action77","type":"key","parameters":{},"actions":[{"type":"keyDown","value":"î€‡"},{"type":"pause","duration":10},{"type":"keyUp","value":"î€‡"}]}]}
COMMAND: GET /session/bd8f6f9489bd62a6508a75490a4bbe45/screenshot - {}
RESULT: {}
COMMAND: POST /session/bd8f6f9489bd62a6508a75490a4bbe45/execute/async - {"script":"<script> [1562 bytes]","args":[{"selector":{"controlType":"sap.m.Button","viewName":"etm.portal.ui.planningboard.view.detail.Planning","viewId":"application-planningboard-display-component---pB_Planning","i18NText":{"propertyName":"text","key":"unplan"},"interaction":{"idSuffix":"BDI-content"}},"wdio_ui5_key":"etmportal.ui.planningboard.view.detail.Planningsap.m.Button{\"propertyName\":\"text\",\"key\":\"unplan\"}"}]}
RESULT: {"script":"<script> [1562 bytes]","args":[{"selector":{"controlType":"sap.m.Button","viewName":"etm.portal.ui.planningboard.view.detail.Planning","viewId":"application-planningboard-display-component---pB_Planning","i18NText":{"propertyName":"text","key":"unplan"},"interaction":{"idSuffix":"BDI-content"}},"wdio_ui5_key":"etmportal.ui.planningboard.view.detail.Planningsap.m.Button{\"propertyName\":\"text\",\"key\":\"unplan\"}"}]}
RESULT: undefined
COMMAND: POST /session/bd8f6f9489bd62a6508a75490a4bbe45/element - {"using":"xpath","value":"//*[@id=\"__button254\"]"}
RESULT: {"using":"xpath","value":"//*[@id=\"__button254\"]"}
COMMAND: POST /session/bd8f6f9489bd62a6508a75490a4bbe45/element/f.5D36BF6E7175A89251765FD96C6D3113.d.BB781054B3072BA273489BBAE2E3C69A.e.10292/click - {}
RESULT: {}
COMMAND: GET /session/bd8f6f9489bd62a6508a75490a4bbe45/screenshot - {}
RESULT: {}
COMMAND: POST /session/bd8f6f9489bd62a6508a75490a4bbe45/element - {"using":"xpath","value":"//span[contains(@id ,\"clone\")][contains(text(), \"WdIORes2wqqfk\")]"}
RESULT: {"using":"xpath","value":"//span[contains(@id ,\"clone\")][contains(text(), \"WdIORes2wqqfk\")]"}
COMMAND: POST /session/bd8f6f9489bd62a6508a75490a4bbe45/element - {"using":"xpath","value":"//span[contains(@id ,\"clone\")][contains(text(), \"WdIORes2wqqfk\")]"}
RESULT: {"using":"xpath","value":"//span[contains(@id ,\"clone\")][contains(text(), \"WdIORes2wqqfk\")]"}
COMMAND: POST /session/bd8f6f9489bd62a6508a75490a4bbe45/element - {"using":"xpath","value":"//span[contains(@id ,\"clone\")][contains(text(), \"WdIORes1jnum4\")]"}
RESULT: {"using":"xpath","value":"//span[contains(@id ,\"clone\")][contains(text(), \"WdIORes1jnum4\")]"}
COMMAND: POST /session/bd8f6f9489bd62a6508a75490a4bbe45/element/f.5D36BF6E7175A89251765FD96C6D3113.d.BB781054B3072BA273489BBAE2E3C69A.e.10357/click - {}
RESULT: {}
COMMAND: GET /session/bd8f6f9489bd62a6508a75490a4bbe45/screenshot - {}
RESULT: {}
COMMAND: POST /session/bd8f6f9489bd62a6508a75490a4bbe45/actions - {"actions":[{"id":"action78","type":"key","parameters":{},"actions":[{"type":"keyDown","value":"î€‡"},{"type":"pause","duration":10},{"type":"keyUp","value":"î€‡"}]}]}
RESULT: {"actions":[{"id":"action78","type":"key","parameters":{},"actions":[{"type":"keyDown","value":"î€‡"},{"type":"pause","duration":10},{"type":"keyUp","value":"î€‡"}]}]}
COMMAND: GET /session/bd8f6f9489bd62a6508a75490a4bbe45/screenshot - {}
RESULT: {}
]]></system-out>
    </testcase>
  </testsuite>
  <testsuite timestamp="2025-05-17T16:11:12" time="30.941" tests="1" failures="0" errors="0" skipped="0">
    <properties>
      <property name="specId" value="0" />
      <property name="suiteName" value="Reserve/Unreserve request item via reserve option US139161" />
      <property name="capabilities" value="chrome.136_0_7103_93.windows" />
      <property name="file" value="file:///D:/a/1/s/test/specs/R2C/manage-reservations-view-planning-board.spec.js" />
    </properties>
    <testcase classname="chrome.136_0_7103_93.windows.Reserve/Unreserve_request_item_via_reserve_option_US139161" name="Should open a reservation to verify and edit the details" time="30.937">
      <system-out><![CDATA[
COMMAND: POST /session/bd8f6f9489bd62a6508a75490a4bbe45/element - {"using":"xpath","value":"//button[contains(@data-kt, \"editButton\")]"}
RESULT: {"using":"xpath","value":"//button[contains(@data-kt, \"editButton\")]"}
COMMAND: POST /session/bd8f6f9489bd62a6508a75490a4bbe45/execute/sync - {"script":"<script> [8489 bytes]","args":[{"element-6066-11e4-a52e-4f735466cecf":"f.5D36BF6E7175A89251765FD96C6D3113.d.BB781054B3072BA273489BBAE2E3C69A.e.10400","ELEMENT":"f.5D36BF6E7175A89251765FD96C6D3113.d.BB781054B3072BA273489BBAE2E3C69A.e.10400"}]}
RESULT: {"script":"<script> [8489 bytes]","args":[{"element-6066-11e4-a52e-4f735466cecf":"f.5D36BF6E7175A89251765FD96C6D3113.d.BB781054B3072BA273489BBAE2E3C69A.e.10400","ELEMENT":"f.5D36BF6E7175A89251765FD96C6D3113.d.BB781054B3072BA273489BBAE2E3C69A.e.10400"}]}
COMMAND: POST /session/bd8f6f9489bd62a6508a75490a4bbe45/element - {"using":"xpath","value":"//button[contains(@data-kt, \"unplanButton\")]"}
COMMAND: GET /session/bd8f6f9489bd62a6508a75490a4bbe45/screenshot - {}
RESULT: {"using":"xpath","value":"//button[contains(@data-kt, \"unplanButton\")]"}
COMMAND: POST /session/bd8f6f9489bd62a6508a75490a4bbe45/execute/sync - {"script":"<script> [8489 bytes]","args":[{"element-6066-11e4-a52e-4f735466cecf":"f.5D36BF6E7175A89251765FD96C6D3113.d.BB781054B3072BA273489BBAE2E3C69A.e.10410","ELEMENT":"f.5D36BF6E7175A89251765FD96C6D3113.d.BB781054B3072BA273489BBAE2E3C69A.e.10410"}]}
RESULT: {}
RESULT: {"script":"<script> [8489 bytes]","args":[{"element-6066-11e4-a52e-4f735466cecf":"f.5D36BF6E7175A89251765FD96C6D3113.d.BB781054B3072BA273489BBAE2E3C69A.e.10410","ELEMENT":"f.5D36BF6E7175A89251765FD96C6D3113.d.BB781054B3072BA273489BBAE2E3C69A.e.10410"}]}
COMMAND: POST /session/bd8f6f9489bd62a6508a75490a4bbe45/element - {"using":"xpath","value":"//button[contains(@data-kt, \"editButton\")]"}
COMMAND: GET /session/bd8f6f9489bd62a6508a75490a4bbe45/screenshot - {}
RESULT: {"using":"xpath","value":"//button[contains(@data-kt, \"editButton\")]"}
COMMAND: POST /session/bd8f6f9489bd62a6508a75490a4bbe45/element/f.5D36BF6E7175A89251765FD96C6D3113.d.BB781054B3072BA273489BBAE2E3C69A.e.10400/click - {}
RESULT: {}
RESULT: {}
COMMAND: POST /session/bd8f6f9489bd62a6508a75490a4bbe45/element - {"using":"xpath","value":"(//input[contains(@id ,\"picker\")][contains(@aria-roledescription ,\"Date Input\")])[4]"}
COMMAND: GET /session/bd8f6f9489bd62a6508a75490a4bbe45/screenshot - {}
RESULT: {"using":"xpath","value":"(//input[contains(@id ,\"picker\")][contains(@aria-roledescription ,\"Date Input\")])[4]"}
COMMAND: POST /session/bd8f6f9489bd62a6508a75490a4bbe45/element/f.5D36BF6E7175A89251765FD96C6D3113.d.BB781054B3072BA273489BBAE2E3C69A.e.10378/clear - {}
RESULT: {}
RESULT: {}
COMMAND: POST /session/bd8f6f9489bd62a6508a75490a4bbe45/element/f.5D36BF6E7175A89251765FD96C6D3113.d.BB781054B3072BA273489BBAE2E3C69A.e.10378/value - {"text":"5/19/25"}
COMMAND: GET /session/bd8f6f9489bd62a6508a75490a4bbe45/screenshot - {}
RESULT: {"text":"5/19/25"}
COMMAND: GET /session/bd8f6f9489bd62a6508a75490a4bbe45/screenshot - {}
RESULT: {}
RESULT: {}
COMMAND: POST /session/bd8f6f9489bd62a6508a75490a4bbe45/element - {"using":"xpath","value":"//bdi[contains(text(), \"Save\")]"}
RESULT: {"using":"xpath","value":"//bdi[contains(text(), \"Save\")]"}
COMMAND: POST /session/bd8f6f9489bd62a6508a75490a4bbe45/element/f.5D36BF6E7175A89251765FD96C6D3113.d.BB781054B3072BA273489BBAE2E3C69A.e.10433/click - {}
RESULT: {}
COMMAND: GET /session/bd8f6f9489bd62a6508a75490a4bbe45/screenshot - {}
RESULT: {}
COMMAND: POST /session/bd8f6f9489bd62a6508a75490a4bbe45/element - {"using":"xpath","value":"(//input[contains(@id ,\"picker\")][contains(@aria-roledescription ,\"Date Input\")])[4]"}
RESULT: {"using":"xpath","value":"(//input[contains(@id ,\"picker\")][contains(@aria-roledescription ,\"Date Input\")])[4]"}
COMMAND: GET /session/bd8f6f9489bd62a6508a75490a4bbe45/element/f.5D36BF6E7175A89251765FD96C6D3113.d.BB781054B3072BA273489BBAE2E3C69A.e.10378/property/value - {}
RESULT: {}
COMMAND: GET /session/bd8f6f9489bd62a6508a75490a4bbe45/screenshot - {}
RESULT: {}
COMMAND: POST /session/bd8f6f9489bd62a6508a75490a4bbe45/element - {"using":"xpath","value":"//bdi[contains(text(), \"Unplan\")]"}
RESULT: {"using":"xpath","value":"//bdi[contains(text(), \"Unplan\")]"}
COMMAND: POST /session/bd8f6f9489bd62a6508a75490a4bbe45/element/f.5D36BF6E7175A89251765FD96C6D3113.d.BB781054B3072BA273489BBAE2E3C69A.e.10445/click - {}
RESULT: {}
COMMAND: GET /session/bd8f6f9489bd62a6508a75490a4bbe45/screenshot - {}
RESULT: {}
COMMAND: POST /session/bd8f6f9489bd62a6508a75490a4bbe45/element - {"using":"css selector","value":"#shell-header-logo"}
RESULT: {"using":"css selector","value":"#shell-header-logo"}
COMMAND: POST /session/bd8f6f9489bd62a6508a75490a4bbe45/element/f.5D36BF6E7175A89251765FD96C6D3113.d.BB781054B3072BA273489BBAE2E3C69A.e.9086/click - {}
RESULT: {}
COMMAND: GET /session/bd8f6f9489bd62a6508a75490a4bbe45/screenshot - {}
RESULT: {}
COMMAND: POST /session/bd8f6f9489bd62a6508a75490a4bbe45/refresh - {}
RESULT: {}
COMMAND: GET /session/bd8f6f9489bd62a6508a75490a4bbe45/screenshot - {}
RESULT: {}
COMMAND: POST /session/bd8f6f9489bd62a6508a75490a4bbe45/execute/async - {"script":"<script> [189 bytes]","args":[]}
RESULT: {"script":"<script> [189 bytes]","args":[]}
COMMAND: POST /session/bd8f6f9489bd62a6508a75490a4bbe45/execute/async - {"script":"<script> [123 bytes]","args":[]}
RESULT: {"script":"<script> [123 bytes]","args":[]}
COMMAND: POST /session/bd8f6f9489bd62a6508a75490a4bbe45/timeouts - {"script":"<number>"}
RESULT: {"script":"<number>"}
COMMAND: GET /session/bd8f6f9489bd62a6508a75490a4bbe45/timeouts - {}
RESULT: {}
RESULT: undefined
COMMAND: POST /session/bd8f6f9489bd62a6508a75490a4bbe45/execute/async - {"script":"<script> [2676 bytes]","args":[]}
RESULT: {"script":"<script> [2676 bytes]","args":[]}
COMMAND: POST /session/bd8f6f9489bd62a6508a75490a4bbe45/execute/async - {"script":"<script> [2342 bytes]","args":[{"protocol":"http","hostname":"0.0.0.0","path":"/","capabilities":{"browserName":"chrome","goog:chromeOptions":{"binary":"C:\\Program Files\\Google\\Chrome\\Application\\chrome.exe","args":["--start-maximized"]}},"logLevel":"warn","connectionRetryTimeout":120000,"connectionRetryCount":3,"logLevels":{},"enableDirectConnect":true,"strictSSL":true,"_":"65 more keys: [\"cacheDir\",\"port\",\"requestedCapabilities\",\"automationProtocol\",\"baseUrl\",\"waitforInterval\",\"waitforTimeout\",\"onReload\",\"beforeCommand\",\"afterCommand\",\"rootDir\",\"specs\",\"suites\",\"exclude\",\"groupLogsByTestSpec\",\"excludeDriverLogs\",\"bail\",\"framework\",\"reporters\",\"services\",\"maxInstances\",\"maxInstancesPerCapability\",\"injectGlobals\",\"filesToWatch\",\"execArgv\",\"runnerEnv\",\"runner\",\"shard\",\"specFileRetries\",\"specFileRetriesDelay\",\"specFileRetriesDeferred\",\"reporterSyncInterval\",\"reporterSyncTimeout\",\"cucumberFeaturesWithLineNumbers\",\"autoCompileOpts\",\"mochaOpts\",\"jasmineOpts\",\"cucumberOpts\",\"onPrepare\",\"onWorkerStart\",\"onWorkerEnd\",\"before\",\"beforeSession\",\"beforeSuite\",\"beforeHook\",\"beforeTest\",\"afterTest\",\"afterHook\",\"afterSuite\",\"afterSession\",\"after\",\"onComplete\",\"beforeAssertion\",\"afterAssertion\",\"beforeFeature\",\"beforeScenario\",\"beforeStep\",\"afterStep\",\"afterScenario\",\"afterFeature\",\"_\",\"suite\",\"$0\",\"ignoredWorkerServices\",\"wdi5\"]"}]}
RESULT: {"script":"<script> [2342 bytes]","args":[{"protocol":"http","hostname":"0.0.0.0","path":"/","capabilities":{"browserName":"chrome","goog:chromeOptions":{"binary":"C:\\Program Files\\Google\\Chrome\\Application\\chrome.exe","args":["--start-maximized"]}},"logLevel":"warn","connectionRetryTimeout":120000,"connectionRetryCount":3,"logLevels":{},"enableDirectConnect":true,"strictSSL":true,"_":"65 more keys: [\"cacheDir\",\"port\",\"requestedCapabilities\",\"automationProtocol\",\"baseUrl\",\"waitforInterval\",\"waitforTimeout\",\"onReload\",\"beforeCommand\",\"afterCommand\",\"rootDir\",\"specs\",\"suites\",\"exclude\",\"groupLogsByTestSpec\",\"excludeDriverLogs\",\"bail\",\"framework\",\"reporters\",\"services\",\"maxInstances\",\"maxInstancesPerCapability\",\"injectGlobals\",\"filesToWatch\",\"execArgv\",\"runnerEnv\",\"runner\",\"shard\",\"specFileRetries\",\"specFileRetriesDelay\",\"specFileRetriesDeferred\",\"reporterSyncInterval\",\"reporterSyncTimeout\",\"cucumberFeaturesWithLineNumbers\",\"autoCompileOpts\",\"mochaOpts\",\"jasmineOpts\",\"cucumberOpts\",\"onPrepare\",\"onWorkerStart\",\"onWorkerEnd\",\"before\",\"beforeSession\",\"beforeSuite\",\"beforeHook\",\"beforeTest\",\"afterTest\",\"afterHook\",\"afterSuite\",\"afterSession\",\"after\",\"onComplete\",\"beforeAssertion\",\"afterAssertion\",\"beforeFeature\",\"beforeScenario\",\"beforeStep\",\"afterStep\",\"afterScenario\",\"afterFeature\",\"_\",\"suite\",\"$0\",\"ignoredWorkerServices\",\"wdi5\"]"}]}
COMMAND: POST /session/bd8f6f9489bd62a6508a75490a4bbe45/execute/async - {"script":"<script> [21126 bytes]","args":[35000]}
RESULT: {"script":"<script> [21126 bytes]","args":[35000]}
]]></system-out>
    </testcase>
  </testsuite>
  <testsuite timestamp="2025-05-17T16:11:42" time="356.417" tests="3" failures="2" errors="2" skipped="0">
    <properties>
      <property name="specId" value="0" />
      <property name="suiteName" value="Process request items into new quotation US120163" />
      <property name="capabilities" value="chrome.136_0_7103_93.windows" />
      <property name="file" value="file:///D:/a/1/s/test/specs/R2C/process-request-items-into-new-quotation.spec.js" />
    </properties>
    <testcase classname="chrome.136_0_7103_93.windows.Process_request_items_into_new_quotation_US120163" name="Should create a new request with catalog items and plan it" time="184.265">
      <system-out><![CDATA[
COMMAND: POST /session/bd8f6f9489bd62a6508a75490a4bbe45/execute/async - {"script":"<script> [1562 bytes]","args":[{"selector":{"controlType":"sap.m.GenericTile","properties":{"header":"Manage Requests"}},"wdio_ui5_key":"sapm.GenericTile{\"header\":\"Manage Requests\"}"}]}
RESULT: {"script":"<script> [1562 bytes]","args":[{"selector":{"controlType":"sap.m.GenericTile","properties":{"header":"Manage Requests"}},"wdio_ui5_key":"sapm.GenericTile{\"header\":\"Manage Requests\"}"}]}
RESULT: undefined
COMMAND: POST /session/bd8f6f9489bd62a6508a75490a4bbe45/element - {"using":"xpath","value":"//*[@id=\"__tile47\"]"}
RESULT: {"using":"xpath","value":"//*[@id=\"__tile47\"]"}
COMMAND: POST /session/bd8f6f9489bd62a6508a75490a4bbe45/element/f.5D36BF6E7175A89251765FD96C6D3113.d.E2FC5BF5FE57AE493EE0C75804863BA7.e.10516/click - {}
RESULT: {}
COMMAND: GET /session/bd8f6f9489bd62a6508a75490a4bbe45/screenshot - {}
RESULT: {}
COMMAND: POST /session/bd8f6f9489bd62a6508a75490a4bbe45/elements - {"using":"xpath","value":"//span[text()='Error']"}
RESULT: {"using":"xpath","value":"//span[text()='Error']"}
COMMAND: POST /session/bd8f6f9489bd62a6508a75490a4bbe45/element - {"using":"xpath","value":"//button[contains(@data-kt ,\"btnCreateNewOverflowToolbarButton\")]"}
COMMAND: POST /session/bd8f6f9489bd62a6508a75490a4bbe45/element - {"using":"xpath","value":"(//span[contains(@class ,\"sapMObjStatusText\")])[1]"}
RESULT: {"using":"xpath","value":"//button[contains(@data-kt ,\"btnCreateNewOverflowToolbarButton\")]"}
COMMAND: POST /session/bd8f6f9489bd62a6508a75490a4bbe45/element/f.5D36BF6E7175A89251765FD96C6D3113.d.E2FC5BF5FE57AE493EE0C75804863BA7.e.10573/click - {}
RESULT: {"using":"xpath","value":"(//span[contains(@class ,\"sapMObjStatusText\")])[1]"}
COMMAND: POST /session/bd8f6f9489bd62a6508a75490a4bbe45/execute/sync - {"script":"<script> [8489 bytes]","args":[{"element-6066-11e4-a52e-4f735466cecf":"f.5D36BF6E7175A89251765FD96C6D3113.d.E2FC5BF5FE57AE493EE0C75804863BA7.e.10611","ELEMENT":"f.5D36BF6E7175A89251765FD96C6D3113.d.E2FC5BF5FE57AE493EE0C75804863BA7.e.10611"}]}
RESULT: {}
COMMAND: GET /session/bd8f6f9489bd62a6508a75490a4bbe45/screenshot - {}
RESULT: {"script":"<script> [8489 bytes]","args":[{"element-6066-11e4-a52e-4f735466cecf":"f.5D36BF6E7175A89251765FD96C6D3113.d.E2FC5BF5FE57AE493EE0C75804863BA7.e.10611","ELEMENT":"f.5D36BF6E7175A89251765FD96C6D3113.d.E2FC5BF5FE57AE493EE0C75804863BA7.e.10611"}]}
COMMAND: GET /session/bd8f6f9489bd62a6508a75490a4bbe45/screenshot - {}
RESULT: {}
RESULT: {}
COMMAND: POST /session/bd8f6f9489bd62a6508a75490a4bbe45/element - {"using":"xpath","value":"//input[contains(@id ,\"yardId-inner\")]"}
RESULT: {"using":"xpath","value":"//input[contains(@id ,\"yardId-inner\")]"}
COMMAND: POST /session/bd8f6f9489bd62a6508a75490a4bbe45/execute/sync - {"script":"<script> [8489 bytes]","args":[{"element-6066-11e4-a52e-4f735466cecf":"f.5D36BF6E7175A89251765FD96C6D3113.d.E2FC5BF5FE57AE493EE0C75804863BA7.e.10695","ELEMENT":"f.5D36BF6E7175A89251765FD96C6D3113.d.E2FC5BF5FE57AE493EE0C75804863BA7.e.10695"}]}
RESULT: {"script":"<script> [8489 bytes]","args":[{"element-6066-11e4-a52e-4f735466cecf":"f.5D36BF6E7175A89251765FD96C6D3113.d.E2FC5BF5FE57AE493EE0C75804863BA7.e.10695","ELEMENT":"f.5D36BF6E7175A89251765FD96C6D3113.d.E2FC5BF5FE57AE493EE0C75804863BA7.e.10695"}]}
COMMAND: POST /session/bd8f6f9489bd62a6508a75490a4bbe45/element - {"using":"xpath","value":"//input[contains(@id ,\"yardId-inner\")]"}
COMMAND: GET /session/bd8f6f9489bd62a6508a75490a4bbe45/screenshot - {}
RESULT: {"using":"xpath","value":"//input[contains(@id ,\"yardId-inner\")]"}
COMMAND: GET /session/bd8f6f9489bd62a6508a75490a4bbe45/element/f.5D36BF6E7175A89251765FD96C6D3113.d.E2FC5BF5FE57AE493EE0C75804863BA7.e.10695/enabled - {}
RESULT: {}
RESULT: {}
COMMAND: POST /session/bd8f6f9489bd62a6508a75490a4bbe45/element/f.5D36BF6E7175A89251765FD96C6D3113.d.E2FC5BF5FE57AE493EE0C75804863BA7.e.10695/clear - {}
COMMAND: GET /session/bd8f6f9489bd62a6508a75490a4bbe45/screenshot - {}
RESULT: {}
COMMAND: POST /session/bd8f6f9489bd62a6508a75490a4bbe45/element/f.5D36BF6E7175A89251765FD96C6D3113.d.E2FC5BF5FE57AE493EE0C75804863BA7.e.10695/value - {"text":"WebdriverYardziz0f"}
COMMAND: GET /session/bd8f6f9489bd62a6508a75490a4bbe45/screenshot - {}
RESULT: {}
RESULT: {"text":"WebdriverYardziz0f"}
COMMAND: GET /session/bd8f6f9489bd62a6508a75490a4bbe45/screenshot - {}
RESULT: {}
RESULT: {}
COMMAND: POST /session/bd8f6f9489bd62a6508a75490a4bbe45/element - {"using":"xpath","value":"//input[contains(@id ,\"customerNumber-inner\")]"}
RESULT: {"using":"xpath","value":"//input[contains(@id ,\"customerNumber-inner\")]"}
COMMAND: POST /session/bd8f6f9489bd62a6508a75490a4bbe45/element/f.5D36BF6E7175A89251765FD96C6D3113.d.E2FC5BF5FE57AE493EE0C75804863BA7.e.10691/value - {"text":"WebdriverPartnerowd7l"}
COMMAND: POST /session/bd8f6f9489bd62a6508a75490a4bbe45/actions - {"actions":[{"id":"action79","type":"key","parameters":{},"actions":[{"type":"keyDown","value":"î€‡"},{"type":"pause","duration":10},{"type":"keyUp","value":"î€‡"}]}]}
RESULT: {"actions":[{"id":"action79","type":"key","parameters":{},"actions":[{"type":"keyDown","value":"î€‡"},{"type":"pause","duration":10},{"type":"keyUp","value":"î€‡"}]}]}
COMMAND: GET /session/bd8f6f9489bd62a6508a75490a4bbe45/screenshot - {}
COMMAND: POST /session/bd8f6f9489bd62a6508a75490a4bbe45/element/f.5D36BF6E7175A89251765FD96C6D3113.d.E2FC5BF5FE57AE493EE0C75804863BA7.e.10695/clear - {}
RESULT: {"text":"WebdriverPartnerowd7l"}
COMMAND: GET /session/bd8f6f9489bd62a6508a75490a4bbe45/screenshot - {}
RESULT: {}
RESULT: {}
COMMAND: POST /session/bd8f6f9489bd62a6508a75490a4bbe45/element/f.5D36BF6E7175A89251765FD96C6D3113.d.E2FC5BF5FE57AE493EE0C75804863BA7.e.10695/clear - {}
COMMAND: GET /session/bd8f6f9489bd62a6508a75490a4bbe45/screenshot - {}
RESULT: {}
RESULT: {}
COMMAND: POST /session/bd8f6f9489bd62a6508a75490a4bbe45/element/f.5D36BF6E7175A89251765FD96C6D3113.d.E2FC5BF5FE57AE493EE0C75804863BA7.e.10695/value - {"text":"WebdriverYardziz0f"}
COMMAND: GET /session/bd8f6f9489bd62a6508a75490a4bbe45/screenshot - {}
RESULT: {}
RESULT: {"text":"WebdriverYardziz0f"}
COMMAND: GET /session/bd8f6f9489bd62a6508a75490a4bbe45/screenshot - {}
RESULT: {}
RESULT: {}
COMMAND: POST /session/bd8f6f9489bd62a6508a75490a4bbe45/actions - {"actions":[{"id":"action80","type":"key","parameters":{},"actions":[{"type":"keyDown","value":"î€‡"},{"type":"pause","duration":10},{"type":"keyUp","value":"î€‡"}]}]}
RESULT: {"actions":[{"id":"action80","type":"key","parameters":{},"actions":[{"type":"keyDown","value":"î€‡"},{"type":"pause","duration":10},{"type":"keyUp","value":"î€‡"}]}]}
COMMAND: GET /session/bd8f6f9489bd62a6508a75490a4bbe45/screenshot - {}
RESULT: {}
COMMAND: POST /session/bd8f6f9489bd62a6508a75490a4bbe45/actions - {"actions":[{"id":"action81","type":"key","parameters":{},"actions":[{"type":"keyDown","value":"î€‡"},{"type":"pause","duration":10},{"type":"keyUp","value":"î€‡"}]}]}
RESULT: {"actions":[{"id":"action81","type":"key","parameters":{},"actions":[{"type":"keyDown","value":"î€‡"},{"type":"pause","duration":10},{"type":"keyUp","value":"î€‡"}]}]}
COMMAND: GET /session/bd8f6f9489bd62a6508a75490a4bbe45/screenshot - {}
RESULT: {}
COMMAND: GET /session/bd8f6f9489bd62a6508a75490a4bbe45/element/f.5D36BF6E7175A89251765FD96C6D3113.d.E2FC5BF5FE57AE493EE0C75804863BA7.e.10691/property/value - {}
RESULT: {}
COMMAND: POST /session/bd8f6f9489bd62a6508a75490a4bbe45/element - {"using":"xpath","value":"//input[contains(@id ,\"requestSiteId-inner\")]"}
COMMAND: GET /session/bd8f6f9489bd62a6508a75490a4bbe45/screenshot - {}
RESULT: {"using":"xpath","value":"//input[contains(@id ,\"requestSiteId-inner\")]"}
COMMAND: POST /session/bd8f6f9489bd62a6508a75490a4bbe45/element/f.5D36BF6E7175A89251765FD96C6D3113.d.E2FC5BF5FE57AE493EE0C75804863BA7.e.10690/value - {"text":"WebdriverSite89rs8"}
RESULT: {}
RESULT: {"text":"WebdriverSite89rs8"}
COMMAND: GET /session/bd8f6f9489bd62a6508a75490a4bbe45/screenshot - {}
RESULT: {}
COMMAND: POST /session/bd8f6f9489bd62a6508a75490a4bbe45/actions - {"actions":[{"id":"action82","type":"key","parameters":{},"actions":[{"type":"keyDown","value":"î€‡"},{"type":"pause","duration":10},{"type":"keyUp","value":"î€‡"}]}]}
RESULT: {"actions":[{"id":"action82","type":"key","parameters":{},"actions":[{"type":"keyDown","value":"î€‡"},{"type":"pause","duration":10},{"type":"keyUp","value":"î€‡"}]}]}
COMMAND: GET /session/bd8f6f9489bd62a6508a75490a4bbe45/screenshot - {}
RESULT: {}
COMMAND: POST /session/bd8f6f9489bd62a6508a75490a4bbe45/element - {"using":"xpath","value":"//button[contains(@data-kt ,\"requestItemAddOverflowToolbarButton\")]"}
RESULT: {"using":"xpath","value":"//button[contains(@data-kt ,\"requestItemAddOverflowToolbarButton\")]"}
COMMAND: POST /session/bd8f6f9489bd62a6508a75490a4bbe45/element/f.5D36BF6E7175A89251765FD96C6D3113.d.E2FC5BF5FE57AE493EE0C75804863BA7.e.10873/click - {}
RESULT: {}
COMMAND: GET /session/bd8f6f9489bd62a6508a75490a4bbe45/screenshot - {}
RESULT: {}
COMMAND: POST /session/bd8f6f9489bd62a6508a75490a4bbe45/actions - {"actions":[{"id":"action83","type":"key","parameters":{},"actions":[{"type":"keyDown","value":"î€•"},{"type":"pause","duration":10},{"type":"keyUp","value":"î€•"}]}]}
RESULT: {"actions":[{"id":"action83","type":"key","parameters":{},"actions":[{"type":"keyDown","value":"î€•"},{"type":"pause","duration":10},{"type":"keyUp","value":"î€•"}]}]}
COMMAND: POST /session/bd8f6f9489bd62a6508a75490a4bbe45/actions - {"actions":[{"id":"action84","type":"key","parameters":{},"actions":[{"type":"keyDown","value":"î€‡"},{"type":"pause","duration":10},{"type":"keyUp","value":"î€‡"}]}]}
COMMAND: GET /session/bd8f6f9489bd62a6508a75490a4bbe45/screenshot - {}
RESULT: {"actions":[{"id":"action84","type":"key","parameters":{},"actions":[{"type":"keyDown","value":"î€‡"},{"type":"pause","duration":10},{"type":"keyUp","value":"î€‡"}]}]}
COMMAND: GET /session/bd8f6f9489bd62a6508a75490a4bbe45/screenshot - {}
RESULT: {}
RESULT: {}
COMMAND: POST /session/bd8f6f9489bd62a6508a75490a4bbe45/element - {"using":"xpath","value":"(//input[contains(@id ,\"requestItemsTable-0-inner\")])[1]"}
RESULT: {"using":"xpath","value":"(//input[contains(@id ,\"requestItemsTable-0-inner\")])[1]"}
COMMAND: POST /session/bd8f6f9489bd62a6508a75490a4bbe45/element/f.5D36BF6E7175A89251765FD96C6D3113.d.E2FC5BF5FE57AE493EE0C75804863BA7.e.10877/clear - {}
RESULT: {}
COMMAND: POST /session/bd8f6f9489bd62a6508a75490a4bbe45/element/f.5D36BF6E7175A89251765FD96C6D3113.d.E2FC5BF5FE57AE493EE0C75804863BA7.e.10877/value - {"text":"catalogItemihgqb"}
COMMAND: GET /session/bd8f6f9489bd62a6508a75490a4bbe45/screenshot - {}
RESULT: {"text":"catalogItemihgqb"}
COMMAND: GET /session/bd8f6f9489bd62a6508a75490a4bbe45/screenshot - {}
RESULT: {}
RESULT: {}
COMMAND: POST /session/bd8f6f9489bd62a6508a75490a4bbe45/actions - {"actions":[{"id":"action85","type":"key","parameters":{},"actions":[{"type":"keyDown","value":"î€‡"},{"type":"pause","duration":10},{"type":"keyUp","value":"î€‡"}]}]}
RESULT: {"actions":[{"id":"action85","type":"key","parameters":{},"actions":[{"type":"keyDown","value":"î€‡"},{"type":"pause","duration":10},{"type":"keyUp","value":"î€‡"}]}]}
COMMAND: GET /session/bd8f6f9489bd62a6508a75490a4bbe45/screenshot - {}
RESULT: {}
COMMAND: POST /session/bd8f6f9489bd62a6508a75490a4bbe45/execute/async - {"script":"<script> [1562 bytes]","args":[{"selector":{"controlType":"sap.ui.core.Icon","viewName":"etm.portal.ui.managerequests.view.NewRequest","properties":{"src":{"regex":{"source":"slim\\-arrow\\-down"}}},"ancestor":{"controlType":"sap.m.Button","viewName":"etm.portal.ui.managerequests.view.NewRequest","properties":{"icon":"sap-icon://slim-arrow-down"}}},"wdio_ui5_key":"etmportal.ui.managerequests.view.NewRequestsap.ui.core.Icon{\"src\":{\"regex\":{\"source\":\"slim\\\\-arrow\\\\-down\"}}}{\"controlType\":\"sap.m.Button\",\"viewName\":\"etm.portal.ui.managerequests.view.NewRequest\",\"properties\":{\"icon\":\"sap-icon://slim-arrow-down\"}}"}]}
RESULT: {"script":"<script> [1562 bytes]","args":[{"selector":{"controlType":"sap.ui.core.Icon","viewName":"etm.portal.ui.managerequests.view.NewRequest","properties":{"src":{"regex":{"source":"slim\\-arrow\\-down"}}},"ancestor":{"controlType":"sap.m.Button","viewName":"etm.portal.ui.managerequests.view.NewRequest","properties":{"icon":"sap-icon://slim-arrow-down"}}},"wdio_ui5_key":"etmportal.ui.managerequests.view.NewRequestsap.ui.core.Icon{\"src\":{\"regex\":{\"source\":\"slim\\\\-arrow\\\\-down\"}}}{\"controlType\":\"sap.m.Button\",\"viewName\":\"etm.portal.ui.managerequests.view.NewRequest\",\"properties\":{\"icon\":\"sap-icon://slim-arrow-down\"}}"}]}
RESULT: undefined
COMMAND: POST /session/bd8f6f9489bd62a6508a75490a4bbe45/element - {"using":"xpath","value":"//div[contains(@data-kt ,\"splitAllocationObjectStatus\")]"}
RESULT: {"using":"xpath","value":"//div[contains(@data-kt ,\"splitAllocationObjectStatus\")]"}
COMMAND: POST /session/bd8f6f9489bd62a6508a75490a4bbe45/elements - {"using":"xpath","value":"//div[contains(@data-kt ,\"splitAllocationObjectStatus\")]"}
RESULT: {"using":"xpath","value":"//div[contains(@data-kt ,\"splitAllocationObjectStatus\")]"}
COMMAND: POST /session/bd8f6f9489bd62a6508a75490a4bbe45/execute/async - {"script":"<script> [1562 bytes]","args":[{"selector":{"controlType":"sap.ui.core.Icon","viewName":"etm.portal.ui.managerequests.view.NewRequest","properties":{"src":{"regex":{"source":"message\\-error"}}}},"wdio_ui5_key":"etmportal.ui.managerequests.view.NewRequestsap.ui.core.Icon{\"src\":{\"regex\":{\"source\":\"message\\\\-error\"}}}"}]}
RESULT: {"script":"<script> [1562 bytes]","args":[{"selector":{"controlType":"sap.ui.core.Icon","viewName":"etm.portal.ui.managerequests.view.NewRequest","properties":{"src":{"regex":{"source":"message\\-error"}}}},"wdio_ui5_key":"etmportal.ui.managerequests.view.NewRequestsap.ui.core.Icon{\"src\":{\"regex\":{\"source\":\"message\\\\-error\"}}}"}]}
RESULT: undefined
COMMAND: POST /session/bd8f6f9489bd62a6508a75490a4bbe45/element - {"using":"xpath","value":"//*[@id=\"__status4-__xmlview59--requestItemsTable-0-icon\"]"}
RESULT: {"using":"xpath","value":"//*[@id=\"__status4-__xmlview59--requestItemsTable-0-icon\"]"}
COMMAND: POST /session/bd8f6f9489bd62a6508a75490a4bbe45/element/f.5D36BF6E7175A89251765FD96C6D3113.d.E2FC5BF5FE57AE493EE0C75804863BA7.e.10892/click - {}
RESULT: {}
COMMAND: POST /session/bd8f6f9489bd62a6508a75490a4bbe45/execute/async - {"script":"<script> [1562 bytes]","args":[{"selector":{"controlType":"sap.ui.core.Icon","viewName":"etm.portal.ui.managerequests.view.NewRequest","properties":{"src":{"regex":{"source":"slim\\-arrow\\-down"}}},"searchOpenDialogs":true,"ancestor":{"id":"costObjectAdminTypeComboBox","viewName":"etm.portal.ui.managerequests.view.NewRequest","searchOpenDialogs":true}},"wdio_ui5_key":"etmportal.ui.managerequests.view.NewRequestsap.ui.core.Icon{\"src\":{\"regex\":{\"source\":\"slim\\\\-arrow\\\\-down\"}}}{\"id\":\"costObjectAdminTypeComboBox\",\"viewName\":\"etm.portal.ui.managerequests.view.NewRequest\",\"searchOpenDialogs\":true}"}]}
COMMAND: GET /session/bd8f6f9489bd62a6508a75490a4bbe45/screenshot - {}
RESULT: {"script":"<script> [1562 bytes]","args":[{"selector":{"controlType":"sap.ui.core.Icon","viewName":"etm.portal.ui.managerequests.view.NewRequest","properties":{"src":{"regex":{"source":"slim\\-arrow\\-down"}}},"searchOpenDialogs":true,"ancestor":{"id":"costObjectAdminTypeComboBox","viewName":"etm.portal.ui.managerequests.view.NewRequest","searchOpenDialogs":true}},"wdio_ui5_key":"etmportal.ui.managerequests.view.NewRequestsap.ui.core.Icon{\"src\":{\"regex\":{\"source\":\"slim\\\\-arrow\\\\-down\"}}}{\"id\":\"costObjectAdminTypeComboBox\",\"viewName\":\"etm.portal.ui.managerequests.view.NewRequest\",\"searchOpenDialogs\":true}"}]}
RESULT: undefined
COMMAND: POST /session/bd8f6f9489bd62a6508a75490a4bbe45/element - {"using":"xpath","value":"//*[@id=\"__xmlview59--costObjectAdminTypeComboBox-arrow\"]"}
RESULT: {}
RESULT: {"using":"xpath","value":"//*[@id=\"__xmlview59--costObjectAdminTypeComboBox-arrow\"]"}
COMMAND: POST /session/bd8f6f9489bd62a6508a75490a4bbe45/element/f.5D36BF6E7175A89251765FD96C6D3113.d.E2FC5BF5FE57AE493EE0C75804863BA7.e.10897/click - {}
RESULT: {}
COMMAND: POST /session/bd8f6f9489bd62a6508a75490a4bbe45/execute/async - {"script":"<script> [1562 bytes]","args":[{"selector":{"controlType":"sap.m.StandardListItem","viewName":"etm.portal.ui.managerequests.view.NewRequest","properties":{"title":"Cost Center"},"searchOpenDialogs":true,"interaction":{"idSuffix":"titleText"}},"wdio_ui5_key":"etmportal.ui.managerequests.view.NewRequestsap.m.StandardListItem{\"title\":\"Cost Center\"}"}]}
COMMAND: GET /session/bd8f6f9489bd62a6508a75490a4bbe45/screenshot - {}
RESULT: {"script":"<script> [1562 bytes]","args":[{"selector":{"controlType":"sap.m.StandardListItem","viewName":"etm.portal.ui.managerequests.view.NewRequest","properties":{"title":"Cost Center"},"searchOpenDialogs":true,"interaction":{"idSuffix":"titleText"}},"wdio_ui5_key":"etmportal.ui.managerequests.view.NewRequestsap.m.StandardListItem{\"title\":\"Cost Center\"}"}]}
RESULT: undefined
COMMAND: POST /session/bd8f6f9489bd62a6508a75490a4bbe45/element - {"using":"xpath","value":"//*[@id=\"__item667\"]"}
RESULT: {}
RESULT: {"using":"xpath","value":"//*[@id=\"__item667\"]"}
COMMAND: POST /session/bd8f6f9489bd62a6508a75490a4bbe45/element/f.5D36BF6E7175A89251765FD96C6D3113.d.E2FC5BF5FE57AE493EE0C75804863BA7.e.10900/click - {}
RESULT: {}
COMMAND: GET /session/bd8f6f9489bd62a6508a75490a4bbe45/screenshot - {}
RESULT: {}
COMMAND: POST /session/bd8f6f9489bd62a6508a75490a4bbe45/execute/async - {"script":"<script> [1562 bytes]","args":[{"selector":{"controlType":"sap.ui.core.Icon","viewName":"etm.portal.ui.managerequests.view.NewRequest","properties":{"src":{"regex":{"source":"value\\-help"}}},"searchOpenDialogs":true},"wdio_ui5_key":"etmportal.ui.managerequests.view.NewRequestsap.ui.core.Icon{\"src\":{\"regex\":{\"source\":\"value\\\\-help\"}}}"}]}
RESULT: {"script":"<script> [1562 bytes]","args":[{"selector":{"controlType":"sap.ui.core.Icon","viewName":"etm.portal.ui.managerequests.view.NewRequest","properties":{"src":{"regex":{"source":"value\\-help"}}},"searchOpenDialogs":true},"wdio_ui5_key":"etmportal.ui.managerequests.view.NewRequestsap.ui.core.Icon{\"src\":{\"regex\":{\"source\":\"value\\\\-help\"}}}"}]}
RESULT: undefined
COMMAND: POST /session/bd8f6f9489bd62a6508a75490a4bbe45/element - {"using":"xpath","value":"//*[@id=\"__xmlview59--costObjectIdComboBox-vhi\"]"}
RESULT: {"using":"xpath","value":"//*[@id=\"__xmlview59--costObjectIdComboBox-vhi\"]"}
COMMAND: POST /session/bd8f6f9489bd62a6508a75490a4bbe45/element/f.5D36BF6E7175A89251765FD96C6D3113.d.E2FC5BF5FE57AE493EE0C75804863BA7.e.10907/click - {}
RESULT: {}
COMMAND: POST /session/bd8f6f9489bd62a6508a75490a4bbe45/execute/async - {"script":"<script> [1562 bytes]","args":[{"selector":{"controlType":"sap.m.SearchField","properties":{"placeholder":"Search"},"searchOpenDialogs":true,"interaction":{"idSuffix":"I"}},"wdio_ui5_key":"sapm.SearchField{\"placeholder\":\"Search\"}"}]}
COMMAND: GET /session/bd8f6f9489bd62a6508a75490a4bbe45/screenshot - {}
RESULT: {"script":"<script> [1562 bytes]","args":[{"selector":{"controlType":"sap.m.SearchField","properties":{"placeholder":"Search"},"searchOpenDialogs":true,"interaction":{"idSuffix":"I"}},"wdio_ui5_key":"sapm.SearchField{\"placeholder\":\"Search\"}"}]}
RESULT: undefined
COMMAND: POST /session/bd8f6f9489bd62a6508a75490a4bbe45/execute/async - {"script":"<script> [776 bytes]","args":[{"enterText":"10001010","selector":{"controlType":"sap.m.SearchField","properties":{"placeholder":"Search"},"searchOpenDialogs":true,"interaction":{"idSuffix":"I"}},"clearTextFirst":true,"interactionType":"ENTER_TEXT"}]}
RESULT: {}
RESULT: {"script":"<script> [776 bytes]","args":[{"enterText":"10001010","selector":{"controlType":"sap.m.SearchField","properties":{"placeholder":"Search"},"searchOpenDialogs":true,"interaction":{"idSuffix":"I"}},"clearTextFirst":true,"interactionType":"ENTER_TEXT"}]}
COMMAND: POST /session/bd8f6f9489bd62a6508a75490a4bbe45/actions - {"actions":[{"id":"action86","type":"key","parameters":{},"actions":[{"type":"keyDown","value":"î€‡"},{"type":"pause","duration":10},{"type":"keyUp","value":"î€‡"}]}]}
RESULT: {"actions":[{"id":"action86","type":"key","parameters":{},"actions":[{"type":"keyDown","value":"î€‡"},{"type":"pause","duration":10},{"type":"keyUp","value":"î€‡"}]}]}
COMMAND: GET /session/bd8f6f9489bd62a6508a75490a4bbe45/screenshot - {}
RESULT: {}
COMMAND: POST /session/bd8f6f9489bd62a6508a75490a4bbe45/execute/async - {"script":"<script> [1562 bytes]","args":[{"selector":{"controlType":"sap.m.Text","bindingPath":{"path":"/C_CostCtrValueHelp(CostCenter='10001010',ControllingArea='Z001')","propertyPath":"CostCenterName","modelName":"CostCenterModel"},"searchOpenDialogs":true},"wdio_ui5_key":"sapm.Text{\"path\":\"/C_CostCtrValueHelp(CostCenter='10001010',ControllingArea='Z001')\",\"propertyPath\":\"CostCenterName\",\"modelName\":\"CostCenterModel\"}"}]}
RESULT: {"script":"<script> [1562 bytes]","args":[{"selector":{"controlType":"sap.m.Text","bindingPath":{"path":"/C_CostCtrValueHelp(CostCenter='10001010',ControllingArea='Z001')","propertyPath":"CostCenterName","modelName":"CostCenterModel"},"searchOpenDialogs":true},"wdio_ui5_key":"sapm.Text{\"path\":\"/C_CostCtrValueHelp(CostCenter='10001010',ControllingArea='Z001')\",\"propertyPath\":\"CostCenterName\",\"modelName\":\"CostCenterModel\"}"}]}
RESULT: undefined
COMMAND: POST /session/bd8f6f9489bd62a6508a75490a4bbe45/element - {"using":"xpath","value":"//*[@id=\"__text287-__clone813\"]"}
RESULT: {"using":"xpath","value":"//*[@id=\"__text287-__clone813\"]"}
COMMAND: POST /session/bd8f6f9489bd62a6508a75490a4bbe45/element/f.5D36BF6E7175A89251765FD96C6D3113.d.E2FC5BF5FE57AE493EE0C75804863BA7.e.10947/click - {}
RESULT: {}
COMMAND: POST /session/bd8f6f9489bd62a6508a75490a4bbe45/execute/async - {"script":"<script> [1562 bytes]","args":[{"selector":{"controlType":"sap.m.Button","properties":{"text":"OK"},"searchOpenDialogs":true,"interaction":{"idSuffix":"BDI-content"}},"wdio_ui5_key":"sapm.Button{\"text\":\"OK\"}"}]}
COMMAND: GET /session/bd8f6f9489bd62a6508a75490a4bbe45/screenshot - {}
RESULT: {"script":"<script> [1562 bytes]","args":[{"selector":{"controlType":"sap.m.Button","properties":{"text":"OK"},"searchOpenDialogs":true,"interaction":{"idSuffix":"BDI-content"}},"wdio_ui5_key":"sapm.Button{\"text\":\"OK\"}"}]}
RESULT: undefined
COMMAND: POST /session/bd8f6f9489bd62a6508a75490a4bbe45/element - {"using":"xpath","value":"//*[@id=\"__dialog1-ok\"]"}
RESULT: {}
RESULT: {"using":"xpath","value":"//*[@id=\"__dialog1-ok\"]"}
COMMAND: POST /session/bd8f6f9489bd62a6508a75490a4bbe45/element/f.5D36BF6E7175A89251765FD96C6D3113.d.E2FC5BF5FE57AE493EE0C75804863BA7.e.10949/click - {}
RESULT: {}
COMMAND: GET /session/bd8f6f9489bd62a6508a75490a4bbe45/screenshot - {}
RESULT: {}
COMMAND: POST /session/bd8f6f9489bd62a6508a75490a4bbe45/execute/async - {"script":"<script> [1562 bytes]","args":[{"selector":{"controlType":"sap.m.Button","viewName":"etm.portal.ui.managerequests.view.NewRequest","i18NText":{"propertyName":"text","key":"save"},"searchOpenDialogs":true,"interaction":{"idSuffix":"BDI-content"}},"wdio_ui5_key":"etmportal.ui.managerequests.view.NewRequestsap.m.Button{\"propertyName\":\"text\",\"key\":\"save\"}"}]}
RESULT: {"script":"<script> [1562 bytes]","args":[{"selector":{"controlType":"sap.m.Button","viewName":"etm.portal.ui.managerequests.view.NewRequest","i18NText":{"propertyName":"text","key":"save"},"searchOpenDialogs":true,"interaction":{"idSuffix":"BDI-content"}},"wdio_ui5_key":"etmportal.ui.managerequests.view.NewRequestsap.m.Button{\"propertyName\":\"text\",\"key\":\"save\"}"}]}
RESULT: undefined
COMMAND: POST /session/bd8f6f9489bd62a6508a75490a4bbe45/element - {"using":"xpath","value":"//*[@id=\"__button22\"]"}
RESULT: {"using":"xpath","value":"//*[@id=\"__button22\"]"}
COMMAND: POST /session/bd8f6f9489bd62a6508a75490a4bbe45/element/f.5D36BF6E7175A89251765FD96C6D3113.d.E2FC5BF5FE57AE493EE0C75804863BA7.e.10953/click - {}
RESULT: {}
COMMAND: GET /session/bd8f6f9489bd62a6508a75490a4bbe45/screenshot - {}
RESULT: {}
COMMAND: POST /session/bd8f6f9489bd62a6508a75490a4bbe45/element - {"using":"xpath","value":"(//bdi[contains(text() ,\"Save\")])[1]"}
RESULT: {"using":"xpath","value":"(//bdi[contains(text() ,\"Save\")])[1]"}
COMMAND: POST /session/bd8f6f9489bd62a6508a75490a4bbe45/element/f.5D36BF6E7175A89251765FD96C6D3113.d.E2FC5BF5FE57AE493EE0C75804863BA7.e.10955/click - {}
RESULT: {}
COMMAND: GET /session/bd8f6f9489bd62a6508a75490a4bbe45/screenshot - {}
RESULT: {}
COMMAND: POST /session/bd8f6f9489bd62a6508a75490a4bbe45/execute/async - {"script":"<script> [1562 bytes]","args":[{"selector":{"controlType":"sap.m.Title","properties":{"text":"Success"},"searchOpenDialogs":true},"wdio_ui5_key":"sapm.Title{\"text\":\"Success\"}"}]}
RESULT: {"script":"<script> [1562 bytes]","args":[{"selector":{"controlType":"sap.m.Title","properties":{"text":"Success"},"searchOpenDialogs":true},"wdio_ui5_key":"sapm.Title{\"text\":\"Success\"}"}]}
RESULT: undefined
COMMAND: POST /session/bd8f6f9489bd62a6508a75490a4bbe45/execute/async - {"script":"<script> [6424 bytes]","args":[{"element-6066-11e4-a52e-4f735466cecf":"f.5D36BF6E7175A89251765FD96C6D3113.d.E2FC5BF5FE57AE493EE0C75804863BA7.e.10958"},"getText",[]]}
RESULT: {"script":"<script> [6424 bytes]","args":[{"element-6066-11e4-a52e-4f735466cecf":"f.5D36BF6E7175A89251765FD96C6D3113.d.E2FC5BF5FE57AE493EE0C75804863BA7.e.10958"},"getText",[]]}
COMMAND: POST /session/bd8f6f9489bd62a6508a75490a4bbe45/execute/async - {"script":"<script> [1562 bytes]","args":[{"selector":{"controlType":"sap.m.Button","properties":{"text":"Close"},"searchOpenDialogs":true,"interaction":{"idSuffix":"BDI-content"}},"wdio_ui5_key":"sapm.Button{\"text\":\"Close\"}"}]}
RESULT: {"script":"<script> [1562 bytes]","args":[{"selector":{"controlType":"sap.m.Button","properties":{"text":"Close"},"searchOpenDialogs":true,"interaction":{"idSuffix":"BDI-content"}},"wdio_ui5_key":"sapm.Button{\"text\":\"Close\"}"}]}
RESULT: undefined
COMMAND: POST /session/bd8f6f9489bd62a6508a75490a4bbe45/element - {"using":"xpath","value":"//*[@id=\"__mbox-btn-0\"]"}
RESULT: {"using":"xpath","value":"//*[@id=\"__mbox-btn-0\"]"}
COMMAND: POST /session/bd8f6f9489bd62a6508a75490a4bbe45/element/f.5D36BF6E7175A89251765FD96C6D3113.d.E2FC5BF5FE57AE493EE0C75804863BA7.e.10957/click - {}
RESULT: {}
COMMAND: GET /session/bd8f6f9489bd62a6508a75490a4bbe45/screenshot - {}
RESULT: {}
COMMAND: POST /session/bd8f6f9489bd62a6508a75490a4bbe45/execute/async - {"script":"<script> [1562 bytes]","args":[{"selector":{"controlType":"sap.m.Text","viewName":"etm.portal.ui.managerequests.view.Detail","bindingPath":{"propertyPath":"NO","modelName":"catalogModel"}},"wdio_ui5_key":"etmportal.ui.managerequests.view.Detailsap.m.Text{\"propertyPath\":\"NO\",\"modelName\":\"catalogModel\"}"}]}
RESULT: {"script":"<script> [1562 bytes]","args":[{"selector":{"controlType":"sap.m.Text","viewName":"etm.portal.ui.managerequests.view.Detail","bindingPath":{"propertyPath":"NO","modelName":"catalogModel"}},"wdio_ui5_key":"etmportal.ui.managerequests.view.Detailsap.m.Text{\"propertyPath\":\"NO\",\"modelName\":\"catalogModel\"}"}]}
RESULT: undefined
COMMAND: POST /session/bd8f6f9489bd62a6508a75490a4bbe45/execute/async - {"script":"<script> [6424 bytes]","args":[{"element-6066-11e4-a52e-4f735466cecf":"f.5D36BF6E7175A89251765FD96C6D3113.d.E2FC5BF5FE57AE493EE0C75804863BA7.e.11085"},"getText",[]]}
RESULT: {"script":"<script> [6424 bytes]","args":[{"element-6066-11e4-a52e-4f735466cecf":"f.5D36BF6E7175A89251765FD96C6D3113.d.E2FC5BF5FE57AE493EE0C75804863BA7.e.11085"},"getText",[]]}
COMMAND: POST /session/bd8f6f9489bd62a6508a75490a4bbe45/execute/async - {"script":"<script> [1562 bytes]","args":[{"selector":{"controlType":"sap.ui.core.Icon","viewName":"etm.portal.ui.managerequests.view.Detail","properties":{"src":{"regex":{"source":"date\\-time"}}},"ancestor":{"controlType":"sap.m.ColumnListItem","viewName":"etm.portal.ui.managerequests.view.Detail","bindingPath":{"path":"/SmartRequestItemsPlanningBoard(ITEM=10m,REQUEST='20143')"},"ancestor":{"id":"requestItemsTable","viewName":"etm.portal.ui.managerequests.view.Detail"}}},"wdio_ui5_key":"etmportal.ui.managerequests.view.Detailsap.ui.core.Icon{\"src\":{\"regex\":{\"source\":\"date\\\\-time\"}}}{\"controlType\":\"sap.m.ColumnListItem\",\"viewName\":\"etm.portal.ui.managerequests.view.Detail\",\"bindingPath\":{\"path\":\"/SmartRequestItemsPlanningBoard(ITEM=10m,REQUEST='20143')\"},\"ancestor\":{\"id\":\"requestItemsTable\",\"viewName\":\"etm.portal.ui.managerequests.view.Detail\"}}"}]}
RESULT: {"script":"<script> [1562 bytes]","args":[{"selector":{"controlType":"sap.ui.core.Icon","viewName":"etm.portal.ui.managerequests.view.Detail","properties":{"src":{"regex":{"source":"date\\-time"}}},"ancestor":{"controlType":"sap.m.ColumnListItem","viewName":"etm.portal.ui.managerequests.view.Detail","bindingPath":{"path":"/SmartRequestItemsPlanningBoard(ITEM=10m,REQUEST='20143')"},"ancestor":{"id":"requestItemsTable","viewName":"etm.portal.ui.managerequests.view.Detail"}}},"wdio_ui5_key":"etmportal.ui.managerequests.view.Detailsap.ui.core.Icon{\"src\":{\"regex\":{\"source\":\"date\\\\-time\"}}}{\"controlType\":\"sap.m.ColumnListItem\",\"viewName\":\"etm.portal.ui.managerequests.view.Detail\",\"bindingPath\":{\"path\":\"/SmartRequestItemsPlanningBoard(ITEM=10m,REQUEST='20143')\"},\"ancestor\":{\"id\":\"requestItemsTable\",\"viewName\":\"etm.portal.ui.managerequests.view.Detail\"}}"}]}
RESULT: undefined
COMMAND: POST /session/bd8f6f9489bd62a6508a75490a4bbe45/element - {"using":"xpath","value":"//*[@id=\"__button37-__clone852-img\"]"}
RESULT: {"using":"xpath","value":"//*[@id=\"__button37-__clone852-img\"]"}
COMMAND: POST /session/bd8f6f9489bd62a6508a75490a4bbe45/element/f.5D36BF6E7175A89251765FD96C6D3113.d.E2FC5BF5FE57AE493EE0C75804863BA7.e.11086/click - {}
RESULT: {}
COMMAND: POST /session/bd8f6f9489bd62a6508a75490a4bbe45/execute/async - {"script":"<script> [1562 bytes]","args":[{"selector":{"controlType":"sap.m.Button","viewName":"etm.portal.ui.managerequests.view.Detail","properties":{"text":"Close"},"searchOpenDialogs":true,"interaction":{"idSuffix":"BDI-content"}},"wdio_ui5_key":"etmportal.ui.managerequests.view.Detailsap.m.Button{\"text\":\"Close\"}"}]}
COMMAND: GET /session/bd8f6f9489bd62a6508a75490a4bbe45/screenshot - {}
RESULT: {"script":"<script> [1562 bytes]","args":[{"selector":{"controlType":"sap.m.Button","viewName":"etm.portal.ui.managerequests.view.Detail","properties":{"text":"Close"},"searchOpenDialogs":true,"interaction":{"idSuffix":"BDI-content"}},"wdio_ui5_key":"etmportal.ui.managerequests.view.Detailsap.m.Button{\"text\":\"Close\"}"}]}
RESULT: undefined
COMMAND: POST /session/bd8f6f9489bd62a6508a75490a4bbe45/element - {"using":"xpath","value":"//*[@id=\"__button45\"]"}
RESULT: {}
RESULT: {"using":"xpath","value":"//*[@id=\"__button45\"]"}
COMMAND: POST /session/bd8f6f9489bd62a6508a75490a4bbe45/element/f.5D36BF6E7175A89251765FD96C6D3113.d.E2FC5BF5FE57AE493EE0C75804863BA7.e.11089/click - {}
RESULT: {}
COMMAND: POST /session/bd8f6f9489bd62a6508a75490a4bbe45/refresh - {}
COMMAND: GET /session/bd8f6f9489bd62a6508a75490a4bbe45/screenshot - {}
RESULT: {}
COMMAND: GET /session/bd8f6f9489bd62a6508a75490a4bbe45/screenshot - {}
RESULT: {}
RESULT: {}
COMMAND: POST /session/bd8f6f9489bd62a6508a75490a4bbe45/execute/async - {"script":"<script> [189 bytes]","args":[]}
RESULT: {"script":"<script> [189 bytes]","args":[]}
COMMAND: POST /session/bd8f6f9489bd62a6508a75490a4bbe45/execute/async - {"script":"<script> [123 bytes]","args":[]}
RESULT: {"script":"<script> [123 bytes]","args":[]}
COMMAND: POST /session/bd8f6f9489bd62a6508a75490a4bbe45/timeouts - {"script":"<number>"}
RESULT: {"script":"<number>"}
COMMAND: GET /session/bd8f6f9489bd62a6508a75490a4bbe45/timeouts - {}
RESULT: {}
RESULT: undefined
COMMAND: POST /session/bd8f6f9489bd62a6508a75490a4bbe45/execute/async - {"script":"<script> [2676 bytes]","args":[]}
RESULT: {"script":"<script> [2676 bytes]","args":[]}
COMMAND: POST /session/bd8f6f9489bd62a6508a75490a4bbe45/execute/async - {"script":"<script> [2342 bytes]","args":[{"protocol":"http","hostname":"0.0.0.0","path":"/","capabilities":{"browserName":"chrome","goog:chromeOptions":{"binary":"C:\\Program Files\\Google\\Chrome\\Application\\chrome.exe","args":["--start-maximized"]}},"logLevel":"warn","connectionRetryTimeout":120000,"connectionRetryCount":3,"logLevels":{},"enableDirectConnect":true,"strictSSL":true,"_":"65 more keys: [\"cacheDir\",\"port\",\"requestedCapabilities\",\"automationProtocol\",\"baseUrl\",\"waitforInterval\",\"waitforTimeout\",\"onReload\",\"beforeCommand\",\"afterCommand\",\"rootDir\",\"specs\",\"suites\",\"exclude\",\"groupLogsByTestSpec\",\"excludeDriverLogs\",\"bail\",\"framework\",\"reporters\",\"services\",\"maxInstances\",\"maxInstancesPerCapability\",\"injectGlobals\",\"filesToWatch\",\"execArgv\",\"runnerEnv\",\"runner\",\"shard\",\"specFileRetries\",\"specFileRetriesDelay\",\"specFileRetriesDeferred\",\"reporterSyncInterval\",\"reporterSyncTimeout\",\"cucumberFeaturesWithLineNumbers\",\"autoCompileOpts\",\"mochaOpts\",\"jasmineOpts\",\"cucumberOpts\",\"onPrepare\",\"onWorkerStart\",\"onWorkerEnd\",\"before\",\"beforeSession\",\"beforeSuite\",\"beforeHook\",\"beforeTest\",\"afterTest\",\"afterHook\",\"afterSuite\",\"afterSession\",\"after\",\"onComplete\",\"beforeAssertion\",\"afterAssertion\",\"beforeFeature\",\"beforeScenario\",\"beforeStep\",\"afterStep\",\"afterScenario\",\"afterFeature\",\"_\",\"suite\",\"$0\",\"ignoredWorkerServices\",\"wdi5\"]"}]}
RESULT: {"script":"<script> [2342 bytes]","args":[{"protocol":"http","hostname":"0.0.0.0","path":"/","capabilities":{"browserName":"chrome","goog:chromeOptions":{"binary":"C:\\Program Files\\Google\\Chrome\\Application\\chrome.exe","args":["--start-maximized"]}},"logLevel":"warn","connectionRetryTimeout":120000,"connectionRetryCount":3,"logLevels":{},"enableDirectConnect":true,"strictSSL":true,"_":"65 more keys: [\"cacheDir\",\"port\",\"requestedCapabilities\",\"automationProtocol\",\"baseUrl\",\"waitforInterval\",\"waitforTimeout\",\"onReload\",\"beforeCommand\",\"afterCommand\",\"rootDir\",\"specs\",\"suites\",\"exclude\",\"groupLogsByTestSpec\",\"excludeDriverLogs\",\"bail\",\"framework\",\"reporters\",\"services\",\"maxInstances\",\"maxInstancesPerCapability\",\"injectGlobals\",\"filesToWatch\",\"execArgv\",\"runnerEnv\",\"runner\",\"shard\",\"specFileRetries\",\"specFileRetriesDelay\",\"specFileRetriesDeferred\",\"reporterSyncInterval\",\"reporterSyncTimeout\",\"cucumberFeaturesWithLineNumbers\",\"autoCompileOpts\",\"mochaOpts\",\"jasmineOpts\",\"cucumberOpts\",\"onPrepare\",\"onWorkerStart\",\"onWorkerEnd\",\"before\",\"beforeSession\",\"beforeSuite\",\"beforeHook\",\"beforeTest\",\"afterTest\",\"afterHook\",\"afterSuite\",\"afterSession\",\"after\",\"onComplete\",\"beforeAssertion\",\"afterAssertion\",\"beforeFeature\",\"beforeScenario\",\"beforeStep\",\"afterStep\",\"afterScenario\",\"afterFeature\",\"_\",\"suite\",\"$0\",\"ignoredWorkerServices\",\"wdi5\"]"}]}
COMMAND: POST /session/bd8f6f9489bd62a6508a75490a4bbe45/execute/async - {"script":"<script> [21126 bytes]","args":[35000]}
RESULT: {"script":"<script> [21126 bytes]","args":[35000]}
]]></system-out>
    </testcase>
  </testsuite>
  <testsuite timestamp="2025-05-17T16:17:39" time="465.065" tests="4" failures="0" errors="0" skipped="0">
    <properties>
      <property name="specId" value="0" />
      <property name="suiteName" value="Process request items into an existing quotation US120163" />
      <property name="capabilities" value="chrome.136_0_7103_93.windows" />
      <property name="file" value="file:///D:/a/1/s/test/specs/R2C/process-request-items-into-existing-quotation.spec.js" />
    </properties>
    <testcase classname="chrome.136_0_7103_93.windows.Process_request_items_into_an_existing_quotation_US120163" name="Should create a new quotation" time="101.623">
      <system-out><![CDATA[
COMMAND: POST /session/bd8f6f9489bd62a6508a75490a4bbe45/execute/async - {"script":"<script> [1562 bytes]","args":[{"selector":{"controlType":"sap.m.GenericTile","properties":{"header":"Manage Quotations"}},"wdio_ui5_key":"sapm.GenericTile{\"header\":\"Manage Quotations\"}"}]}
RESULT: {"script":"<script> [1562 bytes]","args":[{"selector":{"controlType":"sap.m.GenericTile","properties":{"header":"Manage Quotations"}},"wdio_ui5_key":"sapm.GenericTile{\"header\":\"Manage Quotations\"}"}]}
RESULT: undefined
COMMAND: POST /session/bd8f6f9489bd62a6508a75490a4bbe45/element - {"using":"xpath","value":"//*[@id=\"__tile131\"]"}
RESULT: {"using":"xpath","value":"//*[@id=\"__tile131\"]"}
COMMAND: POST /session/bd8f6f9489bd62a6508a75490a4bbe45/element/f.5D36BF6E7175A89251765FD96C6D3113.d.239E85AC3FC3DA1AB85E6304ABB730E3.e.11554/click - {}
RESULT: {}
COMMAND: GET /session/bd8f6f9489bd62a6508a75490a4bbe45/screenshot - {}
RESULT: {}
COMMAND: POST /session/bd8f6f9489bd62a6508a75490a4bbe45/elements - {"using":"xpath","value":"//span[text()='Error']"}
RESULT: {"using":"xpath","value":"//span[text()='Error']"}
COMMAND: POST /session/bd8f6f9489bd62a6508a75490a4bbe45/element - {"using":"xpath","value":"//button[contains(@title ,\"Add New Contract\")]"}
RESULT: {"using":"xpath","value":"//button[contains(@title ,\"Add New Contract\")]"}
COMMAND: POST /session/bd8f6f9489bd62a6508a75490a4bbe45/element/f.5D36BF6E7175A89251765FD96C6D3113.d.239E85AC3FC3DA1AB85E6304ABB730E3.e.11583/click - {}
RESULT: {}
COMMAND: GET /session/bd8f6f9489bd62a6508a75490a4bbe45/screenshot - {}
RESULT: {}
COMMAND: POST /session/bd8f6f9489bd62a6508a75490a4bbe45/element - {"using":"xpath","value":"//input[contains(@id ,\"application-managequotations-display-component---AddNewContract--projectDescription-inner\")]"}
RESULT: {"using":"xpath","value":"//input[contains(@id ,\"application-managequotations-display-component---AddNewContract--projectDescription-inner\")]"}
COMMAND: POST /session/bd8f6f9489bd62a6508a75490a4bbe45/element/f.5D36BF6E7175A89251765FD96C6D3113.d.239E85AC3FC3DA1AB85E6304ABB730E3.e.11894/value - {"text":"WdIOQuotationkk1fk"}
RESULT: {"text":"WdIOQuotationkk1fk"}
COMMAND: GET /session/bd8f6f9489bd62a6508a75490a4bbe45/screenshot - {}
RESULT: {}
COMMAND: POST /session/bd8f6f9489bd62a6508a75490a4bbe45/element - {"using":"xpath","value":"//input[contains(@id ,\"application-managequotations-display-component---AddNewContract--yardId-inner\")]"}
RESULT: {"using":"xpath","value":"//input[contains(@id ,\"application-managequotations-display-component---AddNewContract--yardId-inner\")]"}
COMMAND: POST /session/bd8f6f9489bd62a6508a75490a4bbe45/element/f.5D36BF6E7175A89251765FD96C6D3113.d.239E85AC3FC3DA1AB85E6304ABB730E3.e.11897/value - {"text":"WebdriverYardziz0f"}
RESULT: {"text":"WebdriverYardziz0f"}
COMMAND: GET /session/bd8f6f9489bd62a6508a75490a4bbe45/screenshot - {}
RESULT: {}
COMMAND: POST /session/bd8f6f9489bd62a6508a75490a4bbe45/actions - {"actions":[{"id":"action92","type":"key","parameters":{},"actions":[{"type":"keyDown","value":"î€‡"},{"type":"pause","duration":10},{"type":"keyUp","value":"î€‡"}]}]}
RESULT: {"actions":[{"id":"action92","type":"key","parameters":{},"actions":[{"type":"keyDown","value":"î€‡"},{"type":"pause","duration":10},{"type":"keyUp","value":"î€‡"}]}]}
COMMAND: GET /session/bd8f6f9489bd62a6508a75490a4bbe45/screenshot - {}
RESULT: {}
COMMAND: POST /session/bd8f6f9489bd62a6508a75490a4bbe45/element - {"using":"xpath","value":"//input[contains(@id ,\"application-managequotations-display-component---AddNewContract--customerSelect-inner\")]"}
RESULT: {"using":"xpath","value":"//input[contains(@id ,\"application-managequotations-display-component---AddNewContract--customerSelect-inner\")]"}
COMMAND: POST /session/bd8f6f9489bd62a6508a75490a4bbe45/element/f.5D36BF6E7175A89251765FD96C6D3113.d.239E85AC3FC3DA1AB85E6304ABB730E3.e.11895/value - {"text":"WebdriverPartnerowd7l"}
RESULT: {"text":"WebdriverPartnerowd7l"}
COMMAND: GET /session/bd8f6f9489bd62a6508a75490a4bbe45/screenshot - {}
RESULT: {}
COMMAND: POST /session/bd8f6f9489bd62a6508a75490a4bbe45/actions - {"actions":[{"id":"action93","type":"key","parameters":{},"actions":[{"type":"keyDown","value":"î€‡"},{"type":"pause","duration":10},{"type":"keyUp","value":"î€‡"}]}]}
RESULT: {"actions":[{"id":"action93","type":"key","parameters":{},"actions":[{"type":"keyDown","value":"î€‡"},{"type":"pause","duration":10},{"type":"keyUp","value":"î€‡"}]}]}
COMMAND: GET /session/bd8f6f9489bd62a6508a75490a4bbe45/screenshot - {}
RESULT: {}
COMMAND: POST /session/bd8f6f9489bd62a6508a75490a4bbe45/element - {"using":"xpath","value":"//input[contains(@id ,\"application-managequotations-display-component---AddNewContract--site-inner\")]"}
RESULT: {"using":"xpath","value":"//input[contains(@id ,\"application-managequotations-display-component---AddNewContract--site-inner\")]"}
COMMAND: POST /session/bd8f6f9489bd62a6508a75490a4bbe45/element/f.5D36BF6E7175A89251765FD96C6D3113.d.239E85AC3FC3DA1AB85E6304ABB730E3.e.11896/value - {"text":"WebdriverSite89rs8"}
RESULT: {"text":"WebdriverSite89rs8"}
COMMAND: GET /session/bd8f6f9489bd62a6508a75490a4bbe45/screenshot - {}
RESULT: {}
COMMAND: POST /session/bd8f6f9489bd62a6508a75490a4bbe45/actions - {"actions":[{"id":"action94","type":"key","parameters":{},"actions":[{"type":"keyDown","value":"î€‡"},{"type":"pause","duration":10},{"type":"keyUp","value":"î€‡"}]}]}
RESULT: {"actions":[{"id":"action94","type":"key","parameters":{},"actions":[{"type":"keyDown","value":"î€‡"},{"type":"pause","duration":10},{"type":"keyUp","value":"î€‡"}]}]}
COMMAND: GET /session/bd8f6f9489bd62a6508a75490a4bbe45/screenshot - {}
RESULT: {}
COMMAND: POST /session/bd8f6f9489bd62a6508a75490a4bbe45/element - {"using":"xpath","value":"//bdi[contains(text(), \"Save\")]"}
RESULT: {"using":"xpath","value":"//bdi[contains(text(), \"Save\")]"}
COMMAND: POST /session/bd8f6f9489bd62a6508a75490a4bbe45/element/f.5D36BF6E7175A89251765FD96C6D3113.d.239E85AC3FC3DA1AB85E6304ABB730E3.e.11939/click - {}
RESULT: {}
COMMAND: GET /session/bd8f6f9489bd62a6508a75490a4bbe45/screenshot - {}
RESULT: {}
COMMAND: POST /session/bd8f6f9489bd62a6508a75490a4bbe45/element - {"using":"css selector","value":"#shell-header-logo"}
RESULT: {"using":"css selector","value":"#shell-header-logo"}
COMMAND: POST /session/bd8f6f9489bd62a6508a75490a4bbe45/element/f.5D36BF6E7175A89251765FD96C6D3113.d.239E85AC3FC3DA1AB85E6304ABB730E3.e.11556/click - {}
RESULT: {}
COMMAND: GET /session/bd8f6f9489bd62a6508a75490a4bbe45/screenshot - {}
RESULT: {}
COMMAND: POST /session/bd8f6f9489bd62a6508a75490a4bbe45/refresh - {}
RESULT: {}
COMMAND: GET /session/bd8f6f9489bd62a6508a75490a4bbe45/screenshot - {}
RESULT: {}
COMMAND: POST /session/bd8f6f9489bd62a6508a75490a4bbe45/execute/async - {"script":"<script> [189 bytes]","args":[]}
RESULT: {"script":"<script> [189 bytes]","args":[]}
COMMAND: POST /session/bd8f6f9489bd62a6508a75490a4bbe45/execute/async - {"script":"<script> [123 bytes]","args":[]}
RESULT: {"script":"<script> [123 bytes]","args":[]}
COMMAND: POST /session/bd8f6f9489bd62a6508a75490a4bbe45/timeouts - {"script":"<number>"}
RESULT: {"script":"<number>"}
COMMAND: GET /session/bd8f6f9489bd62a6508a75490a4bbe45/timeouts - {}
RESULT: {}
RESULT: undefined
COMMAND: POST /session/bd8f6f9489bd62a6508a75490a4bbe45/execute/async - {"script":"<script> [2676 bytes]","args":[]}
RESULT: {"script":"<script> [2676 bytes]","args":[]}
COMMAND: POST /session/bd8f6f9489bd62a6508a75490a4bbe45/execute/async - {"script":"<script> [2342 bytes]","args":[{"protocol":"http","hostname":"0.0.0.0","path":"/","capabilities":{"browserName":"chrome","goog:chromeOptions":{"binary":"C:\\Program Files\\Google\\Chrome\\Application\\chrome.exe","args":["--start-maximized"]}},"logLevel":"warn","connectionRetryTimeout":120000,"connectionRetryCount":3,"logLevels":{},"enableDirectConnect":true,"strictSSL":true,"_":"65 more keys: [\"cacheDir\",\"port\",\"requestedCapabilities\",\"automationProtocol\",\"baseUrl\",\"waitforInterval\",\"waitforTimeout\",\"onReload\",\"beforeCommand\",\"afterCommand\",\"rootDir\",\"specs\",\"suites\",\"exclude\",\"groupLogsByTestSpec\",\"excludeDriverLogs\",\"bail\",\"framework\",\"reporters\",\"services\",\"maxInstances\",\"maxInstancesPerCapability\",\"injectGlobals\",\"filesToWatch\",\"execArgv\",\"runnerEnv\",\"runner\",\"shard\",\"specFileRetries\",\"specFileRetriesDelay\",\"specFileRetriesDeferred\",\"reporterSyncInterval\",\"reporterSyncTimeout\",\"cucumberFeaturesWithLineNumbers\",\"autoCompileOpts\",\"mochaOpts\",\"jasmineOpts\",\"cucumberOpts\",\"onPrepare\",\"onWorkerStart\",\"onWorkerEnd\",\"before\",\"beforeSession\",\"beforeSuite\",\"beforeHook\",\"beforeTest\",\"afterTest\",\"afterHook\",\"afterSuite\",\"afterSession\",\"after\",\"onComplete\",\"beforeAssertion\",\"afterAssertion\",\"beforeFeature\",\"beforeScenario\",\"beforeStep\",\"afterStep\",\"afterScenario\",\"afterFeature\",\"_\",\"suite\",\"$0\",\"ignoredWorkerServices\",\"wdi5\"]"}]}
RESULT: {"script":"<script> [2342 bytes]","args":[{"protocol":"http","hostname":"0.0.0.0","path":"/","capabilities":{"browserName":"chrome","goog:chromeOptions":{"binary":"C:\\Program Files\\Google\\Chrome\\Application\\chrome.exe","args":["--start-maximized"]}},"logLevel":"warn","connectionRetryTimeout":120000,"connectionRetryCount":3,"logLevels":{},"enableDirectConnect":true,"strictSSL":true,"_":"65 more keys: [\"cacheDir\",\"port\",\"requestedCapabilities\",\"automationProtocol\",\"baseUrl\",\"waitforInterval\",\"waitforTimeout\",\"onReload\",\"beforeCommand\",\"afterCommand\",\"rootDir\",\"specs\",\"suites\",\"exclude\",\"groupLogsByTestSpec\",\"excludeDriverLogs\",\"bail\",\"framework\",\"reporters\",\"services\",\"maxInstances\",\"maxInstancesPerCapability\",\"injectGlobals\",\"filesToWatch\",\"execArgv\",\"runnerEnv\",\"runner\",\"shard\",\"specFileRetries\",\"specFileRetriesDelay\",\"specFileRetriesDeferred\",\"reporterSyncInterval\",\"reporterSyncTimeout\",\"cucumberFeaturesWithLineNumbers\",\"autoCompileOpts\",\"mochaOpts\",\"jasmineOpts\",\"cucumberOpts\",\"onPrepare\",\"onWorkerStart\",\"onWorkerEnd\",\"before\",\"beforeSession\",\"beforeSuite\",\"beforeHook\",\"beforeTest\",\"afterTest\",\"afterHook\",\"afterSuite\",\"afterSession\",\"after\",\"onComplete\",\"beforeAssertion\",\"afterAssertion\",\"beforeFeature\",\"beforeScenario\",\"beforeStep\",\"afterStep\",\"afterScenario\",\"afterFeature\",\"_\",\"suite\",\"$0\",\"ignoredWorkerServices\",\"wdi5\"]"}]}
COMMAND: POST /session/bd8f6f9489bd62a6508a75490a4bbe45/execute/async - {"script":"<script> [21126 bytes]","args":[35000]}
RESULT: {"script":"<script> [21126 bytes]","args":[35000]}
]]></system-out>
    </testcase>
    <testcase classname="chrome.136_0_7103_93.windows.Process_request_items_into_an_existing_quotation_US120163" name="Should create a new request with catalog items and plan it" time="245.795">
      <system-out><![CDATA[
COMMAND: POST /session/bd8f6f9489bd62a6508a75490a4bbe45/execute/async - {"script":"<script> [1562 bytes]","args":[{"selector":{"controlType":"sap.m.GenericTile","properties":{"header":"Manage Requests"}},"wdio_ui5_key":"sapm.GenericTile{\"header\":\"Manage Requests\"}"}]}
RESULT: {"script":"<script> [1562 bytes]","args":[{"selector":{"controlType":"sap.m.GenericTile","properties":{"header":"Manage Requests"}},"wdio_ui5_key":"sapm.GenericTile{\"header\":\"Manage Requests\"}"}]}
RESULT: undefined
COMMAND: POST /session/bd8f6f9489bd62a6508a75490a4bbe45/element - {"using":"xpath","value":"//*[@id=\"__tile47\"]"}
RESULT: {"using":"xpath","value":"//*[@id=\"__tile47\"]"}
COMMAND: POST /session/bd8f6f9489bd62a6508a75490a4bbe45/element/f.5D36BF6E7175A89251765FD96C6D3113.d.E1C3126E7D29E8750B15141DB4E1C88B.e.11978/click - {}
RESULT: {}
COMMAND: GET /session/bd8f6f9489bd62a6508a75490a4bbe45/screenshot - {}
RESULT: {}
COMMAND: POST /session/bd8f6f9489bd62a6508a75490a4bbe45/elements - {"using":"xpath","value":"//span[text()='Error']"}
RESULT: {"using":"xpath","value":"//span[text()='Error']"}
COMMAND: POST /session/bd8f6f9489bd62a6508a75490a4bbe45/element - {"using":"xpath","value":"(//span[contains(@class ,\"sapMObjStatusText\")])[1]"}
RESULT: {"using":"xpath","value":"(//span[contains(@class ,\"sapMObjStatusText\")])[1]"}
COMMAND: POST /session/bd8f6f9489bd62a6508a75490a4bbe45/execute/sync - {"script":"<script> [8489 bytes]","args":[{"element-6066-11e4-a52e-4f735466cecf":"f.5D36BF6E7175A89251765FD96C6D3113.d.E1C3126E7D29E8750B15141DB4E1C88B.e.12080","ELEMENT":"f.5D36BF6E7175A89251765FD96C6D3113.d.E1C3126E7D29E8750B15141DB4E1C88B.e.12080"}]}
RESULT: {"script":"<script> [8489 bytes]","args":[{"element-6066-11e4-a52e-4f735466cecf":"f.5D36BF6E7175A89251765FD96C6D3113.d.E1C3126E7D29E8750B15141DB4E1C88B.e.12080","ELEMENT":"f.5D36BF6E7175A89251765FD96C6D3113.d.E1C3126E7D29E8750B15141DB4E1C88B.e.12080"}]}
COMMAND: POST /session/bd8f6f9489bd62a6508a75490a4bbe45/element - {"using":"xpath","value":"//button[contains(@data-kt ,\"btnCreateNewOverflowToolbarButton\")]"}
COMMAND: GET /session/bd8f6f9489bd62a6508a75490a4bbe45/screenshot - {}
RESULT: {"using":"xpath","value":"//button[contains(@data-kt ,\"btnCreateNewOverflowToolbarButton\")]"}
COMMAND: POST /session/bd8f6f9489bd62a6508a75490a4bbe45/element/f.5D36BF6E7175A89251765FD96C6D3113.d.E1C3126E7D29E8750B15141DB4E1C88B.e.12035/click - {}
RESULT: {}
RESULT: {}
COMMAND: GET /session/bd8f6f9489bd62a6508a75490a4bbe45/screenshot - {}
RESULT: {}
COMMAND: POST /session/bd8f6f9489bd62a6508a75490a4bbe45/element - {"using":"xpath","value":"//input[contains(@id ,\"yardId-inner\")]"}
RESULT: {"using":"xpath","value":"//input[contains(@id ,\"yardId-inner\")]"}
COMMAND: POST /session/bd8f6f9489bd62a6508a75490a4bbe45/execute/sync - {"script":"<script> [8489 bytes]","args":[{"element-6066-11e4-a52e-4f735466cecf":"f.5D36BF6E7175A89251765FD96C6D3113.d.E1C3126E7D29E8750B15141DB4E1C88B.e.12164","ELEMENT":"f.5D36BF6E7175A89251765FD96C6D3113.d.E1C3126E7D29E8750B15141DB4E1C88B.e.12164"}]}
RESULT: {"script":"<script> [8489 bytes]","args":[{"element-6066-11e4-a52e-4f735466cecf":"f.5D36BF6E7175A89251765FD96C6D3113.d.E1C3126E7D29E8750B15141DB4E1C88B.e.12164","ELEMENT":"f.5D36BF6E7175A89251765FD96C6D3113.d.E1C3126E7D29E8750B15141DB4E1C88B.e.12164"}]}
COMMAND: POST /session/bd8f6f9489bd62a6508a75490a4bbe45/element - {"using":"xpath","value":"//input[contains(@id ,\"yardId-inner\")]"}
COMMAND: GET /session/bd8f6f9489bd62a6508a75490a4bbe45/screenshot - {}
RESULT: {"using":"xpath","value":"//input[contains(@id ,\"yardId-inner\")]"}
COMMAND: GET /session/bd8f6f9489bd62a6508a75490a4bbe45/element/f.5D36BF6E7175A89251765FD96C6D3113.d.E1C3126E7D29E8750B15141DB4E1C88B.e.12164/enabled - {}
RESULT: {}
RESULT: {}
COMMAND: POST /session/bd8f6f9489bd62a6508a75490a4bbe45/element/f.5D36BF6E7175A89251765FD96C6D3113.d.E1C3126E7D29E8750B15141DB4E1C88B.e.12164/clear - {}
COMMAND: GET /session/bd8f6f9489bd62a6508a75490a4bbe45/screenshot - {}
RESULT: {}
COMMAND: POST /session/bd8f6f9489bd62a6508a75490a4bbe45/element/f.5D36BF6E7175A89251765FD96C6D3113.d.E1C3126E7D29E8750B15141DB4E1C88B.e.12164/value - {"text":"WebdriverYardziz0f"}
COMMAND: GET /session/bd8f6f9489bd62a6508a75490a4bbe45/screenshot - {}
RESULT: {}
RESULT: {"text":"WebdriverYardziz0f"}
COMMAND: GET /session/bd8f6f9489bd62a6508a75490a4bbe45/screenshot - {}
RESULT: {}
RESULT: {}
COMMAND: POST /session/bd8f6f9489bd62a6508a75490a4bbe45/actions - {"actions":[{"id":"action95","type":"key","parameters":{},"actions":[{"type":"keyDown","value":"î€‡"},{"type":"pause","duration":10},{"type":"keyUp","value":"î€‡"}]}]}
RESULT: {"actions":[{"id":"action95","type":"key","parameters":{},"actions":[{"type":"keyDown","value":"î€‡"},{"type":"pause","duration":10},{"type":"keyUp","value":"î€‡"}]}]}
COMMAND: GET /session/bd8f6f9489bd62a6508a75490a4bbe45/screenshot - {}
RESULT: {}
COMMAND: POST /session/bd8f6f9489bd62a6508a75490a4bbe45/element - {"using":"xpath","value":"//input[contains(@id ,\"customerNumber-inner\")]"}
RESULT: {"using":"xpath","value":"//input[contains(@id ,\"customerNumber-inner\")]"}
COMMAND: POST /session/bd8f6f9489bd62a6508a75490a4bbe45/element/f.5D36BF6E7175A89251765FD96C6D3113.d.E1C3126E7D29E8750B15141DB4E1C88B.e.12160/value - {"text":"WebdriverPartnerowd7l"}
RESULT: {"text":"WebdriverPartnerowd7l"}
COMMAND: GET /session/bd8f6f9489bd62a6508a75490a4bbe45/screenshot - {}
RESULT: {}
COMMAND: POST /session/bd8f6f9489bd62a6508a75490a4bbe45/actions - {"actions":[{"id":"action96","type":"key","parameters":{},"actions":[{"type":"keyDown","value":"î€‡"},{"type":"pause","duration":10},{"type":"keyUp","value":"î€‡"}]}]}
RESULT: {"actions":[{"id":"action96","type":"key","parameters":{},"actions":[{"type":"keyDown","value":"î€‡"},{"type":"pause","duration":10},{"type":"keyUp","value":"î€‡"}]}]}
COMMAND: GET /session/bd8f6f9489bd62a6508a75490a4bbe45/screenshot - {}
RESULT: {}
COMMAND: GET /session/bd8f6f9489bd62a6508a75490a4bbe45/element/f.5D36BF6E7175A89251765FD96C6D3113.d.E1C3126E7D29E8750B15141DB4E1C88B.e.12160/property/value - {}
RESULT: {}
COMMAND: POST /session/bd8f6f9489bd62a6508a75490a4bbe45/element/f.5D36BF6E7175A89251765FD96C6D3113.d.E1C3126E7D29E8750B15141DB4E1C88B.e.12160/value - {"text":"WebdriverPartnerowd7l"}
COMMAND: GET /session/bd8f6f9489bd62a6508a75490a4bbe45/screenshot - {}
RESULT: {"text":"WebdriverPartnerowd7l"}
COMMAND: GET /session/bd8f6f9489bd62a6508a75490a4bbe45/screenshot - {}
RESULT: {}
RESULT: {}
COMMAND: POST /session/bd8f6f9489bd62a6508a75490a4bbe45/actions - {"actions":[{"id":"action97","type":"key","parameters":{},"actions":[{"type":"keyDown","value":"î€‡"},{"type":"pause","duration":10},{"type":"keyUp","value":"î€‡"}]}]}
RESULT: {"actions":[{"id":"action97","type":"key","parameters":{},"actions":[{"type":"keyDown","value":"î€‡"},{"type":"pause","duration":10},{"type":"keyUp","value":"î€‡"}]}]}
COMMAND: GET /session/bd8f6f9489bd62a6508a75490a4bbe45/screenshot - {}
RESULT: {}
COMMAND: POST /session/bd8f6f9489bd62a6508a75490a4bbe45/element - {"using":"xpath","value":"//input[contains(@id ,\"requestSiteId-inner\")]"}
RESULT: {"using":"xpath","value":"//input[contains(@id ,\"requestSiteId-inner\")]"}
COMMAND: POST /session/bd8f6f9489bd62a6508a75490a4bbe45/element/f.5D36BF6E7175A89251765FD96C6D3113.d.E1C3126E7D29E8750B15141DB4E1C88B.e.12159/value - {"text":"WebdriverSite89rs8"}
RESULT: {"text":"WebdriverSite89rs8"}
COMMAND: GET /session/bd8f6f9489bd62a6508a75490a4bbe45/screenshot - {}
RESULT: {}
COMMAND: POST /session/bd8f6f9489bd62a6508a75490a4bbe45/actions - {"actions":[{"id":"action98","type":"key","parameters":{},"actions":[{"type":"keyDown","value":"î€‡"},{"type":"pause","duration":10},{"type":"keyUp","value":"î€‡"}]}]}
RESULT: {"actions":[{"id":"action98","type":"key","parameters":{},"actions":[{"type":"keyDown","value":"î€‡"},{"type":"pause","duration":10},{"type":"keyUp","value":"î€‡"}]}]}
COMMAND: GET /session/bd8f6f9489bd62a6508a75490a4bbe45/screenshot - {}
RESULT: {}
COMMAND: POST /session/bd8f6f9489bd62a6508a75490a4bbe45/element - {"using":"xpath","value":"//button[contains(@data-kt ,\"requestItemAddOverflowToolbarButton\")]"}
RESULT: {"using":"xpath","value":"//button[contains(@data-kt ,\"requestItemAddOverflowToolbarButton\")]"}
COMMAND: POST /session/bd8f6f9489bd62a6508a75490a4bbe45/element/f.5D36BF6E7175A89251765FD96C6D3113.d.E1C3126E7D29E8750B15141DB4E1C88B.e.12364/click - {}
RESULT: {}
COMMAND: GET /session/bd8f6f9489bd62a6508a75490a4bbe45/screenshot - {}
RESULT: {}
COMMAND: POST /session/bd8f6f9489bd62a6508a75490a4bbe45/actions - {"actions":[{"id":"action99","type":"key","parameters":{},"actions":[{"type":"keyDown","value":"î€•"},{"type":"pause","duration":10},{"type":"keyUp","value":"î€•"}]}]}
RESULT: {"actions":[{"id":"action99","type":"key","parameters":{},"actions":[{"type":"keyDown","value":"î€•"},{"type":"pause","duration":10},{"type":"keyUp","value":"î€•"}]}]}
COMMAND: POST /session/bd8f6f9489bd62a6508a75490a4bbe45/actions - {"actions":[{"id":"action100","type":"key","parameters":{},"actions":[{"type":"keyDown","value":"î€‡"},{"type":"pause","duration":10},{"type":"keyUp","value":"î€‡"}]}]}
COMMAND: GET /session/bd8f6f9489bd62a6508a75490a4bbe45/screenshot - {}
RESULT: {"actions":[{"id":"action100","type":"key","parameters":{},"actions":[{"type":"keyDown","value":"î€‡"},{"type":"pause","duration":10},{"type":"keyUp","value":"î€‡"}]}]}
COMMAND: GET /session/bd8f6f9489bd62a6508a75490a4bbe45/screenshot - {}
RESULT: {}
RESULT: {}
COMMAND: POST /session/bd8f6f9489bd62a6508a75490a4bbe45/element - {"using":"xpath","value":"(//input[contains(@id ,\"requestItemsTable-0-inner\")])[1]"}
RESULT: {"using":"xpath","value":"(//input[contains(@id ,\"requestItemsTable-0-inner\")])[1]"}
COMMAND: POST /session/bd8f6f9489bd62a6508a75490a4bbe45/element/f.5D36BF6E7175A89251765FD96C6D3113.d.E1C3126E7D29E8750B15141DB4E1C88B.e.12368/clear - {}
RESULT: {}
COMMAND: POST /session/bd8f6f9489bd62a6508a75490a4bbe45/element/f.5D36BF6E7175A89251765FD96C6D3113.d.E1C3126E7D29E8750B15141DB4E1C88B.e.12368/value - {"text":"catalogItemihgqb"}
COMMAND: GET /session/bd8f6f9489bd62a6508a75490a4bbe45/screenshot - {}
RESULT: {"text":"catalogItemihgqb"}
COMMAND: GET /session/bd8f6f9489bd62a6508a75490a4bbe45/screenshot - {}
RESULT: {}
RESULT: {}
COMMAND: POST /session/bd8f6f9489bd62a6508a75490a4bbe45/actions - {"actions":[{"id":"action101","type":"key","parameters":{},"actions":[{"type":"keyDown","value":"î€‡"},{"type":"pause","duration":10},{"type":"keyUp","value":"î€‡"}]}]}
RESULT: {"actions":[{"id":"action101","type":"key","parameters":{},"actions":[{"type":"keyDown","value":"î€‡"},{"type":"pause","duration":10},{"type":"keyUp","value":"î€‡"}]}]}
COMMAND: GET /session/bd8f6f9489bd62a6508a75490a4bbe45/screenshot - {}
RESULT: {}
COMMAND: POST /session/bd8f6f9489bd62a6508a75490a4bbe45/execute/async - {"script":"<script> [1562 bytes]","args":[{"selector":{"controlType":"sap.ui.core.Icon","viewName":"etm.portal.ui.managerequests.view.NewRequest","properties":{"src":{"regex":{"source":"slim\\-arrow\\-down"}}},"ancestor":{"controlType":"sap.m.Button","viewName":"etm.portal.ui.managerequests.view.NewRequest","properties":{"icon":"sap-icon://slim-arrow-down"}}},"wdio_ui5_key":"etmportal.ui.managerequests.view.NewRequestsap.ui.core.Icon{\"src\":{\"regex\":{\"source\":\"slim\\\\-arrow\\\\-down\"}}}{\"controlType\":\"sap.m.Button\",\"viewName\":\"etm.portal.ui.managerequests.view.NewRequest\",\"properties\":{\"icon\":\"sap-icon://slim-arrow-down\"}}"}]}
RESULT: {"script":"<script> [1562 bytes]","args":[{"selector":{"controlType":"sap.ui.core.Icon","viewName":"etm.portal.ui.managerequests.view.NewRequest","properties":{"src":{"regex":{"source":"slim\\-arrow\\-down"}}},"ancestor":{"controlType":"sap.m.Button","viewName":"etm.portal.ui.managerequests.view.NewRequest","properties":{"icon":"sap-icon://slim-arrow-down"}}},"wdio_ui5_key":"etmportal.ui.managerequests.view.NewRequestsap.ui.core.Icon{\"src\":{\"regex\":{\"source\":\"slim\\\\-arrow\\\\-down\"}}}{\"controlType\":\"sap.m.Button\",\"viewName\":\"etm.portal.ui.managerequests.view.NewRequest\",\"properties\":{\"icon\":\"sap-icon://slim-arrow-down\"}}"}]}
RESULT: undefined
COMMAND: POST /session/bd8f6f9489bd62a6508a75490a4bbe45/element - {"using":"xpath","value":"//div[contains(@data-kt ,\"splitAllocationObjectStatus\")]"}
RESULT: {"using":"xpath","value":"//div[contains(@data-kt ,\"splitAllocationObjectStatus\")]"}
COMMAND: POST /session/bd8f6f9489bd62a6508a75490a4bbe45/elements - {"using":"xpath","value":"//div[contains(@data-kt ,\"splitAllocationObjectStatus\")]"}
RESULT: {"using":"xpath","value":"//div[contains(@data-kt ,\"splitAllocationObjectStatus\")]"}
COMMAND: POST /session/bd8f6f9489bd62a6508a75490a4bbe45/execute/async - {"script":"<script> [1562 bytes]","args":[{"selector":{"controlType":"sap.ui.core.Icon","viewName":"etm.portal.ui.managerequests.view.NewRequest","properties":{"src":{"regex":{"source":"message\\-error"}}}},"wdio_ui5_key":"etmportal.ui.managerequests.view.NewRequestsap.ui.core.Icon{\"src\":{\"regex\":{\"source\":\"message\\\\-error\"}}}"}]}
RESULT: {"script":"<script> [1562 bytes]","args":[{"selector":{"controlType":"sap.ui.core.Icon","viewName":"etm.portal.ui.managerequests.view.NewRequest","properties":{"src":{"regex":{"source":"message\\-error"}}}},"wdio_ui5_key":"etmportal.ui.managerequests.view.NewRequestsap.ui.core.Icon{\"src\":{\"regex\":{\"source\":\"message\\\\-error\"}}}"}]}
RESULT: undefined
COMMAND: POST /session/bd8f6f9489bd62a6508a75490a4bbe45/element - {"using":"xpath","value":"//*[@id=\"__status4-__xmlview59--requestItemsTable-0-icon\"]"}
RESULT: {"using":"xpath","value":"//*[@id=\"__status4-__xmlview59--requestItemsTable-0-icon\"]"}
COMMAND: POST /session/bd8f6f9489bd62a6508a75490a4bbe45/element/f.5D36BF6E7175A89251765FD96C6D3113.d.E1C3126E7D29E8750B15141DB4E1C88B.e.12383/click - {}
RESULT: {}
COMMAND: POST /session/bd8f6f9489bd62a6508a75490a4bbe45/execute/async - {"script":"<script> [1562 bytes]","args":[{"selector":{"controlType":"sap.ui.core.Icon","viewName":"etm.portal.ui.managerequests.view.NewRequest","properties":{"src":{"regex":{"source":"slim\\-arrow\\-down"}}},"searchOpenDialogs":true,"ancestor":{"id":"costObjectAdminTypeComboBox","viewName":"etm.portal.ui.managerequests.view.NewRequest","searchOpenDialogs":true}},"wdio_ui5_key":"etmportal.ui.managerequests.view.NewRequestsap.ui.core.Icon{\"src\":{\"regex\":{\"source\":\"slim\\\\-arrow\\\\-down\"}}}{\"id\":\"costObjectAdminTypeComboBox\",\"viewName\":\"etm.portal.ui.managerequests.view.NewRequest\",\"searchOpenDialogs\":true}"}]}
COMMAND: GET /session/bd8f6f9489bd62a6508a75490a4bbe45/screenshot - {}
RESULT: {"script":"<script> [1562 bytes]","args":[{"selector":{"controlType":"sap.ui.core.Icon","viewName":"etm.portal.ui.managerequests.view.NewRequest","properties":{"src":{"regex":{"source":"slim\\-arrow\\-down"}}},"searchOpenDialogs":true,"ancestor":{"id":"costObjectAdminTypeComboBox","viewName":"etm.portal.ui.managerequests.view.NewRequest","searchOpenDialogs":true}},"wdio_ui5_key":"etmportal.ui.managerequests.view.NewRequestsap.ui.core.Icon{\"src\":{\"regex\":{\"source\":\"slim\\\\-arrow\\\\-down\"}}}{\"id\":\"costObjectAdminTypeComboBox\",\"viewName\":\"etm.portal.ui.managerequests.view.NewRequest\",\"searchOpenDialogs\":true}"}]}
RESULT: undefined
COMMAND: POST /session/bd8f6f9489bd62a6508a75490a4bbe45/element - {"using":"xpath","value":"//*[@id=\"__xmlview59--costObjectAdminTypeComboBox-arrow\"]"}
RESULT: {}
RESULT: {"using":"xpath","value":"//*[@id=\"__xmlview59--costObjectAdminTypeComboBox-arrow\"]"}
COMMAND: POST /session/bd8f6f9489bd62a6508a75490a4bbe45/element/f.5D36BF6E7175A89251765FD96C6D3113.d.E1C3126E7D29E8750B15141DB4E1C88B.e.12388/click - {}
RESULT: {}
COMMAND: POST /session/bd8f6f9489bd62a6508a75490a4bbe45/execute/async - {"script":"<script> [1562 bytes]","args":[{"selector":{"controlType":"sap.m.StandardListItem","viewName":"etm.portal.ui.managerequests.view.NewRequest","properties":{"title":"Cost Center"},"searchOpenDialogs":true,"interaction":{"idSuffix":"titleText"}},"wdio_ui5_key":"etmportal.ui.managerequests.view.NewRequestsap.m.StandardListItem{\"title\":\"Cost Center\"}"}]}
COMMAND: GET /session/bd8f6f9489bd62a6508a75490a4bbe45/screenshot - {}
RESULT: {"script":"<script> [1562 bytes]","args":[{"selector":{"controlType":"sap.m.StandardListItem","viewName":"etm.portal.ui.managerequests.view.NewRequest","properties":{"title":"Cost Center"},"searchOpenDialogs":true,"interaction":{"idSuffix":"titleText"}},"wdio_ui5_key":"etmportal.ui.managerequests.view.NewRequestsap.m.StandardListItem{\"title\":\"Cost Center\"}"}]}
RESULT: undefined
COMMAND: POST /session/bd8f6f9489bd62a6508a75490a4bbe45/element - {"using":"xpath","value":"//*[@id=\"__item669\"]"}
RESULT: {}
RESULT: {"using":"xpath","value":"//*[@id=\"__item669\"]"}
COMMAND: POST /session/bd8f6f9489bd62a6508a75490a4bbe45/element/f.5D36BF6E7175A89251765FD96C6D3113.d.E1C3126E7D29E8750B15141DB4E1C88B.e.12391/click - {}
RESULT: {}
COMMAND: GET /session/bd8f6f9489bd62a6508a75490a4bbe45/screenshot - {}
RESULT: {}
COMMAND: POST /session/bd8f6f9489bd62a6508a75490a4bbe45/execute/async - {"script":"<script> [1562 bytes]","args":[{"selector":{"controlType":"sap.ui.core.Icon","viewName":"etm.portal.ui.managerequests.view.NewRequest","properties":{"src":{"regex":{"source":"value\\-help"}}},"searchOpenDialogs":true},"wdio_ui5_key":"etmportal.ui.managerequests.view.NewRequestsap.ui.core.Icon{\"src\":{\"regex\":{\"source\":\"value\\\\-help\"}}}"}]}
RESULT: {"script":"<script> [1562 bytes]","args":[{"selector":{"controlType":"sap.ui.core.Icon","viewName":"etm.portal.ui.managerequests.view.NewRequest","properties":{"src":{"regex":{"source":"value\\-help"}}},"searchOpenDialogs":true},"wdio_ui5_key":"etmportal.ui.managerequests.view.NewRequestsap.ui.core.Icon{\"src\":{\"regex\":{\"source\":\"value\\\\-help\"}}}"}]}
RESULT: undefined
COMMAND: POST /session/bd8f6f9489bd62a6508a75490a4bbe45/element - {"using":"xpath","value":"//*[@id=\"__xmlview59--costObjectIdComboBox-vhi\"]"}
RESULT: {"using":"xpath","value":"//*[@id=\"__xmlview59--costObjectIdComboBox-vhi\"]"}
COMMAND: POST /session/bd8f6f9489bd62a6508a75490a4bbe45/element/f.5D36BF6E7175A89251765FD96C6D3113.d.E1C3126E7D29E8750B15141DB4E1C88B.e.12398/click - {}
RESULT: {}
COMMAND: POST /session/bd8f6f9489bd62a6508a75490a4bbe45/execute/async - {"script":"<script> [1562 bytes]","args":[{"selector":{"controlType":"sap.m.SearchField","properties":{"placeholder":"Search"},"searchOpenDialogs":true,"interaction":{"idSuffix":"I"}},"wdio_ui5_key":"sapm.SearchField{\"placeholder\":\"Search\"}"}]}
COMMAND: GET /session/bd8f6f9489bd62a6508a75490a4bbe45/screenshot - {}
RESULT: {"script":"<script> [1562 bytes]","args":[{"selector":{"controlType":"sap.m.SearchField","properties":{"placeholder":"Search"},"searchOpenDialogs":true,"interaction":{"idSuffix":"I"}},"wdio_ui5_key":"sapm.SearchField{\"placeholder\":\"Search\"}"}]}
RESULT: undefined
COMMAND: POST /session/bd8f6f9489bd62a6508a75490a4bbe45/execute/async - {"script":"<script> [776 bytes]","args":[{"enterText":"10001010","selector":{"controlType":"sap.m.SearchField","properties":{"placeholder":"Search"},"searchOpenDialogs":true,"interaction":{"idSuffix":"I"}},"clearTextFirst":true,"interactionType":"ENTER_TEXT"}]}
RESULT: {}
RESULT: {"script":"<script> [776 bytes]","args":[{"enterText":"10001010","selector":{"controlType":"sap.m.SearchField","properties":{"placeholder":"Search"},"searchOpenDialogs":true,"interaction":{"idSuffix":"I"}},"clearTextFirst":true,"interactionType":"ENTER_TEXT"}]}
COMMAND: POST /session/bd8f6f9489bd62a6508a75490a4bbe45/actions - {"actions":[{"id":"action102","type":"key","parameters":{},"actions":[{"type":"keyDown","value":"î€‡"},{"type":"pause","duration":10},{"type":"keyUp","value":"î€‡"}]}]}
RESULT: {"actions":[{"id":"action102","type":"key","parameters":{},"actions":[{"type":"keyDown","value":"î€‡"},{"type":"pause","duration":10},{"type":"keyUp","value":"î€‡"}]}]}
COMMAND: GET /session/bd8f6f9489bd62a6508a75490a4bbe45/screenshot - {}
RESULT: {}
COMMAND: POST /session/bd8f6f9489bd62a6508a75490a4bbe45/execute/async - {"script":"<script> [1562 bytes]","args":[{"selector":{"controlType":"sap.m.Text","bindingPath":{"path":"/C_CostCtrValueHelp(CostCenter='10001010',ControllingArea='Z001')","propertyPath":"CostCenterName","modelName":"CostCenterModel"},"searchOpenDialogs":true},"wdio_ui5_key":"sapm.Text{\"path\":\"/C_CostCtrValueHelp(CostCenter='10001010',ControllingArea='Z001')\",\"propertyPath\":\"CostCenterName\",\"modelName\":\"CostCenterModel\"}"}]}
RESULT: {"script":"<script> [1562 bytes]","args":[{"selector":{"controlType":"sap.m.Text","bindingPath":{"path":"/C_CostCtrValueHelp(CostCenter='10001010',ControllingArea='Z001')","propertyPath":"CostCenterName","modelName":"CostCenterModel"},"searchOpenDialogs":true},"wdio_ui5_key":"sapm.Text{\"path\":\"/C_CostCtrValueHelp(CostCenter='10001010',ControllingArea='Z001')\",\"propertyPath\":\"CostCenterName\",\"modelName\":\"CostCenterModel\"}"}]}
RESULT: undefined
COMMAND: POST /session/bd8f6f9489bd62a6508a75490a4bbe45/element - {"using":"xpath","value":"//*[@id=\"__text287-__clone816\"]"}
RESULT: {"using":"xpath","value":"//*[@id=\"__text287-__clone816\"]"}
COMMAND: POST /session/bd8f6f9489bd62a6508a75490a4bbe45/element/f.5D36BF6E7175A89251765FD96C6D3113.d.E1C3126E7D29E8750B15141DB4E1C88B.e.12437/click - {}
RESULT: {}
COMMAND: POST /session/bd8f6f9489bd62a6508a75490a4bbe45/execute/async - {"script":"<script> [1562 bytes]","args":[{"selector":{"controlType":"sap.m.Button","properties":{"text":"OK"},"searchOpenDialogs":true,"interaction":{"idSuffix":"BDI-content"}},"wdio_ui5_key":"sapm.Button{\"text\":\"OK\"}"}]}
COMMAND: GET /session/bd8f6f9489bd62a6508a75490a4bbe45/screenshot - {}
RESULT: {"script":"<script> [1562 bytes]","args":[{"selector":{"controlType":"sap.m.Button","properties":{"text":"OK"},"searchOpenDialogs":true,"interaction":{"idSuffix":"BDI-content"}},"wdio_ui5_key":"sapm.Button{\"text\":\"OK\"}"}]}
RESULT: undefined
COMMAND: POST /session/bd8f6f9489bd62a6508a75490a4bbe45/element - {"using":"xpath","value":"//*[@id=\"__dialog1-ok\"]"}
RESULT: {}
RESULT: {"using":"xpath","value":"//*[@id=\"__dialog1-ok\"]"}
COMMAND: POST /session/bd8f6f9489bd62a6508a75490a4bbe45/element/f.5D36BF6E7175A89251765FD96C6D3113.d.E1C3126E7D29E8750B15141DB4E1C88B.e.12439/click - {}
RESULT: {}
COMMAND: GET /session/bd8f6f9489bd62a6508a75490a4bbe45/screenshot - {}
RESULT: {}
COMMAND: POST /session/bd8f6f9489bd62a6508a75490a4bbe45/execute/async - {"script":"<script> [1562 bytes]","args":[{"selector":{"controlType":"sap.m.Button","viewName":"etm.portal.ui.managerequests.view.NewRequest","i18NText":{"propertyName":"text","key":"save"},"searchOpenDialogs":true,"interaction":{"idSuffix":"BDI-content"}},"wdio_ui5_key":"etmportal.ui.managerequests.view.NewRequestsap.m.Button{\"propertyName\":\"text\",\"key\":\"save\"}"}]}
RESULT: {"script":"<script> [1562 bytes]","args":[{"selector":{"controlType":"sap.m.Button","viewName":"etm.portal.ui.managerequests.view.NewRequest","i18NText":{"propertyName":"text","key":"save"},"searchOpenDialogs":true,"interaction":{"idSuffix":"BDI-content"}},"wdio_ui5_key":"etmportal.ui.managerequests.view.NewRequestsap.m.Button{\"propertyName\":\"text\",\"key\":\"save\"}"}]}
RESULT: undefined
COMMAND: POST /session/bd8f6f9489bd62a6508a75490a4bbe45/element - {"using":"xpath","value":"//*[@id=\"__button22\"]"}
RESULT: {"using":"xpath","value":"//*[@id=\"__button22\"]"}
COMMAND: POST /session/bd8f6f9489bd62a6508a75490a4bbe45/element/f.5D36BF6E7175A89251765FD96C6D3113.d.E1C3126E7D29E8750B15141DB4E1C88B.e.12443/click - {}
RESULT: {}
COMMAND: GET /session/bd8f6f9489bd62a6508a75490a4bbe45/screenshot - {}
RESULT: {}
COMMAND: POST /session/bd8f6f9489bd62a6508a75490a4bbe45/element - {"using":"xpath","value":"(//bdi[contains(text() ,\"Save\")])[1]"}
RESULT: {"using":"xpath","value":"(//bdi[contains(text() ,\"Save\")])[1]"}
COMMAND: POST /session/bd8f6f9489bd62a6508a75490a4bbe45/element/f.5D36BF6E7175A89251765FD96C6D3113.d.E1C3126E7D29E8750B15141DB4E1C88B.e.12445/click - {}
RESULT: {}
COMMAND: GET /session/bd8f6f9489bd62a6508a75490a4bbe45/screenshot - {}
RESULT: {}
COMMAND: POST /session/bd8f6f9489bd62a6508a75490a4bbe45/execute/async - {"script":"<script> [1562 bytes]","args":[{"selector":{"controlType":"sap.m.Title","properties":{"text":"Success"},"searchOpenDialogs":true},"wdio_ui5_key":"sapm.Title{\"text\":\"Success\"}"}]}
RESULT: {"script":"<script> [1562 bytes]","args":[{"selector":{"controlType":"sap.m.Title","properties":{"text":"Success"},"searchOpenDialogs":true},"wdio_ui5_key":"sapm.Title{\"text\":\"Success\"}"}]}
RESULT: undefined
COMMAND: POST /session/bd8f6f9489bd62a6508a75490a4bbe45/execute/async - {"script":"<script> [6424 bytes]","args":[{"element-6066-11e4-a52e-4f735466cecf":"f.5D36BF6E7175A89251765FD96C6D3113.d.E1C3126E7D29E8750B15141DB4E1C88B.e.12448"},"getText",[]]}
RESULT: {"script":"<script> [6424 bytes]","args":[{"element-6066-11e4-a52e-4f735466cecf":"f.5D36BF6E7175A89251765FD96C6D3113.d.E1C3126E7D29E8750B15141DB4E1C88B.e.12448"},"getText",[]]}
COMMAND: POST /session/bd8f6f9489bd62a6508a75490a4bbe45/execute/async - {"script":"<script> [1562 bytes]","args":[{"selector":{"controlType":"sap.m.Button","properties":{"text":"Close"},"searchOpenDialogs":true,"interaction":{"idSuffix":"BDI-content"}},"wdio_ui5_key":"sapm.Button{\"text\":\"Close\"}"}]}
RESULT: {"script":"<script> [1562 bytes]","args":[{"selector":{"controlType":"sap.m.Button","properties":{"text":"Close"},"searchOpenDialogs":true,"interaction":{"idSuffix":"BDI-content"}},"wdio_ui5_key":"sapm.Button{\"text\":\"Close\"}"}]}
RESULT: undefined
COMMAND: POST /session/bd8f6f9489bd62a6508a75490a4bbe45/element - {"using":"xpath","value":"//*[@id=\"__mbox-btn-0\"]"}
RESULT: {"using":"xpath","value":"//*[@id=\"__mbox-btn-0\"]"}
COMMAND: POST /session/bd8f6f9489bd62a6508a75490a4bbe45/element/f.5D36BF6E7175A89251765FD96C6D3113.d.E1C3126E7D29E8750B15141DB4E1C88B.e.12446/click - {}
RESULT: {}
COMMAND: GET /session/bd8f6f9489bd62a6508a75490a4bbe45/screenshot - {}
RESULT: {}
COMMAND: POST /session/bd8f6f9489bd62a6508a75490a4bbe45/execute/async - {"script":"<script> [1562 bytes]","args":[{"selector":{"controlType":"sap.m.Text","viewName":"etm.portal.ui.managerequests.view.Detail","bindingPath":{"propertyPath":"NO","modelName":"catalogModel"}},"wdio_ui5_key":"etmportal.ui.managerequests.view.Detailsap.m.Text{\"propertyPath\":\"NO\",\"modelName\":\"catalogModel\"}"}]}
RESULT: {"script":"<script> [1562 bytes]","args":[{"selector":{"controlType":"sap.m.Text","viewName":"etm.portal.ui.managerequests.view.Detail","bindingPath":{"propertyPath":"NO","modelName":"catalogModel"}},"wdio_ui5_key":"etmportal.ui.managerequests.view.Detailsap.m.Text{\"propertyPath\":\"NO\",\"modelName\":\"catalogModel\"}"}]}
RESULT: undefined
COMMAND: POST /session/bd8f6f9489bd62a6508a75490a4bbe45/execute/async - {"script":"<script> [6424 bytes]","args":[{"element-6066-11e4-a52e-4f735466cecf":"f.5D36BF6E7175A89251765FD96C6D3113.d.E1C3126E7D29E8750B15141DB4E1C88B.e.12576"},"getText",[]]}
RESULT: {"script":"<script> [6424 bytes]","args":[{"element-6066-11e4-a52e-4f735466cecf":"f.5D36BF6E7175A89251765FD96C6D3113.d.E1C3126E7D29E8750B15141DB4E1C88B.e.12576"},"getText",[]]}
COMMAND: POST /session/bd8f6f9489bd62a6508a75490a4bbe45/execute/async - {"script":"<script> [1562 bytes]","args":[{"selector":{"controlType":"sap.ui.core.Icon","viewName":"etm.portal.ui.managerequests.view.Detail","properties":{"src":{"regex":{"source":"date\\-time"}}},"ancestor":{"controlType":"sap.m.ColumnListItem","viewName":"etm.portal.ui.managerequests.view.Detail","bindingPath":{"path":"/SmartRequestItemsPlanningBoard(ITEM=10m,REQUEST='20145')"},"ancestor":{"id":"requestItemsTable","viewName":"etm.portal.ui.managerequests.view.Detail"}}},"wdio_ui5_key":"etmportal.ui.managerequests.view.Detailsap.ui.core.Icon{\"src\":{\"regex\":{\"source\":\"date\\\\-time\"}}}{\"controlType\":\"sap.m.ColumnListItem\",\"viewName\":\"etm.portal.ui.managerequests.view.Detail\",\"bindingPath\":{\"path\":\"/SmartRequestItemsPlanningBoard(ITEM=10m,REQUEST='20145')\"},\"ancestor\":{\"id\":\"requestItemsTable\",\"viewName\":\"etm.portal.ui.managerequests.view.Detail\"}}"}]}
RESULT: {"script":"<script> [1562 bytes]","args":[{"selector":{"controlType":"sap.ui.core.Icon","viewName":"etm.portal.ui.managerequests.view.Detail","properties":{"src":{"regex":{"source":"date\\-time"}}},"ancestor":{"controlType":"sap.m.ColumnListItem","viewName":"etm.portal.ui.managerequests.view.Detail","bindingPath":{"path":"/SmartRequestItemsPlanningBoard(ITEM=10m,REQUEST='20145')"},"ancestor":{"id":"requestItemsTable","viewName":"etm.portal.ui.managerequests.view.Detail"}}},"wdio_ui5_key":"etmportal.ui.managerequests.view.Detailsap.ui.core.Icon{\"src\":{\"regex\":{\"source\":\"date\\\\-time\"}}}{\"controlType\":\"sap.m.ColumnListItem\",\"viewName\":\"etm.portal.ui.managerequests.view.Detail\",\"bindingPath\":{\"path\":\"/SmartRequestItemsPlanningBoard(ITEM=10m,REQUEST='20145')\"},\"ancestor\":{\"id\":\"requestItemsTable\",\"viewName\":\"etm.portal.ui.managerequests.view.Detail\"}}"}]}
RESULT: undefined
COMMAND: POST /session/bd8f6f9489bd62a6508a75490a4bbe45/element - {"using":"xpath","value":"//*[@id=\"__button37-__clone855-img\"]"}
RESULT: {"using":"xpath","value":"//*[@id=\"__button37-__clone855-img\"]"}
COMMAND: POST /session/bd8f6f9489bd62a6508a75490a4bbe45/element/f.5D36BF6E7175A89251765FD96C6D3113.d.E1C3126E7D29E8750B15141DB4E1C88B.e.12577/click - {}
RESULT: {}
COMMAND: POST /session/bd8f6f9489bd62a6508a75490a4bbe45/execute/async - {"script":"<script> [1562 bytes]","args":[{"selector":{"controlType":"sap.m.Button","viewName":"etm.portal.ui.managerequests.view.Detail","properties":{"text":"Close"},"searchOpenDialogs":true,"interaction":{"idSuffix":"BDI-content"}},"wdio_ui5_key":"etmportal.ui.managerequests.view.Detailsap.m.Button{\"text\":\"Close\"}"}]}
COMMAND: GET /session/bd8f6f9489bd62a6508a75490a4bbe45/screenshot - {}
RESULT: {"script":"<script> [1562 bytes]","args":[{"selector":{"controlType":"sap.m.Button","viewName":"etm.portal.ui.managerequests.view.Detail","properties":{"text":"Close"},"searchOpenDialogs":true,"interaction":{"idSuffix":"BDI-content"}},"wdio_ui5_key":"etmportal.ui.managerequests.view.Detailsap.m.Button{\"text\":\"Close\"}"}]}
RESULT: undefined
COMMAND: POST /session/bd8f6f9489bd62a6508a75490a4bbe45/element - {"using":"xpath","value":"//*[@id=\"__button45\"]"}
RESULT: {}
RESULT: {"using":"xpath","value":"//*[@id=\"__button45\"]"}
COMMAND: POST /session/bd8f6f9489bd62a6508a75490a4bbe45/element/f.5D36BF6E7175A89251765FD96C6D3113.d.E1C3126E7D29E8750B15141DB4E1C88B.e.12580/click - {}
RESULT: {}
COMMAND: GET /session/bd8f6f9489bd62a6508a75490a4bbe45/screenshot - {}
RESULT: {}
COMMAND: POST /session/bd8f6f9489bd62a6508a75490a4bbe45/refresh - {}
RESULT: {}
COMMAND: GET /session/bd8f6f9489bd62a6508a75490a4bbe45/screenshot - {}
RESULT: {}
COMMAND: POST /session/bd8f6f9489bd62a6508a75490a4bbe45/execute/async - {"script":"<script> [189 bytes]","args":[]}
RESULT: {"script":"<script> [189 bytes]","args":[]}
COMMAND: POST /session/bd8f6f9489bd62a6508a75490a4bbe45/execute/async - {"script":"<script> [123 bytes]","args":[]}
RESULT: {"script":"<script> [123 bytes]","args":[]}
COMMAND: POST /session/bd8f6f9489bd62a6508a75490a4bbe45/timeouts - {"script":"<number>"}
RESULT: {"script":"<number>"}
COMMAND: GET /session/bd8f6f9489bd62a6508a75490a4bbe45/timeouts - {}
RESULT: {}
RESULT: undefined
COMMAND: POST /session/bd8f6f9489bd62a6508a75490a4bbe45/execute/async - {"script":"<script> [2676 bytes]","args":[]}
RESULT: {"script":"<script> [2676 bytes]","args":[]}
COMMAND: POST /session/bd8f6f9489bd62a6508a75490a4bbe45/execute/async - {"script":"<script> [2342 bytes]","args":[{"protocol":"http","hostname":"0.0.0.0","path":"/","capabilities":{"browserName":"chrome","goog:chromeOptions":{"binary":"C:\\Program Files\\Google\\Chrome\\Application\\chrome.exe","args":["--start-maximized"]}},"logLevel":"warn","connectionRetryTimeout":120000,"connectionRetryCount":3,"logLevels":{},"enableDirectConnect":true,"strictSSL":true,"_":"65 more keys: [\"cacheDir\",\"port\",\"requestedCapabilities\",\"automationProtocol\",\"baseUrl\",\"waitforInterval\",\"waitforTimeout\",\"onReload\",\"beforeCommand\",\"afterCommand\",\"rootDir\",\"specs\",\"suites\",\"exclude\",\"groupLogsByTestSpec\",\"excludeDriverLogs\",\"bail\",\"framework\",\"reporters\",\"services\",\"maxInstances\",\"maxInstancesPerCapability\",\"injectGlobals\",\"filesToWatch\",\"execArgv\",\"runnerEnv\",\"runner\",\"shard\",\"specFileRetries\",\"specFileRetriesDelay\",\"specFileRetriesDeferred\",\"reporterSyncInterval\",\"reporterSyncTimeout\",\"cucumberFeaturesWithLineNumbers\",\"autoCompileOpts\",\"mochaOpts\",\"jasmineOpts\",\"cucumberOpts\",\"onPrepare\",\"onWorkerStart\",\"onWorkerEnd\",\"before\",\"beforeSession\",\"beforeSuite\",\"beforeHook\",\"beforeTest\",\"afterTest\",\"afterHook\",\"afterSuite\",\"afterSession\",\"after\",\"onComplete\",\"beforeAssertion\",\"afterAssertion\",\"beforeFeature\",\"beforeScenario\",\"beforeStep\",\"afterStep\",\"afterScenario\",\"afterFeature\",\"_\",\"suite\",\"$0\",\"ignoredWorkerServices\",\"wdi5\"]"}]}
RESULT: {"script":"<script> [2342 bytes]","args":[{"protocol":"http","hostname":"0.0.0.0","path":"/","capabilities":{"browserName":"chrome","goog:chromeOptions":{"binary":"C:\\Program Files\\Google\\Chrome\\Application\\chrome.exe","args":["--start-maximized"]}},"logLevel":"warn","connectionRetryTimeout":120000,"connectionRetryCount":3,"logLevels":{},"enableDirectConnect":true,"strictSSL":true,"_":"65 more keys: [\"cacheDir\",\"port\",\"requestedCapabilities\",\"automationProtocol\",\"baseUrl\",\"waitforInterval\",\"waitforTimeout\",\"onReload\",\"beforeCommand\",\"afterCommand\",\"rootDir\",\"specs\",\"suites\",\"exclude\",\"groupLogsByTestSpec\",\"excludeDriverLogs\",\"bail\",\"framework\",\"reporters\",\"services\",\"maxInstances\",\"maxInstancesPerCapability\",\"injectGlobals\",\"filesToWatch\",\"execArgv\",\"runnerEnv\",\"runner\",\"shard\",\"specFileRetries\",\"specFileRetriesDelay\",\"specFileRetriesDeferred\",\"reporterSyncInterval\",\"reporterSyncTimeout\",\"cucumberFeaturesWithLineNumbers\",\"autoCompileOpts\",\"mochaOpts\",\"jasmineOpts\",\"cucumberOpts\",\"onPrepare\",\"onWorkerStart\",\"onWorkerEnd\",\"before\",\"beforeSession\",\"beforeSuite\",\"beforeHook\",\"beforeTest\",\"afterTest\",\"afterHook\",\"afterSuite\",\"afterSession\",\"after\",\"onComplete\",\"beforeAssertion\",\"afterAssertion\",\"beforeFeature\",\"beforeScenario\",\"beforeStep\",\"afterStep\",\"afterScenario\",\"afterFeature\",\"_\",\"suite\",\"$0\",\"ignoredWorkerServices\",\"wdi5\"]"}]}
COMMAND: POST /session/bd8f6f9489bd62a6508a75490a4bbe45/execute/async - {"script":"<script> [21126 bytes]","args":[35000]}
RESULT: {"script":"<script> [21126 bytes]","args":[35000]}
]]></system-out>
    </testcase>
    <testcase classname="chrome.136_0_7103_93.windows.Process_request_items_into_an_existing_quotation_US120163" name="Should process the request into an existing quotation" time="77.786">
      <system-out><![CDATA[
COMMAND: GET /session/bd8f6f9489bd62a6508a75490a4bbe45/window - {}
RESULT: {}
COMMAND: POST /session/bd8f6f9489bd62a6508a75490a4bbe45/element - {"using":"xpath","value":"//span[contains(@id ,\"detailHeaderTitle-_actionsToolbar-overflowButton-img\")]"}
RESULT: {"using":"xpath","value":"//span[contains(@id ,\"detailHeaderTitle-_actionsToolbar-overflowButton-img\")]"}
COMMAND: POST /session/bd8f6f9489bd62a6508a75490a4bbe45/element/f.5D36BF6E7175A89251765FD96C6D3113.d.3E933EFEA309B4CB02B9AF91B2388936.e.12804/click - {}
RESULT: {}
COMMAND: GET /session/bd8f6f9489bd62a6508a75490a4bbe45/screenshot - {}
RESULT: {}
COMMAND: POST /session/bd8f6f9489bd62a6508a75490a4bbe45/element - {"using":"xpath","value":"//span[contains(@id ,\"actionsMenuButton-internalSplitBtn-arrowButton-img\")]"}
RESULT: {"using":"xpath","value":"//span[contains(@id ,\"actionsMenuButton-internalSplitBtn-arrowButton-img\")]"}
COMMAND: POST /session/bd8f6f9489bd62a6508a75490a4bbe45/element/f.5D36BF6E7175A89251765FD96C6D3113.d.3E933EFEA309B4CB02B9AF91B2388936.e.12808/click - {}
RESULT: {}
COMMAND: GET /session/bd8f6f9489bd62a6508a75490a4bbe45/screenshot - {}
RESULT: {}
COMMAND: POST /session/bd8f6f9489bd62a6508a75490a4bbe45/actions - {"actions":[{"id":"action103","type":"key","parameters":{},"actions":[{"type":"keyDown","value":"î€•"},{"type":"pause","duration":10},{"type":"keyUp","value":"î€•"}]}]}
RESULT: {"actions":[{"id":"action103","type":"key","parameters":{},"actions":[{"type":"keyDown","value":"î€•"},{"type":"pause","duration":10},{"type":"keyUp","value":"î€•"}]}]}
COMMAND: GET /session/bd8f6f9489bd62a6508a75490a4bbe45/screenshot - {}
RESULT: {}
COMMAND: POST /session/bd8f6f9489bd62a6508a75490a4bbe45/actions - {"actions":[{"id":"action104","type":"key","parameters":{},"actions":[{"type":"keyDown","value":"î€‡"},{"type":"pause","duration":10},{"type":"keyUp","value":"î€‡"}]}]}
RESULT: {"actions":[{"id":"action104","type":"key","parameters":{},"actions":[{"type":"keyDown","value":"î€‡"},{"type":"pause","duration":10},{"type":"keyUp","value":"î€‡"}]}]}
COMMAND: GET /session/bd8f6f9489bd62a6508a75490a4bbe45/screenshot - {}
RESULT: {}
COMMAND: POST /session/bd8f6f9489bd62a6508a75490a4bbe45/actions - {"actions":[{"id":"action105","type":"key","parameters":{},"actions":[{"type":"keyDown","value":"î€•"},{"type":"pause","duration":10},{"type":"keyUp","value":"î€•"}]}]}
RESULT: {"actions":[{"id":"action105","type":"key","parameters":{},"actions":[{"type":"keyDown","value":"î€•"},{"type":"pause","duration":10},{"type":"keyUp","value":"î€•"}]}]}
COMMAND: GET /session/bd8f6f9489bd62a6508a75490a4bbe45/screenshot - {}
RESULT: {}
COMMAND: POST /session/bd8f6f9489bd62a6508a75490a4bbe45/actions - {"actions":[{"id":"action106","type":"key","parameters":{},"actions":[{"type":"keyDown","value":"î€‡"},{"type":"pause","duration":10},{"type":"keyUp","value":"î€‡"}]}]}
RESULT: {"actions":[{"id":"action106","type":"key","parameters":{},"actions":[{"type":"keyDown","value":"î€‡"},{"type":"pause","duration":10},{"type":"keyUp","value":"î€‡"}]}]}
COMMAND: GET /session/bd8f6f9489bd62a6508a75490a4bbe45/screenshot - {}
RESULT: {}
COMMAND: POST /session/bd8f6f9489bd62a6508a75490a4bbe45/element - {"using":"xpath","value":"//input[contains(@id ,\"quotationsSearchField-I\")]"}
RESULT: {"using":"xpath","value":"//input[contains(@id ,\"quotationsSearchField-I\")]"}
COMMAND: POST /session/bd8f6f9489bd62a6508a75490a4bbe45/element/f.5D36BF6E7175A89251765FD96C6D3113.d.3E933EFEA309B4CB02B9AF91B2388936.e.12813/clear - {}
RESULT: {}
COMMAND: POST /session/bd8f6f9489bd62a6508a75490a4bbe45/element/f.5D36BF6E7175A89251765FD96C6D3113.d.3E933EFEA309B4CB02B9AF91B2388936.e.12813/value - {"text":"WdIOQuotationkk1fk"}
COMMAND: GET /session/bd8f6f9489bd62a6508a75490a4bbe45/screenshot - {}
RESULT: {"text":"WdIOQuotationkk1fk"}
COMMAND: GET /session/bd8f6f9489bd62a6508a75490a4bbe45/screenshot - {}
RESULT: {}
RESULT: {}
COMMAND: POST /session/bd8f6f9489bd62a6508a75490a4bbe45/actions - {"actions":[{"id":"action107","type":"key","parameters":{},"actions":[{"type":"keyDown","value":"î€‡"},{"type":"pause","duration":10},{"type":"keyUp","value":"î€‡"}]}]}
RESULT: {"actions":[{"id":"action107","type":"key","parameters":{},"actions":[{"type":"keyDown","value":"î€‡"},{"type":"pause","duration":10},{"type":"keyUp","value":"î€‡"}]}]}
COMMAND: GET /session/bd8f6f9489bd62a6508a75490a4bbe45/screenshot - {}
RESULT: {}
COMMAND: POST /session/bd8f6f9489bd62a6508a75490a4bbe45/element - {"using":"xpath","value":"//div[contains(@id ,\"selectSingle\")]"}
RESULT: {"using":"xpath","value":"//div[contains(@id ,\"selectSingle\")]"}
COMMAND: POST /session/bd8f6f9489bd62a6508a75490a4bbe45/element/f.5D36BF6E7175A89251765FD96C6D3113.d.3E933EFEA309B4CB02B9AF91B2388936.e.12823/click - {}
RESULT: {}
COMMAND: GET /session/bd8f6f9489bd62a6508a75490a4bbe45/screenshot - {}
RESULT: {}
COMMAND: POST /session/bd8f6f9489bd62a6508a75490a4bbe45/element - {"using":"xpath","value":"//bdi[contains(text() ,\"Selection Done\")]"}
RESULT: {"using":"xpath","value":"//bdi[contains(text() ,\"Selection Done\")]"}
COMMAND: POST /session/bd8f6f9489bd62a6508a75490a4bbe45/element/f.5D36BF6E7175A89251765FD96C6D3113.d.3E933EFEA309B4CB02B9AF91B2388936.e.12824/click - {}
RESULT: {}
COMMAND: GET /session/bd8f6f9489bd62a6508a75490a4bbe45/screenshot - {}
RESULT: {}
COMMAND: POST /session/bd8f6f9489bd62a6508a75490a4bbe45/actions - {"actions":[{"id":"action108","type":"key","parameters":{},"actions":[{"type":"keyDown","value":"î€‡"},{"type":"pause","duration":10},{"type":"keyUp","value":"î€‡"}]}]}
RESULT: {"actions":[{"id":"action108","type":"key","parameters":{},"actions":[{"type":"keyDown","value":"î€‡"},{"type":"pause","duration":10},{"type":"keyUp","value":"î€‡"}]}]}
COMMAND: GET /session/bd8f6f9489bd62a6508a75490a4bbe45/screenshot - {}
RESULT: {}
COMMAND: POST /session/bd8f6f9489bd62a6508a75490a4bbe45/actions - {"actions":[{"id":"action109","type":"key","parameters":{},"actions":[{"type":"keyDown","value":"î€‡"},{"type":"pause","duration":10},{"type":"keyUp","value":"î€‡"}]}]}
RESULT: {"actions":[{"id":"action109","type":"key","parameters":{},"actions":[{"type":"keyDown","value":"î€‡"},{"type":"pause","duration":10},{"type":"keyUp","value":"î€‡"}]}]}
COMMAND: GET /session/bd8f6f9489bd62a6508a75490a4bbe45/screenshot - {}
RESULT: {}
COMMAND: GET /session/bd8f6f9489bd62a6508a75490a4bbe45/window/handles - {}
RESULT: {}
COMMAND: GET /session/bd8f6f9489bd62a6508a75490a4bbe45/window/handles - {}
RESULT: {}
COMMAND: POST /session/bd8f6f9489bd62a6508a75490a4bbe45/window - {"handle":"E6E02170FA995612006FC567CFBF1206"}
RESULT: {"handle":"E6E02170FA995612006FC567CFBF1206"}
COMMAND: GET /session/bd8f6f9489bd62a6508a75490a4bbe45/url - {}
RESULT: {}
COMMAND: GET /session/bd8f6f9489bd62a6508a75490a4bbe45/screenshot - {}
RESULT: {}
COMMAND: POST /session/bd8f6f9489bd62a6508a75490a4bbe45/element - {"using":"xpath","value":"//span[contains(text(), \"Header Billing Items\")]"}
RESULT: {"using":"xpath","value":"//span[contains(text(), \"Header Billing Items\")]"}
COMMAND: POST /session/bd8f6f9489bd62a6508a75490a4bbe45/element/f.E6E02170FA995612006FC567CFBF1206.d.6CA5156EEFA5EFCF845F884CA206EE76.e.13041/click - {}
RESULT: {}
COMMAND: GET /session/bd8f6f9489bd62a6508a75490a4bbe45/screenshot - {}
RESULT: {}
COMMAND: POST /session/bd8f6f9489bd62a6508a75490a4bbe45/element - {"using":"xpath","value":"//span[contains(@id ,\"contractItemsSmartTable-header-inner\")]"}
RESULT: {"using":"xpath","value":"//span[contains(@id ,\"contractItemsSmartTable-header-inner\")]"}
COMMAND: GET /session/bd8f6f9489bd62a6508a75490a4bbe45/element/f.E6E02170FA995612006FC567CFBF1206.d.6CA5156EEFA5EFCF845F884CA206EE76.e.13043/text - {}
RESULT: {}
COMMAND: POST /session/bd8f6f9489bd62a6508a75490a4bbe45/element - {"using":"xpath","value":"//span[@class=\"sapMObjStatusText\"][contains(text(), \"proposed\")]"}
RESULT: {"using":"xpath","value":"//span[@class=\"sapMObjStatusText\"][contains(text(), \"proposed\")]"}
COMMAND: GET /session/bd8f6f9489bd62a6508a75490a4bbe45/element/f.E6E02170FA995612006FC567CFBF1206.d.6CA5156EEFA5EFCF845F884CA206EE76.e.13044/text - {}
RESULT: {}
COMMAND: DELETE /session/bd8f6f9489bd62a6508a75490a4bbe45/window - {}
RESULT: {}
COMMAND: POST /session/bd8f6f9489bd62a6508a75490a4bbe45/window - {"handle":"5D36BF6E7175A89251765FD96C6D3113"}
RESULT: {"handle":"5D36BF6E7175A89251765FD96C6D3113"}
COMMAND: GET /session/bd8f6f9489bd62a6508a75490a4bbe45/url - {}
RESULT: {}
COMMAND: GET /session/bd8f6f9489bd62a6508a75490a4bbe45/screenshot - {}
RESULT: {}
]]></system-out>
    </testcase>
    <testcase classname="chrome.136_0_7103_93.windows.Process_request_items_into_an_existing_quotation_US120163" name="Should navigate back to the request and check the request and item statuses" time="36.049">
      <system-out><![CDATA[
COMMAND: POST /session/bd8f6f9489bd62a6508a75490a4bbe45/refresh - {}
RESULT: {}
COMMAND: GET /session/bd8f6f9489bd62a6508a75490a4bbe45/screenshot - {}
RESULT: {}
COMMAND: POST /session/bd8f6f9489bd62a6508a75490a4bbe45/execute/async - {"script":"<script> [189 bytes]","args":[]}
RESULT: {"script":"<script> [189 bytes]","args":[]}
COMMAND: POST /session/bd8f6f9489bd62a6508a75490a4bbe45/execute/async - {"script":"<script> [123 bytes]","args":[]}
RESULT: {"script":"<script> [123 bytes]","args":[]}
COMMAND: POST /session/bd8f6f9489bd62a6508a75490a4bbe45/timeouts - {"script":"<number>"}
RESULT: {"script":"<number>"}
COMMAND: GET /session/bd8f6f9489bd62a6508a75490a4bbe45/timeouts - {}
RESULT: {}
RESULT: undefined
COMMAND: POST /session/bd8f6f9489bd62a6508a75490a4bbe45/execute/async - {"script":"<script> [2676 bytes]","args":[]}
RESULT: {"script":"<script> [2676 bytes]","args":[]}
COMMAND: POST /session/bd8f6f9489bd62a6508a75490a4bbe45/execute/async - {"script":"<script> [2342 bytes]","args":[{"protocol":"http","hostname":"0.0.0.0","path":"/","capabilities":{"browserName":"chrome","goog:chromeOptions":{"binary":"C:\\Program Files\\Google\\Chrome\\Application\\chrome.exe","args":["--start-maximized"]}},"logLevel":"warn","connectionRetryTimeout":120000,"connectionRetryCount":3,"logLevels":{},"enableDirectConnect":true,"strictSSL":true,"_":"65 more keys: [\"cacheDir\",\"port\",\"requestedCapabilities\",\"automationProtocol\",\"baseUrl\",\"waitforInterval\",\"waitforTimeout\",\"onReload\",\"beforeCommand\",\"afterCommand\",\"rootDir\",\"specs\",\"suites\",\"exclude\",\"groupLogsByTestSpec\",\"excludeDriverLogs\",\"bail\",\"framework\",\"reporters\",\"services\",\"maxInstances\",\"maxInstancesPerCapability\",\"injectGlobals\",\"filesToWatch\",\"execArgv\",\"runnerEnv\",\"runner\",\"shard\",\"specFileRetries\",\"specFileRetriesDelay\",\"specFileRetriesDeferred\",\"reporterSyncInterval\",\"reporterSyncTimeout\",\"cucumberFeaturesWithLineNumbers\",\"autoCompileOpts\",\"mochaOpts\",\"jasmineOpts\",\"cucumberOpts\",\"onPrepare\",\"onWorkerStart\",\"onWorkerEnd\",\"before\",\"beforeSession\",\"beforeSuite\",\"beforeHook\",\"beforeTest\",\"afterTest\",\"afterHook\",\"afterSuite\",\"afterSession\",\"after\",\"onComplete\",\"beforeAssertion\",\"afterAssertion\",\"beforeFeature\",\"beforeScenario\",\"beforeStep\",\"afterStep\",\"afterScenario\",\"afterFeature\",\"_\",\"suite\",\"$0\",\"ignoredWorkerServices\",\"wdi5\"]"}]}
RESULT: {"script":"<script> [2342 bytes]","args":[{"protocol":"http","hostname":"0.0.0.0","path":"/","capabilities":{"browserName":"chrome","goog:chromeOptions":{"binary":"C:\\Program Files\\Google\\Chrome\\Application\\chrome.exe","args":["--start-maximized"]}},"logLevel":"warn","connectionRetryTimeout":120000,"connectionRetryCount":3,"logLevels":{},"enableDirectConnect":true,"strictSSL":true,"_":"65 more keys: [\"cacheDir\",\"port\",\"requestedCapabilities\",\"automationProtocol\",\"baseUrl\",\"waitforInterval\",\"waitforTimeout\",\"onReload\",\"beforeCommand\",\"afterCommand\",\"rootDir\",\"specs\",\"suites\",\"exclude\",\"groupLogsByTestSpec\",\"excludeDriverLogs\",\"bail\",\"framework\",\"reporters\",\"services\",\"maxInstances\",\"maxInstancesPerCapability\",\"injectGlobals\",\"filesToWatch\",\"execArgv\",\"runnerEnv\",\"runner\",\"shard\",\"specFileRetries\",\"specFileRetriesDelay\",\"specFileRetriesDeferred\",\"reporterSyncInterval\",\"reporterSyncTimeout\",\"cucumberFeaturesWithLineNumbers\",\"autoCompileOpts\",\"mochaOpts\",\"jasmineOpts\",\"cucumberOpts\",\"onPrepare\",\"onWorkerStart\",\"onWorkerEnd\",\"before\",\"beforeSession\",\"beforeSuite\",\"beforeHook\",\"beforeTest\",\"afterTest\",\"afterHook\",\"afterSuite\",\"afterSession\",\"after\",\"onComplete\",\"beforeAssertion\",\"afterAssertion\",\"beforeFeature\",\"beforeScenario\",\"beforeStep\",\"afterStep\",\"afterScenario\",\"afterFeature\",\"_\",\"suite\",\"$0\",\"ignoredWorkerServices\",\"wdi5\"]"}]}
COMMAND: POST /session/bd8f6f9489bd62a6508a75490a4bbe45/execute/async - {"script":"<script> [21126 bytes]","args":[35000]}
RESULT: {"script":"<script> [21126 bytes]","args":[35000]}
COMMAND: POST /session/bd8f6f9489bd62a6508a75490a4bbe45/execute/async - {"script":"<script> [1562 bytes]","args":[{"selector":{"controlType":"sap.m.Text","viewName":"etm.portal.ui.managerequests.view.Detail","bindingPath":{"path":"/SmartRequestItemsPlanningBoard(ITEM=10m,REQUEST='20145')","propertyPath":"STATUS_DESC"}},"wdio_ui5_key":"etmportal.ui.managerequests.view.Detailsap.m.Text{\"path\":\"/SmartRequestItemsPlanningBoard(ITEM=10m,REQUEST='20145')\",\"propertyPath\":\"STATUS_DESC\"}"}]}
RESULT: {"script":"<script> [1562 bytes]","args":[{"selector":{"controlType":"sap.m.Text","viewName":"etm.portal.ui.managerequests.view.Detail","bindingPath":{"path":"/SmartRequestItemsPlanningBoard(ITEM=10m,REQUEST='20145')","propertyPath":"STATUS_DESC"}},"wdio_ui5_key":"etmportal.ui.managerequests.view.Detailsap.m.Text{\"path\":\"/SmartRequestItemsPlanningBoard(ITEM=10m,REQUEST='20145')\",\"propertyPath\":\"STATUS_DESC\"}"}]}
RESULT: undefined
COMMAND: POST /session/bd8f6f9489bd62a6508a75490a4bbe45/execute/async - {"script":"<script> [6424 bytes]","args":[{"element-6066-11e4-a52e-4f735466cecf":"f.5D36BF6E7175A89251765FD96C6D3113.d.24A455CD0A3E5880EC5D6219D371B687.e.13260"},"getText",[]]}
RESULT: {"script":"<script> [6424 bytes]","args":[{"element-6066-11e4-a52e-4f735466cecf":"f.5D36BF6E7175A89251765FD96C6D3113.d.24A455CD0A3E5880EC5D6219D371B687.e.13260"},"getText",[]]}
COMMAND: POST /session/bd8f6f9489bd62a6508a75490a4bbe45/execute/async - {"script":"<script> [1562 bytes]","args":[{"selector":{"controlType":"sap.m.ObjectStatus","viewName":"etm.portal.ui.managerequests.view.Detail","bindingPath":{"path":"/RequestHeaders('20145')","propertyPath":"LINK_TO_STATUS/DESCRIPTION","modelName":"catalogModel"}},"wdio_ui5_key":"etmportal.ui.managerequests.view.Detailsap.m.ObjectStatus{\"path\":\"/RequestHeaders('20145')\",\"propertyPath\":\"LINK_TO_STATUS/DESCRIPTION\",\"modelName\":\"catalogModel\"}"}]}
RESULT: {"script":"<script> [1562 bytes]","args":[{"selector":{"controlType":"sap.m.ObjectStatus","viewName":"etm.portal.ui.managerequests.view.Detail","bindingPath":{"path":"/RequestHeaders('20145')","propertyPath":"LINK_TO_STATUS/DESCRIPTION","modelName":"catalogModel"}},"wdio_ui5_key":"etmportal.ui.managerequests.view.Detailsap.m.ObjectStatus{\"path\":\"/RequestHeaders('20145')\",\"propertyPath\":\"LINK_TO_STATUS/DESCRIPTION\",\"modelName\":\"catalogModel\"}"}]}
RESULT: undefined
COMMAND: POST /session/bd8f6f9489bd62a6508a75490a4bbe45/execute/async - {"script":"<script> [6424 bytes]","args":[{"element-6066-11e4-a52e-4f735466cecf":"f.5D36BF6E7175A89251765FD96C6D3113.d.24A455CD0A3E5880EC5D6219D371B687.e.13261"},"getText",[]]}
RESULT: {"script":"<script> [6424 bytes]","args":[{"element-6066-11e4-a52e-4f735466cecf":"f.5D36BF6E7175A89251765FD96C6D3113.d.24A455CD0A3E5880EC5D6219D371B687.e.13261"},"getText",[]]}
COMMAND: DELETE /session/bd8f6f9489bd62a6508a75490a4bbe45 - {}
RESULT: {}
]]></system-out>
    </testcase>
  </testsuite>
</testsuites>