<?xml version="1.0" encoding="UTF-8"?>
<testsuites tests="11" failures="0" errors="0" skipped="0">
  <testsuite timestamp="2025-06-13T16:11:52" time="957.968" tests="4" failures="0" errors="0" skipped="0">
    <properties>
      <property name="specId" value="0"/>
      <property name="suiteName" value="Webshop - Hyperlinks visible and working properly  US139085"/>
      <property name="capabilities" value="chrome.137_0_7151_69.windows"/>
      <property name="file" value="file:///D:/a/1/s/test/specs/R2C/webshop-hyperlinks-yard-site.spec.js"/>
    </properties>
    <testcase classname="chrome.137_0_7151_69.windows.Webshop_-_Hyperlinks_visible_and_working_properly__US139085" name="Should create prerequisites for webshop suite" time="316.702">
      <system-out><![CDATA[
COMMAND: POST /session/ce18119c429c75dafb499373c9e41797/execute/async - {"script":"<script> [1562 bytes]","args":[{"selector":{"controlType":"sap.m.GenericTile","properties":{"header":"Manage Yards"}},"wdio_ui5_key":"sapm.GenericTile{\"header\":\"Manage Yards\"}"}]}
RESULT: {"script":"<script> [1562 bytes]","args":[{"selector":{"controlType":"sap.m.GenericTile","properties":{"header":"Manage Yards"}},"wdio_ui5_key":"sapm.GenericTile{\"header\":\"Manage Yards\"}"}]}
RESULT: undefined
COMMAND: POST /session/ce18119c429c75dafb499373c9e41797/element - {"using":"xpath","value":"//*[@id=\"__tile42\"]"}
RESULT: {"using":"xpath","value":"//*[@id=\"__tile42\"]"}
COMMAND: POST /session/ce18119c429c75dafb499373c9e41797/element/f.75ABCD62A5F27F9CE9C2BE5C52A034DE.d.1D289C1DA331839285E66A04D3EA7006.e.113/click - {}
RESULT: {}
COMMAND: GET /session/ce18119c429c75dafb499373c9e41797/screenshot - {}
RESULT: {}
COMMAND: POST /session/ce18119c429c75dafb499373c9e41797/elements - {"using":"xpath","value":"//span[text()='Error']"}
RESULT: {"using":"xpath","value":"//span[text()='Error']"}
COMMAND: POST /session/ce18119c429c75dafb499373c9e41797/execute/async - {"script":"<script> [1562 bytes]","args":[{"selector":{"controlType":"sap.ui.core.Icon","viewName":"etm.portal.ui.manageyards.view.Master","viewId":"application-manageyards-display-component---masterYard","properties":{"src":{"regex":{"source":"add"}}}},"wdio_ui5_key":"etmportal.ui.manageyards.view.Mastersap.ui.core.Icon{\"src\":{\"regex\":{\"source\":\"add\"}}}"}]}
RESULT: {"script":"<script> [1562 bytes]","args":[{"selector":{"controlType":"sap.ui.core.Icon","viewName":"etm.portal.ui.manageyards.view.Master","viewId":"application-manageyards-display-component---masterYard","properties":{"src":{"regex":{"source":"add"}}}},"wdio_ui5_key":"etmportal.ui.manageyards.view.Mastersap.ui.core.Icon{\"src\":{\"regex\":{\"source\":\"add\"}}}"}]}
RESULT: undefined
COMMAND: POST /session/ce18119c429c75dafb499373c9e41797/element - {"using":"xpath","value":"//*[@id=\"__button4-img\"]"}
RESULT: {"using":"xpath","value":"//*[@id=\"__button4-img\"]"}
COMMAND: POST /session/ce18119c429c75dafb499373c9e41797/element/f.75ABCD62A5F27F9CE9C2BE5C52A034DE.d.1D289C1DA331839285E66A04D3EA7006.e.160/click - {}
RESULT: {}
COMMAND: GET /session/ce18119c429c75dafb499373c9e41797/screenshot - {}
RESULT: {}
COMMAND: POST /session/ce18119c429c75dafb499373c9e41797/execute/async - {"script":"<script> [1562 bytes]","args":[{"selector":{"id":"application-manageyards-display-component---NewYard--yardId","interaction":{"idSuffix":"inner"}},"wdio_ui5_key":"applicationmanageyards-display-component---NewYard--yardId"}]}
RESULT: {"script":"<script> [1562 bytes]","args":[{"selector":{"id":"application-manageyards-display-component---NewYard--yardId","interaction":{"idSuffix":"inner"}},"wdio_ui5_key":"applicationmanageyards-display-component---NewYard--yardId"}]}
RESULT: undefined
COMMAND: POST /session/ce18119c429c75dafb499373c9e41797/element - {"using":"xpath","value":"//*[@id=\"application-manageyards-display-component---NewYard--addressDetailDetailsName1-inner\"]"}
RESULT: {"using":"xpath","value":"//*[@id=\"application-manageyards-display-component---NewYard--addressDetailDetailsName1-inner\"]"}
COMMAND: POST /session/ce18119c429c75dafb499373c9e41797/element/f.75ABCD62A5F27F9CE9C2BE5C52A034DE.d.1D289C1DA331839285E66A04D3EA7006.e.374/clear - {}
RESULT: {}
COMMAND: POST /session/ce18119c429c75dafb499373c9e41797/element/f.75ABCD62A5F27F9CE9C2BE5C52A034DE.d.1D289C1DA331839285E66A04D3EA7006.e.374/value - {"text":"WebdriverYard1sv7"}
COMMAND: GET /session/ce18119c429c75dafb499373c9e41797/screenshot - {}
RESULT: {"text":"WebdriverYard1sv7"}
COMMAND: POST /session/ce18119c429c75dafb499373c9e41797/element - {"using":"xpath","value":"//*[@id=\"application-manageyards-display-component---NewYard--addressDetailDetailsLanguage-inner\"]"}
COMMAND: GET /session/ce18119c429c75dafb499373c9e41797/screenshot - {}
RESULT: {}
RESULT: {"using":"xpath","value":"//*[@id=\"application-manageyards-display-component---NewYard--addressDetailDetailsLanguage-inner\"]"}
COMMAND: POST /session/ce18119c429c75dafb499373c9e41797/element/f.75ABCD62A5F27F9CE9C2BE5C52A034DE.d.1D289C1DA331839285E66A04D3EA7006.e.375/clear - {}
RESULT: {}
RESULT: {}
COMMAND: POST /session/ce18119c429c75dafb499373c9e41797/element/f.75ABCD62A5F27F9CE9C2BE5C52A034DE.d.1D289C1DA331839285E66A04D3EA7006.e.375/value - {"text":"Romanian"}
COMMAND: GET /session/ce18119c429c75dafb499373c9e41797/screenshot - {}
RESULT: {"text":"Romanian"}
COMMAND: POST /session/ce18119c429c75dafb499373c9e41797/element - {"using":"xpath","value":"//input[contains(@id ,\"application-manageyards-display-component---NewYard--addressDetailDetailsName1-inner\")]"}
COMMAND: GET /session/ce18119c429c75dafb499373c9e41797/screenshot - {}
RESULT: {}
RESULT: {"using":"xpath","value":"//input[contains(@id ,\"application-manageyards-display-component---NewYard--addressDetailDetailsName1-inner\")]"}
COMMAND: GET /session/ce18119c429c75dafb499373c9e41797/element/f.75ABCD62A5F27F9CE9C2BE5C52A034DE.d.1D289C1DA331839285E66A04D3EA7006.e.374/property/value - {}
RESULT: {}
RESULT: {}
COMMAND: GET /session/ce18119c429c75dafb499373c9e41797/screenshot - {}
RESULT: {}
COMMAND: POST /session/ce18119c429c75dafb499373c9e41797/element - {"using":"xpath","value":"//*[@id=\"application-manageyards-display-component---NewYard--addressDetailDetailsCity1-inner\"]"}
RESULT: {"using":"xpath","value":"//*[@id=\"application-manageyards-display-component---NewYard--addressDetailDetailsCity1-inner\"]"}
COMMAND: POST /session/ce18119c429c75dafb499373c9e41797/element/f.75ABCD62A5F27F9CE9C2BE5C52A034DE.d.1D289C1DA331839285E66A04D3EA7006.e.377/clear - {}
RESULT: {}
COMMAND: POST /session/ce18119c429c75dafb499373c9e41797/element/f.75ABCD62A5F27F9CE9C2BE5C52A034DE.d.1D289C1DA331839285E66A04D3EA7006.e.377/value - {"text":"Bucuresti"}
COMMAND: GET /session/ce18119c429c75dafb499373c9e41797/screenshot - {}
RESULT: {"text":"Bucuresti"}
COMMAND: GET /session/ce18119c429c75dafb499373c9e41797/screenshot - {}
RESULT: {}
RESULT: {}
COMMAND: POST /session/ce18119c429c75dafb499373c9e41797/element - {"using":"xpath","value":"//*[@id=\"application-manageyards-display-component---NewYard--addressDetailDetailsCountry-inner\"]"}
RESULT: {"using":"xpath","value":"//*[@id=\"application-manageyards-display-component---NewYard--addressDetailDetailsCountry-inner\"]"}
COMMAND: POST /session/ce18119c429c75dafb499373c9e41797/element/f.75ABCD62A5F27F9CE9C2BE5C52A034DE.d.1D289C1DA331839285E66A04D3EA7006.e.381/clear - {}
RESULT: {}
COMMAND: POST /session/ce18119c429c75dafb499373c9e41797/element/f.75ABCD62A5F27F9CE9C2BE5C52A034DE.d.1D289C1DA331839285E66A04D3EA7006.e.381/value - {"text":"Romania"}
COMMAND: GET /session/ce18119c429c75dafb499373c9e41797/screenshot - {}
RESULT: {"text":"Romania"}
COMMAND: GET /session/ce18119c429c75dafb499373c9e41797/screenshot - {}
RESULT: {}
RESULT: {}
COMMAND: POST /session/ce18119c429c75dafb499373c9e41797/element - {"using":"xpath","value":"//div[contains(text(), \"Commercial\")]"}
RESULT: {"using":"xpath","value":"//div[contains(text(), \"Commercial\")]"}
COMMAND: GET /session/ce18119c429c75dafb499373c9e41797/element/f.75ABCD62A5F27F9CE9C2BE5C52A034DE.d.1D289C1DA331839285E66A04D3EA7006.e.569/rect - {}
RESULT: {}
COMMAND: GET /session/ce18119c429c75dafb499373c9e41797/window/rect - {}
RESULT: {}
COMMAND: POST /session/ce18119c429c75dafb499373c9e41797/execute/sync - {"script":"<script> [92 bytes]","args":[]}
RESULT: {"script":"<script> [92 bytes]","args":[]}
COMMAND: POST /session/ce18119c429c75dafb499373c9e41797/actions - {"actions":[{"id":"action1","type":"wheel","parameters":{},"actions":[{"type":"scroll","x":-1841,"y":-44,"deltaX":0,"deltaY":0,"duration":0,"origin":{"element-6066-11e4-a52e-4f735466cecf":"f.75ABCD62A5F27F9CE9C2BE5C52A034DE.d.1D289C1DA331839285E66A04D3EA7006.e.569"}}]}]}
COMMAND: GET /session/ce18119c429c75dafb499373c9e41797/screenshot - {}
RESULT: {}
COMMAND: POST /session/ce18119c429c75dafb499373c9e41797/execute/sync - {"script":"<script> [79 bytes]","args":[{"element-6066-11e4-a52e-4f735466cecf":"f.75ABCD62A5F27F9CE9C2BE5C52A034DE.d.1D289C1DA331839285E66A04D3EA7006.e.569","ELEMENT":"f.75ABCD62A5F27F9CE9C2BE5C52A034DE.d.1D289C1DA331839285E66A04D3EA7006.e.569"},{"block":"start","inline":"nearest"}]}
RESULT: {"script":"<script> [79 bytes]","args":[{"element-6066-11e4-a52e-4f735466cecf":"f.75ABCD62A5F27F9CE9C2BE5C52A034DE.d.1D289C1DA331839285E66A04D3EA7006.e.569","ELEMENT":"f.75ABCD62A5F27F9CE9C2BE5C52A034DE.d.1D289C1DA331839285E66A04D3EA7006.e.569"},{"block":"start","inline":"nearest"}]}
COMMAND: GET /session/ce18119c429c75dafb499373c9e41797/screenshot - {}
RESULT: {}
COMMAND: POST /session/ce18119c429c75dafb499373c9e41797/execute/async - {"script":"<script> [1562 bytes]","args":[{"selector":{"id":"application-manageyards-display-component---NewYard--addressEditDetailsCostObjectCstType-arrow"},"wdio_ui5_key":"applicationmanageyards-display-component---NewYard--addressEditDetailsCostObjectCstType-arrow"}]}
RESULT: {"script":"<script> [1562 bytes]","args":[{"selector":{"id":"application-manageyards-display-component---NewYard--addressEditDetailsCostObjectCstType-arrow"},"wdio_ui5_key":"applicationmanageyards-display-component---NewYard--addressEditDetailsCostObjectCstType-arrow"}]}
RESULT: undefined
COMMAND: POST /session/ce18119c429c75dafb499373c9e41797/element - {"using":"xpath","value":"//*[@id=\"application-manageyards-display-component---NewYard--addressEditDetailsCostObjectCstType-arrow\"]"}
RESULT: {"using":"xpath","value":"//*[@id=\"application-manageyards-display-component---NewYard--addressEditDetailsCostObjectCstType-arrow\"]"}
COMMAND: POST /session/ce18119c429c75dafb499373c9e41797/element/f.75ABCD62A5F27F9CE9C2BE5C52A034DE.d.1D289C1DA331839285E66A04D3EA7006.e.577/click - {}
RESULT: {}
COMMAND: POST /session/ce18119c429c75dafb499373c9e41797/element - {"using":"xpath","value":"//span[contains(text(), \"Cost Center\")]"}
COMMAND: GET /session/ce18119c429c75dafb499373c9e41797/screenshot - {}
RESULT: {"using":"xpath","value":"//span[contains(text(), \"Cost Center\")]"}
COMMAND: POST /session/ce18119c429c75dafb499373c9e41797/element/f.75ABCD62A5F27F9CE9C2BE5C52A034DE.d.1D289C1DA331839285E66A04D3EA7006.e.578/click - {}
RESULT: {}
RESULT: {}
COMMAND: GET /session/ce18119c429c75dafb499373c9e41797/screenshot - {}
RESULT: {}
COMMAND: POST /session/ce18119c429c75dafb499373c9e41797/execute/async - {"script":"<script> [1562 bytes]","args":[{"selector":{"id":"application-manageyards-display-component---NewYard--addressNewCostObjectCstID-vhi"},"wdio_ui5_key":"applicationmanageyards-display-component---NewYard--addressNewCostObjectCstID-vhi"}]}
RESULT: {"script":"<script> [1562 bytes]","args":[{"selector":{"id":"application-manageyards-display-component---NewYard--addressNewCostObjectCstID-vhi"},"wdio_ui5_key":"applicationmanageyards-display-component---NewYard--addressNewCostObjectCstID-vhi"}]}
RESULT: undefined
COMMAND: POST /session/ce18119c429c75dafb499373c9e41797/element - {"using":"xpath","value":"//*[@id=\"application-manageyards-display-component---NewYard--addressNewCostObjectCstID-vhi\"]"}
RESULT: {"using":"xpath","value":"//*[@id=\"application-manageyards-display-component---NewYard--addressNewCostObjectCstID-vhi\"]"}
COMMAND: POST /session/ce18119c429c75dafb499373c9e41797/element/f.75ABCD62A5F27F9CE9C2BE5C52A034DE.d.1D289C1DA331839285E66A04D3EA7006.e.582/click - {}
RESULT: {}
COMMAND: GET /session/ce18119c429c75dafb499373c9e41797/screenshot - {}
RESULT: {}
COMMAND: POST /session/ce18119c429c75dafb499373c9e41797/execute/async - {"script":"<script> [1562 bytes]","args":[{"selector":{"controlType":"sap.m.SearchField","properties":{"placeholder":"Search"},"searchOpenDialogs":true,"interaction":{"idSuffix":"I"}},"wdio_ui5_key":"sapm.SearchField{\"placeholder\":\"Search\"}"}]}
RESULT: {"script":"<script> [1562 bytes]","args":[{"selector":{"controlType":"sap.m.SearchField","properties":{"placeholder":"Search"},"searchOpenDialogs":true,"interaction":{"idSuffix":"I"}},"wdio_ui5_key":"sapm.SearchField{\"placeholder\":\"Search\"}"}]}
RESULT: undefined
COMMAND: POST /session/ce18119c429c75dafb499373c9e41797/execute/async - {"script":"<script> [776 bytes]","args":[{"enterText":"10001013","selector":{"controlType":"sap.m.SearchField","properties":{"placeholder":"Search"},"searchOpenDialogs":true,"interaction":{"idSuffix":"I"}},"clearTextFirst":true,"interactionType":"ENTER_TEXT"}]}
RESULT: {"script":"<script> [776 bytes]","args":[{"enterText":"10001013","selector":{"controlType":"sap.m.SearchField","properties":{"placeholder":"Search"},"searchOpenDialogs":true,"interaction":{"idSuffix":"I"}},"clearTextFirst":true,"interactionType":"ENTER_TEXT"}]}
COMMAND: POST /session/ce18119c429c75dafb499373c9e41797/actions - {"actions":[{"id":"action2","type":"key","parameters":{},"actions":[{"type":"keyDown","value":""},{"type":"pause","duration":10},{"type":"keyUp","value":""}]}]}
RESULT: {"actions":[{"id":"action2","type":"key","parameters":{},"actions":[{"type":"keyDown","value":""},{"type":"pause","duration":10},{"type":"keyUp","value":""}]}]}
COMMAND: GET /session/ce18119c429c75dafb499373c9e41797/screenshot - {}
RESULT: {}
COMMAND: POST /session/ce18119c429c75dafb499373c9e41797/element - {"using":"xpath","value":"//span[contains(text(), \"General Management\")]"}
RESULT: {"using":"xpath","value":"//span[contains(text(), \"General Management\")]"}
COMMAND: POST /session/ce18119c429c75dafb499373c9e41797/element/f.75ABCD62A5F27F9CE9C2BE5C52A034DE.d.1D289C1DA331839285E66A04D3EA7006.e.623/click - {}
RESULT: {}
COMMAND: GET /session/ce18119c429c75dafb499373c9e41797/screenshot - {}
RESULT: {}
COMMAND: POST /session/ce18119c429c75dafb499373c9e41797/element - {"using":"xpath","value":"//bdi[contains(text(), \"OK\")]"}
RESULT: {"using":"xpath","value":"//bdi[contains(text(), \"OK\")]"}
COMMAND: POST /session/ce18119c429c75dafb499373c9e41797/element/f.75ABCD62A5F27F9CE9C2BE5C52A034DE.d.1D289C1DA331839285E66A04D3EA7006.e.624/click - {}
RESULT: {}
COMMAND: GET /session/ce18119c429c75dafb499373c9e41797/screenshot - {}
RESULT: {}
COMMAND: POST /session/ce18119c429c75dafb499373c9e41797/execute/async - {"script":"<script> [1562 bytes]","args":[{"selector":{"controlType":"sap.m.Button","viewName":"etm.portal.ui.manageyards.view.New","viewId":"application-manageyards-display-component---NewYard","i18NText":{"propertyName":"text","key":"save"},"interaction":{"idSuffix":"inner"}},"wdio_ui5_key":"etmportal.ui.manageyards.view.Newsap.m.Button{\"propertyName\":\"text\",\"key\":\"save\"}"}]}
RESULT: {"script":"<script> [1562 bytes]","args":[{"selector":{"controlType":"sap.m.Button","viewName":"etm.portal.ui.manageyards.view.New","viewId":"application-manageyards-display-component---NewYard","i18NText":{"propertyName":"text","key":"save"},"interaction":{"idSuffix":"inner"}},"wdio_ui5_key":"etmportal.ui.manageyards.view.Newsap.m.Button{\"propertyName\":\"text\",\"key\":\"save\"}"}]}
RESULT: undefined
COMMAND: POST /session/ce18119c429c75dafb499373c9e41797/element - {"using":"xpath","value":"//*[@id=\"__button18\"]"}
RESULT: {"using":"xpath","value":"//*[@id=\"__button18\"]"}
COMMAND: POST /session/ce18119c429c75dafb499373c9e41797/element/f.75ABCD62A5F27F9CE9C2BE5C52A034DE.d.1D289C1DA331839285E66A04D3EA7006.e.549/click - {}
RESULT: {}
COMMAND: GET /session/ce18119c429c75dafb499373c9e41797/screenshot - {}
RESULT: {}
COMMAND: POST /session/ce18119c429c75dafb499373c9e41797/element - {"using":"xpath","value":"//header/div/div[2]/div[2]/span"}
RESULT: {"using":"xpath","value":"//header/div/div[2]/div[2]/span"}
COMMAND: GET /session/ce18119c429c75dafb499373c9e41797/element/f.75ABCD62A5F27F9CE9C2BE5C52A034DE.d.1D289C1DA331839285E66A04D3EA7006.e.824/text - {}
RESULT: {}
COMMAND: POST /session/ce18119c429c75dafb499373c9e41797/execute/async - {"script":"<script> [1562 bytes]","args":[{"selector":{"controlType":"sap.m.OverflowToolbarButton","viewName":"etm.portal.ui.manageyards.view.Detail","viewId":"application-manageyards-display-component---detailYard","i18NText":{"propertyName":"tooltip","key":"closeColumn"},"interaction":{"idSuffix":"inner"}},"wdio_ui5_key":"etmportal.ui.manageyards.view.Detailsap.m.OverflowToolbarButton{\"propertyName\":\"tooltip\",\"key\":\"closeColumn\"}"}]}
RESULT: {"script":"<script> [1562 bytes]","args":[{"selector":{"controlType":"sap.m.OverflowToolbarButton","viewName":"etm.portal.ui.manageyards.view.Detail","viewId":"application-manageyards-display-component---detailYard","i18NText":{"propertyName":"tooltip","key":"closeColumn"},"interaction":{"idSuffix":"inner"}},"wdio_ui5_key":"etmportal.ui.manageyards.view.Detailsap.m.OverflowToolbarButton{\"propertyName\":\"tooltip\",\"key\":\"closeColumn\"}"}]}
RESULT: undefined
COMMAND: POST /session/ce18119c429c75dafb499373c9e41797/element - {"using":"xpath","value":"//*[@id=\"__button42\"]"}
RESULT: {"using":"xpath","value":"//*[@id=\"__button42\"]"}
COMMAND: POST /session/ce18119c429c75dafb499373c9e41797/element/f.75ABCD62A5F27F9CE9C2BE5C52A034DE.d.1D289C1DA331839285E66A04D3EA7006.e.826/click - {}
RESULT: {}
COMMAND: GET /session/ce18119c429c75dafb499373c9e41797/screenshot - {}
RESULT: {}
COMMAND: POST /session/ce18119c429c75dafb499373c9e41797/element - {"using":"css selector","value":"#shell-header-logo"}
RESULT: {"using":"css selector","value":"#shell-header-logo"}
COMMAND: POST /session/ce18119c429c75dafb499373c9e41797/element/f.75ABCD62A5F27F9CE9C2BE5C52A034DE.d.1D289C1DA331839285E66A04D3EA7006.e.115/click - {}
RESULT: {}
COMMAND: GET /session/ce18119c429c75dafb499373c9e41797/screenshot - {}
RESULT: {}
COMMAND: POST /session/ce18119c429c75dafb499373c9e41797/refresh - {}
RESULT: {}
COMMAND: GET /session/ce18119c429c75dafb499373c9e41797/screenshot - {}
RESULT: {}
COMMAND: POST /session/ce18119c429c75dafb499373c9e41797/execute/async - {"script":"<script> [189 bytes]","args":[]}
RESULT: {"script":"<script> [189 bytes]","args":[]}
COMMAND: POST /session/ce18119c429c75dafb499373c9e41797/execute/async - {"script":"<script> [123 bytes]","args":[]}
RESULT: {"script":"<script> [123 bytes]","args":[]}
COMMAND: POST /session/ce18119c429c75dafb499373c9e41797/timeouts - {"script":"<number>"}
RESULT: {"script":"<number>"}
COMMAND: GET /session/ce18119c429c75dafb499373c9e41797/timeouts - {}
RESULT: {}
RESULT: undefined
COMMAND: POST /session/ce18119c429c75dafb499373c9e41797/execute/async - {"script":"<script> [2676 bytes]","args":[]}
RESULT: {"script":"<script> [2676 bytes]","args":[]}
COMMAND: POST /session/ce18119c429c75dafb499373c9e41797/execute/async - {"script":"<script> [2342 bytes]","args":[{"protocol":"http","hostname":"0.0.0.0","path":"/","capabilities":{"browserName":"chrome","goog:chromeOptions":{"binary":"C:\\Program Files\\Google\\Chrome\\Application\\chrome.exe","args":["--start-maximized"]}},"logLevel":"warn","connectionRetryTimeout":120000,"connectionRetryCount":3,"logLevels":{},"enableDirectConnect":true,"strictSSL":true,"_":"65 more keys: [\"cacheDir\",\"port\",\"requestedCapabilities\",\"automationProtocol\",\"baseUrl\",\"waitforInterval\",\"waitforTimeout\",\"onReload\",\"beforeCommand\",\"afterCommand\",\"rootDir\",\"specs\",\"suites\",\"exclude\",\"groupLogsByTestSpec\",\"excludeDriverLogs\",\"bail\",\"framework\",\"reporters\",\"services\",\"maxInstances\",\"maxInstancesPerCapability\",\"injectGlobals\",\"filesToWatch\",\"execArgv\",\"runnerEnv\",\"runner\",\"shard\",\"specFileRetries\",\"specFileRetriesDelay\",\"specFileRetriesDeferred\",\"reporterSyncInterval\",\"reporterSyncTimeout\",\"cucumberFeaturesWithLineNumbers\",\"autoCompileOpts\",\"mochaOpts\",\"jasmineOpts\",\"cucumberOpts\",\"onPrepare\",\"onWorkerStart\",\"onWorkerEnd\",\"before\",\"beforeSession\",\"beforeSuite\",\"beforeHook\",\"beforeTest\",\"afterTest\",\"afterHook\",\"afterSuite\",\"afterSession\",\"after\",\"onComplete\",\"beforeAssertion\",\"afterAssertion\",\"beforeFeature\",\"beforeScenario\",\"beforeStep\",\"afterStep\",\"afterScenario\",\"afterFeature\",\"_\",\"suite\",\"$0\",\"ignoredWorkerServices\",\"wdi5\"]"}]}
RESULT: {"script":"<script> [2342 bytes]","args":[{"protocol":"http","hostname":"0.0.0.0","path":"/","capabilities":{"browserName":"chrome","goog:chromeOptions":{"binary":"C:\\Program Files\\Google\\Chrome\\Application\\chrome.exe","args":["--start-maximized"]}},"logLevel":"warn","connectionRetryTimeout":120000,"connectionRetryCount":3,"logLevels":{},"enableDirectConnect":true,"strictSSL":true,"_":"65 more keys: [\"cacheDir\",\"port\",\"requestedCapabilities\",\"automationProtocol\",\"baseUrl\",\"waitforInterval\",\"waitforTimeout\",\"onReload\",\"beforeCommand\",\"afterCommand\",\"rootDir\",\"specs\",\"suites\",\"exclude\",\"groupLogsByTestSpec\",\"excludeDriverLogs\",\"bail\",\"framework\",\"reporters\",\"services\",\"maxInstances\",\"maxInstancesPerCapability\",\"injectGlobals\",\"filesToWatch\",\"execArgv\",\"runnerEnv\",\"runner\",\"shard\",\"specFileRetries\",\"specFileRetriesDelay\",\"specFileRetriesDeferred\",\"reporterSyncInterval\",\"reporterSyncTimeout\",\"cucumberFeaturesWithLineNumbers\",\"autoCompileOpts\",\"mochaOpts\",\"jasmineOpts\",\"cucumberOpts\",\"onPrepare\",\"onWorkerStart\",\"onWorkerEnd\",\"before\",\"beforeSession\",\"beforeSuite\",\"beforeHook\",\"beforeTest\",\"afterTest\",\"afterHook\",\"afterSuite\",\"afterSession\",\"after\",\"onComplete\",\"beforeAssertion\",\"afterAssertion\",\"beforeFeature\",\"beforeScenario\",\"beforeStep\",\"afterStep\",\"afterScenario\",\"afterFeature\",\"_\",\"suite\",\"$0\",\"ignoredWorkerServices\",\"wdi5\"]"}]}
COMMAND: POST /session/ce18119c429c75dafb499373c9e41797/execute/async - {"script":"<script> [21126 bytes]","args":[35000]}
RESULT: {"script":"<script> [21126 bytes]","args":[35000]}
COMMAND: POST /session/ce18119c429c75dafb499373c9e41797/execute/async - {"script":"<script> [1562 bytes]","args":[{"selector":{"controlType":"sap.m.GenericTile","properties":{"header":"Manage Sites"}},"wdio_ui5_key":"sapm.GenericTile{\"header\":\"Manage Sites\"}"}]}
RESULT: {"script":"<script> [1562 bytes]","args":[{"selector":{"controlType":"sap.m.GenericTile","properties":{"header":"Manage Sites"}},"wdio_ui5_key":"sapm.GenericTile{\"header\":\"Manage Sites\"}"}]}
RESULT: undefined
COMMAND: POST /session/ce18119c429c75dafb499373c9e41797/element - {"using":"xpath","value":"//*[@id=\"__tile41\"]"}
RESULT: {"using":"xpath","value":"//*[@id=\"__tile41\"]"}
COMMAND: POST /session/ce18119c429c75dafb499373c9e41797/element/f.75ABCD62A5F27F9CE9C2BE5C52A034DE.d.4F4F3E078B9A5187CE47F9C382145826.e.1178/click - {}
RESULT: {}
COMMAND: GET /session/ce18119c429c75dafb499373c9e41797/screenshot - {}
RESULT: {}
COMMAND: POST /session/ce18119c429c75dafb499373c9e41797/elements - {"using":"xpath","value":"//span[text()='Error']"}
RESULT: {"using":"xpath","value":"//span[text()='Error']"}
COMMAND: POST /session/ce18119c429c75dafb499373c9e41797/execute/async - {"script":"<script> [1562 bytes]","args":[{"selector":{"controlType":"sap.ui.core.Icon","viewName":"etm.portal.ui.managesites.view.Master","viewId":"application-managesites-display-component---masterSite","properties":{"src":{"regex":{"source":"add"}}}},"wdio_ui5_key":"etmportal.ui.managesites.view.Mastersap.ui.core.Icon{\"src\":{\"regex\":{\"source\":\"add\"}}}"}]}
RESULT: {"script":"<script> [1562 bytes]","args":[{"selector":{"controlType":"sap.ui.core.Icon","viewName":"etm.portal.ui.managesites.view.Master","viewId":"application-managesites-display-component---masterSite","properties":{"src":{"regex":{"source":"add"}}}},"wdio_ui5_key":"etmportal.ui.managesites.view.Mastersap.ui.core.Icon{\"src\":{\"regex\":{\"source\":\"add\"}}}"}]}
RESULT: undefined
COMMAND: POST /session/ce18119c429c75dafb499373c9e41797/element - {"using":"xpath","value":"//*[@id=\"__button4-img\"]"}
RESULT: {"using":"xpath","value":"//*[@id=\"__button4-img\"]"}
COMMAND: POST /session/ce18119c429c75dafb499373c9e41797/element/f.75ABCD62A5F27F9CE9C2BE5C52A034DE.d.4F4F3E078B9A5187CE47F9C382145826.e.1227/click - {}
RESULT: {}
COMMAND: POST /session/ce18119c429c75dafb499373c9e41797/execute/async - {"script":"<script> [1562 bytes]","args":[{"selector":{"id":"application-managesites-display-component---NewSite--siteId","interaction":{"idSuffix":"inner"}},"wdio_ui5_key":"applicationmanagesites-display-component---NewSite--siteId"}]}
COMMAND: GET /session/ce18119c429c75dafb499373c9e41797/screenshot - {}
RESULT: {"script":"<script> [1562 bytes]","args":[{"selector":{"id":"application-managesites-display-component---NewSite--siteId","interaction":{"idSuffix":"inner"}},"wdio_ui5_key":"applicationmanagesites-display-component---NewSite--siteId"}]}
RESULT: undefined
COMMAND: POST /session/ce18119c429c75dafb499373c9e41797/execute/async - {"script":"<script> [1562 bytes]","args":[{"selector":{"id":"application-managesites-display-component---NewSite--addressDetailDetailsName1","interaction":{"idSuffix":"inner"}},"wdio_ui5_key":"applicationmanagesites-display-component---NewSite--addressDetailDetailsName1"}]}
RESULT: {}
RESULT: {"script":"<script> [1562 bytes]","args":[{"selector":{"id":"application-managesites-display-component---NewSite--addressDetailDetailsName1","interaction":{"idSuffix":"inner"}},"wdio_ui5_key":"applicationmanagesites-display-component---NewSite--addressDetailDetailsName1"}]}
RESULT: undefined
COMMAND: POST /session/ce18119c429c75dafb499373c9e41797/execute/async - {"script":"<script> [776 bytes]","args":[{"enterText":"WebdriverSite2rl9b","selector":{"id":"application-managesites-display-component---NewSite--addressDetailDetailsName1","interaction":{"idSuffix":"inner"}},"clearTextFirst":true,"interactionType":"ENTER_TEXT"}]}
RESULT: {"script":"<script> [776 bytes]","args":[{"enterText":"WebdriverSite2rl9b","selector":{"id":"application-managesites-display-component---NewSite--addressDetailDetailsName1","interaction":{"idSuffix":"inner"}},"clearTextFirst":true,"interactionType":"ENTER_TEXT"}]}
COMMAND: POST /session/ce18119c429c75dafb499373c9e41797/execute/async - {"script":"<script> [1562 bytes]","args":[{"selector":{"id":"application-managesites-display-component---NewSite--addressDetailDetailsLanguage","interaction":{"idSuffix":"inner"}},"wdio_ui5_key":"applicationmanagesites-display-component---NewSite--addressDetailDetailsLanguage"}]}
RESULT: {"script":"<script> [1562 bytes]","args":[{"selector":{"id":"application-managesites-display-component---NewSite--addressDetailDetailsLanguage","interaction":{"idSuffix":"inner"}},"wdio_ui5_key":"applicationmanagesites-display-component---NewSite--addressDetailDetailsLanguage"}]}
RESULT: undefined
COMMAND: POST /session/ce18119c429c75dafb499373c9e41797/execute/async - {"script":"<script> [776 bytes]","args":[{"enterText":"Romanian","selector":{"id":"application-managesites-display-component---NewSite--addressDetailDetailsLanguage","interaction":{"idSuffix":"inner"}},"clearTextFirst":true,"interactionType":"ENTER_TEXT"}]}
RESULT: {"script":"<script> [776 bytes]","args":[{"enterText":"Romanian","selector":{"id":"application-managesites-display-component---NewSite--addressDetailDetailsLanguage","interaction":{"idSuffix":"inner"}},"clearTextFirst":true,"interactionType":"ENTER_TEXT"}]}
COMMAND: POST /session/ce18119c429c75dafb499373c9e41797/execute/async - {"script":"<script> [1562 bytes]","args":[{"selector":{"id":"application-managesites-display-component---NewSite--addressDetailDetailsCity1","interaction":{"idSuffix":"inner"}},"wdio_ui5_key":"applicationmanagesites-display-component---NewSite--addressDetailDetailsCity1"}]}
RESULT: {"script":"<script> [1562 bytes]","args":[{"selector":{"id":"application-managesites-display-component---NewSite--addressDetailDetailsCity1","interaction":{"idSuffix":"inner"}},"wdio_ui5_key":"applicationmanagesites-display-component---NewSite--addressDetailDetailsCity1"}]}
RESULT: undefined
COMMAND: POST /session/ce18119c429c75dafb499373c9e41797/execute/async - {"script":"<script> [776 bytes]","args":[{"enterText":"Bucharest","selector":{"id":"application-managesites-display-component---NewSite--addressDetailDetailsCity1","interaction":{"idSuffix":"inner"}},"clearTextFirst":true,"interactionType":"ENTER_TEXT"}]}
RESULT: {"script":"<script> [776 bytes]","args":[{"enterText":"Bucharest","selector":{"id":"application-managesites-display-component---NewSite--addressDetailDetailsCity1","interaction":{"idSuffix":"inner"}},"clearTextFirst":true,"interactionType":"ENTER_TEXT"}]}
COMMAND: POST /session/ce18119c429c75dafb499373c9e41797/execute/async - {"script":"<script> [1562 bytes]","args":[{"selector":{"id":"application-managesites-display-component---NewSite--addressDetailDetailsCountry","interaction":{"idSuffix":"inner"}},"wdio_ui5_key":"applicationmanagesites-display-component---NewSite--addressDetailDetailsCountry"}]}
RESULT: {"script":"<script> [1562 bytes]","args":[{"selector":{"id":"application-managesites-display-component---NewSite--addressDetailDetailsCountry","interaction":{"idSuffix":"inner"}},"wdio_ui5_key":"applicationmanagesites-display-component---NewSite--addressDetailDetailsCountry"}]}
RESULT: undefined
COMMAND: POST /session/ce18119c429c75dafb499373c9e41797/execute/async - {"script":"<script> [776 bytes]","args":[{"enterText":"Romania","selector":{"id":"application-managesites-display-component---NewSite--addressDetailDetailsCountry","interaction":{"idSuffix":"inner"}},"clearTextFirst":true,"interactionType":"ENTER_TEXT"}]}
RESULT: {"script":"<script> [776 bytes]","args":[{"enterText":"Romania","selector":{"id":"application-managesites-display-component---NewSite--addressDetailDetailsCountry","interaction":{"idSuffix":"inner"}},"clearTextFirst":true,"interactionType":"ENTER_TEXT"}]}
COMMAND: POST /session/ce18119c429c75dafb499373c9e41797/element - {"using":"css selector","value":"#application-managesites-display-component---NewSite--addressDetailDetailsCalendar-inner"}
RESULT: {"using":"css selector","value":"#application-managesites-display-component---NewSite--addressDetailDetailsCalendar-inner"}
COMMAND: POST /session/ce18119c429c75dafb499373c9e41797/element/f.75ABCD62A5F27F9CE9C2BE5C52A034DE.d.4F4F3E078B9A5187CE47F9C382145826.e.1398/clear - {}
RESULT: {}
COMMAND: POST /session/ce18119c429c75dafb499373c9e41797/element/f.75ABCD62A5F27F9CE9C2BE5C52A034DE.d.4F4F3E078B9A5187CE47F9C382145826.e.1398/value - {"text":"Germany"}
COMMAND: GET /session/ce18119c429c75dafb499373c9e41797/screenshot - {}
RESULT: {"text":"Germany"}
COMMAND: POST /session/ce18119c429c75dafb499373c9e41797/execute/async - {"script":"<script> [1562 bytes]","args":[{"selector":{"id":"application-managesites-display-component---NewSite--addressEditDetailsCostObjectCstType-arrow"},"wdio_ui5_key":"applicationmanagesites-display-component---NewSite--addressEditDetailsCostObjectCstType-arrow"}]}
COMMAND: GET /session/ce18119c429c75dafb499373c9e41797/screenshot - {}
RESULT: {}
RESULT: {}
RESULT: {"script":"<script> [1562 bytes]","args":[{"selector":{"id":"application-managesites-display-component---NewSite--addressEditDetailsCostObjectCstType-arrow"},"wdio_ui5_key":"applicationmanagesites-display-component---NewSite--addressEditDetailsCostObjectCstType-arrow"}]}
RESULT: undefined
COMMAND: POST /session/ce18119c429c75dafb499373c9e41797/element - {"using":"xpath","value":"//*[@id=\"application-managesites-display-component---NewSite--addressEditDetailsCostObjectCstType-arrow\"]"}
RESULT: {"using":"xpath","value":"//*[@id=\"application-managesites-display-component---NewSite--addressEditDetailsCostObjectCstType-arrow\"]"}
COMMAND: POST /session/ce18119c429c75dafb499373c9e41797/element/f.75ABCD62A5F27F9CE9C2BE5C52A034DE.d.4F4F3E078B9A5187CE47F9C382145826.e.1583/click - {}
RESULT: {}
COMMAND: POST /session/ce18119c429c75dafb499373c9e41797/element - {"using":"xpath","value":"//span[contains(text(), \"Work Breakdown Structure\")]"}
COMMAND: GET /session/ce18119c429c75dafb499373c9e41797/screenshot - {}
RESULT: {}
RESULT: {"using":"xpath","value":"//span[contains(text(), \"Work Breakdown Structure\")]"}
COMMAND: POST /session/ce18119c429c75dafb499373c9e41797/element/f.75ABCD62A5F27F9CE9C2BE5C52A034DE.d.4F4F3E078B9A5187CE47F9C382145826.e.1585/click - {}
RESULT: {}
COMMAND: GET /session/ce18119c429c75dafb499373c9e41797/screenshot - {}
RESULT: {}
RESULT: undefined
COMMAND: POST /session/ce18119c429c75dafb499373c9e41797/execute/async - {"script":"<script> [1562 bytes]","args":[{"selector":{"id":"application-managesites-display-component---NewSite--addressNewCostObjectCstID-vhi"},"wdio_ui5_key":"applicationmanagesites-display-component---NewSite--addressNewCostObjectCstID-vhi"}]}
RESULT: {"script":"<script> [1562 bytes]","args":[{"selector":{"id":"application-managesites-display-component---NewSite--addressNewCostObjectCstID-vhi"},"wdio_ui5_key":"applicationmanagesites-display-component---NewSite--addressNewCostObjectCstID-vhi"}]}
RESULT: undefined
COMMAND: POST /session/ce18119c429c75dafb499373c9e41797/element - {"using":"xpath","value":"//*[@id=\"application-managesites-display-component---NewSite--addressNewCostObjectCstID-vhi\"]"}
RESULT: {"using":"xpath","value":"//*[@id=\"application-managesites-display-component---NewSite--addressNewCostObjectCstID-vhi\"]"}
COMMAND: POST /session/ce18119c429c75dafb499373c9e41797/element/f.75ABCD62A5F27F9CE9C2BE5C52A034DE.d.4F4F3E078B9A5187CE47F9C382145826.e.1589/click - {}
RESULT: {}
COMMAND: GET /session/ce18119c429c75dafb499373c9e41797/screenshot - {}
RESULT: {}
COMMAND: POST /session/ce18119c429c75dafb499373c9e41797/execute/async - {"script":"<script> [1562 bytes]","args":[{"selector":{"controlType":"sap.m.SearchField","properties":{"placeholder":"Search"},"searchOpenDialogs":true,"interaction":{"idSuffix":"I"}},"wdio_ui5_key":"sapm.SearchField{\"placeholder\":\"Search\"}"}]}
RESULT: {"script":"<script> [1562 bytes]","args":[{"selector":{"controlType":"sap.m.SearchField","properties":{"placeholder":"Search"},"searchOpenDialogs":true,"interaction":{"idSuffix":"I"}},"wdio_ui5_key":"sapm.SearchField{\"placeholder\":\"Search\"}"}]}
RESULT: undefined
COMMAND: POST /session/ce18119c429c75dafb499373c9e41797/execute/async - {"script":"<script> [776 bytes]","args":[{"enterText":"A1-000100-01","selector":{"controlType":"sap.m.SearchField","properties":{"placeholder":"Search"},"searchOpenDialogs":true,"interaction":{"idSuffix":"I"}},"clearTextFirst":true,"interactionType":"ENTER_TEXT"}]}
RESULT: {"script":"<script> [776 bytes]","args":[{"enterText":"A1-000100-01","selector":{"controlType":"sap.m.SearchField","properties":{"placeholder":"Search"},"searchOpenDialogs":true,"interaction":{"idSuffix":"I"}},"clearTextFirst":true,"interactionType":"ENTER_TEXT"}]}
COMMAND: POST /session/ce18119c429c75dafb499373c9e41797/actions - {"actions":[{"id":"action3","type":"key","parameters":{},"actions":[{"type":"keyDown","value":""},{"type":"pause","duration":10},{"type":"keyUp","value":""}]}]}
RESULT: {"actions":[{"id":"action3","type":"key","parameters":{},"actions":[{"type":"keyDown","value":""},{"type":"pause","duration":10},{"type":"keyUp","value":""}]}]}
COMMAND: GET /session/ce18119c429c75dafb499373c9e41797/screenshot - {}
RESULT: {}
COMMAND: POST /session/ce18119c429c75dafb499373c9e41797/element - {"using":"xpath","value":"//span[contains(text(), \"Template for ETO-Process\")]"}
RESULT: {"using":"xpath","value":"//span[contains(text(), \"Template for ETO-Process\")]"}
COMMAND: POST /session/ce18119c429c75dafb499373c9e41797/element/f.75ABCD62A5F27F9CE9C2BE5C52A034DE.d.4F4F3E078B9A5187CE47F9C382145826.e.1609/click - {}
RESULT: {}
COMMAND: GET /session/ce18119c429c75dafb499373c9e41797/screenshot - {}
RESULT: {}
COMMAND: POST /session/ce18119c429c75dafb499373c9e41797/element - {"using":"xpath","value":"//bdi[contains(text(), \"OK\")]"}
RESULT: {"using":"xpath","value":"//bdi[contains(text(), \"OK\")]"}
COMMAND: POST /session/ce18119c429c75dafb499373c9e41797/element/f.75ABCD62A5F27F9CE9C2BE5C52A034DE.d.4F4F3E078B9A5187CE47F9C382145826.e.1610/click - {}
RESULT: {}
COMMAND: GET /session/ce18119c429c75dafb499373c9e41797/screenshot - {}
RESULT: {}
COMMAND: POST /session/ce18119c429c75dafb499373c9e41797/element - {"using":"xpath","value":"//input[@id=\"application-managesites-display-component---NewSite--addressDetailDetailsYard-inner\"]"}
RESULT: {"using":"xpath","value":"//input[@id=\"application-managesites-display-component---NewSite--addressDetailDetailsYard-inner\"]"}
COMMAND: POST /session/ce18119c429c75dafb499373c9e41797/element/f.75ABCD62A5F27F9CE9C2BE5C52A034DE.d.4F4F3E078B9A5187CE47F9C382145826.e.1399/value - {"text":"WebdriverYard1sv7"}
RESULT: {"text":"WebdriverYard1sv7"}
COMMAND: GET /session/ce18119c429c75dafb499373c9e41797/screenshot - {}
RESULT: {}
COMMAND: POST /session/ce18119c429c75dafb499373c9e41797/actions - {"actions":[{"id":"action4","type":"key","parameters":{},"actions":[{"type":"keyDown","value":""},{"type":"pause","duration":10},{"type":"keyUp","value":""}]}]}
RESULT: {"actions":[{"id":"action4","type":"key","parameters":{},"actions":[{"type":"keyDown","value":""},{"type":"pause","duration":10},{"type":"keyUp","value":""}]}]}
COMMAND: GET /session/ce18119c429c75dafb499373c9e41797/screenshot - {}
RESULT: {}
COMMAND: POST /session/ce18119c429c75dafb499373c9e41797/element - {"using":"xpath","value":"//input[@id=\"application-managesites-display-component---NewSite--addressDetailDetailsPartner-inner\"]"}
RESULT: {"using":"xpath","value":"//input[@id=\"application-managesites-display-component---NewSite--addressDetailDetailsPartner-inner\"]"}
COMMAND: POST /session/ce18119c429c75dafb499373c9e41797/elements - {"using":"xpath","value":"//input[@id=\"application-managesites-display-component---NewSite--addressDetailDetailsPartner-inner\"]"}
RESULT: {"using":"xpath","value":"//input[@id=\"application-managesites-display-component---NewSite--addressDetailDetailsPartner-inner\"]"}
COMMAND: POST /session/ce18119c429c75dafb499373c9e41797/execute/async - {"script":"<script> [1562 bytes]","args":[{"selector":{"controlType":"sap.m.Button","viewName":"etm.portal.ui.managesites.view.NewSmartSite","viewId":"application-managesites-display-component---NewSite","properties":{"text":"Commercial"},"interaction":{"idSuffix":"BDI-content"}},"wdio_ui5_key":"etmportal.ui.managesites.view.NewSmartSitesap.m.Button{\"text\":\"Commercial\"}"}]}
RESULT: {"script":"<script> [1562 bytes]","args":[{"selector":{"controlType":"sap.m.Button","viewName":"etm.portal.ui.managesites.view.NewSmartSite","viewId":"application-managesites-display-component---NewSite","properties":{"text":"Commercial"},"interaction":{"idSuffix":"BDI-content"}},"wdio_ui5_key":"etmportal.ui.managesites.view.NewSmartSitesap.m.Button{\"text\":\"Commercial\"}"}]}
RESULT: undefined
COMMAND: POST /session/ce18119c429c75dafb499373c9e41797/element - {"using":"xpath","value":"//*[@id=\"application-managesites-display-component---NewSite--ObjectPageLayout-anchBar-__section5-anchor\"]"}
RESULT: {"using":"xpath","value":"//*[@id=\"application-managesites-display-component---NewSite--ObjectPageLayout-anchBar-__section5-anchor\"]"}
COMMAND: POST /session/ce18119c429c75dafb499373c9e41797/element/f.75ABCD62A5F27F9CE9C2BE5C52A034DE.d.4F4F3E078B9A5187CE47F9C382145826.e.1617/click - {}
RESULT: {}
COMMAND: POST /session/ce18119c429c75dafb499373c9e41797/execute/async - {"script":"<script> [1562 bytes]","args":[{"selector":{"controlType":"sap.m.Button","viewName":"etm.portal.ui.managesites.view.NewSmartSite","viewId":"application-managesites-display-component---NewSite","i18NText":{"propertyName":"text","key":"save"},"interaction":{"idSuffix":"BDI-content"}},"wdio_ui5_key":"etmportal.ui.managesites.view.NewSmartSitesap.m.Button{\"propertyName\":\"text\",\"key\":\"save\"}"}]}
COMMAND: GET /session/ce18119c429c75dafb499373c9e41797/screenshot - {}
RESULT: {"script":"<script> [1562 bytes]","args":[{"selector":{"controlType":"sap.m.Button","viewName":"etm.portal.ui.managesites.view.NewSmartSite","viewId":"application-managesites-display-component---NewSite","i18NText":{"propertyName":"text","key":"save"},"interaction":{"idSuffix":"BDI-content"}},"wdio_ui5_key":"etmportal.ui.managesites.view.NewSmartSitesap.m.Button{\"propertyName\":\"text\",\"key\":\"save\"}"}]}
RESULT: undefined
COMMAND: POST /session/ce18119c429c75dafb499373c9e41797/element - {"using":"xpath","value":"//*[@id=\"__button16\"]"}
RESULT: {}
RESULT: {"using":"xpath","value":"//*[@id=\"__button16\"]"}
COMMAND: POST /session/ce18119c429c75dafb499373c9e41797/element/f.75ABCD62A5F27F9CE9C2BE5C52A034DE.d.4F4F3E078B9A5187CE47F9C382145826.e.1562/click - {}
RESULT: {}
COMMAND: GET /session/ce18119c429c75dafb499373c9e41797/screenshot - {}
RESULT: {}
COMMAND: POST /session/ce18119c429c75dafb499373c9e41797/execute/async - {"script":"<script> [1562 bytes]","args":[{"selector":{"id":"application-managesites-display-component---detailSite--addressDetailDetailsYardText"},"wdio_ui5_key":"applicationmanagesites-display-component---detailSite--addressDetailDetailsYardText"}]}
RESULT: {"script":"<script> [1562 bytes]","args":[{"selector":{"id":"application-managesites-display-component---detailSite--addressDetailDetailsYardText"},"wdio_ui5_key":"applicationmanagesites-display-component---detailSite--addressDetailDetailsYardText"}]}
RESULT: undefined
COMMAND: POST /session/ce18119c429c75dafb499373c9e41797/element - {"using":"xpath","value":"//header/div/div[2]/div[2]/span"}
RESULT: {"using":"xpath","value":"//header/div/div[2]/div[2]/span"}
COMMAND: GET /session/ce18119c429c75dafb499373c9e41797/element/f.75ABCD62A5F27F9CE9C2BE5C52A034DE.d.4F4F3E078B9A5187CE47F9C382145826.e.1809/text - {}
RESULT: {}
COMMAND: POST /session/ce18119c429c75dafb499373c9e41797/element - {"using":"xpath","value":"//header/div/div/div/div/div/div[2]/div/span"}
RESULT: {"using":"xpath","value":"//header/div/div/div/div/div/div[2]/div/span"}
COMMAND: GET /session/ce18119c429c75dafb499373c9e41797/element/f.75ABCD62A5F27F9CE9C2BE5C52A034DE.d.4F4F3E078B9A5187CE47F9C382145826.e.1810/text - {}
RESULT: {}
COMMAND: POST /session/ce18119c429c75dafb499373c9e41797/element - {"using":"css selector","value":"#shell-header-logo"}
RESULT: {"using":"css selector","value":"#shell-header-logo"}
COMMAND: POST /session/ce18119c429c75dafb499373c9e41797/element/f.75ABCD62A5F27F9CE9C2BE5C52A034DE.d.4F4F3E078B9A5187CE47F9C382145826.e.1181/click - {}
RESULT: {}
COMMAND: GET /session/ce18119c429c75dafb499373c9e41797/screenshot - {}
RESULT: {}
COMMAND: POST /session/ce18119c429c75dafb499373c9e41797/execute/async - {"script":"<script> [1562 bytes]","args":[{"selector":{"controlType":"sap.m.GenericTile","properties":{"header":"Manage Partners"}},"wdio_ui5_key":"sapm.GenericTile{\"header\":\"Manage Partners\"}"}]}
RESULT: {"script":"<script> [1562 bytes]","args":[{"selector":{"controlType":"sap.m.GenericTile","properties":{"header":"Manage Partners"}},"wdio_ui5_key":"sapm.GenericTile{\"header\":\"Manage Partners\"}"}]}
RESULT: undefined
COMMAND: POST /session/ce18119c429c75dafb499373c9e41797/element - {"using":"xpath","value":"//*[@id=\"__tile39\"]"}
RESULT: {"using":"xpath","value":"//*[@id=\"__tile39\"]"}
COMMAND: POST /session/ce18119c429c75dafb499373c9e41797/element/f.75ABCD62A5F27F9CE9C2BE5C52A034DE.d.4F4F3E078B9A5187CE47F9C382145826.e.1812/click - {}
RESULT: {}
COMMAND: GET /session/ce18119c429c75dafb499373c9e41797/screenshot - {}
RESULT: {}
COMMAND: POST /session/ce18119c429c75dafb499373c9e41797/elements - {"using":"xpath","value":"//span[text()='Error']"}
RESULT: {"using":"xpath","value":"//span[text()='Error']"}
COMMAND: POST /session/ce18119c429c75dafb499373c9e41797/execute/async - {"script":"<script> [1562 bytes]","args":[{"selector":{"controlType":"sap.ui.core.Icon","viewName":"etm.portal.ui.managepartners.view.Master","viewId":"application-managepartners-display-component---masterPtm","properties":{"src":{"regex":{"source":"add"}}}},"wdio_ui5_key":"etmportal.ui.managepartners.view.Mastersap.ui.core.Icon{\"src\":{\"regex\":{\"source\":\"add\"}}}"}]}
RESULT: {"script":"<script> [1562 bytes]","args":[{"selector":{"controlType":"sap.ui.core.Icon","viewName":"etm.portal.ui.managepartners.view.Master","viewId":"application-managepartners-display-component---masterPtm","properties":{"src":{"regex":{"source":"add"}}}},"wdio_ui5_key":"etmportal.ui.managepartners.view.Mastersap.ui.core.Icon{\"src\":{\"regex\":{\"source\":\"add\"}}}"}]}
RESULT: undefined
COMMAND: POST /session/ce18119c429c75dafb499373c9e41797/element - {"using":"xpath","value":"//*[@id=\"__button60-img\"]"}
RESULT: {"using":"xpath","value":"//*[@id=\"__button60-img\"]"}
COMMAND: POST /session/ce18119c429c75dafb499373c9e41797/element/f.75ABCD62A5F27F9CE9C2BE5C52A034DE.d.4F4F3E078B9A5187CE47F9C382145826.e.1862/click - {}
RESULT: {}
COMMAND: GET /session/ce18119c429c75dafb499373c9e41797/screenshot - {}
RESULT: {}
COMMAND: POST /session/ce18119c429c75dafb499373c9e41797/execute/async - {"script":"<script> [1562 bytes]","args":[{"selector":{"id":"application-managepartners-display-component---NewPartner--partnerId","interaction":{"idSuffix":"inner"}},"wdio_ui5_key":"applicationmanagepartners-display-component---NewPartner--partnerId"}]}
RESULT: {"script":"<script> [1562 bytes]","args":[{"selector":{"id":"application-managepartners-display-component---NewPartner--partnerId","interaction":{"idSuffix":"inner"}},"wdio_ui5_key":"applicationmanagepartners-display-component---NewPartner--partnerId"}]}
RESULT: undefined
COMMAND: POST /session/ce18119c429c75dafb499373c9e41797/execute/async - {"script":"<script> [1562 bytes]","args":[{"selector":{"id":"application-managepartners-display-component---NewPartner--addressDetailDetailsName1","interaction":{"idSuffix":"inner"}},"wdio_ui5_key":"applicationmanagepartners-display-component---NewPartner--addressDetailDetailsName1"}]}
RESULT: {"script":"<script> [1562 bytes]","args":[{"selector":{"id":"application-managepartners-display-component---NewPartner--addressDetailDetailsName1","interaction":{"idSuffix":"inner"}},"wdio_ui5_key":"applicationmanagepartners-display-component---NewPartner--addressDetailDetailsName1"}]}
RESULT: undefined
COMMAND: POST /session/ce18119c429c75dafb499373c9e41797/execute/async - {"script":"<script> [776 bytes]","args":[{"enterText":"WebdriverPartner1su2d","selector":{"id":"application-managepartners-display-component---NewPartner--addressDetailDetailsName1","interaction":{"idSuffix":"inner"}},"clearTextFirst":true,"interactionType":"ENTER_TEXT"}]}
RESULT: {"script":"<script> [776 bytes]","args":[{"enterText":"WebdriverPartner1su2d","selector":{"id":"application-managepartners-display-component---NewPartner--addressDetailDetailsName1","interaction":{"idSuffix":"inner"}},"clearTextFirst":true,"interactionType":"ENTER_TEXT"}]}
COMMAND: POST /session/ce18119c429c75dafb499373c9e41797/execute/async - {"script":"<script> [1562 bytes]","args":[{"selector":{"id":"application-managepartners-display-component---NewPartner--addressDetailDetailsLanguage","interaction":{"idSuffix":"inner"}},"wdio_ui5_key":"applicationmanagepartners-display-component---NewPartner--addressDetailDetailsLanguage"}]}
RESULT: {"script":"<script> [1562 bytes]","args":[{"selector":{"id":"application-managepartners-display-component---NewPartner--addressDetailDetailsLanguage","interaction":{"idSuffix":"inner"}},"wdio_ui5_key":"applicationmanagepartners-display-component---NewPartner--addressDetailDetailsLanguage"}]}
RESULT: undefined
COMMAND: POST /session/ce18119c429c75dafb499373c9e41797/execute/async - {"script":"<script> [776 bytes]","args":[{"enterText":"Romanian","selector":{"id":"application-managepartners-display-component---NewPartner--addressDetailDetailsLanguage","interaction":{"idSuffix":"inner"}},"clearTextFirst":true,"interactionType":"ENTER_TEXT"}]}
RESULT: {"script":"<script> [776 bytes]","args":[{"enterText":"Romanian","selector":{"id":"application-managepartners-display-component---NewPartner--addressDetailDetailsLanguage","interaction":{"idSuffix":"inner"}},"clearTextFirst":true,"interactionType":"ENTER_TEXT"}]}
COMMAND: POST /session/ce18119c429c75dafb499373c9e41797/element - {"using":"xpath","value":"//input[contains(@id ,\"application-managepartners-display-component---NewPartner--addressDetailDetailsName1-inner\")]"}
RESULT: {"using":"xpath","value":"//input[contains(@id ,\"application-managepartners-display-component---NewPartner--addressDetailDetailsName1-inner\")]"}
COMMAND: GET /session/ce18119c429c75dafb499373c9e41797/element/f.75ABCD62A5F27F9CE9C2BE5C52A034DE.d.4F4F3E078B9A5187CE47F9C382145826.e.2023/property/value - {}
RESULT: {}
COMMAND: POST /session/ce18119c429c75dafb499373c9e41797/execute/async - {"script":"<script> [1562 bytes]","args":[{"selector":{"id":"application-managepartners-display-component---NewPartner--addressDetailDetailsCity1","interaction":{"idSuffix":"inner"}},"wdio_ui5_key":"applicationmanagepartners-display-component---NewPartner--addressDetailDetailsCity1"}]}
COMMAND: GET /session/ce18119c429c75dafb499373c9e41797/screenshot - {}
RESULT: {"script":"<script> [1562 bytes]","args":[{"selector":{"id":"application-managepartners-display-component---NewPartner--addressDetailDetailsCity1","interaction":{"idSuffix":"inner"}},"wdio_ui5_key":"applicationmanagepartners-display-component---NewPartner--addressDetailDetailsCity1"}]}
RESULT: undefined
COMMAND: POST /session/ce18119c429c75dafb499373c9e41797/execute/async - {"script":"<script> [776 bytes]","args":[{"enterText":"Bucharest","selector":{"id":"application-managepartners-display-component---NewPartner--addressDetailDetailsCity1","interaction":{"idSuffix":"inner"}},"clearTextFirst":true,"interactionType":"ENTER_TEXT"}]}
RESULT: {}
RESULT: {"script":"<script> [776 bytes]","args":[{"enterText":"Bucharest","selector":{"id":"application-managepartners-display-component---NewPartner--addressDetailDetailsCity1","interaction":{"idSuffix":"inner"}},"clearTextFirst":true,"interactionType":"ENTER_TEXT"}]}
COMMAND: POST /session/ce18119c429c75dafb499373c9e41797/execute/async - {"script":"<script> [1562 bytes]","args":[{"selector":{"id":"application-managepartners-display-component---NewPartner--addressDetailDetailsCountry","interaction":{"idSuffix":"inner"}},"wdio_ui5_key":"applicationmanagepartners-display-component---NewPartner--addressDetailDetailsCountry"}]}
RESULT: {"script":"<script> [1562 bytes]","args":[{"selector":{"id":"application-managepartners-display-component---NewPartner--addressDetailDetailsCountry","interaction":{"idSuffix":"inner"}},"wdio_ui5_key":"applicationmanagepartners-display-component---NewPartner--addressDetailDetailsCountry"}]}
RESULT: undefined
COMMAND: POST /session/ce18119c429c75dafb499373c9e41797/execute/async - {"script":"<script> [6424 bytes]","args":[{"element-6066-11e4-a52e-4f735466cecf":"f.75ABCD62A5F27F9CE9C2BE5C52A034DE.d.4F4F3E078B9A5187CE47F9C382145826.e.2030"},"setValue",["Romania"]]}
RESULT: {"script":"<script> [6424 bytes]","args":[{"element-6066-11e4-a52e-4f735466cecf":"f.75ABCD62A5F27F9CE9C2BE5C52A034DE.d.4F4F3E078B9A5187CE47F9C382145826.e.2030"},"setValue",["Romania"]]}
COMMAND: POST /session/ce18119c429c75dafb499373c9e41797/execute/async - {"script":"<script> [1562 bytes]","args":[{"selector":{"id":"application-managepartners-display-component---NewPartner--partnerDetailInternal","interaction":{"idSuffix":"inner"}},"wdio_ui5_key":"applicationmanagepartners-display-component---NewPartner--partnerDetailInternal"}]}
RESULT: {"script":"<script> [1562 bytes]","args":[{"selector":{"id":"application-managepartners-display-component---NewPartner--partnerDetailInternal","interaction":{"idSuffix":"inner"}},"wdio_ui5_key":"applicationmanagepartners-display-component---NewPartner--partnerDetailInternal"}]}
RESULT: undefined
COMMAND: POST /session/ce18119c429c75dafb499373c9e41797/execute/async - {"script":"<script> [776 bytes]","args":[{"enterText":"External partner","selector":{"id":"application-managepartners-display-component---NewPartner--partnerDetailInternal","interaction":{"idSuffix":"inner"}},"clearTextFirst":true,"interactionType":"ENTER_TEXT"}]}
RESULT: {"script":"<script> [776 bytes]","args":[{"enterText":"External partner","selector":{"id":"application-managepartners-display-component---NewPartner--partnerDetailInternal","interaction":{"idSuffix":"inner"}},"clearTextFirst":true,"interactionType":"ENTER_TEXT"}]}
COMMAND: POST /session/ce18119c429c75dafb499373c9e41797/execute/async - {"script":"<script> [1562 bytes]","args":[{"selector":{"id":"application-managepartners-display-component---NewPartner--partnerDetailsCurrency","interaction":{"idSuffix":"inner"}},"wdio_ui5_key":"applicationmanagepartners-display-component---NewPartner--partnerDetailsCurrency"}]}
RESULT: {"script":"<script> [1562 bytes]","args":[{"selector":{"id":"application-managepartners-display-component---NewPartner--partnerDetailsCurrency","interaction":{"idSuffix":"inner"}},"wdio_ui5_key":"applicationmanagepartners-display-component---NewPartner--partnerDetailsCurrency"}]}
RESULT: undefined
COMMAND: POST /session/ce18119c429c75dafb499373c9e41797/execute/async - {"script":"<script> [776 bytes]","args":[{"enterText":"Euro","selector":{"id":"application-managepartners-display-component---NewPartner--partnerDetailsCurrency","interaction":{"idSuffix":"inner"}},"clearTextFirst":true,"interactionType":"ENTER_TEXT"}]}
RESULT: {"script":"<script> [776 bytes]","args":[{"enterText":"Euro","selector":{"id":"application-managepartners-display-component---NewPartner--partnerDetailsCurrency","interaction":{"idSuffix":"inner"}},"clearTextFirst":true,"interactionType":"ENTER_TEXT"}]}
COMMAND: POST /session/ce18119c429c75dafb499373c9e41797/execute/async - {"script":"<script> [1562 bytes]","args":[{"selector":{"controlType":"sap.m.Button","viewName":"etm.portal.ui.managepartners.view.NewPartner","viewId":"application-managepartners-display-component---NewPartner","properties":{"text":"Commercial"},"interaction":{"idSuffix":"BDI-content"}},"wdio_ui5_key":"etmportal.ui.managepartners.view.NewPartnersap.m.Button{\"text\":\"Commercial\"}"}]}
RESULT: {"script":"<script> [1562 bytes]","args":[{"selector":{"controlType":"sap.m.Button","viewName":"etm.portal.ui.managepartners.view.NewPartner","viewId":"application-managepartners-display-component---NewPartner","properties":{"text":"Commercial"},"interaction":{"idSuffix":"BDI-content"}},"wdio_ui5_key":"etmportal.ui.managepartners.view.NewPartnersap.m.Button{\"text\":\"Commercial\"}"}]}
RESULT: undefined
COMMAND: POST /session/ce18119c429c75dafb499373c9e41797/element - {"using":"xpath","value":"//*[@id=\"application-managepartners-display-component---NewPartner--ObjectPageLayout-anchBar-__section29-anchor\"]"}
RESULT: {"using":"xpath","value":"//*[@id=\"application-managepartners-display-component---NewPartner--ObjectPageLayout-anchBar-__section29-anchor\"]"}
COMMAND: POST /session/ce18119c429c75dafb499373c9e41797/element/f.75ABCD62A5F27F9CE9C2BE5C52A034DE.d.4F4F3E078B9A5187CE47F9C382145826.e.2253/click - {}
RESULT: {}
COMMAND: GET /session/ce18119c429c75dafb499373c9e41797/screenshot - {}
RESULT: {}
COMMAND: POST /session/ce18119c429c75dafb499373c9e41797/execute/async - {"script":"<script> [1562 bytes]","args":[{"selector":{"id":"application-managepartners-display-component---NewPartner--btnAddTableRow-img"},"wdio_ui5_key":"applicationmanagepartners-display-component---NewPartner--btnAddTableRow-img"}]}
RESULT: {"script":"<script> [1562 bytes]","args":[{"selector":{"id":"application-managepartners-display-component---NewPartner--btnAddTableRow-img"},"wdio_ui5_key":"applicationmanagepartners-display-component---NewPartner--btnAddTableRow-img"}]}
RESULT: undefined
COMMAND: POST /session/ce18119c429c75dafb499373c9e41797/element - {"using":"xpath","value":"//*[@id=\"application-managepartners-display-component---NewPartner--btnAddTableRow-img\"]"}
RESULT: {"using":"xpath","value":"//*[@id=\"application-managepartners-display-component---NewPartner--btnAddTableRow-img\"]"}
COMMAND: POST /session/ce18119c429c75dafb499373c9e41797/element/f.75ABCD62A5F27F9CE9C2BE5C52A034DE.d.4F4F3E078B9A5187CE47F9C382145826.e.2259/click - {}
RESULT: {}
COMMAND: POST /session/ce18119c429c75dafb499373c9e41797/element - {"using":"xpath","value":"//input[contains(@id ,\"application-managepartners-display-component---NewPartner--assignmentYard-application-managepartners-display-component---NewPartner\")]"}
COMMAND: GET /session/ce18119c429c75dafb499373c9e41797/screenshot - {}
RESULT: {"using":"xpath","value":"//input[contains(@id ,\"application-managepartners-display-component---NewPartner--assignmentYard-application-managepartners-display-component---NewPartner\")]"}
COMMAND: POST /session/ce18119c429c75dafb499373c9e41797/element/f.75ABCD62A5F27F9CE9C2BE5C52A034DE.d.4F4F3E078B9A5187CE47F9C382145826.e.2263/clear - {}
RESULT: {}
RESULT: {}
COMMAND: POST /session/ce18119c429c75dafb499373c9e41797/element/f.75ABCD62A5F27F9CE9C2BE5C52A034DE.d.4F4F3E078B9A5187CE47F9C382145826.e.2263/value - {"text":"WebdriverYard1sv7"}
COMMAND: GET /session/ce18119c429c75dafb499373c9e41797/screenshot - {}
RESULT: {"text":"WebdriverYard1sv7"}
COMMAND: GET /session/ce18119c429c75dafb499373c9e41797/screenshot - {}
RESULT: {}
RESULT: {}
COMMAND: POST /session/ce18119c429c75dafb499373c9e41797/execute/async - {"script":"<script> [1562 bytes]","args":[{"selector":{"controlType":"sap.m.Button","viewName":"etm.portal.ui.managepartners.view.NewPartner","viewId":"application-managepartners-display-component---NewPartner","i18NText":{"propertyName":"text","key":"save"},"interaction":{"idSuffix":"BDI-content"}},"wdio_ui5_key":"etmportal.ui.managepartners.view.NewPartnersap.m.Button{\"propertyName\":\"text\",\"key\":\"save\"}"}]}
RESULT: {"script":"<script> [1562 bytes]","args":[{"selector":{"controlType":"sap.m.Button","viewName":"etm.portal.ui.managepartners.view.NewPartner","viewId":"application-managepartners-display-component---NewPartner","i18NText":{"propertyName":"text","key":"save"},"interaction":{"idSuffix":"BDI-content"}},"wdio_ui5_key":"etmportal.ui.managepartners.view.NewPartnersap.m.Button{\"propertyName\":\"text\",\"key\":\"save\"}"}]}
RESULT: undefined
COMMAND: POST /session/ce18119c429c75dafb499373c9e41797/element - {"using":"xpath","value":"//*[@id=\"__button68\"]"}
RESULT: {"using":"xpath","value":"//*[@id=\"__button68\"]"}
COMMAND: POST /session/ce18119c429c75dafb499373c9e41797/element/f.75ABCD62A5F27F9CE9C2BE5C52A034DE.d.4F4F3E078B9A5187CE47F9C382145826.e.2226/click - {}
RESULT: {}
COMMAND: GET /session/ce18119c429c75dafb499373c9e41797/screenshot - {}
RESULT: {}
COMMAND: POST /session/ce18119c429c75dafb499373c9e41797/element - {"using":"xpath","value":"//header/div/div[2]/div[2]/span"}
RESULT: {"using":"xpath","value":"//header/div/div[2]/div[2]/span"}
COMMAND: GET /session/ce18119c429c75dafb499373c9e41797/element/f.75ABCD62A5F27F9CE9C2BE5C52A034DE.d.4F4F3E078B9A5187CE47F9C382145826.e.2421/text - {}
RESULT: {}
COMMAND: POST /session/ce18119c429c75dafb499373c9e41797/element - {"using":"xpath","value":"//header/div/div/div/div/div/div[2]/div/span"}
RESULT: {"using":"xpath","value":"//header/div/div/div/div/div/div[2]/div/span"}
COMMAND: GET /session/ce18119c429c75dafb499373c9e41797/element/f.75ABCD62A5F27F9CE9C2BE5C52A034DE.d.4F4F3E078B9A5187CE47F9C382145826.e.2422/text - {}
RESULT: {}
COMMAND: POST /session/ce18119c429c75dafb499373c9e41797/execute/async - {"script":"<script> [1562 bytes]","args":[{"selector":{"id":"application-managepartners-display-component---detailPtm--partnerType"},"wdio_ui5_key":"applicationmanagepartners-display-component---detailPtm--partnerType"}]}
RESULT: {"script":"<script> [1562 bytes]","args":[{"selector":{"id":"application-managepartners-display-component---detailPtm--partnerType"},"wdio_ui5_key":"applicationmanagepartners-display-component---detailPtm--partnerType"}]}
RESULT: undefined
COMMAND: POST /session/ce18119c429c75dafb499373c9e41797/execute/async - {"script":"<script> [6424 bytes]","args":[{"element-6066-11e4-a52e-4f735466cecf":"f.75ABCD62A5F27F9CE9C2BE5C52A034DE.d.4F4F3E078B9A5187CE47F9C382145826.e.2423"},"getText",[]]}
RESULT: {"script":"<script> [6424 bytes]","args":[{"element-6066-11e4-a52e-4f735466cecf":"f.75ABCD62A5F27F9CE9C2BE5C52A034DE.d.4F4F3E078B9A5187CE47F9C382145826.e.2423"},"getText",[]]}
COMMAND: POST /session/ce18119c429c75dafb499373c9e41797/element - {"using":"css selector","value":"#shell-header-logo"}
RESULT: {"using":"css selector","value":"#shell-header-logo"}
COMMAND: POST /session/ce18119c429c75dafb499373c9e41797/element/f.75ABCD62A5F27F9CE9C2BE5C52A034DE.d.4F4F3E078B9A5187CE47F9C382145826.e.1815/click - {}
RESULT: {}
COMMAND: GET /session/ce18119c429c75dafb499373c9e41797/screenshot - {}
RESULT: {}
]]></system-out>
    </testcase>
    <testcase classname="chrome.137_0_7151_69.windows.Webshop_-_Hyperlinks_visible_and_working_properly__US139085" name="Should create a new contract" time="103.862">
      <system-out><![CDATA[
COMMAND: POST /session/ce18119c429c75dafb499373c9e41797/execute/async - {"script":"<script> [1562 bytes]","args":[{"selector":{"controlType":"sap.m.GenericTile","properties":{"header":"Manage Contracts"}},"wdio_ui5_key":"sapm.GenericTile{\"header\":\"Manage Contracts\"}"}]}
RESULT: {"script":"<script> [1562 bytes]","args":[{"selector":{"controlType":"sap.m.GenericTile","properties":{"header":"Manage Contracts"}},"wdio_ui5_key":"sapm.GenericTile{\"header\":\"Manage Contracts\"}"}]}
RESULT: undefined
COMMAND: POST /session/ce18119c429c75dafb499373c9e41797/element - {"using":"xpath","value":"//*[@id=\"__tile132\"]"}
RESULT: {"using":"xpath","value":"//*[@id=\"__tile132\"]"}
COMMAND: POST /session/ce18119c429c75dafb499373c9e41797/element/f.75ABCD62A5F27F9CE9C2BE5C52A034DE.d.4F4F3E078B9A5187CE47F9C382145826.e.2425/click - {}
RESULT: {}
COMMAND: GET /session/ce18119c429c75dafb499373c9e41797/screenshot - {}
RESULT: {}
COMMAND: POST /session/ce18119c429c75dafb499373c9e41797/elements - {"using":"xpath","value":"//span[text()='Error']"}
RESULT: {"using":"xpath","value":"//span[text()='Error']"}
COMMAND: POST /session/ce18119c429c75dafb499373c9e41797/element - {"using":"xpath","value":"//button[@data-kt=\"addButton\"]"}
RESULT: {"using":"xpath","value":"//button[@data-kt=\"addButton\"]"}
COMMAND: POST /session/ce18119c429c75dafb499373c9e41797/element/f.75ABCD62A5F27F9CE9C2BE5C52A034DE.d.4F4F3E078B9A5187CE47F9C382145826.e.2478/click - {}
RESULT: {}
COMMAND: GET /session/ce18119c429c75dafb499373c9e41797/screenshot - {}
RESULT: {}
COMMAND: POST /session/ce18119c429c75dafb499373c9e41797/execute/async - {"script":"<script> [1562 bytes]","args":[{"selector":{"id":"application-managecontracts-display-component---AddNewContract--projectDescription","interaction":{"idSuffix":"inner"}},"wdio_ui5_key":"applicationmanagecontracts-display-component---AddNewContract--projectDescription"}]}
RESULT: {"script":"<script> [1562 bytes]","args":[{"selector":{"id":"application-managecontracts-display-component---AddNewContract--projectDescription","interaction":{"idSuffix":"inner"}},"wdio_ui5_key":"applicationmanagecontracts-display-component---AddNewContract--projectDescription"}]}
RESULT: undefined
COMMAND: POST /session/ce18119c429c75dafb499373c9e41797/execute/async - {"script":"<script> [776 bytes]","args":[{"enterText":"WdIOTest6jji6k","selector":{"id":"application-managecontracts-display-component---AddNewContract--projectDescription","interaction":{"idSuffix":"inner"}},"clearTextFirst":true,"interactionType":"ENTER_TEXT"}]}
RESULT: {"script":"<script> [776 bytes]","args":[{"enterText":"WdIOTest6jji6k","selector":{"id":"application-managecontracts-display-component---AddNewContract--projectDescription","interaction":{"idSuffix":"inner"}},"clearTextFirst":true,"interactionType":"ENTER_TEXT"}]}
COMMAND: POST /session/ce18119c429c75dafb499373c9e41797/element - {"using":"xpath","value":"//input[@id=\"application-managecontracts-display-component---AddNewContract--yardId-inner\"]"}
RESULT: {"using":"xpath","value":"//input[@id=\"application-managecontracts-display-component---AddNewContract--yardId-inner\"]"}
COMMAND: POST /session/ce18119c429c75dafb499373c9e41797/element/f.75ABCD62A5F27F9CE9C2BE5C52A034DE.d.4F4F3E078B9A5187CE47F9C382145826.e.2743/clear - {}
RESULT: {}
COMMAND: POST /session/ce18119c429c75dafb499373c9e41797/element/f.75ABCD62A5F27F9CE9C2BE5C52A034DE.d.4F4F3E078B9A5187CE47F9C382145826.e.2743/value - {"text":"WebdriverYard1sv7"}
COMMAND: GET /session/ce18119c429c75dafb499373c9e41797/screenshot - {}
RESULT: {"text":"WebdriverYard1sv7"}
COMMAND: GET /session/ce18119c429c75dafb499373c9e41797/screenshot - {}
RESULT: {}
RESULT: {}
COMMAND: POST /session/ce18119c429c75dafb499373c9e41797/actions - {"actions":[{"id":"action5","type":"key","parameters":{},"actions":[{"type":"keyDown","value":""},{"type":"pause","duration":10},{"type":"keyUp","value":""}]}]}
RESULT: {"actions":[{"id":"action5","type":"key","parameters":{},"actions":[{"type":"keyDown","value":""},{"type":"pause","duration":10},{"type":"keyUp","value":""}]}]}
COMMAND: GET /session/ce18119c429c75dafb499373c9e41797/screenshot - {}
RESULT: {}
COMMAND: POST /session/ce18119c429c75dafb499373c9e41797/element - {"using":"xpath","value":"//input[@id=\"application-managecontracts-display-component---AddNewContract--customerSelect-inner\"]"}
RESULT: {"using":"xpath","value":"//input[@id=\"application-managecontracts-display-component---AddNewContract--customerSelect-inner\"]"}
COMMAND: POST /session/ce18119c429c75dafb499373c9e41797/element/f.75ABCD62A5F27F9CE9C2BE5C52A034DE.d.4F4F3E078B9A5187CE47F9C382145826.e.2741/clear - {}
RESULT: {}
COMMAND: POST /session/ce18119c429c75dafb499373c9e41797/element/f.75ABCD62A5F27F9CE9C2BE5C52A034DE.d.4F4F3E078B9A5187CE47F9C382145826.e.2741/value - {"text":"WebdriverPartner1su2d"}
COMMAND: GET /session/ce18119c429c75dafb499373c9e41797/screenshot - {}
RESULT: {"text":"WebdriverPartner1su2d"}
COMMAND: GET /session/ce18119c429c75dafb499373c9e41797/screenshot - {}
RESULT: {}
RESULT: {}
COMMAND: POST /session/ce18119c429c75dafb499373c9e41797/actions - {"actions":[{"id":"action6","type":"key","parameters":{},"actions":[{"type":"keyDown","value":""},{"type":"pause","duration":10},{"type":"keyUp","value":""}]}]}
RESULT: {"actions":[{"id":"action6","type":"key","parameters":{},"actions":[{"type":"keyDown","value":""},{"type":"pause","duration":10},{"type":"keyUp","value":""}]}]}
COMMAND: GET /session/ce18119c429c75dafb499373c9e41797/screenshot - {}
RESULT: {}
COMMAND: POST /session/ce18119c429c75dafb499373c9e41797/element - {"using":"xpath","value":"//input[@id=\"application-managecontracts-display-component---AddNewContract--site-inner\"]"}
RESULT: {"using":"xpath","value":"//input[@id=\"application-managecontracts-display-component---AddNewContract--site-inner\"]"}
COMMAND: POST /session/ce18119c429c75dafb499373c9e41797/element/f.75ABCD62A5F27F9CE9C2BE5C52A034DE.d.4F4F3E078B9A5187CE47F9C382145826.e.2742/clear - {}
RESULT: {}
COMMAND: POST /session/ce18119c429c75dafb499373c9e41797/element/f.75ABCD62A5F27F9CE9C2BE5C52A034DE.d.4F4F3E078B9A5187CE47F9C382145826.e.2742/value - {"text":"WebdriverSite2rl9b"}
COMMAND: GET /session/ce18119c429c75dafb499373c9e41797/screenshot - {}
RESULT: {"text":"WebdriverSite2rl9b"}
COMMAND: GET /session/ce18119c429c75dafb499373c9e41797/screenshot - {}
RESULT: {}
RESULT: {}
COMMAND: POST /session/ce18119c429c75dafb499373c9e41797/actions - {"actions":[{"id":"action7","type":"key","parameters":{},"actions":[{"type":"keyDown","value":""},{"type":"pause","duration":10},{"type":"keyUp","value":""}]}]}
RESULT: {"actions":[{"id":"action7","type":"key","parameters":{},"actions":[{"type":"keyDown","value":""},{"type":"pause","duration":10},{"type":"keyUp","value":""}]}]}
COMMAND: GET /session/ce18119c429c75dafb499373c9e41797/screenshot - {}
RESULT: {}
COMMAND: POST /session/ce18119c429c75dafb499373c9e41797/element - {"using":"xpath","value":"//button[@data-kt=\"saveButton\"]"}
RESULT: {"using":"xpath","value":"//button[@data-kt=\"saveButton\"]"}
COMMAND: POST /session/ce18119c429c75dafb499373c9e41797/element/f.75ABCD62A5F27F9CE9C2BE5C52A034DE.d.4F4F3E078B9A5187CE47F9C382145826.e.2817/click - {}
RESULT: {}
COMMAND: GET /session/ce18119c429c75dafb499373c9e41797/screenshot - {}
RESULT: {}
COMMAND: POST /session/ce18119c429c75dafb499373c9e41797/execute/async - {"script":"<script> [1562 bytes]","args":[{"selector":{"id":"contractDetailTitleNoExpanded","viewName":"etm.portal.ui.managecontracts.view.Detail"},"wdio_ui5_key":"contractDetailTitleNoExpandedetmportal.ui.managecontracts.view.Detail"}]}
RESULT: {"script":"<script> [1562 bytes]","args":[{"selector":{"id":"contractDetailTitleNoExpanded","viewName":"etm.portal.ui.managecontracts.view.Detail"},"wdio_ui5_key":"contractDetailTitleNoExpandedetmportal.ui.managecontracts.view.Detail"}]}
RESULT: undefined
COMMAND: POST /session/ce18119c429c75dafb499373c9e41797/execute/async - {"script":"<script> [6424 bytes]","args":[{"element-6066-11e4-a52e-4f735466cecf":"f.75ABCD62A5F27F9CE9C2BE5C52A034DE.d.4F4F3E078B9A5187CE47F9C382145826.e.2895"},"getText",[]]}
RESULT: {"script":"<script> [6424 bytes]","args":[{"element-6066-11e4-a52e-4f735466cecf":"f.75ABCD62A5F27F9CE9C2BE5C52A034DE.d.4F4F3E078B9A5187CE47F9C382145826.e.2895"},"getText",[]]}
COMMAND: POST /session/ce18119c429c75dafb499373c9e41797/element - {"using":"css selector","value":"#shell-header-logo"}
RESULT: {"using":"css selector","value":"#shell-header-logo"}
COMMAND: POST /session/ce18119c429c75dafb499373c9e41797/element/f.75ABCD62A5F27F9CE9C2BE5C52A034DE.d.4F4F3E078B9A5187CE47F9C382145826.e.2427/click - {}
RESULT: {}
COMMAND: GET /session/ce18119c429c75dafb499373c9e41797/screenshot - {}
RESULT: {}
]]></system-out>
    </testcase>
    <testcase classname="chrome.137_0_7151_69.windows.Webshop_-_Hyperlinks_visible_and_working_properly__US139085" name="Should create a new webshop request and verify yard hyperlinks" time="248.459">
      <system-out><![CDATA[
COMMAND: POST /session/ce18119c429c75dafb499373c9e41797/execute/async - {"script":"<script> [1562 bytes]","args":[{"selector":{"controlType":"sap.m.GenericTile","properties":{"header":"Webshop"}},"wdio_ui5_key":"sapm.GenericTile{\"header\":\"Webshop\"}"}]}
RESULT: {"script":"<script> [1562 bytes]","args":[{"selector":{"controlType":"sap.m.GenericTile","properties":{"header":"Webshop"}},"wdio_ui5_key":"sapm.GenericTile{\"header\":\"Webshop\"}"}]}
RESULT: undefined
COMMAND: POST /session/ce18119c429c75dafb499373c9e41797/element - {"using":"xpath","value":"//*[@id=\"__tile51\"]"}
RESULT: {"using":"xpath","value":"//*[@id=\"__tile51\"]"}
COMMAND: POST /session/ce18119c429c75dafb499373c9e41797/element/f.75ABCD62A5F27F9CE9C2BE5C52A034DE.d.4F4F3E078B9A5187CE47F9C382145826.e.2900/click - {}
RESULT: {}
COMMAND: GET /session/ce18119c429c75dafb499373c9e41797/screenshot - {}
RESULT: {}
COMMAND: POST /session/ce18119c429c75dafb499373c9e41797/elements - {"using":"xpath","value":"//span[text()='Error']"}
RESULT: {"using":"xpath","value":"//span[text()='Error']"}
COMMAND: POST /session/ce18119c429c75dafb499373c9e41797/element - {"using":"css selector","value":"#requestCreationDialog--createRequestPopUp-title-inner"}
RESULT: {"using":"css selector","value":"#requestCreationDialog--createRequestPopUp-title-inner"}
COMMAND: POST /session/ce18119c429c75dafb499373c9e41797/execute/sync - {"script":"<script> [8489 bytes]","args":[{"element-6066-11e4-a52e-4f735466cecf":"f.75ABCD62A5F27F9CE9C2BE5C52A034DE.d.4F4F3E078B9A5187CE47F9C382145826.e.2927","ELEMENT":"f.75ABCD62A5F27F9CE9C2BE5C52A034DE.d.4F4F3E078B9A5187CE47F9C382145826.e.2927"}]}
RESULT: {"script":"<script> [8489 bytes]","args":[{"element-6066-11e4-a52e-4f735466cecf":"f.75ABCD62A5F27F9CE9C2BE5C52A034DE.d.4F4F3E078B9A5187CE47F9C382145826.e.2927","ELEMENT":"f.75ABCD62A5F27F9CE9C2BE5C52A034DE.d.4F4F3E078B9A5187CE47F9C382145826.e.2927"}]}
COMMAND: GET /session/ce18119c429c75dafb499373c9e41797/element/f.75ABCD62A5F27F9CE9C2BE5C52A034DE.d.4F4F3E078B9A5187CE47F9C382145826.e.2927/enabled - {}
COMMAND: GET /session/ce18119c429c75dafb499373c9e41797/screenshot - {}
RESULT: {}
COMMAND: POST /session/ce18119c429c75dafb499373c9e41797/execute/async - {"script":"<script> [1562 bytes]","args":[{"selector":{"id":"requestCreationDialog--requestName","searchOpenDialogs":true,"interaction":{"idSuffix":"inner"}},"wdio_ui5_key":"requestCreationDialogrequestName"}]}
COMMAND: GET /session/ce18119c429c75dafb499373c9e41797/screenshot - {}
RESULT: {}
RESULT: {"script":"<script> [1562 bytes]","args":[{"selector":{"id":"requestCreationDialog--requestName","searchOpenDialogs":true,"interaction":{"idSuffix":"inner"}},"wdio_ui5_key":"requestCreationDialogrequestName"}]}
RESULT: undefined
COMMAND: POST /session/ce18119c429c75dafb499373c9e41797/execute/async - {"script":"<script> [776 bytes]","args":[{"enterText":"WebdriverTest","selector":{"id":"requestCreationDialog--requestName","searchOpenDialogs":true,"interaction":{"idSuffix":"inner"}},"clearTextFirst":true,"interactionType":"ENTER_TEXT"}]}
RESULT: {}
RESULT: {"script":"<script> [776 bytes]","args":[{"enterText":"WebdriverTest","selector":{"id":"requestCreationDialog--requestName","searchOpenDialogs":true,"interaction":{"idSuffix":"inner"}},"clearTextFirst":true,"interactionType":"ENTER_TEXT"}]}
COMMAND: POST /session/ce18119c429c75dafb499373c9e41797/element - {"using":"xpath","value":"//input[contains(@id ,\"requestCreationDialog--contract-inner\")]"}
RESULT: {"using":"xpath","value":"//input[contains(@id ,\"requestCreationDialog--contract-inner\")]"}
COMMAND: POST /session/ce18119c429c75dafb499373c9e41797/element/f.75ABCD62A5F27F9CE9C2BE5C52A034DE.d.4F4F3E078B9A5187CE47F9C382145826.e.2913/clear - {}
RESULT: {}
COMMAND: POST /session/ce18119c429c75dafb499373c9e41797/element/f.75ABCD62A5F27F9CE9C2BE5C52A034DE.d.4F4F3E078B9A5187CE47F9C382145826.e.2913/value - {"text":"10168"}
COMMAND: GET /session/ce18119c429c75dafb499373c9e41797/screenshot - {}
RESULT: {"text":"10168"}
COMMAND: GET /session/ce18119c429c75dafb499373c9e41797/screenshot - {}
RESULT: {}
RESULT: {}
COMMAND: POST /session/ce18119c429c75dafb499373c9e41797/actions - {"actions":[{"id":"action8","type":"key","parameters":{},"actions":[{"type":"keyDown","value":""},{"type":"pause","duration":10},{"type":"keyUp","value":""}]}]}
RESULT: {"actions":[{"id":"action8","type":"key","parameters":{},"actions":[{"type":"keyDown","value":""},{"type":"pause","duration":10},{"type":"keyUp","value":""}]}]}
COMMAND: GET /session/ce18119c429c75dafb499373c9e41797/screenshot - {}
RESULT: {}
COMMAND: POST /session/ce18119c429c75dafb499373c9e41797/element - {"using":"xpath","value":"//input[contains(@id ,\"requestCreationDialog--contract-inner\")]"}
RESULT: {"using":"xpath","value":"//input[contains(@id ,\"requestCreationDialog--contract-inner\")]"}
COMMAND: GET /session/ce18119c429c75dafb499373c9e41797/element/f.75ABCD62A5F27F9CE9C2BE5C52A034DE.d.4F4F3E078B9A5187CE47F9C382145826.e.2913/property/value - {}
RESULT: {}
COMMAND: POST /session/ce18119c429c75dafb499373c9e41797/element - {"using":"xpath","value":"//input[contains(@id ,\"requestCreationDialog--contract-inner\")]"}
COMMAND: GET /session/ce18119c429c75dafb499373c9e41797/screenshot - {}
RESULT: {"using":"xpath","value":"//input[contains(@id ,\"requestCreationDialog--contract-inner\")]"}
COMMAND: POST /session/ce18119c429c75dafb499373c9e41797/execute/async - {"script":"<script> [1562 bytes]","args":[{"selector":{"id":"requestCreationDialog--okButton","searchOpenDialogs":true,"interaction":{"idSuffix":"BDI-content"}},"wdio_ui5_key":"requestCreationDialogokButton"}]}
RESULT: {}
RESULT: {"script":"<script> [1562 bytes]","args":[{"selector":{"id":"requestCreationDialog--okButton","searchOpenDialogs":true,"interaction":{"idSuffix":"BDI-content"}},"wdio_ui5_key":"requestCreationDialogokButton"}]}
RESULT: undefined
COMMAND: POST /session/ce18119c429c75dafb499373c9e41797/element - {"using":"xpath","value":"//*[@id=\"requestCreationDialog--okButton\"]"}
RESULT: {"using":"xpath","value":"//*[@id=\"requestCreationDialog--okButton\"]"}
COMMAND: POST /session/ce18119c429c75dafb499373c9e41797/element/f.75ABCD62A5F27F9CE9C2BE5C52A034DE.d.4F4F3E078B9A5187CE47F9C382145826.e.2935/click - {}
RESULT: {}
COMMAND: GET /session/ce18119c429c75dafb499373c9e41797/screenshot - {}
RESULT: {}
COMMAND: POST /session/ce18119c429c75dafb499373c9e41797/element - {"using":"xpath","value":"//input[contains(@id ,\"searchFiledId-I\")]"}
RESULT: {"using":"xpath","value":"//input[contains(@id ,\"searchFiledId-I\")]"}
COMMAND: POST /session/ce18119c429c75dafb499373c9e41797/element/f.75ABCD62A5F27F9CE9C2BE5C52A034DE.d.4F4F3E078B9A5187CE47F9C382145826.e.2905/value - {"text":"Dri-Prime CD150M Diesel Pump"}
RESULT: {"text":"Dri-Prime CD150M Diesel Pump"}
COMMAND: POST /session/ce18119c429c75dafb499373c9e41797/actions - {"actions":[{"id":"action9","type":"key","parameters":{},"actions":[{"type":"keyDown","value":""},{"type":"pause","duration":10},{"type":"keyUp","value":""}]}]}
COMMAND: GET /session/ce18119c429c75dafb499373c9e41797/screenshot - {}
RESULT: {"actions":[{"id":"action9","type":"key","parameters":{},"actions":[{"type":"keyDown","value":""},{"type":"pause","duration":10},{"type":"keyUp","value":""}]}]}
COMMAND: GET /session/ce18119c429c75dafb499373c9e41797/screenshot - {}
RESULT: {}
RESULT: {}
COMMAND: POST /session/ce18119c429c75dafb499373c9e41797/element - {"using":"xpath","value":"//span[contains(@id ,\"subTitle\")][contains(text(), \"Dri-Prime CD150M Diesel Pump\")]"}
RESULT: {"using":"xpath","value":"//span[contains(@id ,\"subTitle\")][contains(text(), \"Dri-Prime CD150M Diesel Pump\")]"}
COMMAND: POST /session/ce18119c429c75dafb499373c9e41797/element/f.75ABCD62A5F27F9CE9C2BE5C52A034DE.d.4F4F3E078B9A5187CE47F9C382145826.e.2942/click - {}
RESULT: {}
COMMAND: GET /session/ce18119c429c75dafb499373c9e41797/screenshot - {}
RESULT: {}
COMMAND: POST /session/ce18119c429c75dafb499373c9e41797/execute/async - {"script":"<script> [1562 bytes]","args":[{"selector":{"controlType":"sap.m.Button","viewName":"etm.portal.ui.webshop.view.Homepage","i18NText":{"propertyName":"text","key":"addToRequest"},"interaction":{"idSuffix":"BDI-content"}},"wdio_ui5_key":"etmportal.ui.webshop.view.Homepagesap.m.Button{\"propertyName\":\"text\",\"key\":\"addToRequest\"}"}]}
RESULT: {"script":"<script> [1562 bytes]","args":[{"selector":{"controlType":"sap.m.Button","viewName":"etm.portal.ui.webshop.view.Homepage","i18NText":{"propertyName":"text","key":"addToRequest"},"interaction":{"idSuffix":"BDI-content"}},"wdio_ui5_key":"etmportal.ui.webshop.view.Homepagesap.m.Button{\"propertyName\":\"text\",\"key\":\"addToRequest\"}"}]}
RESULT: undefined
COMMAND: POST /session/ce18119c429c75dafb499373c9e41797/element - {"using":"xpath","value":"//*[@id=\"__button134\"]"}
RESULT: {"using":"xpath","value":"//*[@id=\"__button134\"]"}
COMMAND: POST /session/ce18119c429c75dafb499373c9e41797/element/f.75ABCD62A5F27F9CE9C2BE5C52A034DE.d.4F4F3E078B9A5187CE47F9C382145826.e.2956/click - {}
RESULT: {}
COMMAND: GET /session/ce18119c429c75dafb499373c9e41797/screenshot - {}
RESULT: {}
COMMAND: POST /session/ce18119c429c75dafb499373c9e41797/element - {"using":"xpath","value":"//*[contains(@id ,\"activeCartId-BDI-content\")]"}
RESULT: {"using":"xpath","value":"//*[contains(@id ,\"activeCartId-BDI-content\")]"}
COMMAND: POST /session/ce18119c429c75dafb499373c9e41797/element/f.75ABCD62A5F27F9CE9C2BE5C52A034DE.d.4F4F3E078B9A5187CE47F9C382145826.e.2964/click - {}
RESULT: {}
COMMAND: GET /session/ce18119c429c75dafb499373c9e41797/screenshot - {}
RESULT: {}
COMMAND: POST /session/ce18119c429c75dafb499373c9e41797/element - {"using":"xpath","value":"//bdi[contains(text(), \"Check out my request\")]"}
RESULT: {"using":"xpath","value":"//bdi[contains(text(), \"Check out my request\")]"}
COMMAND: POST /session/ce18119c429c75dafb499373c9e41797/element/f.75ABCD62A5F27F9CE9C2BE5C52A034DE.d.4F4F3E078B9A5187CE47F9C382145826.e.2966/click - {}
RESULT: {}
COMMAND: GET /session/ce18119c429c75dafb499373c9e41797/screenshot - {}
RESULT: {}
COMMAND: POST /session/ce18119c429c75dafb499373c9e41797/element - {"using":"xpath","value":"//*[contains(@data-kt ,\"webshopDetailYardLink\")]"}
RESULT: {"using":"xpath","value":"//*[contains(@data-kt ,\"webshopDetailYardLink\")]"}
COMMAND: POST /session/ce18119c429c75dafb499373c9e41797/element/f.75ABCD62A5F27F9CE9C2BE5C52A034DE.d.4F4F3E078B9A5187CE47F9C382145826.e.3037/click - {}
RESULT: {}
COMMAND: POST /session/ce18119c429c75dafb499373c9e41797/element - {"using":"xpath","value":"//*[contains(@data-kt ,\"ContextMenuId2Link\")][contains(text(), \"Yard Overview\")]"}
COMMAND: GET /session/ce18119c429c75dafb499373c9e41797/screenshot - {}
RESULT: {"using":"xpath","value":"//*[contains(@data-kt ,\"ContextMenuId2Link\")][contains(text(), \"Yard Overview\")]"}
COMMAND: POST /session/ce18119c429c75dafb499373c9e41797/execute/sync - {"script":"<script> [8489 bytes]","args":[{"element-6066-11e4-a52e-4f735466cecf":"f.75ABCD62A5F27F9CE9C2BE5C52A034DE.d.4F4F3E078B9A5187CE47F9C382145826.e.3039","ELEMENT":"f.75ABCD62A5F27F9CE9C2BE5C52A034DE.d.4F4F3E078B9A5187CE47F9C382145826.e.3039"}]}
COMMAND: POST /session/ce18119c429c75dafb499373c9e41797/element - {"using":"xpath","value":"//*[contains(@data-kt ,\"ContextMenuId3Link\")][contains(text(), \"Yard Main Address\")]"}
RESULT: {}
RESULT: {"using":"xpath","value":"//*[contains(@data-kt ,\"ContextMenuId3Link\")][contains(text(), \"Yard Main Address\")]"}
COMMAND: POST /session/ce18119c429c75dafb499373c9e41797/execute/sync - {"script":"<script> [8489 bytes]","args":[{"element-6066-11e4-a52e-4f735466cecf":"f.75ABCD62A5F27F9CE9C2BE5C52A034DE.d.4F4F3E078B9A5187CE47F9C382145826.e.3040","ELEMENT":"f.75ABCD62A5F27F9CE9C2BE5C52A034DE.d.4F4F3E078B9A5187CE47F9C382145826.e.3040"}]}
COMMAND: POST /session/ce18119c429c75dafb499373c9e41797/element - {"using":"xpath","value":"//*[contains(@data-kt ,\"ContextMenuId2Link\")][contains(text(), \"Yard Overview\")]"}
RESULT: {"script":"<script> [8489 bytes]","args":[{"element-6066-11e4-a52e-4f735466cecf":"f.75ABCD62A5F27F9CE9C2BE5C52A034DE.d.4F4F3E078B9A5187CE47F9C382145826.e.3039","ELEMENT":"f.75ABCD62A5F27F9CE9C2BE5C52A034DE.d.4F4F3E078B9A5187CE47F9C382145826.e.3039"}]}
COMMAND: GET /session/ce18119c429c75dafb499373c9e41797/screenshot - {}
RESULT: {"using":"xpath","value":"//*[contains(@data-kt ,\"ContextMenuId2Link\")][contains(text(), \"Yard Overview\")]"}
COMMAND: POST /session/ce18119c429c75dafb499373c9e41797/element/f.75ABCD62A5F27F9CE9C2BE5C52A034DE.d.4F4F3E078B9A5187CE47F9C382145826.e.3039/click - {}
RESULT: {"script":"<script> [8489 bytes]","args":[{"element-6066-11e4-a52e-4f735466cecf":"f.75ABCD62A5F27F9CE9C2BE5C52A034DE.d.4F4F3E078B9A5187CE47F9C382145826.e.3040","ELEMENT":"f.75ABCD62A5F27F9CE9C2BE5C52A034DE.d.4F4F3E078B9A5187CE47F9C382145826.e.3040"}]}
COMMAND: GET /session/ce18119c429c75dafb499373c9e41797/screenshot - {}
RESULT: {}
RESULT: {}
COMMAND: GET /session/ce18119c429c75dafb499373c9e41797/screenshot - {}
RESULT: {}
RESULT: {}
COMMAND: POST /session/ce18119c429c75dafb499373c9e41797/execute/async - {"script":"<script> [1562 bytes]","args":[{"selector":{"id":"shellAppTitle"},"wdio_ui5_key":"shellAppTitle"}]}
RESULT: {"script":"<script> [1562 bytes]","args":[{"selector":{"id":"shellAppTitle"},"wdio_ui5_key":"shellAppTitle"}]}
RESULT: undefined
COMMAND: POST /session/ce18119c429c75dafb499373c9e41797/execute/async - {"script":"<script> [6424 bytes]","args":[{"element-6066-11e4-a52e-4f735466cecf":"f.75ABCD62A5F27F9CE9C2BE5C52A034DE.d.4F4F3E078B9A5187CE47F9C382145826.e.3167"},"getTitle",[]]}
RESULT: {"script":"<script> [6424 bytes]","args":[{"element-6066-11e4-a52e-4f735466cecf":"f.75ABCD62A5F27F9CE9C2BE5C52A034DE.d.4F4F3E078B9A5187CE47F9C382145826.e.3167"},"getTitle",[]]}
COMMAND: POST /session/ce18119c429c75dafb499373c9e41797/element - {"using":"xpath","value":"//span[contains(@id ,\"title\")][contains(text(), \"WebdriverYard1sv7\")]"}
RESULT: {"using":"xpath","value":"//span[contains(@id ,\"title\")][contains(text(), \"WebdriverYard1sv7\")]"}
COMMAND: POST /session/ce18119c429c75dafb499373c9e41797/execute/sync - {"script":"<script> [8489 bytes]","args":[{"element-6066-11e4-a52e-4f735466cecf":"f.75ABCD62A5F27F9CE9C2BE5C52A034DE.d.4F4F3E078B9A5187CE47F9C382145826.e.3168","ELEMENT":"f.75ABCD62A5F27F9CE9C2BE5C52A034DE.d.4F4F3E078B9A5187CE47F9C382145826.e.3168"}]}
COMMAND: POST /session/ce18119c429c75dafb499373c9e41797/execute/async - {"script":"<script> [1562 bytes]","args":[{"selector":{"id":"backBtn"},"wdio_ui5_key":"backBtn"}]}
RESULT: {"script":"<script> [8489 bytes]","args":[{"element-6066-11e4-a52e-4f735466cecf":"f.75ABCD62A5F27F9CE9C2BE5C52A034DE.d.4F4F3E078B9A5187CE47F9C382145826.e.3168","ELEMENT":"f.75ABCD62A5F27F9CE9C2BE5C52A034DE.d.4F4F3E078B9A5187CE47F9C382145826.e.3168"}]}
COMMAND: GET /session/ce18119c429c75dafb499373c9e41797/screenshot - {}
RESULT: {"script":"<script> [1562 bytes]","args":[{"selector":{"id":"backBtn"},"wdio_ui5_key":"backBtn"}]}
RESULT: undefined
COMMAND: POST /session/ce18119c429c75dafb499373c9e41797/element - {"using":"xpath","value":"//*[@id=\"backBtn\"]"}
COMMAND: POST /session/ce18119c429c75dafb499373c9e41797/execute/sync - {"script":"<script> [8489 bytes]","args":[{"element-6066-11e4-a52e-4f735466cecf":"f.75ABCD62A5F27F9CE9C2BE5C52A034DE.d.4F4F3E078B9A5187CE47F9C382145826.e.3168","ELEMENT":"f.75ABCD62A5F27F9CE9C2BE5C52A034DE.d.4F4F3E078B9A5187CE47F9C382145826.e.3168"}]}
RESULT: {}
RESULT: {"using":"xpath","value":"//*[@id=\"backBtn\"]"}
COMMAND: POST /session/ce18119c429c75dafb499373c9e41797/element/f.75ABCD62A5F27F9CE9C2BE5C52A034DE.d.4F4F3E078B9A5187CE47F9C382145826.e.3169/click - {}
RESULT: {"script":"<script> [8489 bytes]","args":[{"element-6066-11e4-a52e-4f735466cecf":"f.75ABCD62A5F27F9CE9C2BE5C52A034DE.d.4F4F3E078B9A5187CE47F9C382145826.e.3168","ELEMENT":"f.75ABCD62A5F27F9CE9C2BE5C52A034DE.d.4F4F3E078B9A5187CE47F9C382145826.e.3168"}]}
COMMAND: GET /session/ce18119c429c75dafb499373c9e41797/screenshot - {}
COMMAND: POST /session/ce18119c429c75dafb499373c9e41797/execute/sync - {"script":"<script> [8489 bytes]","args":[{"element-6066-11e4-a52e-4f735466cecf":"f.75ABCD62A5F27F9CE9C2BE5C52A034DE.d.4F4F3E078B9A5187CE47F9C382145826.e.3168","ELEMENT":"f.75ABCD62A5F27F9CE9C2BE5C52A034DE.d.4F4F3E078B9A5187CE47F9C382145826.e.3168"}]}
RESULT: {}
COMMAND: GET /session/ce18119c429c75dafb499373c9e41797/screenshot - {}
RESULT: {}
COMMAND: POST /session/ce18119c429c75dafb499373c9e41797/element - {"using":"xpath","value":"//span[contains(@id ,\"title\")][contains(text(), \"WebdriverYard1sv7\")]"}
RESULT: {}
RESULT: {"using":"xpath","value":"//span[contains(@id ,\"title\")][contains(text(), \"WebdriverYard1sv7\")]"}
COMMAND: POST /session/ce18119c429c75dafb499373c9e41797/element - {"using":"xpath","value":"//span[contains(@id ,\"title\")][contains(text(), \"WebdriverYard1sv7\")]"}
RESULT: {"using":"xpath","value":"//span[contains(@id ,\"title\")][contains(text(), \"WebdriverYard1sv7\")]"}
COMMAND: POST /session/ce18119c429c75dafb499373c9e41797/element - {"using":"xpath","value":"//span[contains(@id ,\"title\")][contains(text(), \"WebdriverYard1sv7\")]"}
RESULT: {"using":"xpath","value":"//span[contains(@id ,\"title\")][contains(text(), \"WebdriverYard1sv7\")]"}
COMMAND: POST /session/ce18119c429c75dafb499373c9e41797/element - {"using":"xpath","value":"//span[contains(@id ,\"title\")][contains(text(), \"WebdriverYard1sv7\")]"}
RESULT: {"using":"xpath","value":"//span[contains(@id ,\"title\")][contains(text(), \"WebdriverYard1sv7\")]"}
COMMAND: POST /session/ce18119c429c75dafb499373c9e41797/element - {"using":"xpath","value":"//span[contains(@id ,\"title\")][contains(text(), \"WebdriverYard1sv7\")]"}
RESULT: {"using":"xpath","value":"//span[contains(@id ,\"title\")][contains(text(), \"WebdriverYard1sv7\")]"}
COMMAND: POST /session/ce18119c429c75dafb499373c9e41797/element - {"using":"xpath","value":"//span[contains(@id ,\"title\")][contains(text(), \"WebdriverYard1sv7\")]"}
RESULT: {"using":"xpath","value":"//span[contains(@id ,\"title\")][contains(text(), \"WebdriverYard1sv7\")]"}
COMMAND: POST /session/ce18119c429c75dafb499373c9e41797/element - {"using":"xpath","value":"//span[contains(@id ,\"title\")][contains(text(), \"WebdriverYard1sv7\")]"}
RESULT: {"using":"xpath","value":"//span[contains(@id ,\"title\")][contains(text(), \"WebdriverYard1sv7\")]"}
COMMAND: POST /session/ce18119c429c75dafb499373c9e41797/element - {"using":"xpath","value":"//span[contains(@id ,\"title\")][contains(text(), \"WebdriverYard1sv7\")]"}
RESULT: {"using":"xpath","value":"//span[contains(@id ,\"title\")][contains(text(), \"WebdriverYard1sv7\")]"}
COMMAND: POST /session/ce18119c429c75dafb499373c9e41797/element - {"using":"xpath","value":"//span[contains(@id ,\"title\")][contains(text(), \"WebdriverYard1sv7\")]"}
RESULT: {"using":"xpath","value":"//span[contains(@id ,\"title\")][contains(text(), \"WebdriverYard1sv7\")]"}
COMMAND: POST /session/ce18119c429c75dafb499373c9e41797/element - {"using":"xpath","value":"//span[contains(@id ,\"title\")][contains(text(), \"WebdriverYard1sv7\")]"}
RESULT: {"using":"xpath","value":"//span[contains(@id ,\"title\")][contains(text(), \"WebdriverYard1sv7\")]"}
COMMAND: POST /session/ce18119c429c75dafb499373c9e41797/element - {"using":"xpath","value":"//span[contains(@id ,\"title\")][contains(text(), \"WebdriverYard1sv7\")]"}
RESULT: {"using":"xpath","value":"//span[contains(@id ,\"title\")][contains(text(), \"WebdriverYard1sv7\")]"}
COMMAND: POST /session/ce18119c429c75dafb499373c9e41797/element - {"using":"xpath","value":"//span[contains(@id ,\"title\")][contains(text(), \"WebdriverYard1sv7\")]"}
RESULT: {"using":"xpath","value":"//span[contains(@id ,\"title\")][contains(text(), \"WebdriverYard1sv7\")]"}
COMMAND: POST /session/ce18119c429c75dafb499373c9e41797/element - {"using":"xpath","value":"//span[contains(@id ,\"title\")][contains(text(), \"WebdriverYard1sv7\")]"}
RESULT: {"using":"xpath","value":"//span[contains(@id ,\"title\")][contains(text(), \"WebdriverYard1sv7\")]"}
COMMAND: POST /session/ce18119c429c75dafb499373c9e41797/element - {"using":"xpath","value":"//span[contains(@id ,\"title\")][contains(text(), \"WebdriverYard1sv7\")]"}
RESULT: {"using":"xpath","value":"//span[contains(@id ,\"title\")][contains(text(), \"WebdriverYard1sv7\")]"}
COMMAND: POST /session/ce18119c429c75dafb499373c9e41797/element - {"using":"xpath","value":"//span[contains(@id ,\"title\")][contains(text(), \"WebdriverYard1sv7\")]"}
RESULT: {"using":"xpath","value":"//span[contains(@id ,\"title\")][contains(text(), \"WebdriverYard1sv7\")]"}
COMMAND: POST /session/ce18119c429c75dafb499373c9e41797/element - {"using":"xpath","value":"//span[contains(@id ,\"title\")][contains(text(), \"WebdriverYard1sv7\")]"}
RESULT: {"using":"xpath","value":"//span[contains(@id ,\"title\")][contains(text(), \"WebdriverYard1sv7\")]"}
COMMAND: POST /session/ce18119c429c75dafb499373c9e41797/element - {"using":"xpath","value":"//span[contains(@id ,\"title\")][contains(text(), \"WebdriverYard1sv7\")]"}
RESULT: {"using":"xpath","value":"//span[contains(@id ,\"title\")][contains(text(), \"WebdriverYard1sv7\")]"}
COMMAND: POST /session/ce18119c429c75dafb499373c9e41797/element - {"using":"xpath","value":"//span[contains(@id ,\"title\")][contains(text(), \"WebdriverYard1sv7\")]"}
RESULT: {"using":"xpath","value":"//span[contains(@id ,\"title\")][contains(text(), \"WebdriverYard1sv7\")]"}
COMMAND: POST /session/ce18119c429c75dafb499373c9e41797/element - {"using":"xpath","value":"//span[contains(@id ,\"title\")][contains(text(), \"WebdriverYard1sv7\")]"}
RESULT: {"using":"xpath","value":"//span[contains(@id ,\"title\")][contains(text(), \"WebdriverYard1sv7\")]"}
COMMAND: POST /session/ce18119c429c75dafb499373c9e41797/element - {"using":"xpath","value":"//span[contains(@id ,\"title\")][contains(text(), \"WebdriverYard1sv7\")]"}
RESULT: {"using":"xpath","value":"//span[contains(@id ,\"title\")][contains(text(), \"WebdriverYard1sv7\")]"}
COMMAND: POST /session/ce18119c429c75dafb499373c9e41797/element - {"using":"xpath","value":"//span[contains(@id ,\"title\")][contains(text(), \"WebdriverYard1sv7\")]"}
RESULT: {"using":"xpath","value":"//span[contains(@id ,\"title\")][contains(text(), \"WebdriverYard1sv7\")]"}
COMMAND: POST /session/ce18119c429c75dafb499373c9e41797/element - {"using":"xpath","value":"//*[contains(@data-kt ,\"webshopDetailYardLink\")]"}
RESULT: {"using":"xpath","value":"//*[contains(@data-kt ,\"webshopDetailYardLink\")]"}
COMMAND: POST /session/ce18119c429c75dafb499373c9e41797/execute/sync - {"script":"<script> [8489 bytes]","args":[{"element-6066-11e4-a52e-4f735466cecf":"f.75ABCD62A5F27F9CE9C2BE5C52A034DE.d.4F4F3E078B9A5187CE47F9C382145826.e.3348","ELEMENT":"f.75ABCD62A5F27F9CE9C2BE5C52A034DE.d.4F4F3E078B9A5187CE47F9C382145826.e.3348"}]}
RESULT: {"script":"<script> [8489 bytes]","args":[{"element-6066-11e4-a52e-4f735466cecf":"f.75ABCD62A5F27F9CE9C2BE5C52A034DE.d.4F4F3E078B9A5187CE47F9C382145826.e.3348","ELEMENT":"f.75ABCD62A5F27F9CE9C2BE5C52A034DE.d.4F4F3E078B9A5187CE47F9C382145826.e.3348"}]}
COMMAND: POST /session/ce18119c429c75dafb499373c9e41797/execute/sync - {"script":"<script> [5351 bytes]","args":[{"element-6066-11e4-a52e-4f735466cecf":"f.75ABCD62A5F27F9CE9C2BE5C52A034DE.d.4F4F3E078B9A5187CE47F9C382145826.e.3348","ELEMENT":"f.75ABCD62A5F27F9CE9C2BE5C52A034DE.d.4F4F3E078B9A5187CE47F9C382145826.e.3348"}]}
COMMAND: GET /session/ce18119c429c75dafb499373c9e41797/screenshot - {}
RESULT: {"script":"<script> [5351 bytes]","args":[{"element-6066-11e4-a52e-4f735466cecf":"f.75ABCD62A5F27F9CE9C2BE5C52A034DE.d.4F4F3E078B9A5187CE47F9C382145826.e.3348","ELEMENT":"f.75ABCD62A5F27F9CE9C2BE5C52A034DE.d.4F4F3E078B9A5187CE47F9C382145826.e.3348"}]}
COMMAND: POST /session/ce18119c429c75dafb499373c9e41797/element - {"using":"xpath","value":"//*[contains(@data-kt ,\"webshopDetailYardLink\")]"}
COMMAND: GET /session/ce18119c429c75dafb499373c9e41797/screenshot - {}
RESULT: {}
COMMAND: POST /session/ce18119c429c75dafb499373c9e41797/element - {"using":"xpath","value":"//span[contains(@id ,\"title\")][contains(text(), \"WebdriverYard1sv7\")]"}
RESULT: {"using":"xpath","value":"//*[contains(@data-kt ,\"webshopDetailYardLink\")]"}
COMMAND: POST /session/ce18119c429c75dafb499373c9e41797/element/f.75ABCD62A5F27F9CE9C2BE5C52A034DE.d.4F4F3E078B9A5187CE47F9C382145826.e.3348/click - {}
RESULT: {}
RESULT: {"using":"xpath","value":"//span[contains(@id ,\"title\")][contains(text(), \"WebdriverYard1sv7\")]"}
RESULT: {}
COMMAND: GET /session/ce18119c429c75dafb499373c9e41797/screenshot - {}
COMMAND: POST /session/ce18119c429c75dafb499373c9e41797/element - {"using":"xpath","value":"//span[contains(@id ,\"title\")][contains(text(), \"WebdriverYard1sv7\")]"}
RESULT: {}
RESULT: {"using":"xpath","value":"//span[contains(@id ,\"title\")][contains(text(), \"WebdriverYard1sv7\")]"}
COMMAND: POST /session/ce18119c429c75dafb499373c9e41797/execute/sync - {"script":"<script> [8489 bytes]","args":[{"element-6066-11e4-a52e-4f735466cecf":"f.75ABCD62A5F27F9CE9C2BE5C52A034DE.d.4F4F3E078B9A5187CE47F9C382145826.e.3350","ELEMENT":"f.75ABCD62A5F27F9CE9C2BE5C52A034DE.d.4F4F3E078B9A5187CE47F9C382145826.e.3350"}]}
RESULT: {"script":"<script> [8489 bytes]","args":[{"element-6066-11e4-a52e-4f735466cecf":"f.75ABCD62A5F27F9CE9C2BE5C52A034DE.d.4F4F3E078B9A5187CE47F9C382145826.e.3350","ELEMENT":"f.75ABCD62A5F27F9CE9C2BE5C52A034DE.d.4F4F3E078B9A5187CE47F9C382145826.e.3350"}]}
COMMAND: GET /session/ce18119c429c75dafb499373c9e41797/screenshot - {}
RESULT: {}
COMMAND: POST /session/ce18119c429c75dafb499373c9e41797/element - {"using":"xpath","value":"//*[contains(@data-kt ,\"ContextMenuId3Link\")][contains(text(), \"Yard Main Address\")]"}
RESULT: {"using":"xpath","value":"//*[contains(@data-kt ,\"ContextMenuId3Link\")][contains(text(), \"Yard Main Address\")]"}
COMMAND: POST /session/ce18119c429c75dafb499373c9e41797/element/f.75ABCD62A5F27F9CE9C2BE5C52A034DE.d.4F4F3E078B9A5187CE47F9C382145826.e.3351/click - {}
RESULT: {}
COMMAND: GET /session/ce18119c429c75dafb499373c9e41797/screenshot - {}
RESULT: {}
COMMAND: POST /session/ce18119c429c75dafb499373c9e41797/execute/async - {"script":"<script> [1562 bytes]","args":[{"selector":{"id":"application-addressmanagement-display-component---masterAdm--title1"},"wdio_ui5_key":"applicationaddressmanagement-display-component---masterAdm--title1"}]}
RESULT: {"script":"<script> [1562 bytes]","args":[{"selector":{"id":"application-addressmanagement-display-component---masterAdm--title1"},"wdio_ui5_key":"applicationaddressmanagement-display-component---masterAdm--title1"}]}
RESULT: undefined
COMMAND: POST /session/ce18119c429c75dafb499373c9e41797/execute/async - {"script":"<script> [6424 bytes]","args":[{"element-6066-11e4-a52e-4f735466cecf":"f.75ABCD62A5F27F9CE9C2BE5C52A034DE.d.4F4F3E078B9A5187CE47F9C382145826.e.3636"},"getText",[]]}
RESULT: {"script":"<script> [6424 bytes]","args":[{"element-6066-11e4-a52e-4f735466cecf":"f.75ABCD62A5F27F9CE9C2BE5C52A034DE.d.4F4F3E078B9A5187CE47F9C382145826.e.3636"},"getText",[]]}
COMMAND: POST /session/ce18119c429c75dafb499373c9e41797/element - {"using":"xpath","value":"//span[contains(text(), \"WebdriverYardjjtihg\")][contains(@id ,\"application-addressmanagement-display-component---detailAdm--addressDetailDetailsName1\")]"}
RESULT: {"using":"xpath","value":"//span[contains(text(), \"WebdriverYardjjtihg\")][contains(@id ,\"application-addressmanagement-display-component---detailAdm--addressDetailDetailsName1\")]"}
COMMAND: POST /session/ce18119c429c75dafb499373c9e41797/element - {"using":"xpath","value":"//span[contains(text(), \"WebdriverYardjjtihg\")][contains(@id ,\"application-addressmanagement-display-component---detailAdm--addressDetailDetailsName1\")]"}
RESULT: undefined
COMMAND: POST /session/ce18119c429c75dafb499373c9e41797/element - {"using":"xpath","value":"//*[@id=\"backBtn\"]"}
RESULT: {"using":"xpath","value":"//*[@id=\"backBtn\"]"}
COMMAND: POST /session/ce18119c429c75dafb499373c9e41797/element/f.75ABCD62A5F27F9CE9C2BE5C52A034DE.d.4F4F3E078B9A5187CE47F9C382145826.e.3169/click - {}
RESULT: {"using":"xpath","value":"//span[contains(text(), \"WebdriverYardjjtihg\")][contains(@id ,\"application-addressmanagement-display-component---detailAdm--addressDetailDetailsName1\")]"}
RESULT: {}
COMMAND: GET /session/ce18119c429c75dafb499373c9e41797/screenshot - {}
COMMAND: POST /session/ce18119c429c75dafb499373c9e41797/element - {"using":"xpath","value":"//span[contains(text(), \"WebdriverYardjjtihg\")][contains(@id ,\"application-addressmanagement-display-component---detailAdm--addressDetailDetailsName1\")]"}
RESULT: {}
RESULT: {"using":"xpath","value":"//span[contains(text(), \"WebdriverYardjjtihg\")][contains(@id ,\"application-addressmanagement-display-component---detailAdm--addressDetailDetailsName1\")]"}
COMMAND: POST /session/ce18119c429c75dafb499373c9e41797/element - {"using":"xpath","value":"//span[contains(text(), \"WebdriverYardjjtihg\")][contains(@id ,\"application-addressmanagement-display-component---detailAdm--addressDetailDetailsName1\")]"}
RESULT: {"using":"xpath","value":"//span[contains(text(), \"WebdriverYardjjtihg\")][contains(@id ,\"application-addressmanagement-display-component---detailAdm--addressDetailDetailsName1\")]"}
COMMAND: POST /session/ce18119c429c75dafb499373c9e41797/element - {"using":"xpath","value":"//span[contains(text(), \"WebdriverYardjjtihg\")][contains(@id ,\"application-addressmanagement-display-component---detailAdm--addressDetailDetailsName1\")]"}
COMMAND: POST /session/ce18119c429c75dafb499373c9e41797/execute/sync - {"script":"<script> [8489 bytes]","args":[{"element-6066-11e4-a52e-4f735466cecf":"f.75ABCD62A5F27F9CE9C2BE5C52A034DE.d.4F4F3E078B9A5187CE47F9C382145826.e.3348","ELEMENT":"f.75ABCD62A5F27F9CE9C2BE5C52A034DE.d.4F4F3E078B9A5187CE47F9C382145826.e.3348"}]}
RESULT: {"using":"xpath","value":"//span[contains(text(), \"WebdriverYardjjtihg\")][contains(@id ,\"application-addressmanagement-display-component---detailAdm--addressDetailDetailsName1\")]"}
COMMAND: POST /session/ce18119c429c75dafb499373c9e41797/element - {"using":"xpath","value":"//*[contains(@data-kt ,\"webshopDetailYardLink\")]"}
RESULT: {"using":"xpath","value":"//*[contains(@data-kt ,\"webshopDetailYardLink\")]"}
COMMAND: POST /session/ce18119c429c75dafb499373c9e41797/execute/sync - {"script":"<script> [8489 bytes]","args":[{"element-6066-11e4-a52e-4f735466cecf":"f.75ABCD62A5F27F9CE9C2BE5C52A034DE.d.4F4F3E078B9A5187CE47F9C382145826.e.3789","ELEMENT":"f.75ABCD62A5F27F9CE9C2BE5C52A034DE.d.4F4F3E078B9A5187CE47F9C382145826.e.3789"}]}
COMMAND: POST /session/ce18119c429c75dafb499373c9e41797/element - {"using":"xpath","value":"//span[contains(text(), \"WebdriverYardjjtihg\")][contains(@id ,\"application-addressmanagement-display-component---detailAdm--addressDetailDetailsName1\")]"}
RESULT: {"script":"<script> [8489 bytes]","args":[{"element-6066-11e4-a52e-4f735466cecf":"f.75ABCD62A5F27F9CE9C2BE5C52A034DE.d.4F4F3E078B9A5187CE47F9C382145826.e.3789","ELEMENT":"f.75ABCD62A5F27F9CE9C2BE5C52A034DE.d.4F4F3E078B9A5187CE47F9C382145826.e.3789"}]}
COMMAND: POST /session/ce18119c429c75dafb499373c9e41797/execute/sync - {"script":"<script> [5351 bytes]","args":[{"element-6066-11e4-a52e-4f735466cecf":"f.75ABCD62A5F27F9CE9C2BE5C52A034DE.d.4F4F3E078B9A5187CE47F9C382145826.e.3789","ELEMENT":"f.75ABCD62A5F27F9CE9C2BE5C52A034DE.d.4F4F3E078B9A5187CE47F9C382145826.e.3789"}]}
COMMAND: GET /session/ce18119c429c75dafb499373c9e41797/screenshot - {}
RESULT: {"using":"xpath","value":"//span[contains(text(), \"WebdriverYardjjtihg\")][contains(@id ,\"application-addressmanagement-display-component---detailAdm--addressDetailDetailsName1\")]"}
RESULT: {"script":"<script> [5351 bytes]","args":[{"element-6066-11e4-a52e-4f735466cecf":"f.75ABCD62A5F27F9CE9C2BE5C52A034DE.d.4F4F3E078B9A5187CE47F9C382145826.e.3789","ELEMENT":"f.75ABCD62A5F27F9CE9C2BE5C52A034DE.d.4F4F3E078B9A5187CE47F9C382145826.e.3789"}]}
COMMAND: POST /session/ce18119c429c75dafb499373c9e41797/execute/sync - {"script":"<script> [8489 bytes]","args":[{"element-6066-11e4-a52e-4f735466cecf":"f.75ABCD62A5F27F9CE9C2BE5C52A034DE.d.4F4F3E078B9A5187CE47F9C382145826.e.3789","ELEMENT":"f.75ABCD62A5F27F9CE9C2BE5C52A034DE.d.4F4F3E078B9A5187CE47F9C382145826.e.3789"}]}
COMMAND: GET /session/ce18119c429c75dafb499373c9e41797/screenshot - {}
COMMAND: POST /session/ce18119c429c75dafb499373c9e41797/element - {"using":"xpath","value":"//span[contains(text(), \"WebdriverYardjjtihg\")][contains(@id ,\"application-addressmanagement-display-component---detailAdm--addressDetailDetailsName1\")]"}
RESULT: {}
RESULT: {"script":"<script> [8489 bytes]","args":[{"element-6066-11e4-a52e-4f735466cecf":"f.75ABCD62A5F27F9CE9C2BE5C52A034DE.d.4F4F3E078B9A5187CE47F9C382145826.e.3789","ELEMENT":"f.75ABCD62A5F27F9CE9C2BE5C52A034DE.d.4F4F3E078B9A5187CE47F9C382145826.e.3789"}]}
COMMAND: POST /session/ce18119c429c75dafb499373c9e41797/execute/sync - {"script":"<script> [5351 bytes]","args":[{"element-6066-11e4-a52e-4f735466cecf":"f.75ABCD62A5F27F9CE9C2BE5C52A034DE.d.4F4F3E078B9A5187CE47F9C382145826.e.3789","ELEMENT":"f.75ABCD62A5F27F9CE9C2BE5C52A034DE.d.4F4F3E078B9A5187CE47F9C382145826.e.3789"}]}
COMMAND: GET /session/ce18119c429c75dafb499373c9e41797/screenshot - {}
RESULT: {}
RESULT: {"using":"xpath","value":"//span[contains(text(), \"WebdriverYardjjtihg\")][contains(@id ,\"application-addressmanagement-display-component---detailAdm--addressDetailDetailsName1\")]"}
RESULT: {"script":"<script> [5351 bytes]","args":[{"element-6066-11e4-a52e-4f735466cecf":"f.75ABCD62A5F27F9CE9C2BE5C52A034DE.d.4F4F3E078B9A5187CE47F9C382145826.e.3789","ELEMENT":"f.75ABCD62A5F27F9CE9C2BE5C52A034DE.d.4F4F3E078B9A5187CE47F9C382145826.e.3789"}]}
COMMAND: POST /session/ce18119c429c75dafb499373c9e41797/execute/sync - {"script":"<script> [8489 bytes]","args":[{"element-6066-11e4-a52e-4f735466cecf":"f.75ABCD62A5F27F9CE9C2BE5C52A034DE.d.4F4F3E078B9A5187CE47F9C382145826.e.3789","ELEMENT":"f.75ABCD62A5F27F9CE9C2BE5C52A034DE.d.4F4F3E078B9A5187CE47F9C382145826.e.3789"}]}
COMMAND: GET /session/ce18119c429c75dafb499373c9e41797/screenshot - {}
COMMAND: POST /session/ce18119c429c75dafb499373c9e41797/element - {"using":"xpath","value":"//span[contains(text(), \"WebdriverYardjjtihg\")][contains(@id ,\"application-addressmanagement-display-component---detailAdm--addressDetailDetailsName1\")]"}
RESULT: {}
RESULT: {"script":"<script> [8489 bytes]","args":[{"element-6066-11e4-a52e-4f735466cecf":"f.75ABCD62A5F27F9CE9C2BE5C52A034DE.d.4F4F3E078B9A5187CE47F9C382145826.e.3789","ELEMENT":"f.75ABCD62A5F27F9CE9C2BE5C52A034DE.d.4F4F3E078B9A5187CE47F9C382145826.e.3789"}]}
COMMAND: POST /session/ce18119c429c75dafb499373c9e41797/execute/sync - {"script":"<script> [5351 bytes]","args":[{"element-6066-11e4-a52e-4f735466cecf":"f.75ABCD62A5F27F9CE9C2BE5C52A034DE.d.4F4F3E078B9A5187CE47F9C382145826.e.3789","ELEMENT":"f.75ABCD62A5F27F9CE9C2BE5C52A034DE.d.4F4F3E078B9A5187CE47F9C382145826.e.3789"}]}
RESULT: {}
RESULT: {"using":"xpath","value":"//span[contains(text(), \"WebdriverYardjjtihg\")][contains(@id ,\"application-addressmanagement-display-component---detailAdm--addressDetailDetailsName1\")]"}
COMMAND: GET /session/ce18119c429c75dafb499373c9e41797/screenshot - {}
RESULT: {"script":"<script> [5351 bytes]","args":[{"element-6066-11e4-a52e-4f735466cecf":"f.75ABCD62A5F27F9CE9C2BE5C52A034DE.d.4F4F3E078B9A5187CE47F9C382145826.e.3789","ELEMENT":"f.75ABCD62A5F27F9CE9C2BE5C52A034DE.d.4F4F3E078B9A5187CE47F9C382145826.e.3789"}]}
COMMAND: POST /session/ce18119c429c75dafb499373c9e41797/execute/sync - {"script":"<script> [8489 bytes]","args":[{"element-6066-11e4-a52e-4f735466cecf":"f.75ABCD62A5F27F9CE9C2BE5C52A034DE.d.4F4F3E078B9A5187CE47F9C382145826.e.3789","ELEMENT":"f.75ABCD62A5F27F9CE9C2BE5C52A034DE.d.4F4F3E078B9A5187CE47F9C382145826.e.3789"}]}
COMMAND: GET /session/ce18119c429c75dafb499373c9e41797/screenshot - {}
COMMAND: POST /session/ce18119c429c75dafb499373c9e41797/element - {"using":"xpath","value":"//span[contains(text(), \"WebdriverYardjjtihg\")][contains(@id ,\"application-addressmanagement-display-component---detailAdm--addressDetailDetailsName1\")]"}
RESULT: {}
RESULT: {"script":"<script> [8489 bytes]","args":[{"element-6066-11e4-a52e-4f735466cecf":"f.75ABCD62A5F27F9CE9C2BE5C52A034DE.d.4F4F3E078B9A5187CE47F9C382145826.e.3789","ELEMENT":"f.75ABCD62A5F27F9CE9C2BE5C52A034DE.d.4F4F3E078B9A5187CE47F9C382145826.e.3789"}]}
COMMAND: POST /session/ce18119c429c75dafb499373c9e41797/execute/sync - {"script":"<script> [5351 bytes]","args":[{"element-6066-11e4-a52e-4f735466cecf":"f.75ABCD62A5F27F9CE9C2BE5C52A034DE.d.4F4F3E078B9A5187CE47F9C382145826.e.3789","ELEMENT":"f.75ABCD62A5F27F9CE9C2BE5C52A034DE.d.4F4F3E078B9A5187CE47F9C382145826.e.3789"}]}
COMMAND: GET /session/ce18119c429c75dafb499373c9e41797/screenshot - {}
RESULT: {}
RESULT: {"using":"xpath","value":"//span[contains(text(), \"WebdriverYardjjtihg\")][contains(@id ,\"application-addressmanagement-display-component---detailAdm--addressDetailDetailsName1\")]"}
RESULT: {"script":"<script> [5351 bytes]","args":[{"element-6066-11e4-a52e-4f735466cecf":"f.75ABCD62A5F27F9CE9C2BE5C52A034DE.d.4F4F3E078B9A5187CE47F9C382145826.e.3789","ELEMENT":"f.75ABCD62A5F27F9CE9C2BE5C52A034DE.d.4F4F3E078B9A5187CE47F9C382145826.e.3789"}]}
COMMAND: POST /session/ce18119c429c75dafb499373c9e41797/element - {"using":"xpath","value":"//*[contains(@data-kt ,\"webshopDetailYardLink\")]"}
COMMAND: GET /session/ce18119c429c75dafb499373c9e41797/screenshot - {}
RESULT: {}
RESULT: {"using":"xpath","value":"//*[contains(@data-kt ,\"webshopDetailYardLink\")]"}
COMMAND: POST /session/ce18119c429c75dafb499373c9e41797/element/f.75ABCD62A5F27F9CE9C2BE5C52A034DE.d.4F4F3E078B9A5187CE47F9C382145826.e.3789/click - {}
COMMAND: POST /session/ce18119c429c75dafb499373c9e41797/element - {"using":"xpath","value":"//span[contains(text(), \"WebdriverYardjjtihg\")][contains(@id ,\"application-addressmanagement-display-component---detailAdm--addressDetailDetailsName1\")]"}
RESULT: {}
RESULT: {}
RESULT: {"using":"xpath","value":"//span[contains(text(), \"WebdriverYardjjtihg\")][contains(@id ,\"application-addressmanagement-display-component---detailAdm--addressDetailDetailsName1\")]"}
COMMAND: GET /session/ce18119c429c75dafb499373c9e41797/screenshot - {}
RESULT: {}
COMMAND: POST /session/ce18119c429c75dafb499373c9e41797/element - {"using":"xpath","value":"//span[contains(text(), \"WebdriverYardjjtihg\")][contains(@id ,\"application-addressmanagement-display-component---detailAdm--addressDetailDetailsName1\")]"}
RESULT: {"using":"xpath","value":"//span[contains(text(), \"WebdriverYardjjtihg\")][contains(@id ,\"application-addressmanagement-display-component---detailAdm--addressDetailDetailsName1\")]"}
COMMAND: POST /session/ce18119c429c75dafb499373c9e41797/element - {"using":"xpath","value":"//span[contains(text(), \"WebdriverYardjjtihg\")][contains(@id ,\"application-addressmanagement-display-component---detailAdm--addressDetailDetailsName1\")]"}
RESULT: {"using":"xpath","value":"//span[contains(text(), \"WebdriverYardjjtihg\")][contains(@id ,\"application-addressmanagement-display-component---detailAdm--addressDetailDetailsName1\")]"}
COMMAND: POST /session/ce18119c429c75dafb499373c9e41797/element - {"using":"xpath","value":"//span[contains(text(), \"WebdriverYardjjtihg\")][contains(@id ,\"application-addressmanagement-display-component---detailAdm--addressDetailDetailsName1\")]"}
RESULT: {"using":"xpath","value":"//span[contains(text(), \"WebdriverYardjjtihg\")][contains(@id ,\"application-addressmanagement-display-component---detailAdm--addressDetailDetailsName1\")]"}
COMMAND: POST /session/ce18119c429c75dafb499373c9e41797/element - {"using":"xpath","value":"//button[contains(@data-kt ,\"ContextMenuExternalId2Link\")]"}
RESULT: {"using":"xpath","value":"//button[contains(@data-kt ,\"ContextMenuExternalId2Link\")]"}
COMMAND: POST /session/ce18119c429c75dafb499373c9e41797/element/f.75ABCD62A5F27F9CE9C2BE5C52A034DE.d.4F4F3E078B9A5187CE47F9C382145826.e.3810/click - {}
COMMAND: POST /session/ce18119c429c75dafb499373c9e41797/element - {"using":"xpath","value":"//span[contains(text(), \"WebdriverYardjjtihg\")][contains(@id ,\"application-addressmanagement-display-component---detailAdm--addressDetailDetailsName1\")]"}
RESULT: {}
COMMAND: GET /session/ce18119c429c75dafb499373c9e41797/screenshot - {}
RESULT: {"using":"xpath","value":"//span[contains(text(), \"WebdriverYardjjtihg\")][contains(@id ,\"application-addressmanagement-display-component---detailAdm--addressDetailDetailsName1\")]"}
COMMAND: POST /session/ce18119c429c75dafb499373c9e41797/element - {"using":"xpath","value":"//span[contains(text(), \"WebdriverYardjjtihg\")][contains(@id ,\"application-addressmanagement-display-component---detailAdm--addressDetailDetailsName1\")]"}
RESULT: {}
RESULT: {"using":"xpath","value":"//span[contains(text(), \"WebdriverYardjjtihg\")][contains(@id ,\"application-addressmanagement-display-component---detailAdm--addressDetailDetailsName1\")]"}
COMMAND: POST /session/ce18119c429c75dafb499373c9e41797/element - {"using":"xpath","value":"//span[contains(text(), \"WebdriverYardjjtihg\")][contains(@id ,\"application-addressmanagement-display-component---detailAdm--addressDetailDetailsName1\")]"}
RESULT: {"using":"xpath","value":"//span[contains(text(), \"WebdriverYardjjtihg\")][contains(@id ,\"application-addressmanagement-display-component---detailAdm--addressDetailDetailsName1\")]"}
COMMAND: POST /session/ce18119c429c75dafb499373c9e41797/element - {"using":"xpath","value":"//span[contains(text(), \"WebdriverYardjjtihg\")][contains(@id ,\"application-addressmanagement-display-component---detailAdm--addressDetailDetailsName1\")]"}
RESULT: {"using":"xpath","value":"//span[contains(text(), \"WebdriverYardjjtihg\")][contains(@id ,\"application-addressmanagement-display-component---detailAdm--addressDetailDetailsName1\")]"}
COMMAND: POST /session/ce18119c429c75dafb499373c9e41797/element - {"using":"xpath","value":"//span[contains(text(), \"WebdriverYardjjtihg\")][contains(@id ,\"application-addressmanagement-display-component---detailAdm--addressDetailDetailsName1\")]"}
RESULT: {"using":"xpath","value":"//span[contains(text(), \"WebdriverYardjjtihg\")][contains(@id ,\"application-addressmanagement-display-component---detailAdm--addressDetailDetailsName1\")]"}
COMMAND: POST /session/ce18119c429c75dafb499373c9e41797/element - {"using":"xpath","value":"//span[contains(text(), \"WebdriverYardjjtihg\")][contains(@id ,\"application-addressmanagement-display-component---detailAdm--addressDetailDetailsName1\")]"}
RESULT: {"using":"xpath","value":"//span[contains(text(), \"WebdriverYardjjtihg\")][contains(@id ,\"application-addressmanagement-display-component---detailAdm--addressDetailDetailsName1\")]"}
COMMAND: POST /session/ce18119c429c75dafb499373c9e41797/element - {"using":"xpath","value":"//span[contains(text(), \"WebdriverYardjjtihg\")][contains(@id ,\"application-addressmanagement-display-component---detailAdm--addressDetailDetailsName1\")]"}
RESULT: {"using":"xpath","value":"//span[contains(text(), \"WebdriverYardjjtihg\")][contains(@id ,\"application-addressmanagement-display-component---detailAdm--addressDetailDetailsName1\")]"}
COMMAND: GET /session/ce18119c429c75dafb499373c9e41797/window/handles - {}
COMMAND: POST /session/ce18119c429c75dafb499373c9e41797/element - {"using":"xpath","value":"//span[contains(text(), \"WebdriverYardjjtihg\")][contains(@id ,\"application-addressmanagement-display-component---detailAdm--addressDetailDetailsName1\")]"}
RESULT: {}
COMMAND: POST /session/ce18119c429c75dafb499373c9e41797/window - {"handle":"F5E583C30BA81C6F2DCE5E0BFA002A44"}
RESULT: {"using":"xpath","value":"//span[contains(text(), \"WebdriverYardjjtihg\")][contains(@id ,\"application-addressmanagement-display-component---detailAdm--addressDetailDetailsName1\")]"}
RESULT: {"handle":"F5E583C30BA81C6F2DCE5E0BFA002A44"}
COMMAND: GET /session/ce18119c429c75dafb499373c9e41797/url - {}
RESULT: {}
COMMAND: GET /session/ce18119c429c75dafb499373c9e41797/screenshot - {}
RESULT: {}
COMMAND: POST /session/ce18119c429c75dafb499373c9e41797/element - {"using":"xpath","value":"//span[contains(text(), \"WebdriverYardjjtihg\")][contains(@id ,\"application-addressmanagement-display-component---detailAdm--addressDetailDetailsName1\")]"}
RESULT: {"using":"xpath","value":"//span[contains(text(), \"WebdriverYardjjtihg\")][contains(@id ,\"application-addressmanagement-display-component---detailAdm--addressDetailDetailsName1\")]"}
COMMAND: POST /session/ce18119c429c75dafb499373c9e41797/element - {"using":"xpath","value":"//span[contains(text(), \"WebdriverYardjjtihg\")][contains(@id ,\"application-addressmanagement-display-component---detailAdm--addressDetailDetailsName1\")]"}
RESULT: {"using":"xpath","value":"//span[contains(text(), \"WebdriverYardjjtihg\")][contains(@id ,\"application-addressmanagement-display-component---detailAdm--addressDetailDetailsName1\")]"}
COMMAND: POST /session/ce18119c429c75dafb499373c9e41797/element - {"using":"xpath","value":"//span[contains(text(), \"WebdriverYardjjtihg\")][contains(@id ,\"application-addressmanagement-display-component---detailAdm--addressDetailDetailsName1\")]"}
RESULT: {"using":"xpath","value":"//span[contains(text(), \"WebdriverYardjjtihg\")][contains(@id ,\"application-addressmanagement-display-component---detailAdm--addressDetailDetailsName1\")]"}
COMMAND: POST /session/ce18119c429c75dafb499373c9e41797/element - {"using":"xpath","value":"//span[contains(text(), \"WebdriverYardjjtihg\")][contains(@id ,\"application-addressmanagement-display-component---detailAdm--addressDetailDetailsName1\")]"}
RESULT: {"using":"xpath","value":"//span[contains(text(), \"WebdriverYardjjtihg\")][contains(@id ,\"application-addressmanagement-display-component---detailAdm--addressDetailDetailsName1\")]"}
COMMAND: POST /session/ce18119c429c75dafb499373c9e41797/element - {"using":"xpath","value":"//span[contains(text(), \"WebdriverYardjjtihg\")][contains(@id ,\"application-addressmanagement-display-component---detailAdm--addressDetailDetailsName1\")]"}
RESULT: {"using":"xpath","value":"//span[contains(text(), \"WebdriverYardjjtihg\")][contains(@id ,\"application-addressmanagement-display-component---detailAdm--addressDetailDetailsName1\")]"}
COMMAND: POST /session/ce18119c429c75dafb499373c9e41797/element - {"using":"xpath","value":"//span[contains(text(), \"WebdriverYardjjtihg\")][contains(@id ,\"application-addressmanagement-display-component---detailAdm--addressDetailDetailsName1\")]"}
RESULT: {"using":"xpath","value":"//span[contains(text(), \"WebdriverYardjjtihg\")][contains(@id ,\"application-addressmanagement-display-component---detailAdm--addressDetailDetailsName1\")]"}
COMMAND: POST /session/ce18119c429c75dafb499373c9e41797/element - {"using":"xpath","value":"//span[contains(text(), \"WebdriverYardjjtihg\")][contains(@id ,\"application-addressmanagement-display-component---detailAdm--addressDetailDetailsName1\")]"}
RESULT: {"using":"xpath","value":"//span[contains(text(), \"WebdriverYardjjtihg\")][contains(@id ,\"application-addressmanagement-display-component---detailAdm--addressDetailDetailsName1\")]"}
COMMAND: POST /session/ce18119c429c75dafb499373c9e41797/element - {"using":"xpath","value":"//span[contains(text(), \"WebdriverYardjjtihg\")][contains(@id ,\"application-addressmanagement-display-component---detailAdm--addressDetailDetailsName1\")]"}
RESULT: {"using":"xpath","value":"//span[contains(text(), \"WebdriverYardjjtihg\")][contains(@id ,\"application-addressmanagement-display-component---detailAdm--addressDetailDetailsName1\")]"}
COMMAND: POST /session/ce18119c429c75dafb499373c9e41797/element - {"using":"xpath","value":"//span[contains(text(), \"WebdriverYardjjtihg\")][contains(@id ,\"application-addressmanagement-display-component---detailAdm--addressDetailDetailsName1\")]"}
RESULT: {"using":"xpath","value":"//span[contains(text(), \"WebdriverYardjjtihg\")][contains(@id ,\"application-addressmanagement-display-component---detailAdm--addressDetailDetailsName1\")]"}
COMMAND: POST /session/ce18119c429c75dafb499373c9e41797/element - {"using":"xpath","value":"//span[contains(text(), \"WebdriverYardjjtihg\")][contains(@id ,\"application-addressmanagement-display-component---detailAdm--addressDetailDetailsName1\")]"}
RESULT: {"using":"xpath","value":"//span[contains(text(), \"WebdriverYardjjtihg\")][contains(@id ,\"application-addressmanagement-display-component---detailAdm--addressDetailDetailsName1\")]"}
COMMAND: POST /session/ce18119c429c75dafb499373c9e41797/element - {"using":"xpath","value":"//span[contains(text(), \"WebdriverYardjjtihg\")][contains(@id ,\"application-addressmanagement-display-component---detailAdm--addressDetailDetailsName1\")]"}
RESULT: {"using":"xpath","value":"//span[contains(text(), \"WebdriverYardjjtihg\")][contains(@id ,\"application-addressmanagement-display-component---detailAdm--addressDetailDetailsName1\")]"}
COMMAND: POST /session/ce18119c429c75dafb499373c9e41797/element - {"using":"xpath","value":"//span[contains(text(), \"WebdriverYardjjtihg\")][contains(@id ,\"application-addressmanagement-display-component---detailAdm--addressDetailDetailsName1\")]"}
RESULT: {"using":"xpath","value":"//span[contains(text(), \"WebdriverYardjjtihg\")][contains(@id ,\"application-addressmanagement-display-component---detailAdm--addressDetailDetailsName1\")]"}
COMMAND: POST /session/ce18119c429c75dafb499373c9e41797/element - {"using":"xpath","value":"//span[contains(text(), \"WebdriverYardjjtihg\")][contains(@id ,\"application-addressmanagement-display-component---detailAdm--addressDetailDetailsName1\")]"}
RESULT: {"using":"xpath","value":"//span[contains(text(), \"WebdriverYardjjtihg\")][contains(@id ,\"application-addressmanagement-display-component---detailAdm--addressDetailDetailsName1\")]"}
COMMAND: POST /session/ce18119c429c75dafb499373c9e41797/execute/sync - {"script":"<script> [8489 bytes]","args":[{"element-6066-11e4-a52e-4f735466cecf":"f.75ABCD62A5F27F9CE9C2BE5C52A034DE.d.4F4F3E078B9A5187CE47F9C382145826.e.3350","ELEMENT":"f.75ABCD62A5F27F9CE9C2BE5C52A034DE.d.4F4F3E078B9A5187CE47F9C382145826.e.3350"}]}
COMMAND: DELETE /session/ce18119c429c75dafb499373c9e41797/window - {}
COMMAND: POST /session/ce18119c429c75dafb499373c9e41797/element - {"using":"xpath","value":"//span[contains(text(), \"WebdriverYardjjtihg\")][contains(@id ,\"application-addressmanagement-display-component---detailAdm--addressDetailDetailsName1\")]"}
RESULT: {}
COMMAND: POST /session/ce18119c429c75dafb499373c9e41797/window - {"handle":"75ABCD62A5F27F9CE9C2BE5C52A034DE"}
RESULT: {"handle":"75ABCD62A5F27F9CE9C2BE5C52A034DE"}
COMMAND: GET /session/ce18119c429c75dafb499373c9e41797/url - {}
COMMAND: POST /session/ce18119c429c75dafb499373c9e41797/element - {"using":"xpath","value":"//span[contains(@id ,\"title\")][contains(text(), \"WebdriverYard1sv7\")]"}
RESULT: {"using":"xpath","value":"//span[contains(text(), \"WebdriverYardjjtihg\")][contains(@id ,\"application-addressmanagement-display-component---detailAdm--addressDetailDetailsName1\")]"}
RESULT: {}
COMMAND: GET /session/ce18119c429c75dafb499373c9e41797/screenshot - {}
RESULT: {"using":"xpath","value":"//span[contains(@id ,\"title\")][contains(text(), \"WebdriverYard1sv7\")]"}
COMMAND: POST /session/ce18119c429c75dafb499373c9e41797/execute/sync - {"script":"<script> [8489 bytes]","args":[{"element-6066-11e4-a52e-4f735466cecf":"f.75ABCD62A5F27F9CE9C2BE5C52A034DE.d.4F4F3E078B9A5187CE47F9C382145826.e.3851","ELEMENT":"f.75ABCD62A5F27F9CE9C2BE5C52A034DE.d.4F4F3E078B9A5187CE47F9C382145826.e.3851"}]}
COMMAND: POST /session/ce18119c429c75dafb499373c9e41797/element - {"using":"xpath","value":"//span[contains(text(), \"WebdriverYardjjtihg\")][contains(@id ,\"application-addressmanagement-display-component---detailAdm--addressDetailDetailsName1\")]"}
RESULT: {}
RESULT: {"script":"<script> [8489 bytes]","args":[{"element-6066-11e4-a52e-4f735466cecf":"f.75ABCD62A5F27F9CE9C2BE5C52A034DE.d.4F4F3E078B9A5187CE47F9C382145826.e.3851","ELEMENT":"f.75ABCD62A5F27F9CE9C2BE5C52A034DE.d.4F4F3E078B9A5187CE47F9C382145826.e.3851"}]}
COMMAND: GET /session/ce18119c429c75dafb499373c9e41797/screenshot - {}
RESULT: {"using":"xpath","value":"//span[contains(text(), \"WebdriverYardjjtihg\")][contains(@id ,\"application-addressmanagement-display-component---detailAdm--addressDetailDetailsName1\")]"}
RESULT: {}
COMMAND: POST /session/ce18119c429c75dafb499373c9e41797/element - {"using":"xpath","value":"//span[contains(text(), \"WebdriverYardjjtihg\")][contains(@id ,\"application-addressmanagement-display-component---detailAdm--addressDetailDetailsName1\")]"}
RESULT: {"using":"xpath","value":"//span[contains(text(), \"WebdriverYardjjtihg\")][contains(@id ,\"application-addressmanagement-display-component---detailAdm--addressDetailDetailsName1\")]"}
COMMAND: POST /session/ce18119c429c75dafb499373c9e41797/element - {"using":"xpath","value":"//span[contains(text(), \"WebdriverYardjjtihg\")][contains(@id ,\"application-addressmanagement-display-component---detailAdm--addressDetailDetailsName1\")]"}
RESULT: {"using":"xpath","value":"//span[contains(text(), \"WebdriverYardjjtihg\")][contains(@id ,\"application-addressmanagement-display-component---detailAdm--addressDetailDetailsName1\")]"}
COMMAND: POST /session/ce18119c429c75dafb499373c9e41797/element - {"using":"xpath","value":"//span[contains(text(), \"WebdriverYardjjtihg\")][contains(@id ,\"application-addressmanagement-display-component---detailAdm--addressDetailDetailsName1\")]"}
RESULT: {"using":"xpath","value":"//span[contains(text(), \"WebdriverYardjjtihg\")][contains(@id ,\"application-addressmanagement-display-component---detailAdm--addressDetailDetailsName1\")]"}
COMMAND: POST /session/ce18119c429c75dafb499373c9e41797/element - {"using":"xpath","value":"//span[contains(text(), \"WebdriverYardjjtihg\")][contains(@id ,\"application-addressmanagement-display-component---detailAdm--addressDetailDetailsName1\")]"}
RESULT: {"using":"xpath","value":"//span[contains(text(), \"WebdriverYardjjtihg\")][contains(@id ,\"application-addressmanagement-display-component---detailAdm--addressDetailDetailsName1\")]"}
COMMAND: POST /session/ce18119c429c75dafb499373c9e41797/element - {"using":"xpath","value":"//span[contains(text(), \"WebdriverYardjjtihg\")][contains(@id ,\"application-addressmanagement-display-component---detailAdm--addressDetailDetailsName1\")]"}
RESULT: {"using":"xpath","value":"//span[contains(text(), \"WebdriverYardjjtihg\")][contains(@id ,\"application-addressmanagement-display-component---detailAdm--addressDetailDetailsName1\")]"}
COMMAND: POST /session/ce18119c429c75dafb499373c9e41797/element - {"using":"xpath","value":"//span[contains(text(), \"WebdriverYardjjtihg\")][contains(@id ,\"application-addressmanagement-display-component---detailAdm--addressDetailDetailsName1\")]"}
RESULT: {"using":"xpath","value":"//span[contains(text(), \"WebdriverYardjjtihg\")][contains(@id ,\"application-addressmanagement-display-component---detailAdm--addressDetailDetailsName1\")]"}
COMMAND: POST /session/ce18119c429c75dafb499373c9e41797/element - {"using":"xpath","value":"//span[contains(text(), \"WebdriverYardjjtihg\")][contains(@id ,\"application-addressmanagement-display-component---detailAdm--addressDetailDetailsName1\")]"}
COMMAND: POST /session/ce18119c429c75dafb499373c9e41797/element - {"using":"xpath","value":"//button[contains(@data-kt ,\"ContextMenuExternalId3Link\")]"}
RESULT: {"using":"xpath","value":"//span[contains(text(), \"WebdriverYardjjtihg\")][contains(@id ,\"application-addressmanagement-display-component---detailAdm--addressDetailDetailsName1\")]"}
RESULT: {"using":"xpath","value":"//button[contains(@data-kt ,\"ContextMenuExternalId3Link\")]"}
COMMAND: POST /session/ce18119c429c75dafb499373c9e41797/element/f.75ABCD62A5F27F9CE9C2BE5C52A034DE.d.4F4F3E078B9A5187CE47F9C382145826.e.3852/click - {}
RESULT: {}
COMMAND: GET /session/ce18119c429c75dafb499373c9e41797/screenshot - {}
RESULT: {}
COMMAND: GET /session/ce18119c429c75dafb499373c9e41797/window/handles - {}
RESULT: {}
COMMAND: POST /session/ce18119c429c75dafb499373c9e41797/window - {"handle":"0AB572558EC09FE9364AC9DE37689C12"}
RESULT: {"handle":"0AB572558EC09FE9364AC9DE37689C12"}
COMMAND: GET /session/ce18119c429c75dafb499373c9e41797/url - {}
RESULT: {}
COMMAND: GET /session/ce18119c429c75dafb499373c9e41797/screenshot - {}
RESULT: {}
COMMAND: POST /session/ce18119c429c75dafb499373c9e41797/element - {"using":"xpath","value":"//span[contains(text(), \"WebdriverYardjjtihg\")][contains(@id ,\"application-addressmanagement-display-component---detailAdm--addressDetailDetailsName1\")]"}
COMMAND: DELETE /session/ce18119c429c75dafb499373c9e41797/window - {}
RESULT: {"using":"xpath","value":"//span[contains(text(), \"WebdriverYardjjtihg\")][contains(@id ,\"application-addressmanagement-display-component---detailAdm--addressDetailDetailsName1\")]"}
RESULT: {}
COMMAND: POST /session/ce18119c429c75dafb499373c9e41797/window - {"handle":"75ABCD62A5F27F9CE9C2BE5C52A034DE"}
RESULT: {"handle":"75ABCD62A5F27F9CE9C2BE5C52A034DE"}
COMMAND: GET /session/ce18119c429c75dafb499373c9e41797/url - {}
RESULT: {}
COMMAND: GET /session/ce18119c429c75dafb499373c9e41797/screenshot - {}
RESULT: {}
COMMAND: POST /session/ce18119c429c75dafb499373c9e41797/element - {"using":"xpath","value":"//span[contains(text(), \"WebdriverYardjjtihg\")][contains(@id ,\"application-addressmanagement-display-component---detailAdm--addressDetailDetailsName1\")]"}
RESULT: {"using":"xpath","value":"//span[contains(text(), \"WebdriverYardjjtihg\")][contains(@id ,\"application-addressmanagement-display-component---detailAdm--addressDetailDetailsName1\")]"}
COMMAND: POST /session/ce18119c429c75dafb499373c9e41797/element - {"using":"xpath","value":"//span[contains(text(), \"WebdriverYardjjtihg\")][contains(@id ,\"application-addressmanagement-display-component---detailAdm--addressDetailDetailsName1\")]"}
RESULT: {"using":"xpath","value":"//span[contains(text(), \"WebdriverYardjjtihg\")][contains(@id ,\"application-addressmanagement-display-component---detailAdm--addressDetailDetailsName1\")]"}
COMMAND: POST /session/ce18119c429c75dafb499373c9e41797/element - {"using":"xpath","value":"//span[contains(text(), \"WebdriverYardjjtihg\")][contains(@id ,\"application-addressmanagement-display-component---detailAdm--addressDetailDetailsName1\")]"}
RESULT: {"using":"xpath","value":"//span[contains(text(), \"WebdriverYardjjtihg\")][contains(@id ,\"application-addressmanagement-display-component---detailAdm--addressDetailDetailsName1\")]"}
COMMAND: POST /session/ce18119c429c75dafb499373c9e41797/element - {"using":"xpath","value":"//span[contains(text(), \"WebdriverYardjjtihg\")][contains(@id ,\"application-addressmanagement-display-component---detailAdm--addressDetailDetailsName1\")]"}
RESULT: {"using":"xpath","value":"//span[contains(text(), \"WebdriverYardjjtihg\")][contains(@id ,\"application-addressmanagement-display-component---detailAdm--addressDetailDetailsName1\")]"}
COMMAND: POST /session/ce18119c429c75dafb499373c9e41797/element - {"using":"xpath","value":"//span[contains(text(), \"WebdriverYardjjtihg\")][contains(@id ,\"application-addressmanagement-display-component---detailAdm--addressDetailDetailsName1\")]"}
RESULT: {"using":"xpath","value":"//span[contains(text(), \"WebdriverYardjjtihg\")][contains(@id ,\"application-addressmanagement-display-component---detailAdm--addressDetailDetailsName1\")]"}
COMMAND: POST /session/ce18119c429c75dafb499373c9e41797/element - {"using":"xpath","value":"//span[contains(text(), \"WebdriverYardjjtihg\")][contains(@id ,\"application-addressmanagement-display-component---detailAdm--addressDetailDetailsName1\")]"}
RESULT: {"using":"xpath","value":"//span[contains(text(), \"WebdriverYardjjtihg\")][contains(@id ,\"application-addressmanagement-display-component---detailAdm--addressDetailDetailsName1\")]"}
COMMAND: POST /session/ce18119c429c75dafb499373c9e41797/element - {"using":"xpath","value":"//span[contains(text(), \"WebdriverYardjjtihg\")][contains(@id ,\"application-addressmanagement-display-component---detailAdm--addressDetailDetailsName1\")]"}
RESULT: {"using":"xpath","value":"//span[contains(text(), \"WebdriverYardjjtihg\")][contains(@id ,\"application-addressmanagement-display-component---detailAdm--addressDetailDetailsName1\")]"}
COMMAND: POST /session/ce18119c429c75dafb499373c9e41797/element - {"using":"xpath","value":"//span[contains(text(), \"WebdriverYardjjtihg\")][contains(@id ,\"application-addressmanagement-display-component---detailAdm--addressDetailDetailsName1\")]"}
RESULT: {"using":"xpath","value":"//span[contains(text(), \"WebdriverYardjjtihg\")][contains(@id ,\"application-addressmanagement-display-component---detailAdm--addressDetailDetailsName1\")]"}
]]></system-out>
    </testcase>
    <testcase classname="chrome.137_0_7151_69.windows.Webshop_-_Hyperlinks_visible_and_working_properly__US139085" name="Shpuld verify site hyperlinks" time="251.298">
      <system-out><![CDATA[
COMMAND: POST /session/ce18119c429c75dafb499373c9e41797/element - {"using":"xpath","value":"//*[contains(@data-kt ,\"webshopDetailSiteLink\")]"}
RESULT: {"using":"xpath","value":"//*[contains(@data-kt ,\"webshopDetailSiteLink\")]"}
COMMAND: POST /session/ce18119c429c75dafb499373c9e41797/execute/sync - {"script":"<script> [8489 bytes]","args":[{"element-6066-11e4-a52e-4f735466cecf":"f.75ABCD62A5F27F9CE9C2BE5C52A034DE.d.4F4F3E078B9A5187CE47F9C382145826.e.4072","ELEMENT":"f.75ABCD62A5F27F9CE9C2BE5C52A034DE.d.4F4F3E078B9A5187CE47F9C382145826.e.4072"}]}
RESULT: {"script":"<script> [8489 bytes]","args":[{"element-6066-11e4-a52e-4f735466cecf":"f.75ABCD62A5F27F9CE9C2BE5C52A034DE.d.4F4F3E078B9A5187CE47F9C382145826.e.4072","ELEMENT":"f.75ABCD62A5F27F9CE9C2BE5C52A034DE.d.4F4F3E078B9A5187CE47F9C382145826.e.4072"}]}
COMMAND: POST /session/ce18119c429c75dafb499373c9e41797/execute/sync - {"script":"<script> [5351 bytes]","args":[{"element-6066-11e4-a52e-4f735466cecf":"f.75ABCD62A5F27F9CE9C2BE5C52A034DE.d.4F4F3E078B9A5187CE47F9C382145826.e.4072","ELEMENT":"f.75ABCD62A5F27F9CE9C2BE5C52A034DE.d.4F4F3E078B9A5187CE47F9C382145826.e.4072"}]}
COMMAND: GET /session/ce18119c429c75dafb499373c9e41797/screenshot - {}
RESULT: {"script":"<script> [5351 bytes]","args":[{"element-6066-11e4-a52e-4f735466cecf":"f.75ABCD62A5F27F9CE9C2BE5C52A034DE.d.4F4F3E078B9A5187CE47F9C382145826.e.4072","ELEMENT":"f.75ABCD62A5F27F9CE9C2BE5C52A034DE.d.4F4F3E078B9A5187CE47F9C382145826.e.4072"}]}
COMMAND: POST /session/ce18119c429c75dafb499373c9e41797/element - {"using":"xpath","value":"//*[contains(@data-kt ,\"webshopDetailSiteLink\")]"}
COMMAND: GET /session/ce18119c429c75dafb499373c9e41797/screenshot - {}
COMMAND: POST /session/ce18119c429c75dafb499373c9e41797/element - {"using":"xpath","value":"//span[contains(text(), \"WebdriverYardjjtihg\")][contains(@id ,\"application-addressmanagement-display-component---detailAdm--addressDetailDetailsName1\")]"}
RESULT: {}
RESULT: {"using":"xpath","value":"//*[contains(@data-kt ,\"webshopDetailSiteLink\")]"}
COMMAND: POST /session/ce18119c429c75dafb499373c9e41797/element/f.75ABCD62A5F27F9CE9C2BE5C52A034DE.d.4F4F3E078B9A5187CE47F9C382145826.e.4072/click - {}
RESULT: {}
RESULT: {"using":"xpath","value":"//span[contains(text(), \"WebdriverYardjjtihg\")][contains(@id ,\"application-addressmanagement-display-component---detailAdm--addressDetailDetailsName1\")]"}
RESULT: {}
COMMAND: GET /session/ce18119c429c75dafb499373c9e41797/screenshot - {}
RESULT: {}
COMMAND: POST /session/ce18119c429c75dafb499373c9e41797/element - {"using":"xpath","value":"//span[contains(text(), \"WebdriverYardjjtihg\")][contains(@id ,\"application-addressmanagement-display-component---detailAdm--addressDetailDetailsName1\")]"}
RESULT: {"using":"xpath","value":"//span[contains(text(), \"WebdriverYardjjtihg\")][contains(@id ,\"application-addressmanagement-display-component---detailAdm--addressDetailDetailsName1\")]"}
COMMAND: POST /session/ce18119c429c75dafb499373c9e41797/element - {"using":"xpath","value":"//span[contains(text(), \"WebdriverYardjjtihg\")][contains(@id ,\"application-addressmanagement-display-component---detailAdm--addressDetailDetailsName1\")]"}
RESULT: {"using":"xpath","value":"//span[contains(text(), \"WebdriverYardjjtihg\")][contains(@id ,\"application-addressmanagement-display-component---detailAdm--addressDetailDetailsName1\")]"}
COMMAND: POST /session/ce18119c429c75dafb499373c9e41797/element - {"using":"xpath","value":"//span[contains(text(), \"WebdriverYardjjtihg\")][contains(@id ,\"application-addressmanagement-display-component---detailAdm--addressDetailDetailsName1\")]"}
RESULT: {"using":"xpath","value":"//span[contains(text(), \"WebdriverYardjjtihg\")][contains(@id ,\"application-addressmanagement-display-component---detailAdm--addressDetailDetailsName1\")]"}
COMMAND: POST /session/ce18119c429c75dafb499373c9e41797/element - {"using":"xpath","value":"//span[contains(text(), \"WebdriverYardjjtihg\")][contains(@id ,\"application-addressmanagement-display-component---detailAdm--addressDetailDetailsName1\")]"}
RESULT: {"using":"xpath","value":"//span[contains(text(), \"WebdriverYardjjtihg\")][contains(@id ,\"application-addressmanagement-display-component---detailAdm--addressDetailDetailsName1\")]"}
COMMAND: POST /session/ce18119c429c75dafb499373c9e41797/element - {"using":"xpath","value":"//*[contains(@data-kt ,\"ContextMenuIdLink\")][contains(text(), \"Manage Site\")]"}
RESULT: {"using":"xpath","value":"//*[contains(@data-kt ,\"ContextMenuIdLink\")][contains(text(), \"Manage Site\")]"}
COMMAND: POST /session/ce18119c429c75dafb499373c9e41797/execute/sync - {"script":"<script> [8489 bytes]","args":[{"element-6066-11e4-a52e-4f735466cecf":"f.75ABCD62A5F27F9CE9C2BE5C52A034DE.d.4F4F3E078B9A5187CE47F9C382145826.e.4074","ELEMENT":"f.75ABCD62A5F27F9CE9C2BE5C52A034DE.d.4F4F3E078B9A5187CE47F9C382145826.e.4074"}]}
COMMAND: POST /session/ce18119c429c75dafb499373c9e41797/element - {"using":"xpath","value":"//*[contains(@data-kt ,\"ContextMenuId2Link\")][contains(text(), \"Site Overview\")]"}
RESULT: {"script":"<script> [8489 bytes]","args":[{"element-6066-11e4-a52e-4f735466cecf":"f.75ABCD62A5F27F9CE9C2BE5C52A034DE.d.4F4F3E078B9A5187CE47F9C382145826.e.4074","ELEMENT":"f.75ABCD62A5F27F9CE9C2BE5C52A034DE.d.4F4F3E078B9A5187CE47F9C382145826.e.4074"}]}
COMMAND: GET /session/ce18119c429c75dafb499373c9e41797/screenshot - {}
RESULT: {"using":"xpath","value":"//*[contains(@data-kt ,\"ContextMenuId2Link\")][contains(text(), \"Site Overview\")]"}
COMMAND: POST /session/ce18119c429c75dafb499373c9e41797/execute/sync - {"script":"<script> [8489 bytes]","args":[{"element-6066-11e4-a52e-4f735466cecf":"f.75ABCD62A5F27F9CE9C2BE5C52A034DE.d.4F4F3E078B9A5187CE47F9C382145826.e.4075","ELEMENT":"f.75ABCD62A5F27F9CE9C2BE5C52A034DE.d.4F4F3E078B9A5187CE47F9C382145826.e.4075"}]}
COMMAND: POST /session/ce18119c429c75dafb499373c9e41797/element - {"using":"xpath","value":"//*[contains(@data-kt ,\"ContextMenuId3Link\")][contains(text(), \"Site Main Address\")]"}
RESULT: {}
RESULT: {"script":"<script> [8489 bytes]","args":[{"element-6066-11e4-a52e-4f735466cecf":"f.75ABCD62A5F27F9CE9C2BE5C52A034DE.d.4F4F3E078B9A5187CE47F9C382145826.e.4075","ELEMENT":"f.75ABCD62A5F27F9CE9C2BE5C52A034DE.d.4F4F3E078B9A5187CE47F9C382145826.e.4075"}]}
COMMAND: GET /session/ce18119c429c75dafb499373c9e41797/screenshot - {}
RESULT: {"using":"xpath","value":"//*[contains(@data-kt ,\"ContextMenuId3Link\")][contains(text(), \"Site Main Address\")]"}
COMMAND: POST /session/ce18119c429c75dafb499373c9e41797/execute/sync - {"script":"<script> [8489 bytes]","args":[{"element-6066-11e4-a52e-4f735466cecf":"f.75ABCD62A5F27F9CE9C2BE5C52A034DE.d.4F4F3E078B9A5187CE47F9C382145826.e.4076","ELEMENT":"f.75ABCD62A5F27F9CE9C2BE5C52A034DE.d.4F4F3E078B9A5187CE47F9C382145826.e.4076"}]}
COMMAND: POST /session/ce18119c429c75dafb499373c9e41797/element/f.75ABCD62A5F27F9CE9C2BE5C52A034DE.d.4F4F3E078B9A5187CE47F9C382145826.e.4074/click - {}
COMMAND: POST /session/ce18119c429c75dafb499373c9e41797/element - {"using":"xpath","value":"//span[contains(text(), \"WebdriverYardjjtihg\")][contains(@id ,\"application-addressmanagement-display-component---detailAdm--addressDetailDetailsName1\")]"}
RESULT: {}
RESULT: {"script":"<script> [8489 bytes]","args":[{"element-6066-11e4-a52e-4f735466cecf":"f.75ABCD62A5F27F9CE9C2BE5C52A034DE.d.4F4F3E078B9A5187CE47F9C382145826.e.4076","ELEMENT":"f.75ABCD62A5F27F9CE9C2BE5C52A034DE.d.4F4F3E078B9A5187CE47F9C382145826.e.4076"}]}
COMMAND: GET /session/ce18119c429c75dafb499373c9e41797/screenshot - {}
RESULT: {}
COMMAND: GET /session/ce18119c429c75dafb499373c9e41797/screenshot - {}
RESULT: {"using":"xpath","value":"//span[contains(text(), \"WebdriverYardjjtihg\")][contains(@id ,\"application-addressmanagement-display-component---detailAdm--addressDetailDetailsName1\")]"}
COMMAND: POST /session/ce18119c429c75dafb499373c9e41797/element - {"using":"xpath","value":"//span[contains(text(), \"WebdriverYardjjtihg\")][contains(@id ,\"application-addressmanagement-display-component---detailAdm--addressDetailDetailsName1\")]"}
RESULT: {}
RESULT: {}
RESULT: {"using":"xpath","value":"//span[contains(text(), \"WebdriverYardjjtihg\")][contains(@id ,\"application-addressmanagement-display-component---detailAdm--addressDetailDetailsName1\")]"}
COMMAND: POST /session/ce18119c429c75dafb499373c9e41797/element - {"using":"xpath","value":"//span[contains(text(), \"WebdriverYardjjtihg\")][contains(@id ,\"application-addressmanagement-display-component---detailAdm--addressDetailDetailsName1\")]"}
RESULT: {"using":"xpath","value":"//span[contains(text(), \"WebdriverYardjjtihg\")][contains(@id ,\"application-addressmanagement-display-component---detailAdm--addressDetailDetailsName1\")]"}
COMMAND: POST /session/ce18119c429c75dafb499373c9e41797/element - {"using":"xpath","value":"//span[contains(text(), \"WebdriverYardjjtihg\")][contains(@id ,\"application-addressmanagement-display-component---detailAdm--addressDetailDetailsName1\")]"}
RESULT: {"using":"xpath","value":"//span[contains(text(), \"WebdriverYardjjtihg\")][contains(@id ,\"application-addressmanagement-display-component---detailAdm--addressDetailDetailsName1\")]"}
COMMAND: POST /session/ce18119c429c75dafb499373c9e41797/element - {"using":"xpath","value":"//span[contains(text(), \"WebdriverYardjjtihg\")][contains(@id ,\"application-addressmanagement-display-component---detailAdm--addressDetailDetailsName1\")]"}
RESULT: {"using":"xpath","value":"//span[contains(text(), \"WebdriverYardjjtihg\")][contains(@id ,\"application-addressmanagement-display-component---detailAdm--addressDetailDetailsName1\")]"}
COMMAND: POST /session/ce18119c429c75dafb499373c9e41797/element - {"using":"xpath","value":"//span[contains(text(), \"WebdriverYardjjtihg\")][contains(@id ,\"application-addressmanagement-display-component---detailAdm--addressDetailDetailsName1\")]"}
RESULT: {"using":"xpath","value":"//span[contains(text(), \"WebdriverYardjjtihg\")][contains(@id ,\"application-addressmanagement-display-component---detailAdm--addressDetailDetailsName1\")]"}
COMMAND: POST /session/ce18119c429c75dafb499373c9e41797/element - {"using":"xpath","value":"//span[contains(text(), \"WebdriverYardjjtihg\")][contains(@id ,\"application-addressmanagement-display-component---detailAdm--addressDetailDetailsName1\")]"}
RESULT: {"using":"xpath","value":"//span[contains(text(), \"WebdriverYardjjtihg\")][contains(@id ,\"application-addressmanagement-display-component---detailAdm--addressDetailDetailsName1\")]"}
COMMAND: POST /session/ce18119c429c75dafb499373c9e41797/element - {"using":"xpath","value":"//span[contains(text(), \"WebdriverYardjjtihg\")][contains(@id ,\"application-addressmanagement-display-component---detailAdm--addressDetailDetailsName1\")]"}
RESULT: {"using":"xpath","value":"//span[contains(text(), \"WebdriverYardjjtihg\")][contains(@id ,\"application-addressmanagement-display-component---detailAdm--addressDetailDetailsName1\")]"}
COMMAND: POST /session/ce18119c429c75dafb499373c9e41797/element - {"using":"xpath","value":"//span[contains(text(), \"WebdriverYardjjtihg\")][contains(@id ,\"application-addressmanagement-display-component---detailAdm--addressDetailDetailsName1\")]"}
RESULT: {"using":"xpath","value":"//span[contains(text(), \"WebdriverYardjjtihg\")][contains(@id ,\"application-addressmanagement-display-component---detailAdm--addressDetailDetailsName1\")]"}
COMMAND: POST /session/ce18119c429c75dafb499373c9e41797/element - {"using":"xpath","value":"//span[contains(text(), \"WebdriverYardjjtihg\")][contains(@id ,\"application-addressmanagement-display-component---detailAdm--addressDetailDetailsName1\")]"}
RESULT: {"using":"xpath","value":"//span[contains(text(), \"WebdriverYardjjtihg\")][contains(@id ,\"application-addressmanagement-display-component---detailAdm--addressDetailDetailsName1\")]"}
COMMAND: POST /session/ce18119c429c75dafb499373c9e41797/element - {"using":"xpath","value":"//span[contains(text(), \"WebdriverYardjjtihg\")][contains(@id ,\"application-addressmanagement-display-component---detailAdm--addressDetailDetailsName1\")]"}
RESULT: {"using":"xpath","value":"//span[contains(text(), \"WebdriverYardjjtihg\")][contains(@id ,\"application-addressmanagement-display-component---detailAdm--addressDetailDetailsName1\")]"}
COMMAND: POST /session/ce18119c429c75dafb499373c9e41797/element - {"using":"xpath","value":"//span[contains(text(), \"WebdriverYardjjtihg\")][contains(@id ,\"application-addressmanagement-display-component---detailAdm--addressDetailDetailsName1\")]"}
RESULT: {"using":"xpath","value":"//span[contains(text(), \"WebdriverYardjjtihg\")][contains(@id ,\"application-addressmanagement-display-component---detailAdm--addressDetailDetailsName1\")]"}
COMMAND: POST /session/ce18119c429c75dafb499373c9e41797/element - {"using":"xpath","value":"//span[contains(text(), \"WebdriverYardjjtihg\")][contains(@id ,\"application-addressmanagement-display-component---detailAdm--addressDetailDetailsName1\")]"}
RESULT: {"using":"xpath","value":"//span[contains(text(), \"WebdriverYardjjtihg\")][contains(@id ,\"application-addressmanagement-display-component---detailAdm--addressDetailDetailsName1\")]"}
COMMAND: POST /session/ce18119c429c75dafb499373c9e41797/element - {"using":"xpath","value":"//span[contains(text(), \"WebdriverYardjjtihg\")][contains(@id ,\"application-addressmanagement-display-component---detailAdm--addressDetailDetailsName1\")]"}
RESULT: {"using":"xpath","value":"//span[contains(text(), \"WebdriverYardjjtihg\")][contains(@id ,\"application-addressmanagement-display-component---detailAdm--addressDetailDetailsName1\")]"}
COMMAND: POST /session/ce18119c429c75dafb499373c9e41797/element - {"using":"xpath","value":"//span[contains(text(), \"WebdriverYardjjtihg\")][contains(@id ,\"application-addressmanagement-display-component---detailAdm--addressDetailDetailsName1\")]"}
RESULT: {"using":"xpath","value":"//span[contains(text(), \"WebdriverYardjjtihg\")][contains(@id ,\"application-addressmanagement-display-component---detailAdm--addressDetailDetailsName1\")]"}
COMMAND: POST /session/ce18119c429c75dafb499373c9e41797/element - {"using":"xpath","value":"//span[contains(text(), \"WebdriverYardjjtihg\")][contains(@id ,\"application-addressmanagement-display-component---detailAdm--addressDetailDetailsName1\")]"}
RESULT: {"using":"xpath","value":"//span[contains(text(), \"WebdriverYardjjtihg\")][contains(@id ,\"application-addressmanagement-display-component---detailAdm--addressDetailDetailsName1\")]"}
COMMAND: POST /session/ce18119c429c75dafb499373c9e41797/element - {"using":"xpath","value":"//span[contains(text(), \"WebdriverYardjjtihg\")][contains(@id ,\"application-addressmanagement-display-component---detailAdm--addressDetailDetailsName1\")]"}
RESULT: {"using":"xpath","value":"//span[contains(text(), \"WebdriverYardjjtihg\")][contains(@id ,\"application-addressmanagement-display-component---detailAdm--addressDetailDetailsName1\")]"}
COMMAND: POST /session/ce18119c429c75dafb499373c9e41797/element - {"using":"xpath","value":"//span[contains(text(), \"WebdriverYardjjtihg\")][contains(@id ,\"application-addressmanagement-display-component---detailAdm--addressDetailDetailsName1\")]"}
RESULT: {"using":"xpath","value":"//span[contains(text(), \"WebdriverYardjjtihg\")][contains(@id ,\"application-addressmanagement-display-component---detailAdm--addressDetailDetailsName1\")]"}
COMMAND: POST /session/ce18119c429c75dafb499373c9e41797/element - {"using":"xpath","value":"//span[contains(text(), \"WebdriverYardjjtihg\")][contains(@id ,\"application-addressmanagement-display-component---detailAdm--addressDetailDetailsName1\")]"}
RESULT: {"using":"xpath","value":"//span[contains(text(), \"WebdriverYardjjtihg\")][contains(@id ,\"application-addressmanagement-display-component---detailAdm--addressDetailDetailsName1\")]"}
COMMAND: POST /session/ce18119c429c75dafb499373c9e41797/element - {"using":"xpath","value":"//span[contains(text(), \"WebdriverYardjjtihg\")][contains(@id ,\"application-addressmanagement-display-component---detailAdm--addressDetailDetailsName1\")]"}
RESULT: {"using":"xpath","value":"//span[contains(text(), \"WebdriverYardjjtihg\")][contains(@id ,\"application-addressmanagement-display-component---detailAdm--addressDetailDetailsName1\")]"}
COMMAND: POST /session/ce18119c429c75dafb499373c9e41797/execute/async - {"script":"<script> [1562 bytes]","args":[{"selector":{"controlType":"sap.m.Title","viewName":"etm.portal.ui.managesites.view.Master","viewId":"application-managesites-display-component---masterSite","i18NText":{"propertyName":"text","key":"sites"}},"wdio_ui5_key":"etmportal.ui.managesites.view.Mastersap.m.Title{\"propertyName\":\"text\",\"key\":\"sites\"}"}]}
RESULT: {"script":"<script> [1562 bytes]","args":[{"selector":{"controlType":"sap.m.Title","viewName":"etm.portal.ui.managesites.view.Master","viewId":"application-managesites-display-component---masterSite","i18NText":{"propertyName":"text","key":"sites"}},"wdio_ui5_key":"etmportal.ui.managesites.view.Mastersap.m.Title{\"propertyName\":\"text\",\"key\":\"sites\"}"}]}
RESULT: undefined
COMMAND: POST /session/ce18119c429c75dafb499373c9e41797/execute/async - {"script":"<script> [6424 bytes]","args":[{"element-6066-11e4-a52e-4f735466cecf":"f.75ABCD62A5F27F9CE9C2BE5C52A034DE.d.4F4F3E078B9A5187CE47F9C382145826.e.4276"},"getText",[]]}
COMMAND: POST /session/ce18119c429c75dafb499373c9e41797/element - {"using":"xpath","value":"//span[contains(text(), \"WebdriverYardjjtihg\")][contains(@id ,\"application-addressmanagement-display-component---detailAdm--addressDetailDetailsName1\")]"}
RESULT: {"script":"<script> [6424 bytes]","args":[{"element-6066-11e4-a52e-4f735466cecf":"f.75ABCD62A5F27F9CE9C2BE5C52A034DE.d.4F4F3E078B9A5187CE47F9C382145826.e.4276"},"getText",[]]}
COMMAND: POST /session/ce18119c429c75dafb499373c9e41797/execute/async - {"script":"<script> [1562 bytes]","args":[{"selector":{"id":"application-managesites-display-component---detailSite--addressDetailDetailsName1"},"wdio_ui5_key":"applicationmanagesites-display-component---detailSite--addressDetailDetailsName1"}]}
RESULT: {"using":"xpath","value":"//span[contains(text(), \"WebdriverYardjjtihg\")][contains(@id ,\"application-addressmanagement-display-component---detailAdm--addressDetailDetailsName1\")]"}
RESULT: {"script":"<script> [1562 bytes]","args":[{"selector":{"id":"application-managesites-display-component---detailSite--addressDetailDetailsName1"},"wdio_ui5_key":"applicationmanagesites-display-component---detailSite--addressDetailDetailsName1"}]}
RESULT: undefined
COMMAND: POST /session/ce18119c429c75dafb499373c9e41797/execute/async - {"script":"<script> [6424 bytes]","args":[{"element-6066-11e4-a52e-4f735466cecf":"f.75ABCD62A5F27F9CE9C2BE5C52A034DE.d.4F4F3E078B9A5187CE47F9C382145826.e.4140"},"getValue",[]]}
COMMAND: POST /session/ce18119c429c75dafb499373c9e41797/element - {"using":"xpath","value":"//span[contains(text(), \"WebdriverYardjjtihg\")][contains(@id ,\"application-addressmanagement-display-component---detailAdm--addressDetailDetailsName1\")]"}
RESULT: {"script":"<script> [6424 bytes]","args":[{"element-6066-11e4-a52e-4f735466cecf":"f.75ABCD62A5F27F9CE9C2BE5C52A034DE.d.4F4F3E078B9A5187CE47F9C382145826.e.4140"},"getValue",[]]}
RESULT: undefined
COMMAND: POST /session/ce18119c429c75dafb499373c9e41797/element - {"using":"xpath","value":"//*[@id=\"backBtn\"]"}
RESULT: {"using":"xpath","value":"//span[contains(text(), \"WebdriverYardjjtihg\")][contains(@id ,\"application-addressmanagement-display-component---detailAdm--addressDetailDetailsName1\")]"}
RESULT: {"using":"xpath","value":"//*[@id=\"backBtn\"]"}
COMMAND: POST /session/ce18119c429c75dafb499373c9e41797/element/f.75ABCD62A5F27F9CE9C2BE5C52A034DE.d.4F4F3E078B9A5187CE47F9C382145826.e.3169/click - {}
RESULT: {}
COMMAND: GET /session/ce18119c429c75dafb499373c9e41797/screenshot - {}
COMMAND: POST /session/ce18119c429c75dafb499373c9e41797/element - {"using":"xpath","value":"//span[contains(text(), \"WebdriverYardjjtihg\")][contains(@id ,\"application-addressmanagement-display-component---detailAdm--addressDetailDetailsName1\")]"}
COMMAND: POST /session/ce18119c429c75dafb499373c9e41797/execute/sync - {"script":"<script> [8489 bytes]","args":[{"element-6066-11e4-a52e-4f735466cecf":"f.75ABCD62A5F27F9CE9C2BE5C52A034DE.d.4F4F3E078B9A5187CE47F9C382145826.e.4072","ELEMENT":"f.75ABCD62A5F27F9CE9C2BE5C52A034DE.d.4F4F3E078B9A5187CE47F9C382145826.e.4072"}]}
RESULT: {}
RESULT: {"using":"xpath","value":"//span[contains(text(), \"WebdriverYardjjtihg\")][contains(@id ,\"application-addressmanagement-display-component---detailAdm--addressDetailDetailsName1\")]"}
COMMAND: POST /session/ce18119c429c75dafb499373c9e41797/element - {"using":"xpath","value":"//*[contains(@data-kt ,\"webshopDetailSiteLink\")]"}
RESULT: {"using":"xpath","value":"//*[contains(@data-kt ,\"webshopDetailSiteLink\")]"}
COMMAND: POST /session/ce18119c429c75dafb499373c9e41797/execute/sync - {"script":"<script> [8489 bytes]","args":[{"element-6066-11e4-a52e-4f735466cecf":"f.75ABCD62A5F27F9CE9C2BE5C52A034DE.d.4F4F3E078B9A5187CE47F9C382145826.e.4440","ELEMENT":"f.75ABCD62A5F27F9CE9C2BE5C52A034DE.d.4F4F3E078B9A5187CE47F9C382145826.e.4440"}]}
COMMAND: POST /session/ce18119c429c75dafb499373c9e41797/element - {"using":"xpath","value":"//span[contains(text(), \"WebdriverYardjjtihg\")][contains(@id ,\"application-addressmanagement-display-component---detailAdm--addressDetailDetailsName1\")]"}
RESULT: {"script":"<script> [8489 bytes]","args":[{"element-6066-11e4-a52e-4f735466cecf":"f.75ABCD62A5F27F9CE9C2BE5C52A034DE.d.4F4F3E078B9A5187CE47F9C382145826.e.4440","ELEMENT":"f.75ABCD62A5F27F9CE9C2BE5C52A034DE.d.4F4F3E078B9A5187CE47F9C382145826.e.4440"}]}
COMMAND: POST /session/ce18119c429c75dafb499373c9e41797/execute/sync - {"script":"<script> [5351 bytes]","args":[{"element-6066-11e4-a52e-4f735466cecf":"f.75ABCD62A5F27F9CE9C2BE5C52A034DE.d.4F4F3E078B9A5187CE47F9C382145826.e.4440","ELEMENT":"f.75ABCD62A5F27F9CE9C2BE5C52A034DE.d.4F4F3E078B9A5187CE47F9C382145826.e.4440"}]}
COMMAND: GET /session/ce18119c429c75dafb499373c9e41797/screenshot - {}
RESULT: {"using":"xpath","value":"//span[contains(text(), \"WebdriverYardjjtihg\")][contains(@id ,\"application-addressmanagement-display-component---detailAdm--addressDetailDetailsName1\")]"}
RESULT: {"script":"<script> [5351 bytes]","args":[{"element-6066-11e4-a52e-4f735466cecf":"f.75ABCD62A5F27F9CE9C2BE5C52A034DE.d.4F4F3E078B9A5187CE47F9C382145826.e.4440","ELEMENT":"f.75ABCD62A5F27F9CE9C2BE5C52A034DE.d.4F4F3E078B9A5187CE47F9C382145826.e.4440"}]}
COMMAND: POST /session/ce18119c429c75dafb499373c9e41797/element - {"using":"xpath","value":"//*[contains(@data-kt ,\"webshopDetailSiteLink\")]"}
COMMAND: GET /session/ce18119c429c75dafb499373c9e41797/screenshot - {}
RESULT: {}
RESULT: {"using":"xpath","value":"//*[contains(@data-kt ,\"webshopDetailSiteLink\")]"}
COMMAND: POST /session/ce18119c429c75dafb499373c9e41797/element/f.75ABCD62A5F27F9CE9C2BE5C52A034DE.d.4F4F3E078B9A5187CE47F9C382145826.e.4440/click - {}
RESULT: {}
RESULT: {}
COMMAND: GET /session/ce18119c429c75dafb499373c9e41797/screenshot - {}
RESULT: {}
COMMAND: POST /session/ce18119c429c75dafb499373c9e41797/element/f.75ABCD62A5F27F9CE9C2BE5C52A034DE.d.4F4F3E078B9A5187CE47F9C382145826.e.4075/click - {}
COMMAND: POST /session/ce18119c429c75dafb499373c9e41797/element - {"using":"xpath","value":"//*[contains(@data-kt ,\"ContextMenuId2Link\")][contains(text(), \"Site Overview\")]"}
RESULT: {"using":"xpath","value":"//*[contains(@data-kt ,\"ContextMenuId2Link\")][contains(text(), \"Site Overview\")]"}
COMMAND: POST /session/ce18119c429c75dafb499373c9e41797/element/f.75ABCD62A5F27F9CE9C2BE5C52A034DE.d.4F4F3E078B9A5187CE47F9C382145826.e.4075/click - {}
COMMAND: POST /session/ce18119c429c75dafb499373c9e41797/element - {"using":"xpath","value":"//*[contains(@data-kt ,\"ContextMenuId2Link\")][contains(text(), \"Site Overview\")]"}
RESULT: {"using":"xpath","value":"//*[contains(@data-kt ,\"ContextMenuId2Link\")][contains(text(), \"Site Overview\")]"}
COMMAND: POST /session/ce18119c429c75dafb499373c9e41797/element/f.75ABCD62A5F27F9CE9C2BE5C52A034DE.d.4F4F3E078B9A5187CE47F9C382145826.e.4443/click - {}
RESULT: {}
COMMAND: GET /session/ce18119c429c75dafb499373c9e41797/screenshot - {}
RESULT: {}
RESULT: undefined
COMMAND: POST /session/ce18119c429c75dafb499373c9e41797/execute/async - {"script":"<script> [6424 bytes]","args":[{"element-6066-11e4-a52e-4f735466cecf":"f.75ABCD62A5F27F9CE9C2BE5C52A034DE.d.4F4F3E078B9A5187CE47F9C382145826.e.3167"},"getTitle",[]]}
COMMAND: POST /session/ce18119c429c75dafb499373c9e41797/execute/async - {"script":"<script> [1562 bytes]","args":[{"selector":{"id":"shellAppTitle"},"wdio_ui5_key":"shellAppTitle"}]}
RESULT: {"script":"<script> [1562 bytes]","args":[{"selector":{"id":"shellAppTitle"},"wdio_ui5_key":"shellAppTitle"}]}
COMMAND: POST /session/ce18119c429c75dafb499373c9e41797/execute/async - {"script":"<script> [6424 bytes]","args":[{"element-6066-11e4-a52e-4f735466cecf":"f.75ABCD62A5F27F9CE9C2BE5C52A034DE.d.4F4F3E078B9A5187CE47F9C382145826.e.4470"},"getTitle",[]]}
RESULT: {"script":"<script> [6424 bytes]","args":[{"element-6066-11e4-a52e-4f735466cecf":"f.75ABCD62A5F27F9CE9C2BE5C52A034DE.d.4F4F3E078B9A5187CE47F9C382145826.e.4470"},"getTitle",[]]}
COMMAND: POST /session/ce18119c429c75dafb499373c9e41797/element - {"using":"xpath","value":"(//span[contains(text(), \"WebdriverSite2rl9b\")])[2]"}
RESULT: {"using":"xpath","value":"(//span[contains(text(), \"WebdriverSite2rl9b\")])[2]"}
COMMAND: POST /session/ce18119c429c75dafb499373c9e41797/execute/sync - {"script":"<script> [8489 bytes]","args":[{"element-6066-11e4-a52e-4f735466cecf":"f.75ABCD62A5F27F9CE9C2BE5C52A034DE.d.4F4F3E078B9A5187CE47F9C382145826.e.4471","ELEMENT":"f.75ABCD62A5F27F9CE9C2BE5C52A034DE.d.4F4F3E078B9A5187CE47F9C382145826.e.4471"}]}
RESULT: undefined
COMMAND: POST /session/ce18119c429c75dafb499373c9e41797/element - {"using":"xpath","value":"//*[@id=\"backBtn\"]"}
RESULT: {"script":"<script> [8489 bytes]","args":[{"element-6066-11e4-a52e-4f735466cecf":"f.75ABCD62A5F27F9CE9C2BE5C52A034DE.d.4F4F3E078B9A5187CE47F9C382145826.e.4471","ELEMENT":"f.75ABCD62A5F27F9CE9C2BE5C52A034DE.d.4F4F3E078B9A5187CE47F9C382145826.e.4471"}]}
COMMAND: GET /session/ce18119c429c75dafb499373c9e41797/screenshot - {}
RESULT: {"using":"xpath","value":"//*[@id=\"backBtn\"]"}
COMMAND: POST /session/ce18119c429c75dafb499373c9e41797/element/f.75ABCD62A5F27F9CE9C2BE5C52A034DE.d.4F4F3E078B9A5187CE47F9C382145826.e.3169/click - {}
RESULT: {}
RESULT: {}
COMMAND: GET /session/ce18119c429c75dafb499373c9e41797/screenshot - {}
RESULT: {}
COMMAND: POST /session/ce18119c429c75dafb499373c9e41797/execute/sync - {"script":"<script> [8489 bytes]","args":[{"element-6066-11e4-a52e-4f735466cecf":"f.75ABCD62A5F27F9CE9C2BE5C52A034DE.d.4F4F3E078B9A5187CE47F9C382145826.e.4440","ELEMENT":"f.75ABCD62A5F27F9CE9C2BE5C52A034DE.d.4F4F3E078B9A5187CE47F9C382145826.e.4440"}]}
COMMAND: POST /session/ce18119c429c75dafb499373c9e41797/element - {"using":"xpath","value":"//*[contains(@data-kt ,\"webshopDetailSiteLink\")]"}
RESULT: {"using":"xpath","value":"//*[contains(@data-kt ,\"webshopDetailSiteLink\")]"}
COMMAND: POST /session/ce18119c429c75dafb499373c9e41797/execute/sync - {"script":"<script> [8489 bytes]","args":[{"element-6066-11e4-a52e-4f735466cecf":"f.75ABCD62A5F27F9CE9C2BE5C52A034DE.d.4F4F3E078B9A5187CE47F9C382145826.e.4604","ELEMENT":"f.75ABCD62A5F27F9CE9C2BE5C52A034DE.d.4F4F3E078B9A5187CE47F9C382145826.e.4604"}]}
RESULT: {"script":"<script> [8489 bytes]","args":[{"element-6066-11e4-a52e-4f735466cecf":"f.75ABCD62A5F27F9CE9C2BE5C52A034DE.d.4F4F3E078B9A5187CE47F9C382145826.e.4604","ELEMENT":"f.75ABCD62A5F27F9CE9C2BE5C52A034DE.d.4F4F3E078B9A5187CE47F9C382145826.e.4604"}]}
COMMAND: POST /session/ce18119c429c75dafb499373c9e41797/execute/sync - {"script":"<script> [5351 bytes]","args":[{"element-6066-11e4-a52e-4f735466cecf":"f.75ABCD62A5F27F9CE9C2BE5C52A034DE.d.4F4F3E078B9A5187CE47F9C382145826.e.4604","ELEMENT":"f.75ABCD62A5F27F9CE9C2BE5C52A034DE.d.4F4F3E078B9A5187CE47F9C382145826.e.4604"}]}
COMMAND: GET /session/ce18119c429c75dafb499373c9e41797/screenshot - {}
RESULT: {"script":"<script> [5351 bytes]","args":[{"element-6066-11e4-a52e-4f735466cecf":"f.75ABCD62A5F27F9CE9C2BE5C52A034DE.d.4F4F3E078B9A5187CE47F9C382145826.e.4604","ELEMENT":"f.75ABCD62A5F27F9CE9C2BE5C52A034DE.d.4F4F3E078B9A5187CE47F9C382145826.e.4604"}]}
COMMAND: POST /session/ce18119c429c75dafb499373c9e41797/element - {"using":"xpath","value":"//*[contains(@data-kt ,\"webshopDetailSiteLink\")]"}
COMMAND: GET /session/ce18119c429c75dafb499373c9e41797/screenshot - {}
RESULT: {}
RESULT: {"using":"xpath","value":"//*[contains(@data-kt ,\"webshopDetailSiteLink\")]"}
COMMAND: POST /session/ce18119c429c75dafb499373c9e41797/element/f.75ABCD62A5F27F9CE9C2BE5C52A034DE.d.4F4F3E078B9A5187CE47F9C382145826.e.4604/click - {}
RESULT: {}
RESULT: {}
COMMAND: GET /session/ce18119c429c75dafb499373c9e41797/screenshot - {}
RESULT: {}
COMMAND: POST /session/ce18119c429c75dafb499373c9e41797/element/f.75ABCD62A5F27F9CE9C2BE5C52A034DE.d.4F4F3E078B9A5187CE47F9C382145826.e.4076/click - {}
COMMAND: POST /session/ce18119c429c75dafb499373c9e41797/element - {"using":"xpath","value":"//*[contains(@data-kt ,\"ContextMenuId3Link\")][contains(text(), \"Site Main Address\")]"}
RESULT: {"using":"xpath","value":"//*[contains(@data-kt ,\"ContextMenuId3Link\")][contains(text(), \"Site Main Address\")]"}
COMMAND: POST /session/ce18119c429c75dafb499373c9e41797/element/f.75ABCD62A5F27F9CE9C2BE5C52A034DE.d.4F4F3E078B9A5187CE47F9C382145826.e.4076/click - {}
COMMAND: POST /session/ce18119c429c75dafb499373c9e41797/element - {"using":"xpath","value":"//*[contains(@data-kt ,\"ContextMenuId3Link\")][contains(text(), \"Site Main Address\")]"}
RESULT: {"using":"xpath","value":"//*[contains(@data-kt ,\"ContextMenuId3Link\")][contains(text(), \"Site Main Address\")]"}
COMMAND: POST /session/ce18119c429c75dafb499373c9e41797/element/f.75ABCD62A5F27F9CE9C2BE5C52A034DE.d.4F4F3E078B9A5187CE47F9C382145826.e.4609/click - {}
RESULT: {}
COMMAND: GET /session/ce18119c429c75dafb499373c9e41797/screenshot - {}
RESULT: {}
COMMAND: POST /session/ce18119c429c75dafb499373c9e41797/element - {"using":"xpath","value":"//span[contains(@id ,\"application-addressmanagement-display-component---masterAdm--title1-inner\")]"}
RESULT: {"using":"xpath","value":"//span[contains(@id ,\"application-addressmanagement-display-component---masterAdm--title1-inner\")]"}
COMMAND: GET /session/ce18119c429c75dafb499373c9e41797/element/f.75ABCD62A5F27F9CE9C2BE5C52A034DE.d.4F4F3E078B9A5187CE47F9C382145826.e.4819/text - {}
RESULT: {}
COMMAND: POST /session/ce18119c429c75dafb499373c9e41797/element - {"using":"xpath","value":"//span[contains(@id ,\"application-addressmanagement-display-component---detailAdm--addressDetailDetailsName1\")][contains(text(), \"WebdriverSite2rl9b\")]"}
RESULT: {"using":"xpath","value":"//span[contains(@id ,\"application-addressmanagement-display-component---detailAdm--addressDetailDetailsName1\")][contains(text(), \"WebdriverSite2rl9b\")]"}
COMMAND: POST /session/ce18119c429c75dafb499373c9e41797/element - {"using":"xpath","value":"//span[contains(@id ,\"application-addressmanagement-display-component---detailAdm--addressDetailDetailsName1\")][contains(text(), \"WebdriverSite2rl9b\")]"}
RESULT: undefined
COMMAND: POST /session/ce18119c429c75dafb499373c9e41797/element - {"using":"xpath","value":"//*[@id=\"backBtn\"]"}
RESULT: {"using":"xpath","value":"//span[contains(@id ,\"application-addressmanagement-display-component---detailAdm--addressDetailDetailsName1\")][contains(text(), \"WebdriverSite2rl9b\")]"}
RESULT: {"using":"xpath","value":"//*[@id=\"backBtn\"]"}
COMMAND: POST /session/ce18119c429c75dafb499373c9e41797/element/f.75ABCD62A5F27F9CE9C2BE5C52A034DE.d.4F4F3E078B9A5187CE47F9C382145826.e.3169/click - {}
RESULT: {}
COMMAND: GET /session/ce18119c429c75dafb499373c9e41797/screenshot - {}
COMMAND: POST /session/ce18119c429c75dafb499373c9e41797/element - {"using":"xpath","value":"//span[contains(@id ,\"application-addressmanagement-display-component---detailAdm--addressDetailDetailsName1\")][contains(text(), \"WebdriverSite2rl9b\")]"}
RESULT: {}
RESULT: {"using":"xpath","value":"//span[contains(@id ,\"application-addressmanagement-display-component---detailAdm--addressDetailDetailsName1\")][contains(text(), \"WebdriverSite2rl9b\")]"}
COMMAND: POST /session/ce18119c429c75dafb499373c9e41797/element - {"using":"xpath","value":"//span[contains(@id ,\"application-addressmanagement-display-component---detailAdm--addressDetailDetailsName1\")][contains(text(), \"WebdriverSite2rl9b\")]"}
RESULT: {"using":"xpath","value":"//span[contains(@id ,\"application-addressmanagement-display-component---detailAdm--addressDetailDetailsName1\")][contains(text(), \"WebdriverSite2rl9b\")]"}
COMMAND: POST /session/ce18119c429c75dafb499373c9e41797/element - {"using":"xpath","value":"//span[contains(@id ,\"application-addressmanagement-display-component---detailAdm--addressDetailDetailsName1\")][contains(text(), \"WebdriverSite2rl9b\")]"}
RESULT: {"using":"xpath","value":"//span[contains(@id ,\"application-addressmanagement-display-component---detailAdm--addressDetailDetailsName1\")][contains(text(), \"WebdriverSite2rl9b\")]"}
COMMAND: POST /session/ce18119c429c75dafb499373c9e41797/element - {"using":"xpath","value":"//span[contains(@id ,\"application-addressmanagement-display-component---detailAdm--addressDetailDetailsName1\")][contains(text(), \"WebdriverSite2rl9b\")]"}
RESULT: {"using":"xpath","value":"//span[contains(@id ,\"application-addressmanagement-display-component---detailAdm--addressDetailDetailsName1\")][contains(text(), \"WebdriverSite2rl9b\")]"}
COMMAND: POST /session/ce18119c429c75dafb499373c9e41797/element - {"using":"xpath","value":"//span[contains(@id ,\"application-addressmanagement-display-component---detailAdm--addressDetailDetailsName1\")][contains(text(), \"WebdriverSite2rl9b\")]"}
RESULT: {"using":"xpath","value":"//span[contains(@id ,\"application-addressmanagement-display-component---detailAdm--addressDetailDetailsName1\")][contains(text(), \"WebdriverSite2rl9b\")]"}
COMMAND: POST /session/ce18119c429c75dafb499373c9e41797/element - {"using":"xpath","value":"//span[contains(@id ,\"application-addressmanagement-display-component---detailAdm--addressDetailDetailsName1\")][contains(text(), \"WebdriverSite2rl9b\")]"}
RESULT: {"using":"xpath","value":"//span[contains(@id ,\"application-addressmanagement-display-component---detailAdm--addressDetailDetailsName1\")][contains(text(), \"WebdriverSite2rl9b\")]"}
COMMAND: POST /session/ce18119c429c75dafb499373c9e41797/element - {"using":"xpath","value":"//span[contains(@id ,\"application-addressmanagement-display-component---detailAdm--addressDetailDetailsName1\")][contains(text(), \"WebdriverSite2rl9b\")]"}
RESULT: {"using":"xpath","value":"//span[contains(@id ,\"application-addressmanagement-display-component---detailAdm--addressDetailDetailsName1\")][contains(text(), \"WebdriverSite2rl9b\")]"}
COMMAND: POST /session/ce18119c429c75dafb499373c9e41797/element - {"using":"xpath","value":"//span[contains(@id ,\"application-addressmanagement-display-component---detailAdm--addressDetailDetailsName1\")][contains(text(), \"WebdriverSite2rl9b\")]"}
RESULT: {"using":"xpath","value":"//span[contains(@id ,\"application-addressmanagement-display-component---detailAdm--addressDetailDetailsName1\")][contains(text(), \"WebdriverSite2rl9b\")]"}
COMMAND: POST /session/ce18119c429c75dafb499373c9e41797/element - {"using":"xpath","value":"//span[contains(@id ,\"application-addressmanagement-display-component---detailAdm--addressDetailDetailsName1\")][contains(text(), \"WebdriverSite2rl9b\")]"}
COMMAND: POST /session/ce18119c429c75dafb499373c9e41797/execute/sync - {"script":"<script> [8489 bytes]","args":[{"element-6066-11e4-a52e-4f735466cecf":"f.75ABCD62A5F27F9CE9C2BE5C52A034DE.d.4F4F3E078B9A5187CE47F9C382145826.e.4604","ELEMENT":"f.75ABCD62A5F27F9CE9C2BE5C52A034DE.d.4F4F3E078B9A5187CE47F9C382145826.e.4604"}]}
RESULT: {"using":"xpath","value":"//span[contains(@id ,\"application-addressmanagement-display-component---detailAdm--addressDetailDetailsName1\")][contains(text(), \"WebdriverSite2rl9b\")]"}
COMMAND: POST /session/ce18119c429c75dafb499373c9e41797/element - {"using":"xpath","value":"//*[contains(@data-kt ,\"webshopDetailSiteLink\")]"}
RESULT: {"using":"xpath","value":"//*[contains(@data-kt ,\"webshopDetailSiteLink\")]"}
COMMAND: POST /session/ce18119c429c75dafb499373c9e41797/execute/sync - {"script":"<script> [8489 bytes]","args":[{"element-6066-11e4-a52e-4f735466cecf":"f.75ABCD62A5F27F9CE9C2BE5C52A034DE.d.4F4F3E078B9A5187CE47F9C382145826.e.4961","ELEMENT":"f.75ABCD62A5F27F9CE9C2BE5C52A034DE.d.4F4F3E078B9A5187CE47F9C382145826.e.4961"}]}
RESULT: {"script":"<script> [8489 bytes]","args":[{"element-6066-11e4-a52e-4f735466cecf":"f.75ABCD62A5F27F9CE9C2BE5C52A034DE.d.4F4F3E078B9A5187CE47F9C382145826.e.4961","ELEMENT":"f.75ABCD62A5F27F9CE9C2BE5C52A034DE.d.4F4F3E078B9A5187CE47F9C382145826.e.4961"}]}
COMMAND: POST /session/ce18119c429c75dafb499373c9e41797/execute/sync - {"script":"<script> [5351 bytes]","args":[{"element-6066-11e4-a52e-4f735466cecf":"f.75ABCD62A5F27F9CE9C2BE5C52A034DE.d.4F4F3E078B9A5187CE47F9C382145826.e.4961","ELEMENT":"f.75ABCD62A5F27F9CE9C2BE5C52A034DE.d.4F4F3E078B9A5187CE47F9C382145826.e.4961"}]}
RESULT: {"script":"<script> [5351 bytes]","args":[{"element-6066-11e4-a52e-4f735466cecf":"f.75ABCD62A5F27F9CE9C2BE5C52A034DE.d.4F4F3E078B9A5187CE47F9C382145826.e.4961","ELEMENT":"f.75ABCD62A5F27F9CE9C2BE5C52A034DE.d.4F4F3E078B9A5187CE47F9C382145826.e.4961"}]}
COMMAND: POST /session/ce18119c429c75dafb499373c9e41797/element - {"using":"xpath","value":"//*[contains(@data-kt ,\"webshopDetailSiteLink\")]"}
RESULT: {"using":"xpath","value":"//*[contains(@data-kt ,\"webshopDetailSiteLink\")]"}
COMMAND: POST /session/ce18119c429c75dafb499373c9e41797/element/f.75ABCD62A5F27F9CE9C2BE5C52A034DE.d.4F4F3E078B9A5187CE47F9C382145826.e.4961/click - {}
COMMAND: POST /session/ce18119c429c75dafb499373c9e41797/element - {"using":"xpath","value":"//span[contains(@id ,\"application-addressmanagement-display-component---detailAdm--addressDetailDetailsName1\")][contains(text(), \"WebdriverSite2rl9b\")]"}
COMMAND: GET /session/ce18119c429c75dafb499373c9e41797/screenshot - {}
COMMAND: GET /session/ce18119c429c75dafb499373c9e41797/screenshot - {}
RESULT: {}
COMMAND: GET /session/ce18119c429c75dafb499373c9e41797/screenshot - {}
RESULT: {"using":"xpath","value":"//span[contains(@id ,\"application-addressmanagement-display-component---detailAdm--addressDetailDetailsName1\")][contains(text(), \"WebdriverSite2rl9b\")]"}
RESULT: {}
RESULT: {}
COMMAND: POST /session/ce18119c429c75dafb499373c9e41797/element - {"using":"xpath","value":"//span[contains(@id ,\"application-addressmanagement-display-component---detailAdm--addressDetailDetailsName1\")][contains(text(), \"WebdriverSite2rl9b\")]"}
RESULT: {}
RESULT: {"using":"xpath","value":"//span[contains(@id ,\"application-addressmanagement-display-component---detailAdm--addressDetailDetailsName1\")][contains(text(), \"WebdriverSite2rl9b\")]"}
COMMAND: POST /session/ce18119c429c75dafb499373c9e41797/element - {"using":"xpath","value":"//span[contains(@id ,\"application-addressmanagement-display-component---detailAdm--addressDetailDetailsName1\")][contains(text(), \"WebdriverSite2rl9b\")]"}
RESULT: {"using":"xpath","value":"//span[contains(@id ,\"application-addressmanagement-display-component---detailAdm--addressDetailDetailsName1\")][contains(text(), \"WebdriverSite2rl9b\")]"}
COMMAND: POST /session/ce18119c429c75dafb499373c9e41797/element - {"using":"xpath","value":"//span[contains(@id ,\"application-addressmanagement-display-component---detailAdm--addressDetailDetailsName1\")][contains(text(), \"WebdriverSite2rl9b\")]"}
RESULT: {"using":"xpath","value":"//span[contains(@id ,\"application-addressmanagement-display-component---detailAdm--addressDetailDetailsName1\")][contains(text(), \"WebdriverSite2rl9b\")]"}
COMMAND: POST /session/ce18119c429c75dafb499373c9e41797/element - {"using":"xpath","value":"//button[contains(@data-kt ,\"ContextMenuIdExternalLink\")]"}
RESULT: {"using":"xpath","value":"//button[contains(@data-kt ,\"ContextMenuIdExternalLink\")]"}
COMMAND: POST /session/ce18119c429c75dafb499373c9e41797/element/f.75ABCD62A5F27F9CE9C2BE5C52A034DE.d.4F4F3E078B9A5187CE47F9C382145826.e.4964/click - {}
COMMAND: POST /session/ce18119c429c75dafb499373c9e41797/element - {"using":"xpath","value":"//span[contains(@id ,\"application-addressmanagement-display-component---detailAdm--addressDetailDetailsName1\")][contains(text(), \"WebdriverSite2rl9b\")]"}
RESULT: {}
COMMAND: GET /session/ce18119c429c75dafb499373c9e41797/screenshot - {}
RESULT: {"using":"xpath","value":"//span[contains(@id ,\"application-addressmanagement-display-component---detailAdm--addressDetailDetailsName1\")][contains(text(), \"WebdriverSite2rl9b\")]"}
RESULT: {}
COMMAND: POST /session/ce18119c429c75dafb499373c9e41797/element - {"using":"xpath","value":"//span[contains(@id ,\"application-addressmanagement-display-component---detailAdm--addressDetailDetailsName1\")][contains(text(), \"WebdriverSite2rl9b\")]"}
RESULT: {"using":"xpath","value":"//span[contains(@id ,\"application-addressmanagement-display-component---detailAdm--addressDetailDetailsName1\")][contains(text(), \"WebdriverSite2rl9b\")]"}
COMMAND: POST /session/ce18119c429c75dafb499373c9e41797/element - {"using":"xpath","value":"//span[contains(@id ,\"application-addressmanagement-display-component---detailAdm--addressDetailDetailsName1\")][contains(text(), \"WebdriverSite2rl9b\")]"}
RESULT: {"using":"xpath","value":"//span[contains(@id ,\"application-addressmanagement-display-component---detailAdm--addressDetailDetailsName1\")][contains(text(), \"WebdriverSite2rl9b\")]"}
COMMAND: POST /session/ce18119c429c75dafb499373c9e41797/element - {"using":"xpath","value":"//span[contains(@id ,\"application-addressmanagement-display-component---detailAdm--addressDetailDetailsName1\")][contains(text(), \"WebdriverSite2rl9b\")]"}
RESULT: {"using":"xpath","value":"//span[contains(@id ,\"application-addressmanagement-display-component---detailAdm--addressDetailDetailsName1\")][contains(text(), \"WebdriverSite2rl9b\")]"}
COMMAND: POST /session/ce18119c429c75dafb499373c9e41797/element - {"using":"xpath","value":"//span[contains(@id ,\"application-addressmanagement-display-component---detailAdm--addressDetailDetailsName1\")][contains(text(), \"WebdriverSite2rl9b\")]"}
RESULT: {"using":"xpath","value":"//span[contains(@id ,\"application-addressmanagement-display-component---detailAdm--addressDetailDetailsName1\")][contains(text(), \"WebdriverSite2rl9b\")]"}
COMMAND: POST /session/ce18119c429c75dafb499373c9e41797/element - {"using":"xpath","value":"//span[contains(@id ,\"application-addressmanagement-display-component---detailAdm--addressDetailDetailsName1\")][contains(text(), \"WebdriverSite2rl9b\")]"}
RESULT: {"using":"xpath","value":"//span[contains(@id ,\"application-addressmanagement-display-component---detailAdm--addressDetailDetailsName1\")][contains(text(), \"WebdriverSite2rl9b\")]"}
COMMAND: POST /session/ce18119c429c75dafb499373c9e41797/element - {"using":"xpath","value":"//span[contains(@id ,\"application-addressmanagement-display-component---detailAdm--addressDetailDetailsName1\")][contains(text(), \"WebdriverSite2rl9b\")]"}
RESULT: {"using":"xpath","value":"//span[contains(@id ,\"application-addressmanagement-display-component---detailAdm--addressDetailDetailsName1\")][contains(text(), \"WebdriverSite2rl9b\")]"}
COMMAND: POST /session/ce18119c429c75dafb499373c9e41797/element - {"using":"xpath","value":"//span[contains(@id ,\"application-addressmanagement-display-component---detailAdm--addressDetailDetailsName1\")][contains(text(), \"WebdriverSite2rl9b\")]"}
RESULT: {"using":"xpath","value":"//span[contains(@id ,\"application-addressmanagement-display-component---detailAdm--addressDetailDetailsName1\")][contains(text(), \"WebdriverSite2rl9b\")]"}
COMMAND: POST /session/ce18119c429c75dafb499373c9e41797/element - {"using":"xpath","value":"//span[contains(@id ,\"application-addressmanagement-display-component---detailAdm--addressDetailDetailsName1\")][contains(text(), \"WebdriverSite2rl9b\")]"}
RESULT: {"using":"xpath","value":"//span[contains(@id ,\"application-addressmanagement-display-component---detailAdm--addressDetailDetailsName1\")][contains(text(), \"WebdriverSite2rl9b\")]"}
COMMAND: POST /session/ce18119c429c75dafb499373c9e41797/element - {"using":"xpath","value":"//span[contains(@id ,\"application-addressmanagement-display-component---detailAdm--addressDetailDetailsName1\")][contains(text(), \"WebdriverSite2rl9b\")]"}
COMMAND: GET /session/ce18119c429c75dafb499373c9e41797/window/handles - {}
RESULT: {"using":"xpath","value":"//span[contains(@id ,\"application-addressmanagement-display-component---detailAdm--addressDetailDetailsName1\")][contains(text(), \"WebdriverSite2rl9b\")]"}
RESULT: {}
COMMAND: POST /session/ce18119c429c75dafb499373c9e41797/window - {"handle":"D425A9F28A0734DD5A8DA3285BC024ED"}
RESULT: {"handle":"D425A9F28A0734DD5A8DA3285BC024ED"}
COMMAND: GET /session/ce18119c429c75dafb499373c9e41797/url - {}
COMMAND: POST /session/ce18119c429c75dafb499373c9e41797/element - {"using":"xpath","value":"//span[contains(@id ,\"application-addressmanagement-display-component---detailAdm--addressDetailDetailsName1\")][contains(text(), \"WebdriverSite2rl9b\")]"}
RESULT: {}
COMMAND: GET /session/ce18119c429c75dafb499373c9e41797/screenshot - {}
COMMAND: DELETE /session/ce18119c429c75dafb499373c9e41797/window - {}
RESULT: undefined
RESULT: undefined
RESULT: undefined
RESULT: undefined
RESULT: {"using":"xpath","value":"//span[contains(@id ,\"application-addressmanagement-display-component---detailAdm--addressDetailDetailsName1\")][contains(text(), \"WebdriverSite2rl9b\")]"}
COMMAND: POST /session/ce18119c429c75dafb499373c9e41797/element - {"using":"xpath","value":"//span[contains(@id ,\"application-addressmanagement-display-component---detailAdm--addressDetailDetailsName1\")][contains(text(), \"WebdriverSite2rl9b\")]"}
RESULT: {}
RESULT: {}
COMMAND: POST /session/ce18119c429c75dafb499373c9e41797/window - {"handle":"75ABCD62A5F27F9CE9C2BE5C52A034DE"}
RESULT: {"handle":"75ABCD62A5F27F9CE9C2BE5C52A034DE"}
COMMAND: GET /session/ce18119c429c75dafb499373c9e41797/url - {}
RESULT: {"using":"xpath","value":"//span[contains(@id ,\"application-addressmanagement-display-component---detailAdm--addressDetailDetailsName1\")][contains(text(), \"WebdriverSite2rl9b\")]"}
RESULT: {}
COMMAND: GET /session/ce18119c429c75dafb499373c9e41797/screenshot - {}
COMMAND: POST /session/ce18119c429c75dafb499373c9e41797/element - {"using":"xpath","value":"//span[contains(@id ,\"application-addressmanagement-display-component---detailAdm--addressDetailDetailsName1\")][contains(text(), \"WebdriverSite2rl9b\")]"}
RESULT: {}
RESULT: {"using":"xpath","value":"//span[contains(@id ,\"application-addressmanagement-display-component---detailAdm--addressDetailDetailsName1\")][contains(text(), \"WebdriverSite2rl9b\")]"}
COMMAND: POST /session/ce18119c429c75dafb499373c9e41797/element - {"using":"xpath","value":"//span[contains(@id ,\"application-addressmanagement-display-component---detailAdm--addressDetailDetailsName1\")][contains(text(), \"WebdriverSite2rl9b\")]"}
RESULT: {"using":"xpath","value":"//span[contains(@id ,\"application-addressmanagement-display-component---detailAdm--addressDetailDetailsName1\")][contains(text(), \"WebdriverSite2rl9b\")]"}
COMMAND: POST /session/ce18119c429c75dafb499373c9e41797/element - {"using":"xpath","value":"//span[contains(@id ,\"application-addressmanagement-display-component---detailAdm--addressDetailDetailsName1\")][contains(text(), \"WebdriverSite2rl9b\")]"}
RESULT: {"using":"xpath","value":"//span[contains(@id ,\"application-addressmanagement-display-component---detailAdm--addressDetailDetailsName1\")][contains(text(), \"WebdriverSite2rl9b\")]"}
COMMAND: POST /session/ce18119c429c75dafb499373c9e41797/element - {"using":"xpath","value":"//span[contains(@id ,\"application-addressmanagement-display-component---detailAdm--addressDetailDetailsName1\")][contains(text(), \"WebdriverSite2rl9b\")]"}
COMMAND: POST /session/ce18119c429c75dafb499373c9e41797/element - {"using":"xpath","value":"//button[contains(@data-kt ,\"ContextMenuExternalId2Link\")]"}
RESULT: {"using":"xpath","value":"//span[contains(@id ,\"application-addressmanagement-display-component---detailAdm--addressDetailDetailsName1\")][contains(text(), \"WebdriverSite2rl9b\")]"}
RESULT: {"using":"xpath","value":"//button[contains(@data-kt ,\"ContextMenuExternalId2Link\")]"}
COMMAND: POST /session/ce18119c429c75dafb499373c9e41797/element/f.75ABCD62A5F27F9CE9C2BE5C52A034DE.d.4F4F3E078B9A5187CE47F9C382145826.e.5223/click - {}
RESULT: {}
COMMAND: GET /session/ce18119c429c75dafb499373c9e41797/screenshot - {}
RESULT: {}
COMMAND: GET /session/ce18119c429c75dafb499373c9e41797/window/handles - {}
RESULT: {}
COMMAND: POST /session/ce18119c429c75dafb499373c9e41797/window - {"handle":"044DA5674D19E1972ED7B634E96918A9"}
RESULT: {"handle":"044DA5674D19E1972ED7B634E96918A9"}
COMMAND: GET /session/ce18119c429c75dafb499373c9e41797/url - {}
RESULT: {}
COMMAND: GET /session/ce18119c429c75dafb499373c9e41797/screenshot - {}
RESULT: {}
COMMAND: POST /session/ce18119c429c75dafb499373c9e41797/execute/sync - {"script":"<script> [8489 bytes]","args":[{"element-6066-11e4-a52e-4f735466cecf":"f.75ABCD62A5F27F9CE9C2BE5C52A034DE.d.4F4F3E078B9A5187CE47F9C382145826.e.4471","ELEMENT":"f.75ABCD62A5F27F9CE9C2BE5C52A034DE.d.4F4F3E078B9A5187CE47F9C382145826.e.4471"}]}
COMMAND: DELETE /session/ce18119c429c75dafb499373c9e41797/window - {}
RESULT: {}
COMMAND: POST /session/ce18119c429c75dafb499373c9e41797/window - {"handle":"75ABCD62A5F27F9CE9C2BE5C52A034DE"}
RESULT: {"handle":"75ABCD62A5F27F9CE9C2BE5C52A034DE"}
COMMAND: GET /session/ce18119c429c75dafb499373c9e41797/url - {}
COMMAND: POST /session/ce18119c429c75dafb499373c9e41797/element - {"using":"xpath","value":"(//span[contains(text(), \"WebdriverSite2rl9b\")])[2]"}
RESULT: {}
COMMAND: GET /session/ce18119c429c75dafb499373c9e41797/screenshot - {}
RESULT: {"using":"xpath","value":"(//span[contains(text(), \"WebdriverSite2rl9b\")])[2]"}
COMMAND: POST /session/ce18119c429c75dafb499373c9e41797/element - {"using":"xpath","value":"(//span[contains(text(), \"WebdriverSite2rl9b\")])[2]"}
RESULT: {}
RESULT: {"using":"xpath","value":"(//span[contains(text(), \"WebdriverSite2rl9b\")])[2]"}
COMMAND: POST /session/ce18119c429c75dafb499373c9e41797/element - {"using":"xpath","value":"(//span[contains(text(), \"WebdriverSite2rl9b\")])[2]"}
RESULT: {"using":"xpath","value":"(//span[contains(text(), \"WebdriverSite2rl9b\")])[2]"}
COMMAND: POST /session/ce18119c429c75dafb499373c9e41797/element - {"using":"xpath","value":"(//span[contains(text(), \"WebdriverSite2rl9b\")])[2]"}
RESULT: {"using":"xpath","value":"(//span[contains(text(), \"WebdriverSite2rl9b\")])[2]"}
COMMAND: POST /session/ce18119c429c75dafb499373c9e41797/element - {"using":"xpath","value":"(//span[contains(text(), \"WebdriverSite2rl9b\")])[2]"}
RESULT: {"using":"xpath","value":"(//span[contains(text(), \"WebdriverSite2rl9b\")])[2]"}
COMMAND: POST /session/ce18119c429c75dafb499373c9e41797/element - {"using":"xpath","value":"(//span[contains(text(), \"WebdriverSite2rl9b\")])[2]"}
RESULT: {"using":"xpath","value":"(//span[contains(text(), \"WebdriverSite2rl9b\")])[2]"}
COMMAND: POST /session/ce18119c429c75dafb499373c9e41797/element - {"using":"xpath","value":"(//span[contains(text(), \"WebdriverSite2rl9b\")])[2]"}
RESULT: {"using":"xpath","value":"(//span[contains(text(), \"WebdriverSite2rl9b\")])[2]"}
COMMAND: POST /session/ce18119c429c75dafb499373c9e41797/element - {"using":"xpath","value":"(//span[contains(text(), \"WebdriverSite2rl9b\")])[2]"}
RESULT: {"using":"xpath","value":"(//span[contains(text(), \"WebdriverSite2rl9b\")])[2]"}
COMMAND: POST /session/ce18119c429c75dafb499373c9e41797/element - {"using":"xpath","value":"(//span[contains(text(), \"WebdriverSite2rl9b\")])[2]"}
RESULT: {"using":"xpath","value":"(//span[contains(text(), \"WebdriverSite2rl9b\")])[2]"}
COMMAND: POST /session/ce18119c429c75dafb499373c9e41797/element - {"using":"xpath","value":"(//span[contains(text(), \"WebdriverSite2rl9b\")])[2]"}
RESULT: {"using":"xpath","value":"(//span[contains(text(), \"WebdriverSite2rl9b\")])[2]"}
COMMAND: POST /session/ce18119c429c75dafb499373c9e41797/execute/sync - {"script":"<script> [8489 bytes]","args":[{"element-6066-11e4-a52e-4f735466cecf":"f.75ABCD62A5F27F9CE9C2BE5C52A034DE.d.4F4F3E078B9A5187CE47F9C382145826.e.4961","ELEMENT":"f.75ABCD62A5F27F9CE9C2BE5C52A034DE.d.4F4F3E078B9A5187CE47F9C382145826.e.4961"}]}
RESULT: {"script":"<script> [8489 bytes]","args":[{"element-6066-11e4-a52e-4f735466cecf":"f.75ABCD62A5F27F9CE9C2BE5C52A034DE.d.4F4F3E078B9A5187CE47F9C382145826.e.4961","ELEMENT":"f.75ABCD62A5F27F9CE9C2BE5C52A034DE.d.4F4F3E078B9A5187CE47F9C382145826.e.4961"}]}
COMMAND: POST /session/ce18119c429c75dafb499373c9e41797/execute/sync - {"script":"<script> [5351 bytes]","args":[{"element-6066-11e4-a52e-4f735466cecf":"f.75ABCD62A5F27F9CE9C2BE5C52A034DE.d.4F4F3E078B9A5187CE47F9C382145826.e.4961","ELEMENT":"f.75ABCD62A5F27F9CE9C2BE5C52A034DE.d.4F4F3E078B9A5187CE47F9C382145826.e.4961"}]}
COMMAND: GET /session/ce18119c429c75dafb499373c9e41797/screenshot - {}
RESULT: {"script":"<script> [5351 bytes]","args":[{"element-6066-11e4-a52e-4f735466cecf":"f.75ABCD62A5F27F9CE9C2BE5C52A034DE.d.4F4F3E078B9A5187CE47F9C382145826.e.4961","ELEMENT":"f.75ABCD62A5F27F9CE9C2BE5C52A034DE.d.4F4F3E078B9A5187CE47F9C382145826.e.4961"}]}
COMMAND: POST /session/ce18119c429c75dafb499373c9e41797/element - {"using":"xpath","value":"//*[contains(@data-kt ,\"webshopDetailSiteLink\")]"}
COMMAND: GET /session/ce18119c429c75dafb499373c9e41797/screenshot - {}
COMMAND: POST /session/ce18119c429c75dafb499373c9e41797/element - {"using":"xpath","value":"(//span[contains(text(), \"WebdriverSite2rl9b\")])[2]"}
RESULT: {}
RESULT: {"using":"xpath","value":"//*[contains(@data-kt ,\"webshopDetailSiteLink\")]"}
COMMAND: POST /session/ce18119c429c75dafb499373c9e41797/element/f.75ABCD62A5F27F9CE9C2BE5C52A034DE.d.4F4F3E078B9A5187CE47F9C382145826.e.4961/click - {}
RESULT: {}
RESULT: {"using":"xpath","value":"(//span[contains(text(), \"WebdriverSite2rl9b\")])[2]"}
RESULT: {}
COMMAND: GET /session/ce18119c429c75dafb499373c9e41797/screenshot - {}
RESULT: {}
COMMAND: POST /session/ce18119c429c75dafb499373c9e41797/element - {"using":"xpath","value":"(//span[contains(text(), \"WebdriverSite2rl9b\")])[2]"}
RESULT: {"using":"xpath","value":"(//span[contains(text(), \"WebdriverSite2rl9b\")])[2]"}
COMMAND: POST /session/ce18119c429c75dafb499373c9e41797/execute/sync - {"script":"<script> [8489 bytes]","args":[{"element-6066-11e4-a52e-4f735466cecf":"f.75ABCD62A5F27F9CE9C2BE5C52A034DE.d.4F4F3E078B9A5187CE47F9C382145826.e.5313","ELEMENT":"f.75ABCD62A5F27F9CE9C2BE5C52A034DE.d.4F4F3E078B9A5187CE47F9C382145826.e.5313"}]}
RESULT: {"script":"<script> [8489 bytes]","args":[{"element-6066-11e4-a52e-4f735466cecf":"f.75ABCD62A5F27F9CE9C2BE5C52A034DE.d.4F4F3E078B9A5187CE47F9C382145826.e.5313","ELEMENT":"f.75ABCD62A5F27F9CE9C2BE5C52A034DE.d.4F4F3E078B9A5187CE47F9C382145826.e.5313"}]}
COMMAND: GET /session/ce18119c429c75dafb499373c9e41797/screenshot - {}
RESULT: {}
COMMAND: POST /session/ce18119c429c75dafb499373c9e41797/element - {"using":"xpath","value":"(//button[contains(@data-kt ,\"ContextMenuExternalId3Link\")])[2]"}
RESULT: {"using":"xpath","value":"(//button[contains(@data-kt ,\"ContextMenuExternalId3Link\")])[2]"}
COMMAND: POST /session/ce18119c429c75dafb499373c9e41797/element/f.75ABCD62A5F27F9CE9C2BE5C52A034DE.d.4F4F3E078B9A5187CE47F9C382145826.e.5314/click - {}
RESULT: {}
COMMAND: GET /session/ce18119c429c75dafb499373c9e41797/screenshot - {}
RESULT: {}
COMMAND: GET /session/ce18119c429c75dafb499373c9e41797/window/handles - {}
RESULT: {}
COMMAND: POST /session/ce18119c429c75dafb499373c9e41797/window - {"handle":"5FAD79265B7ED03C5157769D2A53D19A"}
RESULT: {"handle":"5FAD79265B7ED03C5157769D2A53D19A"}
COMMAND: GET /session/ce18119c429c75dafb499373c9e41797/url - {}
RESULT: {}
COMMAND: POST /session/ce18119c429c75dafb499373c9e41797/element - {"using":"xpath","value":"//span[contains(@id ,\"application-addressmanagement-display-component---detailAdm--addressDetailDetailsName1\")][contains(text(), \"WebdriverSite2rl9b\")]"}
COMMAND: GET /session/ce18119c429c75dafb499373c9e41797/screenshot - {}
RESULT: {"using":"xpath","value":"//span[contains(@id ,\"application-addressmanagement-display-component---detailAdm--addressDetailDetailsName1\")][contains(text(), \"WebdriverSite2rl9b\")]"}
COMMAND: POST /session/ce18119c429c75dafb499373c9e41797/execute/sync - {"script":"<script> [8489 bytes]","args":[{"element-6066-11e4-a52e-4f735466cecf":"f.5FAD79265B7ED03C5157769D2A53D19A.d.C1249C83B522B9395A593DC27A5D4EF7.e.5379","ELEMENT":"f.5FAD79265B7ED03C5157769D2A53D19A.d.C1249C83B522B9395A593DC27A5D4EF7.e.5379"}]}
RESULT: {}
RESULT: {"script":"<script> [8489 bytes]","args":[{"element-6066-11e4-a52e-4f735466cecf":"f.5FAD79265B7ED03C5157769D2A53D19A.d.C1249C83B522B9395A593DC27A5D4EF7.e.5379","ELEMENT":"f.5FAD79265B7ED03C5157769D2A53D19A.d.C1249C83B522B9395A593DC27A5D4EF7.e.5379"}]}
COMMAND: GET /session/ce18119c429c75dafb499373c9e41797/screenshot - {}
RESULT: {}
COMMAND: DELETE /session/ce18119c429c75dafb499373c9e41797/window - {}
RESULT: {}
COMMAND: POST /session/ce18119c429c75dafb499373c9e41797/window - {"handle":"75ABCD62A5F27F9CE9C2BE5C52A034DE"}
RESULT: {"handle":"75ABCD62A5F27F9CE9C2BE5C52A034DE"}
COMMAND: GET /session/ce18119c429c75dafb499373c9e41797/url - {}
RESULT: {}
COMMAND: GET /session/ce18119c429c75dafb499373c9e41797/screenshot - {}
RESULT: {}
]]></system-out>
    </testcase>
  </testsuite>
  <testsuite timestamp="2025-06-13T16:27:50" time="268.435" tests="2" failures="0" errors="0" skipped="0">
    <properties>
      <property name="specId" value="0"/>
      <property name="suiteName" value="Webshop - Hyperlinks visible and working properly  US139085"/>
      <property name="capabilities" value="chrome.137_0_7151_69.windows"/>
      <property name="file" value="file:///D:/a/1/s/test/specs/R2C/webshop-hyperlinks-partner-address-contract-item.spec.js"/>
    </properties>
    <testcase classname="chrome.137_0_7151_69.windows.Webshop_-_Hyperlinks_visible_and_working_properly__US139085" name="Should verify the customer and address hyperlinks" time="160.444">
      <system-out><![CDATA[
COMMAND: POST /session/ce18119c429c75dafb499373c9e41797/element - {"using":"xpath","value":"//*[contains(@data-kt ,\"webshopDetailAddressLink\")]"}
RESULT: {"using":"xpath","value":"//*[contains(@data-kt ,\"webshopDetailAddressLink\")]"}
COMMAND: POST /session/ce18119c429c75dafb499373c9e41797/execute/sync - {"script":"<script> [8489 bytes]","args":[{"element-6066-11e4-a52e-4f735466cecf":"f.75ABCD62A5F27F9CE9C2BE5C52A034DE.d.4F4F3E078B9A5187CE47F9C382145826.e.5528","ELEMENT":"f.75ABCD62A5F27F9CE9C2BE5C52A034DE.d.4F4F3E078B9A5187CE47F9C382145826.e.5528"}]}
RESULT: {"script":"<script> [8489 bytes]","args":[{"element-6066-11e4-a52e-4f735466cecf":"f.75ABCD62A5F27F9CE9C2BE5C52A034DE.d.4F4F3E078B9A5187CE47F9C382145826.e.5528","ELEMENT":"f.75ABCD62A5F27F9CE9C2BE5C52A034DE.d.4F4F3E078B9A5187CE47F9C382145826.e.5528"}]}
COMMAND: POST /session/ce18119c429c75dafb499373c9e41797/execute/sync - {"script":"<script> [5351 bytes]","args":[{"element-6066-11e4-a52e-4f735466cecf":"f.75ABCD62A5F27F9CE9C2BE5C52A034DE.d.4F4F3E078B9A5187CE47F9C382145826.e.5528","ELEMENT":"f.75ABCD62A5F27F9CE9C2BE5C52A034DE.d.4F4F3E078B9A5187CE47F9C382145826.e.5528"}]}
RESULT: {"script":"<script> [5351 bytes]","args":[{"element-6066-11e4-a52e-4f735466cecf":"f.75ABCD62A5F27F9CE9C2BE5C52A034DE.d.4F4F3E078B9A5187CE47F9C382145826.e.5528","ELEMENT":"f.75ABCD62A5F27F9CE9C2BE5C52A034DE.d.4F4F3E078B9A5187CE47F9C382145826.e.5528"}]}
COMMAND: GET /session/ce18119c429c75dafb499373c9e41797/screenshot - {}
COMMAND: GET /session/ce18119c429c75dafb499373c9e41797/screenshot - {}
RESULT: {}
RESULT: {}
COMMAND: POST /session/ce18119c429c75dafb499373c9e41797/element - {"using":"xpath","value":"//*[contains(@data-kt ,\"webshopDetailAddressLink\")]"}
RESULT: {"using":"xpath","value":"//*[contains(@data-kt ,\"webshopDetailAddressLink\")]"}
COMMAND: POST /session/ce18119c429c75dafb499373c9e41797/element/f.75ABCD62A5F27F9CE9C2BE5C52A034DE.d.4F4F3E078B9A5187CE47F9C382145826.e.5528/click - {}
RESULT: {}
COMMAND: GET /session/ce18119c429c75dafb499373c9e41797/screenshot - {}
RESULT: {}
COMMAND: POST /session/ce18119c429c75dafb499373c9e41797/element - {"using":"xpath","value":"//*[contains(@data-kt ,\"ContextMenuId2Link\")][contains(text(), \"Address Overview\")]"}
RESULT: {"using":"xpath","value":"//*[contains(@data-kt ,\"ContextMenuId2Link\")][contains(text(), \"Address Overview\")]"}
COMMAND: POST /session/ce18119c429c75dafb499373c9e41797/execute/sync - {"script":"<script> [8489 bytes]","args":[{"element-6066-11e4-a52e-4f735466cecf":"f.75ABCD62A5F27F9CE9C2BE5C52A034DE.d.4F4F3E078B9A5187CE47F9C382145826.e.5530","ELEMENT":"f.75ABCD62A5F27F9CE9C2BE5C52A034DE.d.4F4F3E078B9A5187CE47F9C382145826.e.5530"}]}
COMMAND: POST /session/ce18119c429c75dafb499373c9e41797/element - {"using":"xpath","value":"//*[contains(@data-kt ,\"ContextMenuId2Link\")][contains(text(), \"Address Overview\")]"}
RESULT: {"script":"<script> [8489 bytes]","args":[{"element-6066-11e4-a52e-4f735466cecf":"f.75ABCD62A5F27F9CE9C2BE5C52A034DE.d.4F4F3E078B9A5187CE47F9C382145826.e.5530","ELEMENT":"f.75ABCD62A5F27F9CE9C2BE5C52A034DE.d.4F4F3E078B9A5187CE47F9C382145826.e.5530"}]}
RESULT: {"using":"xpath","value":"//*[contains(@data-kt ,\"ContextMenuId2Link\")][contains(text(), \"Address Overview\")]"}
COMMAND: POST /session/ce18119c429c75dafb499373c9e41797/element/f.75ABCD62A5F27F9CE9C2BE5C52A034DE.d.4F4F3E078B9A5187CE47F9C382145826.e.5530/click - {}
COMMAND: GET /session/ce18119c429c75dafb499373c9e41797/screenshot - {}
RESULT: {}
COMMAND: GET /session/ce18119c429c75dafb499373c9e41797/screenshot - {}
RESULT: {}
RESULT: {}
RESULT: undefined
COMMAND: POST /session/ce18119c429c75dafb499373c9e41797/execute/async - {"script":"<script> [6424 bytes]","args":[{"element-6066-11e4-a52e-4f735466cecf":"f.75ABCD62A5F27F9CE9C2BE5C52A034DE.d.4F4F3E078B9A5187CE47F9C382145826.e.3167"},"getTitle",[]]}
COMMAND: POST /session/ce18119c429c75dafb499373c9e41797/execute/async - {"script":"<script> [1562 bytes]","args":[{"selector":{"id":"shellAppTitle"},"wdio_ui5_key":"shellAppTitle"}]}
RESULT: {"script":"<script> [1562 bytes]","args":[{"selector":{"id":"shellAppTitle"},"wdio_ui5_key":"shellAppTitle"}]}
COMMAND: POST /session/ce18119c429c75dafb499373c9e41797/execute/async - {"script":"<script> [6424 bytes]","args":[{"element-6066-11e4-a52e-4f735466cecf":"f.75ABCD62A5F27F9CE9C2BE5C52A034DE.d.4F4F3E078B9A5187CE47F9C382145826.e.5804"},"getTitle",[]]}
RESULT: {"script":"<script> [6424 bytes]","args":[{"element-6066-11e4-a52e-4f735466cecf":"f.75ABCD62A5F27F9CE9C2BE5C52A034DE.d.4F4F3E078B9A5187CE47F9C382145826.e.5804"},"getTitle",[]]}
COMMAND: POST /session/ce18119c429c75dafb499373c9e41797/element - {"using":"xpath","value":"//span[contains(@id ,\"application-addressmanagement-display-component---detailAdm--addressDetailDetailsName1\")][contains(text(), \"WebdriverSite2rl9b\")]"}
RESULT: {"using":"xpath","value":"//span[contains(@id ,\"application-addressmanagement-display-component---detailAdm--addressDetailDetailsName1\")][contains(text(), \"WebdriverSite2rl9b\")]"}
COMMAND: POST /session/ce18119c429c75dafb499373c9e41797/execute/sync - {"script":"<script> [8489 bytes]","args":[{"element-6066-11e4-a52e-4f735466cecf":"f.75ABCD62A5F27F9CE9C2BE5C52A034DE.d.4F4F3E078B9A5187CE47F9C382145826.e.5805","ELEMENT":"f.75ABCD62A5F27F9CE9C2BE5C52A034DE.d.4F4F3E078B9A5187CE47F9C382145826.e.5805"}]}
RESULT: undefined
COMMAND: POST /session/ce18119c429c75dafb499373c9e41797/element - {"using":"xpath","value":"//*[@id=\"backBtn\"]"}
RESULT: {"script":"<script> [8489 bytes]","args":[{"element-6066-11e4-a52e-4f735466cecf":"f.75ABCD62A5F27F9CE9C2BE5C52A034DE.d.4F4F3E078B9A5187CE47F9C382145826.e.5805","ELEMENT":"f.75ABCD62A5F27F9CE9C2BE5C52A034DE.d.4F4F3E078B9A5187CE47F9C382145826.e.5805"}]}
COMMAND: GET /session/ce18119c429c75dafb499373c9e41797/screenshot - {}
RESULT: {"using":"xpath","value":"//*[@id=\"backBtn\"]"}
COMMAND: POST /session/ce18119c429c75dafb499373c9e41797/element/f.75ABCD62A5F27F9CE9C2BE5C52A034DE.d.4F4F3E078B9A5187CE47F9C382145826.e.3169/click - {}
RESULT: {}
RESULT: {}
COMMAND: GET /session/ce18119c429c75dafb499373c9e41797/screenshot - {}
RESULT: {}
COMMAND: POST /session/ce18119c429c75dafb499373c9e41797/execute/sync - {"script":"<script> [8489 bytes]","args":[{"element-6066-11e4-a52e-4f735466cecf":"f.75ABCD62A5F27F9CE9C2BE5C52A034DE.d.4F4F3E078B9A5187CE47F9C382145826.e.5528","ELEMENT":"f.75ABCD62A5F27F9CE9C2BE5C52A034DE.d.4F4F3E078B9A5187CE47F9C382145826.e.5528"}]}
COMMAND: POST /session/ce18119c429c75dafb499373c9e41797/element - {"using":"xpath","value":"//*[contains(@data-kt ,\"webshopDetailAddressLink\")]"}
RESULT: {"using":"xpath","value":"//*[contains(@data-kt ,\"webshopDetailAddressLink\")]"}
COMMAND: POST /session/ce18119c429c75dafb499373c9e41797/execute/sync - {"script":"<script> [8489 bytes]","args":[{"element-6066-11e4-a52e-4f735466cecf":"f.75ABCD62A5F27F9CE9C2BE5C52A034DE.d.4F4F3E078B9A5187CE47F9C382145826.e.5990","ELEMENT":"f.75ABCD62A5F27F9CE9C2BE5C52A034DE.d.4F4F3E078B9A5187CE47F9C382145826.e.5990"}]}
RESULT: {"script":"<script> [8489 bytes]","args":[{"element-6066-11e4-a52e-4f735466cecf":"f.75ABCD62A5F27F9CE9C2BE5C52A034DE.d.4F4F3E078B9A5187CE47F9C382145826.e.5990","ELEMENT":"f.75ABCD62A5F27F9CE9C2BE5C52A034DE.d.4F4F3E078B9A5187CE47F9C382145826.e.5990"}]}
COMMAND: POST /session/ce18119c429c75dafb499373c9e41797/execute/sync - {"script":"<script> [5351 bytes]","args":[{"element-6066-11e4-a52e-4f735466cecf":"f.75ABCD62A5F27F9CE9C2BE5C52A034DE.d.4F4F3E078B9A5187CE47F9C382145826.e.5990","ELEMENT":"f.75ABCD62A5F27F9CE9C2BE5C52A034DE.d.4F4F3E078B9A5187CE47F9C382145826.e.5990"}]}
COMMAND: GET /session/ce18119c429c75dafb499373c9e41797/screenshot - {}
RESULT: {"script":"<script> [5351 bytes]","args":[{"element-6066-11e4-a52e-4f735466cecf":"f.75ABCD62A5F27F9CE9C2BE5C52A034DE.d.4F4F3E078B9A5187CE47F9C382145826.e.5990","ELEMENT":"f.75ABCD62A5F27F9CE9C2BE5C52A034DE.d.4F4F3E078B9A5187CE47F9C382145826.e.5990"}]}
COMMAND: POST /session/ce18119c429c75dafb499373c9e41797/element - {"using":"xpath","value":"//*[contains(@data-kt ,\"webshopDetailAddressLink\")]"}
COMMAND: GET /session/ce18119c429c75dafb499373c9e41797/screenshot - {}
RESULT: {}
RESULT: {"using":"xpath","value":"//*[contains(@data-kt ,\"webshopDetailAddressLink\")]"}
COMMAND: POST /session/ce18119c429c75dafb499373c9e41797/element/f.75ABCD62A5F27F9CE9C2BE5C52A034DE.d.4F4F3E078B9A5187CE47F9C382145826.e.5990/click - {}
RESULT: {}
RESULT: {}
COMMAND: GET /session/ce18119c429c75dafb499373c9e41797/screenshot - {}
RESULT: {}
COMMAND: POST /session/ce18119c429c75dafb499373c9e41797/element - {"using":"xpath","value":"//button[contains(@data-kt ,\"ContextMenuExternalId2Link\")]"}
RESULT: {"using":"xpath","value":"//button[contains(@data-kt ,\"ContextMenuExternalId2Link\")]"}
COMMAND: POST /session/ce18119c429c75dafb499373c9e41797/element/f.75ABCD62A5F27F9CE9C2BE5C52A034DE.d.4F4F3E078B9A5187CE47F9C382145826.e.5991/click - {}
RESULT: {}
COMMAND: GET /session/ce18119c429c75dafb499373c9e41797/screenshot - {}
RESULT: {}
COMMAND: GET /session/ce18119c429c75dafb499373c9e41797/window/handles - {}
RESULT: {}
COMMAND: POST /session/ce18119c429c75dafb499373c9e41797/window - {"handle":"988C6F2872D25DAAEBD8FC493DFC7060"}
RESULT: {"handle":"988C6F2872D25DAAEBD8FC493DFC7060"}
COMMAND: GET /session/ce18119c429c75dafb499373c9e41797/url - {}
RESULT: {}
COMMAND: GET /session/ce18119c429c75dafb499373c9e41797/screenshot - {}
RESULT: {}
COMMAND: POST /session/ce18119c429c75dafb499373c9e41797/execute/sync - {"script":"<script> [8489 bytes]","args":[{"element-6066-11e4-a52e-4f735466cecf":"f.75ABCD62A5F27F9CE9C2BE5C52A034DE.d.4F4F3E078B9A5187CE47F9C382145826.e.5805","ELEMENT":"f.75ABCD62A5F27F9CE9C2BE5C52A034DE.d.4F4F3E078B9A5187CE47F9C382145826.e.5805"}]}
COMMAND: DELETE /session/ce18119c429c75dafb499373c9e41797/window - {}
RESULT: {}
COMMAND: POST /session/ce18119c429c75dafb499373c9e41797/window - {"handle":"75ABCD62A5F27F9CE9C2BE5C52A034DE"}
RESULT: {"handle":"75ABCD62A5F27F9CE9C2BE5C52A034DE"}
COMMAND: GET /session/ce18119c429c75dafb499373c9e41797/url - {}
COMMAND: POST /session/ce18119c429c75dafb499373c9e41797/element - {"using":"xpath","value":"//span[contains(@id ,\"application-addressmanagement-display-component---detailAdm--addressDetailDetailsName1\")][contains(text(), \"WebdriverSite2rl9b\")]"}
RESULT: {}
COMMAND: GET /session/ce18119c429c75dafb499373c9e41797/screenshot - {}
RESULT: {"using":"xpath","value":"//span[contains(@id ,\"application-addressmanagement-display-component---detailAdm--addressDetailDetailsName1\")][contains(text(), \"WebdriverSite2rl9b\")]"}
COMMAND: POST /session/ce18119c429c75dafb499373c9e41797/element - {"using":"xpath","value":"//span[contains(@id ,\"application-addressmanagement-display-component---detailAdm--addressDetailDetailsName1\")][contains(text(), \"WebdriverSite2rl9b\")]"}
RESULT: {}
RESULT: {"using":"xpath","value":"//span[contains(@id ,\"application-addressmanagement-display-component---detailAdm--addressDetailDetailsName1\")][contains(text(), \"WebdriverSite2rl9b\")]"}
COMMAND: POST /session/ce18119c429c75dafb499373c9e41797/element - {"using":"xpath","value":"//span[contains(@id ,\"application-addressmanagement-display-component---detailAdm--addressDetailDetailsName1\")][contains(text(), \"WebdriverSite2rl9b\")]"}
RESULT: {"using":"xpath","value":"//span[contains(@id ,\"application-addressmanagement-display-component---detailAdm--addressDetailDetailsName1\")][contains(text(), \"WebdriverSite2rl9b\")]"}
COMMAND: POST /session/ce18119c429c75dafb499373c9e41797/element - {"using":"xpath","value":"//span[contains(@id ,\"application-addressmanagement-display-component---detailAdm--addressDetailDetailsName1\")][contains(text(), \"WebdriverSite2rl9b\")]"}
RESULT: {"using":"xpath","value":"//span[contains(@id ,\"application-addressmanagement-display-component---detailAdm--addressDetailDetailsName1\")][contains(text(), \"WebdriverSite2rl9b\")]"}
COMMAND: POST /session/ce18119c429c75dafb499373c9e41797/element - {"using":"xpath","value":"//span[contains(@id ,\"application-addressmanagement-display-component---detailAdm--addressDetailDetailsName1\")][contains(text(), \"WebdriverSite2rl9b\")]"}
RESULT: {"using":"xpath","value":"//span[contains(@id ,\"application-addressmanagement-display-component---detailAdm--addressDetailDetailsName1\")][contains(text(), \"WebdriverSite2rl9b\")]"}
COMMAND: POST /session/ce18119c429c75dafb499373c9e41797/element - {"using":"xpath","value":"//span[contains(@id ,\"application-addressmanagement-display-component---detailAdm--addressDetailDetailsName1\")][contains(text(), \"WebdriverSite2rl9b\")]"}
RESULT: {"using":"xpath","value":"//span[contains(@id ,\"application-addressmanagement-display-component---detailAdm--addressDetailDetailsName1\")][contains(text(), \"WebdriverSite2rl9b\")]"}
COMMAND: POST /session/ce18119c429c75dafb499373c9e41797/element - {"using":"xpath","value":"//*[contains(@data-kt ,\"webshopDetailCustomerLink\")]"}
RESULT: {"using":"xpath","value":"//*[contains(@data-kt ,\"webshopDetailCustomerLink\")]"}
COMMAND: POST /session/ce18119c429c75dafb499373c9e41797/execute/sync - {"script":"<script> [8489 bytes]","args":[{"element-6066-11e4-a52e-4f735466cecf":"f.75ABCD62A5F27F9CE9C2BE5C52A034DE.d.4F4F3E078B9A5187CE47F9C382145826.e.6113","ELEMENT":"f.75ABCD62A5F27F9CE9C2BE5C52A034DE.d.4F4F3E078B9A5187CE47F9C382145826.e.6113"}]}
RESULT: {"script":"<script> [8489 bytes]","args":[{"element-6066-11e4-a52e-4f735466cecf":"f.75ABCD62A5F27F9CE9C2BE5C52A034DE.d.4F4F3E078B9A5187CE47F9C382145826.e.6113","ELEMENT":"f.75ABCD62A5F27F9CE9C2BE5C52A034DE.d.4F4F3E078B9A5187CE47F9C382145826.e.6113"}]}
COMMAND: POST /session/ce18119c429c75dafb499373c9e41797/execute/sync - {"script":"<script> [5351 bytes]","args":[{"element-6066-11e4-a52e-4f735466cecf":"f.75ABCD62A5F27F9CE9C2BE5C52A034DE.d.4F4F3E078B9A5187CE47F9C382145826.e.6113","ELEMENT":"f.75ABCD62A5F27F9CE9C2BE5C52A034DE.d.4F4F3E078B9A5187CE47F9C382145826.e.6113"}]}
COMMAND: GET /session/ce18119c429c75dafb499373c9e41797/screenshot - {}
RESULT: {"script":"<script> [5351 bytes]","args":[{"element-6066-11e4-a52e-4f735466cecf":"f.75ABCD62A5F27F9CE9C2BE5C52A034DE.d.4F4F3E078B9A5187CE47F9C382145826.e.6113","ELEMENT":"f.75ABCD62A5F27F9CE9C2BE5C52A034DE.d.4F4F3E078B9A5187CE47F9C382145826.e.6113"}]}
COMMAND: POST /session/ce18119c429c75dafb499373c9e41797/element - {"using":"xpath","value":"//*[contains(@data-kt ,\"webshopDetailCustomerLink\")]"}
COMMAND: GET /session/ce18119c429c75dafb499373c9e41797/screenshot - {}
COMMAND: POST /session/ce18119c429c75dafb499373c9e41797/element - {"using":"xpath","value":"//span[contains(@id ,\"application-addressmanagement-display-component---detailAdm--addressDetailDetailsName1\")][contains(text(), \"WebdriverSite2rl9b\")]"}
RESULT: {}
RESULT: {"using":"xpath","value":"//*[contains(@data-kt ,\"webshopDetailCustomerLink\")]"}
COMMAND: POST /session/ce18119c429c75dafb499373c9e41797/element/f.75ABCD62A5F27F9CE9C2BE5C52A034DE.d.4F4F3E078B9A5187CE47F9C382145826.e.6113/click - {}
RESULT: {}
RESULT: {"using":"xpath","value":"//span[contains(@id ,\"application-addressmanagement-display-component---detailAdm--addressDetailDetailsName1\")][contains(text(), \"WebdriverSite2rl9b\")]"}
RESULT: {}
COMMAND: GET /session/ce18119c429c75dafb499373c9e41797/screenshot - {}
COMMAND: POST /session/ce18119c429c75dafb499373c9e41797/element - {"using":"xpath","value":"//span[contains(@id ,\"application-addressmanagement-display-component---detailAdm--addressDetailDetailsName1\")][contains(text(), \"WebdriverSite2rl9b\")]"}
RESULT: {}
RESULT: {"using":"xpath","value":"//span[contains(@id ,\"application-addressmanagement-display-component---detailAdm--addressDetailDetailsName1\")][contains(text(), \"WebdriverSite2rl9b\")]"}
COMMAND: POST /session/ce18119c429c75dafb499373c9e41797/element - {"using":"xpath","value":"//span[contains(@id ,\"application-addressmanagement-display-component---detailAdm--addressDetailDetailsName1\")][contains(text(), \"WebdriverSite2rl9b\")]"}
RESULT: {"using":"xpath","value":"//span[contains(@id ,\"application-addressmanagement-display-component---detailAdm--addressDetailDetailsName1\")][contains(text(), \"WebdriverSite2rl9b\")]"}
COMMAND: POST /session/ce18119c429c75dafb499373c9e41797/element - {"using":"xpath","value":"//span[contains(@id ,\"application-addressmanagement-display-component---detailAdm--addressDetailDetailsName1\")][contains(text(), \"WebdriverSite2rl9b\")]"}
RESULT: {"using":"xpath","value":"//span[contains(@id ,\"application-addressmanagement-display-component---detailAdm--addressDetailDetailsName1\")][contains(text(), \"WebdriverSite2rl9b\")]"}
COMMAND: POST /session/ce18119c429c75dafb499373c9e41797/element - {"using":"xpath","value":"//span[contains(@id ,\"application-addressmanagement-display-component---detailAdm--addressDetailDetailsName1\")][contains(text(), \"WebdriverSite2rl9b\")]"}
RESULT: {"using":"xpath","value":"//span[contains(@id ,\"application-addressmanagement-display-component---detailAdm--addressDetailDetailsName1\")][contains(text(), \"WebdriverSite2rl9b\")]"}
COMMAND: POST /session/ce18119c429c75dafb499373c9e41797/element - {"using":"xpath","value":"//*[contains(@data-kt ,\"ContextMenuId2Link\")][contains(text(), \"Partner Overview\")]"}
RESULT: {"using":"xpath","value":"//*[contains(@data-kt ,\"ContextMenuId2Link\")][contains(text(), \"Partner Overview\")]"}
COMMAND: POST /session/ce18119c429c75dafb499373c9e41797/execute/sync - {"script":"<script> [8489 bytes]","args":[{"element-6066-11e4-a52e-4f735466cecf":"f.75ABCD62A5F27F9CE9C2BE5C52A034DE.d.4F4F3E078B9A5187CE47F9C382145826.e.6115","ELEMENT":"f.75ABCD62A5F27F9CE9C2BE5C52A034DE.d.4F4F3E078B9A5187CE47F9C382145826.e.6115"}]}
COMMAND: POST /session/ce18119c429c75dafb499373c9e41797/element - {"using":"xpath","value":"//*[contains(@data-kt ,\"ContextMenuId2Link\")][contains(text(), \"Partner Overview\")]"}
RESULT: {"script":"<script> [8489 bytes]","args":[{"element-6066-11e4-a52e-4f735466cecf":"f.75ABCD62A5F27F9CE9C2BE5C52A034DE.d.4F4F3E078B9A5187CE47F9C382145826.e.6115","ELEMENT":"f.75ABCD62A5F27F9CE9C2BE5C52A034DE.d.4F4F3E078B9A5187CE47F9C382145826.e.6115"}]}
COMMAND: GET /session/ce18119c429c75dafb499373c9e41797/screenshot - {}
RESULT: {"using":"xpath","value":"//*[contains(@data-kt ,\"ContextMenuId2Link\")][contains(text(), \"Partner Overview\")]"}
COMMAND: POST /session/ce18119c429c75dafb499373c9e41797/element/f.75ABCD62A5F27F9CE9C2BE5C52A034DE.d.4F4F3E078B9A5187CE47F9C382145826.e.6115/click - {}
RESULT: {}
COMMAND: POST /session/ce18119c429c75dafb499373c9e41797/element - {"using":"xpath","value":"//span[contains(@id ,\"application-addressmanagement-display-component---detailAdm--addressDetailDetailsName1\")][contains(text(), \"WebdriverSite2rl9b\")]"}
RESULT: {}
COMMAND: GET /session/ce18119c429c75dafb499373c9e41797/screenshot - {}
RESULT: {"using":"xpath","value":"//span[contains(@id ,\"application-addressmanagement-display-component---detailAdm--addressDetailDetailsName1\")][contains(text(), \"WebdriverSite2rl9b\")]"}
RESULT: {}
COMMAND: POST /session/ce18119c429c75dafb499373c9e41797/element - {"using":"xpath","value":"//span[contains(@id ,\"application-addressmanagement-display-component---detailAdm--addressDetailDetailsName1\")][contains(text(), \"WebdriverSite2rl9b\")]"}
RESULT: {"using":"xpath","value":"//span[contains(@id ,\"application-addressmanagement-display-component---detailAdm--addressDetailDetailsName1\")][contains(text(), \"WebdriverSite2rl9b\")]"}
COMMAND: POST /session/ce18119c429c75dafb499373c9e41797/element - {"using":"xpath","value":"//span[contains(@id ,\"application-addressmanagement-display-component---detailAdm--addressDetailDetailsName1\")][contains(text(), \"WebdriverSite2rl9b\")]"}
RESULT: {"using":"xpath","value":"//span[contains(@id ,\"application-addressmanagement-display-component---detailAdm--addressDetailDetailsName1\")][contains(text(), \"WebdriverSite2rl9b\")]"}
COMMAND: POST /session/ce18119c429c75dafb499373c9e41797/element - {"using":"xpath","value":"//span[contains(@id ,\"application-addressmanagement-display-component---detailAdm--addressDetailDetailsName1\")][contains(text(), \"WebdriverSite2rl9b\")]"}
RESULT: {"using":"xpath","value":"//span[contains(@id ,\"application-addressmanagement-display-component---detailAdm--addressDetailDetailsName1\")][contains(text(), \"WebdriverSite2rl9b\")]"}
COMMAND: POST /session/ce18119c429c75dafb499373c9e41797/element - {"using":"xpath","value":"//span[contains(@id ,\"application-addressmanagement-display-component---detailAdm--addressDetailDetailsName1\")][contains(text(), \"WebdriverSite2rl9b\")]"}
RESULT: {"using":"xpath","value":"//span[contains(@id ,\"application-addressmanagement-display-component---detailAdm--addressDetailDetailsName1\")][contains(text(), \"WebdriverSite2rl9b\")]"}
COMMAND: POST /session/ce18119c429c75dafb499373c9e41797/element - {"using":"xpath","value":"//span[contains(@id ,\"application-addressmanagement-display-component---detailAdm--addressDetailDetailsName1\")][contains(text(), \"WebdriverSite2rl9b\")]"}
RESULT: {"using":"xpath","value":"//span[contains(@id ,\"application-addressmanagement-display-component---detailAdm--addressDetailDetailsName1\")][contains(text(), \"WebdriverSite2rl9b\")]"}
COMMAND: POST /session/ce18119c429c75dafb499373c9e41797/element - {"using":"xpath","value":"//span[contains(@id ,\"application-addressmanagement-display-component---detailAdm--addressDetailDetailsName1\")][contains(text(), \"WebdriverSite2rl9b\")]"}
RESULT: {"using":"xpath","value":"//span[contains(@id ,\"application-addressmanagement-display-component---detailAdm--addressDetailDetailsName1\")][contains(text(), \"WebdriverSite2rl9b\")]"}
RESULT: undefined
COMMAND: POST /session/ce18119c429c75dafb499373c9e41797/execute/async - {"script":"<script> [6424 bytes]","args":[{"element-6066-11e4-a52e-4f735466cecf":"f.75ABCD62A5F27F9CE9C2BE5C52A034DE.d.4F4F3E078B9A5187CE47F9C382145826.e.3167"},"getTitle",[]]}
COMMAND: POST /session/ce18119c429c75dafb499373c9e41797/execute/async - {"script":"<script> [1562 bytes]","args":[{"selector":{"id":"shellAppTitle"},"wdio_ui5_key":"shellAppTitle"}]}
COMMAND: POST /session/ce18119c429c75dafb499373c9e41797/element - {"using":"xpath","value":"//span[contains(@id ,\"application-addressmanagement-display-component---detailAdm--addressDetailDetailsName1\")][contains(text(), \"WebdriverSite2rl9b\")]"}
RESULT: {"script":"<script> [1562 bytes]","args":[{"selector":{"id":"shellAppTitle"},"wdio_ui5_key":"shellAppTitle"}]}
COMMAND: POST /session/ce18119c429c75dafb499373c9e41797/execute/async - {"script":"<script> [6424 bytes]","args":[{"element-6066-11e4-a52e-4f735466cecf":"f.75ABCD62A5F27F9CE9C2BE5C52A034DE.d.4F4F3E078B9A5187CE47F9C382145826.e.6342"},"getTitle",[]]}
RESULT: {"using":"xpath","value":"//span[contains(@id ,\"application-addressmanagement-display-component---detailAdm--addressDetailDetailsName1\")][contains(text(), \"WebdriverSite2rl9b\")]"}
RESULT: {"script":"<script> [6424 bytes]","args":[{"element-6066-11e4-a52e-4f735466cecf":"f.75ABCD62A5F27F9CE9C2BE5C52A034DE.d.4F4F3E078B9A5187CE47F9C382145826.e.6342"},"getTitle",[]]}
COMMAND: POST /session/ce18119c429c75dafb499373c9e41797/element - {"using":"xpath","value":"//span[contains(@id ,\"title\")][contains(text(), \"WebdriverPartner1su2d\")]"}
RESULT: {"using":"xpath","value":"//span[contains(@id ,\"title\")][contains(text(), \"WebdriverPartner1su2d\")]"}
COMMAND: POST /session/ce18119c429c75dafb499373c9e41797/execute/sync - {"script":"<script> [8489 bytes]","args":[{"element-6066-11e4-a52e-4f735466cecf":"f.75ABCD62A5F27F9CE9C2BE5C52A034DE.d.4F4F3E078B9A5187CE47F9C382145826.e.6343","ELEMENT":"f.75ABCD62A5F27F9CE9C2BE5C52A034DE.d.4F4F3E078B9A5187CE47F9C382145826.e.6343"}]}
RESULT: undefined
COMMAND: POST /session/ce18119c429c75dafb499373c9e41797/element - {"using":"xpath","value":"//*[@id=\"backBtn\"]"}
COMMAND: POST /session/ce18119c429c75dafb499373c9e41797/element - {"using":"xpath","value":"//span[contains(@id ,\"application-addressmanagement-display-component---detailAdm--addressDetailDetailsName1\")][contains(text(), \"WebdriverSite2rl9b\")]"}
RESULT: {"script":"<script> [8489 bytes]","args":[{"element-6066-11e4-a52e-4f735466cecf":"f.75ABCD62A5F27F9CE9C2BE5C52A034DE.d.4F4F3E078B9A5187CE47F9C382145826.e.6343","ELEMENT":"f.75ABCD62A5F27F9CE9C2BE5C52A034DE.d.4F4F3E078B9A5187CE47F9C382145826.e.6343"}]}
COMMAND: GET /session/ce18119c429c75dafb499373c9e41797/screenshot - {}
RESULT: {"using":"xpath","value":"//*[@id=\"backBtn\"]"}
COMMAND: POST /session/ce18119c429c75dafb499373c9e41797/element/f.75ABCD62A5F27F9CE9C2BE5C52A034DE.d.4F4F3E078B9A5187CE47F9C382145826.e.3169/click - {}
RESULT: {"using":"xpath","value":"//span[contains(@id ,\"application-addressmanagement-display-component---detailAdm--addressDetailDetailsName1\")][contains(text(), \"WebdriverSite2rl9b\")]"}
RESULT: {}
COMMAND: POST /session/ce18119c429c75dafb499373c9e41797/execute/sync - {"script":"<script> [8489 bytes]","args":[{"element-6066-11e4-a52e-4f735466cecf":"f.75ABCD62A5F27F9CE9C2BE5C52A034DE.d.4F4F3E078B9A5187CE47F9C382145826.e.6343","ELEMENT":"f.75ABCD62A5F27F9CE9C2BE5C52A034DE.d.4F4F3E078B9A5187CE47F9C382145826.e.6343"}]}
COMMAND: POST /session/ce18119c429c75dafb499373c9e41797/element - {"using":"xpath","value":"//span[contains(@id ,\"application-addressmanagement-display-component---detailAdm--addressDetailDetailsName1\")][contains(text(), \"WebdriverSite2rl9b\")]"}
RESULT: {}
COMMAND: GET /session/ce18119c429c75dafb499373c9e41797/screenshot - {}
COMMAND: POST /session/ce18119c429c75dafb499373c9e41797/element - {"using":"xpath","value":"//span[contains(@id ,\"title\")][contains(text(), \"WebdriverPartner1su2d\")]"}
RESULT: {"using":"xpath","value":"//span[contains(@id ,\"application-addressmanagement-display-component---detailAdm--addressDetailDetailsName1\")][contains(text(), \"WebdriverSite2rl9b\")]"}
COMMAND: POST /session/ce18119c429c75dafb499373c9e41797/element - {"using":"xpath","value":"//span[contains(@id ,\"application-addressmanagement-display-component---detailAdm--addressDetailDetailsName1\")][contains(text(), \"WebdriverSite2rl9b\")]"}
RESULT: {}
RESULT: {"using":"xpath","value":"//span[contains(@id ,\"title\")][contains(text(), \"WebdriverPartner1su2d\")]"}
COMMAND: POST /session/ce18119c429c75dafb499373c9e41797/element - {"using":"xpath","value":"//span[contains(@id ,\"title\")][contains(text(), \"WebdriverPartner1su2d\")]"}
RESULT: {"using":"xpath","value":"//span[contains(@id ,\"application-addressmanagement-display-component---detailAdm--addressDetailDetailsName1\")][contains(text(), \"WebdriverSite2rl9b\")]"}
RESULT: {"using":"xpath","value":"//span[contains(@id ,\"title\")][contains(text(), \"WebdriverPartner1su2d\")]"}
COMMAND: POST /session/ce18119c429c75dafb499373c9e41797/element - {"using":"xpath","value":"//span[contains(@id ,\"application-addressmanagement-display-component---detailAdm--addressDetailDetailsName1\")][contains(text(), \"WebdriverSite2rl9b\")]"}
RESULT: {"using":"xpath","value":"//span[contains(@id ,\"application-addressmanagement-display-component---detailAdm--addressDetailDetailsName1\")][contains(text(), \"WebdriverSite2rl9b\")]"}
COMMAND: POST /session/ce18119c429c75dafb499373c9e41797/element - {"using":"xpath","value":"//span[contains(@id ,\"title\")][contains(text(), \"WebdriverPartner1su2d\")]"}
RESULT: {"using":"xpath","value":"//span[contains(@id ,\"title\")][contains(text(), \"WebdriverPartner1su2d\")]"}
COMMAND: POST /session/ce18119c429c75dafb499373c9e41797/element - {"using":"xpath","value":"//span[contains(@id ,\"application-addressmanagement-display-component---detailAdm--addressDetailDetailsName1\")][contains(text(), \"WebdriverSite2rl9b\")]"}
COMMAND: POST /session/ce18119c429c75dafb499373c9e41797/element - {"using":"xpath","value":"//span[contains(@id ,\"title\")][contains(text(), \"WebdriverPartner1su2d\")]"}
RESULT: {"using":"xpath","value":"//span[contains(@id ,\"application-addressmanagement-display-component---detailAdm--addressDetailDetailsName1\")][contains(text(), \"WebdriverSite2rl9b\")]"}
RESULT: {"using":"xpath","value":"//span[contains(@id ,\"title\")][contains(text(), \"WebdriverPartner1su2d\")]"}
COMMAND: POST /session/ce18119c429c75dafb499373c9e41797/execute/sync - {"script":"<script> [8489 bytes]","args":[{"element-6066-11e4-a52e-4f735466cecf":"f.75ABCD62A5F27F9CE9C2BE5C52A034DE.d.4F4F3E078B9A5187CE47F9C382145826.e.6113","ELEMENT":"f.75ABCD62A5F27F9CE9C2BE5C52A034DE.d.4F4F3E078B9A5187CE47F9C382145826.e.6113"}]}
COMMAND: POST /session/ce18119c429c75dafb499373c9e41797/element - {"using":"xpath","value":"//span[contains(@id ,\"application-addressmanagement-display-component---detailAdm--addressDetailDetailsName1\")][contains(text(), \"WebdriverSite2rl9b\")]"}
COMMAND: POST /session/ce18119c429c75dafb499373c9e41797/element - {"using":"xpath","value":"//span[contains(@id ,\"title\")][contains(text(), \"WebdriverPartner1su2d\")]"}
COMMAND: POST /session/ce18119c429c75dafb499373c9e41797/element - {"using":"xpath","value":"//*[contains(@data-kt ,\"webshopDetailCustomerLink\")]"}
RESULT: {"using":"xpath","value":"//span[contains(@id ,\"application-addressmanagement-display-component---detailAdm--addressDetailDetailsName1\")][contains(text(), \"WebdriverSite2rl9b\")]"}
RESULT: {"using":"xpath","value":"//span[contains(@id ,\"title\")][contains(text(), \"WebdriverPartner1su2d\")]"}
RESULT: {"using":"xpath","value":"//*[contains(@data-kt ,\"webshopDetailCustomerLink\")]"}
COMMAND: POST /session/ce18119c429c75dafb499373c9e41797/execute/sync - {"script":"<script> [8489 bytes]","args":[{"element-6066-11e4-a52e-4f735466cecf":"f.75ABCD62A5F27F9CE9C2BE5C52A034DE.d.4F4F3E078B9A5187CE47F9C382145826.e.6475","ELEMENT":"f.75ABCD62A5F27F9CE9C2BE5C52A034DE.d.4F4F3E078B9A5187CE47F9C382145826.e.6475"}]}
RESULT: {"script":"<script> [8489 bytes]","args":[{"element-6066-11e4-a52e-4f735466cecf":"f.75ABCD62A5F27F9CE9C2BE5C52A034DE.d.4F4F3E078B9A5187CE47F9C382145826.e.6475","ELEMENT":"f.75ABCD62A5F27F9CE9C2BE5C52A034DE.d.4F4F3E078B9A5187CE47F9C382145826.e.6475"}]}
COMMAND: POST /session/ce18119c429c75dafb499373c9e41797/execute/sync - {"script":"<script> [5351 bytes]","args":[{"element-6066-11e4-a52e-4f735466cecf":"f.75ABCD62A5F27F9CE9C2BE5C52A034DE.d.4F4F3E078B9A5187CE47F9C382145826.e.6475","ELEMENT":"f.75ABCD62A5F27F9CE9C2BE5C52A034DE.d.4F4F3E078B9A5187CE47F9C382145826.e.6475"}]}
COMMAND: GET /session/ce18119c429c75dafb499373c9e41797/screenshot - {}
RESULT: {"script":"<script> [5351 bytes]","args":[{"element-6066-11e4-a52e-4f735466cecf":"f.75ABCD62A5F27F9CE9C2BE5C52A034DE.d.4F4F3E078B9A5187CE47F9C382145826.e.6475","ELEMENT":"f.75ABCD62A5F27F9CE9C2BE5C52A034DE.d.4F4F3E078B9A5187CE47F9C382145826.e.6475"}]}
COMMAND: POST /session/ce18119c429c75dafb499373c9e41797/element - {"using":"xpath","value":"//*[contains(@data-kt ,\"webshopDetailCustomerLink\")]"}
COMMAND: GET /session/ce18119c429c75dafb499373c9e41797/screenshot - {}
RESULT: {}
RESULT: {"using":"xpath","value":"//*[contains(@data-kt ,\"webshopDetailCustomerLink\")]"}
COMMAND: POST /session/ce18119c429c75dafb499373c9e41797/element/f.75ABCD62A5F27F9CE9C2BE5C52A034DE.d.4F4F3E078B9A5187CE47F9C382145826.e.6475/click - {}
RESULT: {}
COMMAND: POST /session/ce18119c429c75dafb499373c9e41797/element - {"using":"xpath","value":"//span[contains(@id ,\"application-addressmanagement-display-component---detailAdm--addressDetailDetailsName1\")][contains(text(), \"WebdriverSite2rl9b\")]"}
COMMAND: POST /session/ce18119c429c75dafb499373c9e41797/element - {"using":"xpath","value":"//span[contains(@id ,\"title\")][contains(text(), \"WebdriverPartner1su2d\")]"}
RESULT: {}
COMMAND: GET /session/ce18119c429c75dafb499373c9e41797/screenshot - {}
RESULT: {"using":"xpath","value":"//span[contains(@id ,\"application-addressmanagement-display-component---detailAdm--addressDetailDetailsName1\")][contains(text(), \"WebdriverSite2rl9b\")]"}
RESULT: {"using":"xpath","value":"//span[contains(@id ,\"title\")][contains(text(), \"WebdriverPartner1su2d\")]"}
COMMAND: POST /session/ce18119c429c75dafb499373c9e41797/execute/sync - {"script":"<script> [8489 bytes]","args":[{"element-6066-11e4-a52e-4f735466cecf":"f.75ABCD62A5F27F9CE9C2BE5C52A034DE.d.4F4F3E078B9A5187CE47F9C382145826.e.6477","ELEMENT":"f.75ABCD62A5F27F9CE9C2BE5C52A034DE.d.4F4F3E078B9A5187CE47F9C382145826.e.6477"}]}
RESULT: {}
RESULT: {"script":"<script> [8489 bytes]","args":[{"element-6066-11e4-a52e-4f735466cecf":"f.75ABCD62A5F27F9CE9C2BE5C52A034DE.d.4F4F3E078B9A5187CE47F9C382145826.e.6477","ELEMENT":"f.75ABCD62A5F27F9CE9C2BE5C52A034DE.d.4F4F3E078B9A5187CE47F9C382145826.e.6477"}]}
COMMAND: GET /session/ce18119c429c75dafb499373c9e41797/screenshot - {}
RESULT: {}
COMMAND: POST /session/ce18119c429c75dafb499373c9e41797/element - {"using":"xpath","value":"//span[contains(@id ,\"application-addressmanagement-display-component---detailAdm--addressDetailDetailsName1\")][contains(text(), \"WebdriverSite2rl9b\")]"}
RESULT: {"using":"xpath","value":"//span[contains(@id ,\"application-addressmanagement-display-component---detailAdm--addressDetailDetailsName1\")][contains(text(), \"WebdriverSite2rl9b\")]"}
COMMAND: POST /session/ce18119c429c75dafb499373c9e41797/element - {"using":"xpath","value":"//span[contains(@id ,\"application-addressmanagement-display-component---detailAdm--addressDetailDetailsName1\")][contains(text(), \"WebdriverSite2rl9b\")]"}
RESULT: {"using":"xpath","value":"//span[contains(@id ,\"application-addressmanagement-display-component---detailAdm--addressDetailDetailsName1\")][contains(text(), \"WebdriverSite2rl9b\")]"}
COMMAND: POST /session/ce18119c429c75dafb499373c9e41797/element - {"using":"xpath","value":"//button[contains(@data-kt ,\"ContextMenuExternalId2Link\")]"}
RESULT: {"using":"xpath","value":"//button[contains(@data-kt ,\"ContextMenuExternalId2Link\")]"}
COMMAND: POST /session/ce18119c429c75dafb499373c9e41797/element/f.75ABCD62A5F27F9CE9C2BE5C52A034DE.d.4F4F3E078B9A5187CE47F9C382145826.e.6476/click - {}
COMMAND: POST /session/ce18119c429c75dafb499373c9e41797/element - {"using":"xpath","value":"//span[contains(@id ,\"application-addressmanagement-display-component---detailAdm--addressDetailDetailsName1\")][contains(text(), \"WebdriverSite2rl9b\")]"}
RESULT: {}
COMMAND: GET /session/ce18119c429c75dafb499373c9e41797/screenshot - {}
RESULT: {"using":"xpath","value":"//span[contains(@id ,\"application-addressmanagement-display-component---detailAdm--addressDetailDetailsName1\")][contains(text(), \"WebdriverSite2rl9b\")]"}
COMMAND: POST /session/ce18119c429c75dafb499373c9e41797/element - {"using":"xpath","value":"//span[contains(@id ,\"application-addressmanagement-display-component---detailAdm--addressDetailDetailsName1\")][contains(text(), \"WebdriverSite2rl9b\")]"}
RESULT: {}
RESULT: {"using":"xpath","value":"//span[contains(@id ,\"application-addressmanagement-display-component---detailAdm--addressDetailDetailsName1\")][contains(text(), \"WebdriverSite2rl9b\")]"}
COMMAND: GET /session/ce18119c429c75dafb499373c9e41797/window/handles - {}
RESULT: {}
COMMAND: POST /session/ce18119c429c75dafb499373c9e41797/window - {"handle":"CA6428D417F8FFCA2BF6ACD1D036F798"}
RESULT: {"handle":"CA6428D417F8FFCA2BF6ACD1D036F798"}
COMMAND: GET /session/ce18119c429c75dafb499373c9e41797/url - {}
RESULT: {}
COMMAND: GET /session/ce18119c429c75dafb499373c9e41797/screenshot - {}
RESULT: {}
COMMAND: POST /session/ce18119c429c75dafb499373c9e41797/execute/sync - {"script":"<script> [8489 bytes]","args":[{"element-6066-11e4-a52e-4f735466cecf":"f.75ABCD62A5F27F9CE9C2BE5C52A034DE.d.4F4F3E078B9A5187CE47F9C382145826.e.6477","ELEMENT":"f.75ABCD62A5F27F9CE9C2BE5C52A034DE.d.4F4F3E078B9A5187CE47F9C382145826.e.6477"}]}
COMMAND: DELETE /session/ce18119c429c75dafb499373c9e41797/window - {}
RESULT: {}
COMMAND: POST /session/ce18119c429c75dafb499373c9e41797/window - {"handle":"75ABCD62A5F27F9CE9C2BE5C52A034DE"}
RESULT: {"handle":"75ABCD62A5F27F9CE9C2BE5C52A034DE"}
COMMAND: GET /session/ce18119c429c75dafb499373c9e41797/url - {}
RESULT: {"script":"<script> [8489 bytes]","args":[{"element-6066-11e4-a52e-4f735466cecf":"f.75ABCD62A5F27F9CE9C2BE5C52A034DE.d.4F4F3E078B9A5187CE47F9C382145826.e.6477","ELEMENT":"f.75ABCD62A5F27F9CE9C2BE5C52A034DE.d.4F4F3E078B9A5187CE47F9C382145826.e.6477"}]}
COMMAND: GET /session/ce18119c429c75dafb499373c9e41797/screenshot - {}
RESULT: {}
COMMAND: GET /session/ce18119c429c75dafb499373c9e41797/screenshot - {}
RESULT: {}
RESULT: {}
]]></system-out>
    </testcase>
    <testcase classname="chrome.137_0_7151_69.windows.Webshop_-_Hyperlinks_visible_and_working_properly__US139085" name="Should verify the contract and catalog item hyperlinks" time="107.984">
      <system-out><![CDATA[
COMMAND: POST /session/ce18119c429c75dafb499373c9e41797/element - {"using":"xpath","value":"//*[contains(@data-kt ,\"webshopDetailContractLink\")]"}
RESULT: {"using":"xpath","value":"//*[contains(@data-kt ,\"webshopDetailContractLink\")]"}
COMMAND: POST /session/ce18119c429c75dafb499373c9e41797/execute/sync - {"script":"<script> [8489 bytes]","args":[{"element-6066-11e4-a52e-4f735466cecf":"f.75ABCD62A5F27F9CE9C2BE5C52A034DE.d.4F4F3E078B9A5187CE47F9C382145826.e.6704","ELEMENT":"f.75ABCD62A5F27F9CE9C2BE5C52A034DE.d.4F4F3E078B9A5187CE47F9C382145826.e.6704"}]}
RESULT: {"script":"<script> [8489 bytes]","args":[{"element-6066-11e4-a52e-4f735466cecf":"f.75ABCD62A5F27F9CE9C2BE5C52A034DE.d.4F4F3E078B9A5187CE47F9C382145826.e.6704","ELEMENT":"f.75ABCD62A5F27F9CE9C2BE5C52A034DE.d.4F4F3E078B9A5187CE47F9C382145826.e.6704"}]}
COMMAND: POST /session/ce18119c429c75dafb499373c9e41797/execute/sync - {"script":"<script> [5351 bytes]","args":[{"element-6066-11e4-a52e-4f735466cecf":"f.75ABCD62A5F27F9CE9C2BE5C52A034DE.d.4F4F3E078B9A5187CE47F9C382145826.e.6704","ELEMENT":"f.75ABCD62A5F27F9CE9C2BE5C52A034DE.d.4F4F3E078B9A5187CE47F9C382145826.e.6704"}]}
RESULT: {"script":"<script> [5351 bytes]","args":[{"element-6066-11e4-a52e-4f735466cecf":"f.75ABCD62A5F27F9CE9C2BE5C52A034DE.d.4F4F3E078B9A5187CE47F9C382145826.e.6704","ELEMENT":"f.75ABCD62A5F27F9CE9C2BE5C52A034DE.d.4F4F3E078B9A5187CE47F9C382145826.e.6704"}]}
COMMAND: POST /session/ce18119c429c75dafb499373c9e41797/element - {"using":"xpath","value":"//*[contains(@data-kt ,\"webshopDetailContractLink\")]"}
RESULT: {"using":"xpath","value":"//*[contains(@data-kt ,\"webshopDetailContractLink\")]"}
COMMAND: POST /session/ce18119c429c75dafb499373c9e41797/element/f.75ABCD62A5F27F9CE9C2BE5C52A034DE.d.4F4F3E078B9A5187CE47F9C382145826.e.6704/click - {}
COMMAND: GET /session/ce18119c429c75dafb499373c9e41797/screenshot - {}
COMMAND: GET /session/ce18119c429c75dafb499373c9e41797/screenshot - {}
RESULT: {}
RESULT: {}
COMMAND: GET /session/ce18119c429c75dafb499373c9e41797/screenshot - {}
RESULT: {}
RESULT: {}
COMMAND: POST /session/ce18119c429c75dafb499373c9e41797/element - {"using":"xpath","value":"//*[contains(@data-kt ,\"ContextMenuId2Link\")][contains(text(), \"Contract Overview\")]"}
RESULT: {"using":"xpath","value":"//*[contains(@data-kt ,\"ContextMenuId2Link\")][contains(text(), \"Contract Overview\")]"}
COMMAND: POST /session/ce18119c429c75dafb499373c9e41797/execute/sync - {"script":"<script> [8489 bytes]","args":[{"element-6066-11e4-a52e-4f735466cecf":"f.75ABCD62A5F27F9CE9C2BE5C52A034DE.d.4F4F3E078B9A5187CE47F9C382145826.e.6706","ELEMENT":"f.75ABCD62A5F27F9CE9C2BE5C52A034DE.d.4F4F3E078B9A5187CE47F9C382145826.e.6706"}]}
COMMAND: POST /session/ce18119c429c75dafb499373c9e41797/element - {"using":"xpath","value":"//*[contains(@data-kt ,\"ContextMenuId2Link\")][contains(text(), \"Contract Overview\")]"}
RESULT: {"script":"<script> [8489 bytes]","args":[{"element-6066-11e4-a52e-4f735466cecf":"f.75ABCD62A5F27F9CE9C2BE5C52A034DE.d.4F4F3E078B9A5187CE47F9C382145826.e.6706","ELEMENT":"f.75ABCD62A5F27F9CE9C2BE5C52A034DE.d.4F4F3E078B9A5187CE47F9C382145826.e.6706"}]}
RESULT: {"using":"xpath","value":"//*[contains(@data-kt ,\"ContextMenuId2Link\")][contains(text(), \"Contract Overview\")]"}
COMMAND: POST /session/ce18119c429c75dafb499373c9e41797/element/f.75ABCD62A5F27F9CE9C2BE5C52A034DE.d.4F4F3E078B9A5187CE47F9C382145826.e.6706/click - {}
COMMAND: GET /session/ce18119c429c75dafb499373c9e41797/screenshot - {}
RESULT: {}
COMMAND: GET /session/ce18119c429c75dafb499373c9e41797/screenshot - {}
RESULT: {}
RESULT: {}
RESULT: undefined
COMMAND: POST /session/ce18119c429c75dafb499373c9e41797/execute/async - {"script":"<script> [6424 bytes]","args":[{"element-6066-11e4-a52e-4f735466cecf":"f.75ABCD62A5F27F9CE9C2BE5C52A034DE.d.4F4F3E078B9A5187CE47F9C382145826.e.3167"},"getTitle",[]]}
COMMAND: POST /session/ce18119c429c75dafb499373c9e41797/execute/async - {"script":"<script> [1562 bytes]","args":[{"selector":{"id":"shellAppTitle"},"wdio_ui5_key":"shellAppTitle"}]}
RESULT: {"script":"<script> [1562 bytes]","args":[{"selector":{"id":"shellAppTitle"},"wdio_ui5_key":"shellAppTitle"}]}
COMMAND: POST /session/ce18119c429c75dafb499373c9e41797/execute/async - {"script":"<script> [6424 bytes]","args":[{"element-6066-11e4-a52e-4f735466cecf":"f.75ABCD62A5F27F9CE9C2BE5C52A034DE.d.4F4F3E078B9A5187CE47F9C382145826.e.6917"},"getTitle",[]]}
RESULT: {"script":"<script> [6424 bytes]","args":[{"element-6066-11e4-a52e-4f735466cecf":"f.75ABCD62A5F27F9CE9C2BE5C52A034DE.d.4F4F3E078B9A5187CE47F9C382145826.e.6917"},"getTitle",[]]}
COMMAND: POST /session/ce18119c429c75dafb499373c9e41797/element - {"using":"xpath","value":"//span[contains(@id ,\"contractDetailTitleNoExpanded\")][contains(text(), \"10168\")]"}
RESULT: {"using":"xpath","value":"//span[contains(@id ,\"contractDetailTitleNoExpanded\")][contains(text(), \"10168\")]"}
COMMAND: POST /session/ce18119c429c75dafb499373c9e41797/execute/sync - {"script":"<script> [8489 bytes]","args":[{"element-6066-11e4-a52e-4f735466cecf":"f.75ABCD62A5F27F9CE9C2BE5C52A034DE.d.4F4F3E078B9A5187CE47F9C382145826.e.6918","ELEMENT":"f.75ABCD62A5F27F9CE9C2BE5C52A034DE.d.4F4F3E078B9A5187CE47F9C382145826.e.6918"}]}
RESULT: undefined
COMMAND: POST /session/ce18119c429c75dafb499373c9e41797/element - {"using":"xpath","value":"//*[@id=\"backBtn\"]"}
RESULT: {"script":"<script> [8489 bytes]","args":[{"element-6066-11e4-a52e-4f735466cecf":"f.75ABCD62A5F27F9CE9C2BE5C52A034DE.d.4F4F3E078B9A5187CE47F9C382145826.e.6918","ELEMENT":"f.75ABCD62A5F27F9CE9C2BE5C52A034DE.d.4F4F3E078B9A5187CE47F9C382145826.e.6918"}]}
COMMAND: GET /session/ce18119c429c75dafb499373c9e41797/screenshot - {}
RESULT: {"using":"xpath","value":"//*[@id=\"backBtn\"]"}
COMMAND: POST /session/ce18119c429c75dafb499373c9e41797/element/f.75ABCD62A5F27F9CE9C2BE5C52A034DE.d.4F4F3E078B9A5187CE47F9C382145826.e.3169/click - {}
RESULT: {}
RESULT: {}
COMMAND: GET /session/ce18119c429c75dafb499373c9e41797/screenshot - {}
RESULT: {}
COMMAND: POST /session/ce18119c429c75dafb499373c9e41797/execute/sync - {"script":"<script> [8489 bytes]","args":[{"element-6066-11e4-a52e-4f735466cecf":"f.75ABCD62A5F27F9CE9C2BE5C52A034DE.d.4F4F3E078B9A5187CE47F9C382145826.e.6704","ELEMENT":"f.75ABCD62A5F27F9CE9C2BE5C52A034DE.d.4F4F3E078B9A5187CE47F9C382145826.e.6704"}]}
COMMAND: POST /session/ce18119c429c75dafb499373c9e41797/element - {"using":"xpath","value":"//*[contains(@data-kt ,\"webshopDetailContractLink\")]"}
RESULT: {"using":"xpath","value":"//*[contains(@data-kt ,\"webshopDetailContractLink\")]"}
COMMAND: POST /session/ce18119c429c75dafb499373c9e41797/execute/sync - {"script":"<script> [8489 bytes]","args":[{"element-6066-11e4-a52e-4f735466cecf":"f.75ABCD62A5F27F9CE9C2BE5C52A034DE.d.4F4F3E078B9A5187CE47F9C382145826.e.7051","ELEMENT":"f.75ABCD62A5F27F9CE9C2BE5C52A034DE.d.4F4F3E078B9A5187CE47F9C382145826.e.7051"}]}
RESULT: {"script":"<script> [8489 bytes]","args":[{"element-6066-11e4-a52e-4f735466cecf":"f.75ABCD62A5F27F9CE9C2BE5C52A034DE.d.4F4F3E078B9A5187CE47F9C382145826.e.7051","ELEMENT":"f.75ABCD62A5F27F9CE9C2BE5C52A034DE.d.4F4F3E078B9A5187CE47F9C382145826.e.7051"}]}
COMMAND: POST /session/ce18119c429c75dafb499373c9e41797/execute/sync - {"script":"<script> [5351 bytes]","args":[{"element-6066-11e4-a52e-4f735466cecf":"f.75ABCD62A5F27F9CE9C2BE5C52A034DE.d.4F4F3E078B9A5187CE47F9C382145826.e.7051","ELEMENT":"f.75ABCD62A5F27F9CE9C2BE5C52A034DE.d.4F4F3E078B9A5187CE47F9C382145826.e.7051"}]}
COMMAND: GET /session/ce18119c429c75dafb499373c9e41797/screenshot - {}
RESULT: {"script":"<script> [5351 bytes]","args":[{"element-6066-11e4-a52e-4f735466cecf":"f.75ABCD62A5F27F9CE9C2BE5C52A034DE.d.4F4F3E078B9A5187CE47F9C382145826.e.7051","ELEMENT":"f.75ABCD62A5F27F9CE9C2BE5C52A034DE.d.4F4F3E078B9A5187CE47F9C382145826.e.7051"}]}
COMMAND: POST /session/ce18119c429c75dafb499373c9e41797/element - {"using":"xpath","value":"//*[contains(@data-kt ,\"webshopDetailContractLink\")]"}
COMMAND: GET /session/ce18119c429c75dafb499373c9e41797/screenshot - {}
RESULT: {}
RESULT: {"using":"xpath","value":"//*[contains(@data-kt ,\"webshopDetailContractLink\")]"}
COMMAND: POST /session/ce18119c429c75dafb499373c9e41797/element/f.75ABCD62A5F27F9CE9C2BE5C52A034DE.d.4F4F3E078B9A5187CE47F9C382145826.e.7051/click - {}
RESULT: {}
RESULT: {}
COMMAND: GET /session/ce18119c429c75dafb499373c9e41797/screenshot - {}
RESULT: {}
COMMAND: POST /session/ce18119c429c75dafb499373c9e41797/element - {"using":"xpath","value":"//button[contains(@data-kt ,\"ContextMenuExternalId2Link\")]"}
RESULT: {"using":"xpath","value":"//button[contains(@data-kt ,\"ContextMenuExternalId2Link\")]"}
COMMAND: POST /session/ce18119c429c75dafb499373c9e41797/element/f.75ABCD62A5F27F9CE9C2BE5C52A034DE.d.4F4F3E078B9A5187CE47F9C382145826.e.7052/click - {}
RESULT: {}
COMMAND: GET /session/ce18119c429c75dafb499373c9e41797/screenshot - {}
RESULT: {}
COMMAND: GET /session/ce18119c429c75dafb499373c9e41797/window/handles - {}
RESULT: {}
COMMAND: POST /session/ce18119c429c75dafb499373c9e41797/window - {"handle":"771FD6062F3636F533A2CFA205FED88A"}
RESULT: {"handle":"771FD6062F3636F533A2CFA205FED88A"}
COMMAND: GET /session/ce18119c429c75dafb499373c9e41797/url - {}
RESULT: {}
COMMAND: GET /session/ce18119c429c75dafb499373c9e41797/screenshot - {}
RESULT: {}
COMMAND: POST /session/ce18119c429c75dafb499373c9e41797/execute/sync - {"script":"<script> [8489 bytes]","args":[{"element-6066-11e4-a52e-4f735466cecf":"f.75ABCD62A5F27F9CE9C2BE5C52A034DE.d.4F4F3E078B9A5187CE47F9C382145826.e.6918","ELEMENT":"f.75ABCD62A5F27F9CE9C2BE5C52A034DE.d.4F4F3E078B9A5187CE47F9C382145826.e.6918"}]}
COMMAND: DELETE /session/ce18119c429c75dafb499373c9e41797/window - {}
RESULT: {}
COMMAND: POST /session/ce18119c429c75dafb499373c9e41797/window - {"handle":"75ABCD62A5F27F9CE9C2BE5C52A034DE"}
RESULT: {"handle":"75ABCD62A5F27F9CE9C2BE5C52A034DE"}
COMMAND: GET /session/ce18119c429c75dafb499373c9e41797/url - {}
COMMAND: POST /session/ce18119c429c75dafb499373c9e41797/element - {"using":"xpath","value":"//span[contains(@id ,\"contractDetailTitleNoExpanded\")][contains(text(), \"10168\")]"}
RESULT: {}
COMMAND: GET /session/ce18119c429c75dafb499373c9e41797/screenshot - {}
RESULT: {"using":"xpath","value":"//span[contains(@id ,\"contractDetailTitleNoExpanded\")][contains(text(), \"10168\")]"}
COMMAND: POST /session/ce18119c429c75dafb499373c9e41797/element - {"using":"xpath","value":"//span[contains(@id ,\"contractDetailTitleNoExpanded\")][contains(text(), \"10168\")]"}
RESULT: {}
RESULT: {"using":"xpath","value":"//span[contains(@id ,\"contractDetailTitleNoExpanded\")][contains(text(), \"10168\")]"}
COMMAND: POST /session/ce18119c429c75dafb499373c9e41797/element - {"using":"xpath","value":"//span[contains(@id ,\"contractDetailTitleNoExpanded\")][contains(text(), \"10168\")]"}
RESULT: {"using":"xpath","value":"//span[contains(@id ,\"contractDetailTitleNoExpanded\")][contains(text(), \"10168\")]"}
COMMAND: POST /session/ce18119c429c75dafb499373c9e41797/element - {"using":"xpath","value":"//span[contains(@id ,\"contractDetailTitleNoExpanded\")][contains(text(), \"10168\")]"}
RESULT: {"using":"xpath","value":"//span[contains(@id ,\"contractDetailTitleNoExpanded\")][contains(text(), \"10168\")]"}
COMMAND: POST /session/ce18119c429c75dafb499373c9e41797/element - {"using":"xpath","value":"//span[contains(@id ,\"contractDetailTitleNoExpanded\")][contains(text(), \"10168\")]"}
RESULT: {"using":"xpath","value":"//span[contains(@id ,\"contractDetailTitleNoExpanded\")][contains(text(), \"10168\")]"}
COMMAND: POST /session/ce18119c429c75dafb499373c9e41797/element - {"using":"xpath","value":"//span[contains(@id ,\"contractDetailTitleNoExpanded\")][contains(text(), \"10168\")]"}
RESULT: {"using":"xpath","value":"//span[contains(@id ,\"contractDetailTitleNoExpanded\")][contains(text(), \"10168\")]"}
COMMAND: POST /session/ce18119c429c75dafb499373c9e41797/element - {"using":"xpath","value":"//span[contains(@id ,\"contractDetailTitleNoExpanded\")][contains(text(), \"10168\")]"}
RESULT: {"using":"xpath","value":"//span[contains(@id ,\"contractDetailTitleNoExpanded\")][contains(text(), \"10168\")]"}
COMMAND: POST /session/ce18119c429c75dafb499373c9e41797/element - {"using":"xpath","value":"//span[contains(@id ,\"contractDetailTitleNoExpanded\")][contains(text(), \"10168\")]"}
COMMAND: POST /session/ce18119c429c75dafb499373c9e41797/element - {"using":"xpath","value":"//*[contains(@data-kt ,\"webshopDetailCatalogItemLink\")]"}
RESULT: {"using":"xpath","value":"//span[contains(@id ,\"contractDetailTitleNoExpanded\")][contains(text(), \"10168\")]"}
RESULT: {"using":"xpath","value":"//*[contains(@data-kt ,\"webshopDetailCatalogItemLink\")]"}
COMMAND: POST /session/ce18119c429c75dafb499373c9e41797/execute/sync - {"script":"<script> [8489 bytes]","args":[{"element-6066-11e4-a52e-4f735466cecf":"f.75ABCD62A5F27F9CE9C2BE5C52A034DE.d.4F4F3E078B9A5187CE47F9C382145826.e.7173","ELEMENT":"f.75ABCD62A5F27F9CE9C2BE5C52A034DE.d.4F4F3E078B9A5187CE47F9C382145826.e.7173"}]}
RESULT: {"script":"<script> [8489 bytes]","args":[{"element-6066-11e4-a52e-4f735466cecf":"f.75ABCD62A5F27F9CE9C2BE5C52A034DE.d.4F4F3E078B9A5187CE47F9C382145826.e.7173","ELEMENT":"f.75ABCD62A5F27F9CE9C2BE5C52A034DE.d.4F4F3E078B9A5187CE47F9C382145826.e.7173"}]}
COMMAND: POST /session/ce18119c429c75dafb499373c9e41797/execute/sync - {"script":"<script> [5351 bytes]","args":[{"element-6066-11e4-a52e-4f735466cecf":"f.75ABCD62A5F27F9CE9C2BE5C52A034DE.d.4F4F3E078B9A5187CE47F9C382145826.e.7173","ELEMENT":"f.75ABCD62A5F27F9CE9C2BE5C52A034DE.d.4F4F3E078B9A5187CE47F9C382145826.e.7173"}]}
COMMAND: GET /session/ce18119c429c75dafb499373c9e41797/screenshot - {}
RESULT: {"script":"<script> [5351 bytes]","args":[{"element-6066-11e4-a52e-4f735466cecf":"f.75ABCD62A5F27F9CE9C2BE5C52A034DE.d.4F4F3E078B9A5187CE47F9C382145826.e.7173","ELEMENT":"f.75ABCD62A5F27F9CE9C2BE5C52A034DE.d.4F4F3E078B9A5187CE47F9C382145826.e.7173"}]}
COMMAND: POST /session/ce18119c429c75dafb499373c9e41797/element - {"using":"xpath","value":"//*[contains(@data-kt ,\"webshopDetailCatalogItemLink\")]"}
COMMAND: GET /session/ce18119c429c75dafb499373c9e41797/screenshot - {}
RESULT: {}
RESULT: {"using":"xpath","value":"//*[contains(@data-kt ,\"webshopDetailCatalogItemLink\")]"}
COMMAND: POST /session/ce18119c429c75dafb499373c9e41797/element/f.75ABCD62A5F27F9CE9C2BE5C52A034DE.d.4F4F3E078B9A5187CE47F9C382145826.e.7173/click - {}
COMMAND: POST /session/ce18119c429c75dafb499373c9e41797/element - {"using":"xpath","value":"//span[contains(@id ,\"contractDetailTitleNoExpanded\")][contains(text(), \"10168\")]"}
RESULT: {}
RESULT: {}
COMMAND: GET /session/ce18119c429c75dafb499373c9e41797/screenshot - {}
RESULT: {"using":"xpath","value":"//span[contains(@id ,\"contractDetailTitleNoExpanded\")][contains(text(), \"10168\")]"}
RESULT: {}
COMMAND: POST /session/ce18119c429c75dafb499373c9e41797/element - {"using":"xpath","value":"//span[contains(@id ,\"contractDetailTitleNoExpanded\")][contains(text(), \"10168\")]"}
RESULT: {"using":"xpath","value":"//span[contains(@id ,\"contractDetailTitleNoExpanded\")][contains(text(), \"10168\")]"}
COMMAND: POST /session/ce18119c429c75dafb499373c9e41797/element - {"using":"xpath","value":"//span[contains(@id ,\"contractDetailTitleNoExpanded\")][contains(text(), \"10168\")]"}
RESULT: {"using":"xpath","value":"//span[contains(@id ,\"contractDetailTitleNoExpanded\")][contains(text(), \"10168\")]"}
COMMAND: POST /session/ce18119c429c75dafb499373c9e41797/element - {"using":"xpath","value":"//span[contains(@id ,\"contractDetailTitleNoExpanded\")][contains(text(), \"10168\")]"}
RESULT: {"using":"xpath","value":"//span[contains(@id ,\"contractDetailTitleNoExpanded\")][contains(text(), \"10168\")]"}
COMMAND: POST /session/ce18119c429c75dafb499373c9e41797/element - {"using":"xpath","value":"//span[contains(@id ,\"contractDetailTitleNoExpanded\")][contains(text(), \"10168\")]"}
RESULT: {"using":"xpath","value":"//span[contains(@id ,\"contractDetailTitleNoExpanded\")][contains(text(), \"10168\")]"}
COMMAND: POST /session/ce18119c429c75dafb499373c9e41797/element - {"using":"xpath","value":"//span[contains(@id ,\"contractDetailTitleNoExpanded\")][contains(text(), \"10168\")]"}
RESULT: {"using":"xpath","value":"//span[contains(@id ,\"contractDetailTitleNoExpanded\")][contains(text(), \"10168\")]"}
COMMAND: POST /session/ce18119c429c75dafb499373c9e41797/element - {"using":"xpath","value":"//span[contains(@id ,\"contractDetailTitleNoExpanded\")][contains(text(), \"10168\")]"}
RESULT: {"using":"xpath","value":"//span[contains(@id ,\"contractDetailTitleNoExpanded\")][contains(text(), \"10168\")]"}
COMMAND: POST /session/ce18119c429c75dafb499373c9e41797/element - {"using":"xpath","value":"(//span[contains(text(), \"Dri-Prime CD150M Diesel Pump\")])[2]"}
RESULT: {"using":"xpath","value":"(//span[contains(text(), \"Dri-Prime CD150M Diesel Pump\")])[2]"}
COMMAND: POST /session/ce18119c429c75dafb499373c9e41797/execute/sync - {"script":"<script> [8489 bytes]","args":[{"element-6066-11e4-a52e-4f735466cecf":"f.75ABCD62A5F27F9CE9C2BE5C52A034DE.d.4F4F3E078B9A5187CE47F9C382145826.e.7180","ELEMENT":"f.75ABCD62A5F27F9CE9C2BE5C52A034DE.d.4F4F3E078B9A5187CE47F9C382145826.e.7180"}]}
COMMAND: POST /session/ce18119c429c75dafb499373c9e41797/element - {"using":"xpath","value":"(//span[contains(text(), \"Description\")])[1]"}
RESULT: {"script":"<script> [8489 bytes]","args":[{"element-6066-11e4-a52e-4f735466cecf":"f.75ABCD62A5F27F9CE9C2BE5C52A034DE.d.4F4F3E078B9A5187CE47F9C382145826.e.7180","ELEMENT":"f.75ABCD62A5F27F9CE9C2BE5C52A034DE.d.4F4F3E078B9A5187CE47F9C382145826.e.7180"}]}
COMMAND: GET /session/ce18119c429c75dafb499373c9e41797/screenshot - {}
RESULT: {"using":"xpath","value":"(//span[contains(text(), \"Description\")])[1]"}
COMMAND: GET /session/ce18119c429c75dafb499373c9e41797/element/f.75ABCD62A5F27F9CE9C2BE5C52A034DE.d.4F4F3E078B9A5187CE47F9C382145826.e.7181/rect - {}
COMMAND: POST /session/ce18119c429c75dafb499373c9e41797/element - {"using":"xpath","value":"//span[contains(@id ,\"contractDetailTitleNoExpanded\")][contains(text(), \"10168\")]"}
RESULT: {}
RESULT: {}
COMMAND: GET /session/ce18119c429c75dafb499373c9e41797/window/rect - {}
RESULT: {"using":"xpath","value":"//span[contains(@id ,\"contractDetailTitleNoExpanded\")][contains(text(), \"10168\")]"}
RESULT: {}
COMMAND: POST /session/ce18119c429c75dafb499373c9e41797/execute/sync - {"script":"<script> [92 bytes]","args":[]}
RESULT: {"script":"<script> [92 bytes]","args":[]}
COMMAND: POST /session/ce18119c429c75dafb499373c9e41797/actions - {"actions":[{"id":"action10","type":"wheel","parameters":{},"actions":[{"type":"scroll","x":-1833,"y":-23,"deltaX":0,"deltaY":0,"duration":0,"origin":{"element-6066-11e4-a52e-4f735466cecf":"f.75ABCD62A5F27F9CE9C2BE5C52A034DE.d.4F4F3E078B9A5187CE47F9C382145826.e.7181"}}]}]}
COMMAND: GET /session/ce18119c429c75dafb499373c9e41797/screenshot - {}
RESULT: {}
COMMAND: POST /session/ce18119c429c75dafb499373c9e41797/execute/sync - {"script":"<script> [79 bytes]","args":[{"element-6066-11e4-a52e-4f735466cecf":"f.75ABCD62A5F27F9CE9C2BE5C52A034DE.d.4F4F3E078B9A5187CE47F9C382145826.e.7181","ELEMENT":"f.75ABCD62A5F27F9CE9C2BE5C52A034DE.d.4F4F3E078B9A5187CE47F9C382145826.e.7181"},{"block":"start","inline":"nearest"}]}
RESULT: {"script":"<script> [79 bytes]","args":[{"element-6066-11e4-a52e-4f735466cecf":"f.75ABCD62A5F27F9CE9C2BE5C52A034DE.d.4F4F3E078B9A5187CE47F9C382145826.e.7181","ELEMENT":"f.75ABCD62A5F27F9CE9C2BE5C52A034DE.d.4F4F3E078B9A5187CE47F9C382145826.e.7181"},{"block":"start","inline":"nearest"}]}
COMMAND: GET /session/ce18119c429c75dafb499373c9e41797/screenshot - {}
COMMAND: POST /session/ce18119c429c75dafb499373c9e41797/element - {"using":"xpath","value":"//span[contains(@id ,\"contractDetailTitleNoExpanded\")][contains(text(), \"10168\")]"}
RESULT: {}
RESULT: {"using":"xpath","value":"//span[contains(@id ,\"contractDetailTitleNoExpanded\")][contains(text(), \"10168\")]"}
COMMAND: POST /session/ce18119c429c75dafb499373c9e41797/element - {"using":"xpath","value":"//span[contains(@id ,\"contractDetailTitleNoExpanded\")][contains(text(), \"10168\")]"}
RESULT: {"using":"xpath","value":"//span[contains(@id ,\"contractDetailTitleNoExpanded\")][contains(text(), \"10168\")]"}
COMMAND: POST /session/ce18119c429c75dafb499373c9e41797/element - {"using":"xpath","value":"//span[contains(@id ,\"contractDetailTitleNoExpanded\")][contains(text(), \"10168\")]"}
RESULT: {"using":"xpath","value":"//span[contains(@id ,\"contractDetailTitleNoExpanded\")][contains(text(), \"10168\")]"}
COMMAND: POST /session/ce18119c429c75dafb499373c9e41797/element - {"using":"xpath","value":"//span[contains(@id ,\"contractDetailTitleNoExpanded\")][contains(text(), \"10168\")]"}
RESULT: {"using":"xpath","value":"//span[contains(@id ,\"contractDetailTitleNoExpanded\")][contains(text(), \"10168\")]"}
COMMAND: POST /session/ce18119c429c75dafb499373c9e41797/element - {"using":"xpath","value":"//span[contains(@id ,\"contractDetailTitleNoExpanded\")][contains(text(), \"10168\")]"}
RESULT: {"using":"xpath","value":"//span[contains(@id ,\"contractDetailTitleNoExpanded\")][contains(text(), \"10168\")]"}
COMMAND: POST /session/ce18119c429c75dafb499373c9e41797/element - {"using":"xpath","value":"//span[contains(@id ,\"contractDetailTitleNoExpanded\")][contains(text(), \"10168\")]"}
RESULT: {"using":"xpath","value":"//span[contains(@id ,\"contractDetailTitleNoExpanded\")][contains(text(), \"10168\")]"}
COMMAND: POST /session/ce18119c429c75dafb499373c9e41797/element - {"using":"xpath","value":"(//textarea[@rows=\"15\"])[1]"}
RESULT: {"using":"xpath","value":"(//textarea[@rows=\"15\"])[1]"}
COMMAND: POST /session/ce18119c429c75dafb499373c9e41797/execute/sync - {"script":"<script> [8489 bytes]","args":[{"element-6066-11e4-a52e-4f735466cecf":"f.75ABCD62A5F27F9CE9C2BE5C52A034DE.d.4F4F3E078B9A5187CE47F9C382145826.e.7179","ELEMENT":"f.75ABCD62A5F27F9CE9C2BE5C52A034DE.d.4F4F3E078B9A5187CE47F9C382145826.e.7179"}]}
RESULT: {"script":"<script> [8489 bytes]","args":[{"element-6066-11e4-a52e-4f735466cecf":"f.75ABCD62A5F27F9CE9C2BE5C52A034DE.d.4F4F3E078B9A5187CE47F9C382145826.e.7179","ELEMENT":"f.75ABCD62A5F27F9CE9C2BE5C52A034DE.d.4F4F3E078B9A5187CE47F9C382145826.e.7179"}]}
COMMAND: GET /session/ce18119c429c75dafb499373c9e41797/screenshot - {}
RESULT: {}
COMMAND: POST /session/ce18119c429c75dafb499373c9e41797/element - {"using":"xpath","value":"//span[contains(@id ,\"contractDetailTitleNoExpanded\")][contains(text(), \"10168\")]"}
RESULT: {"using":"xpath","value":"//span[contains(@id ,\"contractDetailTitleNoExpanded\")][contains(text(), \"10168\")]"}
COMMAND: POST /session/ce18119c429c75dafb499373c9e41797/element - {"using":"xpath","value":"//span[contains(@id ,\"contractDetailTitleNoExpanded\")][contains(text(), \"10168\")]"}
RESULT: {"using":"xpath","value":"//span[contains(@id ,\"contractDetailTitleNoExpanded\")][contains(text(), \"10168\")]"}
COMMAND: POST /session/ce18119c429c75dafb499373c9e41797/element - {"using":"xpath","value":"//span[contains(@id ,\"contractDetailTitleNoExpanded\")][contains(text(), \"10168\")]"}
RESULT: {"using":"xpath","value":"//span[contains(@id ,\"contractDetailTitleNoExpanded\")][contains(text(), \"10168\")]"}
COMMAND: POST /session/ce18119c429c75dafb499373c9e41797/element - {"using":"xpath","value":"//span[contains(@id ,\"contractDetailTitleNoExpanded\")][contains(text(), \"10168\")]"}
RESULT: {"using":"xpath","value":"//span[contains(@id ,\"contractDetailTitleNoExpanded\")][contains(text(), \"10168\")]"}
COMMAND: POST /session/ce18119c429c75dafb499373c9e41797/element - {"using":"xpath","value":"//span[contains(@id ,\"contractDetailTitleNoExpanded\")][contains(text(), \"10168\")]"}
RESULT: {"using":"xpath","value":"//span[contains(@id ,\"contractDetailTitleNoExpanded\")][contains(text(), \"10168\")]"}
COMMAND: POST /session/ce18119c429c75dafb499373c9e41797/element - {"using":"xpath","value":"//span[contains(@id ,\"contractDetailTitleNoExpanded\")][contains(text(), \"10168\")]"}
RESULT: {"using":"xpath","value":"//span[contains(@id ,\"contractDetailTitleNoExpanded\")][contains(text(), \"10168\")]"}
COMMAND: POST /session/ce18119c429c75dafb499373c9e41797/element - {"using":"xpath","value":"//span[contains(@id ,\"contractDetailTitleNoExpanded\")][contains(text(), \"10168\")]"}
RESULT: {"using":"xpath","value":"//span[contains(@id ,\"contractDetailTitleNoExpanded\")][contains(text(), \"10168\")]"}
COMMAND: POST /session/ce18119c429c75dafb499373c9e41797/element - {"using":"xpath","value":"//span[contains(@id ,\"contractDetailTitleNoExpanded\")][contains(text(), \"10168\")]"}
RESULT: {"using":"xpath","value":"//span[contains(@id ,\"contractDetailTitleNoExpanded\")][contains(text(), \"10168\")]"}
COMMAND: POST /session/ce18119c429c75dafb499373c9e41797/element - {"using":"xpath","value":"//span[contains(@id ,\"contractDetailTitleNoExpanded\")][contains(text(), \"10168\")]"}
RESULT: {"using":"xpath","value":"//span[contains(@id ,\"contractDetailTitleNoExpanded\")][contains(text(), \"10168\")]"}
COMMAND: POST /session/ce18119c429c75dafb499373c9e41797/execute/async - {"script":"<script> [1562 bytes]","args":[{"selector":{"controlType":"sap.tnt.NavigationListItem","viewName":"etm.portal.ui.webshop.view.RequestDetail","i18NText":{"propertyName":"text","key":"exit"},"interaction":{"idSuffix":"a"}},"wdio_ui5_key":"etmportal.ui.webshop.view.RequestDetailsap.tnt.NavigationListItem{\"propertyName\":\"text\",\"key\":\"exit\"}"}]}
COMMAND: POST /session/ce18119c429c75dafb499373c9e41797/element - {"using":"xpath","value":"//span[contains(@id ,\"contractDetailTitleNoExpanded\")][contains(text(), \"10168\")]"}
RESULT: {"script":"<script> [1562 bytes]","args":[{"selector":{"controlType":"sap.tnt.NavigationListItem","viewName":"etm.portal.ui.webshop.view.RequestDetail","i18NText":{"propertyName":"text","key":"exit"},"interaction":{"idSuffix":"a"}},"wdio_ui5_key":"etmportal.ui.webshop.view.RequestDetailsap.tnt.NavigationListItem{\"propertyName\":\"text\",\"key\":\"exit\"}"}]}
RESULT: undefined
COMMAND: POST /session/ce18119c429c75dafb499373c9e41797/element - {"using":"xpath","value":"//*[@id=\"__item1962\"]"}
RESULT: {"using":"xpath","value":"//span[contains(@id ,\"contractDetailTitleNoExpanded\")][contains(text(), \"10168\")]"}
RESULT: {"using":"xpath","value":"//*[@id=\"__item1962\"]"}
COMMAND: POST /session/ce18119c429c75dafb499373c9e41797/element/f.75ABCD62A5F27F9CE9C2BE5C52A034DE.d.4F4F3E078B9A5187CE47F9C382145826.e.7187/click - {}
RESULT: {}
COMMAND: GET /session/ce18119c429c75dafb499373c9e41797/screenshot - {}
COMMAND: POST /session/ce18119c429c75dafb499373c9e41797/element - {"using":"xpath","value":"//span[contains(@id ,\"contractDetailTitleNoExpanded\")][contains(text(), \"10168\")]"}
RESULT: {}
RESULT: {"using":"xpath","value":"//span[contains(@id ,\"contractDetailTitleNoExpanded\")][contains(text(), \"10168\")]"}
COMMAND: POST /session/ce18119c429c75dafb499373c9e41797/element - {"using":"xpath","value":"//span[contains(@id ,\"contractDetailTitleNoExpanded\")][contains(text(), \"10168\")]"}
RESULT: {"using":"xpath","value":"//span[contains(@id ,\"contractDetailTitleNoExpanded\")][contains(text(), \"10168\")]"}
COMMAND: POST /session/ce18119c429c75dafb499373c9e41797/element - {"using":"xpath","value":"//span[contains(@id ,\"contractDetailTitleNoExpanded\")][contains(text(), \"10168\")]"}
RESULT: {"using":"xpath","value":"//span[contains(@id ,\"contractDetailTitleNoExpanded\")][contains(text(), \"10168\")]"}
COMMAND: POST /session/ce18119c429c75dafb499373c9e41797/element - {"using":"xpath","value":"//span[contains(@id ,\"contractDetailTitleNoExpanded\")][contains(text(), \"10168\")]"}
RESULT: {"using":"xpath","value":"//span[contains(@id ,\"contractDetailTitleNoExpanded\")][contains(text(), \"10168\")]"}
COMMAND: POST /session/ce18119c429c75dafb499373c9e41797/element - {"using":"xpath","value":"//span[contains(@id ,\"contractDetailTitleNoExpanded\")][contains(text(), \"10168\")]"}
RESULT: {"using":"xpath","value":"//span[contains(@id ,\"contractDetailTitleNoExpanded\")][contains(text(), \"10168\")]"}
COMMAND: POST /session/ce18119c429c75dafb499373c9e41797/element - {"using":"xpath","value":"//span[contains(@id ,\"contractDetailTitleNoExpanded\")][contains(text(), \"10168\")]"}
RESULT: {"using":"xpath","value":"//span[contains(@id ,\"contractDetailTitleNoExpanded\")][contains(text(), \"10168\")]"}
COMMAND: POST /session/ce18119c429c75dafb499373c9e41797/element - {"using":"css selector","value":"#shell-header-logo"}
RESULT: {"using":"css selector","value":"#shell-header-logo"}
COMMAND: POST /session/ce18119c429c75dafb499373c9e41797/element/f.75ABCD62A5F27F9CE9C2BE5C52A034DE.d.4F4F3E078B9A5187CE47F9C382145826.e.3169/click - {}
COMMAND: POST /session/ce18119c429c75dafb499373c9e41797/element - {"using":"xpath","value":"//span[contains(@id ,\"contractDetailTitleNoExpanded\")][contains(text(), \"10168\")]"}
RESULT: {}
COMMAND: GET /session/ce18119c429c75dafb499373c9e41797/screenshot - {}
RESULT: {"using":"xpath","value":"//span[contains(@id ,\"contractDetailTitleNoExpanded\")][contains(text(), \"10168\")]"}
RESULT: {}
COMMAND: POST /session/ce18119c429c75dafb499373c9e41797/element - {"using":"xpath","value":"//span[contains(@id ,\"contractDetailTitleNoExpanded\")][contains(text(), \"10168\")]"}
RESULT: {"using":"xpath","value":"//span[contains(@id ,\"contractDetailTitleNoExpanded\")][contains(text(), \"10168\")]"}
COMMAND: POST /session/ce18119c429c75dafb499373c9e41797/element - {"using":"xpath","value":"//span[contains(@id ,\"contractDetailTitleNoExpanded\")][contains(text(), \"10168\")]"}
RESULT: {"using":"xpath","value":"//span[contains(@id ,\"contractDetailTitleNoExpanded\")][contains(text(), \"10168\")]"}
COMMAND: POST /session/ce18119c429c75dafb499373c9e41797/element - {"using":"xpath","value":"//span[contains(@id ,\"contractDetailTitleNoExpanded\")][contains(text(), \"10168\")]"}
RESULT: {"using":"xpath","value":"//span[contains(@id ,\"contractDetailTitleNoExpanded\")][contains(text(), \"10168\")]"}
COMMAND: POST /session/ce18119c429c75dafb499373c9e41797/element - {"using":"xpath","value":"//span[contains(@id ,\"contractDetailTitleNoExpanded\")][contains(text(), \"10168\")]"}
RESULT: {"using":"xpath","value":"//span[contains(@id ,\"contractDetailTitleNoExpanded\")][contains(text(), \"10168\")]"}
COMMAND: POST /session/ce18119c429c75dafb499373c9e41797/element - {"using":"xpath","value":"//span[contains(@id ,\"contractDetailTitleNoExpanded\")][contains(text(), \"10168\")]"}
RESULT: {"using":"xpath","value":"//span[contains(@id ,\"contractDetailTitleNoExpanded\")][contains(text(), \"10168\")]"}
]]></system-out>
    </testcase>
  </testsuite>
  <testsuite timestamp="2025-06-13T16:32:18" time="68.878" tests="1" failures="0" errors="0" skipped="0">
    <properties>
      <property name="specId" value="0"/>
      <property name="suiteName" value="Add items into the basket without creating a request US151315"/>
      <property name="capabilities" value="chrome.137_0_7151_69.windows"/>
      <property name="file" value="file:///D:/a/1/s/test/specs/R2C/add-items-into-basket-wo-creating-a-request.spec.js"/>
    </properties>
    <testcase classname="chrome.137_0_7151_69.windows.Add_items_into_the_basket_without_creating_a_request_US151315" name="Should verify if a catalog item can be added without creating a request" time="65.671">
      <system-out><![CDATA[
RESULT: undefined
COMMAND: POST /session/ce18119c429c75dafb499373c9e41797/element - {"using":"xpath","value":"//*[@id=\"__tile51\"]"}
RESULT: {"using":"xpath","value":"//*[@id=\"__tile51\"]"}
COMMAND: POST /session/ce18119c429c75dafb499373c9e41797/element/f.75ABCD62A5F27F9CE9C2BE5C52A034DE.d.4F4F3E078B9A5187CE47F9C382145826.e.2900/click - {}
COMMAND: POST /session/ce18119c429c75dafb499373c9e41797/element - {"using":"xpath","value":"//span[contains(@id ,\"contractDetailTitleNoExpanded\")][contains(text(), \"10168\")]"}
RESULT: {}
COMMAND: GET /session/ce18119c429c75dafb499373c9e41797/screenshot - {}
COMMAND: POST /session/ce18119c429c75dafb499373c9e41797/elements - {"using":"xpath","value":"//span[text()='Error']"}
RESULT: {"using":"xpath","value":"//span[contains(@id ,\"contractDetailTitleNoExpanded\")][contains(text(), \"10168\")]"}
RESULT: {}
RESULT: {"using":"xpath","value":"//span[text()='Error']"}
COMMAND: POST /session/ce18119c429c75dafb499373c9e41797/element - {"using":"xpath","value":"//span[contains(@id ,\"contractDetailTitleNoExpanded\")][contains(text(), \"10168\")]"}
RESULT: {"using":"xpath","value":"//span[contains(@id ,\"contractDetailTitleNoExpanded\")][contains(text(), \"10168\")]"}
COMMAND: POST /session/ce18119c429c75dafb499373c9e41797/element - {"using":"xpath","value":"//span[contains(@id ,\"contractDetailTitleNoExpanded\")][contains(text(), \"10168\")]"}
RESULT: {"using":"xpath","value":"//span[contains(@id ,\"contractDetailTitleNoExpanded\")][contains(text(), \"10168\")]"}
COMMAND: POST /session/ce18119c429c75dafb499373c9e41797/element - {"using":"xpath","value":"//span[contains(@id ,\"contractDetailTitleNoExpanded\")][contains(text(), \"10168\")]"}
RESULT: {"using":"xpath","value":"//span[contains(@id ,\"contractDetailTitleNoExpanded\")][contains(text(), \"10168\")]"}
COMMAND: POST /session/ce18119c429c75dafb499373c9e41797/element - {"using":"xpath","value":"//span[contains(@id ,\"contractDetailTitleNoExpanded\")][contains(text(), \"10168\")]"}
RESULT: {"using":"xpath","value":"//span[contains(@id ,\"contractDetailTitleNoExpanded\")][contains(text(), \"10168\")]"}
COMMAND: POST /session/ce18119c429c75dafb499373c9e41797/element - {"using":"xpath","value":"//span[contains(@id ,\"contractDetailTitleNoExpanded\")][contains(text(), \"10168\")]"}
RESULT: {"using":"xpath","value":"//span[contains(@id ,\"contractDetailTitleNoExpanded\")][contains(text(), \"10168\")]"}
COMMAND: POST /session/ce18119c429c75dafb499373c9e41797/element - {"using":"xpath","value":"//span[contains(@id ,\"contractDetailTitleNoExpanded\")][contains(text(), \"10168\")]"}
RESULT: {"using":"xpath","value":"//span[contains(@id ,\"contractDetailTitleNoExpanded\")][contains(text(), \"10168\")]"}
COMMAND: POST /session/ce18119c429c75dafb499373c9e41797/element - {"using":"xpath","value":"//span[contains(@id ,\"contractDetailTitleNoExpanded\")][contains(text(), \"10168\")]"}
RESULT: {"using":"xpath","value":"//span[contains(@id ,\"contractDetailTitleNoExpanded\")][contains(text(), \"10168\")]"}
COMMAND: POST /session/ce18119c429c75dafb499373c9e41797/element - {"using":"xpath","value":"//span[contains(@id ,\"contractDetailTitleNoExpanded\")][contains(text(), \"10168\")]"}
RESULT: {"using":"xpath","value":"//span[contains(@id ,\"contractDetailTitleNoExpanded\")][contains(text(), \"10168\")]"}
COMMAND: POST /session/ce18119c429c75dafb499373c9e41797/element - {"using":"xpath","value":"//span[contains(@id ,\"contractDetailTitleNoExpanded\")][contains(text(), \"10168\")]"}
RESULT: {"using":"xpath","value":"//span[contains(@id ,\"contractDetailTitleNoExpanded\")][contains(text(), \"10168\")]"}
COMMAND: POST /session/ce18119c429c75dafb499373c9e41797/element - {"using":"xpath","value":"//span[contains(@id ,\"contractDetailTitleNoExpanded\")][contains(text(), \"10168\")]"}
RESULT: {"using":"xpath","value":"//span[contains(@id ,\"contractDetailTitleNoExpanded\")][contains(text(), \"10168\")]"}
COMMAND: POST /session/ce18119c429c75dafb499373c9e41797/element - {"using":"xpath","value":"//span[contains(@id ,\"contractDetailTitleNoExpanded\")][contains(text(), \"10168\")]"}
RESULT: {"using":"xpath","value":"//span[contains(@id ,\"contractDetailTitleNoExpanded\")][contains(text(), \"10168\")]"}
COMMAND: POST /session/ce18119c429c75dafb499373c9e41797/element - {"using":"xpath","value":"//span[contains(@id ,\"contractDetailTitleNoExpanded\")][contains(text(), \"10168\")]"}
RESULT: {"using":"xpath","value":"//span[contains(@id ,\"contractDetailTitleNoExpanded\")][contains(text(), \"10168\")]"}
COMMAND: POST /session/ce18119c429c75dafb499373c9e41797/element - {"using":"xpath","value":"//span[contains(@id ,\"contractDetailTitleNoExpanded\")][contains(text(), \"10168\")]"}
RESULT: {"using":"xpath","value":"//span[contains(@id ,\"contractDetailTitleNoExpanded\")][contains(text(), \"10168\")]"}
COMMAND: POST /session/ce18119c429c75dafb499373c9e41797/element - {"using":"css selector","value":"#requestCreationDialog--createRequestPopUp-title-inner"}
RESULT: {"using":"css selector","value":"#requestCreationDialog--createRequestPopUp-title-inner"}
COMMAND: POST /session/ce18119c429c75dafb499373c9e41797/execute/sync - {"script":"<script> [8489 bytes]","args":[{"element-6066-11e4-a52e-4f735466cecf":"f.75ABCD62A5F27F9CE9C2BE5C52A034DE.d.4F4F3E078B9A5187CE47F9C382145826.e.7290","ELEMENT":"f.75ABCD62A5F27F9CE9C2BE5C52A034DE.d.4F4F3E078B9A5187CE47F9C382145826.e.7290"}]}
RESULT: {"script":"<script> [8489 bytes]","args":[{"element-6066-11e4-a52e-4f735466cecf":"f.75ABCD62A5F27F9CE9C2BE5C52A034DE.d.4F4F3E078B9A5187CE47F9C382145826.e.7290","ELEMENT":"f.75ABCD62A5F27F9CE9C2BE5C52A034DE.d.4F4F3E078B9A5187CE47F9C382145826.e.7290"}]}
COMMAND: GET /session/ce18119c429c75dafb499373c9e41797/element/f.75ABCD62A5F27F9CE9C2BE5C52A034DE.d.4F4F3E078B9A5187CE47F9C382145826.e.7290/enabled - {}
RESULT: {}
COMMAND: POST /session/ce18119c429c75dafb499373c9e41797/element - {"using":"xpath","value":"//span[contains(@id ,\"requestCreationDialog--cancelButton-content\")]"}
COMMAND: GET /session/ce18119c429c75dafb499373c9e41797/screenshot - {}
COMMAND: GET /session/ce18119c429c75dafb499373c9e41797/screenshot - {}
RESULT: {"using":"xpath","value":"//span[contains(@id ,\"requestCreationDialog--cancelButton-content\")]"}
COMMAND: POST /session/ce18119c429c75dafb499373c9e41797/element/f.75ABCD62A5F27F9CE9C2BE5C52A034DE.d.4F4F3E078B9A5187CE47F9C382145826.e.7291/click - {}
RESULT: {}
RESULT: {}
RESULT: {}
COMMAND: GET /session/ce18119c429c75dafb499373c9e41797/screenshot - {}
RESULT: {}
COMMAND: POST /session/ce18119c429c75dafb499373c9e41797/element - {"using":"xpath","value":"//input[contains(@id ,\"searchFiledId-I\")]"}
RESULT: {"using":"xpath","value":"//input[contains(@id ,\"searchFiledId-I\")]"}
COMMAND: POST /session/ce18119c429c75dafb499373c9e41797/element/f.75ABCD62A5F27F9CE9C2BE5C52A034DE.d.4F4F3E078B9A5187CE47F9C382145826.e.7191/value - {"text":"Dri-Prime CD150M Diesel Pump"}
RESULT: {"text":"Dri-Prime CD150M Diesel Pump"}
COMMAND: POST /session/ce18119c429c75dafb499373c9e41797/actions - {"actions":[{"id":"action11","type":"key","parameters":{},"actions":[{"type":"keyDown","value":""},{"type":"pause","duration":10},{"type":"keyUp","value":""}]}]}
COMMAND: GET /session/ce18119c429c75dafb499373c9e41797/screenshot - {}
RESULT: {"actions":[{"id":"action11","type":"key","parameters":{},"actions":[{"type":"keyDown","value":""},{"type":"pause","duration":10},{"type":"keyUp","value":""}]}]}
COMMAND: GET /session/ce18119c429c75dafb499373c9e41797/screenshot - {}
RESULT: {}
RESULT: {}
COMMAND: POST /session/ce18119c429c75dafb499373c9e41797/element - {"using":"xpath","value":"//span[contains(@id ,\"subTitle\")][contains(text(), \"Dri-Prime CD150M Diesel Pump\")]"}
RESULT: {"using":"xpath","value":"//span[contains(@id ,\"subTitle\")][contains(text(), \"Dri-Prime CD150M Diesel Pump\")]"}
COMMAND: POST /session/ce18119c429c75dafb499373c9e41797/element/f.75ABCD62A5F27F9CE9C2BE5C52A034DE.d.4F4F3E078B9A5187CE47F9C382145826.e.7297/click - {}
RESULT: {}
COMMAND: GET /session/ce18119c429c75dafb499373c9e41797/screenshot - {}
RESULT: {}
COMMAND: POST /session/ce18119c429c75dafb499373c9e41797/element - {"using":"xpath","value":"//bdi[contains(text(), \"Add to Request\")]"}
RESULT: {"using":"xpath","value":"//bdi[contains(text(), \"Add to Request\")]"}
COMMAND: POST /session/ce18119c429c75dafb499373c9e41797/element/f.75ABCD62A5F27F9CE9C2BE5C52A034DE.d.4F4F3E078B9A5187CE47F9C382145826.e.7308/click - {}
RESULT: {}
COMMAND: POST /session/ce18119c429c75dafb499373c9e41797/element - {"using":"xpath","value":"//div[contains(@class ,\"sapMMessageToast sapUiSelectable sapContrast sapContrastPlus sapUiUserSelectable\")]"}
COMMAND: GET /session/ce18119c429c75dafb499373c9e41797/screenshot - {}
RESULT: {"using":"xpath","value":"//div[contains(@class ,\"sapMMessageToast sapUiSelectable sapContrast sapContrastPlus sapUiUserSelectable\")]"}
COMMAND: POST /session/ce18119c429c75dafb499373c9e41797/execute/sync - {"script":"<script> [8489 bytes]","args":[{"element-6066-11e4-a52e-4f735466cecf":"f.75ABCD62A5F27F9CE9C2BE5C52A034DE.d.4F4F3E078B9A5187CE47F9C382145826.e.7312","ELEMENT":"f.75ABCD62A5F27F9CE9C2BE5C52A034DE.d.4F4F3E078B9A5187CE47F9C382145826.e.7312"}]}
RESULT: {}
RESULT: {"script":"<script> [8489 bytes]","args":[{"element-6066-11e4-a52e-4f735466cecf":"f.75ABCD62A5F27F9CE9C2BE5C52A034DE.d.4F4F3E078B9A5187CE47F9C382145826.e.7312","ELEMENT":"f.75ABCD62A5F27F9CE9C2BE5C52A034DE.d.4F4F3E078B9A5187CE47F9C382145826.e.7312"}]}
COMMAND: GET /session/ce18119c429c75dafb499373c9e41797/element/f.75ABCD62A5F27F9CE9C2BE5C52A034DE.d.4F4F3E078B9A5187CE47F9C382145826.e.7312/text - {}
COMMAND: GET /session/ce18119c429c75dafb499373c9e41797/screenshot - {}
RESULT: {}
RESULT: {}
COMMAND: POST /session/ce18119c429c75dafb499373c9e41797/element - {"using":"xpath","value":"//bdi[contains(@id ,\"activeCartId-BDI-content\")]"}
RESULT: {"using":"xpath","value":"//bdi[contains(@id ,\"activeCartId-BDI-content\")]"}
COMMAND: GET /session/ce18119c429c75dafb499373c9e41797/element/f.75ABCD62A5F27F9CE9C2BE5C52A034DE.d.4F4F3E078B9A5187CE47F9C382145826.e.7313/text - {}
RESULT: {}
COMMAND: POST /session/ce18119c429c75dafb499373c9e41797/element - {"using":"xpath","value":"//li[@title=\"Exit\"]"}
RESULT: {"using":"xpath","value":"//li[@title=\"Exit\"]"}
COMMAND: POST /session/ce18119c429c75dafb499373c9e41797/element/f.75ABCD62A5F27F9CE9C2BE5C52A034DE.d.4F4F3E078B9A5187CE47F9C382145826.e.7270/click - {}
RESULT: {}
COMMAND: GET /session/ce18119c429c75dafb499373c9e41797/screenshot - {}
RESULT: {}
COMMAND: POST /session/ce18119c429c75dafb499373c9e41797/element - {"using":"css selector","value":"#j_username"}
COMMAND: POST /session/ce18119c429c75dafb499373c9e41797/url - {"url":"https://qa-testing-00-live-etm-ui.cfapps.eu10-004.hana.ondemand.com/"}
RESULT: {"using":"css selector","value":"#j_username"}
COMMAND: POST /session/ce18119c429c75dafb499373c9e41797/element - {"using":"css selector","value":"#j_username"}
RESULT: {"url":"https://qa-testing-00-live-etm-ui.cfapps.eu10-004.hana.ondemand.com/"}
RESULT: undefined
COMMAND: GET /session/ce18119c429c75dafb499373c9e41797/screenshot - {}
RESULT: {"using":"css selector","value":"#j_username"}
COMMAND: POST /session/ce18119c429c75dafb499373c9e41797/element - {"using":"css selector","value":"#shell-header-logo"}
RESULT: undefined
RESULT: undefined
RESULT: undefined
RESULT: undefined
RESULT: undefined
RESULT: undefined
RESULT: undefined
RESULT: undefined
RESULT: undefined
RESULT: {}
RESULT: {"using":"css selector","value":"#shell-header-logo"}
COMMAND: POST /session/ce18119c429c75dafb499373c9e41797/execute/sync - {"script":"<script> [8489 bytes]","args":[{"element-6066-11e4-a52e-4f735466cecf":"f.75ABCD62A5F27F9CE9C2BE5C52A034DE.d.B0A59B650FB0EB57484BCBB180FEDDCE.e.7333","ELEMENT":"f.75ABCD62A5F27F9CE9C2BE5C52A034DE.d.B0A59B650FB0EB57484BCBB180FEDDCE.e.7333"}]}
RESULT: {"script":"<script> [8489 bytes]","args":[{"element-6066-11e4-a52e-4f735466cecf":"f.75ABCD62A5F27F9CE9C2BE5C52A034DE.d.B0A59B650FB0EB57484BCBB180FEDDCE.e.7333","ELEMENT":"f.75ABCD62A5F27F9CE9C2BE5C52A034DE.d.B0A59B650FB0EB57484BCBB180FEDDCE.e.7333"}]}
COMMAND: POST /session/ce18119c429c75dafb499373c9e41797/element - {"using":"css selector","value":"#shell-header-logo"}
COMMAND: GET /session/ce18119c429c75dafb499373c9e41797/screenshot - {}
RESULT: {"using":"css selector","value":"#shell-header-logo"}
COMMAND: POST /session/ce18119c429c75dafb499373c9e41797/execute/sync - {"script":"<script> [8489 bytes]","args":[{"element-6066-11e4-a52e-4f735466cecf":"f.75ABCD62A5F27F9CE9C2BE5C52A034DE.d.B0A59B650FB0EB57484BCBB180FEDDCE.e.7333","ELEMENT":"f.75ABCD62A5F27F9CE9C2BE5C52A034DE.d.B0A59B650FB0EB57484BCBB180FEDDCE.e.7333"}]}
RESULT: {}
RESULT: {"script":"<script> [8489 bytes]","args":[{"element-6066-11e4-a52e-4f735466cecf":"f.75ABCD62A5F27F9CE9C2BE5C52A034DE.d.B0A59B650FB0EB57484BCBB180FEDDCE.e.7333","ELEMENT":"f.75ABCD62A5F27F9CE9C2BE5C52A034DE.d.B0A59B650FB0EB57484BCBB180FEDDCE.e.7333"}]}
COMMAND: POST /session/ce18119c429c75dafb499373c9e41797/execute/sync - {"script":"<script> [5351 bytes]","args":[{"element-6066-11e4-a52e-4f735466cecf":"f.75ABCD62A5F27F9CE9C2BE5C52A034DE.d.B0A59B650FB0EB57484BCBB180FEDDCE.e.7333","ELEMENT":"f.75ABCD62A5F27F9CE9C2BE5C52A034DE.d.B0A59B650FB0EB57484BCBB180FEDDCE.e.7333"}]}
COMMAND: GET /session/ce18119c429c75dafb499373c9e41797/screenshot - {}
RESULT: {"script":"<script> [5351 bytes]","args":[{"element-6066-11e4-a52e-4f735466cecf":"f.75ABCD62A5F27F9CE9C2BE5C52A034DE.d.B0A59B650FB0EB57484BCBB180FEDDCE.e.7333","ELEMENT":"f.75ABCD62A5F27F9CE9C2BE5C52A034DE.d.B0A59B650FB0EB57484BCBB180FEDDCE.e.7333"}]}
COMMAND: POST /session/ce18119c429c75dafb499373c9e41797/element - {"using":"css selector","value":"#shell-header-logo"}
COMMAND: GET /session/ce18119c429c75dafb499373c9e41797/screenshot - {}
RESULT: {}
RESULT: {"using":"css selector","value":"#shell-header-logo"}
COMMAND: POST /session/ce18119c429c75dafb499373c9e41797/element/f.75ABCD62A5F27F9CE9C2BE5C52A034DE.d.B0A59B650FB0EB57484BCBB180FEDDCE.e.7333/click - {}
RESULT: {}
RESULT: {}
COMMAND: GET /session/ce18119c429c75dafb499373c9e41797/screenshot - {}
RESULT: {}
COMMAND: POST /session/ce18119c429c75dafb499373c9e41797/execute/async - {"script":"<script> [189 bytes]","args":[]}
RESULT: {"script":"<script> [189 bytes]","args":[]}
COMMAND: POST /session/ce18119c429c75dafb499373c9e41797/execute/async - {"script":"<script> [123 bytes]","args":[]}
RESULT: {"script":"<script> [123 bytes]","args":[]}
COMMAND: POST /session/ce18119c429c75dafb499373c9e41797/timeouts - {"script":"<number>"}
RESULT: {"script":"<number>"}
COMMAND: GET /session/ce18119c429c75dafb499373c9e41797/timeouts - {}
RESULT: {}
RESULT: undefined
COMMAND: POST /session/ce18119c429c75dafb499373c9e41797/execute/async - {"script":"<script> [2676 bytes]","args":[]}
RESULT: {"script":"<script> [2676 bytes]","args":[]}
COMMAND: POST /session/ce18119c429c75dafb499373c9e41797/execute/async - {"script":"<script> [2342 bytes]","args":[{"protocol":"http","hostname":"0.0.0.0","path":"/","capabilities":{"browserName":"chrome","goog:chromeOptions":{"binary":"C:\\Program Files\\Google\\Chrome\\Application\\chrome.exe","args":["--start-maximized"]}},"logLevel":"warn","connectionRetryTimeout":120000,"connectionRetryCount":3,"logLevels":{},"enableDirectConnect":true,"strictSSL":true,"_":"65 more keys: [\"cacheDir\",\"port\",\"requestedCapabilities\",\"automationProtocol\",\"baseUrl\",\"waitforInterval\",\"waitforTimeout\",\"onReload\",\"beforeCommand\",\"afterCommand\",\"rootDir\",\"specs\",\"suites\",\"exclude\",\"groupLogsByTestSpec\",\"excludeDriverLogs\",\"bail\",\"framework\",\"reporters\",\"services\",\"maxInstances\",\"maxInstancesPerCapability\",\"injectGlobals\",\"filesToWatch\",\"execArgv\",\"runnerEnv\",\"runner\",\"shard\",\"specFileRetries\",\"specFileRetriesDelay\",\"specFileRetriesDeferred\",\"reporterSyncInterval\",\"reporterSyncTimeout\",\"cucumberFeaturesWithLineNumbers\",\"autoCompileOpts\",\"mochaOpts\",\"jasmineOpts\",\"cucumberOpts\",\"onPrepare\",\"onWorkerStart\",\"onWorkerEnd\",\"before\",\"beforeSession\",\"beforeSuite\",\"beforeHook\",\"beforeTest\",\"afterTest\",\"afterHook\",\"afterSuite\",\"afterSession\",\"after\",\"onComplete\",\"beforeAssertion\",\"afterAssertion\",\"beforeFeature\",\"beforeScenario\",\"beforeStep\",\"afterStep\",\"afterScenario\",\"afterFeature\",\"_\",\"suite\",\"$0\",\"ignoredWorkerServices\",\"wdi5\"]"}]}
RESULT: {"script":"<script> [2342 bytes]","args":[{"protocol":"http","hostname":"0.0.0.0","path":"/","capabilities":{"browserName":"chrome","goog:chromeOptions":{"binary":"C:\\Program Files\\Google\\Chrome\\Application\\chrome.exe","args":["--start-maximized"]}},"logLevel":"warn","connectionRetryTimeout":120000,"connectionRetryCount":3,"logLevels":{},"enableDirectConnect":true,"strictSSL":true,"_":"65 more keys: [\"cacheDir\",\"port\",\"requestedCapabilities\",\"automationProtocol\",\"baseUrl\",\"waitforInterval\",\"waitforTimeout\",\"onReload\",\"beforeCommand\",\"afterCommand\",\"rootDir\",\"specs\",\"suites\",\"exclude\",\"groupLogsByTestSpec\",\"excludeDriverLogs\",\"bail\",\"framework\",\"reporters\",\"services\",\"maxInstances\",\"maxInstancesPerCapability\",\"injectGlobals\",\"filesToWatch\",\"execArgv\",\"runnerEnv\",\"runner\",\"shard\",\"specFileRetries\",\"specFileRetriesDelay\",\"specFileRetriesDeferred\",\"reporterSyncInterval\",\"reporterSyncTimeout\",\"cucumberFeaturesWithLineNumbers\",\"autoCompileOpts\",\"mochaOpts\",\"jasmineOpts\",\"cucumberOpts\",\"onPrepare\",\"onWorkerStart\",\"onWorkerEnd\",\"before\",\"beforeSession\",\"beforeSuite\",\"beforeHook\",\"beforeTest\",\"afterTest\",\"afterHook\",\"afterSuite\",\"afterSession\",\"after\",\"onComplete\",\"beforeAssertion\",\"afterAssertion\",\"beforeFeature\",\"beforeScenario\",\"beforeStep\",\"afterStep\",\"afterScenario\",\"afterFeature\",\"_\",\"suite\",\"$0\",\"ignoredWorkerServices\",\"wdi5\"]"}]}
COMMAND: POST /session/ce18119c429c75dafb499373c9e41797/execute/async - {"script":"<script> [21126 bytes]","args":[35000]}
RESULT: {"script":"<script> [21126 bytes]","args":[35000]}
COMMAND: POST /session/ce18119c429c75dafb499373c9e41797/window/maximize - {}
RESULT: {}
COMMAND: POST /session/ce18119c429c75dafb499373c9e41797/execute/async - {"script":"<script> [1562 bytes]","args":[{"selector":{"id":"shell-header","interaction":{"idSuffix":"icon"}},"wdio_ui5_key":"shellheader"}]}
COMMAND: GET /session/ce18119c429c75dafb499373c9e41797/screenshot - {}
RESULT: {"script":"<script> [1562 bytes]","args":[{"selector":{"id":"shell-header","interaction":{"idSuffix":"icon"}},"wdio_ui5_key":"shellheader"}]}
RESULT: undefined
RESULT: {}
COMMAND: POST /session/ce18119c429c75dafb499373c9e41797/execute/async - {"script":"<script> [1562 bytes]","args":[{"selector":{"controlType":"sap.m.Title","i18NText":{"propertyName":"text","key":"dataCollectionAgreement"},"searchOpenDialogs":true},"wdio_ui5_key":"sapm.Title{\"propertyName\":\"text\",\"key\":\"dataCollectionAgreement\"}"}]}
RESULT: {"script":"<script> [1562 bytes]","args":[{"selector":{"controlType":"sap.m.Title","i18NText":{"propertyName":"text","key":"dataCollectionAgreement"},"searchOpenDialogs":true},"wdio_ui5_key":"sapm.Title{\"propertyName\":\"text\",\"key\":\"dataCollectionAgreement\"}"}]}
RESULT: undefined
]]></system-out>
    </testcase>
  </testsuite>
  <testsuite timestamp="2025-06-13T16:33:27" time="205.349" tests="2" failures="0" errors="0" skipped="0">
    <properties>
      <property name="specId" value="0"/>
      <property name="suiteName" value=" Webshop - Request management - Verifying the Master List - Filtering /Sorting - Deleting - Creating US151314"/>
      <property name="capabilities" value="chrome.137_0_7151_69.windows"/>
      <property name="file" value="file:///D:/a/1/s/test/specs/R2C/webshop-request-management-verify-master-list.spec.js"/>
    </properties>
    <testcase classname="chrome.137_0_7151_69.windows._Webshop_-_Request_management_-_Verifying_the_Master_List_-_Filtering_/Sorting_-_Deleting_-_Creating_US151314" name="Should navigate to request management in webshop and verify the filters" time="139.777">
      <system-out><![CDATA[
COMMAND: POST /session/ce18119c429c75dafb499373c9e41797/execute/async - {"script":"<script> [1562 bytes]","args":[{"selector":{"controlType":"sap.m.GenericTile","properties":{"header":"Webshop"}},"wdio_ui5_key":"sapm.GenericTile{\"header\":\"Webshop\"}"}]}
RESULT: {"script":"<script> [1562 bytes]","args":[{"selector":{"controlType":"sap.m.GenericTile","properties":{"header":"Webshop"}},"wdio_ui5_key":"sapm.GenericTile{\"header\":\"Webshop\"}"}]}
RESULT: undefined
COMMAND: POST /session/ce18119c429c75dafb499373c9e41797/element - {"using":"xpath","value":"//*[@id=\"__tile51\"]"}
RESULT: {"using":"xpath","value":"//*[@id=\"__tile51\"]"}
COMMAND: POST /session/ce18119c429c75dafb499373c9e41797/element/f.75ABCD62A5F27F9CE9C2BE5C52A034DE.d.B0A59B650FB0EB57484BCBB180FEDDCE.e.7344/click - {}
RESULT: {}
COMMAND: GET /session/ce18119c429c75dafb499373c9e41797/screenshot - {}
RESULT: {}
COMMAND: POST /session/ce18119c429c75dafb499373c9e41797/elements - {"using":"xpath","value":"//span[text()='Error']"}
RESULT: {"using":"xpath","value":"//span[text()='Error']"}
COMMAND: POST /session/ce18119c429c75dafb499373c9e41797/execute/async - {"script":"<script> [1562 bytes]","args":[{"selector":{"id":"requestCreationDialog--cancelButton","searchOpenDialogs":true,"interaction":{"idSuffix":"BDI-content"}},"wdio_ui5_key":"requestCreationDialogcancelButton"}]}
RESULT: {"script":"<script> [1562 bytes]","args":[{"selector":{"id":"requestCreationDialog--cancelButton","searchOpenDialogs":true,"interaction":{"idSuffix":"BDI-content"}},"wdio_ui5_key":"requestCreationDialogcancelButton"}]}
RESULT: undefined
COMMAND: POST /session/ce18119c429c75dafb499373c9e41797/element - {"using":"xpath","value":"//*[@id=\"requestCreationDialog--cancelButton\"]"}
RESULT: {"using":"xpath","value":"//*[@id=\"requestCreationDialog--cancelButton\"]"}
COMMAND: POST /session/ce18119c429c75dafb499373c9e41797/element/f.75ABCD62A5F27F9CE9C2BE5C52A034DE.d.B0A59B650FB0EB57484BCBB180FEDDCE.e.7375/click - {}
RESULT: {}
COMMAND: GET /session/ce18119c429c75dafb499373c9e41797/screenshot - {}
RESULT: {}
COMMAND: POST /session/ce18119c429c75dafb499373c9e41797/execute/async - {"script":"<script> [1562 bytes]","args":[{"selector":{"controlType":"sap.tnt.NavigationListItem","viewName":"etm.portal.ui.webshop.view.Homepage","i18NText":{"propertyName":"text","key":"requestsManagement"},"interaction":{"idSuffix":"a"}},"wdio_ui5_key":"etmportal.ui.webshop.view.Homepagesap.tnt.NavigationListItem{\"propertyName\":\"text\",\"key\":\"requestsManagement\"}"}]}
RESULT: {"script":"<script> [1562 bytes]","args":[{"selector":{"controlType":"sap.tnt.NavigationListItem","viewName":"etm.portal.ui.webshop.view.Homepage","i18NText":{"propertyName":"text","key":"requestsManagement"},"interaction":{"idSuffix":"a"}},"wdio_ui5_key":"etmportal.ui.webshop.view.Homepagesap.tnt.NavigationListItem{\"propertyName\":\"text\",\"key\":\"requestsManagement\"}"}]}
RESULT: undefined
COMMAND: POST /session/ce18119c429c75dafb499373c9e41797/element - {"using":"xpath","value":"//*[@id=\"__item32\"]"}
RESULT: {"using":"xpath","value":"//*[@id=\"__item32\"]"}
COMMAND: POST /session/ce18119c429c75dafb499373c9e41797/element/f.75ABCD62A5F27F9CE9C2BE5C52A034DE.d.B0A59B650FB0EB57484BCBB180FEDDCE.e.7377/click - {}
RESULT: {}
COMMAND: GET /session/ce18119c429c75dafb499373c9e41797/screenshot - {}
RESULT: {}
COMMAND: POST /session/ce18119c429c75dafb499373c9e41797/element - {"using":"xpath","value":"//input[contains(@id ,\"smartFilterBar-btnBasicSearch-I\")]"}
RESULT: {"using":"xpath","value":"//input[contains(@id ,\"smartFilterBar-btnBasicSearch-I\")]"}
COMMAND: POST /session/ce18119c429c75dafb499373c9e41797/element/f.75ABCD62A5F27F9CE9C2BE5C52A034DE.d.B0A59B650FB0EB57484BCBB180FEDDCE.e.7383/clear - {}
RESULT: {}
COMMAND: POST /session/ce18119c429c75dafb499373c9e41797/element/f.75ABCD62A5F27F9CE9C2BE5C52A034DE.d.B0A59B650FB0EB57484BCBB180FEDDCE.e.7383/value - {"text":"20001"}
COMMAND: GET /session/ce18119c429c75dafb499373c9e41797/screenshot - {}
RESULT: {"text":"20001"}
COMMAND: GET /session/ce18119c429c75dafb499373c9e41797/screenshot - {}
RESULT: {}
RESULT: {}
COMMAND: POST /session/ce18119c429c75dafb499373c9e41797/actions - {"actions":[{"id":"action12","type":"key","parameters":{},"actions":[{"type":"keyDown","value":""},{"type":"pause","duration":10},{"type":"keyUp","value":""}]}]}
RESULT: {"actions":[{"id":"action12","type":"key","parameters":{},"actions":[{"type":"keyDown","value":""},{"type":"pause","duration":10},{"type":"keyUp","value":""}]}]}
COMMAND: GET /session/ce18119c429c75dafb499373c9e41797/screenshot - {}
RESULT: {}
COMMAND: POST /session/ce18119c429c75dafb499373c9e41797/execute/async - {"script":"<script> [1562 bytes]","args":[{"selector":{"controlType":"sap.m.Title","viewName":"etm.portal.ui.webshop.view.RequestMaster","properties":{"text":"Records (1)"}},"wdio_ui5_key":"etmportal.ui.webshop.view.RequestMastersap.m.Title{\"text\":\"Records (1)\"}"}]}
RESULT: {"script":"<script> [1562 bytes]","args":[{"selector":{"controlType":"sap.m.Title","viewName":"etm.portal.ui.webshop.view.RequestMaster","properties":{"text":"Records (1)"}},"wdio_ui5_key":"etmportal.ui.webshop.view.RequestMastersap.m.Title{\"text\":\"Records (1)\"}"}]}
RESULT: undefined
COMMAND: POST /session/ce18119c429c75dafb499373c9e41797/execute/async - {"script":"<script> [6424 bytes]","args":[{"element-6066-11e4-a52e-4f735466cecf":"f.75ABCD62A5F27F9CE9C2BE5C52A034DE.d.B0A59B650FB0EB57484BCBB180FEDDCE.e.7466"},"getText",[]]}
RESULT: {"script":"<script> [6424 bytes]","args":[{"element-6066-11e4-a52e-4f735466cecf":"f.75ABCD62A5F27F9CE9C2BE5C52A034DE.d.B0A59B650FB0EB57484BCBB180FEDDCE.e.7466"},"getText",[]]}
COMMAND: POST /session/ce18119c429c75dafb499373c9e41797/element - {"using":"xpath","value":"//div[contains(@id ,\"smartFilterBar-btnBasicSearch-reset\")]"}
RESULT: {"using":"xpath","value":"//div[contains(@id ,\"smartFilterBar-btnBasicSearch-reset\")]"}
COMMAND: POST /session/ce18119c429c75dafb499373c9e41797/element/f.75ABCD62A5F27F9CE9C2BE5C52A034DE.d.B0A59B650FB0EB57484BCBB180FEDDCE.e.7467/click - {}
RESULT: {}
COMMAND: GET /session/ce18119c429c75dafb499373c9e41797/screenshot - {}
RESULT: {}
COMMAND: POST /session/ce18119c429c75dafb499373c9e41797/element - {"using":"xpath","value":"//input[contains(@id ,\"smartStatusFilter-inner\")]"}
RESULT: {"using":"xpath","value":"//input[contains(@id ,\"smartStatusFilter-inner\")]"}
COMMAND: POST /session/ce18119c429c75dafb499373c9e41797/element/f.75ABCD62A5F27F9CE9C2BE5C52A034DE.d.B0A59B650FB0EB57484BCBB180FEDDCE.e.7388/clear - {}
RESULT: {}
COMMAND: POST /session/ce18119c429c75dafb499373c9e41797/element/f.75ABCD62A5F27F9CE9C2BE5C52A034DE.d.B0A59B650FB0EB57484BCBB180FEDDCE.e.7388/value - {"text":"draft"}
COMMAND: GET /session/ce18119c429c75dafb499373c9e41797/screenshot - {}
RESULT: {"text":"draft"}
COMMAND: GET /session/ce18119c429c75dafb499373c9e41797/screenshot - {}
RESULT: {}
RESULT: {}
COMMAND: POST /session/ce18119c429c75dafb499373c9e41797/actions - {"actions":[{"id":"action13","type":"key","parameters":{},"actions":[{"type":"keyDown","value":""},{"type":"pause","duration":10},{"type":"keyUp","value":""}]}]}
RESULT: {"actions":[{"id":"action13","type":"key","parameters":{},"actions":[{"type":"keyDown","value":""},{"type":"pause","duration":10},{"type":"keyUp","value":""}]}]}
COMMAND: GET /session/ce18119c429c75dafb499373c9e41797/screenshot - {}
RESULT: {}
COMMAND: POST /session/ce18119c429c75dafb499373c9e41797/execute/async - {"script":"<script> [1562 bytes]","args":[{"selector":{"controlType":"sap.m.ObjectStatus","viewName":"etm.portal.ui.webshop.view.RequestMaster","bindingPath":{"propertyPath":"STATUS_DESCRIPTION"}},"wdio_ui5_key":"etmportal.ui.webshop.view.RequestMastersap.m.ObjectStatus{\"propertyPath\":\"STATUS_DESCRIPTION\"}"}]}
RESULT: {"script":"<script> [1562 bytes]","args":[{"selector":{"controlType":"sap.m.ObjectStatus","viewName":"etm.portal.ui.webshop.view.RequestMaster","bindingPath":{"propertyPath":"STATUS_DESCRIPTION"}},"wdio_ui5_key":"etmportal.ui.webshop.view.RequestMastersap.m.ObjectStatus{\"propertyPath\":\"STATUS_DESCRIPTION\"}"}]}
RESULT: undefined
COMMAND: POST /session/ce18119c429c75dafb499373c9e41797/execute/async - {"script":"<script> [6424 bytes]","args":[{"element-6066-11e4-a52e-4f735466cecf":"f.75ABCD62A5F27F9CE9C2BE5C52A034DE.d.B0A59B650FB0EB57484BCBB180FEDDCE.e.7577"},"getText",[]]}
RESULT: {"script":"<script> [6424 bytes]","args":[{"element-6066-11e4-a52e-4f735466cecf":"f.75ABCD62A5F27F9CE9C2BE5C52A034DE.d.B0A59B650FB0EB57484BCBB180FEDDCE.e.7577"},"getText",[]]}
COMMAND: POST /session/ce18119c429c75dafb499373c9e41797/element - {"using":"xpath","value":"//span[contains(@title ,\"Remove\")]"}
RESULT: {"using":"xpath","value":"//span[contains(@title ,\"Remove\")]"}
COMMAND: POST /session/ce18119c429c75dafb499373c9e41797/element/f.75ABCD62A5F27F9CE9C2BE5C52A034DE.d.B0A59B650FB0EB57484BCBB180FEDDCE.e.7578/click - {}
RESULT: {}
COMMAND: GET /session/ce18119c429c75dafb499373c9e41797/screenshot - {}
COMMAND: POST /session/ce18119c429c75dafb499373c9e41797/element - {"using":"xpath","value":"//input[contains(@id ,\"smartStatusFilter-inner\")]"}
RESULT: {}
RESULT: {"using":"xpath","value":"//input[contains(@id ,\"smartStatusFilter-inner\")]"}
COMMAND: POST /session/ce18119c429c75dafb499373c9e41797/element/f.75ABCD62A5F27F9CE9C2BE5C52A034DE.d.B0A59B650FB0EB57484BCBB180FEDDCE.e.7388/clear - {}
RESULT: {}
COMMAND: POST /session/ce18119c429c75dafb499373c9e41797/element/f.75ABCD62A5F27F9CE9C2BE5C52A034DE.d.B0A59B650FB0EB57484BCBB180FEDDCE.e.7388/value - {"text":"created"}
COMMAND: GET /session/ce18119c429c75dafb499373c9e41797/screenshot - {}
RESULT: {"text":"created"}
COMMAND: GET /session/ce18119c429c75dafb499373c9e41797/screenshot - {}
RESULT: {}
RESULT: {}
COMMAND: POST /session/ce18119c429c75dafb499373c9e41797/actions - {"actions":[{"id":"action14","type":"key","parameters":{},"actions":[{"type":"keyDown","value":""},{"type":"pause","duration":10},{"type":"keyUp","value":""}]}]}
RESULT: {"actions":[{"id":"action14","type":"key","parameters":{},"actions":[{"type":"keyDown","value":""},{"type":"pause","duration":10},{"type":"keyUp","value":""}]}]}
COMMAND: GET /session/ce18119c429c75dafb499373c9e41797/screenshot - {}
RESULT: {}
RESULT: undefined
COMMAND: POST /session/ce18119c429c75dafb499373c9e41797/execute/async - {"script":"<script> [6424 bytes]","args":[{"element-6066-11e4-a52e-4f735466cecf":"f.75ABCD62A5F27F9CE9C2BE5C52A034DE.d.B0A59B650FB0EB57484BCBB180FEDDCE.e.7577"},"getText",[]]}
COMMAND: POST /session/ce18119c429c75dafb499373c9e41797/execute/async - {"script":"<script> [1562 bytes]","args":[{"selector":{"controlType":"sap.m.ObjectStatus","viewName":"etm.portal.ui.webshop.view.RequestMaster","bindingPath":{"propertyPath":"STATUS_DESCRIPTION"}},"wdio_ui5_key":"etmportal.ui.webshop.view.RequestMastersap.m.ObjectStatus{\"propertyPath\":\"STATUS_DESCRIPTION\"}"}]}
RESULT: {"script":"<script> [1562 bytes]","args":[{"selector":{"controlType":"sap.m.ObjectStatus","viewName":"etm.portal.ui.webshop.view.RequestMaster","bindingPath":{"propertyPath":"STATUS_DESCRIPTION"}},"wdio_ui5_key":"etmportal.ui.webshop.view.RequestMastersap.m.ObjectStatus{\"propertyPath\":\"STATUS_DESCRIPTION\"}"}]}
COMMAND: POST /session/ce18119c429c75dafb499373c9e41797/execute/async - {"script":"<script> [6424 bytes]","args":[{"element-6066-11e4-a52e-4f735466cecf":"f.75ABCD62A5F27F9CE9C2BE5C52A034DE.d.B0A59B650FB0EB57484BCBB180FEDDCE.e.7632"},"getText",[]]}
RESULT: {"script":"<script> [6424 bytes]","args":[{"element-6066-11e4-a52e-4f735466cecf":"f.75ABCD62A5F27F9CE9C2BE5C52A034DE.d.B0A59B650FB0EB57484BCBB180FEDDCE.e.7632"},"getText",[]]}
COMMAND: POST /session/ce18119c429c75dafb499373c9e41797/element - {"using":"xpath","value":"//span[contains(@title ,\"Remove\")]"}
RESULT: {"using":"xpath","value":"//span[contains(@title ,\"Remove\")]"}
COMMAND: POST /session/ce18119c429c75dafb499373c9e41797/element/f.75ABCD62A5F27F9CE9C2BE5C52A034DE.d.B0A59B650FB0EB57484BCBB180FEDDCE.e.7633/click - {}
RESULT: {}
COMMAND: GET /session/ce18119c429c75dafb499373c9e41797/screenshot - {}
COMMAND: POST /session/ce18119c429c75dafb499373c9e41797/execute/async - {"script":"<script> [1562 bytes]","args":[{"selector":{"controlType":"sap.m.Button","viewName":"etm.portal.ui.webshop.view.RequestMaster","properties":{"text":"Filters (1)"},"interaction":{"idSuffix":"BDI-content"}},"wdio_ui5_key":"etmportal.ui.webshop.view.RequestMastersap.m.Button{\"text\":\"Filters (1)\"}"}]}
RESULT: {}
RESULT: {"script":"<script> [1562 bytes]","args":[{"selector":{"controlType":"sap.m.Button","viewName":"etm.portal.ui.webshop.view.RequestMaster","properties":{"text":"Filters (1)"},"interaction":{"idSuffix":"BDI-content"}},"wdio_ui5_key":"etmportal.ui.webshop.view.RequestMastersap.m.Button{\"text\":\"Filters (1)\"}"}]}
RESULT: undefined
COMMAND: POST /session/ce18119c429c75dafb499373c9e41797/element - {"using":"xpath","value":"//*[@id=\"__xmlview60--smartFilterBar-btnFilters\"]"}
RESULT: {"using":"xpath","value":"//*[@id=\"__xmlview60--smartFilterBar-btnFilters\"]"}
COMMAND: POST /session/ce18119c429c75dafb499373c9e41797/element/f.75ABCD62A5F27F9CE9C2BE5C52A034DE.d.B0A59B650FB0EB57484BCBB180FEDDCE.e.7402/click - {}
RESULT: {}
COMMAND: GET /session/ce18119c429c75dafb499373c9e41797/screenshot - {}
RESULT: {}
COMMAND: POST /session/ce18119c429c75dafb499373c9e41797/element - {"using":"xpath","value":"//input[contains(@id ,\"searchField-I\")]"}
RESULT: {"using":"xpath","value":"//input[contains(@id ,\"searchField-I\")]"}
COMMAND: POST /session/ce18119c429c75dafb499373c9e41797/element/f.75ABCD62A5F27F9CE9C2BE5C52A034DE.d.B0A59B650FB0EB57484BCBB180FEDDCE.e.7683/clear - {}
RESULT: {}
COMMAND: POST /session/ce18119c429c75dafb499373c9e41797/element/f.75ABCD62A5F27F9CE9C2BE5C52A034DE.d.B0A59B650FB0EB57484BCBB180FEDDCE.e.7683/value - {"text":"tags"}
COMMAND: GET /session/ce18119c429c75dafb499373c9e41797/screenshot - {}
RESULT: {"text":"tags"}
COMMAND: GET /session/ce18119c429c75dafb499373c9e41797/screenshot - {}
RESULT: {}
RESULT: {}
COMMAND: POST /session/ce18119c429c75dafb499373c9e41797/element - {"using":"xpath","value":"(//div[contains(@id ,\"selectMulti\")][@role=\"checkbox\"])[8]"}
RESULT: {"using":"xpath","value":"(//div[contains(@id ,\"selectMulti\")][@role=\"checkbox\"])[8]"}
COMMAND: POST /session/ce18119c429c75dafb499373c9e41797/element/f.75ABCD62A5F27F9CE9C2BE5C52A034DE.d.B0A59B650FB0EB57484BCBB180FEDDCE.e.7712/click - {}
RESULT: {}
COMMAND: GET /session/ce18119c429c75dafb499373c9e41797/screenshot - {}
RESULT: {}
COMMAND: POST /session/ce18119c429c75dafb499373c9e41797/execute/async - {"script":"<script> [1562 bytes]","args":[{"selector":{"controlType":"sap.m.Button","viewName":"etm.portal.ui.webshop.view.RequestMaster","properties":{"text":"OK"},"searchOpenDialogs":true,"interaction":{"idSuffix":"BDI-content"}},"wdio_ui5_key":"etmportal.ui.webshop.view.RequestMastersap.m.Button{\"text\":\"OK\"}"}]}
RESULT: {"script":"<script> [1562 bytes]","args":[{"selector":{"controlType":"sap.m.Button","viewName":"etm.portal.ui.webshop.view.RequestMaster","properties":{"text":"OK"},"searchOpenDialogs":true,"interaction":{"idSuffix":"BDI-content"}},"wdio_ui5_key":"etmportal.ui.webshop.view.RequestMastersap.m.Button{\"text\":\"OK\"}"}]}
RESULT: undefined
COMMAND: POST /session/ce18119c429c75dafb499373c9e41797/element - {"using":"xpath","value":"//*[@id=\"__xmlview60--smartFilterBar-adapt-filters-dialog-confirmBtn\"]"}
RESULT: {"using":"xpath","value":"//*[@id=\"__xmlview60--smartFilterBar-adapt-filters-dialog-confirmBtn\"]"}
COMMAND: POST /session/ce18119c429c75dafb499373c9e41797/element/f.75ABCD62A5F27F9CE9C2BE5C52A034DE.d.B0A59B650FB0EB57484BCBB180FEDDCE.e.7716/click - {}
RESULT: {}
COMMAND: GET /session/ce18119c429c75dafb499373c9e41797/screenshot - {}
RESULT: {}
COMMAND: POST /session/ce18119c429c75dafb499373c9e41797/element - {"using":"xpath","value":"//input[contains(@id ,\"smartFilterBar-filterItemControlA_-ALL_TAGS-inner\")]"}
RESULT: {"using":"xpath","value":"//input[contains(@id ,\"smartFilterBar-filterItemControlA_-ALL_TAGS-inner\")]"}
COMMAND: POST /session/ce18119c429c75dafb499373c9e41797/element/f.75ABCD62A5F27F9CE9C2BE5C52A034DE.d.B0A59B650FB0EB57484BCBB180FEDDCE.e.7724/clear - {}
RESULT: {}
COMMAND: POST /session/ce18119c429c75dafb499373c9e41797/element/f.75ABCD62A5F27F9CE9C2BE5C52A034DE.d.B0A59B650FB0EB57484BCBB180FEDDCE.e.7724/value - {"text":"tag1"}
COMMAND: GET /session/ce18119c429c75dafb499373c9e41797/screenshot - {}
RESULT: {"text":"tag1"}
COMMAND: GET /session/ce18119c429c75dafb499373c9e41797/screenshot - {}
RESULT: {}
RESULT: {}
COMMAND: POST /session/ce18119c429c75dafb499373c9e41797/actions - {"actions":[{"id":"action15","type":"key","parameters":{},"actions":[{"type":"keyDown","value":""},{"type":"pause","duration":10},{"type":"keyUp","value":""}]}]}
RESULT: {"actions":[{"id":"action15","type":"key","parameters":{},"actions":[{"type":"keyDown","value":""},{"type":"pause","duration":10},{"type":"keyUp","value":""}]}]}
COMMAND: GET /session/ce18119c429c75dafb499373c9e41797/screenshot - {}
RESULT: {}
RESULT: undefined
COMMAND: POST /session/ce18119c429c75dafb499373c9e41797/execute/async - {"script":"<script> [6424 bytes]","args":[{"element-6066-11e4-a52e-4f735466cecf":"f.75ABCD62A5F27F9CE9C2BE5C52A034DE.d.B0A59B650FB0EB57484BCBB180FEDDCE.e.7466"},"getText",[]]}
RESULT: {"script":"<script> [6424 bytes]","args":[{"element-6066-11e4-a52e-4f735466cecf":"f.75ABCD62A5F27F9CE9C2BE5C52A034DE.d.B0A59B650FB0EB57484BCBB180FEDDCE.e.7466"},"getText",[]]}
COMMAND: POST /session/ce18119c429c75dafb499373c9e41797/execute/async - {"script":"<script> [1562 bytes]","args":[{"selector":{"controlType":"sap.ui.core.Icon","viewName":"etm.portal.ui.webshop.view.RequestMaster","properties":{"src":{"regex":{"source":"action\\-settings"}}}},"wdio_ui5_key":"etmportal.ui.webshop.view.RequestMastersap.ui.core.Icon{\"src\":{\"regex\":{\"source\":\"action\\\\-settings\"}}}"}]}
RESULT: {"script":"<script> [1562 bytes]","args":[{"selector":{"controlType":"sap.ui.core.Icon","viewName":"etm.portal.ui.webshop.view.RequestMaster","properties":{"src":{"regex":{"source":"action\\-settings"}}}},"wdio_ui5_key":"etmportal.ui.webshop.view.RequestMastersap.ui.core.Icon{\"src\":{\"regex\":{\"source\":\"action\\\\-settings\"}}}"}]}
RESULT: undefined
COMMAND: POST /session/ce18119c429c75dafb499373c9e41797/element - {"using":"xpath","value":"//*[@id=\"__xmlview60--smartTable-btnPersonalisation-img\"]"}
RESULT: {"using":"xpath","value":"//*[@id=\"__xmlview60--smartTable-btnPersonalisation-img\"]"}
COMMAND: POST /session/ce18119c429c75dafb499373c9e41797/element/f.75ABCD62A5F27F9CE9C2BE5C52A034DE.d.B0A59B650FB0EB57484BCBB180FEDDCE.e.7427/click - {}
RESULT: {}
COMMAND: GET /session/ce18119c429c75dafb499373c9e41797/screenshot - {}
RESULT: {}
COMMAND: POST /session/ce18119c429c75dafb499373c9e41797/element - {"using":"xpath","value":"//input[contains(@id ,\"searchField-I\")]"}
RESULT: {"using":"xpath","value":"//input[contains(@id ,\"searchField-I\")]"}
COMMAND: POST /session/ce18119c429c75dafb499373c9e41797/element/f.75ABCD62A5F27F9CE9C2BE5C52A034DE.d.B0A59B650FB0EB57484BCBB180FEDDCE.e.7753/clear - {}
RESULT: {}
COMMAND: POST /session/ce18119c429c75dafb499373c9e41797/element/f.75ABCD62A5F27F9CE9C2BE5C52A034DE.d.B0A59B650FB0EB57484BCBB180FEDDCE.e.7753/value - {"text":"tags"}
COMMAND: GET /session/ce18119c429c75dafb499373c9e41797/screenshot - {}
RESULT: {"text":"tags"}
COMMAND: GET /session/ce18119c429c75dafb499373c9e41797/screenshot - {}
RESULT: {}
RESULT: {}
COMMAND: POST /session/ce18119c429c75dafb499373c9e41797/element - {"using":"xpath","value":"(//div[contains(@id ,\"selectMulti\")][@role=\"checkbox\"])[8]"}
RESULT: {"using":"xpath","value":"(//div[contains(@id ,\"selectMulti\")][@role=\"checkbox\"])[8]"}
COMMAND: POST /session/ce18119c429c75dafb499373c9e41797/element/f.75ABCD62A5F27F9CE9C2BE5C52A034DE.d.B0A59B650FB0EB57484BCBB180FEDDCE.e.7821/click - {}
RESULT: {}
COMMAND: GET /session/ce18119c429c75dafb499373c9e41797/screenshot - {}
RESULT: {}
COMMAND: POST /session/ce18119c429c75dafb499373c9e41797/element - {"using":"xpath","value":"//div[contains(@id ,\"searchField-reset\")]"}
RESULT: {"using":"xpath","value":"//div[contains(@id ,\"searchField-reset\")]"}
COMMAND: POST /session/ce18119c429c75dafb499373c9e41797/element - {"using":"xpath","value":"//input[contains(@id ,\"searchField-I\")]"}
RESULT: {"using":"xpath","value":"//input[contains(@id ,\"searchField-I\")]"}
COMMAND: POST /session/ce18119c429c75dafb499373c9e41797/element/f.75ABCD62A5F27F9CE9C2BE5C52A034DE.d.B0A59B650FB0EB57484BCBB180FEDDCE.e.7753/clear - {}
RESULT: {}
COMMAND: POST /session/ce18119c429c75dafb499373c9e41797/element/f.75ABCD62A5F27F9CE9C2BE5C52A034DE.d.B0A59B650FB0EB57484BCBB180FEDDCE.e.7753/value - {"text":"status"}
COMMAND: GET /session/ce18119c429c75dafb499373c9e41797/screenshot - {}
RESULT: {"text":"status"}
COMMAND: GET /session/ce18119c429c75dafb499373c9e41797/screenshot - {}
RESULT: {}
RESULT: {}
COMMAND: POST /session/ce18119c429c75dafb499373c9e41797/element - {"using":"xpath","value":"(//div[contains(@id ,\"selectMulti\")][@role=\"checkbox\"])[8]"}
RESULT: {"using":"xpath","value":"(//div[contains(@id ,\"selectMulti\")][@role=\"checkbox\"])[8]"}
COMMAND: POST /session/ce18119c429c75dafb499373c9e41797/element/f.75ABCD62A5F27F9CE9C2BE5C52A034DE.d.B0A59B650FB0EB57484BCBB180FEDDCE.e.7821/click - {}
RESULT: {}
COMMAND: GET /session/ce18119c429c75dafb499373c9e41797/screenshot - {}
RESULT: {}
COMMAND: POST /session/ce18119c429c75dafb499373c9e41797/element - {"using":"xpath","value":"//bdi[contains(@id ,\"confirmBtn-BDI-content\")]"}
RESULT: {"using":"xpath","value":"//bdi[contains(@id ,\"confirmBtn-BDI-content\")]"}
COMMAND: POST /session/ce18119c429c75dafb499373c9e41797/element/f.75ABCD62A5F27F9CE9C2BE5C52A034DE.d.B0A59B650FB0EB57484BCBB180FEDDCE.e.7844/click - {}
RESULT: {}
COMMAND: GET /session/ce18119c429c75dafb499373c9e41797/screenshot - {}
RESULT: {}
COMMAND: POST /session/ce18119c429c75dafb499373c9e41797/element - {"using":"xpath","value":"(//span[contains(text(), \"Status\")])[2]"}
RESULT: {"using":"xpath","value":"(//span[contains(text(), \"Status\")])[2]"}
COMMAND: POST /session/ce18119c429c75dafb499373c9e41797/element - {"using":"xpath","value":"(//span[contains(text(), \"Status\")])[2]"}
RESULT: {"using":"xpath","value":"(//span[contains(text(), \"Status\")])[2]"}
COMMAND: POST /session/ce18119c429c75dafb499373c9e41797/element - {"using":"xpath","value":"(//bdi[contains(text(), \"Tags\")])[2]"}
RESULT: {"using":"xpath","value":"(//bdi[contains(text(), \"Tags\")])[2]"}
COMMAND: POST /session/ce18119c429c75dafb499373c9e41797/execute/sync - {"script":"<script> [8489 bytes]","args":[{"element-6066-11e4-a52e-4f735466cecf":"f.75ABCD62A5F27F9CE9C2BE5C52A034DE.d.B0A59B650FB0EB57484BCBB180FEDDCE.e.7851","ELEMENT":"f.75ABCD62A5F27F9CE9C2BE5C52A034DE.d.B0A59B650FB0EB57484BCBB180FEDDCE.e.7851"}]}
RESULT: {"script":"<script> [8489 bytes]","args":[{"element-6066-11e4-a52e-4f735466cecf":"f.75ABCD62A5F27F9CE9C2BE5C52A034DE.d.B0A59B650FB0EB57484BCBB180FEDDCE.e.7851","ELEMENT":"f.75ABCD62A5F27F9CE9C2BE5C52A034DE.d.B0A59B650FB0EB57484BCBB180FEDDCE.e.7851"}]}
COMMAND: POST /session/ce18119c429c75dafb499373c9e41797/element - {"using":"xpath","value":"//span[contains(@title ,\"Remove\")]"}
COMMAND: GET /session/ce18119c429c75dafb499373c9e41797/screenshot - {}
RESULT: {"using":"xpath","value":"//span[contains(@title ,\"Remove\")]"}
COMMAND: POST /session/ce18119c429c75dafb499373c9e41797/element/f.75ABCD62A5F27F9CE9C2BE5C52A034DE.d.B0A59B650FB0EB57484BCBB180FEDDCE.e.7852/click - {}
RESULT: {}
RESULT: {}
COMMAND: GET /session/ce18119c429c75dafb499373c9e41797/screenshot - {}
RESULT: {}
]]></system-out>
    </testcase>
    <testcase classname="chrome.137_0_7151_69.windows._Webshop_-_Request_management_-_Verifying_the_Master_List_-_Filtering_/Sorting_-_Deleting_-_Creating_US151314" name="Should verify the delete button and the requestor filter visibility on each tab" time="19.002">
      <system-out><![CDATA[
COMMAND: POST /session/ce18119c429c75dafb499373c9e41797/element - {"using":"xpath","value":"//button[contains(@id ,\"btnDeleteRequest\")]"}
RESULT: {"using":"xpath","value":"//button[contains(@id ,\"btnDeleteRequest\")]"}
COMMAND: POST /session/ce18119c429c75dafb499373c9e41797/element - {"using":"xpath","value":"//bdi[contains(@id ,\"INTERNAL_-REQUESTOR-bdi\")]"}
RESULT: {"using":"xpath","value":"//bdi[contains(@id ,\"INTERNAL_-REQUESTOR-bdi\")]"}
COMMAND: POST /session/ce18119c429c75dafb499373c9e41797/element - {"using":"xpath","value":"//button[contains(@id ,\"btnDeleteRequest\")]"}
RESULT: {"using":"xpath","value":"//button[contains(@id ,\"btnDeleteRequest\")]"}
COMMAND: POST /session/ce18119c429c75dafb499373c9e41797/execute/sync - {"script":"<script> [8489 bytes]","args":[{"element-6066-11e4-a52e-4f735466cecf":"f.75ABCD62A5F27F9CE9C2BE5C52A034DE.d.B0A59B650FB0EB57484BCBB180FEDDCE.e.7875","ELEMENT":"f.75ABCD62A5F27F9CE9C2BE5C52A034DE.d.B0A59B650FB0EB57484BCBB180FEDDCE.e.7875"}]}
RESULT: {"script":"<script> [8489 bytes]","args":[{"element-6066-11e4-a52e-4f735466cecf":"f.75ABCD62A5F27F9CE9C2BE5C52A034DE.d.B0A59B650FB0EB57484BCBB180FEDDCE.e.7875","ELEMENT":"f.75ABCD62A5F27F9CE9C2BE5C52A034DE.d.B0A59B650FB0EB57484BCBB180FEDDCE.e.7875"}]}
COMMAND: GET /session/ce18119c429c75dafb499373c9e41797/screenshot - {}
RESULT: {}
COMMAND: POST /session/ce18119c429c75dafb499373c9e41797/element - {"using":"xpath","value":"(//span[contains(text(), \"Draft\")])[1]"}
RESULT: {"using":"xpath","value":"(//span[contains(text(), \"Draft\")])[1]"}
COMMAND: POST /session/ce18119c429c75dafb499373c9e41797/element/f.75ABCD62A5F27F9CE9C2BE5C52A034DE.d.B0A59B650FB0EB57484BCBB180FEDDCE.e.7878/click - {}
RESULT: {}
COMMAND: GET /session/ce18119c429c75dafb499373c9e41797/screenshot - {}
RESULT: {}
COMMAND: POST /session/ce18119c429c75dafb499373c9e41797/element - {"using":"xpath","value":"//button[contains(@id ,\"btnDeleteRequest\")]"}
RESULT: {"using":"xpath","value":"//button[contains(@id ,\"btnDeleteRequest\")]"}
COMMAND: POST /session/ce18119c429c75dafb499373c9e41797/execute/sync - {"script":"<script> [8489 bytes]","args":[{"element-6066-11e4-a52e-4f735466cecf":"f.75ABCD62A5F27F9CE9C2BE5C52A034DE.d.B0A59B650FB0EB57484BCBB180FEDDCE.e.7911","ELEMENT":"f.75ABCD62A5F27F9CE9C2BE5C52A034DE.d.B0A59B650FB0EB57484BCBB180FEDDCE.e.7911"}]}
RESULT: {"script":"<script> [8489 bytes]","args":[{"element-6066-11e4-a52e-4f735466cecf":"f.75ABCD62A5F27F9CE9C2BE5C52A034DE.d.B0A59B650FB0EB57484BCBB180FEDDCE.e.7911","ELEMENT":"f.75ABCD62A5F27F9CE9C2BE5C52A034DE.d.B0A59B650FB0EB57484BCBB180FEDDCE.e.7911"}]}
COMMAND: POST /session/ce18119c429c75dafb499373c9e41797/execute/sync - {"script":"<script> [8489 bytes]","args":[{"element-6066-11e4-a52e-4f735466cecf":"f.75ABCD62A5F27F9CE9C2BE5C52A034DE.d.B0A59B650FB0EB57484BCBB180FEDDCE.e.7875","ELEMENT":"f.75ABCD62A5F27F9CE9C2BE5C52A034DE.d.B0A59B650FB0EB57484BCBB180FEDDCE.e.7875"}]}
COMMAND: GET /session/ce18119c429c75dafb499373c9e41797/screenshot - {}
COMMAND: POST /session/ce18119c429c75dafb499373c9e41797/element - {"using":"xpath","value":"//bdi[contains(@id ,\"INTERNAL_-REQUESTOR-bdi\")]"}
RESULT: {}
RESULT: {"using":"xpath","value":"//bdi[contains(@id ,\"INTERNAL_-REQUESTOR-bdi\")]"}
COMMAND: POST /session/ce18119c429c75dafb499373c9e41797/element - {"using":"xpath","value":"//bdi[contains(@id ,\"INTERNAL_-REQUESTOR-bdi\")]"}
RESULT: {"using":"xpath","value":"//bdi[contains(@id ,\"INTERNAL_-REQUESTOR-bdi\")]"}
COMMAND: POST /session/ce18119c429c75dafb499373c9e41797/element - {"using":"xpath","value":"(//span[contains(text(), \"Proposal\")])[1]"}
RESULT: {"using":"xpath","value":"(//span[contains(text(), \"Proposal\")])[1]"}
COMMAND: POST /session/ce18119c429c75dafb499373c9e41797/element/f.75ABCD62A5F27F9CE9C2BE5C52A034DE.d.B0A59B650FB0EB57484BCBB180FEDDCE.e.7933/click - {}
RESULT: {}
COMMAND: GET /session/ce18119c429c75dafb499373c9e41797/screenshot - {}
RESULT: {}
COMMAND: POST /session/ce18119c429c75dafb499373c9e41797/execute/sync - {"script":"<script> [8489 bytes]","args":[{"element-6066-11e4-a52e-4f735466cecf":"f.75ABCD62A5F27F9CE9C2BE5C52A034DE.d.B0A59B650FB0EB57484BCBB180FEDDCE.e.7911","ELEMENT":"f.75ABCD62A5F27F9CE9C2BE5C52A034DE.d.B0A59B650FB0EB57484BCBB180FEDDCE.e.7911"}]}
RESULT: {"script":"<script> [8489 bytes]","args":[{"element-6066-11e4-a52e-4f735466cecf":"f.75ABCD62A5F27F9CE9C2BE5C52A034DE.d.B0A59B650FB0EB57484BCBB180FEDDCE.e.7911","ELEMENT":"f.75ABCD62A5F27F9CE9C2BE5C52A034DE.d.B0A59B650FB0EB57484BCBB180FEDDCE.e.7911"}]}
COMMAND: POST /session/ce18119c429c75dafb499373c9e41797/element - {"using":"xpath","value":"//bdi[contains(@id ,\"INTERNAL_-REQUESTOR-bdi\")]"}
COMMAND: GET /session/ce18119c429c75dafb499373c9e41797/screenshot - {}
RESULT: {"using":"xpath","value":"//bdi[contains(@id ,\"INTERNAL_-REQUESTOR-bdi\")]"}
COMMAND: POST /session/ce18119c429c75dafb499373c9e41797/execute/sync - {"script":"<script> [8489 bytes]","args":[{"element-6066-11e4-a52e-4f735466cecf":"f.75ABCD62A5F27F9CE9C2BE5C52A034DE.d.B0A59B650FB0EB57484BCBB180FEDDCE.e.7969","ELEMENT":"f.75ABCD62A5F27F9CE9C2BE5C52A034DE.d.B0A59B650FB0EB57484BCBB180FEDDCE.e.7969"}]}
RESULT: {}
RESULT: {"script":"<script> [8489 bytes]","args":[{"element-6066-11e4-a52e-4f735466cecf":"f.75ABCD62A5F27F9CE9C2BE5C52A034DE.d.B0A59B650FB0EB57484BCBB180FEDDCE.e.7969","ELEMENT":"f.75ABCD62A5F27F9CE9C2BE5C52A034DE.d.B0A59B650FB0EB57484BCBB180FEDDCE.e.7969"}]}
COMMAND: POST /session/ce18119c429c75dafb499373c9e41797/element - {"using":"xpath","value":"(//span[contains(text(), \"Open\")])[1]"}
COMMAND: GET /session/ce18119c429c75dafb499373c9e41797/screenshot - {}
RESULT: {"using":"xpath","value":"(//span[contains(text(), \"Open\")])[1]"}
COMMAND: POST /session/ce18119c429c75dafb499373c9e41797/element/f.75ABCD62A5F27F9CE9C2BE5C52A034DE.d.B0A59B650FB0EB57484BCBB180FEDDCE.e.7970/click - {}
RESULT: {}
RESULT: {}
COMMAND: GET /session/ce18119c429c75dafb499373c9e41797/screenshot - {}
RESULT: {}
COMMAND: POST /session/ce18119c429c75dafb499373c9e41797/execute/sync - {"script":"<script> [8489 bytes]","args":[{"element-6066-11e4-a52e-4f735466cecf":"f.75ABCD62A5F27F9CE9C2BE5C52A034DE.d.B0A59B650FB0EB57484BCBB180FEDDCE.e.7911","ELEMENT":"f.75ABCD62A5F27F9CE9C2BE5C52A034DE.d.B0A59B650FB0EB57484BCBB180FEDDCE.e.7911"}]}
COMMAND: POST /session/ce18119c429c75dafb499373c9e41797/element - {"using":"xpath","value":"//button[contains(@id ,\"btnDeleteRequest\")]"}
RESULT: {"using":"xpath","value":"//button[contains(@id ,\"btnDeleteRequest\")]"}
COMMAND: POST /session/ce18119c429c75dafb499373c9e41797/element - {"using":"xpath","value":"//button[contains(@id ,\"btnDeleteRequest\")]"}
RESULT: {"using":"xpath","value":"//button[contains(@id ,\"btnDeleteRequest\")]"}
COMMAND: POST /session/ce18119c429c75dafb499373c9e41797/execute/sync - {"script":"<script> [8489 bytes]","args":[{"element-6066-11e4-a52e-4f735466cecf":"f.75ABCD62A5F27F9CE9C2BE5C52A034DE.d.B0A59B650FB0EB57484BCBB180FEDDCE.e.7969","ELEMENT":"f.75ABCD62A5F27F9CE9C2BE5C52A034DE.d.B0A59B650FB0EB57484BCBB180FEDDCE.e.7969"}]}
RESULT: {"script":"<script> [8489 bytes]","args":[{"element-6066-11e4-a52e-4f735466cecf":"f.75ABCD62A5F27F9CE9C2BE5C52A034DE.d.B0A59B650FB0EB57484BCBB180FEDDCE.e.7969","ELEMENT":"f.75ABCD62A5F27F9CE9C2BE5C52A034DE.d.B0A59B650FB0EB57484BCBB180FEDDCE.e.7969"}]}
COMMAND: POST /session/ce18119c429c75dafb499373c9e41797/element - {"using":"xpath","value":"//li[contains(@data-kt ,\"exitWebshopNavigationListItem\")]"}
COMMAND: GET /session/ce18119c429c75dafb499373c9e41797/screenshot - {}
RESULT: {"using":"xpath","value":"//li[contains(@data-kt ,\"exitWebshopNavigationListItem\")]"}
COMMAND: POST /session/ce18119c429c75dafb499373c9e41797/element/f.75ABCD62A5F27F9CE9C2BE5C52A034DE.d.B0A59B650FB0EB57484BCBB180FEDDCE.e.7979/click - {}
RESULT: {}
RESULT: {}
COMMAND: GET /session/ce18119c429c75dafb499373c9e41797/screenshot - {}
RESULT: {}
]]></system-out>
    </testcase>
  </testsuite>
  <testsuite timestamp="2025-06-13T16:36:52" time="292.944" tests="1" failures="0" errors="0" skipped="0">
    <properties>
      <property name="specId" value="0"/>
      <property name="suiteName" value="Webshop edit draft change dates pickup and delete items  US151281"/>
      <property name="capabilities" value="chrome.137_0_7151_69.windows"/>
      <property name="file" value="file:///D:/a/1/s/test/specs/R2C/webshop-edit-draft-dates-pickup-delete-items.spec.js"/>
    </properties>
    <testcase classname="chrome.137_0_7151_69.windows.Webshop_edit_draft_change_dates_pickup_and_delete_items__US151281" name="Should create a new draft and add the catalog items" time="292.94">
      <system-out><![CDATA[
RESULT: undefined
COMMAND: POST /session/ce18119c429c75dafb499373c9e41797/element - {"using":"xpath","value":"//*[@id=\"__tile51\"]"}
RESULT: {"using":"xpath","value":"//*[@id=\"__tile51\"]"}
COMMAND: POST /session/ce18119c429c75dafb499373c9e41797/element/f.75ABCD62A5F27F9CE9C2BE5C52A034DE.d.B0A59B650FB0EB57484BCBB180FEDDCE.e.7344/click - {}
RESULT: {}
COMMAND: GET /session/ce18119c429c75dafb499373c9e41797/screenshot - {}
RESULT: {}
COMMAND: POST /session/ce18119c429c75dafb499373c9e41797/elements - {"using":"xpath","value":"//span[text()='Error']"}
RESULT: {"using":"xpath","value":"//span[text()='Error']"}
COMMAND: POST /session/ce18119c429c75dafb499373c9e41797/element - {"using":"css selector","value":"#requestCreationDialog--createRequestPopUp-title-inner"}
RESULT: {"using":"css selector","value":"#requestCreationDialog--createRequestPopUp-title-inner"}
COMMAND: POST /session/ce18119c429c75dafb499373c9e41797/execute/sync - {"script":"<script> [8489 bytes]","args":[{"element-6066-11e4-a52e-4f735466cecf":"f.75ABCD62A5F27F9CE9C2BE5C52A034DE.d.B0A59B650FB0EB57484BCBB180FEDDCE.e.8039","ELEMENT":"f.75ABCD62A5F27F9CE9C2BE5C52A034DE.d.B0A59B650FB0EB57484BCBB180FEDDCE.e.8039"}]}
RESULT: {"script":"<script> [8489 bytes]","args":[{"element-6066-11e4-a52e-4f735466cecf":"f.75ABCD62A5F27F9CE9C2BE5C52A034DE.d.B0A59B650FB0EB57484BCBB180FEDDCE.e.8039","ELEMENT":"f.75ABCD62A5F27F9CE9C2BE5C52A034DE.d.B0A59B650FB0EB57484BCBB180FEDDCE.e.8039"}]}
COMMAND: GET /session/ce18119c429c75dafb499373c9e41797/element/f.75ABCD62A5F27F9CE9C2BE5C52A034DE.d.B0A59B650FB0EB57484BCBB180FEDDCE.e.8039/enabled - {}
COMMAND: GET /session/ce18119c429c75dafb499373c9e41797/screenshot - {}
RESULT: {}
COMMAND: POST /session/ce18119c429c75dafb499373c9e41797/execute/async - {"script":"<script> [1562 bytes]","args":[{"selector":{"id":"requestCreationDialog--requestName","searchOpenDialogs":true,"interaction":{"idSuffix":"inner"}},"wdio_ui5_key":"requestCreationDialogrequestName"}]}
COMMAND: GET /session/ce18119c429c75dafb499373c9e41797/screenshot - {}
RESULT: {}
RESULT: {"script":"<script> [1562 bytes]","args":[{"selector":{"id":"requestCreationDialog--requestName","searchOpenDialogs":true,"interaction":{"idSuffix":"inner"}},"wdio_ui5_key":"requestCreationDialogrequestName"}]}
RESULT: undefined
COMMAND: POST /session/ce18119c429c75dafb499373c9e41797/execute/async - {"script":"<script> [776 bytes]","args":[{"enterText":"WebdriverTest","selector":{"id":"requestCreationDialog--requestName","searchOpenDialogs":true,"interaction":{"idSuffix":"inner"}},"clearTextFirst":true,"interactionType":"ENTER_TEXT"}]}
RESULT: {}
RESULT: {"script":"<script> [776 bytes]","args":[{"enterText":"WebdriverTest","selector":{"id":"requestCreationDialog--requestName","searchOpenDialogs":true,"interaction":{"idSuffix":"inner"}},"clearTextFirst":true,"interactionType":"ENTER_TEXT"}]}
COMMAND: POST /session/ce18119c429c75dafb499373c9e41797/element - {"using":"xpath","value":"//input[contains(@id ,\"requestCreationDialog--contract-inner\")]"}
RESULT: {"using":"xpath","value":"//input[contains(@id ,\"requestCreationDialog--contract-inner\")]"}
COMMAND: POST /session/ce18119c429c75dafb499373c9e41797/element/f.75ABCD62A5F27F9CE9C2BE5C52A034DE.d.B0A59B650FB0EB57484BCBB180FEDDCE.e.8025/clear - {}
RESULT: {}
COMMAND: POST /session/ce18119c429c75dafb499373c9e41797/element/f.75ABCD62A5F27F9CE9C2BE5C52A034DE.d.B0A59B650FB0EB57484BCBB180FEDDCE.e.8025/value - {"text":"10168"}
COMMAND: GET /session/ce18119c429c75dafb499373c9e41797/screenshot - {}
RESULT: {"text":"10168"}
COMMAND: GET /session/ce18119c429c75dafb499373c9e41797/screenshot - {}
RESULT: {}
RESULT: {}
COMMAND: POST /session/ce18119c429c75dafb499373c9e41797/actions - {"actions":[{"id":"action16","type":"key","parameters":{},"actions":[{"type":"keyDown","value":""},{"type":"pause","duration":10},{"type":"keyUp","value":""}]}]}
RESULT: {"actions":[{"id":"action16","type":"key","parameters":{},"actions":[{"type":"keyDown","value":""},{"type":"pause","duration":10},{"type":"keyUp","value":""}]}]}
COMMAND: GET /session/ce18119c429c75dafb499373c9e41797/screenshot - {}
RESULT: {}
COMMAND: POST /session/ce18119c429c75dafb499373c9e41797/element - {"using":"xpath","value":"//input[contains(@id ,\"requestCreationDialog--contract-inner\")]"}
RESULT: {"using":"xpath","value":"//input[contains(@id ,\"requestCreationDialog--contract-inner\")]"}
COMMAND: GET /session/ce18119c429c75dafb499373c9e41797/element/f.75ABCD62A5F27F9CE9C2BE5C52A034DE.d.B0A59B650FB0EB57484BCBB180FEDDCE.e.8025/property/value - {}
RESULT: {}
COMMAND: POST /session/ce18119c429c75dafb499373c9e41797/element - {"using":"xpath","value":"//input[contains(@id ,\"requestCreationDialog--contract-inner\")]"}
COMMAND: GET /session/ce18119c429c75dafb499373c9e41797/screenshot - {}
RESULT: {"using":"xpath","value":"//input[contains(@id ,\"requestCreationDialog--contract-inner\")]"}
COMMAND: POST /session/ce18119c429c75dafb499373c9e41797/execute/async - {"script":"<script> [1562 bytes]","args":[{"selector":{"id":"requestCreationDialog--okButton","searchOpenDialogs":true,"interaction":{"idSuffix":"BDI-content"}},"wdio_ui5_key":"requestCreationDialogokButton"}]}
RESULT: {}
RESULT: {"script":"<script> [1562 bytes]","args":[{"selector":{"id":"requestCreationDialog--okButton","searchOpenDialogs":true,"interaction":{"idSuffix":"BDI-content"}},"wdio_ui5_key":"requestCreationDialogokButton"}]}
RESULT: undefined
COMMAND: POST /session/ce18119c429c75dafb499373c9e41797/element - {"using":"xpath","value":"//*[@id=\"requestCreationDialog--okButton\"]"}
RESULT: {"using":"xpath","value":"//*[@id=\"requestCreationDialog--okButton\"]"}
COMMAND: POST /session/ce18119c429c75dafb499373c9e41797/element/f.75ABCD62A5F27F9CE9C2BE5C52A034DE.d.B0A59B650FB0EB57484BCBB180FEDDCE.e.8049/click - {}
RESULT: {}
COMMAND: GET /session/ce18119c429c75dafb499373c9e41797/screenshot - {}
RESULT: {}
COMMAND: POST /session/ce18119c429c75dafb499373c9e41797/element - {"using":"xpath","value":"//input[contains(@id ,\"searchFiledId-I\")]"}
RESULT: {"using":"xpath","value":"//input[contains(@id ,\"searchFiledId-I\")]"}
COMMAND: POST /session/ce18119c429c75dafb499373c9e41797/element/f.75ABCD62A5F27F9CE9C2BE5C52A034DE.d.B0A59B650FB0EB57484BCBB180FEDDCE.e.7986/value - {"text":"Dri-Prime CD150M Diesel Pump"}
RESULT: {"text":"Dri-Prime CD150M Diesel Pump"}
COMMAND: POST /session/ce18119c429c75dafb499373c9e41797/actions - {"actions":[{"id":"action17","type":"key","parameters":{},"actions":[{"type":"keyDown","value":""},{"type":"pause","duration":10},{"type":"keyUp","value":""}]}]}
COMMAND: GET /session/ce18119c429c75dafb499373c9e41797/screenshot - {}
RESULT: {"actions":[{"id":"action17","type":"key","parameters":{},"actions":[{"type":"keyDown","value":""},{"type":"pause","duration":10},{"type":"keyUp","value":""}]}]}
COMMAND: GET /session/ce18119c429c75dafb499373c9e41797/screenshot - {}
RESULT: {}
RESULT: {}
COMMAND: POST /session/ce18119c429c75dafb499373c9e41797/element - {"using":"xpath","value":"//span[contains(@id ,\"subTitle\")][contains(text(), \"Dri-Prime CD150M Diesel Pump\")]"}
RESULT: {"using":"xpath","value":"//span[contains(@id ,\"subTitle\")][contains(text(), \"Dri-Prime CD150M Diesel Pump\")]"}
COMMAND: POST /session/ce18119c429c75dafb499373c9e41797/element/f.75ABCD62A5F27F9CE9C2BE5C52A034DE.d.B0A59B650FB0EB57484BCBB180FEDDCE.e.8055/click - {}
RESULT: {}
COMMAND: GET /session/ce18119c429c75dafb499373c9e41797/screenshot - {}
RESULT: {}
COMMAND: POST /session/ce18119c429c75dafb499373c9e41797/element - {"using":"xpath","value":"//bdi[contains(text(), \"Add to Request\")]"}
RESULT: {"using":"xpath","value":"//bdi[contains(text(), \"Add to Request\")]"}
COMMAND: POST /session/ce18119c429c75dafb499373c9e41797/element/f.75ABCD62A5F27F9CE9C2BE5C52A034DE.d.B0A59B650FB0EB57484BCBB180FEDDCE.e.8069/click - {}
RESULT: {}
COMMAND: GET /session/ce18119c429c75dafb499373c9e41797/screenshot - {}
RESULT: {}
COMMAND: POST /session/ce18119c429c75dafb499373c9e41797/element/f.75ABCD62A5F27F9CE9C2BE5C52A034DE.d.B0A59B650FB0EB57484BCBB180FEDDCE.e.8069/click - {}
RESULT: {}
COMMAND: GET /session/ce18119c429c75dafb499373c9e41797/screenshot - {}
RESULT: {}
COMMAND: POST /session/ce18119c429c75dafb499373c9e41797/element - {"using":"xpath","value":"//*[contains(@id ,\"activeCartId-BDI-content\")]"}
RESULT: {"using":"xpath","value":"//*[contains(@id ,\"activeCartId-BDI-content\")]"}
COMMAND: POST /session/ce18119c429c75dafb499373c9e41797/element/f.75ABCD62A5F27F9CE9C2BE5C52A034DE.d.B0A59B650FB0EB57484BCBB180FEDDCE.e.8077/click - {}
RESULT: {}
COMMAND: GET /session/ce18119c429c75dafb499373c9e41797/screenshot - {}
RESULT: {}
COMMAND: POST /session/ce18119c429c75dafb499373c9e41797/element - {"using":"xpath","value":"//bdi[contains(text(), \"Check out my request\")]"}
RESULT: {"using":"xpath","value":"//bdi[contains(text(), \"Check out my request\")]"}
COMMAND: POST /session/ce18119c429c75dafb499373c9e41797/element/f.75ABCD62A5F27F9CE9C2BE5C52A034DE.d.B0A59B650FB0EB57484BCBB180FEDDCE.e.8079/click - {}
RESULT: {}
COMMAND: GET /session/ce18119c429c75dafb499373c9e41797/screenshot - {}
RESULT: {}
COMMAND: POST /session/ce18119c429c75dafb499373c9e41797/element - {"using":"xpath","value":"(//div[contains(@data-kt ,\"characteristicsObjectStatus\")])[1]"}
RESULT: {"using":"xpath","value":"(//div[contains(@data-kt ,\"characteristicsObjectStatus\")])[1]"}
COMMAND: POST /session/ce18119c429c75dafb499373c9e41797/element/f.75ABCD62A5F27F9CE9C2BE5C52A034DE.d.B0A59B650FB0EB57484BCBB180FEDDCE.e.8135/click - {}
RESULT: {}
COMMAND: GET /session/ce18119c429c75dafb499373c9e41797/screenshot - {}
RESULT: {}
COMMAND: POST /session/ce18119c429c75dafb499373c9e41797/element - {"using":"xpath","value":"//input[contains(@id ,\"costObjectAdminTypeComboBox-inner\")]"}
RESULT: {"using":"xpath","value":"//input[contains(@id ,\"costObjectAdminTypeComboBox-inner\")]"}
COMMAND: POST /session/ce18119c429c75dafb499373c9e41797/element/f.75ABCD62A5F27F9CE9C2BE5C52A034DE.d.B0A59B650FB0EB57484BCBB180FEDDCE.e.8137/clear - {}
RESULT: {}
COMMAND: POST /session/ce18119c429c75dafb499373c9e41797/element/f.75ABCD62A5F27F9CE9C2BE5C52A034DE.d.B0A59B650FB0EB57484BCBB180FEDDCE.e.8137/value - {"text":"Cost Center"}
COMMAND: GET /session/ce18119c429c75dafb499373c9e41797/screenshot - {}
RESULT: {"text":"Cost Center"}
COMMAND: GET /session/ce18119c429c75dafb499373c9e41797/screenshot - {}
RESULT: {}
RESULT: {}
COMMAND: POST /session/ce18119c429c75dafb499373c9e41797/actions - {"actions":[{"id":"action18","type":"key","parameters":{},"actions":[{"type":"keyDown","value":""},{"type":"pause","duration":10},{"type":"keyUp","value":""}]}]}
RESULT: {"actions":[{"id":"action18","type":"key","parameters":{},"actions":[{"type":"keyDown","value":""},{"type":"pause","duration":10},{"type":"keyUp","value":""}]}]}
COMMAND: GET /session/ce18119c429c75dafb499373c9e41797/screenshot - {}
RESULT: {}
COMMAND: POST /session/ce18119c429c75dafb499373c9e41797/element - {"using":"xpath","value":"//input[contains(@id ,\"costObjectIdComboBox-inner\")]"}
RESULT: {"using":"xpath","value":"//input[contains(@id ,\"costObjectIdComboBox-inner\")]"}
COMMAND: POST /session/ce18119c429c75dafb499373c9e41797/element/f.75ABCD62A5F27F9CE9C2BE5C52A034DE.d.B0A59B650FB0EB57484BCBB180FEDDCE.e.8147/clear - {}
RESULT: {}
COMMAND: POST /session/ce18119c429c75dafb499373c9e41797/element/f.75ABCD62A5F27F9CE9C2BE5C52A034DE.d.B0A59B650FB0EB57484BCBB180FEDDCE.e.8147/value - {"text":"Vigra"}
COMMAND: GET /session/ce18119c429c75dafb499373c9e41797/screenshot - {}
RESULT: {"text":"Vigra"}
COMMAND: GET /session/ce18119c429c75dafb499373c9e41797/screenshot - {}
RESULT: {}
RESULT: {}
COMMAND: POST /session/ce18119c429c75dafb499373c9e41797/actions - {"actions":[{"id":"action19","type":"key","parameters":{},"actions":[{"type":"keyDown","value":""},{"type":"pause","duration":10},{"type":"keyUp","value":""}]}]}
RESULT: {"actions":[{"id":"action19","type":"key","parameters":{},"actions":[{"type":"keyDown","value":""},{"type":"pause","duration":10},{"type":"keyUp","value":""}]}]}
COMMAND: GET /session/ce18119c429c75dafb499373c9e41797/screenshot - {}
RESULT: {}
COMMAND: POST /session/ce18119c429c75dafb499373c9e41797/element - {"using":"xpath","value":"//bdi[contains(text(), \"Save\")]"}
RESULT: {"using":"xpath","value":"//bdi[contains(text(), \"Save\")]"}
COMMAND: POST /session/ce18119c429c75dafb499373c9e41797/element/f.75ABCD62A5F27F9CE9C2BE5C52A034DE.d.B0A59B650FB0EB57484BCBB180FEDDCE.e.8152/click - {}
RESULT: {}
COMMAND: GET /session/ce18119c429c75dafb499373c9e41797/screenshot - {}
RESULT: {}
COMMAND: POST /session/ce18119c429c75dafb499373c9e41797/element - {"using":"xpath","value":"(//div[contains(@data-kt ,\"characteristicsObjectStatus\")])[2]"}
RESULT: {"using":"xpath","value":"(//div[contains(@data-kt ,\"characteristicsObjectStatus\")])[2]"}
COMMAND: POST /session/ce18119c429c75dafb499373c9e41797/element/f.75ABCD62A5F27F9CE9C2BE5C52A034DE.d.B0A59B650FB0EB57484BCBB180FEDDCE.e.8172/click - {}
RESULT: {}
COMMAND: GET /session/ce18119c429c75dafb499373c9e41797/screenshot - {}
RESULT: {}
COMMAND: POST /session/ce18119c429c75dafb499373c9e41797/element - {"using":"xpath","value":"//input[contains(@id ,\"costObjectAdminTypeComboBox-inner\")]"}
RESULT: {"using":"xpath","value":"//input[contains(@id ,\"costObjectAdminTypeComboBox-inner\")]"}
COMMAND: POST /session/ce18119c429c75dafb499373c9e41797/element/f.75ABCD62A5F27F9CE9C2BE5C52A034DE.d.B0A59B650FB0EB57484BCBB180FEDDCE.e.8173/clear - {}
RESULT: {}
COMMAND: POST /session/ce18119c429c75dafb499373c9e41797/element/f.75ABCD62A5F27F9CE9C2BE5C52A034DE.d.B0A59B650FB0EB57484BCBB180FEDDCE.e.8173/value - {"text":"Cost Center"}
COMMAND: GET /session/ce18119c429c75dafb499373c9e41797/screenshot - {}
RESULT: {"text":"Cost Center"}
COMMAND: GET /session/ce18119c429c75dafb499373c9e41797/screenshot - {}
RESULT: {}
RESULT: {}
COMMAND: POST /session/ce18119c429c75dafb499373c9e41797/actions - {"actions":[{"id":"action20","type":"key","parameters":{},"actions":[{"type":"keyDown","value":""},{"type":"pause","duration":10},{"type":"keyUp","value":""}]}]}
RESULT: {"actions":[{"id":"action20","type":"key","parameters":{},"actions":[{"type":"keyDown","value":""},{"type":"pause","duration":10},{"type":"keyUp","value":""}]}]}
COMMAND: GET /session/ce18119c429c75dafb499373c9e41797/screenshot - {}
RESULT: {}
COMMAND: POST /session/ce18119c429c75dafb499373c9e41797/element - {"using":"xpath","value":"//input[contains(@id ,\"costObjectIdComboBox-inner\")]"}
RESULT: {"using":"xpath","value":"//input[contains(@id ,\"costObjectIdComboBox-inner\")]"}
COMMAND: POST /session/ce18119c429c75dafb499373c9e41797/element/f.75ABCD62A5F27F9CE9C2BE5C52A034DE.d.B0A59B650FB0EB57484BCBB180FEDDCE.e.8183/clear - {}
RESULT: {}
COMMAND: POST /session/ce18119c429c75dafb499373c9e41797/element/f.75ABCD62A5F27F9CE9C2BE5C52A034DE.d.B0A59B650FB0EB57484BCBB180FEDDCE.e.8183/value - {"text":"Vigra"}
COMMAND: GET /session/ce18119c429c75dafb499373c9e41797/screenshot - {}
RESULT: {"text":"Vigra"}
COMMAND: GET /session/ce18119c429c75dafb499373c9e41797/screenshot - {}
RESULT: {}
RESULT: {}
COMMAND: POST /session/ce18119c429c75dafb499373c9e41797/actions - {"actions":[{"id":"action21","type":"key","parameters":{},"actions":[{"type":"keyDown","value":""},{"type":"pause","duration":10},{"type":"keyUp","value":""}]}]}
RESULT: {"actions":[{"id":"action21","type":"key","parameters":{},"actions":[{"type":"keyDown","value":""},{"type":"pause","duration":10},{"type":"keyUp","value":""}]}]}
COMMAND: GET /session/ce18119c429c75dafb499373c9e41797/screenshot - {}
RESULT: {}
COMMAND: POST /session/ce18119c429c75dafb499373c9e41797/element - {"using":"xpath","value":"//bdi[contains(text(), \"Save\")]"}
RESULT: {"using":"xpath","value":"//bdi[contains(text(), \"Save\")]"}
COMMAND: POST /session/ce18119c429c75dafb499373c9e41797/element/f.75ABCD62A5F27F9CE9C2BE5C52A034DE.d.B0A59B650FB0EB57484BCBB180FEDDCE.e.8188/click - {}
RESULT: {}
COMMAND: GET /session/ce18119c429c75dafb499373c9e41797/screenshot - {}
RESULT: {}
COMMAND: POST /session/ce18119c429c75dafb499373c9e41797/element - {"using":"xpath","value":"(//header/div[1]/div[3]/div/span)[1]"}
RESULT: {"using":"xpath","value":"(//header/div[1]/div[3]/div/span)[1]"}
COMMAND: POST /session/ce18119c429c75dafb499373c9e41797/execute/sync - {"script":"<script> [149 bytes]","args":[{"element-6066-11e4-a52e-4f735466cecf":"f.75ABCD62A5F27F9CE9C2BE5C52A034DE.d.B0A59B650FB0EB57484BCBB180FEDDCE.e.8208","ELEMENT":"f.75ABCD62A5F27F9CE9C2BE5C52A034DE.d.B0A59B650FB0EB57484BCBB180FEDDCE.e.8208"},false]}
RESULT: {"script":"<script> [149 bytes]","args":[{"element-6066-11e4-a52e-4f735466cecf":"f.75ABCD62A5F27F9CE9C2BE5C52A034DE.d.B0A59B650FB0EB57484BCBB180FEDDCE.e.8208","ELEMENT":"f.75ABCD62A5F27F9CE9C2BE5C52A034DE.d.B0A59B650FB0EB57484BCBB180FEDDCE.e.8208"},false]}
COMMAND: POST /session/ce18119c429c75dafb499373c9e41797/execute/async - {"script":"<script> [1562 bytes]","args":[{"selector":{"id":"pickUpSwitchHeader","viewName":"etm.portal.ui.webshop.view.RequestDetail","interaction":{"idSuffix":"textoff"}},"wdio_ui5_key":"pickUpSwitchHeaderetmportal.ui.webshop.view.RequestDetail"}]}
COMMAND: GET /session/ce18119c429c75dafb499373c9e41797/screenshot - {}
RESULT: {"script":"<script> [1562 bytes]","args":[{"selector":{"id":"pickUpSwitchHeader","viewName":"etm.portal.ui.webshop.view.RequestDetail","interaction":{"idSuffix":"textoff"}},"wdio_ui5_key":"pickUpSwitchHeaderetmportal.ui.webshop.view.RequestDetail"}]}
RESULT: undefined
COMMAND: POST /session/ce18119c429c75dafb499373c9e41797/element - {"using":"xpath","value":"//*[@id=\"__xmlview62--pickUpSwitchHeader\"]"}
RESULT: {}
RESULT: {"using":"xpath","value":"//*[@id=\"__xmlview62--pickUpSwitchHeader\"]"}
COMMAND: POST /session/ce18119c429c75dafb499373c9e41797/element/f.75ABCD62A5F27F9CE9C2BE5C52A034DE.d.B0A59B650FB0EB57484BCBB180FEDDCE.e.8210/click - {}
RESULT: {}
COMMAND: GET /session/ce18119c429c75dafb499373c9e41797/screenshot - {}
RESULT: {}
COMMAND: POST /session/ce18119c429c75dafb499373c9e41797/execute/async - {"script":"<script> [1562 bytes]","args":[{"selector":{"controlType":"sap.m.Button","viewName":"etm.portal.ui.webshop.view.RequestDetail","bindingPath":{"path":"/RequestItems(REQUEST='20081',ITEM=10m)","propertyPath":"STATUS"}},"wdio_ui5_key":"etmportal.ui.webshop.view.RequestDetailsap.m.Button{\"path\":\"/RequestItems(REQUEST='20081',ITEM=10m)\",\"propertyPath\":\"STATUS\"}"}]}
RESULT: {"script":"<script> [1562 bytes]","args":[{"selector":{"controlType":"sap.m.Button","viewName":"etm.portal.ui.webshop.view.RequestDetail","bindingPath":{"path":"/RequestItems(REQUEST='20081',ITEM=10m)","propertyPath":"STATUS"}},"wdio_ui5_key":"etmportal.ui.webshop.view.RequestDetailsap.m.Button{\"path\":\"/RequestItems(REQUEST='20081',ITEM=10m)\",\"propertyPath\":\"STATUS\"}"}]}
RESULT: undefined
COMMAND: POST /session/ce18119c429c75dafb499373c9e41797/execute/async - {"script":"<script> [6424 bytes]","args":[{"element-6066-11e4-a52e-4f735466cecf":"f.75ABCD62A5F27F9CE9C2BE5C52A034DE.d.B0A59B650FB0EB57484BCBB180FEDDCE.e.8095"},"getType",[]]}
RESULT: {"script":"<script> [6424 bytes]","args":[{"element-6066-11e4-a52e-4f735466cecf":"f.75ABCD62A5F27F9CE9C2BE5C52A034DE.d.B0A59B650FB0EB57484BCBB180FEDDCE.e.8095"},"getType",[]]}
COMMAND: POST /session/ce18119c429c75dafb499373c9e41797/execute/async - {"script":"<script> [1562 bytes]","args":[{"selector":{"controlType":"sap.m.Button","viewName":"etm.portal.ui.webshop.view.RequestDetail","bindingPath":{"path":"/RequestItems(REQUEST='20081',ITEM=20m)","propertyPath":"STATUS"}},"wdio_ui5_key":"etmportal.ui.webshop.view.RequestDetailsap.m.Button{\"path\":\"/RequestItems(REQUEST='20081',ITEM=20m)\",\"propertyPath\":\"STATUS\"}"}]}
RESULT: {"script":"<script> [1562 bytes]","args":[{"selector":{"controlType":"sap.m.Button","viewName":"etm.portal.ui.webshop.view.RequestDetail","bindingPath":{"path":"/RequestItems(REQUEST='20081',ITEM=20m)","propertyPath":"STATUS"}},"wdio_ui5_key":"etmportal.ui.webshop.view.RequestDetailsap.m.Button{\"path\":\"/RequestItems(REQUEST='20081',ITEM=20m)\",\"propertyPath\":\"STATUS\"}"}]}
RESULT: undefined
COMMAND: POST /session/ce18119c429c75dafb499373c9e41797/execute/async - {"script":"<script> [6424 bytes]","args":[{"element-6066-11e4-a52e-4f735466cecf":"f.75ABCD62A5F27F9CE9C2BE5C52A034DE.d.B0A59B650FB0EB57484BCBB180FEDDCE.e.8214"},"getType",[]]}
RESULT: {"script":"<script> [6424 bytes]","args":[{"element-6066-11e4-a52e-4f735466cecf":"f.75ABCD62A5F27F9CE9C2BE5C52A034DE.d.B0A59B650FB0EB57484BCBB180FEDDCE.e.8214"},"getType",[]]}
RESULT: undefined
COMMAND: POST /session/ce18119c429c75dafb499373c9e41797/element - {"using":"xpath","value":"//*[@id=\"__xmlview62--pickUpItemButton-__clone6262\"]"}
RESULT: {"using":"xpath","value":"//*[@id=\"__xmlview62--pickUpItemButton-__clone6262\"]"}
COMMAND: POST /session/ce18119c429c75dafb499373c9e41797/element/f.75ABCD62A5F27F9CE9C2BE5C52A034DE.d.B0A59B650FB0EB57484BCBB180FEDDCE.e.8095/click - {}
RESULT: {}
COMMAND: GET /session/ce18119c429c75dafb499373c9e41797/screenshot - {}
RESULT: {}
COMMAND: POST /session/ce18119c429c75dafb499373c9e41797/element - {"using":"xpath","value":"//span[contains(@class ,\"sapMBtnInner sapMBtnHoverable sapMFocusable sapMBtnText sapMBtnDefault\")][contains(@id ,\"pickUpItemButton\")]"}
RESULT: {"using":"xpath","value":"//span[contains(@class ,\"sapMBtnInner sapMBtnHoverable sapMFocusable sapMBtnText sapMBtnDefault\")][contains(@id ,\"pickUpItemButton\")]"}
COMMAND: POST /session/ce18119c429c75dafb499373c9e41797/execute/sync - {"script":"<script> [8489 bytes]","args":[{"element-6066-11e4-a52e-4f735466cecf":"f.75ABCD62A5F27F9CE9C2BE5C52A034DE.d.B0A59B650FB0EB57484BCBB180FEDDCE.e.8215","ELEMENT":"f.75ABCD62A5F27F9CE9C2BE5C52A034DE.d.B0A59B650FB0EB57484BCBB180FEDDCE.e.8215"}]}
RESULT: undefined
COMMAND: POST /session/ce18119c429c75dafb499373c9e41797/execute/async - {"script":"<script> [6424 bytes]","args":[{"element-6066-11e4-a52e-4f735466cecf":"f.75ABCD62A5F27F9CE9C2BE5C52A034DE.d.B0A59B650FB0EB57484BCBB180FEDDCE.e.8209"},"getState",[]]}
RESULT: {"script":"<script> [6424 bytes]","args":[{"element-6066-11e4-a52e-4f735466cecf":"f.75ABCD62A5F27F9CE9C2BE5C52A034DE.d.B0A59B650FB0EB57484BCBB180FEDDCE.e.8209"},"getState",[]]}
COMMAND: POST /session/ce18119c429c75dafb499373c9e41797/execute/async - {"script":"<script> [1562 bytes]","args":[{"selector":{"id":"editRequest","viewName":"etm.portal.ui.webshop.view.RequestDetail","interaction":{"idSuffix":"BDI-content"}},"wdio_ui5_key":"editRequestetmportal.ui.webshop.view.RequestDetail"}]}
RESULT: {"script":"<script> [8489 bytes]","args":[{"element-6066-11e4-a52e-4f735466cecf":"f.75ABCD62A5F27F9CE9C2BE5C52A034DE.d.B0A59B650FB0EB57484BCBB180FEDDCE.e.8215","ELEMENT":"f.75ABCD62A5F27F9CE9C2BE5C52A034DE.d.B0A59B650FB0EB57484BCBB180FEDDCE.e.8215"}]}
COMMAND: GET /session/ce18119c429c75dafb499373c9e41797/screenshot - {}
RESULT: {"script":"<script> [1562 bytes]","args":[{"selector":{"id":"editRequest","viewName":"etm.portal.ui.webshop.view.RequestDetail","interaction":{"idSuffix":"BDI-content"}},"wdio_ui5_key":"editRequestetmportal.ui.webshop.view.RequestDetail"}]}
RESULT: undefined
COMMAND: POST /session/ce18119c429c75dafb499373c9e41797/element - {"using":"xpath","value":"//*[@id=\"__xmlview62--editRequest\"]"}
COMMAND: POST /session/ce18119c429c75dafb499373c9e41797/execute/sync - {"script":"<script> [8489 bytes]","args":[{"element-6066-11e4-a52e-4f735466cecf":"f.75ABCD62A5F27F9CE9C2BE5C52A034DE.d.B0A59B650FB0EB57484BCBB180FEDDCE.e.8215","ELEMENT":"f.75ABCD62A5F27F9CE9C2BE5C52A034DE.d.B0A59B650FB0EB57484BCBB180FEDDCE.e.8215"}]}
RESULT: {}
RESULT: {"using":"xpath","value":"//*[@id=\"__xmlview62--editRequest\"]"}
COMMAND: POST /session/ce18119c429c75dafb499373c9e41797/element/f.75ABCD62A5F27F9CE9C2BE5C52A034DE.d.B0A59B650FB0EB57484BCBB180FEDDCE.e.8217/click - {}
RESULT: {"script":"<script> [8489 bytes]","args":[{"element-6066-11e4-a52e-4f735466cecf":"f.75ABCD62A5F27F9CE9C2BE5C52A034DE.d.B0A59B650FB0EB57484BCBB180FEDDCE.e.8215","ELEMENT":"f.75ABCD62A5F27F9CE9C2BE5C52A034DE.d.B0A59B650FB0EB57484BCBB180FEDDCE.e.8215"}]}
COMMAND: GET /session/ce18119c429c75dafb499373c9e41797/screenshot - {}
RESULT: {}
COMMAND: GET /session/ce18119c429c75dafb499373c9e41797/screenshot - {}
COMMAND: POST /session/ce18119c429c75dafb499373c9e41797/execute/sync - {"script":"<script> [8489 bytes]","args":[{"element-6066-11e4-a52e-4f735466cecf":"f.75ABCD62A5F27F9CE9C2BE5C52A034DE.d.B0A59B650FB0EB57484BCBB180FEDDCE.e.8215","ELEMENT":"f.75ABCD62A5F27F9CE9C2BE5C52A034DE.d.B0A59B650FB0EB57484BCBB180FEDDCE.e.8215"}]}
RESULT: {}
RESULT: {}
RESULT: {"script":"<script> [8489 bytes]","args":[{"element-6066-11e4-a52e-4f735466cecf":"f.75ABCD62A5F27F9CE9C2BE5C52A034DE.d.B0A59B650FB0EB57484BCBB180FEDDCE.e.8215","ELEMENT":"f.75ABCD62A5F27F9CE9C2BE5C52A034DE.d.B0A59B650FB0EB57484BCBB180FEDDCE.e.8215"}]}
COMMAND: GET /session/ce18119c429c75dafb499373c9e41797/screenshot - {}
RESULT: {}
COMMAND: POST /session/ce18119c429c75dafb499373c9e41797/execute/sync - {"script":"<script> [8489 bytes]","args":[{"element-6066-11e4-a52e-4f735466cecf":"f.75ABCD62A5F27F9CE9C2BE5C52A034DE.d.B0A59B650FB0EB57484BCBB180FEDDCE.e.8215","ELEMENT":"f.75ABCD62A5F27F9CE9C2BE5C52A034DE.d.B0A59B650FB0EB57484BCBB180FEDDCE.e.8215"}]}
RESULT: {"script":"<script> [8489 bytes]","args":[{"element-6066-11e4-a52e-4f735466cecf":"f.75ABCD62A5F27F9CE9C2BE5C52A034DE.d.B0A59B650FB0EB57484BCBB180FEDDCE.e.8215","ELEMENT":"f.75ABCD62A5F27F9CE9C2BE5C52A034DE.d.B0A59B650FB0EB57484BCBB180FEDDCE.e.8215"}]}
COMMAND: GET /session/ce18119c429c75dafb499373c9e41797/screenshot - {}
COMMAND: POST /session/ce18119c429c75dafb499373c9e41797/execute/sync - {"script":"<script> [8489 bytes]","args":[{"element-6066-11e4-a52e-4f735466cecf":"f.75ABCD62A5F27F9CE9C2BE5C52A034DE.d.B0A59B650FB0EB57484BCBB180FEDDCE.e.8215","ELEMENT":"f.75ABCD62A5F27F9CE9C2BE5C52A034DE.d.B0A59B650FB0EB57484BCBB180FEDDCE.e.8215"}]}
RESULT: {}
RESULT: {"script":"<script> [8489 bytes]","args":[{"element-6066-11e4-a52e-4f735466cecf":"f.75ABCD62A5F27F9CE9C2BE5C52A034DE.d.B0A59B650FB0EB57484BCBB180FEDDCE.e.8215","ELEMENT":"f.75ABCD62A5F27F9CE9C2BE5C52A034DE.d.B0A59B650FB0EB57484BCBB180FEDDCE.e.8215"}]}
COMMAND: GET /session/ce18119c429c75dafb499373c9e41797/screenshot - {}
COMMAND: POST /session/ce18119c429c75dafb499373c9e41797/element - {"using":"xpath","value":"//input[contains(@id ,\"startDate\")]"}
RESULT: {}
RESULT: {"using":"xpath","value":"//input[contains(@id ,\"startDate\")]"}
COMMAND: POST /session/ce18119c429c75dafb499373c9e41797/element/f.75ABCD62A5F27F9CE9C2BE5C52A034DE.d.B0A59B650FB0EB57484BCBB180FEDDCE.e.8243/click - {}
RESULT: {}
COMMAND: POST /session/ce18119c429c75dafb499373c9e41797/actions - {"actions":[{"id":"action22","type":"key","parameters":{},"actions":[{"type":"keyDown","value":""},{"type":"keyDown","value":"a"},{"type":"pause","duration":10},{"type":"keyUp","value":""},{"type":"keyUp","value":"a"}]}]}
COMMAND: GET /session/ce18119c429c75dafb499373c9e41797/screenshot - {}
RESULT: {"actions":[{"id":"action22","type":"key","parameters":{},"actions":[{"type":"keyDown","value":""},{"type":"keyDown","value":"a"},{"type":"pause","duration":10},{"type":"keyUp","value":""},{"type":"keyUp","value":"a"}]}]}
COMMAND: POST /session/ce18119c429c75dafb499373c9e41797/actions - {"actions":[{"id":"action23","type":"key","parameters":{},"actions":[{"type":"keyDown","value":""},{"type":"pause","duration":10},{"type":"keyUp","value":""}]}]}
COMMAND: GET /session/ce18119c429c75dafb499373c9e41797/screenshot - {}
RESULT: {}
RESULT: {"actions":[{"id":"action23","type":"key","parameters":{},"actions":[{"type":"keyDown","value":""},{"type":"pause","duration":10},{"type":"keyUp","value":""}]}]}
COMMAND: GET /session/ce18119c429c75dafb499373c9e41797/screenshot - {}
RESULT: {}
RESULT: {}
COMMAND: POST /session/ce18119c429c75dafb499373c9e41797/element/f.75ABCD62A5F27F9CE9C2BE5C52A034DE.d.B0A59B650FB0EB57484BCBB180FEDDCE.e.8243/clear - {}
RESULT: {}
COMMAND: POST /session/ce18119c429c75dafb499373c9e41797/element/f.75ABCD62A5F27F9CE9C2BE5C52A034DE.d.B0A59B650FB0EB57484BCBB180FEDDCE.e.8243/value - {"text":"6/20/25"}
COMMAND: GET /session/ce18119c429c75dafb499373c9e41797/screenshot - {}
RESULT: {"text":"6/20/25"}
COMMAND: POST /session/ce18119c429c75dafb499373c9e41797/actions - {"actions":[{"id":"action24","type":"key","parameters":{},"actions":[{"type":"keyDown","value":""},{"type":"pause","duration":10},{"type":"keyUp","value":""}]}]}
COMMAND: GET /session/ce18119c429c75dafb499373c9e41797/screenshot - {}
RESULT: {}
RESULT: {"actions":[{"id":"action24","type":"key","parameters":{},"actions":[{"type":"keyDown","value":""},{"type":"pause","duration":10},{"type":"keyUp","value":""}]}]}
COMMAND: GET /session/ce18119c429c75dafb499373c9e41797/screenshot - {}
RESULT: {}
RESULT: {}
COMMAND: POST /session/ce18119c429c75dafb499373c9e41797/element - {"using":"xpath","value":"//input[contains(@id ,\"endDate\")]"}
RESULT: {"using":"xpath","value":"//input[contains(@id ,\"endDate\")]"}
COMMAND: GET /session/ce18119c429c75dafb499373c9e41797/element/f.75ABCD62A5F27F9CE9C2BE5C52A034DE.d.B0A59B650FB0EB57484BCBB180FEDDCE.e.8234/property/value - {}
RESULT: {}
COMMAND: POST /session/ce18119c429c75dafb499373c9e41797/execute/async - {"script":"<script> [1562 bytes]","args":[{"selector":{"controlType":"sap.ui.core.Icon","viewName":"etm.portal.ui.webshop.view.RequestEdit","properties":{"src":{"regex":{"source":"action\\-settings"}}}},"wdio_ui5_key":"etmportal.ui.webshop.view.RequestEditsap.ui.core.Icon{\"src\":{\"regex\":{\"source\":\"action\\\\-settings\"}}}"}]}
COMMAND: GET /session/ce18119c429c75dafb499373c9e41797/screenshot - {}
RESULT: {"script":"<script> [1562 bytes]","args":[{"selector":{"controlType":"sap.ui.core.Icon","viewName":"etm.portal.ui.webshop.view.RequestEdit","properties":{"src":{"regex":{"source":"action\\-settings"}}}},"wdio_ui5_key":"etmportal.ui.webshop.view.RequestEditsap.ui.core.Icon{\"src\":{\"regex\":{\"source\":\"action\\\\-settings\"}}}"}]}
RESULT: undefined
COMMAND: POST /session/ce18119c429c75dafb499373c9e41797/element - {"using":"xpath","value":"//*[@id=\"__xmlview63--smartTable-btnPersonalisation-img\"]"}
RESULT: {}
RESULT: {"using":"xpath","value":"//*[@id=\"__xmlview63--smartTable-btnPersonalisation-img\"]"}
COMMAND: POST /session/ce18119c429c75dafb499373c9e41797/element/f.75ABCD62A5F27F9CE9C2BE5C52A034DE.d.B0A59B650FB0EB57484BCBB180FEDDCE.e.8267/click - {}
RESULT: {}
COMMAND: POST /session/ce18119c429c75dafb499373c9e41797/element - {"using":"xpath","value":"//input[contains(@id ,\"searchField-I\")]"}
COMMAND: GET /session/ce18119c429c75dafb499373c9e41797/screenshot - {}
RESULT: {"using":"xpath","value":"//input[contains(@id ,\"searchField-I\")]"}
COMMAND: POST /session/ce18119c429c75dafb499373c9e41797/element/f.75ABCD62A5F27F9CE9C2BE5C52A034DE.d.B0A59B650FB0EB57484BCBB180FEDDCE.e.8273/clear - {}
RESULT: {}
RESULT: {}
COMMAND: POST /session/ce18119c429c75dafb499373c9e41797/element/f.75ABCD62A5F27F9CE9C2BE5C52A034DE.d.B0A59B650FB0EB57484BCBB180FEDDCE.e.8273/value - {"text":"time"}
COMMAND: GET /session/ce18119c429c75dafb499373c9e41797/screenshot - {}
RESULT: {"text":"time"}
COMMAND: GET /session/ce18119c429c75dafb499373c9e41797/screenshot - {}
RESULT: {}
RESULT: {}
COMMAND: POST /session/ce18119c429c75dafb499373c9e41797/element - {"using":"xpath","value":"//div[contains(@id ,\"innerSelectionPanelTable-sa-CbBg\")]"}
RESULT: {"using":"xpath","value":"//div[contains(@id ,\"innerSelectionPanelTable-sa-CbBg\")]"}
COMMAND: POST /session/ce18119c429c75dafb499373c9e41797/element/f.75ABCD62A5F27F9CE9C2BE5C52A034DE.d.B0A59B650FB0EB57484BCBB180FEDDCE.e.8295/click - {}
RESULT: {}
COMMAND: POST /session/ce18119c429c75dafb499373c9e41797/element - {"using":"xpath","value":"//bdi[contains(text(), \"OK\")]"}
COMMAND: GET /session/ce18119c429c75dafb499373c9e41797/screenshot - {}
RESULT: {"using":"xpath","value":"//bdi[contains(text(), \"OK\")]"}
COMMAND: POST /session/ce18119c429c75dafb499373c9e41797/element/f.75ABCD62A5F27F9CE9C2BE5C52A034DE.d.B0A59B650FB0EB57484BCBB180FEDDCE.e.8296/click - {}
RESULT: {}
RESULT: {}
COMMAND: GET /session/ce18119c429c75dafb499373c9e41797/screenshot - {}
RESULT: {}
COMMAND: POST /session/ce18119c429c75dafb499373c9e41797/execute/async - {"script":"<script> [1562 bytes]","args":[{"selector":{"controlType":"sap.m.CheckBox","viewName":"etm.portal.ui.webshop.view.RequestEdit","properties":{"editable":true},"ancestor":{"controlType":"sap.m.ColumnListItem","viewName":"etm.portal.ui.webshop.view.RequestEdit","bindingPath":{"path":"/RequestItems(REQUEST='20081',ITEM=10m)"},"ancestor":{"id":"customTable","viewName":"etm.portal.ui.webshop.view.RequestEdit"}},"interaction":{"idSuffix":"CbBg"}},"wdio_ui5_key":"etmportal.ui.webshop.view.RequestEditsap.m.CheckBox{\"editable\":true}{\"controlType\":\"sap.m.ColumnListItem\",\"viewName\":\"etm.portal.ui.webshop.view.RequestEdit\",\"bindingPath\":{\"path\":\"/RequestItems(REQUEST='20081',ITEM=10m)\"},\"ancestor\":{\"id\":\"customTable\",\"viewName\":\"etm.portal.ui.webshop.view.RequestEdit\"}}"}]}
RESULT: {"script":"<script> [1562 bytes]","args":[{"selector":{"controlType":"sap.m.CheckBox","viewName":"etm.portal.ui.webshop.view.RequestEdit","properties":{"editable":true},"ancestor":{"controlType":"sap.m.ColumnListItem","viewName":"etm.portal.ui.webshop.view.RequestEdit","bindingPath":{"path":"/RequestItems(REQUEST='20081',ITEM=10m)"},"ancestor":{"id":"customTable","viewName":"etm.portal.ui.webshop.view.RequestEdit"}},"interaction":{"idSuffix":"CbBg"}},"wdio_ui5_key":"etmportal.ui.webshop.view.RequestEditsap.m.CheckBox{\"editable\":true}{\"controlType\":\"sap.m.ColumnListItem\",\"viewName\":\"etm.portal.ui.webshop.view.RequestEdit\",\"bindingPath\":{\"path\":\"/RequestItems(REQUEST='20081',ITEM=10m)\"},\"ancestor\":{\"id\":\"customTable\",\"viewName\":\"etm.portal.ui.webshop.view.RequestEdit\"}}"}]}
RESULT: undefined
COMMAND: POST /session/ce18119c429c75dafb499373c9e41797/element - {"using":"xpath","value":"//*[@id=\"__item898-__clone6673-selectMulti\"]"}
RESULT: {"using":"xpath","value":"//*[@id=\"__item898-__clone6673-selectMulti\"]"}
COMMAND: POST /session/ce18119c429c75dafb499373c9e41797/element/f.75ABCD62A5F27F9CE9C2BE5C52A034DE.d.B0A59B650FB0EB57484BCBB180FEDDCE.e.8335/click - {}
RESULT: {}
COMMAND: POST /session/ce18119c429c75dafb499373c9e41797/execute/async - {"script":"<script> [1562 bytes]","args":[{"selector":{"controlType":"sap.m.Button","viewName":"etm.portal.ui.webshop.view.RequestEdit","i18NText":{"propertyName":"text","key":"update"},"interaction":{"idSuffix":"BDI-content"}},"wdio_ui5_key":"etmportal.ui.webshop.view.RequestEditsap.m.Button{\"propertyName\":\"text\",\"key\":\"update\"}"}]}
COMMAND: GET /session/ce18119c429c75dafb499373c9e41797/screenshot - {}
RESULT: {"script":"<script> [1562 bytes]","args":[{"selector":{"controlType":"sap.m.Button","viewName":"etm.portal.ui.webshop.view.RequestEdit","i18NText":{"propertyName":"text","key":"update"},"interaction":{"idSuffix":"BDI-content"}},"wdio_ui5_key":"etmportal.ui.webshop.view.RequestEditsap.m.Button{\"propertyName\":\"text\",\"key\":\"update\"}"}]}
RESULT: undefined
COMMAND: POST /session/ce18119c429c75dafb499373c9e41797/element - {"using":"xpath","value":"//*[@id=\"__button40\"]"}
RESULT: {}
RESULT: {"using":"xpath","value":"//*[@id=\"__button40\"]"}
COMMAND: POST /session/ce18119c429c75dafb499373c9e41797/element/f.75ABCD62A5F27F9CE9C2BE5C52A034DE.d.B0A59B650FB0EB57484BCBB180FEDDCE.e.8337/click - {}
RESULT: {}
COMMAND: POST /session/ce18119c429c75dafb499373c9e41797/element - {"using":"xpath","value":"(//input[contains(@id ,\"startDateRI\")])[1]"}
COMMAND: GET /session/ce18119c429c75dafb499373c9e41797/screenshot - {}
RESULT: {"using":"xpath","value":"(//input[contains(@id ,\"startDateRI\")])[1]"}
COMMAND: GET /session/ce18119c429c75dafb499373c9e41797/element/f.75ABCD62A5F27F9CE9C2BE5C52A034DE.d.B0A59B650FB0EB57484BCBB180FEDDCE.e.8324/property/value - {}
RESULT: {}
RESULT: {}
RESULT: undefined
COMMAND: POST /session/ce18119c429c75dafb499373c9e41797/element - {"using":"xpath","value":"//*[@id=\"__item898-__clone6673-selectMulti\"]"}
COMMAND: GET /session/ce18119c429c75dafb499373c9e41797/screenshot - {}
RESULT: {"using":"xpath","value":"//*[@id=\"__item898-__clone6673-selectMulti\"]"}
COMMAND: POST /session/ce18119c429c75dafb499373c9e41797/element/f.75ABCD62A5F27F9CE9C2BE5C52A034DE.d.B0A59B650FB0EB57484BCBB180FEDDCE.e.8335/click - {}
RESULT: {}
RESULT: {}
COMMAND: POST /session/ce18119c429c75dafb499373c9e41797/execute/async - {"script":"<script> [1562 bytes]","args":[{"selector":{"controlType":"sap.m.CheckBox","viewName":"etm.portal.ui.webshop.view.RequestEdit","properties":{"editable":true},"ancestor":{"controlType":"sap.m.ColumnListItem","viewName":"etm.portal.ui.webshop.view.RequestEdit","bindingPath":{"path":"/RequestItems(REQUEST='20081',ITEM=20m)"},"ancestor":{"id":"customTable","viewName":"etm.portal.ui.webshop.view.RequestEdit"}},"interaction":{"idSuffix":"CbBg"}},"wdio_ui5_key":"etmportal.ui.webshop.view.RequestEditsap.m.CheckBox{\"editable\":true}{\"controlType\":\"sap.m.ColumnListItem\",\"viewName\":\"etm.portal.ui.webshop.view.RequestEdit\",\"bindingPath\":{\"path\":\"/RequestItems(REQUEST='20081',ITEM=20m)\"},\"ancestor\":{\"id\":\"customTable\",\"viewName\":\"etm.portal.ui.webshop.view.RequestEdit\"}}"}]}
COMMAND: GET /session/ce18119c429c75dafb499373c9e41797/screenshot - {}
RESULT: {"script":"<script> [1562 bytes]","args":[{"selector":{"controlType":"sap.m.CheckBox","viewName":"etm.portal.ui.webshop.view.RequestEdit","properties":{"editable":true},"ancestor":{"controlType":"sap.m.ColumnListItem","viewName":"etm.portal.ui.webshop.view.RequestEdit","bindingPath":{"path":"/RequestItems(REQUEST='20081',ITEM=20m)"},"ancestor":{"id":"customTable","viewName":"etm.portal.ui.webshop.view.RequestEdit"}},"interaction":{"idSuffix":"CbBg"}},"wdio_ui5_key":"etmportal.ui.webshop.view.RequestEditsap.m.CheckBox{\"editable\":true}{\"controlType\":\"sap.m.ColumnListItem\",\"viewName\":\"etm.portal.ui.webshop.view.RequestEdit\",\"bindingPath\":{\"path\":\"/RequestItems(REQUEST='20081',ITEM=20m)\"},\"ancestor\":{\"id\":\"customTable\",\"viewName\":\"etm.portal.ui.webshop.view.RequestEdit\"}}"}]}
RESULT: undefined
COMMAND: POST /session/ce18119c429c75dafb499373c9e41797/element - {"using":"xpath","value":"//*[@id=\"__item898-__clone6674-selectMulti\"]"}
RESULT: {}
RESULT: {"using":"xpath","value":"//*[@id=\"__item898-__clone6674-selectMulti\"]"}
COMMAND: POST /session/ce18119c429c75dafb499373c9e41797/element/f.75ABCD62A5F27F9CE9C2BE5C52A034DE.d.B0A59B650FB0EB57484BCBB180FEDDCE.e.8340/click - {}
RESULT: {}
COMMAND: POST /session/ce18119c429c75dafb499373c9e41797/execute/async - {"script":"<script> [1562 bytes]","args":[{"selector":{"controlType":"sap.ui.core.Icon","viewName":"etm.portal.ui.webshop.view.RequestEdit","properties":{"src":{"regex":{"source":"delete"}}}},"wdio_ui5_key":"etmportal.ui.webshop.view.RequestEditsap.ui.core.Icon{\"src\":{\"regex\":{\"source\":\"delete\"}}}"}]}
COMMAND: GET /session/ce18119c429c75dafb499373c9e41797/screenshot - {}
RESULT: {"script":"<script> [1562 bytes]","args":[{"selector":{"controlType":"sap.ui.core.Icon","viewName":"etm.portal.ui.webshop.view.RequestEdit","properties":{"src":{"regex":{"source":"delete"}}}},"wdio_ui5_key":"etmportal.ui.webshop.view.RequestEditsap.ui.core.Icon{\"src\":{\"regex\":{\"source\":\"delete\"}}}"}]}
RESULT: undefined
COMMAND: POST /session/ce18119c429c75dafb499373c9e41797/element - {"using":"xpath","value":"//*[@id=\"__xmlview63--deleteItem-img\"]"}
RESULT: {}
RESULT: {"using":"xpath","value":"//*[@id=\"__xmlview63--deleteItem-img\"]"}
COMMAND: POST /session/ce18119c429c75dafb499373c9e41797/element/f.75ABCD62A5F27F9CE9C2BE5C52A034DE.d.B0A59B650FB0EB57484BCBB180FEDDCE.e.8341/click - {}
RESULT: {}
COMMAND: GET /session/ce18119c429c75dafb499373c9e41797/screenshot - {}
RESULT: {}
COMMAND: POST /session/ce18119c429c75dafb499373c9e41797/execute/async - {"script":"<script> [1562 bytes]","args":[{"selector":{"controlType":"sap.m.Button","properties":{"text":"OK"},"searchOpenDialogs":true,"interaction":{"idSuffix":"BDI-content"}},"wdio_ui5_key":"sapm.Button{\"text\":\"OK\"}"}]}
RESULT: {"script":"<script> [1562 bytes]","args":[{"selector":{"controlType":"sap.m.Button","properties":{"text":"OK"},"searchOpenDialogs":true,"interaction":{"idSuffix":"BDI-content"}},"wdio_ui5_key":"sapm.Button{\"text\":\"OK\"}"}]}
RESULT: undefined
COMMAND: POST /session/ce18119c429c75dafb499373c9e41797/element - {"using":"xpath","value":"//*[@id=\"__mbox-btn-0\"]"}
RESULT: {"using":"xpath","value":"//*[@id=\"__mbox-btn-0\"]"}
COMMAND: POST /session/ce18119c429c75dafb499373c9e41797/element/f.75ABCD62A5F27F9CE9C2BE5C52A034DE.d.B0A59B650FB0EB57484BCBB180FEDDCE.e.8343/click - {}
RESULT: {}
COMMAND: GET /session/ce18119c429c75dafb499373c9e41797/screenshot - {}
RESULT: {}
COMMAND: POST /session/ce18119c429c75dafb499373c9e41797/execute/async - {"script":"<script> [1562 bytes]","args":[{"selector":{"id":"saveButtonId","viewName":"etm.portal.ui.webshop.view.RequestEdit","interaction":{"idSuffix":"BDI-content"}},"wdio_ui5_key":"saveButtonIdetmportal.ui.webshop.view.RequestEdit"}]}
RESULT: {"script":"<script> [1562 bytes]","args":[{"selector":{"id":"saveButtonId","viewName":"etm.portal.ui.webshop.view.RequestEdit","interaction":{"idSuffix":"BDI-content"}},"wdio_ui5_key":"saveButtonIdetmportal.ui.webshop.view.RequestEdit"}]}
RESULT: undefined
COMMAND: POST /session/ce18119c429c75dafb499373c9e41797/element - {"using":"xpath","value":"//*[@id=\"__xmlview63--saveButtonId\"]"}
RESULT: {"using":"xpath","value":"//*[@id=\"__xmlview63--saveButtonId\"]"}
COMMAND: POST /session/ce18119c429c75dafb499373c9e41797/element/f.75ABCD62A5F27F9CE9C2BE5C52A034DE.d.B0A59B650FB0EB57484BCBB180FEDDCE.e.8351/click - {}
RESULT: {}
COMMAND: GET /session/ce18119c429c75dafb499373c9e41797/screenshot - {}
RESULT: {}
COMMAND: POST /session/ce18119c429c75dafb499373c9e41797/execute/async - {"script":"<script> [1562 bytes]","args":[{"selector":{"controlType":"sap.m.Title","viewName":"etm.portal.ui.webshop.view.RequestDetail","properties":{"text":"Items (1)"}},"wdio_ui5_key":"etmportal.ui.webshop.view.RequestDetailsap.m.Title{\"text\":\"Items (1)\"}"}]}
RESULT: {"script":"<script> [1562 bytes]","args":[{"selector":{"controlType":"sap.m.Title","viewName":"etm.portal.ui.webshop.view.RequestDetail","properties":{"text":"Items (1)"}},"wdio_ui5_key":"etmportal.ui.webshop.view.RequestDetailsap.m.Title{\"text\":\"Items (1)\"}"}]}
RESULT: undefined
COMMAND: POST /session/ce18119c429c75dafb499373c9e41797/execute/async - {"script":"<script> [6424 bytes]","args":[{"element-6066-11e4-a52e-4f735466cecf":"f.75ABCD62A5F27F9CE9C2BE5C52A034DE.d.B0A59B650FB0EB57484BCBB180FEDDCE.e.8374"},"getText",[]]}
RESULT: {"script":"<script> [6424 bytes]","args":[{"element-6066-11e4-a52e-4f735466cecf":"f.75ABCD62A5F27F9CE9C2BE5C52A034DE.d.B0A59B650FB0EB57484BCBB180FEDDCE.e.8374"},"getText",[]]}
COMMAND: POST /session/ce18119c429c75dafb499373c9e41797/execute/async - {"script":"<script> [1562 bytes]","args":[{"selector":{"controlType":"sap.m.Text","viewName":"etm.portal.ui.webshop.view.RequestDetail","bindingPath":{"path":"/RequestHeaders(NO='20081')","propertyPath":"END_DATE","modelName":"catalogModel"}},"wdio_ui5_key":"etmportal.ui.webshop.view.RequestDetailsap.m.Text{\"path\":\"/RequestHeaders(NO='20081')\",\"propertyPath\":\"END_DATE\",\"modelName\":\"catalogModel\"}"}]}
RESULT: {"script":"<script> [1562 bytes]","args":[{"selector":{"controlType":"sap.m.Text","viewName":"etm.portal.ui.webshop.view.RequestDetail","bindingPath":{"path":"/RequestHeaders(NO='20081')","propertyPath":"END_DATE","modelName":"catalogModel"}},"wdio_ui5_key":"etmportal.ui.webshop.view.RequestDetailsap.m.Text{\"path\":\"/RequestHeaders(NO='20081')\",\"propertyPath\":\"END_DATE\",\"modelName\":\"catalogModel\"}"}]}
RESULT: undefined
COMMAND: POST /session/ce18119c429c75dafb499373c9e41797/execute/async - {"script":"<script> [1562 bytes]","args":[{"selector":{"controlType":"sap.m.Text","viewName":"etm.portal.ui.webshop.view.RequestDetail","bindingPath":{"path":"/RequestHeaders(NO='20081')","propertyPath":"START_DATE","modelName":"catalogModel"}},"wdio_ui5_key":"etmportal.ui.webshop.view.RequestDetailsap.m.Text{\"path\":\"/RequestHeaders(NO='20081')\",\"propertyPath\":\"START_DATE\",\"modelName\":\"catalogModel\"}"}]}
RESULT: {"script":"<script> [1562 bytes]","args":[{"selector":{"controlType":"sap.m.Text","viewName":"etm.portal.ui.webshop.view.RequestDetail","bindingPath":{"path":"/RequestHeaders(NO='20081')","propertyPath":"START_DATE","modelName":"catalogModel"}},"wdio_ui5_key":"etmportal.ui.webshop.view.RequestDetailsap.m.Text{\"path\":\"/RequestHeaders(NO='20081')\",\"propertyPath\":\"START_DATE\",\"modelName\":\"catalogModel\"}"}]}
RESULT: undefined
COMMAND: POST /session/ce18119c429c75dafb499373c9e41797/execute/async - {"script":"<script> [6424 bytes]","args":[{"element-6066-11e4-a52e-4f735466cecf":"f.75ABCD62A5F27F9CE9C2BE5C52A034DE.d.B0A59B650FB0EB57484BCBB180FEDDCE.e.8376"},"getText",[]]}
RESULT: {"script":"<script> [6424 bytes]","args":[{"element-6066-11e4-a52e-4f735466cecf":"f.75ABCD62A5F27F9CE9C2BE5C52A034DE.d.B0A59B650FB0EB57484BCBB180FEDDCE.e.8376"},"getText",[]]}
RESULT: undefined
COMMAND: POST /session/ce18119c429c75dafb499373c9e41797/execute/async - {"script":"<script> [6424 bytes]","args":[{"element-6066-11e4-a52e-4f735466cecf":"f.75ABCD62A5F27F9CE9C2BE5C52A034DE.d.B0A59B650FB0EB57484BCBB180FEDDCE.e.8375"},"getText",[]]}
RESULT: {"script":"<script> [6424 bytes]","args":[{"element-6066-11e4-a52e-4f735466cecf":"f.75ABCD62A5F27F9CE9C2BE5C52A034DE.d.B0A59B650FB0EB57484BCBB180FEDDCE.e.8375"},"getText",[]]}
COMMAND: POST /session/ce18119c429c75dafb499373c9e41797/refresh - {}
RESULT: {}
COMMAND: GET /session/ce18119c429c75dafb499373c9e41797/screenshot - {}
RESULT: {}
COMMAND: POST /session/ce18119c429c75dafb499373c9e41797/execute/async - {"script":"<script> [189 bytes]","args":[]}
RESULT: {"script":"<script> [189 bytes]","args":[]}
COMMAND: POST /session/ce18119c429c75dafb499373c9e41797/execute/async - {"script":"<script> [123 bytes]","args":[]}
RESULT: {"script":"<script> [123 bytes]","args":[]}
COMMAND: POST /session/ce18119c429c75dafb499373c9e41797/timeouts - {"script":"<number>"}
RESULT: {"script":"<number>"}
COMMAND: GET /session/ce18119c429c75dafb499373c9e41797/timeouts - {}
RESULT: {}
RESULT: undefined
COMMAND: POST /session/ce18119c429c75dafb499373c9e41797/execute/async - {"script":"<script> [2676 bytes]","args":[]}
RESULT: {"script":"<script> [2676 bytes]","args":[]}
COMMAND: POST /session/ce18119c429c75dafb499373c9e41797/execute/async - {"script":"<script> [2342 bytes]","args":[{"protocol":"http","hostname":"0.0.0.0","path":"/","capabilities":{"browserName":"chrome","goog:chromeOptions":{"binary":"C:\\Program Files\\Google\\Chrome\\Application\\chrome.exe","args":["--start-maximized"]}},"logLevel":"warn","connectionRetryTimeout":120000,"connectionRetryCount":3,"logLevels":{},"enableDirectConnect":true,"strictSSL":true,"_":"65 more keys: [\"cacheDir\",\"port\",\"requestedCapabilities\",\"automationProtocol\",\"baseUrl\",\"waitforInterval\",\"waitforTimeout\",\"onReload\",\"beforeCommand\",\"afterCommand\",\"rootDir\",\"specs\",\"suites\",\"exclude\",\"groupLogsByTestSpec\",\"excludeDriverLogs\",\"bail\",\"framework\",\"reporters\",\"services\",\"maxInstances\",\"maxInstancesPerCapability\",\"injectGlobals\",\"filesToWatch\",\"execArgv\",\"runnerEnv\",\"runner\",\"shard\",\"specFileRetries\",\"specFileRetriesDelay\",\"specFileRetriesDeferred\",\"reporterSyncInterval\",\"reporterSyncTimeout\",\"cucumberFeaturesWithLineNumbers\",\"autoCompileOpts\",\"mochaOpts\",\"jasmineOpts\",\"cucumberOpts\",\"onPrepare\",\"onWorkerStart\",\"onWorkerEnd\",\"before\",\"beforeSession\",\"beforeSuite\",\"beforeHook\",\"beforeTest\",\"afterTest\",\"afterHook\",\"afterSuite\",\"afterSession\",\"after\",\"onComplete\",\"beforeAssertion\",\"afterAssertion\",\"beforeFeature\",\"beforeScenario\",\"beforeStep\",\"afterStep\",\"afterScenario\",\"afterFeature\",\"_\",\"suite\",\"$0\",\"ignoredWorkerServices\",\"wdi5\"]"}]}
RESULT: {"script":"<script> [2342 bytes]","args":[{"protocol":"http","hostname":"0.0.0.0","path":"/","capabilities":{"browserName":"chrome","goog:chromeOptions":{"binary":"C:\\Program Files\\Google\\Chrome\\Application\\chrome.exe","args":["--start-maximized"]}},"logLevel":"warn","connectionRetryTimeout":120000,"connectionRetryCount":3,"logLevels":{},"enableDirectConnect":true,"strictSSL":true,"_":"65 more keys: [\"cacheDir\",\"port\",\"requestedCapabilities\",\"automationProtocol\",\"baseUrl\",\"waitforInterval\",\"waitforTimeout\",\"onReload\",\"beforeCommand\",\"afterCommand\",\"rootDir\",\"specs\",\"suites\",\"exclude\",\"groupLogsByTestSpec\",\"excludeDriverLogs\",\"bail\",\"framework\",\"reporters\",\"services\",\"maxInstances\",\"maxInstancesPerCapability\",\"injectGlobals\",\"filesToWatch\",\"execArgv\",\"runnerEnv\",\"runner\",\"shard\",\"specFileRetries\",\"specFileRetriesDelay\",\"specFileRetriesDeferred\",\"reporterSyncInterval\",\"reporterSyncTimeout\",\"cucumberFeaturesWithLineNumbers\",\"autoCompileOpts\",\"mochaOpts\",\"jasmineOpts\",\"cucumberOpts\",\"onPrepare\",\"onWorkerStart\",\"onWorkerEnd\",\"before\",\"beforeSession\",\"beforeSuite\",\"beforeHook\",\"beforeTest\",\"afterTest\",\"afterHook\",\"afterSuite\",\"afterSession\",\"after\",\"onComplete\",\"beforeAssertion\",\"afterAssertion\",\"beforeFeature\",\"beforeScenario\",\"beforeStep\",\"afterStep\",\"afterScenario\",\"afterFeature\",\"_\",\"suite\",\"$0\",\"ignoredWorkerServices\",\"wdi5\"]"}]}
COMMAND: POST /session/ce18119c429c75dafb499373c9e41797/execute/async - {"script":"<script> [21126 bytes]","args":[35000]}
RESULT: {"script":"<script> [21126 bytes]","args":[35000]}
COMMAND: POST /session/ce18119c429c75dafb499373c9e41797/element - {"using":"xpath","value":"//li[contains(@title ,\"Exit\")]"}
RESULT: {"using":"xpath","value":"//li[contains(@title ,\"Exit\")]"}
COMMAND: POST /session/ce18119c429c75dafb499373c9e41797/element/f.75ABCD62A5F27F9CE9C2BE5C52A034DE.d.93D15537433D4A8A587EF371EF8181FD.e.8481/click - {}
RESULT: {}
COMMAND: GET /session/ce18119c429c75dafb499373c9e41797/screenshot - {}
RESULT: {}
COMMAND: POST /session/ce18119c429c75dafb499373c9e41797/element - {"using":"css selector","value":"#shell-header-logo"}
RESULT: {"using":"css selector","value":"#shell-header-logo"}
COMMAND: POST /session/ce18119c429c75dafb499373c9e41797/element/f.75ABCD62A5F27F9CE9C2BE5C52A034DE.d.93D15537433D4A8A587EF371EF8181FD.e.8487/click - {}
RESULT: {}
COMMAND: GET /session/ce18119c429c75dafb499373c9e41797/screenshot - {}
RESULT: {}
]]></system-out>
    </testcase>
  </testsuite>
  <testsuite timestamp="2025-06-13T16:41:45" time="234.133" tests="1" failures="0" errors="0" skipped="0">
    <properties>
      <property name="specId" value="0"/>
      <property name="suiteName" value="Webshop - download csv and pdf - set to proposal and submit a request"/>
      <property name="capabilities" value="chrome.137_0_7151_69.windows"/>
      <property name="file" value="file:///D:/a/1/s/test/specs/R2C/download-set-to-proposal-and-submit-a-request.spec.js"/>
    </properties>
    <testcase classname="chrome.137_0_7151_69.windows.Webshop_-_download_csv_and_pdf_-_set_to_proposal_and_submit_a_request" name="Should create a new webshop request and verify the download proposal submit buttons" time="230.706">
      <system-out><![CDATA[
COMMAND: POST /session/ce18119c429c75dafb499373c9e41797/execute/async - {"script":"<script> [1562 bytes]","args":[{"selector":{"controlType":"sap.m.GenericTile","properties":{"header":"Webshop"}},"wdio_ui5_key":"sapm.GenericTile{\"header\":\"Webshop\"}"}]}
RESULT: {"script":"<script> [1562 bytes]","args":[{"selector":{"controlType":"sap.m.GenericTile","properties":{"header":"Webshop"}},"wdio_ui5_key":"sapm.GenericTile{\"header\":\"Webshop\"}"}]}
RESULT: undefined
COMMAND: POST /session/ce18119c429c75dafb499373c9e41797/element - {"using":"xpath","value":"//*[@id=\"__tile51\"]"}
RESULT: {"using":"xpath","value":"//*[@id=\"__tile51\"]"}
COMMAND: POST /session/ce18119c429c75dafb499373c9e41797/element/f.75ABCD62A5F27F9CE9C2BE5C52A034DE.d.93D15537433D4A8A587EF371EF8181FD.e.8496/click - {}
RESULT: {}
COMMAND: GET /session/ce18119c429c75dafb499373c9e41797/screenshot - {}
RESULT: {}
COMMAND: POST /session/ce18119c429c75dafb499373c9e41797/elements - {"using":"xpath","value":"//span[text()='Error']"}
RESULT: {"using":"xpath","value":"//span[text()='Error']"}
COMMAND: POST /session/ce18119c429c75dafb499373c9e41797/element - {"using":"css selector","value":"#requestCreationDialog--createRequestPopUp-title-inner"}
RESULT: {"using":"css selector","value":"#requestCreationDialog--createRequestPopUp-title-inner"}
COMMAND: POST /session/ce18119c429c75dafb499373c9e41797/execute/sync - {"script":"<script> [8489 bytes]","args":[{"element-6066-11e4-a52e-4f735466cecf":"f.75ABCD62A5F27F9CE9C2BE5C52A034DE.d.93D15537433D4A8A587EF371EF8181FD.e.8600","ELEMENT":"f.75ABCD62A5F27F9CE9C2BE5C52A034DE.d.93D15537433D4A8A587EF371EF8181FD.e.8600"}]}
RESULT: {"script":"<script> [8489 bytes]","args":[{"element-6066-11e4-a52e-4f735466cecf":"f.75ABCD62A5F27F9CE9C2BE5C52A034DE.d.93D15537433D4A8A587EF371EF8181FD.e.8600","ELEMENT":"f.75ABCD62A5F27F9CE9C2BE5C52A034DE.d.93D15537433D4A8A587EF371EF8181FD.e.8600"}]}
COMMAND: GET /session/ce18119c429c75dafb499373c9e41797/element/f.75ABCD62A5F27F9CE9C2BE5C52A034DE.d.93D15537433D4A8A587EF371EF8181FD.e.8600/enabled - {}
COMMAND: GET /session/ce18119c429c75dafb499373c9e41797/screenshot - {}
RESULT: {}
COMMAND: POST /session/ce18119c429c75dafb499373c9e41797/execute/async - {"script":"<script> [1562 bytes]","args":[{"selector":{"id":"requestCreationDialog--requestName","searchOpenDialogs":true,"interaction":{"idSuffix":"inner"}},"wdio_ui5_key":"requestCreationDialogrequestName"}]}
COMMAND: GET /session/ce18119c429c75dafb499373c9e41797/screenshot - {}
RESULT: {}
RESULT: {"script":"<script> [1562 bytes]","args":[{"selector":{"id":"requestCreationDialog--requestName","searchOpenDialogs":true,"interaction":{"idSuffix":"inner"}},"wdio_ui5_key":"requestCreationDialogrequestName"}]}
RESULT: undefined
COMMAND: POST /session/ce18119c429c75dafb499373c9e41797/execute/async - {"script":"<script> [776 bytes]","args":[{"enterText":"WebdriverTest","selector":{"id":"requestCreationDialog--requestName","searchOpenDialogs":true,"interaction":{"idSuffix":"inner"}},"clearTextFirst":true,"interactionType":"ENTER_TEXT"}]}
RESULT: {}
RESULT: {"script":"<script> [776 bytes]","args":[{"enterText":"WebdriverTest","selector":{"id":"requestCreationDialog--requestName","searchOpenDialogs":true,"interaction":{"idSuffix":"inner"}},"clearTextFirst":true,"interactionType":"ENTER_TEXT"}]}
COMMAND: POST /session/ce18119c429c75dafb499373c9e41797/element - {"using":"xpath","value":"//input[contains(@id ,\"requestCreationDialog--contract-inner\")]"}
RESULT: {"using":"xpath","value":"//input[contains(@id ,\"requestCreationDialog--contract-inner\")]"}
COMMAND: POST /session/ce18119c429c75dafb499373c9e41797/element/f.75ABCD62A5F27F9CE9C2BE5C52A034DE.d.93D15537433D4A8A587EF371EF8181FD.e.8584/clear - {}
RESULT: {}
COMMAND: POST /session/ce18119c429c75dafb499373c9e41797/element/f.75ABCD62A5F27F9CE9C2BE5C52A034DE.d.93D15537433D4A8A587EF371EF8181FD.e.8584/value - {"text":"10168"}
COMMAND: GET /session/ce18119c429c75dafb499373c9e41797/screenshot - {}
RESULT: {"text":"10168"}
COMMAND: GET /session/ce18119c429c75dafb499373c9e41797/screenshot - {}
RESULT: {}
RESULT: {}
COMMAND: POST /session/ce18119c429c75dafb499373c9e41797/actions - {"actions":[{"id":"action25","type":"key","parameters":{},"actions":[{"type":"keyDown","value":""},{"type":"pause","duration":10},{"type":"keyUp","value":""}]}]}
RESULT: {"actions":[{"id":"action25","type":"key","parameters":{},"actions":[{"type":"keyDown","value":""},{"type":"pause","duration":10},{"type":"keyUp","value":""}]}]}
COMMAND: GET /session/ce18119c429c75dafb499373c9e41797/screenshot - {}
RESULT: {}
COMMAND: POST /session/ce18119c429c75dafb499373c9e41797/element - {"using":"xpath","value":"//input[contains(@id ,\"requestCreationDialog--contract-inner\")]"}
RESULT: {"using":"xpath","value":"//input[contains(@id ,\"requestCreationDialog--contract-inner\")]"}
COMMAND: GET /session/ce18119c429c75dafb499373c9e41797/element/f.75ABCD62A5F27F9CE9C2BE5C52A034DE.d.93D15537433D4A8A587EF371EF8181FD.e.8584/property/value - {}
RESULT: {}
COMMAND: POST /session/ce18119c429c75dafb499373c9e41797/element - {"using":"xpath","value":"//input[contains(@id ,\"requestCreationDialog--contract-inner\")]"}
COMMAND: GET /session/ce18119c429c75dafb499373c9e41797/screenshot - {}
RESULT: {"using":"xpath","value":"//input[contains(@id ,\"requestCreationDialog--contract-inner\")]"}
COMMAND: POST /session/ce18119c429c75dafb499373c9e41797/execute/async - {"script":"<script> [1562 bytes]","args":[{"selector":{"id":"requestCreationDialog--okButton","searchOpenDialogs":true,"interaction":{"idSuffix":"BDI-content"}},"wdio_ui5_key":"requestCreationDialogokButton"}]}
RESULT: {}
RESULT: {"script":"<script> [1562 bytes]","args":[{"selector":{"id":"requestCreationDialog--okButton","searchOpenDialogs":true,"interaction":{"idSuffix":"BDI-content"}},"wdio_ui5_key":"requestCreationDialogokButton"}]}
RESULT: undefined
COMMAND: POST /session/ce18119c429c75dafb499373c9e41797/element - {"using":"xpath","value":"//*[@id=\"requestCreationDialog--okButton\"]"}
RESULT: {"using":"xpath","value":"//*[@id=\"requestCreationDialog--okButton\"]"}
COMMAND: POST /session/ce18119c429c75dafb499373c9e41797/element/f.75ABCD62A5F27F9CE9C2BE5C52A034DE.d.93D15537433D4A8A587EF371EF8181FD.e.8608/click - {}
RESULT: {}
COMMAND: GET /session/ce18119c429c75dafb499373c9e41797/screenshot - {}
RESULT: {}
COMMAND: POST /session/ce18119c429c75dafb499373c9e41797/element - {"using":"xpath","value":"//input[contains(@id ,\"searchFiledId-I\")]"}
RESULT: {"using":"xpath","value":"//input[contains(@id ,\"searchFiledId-I\")]"}
COMMAND: POST /session/ce18119c429c75dafb499373c9e41797/element/f.75ABCD62A5F27F9CE9C2BE5C52A034DE.d.93D15537433D4A8A587EF371EF8181FD.e.8498/value - {"text":"Dri-Prime CD150M Diesel Pump"}
RESULT: {"text":"Dri-Prime CD150M Diesel Pump"}
COMMAND: POST /session/ce18119c429c75dafb499373c9e41797/actions - {"actions":[{"id":"action26","type":"key","parameters":{},"actions":[{"type":"keyDown","value":""},{"type":"pause","duration":10},{"type":"keyUp","value":""}]}]}
COMMAND: GET /session/ce18119c429c75dafb499373c9e41797/screenshot - {}
RESULT: {"actions":[{"id":"action26","type":"key","parameters":{},"actions":[{"type":"keyDown","value":""},{"type":"pause","duration":10},{"type":"keyUp","value":""}]}]}
COMMAND: GET /session/ce18119c429c75dafb499373c9e41797/screenshot - {}
RESULT: {}
RESULT: {}
COMMAND: POST /session/ce18119c429c75dafb499373c9e41797/element - {"using":"xpath","value":"//span[contains(@id ,\"subTitle\")][contains(text(), \"Dri-Prime CD150M Diesel Pump\")]"}
RESULT: {"using":"xpath","value":"//span[contains(@id ,\"subTitle\")][contains(text(), \"Dri-Prime CD150M Diesel Pump\")]"}
COMMAND: POST /session/ce18119c429c75dafb499373c9e41797/element/f.75ABCD62A5F27F9CE9C2BE5C52A034DE.d.93D15537433D4A8A587EF371EF8181FD.e.8614/click - {}
RESULT: {}
COMMAND: GET /session/ce18119c429c75dafb499373c9e41797/screenshot - {}
RESULT: {}
COMMAND: POST /session/ce18119c429c75dafb499373c9e41797/execute/async - {"script":"<script> [1562 bytes]","args":[{"selector":{"controlType":"sap.m.Button","viewName":"etm.portal.ui.webshop.view.Homepage","i18NText":{"propertyName":"text","key":"addToRequest"},"interaction":{"idSuffix":"BDI-content"}},"wdio_ui5_key":"etmportal.ui.webshop.view.Homepagesap.m.Button{\"propertyName\":\"text\",\"key\":\"addToRequest\"}"}]}
RESULT: {"script":"<script> [1562 bytes]","args":[{"selector":{"controlType":"sap.m.Button","viewName":"etm.portal.ui.webshop.view.Homepage","i18NText":{"propertyName":"text","key":"addToRequest"},"interaction":{"idSuffix":"BDI-content"}},"wdio_ui5_key":"etmportal.ui.webshop.view.Homepagesap.m.Button{\"propertyName\":\"text\",\"key\":\"addToRequest\"}"}]}
RESULT: undefined
COMMAND: POST /session/ce18119c429c75dafb499373c9e41797/element - {"using":"xpath","value":"//*[@id=\"__button13\"]"}
RESULT: {"using":"xpath","value":"//*[@id=\"__button13\"]"}
COMMAND: POST /session/ce18119c429c75dafb499373c9e41797/element/f.75ABCD62A5F27F9CE9C2BE5C52A034DE.d.93D15537433D4A8A587EF371EF8181FD.e.8625/click - {}
RESULT: {}
COMMAND: GET /session/ce18119c429c75dafb499373c9e41797/screenshot - {}
RESULT: {}
COMMAND: POST /session/ce18119c429c75dafb499373c9e41797/element - {"using":"xpath","value":"//*[contains(@id ,\"activeCartId-BDI-content\")]"}
RESULT: {"using":"xpath","value":"//*[contains(@id ,\"activeCartId-BDI-content\")]"}
COMMAND: POST /session/ce18119c429c75dafb499373c9e41797/element/f.75ABCD62A5F27F9CE9C2BE5C52A034DE.d.93D15537433D4A8A587EF371EF8181FD.e.8629/click - {}
RESULT: {}
COMMAND: GET /session/ce18119c429c75dafb499373c9e41797/screenshot - {}
RESULT: {}
COMMAND: POST /session/ce18119c429c75dafb499373c9e41797/element - {"using":"xpath","value":"//bdi[contains(text(), \"Check out my request\")]"}
RESULT: {"using":"xpath","value":"//bdi[contains(text(), \"Check out my request\")]"}
COMMAND: POST /session/ce18119c429c75dafb499373c9e41797/element/f.75ABCD62A5F27F9CE9C2BE5C52A034DE.d.93D15537433D4A8A587EF371EF8181FD.e.8631/click - {}
RESULT: {}
COMMAND: GET /session/ce18119c429c75dafb499373c9e41797/screenshot - {}
RESULT: {}
COMMAND: POST /session/ce18119c429c75dafb499373c9e41797/element - {"using":"xpath","value":"(//header/div[1]/div[3]/div/span)[1]"}
RESULT: {"using":"xpath","value":"(//header/div[1]/div[3]/div/span)[1]"}
COMMAND: POST /session/ce18119c429c75dafb499373c9e41797/execute/sync - {"script":"<script> [149 bytes]","args":[{"element-6066-11e4-a52e-4f735466cecf":"f.75ABCD62A5F27F9CE9C2BE5C52A034DE.d.93D15537433D4A8A587EF371EF8181FD.e.8700","ELEMENT":"f.75ABCD62A5F27F9CE9C2BE5C52A034DE.d.93D15537433D4A8A587EF371EF8181FD.e.8700"},false]}
RESULT: {"script":"<script> [149 bytes]","args":[{"element-6066-11e4-a52e-4f735466cecf":"f.75ABCD62A5F27F9CE9C2BE5C52A034DE.d.93D15537433D4A8A587EF371EF8181FD.e.8700","ELEMENT":"f.75ABCD62A5F27F9CE9C2BE5C52A034DE.d.93D15537433D4A8A587EF371EF8181FD.e.8700"},false]}
COMMAND: POST /session/ce18119c429c75dafb499373c9e41797/element - {"using":"xpath","value":"(//div[contains(@data-kt ,\"characteristicsObjectStatus\")])[1]"}
COMMAND: GET /session/ce18119c429c75dafb499373c9e41797/screenshot - {}
RESULT: {"using":"xpath","value":"(//div[contains(@data-kt ,\"characteristicsObjectStatus\")])[1]"}
COMMAND: POST /session/ce18119c429c75dafb499373c9e41797/element/f.75ABCD62A5F27F9CE9C2BE5C52A034DE.d.93D15537433D4A8A587EF371EF8181FD.e.8701/click - {}
RESULT: {}
RESULT: {}
COMMAND: GET /session/ce18119c429c75dafb499373c9e41797/screenshot - {}
RESULT: {}
COMMAND: POST /session/ce18119c429c75dafb499373c9e41797/element - {"using":"xpath","value":"//input[contains(@id ,\"costObjectAdminTypeComboBox-inner\")]"}
RESULT: {"using":"xpath","value":"//input[contains(@id ,\"costObjectAdminTypeComboBox-inner\")]"}
COMMAND: POST /session/ce18119c429c75dafb499373c9e41797/element/f.75ABCD62A5F27F9CE9C2BE5C52A034DE.d.93D15537433D4A8A587EF371EF8181FD.e.8703/clear - {}
RESULT: {}
COMMAND: POST /session/ce18119c429c75dafb499373c9e41797/element/f.75ABCD62A5F27F9CE9C2BE5C52A034DE.d.93D15537433D4A8A587EF371EF8181FD.e.8703/value - {"text":"Cost Center"}
COMMAND: GET /session/ce18119c429c75dafb499373c9e41797/screenshot - {}
RESULT: {"text":"Cost Center"}
COMMAND: GET /session/ce18119c429c75dafb499373c9e41797/screenshot - {}
RESULT: {}
RESULT: {}
COMMAND: POST /session/ce18119c429c75dafb499373c9e41797/actions - {"actions":[{"id":"action27","type":"key","parameters":{},"actions":[{"type":"keyDown","value":""},{"type":"pause","duration":10},{"type":"keyUp","value":""}]}]}
RESULT: {"actions":[{"id":"action27","type":"key","parameters":{},"actions":[{"type":"keyDown","value":""},{"type":"pause","duration":10},{"type":"keyUp","value":""}]}]}
COMMAND: GET /session/ce18119c429c75dafb499373c9e41797/screenshot - {}
RESULT: {}
COMMAND: POST /session/ce18119c429c75dafb499373c9e41797/element - {"using":"xpath","value":"//input[contains(@id ,\"costObjectIdComboBox-inner\")]"}
RESULT: {"using":"xpath","value":"//input[contains(@id ,\"costObjectIdComboBox-inner\")]"}
COMMAND: POST /session/ce18119c429c75dafb499373c9e41797/element/f.75ABCD62A5F27F9CE9C2BE5C52A034DE.d.93D15537433D4A8A587EF371EF8181FD.e.8713/clear - {}
RESULT: {}
COMMAND: POST /session/ce18119c429c75dafb499373c9e41797/element/f.75ABCD62A5F27F9CE9C2BE5C52A034DE.d.93D15537433D4A8A587EF371EF8181FD.e.8713/value - {"text":"Vigra"}
COMMAND: GET /session/ce18119c429c75dafb499373c9e41797/screenshot - {}
RESULT: {"text":"Vigra"}
COMMAND: GET /session/ce18119c429c75dafb499373c9e41797/screenshot - {}
RESULT: {}
RESULT: {}
COMMAND: POST /session/ce18119c429c75dafb499373c9e41797/actions - {"actions":[{"id":"action28","type":"key","parameters":{},"actions":[{"type":"keyDown","value":""},{"type":"pause","duration":10},{"type":"keyUp","value":""}]}]}
RESULT: {"actions":[{"id":"action28","type":"key","parameters":{},"actions":[{"type":"keyDown","value":""},{"type":"pause","duration":10},{"type":"keyUp","value":""}]}]}
COMMAND: GET /session/ce18119c429c75dafb499373c9e41797/screenshot - {}
RESULT: {}
COMMAND: POST /session/ce18119c429c75dafb499373c9e41797/element - {"using":"xpath","value":"//bdi[contains(text(), \"Save\")]"}
RESULT: {"using":"xpath","value":"//bdi[contains(text(), \"Save\")]"}
COMMAND: POST /session/ce18119c429c75dafb499373c9e41797/element/f.75ABCD62A5F27F9CE9C2BE5C52A034DE.d.93D15537433D4A8A587EF371EF8181FD.e.8718/click - {}
RESULT: {}
COMMAND: GET /session/ce18119c429c75dafb499373c9e41797/screenshot - {}
RESULT: {}
COMMAND: POST /session/ce18119c429c75dafb499373c9e41797/execute/async - {"script":"<script> [1562 bytes]","args":[{"selector":{"controlType":"sap.ui.core.Icon","viewName":"etm.portal.ui.webshop.view.RequestDetail","properties":{"src":{"regex":{"source":"slim\\-arrow\\-down"}}},"ancestor":{"controlType":"sap.m.SplitButton","viewName":"etm.portal.ui.webshop.view.RequestDetail","properties":{"text":"Download"}}},"wdio_ui5_key":"etmportal.ui.webshop.view.RequestDetailsap.ui.core.Icon{\"src\":{\"regex\":{\"source\":\"slim\\\\-arrow\\\\-down\"}}}{\"controlType\":\"sap.m.SplitButton\",\"viewName\":\"etm.portal.ui.webshop.view.RequestDetail\",\"properties\":{\"text\":\"Download\"}}"}]}
RESULT: {"script":"<script> [1562 bytes]","args":[{"selector":{"controlType":"sap.ui.core.Icon","viewName":"etm.portal.ui.webshop.view.RequestDetail","properties":{"src":{"regex":{"source":"slim\\-arrow\\-down"}}},"ancestor":{"controlType":"sap.m.SplitButton","viewName":"etm.portal.ui.webshop.view.RequestDetail","properties":{"text":"Download"}}},"wdio_ui5_key":"etmportal.ui.webshop.view.RequestDetailsap.ui.core.Icon{\"src\":{\"regex\":{\"source\":\"slim\\\\-arrow\\\\-down\"}}}{\"controlType\":\"sap.m.SplitButton\",\"viewName\":\"etm.portal.ui.webshop.view.RequestDetail\",\"properties\":{\"text\":\"Download\"}}"}]}
RESULT: undefined
COMMAND: POST /session/ce18119c429c75dafb499373c9e41797/element - {"using":"xpath","value":"//*[@id=\"__button18-internalSplitBtn-arrowButton-img\"]"}
RESULT: {"using":"xpath","value":"//*[@id=\"__button18-internalSplitBtn-arrowButton-img\"]"}
COMMAND: POST /session/ce18119c429c75dafb499373c9e41797/element/f.75ABCD62A5F27F9CE9C2BE5C52A034DE.d.93D15537433D4A8A587EF371EF8181FD.e.8729/click - {}
RESULT: {}
COMMAND: GET /session/ce18119c429c75dafb499373c9e41797/screenshot - {}
RESULT: {}
COMMAND: POST /session/ce18119c429c75dafb499373c9e41797/actions - {"actions":[{"id":"action29","type":"key","parameters":{},"actions":[{"type":"keyDown","value":""},{"type":"pause","duration":10},{"type":"keyUp","value":""}]}]}
RESULT: {"actions":[{"id":"action29","type":"key","parameters":{},"actions":[{"type":"keyDown","value":""},{"type":"pause","duration":10},{"type":"keyUp","value":""}]}]}
COMMAND: GET /session/ce18119c429c75dafb499373c9e41797/screenshot - {}
RESULT: {}
COMMAND: GET /session/ce18119c429c75dafb499373c9e41797/window/handles - {}
RESULT: {}
COMMAND: POST /session/ce18119c429c75dafb499373c9e41797/window - {"handle":"311BDD7628A7BFB21E036854E1C84F1F"}
RESULT: {"handle":"311BDD7628A7BFB21E036854E1C84F1F"}
COMMAND: GET /session/ce18119c429c75dafb499373c9e41797/url - {}
RESULT: {}
COMMAND: GET /session/ce18119c429c75dafb499373c9e41797/screenshot - {}
RESULT: {}
COMMAND: DELETE /session/ce18119c429c75dafb499373c9e41797/window - {}
RESULT: {}
COMMAND: POST /session/ce18119c429c75dafb499373c9e41797/window - {"handle":"75ABCD62A5F27F9CE9C2BE5C52A034DE"}
RESULT: {"handle":"75ABCD62A5F27F9CE9C2BE5C52A034DE"}
COMMAND: GET /session/ce18119c429c75dafb499373c9e41797/url - {}
RESULT: {}
COMMAND: GET /session/ce18119c429c75dafb499373c9e41797/screenshot - {}
RESULT: {}
COMMAND: POST /session/ce18119c429c75dafb499373c9e41797/element - {"using":"xpath","value":"(//span[contains(@id ,\"internalSplitBtn-arrowButton-img\")])[1]"}
RESULT: {"using":"xpath","value":"(//span[contains(@id ,\"internalSplitBtn-arrowButton-img\")])[1]"}
COMMAND: POST /session/ce18119c429c75dafb499373c9e41797/element/f.75ABCD62A5F27F9CE9C2BE5C52A034DE.d.93D15537433D4A8A587EF371EF8181FD.e.8729/click - {}
RESULT: {}
COMMAND: GET /session/ce18119c429c75dafb499373c9e41797/screenshot - {}
RESULT: {}
COMMAND: POST /session/ce18119c429c75dafb499373c9e41797/actions - {"actions":[{"id":"action30","type":"key","parameters":{},"actions":[{"type":"keyDown","value":""},{"type":"pause","duration":10},{"type":"keyUp","value":""}]}]}
RESULT: {"actions":[{"id":"action30","type":"key","parameters":{},"actions":[{"type":"keyDown","value":""},{"type":"pause","duration":10},{"type":"keyUp","value":""}]}]}
COMMAND: POST /session/ce18119c429c75dafb499373c9e41797/actions - {"actions":[{"id":"action31","type":"key","parameters":{},"actions":[{"type":"keyDown","value":""},{"type":"pause","duration":10},{"type":"keyUp","value":""}]}]}
COMMAND: GET /session/ce18119c429c75dafb499373c9e41797/screenshot - {}
RESULT: {"actions":[{"id":"action31","type":"key","parameters":{},"actions":[{"type":"keyDown","value":""},{"type":"pause","duration":10},{"type":"keyUp","value":""}]}]}
COMMAND: GET /session/ce18119c429c75dafb499373c9e41797/screenshot - {}
RESULT: {}
RESULT: {}
COMMAND: GET /session/ce18119c429c75dafb499373c9e41797/window/handles - {}
RESULT: {}
COMMAND: POST /session/ce18119c429c75dafb499373c9e41797/window - {"handle":"579FC7F1BC60090AF9C5B39023383853"}
RESULT: {"handle":"579FC7F1BC60090AF9C5B39023383853"}
COMMAND: GET /session/ce18119c429c75dafb499373c9e41797/url - {}
RESULT: {}
COMMAND: GET /session/ce18119c429c75dafb499373c9e41797/screenshot - {}
RESULT: {}
COMMAND: DELETE /session/ce18119c429c75dafb499373c9e41797/window - {}
RESULT: {}
COMMAND: POST /session/ce18119c429c75dafb499373c9e41797/window - {"handle":"75ABCD62A5F27F9CE9C2BE5C52A034DE"}
RESULT: {"handle":"75ABCD62A5F27F9CE9C2BE5C52A034DE"}
COMMAND: GET /session/ce18119c429c75dafb499373c9e41797/url - {}
RESULT: {}
COMMAND: GET /session/ce18119c429c75dafb499373c9e41797/screenshot - {}
RESULT: {}
COMMAND: POST /session/ce18119c429c75dafb499373c9e41797/execute/async - {"script":"<script> [1562 bytes]","args":[{"selector":{"controlType":"sap.ui.core.Icon","viewName":"etm.portal.ui.webshop.view.RequestDetail","properties":{"src":{"regex":{"source":"slim\\-arrow\\-down"}}},"ancestor":{"controlType":"sap.m.SplitButton","viewName":"etm.portal.ui.webshop.view.RequestDetail","properties":{"text":"Actions"}}},"wdio_ui5_key":"etmportal.ui.webshop.view.RequestDetailsap.ui.core.Icon{\"src\":{\"regex\":{\"source\":\"slim\\\\-arrow\\\\-down\"}}}{\"controlType\":\"sap.m.SplitButton\",\"viewName\":\"etm.portal.ui.webshop.view.RequestDetail\",\"properties\":{\"text\":\"Actions\"}}"}]}
RESULT: {"script":"<script> [1562 bytes]","args":[{"selector":{"controlType":"sap.ui.core.Icon","viewName":"etm.portal.ui.webshop.view.RequestDetail","properties":{"src":{"regex":{"source":"slim\\-arrow\\-down"}}},"ancestor":{"controlType":"sap.m.SplitButton","viewName":"etm.portal.ui.webshop.view.RequestDetail","properties":{"text":"Actions"}}},"wdio_ui5_key":"etmportal.ui.webshop.view.RequestDetailsap.ui.core.Icon{\"src\":{\"regex\":{\"source\":\"slim\\\\-arrow\\\\-down\"}}}{\"controlType\":\"sap.m.SplitButton\",\"viewName\":\"etm.portal.ui.webshop.view.RequestDetail\",\"properties\":{\"text\":\"Actions\"}}"}]}
RESULT: undefined
COMMAND: POST /session/ce18119c429c75dafb499373c9e41797/element - {"using":"xpath","value":"//*[@id=\"__xmlview61--actionsMenuButton-internalSplitBtn-arrowButton-img\"]"}
RESULT: {"using":"xpath","value":"//*[@id=\"__xmlview61--actionsMenuButton-internalSplitBtn-arrowButton-img\"]"}
COMMAND: POST /session/ce18119c429c75dafb499373c9e41797/element/f.75ABCD62A5F27F9CE9C2BE5C52A034DE.d.93D15537433D4A8A587EF371EF8181FD.e.8735/click - {}
RESULT: {}
COMMAND: GET /session/ce18119c429c75dafb499373c9e41797/screenshot - {}
RESULT: {}
COMMAND: POST /session/ce18119c429c75dafb499373c9e41797/actions - {"actions":[{"id":"action32","type":"key","parameters":{},"actions":[{"type":"keyDown","value":""},{"type":"pause","duration":10},{"type":"keyUp","value":""}]}]}
RESULT: {"actions":[{"id":"action32","type":"key","parameters":{},"actions":[{"type":"keyDown","value":""},{"type":"pause","duration":10},{"type":"keyUp","value":""}]}]}
COMMAND: POST /session/ce18119c429c75dafb499373c9e41797/element - {"using":"xpath","value":"//div[contains(@class ,\"sapMMessageToast sapUiSelectable sapContrast sapContrastPlus\")]"}
COMMAND: GET /session/ce18119c429c75dafb499373c9e41797/screenshot - {}
RESULT: {"using":"xpath","value":"//div[contains(@class ,\"sapMMessageToast sapUiSelectable sapContrast sapContrastPlus\")]"}
COMMAND: POST /session/ce18119c429c75dafb499373c9e41797/element - {"using":"xpath","value":"//div[contains(@class ,\"sapMMessageToast sapUiSelectable sapContrast sapContrastPlus\")]"}
RESULT: {}
RESULT: {"using":"xpath","value":"//div[contains(@class ,\"sapMMessageToast sapUiSelectable sapContrast sapContrastPlus\")]"}
COMMAND: POST /session/ce18119c429c75dafb499373c9e41797/execute/sync - {"script":"<script> [8489 bytes]","args":[{"element-6066-11e4-a52e-4f735466cecf":"f.75ABCD62A5F27F9CE9C2BE5C52A034DE.d.93D15537433D4A8A587EF371EF8181FD.e.8741","ELEMENT":"f.75ABCD62A5F27F9CE9C2BE5C52A034DE.d.93D15537433D4A8A587EF371EF8181FD.e.8741"}]}
RESULT: {"script":"<script> [8489 bytes]","args":[{"element-6066-11e4-a52e-4f735466cecf":"f.75ABCD62A5F27F9CE9C2BE5C52A034DE.d.93D15537433D4A8A587EF371EF8181FD.e.8741","ELEMENT":"f.75ABCD62A5F27F9CE9C2BE5C52A034DE.d.93D15537433D4A8A587EF371EF8181FD.e.8741"}]}
COMMAND: GET /session/ce18119c429c75dafb499373c9e41797/element/f.75ABCD62A5F27F9CE9C2BE5C52A034DE.d.93D15537433D4A8A587EF371EF8181FD.e.8741/text - {}
COMMAND: GET /session/ce18119c429c75dafb499373c9e41797/screenshot - {}
RESULT: {}
RESULT: {}
COMMAND: POST /session/ce18119c429c75dafb499373c9e41797/execute/async - {"script":"<script> [1562 bytes]","args":[{"selector":{"controlType":"sap.m.ObjectStatus","viewName":"etm.portal.ui.webshop.view.RequestDetail","bindingPath":{"path":"/RequestHeaders(NO='20082')","propertyPath":"LINK_TO_STATUS/DESCRIPTION","modelName":"catalogModel"}},"wdio_ui5_key":"etmportal.ui.webshop.view.RequestDetailsap.m.ObjectStatus{\"path\":\"/RequestHeaders(NO='20082')\",\"propertyPath\":\"LINK_TO_STATUS/DESCRIPTION\",\"modelName\":\"catalogModel\"}"}]}
RESULT: {"script":"<script> [1562 bytes]","args":[{"selector":{"controlType":"sap.m.ObjectStatus","viewName":"etm.portal.ui.webshop.view.RequestDetail","bindingPath":{"path":"/RequestHeaders(NO='20082')","propertyPath":"LINK_TO_STATUS/DESCRIPTION","modelName":"catalogModel"}},"wdio_ui5_key":"etmportal.ui.webshop.view.RequestDetailsap.m.ObjectStatus{\"path\":\"/RequestHeaders(NO='20082')\",\"propertyPath\":\"LINK_TO_STATUS/DESCRIPTION\",\"modelName\":\"catalogModel\"}"}]}
RESULT: undefined
COMMAND: POST /session/ce18119c429c75dafb499373c9e41797/execute/async - {"script":"<script> [6424 bytes]","args":[{"element-6066-11e4-a52e-4f735466cecf":"f.75ABCD62A5F27F9CE9C2BE5C52A034DE.d.93D15537433D4A8A587EF371EF8181FD.e.8755"},"getText",[]]}
RESULT: {"script":"<script> [6424 bytes]","args":[{"element-6066-11e4-a52e-4f735466cecf":"f.75ABCD62A5F27F9CE9C2BE5C52A034DE.d.93D15537433D4A8A587EF371EF8181FD.e.8755"},"getText",[]]}
COMMAND: POST /session/ce18119c429c75dafb499373c9e41797/element - {"using":"xpath","value":"(//span[contains(@id ,\"internalSplitBtn-arrowButton-img\")])[1]"}
RESULT: {"using":"xpath","value":"(//span[contains(@id ,\"internalSplitBtn-arrowButton-img\")])[1]"}
COMMAND: POST /session/ce18119c429c75dafb499373c9e41797/element/f.75ABCD62A5F27F9CE9C2BE5C52A034DE.d.93D15537433D4A8A587EF371EF8181FD.e.8751/click - {}
RESULT: {}
COMMAND: GET /session/ce18119c429c75dafb499373c9e41797/screenshot - {}
RESULT: {}
COMMAND: POST /session/ce18119c429c75dafb499373c9e41797/actions - {"actions":[{"id":"action33","type":"key","parameters":{},"actions":[{"type":"keyDown","value":""},{"type":"pause","duration":10},{"type":"keyUp","value":""}]}]}
RESULT: {"actions":[{"id":"action33","type":"key","parameters":{},"actions":[{"type":"keyDown","value":""},{"type":"pause","duration":10},{"type":"keyUp","value":""}]}]}
COMMAND: GET /session/ce18119c429c75dafb499373c9e41797/screenshot - {}
RESULT: {}
COMMAND: POST /session/ce18119c429c75dafb499373c9e41797/element - {"using":"xpath","value":"//input[contains(@id ,\"smartFilterBar-btnBasicSearch-I\")]"}
RESULT: {"using":"xpath","value":"//input[contains(@id ,\"smartFilterBar-btnBasicSearch-I\")]"}
COMMAND: POST /session/ce18119c429c75dafb499373c9e41797/element/f.75ABCD62A5F27F9CE9C2BE5C52A034DE.d.93D15537433D4A8A587EF371EF8181FD.e.8760/clear - {}
RESULT: {}
COMMAND: POST /session/ce18119c429c75dafb499373c9e41797/element/f.75ABCD62A5F27F9CE9C2BE5C52A034DE.d.93D15537433D4A8A587EF371EF8181FD.e.8760/value - {"text":"20082"}
COMMAND: GET /session/ce18119c429c75dafb499373c9e41797/screenshot - {}
RESULT: {"text":"20082"}
COMMAND: GET /session/ce18119c429c75dafb499373c9e41797/screenshot - {}
RESULT: {}
RESULT: {}
COMMAND: POST /session/ce18119c429c75dafb499373c9e41797/actions - {"actions":[{"id":"action34","type":"key","parameters":{},"actions":[{"type":"keyDown","value":""},{"type":"pause","duration":10},{"type":"keyUp","value":""}]}]}
RESULT: {"actions":[{"id":"action34","type":"key","parameters":{},"actions":[{"type":"keyDown","value":""},{"type":"pause","duration":10},{"type":"keyUp","value":""}]}]}
COMMAND: GET /session/ce18119c429c75dafb499373c9e41797/screenshot - {}
RESULT: {}
COMMAND: POST /session/ce18119c429c75dafb499373c9e41797/execute/async - {"script":"<script> [1562 bytes]","args":[{"selector":{"controlType":"sap.m.ObjectStatus","viewName":"etm.portal.ui.webshop.view.RequestMaster","bindingPath":{"path":"/SmartWebshopRequests('20082')","propertyPath":"STATUS_DESCRIPTION"}},"wdio_ui5_key":"etmportal.ui.webshop.view.RequestMastersap.m.ObjectStatus{\"path\":\"/SmartWebshopRequests('20082')\",\"propertyPath\":\"STATUS_DESCRIPTION\"}"}]}
RESULT: {"script":"<script> [1562 bytes]","args":[{"selector":{"controlType":"sap.m.ObjectStatus","viewName":"etm.portal.ui.webshop.view.RequestMaster","bindingPath":{"path":"/SmartWebshopRequests('20082')","propertyPath":"STATUS_DESCRIPTION"}},"wdio_ui5_key":"etmportal.ui.webshop.view.RequestMastersap.m.ObjectStatus{\"path\":\"/SmartWebshopRequests('20082')\",\"propertyPath\":\"STATUS_DESCRIPTION\"}"}]}
RESULT: undefined
COMMAND: POST /session/ce18119c429c75dafb499373c9e41797/execute/async - {"script":"<script> [6424 bytes]","args":[{"element-6066-11e4-a52e-4f735466cecf":"f.75ABCD62A5F27F9CE9C2BE5C52A034DE.d.93D15537433D4A8A587EF371EF8181FD.e.8869"},"getText",[]]}
RESULT: {"script":"<script> [6424 bytes]","args":[{"element-6066-11e4-a52e-4f735466cecf":"f.75ABCD62A5F27F9CE9C2BE5C52A034DE.d.93D15537433D4A8A587EF371EF8181FD.e.8869"},"getText",[]]}
COMMAND: POST /session/ce18119c429c75dafb499373c9e41797/refresh - {}
RESULT: {}
COMMAND: GET /session/ce18119c429c75dafb499373c9e41797/screenshot - {}
RESULT: {}
COMMAND: POST /session/ce18119c429c75dafb499373c9e41797/execute/async - {"script":"<script> [189 bytes]","args":[]}
RESULT: {"script":"<script> [189 bytes]","args":[]}
COMMAND: POST /session/ce18119c429c75dafb499373c9e41797/execute/async - {"script":"<script> [123 bytes]","args":[]}
RESULT: {"script":"<script> [123 bytes]","args":[]}
COMMAND: POST /session/ce18119c429c75dafb499373c9e41797/timeouts - {"script":"<number>"}
RESULT: {"script":"<number>"}
COMMAND: GET /session/ce18119c429c75dafb499373c9e41797/timeouts - {}
RESULT: {}
RESULT: undefined
COMMAND: POST /session/ce18119c429c75dafb499373c9e41797/execute/async - {"script":"<script> [2676 bytes]","args":[]}
RESULT: {"script":"<script> [2676 bytes]","args":[]}
COMMAND: POST /session/ce18119c429c75dafb499373c9e41797/execute/async - {"script":"<script> [2342 bytes]","args":[{"protocol":"http","hostname":"0.0.0.0","path":"/","capabilities":{"browserName":"chrome","goog:chromeOptions":{"binary":"C:\\Program Files\\Google\\Chrome\\Application\\chrome.exe","args":["--start-maximized"]}},"logLevel":"warn","connectionRetryTimeout":120000,"connectionRetryCount":3,"logLevels":{},"enableDirectConnect":true,"strictSSL":true,"_":"65 more keys: [\"cacheDir\",\"port\",\"requestedCapabilities\",\"automationProtocol\",\"baseUrl\",\"waitforInterval\",\"waitforTimeout\",\"onReload\",\"beforeCommand\",\"afterCommand\",\"rootDir\",\"specs\",\"suites\",\"exclude\",\"groupLogsByTestSpec\",\"excludeDriverLogs\",\"bail\",\"framework\",\"reporters\",\"services\",\"maxInstances\",\"maxInstancesPerCapability\",\"injectGlobals\",\"filesToWatch\",\"execArgv\",\"runnerEnv\",\"runner\",\"shard\",\"specFileRetries\",\"specFileRetriesDelay\",\"specFileRetriesDeferred\",\"reporterSyncInterval\",\"reporterSyncTimeout\",\"cucumberFeaturesWithLineNumbers\",\"autoCompileOpts\",\"mochaOpts\",\"jasmineOpts\",\"cucumberOpts\",\"onPrepare\",\"onWorkerStart\",\"onWorkerEnd\",\"before\",\"beforeSession\",\"beforeSuite\",\"beforeHook\",\"beforeTest\",\"afterTest\",\"afterHook\",\"afterSuite\",\"afterSession\",\"after\",\"onComplete\",\"beforeAssertion\",\"afterAssertion\",\"beforeFeature\",\"beforeScenario\",\"beforeStep\",\"afterStep\",\"afterScenario\",\"afterFeature\",\"_\",\"suite\",\"$0\",\"ignoredWorkerServices\",\"wdi5\"]"}]}
RESULT: {"script":"<script> [2342 bytes]","args":[{"protocol":"http","hostname":"0.0.0.0","path":"/","capabilities":{"browserName":"chrome","goog:chromeOptions":{"binary":"C:\\Program Files\\Google\\Chrome\\Application\\chrome.exe","args":["--start-maximized"]}},"logLevel":"warn","connectionRetryTimeout":120000,"connectionRetryCount":3,"logLevels":{},"enableDirectConnect":true,"strictSSL":true,"_":"65 more keys: [\"cacheDir\",\"port\",\"requestedCapabilities\",\"automationProtocol\",\"baseUrl\",\"waitforInterval\",\"waitforTimeout\",\"onReload\",\"beforeCommand\",\"afterCommand\",\"rootDir\",\"specs\",\"suites\",\"exclude\",\"groupLogsByTestSpec\",\"excludeDriverLogs\",\"bail\",\"framework\",\"reporters\",\"services\",\"maxInstances\",\"maxInstancesPerCapability\",\"injectGlobals\",\"filesToWatch\",\"execArgv\",\"runnerEnv\",\"runner\",\"shard\",\"specFileRetries\",\"specFileRetriesDelay\",\"specFileRetriesDeferred\",\"reporterSyncInterval\",\"reporterSyncTimeout\",\"cucumberFeaturesWithLineNumbers\",\"autoCompileOpts\",\"mochaOpts\",\"jasmineOpts\",\"cucumberOpts\",\"onPrepare\",\"onWorkerStart\",\"onWorkerEnd\",\"before\",\"beforeSession\",\"beforeSuite\",\"beforeHook\",\"beforeTest\",\"afterTest\",\"afterHook\",\"afterSuite\",\"afterSession\",\"after\",\"onComplete\",\"beforeAssertion\",\"afterAssertion\",\"beforeFeature\",\"beforeScenario\",\"beforeStep\",\"afterStep\",\"afterScenario\",\"afterFeature\",\"_\",\"suite\",\"$0\",\"ignoredWorkerServices\",\"wdi5\"]"}]}
COMMAND: POST /session/ce18119c429c75dafb499373c9e41797/execute/async - {"script":"<script> [21126 bytes]","args":[35000]}
RESULT: {"script":"<script> [21126 bytes]","args":[35000]}
COMMAND: POST /session/ce18119c429c75dafb499373c9e41797/element - {"using":"xpath","value":"//li[contains(@title ,\"Exit\")]"}
RESULT: {"using":"xpath","value":"//li[contains(@title ,\"Exit\")]"}
COMMAND: POST /session/ce18119c429c75dafb499373c9e41797/element/f.75ABCD62A5F27F9CE9C2BE5C52A034DE.d.09428037D0570ACDBB2D004CC7E20AA2.e.8953/click - {}
RESULT: {}
COMMAND: GET /session/ce18119c429c75dafb499373c9e41797/screenshot - {}
RESULT: undefined
RESULT: undefined
RESULT: undefined
RESULT: undefined
RESULT: undefined
RESULT: undefined
RESULT: undefined
RESULT: undefined
RESULT: undefined
RESULT: undefined
RESULT: undefined
RESULT: {}
COMMAND: DELETE /session/ce18119c429c75dafb499373c9e41797 - {}
RESULT: {}
]]></system-out>
    </testcase>
  </testsuite>
</testsuites>