<?xml version="1.0" encoding="UTF-8"?>
<testsuites tests="58" failures="0" errors="0" skipped="0">
  <testsuite timestamp="2025-04-23T06:32:20" time="867.044" tests="11" failures="0" errors="0" skipped="0">
    <properties>
      <property name="specId" value="0"/>
      <property name="suiteName" value="Billing confirm US117289"/>
      <property name="capabilities" value="chrome.135_0_7049_42.windows"/>
      <property name="file" value="file:///D:/a/1/s/test/specs/BTS/billing-confirm.spec.js"/>
    </properties>
    <testcase classname="chrome.135_0_7049_42.windows.Billing_confirm_US117289" name="Should create a new yard" time="104.017">
      <system-out><![CDATA[
COMMAND: POST /session/baa8cc8c703ae50a3cfee07d32ab3bfd/window/fullscreen - {}
RESULT: {}
COMMAND: POST /session/baa8cc8c703ae50a3cfee07d32ab3bfd/execute/async - {"script":"<script> [1562 bytes]","args":[{"selector":{"controlType":"sap.m.GenericTile","properties":{"header":"Manage Yards"}},"wdio_ui5_key":"sapm.GenericTile{\"header\":\"Manage Yards\"}"}]}
RESULT: {"script":"<script> [1562 bytes]","args":[{"selector":{"controlType":"sap.m.GenericTile","properties":{"header":"Manage Yards"}},"wdio_ui5_key":"sapm.GenericTile{\"header\":\"Manage Yards\"}"}]}
RESULT: undefined
COMMAND: POST /session/baa8cc8c703ae50a3cfee07d32ab3bfd/element - {"using":"xpath","value":"//*[@id=\"__tile41\"]"}
RESULT: {"using":"xpath","value":"//*[@id=\"__tile41\"]"}
COMMAND: POST /session/baa8cc8c703ae50a3cfee07d32ab3bfd/element/f.A7D77B31E8FD2DE6ABF8E388F5FFE54F.d.F74A42C4F292B0243278D141A84264B4.e.157/click - {}
RESULT: {}
COMMAND: POST /session/baa8cc8c703ae50a3cfee07d32ab3bfd/element - {"using":"xpath","value":"//button[@data-kt=\"addNewYardOverflowToolbarButton\"]"}
COMMAND: GET /session/baa8cc8c703ae50a3cfee07d32ab3bfd/screenshot - {}
RESULT: {"using":"xpath","value":"//button[@data-kt=\"addNewYardOverflowToolbarButton\"]"}
COMMAND: POST /session/baa8cc8c703ae50a3cfee07d32ab3bfd/elements - {"using":"xpath","value":"//button[@data-kt=\"addNewYardOverflowToolbarButton\"]"}
RESULT: {}
RESULT: {"using":"xpath","value":"//button[@data-kt=\"addNewYardOverflowToolbarButton\"]"}
COMMAND: POST /session/baa8cc8c703ae50a3cfee07d32ab3bfd/elements - {"using":"xpath","value":"//button[@data-kt=\"addNewYardOverflowToolbarButton\"]"}
RESULT: {"using":"xpath","value":"//button[@data-kt=\"addNewYardOverflowToolbarButton\"]"}
COMMAND: POST /session/baa8cc8c703ae50a3cfee07d32ab3bfd/elements - {"using":"xpath","value":"//button[@data-kt=\"addNewYardOverflowToolbarButton\"]"}
RESULT: {"using":"xpath","value":"//button[@data-kt=\"addNewYardOverflowToolbarButton\"]"}
COMMAND: POST /session/baa8cc8c703ae50a3cfee07d32ab3bfd/elements - {"using":"xpath","value":"//button[@data-kt=\"addNewYardOverflowToolbarButton\"]"}
RESULT: {"using":"xpath","value":"//button[@data-kt=\"addNewYardOverflowToolbarButton\"]"}
COMMAND: POST /session/baa8cc8c703ae50a3cfee07d32ab3bfd/elements - {"using":"xpath","value":"//button[@data-kt=\"addNewYardOverflowToolbarButton\"]"}
RESULT: {"using":"xpath","value":"//button[@data-kt=\"addNewYardOverflowToolbarButton\"]"}
COMMAND: POST /session/baa8cc8c703ae50a3cfee07d32ab3bfd/elements - {"using":"xpath","value":"//button[@data-kt=\"addNewYardOverflowToolbarButton\"]"}
RESULT: {"using":"xpath","value":"//button[@data-kt=\"addNewYardOverflowToolbarButton\"]"}
COMMAND: POST /session/baa8cc8c703ae50a3cfee07d32ab3bfd/elements - {"using":"xpath","value":"//button[@data-kt=\"addNewYardOverflowToolbarButton\"]"}
RESULT: {"using":"xpath","value":"//button[@data-kt=\"addNewYardOverflowToolbarButton\"]"}
COMMAND: POST /session/baa8cc8c703ae50a3cfee07d32ab3bfd/elements - {"using":"xpath","value":"//button[@data-kt=\"addNewYardOverflowToolbarButton\"]"}
RESULT: {"using":"xpath","value":"//button[@data-kt=\"addNewYardOverflowToolbarButton\"]"}
COMMAND: POST /session/baa8cc8c703ae50a3cfee07d32ab3bfd/elements - {"using":"xpath","value":"//button[@data-kt=\"addNewYardOverflowToolbarButton\"]"}
RESULT: {"using":"xpath","value":"//button[@data-kt=\"addNewYardOverflowToolbarButton\"]"}
COMMAND: POST /session/baa8cc8c703ae50a3cfee07d32ab3bfd/elements - {"using":"xpath","value":"//button[@data-kt=\"addNewYardOverflowToolbarButton\"]"}
RESULT: {"using":"xpath","value":"//button[@data-kt=\"addNewYardOverflowToolbarButton\"]"}
COMMAND: POST /session/baa8cc8c703ae50a3cfee07d32ab3bfd/elements - {"using":"xpath","value":"//button[@data-kt=\"addNewYardOverflowToolbarButton\"]"}
RESULT: {"using":"xpath","value":"//button[@data-kt=\"addNewYardOverflowToolbarButton\"]"}
COMMAND: POST /session/baa8cc8c703ae50a3cfee07d32ab3bfd/elements - {"using":"xpath","value":"//button[@data-kt=\"addNewYardOverflowToolbarButton\"]"}
RESULT: {"using":"xpath","value":"//button[@data-kt=\"addNewYardOverflowToolbarButton\"]"}
COMMAND: POST /session/baa8cc8c703ae50a3cfee07d32ab3bfd/elements - {"using":"xpath","value":"//button[@data-kt=\"addNewYardOverflowToolbarButton\"]"}
RESULT: {"using":"xpath","value":"//button[@data-kt=\"addNewYardOverflowToolbarButton\"]"}
COMMAND: POST /session/baa8cc8c703ae50a3cfee07d32ab3bfd/elements - {"using":"xpath","value":"//button[@data-kt=\"addNewYardOverflowToolbarButton\"]"}
RESULT: {"using":"xpath","value":"//button[@data-kt=\"addNewYardOverflowToolbarButton\"]"}
COMMAND: POST /session/baa8cc8c703ae50a3cfee07d32ab3bfd/elements - {"using":"xpath","value":"//button[@data-kt=\"addNewYardOverflowToolbarButton\"]"}
RESULT: {"using":"xpath","value":"//button[@data-kt=\"addNewYardOverflowToolbarButton\"]"}
COMMAND: POST /session/baa8cc8c703ae50a3cfee07d32ab3bfd/elements - {"using":"xpath","value":"//button[@data-kt=\"addNewYardOverflowToolbarButton\"]"}
RESULT: {"using":"xpath","value":"//button[@data-kt=\"addNewYardOverflowToolbarButton\"]"}
COMMAND: POST /session/baa8cc8c703ae50a3cfee07d32ab3bfd/elements - {"using":"xpath","value":"//button[@data-kt=\"addNewYardOverflowToolbarButton\"]"}
RESULT: {"using":"xpath","value":"//button[@data-kt=\"addNewYardOverflowToolbarButton\"]"}
COMMAND: POST /session/baa8cc8c703ae50a3cfee07d32ab3bfd/elements - {"using":"xpath","value":"//button[@data-kt=\"addNewYardOverflowToolbarButton\"]"}
RESULT: {"using":"xpath","value":"//button[@data-kt=\"addNewYardOverflowToolbarButton\"]"}
COMMAND: POST /session/baa8cc8c703ae50a3cfee07d32ab3bfd/elements - {"using":"xpath","value":"//button[@data-kt=\"addNewYardOverflowToolbarButton\"]"}
RESULT: {"using":"xpath","value":"//button[@data-kt=\"addNewYardOverflowToolbarButton\"]"}
COMMAND: POST /session/baa8cc8c703ae50a3cfee07d32ab3bfd/elements - {"using":"xpath","value":"//button[@data-kt=\"addNewYardOverflowToolbarButton\"]"}
RESULT: {"using":"xpath","value":"//button[@data-kt=\"addNewYardOverflowToolbarButton\"]"}
COMMAND: POST /session/baa8cc8c703ae50a3cfee07d32ab3bfd/elements - {"using":"xpath","value":"//button[@data-kt=\"addNewYardOverflowToolbarButton\"]"}
RESULT: {"using":"xpath","value":"//button[@data-kt=\"addNewYardOverflowToolbarButton\"]"}
COMMAND: POST /session/baa8cc8c703ae50a3cfee07d32ab3bfd/elements - {"using":"xpath","value":"//button[@data-kt=\"addNewYardOverflowToolbarButton\"]"}
RESULT: {"using":"xpath","value":"//button[@data-kt=\"addNewYardOverflowToolbarButton\"]"}
COMMAND: POST /session/baa8cc8c703ae50a3cfee07d32ab3bfd/elements - {"using":"xpath","value":"//button[@data-kt=\"addNewYardOverflowToolbarButton\"]"}
RESULT: {"using":"xpath","value":"//button[@data-kt=\"addNewYardOverflowToolbarButton\"]"}
COMMAND: POST /session/baa8cc8c703ae50a3cfee07d32ab3bfd/elements - {"using":"xpath","value":"//button[@data-kt=\"addNewYardOverflowToolbarButton\"]"}
RESULT: {"using":"xpath","value":"//button[@data-kt=\"addNewYardOverflowToolbarButton\"]"}
COMMAND: POST /session/baa8cc8c703ae50a3cfee07d32ab3bfd/elements - {"using":"xpath","value":"//button[@data-kt=\"addNewYardOverflowToolbarButton\"]"}
RESULT: {"using":"xpath","value":"//button[@data-kt=\"addNewYardOverflowToolbarButton\"]"}
COMMAND: POST /session/baa8cc8c703ae50a3cfee07d32ab3bfd/elements - {"using":"xpath","value":"//button[@data-kt=\"addNewYardOverflowToolbarButton\"]"}
RESULT: {"using":"xpath","value":"//button[@data-kt=\"addNewYardOverflowToolbarButton\"]"}
COMMAND: POST /session/baa8cc8c703ae50a3cfee07d32ab3bfd/elements - {"using":"xpath","value":"//button[@data-kt=\"addNewYardOverflowToolbarButton\"]"}
RESULT: {"using":"xpath","value":"//button[@data-kt=\"addNewYardOverflowToolbarButton\"]"}
COMMAND: POST /session/baa8cc8c703ae50a3cfee07d32ab3bfd/elements - {"using":"xpath","value":"//button[@data-kt=\"addNewYardOverflowToolbarButton\"]"}
RESULT: {"using":"xpath","value":"//button[@data-kt=\"addNewYardOverflowToolbarButton\"]"}
COMMAND: POST /session/baa8cc8c703ae50a3cfee07d32ab3bfd/element - {"using":"xpath","value":"//button[@data-kt=\"addNewYardOverflowToolbarButton\"]"}
RESULT: {"using":"xpath","value":"//button[@data-kt=\"addNewYardOverflowToolbarButton\"]"}
COMMAND: POST /session/baa8cc8c703ae50a3cfee07d32ab3bfd/execute/sync - {"script":"<script> [8489 bytes]","args":[{"element-6066-11e4-a52e-4f735466cecf":"f.A7D77B31E8FD2DE6ABF8E388F5FFE54F.d.F74A42C4F292B0243278D141A84264B4.e.292","ELEMENT":"f.A7D77B31E8FD2DE6ABF8E388F5FFE54F.d.F74A42C4F292B0243278D141A84264B4.e.292"}]}
RESULT: {"script":"<script> [8489 bytes]","args":[{"element-6066-11e4-a52e-4f735466cecf":"f.A7D77B31E8FD2DE6ABF8E388F5FFE54F.d.F74A42C4F292B0243278D141A84264B4.e.292","ELEMENT":"f.A7D77B31E8FD2DE6ABF8E388F5FFE54F.d.F74A42C4F292B0243278D141A84264B4.e.292"}]}
COMMAND: GET /session/baa8cc8c703ae50a3cfee07d32ab3bfd/element/f.A7D77B31E8FD2DE6ABF8E388F5FFE54F.d.F74A42C4F292B0243278D141A84264B4.e.292/enabled - {}
COMMAND: GET /session/baa8cc8c703ae50a3cfee07d32ab3bfd/screenshot - {}
RESULT: {}
COMMAND: POST /session/baa8cc8c703ae50a3cfee07d32ab3bfd/execute/sync - {"script":"<script> [8489 bytes]","args":[{"element-6066-11e4-a52e-4f735466cecf":"f.A7D77B31E8FD2DE6ABF8E388F5FFE54F.d.F74A42C4F292B0243278D141A84264B4.e.292","ELEMENT":"f.A7D77B31E8FD2DE6ABF8E388F5FFE54F.d.F74A42C4F292B0243278D141A84264B4.e.292"}]}
COMMAND: GET /session/baa8cc8c703ae50a3cfee07d32ab3bfd/screenshot - {}
RESULT: {}
RESULT: {"script":"<script> [8489 bytes]","args":[{"element-6066-11e4-a52e-4f735466cecf":"f.A7D77B31E8FD2DE6ABF8E388F5FFE54F.d.F74A42C4F292B0243278D141A84264B4.e.292","ELEMENT":"f.A7D77B31E8FD2DE6ABF8E388F5FFE54F.d.F74A42C4F292B0243278D141A84264B4.e.292"}]}
COMMAND: POST /session/baa8cc8c703ae50a3cfee07d32ab3bfd/execute/sync - {"script":"<script> [5351 bytes]","args":[{"element-6066-11e4-a52e-4f735466cecf":"f.A7D77B31E8FD2DE6ABF8E388F5FFE54F.d.F74A42C4F292B0243278D141A84264B4.e.292","ELEMENT":"f.A7D77B31E8FD2DE6ABF8E388F5FFE54F.d.F74A42C4F292B0243278D141A84264B4.e.292"}]}
COMMAND: GET /session/baa8cc8c703ae50a3cfee07d32ab3bfd/screenshot - {}
RESULT: {}
RESULT: {"script":"<script> [5351 bytes]","args":[{"element-6066-11e4-a52e-4f735466cecf":"f.A7D77B31E8FD2DE6ABF8E388F5FFE54F.d.F74A42C4F292B0243278D141A84264B4.e.292","ELEMENT":"f.A7D77B31E8FD2DE6ABF8E388F5FFE54F.d.F74A42C4F292B0243278D141A84264B4.e.292"}]}
COMMAND: POST /session/baa8cc8c703ae50a3cfee07d32ab3bfd/element/f.A7D77B31E8FD2DE6ABF8E388F5FFE54F.d.F74A42C4F292B0243278D141A84264B4.e.292/click - {}
COMMAND: GET /session/baa8cc8c703ae50a3cfee07d32ab3bfd/screenshot - {}
RESULT: {}
RESULT: {}
COMMAND: GET /session/baa8cc8c703ae50a3cfee07d32ab3bfd/screenshot - {}
RESULT: {}
COMMAND: POST /session/baa8cc8c703ae50a3cfee07d32ab3bfd/element - {"using":"xpath","value":"//input[@id=\"application-manageyards-display-component---NewYard--yardId-inner\"]"}
RESULT: {}
RESULT: {"using":"xpath","value":"//input[@id=\"application-manageyards-display-component---NewYard--yardId-inner\"]"}
COMMAND: POST /session/baa8cc8c703ae50a3cfee07d32ab3bfd/element - {"using":"xpath","value":"//input[@id=\"application-manageyards-display-component---NewYard--yardId-inner\"]"}
RESULT: {"using":"xpath","value":"//input[@id=\"application-manageyards-display-component---NewYard--yardId-inner\"]"}
COMMAND: POST /session/baa8cc8c703ae50a3cfee07d32ab3bfd/execute/async - {"script":"<script> [1562 bytes]","args":[{"selector":{"id":"application-manageyards-display-component---NewYard--addressDetailDetailsName1","interaction":{"idSuffix":"inner"}},"wdio_ui5_key":"applicationmanageyards-display-component---NewYard--addressDetailDetailsName1"}]}
RESULT: {"script":"<script> [1562 bytes]","args":[{"selector":{"id":"application-manageyards-display-component---NewYard--addressDetailDetailsName1","interaction":{"idSuffix":"inner"}},"wdio_ui5_key":"applicationmanageyards-display-component---NewYard--addressDetailDetailsName1"}]}
RESULT: undefined
COMMAND: POST /session/baa8cc8c703ae50a3cfee07d32ab3bfd/execute/async - {"script":"<script> [776 bytes]","args":[{"enterText":"Intracompany Yard wdIO","selector":{"id":"application-manageyards-display-component---NewYard--addressDetailDetailsName1","interaction":{"idSuffix":"inner"}},"clearTextFirst":true,"interactionType":"ENTER_TEXT"}]}
RESULT: {"script":"<script> [776 bytes]","args":[{"enterText":"Intracompany Yard wdIO","selector":{"id":"application-manageyards-display-component---NewYard--addressDetailDetailsName1","interaction":{"idSuffix":"inner"}},"clearTextFirst":true,"interactionType":"ENTER_TEXT"}]}
COMMAND: POST /session/baa8cc8c703ae50a3cfee07d32ab3bfd/execute/async - {"script":"<script> [1562 bytes]","args":[{"selector":{"id":"application-manageyards-display-component---NewYard--addressDetailDetailsLanguage-arrow"},"wdio_ui5_key":"applicationmanageyards-display-component---NewYard--addressDetailDetailsLanguage-arrow"}]}
RESULT: {"script":"<script> [1562 bytes]","args":[{"selector":{"id":"application-manageyards-display-component---NewYard--addressDetailDetailsLanguage-arrow"},"wdio_ui5_key":"applicationmanageyards-display-component---NewYard--addressDetailDetailsLanguage-arrow"}]}
RESULT: undefined
COMMAND: POST /session/baa8cc8c703ae50a3cfee07d32ab3bfd/element - {"using":"xpath","value":"//*[@id=\"application-manageyards-display-component---NewYard--addressDetailDetailsLanguage-arrow\"]"}
RESULT: {"using":"xpath","value":"//*[@id=\"application-manageyards-display-component---NewYard--addressDetailDetailsLanguage-arrow\"]"}
COMMAND: POST /session/baa8cc8c703ae50a3cfee07d32ab3bfd/element/f.A7D77B31E8FD2DE6ABF8E388F5FFE54F.d.F74A42C4F292B0243278D141A84264B4.e.727/click - {}
RESULT: {}
COMMAND: POST /session/baa8cc8c703ae50a3cfee07d32ab3bfd/element - {"using":"xpath","value":"//span[contains(text(), \"English\")]"}
COMMAND: GET /session/baa8cc8c703ae50a3cfee07d32ab3bfd/screenshot - {}
RESULT: {"using":"xpath","value":"//span[contains(text(), \"English\")]"}
COMMAND: POST /session/baa8cc8c703ae50a3cfee07d32ab3bfd/element/f.A7D77B31E8FD2DE6ABF8E388F5FFE54F.d.F74A42C4F292B0243278D141A84264B4.e.728/click - {}
RESULT: {}
RESULT: {}
COMMAND: POST /session/baa8cc8c703ae50a3cfee07d32ab3bfd/execute/async - {"script":"<script> [1562 bytes]","args":[{"selector":{"id":"application-manageyards-display-component---NewYard--addressDetailDetailsCity1","interaction":{"idSuffix":"inner"}},"wdio_ui5_key":"applicationmanageyards-display-component---NewYard--addressDetailDetailsCity1"}]}
COMMAND: GET /session/baa8cc8c703ae50a3cfee07d32ab3bfd/screenshot - {}
RESULT: {"script":"<script> [1562 bytes]","args":[{"selector":{"id":"application-manageyards-display-component---NewYard--addressDetailDetailsCity1","interaction":{"idSuffix":"inner"}},"wdio_ui5_key":"applicationmanageyards-display-component---NewYard--addressDetailDetailsCity1"}]}
RESULT: undefined
COMMAND: POST /session/baa8cc8c703ae50a3cfee07d32ab3bfd/execute/async - {"script":"<script> [776 bytes]","args":[{"enterText":"Rosario","selector":{"id":"application-manageyards-display-component---NewYard--addressDetailDetailsCity1","interaction":{"idSuffix":"inner"}},"clearTextFirst":true,"interactionType":"ENTER_TEXT"}]}
RESULT: {}
RESULT: {"script":"<script> [776 bytes]","args":[{"enterText":"Rosario","selector":{"id":"application-manageyards-display-component---NewYard--addressDetailDetailsCity1","interaction":{"idSuffix":"inner"}},"clearTextFirst":true,"interactionType":"ENTER_TEXT"}]}
COMMAND: POST /session/baa8cc8c703ae50a3cfee07d32ab3bfd/execute/async - {"script":"<script> [1562 bytes]","args":[{"selector":{"id":"application-manageyards-display-component---NewYard--addressDetailDetailsCountry-arrow"},"wdio_ui5_key":"applicationmanageyards-display-component---NewYard--addressDetailDetailsCountry-arrow"}]}
RESULT: {"script":"<script> [1562 bytes]","args":[{"selector":{"id":"application-manageyards-display-component---NewYard--addressDetailDetailsCountry-arrow"},"wdio_ui5_key":"applicationmanageyards-display-component---NewYard--addressDetailDetailsCountry-arrow"}]}
RESULT: undefined
COMMAND: POST /session/baa8cc8c703ae50a3cfee07d32ab3bfd/element - {"using":"xpath","value":"//*[@id=\"application-manageyards-display-component---NewYard--addressDetailDetailsCountry-arrow\"]"}
RESULT: {"using":"xpath","value":"//*[@id=\"application-manageyards-display-component---NewYard--addressDetailDetailsCountry-arrow\"]"}
COMMAND: POST /session/baa8cc8c703ae50a3cfee07d32ab3bfd/element/f.A7D77B31E8FD2DE6ABF8E388F5FFE54F.d.F74A42C4F292B0243278D141A84264B4.e.730/click - {}
RESULT: {}
COMMAND: POST /session/baa8cc8c703ae50a3cfee07d32ab3bfd/element - {"using":"xpath","value":"//span[contains(text(), \"Argentina\")]"}
COMMAND: GET /session/baa8cc8c703ae50a3cfee07d32ab3bfd/screenshot - {}
RESULT: {"using":"xpath","value":"//span[contains(text(), \"Argentina\")]"}
COMMAND: POST /session/baa8cc8c703ae50a3cfee07d32ab3bfd/element/f.A7D77B31E8FD2DE6ABF8E388F5FFE54F.d.F74A42C4F292B0243278D141A84264B4.e.731/click - {}
RESULT: {}
RESULT: {}
COMMAND: POST /session/baa8cc8c703ae50a3cfee07d32ab3bfd/execute/async - {"script":"<script> [1562 bytes]","args":[{"selector":{"id":"application-manageyards-display-component---NewYard--addressEditDetailsCostObjectCstType-arrow"},"wdio_ui5_key":"applicationmanageyards-display-component---NewYard--addressEditDetailsCostObjectCstType-arrow"}]}
COMMAND: GET /session/baa8cc8c703ae50a3cfee07d32ab3bfd/screenshot - {}
RESULT: {"script":"<script> [1562 bytes]","args":[{"selector":{"id":"application-manageyards-display-component---NewYard--addressEditDetailsCostObjectCstType-arrow"},"wdio_ui5_key":"applicationmanageyards-display-component---NewYard--addressEditDetailsCostObjectCstType-arrow"}]}
RESULT: undefined
COMMAND: POST /session/baa8cc8c703ae50a3cfee07d32ab3bfd/element - {"using":"xpath","value":"//*[@id=\"application-manageyards-display-component---NewYard--addressEditDetailsCostObjectCstType-arrow\"]"}
RESULT: {}
RESULT: {"using":"xpath","value":"//*[@id=\"application-manageyards-display-component---NewYard--addressEditDetailsCostObjectCstType-arrow\"]"}
COMMAND: POST /session/baa8cc8c703ae50a3cfee07d32ab3bfd/element/f.A7D77B31E8FD2DE6ABF8E388F5FFE54F.d.F74A42C4F292B0243278D141A84264B4.e.733/click - {}
RESULT: {}
COMMAND: POST /session/baa8cc8c703ae50a3cfee07d32ab3bfd/element - {"using":"xpath","value":"//span[contains(text(), \"Cost Center\")]"}
COMMAND: GET /session/baa8cc8c703ae50a3cfee07d32ab3bfd/screenshot - {}
RESULT: {"using":"xpath","value":"//span[contains(text(), \"Cost Center\")]"}
COMMAND: POST /session/baa8cc8c703ae50a3cfee07d32ab3bfd/element/f.A7D77B31E8FD2DE6ABF8E388F5FFE54F.d.F74A42C4F292B0243278D141A84264B4.e.734/click - {}
RESULT: {}
RESULT: {}
COMMAND: GET /session/baa8cc8c703ae50a3cfee07d32ab3bfd/screenshot - {}
RESULT: {}
COMMAND: POST /session/baa8cc8c703ae50a3cfee07d32ab3bfd/element - {"using":"xpath","value":"//span[@id=\"application-manageyards-display-component---NewYard--addressNewCostObjectCstID-vhi\"]"}
RESULT: {"using":"xpath","value":"//span[@id=\"application-manageyards-display-component---NewYard--addressNewCostObjectCstID-vhi\"]"}
COMMAND: POST /session/baa8cc8c703ae50a3cfee07d32ab3bfd/execute/sync - {"script":"<script> [8489 bytes]","args":[{"element-6066-11e4-a52e-4f735466cecf":"f.A7D77B31E8FD2DE6ABF8E388F5FFE54F.d.F74A42C4F292B0243278D141A84264B4.e.737","ELEMENT":"f.A7D77B31E8FD2DE6ABF8E388F5FFE54F.d.F74A42C4F292B0243278D141A84264B4.e.737"}]}
RESULT: {"script":"<script> [8489 bytes]","args":[{"element-6066-11e4-a52e-4f735466cecf":"f.A7D77B31E8FD2DE6ABF8E388F5FFE54F.d.F74A42C4F292B0243278D141A84264B4.e.737","ELEMENT":"f.A7D77B31E8FD2DE6ABF8E388F5FFE54F.d.F74A42C4F292B0243278D141A84264B4.e.737"}]}
COMMAND: POST /session/baa8cc8c703ae50a3cfee07d32ab3bfd/execute/async - {"script":"<script> [1562 bytes]","args":[{"selector":{"id":"application-manageyards-display-component---NewYard--addressNewCostObjectCstID-vhi"},"wdio_ui5_key":"applicationmanageyards-display-component---NewYard--addressNewCostObjectCstID-vhi"}]}
COMMAND: GET /session/baa8cc8c703ae50a3cfee07d32ab3bfd/screenshot - {}
RESULT: {"script":"<script> [1562 bytes]","args":[{"selector":{"id":"application-manageyards-display-component---NewYard--addressNewCostObjectCstID-vhi"},"wdio_ui5_key":"applicationmanageyards-display-component---NewYard--addressNewCostObjectCstID-vhi"}]}
RESULT: undefined
COMMAND: POST /session/baa8cc8c703ae50a3cfee07d32ab3bfd/element - {"using":"xpath","value":"//*[@id=\"application-manageyards-display-component---NewYard--addressNewCostObjectCstID-vhi\"]"}
RESULT: {}
RESULT: {"using":"xpath","value":"//*[@id=\"application-manageyards-display-component---NewYard--addressNewCostObjectCstID-vhi\"]"}
COMMAND: POST /session/baa8cc8c703ae50a3cfee07d32ab3bfd/element/f.A7D77B31E8FD2DE6ABF8E388F5FFE54F.d.F74A42C4F292B0243278D141A84264B4.e.737/click - {}
RESULT: {}
COMMAND: GET /session/baa8cc8c703ae50a3cfee07d32ab3bfd/screenshot - {}
RESULT: {}
COMMAND: POST /session/baa8cc8c703ae50a3cfee07d32ab3bfd/execute/async - {"script":"<script> [1562 bytes]","args":[{"selector":{"controlType":"sap.m.SearchField","properties":{"placeholder":"Search"},"searchOpenDialogs":true,"interaction":{"idSuffix":"I"}},"wdio_ui5_key":"sapm.SearchField{\"placeholder\":\"Search\"}"}]}
RESULT: {"script":"<script> [1562 bytes]","args":[{"selector":{"controlType":"sap.m.SearchField","properties":{"placeholder":"Search"},"searchOpenDialogs":true,"interaction":{"idSuffix":"I"}},"wdio_ui5_key":"sapm.SearchField{\"placeholder\":\"Search\"}"}]}
RESULT: undefined
COMMAND: POST /session/baa8cc8c703ae50a3cfee07d32ab3bfd/execute/async - {"script":"<script> [776 bytes]","args":[{"enterText":"10001013","selector":{"controlType":"sap.m.SearchField","properties":{"placeholder":"Search"},"searchOpenDialogs":true,"interaction":{"idSuffix":"I"}},"clearTextFirst":true,"interactionType":"ENTER_TEXT"}]}
RESULT: {"script":"<script> [776 bytes]","args":[{"enterText":"10001013","selector":{"controlType":"sap.m.SearchField","properties":{"placeholder":"Search"},"searchOpenDialogs":true,"interaction":{"idSuffix":"I"}},"clearTextFirst":true,"interactionType":"ENTER_TEXT"}]}
COMMAND: POST /session/baa8cc8c703ae50a3cfee07d32ab3bfd/actions - {"actions":[{"id":"action1","type":"key","parameters":{},"actions":[{"type":"keyDown","value":""},{"type":"pause","duration":10},{"type":"keyUp","value":""}]}]}
RESULT: {"actions":[{"id":"action1","type":"key","parameters":{},"actions":[{"type":"keyDown","value":""},{"type":"pause","duration":10},{"type":"keyUp","value":""}]}]}
COMMAND: GET /session/baa8cc8c703ae50a3cfee07d32ab3bfd/screenshot - {}
RESULT: {}
COMMAND: POST /session/baa8cc8c703ae50a3cfee07d32ab3bfd/element - {"using":"xpath","value":"//span[contains(text(), \"General Management\")]"}
RESULT: {"using":"xpath","value":"//span[contains(text(), \"General Management\")]"}
COMMAND: POST /session/baa8cc8c703ae50a3cfee07d32ab3bfd/element/f.A7D77B31E8FD2DE6ABF8E388F5FFE54F.d.F74A42C4F292B0243278D141A84264B4.e.778/click - {}
RESULT: {}
COMMAND: GET /session/baa8cc8c703ae50a3cfee07d32ab3bfd/screenshot - {}
RESULT: {}
COMMAND: POST /session/baa8cc8c703ae50a3cfee07d32ab3bfd/element - {"using":"xpath","value":"//bdi[contains(text(), \"OK\")]"}
RESULT: {"using":"xpath","value":"//bdi[contains(text(), \"OK\")]"}
COMMAND: POST /session/baa8cc8c703ae50a3cfee07d32ab3bfd/element/f.A7D77B31E8FD2DE6ABF8E388F5FFE54F.d.F74A42C4F292B0243278D141A84264B4.e.779/click - {}
RESULT: {}
COMMAND: GET /session/baa8cc8c703ae50a3cfee07d32ab3bfd/screenshot - {}
RESULT: {}
COMMAND: POST /session/baa8cc8c703ae50a3cfee07d32ab3bfd/execute/async - {"script":"<script> [1562 bytes]","args":[{"selector":{"id":"application-manageyards-display-component---NewYard--addressEditDetailsCurrency-arrow"},"wdio_ui5_key":"applicationmanageyards-display-component---NewYard--addressEditDetailsCurrency-arrow"}]}
RESULT: {"script":"<script> [1562 bytes]","args":[{"selector":{"id":"application-manageyards-display-component---NewYard--addressEditDetailsCurrency-arrow"},"wdio_ui5_key":"applicationmanageyards-display-component---NewYard--addressEditDetailsCurrency-arrow"}]}
RESULT: undefined
COMMAND: POST /session/baa8cc8c703ae50a3cfee07d32ab3bfd/element - {"using":"xpath","value":"//*[@id=\"application-manageyards-display-component---NewYard--addressEditDetailsCurrency-arrow\"]"}
RESULT: {"using":"xpath","value":"//*[@id=\"application-manageyards-display-component---NewYard--addressEditDetailsCurrency-arrow\"]"}
COMMAND: POST /session/baa8cc8c703ae50a3cfee07d32ab3bfd/element/f.A7D77B31E8FD2DE6ABF8E388F5FFE54F.d.F74A42C4F292B0243278D141A84264B4.e.782/click - {}
RESULT: {}
COMMAND: POST /session/baa8cc8c703ae50a3cfee07d32ab3bfd/element - {"using":"xpath","value":"//span[contains(text(), \"Euro\")]"}
COMMAND: GET /session/baa8cc8c703ae50a3cfee07d32ab3bfd/screenshot - {}
RESULT: {"using":"xpath","value":"//span[contains(text(), \"Euro\")]"}
COMMAND: POST /session/baa8cc8c703ae50a3cfee07d32ab3bfd/element/f.A7D77B31E8FD2DE6ABF8E388F5FFE54F.d.F74A42C4F292B0243278D141A84264B4.e.783/click - {}
RESULT: {}
RESULT: {}
COMMAND: POST /session/baa8cc8c703ae50a3cfee07d32ab3bfd/execute/async - {"script":"<script> [1562 bytes]","args":[{"selector":{"controlType":"sap.m.Input","viewName":"etm.portal.ui.manageyards.view.New","viewId":"application-manageyards-display-component---NewYard","bindingPath":{"path":"","propertyPath":"/CONTROLLING_AREA","modelName":"NewYardModel"},"interaction":{"idSuffix":"inner"}},"wdio_ui5_key":"etmportal.ui.manageyards.view.Newsap.m.Input{\"path\":\"\",\"propertyPath\":\"/CONTROLLING_AREA\",\"modelName\":\"NewYardModel\"}"}]}
COMMAND: GET /session/baa8cc8c703ae50a3cfee07d32ab3bfd/screenshot - {}
RESULT: {"script":"<script> [1562 bytes]","args":[{"selector":{"controlType":"sap.m.Input","viewName":"etm.portal.ui.manageyards.view.New","viewId":"application-manageyards-display-component---NewYard","bindingPath":{"path":"","propertyPath":"/CONTROLLING_AREA","modelName":"NewYardModel"},"interaction":{"idSuffix":"inner"}},"wdio_ui5_key":"etmportal.ui.manageyards.view.Newsap.m.Input{\"path\":\"\",\"propertyPath\":\"/CONTROLLING_AREA\",\"modelName\":\"NewYardModel\"}"}]}
RESULT: undefined
COMMAND: POST /session/baa8cc8c703ae50a3cfee07d32ab3bfd/execute/async - {"script":"<script> [776 bytes]","args":[{"enterText":"Z001","selector":{"controlType":"sap.m.Input","viewName":"etm.portal.ui.manageyards.view.New","viewId":"application-manageyards-display-component---NewYard","bindingPath":{"path":"","propertyPath":"/CONTROLLING_AREA","modelName":"NewYardModel"},"interaction":{"idSuffix":"inner"}},"clearTextFirst":true,"interactionType":"ENTER_TEXT"}]}
RESULT: {}
RESULT: {"script":"<script> [776 bytes]","args":[{"enterText":"Z001","selector":{"controlType":"sap.m.Input","viewName":"etm.portal.ui.manageyards.view.New","viewId":"application-manageyards-display-component---NewYard","bindingPath":{"path":"","propertyPath":"/CONTROLLING_AREA","modelName":"NewYardModel"},"interaction":{"idSuffix":"inner"}},"clearTextFirst":true,"interactionType":"ENTER_TEXT"}]}
COMMAND: POST /session/baa8cc8c703ae50a3cfee07d32ab3bfd/execute/async - {"script":"<script> [1562 bytes]","args":[{"selector":{"id":"application-manageyards-display-component---NewYard--companyCodeComboBox","interaction":{"idSuffix":"inner"}},"wdio_ui5_key":"applicationmanageyards-display-component---NewYard--companyCodeComboBox"}]}
RESULT: {"script":"<script> [1562 bytes]","args":[{"selector":{"id":"application-manageyards-display-component---NewYard--companyCodeComboBox","interaction":{"idSuffix":"inner"}},"wdio_ui5_key":"applicationmanageyards-display-component---NewYard--companyCodeComboBox"}]}
RESULT: undefined
COMMAND: POST /session/baa8cc8c703ae50a3cfee07d32ab3bfd/execute/async - {"script":"<script> [776 bytes]","args":[{"enterText":"1000","selector":{"id":"application-manageyards-display-component---NewYard--companyCodeComboBox","interaction":{"idSuffix":"inner"}},"clearTextFirst":true,"interactionType":"ENTER_TEXT"}]}
RESULT: {"script":"<script> [776 bytes]","args":[{"enterText":"1000","selector":{"id":"application-manageyards-display-component---NewYard--companyCodeComboBox","interaction":{"idSuffix":"inner"}},"clearTextFirst":true,"interactionType":"ENTER_TEXT"}]}
COMMAND: POST /session/baa8cc8c703ae50a3cfee07d32ab3bfd/execute/async - {"script":"<script> [1562 bytes]","args":[{"selector":{"controlType":"sap.m.Input","viewName":"etm.portal.ui.manageyards.view.New","viewId":"application-manageyards-display-component---NewYard","bindingPath":{"path":"","propertyPath":"/PLANT","modelName":"NewYardModel"},"interaction":{"idSuffix":"inner"}},"wdio_ui5_key":"etmportal.ui.manageyards.view.Newsap.m.Input{\"path\":\"\",\"propertyPath\":\"/PLANT\",\"modelName\":\"NewYardModel\"}"}]}
RESULT: {"script":"<script> [1562 bytes]","args":[{"selector":{"controlType":"sap.m.Input","viewName":"etm.portal.ui.manageyards.view.New","viewId":"application-manageyards-display-component---NewYard","bindingPath":{"path":"","propertyPath":"/PLANT","modelName":"NewYardModel"},"interaction":{"idSuffix":"inner"}},"wdio_ui5_key":"etmportal.ui.manageyards.view.Newsap.m.Input{\"path\":\"\",\"propertyPath\":\"/PLANT\",\"modelName\":\"NewYardModel\"}"}]}
RESULT: undefined
COMMAND: POST /session/baa8cc8c703ae50a3cfee07d32ab3bfd/execute/async - {"script":"<script> [776 bytes]","args":[{"enterText":"1001","selector":{"controlType":"sap.m.Input","viewName":"etm.portal.ui.manageyards.view.New","viewId":"application-manageyards-display-component---NewYard","bindingPath":{"path":"","propertyPath":"/PLANT","modelName":"NewYardModel"},"interaction":{"idSuffix":"inner"}},"clearTextFirst":true,"interactionType":"ENTER_TEXT"}]}
RESULT: {"script":"<script> [776 bytes]","args":[{"enterText":"1001","selector":{"controlType":"sap.m.Input","viewName":"etm.portal.ui.manageyards.view.New","viewId":"application-manageyards-display-component---NewYard","bindingPath":{"path":"","propertyPath":"/PLANT","modelName":"NewYardModel"},"interaction":{"idSuffix":"inner"}},"clearTextFirst":true,"interactionType":"ENTER_TEXT"}]}
COMMAND: POST /session/baa8cc8c703ae50a3cfee07d32ab3bfd/execute/async - {"script":"<script> [1562 bytes]","args":[{"selector":{"controlType":"sap.m.Input","viewName":"etm.portal.ui.manageyards.view.New","viewId":"application-manageyards-display-component---NewYard","bindingPath":{"path":"","propertyPath":"/SALES_AREA_VKORG","modelName":"NewYardModel"},"interaction":{"idSuffix":"inner"}},"wdio_ui5_key":"etmportal.ui.manageyards.view.Newsap.m.Input{\"path\":\"\",\"propertyPath\":\"/SALES_AREA_VKORG\",\"modelName\":\"NewYardModel\"}"}]}
RESULT: {"script":"<script> [1562 bytes]","args":[{"selector":{"controlType":"sap.m.Input","viewName":"etm.portal.ui.manageyards.view.New","viewId":"application-manageyards-display-component---NewYard","bindingPath":{"path":"","propertyPath":"/SALES_AREA_VKORG","modelName":"NewYardModel"},"interaction":{"idSuffix":"inner"}},"wdio_ui5_key":"etmportal.ui.manageyards.view.Newsap.m.Input{\"path\":\"\",\"propertyPath\":\"/SALES_AREA_VKORG\",\"modelName\":\"NewYardModel\"}"}]}
RESULT: undefined
COMMAND: POST /session/baa8cc8c703ae50a3cfee07d32ab3bfd/execute/async - {"script":"<script> [776 bytes]","args":[{"enterText":"C002","selector":{"controlType":"sap.m.Input","viewName":"etm.portal.ui.manageyards.view.New","viewId":"application-manageyards-display-component---NewYard","bindingPath":{"path":"","propertyPath":"/SALES_AREA_VKORG","modelName":"NewYardModel"},"interaction":{"idSuffix":"inner"}},"clearTextFirst":true,"interactionType":"ENTER_TEXT"}]}
RESULT: {"script":"<script> [776 bytes]","args":[{"enterText":"C002","selector":{"controlType":"sap.m.Input","viewName":"etm.portal.ui.manageyards.view.New","viewId":"application-manageyards-display-component---NewYard","bindingPath":{"path":"","propertyPath":"/SALES_AREA_VKORG","modelName":"NewYardModel"},"interaction":{"idSuffix":"inner"}},"clearTextFirst":true,"interactionType":"ENTER_TEXT"}]}
COMMAND: POST /session/baa8cc8c703ae50a3cfee07d32ab3bfd/execute/async - {"script":"<script> [1562 bytes]","args":[{"selector":{"controlType":"sap.m.Input","viewName":"etm.portal.ui.manageyards.view.New","viewId":"application-manageyards-display-component---NewYard","bindingPath":{"path":"","propertyPath":"/SALES_AREA_VTWEG","modelName":"NewYardModel"},"interaction":{"idSuffix":"inner"}},"wdio_ui5_key":"etmportal.ui.manageyards.view.Newsap.m.Input{\"path\":\"\",\"propertyPath\":\"/SALES_AREA_VTWEG\",\"modelName\":\"NewYardModel\"}"}]}
RESULT: {"script":"<script> [1562 bytes]","args":[{"selector":{"controlType":"sap.m.Input","viewName":"etm.portal.ui.manageyards.view.New","viewId":"application-manageyards-display-component---NewYard","bindingPath":{"path":"","propertyPath":"/SALES_AREA_VTWEG","modelName":"NewYardModel"},"interaction":{"idSuffix":"inner"}},"wdio_ui5_key":"etmportal.ui.manageyards.view.Newsap.m.Input{\"path\":\"\",\"propertyPath\":\"/SALES_AREA_VTWEG\",\"modelName\":\"NewYardModel\"}"}]}
RESULT: undefined
COMMAND: POST /session/baa8cc8c703ae50a3cfee07d32ab3bfd/execute/async - {"script":"<script> [776 bytes]","args":[{"enterText":"C2","selector":{"controlType":"sap.m.Input","viewName":"etm.portal.ui.manageyards.view.New","viewId":"application-manageyards-display-component---NewYard","bindingPath":{"path":"","propertyPath":"/SALES_AREA_VTWEG","modelName":"NewYardModel"},"interaction":{"idSuffix":"inner"}},"clearTextFirst":true,"interactionType":"ENTER_TEXT"}]}
RESULT: {"script":"<script> [776 bytes]","args":[{"enterText":"C2","selector":{"controlType":"sap.m.Input","viewName":"etm.portal.ui.manageyards.view.New","viewId":"application-manageyards-display-component---NewYard","bindingPath":{"path":"","propertyPath":"/SALES_AREA_VTWEG","modelName":"NewYardModel"},"interaction":{"idSuffix":"inner"}},"clearTextFirst":true,"interactionType":"ENTER_TEXT"}]}
COMMAND: POST /session/baa8cc8c703ae50a3cfee07d32ab3bfd/execute/async - {"script":"<script> [1562 bytes]","args":[{"selector":{"controlType":"sap.m.Input","viewName":"etm.portal.ui.manageyards.view.New","viewId":"application-manageyards-display-component---NewYard","bindingPath":{"path":"","propertyPath":"/SALES_AREA_SPART","modelName":"NewYardModel"},"interaction":{"idSuffix":"inner"}},"wdio_ui5_key":"etmportal.ui.manageyards.view.Newsap.m.Input{\"path\":\"\",\"propertyPath\":\"/SALES_AREA_SPART\",\"modelName\":\"NewYardModel\"}"}]}
RESULT: {"script":"<script> [1562 bytes]","args":[{"selector":{"controlType":"sap.m.Input","viewName":"etm.portal.ui.manageyards.view.New","viewId":"application-manageyards-display-component---NewYard","bindingPath":{"path":"","propertyPath":"/SALES_AREA_SPART","modelName":"NewYardModel"},"interaction":{"idSuffix":"inner"}},"wdio_ui5_key":"etmportal.ui.manageyards.view.Newsap.m.Input{\"path\":\"\",\"propertyPath\":\"/SALES_AREA_SPART\",\"modelName\":\"NewYardModel\"}"}]}
RESULT: undefined
COMMAND: POST /session/baa8cc8c703ae50a3cfee07d32ab3bfd/execute/async - {"script":"<script> [776 bytes]","args":[{"enterText":"C2","selector":{"controlType":"sap.m.Input","viewName":"etm.portal.ui.manageyards.view.New","viewId":"application-manageyards-display-component---NewYard","bindingPath":{"path":"","propertyPath":"/SALES_AREA_SPART","modelName":"NewYardModel"},"interaction":{"idSuffix":"inner"}},"clearTextFirst":true,"interactionType":"ENTER_TEXT"}]}
RESULT: {"script":"<script> [776 bytes]","args":[{"enterText":"C2","selector":{"controlType":"sap.m.Input","viewName":"etm.portal.ui.manageyards.view.New","viewId":"application-manageyards-display-component---NewYard","bindingPath":{"path":"","propertyPath":"/SALES_AREA_SPART","modelName":"NewYardModel"},"interaction":{"idSuffix":"inner"}},"clearTextFirst":true,"interactionType":"ENTER_TEXT"}]}
COMMAND: POST /session/baa8cc8c703ae50a3cfee07d32ab3bfd/execute/async - {"script":"<script> [1562 bytes]","args":[{"selector":{"controlType":"sap.m.Input","viewName":"etm.portal.ui.manageyards.view.New","viewId":"application-manageyards-display-component---NewYard","bindingPath":{"path":"","propertyPath":"/SHIP_POINT","modelName":"NewYardModel"},"interaction":{"idSuffix":"inner"}},"wdio_ui5_key":"etmportal.ui.manageyards.view.Newsap.m.Input{\"path\":\"\",\"propertyPath\":\"/SHIP_POINT\",\"modelName\":\"NewYardModel\"}"}]}
RESULT: {"script":"<script> [1562 bytes]","args":[{"selector":{"controlType":"sap.m.Input","viewName":"etm.portal.ui.manageyards.view.New","viewId":"application-manageyards-display-component---NewYard","bindingPath":{"path":"","propertyPath":"/SHIP_POINT","modelName":"NewYardModel"},"interaction":{"idSuffix":"inner"}},"wdio_ui5_key":"etmportal.ui.manageyards.view.Newsap.m.Input{\"path\":\"\",\"propertyPath\":\"/SHIP_POINT\",\"modelName\":\"NewYardModel\"}"}]}
RESULT: undefined
COMMAND: POST /session/baa8cc8c703ae50a3cfee07d32ab3bfd/execute/async - {"script":"<script> [776 bytes]","args":[{"enterText":"1710","selector":{"controlType":"sap.m.Input","viewName":"etm.portal.ui.manageyards.view.New","viewId":"application-manageyards-display-component---NewYard","bindingPath":{"path":"","propertyPath":"/SHIP_POINT","modelName":"NewYardModel"},"interaction":{"idSuffix":"inner"}},"clearTextFirst":true,"interactionType":"ENTER_TEXT"}]}
RESULT: {"script":"<script> [776 bytes]","args":[{"enterText":"1710","selector":{"controlType":"sap.m.Input","viewName":"etm.portal.ui.manageyards.view.New","viewId":"application-manageyards-display-component---NewYard","bindingPath":{"path":"","propertyPath":"/SHIP_POINT","modelName":"NewYardModel"},"interaction":{"idSuffix":"inner"}},"clearTextFirst":true,"interactionType":"ENTER_TEXT"}]}
COMMAND: POST /session/baa8cc8c703ae50a3cfee07d32ab3bfd/execute/async - {"script":"<script> [1562 bytes]","args":[{"selector":{"controlType":"sap.m.Input","viewName":"etm.portal.ui.manageyards.view.New","viewId":"application-manageyards-display-component---NewYard","bindingPath":{"path":"","propertyPath":"/DELIVERY_TYPE","modelName":"NewYardModel"},"interaction":{"idSuffix":"inner"}},"wdio_ui5_key":"etmportal.ui.manageyards.view.Newsap.m.Input{\"path\":\"\",\"propertyPath\":\"/DELIVERY_TYPE\",\"modelName\":\"NewYardModel\"}"}]}
RESULT: {"script":"<script> [1562 bytes]","args":[{"selector":{"controlType":"sap.m.Input","viewName":"etm.portal.ui.manageyards.view.New","viewId":"application-manageyards-display-component---NewYard","bindingPath":{"path":"","propertyPath":"/DELIVERY_TYPE","modelName":"NewYardModel"},"interaction":{"idSuffix":"inner"}},"wdio_ui5_key":"etmportal.ui.manageyards.view.Newsap.m.Input{\"path\":\"\",\"propertyPath\":\"/DELIVERY_TYPE\",\"modelName\":\"NewYardModel\"}"}]}
RESULT: undefined
COMMAND: POST /session/baa8cc8c703ae50a3cfee07d32ab3bfd/execute/async - {"script":"<script> [776 bytes]","args":[{"enterText":"ZL01","selector":{"controlType":"sap.m.Input","viewName":"etm.portal.ui.manageyards.view.New","viewId":"application-manageyards-display-component---NewYard","bindingPath":{"path":"","propertyPath":"/DELIVERY_TYPE","modelName":"NewYardModel"},"interaction":{"idSuffix":"inner"}},"clearTextFirst":true,"interactionType":"ENTER_TEXT"}]}
RESULT: {"script":"<script> [776 bytes]","args":[{"enterText":"ZL01","selector":{"controlType":"sap.m.Input","viewName":"etm.portal.ui.manageyards.view.New","viewId":"application-manageyards-display-component---NewYard","bindingPath":{"path":"","propertyPath":"/DELIVERY_TYPE","modelName":"NewYardModel"},"interaction":{"idSuffix":"inner"}},"clearTextFirst":true,"interactionType":"ENTER_TEXT"}]}
COMMAND: POST /session/baa8cc8c703ae50a3cfee07d32ab3bfd/execute/async - {"script":"<script> [1562 bytes]","args":[{"selector":{"controlType":"sap.m.Input","viewName":"etm.portal.ui.manageyards.view.New","viewId":"application-manageyards-display-component---NewYard","bindingPath":{"path":"","propertyPath":"/AUART","modelName":"NewYardModel"},"interaction":{"idSuffix":"inner"}},"wdio_ui5_key":"etmportal.ui.manageyards.view.Newsap.m.Input{\"path\":\"\",\"propertyPath\":\"/AUART\",\"modelName\":\"NewYardModel\"}"}]}
RESULT: {"script":"<script> [1562 bytes]","args":[{"selector":{"controlType":"sap.m.Input","viewName":"etm.portal.ui.manageyards.view.New","viewId":"application-manageyards-display-component---NewYard","bindingPath":{"path":"","propertyPath":"/AUART","modelName":"NewYardModel"},"interaction":{"idSuffix":"inner"}},"wdio_ui5_key":"etmportal.ui.manageyards.view.Newsap.m.Input{\"path\":\"\",\"propertyPath\":\"/AUART\",\"modelName\":\"NewYardModel\"}"}]}
RESULT: undefined
COMMAND: POST /session/baa8cc8c703ae50a3cfee07d32ab3bfd/execute/async - {"script":"<script> [776 bytes]","args":[{"enterText":"TA","selector":{"controlType":"sap.m.Input","viewName":"etm.portal.ui.manageyards.view.New","viewId":"application-manageyards-display-component---NewYard","bindingPath":{"path":"","propertyPath":"/AUART","modelName":"NewYardModel"},"interaction":{"idSuffix":"inner"}},"clearTextFirst":true,"interactionType":"ENTER_TEXT"}]}
RESULT: {"script":"<script> [776 bytes]","args":[{"enterText":"TA","selector":{"controlType":"sap.m.Input","viewName":"etm.portal.ui.manageyards.view.New","viewId":"application-manageyards-display-component---NewYard","bindingPath":{"path":"","propertyPath":"/AUART","modelName":"NewYardModel"},"interaction":{"idSuffix":"inner"}},"clearTextFirst":true,"interactionType":"ENTER_TEXT"}]}
COMMAND: POST /session/baa8cc8c703ae50a3cfee07d32ab3bfd/element - {"using":"xpath","value":"//button[@data-kt=\"newYardSaveButton\"]"}
RESULT: {"using":"xpath","value":"//button[@data-kt=\"newYardSaveButton\"]"}
COMMAND: POST /session/baa8cc8c703ae50a3cfee07d32ab3bfd/element/f.A7D77B31E8FD2DE6ABF8E388F5FFE54F.d.F74A42C4F292B0243278D141A84264B4.e.710/click - {}
RESULT: {}
COMMAND: GET /session/baa8cc8c703ae50a3cfee07d32ab3bfd/screenshot - {}
RESULT: {}
COMMAND: POST /session/baa8cc8c703ae50a3cfee07d32ab3bfd/element - {"using":"xpath","value":"//header[contains(@id, 'ObjectPageLayout-headerTitle')]/div[1]/div[2]/div[1]/span[1]"}
RESULT: {"using":"xpath","value":"//header[contains(@id, 'ObjectPageLayout-headerTitle')]/div[1]/div[2]/div[1]/span[1]"}
COMMAND: POST /session/baa8cc8c703ae50a3cfee07d32ab3bfd/elements - {"using":"xpath","value":"//header[contains(@id, 'ObjectPageLayout-headerTitle')]/div[1]/div[2]/div[1]/span[1]"}
RESULT: {"using":"xpath","value":"//header[contains(@id, 'ObjectPageLayout-headerTitle')]/div[1]/div[2]/div[1]/span[1]"}
COMMAND: POST /session/baa8cc8c703ae50a3cfee07d32ab3bfd/execute/sync - {"script":"<script> [56 bytes]","args":[{"element-6066-11e4-a52e-4f735466cecf":"f.A7D77B31E8FD2DE6ABF8E388F5FFE54F.d.F74A42C4F292B0243278D141A84264B4.e.1006","ELEMENT":"f.A7D77B31E8FD2DE6ABF8E388F5FFE54F.d.F74A42C4F292B0243278D141A84264B4.e.1006"}]}
RESULT: {"script":"<script> [56 bytes]","args":[{"element-6066-11e4-a52e-4f735466cecf":"f.A7D77B31E8FD2DE6ABF8E388F5FFE54F.d.F74A42C4F292B0243278D141A84264B4.e.1006","ELEMENT":"f.A7D77B31E8FD2DE6ABF8E388F5FFE54F.d.F74A42C4F292B0243278D141A84264B4.e.1006"}]}
COMMAND: GET /session/baa8cc8c703ae50a3cfee07d32ab3bfd/screenshot - {}
RESULT: {}
COMMAND: POST /session/baa8cc8c703ae50a3cfee07d32ab3bfd/element - {"using":"css selector","value":"#shell-header-logo"}
RESULT: {"using":"css selector","value":"#shell-header-logo"}
COMMAND: POST /session/baa8cc8c703ae50a3cfee07d32ab3bfd/element/f.A7D77B31E8FD2DE6ABF8E388F5FFE54F.d.F74A42C4F292B0243278D141A84264B4.e.261/click - {}
RESULT: {}
COMMAND: GET /session/baa8cc8c703ae50a3cfee07d32ab3bfd/screenshot - {}
RESULT: {}
COMMAND: POST /session/baa8cc8c703ae50a3cfee07d32ab3bfd/execute/sync - {"script":"<script> [299 bytes]","args":[["getModel","getResource"]]}
RESULT: {"script":"<script> [299 bytes]","args":[["getModel","getResource"]]}
]]></system-out>
    </testcase>
    <testcase classname="chrome.135_0_7049_42.windows.Billing_confirm_US117289" name="Should create a new partner" time="112.568">
      <system-out><![CDATA[
COMMAND: GET /session/baa8cc8c703ae50a3cfee07d32ab3bfd/screenshot - {}
COMMAND: POST /session/baa8cc8c703ae50a3cfee07d32ab3bfd/window/fullscreen - {}
RESULT: {}
COMMAND: POST /session/baa8cc8c703ae50a3cfee07d32ab3bfd/execute/async - {"script":"<script> [1562 bytes]","args":[{"selector":{"controlType":"sap.m.GenericTile","properties":{"header":"Manage Partners"}},"wdio_ui5_key":"sapm.GenericTile{\"header\":\"Manage Partners\"}"}]}
RESULT: {}
RESULT: {"script":"<script> [1562 bytes]","args":[{"selector":{"controlType":"sap.m.GenericTile","properties":{"header":"Manage Partners"}},"wdio_ui5_key":"sapm.GenericTile{\"header\":\"Manage Partners\"}"}]}
RESULT: undefined
COMMAND: POST /session/baa8cc8c703ae50a3cfee07d32ab3bfd/element - {"using":"xpath","value":"//*[@id=\"__tile38\"]"}
RESULT: {"using":"xpath","value":"//*[@id=\"__tile38\"]"}
COMMAND: POST /session/baa8cc8c703ae50a3cfee07d32ab3bfd/element/f.A7D77B31E8FD2DE6ABF8E388F5FFE54F.d.F74A42C4F292B0243278D141A84264B4.e.148/click - {}
RESULT: {}
COMMAND: POST /session/baa8cc8c703ae50a3cfee07d32ab3bfd/element - {"using":"xpath","value":"//button[@data-kt=\"addButton\"]"}
COMMAND: GET /session/baa8cc8c703ae50a3cfee07d32ab3bfd/screenshot - {}
RESULT: {"using":"xpath","value":"//button[@data-kt=\"addButton\"]"}
COMMAND: POST /session/baa8cc8c703ae50a3cfee07d32ab3bfd/elements - {"using":"xpath","value":"//button[@data-kt=\"addButton\"]"}
RESULT: {}
RESULT: {"using":"xpath","value":"//button[@data-kt=\"addButton\"]"}
COMMAND: POST /session/baa8cc8c703ae50a3cfee07d32ab3bfd/elements - {"using":"xpath","value":"//button[@data-kt=\"addButton\"]"}
RESULT: {"using":"xpath","value":"//button[@data-kt=\"addButton\"]"}
COMMAND: POST /session/baa8cc8c703ae50a3cfee07d32ab3bfd/elements - {"using":"xpath","value":"//button[@data-kt=\"addButton\"]"}
RESULT: {"using":"xpath","value":"//button[@data-kt=\"addButton\"]"}
COMMAND: POST /session/baa8cc8c703ae50a3cfee07d32ab3bfd/elements - {"using":"xpath","value":"//button[@data-kt=\"addButton\"]"}
RESULT: {"using":"xpath","value":"//button[@data-kt=\"addButton\"]"}
COMMAND: POST /session/baa8cc8c703ae50a3cfee07d32ab3bfd/elements - {"using":"xpath","value":"//button[@data-kt=\"addButton\"]"}
RESULT: {"using":"xpath","value":"//button[@data-kt=\"addButton\"]"}
COMMAND: POST /session/baa8cc8c703ae50a3cfee07d32ab3bfd/elements - {"using":"xpath","value":"//button[@data-kt=\"addButton\"]"}
RESULT: {"using":"xpath","value":"//button[@data-kt=\"addButton\"]"}
COMMAND: POST /session/baa8cc8c703ae50a3cfee07d32ab3bfd/elements - {"using":"xpath","value":"//button[@data-kt=\"addButton\"]"}
RESULT: {"using":"xpath","value":"//button[@data-kt=\"addButton\"]"}
COMMAND: POST /session/baa8cc8c703ae50a3cfee07d32ab3bfd/elements - {"using":"xpath","value":"//button[@data-kt=\"addButton\"]"}
RESULT: {"using":"xpath","value":"//button[@data-kt=\"addButton\"]"}
COMMAND: POST /session/baa8cc8c703ae50a3cfee07d32ab3bfd/elements - {"using":"xpath","value":"//button[@data-kt=\"addButton\"]"}
RESULT: {"using":"xpath","value":"//button[@data-kt=\"addButton\"]"}
COMMAND: POST /session/baa8cc8c703ae50a3cfee07d32ab3bfd/elements - {"using":"xpath","value":"//button[@data-kt=\"addButton\"]"}
RESULT: {"using":"xpath","value":"//button[@data-kt=\"addButton\"]"}
COMMAND: POST /session/baa8cc8c703ae50a3cfee07d32ab3bfd/elements - {"using":"xpath","value":"//button[@data-kt=\"addButton\"]"}
RESULT: {"using":"xpath","value":"//button[@data-kt=\"addButton\"]"}
COMMAND: POST /session/baa8cc8c703ae50a3cfee07d32ab3bfd/elements - {"using":"xpath","value":"//button[@data-kt=\"addButton\"]"}
RESULT: {"using":"xpath","value":"//button[@data-kt=\"addButton\"]"}
COMMAND: POST /session/baa8cc8c703ae50a3cfee07d32ab3bfd/elements - {"using":"xpath","value":"//button[@data-kt=\"addButton\"]"}
RESULT: {"using":"xpath","value":"//button[@data-kt=\"addButton\"]"}
COMMAND: POST /session/baa8cc8c703ae50a3cfee07d32ab3bfd/elements - {"using":"xpath","value":"//button[@data-kt=\"addButton\"]"}
RESULT: {"using":"xpath","value":"//button[@data-kt=\"addButton\"]"}
COMMAND: POST /session/baa8cc8c703ae50a3cfee07d32ab3bfd/elements - {"using":"xpath","value":"//button[@data-kt=\"addButton\"]"}
RESULT: {"using":"xpath","value":"//button[@data-kt=\"addButton\"]"}
COMMAND: POST /session/baa8cc8c703ae50a3cfee07d32ab3bfd/elements - {"using":"xpath","value":"//button[@data-kt=\"addButton\"]"}
RESULT: {"using":"xpath","value":"//button[@data-kt=\"addButton\"]"}
COMMAND: POST /session/baa8cc8c703ae50a3cfee07d32ab3bfd/elements - {"using":"xpath","value":"//button[@data-kt=\"addButton\"]"}
RESULT: {"using":"xpath","value":"//button[@data-kt=\"addButton\"]"}
COMMAND: POST /session/baa8cc8c703ae50a3cfee07d32ab3bfd/elements - {"using":"xpath","value":"//button[@data-kt=\"addButton\"]"}
RESULT: {"using":"xpath","value":"//button[@data-kt=\"addButton\"]"}
COMMAND: POST /session/baa8cc8c703ae50a3cfee07d32ab3bfd/elements - {"using":"xpath","value":"//button[@data-kt=\"addButton\"]"}
RESULT: {"using":"xpath","value":"//button[@data-kt=\"addButton\"]"}
COMMAND: POST /session/baa8cc8c703ae50a3cfee07d32ab3bfd/element - {"using":"xpath","value":"//button[@data-kt=\"addButton\"]"}
RESULT: {"using":"xpath","value":"//button[@data-kt=\"addButton\"]"}
COMMAND: POST /session/baa8cc8c703ae50a3cfee07d32ab3bfd/execute/sync - {"script":"<script> [8489 bytes]","args":[{"element-6066-11e4-a52e-4f735466cecf":"f.A7D77B31E8FD2DE6ABF8E388F5FFE54F.d.F74A42C4F292B0243278D141A84264B4.e.1045","ELEMENT":"f.A7D77B31E8FD2DE6ABF8E388F5FFE54F.d.F74A42C4F292B0243278D141A84264B4.e.1045"}]}
RESULT: {"script":"<script> [8489 bytes]","args":[{"element-6066-11e4-a52e-4f735466cecf":"f.A7D77B31E8FD2DE6ABF8E388F5FFE54F.d.F74A42C4F292B0243278D141A84264B4.e.1045","ELEMENT":"f.A7D77B31E8FD2DE6ABF8E388F5FFE54F.d.F74A42C4F292B0243278D141A84264B4.e.1045"}]}
COMMAND: GET /session/baa8cc8c703ae50a3cfee07d32ab3bfd/element/f.A7D77B31E8FD2DE6ABF8E388F5FFE54F.d.F74A42C4F292B0243278D141A84264B4.e.1045/enabled - {}
COMMAND: GET /session/baa8cc8c703ae50a3cfee07d32ab3bfd/screenshot - {}
RESULT: {}
COMMAND: POST /session/baa8cc8c703ae50a3cfee07d32ab3bfd/execute/sync - {"script":"<script> [8489 bytes]","args":[{"element-6066-11e4-a52e-4f735466cecf":"f.A7D77B31E8FD2DE6ABF8E388F5FFE54F.d.F74A42C4F292B0243278D141A84264B4.e.1045","ELEMENT":"f.A7D77B31E8FD2DE6ABF8E388F5FFE54F.d.F74A42C4F292B0243278D141A84264B4.e.1045"}]}
COMMAND: GET /session/baa8cc8c703ae50a3cfee07d32ab3bfd/screenshot - {}
RESULT: {}
RESULT: {"script":"<script> [8489 bytes]","args":[{"element-6066-11e4-a52e-4f735466cecf":"f.A7D77B31E8FD2DE6ABF8E388F5FFE54F.d.F74A42C4F292B0243278D141A84264B4.e.1045","ELEMENT":"f.A7D77B31E8FD2DE6ABF8E388F5FFE54F.d.F74A42C4F292B0243278D141A84264B4.e.1045"}]}
COMMAND: POST /session/baa8cc8c703ae50a3cfee07d32ab3bfd/execute/sync - {"script":"<script> [5351 bytes]","args":[{"element-6066-11e4-a52e-4f735466cecf":"f.A7D77B31E8FD2DE6ABF8E388F5FFE54F.d.F74A42C4F292B0243278D141A84264B4.e.1045","ELEMENT":"f.A7D77B31E8FD2DE6ABF8E388F5FFE54F.d.F74A42C4F292B0243278D141A84264B4.e.1045"}]}
COMMAND: GET /session/baa8cc8c703ae50a3cfee07d32ab3bfd/screenshot - {}
RESULT: {}
RESULT: {"script":"<script> [5351 bytes]","args":[{"element-6066-11e4-a52e-4f735466cecf":"f.A7D77B31E8FD2DE6ABF8E388F5FFE54F.d.F74A42C4F292B0243278D141A84264B4.e.1045","ELEMENT":"f.A7D77B31E8FD2DE6ABF8E388F5FFE54F.d.F74A42C4F292B0243278D141A84264B4.e.1045"}]}
COMMAND: POST /session/baa8cc8c703ae50a3cfee07d32ab3bfd/element/f.A7D77B31E8FD2DE6ABF8E388F5FFE54F.d.F74A42C4F292B0243278D141A84264B4.e.1045/click - {}
COMMAND: GET /session/baa8cc8c703ae50a3cfee07d32ab3bfd/screenshot - {}
RESULT: {}
RESULT: {}
COMMAND: GET /session/baa8cc8c703ae50a3cfee07d32ab3bfd/screenshot - {}
COMMAND: POST /session/baa8cc8c703ae50a3cfee07d32ab3bfd/execute/async - {"script":"<script> [1562 bytes]","args":[{"selector":{"id":"application-managepartners-display-component---NewPartner--addressDetailDetailsName1","interaction":{"idSuffix":"inner"}},"wdio_ui5_key":"applicationmanagepartners-display-component---NewPartner--addressDetailDetailsName1"}]}
RESULT: {}
RESULT: {}
RESULT: {"script":"<script> [1562 bytes]","args":[{"selector":{"id":"application-managepartners-display-component---NewPartner--addressDetailDetailsName1","interaction":{"idSuffix":"inner"}},"wdio_ui5_key":"applicationmanagepartners-display-component---NewPartner--addressDetailDetailsName1"}]}
RESULT: undefined
COMMAND: POST /session/baa8cc8c703ae50a3cfee07d32ab3bfd/execute/async - {"script":"<script> [776 bytes]","args":[{"enterText":"Intracompany Partner WDIO","selector":{"id":"application-managepartners-display-component---NewPartner--addressDetailDetailsName1","interaction":{"idSuffix":"inner"}},"clearTextFirst":true,"interactionType":"ENTER_TEXT"}]}
RESULT: {"script":"<script> [776 bytes]","args":[{"enterText":"Intracompany Partner WDIO","selector":{"id":"application-managepartners-display-component---NewPartner--addressDetailDetailsName1","interaction":{"idSuffix":"inner"}},"clearTextFirst":true,"interactionType":"ENTER_TEXT"}]}
COMMAND: POST /session/baa8cc8c703ae50a3cfee07d32ab3bfd/execute/async - {"script":"<script> [1562 bytes]","args":[{"selector":{"id":"application-managepartners-display-component---NewPartner--addressDetailDetailsLanguage-arrow"},"wdio_ui5_key":"applicationmanagepartners-display-component---NewPartner--addressDetailDetailsLanguage-arrow"}]}
RESULT: {"script":"<script> [1562 bytes]","args":[{"selector":{"id":"application-managepartners-display-component---NewPartner--addressDetailDetailsLanguage-arrow"},"wdio_ui5_key":"applicationmanagepartners-display-component---NewPartner--addressDetailDetailsLanguage-arrow"}]}
RESULT: undefined
COMMAND: POST /session/baa8cc8c703ae50a3cfee07d32ab3bfd/element - {"using":"xpath","value":"//*[@id=\"application-managepartners-display-component---NewPartner--addressDetailDetailsLanguage-arrow\"]"}
RESULT: {"using":"xpath","value":"//*[@id=\"application-managepartners-display-component---NewPartner--addressDetailDetailsLanguage-arrow\"]"}
COMMAND: POST /session/baa8cc8c703ae50a3cfee07d32ab3bfd/element/f.A7D77B31E8FD2DE6ABF8E388F5FFE54F.d.F74A42C4F292B0243278D141A84264B4.e.1498/click - {}
RESULT: {}
COMMAND: POST /session/baa8cc8c703ae50a3cfee07d32ab3bfd/element - {"using":"xpath","value":"//span[contains(text(), \"English\")]"}
COMMAND: GET /session/baa8cc8c703ae50a3cfee07d32ab3bfd/screenshot - {}
RESULT: {"using":"xpath","value":"//span[contains(text(), \"English\")]"}
COMMAND: POST /session/baa8cc8c703ae50a3cfee07d32ab3bfd/element/f.A7D77B31E8FD2DE6ABF8E388F5FFE54F.d.F74A42C4F292B0243278D141A84264B4.e.1499/click - {}
RESULT: {}
RESULT: {}
COMMAND: GET /session/baa8cc8c703ae50a3cfee07d32ab3bfd/screenshot - {}
RESULT: {}
COMMAND: POST /session/baa8cc8c703ae50a3cfee07d32ab3bfd/execute/async - {"script":"<script> [1562 bytes]","args":[{"selector":{"id":"application-managepartners-display-component---NewPartner--addressDetailDetailsCity1","interaction":{"idSuffix":"inner"}},"wdio_ui5_key":"applicationmanagepartners-display-component---NewPartner--addressDetailDetailsCity1"}]}
RESULT: {"script":"<script> [1562 bytes]","args":[{"selector":{"id":"application-managepartners-display-component---NewPartner--addressDetailDetailsCity1","interaction":{"idSuffix":"inner"}},"wdio_ui5_key":"applicationmanagepartners-display-component---NewPartner--addressDetailDetailsCity1"}]}
RESULT: undefined
COMMAND: POST /session/baa8cc8c703ae50a3cfee07d32ab3bfd/execute/async - {"script":"<script> [776 bytes]","args":[{"enterText":"Rosario","selector":{"id":"application-managepartners-display-component---NewPartner--addressDetailDetailsCity1","interaction":{"idSuffix":"inner"}},"clearTextFirst":true,"interactionType":"ENTER_TEXT"}]}
RESULT: {"script":"<script> [776 bytes]","args":[{"enterText":"Rosario","selector":{"id":"application-managepartners-display-component---NewPartner--addressDetailDetailsCity1","interaction":{"idSuffix":"inner"}},"clearTextFirst":true,"interactionType":"ENTER_TEXT"}]}
COMMAND: POST /session/baa8cc8c703ae50a3cfee07d32ab3bfd/execute/async - {"script":"<script> [1562 bytes]","args":[{"selector":{"id":"application-managepartners-display-component---NewPartner--addressDetailDetailsCountry-arrow"},"wdio_ui5_key":"applicationmanagepartners-display-component---NewPartner--addressDetailDetailsCountry-arrow"}]}
RESULT: {"script":"<script> [1562 bytes]","args":[{"selector":{"id":"application-managepartners-display-component---NewPartner--addressDetailDetailsCountry-arrow"},"wdio_ui5_key":"applicationmanagepartners-display-component---NewPartner--addressDetailDetailsCountry-arrow"}]}
RESULT: undefined
COMMAND: POST /session/baa8cc8c703ae50a3cfee07d32ab3bfd/element - {"using":"xpath","value":"//*[@id=\"application-managepartners-display-component---NewPartner--addressDetailDetailsCountry-arrow\"]"}
RESULT: {"using":"xpath","value":"//*[@id=\"application-managepartners-display-component---NewPartner--addressDetailDetailsCountry-arrow\"]"}
COMMAND: POST /session/baa8cc8c703ae50a3cfee07d32ab3bfd/element/f.A7D77B31E8FD2DE6ABF8E388F5FFE54F.d.F74A42C4F292B0243278D141A84264B4.e.1485/click - {}
RESULT: {}
COMMAND: POST /session/baa8cc8c703ae50a3cfee07d32ab3bfd/element - {"using":"xpath","value":"//span[contains(text(), \"Argentina\")]"}
COMMAND: GET /session/baa8cc8c703ae50a3cfee07d32ab3bfd/screenshot - {}
RESULT: {"using":"xpath","value":"//span[contains(text(), \"Argentina\")]"}
COMMAND: POST /session/baa8cc8c703ae50a3cfee07d32ab3bfd/element/f.A7D77B31E8FD2DE6ABF8E388F5FFE54F.d.F74A42C4F292B0243278D141A84264B4.e.1501/click - {}
RESULT: {}
RESULT: {}
COMMAND: GET /session/baa8cc8c703ae50a3cfee07d32ab3bfd/screenshot - {}
RESULT: {}
COMMAND: POST /session/baa8cc8c703ae50a3cfee07d32ab3bfd/element - {"using":"xpath","value":"//bdi[contains(text(), \"Commercial\")]"}
RESULT: {"using":"xpath","value":"//bdi[contains(text(), \"Commercial\")]"}
COMMAND: POST /session/baa8cc8c703ae50a3cfee07d32ab3bfd/element/f.A7D77B31E8FD2DE6ABF8E388F5FFE54F.d.F74A42C4F292B0243278D141A84264B4.e.1502/click - {}
RESULT: {}
COMMAND: GET /session/baa8cc8c703ae50a3cfee07d32ab3bfd/screenshot - {}
RESULT: {}
COMMAND: POST /session/baa8cc8c703ae50a3cfee07d32ab3bfd/execute/async - {"script":"<script> [1562 bytes]","args":[{"selector":{"id":"application-managepartners-display-component---NewPartner--partnerDetailInternal-arrow"},"wdio_ui5_key":"applicationmanagepartners-display-component---NewPartner--partnerDetailInternal-arrow"}]}
RESULT: {"script":"<script> [1562 bytes]","args":[{"selector":{"id":"application-managepartners-display-component---NewPartner--partnerDetailInternal-arrow"},"wdio_ui5_key":"applicationmanagepartners-display-component---NewPartner--partnerDetailInternal-arrow"}]}
RESULT: undefined
COMMAND: POST /session/baa8cc8c703ae50a3cfee07d32ab3bfd/element - {"using":"xpath","value":"//*[@id=\"application-managepartners-display-component---NewPartner--partnerDetailInternal-arrow\"]"}
RESULT: {"using":"xpath","value":"//*[@id=\"application-managepartners-display-component---NewPartner--partnerDetailInternal-arrow\"]"}
COMMAND: POST /session/baa8cc8c703ae50a3cfee07d32ab3bfd/element/f.A7D77B31E8FD2DE6ABF8E388F5FFE54F.d.F74A42C4F292B0243278D141A84264B4.e.1510/click - {}
RESULT: {}
COMMAND: POST /session/baa8cc8c703ae50a3cfee07d32ab3bfd/element - {"using":"xpath","value":"//span[contains(text(), \"Affiliated company\")]"}
COMMAND: GET /session/baa8cc8c703ae50a3cfee07d32ab3bfd/screenshot - {}
RESULT: {"using":"xpath","value":"//span[contains(text(), \"Affiliated company\")]"}
COMMAND: POST /session/baa8cc8c703ae50a3cfee07d32ab3bfd/element/f.A7D77B31E8FD2DE6ABF8E388F5FFE54F.d.F74A42C4F292B0243278D141A84264B4.e.1511/click - {}
RESULT: {}
RESULT: {}
COMMAND: POST /session/baa8cc8c703ae50a3cfee07d32ab3bfd/execute/async - {"script":"<script> [1562 bytes]","args":[{"selector":{"id":"application-managepartners-display-component---NewPartner--partnerDetailsCurrency-arrow"},"wdio_ui5_key":"applicationmanagepartners-display-component---NewPartner--partnerDetailsCurrency-arrow"}]}
COMMAND: GET /session/baa8cc8c703ae50a3cfee07d32ab3bfd/screenshot - {}
RESULT: {"script":"<script> [1562 bytes]","args":[{"selector":{"id":"application-managepartners-display-component---NewPartner--partnerDetailsCurrency-arrow"},"wdio_ui5_key":"applicationmanagepartners-display-component---NewPartner--partnerDetailsCurrency-arrow"}]}
RESULT: undefined
COMMAND: POST /session/baa8cc8c703ae50a3cfee07d32ab3bfd/element - {"using":"xpath","value":"//*[@id=\"application-managepartners-display-component---NewPartner--partnerDetailsCurrency-arrow\"]"}
RESULT: {}
RESULT: {"using":"xpath","value":"//*[@id=\"application-managepartners-display-component---NewPartner--partnerDetailsCurrency-arrow\"]"}
COMMAND: POST /session/baa8cc8c703ae50a3cfee07d32ab3bfd/element/f.A7D77B31E8FD2DE6ABF8E388F5FFE54F.d.F74A42C4F292B0243278D141A84264B4.e.1518/click - {}
RESULT: {}
COMMAND: POST /session/baa8cc8c703ae50a3cfee07d32ab3bfd/element - {"using":"xpath","value":"//span[contains(text(), \"Euro\")]"}
COMMAND: GET /session/baa8cc8c703ae50a3cfee07d32ab3bfd/screenshot - {}
RESULT: {"using":"xpath","value":"//span[contains(text(), \"Euro\")]"}
COMMAND: POST /session/baa8cc8c703ae50a3cfee07d32ab3bfd/element/f.A7D77B31E8FD2DE6ABF8E388F5FFE54F.d.F74A42C4F292B0243278D141A84264B4.e.1519/click - {}
RESULT: {}
RESULT: {}
COMMAND: POST /session/baa8cc8c703ae50a3cfee07d32ab3bfd/execute/async - {"script":"<script> [1562 bytes]","args":[{"selector":{"id":"application-managepartners-display-component---NewPartner--addressEditDetailsCostObjectCstType-arrow"},"wdio_ui5_key":"applicationmanagepartners-display-component---NewPartner--addressEditDetailsCostObjectCstType-arrow"}]}
COMMAND: GET /session/baa8cc8c703ae50a3cfee07d32ab3bfd/screenshot - {}
RESULT: {"script":"<script> [1562 bytes]","args":[{"selector":{"id":"application-managepartners-display-component---NewPartner--addressEditDetailsCostObjectCstType-arrow"},"wdio_ui5_key":"applicationmanagepartners-display-component---NewPartner--addressEditDetailsCostObjectCstType-arrow"}]}
RESULT: undefined
COMMAND: POST /session/baa8cc8c703ae50a3cfee07d32ab3bfd/element - {"using":"xpath","value":"//*[@id=\"application-managepartners-display-component---NewPartner--addressEditDetailsCostObjectCstType-arrow\"]"}
RESULT: {}
RESULT: {"using":"xpath","value":"//*[@id=\"application-managepartners-display-component---NewPartner--addressEditDetailsCostObjectCstType-arrow\"]"}
COMMAND: POST /session/baa8cc8c703ae50a3cfee07d32ab3bfd/element/f.A7D77B31E8FD2DE6ABF8E388F5FFE54F.d.F74A42C4F292B0243278D141A84264B4.e.1520/click - {}
RESULT: {}
COMMAND: POST /session/baa8cc8c703ae50a3cfee07d32ab3bfd/element - {"using":"xpath","value":"//span[contains(text(), \"Cost Center\")]"}
COMMAND: GET /session/baa8cc8c703ae50a3cfee07d32ab3bfd/screenshot - {}
RESULT: {"using":"xpath","value":"//span[contains(text(), \"Cost Center\")]"}
COMMAND: POST /session/baa8cc8c703ae50a3cfee07d32ab3bfd/element/f.A7D77B31E8FD2DE6ABF8E388F5FFE54F.d.F74A42C4F292B0243278D141A84264B4.e.1521/click - {}
RESULT: {}
RESULT: {}
COMMAND: GET /session/baa8cc8c703ae50a3cfee07d32ab3bfd/screenshot - {}
RESULT: {}
COMMAND: POST /session/baa8cc8c703ae50a3cfee07d32ab3bfd/element - {"using":"xpath","value":"//span[@id=\"application-managepartners-display-component---NewPartner--addressNewCostObjectCstID-vhi\"]"}
RESULT: {"using":"xpath","value":"//span[@id=\"application-managepartners-display-component---NewPartner--addressNewCostObjectCstID-vhi\"]"}
COMMAND: POST /session/baa8cc8c703ae50a3cfee07d32ab3bfd/execute/sync - {"script":"<script> [8489 bytes]","args":[{"element-6066-11e4-a52e-4f735466cecf":"f.A7D77B31E8FD2DE6ABF8E388F5FFE54F.d.F74A42C4F292B0243278D141A84264B4.e.1524","ELEMENT":"f.A7D77B31E8FD2DE6ABF8E388F5FFE54F.d.F74A42C4F292B0243278D141A84264B4.e.1524"}]}
RESULT: {"script":"<script> [8489 bytes]","args":[{"element-6066-11e4-a52e-4f735466cecf":"f.A7D77B31E8FD2DE6ABF8E388F5FFE54F.d.F74A42C4F292B0243278D141A84264B4.e.1524","ELEMENT":"f.A7D77B31E8FD2DE6ABF8E388F5FFE54F.d.F74A42C4F292B0243278D141A84264B4.e.1524"}]}
COMMAND: POST /session/baa8cc8c703ae50a3cfee07d32ab3bfd/execute/async - {"script":"<script> [1562 bytes]","args":[{"selector":{"id":"application-managepartners-display-component---NewPartner--addressNewCostObjectCstID-vhi"},"wdio_ui5_key":"applicationmanagepartners-display-component---NewPartner--addressNewCostObjectCstID-vhi"}]}
COMMAND: GET /session/baa8cc8c703ae50a3cfee07d32ab3bfd/screenshot - {}
RESULT: {"script":"<script> [1562 bytes]","args":[{"selector":{"id":"application-managepartners-display-component---NewPartner--addressNewCostObjectCstID-vhi"},"wdio_ui5_key":"applicationmanagepartners-display-component---NewPartner--addressNewCostObjectCstID-vhi"}]}
RESULT: undefined
COMMAND: POST /session/baa8cc8c703ae50a3cfee07d32ab3bfd/element - {"using":"xpath","value":"//*[@id=\"application-managepartners-display-component---NewPartner--addressNewCostObjectCstID-vhi\"]"}
RESULT: {}
RESULT: {"using":"xpath","value":"//*[@id=\"application-managepartners-display-component---NewPartner--addressNewCostObjectCstID-vhi\"]"}
COMMAND: POST /session/baa8cc8c703ae50a3cfee07d32ab3bfd/element/f.A7D77B31E8FD2DE6ABF8E388F5FFE54F.d.F74A42C4F292B0243278D141A84264B4.e.1524/click - {}
RESULT: {}
COMMAND: GET /session/baa8cc8c703ae50a3cfee07d32ab3bfd/screenshot - {}
RESULT: {}
RESULT: undefined
COMMAND: POST /session/baa8cc8c703ae50a3cfee07d32ab3bfd/execute/async - {"script":"<script> [776 bytes]","args":[{"enterText":"10001013","selector":{"controlType":"sap.m.SearchField","properties":{"placeholder":"Search"},"searchOpenDialogs":true,"interaction":{"idSuffix":"I"}},"clearTextFirst":true,"interactionType":"ENTER_TEXT"}]}
RESULT: {"script":"<script> [776 bytes]","args":[{"enterText":"10001013","selector":{"controlType":"sap.m.SearchField","properties":{"placeholder":"Search"},"searchOpenDialogs":true,"interaction":{"idSuffix":"I"}},"clearTextFirst":true,"interactionType":"ENTER_TEXT"}]}
COMMAND: POST /session/baa8cc8c703ae50a3cfee07d32ab3bfd/actions - {"actions":[{"id":"action2","type":"key","parameters":{},"actions":[{"type":"keyDown","value":""},{"type":"pause","duration":10},{"type":"keyUp","value":""}]}]}
RESULT: {"actions":[{"id":"action2","type":"key","parameters":{},"actions":[{"type":"keyDown","value":""},{"type":"pause","duration":10},{"type":"keyUp","value":""}]}]}
COMMAND: GET /session/baa8cc8c703ae50a3cfee07d32ab3bfd/screenshot - {}
RESULT: {}
COMMAND: POST /session/baa8cc8c703ae50a3cfee07d32ab3bfd/element - {"using":"xpath","value":"//span[contains(text(), \"General Management\")]"}
RESULT: {"using":"xpath","value":"//span[contains(text(), \"General Management\")]"}
COMMAND: POST /session/baa8cc8c703ae50a3cfee07d32ab3bfd/element/f.A7D77B31E8FD2DE6ABF8E388F5FFE54F.d.F74A42C4F292B0243278D141A84264B4.e.1563/click - {}
RESULT: {}
COMMAND: GET /session/baa8cc8c703ae50a3cfee07d32ab3bfd/screenshot - {}
RESULT: {}
COMMAND: POST /session/baa8cc8c703ae50a3cfee07d32ab3bfd/element - {"using":"xpath","value":"//bdi[contains(text(), \"OK\")]"}
RESULT: {"using":"xpath","value":"//bdi[contains(text(), \"OK\")]"}
COMMAND: POST /session/baa8cc8c703ae50a3cfee07d32ab3bfd/element/f.A7D77B31E8FD2DE6ABF8E388F5FFE54F.d.F74A42C4F292B0243278D141A84264B4.e.1564/click - {}
RESULT: {}
COMMAND: GET /session/baa8cc8c703ae50a3cfee07d32ab3bfd/screenshot - {}
RESULT: {}
COMMAND: POST /session/baa8cc8c703ae50a3cfee07d32ab3bfd/element - {"using":"xpath","value":"//input[@id=\"application-managepartners-display-component---NewPartner--companyCodeComboBox-inner\"]"}
RESULT: {"using":"xpath","value":"//input[@id=\"application-managepartners-display-component---NewPartner--companyCodeComboBox-inner\"]"}
COMMAND: POST /session/baa8cc8c703ae50a3cfee07d32ab3bfd/element/f.A7D77B31E8FD2DE6ABF8E388F5FFE54F.d.F74A42C4F292B0243278D141A84264B4.e.1356/clear - {}
RESULT: {}
COMMAND: POST /session/baa8cc8c703ae50a3cfee07d32ab3bfd/element/f.A7D77B31E8FD2DE6ABF8E388F5FFE54F.d.F74A42C4F292B0243278D141A84264B4.e.1356/value - {"text":"1000"}
COMMAND: GET /session/baa8cc8c703ae50a3cfee07d32ab3bfd/screenshot - {}
RESULT: {"text":"1000"}
COMMAND: GET /session/baa8cc8c703ae50a3cfee07d32ab3bfd/screenshot - {}
RESULT: {}
RESULT: {}
COMMAND: POST /session/baa8cc8c703ae50a3cfee07d32ab3bfd/element - {"using":"xpath","value":"//span[contains(text(), \"1000\")]"}
RESULT: {"using":"xpath","value":"//span[contains(text(), \"1000\")]"}
COMMAND: POST /session/baa8cc8c703ae50a3cfee07d32ab3bfd/element/f.A7D77B31E8FD2DE6ABF8E388F5FFE54F.d.F74A42C4F292B0243278D141A84264B4.e.1570/click - {}
RESULT: {}
COMMAND: GET /session/baa8cc8c703ae50a3cfee07d32ab3bfd/screenshot - {}
RESULT: {}
COMMAND: POST /session/baa8cc8c703ae50a3cfee07d32ab3bfd/execute/async - {"script":"<script> [1562 bytes]","args":[{"selector":{"id":"application-managepartners-display-component---NewPartner--btnAddTableRow-img"},"wdio_ui5_key":"applicationmanagepartners-display-component---NewPartner--btnAddTableRow-img"}]}
RESULT: {"script":"<script> [1562 bytes]","args":[{"selector":{"id":"application-managepartners-display-component---NewPartner--btnAddTableRow-img"},"wdio_ui5_key":"applicationmanagepartners-display-component---NewPartner--btnAddTableRow-img"}]}
RESULT: undefined
COMMAND: POST /session/baa8cc8c703ae50a3cfee07d32ab3bfd/element - {"using":"xpath","value":"//*[@id=\"application-managepartners-display-component---NewPartner--btnAddTableRow-img\"]"}
RESULT: {"using":"xpath","value":"//*[@id=\"application-managepartners-display-component---NewPartner--btnAddTableRow-img\"]"}
COMMAND: POST /session/baa8cc8c703ae50a3cfee07d32ab3bfd/element/f.A7D77B31E8FD2DE6ABF8E388F5FFE54F.d.F74A42C4F292B0243278D141A84264B4.e.1571/click - {}
RESULT: {}
COMMAND: GET /session/baa8cc8c703ae50a3cfee07d32ab3bfd/screenshot - {}
RESULT: {}
COMMAND: POST /session/baa8cc8c703ae50a3cfee07d32ab3bfd/element - {"using":"xpath","value":"//input[@id=\"application-managepartners-display-component---NewPartner--assignmentYard-application-managepartners-display-component---NewPartner--assignmentsTable-0-inner\"]"}
RESULT: {"using":"xpath","value":"//input[@id=\"application-managepartners-display-component---NewPartner--assignmentYard-application-managepartners-display-component---NewPartner--assignmentsTable-0-inner\"]"}
COMMAND: POST /session/baa8cc8c703ae50a3cfee07d32ab3bfd/element/f.A7D77B31E8FD2DE6ABF8E388F5FFE54F.d.F74A42C4F292B0243278D141A84264B4.e.1574/clear - {}
RESULT: {}
COMMAND: POST /session/baa8cc8c703ae50a3cfee07d32ab3bfd/element/f.A7D77B31E8FD2DE6ABF8E388F5FFE54F.d.F74A42C4F292B0243278D141A84264B4.e.1574/value - {"text":"702"}
COMMAND: GET /session/baa8cc8c703ae50a3cfee07d32ab3bfd/screenshot - {}
RESULT: {"text":"702"}
COMMAND: GET /session/baa8cc8c703ae50a3cfee07d32ab3bfd/screenshot - {}
RESULT: {}
RESULT: {}
COMMAND: POST /session/baa8cc8c703ae50a3cfee07d32ab3bfd/element - {"using":"xpath","value":"//li[.//span[text()='702']]"}
RESULT: {"using":"xpath","value":"//li[.//span[text()='702']]"}
COMMAND: POST /session/baa8cc8c703ae50a3cfee07d32ab3bfd/element/f.A7D77B31E8FD2DE6ABF8E388F5FFE54F.d.F74A42C4F292B0243278D141A84264B4.e.1583/click - {}
RESULT: {}
COMMAND: GET /session/baa8cc8c703ae50a3cfee07d32ab3bfd/screenshot - {}
RESULT: {}
COMMAND: POST /session/baa8cc8c703ae50a3cfee07d32ab3bfd/actions - {"actions":[{"id":"action3","type":"key","parameters":{},"actions":[{"type":"keyDown","value":""},{"type":"pause","duration":10},{"type":"keyUp","value":""}]}]}
RESULT: {"actions":[{"id":"action3","type":"key","parameters":{},"actions":[{"type":"keyDown","value":""},{"type":"pause","duration":10},{"type":"keyUp","value":""}]}]}
COMMAND: POST /session/baa8cc8c703ae50a3cfee07d32ab3bfd/execute/async - {"script":"<script> [1562 bytes]","args":[{"selector":{"id":"application-managepartners-display-component---NewPartner--externalCustomerComboBox-application-managepartners-display-component---NewPartner--assignmentsTable-0-vhi"},"wdio_ui5_key":"applicationmanagepartners-display-component---NewPartner--externalCustomerComboBox-application-managepartners-display-component---NewPartner--assignmentsTable-0-vhi"}]}
COMMAND: GET /session/baa8cc8c703ae50a3cfee07d32ab3bfd/screenshot - {}
RESULT: {"script":"<script> [1562 bytes]","args":[{"selector":{"id":"application-managepartners-display-component---NewPartner--externalCustomerComboBox-application-managepartners-display-component---NewPartner--assignmentsTable-0-vhi"},"wdio_ui5_key":"applicationmanagepartners-display-component---NewPartner--externalCustomerComboBox-application-managepartners-display-component---NewPartner--assignmentsTable-0-vhi"}]}
RESULT: undefined
COMMAND: POST /session/baa8cc8c703ae50a3cfee07d32ab3bfd/element - {"using":"xpath","value":"//*[@id=\"application-managepartners-display-component---NewPartner--externalCustomerComboBox-application-managepartners-display-component---NewPartner--assignmentsTable-0-vhi\"]"}
RESULT: {}
RESULT: {"using":"xpath","value":"//*[@id=\"application-managepartners-display-component---NewPartner--externalCustomerComboBox-application-managepartners-display-component---NewPartner--assignmentsTable-0-vhi\"]"}
COMMAND: POST /session/baa8cc8c703ae50a3cfee07d32ab3bfd/element/f.A7D77B31E8FD2DE6ABF8E388F5FFE54F.d.F74A42C4F292B0243278D141A84264B4.e.1587/click - {}
RESULT: {}
RESULT: undefined
COMMAND: POST /session/baa8cc8c703ae50a3cfee07d32ab3bfd/execute/async - {"script":"<script> [776 bytes]","args":[{"enterText":"300003","selector":{"controlType":"sap.m.SearchField","properties":{"placeholder":"Search"},"searchOpenDialogs":true,"interaction":{"idSuffix":"I"}},"clearTextFirst":true,"interactionType":"ENTER_TEXT"}]}
COMMAND: GET /session/baa8cc8c703ae50a3cfee07d32ab3bfd/screenshot - {}
RESULT: {"script":"<script> [776 bytes]","args":[{"enterText":"300003","selector":{"controlType":"sap.m.SearchField","properties":{"placeholder":"Search"},"searchOpenDialogs":true,"interaction":{"idSuffix":"I"}},"clearTextFirst":true,"interactionType":"ENTER_TEXT"}]}
COMMAND: POST /session/baa8cc8c703ae50a3cfee07d32ab3bfd/actions - {"actions":[{"id":"action4","type":"key","parameters":{},"actions":[{"type":"keyDown","value":""},{"type":"pause","duration":10},{"type":"keyUp","value":""}]}]}
RESULT: {}
RESULT: {"actions":[{"id":"action4","type":"key","parameters":{},"actions":[{"type":"keyDown","value":""},{"type":"pause","duration":10},{"type":"keyUp","value":""}]}]}
COMMAND: GET /session/baa8cc8c703ae50a3cfee07d32ab3bfd/screenshot - {}
RESULT: {}
COMMAND: POST /session/baa8cc8c703ae50a3cfee07d32ab3bfd/element - {"using":"xpath","value":"//span[contains(text(), \"300003\")]"}
RESULT: {"using":"xpath","value":"//span[contains(text(), \"300003\")]"}
COMMAND: POST /session/baa8cc8c703ae50a3cfee07d32ab3bfd/element/f.A7D77B31E8FD2DE6ABF8E388F5FFE54F.d.F74A42C4F292B0243278D141A84264B4.e.1604/click - {}
RESULT: {}
COMMAND: GET /session/baa8cc8c703ae50a3cfee07d32ab3bfd/screenshot - {}
RESULT: {}
COMMAND: POST /session/baa8cc8c703ae50a3cfee07d32ab3bfd/element - {"using":"xpath","value":"//bdi[contains(text(), \"OK\")]"}
RESULT: {"using":"xpath","value":"//bdi[contains(text(), \"OK\")]"}
COMMAND: POST /session/baa8cc8c703ae50a3cfee07d32ab3bfd/element/f.A7D77B31E8FD2DE6ABF8E388F5FFE54F.d.F74A42C4F292B0243278D141A84264B4.e.1606/click - {}
RESULT: {}
COMMAND: GET /session/baa8cc8c703ae50a3cfee07d32ab3bfd/screenshot - {}
RESULT: {}
COMMAND: POST /session/baa8cc8c703ae50a3cfee07d32ab3bfd/execute/async - {"script":"<script> [1562 bytes]","args":[{"selector":{"id":"application-managepartners-display-component---NewPartner--intercompVendorComboBox-application-managepartners-display-component---NewPartner--assignmentsTable-0-vhi"},"wdio_ui5_key":"applicationmanagepartners-display-component---NewPartner--intercompVendorComboBox-application-managepartners-display-component---NewPartner--assignmentsTable-0-vhi"}]}
RESULT: {"script":"<script> [1562 bytes]","args":[{"selector":{"id":"application-managepartners-display-component---NewPartner--intercompVendorComboBox-application-managepartners-display-component---NewPartner--assignmentsTable-0-vhi"},"wdio_ui5_key":"applicationmanagepartners-display-component---NewPartner--intercompVendorComboBox-application-managepartners-display-component---NewPartner--assignmentsTable-0-vhi"}]}
RESULT: undefined
COMMAND: POST /session/baa8cc8c703ae50a3cfee07d32ab3bfd/element - {"using":"xpath","value":"//*[@id=\"application-managepartners-display-component---NewPartner--intercompVendorComboBox-application-managepartners-display-component---NewPartner--assignmentsTable-0-vhi\"]"}
RESULT: {"using":"xpath","value":"//*[@id=\"application-managepartners-display-component---NewPartner--intercompVendorComboBox-application-managepartners-display-component---NewPartner--assignmentsTable-0-vhi\"]"}
COMMAND: POST /session/baa8cc8c703ae50a3cfee07d32ab3bfd/element/f.A7D77B31E8FD2DE6ABF8E388F5FFE54F.d.F74A42C4F292B0243278D141A84264B4.e.1610/click - {}
RESULT: {}
RESULT: undefined
COMMAND: POST /session/baa8cc8c703ae50a3cfee07d32ab3bfd/execute/async - {"script":"<script> [776 bytes]","args":[{"enterText":"100005","selector":{"controlType":"sap.m.SearchField","properties":{"placeholder":"Search"},"searchOpenDialogs":true,"interaction":{"idSuffix":"I"}},"clearTextFirst":true,"interactionType":"ENTER_TEXT"}]}
COMMAND: GET /session/baa8cc8c703ae50a3cfee07d32ab3bfd/screenshot - {}
RESULT: {"script":"<script> [776 bytes]","args":[{"enterText":"100005","selector":{"controlType":"sap.m.SearchField","properties":{"placeholder":"Search"},"searchOpenDialogs":true,"interaction":{"idSuffix":"I"}},"clearTextFirst":true,"interactionType":"ENTER_TEXT"}]}
COMMAND: POST /session/baa8cc8c703ae50a3cfee07d32ab3bfd/actions - {"actions":[{"id":"action5","type":"key","parameters":{},"actions":[{"type":"keyDown","value":""},{"type":"pause","duration":10},{"type":"keyUp","value":""}]}]}
RESULT: {}
RESULT: {"actions":[{"id":"action5","type":"key","parameters":{},"actions":[{"type":"keyDown","value":""},{"type":"pause","duration":10},{"type":"keyUp","value":""}]}]}
COMMAND: GET /session/baa8cc8c703ae50a3cfee07d32ab3bfd/screenshot - {}
RESULT: {}
COMMAND: POST /session/baa8cc8c703ae50a3cfee07d32ab3bfd/element - {"using":"xpath","value":"//span[contains(text(), \"Penguins - Field/12345 Berlin\")]"}
RESULT: {"using":"xpath","value":"//span[contains(text(), \"Penguins - Field/12345 Berlin\")]"}
COMMAND: POST /session/baa8cc8c703ae50a3cfee07d32ab3bfd/element/f.A7D77B31E8FD2DE6ABF8E388F5FFE54F.d.F74A42C4F292B0243278D141A84264B4.e.1629/click - {}
RESULT: {}
COMMAND: GET /session/baa8cc8c703ae50a3cfee07d32ab3bfd/screenshot - {}
RESULT: {}
COMMAND: POST /session/baa8cc8c703ae50a3cfee07d32ab3bfd/element - {"using":"xpath","value":"//bdi[contains(text(), \"OK\")]"}
RESULT: {"using":"xpath","value":"//bdi[contains(text(), \"OK\")]"}
COMMAND: POST /session/baa8cc8c703ae50a3cfee07d32ab3bfd/element/f.A7D77B31E8FD2DE6ABF8E388F5FFE54F.d.F74A42C4F292B0243278D141A84264B4.e.1630/click - {}
RESULT: {}
COMMAND: GET /session/baa8cc8c703ae50a3cfee07d32ab3bfd/screenshot - {}
RESULT: {}
COMMAND: POST /session/baa8cc8c703ae50a3cfee07d32ab3bfd/element - {"using":"xpath","value":"//button[@data-kt=\"saveButton\"]"}
RESULT: {"using":"xpath","value":"//button[@data-kt=\"saveButton\"]"}
COMMAND: POST /session/baa8cc8c703ae50a3cfee07d32ab3bfd/element/f.A7D77B31E8FD2DE6ABF8E388F5FFE54F.d.F74A42C4F292B0243278D141A84264B4.e.1435/click - {}
RESULT: {}
COMMAND: GET /session/baa8cc8c703ae50a3cfee07d32ab3bfd/screenshot - {}
RESULT: {}
COMMAND: POST /session/baa8cc8c703ae50a3cfee07d32ab3bfd/element - {"using":"xpath","value":"//header[contains(@id, 'ObjectPageLayout-headerTitle')]/div[1]/div[2]/div[2]/span[1]"}
RESULT: {"using":"xpath","value":"//header[contains(@id, 'ObjectPageLayout-headerTitle')]/div[1]/div[2]/div[2]/span[1]"}
COMMAND: POST /session/baa8cc8c703ae50a3cfee07d32ab3bfd/elements - {"using":"xpath","value":"//header[contains(@id, 'ObjectPageLayout-headerTitle')]/div[1]/div[2]/div[2]/span[1]"}
RESULT: {"using":"xpath","value":"//header[contains(@id, 'ObjectPageLayout-headerTitle')]/div[1]/div[2]/div[2]/span[1]"}
COMMAND: POST /session/baa8cc8c703ae50a3cfee07d32ab3bfd/execute/sync - {"script":"<script> [56 bytes]","args":[{"element-6066-11e4-a52e-4f735466cecf":"f.A7D77B31E8FD2DE6ABF8E388F5FFE54F.d.F74A42C4F292B0243278D141A84264B4.e.1794","ELEMENT":"f.A7D77B31E8FD2DE6ABF8E388F5FFE54F.d.F74A42C4F292B0243278D141A84264B4.e.1794"}]}
RESULT: {"script":"<script> [56 bytes]","args":[{"element-6066-11e4-a52e-4f735466cecf":"f.A7D77B31E8FD2DE6ABF8E388F5FFE54F.d.F74A42C4F292B0243278D141A84264B4.e.1794","ELEMENT":"f.A7D77B31E8FD2DE6ABF8E388F5FFE54F.d.F74A42C4F292B0243278D141A84264B4.e.1794"}]}
COMMAND: POST /session/baa8cc8c703ae50a3cfee07d32ab3bfd/element - {"using":"css selector","value":"#shell-header-logo"}
COMMAND: GET /session/baa8cc8c703ae50a3cfee07d32ab3bfd/screenshot - {}
RESULT: {"using":"css selector","value":"#shell-header-logo"}
COMMAND: POST /session/baa8cc8c703ae50a3cfee07d32ab3bfd/element/f.A7D77B31E8FD2DE6ABF8E388F5FFE54F.d.F74A42C4F292B0243278D141A84264B4.e.1012/click - {}
RESULT: {}
RESULT: {}
COMMAND: GET /session/baa8cc8c703ae50a3cfee07d32ab3bfd/screenshot - {}
RESULT: {}
COMMAND: POST /session/baa8cc8c703ae50a3cfee07d32ab3bfd/execute/sync - {"script":"<script> [299 bytes]","args":[["getModel","getResource"]]}
RESULT: {"script":"<script> [299 bytes]","args":[["getModel","getResource"]]}
]]></system-out>
    </testcase>
    <testcase classname="chrome.135_0_7049_42.windows.Billing_confirm_US117289" name="Should create a new site" time="79.754">
      <system-out><![CDATA[
COMMAND: GET /session/baa8cc8c703ae50a3cfee07d32ab3bfd/screenshot - {}
COMMAND: POST /session/baa8cc8c703ae50a3cfee07d32ab3bfd/execute/async - {"script":"<script> [1562 bytes]","args":[{"selector":{"controlType":"sap.m.TileContent","bindingPath":{"path":"","propertyPath":"/properties/info"},"ancestor":{"controlType":"sap.m.GenericTile","properties":{"header":"Manage Sites"}}},"wdio_ui5_key":"sapm.TileContent{\"path\":\"\",\"propertyPath\":\"/properties/info\"}{\"controlType\":\"sap.m.GenericTile\",\"properties\":{\"header\":\"Manage Sites\"}}"}]}
RESULT: {}
RESULT: {"script":"<script> [1562 bytes]","args":[{"selector":{"controlType":"sap.m.TileContent","bindingPath":{"path":"","propertyPath":"/properties/info"},"ancestor":{"controlType":"sap.m.GenericTile","properties":{"header":"Manage Sites"}}},"wdio_ui5_key":"sapm.TileContent{\"path\":\"\",\"propertyPath\":\"/properties/info\"}{\"controlType\":\"sap.m.GenericTile\",\"properties\":{\"header\":\"Manage Sites\"}}"}]}
RESULT: undefined
COMMAND: POST /session/baa8cc8c703ae50a3cfee07d32ab3bfd/element - {"using":"xpath","value":"//*[@id=\"__xmlview7--numericTileContent\"]"}
RESULT: {"using":"xpath","value":"//*[@id=\"__xmlview7--numericTileContent\"]"}
COMMAND: POST /session/baa8cc8c703ae50a3cfee07d32ab3bfd/element/f.A7D77B31E8FD2DE6ABF8E388F5FFE54F.d.F74A42C4F292B0243278D141A84264B4.e.1796/click - {}
RESULT: {}
COMMAND: POST /session/baa8cc8c703ae50a3cfee07d32ab3bfd/element - {"using":"xpath","value":"//button[@data-kt=\"addOverflowToolbarButton\"]"}
COMMAND: GET /session/baa8cc8c703ae50a3cfee07d32ab3bfd/screenshot - {}
RESULT: {"using":"xpath","value":"//button[@data-kt=\"addOverflowToolbarButton\"]"}
COMMAND: POST /session/baa8cc8c703ae50a3cfee07d32ab3bfd/elements - {"using":"xpath","value":"//button[@data-kt=\"addOverflowToolbarButton\"]"}
RESULT: {}
RESULT: {"using":"xpath","value":"//button[@data-kt=\"addOverflowToolbarButton\"]"}
COMMAND: POST /session/baa8cc8c703ae50a3cfee07d32ab3bfd/elements - {"using":"xpath","value":"//button[@data-kt=\"addOverflowToolbarButton\"]"}
RESULT: {"using":"xpath","value":"//button[@data-kt=\"addOverflowToolbarButton\"]"}
COMMAND: POST /session/baa8cc8c703ae50a3cfee07d32ab3bfd/elements - {"using":"xpath","value":"//button[@data-kt=\"addOverflowToolbarButton\"]"}
RESULT: {"using":"xpath","value":"//button[@data-kt=\"addOverflowToolbarButton\"]"}
COMMAND: POST /session/baa8cc8c703ae50a3cfee07d32ab3bfd/elements - {"using":"xpath","value":"//button[@data-kt=\"addOverflowToolbarButton\"]"}
RESULT: {"using":"xpath","value":"//button[@data-kt=\"addOverflowToolbarButton\"]"}
COMMAND: POST /session/baa8cc8c703ae50a3cfee07d32ab3bfd/element - {"using":"xpath","value":"//button[@data-kt=\"addOverflowToolbarButton\"]"}
RESULT: {"using":"xpath","value":"//button[@data-kt=\"addOverflowToolbarButton\"]"}
COMMAND: POST /session/baa8cc8c703ae50a3cfee07d32ab3bfd/execute/sync - {"script":"<script> [8489 bytes]","args":[{"element-6066-11e4-a52e-4f735466cecf":"f.A7D77B31E8FD2DE6ABF8E388F5FFE54F.d.F74A42C4F292B0243278D141A84264B4.e.1811","ELEMENT":"f.A7D77B31E8FD2DE6ABF8E388F5FFE54F.d.F74A42C4F292B0243278D141A84264B4.e.1811"}]}
RESULT: {"script":"<script> [8489 bytes]","args":[{"element-6066-11e4-a52e-4f735466cecf":"f.A7D77B31E8FD2DE6ABF8E388F5FFE54F.d.F74A42C4F292B0243278D141A84264B4.e.1811","ELEMENT":"f.A7D77B31E8FD2DE6ABF8E388F5FFE54F.d.F74A42C4F292B0243278D141A84264B4.e.1811"}]}
COMMAND: GET /session/baa8cc8c703ae50a3cfee07d32ab3bfd/element/f.A7D77B31E8FD2DE6ABF8E388F5FFE54F.d.F74A42C4F292B0243278D141A84264B4.e.1811/enabled - {}
COMMAND: GET /session/baa8cc8c703ae50a3cfee07d32ab3bfd/screenshot - {}
RESULT: {}
COMMAND: POST /session/baa8cc8c703ae50a3cfee07d32ab3bfd/execute/sync - {"script":"<script> [8489 bytes]","args":[{"element-6066-11e4-a52e-4f735466cecf":"f.A7D77B31E8FD2DE6ABF8E388F5FFE54F.d.F74A42C4F292B0243278D141A84264B4.e.1811","ELEMENT":"f.A7D77B31E8FD2DE6ABF8E388F5FFE54F.d.F74A42C4F292B0243278D141A84264B4.e.1811"}]}
COMMAND: GET /session/baa8cc8c703ae50a3cfee07d32ab3bfd/screenshot - {}
RESULT: {}
RESULT: {"script":"<script> [8489 bytes]","args":[{"element-6066-11e4-a52e-4f735466cecf":"f.A7D77B31E8FD2DE6ABF8E388F5FFE54F.d.F74A42C4F292B0243278D141A84264B4.e.1811","ELEMENT":"f.A7D77B31E8FD2DE6ABF8E388F5FFE54F.d.F74A42C4F292B0243278D141A84264B4.e.1811"}]}
COMMAND: POST /session/baa8cc8c703ae50a3cfee07d32ab3bfd/execute/sync - {"script":"<script> [5351 bytes]","args":[{"element-6066-11e4-a52e-4f735466cecf":"f.A7D77B31E8FD2DE6ABF8E388F5FFE54F.d.F74A42C4F292B0243278D141A84264B4.e.1811","ELEMENT":"f.A7D77B31E8FD2DE6ABF8E388F5FFE54F.d.F74A42C4F292B0243278D141A84264B4.e.1811"}]}
COMMAND: GET /session/baa8cc8c703ae50a3cfee07d32ab3bfd/screenshot - {}
RESULT: {}
RESULT: {"script":"<script> [5351 bytes]","args":[{"element-6066-11e4-a52e-4f735466cecf":"f.A7D77B31E8FD2DE6ABF8E388F5FFE54F.d.F74A42C4F292B0243278D141A84264B4.e.1811","ELEMENT":"f.A7D77B31E8FD2DE6ABF8E388F5FFE54F.d.F74A42C4F292B0243278D141A84264B4.e.1811"}]}
COMMAND: POST /session/baa8cc8c703ae50a3cfee07d32ab3bfd/element/f.A7D77B31E8FD2DE6ABF8E388F5FFE54F.d.F74A42C4F292B0243278D141A84264B4.e.1811/click - {}
COMMAND: GET /session/baa8cc8c703ae50a3cfee07d32ab3bfd/screenshot - {}
RESULT: {}
RESULT: {}
COMMAND: GET /session/baa8cc8c703ae50a3cfee07d32ab3bfd/screenshot - {}
RESULT: {}
COMMAND: POST /session/baa8cc8c703ae50a3cfee07d32ab3bfd/execute/async - {"script":"<script> [1562 bytes]","args":[{"selector":{"id":"application-managesites-display-component---NewSite--addressDetailDetailsName1","interaction":{"idSuffix":"inner"}},"wdio_ui5_key":"applicationmanagesites-display-component---NewSite--addressDetailDetailsName1"}]}
RESULT: {}
RESULT: {"script":"<script> [1562 bytes]","args":[{"selector":{"id":"application-managesites-display-component---NewSite--addressDetailDetailsName1","interaction":{"idSuffix":"inner"}},"wdio_ui5_key":"applicationmanagesites-display-component---NewSite--addressDetailDetailsName1"}]}
RESULT: undefined
COMMAND: POST /session/baa8cc8c703ae50a3cfee07d32ab3bfd/execute/async - {"script":"<script> [776 bytes]","args":[{"enterText":"Intracompany Site wdIO","selector":{"id":"application-managesites-display-component---NewSite--addressDetailDetailsName1","interaction":{"idSuffix":"inner"}},"clearTextFirst":true,"interactionType":"ENTER_TEXT"}]}
RESULT: {"script":"<script> [776 bytes]","args":[{"enterText":"Intracompany Site wdIO","selector":{"id":"application-managesites-display-component---NewSite--addressDetailDetailsName1","interaction":{"idSuffix":"inner"}},"clearTextFirst":true,"interactionType":"ENTER_TEXT"}]}
COMMAND: POST /session/baa8cc8c703ae50a3cfee07d32ab3bfd/execute/async - {"script":"<script> [1562 bytes]","args":[{"selector":{"id":"application-managesites-display-component---NewSite--addressDetailDetailsLanguage-arrow"},"wdio_ui5_key":"applicationmanagesites-display-component---NewSite--addressDetailDetailsLanguage-arrow"}]}
RESULT: {"script":"<script> [1562 bytes]","args":[{"selector":{"id":"application-managesites-display-component---NewSite--addressDetailDetailsLanguage-arrow"},"wdio_ui5_key":"applicationmanagesites-display-component---NewSite--addressDetailDetailsLanguage-arrow"}]}
RESULT: undefined
COMMAND: POST /session/baa8cc8c703ae50a3cfee07d32ab3bfd/element - {"using":"xpath","value":"//*[@id=\"application-managesites-display-component---NewSite--addressDetailDetailsLanguage-arrow\"]"}
RESULT: {"using":"xpath","value":"//*[@id=\"application-managesites-display-component---NewSite--addressDetailDetailsLanguage-arrow\"]"}
COMMAND: POST /session/baa8cc8c703ae50a3cfee07d32ab3bfd/element/f.A7D77B31E8FD2DE6ABF8E388F5FFE54F.d.F74A42C4F292B0243278D141A84264B4.e.2471/click - {}
RESULT: {}
COMMAND: POST /session/baa8cc8c703ae50a3cfee07d32ab3bfd/element - {"using":"xpath","value":"//span[contains(text(), \"English\")]"}
COMMAND: GET /session/baa8cc8c703ae50a3cfee07d32ab3bfd/screenshot - {}
RESULT: {"using":"xpath","value":"//span[contains(text(), \"English\")]"}
COMMAND: POST /session/baa8cc8c703ae50a3cfee07d32ab3bfd/element/f.A7D77B31E8FD2DE6ABF8E388F5FFE54F.d.F74A42C4F292B0243278D141A84264B4.e.2472/click - {}
RESULT: {}
RESULT: {}
COMMAND: POST /session/baa8cc8c703ae50a3cfee07d32ab3bfd/execute/async - {"script":"<script> [1562 bytes]","args":[{"selector":{"id":"application-managesites-display-component---NewSite--addressDetailDetailsCity1","interaction":{"idSuffix":"inner"}},"wdio_ui5_key":"applicationmanagesites-display-component---NewSite--addressDetailDetailsCity1"}]}
COMMAND: GET /session/baa8cc8c703ae50a3cfee07d32ab3bfd/screenshot - {}
RESULT: {"script":"<script> [1562 bytes]","args":[{"selector":{"id":"application-managesites-display-component---NewSite--addressDetailDetailsCity1","interaction":{"idSuffix":"inner"}},"wdio_ui5_key":"applicationmanagesites-display-component---NewSite--addressDetailDetailsCity1"}]}
RESULT: undefined
COMMAND: POST /session/baa8cc8c703ae50a3cfee07d32ab3bfd/execute/async - {"script":"<script> [776 bytes]","args":[{"enterText":"Rosario","selector":{"id":"application-managesites-display-component---NewSite--addressDetailDetailsCity1","interaction":{"idSuffix":"inner"}},"clearTextFirst":true,"interactionType":"ENTER_TEXT"}]}
RESULT: {}
RESULT: {"script":"<script> [776 bytes]","args":[{"enterText":"Rosario","selector":{"id":"application-managesites-display-component---NewSite--addressDetailDetailsCity1","interaction":{"idSuffix":"inner"}},"clearTextFirst":true,"interactionType":"ENTER_TEXT"}]}
COMMAND: POST /session/baa8cc8c703ae50a3cfee07d32ab3bfd/execute/async - {"script":"<script> [1562 bytes]","args":[{"selector":{"id":"application-managesites-display-component---NewSite--addressDetailDetailsCountry-arrow"},"wdio_ui5_key":"applicationmanagesites-display-component---NewSite--addressDetailDetailsCountry-arrow"}]}
RESULT: {"script":"<script> [1562 bytes]","args":[{"selector":{"id":"application-managesites-display-component---NewSite--addressDetailDetailsCountry-arrow"},"wdio_ui5_key":"applicationmanagesites-display-component---NewSite--addressDetailDetailsCountry-arrow"}]}
RESULT: undefined
COMMAND: POST /session/baa8cc8c703ae50a3cfee07d32ab3bfd/element - {"using":"xpath","value":"//*[@id=\"application-managesites-display-component---NewSite--addressDetailDetailsCountry-arrow\"]"}
RESULT: {"using":"xpath","value":"//*[@id=\"application-managesites-display-component---NewSite--addressDetailDetailsCountry-arrow\"]"}
COMMAND: POST /session/baa8cc8c703ae50a3cfee07d32ab3bfd/element/f.A7D77B31E8FD2DE6ABF8E388F5FFE54F.d.F74A42C4F292B0243278D141A84264B4.e.2474/click - {}
RESULT: {}
COMMAND: POST /session/baa8cc8c703ae50a3cfee07d32ab3bfd/element - {"using":"xpath","value":"//span[contains(text(), \"Argentina\")]"}
COMMAND: GET /session/baa8cc8c703ae50a3cfee07d32ab3bfd/screenshot - {}
RESULT: {"using":"xpath","value":"//span[contains(text(), \"Argentina\")]"}
COMMAND: POST /session/baa8cc8c703ae50a3cfee07d32ab3bfd/element/f.A7D77B31E8FD2DE6ABF8E388F5FFE54F.d.F74A42C4F292B0243278D141A84264B4.e.2475/click - {}
RESULT: {}
RESULT: {}
COMMAND: GET /session/baa8cc8c703ae50a3cfee07d32ab3bfd/screenshot - {}
RESULT: {}
COMMAND: POST /session/baa8cc8c703ae50a3cfee07d32ab3bfd/execute/async - {"script":"<script> [1562 bytes]","args":[{"selector":{"id":"application-managesites-display-component---NewSite--addressEditDetailsCostObjectCstType-arrow"},"wdio_ui5_key":"applicationmanagesites-display-component---NewSite--addressEditDetailsCostObjectCstType-arrow"}]}
RESULT: {"script":"<script> [1562 bytes]","args":[{"selector":{"id":"application-managesites-display-component---NewSite--addressEditDetailsCostObjectCstType-arrow"},"wdio_ui5_key":"applicationmanagesites-display-component---NewSite--addressEditDetailsCostObjectCstType-arrow"}]}
RESULT: undefined
COMMAND: POST /session/baa8cc8c703ae50a3cfee07d32ab3bfd/element - {"using":"xpath","value":"//*[@id=\"application-managesites-display-component---NewSite--addressEditDetailsCostObjectCstType-arrow\"]"}
RESULT: {"using":"xpath","value":"//*[@id=\"application-managesites-display-component---NewSite--addressEditDetailsCostObjectCstType-arrow\"]"}
COMMAND: POST /session/baa8cc8c703ae50a3cfee07d32ab3bfd/element/f.A7D77B31E8FD2DE6ABF8E388F5FFE54F.d.F74A42C4F292B0243278D141A84264B4.e.2477/click - {}
RESULT: {}
COMMAND: POST /session/baa8cc8c703ae50a3cfee07d32ab3bfd/element - {"using":"xpath","value":"//span[contains(text(), \"Cost Center\")]"}
COMMAND: GET /session/baa8cc8c703ae50a3cfee07d32ab3bfd/screenshot - {}
RESULT: {"using":"xpath","value":"//span[contains(text(), \"Cost Center\")]"}
COMMAND: POST /session/baa8cc8c703ae50a3cfee07d32ab3bfd/element/f.A7D77B31E8FD2DE6ABF8E388F5FFE54F.d.F74A42C4F292B0243278D141A84264B4.e.2478/click - {}
RESULT: {}
RESULT: {}
COMMAND: GET /session/baa8cc8c703ae50a3cfee07d32ab3bfd/screenshot - {}
RESULT: {}
COMMAND: POST /session/baa8cc8c703ae50a3cfee07d32ab3bfd/element - {"using":"xpath","value":"//span[@id=\"application-managesites-display-component---NewSite--addressNewCostObjectCstID-vhi\"]"}
RESULT: {"using":"xpath","value":"//span[@id=\"application-managesites-display-component---NewSite--addressNewCostObjectCstID-vhi\"]"}
COMMAND: POST /session/baa8cc8c703ae50a3cfee07d32ab3bfd/execute/sync - {"script":"<script> [8489 bytes]","args":[{"element-6066-11e4-a52e-4f735466cecf":"f.A7D77B31E8FD2DE6ABF8E388F5FFE54F.d.F74A42C4F292B0243278D141A84264B4.e.2482","ELEMENT":"f.A7D77B31E8FD2DE6ABF8E388F5FFE54F.d.F74A42C4F292B0243278D141A84264B4.e.2482"}]}
RESULT: {"script":"<script> [8489 bytes]","args":[{"element-6066-11e4-a52e-4f735466cecf":"f.A7D77B31E8FD2DE6ABF8E388F5FFE54F.d.F74A42C4F292B0243278D141A84264B4.e.2482","ELEMENT":"f.A7D77B31E8FD2DE6ABF8E388F5FFE54F.d.F74A42C4F292B0243278D141A84264B4.e.2482"}]}
COMMAND: POST /session/baa8cc8c703ae50a3cfee07d32ab3bfd/execute/async - {"script":"<script> [1562 bytes]","args":[{"selector":{"id":"application-managesites-display-component---NewSite--addressNewCostObjectCstID-vhi"},"wdio_ui5_key":"applicationmanagesites-display-component---NewSite--addressNewCostObjectCstID-vhi"}]}
COMMAND: GET /session/baa8cc8c703ae50a3cfee07d32ab3bfd/screenshot - {}
RESULT: {"script":"<script> [1562 bytes]","args":[{"selector":{"id":"application-managesites-display-component---NewSite--addressNewCostObjectCstID-vhi"},"wdio_ui5_key":"applicationmanagesites-display-component---NewSite--addressNewCostObjectCstID-vhi"}]}
RESULT: undefined
COMMAND: POST /session/baa8cc8c703ae50a3cfee07d32ab3bfd/element - {"using":"xpath","value":"//*[@id=\"application-managesites-display-component---NewSite--addressNewCostObjectCstID-vhi\"]"}
RESULT: {}
RESULT: {"using":"xpath","value":"//*[@id=\"application-managesites-display-component---NewSite--addressNewCostObjectCstID-vhi\"]"}
COMMAND: POST /session/baa8cc8c703ae50a3cfee07d32ab3bfd/element/f.A7D77B31E8FD2DE6ABF8E388F5FFE54F.d.F74A42C4F292B0243278D141A84264B4.e.2482/click - {}
RESULT: {}
COMMAND: GET /session/baa8cc8c703ae50a3cfee07d32ab3bfd/screenshot - {}
RESULT: {}
RESULT: undefined
COMMAND: POST /session/baa8cc8c703ae50a3cfee07d32ab3bfd/execute/async - {"script":"<script> [776 bytes]","args":[{"enterText":"10001013","selector":{"controlType":"sap.m.SearchField","properties":{"placeholder":"Search"},"searchOpenDialogs":true,"interaction":{"idSuffix":"I"}},"clearTextFirst":true,"interactionType":"ENTER_TEXT"}]}
RESULT: {"script":"<script> [776 bytes]","args":[{"enterText":"10001013","selector":{"controlType":"sap.m.SearchField","properties":{"placeholder":"Search"},"searchOpenDialogs":true,"interaction":{"idSuffix":"I"}},"clearTextFirst":true,"interactionType":"ENTER_TEXT"}]}
COMMAND: POST /session/baa8cc8c703ae50a3cfee07d32ab3bfd/actions - {"actions":[{"id":"action6","type":"key","parameters":{},"actions":[{"type":"keyDown","value":""},{"type":"pause","duration":10},{"type":"keyUp","value":""}]}]}
RESULT: {"actions":[{"id":"action6","type":"key","parameters":{},"actions":[{"type":"keyDown","value":""},{"type":"pause","duration":10},{"type":"keyUp","value":""}]}]}
COMMAND: GET /session/baa8cc8c703ae50a3cfee07d32ab3bfd/screenshot - {}
RESULT: {}
COMMAND: POST /session/baa8cc8c703ae50a3cfee07d32ab3bfd/element - {"using":"xpath","value":"//span[contains(text(), \"General Management\")]"}
RESULT: {"using":"xpath","value":"//span[contains(text(), \"General Management\")]"}
COMMAND: POST /session/baa8cc8c703ae50a3cfee07d32ab3bfd/element/f.A7D77B31E8FD2DE6ABF8E388F5FFE54F.d.F74A42C4F292B0243278D141A84264B4.e.2522/click - {}
RESULT: {}
COMMAND: GET /session/baa8cc8c703ae50a3cfee07d32ab3bfd/screenshot - {}
RESULT: {}
COMMAND: POST /session/baa8cc8c703ae50a3cfee07d32ab3bfd/element - {"using":"xpath","value":"//bdi[contains(text(), \"OK\")]"}
RESULT: {"using":"xpath","value":"//bdi[contains(text(), \"OK\")]"}
COMMAND: POST /session/baa8cc8c703ae50a3cfee07d32ab3bfd/element/f.A7D77B31E8FD2DE6ABF8E388F5FFE54F.d.F74A42C4F292B0243278D141A84264B4.e.2523/click - {}
RESULT: {}
COMMAND: GET /session/baa8cc8c703ae50a3cfee07d32ab3bfd/screenshot - {}
RESULT: {}
COMMAND: POST /session/baa8cc8c703ae50a3cfee07d32ab3bfd/element - {"using":"xpath","value":"//input[@id=\"application-managesites-display-component---NewSite--addressDetailDetailsCalendar-inner\"]"}
RESULT: {"using":"xpath","value":"//input[@id=\"application-managesites-display-component---NewSite--addressDetailDetailsCalendar-inner\"]"}
COMMAND: POST /session/baa8cc8c703ae50a3cfee07d32ab3bfd/element/f.A7D77B31E8FD2DE6ABF8E388F5FFE54F.d.F74A42C4F292B0243278D141A84264B4.e.2269/clear - {}
RESULT: {}
COMMAND: POST /session/baa8cc8c703ae50a3cfee07d32ab3bfd/element/f.A7D77B31E8FD2DE6ABF8E388F5FFE54F.d.F74A42C4F292B0243278D141A84264B4.e.2269/value - {"text":"Unit"}
COMMAND: GET /session/baa8cc8c703ae50a3cfee07d32ab3bfd/screenshot - {}
RESULT: {"text":"Unit"}
COMMAND: GET /session/baa8cc8c703ae50a3cfee07d32ab3bfd/screenshot - {}
RESULT: {}
RESULT: {}
COMMAND: POST /session/baa8cc8c703ae50a3cfee07d32ab3bfd/actions - {"actions":[{"id":"action7","type":"key","parameters":{},"actions":[{"type":"keyDown","value":""},{"type":"pause","duration":10},{"type":"keyUp","value":""}]}]}
RESULT: {"actions":[{"id":"action7","type":"key","parameters":{},"actions":[{"type":"keyDown","value":""},{"type":"pause","duration":10},{"type":"keyUp","value":""}]}]}
COMMAND: POST /session/baa8cc8c703ae50a3cfee07d32ab3bfd/element - {"using":"xpath","value":"//input[@id=\"application-managesites-display-component---NewSite--addressDetailDetailsYard-inner\"]"}
COMMAND: GET /session/baa8cc8c703ae50a3cfee07d32ab3bfd/screenshot - {}
RESULT: {"using":"xpath","value":"//input[@id=\"application-managesites-display-component---NewSite--addressDetailDetailsYard-inner\"]"}
COMMAND: POST /session/baa8cc8c703ae50a3cfee07d32ab3bfd/element/f.A7D77B31E8FD2DE6ABF8E388F5FFE54F.d.F74A42C4F292B0243278D141A84264B4.e.2270/clear - {}
RESULT: {}
RESULT: {}
COMMAND: POST /session/baa8cc8c703ae50a3cfee07d32ab3bfd/element/f.A7D77B31E8FD2DE6ABF8E388F5FFE54F.d.F74A42C4F292B0243278D141A84264B4.e.2270/value - {"text":"702"}
COMMAND: GET /session/baa8cc8c703ae50a3cfee07d32ab3bfd/screenshot - {}
RESULT: {"text":"702"}
COMMAND: GET /session/baa8cc8c703ae50a3cfee07d32ab3bfd/screenshot - {}
RESULT: {}
RESULT: {}
COMMAND: POST /session/baa8cc8c703ae50a3cfee07d32ab3bfd/element - {"using":"xpath","value":"//li[.//span[text()='702']]"}
RESULT: {"using":"xpath","value":"//li[.//span[text()='702']]"}
COMMAND: POST /session/baa8cc8c703ae50a3cfee07d32ab3bfd/element/f.A7D77B31E8FD2DE6ABF8E388F5FFE54F.d.F74A42C4F292B0243278D141A84264B4.e.2531/click - {}
RESULT: {}
COMMAND: GET /session/baa8cc8c703ae50a3cfee07d32ab3bfd/screenshot - {}
RESULT: {}
COMMAND: POST /session/baa8cc8c703ae50a3cfee07d32ab3bfd/element - {"using":"xpath","value":"//input[@id=\"application-managesites-display-component---NewSite--addressDetailDetailsPartner-inner\"]"}
RESULT: {"using":"xpath","value":"//input[@id=\"application-managesites-display-component---NewSite--addressDetailDetailsPartner-inner\"]"}
COMMAND: POST /session/baa8cc8c703ae50a3cfee07d32ab3bfd/element - {"using":"xpath","value":"//input[@id=\"application-managesites-display-component---NewSite--addressDetailDetailsPartner-inner\"]"}
RESULT: {"using":"xpath","value":"//input[@id=\"application-managesites-display-component---NewSite--addressDetailDetailsPartner-inner\"]"}
COMMAND: POST /session/baa8cc8c703ae50a3cfee07d32ab3bfd/element - {"using":"xpath","value":"//button[@data-kt=\"saveButton\"]"}
RESULT: {"using":"xpath","value":"//button[@data-kt=\"saveButton\"]"}
COMMAND: POST /session/baa8cc8c703ae50a3cfee07d32ab3bfd/element/f.A7D77B31E8FD2DE6ABF8E388F5FFE54F.d.F74A42C4F292B0243278D141A84264B4.e.2456/click - {}
RESULT: {}
COMMAND: GET /session/baa8cc8c703ae50a3cfee07d32ab3bfd/screenshot - {}
RESULT: {}
COMMAND: POST /session/baa8cc8c703ae50a3cfee07d32ab3bfd/element - {"using":"xpath","value":"//header[contains(@id, 'ObjectPageLayout-headerTitle')]/div[1]/div[2]/div[2]/span[1]"}
RESULT: {"using":"xpath","value":"//header[contains(@id, 'ObjectPageLayout-headerTitle')]/div[1]/div[2]/div[2]/span[1]"}
COMMAND: POST /session/baa8cc8c703ae50a3cfee07d32ab3bfd/elements - {"using":"xpath","value":"//header[contains(@id, 'ObjectPageLayout-headerTitle')]/div[1]/div[2]/div[2]/span[1]"}
RESULT: {"using":"xpath","value":"//header[contains(@id, 'ObjectPageLayout-headerTitle')]/div[1]/div[2]/div[2]/span[1]"}
COMMAND: POST /session/baa8cc8c703ae50a3cfee07d32ab3bfd/execute/sync - {"script":"<script> [56 bytes]","args":[{"element-6066-11e4-a52e-4f735466cecf":"f.A7D77B31E8FD2DE6ABF8E388F5FFE54F.d.F74A42C4F292B0243278D141A84264B4.e.2733","ELEMENT":"f.A7D77B31E8FD2DE6ABF8E388F5FFE54F.d.F74A42C4F292B0243278D141A84264B4.e.2733"}]}
RESULT: {"script":"<script> [56 bytes]","args":[{"element-6066-11e4-a52e-4f735466cecf":"f.A7D77B31E8FD2DE6ABF8E388F5FFE54F.d.F74A42C4F292B0243278D141A84264B4.e.2733","ELEMENT":"f.A7D77B31E8FD2DE6ABF8E388F5FFE54F.d.F74A42C4F292B0243278D141A84264B4.e.2733"}]}
COMMAND: POST /session/baa8cc8c703ae50a3cfee07d32ab3bfd/element - {"using":"css selector","value":"#shell-header-logo"}
COMMAND: GET /session/baa8cc8c703ae50a3cfee07d32ab3bfd/screenshot - {}
RESULT: {"using":"css selector","value":"#shell-header-logo"}
COMMAND: POST /session/baa8cc8c703ae50a3cfee07d32ab3bfd/element/f.A7D77B31E8FD2DE6ABF8E388F5FFE54F.d.F74A42C4F292B0243278D141A84264B4.e.1801/click - {}
RESULT: {}
RESULT: {}
COMMAND: GET /session/baa8cc8c703ae50a3cfee07d32ab3bfd/screenshot - {}
RESULT: {}
COMMAND: POST /session/baa8cc8c703ae50a3cfee07d32ab3bfd/execute/sync - {"script":"<script> [299 bytes]","args":[["getModel","getResource"]]}
RESULT: {"script":"<script> [299 bytes]","args":[["getModel","getResource"]]}
]]></system-out>
    </testcase>
    <testcase classname="chrome.135_0_7049_42.windows.Billing_confirm_US117289" name="Should create a new equipment" time="107.089">
      <system-out><![CDATA[
COMMAND: GET /session/baa8cc8c703ae50a3cfee07d32ab3bfd/screenshot - {}
COMMAND: POST /session/baa8cc8c703ae50a3cfee07d32ab3bfd/execute/async - {"script":"<script> [1562 bytes]","args":[{"selector":{"controlType":"sap.m.GenericTile","properties":{"header":"Manage Resources"}},"wdio_ui5_key":"sapm.GenericTile{\"header\":\"Manage Resources\"}"}]}
RESULT: {"script":"<script> [1562 bytes]","args":[{"selector":{"controlType":"sap.m.GenericTile","properties":{"header":"Manage Resources"}},"wdio_ui5_key":"sapm.GenericTile{\"header\":\"Manage Resources\"}"}]}
RESULT: undefined
COMMAND: POST /session/baa8cc8c703ae50a3cfee07d32ab3bfd/element - {"using":"xpath","value":"//*[@id=\"__tile39\"]"}
RESULT: {}
RESULT: {"using":"xpath","value":"//*[@id=\"__tile39\"]"}
COMMAND: POST /session/baa8cc8c703ae50a3cfee07d32ab3bfd/element/f.A7D77B31E8FD2DE6ABF8E388F5FFE54F.d.F74A42C4F292B0243278D141A84264B4.e.151/click - {}
RESULT: {}
COMMAND: POST /session/baa8cc8c703ae50a3cfee07d32ab3bfd/element - {"using":"xpath","value":"//button[@data-kt=\"addNewRUOverflowToolbarButton\"]"}
COMMAND: GET /session/baa8cc8c703ae50a3cfee07d32ab3bfd/screenshot - {}
RESULT: {"using":"xpath","value":"//button[@data-kt=\"addNewRUOverflowToolbarButton\"]"}
COMMAND: POST /session/baa8cc8c703ae50a3cfee07d32ab3bfd/elements - {"using":"xpath","value":"//button[@data-kt=\"addNewRUOverflowToolbarButton\"]"}
RESULT: {}
RESULT: {"using":"xpath","value":"//button[@data-kt=\"addNewRUOverflowToolbarButton\"]"}
COMMAND: POST /session/baa8cc8c703ae50a3cfee07d32ab3bfd/elements - {"using":"xpath","value":"//button[@data-kt=\"addNewRUOverflowToolbarButton\"]"}
RESULT: {"using":"xpath","value":"//button[@data-kt=\"addNewRUOverflowToolbarButton\"]"}
COMMAND: POST /session/baa8cc8c703ae50a3cfee07d32ab3bfd/elements - {"using":"xpath","value":"//button[@data-kt=\"addNewRUOverflowToolbarButton\"]"}
RESULT: undefined
RESULT: undefined
RESULT: {"using":"xpath","value":"//button[@data-kt=\"addNewRUOverflowToolbarButton\"]"}
COMMAND: POST /session/baa8cc8c703ae50a3cfee07d32ab3bfd/elements - {"using":"xpath","value":"//button[@data-kt=\"addNewRUOverflowToolbarButton\"]"}
RESULT: {"using":"xpath","value":"//button[@data-kt=\"addNewRUOverflowToolbarButton\"]"}
COMMAND: POST /session/baa8cc8c703ae50a3cfee07d32ab3bfd/elements - {"using":"xpath","value":"//button[@data-kt=\"addNewRUOverflowToolbarButton\"]"}
RESULT: {"using":"xpath","value":"//button[@data-kt=\"addNewRUOverflowToolbarButton\"]"}
COMMAND: POST /session/baa8cc8c703ae50a3cfee07d32ab3bfd/elements - {"using":"xpath","value":"//button[@data-kt=\"addNewRUOverflowToolbarButton\"]"}
RESULT: {"using":"xpath","value":"//button[@data-kt=\"addNewRUOverflowToolbarButton\"]"}
COMMAND: POST /session/baa8cc8c703ae50a3cfee07d32ab3bfd/element - {"using":"xpath","value":"//button[@data-kt=\"addNewRUOverflowToolbarButton\"]"}
RESULT: {"using":"xpath","value":"//button[@data-kt=\"addNewRUOverflowToolbarButton\"]"}
COMMAND: POST /session/baa8cc8c703ae50a3cfee07d32ab3bfd/execute/sync - {"script":"<script> [8489 bytes]","args":[{"element-6066-11e4-a52e-4f735466cecf":"f.A7D77B31E8FD2DE6ABF8E388F5FFE54F.d.F74A42C4F292B0243278D141A84264B4.e.2764","ELEMENT":"f.A7D77B31E8FD2DE6ABF8E388F5FFE54F.d.F74A42C4F292B0243278D141A84264B4.e.2764"}]}
RESULT: {"script":"<script> [8489 bytes]","args":[{"element-6066-11e4-a52e-4f735466cecf":"f.A7D77B31E8FD2DE6ABF8E388F5FFE54F.d.F74A42C4F292B0243278D141A84264B4.e.2764","ELEMENT":"f.A7D77B31E8FD2DE6ABF8E388F5FFE54F.d.F74A42C4F292B0243278D141A84264B4.e.2764"}]}
COMMAND: GET /session/baa8cc8c703ae50a3cfee07d32ab3bfd/element/f.A7D77B31E8FD2DE6ABF8E388F5FFE54F.d.F74A42C4F292B0243278D141A84264B4.e.2764/enabled - {}
COMMAND: GET /session/baa8cc8c703ae50a3cfee07d32ab3bfd/screenshot - {}
RESULT: {}
COMMAND: POST /session/baa8cc8c703ae50a3cfee07d32ab3bfd/execute/sync - {"script":"<script> [8489 bytes]","args":[{"element-6066-11e4-a52e-4f735466cecf":"f.A7D77B31E8FD2DE6ABF8E388F5FFE54F.d.F74A42C4F292B0243278D141A84264B4.e.2764","ELEMENT":"f.A7D77B31E8FD2DE6ABF8E388F5FFE54F.d.F74A42C4F292B0243278D141A84264B4.e.2764"}]}
COMMAND: GET /session/baa8cc8c703ae50a3cfee07d32ab3bfd/screenshot - {}
RESULT: {}
RESULT: {"script":"<script> [8489 bytes]","args":[{"element-6066-11e4-a52e-4f735466cecf":"f.A7D77B31E8FD2DE6ABF8E388F5FFE54F.d.F74A42C4F292B0243278D141A84264B4.e.2764","ELEMENT":"f.A7D77B31E8FD2DE6ABF8E388F5FFE54F.d.F74A42C4F292B0243278D141A84264B4.e.2764"}]}
COMMAND: POST /session/baa8cc8c703ae50a3cfee07d32ab3bfd/execute/sync - {"script":"<script> [5351 bytes]","args":[{"element-6066-11e4-a52e-4f735466cecf":"f.A7D77B31E8FD2DE6ABF8E388F5FFE54F.d.F74A42C4F292B0243278D141A84264B4.e.2764","ELEMENT":"f.A7D77B31E8FD2DE6ABF8E388F5FFE54F.d.F74A42C4F292B0243278D141A84264B4.e.2764"}]}
COMMAND: GET /session/baa8cc8c703ae50a3cfee07d32ab3bfd/screenshot - {}
RESULT: {}
RESULT: {"script":"<script> [5351 bytes]","args":[{"element-6066-11e4-a52e-4f735466cecf":"f.A7D77B31E8FD2DE6ABF8E388F5FFE54F.d.F74A42C4F292B0243278D141A84264B4.e.2764","ELEMENT":"f.A7D77B31E8FD2DE6ABF8E388F5FFE54F.d.F74A42C4F292B0243278D141A84264B4.e.2764"}]}
COMMAND: POST /session/baa8cc8c703ae50a3cfee07d32ab3bfd/element/f.A7D77B31E8FD2DE6ABF8E388F5FFE54F.d.F74A42C4F292B0243278D141A84264B4.e.2764/click - {}
COMMAND: GET /session/baa8cc8c703ae50a3cfee07d32ab3bfd/screenshot - {}
RESULT: {}
RESULT: {}
COMMAND: GET /session/baa8cc8c703ae50a3cfee07d32ab3bfd/screenshot - {}
RESULT: {}
RESULT: {}
COMMAND: POST /session/baa8cc8c703ae50a3cfee07d32ab3bfd/execute/async - {"script":"<script> [1562 bytes]","args":[{"selector":{"id":"application-manageresources-display-component---newResourceUnit--TYPE-arrow"},"wdio_ui5_key":"applicationmanageresources-display-component---newResourceUnit--TYPE-arrow"}]}
RESULT: {"script":"<script> [1562 bytes]","args":[{"selector":{"id":"application-manageresources-display-component---newResourceUnit--TYPE-arrow"},"wdio_ui5_key":"applicationmanageresources-display-component---newResourceUnit--TYPE-arrow"}]}
RESULT: undefined
COMMAND: POST /session/baa8cc8c703ae50a3cfee07d32ab3bfd/element - {"using":"xpath","value":"//*[@id=\"application-manageresources-display-component---newResourceUnit--TYPE-arrow\"]"}
RESULT: {"using":"xpath","value":"//*[@id=\"application-manageresources-display-component---newResourceUnit--TYPE-arrow\"]"}
COMMAND: POST /session/baa8cc8c703ae50a3cfee07d32ab3bfd/element/f.A7D77B31E8FD2DE6ABF8E388F5FFE54F.d.F74A42C4F292B0243278D141A84264B4.e.3138/click - {}
RESULT: {}
COMMAND: POST /session/baa8cc8c703ae50a3cfee07d32ab3bfd/element - {"using":"xpath","value":"//input[@id=\"application-manageresources-display-component---newResourceUnit--TYPE-inner\"]"}
COMMAND: GET /session/baa8cc8c703ae50a3cfee07d32ab3bfd/screenshot - {}
RESULT: {"using":"xpath","value":"//input[@id=\"application-manageresources-display-component---newResourceUnit--TYPE-inner\"]"}
COMMAND: POST /session/baa8cc8c703ae50a3cfee07d32ab3bfd/element/f.A7D77B31E8FD2DE6ABF8E388F5FFE54F.d.F74A42C4F292B0243278D141A84264B4.e.3116/clear - {}
RESULT: {}
RESULT: {}
COMMAND: POST /session/baa8cc8c703ae50a3cfee07d32ab3bfd/element/f.A7D77B31E8FD2DE6ABF8E388F5FFE54F.d.F74A42C4F292B0243278D141A84264B4.e.3116/value - {"text":"Equipment"}
COMMAND: GET /session/baa8cc8c703ae50a3cfee07d32ab3bfd/screenshot - {}
RESULT: {"text":"Equipment"}
COMMAND: GET /session/baa8cc8c703ae50a3cfee07d32ab3bfd/screenshot - {}
RESULT: {}
RESULT: {}
COMMAND: POST /session/baa8cc8c703ae50a3cfee07d32ab3bfd/actions - {"actions":[{"id":"action8","type":"key","parameters":{},"actions":[{"type":"keyDown","value":""},{"type":"pause","duration":10},{"type":"keyUp","value":""}]}]}
RESULT: {"actions":[{"id":"action8","type":"key","parameters":{},"actions":[{"type":"keyDown","value":""},{"type":"pause","duration":10},{"type":"keyUp","value":""}]}]}
COMMAND: POST /session/baa8cc8c703ae50a3cfee07d32ab3bfd/execute/async - {"script":"<script> [1562 bytes]","args":[{"selector":{"id":"application-manageresources-display-component---newResourceUnit--resourceId","interaction":{"idSuffix":"inner"}},"wdio_ui5_key":"applicationmanageresources-display-component---newResourceUnit--resourceId"}]}
COMMAND: GET /session/baa8cc8c703ae50a3cfee07d32ab3bfd/screenshot - {}
RESULT: {"script":"<script> [1562 bytes]","args":[{"selector":{"id":"application-manageresources-display-component---newResourceUnit--resourceId","interaction":{"idSuffix":"inner"}},"wdio_ui5_key":"applicationmanageresources-display-component---newResourceUnit--resourceId"}]}
RESULT: undefined
COMMAND: POST /session/baa8cc8c703ae50a3cfee07d32ab3bfd/execute/async - {"script":"<script> [776 bytes]","args":[{"enterText":"0JdEJhITKH","selector":{"id":"application-manageresources-display-component---newResourceUnit--resourceId","interaction":{"idSuffix":"inner"}},"clearTextFirst":true,"interactionType":"ENTER_TEXT"}]}
RESULT: {}
RESULT: {"script":"<script> [776 bytes]","args":[{"enterText":"0JdEJhITKH","selector":{"id":"application-manageresources-display-component---newResourceUnit--resourceId","interaction":{"idSuffix":"inner"}},"clearTextFirst":true,"interactionType":"ENTER_TEXT"}]}
COMMAND: POST /session/baa8cc8c703ae50a3cfee07d32ab3bfd/execute/async - {"script":"<script> [1562 bytes]","args":[{"selector":{"id":"application-manageresources-display-component---newResourceUnit--SHORT_TEXT","interaction":{"idSuffix":"inner"}},"wdio_ui5_key":"applicationmanageresources-display-component---newResourceUnit--SHORT_TEXT"}]}
RESULT: {"script":"<script> [1562 bytes]","args":[{"selector":{"id":"application-manageresources-display-component---newResourceUnit--SHORT_TEXT","interaction":{"idSuffix":"inner"}},"wdio_ui5_key":"applicationmanageresources-display-component---newResourceUnit--SHORT_TEXT"}]}
RESULT: undefined
COMMAND: POST /session/baa8cc8c703ae50a3cfee07d32ab3bfd/execute/async - {"script":"<script> [776 bytes]","args":[{"enterText":"Intercompany Equipment WDIO","selector":{"id":"application-manageresources-display-component---newResourceUnit--SHORT_TEXT","interaction":{"idSuffix":"inner"}},"clearTextFirst":true,"interactionType":"ENTER_TEXT"}]}
RESULT: {"script":"<script> [776 bytes]","args":[{"enterText":"Intercompany Equipment WDIO","selector":{"id":"application-manageresources-display-component---newResourceUnit--SHORT_TEXT","interaction":{"idSuffix":"inner"}},"clearTextFirst":true,"interactionType":"ENTER_TEXT"}]}
COMMAND: POST /session/baa8cc8c703ae50a3cfee07d32ab3bfd/execute/async - {"script":"<script> [1562 bytes]","args":[{"selector":{"id":"application-manageresources-display-component---newResourceUnit--BASE_UNIT_OF_MEASURE","interaction":{"idSuffix":"inner"}},"wdio_ui5_key":"applicationmanageresources-display-component---newResourceUnit--BASE_UNIT_OF_MEASURE"}]}
RESULT: {"script":"<script> [1562 bytes]","args":[{"selector":{"id":"application-manageresources-display-component---newResourceUnit--BASE_UNIT_OF_MEASURE","interaction":{"idSuffix":"inner"}},"wdio_ui5_key":"applicationmanageresources-display-component---newResourceUnit--BASE_UNIT_OF_MEASURE"}]}
RESULT: undefined
COMMAND: POST /session/baa8cc8c703ae50a3cfee07d32ab3bfd/execute/async - {"script":"<script> [776 bytes]","args":[{"enterText":"Piece","selector":{"id":"application-manageresources-display-component---newResourceUnit--BASE_UNIT_OF_MEASURE","interaction":{"idSuffix":"inner"}},"clearTextFirst":true,"interactionType":"ENTER_TEXT"}]}
RESULT: {"script":"<script> [776 bytes]","args":[{"enterText":"Piece","selector":{"id":"application-manageresources-display-component---newResourceUnit--BASE_UNIT_OF_MEASURE","interaction":{"idSuffix":"inner"}},"clearTextFirst":true,"interactionType":"ENTER_TEXT"}]}
COMMAND: POST /session/baa8cc8c703ae50a3cfee07d32ab3bfd/execute/async - {"script":"<script> [1562 bytes]","args":[{"selector":{"id":"application-manageresources-display-component---newResourceUnit--WEIGHT_UNIT","interaction":{"idSuffix":"inner"}},"wdio_ui5_key":"applicationmanageresources-display-component---newResourceUnit--WEIGHT_UNIT"}]}
RESULT: {"script":"<script> [1562 bytes]","args":[{"selector":{"id":"application-manageresources-display-component---newResourceUnit--WEIGHT_UNIT","interaction":{"idSuffix":"inner"}},"wdio_ui5_key":"applicationmanageresources-display-component---newResourceUnit--WEIGHT_UNIT"}]}
RESULT: undefined
COMMAND: POST /session/baa8cc8c703ae50a3cfee07d32ab3bfd/execute/async - {"script":"<script> [776 bytes]","args":[{"enterText":"Gram","selector":{"id":"application-manageresources-display-component---newResourceUnit--WEIGHT_UNIT","interaction":{"idSuffix":"inner"}},"clearTextFirst":true,"interactionType":"ENTER_TEXT"}]}
RESULT: {"script":"<script> [776 bytes]","args":[{"enterText":"Gram","selector":{"id":"application-manageresources-display-component---newResourceUnit--WEIGHT_UNIT","interaction":{"idSuffix":"inner"}},"clearTextFirst":true,"interactionType":"ENTER_TEXT"}]}
COMMAND: POST /session/baa8cc8c703ae50a3cfee07d32ab3bfd/execute/async - {"script":"<script> [1562 bytes]","args":[{"selector":{"id":"application-manageresources-display-component---newResourceUnit--DIMENSION_UNIT","interaction":{"idSuffix":"inner"}},"wdio_ui5_key":"applicationmanageresources-display-component---newResourceUnit--DIMENSION_UNIT"}]}
RESULT: {"script":"<script> [1562 bytes]","args":[{"selector":{"id":"application-manageresources-display-component---newResourceUnit--DIMENSION_UNIT","interaction":{"idSuffix":"inner"}},"wdio_ui5_key":"applicationmanageresources-display-component---newResourceUnit--DIMENSION_UNIT"}]}
RESULT: undefined
COMMAND: POST /session/baa8cc8c703ae50a3cfee07d32ab3bfd/execute/async - {"script":"<script> [776 bytes]","args":[{"enterText":"Meter","selector":{"id":"application-manageresources-display-component---newResourceUnit--DIMENSION_UNIT","interaction":{"idSuffix":"inner"}},"clearTextFirst":true,"interactionType":"ENTER_TEXT"}]}
RESULT: {"script":"<script> [776 bytes]","args":[{"enterText":"Meter","selector":{"id":"application-manageresources-display-component---newResourceUnit--DIMENSION_UNIT","interaction":{"idSuffix":"inner"}},"clearTextFirst":true,"interactionType":"ENTER_TEXT"}]}
COMMAND: POST /session/baa8cc8c703ae50a3cfee07d32ab3bfd/execute/async - {"script":"<script> [1562 bytes]","args":[{"selector":{"id":"application-manageresources-display-component---newResourceUnit--newRRUPage-anchBar-application-manageresources-display-component---newResourceUnit--control-anchor","interaction":{"idSuffix":"BDI-content"}},"wdio_ui5_key":"applicationmanageresources-display-component---newResourceUnit--newRRUPage-anchBar-application-manageresources-display-component---newResourceUnit--control-anchor"}]}
RESULT: {"script":"<script> [1562 bytes]","args":[{"selector":{"id":"application-manageresources-display-component---newResourceUnit--newRRUPage-anchBar-application-manageresources-display-component---newResourceUnit--control-anchor","interaction":{"idSuffix":"BDI-content"}},"wdio_ui5_key":"applicationmanageresources-display-component---newResourceUnit--newRRUPage-anchBar-application-manageresources-display-component---newResourceUnit--control-anchor"}]}
RESULT: undefined
COMMAND: POST /session/baa8cc8c703ae50a3cfee07d32ab3bfd/element - {"using":"xpath","value":"//*[@id=\"application-manageresources-display-component---newResourceUnit--newRRUPage-anchBar-application-manageresources-display-component---newResourceUnit--control-anchor\"]"}
RESULT: {"using":"xpath","value":"//*[@id=\"application-manageresources-display-component---newResourceUnit--newRRUPage-anchBar-application-manageresources-display-component---newResourceUnit--control-anchor\"]"}
COMMAND: POST /session/baa8cc8c703ae50a3cfee07d32ab3bfd/element/f.A7D77B31E8FD2DE6ABF8E388F5FFE54F.d.F74A42C4F292B0243278D141A84264B4.e.3271/click - {}
RESULT: {}
COMMAND: POST /session/baa8cc8c703ae50a3cfee07d32ab3bfd/execute/async - {"script":"<script> [1562 bytes]","args":[{"selector":{"id":"application-manageresources-display-component---newResourceUnit--PLANNING_GROUP","interaction":{"idSuffix":"inner"}},"wdio_ui5_key":"applicationmanageresources-display-component---newResourceUnit--PLANNING_GROUP"}]}
COMMAND: GET /session/baa8cc8c703ae50a3cfee07d32ab3bfd/screenshot - {}
RESULT: {"script":"<script> [1562 bytes]","args":[{"selector":{"id":"application-manageresources-display-component---newResourceUnit--PLANNING_GROUP","interaction":{"idSuffix":"inner"}},"wdio_ui5_key":"applicationmanageresources-display-component---newResourceUnit--PLANNING_GROUP"}]}
RESULT: undefined
COMMAND: POST /session/baa8cc8c703ae50a3cfee07d32ab3bfd/execute/async - {"script":"<script> [776 bytes]","args":[{"enterText":"Heavy Equi","selector":{"id":"application-manageresources-display-component---newResourceUnit--PLANNING_GROUP","interaction":{"idSuffix":"inner"}},"clearTextFirst":true,"interactionType":"ENTER_TEXT"}]}
RESULT: {}
RESULT: {"script":"<script> [776 bytes]","args":[{"enterText":"Heavy Equi","selector":{"id":"application-manageresources-display-component---newResourceUnit--PLANNING_GROUP","interaction":{"idSuffix":"inner"}},"clearTextFirst":true,"interactionType":"ENTER_TEXT"}]}
COMMAND: POST /session/baa8cc8c703ae50a3cfee07d32ab3bfd/execute/async - {"script":"<script> [1562 bytes]","args":[{"selector":{"id":"application-manageresources-display-component---newResourceUnit--ITEM_TYPE-arrow"},"wdio_ui5_key":"applicationmanageresources-display-component---newResourceUnit--ITEM_TYPE-arrow"}]}
RESULT: {"script":"<script> [1562 bytes]","args":[{"selector":{"id":"application-manageresources-display-component---newResourceUnit--ITEM_TYPE-arrow"},"wdio_ui5_key":"applicationmanageresources-display-component---newResourceUnit--ITEM_TYPE-arrow"}]}
RESULT: undefined
COMMAND: POST /session/baa8cc8c703ae50a3cfee07d32ab3bfd/element - {"using":"xpath","value":"//*[@id=\"application-manageresources-display-component---newResourceUnit--ITEM_TYPE-arrow\"]"}
RESULT: {"using":"xpath","value":"//*[@id=\"application-manageresources-display-component---newResourceUnit--ITEM_TYPE-arrow\"]"}
COMMAND: POST /session/baa8cc8c703ae50a3cfee07d32ab3bfd/element/f.A7D77B31E8FD2DE6ABF8E388F5FFE54F.d.F74A42C4F292B0243278D141A84264B4.e.3280/click - {}
RESULT: {}
COMMAND: POST /session/baa8cc8c703ae50a3cfee07d32ab3bfd/element - {"using":"xpath","value":"(//span[contains(text(), \"Resource Unit\")])[2]"}
COMMAND: GET /session/baa8cc8c703ae50a3cfee07d32ab3bfd/screenshot - {}
RESULT: {"using":"xpath","value":"(//span[contains(text(), \"Resource Unit\")])[2]"}
COMMAND: POST /session/baa8cc8c703ae50a3cfee07d32ab3bfd/element/f.A7D77B31E8FD2DE6ABF8E388F5FFE54F.d.F74A42C4F292B0243278D141A84264B4.e.3281/click - {}
RESULT: {}
RESULT: {}
COMMAND: GET /session/baa8cc8c703ae50a3cfee07d32ab3bfd/screenshot - {}
RESULT: {}
COMMAND: POST /session/baa8cc8c703ae50a3cfee07d32ab3bfd/element - {"using":"css selector","value":"#application-manageresources-display-component---newResourceUnit--btnAddTimeSegment"}
RESULT: {"using":"css selector","value":"#application-manageresources-display-component---newResourceUnit--btnAddTimeSegment"}
COMMAND: GET /session/baa8cc8c703ae50a3cfee07d32ab3bfd/element/f.A7D77B31E8FD2DE6ABF8E388F5FFE54F.d.F74A42C4F292B0243278D141A84264B4.e.3282/rect - {}
RESULT: {}
COMMAND: GET /session/baa8cc8c703ae50a3cfee07d32ab3bfd/window/rect - {}
RESULT: {}
COMMAND: POST /session/baa8cc8c703ae50a3cfee07d32ab3bfd/execute/sync - {"script":"<script> [92 bytes]","args":[]}
RESULT: {"script":"<script> [92 bytes]","args":[]}
COMMAND: POST /session/baa8cc8c703ae50a3cfee07d32ab3bfd/actions - {"actions":[{"id":"action9","type":"wheel","parameters":{},"actions":[{"type":"scroll","x":-1888,"y":-32,"deltaX":0,"deltaY":0,"duration":0,"origin":{"element-6066-11e4-a52e-4f735466cecf":"f.A7D77B31E8FD2DE6ABF8E388F5FFE54F.d.F74A42C4F292B0243278D141A84264B4.e.3282"}}]}]}
COMMAND: GET /session/baa8cc8c703ae50a3cfee07d32ab3bfd/screenshot - {}
RESULT: {}
COMMAND: POST /session/baa8cc8c703ae50a3cfee07d32ab3bfd/execute/sync - {"script":"<script> [79 bytes]","args":[{"element-6066-11e4-a52e-4f735466cecf":"f.A7D77B31E8FD2DE6ABF8E388F5FFE54F.d.F74A42C4F292B0243278D141A84264B4.e.3282","ELEMENT":"f.A7D77B31E8FD2DE6ABF8E388F5FFE54F.d.F74A42C4F292B0243278D141A84264B4.e.3282"},{"block":"start","inline":"nearest"}]}
RESULT: {"script":"<script> [79 bytes]","args":[{"element-6066-11e4-a52e-4f735466cecf":"f.A7D77B31E8FD2DE6ABF8E388F5FFE54F.d.F74A42C4F292B0243278D141A84264B4.e.3282","ELEMENT":"f.A7D77B31E8FD2DE6ABF8E388F5FFE54F.d.F74A42C4F292B0243278D141A84264B4.e.3282"},{"block":"start","inline":"nearest"}]}
COMMAND: POST /session/baa8cc8c703ae50a3cfee07d32ab3bfd/execute/async - {"script":"<script> [1562 bytes]","args":[{"selector":{"id":"application-manageresources-display-component---newResourceUnit--btnAddTimeSegment","interaction":{"idSuffix":"inner"}},"wdio_ui5_key":"applicationmanageresources-display-component---newResourceUnit--btnAddTimeSegment"}]}
COMMAND: GET /session/baa8cc8c703ae50a3cfee07d32ab3bfd/screenshot - {}
RESULT: {"script":"<script> [1562 bytes]","args":[{"selector":{"id":"application-manageresources-display-component---newResourceUnit--btnAddTimeSegment","interaction":{"idSuffix":"inner"}},"wdio_ui5_key":"applicationmanageresources-display-component---newResourceUnit--btnAddTimeSegment"}]}
RESULT: undefined
COMMAND: POST /session/baa8cc8c703ae50a3cfee07d32ab3bfd/element - {"using":"xpath","value":"//*[@id=\"application-manageresources-display-component---newResourceUnit--btnAddTimeSegment\"]"}
RESULT: {}
RESULT: {"using":"xpath","value":"//*[@id=\"application-manageresources-display-component---newResourceUnit--btnAddTimeSegment\"]"}
COMMAND: POST /session/baa8cc8c703ae50a3cfee07d32ab3bfd/element/f.A7D77B31E8FD2DE6ABF8E388F5FFE54F.d.F74A42C4F292B0243278D141A84264B4.e.3282/click - {}
RESULT: {}
COMMAND: GET /session/baa8cc8c703ae50a3cfee07d32ab3bfd/screenshot - {}
RESULT: {}
COMMAND: POST /session/baa8cc8c703ae50a3cfee07d32ab3bfd/element - {"using":"xpath","value":"//input[@id=\"application-manageresources-display-component---newResourceUnit--idRuTSAdmin-application-manageresources-display-component---newResourceUnit--RUTimeSegment-0-inner\"]"}
RESULT: {"using":"xpath","value":"//input[@id=\"application-manageresources-display-component---newResourceUnit--idRuTSAdmin-application-manageresources-display-component---newResourceUnit--RUTimeSegment-0-inner\"]"}
COMMAND: POST /session/baa8cc8c703ae50a3cfee07d32ab3bfd/element/f.A7D77B31E8FD2DE6ABF8E388F5FFE54F.d.F74A42C4F292B0243278D141A84264B4.e.3288/clear - {}
RESULT: {}
COMMAND: POST /session/baa8cc8c703ae50a3cfee07d32ab3bfd/element/f.A7D77B31E8FD2DE6ABF8E388F5FFE54F.d.F74A42C4F292B0243278D141A84264B4.e.3288/value - {"text":"702"}
COMMAND: GET /session/baa8cc8c703ae50a3cfee07d32ab3bfd/screenshot - {}
RESULT: {"text":"702"}
COMMAND: GET /session/baa8cc8c703ae50a3cfee07d32ab3bfd/screenshot - {}
RESULT: {}
RESULT: {}
COMMAND: POST /session/baa8cc8c703ae50a3cfee07d32ab3bfd/element - {"using":"xpath","value":"//li[.//span[text()='702']]"}
RESULT: {"using":"xpath","value":"//li[.//span[text()='702']]"}
COMMAND: POST /session/baa8cc8c703ae50a3cfee07d32ab3bfd/element/f.A7D77B31E8FD2DE6ABF8E388F5FFE54F.d.F74A42C4F292B0243278D141A84264B4.e.3301/click - {}
RESULT: {}
COMMAND: GET /session/baa8cc8c703ae50a3cfee07d32ab3bfd/screenshot - {}
RESULT: {}
COMMAND: POST /session/baa8cc8c703ae50a3cfee07d32ab3bfd/element - {"using":"xpath","value":"(//span[contains(@id, \"-application-manageresources-display-component---newResourceUnit--RUTimeSegment-0-arrow\")])[6]"}
RESULT: {"using":"xpath","value":"(//span[contains(@id, \"-application-manageresources-display-component---newResourceUnit--RUTimeSegment-0-arrow\")])[6]"}
COMMAND: POST /session/baa8cc8c703ae50a3cfee07d32ab3bfd/element/f.A7D77B31E8FD2DE6ABF8E388F5FFE54F.d.F74A42C4F292B0243278D141A84264B4.e.3302/click - {}
RESULT: {}
COMMAND: POST /session/baa8cc8c703ae50a3cfee07d32ab3bfd/element - {"using":"xpath","value":"//span[contains(text(), \"PM Order\")]"}
COMMAND: GET /session/baa8cc8c703ae50a3cfee07d32ab3bfd/screenshot - {}
RESULT: {"using":"xpath","value":"//span[contains(text(), \"PM Order\")]"}
COMMAND: POST /session/baa8cc8c703ae50a3cfee07d32ab3bfd/element/f.A7D77B31E8FD2DE6ABF8E388F5FFE54F.d.F74A42C4F292B0243278D141A84264B4.e.3305/click - {}
RESULT: {}
RESULT: {}
COMMAND: GET /session/baa8cc8c703ae50a3cfee07d32ab3bfd/screenshot - {}
RESULT: {}
COMMAND: POST /session/baa8cc8c703ae50a3cfee07d32ab3bfd/element - {"using":"xpath","value":"(//span[contains(@id ,\"manageresources-display-component---newResourceUnit--RUTimeSegment-0-vhi\")])[2]"}
RESULT: {"using":"xpath","value":"(//span[contains(@id ,\"manageresources-display-component---newResourceUnit--RUTimeSegment-0-vhi\")])[2]"}
COMMAND: POST /session/baa8cc8c703ae50a3cfee07d32ab3bfd/element/f.A7D77B31E8FD2DE6ABF8E388F5FFE54F.d.F74A42C4F292B0243278D141A84264B4.e.3308/click - {}
RESULT: {}
COMMAND: GET /session/baa8cc8c703ae50a3cfee07d32ab3bfd/screenshot - {}
RESULT: {}
RESULT: undefined
COMMAND: POST /session/baa8cc8c703ae50a3cfee07d32ab3bfd/execute/async - {"script":"<script> [776 bytes]","args":[{"enterText":"4000360","selector":{"controlType":"sap.m.SearchField","properties":{"placeholder":"Search"},"searchOpenDialogs":true,"interaction":{"idSuffix":"I"}},"clearTextFirst":true,"interactionType":"ENTER_TEXT"}]}
RESULT: {"script":"<script> [776 bytes]","args":[{"enterText":"4000360","selector":{"controlType":"sap.m.SearchField","properties":{"placeholder":"Search"},"searchOpenDialogs":true,"interaction":{"idSuffix":"I"}},"clearTextFirst":true,"interactionType":"ENTER_TEXT"}]}
COMMAND: POST /session/baa8cc8c703ae50a3cfee07d32ab3bfd/actions - {"actions":[{"id":"action10","type":"key","parameters":{},"actions":[{"type":"keyDown","value":""},{"type":"pause","duration":10},{"type":"keyUp","value":""}]}]}
RESULT: {"actions":[{"id":"action10","type":"key","parameters":{},"actions":[{"type":"keyDown","value":""},{"type":"pause","duration":10},{"type":"keyUp","value":""}]}]}
COMMAND: GET /session/baa8cc8c703ae50a3cfee07d32ab3bfd/screenshot - {}
RESULT: {}
COMMAND: POST /session/baa8cc8c703ae50a3cfee07d32ab3bfd/element - {"using":"xpath","value":"//td/div/span[contains(text(), \"BGL Vehicles\")]"}
RESULT: {"using":"xpath","value":"//td/div/span[contains(text(), \"BGL Vehicles\")]"}
COMMAND: POST /session/baa8cc8c703ae50a3cfee07d32ab3bfd/element/f.A7D77B31E8FD2DE6ABF8E388F5FFE54F.d.F74A42C4F292B0243278D141A84264B4.e.3326/click - {}
RESULT: {}
COMMAND: GET /session/baa8cc8c703ae50a3cfee07d32ab3bfd/screenshot - {}
RESULT: {}
COMMAND: POST /session/baa8cc8c703ae50a3cfee07d32ab3bfd/element - {"using":"xpath","value":"//bdi[contains(text(), \"OK\")]"}
RESULT: {"using":"xpath","value":"//bdi[contains(text(), \"OK\")]"}
COMMAND: POST /session/baa8cc8c703ae50a3cfee07d32ab3bfd/element/f.A7D77B31E8FD2DE6ABF8E388F5FFE54F.d.F74A42C4F292B0243278D141A84264B4.e.3327/click - {}
RESULT: {}
COMMAND: GET /session/baa8cc8c703ae50a3cfee07d32ab3bfd/screenshot - {}
RESULT: {}
COMMAND: POST /session/baa8cc8c703ae50a3cfee07d32ab3bfd/execute/async - {"script":"<script> [1562 bytes]","args":[{"selector":{"id":"application-manageresources-display-component---newResourceUnit--newRRUPage-anchBar-application-manageresources-display-component---newResourceUnit--resource-anchor","interaction":{"idSuffix":"BDI-content"}},"wdio_ui5_key":"applicationmanageresources-display-component---newResourceUnit--newRRUPage-anchBar-application-manageresources-display-component---newResourceUnit--resource-anchor"}]}
RESULT: {"script":"<script> [1562 bytes]","args":[{"selector":{"id":"application-manageresources-display-component---newResourceUnit--newRRUPage-anchBar-application-manageresources-display-component---newResourceUnit--resource-anchor","interaction":{"idSuffix":"BDI-content"}},"wdio_ui5_key":"applicationmanageresources-display-component---newResourceUnit--newRRUPage-anchBar-application-manageresources-display-component---newResourceUnit--resource-anchor"}]}
RESULT: undefined
COMMAND: POST /session/baa8cc8c703ae50a3cfee07d32ab3bfd/element - {"using":"xpath","value":"//*[@id=\"application-manageresources-display-component---newResourceUnit--newRRUPage-anchBar-application-manageresources-display-component---newResourceUnit--resource-anchor\"]"}
RESULT: {"using":"xpath","value":"//*[@id=\"application-manageresources-display-component---newResourceUnit--newRRUPage-anchBar-application-manageresources-display-component---newResourceUnit--resource-anchor\"]"}
COMMAND: POST /session/baa8cc8c703ae50a3cfee07d32ab3bfd/element/f.A7D77B31E8FD2DE6ABF8E388F5FFE54F.d.F74A42C4F292B0243278D141A84264B4.e.3331/click - {}
RESULT: {}
COMMAND: POST /session/baa8cc8c703ae50a3cfee07d32ab3bfd/execute/async - {"script":"<script> [1562 bytes]","args":[{"selector":{"id":"application-manageresources-display-component---newResourceUnit--PLANNED_DELIVERY_DATE","interaction":{"idSuffix":"inner"}},"wdio_ui5_key":"applicationmanageresources-display-component---newResourceUnit--PLANNED_DELIVERY_DATE"}]}
COMMAND: GET /session/baa8cc8c703ae50a3cfee07d32ab3bfd/screenshot - {}
RESULT: {"script":"<script> [1562 bytes]","args":[{"selector":{"id":"application-manageresources-display-component---newResourceUnit--PLANNED_DELIVERY_DATE","interaction":{"idSuffix":"inner"}},"wdio_ui5_key":"applicationmanageresources-display-component---newResourceUnit--PLANNED_DELIVERY_DATE"}]}
RESULT: undefined
COMMAND: POST /session/baa8cc8c703ae50a3cfee07d32ab3bfd/execute/async - {"script":"<script> [6424 bytes]","args":[{"element-6066-11e4-a52e-4f735466cecf":"f.A7D77B31E8FD2DE6ABF8E388F5FFE54F.d.F74A42C4F292B0243278D141A84264B4.e.3194"},"setValue",["4/23/25"]]}
RESULT: {}
RESULT: {"script":"<script> [6424 bytes]","args":[{"element-6066-11e4-a52e-4f735466cecf":"f.A7D77B31E8FD2DE6ABF8E388F5FFE54F.d.F74A42C4F292B0243278D141A84264B4.e.3194"},"setValue",["4/23/25"]]}
COMMAND: POST /session/baa8cc8c703ae50a3cfee07d32ab3bfd/element - {"using":"xpath","value":"//button[@data-kt=\"resourceUnitSaveButton\"]"}
RESULT: {"using":"xpath","value":"//button[@data-kt=\"resourceUnitSaveButton\"]"}
COMMAND: POST /session/baa8cc8c703ae50a3cfee07d32ab3bfd/element/f.A7D77B31E8FD2DE6ABF8E388F5FFE54F.d.F74A42C4F292B0243278D141A84264B4.e.3155/click - {}
RESULT: {}
COMMAND: GET /session/baa8cc8c703ae50a3cfee07d32ab3bfd/screenshot - {}
RESULT: {}
COMMAND: POST /session/baa8cc8c703ae50a3cfee07d32ab3bfd/element - {"using":"xpath","value":"//bdi[contains(text(), \"Close\")]"}
RESULT: {"using":"xpath","value":"//bdi[contains(text(), \"Close\")]"}
COMMAND: POST /session/baa8cc8c703ae50a3cfee07d32ab3bfd/element/f.A7D77B31E8FD2DE6ABF8E388F5FFE54F.d.F74A42C4F292B0243278D141A84264B4.e.3339/click - {}
RESULT: {}
COMMAND: GET /session/baa8cc8c703ae50a3cfee07d32ab3bfd/screenshot - {}
RESULT: {}
COMMAND: POST /session/baa8cc8c703ae50a3cfee07d32ab3bfd/element - {"using":"xpath","value":"(//button[contains(@id ,\"actionsToolbar-overflowButton\")])[1]"}
RESULT: {"using":"xpath","value":"(//button[contains(@id ,\"actionsToolbar-overflowButton\")])[1]"}
COMMAND: POST /session/baa8cc8c703ae50a3cfee07d32ab3bfd/element/f.A7D77B31E8FD2DE6ABF8E388F5FFE54F.d.F74A42C4F292B0243278D141A84264B4.e.3393/click - {}
RESULT: {}
COMMAND: GET /session/baa8cc8c703ae50a3cfee07d32ab3bfd/screenshot - {}
RESULT: {}
COMMAND: POST /session/baa8cc8c703ae50a3cfee07d32ab3bfd/element - {"using":"xpath","value":"//button[@data-kt=\"priceInfoButton\"]"}
RESULT: {"using":"xpath","value":"//button[@data-kt=\"priceInfoButton\"]"}
COMMAND: POST /session/baa8cc8c703ae50a3cfee07d32ab3bfd/element/f.A7D77B31E8FD2DE6ABF8E388F5FFE54F.d.F74A42C4F292B0243278D141A84264B4.e.3395/click - {}
RESULT: {}
COMMAND: GET /session/baa8cc8c703ae50a3cfee07d32ab3bfd/screenshot - {}
RESULT: {}
]]></system-out>
    </testcase>
    <testcase classname="chrome.135_0_7049_42.windows.Billing_confirm_US117289" name="Should create new pricing rule" time="50.546">
      <system-out><![CDATA[
COMMAND: POST /session/baa8cc8c703ae50a3cfee07d32ab3bfd/element - {"using":"xpath","value":"//button[@data-kt=\"addButton\"]"}
RESULT: {"using":"xpath","value":"//button[@data-kt=\"addButton\"]"}
COMMAND: POST /session/baa8cc8c703ae50a3cfee07d32ab3bfd/elements - {"using":"xpath","value":"//button[@data-kt=\"addButton\"]"}
RESULT: {"using":"xpath","value":"//button[@data-kt=\"addButton\"]"}
COMMAND: POST /session/baa8cc8c703ae50a3cfee07d32ab3bfd/elements - {"using":"xpath","value":"//button[@data-kt=\"addButton\"]"}
RESULT: {"using":"xpath","value":"//button[@data-kt=\"addButton\"]"}
COMMAND: POST /session/baa8cc8c703ae50a3cfee07d32ab3bfd/element - {"using":"xpath","value":"//button[@data-kt=\"addButton\"]"}
RESULT: {"using":"xpath","value":"//button[@data-kt=\"addButton\"]"}
COMMAND: POST /session/baa8cc8c703ae50a3cfee07d32ab3bfd/execute/sync - {"script":"<script> [8489 bytes]","args":[{"element-6066-11e4-a52e-4f735466cecf":"f.A7D77B31E8FD2DE6ABF8E388F5FFE54F.d.F74A42C4F292B0243278D141A84264B4.e.3432","ELEMENT":"f.A7D77B31E8FD2DE6ABF8E388F5FFE54F.d.F74A42C4F292B0243278D141A84264B4.e.3432"}]}
RESULT: {"script":"<script> [8489 bytes]","args":[{"element-6066-11e4-a52e-4f735466cecf":"f.A7D77B31E8FD2DE6ABF8E388F5FFE54F.d.F74A42C4F292B0243278D141A84264B4.e.3432","ELEMENT":"f.A7D77B31E8FD2DE6ABF8E388F5FFE54F.d.F74A42C4F292B0243278D141A84264B4.e.3432"}]}
COMMAND: GET /session/baa8cc8c703ae50a3cfee07d32ab3bfd/element/f.A7D77B31E8FD2DE6ABF8E388F5FFE54F.d.F74A42C4F292B0243278D141A84264B4.e.3432/enabled - {}
COMMAND: GET /session/baa8cc8c703ae50a3cfee07d32ab3bfd/screenshot - {}
RESULT: {}
COMMAND: POST /session/baa8cc8c703ae50a3cfee07d32ab3bfd/execute/sync - {"script":"<script> [8489 bytes]","args":[{"element-6066-11e4-a52e-4f735466cecf":"f.A7D77B31E8FD2DE6ABF8E388F5FFE54F.d.F74A42C4F292B0243278D141A84264B4.e.3432","ELEMENT":"f.A7D77B31E8FD2DE6ABF8E388F5FFE54F.d.F74A42C4F292B0243278D141A84264B4.e.3432"}]}
COMMAND: GET /session/baa8cc8c703ae50a3cfee07d32ab3bfd/screenshot - {}
RESULT: {}
RESULT: {"script":"<script> [8489 bytes]","args":[{"element-6066-11e4-a52e-4f735466cecf":"f.A7D77B31E8FD2DE6ABF8E388F5FFE54F.d.F74A42C4F292B0243278D141A84264B4.e.3432","ELEMENT":"f.A7D77B31E8FD2DE6ABF8E388F5FFE54F.d.F74A42C4F292B0243278D141A84264B4.e.3432"}]}
COMMAND: POST /session/baa8cc8c703ae50a3cfee07d32ab3bfd/execute/sync - {"script":"<script> [5351 bytes]","args":[{"element-6066-11e4-a52e-4f735466cecf":"f.A7D77B31E8FD2DE6ABF8E388F5FFE54F.d.F74A42C4F292B0243278D141A84264B4.e.3432","ELEMENT":"f.A7D77B31E8FD2DE6ABF8E388F5FFE54F.d.F74A42C4F292B0243278D141A84264B4.e.3432"}]}
COMMAND: GET /session/baa8cc8c703ae50a3cfee07d32ab3bfd/screenshot - {}
RESULT: {}
RESULT: {"script":"<script> [5351 bytes]","args":[{"element-6066-11e4-a52e-4f735466cecf":"f.A7D77B31E8FD2DE6ABF8E388F5FFE54F.d.F74A42C4F292B0243278D141A84264B4.e.3432","ELEMENT":"f.A7D77B31E8FD2DE6ABF8E388F5FFE54F.d.F74A42C4F292B0243278D141A84264B4.e.3432"}]}
COMMAND: POST /session/baa8cc8c703ae50a3cfee07d32ab3bfd/element/f.A7D77B31E8FD2DE6ABF8E388F5FFE54F.d.F74A42C4F292B0243278D141A84264B4.e.3432/click - {}
COMMAND: GET /session/baa8cc8c703ae50a3cfee07d32ab3bfd/screenshot - {}
RESULT: {}
RESULT: {}
COMMAND: GET /session/baa8cc8c703ae50a3cfee07d32ab3bfd/screenshot - {}
RESULT: {}
RESULT: {}
COMMAND: POST /session/baa8cc8c703ae50a3cfee07d32ab3bfd/execute/async - {"script":"<script> [1562 bytes]","args":[{"selector":{"controlType":"sap.m.Title","viewName":"etm.portal.ui.managepricingrules.view.NewItem","viewId":"application-managepricingrules-display-component---newInfoPriceItem","properties":{"text":"New Pricing Rules - Item Level"}},"wdio_ui5_key":"etmportal.ui.managepricingrules.view.NewItemsap.m.Title{\"text\":\"New Pricing Rules - Item Level\"}"}]}
RESULT: {"script":"<script> [1562 bytes]","args":[{"selector":{"controlType":"sap.m.Title","viewName":"etm.portal.ui.managepricingrules.view.NewItem","viewId":"application-managepricingrules-display-component---newInfoPriceItem","properties":{"text":"New Pricing Rules - Item Level"}},"wdio_ui5_key":"etmportal.ui.managepricingrules.view.NewItemsap.m.Title{\"text\":\"New Pricing Rules - Item Level\"}"}]}
RESULT: undefined
COMMAND: POST /session/baa8cc8c703ae50a3cfee07d32ab3bfd/execute/async - {"script":"<script> [6424 bytes]","args":[{"element-6066-11e4-a52e-4f735466cecf":"f.A7D77B31E8FD2DE6ABF8E388F5FFE54F.d.F74A42C4F292B0243278D141A84264B4.e.3612"},"getText",[]]}
RESULT: {"script":"<script> [6424 bytes]","args":[{"element-6066-11e4-a52e-4f735466cecf":"f.A7D77B31E8FD2DE6ABF8E388F5FFE54F.d.F74A42C4F292B0243278D141A84264B4.e.3612"},"getText",[]]}
COMMAND: POST /session/baa8cc8c703ae50a3cfee07d32ab3bfd/execute/async - {"script":"<script> [1562 bytes]","args":[{"selector":{"id":"application-managepricingrules-display-component---newInfoPriceItem--condValidTo","interaction":{"idSuffix":"inner"}},"wdio_ui5_key":"applicationmanagepricingrules-display-component---newInfoPriceItem--condValidTo"}]}
RESULT: {"script":"<script> [1562 bytes]","args":[{"selector":{"id":"application-managepricingrules-display-component---newInfoPriceItem--condValidTo","interaction":{"idSuffix":"inner"}},"wdio_ui5_key":"applicationmanagepricingrules-display-component---newInfoPriceItem--condValidTo"}]}
RESULT: undefined
COMMAND: POST /session/baa8cc8c703ae50a3cfee07d32ab3bfd/execute/async - {"script":"<script> [776 bytes]","args":[{"enterText":"12/23/25","selector":{"id":"application-managepricingrules-display-component---newInfoPriceItem--condValidTo","interaction":{"idSuffix":"inner"}},"clearTextFirst":true,"interactionType":"ENTER_TEXT"}]}
RESULT: {"script":"<script> [776 bytes]","args":[{"enterText":"12/23/25","selector":{"id":"application-managepricingrules-display-component---newInfoPriceItem--condValidTo","interaction":{"idSuffix":"inner"}},"clearTextFirst":true,"interactionType":"ENTER_TEXT"}]}
COMMAND: POST /session/baa8cc8c703ae50a3cfee07d32ab3bfd/execute/async - {"script":"<script> [1562 bytes]","args":[{"selector":{"id":"application-managepricingrules-display-component---newInfoPriceItem--billType-arrow"},"wdio_ui5_key":"applicationmanagepricingrules-display-component---newInfoPriceItem--billType-arrow"}]}
RESULT: {"script":"<script> [1562 bytes]","args":[{"selector":{"id":"application-managepricingrules-display-component---newInfoPriceItem--billType-arrow"},"wdio_ui5_key":"applicationmanagepricingrules-display-component---newInfoPriceItem--billType-arrow"}]}
RESULT: undefined
COMMAND: POST /session/baa8cc8c703ae50a3cfee07d32ab3bfd/element - {"using":"xpath","value":"//*[@id=\"application-managepricingrules-display-component---newInfoPriceItem--billType-arrow\"]"}
RESULT: {"using":"xpath","value":"//*[@id=\"application-managepricingrules-display-component---newInfoPriceItem--billType-arrow\"]"}
COMMAND: POST /session/baa8cc8c703ae50a3cfee07d32ab3bfd/element/f.A7D77B31E8FD2DE6ABF8E388F5FFE54F.d.F74A42C4F292B0243278D141A84264B4.e.3571/click - {}
RESULT: {}
COMMAND: POST /session/baa8cc8c703ae50a3cfee07d32ab3bfd/element - {"using":"xpath","value":"//span[contains(text(), \"TB - Time based\")]"}
COMMAND: GET /session/baa8cc8c703ae50a3cfee07d32ab3bfd/screenshot - {}
RESULT: {"using":"xpath","value":"//span[contains(text(), \"TB - Time based\")]"}
COMMAND: POST /session/baa8cc8c703ae50a3cfee07d32ab3bfd/element/f.A7D77B31E8FD2DE6ABF8E388F5FFE54F.d.F74A42C4F292B0243278D141A84264B4.e.3614/click - {}
RESULT: {}
RESULT: {}
COMMAND: POST /session/baa8cc8c703ae50a3cfee07d32ab3bfd/execute/async - {"script":"<script> [1562 bytes]","args":[{"selector":{"id":"application-managepricingrules-display-component---newInfoPriceItem--priceProc-arrow"},"wdio_ui5_key":"applicationmanagepricingrules-display-component---newInfoPriceItem--priceProc-arrow"}]}
COMMAND: GET /session/baa8cc8c703ae50a3cfee07d32ab3bfd/screenshot - {}
RESULT: {"script":"<script> [1562 bytes]","args":[{"selector":{"id":"application-managepricingrules-display-component---newInfoPriceItem--priceProc-arrow"},"wdio_ui5_key":"applicationmanagepricingrules-display-component---newInfoPriceItem--priceProc-arrow"}]}
RESULT: undefined
COMMAND: POST /session/baa8cc8c703ae50a3cfee07d32ab3bfd/element - {"using":"xpath","value":"//*[@id=\"application-managepricingrules-display-component---newInfoPriceItem--priceProc-arrow\"]"}
RESULT: {}
RESULT: {"using":"xpath","value":"//*[@id=\"application-managepricingrules-display-component---newInfoPriceItem--priceProc-arrow\"]"}
COMMAND: POST /session/baa8cc8c703ae50a3cfee07d32ab3bfd/element/f.A7D77B31E8FD2DE6ABF8E388F5FFE54F.d.F74A42C4F292B0243278D141A84264B4.e.3578/click - {}
RESULT: {}
COMMAND: POST /session/baa8cc8c703ae50a3cfee07d32ab3bfd/element - {"using":"xpath","value":"//span[contains(text(), \"TBS - Time based standard\")]"}
COMMAND: GET /session/baa8cc8c703ae50a3cfee07d32ab3bfd/screenshot - {}
RESULT: {"using":"xpath","value":"//span[contains(text(), \"TBS - Time based standard\")]"}
COMMAND: POST /session/baa8cc8c703ae50a3cfee07d32ab3bfd/element/f.A7D77B31E8FD2DE6ABF8E388F5FFE54F.d.F74A42C4F292B0243278D141A84264B4.e.3615/click - {}
RESULT: {}
RESULT: {}
COMMAND: POST /session/baa8cc8c703ae50a3cfee07d32ab3bfd/execute/async - {"script":"<script> [1562 bytes]","args":[{"selector":{"id":"application-managepricingrules-display-component---newInfoPriceItem--calcBase-arrow"},"wdio_ui5_key":"applicationmanagepricingrules-display-component---newInfoPriceItem--calcBase-arrow"}]}
COMMAND: GET /session/baa8cc8c703ae50a3cfee07d32ab3bfd/screenshot - {}
RESULT: {"script":"<script> [1562 bytes]","args":[{"selector":{"id":"application-managepricingrules-display-component---newInfoPriceItem--calcBase-arrow"},"wdio_ui5_key":"applicationmanagepricingrules-display-component---newInfoPriceItem--calcBase-arrow"}]}
RESULT: undefined
COMMAND: POST /session/baa8cc8c703ae50a3cfee07d32ab3bfd/element - {"using":"xpath","value":"//*[@id=\"application-managepricingrules-display-component---newInfoPriceItem--calcBase-arrow\"]"}
RESULT: {}
RESULT: {"using":"xpath","value":"//*[@id=\"application-managepricingrules-display-component---newInfoPriceItem--calcBase-arrow\"]"}
COMMAND: POST /session/baa8cc8c703ae50a3cfee07d32ab3bfd/element/f.A7D77B31E8FD2DE6ABF8E388F5FFE54F.d.F74A42C4F292B0243278D141A84264B4.e.3585/click - {}
RESULT: {}
COMMAND: GET /session/baa8cc8c703ae50a3cfee07d32ab3bfd/screenshot - {}
RESULT: {}
COMMAND: POST /session/baa8cc8c703ae50a3cfee07d32ab3bfd/element - {"using":"xpath","value":"//span[contains(text(), \"0006 - TB(calendar days)\")]"}
RESULT: {"using":"xpath","value":"//span[contains(text(), \"0006 - TB(calendar days)\")]"}
COMMAND: POST /session/baa8cc8c703ae50a3cfee07d32ab3bfd/element/f.A7D77B31E8FD2DE6ABF8E388F5FFE54F.d.F74A42C4F292B0243278D141A84264B4.e.3616/click - {}
RESULT: {}
COMMAND: GET /session/baa8cc8c703ae50a3cfee07d32ab3bfd/screenshot - {}
RESULT: {}
COMMAND: POST /session/baa8cc8c703ae50a3cfee07d32ab3bfd/execute/async - {"script":"<script> [1562 bytes]","args":[{"selector":{"id":"application-managepricingrules-display-component---newInfoPriceItem--daysMonth","interaction":{"idSuffix":"inner"}},"wdio_ui5_key":"applicationmanagepricingrules-display-component---newInfoPriceItem--daysMonth"}]}
RESULT: {"script":"<script> [1562 bytes]","args":[{"selector":{"id":"application-managepricingrules-display-component---newInfoPriceItem--daysMonth","interaction":{"idSuffix":"inner"}},"wdio_ui5_key":"applicationmanagepricingrules-display-component---newInfoPriceItem--daysMonth"}]}
RESULT: undefined
COMMAND: POST /session/baa8cc8c703ae50a3cfee07d32ab3bfd/execute/async - {"script":"<script> [776 bytes]","args":[{"enterText":"30","selector":{"id":"application-managepricingrules-display-component---newInfoPriceItem--daysMonth","interaction":{"idSuffix":"inner"}},"clearTextFirst":true,"interactionType":"ENTER_TEXT"}]}
RESULT: {"script":"<script> [776 bytes]","args":[{"enterText":"30","selector":{"id":"application-managepricingrules-display-component---newInfoPriceItem--daysMonth","interaction":{"idSuffix":"inner"}},"clearTextFirst":true,"interactionType":"ENTER_TEXT"}]}
COMMAND: POST /session/baa8cc8c703ae50a3cfee07d32ab3bfd/element - {"using":"xpath","value":"//button[@data-kt=\"saveNewRuleButton\"]"}
RESULT: {"using":"xpath","value":"//button[@data-kt=\"saveNewRuleButton\"]"}
COMMAND: POST /session/baa8cc8c703ae50a3cfee07d32ab3bfd/element/f.A7D77B31E8FD2DE6ABF8E388F5FFE54F.d.F74A42C4F292B0243278D141A84264B4.e.3605/click - {}
RESULT: {}
COMMAND: GET /session/baa8cc8c703ae50a3cfee07d32ab3bfd/screenshot - {}
RESULT: {}
COMMAND: POST /session/baa8cc8c703ae50a3cfee07d32ab3bfd/execute/async - {"script":"<script> [1562 bytes]","args":[{"selector":{"id":"application-managepricingrules-display-component---priceInfoItem--smartFilterBar-btnBasicSearch","interaction":{"idSuffix":"I"}},"wdio_ui5_key":"applicationmanagepricingrules-display-component---priceInfoItem--smartFilterBar-btnBasicSearch"}]}
RESULT: {"script":"<script> [1562 bytes]","args":[{"selector":{"id":"application-managepricingrules-display-component---priceInfoItem--smartFilterBar-btnBasicSearch","interaction":{"idSuffix":"I"}},"wdio_ui5_key":"applicationmanagepricingrules-display-component---priceInfoItem--smartFilterBar-btnBasicSearch"}]}
RESULT: undefined
COMMAND: POST /session/baa8cc8c703ae50a3cfee07d32ab3bfd/execute/async - {"script":"<script> [776 bytes]","args":[{"enterText":"0JdEJhITKH","selector":{"id":"application-managepricingrules-display-component---priceInfoItem--smartFilterBar-btnBasicSearch","interaction":{"idSuffix":"I"}},"clearTextFirst":true,"interactionType":"ENTER_TEXT"}]}
RESULT: {"script":"<script> [776 bytes]","args":[{"enterText":"0JdEJhITKH","selector":{"id":"application-managepricingrules-display-component---priceInfoItem--smartFilterBar-btnBasicSearch","interaction":{"idSuffix":"I"}},"clearTextFirst":true,"interactionType":"ENTER_TEXT"}]}
COMMAND: POST /session/baa8cc8c703ae50a3cfee07d32ab3bfd/actions - {"actions":[{"id":"action11","type":"key","parameters":{},"actions":[{"type":"keyDown","value":""},{"type":"pause","duration":10},{"type":"keyUp","value":""}]}]}
RESULT: {"actions":[{"id":"action11","type":"key","parameters":{},"actions":[{"type":"keyDown","value":""},{"type":"pause","duration":10},{"type":"keyUp","value":""}]}]}
COMMAND: GET /session/baa8cc8c703ae50a3cfee07d32ab3bfd/screenshot - {}
RESULT: {}
COMMAND: POST /session/baa8cc8c703ae50a3cfee07d32ab3bfd/element - {"using":"xpath","value":"//span[@id=\"application-managepricingrules-display-component---priceInfoItem--smartTable-header-inner\"]"}
RESULT: {"using":"xpath","value":"//span[@id=\"application-managepricingrules-display-component---priceInfoItem--smartTable-header-inner\"]"}
COMMAND: POST /session/baa8cc8c703ae50a3cfee07d32ab3bfd/elements - {"using":"xpath","value":"//span[@id=\"application-managepricingrules-display-component---priceInfoItem--smartTable-header-inner\"]"}
RESULT: {"using":"xpath","value":"//span[@id=\"application-managepricingrules-display-component---priceInfoItem--smartTable-header-inner\"]"}
COMMAND: POST /session/baa8cc8c703ae50a3cfee07d32ab3bfd/execute/sync - {"script":"<script> [56 bytes]","args":[{"element-6066-11e4-a52e-4f735466cecf":"f.A7D77B31E8FD2DE6ABF8E388F5FFE54F.d.F74A42C4F292B0243278D141A84264B4.e.3640","ELEMENT":"f.A7D77B31E8FD2DE6ABF8E388F5FFE54F.d.F74A42C4F292B0243278D141A84264B4.e.3640"}]}
RESULT: {"script":"<script> [56 bytes]","args":[{"element-6066-11e4-a52e-4f735466cecf":"f.A7D77B31E8FD2DE6ABF8E388F5FFE54F.d.F74A42C4F292B0243278D141A84264B4.e.3640","ELEMENT":"f.A7D77B31E8FD2DE6ABF8E388F5FFE54F.d.F74A42C4F292B0243278D141A84264B4.e.3640"}]}
COMMAND: POST /session/baa8cc8c703ae50a3cfee07d32ab3bfd/element - {"using":"css selector","value":"#shell-header-logo"}
COMMAND: GET /session/baa8cc8c703ae50a3cfee07d32ab3bfd/screenshot - {}
RESULT: {"using":"css selector","value":"#shell-header-logo"}
COMMAND: POST /session/baa8cc8c703ae50a3cfee07d32ab3bfd/element/f.A7D77B31E8FD2DE6ABF8E388F5FFE54F.d.F74A42C4F292B0243278D141A84264B4.e.2737/click - {}
RESULT: {}
RESULT: {}
COMMAND: GET /session/baa8cc8c703ae50a3cfee07d32ab3bfd/screenshot - {}
RESULT: {}
]]></system-out>
    </testcase>
    <testcase classname="chrome.135_0_7049_42.windows.Billing_confirm_US117289" name="Should create new condition for equipment" time="63.391">
      <system-out><![CDATA[
COMMAND: POST /session/baa8cc8c703ae50a3cfee07d32ab3bfd/execute/async - {"script":"<script> [1562 bytes]","args":[{"selector":{"controlType":"sap.m.Text","properties":{"text":"Manage Conditions & Prices"},"interaction":{"idSuffix":"inner"}},"wdio_ui5_key":"sapm.Text{\"text\":\"Manage Conditions & Prices\"}"}]}
RESULT: {"script":"<script> [1562 bytes]","args":[{"selector":{"controlType":"sap.m.Text","properties":{"text":"Manage Conditions & Prices"},"interaction":{"idSuffix":"inner"}},"wdio_ui5_key":"sapm.Text{\"text\":\"Manage Conditions & Prices\"}"}]}
RESULT: undefined
COMMAND: POST /session/baa8cc8c703ae50a3cfee07d32ab3bfd/element - {"using":"xpath","value":"//*[@id=\"__tile53-title\"]"}
RESULT: {"using":"xpath","value":"//*[@id=\"__tile53-title\"]"}
COMMAND: POST /session/baa8cc8c703ae50a3cfee07d32ab3bfd/element/f.A7D77B31E8FD2DE6ABF8E388F5FFE54F.d.F74A42C4F292B0243278D141A84264B4.e.3643/click - {}
RESULT: {}
COMMAND: POST /session/baa8cc8c703ae50a3cfee07d32ab3bfd/element - {"using":"xpath","value":"//button[@aria-label=\"Create\"]"}
COMMAND: GET /session/baa8cc8c703ae50a3cfee07d32ab3bfd/screenshot - {}
RESULT: {"using":"xpath","value":"//button[@aria-label=\"Create\"]"}
COMMAND: POST /session/baa8cc8c703ae50a3cfee07d32ab3bfd/elements - {"using":"xpath","value":"//button[@aria-label=\"Create\"]"}
RESULT: {}
RESULT: {"using":"xpath","value":"//button[@aria-label=\"Create\"]"}
COMMAND: POST /session/baa8cc8c703ae50a3cfee07d32ab3bfd/elements - {"using":"xpath","value":"//button[@aria-label=\"Create\"]"}
RESULT: {"using":"xpath","value":"//button[@aria-label=\"Create\"]"}
COMMAND: POST /session/baa8cc8c703ae50a3cfee07d32ab3bfd/elements - {"using":"xpath","value":"//button[@aria-label=\"Create\"]"}
RESULT: {"using":"xpath","value":"//button[@aria-label=\"Create\"]"}
COMMAND: POST /session/baa8cc8c703ae50a3cfee07d32ab3bfd/elements - {"using":"xpath","value":"//button[@aria-label=\"Create\"]"}
RESULT: {"using":"xpath","value":"//button[@aria-label=\"Create\"]"}
COMMAND: POST /session/baa8cc8c703ae50a3cfee07d32ab3bfd/elements - {"using":"xpath","value":"//button[@aria-label=\"Create\"]"}
RESULT: {"using":"xpath","value":"//button[@aria-label=\"Create\"]"}
COMMAND: POST /session/baa8cc8c703ae50a3cfee07d32ab3bfd/elements - {"using":"xpath","value":"//button[@aria-label=\"Create\"]"}
RESULT: {"using":"xpath","value":"//button[@aria-label=\"Create\"]"}
COMMAND: POST /session/baa8cc8c703ae50a3cfee07d32ab3bfd/elements - {"using":"xpath","value":"//button[@aria-label=\"Create\"]"}
RESULT: {"using":"xpath","value":"//button[@aria-label=\"Create\"]"}
COMMAND: POST /session/baa8cc8c703ae50a3cfee07d32ab3bfd/elements - {"using":"xpath","value":"//button[@aria-label=\"Create\"]"}
RESULT: {"using":"xpath","value":"//button[@aria-label=\"Create\"]"}
COMMAND: POST /session/baa8cc8c703ae50a3cfee07d32ab3bfd/elements - {"using":"xpath","value":"//button[@aria-label=\"Create\"]"}
RESULT: {"using":"xpath","value":"//button[@aria-label=\"Create\"]"}
COMMAND: POST /session/baa8cc8c703ae50a3cfee07d32ab3bfd/elements - {"using":"xpath","value":"//button[@aria-label=\"Create\"]"}
RESULT: {"using":"xpath","value":"//button[@aria-label=\"Create\"]"}
COMMAND: POST /session/baa8cc8c703ae50a3cfee07d32ab3bfd/elements - {"using":"xpath","value":"//button[@aria-label=\"Create\"]"}
RESULT: {"using":"xpath","value":"//button[@aria-label=\"Create\"]"}
COMMAND: POST /session/baa8cc8c703ae50a3cfee07d32ab3bfd/elements - {"using":"xpath","value":"//button[@aria-label=\"Create\"]"}
RESULT: {"using":"xpath","value":"//button[@aria-label=\"Create\"]"}
COMMAND: POST /session/baa8cc8c703ae50a3cfee07d32ab3bfd/element - {"using":"xpath","value":"//button[@aria-label=\"Create\"]"}
RESULT: {"using":"xpath","value":"//button[@aria-label=\"Create\"]"}
COMMAND: POST /session/baa8cc8c703ae50a3cfee07d32ab3bfd/execute/sync - {"script":"<script> [8489 bytes]","args":[{"element-6066-11e4-a52e-4f735466cecf":"f.A7D77B31E8FD2DE6ABF8E388F5FFE54F.d.F74A42C4F292B0243278D141A84264B4.e.3679","ELEMENT":"f.A7D77B31E8FD2DE6ABF8E388F5FFE54F.d.F74A42C4F292B0243278D141A84264B4.e.3679"}]}
RESULT: {"script":"<script> [8489 bytes]","args":[{"element-6066-11e4-a52e-4f735466cecf":"f.A7D77B31E8FD2DE6ABF8E388F5FFE54F.d.F74A42C4F292B0243278D141A84264B4.e.3679","ELEMENT":"f.A7D77B31E8FD2DE6ABF8E388F5FFE54F.d.F74A42C4F292B0243278D141A84264B4.e.3679"}]}
COMMAND: GET /session/baa8cc8c703ae50a3cfee07d32ab3bfd/element/f.A7D77B31E8FD2DE6ABF8E388F5FFE54F.d.F74A42C4F292B0243278D141A84264B4.e.3679/enabled - {}
COMMAND: GET /session/baa8cc8c703ae50a3cfee07d32ab3bfd/screenshot - {}
RESULT: {}
COMMAND: POST /session/baa8cc8c703ae50a3cfee07d32ab3bfd/execute/sync - {"script":"<script> [8489 bytes]","args":[{"element-6066-11e4-a52e-4f735466cecf":"f.A7D77B31E8FD2DE6ABF8E388F5FFE54F.d.F74A42C4F292B0243278D141A84264B4.e.3679","ELEMENT":"f.A7D77B31E8FD2DE6ABF8E388F5FFE54F.d.F74A42C4F292B0243278D141A84264B4.e.3679"}]}
COMMAND: GET /session/baa8cc8c703ae50a3cfee07d32ab3bfd/screenshot - {}
RESULT: {}
RESULT: {"script":"<script> [8489 bytes]","args":[{"element-6066-11e4-a52e-4f735466cecf":"f.A7D77B31E8FD2DE6ABF8E388F5FFE54F.d.F74A42C4F292B0243278D141A84264B4.e.3679","ELEMENT":"f.A7D77B31E8FD2DE6ABF8E388F5FFE54F.d.F74A42C4F292B0243278D141A84264B4.e.3679"}]}
COMMAND: POST /session/baa8cc8c703ae50a3cfee07d32ab3bfd/execute/sync - {"script":"<script> [5351 bytes]","args":[{"element-6066-11e4-a52e-4f735466cecf":"f.A7D77B31E8FD2DE6ABF8E388F5FFE54F.d.F74A42C4F292B0243278D141A84264B4.e.3679","ELEMENT":"f.A7D77B31E8FD2DE6ABF8E388F5FFE54F.d.F74A42C4F292B0243278D141A84264B4.e.3679"}]}
COMMAND: GET /session/baa8cc8c703ae50a3cfee07d32ab3bfd/screenshot - {}
RESULT: {}
RESULT: {"script":"<script> [5351 bytes]","args":[{"element-6066-11e4-a52e-4f735466cecf":"f.A7D77B31E8FD2DE6ABF8E388F5FFE54F.d.F74A42C4F292B0243278D141A84264B4.e.3679","ELEMENT":"f.A7D77B31E8FD2DE6ABF8E388F5FFE54F.d.F74A42C4F292B0243278D141A84264B4.e.3679"}]}
COMMAND: POST /session/baa8cc8c703ae50a3cfee07d32ab3bfd/element/f.A7D77B31E8FD2DE6ABF8E388F5FFE54F.d.F74A42C4F292B0243278D141A84264B4.e.3679/click - {}
COMMAND: GET /session/baa8cc8c703ae50a3cfee07d32ab3bfd/screenshot - {}
RESULT: {}
RESULT: {}
COMMAND: GET /session/baa8cc8c703ae50a3cfee07d32ab3bfd/screenshot - {}
RESULT: {}
RESULT: {}
COMMAND: POST /session/baa8cc8c703ae50a3cfee07d32ab3bfd/actions - {"actions":[{"id":"action12","type":"key","parameters":{},"actions":[{"type":"keyDown","value":""},{"type":"pause","duration":10},{"type":"keyUp","value":""}]}]}
RESULT: {"actions":[{"id":"action12","type":"key","parameters":{},"actions":[{"type":"keyDown","value":""},{"type":"pause","duration":10},{"type":"keyUp","value":""}]}]}
COMMAND: GET /session/baa8cc8c703ae50a3cfee07d32ab3bfd/screenshot - {}
RESULT: {}
COMMAND: POST /session/baa8cc8c703ae50a3cfee07d32ab3bfd/execute/async - {"script":"<script> [1562 bytes]","args":[{"selector":{"id":"application-manageconditionprice-display-component---newCondition--condBillCond-arrow"},"wdio_ui5_key":"applicationmanageconditionprice-display-component---newCondition--condBillCond-arrow"}]}
RESULT: {"script":"<script> [1562 bytes]","args":[{"selector":{"id":"application-manageconditionprice-display-component---newCondition--condBillCond-arrow"},"wdio_ui5_key":"applicationmanageconditionprice-display-component---newCondition--condBillCond-arrow"}]}
RESULT: undefined
COMMAND: POST /session/baa8cc8c703ae50a3cfee07d32ab3bfd/element - {"using":"xpath","value":"//*[@id=\"application-manageconditionprice-display-component---newCondition--condBillCond-arrow\"]"}
RESULT: {"using":"xpath","value":"//*[@id=\"application-manageconditionprice-display-component---newCondition--condBillCond-arrow\"]"}
COMMAND: POST /session/baa8cc8c703ae50a3cfee07d32ab3bfd/element/f.A7D77B31E8FD2DE6ABF8E388F5FFE54F.d.F74A42C4F292B0243278D141A84264B4.e.3889/click - {}
RESULT: {}
COMMAND: GET /session/baa8cc8c703ae50a3cfee07d32ab3bfd/screenshot - {}
RESULT: {}
COMMAND: POST /session/baa8cc8c703ae50a3cfee07d32ab3bfd/element - {"using":"xpath","value":"//li[.//span[contains(text(), \"DISP - D&I special price\")]]"}
RESULT: {"using":"xpath","value":"//li[.//span[contains(text(), \"DISP - D&I special price\")]]"}
COMMAND: POST /session/baa8cc8c703ae50a3cfee07d32ab3bfd/element/f.A7D77B31E8FD2DE6ABF8E388F5FFE54F.d.F74A42C4F292B0243278D141A84264B4.e.3892/click - {}
RESULT: {}
COMMAND: GET /session/baa8cc8c703ae50a3cfee07d32ab3bfd/screenshot - {}
RESULT: {}
COMMAND: POST /session/baa8cc8c703ae50a3cfee07d32ab3bfd/execute/async - {"script":"<script> [1562 bytes]","args":[{"selector":{"id":"application-manageconditionprice-display-component---newCondition--condValidTo","interaction":{"idSuffix":"inner"}},"wdio_ui5_key":"applicationmanageconditionprice-display-component---newCondition--condValidTo"}]}
RESULT: {"script":"<script> [1562 bytes]","args":[{"selector":{"id":"application-manageconditionprice-display-component---newCondition--condValidTo","interaction":{"idSuffix":"inner"}},"wdio_ui5_key":"applicationmanageconditionprice-display-component---newCondition--condValidTo"}]}
RESULT: undefined
COMMAND: POST /session/baa8cc8c703ae50a3cfee07d32ab3bfd/execute/async - {"script":"<script> [776 bytes]","args":[{"enterText":"12/23/25","selector":{"id":"application-manageconditionprice-display-component---newCondition--condValidTo","interaction":{"idSuffix":"inner"}},"clearTextFirst":true,"interactionType":"ENTER_TEXT"}]}
RESULT: {"script":"<script> [776 bytes]","args":[{"enterText":"12/23/25","selector":{"id":"application-manageconditionprice-display-component---newCondition--condValidTo","interaction":{"idSuffix":"inner"}},"clearTextFirst":true,"interactionType":"ENTER_TEXT"}]}
COMMAND: POST /session/baa8cc8c703ae50a3cfee07d32ab3bfd/element - {"using":"xpath","value":"//input[@id=\"application-manageconditionprice-display-component---newCondition--condRU-inner\"]"}
RESULT: {"using":"xpath","value":"//input[@id=\"application-manageconditionprice-display-component---newCondition--condRU-inner\"]"}
COMMAND: POST /session/baa8cc8c703ae50a3cfee07d32ab3bfd/element/f.A7D77B31E8FD2DE6ABF8E388F5FFE54F.d.F74A42C4F292B0243278D141A84264B4.e.3753/clear - {}
RESULT: {}
COMMAND: POST /session/baa8cc8c703ae50a3cfee07d32ab3bfd/element/f.A7D77B31E8FD2DE6ABF8E388F5FFE54F.d.F74A42C4F292B0243278D141A84264B4.e.3753/value - {"text":"0JdEJhITKH"}
COMMAND: GET /session/baa8cc8c703ae50a3cfee07d32ab3bfd/screenshot - {}
RESULT: {"text":"0JdEJhITKH"}
COMMAND: GET /session/baa8cc8c703ae50a3cfee07d32ab3bfd/screenshot - {}
RESULT: {}
RESULT: {}
COMMAND: POST /session/baa8cc8c703ae50a3cfee07d32ab3bfd/actions - {"actions":[{"id":"action13","type":"key","parameters":{},"actions":[{"type":"keyDown","value":""},{"type":"pause","duration":10},{"type":"keyUp","value":""}]}]}
RESULT: {"actions":[{"id":"action13","type":"key","parameters":{},"actions":[{"type":"keyDown","value":""},{"type":"pause","duration":10},{"type":"keyUp","value":""}]}]}
COMMAND: POST /session/baa8cc8c703ae50a3cfee07d32ab3bfd/execute/async - {"script":"<script> [1562 bytes]","args":[{"selector":{"id":"application-manageconditionprice-display-component---newCondition--condBaseQty","interaction":{"idSuffix":"inner"}},"wdio_ui5_key":"applicationmanageconditionprice-display-component---newCondition--condBaseQty"}]}
COMMAND: GET /session/baa8cc8c703ae50a3cfee07d32ab3bfd/screenshot - {}
RESULT: {"script":"<script> [1562 bytes]","args":[{"selector":{"id":"application-manageconditionprice-display-component---newCondition--condBaseQty","interaction":{"idSuffix":"inner"}},"wdio_ui5_key":"applicationmanageconditionprice-display-component---newCondition--condBaseQty"}]}
RESULT: undefined
COMMAND: POST /session/baa8cc8c703ae50a3cfee07d32ab3bfd/execute/async - {"script":"<script> [776 bytes]","args":[{"enterText":"1","selector":{"id":"application-manageconditionprice-display-component---newCondition--condBaseQty","interaction":{"idSuffix":"inner"}},"clearTextFirst":true,"interactionType":"ENTER_TEXT"}]}
RESULT: {}
RESULT: {"script":"<script> [776 bytes]","args":[{"enterText":"1","selector":{"id":"application-manageconditionprice-display-component---newCondition--condBaseQty","interaction":{"idSuffix":"inner"}},"clearTextFirst":true,"interactionType":"ENTER_TEXT"}]}
COMMAND: POST /session/baa8cc8c703ae50a3cfee07d32ab3bfd/execute/async - {"script":"<script> [1562 bytes]","args":[{"selector":{"id":"application-manageconditionprice-display-component---newCondition--condValue","interaction":{"idSuffix":"inner"}},"wdio_ui5_key":"applicationmanageconditionprice-display-component---newCondition--condValue"}]}
RESULT: {"script":"<script> [1562 bytes]","args":[{"selector":{"id":"application-manageconditionprice-display-component---newCondition--condValue","interaction":{"idSuffix":"inner"}},"wdio_ui5_key":"applicationmanageconditionprice-display-component---newCondition--condValue"}]}
RESULT: undefined
COMMAND: POST /session/baa8cc8c703ae50a3cfee07d32ab3bfd/execute/async - {"script":"<script> [776 bytes]","args":[{"enterText":"100","selector":{"id":"application-manageconditionprice-display-component---newCondition--condValue","interaction":{"idSuffix":"inner"}},"clearTextFirst":true,"interactionType":"ENTER_TEXT"}]}
RESULT: {"script":"<script> [776 bytes]","args":[{"enterText":"100","selector":{"id":"application-manageconditionprice-display-component---newCondition--condValue","interaction":{"idSuffix":"inner"}},"clearTextFirst":true,"interactionType":"ENTER_TEXT"}]}
COMMAND: POST /session/baa8cc8c703ae50a3cfee07d32ab3bfd/execute/async - {"script":"<script> [1562 bytes]","args":[{"selector":{"id":"application-manageconditionprice-display-component---newCondition--condCurr-arrow"},"wdio_ui5_key":"applicationmanageconditionprice-display-component---newCondition--condCurr-arrow"}]}
RESULT: {"script":"<script> [1562 bytes]","args":[{"selector":{"id":"application-manageconditionprice-display-component---newCondition--condCurr-arrow"},"wdio_ui5_key":"applicationmanageconditionprice-display-component---newCondition--condCurr-arrow"}]}
RESULT: undefined
COMMAND: POST /session/baa8cc8c703ae50a3cfee07d32ab3bfd/element - {"using":"xpath","value":"//*[@id=\"application-manageconditionprice-display-component---newCondition--condCurr-arrow\"]"}
RESULT: {"using":"xpath","value":"//*[@id=\"application-manageconditionprice-display-component---newCondition--condCurr-arrow\"]"}
COMMAND: POST /session/baa8cc8c703ae50a3cfee07d32ab3bfd/element/f.A7D77B31E8FD2DE6ABF8E388F5FFE54F.d.F74A42C4F292B0243278D141A84264B4.e.3871/click - {}
RESULT: {}
COMMAND: POST /session/baa8cc8c703ae50a3cfee07d32ab3bfd/element - {"using":"xpath","value":"//span[contains(text(), \"Euro\")]"}
COMMAND: GET /session/baa8cc8c703ae50a3cfee07d32ab3bfd/screenshot - {}
RESULT: {"using":"xpath","value":"//span[contains(text(), \"Euro\")]"}
COMMAND: POST /session/baa8cc8c703ae50a3cfee07d32ab3bfd/element/f.A7D77B31E8FD2DE6ABF8E388F5FFE54F.d.F74A42C4F292B0243278D141A84264B4.e.3929/click - {}
RESULT: {}
RESULT: {}
COMMAND: POST /session/baa8cc8c703ae50a3cfee07d32ab3bfd/element - {"using":"xpath","value":"//button[@data-kt=\"saveButton\"]"}
COMMAND: GET /session/baa8cc8c703ae50a3cfee07d32ab3bfd/screenshot - {}
RESULT: {"using":"xpath","value":"//button[@data-kt=\"saveButton\"]"}
COMMAND: POST /session/baa8cc8c703ae50a3cfee07d32ab3bfd/element/f.A7D77B31E8FD2DE6ABF8E388F5FFE54F.d.F74A42C4F292B0243278D141A84264B4.e.3872/click - {}
RESULT: {}
RESULT: {}
COMMAND: GET /session/baa8cc8c703ae50a3cfee07d32ab3bfd/screenshot - {}
RESULT: {}
COMMAND: POST /session/baa8cc8c703ae50a3cfee07d32ab3bfd/execute/async - {"script":"<script> [1562 bytes]","args":[{"selector":{"id":"application-manageconditionprice-display-component---conditions--smartFilterBar-btnBasicSearch","interaction":{"idSuffix":"I"}},"wdio_ui5_key":"applicationmanageconditionprice-display-component---conditions--smartFilterBar-btnBasicSearch"}]}
RESULT: {"script":"<script> [1562 bytes]","args":[{"selector":{"id":"application-manageconditionprice-display-component---conditions--smartFilterBar-btnBasicSearch","interaction":{"idSuffix":"I"}},"wdio_ui5_key":"applicationmanageconditionprice-display-component---conditions--smartFilterBar-btnBasicSearch"}]}
RESULT: undefined
COMMAND: POST /session/baa8cc8c703ae50a3cfee07d32ab3bfd/execute/async - {"script":"<script> [776 bytes]","args":[{"enterText":"0JdEJhITKH","selector":{"id":"application-manageconditionprice-display-component---conditions--smartFilterBar-btnBasicSearch","interaction":{"idSuffix":"I"}},"clearTextFirst":true,"interactionType":"ENTER_TEXT"}]}
RESULT: {"script":"<script> [776 bytes]","args":[{"enterText":"0JdEJhITKH","selector":{"id":"application-manageconditionprice-display-component---conditions--smartFilterBar-btnBasicSearch","interaction":{"idSuffix":"I"}},"clearTextFirst":true,"interactionType":"ENTER_TEXT"}]}
COMMAND: POST /session/baa8cc8c703ae50a3cfee07d32ab3bfd/actions - {"actions":[{"id":"action14","type":"key","parameters":{},"actions":[{"type":"keyDown","value":""},{"type":"pause","duration":10},{"type":"keyUp","value":""}]}]}
RESULT: {"actions":[{"id":"action14","type":"key","parameters":{},"actions":[{"type":"keyDown","value":""},{"type":"pause","duration":10},{"type":"keyUp","value":""}]}]}
COMMAND: GET /session/baa8cc8c703ae50a3cfee07d32ab3bfd/screenshot - {}
RESULT: {}
COMMAND: POST /session/baa8cc8c703ae50a3cfee07d32ab3bfd/execute/async - {"script":"<script> [1562 bytes]","args":[{"selector":{"id":"application-manageconditionprice-display-component---conditions--smartFilterBar-filterItemControl_BASIC-BILL_TYPES-vhi"},"wdio_ui5_key":"applicationmanageconditionprice-display-component---conditions--smartFilterBar-filterItemControl_BASIC-BILL_TYPES-vhi"}]}
RESULT: {"script":"<script> [1562 bytes]","args":[{"selector":{"id":"application-manageconditionprice-display-component---conditions--smartFilterBar-filterItemControl_BASIC-BILL_TYPES-vhi"},"wdio_ui5_key":"applicationmanageconditionprice-display-component---conditions--smartFilterBar-filterItemControl_BASIC-BILL_TYPES-vhi"}]}
RESULT: undefined
COMMAND: POST /session/baa8cc8c703ae50a3cfee07d32ab3bfd/element - {"using":"xpath","value":"//*[@id=\"application-manageconditionprice-display-component---conditions--smartFilterBar-filterItemControl_BASIC-BILL_TYPES-vhi\"]"}
RESULT: {"using":"xpath","value":"//*[@id=\"application-manageconditionprice-display-component---conditions--smartFilterBar-filterItemControl_BASIC-BILL_TYPES-vhi\"]"}
COMMAND: POST /session/baa8cc8c703ae50a3cfee07d32ab3bfd/element/f.A7D77B31E8FD2DE6ABF8E388F5FFE54F.d.F74A42C4F292B0243278D141A84264B4.e.4035/click - {}
RESULT: {}
COMMAND: POST /session/baa8cc8c703ae50a3cfee07d32ab3bfd/execute/async - {"script":"<script> [1562 bytes]","args":[{"selector":{"id":"application-manageconditionprice-display-component---conditions--smartFilterBar-filterItemControl_BASIC-BILL_TYPES-valueHelpDialog-smartFilterBar-btnBasicSearch","searchOpenDialogs":true,"interaction":{"idSuffix":"I"}},"wdio_ui5_key":"applicationmanageconditionprice-display-component---conditions--smartFilterBar-filterItemControl_BASIC-BILL_TYPES-valueHelpDialog-smartFilterBar-btnBasicSearch"}]}
COMMAND: GET /session/baa8cc8c703ae50a3cfee07d32ab3bfd/screenshot - {}
RESULT: {"script":"<script> [1562 bytes]","args":[{"selector":{"id":"application-manageconditionprice-display-component---conditions--smartFilterBar-filterItemControl_BASIC-BILL_TYPES-valueHelpDialog-smartFilterBar-btnBasicSearch","searchOpenDialogs":true,"interaction":{"idSuffix":"I"}},"wdio_ui5_key":"applicationmanageconditionprice-display-component---conditions--smartFilterBar-filterItemControl_BASIC-BILL_TYPES-valueHelpDialog-smartFilterBar-btnBasicSearch"}]}
RESULT: undefined
COMMAND: POST /session/baa8cc8c703ae50a3cfee07d32ab3bfd/execute/async - {"script":"<script> [776 bytes]","args":[{"enterText":"TB","selector":{"id":"application-manageconditionprice-display-component---conditions--smartFilterBar-filterItemControl_BASIC-BILL_TYPES-valueHelpDialog-smartFilterBar-btnBasicSearch","searchOpenDialogs":true,"interaction":{"idSuffix":"I"}},"clearTextFirst":true,"interactionType":"ENTER_TEXT"}]}
RESULT: {}
RESULT: {"script":"<script> [776 bytes]","args":[{"enterText":"TB","selector":{"id":"application-manageconditionprice-display-component---conditions--smartFilterBar-filterItemControl_BASIC-BILL_TYPES-valueHelpDialog-smartFilterBar-btnBasicSearch","searchOpenDialogs":true,"interaction":{"idSuffix":"I"}},"clearTextFirst":true,"interactionType":"ENTER_TEXT"}]}
COMMAND: POST /session/baa8cc8c703ae50a3cfee07d32ab3bfd/actions - {"actions":[{"id":"action15","type":"key","parameters":{},"actions":[{"type":"keyDown","value":""},{"type":"pause","duration":10},{"type":"keyUp","value":""}]}]}
RESULT: {"actions":[{"id":"action15","type":"key","parameters":{},"actions":[{"type":"keyDown","value":""},{"type":"pause","duration":10},{"type":"keyUp","value":""}]}]}
COMMAND: GET /session/baa8cc8c703ae50a3cfee07d32ab3bfd/screenshot - {}
RESULT: {}
COMMAND: POST /session/baa8cc8c703ae50a3cfee07d32ab3bfd/element - {"using":"xpath","value":"//div[contains(@id, 'application-manageconditionprice-display-component---conditions--smartFilterBar-filterItemControl_BASIC-BILL_TYPES-valueHelpDialog-table-rowsel0')]"}
RESULT: {"using":"xpath","value":"//div[contains(@id, 'application-manageconditionprice-display-component---conditions--smartFilterBar-filterItemControl_BASIC-BILL_TYPES-valueHelpDialog-table-rowsel0')]"}
COMMAND: POST /session/baa8cc8c703ae50a3cfee07d32ab3bfd/element/f.A7D77B31E8FD2DE6ABF8E388F5FFE54F.d.F74A42C4F292B0243278D141A84264B4.e.4043/click - {}
RESULT: {}
COMMAND: GET /session/baa8cc8c703ae50a3cfee07d32ab3bfd/screenshot - {}
RESULT: {}
COMMAND: POST /session/baa8cc8c703ae50a3cfee07d32ab3bfd/element - {"using":"xpath","value":"//bdi[contains(text(), \"OK\")]"}
RESULT: {"using":"xpath","value":"//bdi[contains(text(), \"OK\")]"}
COMMAND: POST /session/baa8cc8c703ae50a3cfee07d32ab3bfd/element/f.A7D77B31E8FD2DE6ABF8E388F5FFE54F.d.F74A42C4F292B0243278D141A84264B4.e.4045/click - {}
RESULT: {}
COMMAND: GET /session/baa8cc8c703ae50a3cfee07d32ab3bfd/screenshot - {}
RESULT: {}
COMMAND: POST /session/baa8cc8c703ae50a3cfee07d32ab3bfd/element - {"using":"xpath","value":"//span[@id=\"application-manageconditionprice-display-component---conditions--smartTable-header-inner\"]"}
RESULT: {"using":"xpath","value":"//span[@id=\"application-manageconditionprice-display-component---conditions--smartTable-header-inner\"]"}
COMMAND: POST /session/baa8cc8c703ae50a3cfee07d32ab3bfd/elements - {"using":"xpath","value":"//span[@id=\"application-manageconditionprice-display-component---conditions--smartTable-header-inner\"]"}
RESULT: {"using":"xpath","value":"//span[@id=\"application-manageconditionprice-display-component---conditions--smartTable-header-inner\"]"}
COMMAND: POST /session/baa8cc8c703ae50a3cfee07d32ab3bfd/execute/sync - {"script":"<script> [56 bytes]","args":[{"element-6066-11e4-a52e-4f735466cecf":"f.A7D77B31E8FD2DE6ABF8E388F5FFE54F.d.F74A42C4F292B0243278D141A84264B4.e.4048","ELEMENT":"f.A7D77B31E8FD2DE6ABF8E388F5FFE54F.d.F74A42C4F292B0243278D141A84264B4.e.4048"}]}
RESULT: {"script":"<script> [56 bytes]","args":[{"element-6066-11e4-a52e-4f735466cecf":"f.A7D77B31E8FD2DE6ABF8E388F5FFE54F.d.F74A42C4F292B0243278D141A84264B4.e.4048","ELEMENT":"f.A7D77B31E8FD2DE6ABF8E388F5FFE54F.d.F74A42C4F292B0243278D141A84264B4.e.4048"}]}
COMMAND: POST /session/baa8cc8c703ae50a3cfee07d32ab3bfd/element - {"using":"css selector","value":"#shell-header-logo"}
COMMAND: GET /session/baa8cc8c703ae50a3cfee07d32ab3bfd/screenshot - {}
RESULT: {"using":"css selector","value":"#shell-header-logo"}
COMMAND: POST /session/baa8cc8c703ae50a3cfee07d32ab3bfd/element/f.A7D77B31E8FD2DE6ABF8E388F5FFE54F.d.F74A42C4F292B0243278D141A84264B4.e.3646/click - {}
RESULT: {}
RESULT: {}
COMMAND: GET /session/baa8cc8c703ae50a3cfee07d32ab3bfd/screenshot - {}
RESULT: {}
]]></system-out>
    </testcase>
    <testcase classname="chrome.135_0_7049_42.windows.Billing_confirm_US117289" name="Should do a stock increase" time="79.089">
      <system-out><![CDATA[
COMMAND: POST /session/baa8cc8c703ae50a3cfee07d32ab3bfd/execute/async - {"script":"<script> [1562 bytes]","args":[{"selector":{"controlType":"sap.m.Text","viewName":"etm.portal.ui.managehandoverstile.view.Master","properties":{"text":"Manage Handovers"},"interaction":{"idSuffix":"inner"}},"wdio_ui5_key":"etmportal.ui.managehandoverstile.view.Mastersap.m.Text{\"text\":\"Manage Handovers\"}"}]}
RESULT: {"script":"<script> [1562 bytes]","args":[{"selector":{"controlType":"sap.m.Text","viewName":"etm.portal.ui.managehandoverstile.view.Master","properties":{"text":"Manage Handovers"},"interaction":{"idSuffix":"inner"}},"wdio_ui5_key":"etmportal.ui.managehandoverstile.view.Mastersap.m.Text{\"text\":\"Manage Handovers\"}"}]}
RESULT: undefined
COMMAND: POST /session/baa8cc8c703ae50a3cfee07d32ab3bfd/element - {"using":"xpath","value":"//*[@id=\"__tile132-title\"]"}
RESULT: {"using":"xpath","value":"//*[@id=\"__tile132-title\"]"}
COMMAND: POST /session/baa8cc8c703ae50a3cfee07d32ab3bfd/element/f.A7D77B31E8FD2DE6ABF8E388F5FFE54F.d.F74A42C4F292B0243278D141A84264B4.e.4053/click - {}
RESULT: {}
COMMAND: POST /session/baa8cc8c703ae50a3cfee07d32ab3bfd/element - {"using":"xpath","value":"//button[@data-kt=\"masterHOAddButton\"]"}
COMMAND: GET /session/baa8cc8c703ae50a3cfee07d32ab3bfd/screenshot - {}
RESULT: {"using":"xpath","value":"//button[@data-kt=\"masterHOAddButton\"]"}
COMMAND: POST /session/baa8cc8c703ae50a3cfee07d32ab3bfd/elements - {"using":"xpath","value":"//button[@data-kt=\"masterHOAddButton\"]"}
RESULT: {}
RESULT: {"using":"xpath","value":"//button[@data-kt=\"masterHOAddButton\"]"}
COMMAND: POST /session/baa8cc8c703ae50a3cfee07d32ab3bfd/elements - {"using":"xpath","value":"//button[@data-kt=\"masterHOAddButton\"]"}
RESULT: {"using":"xpath","value":"//button[@data-kt=\"masterHOAddButton\"]"}
COMMAND: POST /session/baa8cc8c703ae50a3cfee07d32ab3bfd/elements - {"using":"xpath","value":"//button[@data-kt=\"masterHOAddButton\"]"}
RESULT: {"using":"xpath","value":"//button[@data-kt=\"masterHOAddButton\"]"}
COMMAND: POST /session/baa8cc8c703ae50a3cfee07d32ab3bfd/elements - {"using":"xpath","value":"//button[@data-kt=\"masterHOAddButton\"]"}
RESULT: {"using":"xpath","value":"//button[@data-kt=\"masterHOAddButton\"]"}
COMMAND: POST /session/baa8cc8c703ae50a3cfee07d32ab3bfd/elements - {"using":"xpath","value":"//button[@data-kt=\"masterHOAddButton\"]"}
RESULT: {"using":"xpath","value":"//button[@data-kt=\"masterHOAddButton\"]"}
COMMAND: POST /session/baa8cc8c703ae50a3cfee07d32ab3bfd/elements - {"using":"xpath","value":"//button[@data-kt=\"masterHOAddButton\"]"}
RESULT: {"using":"xpath","value":"//button[@data-kt=\"masterHOAddButton\"]"}
COMMAND: POST /session/baa8cc8c703ae50a3cfee07d32ab3bfd/elements - {"using":"xpath","value":"//button[@data-kt=\"masterHOAddButton\"]"}
RESULT: {"using":"xpath","value":"//button[@data-kt=\"masterHOAddButton\"]"}
COMMAND: POST /session/baa8cc8c703ae50a3cfee07d32ab3bfd/elements - {"using":"xpath","value":"//button[@data-kt=\"masterHOAddButton\"]"}
RESULT: {"using":"xpath","value":"//button[@data-kt=\"masterHOAddButton\"]"}
COMMAND: POST /session/baa8cc8c703ae50a3cfee07d32ab3bfd/elements - {"using":"xpath","value":"//button[@data-kt=\"masterHOAddButton\"]"}
RESULT: {"using":"xpath","value":"//button[@data-kt=\"masterHOAddButton\"]"}
COMMAND: POST /session/baa8cc8c703ae50a3cfee07d32ab3bfd/elements - {"using":"xpath","value":"//button[@data-kt=\"masterHOAddButton\"]"}
RESULT: {"using":"xpath","value":"//button[@data-kt=\"masterHOAddButton\"]"}
COMMAND: POST /session/baa8cc8c703ae50a3cfee07d32ab3bfd/elements - {"using":"xpath","value":"//button[@data-kt=\"masterHOAddButton\"]"}
RESULT: {"using":"xpath","value":"//button[@data-kt=\"masterHOAddButton\"]"}
COMMAND: POST /session/baa8cc8c703ae50a3cfee07d32ab3bfd/elements - {"using":"xpath","value":"//button[@data-kt=\"masterHOAddButton\"]"}
RESULT: {"using":"xpath","value":"//button[@data-kt=\"masterHOAddButton\"]"}
COMMAND: POST /session/baa8cc8c703ae50a3cfee07d32ab3bfd/elements - {"using":"xpath","value":"//button[@data-kt=\"masterHOAddButton\"]"}
RESULT: {"using":"xpath","value":"//button[@data-kt=\"masterHOAddButton\"]"}
COMMAND: POST /session/baa8cc8c703ae50a3cfee07d32ab3bfd/elements - {"using":"xpath","value":"//button[@data-kt=\"masterHOAddButton\"]"}
RESULT: {"using":"xpath","value":"//button[@data-kt=\"masterHOAddButton\"]"}
COMMAND: POST /session/baa8cc8c703ae50a3cfee07d32ab3bfd/elements - {"using":"xpath","value":"//button[@data-kt=\"masterHOAddButton\"]"}
RESULT: {"using":"xpath","value":"//button[@data-kt=\"masterHOAddButton\"]"}
COMMAND: POST /session/baa8cc8c703ae50a3cfee07d32ab3bfd/elements - {"using":"xpath","value":"//button[@data-kt=\"masterHOAddButton\"]"}
RESULT: {"using":"xpath","value":"//button[@data-kt=\"masterHOAddButton\"]"}
COMMAND: POST /session/baa8cc8c703ae50a3cfee07d32ab3bfd/elements - {"using":"xpath","value":"//button[@data-kt=\"masterHOAddButton\"]"}
RESULT: {"using":"xpath","value":"//button[@data-kt=\"masterHOAddButton\"]"}
COMMAND: POST /session/baa8cc8c703ae50a3cfee07d32ab3bfd/elements - {"using":"xpath","value":"//button[@data-kt=\"masterHOAddButton\"]"}
RESULT: {"using":"xpath","value":"//button[@data-kt=\"masterHOAddButton\"]"}
COMMAND: POST /session/baa8cc8c703ae50a3cfee07d32ab3bfd/elements - {"using":"xpath","value":"//button[@data-kt=\"masterHOAddButton\"]"}
RESULT: {"using":"xpath","value":"//button[@data-kt=\"masterHOAddButton\"]"}
COMMAND: POST /session/baa8cc8c703ae50a3cfee07d32ab3bfd/element - {"using":"xpath","value":"//button[@data-kt=\"masterHOAddButton\"]"}
RESULT: {"using":"xpath","value":"//button[@data-kt=\"masterHOAddButton\"]"}
COMMAND: POST /session/baa8cc8c703ae50a3cfee07d32ab3bfd/execute/sync - {"script":"<script> [8489 bytes]","args":[{"element-6066-11e4-a52e-4f735466cecf":"f.A7D77B31E8FD2DE6ABF8E388F5FFE54F.d.F74A42C4F292B0243278D141A84264B4.e.4087","ELEMENT":"f.A7D77B31E8FD2DE6ABF8E388F5FFE54F.d.F74A42C4F292B0243278D141A84264B4.e.4087"}]}
RESULT: {"script":"<script> [8489 bytes]","args":[{"element-6066-11e4-a52e-4f735466cecf":"f.A7D77B31E8FD2DE6ABF8E388F5FFE54F.d.F74A42C4F292B0243278D141A84264B4.e.4087","ELEMENT":"f.A7D77B31E8FD2DE6ABF8E388F5FFE54F.d.F74A42C4F292B0243278D141A84264B4.e.4087"}]}
COMMAND: GET /session/baa8cc8c703ae50a3cfee07d32ab3bfd/element/f.A7D77B31E8FD2DE6ABF8E388F5FFE54F.d.F74A42C4F292B0243278D141A84264B4.e.4087/enabled - {}
COMMAND: GET /session/baa8cc8c703ae50a3cfee07d32ab3bfd/screenshot - {}
RESULT: {}
COMMAND: POST /session/baa8cc8c703ae50a3cfee07d32ab3bfd/execute/sync - {"script":"<script> [8489 bytes]","args":[{"element-6066-11e4-a52e-4f735466cecf":"f.A7D77B31E8FD2DE6ABF8E388F5FFE54F.d.F74A42C4F292B0243278D141A84264B4.e.4087","ELEMENT":"f.A7D77B31E8FD2DE6ABF8E388F5FFE54F.d.F74A42C4F292B0243278D141A84264B4.e.4087"}]}
COMMAND: GET /session/baa8cc8c703ae50a3cfee07d32ab3bfd/screenshot - {}
RESULT: {}
RESULT: {"script":"<script> [8489 bytes]","args":[{"element-6066-11e4-a52e-4f735466cecf":"f.A7D77B31E8FD2DE6ABF8E388F5FFE54F.d.F74A42C4F292B0243278D141A84264B4.e.4087","ELEMENT":"f.A7D77B31E8FD2DE6ABF8E388F5FFE54F.d.F74A42C4F292B0243278D141A84264B4.e.4087"}]}
COMMAND: POST /session/baa8cc8c703ae50a3cfee07d32ab3bfd/execute/sync - {"script":"<script> [5351 bytes]","args":[{"element-6066-11e4-a52e-4f735466cecf":"f.A7D77B31E8FD2DE6ABF8E388F5FFE54F.d.F74A42C4F292B0243278D141A84264B4.e.4087","ELEMENT":"f.A7D77B31E8FD2DE6ABF8E388F5FFE54F.d.F74A42C4F292B0243278D141A84264B4.e.4087"}]}
COMMAND: GET /session/baa8cc8c703ae50a3cfee07d32ab3bfd/screenshot - {}
RESULT: {}
RESULT: {"script":"<script> [5351 bytes]","args":[{"element-6066-11e4-a52e-4f735466cecf":"f.A7D77B31E8FD2DE6ABF8E388F5FFE54F.d.F74A42C4F292B0243278D141A84264B4.e.4087","ELEMENT":"f.A7D77B31E8FD2DE6ABF8E388F5FFE54F.d.F74A42C4F292B0243278D141A84264B4.e.4087"}]}
COMMAND: POST /session/baa8cc8c703ae50a3cfee07d32ab3bfd/element/f.A7D77B31E8FD2DE6ABF8E388F5FFE54F.d.F74A42C4F292B0243278D141A84264B4.e.4087/click - {}
COMMAND: GET /session/baa8cc8c703ae50a3cfee07d32ab3bfd/screenshot - {}
RESULT: {}
RESULT: {}
COMMAND: GET /session/baa8cc8c703ae50a3cfee07d32ab3bfd/screenshot - {}
RESULT: {}
RESULT: {}
COMMAND: POST /session/baa8cc8c703ae50a3cfee07d32ab3bfd/element - {"using":"xpath","value":"//span[contains(@id ,\"AddNewHO--typeSelect-arrow\")]"}
RESULT: {"using":"xpath","value":"//span[contains(@id ,\"AddNewHO--typeSelect-arrow\")]"}
COMMAND: POST /session/baa8cc8c703ae50a3cfee07d32ab3bfd/element/f.A7D77B31E8FD2DE6ABF8E388F5FFE54F.d.F74A42C4F292B0243278D141A84264B4.e.4452/click - {}
RESULT: {}
COMMAND: GET /session/baa8cc8c703ae50a3cfee07d32ab3bfd/screenshot - {}
RESULT: {}
COMMAND: POST /session/baa8cc8c703ae50a3cfee07d32ab3bfd/element - {"using":"xpath","value":"(//li[contains(text(), \"stock increase yard\")])[1]"}
RESULT: {"using":"xpath","value":"(//li[contains(text(), \"stock increase yard\")])[1]"}
COMMAND: POST /session/baa8cc8c703ae50a3cfee07d32ab3bfd/element/f.A7D77B31E8FD2DE6ABF8E388F5FFE54F.d.F74A42C4F292B0243278D141A84264B4.e.4453/click - {}
RESULT: {}
COMMAND: GET /session/baa8cc8c703ae50a3cfee07d32ab3bfd/screenshot - {}
RESULT: {}
COMMAND: POST /session/baa8cc8c703ae50a3cfee07d32ab3bfd/execute/async - {"script":"<script> [1562 bytes]","args":[{"selector":{"id":"application-managehandovers-display-component---AddNewHO--dueDate","interaction":{"idSuffix":"inner"}},"wdio_ui5_key":"applicationmanagehandovers-display-component---AddNewHO--dueDate"}]}
RESULT: {"script":"<script> [1562 bytes]","args":[{"selector":{"id":"application-managehandovers-display-component---AddNewHO--dueDate","interaction":{"idSuffix":"inner"}},"wdio_ui5_key":"applicationmanagehandovers-display-component---AddNewHO--dueDate"}]}
RESULT: undefined
COMMAND: POST /session/baa8cc8c703ae50a3cfee07d32ab3bfd/execute/async - {"script":"<script> [6424 bytes]","args":[{"element-6066-11e4-a52e-4f735466cecf":"f.A7D77B31E8FD2DE6ABF8E388F5FFE54F.d.F74A42C4F292B0243278D141A84264B4.e.4455"},"setValue",["04/23/2025"]]}
RESULT: {"script":"<script> [6424 bytes]","args":[{"element-6066-11e4-a52e-4f735466cecf":"f.A7D77B31E8FD2DE6ABF8E388F5FFE54F.d.F74A42C4F292B0243278D141A84264B4.e.4455"},"setValue",["04/23/2025"]]}
COMMAND: POST /session/baa8cc8c703ae50a3cfee07d32ab3bfd/element - {"using":"xpath","value":"//input[@id=\"generalSectionFrg--receiveYard-inner\"]"}
RESULT: {"using":"xpath","value":"//input[@id=\"generalSectionFrg--receiveYard-inner\"]"}
COMMAND: POST /session/baa8cc8c703ae50a3cfee07d32ab3bfd/element/f.A7D77B31E8FD2DE6ABF8E388F5FFE54F.d.F74A42C4F292B0243278D141A84264B4.e.4461/clear - {}
RESULT: {}
COMMAND: POST /session/baa8cc8c703ae50a3cfee07d32ab3bfd/element/f.A7D77B31E8FD2DE6ABF8E388F5FFE54F.d.F74A42C4F292B0243278D141A84264B4.e.4461/value - {"text":"702"}
COMMAND: GET /session/baa8cc8c703ae50a3cfee07d32ab3bfd/screenshot - {}
RESULT: {"text":"702"}
COMMAND: GET /session/baa8cc8c703ae50a3cfee07d32ab3bfd/screenshot - {}
RESULT: {}
RESULT: {}
COMMAND: POST /session/baa8cc8c703ae50a3cfee07d32ab3bfd/element - {"using":"xpath","value":"//li[.//span[text()='702']]"}
RESULT: {"using":"xpath","value":"//li[.//span[text()='702']]"}
COMMAND: POST /session/baa8cc8c703ae50a3cfee07d32ab3bfd/element/f.A7D77B31E8FD2DE6ABF8E388F5FFE54F.d.F74A42C4F292B0243278D141A84264B4.e.4476/click - {}
RESULT: {}
COMMAND: GET /session/baa8cc8c703ae50a3cfee07d32ab3bfd/screenshot - {}
RESULT: {}
COMMAND: POST /session/baa8cc8c703ae50a3cfee07d32ab3bfd/execute/async - {"script":"<script> [1562 bytes]","args":[{"selector":{"id":"application-managehandovers-display-component---AddNewHO--ObjectPageLayout-anchBar-application-managehandovers-display-component---AddNewHO--section4-anchor","interaction":{"idSuffix":"BDI-content"}},"wdio_ui5_key":"applicationmanagehandovers-display-component---AddNewHO--ObjectPageLayout-anchBar-application-managehandovers-display-component---AddNewHO--section4-anchor"}]}
RESULT: {"script":"<script> [1562 bytes]","args":[{"selector":{"id":"application-managehandovers-display-component---AddNewHO--ObjectPageLayout-anchBar-application-managehandovers-display-component---AddNewHO--section4-anchor","interaction":{"idSuffix":"BDI-content"}},"wdio_ui5_key":"applicationmanagehandovers-display-component---AddNewHO--ObjectPageLayout-anchBar-application-managehandovers-display-component---AddNewHO--section4-anchor"}]}
RESULT: undefined
COMMAND: POST /session/baa8cc8c703ae50a3cfee07d32ab3bfd/element - {"using":"xpath","value":"//*[@id=\"application-managehandovers-display-component---AddNewHO--ObjectPageLayout-anchBar-application-managehandovers-display-component---AddNewHO--section4-anchor\"]"}
RESULT: {"using":"xpath","value":"//*[@id=\"application-managehandovers-display-component---AddNewHO--ObjectPageLayout-anchBar-application-managehandovers-display-component---AddNewHO--section4-anchor\"]"}
COMMAND: POST /session/baa8cc8c703ae50a3cfee07d32ab3bfd/element/f.A7D77B31E8FD2DE6ABF8E388F5FFE54F.d.F74A42C4F292B0243278D141A84264B4.e.4478/click - {}
RESULT: {}
COMMAND: POST /session/baa8cc8c703ae50a3cfee07d32ab3bfd/element - {"using":"xpath","value":"//button[@aria-label=\"Add\"]"}
COMMAND: GET /session/baa8cc8c703ae50a3cfee07d32ab3bfd/screenshot - {}
RESULT: {"using":"xpath","value":"//button[@aria-label=\"Add\"]"}
COMMAND: POST /session/baa8cc8c703ae50a3cfee07d32ab3bfd/element/f.A7D77B31E8FD2DE6ABF8E388F5FFE54F.d.F74A42C4F292B0243278D141A84264B4.e.4481/click - {}
RESULT: {}
RESULT: {}
COMMAND: GET /session/baa8cc8c703ae50a3cfee07d32ab3bfd/screenshot - {}
RESULT: {}
COMMAND: POST /session/baa8cc8c703ae50a3cfee07d32ab3bfd/execute/async - {"script":"<script> [1562 bytes]","args":[{"selector":{"id":"application-managehandovers-display-component---AddNewHO--smartFilterBar-btnBasicSearch","searchOpenDialogs":true,"interaction":{"idSuffix":"I"}},"wdio_ui5_key":"applicationmanagehandovers-display-component---AddNewHO--smartFilterBar-btnBasicSearch"}]}
RESULT: {"script":"<script> [1562 bytes]","args":[{"selector":{"id":"application-managehandovers-display-component---AddNewHO--smartFilterBar-btnBasicSearch","searchOpenDialogs":true,"interaction":{"idSuffix":"I"}},"wdio_ui5_key":"applicationmanagehandovers-display-component---AddNewHO--smartFilterBar-btnBasicSearch"}]}
RESULT: undefined
COMMAND: POST /session/baa8cc8c703ae50a3cfee07d32ab3bfd/execute/async - {"script":"<script> [776 bytes]","args":[{"enterText":"0JdEJhITKH","selector":{"id":"application-managehandovers-display-component---AddNewHO--smartFilterBar-btnBasicSearch","searchOpenDialogs":true,"interaction":{"idSuffix":"I"}},"clearTextFirst":true,"interactionType":"ENTER_TEXT"}]}
RESULT: {"script":"<script> [776 bytes]","args":[{"enterText":"0JdEJhITKH","selector":{"id":"application-managehandovers-display-component---AddNewHO--smartFilterBar-btnBasicSearch","searchOpenDialogs":true,"interaction":{"idSuffix":"I"}},"clearTextFirst":true,"interactionType":"ENTER_TEXT"}]}
COMMAND: POST /session/baa8cc8c703ae50a3cfee07d32ab3bfd/actions - {"actions":[{"id":"action16","type":"key","parameters":{},"actions":[{"type":"keyDown","value":""},{"type":"pause","duration":10},{"type":"keyUp","value":""}]}]}
RESULT: {"actions":[{"id":"action16","type":"key","parameters":{},"actions":[{"type":"keyDown","value":""},{"type":"pause","duration":10},{"type":"keyUp","value":""}]}]}
COMMAND: GET /session/baa8cc8c703ae50a3cfee07d32ab3bfd/screenshot - {}
RESULT: {}
COMMAND: POST /session/baa8cc8c703ae50a3cfee07d32ab3bfd/execute/async - {"script":"<script> [1562 bytes]","args":[{"selector":{"id":"application-managehandovers-display-component---AddNewHO--popup-sa","searchOpenDialogs":true,"interaction":{"idSuffix":"CbBg"}},"wdio_ui5_key":"applicationmanagehandovers-display-component---AddNewHO--popup-sa"}]}
RESULT: {"script":"<script> [1562 bytes]","args":[{"selector":{"id":"application-managehandovers-display-component---AddNewHO--popup-sa","searchOpenDialogs":true,"interaction":{"idSuffix":"CbBg"}},"wdio_ui5_key":"applicationmanagehandovers-display-component---AddNewHO--popup-sa"}]}
RESULT: undefined
COMMAND: POST /session/baa8cc8c703ae50a3cfee07d32ab3bfd/element - {"using":"xpath","value":"//*[@id=\"application-managehandovers-display-component---AddNewHO--popup-sa\"]"}
RESULT: {"using":"xpath","value":"//*[@id=\"application-managehandovers-display-component---AddNewHO--popup-sa\"]"}
COMMAND: POST /session/baa8cc8c703ae50a3cfee07d32ab3bfd/element/f.A7D77B31E8FD2DE6ABF8E388F5FFE54F.d.F74A42C4F292B0243278D141A84264B4.e.4635/click - {}
RESULT: {}
COMMAND: GET /session/baa8cc8c703ae50a3cfee07d32ab3bfd/screenshot - {}
RESULT: {}
COMMAND: POST /session/baa8cc8c703ae50a3cfee07d32ab3bfd/element - {"using":"xpath","value":"//bdi[contains(text(), \"Select\")]"}
RESULT: {"using":"xpath","value":"//bdi[contains(text(), \"Select\")]"}
COMMAND: POST /session/baa8cc8c703ae50a3cfee07d32ab3bfd/element/f.A7D77B31E8FD2DE6ABF8E388F5FFE54F.d.F74A42C4F292B0243278D141A84264B4.e.4636/click - {}
RESULT: {}
COMMAND: GET /session/baa8cc8c703ae50a3cfee07d32ab3bfd/screenshot - {}
RESULT: {}
COMMAND: POST /session/baa8cc8c703ae50a3cfee07d32ab3bfd/element - {"using":"xpath","value":"//button[@data-kt=\"AddNewHOSaveButton\"]"}
RESULT: {"using":"xpath","value":"//button[@data-kt=\"AddNewHOSaveButton\"]"}
COMMAND: POST /session/baa8cc8c703ae50a3cfee07d32ab3bfd/element/f.A7D77B31E8FD2DE6ABF8E388F5FFE54F.d.F74A42C4F292B0243278D141A84264B4.e.4640/click - {}
RESULT: {}
COMMAND: GET /session/baa8cc8c703ae50a3cfee07d32ab3bfd/screenshot - {}
RESULT: {}
COMMAND: POST /session/baa8cc8c703ae50a3cfee07d32ab3bfd/execute/async - {"script":"<script> [1562 bytes]","args":[{"selector":{"id":"receiptDatePicker","viewName":"etm.portal.ui.managehandovers.view.DetailExecuteHO","interaction":{"idSuffix":"inner"}},"wdio_ui5_key":"receiptDatePickeretmportal.ui.managehandovers.view.DetailExecuteHO"}]}
RESULT: {"script":"<script> [1562 bytes]","args":[{"selector":{"id":"receiptDatePicker","viewName":"etm.portal.ui.managehandovers.view.DetailExecuteHO","interaction":{"idSuffix":"inner"}},"wdio_ui5_key":"receiptDatePickeretmportal.ui.managehandovers.view.DetailExecuteHO"}]}
RESULT: undefined
COMMAND: POST /session/baa8cc8c703ae50a3cfee07d32ab3bfd/execute/async - {"script":"<script> [6424 bytes]","args":[{"element-6066-11e4-a52e-4f735466cecf":"f.A7D77B31E8FD2DE6ABF8E388F5FFE54F.d.F74A42C4F292B0243278D141A84264B4.e.4670"},"setValue",["04/23/2025"]]}
RESULT: {"script":"<script> [6424 bytes]","args":[{"element-6066-11e4-a52e-4f735466cecf":"f.A7D77B31E8FD2DE6ABF8E388F5FFE54F.d.F74A42C4F292B0243278D141A84264B4.e.4670"},"setValue",["04/23/2025"]]}
COMMAND: POST /session/baa8cc8c703ae50a3cfee07d32ab3bfd/element - {"using":"xpath","value":"//button[@data-kt=\"PickingTableConfirmAllButton\"]"}
RESULT: {"using":"xpath","value":"//button[@data-kt=\"PickingTableConfirmAllButton\"]"}
COMMAND: POST /session/baa8cc8c703ae50a3cfee07d32ab3bfd/element/f.A7D77B31E8FD2DE6ABF8E388F5FFE54F.d.F74A42C4F292B0243278D141A84264B4.e.4685/click - {}
RESULT: {}
COMMAND: GET /session/baa8cc8c703ae50a3cfee07d32ab3bfd/screenshot - {}
RESULT: {}
COMMAND: POST /session/baa8cc8c703ae50a3cfee07d32ab3bfd/element - {"using":"xpath","value":"//bdi[contains(text(), \"OK\")]"}
RESULT: {"using":"xpath","value":"//bdi[contains(text(), \"OK\")]"}
COMMAND: POST /session/baa8cc8c703ae50a3cfee07d32ab3bfd/element/f.A7D77B31E8FD2DE6ABF8E388F5FFE54F.d.F74A42C4F292B0243278D141A84264B4.e.4688/click - {}
RESULT: {}
COMMAND: GET /session/baa8cc8c703ae50a3cfee07d32ab3bfd/screenshot - {}
RESULT: {}
COMMAND: POST /session/baa8cc8c703ae50a3cfee07d32ab3bfd/element - {"using":"xpath","value":"(//bdi[contains(text(), \"Receive\")])[2]"}
RESULT: {"using":"xpath","value":"(//bdi[contains(text(), \"Receive\")])[2]"}
COMMAND: POST /session/baa8cc8c703ae50a3cfee07d32ab3bfd/element/f.A7D77B31E8FD2DE6ABF8E388F5FFE54F.d.F74A42C4F292B0243278D141A84264B4.e.4689/click - {}
RESULT: {}
COMMAND: GET /session/baa8cc8c703ae50a3cfee07d32ab3bfd/screenshot - {}
RESULT: {}
COMMAND: POST /session/baa8cc8c703ae50a3cfee07d32ab3bfd/element - {"using":"css selector","value":"#shell-header-logo"}
RESULT: {"using":"css selector","value":"#shell-header-logo"}
COMMAND: POST /session/baa8cc8c703ae50a3cfee07d32ab3bfd/element/f.A7D77B31E8FD2DE6ABF8E388F5FFE54F.d.F74A42C4F292B0243278D141A84264B4.e.4056/click - {}
RESULT: {}
COMMAND: GET /session/baa8cc8c703ae50a3cfee07d32ab3bfd/screenshot - {}
RESULT: {}
]]></system-out>
    </testcase>
    <testcase classname="chrome.135_0_7049_42.windows.Billing_confirm_US117289" name="Should create a new contract" time="59.089">
      <system-out><![CDATA[
COMMAND: POST /session/baa8cc8c703ae50a3cfee07d32ab3bfd/execute/async - {"script":"<script> [1562 bytes]","args":[{"selector":{"controlType":"sap.m.Text","viewName":"etm.portal.ui.managecontractstile.view.Master","properties":{"text":"Manage Contracts"},"interaction":{"idSuffix":"inner"}},"wdio_ui5_key":"etmportal.ui.managecontractstile.view.Mastersap.m.Text{\"text\":\"Manage Contracts\"}"}]}
RESULT: {"script":"<script> [1562 bytes]","args":[{"selector":{"controlType":"sap.m.Text","viewName":"etm.portal.ui.managecontractstile.view.Master","properties":{"text":"Manage Contracts"},"interaction":{"idSuffix":"inner"}},"wdio_ui5_key":"etmportal.ui.managecontractstile.view.Mastersap.m.Text{\"text\":\"Manage Contracts\"}"}]}
RESULT: undefined
COMMAND: POST /session/baa8cc8c703ae50a3cfee07d32ab3bfd/element - {"using":"xpath","value":"//*[@id=\"__tile130-title\"]"}
RESULT: {"using":"xpath","value":"//*[@id=\"__tile130-title\"]"}
COMMAND: POST /session/baa8cc8c703ae50a3cfee07d32ab3bfd/element/f.A7D77B31E8FD2DE6ABF8E388F5FFE54F.d.F74A42C4F292B0243278D141A84264B4.e.4944/click - {}
RESULT: {}
COMMAND: GET /session/baa8cc8c703ae50a3cfee07d32ab3bfd/screenshot - {}
RESULT: {}
COMMAND: POST /session/baa8cc8c703ae50a3cfee07d32ab3bfd/element - {"using":"xpath","value":"//button[@data-kt=\"addButton\"]"}
RESULT: undefined
RESULT: {"using":"xpath","value":"//button[@data-kt=\"addButton\"]"}
COMMAND: POST /session/baa8cc8c703ae50a3cfee07d32ab3bfd/elements - {"using":"xpath","value":"//button[@data-kt=\"addButton\"]"}
RESULT: {"using":"xpath","value":"//button[@data-kt=\"addButton\"]"}
COMMAND: POST /session/baa8cc8c703ae50a3cfee07d32ab3bfd/execute/sync - {"script":"<script> [8489 bytes]","args":[{"element-6066-11e4-a52e-4f735466cecf":"f.A7D77B31E8FD2DE6ABF8E388F5FFE54F.d.F74A42C4F292B0243278D141A84264B4.e.4981","ELEMENT":"f.A7D77B31E8FD2DE6ABF8E388F5FFE54F.d.F74A42C4F292B0243278D141A84264B4.e.4981"}]}
RESULT: {"script":"<script> [8489 bytes]","args":[{"element-6066-11e4-a52e-4f735466cecf":"f.A7D77B31E8FD2DE6ABF8E388F5FFE54F.d.F74A42C4F292B0243278D141A84264B4.e.4981","ELEMENT":"f.A7D77B31E8FD2DE6ABF8E388F5FFE54F.d.F74A42C4F292B0243278D141A84264B4.e.4981"}]}
COMMAND: GET /session/baa8cc8c703ae50a3cfee07d32ab3bfd/element/f.A7D77B31E8FD2DE6ABF8E388F5FFE54F.d.F74A42C4F292B0243278D141A84264B4.e.4981/enabled - {}
COMMAND: GET /session/baa8cc8c703ae50a3cfee07d32ab3bfd/screenshot - {}
RESULT: {}
COMMAND: POST /session/baa8cc8c703ae50a3cfee07d32ab3bfd/execute/sync - {"script":"<script> [8489 bytes]","args":[{"element-6066-11e4-a52e-4f735466cecf":"f.A7D77B31E8FD2DE6ABF8E388F5FFE54F.d.F74A42C4F292B0243278D141A84264B4.e.4981","ELEMENT":"f.A7D77B31E8FD2DE6ABF8E388F5FFE54F.d.F74A42C4F292B0243278D141A84264B4.e.4981"}]}
COMMAND: GET /session/baa8cc8c703ae50a3cfee07d32ab3bfd/screenshot - {}
RESULT: {}
RESULT: {"script":"<script> [8489 bytes]","args":[{"element-6066-11e4-a52e-4f735466cecf":"f.A7D77B31E8FD2DE6ABF8E388F5FFE54F.d.F74A42C4F292B0243278D141A84264B4.e.4981","ELEMENT":"f.A7D77B31E8FD2DE6ABF8E388F5FFE54F.d.F74A42C4F292B0243278D141A84264B4.e.4981"}]}
COMMAND: POST /session/baa8cc8c703ae50a3cfee07d32ab3bfd/execute/sync - {"script":"<script> [5351 bytes]","args":[{"element-6066-11e4-a52e-4f735466cecf":"f.A7D77B31E8FD2DE6ABF8E388F5FFE54F.d.F74A42C4F292B0243278D141A84264B4.e.4981","ELEMENT":"f.A7D77B31E8FD2DE6ABF8E388F5FFE54F.d.F74A42C4F292B0243278D141A84264B4.e.4981"}]}
COMMAND: GET /session/baa8cc8c703ae50a3cfee07d32ab3bfd/screenshot - {}
RESULT: {}
RESULT: {"script":"<script> [5351 bytes]","args":[{"element-6066-11e4-a52e-4f735466cecf":"f.A7D77B31E8FD2DE6ABF8E388F5FFE54F.d.F74A42C4F292B0243278D141A84264B4.e.4981","ELEMENT":"f.A7D77B31E8FD2DE6ABF8E388F5FFE54F.d.F74A42C4F292B0243278D141A84264B4.e.4981"}]}
COMMAND: GET /session/baa8cc8c703ae50a3cfee07d32ab3bfd/screenshot - {}
RESULT: {}
RESULT: {}
COMMAND: POST /session/baa8cc8c703ae50a3cfee07d32ab3bfd/element/f.A7D77B31E8FD2DE6ABF8E388F5FFE54F.d.F74A42C4F292B0243278D141A84264B4.e.4981/click - {}
RESULT: {}
COMMAND: GET /session/baa8cc8c703ae50a3cfee07d32ab3bfd/screenshot - {}
COMMAND: POST /session/baa8cc8c703ae50a3cfee07d32ab3bfd/execute/async - {"script":"<script> [1562 bytes]","args":[{"selector":{"id":"application-managecontracts-display-component---AddNewContract--projectDescription","interaction":{"idSuffix":"inner"}},"wdio_ui5_key":"applicationmanagecontracts-display-component---AddNewContract--projectDescription"}]}
RESULT: {}
RESULT: {"script":"<script> [1562 bytes]","args":[{"selector":{"id":"application-managecontracts-display-component---AddNewContract--projectDescription","interaction":{"idSuffix":"inner"}},"wdio_ui5_key":"applicationmanagecontracts-display-component---AddNewContract--projectDescription"}]}
RESULT: undefined
COMMAND: POST /session/baa8cc8c703ae50a3cfee07d32ab3bfd/execute/async - {"script":"<script> [776 bytes]","args":[{"enterText":"Contract WDIO","selector":{"id":"application-managecontracts-display-component---AddNewContract--projectDescription","interaction":{"idSuffix":"inner"}},"clearTextFirst":true,"interactionType":"ENTER_TEXT"}]}
RESULT: {"script":"<script> [776 bytes]","args":[{"enterText":"Contract WDIO","selector":{"id":"application-managecontracts-display-component---AddNewContract--projectDescription","interaction":{"idSuffix":"inner"}},"clearTextFirst":true,"interactionType":"ENTER_TEXT"}]}
COMMAND: POST /session/baa8cc8c703ae50a3cfee07d32ab3bfd/element - {"using":"xpath","value":"//input[@id=\"application-managecontracts-display-component---AddNewContract--site-inner\"]"}
RESULT: {"using":"xpath","value":"//input[@id=\"application-managecontracts-display-component---AddNewContract--site-inner\"]"}
COMMAND: POST /session/baa8cc8c703ae50a3cfee07d32ab3bfd/element/f.A7D77B31E8FD2DE6ABF8E388F5FFE54F.d.F74A42C4F292B0243278D141A84264B4.e.5329/clear - {}
RESULT: {}
COMMAND: POST /session/baa8cc8c703ae50a3cfee07d32ab3bfd/element/f.A7D77B31E8FD2DE6ABF8E388F5FFE54F.d.F74A42C4F292B0243278D141A84264B4.e.5329/value - {"text":"2514"}
COMMAND: GET /session/baa8cc8c703ae50a3cfee07d32ab3bfd/screenshot - {}
RESULT: {"text":"2514"}
COMMAND: GET /session/baa8cc8c703ae50a3cfee07d32ab3bfd/screenshot - {}
RESULT: {}
RESULT: {}
COMMAND: POST /session/baa8cc8c703ae50a3cfee07d32ab3bfd/element - {"using":"xpath","value":"//li[.//span[text()='2514']]"}
RESULT: {"using":"xpath","value":"//li[.//span[text()='2514']]"}
COMMAND: POST /session/baa8cc8c703ae50a3cfee07d32ab3bfd/element/f.A7D77B31E8FD2DE6ABF8E388F5FFE54F.d.F74A42C4F292B0243278D141A84264B4.e.5363/click - {}
RESULT: {}
COMMAND: GET /session/baa8cc8c703ae50a3cfee07d32ab3bfd/screenshot - {}
RESULT: {}
COMMAND: POST /session/baa8cc8c703ae50a3cfee07d32ab3bfd/element - {"using":"xpath","value":"//input[@id=\"application-managecontracts-display-component---AddNewContract--yardId-inner\"]"}
RESULT: {"using":"xpath","value":"//input[@id=\"application-managecontracts-display-component---AddNewContract--yardId-inner\"]"}
COMMAND: GET /session/baa8cc8c703ae50a3cfee07d32ab3bfd/element/f.A7D77B31E8FD2DE6ABF8E388F5FFE54F.d.F74A42C4F292B0243278D141A84264B4.e.5330/property/value - {}
RESULT: {}
COMMAND: POST /session/baa8cc8c703ae50a3cfee07d32ab3bfd/element - {"using":"xpath","value":"//input[@id=\"application-managecontracts-display-component---AddNewContract--customerSelect-inner\"]"}
COMMAND: GET /session/baa8cc8c703ae50a3cfee07d32ab3bfd/screenshot - {}
RESULT: {"using":"xpath","value":"//input[@id=\"application-managecontracts-display-component---AddNewContract--customerSelect-inner\"]"}
COMMAND: POST /session/baa8cc8c703ae50a3cfee07d32ab3bfd/element/f.A7D77B31E8FD2DE6ABF8E388F5FFE54F.d.F74A42C4F292B0243278D141A84264B4.e.5328/clear - {}
RESULT: {}
RESULT: {}
COMMAND: POST /session/baa8cc8c703ae50a3cfee07d32ab3bfd/element/f.A7D77B31E8FD2DE6ABF8E388F5FFE54F.d.F74A42C4F292B0243278D141A84264B4.e.5328/value - {"text":"1559"}
COMMAND: GET /session/baa8cc8c703ae50a3cfee07d32ab3bfd/screenshot - {}
RESULT: {"text":"1559"}
COMMAND: GET /session/baa8cc8c703ae50a3cfee07d32ab3bfd/screenshot - {}
RESULT: {}
RESULT: {}
COMMAND: POST /session/baa8cc8c703ae50a3cfee07d32ab3bfd/element - {"using":"xpath","value":"//li[.//span[text()='1559']]"}
RESULT: {"using":"xpath","value":"//li[.//span[text()='1559']]"}
COMMAND: POST /session/baa8cc8c703ae50a3cfee07d32ab3bfd/element/f.A7D77B31E8FD2DE6ABF8E388F5FFE54F.d.F74A42C4F292B0243278D141A84264B4.e.5366/click - {}
RESULT: {}
COMMAND: GET /session/baa8cc8c703ae50a3cfee07d32ab3bfd/screenshot - {}
RESULT: {}
COMMAND: POST /session/baa8cc8c703ae50a3cfee07d32ab3bfd/element - {"using":"xpath","value":"//button[@data-kt=\"saveButton\"]"}
RESULT: {"using":"xpath","value":"//button[@data-kt=\"saveButton\"]"}
COMMAND: POST /session/baa8cc8c703ae50a3cfee07d32ab3bfd/element/f.A7D77B31E8FD2DE6ABF8E388F5FFE54F.d.F74A42C4F292B0243278D141A84264B4.e.5356/click - {}
RESULT: {}
COMMAND: GET /session/baa8cc8c703ae50a3cfee07d32ab3bfd/screenshot - {}
RESULT: {}
COMMAND: POST /session/baa8cc8c703ae50a3cfee07d32ab3bfd/element - {"using":"xpath","value":"//span[contains(@id ,\"contractDetailTitleNoExpanded\")]"}
RESULT: {"using":"xpath","value":"//span[contains(@id ,\"contractDetailTitleNoExpanded\")]"}
COMMAND: POST /session/baa8cc8c703ae50a3cfee07d32ab3bfd/elements - {"using":"xpath","value":"//span[contains(@id ,\"contractDetailTitleNoExpanded\")]"}
RESULT: {"using":"xpath","value":"//span[contains(@id ,\"contractDetailTitleNoExpanded\")]"}
COMMAND: POST /session/baa8cc8c703ae50a3cfee07d32ab3bfd/execute/sync - {"script":"<script> [56 bytes]","args":[{"element-6066-11e4-a52e-4f735466cecf":"f.A7D77B31E8FD2DE6ABF8E388F5FFE54F.d.F74A42C4F292B0243278D141A84264B4.e.5375","ELEMENT":"f.A7D77B31E8FD2DE6ABF8E388F5FFE54F.d.F74A42C4F292B0243278D141A84264B4.e.5375"}]}
RESULT: {"script":"<script> [56 bytes]","args":[{"element-6066-11e4-a52e-4f735466cecf":"f.A7D77B31E8FD2DE6ABF8E388F5FFE54F.d.F74A42C4F292B0243278D141A84264B4.e.5375","ELEMENT":"f.A7D77B31E8FD2DE6ABF8E388F5FFE54F.d.F74A42C4F292B0243278D141A84264B4.e.5375"}]}
COMMAND: GET /session/baa8cc8c703ae50a3cfee07d32ab3bfd/screenshot - {}
RESULT: {}
]]></system-out>
    </testcase>
    <testcase classname="chrome.135_0_7049_42.windows.Billing_confirm_US117289" name="Should add created equipment to contract" time="40.144">
      <system-out><![CDATA[
COMMAND: POST /session/baa8cc8c703ae50a3cfee07d32ab3bfd/element - {"using":"xpath","value":"//button[@data-kt=\"contractDetailEditBtnButton\"]"}
RESULT: {"using":"xpath","value":"//button[@data-kt=\"contractDetailEditBtnButton\"]"}
COMMAND: POST /session/baa8cc8c703ae50a3cfee07d32ab3bfd/element/f.A7D77B31E8FD2DE6ABF8E388F5FFE54F.d.F74A42C4F292B0243278D141A84264B4.e.5378/click - {}
RESULT: {}
COMMAND: GET /session/baa8cc8c703ae50a3cfee07d32ab3bfd/screenshot - {}
RESULT: {}
COMMAND: POST /session/baa8cc8c703ae50a3cfee07d32ab3bfd/element - {"using":"xpath","value":"(//span[contains(text(), \"Additional Addresses\")])[2]"}
RESULT: {"using":"xpath","value":"(//span[contains(text(), \"Additional Addresses\")])[2]"}
COMMAND: POST /session/baa8cc8c703ae50a3cfee07d32ab3bfd/element/f.A7D77B31E8FD2DE6ABF8E388F5FFE54F.d.F74A42C4F292B0243278D141A84264B4.e.5432/click - {}
RESULT: {}
COMMAND: GET /session/baa8cc8c703ae50a3cfee07d32ab3bfd/screenshot - {}
RESULT: {}
COMMAND: POST /session/baa8cc8c703ae50a3cfee07d32ab3bfd/element - {"using":"xpath","value":"//button[@data-kt=\"btnAddTableRowOverflowToolbarButton\"]"}
RESULT: {"using":"xpath","value":"//button[@data-kt=\"btnAddTableRowOverflowToolbarButton\"]"}
COMMAND: POST /session/baa8cc8c703ae50a3cfee07d32ab3bfd/element/f.A7D77B31E8FD2DE6ABF8E388F5FFE54F.d.F74A42C4F292B0243278D141A84264B4.e.5436/click - {}
RESULT: {}
COMMAND: GET /session/baa8cc8c703ae50a3cfee07d32ab3bfd/screenshot - {}
RESULT: {}
COMMAND: POST /session/baa8cc8c703ae50a3cfee07d32ab3bfd/element - {"using":"xpath","value":"//div[(text() = 'Standard Entry' or . = 'Standard Entry')]"}
RESULT: {"using":"xpath","value":"//div[(text() = 'Standard Entry' or . = 'Standard Entry')]"}
COMMAND: POST /session/baa8cc8c703ae50a3cfee07d32ab3bfd/element/f.A7D77B31E8FD2DE6ABF8E388F5FFE54F.d.F74A42C4F292B0243278D141A84264B4.e.5438/click - {}
RESULT: {}
COMMAND: GET /session/baa8cc8c703ae50a3cfee07d32ab3bfd/screenshot - {}
RESULT: {}
COMMAND: POST /session/baa8cc8c703ae50a3cfee07d32ab3bfd/element - {"using":"xpath","value":"//td[7]/div/div/input"}
RESULT: {"using":"xpath","value":"//td[7]/div/div/input"}
COMMAND: POST /session/baa8cc8c703ae50a3cfee07d32ab3bfd/element/f.A7D77B31E8FD2DE6ABF8E388F5FFE54F.d.F74A42C4F292B0243278D141A84264B4.e.5447/clear - {}
RESULT: {}
COMMAND: POST /session/baa8cc8c703ae50a3cfee07d32ab3bfd/element/f.A7D77B31E8FD2DE6ABF8E388F5FFE54F.d.F74A42C4F292B0243278D141A84264B4.e.5447/value - {"text":"0JdEJhITKH"}
COMMAND: GET /session/baa8cc8c703ae50a3cfee07d32ab3bfd/screenshot - {}
RESULT: {"text":"0JdEJhITKH"}
COMMAND: GET /session/baa8cc8c703ae50a3cfee07d32ab3bfd/screenshot - {}
RESULT: {}
RESULT: {}
COMMAND: POST /session/baa8cc8c703ae50a3cfee07d32ab3bfd/actions - {"actions":[{"id":"action17","type":"key","parameters":{},"actions":[{"type":"keyDown","value":""},{"type":"pause","duration":10},{"type":"keyUp","value":""}]}]}
RESULT: {"actions":[{"id":"action17","type":"key","parameters":{},"actions":[{"type":"keyDown","value":""},{"type":"pause","duration":10},{"type":"keyUp","value":""}]}]}
COMMAND: GET /session/baa8cc8c703ae50a3cfee07d32ab3bfd/screenshot - {}
RESULT: {}
COMMAND: POST /session/baa8cc8c703ae50a3cfee07d32ab3bfd/element - {"using":"xpath","value":"(//button[@data-kt=\"saveButton\"])[2]"}
RESULT: {"using":"xpath","value":"(//button[@data-kt=\"saveButton\"])[2]"}
COMMAND: POST /session/baa8cc8c703ae50a3cfee07d32ab3bfd/element/f.A7D77B31E8FD2DE6ABF8E388F5FFE54F.d.F74A42C4F292B0243278D141A84264B4.e.5462/click - {}
RESULT: {}
COMMAND: GET /session/baa8cc8c703ae50a3cfee07d32ab3bfd/screenshot - {}
RESULT: {}
COMMAND: POST /session/baa8cc8c703ae50a3cfee07d32ab3bfd/element - {"using":"xpath","value":"//span[contains(@id ,\"contractItemsSmartTable-header-inner\")]"}
RESULT: {"using":"xpath","value":"//span[contains(@id ,\"contractItemsSmartTable-header-inner\")]"}
COMMAND: POST /session/baa8cc8c703ae50a3cfee07d32ab3bfd/elements - {"using":"xpath","value":"//span[contains(@id ,\"contractItemsSmartTable-header-inner\")]"}
RESULT: {"using":"xpath","value":"//span[contains(@id ,\"contractItemsSmartTable-header-inner\")]"}
COMMAND: POST /session/baa8cc8c703ae50a3cfee07d32ab3bfd/execute/sync - {"script":"<script> [56 bytes]","args":[{"element-6066-11e4-a52e-4f735466cecf":"f.A7D77B31E8FD2DE6ABF8E388F5FFE54F.d.F74A42C4F292B0243278D141A84264B4.e.5470","ELEMENT":"f.A7D77B31E8FD2DE6ABF8E388F5FFE54F.d.F74A42C4F292B0243278D141A84264B4.e.5470"}]}
RESULT: {"script":"<script> [56 bytes]","args":[{"element-6066-11e4-a52e-4f735466cecf":"f.A7D77B31E8FD2DE6ABF8E388F5FFE54F.d.F74A42C4F292B0243278D141A84264B4.e.5470","ELEMENT":"f.A7D77B31E8FD2DE6ABF8E388F5FFE54F.d.F74A42C4F292B0243278D141A84264B4.e.5470"}]}
]]></system-out>
    </testcase>
    <testcase classname="chrome.135_0_7049_42.windows.Billing_confirm_US117289" name="Should do a provide to site handover" time="50.579">
      <system-out><![CDATA[
COMMAND: POST /session/baa8cc8c703ae50a3cfee07d32ab3bfd/element - {"using":"xpath","value":"//button[@data-kt=\"provideButton\"]"}
COMMAND: GET /session/baa8cc8c703ae50a3cfee07d32ab3bfd/screenshot - {}
RESULT: {"using":"xpath","value":"//button[@data-kt=\"provideButton\"]"}
COMMAND: POST /session/baa8cc8c703ae50a3cfee07d32ab3bfd/element/f.A7D77B31E8FD2DE6ABF8E388F5FFE54F.d.F74A42C4F292B0243278D141A84264B4.e.5471/click - {}
RESULT: {}
RESULT: {}
COMMAND: GET /session/baa8cc8c703ae50a3cfee07d32ab3bfd/screenshot - {}
RESULT: undefined
COMMAND: POST /session/baa8cc8c703ae50a3cfee07d32ab3bfd/execute/async - {"script":"<script> [6424 bytes]","args":[{"element-6066-11e4-a52e-4f735466cecf":"f.A7D77B31E8FD2DE6ABF8E388F5FFE54F.d.F74A42C4F292B0243278D141A84264B4.e.4455"},"setValue",["04/23/2025"]]}
RESULT: {}
COMMAND: POST /session/baa8cc8c703ae50a3cfee07d32ab3bfd/execute/async - {"script":"<script> [1562 bytes]","args":[{"selector":{"id":"application-managehandovers-display-component---AddNewHO--dueDate","interaction":{"idSuffix":"inner"}},"wdio_ui5_key":"applicationmanagehandovers-display-component---AddNewHO--dueDate"}]}
RESULT: {"script":"<script> [1562 bytes]","args":[{"selector":{"id":"application-managehandovers-display-component---AddNewHO--dueDate","interaction":{"idSuffix":"inner"}},"wdio_ui5_key":"applicationmanagehandovers-display-component---AddNewHO--dueDate"}]}
COMMAND: POST /session/baa8cc8c703ae50a3cfee07d32ab3bfd/execute/async - {"script":"<script> [6424 bytes]","args":[{"element-6066-11e4-a52e-4f735466cecf":"f.A7D77B31E8FD2DE6ABF8E388F5FFE54F.d.F74A42C4F292B0243278D141A84264B4.e.5544"},"setValue",["04/23/2025"]]}
RESULT: {"script":"<script> [6424 bytes]","args":[{"element-6066-11e4-a52e-4f735466cecf":"f.A7D77B31E8FD2DE6ABF8E388F5FFE54F.d.F74A42C4F292B0243278D141A84264B4.e.5544"},"setValue",["04/23/2025"]]}
COMMAND: POST /session/baa8cc8c703ae50a3cfee07d32ab3bfd/element - {"using":"xpath","value":"//bdi[contains(text(), \"Instructions\")]"}
RESULT: {"using":"xpath","value":"//bdi[contains(text(), \"Instructions\")]"}
COMMAND: POST /session/baa8cc8c703ae50a3cfee07d32ab3bfd/element/f.A7D77B31E8FD2DE6ABF8E388F5FFE54F.d.F74A42C4F292B0243278D141A84264B4.e.5785/click - {}
RESULT: {}
COMMAND: GET /session/baa8cc8c703ae50a3cfee07d32ab3bfd/screenshot - {}
RESULT: {}
COMMAND: POST /session/baa8cc8c703ae50a3cfee07d32ab3bfd/element - {"using":"xpath","value":"//button[@data-kt=\"AddNewHOProvideAddItemsButton\"]"}
RESULT: {"using":"xpath","value":"//button[@data-kt=\"AddNewHOProvideAddItemsButton\"]"}
COMMAND: POST /session/baa8cc8c703ae50a3cfee07d32ab3bfd/element/f.A7D77B31E8FD2DE6ABF8E388F5FFE54F.d.F74A42C4F292B0243278D141A84264B4.e.5789/click - {}
RESULT: {}
COMMAND: GET /session/baa8cc8c703ae50a3cfee07d32ab3bfd/screenshot - {}
RESULT: {}
RESULT: undefined
COMMAND: POST /session/baa8cc8c703ae50a3cfee07d32ab3bfd/element - {"using":"xpath","value":"//*[@id=\"application-managehandovers-display-component---AddNewHO--popup-sa\"]"}
RESULT: {"using":"xpath","value":"//*[@id=\"application-managehandovers-display-component---AddNewHO--popup-sa\"]"}
COMMAND: POST /session/baa8cc8c703ae50a3cfee07d32ab3bfd/element/f.A7D77B31E8FD2DE6ABF8E388F5FFE54F.d.F74A42C4F292B0243278D141A84264B4.e.5798/click - {}
RESULT: {}
COMMAND: GET /session/baa8cc8c703ae50a3cfee07d32ab3bfd/screenshot - {}
RESULT: {}
COMMAND: POST /session/baa8cc8c703ae50a3cfee07d32ab3bfd/element - {"using":"xpath","value":"//*[contains(@id ,\"BDI-content\")][contains(text(), \"Select\")]"}
RESULT: {"using":"xpath","value":"//*[contains(@id ,\"BDI-content\")][contains(text(), \"Select\")]"}
COMMAND: POST /session/baa8cc8c703ae50a3cfee07d32ab3bfd/element/f.A7D77B31E8FD2DE6ABF8E388F5FFE54F.d.F74A42C4F292B0243278D141A84264B4.e.5800/click - {}
RESULT: {}
COMMAND: GET /session/baa8cc8c703ae50a3cfee07d32ab3bfd/screenshot - {}
RESULT: {}
COMMAND: POST /session/baa8cc8c703ae50a3cfee07d32ab3bfd/execute/async - {"script":"<script> [1562 bytes]","args":[{"selector":{"id":"application-managehandovers-display-component---AddNewHO--confirmCreationButton","interaction":{"idSuffix":"BDI-content"}},"wdio_ui5_key":"applicationmanagehandovers-display-component---AddNewHO--confirmCreationButton"}]}
RESULT: {"script":"<script> [1562 bytes]","args":[{"selector":{"id":"application-managehandovers-display-component---AddNewHO--confirmCreationButton","interaction":{"idSuffix":"BDI-content"}},"wdio_ui5_key":"applicationmanagehandovers-display-component---AddNewHO--confirmCreationButton"}]}
RESULT: undefined
COMMAND: POST /session/baa8cc8c703ae50a3cfee07d32ab3bfd/element - {"using":"xpath","value":"//*[@id=\"application-managehandovers-display-component---AddNewHO--confirmCreationButton\"]"}
RESULT: {"using":"xpath","value":"//*[@id=\"application-managehandovers-display-component---AddNewHO--confirmCreationButton\"]"}
COMMAND: POST /session/baa8cc8c703ae50a3cfee07d32ab3bfd/element/f.A7D77B31E8FD2DE6ABF8E388F5FFE54F.d.F74A42C4F292B0243278D141A84264B4.e.5589/click - {}
RESULT: {}
COMMAND: GET /session/baa8cc8c703ae50a3cfee07d32ab3bfd/screenshot - {}
RESULT: {}
COMMAND: POST /session/baa8cc8c703ae50a3cfee07d32ab3bfd/element - {"using":"xpath","value":"//button[@data-kt=\"PickingTableConfirmAllButton\"]"}
RESULT: {"using":"xpath","value":"//button[@data-kt=\"PickingTableConfirmAllButton\"]"}
COMMAND: POST /session/baa8cc8c703ae50a3cfee07d32ab3bfd/elements - {"using":"xpath","value":"//button[@data-kt=\"PickingTableConfirmAllButton\"]"}
RESULT: {"using":"xpath","value":"//button[@data-kt=\"PickingTableConfirmAllButton\"]"}
COMMAND: POST /session/baa8cc8c703ae50a3cfee07d32ab3bfd/elements - {"using":"xpath","value":"//button[@data-kt=\"PickingTableConfirmAllButton\"]"}
RESULT: {"using":"xpath","value":"//button[@data-kt=\"PickingTableConfirmAllButton\"]"}
COMMAND: POST /session/baa8cc8c703ae50a3cfee07d32ab3bfd/element - {"using":"xpath","value":"//button[@data-kt=\"PickingTableConfirmAllButton\"]"}
RESULT: {"using":"xpath","value":"//button[@data-kt=\"PickingTableConfirmAllButton\"]"}
COMMAND: POST /session/baa8cc8c703ae50a3cfee07d32ab3bfd/element/f.A7D77B31E8FD2DE6ABF8E388F5FFE54F.d.F74A42C4F292B0243278D141A84264B4.e.5837/click - {}
COMMAND: POST /session/baa8cc8c703ae50a3cfee07d32ab3bfd/element - {"using":"xpath","value":"//button[@data-kt=\"PickingTableConfirmAllButton\"]"}
RESULT: {"using":"xpath","value":"//button[@data-kt=\"PickingTableConfirmAllButton\"]"}
COMMAND: POST /session/baa8cc8c703ae50a3cfee07d32ab3bfd/element/f.A7D77B31E8FD2DE6ABF8E388F5FFE54F.d.F74A42C4F292B0243278D141A84264B4.e.5837/click - {}
COMMAND: POST /session/baa8cc8c703ae50a3cfee07d32ab3bfd/element - {"using":"xpath","value":"//button[@data-kt=\"PickingTableConfirmAllButton\"]"}
RESULT: {"using":"xpath","value":"//button[@data-kt=\"PickingTableConfirmAllButton\"]"}
COMMAND: POST /session/baa8cc8c703ae50a3cfee07d32ab3bfd/element/f.A7D77B31E8FD2DE6ABF8E388F5FFE54F.d.F74A42C4F292B0243278D141A84264B4.e.5856/click - {}
RESULT: {}
COMMAND: GET /session/baa8cc8c703ae50a3cfee07d32ab3bfd/screenshot - {}
RESULT: {}
COMMAND: POST /session/baa8cc8c703ae50a3cfee07d32ab3bfd/element - {"using":"xpath","value":"//bdi[contains(text(), \"OK\")]"}
RESULT: {"using":"xpath","value":"//bdi[contains(text(), \"OK\")]"}
COMMAND: POST /session/baa8cc8c703ae50a3cfee07d32ab3bfd/element/f.A7D77B31E8FD2DE6ABF8E388F5FFE54F.d.F74A42C4F292B0243278D141A84264B4.e.5860/click - {}
RESULT: {}
COMMAND: GET /session/baa8cc8c703ae50a3cfee07d32ab3bfd/screenshot - {}
RESULT: {}
COMMAND: POST /session/baa8cc8c703ae50a3cfee07d32ab3bfd/element - {"using":"xpath","value":"//bdi[contains(text(), \"Issue\")]"}
RESULT: {"using":"xpath","value":"//bdi[contains(text(), \"Issue\")]"}
COMMAND: POST /session/baa8cc8c703ae50a3cfee07d32ab3bfd/element/f.A7D77B31E8FD2DE6ABF8E388F5FFE54F.d.F74A42C4F292B0243278D141A84264B4.e.5861/click - {}
RESULT: {}
COMMAND: GET /session/baa8cc8c703ae50a3cfee07d32ab3bfd/screenshot - {}
RESULT: {}
COMMAND: POST /session/baa8cc8c703ae50a3cfee07d32ab3bfd/element - {"using":"css selector","value":"#shell-header-logo"}
RESULT: {"using":"css selector","value":"#shell-header-logo"}
COMMAND: POST /session/baa8cc8c703ae50a3cfee07d32ab3bfd/element/f.A7D77B31E8FD2DE6ABF8E388F5FFE54F.d.F74A42C4F292B0243278D141A84264B4.e.4946/click - {}
RESULT: {}
COMMAND: GET /session/baa8cc8c703ae50a3cfee07d32ab3bfd/screenshot - {}
RESULT: {}
]]></system-out>
    </testcase>
    <testcase classname="chrome.135_0_7049_42.windows.Billing_confirm_US117289" name="Should trigger calculation" time="69.777">
      <system-out><![CDATA[
COMMAND: POST /session/baa8cc8c703ae50a3cfee07d32ab3bfd/execute/async - {"script":"<script> [1562 bytes]","args":[{"selector":{"controlType":"sap.m.GenericTile","properties":{"header":"Manage Billings"}},"wdio_ui5_key":"sapm.GenericTile{\"header\":\"Manage Billings\"}"}]}
RESULT: {"script":"<script> [1562 bytes]","args":[{"selector":{"controlType":"sap.m.GenericTile","properties":{"header":"Manage Billings"}},"wdio_ui5_key":"sapm.GenericTile{\"header\":\"Manage Billings\"}"}]}
RESULT: undefined
COMMAND: POST /session/baa8cc8c703ae50a3cfee07d32ab3bfd/element - {"using":"xpath","value":"//*[@id=\"__tile51\"]"}
RESULT: {"using":"xpath","value":"//*[@id=\"__tile51\"]"}
COMMAND: POST /session/baa8cc8c703ae50a3cfee07d32ab3bfd/element/f.A7D77B31E8FD2DE6ABF8E388F5FFE54F.d.F74A42C4F292B0243278D141A84264B4.e.193/click - {}
RESULT: {}
COMMAND: GET /session/baa8cc8c703ae50a3cfee07d32ab3bfd/screenshot - {}
RESULT: {}
COMMAND: POST /session/baa8cc8c703ae50a3cfee07d32ab3bfd/execute/async - {"script":"<script> [1562 bytes]","args":[{"selector":{"id":"application-managebillings-display-component---billRunCalcResult--smartFilterBar-btnBasicSearch","interaction":{"idSuffix":"I"}},"wdio_ui5_key":"applicationmanagebillings-display-component---billRunCalcResult--smartFilterBar-btnBasicSearch"}]}
RESULT: {"script":"<script> [1562 bytes]","args":[{"selector":{"id":"application-managebillings-display-component---billRunCalcResult--smartFilterBar-btnBasicSearch","interaction":{"idSuffix":"I"}},"wdio_ui5_key":"applicationmanagebillings-display-component---billRunCalcResult--smartFilterBar-btnBasicSearch"}]}
RESULT: undefined
COMMAND: POST /session/baa8cc8c703ae50a3cfee07d32ab3bfd/execute/async - {"script":"<script> [776 bytes]","args":[{"enterText":"10580","selector":{"id":"application-managebillings-display-component---billRunCalcResult--smartFilterBar-btnBasicSearch","interaction":{"idSuffix":"I"}},"clearTextFirst":true,"interactionType":"ENTER_TEXT"}]}
RESULT: {"script":"<script> [776 bytes]","args":[{"enterText":"10580","selector":{"id":"application-managebillings-display-component---billRunCalcResult--smartFilterBar-btnBasicSearch","interaction":{"idSuffix":"I"}},"clearTextFirst":true,"interactionType":"ENTER_TEXT"}]}
COMMAND: POST /session/baa8cc8c703ae50a3cfee07d32ab3bfd/actions - {"actions":[{"id":"action18","type":"key","parameters":{},"actions":[{"type":"keyDown","value":""},{"type":"pause","duration":10},{"type":"keyUp","value":""}]}]}
RESULT: {"actions":[{"id":"action18","type":"key","parameters":{},"actions":[{"type":"keyDown","value":""},{"type":"pause","duration":10},{"type":"keyUp","value":""}]}]}
COMMAND: GET /session/baa8cc8c703ae50a3cfee07d32ab3bfd/screenshot - {}
RESULT: {}
COMMAND: POST /session/baa8cc8c703ae50a3cfee07d32ab3bfd/element - {"using":"xpath","value":"//td[@aria-colindex=\"1\"]/div/div[contains(@class, \"sapMCbBg\")]"}
RESULT: {"using":"xpath","value":"//td[@aria-colindex=\"1\"]/div/div[contains(@class, \"sapMCbBg\")]"}
COMMAND: POST /session/baa8cc8c703ae50a3cfee07d32ab3bfd/element/f.A7D77B31E8FD2DE6ABF8E388F5FFE54F.d.F74A42C4F292B0243278D141A84264B4.e.6247/click - {}
RESULT: {}
COMMAND: GET /session/baa8cc8c703ae50a3cfee07d32ab3bfd/screenshot - {}
RESULT: {}
COMMAND: POST /session/baa8cc8c703ae50a3cfee07d32ab3bfd/execute/async - {"script":"<script> [1562 bytes]","args":[{"selector":{"id":"application-managebillings-display-component---billRunCalcResult--contractBillRunDate","interaction":{"idSuffix":"inner"}},"wdio_ui5_key":"applicationmanagebillings-display-component---billRunCalcResult--contractBillRunDate"}]}
RESULT: {"script":"<script> [1562 bytes]","args":[{"selector":{"id":"application-managebillings-display-component---billRunCalcResult--contractBillRunDate","interaction":{"idSuffix":"inner"}},"wdio_ui5_key":"applicationmanagebillings-display-component---billRunCalcResult--contractBillRunDate"}]}
RESULT: undefined
COMMAND: POST /session/baa8cc8c703ae50a3cfee07d32ab3bfd/execute/async - {"script":"<script> [776 bytes]","args":[{"enterText":"05/23/25","selector":{"id":"application-managebillings-display-component---billRunCalcResult--contractBillRunDate","interaction":{"idSuffix":"inner"}},"clearTextFirst":true,"interactionType":"ENTER_TEXT"}]}
RESULT: {"script":"<script> [776 bytes]","args":[{"enterText":"05/23/25","selector":{"id":"application-managebillings-display-component---billRunCalcResult--contractBillRunDate","interaction":{"idSuffix":"inner"}},"clearTextFirst":true,"interactionType":"ENTER_TEXT"}]}
COMMAND: POST /session/baa8cc8c703ae50a3cfee07d32ab3bfd/element - {"using":"xpath","value":"//bdi[contains(text(), \"Trigger Calculation\")]"}
RESULT: {"using":"xpath","value":"//bdi[contains(text(), \"Trigger Calculation\")]"}
COMMAND: POST /session/baa8cc8c703ae50a3cfee07d32ab3bfd/element/f.A7D77B31E8FD2DE6ABF8E388F5FFE54F.d.F74A42C4F292B0243278D141A84264B4.e.6299/click - {}
RESULT: {}
COMMAND: GET /session/baa8cc8c703ae50a3cfee07d32ab3bfd/screenshot - {}
RESULT: {}
COMMAND: POST /session/baa8cc8c703ae50a3cfee07d32ab3bfd/element - {"using":"xpath","value":"(//span[contains(@id, \"imgNav\")])[1]"}
RESULT: {"using":"xpath","value":"(//span[contains(@id, \"imgNav\")])[1]"}
COMMAND: POST /session/baa8cc8c703ae50a3cfee07d32ab3bfd/element/f.A7D77B31E8FD2DE6ABF8E388F5FFE54F.d.F74A42C4F292B0243278D141A84264B4.e.6248/click - {}
RESULT: {}
COMMAND: GET /session/baa8cc8c703ae50a3cfee07d32ab3bfd/screenshot - {}
RESULT: {}
COMMAND: POST /session/baa8cc8c703ae50a3cfee07d32ab3bfd/element - {"using":"xpath","value":"//tr/td[6]/div[1]/span[1]/span[1]"}
RESULT: {"using":"xpath","value":"//tr/td[6]/div[1]/span[1]/span[1]"}
COMMAND: GET /session/baa8cc8c703ae50a3cfee07d32ab3bfd/element/f.A7D77B31E8FD2DE6ABF8E388F5FFE54F.d.F74A42C4F292B0243278D141A84264B4.e.6303/text - {}
RESULT: {}
COMMAND: POST /session/baa8cc8c703ae50a3cfee07d32ab3bfd/element - {"using":"xpath","value":"(//span[contains(@id, \"imgNav\")])[2]"}
RESULT: {"using":"xpath","value":"(//span[contains(@id, \"imgNav\")])[2]"}
COMMAND: POST /session/baa8cc8c703ae50a3cfee07d32ab3bfd/element/f.A7D77B31E8FD2DE6ABF8E388F5FFE54F.d.F74A42C4F292B0243278D141A84264B4.e.6304/click - {}
RESULT: {}
COMMAND: GET /session/baa8cc8c703ae50a3cfee07d32ab3bfd/screenshot - {}
RESULT: {}
COMMAND: POST /session/baa8cc8c703ae50a3cfee07d32ab3bfd/element - {"using":"xpath","value":"//bdi[contains(text(), \"Business Confirm\")]"}
RESULT: {"using":"xpath","value":"//bdi[contains(text(), \"Business Confirm\")]"}
COMMAND: POST /session/baa8cc8c703ae50a3cfee07d32ab3bfd/element/f.A7D77B31E8FD2DE6ABF8E388F5FFE54F.d.F74A42C4F292B0243278D141A84264B4.e.6376/click - {}
RESULT: {}
COMMAND: GET /session/baa8cc8c703ae50a3cfee07d32ab3bfd/screenshot - {}
RESULT: {}
COMMAND: POST /session/baa8cc8c703ae50a3cfee07d32ab3bfd/element - {"using":"xpath","value":"//bdi[contains(text(), \"Business Confirmed\")]"}
RESULT: {"using":"xpath","value":"//bdi[contains(text(), \"Business Confirmed\")]"}
COMMAND: POST /session/baa8cc8c703ae50a3cfee07d32ab3bfd/execute/sync - {"script":"<script> [56 bytes]","args":[{"element-6066-11e4-a52e-4f735466cecf":"f.A7D77B31E8FD2DE6ABF8E388F5FFE54F.d.F74A42C4F292B0243278D141A84264B4.e.6376","ELEMENT":"f.A7D77B31E8FD2DE6ABF8E388F5FFE54F.d.F74A42C4F292B0243278D141A84264B4.e.6376"}]}
RESULT: {"script":"<script> [56 bytes]","args":[{"element-6066-11e4-a52e-4f735466cecf":"f.A7D77B31E8FD2DE6ABF8E388F5FFE54F.d.F74A42C4F292B0243278D141A84264B4.e.6376","ELEMENT":"f.A7D77B31E8FD2DE6ABF8E388F5FFE54F.d.F74A42C4F292B0243278D141A84264B4.e.6376"}]}
COMMAND: POST /session/baa8cc8c703ae50a3cfee07d32ab3bfd/element - {"using":"css selector","value":"#shell-header-logo"}
COMMAND: GET /session/baa8cc8c703ae50a3cfee07d32ab3bfd/screenshot - {}
RESULT: {"using":"css selector","value":"#shell-header-logo"}
COMMAND: POST /session/baa8cc8c703ae50a3cfee07d32ab3bfd/element/f.A7D77B31E8FD2DE6ABF8E388F5FFE54F.d.F74A42C4F292B0243278D141A84264B4.e.6036/click - {}
RESULT: {}
RESULT: {}
COMMAND: GET /session/baa8cc8c703ae50a3cfee07d32ab3bfd/screenshot - {}
RESULT: {}
COMMAND: POST /session/baa8cc8c703ae50a3cfee07d32ab3bfd/element - {"using":"css selector","value":"#j_username"}
COMMAND: POST /session/baa8cc8c703ae50a3cfee07d32ab3bfd/url - {"url":"https://qa-testing-00-live-etm-ui.cfapps.eu10-004.hana.ondemand.com/"}
RESULT: {"using":"css selector","value":"#j_username"}
COMMAND: POST /session/baa8cc8c703ae50a3cfee07d32ab3bfd/element - {"using":"css selector","value":"#j_username"}
RESULT: {"url":"https://qa-testing-00-live-etm-ui.cfapps.eu10-004.hana.ondemand.com/"}
RESULT: undefined
COMMAND: GET /session/baa8cc8c703ae50a3cfee07d32ab3bfd/screenshot - {}
RESULT: {"using":"css selector","value":"#j_username"}
COMMAND: POST /session/baa8cc8c703ae50a3cfee07d32ab3bfd/element - {"using":"css selector","value":"#shell-header-logo"}
RESULT: {}
RESULT: {"using":"css selector","value":"#shell-header-logo"}
COMMAND: POST /session/baa8cc8c703ae50a3cfee07d32ab3bfd/execute/sync - {"script":"<script> [8489 bytes]","args":[{"element-6066-11e4-a52e-4f735466cecf":"f.A7D77B31E8FD2DE6ABF8E388F5FFE54F.d.30B499AF289F940A7876CC7458991175.e.6390","ELEMENT":"f.A7D77B31E8FD2DE6ABF8E388F5FFE54F.d.30B499AF289F940A7876CC7458991175.e.6390"}]}
RESULT: {"script":"<script> [8489 bytes]","args":[{"element-6066-11e4-a52e-4f735466cecf":"f.A7D77B31E8FD2DE6ABF8E388F5FFE54F.d.30B499AF289F940A7876CC7458991175.e.6390","ELEMENT":"f.A7D77B31E8FD2DE6ABF8E388F5FFE54F.d.30B499AF289F940A7876CC7458991175.e.6390"}]}
COMMAND: POST /session/baa8cc8c703ae50a3cfee07d32ab3bfd/element - {"using":"css selector","value":"#shell-header-logo"}
COMMAND: GET /session/baa8cc8c703ae50a3cfee07d32ab3bfd/screenshot - {}
RESULT: {"using":"css selector","value":"#shell-header-logo"}
COMMAND: POST /session/baa8cc8c703ae50a3cfee07d32ab3bfd/execute/sync - {"script":"<script> [8489 bytes]","args":[{"element-6066-11e4-a52e-4f735466cecf":"f.A7D77B31E8FD2DE6ABF8E388F5FFE54F.d.30B499AF289F940A7876CC7458991175.e.6390","ELEMENT":"f.A7D77B31E8FD2DE6ABF8E388F5FFE54F.d.30B499AF289F940A7876CC7458991175.e.6390"}]}
RESULT: {}
RESULT: {"script":"<script> [8489 bytes]","args":[{"element-6066-11e4-a52e-4f735466cecf":"f.A7D77B31E8FD2DE6ABF8E388F5FFE54F.d.30B499AF289F940A7876CC7458991175.e.6390","ELEMENT":"f.A7D77B31E8FD2DE6ABF8E388F5FFE54F.d.30B499AF289F940A7876CC7458991175.e.6390"}]}
COMMAND: POST /session/baa8cc8c703ae50a3cfee07d32ab3bfd/execute/sync - {"script":"<script> [5351 bytes]","args":[{"element-6066-11e4-a52e-4f735466cecf":"f.A7D77B31E8FD2DE6ABF8E388F5FFE54F.d.30B499AF289F940A7876CC7458991175.e.6390","ELEMENT":"f.A7D77B31E8FD2DE6ABF8E388F5FFE54F.d.30B499AF289F940A7876CC7458991175.e.6390"}]}
COMMAND: GET /session/baa8cc8c703ae50a3cfee07d32ab3bfd/screenshot - {}
RESULT: {"script":"<script> [5351 bytes]","args":[{"element-6066-11e4-a52e-4f735466cecf":"f.A7D77B31E8FD2DE6ABF8E388F5FFE54F.d.30B499AF289F940A7876CC7458991175.e.6390","ELEMENT":"f.A7D77B31E8FD2DE6ABF8E388F5FFE54F.d.30B499AF289F940A7876CC7458991175.e.6390"}]}
COMMAND: POST /session/baa8cc8c703ae50a3cfee07d32ab3bfd/element - {"using":"css selector","value":"#shell-header-logo"}
COMMAND: GET /session/baa8cc8c703ae50a3cfee07d32ab3bfd/screenshot - {}
RESULT: {}
RESULT: {"using":"css selector","value":"#shell-header-logo"}
COMMAND: POST /session/baa8cc8c703ae50a3cfee07d32ab3bfd/element/f.A7D77B31E8FD2DE6ABF8E388F5FFE54F.d.30B499AF289F940A7876CC7458991175.e.6390/click - {}
RESULT: {}
RESULT: {}
COMMAND: GET /session/baa8cc8c703ae50a3cfee07d32ab3bfd/screenshot - {}
RESULT: {}
COMMAND: POST /session/baa8cc8c703ae50a3cfee07d32ab3bfd/execute/async - {"script":"<script> [189 bytes]","args":[]}
RESULT: {"script":"<script> [189 bytes]","args":[]}
COMMAND: POST /session/baa8cc8c703ae50a3cfee07d32ab3bfd/execute/async - {"script":"<script> [123 bytes]","args":[]}
RESULT: {"script":"<script> [123 bytes]","args":[]}
COMMAND: POST /session/baa8cc8c703ae50a3cfee07d32ab3bfd/timeouts - {"script":"<number>"}
RESULT: {"script":"<number>"}
COMMAND: GET /session/baa8cc8c703ae50a3cfee07d32ab3bfd/timeouts - {}
RESULT: {}
RESULT: undefined
COMMAND: POST /session/baa8cc8c703ae50a3cfee07d32ab3bfd/execute/async - {"script":"<script> [2676 bytes]","args":[]}
RESULT: {"script":"<script> [2676 bytes]","args":[]}
COMMAND: POST /session/baa8cc8c703ae50a3cfee07d32ab3bfd/execute/async - {"script":"<script> [2342 bytes]","args":[{"protocol":"http","hostname":"0.0.0.0","path":"/","capabilities":{"browserName":"chrome","goog:chromeOptions":{"binary":"C:\\Program Files\\Google\\Chrome\\Application\\chrome.exe","args":["--start-maximized"]}},"logLevel":"warn","connectionRetryTimeout":120000,"connectionRetryCount":3,"logLevels":{},"enableDirectConnect":true,"strictSSL":true,"_":"65 more keys: [\"cacheDir\",\"port\",\"requestedCapabilities\",\"automationProtocol\",\"baseUrl\",\"waitforInterval\",\"waitforTimeout\",\"onReload\",\"beforeCommand\",\"afterCommand\",\"rootDir\",\"specs\",\"suites\",\"exclude\",\"groupLogsByTestSpec\",\"excludeDriverLogs\",\"bail\",\"framework\",\"reporters\",\"services\",\"maxInstances\",\"maxInstancesPerCapability\",\"injectGlobals\",\"filesToWatch\",\"execArgv\",\"runnerEnv\",\"runner\",\"shard\",\"specFileRetries\",\"specFileRetriesDelay\",\"specFileRetriesDeferred\",\"reporterSyncInterval\",\"reporterSyncTimeout\",\"cucumberFeaturesWithLineNumbers\",\"autoCompileOpts\",\"mochaOpts\",\"jasmineOpts\",\"cucumberOpts\",\"onPrepare\",\"onWorkerStart\",\"onWorkerEnd\",\"before\",\"beforeSession\",\"beforeSuite\",\"beforeHook\",\"beforeTest\",\"afterTest\",\"afterHook\",\"afterSuite\",\"afterSession\",\"after\",\"onComplete\",\"beforeAssertion\",\"afterAssertion\",\"beforeFeature\",\"beforeScenario\",\"beforeStep\",\"afterStep\",\"afterScenario\",\"afterFeature\",\"_\",\"suite\",\"$0\",\"ignoredWorkerServices\",\"wdi5\"]"}]}
RESULT: {"script":"<script> [2342 bytes]","args":[{"protocol":"http","hostname":"0.0.0.0","path":"/","capabilities":{"browserName":"chrome","goog:chromeOptions":{"binary":"C:\\Program Files\\Google\\Chrome\\Application\\chrome.exe","args":["--start-maximized"]}},"logLevel":"warn","connectionRetryTimeout":120000,"connectionRetryCount":3,"logLevels":{},"enableDirectConnect":true,"strictSSL":true,"_":"65 more keys: [\"cacheDir\",\"port\",\"requestedCapabilities\",\"automationProtocol\",\"baseUrl\",\"waitforInterval\",\"waitforTimeout\",\"onReload\",\"beforeCommand\",\"afterCommand\",\"rootDir\",\"specs\",\"suites\",\"exclude\",\"groupLogsByTestSpec\",\"excludeDriverLogs\",\"bail\",\"framework\",\"reporters\",\"services\",\"maxInstances\",\"maxInstancesPerCapability\",\"injectGlobals\",\"filesToWatch\",\"execArgv\",\"runnerEnv\",\"runner\",\"shard\",\"specFileRetries\",\"specFileRetriesDelay\",\"specFileRetriesDeferred\",\"reporterSyncInterval\",\"reporterSyncTimeout\",\"cucumberFeaturesWithLineNumbers\",\"autoCompileOpts\",\"mochaOpts\",\"jasmineOpts\",\"cucumberOpts\",\"onPrepare\",\"onWorkerStart\",\"onWorkerEnd\",\"before\",\"beforeSession\",\"beforeSuite\",\"beforeHook\",\"beforeTest\",\"afterTest\",\"afterHook\",\"afterSuite\",\"afterSession\",\"after\",\"onComplete\",\"beforeAssertion\",\"afterAssertion\",\"beforeFeature\",\"beforeScenario\",\"beforeStep\",\"afterStep\",\"afterScenario\",\"afterFeature\",\"_\",\"suite\",\"$0\",\"ignoredWorkerServices\",\"wdi5\"]"}]}
COMMAND: POST /session/baa8cc8c703ae50a3cfee07d32ab3bfd/execute/async - {"script":"<script> [21126 bytes]","args":[35000]}
RESULT: {"script":"<script> [21126 bytes]","args":[35000]}
COMMAND: POST /session/baa8cc8c703ae50a3cfee07d32ab3bfd/window/maximize - {}
RESULT: {}
COMMAND: POST /session/baa8cc8c703ae50a3cfee07d32ab3bfd/execute/async - {"script":"<script> [1562 bytes]","args":[{"selector":{"id":"shell-header","interaction":{"idSuffix":"icon"}},"wdio_ui5_key":"shellheader"}]}
COMMAND: GET /session/baa8cc8c703ae50a3cfee07d32ab3bfd/screenshot - {}
RESULT: {"script":"<script> [1562 bytes]","args":[{"selector":{"id":"shell-header","interaction":{"idSuffix":"icon"}},"wdio_ui5_key":"shellheader"}]}
RESULT: undefined
COMMAND: POST /session/baa8cc8c703ae50a3cfee07d32ab3bfd/refresh - {}
RESULT: {}
RESULT: {}
COMMAND: GET /session/baa8cc8c703ae50a3cfee07d32ab3bfd/screenshot - {}
RESULT: {}
COMMAND: POST /session/baa8cc8c703ae50a3cfee07d32ab3bfd/refresh - {}
RESULT: {}
COMMAND: GET /session/baa8cc8c703ae50a3cfee07d32ab3bfd/screenshot - {}
RESULT: {}
COMMAND: POST /session/baa8cc8c703ae50a3cfee07d32ab3bfd/window/fullscreen - {}
RESULT: {}
COMMAND: POST /session/baa8cc8c703ae50a3cfee07d32ab3bfd/execute/async - {"script":"<script> [189 bytes]","args":[]}
RESULT: {"script":"<script> [189 bytes]","args":[]}
COMMAND: POST /session/baa8cc8c703ae50a3cfee07d32ab3bfd/execute/async - {"script":"<script> [123 bytes]","args":[]}
RESULT: {"script":"<script> [123 bytes]","args":[]}
COMMAND: POST /session/baa8cc8c703ae50a3cfee07d32ab3bfd/timeouts - {"script":"<number>"}
RESULT: {"script":"<number>"}
COMMAND: GET /session/baa8cc8c703ae50a3cfee07d32ab3bfd/timeouts - {}
RESULT: {}
RESULT: undefined
COMMAND: POST /session/baa8cc8c703ae50a3cfee07d32ab3bfd/execute/async - {"script":"<script> [2676 bytes]","args":[]}
RESULT: {"script":"<script> [2676 bytes]","args":[]}
COMMAND: POST /session/baa8cc8c703ae50a3cfee07d32ab3bfd/execute/async - {"script":"<script> [2342 bytes]","args":[{"protocol":"http","hostname":"0.0.0.0","path":"/","capabilities":{"browserName":"chrome","goog:chromeOptions":{"binary":"C:\\Program Files\\Google\\Chrome\\Application\\chrome.exe","args":["--start-maximized"]}},"logLevel":"warn","connectionRetryTimeout":120000,"connectionRetryCount":3,"logLevels":{},"enableDirectConnect":true,"strictSSL":true,"_":"65 more keys: [\"cacheDir\",\"port\",\"requestedCapabilities\",\"automationProtocol\",\"baseUrl\",\"waitforInterval\",\"waitforTimeout\",\"onReload\",\"beforeCommand\",\"afterCommand\",\"rootDir\",\"specs\",\"suites\",\"exclude\",\"groupLogsByTestSpec\",\"excludeDriverLogs\",\"bail\",\"framework\",\"reporters\",\"services\",\"maxInstances\",\"maxInstancesPerCapability\",\"injectGlobals\",\"filesToWatch\",\"execArgv\",\"runnerEnv\",\"runner\",\"shard\",\"specFileRetries\",\"specFileRetriesDelay\",\"specFileRetriesDeferred\",\"reporterSyncInterval\",\"reporterSyncTimeout\",\"cucumberFeaturesWithLineNumbers\",\"autoCompileOpts\",\"mochaOpts\",\"jasmineOpts\",\"cucumberOpts\",\"onPrepare\",\"onWorkerStart\",\"onWorkerEnd\",\"before\",\"beforeSession\",\"beforeSuite\",\"beforeHook\",\"beforeTest\",\"afterTest\",\"afterHook\",\"afterSuite\",\"afterSession\",\"after\",\"onComplete\",\"beforeAssertion\",\"afterAssertion\",\"beforeFeature\",\"beforeScenario\",\"beforeStep\",\"afterStep\",\"afterScenario\",\"afterFeature\",\"_\",\"suite\",\"$0\",\"ignoredWorkerServices\",\"wdi5\"]"}]}
RESULT: {"script":"<script> [2342 bytes]","args":[{"protocol":"http","hostname":"0.0.0.0","path":"/","capabilities":{"browserName":"chrome","goog:chromeOptions":{"binary":"C:\\Program Files\\Google\\Chrome\\Application\\chrome.exe","args":["--start-maximized"]}},"logLevel":"warn","connectionRetryTimeout":120000,"connectionRetryCount":3,"logLevels":{},"enableDirectConnect":true,"strictSSL":true,"_":"65 more keys: [\"cacheDir\",\"port\",\"requestedCapabilities\",\"automationProtocol\",\"baseUrl\",\"waitforInterval\",\"waitforTimeout\",\"onReload\",\"beforeCommand\",\"afterCommand\",\"rootDir\",\"specs\",\"suites\",\"exclude\",\"groupLogsByTestSpec\",\"excludeDriverLogs\",\"bail\",\"framework\",\"reporters\",\"services\",\"maxInstances\",\"maxInstancesPerCapability\",\"injectGlobals\",\"filesToWatch\",\"execArgv\",\"runnerEnv\",\"runner\",\"shard\",\"specFileRetries\",\"specFileRetriesDelay\",\"specFileRetriesDeferred\",\"reporterSyncInterval\",\"reporterSyncTimeout\",\"cucumberFeaturesWithLineNumbers\",\"autoCompileOpts\",\"mochaOpts\",\"jasmineOpts\",\"cucumberOpts\",\"onPrepare\",\"onWorkerStart\",\"onWorkerEnd\",\"before\",\"beforeSession\",\"beforeSuite\",\"beforeHook\",\"beforeTest\",\"afterTest\",\"afterHook\",\"afterSuite\",\"afterSession\",\"after\",\"onComplete\",\"beforeAssertion\",\"afterAssertion\",\"beforeFeature\",\"beforeScenario\",\"beforeStep\",\"afterStep\",\"afterScenario\",\"afterFeature\",\"_\",\"suite\",\"$0\",\"ignoredWorkerServices\",\"wdi5\"]"}]}
COMMAND: POST /session/baa8cc8c703ae50a3cfee07d32ab3bfd/execute/async - {"script":"<script> [21126 bytes]","args":[35000]}
RESULT: {"script":"<script> [21126 bytes]","args":[35000]}
]]></system-out>
    </testcase>
  </testsuite>
  <testsuite timestamp="2025-04-23T06:46:47" time="1135.002" tests="14" failures="0" errors="0" skipped="0">
    <properties>
      <property name="specId" value="0"/>
      <property name="suiteName" value="Create master data for mixed billing &amp; do billing calculation US151661"/>
      <property name="capabilities" value="chrome.135_0_7049_42.windows"/>
      <property name="file" value="file:///D:/a/1/s/test/specs/BTS/billing-calculation-mixed.spec.js"/>
    </properties>
    <testcase classname="chrome.135_0_7049_42.windows.Create_master_data_for_mixed_billing_&amp;_do_billing_calculation_US151661" name="Should create a new yard" time="94.495">
      <system-out><![CDATA[
COMMAND: POST /session/baa8cc8c703ae50a3cfee07d32ab3bfd/window/fullscreen - {}
RESULT: {}
COMMAND: POST /session/baa8cc8c703ae50a3cfee07d32ab3bfd/execute/async - {"script":"<script> [1562 bytes]","args":[{"selector":{"controlType":"sap.m.GenericTile","properties":{"header":"Manage Yards"}},"wdio_ui5_key":"sapm.GenericTile{\"header\":\"Manage Yards\"}"}]}
RESULT: {"script":"<script> [1562 bytes]","args":[{"selector":{"controlType":"sap.m.GenericTile","properties":{"header":"Manage Yards"}},"wdio_ui5_key":"sapm.GenericTile{\"header\":\"Manage Yards\"}"}]}
RESULT: undefined
COMMAND: POST /session/baa8cc8c703ae50a3cfee07d32ab3bfd/element - {"using":"xpath","value":"//*[@id=\"__tile41\"]"}
RESULT: {"using":"xpath","value":"//*[@id=\"__tile41\"]"}
COMMAND: POST /session/baa8cc8c703ae50a3cfee07d32ab3bfd/element/f.A7D77B31E8FD2DE6ABF8E388F5FFE54F.d.79510403C844A6AAFA7833CDED87BAA3.e.6440/click - {}
RESULT: {}
COMMAND: POST /session/baa8cc8c703ae50a3cfee07d32ab3bfd/element - {"using":"xpath","value":"//button[@data-kt=\"addNewYardOverflowToolbarButton\"]"}
COMMAND: GET /session/baa8cc8c703ae50a3cfee07d32ab3bfd/screenshot - {}
RESULT: {"using":"xpath","value":"//button[@data-kt=\"addNewYardOverflowToolbarButton\"]"}
COMMAND: POST /session/baa8cc8c703ae50a3cfee07d32ab3bfd/elements - {"using":"xpath","value":"//button[@data-kt=\"addNewYardOverflowToolbarButton\"]"}
RESULT: {}
RESULT: {"using":"xpath","value":"//button[@data-kt=\"addNewYardOverflowToolbarButton\"]"}
COMMAND: POST /session/baa8cc8c703ae50a3cfee07d32ab3bfd/elements - {"using":"xpath","value":"//button[@data-kt=\"addNewYardOverflowToolbarButton\"]"}
RESULT: {"using":"xpath","value":"//button[@data-kt=\"addNewYardOverflowToolbarButton\"]"}
COMMAND: POST /session/baa8cc8c703ae50a3cfee07d32ab3bfd/elements - {"using":"xpath","value":"//button[@data-kt=\"addNewYardOverflowToolbarButton\"]"}
RESULT: {"using":"xpath","value":"//button[@data-kt=\"addNewYardOverflowToolbarButton\"]"}
COMMAND: POST /session/baa8cc8c703ae50a3cfee07d32ab3bfd/elements - {"using":"xpath","value":"//button[@data-kt=\"addNewYardOverflowToolbarButton\"]"}
RESULT: {"using":"xpath","value":"//button[@data-kt=\"addNewYardOverflowToolbarButton\"]"}
COMMAND: POST /session/baa8cc8c703ae50a3cfee07d32ab3bfd/elements - {"using":"xpath","value":"//button[@data-kt=\"addNewYardOverflowToolbarButton\"]"}
RESULT: {"using":"xpath","value":"//button[@data-kt=\"addNewYardOverflowToolbarButton\"]"}
COMMAND: POST /session/baa8cc8c703ae50a3cfee07d32ab3bfd/elements - {"using":"xpath","value":"//button[@data-kt=\"addNewYardOverflowToolbarButton\"]"}
RESULT: {"using":"xpath","value":"//button[@data-kt=\"addNewYardOverflowToolbarButton\"]"}
COMMAND: POST /session/baa8cc8c703ae50a3cfee07d32ab3bfd/elements - {"using":"xpath","value":"//button[@data-kt=\"addNewYardOverflowToolbarButton\"]"}
RESULT: {"using":"xpath","value":"//button[@data-kt=\"addNewYardOverflowToolbarButton\"]"}
COMMAND: POST /session/baa8cc8c703ae50a3cfee07d32ab3bfd/elements - {"using":"xpath","value":"//button[@data-kt=\"addNewYardOverflowToolbarButton\"]"}
RESULT: {"using":"xpath","value":"//button[@data-kt=\"addNewYardOverflowToolbarButton\"]"}
COMMAND: POST /session/baa8cc8c703ae50a3cfee07d32ab3bfd/elements - {"using":"xpath","value":"//button[@data-kt=\"addNewYardOverflowToolbarButton\"]"}
RESULT: {"using":"xpath","value":"//button[@data-kt=\"addNewYardOverflowToolbarButton\"]"}
COMMAND: POST /session/baa8cc8c703ae50a3cfee07d32ab3bfd/elements - {"using":"xpath","value":"//button[@data-kt=\"addNewYardOverflowToolbarButton\"]"}
RESULT: {"using":"xpath","value":"//button[@data-kt=\"addNewYardOverflowToolbarButton\"]"}
COMMAND: POST /session/baa8cc8c703ae50a3cfee07d32ab3bfd/element - {"using":"xpath","value":"//button[@data-kt=\"addNewYardOverflowToolbarButton\"]"}
RESULT: {"using":"xpath","value":"//button[@data-kt=\"addNewYardOverflowToolbarButton\"]"}
COMMAND: POST /session/baa8cc8c703ae50a3cfee07d32ab3bfd/execute/sync - {"script":"<script> [8489 bytes]","args":[{"element-6066-11e4-a52e-4f735466cecf":"f.A7D77B31E8FD2DE6ABF8E388F5FFE54F.d.79510403C844A6AAFA7833CDED87BAA3.e.6574","ELEMENT":"f.A7D77B31E8FD2DE6ABF8E388F5FFE54F.d.79510403C844A6AAFA7833CDED87BAA3.e.6574"}]}
RESULT: {"script":"<script> [8489 bytes]","args":[{"element-6066-11e4-a52e-4f735466cecf":"f.A7D77B31E8FD2DE6ABF8E388F5FFE54F.d.79510403C844A6AAFA7833CDED87BAA3.e.6574","ELEMENT":"f.A7D77B31E8FD2DE6ABF8E388F5FFE54F.d.79510403C844A6AAFA7833CDED87BAA3.e.6574"}]}
COMMAND: GET /session/baa8cc8c703ae50a3cfee07d32ab3bfd/element/f.A7D77B31E8FD2DE6ABF8E388F5FFE54F.d.79510403C844A6AAFA7833CDED87BAA3.e.6574/enabled - {}
COMMAND: GET /session/baa8cc8c703ae50a3cfee07d32ab3bfd/screenshot - {}
RESULT: {}
COMMAND: POST /session/baa8cc8c703ae50a3cfee07d32ab3bfd/execute/sync - {"script":"<script> [8489 bytes]","args":[{"element-6066-11e4-a52e-4f735466cecf":"f.A7D77B31E8FD2DE6ABF8E388F5FFE54F.d.79510403C844A6AAFA7833CDED87BAA3.e.6574","ELEMENT":"f.A7D77B31E8FD2DE6ABF8E388F5FFE54F.d.79510403C844A6AAFA7833CDED87BAA3.e.6574"}]}
COMMAND: GET /session/baa8cc8c703ae50a3cfee07d32ab3bfd/screenshot - {}
RESULT: {}
RESULT: {"script":"<script> [8489 bytes]","args":[{"element-6066-11e4-a52e-4f735466cecf":"f.A7D77B31E8FD2DE6ABF8E388F5FFE54F.d.79510403C844A6AAFA7833CDED87BAA3.e.6574","ELEMENT":"f.A7D77B31E8FD2DE6ABF8E388F5FFE54F.d.79510403C844A6AAFA7833CDED87BAA3.e.6574"}]}
COMMAND: POST /session/baa8cc8c703ae50a3cfee07d32ab3bfd/execute/sync - {"script":"<script> [5351 bytes]","args":[{"element-6066-11e4-a52e-4f735466cecf":"f.A7D77B31E8FD2DE6ABF8E388F5FFE54F.d.79510403C844A6AAFA7833CDED87BAA3.e.6574","ELEMENT":"f.A7D77B31E8FD2DE6ABF8E388F5FFE54F.d.79510403C844A6AAFA7833CDED87BAA3.e.6574"}]}
COMMAND: GET /session/baa8cc8c703ae50a3cfee07d32ab3bfd/screenshot - {}
RESULT: {}
RESULT: {"script":"<script> [5351 bytes]","args":[{"element-6066-11e4-a52e-4f735466cecf":"f.A7D77B31E8FD2DE6ABF8E388F5FFE54F.d.79510403C844A6AAFA7833CDED87BAA3.e.6574","ELEMENT":"f.A7D77B31E8FD2DE6ABF8E388F5FFE54F.d.79510403C844A6AAFA7833CDED87BAA3.e.6574"}]}
COMMAND: POST /session/baa8cc8c703ae50a3cfee07d32ab3bfd/element/f.A7D77B31E8FD2DE6ABF8E388F5FFE54F.d.79510403C844A6AAFA7833CDED87BAA3.e.6574/click - {}
COMMAND: GET /session/baa8cc8c703ae50a3cfee07d32ab3bfd/screenshot - {}
RESULT: {}
RESULT: {}
COMMAND: GET /session/baa8cc8c703ae50a3cfee07d32ab3bfd/screenshot - {}
RESULT: {}
COMMAND: POST /session/baa8cc8c703ae50a3cfee07d32ab3bfd/element - {"using":"xpath","value":"//input[@id=\"application-manageyards-display-component---NewYard--yardId-inner\"]"}
RESULT: {}
RESULT: {"using":"xpath","value":"//input[@id=\"application-manageyards-display-component---NewYard--yardId-inner\"]"}
COMMAND: POST /session/baa8cc8c703ae50a3cfee07d32ab3bfd/element - {"using":"xpath","value":"//input[@id=\"application-manageyards-display-component---NewYard--yardId-inner\"]"}
RESULT: {"using":"xpath","value":"//input[@id=\"application-manageyards-display-component---NewYard--yardId-inner\"]"}
COMMAND: POST /session/baa8cc8c703ae50a3cfee07d32ab3bfd/execute/async - {"script":"<script> [1562 bytes]","args":[{"selector":{"id":"application-manageyards-display-component---NewYard--addressDetailDetailsName1","interaction":{"idSuffix":"inner"}},"wdio_ui5_key":"applicationmanageyards-display-component---NewYard--addressDetailDetailsName1"}]}
RESULT: {"script":"<script> [1562 bytes]","args":[{"selector":{"id":"application-manageyards-display-component---NewYard--addressDetailDetailsName1","interaction":{"idSuffix":"inner"}},"wdio_ui5_key":"applicationmanageyards-display-component---NewYard--addressDetailDetailsName1"}]}
RESULT: undefined
COMMAND: POST /session/baa8cc8c703ae50a3cfee07d32ab3bfd/execute/async - {"script":"<script> [776 bytes]","args":[{"enterText":"Intercompany Yard wdIO","selector":{"id":"application-manageyards-display-component---NewYard--addressDetailDetailsName1","interaction":{"idSuffix":"inner"}},"clearTextFirst":true,"interactionType":"ENTER_TEXT"}]}
RESULT: {"script":"<script> [776 bytes]","args":[{"enterText":"Intercompany Yard wdIO","selector":{"id":"application-manageyards-display-component---NewYard--addressDetailDetailsName1","interaction":{"idSuffix":"inner"}},"clearTextFirst":true,"interactionType":"ENTER_TEXT"}]}
COMMAND: POST /session/baa8cc8c703ae50a3cfee07d32ab3bfd/execute/async - {"script":"<script> [1562 bytes]","args":[{"selector":{"id":"application-manageyards-display-component---NewYard--addressDetailDetailsLanguage-arrow"},"wdio_ui5_key":"applicationmanageyards-display-component---NewYard--addressDetailDetailsLanguage-arrow"}]}
RESULT: {"script":"<script> [1562 bytes]","args":[{"selector":{"id":"application-manageyards-display-component---NewYard--addressDetailDetailsLanguage-arrow"},"wdio_ui5_key":"applicationmanageyards-display-component---NewYard--addressDetailDetailsLanguage-arrow"}]}
RESULT: undefined
COMMAND: POST /session/baa8cc8c703ae50a3cfee07d32ab3bfd/element - {"using":"xpath","value":"//*[@id=\"application-manageyards-display-component---NewYard--addressDetailDetailsLanguage-arrow\"]"}
RESULT: {"using":"xpath","value":"//*[@id=\"application-manageyards-display-component---NewYard--addressDetailDetailsLanguage-arrow\"]"}
COMMAND: POST /session/baa8cc8c703ae50a3cfee07d32ab3bfd/element/f.A7D77B31E8FD2DE6ABF8E388F5FFE54F.d.79510403C844A6AAFA7833CDED87BAA3.e.7004/click - {}
RESULT: {}
COMMAND: POST /session/baa8cc8c703ae50a3cfee07d32ab3bfd/element - {"using":"xpath","value":"//span[contains(text(), \"English\")]"}
COMMAND: GET /session/baa8cc8c703ae50a3cfee07d32ab3bfd/screenshot - {}
RESULT: {"using":"xpath","value":"//span[contains(text(), \"English\")]"}
COMMAND: POST /session/baa8cc8c703ae50a3cfee07d32ab3bfd/element/f.A7D77B31E8FD2DE6ABF8E388F5FFE54F.d.79510403C844A6AAFA7833CDED87BAA3.e.7005/click - {}
RESULT: {}
RESULT: {}
COMMAND: POST /session/baa8cc8c703ae50a3cfee07d32ab3bfd/execute/async - {"script":"<script> [1562 bytes]","args":[{"selector":{"id":"application-manageyards-display-component---NewYard--addressDetailDetailsCity1","interaction":{"idSuffix":"inner"}},"wdio_ui5_key":"applicationmanageyards-display-component---NewYard--addressDetailDetailsCity1"}]}
COMMAND: GET /session/baa8cc8c703ae50a3cfee07d32ab3bfd/screenshot - {}
RESULT: {"script":"<script> [1562 bytes]","args":[{"selector":{"id":"application-manageyards-display-component---NewYard--addressDetailDetailsCity1","interaction":{"idSuffix":"inner"}},"wdio_ui5_key":"applicationmanageyards-display-component---NewYard--addressDetailDetailsCity1"}]}
RESULT: undefined
COMMAND: POST /session/baa8cc8c703ae50a3cfee07d32ab3bfd/execute/async - {"script":"<script> [776 bytes]","args":[{"enterText":"Rosario","selector":{"id":"application-manageyards-display-component---NewYard--addressDetailDetailsCity1","interaction":{"idSuffix":"inner"}},"clearTextFirst":true,"interactionType":"ENTER_TEXT"}]}
RESULT: {}
RESULT: {"script":"<script> [776 bytes]","args":[{"enterText":"Rosario","selector":{"id":"application-manageyards-display-component---NewYard--addressDetailDetailsCity1","interaction":{"idSuffix":"inner"}},"clearTextFirst":true,"interactionType":"ENTER_TEXT"}]}
COMMAND: POST /session/baa8cc8c703ae50a3cfee07d32ab3bfd/execute/async - {"script":"<script> [1562 bytes]","args":[{"selector":{"id":"application-manageyards-display-component---NewYard--addressDetailDetailsCountry-arrow"},"wdio_ui5_key":"applicationmanageyards-display-component---NewYard--addressDetailDetailsCountry-arrow"}]}
RESULT: {"script":"<script> [1562 bytes]","args":[{"selector":{"id":"application-manageyards-display-component---NewYard--addressDetailDetailsCountry-arrow"},"wdio_ui5_key":"applicationmanageyards-display-component---NewYard--addressDetailDetailsCountry-arrow"}]}
RESULT: undefined
COMMAND: POST /session/baa8cc8c703ae50a3cfee07d32ab3bfd/element - {"using":"xpath","value":"//*[@id=\"application-manageyards-display-component---NewYard--addressDetailDetailsCountry-arrow\"]"}
RESULT: {"using":"xpath","value":"//*[@id=\"application-manageyards-display-component---NewYard--addressDetailDetailsCountry-arrow\"]"}
COMMAND: POST /session/baa8cc8c703ae50a3cfee07d32ab3bfd/element/f.A7D77B31E8FD2DE6ABF8E388F5FFE54F.d.79510403C844A6AAFA7833CDED87BAA3.e.7007/click - {}
RESULT: {}
COMMAND: POST /session/baa8cc8c703ae50a3cfee07d32ab3bfd/element - {"using":"xpath","value":"//span[contains(text(), \"Argentina\")]"}
COMMAND: GET /session/baa8cc8c703ae50a3cfee07d32ab3bfd/screenshot - {}
RESULT: {"using":"xpath","value":"//span[contains(text(), \"Argentina\")]"}
COMMAND: POST /session/baa8cc8c703ae50a3cfee07d32ab3bfd/element/f.A7D77B31E8FD2DE6ABF8E388F5FFE54F.d.79510403C844A6AAFA7833CDED87BAA3.e.7008/click - {}
RESULT: {}
RESULT: {}
COMMAND: POST /session/baa8cc8c703ae50a3cfee07d32ab3bfd/execute/async - {"script":"<script> [1562 bytes]","args":[{"selector":{"id":"application-manageyards-display-component---NewYard--addressEditDetailsCostObjectCstType-arrow"},"wdio_ui5_key":"applicationmanageyards-display-component---NewYard--addressEditDetailsCostObjectCstType-arrow"}]}
COMMAND: GET /session/baa8cc8c703ae50a3cfee07d32ab3bfd/screenshot - {}
RESULT: {"script":"<script> [1562 bytes]","args":[{"selector":{"id":"application-manageyards-display-component---NewYard--addressEditDetailsCostObjectCstType-arrow"},"wdio_ui5_key":"applicationmanageyards-display-component---NewYard--addressEditDetailsCostObjectCstType-arrow"}]}
RESULT: undefined
COMMAND: POST /session/baa8cc8c703ae50a3cfee07d32ab3bfd/element - {"using":"xpath","value":"//*[@id=\"application-manageyards-display-component---NewYard--addressEditDetailsCostObjectCstType-arrow\"]"}
RESULT: {}
RESULT: {"using":"xpath","value":"//*[@id=\"application-manageyards-display-component---NewYard--addressEditDetailsCostObjectCstType-arrow\"]"}
COMMAND: POST /session/baa8cc8c703ae50a3cfee07d32ab3bfd/element/f.A7D77B31E8FD2DE6ABF8E388F5FFE54F.d.79510403C844A6AAFA7833CDED87BAA3.e.7010/click - {}
RESULT: {}
COMMAND: POST /session/baa8cc8c703ae50a3cfee07d32ab3bfd/element - {"using":"xpath","value":"//span[contains(text(), \"Cost Center\")]"}
COMMAND: GET /session/baa8cc8c703ae50a3cfee07d32ab3bfd/screenshot - {}
RESULT: {"using":"xpath","value":"//span[contains(text(), \"Cost Center\")]"}
COMMAND: POST /session/baa8cc8c703ae50a3cfee07d32ab3bfd/element/f.A7D77B31E8FD2DE6ABF8E388F5FFE54F.d.79510403C844A6AAFA7833CDED87BAA3.e.7011/click - {}
RESULT: {}
RESULT: {}
COMMAND: GET /session/baa8cc8c703ae50a3cfee07d32ab3bfd/screenshot - {}
RESULT: {}
COMMAND: POST /session/baa8cc8c703ae50a3cfee07d32ab3bfd/element - {"using":"xpath","value":"//span[@id=\"application-manageyards-display-component---NewYard--addressNewCostObjectCstID-vhi\"]"}
RESULT: {"using":"xpath","value":"//span[@id=\"application-manageyards-display-component---NewYard--addressNewCostObjectCstID-vhi\"]"}
COMMAND: POST /session/baa8cc8c703ae50a3cfee07d32ab3bfd/execute/sync - {"script":"<script> [8489 bytes]","args":[{"element-6066-11e4-a52e-4f735466cecf":"f.A7D77B31E8FD2DE6ABF8E388F5FFE54F.d.79510403C844A6AAFA7833CDED87BAA3.e.7014","ELEMENT":"f.A7D77B31E8FD2DE6ABF8E388F5FFE54F.d.79510403C844A6AAFA7833CDED87BAA3.e.7014"}]}
RESULT: {"script":"<script> [8489 bytes]","args":[{"element-6066-11e4-a52e-4f735466cecf":"f.A7D77B31E8FD2DE6ABF8E388F5FFE54F.d.79510403C844A6AAFA7833CDED87BAA3.e.7014","ELEMENT":"f.A7D77B31E8FD2DE6ABF8E388F5FFE54F.d.79510403C844A6AAFA7833CDED87BAA3.e.7014"}]}
COMMAND: POST /session/baa8cc8c703ae50a3cfee07d32ab3bfd/execute/async - {"script":"<script> [1562 bytes]","args":[{"selector":{"id":"application-manageyards-display-component---NewYard--addressNewCostObjectCstID-vhi"},"wdio_ui5_key":"applicationmanageyards-display-component---NewYard--addressNewCostObjectCstID-vhi"}]}
COMMAND: GET /session/baa8cc8c703ae50a3cfee07d32ab3bfd/screenshot - {}
RESULT: {"script":"<script> [1562 bytes]","args":[{"selector":{"id":"application-manageyards-display-component---NewYard--addressNewCostObjectCstID-vhi"},"wdio_ui5_key":"applicationmanageyards-display-component---NewYard--addressNewCostObjectCstID-vhi"}]}
RESULT: undefined
COMMAND: POST /session/baa8cc8c703ae50a3cfee07d32ab3bfd/element - {"using":"xpath","value":"//*[@id=\"application-manageyards-display-component---NewYard--addressNewCostObjectCstID-vhi\"]"}
RESULT: {}
RESULT: {"using":"xpath","value":"//*[@id=\"application-manageyards-display-component---NewYard--addressNewCostObjectCstID-vhi\"]"}
COMMAND: POST /session/baa8cc8c703ae50a3cfee07d32ab3bfd/element/f.A7D77B31E8FD2DE6ABF8E388F5FFE54F.d.79510403C844A6AAFA7833CDED87BAA3.e.7014/click - {}
RESULT: {}
COMMAND: GET /session/baa8cc8c703ae50a3cfee07d32ab3bfd/screenshot - {}
RESULT: {}
COMMAND: POST /session/baa8cc8c703ae50a3cfee07d32ab3bfd/execute/async - {"script":"<script> [1562 bytes]","args":[{"selector":{"controlType":"sap.m.SearchField","properties":{"placeholder":"Search"},"searchOpenDialogs":true,"interaction":{"idSuffix":"I"}},"wdio_ui5_key":"sapm.SearchField{\"placeholder\":\"Search\"}"}]}
RESULT: {"script":"<script> [1562 bytes]","args":[{"selector":{"controlType":"sap.m.SearchField","properties":{"placeholder":"Search"},"searchOpenDialogs":true,"interaction":{"idSuffix":"I"}},"wdio_ui5_key":"sapm.SearchField{\"placeholder\":\"Search\"}"}]}
RESULT: undefined
COMMAND: POST /session/baa8cc8c703ae50a3cfee07d32ab3bfd/execute/async - {"script":"<script> [776 bytes]","args":[{"enterText":"10001013","selector":{"controlType":"sap.m.SearchField","properties":{"placeholder":"Search"},"searchOpenDialogs":true,"interaction":{"idSuffix":"I"}},"clearTextFirst":true,"interactionType":"ENTER_TEXT"}]}
RESULT: {"script":"<script> [776 bytes]","args":[{"enterText":"10001013","selector":{"controlType":"sap.m.SearchField","properties":{"placeholder":"Search"},"searchOpenDialogs":true,"interaction":{"idSuffix":"I"}},"clearTextFirst":true,"interactionType":"ENTER_TEXT"}]}
COMMAND: POST /session/baa8cc8c703ae50a3cfee07d32ab3bfd/actions - {"actions":[{"id":"action19","type":"key","parameters":{},"actions":[{"type":"keyDown","value":""},{"type":"pause","duration":10},{"type":"keyUp","value":""}]}]}
RESULT: {"actions":[{"id":"action19","type":"key","parameters":{},"actions":[{"type":"keyDown","value":""},{"type":"pause","duration":10},{"type":"keyUp","value":""}]}]}
COMMAND: GET /session/baa8cc8c703ae50a3cfee07d32ab3bfd/screenshot - {}
RESULT: {}
COMMAND: POST /session/baa8cc8c703ae50a3cfee07d32ab3bfd/element - {"using":"xpath","value":"//span[contains(text(), \"General Management\")]"}
RESULT: {"using":"xpath","value":"//span[contains(text(), \"General Management\")]"}
COMMAND: POST /session/baa8cc8c703ae50a3cfee07d32ab3bfd/element/f.A7D77B31E8FD2DE6ABF8E388F5FFE54F.d.79510403C844A6AAFA7833CDED87BAA3.e.7056/click - {}
RESULT: {}
COMMAND: GET /session/baa8cc8c703ae50a3cfee07d32ab3bfd/screenshot - {}
RESULT: {}
COMMAND: POST /session/baa8cc8c703ae50a3cfee07d32ab3bfd/element - {"using":"xpath","value":"//bdi[contains(text(), \"OK\")]"}
RESULT: {"using":"xpath","value":"//bdi[contains(text(), \"OK\")]"}
COMMAND: POST /session/baa8cc8c703ae50a3cfee07d32ab3bfd/element/f.A7D77B31E8FD2DE6ABF8E388F5FFE54F.d.79510403C844A6AAFA7833CDED87BAA3.e.7057/click - {}
RESULT: {}
COMMAND: GET /session/baa8cc8c703ae50a3cfee07d32ab3bfd/screenshot - {}
RESULT: {}
COMMAND: POST /session/baa8cc8c703ae50a3cfee07d32ab3bfd/execute/async - {"script":"<script> [1562 bytes]","args":[{"selector":{"id":"application-manageyards-display-component---NewYard--addressEditDetailsCurrency-arrow"},"wdio_ui5_key":"applicationmanageyards-display-component---NewYard--addressEditDetailsCurrency-arrow"}]}
RESULT: {"script":"<script> [1562 bytes]","args":[{"selector":{"id":"application-manageyards-display-component---NewYard--addressEditDetailsCurrency-arrow"},"wdio_ui5_key":"applicationmanageyards-display-component---NewYard--addressEditDetailsCurrency-arrow"}]}
RESULT: undefined
COMMAND: POST /session/baa8cc8c703ae50a3cfee07d32ab3bfd/element - {"using":"xpath","value":"//*[@id=\"application-manageyards-display-component---NewYard--addressEditDetailsCurrency-arrow\"]"}
RESULT: {"using":"xpath","value":"//*[@id=\"application-manageyards-display-component---NewYard--addressEditDetailsCurrency-arrow\"]"}
COMMAND: POST /session/baa8cc8c703ae50a3cfee07d32ab3bfd/element/f.A7D77B31E8FD2DE6ABF8E388F5FFE54F.d.79510403C844A6AAFA7833CDED87BAA3.e.7060/click - {}
RESULT: {}
COMMAND: POST /session/baa8cc8c703ae50a3cfee07d32ab3bfd/element - {"using":"xpath","value":"//span[contains(text(), \"Euro\")]"}
COMMAND: GET /session/baa8cc8c703ae50a3cfee07d32ab3bfd/screenshot - {}
RESULT: {"using":"xpath","value":"//span[contains(text(), \"Euro\")]"}
COMMAND: POST /session/baa8cc8c703ae50a3cfee07d32ab3bfd/element/f.A7D77B31E8FD2DE6ABF8E388F5FFE54F.d.79510403C844A6AAFA7833CDED87BAA3.e.7061/click - {}
RESULT: {}
RESULT: {}
COMMAND: POST /session/baa8cc8c703ae50a3cfee07d32ab3bfd/execute/async - {"script":"<script> [1562 bytes]","args":[{"selector":{"controlType":"sap.m.Input","viewName":"etm.portal.ui.manageyards.view.New","viewId":"application-manageyards-display-component---NewYard","bindingPath":{"path":"","propertyPath":"/CONTROLLING_AREA","modelName":"NewYardModel"},"interaction":{"idSuffix":"inner"}},"wdio_ui5_key":"etmportal.ui.manageyards.view.Newsap.m.Input{\"path\":\"\",\"propertyPath\":\"/CONTROLLING_AREA\",\"modelName\":\"NewYardModel\"}"}]}
COMMAND: GET /session/baa8cc8c703ae50a3cfee07d32ab3bfd/screenshot - {}
RESULT: {"script":"<script> [1562 bytes]","args":[{"selector":{"controlType":"sap.m.Input","viewName":"etm.portal.ui.manageyards.view.New","viewId":"application-manageyards-display-component---NewYard","bindingPath":{"path":"","propertyPath":"/CONTROLLING_AREA","modelName":"NewYardModel"},"interaction":{"idSuffix":"inner"}},"wdio_ui5_key":"etmportal.ui.manageyards.view.Newsap.m.Input{\"path\":\"\",\"propertyPath\":\"/CONTROLLING_AREA\",\"modelName\":\"NewYardModel\"}"}]}
RESULT: undefined
COMMAND: POST /session/baa8cc8c703ae50a3cfee07d32ab3bfd/execute/async - {"script":"<script> [776 bytes]","args":[{"enterText":"Z001","selector":{"controlType":"sap.m.Input","viewName":"etm.portal.ui.manageyards.view.New","viewId":"application-manageyards-display-component---NewYard","bindingPath":{"path":"","propertyPath":"/CONTROLLING_AREA","modelName":"NewYardModel"},"interaction":{"idSuffix":"inner"}},"clearTextFirst":true,"interactionType":"ENTER_TEXT"}]}
RESULT: {}
RESULT: {"script":"<script> [776 bytes]","args":[{"enterText":"Z001","selector":{"controlType":"sap.m.Input","viewName":"etm.portal.ui.manageyards.view.New","viewId":"application-manageyards-display-component---NewYard","bindingPath":{"path":"","propertyPath":"/CONTROLLING_AREA","modelName":"NewYardModel"},"interaction":{"idSuffix":"inner"}},"clearTextFirst":true,"interactionType":"ENTER_TEXT"}]}
COMMAND: POST /session/baa8cc8c703ae50a3cfee07d32ab3bfd/execute/async - {"script":"<script> [1562 bytes]","args":[{"selector":{"id":"application-manageyards-display-component---NewYard--companyCodeComboBox","interaction":{"idSuffix":"inner"}},"wdio_ui5_key":"applicationmanageyards-display-component---NewYard--companyCodeComboBox"}]}
RESULT: {"script":"<script> [1562 bytes]","args":[{"selector":{"id":"application-manageyards-display-component---NewYard--companyCodeComboBox","interaction":{"idSuffix":"inner"}},"wdio_ui5_key":"applicationmanageyards-display-component---NewYard--companyCodeComboBox"}]}
RESULT: undefined
COMMAND: POST /session/baa8cc8c703ae50a3cfee07d32ab3bfd/execute/async - {"script":"<script> [776 bytes]","args":[{"enterText":"1000","selector":{"id":"application-manageyards-display-component---NewYard--companyCodeComboBox","interaction":{"idSuffix":"inner"}},"clearTextFirst":true,"interactionType":"ENTER_TEXT"}]}
RESULT: {"script":"<script> [776 bytes]","args":[{"enterText":"1000","selector":{"id":"application-manageyards-display-component---NewYard--companyCodeComboBox","interaction":{"idSuffix":"inner"}},"clearTextFirst":true,"interactionType":"ENTER_TEXT"}]}
COMMAND: POST /session/baa8cc8c703ae50a3cfee07d32ab3bfd/execute/async - {"script":"<script> [1562 bytes]","args":[{"selector":{"controlType":"sap.m.Input","viewName":"etm.portal.ui.manageyards.view.New","viewId":"application-manageyards-display-component---NewYard","bindingPath":{"path":"","propertyPath":"/PLANT","modelName":"NewYardModel"},"interaction":{"idSuffix":"inner"}},"wdio_ui5_key":"etmportal.ui.manageyards.view.Newsap.m.Input{\"path\":\"\",\"propertyPath\":\"/PLANT\",\"modelName\":\"NewYardModel\"}"}]}
RESULT: {"script":"<script> [1562 bytes]","args":[{"selector":{"controlType":"sap.m.Input","viewName":"etm.portal.ui.manageyards.view.New","viewId":"application-manageyards-display-component---NewYard","bindingPath":{"path":"","propertyPath":"/PLANT","modelName":"NewYardModel"},"interaction":{"idSuffix":"inner"}},"wdio_ui5_key":"etmportal.ui.manageyards.view.Newsap.m.Input{\"path\":\"\",\"propertyPath\":\"/PLANT\",\"modelName\":\"NewYardModel\"}"}]}
RESULT: undefined
COMMAND: POST /session/baa8cc8c703ae50a3cfee07d32ab3bfd/execute/async - {"script":"<script> [776 bytes]","args":[{"enterText":"1001","selector":{"controlType":"sap.m.Input","viewName":"etm.portal.ui.manageyards.view.New","viewId":"application-manageyards-display-component---NewYard","bindingPath":{"path":"","propertyPath":"/PLANT","modelName":"NewYardModel"},"interaction":{"idSuffix":"inner"}},"clearTextFirst":true,"interactionType":"ENTER_TEXT"}]}
RESULT: {"script":"<script> [776 bytes]","args":[{"enterText":"1001","selector":{"controlType":"sap.m.Input","viewName":"etm.portal.ui.manageyards.view.New","viewId":"application-manageyards-display-component---NewYard","bindingPath":{"path":"","propertyPath":"/PLANT","modelName":"NewYardModel"},"interaction":{"idSuffix":"inner"}},"clearTextFirst":true,"interactionType":"ENTER_TEXT"}]}
COMMAND: POST /session/baa8cc8c703ae50a3cfee07d32ab3bfd/execute/async - {"script":"<script> [1562 bytes]","args":[{"selector":{"controlType":"sap.m.Input","viewName":"etm.portal.ui.manageyards.view.New","viewId":"application-manageyards-display-component---NewYard","bindingPath":{"path":"","propertyPath":"/SALES_AREA_VKORG","modelName":"NewYardModel"},"interaction":{"idSuffix":"inner"}},"wdio_ui5_key":"etmportal.ui.manageyards.view.Newsap.m.Input{\"path\":\"\",\"propertyPath\":\"/SALES_AREA_VKORG\",\"modelName\":\"NewYardModel\"}"}]}
RESULT: {"script":"<script> [1562 bytes]","args":[{"selector":{"controlType":"sap.m.Input","viewName":"etm.portal.ui.manageyards.view.New","viewId":"application-manageyards-display-component---NewYard","bindingPath":{"path":"","propertyPath":"/SALES_AREA_VKORG","modelName":"NewYardModel"},"interaction":{"idSuffix":"inner"}},"wdio_ui5_key":"etmportal.ui.manageyards.view.Newsap.m.Input{\"path\":\"\",\"propertyPath\":\"/SALES_AREA_VKORG\",\"modelName\":\"NewYardModel\"}"}]}
RESULT: undefined
COMMAND: POST /session/baa8cc8c703ae50a3cfee07d32ab3bfd/execute/async - {"script":"<script> [776 bytes]","args":[{"enterText":"C002","selector":{"controlType":"sap.m.Input","viewName":"etm.portal.ui.manageyards.view.New","viewId":"application-manageyards-display-component---NewYard","bindingPath":{"path":"","propertyPath":"/SALES_AREA_VKORG","modelName":"NewYardModel"},"interaction":{"idSuffix":"inner"}},"clearTextFirst":true,"interactionType":"ENTER_TEXT"}]}
RESULT: {"script":"<script> [776 bytes]","args":[{"enterText":"C002","selector":{"controlType":"sap.m.Input","viewName":"etm.portal.ui.manageyards.view.New","viewId":"application-manageyards-display-component---NewYard","bindingPath":{"path":"","propertyPath":"/SALES_AREA_VKORG","modelName":"NewYardModel"},"interaction":{"idSuffix":"inner"}},"clearTextFirst":true,"interactionType":"ENTER_TEXT"}]}
COMMAND: POST /session/baa8cc8c703ae50a3cfee07d32ab3bfd/execute/async - {"script":"<script> [1562 bytes]","args":[{"selector":{"controlType":"sap.m.Input","viewName":"etm.portal.ui.manageyards.view.New","viewId":"application-manageyards-display-component---NewYard","bindingPath":{"path":"","propertyPath":"/SALES_AREA_VTWEG","modelName":"NewYardModel"},"interaction":{"idSuffix":"inner"}},"wdio_ui5_key":"etmportal.ui.manageyards.view.Newsap.m.Input{\"path\":\"\",\"propertyPath\":\"/SALES_AREA_VTWEG\",\"modelName\":\"NewYardModel\"}"}]}
RESULT: {"script":"<script> [1562 bytes]","args":[{"selector":{"controlType":"sap.m.Input","viewName":"etm.portal.ui.manageyards.view.New","viewId":"application-manageyards-display-component---NewYard","bindingPath":{"path":"","propertyPath":"/SALES_AREA_VTWEG","modelName":"NewYardModel"},"interaction":{"idSuffix":"inner"}},"wdio_ui5_key":"etmportal.ui.manageyards.view.Newsap.m.Input{\"path\":\"\",\"propertyPath\":\"/SALES_AREA_VTWEG\",\"modelName\":\"NewYardModel\"}"}]}
RESULT: undefined
COMMAND: POST /session/baa8cc8c703ae50a3cfee07d32ab3bfd/execute/async - {"script":"<script> [776 bytes]","args":[{"enterText":"C2","selector":{"controlType":"sap.m.Input","viewName":"etm.portal.ui.manageyards.view.New","viewId":"application-manageyards-display-component---NewYard","bindingPath":{"path":"","propertyPath":"/SALES_AREA_VTWEG","modelName":"NewYardModel"},"interaction":{"idSuffix":"inner"}},"clearTextFirst":true,"interactionType":"ENTER_TEXT"}]}
RESULT: {"script":"<script> [776 bytes]","args":[{"enterText":"C2","selector":{"controlType":"sap.m.Input","viewName":"etm.portal.ui.manageyards.view.New","viewId":"application-manageyards-display-component---NewYard","bindingPath":{"path":"","propertyPath":"/SALES_AREA_VTWEG","modelName":"NewYardModel"},"interaction":{"idSuffix":"inner"}},"clearTextFirst":true,"interactionType":"ENTER_TEXT"}]}
COMMAND: POST /session/baa8cc8c703ae50a3cfee07d32ab3bfd/execute/async - {"script":"<script> [1562 bytes]","args":[{"selector":{"controlType":"sap.m.Input","viewName":"etm.portal.ui.manageyards.view.New","viewId":"application-manageyards-display-component---NewYard","bindingPath":{"path":"","propertyPath":"/SALES_AREA_SPART","modelName":"NewYardModel"},"interaction":{"idSuffix":"inner"}},"wdio_ui5_key":"etmportal.ui.manageyards.view.Newsap.m.Input{\"path\":\"\",\"propertyPath\":\"/SALES_AREA_SPART\",\"modelName\":\"NewYardModel\"}"}]}
RESULT: {"script":"<script> [1562 bytes]","args":[{"selector":{"controlType":"sap.m.Input","viewName":"etm.portal.ui.manageyards.view.New","viewId":"application-manageyards-display-component---NewYard","bindingPath":{"path":"","propertyPath":"/SALES_AREA_SPART","modelName":"NewYardModel"},"interaction":{"idSuffix":"inner"}},"wdio_ui5_key":"etmportal.ui.manageyards.view.Newsap.m.Input{\"path\":\"\",\"propertyPath\":\"/SALES_AREA_SPART\",\"modelName\":\"NewYardModel\"}"}]}
RESULT: undefined
COMMAND: POST /session/baa8cc8c703ae50a3cfee07d32ab3bfd/execute/async - {"script":"<script> [776 bytes]","args":[{"enterText":"C2","selector":{"controlType":"sap.m.Input","viewName":"etm.portal.ui.manageyards.view.New","viewId":"application-manageyards-display-component---NewYard","bindingPath":{"path":"","propertyPath":"/SALES_AREA_SPART","modelName":"NewYardModel"},"interaction":{"idSuffix":"inner"}},"clearTextFirst":true,"interactionType":"ENTER_TEXT"}]}
RESULT: {"script":"<script> [776 bytes]","args":[{"enterText":"C2","selector":{"controlType":"sap.m.Input","viewName":"etm.portal.ui.manageyards.view.New","viewId":"application-manageyards-display-component---NewYard","bindingPath":{"path":"","propertyPath":"/SALES_AREA_SPART","modelName":"NewYardModel"},"interaction":{"idSuffix":"inner"}},"clearTextFirst":true,"interactionType":"ENTER_TEXT"}]}
COMMAND: POST /session/baa8cc8c703ae50a3cfee07d32ab3bfd/execute/async - {"script":"<script> [1562 bytes]","args":[{"selector":{"controlType":"sap.m.Input","viewName":"etm.portal.ui.manageyards.view.New","viewId":"application-manageyards-display-component---NewYard","bindingPath":{"path":"","propertyPath":"/SHIP_POINT","modelName":"NewYardModel"},"interaction":{"idSuffix":"inner"}},"wdio_ui5_key":"etmportal.ui.manageyards.view.Newsap.m.Input{\"path\":\"\",\"propertyPath\":\"/SHIP_POINT\",\"modelName\":\"NewYardModel\"}"}]}
RESULT: {"script":"<script> [1562 bytes]","args":[{"selector":{"controlType":"sap.m.Input","viewName":"etm.portal.ui.manageyards.view.New","viewId":"application-manageyards-display-component---NewYard","bindingPath":{"path":"","propertyPath":"/SHIP_POINT","modelName":"NewYardModel"},"interaction":{"idSuffix":"inner"}},"wdio_ui5_key":"etmportal.ui.manageyards.view.Newsap.m.Input{\"path\":\"\",\"propertyPath\":\"/SHIP_POINT\",\"modelName\":\"NewYardModel\"}"}]}
RESULT: undefined
COMMAND: POST /session/baa8cc8c703ae50a3cfee07d32ab3bfd/execute/async - {"script":"<script> [776 bytes]","args":[{"enterText":"1710","selector":{"controlType":"sap.m.Input","viewName":"etm.portal.ui.manageyards.view.New","viewId":"application-manageyards-display-component---NewYard","bindingPath":{"path":"","propertyPath":"/SHIP_POINT","modelName":"NewYardModel"},"interaction":{"idSuffix":"inner"}},"clearTextFirst":true,"interactionType":"ENTER_TEXT"}]}
RESULT: {"script":"<script> [776 bytes]","args":[{"enterText":"1710","selector":{"controlType":"sap.m.Input","viewName":"etm.portal.ui.manageyards.view.New","viewId":"application-manageyards-display-component---NewYard","bindingPath":{"path":"","propertyPath":"/SHIP_POINT","modelName":"NewYardModel"},"interaction":{"idSuffix":"inner"}},"clearTextFirst":true,"interactionType":"ENTER_TEXT"}]}
COMMAND: POST /session/baa8cc8c703ae50a3cfee07d32ab3bfd/execute/async - {"script":"<script> [1562 bytes]","args":[{"selector":{"controlType":"sap.m.Input","viewName":"etm.portal.ui.manageyards.view.New","viewId":"application-manageyards-display-component---NewYard","bindingPath":{"path":"","propertyPath":"/DELIVERY_TYPE","modelName":"NewYardModel"},"interaction":{"idSuffix":"inner"}},"wdio_ui5_key":"etmportal.ui.manageyards.view.Newsap.m.Input{\"path\":\"\",\"propertyPath\":\"/DELIVERY_TYPE\",\"modelName\":\"NewYardModel\"}"}]}
RESULT: {"script":"<script> [1562 bytes]","args":[{"selector":{"controlType":"sap.m.Input","viewName":"etm.portal.ui.manageyards.view.New","viewId":"application-manageyards-display-component---NewYard","bindingPath":{"path":"","propertyPath":"/DELIVERY_TYPE","modelName":"NewYardModel"},"interaction":{"idSuffix":"inner"}},"wdio_ui5_key":"etmportal.ui.manageyards.view.Newsap.m.Input{\"path\":\"\",\"propertyPath\":\"/DELIVERY_TYPE\",\"modelName\":\"NewYardModel\"}"}]}
RESULT: undefined
COMMAND: POST /session/baa8cc8c703ae50a3cfee07d32ab3bfd/execute/async - {"script":"<script> [776 bytes]","args":[{"enterText":"ZL01","selector":{"controlType":"sap.m.Input","viewName":"etm.portal.ui.manageyards.view.New","viewId":"application-manageyards-display-component---NewYard","bindingPath":{"path":"","propertyPath":"/DELIVERY_TYPE","modelName":"NewYardModel"},"interaction":{"idSuffix":"inner"}},"clearTextFirst":true,"interactionType":"ENTER_TEXT"}]}
RESULT: {"script":"<script> [776 bytes]","args":[{"enterText":"ZL01","selector":{"controlType":"sap.m.Input","viewName":"etm.portal.ui.manageyards.view.New","viewId":"application-manageyards-display-component---NewYard","bindingPath":{"path":"","propertyPath":"/DELIVERY_TYPE","modelName":"NewYardModel"},"interaction":{"idSuffix":"inner"}},"clearTextFirst":true,"interactionType":"ENTER_TEXT"}]}
COMMAND: POST /session/baa8cc8c703ae50a3cfee07d32ab3bfd/execute/async - {"script":"<script> [1562 bytes]","args":[{"selector":{"controlType":"sap.m.Input","viewName":"etm.portal.ui.manageyards.view.New","viewId":"application-manageyards-display-component---NewYard","bindingPath":{"path":"","propertyPath":"/AUART","modelName":"NewYardModel"},"interaction":{"idSuffix":"inner"}},"wdio_ui5_key":"etmportal.ui.manageyards.view.Newsap.m.Input{\"path\":\"\",\"propertyPath\":\"/AUART\",\"modelName\":\"NewYardModel\"}"}]}
RESULT: {"script":"<script> [1562 bytes]","args":[{"selector":{"controlType":"sap.m.Input","viewName":"etm.portal.ui.manageyards.view.New","viewId":"application-manageyards-display-component---NewYard","bindingPath":{"path":"","propertyPath":"/AUART","modelName":"NewYardModel"},"interaction":{"idSuffix":"inner"}},"wdio_ui5_key":"etmportal.ui.manageyards.view.Newsap.m.Input{\"path\":\"\",\"propertyPath\":\"/AUART\",\"modelName\":\"NewYardModel\"}"}]}
RESULT: undefined
COMMAND: POST /session/baa8cc8c703ae50a3cfee07d32ab3bfd/execute/async - {"script":"<script> [776 bytes]","args":[{"enterText":"TA","selector":{"controlType":"sap.m.Input","viewName":"etm.portal.ui.manageyards.view.New","viewId":"application-manageyards-display-component---NewYard","bindingPath":{"path":"","propertyPath":"/AUART","modelName":"NewYardModel"},"interaction":{"idSuffix":"inner"}},"clearTextFirst":true,"interactionType":"ENTER_TEXT"}]}
RESULT: {"script":"<script> [776 bytes]","args":[{"enterText":"TA","selector":{"controlType":"sap.m.Input","viewName":"etm.portal.ui.manageyards.view.New","viewId":"application-manageyards-display-component---NewYard","bindingPath":{"path":"","propertyPath":"/AUART","modelName":"NewYardModel"},"interaction":{"idSuffix":"inner"}},"clearTextFirst":true,"interactionType":"ENTER_TEXT"}]}
COMMAND: POST /session/baa8cc8c703ae50a3cfee07d32ab3bfd/element - {"using":"xpath","value":"//button[@data-kt=\"newYardSaveButton\"]"}
RESULT: {"using":"xpath","value":"//button[@data-kt=\"newYardSaveButton\"]"}
COMMAND: POST /session/baa8cc8c703ae50a3cfee07d32ab3bfd/element/f.A7D77B31E8FD2DE6ABF8E388F5FFE54F.d.79510403C844A6AAFA7833CDED87BAA3.e.6987/click - {}
RESULT: {}
COMMAND: GET /session/baa8cc8c703ae50a3cfee07d32ab3bfd/screenshot - {}
RESULT: {}
COMMAND: POST /session/baa8cc8c703ae50a3cfee07d32ab3bfd/element - {"using":"xpath","value":"//header[contains(@id, 'ObjectPageLayout-headerTitle')]/div[1]/div[2]/div[1]/span[1]"}
RESULT: {"using":"xpath","value":"//header[contains(@id, 'ObjectPageLayout-headerTitle')]/div[1]/div[2]/div[1]/span[1]"}
COMMAND: POST /session/baa8cc8c703ae50a3cfee07d32ab3bfd/elements - {"using":"xpath","value":"//header[contains(@id, 'ObjectPageLayout-headerTitle')]/div[1]/div[2]/div[1]/span[1]"}
RESULT: {"using":"xpath","value":"//header[contains(@id, 'ObjectPageLayout-headerTitle')]/div[1]/div[2]/div[1]/span[1]"}
COMMAND: POST /session/baa8cc8c703ae50a3cfee07d32ab3bfd/execute/sync - {"script":"<script> [56 bytes]","args":[{"element-6066-11e4-a52e-4f735466cecf":"f.A7D77B31E8FD2DE6ABF8E388F5FFE54F.d.79510403C844A6AAFA7833CDED87BAA3.e.7282","ELEMENT":"f.A7D77B31E8FD2DE6ABF8E388F5FFE54F.d.79510403C844A6AAFA7833CDED87BAA3.e.7282"}]}
RESULT: {"script":"<script> [56 bytes]","args":[{"element-6066-11e4-a52e-4f735466cecf":"f.A7D77B31E8FD2DE6ABF8E388F5FFE54F.d.79510403C844A6AAFA7833CDED87BAA3.e.7282","ELEMENT":"f.A7D77B31E8FD2DE6ABF8E388F5FFE54F.d.79510403C844A6AAFA7833CDED87BAA3.e.7282"}]}
COMMAND: GET /session/baa8cc8c703ae50a3cfee07d32ab3bfd/screenshot - {}
RESULT: {}
COMMAND: POST /session/baa8cc8c703ae50a3cfee07d32ab3bfd/element - {"using":"css selector","value":"#shell-header-logo"}
RESULT: {"using":"css selector","value":"#shell-header-logo"}
COMMAND: POST /session/baa8cc8c703ae50a3cfee07d32ab3bfd/element/f.A7D77B31E8FD2DE6ABF8E388F5FFE54F.d.79510403C844A6AAFA7833CDED87BAA3.e.6543/click - {}
RESULT: {}
COMMAND: GET /session/baa8cc8c703ae50a3cfee07d32ab3bfd/screenshot - {}
RESULT: {}
COMMAND: POST /session/baa8cc8c703ae50a3cfee07d32ab3bfd/execute/sync - {"script":"<script> [299 bytes]","args":[["getModel","getResource"]]}
RESULT: {"script":"<script> [299 bytes]","args":[["getModel","getResource"]]}
COMMAND: GET /session/baa8cc8c703ae50a3cfee07d32ab3bfd/screenshot - {}
]]></system-out>
    </testcase>
    <testcase classname="chrome.135_0_7049_42.windows.Create_master_data_for_mixed_billing_&amp;_do_billing_calculation_US151661" name="Should create a new partner" time="108.25">
      <system-out><![CDATA[
COMMAND: POST /session/baa8cc8c703ae50a3cfee07d32ab3bfd/window/fullscreen - {}
RESULT: {}
RESULT: {}
COMMAND: POST /session/baa8cc8c703ae50a3cfee07d32ab3bfd/execute/async - {"script":"<script> [1562 bytes]","args":[{"selector":{"controlType":"sap.m.GenericTile","properties":{"header":"Manage Partners"}},"wdio_ui5_key":"sapm.GenericTile{\"header\":\"Manage Partners\"}"}]}
RESULT: {"script":"<script> [1562 bytes]","args":[{"selector":{"controlType":"sap.m.GenericTile","properties":{"header":"Manage Partners"}},"wdio_ui5_key":"sapm.GenericTile{\"header\":\"Manage Partners\"}"}]}
RESULT: undefined
COMMAND: POST /session/baa8cc8c703ae50a3cfee07d32ab3bfd/element - {"using":"xpath","value":"//*[@id=\"__tile38\"]"}
RESULT: {"using":"xpath","value":"//*[@id=\"__tile38\"]"}
COMMAND: POST /session/baa8cc8c703ae50a3cfee07d32ab3bfd/element/f.A7D77B31E8FD2DE6ABF8E388F5FFE54F.d.79510403C844A6AAFA7833CDED87BAA3.e.6431/click - {}
RESULT: {}
COMMAND: POST /session/baa8cc8c703ae50a3cfee07d32ab3bfd/element - {"using":"xpath","value":"//button[@data-kt=\"addButton\"]"}
COMMAND: GET /session/baa8cc8c703ae50a3cfee07d32ab3bfd/screenshot - {}
RESULT: {"using":"xpath","value":"//button[@data-kt=\"addButton\"]"}
COMMAND: POST /session/baa8cc8c703ae50a3cfee07d32ab3bfd/elements - {"using":"xpath","value":"//button[@data-kt=\"addButton\"]"}
RESULT: {}
RESULT: {"using":"xpath","value":"//button[@data-kt=\"addButton\"]"}
COMMAND: POST /session/baa8cc8c703ae50a3cfee07d32ab3bfd/elements - {"using":"xpath","value":"//button[@data-kt=\"addButton\"]"}
RESULT: {"using":"xpath","value":"//button[@data-kt=\"addButton\"]"}
COMMAND: POST /session/baa8cc8c703ae50a3cfee07d32ab3bfd/elements - {"using":"xpath","value":"//button[@data-kt=\"addButton\"]"}
RESULT: {"using":"xpath","value":"//button[@data-kt=\"addButton\"]"}
COMMAND: POST /session/baa8cc8c703ae50a3cfee07d32ab3bfd/element - {"using":"xpath","value":"//button[@data-kt=\"addButton\"]"}
RESULT: {"using":"xpath","value":"//button[@data-kt=\"addButton\"]"}
COMMAND: POST /session/baa8cc8c703ae50a3cfee07d32ab3bfd/execute/sync - {"script":"<script> [8489 bytes]","args":[{"element-6066-11e4-a52e-4f735466cecf":"f.A7D77B31E8FD2DE6ABF8E388F5FFE54F.d.79510403C844A6AAFA7833CDED87BAA3.e.7319","ELEMENT":"f.A7D77B31E8FD2DE6ABF8E388F5FFE54F.d.79510403C844A6AAFA7833CDED87BAA3.e.7319"}]}
RESULT: {"script":"<script> [8489 bytes]","args":[{"element-6066-11e4-a52e-4f735466cecf":"f.A7D77B31E8FD2DE6ABF8E388F5FFE54F.d.79510403C844A6AAFA7833CDED87BAA3.e.7319","ELEMENT":"f.A7D77B31E8FD2DE6ABF8E388F5FFE54F.d.79510403C844A6AAFA7833CDED87BAA3.e.7319"}]}
COMMAND: GET /session/baa8cc8c703ae50a3cfee07d32ab3bfd/element/f.A7D77B31E8FD2DE6ABF8E388F5FFE54F.d.79510403C844A6AAFA7833CDED87BAA3.e.7319/enabled - {}
COMMAND: GET /session/baa8cc8c703ae50a3cfee07d32ab3bfd/screenshot - {}
RESULT: {}
COMMAND: POST /session/baa8cc8c703ae50a3cfee07d32ab3bfd/execute/sync - {"script":"<script> [8489 bytes]","args":[{"element-6066-11e4-a52e-4f735466cecf":"f.A7D77B31E8FD2DE6ABF8E388F5FFE54F.d.79510403C844A6AAFA7833CDED87BAA3.e.7319","ELEMENT":"f.A7D77B31E8FD2DE6ABF8E388F5FFE54F.d.79510403C844A6AAFA7833CDED87BAA3.e.7319"}]}
COMMAND: GET /session/baa8cc8c703ae50a3cfee07d32ab3bfd/screenshot - {}
RESULT: {}
RESULT: {"script":"<script> [8489 bytes]","args":[{"element-6066-11e4-a52e-4f735466cecf":"f.A7D77B31E8FD2DE6ABF8E388F5FFE54F.d.79510403C844A6AAFA7833CDED87BAA3.e.7319","ELEMENT":"f.A7D77B31E8FD2DE6ABF8E388F5FFE54F.d.79510403C844A6AAFA7833CDED87BAA3.e.7319"}]}
COMMAND: POST /session/baa8cc8c703ae50a3cfee07d32ab3bfd/execute/sync - {"script":"<script> [5351 bytes]","args":[{"element-6066-11e4-a52e-4f735466cecf":"f.A7D77B31E8FD2DE6ABF8E388F5FFE54F.d.79510403C844A6AAFA7833CDED87BAA3.e.7319","ELEMENT":"f.A7D77B31E8FD2DE6ABF8E388F5FFE54F.d.79510403C844A6AAFA7833CDED87BAA3.e.7319"}]}
COMMAND: GET /session/baa8cc8c703ae50a3cfee07d32ab3bfd/screenshot - {}
RESULT: {}
RESULT: {"script":"<script> [5351 bytes]","args":[{"element-6066-11e4-a52e-4f735466cecf":"f.A7D77B31E8FD2DE6ABF8E388F5FFE54F.d.79510403C844A6AAFA7833CDED87BAA3.e.7319","ELEMENT":"f.A7D77B31E8FD2DE6ABF8E388F5FFE54F.d.79510403C844A6AAFA7833CDED87BAA3.e.7319"}]}
COMMAND: POST /session/baa8cc8c703ae50a3cfee07d32ab3bfd/element/f.A7D77B31E8FD2DE6ABF8E388F5FFE54F.d.79510403C844A6AAFA7833CDED87BAA3.e.7319/click - {}
COMMAND: GET /session/baa8cc8c703ae50a3cfee07d32ab3bfd/screenshot - {}
RESULT: {}
RESULT: {}
COMMAND: GET /session/baa8cc8c703ae50a3cfee07d32ab3bfd/screenshot - {}
COMMAND: POST /session/baa8cc8c703ae50a3cfee07d32ab3bfd/execute/async - {"script":"<script> [1562 bytes]","args":[{"selector":{"id":"application-managepartners-display-component---NewPartner--addressDetailDetailsName1","interaction":{"idSuffix":"inner"}},"wdio_ui5_key":"applicationmanagepartners-display-component---NewPartner--addressDetailDetailsName1"}]}
RESULT: {}
RESULT: {}
RESULT: {"script":"<script> [1562 bytes]","args":[{"selector":{"id":"application-managepartners-display-component---NewPartner--addressDetailDetailsName1","interaction":{"idSuffix":"inner"}},"wdio_ui5_key":"applicationmanagepartners-display-component---NewPartner--addressDetailDetailsName1"}]}
RESULT: undefined
COMMAND: POST /session/baa8cc8c703ae50a3cfee07d32ab3bfd/execute/async - {"script":"<script> [776 bytes]","args":[{"enterText":"Intercompany Partner WDIO","selector":{"id":"application-managepartners-display-component---NewPartner--addressDetailDetailsName1","interaction":{"idSuffix":"inner"}},"clearTextFirst":true,"interactionType":"ENTER_TEXT"}]}
RESULT: {"script":"<script> [776 bytes]","args":[{"enterText":"Intercompany Partner WDIO","selector":{"id":"application-managepartners-display-component---NewPartner--addressDetailDetailsName1","interaction":{"idSuffix":"inner"}},"clearTextFirst":true,"interactionType":"ENTER_TEXT"}]}
COMMAND: POST /session/baa8cc8c703ae50a3cfee07d32ab3bfd/execute/async - {"script":"<script> [1562 bytes]","args":[{"selector":{"id":"application-managepartners-display-component---NewPartner--addressDetailDetailsLanguage-arrow"},"wdio_ui5_key":"applicationmanagepartners-display-component---NewPartner--addressDetailDetailsLanguage-arrow"}]}
RESULT: {"script":"<script> [1562 bytes]","args":[{"selector":{"id":"application-managepartners-display-component---NewPartner--addressDetailDetailsLanguage-arrow"},"wdio_ui5_key":"applicationmanagepartners-display-component---NewPartner--addressDetailDetailsLanguage-arrow"}]}
RESULT: undefined
COMMAND: POST /session/baa8cc8c703ae50a3cfee07d32ab3bfd/element - {"using":"xpath","value":"//*[@id=\"application-managepartners-display-component---NewPartner--addressDetailDetailsLanguage-arrow\"]"}
RESULT: {"using":"xpath","value":"//*[@id=\"application-managepartners-display-component---NewPartner--addressDetailDetailsLanguage-arrow\"]"}
COMMAND: POST /session/baa8cc8c703ae50a3cfee07d32ab3bfd/element/f.A7D77B31E8FD2DE6ABF8E388F5FFE54F.d.79510403C844A6AAFA7833CDED87BAA3.e.7771/click - {}
RESULT: {}
COMMAND: POST /session/baa8cc8c703ae50a3cfee07d32ab3bfd/element - {"using":"xpath","value":"//span[contains(text(), \"English\")]"}
COMMAND: GET /session/baa8cc8c703ae50a3cfee07d32ab3bfd/screenshot - {}
RESULT: {"using":"xpath","value":"//span[contains(text(), \"English\")]"}
COMMAND: POST /session/baa8cc8c703ae50a3cfee07d32ab3bfd/element/f.A7D77B31E8FD2DE6ABF8E388F5FFE54F.d.79510403C844A6AAFA7833CDED87BAA3.e.7772/click - {}
RESULT: {}
RESULT: {}
COMMAND: GET /session/baa8cc8c703ae50a3cfee07d32ab3bfd/screenshot - {}
RESULT: {}
COMMAND: POST /session/baa8cc8c703ae50a3cfee07d32ab3bfd/execute/async - {"script":"<script> [1562 bytes]","args":[{"selector":{"id":"application-managepartners-display-component---NewPartner--addressDetailDetailsCity1","interaction":{"idSuffix":"inner"}},"wdio_ui5_key":"applicationmanagepartners-display-component---NewPartner--addressDetailDetailsCity1"}]}
RESULT: {"script":"<script> [1562 bytes]","args":[{"selector":{"id":"application-managepartners-display-component---NewPartner--addressDetailDetailsCity1","interaction":{"idSuffix":"inner"}},"wdio_ui5_key":"applicationmanagepartners-display-component---NewPartner--addressDetailDetailsCity1"}]}
RESULT: undefined
COMMAND: POST /session/baa8cc8c703ae50a3cfee07d32ab3bfd/execute/async - {"script":"<script> [776 bytes]","args":[{"enterText":"Rosario","selector":{"id":"application-managepartners-display-component---NewPartner--addressDetailDetailsCity1","interaction":{"idSuffix":"inner"}},"clearTextFirst":true,"interactionType":"ENTER_TEXT"}]}
RESULT: {"script":"<script> [776 bytes]","args":[{"enterText":"Rosario","selector":{"id":"application-managepartners-display-component---NewPartner--addressDetailDetailsCity1","interaction":{"idSuffix":"inner"}},"clearTextFirst":true,"interactionType":"ENTER_TEXT"}]}
COMMAND: POST /session/baa8cc8c703ae50a3cfee07d32ab3bfd/execute/async - {"script":"<script> [1562 bytes]","args":[{"selector":{"id":"application-managepartners-display-component---NewPartner--addressDetailDetailsCountry-arrow"},"wdio_ui5_key":"applicationmanagepartners-display-component---NewPartner--addressDetailDetailsCountry-arrow"}]}
RESULT: {"script":"<script> [1562 bytes]","args":[{"selector":{"id":"application-managepartners-display-component---NewPartner--addressDetailDetailsCountry-arrow"},"wdio_ui5_key":"applicationmanagepartners-display-component---NewPartner--addressDetailDetailsCountry-arrow"}]}
RESULT: undefined
COMMAND: POST /session/baa8cc8c703ae50a3cfee07d32ab3bfd/element - {"using":"xpath","value":"//*[@id=\"application-managepartners-display-component---NewPartner--addressDetailDetailsCountry-arrow\"]"}
RESULT: {"using":"xpath","value":"//*[@id=\"application-managepartners-display-component---NewPartner--addressDetailDetailsCountry-arrow\"]"}
COMMAND: POST /session/baa8cc8c703ae50a3cfee07d32ab3bfd/element/f.A7D77B31E8FD2DE6ABF8E388F5FFE54F.d.79510403C844A6AAFA7833CDED87BAA3.e.7757/click - {}
RESULT: {}
COMMAND: POST /session/baa8cc8c703ae50a3cfee07d32ab3bfd/element - {"using":"xpath","value":"//span[contains(text(), \"Argentina\")]"}
COMMAND: GET /session/baa8cc8c703ae50a3cfee07d32ab3bfd/screenshot - {}
RESULT: {"using":"xpath","value":"//span[contains(text(), \"Argentina\")]"}
COMMAND: POST /session/baa8cc8c703ae50a3cfee07d32ab3bfd/element/f.A7D77B31E8FD2DE6ABF8E388F5FFE54F.d.79510403C844A6AAFA7833CDED87BAA3.e.7774/click - {}
RESULT: {}
RESULT: {}
COMMAND: GET /session/baa8cc8c703ae50a3cfee07d32ab3bfd/screenshot - {}
RESULT: {}
COMMAND: POST /session/baa8cc8c703ae50a3cfee07d32ab3bfd/element - {"using":"xpath","value":"//bdi[contains(text(), \"Commercial\")]"}
RESULT: {"using":"xpath","value":"//bdi[contains(text(), \"Commercial\")]"}
COMMAND: POST /session/baa8cc8c703ae50a3cfee07d32ab3bfd/element/f.A7D77B31E8FD2DE6ABF8E388F5FFE54F.d.79510403C844A6AAFA7833CDED87BAA3.e.7775/click - {}
RESULT: {}
COMMAND: GET /session/baa8cc8c703ae50a3cfee07d32ab3bfd/screenshot - {}
RESULT: {}
COMMAND: POST /session/baa8cc8c703ae50a3cfee07d32ab3bfd/execute/async - {"script":"<script> [1562 bytes]","args":[{"selector":{"id":"application-managepartners-display-component---NewPartner--partnerDetailInternal-arrow"},"wdio_ui5_key":"applicationmanagepartners-display-component---NewPartner--partnerDetailInternal-arrow"}]}
RESULT: {"script":"<script> [1562 bytes]","args":[{"selector":{"id":"application-managepartners-display-component---NewPartner--partnerDetailInternal-arrow"},"wdio_ui5_key":"applicationmanagepartners-display-component---NewPartner--partnerDetailInternal-arrow"}]}
RESULT: undefined
COMMAND: POST /session/baa8cc8c703ae50a3cfee07d32ab3bfd/element - {"using":"xpath","value":"//*[@id=\"application-managepartners-display-component---NewPartner--partnerDetailInternal-arrow\"]"}
RESULT: {"using":"xpath","value":"//*[@id=\"application-managepartners-display-component---NewPartner--partnerDetailInternal-arrow\"]"}
COMMAND: POST /session/baa8cc8c703ae50a3cfee07d32ab3bfd/element/f.A7D77B31E8FD2DE6ABF8E388F5FFE54F.d.79510403C844A6AAFA7833CDED87BAA3.e.7781/click - {}
RESULT: {}
COMMAND: POST /session/baa8cc8c703ae50a3cfee07d32ab3bfd/element - {"using":"xpath","value":"//span[contains(text(), \"Affiliated company\")]"}
COMMAND: GET /session/baa8cc8c703ae50a3cfee07d32ab3bfd/screenshot - {}
RESULT: {}
RESULT: {"using":"xpath","value":"//span[contains(text(), \"Affiliated company\")]"}
COMMAND: POST /session/baa8cc8c703ae50a3cfee07d32ab3bfd/element/f.A7D77B31E8FD2DE6ABF8E388F5FFE54F.d.79510403C844A6AAFA7833CDED87BAA3.e.7782/click - {}
RESULT: {}
COMMAND: POST /session/baa8cc8c703ae50a3cfee07d32ab3bfd/execute/async - {"script":"<script> [1562 bytes]","args":[{"selector":{"id":"application-managepartners-display-component---NewPartner--partnerDetailsCurrency-arrow"},"wdio_ui5_key":"applicationmanagepartners-display-component---NewPartner--partnerDetailsCurrency-arrow"}]}
COMMAND: GET /session/baa8cc8c703ae50a3cfee07d32ab3bfd/screenshot - {}
RESULT: {"script":"<script> [1562 bytes]","args":[{"selector":{"id":"application-managepartners-display-component---NewPartner--partnerDetailsCurrency-arrow"},"wdio_ui5_key":"applicationmanagepartners-display-component---NewPartner--partnerDetailsCurrency-arrow"}]}
RESULT: undefined
COMMAND: POST /session/baa8cc8c703ae50a3cfee07d32ab3bfd/element - {"using":"xpath","value":"//*[@id=\"application-managepartners-display-component---NewPartner--partnerDetailsCurrency-arrow\"]"}
RESULT: {}
RESULT: {"using":"xpath","value":"//*[@id=\"application-managepartners-display-component---NewPartner--partnerDetailsCurrency-arrow\"]"}
COMMAND: POST /session/baa8cc8c703ae50a3cfee07d32ab3bfd/element/f.A7D77B31E8FD2DE6ABF8E388F5FFE54F.d.79510403C844A6AAFA7833CDED87BAA3.e.7789/click - {}
RESULT: {}
COMMAND: POST /session/baa8cc8c703ae50a3cfee07d32ab3bfd/element - {"using":"xpath","value":"//span[contains(text(), \"Euro\")]"}
COMMAND: GET /session/baa8cc8c703ae50a3cfee07d32ab3bfd/screenshot - {}
RESULT: {"using":"xpath","value":"//span[contains(text(), \"Euro\")]"}
COMMAND: POST /session/baa8cc8c703ae50a3cfee07d32ab3bfd/element/f.A7D77B31E8FD2DE6ABF8E388F5FFE54F.d.79510403C844A6AAFA7833CDED87BAA3.e.7790/click - {}
RESULT: {}
RESULT: {}
COMMAND: POST /session/baa8cc8c703ae50a3cfee07d32ab3bfd/execute/async - {"script":"<script> [1562 bytes]","args":[{"selector":{"id":"application-managepartners-display-component---NewPartner--addressEditDetailsCostObjectCstType-arrow"},"wdio_ui5_key":"applicationmanagepartners-display-component---NewPartner--addressEditDetailsCostObjectCstType-arrow"}]}
COMMAND: GET /session/baa8cc8c703ae50a3cfee07d32ab3bfd/screenshot - {}
RESULT: {"script":"<script> [1562 bytes]","args":[{"selector":{"id":"application-managepartners-display-component---NewPartner--addressEditDetailsCostObjectCstType-arrow"},"wdio_ui5_key":"applicationmanagepartners-display-component---NewPartner--addressEditDetailsCostObjectCstType-arrow"}]}
RESULT: undefined
COMMAND: POST /session/baa8cc8c703ae50a3cfee07d32ab3bfd/element - {"using":"xpath","value":"//*[@id=\"application-managepartners-display-component---NewPartner--addressEditDetailsCostObjectCstType-arrow\"]"}
RESULT: {}
RESULT: {"using":"xpath","value":"//*[@id=\"application-managepartners-display-component---NewPartner--addressEditDetailsCostObjectCstType-arrow\"]"}
COMMAND: POST /session/baa8cc8c703ae50a3cfee07d32ab3bfd/element/f.A7D77B31E8FD2DE6ABF8E388F5FFE54F.d.79510403C844A6AAFA7833CDED87BAA3.e.7791/click - {}
RESULT: {}
COMMAND: POST /session/baa8cc8c703ae50a3cfee07d32ab3bfd/element - {"using":"xpath","value":"//span[contains(text(), \"Cost Center\")]"}
COMMAND: GET /session/baa8cc8c703ae50a3cfee07d32ab3bfd/screenshot - {}
RESULT: {"using":"xpath","value":"//span[contains(text(), \"Cost Center\")]"}
COMMAND: POST /session/baa8cc8c703ae50a3cfee07d32ab3bfd/element/f.A7D77B31E8FD2DE6ABF8E388F5FFE54F.d.79510403C844A6AAFA7833CDED87BAA3.e.7792/click - {}
RESULT: {}
RESULT: {}
COMMAND: GET /session/baa8cc8c703ae50a3cfee07d32ab3bfd/screenshot - {}
RESULT: {}
COMMAND: POST /session/baa8cc8c703ae50a3cfee07d32ab3bfd/element - {"using":"xpath","value":"//span[@id=\"application-managepartners-display-component---NewPartner--addressNewCostObjectCstID-vhi\"]"}
RESULT: {"using":"xpath","value":"//span[@id=\"application-managepartners-display-component---NewPartner--addressNewCostObjectCstID-vhi\"]"}
COMMAND: POST /session/baa8cc8c703ae50a3cfee07d32ab3bfd/execute/sync - {"script":"<script> [8489 bytes]","args":[{"element-6066-11e4-a52e-4f735466cecf":"f.A7D77B31E8FD2DE6ABF8E388F5FFE54F.d.79510403C844A6AAFA7833CDED87BAA3.e.7795","ELEMENT":"f.A7D77B31E8FD2DE6ABF8E388F5FFE54F.d.79510403C844A6AAFA7833CDED87BAA3.e.7795"}]}
RESULT: {"script":"<script> [8489 bytes]","args":[{"element-6066-11e4-a52e-4f735466cecf":"f.A7D77B31E8FD2DE6ABF8E388F5FFE54F.d.79510403C844A6AAFA7833CDED87BAA3.e.7795","ELEMENT":"f.A7D77B31E8FD2DE6ABF8E388F5FFE54F.d.79510403C844A6AAFA7833CDED87BAA3.e.7795"}]}
COMMAND: POST /session/baa8cc8c703ae50a3cfee07d32ab3bfd/execute/async - {"script":"<script> [1562 bytes]","args":[{"selector":{"id":"application-managepartners-display-component---NewPartner--addressNewCostObjectCstID-vhi"},"wdio_ui5_key":"applicationmanagepartners-display-component---NewPartner--addressNewCostObjectCstID-vhi"}]}
COMMAND: GET /session/baa8cc8c703ae50a3cfee07d32ab3bfd/screenshot - {}
RESULT: {"script":"<script> [1562 bytes]","args":[{"selector":{"id":"application-managepartners-display-component---NewPartner--addressNewCostObjectCstID-vhi"},"wdio_ui5_key":"applicationmanagepartners-display-component---NewPartner--addressNewCostObjectCstID-vhi"}]}
RESULT: undefined
COMMAND: POST /session/baa8cc8c703ae50a3cfee07d32ab3bfd/element - {"using":"xpath","value":"//*[@id=\"application-managepartners-display-component---NewPartner--addressNewCostObjectCstID-vhi\"]"}
RESULT: {}
RESULT: {"using":"xpath","value":"//*[@id=\"application-managepartners-display-component---NewPartner--addressNewCostObjectCstID-vhi\"]"}
COMMAND: POST /session/baa8cc8c703ae50a3cfee07d32ab3bfd/element/f.A7D77B31E8FD2DE6ABF8E388F5FFE54F.d.79510403C844A6AAFA7833CDED87BAA3.e.7795/click - {}
RESULT: {}
COMMAND: GET /session/baa8cc8c703ae50a3cfee07d32ab3bfd/screenshot - {}
RESULT: {}
RESULT: undefined
COMMAND: POST /session/baa8cc8c703ae50a3cfee07d32ab3bfd/execute/async - {"script":"<script> [776 bytes]","args":[{"enterText":"10001013","selector":{"controlType":"sap.m.SearchField","properties":{"placeholder":"Search"},"searchOpenDialogs":true,"interaction":{"idSuffix":"I"}},"clearTextFirst":true,"interactionType":"ENTER_TEXT"}]}
RESULT: {"script":"<script> [776 bytes]","args":[{"enterText":"10001013","selector":{"controlType":"sap.m.SearchField","properties":{"placeholder":"Search"},"searchOpenDialogs":true,"interaction":{"idSuffix":"I"}},"clearTextFirst":true,"interactionType":"ENTER_TEXT"}]}
COMMAND: POST /session/baa8cc8c703ae50a3cfee07d32ab3bfd/actions - {"actions":[{"id":"action20","type":"key","parameters":{},"actions":[{"type":"keyDown","value":""},{"type":"pause","duration":10},{"type":"keyUp","value":""}]}]}
RESULT: {"actions":[{"id":"action20","type":"key","parameters":{},"actions":[{"type":"keyDown","value":""},{"type":"pause","duration":10},{"type":"keyUp","value":""}]}]}
COMMAND: GET /session/baa8cc8c703ae50a3cfee07d32ab3bfd/screenshot - {}
RESULT: {}
COMMAND: POST /session/baa8cc8c703ae50a3cfee07d32ab3bfd/element - {"using":"xpath","value":"//span[contains(text(), \"General Management\")]"}
RESULT: {"using":"xpath","value":"//span[contains(text(), \"General Management\")]"}
COMMAND: POST /session/baa8cc8c703ae50a3cfee07d32ab3bfd/element/f.A7D77B31E8FD2DE6ABF8E388F5FFE54F.d.79510403C844A6AAFA7833CDED87BAA3.e.7834/click - {}
RESULT: {}
COMMAND: GET /session/baa8cc8c703ae50a3cfee07d32ab3bfd/screenshot - {}
RESULT: {}
COMMAND: POST /session/baa8cc8c703ae50a3cfee07d32ab3bfd/element - {"using":"xpath","value":"//bdi[contains(text(), \"OK\")]"}
RESULT: {"using":"xpath","value":"//bdi[contains(text(), \"OK\")]"}
COMMAND: POST /session/baa8cc8c703ae50a3cfee07d32ab3bfd/element/f.A7D77B31E8FD2DE6ABF8E388F5FFE54F.d.79510403C844A6AAFA7833CDED87BAA3.e.7835/click - {}
RESULT: {}
COMMAND: GET /session/baa8cc8c703ae50a3cfee07d32ab3bfd/screenshot - {}
RESULT: {}
COMMAND: POST /session/baa8cc8c703ae50a3cfee07d32ab3bfd/element - {"using":"xpath","value":"//input[@id=\"application-managepartners-display-component---NewPartner--companyCodeComboBox-inner\"]"}
RESULT: {"using":"xpath","value":"//input[@id=\"application-managepartners-display-component---NewPartner--companyCodeComboBox-inner\"]"}
COMMAND: POST /session/baa8cc8c703ae50a3cfee07d32ab3bfd/element/f.A7D77B31E8FD2DE6ABF8E388F5FFE54F.d.79510403C844A6AAFA7833CDED87BAA3.e.7630/clear - {}
RESULT: {}
COMMAND: POST /session/baa8cc8c703ae50a3cfee07d32ab3bfd/element/f.A7D77B31E8FD2DE6ABF8E388F5FFE54F.d.79510403C844A6AAFA7833CDED87BAA3.e.7630/value - {"text":"C002"}
COMMAND: GET /session/baa8cc8c703ae50a3cfee07d32ab3bfd/screenshot - {}
RESULT: {"text":"C002"}
COMMAND: GET /session/baa8cc8c703ae50a3cfee07d32ab3bfd/screenshot - {}
RESULT: {}
RESULT: {}
COMMAND: POST /session/baa8cc8c703ae50a3cfee07d32ab3bfd/element - {"using":"xpath","value":"//span[contains(text(), \"C002\")]"}
RESULT: {"using":"xpath","value":"//span[contains(text(), \"C002\")]"}
COMMAND: POST /session/baa8cc8c703ae50a3cfee07d32ab3bfd/element/f.A7D77B31E8FD2DE6ABF8E388F5FFE54F.d.79510403C844A6AAFA7833CDED87BAA3.e.7841/click - {}
RESULT: {}
COMMAND: GET /session/baa8cc8c703ae50a3cfee07d32ab3bfd/screenshot - {}
RESULT: {}
COMMAND: POST /session/baa8cc8c703ae50a3cfee07d32ab3bfd/execute/async - {"script":"<script> [1562 bytes]","args":[{"selector":{"id":"application-managepartners-display-component---NewPartner--btnAddTableRow-img"},"wdio_ui5_key":"applicationmanagepartners-display-component---NewPartner--btnAddTableRow-img"}]}
RESULT: {"script":"<script> [1562 bytes]","args":[{"selector":{"id":"application-managepartners-display-component---NewPartner--btnAddTableRow-img"},"wdio_ui5_key":"applicationmanagepartners-display-component---NewPartner--btnAddTableRow-img"}]}
RESULT: undefined
COMMAND: POST /session/baa8cc8c703ae50a3cfee07d32ab3bfd/element - {"using":"xpath","value":"//*[@id=\"application-managepartners-display-component---NewPartner--btnAddTableRow-img\"]"}
RESULT: {"using":"xpath","value":"//*[@id=\"application-managepartners-display-component---NewPartner--btnAddTableRow-img\"]"}
COMMAND: POST /session/baa8cc8c703ae50a3cfee07d32ab3bfd/element/f.A7D77B31E8FD2DE6ABF8E388F5FFE54F.d.79510403C844A6AAFA7833CDED87BAA3.e.7842/click - {}
RESULT: {}
COMMAND: GET /session/baa8cc8c703ae50a3cfee07d32ab3bfd/screenshot - {}
RESULT: {}
COMMAND: POST /session/baa8cc8c703ae50a3cfee07d32ab3bfd/element - {"using":"xpath","value":"//input[@id=\"application-managepartners-display-component---NewPartner--assignmentYard-application-managepartners-display-component---NewPartner--assignmentsTable-0-inner\"]"}
RESULT: {"using":"xpath","value":"//input[@id=\"application-managepartners-display-component---NewPartner--assignmentYard-application-managepartners-display-component---NewPartner--assignmentsTable-0-inner\"]"}
COMMAND: POST /session/baa8cc8c703ae50a3cfee07d32ab3bfd/element/f.A7D77B31E8FD2DE6ABF8E388F5FFE54F.d.79510403C844A6AAFA7833CDED87BAA3.e.7845/clear - {}
RESULT: {}
COMMAND: POST /session/baa8cc8c703ae50a3cfee07d32ab3bfd/element/f.A7D77B31E8FD2DE6ABF8E388F5FFE54F.d.79510403C844A6AAFA7833CDED87BAA3.e.7845/value - {"text":"706"}
COMMAND: GET /session/baa8cc8c703ae50a3cfee07d32ab3bfd/screenshot - {}
RESULT: {"text":"706"}
COMMAND: GET /session/baa8cc8c703ae50a3cfee07d32ab3bfd/screenshot - {}
RESULT: {}
RESULT: {}
COMMAND: POST /session/baa8cc8c703ae50a3cfee07d32ab3bfd/element - {"using":"xpath","value":"//li[.//span[text()='706']]"}
RESULT: {"using":"xpath","value":"//li[.//span[text()='706']]"}
COMMAND: POST /session/baa8cc8c703ae50a3cfee07d32ab3bfd/element/f.A7D77B31E8FD2DE6ABF8E388F5FFE54F.d.79510403C844A6AAFA7833CDED87BAA3.e.7854/click - {}
RESULT: {}
COMMAND: GET /session/baa8cc8c703ae50a3cfee07d32ab3bfd/screenshot - {}
RESULT: {}
COMMAND: POST /session/baa8cc8c703ae50a3cfee07d32ab3bfd/actions - {"actions":[{"id":"action21","type":"key","parameters":{},"actions":[{"type":"keyDown","value":""},{"type":"pause","duration":10},{"type":"keyUp","value":""}]}]}
RESULT: {"actions":[{"id":"action21","type":"key","parameters":{},"actions":[{"type":"keyDown","value":""},{"type":"pause","duration":10},{"type":"keyUp","value":""}]}]}
COMMAND: POST /session/baa8cc8c703ae50a3cfee07d32ab3bfd/execute/async - {"script":"<script> [1562 bytes]","args":[{"selector":{"id":"application-managepartners-display-component---NewPartner--externalCustomerComboBox-application-managepartners-display-component---NewPartner--assignmentsTable-0-vhi"},"wdio_ui5_key":"applicationmanagepartners-display-component---NewPartner--externalCustomerComboBox-application-managepartners-display-component---NewPartner--assignmentsTable-0-vhi"}]}
COMMAND: GET /session/baa8cc8c703ae50a3cfee07d32ab3bfd/screenshot - {}
RESULT: {"script":"<script> [1562 bytes]","args":[{"selector":{"id":"application-managepartners-display-component---NewPartner--externalCustomerComboBox-application-managepartners-display-component---NewPartner--assignmentsTable-0-vhi"},"wdio_ui5_key":"applicationmanagepartners-display-component---NewPartner--externalCustomerComboBox-application-managepartners-display-component---NewPartner--assignmentsTable-0-vhi"}]}
RESULT: undefined
COMMAND: POST /session/baa8cc8c703ae50a3cfee07d32ab3bfd/element - {"using":"xpath","value":"//*[@id=\"application-managepartners-display-component---NewPartner--externalCustomerComboBox-application-managepartners-display-component---NewPartner--assignmentsTable-0-vhi\"]"}
RESULT: {}
RESULT: {"using":"xpath","value":"//*[@id=\"application-managepartners-display-component---NewPartner--externalCustomerComboBox-application-managepartners-display-component---NewPartner--assignmentsTable-0-vhi\"]"}
COMMAND: POST /session/baa8cc8c703ae50a3cfee07d32ab3bfd/element/f.A7D77B31E8FD2DE6ABF8E388F5FFE54F.d.79510403C844A6AAFA7833CDED87BAA3.e.7858/click - {}
RESULT: {}
RESULT: undefined
COMMAND: POST /session/baa8cc8c703ae50a3cfee07d32ab3bfd/execute/async - {"script":"<script> [776 bytes]","args":[{"enterText":"300003","selector":{"controlType":"sap.m.SearchField","properties":{"placeholder":"Search"},"searchOpenDialogs":true,"interaction":{"idSuffix":"I"}},"clearTextFirst":true,"interactionType":"ENTER_TEXT"}]}
COMMAND: GET /session/baa8cc8c703ae50a3cfee07d32ab3bfd/screenshot - {}
RESULT: {"script":"<script> [776 bytes]","args":[{"enterText":"300003","selector":{"controlType":"sap.m.SearchField","properties":{"placeholder":"Search"},"searchOpenDialogs":true,"interaction":{"idSuffix":"I"}},"clearTextFirst":true,"interactionType":"ENTER_TEXT"}]}
COMMAND: POST /session/baa8cc8c703ae50a3cfee07d32ab3bfd/actions - {"actions":[{"id":"action22","type":"key","parameters":{},"actions":[{"type":"keyDown","value":""},{"type":"pause","duration":10},{"type":"keyUp","value":""}]}]}
RESULT: {}
RESULT: {"actions":[{"id":"action22","type":"key","parameters":{},"actions":[{"type":"keyDown","value":""},{"type":"pause","duration":10},{"type":"keyUp","value":""}]}]}
COMMAND: GET /session/baa8cc8c703ae50a3cfee07d32ab3bfd/screenshot - {}
RESULT: {}
COMMAND: POST /session/baa8cc8c703ae50a3cfee07d32ab3bfd/element - {"using":"xpath","value":"//span[contains(text(), \"300003\")]"}
RESULT: {"using":"xpath","value":"//span[contains(text(), \"300003\")]"}
COMMAND: POST /session/baa8cc8c703ae50a3cfee07d32ab3bfd/element/f.A7D77B31E8FD2DE6ABF8E388F5FFE54F.d.79510403C844A6AAFA7833CDED87BAA3.e.7876/click - {}
RESULT: {}
COMMAND: GET /session/baa8cc8c703ae50a3cfee07d32ab3bfd/screenshot - {}
RESULT: {}
COMMAND: POST /session/baa8cc8c703ae50a3cfee07d32ab3bfd/element - {"using":"xpath","value":"//bdi[contains(text(), \"OK\")]"}
RESULT: {"using":"xpath","value":"//bdi[contains(text(), \"OK\")]"}
COMMAND: POST /session/baa8cc8c703ae50a3cfee07d32ab3bfd/element/f.A7D77B31E8FD2DE6ABF8E388F5FFE54F.d.79510403C844A6AAFA7833CDED87BAA3.e.7878/click - {}
RESULT: {}
COMMAND: GET /session/baa8cc8c703ae50a3cfee07d32ab3bfd/screenshot - {}
RESULT: {}
COMMAND: POST /session/baa8cc8c703ae50a3cfee07d32ab3bfd/execute/async - {"script":"<script> [1562 bytes]","args":[{"selector":{"id":"application-managepartners-display-component---NewPartner--intercompVendorComboBox-application-managepartners-display-component---NewPartner--assignmentsTable-0-vhi"},"wdio_ui5_key":"applicationmanagepartners-display-component---NewPartner--intercompVendorComboBox-application-managepartners-display-component---NewPartner--assignmentsTable-0-vhi"}]}
RESULT: {"script":"<script> [1562 bytes]","args":[{"selector":{"id":"application-managepartners-display-component---NewPartner--intercompVendorComboBox-application-managepartners-display-component---NewPartner--assignmentsTable-0-vhi"},"wdio_ui5_key":"applicationmanagepartners-display-component---NewPartner--intercompVendorComboBox-application-managepartners-display-component---NewPartner--assignmentsTable-0-vhi"}]}
RESULT: undefined
COMMAND: POST /session/baa8cc8c703ae50a3cfee07d32ab3bfd/element - {"using":"xpath","value":"//*[@id=\"application-managepartners-display-component---NewPartner--intercompVendorComboBox-application-managepartners-display-component---NewPartner--assignmentsTable-0-vhi\"]"}
RESULT: {"using":"xpath","value":"//*[@id=\"application-managepartners-display-component---NewPartner--intercompVendorComboBox-application-managepartners-display-component---NewPartner--assignmentsTable-0-vhi\"]"}
COMMAND: POST /session/baa8cc8c703ae50a3cfee07d32ab3bfd/element/f.A7D77B31E8FD2DE6ABF8E388F5FFE54F.d.79510403C844A6AAFA7833CDED87BAA3.e.7881/click - {}
RESULT: {}
RESULT: undefined
COMMAND: POST /session/baa8cc8c703ae50a3cfee07d32ab3bfd/execute/async - {"script":"<script> [776 bytes]","args":[{"enterText":"100005","selector":{"controlType":"sap.m.SearchField","properties":{"placeholder":"Search"},"searchOpenDialogs":true,"interaction":{"idSuffix":"I"}},"clearTextFirst":true,"interactionType":"ENTER_TEXT"}]}
COMMAND: GET /session/baa8cc8c703ae50a3cfee07d32ab3bfd/screenshot - {}
RESULT: {"script":"<script> [776 bytes]","args":[{"enterText":"100005","selector":{"controlType":"sap.m.SearchField","properties":{"placeholder":"Search"},"searchOpenDialogs":true,"interaction":{"idSuffix":"I"}},"clearTextFirst":true,"interactionType":"ENTER_TEXT"}]}
COMMAND: POST /session/baa8cc8c703ae50a3cfee07d32ab3bfd/actions - {"actions":[{"id":"action23","type":"key","parameters":{},"actions":[{"type":"keyDown","value":""},{"type":"pause","duration":10},{"type":"keyUp","value":""}]}]}
RESULT: {}
RESULT: {"actions":[{"id":"action23","type":"key","parameters":{},"actions":[{"type":"keyDown","value":""},{"type":"pause","duration":10},{"type":"keyUp","value":""}]}]}
COMMAND: GET /session/baa8cc8c703ae50a3cfee07d32ab3bfd/screenshot - {}
RESULT: {}
COMMAND: POST /session/baa8cc8c703ae50a3cfee07d32ab3bfd/element - {"using":"xpath","value":"//span[contains(text(), \"Penguins - Field/12345 Berlin\")]"}
RESULT: {"using":"xpath","value":"//span[contains(text(), \"Penguins - Field/12345 Berlin\")]"}
COMMAND: POST /session/baa8cc8c703ae50a3cfee07d32ab3bfd/element/f.A7D77B31E8FD2DE6ABF8E388F5FFE54F.d.79510403C844A6AAFA7833CDED87BAA3.e.7900/click - {}
RESULT: {}
COMMAND: GET /session/baa8cc8c703ae50a3cfee07d32ab3bfd/screenshot - {}
RESULT: {}
COMMAND: POST /session/baa8cc8c703ae50a3cfee07d32ab3bfd/element - {"using":"xpath","value":"//bdi[contains(text(), \"OK\")]"}
RESULT: {"using":"xpath","value":"//bdi[contains(text(), \"OK\")]"}
COMMAND: POST /session/baa8cc8c703ae50a3cfee07d32ab3bfd/element/f.A7D77B31E8FD2DE6ABF8E388F5FFE54F.d.79510403C844A6AAFA7833CDED87BAA3.e.7901/click - {}
RESULT: {}
COMMAND: GET /session/baa8cc8c703ae50a3cfee07d32ab3bfd/screenshot - {}
RESULT: {}
COMMAND: POST /session/baa8cc8c703ae50a3cfee07d32ab3bfd/element - {"using":"xpath","value":"//button[@data-kt=\"saveButton\"]"}
RESULT: {"using":"xpath","value":"//button[@data-kt=\"saveButton\"]"}
COMMAND: POST /session/baa8cc8c703ae50a3cfee07d32ab3bfd/element/f.A7D77B31E8FD2DE6ABF8E388F5FFE54F.d.79510403C844A6AAFA7833CDED87BAA3.e.7685/click - {}
RESULT: {}
COMMAND: GET /session/baa8cc8c703ae50a3cfee07d32ab3bfd/screenshot - {}
RESULT: {}
COMMAND: POST /session/baa8cc8c703ae50a3cfee07d32ab3bfd/element - {"using":"xpath","value":"//header[contains(@id, 'ObjectPageLayout-headerTitle')]/div[1]/div[2]/div[2]/span[1]"}
RESULT: {"using":"xpath","value":"//header[contains(@id, 'ObjectPageLayout-headerTitle')]/div[1]/div[2]/div[2]/span[1]"}
COMMAND: POST /session/baa8cc8c703ae50a3cfee07d32ab3bfd/elements - {"using":"xpath","value":"//header[contains(@id, 'ObjectPageLayout-headerTitle')]/div[1]/div[2]/div[2]/span[1]"}
RESULT: {"using":"xpath","value":"//header[contains(@id, 'ObjectPageLayout-headerTitle')]/div[1]/div[2]/div[2]/span[1]"}
COMMAND: POST /session/baa8cc8c703ae50a3cfee07d32ab3bfd/execute/sync - {"script":"<script> [56 bytes]","args":[{"element-6066-11e4-a52e-4f735466cecf":"f.A7D77B31E8FD2DE6ABF8E388F5FFE54F.d.79510403C844A6AAFA7833CDED87BAA3.e.8067","ELEMENT":"f.A7D77B31E8FD2DE6ABF8E388F5FFE54F.d.79510403C844A6AAFA7833CDED87BAA3.e.8067"}]}
RESULT: {"script":"<script> [56 bytes]","args":[{"element-6066-11e4-a52e-4f735466cecf":"f.A7D77B31E8FD2DE6ABF8E388F5FFE54F.d.79510403C844A6AAFA7833CDED87BAA3.e.8067","ELEMENT":"f.A7D77B31E8FD2DE6ABF8E388F5FFE54F.d.79510403C844A6AAFA7833CDED87BAA3.e.8067"}]}
COMMAND: POST /session/baa8cc8c703ae50a3cfee07d32ab3bfd/element - {"using":"css selector","value":"#shell-header-logo"}
COMMAND: GET /session/baa8cc8c703ae50a3cfee07d32ab3bfd/screenshot - {}
RESULT: {"using":"css selector","value":"#shell-header-logo"}
COMMAND: POST /session/baa8cc8c703ae50a3cfee07d32ab3bfd/element/f.A7D77B31E8FD2DE6ABF8E388F5FFE54F.d.79510403C844A6AAFA7833CDED87BAA3.e.7286/click - {}
RESULT: {}
RESULT: {}
COMMAND: GET /session/baa8cc8c703ae50a3cfee07d32ab3bfd/screenshot - {}
RESULT: {}
COMMAND: POST /session/baa8cc8c703ae50a3cfee07d32ab3bfd/execute/sync - {"script":"<script> [299 bytes]","args":[["getModel","getResource"]]}
RESULT: {"script":"<script> [299 bytes]","args":[["getModel","getResource"]]}
]]></system-out>
    </testcase>
    <testcase classname="chrome.135_0_7049_42.windows.Create_master_data_for_mixed_billing_&amp;_do_billing_calculation_US151661" name="Should create a new site" time="122.995">
      <system-out><![CDATA[
COMMAND: POST /session/baa8cc8c703ae50a3cfee07d32ab3bfd/execute/async - {"script":"<script> [1562 bytes]","args":[{"selector":{"controlType":"sap.m.TileContent","bindingPath":{"path":"","propertyPath":"/properties/info"},"ancestor":{"controlType":"sap.m.GenericTile","properties":{"header":"Manage Sites"}}},"wdio_ui5_key":"sapm.TileContent{\"path\":\"\",\"propertyPath\":\"/properties/info\"}{\"controlType\":\"sap.m.GenericTile\",\"properties\":{\"header\":\"Manage Sites\"}}"}]}
COMMAND: GET /session/baa8cc8c703ae50a3cfee07d32ab3bfd/screenshot - {}
RESULT: {"script":"<script> [1562 bytes]","args":[{"selector":{"controlType":"sap.m.TileContent","bindingPath":{"path":"","propertyPath":"/properties/info"},"ancestor":{"controlType":"sap.m.GenericTile","properties":{"header":"Manage Sites"}}},"wdio_ui5_key":"sapm.TileContent{\"path\":\"\",\"propertyPath\":\"/properties/info\"}{\"controlType\":\"sap.m.GenericTile\",\"properties\":{\"header\":\"Manage Sites\"}}"}]}
RESULT: undefined
COMMAND: POST /session/baa8cc8c703ae50a3cfee07d32ab3bfd/element - {"using":"xpath","value":"//*[@id=\"__xmlview7--numericTileContent\"]"}
RESULT: {}
RESULT: {"using":"xpath","value":"//*[@id=\"__xmlview7--numericTileContent\"]"}
COMMAND: POST /session/baa8cc8c703ae50a3cfee07d32ab3bfd/element/f.A7D77B31E8FD2DE6ABF8E388F5FFE54F.d.79510403C844A6AAFA7833CDED87BAA3.e.8069/click - {}
RESULT: {}
COMMAND: POST /session/baa8cc8c703ae50a3cfee07d32ab3bfd/element - {"using":"xpath","value":"//button[@data-kt=\"addOverflowToolbarButton\"]"}
COMMAND: GET /session/baa8cc8c703ae50a3cfee07d32ab3bfd/screenshot - {}
RESULT: {"using":"xpath","value":"//button[@data-kt=\"addOverflowToolbarButton\"]"}
COMMAND: POST /session/baa8cc8c703ae50a3cfee07d32ab3bfd/elements - {"using":"xpath","value":"//button[@data-kt=\"addOverflowToolbarButton\"]"}
RESULT: {}
RESULT: {"using":"xpath","value":"//button[@data-kt=\"addOverflowToolbarButton\"]"}
COMMAND: POST /session/baa8cc8c703ae50a3cfee07d32ab3bfd/element - {"using":"xpath","value":"//button[@data-kt=\"addOverflowToolbarButton\"]"}
RESULT: {"using":"xpath","value":"//button[@data-kt=\"addOverflowToolbarButton\"]"}
COMMAND: POST /session/baa8cc8c703ae50a3cfee07d32ab3bfd/execute/sync - {"script":"<script> [8489 bytes]","args":[{"element-6066-11e4-a52e-4f735466cecf":"f.A7D77B31E8FD2DE6ABF8E388F5FFE54F.d.79510403C844A6AAFA7833CDED87BAA3.e.8114","ELEMENT":"f.A7D77B31E8FD2DE6ABF8E388F5FFE54F.d.79510403C844A6AAFA7833CDED87BAA3.e.8114"}]}
RESULT: {"script":"<script> [8489 bytes]","args":[{"element-6066-11e4-a52e-4f735466cecf":"f.A7D77B31E8FD2DE6ABF8E388F5FFE54F.d.79510403C844A6AAFA7833CDED87BAA3.e.8114","ELEMENT":"f.A7D77B31E8FD2DE6ABF8E388F5FFE54F.d.79510403C844A6AAFA7833CDED87BAA3.e.8114"}]}
COMMAND: GET /session/baa8cc8c703ae50a3cfee07d32ab3bfd/element/f.A7D77B31E8FD2DE6ABF8E388F5FFE54F.d.79510403C844A6AAFA7833CDED87BAA3.e.8114/enabled - {}
COMMAND: GET /session/baa8cc8c703ae50a3cfee07d32ab3bfd/screenshot - {}
RESULT: {}
COMMAND: POST /session/baa8cc8c703ae50a3cfee07d32ab3bfd/execute/sync - {"script":"<script> [8489 bytes]","args":[{"element-6066-11e4-a52e-4f735466cecf":"f.A7D77B31E8FD2DE6ABF8E388F5FFE54F.d.79510403C844A6AAFA7833CDED87BAA3.e.8114","ELEMENT":"f.A7D77B31E8FD2DE6ABF8E388F5FFE54F.d.79510403C844A6AAFA7833CDED87BAA3.e.8114"}]}
COMMAND: GET /session/baa8cc8c703ae50a3cfee07d32ab3bfd/screenshot - {}
RESULT: {}
RESULT: {"script":"<script> [8489 bytes]","args":[{"element-6066-11e4-a52e-4f735466cecf":"f.A7D77B31E8FD2DE6ABF8E388F5FFE54F.d.79510403C844A6AAFA7833CDED87BAA3.e.8114","ELEMENT":"f.A7D77B31E8FD2DE6ABF8E388F5FFE54F.d.79510403C844A6AAFA7833CDED87BAA3.e.8114"}]}
COMMAND: POST /session/baa8cc8c703ae50a3cfee07d32ab3bfd/execute/sync - {"script":"<script> [5351 bytes]","args":[{"element-6066-11e4-a52e-4f735466cecf":"f.A7D77B31E8FD2DE6ABF8E388F5FFE54F.d.79510403C844A6AAFA7833CDED87BAA3.e.8114","ELEMENT":"f.A7D77B31E8FD2DE6ABF8E388F5FFE54F.d.79510403C844A6AAFA7833CDED87BAA3.e.8114"}]}
COMMAND: GET /session/baa8cc8c703ae50a3cfee07d32ab3bfd/screenshot - {}
RESULT: {}
RESULT: {"script":"<script> [5351 bytes]","args":[{"element-6066-11e4-a52e-4f735466cecf":"f.A7D77B31E8FD2DE6ABF8E388F5FFE54F.d.79510403C844A6AAFA7833CDED87BAA3.e.8114","ELEMENT":"f.A7D77B31E8FD2DE6ABF8E388F5FFE54F.d.79510403C844A6AAFA7833CDED87BAA3.e.8114"}]}
COMMAND: POST /session/baa8cc8c703ae50a3cfee07d32ab3bfd/element/f.A7D77B31E8FD2DE6ABF8E388F5FFE54F.d.79510403C844A6AAFA7833CDED87BAA3.e.8114/click - {}
COMMAND: GET /session/baa8cc8c703ae50a3cfee07d32ab3bfd/screenshot - {}
RESULT: {}
RESULT: {}
COMMAND: GET /session/baa8cc8c703ae50a3cfee07d32ab3bfd/screenshot - {}
RESULT: {}
COMMAND: POST /session/baa8cc8c703ae50a3cfee07d32ab3bfd/execute/async - {"script":"<script> [1562 bytes]","args":[{"selector":{"id":"application-managesites-display-component---NewSite--addressDetailDetailsName1","interaction":{"idSuffix":"inner"}},"wdio_ui5_key":"applicationmanagesites-display-component---NewSite--addressDetailDetailsName1"}]}
RESULT: {}
RESULT: {"script":"<script> [1562 bytes]","args":[{"selector":{"id":"application-managesites-display-component---NewSite--addressDetailDetailsName1","interaction":{"idSuffix":"inner"}},"wdio_ui5_key":"applicationmanagesites-display-component---NewSite--addressDetailDetailsName1"}]}
RESULT: undefined
COMMAND: POST /session/baa8cc8c703ae50a3cfee07d32ab3bfd/execute/async - {"script":"<script> [776 bytes]","args":[{"enterText":"Intercompany Site wdIO","selector":{"id":"application-managesites-display-component---NewSite--addressDetailDetailsName1","interaction":{"idSuffix":"inner"}},"clearTextFirst":true,"interactionType":"ENTER_TEXT"}]}
RESULT: {"script":"<script> [776 bytes]","args":[{"enterText":"Intercompany Site wdIO","selector":{"id":"application-managesites-display-component---NewSite--addressDetailDetailsName1","interaction":{"idSuffix":"inner"}},"clearTextFirst":true,"interactionType":"ENTER_TEXT"}]}
COMMAND: POST /session/baa8cc8c703ae50a3cfee07d32ab3bfd/execute/async - {"script":"<script> [1562 bytes]","args":[{"selector":{"id":"application-managesites-display-component---NewSite--addressDetailDetailsLanguage-arrow"},"wdio_ui5_key":"applicationmanagesites-display-component---NewSite--addressDetailDetailsLanguage-arrow"}]}
RESULT: {"script":"<script> [1562 bytes]","args":[{"selector":{"id":"application-managesites-display-component---NewSite--addressDetailDetailsLanguage-arrow"},"wdio_ui5_key":"applicationmanagesites-display-component---NewSite--addressDetailDetailsLanguage-arrow"}]}
RESULT: undefined
COMMAND: POST /session/baa8cc8c703ae50a3cfee07d32ab3bfd/element - {"using":"xpath","value":"//*[@id=\"application-managesites-display-component---NewSite--addressDetailDetailsLanguage-arrow\"]"}
RESULT: {"using":"xpath","value":"//*[@id=\"application-managesites-display-component---NewSite--addressDetailDetailsLanguage-arrow\"]"}
COMMAND: POST /session/baa8cc8c703ae50a3cfee07d32ab3bfd/element/f.A7D77B31E8FD2DE6ABF8E388F5FFE54F.d.79510403C844A6AAFA7833CDED87BAA3.e.8727/click - {}
RESULT: {}
COMMAND: POST /session/baa8cc8c703ae50a3cfee07d32ab3bfd/element - {"using":"xpath","value":"//span[contains(text(), \"English\")]"}
COMMAND: GET /session/baa8cc8c703ae50a3cfee07d32ab3bfd/screenshot - {}
RESULT: {"using":"xpath","value":"//span[contains(text(), \"English\")]"}
COMMAND: POST /session/baa8cc8c703ae50a3cfee07d32ab3bfd/element/f.A7D77B31E8FD2DE6ABF8E388F5FFE54F.d.79510403C844A6AAFA7833CDED87BAA3.e.8728/click - {}
RESULT: {}
RESULT: {}
COMMAND: POST /session/baa8cc8c703ae50a3cfee07d32ab3bfd/execute/async - {"script":"<script> [1562 bytes]","args":[{"selector":{"id":"application-managesites-display-component---NewSite--addressDetailDetailsCity1","interaction":{"idSuffix":"inner"}},"wdio_ui5_key":"applicationmanagesites-display-component---NewSite--addressDetailDetailsCity1"}]}
COMMAND: GET /session/baa8cc8c703ae50a3cfee07d32ab3bfd/screenshot - {}
RESULT: {"script":"<script> [1562 bytes]","args":[{"selector":{"id":"application-managesites-display-component---NewSite--addressDetailDetailsCity1","interaction":{"idSuffix":"inner"}},"wdio_ui5_key":"applicationmanagesites-display-component---NewSite--addressDetailDetailsCity1"}]}
RESULT: undefined
COMMAND: POST /session/baa8cc8c703ae50a3cfee07d32ab3bfd/execute/async - {"script":"<script> [776 bytes]","args":[{"enterText":"Rosario","selector":{"id":"application-managesites-display-component---NewSite--addressDetailDetailsCity1","interaction":{"idSuffix":"inner"}},"clearTextFirst":true,"interactionType":"ENTER_TEXT"}]}
RESULT: {}
RESULT: {"script":"<script> [776 bytes]","args":[{"enterText":"Rosario","selector":{"id":"application-managesites-display-component---NewSite--addressDetailDetailsCity1","interaction":{"idSuffix":"inner"}},"clearTextFirst":true,"interactionType":"ENTER_TEXT"}]}
COMMAND: POST /session/baa8cc8c703ae50a3cfee07d32ab3bfd/execute/async - {"script":"<script> [1562 bytes]","args":[{"selector":{"id":"application-managesites-display-component---NewSite--addressDetailDetailsCountry-arrow"},"wdio_ui5_key":"applicationmanagesites-display-component---NewSite--addressDetailDetailsCountry-arrow"}]}
RESULT: {"script":"<script> [1562 bytes]","args":[{"selector":{"id":"application-managesites-display-component---NewSite--addressDetailDetailsCountry-arrow"},"wdio_ui5_key":"applicationmanagesites-display-component---NewSite--addressDetailDetailsCountry-arrow"}]}
RESULT: undefined
COMMAND: POST /session/baa8cc8c703ae50a3cfee07d32ab3bfd/element - {"using":"xpath","value":"//*[@id=\"application-managesites-display-component---NewSite--addressDetailDetailsCountry-arrow\"]"}
RESULT: {"using":"xpath","value":"//*[@id=\"application-managesites-display-component---NewSite--addressDetailDetailsCountry-arrow\"]"}
COMMAND: POST /session/baa8cc8c703ae50a3cfee07d32ab3bfd/element/f.A7D77B31E8FD2DE6ABF8E388F5FFE54F.d.79510403C844A6AAFA7833CDED87BAA3.e.8730/click - {}
RESULT: {}
COMMAND: POST /session/baa8cc8c703ae50a3cfee07d32ab3bfd/element - {"using":"xpath","value":"//span[contains(text(), \"Argentina\")]"}
COMMAND: GET /session/baa8cc8c703ae50a3cfee07d32ab3bfd/screenshot - {}
RESULT: {"using":"xpath","value":"//span[contains(text(), \"Argentina\")]"}
COMMAND: POST /session/baa8cc8c703ae50a3cfee07d32ab3bfd/element/f.A7D77B31E8FD2DE6ABF8E388F5FFE54F.d.79510403C844A6AAFA7833CDED87BAA3.e.8731/click - {}
RESULT: {}
RESULT: {}
COMMAND: GET /session/baa8cc8c703ae50a3cfee07d32ab3bfd/screenshot - {}
RESULT: {}
COMMAND: POST /session/baa8cc8c703ae50a3cfee07d32ab3bfd/execute/async - {"script":"<script> [1562 bytes]","args":[{"selector":{"id":"application-managesites-display-component---NewSite--addressEditDetailsCostObjectCstType-arrow"},"wdio_ui5_key":"applicationmanagesites-display-component---NewSite--addressEditDetailsCostObjectCstType-arrow"}]}
RESULT: {"script":"<script> [1562 bytes]","args":[{"selector":{"id":"application-managesites-display-component---NewSite--addressEditDetailsCostObjectCstType-arrow"},"wdio_ui5_key":"applicationmanagesites-display-component---NewSite--addressEditDetailsCostObjectCstType-arrow"}]}
RESULT: undefined
COMMAND: POST /session/baa8cc8c703ae50a3cfee07d32ab3bfd/element - {"using":"xpath","value":"//*[@id=\"application-managesites-display-component---NewSite--addressEditDetailsCostObjectCstType-arrow\"]"}
RESULT: {"using":"xpath","value":"//*[@id=\"application-managesites-display-component---NewSite--addressEditDetailsCostObjectCstType-arrow\"]"}
COMMAND: POST /session/baa8cc8c703ae50a3cfee07d32ab3bfd/element/f.A7D77B31E8FD2DE6ABF8E388F5FFE54F.d.79510403C844A6AAFA7833CDED87BAA3.e.8732/click - {}
RESULT: {}
COMMAND: POST /session/baa8cc8c703ae50a3cfee07d32ab3bfd/element - {"using":"xpath","value":"//span[contains(text(), \"Cost Center\")]"}
COMMAND: GET /session/baa8cc8c703ae50a3cfee07d32ab3bfd/screenshot - {}
RESULT: {"using":"xpath","value":"//span[contains(text(), \"Cost Center\")]"}
COMMAND: POST /session/baa8cc8c703ae50a3cfee07d32ab3bfd/element/f.A7D77B31E8FD2DE6ABF8E388F5FFE54F.d.79510403C844A6AAFA7833CDED87BAA3.e.8733/click - {}
RESULT: {}
RESULT: {}
COMMAND: GET /session/baa8cc8c703ae50a3cfee07d32ab3bfd/screenshot - {}
RESULT: {}
COMMAND: POST /session/baa8cc8c703ae50a3cfee07d32ab3bfd/element - {"using":"xpath","value":"//span[@id=\"application-managesites-display-component---NewSite--addressNewCostObjectCstID-vhi\"]"}
RESULT: {"using":"xpath","value":"//span[@id=\"application-managesites-display-component---NewSite--addressNewCostObjectCstID-vhi\"]"}
COMMAND: POST /session/baa8cc8c703ae50a3cfee07d32ab3bfd/execute/sync - {"script":"<script> [8489 bytes]","args":[{"element-6066-11e4-a52e-4f735466cecf":"f.A7D77B31E8FD2DE6ABF8E388F5FFE54F.d.79510403C844A6AAFA7833CDED87BAA3.e.8736","ELEMENT":"f.A7D77B31E8FD2DE6ABF8E388F5FFE54F.d.79510403C844A6AAFA7833CDED87BAA3.e.8736"}]}
RESULT: {"script":"<script> [8489 bytes]","args":[{"element-6066-11e4-a52e-4f735466cecf":"f.A7D77B31E8FD2DE6ABF8E388F5FFE54F.d.79510403C844A6AAFA7833CDED87BAA3.e.8736","ELEMENT":"f.A7D77B31E8FD2DE6ABF8E388F5FFE54F.d.79510403C844A6AAFA7833CDED87BAA3.e.8736"}]}
COMMAND: POST /session/baa8cc8c703ae50a3cfee07d32ab3bfd/execute/async - {"script":"<script> [1562 bytes]","args":[{"selector":{"id":"application-managesites-display-component---NewSite--addressNewCostObjectCstID-vhi"},"wdio_ui5_key":"applicationmanagesites-display-component---NewSite--addressNewCostObjectCstID-vhi"}]}
COMMAND: GET /session/baa8cc8c703ae50a3cfee07d32ab3bfd/screenshot - {}
RESULT: {"script":"<script> [1562 bytes]","args":[{"selector":{"id":"application-managesites-display-component---NewSite--addressNewCostObjectCstID-vhi"},"wdio_ui5_key":"applicationmanagesites-display-component---NewSite--addressNewCostObjectCstID-vhi"}]}
RESULT: undefined
COMMAND: POST /session/baa8cc8c703ae50a3cfee07d32ab3bfd/element - {"using":"xpath","value":"//*[@id=\"application-managesites-display-component---NewSite--addressNewCostObjectCstID-vhi\"]"}
RESULT: {}
RESULT: {"using":"xpath","value":"//*[@id=\"application-managesites-display-component---NewSite--addressNewCostObjectCstID-vhi\"]"}
COMMAND: POST /session/baa8cc8c703ae50a3cfee07d32ab3bfd/element/f.A7D77B31E8FD2DE6ABF8E388F5FFE54F.d.79510403C844A6AAFA7833CDED87BAA3.e.8736/click - {}
RESULT: {}
COMMAND: GET /session/baa8cc8c703ae50a3cfee07d32ab3bfd/screenshot - {}
RESULT: {}
RESULT: undefined
COMMAND: POST /session/baa8cc8c703ae50a3cfee07d32ab3bfd/execute/async - {"script":"<script> [776 bytes]","args":[{"enterText":"10001013","selector":{"controlType":"sap.m.SearchField","properties":{"placeholder":"Search"},"searchOpenDialogs":true,"interaction":{"idSuffix":"I"}},"clearTextFirst":true,"interactionType":"ENTER_TEXT"}]}
RESULT: {"script":"<script> [776 bytes]","args":[{"enterText":"10001013","selector":{"controlType":"sap.m.SearchField","properties":{"placeholder":"Search"},"searchOpenDialogs":true,"interaction":{"idSuffix":"I"}},"clearTextFirst":true,"interactionType":"ENTER_TEXT"}]}
COMMAND: POST /session/baa8cc8c703ae50a3cfee07d32ab3bfd/actions - {"actions":[{"id":"action24","type":"key","parameters":{},"actions":[{"type":"keyDown","value":""},{"type":"pause","duration":10},{"type":"keyUp","value":""}]}]}
RESULT: {"actions":[{"id":"action24","type":"key","parameters":{},"actions":[{"type":"keyDown","value":""},{"type":"pause","duration":10},{"type":"keyUp","value":""}]}]}
COMMAND: GET /session/baa8cc8c703ae50a3cfee07d32ab3bfd/screenshot - {}
RESULT: {}
COMMAND: POST /session/baa8cc8c703ae50a3cfee07d32ab3bfd/element - {"using":"xpath","value":"//span[contains(text(), \"General Management\")]"}
RESULT: {"using":"xpath","value":"//span[contains(text(), \"General Management\")]"}
COMMAND: POST /session/baa8cc8c703ae50a3cfee07d32ab3bfd/element/f.A7D77B31E8FD2DE6ABF8E388F5FFE54F.d.79510403C844A6AAFA7833CDED87BAA3.e.8774/click - {}
RESULT: {}
COMMAND: GET /session/baa8cc8c703ae50a3cfee07d32ab3bfd/screenshot - {}
RESULT: {}
COMMAND: POST /session/baa8cc8c703ae50a3cfee07d32ab3bfd/element - {"using":"xpath","value":"//bdi[contains(text(), \"OK\")]"}
RESULT: {"using":"xpath","value":"//bdi[contains(text(), \"OK\")]"}
COMMAND: POST /session/baa8cc8c703ae50a3cfee07d32ab3bfd/element/f.A7D77B31E8FD2DE6ABF8E388F5FFE54F.d.79510403C844A6AAFA7833CDED87BAA3.e.8775/click - {}
RESULT: {}
COMMAND: GET /session/baa8cc8c703ae50a3cfee07d32ab3bfd/screenshot - {}
RESULT: {}
COMMAND: POST /session/baa8cc8c703ae50a3cfee07d32ab3bfd/element - {"using":"xpath","value":"//input[@id=\"application-managesites-display-component---NewSite--addressDetailDetailsCalendar-inner\"]"}
RESULT: {"using":"xpath","value":"//input[@id=\"application-managesites-display-component---NewSite--addressDetailDetailsCalendar-inner\"]"}
COMMAND: POST /session/baa8cc8c703ae50a3cfee07d32ab3bfd/element/f.A7D77B31E8FD2DE6ABF8E388F5FFE54F.d.79510403C844A6AAFA7833CDED87BAA3.e.8526/clear - {}
RESULT: {}
COMMAND: POST /session/baa8cc8c703ae50a3cfee07d32ab3bfd/element/f.A7D77B31E8FD2DE6ABF8E388F5FFE54F.d.79510403C844A6AAFA7833CDED87BAA3.e.8526/value - {"text":"Unit"}
COMMAND: GET /session/baa8cc8c703ae50a3cfee07d32ab3bfd/screenshot - {}
RESULT: {"text":"Unit"}
COMMAND: GET /session/baa8cc8c703ae50a3cfee07d32ab3bfd/screenshot - {}
RESULT: {}
RESULT: {}
COMMAND: POST /session/baa8cc8c703ae50a3cfee07d32ab3bfd/actions - {"actions":[{"id":"action25","type":"key","parameters":{},"actions":[{"type":"keyDown","value":""},{"type":"pause","duration":10},{"type":"keyUp","value":""}]}]}
RESULT: {"actions":[{"id":"action25","type":"key","parameters":{},"actions":[{"type":"keyDown","value":""},{"type":"pause","duration":10},{"type":"keyUp","value":""}]}]}
COMMAND: POST /session/baa8cc8c703ae50a3cfee07d32ab3bfd/element - {"using":"xpath","value":"//input[@id=\"application-managesites-display-component---NewSite--addressDetailDetailsYard-inner\"]"}
COMMAND: GET /session/baa8cc8c703ae50a3cfee07d32ab3bfd/screenshot - {}
RESULT: {"using":"xpath","value":"//input[@id=\"application-managesites-display-component---NewSite--addressDetailDetailsYard-inner\"]"}
COMMAND: POST /session/baa8cc8c703ae50a3cfee07d32ab3bfd/element/f.A7D77B31E8FD2DE6ABF8E388F5FFE54F.d.79510403C844A6AAFA7833CDED87BAA3.e.8527/clear - {}
RESULT: {}
RESULT: {}
COMMAND: POST /session/baa8cc8c703ae50a3cfee07d32ab3bfd/element/f.A7D77B31E8FD2DE6ABF8E388F5FFE54F.d.79510403C844A6AAFA7833CDED87BAA3.e.8527/value - {"text":"706"}
COMMAND: GET /session/baa8cc8c703ae50a3cfee07d32ab3bfd/screenshot - {}
RESULT: {"text":"706"}
COMMAND: GET /session/baa8cc8c703ae50a3cfee07d32ab3bfd/screenshot - {}
RESULT: {}
RESULT: {}
COMMAND: POST /session/baa8cc8c703ae50a3cfee07d32ab3bfd/element - {"using":"xpath","value":"//li[.//span[text()='706']]"}
RESULT: {"using":"xpath","value":"//li[.//span[text()='706']]"}
COMMAND: POST /session/baa8cc8c703ae50a3cfee07d32ab3bfd/element/f.A7D77B31E8FD2DE6ABF8E388F5FFE54F.d.79510403C844A6AAFA7833CDED87BAA3.e.8783/click - {}
RESULT: {}
COMMAND: GET /session/baa8cc8c703ae50a3cfee07d32ab3bfd/screenshot - {}
RESULT: {}
COMMAND: POST /session/baa8cc8c703ae50a3cfee07d32ab3bfd/element - {"using":"xpath","value":"//input[@id=\"application-managesites-display-component---NewSite--addressDetailDetailsPartner-inner\"]"}
RESULT: {"using":"xpath","value":"//input[@id=\"application-managesites-display-component---NewSite--addressDetailDetailsPartner-inner\"]"}
COMMAND: POST /session/baa8cc8c703ae50a3cfee07d32ab3bfd/element - {"using":"xpath","value":"//input[@id=\"application-managesites-display-component---NewSite--addressDetailDetailsPartner-inner\"]"}
RESULT: {"using":"xpath","value":"//input[@id=\"application-managesites-display-component---NewSite--addressDetailDetailsPartner-inner\"]"}
COMMAND: POST /session/baa8cc8c703ae50a3cfee07d32ab3bfd/element - {"using":"xpath","value":"//button[@data-kt=\"saveButton\"]"}
RESULT: {"using":"xpath","value":"//button[@data-kt=\"saveButton\"]"}
COMMAND: POST /session/baa8cc8c703ae50a3cfee07d32ab3bfd/element/f.A7D77B31E8FD2DE6ABF8E388F5FFE54F.d.79510403C844A6AAFA7833CDED87BAA3.e.8709/click - {}
RESULT: {}
COMMAND: GET /session/baa8cc8c703ae50a3cfee07d32ab3bfd/screenshot - {}
COMMAND: POST /session/baa8cc8c703ae50a3cfee07d32ab3bfd/element - {"using":"xpath","value":"//header[contains(@id, 'ObjectPageLayout-headerTitle')]/div[1]/div[2]/div[2]/span[1]"}
RESULT: {}
RESULT: {"using":"xpath","value":"//header[contains(@id, 'ObjectPageLayout-headerTitle')]/div[1]/div[2]/div[2]/span[1]"}
COMMAND: POST /session/baa8cc8c703ae50a3cfee07d32ab3bfd/elements - {"using":"xpath","value":"//header[contains(@id, 'ObjectPageLayout-headerTitle')]/div[1]/div[2]/div[2]/span[1]"}
RESULT: {"using":"xpath","value":"//header[contains(@id, 'ObjectPageLayout-headerTitle')]/div[1]/div[2]/div[2]/span[1]"}
COMMAND: POST /session/baa8cc8c703ae50a3cfee07d32ab3bfd/execute/sync - {"script":"<script> [56 bytes]","args":[{"element-6066-11e4-a52e-4f735466cecf":"f.A7D77B31E8FD2DE6ABF8E388F5FFE54F.d.79510403C844A6AAFA7833CDED87BAA3.e.8985","ELEMENT":"f.A7D77B31E8FD2DE6ABF8E388F5FFE54F.d.79510403C844A6AAFA7833CDED87BAA3.e.8985"}]}
RESULT: {"script":"<script> [56 bytes]","args":[{"element-6066-11e4-a52e-4f735466cecf":"f.A7D77B31E8FD2DE6ABF8E388F5FFE54F.d.79510403C844A6AAFA7833CDED87BAA3.e.8985","ELEMENT":"f.A7D77B31E8FD2DE6ABF8E388F5FFE54F.d.79510403C844A6AAFA7833CDED87BAA3.e.8985"}]}
COMMAND: POST /session/baa8cc8c703ae50a3cfee07d32ab3bfd/element - {"using":"css selector","value":"#shell-header-logo"}
COMMAND: GET /session/baa8cc8c703ae50a3cfee07d32ab3bfd/screenshot - {}
RESULT: {"using":"css selector","value":"#shell-header-logo"}
COMMAND: POST /session/baa8cc8c703ae50a3cfee07d32ab3bfd/element/f.A7D77B31E8FD2DE6ABF8E388F5FFE54F.d.79510403C844A6AAFA7833CDED87BAA3.e.8072/click - {}
RESULT: {}
RESULT: {}
COMMAND: GET /session/baa8cc8c703ae50a3cfee07d32ab3bfd/screenshot - {}
RESULT: {}
COMMAND: POST /session/baa8cc8c703ae50a3cfee07d32ab3bfd/execute/sync - {"script":"<script> [299 bytes]","args":[["getModel","getResource"]]}
RESULT: {"script":"<script> [299 bytes]","args":[["getModel","getResource"]]}
COMMAND: POST /session/baa8cc8c703ae50a3cfee07d32ab3bfd/element - {"using":"xpath","value":"//button[.//bdi[contains(text(), \"Close\")]]"}
COMMAND: GET /session/baa8cc8c703ae50a3cfee07d32ab3bfd/screenshot - {}
RESULT: {"using":"xpath","value":"//button[.//bdi[contains(text(), \"Close\")]]"}
COMMAND: POST /session/baa8cc8c703ae50a3cfee07d32ab3bfd/element/f.A7D77B31E8FD2DE6ABF8E388F5FFE54F.d.79510403C844A6AAFA7833CDED87BAA3.e.8987/click - {}
RESULT: {}
RESULT: {}
COMMAND: GET /session/baa8cc8c703ae50a3cfee07d32ab3bfd/screenshot - {}
RESULT: {}
COMMAND: POST /session/baa8cc8c703ae50a3cfee07d32ab3bfd/refresh - {}
RESULT: {}
COMMAND: GET /session/baa8cc8c703ae50a3cfee07d32ab3bfd/screenshot - {}
RESULT: {}
COMMAND: POST /session/baa8cc8c703ae50a3cfee07d32ab3bfd/refresh - {}
RESULT: {}
COMMAND: GET /session/baa8cc8c703ae50a3cfee07d32ab3bfd/screenshot - {}
RESULT: {}
COMMAND: POST /session/baa8cc8c703ae50a3cfee07d32ab3bfd/window/fullscreen - {}
RESULT: {}
COMMAND: POST /session/baa8cc8c703ae50a3cfee07d32ab3bfd/execute/async - {"script":"<script> [189 bytes]","args":[]}
RESULT: {"script":"<script> [189 bytes]","args":[]}
COMMAND: POST /session/baa8cc8c703ae50a3cfee07d32ab3bfd/execute/async - {"script":"<script> [123 bytes]","args":[]}
RESULT: {"script":"<script> [123 bytes]","args":[]}
COMMAND: POST /session/baa8cc8c703ae50a3cfee07d32ab3bfd/timeouts - {"script":"<number>"}
RESULT: {"script":"<number>"}
COMMAND: GET /session/baa8cc8c703ae50a3cfee07d32ab3bfd/timeouts - {}
RESULT: {}
RESULT: undefined
COMMAND: POST /session/baa8cc8c703ae50a3cfee07d32ab3bfd/execute/async - {"script":"<script> [2676 bytes]","args":[]}
RESULT: {"script":"<script> [2676 bytes]","args":[]}
COMMAND: POST /session/baa8cc8c703ae50a3cfee07d32ab3bfd/execute/async - {"script":"<script> [2342 bytes]","args":[{"protocol":"http","hostname":"0.0.0.0","path":"/","capabilities":{"browserName":"chrome","goog:chromeOptions":{"binary":"C:\\Program Files\\Google\\Chrome\\Application\\chrome.exe","args":["--start-maximized"]}},"logLevel":"warn","connectionRetryTimeout":120000,"connectionRetryCount":3,"logLevels":{},"enableDirectConnect":true,"strictSSL":true,"_":"65 more keys: [\"cacheDir\",\"port\",\"requestedCapabilities\",\"automationProtocol\",\"baseUrl\",\"waitforInterval\",\"waitforTimeout\",\"onReload\",\"beforeCommand\",\"afterCommand\",\"rootDir\",\"specs\",\"suites\",\"exclude\",\"groupLogsByTestSpec\",\"excludeDriverLogs\",\"bail\",\"framework\",\"reporters\",\"services\",\"maxInstances\",\"maxInstancesPerCapability\",\"injectGlobals\",\"filesToWatch\",\"execArgv\",\"runnerEnv\",\"runner\",\"shard\",\"specFileRetries\",\"specFileRetriesDelay\",\"specFileRetriesDeferred\",\"reporterSyncInterval\",\"reporterSyncTimeout\",\"cucumberFeaturesWithLineNumbers\",\"autoCompileOpts\",\"mochaOpts\",\"jasmineOpts\",\"cucumberOpts\",\"onPrepare\",\"onWorkerStart\",\"onWorkerEnd\",\"before\",\"beforeSession\",\"beforeSuite\",\"beforeHook\",\"beforeTest\",\"afterTest\",\"afterHook\",\"afterSuite\",\"afterSession\",\"after\",\"onComplete\",\"beforeAssertion\",\"afterAssertion\",\"beforeFeature\",\"beforeScenario\",\"beforeStep\",\"afterStep\",\"afterScenario\",\"afterFeature\",\"_\",\"suite\",\"$0\",\"ignoredWorkerServices\",\"wdi5\"]"}]}
RESULT: {"script":"<script> [2342 bytes]","args":[{"protocol":"http","hostname":"0.0.0.0","path":"/","capabilities":{"browserName":"chrome","goog:chromeOptions":{"binary":"C:\\Program Files\\Google\\Chrome\\Application\\chrome.exe","args":["--start-maximized"]}},"logLevel":"warn","connectionRetryTimeout":120000,"connectionRetryCount":3,"logLevels":{},"enableDirectConnect":true,"strictSSL":true,"_":"65 more keys: [\"cacheDir\",\"port\",\"requestedCapabilities\",\"automationProtocol\",\"baseUrl\",\"waitforInterval\",\"waitforTimeout\",\"onReload\",\"beforeCommand\",\"afterCommand\",\"rootDir\",\"specs\",\"suites\",\"exclude\",\"groupLogsByTestSpec\",\"excludeDriverLogs\",\"bail\",\"framework\",\"reporters\",\"services\",\"maxInstances\",\"maxInstancesPerCapability\",\"injectGlobals\",\"filesToWatch\",\"execArgv\",\"runnerEnv\",\"runner\",\"shard\",\"specFileRetries\",\"specFileRetriesDelay\",\"specFileRetriesDeferred\",\"reporterSyncInterval\",\"reporterSyncTimeout\",\"cucumberFeaturesWithLineNumbers\",\"autoCompileOpts\",\"mochaOpts\",\"jasmineOpts\",\"cucumberOpts\",\"onPrepare\",\"onWorkerStart\",\"onWorkerEnd\",\"before\",\"beforeSession\",\"beforeSuite\",\"beforeHook\",\"beforeTest\",\"afterTest\",\"afterHook\",\"afterSuite\",\"afterSession\",\"after\",\"onComplete\",\"beforeAssertion\",\"afterAssertion\",\"beforeFeature\",\"beforeScenario\",\"beforeStep\",\"afterStep\",\"afterScenario\",\"afterFeature\",\"_\",\"suite\",\"$0\",\"ignoredWorkerServices\",\"wdi5\"]"}]}
COMMAND: POST /session/baa8cc8c703ae50a3cfee07d32ab3bfd/execute/async - {"script":"<script> [21126 bytes]","args":[35000]}
RESULT: {"script":"<script> [21126 bytes]","args":[35000]}
COMMAND: POST /session/baa8cc8c703ae50a3cfee07d32ab3bfd/window/fullscreen - {}
RESULT: {}
]]></system-out>
    </testcase>
    <testcase classname="chrome.135_0_7049_42.windows.Create_master_data_for_mixed_billing_&amp;_do_billing_calculation_US151661" name="Should create a new equipment and add a counter to it" time="139.882">
      <system-out><![CDATA[
COMMAND: POST /session/baa8cc8c703ae50a3cfee07d32ab3bfd/execute/async - {"script":"<script> [1562 bytes]","args":[{"selector":{"controlType":"sap.m.GenericTile","properties":{"header":"Manage Resources"}},"wdio_ui5_key":"sapm.GenericTile{\"header\":\"Manage Resources\"}"}]}
RESULT: {"script":"<script> [1562 bytes]","args":[{"selector":{"controlType":"sap.m.GenericTile","properties":{"header":"Manage Resources"}},"wdio_ui5_key":"sapm.GenericTile{\"header\":\"Manage Resources\"}"}]}
RESULT: undefined
COMMAND: POST /session/baa8cc8c703ae50a3cfee07d32ab3bfd/element - {"using":"xpath","value":"//*[@id=\"__tile31\"]"}
RESULT: {"using":"xpath","value":"//*[@id=\"__tile31\"]"}
COMMAND: POST /session/baa8cc8c703ae50a3cfee07d32ab3bfd/element/f.A7D77B31E8FD2DE6ABF8E388F5FFE54F.d.02563A239A1A0164B9316F05360A4D5D.e.9057/click - {}
RESULT: {}
COMMAND: POST /session/baa8cc8c703ae50a3cfee07d32ab3bfd/element - {"using":"xpath","value":"//button[@data-kt=\"addNewRUOverflowToolbarButton\"]"}
COMMAND: GET /session/baa8cc8c703ae50a3cfee07d32ab3bfd/screenshot - {}
RESULT: {"using":"xpath","value":"//button[@data-kt=\"addNewRUOverflowToolbarButton\"]"}
COMMAND: POST /session/baa8cc8c703ae50a3cfee07d32ab3bfd/elements - {"using":"xpath","value":"//button[@data-kt=\"addNewRUOverflowToolbarButton\"]"}
RESULT: undefined
RESULT: {}
RESULT: {"using":"xpath","value":"//button[@data-kt=\"addNewRUOverflowToolbarButton\"]"}
COMMAND: POST /session/baa8cc8c703ae50a3cfee07d32ab3bfd/element - {"using":"xpath","value":"//button[@data-kt=\"addNewRUOverflowToolbarButton\"]"}
RESULT: {"using":"xpath","value":"//button[@data-kt=\"addNewRUOverflowToolbarButton\"]"}
COMMAND: POST /session/baa8cc8c703ae50a3cfee07d32ab3bfd/execute/sync - {"script":"<script> [8489 bytes]","args":[{"element-6066-11e4-a52e-4f735466cecf":"f.A7D77B31E8FD2DE6ABF8E388F5FFE54F.d.02563A239A1A0164B9316F05360A4D5D.e.9176","ELEMENT":"f.A7D77B31E8FD2DE6ABF8E388F5FFE54F.d.02563A239A1A0164B9316F05360A4D5D.e.9176"}]}
RESULT: {"script":"<script> [8489 bytes]","args":[{"element-6066-11e4-a52e-4f735466cecf":"f.A7D77B31E8FD2DE6ABF8E388F5FFE54F.d.02563A239A1A0164B9316F05360A4D5D.e.9176","ELEMENT":"f.A7D77B31E8FD2DE6ABF8E388F5FFE54F.d.02563A239A1A0164B9316F05360A4D5D.e.9176"}]}
COMMAND: GET /session/baa8cc8c703ae50a3cfee07d32ab3bfd/element/f.A7D77B31E8FD2DE6ABF8E388F5FFE54F.d.02563A239A1A0164B9316F05360A4D5D.e.9176/enabled - {}
COMMAND: GET /session/baa8cc8c703ae50a3cfee07d32ab3bfd/screenshot - {}
RESULT: {}
COMMAND: POST /session/baa8cc8c703ae50a3cfee07d32ab3bfd/execute/sync - {"script":"<script> [8489 bytes]","args":[{"element-6066-11e4-a52e-4f735466cecf":"f.A7D77B31E8FD2DE6ABF8E388F5FFE54F.d.02563A239A1A0164B9316F05360A4D5D.e.9176","ELEMENT":"f.A7D77B31E8FD2DE6ABF8E388F5FFE54F.d.02563A239A1A0164B9316F05360A4D5D.e.9176"}]}
COMMAND: GET /session/baa8cc8c703ae50a3cfee07d32ab3bfd/screenshot - {}
RESULT: {}
RESULT: {"script":"<script> [8489 bytes]","args":[{"element-6066-11e4-a52e-4f735466cecf":"f.A7D77B31E8FD2DE6ABF8E388F5FFE54F.d.02563A239A1A0164B9316F05360A4D5D.e.9176","ELEMENT":"f.A7D77B31E8FD2DE6ABF8E388F5FFE54F.d.02563A239A1A0164B9316F05360A4D5D.e.9176"}]}
COMMAND: POST /session/baa8cc8c703ae50a3cfee07d32ab3bfd/execute/sync - {"script":"<script> [5351 bytes]","args":[{"element-6066-11e4-a52e-4f735466cecf":"f.A7D77B31E8FD2DE6ABF8E388F5FFE54F.d.02563A239A1A0164B9316F05360A4D5D.e.9176","ELEMENT":"f.A7D77B31E8FD2DE6ABF8E388F5FFE54F.d.02563A239A1A0164B9316F05360A4D5D.e.9176"}]}
COMMAND: GET /session/baa8cc8c703ae50a3cfee07d32ab3bfd/screenshot - {}
RESULT: {}
RESULT: {"script":"<script> [5351 bytes]","args":[{"element-6066-11e4-a52e-4f735466cecf":"f.A7D77B31E8FD2DE6ABF8E388F5FFE54F.d.02563A239A1A0164B9316F05360A4D5D.e.9176","ELEMENT":"f.A7D77B31E8FD2DE6ABF8E388F5FFE54F.d.02563A239A1A0164B9316F05360A4D5D.e.9176"}]}
COMMAND: POST /session/baa8cc8c703ae50a3cfee07d32ab3bfd/element/f.A7D77B31E8FD2DE6ABF8E388F5FFE54F.d.02563A239A1A0164B9316F05360A4D5D.e.9176/click - {}
COMMAND: GET /session/baa8cc8c703ae50a3cfee07d32ab3bfd/screenshot - {}
RESULT: {}
RESULT: {}
COMMAND: GET /session/baa8cc8c703ae50a3cfee07d32ab3bfd/screenshot - {}
RESULT: {}
COMMAND: POST /session/baa8cc8c703ae50a3cfee07d32ab3bfd/execute/async - {"script":"<script> [1562 bytes]","args":[{"selector":{"id":"application-manageresources-display-component---newResourceUnit--TYPE-arrow"},"wdio_ui5_key":"applicationmanageresources-display-component---newResourceUnit--TYPE-arrow"}]}
RESULT: {}
RESULT: {"script":"<script> [1562 bytes]","args":[{"selector":{"id":"application-manageresources-display-component---newResourceUnit--TYPE-arrow"},"wdio_ui5_key":"applicationmanageresources-display-component---newResourceUnit--TYPE-arrow"}]}
RESULT: undefined
COMMAND: POST /session/baa8cc8c703ae50a3cfee07d32ab3bfd/element - {"using":"xpath","value":"//*[@id=\"application-manageresources-display-component---newResourceUnit--TYPE-arrow\"]"}
RESULT: {"using":"xpath","value":"//*[@id=\"application-manageresources-display-component---newResourceUnit--TYPE-arrow\"]"}
COMMAND: POST /session/baa8cc8c703ae50a3cfee07d32ab3bfd/element/f.A7D77B31E8FD2DE6ABF8E388F5FFE54F.d.02563A239A1A0164B9316F05360A4D5D.e.9531/click - {}
RESULT: {}
COMMAND: POST /session/baa8cc8c703ae50a3cfee07d32ab3bfd/element - {"using":"xpath","value":"//input[@id=\"application-manageresources-display-component---newResourceUnit--TYPE-inner\"]"}
COMMAND: GET /session/baa8cc8c703ae50a3cfee07d32ab3bfd/screenshot - {}
RESULT: {"using":"xpath","value":"//input[@id=\"application-manageresources-display-component---newResourceUnit--TYPE-inner\"]"}
COMMAND: POST /session/baa8cc8c703ae50a3cfee07d32ab3bfd/element/f.A7D77B31E8FD2DE6ABF8E388F5FFE54F.d.02563A239A1A0164B9316F05360A4D5D.e.9506/clear - {}
RESULT: {}
RESULT: {}
COMMAND: POST /session/baa8cc8c703ae50a3cfee07d32ab3bfd/element/f.A7D77B31E8FD2DE6ABF8E388F5FFE54F.d.02563A239A1A0164B9316F05360A4D5D.e.9506/value - {"text":"Equipment"}
COMMAND: GET /session/baa8cc8c703ae50a3cfee07d32ab3bfd/screenshot - {}
RESULT: {"text":"Equipment"}
COMMAND: GET /session/baa8cc8c703ae50a3cfee07d32ab3bfd/screenshot - {}
RESULT: {}
RESULT: {}
COMMAND: POST /session/baa8cc8c703ae50a3cfee07d32ab3bfd/actions - {"actions":[{"id":"action26","type":"key","parameters":{},"actions":[{"type":"keyDown","value":""},{"type":"pause","duration":10},{"type":"keyUp","value":""}]}]}
RESULT: {"actions":[{"id":"action26","type":"key","parameters":{},"actions":[{"type":"keyDown","value":""},{"type":"pause","duration":10},{"type":"keyUp","value":""}]}]}
COMMAND: POST /session/baa8cc8c703ae50a3cfee07d32ab3bfd/execute/async - {"script":"<script> [1562 bytes]","args":[{"selector":{"id":"application-manageresources-display-component---newResourceUnit--resourceId","interaction":{"idSuffix":"inner"}},"wdio_ui5_key":"applicationmanageresources-display-component---newResourceUnit--resourceId"}]}
COMMAND: GET /session/baa8cc8c703ae50a3cfee07d32ab3bfd/screenshot - {}
RESULT: {"script":"<script> [1562 bytes]","args":[{"selector":{"id":"application-manageresources-display-component---newResourceUnit--resourceId","interaction":{"idSuffix":"inner"}},"wdio_ui5_key":"applicationmanageresources-display-component---newResourceUnit--resourceId"}]}
RESULT: undefined
COMMAND: POST /session/baa8cc8c703ae50a3cfee07d32ab3bfd/execute/async - {"script":"<script> [776 bytes]","args":[{"enterText":"CtV80hcYKK","selector":{"id":"application-manageresources-display-component---newResourceUnit--resourceId","interaction":{"idSuffix":"inner"}},"clearTextFirst":true,"interactionType":"ENTER_TEXT"}]}
RESULT: {}
RESULT: {"script":"<script> [776 bytes]","args":[{"enterText":"CtV80hcYKK","selector":{"id":"application-manageresources-display-component---newResourceUnit--resourceId","interaction":{"idSuffix":"inner"}},"clearTextFirst":true,"interactionType":"ENTER_TEXT"}]}
COMMAND: POST /session/baa8cc8c703ae50a3cfee07d32ab3bfd/execute/async - {"script":"<script> [1562 bytes]","args":[{"selector":{"id":"application-manageresources-display-component---newResourceUnit--SHORT_TEXT","interaction":{"idSuffix":"inner"}},"wdio_ui5_key":"applicationmanageresources-display-component---newResourceUnit--SHORT_TEXT"}]}
RESULT: {"script":"<script> [1562 bytes]","args":[{"selector":{"id":"application-manageresources-display-component---newResourceUnit--SHORT_TEXT","interaction":{"idSuffix":"inner"}},"wdio_ui5_key":"applicationmanageresources-display-component---newResourceUnit--SHORT_TEXT"}]}
RESULT: undefined
COMMAND: POST /session/baa8cc8c703ae50a3cfee07d32ab3bfd/execute/async - {"script":"<script> [776 bytes]","args":[{"enterText":"Intercompany Equipment WDIO","selector":{"id":"application-manageresources-display-component---newResourceUnit--SHORT_TEXT","interaction":{"idSuffix":"inner"}},"clearTextFirst":true,"interactionType":"ENTER_TEXT"}]}
RESULT: {"script":"<script> [776 bytes]","args":[{"enterText":"Intercompany Equipment WDIO","selector":{"id":"application-manageresources-display-component---newResourceUnit--SHORT_TEXT","interaction":{"idSuffix":"inner"}},"clearTextFirst":true,"interactionType":"ENTER_TEXT"}]}
COMMAND: POST /session/baa8cc8c703ae50a3cfee07d32ab3bfd/execute/async - {"script":"<script> [1562 bytes]","args":[{"selector":{"id":"application-manageresources-display-component---newResourceUnit--BASE_UNIT_OF_MEASURE","interaction":{"idSuffix":"inner"}},"wdio_ui5_key":"applicationmanageresources-display-component---newResourceUnit--BASE_UNIT_OF_MEASURE"}]}
RESULT: {"script":"<script> [1562 bytes]","args":[{"selector":{"id":"application-manageresources-display-component---newResourceUnit--BASE_UNIT_OF_MEASURE","interaction":{"idSuffix":"inner"}},"wdio_ui5_key":"applicationmanageresources-display-component---newResourceUnit--BASE_UNIT_OF_MEASURE"}]}
RESULT: undefined
COMMAND: POST /session/baa8cc8c703ae50a3cfee07d32ab3bfd/execute/async - {"script":"<script> [776 bytes]","args":[{"enterText":"Piece","selector":{"id":"application-manageresources-display-component---newResourceUnit--BASE_UNIT_OF_MEASURE","interaction":{"idSuffix":"inner"}},"clearTextFirst":true,"interactionType":"ENTER_TEXT"}]}
RESULT: {"script":"<script> [776 bytes]","args":[{"enterText":"Piece","selector":{"id":"application-manageresources-display-component---newResourceUnit--BASE_UNIT_OF_MEASURE","interaction":{"idSuffix":"inner"}},"clearTextFirst":true,"interactionType":"ENTER_TEXT"}]}
COMMAND: POST /session/baa8cc8c703ae50a3cfee07d32ab3bfd/execute/async - {"script":"<script> [1562 bytes]","args":[{"selector":{"id":"application-manageresources-display-component---newResourceUnit--WEIGHT_UNIT","interaction":{"idSuffix":"inner"}},"wdio_ui5_key":"applicationmanageresources-display-component---newResourceUnit--WEIGHT_UNIT"}]}
RESULT: {"script":"<script> [1562 bytes]","args":[{"selector":{"id":"application-manageresources-display-component---newResourceUnit--WEIGHT_UNIT","interaction":{"idSuffix":"inner"}},"wdio_ui5_key":"applicationmanageresources-display-component---newResourceUnit--WEIGHT_UNIT"}]}
RESULT: undefined
COMMAND: POST /session/baa8cc8c703ae50a3cfee07d32ab3bfd/execute/async - {"script":"<script> [776 bytes]","args":[{"enterText":"Gram","selector":{"id":"application-manageresources-display-component---newResourceUnit--WEIGHT_UNIT","interaction":{"idSuffix":"inner"}},"clearTextFirst":true,"interactionType":"ENTER_TEXT"}]}
RESULT: {"script":"<script> [776 bytes]","args":[{"enterText":"Gram","selector":{"id":"application-manageresources-display-component---newResourceUnit--WEIGHT_UNIT","interaction":{"idSuffix":"inner"}},"clearTextFirst":true,"interactionType":"ENTER_TEXT"}]}
COMMAND: POST /session/baa8cc8c703ae50a3cfee07d32ab3bfd/execute/async - {"script":"<script> [1562 bytes]","args":[{"selector":{"id":"application-manageresources-display-component---newResourceUnit--DIMENSION_UNIT","interaction":{"idSuffix":"inner"}},"wdio_ui5_key":"applicationmanageresources-display-component---newResourceUnit--DIMENSION_UNIT"}]}
RESULT: {"script":"<script> [1562 bytes]","args":[{"selector":{"id":"application-manageresources-display-component---newResourceUnit--DIMENSION_UNIT","interaction":{"idSuffix":"inner"}},"wdio_ui5_key":"applicationmanageresources-display-component---newResourceUnit--DIMENSION_UNIT"}]}
RESULT: undefined
COMMAND: POST /session/baa8cc8c703ae50a3cfee07d32ab3bfd/execute/async - {"script":"<script> [776 bytes]","args":[{"enterText":"Meter","selector":{"id":"application-manageresources-display-component---newResourceUnit--DIMENSION_UNIT","interaction":{"idSuffix":"inner"}},"clearTextFirst":true,"interactionType":"ENTER_TEXT"}]}
RESULT: {"script":"<script> [776 bytes]","args":[{"enterText":"Meter","selector":{"id":"application-manageresources-display-component---newResourceUnit--DIMENSION_UNIT","interaction":{"idSuffix":"inner"}},"clearTextFirst":true,"interactionType":"ENTER_TEXT"}]}
COMMAND: POST /session/baa8cc8c703ae50a3cfee07d32ab3bfd/execute/async - {"script":"<script> [1562 bytes]","args":[{"selector":{"id":"application-manageresources-display-component---newResourceUnit--newRRUPage-anchBar-application-manageresources-display-component---newResourceUnit--control-anchor","interaction":{"idSuffix":"BDI-content"}},"wdio_ui5_key":"applicationmanageresources-display-component---newResourceUnit--newRRUPage-anchBar-application-manageresources-display-component---newResourceUnit--control-anchor"}]}
RESULT: {"script":"<script> [1562 bytes]","args":[{"selector":{"id":"application-manageresources-display-component---newResourceUnit--newRRUPage-anchBar-application-manageresources-display-component---newResourceUnit--control-anchor","interaction":{"idSuffix":"BDI-content"}},"wdio_ui5_key":"applicationmanageresources-display-component---newResourceUnit--newRRUPage-anchBar-application-manageresources-display-component---newResourceUnit--control-anchor"}]}
RESULT: undefined
COMMAND: POST /session/baa8cc8c703ae50a3cfee07d32ab3bfd/element - {"using":"xpath","value":"//*[@id=\"application-manageresources-display-component---newResourceUnit--newRRUPage-anchBar-application-manageresources-display-component---newResourceUnit--control-anchor\"]"}
RESULT: {"using":"xpath","value":"//*[@id=\"application-manageresources-display-component---newResourceUnit--newRRUPage-anchBar-application-manageresources-display-component---newResourceUnit--control-anchor\"]"}
COMMAND: POST /session/baa8cc8c703ae50a3cfee07d32ab3bfd/element/f.A7D77B31E8FD2DE6ABF8E388F5FFE54F.d.02563A239A1A0164B9316F05360A4D5D.e.9665/click - {}
RESULT: {}
COMMAND: POST /session/baa8cc8c703ae50a3cfee07d32ab3bfd/execute/async - {"script":"<script> [1562 bytes]","args":[{"selector":{"id":"application-manageresources-display-component---newResourceUnit--PLANNING_GROUP","interaction":{"idSuffix":"inner"}},"wdio_ui5_key":"applicationmanageresources-display-component---newResourceUnit--PLANNING_GROUP"}]}
COMMAND: GET /session/baa8cc8c703ae50a3cfee07d32ab3bfd/screenshot - {}
RESULT: {"script":"<script> [1562 bytes]","args":[{"selector":{"id":"application-manageresources-display-component---newResourceUnit--PLANNING_GROUP","interaction":{"idSuffix":"inner"}},"wdio_ui5_key":"applicationmanageresources-display-component---newResourceUnit--PLANNING_GROUP"}]}
RESULT: undefined
COMMAND: POST /session/baa8cc8c703ae50a3cfee07d32ab3bfd/execute/async - {"script":"<script> [776 bytes]","args":[{"enterText":"Heavy Equi","selector":{"id":"application-manageresources-display-component---newResourceUnit--PLANNING_GROUP","interaction":{"idSuffix":"inner"}},"clearTextFirst":true,"interactionType":"ENTER_TEXT"}]}
RESULT: {}
RESULT: {"script":"<script> [776 bytes]","args":[{"enterText":"Heavy Equi","selector":{"id":"application-manageresources-display-component---newResourceUnit--PLANNING_GROUP","interaction":{"idSuffix":"inner"}},"clearTextFirst":true,"interactionType":"ENTER_TEXT"}]}
COMMAND: POST /session/baa8cc8c703ae50a3cfee07d32ab3bfd/execute/async - {"script":"<script> [1562 bytes]","args":[{"selector":{"id":"application-manageresources-display-component---newResourceUnit--ITEM_TYPE-arrow"},"wdio_ui5_key":"applicationmanageresources-display-component---newResourceUnit--ITEM_TYPE-arrow"}]}
RESULT: {"script":"<script> [1562 bytes]","args":[{"selector":{"id":"application-manageresources-display-component---newResourceUnit--ITEM_TYPE-arrow"},"wdio_ui5_key":"applicationmanageresources-display-component---newResourceUnit--ITEM_TYPE-arrow"}]}
RESULT: undefined
COMMAND: POST /session/baa8cc8c703ae50a3cfee07d32ab3bfd/element - {"using":"xpath","value":"//*[@id=\"application-manageresources-display-component---newResourceUnit--ITEM_TYPE-arrow\"]"}
RESULT: {"using":"xpath","value":"//*[@id=\"application-manageresources-display-component---newResourceUnit--ITEM_TYPE-arrow\"]"}
COMMAND: POST /session/baa8cc8c703ae50a3cfee07d32ab3bfd/element/f.A7D77B31E8FD2DE6ABF8E388F5FFE54F.d.02563A239A1A0164B9316F05360A4D5D.e.9672/click - {}
RESULT: {}
COMMAND: POST /session/baa8cc8c703ae50a3cfee07d32ab3bfd/element - {"using":"xpath","value":"(//span[contains(text(), \"Resource Unit\")])[2]"}
COMMAND: GET /session/baa8cc8c703ae50a3cfee07d32ab3bfd/screenshot - {}
RESULT: {"using":"xpath","value":"(//span[contains(text(), \"Resource Unit\")])[2]"}
COMMAND: POST /session/baa8cc8c703ae50a3cfee07d32ab3bfd/element/f.A7D77B31E8FD2DE6ABF8E388F5FFE54F.d.02563A239A1A0164B9316F05360A4D5D.e.9673/click - {}
RESULT: {}
RESULT: {}
COMMAND: GET /session/baa8cc8c703ae50a3cfee07d32ab3bfd/screenshot - {}
RESULT: {}
COMMAND: POST /session/baa8cc8c703ae50a3cfee07d32ab3bfd/element - {"using":"css selector","value":"#application-manageresources-display-component---newResourceUnit--btnAddTimeSegment"}
RESULT: {"using":"css selector","value":"#application-manageresources-display-component---newResourceUnit--btnAddTimeSegment"}
COMMAND: GET /session/baa8cc8c703ae50a3cfee07d32ab3bfd/element/f.A7D77B31E8FD2DE6ABF8E388F5FFE54F.d.02563A239A1A0164B9316F05360A4D5D.e.9674/rect - {}
RESULT: {}
COMMAND: GET /session/baa8cc8c703ae50a3cfee07d32ab3bfd/window/rect - {}
RESULT: {}
COMMAND: POST /session/baa8cc8c703ae50a3cfee07d32ab3bfd/execute/sync - {"script":"<script> [92 bytes]","args":[]}
RESULT: {"script":"<script> [92 bytes]","args":[]}
COMMAND: POST /session/baa8cc8c703ae50a3cfee07d32ab3bfd/actions - {"actions":[{"id":"action27","type":"wheel","parameters":{},"actions":[{"type":"scroll","x":-1888,"y":-32,"deltaX":0,"deltaY":0,"duration":0,"origin":{"element-6066-11e4-a52e-4f735466cecf":"f.A7D77B31E8FD2DE6ABF8E388F5FFE54F.d.02563A239A1A0164B9316F05360A4D5D.e.9674"}}]}]}
COMMAND: GET /session/baa8cc8c703ae50a3cfee07d32ab3bfd/screenshot - {}
RESULT: {}
COMMAND: POST /session/baa8cc8c703ae50a3cfee07d32ab3bfd/execute/sync - {"script":"<script> [79 bytes]","args":[{"element-6066-11e4-a52e-4f735466cecf":"f.A7D77B31E8FD2DE6ABF8E388F5FFE54F.d.02563A239A1A0164B9316F05360A4D5D.e.9674","ELEMENT":"f.A7D77B31E8FD2DE6ABF8E388F5FFE54F.d.02563A239A1A0164B9316F05360A4D5D.e.9674"},{"block":"start","inline":"nearest"}]}
RESULT: {"script":"<script> [79 bytes]","args":[{"element-6066-11e4-a52e-4f735466cecf":"f.A7D77B31E8FD2DE6ABF8E388F5FFE54F.d.02563A239A1A0164B9316F05360A4D5D.e.9674","ELEMENT":"f.A7D77B31E8FD2DE6ABF8E388F5FFE54F.d.02563A239A1A0164B9316F05360A4D5D.e.9674"},{"block":"start","inline":"nearest"}]}
COMMAND: POST /session/baa8cc8c703ae50a3cfee07d32ab3bfd/execute/async - {"script":"<script> [1562 bytes]","args":[{"selector":{"id":"application-manageresources-display-component---newResourceUnit--btnAddTimeSegment","interaction":{"idSuffix":"inner"}},"wdio_ui5_key":"applicationmanageresources-display-component---newResourceUnit--btnAddTimeSegment"}]}
COMMAND: GET /session/baa8cc8c703ae50a3cfee07d32ab3bfd/screenshot - {}
RESULT: {"script":"<script> [1562 bytes]","args":[{"selector":{"id":"application-manageresources-display-component---newResourceUnit--btnAddTimeSegment","interaction":{"idSuffix":"inner"}},"wdio_ui5_key":"applicationmanageresources-display-component---newResourceUnit--btnAddTimeSegment"}]}
RESULT: undefined
COMMAND: POST /session/baa8cc8c703ae50a3cfee07d32ab3bfd/element - {"using":"xpath","value":"//*[@id=\"application-manageresources-display-component---newResourceUnit--btnAddTimeSegment\"]"}
RESULT: {}
RESULT: {"using":"xpath","value":"//*[@id=\"application-manageresources-display-component---newResourceUnit--btnAddTimeSegment\"]"}
COMMAND: POST /session/baa8cc8c703ae50a3cfee07d32ab3bfd/element/f.A7D77B31E8FD2DE6ABF8E388F5FFE54F.d.02563A239A1A0164B9316F05360A4D5D.e.9674/click - {}
RESULT: {}
COMMAND: GET /session/baa8cc8c703ae50a3cfee07d32ab3bfd/screenshot - {}
RESULT: {}
COMMAND: POST /session/baa8cc8c703ae50a3cfee07d32ab3bfd/element - {"using":"xpath","value":"//input[@id=\"application-manageresources-display-component---newResourceUnit--idRuTSAdmin-application-manageresources-display-component---newResourceUnit--RUTimeSegment-0-inner\"]"}
RESULT: {"using":"xpath","value":"//input[@id=\"application-manageresources-display-component---newResourceUnit--idRuTSAdmin-application-manageresources-display-component---newResourceUnit--RUTimeSegment-0-inner\"]"}
COMMAND: POST /session/baa8cc8c703ae50a3cfee07d32ab3bfd/element/f.A7D77B31E8FD2DE6ABF8E388F5FFE54F.d.02563A239A1A0164B9316F05360A4D5D.e.9680/clear - {}
RESULT: {}
COMMAND: POST /session/baa8cc8c703ae50a3cfee07d32ab3bfd/element/f.A7D77B31E8FD2DE6ABF8E388F5FFE54F.d.02563A239A1A0164B9316F05360A4D5D.e.9680/value - {"text":"706"}
COMMAND: GET /session/baa8cc8c703ae50a3cfee07d32ab3bfd/screenshot - {}
RESULT: {"text":"706"}
COMMAND: GET /session/baa8cc8c703ae50a3cfee07d32ab3bfd/screenshot - {}
RESULT: {}
RESULT: {}
COMMAND: POST /session/baa8cc8c703ae50a3cfee07d32ab3bfd/element - {"using":"xpath","value":"//li[.//span[text()='706']]"}
RESULT: {"using":"xpath","value":"//li[.//span[text()='706']]"}
COMMAND: POST /session/baa8cc8c703ae50a3cfee07d32ab3bfd/element/f.A7D77B31E8FD2DE6ABF8E388F5FFE54F.d.02563A239A1A0164B9316F05360A4D5D.e.9694/click - {}
RESULT: {}
COMMAND: GET /session/baa8cc8c703ae50a3cfee07d32ab3bfd/screenshot - {}
RESULT: {}
COMMAND: POST /session/baa8cc8c703ae50a3cfee07d32ab3bfd/element - {"using":"xpath","value":"(//span[contains(@id, \"-application-manageresources-display-component---newResourceUnit--RUTimeSegment-0-arrow\")])[6]"}
RESULT: {"using":"xpath","value":"(//span[contains(@id, \"-application-manageresources-display-component---newResourceUnit--RUTimeSegment-0-arrow\")])[6]"}
COMMAND: POST /session/baa8cc8c703ae50a3cfee07d32ab3bfd/element/f.A7D77B31E8FD2DE6ABF8E388F5FFE54F.d.02563A239A1A0164B9316F05360A4D5D.e.9695/click - {}
RESULT: {}
COMMAND: POST /session/baa8cc8c703ae50a3cfee07d32ab3bfd/element - {"using":"xpath","value":"//span[contains(text(), \"PM Order\")]"}
COMMAND: GET /session/baa8cc8c703ae50a3cfee07d32ab3bfd/screenshot - {}
RESULT: {"using":"xpath","value":"//span[contains(text(), \"PM Order\")]"}
COMMAND: POST /session/baa8cc8c703ae50a3cfee07d32ab3bfd/element/f.A7D77B31E8FD2DE6ABF8E388F5FFE54F.d.02563A239A1A0164B9316F05360A4D5D.e.9698/click - {}
RESULT: {}
RESULT: {}
COMMAND: GET /session/baa8cc8c703ae50a3cfee07d32ab3bfd/screenshot - {}
RESULT: {}
COMMAND: POST /session/baa8cc8c703ae50a3cfee07d32ab3bfd/element - {"using":"xpath","value":"(//span[contains(@id ,\"manageresources-display-component---newResourceUnit--RUTimeSegment-0-vhi\")])[2]"}
RESULT: {"using":"xpath","value":"(//span[contains(@id ,\"manageresources-display-component---newResourceUnit--RUTimeSegment-0-vhi\")])[2]"}
COMMAND: POST /session/baa8cc8c703ae50a3cfee07d32ab3bfd/element/f.A7D77B31E8FD2DE6ABF8E388F5FFE54F.d.02563A239A1A0164B9316F05360A4D5D.e.9701/click - {}
RESULT: {}
COMMAND: GET /session/baa8cc8c703ae50a3cfee07d32ab3bfd/screenshot - {}
RESULT: {}
COMMAND: POST /session/baa8cc8c703ae50a3cfee07d32ab3bfd/execute/async - {"script":"<script> [1562 bytes]","args":[{"selector":{"controlType":"sap.m.SearchField","properties":{"placeholder":"Search"},"searchOpenDialogs":true,"interaction":{"idSuffix":"I"}},"wdio_ui5_key":"sapm.SearchField{\"placeholder\":\"Search\"}"}]}
RESULT: {"script":"<script> [1562 bytes]","args":[{"selector":{"controlType":"sap.m.SearchField","properties":{"placeholder":"Search"},"searchOpenDialogs":true,"interaction":{"idSuffix":"I"}},"wdio_ui5_key":"sapm.SearchField{\"placeholder\":\"Search\"}"}]}
RESULT: undefined
COMMAND: POST /session/baa8cc8c703ae50a3cfee07d32ab3bfd/execute/async - {"script":"<script> [776 bytes]","args":[{"enterText":"4000360","selector":{"controlType":"sap.m.SearchField","properties":{"placeholder":"Search"},"searchOpenDialogs":true,"interaction":{"idSuffix":"I"}},"clearTextFirst":true,"interactionType":"ENTER_TEXT"}]}
RESULT: {"script":"<script> [776 bytes]","args":[{"enterText":"4000360","selector":{"controlType":"sap.m.SearchField","properties":{"placeholder":"Search"},"searchOpenDialogs":true,"interaction":{"idSuffix":"I"}},"clearTextFirst":true,"interactionType":"ENTER_TEXT"}]}
COMMAND: POST /session/baa8cc8c703ae50a3cfee07d32ab3bfd/actions - {"actions":[{"id":"action28","type":"key","parameters":{},"actions":[{"type":"keyDown","value":""},{"type":"pause","duration":10},{"type":"keyUp","value":""}]}]}
RESULT: {"actions":[{"id":"action28","type":"key","parameters":{},"actions":[{"type":"keyDown","value":""},{"type":"pause","duration":10},{"type":"keyUp","value":""}]}]}
COMMAND: GET /session/baa8cc8c703ae50a3cfee07d32ab3bfd/screenshot - {}
RESULT: {}
COMMAND: POST /session/baa8cc8c703ae50a3cfee07d32ab3bfd/element - {"using":"xpath","value":"//td/div/span[contains(text(), \"BGL Vehicles\")]"}
RESULT: {"using":"xpath","value":"//td/div/span[contains(text(), \"BGL Vehicles\")]"}
COMMAND: POST /session/baa8cc8c703ae50a3cfee07d32ab3bfd/element/f.A7D77B31E8FD2DE6ABF8E388F5FFE54F.d.02563A239A1A0164B9316F05360A4D5D.e.9721/click - {}
RESULT: {}
COMMAND: GET /session/baa8cc8c703ae50a3cfee07d32ab3bfd/screenshot - {}
RESULT: {}
COMMAND: POST /session/baa8cc8c703ae50a3cfee07d32ab3bfd/element - {"using":"xpath","value":"//bdi[contains(text(), \"OK\")]"}
RESULT: {"using":"xpath","value":"//bdi[contains(text(), \"OK\")]"}
COMMAND: POST /session/baa8cc8c703ae50a3cfee07d32ab3bfd/element/f.A7D77B31E8FD2DE6ABF8E388F5FFE54F.d.02563A239A1A0164B9316F05360A4D5D.e.9722/click - {}
RESULT: {}
COMMAND: GET /session/baa8cc8c703ae50a3cfee07d32ab3bfd/screenshot - {}
RESULT: {}
COMMAND: POST /session/baa8cc8c703ae50a3cfee07d32ab3bfd/execute/async - {"script":"<script> [1562 bytes]","args":[{"selector":{"id":"application-manageresources-display-component---newResourceUnit--newRRUPage-anchBar-application-manageresources-display-component---newResourceUnit--resource-anchor","interaction":{"idSuffix":"BDI-content"}},"wdio_ui5_key":"applicationmanageresources-display-component---newResourceUnit--newRRUPage-anchBar-application-manageresources-display-component---newResourceUnit--resource-anchor"}]}
RESULT: {"script":"<script> [1562 bytes]","args":[{"selector":{"id":"application-manageresources-display-component---newResourceUnit--newRRUPage-anchBar-application-manageresources-display-component---newResourceUnit--resource-anchor","interaction":{"idSuffix":"BDI-content"}},"wdio_ui5_key":"applicationmanageresources-display-component---newResourceUnit--newRRUPage-anchBar-application-manageresources-display-component---newResourceUnit--resource-anchor"}]}
RESULT: undefined
COMMAND: POST /session/baa8cc8c703ae50a3cfee07d32ab3bfd/element - {"using":"xpath","value":"//*[@id=\"application-manageresources-display-component---newResourceUnit--newRRUPage-anchBar-application-manageresources-display-component---newResourceUnit--resource-anchor\"]"}
RESULT: {"using":"xpath","value":"//*[@id=\"application-manageresources-display-component---newResourceUnit--newRRUPage-anchBar-application-manageresources-display-component---newResourceUnit--resource-anchor\"]"}
COMMAND: POST /session/baa8cc8c703ae50a3cfee07d32ab3bfd/element/f.A7D77B31E8FD2DE6ABF8E388F5FFE54F.d.02563A239A1A0164B9316F05360A4D5D.e.9726/click - {}
RESULT: {}
COMMAND: POST /session/baa8cc8c703ae50a3cfee07d32ab3bfd/execute/async - {"script":"<script> [1562 bytes]","args":[{"selector":{"id":"application-manageresources-display-component---newResourceUnit--PLANNED_DELIVERY_DATE","interaction":{"idSuffix":"inner"}},"wdio_ui5_key":"applicationmanageresources-display-component---newResourceUnit--PLANNED_DELIVERY_DATE"}]}
COMMAND: GET /session/baa8cc8c703ae50a3cfee07d32ab3bfd/screenshot - {}
RESULT: {"script":"<script> [1562 bytes]","args":[{"selector":{"id":"application-manageresources-display-component---newResourceUnit--PLANNED_DELIVERY_DATE","interaction":{"idSuffix":"inner"}},"wdio_ui5_key":"applicationmanageresources-display-component---newResourceUnit--PLANNED_DELIVERY_DATE"}]}
RESULT: undefined
COMMAND: POST /session/baa8cc8c703ae50a3cfee07d32ab3bfd/execute/async - {"script":"<script> [6424 bytes]","args":[{"element-6066-11e4-a52e-4f735466cecf":"f.A7D77B31E8FD2DE6ABF8E388F5FFE54F.d.02563A239A1A0164B9316F05360A4D5D.e.9588"},"setValue",["4/23/25"]]}
RESULT: {}
RESULT: {"script":"<script> [6424 bytes]","args":[{"element-6066-11e4-a52e-4f735466cecf":"f.A7D77B31E8FD2DE6ABF8E388F5FFE54F.d.02563A239A1A0164B9316F05360A4D5D.e.9588"},"setValue",["4/23/25"]]}
COMMAND: POST /session/baa8cc8c703ae50a3cfee07d32ab3bfd/element - {"using":"xpath","value":"//button[@data-kt=\"resourceUnitSaveButton\"]"}
RESULT: {"using":"xpath","value":"//button[@data-kt=\"resourceUnitSaveButton\"]"}
COMMAND: POST /session/baa8cc8c703ae50a3cfee07d32ab3bfd/element/f.A7D77B31E8FD2DE6ABF8E388F5FFE54F.d.02563A239A1A0164B9316F05360A4D5D.e.9548/click - {}
RESULT: {}
COMMAND: GET /session/baa8cc8c703ae50a3cfee07d32ab3bfd/screenshot - {}
RESULT: {}
COMMAND: POST /session/baa8cc8c703ae50a3cfee07d32ab3bfd/element - {"using":"xpath","value":"//bdi[contains(text(), \"Close\")]"}
RESULT: {"using":"xpath","value":"//bdi[contains(text(), \"Close\")]"}
COMMAND: POST /session/baa8cc8c703ae50a3cfee07d32ab3bfd/element/f.A7D77B31E8FD2DE6ABF8E388F5FFE54F.d.02563A239A1A0164B9316F05360A4D5D.e.9734/click - {}
RESULT: {}
COMMAND: GET /session/baa8cc8c703ae50a3cfee07d32ab3bfd/screenshot - {}
RESULT: {}
COMMAND: POST /session/baa8cc8c703ae50a3cfee07d32ab3bfd/element - {"using":"xpath","value":"//bdi[contains(text(), \"Edit\")]"}
RESULT: {"using":"xpath","value":"//bdi[contains(text(), \"Edit\")]"}
COMMAND: POST /session/baa8cc8c703ae50a3cfee07d32ab3bfd/execute/sync - {"script":"<script> [8489 bytes]","args":[{"element-6066-11e4-a52e-4f735466cecf":"f.A7D77B31E8FD2DE6ABF8E388F5FFE54F.d.02563A239A1A0164B9316F05360A4D5D.e.9766","ELEMENT":"f.A7D77B31E8FD2DE6ABF8E388F5FFE54F.d.02563A239A1A0164B9316F05360A4D5D.e.9766"}]}
RESULT: {"script":"<script> [8489 bytes]","args":[{"element-6066-11e4-a52e-4f735466cecf":"f.A7D77B31E8FD2DE6ABF8E388F5FFE54F.d.02563A239A1A0164B9316F05360A4D5D.e.9766","ELEMENT":"f.A7D77B31E8FD2DE6ABF8E388F5FFE54F.d.02563A239A1A0164B9316F05360A4D5D.e.9766"}]}
COMMAND: POST /session/baa8cc8c703ae50a3cfee07d32ab3bfd/element/f.A7D77B31E8FD2DE6ABF8E388F5FFE54F.d.02563A239A1A0164B9316F05360A4D5D.e.9766/click - {}
COMMAND: GET /session/baa8cc8c703ae50a3cfee07d32ab3bfd/screenshot - {}
RESULT: {}
COMMAND: GET /session/baa8cc8c703ae50a3cfee07d32ab3bfd/screenshot - {}
RESULT: {}
RESULT: {}
COMMAND: POST /session/baa8cc8c703ae50a3cfee07d32ab3bfd/execute/async - {"script":"<script> [1562 bytes]","args":[{"selector":{"id":"application-manageresources-display-component---editResource--editRruPage-anchBar-application-manageresources-display-component---editResource--counters-anchor","interaction":{"idSuffix":"BDI-content"}},"wdio_ui5_key":"applicationmanageresources-display-component---editResource--editRruPage-anchBar-application-manageresources-display-component---editResource--counters-anchor"}]}
RESULT: {"script":"<script> [1562 bytes]","args":[{"selector":{"id":"application-manageresources-display-component---editResource--editRruPage-anchBar-application-manageresources-display-component---editResource--counters-anchor","interaction":{"idSuffix":"BDI-content"}},"wdio_ui5_key":"applicationmanageresources-display-component---editResource--editRruPage-anchBar-application-manageresources-display-component---editResource--counters-anchor"}]}
RESULT: undefined
COMMAND: POST /session/baa8cc8c703ae50a3cfee07d32ab3bfd/element - {"using":"xpath","value":"//*[@id=\"application-manageresources-display-component---editResource--editRruPage-anchBar-application-manageresources-display-component---editResource--counters-anchor\"]"}
RESULT: {"using":"xpath","value":"//*[@id=\"application-manageresources-display-component---editResource--editRruPage-anchBar-application-manageresources-display-component---editResource--counters-anchor\"]"}
COMMAND: POST /session/baa8cc8c703ae50a3cfee07d32ab3bfd/element/f.A7D77B31E8FD2DE6ABF8E388F5FFE54F.d.02563A239A1A0164B9316F05360A4D5D.e.9877/click - {}
RESULT: {}
COMMAND: GET /session/baa8cc8c703ae50a3cfee07d32ab3bfd/screenshot - {}
RESULT: {}
COMMAND: POST /session/baa8cc8c703ae50a3cfee07d32ab3bfd/execute/async - {"script":"<script> [1562 bytes]","args":[{"selector":{"id":"application-manageresources-display-component---editResource--btnAddCounter-img"},"wdio_ui5_key":"applicationmanageresources-display-component---editResource--btnAddCounter-img"}]}
RESULT: {"script":"<script> [1562 bytes]","args":[{"selector":{"id":"application-manageresources-display-component---editResource--btnAddCounter-img"},"wdio_ui5_key":"applicationmanageresources-display-component---editResource--btnAddCounter-img"}]}
RESULT: undefined
COMMAND: POST /session/baa8cc8c703ae50a3cfee07d32ab3bfd/element - {"using":"xpath","value":"//*[@id=\"application-manageresources-display-component---editResource--btnAddCounter-img\"]"}
RESULT: {"using":"xpath","value":"//*[@id=\"application-manageresources-display-component---editResource--btnAddCounter-img\"]"}
COMMAND: POST /session/baa8cc8c703ae50a3cfee07d32ab3bfd/element/f.A7D77B31E8FD2DE6ABF8E388F5FFE54F.d.02563A239A1A0164B9316F05360A4D5D.e.9911/click - {}
RESULT: {}
COMMAND: POST /session/baa8cc8c703ae50a3cfee07d32ab3bfd/execute/async - {"script":"<script> [1562 bytes]","args":[{"selector":{"id":"application-manageresources-display-component---editResource--COUNTER_ID-application-manageresources-display-component---editResource--RUCounters-0-arrow"},"wdio_ui5_key":"applicationmanageresources-display-component---editResource--COUNTER_ID-application-manageresources-display-component---editResource--RUCounters-0-arrow"}]}
COMMAND: GET /session/baa8cc8c703ae50a3cfee07d32ab3bfd/screenshot - {}
RESULT: {"script":"<script> [1562 bytes]","args":[{"selector":{"id":"application-manageresources-display-component---editResource--COUNTER_ID-application-manageresources-display-component---editResource--RUCounters-0-arrow"},"wdio_ui5_key":"applicationmanageresources-display-component---editResource--COUNTER_ID-application-manageresources-display-component---editResource--RUCounters-0-arrow"}]}
RESULT: undefined
COMMAND: POST /session/baa8cc8c703ae50a3cfee07d32ab3bfd/element - {"using":"xpath","value":"//*[@id=\"application-manageresources-display-component---editResource--COUNTER_ID-application-manageresources-display-component---editResource--RUCounters-0-arrow\"]"}
RESULT: {}
RESULT: {"using":"xpath","value":"//*[@id=\"application-manageresources-display-component---editResource--COUNTER_ID-application-manageresources-display-component---editResource--RUCounters-0-arrow\"]"}
COMMAND: POST /session/baa8cc8c703ae50a3cfee07d32ab3bfd/element/f.A7D77B31E8FD2DE6ABF8E388F5FFE54F.d.02563A239A1A0164B9316F05360A4D5D.e.9916/click - {}
RESULT: {}
COMMAND: POST /session/baa8cc8c703ae50a3cfee07d32ab3bfd/execute/async - {"script":"<script> [1562 bytes]","args":[{"selector":{"controlType":"sap.m.StandardListItem","viewName":"etm.portal.ui.manageresources.view.EditResource","viewId":"application-manageresources-display-component---editResource","properties":{"title":"fuel"},"searchOpenDialogs":true,"interaction":{"idSuffix":"content"}},"wdio_ui5_key":"etmportal.ui.manageresources.view.EditResourcesap.m.StandardListItem{\"title\":\"fuel\"}"}]}
COMMAND: GET /session/baa8cc8c703ae50a3cfee07d32ab3bfd/screenshot - {}
RESULT: {"script":"<script> [1562 bytes]","args":[{"selector":{"controlType":"sap.m.StandardListItem","viewName":"etm.portal.ui.manageresources.view.EditResource","viewId":"application-manageresources-display-component---editResource","properties":{"title":"fuel"},"searchOpenDialogs":true,"interaction":{"idSuffix":"content"}},"wdio_ui5_key":"etmportal.ui.manageresources.view.EditResourcesap.m.StandardListItem{\"title\":\"fuel\"}"}]}
RESULT: undefined
COMMAND: POST /session/baa8cc8c703ae50a3cfee07d32ab3bfd/element - {"using":"xpath","value":"//*[@id=\"__item1310\"]"}
RESULT: {}
RESULT: {"using":"xpath","value":"//*[@id=\"__item1310\"]"}
COMMAND: POST /session/baa8cc8c703ae50a3cfee07d32ab3bfd/element/f.A7D77B31E8FD2DE6ABF8E388F5FFE54F.d.02563A239A1A0164B9316F05360A4D5D.e.9918/click - {}
RESULT: {}
COMMAND: GET /session/baa8cc8c703ae50a3cfee07d32ab3bfd/screenshot - {}
RESULT: {}
COMMAND: POST /session/baa8cc8c703ae50a3cfee07d32ab3bfd/element - {"using":"xpath","value":"//button[@data-kt=\"saveButton\"]"}
RESULT: {"using":"xpath","value":"//button[@data-kt=\"saveButton\"]"}
COMMAND: POST /session/baa8cc8c703ae50a3cfee07d32ab3bfd/element/f.A7D77B31E8FD2DE6ABF8E388F5FFE54F.d.02563A239A1A0164B9316F05360A4D5D.e.9919/click - {}
RESULT: {}
COMMAND: GET /session/baa8cc8c703ae50a3cfee07d32ab3bfd/screenshot - {}
RESULT: {}
COMMAND: POST /session/baa8cc8c703ae50a3cfee07d32ab3bfd/element - {"using":"xpath","value":"(//button[contains(@id ,\"actionsToolbar-overflowButton\")])[1]"}
RESULT: {"using":"xpath","value":"(//button[contains(@id ,\"actionsToolbar-overflowButton\")])[1]"}
COMMAND: POST /session/baa8cc8c703ae50a3cfee07d32ab3bfd/element/f.A7D77B31E8FD2DE6ABF8E388F5FFE54F.d.02563A239A1A0164B9316F05360A4D5D.e.9931/click - {}
RESULT: {}
COMMAND: GET /session/baa8cc8c703ae50a3cfee07d32ab3bfd/screenshot - {}
RESULT: {}
COMMAND: POST /session/baa8cc8c703ae50a3cfee07d32ab3bfd/element - {"using":"xpath","value":"//button[@data-kt=\"priceInfoButton\"]"}
RESULT: {"using":"xpath","value":"//button[@data-kt=\"priceInfoButton\"]"}
COMMAND: POST /session/baa8cc8c703ae50a3cfee07d32ab3bfd/element/f.A7D77B31E8FD2DE6ABF8E388F5FFE54F.d.02563A239A1A0164B9316F05360A4D5D.e.9933/click - {}
RESULT: {}
COMMAND: GET /session/baa8cc8c703ae50a3cfee07d32ab3bfd/screenshot - {}
]]></system-out>
    </testcase>
    <testcase classname="chrome.135_0_7049_42.windows.Create_master_data_for_mixed_billing_&amp;_do_billing_calculation_US151661" name="Should create a TB pricing procedure" time="53.261">
      <system-out><![CDATA[
COMMAND: POST /session/baa8cc8c703ae50a3cfee07d32ab3bfd/element - {"using":"xpath","value":"//button[@data-kt=\"addButton\"]"}
RESULT: {}
RESULT: {"using":"xpath","value":"//button[@data-kt=\"addButton\"]"}
COMMAND: POST /session/baa8cc8c703ae50a3cfee07d32ab3bfd/elements - {"using":"xpath","value":"//button[@data-kt=\"addButton\"]"}
RESULT: {"using":"xpath","value":"//button[@data-kt=\"addButton\"]"}
COMMAND: POST /session/baa8cc8c703ae50a3cfee07d32ab3bfd/execute/sync - {"script":"<script> [8489 bytes]","args":[{"element-6066-11e4-a52e-4f735466cecf":"f.A7D77B31E8FD2DE6ABF8E388F5FFE54F.d.02563A239A1A0164B9316F05360A4D5D.e.9969","ELEMENT":"f.A7D77B31E8FD2DE6ABF8E388F5FFE54F.d.02563A239A1A0164B9316F05360A4D5D.e.9969"}]}
RESULT: {"script":"<script> [8489 bytes]","args":[{"element-6066-11e4-a52e-4f735466cecf":"f.A7D77B31E8FD2DE6ABF8E388F5FFE54F.d.02563A239A1A0164B9316F05360A4D5D.e.9969","ELEMENT":"f.A7D77B31E8FD2DE6ABF8E388F5FFE54F.d.02563A239A1A0164B9316F05360A4D5D.e.9969"}]}
COMMAND: GET /session/baa8cc8c703ae50a3cfee07d32ab3bfd/element/f.A7D77B31E8FD2DE6ABF8E388F5FFE54F.d.02563A239A1A0164B9316F05360A4D5D.e.9969/enabled - {}
COMMAND: GET /session/baa8cc8c703ae50a3cfee07d32ab3bfd/screenshot - {}
RESULT: {}
COMMAND: POST /session/baa8cc8c703ae50a3cfee07d32ab3bfd/execute/sync - {"script":"<script> [8489 bytes]","args":[{"element-6066-11e4-a52e-4f735466cecf":"f.A7D77B31E8FD2DE6ABF8E388F5FFE54F.d.02563A239A1A0164B9316F05360A4D5D.e.9969","ELEMENT":"f.A7D77B31E8FD2DE6ABF8E388F5FFE54F.d.02563A239A1A0164B9316F05360A4D5D.e.9969"}]}
COMMAND: GET /session/baa8cc8c703ae50a3cfee07d32ab3bfd/screenshot - {}
RESULT: {}
RESULT: {"script":"<script> [8489 bytes]","args":[{"element-6066-11e4-a52e-4f735466cecf":"f.A7D77B31E8FD2DE6ABF8E388F5FFE54F.d.02563A239A1A0164B9316F05360A4D5D.e.9969","ELEMENT":"f.A7D77B31E8FD2DE6ABF8E388F5FFE54F.d.02563A239A1A0164B9316F05360A4D5D.e.9969"}]}
COMMAND: POST /session/baa8cc8c703ae50a3cfee07d32ab3bfd/execute/sync - {"script":"<script> [5351 bytes]","args":[{"element-6066-11e4-a52e-4f735466cecf":"f.A7D77B31E8FD2DE6ABF8E388F5FFE54F.d.02563A239A1A0164B9316F05360A4D5D.e.9969","ELEMENT":"f.A7D77B31E8FD2DE6ABF8E388F5FFE54F.d.02563A239A1A0164B9316F05360A4D5D.e.9969"}]}
COMMAND: GET /session/baa8cc8c703ae50a3cfee07d32ab3bfd/screenshot - {}
RESULT: {}
RESULT: {"script":"<script> [5351 bytes]","args":[{"element-6066-11e4-a52e-4f735466cecf":"f.A7D77B31E8FD2DE6ABF8E388F5FFE54F.d.02563A239A1A0164B9316F05360A4D5D.e.9969","ELEMENT":"f.A7D77B31E8FD2DE6ABF8E388F5FFE54F.d.02563A239A1A0164B9316F05360A4D5D.e.9969"}]}
COMMAND: POST /session/baa8cc8c703ae50a3cfee07d32ab3bfd/element/f.A7D77B31E8FD2DE6ABF8E388F5FFE54F.d.02563A239A1A0164B9316F05360A4D5D.e.9969/click - {}
COMMAND: GET /session/baa8cc8c703ae50a3cfee07d32ab3bfd/screenshot - {}
RESULT: {}
RESULT: {}
COMMAND: GET /session/baa8cc8c703ae50a3cfee07d32ab3bfd/screenshot - {}
RESULT: {}
RESULT: {}
COMMAND: POST /session/baa8cc8c703ae50a3cfee07d32ab3bfd/execute/async - {"script":"<script> [1562 bytes]","args":[{"selector":{"controlType":"sap.m.Title","viewName":"etm.portal.ui.managepricingrules.view.NewItem","viewId":"application-managepricingrules-display-component---newInfoPriceItem","properties":{"text":"New Pricing Rules - Item Level"}},"wdio_ui5_key":"etmportal.ui.managepricingrules.view.NewItemsap.m.Title{\"text\":\"New Pricing Rules - Item Level\"}"}]}
RESULT: {"script":"<script> [1562 bytes]","args":[{"selector":{"controlType":"sap.m.Title","viewName":"etm.portal.ui.managepricingrules.view.NewItem","viewId":"application-managepricingrules-display-component---newInfoPriceItem","properties":{"text":"New Pricing Rules - Item Level"}},"wdio_ui5_key":"etmportal.ui.managepricingrules.view.NewItemsap.m.Title{\"text\":\"New Pricing Rules - Item Level\"}"}]}
RESULT: undefined
COMMAND: POST /session/baa8cc8c703ae50a3cfee07d32ab3bfd/execute/async - {"script":"<script> [6424 bytes]","args":[{"element-6066-11e4-a52e-4f735466cecf":"f.A7D77B31E8FD2DE6ABF8E388F5FFE54F.d.02563A239A1A0164B9316F05360A4D5D.e.10127"},"getText",[]]}
RESULT: {"script":"<script> [6424 bytes]","args":[{"element-6066-11e4-a52e-4f735466cecf":"f.A7D77B31E8FD2DE6ABF8E388F5FFE54F.d.02563A239A1A0164B9316F05360A4D5D.e.10127"},"getText",[]]}
COMMAND: POST /session/baa8cc8c703ae50a3cfee07d32ab3bfd/execute/async - {"script":"<script> [1562 bytes]","args":[{"selector":{"id":"application-managepricingrules-display-component---newInfoPriceItem--condValidTo","interaction":{"idSuffix":"inner"}},"wdio_ui5_key":"applicationmanagepricingrules-display-component---newInfoPriceItem--condValidTo"}]}
RESULT: {"script":"<script> [1562 bytes]","args":[{"selector":{"id":"application-managepricingrules-display-component---newInfoPriceItem--condValidTo","interaction":{"idSuffix":"inner"}},"wdio_ui5_key":"applicationmanagepricingrules-display-component---newInfoPriceItem--condValidTo"}]}
RESULT: undefined
COMMAND: POST /session/baa8cc8c703ae50a3cfee07d32ab3bfd/execute/async - {"script":"<script> [776 bytes]","args":[{"enterText":"12/23/25","selector":{"id":"application-managepricingrules-display-component---newInfoPriceItem--condValidTo","interaction":{"idSuffix":"inner"}},"clearTextFirst":true,"interactionType":"ENTER_TEXT"}]}
RESULT: {"script":"<script> [776 bytes]","args":[{"enterText":"12/23/25","selector":{"id":"application-managepricingrules-display-component---newInfoPriceItem--condValidTo","interaction":{"idSuffix":"inner"}},"clearTextFirst":true,"interactionType":"ENTER_TEXT"}]}
COMMAND: POST /session/baa8cc8c703ae50a3cfee07d32ab3bfd/execute/async - {"script":"<script> [1562 bytes]","args":[{"selector":{"id":"application-managepricingrules-display-component---newInfoPriceItem--billType-arrow"},"wdio_ui5_key":"applicationmanagepricingrules-display-component---newInfoPriceItem--billType-arrow"}]}
RESULT: {"script":"<script> [1562 bytes]","args":[{"selector":{"id":"application-managepricingrules-display-component---newInfoPriceItem--billType-arrow"},"wdio_ui5_key":"applicationmanagepricingrules-display-component---newInfoPriceItem--billType-arrow"}]}
RESULT: undefined
COMMAND: POST /session/baa8cc8c703ae50a3cfee07d32ab3bfd/element - {"using":"xpath","value":"//*[@id=\"application-managepricingrules-display-component---newInfoPriceItem--billType-arrow\"]"}
RESULT: {"using":"xpath","value":"//*[@id=\"application-managepricingrules-display-component---newInfoPriceItem--billType-arrow\"]"}
COMMAND: POST /session/baa8cc8c703ae50a3cfee07d32ab3bfd/element/f.A7D77B31E8FD2DE6ABF8E388F5FFE54F.d.02563A239A1A0164B9316F05360A4D5D.e.10131/click - {}
RESULT: {}
COMMAND: POST /session/baa8cc8c703ae50a3cfee07d32ab3bfd/element - {"using":"xpath","value":"//span[contains(text(), \"TB - Time based\")]"}
COMMAND: GET /session/baa8cc8c703ae50a3cfee07d32ab3bfd/screenshot - {}
RESULT: {"using":"xpath","value":"//span[contains(text(), \"TB - Time based\")]"}
COMMAND: POST /session/baa8cc8c703ae50a3cfee07d32ab3bfd/element/f.A7D77B31E8FD2DE6ABF8E388F5FFE54F.d.02563A239A1A0164B9316F05360A4D5D.e.10132/click - {}
RESULT: {}
RESULT: {}
COMMAND: POST /session/baa8cc8c703ae50a3cfee07d32ab3bfd/execute/async - {"script":"<script> [1562 bytes]","args":[{"selector":{"id":"application-managepricingrules-display-component---newInfoPriceItem--priceProc-arrow"},"wdio_ui5_key":"applicationmanagepricingrules-display-component---newInfoPriceItem--priceProc-arrow"}]}
COMMAND: GET /session/baa8cc8c703ae50a3cfee07d32ab3bfd/screenshot - {}
RESULT: {"script":"<script> [1562 bytes]","args":[{"selector":{"id":"application-managepricingrules-display-component---newInfoPriceItem--priceProc-arrow"},"wdio_ui5_key":"applicationmanagepricingrules-display-component---newInfoPriceItem--priceProc-arrow"}]}
RESULT: undefined
COMMAND: POST /session/baa8cc8c703ae50a3cfee07d32ab3bfd/element - {"using":"xpath","value":"//*[@id=\"application-managepricingrules-display-component---newInfoPriceItem--priceProc-arrow\"]"}
RESULT: {}
RESULT: {"using":"xpath","value":"//*[@id=\"application-managepricingrules-display-component---newInfoPriceItem--priceProc-arrow\"]"}
COMMAND: POST /session/baa8cc8c703ae50a3cfee07d32ab3bfd/element/f.A7D77B31E8FD2DE6ABF8E388F5FFE54F.d.02563A239A1A0164B9316F05360A4D5D.e.10097/click - {}
RESULT: {}
COMMAND: POST /session/baa8cc8c703ae50a3cfee07d32ab3bfd/element - {"using":"xpath","value":"//span[contains(text(), \"TB - Time based BGL\")]"}
COMMAND: GET /session/baa8cc8c703ae50a3cfee07d32ab3bfd/screenshot - {}
RESULT: {"using":"xpath","value":"//span[contains(text(), \"TB - Time based BGL\")]"}
COMMAND: POST /session/baa8cc8c703ae50a3cfee07d32ab3bfd/element/f.A7D77B31E8FD2DE6ABF8E388F5FFE54F.d.02563A239A1A0164B9316F05360A4D5D.e.10133/click - {}
RESULT: {}
RESULT: {}
COMMAND: POST /session/baa8cc8c703ae50a3cfee07d32ab3bfd/execute/async - {"script":"<script> [1562 bytes]","args":[{"selector":{"id":"application-managepricingrules-display-component---newInfoPriceItem--calcBase-arrow"},"wdio_ui5_key":"applicationmanagepricingrules-display-component---newInfoPriceItem--calcBase-arrow"}]}
COMMAND: GET /session/baa8cc8c703ae50a3cfee07d32ab3bfd/screenshot - {}
RESULT: {"script":"<script> [1562 bytes]","args":[{"selector":{"id":"application-managepricingrules-display-component---newInfoPriceItem--calcBase-arrow"},"wdio_ui5_key":"applicationmanagepricingrules-display-component---newInfoPriceItem--calcBase-arrow"}]}
RESULT: undefined
COMMAND: POST /session/baa8cc8c703ae50a3cfee07d32ab3bfd/element - {"using":"xpath","value":"//*[@id=\"application-managepricingrules-display-component---newInfoPriceItem--calcBase-arrow\"]"}
RESULT: {}
RESULT: {"using":"xpath","value":"//*[@id=\"application-managepricingrules-display-component---newInfoPriceItem--calcBase-arrow\"]"}
COMMAND: POST /session/baa8cc8c703ae50a3cfee07d32ab3bfd/element/f.A7D77B31E8FD2DE6ABF8E388F5FFE54F.d.02563A239A1A0164B9316F05360A4D5D.e.10104/click - {}
RESULT: {}
COMMAND: GET /session/baa8cc8c703ae50a3cfee07d32ab3bfd/screenshot - {}
RESULT: {}
COMMAND: POST /session/baa8cc8c703ae50a3cfee07d32ab3bfd/element - {"using":"xpath","value":"//span[contains(text(), \"0006 - TB(calendar days)\")]"}
RESULT: {"using":"xpath","value":"//span[contains(text(), \"0006 - TB(calendar days)\")]"}
COMMAND: POST /session/baa8cc8c703ae50a3cfee07d32ab3bfd/element/f.A7D77B31E8FD2DE6ABF8E388F5FFE54F.d.02563A239A1A0164B9316F05360A4D5D.e.10134/click - {}
RESULT: {}
COMMAND: GET /session/baa8cc8c703ae50a3cfee07d32ab3bfd/screenshot - {}
RESULT: {}
COMMAND: POST /session/baa8cc8c703ae50a3cfee07d32ab3bfd/execute/async - {"script":"<script> [1562 bytes]","args":[{"selector":{"id":"application-managepricingrules-display-component---newInfoPriceItem--hoursMonth","interaction":{"idSuffix":"inner"}},"wdio_ui5_key":"applicationmanagepricingrules-display-component---newInfoPriceItem--hoursMonth"}]}
RESULT: {"script":"<script> [1562 bytes]","args":[{"selector":{"id":"application-managepricingrules-display-component---newInfoPriceItem--hoursMonth","interaction":{"idSuffix":"inner"}},"wdio_ui5_key":"applicationmanagepricingrules-display-component---newInfoPriceItem--hoursMonth"}]}
RESULT: undefined
COMMAND: POST /session/baa8cc8c703ae50a3cfee07d32ab3bfd/execute/async - {"script":"<script> [776 bytes]","args":[{"enterText":"160","selector":{"id":"application-managepricingrules-display-component---newInfoPriceItem--hoursMonth","interaction":{"idSuffix":"inner"}},"clearTextFirst":true,"interactionType":"ENTER_TEXT"}]}
RESULT: {"script":"<script> [776 bytes]","args":[{"enterText":"160","selector":{"id":"application-managepricingrules-display-component---newInfoPriceItem--hoursMonth","interaction":{"idSuffix":"inner"}},"clearTextFirst":true,"interactionType":"ENTER_TEXT"}]}
COMMAND: POST /session/baa8cc8c703ae50a3cfee07d32ab3bfd/execute/async - {"script":"<script> [1562 bytes]","args":[{"selector":{"id":"application-managepricingrules-display-component---newInfoPriceItem--daysMonth","interaction":{"idSuffix":"inner"}},"wdio_ui5_key":"applicationmanagepricingrules-display-component---newInfoPriceItem--daysMonth"}]}
RESULT: {"script":"<script> [1562 bytes]","args":[{"selector":{"id":"application-managepricingrules-display-component---newInfoPriceItem--daysMonth","interaction":{"idSuffix":"inner"}},"wdio_ui5_key":"applicationmanagepricingrules-display-component---newInfoPriceItem--daysMonth"}]}
RESULT: undefined
COMMAND: POST /session/baa8cc8c703ae50a3cfee07d32ab3bfd/execute/async - {"script":"<script> [776 bytes]","args":[{"enterText":"30","selector":{"id":"application-managepricingrules-display-component---newInfoPriceItem--daysMonth","interaction":{"idSuffix":"inner"}},"clearTextFirst":true,"interactionType":"ENTER_TEXT"}]}
RESULT: {"script":"<script> [776 bytes]","args":[{"enterText":"30","selector":{"id":"application-managepricingrules-display-component---newInfoPriceItem--daysMonth","interaction":{"idSuffix":"inner"}},"clearTextFirst":true,"interactionType":"ENTER_TEXT"}]}
COMMAND: POST /session/baa8cc8c703ae50a3cfee07d32ab3bfd/element - {"using":"xpath","value":"//button[@data-kt=\"saveNewRuleButton\"]"}
RESULT: {"using":"xpath","value":"//button[@data-kt=\"saveNewRuleButton\"]"}
COMMAND: POST /session/baa8cc8c703ae50a3cfee07d32ab3bfd/element/f.A7D77B31E8FD2DE6ABF8E388F5FFE54F.d.02563A239A1A0164B9316F05360A4D5D.e.10120/click - {}
RESULT: {}
COMMAND: GET /session/baa8cc8c703ae50a3cfee07d32ab3bfd/screenshot - {}
RESULT: {}
COMMAND: POST /session/baa8cc8c703ae50a3cfee07d32ab3bfd/execute/async - {"script":"<script> [1562 bytes]","args":[{"selector":{"id":"application-managepricingrules-display-component---priceInfoItem--smartFilterBar-btnBasicSearch","interaction":{"idSuffix":"I"}},"wdio_ui5_key":"applicationmanagepricingrules-display-component---priceInfoItem--smartFilterBar-btnBasicSearch"}]}
RESULT: {"script":"<script> [1562 bytes]","args":[{"selector":{"id":"application-managepricingrules-display-component---priceInfoItem--smartFilterBar-btnBasicSearch","interaction":{"idSuffix":"I"}},"wdio_ui5_key":"applicationmanagepricingrules-display-component---priceInfoItem--smartFilterBar-btnBasicSearch"}]}
RESULT: undefined
COMMAND: POST /session/baa8cc8c703ae50a3cfee07d32ab3bfd/execute/async - {"script":"<script> [776 bytes]","args":[{"enterText":"CtV80hcYKK","selector":{"id":"application-managepricingrules-display-component---priceInfoItem--smartFilterBar-btnBasicSearch","interaction":{"idSuffix":"I"}},"clearTextFirst":true,"interactionType":"ENTER_TEXT"}]}
RESULT: {"script":"<script> [776 bytes]","args":[{"enterText":"CtV80hcYKK","selector":{"id":"application-managepricingrules-display-component---priceInfoItem--smartFilterBar-btnBasicSearch","interaction":{"idSuffix":"I"}},"clearTextFirst":true,"interactionType":"ENTER_TEXT"}]}
COMMAND: POST /session/baa8cc8c703ae50a3cfee07d32ab3bfd/actions - {"actions":[{"id":"action29","type":"key","parameters":{},"actions":[{"type":"keyDown","value":""},{"type":"pause","duration":10},{"type":"keyUp","value":""}]}]}
RESULT: {"actions":[{"id":"action29","type":"key","parameters":{},"actions":[{"type":"keyDown","value":""},{"type":"pause","duration":10},{"type":"keyUp","value":""}]}]}
COMMAND: GET /session/baa8cc8c703ae50a3cfee07d32ab3bfd/screenshot - {}
RESULT: {}
COMMAND: POST /session/baa8cc8c703ae50a3cfee07d32ab3bfd/element - {"using":"xpath","value":"//span[@id=\"application-managepricingrules-display-component---priceInfoItem--smartTable-header-inner\"]"}
RESULT: {"using":"xpath","value":"//span[@id=\"application-managepricingrules-display-component---priceInfoItem--smartTable-header-inner\"]"}
COMMAND: POST /session/baa8cc8c703ae50a3cfee07d32ab3bfd/elements - {"using":"xpath","value":"//span[@id=\"application-managepricingrules-display-component---priceInfoItem--smartTable-header-inner\"]"}
RESULT: {"using":"xpath","value":"//span[@id=\"application-managepricingrules-display-component---priceInfoItem--smartTable-header-inner\"]"}
COMMAND: POST /session/baa8cc8c703ae50a3cfee07d32ab3bfd/execute/sync - {"script":"<script> [56 bytes]","args":[{"element-6066-11e4-a52e-4f735466cecf":"f.A7D77B31E8FD2DE6ABF8E388F5FFE54F.d.02563A239A1A0164B9316F05360A4D5D.e.10148","ELEMENT":"f.A7D77B31E8FD2DE6ABF8E388F5FFE54F.d.02563A239A1A0164B9316F05360A4D5D.e.10148"}]}
RESULT: {"script":"<script> [56 bytes]","args":[{"element-6066-11e4-a52e-4f735466cecf":"f.A7D77B31E8FD2DE6ABF8E388F5FFE54F.d.02563A239A1A0164B9316F05360A4D5D.e.10148","ELEMENT":"f.A7D77B31E8FD2DE6ABF8E388F5FFE54F.d.02563A239A1A0164B9316F05360A4D5D.e.10148"}]}
COMMAND: POST /session/baa8cc8c703ae50a3cfee07d32ab3bfd/element - {"using":"css selector","value":"#shell-header-logo"}
COMMAND: GET /session/baa8cc8c703ae50a3cfee07d32ab3bfd/screenshot - {}
RESULT: {"using":"css selector","value":"#shell-header-logo"}
COMMAND: POST /session/baa8cc8c703ae50a3cfee07d32ab3bfd/element/f.A7D77B31E8FD2DE6ABF8E388F5FFE54F.d.02563A239A1A0164B9316F05360A4D5D.e.9134/click - {}
RESULT: {}
RESULT: {}
COMMAND: GET /session/baa8cc8c703ae50a3cfee07d32ab3bfd/screenshot - {}
RESULT: {}
]]></system-out>
    </testcase>
    <testcase classname="chrome.135_0_7049_42.windows.Create_master_data_for_mixed_billing_&amp;_do_billing_calculation_US151661" name="Should add one time condition" time="62.154">
      <system-out><![CDATA[
COMMAND: POST /session/baa8cc8c703ae50a3cfee07d32ab3bfd/execute/async - {"script":"<script> [1562 bytes]","args":[{"selector":{"controlType":"sap.m.Text","properties":{"text":"Manage Conditions & Prices"},"interaction":{"idSuffix":"inner"}},"wdio_ui5_key":"sapm.Text{\"text\":\"Manage Conditions & Prices\"}"}]}
RESULT: {"script":"<script> [1562 bytes]","args":[{"selector":{"controlType":"sap.m.Text","properties":{"text":"Manage Conditions & Prices"},"interaction":{"idSuffix":"inner"}},"wdio_ui5_key":"sapm.Text{\"text\":\"Manage Conditions & Prices\"}"}]}
RESULT: undefined
COMMAND: POST /session/baa8cc8c703ae50a3cfee07d32ab3bfd/element - {"using":"xpath","value":"//*[@id=\"__tile93-title\"]"}
RESULT: {"using":"xpath","value":"//*[@id=\"__tile93-title\"]"}
COMMAND: POST /session/baa8cc8c703ae50a3cfee07d32ab3bfd/element/f.A7D77B31E8FD2DE6ABF8E388F5FFE54F.d.02563A239A1A0164B9316F05360A4D5D.e.10151/click - {}
RESULT: {}
COMMAND: POST /session/baa8cc8c703ae50a3cfee07d32ab3bfd/element - {"using":"xpath","value":"//button[@aria-label=\"Create\"]"}
COMMAND: GET /session/baa8cc8c703ae50a3cfee07d32ab3bfd/screenshot - {}
RESULT: {"using":"xpath","value":"//button[@aria-label=\"Create\"]"}
COMMAND: POST /session/baa8cc8c703ae50a3cfee07d32ab3bfd/elements - {"using":"xpath","value":"//button[@aria-label=\"Create\"]"}
RESULT: {}
RESULT: {"using":"xpath","value":"//button[@aria-label=\"Create\"]"}
COMMAND: POST /session/baa8cc8c703ae50a3cfee07d32ab3bfd/elements - {"using":"xpath","value":"//button[@aria-label=\"Create\"]"}
RESULT: {"using":"xpath","value":"//button[@aria-label=\"Create\"]"}
COMMAND: POST /session/baa8cc8c703ae50a3cfee07d32ab3bfd/elements - {"using":"xpath","value":"//button[@aria-label=\"Create\"]"}
RESULT: {"using":"xpath","value":"//button[@aria-label=\"Create\"]"}
COMMAND: POST /session/baa8cc8c703ae50a3cfee07d32ab3bfd/elements - {"using":"xpath","value":"//button[@aria-label=\"Create\"]"}
RESULT: {"using":"xpath","value":"//button[@aria-label=\"Create\"]"}
COMMAND: POST /session/baa8cc8c703ae50a3cfee07d32ab3bfd/elements - {"using":"xpath","value":"//button[@aria-label=\"Create\"]"}
RESULT: {"using":"xpath","value":"//button[@aria-label=\"Create\"]"}
COMMAND: POST /session/baa8cc8c703ae50a3cfee07d32ab3bfd/elements - {"using":"xpath","value":"//button[@aria-label=\"Create\"]"}
RESULT: {"using":"xpath","value":"//button[@aria-label=\"Create\"]"}
COMMAND: POST /session/baa8cc8c703ae50a3cfee07d32ab3bfd/elements - {"using":"xpath","value":"//button[@aria-label=\"Create\"]"}
RESULT: {"using":"xpath","value":"//button[@aria-label=\"Create\"]"}
COMMAND: POST /session/baa8cc8c703ae50a3cfee07d32ab3bfd/elements - {"using":"xpath","value":"//button[@aria-label=\"Create\"]"}
RESULT: {"using":"xpath","value":"//button[@aria-label=\"Create\"]"}
COMMAND: POST /session/baa8cc8c703ae50a3cfee07d32ab3bfd/elements - {"using":"xpath","value":"//button[@aria-label=\"Create\"]"}
RESULT: {"using":"xpath","value":"//button[@aria-label=\"Create\"]"}
COMMAND: POST /session/baa8cc8c703ae50a3cfee07d32ab3bfd/element - {"using":"xpath","value":"//button[@aria-label=\"Create\"]"}
RESULT: {"using":"xpath","value":"//button[@aria-label=\"Create\"]"}
COMMAND: POST /session/baa8cc8c703ae50a3cfee07d32ab3bfd/execute/sync - {"script":"<script> [8489 bytes]","args":[{"element-6066-11e4-a52e-4f735466cecf":"f.A7D77B31E8FD2DE6ABF8E388F5FFE54F.d.02563A239A1A0164B9316F05360A4D5D.e.10185","ELEMENT":"f.A7D77B31E8FD2DE6ABF8E388F5FFE54F.d.02563A239A1A0164B9316F05360A4D5D.e.10185"}]}
RESULT: {"script":"<script> [8489 bytes]","args":[{"element-6066-11e4-a52e-4f735466cecf":"f.A7D77B31E8FD2DE6ABF8E388F5FFE54F.d.02563A239A1A0164B9316F05360A4D5D.e.10185","ELEMENT":"f.A7D77B31E8FD2DE6ABF8E388F5FFE54F.d.02563A239A1A0164B9316F05360A4D5D.e.10185"}]}
COMMAND: GET /session/baa8cc8c703ae50a3cfee07d32ab3bfd/element/f.A7D77B31E8FD2DE6ABF8E388F5FFE54F.d.02563A239A1A0164B9316F05360A4D5D.e.10185/enabled - {}
COMMAND: GET /session/baa8cc8c703ae50a3cfee07d32ab3bfd/screenshot - {}
RESULT: {}
COMMAND: POST /session/baa8cc8c703ae50a3cfee07d32ab3bfd/execute/sync - {"script":"<script> [8489 bytes]","args":[{"element-6066-11e4-a52e-4f735466cecf":"f.A7D77B31E8FD2DE6ABF8E388F5FFE54F.d.02563A239A1A0164B9316F05360A4D5D.e.10185","ELEMENT":"f.A7D77B31E8FD2DE6ABF8E388F5FFE54F.d.02563A239A1A0164B9316F05360A4D5D.e.10185"}]}
COMMAND: GET /session/baa8cc8c703ae50a3cfee07d32ab3bfd/screenshot - {}
RESULT: {}
RESULT: {"script":"<script> [8489 bytes]","args":[{"element-6066-11e4-a52e-4f735466cecf":"f.A7D77B31E8FD2DE6ABF8E388F5FFE54F.d.02563A239A1A0164B9316F05360A4D5D.e.10185","ELEMENT":"f.A7D77B31E8FD2DE6ABF8E388F5FFE54F.d.02563A239A1A0164B9316F05360A4D5D.e.10185"}]}
COMMAND: POST /session/baa8cc8c703ae50a3cfee07d32ab3bfd/execute/sync - {"script":"<script> [5351 bytes]","args":[{"element-6066-11e4-a52e-4f735466cecf":"f.A7D77B31E8FD2DE6ABF8E388F5FFE54F.d.02563A239A1A0164B9316F05360A4D5D.e.10185","ELEMENT":"f.A7D77B31E8FD2DE6ABF8E388F5FFE54F.d.02563A239A1A0164B9316F05360A4D5D.e.10185"}]}
COMMAND: GET /session/baa8cc8c703ae50a3cfee07d32ab3bfd/screenshot - {}
RESULT: {}
RESULT: {"script":"<script> [5351 bytes]","args":[{"element-6066-11e4-a52e-4f735466cecf":"f.A7D77B31E8FD2DE6ABF8E388F5FFE54F.d.02563A239A1A0164B9316F05360A4D5D.e.10185","ELEMENT":"f.A7D77B31E8FD2DE6ABF8E388F5FFE54F.d.02563A239A1A0164B9316F05360A4D5D.e.10185"}]}
COMMAND: POST /session/baa8cc8c703ae50a3cfee07d32ab3bfd/element/f.A7D77B31E8FD2DE6ABF8E388F5FFE54F.d.02563A239A1A0164B9316F05360A4D5D.e.10185/click - {}
COMMAND: GET /session/baa8cc8c703ae50a3cfee07d32ab3bfd/screenshot - {}
RESULT: {}
RESULT: {}
COMMAND: GET /session/baa8cc8c703ae50a3cfee07d32ab3bfd/screenshot - {}
RESULT: {}
RESULT: {}
COMMAND: POST /session/baa8cc8c703ae50a3cfee07d32ab3bfd/actions - {"actions":[{"id":"action30","type":"key","parameters":{},"actions":[{"type":"keyDown","value":""},{"type":"pause","duration":10},{"type":"keyUp","value":""}]}]}
RESULT: {"actions":[{"id":"action30","type":"key","parameters":{},"actions":[{"type":"keyDown","value":""},{"type":"pause","duration":10},{"type":"keyUp","value":""}]}]}
COMMAND: GET /session/baa8cc8c703ae50a3cfee07d32ab3bfd/screenshot - {}
RESULT: {}
COMMAND: POST /session/baa8cc8c703ae50a3cfee07d32ab3bfd/execute/async - {"script":"<script> [1562 bytes]","args":[{"selector":{"id":"application-manageconditionprice-display-component---newCondition--condBillCond-arrow"},"wdio_ui5_key":"applicationmanageconditionprice-display-component---newCondition--condBillCond-arrow"}]}
RESULT: {"script":"<script> [1562 bytes]","args":[{"selector":{"id":"application-manageconditionprice-display-component---newCondition--condBillCond-arrow"},"wdio_ui5_key":"applicationmanageconditionprice-display-component---newCondition--condBillCond-arrow"}]}
RESULT: undefined
COMMAND: POST /session/baa8cc8c703ae50a3cfee07d32ab3bfd/element - {"using":"xpath","value":"//*[@id=\"application-manageconditionprice-display-component---newCondition--condBillCond-arrow\"]"}
RESULT: {"using":"xpath","value":"//*[@id=\"application-manageconditionprice-display-component---newCondition--condBillCond-arrow\"]"}
COMMAND: POST /session/baa8cc8c703ae50a3cfee07d32ab3bfd/element/f.A7D77B31E8FD2DE6ABF8E388F5FFE54F.d.02563A239A1A0164B9316F05360A4D5D.e.10365/click - {}
RESULT: {}
COMMAND: GET /session/baa8cc8c703ae50a3cfee07d32ab3bfd/screenshot - {}
RESULT: {}
COMMAND: POST /session/baa8cc8c703ae50a3cfee07d32ab3bfd/element - {"using":"xpath","value":"//li[.//span[contains(text(), \"SAPR - Sales price\")]]"}
RESULT: {"using":"xpath","value":"//li[.//span[contains(text(), \"SAPR - Sales price\")]]"}
COMMAND: POST /session/baa8cc8c703ae50a3cfee07d32ab3bfd/element/f.A7D77B31E8FD2DE6ABF8E388F5FFE54F.d.02563A239A1A0164B9316F05360A4D5D.e.10368/click - {}
RESULT: {}
COMMAND: GET /session/baa8cc8c703ae50a3cfee07d32ab3bfd/screenshot - {}
RESULT: {}
COMMAND: POST /session/baa8cc8c703ae50a3cfee07d32ab3bfd/execute/async - {"script":"<script> [1562 bytes]","args":[{"selector":{"id":"application-manageconditionprice-display-component---newCondition--condValidTo","interaction":{"idSuffix":"inner"}},"wdio_ui5_key":"applicationmanageconditionprice-display-component---newCondition--condValidTo"}]}
RESULT: {"script":"<script> [1562 bytes]","args":[{"selector":{"id":"application-manageconditionprice-display-component---newCondition--condValidTo","interaction":{"idSuffix":"inner"}},"wdio_ui5_key":"applicationmanageconditionprice-display-component---newCondition--condValidTo"}]}
RESULT: undefined
COMMAND: POST /session/baa8cc8c703ae50a3cfee07d32ab3bfd/execute/async - {"script":"<script> [776 bytes]","args":[{"enterText":"12/23/25","selector":{"id":"application-manageconditionprice-display-component---newCondition--condValidTo","interaction":{"idSuffix":"inner"}},"clearTextFirst":true,"interactionType":"ENTER_TEXT"}]}
RESULT: {"script":"<script> [776 bytes]","args":[{"enterText":"12/23/25","selector":{"id":"application-manageconditionprice-display-component---newCondition--condValidTo","interaction":{"idSuffix":"inner"}},"clearTextFirst":true,"interactionType":"ENTER_TEXT"}]}
COMMAND: POST /session/baa8cc8c703ae50a3cfee07d32ab3bfd/element - {"using":"xpath","value":"//input[@id=\"application-manageconditionprice-display-component---newCondition--condRU-inner\"]"}
RESULT: {"using":"xpath","value":"//input[@id=\"application-manageconditionprice-display-component---newCondition--condRU-inner\"]"}
COMMAND: POST /session/baa8cc8c703ae50a3cfee07d32ab3bfd/element/f.A7D77B31E8FD2DE6ABF8E388F5FFE54F.d.02563A239A1A0164B9316F05360A4D5D.e.10231/clear - {}
RESULT: {}
COMMAND: POST /session/baa8cc8c703ae50a3cfee07d32ab3bfd/element/f.A7D77B31E8FD2DE6ABF8E388F5FFE54F.d.02563A239A1A0164B9316F05360A4D5D.e.10231/value - {"text":"CtV80hcYKK"}
COMMAND: GET /session/baa8cc8c703ae50a3cfee07d32ab3bfd/screenshot - {}
RESULT: {"text":"CtV80hcYKK"}
COMMAND: GET /session/baa8cc8c703ae50a3cfee07d32ab3bfd/screenshot - {}
RESULT: {}
RESULT: {}
COMMAND: POST /session/baa8cc8c703ae50a3cfee07d32ab3bfd/actions - {"actions":[{"id":"action31","type":"key","parameters":{},"actions":[{"type":"keyDown","value":""},{"type":"pause","duration":10},{"type":"keyUp","value":""}]}]}
RESULT: {"actions":[{"id":"action31","type":"key","parameters":{},"actions":[{"type":"keyDown","value":""},{"type":"pause","duration":10},{"type":"keyUp","value":""}]}]}
COMMAND: POST /session/baa8cc8c703ae50a3cfee07d32ab3bfd/execute/async - {"script":"<script> [1562 bytes]","args":[{"selector":{"id":"application-manageconditionprice-display-component---newCondition--condBaseQty","interaction":{"idSuffix":"inner"}},"wdio_ui5_key":"applicationmanageconditionprice-display-component---newCondition--condBaseQty"}]}
COMMAND: GET /session/baa8cc8c703ae50a3cfee07d32ab3bfd/screenshot - {}
RESULT: {"script":"<script> [1562 bytes]","args":[{"selector":{"id":"application-manageconditionprice-display-component---newCondition--condBaseQty","interaction":{"idSuffix":"inner"}},"wdio_ui5_key":"applicationmanageconditionprice-display-component---newCondition--condBaseQty"}]}
RESULT: undefined
COMMAND: POST /session/baa8cc8c703ae50a3cfee07d32ab3bfd/execute/async - {"script":"<script> [776 bytes]","args":[{"enterText":"1","selector":{"id":"application-manageconditionprice-display-component---newCondition--condBaseQty","interaction":{"idSuffix":"inner"}},"clearTextFirst":true,"interactionType":"ENTER_TEXT"}]}
RESULT: {}
RESULT: {"script":"<script> [776 bytes]","args":[{"enterText":"1","selector":{"id":"application-manageconditionprice-display-component---newCondition--condBaseQty","interaction":{"idSuffix":"inner"}},"clearTextFirst":true,"interactionType":"ENTER_TEXT"}]}
COMMAND: POST /session/baa8cc8c703ae50a3cfee07d32ab3bfd/execute/async - {"script":"<script> [1562 bytes]","args":[{"selector":{"id":"application-manageconditionprice-display-component---newCondition--condValue","interaction":{"idSuffix":"inner"}},"wdio_ui5_key":"applicationmanageconditionprice-display-component---newCondition--condValue"}]}
RESULT: {"script":"<script> [1562 bytes]","args":[{"selector":{"id":"application-manageconditionprice-display-component---newCondition--condValue","interaction":{"idSuffix":"inner"}},"wdio_ui5_key":"applicationmanageconditionprice-display-component---newCondition--condValue"}]}
RESULT: undefined
COMMAND: POST /session/baa8cc8c703ae50a3cfee07d32ab3bfd/execute/async - {"script":"<script> [776 bytes]","args":[{"enterText":"200","selector":{"id":"application-manageconditionprice-display-component---newCondition--condValue","interaction":{"idSuffix":"inner"}},"clearTextFirst":true,"interactionType":"ENTER_TEXT"}]}
RESULT: {"script":"<script> [776 bytes]","args":[{"enterText":"200","selector":{"id":"application-manageconditionprice-display-component---newCondition--condValue","interaction":{"idSuffix":"inner"}},"clearTextFirst":true,"interactionType":"ENTER_TEXT"}]}
COMMAND: POST /session/baa8cc8c703ae50a3cfee07d32ab3bfd/execute/async - {"script":"<script> [1562 bytes]","args":[{"selector":{"id":"application-manageconditionprice-display-component---newCondition--condCurr-arrow"},"wdio_ui5_key":"applicationmanageconditionprice-display-component---newCondition--condCurr-arrow"}]}
RESULT: {"script":"<script> [1562 bytes]","args":[{"selector":{"id":"application-manageconditionprice-display-component---newCondition--condCurr-arrow"},"wdio_ui5_key":"applicationmanageconditionprice-display-component---newCondition--condCurr-arrow"}]}
RESULT: undefined
COMMAND: POST /session/baa8cc8c703ae50a3cfee07d32ab3bfd/element - {"using":"xpath","value":"//*[@id=\"application-manageconditionprice-display-component---newCondition--condCurr-arrow\"]"}
RESULT: {"using":"xpath","value":"//*[@id=\"application-manageconditionprice-display-component---newCondition--condCurr-arrow\"]"}
COMMAND: POST /session/baa8cc8c703ae50a3cfee07d32ab3bfd/element/f.A7D77B31E8FD2DE6ABF8E388F5FFE54F.d.02563A239A1A0164B9316F05360A4D5D.e.10347/click - {}
RESULT: {}
COMMAND: POST /session/baa8cc8c703ae50a3cfee07d32ab3bfd/element - {"using":"xpath","value":"//span[contains(text(), \"Euro\")]"}
COMMAND: GET /session/baa8cc8c703ae50a3cfee07d32ab3bfd/screenshot - {}
RESULT: {"using":"xpath","value":"//span[contains(text(), \"Euro\")]"}
COMMAND: POST /session/baa8cc8c703ae50a3cfee07d32ab3bfd/element/f.A7D77B31E8FD2DE6ABF8E388F5FFE54F.d.02563A239A1A0164B9316F05360A4D5D.e.10407/click - {}
RESULT: {}
RESULT: {}
COMMAND: POST /session/baa8cc8c703ae50a3cfee07d32ab3bfd/element - {"using":"xpath","value":"//button[@data-kt=\"saveButton\"]"}
COMMAND: GET /session/baa8cc8c703ae50a3cfee07d32ab3bfd/screenshot - {}
RESULT: {"using":"xpath","value":"//button[@data-kt=\"saveButton\"]"}
COMMAND: POST /session/baa8cc8c703ae50a3cfee07d32ab3bfd/element/f.A7D77B31E8FD2DE6ABF8E388F5FFE54F.d.02563A239A1A0164B9316F05360A4D5D.e.10348/click - {}
RESULT: {}
RESULT: {}
COMMAND: GET /session/baa8cc8c703ae50a3cfee07d32ab3bfd/screenshot - {}
RESULT: {}
COMMAND: POST /session/baa8cc8c703ae50a3cfee07d32ab3bfd/execute/async - {"script":"<script> [1562 bytes]","args":[{"selector":{"id":"application-manageconditionprice-display-component---conditions--smartFilterBar-btnBasicSearch","interaction":{"idSuffix":"I"}},"wdio_ui5_key":"applicationmanageconditionprice-display-component---conditions--smartFilterBar-btnBasicSearch"}]}
RESULT: {"script":"<script> [1562 bytes]","args":[{"selector":{"id":"application-manageconditionprice-display-component---conditions--smartFilterBar-btnBasicSearch","interaction":{"idSuffix":"I"}},"wdio_ui5_key":"applicationmanageconditionprice-display-component---conditions--smartFilterBar-btnBasicSearch"}]}
RESULT: undefined
COMMAND: POST /session/baa8cc8c703ae50a3cfee07d32ab3bfd/execute/async - {"script":"<script> [776 bytes]","args":[{"enterText":"CtV80hcYKK","selector":{"id":"application-manageconditionprice-display-component---conditions--smartFilterBar-btnBasicSearch","interaction":{"idSuffix":"I"}},"clearTextFirst":true,"interactionType":"ENTER_TEXT"}]}
RESULT: {"script":"<script> [776 bytes]","args":[{"enterText":"CtV80hcYKK","selector":{"id":"application-manageconditionprice-display-component---conditions--smartFilterBar-btnBasicSearch","interaction":{"idSuffix":"I"}},"clearTextFirst":true,"interactionType":"ENTER_TEXT"}]}
COMMAND: POST /session/baa8cc8c703ae50a3cfee07d32ab3bfd/actions - {"actions":[{"id":"action32","type":"key","parameters":{},"actions":[{"type":"keyDown","value":""},{"type":"pause","duration":10},{"type":"keyUp","value":""}]}]}
RESULT: {"actions":[{"id":"action32","type":"key","parameters":{},"actions":[{"type":"keyDown","value":""},{"type":"pause","duration":10},{"type":"keyUp","value":""}]}]}
COMMAND: GET /session/baa8cc8c703ae50a3cfee07d32ab3bfd/screenshot - {}
RESULT: {}
COMMAND: POST /session/baa8cc8c703ae50a3cfee07d32ab3bfd/execute/async - {"script":"<script> [1562 bytes]","args":[{"selector":{"id":"application-manageconditionprice-display-component---conditions--smartFilterBar-filterItemControl_BASIC-BILL_TYPES-vhi"},"wdio_ui5_key":"applicationmanageconditionprice-display-component---conditions--smartFilterBar-filterItemControl_BASIC-BILL_TYPES-vhi"}]}
RESULT: {"script":"<script> [1562 bytes]","args":[{"selector":{"id":"application-manageconditionprice-display-component---conditions--smartFilterBar-filterItemControl_BASIC-BILL_TYPES-vhi"},"wdio_ui5_key":"applicationmanageconditionprice-display-component---conditions--smartFilterBar-filterItemControl_BASIC-BILL_TYPES-vhi"}]}
RESULT: undefined
COMMAND: POST /session/baa8cc8c703ae50a3cfee07d32ab3bfd/element - {"using":"xpath","value":"//*[@id=\"application-manageconditionprice-display-component---conditions--smartFilterBar-filterItemControl_BASIC-BILL_TYPES-vhi\"]"}
RESULT: {"using":"xpath","value":"//*[@id=\"application-manageconditionprice-display-component---conditions--smartFilterBar-filterItemControl_BASIC-BILL_TYPES-vhi\"]"}
COMMAND: POST /session/baa8cc8c703ae50a3cfee07d32ab3bfd/element/f.A7D77B31E8FD2DE6ABF8E388F5FFE54F.d.02563A239A1A0164B9316F05360A4D5D.e.10514/click - {}
RESULT: {}
COMMAND: POST /session/baa8cc8c703ae50a3cfee07d32ab3bfd/execute/async - {"script":"<script> [1562 bytes]","args":[{"selector":{"id":"application-manageconditionprice-display-component---conditions--smartFilterBar-filterItemControl_BASIC-BILL_TYPES-valueHelpDialog-smartFilterBar-btnBasicSearch","searchOpenDialogs":true,"interaction":{"idSuffix":"I"}},"wdio_ui5_key":"applicationmanageconditionprice-display-component---conditions--smartFilterBar-filterItemControl_BASIC-BILL_TYPES-valueHelpDialog-smartFilterBar-btnBasicSearch"}]}
COMMAND: GET /session/baa8cc8c703ae50a3cfee07d32ab3bfd/screenshot - {}
RESULT: {"script":"<script> [1562 bytes]","args":[{"selector":{"id":"application-manageconditionprice-display-component---conditions--smartFilterBar-filterItemControl_BASIC-BILL_TYPES-valueHelpDialog-smartFilterBar-btnBasicSearch","searchOpenDialogs":true,"interaction":{"idSuffix":"I"}},"wdio_ui5_key":"applicationmanageconditionprice-display-component---conditions--smartFilterBar-filterItemControl_BASIC-BILL_TYPES-valueHelpDialog-smartFilterBar-btnBasicSearch"}]}
RESULT: undefined
COMMAND: POST /session/baa8cc8c703ae50a3cfee07d32ab3bfd/execute/async - {"script":"<script> [776 bytes]","args":[{"enterText":"one","selector":{"id":"application-manageconditionprice-display-component---conditions--smartFilterBar-filterItemControl_BASIC-BILL_TYPES-valueHelpDialog-smartFilterBar-btnBasicSearch","searchOpenDialogs":true,"interaction":{"idSuffix":"I"}},"clearTextFirst":true,"interactionType":"ENTER_TEXT"}]}
RESULT: {}
RESULT: {"script":"<script> [776 bytes]","args":[{"enterText":"one","selector":{"id":"application-manageconditionprice-display-component---conditions--smartFilterBar-filterItemControl_BASIC-BILL_TYPES-valueHelpDialog-smartFilterBar-btnBasicSearch","searchOpenDialogs":true,"interaction":{"idSuffix":"I"}},"clearTextFirst":true,"interactionType":"ENTER_TEXT"}]}
COMMAND: POST /session/baa8cc8c703ae50a3cfee07d32ab3bfd/actions - {"actions":[{"id":"action33","type":"key","parameters":{},"actions":[{"type":"keyDown","value":""},{"type":"pause","duration":10},{"type":"keyUp","value":""}]}]}
RESULT: {"actions":[{"id":"action33","type":"key","parameters":{},"actions":[{"type":"keyDown","value":""},{"type":"pause","duration":10},{"type":"keyUp","value":""}]}]}
COMMAND: GET /session/baa8cc8c703ae50a3cfee07d32ab3bfd/screenshot - {}
RESULT: {}
COMMAND: POST /session/baa8cc8c703ae50a3cfee07d32ab3bfd/element - {"using":"xpath","value":"//div[contains(@id, 'application-manageconditionprice-display-component---conditions--smartFilterBar-filterItemControl_BASIC-BILL_TYPES-valueHelpDialog-table-rowsel0')]"}
RESULT: {"using":"xpath","value":"//div[contains(@id, 'application-manageconditionprice-display-component---conditions--smartFilterBar-filterItemControl_BASIC-BILL_TYPES-valueHelpDialog-table-rowsel0')]"}
COMMAND: POST /session/baa8cc8c703ae50a3cfee07d32ab3bfd/element/f.A7D77B31E8FD2DE6ABF8E388F5FFE54F.d.02563A239A1A0164B9316F05360A4D5D.e.10524/click - {}
RESULT: {}
COMMAND: GET /session/baa8cc8c703ae50a3cfee07d32ab3bfd/screenshot - {}
RESULT: {}
COMMAND: POST /session/baa8cc8c703ae50a3cfee07d32ab3bfd/element - {"using":"xpath","value":"//bdi[contains(text(), \"OK\")]"}
RESULT: {"using":"xpath","value":"//bdi[contains(text(), \"OK\")]"}
COMMAND: POST /session/baa8cc8c703ae50a3cfee07d32ab3bfd/element/f.A7D77B31E8FD2DE6ABF8E388F5FFE54F.d.02563A239A1A0164B9316F05360A4D5D.e.10526/click - {}
RESULT: {}
COMMAND: GET /session/baa8cc8c703ae50a3cfee07d32ab3bfd/screenshot - {}
RESULT: {}
COMMAND: POST /session/baa8cc8c703ae50a3cfee07d32ab3bfd/element - {"using":"xpath","value":"//span[@id=\"application-manageconditionprice-display-component---conditions--smartTable-header-inner\"]"}
RESULT: {"using":"xpath","value":"//span[@id=\"application-manageconditionprice-display-component---conditions--smartTable-header-inner\"]"}
COMMAND: POST /session/baa8cc8c703ae50a3cfee07d32ab3bfd/elements - {"using":"xpath","value":"//span[@id=\"application-manageconditionprice-display-component---conditions--smartTable-header-inner\"]"}
RESULT: {"using":"xpath","value":"//span[@id=\"application-manageconditionprice-display-component---conditions--smartTable-header-inner\"]"}
COMMAND: POST /session/baa8cc8c703ae50a3cfee07d32ab3bfd/execute/sync - {"script":"<script> [56 bytes]","args":[{"element-6066-11e4-a52e-4f735466cecf":"f.A7D77B31E8FD2DE6ABF8E388F5FFE54F.d.02563A239A1A0164B9316F05360A4D5D.e.10529","ELEMENT":"f.A7D77B31E8FD2DE6ABF8E388F5FFE54F.d.02563A239A1A0164B9316F05360A4D5D.e.10529"}]}
RESULT: {"script":"<script> [56 bytes]","args":[{"element-6066-11e4-a52e-4f735466cecf":"f.A7D77B31E8FD2DE6ABF8E388F5FFE54F.d.02563A239A1A0164B9316F05360A4D5D.e.10529","ELEMENT":"f.A7D77B31E8FD2DE6ABF8E388F5FFE54F.d.02563A239A1A0164B9316F05360A4D5D.e.10529"}]}
COMMAND: POST /session/baa8cc8c703ae50a3cfee07d32ab3bfd/element - {"using":"css selector","value":"#shell-header-logo"}
COMMAND: GET /session/baa8cc8c703ae50a3cfee07d32ab3bfd/screenshot - {}
RESULT: {"using":"css selector","value":"#shell-header-logo"}
COMMAND: POST /session/baa8cc8c703ae50a3cfee07d32ab3bfd/element/f.A7D77B31E8FD2DE6ABF8E388F5FFE54F.d.02563A239A1A0164B9316F05360A4D5D.e.10153/click - {}
RESULT: {}
RESULT: {}
COMMAND: GET /session/baa8cc8c703ae50a3cfee07d32ab3bfd/screenshot - {}
RESULT: {}
]]></system-out>
    </testcase>
    <testcase classname="chrome.135_0_7049_42.windows.Create_master_data_for_mixed_billing_&amp;_do_billing_calculation_US151661" name="Should add performance based condition" time="67.406">
      <system-out><![CDATA[
RESULT: undefined
COMMAND: POST /session/baa8cc8c703ae50a3cfee07d32ab3bfd/element - {"using":"xpath","value":"//*[@id=\"__tile93-title\"]"}
RESULT: {"using":"xpath","value":"//*[@id=\"__tile93-title\"]"}
COMMAND: POST /session/baa8cc8c703ae50a3cfee07d32ab3bfd/element/f.A7D77B31E8FD2DE6ABF8E388F5FFE54F.d.02563A239A1A0164B9316F05360A4D5D.e.10151/click - {}
RESULT: {}
COMMAND: POST /session/baa8cc8c703ae50a3cfee07d32ab3bfd/element - {"using":"xpath","value":"//button[@aria-label=\"Create\"]"}
COMMAND: GET /session/baa8cc8c703ae50a3cfee07d32ab3bfd/screenshot - {}
RESULT: {"using":"xpath","value":"//button[@aria-label=\"Create\"]"}
COMMAND: POST /session/baa8cc8c703ae50a3cfee07d32ab3bfd/elements - {"using":"xpath","value":"//button[@aria-label=\"Create\"]"}
RESULT: {}
RESULT: {"using":"xpath","value":"//button[@aria-label=\"Create\"]"}
COMMAND: POST /session/baa8cc8c703ae50a3cfee07d32ab3bfd/element - {"using":"xpath","value":"//button[@aria-label=\"Create\"]"}
RESULT: {"using":"xpath","value":"//button[@aria-label=\"Create\"]"}
COMMAND: POST /session/baa8cc8c703ae50a3cfee07d32ab3bfd/execute/sync - {"script":"<script> [8489 bytes]","args":[{"element-6066-11e4-a52e-4f735466cecf":"f.A7D77B31E8FD2DE6ABF8E388F5FFE54F.d.02563A239A1A0164B9316F05360A4D5D.e.10593","ELEMENT":"f.A7D77B31E8FD2DE6ABF8E388F5FFE54F.d.02563A239A1A0164B9316F05360A4D5D.e.10593"}]}
RESULT: {"script":"<script> [8489 bytes]","args":[{"element-6066-11e4-a52e-4f735466cecf":"f.A7D77B31E8FD2DE6ABF8E388F5FFE54F.d.02563A239A1A0164B9316F05360A4D5D.e.10593","ELEMENT":"f.A7D77B31E8FD2DE6ABF8E388F5FFE54F.d.02563A239A1A0164B9316F05360A4D5D.e.10593"}]}
COMMAND: GET /session/baa8cc8c703ae50a3cfee07d32ab3bfd/element/f.A7D77B31E8FD2DE6ABF8E388F5FFE54F.d.02563A239A1A0164B9316F05360A4D5D.e.10593/enabled - {}
COMMAND: GET /session/baa8cc8c703ae50a3cfee07d32ab3bfd/screenshot - {}
RESULT: {}
COMMAND: POST /session/baa8cc8c703ae50a3cfee07d32ab3bfd/execute/sync - {"script":"<script> [8489 bytes]","args":[{"element-6066-11e4-a52e-4f735466cecf":"f.A7D77B31E8FD2DE6ABF8E388F5FFE54F.d.02563A239A1A0164B9316F05360A4D5D.e.10593","ELEMENT":"f.A7D77B31E8FD2DE6ABF8E388F5FFE54F.d.02563A239A1A0164B9316F05360A4D5D.e.10593"}]}
COMMAND: GET /session/baa8cc8c703ae50a3cfee07d32ab3bfd/screenshot - {}
RESULT: {}
RESULT: {"script":"<script> [8489 bytes]","args":[{"element-6066-11e4-a52e-4f735466cecf":"f.A7D77B31E8FD2DE6ABF8E388F5FFE54F.d.02563A239A1A0164B9316F05360A4D5D.e.10593","ELEMENT":"f.A7D77B31E8FD2DE6ABF8E388F5FFE54F.d.02563A239A1A0164B9316F05360A4D5D.e.10593"}]}
COMMAND: POST /session/baa8cc8c703ae50a3cfee07d32ab3bfd/execute/sync - {"script":"<script> [5351 bytes]","args":[{"element-6066-11e4-a52e-4f735466cecf":"f.A7D77B31E8FD2DE6ABF8E388F5FFE54F.d.02563A239A1A0164B9316F05360A4D5D.e.10593","ELEMENT":"f.A7D77B31E8FD2DE6ABF8E388F5FFE54F.d.02563A239A1A0164B9316F05360A4D5D.e.10593"}]}
COMMAND: GET /session/baa8cc8c703ae50a3cfee07d32ab3bfd/screenshot - {}
RESULT: {}
RESULT: {"script":"<script> [5351 bytes]","args":[{"element-6066-11e4-a52e-4f735466cecf":"f.A7D77B31E8FD2DE6ABF8E388F5FFE54F.d.02563A239A1A0164B9316F05360A4D5D.e.10593","ELEMENT":"f.A7D77B31E8FD2DE6ABF8E388F5FFE54F.d.02563A239A1A0164B9316F05360A4D5D.e.10593"}]}
COMMAND: POST /session/baa8cc8c703ae50a3cfee07d32ab3bfd/element/f.A7D77B31E8FD2DE6ABF8E388F5FFE54F.d.02563A239A1A0164B9316F05360A4D5D.e.10593/click - {}
COMMAND: GET /session/baa8cc8c703ae50a3cfee07d32ab3bfd/screenshot - {}
RESULT: {}
RESULT: {}
COMMAND: GET /session/baa8cc8c703ae50a3cfee07d32ab3bfd/screenshot - {}
RESULT: {}
RESULT: {}
COMMAND: POST /session/baa8cc8c703ae50a3cfee07d32ab3bfd/actions - {"actions":[{"id":"action34","type":"key","parameters":{},"actions":[{"type":"keyDown","value":""},{"type":"pause","duration":10},{"type":"keyUp","value":""}]}]}
RESULT: {"actions":[{"id":"action34","type":"key","parameters":{},"actions":[{"type":"keyDown","value":""},{"type":"pause","duration":10},{"type":"keyUp","value":""}]}]}
COMMAND: GET /session/baa8cc8c703ae50a3cfee07d32ab3bfd/screenshot - {}
RESULT: undefined
COMMAND: POST /session/baa8cc8c703ae50a3cfee07d32ab3bfd/element - {"using":"xpath","value":"//*[@id=\"application-manageconditionprice-display-component---newCondition--condBillCond-arrow\"]"}
RESULT: {}
RESULT: {"using":"xpath","value":"//*[@id=\"application-manageconditionprice-display-component---newCondition--condBillCond-arrow\"]"}
COMMAND: POST /session/baa8cc8c703ae50a3cfee07d32ab3bfd/element/f.A7D77B31E8FD2DE6ABF8E388F5FFE54F.d.02563A239A1A0164B9316F05360A4D5D.e.11394/click - {}
RESULT: {}
COMMAND: GET /session/baa8cc8c703ae50a3cfee07d32ab3bfd/screenshot - {}
RESULT: {}
COMMAND: POST /session/baa8cc8c703ae50a3cfee07d32ab3bfd/element - {"using":"xpath","value":"//li[.//span[contains(text(), \"PC06 - Performance Price - fuel\")]]"}
RESULT: {"using":"xpath","value":"//li[.//span[contains(text(), \"PC06 - Performance Price - fuel\")]]"}
COMMAND: POST /session/baa8cc8c703ae50a3cfee07d32ab3bfd/element/f.A7D77B31E8FD2DE6ABF8E388F5FFE54F.d.02563A239A1A0164B9316F05360A4D5D.e.11397/click - {}
RESULT: {}
COMMAND: GET /session/baa8cc8c703ae50a3cfee07d32ab3bfd/screenshot - {}
RESULT: {}
RESULT: undefined
COMMAND: POST /session/baa8cc8c703ae50a3cfee07d32ab3bfd/execute/async - {"script":"<script> [776 bytes]","args":[{"enterText":"12/23/25","selector":{"id":"application-manageconditionprice-display-component---newCondition--condValidTo","interaction":{"idSuffix":"inner"}},"clearTextFirst":true,"interactionType":"ENTER_TEXT"}]}
RESULT: {"script":"<script> [776 bytes]","args":[{"enterText":"12/23/25","selector":{"id":"application-manageconditionprice-display-component---newCondition--condValidTo","interaction":{"idSuffix":"inner"}},"clearTextFirst":true,"interactionType":"ENTER_TEXT"}]}
COMMAND: POST /session/baa8cc8c703ae50a3cfee07d32ab3bfd/element - {"using":"xpath","value":"//input[@id=\"application-manageconditionprice-display-component---newCondition--condRU-inner\"]"}
RESULT: {"using":"xpath","value":"//input[@id=\"application-manageconditionprice-display-component---newCondition--condRU-inner\"]"}
COMMAND: POST /session/baa8cc8c703ae50a3cfee07d32ab3bfd/element/f.A7D77B31E8FD2DE6ABF8E388F5FFE54F.d.02563A239A1A0164B9316F05360A4D5D.e.11121/clear - {}
RESULT: {}
COMMAND: POST /session/baa8cc8c703ae50a3cfee07d32ab3bfd/element/f.A7D77B31E8FD2DE6ABF8E388F5FFE54F.d.02563A239A1A0164B9316F05360A4D5D.e.11121/value - {"text":"CtV80hcYKK"}
COMMAND: GET /session/baa8cc8c703ae50a3cfee07d32ab3bfd/screenshot - {}
RESULT: {"text":"CtV80hcYKK"}
COMMAND: GET /session/baa8cc8c703ae50a3cfee07d32ab3bfd/screenshot - {}
RESULT: {}
RESULT: {}
COMMAND: POST /session/baa8cc8c703ae50a3cfee07d32ab3bfd/actions - {"actions":[{"id":"action35","type":"key","parameters":{},"actions":[{"type":"keyDown","value":""},{"type":"pause","duration":10},{"type":"keyUp","value":""}]}]}
RESULT: {"actions":[{"id":"action35","type":"key","parameters":{},"actions":[{"type":"keyDown","value":""},{"type":"pause","duration":10},{"type":"keyUp","value":""}]}]}
RESULT: undefined
COMMAND: POST /session/baa8cc8c703ae50a3cfee07d32ab3bfd/execute/async - {"script":"<script> [776 bytes]","args":[{"enterText":"1","selector":{"id":"application-manageconditionprice-display-component---newCondition--condBaseQty","interaction":{"idSuffix":"inner"}},"clearTextFirst":true,"interactionType":"ENTER_TEXT"}]}
COMMAND: GET /session/baa8cc8c703ae50a3cfee07d32ab3bfd/screenshot - {}
RESULT: {"script":"<script> [776 bytes]","args":[{"enterText":"1","selector":{"id":"application-manageconditionprice-display-component---newCondition--condBaseQty","interaction":{"idSuffix":"inner"}},"clearTextFirst":true,"interactionType":"ENTER_TEXT"}]}
RESULT: undefined
COMMAND: POST /session/baa8cc8c703ae50a3cfee07d32ab3bfd/execute/async - {"script":"<script> [776 bytes]","args":[{"enterText":"10","selector":{"id":"application-manageconditionprice-display-component---newCondition--condValue","interaction":{"idSuffix":"inner"}},"clearTextFirst":true,"interactionType":"ENTER_TEXT"}]}
RESULT: {}
RESULT: {"script":"<script> [776 bytes]","args":[{"enterText":"10","selector":{"id":"application-manageconditionprice-display-component---newCondition--condValue","interaction":{"idSuffix":"inner"}},"clearTextFirst":true,"interactionType":"ENTER_TEXT"}]}
RESULT: undefined
COMMAND: POST /session/baa8cc8c703ae50a3cfee07d32ab3bfd/element - {"using":"xpath","value":"//*[@id=\"application-manageconditionprice-display-component---newCondition--condCurr-arrow\"]"}
RESULT: {"using":"xpath","value":"//*[@id=\"application-manageconditionprice-display-component---newCondition--condCurr-arrow\"]"}
COMMAND: POST /session/baa8cc8c703ae50a3cfee07d32ab3bfd/element/f.A7D77B31E8FD2DE6ABF8E388F5FFE54F.d.02563A239A1A0164B9316F05360A4D5D.e.11312/click - {}
RESULT: {}
COMMAND: POST /session/baa8cc8c703ae50a3cfee07d32ab3bfd/element - {"using":"xpath","value":"//span[contains(text(), \"Euro\")]"}
COMMAND: GET /session/baa8cc8c703ae50a3cfee07d32ab3bfd/screenshot - {}
RESULT: {"using":"xpath","value":"//span[contains(text(), \"Euro\")]"}
COMMAND: POST /session/baa8cc8c703ae50a3cfee07d32ab3bfd/element/f.A7D77B31E8FD2DE6ABF8E388F5FFE54F.d.02563A239A1A0164B9316F05360A4D5D.e.11430/click - {}
RESULT: {}
RESULT: {}
COMMAND: POST /session/baa8cc8c703ae50a3cfee07d32ab3bfd/element - {"using":"xpath","value":"//button[@data-kt=\"saveButton\"]"}
COMMAND: GET /session/baa8cc8c703ae50a3cfee07d32ab3bfd/screenshot - {}
RESULT: {"using":"xpath","value":"//button[@data-kt=\"saveButton\"]"}
COMMAND: POST /session/baa8cc8c703ae50a3cfee07d32ab3bfd/element/f.A7D77B31E8FD2DE6ABF8E388F5FFE54F.d.02563A239A1A0164B9316F05360A4D5D.e.11313/click - {}
RESULT: {}
RESULT: {}
COMMAND: GET /session/baa8cc8c703ae50a3cfee07d32ab3bfd/screenshot - {}
RESULT: {}
RESULT: undefined
COMMAND: POST /session/baa8cc8c703ae50a3cfee07d32ab3bfd/execute/async - {"script":"<script> [776 bytes]","args":[{"enterText":"CtV80hcYKK","selector":{"id":"application-manageconditionprice-display-component---conditions--smartFilterBar-btnBasicSearch","interaction":{"idSuffix":"I"}},"clearTextFirst":true,"interactionType":"ENTER_TEXT"}]}
RESULT: {"script":"<script> [776 bytes]","args":[{"enterText":"CtV80hcYKK","selector":{"id":"application-manageconditionprice-display-component---conditions--smartFilterBar-btnBasicSearch","interaction":{"idSuffix":"I"}},"clearTextFirst":true,"interactionType":"ENTER_TEXT"}]}
COMMAND: POST /session/baa8cc8c703ae50a3cfee07d32ab3bfd/actions - {"actions":[{"id":"action36","type":"key","parameters":{},"actions":[{"type":"keyDown","value":""},{"type":"pause","duration":10},{"type":"keyUp","value":""}]}]}
RESULT: {"actions":[{"id":"action36","type":"key","parameters":{},"actions":[{"type":"keyDown","value":""},{"type":"pause","duration":10},{"type":"keyUp","value":""}]}]}
COMMAND: GET /session/baa8cc8c703ae50a3cfee07d32ab3bfd/screenshot - {}
RESULT: {}
RESULT: undefined
COMMAND: POST /session/baa8cc8c703ae50a3cfee07d32ab3bfd/element - {"using":"xpath","value":"//*[@id=\"application-manageconditionprice-display-component---conditions--smartFilterBar-filterItemControl_BASIC-BILL_TYPES-vhi\"]"}
RESULT: {"using":"xpath","value":"//*[@id=\"application-manageconditionprice-display-component---conditions--smartFilterBar-filterItemControl_BASIC-BILL_TYPES-vhi\"]"}
COMMAND: POST /session/baa8cc8c703ae50a3cfee07d32ab3bfd/element/f.A7D77B31E8FD2DE6ABF8E388F5FFE54F.d.02563A239A1A0164B9316F05360A4D5D.e.11473/click - {}
RESULT: {}
RESULT: undefined
COMMAND: POST /session/baa8cc8c703ae50a3cfee07d32ab3bfd/execute/async - {"script":"<script> [776 bytes]","args":[{"enterText":"PB","selector":{"id":"application-manageconditionprice-display-component---conditions--smartFilterBar-filterItemControl_BASIC-BILL_TYPES-valueHelpDialog-smartFilterBar-btnBasicSearch","searchOpenDialogs":true,"interaction":{"idSuffix":"I"}},"clearTextFirst":true,"interactionType":"ENTER_TEXT"}]}
COMMAND: GET /session/baa8cc8c703ae50a3cfee07d32ab3bfd/screenshot - {}
RESULT: {"script":"<script> [776 bytes]","args":[{"enterText":"PB","selector":{"id":"application-manageconditionprice-display-component---conditions--smartFilterBar-filterItemControl_BASIC-BILL_TYPES-valueHelpDialog-smartFilterBar-btnBasicSearch","searchOpenDialogs":true,"interaction":{"idSuffix":"I"}},"clearTextFirst":true,"interactionType":"ENTER_TEXT"}]}
COMMAND: POST /session/baa8cc8c703ae50a3cfee07d32ab3bfd/actions - {"actions":[{"id":"action37","type":"key","parameters":{},"actions":[{"type":"keyDown","value":""},{"type":"pause","duration":10},{"type":"keyUp","value":""}]}]}
RESULT: {}
RESULT: {"actions":[{"id":"action37","type":"key","parameters":{},"actions":[{"type":"keyDown","value":""},{"type":"pause","duration":10},{"type":"keyUp","value":""}]}]}
COMMAND: GET /session/baa8cc8c703ae50a3cfee07d32ab3bfd/screenshot - {}
RESULT: {}
COMMAND: POST /session/baa8cc8c703ae50a3cfee07d32ab3bfd/element - {"using":"xpath","value":"//div[contains(@id, 'application-manageconditionprice-display-component---conditions--smartFilterBar-filterItemControl_BASIC-BILL_TYPES-valueHelpDialog-table-rowsel0')]"}
RESULT: {"using":"xpath","value":"//div[contains(@id, 'application-manageconditionprice-display-component---conditions--smartFilterBar-filterItemControl_BASIC-BILL_TYPES-valueHelpDialog-table-rowsel0')]"}
COMMAND: POST /session/baa8cc8c703ae50a3cfee07d32ab3bfd/element/f.A7D77B31E8FD2DE6ABF8E388F5FFE54F.d.02563A239A1A0164B9316F05360A4D5D.e.11481/click - {}
RESULT: {}
COMMAND: GET /session/baa8cc8c703ae50a3cfee07d32ab3bfd/screenshot - {}
RESULT: {}
COMMAND: POST /session/baa8cc8c703ae50a3cfee07d32ab3bfd/element - {"using":"xpath","value":"//bdi[contains(text(), \"OK\")]"}
RESULT: {"using":"xpath","value":"//bdi[contains(text(), \"OK\")]"}
COMMAND: POST /session/baa8cc8c703ae50a3cfee07d32ab3bfd/element/f.A7D77B31E8FD2DE6ABF8E388F5FFE54F.d.02563A239A1A0164B9316F05360A4D5D.e.11483/click - {}
RESULT: {}
COMMAND: GET /session/baa8cc8c703ae50a3cfee07d32ab3bfd/screenshot - {}
RESULT: {}
COMMAND: POST /session/baa8cc8c703ae50a3cfee07d32ab3bfd/element - {"using":"xpath","value":"//span[@id=\"application-manageconditionprice-display-component---conditions--smartTable-header-inner\"]"}
RESULT: {"using":"xpath","value":"//span[@id=\"application-manageconditionprice-display-component---conditions--smartTable-header-inner\"]"}
COMMAND: POST /session/baa8cc8c703ae50a3cfee07d32ab3bfd/elements - {"using":"xpath","value":"//span[@id=\"application-manageconditionprice-display-component---conditions--smartTable-header-inner\"]"}
RESULT: {"using":"xpath","value":"//span[@id=\"application-manageconditionprice-display-component---conditions--smartTable-header-inner\"]"}
COMMAND: POST /session/baa8cc8c703ae50a3cfee07d32ab3bfd/execute/sync - {"script":"<script> [56 bytes]","args":[{"element-6066-11e4-a52e-4f735466cecf":"f.A7D77B31E8FD2DE6ABF8E388F5FFE54F.d.02563A239A1A0164B9316F05360A4D5D.e.11486","ELEMENT":"f.A7D77B31E8FD2DE6ABF8E388F5FFE54F.d.02563A239A1A0164B9316F05360A4D5D.e.11486"}]}
RESULT: {"script":"<script> [56 bytes]","args":[{"element-6066-11e4-a52e-4f735466cecf":"f.A7D77B31E8FD2DE6ABF8E388F5FFE54F.d.02563A239A1A0164B9316F05360A4D5D.e.11486","ELEMENT":"f.A7D77B31E8FD2DE6ABF8E388F5FFE54F.d.02563A239A1A0164B9316F05360A4D5D.e.11486"}]}
COMMAND: POST /session/baa8cc8c703ae50a3cfee07d32ab3bfd/element - {"using":"css selector","value":"#shell-header-logo"}
COMMAND: GET /session/baa8cc8c703ae50a3cfee07d32ab3bfd/screenshot - {}
RESULT: {"using":"css selector","value":"#shell-header-logo"}
COMMAND: POST /session/baa8cc8c703ae50a3cfee07d32ab3bfd/element/f.A7D77B31E8FD2DE6ABF8E388F5FFE54F.d.02563A239A1A0164B9316F05360A4D5D.e.10536/click - {}
RESULT: {}
RESULT: {}
COMMAND: GET /session/baa8cc8c703ae50a3cfee07d32ab3bfd/screenshot - {}
RESULT: {}
]]></system-out>
    </testcase>
    <testcase classname="chrome.135_0_7049_42.windows.Create_master_data_for_mixed_billing_&amp;_do_billing_calculation_US151661" name="Should add time based condition" time="63.557">
      <system-out><![CDATA[
RESULT: undefined
COMMAND: POST /session/baa8cc8c703ae50a3cfee07d32ab3bfd/element - {"using":"xpath","value":"//*[@id=\"__tile93-title\"]"}
RESULT: {"using":"xpath","value":"//*[@id=\"__tile93-title\"]"}
COMMAND: POST /session/baa8cc8c703ae50a3cfee07d32ab3bfd/element/f.A7D77B31E8FD2DE6ABF8E388F5FFE54F.d.02563A239A1A0164B9316F05360A4D5D.e.10151/click - {}
RESULT: {}
COMMAND: POST /session/baa8cc8c703ae50a3cfee07d32ab3bfd/element - {"using":"xpath","value":"//button[@aria-label=\"Create\"]"}
COMMAND: GET /session/baa8cc8c703ae50a3cfee07d32ab3bfd/screenshot - {}
RESULT: {"using":"xpath","value":"//button[@aria-label=\"Create\"]"}
COMMAND: POST /session/baa8cc8c703ae50a3cfee07d32ab3bfd/elements - {"using":"xpath","value":"//button[@aria-label=\"Create\"]"}
RESULT: {}
RESULT: {"using":"xpath","value":"//button[@aria-label=\"Create\"]"}
COMMAND: POST /session/baa8cc8c703ae50a3cfee07d32ab3bfd/element - {"using":"xpath","value":"//button[@aria-label=\"Create\"]"}
RESULT: {"using":"xpath","value":"//button[@aria-label=\"Create\"]"}
COMMAND: POST /session/baa8cc8c703ae50a3cfee07d32ab3bfd/execute/sync - {"script":"<script> [8489 bytes]","args":[{"element-6066-11e4-a52e-4f735466cecf":"f.A7D77B31E8FD2DE6ABF8E388F5FFE54F.d.02563A239A1A0164B9316F05360A4D5D.e.11547","ELEMENT":"f.A7D77B31E8FD2DE6ABF8E388F5FFE54F.d.02563A239A1A0164B9316F05360A4D5D.e.11547"}]}
RESULT: {"script":"<script> [8489 bytes]","args":[{"element-6066-11e4-a52e-4f735466cecf":"f.A7D77B31E8FD2DE6ABF8E388F5FFE54F.d.02563A239A1A0164B9316F05360A4D5D.e.11547","ELEMENT":"f.A7D77B31E8FD2DE6ABF8E388F5FFE54F.d.02563A239A1A0164B9316F05360A4D5D.e.11547"}]}
COMMAND: GET /session/baa8cc8c703ae50a3cfee07d32ab3bfd/element/f.A7D77B31E8FD2DE6ABF8E388F5FFE54F.d.02563A239A1A0164B9316F05360A4D5D.e.11547/enabled - {}
COMMAND: GET /session/baa8cc8c703ae50a3cfee07d32ab3bfd/screenshot - {}
RESULT: {}
COMMAND: POST /session/baa8cc8c703ae50a3cfee07d32ab3bfd/execute/sync - {"script":"<script> [8489 bytes]","args":[{"element-6066-11e4-a52e-4f735466cecf":"f.A7D77B31E8FD2DE6ABF8E388F5FFE54F.d.02563A239A1A0164B9316F05360A4D5D.e.11547","ELEMENT":"f.A7D77B31E8FD2DE6ABF8E388F5FFE54F.d.02563A239A1A0164B9316F05360A4D5D.e.11547"}]}
COMMAND: GET /session/baa8cc8c703ae50a3cfee07d32ab3bfd/screenshot - {}
RESULT: {}
RESULT: {"script":"<script> [8489 bytes]","args":[{"element-6066-11e4-a52e-4f735466cecf":"f.A7D77B31E8FD2DE6ABF8E388F5FFE54F.d.02563A239A1A0164B9316F05360A4D5D.e.11547","ELEMENT":"f.A7D77B31E8FD2DE6ABF8E388F5FFE54F.d.02563A239A1A0164B9316F05360A4D5D.e.11547"}]}
COMMAND: POST /session/baa8cc8c703ae50a3cfee07d32ab3bfd/execute/sync - {"script":"<script> [5351 bytes]","args":[{"element-6066-11e4-a52e-4f735466cecf":"f.A7D77B31E8FD2DE6ABF8E388F5FFE54F.d.02563A239A1A0164B9316F05360A4D5D.e.11547","ELEMENT":"f.A7D77B31E8FD2DE6ABF8E388F5FFE54F.d.02563A239A1A0164B9316F05360A4D5D.e.11547"}]}
COMMAND: GET /session/baa8cc8c703ae50a3cfee07d32ab3bfd/screenshot - {}
RESULT: {}
RESULT: {"script":"<script> [5351 bytes]","args":[{"element-6066-11e4-a52e-4f735466cecf":"f.A7D77B31E8FD2DE6ABF8E388F5FFE54F.d.02563A239A1A0164B9316F05360A4D5D.e.11547","ELEMENT":"f.A7D77B31E8FD2DE6ABF8E388F5FFE54F.d.02563A239A1A0164B9316F05360A4D5D.e.11547"}]}
COMMAND: POST /session/baa8cc8c703ae50a3cfee07d32ab3bfd/element/f.A7D77B31E8FD2DE6ABF8E388F5FFE54F.d.02563A239A1A0164B9316F05360A4D5D.e.11547/click - {}
COMMAND: GET /session/baa8cc8c703ae50a3cfee07d32ab3bfd/screenshot - {}
RESULT: {}
RESULT: {}
COMMAND: GET /session/baa8cc8c703ae50a3cfee07d32ab3bfd/screenshot - {}
RESULT: {}
RESULT: {}
COMMAND: POST /session/baa8cc8c703ae50a3cfee07d32ab3bfd/actions - {"actions":[{"id":"action38","type":"key","parameters":{},"actions":[{"type":"keyDown","value":""},{"type":"pause","duration":10},{"type":"keyUp","value":""}]}]}
RESULT: {"actions":[{"id":"action38","type":"key","parameters":{},"actions":[{"type":"keyDown","value":""},{"type":"pause","duration":10},{"type":"keyUp","value":""}]}]}
COMMAND: GET /session/baa8cc8c703ae50a3cfee07d32ab3bfd/screenshot - {}
RESULT: undefined
COMMAND: POST /session/baa8cc8c703ae50a3cfee07d32ab3bfd/element - {"using":"xpath","value":"//*[@id=\"application-manageconditionprice-display-component---newCondition--condBillCond-arrow\"]"}
RESULT: {}
RESULT: {"using":"xpath","value":"//*[@id=\"application-manageconditionprice-display-component---newCondition--condBillCond-arrow\"]"}
COMMAND: POST /session/baa8cc8c703ae50a3cfee07d32ab3bfd/element/f.A7D77B31E8FD2DE6ABF8E388F5FFE54F.d.02563A239A1A0164B9316F05360A4D5D.e.12008/click - {}
RESULT: {}
COMMAND: GET /session/baa8cc8c703ae50a3cfee07d32ab3bfd/screenshot - {}
RESULT: {}
COMMAND: POST /session/baa8cc8c703ae50a3cfee07d32ab3bfd/element - {"using":"xpath","value":"//li[.//span[contains(text(), \"DISP - D&I special price\")]]"}
RESULT: {"using":"xpath","value":"//li[.//span[contains(text(), \"DISP - D&I special price\")]]"}
COMMAND: POST /session/baa8cc8c703ae50a3cfee07d32ab3bfd/element/f.A7D77B31E8FD2DE6ABF8E388F5FFE54F.d.02563A239A1A0164B9316F05360A4D5D.e.12011/click - {}
RESULT: {}
COMMAND: GET /session/baa8cc8c703ae50a3cfee07d32ab3bfd/screenshot - {}
RESULT: {}
RESULT: undefined
COMMAND: POST /session/baa8cc8c703ae50a3cfee07d32ab3bfd/execute/async - {"script":"<script> [776 bytes]","args":[{"enterText":"12/23/25","selector":{"id":"application-manageconditionprice-display-component---newCondition--condValidTo","interaction":{"idSuffix":"inner"}},"clearTextFirst":true,"interactionType":"ENTER_TEXT"}]}
RESULT: {"script":"<script> [776 bytes]","args":[{"enterText":"12/23/25","selector":{"id":"application-manageconditionprice-display-component---newCondition--condValidTo","interaction":{"idSuffix":"inner"}},"clearTextFirst":true,"interactionType":"ENTER_TEXT"}]}
COMMAND: POST /session/baa8cc8c703ae50a3cfee07d32ab3bfd/element - {"using":"xpath","value":"//input[@id=\"application-manageconditionprice-display-component---newCondition--condRU-inner\"]"}
RESULT: {"using":"xpath","value":"//input[@id=\"application-manageconditionprice-display-component---newCondition--condRU-inner\"]"}
COMMAND: POST /session/baa8cc8c703ae50a3cfee07d32ab3bfd/element/f.A7D77B31E8FD2DE6ABF8E388F5FFE54F.d.02563A239A1A0164B9316F05360A4D5D.e.11732/clear - {}
RESULT: {}
COMMAND: POST /session/baa8cc8c703ae50a3cfee07d32ab3bfd/element/f.A7D77B31E8FD2DE6ABF8E388F5FFE54F.d.02563A239A1A0164B9316F05360A4D5D.e.11732/value - {"text":"CtV80hcYKK"}
COMMAND: GET /session/baa8cc8c703ae50a3cfee07d32ab3bfd/screenshot - {}
RESULT: {"text":"CtV80hcYKK"}
COMMAND: GET /session/baa8cc8c703ae50a3cfee07d32ab3bfd/screenshot - {}
RESULT: {}
RESULT: {}
COMMAND: POST /session/baa8cc8c703ae50a3cfee07d32ab3bfd/actions - {"actions":[{"id":"action39","type":"key","parameters":{},"actions":[{"type":"keyDown","value":""},{"type":"pause","duration":10},{"type":"keyUp","value":""}]}]}
RESULT: {"actions":[{"id":"action39","type":"key","parameters":{},"actions":[{"type":"keyDown","value":""},{"type":"pause","duration":10},{"type":"keyUp","value":""}]}]}
RESULT: undefined
COMMAND: POST /session/baa8cc8c703ae50a3cfee07d32ab3bfd/execute/async - {"script":"<script> [776 bytes]","args":[{"enterText":"1","selector":{"id":"application-manageconditionprice-display-component---newCondition--condBaseQty","interaction":{"idSuffix":"inner"}},"clearTextFirst":true,"interactionType":"ENTER_TEXT"}]}
COMMAND: GET /session/baa8cc8c703ae50a3cfee07d32ab3bfd/screenshot - {}
RESULT: {"script":"<script> [776 bytes]","args":[{"enterText":"1","selector":{"id":"application-manageconditionprice-display-component---newCondition--condBaseQty","interaction":{"idSuffix":"inner"}},"clearTextFirst":true,"interactionType":"ENTER_TEXT"}]}
RESULT: undefined
COMMAND: POST /session/baa8cc8c703ae50a3cfee07d32ab3bfd/execute/async - {"script":"<script> [776 bytes]","args":[{"enterText":"100","selector":{"id":"application-manageconditionprice-display-component---newCondition--condValue","interaction":{"idSuffix":"inner"}},"clearTextFirst":true,"interactionType":"ENTER_TEXT"}]}
RESULT: {}
RESULT: {"script":"<script> [776 bytes]","args":[{"enterText":"100","selector":{"id":"application-manageconditionprice-display-component---newCondition--condValue","interaction":{"idSuffix":"inner"}},"clearTextFirst":true,"interactionType":"ENTER_TEXT"}]}
RESULT: undefined
COMMAND: POST /session/baa8cc8c703ae50a3cfee07d32ab3bfd/element - {"using":"xpath","value":"//*[@id=\"application-manageconditionprice-display-component---newCondition--condCurr-arrow\"]"}
RESULT: {"using":"xpath","value":"//*[@id=\"application-manageconditionprice-display-component---newCondition--condCurr-arrow\"]"}
COMMAND: POST /session/baa8cc8c703ae50a3cfee07d32ab3bfd/element/f.A7D77B31E8FD2DE6ABF8E388F5FFE54F.d.02563A239A1A0164B9316F05360A4D5D.e.11923/click - {}
RESULT: {}
COMMAND: POST /session/baa8cc8c703ae50a3cfee07d32ab3bfd/element - {"using":"xpath","value":"//span[contains(text(), \"Euro\")]"}
COMMAND: GET /session/baa8cc8c703ae50a3cfee07d32ab3bfd/screenshot - {}
RESULT: {"using":"xpath","value":"//span[contains(text(), \"Euro\")]"}
COMMAND: POST /session/baa8cc8c703ae50a3cfee07d32ab3bfd/element/f.A7D77B31E8FD2DE6ABF8E388F5FFE54F.d.02563A239A1A0164B9316F05360A4D5D.e.12046/click - {}
RESULT: {}
RESULT: {}
COMMAND: POST /session/baa8cc8c703ae50a3cfee07d32ab3bfd/element - {"using":"xpath","value":"//button[@data-kt=\"saveButton\"]"}
COMMAND: GET /session/baa8cc8c703ae50a3cfee07d32ab3bfd/screenshot - {}
RESULT: {"using":"xpath","value":"//button[@data-kt=\"saveButton\"]"}
COMMAND: POST /session/baa8cc8c703ae50a3cfee07d32ab3bfd/element/f.A7D77B31E8FD2DE6ABF8E388F5FFE54F.d.02563A239A1A0164B9316F05360A4D5D.e.11924/click - {}
RESULT: {}
RESULT: {}
COMMAND: GET /session/baa8cc8c703ae50a3cfee07d32ab3bfd/screenshot - {}
RESULT: {}
RESULT: undefined
COMMAND: POST /session/baa8cc8c703ae50a3cfee07d32ab3bfd/execute/async - {"script":"<script> [776 bytes]","args":[{"enterText":"CtV80hcYKK","selector":{"id":"application-manageconditionprice-display-component---conditions--smartFilterBar-btnBasicSearch","interaction":{"idSuffix":"I"}},"clearTextFirst":true,"interactionType":"ENTER_TEXT"}]}
RESULT: {"script":"<script> [776 bytes]","args":[{"enterText":"CtV80hcYKK","selector":{"id":"application-manageconditionprice-display-component---conditions--smartFilterBar-btnBasicSearch","interaction":{"idSuffix":"I"}},"clearTextFirst":true,"interactionType":"ENTER_TEXT"}]}
COMMAND: POST /session/baa8cc8c703ae50a3cfee07d32ab3bfd/actions - {"actions":[{"id":"action40","type":"key","parameters":{},"actions":[{"type":"keyDown","value":""},{"type":"pause","duration":10},{"type":"keyUp","value":""}]}]}
RESULT: {"actions":[{"id":"action40","type":"key","parameters":{},"actions":[{"type":"keyDown","value":""},{"type":"pause","duration":10},{"type":"keyUp","value":""}]}]}
COMMAND: GET /session/baa8cc8c703ae50a3cfee07d32ab3bfd/screenshot - {}
RESULT: {}
RESULT: undefined
COMMAND: POST /session/baa8cc8c703ae50a3cfee07d32ab3bfd/element - {"using":"xpath","value":"//*[@id=\"application-manageconditionprice-display-component---conditions--smartFilterBar-filterItemControl_BASIC-BILL_TYPES-vhi\"]"}
RESULT: {"using":"xpath","value":"//*[@id=\"application-manageconditionprice-display-component---conditions--smartFilterBar-filterItemControl_BASIC-BILL_TYPES-vhi\"]"}
COMMAND: POST /session/baa8cc8c703ae50a3cfee07d32ab3bfd/element/f.A7D77B31E8FD2DE6ABF8E388F5FFE54F.d.02563A239A1A0164B9316F05360A4D5D.e.12088/click - {}
RESULT: {}
RESULT: undefined
COMMAND: POST /session/baa8cc8c703ae50a3cfee07d32ab3bfd/execute/async - {"script":"<script> [776 bytes]","args":[{"enterText":"TB","selector":{"id":"application-manageconditionprice-display-component---conditions--smartFilterBar-filterItemControl_BASIC-BILL_TYPES-valueHelpDialog-smartFilterBar-btnBasicSearch","searchOpenDialogs":true,"interaction":{"idSuffix":"I"}},"clearTextFirst":true,"interactionType":"ENTER_TEXT"}]}
COMMAND: GET /session/baa8cc8c703ae50a3cfee07d32ab3bfd/screenshot - {}
RESULT: {"script":"<script> [776 bytes]","args":[{"enterText":"TB","selector":{"id":"application-manageconditionprice-display-component---conditions--smartFilterBar-filterItemControl_BASIC-BILL_TYPES-valueHelpDialog-smartFilterBar-btnBasicSearch","searchOpenDialogs":true,"interaction":{"idSuffix":"I"}},"clearTextFirst":true,"interactionType":"ENTER_TEXT"}]}
COMMAND: POST /session/baa8cc8c703ae50a3cfee07d32ab3bfd/actions - {"actions":[{"id":"action41","type":"key","parameters":{},"actions":[{"type":"keyDown","value":""},{"type":"pause","duration":10},{"type":"keyUp","value":""}]}]}
RESULT: {}
RESULT: {"actions":[{"id":"action41","type":"key","parameters":{},"actions":[{"type":"keyDown","value":""},{"type":"pause","duration":10},{"type":"keyUp","value":""}]}]}
COMMAND: GET /session/baa8cc8c703ae50a3cfee07d32ab3bfd/screenshot - {}
RESULT: {}
COMMAND: POST /session/baa8cc8c703ae50a3cfee07d32ab3bfd/element - {"using":"xpath","value":"//div[contains(@id, 'application-manageconditionprice-display-component---conditions--smartFilterBar-filterItemControl_BASIC-BILL_TYPES-valueHelpDialog-table-rowsel0')]"}
RESULT: {"using":"xpath","value":"//div[contains(@id, 'application-manageconditionprice-display-component---conditions--smartFilterBar-filterItemControl_BASIC-BILL_TYPES-valueHelpDialog-table-rowsel0')]"}
COMMAND: POST /session/baa8cc8c703ae50a3cfee07d32ab3bfd/element/f.A7D77B31E8FD2DE6ABF8E388F5FFE54F.d.02563A239A1A0164B9316F05360A4D5D.e.12095/click - {}
RESULT: {}
COMMAND: GET /session/baa8cc8c703ae50a3cfee07d32ab3bfd/screenshot - {}
RESULT: {}
COMMAND: POST /session/baa8cc8c703ae50a3cfee07d32ab3bfd/element - {"using":"xpath","value":"//bdi[contains(text(), \"OK\")]"}
RESULT: {"using":"xpath","value":"//bdi[contains(text(), \"OK\")]"}
COMMAND: POST /session/baa8cc8c703ae50a3cfee07d32ab3bfd/element/f.A7D77B31E8FD2DE6ABF8E388F5FFE54F.d.02563A239A1A0164B9316F05360A4D5D.e.12097/click - {}
RESULT: {}
COMMAND: GET /session/baa8cc8c703ae50a3cfee07d32ab3bfd/screenshot - {}
RESULT: {}
COMMAND: POST /session/baa8cc8c703ae50a3cfee07d32ab3bfd/element - {"using":"xpath","value":"//span[@id=\"application-manageconditionprice-display-component---conditions--smartTable-header-inner\"]"}
RESULT: {"using":"xpath","value":"//span[@id=\"application-manageconditionprice-display-component---conditions--smartTable-header-inner\"]"}
COMMAND: POST /session/baa8cc8c703ae50a3cfee07d32ab3bfd/elements - {"using":"xpath","value":"//span[@id=\"application-manageconditionprice-display-component---conditions--smartTable-header-inner\"]"}
RESULT: {"using":"xpath","value":"//span[@id=\"application-manageconditionprice-display-component---conditions--smartTable-header-inner\"]"}
COMMAND: POST /session/baa8cc8c703ae50a3cfee07d32ab3bfd/execute/sync - {"script":"<script> [56 bytes]","args":[{"element-6066-11e4-a52e-4f735466cecf":"f.A7D77B31E8FD2DE6ABF8E388F5FFE54F.d.02563A239A1A0164B9316F05360A4D5D.e.12106","ELEMENT":"f.A7D77B31E8FD2DE6ABF8E388F5FFE54F.d.02563A239A1A0164B9316F05360A4D5D.e.12106"}]}
RESULT: {"script":"<script> [56 bytes]","args":[{"element-6066-11e4-a52e-4f735466cecf":"f.A7D77B31E8FD2DE6ABF8E388F5FFE54F.d.02563A239A1A0164B9316F05360A4D5D.e.12106","ELEMENT":"f.A7D77B31E8FD2DE6ABF8E388F5FFE54F.d.02563A239A1A0164B9316F05360A4D5D.e.12106"}]}
COMMAND: POST /session/baa8cc8c703ae50a3cfee07d32ab3bfd/element - {"using":"css selector","value":"#shell-header-logo"}
COMMAND: GET /session/baa8cc8c703ae50a3cfee07d32ab3bfd/screenshot - {}
RESULT: {"using":"css selector","value":"#shell-header-logo"}
COMMAND: POST /session/baa8cc8c703ae50a3cfee07d32ab3bfd/element/f.A7D77B31E8FD2DE6ABF8E388F5FFE54F.d.02563A239A1A0164B9316F05360A4D5D.e.11491/click - {}
RESULT: {}
RESULT: {}
COMMAND: GET /session/baa8cc8c703ae50a3cfee07d32ab3bfd/screenshot - {}
RESULT: {}
]]></system-out>
    </testcase>
    <testcase classname="chrome.135_0_7049_42.windows.Create_master_data_for_mixed_billing_&amp;_do_billing_calculation_US151661" name="Should do a stock increase handover" time="86.531">
      <system-out><![CDATA[
COMMAND: POST /session/baa8cc8c703ae50a3cfee07d32ab3bfd/execute/async - {"script":"<script> [1562 bytes]","args":[{"selector":{"controlType":"sap.m.Text","viewName":"etm.portal.ui.managehandoverstile.view.Master","properties":{"text":"Manage Handovers"},"interaction":{"idSuffix":"inner"}},"wdio_ui5_key":"etmportal.ui.managehandoverstile.view.Mastersap.m.Text{\"text\":\"Manage Handovers\"}"}]}
RESULT: {"script":"<script> [1562 bytes]","args":[{"selector":{"controlType":"sap.m.Text","viewName":"etm.portal.ui.managehandoverstile.view.Master","properties":{"text":"Manage Handovers"},"interaction":{"idSuffix":"inner"}},"wdio_ui5_key":"etmportal.ui.managehandoverstile.view.Mastersap.m.Text{\"text\":\"Manage Handovers\"}"}]}
RESULT: undefined
COMMAND: POST /session/baa8cc8c703ae50a3cfee07d32ab3bfd/element - {"using":"xpath","value":"//*[@id=\"__tile131-title\"]"}
RESULT: {"using":"xpath","value":"//*[@id=\"__tile131-title\"]"}
COMMAND: POST /session/baa8cc8c703ae50a3cfee07d32ab3bfd/element/f.A7D77B31E8FD2DE6ABF8E388F5FFE54F.d.02563A239A1A0164B9316F05360A4D5D.e.12109/click - {}
RESULT: {}
COMMAND: POST /session/baa8cc8c703ae50a3cfee07d32ab3bfd/element - {"using":"xpath","value":"//button[@data-kt=\"masterHOAddButton\"]"}
COMMAND: GET /session/baa8cc8c703ae50a3cfee07d32ab3bfd/screenshot - {}
RESULT: {"using":"xpath","value":"//button[@data-kt=\"masterHOAddButton\"]"}
COMMAND: POST /session/baa8cc8c703ae50a3cfee07d32ab3bfd/elements - {"using":"xpath","value":"//button[@data-kt=\"masterHOAddButton\"]"}
RESULT: {}
RESULT: {"using":"xpath","value":"//button[@data-kt=\"masterHOAddButton\"]"}
COMMAND: POST /session/baa8cc8c703ae50a3cfee07d32ab3bfd/elements - {"using":"xpath","value":"//button[@data-kt=\"masterHOAddButton\"]"}
RESULT: {"using":"xpath","value":"//button[@data-kt=\"masterHOAddButton\"]"}
COMMAND: POST /session/baa8cc8c703ae50a3cfee07d32ab3bfd/elements - {"using":"xpath","value":"//button[@data-kt=\"masterHOAddButton\"]"}
RESULT: {"using":"xpath","value":"//button[@data-kt=\"masterHOAddButton\"]"}
COMMAND: POST /session/baa8cc8c703ae50a3cfee07d32ab3bfd/elements - {"using":"xpath","value":"//button[@data-kt=\"masterHOAddButton\"]"}
RESULT: {"using":"xpath","value":"//button[@data-kt=\"masterHOAddButton\"]"}
COMMAND: POST /session/baa8cc8c703ae50a3cfee07d32ab3bfd/elements - {"using":"xpath","value":"//button[@data-kt=\"masterHOAddButton\"]"}
RESULT: {"using":"xpath","value":"//button[@data-kt=\"masterHOAddButton\"]"}
COMMAND: POST /session/baa8cc8c703ae50a3cfee07d32ab3bfd/elements - {"using":"xpath","value":"//button[@data-kt=\"masterHOAddButton\"]"}
RESULT: {"using":"xpath","value":"//button[@data-kt=\"masterHOAddButton\"]"}
COMMAND: POST /session/baa8cc8c703ae50a3cfee07d32ab3bfd/elements - {"using":"xpath","value":"//button[@data-kt=\"masterHOAddButton\"]"}
RESULT: {"using":"xpath","value":"//button[@data-kt=\"masterHOAddButton\"]"}
COMMAND: POST /session/baa8cc8c703ae50a3cfee07d32ab3bfd/elements - {"using":"xpath","value":"//button[@data-kt=\"masterHOAddButton\"]"}
RESULT: {"using":"xpath","value":"//button[@data-kt=\"masterHOAddButton\"]"}
COMMAND: POST /session/baa8cc8c703ae50a3cfee07d32ab3bfd/elements - {"using":"xpath","value":"//button[@data-kt=\"masterHOAddButton\"]"}
RESULT: {"using":"xpath","value":"//button[@data-kt=\"masterHOAddButton\"]"}
COMMAND: POST /session/baa8cc8c703ae50a3cfee07d32ab3bfd/elements - {"using":"xpath","value":"//button[@data-kt=\"masterHOAddButton\"]"}
RESULT: {"using":"xpath","value":"//button[@data-kt=\"masterHOAddButton\"]"}
COMMAND: POST /session/baa8cc8c703ae50a3cfee07d32ab3bfd/elements - {"using":"xpath","value":"//button[@data-kt=\"masterHOAddButton\"]"}
RESULT: {"using":"xpath","value":"//button[@data-kt=\"masterHOAddButton\"]"}
COMMAND: POST /session/baa8cc8c703ae50a3cfee07d32ab3bfd/elements - {"using":"xpath","value":"//button[@data-kt=\"masterHOAddButton\"]"}
RESULT: {"using":"xpath","value":"//button[@data-kt=\"masterHOAddButton\"]"}
COMMAND: POST /session/baa8cc8c703ae50a3cfee07d32ab3bfd/elements - {"using":"xpath","value":"//button[@data-kt=\"masterHOAddButton\"]"}
RESULT: {"using":"xpath","value":"//button[@data-kt=\"masterHOAddButton\"]"}
COMMAND: POST /session/baa8cc8c703ae50a3cfee07d32ab3bfd/elements - {"using":"xpath","value":"//button[@data-kt=\"masterHOAddButton\"]"}
RESULT: {"using":"xpath","value":"//button[@data-kt=\"masterHOAddButton\"]"}
COMMAND: POST /session/baa8cc8c703ae50a3cfee07d32ab3bfd/element - {"using":"xpath","value":"//button[@data-kt=\"masterHOAddButton\"]"}
RESULT: {"using":"xpath","value":"//button[@data-kt=\"masterHOAddButton\"]"}
COMMAND: POST /session/baa8cc8c703ae50a3cfee07d32ab3bfd/execute/sync - {"script":"<script> [8489 bytes]","args":[{"element-6066-11e4-a52e-4f735466cecf":"f.A7D77B31E8FD2DE6ABF8E388F5FFE54F.d.02563A239A1A0164B9316F05360A4D5D.e.12136","ELEMENT":"f.A7D77B31E8FD2DE6ABF8E388F5FFE54F.d.02563A239A1A0164B9316F05360A4D5D.e.12136"}]}
RESULT: {"script":"<script> [8489 bytes]","args":[{"element-6066-11e4-a52e-4f735466cecf":"f.A7D77B31E8FD2DE6ABF8E388F5FFE54F.d.02563A239A1A0164B9316F05360A4D5D.e.12136","ELEMENT":"f.A7D77B31E8FD2DE6ABF8E388F5FFE54F.d.02563A239A1A0164B9316F05360A4D5D.e.12136"}]}
COMMAND: GET /session/baa8cc8c703ae50a3cfee07d32ab3bfd/element/f.A7D77B31E8FD2DE6ABF8E388F5FFE54F.d.02563A239A1A0164B9316F05360A4D5D.e.12136/enabled - {}
COMMAND: GET /session/baa8cc8c703ae50a3cfee07d32ab3bfd/screenshot - {}
RESULT: {}
COMMAND: POST /session/baa8cc8c703ae50a3cfee07d32ab3bfd/execute/sync - {"script":"<script> [8489 bytes]","args":[{"element-6066-11e4-a52e-4f735466cecf":"f.A7D77B31E8FD2DE6ABF8E388F5FFE54F.d.02563A239A1A0164B9316F05360A4D5D.e.12136","ELEMENT":"f.A7D77B31E8FD2DE6ABF8E388F5FFE54F.d.02563A239A1A0164B9316F05360A4D5D.e.12136"}]}
COMMAND: GET /session/baa8cc8c703ae50a3cfee07d32ab3bfd/screenshot - {}
RESULT: {}
RESULT: {"script":"<script> [8489 bytes]","args":[{"element-6066-11e4-a52e-4f735466cecf":"f.A7D77B31E8FD2DE6ABF8E388F5FFE54F.d.02563A239A1A0164B9316F05360A4D5D.e.12136","ELEMENT":"f.A7D77B31E8FD2DE6ABF8E388F5FFE54F.d.02563A239A1A0164B9316F05360A4D5D.e.12136"}]}
COMMAND: POST /session/baa8cc8c703ae50a3cfee07d32ab3bfd/execute/sync - {"script":"<script> [5351 bytes]","args":[{"element-6066-11e4-a52e-4f735466cecf":"f.A7D77B31E8FD2DE6ABF8E388F5FFE54F.d.02563A239A1A0164B9316F05360A4D5D.e.12136","ELEMENT":"f.A7D77B31E8FD2DE6ABF8E388F5FFE54F.d.02563A239A1A0164B9316F05360A4D5D.e.12136"}]}
COMMAND: GET /session/baa8cc8c703ae50a3cfee07d32ab3bfd/screenshot - {}
RESULT: {}
RESULT: {"script":"<script> [5351 bytes]","args":[{"element-6066-11e4-a52e-4f735466cecf":"f.A7D77B31E8FD2DE6ABF8E388F5FFE54F.d.02563A239A1A0164B9316F05360A4D5D.e.12136","ELEMENT":"f.A7D77B31E8FD2DE6ABF8E388F5FFE54F.d.02563A239A1A0164B9316F05360A4D5D.e.12136"}]}
COMMAND: POST /session/baa8cc8c703ae50a3cfee07d32ab3bfd/element/f.A7D77B31E8FD2DE6ABF8E388F5FFE54F.d.02563A239A1A0164B9316F05360A4D5D.e.12136/click - {}
COMMAND: GET /session/baa8cc8c703ae50a3cfee07d32ab3bfd/screenshot - {}
RESULT: {}
RESULT: {}
COMMAND: GET /session/baa8cc8c703ae50a3cfee07d32ab3bfd/screenshot - {}
RESULT: {}
COMMAND: POST /session/baa8cc8c703ae50a3cfee07d32ab3bfd/element - {"using":"xpath","value":"//span[contains(@id ,\"AddNewHO--typeSelect-arrow\")]"}
RESULT: {}
RESULT: {"using":"xpath","value":"//span[contains(@id ,\"AddNewHO--typeSelect-arrow\")]"}
COMMAND: POST /session/baa8cc8c703ae50a3cfee07d32ab3bfd/element/f.A7D77B31E8FD2DE6ABF8E388F5FFE54F.d.02563A239A1A0164B9316F05360A4D5D.e.12508/click - {}
RESULT: {}
COMMAND: GET /session/baa8cc8c703ae50a3cfee07d32ab3bfd/screenshot - {}
RESULT: {}
COMMAND: POST /session/baa8cc8c703ae50a3cfee07d32ab3bfd/element - {"using":"xpath","value":"(//li[contains(text(), \"stock increase yard\")])[1]"}
RESULT: {"using":"xpath","value":"(//li[contains(text(), \"stock increase yard\")])[1]"}
COMMAND: POST /session/baa8cc8c703ae50a3cfee07d32ab3bfd/element/f.A7D77B31E8FD2DE6ABF8E388F5FFE54F.d.02563A239A1A0164B9316F05360A4D5D.e.12509/click - {}
RESULT: {}
COMMAND: GET /session/baa8cc8c703ae50a3cfee07d32ab3bfd/screenshot - {}
RESULT: {}
COMMAND: POST /session/baa8cc8c703ae50a3cfee07d32ab3bfd/execute/async - {"script":"<script> [1562 bytes]","args":[{"selector":{"id":"application-managehandovers-display-component---AddNewHO--dueDate","interaction":{"idSuffix":"inner"}},"wdio_ui5_key":"applicationmanagehandovers-display-component---AddNewHO--dueDate"}]}
RESULT: {"script":"<script> [1562 bytes]","args":[{"selector":{"id":"application-managehandovers-display-component---AddNewHO--dueDate","interaction":{"idSuffix":"inner"}},"wdio_ui5_key":"applicationmanagehandovers-display-component---AddNewHO--dueDate"}]}
RESULT: undefined
COMMAND: POST /session/baa8cc8c703ae50a3cfee07d32ab3bfd/execute/async - {"script":"<script> [6424 bytes]","args":[{"element-6066-11e4-a52e-4f735466cecf":"f.A7D77B31E8FD2DE6ABF8E388F5FFE54F.d.02563A239A1A0164B9316F05360A4D5D.e.12511"},"setValue",["04/23/2025"]]}
RESULT: {"script":"<script> [6424 bytes]","args":[{"element-6066-11e4-a52e-4f735466cecf":"f.A7D77B31E8FD2DE6ABF8E388F5FFE54F.d.02563A239A1A0164B9316F05360A4D5D.e.12511"},"setValue",["04/23/2025"]]}
COMMAND: POST /session/baa8cc8c703ae50a3cfee07d32ab3bfd/element - {"using":"xpath","value":"//input[@id=\"generalSectionFrg--receiveYard-inner\"]"}
RESULT: {"using":"xpath","value":"//input[@id=\"generalSectionFrg--receiveYard-inner\"]"}
COMMAND: POST /session/baa8cc8c703ae50a3cfee07d32ab3bfd/element/f.A7D77B31E8FD2DE6ABF8E388F5FFE54F.d.02563A239A1A0164B9316F05360A4D5D.e.12517/clear - {}
RESULT: {}
COMMAND: POST /session/baa8cc8c703ae50a3cfee07d32ab3bfd/element/f.A7D77B31E8FD2DE6ABF8E388F5FFE54F.d.02563A239A1A0164B9316F05360A4D5D.e.12517/value - {"text":"706"}
COMMAND: GET /session/baa8cc8c703ae50a3cfee07d32ab3bfd/screenshot - {}
RESULT: {"text":"706"}
COMMAND: GET /session/baa8cc8c703ae50a3cfee07d32ab3bfd/screenshot - {}
RESULT: {}
RESULT: {}
COMMAND: POST /session/baa8cc8c703ae50a3cfee07d32ab3bfd/element - {"using":"xpath","value":"//li[.//span[text()='706']]"}
RESULT: {"using":"xpath","value":"//li[.//span[text()='706']]"}
COMMAND: POST /session/baa8cc8c703ae50a3cfee07d32ab3bfd/element/f.A7D77B31E8FD2DE6ABF8E388F5FFE54F.d.02563A239A1A0164B9316F05360A4D5D.e.12534/click - {}
RESULT: {}
COMMAND: GET /session/baa8cc8c703ae50a3cfee07d32ab3bfd/screenshot - {}
RESULT: {}
COMMAND: POST /session/baa8cc8c703ae50a3cfee07d32ab3bfd/execute/async - {"script":"<script> [1562 bytes]","args":[{"selector":{"id":"application-managehandovers-display-component---AddNewHO--ObjectPageLayout-anchBar-application-managehandovers-display-component---AddNewHO--section4-anchor","interaction":{"idSuffix":"BDI-content"}},"wdio_ui5_key":"applicationmanagehandovers-display-component---AddNewHO--ObjectPageLayout-anchBar-application-managehandovers-display-component---AddNewHO--section4-anchor"}]}
RESULT: {"script":"<script> [1562 bytes]","args":[{"selector":{"id":"application-managehandovers-display-component---AddNewHO--ObjectPageLayout-anchBar-application-managehandovers-display-component---AddNewHO--section4-anchor","interaction":{"idSuffix":"BDI-content"}},"wdio_ui5_key":"applicationmanagehandovers-display-component---AddNewHO--ObjectPageLayout-anchBar-application-managehandovers-display-component---AddNewHO--section4-anchor"}]}
RESULT: undefined
COMMAND: POST /session/baa8cc8c703ae50a3cfee07d32ab3bfd/element - {"using":"xpath","value":"//*[@id=\"application-managehandovers-display-component---AddNewHO--ObjectPageLayout-anchBar-application-managehandovers-display-component---AddNewHO--section4-anchor\"]"}
RESULT: {"using":"xpath","value":"//*[@id=\"application-managehandovers-display-component---AddNewHO--ObjectPageLayout-anchBar-application-managehandovers-display-component---AddNewHO--section4-anchor\"]"}
COMMAND: POST /session/baa8cc8c703ae50a3cfee07d32ab3bfd/element/f.A7D77B31E8FD2DE6ABF8E388F5FFE54F.d.02563A239A1A0164B9316F05360A4D5D.e.12536/click - {}
RESULT: {}
COMMAND: POST /session/baa8cc8c703ae50a3cfee07d32ab3bfd/element - {"using":"xpath","value":"//button[@aria-label=\"Add\"]"}
COMMAND: GET /session/baa8cc8c703ae50a3cfee07d32ab3bfd/screenshot - {}
RESULT: {"using":"xpath","value":"//button[@aria-label=\"Add\"]"}
COMMAND: POST /session/baa8cc8c703ae50a3cfee07d32ab3bfd/element/f.A7D77B31E8FD2DE6ABF8E388F5FFE54F.d.02563A239A1A0164B9316F05360A4D5D.e.12538/click - {}
RESULT: {}
RESULT: {}
COMMAND: GET /session/baa8cc8c703ae50a3cfee07d32ab3bfd/screenshot - {}
RESULT: {}
COMMAND: POST /session/baa8cc8c703ae50a3cfee07d32ab3bfd/execute/async - {"script":"<script> [1562 bytes]","args":[{"selector":{"id":"application-managehandovers-display-component---AddNewHO--smartFilterBar-btnBasicSearch","searchOpenDialogs":true,"interaction":{"idSuffix":"I"}},"wdio_ui5_key":"applicationmanagehandovers-display-component---AddNewHO--smartFilterBar-btnBasicSearch"}]}
RESULT: {"script":"<script> [1562 bytes]","args":[{"selector":{"id":"application-managehandovers-display-component---AddNewHO--smartFilterBar-btnBasicSearch","searchOpenDialogs":true,"interaction":{"idSuffix":"I"}},"wdio_ui5_key":"applicationmanagehandovers-display-component---AddNewHO--smartFilterBar-btnBasicSearch"}]}
RESULT: undefined
COMMAND: POST /session/baa8cc8c703ae50a3cfee07d32ab3bfd/execute/async - {"script":"<script> [776 bytes]","args":[{"enterText":"CtV80hcYKK","selector":{"id":"application-managehandovers-display-component---AddNewHO--smartFilterBar-btnBasicSearch","searchOpenDialogs":true,"interaction":{"idSuffix":"I"}},"clearTextFirst":true,"interactionType":"ENTER_TEXT"}]}
RESULT: {"script":"<script> [776 bytes]","args":[{"enterText":"CtV80hcYKK","selector":{"id":"application-managehandovers-display-component---AddNewHO--smartFilterBar-btnBasicSearch","searchOpenDialogs":true,"interaction":{"idSuffix":"I"}},"clearTextFirst":true,"interactionType":"ENTER_TEXT"}]}
COMMAND: POST /session/baa8cc8c703ae50a3cfee07d32ab3bfd/actions - {"actions":[{"id":"action42","type":"key","parameters":{},"actions":[{"type":"keyDown","value":""},{"type":"pause","duration":10},{"type":"keyUp","value":""}]}]}
RESULT: {"actions":[{"id":"action42","type":"key","parameters":{},"actions":[{"type":"keyDown","value":""},{"type":"pause","duration":10},{"type":"keyUp","value":""}]}]}
COMMAND: GET /session/baa8cc8c703ae50a3cfee07d32ab3bfd/screenshot - {}
RESULT: {}
COMMAND: POST /session/baa8cc8c703ae50a3cfee07d32ab3bfd/execute/async - {"script":"<script> [1562 bytes]","args":[{"selector":{"id":"application-managehandovers-display-component---AddNewHO--popup-sa","searchOpenDialogs":true,"interaction":{"idSuffix":"CbBg"}},"wdio_ui5_key":"applicationmanagehandovers-display-component---AddNewHO--popup-sa"}]}
RESULT: {"script":"<script> [1562 bytes]","args":[{"selector":{"id":"application-managehandovers-display-component---AddNewHO--popup-sa","searchOpenDialogs":true,"interaction":{"idSuffix":"CbBg"}},"wdio_ui5_key":"applicationmanagehandovers-display-component---AddNewHO--popup-sa"}]}
RESULT: undefined
COMMAND: POST /session/baa8cc8c703ae50a3cfee07d32ab3bfd/element - {"using":"xpath","value":"//*[@id=\"application-managehandovers-display-component---AddNewHO--popup-sa\"]"}
RESULT: {"using":"xpath","value":"//*[@id=\"application-managehandovers-display-component---AddNewHO--popup-sa\"]"}
COMMAND: POST /session/baa8cc8c703ae50a3cfee07d32ab3bfd/element/f.A7D77B31E8FD2DE6ABF8E388F5FFE54F.d.02563A239A1A0164B9316F05360A4D5D.e.12693/click - {}
RESULT: {}
COMMAND: GET /session/baa8cc8c703ae50a3cfee07d32ab3bfd/screenshot - {}
RESULT: {}
COMMAND: POST /session/baa8cc8c703ae50a3cfee07d32ab3bfd/element - {"using":"xpath","value":"//bdi[contains(text(), \"Select\")]"}
RESULT: {"using":"xpath","value":"//bdi[contains(text(), \"Select\")]"}
COMMAND: POST /session/baa8cc8c703ae50a3cfee07d32ab3bfd/element/f.A7D77B31E8FD2DE6ABF8E388F5FFE54F.d.02563A239A1A0164B9316F05360A4D5D.e.12694/click - {}
RESULT: {}
COMMAND: GET /session/baa8cc8c703ae50a3cfee07d32ab3bfd/screenshot - {}
RESULT: {}
COMMAND: POST /session/baa8cc8c703ae50a3cfee07d32ab3bfd/element - {"using":"xpath","value":"//button[@data-kt=\"AddNewHOSaveButton\"]"}
RESULT: {"using":"xpath","value":"//button[@data-kt=\"AddNewHOSaveButton\"]"}
COMMAND: POST /session/baa8cc8c703ae50a3cfee07d32ab3bfd/element/f.A7D77B31E8FD2DE6ABF8E388F5FFE54F.d.02563A239A1A0164B9316F05360A4D5D.e.12698/click - {}
RESULT: {}
COMMAND: GET /session/baa8cc8c703ae50a3cfee07d32ab3bfd/screenshot - {}
RESULT: {}
COMMAND: POST /session/baa8cc8c703ae50a3cfee07d32ab3bfd/execute/async - {"script":"<script> [1562 bytes]","args":[{"selector":{"id":"receiptDatePicker","viewName":"etm.portal.ui.managehandovers.view.DetailExecuteHO","interaction":{"idSuffix":"inner"}},"wdio_ui5_key":"receiptDatePickeretmportal.ui.managehandovers.view.DetailExecuteHO"}]}
RESULT: {"script":"<script> [1562 bytes]","args":[{"selector":{"id":"receiptDatePicker","viewName":"etm.portal.ui.managehandovers.view.DetailExecuteHO","interaction":{"idSuffix":"inner"}},"wdio_ui5_key":"receiptDatePickeretmportal.ui.managehandovers.view.DetailExecuteHO"}]}
RESULT: undefined
COMMAND: POST /session/baa8cc8c703ae50a3cfee07d32ab3bfd/execute/async - {"script":"<script> [6424 bytes]","args":[{"element-6066-11e4-a52e-4f735466cecf":"f.A7D77B31E8FD2DE6ABF8E388F5FFE54F.d.02563A239A1A0164B9316F05360A4D5D.e.12728"},"setValue",["04/23/2025"]]}
RESULT: {"script":"<script> [6424 bytes]","args":[{"element-6066-11e4-a52e-4f735466cecf":"f.A7D77B31E8FD2DE6ABF8E388F5FFE54F.d.02563A239A1A0164B9316F05360A4D5D.e.12728"},"setValue",["04/23/2025"]]}
COMMAND: POST /session/baa8cc8c703ae50a3cfee07d32ab3bfd/element - {"using":"xpath","value":"//button[@data-kt=\"PickingTableConfirmAllButton\"]"}
RESULT: {"using":"xpath","value":"//button[@data-kt=\"PickingTableConfirmAllButton\"]"}
COMMAND: POST /session/baa8cc8c703ae50a3cfee07d32ab3bfd/element/f.A7D77B31E8FD2DE6ABF8E388F5FFE54F.d.02563A239A1A0164B9316F05360A4D5D.e.12744/click - {}
RESULT: {}
COMMAND: GET /session/baa8cc8c703ae50a3cfee07d32ab3bfd/screenshot - {}
RESULT: {}
COMMAND: POST /session/baa8cc8c703ae50a3cfee07d32ab3bfd/element - {"using":"xpath","value":"//bdi[contains(text(), \"OK\")]"}
RESULT: {"using":"xpath","value":"//bdi[contains(text(), \"OK\")]"}
COMMAND: POST /session/baa8cc8c703ae50a3cfee07d32ab3bfd/element/f.A7D77B31E8FD2DE6ABF8E388F5FFE54F.d.02563A239A1A0164B9316F05360A4D5D.e.12746/click - {}
RESULT: {}
COMMAND: GET /session/baa8cc8c703ae50a3cfee07d32ab3bfd/screenshot - {}
RESULT: {}
COMMAND: POST /session/baa8cc8c703ae50a3cfee07d32ab3bfd/element - {"using":"xpath","value":"(//bdi[contains(text(), \"Receive\")])[2]"}
RESULT: {"using":"xpath","value":"(//bdi[contains(text(), \"Receive\")])[2]"}
COMMAND: POST /session/baa8cc8c703ae50a3cfee07d32ab3bfd/element/f.A7D77B31E8FD2DE6ABF8E388F5FFE54F.d.02563A239A1A0164B9316F05360A4D5D.e.12748/click - {}
RESULT: {}
COMMAND: GET /session/baa8cc8c703ae50a3cfee07d32ab3bfd/screenshot - {}
RESULT: {}
COMMAND: POST /session/baa8cc8c703ae50a3cfee07d32ab3bfd/element - {"using":"css selector","value":"#shell-header-logo"}
RESULT: {"using":"css selector","value":"#shell-header-logo"}
COMMAND: POST /session/baa8cc8c703ae50a3cfee07d32ab3bfd/element/f.A7D77B31E8FD2DE6ABF8E388F5FFE54F.d.02563A239A1A0164B9316F05360A4D5D.e.12111/click - {}
RESULT: {}
COMMAND: GET /session/baa8cc8c703ae50a3cfee07d32ab3bfd/screenshot - {}
RESULT: {}
]]></system-out>
    </testcase>
    <testcase classname="chrome.135_0_7049_42.windows.Create_master_data_for_mixed_billing_&amp;_do_billing_calculation_US151661" name="Should create a new contract" time="48.585">
      <system-out><![CDATA[
COMMAND: POST /session/baa8cc8c703ae50a3cfee07d32ab3bfd/execute/async - {"script":"<script> [1562 bytes]","args":[{"selector":{"controlType":"sap.m.Text","viewName":"etm.portal.ui.managecontractstile.view.Master","properties":{"text":"Manage Contracts"},"interaction":{"idSuffix":"inner"}},"wdio_ui5_key":"etmportal.ui.managecontractstile.view.Mastersap.m.Text{\"text\":\"Manage Contracts\"}"}]}
RESULT: {"script":"<script> [1562 bytes]","args":[{"selector":{"controlType":"sap.m.Text","viewName":"etm.portal.ui.managecontractstile.view.Master","properties":{"text":"Manage Contracts"},"interaction":{"idSuffix":"inner"}},"wdio_ui5_key":"etmportal.ui.managecontractstile.view.Mastersap.m.Text{\"text\":\"Manage Contracts\"}"}]}
RESULT: undefined
COMMAND: POST /session/baa8cc8c703ae50a3cfee07d32ab3bfd/element - {"using":"xpath","value":"//*[@id=\"__tile130-title\"]"}
RESULT: {"using":"xpath","value":"//*[@id=\"__tile130-title\"]"}
COMMAND: POST /session/baa8cc8c703ae50a3cfee07d32ab3bfd/element/f.A7D77B31E8FD2DE6ABF8E388F5FFE54F.d.02563A239A1A0164B9316F05360A4D5D.e.12902/click - {}
RESULT: {}
COMMAND: GET /session/baa8cc8c703ae50a3cfee07d32ab3bfd/screenshot - {}
COMMAND: POST /session/baa8cc8c703ae50a3cfee07d32ab3bfd/element - {"using":"xpath","value":"//button[@data-kt=\"addButton\"]"}
RESULT: {}
RESULT: undefined
RESULT: {"using":"xpath","value":"//button[@data-kt=\"addButton\"]"}
COMMAND: POST /session/baa8cc8c703ae50a3cfee07d32ab3bfd/elements - {"using":"xpath","value":"//button[@data-kt=\"addButton\"]"}
RESULT: {"using":"xpath","value":"//button[@data-kt=\"addButton\"]"}
COMMAND: POST /session/baa8cc8c703ae50a3cfee07d32ab3bfd/execute/sync - {"script":"<script> [8489 bytes]","args":[{"element-6066-11e4-a52e-4f735466cecf":"f.A7D77B31E8FD2DE6ABF8E388F5FFE54F.d.02563A239A1A0164B9316F05360A4D5D.e.12949","ELEMENT":"f.A7D77B31E8FD2DE6ABF8E388F5FFE54F.d.02563A239A1A0164B9316F05360A4D5D.e.12949"}]}
RESULT: {"script":"<script> [8489 bytes]","args":[{"element-6066-11e4-a52e-4f735466cecf":"f.A7D77B31E8FD2DE6ABF8E388F5FFE54F.d.02563A239A1A0164B9316F05360A4D5D.e.12949","ELEMENT":"f.A7D77B31E8FD2DE6ABF8E388F5FFE54F.d.02563A239A1A0164B9316F05360A4D5D.e.12949"}]}
COMMAND: GET /session/baa8cc8c703ae50a3cfee07d32ab3bfd/element/f.A7D77B31E8FD2DE6ABF8E388F5FFE54F.d.02563A239A1A0164B9316F05360A4D5D.e.12949/enabled - {}
COMMAND: GET /session/baa8cc8c703ae50a3cfee07d32ab3bfd/screenshot - {}
RESULT: {}
COMMAND: POST /session/baa8cc8c703ae50a3cfee07d32ab3bfd/execute/sync - {"script":"<script> [8489 bytes]","args":[{"element-6066-11e4-a52e-4f735466cecf":"f.A7D77B31E8FD2DE6ABF8E388F5FFE54F.d.02563A239A1A0164B9316F05360A4D5D.e.12949","ELEMENT":"f.A7D77B31E8FD2DE6ABF8E388F5FFE54F.d.02563A239A1A0164B9316F05360A4D5D.e.12949"}]}
COMMAND: GET /session/baa8cc8c703ae50a3cfee07d32ab3bfd/screenshot - {}
RESULT: {}
RESULT: {"script":"<script> [8489 bytes]","args":[{"element-6066-11e4-a52e-4f735466cecf":"f.A7D77B31E8FD2DE6ABF8E388F5FFE54F.d.02563A239A1A0164B9316F05360A4D5D.e.12949","ELEMENT":"f.A7D77B31E8FD2DE6ABF8E388F5FFE54F.d.02563A239A1A0164B9316F05360A4D5D.e.12949"}]}
COMMAND: POST /session/baa8cc8c703ae50a3cfee07d32ab3bfd/execute/sync - {"script":"<script> [5351 bytes]","args":[{"element-6066-11e4-a52e-4f735466cecf":"f.A7D77B31E8FD2DE6ABF8E388F5FFE54F.d.02563A239A1A0164B9316F05360A4D5D.e.12949","ELEMENT":"f.A7D77B31E8FD2DE6ABF8E388F5FFE54F.d.02563A239A1A0164B9316F05360A4D5D.e.12949"}]}
COMMAND: GET /session/baa8cc8c703ae50a3cfee07d32ab3bfd/screenshot - {}
RESULT: {}
RESULT: {"script":"<script> [5351 bytes]","args":[{"element-6066-11e4-a52e-4f735466cecf":"f.A7D77B31E8FD2DE6ABF8E388F5FFE54F.d.02563A239A1A0164B9316F05360A4D5D.e.12949","ELEMENT":"f.A7D77B31E8FD2DE6ABF8E388F5FFE54F.d.02563A239A1A0164B9316F05360A4D5D.e.12949"}]}
COMMAND: GET /session/baa8cc8c703ae50a3cfee07d32ab3bfd/screenshot - {}
RESULT: {}
RESULT: {}
COMMAND: POST /session/baa8cc8c703ae50a3cfee07d32ab3bfd/element/f.A7D77B31E8FD2DE6ABF8E388F5FFE54F.d.02563A239A1A0164B9316F05360A4D5D.e.12949/click - {}
RESULT: {}
COMMAND: GET /session/baa8cc8c703ae50a3cfee07d32ab3bfd/screenshot - {}
RESULT: {}
COMMAND: POST /session/baa8cc8c703ae50a3cfee07d32ab3bfd/execute/async - {"script":"<script> [1562 bytes]","args":[{"selector":{"id":"application-managecontracts-display-component---AddNewContract--projectDescription","interaction":{"idSuffix":"inner"}},"wdio_ui5_key":"applicationmanagecontracts-display-component---AddNewContract--projectDescription"}]}
RESULT: {"script":"<script> [1562 bytes]","args":[{"selector":{"id":"application-managecontracts-display-component---AddNewContract--projectDescription","interaction":{"idSuffix":"inner"}},"wdio_ui5_key":"applicationmanagecontracts-display-component---AddNewContract--projectDescription"}]}
RESULT: undefined
COMMAND: POST /session/baa8cc8c703ae50a3cfee07d32ab3bfd/execute/async - {"script":"<script> [776 bytes]","args":[{"enterText":"Mixed Contract WDIO","selector":{"id":"application-managecontracts-display-component---AddNewContract--projectDescription","interaction":{"idSuffix":"inner"}},"clearTextFirst":true,"interactionType":"ENTER_TEXT"}]}
RESULT: {"script":"<script> [776 bytes]","args":[{"enterText":"Mixed Contract WDIO","selector":{"id":"application-managecontracts-display-component---AddNewContract--projectDescription","interaction":{"idSuffix":"inner"}},"clearTextFirst":true,"interactionType":"ENTER_TEXT"}]}
COMMAND: POST /session/baa8cc8c703ae50a3cfee07d32ab3bfd/element - {"using":"xpath","value":"//input[@id=\"application-managecontracts-display-component---AddNewContract--site-inner\"]"}
RESULT: {"using":"xpath","value":"//input[@id=\"application-managecontracts-display-component---AddNewContract--site-inner\"]"}
COMMAND: POST /session/baa8cc8c703ae50a3cfee07d32ab3bfd/element/f.A7D77B31E8FD2DE6ABF8E388F5FFE54F.d.02563A239A1A0164B9316F05360A4D5D.e.13278/clear - {}
RESULT: {}
COMMAND: POST /session/baa8cc8c703ae50a3cfee07d32ab3bfd/element/f.A7D77B31E8FD2DE6ABF8E388F5FFE54F.d.02563A239A1A0164B9316F05360A4D5D.e.13278/value - {"text":"2518"}
COMMAND: GET /session/baa8cc8c703ae50a3cfee07d32ab3bfd/screenshot - {}
RESULT: {"text":"2518"}
COMMAND: GET /session/baa8cc8c703ae50a3cfee07d32ab3bfd/screenshot - {}
RESULT: {}
RESULT: {}
COMMAND: POST /session/baa8cc8c703ae50a3cfee07d32ab3bfd/element - {"using":"xpath","value":"//li[.//span[text()='2518']]"}
RESULT: {"using":"xpath","value":"//li[.//span[text()='2518']]"}
COMMAND: POST /session/baa8cc8c703ae50a3cfee07d32ab3bfd/element/f.A7D77B31E8FD2DE6ABF8E388F5FFE54F.d.02563A239A1A0164B9316F05360A4D5D.e.13303/click - {}
RESULT: {}
COMMAND: GET /session/baa8cc8c703ae50a3cfee07d32ab3bfd/screenshot - {}
RESULT: {}
COMMAND: POST /session/baa8cc8c703ae50a3cfee07d32ab3bfd/element - {"using":"xpath","value":"//input[@id=\"application-managecontracts-display-component---AddNewContract--yardId-inner\"]"}
RESULT: {"using":"xpath","value":"//input[@id=\"application-managecontracts-display-component---AddNewContract--yardId-inner\"]"}
COMMAND: GET /session/baa8cc8c703ae50a3cfee07d32ab3bfd/element/f.A7D77B31E8FD2DE6ABF8E388F5FFE54F.d.02563A239A1A0164B9316F05360A4D5D.e.13279/property/value - {}
RESULT: {}
COMMAND: POST /session/baa8cc8c703ae50a3cfee07d32ab3bfd/element - {"using":"xpath","value":"//input[@id=\"application-managecontracts-display-component---AddNewContract--customerSelect-inner\"]"}
COMMAND: GET /session/baa8cc8c703ae50a3cfee07d32ab3bfd/screenshot - {}
RESULT: {"using":"xpath","value":"//input[@id=\"application-managecontracts-display-component---AddNewContract--customerSelect-inner\"]"}
COMMAND: POST /session/baa8cc8c703ae50a3cfee07d32ab3bfd/element/f.A7D77B31E8FD2DE6ABF8E388F5FFE54F.d.02563A239A1A0164B9316F05360A4D5D.e.13277/clear - {}
RESULT: {}
RESULT: {}
COMMAND: POST /session/baa8cc8c703ae50a3cfee07d32ab3bfd/element/f.A7D77B31E8FD2DE6ABF8E388F5FFE54F.d.02563A239A1A0164B9316F05360A4D5D.e.13277/value - {"text":"1563"}
COMMAND: GET /session/baa8cc8c703ae50a3cfee07d32ab3bfd/screenshot - {}
RESULT: {"text":"1563"}
COMMAND: GET /session/baa8cc8c703ae50a3cfee07d32ab3bfd/screenshot - {}
RESULT: {}
RESULT: {}
COMMAND: POST /session/baa8cc8c703ae50a3cfee07d32ab3bfd/element - {"using":"xpath","value":"//li[.//span[text()='1563']]"}
RESULT: {"using":"xpath","value":"//li[.//span[text()='1563']]"}
COMMAND: POST /session/baa8cc8c703ae50a3cfee07d32ab3bfd/element/f.A7D77B31E8FD2DE6ABF8E388F5FFE54F.d.02563A239A1A0164B9316F05360A4D5D.e.13306/click - {}
RESULT: {}
COMMAND: GET /session/baa8cc8c703ae50a3cfee07d32ab3bfd/screenshot - {}
RESULT: {}
COMMAND: POST /session/baa8cc8c703ae50a3cfee07d32ab3bfd/element - {"using":"xpath","value":"//button[@data-kt=\"saveButton\"]"}
RESULT: {"using":"xpath","value":"//button[@data-kt=\"saveButton\"]"}
COMMAND: POST /session/baa8cc8c703ae50a3cfee07d32ab3bfd/element/f.A7D77B31E8FD2DE6ABF8E388F5FFE54F.d.02563A239A1A0164B9316F05360A4D5D.e.13295/click - {}
RESULT: {}
COMMAND: GET /session/baa8cc8c703ae50a3cfee07d32ab3bfd/screenshot - {}
RESULT: {}
COMMAND: POST /session/baa8cc8c703ae50a3cfee07d32ab3bfd/element - {"using":"xpath","value":"//span[contains(@id ,\"contractDetailTitleNoExpanded\")]"}
RESULT: {"using":"xpath","value":"//span[contains(@id ,\"contractDetailTitleNoExpanded\")]"}
COMMAND: POST /session/baa8cc8c703ae50a3cfee07d32ab3bfd/elements - {"using":"xpath","value":"//span[contains(@id ,\"contractDetailTitleNoExpanded\")]"}
RESULT: {"using":"xpath","value":"//span[contains(@id ,\"contractDetailTitleNoExpanded\")]"}
COMMAND: POST /session/baa8cc8c703ae50a3cfee07d32ab3bfd/execute/sync - {"script":"<script> [56 bytes]","args":[{"element-6066-11e4-a52e-4f735466cecf":"f.A7D77B31E8FD2DE6ABF8E388F5FFE54F.d.02563A239A1A0164B9316F05360A4D5D.e.13376","ELEMENT":"f.A7D77B31E8FD2DE6ABF8E388F5FFE54F.d.02563A239A1A0164B9316F05360A4D5D.e.13376"}]}
RESULT: {"script":"<script> [56 bytes]","args":[{"element-6066-11e4-a52e-4f735466cecf":"f.A7D77B31E8FD2DE6ABF8E388F5FFE54F.d.02563A239A1A0164B9316F05360A4D5D.e.13376","ELEMENT":"f.A7D77B31E8FD2DE6ABF8E388F5FFE54F.d.02563A239A1A0164B9316F05360A4D5D.e.13376"}]}
COMMAND: GET /session/baa8cc8c703ae50a3cfee07d32ab3bfd/screenshot - {}
RESULT: {}
]]></system-out>
    </testcase>
    <testcase classname="chrome.135_0_7049_42.windows.Create_master_data_for_mixed_billing_&amp;_do_billing_calculation_US151661" name="Should add equipment to the contract" time="40.459">
      <system-out><![CDATA[
COMMAND: POST /session/baa8cc8c703ae50a3cfee07d32ab3bfd/element - {"using":"xpath","value":"//button[@data-kt=\"contractDetailEditBtnButton\"]"}
RESULT: {"using":"xpath","value":"//button[@data-kt=\"contractDetailEditBtnButton\"]"}
COMMAND: POST /session/baa8cc8c703ae50a3cfee07d32ab3bfd/element/f.A7D77B31E8FD2DE6ABF8E388F5FFE54F.d.02563A239A1A0164B9316F05360A4D5D.e.13379/click - {}
RESULT: {}
COMMAND: GET /session/baa8cc8c703ae50a3cfee07d32ab3bfd/screenshot - {}
RESULT: {}
COMMAND: POST /session/baa8cc8c703ae50a3cfee07d32ab3bfd/element - {"using":"xpath","value":"(//span[contains(text(), \"Additional Addresses\")])[2]"}
RESULT: {"using":"xpath","value":"(//span[contains(text(), \"Additional Addresses\")])[2]"}
COMMAND: POST /session/baa8cc8c703ae50a3cfee07d32ab3bfd/element/f.A7D77B31E8FD2DE6ABF8E388F5FFE54F.d.02563A239A1A0164B9316F05360A4D5D.e.13433/click - {}
RESULT: {}
COMMAND: GET /session/baa8cc8c703ae50a3cfee07d32ab3bfd/screenshot - {}
RESULT: {}
COMMAND: POST /session/baa8cc8c703ae50a3cfee07d32ab3bfd/element - {"using":"xpath","value":"//button[@data-kt=\"btnAddTableRowOverflowToolbarButton\"]"}
RESULT: {"using":"xpath","value":"//button[@data-kt=\"btnAddTableRowOverflowToolbarButton\"]"}
COMMAND: POST /session/baa8cc8c703ae50a3cfee07d32ab3bfd/element/f.A7D77B31E8FD2DE6ABF8E388F5FFE54F.d.02563A239A1A0164B9316F05360A4D5D.e.13437/click - {}
RESULT: {}
COMMAND: GET /session/baa8cc8c703ae50a3cfee07d32ab3bfd/screenshot - {}
RESULT: {}
COMMAND: POST /session/baa8cc8c703ae50a3cfee07d32ab3bfd/element - {"using":"xpath","value":"//div[(text() = 'Standard Entry' or . = 'Standard Entry')]"}
RESULT: {"using":"xpath","value":"//div[(text() = 'Standard Entry' or . = 'Standard Entry')]"}
COMMAND: POST /session/baa8cc8c703ae50a3cfee07d32ab3bfd/element/f.A7D77B31E8FD2DE6ABF8E388F5FFE54F.d.02563A239A1A0164B9316F05360A4D5D.e.13439/click - {}
RESULT: {}
COMMAND: GET /session/baa8cc8c703ae50a3cfee07d32ab3bfd/screenshot - {}
RESULT: {}
COMMAND: POST /session/baa8cc8c703ae50a3cfee07d32ab3bfd/element - {"using":"xpath","value":"//td[7]/div/div/input"}
RESULT: {"using":"xpath","value":"//td[7]/div/div/input"}
COMMAND: POST /session/baa8cc8c703ae50a3cfee07d32ab3bfd/element/f.A7D77B31E8FD2DE6ABF8E388F5FFE54F.d.02563A239A1A0164B9316F05360A4D5D.e.13448/clear - {}
RESULT: {}
COMMAND: POST /session/baa8cc8c703ae50a3cfee07d32ab3bfd/element/f.A7D77B31E8FD2DE6ABF8E388F5FFE54F.d.02563A239A1A0164B9316F05360A4D5D.e.13448/value - {"text":"CtV80hcYKK"}
COMMAND: GET /session/baa8cc8c703ae50a3cfee07d32ab3bfd/screenshot - {}
RESULT: {"text":"CtV80hcYKK"}
COMMAND: GET /session/baa8cc8c703ae50a3cfee07d32ab3bfd/screenshot - {}
RESULT: {}
RESULT: {}
COMMAND: POST /session/baa8cc8c703ae50a3cfee07d32ab3bfd/actions - {"actions":[{"id":"action43","type":"key","parameters":{},"actions":[{"type":"keyDown","value":""},{"type":"pause","duration":10},{"type":"keyUp","value":""}]}]}
RESULT: {"actions":[{"id":"action43","type":"key","parameters":{},"actions":[{"type":"keyDown","value":""},{"type":"pause","duration":10},{"type":"keyUp","value":""}]}]}
COMMAND: GET /session/baa8cc8c703ae50a3cfee07d32ab3bfd/screenshot - {}
RESULT: {}
COMMAND: POST /session/baa8cc8c703ae50a3cfee07d32ab3bfd/element - {"using":"xpath","value":"(//button[@data-kt=\"saveButton\"])[2]"}
RESULT: {"using":"xpath","value":"(//button[@data-kt=\"saveButton\"])[2]"}
COMMAND: POST /session/baa8cc8c703ae50a3cfee07d32ab3bfd/element/f.A7D77B31E8FD2DE6ABF8E388F5FFE54F.d.02563A239A1A0164B9316F05360A4D5D.e.13463/click - {}
RESULT: {}
COMMAND: GET /session/baa8cc8c703ae50a3cfee07d32ab3bfd/screenshot - {}
RESULT: {}
COMMAND: POST /session/baa8cc8c703ae50a3cfee07d32ab3bfd/element - {"using":"xpath","value":"//span[contains(@id ,\"contractItemsSmartTable-header-inner\")]"}
RESULT: {"using":"xpath","value":"//span[contains(@id ,\"contractItemsSmartTable-header-inner\")]"}
COMMAND: POST /session/baa8cc8c703ae50a3cfee07d32ab3bfd/elements - {"using":"xpath","value":"//span[contains(@id ,\"contractItemsSmartTable-header-inner\")]"}
RESULT: {"using":"xpath","value":"//span[contains(@id ,\"contractItemsSmartTable-header-inner\")]"}
COMMAND: POST /session/baa8cc8c703ae50a3cfee07d32ab3bfd/execute/sync - {"script":"<script> [56 bytes]","args":[{"element-6066-11e4-a52e-4f735466cecf":"f.A7D77B31E8FD2DE6ABF8E388F5FFE54F.d.02563A239A1A0164B9316F05360A4D5D.e.13468","ELEMENT":"f.A7D77B31E8FD2DE6ABF8E388F5FFE54F.d.02563A239A1A0164B9316F05360A4D5D.e.13468"}]}
RESULT: {"script":"<script> [56 bytes]","args":[{"element-6066-11e4-a52e-4f735466cecf":"f.A7D77B31E8FD2DE6ABF8E388F5FFE54F.d.02563A239A1A0164B9316F05360A4D5D.e.13468","ELEMENT":"f.A7D77B31E8FD2DE6ABF8E388F5FFE54F.d.02563A239A1A0164B9316F05360A4D5D.e.13468"}]}
COMMAND: GET /session/baa8cc8c703ae50a3cfee07d32ab3bfd/screenshot - {}
]]></system-out>
    </testcase>
    <testcase classname="chrome.135_0_7049_42.windows.Create_master_data_for_mixed_billing_&amp;_do_billing_calculation_US151661" name="Should do a provide to site handover" time="52.786">
      <system-out><![CDATA[
COMMAND: POST /session/baa8cc8c703ae50a3cfee07d32ab3bfd/element - {"using":"xpath","value":"//button[@data-kt=\"provideButton\"]"}
RESULT: {}
RESULT: {"using":"xpath","value":"//button[@data-kt=\"provideButton\"]"}
COMMAND: POST /session/baa8cc8c703ae50a3cfee07d32ab3bfd/element/f.A7D77B31E8FD2DE6ABF8E388F5FFE54F.d.02563A239A1A0164B9316F05360A4D5D.e.13469/click - {}
RESULT: {}
COMMAND: GET /session/baa8cc8c703ae50a3cfee07d32ab3bfd/screenshot - {}
RESULT: undefined
COMMAND: POST /session/baa8cc8c703ae50a3cfee07d32ab3bfd/execute/async - {"script":"<script> [6424 bytes]","args":[{"element-6066-11e4-a52e-4f735466cecf":"f.A7D77B31E8FD2DE6ABF8E388F5FFE54F.d.02563A239A1A0164B9316F05360A4D5D.e.12511"},"setValue",["04/23/2025"]]}
RESULT: {}
COMMAND: POST /session/baa8cc8c703ae50a3cfee07d32ab3bfd/execute/async - {"script":"<script> [1562 bytes]","args":[{"selector":{"id":"application-managehandovers-display-component---AddNewHO--dueDate","interaction":{"idSuffix":"inner"}},"wdio_ui5_key":"applicationmanagehandovers-display-component---AddNewHO--dueDate"}]}
RESULT: {"script":"<script> [1562 bytes]","args":[{"selector":{"id":"application-managehandovers-display-component---AddNewHO--dueDate","interaction":{"idSuffix":"inner"}},"wdio_ui5_key":"applicationmanagehandovers-display-component---AddNewHO--dueDate"}]}
COMMAND: POST /session/baa8cc8c703ae50a3cfee07d32ab3bfd/execute/async - {"script":"<script> [6424 bytes]","args":[{"element-6066-11e4-a52e-4f735466cecf":"f.A7D77B31E8FD2DE6ABF8E388F5FFE54F.d.02563A239A1A0164B9316F05360A4D5D.e.13555"},"setValue",["04/23/2025"]]}
RESULT: {"script":"<script> [6424 bytes]","args":[{"element-6066-11e4-a52e-4f735466cecf":"f.A7D77B31E8FD2DE6ABF8E388F5FFE54F.d.02563A239A1A0164B9316F05360A4D5D.e.13555"},"setValue",["04/23/2025"]]}
COMMAND: POST /session/baa8cc8c703ae50a3cfee07d32ab3bfd/element - {"using":"xpath","value":"//bdi[contains(text(), \"Instructions\")]"}
RESULT: {"using":"xpath","value":"//bdi[contains(text(), \"Instructions\")]"}
COMMAND: POST /session/baa8cc8c703ae50a3cfee07d32ab3bfd/element/f.A7D77B31E8FD2DE6ABF8E388F5FFE54F.d.02563A239A1A0164B9316F05360A4D5D.e.13773/click - {}
RESULT: {}
COMMAND: GET /session/baa8cc8c703ae50a3cfee07d32ab3bfd/screenshot - {}
RESULT: {}
COMMAND: POST /session/baa8cc8c703ae50a3cfee07d32ab3bfd/element - {"using":"xpath","value":"//button[@data-kt=\"AddNewHOProvideAddItemsButton\"]"}
RESULT: {"using":"xpath","value":"//button[@data-kt=\"AddNewHOProvideAddItemsButton\"]"}
COMMAND: POST /session/baa8cc8c703ae50a3cfee07d32ab3bfd/element/f.A7D77B31E8FD2DE6ABF8E388F5FFE54F.d.02563A239A1A0164B9316F05360A4D5D.e.13777/click - {}
RESULT: {}
COMMAND: GET /session/baa8cc8c703ae50a3cfee07d32ab3bfd/screenshot - {}
RESULT: {}
RESULT: undefined
COMMAND: POST /session/baa8cc8c703ae50a3cfee07d32ab3bfd/element - {"using":"xpath","value":"//*[@id=\"application-managehandovers-display-component---AddNewHO--popup-sa\"]"}
RESULT: {"using":"xpath","value":"//*[@id=\"application-managehandovers-display-component---AddNewHO--popup-sa\"]"}
COMMAND: POST /session/baa8cc8c703ae50a3cfee07d32ab3bfd/element/f.A7D77B31E8FD2DE6ABF8E388F5FFE54F.d.02563A239A1A0164B9316F05360A4D5D.e.13786/click - {}
RESULT: {}
COMMAND: GET /session/baa8cc8c703ae50a3cfee07d32ab3bfd/screenshot - {}
RESULT: {}
COMMAND: POST /session/baa8cc8c703ae50a3cfee07d32ab3bfd/element - {"using":"xpath","value":"//*[contains(@id ,\"BDI-content\")][contains(text(), \"Select\")]"}
RESULT: {"using":"xpath","value":"//*[contains(@id ,\"BDI-content\")][contains(text(), \"Select\")]"}
COMMAND: POST /session/baa8cc8c703ae50a3cfee07d32ab3bfd/element/f.A7D77B31E8FD2DE6ABF8E388F5FFE54F.d.02563A239A1A0164B9316F05360A4D5D.e.13788/click - {}
RESULT: {}
COMMAND: GET /session/baa8cc8c703ae50a3cfee07d32ab3bfd/screenshot - {}
RESULT: {}
COMMAND: POST /session/baa8cc8c703ae50a3cfee07d32ab3bfd/execute/async - {"script":"<script> [1562 bytes]","args":[{"selector":{"id":"application-managehandovers-display-component---AddNewHO--confirmCreationButton","interaction":{"idSuffix":"BDI-content"}},"wdio_ui5_key":"applicationmanagehandovers-display-component---AddNewHO--confirmCreationButton"}]}
RESULT: {"script":"<script> [1562 bytes]","args":[{"selector":{"id":"application-managehandovers-display-component---AddNewHO--confirmCreationButton","interaction":{"idSuffix":"BDI-content"}},"wdio_ui5_key":"applicationmanagehandovers-display-component---AddNewHO--confirmCreationButton"}]}
RESULT: undefined
COMMAND: POST /session/baa8cc8c703ae50a3cfee07d32ab3bfd/element - {"using":"xpath","value":"//*[@id=\"application-managehandovers-display-component---AddNewHO--confirmCreationButton\"]"}
RESULT: {"using":"xpath","value":"//*[@id=\"application-managehandovers-display-component---AddNewHO--confirmCreationButton\"]"}
COMMAND: POST /session/baa8cc8c703ae50a3cfee07d32ab3bfd/element/f.A7D77B31E8FD2DE6ABF8E388F5FFE54F.d.02563A239A1A0164B9316F05360A4D5D.e.13601/click - {}
RESULT: {}
COMMAND: GET /session/baa8cc8c703ae50a3cfee07d32ab3bfd/screenshot - {}
RESULT: {}
COMMAND: POST /session/baa8cc8c703ae50a3cfee07d32ab3bfd/element - {"using":"xpath","value":"//button[@data-kt=\"PickingTableConfirmAllButton\"]"}
RESULT: {"using":"xpath","value":"//button[@data-kt=\"PickingTableConfirmAllButton\"]"}
COMMAND: POST /session/baa8cc8c703ae50a3cfee07d32ab3bfd/element/f.A7D77B31E8FD2DE6ABF8E388F5FFE54F.d.02563A239A1A0164B9316F05360A4D5D.e.13835/click - {}
RESULT: {}
COMMAND: GET /session/baa8cc8c703ae50a3cfee07d32ab3bfd/screenshot - {}
RESULT: {}
COMMAND: POST /session/baa8cc8c703ae50a3cfee07d32ab3bfd/element - {"using":"xpath","value":"//bdi[contains(text(), \"OK\")]"}
RESULT: {"using":"xpath","value":"//bdi[contains(text(), \"OK\")]"}
COMMAND: POST /session/baa8cc8c703ae50a3cfee07d32ab3bfd/element/f.A7D77B31E8FD2DE6ABF8E388F5FFE54F.d.02563A239A1A0164B9316F05360A4D5D.e.13846/click - {}
RESULT: {}
COMMAND: GET /session/baa8cc8c703ae50a3cfee07d32ab3bfd/screenshot - {}
RESULT: {}
COMMAND: POST /session/baa8cc8c703ae50a3cfee07d32ab3bfd/element - {"using":"xpath","value":"//bdi[contains(text(), \"Ok\")]"}
RESULT: {"using":"xpath","value":"//bdi[contains(text(), \"Ok\")]"}
COMMAND: POST /session/baa8cc8c703ae50a3cfee07d32ab3bfd/element/f.A7D77B31E8FD2DE6ABF8E388F5FFE54F.d.02563A239A1A0164B9316F05360A4D5D.e.13854/click - {}
RESULT: {}
COMMAND: GET /session/baa8cc8c703ae50a3cfee07d32ab3bfd/screenshot - {}
RESULT: {}
COMMAND: POST /session/baa8cc8c703ae50a3cfee07d32ab3bfd/element - {"using":"xpath","value":"//bdi[contains(text(), \"Issue\")]"}
RESULT: {"using":"xpath","value":"//bdi[contains(text(), \"Issue\")]"}
COMMAND: POST /session/baa8cc8c703ae50a3cfee07d32ab3bfd/element/f.A7D77B31E8FD2DE6ABF8E388F5FFE54F.d.02563A239A1A0164B9316F05360A4D5D.e.13856/click - {}
RESULT: {}
COMMAND: GET /session/baa8cc8c703ae50a3cfee07d32ab3bfd/screenshot - {}
RESULT: {}
COMMAND: POST /session/baa8cc8c703ae50a3cfee07d32ab3bfd/element - {"using":"css selector","value":"#shell-header-logo"}
RESULT: {"using":"css selector","value":"#shell-header-logo"}
COMMAND: POST /session/baa8cc8c703ae50a3cfee07d32ab3bfd/element/f.A7D77B31E8FD2DE6ABF8E388F5FFE54F.d.02563A239A1A0164B9316F05360A4D5D.e.12904/click - {}
RESULT: {}
COMMAND: GET /session/baa8cc8c703ae50a3cfee07d32ab3bfd/screenshot - {}
RESULT: {}
]]></system-out>
    </testcase>
    <testcase classname="chrome.135_0_7049_42.windows.Create_master_data_for_mixed_billing_&amp;_do_billing_calculation_US151661" name="Should create a few performance documents" time="96.778">
      <system-out><![CDATA[
COMMAND: POST /session/baa8cc8c703ae50a3cfee07d32ab3bfd/window/fullscreen - {}
RESULT: {}
COMMAND: POST /session/baa8cc8c703ae50a3cfee07d32ab3bfd/execute/async - {"script":"<script> [1562 bytes]","args":[{"selector":{"controlType":"sap.m.GenericTile","properties":{"header":"Manage States & Performance"}},"wdio_ui5_key":"sapm.GenericTile{\"header\":\"Manage States & Performance\"}"}]}
RESULT: {"script":"<script> [1562 bytes]","args":[{"selector":{"controlType":"sap.m.GenericTile","properties":{"header":"Manage States & Performance"}},"wdio_ui5_key":"sapm.GenericTile{\"header\":\"Manage States & Performance\"}"}]}
RESULT: undefined
COMMAND: POST /session/baa8cc8c703ae50a3cfee07d32ab3bfd/element - {"using":"xpath","value":"//*[@id=\"__tile96\"]"}
RESULT: {"using":"xpath","value":"//*[@id=\"__tile96\"]"}
COMMAND: POST /session/baa8cc8c703ae50a3cfee07d32ab3bfd/element/f.A7D77B31E8FD2DE6ABF8E388F5FFE54F.d.02563A239A1A0164B9316F05360A4D5D.e.9129/click - {}
RESULT: {}
COMMAND: POST /session/baa8cc8c703ae50a3cfee07d32ab3bfd/execute/async - {"script":"<script> [1562 bytes]","args":[{"selector":{"id":"application-managestatesandperformance-display-component---stateAndPerform--smartFilterBarResources-btnBasicSearch","interaction":{"idSuffix":"I"}},"wdio_ui5_key":"applicationmanagestatesandperformance-display-component---stateAndPerform--smartFilterBarResources-btnBasicSearch"}]}
COMMAND: GET /session/baa8cc8c703ae50a3cfee07d32ab3bfd/screenshot - {}
RESULT: {"script":"<script> [1562 bytes]","args":[{"selector":{"id":"application-managestatesandperformance-display-component---stateAndPerform--smartFilterBarResources-btnBasicSearch","interaction":{"idSuffix":"I"}},"wdio_ui5_key":"applicationmanagestatesandperformance-display-component---stateAndPerform--smartFilterBarResources-btnBasicSearch"}]}
RESULT: undefined
COMMAND: POST /session/baa8cc8c703ae50a3cfee07d32ab3bfd/execute/async - {"script":"<script> [776 bytes]","args":[{"enterText":"CtV80hcYKK","selector":{"id":"application-managestatesandperformance-display-component---stateAndPerform--smartFilterBarResources-btnBasicSearch","interaction":{"idSuffix":"I"}},"clearTextFirst":true,"interactionType":"ENTER_TEXT"}]}
RESULT: {}
RESULT: {"script":"<script> [776 bytes]","args":[{"enterText":"CtV80hcYKK","selector":{"id":"application-managestatesandperformance-display-component---stateAndPerform--smartFilterBarResources-btnBasicSearch","interaction":{"idSuffix":"I"}},"clearTextFirst":true,"interactionType":"ENTER_TEXT"}]}
COMMAND: POST /session/baa8cc8c703ae50a3cfee07d32ab3bfd/actions - {"actions":[{"id":"action44","type":"key","parameters":{},"actions":[{"type":"keyDown","value":""},{"type":"pause","duration":10},{"type":"keyUp","value":""}]}]}
RESULT: {"actions":[{"id":"action44","type":"key","parameters":{},"actions":[{"type":"keyDown","value":""},{"type":"pause","duration":10},{"type":"keyUp","value":""}]}]}
COMMAND: GET /session/baa8cc8c703ae50a3cfee07d32ab3bfd/screenshot - {}
RESULT: {}
COMMAND: POST /session/baa8cc8c703ae50a3cfee07d32ab3bfd/execute/async - {"script":"<script> [1562 bytes]","args":[{"selector":{"id":"application-managestatesandperformance-display-component---stateAndPerform--stateAndPerformResourcesSmartTable-header"},"wdio_ui5_key":"applicationmanagestatesandperformance-display-component---stateAndPerform--stateAndPerformResourcesSmartTable-header"}]}
RESULT: {"script":"<script> [1562 bytes]","args":[{"selector":{"id":"application-managestatesandperformance-display-component---stateAndPerform--stateAndPerformResourcesSmartTable-header"},"wdio_ui5_key":"applicationmanagestatesandperformance-display-component---stateAndPerform--stateAndPerformResourcesSmartTable-header"}]}
RESULT: undefined
COMMAND: POST /session/baa8cc8c703ae50a3cfee07d32ab3bfd/execute/async - {"script":"<script> [6424 bytes]","args":[{"element-6066-11e4-a52e-4f735466cecf":"f.A7D77B31E8FD2DE6ABF8E388F5FFE54F.d.02563A239A1A0164B9316F05360A4D5D.e.14254"},"getText",[]]}
RESULT: {"script":"<script> [6424 bytes]","args":[{"element-6066-11e4-a52e-4f735466cecf":"f.A7D77B31E8FD2DE6ABF8E388F5FFE54F.d.02563A239A1A0164B9316F05360A4D5D.e.14254"},"getText",[]]}
COMMAND: POST /session/baa8cc8c703ae50a3cfee07d32ab3bfd/execute/async - {"script":"<script> [1562 bytes]","args":[{"selector":{"controlType":"sap.ui.core.Icon","viewName":"etm.portal.ui.managestatesandperformance.view.Master","viewId":"application-managestatesandperformance-display-component---stateAndPerform","properties":{"src":{"regex":{"source":"slim\\-arrow\\-right"}}}},"wdio_ui5_key":"etmportal.ui.managestatesandperformance.view.Mastersap.ui.core.Icon{\"src\":{\"regex\":{\"source\":\"slim\\\\-arrow\\\\-right\"}}}"}]}
RESULT: {"script":"<script> [1562 bytes]","args":[{"selector":{"controlType":"sap.ui.core.Icon","viewName":"etm.portal.ui.managestatesandperformance.view.Master","viewId":"application-managestatesandperformance-display-component---stateAndPerform","properties":{"src":{"regex":{"source":"slim\\-arrow\\-right"}}}},"wdio_ui5_key":"etmportal.ui.managestatesandperformance.view.Mastersap.ui.core.Icon{\"src\":{\"regex\":{\"source\":\"slim\\\\-arrow\\\\-right\"}}}"}]}
RESULT: undefined
COMMAND: POST /session/baa8cc8c703ae50a3cfee07d32ab3bfd/element - {"using":"xpath","value":"//*[@id=\"__item3510-__clone11546-imgNav\"]"}
RESULT: {"using":"xpath","value":"//*[@id=\"__item3510-__clone11546-imgNav\"]"}
COMMAND: POST /session/baa8cc8c703ae50a3cfee07d32ab3bfd/element/f.A7D77B31E8FD2DE6ABF8E388F5FFE54F.d.02563A239A1A0164B9316F05360A4D5D.e.14253/click - {}
RESULT: {}
COMMAND: GET /session/baa8cc8c703ae50a3cfee07d32ab3bfd/screenshot - {}
RESULT: {}
COMMAND: POST /session/baa8cc8c703ae50a3cfee07d32ab3bfd/execute/async - {"script":"<script> [1562 bytes]","args":[{"selector":{"controlType":"sap.m.Button","viewName":"etm.portal.ui.managestatesandperformance.view.Detail","viewId":"application-managestatesandperformance-display-component---detailStateAndPerform","properties":{"text":"Performance Documents"}},"wdio_ui5_key":"etmportal.ui.managestatesandperformance.view.Detailsap.m.Button{\"text\":\"Performance Documents\"}"}]}
RESULT: {"script":"<script> [1562 bytes]","args":[{"selector":{"controlType":"sap.m.Button","viewName":"etm.portal.ui.managestatesandperformance.view.Detail","viewId":"application-managestatesandperformance-display-component---detailStateAndPerform","properties":{"text":"Performance Documents"}},"wdio_ui5_key":"etmportal.ui.managestatesandperformance.view.Detailsap.m.Button{\"text\":\"Performance Documents\"}"}]}
RESULT: undefined
COMMAND: POST /session/baa8cc8c703ae50a3cfee07d32ab3bfd/element - {"using":"xpath","value":"//*[@id=\"__item3533-button\"]"}
RESULT: {"using":"xpath","value":"//*[@id=\"__item3533-button\"]"}
COMMAND: POST /session/baa8cc8c703ae50a3cfee07d32ab3bfd/element/f.A7D77B31E8FD2DE6ABF8E388F5FFE54F.d.02563A239A1A0164B9316F05360A4D5D.e.14299/click - {}
RESULT: {}
COMMAND: POST /session/baa8cc8c703ae50a3cfee07d32ab3bfd/execute/async - {"script":"<script> [1562 bytes]","args":[{"selector":{"controlType":"sap.m.Button","viewName":"etm.portal.ui.managestatesandperformance.view.Detail","viewId":"application-managestatesandperformance-display-component---detailStateAndPerform","i18NText":{"propertyName":"text","key":"createPerformanceDoc"},"interaction":{"idSuffix":"BDI-content"}},"wdio_ui5_key":"etmportal.ui.managestatesandperformance.view.Detailsap.m.Button{\"propertyName\":\"text\",\"key\":\"createPerformanceDoc\"}"}]}
COMMAND: GET /session/baa8cc8c703ae50a3cfee07d32ab3bfd/screenshot - {}
RESULT: {"script":"<script> [1562 bytes]","args":[{"selector":{"controlType":"sap.m.Button","viewName":"etm.portal.ui.managestatesandperformance.view.Detail","viewId":"application-managestatesandperformance-display-component---detailStateAndPerform","i18NText":{"propertyName":"text","key":"createPerformanceDoc"},"interaction":{"idSuffix":"BDI-content"}},"wdio_ui5_key":"etmportal.ui.managestatesandperformance.view.Detailsap.m.Button{\"propertyName\":\"text\",\"key\":\"createPerformanceDoc\"}"}]}
RESULT: undefined
COMMAND: POST /session/baa8cc8c703ae50a3cfee07d32ab3bfd/element - {"using":"xpath","value":"//*[@id=\"__button358\"]"}
RESULT: {}
RESULT: {"using":"xpath","value":"//*[@id=\"__button358\"]"}
COMMAND: POST /session/baa8cc8c703ae50a3cfee07d32ab3bfd/element/f.A7D77B31E8FD2DE6ABF8E388F5FFE54F.d.02563A239A1A0164B9316F05360A4D5D.e.14304/click - {}
RESULT: {}
COMMAND: POST /session/baa8cc8c703ae50a3cfee07d32ab3bfd/execute/async - {"script":"<script> [1562 bytes]","args":[{"selector":{"id":"application-managestatesandperformance-display-component---detailStateAndPerform--perfDocDatePicker","searchOpenDialogs":true,"interaction":{"idSuffix":"inner"}},"wdio_ui5_key":"applicationmanagestatesandperformance-display-component---detailStateAndPerform--perfDocDatePicker"}]}
COMMAND: GET /session/baa8cc8c703ae50a3cfee07d32ab3bfd/screenshot - {}
RESULT: {"script":"<script> [1562 bytes]","args":[{"selector":{"id":"application-managestatesandperformance-display-component---detailStateAndPerform--perfDocDatePicker","searchOpenDialogs":true,"interaction":{"idSuffix":"inner"}},"wdio_ui5_key":"applicationmanagestatesandperformance-display-component---detailStateAndPerform--perfDocDatePicker"}]}
RESULT: undefined
COMMAND: POST /session/baa8cc8c703ae50a3cfee07d32ab3bfd/execute/async - {"script":"<script> [776 bytes]","args":[{"enterText":"04/25/25","selector":{"id":"application-managestatesandperformance-display-component---detailStateAndPerform--perfDocDatePicker","searchOpenDialogs":true,"interaction":{"idSuffix":"inner"}},"clearTextFirst":true,"interactionType":"ENTER_TEXT"}]}
RESULT: {}
RESULT: {"script":"<script> [776 bytes]","args":[{"enterText":"04/25/25","selector":{"id":"application-managestatesandperformance-display-component---detailStateAndPerform--perfDocDatePicker","searchOpenDialogs":true,"interaction":{"idSuffix":"inner"}},"clearTextFirst":true,"interactionType":"ENTER_TEXT"}]}
COMMAND: POST /session/baa8cc8c703ae50a3cfee07d32ab3bfd/execute/async - {"script":"<script> [1562 bytes]","args":[{"selector":{"id":"application-managestatesandperformance-display-component---detailStateAndPerform--counterValue-input","searchOpenDialogs":true,"interaction":{"idSuffix":"inner"}},"wdio_ui5_key":"applicationmanagestatesandperformance-display-component---detailStateAndPerform--counterValue-input"}]}
RESULT: {"script":"<script> [1562 bytes]","args":[{"selector":{"id":"application-managestatesandperformance-display-component---detailStateAndPerform--counterValue-input","searchOpenDialogs":true,"interaction":{"idSuffix":"inner"}},"wdio_ui5_key":"applicationmanagestatesandperformance-display-component---detailStateAndPerform--counterValue-input"}]}
RESULT: undefined
COMMAND: POST /session/baa8cc8c703ae50a3cfee07d32ab3bfd/execute/async - {"script":"<script> [776 bytes]","args":[{"enterText":"15.00","selector":{"id":"application-managestatesandperformance-display-component---detailStateAndPerform--counterValue-input","searchOpenDialogs":true,"interaction":{"idSuffix":"inner"}},"clearTextFirst":true,"interactionType":"ENTER_TEXT"}]}
RESULT: {"script":"<script> [776 bytes]","args":[{"enterText":"15.00","selector":{"id":"application-managestatesandperformance-display-component---detailStateAndPerform--counterValue-input","searchOpenDialogs":true,"interaction":{"idSuffix":"inner"}},"clearTextFirst":true,"interactionType":"ENTER_TEXT"}]}
COMMAND: POST /session/baa8cc8c703ae50a3cfee07d32ab3bfd/execute/async - {"script":"<script> [1562 bytes]","args":[{"selector":{"controlType":"sap.m.Button","viewName":"etm.portal.ui.managestatesandperformance.view.Detail","viewId":"application-managestatesandperformance-display-component---detailStateAndPerform","bindingPath":{"path":"","propertyPath":"/allowAddEdit","modelName":"oScreenModel"},"searchOpenDialogs":true,"interaction":{"idSuffix":"BDI-content"}},"wdio_ui5_key":"etmportal.ui.managestatesandperformance.view.Detailsap.m.Button{\"path\":\"\",\"propertyPath\":\"/allowAddEdit\",\"modelName\":\"oScreenModel\"}"}]}
RESULT: {"script":"<script> [1562 bytes]","args":[{"selector":{"controlType":"sap.m.Button","viewName":"etm.portal.ui.managestatesandperformance.view.Detail","viewId":"application-managestatesandperformance-display-component---detailStateAndPerform","bindingPath":{"path":"","propertyPath":"/allowAddEdit","modelName":"oScreenModel"},"searchOpenDialogs":true,"interaction":{"idSuffix":"BDI-content"}},"wdio_ui5_key":"etmportal.ui.managestatesandperformance.view.Detailsap.m.Button{\"path\":\"\",\"propertyPath\":\"/allowAddEdit\",\"modelName\":\"oScreenModel\"}"}]}
RESULT: undefined
COMMAND: POST /session/baa8cc8c703ae50a3cfee07d32ab3bfd/element - {"using":"xpath","value":"//*[@id=\"__button365\"]"}
RESULT: {"using":"xpath","value":"//*[@id=\"__button365\"]"}
COMMAND: POST /session/baa8cc8c703ae50a3cfee07d32ab3bfd/element/f.A7D77B31E8FD2DE6ABF8E388F5FFE54F.d.02563A239A1A0164B9316F05360A4D5D.e.14324/click - {}
RESULT: {}
RESULT: undefined
COMMAND: POST /session/baa8cc8c703ae50a3cfee07d32ab3bfd/element - {"using":"xpath","value":"//*[@id=\"__button358\"]"}
COMMAND: GET /session/baa8cc8c703ae50a3cfee07d32ab3bfd/screenshot - {}
RESULT: {"using":"xpath","value":"//*[@id=\"__button358\"]"}
COMMAND: POST /session/baa8cc8c703ae50a3cfee07d32ab3bfd/element/f.A7D77B31E8FD2DE6ABF8E388F5FFE54F.d.02563A239A1A0164B9316F05360A4D5D.e.14304/click - {}
RESULT: {}
RESULT: {}
RESULT: undefined
COMMAND: POST /session/baa8cc8c703ae50a3cfee07d32ab3bfd/execute/async - {"script":"<script> [776 bytes]","args":[{"enterText":"04/29/25","selector":{"id":"application-managestatesandperformance-display-component---detailStateAndPerform--perfDocDatePicker","searchOpenDialogs":true,"interaction":{"idSuffix":"inner"}},"clearTextFirst":true,"interactionType":"ENTER_TEXT"}]}
COMMAND: GET /session/baa8cc8c703ae50a3cfee07d32ab3bfd/screenshot - {}
RESULT: {"script":"<script> [776 bytes]","args":[{"enterText":"04/29/25","selector":{"id":"application-managestatesandperformance-display-component---detailStateAndPerform--perfDocDatePicker","searchOpenDialogs":true,"interaction":{"idSuffix":"inner"}},"clearTextFirst":true,"interactionType":"ENTER_TEXT"}]}
RESULT: undefined
COMMAND: POST /session/baa8cc8c703ae50a3cfee07d32ab3bfd/execute/async - {"script":"<script> [776 bytes]","args":[{"enterText":"20.00","selector":{"id":"application-managestatesandperformance-display-component---detailStateAndPerform--counterValue-input","searchOpenDialogs":true,"interaction":{"idSuffix":"inner"}},"clearTextFirst":true,"interactionType":"ENTER_TEXT"}]}
RESULT: {}
RESULT: {"script":"<script> [776 bytes]","args":[{"enterText":"20.00","selector":{"id":"application-managestatesandperformance-display-component---detailStateAndPerform--counterValue-input","searchOpenDialogs":true,"interaction":{"idSuffix":"inner"}},"clearTextFirst":true,"interactionType":"ENTER_TEXT"}]}
COMMAND: POST /session/baa8cc8c703ae50a3cfee07d32ab3bfd/actions - {"actions":[{"id":"action45","type":"key","parameters":{},"actions":[{"type":"keyDown","value":""},{"type":"keyDown","value":""},{"type":"pause","duration":10},{"type":"keyUp","value":""},{"type":"keyUp","value":""}]}]}
RESULT: {"actions":[{"id":"action45","type":"key","parameters":{},"actions":[{"type":"keyDown","value":""},{"type":"keyDown","value":""},{"type":"pause","duration":10},{"type":"keyUp","value":""},{"type":"keyUp","value":""}]}]}
COMMAND: POST /session/baa8cc8c703ae50a3cfee07d32ab3bfd/actions - {"actions":[{"id":"action46","type":"key","parameters":{},"actions":[{"type":"keyDown","value":""},{"type":"pause","duration":10},{"type":"keyUp","value":""}]}]}
COMMAND: GET /session/baa8cc8c703ae50a3cfee07d32ab3bfd/screenshot - {}
RESULT: {"actions":[{"id":"action46","type":"key","parameters":{},"actions":[{"type":"keyDown","value":""},{"type":"pause","duration":10},{"type":"keyUp","value":""}]}]}
RESULT: undefined
COMMAND: POST /session/baa8cc8c703ae50a3cfee07d32ab3bfd/element - {"using":"xpath","value":"//*[@id=\"__button365\"]"}
COMMAND: GET /session/baa8cc8c703ae50a3cfee07d32ab3bfd/screenshot - {}
RESULT: {}
RESULT: {"using":"xpath","value":"//*[@id=\"__button365\"]"}
COMMAND: POST /session/baa8cc8c703ae50a3cfee07d32ab3bfd/elements - {"using":"xpath","value":"//*[@id=\"__button365\"]"}
RESULT: {}
RESULT: {"using":"xpath","value":"//*[@id=\"__button365\"]"}
COMMAND: POST /session/baa8cc8c703ae50a3cfee07d32ab3bfd/elements - {"using":"xpath","value":"//*[@id=\"__button365\"]"}
RESULT: {"using":"xpath","value":"//*[@id=\"__button365\"]"}
COMMAND: POST /session/baa8cc8c703ae50a3cfee07d32ab3bfd/elements - {"using":"xpath","value":"//*[@id=\"__button365\"]"}
RESULT: {"using":"xpath","value":"//*[@id=\"__button365\"]"}
COMMAND: POST /session/baa8cc8c703ae50a3cfee07d32ab3bfd/elements - {"using":"xpath","value":"//*[@id=\"__button365\"]"}
RESULT: {"using":"xpath","value":"//*[@id=\"__button365\"]"}
COMMAND: POST /session/baa8cc8c703ae50a3cfee07d32ab3bfd/elements - {"using":"xpath","value":"//*[@id=\"__button365\"]"}
RESULT: {"using":"xpath","value":"//*[@id=\"__button365\"]"}
COMMAND: POST /session/baa8cc8c703ae50a3cfee07d32ab3bfd/elements - {"using":"xpath","value":"//*[@id=\"__button365\"]"}
RESULT: {"using":"xpath","value":"//*[@id=\"__button365\"]"}
COMMAND: POST /session/baa8cc8c703ae50a3cfee07d32ab3bfd/elements - {"using":"xpath","value":"//*[@id=\"__button365\"]"}
RESULT: {"using":"xpath","value":"//*[@id=\"__button365\"]"}
COMMAND: POST /session/baa8cc8c703ae50a3cfee07d32ab3bfd/elements - {"using":"xpath","value":"//*[@id=\"__button365\"]"}
RESULT: {"using":"xpath","value":"//*[@id=\"__button365\"]"}
COMMAND: POST /session/baa8cc8c703ae50a3cfee07d32ab3bfd/elements - {"using":"xpath","value":"//*[@id=\"__button365\"]"}
RESULT: {"using":"xpath","value":"//*[@id=\"__button365\"]"}
COMMAND: POST /session/baa8cc8c703ae50a3cfee07d32ab3bfd/elements - {"using":"xpath","value":"//*[@id=\"__button365\"]"}
RESULT: {"using":"xpath","value":"//*[@id=\"__button365\"]"}
COMMAND: POST /session/baa8cc8c703ae50a3cfee07d32ab3bfd/elements - {"using":"xpath","value":"//*[@id=\"__button365\"]"}
RESULT: {"using":"xpath","value":"//*[@id=\"__button365\"]"}
COMMAND: POST /session/baa8cc8c703ae50a3cfee07d32ab3bfd/elements - {"using":"xpath","value":"//*[@id=\"__button365\"]"}
RESULT: {"using":"xpath","value":"//*[@id=\"__button365\"]"}
COMMAND: POST /session/baa8cc8c703ae50a3cfee07d32ab3bfd/elements - {"using":"xpath","value":"//*[@id=\"__button365\"]"}
RESULT: {"using":"xpath","value":"//*[@id=\"__button365\"]"}
COMMAND: POST /session/baa8cc8c703ae50a3cfee07d32ab3bfd/elements - {"using":"xpath","value":"//*[@id=\"__button365\"]"}
RESULT: {"using":"xpath","value":"//*[@id=\"__button365\"]"}
COMMAND: POST /session/baa8cc8c703ae50a3cfee07d32ab3bfd/elements - {"using":"xpath","value":"//*[@id=\"__button365\"]"}
RESULT: {"using":"xpath","value":"//*[@id=\"__button365\"]"}
COMMAND: POST /session/baa8cc8c703ae50a3cfee07d32ab3bfd/elements - {"using":"xpath","value":"//*[@id=\"__button365\"]"}
RESULT: {"using":"xpath","value":"//*[@id=\"__button365\"]"}
COMMAND: POST /session/baa8cc8c703ae50a3cfee07d32ab3bfd/elements - {"using":"xpath","value":"//*[@id=\"__button365\"]"}
RESULT: {"using":"xpath","value":"//*[@id=\"__button365\"]"}
COMMAND: POST /session/baa8cc8c703ae50a3cfee07d32ab3bfd/elements - {"using":"xpath","value":"//*[@id=\"__button365\"]"}
RESULT: {"using":"xpath","value":"//*[@id=\"__button365\"]"}
COMMAND: POST /session/baa8cc8c703ae50a3cfee07d32ab3bfd/elements - {"using":"xpath","value":"//*[@id=\"__button365\"]"}
RESULT: {"using":"xpath","value":"//*[@id=\"__button365\"]"}
COMMAND: POST /session/baa8cc8c703ae50a3cfee07d32ab3bfd/elements - {"using":"xpath","value":"//*[@id=\"__button365\"]"}
RESULT: {"using":"xpath","value":"//*[@id=\"__button365\"]"}
COMMAND: POST /session/baa8cc8c703ae50a3cfee07d32ab3bfd/elements - {"using":"xpath","value":"//*[@id=\"__button365\"]"}
RESULT: {"using":"xpath","value":"//*[@id=\"__button365\"]"}
COMMAND: POST /session/baa8cc8c703ae50a3cfee07d32ab3bfd/elements - {"using":"xpath","value":"//*[@id=\"__button365\"]"}
RESULT: {"using":"xpath","value":"//*[@id=\"__button365\"]"}
COMMAND: POST /session/baa8cc8c703ae50a3cfee07d32ab3bfd/elements - {"using":"xpath","value":"//*[@id=\"__button365\"]"}
RESULT: {"using":"xpath","value":"//*[@id=\"__button365\"]"}
COMMAND: POST /session/baa8cc8c703ae50a3cfee07d32ab3bfd/elements - {"using":"xpath","value":"//*[@id=\"__button365\"]"}
RESULT: {"using":"xpath","value":"//*[@id=\"__button365\"]"}
COMMAND: POST /session/baa8cc8c703ae50a3cfee07d32ab3bfd/elements - {"using":"xpath","value":"//*[@id=\"__button365\"]"}
RESULT: {"using":"xpath","value":"//*[@id=\"__button365\"]"}
COMMAND: POST /session/baa8cc8c703ae50a3cfee07d32ab3bfd/elements - {"using":"xpath","value":"//*[@id=\"__button365\"]"}
RESULT: {"using":"xpath","value":"//*[@id=\"__button365\"]"}
COMMAND: POST /session/baa8cc8c703ae50a3cfee07d32ab3bfd/elements - {"using":"xpath","value":"//*[@id=\"__button365\"]"}
RESULT: {"using":"xpath","value":"//*[@id=\"__button365\"]"}
COMMAND: POST /session/baa8cc8c703ae50a3cfee07d32ab3bfd/elements - {"using":"xpath","value":"//*[@id=\"__button365\"]"}
RESULT: {"using":"xpath","value":"//*[@id=\"__button365\"]"}
COMMAND: POST /session/baa8cc8c703ae50a3cfee07d32ab3bfd/elements - {"using":"xpath","value":"//*[@id=\"__button365\"]"}
RESULT: {"using":"xpath","value":"//*[@id=\"__button365\"]"}
COMMAND: POST /session/baa8cc8c703ae50a3cfee07d32ab3bfd/elements - {"using":"xpath","value":"//*[@id=\"__button365\"]"}
RESULT: {"using":"xpath","value":"//*[@id=\"__button365\"]"}
COMMAND: POST /session/baa8cc8c703ae50a3cfee07d32ab3bfd/elements - {"using":"xpath","value":"//*[@id=\"__button365\"]"}
RESULT: {"using":"xpath","value":"//*[@id=\"__button365\"]"}
COMMAND: POST /session/baa8cc8c703ae50a3cfee07d32ab3bfd/elements - {"using":"xpath","value":"//*[@id=\"__button365\"]"}
RESULT: {"using":"xpath","value":"//*[@id=\"__button365\"]"}
COMMAND: POST /session/baa8cc8c703ae50a3cfee07d32ab3bfd/elements - {"using":"xpath","value":"//*[@id=\"__button365\"]"}
RESULT: {"using":"xpath","value":"//*[@id=\"__button365\"]"}
COMMAND: POST /session/baa8cc8c703ae50a3cfee07d32ab3bfd/elements - {"using":"xpath","value":"//*[@id=\"__button365\"]"}
RESULT: {"using":"xpath","value":"//*[@id=\"__button365\"]"}
COMMAND: POST /session/baa8cc8c703ae50a3cfee07d32ab3bfd/elements - {"using":"xpath","value":"//*[@id=\"__button365\"]"}
RESULT: {"using":"xpath","value":"//*[@id=\"__button365\"]"}
COMMAND: POST /session/baa8cc8c703ae50a3cfee07d32ab3bfd/elements - {"using":"xpath","value":"//*[@id=\"__button365\"]"}
RESULT: {"using":"xpath","value":"//*[@id=\"__button365\"]"}
COMMAND: POST /session/baa8cc8c703ae50a3cfee07d32ab3bfd/elements - {"using":"xpath","value":"//*[@id=\"__button365\"]"}
RESULT: {"using":"xpath","value":"//*[@id=\"__button365\"]"}
COMMAND: POST /session/baa8cc8c703ae50a3cfee07d32ab3bfd/elements - {"using":"xpath","value":"//*[@id=\"__button365\"]"}
RESULT: {"using":"xpath","value":"//*[@id=\"__button365\"]"}
COMMAND: POST /session/baa8cc8c703ae50a3cfee07d32ab3bfd/elements - {"using":"xpath","value":"//*[@id=\"__button365\"]"}
RESULT: {"using":"xpath","value":"//*[@id=\"__button365\"]"}
COMMAND: POST /session/baa8cc8c703ae50a3cfee07d32ab3bfd/elements - {"using":"xpath","value":"//*[@id=\"__button365\"]"}
RESULT: {"using":"xpath","value":"//*[@id=\"__button365\"]"}
COMMAND: POST /session/baa8cc8c703ae50a3cfee07d32ab3bfd/elements - {"using":"xpath","value":"//*[@id=\"__button365\"]"}
RESULT: {"using":"xpath","value":"//*[@id=\"__button365\"]"}
COMMAND: POST /session/baa8cc8c703ae50a3cfee07d32ab3bfd/elements - {"using":"xpath","value":"//*[@id=\"__button365\"]"}
RESULT: {"using":"xpath","value":"//*[@id=\"__button365\"]"}
COMMAND: POST /session/baa8cc8c703ae50a3cfee07d32ab3bfd/elements - {"using":"xpath","value":"//*[@id=\"__button365\"]"}
RESULT: {"using":"xpath","value":"//*[@id=\"__button365\"]"}
COMMAND: POST /session/baa8cc8c703ae50a3cfee07d32ab3bfd/elements - {"using":"xpath","value":"//*[@id=\"__button365\"]"}
RESULT: {"using":"xpath","value":"//*[@id=\"__button365\"]"}
COMMAND: POST /session/baa8cc8c703ae50a3cfee07d32ab3bfd/elements - {"using":"xpath","value":"//*[@id=\"__button365\"]"}
RESULT: {"using":"xpath","value":"//*[@id=\"__button365\"]"}
COMMAND: POST /session/baa8cc8c703ae50a3cfee07d32ab3bfd/elements - {"using":"xpath","value":"//*[@id=\"__button365\"]"}
RESULT: {"using":"xpath","value":"//*[@id=\"__button365\"]"}
COMMAND: POST /session/baa8cc8c703ae50a3cfee07d32ab3bfd/elements - {"using":"xpath","value":"//*[@id=\"__button365\"]"}
RESULT: {"using":"xpath","value":"//*[@id=\"__button365\"]"}
COMMAND: POST /session/baa8cc8c703ae50a3cfee07d32ab3bfd/elements - {"using":"xpath","value":"//*[@id=\"__button365\"]"}
RESULT: {"using":"xpath","value":"//*[@id=\"__button365\"]"}
COMMAND: POST /session/baa8cc8c703ae50a3cfee07d32ab3bfd/elements - {"using":"xpath","value":"//*[@id=\"__button365\"]"}
RESULT: {"using":"xpath","value":"//*[@id=\"__button365\"]"}
COMMAND: POST /session/baa8cc8c703ae50a3cfee07d32ab3bfd/elements - {"using":"xpath","value":"//*[@id=\"__button365\"]"}
RESULT: {"using":"xpath","value":"//*[@id=\"__button365\"]"}
COMMAND: POST /session/baa8cc8c703ae50a3cfee07d32ab3bfd/elements - {"using":"xpath","value":"//*[@id=\"__button365\"]"}
RESULT: {"using":"xpath","value":"//*[@id=\"__button365\"]"}
COMMAND: POST /session/baa8cc8c703ae50a3cfee07d32ab3bfd/elements - {"using":"xpath","value":"//*[@id=\"__button365\"]"}
RESULT: {"using":"xpath","value":"//*[@id=\"__button365\"]"}
COMMAND: POST /session/baa8cc8c703ae50a3cfee07d32ab3bfd/elements - {"using":"xpath","value":"//*[@id=\"__button365\"]"}
RESULT: {"using":"xpath","value":"//*[@id=\"__button365\"]"}
COMMAND: POST /session/baa8cc8c703ae50a3cfee07d32ab3bfd/elements - {"using":"xpath","value":"//*[@id=\"__button365\"]"}
RESULT: {"using":"xpath","value":"//*[@id=\"__button365\"]"}
COMMAND: POST /session/baa8cc8c703ae50a3cfee07d32ab3bfd/elements - {"using":"xpath","value":"//*[@id=\"__button365\"]"}
RESULT: {"using":"xpath","value":"//*[@id=\"__button365\"]"}
COMMAND: POST /session/baa8cc8c703ae50a3cfee07d32ab3bfd/elements - {"using":"xpath","value":"//*[@id=\"__button365\"]"}
RESULT: {"using":"xpath","value":"//*[@id=\"__button365\"]"}
COMMAND: POST /session/baa8cc8c703ae50a3cfee07d32ab3bfd/elements - {"using":"xpath","value":"//*[@id=\"__button365\"]"}
RESULT: {"using":"xpath","value":"//*[@id=\"__button365\"]"}
COMMAND: POST /session/baa8cc8c703ae50a3cfee07d32ab3bfd/elements - {"using":"xpath","value":"//*[@id=\"__button365\"]"}
RESULT: {"using":"xpath","value":"//*[@id=\"__button365\"]"}
COMMAND: POST /session/baa8cc8c703ae50a3cfee07d32ab3bfd/elements - {"using":"xpath","value":"//*[@id=\"__button365\"]"}
RESULT: {"using":"xpath","value":"//*[@id=\"__button365\"]"}
COMMAND: POST /session/baa8cc8c703ae50a3cfee07d32ab3bfd/elements - {"using":"xpath","value":"//*[@id=\"__button365\"]"}
RESULT: {"using":"xpath","value":"//*[@id=\"__button365\"]"}
COMMAND: POST /session/baa8cc8c703ae50a3cfee07d32ab3bfd/elements - {"using":"xpath","value":"//*[@id=\"__button365\"]"}
RESULT: {"using":"xpath","value":"//*[@id=\"__button365\"]"}
COMMAND: POST /session/baa8cc8c703ae50a3cfee07d32ab3bfd/elements - {"using":"xpath","value":"//*[@id=\"__button365\"]"}
RESULT: {"using":"xpath","value":"//*[@id=\"__button365\"]"}
COMMAND: POST /session/baa8cc8c703ae50a3cfee07d32ab3bfd/elements - {"using":"xpath","value":"//*[@id=\"__button365\"]"}
RESULT: {"using":"xpath","value":"//*[@id=\"__button365\"]"}
COMMAND: POST /session/baa8cc8c703ae50a3cfee07d32ab3bfd/elements - {"using":"xpath","value":"//*[@id=\"__button365\"]"}
RESULT: {"using":"xpath","value":"//*[@id=\"__button365\"]"}
COMMAND: POST /session/baa8cc8c703ae50a3cfee07d32ab3bfd/elements - {"using":"xpath","value":"//*[@id=\"__button365\"]"}
RESULT: {"using":"xpath","value":"//*[@id=\"__button365\"]"}
COMMAND: POST /session/baa8cc8c703ae50a3cfee07d32ab3bfd/elements - {"using":"xpath","value":"//*[@id=\"__button365\"]"}
RESULT: {"using":"xpath","value":"//*[@id=\"__button365\"]"}
COMMAND: POST /session/baa8cc8c703ae50a3cfee07d32ab3bfd/elements - {"using":"xpath","value":"//*[@id=\"__button365\"]"}
RESULT: {"using":"xpath","value":"//*[@id=\"__button365\"]"}
COMMAND: POST /session/baa8cc8c703ae50a3cfee07d32ab3bfd/elements - {"using":"xpath","value":"//*[@id=\"__button365\"]"}
RESULT: {"using":"xpath","value":"//*[@id=\"__button365\"]"}
COMMAND: POST /session/baa8cc8c703ae50a3cfee07d32ab3bfd/elements - {"using":"xpath","value":"//*[@id=\"__button365\"]"}
RESULT: {"using":"xpath","value":"//*[@id=\"__button365\"]"}
COMMAND: POST /session/baa8cc8c703ae50a3cfee07d32ab3bfd/elements - {"using":"xpath","value":"//*[@id=\"__button365\"]"}
RESULT: {"using":"xpath","value":"//*[@id=\"__button365\"]"}
COMMAND: POST /session/baa8cc8c703ae50a3cfee07d32ab3bfd/elements - {"using":"xpath","value":"//*[@id=\"__button365\"]"}
RESULT: {"using":"xpath","value":"//*[@id=\"__button365\"]"}
COMMAND: POST /session/baa8cc8c703ae50a3cfee07d32ab3bfd/elements - {"using":"xpath","value":"//*[@id=\"__button365\"]"}
RESULT: {"using":"xpath","value":"//*[@id=\"__button365\"]"}
COMMAND: POST /session/baa8cc8c703ae50a3cfee07d32ab3bfd/elements - {"using":"xpath","value":"//*[@id=\"__button365\"]"}
RESULT: {"using":"xpath","value":"//*[@id=\"__button365\"]"}
COMMAND: POST /session/baa8cc8c703ae50a3cfee07d32ab3bfd/elements - {"using":"xpath","value":"//*[@id=\"__button365\"]"}
RESULT: {"using":"xpath","value":"//*[@id=\"__button365\"]"}
COMMAND: POST /session/baa8cc8c703ae50a3cfee07d32ab3bfd/elements - {"using":"xpath","value":"//*[@id=\"__button365\"]"}
RESULT: {"using":"xpath","value":"//*[@id=\"__button365\"]"}
COMMAND: POST /session/baa8cc8c703ae50a3cfee07d32ab3bfd/elements - {"using":"xpath","value":"//*[@id=\"__button365\"]"}
RESULT: {"using":"xpath","value":"//*[@id=\"__button365\"]"}
COMMAND: POST /session/baa8cc8c703ae50a3cfee07d32ab3bfd/elements - {"using":"xpath","value":"//*[@id=\"__button365\"]"}
RESULT: {"using":"xpath","value":"//*[@id=\"__button365\"]"}
COMMAND: POST /session/baa8cc8c703ae50a3cfee07d32ab3bfd/elements - {"using":"xpath","value":"//*[@id=\"__button365\"]"}
RESULT: {"using":"xpath","value":"//*[@id=\"__button365\"]"}
COMMAND: POST /session/baa8cc8c703ae50a3cfee07d32ab3bfd/elements - {"using":"xpath","value":"//*[@id=\"__button365\"]"}
RESULT: {"using":"xpath","value":"//*[@id=\"__button365\"]"}
COMMAND: POST /session/baa8cc8c703ae50a3cfee07d32ab3bfd/elements - {"using":"xpath","value":"//*[@id=\"__button365\"]"}
RESULT: {"using":"xpath","value":"//*[@id=\"__button365\"]"}
COMMAND: POST /session/baa8cc8c703ae50a3cfee07d32ab3bfd/elements - {"using":"xpath","value":"//*[@id=\"__button365\"]"}
RESULT: {"using":"xpath","value":"//*[@id=\"__button365\"]"}
COMMAND: POST /session/baa8cc8c703ae50a3cfee07d32ab3bfd/elements - {"using":"xpath","value":"//*[@id=\"__button365\"]"}
RESULT: {"using":"xpath","value":"//*[@id=\"__button365\"]"}
COMMAND: POST /session/baa8cc8c703ae50a3cfee07d32ab3bfd/elements - {"using":"xpath","value":"//*[@id=\"__button365\"]"}
RESULT: {"using":"xpath","value":"//*[@id=\"__button365\"]"}
COMMAND: POST /session/baa8cc8c703ae50a3cfee07d32ab3bfd/elements - {"using":"xpath","value":"//*[@id=\"__button365\"]"}
RESULT: {"using":"xpath","value":"//*[@id=\"__button365\"]"}
COMMAND: POST /session/baa8cc8c703ae50a3cfee07d32ab3bfd/elements - {"using":"xpath","value":"//*[@id=\"__button365\"]"}
RESULT: {"using":"xpath","value":"//*[@id=\"__button365\"]"}
COMMAND: POST /session/baa8cc8c703ae50a3cfee07d32ab3bfd/elements - {"using":"xpath","value":"//*[@id=\"__button365\"]"}
RESULT: {"using":"xpath","value":"//*[@id=\"__button365\"]"}
COMMAND: POST /session/baa8cc8c703ae50a3cfee07d32ab3bfd/elements - {"using":"xpath","value":"//*[@id=\"__button365\"]"}
RESULT: {"using":"xpath","value":"//*[@id=\"__button365\"]"}
COMMAND: POST /session/baa8cc8c703ae50a3cfee07d32ab3bfd/elements - {"using":"xpath","value":"//*[@id=\"__button365\"]"}
RESULT: {"using":"xpath","value":"//*[@id=\"__button365\"]"}
COMMAND: POST /session/baa8cc8c703ae50a3cfee07d32ab3bfd/elements - {"using":"xpath","value":"//*[@id=\"__button365\"]"}
RESULT: {"using":"xpath","value":"//*[@id=\"__button365\"]"}
COMMAND: POST /session/baa8cc8c703ae50a3cfee07d32ab3bfd/elements - {"using":"xpath","value":"//*[@id=\"__button365\"]"}
RESULT: {"using":"xpath","value":"//*[@id=\"__button365\"]"}
COMMAND: POST /session/baa8cc8c703ae50a3cfee07d32ab3bfd/elements - {"using":"xpath","value":"//*[@id=\"__button365\"]"}
RESULT: {"using":"xpath","value":"//*[@id=\"__button365\"]"}
COMMAND: POST /session/baa8cc8c703ae50a3cfee07d32ab3bfd/elements - {"using":"xpath","value":"//*[@id=\"__button365\"]"}
RESULT: {"using":"xpath","value":"//*[@id=\"__button365\"]"}
COMMAND: POST /session/baa8cc8c703ae50a3cfee07d32ab3bfd/elements - {"using":"xpath","value":"//*[@id=\"__button365\"]"}
RESULT: {"using":"xpath","value":"//*[@id=\"__button365\"]"}
COMMAND: POST /session/baa8cc8c703ae50a3cfee07d32ab3bfd/elements - {"using":"xpath","value":"//*[@id=\"__button365\"]"}
RESULT: {"using":"xpath","value":"//*[@id=\"__button365\"]"}
COMMAND: POST /session/baa8cc8c703ae50a3cfee07d32ab3bfd/elements - {"using":"xpath","value":"//*[@id=\"__button365\"]"}
RESULT: {"using":"xpath","value":"//*[@id=\"__button365\"]"}
COMMAND: POST /session/baa8cc8c703ae50a3cfee07d32ab3bfd/elements - {"using":"xpath","value":"//*[@id=\"__button365\"]"}
RESULT: {"using":"xpath","value":"//*[@id=\"__button365\"]"}
COMMAND: POST /session/baa8cc8c703ae50a3cfee07d32ab3bfd/elements - {"using":"xpath","value":"//*[@id=\"__button365\"]"}
RESULT: {"using":"xpath","value":"//*[@id=\"__button365\"]"}
COMMAND: POST /session/baa8cc8c703ae50a3cfee07d32ab3bfd/elements - {"using":"xpath","value":"//*[@id=\"__button365\"]"}
RESULT: {"using":"xpath","value":"//*[@id=\"__button365\"]"}
COMMAND: POST /session/baa8cc8c703ae50a3cfee07d32ab3bfd/elements - {"using":"xpath","value":"//*[@id=\"__button365\"]"}
RESULT: {"using":"xpath","value":"//*[@id=\"__button365\"]"}
COMMAND: POST /session/baa8cc8c703ae50a3cfee07d32ab3bfd/elements - {"using":"xpath","value":"//*[@id=\"__button365\"]"}
RESULT: {"using":"xpath","value":"//*[@id=\"__button365\"]"}
COMMAND: POST /session/baa8cc8c703ae50a3cfee07d32ab3bfd/elements - {"using":"xpath","value":"//*[@id=\"__button365\"]"}
RESULT: {"using":"xpath","value":"//*[@id=\"__button365\"]"}
COMMAND: POST /session/baa8cc8c703ae50a3cfee07d32ab3bfd/elements - {"using":"xpath","value":"//*[@id=\"__button365\"]"}
RESULT: {"using":"xpath","value":"//*[@id=\"__button365\"]"}
COMMAND: POST /session/baa8cc8c703ae50a3cfee07d32ab3bfd/elements - {"using":"xpath","value":"//*[@id=\"__button365\"]"}
RESULT: {"using":"xpath","value":"//*[@id=\"__button365\"]"}
COMMAND: POST /session/baa8cc8c703ae50a3cfee07d32ab3bfd/elements - {"using":"xpath","value":"//*[@id=\"__button365\"]"}
RESULT: {"using":"xpath","value":"//*[@id=\"__button365\"]"}
COMMAND: POST /session/baa8cc8c703ae50a3cfee07d32ab3bfd/elements - {"using":"xpath","value":"//*[@id=\"__button365\"]"}
RESULT: {"using":"xpath","value":"//*[@id=\"__button365\"]"}
COMMAND: POST /session/baa8cc8c703ae50a3cfee07d32ab3bfd/elements - {"using":"xpath","value":"//*[@id=\"__button365\"]"}
RESULT: {"using":"xpath","value":"//*[@id=\"__button365\"]"}
COMMAND: POST /session/baa8cc8c703ae50a3cfee07d32ab3bfd/elements - {"using":"xpath","value":"//*[@id=\"__button365\"]"}
RESULT: {"using":"xpath","value":"//*[@id=\"__button365\"]"}
COMMAND: POST /session/baa8cc8c703ae50a3cfee07d32ab3bfd/elements - {"using":"xpath","value":"//*[@id=\"__button365\"]"}
RESULT: {"using":"xpath","value":"//*[@id=\"__button365\"]"}
COMMAND: POST /session/baa8cc8c703ae50a3cfee07d32ab3bfd/elements - {"using":"xpath","value":"//*[@id=\"__button365\"]"}
RESULT: {"using":"xpath","value":"//*[@id=\"__button365\"]"}
COMMAND: POST /session/baa8cc8c703ae50a3cfee07d32ab3bfd/elements - {"using":"xpath","value":"//*[@id=\"__button365\"]"}
RESULT: {"using":"xpath","value":"//*[@id=\"__button365\"]"}
COMMAND: POST /session/baa8cc8c703ae50a3cfee07d32ab3bfd/elements - {"using":"xpath","value":"//*[@id=\"__button365\"]"}
RESULT: {"using":"xpath","value":"//*[@id=\"__button365\"]"}
COMMAND: POST /session/baa8cc8c703ae50a3cfee07d32ab3bfd/elements - {"using":"xpath","value":"//*[@id=\"__button365\"]"}
RESULT: {"using":"xpath","value":"//*[@id=\"__button365\"]"}
COMMAND: POST /session/baa8cc8c703ae50a3cfee07d32ab3bfd/elements - {"using":"xpath","value":"//*[@id=\"__button365\"]"}
RESULT: {"using":"xpath","value":"//*[@id=\"__button365\"]"}
COMMAND: POST /session/baa8cc8c703ae50a3cfee07d32ab3bfd/elements - {"using":"xpath","value":"//*[@id=\"__button365\"]"}
RESULT: {"using":"xpath","value":"//*[@id=\"__button365\"]"}
COMMAND: POST /session/baa8cc8c703ae50a3cfee07d32ab3bfd/elements - {"using":"xpath","value":"//*[@id=\"__button365\"]"}
RESULT: {"using":"xpath","value":"//*[@id=\"__button365\"]"}
COMMAND: POST /session/baa8cc8c703ae50a3cfee07d32ab3bfd/elements - {"using":"xpath","value":"//*[@id=\"__button365\"]"}
RESULT: {"using":"xpath","value":"//*[@id=\"__button365\"]"}
COMMAND: POST /session/baa8cc8c703ae50a3cfee07d32ab3bfd/elements - {"using":"xpath","value":"//*[@id=\"__button365\"]"}
RESULT: {"using":"xpath","value":"//*[@id=\"__button365\"]"}
COMMAND: POST /session/baa8cc8c703ae50a3cfee07d32ab3bfd/elements - {"using":"xpath","value":"//*[@id=\"__button365\"]"}
RESULT: {"using":"xpath","value":"//*[@id=\"__button365\"]"}
COMMAND: POST /session/baa8cc8c703ae50a3cfee07d32ab3bfd/elements - {"using":"xpath","value":"//*[@id=\"__button365\"]"}
RESULT: {"using":"xpath","value":"//*[@id=\"__button365\"]"}
COMMAND: POST /session/baa8cc8c703ae50a3cfee07d32ab3bfd/elements - {"using":"xpath","value":"//*[@id=\"__button365\"]"}
RESULT: {"using":"xpath","value":"//*[@id=\"__button365\"]"}
COMMAND: POST /session/baa8cc8c703ae50a3cfee07d32ab3bfd/elements - {"using":"xpath","value":"//*[@id=\"__button365\"]"}
COMMAND: POST /session/baa8cc8c703ae50a3cfee07d32ab3bfd/element - {"using":"css selector","value":"#shell-header-logo"}
RESULT: {"using":"xpath","value":"//*[@id=\"__button365\"]"}
RESULT: {"using":"css selector","value":"#shell-header-logo"}
COMMAND: POST /session/baa8cc8c703ae50a3cfee07d32ab3bfd/execute/sync - {"script":"<script> [8489 bytes]","args":[{"element-6066-11e4-a52e-4f735466cecf":"f.A7D77B31E8FD2DE6ABF8E388F5FFE54F.d.02563A239A1A0164B9316F05360A4D5D.e.14150","ELEMENT":"f.A7D77B31E8FD2DE6ABF8E388F5FFE54F.d.02563A239A1A0164B9316F05360A4D5D.e.14150"}]}
RESULT: {"script":"<script> [8489 bytes]","args":[{"element-6066-11e4-a52e-4f735466cecf":"f.A7D77B31E8FD2DE6ABF8E388F5FFE54F.d.02563A239A1A0164B9316F05360A4D5D.e.14150","ELEMENT":"f.A7D77B31E8FD2DE6ABF8E388F5FFE54F.d.02563A239A1A0164B9316F05360A4D5D.e.14150"}]}
COMMAND: POST /session/baa8cc8c703ae50a3cfee07d32ab3bfd/execute/sync - {"script":"<script> [5351 bytes]","args":[{"element-6066-11e4-a52e-4f735466cecf":"f.A7D77B31E8FD2DE6ABF8E388F5FFE54F.d.02563A239A1A0164B9316F05360A4D5D.e.14150","ELEMENT":"f.A7D77B31E8FD2DE6ABF8E388F5FFE54F.d.02563A239A1A0164B9316F05360A4D5D.e.14150"}]}
COMMAND: GET /session/baa8cc8c703ae50a3cfee07d32ab3bfd/screenshot - {}
RESULT: {"script":"<script> [5351 bytes]","args":[{"element-6066-11e4-a52e-4f735466cecf":"f.A7D77B31E8FD2DE6ABF8E388F5FFE54F.d.02563A239A1A0164B9316F05360A4D5D.e.14150","ELEMENT":"f.A7D77B31E8FD2DE6ABF8E388F5FFE54F.d.02563A239A1A0164B9316F05360A4D5D.e.14150"}]}
COMMAND: POST /session/baa8cc8c703ae50a3cfee07d32ab3bfd/element/f.A7D77B31E8FD2DE6ABF8E388F5FFE54F.d.02563A239A1A0164B9316F05360A4D5D.e.14150/click - {}
COMMAND: GET /session/baa8cc8c703ae50a3cfee07d32ab3bfd/screenshot - {}
RESULT: {}
RESULT: {}
COMMAND: GET /session/baa8cc8c703ae50a3cfee07d32ab3bfd/screenshot - {}
]]></system-out>
    </testcase>
    <testcase classname="chrome.135_0_7049_42.windows.Create_master_data_for_mixed_billing_&amp;_do_billing_calculation_US151661" name="Should go to Manage Billings and trigger calculation check the conditions applied" time="56.534">
      <system-out><![CDATA[
COMMAND: POST /session/baa8cc8c703ae50a3cfee07d32ab3bfd/execute/async - {"script":"<script> [1562 bytes]","args":[{"selector":{"controlType":"sap.m.GenericTile","properties":{"header":"Manage Billings"}},"wdio_ui5_key":"sapm.GenericTile{\"header\":\"Manage Billings\"}"}]}
RESULT: {}
RESULT: {}
RESULT: {"script":"<script> [1562 bytes]","args":[{"selector":{"controlType":"sap.m.GenericTile","properties":{"header":"Manage Billings"}},"wdio_ui5_key":"sapm.GenericTile{\"header\":\"Manage Billings\"}"}]}
RESULT: undefined
COMMAND: POST /session/baa8cc8c703ae50a3cfee07d32ab3bfd/element - {"using":"xpath","value":"//*[@id=\"__tile91\"]"}
RESULT: {"using":"xpath","value":"//*[@id=\"__tile91\"]"}
COMMAND: POST /session/baa8cc8c703ae50a3cfee07d32ab3bfd/element/f.A7D77B31E8FD2DE6ABF8E388F5FFE54F.d.02563A239A1A0164B9316F05360A4D5D.e.9114/click - {}
RESULT: {}
COMMAND: GET /session/baa8cc8c703ae50a3cfee07d32ab3bfd/screenshot - {}
RESULT: {}
COMMAND: POST /session/baa8cc8c703ae50a3cfee07d32ab3bfd/execute/async - {"script":"<script> [1562 bytes]","args":[{"selector":{"id":"application-managebillings-display-component---billRunCalcResult--smartFilterBar-btnBasicSearch","interaction":{"idSuffix":"I"}},"wdio_ui5_key":"applicationmanagebillings-display-component---billRunCalcResult--smartFilterBar-btnBasicSearch"}]}
RESULT: {"script":"<script> [1562 bytes]","args":[{"selector":{"id":"application-managebillings-display-component---billRunCalcResult--smartFilterBar-btnBasicSearch","interaction":{"idSuffix":"I"}},"wdio_ui5_key":"applicationmanagebillings-display-component---billRunCalcResult--smartFilterBar-btnBasicSearch"}]}
RESULT: undefined
COMMAND: POST /session/baa8cc8c703ae50a3cfee07d32ab3bfd/execute/async - {"script":"<script> [776 bytes]","args":[{"enterText":"10586","selector":{"id":"application-managebillings-display-component---billRunCalcResult--smartFilterBar-btnBasicSearch","interaction":{"idSuffix":"I"}},"clearTextFirst":true,"interactionType":"ENTER_TEXT"}]}
RESULT: {"script":"<script> [776 bytes]","args":[{"enterText":"10586","selector":{"id":"application-managebillings-display-component---billRunCalcResult--smartFilterBar-btnBasicSearch","interaction":{"idSuffix":"I"}},"clearTextFirst":true,"interactionType":"ENTER_TEXT"}]}
COMMAND: POST /session/baa8cc8c703ae50a3cfee07d32ab3bfd/actions - {"actions":[{"id":"action47","type":"key","parameters":{},"actions":[{"type":"keyDown","value":""},{"type":"pause","duration":10},{"type":"keyUp","value":""}]}]}
RESULT: {"actions":[{"id":"action47","type":"key","parameters":{},"actions":[{"type":"keyDown","value":""},{"type":"pause","duration":10},{"type":"keyUp","value":""}]}]}
COMMAND: GET /session/baa8cc8c703ae50a3cfee07d32ab3bfd/screenshot - {}
RESULT: {}
COMMAND: POST /session/baa8cc8c703ae50a3cfee07d32ab3bfd/element - {"using":"xpath","value":"//td[@aria-colindex=\"1\"]/div/div[contains(@class, \"sapMCbBg\")]"}
RESULT: {"using":"xpath","value":"//td[@aria-colindex=\"1\"]/div/div[contains(@class, \"sapMCbBg\")]"}
COMMAND: POST /session/baa8cc8c703ae50a3cfee07d32ab3bfd/element/f.A7D77B31E8FD2DE6ABF8E388F5FFE54F.d.02563A239A1A0164B9316F05360A4D5D.e.14442/click - {}
RESULT: {}
COMMAND: GET /session/baa8cc8c703ae50a3cfee07d32ab3bfd/screenshot - {}
RESULT: {}
COMMAND: POST /session/baa8cc8c703ae50a3cfee07d32ab3bfd/execute/async - {"script":"<script> [1562 bytes]","args":[{"selector":{"id":"application-managebillings-display-component---billRunCalcResult--contractBillRunDate","interaction":{"idSuffix":"inner"}},"wdio_ui5_key":"applicationmanagebillings-display-component---billRunCalcResult--contractBillRunDate"}]}
RESULT: {"script":"<script> [1562 bytes]","args":[{"selector":{"id":"application-managebillings-display-component---billRunCalcResult--contractBillRunDate","interaction":{"idSuffix":"inner"}},"wdio_ui5_key":"applicationmanagebillings-display-component---billRunCalcResult--contractBillRunDate"}]}
RESULT: undefined
COMMAND: POST /session/baa8cc8c703ae50a3cfee07d32ab3bfd/execute/async - {"script":"<script> [776 bytes]","args":[{"enterText":"05/23/25","selector":{"id":"application-managebillings-display-component---billRunCalcResult--contractBillRunDate","interaction":{"idSuffix":"inner"}},"clearTextFirst":true,"interactionType":"ENTER_TEXT"}]}
RESULT: {"script":"<script> [776 bytes]","args":[{"enterText":"05/23/25","selector":{"id":"application-managebillings-display-component---billRunCalcResult--contractBillRunDate","interaction":{"idSuffix":"inner"}},"clearTextFirst":true,"interactionType":"ENTER_TEXT"}]}
COMMAND: POST /session/baa8cc8c703ae50a3cfee07d32ab3bfd/element - {"using":"xpath","value":"//bdi[contains(text(), \"Trigger Calculation\")]"}
RESULT: {"using":"xpath","value":"//bdi[contains(text(), \"Trigger Calculation\")]"}
COMMAND: POST /session/baa8cc8c703ae50a3cfee07d32ab3bfd/element/f.A7D77B31E8FD2DE6ABF8E388F5FFE54F.d.02563A239A1A0164B9316F05360A4D5D.e.14679/click - {}
RESULT: {}
COMMAND: GET /session/baa8cc8c703ae50a3cfee07d32ab3bfd/screenshot - {}
RESULT: {}
COMMAND: POST /session/baa8cc8c703ae50a3cfee07d32ab3bfd/element - {"using":"xpath","value":"(//span[contains(@id, \"imgNav\")])[1]"}
RESULT: {"using":"xpath","value":"(//span[contains(@id, \"imgNav\")])[1]"}
COMMAND: POST /session/baa8cc8c703ae50a3cfee07d32ab3bfd/element/f.A7D77B31E8FD2DE6ABF8E388F5FFE54F.d.02563A239A1A0164B9316F05360A4D5D.e.14454/click - {}
RESULT: {}
COMMAND: GET /session/baa8cc8c703ae50a3cfee07d32ab3bfd/screenshot - {}
RESULT: {}
COMMAND: POST /session/baa8cc8c703ae50a3cfee07d32ab3bfd/element - {"using":"xpath","value":"//tr/td[6]/div[1]/span[1]/span[1]"}
RESULT: {"using":"xpath","value":"//tr/td[6]/div[1]/span[1]/span[1]"}
COMMAND: GET /session/baa8cc8c703ae50a3cfee07d32ab3bfd/element/f.A7D77B31E8FD2DE6ABF8E388F5FFE54F.d.02563A239A1A0164B9316F05360A4D5D.e.14685/text - {}
RESULT: {}
COMMAND: POST /session/baa8cc8c703ae50a3cfee07d32ab3bfd/element - {"using":"xpath","value":"(//span[contains(@id, \"imgNav\")])[2]"}
RESULT: {"using":"xpath","value":"(//span[contains(@id, \"imgNav\")])[2]"}
COMMAND: POST /session/baa8cc8c703ae50a3cfee07d32ab3bfd/element/f.A7D77B31E8FD2DE6ABF8E388F5FFE54F.d.02563A239A1A0164B9316F05360A4D5D.e.14686/click - {}
RESULT: {}
COMMAND: POST /session/baa8cc8c703ae50a3cfee07d32ab3bfd/element - {"using":"xpath","value":"//bdi[contains(text(), \"Business Confirm\")]"}
COMMAND: GET /session/baa8cc8c703ae50a3cfee07d32ab3bfd/screenshot - {}
RESULT: {"using":"xpath","value":"//bdi[contains(text(), \"Business Confirm\")]"}
COMMAND: POST /session/baa8cc8c703ae50a3cfee07d32ab3bfd/elements - {"using":"xpath","value":"//bdi[contains(text(), \"Business Confirm\")]"}
RESULT: {}
RESULT: {"using":"xpath","value":"//bdi[contains(text(), \"Business Confirm\")]"}
COMMAND: POST /session/baa8cc8c703ae50a3cfee07d32ab3bfd/element - {"using":"xpath","value":"//bdi[contains(text(), \"Business Confirm\")]"}
RESULT: {"using":"xpath","value":"//bdi[contains(text(), \"Business Confirm\")]"}
COMMAND: POST /session/baa8cc8c703ae50a3cfee07d32ab3bfd/element/f.A7D77B31E8FD2DE6ABF8E388F5FFE54F.d.02563A239A1A0164B9316F05360A4D5D.e.14731/click - {}
RESULT: {}
COMMAND: POST /session/baa8cc8c703ae50a3cfee07d32ab3bfd/element - {"using":"css selector","value":"#shell-header-logo"}
COMMAND: GET /session/baa8cc8c703ae50a3cfee07d32ab3bfd/screenshot - {}
RESULT: {"using":"css selector","value":"#shell-header-logo"}
COMMAND: POST /session/baa8cc8c703ae50a3cfee07d32ab3bfd/element/f.A7D77B31E8FD2DE6ABF8E388F5FFE54F.d.02563A239A1A0164B9316F05360A4D5D.e.14340/click - {}
RESULT: {}
RESULT: {}
COMMAND: GET /session/baa8cc8c703ae50a3cfee07d32ab3bfd/screenshot - {}
RESULT: {}
COMMAND: POST /session/baa8cc8c703ae50a3cfee07d32ab3bfd/element - {"using":"css selector","value":"#j_username"}
COMMAND: POST /session/baa8cc8c703ae50a3cfee07d32ab3bfd/url - {"url":"https://qa-testing-00-live-etm-ui.cfapps.eu10-004.hana.ondemand.com/"}
RESULT: {"using":"css selector","value":"#j_username"}
COMMAND: POST /session/baa8cc8c703ae50a3cfee07d32ab3bfd/element - {"using":"css selector","value":"#j_username"}
RESULT: {"url":"https://qa-testing-00-live-etm-ui.cfapps.eu10-004.hana.ondemand.com/"}
RESULT: undefined
COMMAND: GET /session/baa8cc8c703ae50a3cfee07d32ab3bfd/screenshot - {}
RESULT: {"using":"css selector","value":"#j_username"}
COMMAND: POST /session/baa8cc8c703ae50a3cfee07d32ab3bfd/element - {"using":"css selector","value":"#shell-header-logo"}
RESULT: {}
RESULT: {"using":"css selector","value":"#shell-header-logo"}
COMMAND: POST /session/baa8cc8c703ae50a3cfee07d32ab3bfd/execute/sync - {"script":"<script> [8489 bytes]","args":[{"element-6066-11e4-a52e-4f735466cecf":"f.A7D77B31E8FD2DE6ABF8E388F5FFE54F.d.B20CEF38FF2A9E7002999D2ED9CC9E2D.e.14769","ELEMENT":"f.A7D77B31E8FD2DE6ABF8E388F5FFE54F.d.B20CEF38FF2A9E7002999D2ED9CC9E2D.e.14769"}]}
RESULT: {"script":"<script> [8489 bytes]","args":[{"element-6066-11e4-a52e-4f735466cecf":"f.A7D77B31E8FD2DE6ABF8E388F5FFE54F.d.B20CEF38FF2A9E7002999D2ED9CC9E2D.e.14769","ELEMENT":"f.A7D77B31E8FD2DE6ABF8E388F5FFE54F.d.B20CEF38FF2A9E7002999D2ED9CC9E2D.e.14769"}]}
COMMAND: POST /session/baa8cc8c703ae50a3cfee07d32ab3bfd/element - {"using":"css selector","value":"#shell-header-logo"}
COMMAND: GET /session/baa8cc8c703ae50a3cfee07d32ab3bfd/screenshot - {}
RESULT: {"using":"css selector","value":"#shell-header-logo"}
COMMAND: POST /session/baa8cc8c703ae50a3cfee07d32ab3bfd/execute/sync - {"script":"<script> [8489 bytes]","args":[{"element-6066-11e4-a52e-4f735466cecf":"f.A7D77B31E8FD2DE6ABF8E388F5FFE54F.d.B20CEF38FF2A9E7002999D2ED9CC9E2D.e.14769","ELEMENT":"f.A7D77B31E8FD2DE6ABF8E388F5FFE54F.d.B20CEF38FF2A9E7002999D2ED9CC9E2D.e.14769"}]}
RESULT: {}
RESULT: {"script":"<script> [8489 bytes]","args":[{"element-6066-11e4-a52e-4f735466cecf":"f.A7D77B31E8FD2DE6ABF8E388F5FFE54F.d.B20CEF38FF2A9E7002999D2ED9CC9E2D.e.14769","ELEMENT":"f.A7D77B31E8FD2DE6ABF8E388F5FFE54F.d.B20CEF38FF2A9E7002999D2ED9CC9E2D.e.14769"}]}
COMMAND: POST /session/baa8cc8c703ae50a3cfee07d32ab3bfd/execute/sync - {"script":"<script> [5351 bytes]","args":[{"element-6066-11e4-a52e-4f735466cecf":"f.A7D77B31E8FD2DE6ABF8E388F5FFE54F.d.B20CEF38FF2A9E7002999D2ED9CC9E2D.e.14769","ELEMENT":"f.A7D77B31E8FD2DE6ABF8E388F5FFE54F.d.B20CEF38FF2A9E7002999D2ED9CC9E2D.e.14769"}]}
COMMAND: GET /session/baa8cc8c703ae50a3cfee07d32ab3bfd/screenshot - {}
RESULT: {"script":"<script> [5351 bytes]","args":[{"element-6066-11e4-a52e-4f735466cecf":"f.A7D77B31E8FD2DE6ABF8E388F5FFE54F.d.B20CEF38FF2A9E7002999D2ED9CC9E2D.e.14769","ELEMENT":"f.A7D77B31E8FD2DE6ABF8E388F5FFE54F.d.B20CEF38FF2A9E7002999D2ED9CC9E2D.e.14769"}]}
COMMAND: POST /session/baa8cc8c703ae50a3cfee07d32ab3bfd/element - {"using":"css selector","value":"#shell-header-logo"}
COMMAND: GET /session/baa8cc8c703ae50a3cfee07d32ab3bfd/screenshot - {}
RESULT: {}
RESULT: {"using":"css selector","value":"#shell-header-logo"}
COMMAND: POST /session/baa8cc8c703ae50a3cfee07d32ab3bfd/element/f.A7D77B31E8FD2DE6ABF8E388F5FFE54F.d.B20CEF38FF2A9E7002999D2ED9CC9E2D.e.14769/click - {}
RESULT: {}
RESULT: {}
COMMAND: GET /session/baa8cc8c703ae50a3cfee07d32ab3bfd/screenshot - {}
RESULT: {}
COMMAND: POST /session/baa8cc8c703ae50a3cfee07d32ab3bfd/execute/async - {"script":"<script> [189 bytes]","args":[]}
RESULT: {"script":"<script> [189 bytes]","args":[]}
COMMAND: POST /session/baa8cc8c703ae50a3cfee07d32ab3bfd/execute/async - {"script":"<script> [123 bytes]","args":[]}
RESULT: {"script":"<script> [123 bytes]","args":[]}
COMMAND: POST /session/baa8cc8c703ae50a3cfee07d32ab3bfd/timeouts - {"script":"<number>"}
RESULT: {"script":"<number>"}
COMMAND: GET /session/baa8cc8c703ae50a3cfee07d32ab3bfd/timeouts - {}
RESULT: {}
RESULT: undefined
COMMAND: POST /session/baa8cc8c703ae50a3cfee07d32ab3bfd/execute/async - {"script":"<script> [2676 bytes]","args":[]}
RESULT: {"script":"<script> [2676 bytes]","args":[]}
COMMAND: POST /session/baa8cc8c703ae50a3cfee07d32ab3bfd/execute/async - {"script":"<script> [2342 bytes]","args":[{"protocol":"http","hostname":"0.0.0.0","path":"/","capabilities":{"browserName":"chrome","goog:chromeOptions":{"binary":"C:\\Program Files\\Google\\Chrome\\Application\\chrome.exe","args":["--start-maximized"]}},"logLevel":"warn","connectionRetryTimeout":120000,"connectionRetryCount":3,"logLevels":{},"enableDirectConnect":true,"strictSSL":true,"_":"65 more keys: [\"cacheDir\",\"port\",\"requestedCapabilities\",\"automationProtocol\",\"baseUrl\",\"waitforInterval\",\"waitforTimeout\",\"onReload\",\"beforeCommand\",\"afterCommand\",\"rootDir\",\"specs\",\"suites\",\"exclude\",\"groupLogsByTestSpec\",\"excludeDriverLogs\",\"bail\",\"framework\",\"reporters\",\"services\",\"maxInstances\",\"maxInstancesPerCapability\",\"injectGlobals\",\"filesToWatch\",\"execArgv\",\"runnerEnv\",\"runner\",\"shard\",\"specFileRetries\",\"specFileRetriesDelay\",\"specFileRetriesDeferred\",\"reporterSyncInterval\",\"reporterSyncTimeout\",\"cucumberFeaturesWithLineNumbers\",\"autoCompileOpts\",\"mochaOpts\",\"jasmineOpts\",\"cucumberOpts\",\"onPrepare\",\"onWorkerStart\",\"onWorkerEnd\",\"before\",\"beforeSession\",\"beforeSuite\",\"beforeHook\",\"beforeTest\",\"afterTest\",\"afterHook\",\"afterSuite\",\"afterSession\",\"after\",\"onComplete\",\"beforeAssertion\",\"afterAssertion\",\"beforeFeature\",\"beforeScenario\",\"beforeStep\",\"afterStep\",\"afterScenario\",\"afterFeature\",\"_\",\"suite\",\"$0\",\"ignoredWorkerServices\",\"wdi5\"]"}]}
RESULT: {"script":"<script> [2342 bytes]","args":[{"protocol":"http","hostname":"0.0.0.0","path":"/","capabilities":{"browserName":"chrome","goog:chromeOptions":{"binary":"C:\\Program Files\\Google\\Chrome\\Application\\chrome.exe","args":["--start-maximized"]}},"logLevel":"warn","connectionRetryTimeout":120000,"connectionRetryCount":3,"logLevels":{},"enableDirectConnect":true,"strictSSL":true,"_":"65 more keys: [\"cacheDir\",\"port\",\"requestedCapabilities\",\"automationProtocol\",\"baseUrl\",\"waitforInterval\",\"waitforTimeout\",\"onReload\",\"beforeCommand\",\"afterCommand\",\"rootDir\",\"specs\",\"suites\",\"exclude\",\"groupLogsByTestSpec\",\"excludeDriverLogs\",\"bail\",\"framework\",\"reporters\",\"services\",\"maxInstances\",\"maxInstancesPerCapability\",\"injectGlobals\",\"filesToWatch\",\"execArgv\",\"runnerEnv\",\"runner\",\"shard\",\"specFileRetries\",\"specFileRetriesDelay\",\"specFileRetriesDeferred\",\"reporterSyncInterval\",\"reporterSyncTimeout\",\"cucumberFeaturesWithLineNumbers\",\"autoCompileOpts\",\"mochaOpts\",\"jasmineOpts\",\"cucumberOpts\",\"onPrepare\",\"onWorkerStart\",\"onWorkerEnd\",\"before\",\"beforeSession\",\"beforeSuite\",\"beforeHook\",\"beforeTest\",\"afterTest\",\"afterHook\",\"afterSuite\",\"afterSession\",\"after\",\"onComplete\",\"beforeAssertion\",\"afterAssertion\",\"beforeFeature\",\"beforeScenario\",\"beforeStep\",\"afterStep\",\"afterScenario\",\"afterFeature\",\"_\",\"suite\",\"$0\",\"ignoredWorkerServices\",\"wdi5\"]"}]}
COMMAND: POST /session/baa8cc8c703ae50a3cfee07d32ab3bfd/execute/async - {"script":"<script> [21126 bytes]","args":[35000]}
RESULT: {"script":"<script> [21126 bytes]","args":[35000]}
COMMAND: POST /session/baa8cc8c703ae50a3cfee07d32ab3bfd/window/maximize - {}
RESULT: {}
COMMAND: POST /session/baa8cc8c703ae50a3cfee07d32ab3bfd/execute/async - {"script":"<script> [1562 bytes]","args":[{"selector":{"id":"shell-header","interaction":{"idSuffix":"icon"}},"wdio_ui5_key":"shellheader"}]}
COMMAND: GET /session/baa8cc8c703ae50a3cfee07d32ab3bfd/screenshot - {}
RESULT: {"script":"<script> [1562 bytes]","args":[{"selector":{"id":"shell-header","interaction":{"idSuffix":"icon"}},"wdio_ui5_key":"shellheader"}]}
RESULT: undefined
COMMAND: POST /session/baa8cc8c703ae50a3cfee07d32ab3bfd/refresh - {}
RESULT: {}
RESULT: {}
COMMAND: GET /session/baa8cc8c703ae50a3cfee07d32ab3bfd/screenshot - {}
RESULT: {}
COMMAND: POST /session/baa8cc8c703ae50a3cfee07d32ab3bfd/refresh - {}
RESULT: {}
COMMAND: GET /session/baa8cc8c703ae50a3cfee07d32ab3bfd/screenshot - {}
RESULT: {}
COMMAND: POST /session/baa8cc8c703ae50a3cfee07d32ab3bfd/window/fullscreen - {}
RESULT: {}
COMMAND: POST /session/baa8cc8c703ae50a3cfee07d32ab3bfd/execute/async - {"script":"<script> [189 bytes]","args":[]}
RESULT: {"script":"<script> [189 bytes]","args":[]}
COMMAND: POST /session/baa8cc8c703ae50a3cfee07d32ab3bfd/execute/async - {"script":"<script> [123 bytes]","args":[]}
RESULT: {"script":"<script> [123 bytes]","args":[]}
COMMAND: POST /session/baa8cc8c703ae50a3cfee07d32ab3bfd/timeouts - {"script":"<number>"}
RESULT: {"script":"<number>"}
COMMAND: GET /session/baa8cc8c703ae50a3cfee07d32ab3bfd/timeouts - {}
RESULT: {}
RESULT: undefined
COMMAND: POST /session/baa8cc8c703ae50a3cfee07d32ab3bfd/execute/async - {"script":"<script> [2676 bytes]","args":[]}
RESULT: {"script":"<script> [2676 bytes]","args":[]}
COMMAND: POST /session/baa8cc8c703ae50a3cfee07d32ab3bfd/execute/async - {"script":"<script> [2342 bytes]","args":[{"protocol":"http","hostname":"0.0.0.0","path":"/","capabilities":{"browserName":"chrome","goog:chromeOptions":{"binary":"C:\\Program Files\\Google\\Chrome\\Application\\chrome.exe","args":["--start-maximized"]}},"logLevel":"warn","connectionRetryTimeout":120000,"connectionRetryCount":3,"logLevels":{},"enableDirectConnect":true,"strictSSL":true,"_":"65 more keys: [\"cacheDir\",\"port\",\"requestedCapabilities\",\"automationProtocol\",\"baseUrl\",\"waitforInterval\",\"waitforTimeout\",\"onReload\",\"beforeCommand\",\"afterCommand\",\"rootDir\",\"specs\",\"suites\",\"exclude\",\"groupLogsByTestSpec\",\"excludeDriverLogs\",\"bail\",\"framework\",\"reporters\",\"services\",\"maxInstances\",\"maxInstancesPerCapability\",\"injectGlobals\",\"filesToWatch\",\"execArgv\",\"runnerEnv\",\"runner\",\"shard\",\"specFileRetries\",\"specFileRetriesDelay\",\"specFileRetriesDeferred\",\"reporterSyncInterval\",\"reporterSyncTimeout\",\"cucumberFeaturesWithLineNumbers\",\"autoCompileOpts\",\"mochaOpts\",\"jasmineOpts\",\"cucumberOpts\",\"onPrepare\",\"onWorkerStart\",\"onWorkerEnd\",\"before\",\"beforeSession\",\"beforeSuite\",\"beforeHook\",\"beforeTest\",\"afterTest\",\"afterHook\",\"afterSuite\",\"afterSession\",\"after\",\"onComplete\",\"beforeAssertion\",\"afterAssertion\",\"beforeFeature\",\"beforeScenario\",\"beforeStep\",\"afterStep\",\"afterScenario\",\"afterFeature\",\"_\",\"suite\",\"$0\",\"ignoredWorkerServices\",\"wdi5\"]"}]}
RESULT: {"script":"<script> [2342 bytes]","args":[{"protocol":"http","hostname":"0.0.0.0","path":"/","capabilities":{"browserName":"chrome","goog:chromeOptions":{"binary":"C:\\Program Files\\Google\\Chrome\\Application\\chrome.exe","args":["--start-maximized"]}},"logLevel":"warn","connectionRetryTimeout":120000,"connectionRetryCount":3,"logLevels":{},"enableDirectConnect":true,"strictSSL":true,"_":"65 more keys: [\"cacheDir\",\"port\",\"requestedCapabilities\",\"automationProtocol\",\"baseUrl\",\"waitforInterval\",\"waitforTimeout\",\"onReload\",\"beforeCommand\",\"afterCommand\",\"rootDir\",\"specs\",\"suites\",\"exclude\",\"groupLogsByTestSpec\",\"excludeDriverLogs\",\"bail\",\"framework\",\"reporters\",\"services\",\"maxInstances\",\"maxInstancesPerCapability\",\"injectGlobals\",\"filesToWatch\",\"execArgv\",\"runnerEnv\",\"runner\",\"shard\",\"specFileRetries\",\"specFileRetriesDelay\",\"specFileRetriesDeferred\",\"reporterSyncInterval\",\"reporterSyncTimeout\",\"cucumberFeaturesWithLineNumbers\",\"autoCompileOpts\",\"mochaOpts\",\"jasmineOpts\",\"cucumberOpts\",\"onPrepare\",\"onWorkerStart\",\"onWorkerEnd\",\"before\",\"beforeSession\",\"beforeSuite\",\"beforeHook\",\"beforeTest\",\"afterTest\",\"afterHook\",\"afterSuite\",\"afterSession\",\"after\",\"onComplete\",\"beforeAssertion\",\"afterAssertion\",\"beforeFeature\",\"beforeScenario\",\"beforeStep\",\"afterStep\",\"afterScenario\",\"afterFeature\",\"_\",\"suite\",\"$0\",\"ignoredWorkerServices\",\"wdi5\"]"}]}
COMMAND: POST /session/baa8cc8c703ae50a3cfee07d32ab3bfd/execute/async - {"script":"<script> [21126 bytes]","args":[35000]}
RESULT: {"script":"<script> [21126 bytes]","args":[35000]}
]]></system-out>
    </testcase>
  </testsuite>
  <testsuite timestamp="2025-04-23T07:05:42" time="722.933" tests="13" failures="0" errors="0" skipped="0">
    <properties>
      <property name="specId" value="0"/>
      <property name="suiteName" value="Performance based billing (work days) US139742"/>
      <property name="capabilities" value="chrome.135_0_7049_42.windows"/>
      <property name="file" value="file:///D:/a/1/s/test/specs/BTS/billing-performance-workdays.spec.js"/>
    </properties>
    <testcase classname="chrome.135_0_7049_42.windows.Performance_based_billing_(work_days)_US139742" name="Should create a new yard" time="0.01">
      <system-out><![CDATA[
COMMAND: POST /session/baa8cc8c703ae50a3cfee07d32ab3bfd/window/fullscreen - {}
RESULT: {}
]]></system-out>
    </testcase>
    <testcase classname="chrome.135_0_7049_42.windows.Performance_based_billing_(work_days)_US139742" name="Should create a new partner" time="0.004"/>
    <testcase classname="chrome.135_0_7049_42.windows.Performance_based_billing_(work_days)_US139742" name="Should create a new site" time="0.003"/>
    <testcase classname="chrome.135_0_7049_42.windows.Performance_based_billing_(work_days)_US139742" name="Should do prerequisite steps add equipment" time="117.52">
      <system-out><![CDATA[
COMMAND: POST /session/baa8cc8c703ae50a3cfee07d32ab3bfd/execute/async - {"script":"<script> [1562 bytes]","args":[{"selector":{"controlType":"sap.m.GenericTile","properties":{"header":"Manage Resources"}},"wdio_ui5_key":"sapm.GenericTile{\"header\":\"Manage Resources\"}"}]}
RESULT: {"script":"<script> [1562 bytes]","args":[{"selector":{"controlType":"sap.m.GenericTile","properties":{"header":"Manage Resources"}},"wdio_ui5_key":"sapm.GenericTile{\"header\":\"Manage Resources\"}"}]}
RESULT: undefined
COMMAND: POST /session/baa8cc8c703ae50a3cfee07d32ab3bfd/element - {"using":"xpath","value":"//*[@id=\"__tile39\"]"}
RESULT: {"using":"xpath","value":"//*[@id=\"__tile39\"]"}
COMMAND: POST /session/baa8cc8c703ae50a3cfee07d32ab3bfd/element/f.A7D77B31E8FD2DE6ABF8E388F5FFE54F.d.5E7BDEC341D0E3290D796A0715021E78.e.14922/click - {}
RESULT: {}
COMMAND: POST /session/baa8cc8c703ae50a3cfee07d32ab3bfd/element - {"using":"xpath","value":"//button[@data-kt=\"addNewRUOverflowToolbarButton\"]"}
COMMAND: GET /session/baa8cc8c703ae50a3cfee07d32ab3bfd/screenshot - {}
RESULT: {"using":"xpath","value":"//button[@data-kt=\"addNewRUOverflowToolbarButton\"]"}
COMMAND: POST /session/baa8cc8c703ae50a3cfee07d32ab3bfd/elements - {"using":"xpath","value":"//button[@data-kt=\"addNewRUOverflowToolbarButton\"]"}
RESULT: {}
RESULT: {"using":"xpath","value":"//button[@data-kt=\"addNewRUOverflowToolbarButton\"]"}
COMMAND: POST /session/baa8cc8c703ae50a3cfee07d32ab3bfd/elements - {"using":"xpath","value":"//button[@data-kt=\"addNewRUOverflowToolbarButton\"]"}
RESULT: {"using":"xpath","value":"//button[@data-kt=\"addNewRUOverflowToolbarButton\"]"}
RESULT: undefined
RESULT: undefined
COMMAND: POST /session/baa8cc8c703ae50a3cfee07d32ab3bfd/elements - {"using":"xpath","value":"//button[@data-kt=\"addNewRUOverflowToolbarButton\"]"}
RESULT: {"using":"xpath","value":"//button[@data-kt=\"addNewRUOverflowToolbarButton\"]"}
COMMAND: POST /session/baa8cc8c703ae50a3cfee07d32ab3bfd/elements - {"using":"xpath","value":"//button[@data-kt=\"addNewRUOverflowToolbarButton\"]"}
RESULT: {"using":"xpath","value":"//button[@data-kt=\"addNewRUOverflowToolbarButton\"]"}
COMMAND: POST /session/baa8cc8c703ae50a3cfee07d32ab3bfd/elements - {"using":"xpath","value":"//button[@data-kt=\"addNewRUOverflowToolbarButton\"]"}
RESULT: {"using":"xpath","value":"//button[@data-kt=\"addNewRUOverflowToolbarButton\"]"}
COMMAND: POST /session/baa8cc8c703ae50a3cfee07d32ab3bfd/elements - {"using":"xpath","value":"//button[@data-kt=\"addNewRUOverflowToolbarButton\"]"}
RESULT: {"using":"xpath","value":"//button[@data-kt=\"addNewRUOverflowToolbarButton\"]"}
COMMAND: POST /session/baa8cc8c703ae50a3cfee07d32ab3bfd/elements - {"using":"xpath","value":"//button[@data-kt=\"addNewRUOverflowToolbarButton\"]"}
RESULT: {"using":"xpath","value":"//button[@data-kt=\"addNewRUOverflowToolbarButton\"]"}
COMMAND: POST /session/baa8cc8c703ae50a3cfee07d32ab3bfd/elements - {"using":"xpath","value":"//button[@data-kt=\"addNewRUOverflowToolbarButton\"]"}
RESULT: {"using":"xpath","value":"//button[@data-kt=\"addNewRUOverflowToolbarButton\"]"}
COMMAND: POST /session/baa8cc8c703ae50a3cfee07d32ab3bfd/elements - {"using":"xpath","value":"//button[@data-kt=\"addNewRUOverflowToolbarButton\"]"}
RESULT: {"using":"xpath","value":"//button[@data-kt=\"addNewRUOverflowToolbarButton\"]"}
COMMAND: POST /session/baa8cc8c703ae50a3cfee07d32ab3bfd/elements - {"using":"xpath","value":"//button[@data-kt=\"addNewRUOverflowToolbarButton\"]"}
RESULT: {"using":"xpath","value":"//button[@data-kt=\"addNewRUOverflowToolbarButton\"]"}
COMMAND: POST /session/baa8cc8c703ae50a3cfee07d32ab3bfd/elements - {"using":"xpath","value":"//button[@data-kt=\"addNewRUOverflowToolbarButton\"]"}
RESULT: {"using":"xpath","value":"//button[@data-kt=\"addNewRUOverflowToolbarButton\"]"}
COMMAND: POST /session/baa8cc8c703ae50a3cfee07d32ab3bfd/elements - {"using":"xpath","value":"//button[@data-kt=\"addNewRUOverflowToolbarButton\"]"}
RESULT: {"using":"xpath","value":"//button[@data-kt=\"addNewRUOverflowToolbarButton\"]"}
COMMAND: POST /session/baa8cc8c703ae50a3cfee07d32ab3bfd/elements - {"using":"xpath","value":"//button[@data-kt=\"addNewRUOverflowToolbarButton\"]"}
RESULT: {"using":"xpath","value":"//button[@data-kt=\"addNewRUOverflowToolbarButton\"]"}
COMMAND: POST /session/baa8cc8c703ae50a3cfee07d32ab3bfd/elements - {"using":"xpath","value":"//button[@data-kt=\"addNewRUOverflowToolbarButton\"]"}
RESULT: {"using":"xpath","value":"//button[@data-kt=\"addNewRUOverflowToolbarButton\"]"}
COMMAND: POST /session/baa8cc8c703ae50a3cfee07d32ab3bfd/elements - {"using":"xpath","value":"//button[@data-kt=\"addNewRUOverflowToolbarButton\"]"}
RESULT: {"using":"xpath","value":"//button[@data-kt=\"addNewRUOverflowToolbarButton\"]"}
COMMAND: POST /session/baa8cc8c703ae50a3cfee07d32ab3bfd/elements - {"using":"xpath","value":"//button[@data-kt=\"addNewRUOverflowToolbarButton\"]"}
RESULT: {"using":"xpath","value":"//button[@data-kt=\"addNewRUOverflowToolbarButton\"]"}
COMMAND: POST /session/baa8cc8c703ae50a3cfee07d32ab3bfd/elements - {"using":"xpath","value":"//button[@data-kt=\"addNewRUOverflowToolbarButton\"]"}
RESULT: {"using":"xpath","value":"//button[@data-kt=\"addNewRUOverflowToolbarButton\"]"}
COMMAND: POST /session/baa8cc8c703ae50a3cfee07d32ab3bfd/elements - {"using":"xpath","value":"//button[@data-kt=\"addNewRUOverflowToolbarButton\"]"}
RESULT: {"using":"xpath","value":"//button[@data-kt=\"addNewRUOverflowToolbarButton\"]"}
COMMAND: POST /session/baa8cc8c703ae50a3cfee07d32ab3bfd/elements - {"using":"xpath","value":"//button[@data-kt=\"addNewRUOverflowToolbarButton\"]"}
RESULT: {"using":"xpath","value":"//button[@data-kt=\"addNewRUOverflowToolbarButton\"]"}
COMMAND: POST /session/baa8cc8c703ae50a3cfee07d32ab3bfd/elements - {"using":"xpath","value":"//button[@data-kt=\"addNewRUOverflowToolbarButton\"]"}
RESULT: {"using":"xpath","value":"//button[@data-kt=\"addNewRUOverflowToolbarButton\"]"}
COMMAND: POST /session/baa8cc8c703ae50a3cfee07d32ab3bfd/elements - {"using":"xpath","value":"//button[@data-kt=\"addNewRUOverflowToolbarButton\"]"}
RESULT: {"using":"xpath","value":"//button[@data-kt=\"addNewRUOverflowToolbarButton\"]"}
COMMAND: POST /session/baa8cc8c703ae50a3cfee07d32ab3bfd/elements - {"using":"xpath","value":"//button[@data-kt=\"addNewRUOverflowToolbarButton\"]"}
RESULT: {"using":"xpath","value":"//button[@data-kt=\"addNewRUOverflowToolbarButton\"]"}
COMMAND: POST /session/baa8cc8c703ae50a3cfee07d32ab3bfd/elements - {"using":"xpath","value":"//button[@data-kt=\"addNewRUOverflowToolbarButton\"]"}
RESULT: {"using":"xpath","value":"//button[@data-kt=\"addNewRUOverflowToolbarButton\"]"}
COMMAND: POST /session/baa8cc8c703ae50a3cfee07d32ab3bfd/elements - {"using":"xpath","value":"//button[@data-kt=\"addNewRUOverflowToolbarButton\"]"}
RESULT: {"using":"xpath","value":"//button[@data-kt=\"addNewRUOverflowToolbarButton\"]"}
COMMAND: POST /session/baa8cc8c703ae50a3cfee07d32ab3bfd/elements - {"using":"xpath","value":"//button[@data-kt=\"addNewRUOverflowToolbarButton\"]"}
RESULT: {"using":"xpath","value":"//button[@data-kt=\"addNewRUOverflowToolbarButton\"]"}
COMMAND: POST /session/baa8cc8c703ae50a3cfee07d32ab3bfd/elements - {"using":"xpath","value":"//button[@data-kt=\"addNewRUOverflowToolbarButton\"]"}
RESULT: {"using":"xpath","value":"//button[@data-kt=\"addNewRUOverflowToolbarButton\"]"}
COMMAND: POST /session/baa8cc8c703ae50a3cfee07d32ab3bfd/element - {"using":"xpath","value":"//button[@data-kt=\"addNewRUOverflowToolbarButton\"]"}
RESULT: {"using":"xpath","value":"//button[@data-kt=\"addNewRUOverflowToolbarButton\"]"}
COMMAND: POST /session/baa8cc8c703ae50a3cfee07d32ab3bfd/execute/sync - {"script":"<script> [8489 bytes]","args":[{"element-6066-11e4-a52e-4f735466cecf":"f.A7D77B31E8FD2DE6ABF8E388F5FFE54F.d.5E7BDEC341D0E3290D796A0715021E78.e.15061","ELEMENT":"f.A7D77B31E8FD2DE6ABF8E388F5FFE54F.d.5E7BDEC341D0E3290D796A0715021E78.e.15061"}]}
RESULT: {"script":"<script> [8489 bytes]","args":[{"element-6066-11e4-a52e-4f735466cecf":"f.A7D77B31E8FD2DE6ABF8E388F5FFE54F.d.5E7BDEC341D0E3290D796A0715021E78.e.15061","ELEMENT":"f.A7D77B31E8FD2DE6ABF8E388F5FFE54F.d.5E7BDEC341D0E3290D796A0715021E78.e.15061"}]}
COMMAND: GET /session/baa8cc8c703ae50a3cfee07d32ab3bfd/element/f.A7D77B31E8FD2DE6ABF8E388F5FFE54F.d.5E7BDEC341D0E3290D796A0715021E78.e.15061/enabled - {}
COMMAND: GET /session/baa8cc8c703ae50a3cfee07d32ab3bfd/screenshot - {}
RESULT: {}
COMMAND: POST /session/baa8cc8c703ae50a3cfee07d32ab3bfd/execute/sync - {"script":"<script> [8489 bytes]","args":[{"element-6066-11e4-a52e-4f735466cecf":"f.A7D77B31E8FD2DE6ABF8E388F5FFE54F.d.5E7BDEC341D0E3290D796A0715021E78.e.15061","ELEMENT":"f.A7D77B31E8FD2DE6ABF8E388F5FFE54F.d.5E7BDEC341D0E3290D796A0715021E78.e.15061"}]}
COMMAND: GET /session/baa8cc8c703ae50a3cfee07d32ab3bfd/screenshot - {}
RESULT: {}
RESULT: {"script":"<script> [8489 bytes]","args":[{"element-6066-11e4-a52e-4f735466cecf":"f.A7D77B31E8FD2DE6ABF8E388F5FFE54F.d.5E7BDEC341D0E3290D796A0715021E78.e.15061","ELEMENT":"f.A7D77B31E8FD2DE6ABF8E388F5FFE54F.d.5E7BDEC341D0E3290D796A0715021E78.e.15061"}]}
COMMAND: POST /session/baa8cc8c703ae50a3cfee07d32ab3bfd/execute/sync - {"script":"<script> [5351 bytes]","args":[{"element-6066-11e4-a52e-4f735466cecf":"f.A7D77B31E8FD2DE6ABF8E388F5FFE54F.d.5E7BDEC341D0E3290D796A0715021E78.e.15061","ELEMENT":"f.A7D77B31E8FD2DE6ABF8E388F5FFE54F.d.5E7BDEC341D0E3290D796A0715021E78.e.15061"}]}
COMMAND: GET /session/baa8cc8c703ae50a3cfee07d32ab3bfd/screenshot - {}
RESULT: {}
RESULT: {"script":"<script> [5351 bytes]","args":[{"element-6066-11e4-a52e-4f735466cecf":"f.A7D77B31E8FD2DE6ABF8E388F5FFE54F.d.5E7BDEC341D0E3290D796A0715021E78.e.15061","ELEMENT":"f.A7D77B31E8FD2DE6ABF8E388F5FFE54F.d.5E7BDEC341D0E3290D796A0715021E78.e.15061"}]}
COMMAND: POST /session/baa8cc8c703ae50a3cfee07d32ab3bfd/element/f.A7D77B31E8FD2DE6ABF8E388F5FFE54F.d.5E7BDEC341D0E3290D796A0715021E78.e.15061/click - {}
COMMAND: GET /session/baa8cc8c703ae50a3cfee07d32ab3bfd/screenshot - {}
RESULT: {}
RESULT: {}
COMMAND: GET /session/baa8cc8c703ae50a3cfee07d32ab3bfd/screenshot - {}
RESULT: {}
COMMAND: POST /session/baa8cc8c703ae50a3cfee07d32ab3bfd/execute/async - {"script":"<script> [1562 bytes]","args":[{"selector":{"id":"application-manageresources-display-component---newResourceUnit--TYPE-arrow"},"wdio_ui5_key":"applicationmanageresources-display-component---newResourceUnit--TYPE-arrow"}]}
RESULT: {}
RESULT: {"script":"<script> [1562 bytes]","args":[{"selector":{"id":"application-manageresources-display-component---newResourceUnit--TYPE-arrow"},"wdio_ui5_key":"applicationmanageresources-display-component---newResourceUnit--TYPE-arrow"}]}
RESULT: undefined
COMMAND: POST /session/baa8cc8c703ae50a3cfee07d32ab3bfd/element - {"using":"xpath","value":"//*[@id=\"application-manageresources-display-component---newResourceUnit--TYPE-arrow\"]"}
RESULT: {"using":"xpath","value":"//*[@id=\"application-manageresources-display-component---newResourceUnit--TYPE-arrow\"]"}
COMMAND: POST /session/baa8cc8c703ae50a3cfee07d32ab3bfd/element/f.A7D77B31E8FD2DE6ABF8E388F5FFE54F.d.5E7BDEC341D0E3290D796A0715021E78.e.15426/click - {}
RESULT: {}
COMMAND: POST /session/baa8cc8c703ae50a3cfee07d32ab3bfd/element - {"using":"xpath","value":"//input[@id=\"application-manageresources-display-component---newResourceUnit--TYPE-inner\"]"}
COMMAND: GET /session/baa8cc8c703ae50a3cfee07d32ab3bfd/screenshot - {}
RESULT: {"using":"xpath","value":"//input[@id=\"application-manageresources-display-component---newResourceUnit--TYPE-inner\"]"}
COMMAND: POST /session/baa8cc8c703ae50a3cfee07d32ab3bfd/element/f.A7D77B31E8FD2DE6ABF8E388F5FFE54F.d.5E7BDEC341D0E3290D796A0715021E78.e.15404/clear - {}
RESULT: {}
RESULT: {}
COMMAND: POST /session/baa8cc8c703ae50a3cfee07d32ab3bfd/element/f.A7D77B31E8FD2DE6ABF8E388F5FFE54F.d.5E7BDEC341D0E3290D796A0715021E78.e.15404/value - {"text":"Equipment"}
COMMAND: GET /session/baa8cc8c703ae50a3cfee07d32ab3bfd/screenshot - {}
RESULT: {"text":"Equipment"}
COMMAND: GET /session/baa8cc8c703ae50a3cfee07d32ab3bfd/screenshot - {}
RESULT: {}
RESULT: {}
COMMAND: POST /session/baa8cc8c703ae50a3cfee07d32ab3bfd/actions - {"actions":[{"id":"action48","type":"key","parameters":{},"actions":[{"type":"keyDown","value":""},{"type":"pause","duration":10},{"type":"keyUp","value":""}]}]}
RESULT: {"actions":[{"id":"action48","type":"key","parameters":{},"actions":[{"type":"keyDown","value":""},{"type":"pause","duration":10},{"type":"keyUp","value":""}]}]}
COMMAND: POST /session/baa8cc8c703ae50a3cfee07d32ab3bfd/execute/async - {"script":"<script> [1562 bytes]","args":[{"selector":{"id":"application-manageresources-display-component---newResourceUnit--resourceId","interaction":{"idSuffix":"inner"}},"wdio_ui5_key":"applicationmanageresources-display-component---newResourceUnit--resourceId"}]}
COMMAND: GET /session/baa8cc8c703ae50a3cfee07d32ab3bfd/screenshot - {}
RESULT: {"script":"<script> [1562 bytes]","args":[{"selector":{"id":"application-manageresources-display-component---newResourceUnit--resourceId","interaction":{"idSuffix":"inner"}},"wdio_ui5_key":"applicationmanageresources-display-component---newResourceUnit--resourceId"}]}
RESULT: undefined
COMMAND: POST /session/baa8cc8c703ae50a3cfee07d32ab3bfd/execute/async - {"script":"<script> [776 bytes]","args":[{"enterText":"PEqXpqZnv7","selector":{"id":"application-manageresources-display-component---newResourceUnit--resourceId","interaction":{"idSuffix":"inner"}},"clearTextFirst":true,"interactionType":"ENTER_TEXT"}]}
RESULT: {}
RESULT: {"script":"<script> [776 bytes]","args":[{"enterText":"PEqXpqZnv7","selector":{"id":"application-manageresources-display-component---newResourceUnit--resourceId","interaction":{"idSuffix":"inner"}},"clearTextFirst":true,"interactionType":"ENTER_TEXT"}]}
COMMAND: POST /session/baa8cc8c703ae50a3cfee07d32ab3bfd/execute/async - {"script":"<script> [1562 bytes]","args":[{"selector":{"id":"application-manageresources-display-component---newResourceUnit--SHORT_TEXT","interaction":{"idSuffix":"inner"}},"wdio_ui5_key":"applicationmanageresources-display-component---newResourceUnit--SHORT_TEXT"}]}
RESULT: {"script":"<script> [1562 bytes]","args":[{"selector":{"id":"application-manageresources-display-component---newResourceUnit--SHORT_TEXT","interaction":{"idSuffix":"inner"}},"wdio_ui5_key":"applicationmanageresources-display-component---newResourceUnit--SHORT_TEXT"}]}
RESULT: undefined
COMMAND: POST /session/baa8cc8c703ae50a3cfee07d32ab3bfd/execute/async - {"script":"<script> [776 bytes]","args":[{"enterText":"Intercompany Equipment WDIO","selector":{"id":"application-manageresources-display-component---newResourceUnit--SHORT_TEXT","interaction":{"idSuffix":"inner"}},"clearTextFirst":true,"interactionType":"ENTER_TEXT"}]}
RESULT: {"script":"<script> [776 bytes]","args":[{"enterText":"Intercompany Equipment WDIO","selector":{"id":"application-manageresources-display-component---newResourceUnit--SHORT_TEXT","interaction":{"idSuffix":"inner"}},"clearTextFirst":true,"interactionType":"ENTER_TEXT"}]}
COMMAND: POST /session/baa8cc8c703ae50a3cfee07d32ab3bfd/execute/async - {"script":"<script> [1562 bytes]","args":[{"selector":{"id":"application-manageresources-display-component---newResourceUnit--BASE_UNIT_OF_MEASURE","interaction":{"idSuffix":"inner"}},"wdio_ui5_key":"applicationmanageresources-display-component---newResourceUnit--BASE_UNIT_OF_MEASURE"}]}
RESULT: {"script":"<script> [1562 bytes]","args":[{"selector":{"id":"application-manageresources-display-component---newResourceUnit--BASE_UNIT_OF_MEASURE","interaction":{"idSuffix":"inner"}},"wdio_ui5_key":"applicationmanageresources-display-component---newResourceUnit--BASE_UNIT_OF_MEASURE"}]}
RESULT: undefined
COMMAND: POST /session/baa8cc8c703ae50a3cfee07d32ab3bfd/execute/async - {"script":"<script> [776 bytes]","args":[{"enterText":"Piece","selector":{"id":"application-manageresources-display-component---newResourceUnit--BASE_UNIT_OF_MEASURE","interaction":{"idSuffix":"inner"}},"clearTextFirst":true,"interactionType":"ENTER_TEXT"}]}
RESULT: {"script":"<script> [776 bytes]","args":[{"enterText":"Piece","selector":{"id":"application-manageresources-display-component---newResourceUnit--BASE_UNIT_OF_MEASURE","interaction":{"idSuffix":"inner"}},"clearTextFirst":true,"interactionType":"ENTER_TEXT"}]}
COMMAND: POST /session/baa8cc8c703ae50a3cfee07d32ab3bfd/execute/async - {"script":"<script> [1562 bytes]","args":[{"selector":{"id":"application-manageresources-display-component---newResourceUnit--WEIGHT_UNIT","interaction":{"idSuffix":"inner"}},"wdio_ui5_key":"applicationmanageresources-display-component---newResourceUnit--WEIGHT_UNIT"}]}
RESULT: {"script":"<script> [1562 bytes]","args":[{"selector":{"id":"application-manageresources-display-component---newResourceUnit--WEIGHT_UNIT","interaction":{"idSuffix":"inner"}},"wdio_ui5_key":"applicationmanageresources-display-component---newResourceUnit--WEIGHT_UNIT"}]}
RESULT: undefined
COMMAND: POST /session/baa8cc8c703ae50a3cfee07d32ab3bfd/execute/async - {"script":"<script> [776 bytes]","args":[{"enterText":"Gram","selector":{"id":"application-manageresources-display-component---newResourceUnit--WEIGHT_UNIT","interaction":{"idSuffix":"inner"}},"clearTextFirst":true,"interactionType":"ENTER_TEXT"}]}
RESULT: {"script":"<script> [776 bytes]","args":[{"enterText":"Gram","selector":{"id":"application-manageresources-display-component---newResourceUnit--WEIGHT_UNIT","interaction":{"idSuffix":"inner"}},"clearTextFirst":true,"interactionType":"ENTER_TEXT"}]}
COMMAND: POST /session/baa8cc8c703ae50a3cfee07d32ab3bfd/execute/async - {"script":"<script> [1562 bytes]","args":[{"selector":{"id":"application-manageresources-display-component---newResourceUnit--DIMENSION_UNIT","interaction":{"idSuffix":"inner"}},"wdio_ui5_key":"applicationmanageresources-display-component---newResourceUnit--DIMENSION_UNIT"}]}
RESULT: {"script":"<script> [1562 bytes]","args":[{"selector":{"id":"application-manageresources-display-component---newResourceUnit--DIMENSION_UNIT","interaction":{"idSuffix":"inner"}},"wdio_ui5_key":"applicationmanageresources-display-component---newResourceUnit--DIMENSION_UNIT"}]}
RESULT: undefined
COMMAND: POST /session/baa8cc8c703ae50a3cfee07d32ab3bfd/execute/async - {"script":"<script> [776 bytes]","args":[{"enterText":"Meter","selector":{"id":"application-manageresources-display-component---newResourceUnit--DIMENSION_UNIT","interaction":{"idSuffix":"inner"}},"clearTextFirst":true,"interactionType":"ENTER_TEXT"}]}
RESULT: {"script":"<script> [776 bytes]","args":[{"enterText":"Meter","selector":{"id":"application-manageresources-display-component---newResourceUnit--DIMENSION_UNIT","interaction":{"idSuffix":"inner"}},"clearTextFirst":true,"interactionType":"ENTER_TEXT"}]}
COMMAND: POST /session/baa8cc8c703ae50a3cfee07d32ab3bfd/execute/async - {"script":"<script> [1562 bytes]","args":[{"selector":{"id":"application-manageresources-display-component---newResourceUnit--newRRUPage-anchBar-application-manageresources-display-component---newResourceUnit--control-anchor","interaction":{"idSuffix":"BDI-content"}},"wdio_ui5_key":"applicationmanageresources-display-component---newResourceUnit--newRRUPage-anchBar-application-manageresources-display-component---newResourceUnit--control-anchor"}]}
RESULT: {"script":"<script> [1562 bytes]","args":[{"selector":{"id":"application-manageresources-display-component---newResourceUnit--newRRUPage-anchBar-application-manageresources-display-component---newResourceUnit--control-anchor","interaction":{"idSuffix":"BDI-content"}},"wdio_ui5_key":"applicationmanageresources-display-component---newResourceUnit--newRRUPage-anchBar-application-manageresources-display-component---newResourceUnit--control-anchor"}]}
RESULT: undefined
COMMAND: POST /session/baa8cc8c703ae50a3cfee07d32ab3bfd/element - {"using":"xpath","value":"//*[@id=\"application-manageresources-display-component---newResourceUnit--newRRUPage-anchBar-application-manageresources-display-component---newResourceUnit--control-anchor\"]"}
RESULT: {"using":"xpath","value":"//*[@id=\"application-manageresources-display-component---newResourceUnit--newRRUPage-anchBar-application-manageresources-display-component---newResourceUnit--control-anchor\"]"}
COMMAND: POST /session/baa8cc8c703ae50a3cfee07d32ab3bfd/element/f.A7D77B31E8FD2DE6ABF8E388F5FFE54F.d.5E7BDEC341D0E3290D796A0715021E78.e.15560/click - {}
RESULT: {}
COMMAND: POST /session/baa8cc8c703ae50a3cfee07d32ab3bfd/execute/async - {"script":"<script> [1562 bytes]","args":[{"selector":{"id":"application-manageresources-display-component---newResourceUnit--PLANNING_GROUP","interaction":{"idSuffix":"inner"}},"wdio_ui5_key":"applicationmanageresources-display-component---newResourceUnit--PLANNING_GROUP"}]}
COMMAND: GET /session/baa8cc8c703ae50a3cfee07d32ab3bfd/screenshot - {}
RESULT: {"script":"<script> [1562 bytes]","args":[{"selector":{"id":"application-manageresources-display-component---newResourceUnit--PLANNING_GROUP","interaction":{"idSuffix":"inner"}},"wdio_ui5_key":"applicationmanageresources-display-component---newResourceUnit--PLANNING_GROUP"}]}
RESULT: undefined
COMMAND: POST /session/baa8cc8c703ae50a3cfee07d32ab3bfd/execute/async - {"script":"<script> [776 bytes]","args":[{"enterText":"Heavy Equi","selector":{"id":"application-manageresources-display-component---newResourceUnit--PLANNING_GROUP","interaction":{"idSuffix":"inner"}},"clearTextFirst":true,"interactionType":"ENTER_TEXT"}]}
RESULT: {}
RESULT: {"script":"<script> [776 bytes]","args":[{"enterText":"Heavy Equi","selector":{"id":"application-manageresources-display-component---newResourceUnit--PLANNING_GROUP","interaction":{"idSuffix":"inner"}},"clearTextFirst":true,"interactionType":"ENTER_TEXT"}]}
COMMAND: POST /session/baa8cc8c703ae50a3cfee07d32ab3bfd/execute/async - {"script":"<script> [1562 bytes]","args":[{"selector":{"id":"application-manageresources-display-component---newResourceUnit--ITEM_TYPE-arrow"},"wdio_ui5_key":"applicationmanageresources-display-component---newResourceUnit--ITEM_TYPE-arrow"}]}
RESULT: {"script":"<script> [1562 bytes]","args":[{"selector":{"id":"application-manageresources-display-component---newResourceUnit--ITEM_TYPE-arrow"},"wdio_ui5_key":"applicationmanageresources-display-component---newResourceUnit--ITEM_TYPE-arrow"}]}
RESULT: undefined
COMMAND: POST /session/baa8cc8c703ae50a3cfee07d32ab3bfd/element - {"using":"xpath","value":"//*[@id=\"application-manageresources-display-component---newResourceUnit--ITEM_TYPE-arrow\"]"}
RESULT: {"using":"xpath","value":"//*[@id=\"application-manageresources-display-component---newResourceUnit--ITEM_TYPE-arrow\"]"}
COMMAND: POST /session/baa8cc8c703ae50a3cfee07d32ab3bfd/element/f.A7D77B31E8FD2DE6ABF8E388F5FFE54F.d.5E7BDEC341D0E3290D796A0715021E78.e.15569/click - {}
RESULT: {}
COMMAND: POST /session/baa8cc8c703ae50a3cfee07d32ab3bfd/element - {"using":"xpath","value":"(//span[contains(text(), \"Resource Unit\")])[2]"}
COMMAND: GET /session/baa8cc8c703ae50a3cfee07d32ab3bfd/screenshot - {}
RESULT: {"using":"xpath","value":"(//span[contains(text(), \"Resource Unit\")])[2]"}
COMMAND: POST /session/baa8cc8c703ae50a3cfee07d32ab3bfd/element/f.A7D77B31E8FD2DE6ABF8E388F5FFE54F.d.5E7BDEC341D0E3290D796A0715021E78.e.15570/click - {}
RESULT: {}
RESULT: {}
COMMAND: GET /session/baa8cc8c703ae50a3cfee07d32ab3bfd/screenshot - {}
RESULT: {}
COMMAND: POST /session/baa8cc8c703ae50a3cfee07d32ab3bfd/element - {"using":"css selector","value":"#application-manageresources-display-component---newResourceUnit--btnAddTimeSegment"}
RESULT: {"using":"css selector","value":"#application-manageresources-display-component---newResourceUnit--btnAddTimeSegment"}
COMMAND: GET /session/baa8cc8c703ae50a3cfee07d32ab3bfd/element/f.A7D77B31E8FD2DE6ABF8E388F5FFE54F.d.5E7BDEC341D0E3290D796A0715021E78.e.15571/rect - {}
RESULT: {}
COMMAND: GET /session/baa8cc8c703ae50a3cfee07d32ab3bfd/window/rect - {}
RESULT: {}
COMMAND: POST /session/baa8cc8c703ae50a3cfee07d32ab3bfd/execute/sync - {"script":"<script> [92 bytes]","args":[]}
RESULT: {"script":"<script> [92 bytes]","args":[]}
COMMAND: POST /session/baa8cc8c703ae50a3cfee07d32ab3bfd/actions - {"actions":[{"id":"action49","type":"wheel","parameters":{},"actions":[{"type":"scroll","x":-1888,"y":-32,"deltaX":0,"deltaY":0,"duration":0,"origin":{"element-6066-11e4-a52e-4f735466cecf":"f.A7D77B31E8FD2DE6ABF8E388F5FFE54F.d.5E7BDEC341D0E3290D796A0715021E78.e.15571"}}]}]}
COMMAND: GET /session/baa8cc8c703ae50a3cfee07d32ab3bfd/screenshot - {}
RESULT: {}
COMMAND: POST /session/baa8cc8c703ae50a3cfee07d32ab3bfd/execute/sync - {"script":"<script> [79 bytes]","args":[{"element-6066-11e4-a52e-4f735466cecf":"f.A7D77B31E8FD2DE6ABF8E388F5FFE54F.d.5E7BDEC341D0E3290D796A0715021E78.e.15571","ELEMENT":"f.A7D77B31E8FD2DE6ABF8E388F5FFE54F.d.5E7BDEC341D0E3290D796A0715021E78.e.15571"},{"block":"start","inline":"nearest"}]}
RESULT: {"script":"<script> [79 bytes]","args":[{"element-6066-11e4-a52e-4f735466cecf":"f.A7D77B31E8FD2DE6ABF8E388F5FFE54F.d.5E7BDEC341D0E3290D796A0715021E78.e.15571","ELEMENT":"f.A7D77B31E8FD2DE6ABF8E388F5FFE54F.d.5E7BDEC341D0E3290D796A0715021E78.e.15571"},{"block":"start","inline":"nearest"}]}
COMMAND: POST /session/baa8cc8c703ae50a3cfee07d32ab3bfd/execute/async - {"script":"<script> [1562 bytes]","args":[{"selector":{"id":"application-manageresources-display-component---newResourceUnit--btnAddTimeSegment","interaction":{"idSuffix":"inner"}},"wdio_ui5_key":"applicationmanageresources-display-component---newResourceUnit--btnAddTimeSegment"}]}
COMMAND: GET /session/baa8cc8c703ae50a3cfee07d32ab3bfd/screenshot - {}
RESULT: {"script":"<script> [1562 bytes]","args":[{"selector":{"id":"application-manageresources-display-component---newResourceUnit--btnAddTimeSegment","interaction":{"idSuffix":"inner"}},"wdio_ui5_key":"applicationmanageresources-display-component---newResourceUnit--btnAddTimeSegment"}]}
RESULT: undefined
COMMAND: POST /session/baa8cc8c703ae50a3cfee07d32ab3bfd/element - {"using":"xpath","value":"//*[@id=\"application-manageresources-display-component---newResourceUnit--btnAddTimeSegment\"]"}
RESULT: {}
RESULT: {"using":"xpath","value":"//*[@id=\"application-manageresources-display-component---newResourceUnit--btnAddTimeSegment\"]"}
COMMAND: POST /session/baa8cc8c703ae50a3cfee07d32ab3bfd/element/f.A7D77B31E8FD2DE6ABF8E388F5FFE54F.d.5E7BDEC341D0E3290D796A0715021E78.e.15571/click - {}
RESULT: {}
COMMAND: GET /session/baa8cc8c703ae50a3cfee07d32ab3bfd/screenshot - {}
RESULT: {}
COMMAND: POST /session/baa8cc8c703ae50a3cfee07d32ab3bfd/element - {"using":"xpath","value":"//input[@id=\"application-manageresources-display-component---newResourceUnit--idRuTSAdmin-application-manageresources-display-component---newResourceUnit--RUTimeSegment-0-inner\"]"}
RESULT: {"using":"xpath","value":"//input[@id=\"application-manageresources-display-component---newResourceUnit--idRuTSAdmin-application-manageresources-display-component---newResourceUnit--RUTimeSegment-0-inner\"]"}
COMMAND: POST /session/baa8cc8c703ae50a3cfee07d32ab3bfd/element/f.A7D77B31E8FD2DE6ABF8E388F5FFE54F.d.5E7BDEC341D0E3290D796A0715021E78.e.15577/clear - {}
RESULT: {}
COMMAND: POST /session/baa8cc8c703ae50a3cfee07d32ab3bfd/element/f.A7D77B31E8FD2DE6ABF8E388F5FFE54F.d.5E7BDEC341D0E3290D796A0715021E78.e.15577/value - {"text":"706"}
COMMAND: GET /session/baa8cc8c703ae50a3cfee07d32ab3bfd/screenshot - {}
RESULT: {"text":"706"}
COMMAND: GET /session/baa8cc8c703ae50a3cfee07d32ab3bfd/screenshot - {}
RESULT: {}
RESULT: {}
COMMAND: POST /session/baa8cc8c703ae50a3cfee07d32ab3bfd/element - {"using":"xpath","value":"//li[.//span[text()='706']]"}
RESULT: {"using":"xpath","value":"//li[.//span[text()='706']]"}
COMMAND: POST /session/baa8cc8c703ae50a3cfee07d32ab3bfd/element/f.A7D77B31E8FD2DE6ABF8E388F5FFE54F.d.5E7BDEC341D0E3290D796A0715021E78.e.15589/click - {}
RESULT: {}
COMMAND: GET /session/baa8cc8c703ae50a3cfee07d32ab3bfd/screenshot - {}
RESULT: {}
COMMAND: POST /session/baa8cc8c703ae50a3cfee07d32ab3bfd/element - {"using":"xpath","value":"(//span[contains(@id, \"-application-manageresources-display-component---newResourceUnit--RUTimeSegment-0-arrow\")])[6]"}
RESULT: {"using":"xpath","value":"(//span[contains(@id, \"-application-manageresources-display-component---newResourceUnit--RUTimeSegment-0-arrow\")])[6]"}
COMMAND: POST /session/baa8cc8c703ae50a3cfee07d32ab3bfd/element/f.A7D77B31E8FD2DE6ABF8E388F5FFE54F.d.5E7BDEC341D0E3290D796A0715021E78.e.15590/click - {}
RESULT: {}
COMMAND: POST /session/baa8cc8c703ae50a3cfee07d32ab3bfd/element - {"using":"xpath","value":"//span[contains(text(), \"PM Order\")]"}
COMMAND: GET /session/baa8cc8c703ae50a3cfee07d32ab3bfd/screenshot - {}
RESULT: {"using":"xpath","value":"//span[contains(text(), \"PM Order\")]"}
COMMAND: POST /session/baa8cc8c703ae50a3cfee07d32ab3bfd/element/f.A7D77B31E8FD2DE6ABF8E388F5FFE54F.d.5E7BDEC341D0E3290D796A0715021E78.e.15593/click - {}
RESULT: {}
RESULT: {}
COMMAND: GET /session/baa8cc8c703ae50a3cfee07d32ab3bfd/screenshot - {}
RESULT: {}
COMMAND: POST /session/baa8cc8c703ae50a3cfee07d32ab3bfd/element - {"using":"xpath","value":"(//span[contains(@id ,\"manageresources-display-component---newResourceUnit--RUTimeSegment-0-vhi\")])[2]"}
RESULT: {"using":"xpath","value":"(//span[contains(@id ,\"manageresources-display-component---newResourceUnit--RUTimeSegment-0-vhi\")])[2]"}
COMMAND: POST /session/baa8cc8c703ae50a3cfee07d32ab3bfd/element/f.A7D77B31E8FD2DE6ABF8E388F5FFE54F.d.5E7BDEC341D0E3290D796A0715021E78.e.15596/click - {}
RESULT: {}
COMMAND: GET /session/baa8cc8c703ae50a3cfee07d32ab3bfd/screenshot - {}
RESULT: {}
COMMAND: POST /session/baa8cc8c703ae50a3cfee07d32ab3bfd/execute/async - {"script":"<script> [1562 bytes]","args":[{"selector":{"controlType":"sap.m.SearchField","properties":{"placeholder":"Search"},"searchOpenDialogs":true,"interaction":{"idSuffix":"I"}},"wdio_ui5_key":"sapm.SearchField{\"placeholder\":\"Search\"}"}]}
RESULT: {"script":"<script> [1562 bytes]","args":[{"selector":{"controlType":"sap.m.SearchField","properties":{"placeholder":"Search"},"searchOpenDialogs":true,"interaction":{"idSuffix":"I"}},"wdio_ui5_key":"sapm.SearchField{\"placeholder\":\"Search\"}"}]}
RESULT: undefined
COMMAND: POST /session/baa8cc8c703ae50a3cfee07d32ab3bfd/execute/async - {"script":"<script> [776 bytes]","args":[{"enterText":"4000360","selector":{"controlType":"sap.m.SearchField","properties":{"placeholder":"Search"},"searchOpenDialogs":true,"interaction":{"idSuffix":"I"}},"clearTextFirst":true,"interactionType":"ENTER_TEXT"}]}
RESULT: {"script":"<script> [776 bytes]","args":[{"enterText":"4000360","selector":{"controlType":"sap.m.SearchField","properties":{"placeholder":"Search"},"searchOpenDialogs":true,"interaction":{"idSuffix":"I"}},"clearTextFirst":true,"interactionType":"ENTER_TEXT"}]}
COMMAND: POST /session/baa8cc8c703ae50a3cfee07d32ab3bfd/actions - {"actions":[{"id":"action50","type":"key","parameters":{},"actions":[{"type":"keyDown","value":""},{"type":"pause","duration":10},{"type":"keyUp","value":""}]}]}
RESULT: {"actions":[{"id":"action50","type":"key","parameters":{},"actions":[{"type":"keyDown","value":""},{"type":"pause","duration":10},{"type":"keyUp","value":""}]}]}
COMMAND: GET /session/baa8cc8c703ae50a3cfee07d32ab3bfd/screenshot - {}
RESULT: {}
COMMAND: POST /session/baa8cc8c703ae50a3cfee07d32ab3bfd/element - {"using":"xpath","value":"//td/div/span[contains(text(), \"BGL Vehicles\")]"}
RESULT: {"using":"xpath","value":"//td/div/span[contains(text(), \"BGL Vehicles\")]"}
COMMAND: POST /session/baa8cc8c703ae50a3cfee07d32ab3bfd/element/f.A7D77B31E8FD2DE6ABF8E388F5FFE54F.d.5E7BDEC341D0E3290D796A0715021E78.e.15616/click - {}
RESULT: {}
COMMAND: GET /session/baa8cc8c703ae50a3cfee07d32ab3bfd/screenshot - {}
RESULT: {}
COMMAND: POST /session/baa8cc8c703ae50a3cfee07d32ab3bfd/element - {"using":"xpath","value":"//bdi[contains(text(), \"OK\")]"}
RESULT: {"using":"xpath","value":"//bdi[contains(text(), \"OK\")]"}
COMMAND: POST /session/baa8cc8c703ae50a3cfee07d32ab3bfd/element/f.A7D77B31E8FD2DE6ABF8E388F5FFE54F.d.5E7BDEC341D0E3290D796A0715021E78.e.15617/click - {}
RESULT: {}
COMMAND: GET /session/baa8cc8c703ae50a3cfee07d32ab3bfd/screenshot - {}
RESULT: {}
COMMAND: POST /session/baa8cc8c703ae50a3cfee07d32ab3bfd/execute/async - {"script":"<script> [1562 bytes]","args":[{"selector":{"id":"application-manageresources-display-component---newResourceUnit--newRRUPage-anchBar-application-manageresources-display-component---newResourceUnit--resource-anchor","interaction":{"idSuffix":"BDI-content"}},"wdio_ui5_key":"applicationmanageresources-display-component---newResourceUnit--newRRUPage-anchBar-application-manageresources-display-component---newResourceUnit--resource-anchor"}]}
RESULT: {"script":"<script> [1562 bytes]","args":[{"selector":{"id":"application-manageresources-display-component---newResourceUnit--newRRUPage-anchBar-application-manageresources-display-component---newResourceUnit--resource-anchor","interaction":{"idSuffix":"BDI-content"}},"wdio_ui5_key":"applicationmanageresources-display-component---newResourceUnit--newRRUPage-anchBar-application-manageresources-display-component---newResourceUnit--resource-anchor"}]}
RESULT: undefined
COMMAND: POST /session/baa8cc8c703ae50a3cfee07d32ab3bfd/element - {"using":"xpath","value":"//*[@id=\"application-manageresources-display-component---newResourceUnit--newRRUPage-anchBar-application-manageresources-display-component---newResourceUnit--resource-anchor\"]"}
RESULT: {"using":"xpath","value":"//*[@id=\"application-manageresources-display-component---newResourceUnit--newRRUPage-anchBar-application-manageresources-display-component---newResourceUnit--resource-anchor\"]"}
COMMAND: POST /session/baa8cc8c703ae50a3cfee07d32ab3bfd/element/f.A7D77B31E8FD2DE6ABF8E388F5FFE54F.d.5E7BDEC341D0E3290D796A0715021E78.e.15621/click - {}
RESULT: {}
COMMAND: POST /session/baa8cc8c703ae50a3cfee07d32ab3bfd/execute/async - {"script":"<script> [1562 bytes]","args":[{"selector":{"id":"application-manageresources-display-component---newResourceUnit--PLANNED_DELIVERY_DATE","interaction":{"idSuffix":"inner"}},"wdio_ui5_key":"applicationmanageresources-display-component---newResourceUnit--PLANNED_DELIVERY_DATE"}]}
COMMAND: GET /session/baa8cc8c703ae50a3cfee07d32ab3bfd/screenshot - {}
RESULT: {"script":"<script> [1562 bytes]","args":[{"selector":{"id":"application-manageresources-display-component---newResourceUnit--PLANNED_DELIVERY_DATE","interaction":{"idSuffix":"inner"}},"wdio_ui5_key":"applicationmanageresources-display-component---newResourceUnit--PLANNED_DELIVERY_DATE"}]}
RESULT: undefined
COMMAND: POST /session/baa8cc8c703ae50a3cfee07d32ab3bfd/execute/async - {"script":"<script> [6424 bytes]","args":[{"element-6066-11e4-a52e-4f735466cecf":"f.A7D77B31E8FD2DE6ABF8E388F5FFE54F.d.5E7BDEC341D0E3290D796A0715021E78.e.15483"},"setValue",["4/23/25"]]}
RESULT: {}
RESULT: {"script":"<script> [6424 bytes]","args":[{"element-6066-11e4-a52e-4f735466cecf":"f.A7D77B31E8FD2DE6ABF8E388F5FFE54F.d.5E7BDEC341D0E3290D796A0715021E78.e.15483"},"setValue",["4/23/25"]]}
COMMAND: POST /session/baa8cc8c703ae50a3cfee07d32ab3bfd/element - {"using":"xpath","value":"//button[@data-kt=\"resourceUnitSaveButton\"]"}
RESULT: {"using":"xpath","value":"//button[@data-kt=\"resourceUnitSaveButton\"]"}
COMMAND: POST /session/baa8cc8c703ae50a3cfee07d32ab3bfd/element/f.A7D77B31E8FD2DE6ABF8E388F5FFE54F.d.5E7BDEC341D0E3290D796A0715021E78.e.15444/click - {}
RESULT: {}
COMMAND: GET /session/baa8cc8c703ae50a3cfee07d32ab3bfd/screenshot - {}
RESULT: {}
COMMAND: POST /session/baa8cc8c703ae50a3cfee07d32ab3bfd/element - {"using":"xpath","value":"//bdi[contains(text(), \"Close\")]"}
RESULT: {"using":"xpath","value":"//bdi[contains(text(), \"Close\")]"}
COMMAND: POST /session/baa8cc8c703ae50a3cfee07d32ab3bfd/element/f.A7D77B31E8FD2DE6ABF8E388F5FFE54F.d.5E7BDEC341D0E3290D796A0715021E78.e.15629/click - {}
RESULT: {}
COMMAND: GET /session/baa8cc8c703ae50a3cfee07d32ab3bfd/screenshot - {}
RESULT: {}
COMMAND: POST /session/baa8cc8c703ae50a3cfee07d32ab3bfd/element - {"using":"xpath","value":"(//button[contains(@id ,\"actionsToolbar-overflowButton\")])[1]"}
RESULT: {"using":"xpath","value":"(//button[contains(@id ,\"actionsToolbar-overflowButton\")])[1]"}
COMMAND: POST /session/baa8cc8c703ae50a3cfee07d32ab3bfd/element/f.A7D77B31E8FD2DE6ABF8E388F5FFE54F.d.5E7BDEC341D0E3290D796A0715021E78.e.15660/click - {}
RESULT: {}
COMMAND: GET /session/baa8cc8c703ae50a3cfee07d32ab3bfd/screenshot - {}
RESULT: {}
COMMAND: POST /session/baa8cc8c703ae50a3cfee07d32ab3bfd/element - {"using":"xpath","value":"//button[@data-kt=\"priceInfoButton\"]"}
RESULT: {"using":"xpath","value":"//button[@data-kt=\"priceInfoButton\"]"}
COMMAND: POST /session/baa8cc8c703ae50a3cfee07d32ab3bfd/element/f.A7D77B31E8FD2DE6ABF8E388F5FFE54F.d.5E7BDEC341D0E3290D796A0715021E78.e.15662/click - {}
RESULT: {}
COMMAND: GET /session/baa8cc8c703ae50a3cfee07d32ab3bfd/screenshot - {}
RESULT: {}
]]></system-out>
    </testcase>
    <testcase classname="chrome.135_0_7049_42.windows.Performance_based_billing_(work_days)_US139742" name="Should create a pricing rule perf based on the equipment" time="59.619">
      <system-out><![CDATA[
COMMAND: POST /session/baa8cc8c703ae50a3cfee07d32ab3bfd/element - {"using":"xpath","value":"//button[@data-kt=\"addButton\"]"}
RESULT: {"using":"xpath","value":"//button[@data-kt=\"addButton\"]"}
COMMAND: POST /session/baa8cc8c703ae50a3cfee07d32ab3bfd/elements - {"using":"xpath","value":"//button[@data-kt=\"addButton\"]"}
RESULT: {"using":"xpath","value":"//button[@data-kt=\"addButton\"]"}
COMMAND: POST /session/baa8cc8c703ae50a3cfee07d32ab3bfd/element - {"using":"xpath","value":"//button[@data-kt=\"addButton\"]"}
RESULT: {"using":"xpath","value":"//button[@data-kt=\"addButton\"]"}
COMMAND: POST /session/baa8cc8c703ae50a3cfee07d32ab3bfd/execute/sync - {"script":"<script> [8489 bytes]","args":[{"element-6066-11e4-a52e-4f735466cecf":"f.A7D77B31E8FD2DE6ABF8E388F5FFE54F.d.5E7BDEC341D0E3290D796A0715021E78.e.15699","ELEMENT":"f.A7D77B31E8FD2DE6ABF8E388F5FFE54F.d.5E7BDEC341D0E3290D796A0715021E78.e.15699"}]}
RESULT: {"script":"<script> [8489 bytes]","args":[{"element-6066-11e4-a52e-4f735466cecf":"f.A7D77B31E8FD2DE6ABF8E388F5FFE54F.d.5E7BDEC341D0E3290D796A0715021E78.e.15699","ELEMENT":"f.A7D77B31E8FD2DE6ABF8E388F5FFE54F.d.5E7BDEC341D0E3290D796A0715021E78.e.15699"}]}
COMMAND: GET /session/baa8cc8c703ae50a3cfee07d32ab3bfd/element/f.A7D77B31E8FD2DE6ABF8E388F5FFE54F.d.5E7BDEC341D0E3290D796A0715021E78.e.15699/enabled - {}
COMMAND: GET /session/baa8cc8c703ae50a3cfee07d32ab3bfd/screenshot - {}
RESULT: {}
COMMAND: POST /session/baa8cc8c703ae50a3cfee07d32ab3bfd/execute/sync - {"script":"<script> [8489 bytes]","args":[{"element-6066-11e4-a52e-4f735466cecf":"f.A7D77B31E8FD2DE6ABF8E388F5FFE54F.d.5E7BDEC341D0E3290D796A0715021E78.e.15699","ELEMENT":"f.A7D77B31E8FD2DE6ABF8E388F5FFE54F.d.5E7BDEC341D0E3290D796A0715021E78.e.15699"}]}
COMMAND: GET /session/baa8cc8c703ae50a3cfee07d32ab3bfd/screenshot - {}
RESULT: {}
RESULT: {"script":"<script> [8489 bytes]","args":[{"element-6066-11e4-a52e-4f735466cecf":"f.A7D77B31E8FD2DE6ABF8E388F5FFE54F.d.5E7BDEC341D0E3290D796A0715021E78.e.15699","ELEMENT":"f.A7D77B31E8FD2DE6ABF8E388F5FFE54F.d.5E7BDEC341D0E3290D796A0715021E78.e.15699"}]}
COMMAND: POST /session/baa8cc8c703ae50a3cfee07d32ab3bfd/execute/sync - {"script":"<script> [5351 bytes]","args":[{"element-6066-11e4-a52e-4f735466cecf":"f.A7D77B31E8FD2DE6ABF8E388F5FFE54F.d.5E7BDEC341D0E3290D796A0715021E78.e.15699","ELEMENT":"f.A7D77B31E8FD2DE6ABF8E388F5FFE54F.d.5E7BDEC341D0E3290D796A0715021E78.e.15699"}]}
COMMAND: GET /session/baa8cc8c703ae50a3cfee07d32ab3bfd/screenshot - {}
RESULT: {}
RESULT: {"script":"<script> [5351 bytes]","args":[{"element-6066-11e4-a52e-4f735466cecf":"f.A7D77B31E8FD2DE6ABF8E388F5FFE54F.d.5E7BDEC341D0E3290D796A0715021E78.e.15699","ELEMENT":"f.A7D77B31E8FD2DE6ABF8E388F5FFE54F.d.5E7BDEC341D0E3290D796A0715021E78.e.15699"}]}
COMMAND: POST /session/baa8cc8c703ae50a3cfee07d32ab3bfd/element/f.A7D77B31E8FD2DE6ABF8E388F5FFE54F.d.5E7BDEC341D0E3290D796A0715021E78.e.15699/click - {}
COMMAND: GET /session/baa8cc8c703ae50a3cfee07d32ab3bfd/screenshot - {}
RESULT: {}
RESULT: {}
COMMAND: GET /session/baa8cc8c703ae50a3cfee07d32ab3bfd/screenshot - {}
RESULT: {}
RESULT: {}
COMMAND: POST /session/baa8cc8c703ae50a3cfee07d32ab3bfd/execute/async - {"script":"<script> [1562 bytes]","args":[{"selector":{"controlType":"sap.m.Title","viewName":"etm.portal.ui.managepricingrules.view.NewItem","viewId":"application-managepricingrules-display-component---newInfoPriceItem","properties":{"text":"New Pricing Rules - Item Level"}},"wdio_ui5_key":"etmportal.ui.managepricingrules.view.NewItemsap.m.Title{\"text\":\"New Pricing Rules - Item Level\"}"}]}
RESULT: {"script":"<script> [1562 bytes]","args":[{"selector":{"controlType":"sap.m.Title","viewName":"etm.portal.ui.managepricingrules.view.NewItem","viewId":"application-managepricingrules-display-component---newInfoPriceItem","properties":{"text":"New Pricing Rules - Item Level"}},"wdio_ui5_key":"etmportal.ui.managepricingrules.view.NewItemsap.m.Title{\"text\":\"New Pricing Rules - Item Level\"}"}]}
RESULT: undefined
COMMAND: POST /session/baa8cc8c703ae50a3cfee07d32ab3bfd/execute/async - {"script":"<script> [6424 bytes]","args":[{"element-6066-11e4-a52e-4f735466cecf":"f.A7D77B31E8FD2DE6ABF8E388F5FFE54F.d.5E7BDEC341D0E3290D796A0715021E78.e.15860"},"getText",[]]}
RESULT: {"script":"<script> [6424 bytes]","args":[{"element-6066-11e4-a52e-4f735466cecf":"f.A7D77B31E8FD2DE6ABF8E388F5FFE54F.d.5E7BDEC341D0E3290D796A0715021E78.e.15860"},"getText",[]]}
COMMAND: POST /session/baa8cc8c703ae50a3cfee07d32ab3bfd/execute/async - {"script":"<script> [1562 bytes]","args":[{"selector":{"id":"application-managepricingrules-display-component---newInfoPriceItem--condValidTo","interaction":{"idSuffix":"inner"}},"wdio_ui5_key":"applicationmanagepricingrules-display-component---newInfoPriceItem--condValidTo"}]}
RESULT: {"script":"<script> [1562 bytes]","args":[{"selector":{"id":"application-managepricingrules-display-component---newInfoPriceItem--condValidTo","interaction":{"idSuffix":"inner"}},"wdio_ui5_key":"applicationmanagepricingrules-display-component---newInfoPriceItem--condValidTo"}]}
RESULT: undefined
COMMAND: POST /session/baa8cc8c703ae50a3cfee07d32ab3bfd/execute/async - {"script":"<script> [776 bytes]","args":[{"enterText":"12/23/25","selector":{"id":"application-managepricingrules-display-component---newInfoPriceItem--condValidTo","interaction":{"idSuffix":"inner"}},"clearTextFirst":true,"interactionType":"ENTER_TEXT"}]}
RESULT: {"script":"<script> [776 bytes]","args":[{"enterText":"12/23/25","selector":{"id":"application-managepricingrules-display-component---newInfoPriceItem--condValidTo","interaction":{"idSuffix":"inner"}},"clearTextFirst":true,"interactionType":"ENTER_TEXT"}]}
COMMAND: POST /session/baa8cc8c703ae50a3cfee07d32ab3bfd/execute/async - {"script":"<script> [1562 bytes]","args":[{"selector":{"id":"application-managepricingrules-display-component---newInfoPriceItem--billType-arrow"},"wdio_ui5_key":"applicationmanagepricingrules-display-component---newInfoPriceItem--billType-arrow"}]}
RESULT: {"script":"<script> [1562 bytes]","args":[{"selector":{"id":"application-managepricingrules-display-component---newInfoPriceItem--billType-arrow"},"wdio_ui5_key":"applicationmanagepricingrules-display-component---newInfoPriceItem--billType-arrow"}]}
RESULT: undefined
COMMAND: POST /session/baa8cc8c703ae50a3cfee07d32ab3bfd/element - {"using":"xpath","value":"//*[@id=\"application-managepricingrules-display-component---newInfoPriceItem--billType-arrow\"]"}
RESULT: {"using":"xpath","value":"//*[@id=\"application-managepricingrules-display-component---newInfoPriceItem--billType-arrow\"]"}
COMMAND: POST /session/baa8cc8c703ae50a3cfee07d32ab3bfd/element/f.A7D77B31E8FD2DE6ABF8E388F5FFE54F.d.5E7BDEC341D0E3290D796A0715021E78.e.15862/click - {}
RESULT: {}
COMMAND: POST /session/baa8cc8c703ae50a3cfee07d32ab3bfd/element - {"using":"xpath","value":"//span[contains(text(), \"PB - Performance based\")]"}
COMMAND: GET /session/baa8cc8c703ae50a3cfee07d32ab3bfd/screenshot - {}
RESULT: {"using":"xpath","value":"//span[contains(text(), \"PB - Performance based\")]"}
COMMAND: POST /session/baa8cc8c703ae50a3cfee07d32ab3bfd/element/f.A7D77B31E8FD2DE6ABF8E388F5FFE54F.d.5E7BDEC341D0E3290D796A0715021E78.e.15863/click - {}
RESULT: {}
RESULT: {}
COMMAND: POST /session/baa8cc8c703ae50a3cfee07d32ab3bfd/execute/async - {"script":"<script> [1562 bytes]","args":[{"selector":{"id":"application-managepricingrules-display-component---newInfoPriceItem--priceProc-arrow"},"wdio_ui5_key":"applicationmanagepricingrules-display-component---newInfoPriceItem--priceProc-arrow"}]}
COMMAND: GET /session/baa8cc8c703ae50a3cfee07d32ab3bfd/screenshot - {}
RESULT: {"script":"<script> [1562 bytes]","args":[{"selector":{"id":"application-managepricingrules-display-component---newInfoPriceItem--priceProc-arrow"},"wdio_ui5_key":"applicationmanagepricingrules-display-component---newInfoPriceItem--priceProc-arrow"}]}
RESULT: undefined
COMMAND: POST /session/baa8cc8c703ae50a3cfee07d32ab3bfd/element - {"using":"xpath","value":"//*[@id=\"application-managepricingrules-display-component---newInfoPriceItem--priceProc-arrow\"]"}
RESULT: {}
RESULT: {"using":"xpath","value":"//*[@id=\"application-managepricingrules-display-component---newInfoPriceItem--priceProc-arrow\"]"}
COMMAND: POST /session/baa8cc8c703ae50a3cfee07d32ab3bfd/element/f.A7D77B31E8FD2DE6ABF8E388F5FFE54F.d.5E7BDEC341D0E3290D796A0715021E78.e.15826/click - {}
RESULT: {}
COMMAND: POST /session/baa8cc8c703ae50a3cfee07d32ab3bfd/element - {"using":"xpath","value":"//span[contains(text(), \"PRF - Performance based\")]"}
COMMAND: GET /session/baa8cc8c703ae50a3cfee07d32ab3bfd/screenshot - {}
RESULT: {"using":"xpath","value":"//span[contains(text(), \"PRF - Performance based\")]"}
COMMAND: POST /session/baa8cc8c703ae50a3cfee07d32ab3bfd/element/f.A7D77B31E8FD2DE6ABF8E388F5FFE54F.d.5E7BDEC341D0E3290D796A0715021E78.e.15864/click - {}
RESULT: {}
RESULT: {}
COMMAND: POST /session/baa8cc8c703ae50a3cfee07d32ab3bfd/execute/async - {"script":"<script> [1562 bytes]","args":[{"selector":{"id":"application-managepricingrules-display-component---newInfoPriceItem--calcBase-arrow"},"wdio_ui5_key":"applicationmanagepricingrules-display-component---newInfoPriceItem--calcBase-arrow"}]}
COMMAND: GET /session/baa8cc8c703ae50a3cfee07d32ab3bfd/screenshot - {}
RESULT: {"script":"<script> [1562 bytes]","args":[{"selector":{"id":"application-managepricingrules-display-component---newInfoPriceItem--calcBase-arrow"},"wdio_ui5_key":"applicationmanagepricingrules-display-component---newInfoPriceItem--calcBase-arrow"}]}
RESULT: undefined
COMMAND: POST /session/baa8cc8c703ae50a3cfee07d32ab3bfd/element - {"using":"xpath","value":"//*[@id=\"application-managepricingrules-display-component---newInfoPriceItem--calcBase-arrow\"]"}
RESULT: {}
RESULT: {"using":"xpath","value":"//*[@id=\"application-managepricingrules-display-component---newInfoPriceItem--calcBase-arrow\"]"}
COMMAND: POST /session/baa8cc8c703ae50a3cfee07d32ab3bfd/element/f.A7D77B31E8FD2DE6ABF8E388F5FFE54F.d.5E7BDEC341D0E3290D796A0715021E78.e.15833/click - {}
RESULT: {}
COMMAND: GET /session/baa8cc8c703ae50a3cfee07d32ab3bfd/screenshot - {}
RESULT: {}
COMMAND: POST /session/baa8cc8c703ae50a3cfee07d32ab3bfd/element - {"using":"xpath","value":"//span[contains(text(), \"0007 - PB(work days)\")]"}
RESULT: {"using":"xpath","value":"//span[contains(text(), \"0007 - PB(work days)\")]"}
COMMAND: POST /session/baa8cc8c703ae50a3cfee07d32ab3bfd/element/f.A7D77B31E8FD2DE6ABF8E388F5FFE54F.d.5E7BDEC341D0E3290D796A0715021E78.e.15865/click - {}
RESULT: {}
COMMAND: GET /session/baa8cc8c703ae50a3cfee07d32ab3bfd/screenshot - {}
RESULT: {}
COMMAND: POST /session/baa8cc8c703ae50a3cfee07d32ab3bfd/execute/async - {"script":"<script> [1562 bytes]","args":[{"selector":{"id":"application-managepricingrules-display-component---newInfoPriceItem--hoursMonth","interaction":{"idSuffix":"inner"}},"wdio_ui5_key":"applicationmanagepricingrules-display-component---newInfoPriceItem--hoursMonth"}]}
RESULT: {"script":"<script> [1562 bytes]","args":[{"selector":{"id":"application-managepricingrules-display-component---newInfoPriceItem--hoursMonth","interaction":{"idSuffix":"inner"}},"wdio_ui5_key":"applicationmanagepricingrules-display-component---newInfoPriceItem--hoursMonth"}]}
RESULT: undefined
COMMAND: POST /session/baa8cc8c703ae50a3cfee07d32ab3bfd/execute/async - {"script":"<script> [776 bytes]","args":[{"enterText":"160","selector":{"id":"application-managepricingrules-display-component---newInfoPriceItem--hoursMonth","interaction":{"idSuffix":"inner"}},"clearTextFirst":true,"interactionType":"ENTER_TEXT"}]}
RESULT: {"script":"<script> [776 bytes]","args":[{"enterText":"160","selector":{"id":"application-managepricingrules-display-component---newInfoPriceItem--hoursMonth","interaction":{"idSuffix":"inner"}},"clearTextFirst":true,"interactionType":"ENTER_TEXT"}]}
COMMAND: POST /session/baa8cc8c703ae50a3cfee07d32ab3bfd/element - {"using":"xpath","value":"//button[@data-kt=\"saveNewRuleButton\"]"}
RESULT: {"using":"xpath","value":"//button[@data-kt=\"saveNewRuleButton\"]"}
COMMAND: POST /session/baa8cc8c703ae50a3cfee07d32ab3bfd/element/f.A7D77B31E8FD2DE6ABF8E388F5FFE54F.d.5E7BDEC341D0E3290D796A0715021E78.e.15851/click - {}
RESULT: {}
COMMAND: GET /session/baa8cc8c703ae50a3cfee07d32ab3bfd/screenshot - {}
RESULT: {}
COMMAND: POST /session/baa8cc8c703ae50a3cfee07d32ab3bfd/execute/async - {"script":"<script> [1562 bytes]","args":[{"selector":{"id":"application-managepricingrules-display-component---priceInfoItem--smartFilterBar-btnBasicSearch","interaction":{"idSuffix":"I"}},"wdio_ui5_key":"applicationmanagepricingrules-display-component---priceInfoItem--smartFilterBar-btnBasicSearch"}]}
RESULT: {"script":"<script> [1562 bytes]","args":[{"selector":{"id":"application-managepricingrules-display-component---priceInfoItem--smartFilterBar-btnBasicSearch","interaction":{"idSuffix":"I"}},"wdio_ui5_key":"applicationmanagepricingrules-display-component---priceInfoItem--smartFilterBar-btnBasicSearch"}]}
RESULT: undefined
COMMAND: POST /session/baa8cc8c703ae50a3cfee07d32ab3bfd/execute/async - {"script":"<script> [776 bytes]","args":[{"enterText":"PEqXpqZnv7","selector":{"id":"application-managepricingrules-display-component---priceInfoItem--smartFilterBar-btnBasicSearch","interaction":{"idSuffix":"I"}},"clearTextFirst":true,"interactionType":"ENTER_TEXT"}]}
RESULT: {"script":"<script> [776 bytes]","args":[{"enterText":"PEqXpqZnv7","selector":{"id":"application-managepricingrules-display-component---priceInfoItem--smartFilterBar-btnBasicSearch","interaction":{"idSuffix":"I"}},"clearTextFirst":true,"interactionType":"ENTER_TEXT"}]}
COMMAND: POST /session/baa8cc8c703ae50a3cfee07d32ab3bfd/actions - {"actions":[{"id":"action51","type":"key","parameters":{},"actions":[{"type":"keyDown","value":""},{"type":"pause","duration":10},{"type":"keyUp","value":""}]}]}
RESULT: {"actions":[{"id":"action51","type":"key","parameters":{},"actions":[{"type":"keyDown","value":""},{"type":"pause","duration":10},{"type":"keyUp","value":""}]}]}
COMMAND: GET /session/baa8cc8c703ae50a3cfee07d32ab3bfd/screenshot - {}
RESULT: {}
COMMAND: POST /session/baa8cc8c703ae50a3cfee07d32ab3bfd/element - {"using":"xpath","value":"//span[@id=\"application-managepricingrules-display-component---priceInfoItem--smartTable-header-inner\"]"}
RESULT: {"using":"xpath","value":"//span[@id=\"application-managepricingrules-display-component---priceInfoItem--smartTable-header-inner\"]"}
COMMAND: POST /session/baa8cc8c703ae50a3cfee07d32ab3bfd/elements - {"using":"xpath","value":"//span[@id=\"application-managepricingrules-display-component---priceInfoItem--smartTable-header-inner\"]"}
RESULT: {"using":"xpath","value":"//span[@id=\"application-managepricingrules-display-component---priceInfoItem--smartTable-header-inner\"]"}
COMMAND: POST /session/baa8cc8c703ae50a3cfee07d32ab3bfd/execute/sync - {"script":"<script> [56 bytes]","args":[{"element-6066-11e4-a52e-4f735466cecf":"f.A7D77B31E8FD2DE6ABF8E388F5FFE54F.d.5E7BDEC341D0E3290D796A0715021E78.e.15890","ELEMENT":"f.A7D77B31E8FD2DE6ABF8E388F5FFE54F.d.5E7BDEC341D0E3290D796A0715021E78.e.15890"}]}
RESULT: {"script":"<script> [56 bytes]","args":[{"element-6066-11e4-a52e-4f735466cecf":"f.A7D77B31E8FD2DE6ABF8E388F5FFE54F.d.5E7BDEC341D0E3290D796A0715021E78.e.15890","ELEMENT":"f.A7D77B31E8FD2DE6ABF8E388F5FFE54F.d.5E7BDEC341D0E3290D796A0715021E78.e.15890"}]}
COMMAND: POST /session/baa8cc8c703ae50a3cfee07d32ab3bfd/element - {"using":"css selector","value":"#shell-header-logo"}
COMMAND: GET /session/baa8cc8c703ae50a3cfee07d32ab3bfd/screenshot - {}
RESULT: {"using":"css selector","value":"#shell-header-logo"}
COMMAND: POST /session/baa8cc8c703ae50a3cfee07d32ab3bfd/element/f.A7D77B31E8FD2DE6ABF8E388F5FFE54F.d.5E7BDEC341D0E3290D796A0715021E78.e.15030/click - {}
RESULT: {}
RESULT: {}
COMMAND: GET /session/baa8cc8c703ae50a3cfee07d32ab3bfd/screenshot - {}
RESULT: {}
]]></system-out>
    </testcase>
    <testcase classname="chrome.135_0_7049_42.windows.Performance_based_billing_(work_days)_US139742" name="Should create a performance based billing condition on the equipment" time="61.783">
      <system-out><![CDATA[
COMMAND: POST /session/baa8cc8c703ae50a3cfee07d32ab3bfd/execute/async - {"script":"<script> [1562 bytes]","args":[{"selector":{"controlType":"sap.m.Text","properties":{"text":"Manage Conditions & Prices"},"interaction":{"idSuffix":"inner"}},"wdio_ui5_key":"sapm.Text{\"text\":\"Manage Conditions & Prices\"}"}]}
RESULT: {"script":"<script> [1562 bytes]","args":[{"selector":{"controlType":"sap.m.Text","properties":{"text":"Manage Conditions & Prices"},"interaction":{"idSuffix":"inner"}},"wdio_ui5_key":"sapm.Text{\"text\":\"Manage Conditions & Prices\"}"}]}
RESULT: undefined
COMMAND: POST /session/baa8cc8c703ae50a3cfee07d32ab3bfd/element - {"using":"xpath","value":"//*[@id=\"__tile53-title\"]"}
RESULT: {"using":"xpath","value":"//*[@id=\"__tile53-title\"]"}
COMMAND: POST /session/baa8cc8c703ae50a3cfee07d32ab3bfd/element/f.A7D77B31E8FD2DE6ABF8E388F5FFE54F.d.5E7BDEC341D0E3290D796A0715021E78.e.15893/click - {}
RESULT: {}
COMMAND: POST /session/baa8cc8c703ae50a3cfee07d32ab3bfd/element - {"using":"xpath","value":"//button[@aria-label=\"Create\"]"}
COMMAND: GET /session/baa8cc8c703ae50a3cfee07d32ab3bfd/screenshot - {}
RESULT: {"using":"xpath","value":"//button[@aria-label=\"Create\"]"}
COMMAND: POST /session/baa8cc8c703ae50a3cfee07d32ab3bfd/elements - {"using":"xpath","value":"//button[@aria-label=\"Create\"]"}
RESULT: {}
RESULT: {"using":"xpath","value":"//button[@aria-label=\"Create\"]"}
COMMAND: POST /session/baa8cc8c703ae50a3cfee07d32ab3bfd/element - {"using":"xpath","value":"//button[@aria-label=\"Create\"]"}
RESULT: {"using":"xpath","value":"//button[@aria-label=\"Create\"]"}
COMMAND: POST /session/baa8cc8c703ae50a3cfee07d32ab3bfd/execute/sync - {"script":"<script> [8489 bytes]","args":[{"element-6066-11e4-a52e-4f735466cecf":"f.A7D77B31E8FD2DE6ABF8E388F5FFE54F.d.5E7BDEC341D0E3290D796A0715021E78.e.15927","ELEMENT":"f.A7D77B31E8FD2DE6ABF8E388F5FFE54F.d.5E7BDEC341D0E3290D796A0715021E78.e.15927"}]}
RESULT: {"script":"<script> [8489 bytes]","args":[{"element-6066-11e4-a52e-4f735466cecf":"f.A7D77B31E8FD2DE6ABF8E388F5FFE54F.d.5E7BDEC341D0E3290D796A0715021E78.e.15927","ELEMENT":"f.A7D77B31E8FD2DE6ABF8E388F5FFE54F.d.5E7BDEC341D0E3290D796A0715021E78.e.15927"}]}
COMMAND: GET /session/baa8cc8c703ae50a3cfee07d32ab3bfd/element/f.A7D77B31E8FD2DE6ABF8E388F5FFE54F.d.5E7BDEC341D0E3290D796A0715021E78.e.15927/enabled - {}
COMMAND: GET /session/baa8cc8c703ae50a3cfee07d32ab3bfd/screenshot - {}
RESULT: {}
COMMAND: POST /session/baa8cc8c703ae50a3cfee07d32ab3bfd/execute/sync - {"script":"<script> [8489 bytes]","args":[{"element-6066-11e4-a52e-4f735466cecf":"f.A7D77B31E8FD2DE6ABF8E388F5FFE54F.d.5E7BDEC341D0E3290D796A0715021E78.e.15927","ELEMENT":"f.A7D77B31E8FD2DE6ABF8E388F5FFE54F.d.5E7BDEC341D0E3290D796A0715021E78.e.15927"}]}
COMMAND: GET /session/baa8cc8c703ae50a3cfee07d32ab3bfd/screenshot - {}
RESULT: {}
RESULT: {"script":"<script> [8489 bytes]","args":[{"element-6066-11e4-a52e-4f735466cecf":"f.A7D77B31E8FD2DE6ABF8E388F5FFE54F.d.5E7BDEC341D0E3290D796A0715021E78.e.15927","ELEMENT":"f.A7D77B31E8FD2DE6ABF8E388F5FFE54F.d.5E7BDEC341D0E3290D796A0715021E78.e.15927"}]}
COMMAND: POST /session/baa8cc8c703ae50a3cfee07d32ab3bfd/execute/sync - {"script":"<script> [5351 bytes]","args":[{"element-6066-11e4-a52e-4f735466cecf":"f.A7D77B31E8FD2DE6ABF8E388F5FFE54F.d.5E7BDEC341D0E3290D796A0715021E78.e.15927","ELEMENT":"f.A7D77B31E8FD2DE6ABF8E388F5FFE54F.d.5E7BDEC341D0E3290D796A0715021E78.e.15927"}]}
COMMAND: GET /session/baa8cc8c703ae50a3cfee07d32ab3bfd/screenshot - {}
RESULT: {}
RESULT: {"script":"<script> [5351 bytes]","args":[{"element-6066-11e4-a52e-4f735466cecf":"f.A7D77B31E8FD2DE6ABF8E388F5FFE54F.d.5E7BDEC341D0E3290D796A0715021E78.e.15927","ELEMENT":"f.A7D77B31E8FD2DE6ABF8E388F5FFE54F.d.5E7BDEC341D0E3290D796A0715021E78.e.15927"}]}
COMMAND: POST /session/baa8cc8c703ae50a3cfee07d32ab3bfd/element/f.A7D77B31E8FD2DE6ABF8E388F5FFE54F.d.5E7BDEC341D0E3290D796A0715021E78.e.15927/click - {}
COMMAND: GET /session/baa8cc8c703ae50a3cfee07d32ab3bfd/screenshot - {}
RESULT: {}
RESULT: {}
COMMAND: GET /session/baa8cc8c703ae50a3cfee07d32ab3bfd/screenshot - {}
RESULT: {}
RESULT: {}
COMMAND: POST /session/baa8cc8c703ae50a3cfee07d32ab3bfd/actions - {"actions":[{"id":"action52","type":"key","parameters":{},"actions":[{"type":"keyDown","value":""},{"type":"pause","duration":10},{"type":"keyUp","value":""}]}]}
RESULT: {"actions":[{"id":"action52","type":"key","parameters":{},"actions":[{"type":"keyDown","value":""},{"type":"pause","duration":10},{"type":"keyUp","value":""}]}]}
COMMAND: GET /session/baa8cc8c703ae50a3cfee07d32ab3bfd/screenshot - {}
RESULT: {}
COMMAND: POST /session/baa8cc8c703ae50a3cfee07d32ab3bfd/execute/async - {"script":"<script> [1562 bytes]","args":[{"selector":{"id":"application-manageconditionprice-display-component---newCondition--condBillCond-arrow"},"wdio_ui5_key":"applicationmanageconditionprice-display-component---newCondition--condBillCond-arrow"}]}
RESULT: {"script":"<script> [1562 bytes]","args":[{"selector":{"id":"application-manageconditionprice-display-component---newCondition--condBillCond-arrow"},"wdio_ui5_key":"applicationmanageconditionprice-display-component---newCondition--condBillCond-arrow"}]}
RESULT: undefined
COMMAND: POST /session/baa8cc8c703ae50a3cfee07d32ab3bfd/element - {"using":"xpath","value":"//*[@id=\"application-manageconditionprice-display-component---newCondition--condBillCond-arrow\"]"}
RESULT: {"using":"xpath","value":"//*[@id=\"application-manageconditionprice-display-component---newCondition--condBillCond-arrow\"]"}
COMMAND: POST /session/baa8cc8c703ae50a3cfee07d32ab3bfd/element/f.A7D77B31E8FD2DE6ABF8E388F5FFE54F.d.5E7BDEC341D0E3290D796A0715021E78.e.16106/click - {}
RESULT: {}
COMMAND: GET /session/baa8cc8c703ae50a3cfee07d32ab3bfd/screenshot - {}
RESULT: {}
COMMAND: POST /session/baa8cc8c703ae50a3cfee07d32ab3bfd/element - {"using":"xpath","value":"//li[.//span[contains(text(), \"PC06 - Performance Price - fuel\")]]"}
RESULT: {"using":"xpath","value":"//li[.//span[contains(text(), \"PC06 - Performance Price - fuel\")]]"}
COMMAND: POST /session/baa8cc8c703ae50a3cfee07d32ab3bfd/element/f.A7D77B31E8FD2DE6ABF8E388F5FFE54F.d.5E7BDEC341D0E3290D796A0715021E78.e.16110/click - {}
RESULT: {}
COMMAND: GET /session/baa8cc8c703ae50a3cfee07d32ab3bfd/screenshot - {}
RESULT: {}
COMMAND: POST /session/baa8cc8c703ae50a3cfee07d32ab3bfd/execute/async - {"script":"<script> [1562 bytes]","args":[{"selector":{"id":"application-manageconditionprice-display-component---newCondition--condValidTo","interaction":{"idSuffix":"inner"}},"wdio_ui5_key":"applicationmanageconditionprice-display-component---newCondition--condValidTo"}]}
RESULT: {"script":"<script> [1562 bytes]","args":[{"selector":{"id":"application-manageconditionprice-display-component---newCondition--condValidTo","interaction":{"idSuffix":"inner"}},"wdio_ui5_key":"applicationmanageconditionprice-display-component---newCondition--condValidTo"}]}
RESULT: undefined
COMMAND: POST /session/baa8cc8c703ae50a3cfee07d32ab3bfd/execute/async - {"script":"<script> [776 bytes]","args":[{"enterText":"12/23/25","selector":{"id":"application-manageconditionprice-display-component---newCondition--condValidTo","interaction":{"idSuffix":"inner"}},"clearTextFirst":true,"interactionType":"ENTER_TEXT"}]}
RESULT: {"script":"<script> [776 bytes]","args":[{"enterText":"12/23/25","selector":{"id":"application-manageconditionprice-display-component---newCondition--condValidTo","interaction":{"idSuffix":"inner"}},"clearTextFirst":true,"interactionType":"ENTER_TEXT"}]}
COMMAND: POST /session/baa8cc8c703ae50a3cfee07d32ab3bfd/element - {"using":"xpath","value":"//input[@id=\"application-manageconditionprice-display-component---newCondition--condRU-inner\"]"}
RESULT: {"using":"xpath","value":"//input[@id=\"application-manageconditionprice-display-component---newCondition--condRU-inner\"]"}
COMMAND: POST /session/baa8cc8c703ae50a3cfee07d32ab3bfd/element/f.A7D77B31E8FD2DE6ABF8E388F5FFE54F.d.5E7BDEC341D0E3290D796A0715021E78.e.15971/clear - {}
RESULT: {}
COMMAND: POST /session/baa8cc8c703ae50a3cfee07d32ab3bfd/element/f.A7D77B31E8FD2DE6ABF8E388F5FFE54F.d.5E7BDEC341D0E3290D796A0715021E78.e.15971/value - {"text":"PEqXpqZnv7"}
COMMAND: GET /session/baa8cc8c703ae50a3cfee07d32ab3bfd/screenshot - {}
RESULT: {"text":"PEqXpqZnv7"}
COMMAND: GET /session/baa8cc8c703ae50a3cfee07d32ab3bfd/screenshot - {}
RESULT: {}
RESULT: {}
COMMAND: POST /session/baa8cc8c703ae50a3cfee07d32ab3bfd/actions - {"actions":[{"id":"action53","type":"key","parameters":{},"actions":[{"type":"keyDown","value":""},{"type":"pause","duration":10},{"type":"keyUp","value":""}]}]}
RESULT: {"actions":[{"id":"action53","type":"key","parameters":{},"actions":[{"type":"keyDown","value":""},{"type":"pause","duration":10},{"type":"keyUp","value":""}]}]}
COMMAND: POST /session/baa8cc8c703ae50a3cfee07d32ab3bfd/execute/async - {"script":"<script> [1562 bytes]","args":[{"selector":{"id":"application-manageconditionprice-display-component---newCondition--condBaseQty","interaction":{"idSuffix":"inner"}},"wdio_ui5_key":"applicationmanageconditionprice-display-component---newCondition--condBaseQty"}]}
COMMAND: GET /session/baa8cc8c703ae50a3cfee07d32ab3bfd/screenshot - {}
RESULT: {"script":"<script> [1562 bytes]","args":[{"selector":{"id":"application-manageconditionprice-display-component---newCondition--condBaseQty","interaction":{"idSuffix":"inner"}},"wdio_ui5_key":"applicationmanageconditionprice-display-component---newCondition--condBaseQty"}]}
RESULT: undefined
COMMAND: POST /session/baa8cc8c703ae50a3cfee07d32ab3bfd/execute/async - {"script":"<script> [776 bytes]","args":[{"enterText":"1","selector":{"id":"application-manageconditionprice-display-component---newCondition--condBaseQty","interaction":{"idSuffix":"inner"}},"clearTextFirst":true,"interactionType":"ENTER_TEXT"}]}
RESULT: {}
RESULT: {"script":"<script> [776 bytes]","args":[{"enterText":"1","selector":{"id":"application-manageconditionprice-display-component---newCondition--condBaseQty","interaction":{"idSuffix":"inner"}},"clearTextFirst":true,"interactionType":"ENTER_TEXT"}]}
COMMAND: POST /session/baa8cc8c703ae50a3cfee07d32ab3bfd/execute/async - {"script":"<script> [1562 bytes]","args":[{"selector":{"id":"application-manageconditionprice-display-component---newCondition--condValue","interaction":{"idSuffix":"inner"}},"wdio_ui5_key":"applicationmanageconditionprice-display-component---newCondition--condValue"}]}
RESULT: {"script":"<script> [1562 bytes]","args":[{"selector":{"id":"application-manageconditionprice-display-component---newCondition--condValue","interaction":{"idSuffix":"inner"}},"wdio_ui5_key":"applicationmanageconditionprice-display-component---newCondition--condValue"}]}
RESULT: undefined
COMMAND: POST /session/baa8cc8c703ae50a3cfee07d32ab3bfd/execute/async - {"script":"<script> [776 bytes]","args":[{"enterText":"10","selector":{"id":"application-manageconditionprice-display-component---newCondition--condValue","interaction":{"idSuffix":"inner"}},"clearTextFirst":true,"interactionType":"ENTER_TEXT"}]}
RESULT: {"script":"<script> [776 bytes]","args":[{"enterText":"10","selector":{"id":"application-manageconditionprice-display-component---newCondition--condValue","interaction":{"idSuffix":"inner"}},"clearTextFirst":true,"interactionType":"ENTER_TEXT"}]}
COMMAND: POST /session/baa8cc8c703ae50a3cfee07d32ab3bfd/execute/async - {"script":"<script> [1562 bytes]","args":[{"selector":{"id":"application-manageconditionprice-display-component---newCondition--condCurr-arrow"},"wdio_ui5_key":"applicationmanageconditionprice-display-component---newCondition--condCurr-arrow"}]}
RESULT: {"script":"<script> [1562 bytes]","args":[{"selector":{"id":"application-manageconditionprice-display-component---newCondition--condCurr-arrow"},"wdio_ui5_key":"applicationmanageconditionprice-display-component---newCondition--condCurr-arrow"}]}
RESULT: undefined
COMMAND: POST /session/baa8cc8c703ae50a3cfee07d32ab3bfd/element - {"using":"xpath","value":"//*[@id=\"application-manageconditionprice-display-component---newCondition--condCurr-arrow\"]"}
RESULT: {"using":"xpath","value":"//*[@id=\"application-manageconditionprice-display-component---newCondition--condCurr-arrow\"]"}
COMMAND: POST /session/baa8cc8c703ae50a3cfee07d32ab3bfd/element/f.A7D77B31E8FD2DE6ABF8E388F5FFE54F.d.5E7BDEC341D0E3290D796A0715021E78.e.16091/click - {}
RESULT: {}
COMMAND: POST /session/baa8cc8c703ae50a3cfee07d32ab3bfd/element - {"using":"xpath","value":"//span[contains(text(), \"Euro\")]"}
COMMAND: GET /session/baa8cc8c703ae50a3cfee07d32ab3bfd/screenshot - {}
RESULT: {"using":"xpath","value":"//span[contains(text(), \"Euro\")]"}
COMMAND: POST /session/baa8cc8c703ae50a3cfee07d32ab3bfd/element/f.A7D77B31E8FD2DE6ABF8E388F5FFE54F.d.5E7BDEC341D0E3290D796A0715021E78.e.16145/click - {}
RESULT: {}
RESULT: {}
COMMAND: POST /session/baa8cc8c703ae50a3cfee07d32ab3bfd/element - {"using":"xpath","value":"//button[@data-kt=\"saveButton\"]"}
COMMAND: GET /session/baa8cc8c703ae50a3cfee07d32ab3bfd/screenshot - {}
RESULT: {"using":"xpath","value":"//button[@data-kt=\"saveButton\"]"}
COMMAND: POST /session/baa8cc8c703ae50a3cfee07d32ab3bfd/element/f.A7D77B31E8FD2DE6ABF8E388F5FFE54F.d.5E7BDEC341D0E3290D796A0715021E78.e.16092/click - {}
RESULT: {}
RESULT: {}
COMMAND: GET /session/baa8cc8c703ae50a3cfee07d32ab3bfd/screenshot - {}
RESULT: {}
COMMAND: POST /session/baa8cc8c703ae50a3cfee07d32ab3bfd/execute/async - {"script":"<script> [1562 bytes]","args":[{"selector":{"id":"application-manageconditionprice-display-component---conditions--smartFilterBar-btnBasicSearch","interaction":{"idSuffix":"I"}},"wdio_ui5_key":"applicationmanageconditionprice-display-component---conditions--smartFilterBar-btnBasicSearch"}]}
RESULT: {"script":"<script> [1562 bytes]","args":[{"selector":{"id":"application-manageconditionprice-display-component---conditions--smartFilterBar-btnBasicSearch","interaction":{"idSuffix":"I"}},"wdio_ui5_key":"applicationmanageconditionprice-display-component---conditions--smartFilterBar-btnBasicSearch"}]}
RESULT: undefined
COMMAND: POST /session/baa8cc8c703ae50a3cfee07d32ab3bfd/execute/async - {"script":"<script> [776 bytes]","args":[{"enterText":"PEqXpqZnv7","selector":{"id":"application-manageconditionprice-display-component---conditions--smartFilterBar-btnBasicSearch","interaction":{"idSuffix":"I"}},"clearTextFirst":true,"interactionType":"ENTER_TEXT"}]}
RESULT: {"script":"<script> [776 bytes]","args":[{"enterText":"PEqXpqZnv7","selector":{"id":"application-manageconditionprice-display-component---conditions--smartFilterBar-btnBasicSearch","interaction":{"idSuffix":"I"}},"clearTextFirst":true,"interactionType":"ENTER_TEXT"}]}
COMMAND: POST /session/baa8cc8c703ae50a3cfee07d32ab3bfd/actions - {"actions":[{"id":"action54","type":"key","parameters":{},"actions":[{"type":"keyDown","value":""},{"type":"pause","duration":10},{"type":"keyUp","value":""}]}]}
RESULT: {"actions":[{"id":"action54","type":"key","parameters":{},"actions":[{"type":"keyDown","value":""},{"type":"pause","duration":10},{"type":"keyUp","value":""}]}]}
COMMAND: GET /session/baa8cc8c703ae50a3cfee07d32ab3bfd/screenshot - {}
RESULT: {}
COMMAND: POST /session/baa8cc8c703ae50a3cfee07d32ab3bfd/execute/async - {"script":"<script> [1562 bytes]","args":[{"selector":{"id":"application-manageconditionprice-display-component---conditions--smartFilterBar-filterItemControl_BASIC-BILL_TYPES-vhi"},"wdio_ui5_key":"applicationmanageconditionprice-display-component---conditions--smartFilterBar-filterItemControl_BASIC-BILL_TYPES-vhi"}]}
RESULT: {"script":"<script> [1562 bytes]","args":[{"selector":{"id":"application-manageconditionprice-display-component---conditions--smartFilterBar-filterItemControl_BASIC-BILL_TYPES-vhi"},"wdio_ui5_key":"applicationmanageconditionprice-display-component---conditions--smartFilterBar-filterItemControl_BASIC-BILL_TYPES-vhi"}]}
RESULT: undefined
COMMAND: POST /session/baa8cc8c703ae50a3cfee07d32ab3bfd/element - {"using":"xpath","value":"//*[@id=\"application-manageconditionprice-display-component---conditions--smartFilterBar-filterItemControl_BASIC-BILL_TYPES-vhi\"]"}
RESULT: {"using":"xpath","value":"//*[@id=\"application-manageconditionprice-display-component---conditions--smartFilterBar-filterItemControl_BASIC-BILL_TYPES-vhi\"]"}
COMMAND: POST /session/baa8cc8c703ae50a3cfee07d32ab3bfd/element/f.A7D77B31E8FD2DE6ABF8E388F5FFE54F.d.5E7BDEC341D0E3290D796A0715021E78.e.16240/click - {}
RESULT: {}
COMMAND: POST /session/baa8cc8c703ae50a3cfee07d32ab3bfd/execute/async - {"script":"<script> [1562 bytes]","args":[{"selector":{"id":"application-manageconditionprice-display-component---conditions--smartFilterBar-filterItemControl_BASIC-BILL_TYPES-valueHelpDialog-smartFilterBar-btnBasicSearch","searchOpenDialogs":true,"interaction":{"idSuffix":"I"}},"wdio_ui5_key":"applicationmanageconditionprice-display-component---conditions--smartFilterBar-filterItemControl_BASIC-BILL_TYPES-valueHelpDialog-smartFilterBar-btnBasicSearch"}]}
COMMAND: GET /session/baa8cc8c703ae50a3cfee07d32ab3bfd/screenshot - {}
RESULT: {"script":"<script> [1562 bytes]","args":[{"selector":{"id":"application-manageconditionprice-display-component---conditions--smartFilterBar-filterItemControl_BASIC-BILL_TYPES-valueHelpDialog-smartFilterBar-btnBasicSearch","searchOpenDialogs":true,"interaction":{"idSuffix":"I"}},"wdio_ui5_key":"applicationmanageconditionprice-display-component---conditions--smartFilterBar-filterItemControl_BASIC-BILL_TYPES-valueHelpDialog-smartFilterBar-btnBasicSearch"}]}
RESULT: undefined
COMMAND: POST /session/baa8cc8c703ae50a3cfee07d32ab3bfd/execute/async - {"script":"<script> [776 bytes]","args":[{"enterText":"PB","selector":{"id":"application-manageconditionprice-display-component---conditions--smartFilterBar-filterItemControl_BASIC-BILL_TYPES-valueHelpDialog-smartFilterBar-btnBasicSearch","searchOpenDialogs":true,"interaction":{"idSuffix":"I"}},"clearTextFirst":true,"interactionType":"ENTER_TEXT"}]}
RESULT: {}
RESULT: {"script":"<script> [776 bytes]","args":[{"enterText":"PB","selector":{"id":"application-manageconditionprice-display-component---conditions--smartFilterBar-filterItemControl_BASIC-BILL_TYPES-valueHelpDialog-smartFilterBar-btnBasicSearch","searchOpenDialogs":true,"interaction":{"idSuffix":"I"}},"clearTextFirst":true,"interactionType":"ENTER_TEXT"}]}
COMMAND: POST /session/baa8cc8c703ae50a3cfee07d32ab3bfd/actions - {"actions":[{"id":"action55","type":"key","parameters":{},"actions":[{"type":"keyDown","value":""},{"type":"pause","duration":10},{"type":"keyUp","value":""}]}]}
RESULT: {"actions":[{"id":"action55","type":"key","parameters":{},"actions":[{"type":"keyDown","value":""},{"type":"pause","duration":10},{"type":"keyUp","value":""}]}]}
COMMAND: GET /session/baa8cc8c703ae50a3cfee07d32ab3bfd/screenshot - {}
RESULT: {}
COMMAND: POST /session/baa8cc8c703ae50a3cfee07d32ab3bfd/element - {"using":"xpath","value":"//div[contains(@id, 'application-manageconditionprice-display-component---conditions--smartFilterBar-filterItemControl_BASIC-BILL_TYPES-valueHelpDialog-table-rowsel0')]"}
RESULT: {"using":"xpath","value":"//div[contains(@id, 'application-manageconditionprice-display-component---conditions--smartFilterBar-filterItemControl_BASIC-BILL_TYPES-valueHelpDialog-table-rowsel0')]"}
COMMAND: POST /session/baa8cc8c703ae50a3cfee07d32ab3bfd/element/f.A7D77B31E8FD2DE6ABF8E388F5FFE54F.d.5E7BDEC341D0E3290D796A0715021E78.e.16250/click - {}
RESULT: {}
COMMAND: GET /session/baa8cc8c703ae50a3cfee07d32ab3bfd/screenshot - {}
RESULT: {}
COMMAND: POST /session/baa8cc8c703ae50a3cfee07d32ab3bfd/element - {"using":"xpath","value":"//bdi[contains(text(), \"OK\")]"}
RESULT: {"using":"xpath","value":"//bdi[contains(text(), \"OK\")]"}
COMMAND: POST /session/baa8cc8c703ae50a3cfee07d32ab3bfd/element/f.A7D77B31E8FD2DE6ABF8E388F5FFE54F.d.5E7BDEC341D0E3290D796A0715021E78.e.16252/click - {}
RESULT: {}
COMMAND: GET /session/baa8cc8c703ae50a3cfee07d32ab3bfd/screenshot - {}
RESULT: {}
COMMAND: POST /session/baa8cc8c703ae50a3cfee07d32ab3bfd/element - {"using":"xpath","value":"//span[@id=\"application-manageconditionprice-display-component---conditions--smartTable-header-inner\"]"}
RESULT: {"using":"xpath","value":"//span[@id=\"application-manageconditionprice-display-component---conditions--smartTable-header-inner\"]"}
COMMAND: POST /session/baa8cc8c703ae50a3cfee07d32ab3bfd/elements - {"using":"xpath","value":"//span[@id=\"application-manageconditionprice-display-component---conditions--smartTable-header-inner\"]"}
RESULT: {"using":"xpath","value":"//span[@id=\"application-manageconditionprice-display-component---conditions--smartTable-header-inner\"]"}
COMMAND: POST /session/baa8cc8c703ae50a3cfee07d32ab3bfd/execute/sync - {"script":"<script> [56 bytes]","args":[{"element-6066-11e4-a52e-4f735466cecf":"f.A7D77B31E8FD2DE6ABF8E388F5FFE54F.d.5E7BDEC341D0E3290D796A0715021E78.e.16255","ELEMENT":"f.A7D77B31E8FD2DE6ABF8E388F5FFE54F.d.5E7BDEC341D0E3290D796A0715021E78.e.16255"}]}
RESULT: {"script":"<script> [56 bytes]","args":[{"element-6066-11e4-a52e-4f735466cecf":"f.A7D77B31E8FD2DE6ABF8E388F5FFE54F.d.5E7BDEC341D0E3290D796A0715021E78.e.16255","ELEMENT":"f.A7D77B31E8FD2DE6ABF8E388F5FFE54F.d.5E7BDEC341D0E3290D796A0715021E78.e.16255"}]}
COMMAND: POST /session/baa8cc8c703ae50a3cfee07d32ab3bfd/element - {"using":"css selector","value":"#shell-header-logo"}
COMMAND: GET /session/baa8cc8c703ae50a3cfee07d32ab3bfd/screenshot - {}
RESULT: {"using":"css selector","value":"#shell-header-logo"}
COMMAND: POST /session/baa8cc8c703ae50a3cfee07d32ab3bfd/element/f.A7D77B31E8FD2DE6ABF8E388F5FFE54F.d.5E7BDEC341D0E3290D796A0715021E78.e.15895/click - {}
RESULT: {}
RESULT: {}
COMMAND: GET /session/baa8cc8c703ae50a3cfee07d32ab3bfd/screenshot - {}
RESULT: {}
]]></system-out>
    </testcase>
    <testcase classname="chrome.135_0_7049_42.windows.Performance_based_billing_(work_days)_US139742" name="Should add a counter to the equipment" time="54.538">
      <system-out><![CDATA[
RESULT: undefined
COMMAND: POST /session/baa8cc8c703ae50a3cfee07d32ab3bfd/element - {"using":"xpath","value":"//*[@id=\"__tile39\"]"}
RESULT: {"using":"xpath","value":"//*[@id=\"__tile39\"]"}
COMMAND: POST /session/baa8cc8c703ae50a3cfee07d32ab3bfd/element/f.A7D77B31E8FD2DE6ABF8E388F5FFE54F.d.5E7BDEC341D0E3290D796A0715021E78.e.14922/click - {}
RESULT: {}
COMMAND: POST /session/baa8cc8c703ae50a3cfee07d32ab3bfd/execute/async - {"script":"<script> [1562 bytes]","args":[{"selector":{"id":"application-manageresources-display-component---masterRU--smartFilterBar-btnBasicSearch","interaction":{"idSuffix":"I"}},"wdio_ui5_key":"applicationmanageresources-display-component---masterRU--smartFilterBar-btnBasicSearch"}]}
COMMAND: GET /session/baa8cc8c703ae50a3cfee07d32ab3bfd/screenshot - {}
RESULT: undefined
RESULT: undefined
RESULT: {"script":"<script> [1562 bytes]","args":[{"selector":{"id":"application-manageresources-display-component---masterRU--smartFilterBar-btnBasicSearch","interaction":{"idSuffix":"I"}},"wdio_ui5_key":"applicationmanageresources-display-component---masterRU--smartFilterBar-btnBasicSearch"}]}
RESULT: undefined
COMMAND: POST /session/baa8cc8c703ae50a3cfee07d32ab3bfd/execute/async - {"script":"<script> [776 bytes]","args":[{"enterText":"PEqXpqZnv7","selector":{"id":"application-manageresources-display-component---masterRU--smartFilterBar-btnBasicSearch","interaction":{"idSuffix":"I"}},"clearTextFirst":true,"interactionType":"ENTER_TEXT"}]}
RESULT: {}
RESULT: {"script":"<script> [776 bytes]","args":[{"enterText":"PEqXpqZnv7","selector":{"id":"application-manageresources-display-component---masterRU--smartFilterBar-btnBasicSearch","interaction":{"idSuffix":"I"}},"clearTextFirst":true,"interactionType":"ENTER_TEXT"}]}
COMMAND: POST /session/baa8cc8c703ae50a3cfee07d32ab3bfd/actions - {"actions":[{"id":"action56","type":"key","parameters":{},"actions":[{"type":"keyDown","value":""},{"type":"pause","duration":10},{"type":"keyUp","value":""}]}]}
RESULT: {"actions":[{"id":"action56","type":"key","parameters":{},"actions":[{"type":"keyDown","value":""},{"type":"pause","duration":10},{"type":"keyUp","value":""}]}]}
COMMAND: GET /session/baa8cc8c703ae50a3cfee07d32ab3bfd/screenshot - {}
RESULT: {}
COMMAND: POST /session/baa8cc8c703ae50a3cfee07d32ab3bfd/execute/async - {"script":"<script> [1562 bytes]","args":[{"selector":{"id":"application-manageresources-display-component---masterRU--smartTable-header"},"wdio_ui5_key":"applicationmanageresources-display-component---masterRU--smartTable-header"}]}
RESULT: {"script":"<script> [1562 bytes]","args":[{"selector":{"id":"application-manageresources-display-component---masterRU--smartTable-header"},"wdio_ui5_key":"applicationmanageresources-display-component---masterRU--smartTable-header"}]}
RESULT: undefined
COMMAND: POST /session/baa8cc8c703ae50a3cfee07d32ab3bfd/execute/async - {"script":"<script> [6424 bytes]","args":[{"element-6066-11e4-a52e-4f735466cecf":"f.A7D77B31E8FD2DE6ABF8E388F5FFE54F.d.5E7BDEC341D0E3290D796A0715021E78.e.16455"},"getText",[]]}
RESULT: {"script":"<script> [6424 bytes]","args":[{"element-6066-11e4-a52e-4f735466cecf":"f.A7D77B31E8FD2DE6ABF8E388F5FFE54F.d.5E7BDEC341D0E3290D796A0715021E78.e.16455"},"getText",[]]}
COMMAND: POST /session/baa8cc8c703ae50a3cfee07d32ab3bfd/execute/async - {"script":"<script> [1562 bytes]","args":[{"selector":{"controlType":"sap.ui.core.Icon","viewName":"etm.portal.ui.manageresources.view.Master","viewId":"application-manageresources-display-component---masterRU","properties":{"src":{"regex":{"source":"slim\\-arrow\\-right"}}}},"wdio_ui5_key":"etmportal.ui.manageresources.view.Mastersap.ui.core.Icon{\"src\":{\"regex\":{\"source\":\"slim\\\\-arrow\\\\-right\"}}}"}]}
RESULT: {"script":"<script> [1562 bytes]","args":[{"selector":{"controlType":"sap.ui.core.Icon","viewName":"etm.portal.ui.manageresources.view.Master","viewId":"application-manageresources-display-component---masterRU","properties":{"src":{"regex":{"source":"slim\\-arrow\\-right"}}}},"wdio_ui5_key":"etmportal.ui.manageresources.view.Mastersap.ui.core.Icon{\"src\":{\"regex\":{\"source\":\"slim\\\\-arrow\\\\-right\"}}}"}]}
RESULT: undefined
COMMAND: POST /session/baa8cc8c703ae50a3cfee07d32ab3bfd/element - {"using":"xpath","value":"//*[@id=\"__item1207-__clone3192-imgNav\"]"}
RESULT: {"using":"xpath","value":"//*[@id=\"__item1207-__clone3192-imgNav\"]"}
COMMAND: POST /session/baa8cc8c703ae50a3cfee07d32ab3bfd/element/f.A7D77B31E8FD2DE6ABF8E388F5FFE54F.d.5E7BDEC341D0E3290D796A0715021E78.e.16454/click - {}
RESULT: {}
COMMAND: GET /session/baa8cc8c703ae50a3cfee07d32ab3bfd/screenshot - {}
RESULT: {}
COMMAND: POST /session/baa8cc8c703ae50a3cfee07d32ab3bfd/element - {"using":"xpath","value":"//bdi[contains(text(), \"Edit\")]"}
RESULT: {"using":"xpath","value":"//bdi[contains(text(), \"Edit\")]"}
COMMAND: POST /session/baa8cc8c703ae50a3cfee07d32ab3bfd/execute/sync - {"script":"<script> [8489 bytes]","args":[{"element-6066-11e4-a52e-4f735466cecf":"f.A7D77B31E8FD2DE6ABF8E388F5FFE54F.d.5E7BDEC341D0E3290D796A0715021E78.e.16563","ELEMENT":"f.A7D77B31E8FD2DE6ABF8E388F5FFE54F.d.5E7BDEC341D0E3290D796A0715021E78.e.16563"}]}
RESULT: {"script":"<script> [8489 bytes]","args":[{"element-6066-11e4-a52e-4f735466cecf":"f.A7D77B31E8FD2DE6ABF8E388F5FFE54F.d.5E7BDEC341D0E3290D796A0715021E78.e.16563","ELEMENT":"f.A7D77B31E8FD2DE6ABF8E388F5FFE54F.d.5E7BDEC341D0E3290D796A0715021E78.e.16563"}]}
COMMAND: POST /session/baa8cc8c703ae50a3cfee07d32ab3bfd/element/f.A7D77B31E8FD2DE6ABF8E388F5FFE54F.d.5E7BDEC341D0E3290D796A0715021E78.e.16563/click - {}
COMMAND: GET /session/baa8cc8c703ae50a3cfee07d32ab3bfd/screenshot - {}
RESULT: {}
COMMAND: GET /session/baa8cc8c703ae50a3cfee07d32ab3bfd/screenshot - {}
RESULT: {}
COMMAND: POST /session/baa8cc8c703ae50a3cfee07d32ab3bfd/execute/async - {"script":"<script> [1562 bytes]","args":[{"selector":{"id":"application-manageresources-display-component---editResource--editRruPage-anchBar-application-manageresources-display-component---editResource--counters-anchor","interaction":{"idSuffix":"BDI-content"}},"wdio_ui5_key":"applicationmanageresources-display-component---editResource--editRruPage-anchBar-application-manageresources-display-component---editResource--counters-anchor"}]}
RESULT: {}
RESULT: {"script":"<script> [1562 bytes]","args":[{"selector":{"id":"application-manageresources-display-component---editResource--editRruPage-anchBar-application-manageresources-display-component---editResource--counters-anchor","interaction":{"idSuffix":"BDI-content"}},"wdio_ui5_key":"applicationmanageresources-display-component---editResource--editRruPage-anchBar-application-manageresources-display-component---editResource--counters-anchor"}]}
RESULT: undefined
COMMAND: POST /session/baa8cc8c703ae50a3cfee07d32ab3bfd/element - {"using":"xpath","value":"//*[@id=\"application-manageresources-display-component---editResource--editRruPage-anchBar-application-manageresources-display-component---editResource--counters-anchor\"]"}
RESULT: {"using":"xpath","value":"//*[@id=\"application-manageresources-display-component---editResource--editRruPage-anchBar-application-manageresources-display-component---editResource--counters-anchor\"]"}
COMMAND: POST /session/baa8cc8c703ae50a3cfee07d32ab3bfd/element/f.A7D77B31E8FD2DE6ABF8E388F5FFE54F.d.5E7BDEC341D0E3290D796A0715021E78.e.16713/click - {}
RESULT: {}
COMMAND: GET /session/baa8cc8c703ae50a3cfee07d32ab3bfd/screenshot - {}
RESULT: {}
COMMAND: POST /session/baa8cc8c703ae50a3cfee07d32ab3bfd/execute/async - {"script":"<script> [1562 bytes]","args":[{"selector":{"id":"application-manageresources-display-component---editResource--btnAddCounter-img"},"wdio_ui5_key":"applicationmanageresources-display-component---editResource--btnAddCounter-img"}]}
RESULT: {"script":"<script> [1562 bytes]","args":[{"selector":{"id":"application-manageresources-display-component---editResource--btnAddCounter-img"},"wdio_ui5_key":"applicationmanageresources-display-component---editResource--btnAddCounter-img"}]}
RESULT: undefined
COMMAND: POST /session/baa8cc8c703ae50a3cfee07d32ab3bfd/element - {"using":"xpath","value":"//*[@id=\"application-manageresources-display-component---editResource--btnAddCounter-img\"]"}
RESULT: {"using":"xpath","value":"//*[@id=\"application-manageresources-display-component---editResource--btnAddCounter-img\"]"}
COMMAND: POST /session/baa8cc8c703ae50a3cfee07d32ab3bfd/element/f.A7D77B31E8FD2DE6ABF8E388F5FFE54F.d.5E7BDEC341D0E3290D796A0715021E78.e.16719/click - {}
RESULT: {}
COMMAND: POST /session/baa8cc8c703ae50a3cfee07d32ab3bfd/execute/async - {"script":"<script> [1562 bytes]","args":[{"selector":{"id":"application-manageresources-display-component---editResource--COUNTER_ID-application-manageresources-display-component---editResource--RUCounters-0-arrow"},"wdio_ui5_key":"applicationmanageresources-display-component---editResource--COUNTER_ID-application-manageresources-display-component---editResource--RUCounters-0-arrow"}]}
COMMAND: GET /session/baa8cc8c703ae50a3cfee07d32ab3bfd/screenshot - {}
RESULT: {"script":"<script> [1562 bytes]","args":[{"selector":{"id":"application-manageresources-display-component---editResource--COUNTER_ID-application-manageresources-display-component---editResource--RUCounters-0-arrow"},"wdio_ui5_key":"applicationmanageresources-display-component---editResource--COUNTER_ID-application-manageresources-display-component---editResource--RUCounters-0-arrow"}]}
RESULT: undefined
COMMAND: POST /session/baa8cc8c703ae50a3cfee07d32ab3bfd/element - {"using":"xpath","value":"//*[@id=\"application-manageresources-display-component---editResource--COUNTER_ID-application-manageresources-display-component---editResource--RUCounters-0-arrow\"]"}
RESULT: {}
RESULT: {"using":"xpath","value":"//*[@id=\"application-manageresources-display-component---editResource--COUNTER_ID-application-manageresources-display-component---editResource--RUCounters-0-arrow\"]"}
COMMAND: POST /session/baa8cc8c703ae50a3cfee07d32ab3bfd/element/f.A7D77B31E8FD2DE6ABF8E388F5FFE54F.d.5E7BDEC341D0E3290D796A0715021E78.e.16732/click - {}
RESULT: {}
COMMAND: POST /session/baa8cc8c703ae50a3cfee07d32ab3bfd/execute/async - {"script":"<script> [1562 bytes]","args":[{"selector":{"controlType":"sap.m.StandardListItem","viewName":"etm.portal.ui.manageresources.view.EditResource","viewId":"application-manageresources-display-component---editResource","properties":{"title":"fuel"},"searchOpenDialogs":true,"interaction":{"idSuffix":"content"}},"wdio_ui5_key":"etmportal.ui.manageresources.view.EditResourcesap.m.StandardListItem{\"title\":\"fuel\"}"}]}
COMMAND: GET /session/baa8cc8c703ae50a3cfee07d32ab3bfd/screenshot - {}
RESULT: {"script":"<script> [1562 bytes]","args":[{"selector":{"controlType":"sap.m.StandardListItem","viewName":"etm.portal.ui.manageresources.view.EditResource","viewId":"application-manageresources-display-component---editResource","properties":{"title":"fuel"},"searchOpenDialogs":true,"interaction":{"idSuffix":"content"}},"wdio_ui5_key":"etmportal.ui.manageresources.view.EditResourcesap.m.StandardListItem{\"title\":\"fuel\"}"}]}
RESULT: undefined
COMMAND: POST /session/baa8cc8c703ae50a3cfee07d32ab3bfd/element - {"using":"xpath","value":"//*[@id=\"__item1512\"]"}
RESULT: {}
RESULT: {"using":"xpath","value":"//*[@id=\"__item1512\"]"}
COMMAND: POST /session/baa8cc8c703ae50a3cfee07d32ab3bfd/element/f.A7D77B31E8FD2DE6ABF8E388F5FFE54F.d.5E7BDEC341D0E3290D796A0715021E78.e.16734/click - {}
RESULT: {}
COMMAND: POST /session/baa8cc8c703ae50a3cfee07d32ab3bfd/execute/async - {"script":"<script> [1562 bytes]","args":[{"selector":{"controlType":"sap.m.Button","viewName":"etm.portal.ui.manageresources.view.EditResource","viewId":"application-manageresources-display-component---editResource","i18NText":{"propertyName":"text","key":"save"},"interaction":{"idSuffix":"BDI-content"}},"wdio_ui5_key":"etmportal.ui.manageresources.view.EditResourcesap.m.Button{\"propertyName\":\"text\",\"key\":\"save\"}"}]}
COMMAND: GET /session/baa8cc8c703ae50a3cfee07d32ab3bfd/screenshot - {}
RESULT: {"script":"<script> [1562 bytes]","args":[{"selector":{"controlType":"sap.m.Button","viewName":"etm.portal.ui.manageresources.view.EditResource","viewId":"application-manageresources-display-component---editResource","i18NText":{"propertyName":"text","key":"save"},"interaction":{"idSuffix":"BDI-content"}},"wdio_ui5_key":"etmportal.ui.manageresources.view.EditResourcesap.m.Button{\"propertyName\":\"text\",\"key\":\"save\"}"}]}
RESULT: undefined
COMMAND: POST /session/baa8cc8c703ae50a3cfee07d32ab3bfd/element - {"using":"xpath","value":"//*[@id=\"__button192\"]"}
RESULT: {}
RESULT: {"using":"xpath","value":"//*[@id=\"__button192\"]"}
COMMAND: POST /session/baa8cc8c703ae50a3cfee07d32ab3bfd/element/f.A7D77B31E8FD2DE6ABF8E388F5FFE54F.d.5E7BDEC341D0E3290D796A0715021E78.e.16736/click - {}
RESULT: {}
COMMAND: GET /session/baa8cc8c703ae50a3cfee07d32ab3bfd/screenshot - {}
RESULT: {}
COMMAND: POST /session/baa8cc8c703ae50a3cfee07d32ab3bfd/element - {"using":"css selector","value":"#shell-header-logo"}
RESULT: {"using":"css selector","value":"#shell-header-logo"}
COMMAND: POST /session/baa8cc8c703ae50a3cfee07d32ab3bfd/element/f.A7D77B31E8FD2DE6ABF8E388F5FFE54F.d.5E7BDEC341D0E3290D796A0715021E78.e.16261/click - {}
RESULT: {}
COMMAND: GET /session/baa8cc8c703ae50a3cfee07d32ab3bfd/screenshot - {}
RESULT: {}
]]></system-out>
    </testcase>
    <testcase classname="chrome.135_0_7049_42.windows.Performance_based_billing_(work_days)_US139742" name="Should do a stock increase on the yard for the equipment" time="75.992">
      <system-out><![CDATA[
COMMAND: POST /session/baa8cc8c703ae50a3cfee07d32ab3bfd/execute/async - {"script":"<script> [1562 bytes]","args":[{"selector":{"controlType":"sap.m.Text","viewName":"etm.portal.ui.managehandoverstile.view.Master","properties":{"text":"Manage Handovers"},"interaction":{"idSuffix":"inner"}},"wdio_ui5_key":"etmportal.ui.managehandoverstile.view.Mastersap.m.Text{\"text\":\"Manage Handovers\"}"}]}
RESULT: {"script":"<script> [1562 bytes]","args":[{"selector":{"controlType":"sap.m.Text","viewName":"etm.portal.ui.managehandoverstile.view.Master","properties":{"text":"Manage Handovers"},"interaction":{"idSuffix":"inner"}},"wdio_ui5_key":"etmportal.ui.managehandoverstile.view.Mastersap.m.Text{\"text\":\"Manage Handovers\"}"}]}
RESULT: undefined
COMMAND: POST /session/baa8cc8c703ae50a3cfee07d32ab3bfd/element - {"using":"xpath","value":"//*[@id=\"__tile131-title\"]"}
RESULT: {"using":"xpath","value":"//*[@id=\"__tile131-title\"]"}
COMMAND: POST /session/baa8cc8c703ae50a3cfee07d32ab3bfd/element/f.A7D77B31E8FD2DE6ABF8E388F5FFE54F.d.5E7BDEC341D0E3290D796A0715021E78.e.16750/click - {}
RESULT: {}
COMMAND: POST /session/baa8cc8c703ae50a3cfee07d32ab3bfd/element - {"using":"xpath","value":"//button[@data-kt=\"masterHOAddButton\"]"}
COMMAND: GET /session/baa8cc8c703ae50a3cfee07d32ab3bfd/screenshot - {}
RESULT: {"using":"xpath","value":"//button[@data-kt=\"masterHOAddButton\"]"}
COMMAND: POST /session/baa8cc8c703ae50a3cfee07d32ab3bfd/elements - {"using":"xpath","value":"//button[@data-kt=\"masterHOAddButton\"]"}
RESULT: {}
RESULT: {"using":"xpath","value":"//button[@data-kt=\"masterHOAddButton\"]"}
COMMAND: POST /session/baa8cc8c703ae50a3cfee07d32ab3bfd/elements - {"using":"xpath","value":"//button[@data-kt=\"masterHOAddButton\"]"}
RESULT: {"using":"xpath","value":"//button[@data-kt=\"masterHOAddButton\"]"}
COMMAND: POST /session/baa8cc8c703ae50a3cfee07d32ab3bfd/element - {"using":"xpath","value":"//button[@data-kt=\"masterHOAddButton\"]"}
RESULT: {"using":"xpath","value":"//button[@data-kt=\"masterHOAddButton\"]"}
COMMAND: POST /session/baa8cc8c703ae50a3cfee07d32ab3bfd/execute/sync - {"script":"<script> [8489 bytes]","args":[{"element-6066-11e4-a52e-4f735466cecf":"f.A7D77B31E8FD2DE6ABF8E388F5FFE54F.d.5E7BDEC341D0E3290D796A0715021E78.e.16780","ELEMENT":"f.A7D77B31E8FD2DE6ABF8E388F5FFE54F.d.5E7BDEC341D0E3290D796A0715021E78.e.16780"}]}
RESULT: {"script":"<script> [8489 bytes]","args":[{"element-6066-11e4-a52e-4f735466cecf":"f.A7D77B31E8FD2DE6ABF8E388F5FFE54F.d.5E7BDEC341D0E3290D796A0715021E78.e.16780","ELEMENT":"f.A7D77B31E8FD2DE6ABF8E388F5FFE54F.d.5E7BDEC341D0E3290D796A0715021E78.e.16780"}]}
COMMAND: GET /session/baa8cc8c703ae50a3cfee07d32ab3bfd/element/f.A7D77B31E8FD2DE6ABF8E388F5FFE54F.d.5E7BDEC341D0E3290D796A0715021E78.e.16780/enabled - {}
COMMAND: GET /session/baa8cc8c703ae50a3cfee07d32ab3bfd/screenshot - {}
RESULT: {}
COMMAND: POST /session/baa8cc8c703ae50a3cfee07d32ab3bfd/execute/sync - {"script":"<script> [8489 bytes]","args":[{"element-6066-11e4-a52e-4f735466cecf":"f.A7D77B31E8FD2DE6ABF8E388F5FFE54F.d.5E7BDEC341D0E3290D796A0715021E78.e.16780","ELEMENT":"f.A7D77B31E8FD2DE6ABF8E388F5FFE54F.d.5E7BDEC341D0E3290D796A0715021E78.e.16780"}]}
COMMAND: GET /session/baa8cc8c703ae50a3cfee07d32ab3bfd/screenshot - {}
RESULT: {}
RESULT: {"script":"<script> [8489 bytes]","args":[{"element-6066-11e4-a52e-4f735466cecf":"f.A7D77B31E8FD2DE6ABF8E388F5FFE54F.d.5E7BDEC341D0E3290D796A0715021E78.e.16780","ELEMENT":"f.A7D77B31E8FD2DE6ABF8E388F5FFE54F.d.5E7BDEC341D0E3290D796A0715021E78.e.16780"}]}
COMMAND: POST /session/baa8cc8c703ae50a3cfee07d32ab3bfd/execute/sync - {"script":"<script> [5351 bytes]","args":[{"element-6066-11e4-a52e-4f735466cecf":"f.A7D77B31E8FD2DE6ABF8E388F5FFE54F.d.5E7BDEC341D0E3290D796A0715021E78.e.16780","ELEMENT":"f.A7D77B31E8FD2DE6ABF8E388F5FFE54F.d.5E7BDEC341D0E3290D796A0715021E78.e.16780"}]}
COMMAND: GET /session/baa8cc8c703ae50a3cfee07d32ab3bfd/screenshot - {}
RESULT: {}
RESULT: {"script":"<script> [5351 bytes]","args":[{"element-6066-11e4-a52e-4f735466cecf":"f.A7D77B31E8FD2DE6ABF8E388F5FFE54F.d.5E7BDEC341D0E3290D796A0715021E78.e.16780","ELEMENT":"f.A7D77B31E8FD2DE6ABF8E388F5FFE54F.d.5E7BDEC341D0E3290D796A0715021E78.e.16780"}]}
COMMAND: POST /session/baa8cc8c703ae50a3cfee07d32ab3bfd/element/f.A7D77B31E8FD2DE6ABF8E388F5FFE54F.d.5E7BDEC341D0E3290D796A0715021E78.e.16780/click - {}
COMMAND: GET /session/baa8cc8c703ae50a3cfee07d32ab3bfd/screenshot - {}
RESULT: {}
RESULT: {}
COMMAND: GET /session/baa8cc8c703ae50a3cfee07d32ab3bfd/screenshot - {}
RESULT: {}
RESULT: {}
COMMAND: POST /session/baa8cc8c703ae50a3cfee07d32ab3bfd/element - {"using":"xpath","value":"//span[contains(@id ,\"AddNewHO--typeSelect-arrow\")]"}
RESULT: {"using":"xpath","value":"//span[contains(@id ,\"AddNewHO--typeSelect-arrow\")]"}
COMMAND: POST /session/baa8cc8c703ae50a3cfee07d32ab3bfd/element/f.A7D77B31E8FD2DE6ABF8E388F5FFE54F.d.5E7BDEC341D0E3290D796A0715021E78.e.17124/click - {}
RESULT: {}
COMMAND: GET /session/baa8cc8c703ae50a3cfee07d32ab3bfd/screenshot - {}
RESULT: {}
COMMAND: POST /session/baa8cc8c703ae50a3cfee07d32ab3bfd/element - {"using":"xpath","value":"(//li[contains(text(), \"stock increase yard\")])[1]"}
RESULT: {"using":"xpath","value":"(//li[contains(text(), \"stock increase yard\")])[1]"}
COMMAND: POST /session/baa8cc8c703ae50a3cfee07d32ab3bfd/element/f.A7D77B31E8FD2DE6ABF8E388F5FFE54F.d.5E7BDEC341D0E3290D796A0715021E78.e.17125/click - {}
RESULT: {}
COMMAND: GET /session/baa8cc8c703ae50a3cfee07d32ab3bfd/screenshot - {}
RESULT: {}
COMMAND: POST /session/baa8cc8c703ae50a3cfee07d32ab3bfd/execute/async - {"script":"<script> [1562 bytes]","args":[{"selector":{"id":"application-managehandovers-display-component---AddNewHO--dueDate","interaction":{"idSuffix":"inner"}},"wdio_ui5_key":"applicationmanagehandovers-display-component---AddNewHO--dueDate"}]}
RESULT: {"script":"<script> [1562 bytes]","args":[{"selector":{"id":"application-managehandovers-display-component---AddNewHO--dueDate","interaction":{"idSuffix":"inner"}},"wdio_ui5_key":"applicationmanagehandovers-display-component---AddNewHO--dueDate"}]}
RESULT: undefined
COMMAND: POST /session/baa8cc8c703ae50a3cfee07d32ab3bfd/execute/async - {"script":"<script> [6424 bytes]","args":[{"element-6066-11e4-a52e-4f735466cecf":"f.A7D77B31E8FD2DE6ABF8E388F5FFE54F.d.5E7BDEC341D0E3290D796A0715021E78.e.17127"},"setValue",["04/23/2025"]]}
RESULT: {"script":"<script> [6424 bytes]","args":[{"element-6066-11e4-a52e-4f735466cecf":"f.A7D77B31E8FD2DE6ABF8E388F5FFE54F.d.5E7BDEC341D0E3290D796A0715021E78.e.17127"},"setValue",["04/23/2025"]]}
COMMAND: POST /session/baa8cc8c703ae50a3cfee07d32ab3bfd/element - {"using":"xpath","value":"//input[@id=\"generalSectionFrg--receiveYard-inner\"]"}
RESULT: {"using":"xpath","value":"//input[@id=\"generalSectionFrg--receiveYard-inner\"]"}
COMMAND: POST /session/baa8cc8c703ae50a3cfee07d32ab3bfd/element/f.A7D77B31E8FD2DE6ABF8E388F5FFE54F.d.5E7BDEC341D0E3290D796A0715021E78.e.17133/clear - {}
RESULT: {}
COMMAND: POST /session/baa8cc8c703ae50a3cfee07d32ab3bfd/element/f.A7D77B31E8FD2DE6ABF8E388F5FFE54F.d.5E7BDEC341D0E3290D796A0715021E78.e.17133/value - {"text":"706"}
COMMAND: GET /session/baa8cc8c703ae50a3cfee07d32ab3bfd/screenshot - {}
RESULT: {"text":"706"}
COMMAND: GET /session/baa8cc8c703ae50a3cfee07d32ab3bfd/screenshot - {}
RESULT: {}
RESULT: {}
COMMAND: POST /session/baa8cc8c703ae50a3cfee07d32ab3bfd/element - {"using":"xpath","value":"//li[.//span[text()='706']]"}
RESULT: {"using":"xpath","value":"//li[.//span[text()='706']]"}
COMMAND: POST /session/baa8cc8c703ae50a3cfee07d32ab3bfd/element/f.A7D77B31E8FD2DE6ABF8E388F5FFE54F.d.5E7BDEC341D0E3290D796A0715021E78.e.17150/click - {}
RESULT: {}
COMMAND: GET /session/baa8cc8c703ae50a3cfee07d32ab3bfd/screenshot - {}
RESULT: {}
COMMAND: POST /session/baa8cc8c703ae50a3cfee07d32ab3bfd/execute/async - {"script":"<script> [1562 bytes]","args":[{"selector":{"id":"application-managehandovers-display-component---AddNewHO--ObjectPageLayout-anchBar-application-managehandovers-display-component---AddNewHO--section4-anchor","interaction":{"idSuffix":"BDI-content"}},"wdio_ui5_key":"applicationmanagehandovers-display-component---AddNewHO--ObjectPageLayout-anchBar-application-managehandovers-display-component---AddNewHO--section4-anchor"}]}
RESULT: {"script":"<script> [1562 bytes]","args":[{"selector":{"id":"application-managehandovers-display-component---AddNewHO--ObjectPageLayout-anchBar-application-managehandovers-display-component---AddNewHO--section4-anchor","interaction":{"idSuffix":"BDI-content"}},"wdio_ui5_key":"applicationmanagehandovers-display-component---AddNewHO--ObjectPageLayout-anchBar-application-managehandovers-display-component---AddNewHO--section4-anchor"}]}
RESULT: undefined
COMMAND: POST /session/baa8cc8c703ae50a3cfee07d32ab3bfd/element - {"using":"xpath","value":"//*[@id=\"application-managehandovers-display-component---AddNewHO--ObjectPageLayout-anchBar-application-managehandovers-display-component---AddNewHO--section4-anchor\"]"}
RESULT: {"using":"xpath","value":"//*[@id=\"application-managehandovers-display-component---AddNewHO--ObjectPageLayout-anchBar-application-managehandovers-display-component---AddNewHO--section4-anchor\"]"}
COMMAND: POST /session/baa8cc8c703ae50a3cfee07d32ab3bfd/element/f.A7D77B31E8FD2DE6ABF8E388F5FFE54F.d.5E7BDEC341D0E3290D796A0715021E78.e.17152/click - {}
RESULT: {}
COMMAND: POST /session/baa8cc8c703ae50a3cfee07d32ab3bfd/element - {"using":"xpath","value":"//button[@aria-label=\"Add\"]"}
COMMAND: GET /session/baa8cc8c703ae50a3cfee07d32ab3bfd/screenshot - {}
RESULT: {"using":"xpath","value":"//button[@aria-label=\"Add\"]"}
COMMAND: POST /session/baa8cc8c703ae50a3cfee07d32ab3bfd/element/f.A7D77B31E8FD2DE6ABF8E388F5FFE54F.d.5E7BDEC341D0E3290D796A0715021E78.e.17154/click - {}
RESULT: {}
RESULT: {}
COMMAND: GET /session/baa8cc8c703ae50a3cfee07d32ab3bfd/screenshot - {}
RESULT: {}
COMMAND: POST /session/baa8cc8c703ae50a3cfee07d32ab3bfd/execute/async - {"script":"<script> [1562 bytes]","args":[{"selector":{"id":"application-managehandovers-display-component---AddNewHO--smartFilterBar-btnBasicSearch","searchOpenDialogs":true,"interaction":{"idSuffix":"I"}},"wdio_ui5_key":"applicationmanagehandovers-display-component---AddNewHO--smartFilterBar-btnBasicSearch"}]}
RESULT: {"script":"<script> [1562 bytes]","args":[{"selector":{"id":"application-managehandovers-display-component---AddNewHO--smartFilterBar-btnBasicSearch","searchOpenDialogs":true,"interaction":{"idSuffix":"I"}},"wdio_ui5_key":"applicationmanagehandovers-display-component---AddNewHO--smartFilterBar-btnBasicSearch"}]}
RESULT: undefined
COMMAND: POST /session/baa8cc8c703ae50a3cfee07d32ab3bfd/execute/async - {"script":"<script> [776 bytes]","args":[{"enterText":"PEqXpqZnv7","selector":{"id":"application-managehandovers-display-component---AddNewHO--smartFilterBar-btnBasicSearch","searchOpenDialogs":true,"interaction":{"idSuffix":"I"}},"clearTextFirst":true,"interactionType":"ENTER_TEXT"}]}
RESULT: {"script":"<script> [776 bytes]","args":[{"enterText":"PEqXpqZnv7","selector":{"id":"application-managehandovers-display-component---AddNewHO--smartFilterBar-btnBasicSearch","searchOpenDialogs":true,"interaction":{"idSuffix":"I"}},"clearTextFirst":true,"interactionType":"ENTER_TEXT"}]}
COMMAND: POST /session/baa8cc8c703ae50a3cfee07d32ab3bfd/actions - {"actions":[{"id":"action57","type":"key","parameters":{},"actions":[{"type":"keyDown","value":""},{"type":"pause","duration":10},{"type":"keyUp","value":""}]}]}
RESULT: {"actions":[{"id":"action57","type":"key","parameters":{},"actions":[{"type":"keyDown","value":""},{"type":"pause","duration":10},{"type":"keyUp","value":""}]}]}
COMMAND: GET /session/baa8cc8c703ae50a3cfee07d32ab3bfd/screenshot - {}
RESULT: {}
COMMAND: POST /session/baa8cc8c703ae50a3cfee07d32ab3bfd/execute/async - {"script":"<script> [1562 bytes]","args":[{"selector":{"id":"application-managehandovers-display-component---AddNewHO--popup-sa","searchOpenDialogs":true,"interaction":{"idSuffix":"CbBg"}},"wdio_ui5_key":"applicationmanagehandovers-display-component---AddNewHO--popup-sa"}]}
RESULT: {"script":"<script> [1562 bytes]","args":[{"selector":{"id":"application-managehandovers-display-component---AddNewHO--popup-sa","searchOpenDialogs":true,"interaction":{"idSuffix":"CbBg"}},"wdio_ui5_key":"applicationmanagehandovers-display-component---AddNewHO--popup-sa"}]}
RESULT: undefined
COMMAND: POST /session/baa8cc8c703ae50a3cfee07d32ab3bfd/element - {"using":"xpath","value":"//*[@id=\"application-managehandovers-display-component---AddNewHO--popup-sa\"]"}
RESULT: {"using":"xpath","value":"//*[@id=\"application-managehandovers-display-component---AddNewHO--popup-sa\"]"}
COMMAND: POST /session/baa8cc8c703ae50a3cfee07d32ab3bfd/element/f.A7D77B31E8FD2DE6ABF8E388F5FFE54F.d.5E7BDEC341D0E3290D796A0715021E78.e.17305/click - {}
RESULT: {}
COMMAND: GET /session/baa8cc8c703ae50a3cfee07d32ab3bfd/screenshot - {}
RESULT: {}
COMMAND: POST /session/baa8cc8c703ae50a3cfee07d32ab3bfd/element - {"using":"xpath","value":"//bdi[contains(text(), \"Select\")]"}
RESULT: {"using":"xpath","value":"//bdi[contains(text(), \"Select\")]"}
COMMAND: POST /session/baa8cc8c703ae50a3cfee07d32ab3bfd/element/f.A7D77B31E8FD2DE6ABF8E388F5FFE54F.d.5E7BDEC341D0E3290D796A0715021E78.e.17306/click - {}
RESULT: {}
COMMAND: GET /session/baa8cc8c703ae50a3cfee07d32ab3bfd/screenshot - {}
RESULT: {}
COMMAND: POST /session/baa8cc8c703ae50a3cfee07d32ab3bfd/element - {"using":"xpath","value":"//button[@data-kt=\"AddNewHOSaveButton\"]"}
RESULT: {"using":"xpath","value":"//button[@data-kt=\"AddNewHOSaveButton\"]"}
COMMAND: POST /session/baa8cc8c703ae50a3cfee07d32ab3bfd/element/f.A7D77B31E8FD2DE6ABF8E388F5FFE54F.d.5E7BDEC341D0E3290D796A0715021E78.e.17310/click - {}
RESULT: {}
COMMAND: GET /session/baa8cc8c703ae50a3cfee07d32ab3bfd/screenshot - {}
RESULT: {}
COMMAND: POST /session/baa8cc8c703ae50a3cfee07d32ab3bfd/execute/async - {"script":"<script> [1562 bytes]","args":[{"selector":{"id":"receiptDatePicker","viewName":"etm.portal.ui.managehandovers.view.DetailExecuteHO","interaction":{"idSuffix":"inner"}},"wdio_ui5_key":"receiptDatePickeretmportal.ui.managehandovers.view.DetailExecuteHO"}]}
RESULT: {"script":"<script> [1562 bytes]","args":[{"selector":{"id":"receiptDatePicker","viewName":"etm.portal.ui.managehandovers.view.DetailExecuteHO","interaction":{"idSuffix":"inner"}},"wdio_ui5_key":"receiptDatePickeretmportal.ui.managehandovers.view.DetailExecuteHO"}]}
RESULT: undefined
COMMAND: POST /session/baa8cc8c703ae50a3cfee07d32ab3bfd/execute/async - {"script":"<script> [6424 bytes]","args":[{"element-6066-11e4-a52e-4f735466cecf":"f.A7D77B31E8FD2DE6ABF8E388F5FFE54F.d.5E7BDEC341D0E3290D796A0715021E78.e.17341"},"setValue",["04/23/2025"]]}
RESULT: {"script":"<script> [6424 bytes]","args":[{"element-6066-11e4-a52e-4f735466cecf":"f.A7D77B31E8FD2DE6ABF8E388F5FFE54F.d.5E7BDEC341D0E3290D796A0715021E78.e.17341"},"setValue",["04/23/2025"]]}
COMMAND: POST /session/baa8cc8c703ae50a3cfee07d32ab3bfd/element - {"using":"xpath","value":"//button[@data-kt=\"PickingTableConfirmAllButton\"]"}
RESULT: {"using":"xpath","value":"//button[@data-kt=\"PickingTableConfirmAllButton\"]"}
COMMAND: POST /session/baa8cc8c703ae50a3cfee07d32ab3bfd/element/f.A7D77B31E8FD2DE6ABF8E388F5FFE54F.d.5E7BDEC341D0E3290D796A0715021E78.e.17357/click - {}
RESULT: {}
COMMAND: GET /session/baa8cc8c703ae50a3cfee07d32ab3bfd/screenshot - {}
RESULT: {}
COMMAND: POST /session/baa8cc8c703ae50a3cfee07d32ab3bfd/element - {"using":"xpath","value":"//bdi[contains(text(), \"OK\")]"}
RESULT: {"using":"xpath","value":"//bdi[contains(text(), \"OK\")]"}
COMMAND: POST /session/baa8cc8c703ae50a3cfee07d32ab3bfd/element/f.A7D77B31E8FD2DE6ABF8E388F5FFE54F.d.5E7BDEC341D0E3290D796A0715021E78.e.17359/click - {}
RESULT: {}
COMMAND: GET /session/baa8cc8c703ae50a3cfee07d32ab3bfd/screenshot - {}
RESULT: {}
COMMAND: POST /session/baa8cc8c703ae50a3cfee07d32ab3bfd/element - {"using":"xpath","value":"(//bdi[contains(text(), \"Receive\")])[2]"}
RESULT: {"using":"xpath","value":"(//bdi[contains(text(), \"Receive\")])[2]"}
COMMAND: POST /session/baa8cc8c703ae50a3cfee07d32ab3bfd/element/f.A7D77B31E8FD2DE6ABF8E388F5FFE54F.d.5E7BDEC341D0E3290D796A0715021E78.e.17361/click - {}
RESULT: {}
COMMAND: GET /session/baa8cc8c703ae50a3cfee07d32ab3bfd/screenshot - {}
RESULT: {}
COMMAND: POST /session/baa8cc8c703ae50a3cfee07d32ab3bfd/element - {"using":"css selector","value":"#shell-header-logo"}
RESULT: {"using":"css selector","value":"#shell-header-logo"}
COMMAND: POST /session/baa8cc8c703ae50a3cfee07d32ab3bfd/element/f.A7D77B31E8FD2DE6ABF8E388F5FFE54F.d.5E7BDEC341D0E3290D796A0715021E78.e.16752/click - {}
RESULT: {}
COMMAND: GET /session/baa8cc8c703ae50a3cfee07d32ab3bfd/screenshot - {}
RESULT: {}
]]></system-out>
    </testcase>
    <testcase classname="chrome.135_0_7049_42.windows.Performance_based_billing_(work_days)_US139742" name="Should create a new contract" time="52.386">
      <system-out><![CDATA[
COMMAND: POST /session/baa8cc8c703ae50a3cfee07d32ab3bfd/execute/async - {"script":"<script> [1562 bytes]","args":[{"selector":{"controlType":"sap.m.Text","viewName":"etm.portal.ui.managecontractstile.view.Master","properties":{"text":"Manage Contracts"},"interaction":{"idSuffix":"inner"}},"wdio_ui5_key":"etmportal.ui.managecontractstile.view.Mastersap.m.Text{\"text\":\"Manage Contracts\"}"}]}
RESULT: {"script":"<script> [1562 bytes]","args":[{"selector":{"controlType":"sap.m.Text","viewName":"etm.portal.ui.managecontractstile.view.Master","properties":{"text":"Manage Contracts"},"interaction":{"idSuffix":"inner"}},"wdio_ui5_key":"etmportal.ui.managecontractstile.view.Mastersap.m.Text{\"text\":\"Manage Contracts\"}"}]}
RESULT: undefined
COMMAND: POST /session/baa8cc8c703ae50a3cfee07d32ab3bfd/element - {"using":"xpath","value":"//*[@id=\"__tile130-title\"]"}
RESULT: {"using":"xpath","value":"//*[@id=\"__tile130-title\"]"}
COMMAND: POST /session/baa8cc8c703ae50a3cfee07d32ab3bfd/element/f.A7D77B31E8FD2DE6ABF8E388F5FFE54F.d.5E7BDEC341D0E3290D796A0715021E78.e.17520/click - {}
RESULT: {}
COMMAND: GET /session/baa8cc8c703ae50a3cfee07d32ab3bfd/screenshot - {}
COMMAND: POST /session/baa8cc8c703ae50a3cfee07d32ab3bfd/element - {"using":"xpath","value":"//button[@data-kt=\"addButton\"]"}
RESULT: undefined
RESULT: undefined
RESULT: {}
RESULT: {"using":"xpath","value":"//button[@data-kt=\"addButton\"]"}
COMMAND: POST /session/baa8cc8c703ae50a3cfee07d32ab3bfd/elements - {"using":"xpath","value":"//button[@data-kt=\"addButton\"]"}
RESULT: {"using":"xpath","value":"//button[@data-kt=\"addButton\"]"}
COMMAND: POST /session/baa8cc8c703ae50a3cfee07d32ab3bfd/execute/sync - {"script":"<script> [8489 bytes]","args":[{"element-6066-11e4-a52e-4f735466cecf":"f.A7D77B31E8FD2DE6ABF8E388F5FFE54F.d.5E7BDEC341D0E3290D796A0715021E78.e.17588","ELEMENT":"f.A7D77B31E8FD2DE6ABF8E388F5FFE54F.d.5E7BDEC341D0E3290D796A0715021E78.e.17588"}]}
RESULT: {"script":"<script> [8489 bytes]","args":[{"element-6066-11e4-a52e-4f735466cecf":"f.A7D77B31E8FD2DE6ABF8E388F5FFE54F.d.5E7BDEC341D0E3290D796A0715021E78.e.17588","ELEMENT":"f.A7D77B31E8FD2DE6ABF8E388F5FFE54F.d.5E7BDEC341D0E3290D796A0715021E78.e.17588"}]}
COMMAND: GET /session/baa8cc8c703ae50a3cfee07d32ab3bfd/element/f.A7D77B31E8FD2DE6ABF8E388F5FFE54F.d.5E7BDEC341D0E3290D796A0715021E78.e.17588/enabled - {}
COMMAND: GET /session/baa8cc8c703ae50a3cfee07d32ab3bfd/screenshot - {}
RESULT: {}
COMMAND: POST /session/baa8cc8c703ae50a3cfee07d32ab3bfd/execute/sync - {"script":"<script> [8489 bytes]","args":[{"element-6066-11e4-a52e-4f735466cecf":"f.A7D77B31E8FD2DE6ABF8E388F5FFE54F.d.5E7BDEC341D0E3290D796A0715021E78.e.17588","ELEMENT":"f.A7D77B31E8FD2DE6ABF8E388F5FFE54F.d.5E7BDEC341D0E3290D796A0715021E78.e.17588"}]}
COMMAND: GET /session/baa8cc8c703ae50a3cfee07d32ab3bfd/screenshot - {}
RESULT: {}
RESULT: {"script":"<script> [8489 bytes]","args":[{"element-6066-11e4-a52e-4f735466cecf":"f.A7D77B31E8FD2DE6ABF8E388F5FFE54F.d.5E7BDEC341D0E3290D796A0715021E78.e.17588","ELEMENT":"f.A7D77B31E8FD2DE6ABF8E388F5FFE54F.d.5E7BDEC341D0E3290D796A0715021E78.e.17588"}]}
COMMAND: POST /session/baa8cc8c703ae50a3cfee07d32ab3bfd/execute/sync - {"script":"<script> [5351 bytes]","args":[{"element-6066-11e4-a52e-4f735466cecf":"f.A7D77B31E8FD2DE6ABF8E388F5FFE54F.d.5E7BDEC341D0E3290D796A0715021E78.e.17588","ELEMENT":"f.A7D77B31E8FD2DE6ABF8E388F5FFE54F.d.5E7BDEC341D0E3290D796A0715021E78.e.17588"}]}
COMMAND: GET /session/baa8cc8c703ae50a3cfee07d32ab3bfd/screenshot - {}
RESULT: {}
RESULT: {"script":"<script> [5351 bytes]","args":[{"element-6066-11e4-a52e-4f735466cecf":"f.A7D77B31E8FD2DE6ABF8E388F5FFE54F.d.5E7BDEC341D0E3290D796A0715021E78.e.17588","ELEMENT":"f.A7D77B31E8FD2DE6ABF8E388F5FFE54F.d.5E7BDEC341D0E3290D796A0715021E78.e.17588"}]}
COMMAND: GET /session/baa8cc8c703ae50a3cfee07d32ab3bfd/screenshot - {}
RESULT: {}
RESULT: {}
COMMAND: POST /session/baa8cc8c703ae50a3cfee07d32ab3bfd/element/f.A7D77B31E8FD2DE6ABF8E388F5FFE54F.d.5E7BDEC341D0E3290D796A0715021E78.e.17588/click - {}
RESULT: {}
COMMAND: GET /session/baa8cc8c703ae50a3cfee07d32ab3bfd/screenshot - {}
COMMAND: POST /session/baa8cc8c703ae50a3cfee07d32ab3bfd/execute/async - {"script":"<script> [1562 bytes]","args":[{"selector":{"id":"application-managecontracts-display-component---AddNewContract--projectDescription","interaction":{"idSuffix":"inner"}},"wdio_ui5_key":"applicationmanagecontracts-display-component---AddNewContract--projectDescription"}]}
RESULT: {}
RESULT: {"script":"<script> [1562 bytes]","args":[{"selector":{"id":"application-managecontracts-display-component---AddNewContract--projectDescription","interaction":{"idSuffix":"inner"}},"wdio_ui5_key":"applicationmanagecontracts-display-component---AddNewContract--projectDescription"}]}
RESULT: undefined
COMMAND: POST /session/baa8cc8c703ae50a3cfee07d32ab3bfd/execute/async - {"script":"<script> [776 bytes]","args":[{"enterText":"Performance Contract WDIO","selector":{"id":"application-managecontracts-display-component---AddNewContract--projectDescription","interaction":{"idSuffix":"inner"}},"clearTextFirst":true,"interactionType":"ENTER_TEXT"}]}
RESULT: {"script":"<script> [776 bytes]","args":[{"enterText":"Performance Contract WDIO","selector":{"id":"application-managecontracts-display-component---AddNewContract--projectDescription","interaction":{"idSuffix":"inner"}},"clearTextFirst":true,"interactionType":"ENTER_TEXT"}]}
COMMAND: POST /session/baa8cc8c703ae50a3cfee07d32ab3bfd/element - {"using":"xpath","value":"//input[@id=\"application-managecontracts-display-component---AddNewContract--site-inner\"]"}
RESULT: {"using":"xpath","value":"//input[@id=\"application-managecontracts-display-component---AddNewContract--site-inner\"]"}
COMMAND: POST /session/baa8cc8c703ae50a3cfee07d32ab3bfd/element/f.A7D77B31E8FD2DE6ABF8E388F5FFE54F.d.5E7BDEC341D0E3290D796A0715021E78.e.17915/clear - {}
RESULT: {}
COMMAND: POST /session/baa8cc8c703ae50a3cfee07d32ab3bfd/element/f.A7D77B31E8FD2DE6ABF8E388F5FFE54F.d.5E7BDEC341D0E3290D796A0715021E78.e.17915/value - {"text":"2518"}
COMMAND: GET /session/baa8cc8c703ae50a3cfee07d32ab3bfd/screenshot - {}
RESULT: {"text":"2518"}
COMMAND: GET /session/baa8cc8c703ae50a3cfee07d32ab3bfd/screenshot - {}
RESULT: {}
COMMAND: POST /session/baa8cc8c703ae50a3cfee07d32ab3bfd/element - {"using":"xpath","value":"//li[.//span[text()='2518']]"}
RESULT: {}
RESULT: {"using":"xpath","value":"//li[.//span[text()='2518']]"}
COMMAND: POST /session/baa8cc8c703ae50a3cfee07d32ab3bfd/element/f.A7D77B31E8FD2DE6ABF8E388F5FFE54F.d.5E7BDEC341D0E3290D796A0715021E78.e.17939/click - {}
RESULT: {}
COMMAND: GET /session/baa8cc8c703ae50a3cfee07d32ab3bfd/screenshot - {}
RESULT: {}
COMMAND: POST /session/baa8cc8c703ae50a3cfee07d32ab3bfd/element - {"using":"xpath","value":"//input[@id=\"application-managecontracts-display-component---AddNewContract--yardId-inner\"]"}
RESULT: {"using":"xpath","value":"//input[@id=\"application-managecontracts-display-component---AddNewContract--yardId-inner\"]"}
COMMAND: GET /session/baa8cc8c703ae50a3cfee07d32ab3bfd/element/f.A7D77B31E8FD2DE6ABF8E388F5FFE54F.d.5E7BDEC341D0E3290D796A0715021E78.e.17916/property/value - {}
RESULT: {}
COMMAND: POST /session/baa8cc8c703ae50a3cfee07d32ab3bfd/element - {"using":"xpath","value":"//input[@id=\"application-managecontracts-display-component---AddNewContract--customerSelect-inner\"]"}
COMMAND: GET /session/baa8cc8c703ae50a3cfee07d32ab3bfd/screenshot - {}
RESULT: {"using":"xpath","value":"//input[@id=\"application-managecontracts-display-component---AddNewContract--customerSelect-inner\"]"}
COMMAND: POST /session/baa8cc8c703ae50a3cfee07d32ab3bfd/element/f.A7D77B31E8FD2DE6ABF8E388F5FFE54F.d.5E7BDEC341D0E3290D796A0715021E78.e.17914/clear - {}
RESULT: {}
RESULT: {}
COMMAND: POST /session/baa8cc8c703ae50a3cfee07d32ab3bfd/element/f.A7D77B31E8FD2DE6ABF8E388F5FFE54F.d.5E7BDEC341D0E3290D796A0715021E78.e.17914/value - {"text":"1563"}
COMMAND: GET /session/baa8cc8c703ae50a3cfee07d32ab3bfd/screenshot - {}
RESULT: {}
RESULT: {"text":"1563"}
COMMAND: GET /session/baa8cc8c703ae50a3cfee07d32ab3bfd/screenshot - {}
RESULT: {}
COMMAND: POST /session/baa8cc8c703ae50a3cfee07d32ab3bfd/element - {"using":"xpath","value":"//li[.//span[text()='1563']]"}
RESULT: {"using":"xpath","value":"//li[.//span[text()='1563']]"}
COMMAND: POST /session/baa8cc8c703ae50a3cfee07d32ab3bfd/element/f.A7D77B31E8FD2DE6ABF8E388F5FFE54F.d.5E7BDEC341D0E3290D796A0715021E78.e.17942/click - {}
RESULT: {}
COMMAND: GET /session/baa8cc8c703ae50a3cfee07d32ab3bfd/screenshot - {}
RESULT: {}
COMMAND: POST /session/baa8cc8c703ae50a3cfee07d32ab3bfd/element - {"using":"xpath","value":"//button[@data-kt=\"saveButton\"]"}
RESULT: {"using":"xpath","value":"//button[@data-kt=\"saveButton\"]"}
COMMAND: POST /session/baa8cc8c703ae50a3cfee07d32ab3bfd/element/f.A7D77B31E8FD2DE6ABF8E388F5FFE54F.d.5E7BDEC341D0E3290D796A0715021E78.e.17932/click - {}
RESULT: {}
COMMAND: GET /session/baa8cc8c703ae50a3cfee07d32ab3bfd/screenshot - {}
RESULT: {}
COMMAND: POST /session/baa8cc8c703ae50a3cfee07d32ab3bfd/element - {"using":"xpath","value":"//span[contains(@id ,\"contractDetailTitleNoExpanded\")]"}
RESULT: {"using":"xpath","value":"//span[contains(@id ,\"contractDetailTitleNoExpanded\")]"}
COMMAND: POST /session/baa8cc8c703ae50a3cfee07d32ab3bfd/elements - {"using":"xpath","value":"//span[contains(@id ,\"contractDetailTitleNoExpanded\")]"}
RESULT: {"using":"xpath","value":"//span[contains(@id ,\"contractDetailTitleNoExpanded\")]"}
COMMAND: POST /session/baa8cc8c703ae50a3cfee07d32ab3bfd/execute/sync - {"script":"<script> [56 bytes]","args":[{"element-6066-11e4-a52e-4f735466cecf":"f.A7D77B31E8FD2DE6ABF8E388F5FFE54F.d.5E7BDEC341D0E3290D796A0715021E78.e.18014","ELEMENT":"f.A7D77B31E8FD2DE6ABF8E388F5FFE54F.d.5E7BDEC341D0E3290D796A0715021E78.e.18014"}]}
RESULT: {"script":"<script> [56 bytes]","args":[{"element-6066-11e4-a52e-4f735466cecf":"f.A7D77B31E8FD2DE6ABF8E388F5FFE54F.d.5E7BDEC341D0E3290D796A0715021E78.e.18014","ELEMENT":"f.A7D77B31E8FD2DE6ABF8E388F5FFE54F.d.5E7BDEC341D0E3290D796A0715021E78.e.18014"}]}
COMMAND: GET /session/baa8cc8c703ae50a3cfee07d32ab3bfd/screenshot - {}
RESULT: {}
]]></system-out>
    </testcase>
    <testcase classname="chrome.135_0_7049_42.windows.Performance_based_billing_(work_days)_US139742" name="Should add equipment to the contract" time="41.114">
      <system-out><![CDATA[
COMMAND: POST /session/baa8cc8c703ae50a3cfee07d32ab3bfd/element - {"using":"xpath","value":"//button[@data-kt=\"contractDetailEditBtnButton\"]"}
RESULT: {"using":"xpath","value":"//button[@data-kt=\"contractDetailEditBtnButton\"]"}
COMMAND: POST /session/baa8cc8c703ae50a3cfee07d32ab3bfd/element/f.A7D77B31E8FD2DE6ABF8E388F5FFE54F.d.5E7BDEC341D0E3290D796A0715021E78.e.18016/click - {}
RESULT: {}
COMMAND: GET /session/baa8cc8c703ae50a3cfee07d32ab3bfd/screenshot - {}
RESULT: {}
COMMAND: POST /session/baa8cc8c703ae50a3cfee07d32ab3bfd/element - {"using":"xpath","value":"(//span[contains(text(), \"Additional Addresses\")])[2]"}
RESULT: {"using":"xpath","value":"(//span[contains(text(), \"Additional Addresses\")])[2]"}
COMMAND: POST /session/baa8cc8c703ae50a3cfee07d32ab3bfd/element/f.A7D77B31E8FD2DE6ABF8E388F5FFE54F.d.5E7BDEC341D0E3290D796A0715021E78.e.18071/click - {}
RESULT: {}
COMMAND: GET /session/baa8cc8c703ae50a3cfee07d32ab3bfd/screenshot - {}
RESULT: {}
COMMAND: POST /session/baa8cc8c703ae50a3cfee07d32ab3bfd/element - {"using":"xpath","value":"//button[@data-kt=\"btnAddTableRowOverflowToolbarButton\"]"}
RESULT: {"using":"xpath","value":"//button[@data-kt=\"btnAddTableRowOverflowToolbarButton\"]"}
COMMAND: POST /session/baa8cc8c703ae50a3cfee07d32ab3bfd/element/f.A7D77B31E8FD2DE6ABF8E388F5FFE54F.d.5E7BDEC341D0E3290D796A0715021E78.e.18075/click - {}
RESULT: {}
COMMAND: GET /session/baa8cc8c703ae50a3cfee07d32ab3bfd/screenshot - {}
RESULT: {}
COMMAND: POST /session/baa8cc8c703ae50a3cfee07d32ab3bfd/element - {"using":"xpath","value":"//div[(text() = 'Standard Entry' or . = 'Standard Entry')]"}
RESULT: {"using":"xpath","value":"//div[(text() = 'Standard Entry' or . = 'Standard Entry')]"}
COMMAND: POST /session/baa8cc8c703ae50a3cfee07d32ab3bfd/element/f.A7D77B31E8FD2DE6ABF8E388F5FFE54F.d.5E7BDEC341D0E3290D796A0715021E78.e.18077/click - {}
RESULT: {}
COMMAND: GET /session/baa8cc8c703ae50a3cfee07d32ab3bfd/screenshot - {}
RESULT: {}
COMMAND: POST /session/baa8cc8c703ae50a3cfee07d32ab3bfd/element - {"using":"xpath","value":"//td[7]/div/div/input"}
RESULT: {"using":"xpath","value":"//td[7]/div/div/input"}
COMMAND: POST /session/baa8cc8c703ae50a3cfee07d32ab3bfd/element/f.A7D77B31E8FD2DE6ABF8E388F5FFE54F.d.5E7BDEC341D0E3290D796A0715021E78.e.18086/clear - {}
RESULT: {}
COMMAND: POST /session/baa8cc8c703ae50a3cfee07d32ab3bfd/element/f.A7D77B31E8FD2DE6ABF8E388F5FFE54F.d.5E7BDEC341D0E3290D796A0715021E78.e.18086/value - {"text":"PEqXpqZnv7"}
COMMAND: GET /session/baa8cc8c703ae50a3cfee07d32ab3bfd/screenshot - {}
RESULT: {"text":"PEqXpqZnv7"}
COMMAND: GET /session/baa8cc8c703ae50a3cfee07d32ab3bfd/screenshot - {}
RESULT: {}
RESULT: {}
COMMAND: POST /session/baa8cc8c703ae50a3cfee07d32ab3bfd/actions - {"actions":[{"id":"action58","type":"key","parameters":{},"actions":[{"type":"keyDown","value":""},{"type":"pause","duration":10},{"type":"keyUp","value":""}]}]}
RESULT: {"actions":[{"id":"action58","type":"key","parameters":{},"actions":[{"type":"keyDown","value":""},{"type":"pause","duration":10},{"type":"keyUp","value":""}]}]}
COMMAND: GET /session/baa8cc8c703ae50a3cfee07d32ab3bfd/screenshot - {}
RESULT: {}
COMMAND: POST /session/baa8cc8c703ae50a3cfee07d32ab3bfd/element - {"using":"xpath","value":"(//button[@data-kt=\"saveButton\"])[2]"}
RESULT: {"using":"xpath","value":"(//button[@data-kt=\"saveButton\"])[2]"}
COMMAND: POST /session/baa8cc8c703ae50a3cfee07d32ab3bfd/element/f.A7D77B31E8FD2DE6ABF8E388F5FFE54F.d.5E7BDEC341D0E3290D796A0715021E78.e.18101/click - {}
RESULT: {}
COMMAND: GET /session/baa8cc8c703ae50a3cfee07d32ab3bfd/screenshot - {}
RESULT: {}
COMMAND: POST /session/baa8cc8c703ae50a3cfee07d32ab3bfd/element - {"using":"xpath","value":"//span[contains(@id ,\"contractItemsSmartTable-header-inner\")]"}
RESULT: {"using":"xpath","value":"//span[contains(@id ,\"contractItemsSmartTable-header-inner\")]"}
COMMAND: POST /session/baa8cc8c703ae50a3cfee07d32ab3bfd/elements - {"using":"xpath","value":"//span[contains(@id ,\"contractItemsSmartTable-header-inner\")]"}
RESULT: {"using":"xpath","value":"//span[contains(@id ,\"contractItemsSmartTable-header-inner\")]"}
COMMAND: POST /session/baa8cc8c703ae50a3cfee07d32ab3bfd/execute/sync - {"script":"<script> [56 bytes]","args":[{"element-6066-11e4-a52e-4f735466cecf":"f.A7D77B31E8FD2DE6ABF8E388F5FFE54F.d.5E7BDEC341D0E3290D796A0715021E78.e.18105","ELEMENT":"f.A7D77B31E8FD2DE6ABF8E388F5FFE54F.d.5E7BDEC341D0E3290D796A0715021E78.e.18105"}]}
RESULT: {"script":"<script> [56 bytes]","args":[{"element-6066-11e4-a52e-4f735466cecf":"f.A7D77B31E8FD2DE6ABF8E388F5FFE54F.d.5E7BDEC341D0E3290D796A0715021E78.e.18105","ELEMENT":"f.A7D77B31E8FD2DE6ABF8E388F5FFE54F.d.5E7BDEC341D0E3290D796A0715021E78.e.18105"}]}
]]></system-out>
    </testcase>
    <testcase classname="chrome.135_0_7049_42.windows.Performance_based_billing_(work_days)_US139742" name="Should do a provide to site handover" time="55.815">
      <system-out><![CDATA[
COMMAND: GET /session/baa8cc8c703ae50a3cfee07d32ab3bfd/screenshot - {}
COMMAND: POST /session/baa8cc8c703ae50a3cfee07d32ab3bfd/element - {"using":"xpath","value":"//button[@data-kt=\"provideButton\"]"}
RESULT: {}
RESULT: {"using":"xpath","value":"//button[@data-kt=\"provideButton\"]"}
COMMAND: POST /session/baa8cc8c703ae50a3cfee07d32ab3bfd/element/f.A7D77B31E8FD2DE6ABF8E388F5FFE54F.d.5E7BDEC341D0E3290D796A0715021E78.e.18108/click - {}
RESULT: {}
COMMAND: GET /session/baa8cc8c703ae50a3cfee07d32ab3bfd/screenshot - {}
RESULT: {}
RESULT: undefined
COMMAND: POST /session/baa8cc8c703ae50a3cfee07d32ab3bfd/execute/async - {"script":"<script> [6424 bytes]","args":[{"element-6066-11e4-a52e-4f735466cecf":"f.A7D77B31E8FD2DE6ABF8E388F5FFE54F.d.5E7BDEC341D0E3290D796A0715021E78.e.17127"},"setValue",["04/23/2025"]]}
COMMAND: POST /session/baa8cc8c703ae50a3cfee07d32ab3bfd/execute/async - {"script":"<script> [1562 bytes]","args":[{"selector":{"id":"application-managehandovers-display-component---AddNewHO--dueDate","interaction":{"idSuffix":"inner"}},"wdio_ui5_key":"applicationmanagehandovers-display-component---AddNewHO--dueDate"}]}
RESULT: {"script":"<script> [1562 bytes]","args":[{"selector":{"id":"application-managehandovers-display-component---AddNewHO--dueDate","interaction":{"idSuffix":"inner"}},"wdio_ui5_key":"applicationmanagehandovers-display-component---AddNewHO--dueDate"}]}
COMMAND: POST /session/baa8cc8c703ae50a3cfee07d32ab3bfd/execute/async - {"script":"<script> [6424 bytes]","args":[{"element-6066-11e4-a52e-4f735466cecf":"f.A7D77B31E8FD2DE6ABF8E388F5FFE54F.d.5E7BDEC341D0E3290D796A0715021E78.e.18161"},"setValue",["04/23/2025"]]}
RESULT: {"script":"<script> [6424 bytes]","args":[{"element-6066-11e4-a52e-4f735466cecf":"f.A7D77B31E8FD2DE6ABF8E388F5FFE54F.d.5E7BDEC341D0E3290D796A0715021E78.e.18161"},"setValue",["04/23/2025"]]}
COMMAND: POST /session/baa8cc8c703ae50a3cfee07d32ab3bfd/element - {"using":"xpath","value":"//bdi[contains(text(), \"Instructions\")]"}
RESULT: {"using":"xpath","value":"//bdi[contains(text(), \"Instructions\")]"}
COMMAND: POST /session/baa8cc8c703ae50a3cfee07d32ab3bfd/element/f.A7D77B31E8FD2DE6ABF8E388F5FFE54F.d.5E7BDEC341D0E3290D796A0715021E78.e.18415/click - {}
RESULT: {}
COMMAND: GET /session/baa8cc8c703ae50a3cfee07d32ab3bfd/screenshot - {}
RESULT: {}
COMMAND: POST /session/baa8cc8c703ae50a3cfee07d32ab3bfd/element - {"using":"xpath","value":"//button[@data-kt=\"AddNewHOProvideAddItemsButton\"]"}
RESULT: {"using":"xpath","value":"//button[@data-kt=\"AddNewHOProvideAddItemsButton\"]"}
COMMAND: POST /session/baa8cc8c703ae50a3cfee07d32ab3bfd/element/f.A7D77B31E8FD2DE6ABF8E388F5FFE54F.d.5E7BDEC341D0E3290D796A0715021E78.e.18419/click - {}
RESULT: {}
COMMAND: GET /session/baa8cc8c703ae50a3cfee07d32ab3bfd/screenshot - {}
RESULT: {}
RESULT: undefined
COMMAND: POST /session/baa8cc8c703ae50a3cfee07d32ab3bfd/element - {"using":"xpath","value":"//*[@id=\"application-managehandovers-display-component---AddNewHO--popup-sa\"]"}
RESULT: {"using":"xpath","value":"//*[@id=\"application-managehandovers-display-component---AddNewHO--popup-sa\"]"}
COMMAND: POST /session/baa8cc8c703ae50a3cfee07d32ab3bfd/element/f.A7D77B31E8FD2DE6ABF8E388F5FFE54F.d.5E7BDEC341D0E3290D796A0715021E78.e.18428/click - {}
RESULT: {}
COMMAND: GET /session/baa8cc8c703ae50a3cfee07d32ab3bfd/screenshot - {}
RESULT: {}
COMMAND: POST /session/baa8cc8c703ae50a3cfee07d32ab3bfd/element - {"using":"xpath","value":"//*[contains(@id ,\"BDI-content\")][contains(text(), \"Select\")]"}
RESULT: {"using":"xpath","value":"//*[contains(@id ,\"BDI-content\")][contains(text(), \"Select\")]"}
COMMAND: POST /session/baa8cc8c703ae50a3cfee07d32ab3bfd/element/f.A7D77B31E8FD2DE6ABF8E388F5FFE54F.d.5E7BDEC341D0E3290D796A0715021E78.e.18430/click - {}
RESULT: {}
COMMAND: GET /session/baa8cc8c703ae50a3cfee07d32ab3bfd/screenshot - {}
RESULT: {}
COMMAND: POST /session/baa8cc8c703ae50a3cfee07d32ab3bfd/execute/async - {"script":"<script> [1562 bytes]","args":[{"selector":{"id":"application-managehandovers-display-component---AddNewHO--confirmCreationButton","interaction":{"idSuffix":"BDI-content"}},"wdio_ui5_key":"applicationmanagehandovers-display-component---AddNewHO--confirmCreationButton"}]}
RESULT: {"script":"<script> [1562 bytes]","args":[{"selector":{"id":"application-managehandovers-display-component---AddNewHO--confirmCreationButton","interaction":{"idSuffix":"BDI-content"}},"wdio_ui5_key":"applicationmanagehandovers-display-component---AddNewHO--confirmCreationButton"}]}
RESULT: undefined
COMMAND: POST /session/baa8cc8c703ae50a3cfee07d32ab3bfd/element - {"using":"xpath","value":"//*[@id=\"application-managehandovers-display-component---AddNewHO--confirmCreationButton\"]"}
RESULT: {"using":"xpath","value":"//*[@id=\"application-managehandovers-display-component---AddNewHO--confirmCreationButton\"]"}
COMMAND: POST /session/baa8cc8c703ae50a3cfee07d32ab3bfd/element/f.A7D77B31E8FD2DE6ABF8E388F5FFE54F.d.5E7BDEC341D0E3290D796A0715021E78.e.18226/click - {}
RESULT: {}
COMMAND: GET /session/baa8cc8c703ae50a3cfee07d32ab3bfd/screenshot - {}
RESULT: {}
COMMAND: POST /session/baa8cc8c703ae50a3cfee07d32ab3bfd/element - {"using":"xpath","value":"//button[@data-kt=\"PickingTableConfirmAllButton\"]"}
RESULT: {"using":"xpath","value":"//button[@data-kt=\"PickingTableConfirmAllButton\"]"}
COMMAND: POST /session/baa8cc8c703ae50a3cfee07d32ab3bfd/element/f.A7D77B31E8FD2DE6ABF8E388F5FFE54F.d.5E7BDEC341D0E3290D796A0715021E78.e.18469/click - {}
COMMAND: POST /session/baa8cc8c703ae50a3cfee07d32ab3bfd/element - {"using":"xpath","value":"//button[@data-kt=\"PickingTableConfirmAllButton\"]"}
RESULT: {"using":"xpath","value":"//button[@data-kt=\"PickingTableConfirmAllButton\"]"}
COMMAND: POST /session/baa8cc8c703ae50a3cfee07d32ab3bfd/element/f.A7D77B31E8FD2DE6ABF8E388F5FFE54F.d.5E7BDEC341D0E3290D796A0715021E78.e.18469/click - {}
COMMAND: POST /session/baa8cc8c703ae50a3cfee07d32ab3bfd/element - {"using":"xpath","value":"//button[@data-kt=\"PickingTableConfirmAllButton\"]"}
RESULT: {"using":"xpath","value":"//button[@data-kt=\"PickingTableConfirmAllButton\"]"}
COMMAND: POST /session/baa8cc8c703ae50a3cfee07d32ab3bfd/element/f.A7D77B31E8FD2DE6ABF8E388F5FFE54F.d.5E7BDEC341D0E3290D796A0715021E78.e.18488/click - {}
RESULT: {}
COMMAND: GET /session/baa8cc8c703ae50a3cfee07d32ab3bfd/screenshot - {}
RESULT: {}
COMMAND: POST /session/baa8cc8c703ae50a3cfee07d32ab3bfd/element - {"using":"xpath","value":"//bdi[contains(text(), \"OK\")]"}
RESULT: {"using":"xpath","value":"//bdi[contains(text(), \"OK\")]"}
COMMAND: POST /session/baa8cc8c703ae50a3cfee07d32ab3bfd/element/f.A7D77B31E8FD2DE6ABF8E388F5FFE54F.d.5E7BDEC341D0E3290D796A0715021E78.e.18491/click - {}
RESULT: {}
COMMAND: GET /session/baa8cc8c703ae50a3cfee07d32ab3bfd/screenshot - {}
RESULT: {}
COMMAND: POST /session/baa8cc8c703ae50a3cfee07d32ab3bfd/element - {"using":"xpath","value":"//bdi[contains(text(), \"Ok\")]"}
RESULT: {"using":"xpath","value":"//bdi[contains(text(), \"Ok\")]"}
COMMAND: POST /session/baa8cc8c703ae50a3cfee07d32ab3bfd/element/f.A7D77B31E8FD2DE6ABF8E388F5FFE54F.d.5E7BDEC341D0E3290D796A0715021E78.e.18500/click - {}
RESULT: {}
COMMAND: GET /session/baa8cc8c703ae50a3cfee07d32ab3bfd/screenshot - {}
RESULT: {}
COMMAND: POST /session/baa8cc8c703ae50a3cfee07d32ab3bfd/element - {"using":"xpath","value":"//bdi[contains(text(), \"Issue\")]"}
RESULT: {"using":"xpath","value":"//bdi[contains(text(), \"Issue\")]"}
COMMAND: POST /session/baa8cc8c703ae50a3cfee07d32ab3bfd/element/f.A7D77B31E8FD2DE6ABF8E388F5FFE54F.d.5E7BDEC341D0E3290D796A0715021E78.e.18502/click - {}
RESULT: {}
COMMAND: GET /session/baa8cc8c703ae50a3cfee07d32ab3bfd/screenshot - {}
RESULT: {}
COMMAND: POST /session/baa8cc8c703ae50a3cfee07d32ab3bfd/element - {"using":"css selector","value":"#shell-header-logo"}
RESULT: {"using":"css selector","value":"#shell-header-logo"}
COMMAND: POST /session/baa8cc8c703ae50a3cfee07d32ab3bfd/element/f.A7D77B31E8FD2DE6ABF8E388F5FFE54F.d.5E7BDEC341D0E3290D796A0715021E78.e.17523/click - {}
RESULT: {}
COMMAND: GET /session/baa8cc8c703ae50a3cfee07d32ab3bfd/screenshot - {}
RESULT: {}
]]></system-out>
    </testcase>
    <testcase classname="chrome.135_0_7049_42.windows.Performance_based_billing_(work_days)_US139742" name="Should create a few performance documents" time="95.699">
      <system-out><![CDATA[
COMMAND: POST /session/baa8cc8c703ae50a3cfee07d32ab3bfd/window/fullscreen - {}
RESULT: {}
COMMAND: POST /session/baa8cc8c703ae50a3cfee07d32ab3bfd/execute/async - {"script":"<script> [1562 bytes]","args":[{"selector":{"controlType":"sap.m.GenericTile","properties":{"header":"Manage States & Performance"}},"wdio_ui5_key":"sapm.GenericTile{\"header\":\"Manage States & Performance\"}"}]}
RESULT: {"script":"<script> [1562 bytes]","args":[{"selector":{"controlType":"sap.m.GenericTile","properties":{"header":"Manage States & Performance"}},"wdio_ui5_key":"sapm.GenericTile{\"header\":\"Manage States & Performance\"}"}]}
RESULT: undefined
COMMAND: POST /session/baa8cc8c703ae50a3cfee07d32ab3bfd/element - {"using":"xpath","value":"//*[@id=\"__tile56\"]"}
RESULT: {"using":"xpath","value":"//*[@id=\"__tile56\"]"}
COMMAND: POST /session/baa8cc8c703ae50a3cfee07d32ab3bfd/element/f.A7D77B31E8FD2DE6ABF8E388F5FFE54F.d.5E7BDEC341D0E3290D796A0715021E78.e.15027/click - {}
RESULT: {}
COMMAND: POST /session/baa8cc8c703ae50a3cfee07d32ab3bfd/element - {"using":"xpath","value":"//div[@id=\"application-managestatesandperformance-display-component---stateAndPerform--smartFilterBarResources-btnBasicSearch\"]"}
COMMAND: GET /session/baa8cc8c703ae50a3cfee07d32ab3bfd/screenshot - {}
RESULT: {"using":"xpath","value":"//div[@id=\"application-managestatesandperformance-display-component---stateAndPerform--smartFilterBarResources-btnBasicSearch\"]"}
COMMAND: POST /session/baa8cc8c703ae50a3cfee07d32ab3bfd/elements - {"using":"xpath","value":"//div[@id=\"application-managestatesandperformance-display-component---stateAndPerform--smartFilterBarResources-btnBasicSearch\"]"}
RESULT: {}
RESULT: {"using":"xpath","value":"//div[@id=\"application-managestatesandperformance-display-component---stateAndPerform--smartFilterBarResources-btnBasicSearch\"]"}
COMMAND: POST /session/baa8cc8c703ae50a3cfee07d32ab3bfd/elements - {"using":"xpath","value":"//div[@id=\"application-managestatesandperformance-display-component---stateAndPerform--smartFilterBarResources-btnBasicSearch\"]"}
RESULT: {"using":"xpath","value":"//div[@id=\"application-managestatesandperformance-display-component---stateAndPerform--smartFilterBarResources-btnBasicSearch\"]"}
COMMAND: POST /session/baa8cc8c703ae50a3cfee07d32ab3bfd/element - {"using":"xpath","value":"//div[@id=\"application-managestatesandperformance-display-component---stateAndPerform--smartFilterBarResources-btnBasicSearch\"]"}
RESULT: {"using":"xpath","value":"//div[@id=\"application-managestatesandperformance-display-component---stateAndPerform--smartFilterBarResources-btnBasicSearch\"]"}
COMMAND: POST /session/baa8cc8c703ae50a3cfee07d32ab3bfd/execute/sync - {"script":"<script> [8489 bytes]","args":[{"element-6066-11e4-a52e-4f735466cecf":"f.A7D77B31E8FD2DE6ABF8E388F5FFE54F.d.5E7BDEC341D0E3290D796A0715021E78.e.18759","ELEMENT":"f.A7D77B31E8FD2DE6ABF8E388F5FFE54F.d.5E7BDEC341D0E3290D796A0715021E78.e.18759"}]}
RESULT: {"script":"<script> [8489 bytes]","args":[{"element-6066-11e4-a52e-4f735466cecf":"f.A7D77B31E8FD2DE6ABF8E388F5FFE54F.d.5E7BDEC341D0E3290D796A0715021E78.e.18759","ELEMENT":"f.A7D77B31E8FD2DE6ABF8E388F5FFE54F.d.5E7BDEC341D0E3290D796A0715021E78.e.18759"}]}
COMMAND: GET /session/baa8cc8c703ae50a3cfee07d32ab3bfd/element/f.A7D77B31E8FD2DE6ABF8E388F5FFE54F.d.5E7BDEC341D0E3290D796A0715021E78.e.18759/enabled - {}
COMMAND: GET /session/baa8cc8c703ae50a3cfee07d32ab3bfd/screenshot - {}
RESULT: {}
COMMAND: POST /session/baa8cc8c703ae50a3cfee07d32ab3bfd/execute/sync - {"script":"<script> [8489 bytes]","args":[{"element-6066-11e4-a52e-4f735466cecf":"f.A7D77B31E8FD2DE6ABF8E388F5FFE54F.d.5E7BDEC341D0E3290D796A0715021E78.e.18759","ELEMENT":"f.A7D77B31E8FD2DE6ABF8E388F5FFE54F.d.5E7BDEC341D0E3290D796A0715021E78.e.18759"}]}
COMMAND: GET /session/baa8cc8c703ae50a3cfee07d32ab3bfd/screenshot - {}
RESULT: {}
RESULT: {"script":"<script> [8489 bytes]","args":[{"element-6066-11e4-a52e-4f735466cecf":"f.A7D77B31E8FD2DE6ABF8E388F5FFE54F.d.5E7BDEC341D0E3290D796A0715021E78.e.18759","ELEMENT":"f.A7D77B31E8FD2DE6ABF8E388F5FFE54F.d.5E7BDEC341D0E3290D796A0715021E78.e.18759"}]}
COMMAND: POST /session/baa8cc8c703ae50a3cfee07d32ab3bfd/execute/sync - {"script":"<script> [5351 bytes]","args":[{"element-6066-11e4-a52e-4f735466cecf":"f.A7D77B31E8FD2DE6ABF8E388F5FFE54F.d.5E7BDEC341D0E3290D796A0715021E78.e.18759","ELEMENT":"f.A7D77B31E8FD2DE6ABF8E388F5FFE54F.d.5E7BDEC341D0E3290D796A0715021E78.e.18759"}]}
COMMAND: GET /session/baa8cc8c703ae50a3cfee07d32ab3bfd/screenshot - {}
RESULT: {}
RESULT: {"script":"<script> [5351 bytes]","args":[{"element-6066-11e4-a52e-4f735466cecf":"f.A7D77B31E8FD2DE6ABF8E388F5FFE54F.d.5E7BDEC341D0E3290D796A0715021E78.e.18759","ELEMENT":"f.A7D77B31E8FD2DE6ABF8E388F5FFE54F.d.5E7BDEC341D0E3290D796A0715021E78.e.18759"}]}
COMMAND: POST /session/baa8cc8c703ae50a3cfee07d32ab3bfd/execute/async - {"script":"<script> [1562 bytes]","args":[{"selector":{"id":"application-managestatesandperformance-display-component---stateAndPerform--smartFilterBarResources-btnBasicSearch","interaction":{"idSuffix":"I"}},"wdio_ui5_key":"applicationmanagestatesandperformance-display-component---stateAndPerform--smartFilterBarResources-btnBasicSearch"}]}
COMMAND: GET /session/baa8cc8c703ae50a3cfee07d32ab3bfd/screenshot - {}
RESULT: {}
RESULT: {"script":"<script> [1562 bytes]","args":[{"selector":{"id":"application-managestatesandperformance-display-component---stateAndPerform--smartFilterBarResources-btnBasicSearch","interaction":{"idSuffix":"I"}},"wdio_ui5_key":"applicationmanagestatesandperformance-display-component---stateAndPerform--smartFilterBarResources-btnBasicSearch"}]}
RESULT: undefined
COMMAND: POST /session/baa8cc8c703ae50a3cfee07d32ab3bfd/execute/async - {"script":"<script> [776 bytes]","args":[{"enterText":"PEqXpqZnv7","selector":{"id":"application-managestatesandperformance-display-component---stateAndPerform--smartFilterBarResources-btnBasicSearch","interaction":{"idSuffix":"I"}},"clearTextFirst":true,"interactionType":"ENTER_TEXT"}]}
RESULT: {}
RESULT: {"script":"<script> [776 bytes]","args":[{"enterText":"PEqXpqZnv7","selector":{"id":"application-managestatesandperformance-display-component---stateAndPerform--smartFilterBarResources-btnBasicSearch","interaction":{"idSuffix":"I"}},"clearTextFirst":true,"interactionType":"ENTER_TEXT"}]}
COMMAND: POST /session/baa8cc8c703ae50a3cfee07d32ab3bfd/actions - {"actions":[{"id":"action59","type":"key","parameters":{},"actions":[{"type":"keyDown","value":""},{"type":"pause","duration":10},{"type":"keyUp","value":""}]}]}
RESULT: {"actions":[{"id":"action59","type":"key","parameters":{},"actions":[{"type":"keyDown","value":""},{"type":"pause","duration":10},{"type":"keyUp","value":""}]}]}
COMMAND: GET /session/baa8cc8c703ae50a3cfee07d32ab3bfd/screenshot - {}
RESULT: {}
COMMAND: POST /session/baa8cc8c703ae50a3cfee07d32ab3bfd/execute/async - {"script":"<script> [1562 bytes]","args":[{"selector":{"id":"application-managestatesandperformance-display-component---stateAndPerform--stateAndPerformResourcesSmartTable-header"},"wdio_ui5_key":"applicationmanagestatesandperformance-display-component---stateAndPerform--stateAndPerformResourcesSmartTable-header"}]}
RESULT: {"script":"<script> [1562 bytes]","args":[{"selector":{"id":"application-managestatesandperformance-display-component---stateAndPerform--stateAndPerformResourcesSmartTable-header"},"wdio_ui5_key":"applicationmanagestatesandperformance-display-component---stateAndPerform--stateAndPerformResourcesSmartTable-header"}]}
RESULT: undefined
COMMAND: POST /session/baa8cc8c703ae50a3cfee07d32ab3bfd/execute/async - {"script":"<script> [6424 bytes]","args":[{"element-6066-11e4-a52e-4f735466cecf":"f.A7D77B31E8FD2DE6ABF8E388F5FFE54F.d.5E7BDEC341D0E3290D796A0715021E78.e.18774"},"getText",[]]}
RESULT: {"script":"<script> [6424 bytes]","args":[{"element-6066-11e4-a52e-4f735466cecf":"f.A7D77B31E8FD2DE6ABF8E388F5FFE54F.d.5E7BDEC341D0E3290D796A0715021E78.e.18774"},"getText",[]]}
COMMAND: POST /session/baa8cc8c703ae50a3cfee07d32ab3bfd/execute/async - {"script":"<script> [1562 bytes]","args":[{"selector":{"controlType":"sap.ui.core.Icon","viewName":"etm.portal.ui.managestatesandperformance.view.Master","viewId":"application-managestatesandperformance-display-component---stateAndPerform","properties":{"src":{"regex":{"source":"slim\\-arrow\\-right"}}}},"wdio_ui5_key":"etmportal.ui.managestatesandperformance.view.Mastersap.ui.core.Icon{\"src\":{\"regex\":{\"source\":\"slim\\\\-arrow\\\\-right\"}}}"}]}
RESULT: {"script":"<script> [1562 bytes]","args":[{"selector":{"controlType":"sap.ui.core.Icon","viewName":"etm.portal.ui.managestatesandperformance.view.Master","viewId":"application-managestatesandperformance-display-component---stateAndPerform","properties":{"src":{"regex":{"source":"slim\\-arrow\\-right"}}}},"wdio_ui5_key":"etmportal.ui.managestatesandperformance.view.Mastersap.ui.core.Icon{\"src\":{\"regex\":{\"source\":\"slim\\\\-arrow\\\\-right\"}}}"}]}
RESULT: undefined
COMMAND: POST /session/baa8cc8c703ae50a3cfee07d32ab3bfd/element - {"using":"xpath","value":"//*[@id=\"__item3005-__clone5389-imgNav\"]"}
RESULT: {"using":"xpath","value":"//*[@id=\"__item3005-__clone5389-imgNav\"]"}
COMMAND: POST /session/baa8cc8c703ae50a3cfee07d32ab3bfd/element/f.A7D77B31E8FD2DE6ABF8E388F5FFE54F.d.5E7BDEC341D0E3290D796A0715021E78.e.18772/click - {}
RESULT: {}
COMMAND: GET /session/baa8cc8c703ae50a3cfee07d32ab3bfd/screenshot - {}
RESULT: {}
COMMAND: POST /session/baa8cc8c703ae50a3cfee07d32ab3bfd/execute/async - {"script":"<script> [1562 bytes]","args":[{"selector":{"controlType":"sap.m.Button","viewName":"etm.portal.ui.managestatesandperformance.view.Detail","viewId":"application-managestatesandperformance-display-component---detailStateAndPerform","properties":{"text":"Performance Documents"}},"wdio_ui5_key":"etmportal.ui.managestatesandperformance.view.Detailsap.m.Button{\"text\":\"Performance Documents\"}"}]}
RESULT: {"script":"<script> [1562 bytes]","args":[{"selector":{"controlType":"sap.m.Button","viewName":"etm.portal.ui.managestatesandperformance.view.Detail","viewId":"application-managestatesandperformance-display-component---detailStateAndPerform","properties":{"text":"Performance Documents"}},"wdio_ui5_key":"etmportal.ui.managestatesandperformance.view.Detailsap.m.Button{\"text\":\"Performance Documents\"}"}]}
RESULT: undefined
COMMAND: POST /session/baa8cc8c703ae50a3cfee07d32ab3bfd/element - {"using":"xpath","value":"//*[@id=\"__item3028-button\"]"}
RESULT: {"using":"xpath","value":"//*[@id=\"__item3028-button\"]"}
COMMAND: POST /session/baa8cc8c703ae50a3cfee07d32ab3bfd/element/f.A7D77B31E8FD2DE6ABF8E388F5FFE54F.d.5E7BDEC341D0E3290D796A0715021E78.e.18819/click - {}
RESULT: {}
COMMAND: POST /session/baa8cc8c703ae50a3cfee07d32ab3bfd/execute/async - {"script":"<script> [1562 bytes]","args":[{"selector":{"controlType":"sap.m.Button","viewName":"etm.portal.ui.managestatesandperformance.view.Detail","viewId":"application-managestatesandperformance-display-component---detailStateAndPerform","i18NText":{"propertyName":"text","key":"createPerformanceDoc"},"interaction":{"idSuffix":"BDI-content"}},"wdio_ui5_key":"etmportal.ui.managestatesandperformance.view.Detailsap.m.Button{\"propertyName\":\"text\",\"key\":\"createPerformanceDoc\"}"}]}
COMMAND: GET /session/baa8cc8c703ae50a3cfee07d32ab3bfd/screenshot - {}
RESULT: {"script":"<script> [1562 bytes]","args":[{"selector":{"controlType":"sap.m.Button","viewName":"etm.portal.ui.managestatesandperformance.view.Detail","viewId":"application-managestatesandperformance-display-component---detailStateAndPerform","i18NText":{"propertyName":"text","key":"createPerformanceDoc"},"interaction":{"idSuffix":"BDI-content"}},"wdio_ui5_key":"etmportal.ui.managestatesandperformance.view.Detailsap.m.Button{\"propertyName\":\"text\",\"key\":\"createPerformanceDoc\"}"}]}
RESULT: undefined
COMMAND: POST /session/baa8cc8c703ae50a3cfee07d32ab3bfd/element - {"using":"xpath","value":"//*[@id=\"__button389\"]"}
RESULT: {}
RESULT: {"using":"xpath","value":"//*[@id=\"__button389\"]"}
COMMAND: POST /session/baa8cc8c703ae50a3cfee07d32ab3bfd/element/f.A7D77B31E8FD2DE6ABF8E388F5FFE54F.d.5E7BDEC341D0E3290D796A0715021E78.e.18823/click - {}
RESULT: {}
COMMAND: POST /session/baa8cc8c703ae50a3cfee07d32ab3bfd/execute/async - {"script":"<script> [1562 bytes]","args":[{"selector":{"id":"application-managestatesandperformance-display-component---detailStateAndPerform--perfDocDatePicker","searchOpenDialogs":true,"interaction":{"idSuffix":"inner"}},"wdio_ui5_key":"applicationmanagestatesandperformance-display-component---detailStateAndPerform--perfDocDatePicker"}]}
COMMAND: GET /session/baa8cc8c703ae50a3cfee07d32ab3bfd/screenshot - {}
RESULT: {"script":"<script> [1562 bytes]","args":[{"selector":{"id":"application-managestatesandperformance-display-component---detailStateAndPerform--perfDocDatePicker","searchOpenDialogs":true,"interaction":{"idSuffix":"inner"}},"wdio_ui5_key":"applicationmanagestatesandperformance-display-component---detailStateAndPerform--perfDocDatePicker"}]}
RESULT: undefined
COMMAND: POST /session/baa8cc8c703ae50a3cfee07d32ab3bfd/execute/async - {"script":"<script> [776 bytes]","args":[{"enterText":"04/25/25","selector":{"id":"application-managestatesandperformance-display-component---detailStateAndPerform--perfDocDatePicker","searchOpenDialogs":true,"interaction":{"idSuffix":"inner"}},"clearTextFirst":true,"interactionType":"ENTER_TEXT"}]}
RESULT: {}
RESULT: {"script":"<script> [776 bytes]","args":[{"enterText":"04/25/25","selector":{"id":"application-managestatesandperformance-display-component---detailStateAndPerform--perfDocDatePicker","searchOpenDialogs":true,"interaction":{"idSuffix":"inner"}},"clearTextFirst":true,"interactionType":"ENTER_TEXT"}]}
COMMAND: POST /session/baa8cc8c703ae50a3cfee07d32ab3bfd/execute/async - {"script":"<script> [1562 bytes]","args":[{"selector":{"id":"application-managestatesandperformance-display-component---detailStateAndPerform--counterValue-input","searchOpenDialogs":true,"interaction":{"idSuffix":"inner"}},"wdio_ui5_key":"applicationmanagestatesandperformance-display-component---detailStateAndPerform--counterValue-input"}]}
RESULT: {"script":"<script> [1562 bytes]","args":[{"selector":{"id":"application-managestatesandperformance-display-component---detailStateAndPerform--counterValue-input","searchOpenDialogs":true,"interaction":{"idSuffix":"inner"}},"wdio_ui5_key":"applicationmanagestatesandperformance-display-component---detailStateAndPerform--counterValue-input"}]}
RESULT: undefined
COMMAND: POST /session/baa8cc8c703ae50a3cfee07d32ab3bfd/execute/async - {"script":"<script> [776 bytes]","args":[{"enterText":"15.00","selector":{"id":"application-managestatesandperformance-display-component---detailStateAndPerform--counterValue-input","searchOpenDialogs":true,"interaction":{"idSuffix":"inner"}},"clearTextFirst":true,"interactionType":"ENTER_TEXT"}]}
RESULT: {"script":"<script> [776 bytes]","args":[{"enterText":"15.00","selector":{"id":"application-managestatesandperformance-display-component---detailStateAndPerform--counterValue-input","searchOpenDialogs":true,"interaction":{"idSuffix":"inner"}},"clearTextFirst":true,"interactionType":"ENTER_TEXT"}]}
COMMAND: POST /session/baa8cc8c703ae50a3cfee07d32ab3bfd/execute/async - {"script":"<script> [1562 bytes]","args":[{"selector":{"controlType":"sap.m.Button","viewName":"etm.portal.ui.managestatesandperformance.view.Detail","viewId":"application-managestatesandperformance-display-component---detailStateAndPerform","bindingPath":{"path":"","propertyPath":"/allowAddEdit","modelName":"oScreenModel"},"searchOpenDialogs":true,"interaction":{"idSuffix":"BDI-content"}},"wdio_ui5_key":"etmportal.ui.managestatesandperformance.view.Detailsap.m.Button{\"path\":\"\",\"propertyPath\":\"/allowAddEdit\",\"modelName\":\"oScreenModel\"}"}]}
RESULT: {"script":"<script> [1562 bytes]","args":[{"selector":{"controlType":"sap.m.Button","viewName":"etm.portal.ui.managestatesandperformance.view.Detail","viewId":"application-managestatesandperformance-display-component---detailStateAndPerform","bindingPath":{"path":"","propertyPath":"/allowAddEdit","modelName":"oScreenModel"},"searchOpenDialogs":true,"interaction":{"idSuffix":"BDI-content"}},"wdio_ui5_key":"etmportal.ui.managestatesandperformance.view.Detailsap.m.Button{\"path\":\"\",\"propertyPath\":\"/allowAddEdit\",\"modelName\":\"oScreenModel\"}"}]}
RESULT: undefined
COMMAND: POST /session/baa8cc8c703ae50a3cfee07d32ab3bfd/element - {"using":"xpath","value":"//*[@id=\"__button396\"]"}
RESULT: {"using":"xpath","value":"//*[@id=\"__button396\"]"}
COMMAND: POST /session/baa8cc8c703ae50a3cfee07d32ab3bfd/element/f.A7D77B31E8FD2DE6ABF8E388F5FFE54F.d.5E7BDEC341D0E3290D796A0715021E78.e.18843/click - {}
RESULT: {}
RESULT: undefined
COMMAND: POST /session/baa8cc8c703ae50a3cfee07d32ab3bfd/element - {"using":"xpath","value":"//*[@id=\"__button389\"]"}
COMMAND: GET /session/baa8cc8c703ae50a3cfee07d32ab3bfd/screenshot - {}
RESULT: {"using":"xpath","value":"//*[@id=\"__button389\"]"}
COMMAND: POST /session/baa8cc8c703ae50a3cfee07d32ab3bfd/element/f.A7D77B31E8FD2DE6ABF8E388F5FFE54F.d.5E7BDEC341D0E3290D796A0715021E78.e.18823/click - {}
RESULT: {}
RESULT: {}
RESULT: undefined
COMMAND: POST /session/baa8cc8c703ae50a3cfee07d32ab3bfd/execute/async - {"script":"<script> [776 bytes]","args":[{"enterText":"04/29/25","selector":{"id":"application-managestatesandperformance-display-component---detailStateAndPerform--perfDocDatePicker","searchOpenDialogs":true,"interaction":{"idSuffix":"inner"}},"clearTextFirst":true,"interactionType":"ENTER_TEXT"}]}
COMMAND: GET /session/baa8cc8c703ae50a3cfee07d32ab3bfd/screenshot - {}
RESULT: {"script":"<script> [776 bytes]","args":[{"enterText":"04/29/25","selector":{"id":"application-managestatesandperformance-display-component---detailStateAndPerform--perfDocDatePicker","searchOpenDialogs":true,"interaction":{"idSuffix":"inner"}},"clearTextFirst":true,"interactionType":"ENTER_TEXT"}]}
RESULT: undefined
COMMAND: POST /session/baa8cc8c703ae50a3cfee07d32ab3bfd/execute/async - {"script":"<script> [776 bytes]","args":[{"enterText":"20.00","selector":{"id":"application-managestatesandperformance-display-component---detailStateAndPerform--counterValue-input","searchOpenDialogs":true,"interaction":{"idSuffix":"inner"}},"clearTextFirst":true,"interactionType":"ENTER_TEXT"}]}
RESULT: {}
RESULT: {"script":"<script> [776 bytes]","args":[{"enterText":"20.00","selector":{"id":"application-managestatesandperformance-display-component---detailStateAndPerform--counterValue-input","searchOpenDialogs":true,"interaction":{"idSuffix":"inner"}},"clearTextFirst":true,"interactionType":"ENTER_TEXT"}]}
COMMAND: POST /session/baa8cc8c703ae50a3cfee07d32ab3bfd/actions - {"actions":[{"id":"action60","type":"key","parameters":{},"actions":[{"type":"keyDown","value":""},{"type":"keyDown","value":""},{"type":"pause","duration":10},{"type":"keyUp","value":""},{"type":"keyUp","value":""}]}]}
RESULT: {"actions":[{"id":"action60","type":"key","parameters":{},"actions":[{"type":"keyDown","value":""},{"type":"keyDown","value":""},{"type":"pause","duration":10},{"type":"keyUp","value":""},{"type":"keyUp","value":""}]}]}
COMMAND: POST /session/baa8cc8c703ae50a3cfee07d32ab3bfd/actions - {"actions":[{"id":"action61","type":"key","parameters":{},"actions":[{"type":"keyDown","value":""},{"type":"pause","duration":10},{"type":"keyUp","value":""}]}]}
COMMAND: GET /session/baa8cc8c703ae50a3cfee07d32ab3bfd/screenshot - {}
RESULT: {"actions":[{"id":"action61","type":"key","parameters":{},"actions":[{"type":"keyDown","value":""},{"type":"pause","duration":10},{"type":"keyUp","value":""}]}]}
RESULT: undefined
COMMAND: POST /session/baa8cc8c703ae50a3cfee07d32ab3bfd/element - {"using":"xpath","value":"//*[@id=\"__button396\"]"}
COMMAND: GET /session/baa8cc8c703ae50a3cfee07d32ab3bfd/screenshot - {}
RESULT: {}
RESULT: {"using":"xpath","value":"//*[@id=\"__button396\"]"}
COMMAND: POST /session/baa8cc8c703ae50a3cfee07d32ab3bfd/elements - {"using":"xpath","value":"//*[@id=\"__button396\"]"}
RESULT: {}
RESULT: {"using":"xpath","value":"//*[@id=\"__button396\"]"}
COMMAND: POST /session/baa8cc8c703ae50a3cfee07d32ab3bfd/elements - {"using":"xpath","value":"//*[@id=\"__button396\"]"}
RESULT: {"using":"xpath","value":"//*[@id=\"__button396\"]"}
COMMAND: POST /session/baa8cc8c703ae50a3cfee07d32ab3bfd/elements - {"using":"xpath","value":"//*[@id=\"__button396\"]"}
RESULT: {"using":"xpath","value":"//*[@id=\"__button396\"]"}
COMMAND: POST /session/baa8cc8c703ae50a3cfee07d32ab3bfd/elements - {"using":"xpath","value":"//*[@id=\"__button396\"]"}
RESULT: {"using":"xpath","value":"//*[@id=\"__button396\"]"}
COMMAND: POST /session/baa8cc8c703ae50a3cfee07d32ab3bfd/elements - {"using":"xpath","value":"//*[@id=\"__button396\"]"}
RESULT: {"using":"xpath","value":"//*[@id=\"__button396\"]"}
COMMAND: POST /session/baa8cc8c703ae50a3cfee07d32ab3bfd/elements - {"using":"xpath","value":"//*[@id=\"__button396\"]"}
RESULT: {"using":"xpath","value":"//*[@id=\"__button396\"]"}
COMMAND: POST /session/baa8cc8c703ae50a3cfee07d32ab3bfd/elements - {"using":"xpath","value":"//*[@id=\"__button396\"]"}
RESULT: {"using":"xpath","value":"//*[@id=\"__button396\"]"}
COMMAND: POST /session/baa8cc8c703ae50a3cfee07d32ab3bfd/elements - {"using":"xpath","value":"//*[@id=\"__button396\"]"}
RESULT: {"using":"xpath","value":"//*[@id=\"__button396\"]"}
COMMAND: POST /session/baa8cc8c703ae50a3cfee07d32ab3bfd/elements - {"using":"xpath","value":"//*[@id=\"__button396\"]"}
RESULT: {"using":"xpath","value":"//*[@id=\"__button396\"]"}
COMMAND: POST /session/baa8cc8c703ae50a3cfee07d32ab3bfd/elements - {"using":"xpath","value":"//*[@id=\"__button396\"]"}
RESULT: {"using":"xpath","value":"//*[@id=\"__button396\"]"}
COMMAND: POST /session/baa8cc8c703ae50a3cfee07d32ab3bfd/elements - {"using":"xpath","value":"//*[@id=\"__button396\"]"}
RESULT: {"using":"xpath","value":"//*[@id=\"__button396\"]"}
COMMAND: POST /session/baa8cc8c703ae50a3cfee07d32ab3bfd/elements - {"using":"xpath","value":"//*[@id=\"__button396\"]"}
RESULT: {"using":"xpath","value":"//*[@id=\"__button396\"]"}
COMMAND: POST /session/baa8cc8c703ae50a3cfee07d32ab3bfd/elements - {"using":"xpath","value":"//*[@id=\"__button396\"]"}
RESULT: {"using":"xpath","value":"//*[@id=\"__button396\"]"}
COMMAND: POST /session/baa8cc8c703ae50a3cfee07d32ab3bfd/elements - {"using":"xpath","value":"//*[@id=\"__button396\"]"}
RESULT: {"using":"xpath","value":"//*[@id=\"__button396\"]"}
COMMAND: POST /session/baa8cc8c703ae50a3cfee07d32ab3bfd/elements - {"using":"xpath","value":"//*[@id=\"__button396\"]"}
RESULT: {"using":"xpath","value":"//*[@id=\"__button396\"]"}
COMMAND: POST /session/baa8cc8c703ae50a3cfee07d32ab3bfd/elements - {"using":"xpath","value":"//*[@id=\"__button396\"]"}
RESULT: {"using":"xpath","value":"//*[@id=\"__button396\"]"}
COMMAND: POST /session/baa8cc8c703ae50a3cfee07d32ab3bfd/elements - {"using":"xpath","value":"//*[@id=\"__button396\"]"}
RESULT: {"using":"xpath","value":"//*[@id=\"__button396\"]"}
COMMAND: POST /session/baa8cc8c703ae50a3cfee07d32ab3bfd/elements - {"using":"xpath","value":"//*[@id=\"__button396\"]"}
RESULT: {"using":"xpath","value":"//*[@id=\"__button396\"]"}
COMMAND: POST /session/baa8cc8c703ae50a3cfee07d32ab3bfd/elements - {"using":"xpath","value":"//*[@id=\"__button396\"]"}
RESULT: {"using":"xpath","value":"//*[@id=\"__button396\"]"}
COMMAND: POST /session/baa8cc8c703ae50a3cfee07d32ab3bfd/elements - {"using":"xpath","value":"//*[@id=\"__button396\"]"}
RESULT: {"using":"xpath","value":"//*[@id=\"__button396\"]"}
COMMAND: POST /session/baa8cc8c703ae50a3cfee07d32ab3bfd/elements - {"using":"xpath","value":"//*[@id=\"__button396\"]"}
RESULT: {"using":"xpath","value":"//*[@id=\"__button396\"]"}
COMMAND: POST /session/baa8cc8c703ae50a3cfee07d32ab3bfd/elements - {"using":"xpath","value":"//*[@id=\"__button396\"]"}
RESULT: {"using":"xpath","value":"//*[@id=\"__button396\"]"}
COMMAND: POST /session/baa8cc8c703ae50a3cfee07d32ab3bfd/elements - {"using":"xpath","value":"//*[@id=\"__button396\"]"}
RESULT: {"using":"xpath","value":"//*[@id=\"__button396\"]"}
COMMAND: POST /session/baa8cc8c703ae50a3cfee07d32ab3bfd/elements - {"using":"xpath","value":"//*[@id=\"__button396\"]"}
RESULT: {"using":"xpath","value":"//*[@id=\"__button396\"]"}
COMMAND: POST /session/baa8cc8c703ae50a3cfee07d32ab3bfd/elements - {"using":"xpath","value":"//*[@id=\"__button396\"]"}
RESULT: {"using":"xpath","value":"//*[@id=\"__button396\"]"}
COMMAND: POST /session/baa8cc8c703ae50a3cfee07d32ab3bfd/elements - {"using":"xpath","value":"//*[@id=\"__button396\"]"}
RESULT: {"using":"xpath","value":"//*[@id=\"__button396\"]"}
COMMAND: POST /session/baa8cc8c703ae50a3cfee07d32ab3bfd/elements - {"using":"xpath","value":"//*[@id=\"__button396\"]"}
RESULT: {"using":"xpath","value":"//*[@id=\"__button396\"]"}
COMMAND: POST /session/baa8cc8c703ae50a3cfee07d32ab3bfd/elements - {"using":"xpath","value":"//*[@id=\"__button396\"]"}
RESULT: {"using":"xpath","value":"//*[@id=\"__button396\"]"}
COMMAND: POST /session/baa8cc8c703ae50a3cfee07d32ab3bfd/elements - {"using":"xpath","value":"//*[@id=\"__button396\"]"}
RESULT: {"using":"xpath","value":"//*[@id=\"__button396\"]"}
COMMAND: POST /session/baa8cc8c703ae50a3cfee07d32ab3bfd/elements - {"using":"xpath","value":"//*[@id=\"__button396\"]"}
RESULT: {"using":"xpath","value":"//*[@id=\"__button396\"]"}
COMMAND: POST /session/baa8cc8c703ae50a3cfee07d32ab3bfd/elements - {"using":"xpath","value":"//*[@id=\"__button396\"]"}
RESULT: {"using":"xpath","value":"//*[@id=\"__button396\"]"}
COMMAND: POST /session/baa8cc8c703ae50a3cfee07d32ab3bfd/elements - {"using":"xpath","value":"//*[@id=\"__button396\"]"}
RESULT: {"using":"xpath","value":"//*[@id=\"__button396\"]"}
COMMAND: POST /session/baa8cc8c703ae50a3cfee07d32ab3bfd/elements - {"using":"xpath","value":"//*[@id=\"__button396\"]"}
RESULT: {"using":"xpath","value":"//*[@id=\"__button396\"]"}
COMMAND: POST /session/baa8cc8c703ae50a3cfee07d32ab3bfd/elements - {"using":"xpath","value":"//*[@id=\"__button396\"]"}
RESULT: {"using":"xpath","value":"//*[@id=\"__button396\"]"}
COMMAND: POST /session/baa8cc8c703ae50a3cfee07d32ab3bfd/elements - {"using":"xpath","value":"//*[@id=\"__button396\"]"}
RESULT: {"using":"xpath","value":"//*[@id=\"__button396\"]"}
COMMAND: POST /session/baa8cc8c703ae50a3cfee07d32ab3bfd/elements - {"using":"xpath","value":"//*[@id=\"__button396\"]"}
RESULT: {"using":"xpath","value":"//*[@id=\"__button396\"]"}
COMMAND: POST /session/baa8cc8c703ae50a3cfee07d32ab3bfd/elements - {"using":"xpath","value":"//*[@id=\"__button396\"]"}
RESULT: {"using":"xpath","value":"//*[@id=\"__button396\"]"}
COMMAND: POST /session/baa8cc8c703ae50a3cfee07d32ab3bfd/elements - {"using":"xpath","value":"//*[@id=\"__button396\"]"}
RESULT: {"using":"xpath","value":"//*[@id=\"__button396\"]"}
COMMAND: POST /session/baa8cc8c703ae50a3cfee07d32ab3bfd/elements - {"using":"xpath","value":"//*[@id=\"__button396\"]"}
RESULT: {"using":"xpath","value":"//*[@id=\"__button396\"]"}
COMMAND: POST /session/baa8cc8c703ae50a3cfee07d32ab3bfd/elements - {"using":"xpath","value":"//*[@id=\"__button396\"]"}
RESULT: {"using":"xpath","value":"//*[@id=\"__button396\"]"}
COMMAND: POST /session/baa8cc8c703ae50a3cfee07d32ab3bfd/elements - {"using":"xpath","value":"//*[@id=\"__button396\"]"}
RESULT: {"using":"xpath","value":"//*[@id=\"__button396\"]"}
COMMAND: POST /session/baa8cc8c703ae50a3cfee07d32ab3bfd/elements - {"using":"xpath","value":"//*[@id=\"__button396\"]"}
RESULT: {"using":"xpath","value":"//*[@id=\"__button396\"]"}
COMMAND: POST /session/baa8cc8c703ae50a3cfee07d32ab3bfd/elements - {"using":"xpath","value":"//*[@id=\"__button396\"]"}
RESULT: {"using":"xpath","value":"//*[@id=\"__button396\"]"}
COMMAND: POST /session/baa8cc8c703ae50a3cfee07d32ab3bfd/elements - {"using":"xpath","value":"//*[@id=\"__button396\"]"}
RESULT: {"using":"xpath","value":"//*[@id=\"__button396\"]"}
COMMAND: POST /session/baa8cc8c703ae50a3cfee07d32ab3bfd/elements - {"using":"xpath","value":"//*[@id=\"__button396\"]"}
RESULT: {"using":"xpath","value":"//*[@id=\"__button396\"]"}
COMMAND: POST /session/baa8cc8c703ae50a3cfee07d32ab3bfd/elements - {"using":"xpath","value":"//*[@id=\"__button396\"]"}
RESULT: {"using":"xpath","value":"//*[@id=\"__button396\"]"}
COMMAND: POST /session/baa8cc8c703ae50a3cfee07d32ab3bfd/elements - {"using":"xpath","value":"//*[@id=\"__button396\"]"}
RESULT: {"using":"xpath","value":"//*[@id=\"__button396\"]"}
COMMAND: POST /session/baa8cc8c703ae50a3cfee07d32ab3bfd/elements - {"using":"xpath","value":"//*[@id=\"__button396\"]"}
RESULT: {"using":"xpath","value":"//*[@id=\"__button396\"]"}
COMMAND: POST /session/baa8cc8c703ae50a3cfee07d32ab3bfd/elements - {"using":"xpath","value":"//*[@id=\"__button396\"]"}
RESULT: {"using":"xpath","value":"//*[@id=\"__button396\"]"}
COMMAND: POST /session/baa8cc8c703ae50a3cfee07d32ab3bfd/elements - {"using":"xpath","value":"//*[@id=\"__button396\"]"}
RESULT: {"using":"xpath","value":"//*[@id=\"__button396\"]"}
COMMAND: POST /session/baa8cc8c703ae50a3cfee07d32ab3bfd/elements - {"using":"xpath","value":"//*[@id=\"__button396\"]"}
RESULT: {"using":"xpath","value":"//*[@id=\"__button396\"]"}
COMMAND: POST /session/baa8cc8c703ae50a3cfee07d32ab3bfd/elements - {"using":"xpath","value":"//*[@id=\"__button396\"]"}
RESULT: {"using":"xpath","value":"//*[@id=\"__button396\"]"}
COMMAND: POST /session/baa8cc8c703ae50a3cfee07d32ab3bfd/elements - {"using":"xpath","value":"//*[@id=\"__button396\"]"}
RESULT: {"using":"xpath","value":"//*[@id=\"__button396\"]"}
COMMAND: POST /session/baa8cc8c703ae50a3cfee07d32ab3bfd/elements - {"using":"xpath","value":"//*[@id=\"__button396\"]"}
RESULT: {"using":"xpath","value":"//*[@id=\"__button396\"]"}
COMMAND: POST /session/baa8cc8c703ae50a3cfee07d32ab3bfd/elements - {"using":"xpath","value":"//*[@id=\"__button396\"]"}
RESULT: {"using":"xpath","value":"//*[@id=\"__button396\"]"}
COMMAND: POST /session/baa8cc8c703ae50a3cfee07d32ab3bfd/elements - {"using":"xpath","value":"//*[@id=\"__button396\"]"}
RESULT: {"using":"xpath","value":"//*[@id=\"__button396\"]"}
COMMAND: POST /session/baa8cc8c703ae50a3cfee07d32ab3bfd/elements - {"using":"xpath","value":"//*[@id=\"__button396\"]"}
RESULT: {"using":"xpath","value":"//*[@id=\"__button396\"]"}
COMMAND: POST /session/baa8cc8c703ae50a3cfee07d32ab3bfd/elements - {"using":"xpath","value":"//*[@id=\"__button396\"]"}
RESULT: {"using":"xpath","value":"//*[@id=\"__button396\"]"}
COMMAND: POST /session/baa8cc8c703ae50a3cfee07d32ab3bfd/elements - {"using":"xpath","value":"//*[@id=\"__button396\"]"}
RESULT: {"using":"xpath","value":"//*[@id=\"__button396\"]"}
COMMAND: POST /session/baa8cc8c703ae50a3cfee07d32ab3bfd/elements - {"using":"xpath","value":"//*[@id=\"__button396\"]"}
RESULT: {"using":"xpath","value":"//*[@id=\"__button396\"]"}
COMMAND: POST /session/baa8cc8c703ae50a3cfee07d32ab3bfd/elements - {"using":"xpath","value":"//*[@id=\"__button396\"]"}
RESULT: {"using":"xpath","value":"//*[@id=\"__button396\"]"}
COMMAND: POST /session/baa8cc8c703ae50a3cfee07d32ab3bfd/elements - {"using":"xpath","value":"//*[@id=\"__button396\"]"}
RESULT: {"using":"xpath","value":"//*[@id=\"__button396\"]"}
COMMAND: POST /session/baa8cc8c703ae50a3cfee07d32ab3bfd/elements - {"using":"xpath","value":"//*[@id=\"__button396\"]"}
RESULT: {"using":"xpath","value":"//*[@id=\"__button396\"]"}
COMMAND: POST /session/baa8cc8c703ae50a3cfee07d32ab3bfd/elements - {"using":"xpath","value":"//*[@id=\"__button396\"]"}
RESULT: {"using":"xpath","value":"//*[@id=\"__button396\"]"}
COMMAND: POST /session/baa8cc8c703ae50a3cfee07d32ab3bfd/elements - {"using":"xpath","value":"//*[@id=\"__button396\"]"}
RESULT: {"using":"xpath","value":"//*[@id=\"__button396\"]"}
COMMAND: POST /session/baa8cc8c703ae50a3cfee07d32ab3bfd/elements - {"using":"xpath","value":"//*[@id=\"__button396\"]"}
RESULT: {"using":"xpath","value":"//*[@id=\"__button396\"]"}
COMMAND: POST /session/baa8cc8c703ae50a3cfee07d32ab3bfd/elements - {"using":"xpath","value":"//*[@id=\"__button396\"]"}
RESULT: {"using":"xpath","value":"//*[@id=\"__button396\"]"}
COMMAND: POST /session/baa8cc8c703ae50a3cfee07d32ab3bfd/elements - {"using":"xpath","value":"//*[@id=\"__button396\"]"}
RESULT: {"using":"xpath","value":"//*[@id=\"__button396\"]"}
COMMAND: POST /session/baa8cc8c703ae50a3cfee07d32ab3bfd/elements - {"using":"xpath","value":"//*[@id=\"__button396\"]"}
RESULT: {"using":"xpath","value":"//*[@id=\"__button396\"]"}
COMMAND: POST /session/baa8cc8c703ae50a3cfee07d32ab3bfd/elements - {"using":"xpath","value":"//*[@id=\"__button396\"]"}
RESULT: {"using":"xpath","value":"//*[@id=\"__button396\"]"}
COMMAND: POST /session/baa8cc8c703ae50a3cfee07d32ab3bfd/elements - {"using":"xpath","value":"//*[@id=\"__button396\"]"}
RESULT: {"using":"xpath","value":"//*[@id=\"__button396\"]"}
COMMAND: POST /session/baa8cc8c703ae50a3cfee07d32ab3bfd/elements - {"using":"xpath","value":"//*[@id=\"__button396\"]"}
RESULT: {"using":"xpath","value":"//*[@id=\"__button396\"]"}
COMMAND: POST /session/baa8cc8c703ae50a3cfee07d32ab3bfd/elements - {"using":"xpath","value":"//*[@id=\"__button396\"]"}
RESULT: {"using":"xpath","value":"//*[@id=\"__button396\"]"}
COMMAND: POST /session/baa8cc8c703ae50a3cfee07d32ab3bfd/elements - {"using":"xpath","value":"//*[@id=\"__button396\"]"}
RESULT: {"using":"xpath","value":"//*[@id=\"__button396\"]"}
COMMAND: POST /session/baa8cc8c703ae50a3cfee07d32ab3bfd/elements - {"using":"xpath","value":"//*[@id=\"__button396\"]"}
RESULT: {"using":"xpath","value":"//*[@id=\"__button396\"]"}
COMMAND: POST /session/baa8cc8c703ae50a3cfee07d32ab3bfd/elements - {"using":"xpath","value":"//*[@id=\"__button396\"]"}
RESULT: {"using":"xpath","value":"//*[@id=\"__button396\"]"}
COMMAND: POST /session/baa8cc8c703ae50a3cfee07d32ab3bfd/elements - {"using":"xpath","value":"//*[@id=\"__button396\"]"}
RESULT: {"using":"xpath","value":"//*[@id=\"__button396\"]"}
COMMAND: POST /session/baa8cc8c703ae50a3cfee07d32ab3bfd/elements - {"using":"xpath","value":"//*[@id=\"__button396\"]"}
RESULT: {"using":"xpath","value":"//*[@id=\"__button396\"]"}
COMMAND: POST /session/baa8cc8c703ae50a3cfee07d32ab3bfd/elements - {"using":"xpath","value":"//*[@id=\"__button396\"]"}
RESULT: {"using":"xpath","value":"//*[@id=\"__button396\"]"}
COMMAND: POST /session/baa8cc8c703ae50a3cfee07d32ab3bfd/elements - {"using":"xpath","value":"//*[@id=\"__button396\"]"}
RESULT: {"using":"xpath","value":"//*[@id=\"__button396\"]"}
COMMAND: POST /session/baa8cc8c703ae50a3cfee07d32ab3bfd/elements - {"using":"xpath","value":"//*[@id=\"__button396\"]"}
RESULT: {"using":"xpath","value":"//*[@id=\"__button396\"]"}
COMMAND: POST /session/baa8cc8c703ae50a3cfee07d32ab3bfd/elements - {"using":"xpath","value":"//*[@id=\"__button396\"]"}
RESULT: {"using":"xpath","value":"//*[@id=\"__button396\"]"}
COMMAND: POST /session/baa8cc8c703ae50a3cfee07d32ab3bfd/elements - {"using":"xpath","value":"//*[@id=\"__button396\"]"}
RESULT: {"using":"xpath","value":"//*[@id=\"__button396\"]"}
COMMAND: POST /session/baa8cc8c703ae50a3cfee07d32ab3bfd/elements - {"using":"xpath","value":"//*[@id=\"__button396\"]"}
RESULT: {"using":"xpath","value":"//*[@id=\"__button396\"]"}
COMMAND: POST /session/baa8cc8c703ae50a3cfee07d32ab3bfd/elements - {"using":"xpath","value":"//*[@id=\"__button396\"]"}
RESULT: {"using":"xpath","value":"//*[@id=\"__button396\"]"}
COMMAND: POST /session/baa8cc8c703ae50a3cfee07d32ab3bfd/elements - {"using":"xpath","value":"//*[@id=\"__button396\"]"}
RESULT: {"using":"xpath","value":"//*[@id=\"__button396\"]"}
COMMAND: POST /session/baa8cc8c703ae50a3cfee07d32ab3bfd/elements - {"using":"xpath","value":"//*[@id=\"__button396\"]"}
RESULT: {"using":"xpath","value":"//*[@id=\"__button396\"]"}
COMMAND: POST /session/baa8cc8c703ae50a3cfee07d32ab3bfd/elements - {"using":"xpath","value":"//*[@id=\"__button396\"]"}
RESULT: {"using":"xpath","value":"//*[@id=\"__button396\"]"}
COMMAND: POST /session/baa8cc8c703ae50a3cfee07d32ab3bfd/elements - {"using":"xpath","value":"//*[@id=\"__button396\"]"}
RESULT: {"using":"xpath","value":"//*[@id=\"__button396\"]"}
COMMAND: POST /session/baa8cc8c703ae50a3cfee07d32ab3bfd/elements - {"using":"xpath","value":"//*[@id=\"__button396\"]"}
RESULT: {"using":"xpath","value":"//*[@id=\"__button396\"]"}
COMMAND: POST /session/baa8cc8c703ae50a3cfee07d32ab3bfd/elements - {"using":"xpath","value":"//*[@id=\"__button396\"]"}
RESULT: {"using":"xpath","value":"//*[@id=\"__button396\"]"}
COMMAND: POST /session/baa8cc8c703ae50a3cfee07d32ab3bfd/elements - {"using":"xpath","value":"//*[@id=\"__button396\"]"}
RESULT: {"using":"xpath","value":"//*[@id=\"__button396\"]"}
COMMAND: POST /session/baa8cc8c703ae50a3cfee07d32ab3bfd/elements - {"using":"xpath","value":"//*[@id=\"__button396\"]"}
RESULT: {"using":"xpath","value":"//*[@id=\"__button396\"]"}
COMMAND: POST /session/baa8cc8c703ae50a3cfee07d32ab3bfd/elements - {"using":"xpath","value":"//*[@id=\"__button396\"]"}
RESULT: {"using":"xpath","value":"//*[@id=\"__button396\"]"}
COMMAND: POST /session/baa8cc8c703ae50a3cfee07d32ab3bfd/elements - {"using":"xpath","value":"//*[@id=\"__button396\"]"}
RESULT: {"using":"xpath","value":"//*[@id=\"__button396\"]"}
COMMAND: POST /session/baa8cc8c703ae50a3cfee07d32ab3bfd/elements - {"using":"xpath","value":"//*[@id=\"__button396\"]"}
RESULT: {"using":"xpath","value":"//*[@id=\"__button396\"]"}
COMMAND: POST /session/baa8cc8c703ae50a3cfee07d32ab3bfd/elements - {"using":"xpath","value":"//*[@id=\"__button396\"]"}
RESULT: {"using":"xpath","value":"//*[@id=\"__button396\"]"}
COMMAND: POST /session/baa8cc8c703ae50a3cfee07d32ab3bfd/elements - {"using":"xpath","value":"//*[@id=\"__button396\"]"}
RESULT: {"using":"xpath","value":"//*[@id=\"__button396\"]"}
COMMAND: POST /session/baa8cc8c703ae50a3cfee07d32ab3bfd/elements - {"using":"xpath","value":"//*[@id=\"__button396\"]"}
RESULT: {"using":"xpath","value":"//*[@id=\"__button396\"]"}
COMMAND: POST /session/baa8cc8c703ae50a3cfee07d32ab3bfd/elements - {"using":"xpath","value":"//*[@id=\"__button396\"]"}
RESULT: {"using":"xpath","value":"//*[@id=\"__button396\"]"}
COMMAND: POST /session/baa8cc8c703ae50a3cfee07d32ab3bfd/elements - {"using":"xpath","value":"//*[@id=\"__button396\"]"}
RESULT: {"using":"xpath","value":"//*[@id=\"__button396\"]"}
COMMAND: POST /session/baa8cc8c703ae50a3cfee07d32ab3bfd/elements - {"using":"xpath","value":"//*[@id=\"__button396\"]"}
RESULT: {"using":"xpath","value":"//*[@id=\"__button396\"]"}
COMMAND: POST /session/baa8cc8c703ae50a3cfee07d32ab3bfd/elements - {"using":"xpath","value":"//*[@id=\"__button396\"]"}
RESULT: {"using":"xpath","value":"//*[@id=\"__button396\"]"}
COMMAND: POST /session/baa8cc8c703ae50a3cfee07d32ab3bfd/elements - {"using":"xpath","value":"//*[@id=\"__button396\"]"}
RESULT: {"using":"xpath","value":"//*[@id=\"__button396\"]"}
COMMAND: POST /session/baa8cc8c703ae50a3cfee07d32ab3bfd/elements - {"using":"xpath","value":"//*[@id=\"__button396\"]"}
RESULT: {"using":"xpath","value":"//*[@id=\"__button396\"]"}
COMMAND: POST /session/baa8cc8c703ae50a3cfee07d32ab3bfd/elements - {"using":"xpath","value":"//*[@id=\"__button396\"]"}
RESULT: {"using":"xpath","value":"//*[@id=\"__button396\"]"}
COMMAND: POST /session/baa8cc8c703ae50a3cfee07d32ab3bfd/elements - {"using":"xpath","value":"//*[@id=\"__button396\"]"}
RESULT: {"using":"xpath","value":"//*[@id=\"__button396\"]"}
COMMAND: POST /session/baa8cc8c703ae50a3cfee07d32ab3bfd/elements - {"using":"xpath","value":"//*[@id=\"__button396\"]"}
RESULT: {"using":"xpath","value":"//*[@id=\"__button396\"]"}
COMMAND: POST /session/baa8cc8c703ae50a3cfee07d32ab3bfd/elements - {"using":"xpath","value":"//*[@id=\"__button396\"]"}
RESULT: {"using":"xpath","value":"//*[@id=\"__button396\"]"}
COMMAND: POST /session/baa8cc8c703ae50a3cfee07d32ab3bfd/elements - {"using":"xpath","value":"//*[@id=\"__button396\"]"}
RESULT: {"using":"xpath","value":"//*[@id=\"__button396\"]"}
COMMAND: POST /session/baa8cc8c703ae50a3cfee07d32ab3bfd/elements - {"using":"xpath","value":"//*[@id=\"__button396\"]"}
RESULT: {"using":"xpath","value":"//*[@id=\"__button396\"]"}
COMMAND: POST /session/baa8cc8c703ae50a3cfee07d32ab3bfd/elements - {"using":"xpath","value":"//*[@id=\"__button396\"]"}
RESULT: {"using":"xpath","value":"//*[@id=\"__button396\"]"}
COMMAND: POST /session/baa8cc8c703ae50a3cfee07d32ab3bfd/elements - {"using":"xpath","value":"//*[@id=\"__button396\"]"}
RESULT: {"using":"xpath","value":"//*[@id=\"__button396\"]"}
COMMAND: POST /session/baa8cc8c703ae50a3cfee07d32ab3bfd/elements - {"using":"xpath","value":"//*[@id=\"__button396\"]"}
RESULT: {"using":"xpath","value":"//*[@id=\"__button396\"]"}
COMMAND: POST /session/baa8cc8c703ae50a3cfee07d32ab3bfd/elements - {"using":"xpath","value":"//*[@id=\"__button396\"]"}
RESULT: {"using":"xpath","value":"//*[@id=\"__button396\"]"}
COMMAND: POST /session/baa8cc8c703ae50a3cfee07d32ab3bfd/elements - {"using":"xpath","value":"//*[@id=\"__button396\"]"}
RESULT: {"using":"xpath","value":"//*[@id=\"__button396\"]"}
COMMAND: POST /session/baa8cc8c703ae50a3cfee07d32ab3bfd/elements - {"using":"xpath","value":"//*[@id=\"__button396\"]"}
RESULT: {"using":"xpath","value":"//*[@id=\"__button396\"]"}
COMMAND: POST /session/baa8cc8c703ae50a3cfee07d32ab3bfd/elements - {"using":"xpath","value":"//*[@id=\"__button396\"]"}
RESULT: {"using":"xpath","value":"//*[@id=\"__button396\"]"}
COMMAND: POST /session/baa8cc8c703ae50a3cfee07d32ab3bfd/elements - {"using":"xpath","value":"//*[@id=\"__button396\"]"}
RESULT: {"using":"xpath","value":"//*[@id=\"__button396\"]"}
COMMAND: POST /session/baa8cc8c703ae50a3cfee07d32ab3bfd/elements - {"using":"xpath","value":"//*[@id=\"__button396\"]"}
RESULT: {"using":"xpath","value":"//*[@id=\"__button396\"]"}
COMMAND: POST /session/baa8cc8c703ae50a3cfee07d32ab3bfd/element - {"using":"css selector","value":"#shell-header-logo"}
RESULT: {"using":"css selector","value":"#shell-header-logo"}
COMMAND: POST /session/baa8cc8c703ae50a3cfee07d32ab3bfd/execute/sync - {"script":"<script> [8489 bytes]","args":[{"element-6066-11e4-a52e-4f735466cecf":"f.A7D77B31E8FD2DE6ABF8E388F5FFE54F.d.5E7BDEC341D0E3290D796A0715021E78.e.18673","ELEMENT":"f.A7D77B31E8FD2DE6ABF8E388F5FFE54F.d.5E7BDEC341D0E3290D796A0715021E78.e.18673"}]}
RESULT: {"script":"<script> [8489 bytes]","args":[{"element-6066-11e4-a52e-4f735466cecf":"f.A7D77B31E8FD2DE6ABF8E388F5FFE54F.d.5E7BDEC341D0E3290D796A0715021E78.e.18673","ELEMENT":"f.A7D77B31E8FD2DE6ABF8E388F5FFE54F.d.5E7BDEC341D0E3290D796A0715021E78.e.18673"}]}
COMMAND: POST /session/baa8cc8c703ae50a3cfee07d32ab3bfd/execute/sync - {"script":"<script> [5351 bytes]","args":[{"element-6066-11e4-a52e-4f735466cecf":"f.A7D77B31E8FD2DE6ABF8E388F5FFE54F.d.5E7BDEC341D0E3290D796A0715021E78.e.18673","ELEMENT":"f.A7D77B31E8FD2DE6ABF8E388F5FFE54F.d.5E7BDEC341D0E3290D796A0715021E78.e.18673"}]}
COMMAND: GET /session/baa8cc8c703ae50a3cfee07d32ab3bfd/screenshot - {}
RESULT: {"script":"<script> [5351 bytes]","args":[{"element-6066-11e4-a52e-4f735466cecf":"f.A7D77B31E8FD2DE6ABF8E388F5FFE54F.d.5E7BDEC341D0E3290D796A0715021E78.e.18673","ELEMENT":"f.A7D77B31E8FD2DE6ABF8E388F5FFE54F.d.5E7BDEC341D0E3290D796A0715021E78.e.18673"}]}
COMMAND: POST /session/baa8cc8c703ae50a3cfee07d32ab3bfd/element/f.A7D77B31E8FD2DE6ABF8E388F5FFE54F.d.5E7BDEC341D0E3290D796A0715021E78.e.18673/click - {}
COMMAND: GET /session/baa8cc8c703ae50a3cfee07d32ab3bfd/screenshot - {}
RESULT: {}
RESULT: {}
]]></system-out>
    </testcase>
    <testcase classname="chrome.135_0_7049_42.windows.Performance_based_billing_(work_days)_US139742" name="Should go to Manage Billings and trigger calculation check the conditions applied" time="57.079">
      <system-out><![CDATA[
COMMAND: POST /session/baa8cc8c703ae50a3cfee07d32ab3bfd/execute/async - {"script":"<script> [1562 bytes]","args":[{"selector":{"controlType":"sap.m.GenericTile","properties":{"header":"Manage Billings"}},"wdio_ui5_key":"sapm.GenericTile{\"header\":\"Manage Billings\"}"}]}
COMMAND: GET /session/baa8cc8c703ae50a3cfee07d32ab3bfd/screenshot - {}
RESULT: {}
RESULT: {"script":"<script> [1562 bytes]","args":[{"selector":{"controlType":"sap.m.GenericTile","properties":{"header":"Manage Billings"}},"wdio_ui5_key":"sapm.GenericTile{\"header\":\"Manage Billings\"}"}]}
RESULT: undefined
COMMAND: POST /session/baa8cc8c703ae50a3cfee07d32ab3bfd/element - {"using":"xpath","value":"//*[@id=\"__tile51\"]"}
RESULT: {}
RESULT: {"using":"xpath","value":"//*[@id=\"__tile51\"]"}
COMMAND: POST /session/baa8cc8c703ae50a3cfee07d32ab3bfd/element/f.A7D77B31E8FD2DE6ABF8E388F5FFE54F.d.5E7BDEC341D0E3290D796A0715021E78.e.14965/click - {}
RESULT: {}
COMMAND: GET /session/baa8cc8c703ae50a3cfee07d32ab3bfd/screenshot - {}
COMMAND: POST /session/baa8cc8c703ae50a3cfee07d32ab3bfd/execute/async - {"script":"<script> [1562 bytes]","args":[{"selector":{"id":"application-managebillings-display-component---billRunCalcResult--smartFilterBar-btnBasicSearch","interaction":{"idSuffix":"I"}},"wdio_ui5_key":"applicationmanagebillings-display-component---billRunCalcResult--smartFilterBar-btnBasicSearch"}]}
RESULT: {}
RESULT: {"script":"<script> [1562 bytes]","args":[{"selector":{"id":"application-managebillings-display-component---billRunCalcResult--smartFilterBar-btnBasicSearch","interaction":{"idSuffix":"I"}},"wdio_ui5_key":"applicationmanagebillings-display-component---billRunCalcResult--smartFilterBar-btnBasicSearch"}]}
RESULT: undefined
COMMAND: POST /session/baa8cc8c703ae50a3cfee07d32ab3bfd/execute/async - {"script":"<script> [776 bytes]","args":[{"enterText":"10589","selector":{"id":"application-managebillings-display-component---billRunCalcResult--smartFilterBar-btnBasicSearch","interaction":{"idSuffix":"I"}},"clearTextFirst":true,"interactionType":"ENTER_TEXT"}]}
RESULT: {"script":"<script> [776 bytes]","args":[{"enterText":"10589","selector":{"id":"application-managebillings-display-component---billRunCalcResult--smartFilterBar-btnBasicSearch","interaction":{"idSuffix":"I"}},"clearTextFirst":true,"interactionType":"ENTER_TEXT"}]}
COMMAND: POST /session/baa8cc8c703ae50a3cfee07d32ab3bfd/actions - {"actions":[{"id":"action62","type":"key","parameters":{},"actions":[{"type":"keyDown","value":""},{"type":"pause","duration":10},{"type":"keyUp","value":""}]}]}
RESULT: {"actions":[{"id":"action62","type":"key","parameters":{},"actions":[{"type":"keyDown","value":""},{"type":"pause","duration":10},{"type":"keyUp","value":""}]}]}
COMMAND: GET /session/baa8cc8c703ae50a3cfee07d32ab3bfd/screenshot - {}
RESULT: {}
COMMAND: POST /session/baa8cc8c703ae50a3cfee07d32ab3bfd/element - {"using":"xpath","value":"//td[@aria-colindex=\"1\"]/div/div[contains(@class, \"sapMCbBg\")]"}
RESULT: {"using":"xpath","value":"//td[@aria-colindex=\"1\"]/div/div[contains(@class, \"sapMCbBg\")]"}
COMMAND: POST /session/baa8cc8c703ae50a3cfee07d32ab3bfd/element/f.A7D77B31E8FD2DE6ABF8E388F5FFE54F.d.5E7BDEC341D0E3290D796A0715021E78.e.19032/click - {}
RESULT: {}
COMMAND: GET /session/baa8cc8c703ae50a3cfee07d32ab3bfd/screenshot - {}
RESULT: {}
COMMAND: POST /session/baa8cc8c703ae50a3cfee07d32ab3bfd/execute/async - {"script":"<script> [1562 bytes]","args":[{"selector":{"id":"application-managebillings-display-component---billRunCalcResult--contractBillRunDate","interaction":{"idSuffix":"inner"}},"wdio_ui5_key":"applicationmanagebillings-display-component---billRunCalcResult--contractBillRunDate"}]}
RESULT: {"script":"<script> [1562 bytes]","args":[{"selector":{"id":"application-managebillings-display-component---billRunCalcResult--contractBillRunDate","interaction":{"idSuffix":"inner"}},"wdio_ui5_key":"applicationmanagebillings-display-component---billRunCalcResult--contractBillRunDate"}]}
RESULT: undefined
COMMAND: POST /session/baa8cc8c703ae50a3cfee07d32ab3bfd/execute/async - {"script":"<script> [776 bytes]","args":[{"enterText":"05/23/25","selector":{"id":"application-managebillings-display-component---billRunCalcResult--contractBillRunDate","interaction":{"idSuffix":"inner"}},"clearTextFirst":true,"interactionType":"ENTER_TEXT"}]}
RESULT: {"script":"<script> [776 bytes]","args":[{"enterText":"05/23/25","selector":{"id":"application-managebillings-display-component---billRunCalcResult--contractBillRunDate","interaction":{"idSuffix":"inner"}},"clearTextFirst":true,"interactionType":"ENTER_TEXT"}]}
COMMAND: POST /session/baa8cc8c703ae50a3cfee07d32ab3bfd/element - {"using":"xpath","value":"//bdi[contains(text(), \"Trigger Calculation\")]"}
RESULT: {"using":"xpath","value":"//bdi[contains(text(), \"Trigger Calculation\")]"}
COMMAND: POST /session/baa8cc8c703ae50a3cfee07d32ab3bfd/element/f.A7D77B31E8FD2DE6ABF8E388F5FFE54F.d.5E7BDEC341D0E3290D796A0715021E78.e.19213/click - {}
RESULT: {}
COMMAND: GET /session/baa8cc8c703ae50a3cfee07d32ab3bfd/screenshot - {}
RESULT: {}
COMMAND: POST /session/baa8cc8c703ae50a3cfee07d32ab3bfd/element - {"using":"xpath","value":"(//span[contains(@id, \"imgNav\")])[1]"}
RESULT: {"using":"xpath","value":"(//span[contains(@id, \"imgNav\")])[1]"}
COMMAND: POST /session/baa8cc8c703ae50a3cfee07d32ab3bfd/element/f.A7D77B31E8FD2DE6ABF8E388F5FFE54F.d.5E7BDEC341D0E3290D796A0715021E78.e.19043/click - {}
RESULT: {}
COMMAND: GET /session/baa8cc8c703ae50a3cfee07d32ab3bfd/screenshot - {}
RESULT: {}
COMMAND: POST /session/baa8cc8c703ae50a3cfee07d32ab3bfd/element - {"using":"xpath","value":"//tr/td[6]/div[1]/span[1]/span[1]"}
RESULT: {"using":"xpath","value":"//tr/td[6]/div[1]/span[1]/span[1]"}
COMMAND: GET /session/baa8cc8c703ae50a3cfee07d32ab3bfd/element/f.A7D77B31E8FD2DE6ABF8E388F5FFE54F.d.5E7BDEC341D0E3290D796A0715021E78.e.19218/text - {}
RESULT: {}
COMMAND: POST /session/baa8cc8c703ae50a3cfee07d32ab3bfd/element - {"using":"xpath","value":"(//span[contains(@id, \"imgNav\")])[2]"}
RESULT: {"using":"xpath","value":"(//span[contains(@id, \"imgNav\")])[2]"}
COMMAND: POST /session/baa8cc8c703ae50a3cfee07d32ab3bfd/element/f.A7D77B31E8FD2DE6ABF8E388F5FFE54F.d.5E7BDEC341D0E3290D796A0715021E78.e.19219/click - {}
RESULT: {}
COMMAND: POST /session/baa8cc8c703ae50a3cfee07d32ab3bfd/element - {"using":"xpath","value":"//bdi[contains(text(), \"Business Confirm\")]"}
COMMAND: GET /session/baa8cc8c703ae50a3cfee07d32ab3bfd/screenshot - {}
RESULT: {"using":"xpath","value":"//bdi[contains(text(), \"Business Confirm\")]"}
COMMAND: POST /session/baa8cc8c703ae50a3cfee07d32ab3bfd/elements - {"using":"xpath","value":"//bdi[contains(text(), \"Business Confirm\")]"}
RESULT: {}
RESULT: {"using":"xpath","value":"//bdi[contains(text(), \"Business Confirm\")]"}
COMMAND: POST /session/baa8cc8c703ae50a3cfee07d32ab3bfd/elements - {"using":"xpath","value":"//bdi[contains(text(), \"Business Confirm\")]"}
RESULT: {"using":"xpath","value":"//bdi[contains(text(), \"Business Confirm\")]"}
COMMAND: POST /session/baa8cc8c703ae50a3cfee07d32ab3bfd/element - {"using":"xpath","value":"//bdi[contains(text(), \"Business Confirm\")]"}
RESULT: {"using":"xpath","value":"//bdi[contains(text(), \"Business Confirm\")]"}
COMMAND: POST /session/baa8cc8c703ae50a3cfee07d32ab3bfd/element/f.A7D77B31E8FD2DE6ABF8E388F5FFE54F.d.5E7BDEC341D0E3290D796A0715021E78.e.19221/click - {}
COMMAND: POST /session/baa8cc8c703ae50a3cfee07d32ab3bfd/element - {"using":"xpath","value":"//bdi[contains(text(), \"Business Confirm\")]"}
RESULT: {"using":"xpath","value":"//bdi[contains(text(), \"Business Confirm\")]"}
COMMAND: POST /session/baa8cc8c703ae50a3cfee07d32ab3bfd/element/f.A7D77B31E8FD2DE6ABF8E388F5FFE54F.d.5E7BDEC341D0E3290D796A0715021E78.e.19221/click - {}
COMMAND: POST /session/baa8cc8c703ae50a3cfee07d32ab3bfd/element - {"using":"xpath","value":"//bdi[contains(text(), \"Business Confirm\")]"}
RESULT: {"using":"xpath","value":"//bdi[contains(text(), \"Business Confirm\")]"}
COMMAND: POST /session/baa8cc8c703ae50a3cfee07d32ab3bfd/element/f.A7D77B31E8FD2DE6ABF8E388F5FFE54F.d.5E7BDEC341D0E3290D796A0715021E78.e.19271/click - {}
RESULT: {}
COMMAND: POST /session/baa8cc8c703ae50a3cfee07d32ab3bfd/element - {"using":"css selector","value":"#shell-header-logo"}
COMMAND: GET /session/baa8cc8c703ae50a3cfee07d32ab3bfd/screenshot - {}
RESULT: {"using":"css selector","value":"#shell-header-logo"}
COMMAND: POST /session/baa8cc8c703ae50a3cfee07d32ab3bfd/element/f.A7D77B31E8FD2DE6ABF8E388F5FFE54F.d.5E7BDEC341D0E3290D796A0715021E78.e.18859/click - {}
RESULT: {}
RESULT: {}
COMMAND: GET /session/baa8cc8c703ae50a3cfee07d32ab3bfd/screenshot - {}
RESULT: {}
COMMAND: POST /session/baa8cc8c703ae50a3cfee07d32ab3bfd/element - {"using":"css selector","value":"#j_username"}
COMMAND: POST /session/baa8cc8c703ae50a3cfee07d32ab3bfd/url - {"url":"https://qa-testing-00-live-etm-ui.cfapps.eu10-004.hana.ondemand.com/"}
RESULT: {"using":"css selector","value":"#j_username"}
COMMAND: POST /session/baa8cc8c703ae50a3cfee07d32ab3bfd/element - {"using":"css selector","value":"#j_username"}
RESULT: {"url":"https://qa-testing-00-live-etm-ui.cfapps.eu10-004.hana.ondemand.com/"}
RESULT: undefined
COMMAND: GET /session/baa8cc8c703ae50a3cfee07d32ab3bfd/screenshot - {}
RESULT: {"using":"css selector","value":"#j_username"}
COMMAND: POST /session/baa8cc8c703ae50a3cfee07d32ab3bfd/element - {"using":"css selector","value":"#shell-header-logo"}
RESULT: {}
RESULT: {"using":"css selector","value":"#shell-header-logo"}
COMMAND: POST /session/baa8cc8c703ae50a3cfee07d32ab3bfd/execute/sync - {"script":"<script> [8489 bytes]","args":[{"element-6066-11e4-a52e-4f735466cecf":"f.A7D77B31E8FD2DE6ABF8E388F5FFE54F.d.DDDB532879EC34067CCD996EEE18AF60.e.19303","ELEMENT":"f.A7D77B31E8FD2DE6ABF8E388F5FFE54F.d.DDDB532879EC34067CCD996EEE18AF60.e.19303"}]}
RESULT: {"script":"<script> [8489 bytes]","args":[{"element-6066-11e4-a52e-4f735466cecf":"f.A7D77B31E8FD2DE6ABF8E388F5FFE54F.d.DDDB532879EC34067CCD996EEE18AF60.e.19303","ELEMENT":"f.A7D77B31E8FD2DE6ABF8E388F5FFE54F.d.DDDB532879EC34067CCD996EEE18AF60.e.19303"}]}
COMMAND: POST /session/baa8cc8c703ae50a3cfee07d32ab3bfd/element - {"using":"css selector","value":"#shell-header-logo"}
COMMAND: GET /session/baa8cc8c703ae50a3cfee07d32ab3bfd/screenshot - {}
RESULT: {"using":"css selector","value":"#shell-header-logo"}
COMMAND: POST /session/baa8cc8c703ae50a3cfee07d32ab3bfd/execute/sync - {"script":"<script> [8489 bytes]","args":[{"element-6066-11e4-a52e-4f735466cecf":"f.A7D77B31E8FD2DE6ABF8E388F5FFE54F.d.DDDB532879EC34067CCD996EEE18AF60.e.19303","ELEMENT":"f.A7D77B31E8FD2DE6ABF8E388F5FFE54F.d.DDDB532879EC34067CCD996EEE18AF60.e.19303"}]}
RESULT: {}
RESULT: {"script":"<script> [8489 bytes]","args":[{"element-6066-11e4-a52e-4f735466cecf":"f.A7D77B31E8FD2DE6ABF8E388F5FFE54F.d.DDDB532879EC34067CCD996EEE18AF60.e.19303","ELEMENT":"f.A7D77B31E8FD2DE6ABF8E388F5FFE54F.d.DDDB532879EC34067CCD996EEE18AF60.e.19303"}]}
COMMAND: POST /session/baa8cc8c703ae50a3cfee07d32ab3bfd/execute/sync - {"script":"<script> [5351 bytes]","args":[{"element-6066-11e4-a52e-4f735466cecf":"f.A7D77B31E8FD2DE6ABF8E388F5FFE54F.d.DDDB532879EC34067CCD996EEE18AF60.e.19303","ELEMENT":"f.A7D77B31E8FD2DE6ABF8E388F5FFE54F.d.DDDB532879EC34067CCD996EEE18AF60.e.19303"}]}
COMMAND: GET /session/baa8cc8c703ae50a3cfee07d32ab3bfd/screenshot - {}
RESULT: {"script":"<script> [5351 bytes]","args":[{"element-6066-11e4-a52e-4f735466cecf":"f.A7D77B31E8FD2DE6ABF8E388F5FFE54F.d.DDDB532879EC34067CCD996EEE18AF60.e.19303","ELEMENT":"f.A7D77B31E8FD2DE6ABF8E388F5FFE54F.d.DDDB532879EC34067CCD996EEE18AF60.e.19303"}]}
COMMAND: POST /session/baa8cc8c703ae50a3cfee07d32ab3bfd/element - {"using":"css selector","value":"#shell-header-logo"}
COMMAND: GET /session/baa8cc8c703ae50a3cfee07d32ab3bfd/screenshot - {}
RESULT: {}
RESULT: {"using":"css selector","value":"#shell-header-logo"}
COMMAND: POST /session/baa8cc8c703ae50a3cfee07d32ab3bfd/element/f.A7D77B31E8FD2DE6ABF8E388F5FFE54F.d.DDDB532879EC34067CCD996EEE18AF60.e.19303/click - {}
RESULT: {}
RESULT: {}
COMMAND: GET /session/baa8cc8c703ae50a3cfee07d32ab3bfd/screenshot - {}
RESULT: {}
COMMAND: POST /session/baa8cc8c703ae50a3cfee07d32ab3bfd/execute/async - {"script":"<script> [189 bytes]","args":[]}
RESULT: {"script":"<script> [189 bytes]","args":[]}
COMMAND: POST /session/baa8cc8c703ae50a3cfee07d32ab3bfd/execute/async - {"script":"<script> [123 bytes]","args":[]}
RESULT: {"script":"<script> [123 bytes]","args":[]}
COMMAND: POST /session/baa8cc8c703ae50a3cfee07d32ab3bfd/timeouts - {"script":"<number>"}
RESULT: {"script":"<number>"}
COMMAND: GET /session/baa8cc8c703ae50a3cfee07d32ab3bfd/timeouts - {}
RESULT: {}
RESULT: undefined
COMMAND: POST /session/baa8cc8c703ae50a3cfee07d32ab3bfd/execute/async - {"script":"<script> [2676 bytes]","args":[]}
RESULT: {"script":"<script> [2676 bytes]","args":[]}
COMMAND: POST /session/baa8cc8c703ae50a3cfee07d32ab3bfd/execute/async - {"script":"<script> [2342 bytes]","args":[{"protocol":"http","hostname":"0.0.0.0","path":"/","capabilities":{"browserName":"chrome","goog:chromeOptions":{"binary":"C:\\Program Files\\Google\\Chrome\\Application\\chrome.exe","args":["--start-maximized"]}},"logLevel":"warn","connectionRetryTimeout":120000,"connectionRetryCount":3,"logLevels":{},"enableDirectConnect":true,"strictSSL":true,"_":"65 more keys: [\"cacheDir\",\"port\",\"requestedCapabilities\",\"automationProtocol\",\"baseUrl\",\"waitforInterval\",\"waitforTimeout\",\"onReload\",\"beforeCommand\",\"afterCommand\",\"rootDir\",\"specs\",\"suites\",\"exclude\",\"groupLogsByTestSpec\",\"excludeDriverLogs\",\"bail\",\"framework\",\"reporters\",\"services\",\"maxInstances\",\"maxInstancesPerCapability\",\"injectGlobals\",\"filesToWatch\",\"execArgv\",\"runnerEnv\",\"runner\",\"shard\",\"specFileRetries\",\"specFileRetriesDelay\",\"specFileRetriesDeferred\",\"reporterSyncInterval\",\"reporterSyncTimeout\",\"cucumberFeaturesWithLineNumbers\",\"autoCompileOpts\",\"mochaOpts\",\"jasmineOpts\",\"cucumberOpts\",\"onPrepare\",\"onWorkerStart\",\"onWorkerEnd\",\"before\",\"beforeSession\",\"beforeSuite\",\"beforeHook\",\"beforeTest\",\"afterTest\",\"afterHook\",\"afterSuite\",\"afterSession\",\"after\",\"onComplete\",\"beforeAssertion\",\"afterAssertion\",\"beforeFeature\",\"beforeScenario\",\"beforeStep\",\"afterStep\",\"afterScenario\",\"afterFeature\",\"_\",\"suite\",\"$0\",\"ignoredWorkerServices\",\"wdi5\"]"}]}
RESULT: {"script":"<script> [2342 bytes]","args":[{"protocol":"http","hostname":"0.0.0.0","path":"/","capabilities":{"browserName":"chrome","goog:chromeOptions":{"binary":"C:\\Program Files\\Google\\Chrome\\Application\\chrome.exe","args":["--start-maximized"]}},"logLevel":"warn","connectionRetryTimeout":120000,"connectionRetryCount":3,"logLevels":{},"enableDirectConnect":true,"strictSSL":true,"_":"65 more keys: [\"cacheDir\",\"port\",\"requestedCapabilities\",\"automationProtocol\",\"baseUrl\",\"waitforInterval\",\"waitforTimeout\",\"onReload\",\"beforeCommand\",\"afterCommand\",\"rootDir\",\"specs\",\"suites\",\"exclude\",\"groupLogsByTestSpec\",\"excludeDriverLogs\",\"bail\",\"framework\",\"reporters\",\"services\",\"maxInstances\",\"maxInstancesPerCapability\",\"injectGlobals\",\"filesToWatch\",\"execArgv\",\"runnerEnv\",\"runner\",\"shard\",\"specFileRetries\",\"specFileRetriesDelay\",\"specFileRetriesDeferred\",\"reporterSyncInterval\",\"reporterSyncTimeout\",\"cucumberFeaturesWithLineNumbers\",\"autoCompileOpts\",\"mochaOpts\",\"jasmineOpts\",\"cucumberOpts\",\"onPrepare\",\"onWorkerStart\",\"onWorkerEnd\",\"before\",\"beforeSession\",\"beforeSuite\",\"beforeHook\",\"beforeTest\",\"afterTest\",\"afterHook\",\"afterSuite\",\"afterSession\",\"after\",\"onComplete\",\"beforeAssertion\",\"afterAssertion\",\"beforeFeature\",\"beforeScenario\",\"beforeStep\",\"afterStep\",\"afterScenario\",\"afterFeature\",\"_\",\"suite\",\"$0\",\"ignoredWorkerServices\",\"wdi5\"]"}]}
COMMAND: POST /session/baa8cc8c703ae50a3cfee07d32ab3bfd/execute/async - {"script":"<script> [21126 bytes]","args":[35000]}
RESULT: {"script":"<script> [21126 bytes]","args":[35000]}
COMMAND: POST /session/baa8cc8c703ae50a3cfee07d32ab3bfd/window/maximize - {}
RESULT: {}
COMMAND: POST /session/baa8cc8c703ae50a3cfee07d32ab3bfd/execute/async - {"script":"<script> [1562 bytes]","args":[{"selector":{"id":"shell-header","interaction":{"idSuffix":"icon"}},"wdio_ui5_key":"shellheader"}]}
COMMAND: GET /session/baa8cc8c703ae50a3cfee07d32ab3bfd/screenshot - {}
RESULT: {"script":"<script> [1562 bytes]","args":[{"selector":{"id":"shell-header","interaction":{"idSuffix":"icon"}},"wdio_ui5_key":"shellheader"}]}
RESULT: undefined
COMMAND: POST /session/baa8cc8c703ae50a3cfee07d32ab3bfd/refresh - {}
RESULT: {}
RESULT: {}
COMMAND: GET /session/baa8cc8c703ae50a3cfee07d32ab3bfd/screenshot - {}
RESULT: {}
COMMAND: POST /session/baa8cc8c703ae50a3cfee07d32ab3bfd/refresh - {}
RESULT: {}
COMMAND: GET /session/baa8cc8c703ae50a3cfee07d32ab3bfd/screenshot - {}
RESULT: {}
COMMAND: POST /session/baa8cc8c703ae50a3cfee07d32ab3bfd/window/fullscreen - {}
RESULT: {}
COMMAND: POST /session/baa8cc8c703ae50a3cfee07d32ab3bfd/execute/async - {"script":"<script> [189 bytes]","args":[]}
RESULT: {"script":"<script> [189 bytes]","args":[]}
COMMAND: POST /session/baa8cc8c703ae50a3cfee07d32ab3bfd/execute/async - {"script":"<script> [123 bytes]","args":[]}
RESULT: {"script":"<script> [123 bytes]","args":[]}
COMMAND: POST /session/baa8cc8c703ae50a3cfee07d32ab3bfd/timeouts - {"script":"<number>"}
RESULT: {"script":"<number>"}
COMMAND: GET /session/baa8cc8c703ae50a3cfee07d32ab3bfd/timeouts - {}
RESULT: {}
RESULT: undefined
COMMAND: POST /session/baa8cc8c703ae50a3cfee07d32ab3bfd/execute/async - {"script":"<script> [2676 bytes]","args":[]}
RESULT: {"script":"<script> [2676 bytes]","args":[]}
COMMAND: POST /session/baa8cc8c703ae50a3cfee07d32ab3bfd/execute/async - {"script":"<script> [2342 bytes]","args":[{"protocol":"http","hostname":"0.0.0.0","path":"/","capabilities":{"browserName":"chrome","goog:chromeOptions":{"binary":"C:\\Program Files\\Google\\Chrome\\Application\\chrome.exe","args":["--start-maximized"]}},"logLevel":"warn","connectionRetryTimeout":120000,"connectionRetryCount":3,"logLevels":{},"enableDirectConnect":true,"strictSSL":true,"_":"65 more keys: [\"cacheDir\",\"port\",\"requestedCapabilities\",\"automationProtocol\",\"baseUrl\",\"waitforInterval\",\"waitforTimeout\",\"onReload\",\"beforeCommand\",\"afterCommand\",\"rootDir\",\"specs\",\"suites\",\"exclude\",\"groupLogsByTestSpec\",\"excludeDriverLogs\",\"bail\",\"framework\",\"reporters\",\"services\",\"maxInstances\",\"maxInstancesPerCapability\",\"injectGlobals\",\"filesToWatch\",\"execArgv\",\"runnerEnv\",\"runner\",\"shard\",\"specFileRetries\",\"specFileRetriesDelay\",\"specFileRetriesDeferred\",\"reporterSyncInterval\",\"reporterSyncTimeout\",\"cucumberFeaturesWithLineNumbers\",\"autoCompileOpts\",\"mochaOpts\",\"jasmineOpts\",\"cucumberOpts\",\"onPrepare\",\"onWorkerStart\",\"onWorkerEnd\",\"before\",\"beforeSession\",\"beforeSuite\",\"beforeHook\",\"beforeTest\",\"afterTest\",\"afterHook\",\"afterSuite\",\"afterSession\",\"after\",\"onComplete\",\"beforeAssertion\",\"afterAssertion\",\"beforeFeature\",\"beforeScenario\",\"beforeStep\",\"afterStep\",\"afterScenario\",\"afterFeature\",\"_\",\"suite\",\"$0\",\"ignoredWorkerServices\",\"wdi5\"]"}]}
RESULT: {"script":"<script> [2342 bytes]","args":[{"protocol":"http","hostname":"0.0.0.0","path":"/","capabilities":{"browserName":"chrome","goog:chromeOptions":{"binary":"C:\\Program Files\\Google\\Chrome\\Application\\chrome.exe","args":["--start-maximized"]}},"logLevel":"warn","connectionRetryTimeout":120000,"connectionRetryCount":3,"logLevels":{},"enableDirectConnect":true,"strictSSL":true,"_":"65 more keys: [\"cacheDir\",\"port\",\"requestedCapabilities\",\"automationProtocol\",\"baseUrl\",\"waitforInterval\",\"waitforTimeout\",\"onReload\",\"beforeCommand\",\"afterCommand\",\"rootDir\",\"specs\",\"suites\",\"exclude\",\"groupLogsByTestSpec\",\"excludeDriverLogs\",\"bail\",\"framework\",\"reporters\",\"services\",\"maxInstances\",\"maxInstancesPerCapability\",\"injectGlobals\",\"filesToWatch\",\"execArgv\",\"runnerEnv\",\"runner\",\"shard\",\"specFileRetries\",\"specFileRetriesDelay\",\"specFileRetriesDeferred\",\"reporterSyncInterval\",\"reporterSyncTimeout\",\"cucumberFeaturesWithLineNumbers\",\"autoCompileOpts\",\"mochaOpts\",\"jasmineOpts\",\"cucumberOpts\",\"onPrepare\",\"onWorkerStart\",\"onWorkerEnd\",\"before\",\"beforeSession\",\"beforeSuite\",\"beforeHook\",\"beforeTest\",\"afterTest\",\"afterHook\",\"afterSuite\",\"afterSession\",\"after\",\"onComplete\",\"beforeAssertion\",\"afterAssertion\",\"beforeFeature\",\"beforeScenario\",\"beforeStep\",\"afterStep\",\"afterScenario\",\"afterFeature\",\"_\",\"suite\",\"$0\",\"ignoredWorkerServices\",\"wdi5\"]"}]}
COMMAND: POST /session/baa8cc8c703ae50a3cfee07d32ab3bfd/execute/async - {"script":"<script> [21126 bytes]","args":[35000]}
RESULT: {"script":"<script> [21126 bytes]","args":[35000]}
]]></system-out>
    </testcase>
  </testsuite>
  <testsuite timestamp="2025-04-23T07:17:45" time="1224.317" tests="20" failures="0" errors="0" skipped="0">
    <properties>
      <property name="specId" value="0"/>
      <property name="suiteName" value="Billing Calculation - Time based (considering transport times) US139738"/>
      <property name="capabilities" value="chrome.135_0_7049_42.windows"/>
      <property name="file" value="file:///D:/a/1/s/test/specs/BTS/billing-calculation-transp-times.spec.js"/>
    </properties>
    <testcase classname="chrome.135_0_7049_42.windows.Billing_Calculation_-_Time_based_(considering_transport_times)_US139738" name="Should create a new yard" time="0.012">
      <system-out><![CDATA[
COMMAND: POST /session/baa8cc8c703ae50a3cfee07d32ab3bfd/window/fullscreen - {}
RESULT: {}
]]></system-out>
    </testcase>
    <testcase classname="chrome.135_0_7049_42.windows.Billing_Calculation_-_Time_based_(considering_transport_times)_US139738" name="Should create a new partner" time="0.004"/>
    <testcase classname="chrome.135_0_7049_42.windows.Billing_Calculation_-_Time_based_(considering_transport_times)_US139738" name="Should create a new site" time="0.003"/>
    <testcase classname="chrome.135_0_7049_42.windows.Billing_Calculation_-_Time_based_(considering_transport_times)_US139738" name="Should create the 1st equipment" time="115.496">
      <system-out><![CDATA[
COMMAND: POST /session/baa8cc8c703ae50a3cfee07d32ab3bfd/execute/async - {"script":"<script> [1562 bytes]","args":[{"selector":{"controlType":"sap.m.GenericTile","properties":{"header":"Manage Resources"}},"wdio_ui5_key":"sapm.GenericTile{\"header\":\"Manage Resources\"}"}]}
RESULT: {"script":"<script> [1562 bytes]","args":[{"selector":{"controlType":"sap.m.GenericTile","properties":{"header":"Manage Resources"}},"wdio_ui5_key":"sapm.GenericTile{\"header\":\"Manage Resources\"}"}]}
RESULT: undefined
COMMAND: POST /session/baa8cc8c703ae50a3cfee07d32ab3bfd/element - {"using":"xpath","value":"//*[@id=\"__tile39\"]"}
RESULT: {"using":"xpath","value":"//*[@id=\"__tile39\"]"}
COMMAND: POST /session/baa8cc8c703ae50a3cfee07d32ab3bfd/element/f.A7D77B31E8FD2DE6ABF8E388F5FFE54F.d.5C1C6E58D66C69C031893508850FD013.e.19465/click - {}
RESULT: {}
COMMAND: POST /session/baa8cc8c703ae50a3cfee07d32ab3bfd/element - {"using":"xpath","value":"//button[@data-kt=\"addNewRUOverflowToolbarButton\"]"}
COMMAND: GET /session/baa8cc8c703ae50a3cfee07d32ab3bfd/screenshot - {}
RESULT: {"using":"xpath","value":"//button[@data-kt=\"addNewRUOverflowToolbarButton\"]"}
COMMAND: POST /session/baa8cc8c703ae50a3cfee07d32ab3bfd/elements - {"using":"xpath","value":"//button[@data-kt=\"addNewRUOverflowToolbarButton\"]"}
RESULT: {}
RESULT: {"using":"xpath","value":"//button[@data-kt=\"addNewRUOverflowToolbarButton\"]"}
COMMAND: POST /session/baa8cc8c703ae50a3cfee07d32ab3bfd/elements - {"using":"xpath","value":"//button[@data-kt=\"addNewRUOverflowToolbarButton\"]"}
RESULT: {"using":"xpath","value":"//button[@data-kt=\"addNewRUOverflowToolbarButton\"]"}
COMMAND: POST /session/baa8cc8c703ae50a3cfee07d32ab3bfd/elements - {"using":"xpath","value":"//button[@data-kt=\"addNewRUOverflowToolbarButton\"]"}
RESULT: {"using":"xpath","value":"//button[@data-kt=\"addNewRUOverflowToolbarButton\"]"}
RESULT: undefined
COMMAND: POST /session/baa8cc8c703ae50a3cfee07d32ab3bfd/elements - {"using":"xpath","value":"//button[@data-kt=\"addNewRUOverflowToolbarButton\"]"}
RESULT: {"using":"xpath","value":"//button[@data-kt=\"addNewRUOverflowToolbarButton\"]"}
COMMAND: POST /session/baa8cc8c703ae50a3cfee07d32ab3bfd/elements - {"using":"xpath","value":"//button[@data-kt=\"addNewRUOverflowToolbarButton\"]"}
RESULT: {"using":"xpath","value":"//button[@data-kt=\"addNewRUOverflowToolbarButton\"]"}
COMMAND: POST /session/baa8cc8c703ae50a3cfee07d32ab3bfd/elements - {"using":"xpath","value":"//button[@data-kt=\"addNewRUOverflowToolbarButton\"]"}
RESULT: {"using":"xpath","value":"//button[@data-kt=\"addNewRUOverflowToolbarButton\"]"}
COMMAND: POST /session/baa8cc8c703ae50a3cfee07d32ab3bfd/elements - {"using":"xpath","value":"//button[@data-kt=\"addNewRUOverflowToolbarButton\"]"}
RESULT: {"using":"xpath","value":"//button[@data-kt=\"addNewRUOverflowToolbarButton\"]"}
COMMAND: POST /session/baa8cc8c703ae50a3cfee07d32ab3bfd/elements - {"using":"xpath","value":"//button[@data-kt=\"addNewRUOverflowToolbarButton\"]"}
RESULT: {"using":"xpath","value":"//button[@data-kt=\"addNewRUOverflowToolbarButton\"]"}
COMMAND: POST /session/baa8cc8c703ae50a3cfee07d32ab3bfd/elements - {"using":"xpath","value":"//button[@data-kt=\"addNewRUOverflowToolbarButton\"]"}
RESULT: {"using":"xpath","value":"//button[@data-kt=\"addNewRUOverflowToolbarButton\"]"}
COMMAND: POST /session/baa8cc8c703ae50a3cfee07d32ab3bfd/elements - {"using":"xpath","value":"//button[@data-kt=\"addNewRUOverflowToolbarButton\"]"}
RESULT: {"using":"xpath","value":"//button[@data-kt=\"addNewRUOverflowToolbarButton\"]"}
COMMAND: POST /session/baa8cc8c703ae50a3cfee07d32ab3bfd/elements - {"using":"xpath","value":"//button[@data-kt=\"addNewRUOverflowToolbarButton\"]"}
RESULT: {"using":"xpath","value":"//button[@data-kt=\"addNewRUOverflowToolbarButton\"]"}
COMMAND: POST /session/baa8cc8c703ae50a3cfee07d32ab3bfd/elements - {"using":"xpath","value":"//button[@data-kt=\"addNewRUOverflowToolbarButton\"]"}
RESULT: {"using":"xpath","value":"//button[@data-kt=\"addNewRUOverflowToolbarButton\"]"}
COMMAND: POST /session/baa8cc8c703ae50a3cfee07d32ab3bfd/elements - {"using":"xpath","value":"//button[@data-kt=\"addNewRUOverflowToolbarButton\"]"}
RESULT: {"using":"xpath","value":"//button[@data-kt=\"addNewRUOverflowToolbarButton\"]"}
COMMAND: POST /session/baa8cc8c703ae50a3cfee07d32ab3bfd/elements - {"using":"xpath","value":"//button[@data-kt=\"addNewRUOverflowToolbarButton\"]"}
RESULT: {"using":"xpath","value":"//button[@data-kt=\"addNewRUOverflowToolbarButton\"]"}
COMMAND: POST /session/baa8cc8c703ae50a3cfee07d32ab3bfd/elements - {"using":"xpath","value":"//button[@data-kt=\"addNewRUOverflowToolbarButton\"]"}
RESULT: {"using":"xpath","value":"//button[@data-kt=\"addNewRUOverflowToolbarButton\"]"}
COMMAND: POST /session/baa8cc8c703ae50a3cfee07d32ab3bfd/elements - {"using":"xpath","value":"//button[@data-kt=\"addNewRUOverflowToolbarButton\"]"}
RESULT: {"using":"xpath","value":"//button[@data-kt=\"addNewRUOverflowToolbarButton\"]"}
COMMAND: POST /session/baa8cc8c703ae50a3cfee07d32ab3bfd/elements - {"using":"xpath","value":"//button[@data-kt=\"addNewRUOverflowToolbarButton\"]"}
RESULT: {"using":"xpath","value":"//button[@data-kt=\"addNewRUOverflowToolbarButton\"]"}
COMMAND: POST /session/baa8cc8c703ae50a3cfee07d32ab3bfd/elements - {"using":"xpath","value":"//button[@data-kt=\"addNewRUOverflowToolbarButton\"]"}
RESULT: {"using":"xpath","value":"//button[@data-kt=\"addNewRUOverflowToolbarButton\"]"}
COMMAND: POST /session/baa8cc8c703ae50a3cfee07d32ab3bfd/elements - {"using":"xpath","value":"//button[@data-kt=\"addNewRUOverflowToolbarButton\"]"}
RESULT: {"using":"xpath","value":"//button[@data-kt=\"addNewRUOverflowToolbarButton\"]"}
COMMAND: POST /session/baa8cc8c703ae50a3cfee07d32ab3bfd/elements - {"using":"xpath","value":"//button[@data-kt=\"addNewRUOverflowToolbarButton\"]"}
RESULT: {"using":"xpath","value":"//button[@data-kt=\"addNewRUOverflowToolbarButton\"]"}
COMMAND: POST /session/baa8cc8c703ae50a3cfee07d32ab3bfd/element - {"using":"xpath","value":"//button[@data-kt=\"addNewRUOverflowToolbarButton\"]"}
RESULT: {"using":"xpath","value":"//button[@data-kt=\"addNewRUOverflowToolbarButton\"]"}
COMMAND: POST /session/baa8cc8c703ae50a3cfee07d32ab3bfd/execute/sync - {"script":"<script> [8489 bytes]","args":[{"element-6066-11e4-a52e-4f735466cecf":"f.A7D77B31E8FD2DE6ABF8E388F5FFE54F.d.5C1C6E58D66C69C031893508850FD013.e.19596","ELEMENT":"f.A7D77B31E8FD2DE6ABF8E388F5FFE54F.d.5C1C6E58D66C69C031893508850FD013.e.19596"}]}
RESULT: {"script":"<script> [8489 bytes]","args":[{"element-6066-11e4-a52e-4f735466cecf":"f.A7D77B31E8FD2DE6ABF8E388F5FFE54F.d.5C1C6E58D66C69C031893508850FD013.e.19596","ELEMENT":"f.A7D77B31E8FD2DE6ABF8E388F5FFE54F.d.5C1C6E58D66C69C031893508850FD013.e.19596"}]}
COMMAND: GET /session/baa8cc8c703ae50a3cfee07d32ab3bfd/element/f.A7D77B31E8FD2DE6ABF8E388F5FFE54F.d.5C1C6E58D66C69C031893508850FD013.e.19596/enabled - {}
COMMAND: GET /session/baa8cc8c703ae50a3cfee07d32ab3bfd/screenshot - {}
RESULT: {}
COMMAND: POST /session/baa8cc8c703ae50a3cfee07d32ab3bfd/execute/sync - {"script":"<script> [8489 bytes]","args":[{"element-6066-11e4-a52e-4f735466cecf":"f.A7D77B31E8FD2DE6ABF8E388F5FFE54F.d.5C1C6E58D66C69C031893508850FD013.e.19596","ELEMENT":"f.A7D77B31E8FD2DE6ABF8E388F5FFE54F.d.5C1C6E58D66C69C031893508850FD013.e.19596"}]}
COMMAND: GET /session/baa8cc8c703ae50a3cfee07d32ab3bfd/screenshot - {}
RESULT: {}
RESULT: {"script":"<script> [8489 bytes]","args":[{"element-6066-11e4-a52e-4f735466cecf":"f.A7D77B31E8FD2DE6ABF8E388F5FFE54F.d.5C1C6E58D66C69C031893508850FD013.e.19596","ELEMENT":"f.A7D77B31E8FD2DE6ABF8E388F5FFE54F.d.5C1C6E58D66C69C031893508850FD013.e.19596"}]}
COMMAND: POST /session/baa8cc8c703ae50a3cfee07d32ab3bfd/execute/sync - {"script":"<script> [5351 bytes]","args":[{"element-6066-11e4-a52e-4f735466cecf":"f.A7D77B31E8FD2DE6ABF8E388F5FFE54F.d.5C1C6E58D66C69C031893508850FD013.e.19596","ELEMENT":"f.A7D77B31E8FD2DE6ABF8E388F5FFE54F.d.5C1C6E58D66C69C031893508850FD013.e.19596"}]}
COMMAND: GET /session/baa8cc8c703ae50a3cfee07d32ab3bfd/screenshot - {}
RESULT: {}
RESULT: {"script":"<script> [5351 bytes]","args":[{"element-6066-11e4-a52e-4f735466cecf":"f.A7D77B31E8FD2DE6ABF8E388F5FFE54F.d.5C1C6E58D66C69C031893508850FD013.e.19596","ELEMENT":"f.A7D77B31E8FD2DE6ABF8E388F5FFE54F.d.5C1C6E58D66C69C031893508850FD013.e.19596"}]}
COMMAND: POST /session/baa8cc8c703ae50a3cfee07d32ab3bfd/element/f.A7D77B31E8FD2DE6ABF8E388F5FFE54F.d.5C1C6E58D66C69C031893508850FD013.e.19596/click - {}
COMMAND: GET /session/baa8cc8c703ae50a3cfee07d32ab3bfd/screenshot - {}
RESULT: {}
RESULT: {}
COMMAND: GET /session/baa8cc8c703ae50a3cfee07d32ab3bfd/screenshot - {}
RESULT: {}
RESULT: {}
COMMAND: POST /session/baa8cc8c703ae50a3cfee07d32ab3bfd/execute/async - {"script":"<script> [1562 bytes]","args":[{"selector":{"id":"application-manageresources-display-component---newResourceUnit--TYPE-arrow"},"wdio_ui5_key":"applicationmanageresources-display-component---newResourceUnit--TYPE-arrow"}]}
RESULT: {"script":"<script> [1562 bytes]","args":[{"selector":{"id":"application-manageresources-display-component---newResourceUnit--TYPE-arrow"},"wdio_ui5_key":"applicationmanageresources-display-component---newResourceUnit--TYPE-arrow"}]}
RESULT: undefined
COMMAND: POST /session/baa8cc8c703ae50a3cfee07d32ab3bfd/element - {"using":"xpath","value":"//*[@id=\"application-manageresources-display-component---newResourceUnit--TYPE-arrow\"]"}
RESULT: {"using":"xpath","value":"//*[@id=\"application-manageresources-display-component---newResourceUnit--TYPE-arrow\"]"}
COMMAND: POST /session/baa8cc8c703ae50a3cfee07d32ab3bfd/element/f.A7D77B31E8FD2DE6ABF8E388F5FFE54F.d.5C1C6E58D66C69C031893508850FD013.e.19964/click - {}
RESULT: {}
COMMAND: POST /session/baa8cc8c703ae50a3cfee07d32ab3bfd/element - {"using":"xpath","value":"//input[@id=\"application-manageresources-display-component---newResourceUnit--TYPE-inner\"]"}
COMMAND: GET /session/baa8cc8c703ae50a3cfee07d32ab3bfd/screenshot - {}
RESULT: {"using":"xpath","value":"//input[@id=\"application-manageresources-display-component---newResourceUnit--TYPE-inner\"]"}
COMMAND: POST /session/baa8cc8c703ae50a3cfee07d32ab3bfd/element/f.A7D77B31E8FD2DE6ABF8E388F5FFE54F.d.5C1C6E58D66C69C031893508850FD013.e.19939/clear - {}
RESULT: {}
RESULT: {}
COMMAND: POST /session/baa8cc8c703ae50a3cfee07d32ab3bfd/element/f.A7D77B31E8FD2DE6ABF8E388F5FFE54F.d.5C1C6E58D66C69C031893508850FD013.e.19939/value - {"text":"Equipment"}
COMMAND: GET /session/baa8cc8c703ae50a3cfee07d32ab3bfd/screenshot - {}
RESULT: {"text":"Equipment"}
COMMAND: GET /session/baa8cc8c703ae50a3cfee07d32ab3bfd/screenshot - {}
RESULT: {}
RESULT: {}
COMMAND: POST /session/baa8cc8c703ae50a3cfee07d32ab3bfd/actions - {"actions":[{"id":"action63","type":"key","parameters":{},"actions":[{"type":"keyDown","value":""},{"type":"pause","duration":10},{"type":"keyUp","value":""}]}]}
RESULT: {"actions":[{"id":"action63","type":"key","parameters":{},"actions":[{"type":"keyDown","value":""},{"type":"pause","duration":10},{"type":"keyUp","value":""}]}]}
COMMAND: POST /session/baa8cc8c703ae50a3cfee07d32ab3bfd/execute/async - {"script":"<script> [1562 bytes]","args":[{"selector":{"id":"application-manageresources-display-component---newResourceUnit--resourceId","interaction":{"idSuffix":"inner"}},"wdio_ui5_key":"applicationmanageresources-display-component---newResourceUnit--resourceId"}]}
COMMAND: GET /session/baa8cc8c703ae50a3cfee07d32ab3bfd/screenshot - {}
RESULT: {}
RESULT: {"script":"<script> [1562 bytes]","args":[{"selector":{"id":"application-manageresources-display-component---newResourceUnit--resourceId","interaction":{"idSuffix":"inner"}},"wdio_ui5_key":"applicationmanageresources-display-component---newResourceUnit--resourceId"}]}
RESULT: undefined
COMMAND: POST /session/baa8cc8c703ae50a3cfee07d32ab3bfd/execute/async - {"script":"<script> [776 bytes]","args":[{"enterText":"b386Irp8Me","selector":{"id":"application-manageresources-display-component---newResourceUnit--resourceId","interaction":{"idSuffix":"inner"}},"clearTextFirst":true,"interactionType":"ENTER_TEXT"}]}
RESULT: {"script":"<script> [776 bytes]","args":[{"enterText":"b386Irp8Me","selector":{"id":"application-manageresources-display-component---newResourceUnit--resourceId","interaction":{"idSuffix":"inner"}},"clearTextFirst":true,"interactionType":"ENTER_TEXT"}]}
COMMAND: POST /session/baa8cc8c703ae50a3cfee07d32ab3bfd/execute/async - {"script":"<script> [1562 bytes]","args":[{"selector":{"id":"application-manageresources-display-component---newResourceUnit--SHORT_TEXT","interaction":{"idSuffix":"inner"}},"wdio_ui5_key":"applicationmanageresources-display-component---newResourceUnit--SHORT_TEXT"}]}
RESULT: {"script":"<script> [1562 bytes]","args":[{"selector":{"id":"application-manageresources-display-component---newResourceUnit--SHORT_TEXT","interaction":{"idSuffix":"inner"}},"wdio_ui5_key":"applicationmanageresources-display-component---newResourceUnit--SHORT_TEXT"}]}
RESULT: undefined
COMMAND: POST /session/baa8cc8c703ae50a3cfee07d32ab3bfd/execute/async - {"script":"<script> [776 bytes]","args":[{"enterText":"Intercompany Equipment WDIO","selector":{"id":"application-manageresources-display-component---newResourceUnit--SHORT_TEXT","interaction":{"idSuffix":"inner"}},"clearTextFirst":true,"interactionType":"ENTER_TEXT"}]}
RESULT: {"script":"<script> [776 bytes]","args":[{"enterText":"Intercompany Equipment WDIO","selector":{"id":"application-manageresources-display-component---newResourceUnit--SHORT_TEXT","interaction":{"idSuffix":"inner"}},"clearTextFirst":true,"interactionType":"ENTER_TEXT"}]}
COMMAND: POST /session/baa8cc8c703ae50a3cfee07d32ab3bfd/execute/async - {"script":"<script> [1562 bytes]","args":[{"selector":{"id":"application-manageresources-display-component---newResourceUnit--BASE_UNIT_OF_MEASURE","interaction":{"idSuffix":"inner"}},"wdio_ui5_key":"applicationmanageresources-display-component---newResourceUnit--BASE_UNIT_OF_MEASURE"}]}
RESULT: {"script":"<script> [1562 bytes]","args":[{"selector":{"id":"application-manageresources-display-component---newResourceUnit--BASE_UNIT_OF_MEASURE","interaction":{"idSuffix":"inner"}},"wdio_ui5_key":"applicationmanageresources-display-component---newResourceUnit--BASE_UNIT_OF_MEASURE"}]}
RESULT: undefined
COMMAND: POST /session/baa8cc8c703ae50a3cfee07d32ab3bfd/execute/async - {"script":"<script> [776 bytes]","args":[{"enterText":"Piece","selector":{"id":"application-manageresources-display-component---newResourceUnit--BASE_UNIT_OF_MEASURE","interaction":{"idSuffix":"inner"}},"clearTextFirst":true,"interactionType":"ENTER_TEXT"}]}
RESULT: {"script":"<script> [776 bytes]","args":[{"enterText":"Piece","selector":{"id":"application-manageresources-display-component---newResourceUnit--BASE_UNIT_OF_MEASURE","interaction":{"idSuffix":"inner"}},"clearTextFirst":true,"interactionType":"ENTER_TEXT"}]}
COMMAND: POST /session/baa8cc8c703ae50a3cfee07d32ab3bfd/execute/async - {"script":"<script> [1562 bytes]","args":[{"selector":{"id":"application-manageresources-display-component---newResourceUnit--WEIGHT_UNIT","interaction":{"idSuffix":"inner"}},"wdio_ui5_key":"applicationmanageresources-display-component---newResourceUnit--WEIGHT_UNIT"}]}
RESULT: {"script":"<script> [1562 bytes]","args":[{"selector":{"id":"application-manageresources-display-component---newResourceUnit--WEIGHT_UNIT","interaction":{"idSuffix":"inner"}},"wdio_ui5_key":"applicationmanageresources-display-component---newResourceUnit--WEIGHT_UNIT"}]}
RESULT: undefined
COMMAND: POST /session/baa8cc8c703ae50a3cfee07d32ab3bfd/execute/async - {"script":"<script> [776 bytes]","args":[{"enterText":"Gram","selector":{"id":"application-manageresources-display-component---newResourceUnit--WEIGHT_UNIT","interaction":{"idSuffix":"inner"}},"clearTextFirst":true,"interactionType":"ENTER_TEXT"}]}
RESULT: {"script":"<script> [776 bytes]","args":[{"enterText":"Gram","selector":{"id":"application-manageresources-display-component---newResourceUnit--WEIGHT_UNIT","interaction":{"idSuffix":"inner"}},"clearTextFirst":true,"interactionType":"ENTER_TEXT"}]}
COMMAND: POST /session/baa8cc8c703ae50a3cfee07d32ab3bfd/execute/async - {"script":"<script> [1562 bytes]","args":[{"selector":{"id":"application-manageresources-display-component---newResourceUnit--DIMENSION_UNIT","interaction":{"idSuffix":"inner"}},"wdio_ui5_key":"applicationmanageresources-display-component---newResourceUnit--DIMENSION_UNIT"}]}
RESULT: {"script":"<script> [1562 bytes]","args":[{"selector":{"id":"application-manageresources-display-component---newResourceUnit--DIMENSION_UNIT","interaction":{"idSuffix":"inner"}},"wdio_ui5_key":"applicationmanageresources-display-component---newResourceUnit--DIMENSION_UNIT"}]}
RESULT: undefined
COMMAND: POST /session/baa8cc8c703ae50a3cfee07d32ab3bfd/execute/async - {"script":"<script> [776 bytes]","args":[{"enterText":"Meter","selector":{"id":"application-manageresources-display-component---newResourceUnit--DIMENSION_UNIT","interaction":{"idSuffix":"inner"}},"clearTextFirst":true,"interactionType":"ENTER_TEXT"}]}
RESULT: {"script":"<script> [776 bytes]","args":[{"enterText":"Meter","selector":{"id":"application-manageresources-display-component---newResourceUnit--DIMENSION_UNIT","interaction":{"idSuffix":"inner"}},"clearTextFirst":true,"interactionType":"ENTER_TEXT"}]}
COMMAND: POST /session/baa8cc8c703ae50a3cfee07d32ab3bfd/execute/async - {"script":"<script> [1562 bytes]","args":[{"selector":{"id":"application-manageresources-display-component---newResourceUnit--newRRUPage-anchBar-application-manageresources-display-component---newResourceUnit--control-anchor","interaction":{"idSuffix":"BDI-content"}},"wdio_ui5_key":"applicationmanageresources-display-component---newResourceUnit--newRRUPage-anchBar-application-manageresources-display-component---newResourceUnit--control-anchor"}]}
RESULT: {"script":"<script> [1562 bytes]","args":[{"selector":{"id":"application-manageresources-display-component---newResourceUnit--newRRUPage-anchBar-application-manageresources-display-component---newResourceUnit--control-anchor","interaction":{"idSuffix":"BDI-content"}},"wdio_ui5_key":"applicationmanageresources-display-component---newResourceUnit--newRRUPage-anchBar-application-manageresources-display-component---newResourceUnit--control-anchor"}]}
RESULT: undefined
COMMAND: POST /session/baa8cc8c703ae50a3cfee07d32ab3bfd/element - {"using":"xpath","value":"//*[@id=\"application-manageresources-display-component---newResourceUnit--newRRUPage-anchBar-application-manageresources-display-component---newResourceUnit--control-anchor\"]"}
RESULT: {"using":"xpath","value":"//*[@id=\"application-manageresources-display-component---newResourceUnit--newRRUPage-anchBar-application-manageresources-display-component---newResourceUnit--control-anchor\"]"}
COMMAND: POST /session/baa8cc8c703ae50a3cfee07d32ab3bfd/element/f.A7D77B31E8FD2DE6ABF8E388F5FFE54F.d.5C1C6E58D66C69C031893508850FD013.e.20099/click - {}
RESULT: {}
COMMAND: POST /session/baa8cc8c703ae50a3cfee07d32ab3bfd/execute/async - {"script":"<script> [1562 bytes]","args":[{"selector":{"id":"application-manageresources-display-component---newResourceUnit--PLANNING_GROUP","interaction":{"idSuffix":"inner"}},"wdio_ui5_key":"applicationmanageresources-display-component---newResourceUnit--PLANNING_GROUP"}]}
COMMAND: GET /session/baa8cc8c703ae50a3cfee07d32ab3bfd/screenshot - {}
RESULT: {"script":"<script> [1562 bytes]","args":[{"selector":{"id":"application-manageresources-display-component---newResourceUnit--PLANNING_GROUP","interaction":{"idSuffix":"inner"}},"wdio_ui5_key":"applicationmanageresources-display-component---newResourceUnit--PLANNING_GROUP"}]}
RESULT: undefined
COMMAND: POST /session/baa8cc8c703ae50a3cfee07d32ab3bfd/execute/async - {"script":"<script> [776 bytes]","args":[{"enterText":"Heavy Equi","selector":{"id":"application-manageresources-display-component---newResourceUnit--PLANNING_GROUP","interaction":{"idSuffix":"inner"}},"clearTextFirst":true,"interactionType":"ENTER_TEXT"}]}
RESULT: {}
RESULT: {"script":"<script> [776 bytes]","args":[{"enterText":"Heavy Equi","selector":{"id":"application-manageresources-display-component---newResourceUnit--PLANNING_GROUP","interaction":{"idSuffix":"inner"}},"clearTextFirst":true,"interactionType":"ENTER_TEXT"}]}
COMMAND: POST /session/baa8cc8c703ae50a3cfee07d32ab3bfd/execute/async - {"script":"<script> [1562 bytes]","args":[{"selector":{"id":"application-manageresources-display-component---newResourceUnit--ITEM_TYPE-arrow"},"wdio_ui5_key":"applicationmanageresources-display-component---newResourceUnit--ITEM_TYPE-arrow"}]}
RESULT: {"script":"<script> [1562 bytes]","args":[{"selector":{"id":"application-manageresources-display-component---newResourceUnit--ITEM_TYPE-arrow"},"wdio_ui5_key":"applicationmanageresources-display-component---newResourceUnit--ITEM_TYPE-arrow"}]}
RESULT: undefined
COMMAND: POST /session/baa8cc8c703ae50a3cfee07d32ab3bfd/element - {"using":"xpath","value":"//*[@id=\"application-manageresources-display-component---newResourceUnit--ITEM_TYPE-arrow\"]"}
RESULT: {"using":"xpath","value":"//*[@id=\"application-manageresources-display-component---newResourceUnit--ITEM_TYPE-arrow\"]"}
COMMAND: POST /session/baa8cc8c703ae50a3cfee07d32ab3bfd/element/f.A7D77B31E8FD2DE6ABF8E388F5FFE54F.d.5C1C6E58D66C69C031893508850FD013.e.20108/click - {}
RESULT: {}
COMMAND: POST /session/baa8cc8c703ae50a3cfee07d32ab3bfd/element - {"using":"xpath","value":"(//span[contains(text(), \"Resource Unit\")])[2]"}
COMMAND: GET /session/baa8cc8c703ae50a3cfee07d32ab3bfd/screenshot - {}
RESULT: {"using":"xpath","value":"(//span[contains(text(), \"Resource Unit\")])[2]"}
COMMAND: POST /session/baa8cc8c703ae50a3cfee07d32ab3bfd/element/f.A7D77B31E8FD2DE6ABF8E388F5FFE54F.d.5C1C6E58D66C69C031893508850FD013.e.20109/click - {}
RESULT: {}
RESULT: {}
COMMAND: GET /session/baa8cc8c703ae50a3cfee07d32ab3bfd/screenshot - {}
RESULT: {}
COMMAND: POST /session/baa8cc8c703ae50a3cfee07d32ab3bfd/element - {"using":"css selector","value":"#application-manageresources-display-component---newResourceUnit--btnAddTimeSegment"}
RESULT: {"using":"css selector","value":"#application-manageresources-display-component---newResourceUnit--btnAddTimeSegment"}
COMMAND: GET /session/baa8cc8c703ae50a3cfee07d32ab3bfd/element/f.A7D77B31E8FD2DE6ABF8E388F5FFE54F.d.5C1C6E58D66C69C031893508850FD013.e.20110/rect - {}
RESULT: {}
COMMAND: GET /session/baa8cc8c703ae50a3cfee07d32ab3bfd/window/rect - {}
RESULT: {}
COMMAND: POST /session/baa8cc8c703ae50a3cfee07d32ab3bfd/execute/sync - {"script":"<script> [92 bytes]","args":[]}
RESULT: {"script":"<script> [92 bytes]","args":[]}
COMMAND: POST /session/baa8cc8c703ae50a3cfee07d32ab3bfd/actions - {"actions":[{"id":"action64","type":"wheel","parameters":{},"actions":[{"type":"scroll","x":-1888,"y":-32,"deltaX":0,"deltaY":0,"duration":0,"origin":{"element-6066-11e4-a52e-4f735466cecf":"f.A7D77B31E8FD2DE6ABF8E388F5FFE54F.d.5C1C6E58D66C69C031893508850FD013.e.20110"}}]}]}
COMMAND: GET /session/baa8cc8c703ae50a3cfee07d32ab3bfd/screenshot - {}
RESULT: {}
COMMAND: POST /session/baa8cc8c703ae50a3cfee07d32ab3bfd/execute/sync - {"script":"<script> [79 bytes]","args":[{"element-6066-11e4-a52e-4f735466cecf":"f.A7D77B31E8FD2DE6ABF8E388F5FFE54F.d.5C1C6E58D66C69C031893508850FD013.e.20110","ELEMENT":"f.A7D77B31E8FD2DE6ABF8E388F5FFE54F.d.5C1C6E58D66C69C031893508850FD013.e.20110"},{"block":"start","inline":"nearest"}]}
RESULT: {"script":"<script> [79 bytes]","args":[{"element-6066-11e4-a52e-4f735466cecf":"f.A7D77B31E8FD2DE6ABF8E388F5FFE54F.d.5C1C6E58D66C69C031893508850FD013.e.20110","ELEMENT":"f.A7D77B31E8FD2DE6ABF8E388F5FFE54F.d.5C1C6E58D66C69C031893508850FD013.e.20110"},{"block":"start","inline":"nearest"}]}
COMMAND: POST /session/baa8cc8c703ae50a3cfee07d32ab3bfd/execute/async - {"script":"<script> [1562 bytes]","args":[{"selector":{"id":"application-manageresources-display-component---newResourceUnit--btnAddTimeSegment","interaction":{"idSuffix":"inner"}},"wdio_ui5_key":"applicationmanageresources-display-component---newResourceUnit--btnAddTimeSegment"}]}
COMMAND: GET /session/baa8cc8c703ae50a3cfee07d32ab3bfd/screenshot - {}
RESULT: {"script":"<script> [1562 bytes]","args":[{"selector":{"id":"application-manageresources-display-component---newResourceUnit--btnAddTimeSegment","interaction":{"idSuffix":"inner"}},"wdio_ui5_key":"applicationmanageresources-display-component---newResourceUnit--btnAddTimeSegment"}]}
RESULT: undefined
COMMAND: POST /session/baa8cc8c703ae50a3cfee07d32ab3bfd/element - {"using":"xpath","value":"//*[@id=\"application-manageresources-display-component---newResourceUnit--btnAddTimeSegment\"]"}
RESULT: {}
RESULT: {"using":"xpath","value":"//*[@id=\"application-manageresources-display-component---newResourceUnit--btnAddTimeSegment\"]"}
COMMAND: POST /session/baa8cc8c703ae50a3cfee07d32ab3bfd/element/f.A7D77B31E8FD2DE6ABF8E388F5FFE54F.d.5C1C6E58D66C69C031893508850FD013.e.20110/click - {}
RESULT: {}
COMMAND: GET /session/baa8cc8c703ae50a3cfee07d32ab3bfd/screenshot - {}
RESULT: {}
COMMAND: POST /session/baa8cc8c703ae50a3cfee07d32ab3bfd/element - {"using":"xpath","value":"//input[@id=\"application-manageresources-display-component---newResourceUnit--idRuTSAdmin-application-manageresources-display-component---newResourceUnit--RUTimeSegment-0-inner\"]"}
RESULT: {"using":"xpath","value":"//input[@id=\"application-manageresources-display-component---newResourceUnit--idRuTSAdmin-application-manageresources-display-component---newResourceUnit--RUTimeSegment-0-inner\"]"}
COMMAND: POST /session/baa8cc8c703ae50a3cfee07d32ab3bfd/element/f.A7D77B31E8FD2DE6ABF8E388F5FFE54F.d.5C1C6E58D66C69C031893508850FD013.e.20116/clear - {}
RESULT: {}
COMMAND: POST /session/baa8cc8c703ae50a3cfee07d32ab3bfd/element/f.A7D77B31E8FD2DE6ABF8E388F5FFE54F.d.5C1C6E58D66C69C031893508850FD013.e.20116/value - {"text":"702"}
COMMAND: GET /session/baa8cc8c703ae50a3cfee07d32ab3bfd/screenshot - {}
RESULT: {"text":"702"}
COMMAND: GET /session/baa8cc8c703ae50a3cfee07d32ab3bfd/screenshot - {}
RESULT: {}
RESULT: {}
COMMAND: POST /session/baa8cc8c703ae50a3cfee07d32ab3bfd/element - {"using":"xpath","value":"//li[.//span[text()='702']]"}
RESULT: {"using":"xpath","value":"//li[.//span[text()='702']]"}
COMMAND: POST /session/baa8cc8c703ae50a3cfee07d32ab3bfd/element/f.A7D77B31E8FD2DE6ABF8E388F5FFE54F.d.5C1C6E58D66C69C031893508850FD013.e.20129/click - {}
RESULT: {}
COMMAND: GET /session/baa8cc8c703ae50a3cfee07d32ab3bfd/screenshot - {}
RESULT: {}
COMMAND: POST /session/baa8cc8c703ae50a3cfee07d32ab3bfd/element - {"using":"xpath","value":"(//span[contains(@id, \"-application-manageresources-display-component---newResourceUnit--RUTimeSegment-0-arrow\")])[6]"}
RESULT: {"using":"xpath","value":"(//span[contains(@id, \"-application-manageresources-display-component---newResourceUnit--RUTimeSegment-0-arrow\")])[6]"}
COMMAND: POST /session/baa8cc8c703ae50a3cfee07d32ab3bfd/element/f.A7D77B31E8FD2DE6ABF8E388F5FFE54F.d.5C1C6E58D66C69C031893508850FD013.e.20130/click - {}
RESULT: {}
COMMAND: POST /session/baa8cc8c703ae50a3cfee07d32ab3bfd/element - {"using":"xpath","value":"//span[contains(text(), \"PM Order\")]"}
COMMAND: GET /session/baa8cc8c703ae50a3cfee07d32ab3bfd/screenshot - {}
RESULT: {}
RESULT: {"using":"xpath","value":"//span[contains(text(), \"PM Order\")]"}
COMMAND: POST /session/baa8cc8c703ae50a3cfee07d32ab3bfd/element/f.A7D77B31E8FD2DE6ABF8E388F5FFE54F.d.5C1C6E58D66C69C031893508850FD013.e.20133/click - {}
RESULT: {}
COMMAND: GET /session/baa8cc8c703ae50a3cfee07d32ab3bfd/screenshot - {}
RESULT: {}
COMMAND: POST /session/baa8cc8c703ae50a3cfee07d32ab3bfd/element - {"using":"xpath","value":"(//span[contains(@id ,\"manageresources-display-component---newResourceUnit--RUTimeSegment-0-vhi\")])[2]"}
RESULT: {"using":"xpath","value":"(//span[contains(@id ,\"manageresources-display-component---newResourceUnit--RUTimeSegment-0-vhi\")])[2]"}
COMMAND: POST /session/baa8cc8c703ae50a3cfee07d32ab3bfd/element/f.A7D77B31E8FD2DE6ABF8E388F5FFE54F.d.5C1C6E58D66C69C031893508850FD013.e.20136/click - {}
RESULT: {}
COMMAND: GET /session/baa8cc8c703ae50a3cfee07d32ab3bfd/screenshot - {}
RESULT: {}
COMMAND: POST /session/baa8cc8c703ae50a3cfee07d32ab3bfd/execute/async - {"script":"<script> [1562 bytes]","args":[{"selector":{"controlType":"sap.m.SearchField","properties":{"placeholder":"Search"},"searchOpenDialogs":true,"interaction":{"idSuffix":"I"}},"wdio_ui5_key":"sapm.SearchField{\"placeholder\":\"Search\"}"}]}
RESULT: {"script":"<script> [1562 bytes]","args":[{"selector":{"controlType":"sap.m.SearchField","properties":{"placeholder":"Search"},"searchOpenDialogs":true,"interaction":{"idSuffix":"I"}},"wdio_ui5_key":"sapm.SearchField{\"placeholder\":\"Search\"}"}]}
RESULT: undefined
COMMAND: POST /session/baa8cc8c703ae50a3cfee07d32ab3bfd/execute/async - {"script":"<script> [776 bytes]","args":[{"enterText":"4000360","selector":{"controlType":"sap.m.SearchField","properties":{"placeholder":"Search"},"searchOpenDialogs":true,"interaction":{"idSuffix":"I"}},"clearTextFirst":true,"interactionType":"ENTER_TEXT"}]}
RESULT: {"script":"<script> [776 bytes]","args":[{"enterText":"4000360","selector":{"controlType":"sap.m.SearchField","properties":{"placeholder":"Search"},"searchOpenDialogs":true,"interaction":{"idSuffix":"I"}},"clearTextFirst":true,"interactionType":"ENTER_TEXT"}]}
COMMAND: POST /session/baa8cc8c703ae50a3cfee07d32ab3bfd/actions - {"actions":[{"id":"action65","type":"key","parameters":{},"actions":[{"type":"keyDown","value":""},{"type":"pause","duration":10},{"type":"keyUp","value":""}]}]}
RESULT: {"actions":[{"id":"action65","type":"key","parameters":{},"actions":[{"type":"keyDown","value":""},{"type":"pause","duration":10},{"type":"keyUp","value":""}]}]}
COMMAND: GET /session/baa8cc8c703ae50a3cfee07d32ab3bfd/screenshot - {}
RESULT: {}
COMMAND: POST /session/baa8cc8c703ae50a3cfee07d32ab3bfd/element - {"using":"xpath","value":"//td/div/span[contains(text(), \"BGL Vehicles\")]"}
RESULT: {"using":"xpath","value":"//td/div/span[contains(text(), \"BGL Vehicles\")]"}
COMMAND: POST /session/baa8cc8c703ae50a3cfee07d32ab3bfd/element/f.A7D77B31E8FD2DE6ABF8E388F5FFE54F.d.5C1C6E58D66C69C031893508850FD013.e.20155/click - {}
RESULT: {}
COMMAND: GET /session/baa8cc8c703ae50a3cfee07d32ab3bfd/screenshot - {}
RESULT: {}
COMMAND: POST /session/baa8cc8c703ae50a3cfee07d32ab3bfd/element - {"using":"xpath","value":"//bdi[contains(text(), \"OK\")]"}
RESULT: {"using":"xpath","value":"//bdi[contains(text(), \"OK\")]"}
COMMAND: POST /session/baa8cc8c703ae50a3cfee07d32ab3bfd/element/f.A7D77B31E8FD2DE6ABF8E388F5FFE54F.d.5C1C6E58D66C69C031893508850FD013.e.20156/click - {}
RESULT: {}
COMMAND: GET /session/baa8cc8c703ae50a3cfee07d32ab3bfd/screenshot - {}
RESULT: {}
COMMAND: POST /session/baa8cc8c703ae50a3cfee07d32ab3bfd/execute/async - {"script":"<script> [1562 bytes]","args":[{"selector":{"id":"application-manageresources-display-component---newResourceUnit--newRRUPage-anchBar-application-manageresources-display-component---newResourceUnit--resource-anchor","interaction":{"idSuffix":"BDI-content"}},"wdio_ui5_key":"applicationmanageresources-display-component---newResourceUnit--newRRUPage-anchBar-application-manageresources-display-component---newResourceUnit--resource-anchor"}]}
RESULT: {"script":"<script> [1562 bytes]","args":[{"selector":{"id":"application-manageresources-display-component---newResourceUnit--newRRUPage-anchBar-application-manageresources-display-component---newResourceUnit--resource-anchor","interaction":{"idSuffix":"BDI-content"}},"wdio_ui5_key":"applicationmanageresources-display-component---newResourceUnit--newRRUPage-anchBar-application-manageresources-display-component---newResourceUnit--resource-anchor"}]}
RESULT: undefined
COMMAND: POST /session/baa8cc8c703ae50a3cfee07d32ab3bfd/element - {"using":"xpath","value":"//*[@id=\"application-manageresources-display-component---newResourceUnit--newRRUPage-anchBar-application-manageresources-display-component---newResourceUnit--resource-anchor\"]"}
RESULT: {"using":"xpath","value":"//*[@id=\"application-manageresources-display-component---newResourceUnit--newRRUPage-anchBar-application-manageresources-display-component---newResourceUnit--resource-anchor\"]"}
COMMAND: POST /session/baa8cc8c703ae50a3cfee07d32ab3bfd/element/f.A7D77B31E8FD2DE6ABF8E388F5FFE54F.d.5C1C6E58D66C69C031893508850FD013.e.20160/click - {}
RESULT: {}
COMMAND: POST /session/baa8cc8c703ae50a3cfee07d32ab3bfd/execute/async - {"script":"<script> [1562 bytes]","args":[{"selector":{"id":"application-manageresources-display-component---newResourceUnit--PLANNED_DELIVERY_DATE","interaction":{"idSuffix":"inner"}},"wdio_ui5_key":"applicationmanageresources-display-component---newResourceUnit--PLANNED_DELIVERY_DATE"}]}
COMMAND: GET /session/baa8cc8c703ae50a3cfee07d32ab3bfd/screenshot - {}
RESULT: {"script":"<script> [1562 bytes]","args":[{"selector":{"id":"application-manageresources-display-component---newResourceUnit--PLANNED_DELIVERY_DATE","interaction":{"idSuffix":"inner"}},"wdio_ui5_key":"applicationmanageresources-display-component---newResourceUnit--PLANNED_DELIVERY_DATE"}]}
RESULT: undefined
COMMAND: POST /session/baa8cc8c703ae50a3cfee07d32ab3bfd/execute/async - {"script":"<script> [6424 bytes]","args":[{"element-6066-11e4-a52e-4f735466cecf":"f.A7D77B31E8FD2DE6ABF8E388F5FFE54F.d.5C1C6E58D66C69C031893508850FD013.e.20022"},"setValue",["4/23/25"]]}
RESULT: {}
RESULT: {"script":"<script> [6424 bytes]","args":[{"element-6066-11e4-a52e-4f735466cecf":"f.A7D77B31E8FD2DE6ABF8E388F5FFE54F.d.5C1C6E58D66C69C031893508850FD013.e.20022"},"setValue",["4/23/25"]]}
COMMAND: POST /session/baa8cc8c703ae50a3cfee07d32ab3bfd/element - {"using":"xpath","value":"//button[@data-kt=\"resourceUnitSaveButton\"]"}
RESULT: {"using":"xpath","value":"//button[@data-kt=\"resourceUnitSaveButton\"]"}
COMMAND: POST /session/baa8cc8c703ae50a3cfee07d32ab3bfd/element/f.A7D77B31E8FD2DE6ABF8E388F5FFE54F.d.5C1C6E58D66C69C031893508850FD013.e.19982/click - {}
RESULT: {}
COMMAND: GET /session/baa8cc8c703ae50a3cfee07d32ab3bfd/screenshot - {}
RESULT: {}
COMMAND: POST /session/baa8cc8c703ae50a3cfee07d32ab3bfd/element - {"using":"xpath","value":"//bdi[contains(text(), \"Close\")]"}
RESULT: {"using":"xpath","value":"//bdi[contains(text(), \"Close\")]"}
COMMAND: POST /session/baa8cc8c703ae50a3cfee07d32ab3bfd/element/f.A7D77B31E8FD2DE6ABF8E388F5FFE54F.d.5C1C6E58D66C69C031893508850FD013.e.20169/click - {}
RESULT: {}
COMMAND: GET /session/baa8cc8c703ae50a3cfee07d32ab3bfd/screenshot - {}
RESULT: {}
COMMAND: POST /session/baa8cc8c703ae50a3cfee07d32ab3bfd/element - {"using":"xpath","value":"(//button[contains(@id ,\"actionsToolbar-overflowButton\")])[1]"}
RESULT: {"using":"xpath","value":"(//button[contains(@id ,\"actionsToolbar-overflowButton\")])[1]"}
COMMAND: POST /session/baa8cc8c703ae50a3cfee07d32ab3bfd/element/f.A7D77B31E8FD2DE6ABF8E388F5FFE54F.d.5C1C6E58D66C69C031893508850FD013.e.20225/click - {}
RESULT: {}
COMMAND: GET /session/baa8cc8c703ae50a3cfee07d32ab3bfd/screenshot - {}
RESULT: {}
COMMAND: POST /session/baa8cc8c703ae50a3cfee07d32ab3bfd/element - {"using":"xpath","value":"//button[@data-kt=\"priceInfoButton\"]"}
RESULT: {"using":"xpath","value":"//button[@data-kt=\"priceInfoButton\"]"}
COMMAND: POST /session/baa8cc8c703ae50a3cfee07d32ab3bfd/element/f.A7D77B31E8FD2DE6ABF8E388F5FFE54F.d.5C1C6E58D66C69C031893508850FD013.e.20227/click - {}
RESULT: {}
COMMAND: GET /session/baa8cc8c703ae50a3cfee07d32ab3bfd/screenshot - {}
RESULT: {}
]]></system-out>
    </testcase>
    <testcase classname="chrome.135_0_7049_42.windows.Billing_Calculation_-_Time_based_(considering_transport_times)_US139738" name="Should create new pricing rule for 1st equipment" time="49.962">
      <system-out><![CDATA[
COMMAND: POST /session/baa8cc8c703ae50a3cfee07d32ab3bfd/element - {"using":"xpath","value":"//button[@data-kt=\"addButton\"]"}
RESULT: {"using":"xpath","value":"//button[@data-kt=\"addButton\"]"}
COMMAND: POST /session/baa8cc8c703ae50a3cfee07d32ab3bfd/elements - {"using":"xpath","value":"//button[@data-kt=\"addButton\"]"}
RESULT: {"using":"xpath","value":"//button[@data-kt=\"addButton\"]"}
COMMAND: POST /session/baa8cc8c703ae50a3cfee07d32ab3bfd/elements - {"using":"xpath","value":"//button[@data-kt=\"addButton\"]"}
RESULT: {"using":"xpath","value":"//button[@data-kt=\"addButton\"]"}
COMMAND: POST /session/baa8cc8c703ae50a3cfee07d32ab3bfd/element - {"using":"xpath","value":"//button[@data-kt=\"addButton\"]"}
RESULT: {"using":"xpath","value":"//button[@data-kt=\"addButton\"]"}
COMMAND: POST /session/baa8cc8c703ae50a3cfee07d32ab3bfd/execute/sync - {"script":"<script> [8489 bytes]","args":[{"element-6066-11e4-a52e-4f735466cecf":"f.A7D77B31E8FD2DE6ABF8E388F5FFE54F.d.5C1C6E58D66C69C031893508850FD013.e.20263","ELEMENT":"f.A7D77B31E8FD2DE6ABF8E388F5FFE54F.d.5C1C6E58D66C69C031893508850FD013.e.20263"}]}
RESULT: {"script":"<script> [8489 bytes]","args":[{"element-6066-11e4-a52e-4f735466cecf":"f.A7D77B31E8FD2DE6ABF8E388F5FFE54F.d.5C1C6E58D66C69C031893508850FD013.e.20263","ELEMENT":"f.A7D77B31E8FD2DE6ABF8E388F5FFE54F.d.5C1C6E58D66C69C031893508850FD013.e.20263"}]}
COMMAND: GET /session/baa8cc8c703ae50a3cfee07d32ab3bfd/element/f.A7D77B31E8FD2DE6ABF8E388F5FFE54F.d.5C1C6E58D66C69C031893508850FD013.e.20263/enabled - {}
COMMAND: GET /session/baa8cc8c703ae50a3cfee07d32ab3bfd/screenshot - {}
RESULT: {}
COMMAND: POST /session/baa8cc8c703ae50a3cfee07d32ab3bfd/execute/sync - {"script":"<script> [8489 bytes]","args":[{"element-6066-11e4-a52e-4f735466cecf":"f.A7D77B31E8FD2DE6ABF8E388F5FFE54F.d.5C1C6E58D66C69C031893508850FD013.e.20263","ELEMENT":"f.A7D77B31E8FD2DE6ABF8E388F5FFE54F.d.5C1C6E58D66C69C031893508850FD013.e.20263"}]}
COMMAND: GET /session/baa8cc8c703ae50a3cfee07d32ab3bfd/screenshot - {}
RESULT: {}
RESULT: {"script":"<script> [8489 bytes]","args":[{"element-6066-11e4-a52e-4f735466cecf":"f.A7D77B31E8FD2DE6ABF8E388F5FFE54F.d.5C1C6E58D66C69C031893508850FD013.e.20263","ELEMENT":"f.A7D77B31E8FD2DE6ABF8E388F5FFE54F.d.5C1C6E58D66C69C031893508850FD013.e.20263"}]}
COMMAND: POST /session/baa8cc8c703ae50a3cfee07d32ab3bfd/execute/sync - {"script":"<script> [5351 bytes]","args":[{"element-6066-11e4-a52e-4f735466cecf":"f.A7D77B31E8FD2DE6ABF8E388F5FFE54F.d.5C1C6E58D66C69C031893508850FD013.e.20263","ELEMENT":"f.A7D77B31E8FD2DE6ABF8E388F5FFE54F.d.5C1C6E58D66C69C031893508850FD013.e.20263"}]}
COMMAND: GET /session/baa8cc8c703ae50a3cfee07d32ab3bfd/screenshot - {}
RESULT: {}
RESULT: {"script":"<script> [5351 bytes]","args":[{"element-6066-11e4-a52e-4f735466cecf":"f.A7D77B31E8FD2DE6ABF8E388F5FFE54F.d.5C1C6E58D66C69C031893508850FD013.e.20263","ELEMENT":"f.A7D77B31E8FD2DE6ABF8E388F5FFE54F.d.5C1C6E58D66C69C031893508850FD013.e.20263"}]}
COMMAND: POST /session/baa8cc8c703ae50a3cfee07d32ab3bfd/element/f.A7D77B31E8FD2DE6ABF8E388F5FFE54F.d.5C1C6E58D66C69C031893508850FD013.e.20263/click - {}
COMMAND: GET /session/baa8cc8c703ae50a3cfee07d32ab3bfd/screenshot - {}
RESULT: {}
RESULT: {}
COMMAND: GET /session/baa8cc8c703ae50a3cfee07d32ab3bfd/screenshot - {}
RESULT: {}
RESULT: {}
COMMAND: POST /session/baa8cc8c703ae50a3cfee07d32ab3bfd/execute/async - {"script":"<script> [1562 bytes]","args":[{"selector":{"controlType":"sap.m.Title","viewName":"etm.portal.ui.managepricingrules.view.NewItem","viewId":"application-managepricingrules-display-component---newInfoPriceItem","properties":{"text":"New Pricing Rules - Item Level"}},"wdio_ui5_key":"etmportal.ui.managepricingrules.view.NewItemsap.m.Title{\"text\":\"New Pricing Rules - Item Level\"}"}]}
RESULT: {"script":"<script> [1562 bytes]","args":[{"selector":{"controlType":"sap.m.Title","viewName":"etm.portal.ui.managepricingrules.view.NewItem","viewId":"application-managepricingrules-display-component---newInfoPriceItem","properties":{"text":"New Pricing Rules - Item Level"}},"wdio_ui5_key":"etmportal.ui.managepricingrules.view.NewItemsap.m.Title{\"text\":\"New Pricing Rules - Item Level\"}"}]}
RESULT: undefined
COMMAND: POST /session/baa8cc8c703ae50a3cfee07d32ab3bfd/execute/async - {"script":"<script> [6424 bytes]","args":[{"element-6066-11e4-a52e-4f735466cecf":"f.A7D77B31E8FD2DE6ABF8E388F5FFE54F.d.5C1C6E58D66C69C031893508850FD013.e.20422"},"getText",[]]}
RESULT: {"script":"<script> [6424 bytes]","args":[{"element-6066-11e4-a52e-4f735466cecf":"f.A7D77B31E8FD2DE6ABF8E388F5FFE54F.d.5C1C6E58D66C69C031893508850FD013.e.20422"},"getText",[]]}
COMMAND: POST /session/baa8cc8c703ae50a3cfee07d32ab3bfd/execute/async - {"script":"<script> [1562 bytes]","args":[{"selector":{"id":"application-managepricingrules-display-component---newInfoPriceItem--condValidTo","interaction":{"idSuffix":"inner"}},"wdio_ui5_key":"applicationmanagepricingrules-display-component---newInfoPriceItem--condValidTo"}]}
RESULT: {"script":"<script> [1562 bytes]","args":[{"selector":{"id":"application-managepricingrules-display-component---newInfoPriceItem--condValidTo","interaction":{"idSuffix":"inner"}},"wdio_ui5_key":"applicationmanagepricingrules-display-component---newInfoPriceItem--condValidTo"}]}
RESULT: undefined
COMMAND: POST /session/baa8cc8c703ae50a3cfee07d32ab3bfd/execute/async - {"script":"<script> [776 bytes]","args":[{"enterText":"12/23/25","selector":{"id":"application-managepricingrules-display-component---newInfoPriceItem--condValidTo","interaction":{"idSuffix":"inner"}},"clearTextFirst":true,"interactionType":"ENTER_TEXT"}]}
RESULT: {"script":"<script> [776 bytes]","args":[{"enterText":"12/23/25","selector":{"id":"application-managepricingrules-display-component---newInfoPriceItem--condValidTo","interaction":{"idSuffix":"inner"}},"clearTextFirst":true,"interactionType":"ENTER_TEXT"}]}
COMMAND: POST /session/baa8cc8c703ae50a3cfee07d32ab3bfd/execute/async - {"script":"<script> [1562 bytes]","args":[{"selector":{"id":"application-managepricingrules-display-component---newInfoPriceItem--billType-arrow"},"wdio_ui5_key":"applicationmanagepricingrules-display-component---newInfoPriceItem--billType-arrow"}]}
RESULT: {"script":"<script> [1562 bytes]","args":[{"selector":{"id":"application-managepricingrules-display-component---newInfoPriceItem--billType-arrow"},"wdio_ui5_key":"applicationmanagepricingrules-display-component---newInfoPriceItem--billType-arrow"}]}
RESULT: undefined
COMMAND: POST /session/baa8cc8c703ae50a3cfee07d32ab3bfd/element - {"using":"xpath","value":"//*[@id=\"application-managepricingrules-display-component---newInfoPriceItem--billType-arrow\"]"}
RESULT: {"using":"xpath","value":"//*[@id=\"application-managepricingrules-display-component---newInfoPriceItem--billType-arrow\"]"}
COMMAND: POST /session/baa8cc8c703ae50a3cfee07d32ab3bfd/element/f.A7D77B31E8FD2DE6ABF8E388F5FFE54F.d.5C1C6E58D66C69C031893508850FD013.e.20426/click - {}
RESULT: {}
COMMAND: POST /session/baa8cc8c703ae50a3cfee07d32ab3bfd/element - {"using":"xpath","value":"//span[contains(text(), \"TB - Time based\")]"}
COMMAND: GET /session/baa8cc8c703ae50a3cfee07d32ab3bfd/screenshot - {}
RESULT: {"using":"xpath","value":"//span[contains(text(), \"TB - Time based\")]"}
COMMAND: POST /session/baa8cc8c703ae50a3cfee07d32ab3bfd/element/f.A7D77B31E8FD2DE6ABF8E388F5FFE54F.d.5C1C6E58D66C69C031893508850FD013.e.20427/click - {}
RESULT: {}
RESULT: {}
COMMAND: POST /session/baa8cc8c703ae50a3cfee07d32ab3bfd/execute/async - {"script":"<script> [1562 bytes]","args":[{"selector":{"id":"application-managepricingrules-display-component---newInfoPriceItem--priceProc-arrow"},"wdio_ui5_key":"applicationmanagepricingrules-display-component---newInfoPriceItem--priceProc-arrow"}]}
COMMAND: GET /session/baa8cc8c703ae50a3cfee07d32ab3bfd/screenshot - {}
RESULT: {"script":"<script> [1562 bytes]","args":[{"selector":{"id":"application-managepricingrules-display-component---newInfoPriceItem--priceProc-arrow"},"wdio_ui5_key":"applicationmanagepricingrules-display-component---newInfoPriceItem--priceProc-arrow"}]}
RESULT: undefined
COMMAND: POST /session/baa8cc8c703ae50a3cfee07d32ab3bfd/element - {"using":"xpath","value":"//*[@id=\"application-managepricingrules-display-component---newInfoPriceItem--priceProc-arrow\"]"}
RESULT: {}
RESULT: {"using":"xpath","value":"//*[@id=\"application-managepricingrules-display-component---newInfoPriceItem--priceProc-arrow\"]"}
COMMAND: POST /session/baa8cc8c703ae50a3cfee07d32ab3bfd/element/f.A7D77B31E8FD2DE6ABF8E388F5FFE54F.d.5C1C6E58D66C69C031893508850FD013.e.20392/click - {}
RESULT: {}
COMMAND: POST /session/baa8cc8c703ae50a3cfee07d32ab3bfd/element - {"using":"xpath","value":"//span[contains(text(), \"TBS - Time based standard\")]"}
COMMAND: GET /session/baa8cc8c703ae50a3cfee07d32ab3bfd/screenshot - {}
RESULT: {"using":"xpath","value":"//span[contains(text(), \"TBS - Time based standard\")]"}
COMMAND: POST /session/baa8cc8c703ae50a3cfee07d32ab3bfd/element/f.A7D77B31E8FD2DE6ABF8E388F5FFE54F.d.5C1C6E58D66C69C031893508850FD013.e.20428/click - {}
RESULT: {}
RESULT: {}
COMMAND: POST /session/baa8cc8c703ae50a3cfee07d32ab3bfd/execute/async - {"script":"<script> [1562 bytes]","args":[{"selector":{"id":"application-managepricingrules-display-component---newInfoPriceItem--calcBase-arrow"},"wdio_ui5_key":"applicationmanagepricingrules-display-component---newInfoPriceItem--calcBase-arrow"}]}
COMMAND: GET /session/baa8cc8c703ae50a3cfee07d32ab3bfd/screenshot - {}
RESULT: {"script":"<script> [1562 bytes]","args":[{"selector":{"id":"application-managepricingrules-display-component---newInfoPriceItem--calcBase-arrow"},"wdio_ui5_key":"applicationmanagepricingrules-display-component---newInfoPriceItem--calcBase-arrow"}]}
RESULT: undefined
COMMAND: POST /session/baa8cc8c703ae50a3cfee07d32ab3bfd/element - {"using":"xpath","value":"//*[@id=\"application-managepricingrules-display-component---newInfoPriceItem--calcBase-arrow\"]"}
RESULT: {}
RESULT: {"using":"xpath","value":"//*[@id=\"application-managepricingrules-display-component---newInfoPriceItem--calcBase-arrow\"]"}
COMMAND: POST /session/baa8cc8c703ae50a3cfee07d32ab3bfd/element/f.A7D77B31E8FD2DE6ABF8E388F5FFE54F.d.5C1C6E58D66C69C031893508850FD013.e.20399/click - {}
RESULT: {}
COMMAND: GET /session/baa8cc8c703ae50a3cfee07d32ab3bfd/screenshot - {}
RESULT: {}
COMMAND: POST /session/baa8cc8c703ae50a3cfee07d32ab3bfd/element - {"using":"xpath","value":"//span[contains(text(), \"0006 - TB(calendar days)\")]"}
RESULT: {"using":"xpath","value":"//span[contains(text(), \"0006 - TB(calendar days)\")]"}
COMMAND: POST /session/baa8cc8c703ae50a3cfee07d32ab3bfd/element/f.A7D77B31E8FD2DE6ABF8E388F5FFE54F.d.5C1C6E58D66C69C031893508850FD013.e.20429/click - {}
RESULT: {}
COMMAND: GET /session/baa8cc8c703ae50a3cfee07d32ab3bfd/screenshot - {}
RESULT: {}
COMMAND: POST /session/baa8cc8c703ae50a3cfee07d32ab3bfd/execute/async - {"script":"<script> [1562 bytes]","args":[{"selector":{"id":"application-managepricingrules-display-component---newInfoPriceItem--daysMonth","interaction":{"idSuffix":"inner"}},"wdio_ui5_key":"applicationmanagepricingrules-display-component---newInfoPriceItem--daysMonth"}]}
RESULT: {"script":"<script> [1562 bytes]","args":[{"selector":{"id":"application-managepricingrules-display-component---newInfoPriceItem--daysMonth","interaction":{"idSuffix":"inner"}},"wdio_ui5_key":"applicationmanagepricingrules-display-component---newInfoPriceItem--daysMonth"}]}
RESULT: undefined
COMMAND: POST /session/baa8cc8c703ae50a3cfee07d32ab3bfd/execute/async - {"script":"<script> [776 bytes]","args":[{"enterText":"30","selector":{"id":"application-managepricingrules-display-component---newInfoPriceItem--daysMonth","interaction":{"idSuffix":"inner"}},"clearTextFirst":true,"interactionType":"ENTER_TEXT"}]}
RESULT: {"script":"<script> [776 bytes]","args":[{"enterText":"30","selector":{"id":"application-managepricingrules-display-component---newInfoPriceItem--daysMonth","interaction":{"idSuffix":"inner"}},"clearTextFirst":true,"interactionType":"ENTER_TEXT"}]}
COMMAND: POST /session/baa8cc8c703ae50a3cfee07d32ab3bfd/element - {"using":"xpath","value":"//button[@data-kt=\"saveNewRuleButton\"]"}
RESULT: {"using":"xpath","value":"//button[@data-kt=\"saveNewRuleButton\"]"}
COMMAND: POST /session/baa8cc8c703ae50a3cfee07d32ab3bfd/element/f.A7D77B31E8FD2DE6ABF8E388F5FFE54F.d.5C1C6E58D66C69C031893508850FD013.e.20415/click - {}
RESULT: {}
COMMAND: GET /session/baa8cc8c703ae50a3cfee07d32ab3bfd/screenshot - {}
RESULT: {}
COMMAND: POST /session/baa8cc8c703ae50a3cfee07d32ab3bfd/execute/async - {"script":"<script> [1562 bytes]","args":[{"selector":{"id":"application-managepricingrules-display-component---priceInfoItem--smartFilterBar-btnBasicSearch","interaction":{"idSuffix":"I"}},"wdio_ui5_key":"applicationmanagepricingrules-display-component---priceInfoItem--smartFilterBar-btnBasicSearch"}]}
RESULT: {"script":"<script> [1562 bytes]","args":[{"selector":{"id":"application-managepricingrules-display-component---priceInfoItem--smartFilterBar-btnBasicSearch","interaction":{"idSuffix":"I"}},"wdio_ui5_key":"applicationmanagepricingrules-display-component---priceInfoItem--smartFilterBar-btnBasicSearch"}]}
RESULT: undefined
COMMAND: POST /session/baa8cc8c703ae50a3cfee07d32ab3bfd/execute/async - {"script":"<script> [776 bytes]","args":[{"enterText":"b386Irp8Me","selector":{"id":"application-managepricingrules-display-component---priceInfoItem--smartFilterBar-btnBasicSearch","interaction":{"idSuffix":"I"}},"clearTextFirst":true,"interactionType":"ENTER_TEXT"}]}
RESULT: {"script":"<script> [776 bytes]","args":[{"enterText":"b386Irp8Me","selector":{"id":"application-managepricingrules-display-component---priceInfoItem--smartFilterBar-btnBasicSearch","interaction":{"idSuffix":"I"}},"clearTextFirst":true,"interactionType":"ENTER_TEXT"}]}
COMMAND: POST /session/baa8cc8c703ae50a3cfee07d32ab3bfd/actions - {"actions":[{"id":"action66","type":"key","parameters":{},"actions":[{"type":"keyDown","value":""},{"type":"pause","duration":10},{"type":"keyUp","value":""}]}]}
RESULT: {"actions":[{"id":"action66","type":"key","parameters":{},"actions":[{"type":"keyDown","value":""},{"type":"pause","duration":10},{"type":"keyUp","value":""}]}]}
COMMAND: GET /session/baa8cc8c703ae50a3cfee07d32ab3bfd/screenshot - {}
RESULT: {}
COMMAND: POST /session/baa8cc8c703ae50a3cfee07d32ab3bfd/element - {"using":"xpath","value":"//span[@id=\"application-managepricingrules-display-component---priceInfoItem--smartTable-header-inner\"]"}
RESULT: {"using":"xpath","value":"//span[@id=\"application-managepricingrules-display-component---priceInfoItem--smartTable-header-inner\"]"}
COMMAND: POST /session/baa8cc8c703ae50a3cfee07d32ab3bfd/elements - {"using":"xpath","value":"//span[@id=\"application-managepricingrules-display-component---priceInfoItem--smartTable-header-inner\"]"}
RESULT: {"using":"xpath","value":"//span[@id=\"application-managepricingrules-display-component---priceInfoItem--smartTable-header-inner\"]"}
COMMAND: POST /session/baa8cc8c703ae50a3cfee07d32ab3bfd/execute/sync - {"script":"<script> [56 bytes]","args":[{"element-6066-11e4-a52e-4f735466cecf":"f.A7D77B31E8FD2DE6ABF8E388F5FFE54F.d.5C1C6E58D66C69C031893508850FD013.e.20452","ELEMENT":"f.A7D77B31E8FD2DE6ABF8E388F5FFE54F.d.5C1C6E58D66C69C031893508850FD013.e.20452"}]}
RESULT: {"script":"<script> [56 bytes]","args":[{"element-6066-11e4-a52e-4f735466cecf":"f.A7D77B31E8FD2DE6ABF8E388F5FFE54F.d.5C1C6E58D66C69C031893508850FD013.e.20452","ELEMENT":"f.A7D77B31E8FD2DE6ABF8E388F5FFE54F.d.5C1C6E58D66C69C031893508850FD013.e.20452"}]}
COMMAND: POST /session/baa8cc8c703ae50a3cfee07d32ab3bfd/element - {"using":"css selector","value":"#shell-header-logo"}
COMMAND: GET /session/baa8cc8c703ae50a3cfee07d32ab3bfd/screenshot - {}
RESULT: {"using":"css selector","value":"#shell-header-logo"}
COMMAND: POST /session/baa8cc8c703ae50a3cfee07d32ab3bfd/element/f.A7D77B31E8FD2DE6ABF8E388F5FFE54F.d.5C1C6E58D66C69C031893508850FD013.e.19566/click - {}
RESULT: {}
RESULT: {}
COMMAND: GET /session/baa8cc8c703ae50a3cfee07d32ab3bfd/screenshot - {}
RESULT: {}
]]></system-out>
    </testcase>
    <testcase classname="chrome.135_0_7049_42.windows.Billing_Calculation_-_Time_based_(considering_transport_times)_US139738" name="Should create new pricing condition for 1st equipment" time="62.213">
      <system-out><![CDATA[
COMMAND: POST /session/baa8cc8c703ae50a3cfee07d32ab3bfd/execute/async - {"script":"<script> [1562 bytes]","args":[{"selector":{"controlType":"sap.m.Text","properties":{"text":"Manage Conditions & Prices"},"interaction":{"idSuffix":"inner"}},"wdio_ui5_key":"sapm.Text{\"text\":\"Manage Conditions & Prices\"}"}]}
RESULT: {"script":"<script> [1562 bytes]","args":[{"selector":{"controlType":"sap.m.Text","properties":{"text":"Manage Conditions & Prices"},"interaction":{"idSuffix":"inner"}},"wdio_ui5_key":"sapm.Text{\"text\":\"Manage Conditions & Prices\"}"}]}
RESULT: undefined
COMMAND: POST /session/baa8cc8c703ae50a3cfee07d32ab3bfd/element - {"using":"xpath","value":"//*[@id=\"__tile53-title\"]"}
RESULT: {"using":"xpath","value":"//*[@id=\"__tile53-title\"]"}
COMMAND: POST /session/baa8cc8c703ae50a3cfee07d32ab3bfd/element/f.A7D77B31E8FD2DE6ABF8E388F5FFE54F.d.5C1C6E58D66C69C031893508850FD013.e.20455/click - {}
RESULT: {}
COMMAND: POST /session/baa8cc8c703ae50a3cfee07d32ab3bfd/element - {"using":"xpath","value":"//button[@aria-label=\"Create\"]"}
COMMAND: GET /session/baa8cc8c703ae50a3cfee07d32ab3bfd/screenshot - {}
RESULT: {"using":"xpath","value":"//button[@aria-label=\"Create\"]"}
COMMAND: POST /session/baa8cc8c703ae50a3cfee07d32ab3bfd/elements - {"using":"xpath","value":"//button[@aria-label=\"Create\"]"}
RESULT: {}
RESULT: {"using":"xpath","value":"//button[@aria-label=\"Create\"]"}
COMMAND: POST /session/baa8cc8c703ae50a3cfee07d32ab3bfd/elements - {"using":"xpath","value":"//button[@aria-label=\"Create\"]"}
RESULT: {"using":"xpath","value":"//button[@aria-label=\"Create\"]"}
COMMAND: POST /session/baa8cc8c703ae50a3cfee07d32ab3bfd/elements - {"using":"xpath","value":"//button[@aria-label=\"Create\"]"}
RESULT: {"using":"xpath","value":"//button[@aria-label=\"Create\"]"}
COMMAND: POST /session/baa8cc8c703ae50a3cfee07d32ab3bfd/element - {"using":"xpath","value":"//button[@aria-label=\"Create\"]"}
RESULT: {"using":"xpath","value":"//button[@aria-label=\"Create\"]"}
COMMAND: POST /session/baa8cc8c703ae50a3cfee07d32ab3bfd/execute/sync - {"script":"<script> [8489 bytes]","args":[{"element-6066-11e4-a52e-4f735466cecf":"f.A7D77B31E8FD2DE6ABF8E388F5FFE54F.d.5C1C6E58D66C69C031893508850FD013.e.20489","ELEMENT":"f.A7D77B31E8FD2DE6ABF8E388F5FFE54F.d.5C1C6E58D66C69C031893508850FD013.e.20489"}]}
RESULT: {"script":"<script> [8489 bytes]","args":[{"element-6066-11e4-a52e-4f735466cecf":"f.A7D77B31E8FD2DE6ABF8E388F5FFE54F.d.5C1C6E58D66C69C031893508850FD013.e.20489","ELEMENT":"f.A7D77B31E8FD2DE6ABF8E388F5FFE54F.d.5C1C6E58D66C69C031893508850FD013.e.20489"}]}
COMMAND: GET /session/baa8cc8c703ae50a3cfee07d32ab3bfd/element/f.A7D77B31E8FD2DE6ABF8E388F5FFE54F.d.5C1C6E58D66C69C031893508850FD013.e.20489/enabled - {}
COMMAND: GET /session/baa8cc8c703ae50a3cfee07d32ab3bfd/screenshot - {}
RESULT: {}
COMMAND: POST /session/baa8cc8c703ae50a3cfee07d32ab3bfd/execute/sync - {"script":"<script> [8489 bytes]","args":[{"element-6066-11e4-a52e-4f735466cecf":"f.A7D77B31E8FD2DE6ABF8E388F5FFE54F.d.5C1C6E58D66C69C031893508850FD013.e.20489","ELEMENT":"f.A7D77B31E8FD2DE6ABF8E388F5FFE54F.d.5C1C6E58D66C69C031893508850FD013.e.20489"}]}
COMMAND: GET /session/baa8cc8c703ae50a3cfee07d32ab3bfd/screenshot - {}
RESULT: {}
RESULT: {"script":"<script> [8489 bytes]","args":[{"element-6066-11e4-a52e-4f735466cecf":"f.A7D77B31E8FD2DE6ABF8E388F5FFE54F.d.5C1C6E58D66C69C031893508850FD013.e.20489","ELEMENT":"f.A7D77B31E8FD2DE6ABF8E388F5FFE54F.d.5C1C6E58D66C69C031893508850FD013.e.20489"}]}
COMMAND: POST /session/baa8cc8c703ae50a3cfee07d32ab3bfd/execute/sync - {"script":"<script> [5351 bytes]","args":[{"element-6066-11e4-a52e-4f735466cecf":"f.A7D77B31E8FD2DE6ABF8E388F5FFE54F.d.5C1C6E58D66C69C031893508850FD013.e.20489","ELEMENT":"f.A7D77B31E8FD2DE6ABF8E388F5FFE54F.d.5C1C6E58D66C69C031893508850FD013.e.20489"}]}
COMMAND: GET /session/baa8cc8c703ae50a3cfee07d32ab3bfd/screenshot - {}
RESULT: {}
RESULT: {"script":"<script> [5351 bytes]","args":[{"element-6066-11e4-a52e-4f735466cecf":"f.A7D77B31E8FD2DE6ABF8E388F5FFE54F.d.5C1C6E58D66C69C031893508850FD013.e.20489","ELEMENT":"f.A7D77B31E8FD2DE6ABF8E388F5FFE54F.d.5C1C6E58D66C69C031893508850FD013.e.20489"}]}
COMMAND: POST /session/baa8cc8c703ae50a3cfee07d32ab3bfd/element/f.A7D77B31E8FD2DE6ABF8E388F5FFE54F.d.5C1C6E58D66C69C031893508850FD013.e.20489/click - {}
COMMAND: GET /session/baa8cc8c703ae50a3cfee07d32ab3bfd/screenshot - {}
RESULT: {}
RESULT: {}
COMMAND: GET /session/baa8cc8c703ae50a3cfee07d32ab3bfd/screenshot - {}
RESULT: {}
RESULT: {}
COMMAND: POST /session/baa8cc8c703ae50a3cfee07d32ab3bfd/actions - {"actions":[{"id":"action67","type":"key","parameters":{},"actions":[{"type":"keyDown","value":""},{"type":"pause","duration":10},{"type":"keyUp","value":""}]}]}
RESULT: {"actions":[{"id":"action67","type":"key","parameters":{},"actions":[{"type":"keyDown","value":""},{"type":"pause","duration":10},{"type":"keyUp","value":""}]}]}
COMMAND: GET /session/baa8cc8c703ae50a3cfee07d32ab3bfd/screenshot - {}
RESULT: {}
COMMAND: POST /session/baa8cc8c703ae50a3cfee07d32ab3bfd/execute/async - {"script":"<script> [1562 bytes]","args":[{"selector":{"id":"application-manageconditionprice-display-component---newCondition--condBillCond-arrow"},"wdio_ui5_key":"applicationmanageconditionprice-display-component---newCondition--condBillCond-arrow"}]}
RESULT: {"script":"<script> [1562 bytes]","args":[{"selector":{"id":"application-manageconditionprice-display-component---newCondition--condBillCond-arrow"},"wdio_ui5_key":"applicationmanageconditionprice-display-component---newCondition--condBillCond-arrow"}]}
RESULT: undefined
COMMAND: POST /session/baa8cc8c703ae50a3cfee07d32ab3bfd/element - {"using":"xpath","value":"//*[@id=\"application-manageconditionprice-display-component---newCondition--condBillCond-arrow\"]"}
RESULT: {"using":"xpath","value":"//*[@id=\"application-manageconditionprice-display-component---newCondition--condBillCond-arrow\"]"}
COMMAND: POST /session/baa8cc8c703ae50a3cfee07d32ab3bfd/element/f.A7D77B31E8FD2DE6ABF8E388F5FFE54F.d.5C1C6E58D66C69C031893508850FD013.e.20670/click - {}
RESULT: {}
COMMAND: GET /session/baa8cc8c703ae50a3cfee07d32ab3bfd/screenshot - {}
RESULT: {}
COMMAND: POST /session/baa8cc8c703ae50a3cfee07d32ab3bfd/element - {"using":"xpath","value":"//li[.//span[contains(text(), \"DISP - D&I special price\")]]"}
RESULT: {"using":"xpath","value":"//li[.//span[contains(text(), \"DISP - D&I special price\")]]"}
COMMAND: POST /session/baa8cc8c703ae50a3cfee07d32ab3bfd/element/f.A7D77B31E8FD2DE6ABF8E388F5FFE54F.d.5C1C6E58D66C69C031893508850FD013.e.20673/click - {}
RESULT: {}
COMMAND: GET /session/baa8cc8c703ae50a3cfee07d32ab3bfd/screenshot - {}
RESULT: {}
COMMAND: POST /session/baa8cc8c703ae50a3cfee07d32ab3bfd/execute/async - {"script":"<script> [1562 bytes]","args":[{"selector":{"id":"application-manageconditionprice-display-component---newCondition--condValidTo","interaction":{"idSuffix":"inner"}},"wdio_ui5_key":"applicationmanageconditionprice-display-component---newCondition--condValidTo"}]}
RESULT: {"script":"<script> [1562 bytes]","args":[{"selector":{"id":"application-manageconditionprice-display-component---newCondition--condValidTo","interaction":{"idSuffix":"inner"}},"wdio_ui5_key":"applicationmanageconditionprice-display-component---newCondition--condValidTo"}]}
RESULT: undefined
COMMAND: POST /session/baa8cc8c703ae50a3cfee07d32ab3bfd/execute/async - {"script":"<script> [776 bytes]","args":[{"enterText":"12/23/25","selector":{"id":"application-manageconditionprice-display-component---newCondition--condValidTo","interaction":{"idSuffix":"inner"}},"clearTextFirst":true,"interactionType":"ENTER_TEXT"}]}
RESULT: {"script":"<script> [776 bytes]","args":[{"enterText":"12/23/25","selector":{"id":"application-manageconditionprice-display-component---newCondition--condValidTo","interaction":{"idSuffix":"inner"}},"clearTextFirst":true,"interactionType":"ENTER_TEXT"}]}
COMMAND: POST /session/baa8cc8c703ae50a3cfee07d32ab3bfd/element - {"using":"xpath","value":"//input[@id=\"application-manageconditionprice-display-component---newCondition--condRU-inner\"]"}
RESULT: {"using":"xpath","value":"//input[@id=\"application-manageconditionprice-display-component---newCondition--condRU-inner\"]"}
COMMAND: POST /session/baa8cc8c703ae50a3cfee07d32ab3bfd/element/f.A7D77B31E8FD2DE6ABF8E388F5FFE54F.d.5C1C6E58D66C69C031893508850FD013.e.20534/clear - {}
RESULT: {}
COMMAND: POST /session/baa8cc8c703ae50a3cfee07d32ab3bfd/element/f.A7D77B31E8FD2DE6ABF8E388F5FFE54F.d.5C1C6E58D66C69C031893508850FD013.e.20534/value - {"text":"b386Irp8Me"}
COMMAND: GET /session/baa8cc8c703ae50a3cfee07d32ab3bfd/screenshot - {}
RESULT: {"text":"b386Irp8Me"}
COMMAND: GET /session/baa8cc8c703ae50a3cfee07d32ab3bfd/screenshot - {}
RESULT: {}
RESULT: {}
COMMAND: POST /session/baa8cc8c703ae50a3cfee07d32ab3bfd/actions - {"actions":[{"id":"action68","type":"key","parameters":{},"actions":[{"type":"keyDown","value":""},{"type":"pause","duration":10},{"type":"keyUp","value":""}]}]}
RESULT: {"actions":[{"id":"action68","type":"key","parameters":{},"actions":[{"type":"keyDown","value":""},{"type":"pause","duration":10},{"type":"keyUp","value":""}]}]}
COMMAND: POST /session/baa8cc8c703ae50a3cfee07d32ab3bfd/execute/async - {"script":"<script> [1562 bytes]","args":[{"selector":{"id":"application-manageconditionprice-display-component---newCondition--condBaseQty","interaction":{"idSuffix":"inner"}},"wdio_ui5_key":"applicationmanageconditionprice-display-component---newCondition--condBaseQty"}]}
COMMAND: GET /session/baa8cc8c703ae50a3cfee07d32ab3bfd/screenshot - {}
RESULT: {"script":"<script> [1562 bytes]","args":[{"selector":{"id":"application-manageconditionprice-display-component---newCondition--condBaseQty","interaction":{"idSuffix":"inner"}},"wdio_ui5_key":"applicationmanageconditionprice-display-component---newCondition--condBaseQty"}]}
RESULT: undefined
COMMAND: POST /session/baa8cc8c703ae50a3cfee07d32ab3bfd/execute/async - {"script":"<script> [776 bytes]","args":[{"enterText":"1","selector":{"id":"application-manageconditionprice-display-component---newCondition--condBaseQty","interaction":{"idSuffix":"inner"}},"clearTextFirst":true,"interactionType":"ENTER_TEXT"}]}
RESULT: {}
RESULT: {"script":"<script> [776 bytes]","args":[{"enterText":"1","selector":{"id":"application-manageconditionprice-display-component---newCondition--condBaseQty","interaction":{"idSuffix":"inner"}},"clearTextFirst":true,"interactionType":"ENTER_TEXT"}]}
COMMAND: POST /session/baa8cc8c703ae50a3cfee07d32ab3bfd/execute/async - {"script":"<script> [1562 bytes]","args":[{"selector":{"id":"application-manageconditionprice-display-component---newCondition--condValue","interaction":{"idSuffix":"inner"}},"wdio_ui5_key":"applicationmanageconditionprice-display-component---newCondition--condValue"}]}
RESULT: {"script":"<script> [1562 bytes]","args":[{"selector":{"id":"application-manageconditionprice-display-component---newCondition--condValue","interaction":{"idSuffix":"inner"}},"wdio_ui5_key":"applicationmanageconditionprice-display-component---newCondition--condValue"}]}
RESULT: undefined
COMMAND: POST /session/baa8cc8c703ae50a3cfee07d32ab3bfd/execute/async - {"script":"<script> [776 bytes]","args":[{"enterText":"100","selector":{"id":"application-manageconditionprice-display-component---newCondition--condValue","interaction":{"idSuffix":"inner"}},"clearTextFirst":true,"interactionType":"ENTER_TEXT"}]}
RESULT: {"script":"<script> [776 bytes]","args":[{"enterText":"100","selector":{"id":"application-manageconditionprice-display-component---newCondition--condValue","interaction":{"idSuffix":"inner"}},"clearTextFirst":true,"interactionType":"ENTER_TEXT"}]}
COMMAND: POST /session/baa8cc8c703ae50a3cfee07d32ab3bfd/execute/async - {"script":"<script> [1562 bytes]","args":[{"selector":{"id":"application-manageconditionprice-display-component---newCondition--condCurr-arrow"},"wdio_ui5_key":"applicationmanageconditionprice-display-component---newCondition--condCurr-arrow"}]}
RESULT: {"script":"<script> [1562 bytes]","args":[{"selector":{"id":"application-manageconditionprice-display-component---newCondition--condCurr-arrow"},"wdio_ui5_key":"applicationmanageconditionprice-display-component---newCondition--condCurr-arrow"}]}
RESULT: undefined
COMMAND: POST /session/baa8cc8c703ae50a3cfee07d32ab3bfd/element - {"using":"xpath","value":"//*[@id=\"application-manageconditionprice-display-component---newCondition--condCurr-arrow\"]"}
RESULT: {"using":"xpath","value":"//*[@id=\"application-manageconditionprice-display-component---newCondition--condCurr-arrow\"]"}
COMMAND: POST /session/baa8cc8c703ae50a3cfee07d32ab3bfd/element/f.A7D77B31E8FD2DE6ABF8E388F5FFE54F.d.5C1C6E58D66C69C031893508850FD013.e.20634/click - {}
RESULT: {}
COMMAND: POST /session/baa8cc8c703ae50a3cfee07d32ab3bfd/element - {"using":"xpath","value":"//span[contains(text(), \"Euro\")]"}
COMMAND: GET /session/baa8cc8c703ae50a3cfee07d32ab3bfd/screenshot - {}
RESULT: {"using":"xpath","value":"//span[contains(text(), \"Euro\")]"}
COMMAND: POST /session/baa8cc8c703ae50a3cfee07d32ab3bfd/element/f.A7D77B31E8FD2DE6ABF8E388F5FFE54F.d.5C1C6E58D66C69C031893508850FD013.e.20708/click - {}
RESULT: {}
RESULT: {}
COMMAND: POST /session/baa8cc8c703ae50a3cfee07d32ab3bfd/element - {"using":"xpath","value":"//button[@data-kt=\"saveButton\"]"}
COMMAND: GET /session/baa8cc8c703ae50a3cfee07d32ab3bfd/screenshot - {}
RESULT: {"using":"xpath","value":"//button[@data-kt=\"saveButton\"]"}
COMMAND: POST /session/baa8cc8c703ae50a3cfee07d32ab3bfd/element/f.A7D77B31E8FD2DE6ABF8E388F5FFE54F.d.5C1C6E58D66C69C031893508850FD013.e.20635/click - {}
RESULT: {}
RESULT: {}
COMMAND: GET /session/baa8cc8c703ae50a3cfee07d32ab3bfd/screenshot - {}
RESULT: {}
COMMAND: POST /session/baa8cc8c703ae50a3cfee07d32ab3bfd/execute/async - {"script":"<script> [1562 bytes]","args":[{"selector":{"id":"application-manageconditionprice-display-component---conditions--smartFilterBar-btnBasicSearch","interaction":{"idSuffix":"I"}},"wdio_ui5_key":"applicationmanageconditionprice-display-component---conditions--smartFilterBar-btnBasicSearch"}]}
RESULT: {"script":"<script> [1562 bytes]","args":[{"selector":{"id":"application-manageconditionprice-display-component---conditions--smartFilterBar-btnBasicSearch","interaction":{"idSuffix":"I"}},"wdio_ui5_key":"applicationmanageconditionprice-display-component---conditions--smartFilterBar-btnBasicSearch"}]}
RESULT: undefined
COMMAND: POST /session/baa8cc8c703ae50a3cfee07d32ab3bfd/execute/async - {"script":"<script> [776 bytes]","args":[{"enterText":"b386Irp8Me","selector":{"id":"application-manageconditionprice-display-component---conditions--smartFilterBar-btnBasicSearch","interaction":{"idSuffix":"I"}},"clearTextFirst":true,"interactionType":"ENTER_TEXT"}]}
RESULT: {"script":"<script> [776 bytes]","args":[{"enterText":"b386Irp8Me","selector":{"id":"application-manageconditionprice-display-component---conditions--smartFilterBar-btnBasicSearch","interaction":{"idSuffix":"I"}},"clearTextFirst":true,"interactionType":"ENTER_TEXT"}]}
COMMAND: POST /session/baa8cc8c703ae50a3cfee07d32ab3bfd/actions - {"actions":[{"id":"action69","type":"key","parameters":{},"actions":[{"type":"keyDown","value":""},{"type":"pause","duration":10},{"type":"keyUp","value":""}]}]}
RESULT: {"actions":[{"id":"action69","type":"key","parameters":{},"actions":[{"type":"keyDown","value":""},{"type":"pause","duration":10},{"type":"keyUp","value":""}]}]}
COMMAND: GET /session/baa8cc8c703ae50a3cfee07d32ab3bfd/screenshot - {}
RESULT: {}
COMMAND: POST /session/baa8cc8c703ae50a3cfee07d32ab3bfd/execute/async - {"script":"<script> [1562 bytes]","args":[{"selector":{"id":"application-manageconditionprice-display-component---conditions--smartFilterBar-filterItemControl_BASIC-BILL_TYPES-vhi"},"wdio_ui5_key":"applicationmanageconditionprice-display-component---conditions--smartFilterBar-filterItemControl_BASIC-BILL_TYPES-vhi"}]}
RESULT: {"script":"<script> [1562 bytes]","args":[{"selector":{"id":"application-manageconditionprice-display-component---conditions--smartFilterBar-filterItemControl_BASIC-BILL_TYPES-vhi"},"wdio_ui5_key":"applicationmanageconditionprice-display-component---conditions--smartFilterBar-filterItemControl_BASIC-BILL_TYPES-vhi"}]}
RESULT: undefined
COMMAND: POST /session/baa8cc8c703ae50a3cfee07d32ab3bfd/element - {"using":"xpath","value":"//*[@id=\"application-manageconditionprice-display-component---conditions--smartFilterBar-filterItemControl_BASIC-BILL_TYPES-vhi\"]"}
RESULT: {"using":"xpath","value":"//*[@id=\"application-manageconditionprice-display-component---conditions--smartFilterBar-filterItemControl_BASIC-BILL_TYPES-vhi\"]"}
COMMAND: POST /session/baa8cc8c703ae50a3cfee07d32ab3bfd/element/f.A7D77B31E8FD2DE6ABF8E388F5FFE54F.d.5C1C6E58D66C69C031893508850FD013.e.20814/click - {}
RESULT: {}
COMMAND: POST /session/baa8cc8c703ae50a3cfee07d32ab3bfd/execute/async - {"script":"<script> [1562 bytes]","args":[{"selector":{"id":"application-manageconditionprice-display-component---conditions--smartFilterBar-filterItemControl_BASIC-BILL_TYPES-valueHelpDialog-smartFilterBar-btnBasicSearch","searchOpenDialogs":true,"interaction":{"idSuffix":"I"}},"wdio_ui5_key":"applicationmanageconditionprice-display-component---conditions--smartFilterBar-filterItemControl_BASIC-BILL_TYPES-valueHelpDialog-smartFilterBar-btnBasicSearch"}]}
COMMAND: GET /session/baa8cc8c703ae50a3cfee07d32ab3bfd/screenshot - {}
RESULT: {"script":"<script> [1562 bytes]","args":[{"selector":{"id":"application-manageconditionprice-display-component---conditions--smartFilterBar-filterItemControl_BASIC-BILL_TYPES-valueHelpDialog-smartFilterBar-btnBasicSearch","searchOpenDialogs":true,"interaction":{"idSuffix":"I"}},"wdio_ui5_key":"applicationmanageconditionprice-display-component---conditions--smartFilterBar-filterItemControl_BASIC-BILL_TYPES-valueHelpDialog-smartFilterBar-btnBasicSearch"}]}
RESULT: undefined
COMMAND: POST /session/baa8cc8c703ae50a3cfee07d32ab3bfd/execute/async - {"script":"<script> [776 bytes]","args":[{"enterText":"TB","selector":{"id":"application-manageconditionprice-display-component---conditions--smartFilterBar-filterItemControl_BASIC-BILL_TYPES-valueHelpDialog-smartFilterBar-btnBasicSearch","searchOpenDialogs":true,"interaction":{"idSuffix":"I"}},"clearTextFirst":true,"interactionType":"ENTER_TEXT"}]}
RESULT: {}
RESULT: {"script":"<script> [776 bytes]","args":[{"enterText":"TB","selector":{"id":"application-manageconditionprice-display-component---conditions--smartFilterBar-filterItemControl_BASIC-BILL_TYPES-valueHelpDialog-smartFilterBar-btnBasicSearch","searchOpenDialogs":true,"interaction":{"idSuffix":"I"}},"clearTextFirst":true,"interactionType":"ENTER_TEXT"}]}
COMMAND: POST /session/baa8cc8c703ae50a3cfee07d32ab3bfd/actions - {"actions":[{"id":"action70","type":"key","parameters":{},"actions":[{"type":"keyDown","value":""},{"type":"pause","duration":10},{"type":"keyUp","value":""}]}]}
RESULT: {"actions":[{"id":"action70","type":"key","parameters":{},"actions":[{"type":"keyDown","value":""},{"type":"pause","duration":10},{"type":"keyUp","value":""}]}]}
COMMAND: GET /session/baa8cc8c703ae50a3cfee07d32ab3bfd/screenshot - {}
RESULT: {}
COMMAND: POST /session/baa8cc8c703ae50a3cfee07d32ab3bfd/element - {"using":"xpath","value":"//div[contains(@id, 'application-manageconditionprice-display-component---conditions--smartFilterBar-filterItemControl_BASIC-BILL_TYPES-valueHelpDialog-table-rowsel0')]"}
RESULT: {"using":"xpath","value":"//div[contains(@id, 'application-manageconditionprice-display-component---conditions--smartFilterBar-filterItemControl_BASIC-BILL_TYPES-valueHelpDialog-table-rowsel0')]"}
COMMAND: POST /session/baa8cc8c703ae50a3cfee07d32ab3bfd/element/f.A7D77B31E8FD2DE6ABF8E388F5FFE54F.d.5C1C6E58D66C69C031893508850FD013.e.20824/click - {}
RESULT: {}
COMMAND: GET /session/baa8cc8c703ae50a3cfee07d32ab3bfd/screenshot - {}
RESULT: {}
COMMAND: POST /session/baa8cc8c703ae50a3cfee07d32ab3bfd/element - {"using":"xpath","value":"//bdi[contains(text(), \"OK\")]"}
RESULT: {"using":"xpath","value":"//bdi[contains(text(), \"OK\")]"}
COMMAND: POST /session/baa8cc8c703ae50a3cfee07d32ab3bfd/element/f.A7D77B31E8FD2DE6ABF8E388F5FFE54F.d.5C1C6E58D66C69C031893508850FD013.e.20826/click - {}
RESULT: {}
COMMAND: GET /session/baa8cc8c703ae50a3cfee07d32ab3bfd/screenshot - {}
RESULT: {}
COMMAND: POST /session/baa8cc8c703ae50a3cfee07d32ab3bfd/element - {"using":"xpath","value":"//span[@id=\"application-manageconditionprice-display-component---conditions--smartTable-header-inner\"]"}
RESULT: {"using":"xpath","value":"//span[@id=\"application-manageconditionprice-display-component---conditions--smartTable-header-inner\"]"}
COMMAND: POST /session/baa8cc8c703ae50a3cfee07d32ab3bfd/elements - {"using":"xpath","value":"//span[@id=\"application-manageconditionprice-display-component---conditions--smartTable-header-inner\"]"}
RESULT: {"using":"xpath","value":"//span[@id=\"application-manageconditionprice-display-component---conditions--smartTable-header-inner\"]"}
COMMAND: POST /session/baa8cc8c703ae50a3cfee07d32ab3bfd/execute/sync - {"script":"<script> [56 bytes]","args":[{"element-6066-11e4-a52e-4f735466cecf":"f.A7D77B31E8FD2DE6ABF8E388F5FFE54F.d.5C1C6E58D66C69C031893508850FD013.e.20829","ELEMENT":"f.A7D77B31E8FD2DE6ABF8E388F5FFE54F.d.5C1C6E58D66C69C031893508850FD013.e.20829"}]}
RESULT: {"script":"<script> [56 bytes]","args":[{"element-6066-11e4-a52e-4f735466cecf":"f.A7D77B31E8FD2DE6ABF8E388F5FFE54F.d.5C1C6E58D66C69C031893508850FD013.e.20829","ELEMENT":"f.A7D77B31E8FD2DE6ABF8E388F5FFE54F.d.5C1C6E58D66C69C031893508850FD013.e.20829"}]}
COMMAND: POST /session/baa8cc8c703ae50a3cfee07d32ab3bfd/element - {"using":"css selector","value":"#shell-header-logo"}
COMMAND: GET /session/baa8cc8c703ae50a3cfee07d32ab3bfd/screenshot - {}
RESULT: {"using":"css selector","value":"#shell-header-logo"}
COMMAND: POST /session/baa8cc8c703ae50a3cfee07d32ab3bfd/element/f.A7D77B31E8FD2DE6ABF8E388F5FFE54F.d.5C1C6E58D66C69C031893508850FD013.e.20457/click - {}
RESULT: {}
RESULT: {}
COMMAND: GET /session/baa8cc8c703ae50a3cfee07d32ab3bfd/screenshot - {}
RESULT: {}
]]></system-out>
    </testcase>
    <testcase classname="chrome.135_0_7049_42.windows.Billing_Calculation_-_Time_based_(considering_transport_times)_US139738" name="Should do a stock increase for both equipments" time="80.968">
      <system-out><![CDATA[
COMMAND: POST /session/baa8cc8c703ae50a3cfee07d32ab3bfd/execute/async - {"script":"<script> [1562 bytes]","args":[{"selector":{"controlType":"sap.m.Text","viewName":"etm.portal.ui.managehandoverstile.view.Master","properties":{"text":"Manage Handovers"},"interaction":{"idSuffix":"inner"}},"wdio_ui5_key":"etmportal.ui.managehandoverstile.view.Mastersap.m.Text{\"text\":\"Manage Handovers\"}"}]}
RESULT: {"script":"<script> [1562 bytes]","args":[{"selector":{"controlType":"sap.m.Text","viewName":"etm.portal.ui.managehandoverstile.view.Master","properties":{"text":"Manage Handovers"},"interaction":{"idSuffix":"inner"}},"wdio_ui5_key":"etmportal.ui.managehandoverstile.view.Mastersap.m.Text{\"text\":\"Manage Handovers\"}"}]}
RESULT: undefined
COMMAND: POST /session/baa8cc8c703ae50a3cfee07d32ab3bfd/element - {"using":"xpath","value":"//*[@id=\"__tile132-title\"]"}
RESULT: {"using":"xpath","value":"//*[@id=\"__tile132-title\"]"}
COMMAND: POST /session/baa8cc8c703ae50a3cfee07d32ab3bfd/element/f.A7D77B31E8FD2DE6ABF8E388F5FFE54F.d.5C1C6E58D66C69C031893508850FD013.e.20834/click - {}
RESULT: {}
COMMAND: POST /session/baa8cc8c703ae50a3cfee07d32ab3bfd/element - {"using":"xpath","value":"//button[@data-kt=\"masterHOAddButton\"]"}
COMMAND: GET /session/baa8cc8c703ae50a3cfee07d32ab3bfd/screenshot - {}
RESULT: {"using":"xpath","value":"//button[@data-kt=\"masterHOAddButton\"]"}
COMMAND: POST /session/baa8cc8c703ae50a3cfee07d32ab3bfd/elements - {"using":"xpath","value":"//button[@data-kt=\"masterHOAddButton\"]"}
RESULT: {}
RESULT: {"using":"xpath","value":"//button[@data-kt=\"masterHOAddButton\"]"}
COMMAND: POST /session/baa8cc8c703ae50a3cfee07d32ab3bfd/elements - {"using":"xpath","value":"//button[@data-kt=\"masterHOAddButton\"]"}
RESULT: {"using":"xpath","value":"//button[@data-kt=\"masterHOAddButton\"]"}
COMMAND: POST /session/baa8cc8c703ae50a3cfee07d32ab3bfd/elements - {"using":"xpath","value":"//button[@data-kt=\"masterHOAddButton\"]"}
RESULT: {"using":"xpath","value":"//button[@data-kt=\"masterHOAddButton\"]"}
COMMAND: POST /session/baa8cc8c703ae50a3cfee07d32ab3bfd/elements - {"using":"xpath","value":"//button[@data-kt=\"masterHOAddButton\"]"}
RESULT: {"using":"xpath","value":"//button[@data-kt=\"masterHOAddButton\"]"}
COMMAND: POST /session/baa8cc8c703ae50a3cfee07d32ab3bfd/elements - {"using":"xpath","value":"//button[@data-kt=\"masterHOAddButton\"]"}
RESULT: {"using":"xpath","value":"//button[@data-kt=\"masterHOAddButton\"]"}
COMMAND: POST /session/baa8cc8c703ae50a3cfee07d32ab3bfd/elements - {"using":"xpath","value":"//button[@data-kt=\"masterHOAddButton\"]"}
RESULT: {"using":"xpath","value":"//button[@data-kt=\"masterHOAddButton\"]"}
COMMAND: POST /session/baa8cc8c703ae50a3cfee07d32ab3bfd/elements - {"using":"xpath","value":"//button[@data-kt=\"masterHOAddButton\"]"}
RESULT: {"using":"xpath","value":"//button[@data-kt=\"masterHOAddButton\"]"}
COMMAND: POST /session/baa8cc8c703ae50a3cfee07d32ab3bfd/elements - {"using":"xpath","value":"//button[@data-kt=\"masterHOAddButton\"]"}
RESULT: {"using":"xpath","value":"//button[@data-kt=\"masterHOAddButton\"]"}
COMMAND: POST /session/baa8cc8c703ae50a3cfee07d32ab3bfd/elements - {"using":"xpath","value":"//button[@data-kt=\"masterHOAddButton\"]"}
RESULT: {"using":"xpath","value":"//button[@data-kt=\"masterHOAddButton\"]"}
COMMAND: POST /session/baa8cc8c703ae50a3cfee07d32ab3bfd/elements - {"using":"xpath","value":"//button[@data-kt=\"masterHOAddButton\"]"}
RESULT: {"using":"xpath","value":"//button[@data-kt=\"masterHOAddButton\"]"}
COMMAND: POST /session/baa8cc8c703ae50a3cfee07d32ab3bfd/elements - {"using":"xpath","value":"//button[@data-kt=\"masterHOAddButton\"]"}
RESULT: {"using":"xpath","value":"//button[@data-kt=\"masterHOAddButton\"]"}
COMMAND: POST /session/baa8cc8c703ae50a3cfee07d32ab3bfd/elements - {"using":"xpath","value":"//button[@data-kt=\"masterHOAddButton\"]"}
RESULT: {"using":"xpath","value":"//button[@data-kt=\"masterHOAddButton\"]"}
COMMAND: POST /session/baa8cc8c703ae50a3cfee07d32ab3bfd/elements - {"using":"xpath","value":"//button[@data-kt=\"masterHOAddButton\"]"}
RESULT: {"using":"xpath","value":"//button[@data-kt=\"masterHOAddButton\"]"}
COMMAND: POST /session/baa8cc8c703ae50a3cfee07d32ab3bfd/elements - {"using":"xpath","value":"//button[@data-kt=\"masterHOAddButton\"]"}
RESULT: {"using":"xpath","value":"//button[@data-kt=\"masterHOAddButton\"]"}
COMMAND: POST /session/baa8cc8c703ae50a3cfee07d32ab3bfd/elements - {"using":"xpath","value":"//button[@data-kt=\"masterHOAddButton\"]"}
RESULT: {"using":"xpath","value":"//button[@data-kt=\"masterHOAddButton\"]"}
COMMAND: POST /session/baa8cc8c703ae50a3cfee07d32ab3bfd/elements - {"using":"xpath","value":"//button[@data-kt=\"masterHOAddButton\"]"}
RESULT: {"using":"xpath","value":"//button[@data-kt=\"masterHOAddButton\"]"}
COMMAND: POST /session/baa8cc8c703ae50a3cfee07d32ab3bfd/elements - {"using":"xpath","value":"//button[@data-kt=\"masterHOAddButton\"]"}
RESULT: {"using":"xpath","value":"//button[@data-kt=\"masterHOAddButton\"]"}
COMMAND: POST /session/baa8cc8c703ae50a3cfee07d32ab3bfd/elements - {"using":"xpath","value":"//button[@data-kt=\"masterHOAddButton\"]"}
RESULT: {"using":"xpath","value":"//button[@data-kt=\"masterHOAddButton\"]"}
COMMAND: POST /session/baa8cc8c703ae50a3cfee07d32ab3bfd/elements - {"using":"xpath","value":"//button[@data-kt=\"masterHOAddButton\"]"}
RESULT: {"using":"xpath","value":"//button[@data-kt=\"masterHOAddButton\"]"}
COMMAND: POST /session/baa8cc8c703ae50a3cfee07d32ab3bfd/elements - {"using":"xpath","value":"//button[@data-kt=\"masterHOAddButton\"]"}
RESULT: {"using":"xpath","value":"//button[@data-kt=\"masterHOAddButton\"]"}
COMMAND: POST /session/baa8cc8c703ae50a3cfee07d32ab3bfd/elements - {"using":"xpath","value":"//button[@data-kt=\"masterHOAddButton\"]"}
RESULT: {"using":"xpath","value":"//button[@data-kt=\"masterHOAddButton\"]"}
COMMAND: POST /session/baa8cc8c703ae50a3cfee07d32ab3bfd/elements - {"using":"xpath","value":"//button[@data-kt=\"masterHOAddButton\"]"}
RESULT: {"using":"xpath","value":"//button[@data-kt=\"masterHOAddButton\"]"}
COMMAND: POST /session/baa8cc8c703ae50a3cfee07d32ab3bfd/elements - {"using":"xpath","value":"//button[@data-kt=\"masterHOAddButton\"]"}
RESULT: {"using":"xpath","value":"//button[@data-kt=\"masterHOAddButton\"]"}
COMMAND: POST /session/baa8cc8c703ae50a3cfee07d32ab3bfd/elements - {"using":"xpath","value":"//button[@data-kt=\"masterHOAddButton\"]"}
RESULT: {"using":"xpath","value":"//button[@data-kt=\"masterHOAddButton\"]"}
COMMAND: POST /session/baa8cc8c703ae50a3cfee07d32ab3bfd/elements - {"using":"xpath","value":"//button[@data-kt=\"masterHOAddButton\"]"}
RESULT: {"using":"xpath","value":"//button[@data-kt=\"masterHOAddButton\"]"}
COMMAND: POST /session/baa8cc8c703ae50a3cfee07d32ab3bfd/elements - {"using":"xpath","value":"//button[@data-kt=\"masterHOAddButton\"]"}
RESULT: {"using":"xpath","value":"//button[@data-kt=\"masterHOAddButton\"]"}
COMMAND: POST /session/baa8cc8c703ae50a3cfee07d32ab3bfd/elements - {"using":"xpath","value":"//button[@data-kt=\"masterHOAddButton\"]"}
RESULT: {"using":"xpath","value":"//button[@data-kt=\"masterHOAddButton\"]"}
COMMAND: POST /session/baa8cc8c703ae50a3cfee07d32ab3bfd/elements - {"using":"xpath","value":"//button[@data-kt=\"masterHOAddButton\"]"}
RESULT: {"using":"xpath","value":"//button[@data-kt=\"masterHOAddButton\"]"}
COMMAND: POST /session/baa8cc8c703ae50a3cfee07d32ab3bfd/elements - {"using":"xpath","value":"//button[@data-kt=\"masterHOAddButton\"]"}
RESULT: {"using":"xpath","value":"//button[@data-kt=\"masterHOAddButton\"]"}
COMMAND: POST /session/baa8cc8c703ae50a3cfee07d32ab3bfd/element - {"using":"xpath","value":"//button[@data-kt=\"masterHOAddButton\"]"}
RESULT: {"using":"xpath","value":"//button[@data-kt=\"masterHOAddButton\"]"}
COMMAND: POST /session/baa8cc8c703ae50a3cfee07d32ab3bfd/execute/sync - {"script":"<script> [8489 bytes]","args":[{"element-6066-11e4-a52e-4f735466cecf":"f.A7D77B31E8FD2DE6ABF8E388F5FFE54F.d.5C1C6E58D66C69C031893508850FD013.e.20864","ELEMENT":"f.A7D77B31E8FD2DE6ABF8E388F5FFE54F.d.5C1C6E58D66C69C031893508850FD013.e.20864"}]}
RESULT: {"script":"<script> [8489 bytes]","args":[{"element-6066-11e4-a52e-4f735466cecf":"f.A7D77B31E8FD2DE6ABF8E388F5FFE54F.d.5C1C6E58D66C69C031893508850FD013.e.20864","ELEMENT":"f.A7D77B31E8FD2DE6ABF8E388F5FFE54F.d.5C1C6E58D66C69C031893508850FD013.e.20864"}]}
COMMAND: GET /session/baa8cc8c703ae50a3cfee07d32ab3bfd/element/f.A7D77B31E8FD2DE6ABF8E388F5FFE54F.d.5C1C6E58D66C69C031893508850FD013.e.20864/enabled - {}
COMMAND: GET /session/baa8cc8c703ae50a3cfee07d32ab3bfd/screenshot - {}
RESULT: {}
COMMAND: POST /session/baa8cc8c703ae50a3cfee07d32ab3bfd/execute/sync - {"script":"<script> [8489 bytes]","args":[{"element-6066-11e4-a52e-4f735466cecf":"f.A7D77B31E8FD2DE6ABF8E388F5FFE54F.d.5C1C6E58D66C69C031893508850FD013.e.20864","ELEMENT":"f.A7D77B31E8FD2DE6ABF8E388F5FFE54F.d.5C1C6E58D66C69C031893508850FD013.e.20864"}]}
COMMAND: GET /session/baa8cc8c703ae50a3cfee07d32ab3bfd/screenshot - {}
RESULT: {}
RESULT: {"script":"<script> [8489 bytes]","args":[{"element-6066-11e4-a52e-4f735466cecf":"f.A7D77B31E8FD2DE6ABF8E388F5FFE54F.d.5C1C6E58D66C69C031893508850FD013.e.20864","ELEMENT":"f.A7D77B31E8FD2DE6ABF8E388F5FFE54F.d.5C1C6E58D66C69C031893508850FD013.e.20864"}]}
COMMAND: POST /session/baa8cc8c703ae50a3cfee07d32ab3bfd/execute/sync - {"script":"<script> [5351 bytes]","args":[{"element-6066-11e4-a52e-4f735466cecf":"f.A7D77B31E8FD2DE6ABF8E388F5FFE54F.d.5C1C6E58D66C69C031893508850FD013.e.20864","ELEMENT":"f.A7D77B31E8FD2DE6ABF8E388F5FFE54F.d.5C1C6E58D66C69C031893508850FD013.e.20864"}]}
COMMAND: GET /session/baa8cc8c703ae50a3cfee07d32ab3bfd/screenshot - {}
RESULT: {}
RESULT: {"script":"<script> [5351 bytes]","args":[{"element-6066-11e4-a52e-4f735466cecf":"f.A7D77B31E8FD2DE6ABF8E388F5FFE54F.d.5C1C6E58D66C69C031893508850FD013.e.20864","ELEMENT":"f.A7D77B31E8FD2DE6ABF8E388F5FFE54F.d.5C1C6E58D66C69C031893508850FD013.e.20864"}]}
COMMAND: POST /session/baa8cc8c703ae50a3cfee07d32ab3bfd/element/f.A7D77B31E8FD2DE6ABF8E388F5FFE54F.d.5C1C6E58D66C69C031893508850FD013.e.20864/click - {}
COMMAND: GET /session/baa8cc8c703ae50a3cfee07d32ab3bfd/screenshot - {}
RESULT: {}
RESULT: {}
COMMAND: GET /session/baa8cc8c703ae50a3cfee07d32ab3bfd/screenshot - {}
RESULT: {}
RESULT: {}
COMMAND: POST /session/baa8cc8c703ae50a3cfee07d32ab3bfd/element - {"using":"xpath","value":"//span[contains(@id ,\"AddNewHO--typeSelect-arrow\")]"}
RESULT: {"using":"xpath","value":"//span[contains(@id ,\"AddNewHO--typeSelect-arrow\")]"}
COMMAND: POST /session/baa8cc8c703ae50a3cfee07d32ab3bfd/element/f.A7D77B31E8FD2DE6ABF8E388F5FFE54F.d.5C1C6E58D66C69C031893508850FD013.e.21234/click - {}
RESULT: {}
COMMAND: GET /session/baa8cc8c703ae50a3cfee07d32ab3bfd/screenshot - {}
RESULT: {}
COMMAND: POST /session/baa8cc8c703ae50a3cfee07d32ab3bfd/element - {"using":"xpath","value":"(//li[contains(text(), \"stock increase yard\")])[1]"}
RESULT: {"using":"xpath","value":"(//li[contains(text(), \"stock increase yard\")])[1]"}
COMMAND: POST /session/baa8cc8c703ae50a3cfee07d32ab3bfd/element/f.A7D77B31E8FD2DE6ABF8E388F5FFE54F.d.5C1C6E58D66C69C031893508850FD013.e.21235/click - {}
RESULT: {}
COMMAND: GET /session/baa8cc8c703ae50a3cfee07d32ab3bfd/screenshot - {}
RESULT: {}
COMMAND: POST /session/baa8cc8c703ae50a3cfee07d32ab3bfd/execute/async - {"script":"<script> [1562 bytes]","args":[{"selector":{"id":"application-managehandovers-display-component---AddNewHO--dueDate","interaction":{"idSuffix":"inner"}},"wdio_ui5_key":"applicationmanagehandovers-display-component---AddNewHO--dueDate"}]}
RESULT: {"script":"<script> [1562 bytes]","args":[{"selector":{"id":"application-managehandovers-display-component---AddNewHO--dueDate","interaction":{"idSuffix":"inner"}},"wdio_ui5_key":"applicationmanagehandovers-display-component---AddNewHO--dueDate"}]}
RESULT: undefined
COMMAND: POST /session/baa8cc8c703ae50a3cfee07d32ab3bfd/execute/async - {"script":"<script> [6424 bytes]","args":[{"element-6066-11e4-a52e-4f735466cecf":"f.A7D77B31E8FD2DE6ABF8E388F5FFE54F.d.5C1C6E58D66C69C031893508850FD013.e.21237"},"setValue",["04/23/2025"]]}
RESULT: {"script":"<script> [6424 bytes]","args":[{"element-6066-11e4-a52e-4f735466cecf":"f.A7D77B31E8FD2DE6ABF8E388F5FFE54F.d.5C1C6E58D66C69C031893508850FD013.e.21237"},"setValue",["04/23/2025"]]}
COMMAND: POST /session/baa8cc8c703ae50a3cfee07d32ab3bfd/element - {"using":"xpath","value":"//input[@id=\"generalSectionFrg--receiveYard-inner\"]"}
RESULT: {"using":"xpath","value":"//input[@id=\"generalSectionFrg--receiveYard-inner\"]"}
COMMAND: POST /session/baa8cc8c703ae50a3cfee07d32ab3bfd/element/f.A7D77B31E8FD2DE6ABF8E388F5FFE54F.d.5C1C6E58D66C69C031893508850FD013.e.21243/clear - {}
RESULT: {}
COMMAND: POST /session/baa8cc8c703ae50a3cfee07d32ab3bfd/element/f.A7D77B31E8FD2DE6ABF8E388F5FFE54F.d.5C1C6E58D66C69C031893508850FD013.e.21243/value - {"text":"702"}
COMMAND: GET /session/baa8cc8c703ae50a3cfee07d32ab3bfd/screenshot - {}
RESULT: {"text":"702"}
COMMAND: GET /session/baa8cc8c703ae50a3cfee07d32ab3bfd/screenshot - {}
RESULT: {}
RESULT: {}
COMMAND: POST /session/baa8cc8c703ae50a3cfee07d32ab3bfd/element - {"using":"xpath","value":"//li[.//span[text()='702']]"}
RESULT: {"using":"xpath","value":"//li[.//span[text()='702']]"}
COMMAND: POST /session/baa8cc8c703ae50a3cfee07d32ab3bfd/element/f.A7D77B31E8FD2DE6ABF8E388F5FFE54F.d.5C1C6E58D66C69C031893508850FD013.e.21259/click - {}
RESULT: {}
COMMAND: GET /session/baa8cc8c703ae50a3cfee07d32ab3bfd/screenshot - {}
RESULT: {}
COMMAND: POST /session/baa8cc8c703ae50a3cfee07d32ab3bfd/execute/async - {"script":"<script> [1562 bytes]","args":[{"selector":{"id":"application-managehandovers-display-component---AddNewHO--ObjectPageLayout-anchBar-application-managehandovers-display-component---AddNewHO--section4-anchor","interaction":{"idSuffix":"BDI-content"}},"wdio_ui5_key":"applicationmanagehandovers-display-component---AddNewHO--ObjectPageLayout-anchBar-application-managehandovers-display-component---AddNewHO--section4-anchor"}]}
RESULT: {"script":"<script> [1562 bytes]","args":[{"selector":{"id":"application-managehandovers-display-component---AddNewHO--ObjectPageLayout-anchBar-application-managehandovers-display-component---AddNewHO--section4-anchor","interaction":{"idSuffix":"BDI-content"}},"wdio_ui5_key":"applicationmanagehandovers-display-component---AddNewHO--ObjectPageLayout-anchBar-application-managehandovers-display-component---AddNewHO--section4-anchor"}]}
RESULT: undefined
COMMAND: POST /session/baa8cc8c703ae50a3cfee07d32ab3bfd/element - {"using":"xpath","value":"//*[@id=\"application-managehandovers-display-component---AddNewHO--ObjectPageLayout-anchBar-application-managehandovers-display-component---AddNewHO--section4-anchor\"]"}
RESULT: {"using":"xpath","value":"//*[@id=\"application-managehandovers-display-component---AddNewHO--ObjectPageLayout-anchBar-application-managehandovers-display-component---AddNewHO--section4-anchor\"]"}
COMMAND: POST /session/baa8cc8c703ae50a3cfee07d32ab3bfd/element/f.A7D77B31E8FD2DE6ABF8E388F5FFE54F.d.5C1C6E58D66C69C031893508850FD013.e.21261/click - {}
RESULT: {}
COMMAND: POST /session/baa8cc8c703ae50a3cfee07d32ab3bfd/element - {"using":"xpath","value":"//button[@aria-label=\"Add\"]"}
COMMAND: GET /session/baa8cc8c703ae50a3cfee07d32ab3bfd/screenshot - {}
RESULT: {"using":"xpath","value":"//button[@aria-label=\"Add\"]"}
COMMAND: POST /session/baa8cc8c703ae50a3cfee07d32ab3bfd/element/f.A7D77B31E8FD2DE6ABF8E388F5FFE54F.d.5C1C6E58D66C69C031893508850FD013.e.21263/click - {}
RESULT: {}
RESULT: {}
COMMAND: GET /session/baa8cc8c703ae50a3cfee07d32ab3bfd/screenshot - {}
RESULT: {}
COMMAND: POST /session/baa8cc8c703ae50a3cfee07d32ab3bfd/execute/async - {"script":"<script> [1562 bytes]","args":[{"selector":{"id":"application-managehandovers-display-component---AddNewHO--smartFilterBar-btnBasicSearch","searchOpenDialogs":true,"interaction":{"idSuffix":"I"}},"wdio_ui5_key":"applicationmanagehandovers-display-component---AddNewHO--smartFilterBar-btnBasicSearch"}]}
RESULT: {"script":"<script> [1562 bytes]","args":[{"selector":{"id":"application-managehandovers-display-component---AddNewHO--smartFilterBar-btnBasicSearch","searchOpenDialogs":true,"interaction":{"idSuffix":"I"}},"wdio_ui5_key":"applicationmanagehandovers-display-component---AddNewHO--smartFilterBar-btnBasicSearch"}]}
RESULT: undefined
COMMAND: POST /session/baa8cc8c703ae50a3cfee07d32ab3bfd/execute/async - {"script":"<script> [776 bytes]","args":[{"enterText":"b386Irp8Me","selector":{"id":"application-managehandovers-display-component---AddNewHO--smartFilterBar-btnBasicSearch","searchOpenDialogs":true,"interaction":{"idSuffix":"I"}},"clearTextFirst":true,"interactionType":"ENTER_TEXT"}]}
RESULT: {"script":"<script> [776 bytes]","args":[{"enterText":"b386Irp8Me","selector":{"id":"application-managehandovers-display-component---AddNewHO--smartFilterBar-btnBasicSearch","searchOpenDialogs":true,"interaction":{"idSuffix":"I"}},"clearTextFirst":true,"interactionType":"ENTER_TEXT"}]}
COMMAND: POST /session/baa8cc8c703ae50a3cfee07d32ab3bfd/actions - {"actions":[{"id":"action71","type":"key","parameters":{},"actions":[{"type":"keyDown","value":""},{"type":"pause","duration":10},{"type":"keyUp","value":""}]}]}
RESULT: {"actions":[{"id":"action71","type":"key","parameters":{},"actions":[{"type":"keyDown","value":""},{"type":"pause","duration":10},{"type":"keyUp","value":""}]}]}
COMMAND: GET /session/baa8cc8c703ae50a3cfee07d32ab3bfd/screenshot - {}
RESULT: {}
COMMAND: POST /session/baa8cc8c703ae50a3cfee07d32ab3bfd/execute/async - {"script":"<script> [1562 bytes]","args":[{"selector":{"id":"application-managehandovers-display-component---AddNewHO--popup-sa","searchOpenDialogs":true,"interaction":{"idSuffix":"CbBg"}},"wdio_ui5_key":"applicationmanagehandovers-display-component---AddNewHO--popup-sa"}]}
RESULT: {"script":"<script> [1562 bytes]","args":[{"selector":{"id":"application-managehandovers-display-component---AddNewHO--popup-sa","searchOpenDialogs":true,"interaction":{"idSuffix":"CbBg"}},"wdio_ui5_key":"applicationmanagehandovers-display-component---AddNewHO--popup-sa"}]}
RESULT: undefined
COMMAND: POST /session/baa8cc8c703ae50a3cfee07d32ab3bfd/element - {"using":"xpath","value":"//*[@id=\"application-managehandovers-display-component---AddNewHO--popup-sa\"]"}
RESULT: {"using":"xpath","value":"//*[@id=\"application-managehandovers-display-component---AddNewHO--popup-sa\"]"}
COMMAND: POST /session/baa8cc8c703ae50a3cfee07d32ab3bfd/element/f.A7D77B31E8FD2DE6ABF8E388F5FFE54F.d.5C1C6E58D66C69C031893508850FD013.e.21417/click - {}
RESULT: {}
COMMAND: GET /session/baa8cc8c703ae50a3cfee07d32ab3bfd/screenshot - {}
RESULT: {}
COMMAND: POST /session/baa8cc8c703ae50a3cfee07d32ab3bfd/element - {"using":"xpath","value":"//bdi[contains(text(), \"Select\")]"}
RESULT: {"using":"xpath","value":"//bdi[contains(text(), \"Select\")]"}
COMMAND: POST /session/baa8cc8c703ae50a3cfee07d32ab3bfd/element/f.A7D77B31E8FD2DE6ABF8E388F5FFE54F.d.5C1C6E58D66C69C031893508850FD013.e.21418/click - {}
RESULT: {}
COMMAND: GET /session/baa8cc8c703ae50a3cfee07d32ab3bfd/screenshot - {}
RESULT: {}
COMMAND: POST /session/baa8cc8c703ae50a3cfee07d32ab3bfd/element - {"using":"xpath","value":"//button[@data-kt=\"AddNewHOSaveButton\"]"}
RESULT: {"using":"xpath","value":"//button[@data-kt=\"AddNewHOSaveButton\"]"}
COMMAND: POST /session/baa8cc8c703ae50a3cfee07d32ab3bfd/element/f.A7D77B31E8FD2DE6ABF8E388F5FFE54F.d.5C1C6E58D66C69C031893508850FD013.e.21422/click - {}
RESULT: {}
COMMAND: GET /session/baa8cc8c703ae50a3cfee07d32ab3bfd/screenshot - {}
RESULT: {}
COMMAND: POST /session/baa8cc8c703ae50a3cfee07d32ab3bfd/execute/async - {"script":"<script> [1562 bytes]","args":[{"selector":{"id":"receiptDatePicker","viewName":"etm.portal.ui.managehandovers.view.DetailExecuteHO","interaction":{"idSuffix":"inner"}},"wdio_ui5_key":"receiptDatePickeretmportal.ui.managehandovers.view.DetailExecuteHO"}]}
RESULT: {"script":"<script> [1562 bytes]","args":[{"selector":{"id":"receiptDatePicker","viewName":"etm.portal.ui.managehandovers.view.DetailExecuteHO","interaction":{"idSuffix":"inner"}},"wdio_ui5_key":"receiptDatePickeretmportal.ui.managehandovers.view.DetailExecuteHO"}]}
RESULT: undefined
COMMAND: POST /session/baa8cc8c703ae50a3cfee07d32ab3bfd/execute/async - {"script":"<script> [6424 bytes]","args":[{"element-6066-11e4-a52e-4f735466cecf":"f.A7D77B31E8FD2DE6ABF8E388F5FFE54F.d.5C1C6E58D66C69C031893508850FD013.e.21451"},"setValue",["04/23/2025"]]}
RESULT: {"script":"<script> [6424 bytes]","args":[{"element-6066-11e4-a52e-4f735466cecf":"f.A7D77B31E8FD2DE6ABF8E388F5FFE54F.d.5C1C6E58D66C69C031893508850FD013.e.21451"},"setValue",["04/23/2025"]]}
COMMAND: POST /session/baa8cc8c703ae50a3cfee07d32ab3bfd/element - {"using":"xpath","value":"//button[@data-kt=\"PickingTableConfirmAllButton\"]"}
RESULT: {"using":"xpath","value":"//button[@data-kt=\"PickingTableConfirmAllButton\"]"}
COMMAND: POST /session/baa8cc8c703ae50a3cfee07d32ab3bfd/element/f.A7D77B31E8FD2DE6ABF8E388F5FFE54F.d.5C1C6E58D66C69C031893508850FD013.e.21466/click - {}
RESULT: {}
COMMAND: GET /session/baa8cc8c703ae50a3cfee07d32ab3bfd/screenshot - {}
RESULT: {}
COMMAND: POST /session/baa8cc8c703ae50a3cfee07d32ab3bfd/element - {"using":"xpath","value":"//bdi[contains(text(), \"OK\")]"}
RESULT: {"using":"xpath","value":"//bdi[contains(text(), \"OK\")]"}
COMMAND: POST /session/baa8cc8c703ae50a3cfee07d32ab3bfd/element/f.A7D77B31E8FD2DE6ABF8E388F5FFE54F.d.5C1C6E58D66C69C031893508850FD013.e.21468/click - {}
RESULT: {}
COMMAND: GET /session/baa8cc8c703ae50a3cfee07d32ab3bfd/screenshot - {}
RESULT: {}
COMMAND: POST /session/baa8cc8c703ae50a3cfee07d32ab3bfd/element - {"using":"xpath","value":"(//bdi[contains(text(), \"Receive\")])[2]"}
RESULT: {"using":"xpath","value":"(//bdi[contains(text(), \"Receive\")])[2]"}
COMMAND: POST /session/baa8cc8c703ae50a3cfee07d32ab3bfd/element/f.A7D77B31E8FD2DE6ABF8E388F5FFE54F.d.5C1C6E58D66C69C031893508850FD013.e.21470/click - {}
RESULT: {}
COMMAND: GET /session/baa8cc8c703ae50a3cfee07d32ab3bfd/screenshot - {}
RESULT: {}
COMMAND: POST /session/baa8cc8c703ae50a3cfee07d32ab3bfd/element - {"using":"css selector","value":"#shell-header-logo"}
RESULT: {"using":"css selector","value":"#shell-header-logo"}
COMMAND: POST /session/baa8cc8c703ae50a3cfee07d32ab3bfd/element/f.A7D77B31E8FD2DE6ABF8E388F5FFE54F.d.5C1C6E58D66C69C031893508850FD013.e.20836/click - {}
RESULT: {}
COMMAND: GET /session/baa8cc8c703ae50a3cfee07d32ab3bfd/screenshot - {}
RESULT: {}
]]></system-out>
    </testcase>
    <testcase classname="chrome.135_0_7049_42.windows.Billing_Calculation_-_Time_based_(considering_transport_times)_US139738" name="Should create a new contract" time="48.843">
      <system-out><![CDATA[
COMMAND: POST /session/baa8cc8c703ae50a3cfee07d32ab3bfd/execute/async - {"script":"<script> [1562 bytes]","args":[{"selector":{"controlType":"sap.m.Text","viewName":"etm.portal.ui.managecontractstile.view.Master","properties":{"text":"Manage Contracts"},"interaction":{"idSuffix":"inner"}},"wdio_ui5_key":"etmportal.ui.managecontractstile.view.Mastersap.m.Text{\"text\":\"Manage Contracts\"}"}]}
RESULT: {"script":"<script> [1562 bytes]","args":[{"selector":{"controlType":"sap.m.Text","viewName":"etm.portal.ui.managecontractstile.view.Master","properties":{"text":"Manage Contracts"},"interaction":{"idSuffix":"inner"}},"wdio_ui5_key":"etmportal.ui.managecontractstile.view.Mastersap.m.Text{\"text\":\"Manage Contracts\"}"}]}
RESULT: undefined
COMMAND: POST /session/baa8cc8c703ae50a3cfee07d32ab3bfd/element - {"using":"xpath","value":"//*[@id=\"__tile130-title\"]"}
RESULT: {"using":"xpath","value":"//*[@id=\"__tile130-title\"]"}
COMMAND: POST /session/baa8cc8c703ae50a3cfee07d32ab3bfd/element/f.A7D77B31E8FD2DE6ABF8E388F5FFE54F.d.5C1C6E58D66C69C031893508850FD013.e.21634/click - {}
RESULT: {}
COMMAND: GET /session/baa8cc8c703ae50a3cfee07d32ab3bfd/screenshot - {}
COMMAND: POST /session/baa8cc8c703ae50a3cfee07d32ab3bfd/element - {"using":"xpath","value":"//button[@data-kt=\"addButton\"]"}
RESULT: undefined
RESULT: undefined
RESULT: {}
RESULT: {"using":"xpath","value":"//button[@data-kt=\"addButton\"]"}
COMMAND: POST /session/baa8cc8c703ae50a3cfee07d32ab3bfd/elements - {"using":"xpath","value":"//button[@data-kt=\"addButton\"]"}
RESULT: {"using":"xpath","value":"//button[@data-kt=\"addButton\"]"}
COMMAND: POST /session/baa8cc8c703ae50a3cfee07d32ab3bfd/execute/sync - {"script":"<script> [8489 bytes]","args":[{"element-6066-11e4-a52e-4f735466cecf":"f.A7D77B31E8FD2DE6ABF8E388F5FFE54F.d.5C1C6E58D66C69C031893508850FD013.e.21706","ELEMENT":"f.A7D77B31E8FD2DE6ABF8E388F5FFE54F.d.5C1C6E58D66C69C031893508850FD013.e.21706"}]}
RESULT: {"script":"<script> [8489 bytes]","args":[{"element-6066-11e4-a52e-4f735466cecf":"f.A7D77B31E8FD2DE6ABF8E388F5FFE54F.d.5C1C6E58D66C69C031893508850FD013.e.21706","ELEMENT":"f.A7D77B31E8FD2DE6ABF8E388F5FFE54F.d.5C1C6E58D66C69C031893508850FD013.e.21706"}]}
COMMAND: GET /session/baa8cc8c703ae50a3cfee07d32ab3bfd/element/f.A7D77B31E8FD2DE6ABF8E388F5FFE54F.d.5C1C6E58D66C69C031893508850FD013.e.21706/enabled - {}
COMMAND: GET /session/baa8cc8c703ae50a3cfee07d32ab3bfd/screenshot - {}
RESULT: {}
COMMAND: POST /session/baa8cc8c703ae50a3cfee07d32ab3bfd/execute/sync - {"script":"<script> [8489 bytes]","args":[{"element-6066-11e4-a52e-4f735466cecf":"f.A7D77B31E8FD2DE6ABF8E388F5FFE54F.d.5C1C6E58D66C69C031893508850FD013.e.21706","ELEMENT":"f.A7D77B31E8FD2DE6ABF8E388F5FFE54F.d.5C1C6E58D66C69C031893508850FD013.e.21706"}]}
COMMAND: GET /session/baa8cc8c703ae50a3cfee07d32ab3bfd/screenshot - {}
RESULT: {}
RESULT: {"script":"<script> [8489 bytes]","args":[{"element-6066-11e4-a52e-4f735466cecf":"f.A7D77B31E8FD2DE6ABF8E388F5FFE54F.d.5C1C6E58D66C69C031893508850FD013.e.21706","ELEMENT":"f.A7D77B31E8FD2DE6ABF8E388F5FFE54F.d.5C1C6E58D66C69C031893508850FD013.e.21706"}]}
COMMAND: POST /session/baa8cc8c703ae50a3cfee07d32ab3bfd/execute/sync - {"script":"<script> [5351 bytes]","args":[{"element-6066-11e4-a52e-4f735466cecf":"f.A7D77B31E8FD2DE6ABF8E388F5FFE54F.d.5C1C6E58D66C69C031893508850FD013.e.21706","ELEMENT":"f.A7D77B31E8FD2DE6ABF8E388F5FFE54F.d.5C1C6E58D66C69C031893508850FD013.e.21706"}]}
COMMAND: GET /session/baa8cc8c703ae50a3cfee07d32ab3bfd/screenshot - {}
RESULT: {}
RESULT: {"script":"<script> [5351 bytes]","args":[{"element-6066-11e4-a52e-4f735466cecf":"f.A7D77B31E8FD2DE6ABF8E388F5FFE54F.d.5C1C6E58D66C69C031893508850FD013.e.21706","ELEMENT":"f.A7D77B31E8FD2DE6ABF8E388F5FFE54F.d.5C1C6E58D66C69C031893508850FD013.e.21706"}]}
COMMAND: GET /session/baa8cc8c703ae50a3cfee07d32ab3bfd/screenshot - {}
RESULT: {}
RESULT: {}
COMMAND: POST /session/baa8cc8c703ae50a3cfee07d32ab3bfd/element/f.A7D77B31E8FD2DE6ABF8E388F5FFE54F.d.5C1C6E58D66C69C031893508850FD013.e.21706/click - {}
RESULT: {}
COMMAND: GET /session/baa8cc8c703ae50a3cfee07d32ab3bfd/screenshot - {}
COMMAND: POST /session/baa8cc8c703ae50a3cfee07d32ab3bfd/execute/async - {"script":"<script> [1562 bytes]","args":[{"selector":{"id":"application-managecontracts-display-component---AddNewContract--projectDescription","interaction":{"idSuffix":"inner"}},"wdio_ui5_key":"applicationmanagecontracts-display-component---AddNewContract--projectDescription"}]}
RESULT: {}
RESULT: {"script":"<script> [1562 bytes]","args":[{"selector":{"id":"application-managecontracts-display-component---AddNewContract--projectDescription","interaction":{"idSuffix":"inner"}},"wdio_ui5_key":"applicationmanagecontracts-display-component---AddNewContract--projectDescription"}]}
RESULT: undefined
COMMAND: POST /session/baa8cc8c703ae50a3cfee07d32ab3bfd/execute/async - {"script":"<script> [776 bytes]","args":[{"enterText":"Contract WDIO","selector":{"id":"application-managecontracts-display-component---AddNewContract--projectDescription","interaction":{"idSuffix":"inner"}},"clearTextFirst":true,"interactionType":"ENTER_TEXT"}]}
RESULT: {"script":"<script> [776 bytes]","args":[{"enterText":"Contract WDIO","selector":{"id":"application-managecontracts-display-component---AddNewContract--projectDescription","interaction":{"idSuffix":"inner"}},"clearTextFirst":true,"interactionType":"ENTER_TEXT"}]}
COMMAND: POST /session/baa8cc8c703ae50a3cfee07d32ab3bfd/element - {"using":"xpath","value":"//input[@id=\"application-managecontracts-display-component---AddNewContract--site-inner\"]"}
RESULT: {"using":"xpath","value":"//input[@id=\"application-managecontracts-display-component---AddNewContract--site-inner\"]"}
COMMAND: POST /session/baa8cc8c703ae50a3cfee07d32ab3bfd/element/f.A7D77B31E8FD2DE6ABF8E388F5FFE54F.d.5C1C6E58D66C69C031893508850FD013.e.22032/clear - {}
RESULT: {}
COMMAND: POST /session/baa8cc8c703ae50a3cfee07d32ab3bfd/element/f.A7D77B31E8FD2DE6ABF8E388F5FFE54F.d.5C1C6E58D66C69C031893508850FD013.e.22032/value - {"text":"2514"}
COMMAND: GET /session/baa8cc8c703ae50a3cfee07d32ab3bfd/screenshot - {}
RESULT: {"text":"2514"}
COMMAND: GET /session/baa8cc8c703ae50a3cfee07d32ab3bfd/screenshot - {}
RESULT: {}
COMMAND: POST /session/baa8cc8c703ae50a3cfee07d32ab3bfd/element - {"using":"xpath","value":"//li[.//span[text()='2514']]"}
RESULT: {}
RESULT: {"using":"xpath","value":"//li[.//span[text()='2514']]"}
COMMAND: POST /session/baa8cc8c703ae50a3cfee07d32ab3bfd/element/f.A7D77B31E8FD2DE6ABF8E388F5FFE54F.d.5C1C6E58D66C69C031893508850FD013.e.22056/click - {}
RESULT: {}
COMMAND: GET /session/baa8cc8c703ae50a3cfee07d32ab3bfd/screenshot - {}
RESULT: {}
COMMAND: POST /session/baa8cc8c703ae50a3cfee07d32ab3bfd/element - {"using":"xpath","value":"//input[@id=\"application-managecontracts-display-component---AddNewContract--yardId-inner\"]"}
RESULT: {"using":"xpath","value":"//input[@id=\"application-managecontracts-display-component---AddNewContract--yardId-inner\"]"}
COMMAND: GET /session/baa8cc8c703ae50a3cfee07d32ab3bfd/element/f.A7D77B31E8FD2DE6ABF8E388F5FFE54F.d.5C1C6E58D66C69C031893508850FD013.e.22033/property/value - {}
RESULT: {}
COMMAND: POST /session/baa8cc8c703ae50a3cfee07d32ab3bfd/element - {"using":"xpath","value":"//input[@id=\"application-managecontracts-display-component---AddNewContract--customerSelect-inner\"]"}
COMMAND: GET /session/baa8cc8c703ae50a3cfee07d32ab3bfd/screenshot - {}
RESULT: {"using":"xpath","value":"//input[@id=\"application-managecontracts-display-component---AddNewContract--customerSelect-inner\"]"}
COMMAND: POST /session/baa8cc8c703ae50a3cfee07d32ab3bfd/element/f.A7D77B31E8FD2DE6ABF8E388F5FFE54F.d.5C1C6E58D66C69C031893508850FD013.e.22031/clear - {}
RESULT: {}
RESULT: {}
COMMAND: POST /session/baa8cc8c703ae50a3cfee07d32ab3bfd/element/f.A7D77B31E8FD2DE6ABF8E388F5FFE54F.d.5C1C6E58D66C69C031893508850FD013.e.22031/value - {"text":"1559"}
COMMAND: GET /session/baa8cc8c703ae50a3cfee07d32ab3bfd/screenshot - {}
RESULT: {"text":"1559"}
COMMAND: GET /session/baa8cc8c703ae50a3cfee07d32ab3bfd/screenshot - {}
RESULT: {}
RESULT: {}
COMMAND: POST /session/baa8cc8c703ae50a3cfee07d32ab3bfd/element - {"using":"xpath","value":"//li[.//span[text()='1559']]"}
RESULT: {"using":"xpath","value":"//li[.//span[text()='1559']]"}
COMMAND: POST /session/baa8cc8c703ae50a3cfee07d32ab3bfd/element/f.A7D77B31E8FD2DE6ABF8E388F5FFE54F.d.5C1C6E58D66C69C031893508850FD013.e.22059/click - {}
RESULT: {}
COMMAND: GET /session/baa8cc8c703ae50a3cfee07d32ab3bfd/screenshot - {}
RESULT: {}
COMMAND: POST /session/baa8cc8c703ae50a3cfee07d32ab3bfd/element - {"using":"xpath","value":"//button[@data-kt=\"saveButton\"]"}
RESULT: {"using":"xpath","value":"//button[@data-kt=\"saveButton\"]"}
COMMAND: POST /session/baa8cc8c703ae50a3cfee07d32ab3bfd/element/f.A7D77B31E8FD2DE6ABF8E388F5FFE54F.d.5C1C6E58D66C69C031893508850FD013.e.22049/click - {}
RESULT: {}
COMMAND: GET /session/baa8cc8c703ae50a3cfee07d32ab3bfd/screenshot - {}
RESULT: {}
COMMAND: POST /session/baa8cc8c703ae50a3cfee07d32ab3bfd/element - {"using":"xpath","value":"//span[contains(@id ,\"contractDetailTitleNoExpanded\")]"}
RESULT: {"using":"xpath","value":"//span[contains(@id ,\"contractDetailTitleNoExpanded\")]"}
COMMAND: POST /session/baa8cc8c703ae50a3cfee07d32ab3bfd/elements - {"using":"xpath","value":"//span[contains(@id ,\"contractDetailTitleNoExpanded\")]"}
RESULT: {"using":"xpath","value":"//span[contains(@id ,\"contractDetailTitleNoExpanded\")]"}
COMMAND: POST /session/baa8cc8c703ae50a3cfee07d32ab3bfd/execute/sync - {"script":"<script> [56 bytes]","args":[{"element-6066-11e4-a52e-4f735466cecf":"f.A7D77B31E8FD2DE6ABF8E388F5FFE54F.d.5C1C6E58D66C69C031893508850FD013.e.22131","ELEMENT":"f.A7D77B31E8FD2DE6ABF8E388F5FFE54F.d.5C1C6E58D66C69C031893508850FD013.e.22131"}]}
RESULT: {"script":"<script> [56 bytes]","args":[{"element-6066-11e4-a52e-4f735466cecf":"f.A7D77B31E8FD2DE6ABF8E388F5FFE54F.d.5C1C6E58D66C69C031893508850FD013.e.22131","ELEMENT":"f.A7D77B31E8FD2DE6ABF8E388F5FFE54F.d.5C1C6E58D66C69C031893508850FD013.e.22131"}]}
COMMAND: GET /session/baa8cc8c703ae50a3cfee07d32ab3bfd/screenshot - {}
RESULT: {}
]]></system-out>
    </testcase>
    <testcase classname="chrome.135_0_7049_42.windows.Billing_Calculation_-_Time_based_(considering_transport_times)_US139738" name="Should add transport time checkbox on contract details" time="16.196">
      <system-out><![CDATA[
COMMAND: POST /session/baa8cc8c703ae50a3cfee07d32ab3bfd/element - {"using":"xpath","value":"//button[@data-kt=\"contractDetailEditBtnButton\"]"}
RESULT: {"using":"xpath","value":"//button[@data-kt=\"contractDetailEditBtnButton\"]"}
COMMAND: POST /session/baa8cc8c703ae50a3cfee07d32ab3bfd/element/f.A7D77B31E8FD2DE6ABF8E388F5FFE54F.d.5C1C6E58D66C69C031893508850FD013.e.22133/click - {}
RESULT: {}
COMMAND: GET /session/baa8cc8c703ae50a3cfee07d32ab3bfd/screenshot - {}
RESULT: {}
COMMAND: POST /session/baa8cc8c703ae50a3cfee07d32ab3bfd/element - {"using":"xpath","value":"(//span[contains(text(), \"Contract Billing\")])[2]"}
RESULT: {"using":"xpath","value":"(//span[contains(text(), \"Contract Billing\")])[2]"}
COMMAND: POST /session/baa8cc8c703ae50a3cfee07d32ab3bfd/element/f.A7D77B31E8FD2DE6ABF8E388F5FFE54F.d.5C1C6E58D66C69C031893508850FD013.e.22187/click - {}
RESULT: {}
COMMAND: GET /session/baa8cc8c703ae50a3cfee07d32ab3bfd/screenshot - {}
RESULT: {}
COMMAND: POST /session/baa8cc8c703ae50a3cfee07d32ab3bfd/element - {"using":"xpath","value":"(//div[contains(@id, \"transportTimesBilled-CbBg\")])"}
RESULT: {"using":"xpath","value":"(//div[contains(@id, \"transportTimesBilled-CbBg\")])"}
COMMAND: POST /session/baa8cc8c703ae50a3cfee07d32ab3bfd/element/f.A7D77B31E8FD2DE6ABF8E388F5FFE54F.d.5C1C6E58D66C69C031893508850FD013.e.22218/click - {}
RESULT: {}
COMMAND: GET /session/baa8cc8c703ae50a3cfee07d32ab3bfd/screenshot - {}
RESULT: {}
COMMAND: POST /session/baa8cc8c703ae50a3cfee07d32ab3bfd/element - {"using":"xpath","value":"(//button[@data-kt=\"saveButton\"])[2]"}
RESULT: {"using":"xpath","value":"(//button[@data-kt=\"saveButton\"])[2]"}
COMMAND: POST /session/baa8cc8c703ae50a3cfee07d32ab3bfd/element/f.A7D77B31E8FD2DE6ABF8E388F5FFE54F.d.5C1C6E58D66C69C031893508850FD013.e.22219/click - {}
RESULT: {}
COMMAND: GET /session/baa8cc8c703ae50a3cfee07d32ab3bfd/screenshot - {}
RESULT: {}
]]></system-out>
    </testcase>
    <testcase classname="chrome.135_0_7049_42.windows.Billing_Calculation_-_Time_based_(considering_transport_times)_US139738" name="Should add created equipment to contract" time="39.944">
      <system-out><![CDATA[
COMMAND: POST /session/baa8cc8c703ae50a3cfee07d32ab3bfd/element - {"using":"xpath","value":"//button[@data-kt=\"contractDetailEditBtnButton\"]"}
RESULT: {"using":"xpath","value":"//button[@data-kt=\"contractDetailEditBtnButton\"]"}
COMMAND: POST /session/baa8cc8c703ae50a3cfee07d32ab3bfd/element/f.A7D77B31E8FD2DE6ABF8E388F5FFE54F.d.5C1C6E58D66C69C031893508850FD013.e.22133/click - {}
RESULT: {}
COMMAND: GET /session/baa8cc8c703ae50a3cfee07d32ab3bfd/screenshot - {}
RESULT: {}
COMMAND: POST /session/baa8cc8c703ae50a3cfee07d32ab3bfd/element - {"using":"xpath","value":"(//span[contains(text(), \"Additional Addresses\")])[2]"}
RESULT: {"using":"xpath","value":"(//span[contains(text(), \"Additional Addresses\")])[2]"}
COMMAND: POST /session/baa8cc8c703ae50a3cfee07d32ab3bfd/element/f.A7D77B31E8FD2DE6ABF8E388F5FFE54F.d.5C1C6E58D66C69C031893508850FD013.e.22236/click - {}
RESULT: {}
COMMAND: GET /session/baa8cc8c703ae50a3cfee07d32ab3bfd/screenshot - {}
RESULT: {}
COMMAND: POST /session/baa8cc8c703ae50a3cfee07d32ab3bfd/element - {"using":"xpath","value":"//button[@data-kt=\"btnAddTableRowOverflowToolbarButton\"]"}
RESULT: {"using":"xpath","value":"//button[@data-kt=\"btnAddTableRowOverflowToolbarButton\"]"}
COMMAND: POST /session/baa8cc8c703ae50a3cfee07d32ab3bfd/element/f.A7D77B31E8FD2DE6ABF8E388F5FFE54F.d.5C1C6E58D66C69C031893508850FD013.e.22239/click - {}
RESULT: {}
COMMAND: GET /session/baa8cc8c703ae50a3cfee07d32ab3bfd/screenshot - {}
RESULT: {}
COMMAND: POST /session/baa8cc8c703ae50a3cfee07d32ab3bfd/element - {"using":"xpath","value":"//div[(text() = 'Standard Entry' or . = 'Standard Entry')]"}
RESULT: {"using":"xpath","value":"//div[(text() = 'Standard Entry' or . = 'Standard Entry')]"}
COMMAND: POST /session/baa8cc8c703ae50a3cfee07d32ab3bfd/element/f.A7D77B31E8FD2DE6ABF8E388F5FFE54F.d.5C1C6E58D66C69C031893508850FD013.e.22241/click - {}
RESULT: {}
COMMAND: GET /session/baa8cc8c703ae50a3cfee07d32ab3bfd/screenshot - {}
RESULT: {}
COMMAND: POST /session/baa8cc8c703ae50a3cfee07d32ab3bfd/element - {"using":"xpath","value":"//td[7]/div/div/input"}
RESULT: {"using":"xpath","value":"//td[7]/div/div/input"}
COMMAND: POST /session/baa8cc8c703ae50a3cfee07d32ab3bfd/element/f.A7D77B31E8FD2DE6ABF8E388F5FFE54F.d.5C1C6E58D66C69C031893508850FD013.e.22250/clear - {}
RESULT: {}
COMMAND: POST /session/baa8cc8c703ae50a3cfee07d32ab3bfd/element/f.A7D77B31E8FD2DE6ABF8E388F5FFE54F.d.5C1C6E58D66C69C031893508850FD013.e.22250/value - {"text":"b386Irp8Me"}
COMMAND: GET /session/baa8cc8c703ae50a3cfee07d32ab3bfd/screenshot - {}
RESULT: {"text":"b386Irp8Me"}
COMMAND: GET /session/baa8cc8c703ae50a3cfee07d32ab3bfd/screenshot - {}
RESULT: {}
RESULT: {}
COMMAND: POST /session/baa8cc8c703ae50a3cfee07d32ab3bfd/actions - {"actions":[{"id":"action72","type":"key","parameters":{},"actions":[{"type":"keyDown","value":""},{"type":"pause","duration":10},{"type":"keyUp","value":""}]}]}
RESULT: {"actions":[{"id":"action72","type":"key","parameters":{},"actions":[{"type":"keyDown","value":""},{"type":"pause","duration":10},{"type":"keyUp","value":""}]}]}
COMMAND: GET /session/baa8cc8c703ae50a3cfee07d32ab3bfd/screenshot - {}
RESULT: {}
COMMAND: POST /session/baa8cc8c703ae50a3cfee07d32ab3bfd/element - {"using":"xpath","value":"(//button[@data-kt=\"saveButton\"])[2]"}
RESULT: {"using":"xpath","value":"(//button[@data-kt=\"saveButton\"])[2]"}
COMMAND: POST /session/baa8cc8c703ae50a3cfee07d32ab3bfd/element/f.A7D77B31E8FD2DE6ABF8E388F5FFE54F.d.5C1C6E58D66C69C031893508850FD013.e.22219/click - {}
RESULT: {}
COMMAND: GET /session/baa8cc8c703ae50a3cfee07d32ab3bfd/screenshot - {}
RESULT: {}
COMMAND: POST /session/baa8cc8c703ae50a3cfee07d32ab3bfd/element - {"using":"xpath","value":"//span[contains(@id ,\"contractItemsSmartTable-header-inner\")]"}
RESULT: {"using":"xpath","value":"//span[contains(@id ,\"contractItemsSmartTable-header-inner\")]"}
COMMAND: POST /session/baa8cc8c703ae50a3cfee07d32ab3bfd/elements - {"using":"xpath","value":"//span[contains(@id ,\"contractItemsSmartTable-header-inner\")]"}
RESULT: {"using":"xpath","value":"//span[contains(@id ,\"contractItemsSmartTable-header-inner\")]"}
COMMAND: POST /session/baa8cc8c703ae50a3cfee07d32ab3bfd/execute/sync - {"script":"<script> [56 bytes]","args":[{"element-6066-11e4-a52e-4f735466cecf":"f.A7D77B31E8FD2DE6ABF8E388F5FFE54F.d.5C1C6E58D66C69C031893508850FD013.e.22267","ELEMENT":"f.A7D77B31E8FD2DE6ABF8E388F5FFE54F.d.5C1C6E58D66C69C031893508850FD013.e.22267"}]}
RESULT: {"script":"<script> [56 bytes]","args":[{"element-6066-11e4-a52e-4f735466cecf":"f.A7D77B31E8FD2DE6ABF8E388F5FFE54F.d.5C1C6E58D66C69C031893508850FD013.e.22267","ELEMENT":"f.A7D77B31E8FD2DE6ABF8E388F5FFE54F.d.5C1C6E58D66C69C031893508850FD013.e.22267"}]}
]]></system-out>
    </testcase>
    <testcase classname="chrome.135_0_7049_42.windows.Billing_Calculation_-_Time_based_(considering_transport_times)_US139738" name="Should do a provide to site 2 step" time="122.762">
      <system-out><![CDATA[
COMMAND: POST /session/baa8cc8c703ae50a3cfee07d32ab3bfd/element - {"using":"xpath","value":"//button[@data-kt=\"provideButton\"]"}
COMMAND: GET /session/baa8cc8c703ae50a3cfee07d32ab3bfd/screenshot - {}
RESULT: {"using":"xpath","value":"//button[@data-kt=\"provideButton\"]"}
COMMAND: POST /session/baa8cc8c703ae50a3cfee07d32ab3bfd/element/f.A7D77B31E8FD2DE6ABF8E388F5FFE54F.d.5C1C6E58D66C69C031893508850FD013.e.22268/click - {}
RESULT: {}
RESULT: {}
COMMAND: GET /session/baa8cc8c703ae50a3cfee07d32ab3bfd/screenshot - {}
RESULT: {}
COMMAND: POST /session/baa8cc8c703ae50a3cfee07d32ab3bfd/element - {"using":"xpath","value":"(//div[contains(@id, \"application-managehandovers-display-component---AddNewHO--oneStep-CbBg\")])"}
RESULT: {"using":"xpath","value":"(//div[contains(@id, \"application-managehandovers-display-component---AddNewHO--oneStep-CbBg\")])"}
COMMAND: POST /session/baa8cc8c703ae50a3cfee07d32ab3bfd/element/f.A7D77B31E8FD2DE6ABF8E388F5FFE54F.d.5C1C6E58D66C69C031893508850FD013.e.22578/click - {}
RESULT: {}
RESULT: undefined
COMMAND: POST /session/baa8cc8c703ae50a3cfee07d32ab3bfd/execute/async - {"script":"<script> [6424 bytes]","args":[{"element-6066-11e4-a52e-4f735466cecf":"f.A7D77B31E8FD2DE6ABF8E388F5FFE54F.d.5C1C6E58D66C69C031893508850FD013.e.21237"},"setValue",["04/23/2025"]]}
COMMAND: GET /session/baa8cc8c703ae50a3cfee07d32ab3bfd/screenshot - {}
COMMAND: POST /session/baa8cc8c703ae50a3cfee07d32ab3bfd/execute/async - {"script":"<script> [1562 bytes]","args":[{"selector":{"id":"application-managehandovers-display-component---AddNewHO--dueDate","interaction":{"idSuffix":"inner"}},"wdio_ui5_key":"applicationmanagehandovers-display-component---AddNewHO--dueDate"}]}
RESULT: {}
RESULT: {"script":"<script> [1562 bytes]","args":[{"selector":{"id":"application-managehandovers-display-component---AddNewHO--dueDate","interaction":{"idSuffix":"inner"}},"wdio_ui5_key":"applicationmanagehandovers-display-component---AddNewHO--dueDate"}]}
COMMAND: POST /session/baa8cc8c703ae50a3cfee07d32ab3bfd/execute/async - {"script":"<script> [6424 bytes]","args":[{"element-6066-11e4-a52e-4f735466cecf":"f.A7D77B31E8FD2DE6ABF8E388F5FFE54F.d.5C1C6E58D66C69C031893508850FD013.e.22323"},"setValue",["04/23/2025"]]}
RESULT: {"script":"<script> [6424 bytes]","args":[{"element-6066-11e4-a52e-4f735466cecf":"f.A7D77B31E8FD2DE6ABF8E388F5FFE54F.d.5C1C6E58D66C69C031893508850FD013.e.22323"},"setValue",["04/23/2025"]]}
COMMAND: POST /session/baa8cc8c703ae50a3cfee07d32ab3bfd/element - {"using":"xpath","value":"//bdi[contains(text(), \"Instructions\")]"}
RESULT: {"using":"xpath","value":"//bdi[contains(text(), \"Instructions\")]"}
COMMAND: POST /session/baa8cc8c703ae50a3cfee07d32ab3bfd/element/f.A7D77B31E8FD2DE6ABF8E388F5FFE54F.d.5C1C6E58D66C69C031893508850FD013.e.22580/click - {}
RESULT: {}
COMMAND: GET /session/baa8cc8c703ae50a3cfee07d32ab3bfd/screenshot - {}
RESULT: {}
COMMAND: POST /session/baa8cc8c703ae50a3cfee07d32ab3bfd/element - {"using":"xpath","value":"//button[@data-kt=\"AddNewHOProvideAddItemsButton\"]"}
RESULT: {"using":"xpath","value":"//button[@data-kt=\"AddNewHOProvideAddItemsButton\"]"}
COMMAND: POST /session/baa8cc8c703ae50a3cfee07d32ab3bfd/element/f.A7D77B31E8FD2DE6ABF8E388F5FFE54F.d.5C1C6E58D66C69C031893508850FD013.e.22584/click - {}
RESULT: {}
COMMAND: GET /session/baa8cc8c703ae50a3cfee07d32ab3bfd/screenshot - {}
RESULT: {}
RESULT: undefined
COMMAND: POST /session/baa8cc8c703ae50a3cfee07d32ab3bfd/element - {"using":"xpath","value":"//*[@id=\"application-managehandovers-display-component---AddNewHO--popup-sa\"]"}
RESULT: {"using":"xpath","value":"//*[@id=\"application-managehandovers-display-component---AddNewHO--popup-sa\"]"}
COMMAND: POST /session/baa8cc8c703ae50a3cfee07d32ab3bfd/element/f.A7D77B31E8FD2DE6ABF8E388F5FFE54F.d.5C1C6E58D66C69C031893508850FD013.e.22599/click - {}
RESULT: {}
COMMAND: GET /session/baa8cc8c703ae50a3cfee07d32ab3bfd/screenshot - {}
RESULT: {}
COMMAND: POST /session/baa8cc8c703ae50a3cfee07d32ab3bfd/element - {"using":"xpath","value":"//*[contains(@id ,\"BDI-content\")][contains(text(), \"Select\")]"}
RESULT: {"using":"xpath","value":"//*[contains(@id ,\"BDI-content\")][contains(text(), \"Select\")]"}
COMMAND: POST /session/baa8cc8c703ae50a3cfee07d32ab3bfd/element/f.A7D77B31E8FD2DE6ABF8E388F5FFE54F.d.5C1C6E58D66C69C031893508850FD013.e.22601/click - {}
RESULT: {}
COMMAND: GET /session/baa8cc8c703ae50a3cfee07d32ab3bfd/screenshot - {}
RESULT: {}
COMMAND: POST /session/baa8cc8c703ae50a3cfee07d32ab3bfd/execute/async - {"script":"<script> [1562 bytes]","args":[{"selector":{"id":"application-managehandovers-display-component---AddNewHO--confirmCreationButton","interaction":{"idSuffix":"BDI-content"}},"wdio_ui5_key":"applicationmanagehandovers-display-component---AddNewHO--confirmCreationButton"}]}
RESULT: {"script":"<script> [1562 bytes]","args":[{"selector":{"id":"application-managehandovers-display-component---AddNewHO--confirmCreationButton","interaction":{"idSuffix":"BDI-content"}},"wdio_ui5_key":"applicationmanagehandovers-display-component---AddNewHO--confirmCreationButton"}]}
RESULT: undefined
COMMAND: POST /session/baa8cc8c703ae50a3cfee07d32ab3bfd/element - {"using":"xpath","value":"//*[@id=\"application-managehandovers-display-component---AddNewHO--confirmCreationButton\"]"}
RESULT: {"using":"xpath","value":"//*[@id=\"application-managehandovers-display-component---AddNewHO--confirmCreationButton\"]"}
COMMAND: POST /session/baa8cc8c703ae50a3cfee07d32ab3bfd/element/f.A7D77B31E8FD2DE6ABF8E388F5FFE54F.d.5C1C6E58D66C69C031893508850FD013.e.22402/click - {}
RESULT: {}
COMMAND: GET /session/baa8cc8c703ae50a3cfee07d32ab3bfd/screenshot - {}
RESULT: {}
COMMAND: POST /session/baa8cc8c703ae50a3cfee07d32ab3bfd/element - {"using":"xpath","value":"//button[@data-kt=\"PickingTableConfirmAllButton\"]"}
RESULT: {"using":"xpath","value":"//button[@data-kt=\"PickingTableConfirmAllButton\"]"}
COMMAND: POST /session/baa8cc8c703ae50a3cfee07d32ab3bfd/element/f.A7D77B31E8FD2DE6ABF8E388F5FFE54F.d.5C1C6E58D66C69C031893508850FD013.e.22656/click - {}
COMMAND: POST /session/baa8cc8c703ae50a3cfee07d32ab3bfd/element - {"using":"xpath","value":"//button[@data-kt=\"PickingTableConfirmAllButton\"]"}
RESULT: {"using":"xpath","value":"//button[@data-kt=\"PickingTableConfirmAllButton\"]"}
COMMAND: POST /session/baa8cc8c703ae50a3cfee07d32ab3bfd/element/f.A7D77B31E8FD2DE6ABF8E388F5FFE54F.d.5C1C6E58D66C69C031893508850FD013.e.22656/click - {}
COMMAND: POST /session/baa8cc8c703ae50a3cfee07d32ab3bfd/element - {"using":"xpath","value":"//button[@data-kt=\"PickingTableConfirmAllButton\"]"}
RESULT: {"using":"xpath","value":"//button[@data-kt=\"PickingTableConfirmAllButton\"]"}
COMMAND: POST /session/baa8cc8c703ae50a3cfee07d32ab3bfd/element/f.A7D77B31E8FD2DE6ABF8E388F5FFE54F.d.5C1C6E58D66C69C031893508850FD013.e.22675/click - {}
RESULT: {}
COMMAND: GET /session/baa8cc8c703ae50a3cfee07d32ab3bfd/screenshot - {}
RESULT: {}
COMMAND: POST /session/baa8cc8c703ae50a3cfee07d32ab3bfd/element - {"using":"xpath","value":"//bdi[contains(text(), \"OK\")]"}
RESULT: {"using":"xpath","value":"//bdi[contains(text(), \"OK\")]"}
COMMAND: POST /session/baa8cc8c703ae50a3cfee07d32ab3bfd/element/f.A7D77B31E8FD2DE6ABF8E388F5FFE54F.d.5C1C6E58D66C69C031893508850FD013.e.22677/click - {}
RESULT: {}
COMMAND: GET /session/baa8cc8c703ae50a3cfee07d32ab3bfd/screenshot - {}
RESULT: {}
COMMAND: POST /session/baa8cc8c703ae50a3cfee07d32ab3bfd/element - {"using":"xpath","value":"//button[@data-kt=\"execHoPickButton\"]"}
RESULT: {"using":"xpath","value":"//button[@data-kt=\"execHoPickButton\"]"}
COMMAND: POST /session/baa8cc8c703ae50a3cfee07d32ab3bfd/element/f.A7D77B31E8FD2DE6ABF8E388F5FFE54F.d.5C1C6E58D66C69C031893508850FD013.e.22679/click - {}
RESULT: {}
COMMAND: GET /session/baa8cc8c703ae50a3cfee07d32ab3bfd/screenshot - {}
RESULT: {}
COMMAND: POST /session/baa8cc8c703ae50a3cfee07d32ab3bfd/element - {"using":"xpath","value":"//span[contains(@id ,\"filterItemControl_BASIC-RECEIVE_CONTRACT-vhi\")]"}
RESULT: {"using":"xpath","value":"//span[contains(@id ,\"filterItemControl_BASIC-RECEIVE_CONTRACT-vhi\")]"}
COMMAND: POST /session/baa8cc8c703ae50a3cfee07d32ab3bfd/element/f.A7D77B31E8FD2DE6ABF8E388F5FFE54F.d.5C1C6E58D66C69C031893508850FD013.e.22859/click - {}
RESULT: {}
COMMAND: GET /session/baa8cc8c703ae50a3cfee07d32ab3bfd/screenshot - {}
RESULT: {}
COMMAND: POST /session/baa8cc8c703ae50a3cfee07d32ab3bfd/execute/async - {"script":"<script> [1562 bytes]","args":[{"selector":{"controlType":"sap.m.SearchField","viewName":"etm.portal.ui.managehandovers.view.MasterHO","bindingPath":{"path":"","propertyPath":"/_BASIC_SEARCH_FIELD","modelName":"fi1t3rM0d31"},"searchOpenDialogs":true,"interaction":{"idSuffix":"I"}},"wdio_ui5_key":"etmportal.ui.managehandovers.view.MasterHOsap.m.SearchField{\"path\":\"\",\"propertyPath\":\"/_BASIC_SEARCH_FIELD\",\"modelName\":\"fi1t3rM0d31\"}"}]}
RESULT: {"script":"<script> [1562 bytes]","args":[{"selector":{"controlType":"sap.m.SearchField","viewName":"etm.portal.ui.managehandovers.view.MasterHO","bindingPath":{"path":"","propertyPath":"/_BASIC_SEARCH_FIELD","modelName":"fi1t3rM0d31"},"searchOpenDialogs":true,"interaction":{"idSuffix":"I"}},"wdio_ui5_key":"etmportal.ui.managehandovers.view.MasterHOsap.m.SearchField{\"path\":\"\",\"propertyPath\":\"/_BASIC_SEARCH_FIELD\",\"modelName\":\"fi1t3rM0d31\"}"}]}
RESULT: undefined
COMMAND: POST /session/baa8cc8c703ae50a3cfee07d32ab3bfd/execute/async - {"script":"<script> [776 bytes]","args":[{"enterText":"10594","selector":{"controlType":"sap.m.SearchField","viewName":"etm.portal.ui.managehandovers.view.MasterHO","bindingPath":{"path":"","propertyPath":"/_BASIC_SEARCH_FIELD","modelName":"fi1t3rM0d31"},"searchOpenDialogs":true,"interaction":{"idSuffix":"I"}},"clearTextFirst":true,"interactionType":"ENTER_TEXT"}]}
RESULT: {"script":"<script> [776 bytes]","args":[{"enterText":"10594","selector":{"controlType":"sap.m.SearchField","viewName":"etm.portal.ui.managehandovers.view.MasterHO","bindingPath":{"path":"","propertyPath":"/_BASIC_SEARCH_FIELD","modelName":"fi1t3rM0d31"},"searchOpenDialogs":true,"interaction":{"idSuffix":"I"}},"clearTextFirst":true,"interactionType":"ENTER_TEXT"}]}
COMMAND: POST /session/baa8cc8c703ae50a3cfee07d32ab3bfd/actions - {"actions":[{"id":"action73","type":"key","parameters":{},"actions":[{"type":"keyDown","value":""},{"type":"pause","duration":10},{"type":"keyUp","value":""}]}]}
RESULT: {"actions":[{"id":"action73","type":"key","parameters":{},"actions":[{"type":"keyDown","value":""},{"type":"pause","duration":10},{"type":"keyUp","value":""}]}]}
COMMAND: GET /session/baa8cc8c703ae50a3cfee07d32ab3bfd/screenshot - {}
RESULT: {}
COMMAND: POST /session/baa8cc8c703ae50a3cfee07d32ab3bfd/element - {"using":"xpath","value":"//div[contains(@id, 'filterItemControl_BASIC-RECEIVE_CONTRACT-valueHelpDialog-table-rowsel0')]"}
RESULT: {"using":"xpath","value":"//div[contains(@id, 'filterItemControl_BASIC-RECEIVE_CONTRACT-valueHelpDialog-table-rowsel0')]"}
COMMAND: POST /session/baa8cc8c703ae50a3cfee07d32ab3bfd/element/f.A7D77B31E8FD2DE6ABF8E388F5FFE54F.d.5C1C6E58D66C69C031893508850FD013.e.22868/click - {}
RESULT: {}
COMMAND: GET /session/baa8cc8c703ae50a3cfee07d32ab3bfd/screenshot - {}
RESULT: {}
COMMAND: POST /session/baa8cc8c703ae50a3cfee07d32ab3bfd/element - {"using":"xpath","value":"//bdi[contains(text(), \"OK\")]"}
RESULT: {"using":"xpath","value":"//bdi[contains(text(), \"OK\")]"}
COMMAND: POST /session/baa8cc8c703ae50a3cfee07d32ab3bfd/element/f.A7D77B31E8FD2DE6ABF8E388F5FFE54F.d.5C1C6E58D66C69C031893508850FD013.e.22870/click - {}
RESULT: {}
COMMAND: GET /session/baa8cc8c703ae50a3cfee07d32ab3bfd/screenshot - {}
RESULT: {}
COMMAND: POST /session/baa8cc8c703ae50a3cfee07d32ab3bfd/element - {"using":"xpath","value":"//span[contains(@id, \"smartTable-header-inner\")]"}
RESULT: {"using":"xpath","value":"//span[contains(@id, \"smartTable-header-inner\")]"}
COMMAND: POST /session/baa8cc8c703ae50a3cfee07d32ab3bfd/elements - {"using":"xpath","value":"//span[contains(@id, \"smartTable-header-inner\")]"}
RESULT: {"using":"xpath","value":"//span[contains(@id, \"smartTable-header-inner\")]"}
COMMAND: POST /session/baa8cc8c703ae50a3cfee07d32ab3bfd/execute/sync - {"script":"<script> [56 bytes]","args":[{"element-6066-11e4-a52e-4f735466cecf":"f.A7D77B31E8FD2DE6ABF8E388F5FFE54F.d.5C1C6E58D66C69C031893508850FD013.e.22895","ELEMENT":"f.A7D77B31E8FD2DE6ABF8E388F5FFE54F.d.5C1C6E58D66C69C031893508850FD013.e.22895"}]}
RESULT: {"script":"<script> [56 bytes]","args":[{"element-6066-11e4-a52e-4f735466cecf":"f.A7D77B31E8FD2DE6ABF8E388F5FFE54F.d.5C1C6E58D66C69C031893508850FD013.e.22895","ELEMENT":"f.A7D77B31E8FD2DE6ABF8E388F5FFE54F.d.5C1C6E58D66C69C031893508850FD013.e.22895"}]}
COMMAND: POST /session/baa8cc8c703ae50a3cfee07d32ab3bfd/element - {"using":"xpath","value":"//table[contains(@id, \"customHandovers\")]//tbody/tr[1]/td[2]/span"}
COMMAND: GET /session/baa8cc8c703ae50a3cfee07d32ab3bfd/screenshot - {}
RESULT: {"using":"xpath","value":"//table[contains(@id, \"customHandovers\")]//tbody/tr[1]/td[2]/span"}
COMMAND: POST /session/baa8cc8c703ae50a3cfee07d32ab3bfd/execute/sync - {"script":"<script> [56 bytes]","args":[{"element-6066-11e4-a52e-4f735466cecf":"f.A7D77B31E8FD2DE6ABF8E388F5FFE54F.d.5C1C6E58D66C69C031893508850FD013.e.22896","ELEMENT":"f.A7D77B31E8FD2DE6ABF8E388F5FFE54F.d.5C1C6E58D66C69C031893508850FD013.e.22896"}]}
RESULT: {}
RESULT: {"script":"<script> [56 bytes]","args":[{"element-6066-11e4-a52e-4f735466cecf":"f.A7D77B31E8FD2DE6ABF8E388F5FFE54F.d.5C1C6E58D66C69C031893508850FD013.e.22896","ELEMENT":"f.A7D77B31E8FD2DE6ABF8E388F5FFE54F.d.5C1C6E58D66C69C031893508850FD013.e.22896"}]}
COMMAND: POST /session/baa8cc8c703ae50a3cfee07d32ab3bfd/element - {"using":"xpath","value":"(//span[contains(@id, \"imgNav\")])[1]"}
COMMAND: GET /session/baa8cc8c703ae50a3cfee07d32ab3bfd/screenshot - {}
RESULT: {"using":"xpath","value":"(//span[contains(@id, \"imgNav\")])[1]"}
COMMAND: POST /session/baa8cc8c703ae50a3cfee07d32ab3bfd/element/f.A7D77B31E8FD2DE6ABF8E388F5FFE54F.d.5C1C6E58D66C69C031893508850FD013.e.22893/click - {}
RESULT: {}
RESULT: {}
COMMAND: GET /session/baa8cc8c703ae50a3cfee07d32ab3bfd/screenshot - {}
RESULT: {}
COMMAND: POST /session/baa8cc8c703ae50a3cfee07d32ab3bfd/element - {"using":"xpath","value":"//button[@data-kt=\"PickingTableConfirmAllButton\"]"}
RESULT: {"using":"xpath","value":"//button[@data-kt=\"PickingTableConfirmAllButton\"]"}
COMMAND: POST /session/baa8cc8c703ae50a3cfee07d32ab3bfd/element/f.A7D77B31E8FD2DE6ABF8E388F5FFE54F.d.5C1C6E58D66C69C031893508850FD013.e.22916/click - {}
RESULT: {}
COMMAND: GET /session/baa8cc8c703ae50a3cfee07d32ab3bfd/screenshot - {}
RESULT: {}
COMMAND: POST /session/baa8cc8c703ae50a3cfee07d32ab3bfd/element - {"using":"xpath","value":"//bdi[contains(text(), \"OK\")]"}
RESULT: {"using":"xpath","value":"//bdi[contains(text(), \"OK\")]"}
COMMAND: POST /session/baa8cc8c703ae50a3cfee07d32ab3bfd/element/f.A7D77B31E8FD2DE6ABF8E388F5FFE54F.d.5C1C6E58D66C69C031893508850FD013.e.22931/click - {}
RESULT: {}
COMMAND: GET /session/baa8cc8c703ae50a3cfee07d32ab3bfd/screenshot - {}
RESULT: {}
COMMAND: POST /session/baa8cc8c703ae50a3cfee07d32ab3bfd/element - {"using":"xpath","value":"//button[@data-kt=\"execHoIssueButton\"]"}
RESULT: {"using":"xpath","value":"//button[@data-kt=\"execHoIssueButton\"]"}
COMMAND: POST /session/baa8cc8c703ae50a3cfee07d32ab3bfd/element/f.A7D77B31E8FD2DE6ABF8E388F5FFE54F.d.5C1C6E58D66C69C031893508850FD013.e.22933/click - {}
RESULT: {}
COMMAND: GET /session/baa8cc8c703ae50a3cfee07d32ab3bfd/screenshot - {}
RESULT: {}
COMMAND: POST /session/baa8cc8c703ae50a3cfee07d32ab3bfd/element - {"using":"xpath","value":"//input[contains(@id ,\"smartFilterBar-btnBasicSearch-I\")]"}
RESULT: {"using":"xpath","value":"//input[contains(@id ,\"smartFilterBar-btnBasicSearch-I\")]"}
COMMAND: POST /session/baa8cc8c703ae50a3cfee07d32ab3bfd/elements - {"using":"xpath","value":"//input[contains(@id ,\"smartFilterBar-btnBasicSearch-I\")]"}
RESULT: {"using":"xpath","value":"//input[contains(@id ,\"smartFilterBar-btnBasicSearch-I\")]"}
COMMAND: POST /session/baa8cc8c703ae50a3cfee07d32ab3bfd/execute/sync - {"script":"<script> [8489 bytes]","args":[{"element-6066-11e4-a52e-4f735466cecf":"f.A7D77B31E8FD2DE6ABF8E388F5FFE54F.d.5C1C6E58D66C69C031893508850FD013.e.22322","ELEMENT":"f.A7D77B31E8FD2DE6ABF8E388F5FFE54F.d.5C1C6E58D66C69C031893508850FD013.e.22322"}]}
RESULT: {"script":"<script> [8489 bytes]","args":[{"element-6066-11e4-a52e-4f735466cecf":"f.A7D77B31E8FD2DE6ABF8E388F5FFE54F.d.5C1C6E58D66C69C031893508850FD013.e.22322","ELEMENT":"f.A7D77B31E8FD2DE6ABF8E388F5FFE54F.d.5C1C6E58D66C69C031893508850FD013.e.22322"}]}
COMMAND: GET /session/baa8cc8c703ae50a3cfee07d32ab3bfd/element/f.A7D77B31E8FD2DE6ABF8E388F5FFE54F.d.5C1C6E58D66C69C031893508850FD013.e.22322/enabled - {}
COMMAND: GET /session/baa8cc8c703ae50a3cfee07d32ab3bfd/screenshot - {}
RESULT: {}
COMMAND: POST /session/baa8cc8c703ae50a3cfee07d32ab3bfd/element/f.A7D77B31E8FD2DE6ABF8E388F5FFE54F.d.5C1C6E58D66C69C031893508850FD013.e.22322/clear - {}
COMMAND: GET /session/baa8cc8c703ae50a3cfee07d32ab3bfd/screenshot - {}
RESULT: {}
RESULT: {}
COMMAND: POST /session/baa8cc8c703ae50a3cfee07d32ab3bfd/element/f.A7D77B31E8FD2DE6ABF8E388F5FFE54F.d.5C1C6E58D66C69C031893508850FD013.e.22322/value - {"text":"31073"}
COMMAND: GET /session/baa8cc8c703ae50a3cfee07d32ab3bfd/screenshot - {}
RESULT: {}
RESULT: {"text":"31073"}
COMMAND: GET /session/baa8cc8c703ae50a3cfee07d32ab3bfd/screenshot - {}
RESULT: {}
RESULT: {}
COMMAND: POST /session/baa8cc8c703ae50a3cfee07d32ab3bfd/actions - {"actions":[{"id":"action74","type":"key","parameters":{},"actions":[{"type":"keyDown","value":""},{"type":"pause","duration":10},{"type":"keyUp","value":""}]}]}
RESULT: {"actions":[{"id":"action74","type":"key","parameters":{},"actions":[{"type":"keyDown","value":""},{"type":"pause","duration":10},{"type":"keyUp","value":""}]}]}
COMMAND: GET /session/baa8cc8c703ae50a3cfee07d32ab3bfd/screenshot - {}
RESULT: {}
COMMAND: POST /session/baa8cc8c703ae50a3cfee07d32ab3bfd/element - {"using":"xpath","value":"//span[contains(@id, \"smartTable-header-inner\")]"}
RESULT: {"using":"xpath","value":"//span[contains(@id, \"smartTable-header-inner\")]"}
COMMAND: POST /session/baa8cc8c703ae50a3cfee07d32ab3bfd/elements - {"using":"xpath","value":"//span[contains(@id, \"smartTable-header-inner\")]"}
RESULT: {"using":"xpath","value":"//span[contains(@id, \"smartTable-header-inner\")]"}
COMMAND: POST /session/baa8cc8c703ae50a3cfee07d32ab3bfd/execute/sync - {"script":"<script> [56 bytes]","args":[{"element-6066-11e4-a52e-4f735466cecf":"f.A7D77B31E8FD2DE6ABF8E388F5FFE54F.d.5C1C6E58D66C69C031893508850FD013.e.22895","ELEMENT":"f.A7D77B31E8FD2DE6ABF8E388F5FFE54F.d.5C1C6E58D66C69C031893508850FD013.e.22895"}]}
RESULT: {"script":"<script> [56 bytes]","args":[{"element-6066-11e4-a52e-4f735466cecf":"f.A7D77B31E8FD2DE6ABF8E388F5FFE54F.d.5C1C6E58D66C69C031893508850FD013.e.22895","ELEMENT":"f.A7D77B31E8FD2DE6ABF8E388F5FFE54F.d.5C1C6E58D66C69C031893508850FD013.e.22895"}]}
COMMAND: POST /session/baa8cc8c703ae50a3cfee07d32ab3bfd/elements - {"using":"xpath","value":"//thead[contains(@class, \"sapMTableTH\")]/tr/th"}
COMMAND: GET /session/baa8cc8c703ae50a3cfee07d32ab3bfd/screenshot - {}
RESULT: {"using":"xpath","value":"//thead[contains(@class, \"sapMTableTH\")]/tr/th"}
COMMAND: GET /session/baa8cc8c703ae50a3cfee07d32ab3bfd/element/f.A7D77B31E8FD2DE6ABF8E388F5FFE54F.d.5C1C6E58D66C69C031893508850FD013.e.22968/text - {}
RESULT: {}
RESULT: {}
COMMAND: GET /session/baa8cc8c703ae50a3cfee07d32ab3bfd/element/f.A7D77B31E8FD2DE6ABF8E388F5FFE54F.d.5C1C6E58D66C69C031893508850FD013.e.22969/text - {}
RESULT: {}
COMMAND: GET /session/baa8cc8c703ae50a3cfee07d32ab3bfd/element/f.A7D77B31E8FD2DE6ABF8E388F5FFE54F.d.5C1C6E58D66C69C031893508850FD013.e.22368/text - {}
RESULT: {}
COMMAND: GET /session/baa8cc8c703ae50a3cfee07d32ab3bfd/element/f.A7D77B31E8FD2DE6ABF8E388F5FFE54F.d.5C1C6E58D66C69C031893508850FD013.e.22370/text - {}
RESULT: {}
COMMAND: GET /session/baa8cc8c703ae50a3cfee07d32ab3bfd/element/f.A7D77B31E8FD2DE6ABF8E388F5FFE54F.d.5C1C6E58D66C69C031893508850FD013.e.22936/text - {}
RESULT: {}
COMMAND: GET /session/baa8cc8c703ae50a3cfee07d32ab3bfd/element/f.A7D77B31E8FD2DE6ABF8E388F5FFE54F.d.5C1C6E58D66C69C031893508850FD013.e.22937/text - {}
RESULT: {}
COMMAND: GET /session/baa8cc8c703ae50a3cfee07d32ab3bfd/element/f.A7D77B31E8FD2DE6ABF8E388F5FFE54F.d.5C1C6E58D66C69C031893508850FD013.e.22938/text - {}
RESULT: {}
COMMAND: GET /session/baa8cc8c703ae50a3cfee07d32ab3bfd/element/f.A7D77B31E8FD2DE6ABF8E388F5FFE54F.d.5C1C6E58D66C69C031893508850FD013.e.22939/text - {}
RESULT: {}
COMMAND: GET /session/baa8cc8c703ae50a3cfee07d32ab3bfd/element/f.A7D77B31E8FD2DE6ABF8E388F5FFE54F.d.5C1C6E58D66C69C031893508850FD013.e.22940/text - {}
RESULT: {}
COMMAND: GET /session/baa8cc8c703ae50a3cfee07d32ab3bfd/element/f.A7D77B31E8FD2DE6ABF8E388F5FFE54F.d.5C1C6E58D66C69C031893508850FD013.e.22941/text - {}
RESULT: {}
COMMAND: GET /session/baa8cc8c703ae50a3cfee07d32ab3bfd/element/f.A7D77B31E8FD2DE6ABF8E388F5FFE54F.d.5C1C6E58D66C69C031893508850FD013.e.22942/text - {}
RESULT: {}
COMMAND: GET /session/baa8cc8c703ae50a3cfee07d32ab3bfd/element/f.A7D77B31E8FD2DE6ABF8E388F5FFE54F.d.5C1C6E58D66C69C031893508850FD013.e.22943/text - {}
RESULT: {}
COMMAND: GET /session/baa8cc8c703ae50a3cfee07d32ab3bfd/element/f.A7D77B31E8FD2DE6ABF8E388F5FFE54F.d.5C1C6E58D66C69C031893508850FD013.e.22944/text - {}
RESULT: {}
COMMAND: GET /session/baa8cc8c703ae50a3cfee07d32ab3bfd/element/f.A7D77B31E8FD2DE6ABF8E388F5FFE54F.d.5C1C6E58D66C69C031893508850FD013.e.22371/text - {}
RESULT: {}
COMMAND: POST /session/baa8cc8c703ae50a3cfee07d32ab3bfd/element - {"using":"xpath","value":"//tbody[contains(@id, \"customHandoversTable-tblBody\")]/tr[1]/td[14]/div/span"}
RESULT: {"using":"xpath","value":"//tbody[contains(@id, \"customHandoversTable-tblBody\")]/tr[1]/td[14]/div/span"}
COMMAND: POST /session/baa8cc8c703ae50a3cfee07d32ab3bfd/execute/sync - {"script":"<script> [56 bytes]","args":[{"element-6066-11e4-a52e-4f735466cecf":"f.A7D77B31E8FD2DE6ABF8E388F5FFE54F.d.5C1C6E58D66C69C031893508850FD013.e.23021","ELEMENT":"f.A7D77B31E8FD2DE6ABF8E388F5FFE54F.d.5C1C6E58D66C69C031893508850FD013.e.23021"}]}
RESULT: {"script":"<script> [56 bytes]","args":[{"element-6066-11e4-a52e-4f735466cecf":"f.A7D77B31E8FD2DE6ABF8E388F5FFE54F.d.5C1C6E58D66C69C031893508850FD013.e.23021","ELEMENT":"f.A7D77B31E8FD2DE6ABF8E388F5FFE54F.d.5C1C6E58D66C69C031893508850FD013.e.23021"}]}
COMMAND: POST /session/baa8cc8c703ae50a3cfee07d32ab3bfd/element - {"using":"xpath","value":"(//span[contains(@id, \"imgNav\")])[1]"}
COMMAND: GET /session/baa8cc8c703ae50a3cfee07d32ab3bfd/screenshot - {}
RESULT: {"using":"xpath","value":"(//span[contains(@id, \"imgNav\")])[1]"}
COMMAND: POST /session/baa8cc8c703ae50a3cfee07d32ab3bfd/element/f.A7D77B31E8FD2DE6ABF8E388F5FFE54F.d.5C1C6E58D66C69C031893508850FD013.e.23022/click - {}
RESULT: {}
RESULT: {}
COMMAND: GET /session/baa8cc8c703ae50a3cfee07d32ab3bfd/screenshot - {}
RESULT: {}
RESULT: undefined
COMMAND: POST /session/baa8cc8c703ae50a3cfee07d32ab3bfd/execute/async - {"script":"<script> [776 bytes]","args":[{"enterText":"04/30/25","selector":{"id":"receiptDatePicker","viewName":"etm.portal.ui.managehandovers.view.DetailExecuteHO","interaction":{"idSuffix":"inner"}},"clearTextFirst":true,"interactionType":"ENTER_TEXT"}]}
RESULT: {"script":"<script> [776 bytes]","args":[{"enterText":"04/30/25","selector":{"id":"receiptDatePicker","viewName":"etm.portal.ui.managehandovers.view.DetailExecuteHO","interaction":{"idSuffix":"inner"}},"clearTextFirst":true,"interactionType":"ENTER_TEXT"}]}
COMMAND: POST /session/baa8cc8c703ae50a3cfee07d32ab3bfd/element - {"using":"xpath","value":"//button[@data-kt=\"PickingTableConfirmAllButton\"]"}
RESULT: {"using":"xpath","value":"//button[@data-kt=\"PickingTableConfirmAllButton\"]"}
COMMAND: POST /session/baa8cc8c703ae50a3cfee07d32ab3bfd/element/f.A7D77B31E8FD2DE6ABF8E388F5FFE54F.d.5C1C6E58D66C69C031893508850FD013.e.23051/click - {}
RESULT: {}
COMMAND: GET /session/baa8cc8c703ae50a3cfee07d32ab3bfd/screenshot - {}
RESULT: {}
COMMAND: POST /session/baa8cc8c703ae50a3cfee07d32ab3bfd/element - {"using":"xpath","value":"//bdi[contains(text(), \"OK\")]"}
RESULT: {"using":"xpath","value":"//bdi[contains(text(), \"OK\")]"}
COMMAND: POST /session/baa8cc8c703ae50a3cfee07d32ab3bfd/element/f.A7D77B31E8FD2DE6ABF8E388F5FFE54F.d.5C1C6E58D66C69C031893508850FD013.e.23064/click - {}
RESULT: {}
COMMAND: GET /session/baa8cc8c703ae50a3cfee07d32ab3bfd/screenshot - {}
RESULT: {}
COMMAND: POST /session/baa8cc8c703ae50a3cfee07d32ab3bfd/element - {"using":"xpath","value":"//button[@data-kt= \"execHoReceiveButton\"]"}
RESULT: {"using":"xpath","value":"//button[@data-kt= \"execHoReceiveButton\"]"}
COMMAND: POST /session/baa8cc8c703ae50a3cfee07d32ab3bfd/element/f.A7D77B31E8FD2DE6ABF8E388F5FFE54F.d.5C1C6E58D66C69C031893508850FD013.e.23066/click - {}
RESULT: {}
COMMAND: GET /session/baa8cc8c703ae50a3cfee07d32ab3bfd/screenshot - {}
RESULT: {}
COMMAND: POST /session/baa8cc8c703ae50a3cfee07d32ab3bfd/element - {"using":"xpath","value":"//input[contains(@id ,\"smartFilterBar-btnBasicSearch-I\")]"}
RESULT: {"using":"xpath","value":"//input[contains(@id ,\"smartFilterBar-btnBasicSearch-I\")]"}
COMMAND: POST /session/baa8cc8c703ae50a3cfee07d32ab3bfd/elements - {"using":"xpath","value":"//input[contains(@id ,\"smartFilterBar-btnBasicSearch-I\")]"}
RESULT: {"using":"xpath","value":"//input[contains(@id ,\"smartFilterBar-btnBasicSearch-I\")]"}
COMMAND: POST /session/baa8cc8c703ae50a3cfee07d32ab3bfd/execute/sync - {"script":"<script> [8489 bytes]","args":[{"element-6066-11e4-a52e-4f735466cecf":"f.A7D77B31E8FD2DE6ABF8E388F5FFE54F.d.5C1C6E58D66C69C031893508850FD013.e.22322","ELEMENT":"f.A7D77B31E8FD2DE6ABF8E388F5FFE54F.d.5C1C6E58D66C69C031893508850FD013.e.22322"}]}
RESULT: {"script":"<script> [8489 bytes]","args":[{"element-6066-11e4-a52e-4f735466cecf":"f.A7D77B31E8FD2DE6ABF8E388F5FFE54F.d.5C1C6E58D66C69C031893508850FD013.e.22322","ELEMENT":"f.A7D77B31E8FD2DE6ABF8E388F5FFE54F.d.5C1C6E58D66C69C031893508850FD013.e.22322"}]}
COMMAND: GET /session/baa8cc8c703ae50a3cfee07d32ab3bfd/element/f.A7D77B31E8FD2DE6ABF8E388F5FFE54F.d.5C1C6E58D66C69C031893508850FD013.e.22322/enabled - {}
COMMAND: GET /session/baa8cc8c703ae50a3cfee07d32ab3bfd/screenshot - {}
RESULT: {}
COMMAND: POST /session/baa8cc8c703ae50a3cfee07d32ab3bfd/element/f.A7D77B31E8FD2DE6ABF8E388F5FFE54F.d.5C1C6E58D66C69C031893508850FD013.e.22322/clear - {}
COMMAND: GET /session/baa8cc8c703ae50a3cfee07d32ab3bfd/screenshot - {}
RESULT: {}
RESULT: {}
COMMAND: POST /session/baa8cc8c703ae50a3cfee07d32ab3bfd/element/f.A7D77B31E8FD2DE6ABF8E388F5FFE54F.d.5C1C6E58D66C69C031893508850FD013.e.22322/value - {"text":"31073"}
COMMAND: GET /session/baa8cc8c703ae50a3cfee07d32ab3bfd/screenshot - {}
RESULT: {}
RESULT: {"text":"31073"}
COMMAND: GET /session/baa8cc8c703ae50a3cfee07d32ab3bfd/screenshot - {}
RESULT: {}
RESULT: {}
COMMAND: POST /session/baa8cc8c703ae50a3cfee07d32ab3bfd/actions - {"actions":[{"id":"action75","type":"key","parameters":{},"actions":[{"type":"keyDown","value":""},{"type":"pause","duration":10},{"type":"keyUp","value":""}]}]}
RESULT: {"actions":[{"id":"action75","type":"key","parameters":{},"actions":[{"type":"keyDown","value":""},{"type":"pause","duration":10},{"type":"keyUp","value":""}]}]}
COMMAND: GET /session/baa8cc8c703ae50a3cfee07d32ab3bfd/screenshot - {}
RESULT: {}
COMMAND: POST /session/baa8cc8c703ae50a3cfee07d32ab3bfd/element - {"using":"xpath","value":"//span[contains(@id, \"smartTable-header-inner\")]"}
RESULT: {"using":"xpath","value":"//span[contains(@id, \"smartTable-header-inner\")]"}
COMMAND: POST /session/baa8cc8c703ae50a3cfee07d32ab3bfd/elements - {"using":"xpath","value":"//span[contains(@id, \"smartTable-header-inner\")]"}
RESULT: {"using":"xpath","value":"//span[contains(@id, \"smartTable-header-inner\")]"}
COMMAND: POST /session/baa8cc8c703ae50a3cfee07d32ab3bfd/execute/sync - {"script":"<script> [56 bytes]","args":[{"element-6066-11e4-a52e-4f735466cecf":"f.A7D77B31E8FD2DE6ABF8E388F5FFE54F.d.5C1C6E58D66C69C031893508850FD013.e.22895","ELEMENT":"f.A7D77B31E8FD2DE6ABF8E388F5FFE54F.d.5C1C6E58D66C69C031893508850FD013.e.22895"}]}
RESULT: {"script":"<script> [56 bytes]","args":[{"element-6066-11e4-a52e-4f735466cecf":"f.A7D77B31E8FD2DE6ABF8E388F5FFE54F.d.5C1C6E58D66C69C031893508850FD013.e.22895","ELEMENT":"f.A7D77B31E8FD2DE6ABF8E388F5FFE54F.d.5C1C6E58D66C69C031893508850FD013.e.22895"}]}
COMMAND: POST /session/baa8cc8c703ae50a3cfee07d32ab3bfd/elements - {"using":"xpath","value":"//thead[contains(@class, \"sapMTableTH\")]/tr/th"}
COMMAND: GET /session/baa8cc8c703ae50a3cfee07d32ab3bfd/screenshot - {}
RESULT: {"using":"xpath","value":"//thead[contains(@class, \"sapMTableTH\")]/tr/th"}
COMMAND: GET /session/baa8cc8c703ae50a3cfee07d32ab3bfd/element/f.A7D77B31E8FD2DE6ABF8E388F5FFE54F.d.5C1C6E58D66C69C031893508850FD013.e.22968/text - {}
RESULT: {}
RESULT: {}
COMMAND: GET /session/baa8cc8c703ae50a3cfee07d32ab3bfd/element/f.A7D77B31E8FD2DE6ABF8E388F5FFE54F.d.5C1C6E58D66C69C031893508850FD013.e.22969/text - {}
RESULT: {}
COMMAND: GET /session/baa8cc8c703ae50a3cfee07d32ab3bfd/element/f.A7D77B31E8FD2DE6ABF8E388F5FFE54F.d.5C1C6E58D66C69C031893508850FD013.e.22368/text - {}
RESULT: {}
COMMAND: GET /session/baa8cc8c703ae50a3cfee07d32ab3bfd/element/f.A7D77B31E8FD2DE6ABF8E388F5FFE54F.d.5C1C6E58D66C69C031893508850FD013.e.22370/text - {}
RESULT: {}
COMMAND: GET /session/baa8cc8c703ae50a3cfee07d32ab3bfd/element/f.A7D77B31E8FD2DE6ABF8E388F5FFE54F.d.5C1C6E58D66C69C031893508850FD013.e.23071/text - {}
RESULT: {}
COMMAND: GET /session/baa8cc8c703ae50a3cfee07d32ab3bfd/element/f.A7D77B31E8FD2DE6ABF8E388F5FFE54F.d.5C1C6E58D66C69C031893508850FD013.e.23072/text - {}
RESULT: {}
COMMAND: GET /session/baa8cc8c703ae50a3cfee07d32ab3bfd/element/f.A7D77B31E8FD2DE6ABF8E388F5FFE54F.d.5C1C6E58D66C69C031893508850FD013.e.23073/text - {}
RESULT: {}
COMMAND: GET /session/baa8cc8c703ae50a3cfee07d32ab3bfd/element/f.A7D77B31E8FD2DE6ABF8E388F5FFE54F.d.5C1C6E58D66C69C031893508850FD013.e.23074/text - {}
RESULT: {}
COMMAND: GET /session/baa8cc8c703ae50a3cfee07d32ab3bfd/element/f.A7D77B31E8FD2DE6ABF8E388F5FFE54F.d.5C1C6E58D66C69C031893508850FD013.e.23075/text - {}
RESULT: {}
COMMAND: GET /session/baa8cc8c703ae50a3cfee07d32ab3bfd/element/f.A7D77B31E8FD2DE6ABF8E388F5FFE54F.d.5C1C6E58D66C69C031893508850FD013.e.23076/text - {}
RESULT: {}
COMMAND: GET /session/baa8cc8c703ae50a3cfee07d32ab3bfd/element/f.A7D77B31E8FD2DE6ABF8E388F5FFE54F.d.5C1C6E58D66C69C031893508850FD013.e.23077/text - {}
RESULT: {}
COMMAND: GET /session/baa8cc8c703ae50a3cfee07d32ab3bfd/element/f.A7D77B31E8FD2DE6ABF8E388F5FFE54F.d.5C1C6E58D66C69C031893508850FD013.e.23078/text - {}
RESULT: {}
COMMAND: GET /session/baa8cc8c703ae50a3cfee07d32ab3bfd/element/f.A7D77B31E8FD2DE6ABF8E388F5FFE54F.d.5C1C6E58D66C69C031893508850FD013.e.23079/text - {}
RESULT: {}
COMMAND: GET /session/baa8cc8c703ae50a3cfee07d32ab3bfd/element/f.A7D77B31E8FD2DE6ABF8E388F5FFE54F.d.5C1C6E58D66C69C031893508850FD013.e.22371/text - {}
RESULT: {}
COMMAND: POST /session/baa8cc8c703ae50a3cfee07d32ab3bfd/element - {"using":"xpath","value":"//tbody[contains(@id, \"customHandoversTable-tblBody\")]/tr[1]/td[14]/div/span"}
RESULT: {"using":"xpath","value":"//tbody[contains(@id, \"customHandoversTable-tblBody\")]/tr[1]/td[14]/div/span"}
COMMAND: POST /session/baa8cc8c703ae50a3cfee07d32ab3bfd/execute/sync - {"script":"<script> [56 bytes]","args":[{"element-6066-11e4-a52e-4f735466cecf":"f.A7D77B31E8FD2DE6ABF8E388F5FFE54F.d.5C1C6E58D66C69C031893508850FD013.e.23120","ELEMENT":"f.A7D77B31E8FD2DE6ABF8E388F5FFE54F.d.5C1C6E58D66C69C031893508850FD013.e.23120"}]}
RESULT: {"script":"<script> [56 bytes]","args":[{"element-6066-11e4-a52e-4f735466cecf":"f.A7D77B31E8FD2DE6ABF8E388F5FFE54F.d.5C1C6E58D66C69C031893508850FD013.e.23120","ELEMENT":"f.A7D77B31E8FD2DE6ABF8E388F5FFE54F.d.5C1C6E58D66C69C031893508850FD013.e.23120"}]}
COMMAND: POST /session/baa8cc8c703ae50a3cfee07d32ab3bfd/element - {"using":"css selector","value":"#shell-header-logo"}
COMMAND: GET /session/baa8cc8c703ae50a3cfee07d32ab3bfd/screenshot - {}
RESULT: {"using":"css selector","value":"#shell-header-logo"}
COMMAND: POST /session/baa8cc8c703ae50a3cfee07d32ab3bfd/element/f.A7D77B31E8FD2DE6ABF8E388F5FFE54F.d.5C1C6E58D66C69C031893508850FD013.e.21637/click - {}
RESULT: {}
RESULT: {}
COMMAND: GET /session/baa8cc8c703ae50a3cfee07d32ab3bfd/screenshot - {}
RESULT: {}
]]></system-out>
    </testcase>
    <testcase classname="chrome.135_0_7049_42.windows.Billing_Calculation_-_Time_based_(considering_transport_times)_US139738" name="Should navigate to Manage Billings and trigger contract calculation business confirm it" time="57.56">
      <system-out><![CDATA[
COMMAND: POST /session/baa8cc8c703ae50a3cfee07d32ab3bfd/execute/async - {"script":"<script> [1562 bytes]","args":[{"selector":{"controlType":"sap.m.GenericTile","properties":{"header":"Manage Billings"}},"wdio_ui5_key":"sapm.GenericTile{\"header\":\"Manage Billings\"}"}]}
RESULT: {"script":"<script> [1562 bytes]","args":[{"selector":{"controlType":"sap.m.GenericTile","properties":{"header":"Manage Billings"}},"wdio_ui5_key":"sapm.GenericTile{\"header\":\"Manage Billings\"}"}]}
RESULT: undefined
COMMAND: POST /session/baa8cc8c703ae50a3cfee07d32ab3bfd/element - {"using":"xpath","value":"//*[@id=\"__tile51\"]"}
RESULT: {"using":"xpath","value":"//*[@id=\"__tile51\"]"}
COMMAND: POST /session/baa8cc8c703ae50a3cfee07d32ab3bfd/element/f.A7D77B31E8FD2DE6ABF8E388F5FFE54F.d.5C1C6E58D66C69C031893508850FD013.e.19508/click - {}
RESULT: {}
COMMAND: GET /session/baa8cc8c703ae50a3cfee07d32ab3bfd/screenshot - {}
COMMAND: POST /session/baa8cc8c703ae50a3cfee07d32ab3bfd/execute/async - {"script":"<script> [1562 bytes]","args":[{"selector":{"id":"application-managebillings-display-component---billRunCalcResult--smartFilterBar-btnBasicSearch","interaction":{"idSuffix":"I"}},"wdio_ui5_key":"applicationmanagebillings-display-component---billRunCalcResult--smartFilterBar-btnBasicSearch"}]}
RESULT: {}
RESULT: {"script":"<script> [1562 bytes]","args":[{"selector":{"id":"application-managebillings-display-component---billRunCalcResult--smartFilterBar-btnBasicSearch","interaction":{"idSuffix":"I"}},"wdio_ui5_key":"applicationmanagebillings-display-component---billRunCalcResult--smartFilterBar-btnBasicSearch"}]}
RESULT: undefined
COMMAND: POST /session/baa8cc8c703ae50a3cfee07d32ab3bfd/execute/async - {"script":"<script> [776 bytes]","args":[{"enterText":"10594","selector":{"id":"application-managebillings-display-component---billRunCalcResult--smartFilterBar-btnBasicSearch","interaction":{"idSuffix":"I"}},"clearTextFirst":true,"interactionType":"ENTER_TEXT"}]}
RESULT: {"script":"<script> [776 bytes]","args":[{"enterText":"10594","selector":{"id":"application-managebillings-display-component---billRunCalcResult--smartFilterBar-btnBasicSearch","interaction":{"idSuffix":"I"}},"clearTextFirst":true,"interactionType":"ENTER_TEXT"}]}
COMMAND: POST /session/baa8cc8c703ae50a3cfee07d32ab3bfd/actions - {"actions":[{"id":"action76","type":"key","parameters":{},"actions":[{"type":"keyDown","value":""},{"type":"pause","duration":10},{"type":"keyUp","value":""}]}]}
RESULT: {"actions":[{"id":"action76","type":"key","parameters":{},"actions":[{"type":"keyDown","value":""},{"type":"pause","duration":10},{"type":"keyUp","value":""}]}]}
COMMAND: GET /session/baa8cc8c703ae50a3cfee07d32ab3bfd/screenshot - {}
RESULT: {}
COMMAND: POST /session/baa8cc8c703ae50a3cfee07d32ab3bfd/element - {"using":"xpath","value":"//td[@aria-colindex=\"1\"]/div/div[contains(@class, \"sapMCbBg\")]"}
RESULT: {"using":"xpath","value":"//td[@aria-colindex=\"1\"]/div/div[contains(@class, \"sapMCbBg\")]"}
COMMAND: POST /session/baa8cc8c703ae50a3cfee07d32ab3bfd/element/f.A7D77B31E8FD2DE6ABF8E388F5FFE54F.d.5C1C6E58D66C69C031893508850FD013.e.23331/click - {}
RESULT: {}
COMMAND: GET /session/baa8cc8c703ae50a3cfee07d32ab3bfd/screenshot - {}
RESULT: {}
COMMAND: POST /session/baa8cc8c703ae50a3cfee07d32ab3bfd/execute/async - {"script":"<script> [1562 bytes]","args":[{"selector":{"id":"application-managebillings-display-component---billRunCalcResult--contractBillRunDate","interaction":{"idSuffix":"inner"}},"wdio_ui5_key":"applicationmanagebillings-display-component---billRunCalcResult--contractBillRunDate"}]}
RESULT: {"script":"<script> [1562 bytes]","args":[{"selector":{"id":"application-managebillings-display-component---billRunCalcResult--contractBillRunDate","interaction":{"idSuffix":"inner"}},"wdio_ui5_key":"applicationmanagebillings-display-component---billRunCalcResult--contractBillRunDate"}]}
RESULT: undefined
COMMAND: POST /session/baa8cc8c703ae50a3cfee07d32ab3bfd/execute/async - {"script":"<script> [776 bytes]","args":[{"enterText":"04/23/25","selector":{"id":"application-managebillings-display-component---billRunCalcResult--contractBillRunDate","interaction":{"idSuffix":"inner"}},"clearTextFirst":true,"interactionType":"ENTER_TEXT"}]}
RESULT: {"script":"<script> [776 bytes]","args":[{"enterText":"04/23/25","selector":{"id":"application-managebillings-display-component---billRunCalcResult--contractBillRunDate","interaction":{"idSuffix":"inner"}},"clearTextFirst":true,"interactionType":"ENTER_TEXT"}]}
COMMAND: POST /session/baa8cc8c703ae50a3cfee07d32ab3bfd/element - {"using":"xpath","value":"//bdi[contains(text(), \"Trigger Calculation\")]"}
RESULT: {"using":"xpath","value":"//bdi[contains(text(), \"Trigger Calculation\")]"}
COMMAND: POST /session/baa8cc8c703ae50a3cfee07d32ab3bfd/element/f.A7D77B31E8FD2DE6ABF8E388F5FFE54F.d.5C1C6E58D66C69C031893508850FD013.e.23381/click - {}
RESULT: {}
COMMAND: GET /session/baa8cc8c703ae50a3cfee07d32ab3bfd/screenshot - {}
RESULT: {}
COMMAND: POST /session/baa8cc8c703ae50a3cfee07d32ab3bfd/element - {"using":"xpath","value":"(//span[contains(@id, \"imgNav\")])[1]"}
RESULT: {"using":"xpath","value":"(//span[contains(@id, \"imgNav\")])[1]"}
COMMAND: POST /session/baa8cc8c703ae50a3cfee07d32ab3bfd/element/f.A7D77B31E8FD2DE6ABF8E388F5FFE54F.d.5C1C6E58D66C69C031893508850FD013.e.23332/click - {}
RESULT: {}
COMMAND: GET /session/baa8cc8c703ae50a3cfee07d32ab3bfd/screenshot - {}
RESULT: {}
COMMAND: POST /session/baa8cc8c703ae50a3cfee07d32ab3bfd/element - {"using":"xpath","value":"//tr/td[6]/div[1]/span[1]/span[1]"}
RESULT: {"using":"xpath","value":"//tr/td[6]/div[1]/span[1]/span[1]"}
COMMAND: GET /session/baa8cc8c703ae50a3cfee07d32ab3bfd/element/f.A7D77B31E8FD2DE6ABF8E388F5FFE54F.d.5C1C6E58D66C69C031893508850FD013.e.23385/text - {}
RESULT: {}
COMMAND: POST /session/baa8cc8c703ae50a3cfee07d32ab3bfd/element - {"using":"xpath","value":"(//span[contains(@id, \"imgNav\")])[2]"}
RESULT: {"using":"xpath","value":"(//span[contains(@id, \"imgNav\")])[2]"}
COMMAND: POST /session/baa8cc8c703ae50a3cfee07d32ab3bfd/element/f.A7D77B31E8FD2DE6ABF8E388F5FFE54F.d.5C1C6E58D66C69C031893508850FD013.e.23386/click - {}
RESULT: {}
COMMAND: POST /session/baa8cc8c703ae50a3cfee07d32ab3bfd/element - {"using":"xpath","value":"//bdi[contains(text(), \"Business Confirm\")]"}
COMMAND: GET /session/baa8cc8c703ae50a3cfee07d32ab3bfd/screenshot - {}
RESULT: {"using":"xpath","value":"//bdi[contains(text(), \"Business Confirm\")]"}
COMMAND: POST /session/baa8cc8c703ae50a3cfee07d32ab3bfd/elements - {"using":"xpath","value":"//bdi[contains(text(), \"Business Confirm\")]"}
RESULT: {}
RESULT: {"using":"xpath","value":"//bdi[contains(text(), \"Business Confirm\")]"}
COMMAND: POST /session/baa8cc8c703ae50a3cfee07d32ab3bfd/elements - {"using":"xpath","value":"//bdi[contains(text(), \"Business Confirm\")]"}
RESULT: {"using":"xpath","value":"//bdi[contains(text(), \"Business Confirm\")]"}
COMMAND: POST /session/baa8cc8c703ae50a3cfee07d32ab3bfd/element - {"using":"xpath","value":"//bdi[contains(text(), \"Business Confirm\")]"}
RESULT: {"using":"xpath","value":"//bdi[contains(text(), \"Business Confirm\")]"}
COMMAND: POST /session/baa8cc8c703ae50a3cfee07d32ab3bfd/element/f.A7D77B31E8FD2DE6ABF8E388F5FFE54F.d.5C1C6E58D66C69C031893508850FD013.e.23422/click - {}
RESULT: {}
COMMAND: POST /session/baa8cc8c703ae50a3cfee07d32ab3bfd/element - {"using":"css selector","value":"#shell-header-logo"}
COMMAND: GET /session/baa8cc8c703ae50a3cfee07d32ab3bfd/screenshot - {}
RESULT: {"using":"css selector","value":"#shell-header-logo"}
COMMAND: POST /session/baa8cc8c703ae50a3cfee07d32ab3bfd/element/f.A7D77B31E8FD2DE6ABF8E388F5FFE54F.d.5C1C6E58D66C69C031893508850FD013.e.23124/click - {}
RESULT: {}
RESULT: {}
COMMAND: GET /session/baa8cc8c703ae50a3cfee07d32ab3bfd/screenshot - {}
RESULT: {}
]]></system-out>
    </testcase>
    <testcase classname="chrome.135_0_7049_42.windows.Billing_Calculation_-_Time_based_(considering_transport_times)_US139738" name="Should transfer the billing all the way to completion" time="94.168">
      <system-out><![CDATA[
COMMAND: POST /session/baa8cc8c703ae50a3cfee07d32ab3bfd/execute/async - {"script":"<script> [1562 bytes]","args":[{"selector":{"controlType":"sap.m.GenericTile","properties":{"header":"Billing Transfer"}},"wdio_ui5_key":"sapm.GenericTile{\"header\":\"Billing Transfer\"}"}]}
RESULT: {"script":"<script> [1562 bytes]","args":[{"selector":{"controlType":"sap.m.GenericTile","properties":{"header":"Billing Transfer"}},"wdio_ui5_key":"sapm.GenericTile{\"header\":\"Billing Transfer\"}"}]}
RESULT: undefined
COMMAND: POST /session/baa8cc8c703ae50a3cfee07d32ab3bfd/element - {"using":"xpath","value":"//*[@id=\"__tile50\"]"}
RESULT: {"using":"xpath","value":"//*[@id=\"__tile50\"]"}
COMMAND: POST /session/baa8cc8c703ae50a3cfee07d32ab3bfd/element/f.A7D77B31E8FD2DE6ABF8E388F5FFE54F.d.5C1C6E58D66C69C031893508850FD013.e.19506/click - {}
RESULT: {}
COMMAND: POST /session/baa8cc8c703ae50a3cfee07d32ab3bfd/element - {"using":"xpath","value":"//input[contains(@id ,\"application-billingtransfer-display-component---billingWorkbench--smartFilterBar-btnBasicSearch\")]"}
COMMAND: GET /session/baa8cc8c703ae50a3cfee07d32ab3bfd/screenshot - {}
RESULT: {"using":"xpath","value":"//input[contains(@id ,\"application-billingtransfer-display-component---billingWorkbench--smartFilterBar-btnBasicSearch\")]"}
COMMAND: POST /session/baa8cc8c703ae50a3cfee07d32ab3bfd/elements - {"using":"xpath","value":"//input[contains(@id ,\"application-billingtransfer-display-component---billingWorkbench--smartFilterBar-btnBasicSearch\")]"}
RESULT: {}
RESULT: {"using":"xpath","value":"//input[contains(@id ,\"application-billingtransfer-display-component---billingWorkbench--smartFilterBar-btnBasicSearch\")]"}
COMMAND: POST /session/baa8cc8c703ae50a3cfee07d32ab3bfd/elements - {"using":"xpath","value":"//input[contains(@id ,\"application-billingtransfer-display-component---billingWorkbench--smartFilterBar-btnBasicSearch\")]"}
RESULT: {"using":"xpath","value":"//input[contains(@id ,\"application-billingtransfer-display-component---billingWorkbench--smartFilterBar-btnBasicSearch\")]"}
COMMAND: POST /session/baa8cc8c703ae50a3cfee07d32ab3bfd/elements - {"using":"xpath","value":"//input[contains(@id ,\"application-billingtransfer-display-component---billingWorkbench--smartFilterBar-btnBasicSearch\")]"}
RESULT: {"using":"xpath","value":"//input[contains(@id ,\"application-billingtransfer-display-component---billingWorkbench--smartFilterBar-btnBasicSearch\")]"}
COMMAND: POST /session/baa8cc8c703ae50a3cfee07d32ab3bfd/elements - {"using":"xpath","value":"//input[contains(@id ,\"application-billingtransfer-display-component---billingWorkbench--smartFilterBar-btnBasicSearch\")]"}
RESULT: {"using":"xpath","value":"//input[contains(@id ,\"application-billingtransfer-display-component---billingWorkbench--smartFilterBar-btnBasicSearch\")]"}
COMMAND: POST /session/baa8cc8c703ae50a3cfee07d32ab3bfd/elements - {"using":"xpath","value":"//input[contains(@id ,\"application-billingtransfer-display-component---billingWorkbench--smartFilterBar-btnBasicSearch\")]"}
RESULT: {"using":"xpath","value":"//input[contains(@id ,\"application-billingtransfer-display-component---billingWorkbench--smartFilterBar-btnBasicSearch\")]"}
COMMAND: POST /session/baa8cc8c703ae50a3cfee07d32ab3bfd/elements - {"using":"xpath","value":"//input[contains(@id ,\"application-billingtransfer-display-component---billingWorkbench--smartFilterBar-btnBasicSearch\")]"}
RESULT: {"using":"xpath","value":"//input[contains(@id ,\"application-billingtransfer-display-component---billingWorkbench--smartFilterBar-btnBasicSearch\")]"}
COMMAND: POST /session/baa8cc8c703ae50a3cfee07d32ab3bfd/element - {"using":"xpath","value":"//input[contains(@id ,\"application-billingtransfer-display-component---billingWorkbench--smartFilterBar-btnBasicSearch\")]"}
RESULT: {"using":"xpath","value":"//input[contains(@id ,\"application-billingtransfer-display-component---billingWorkbench--smartFilterBar-btnBasicSearch\")]"}
COMMAND: POST /session/baa8cc8c703ae50a3cfee07d32ab3bfd/execute/sync - {"script":"<script> [8489 bytes]","args":[{"element-6066-11e4-a52e-4f735466cecf":"f.A7D77B31E8FD2DE6ABF8E388F5FFE54F.d.5C1C6E58D66C69C031893508850FD013.e.23465","ELEMENT":"f.A7D77B31E8FD2DE6ABF8E388F5FFE54F.d.5C1C6E58D66C69C031893508850FD013.e.23465"}]}
RESULT: {"script":"<script> [8489 bytes]","args":[{"element-6066-11e4-a52e-4f735466cecf":"f.A7D77B31E8FD2DE6ABF8E388F5FFE54F.d.5C1C6E58D66C69C031893508850FD013.e.23465","ELEMENT":"f.A7D77B31E8FD2DE6ABF8E388F5FFE54F.d.5C1C6E58D66C69C031893508850FD013.e.23465"}]}
COMMAND: GET /session/baa8cc8c703ae50a3cfee07d32ab3bfd/element/f.A7D77B31E8FD2DE6ABF8E388F5FFE54F.d.5C1C6E58D66C69C031893508850FD013.e.23465/enabled - {}
COMMAND: GET /session/baa8cc8c703ae50a3cfee07d32ab3bfd/screenshot - {}
RESULT: {}
COMMAND: POST /session/baa8cc8c703ae50a3cfee07d32ab3bfd/element/f.A7D77B31E8FD2DE6ABF8E388F5FFE54F.d.5C1C6E58D66C69C031893508850FD013.e.23465/click - {}
COMMAND: GET /session/baa8cc8c703ae50a3cfee07d32ab3bfd/screenshot - {}
RESULT: {}
RESULT: {}
COMMAND: GET /session/baa8cc8c703ae50a3cfee07d32ab3bfd/screenshot - {}
RESULT: {}
RESULT: {}
COMMAND: POST /session/baa8cc8c703ae50a3cfee07d32ab3bfd/element/f.A7D77B31E8FD2DE6ABF8E388F5FFE54F.d.5C1C6E58D66C69C031893508850FD013.e.23465/clear - {}
RESULT: {}
COMMAND: POST /session/baa8cc8c703ae50a3cfee07d32ab3bfd/element/f.A7D77B31E8FD2DE6ABF8E388F5FFE54F.d.5C1C6E58D66C69C031893508850FD013.e.23465/value - {"text":"10594"}
COMMAND: GET /session/baa8cc8c703ae50a3cfee07d32ab3bfd/screenshot - {}
RESULT: {"text":"10594"}
COMMAND: POST /session/baa8cc8c703ae50a3cfee07d32ab3bfd/actions - {"actions":[{"id":"action77","type":"key","parameters":{},"actions":[{"type":"keyDown","value":""},{"type":"pause","duration":10},{"type":"keyUp","value":""}]}]}
COMMAND: GET /session/baa8cc8c703ae50a3cfee07d32ab3bfd/screenshot - {}
RESULT: {}
RESULT: {"actions":[{"id":"action77","type":"key","parameters":{},"actions":[{"type":"keyDown","value":""},{"type":"pause","duration":10},{"type":"keyUp","value":""}]}]}
COMMAND: GET /session/baa8cc8c703ae50a3cfee07d32ab3bfd/screenshot - {}
RESULT: {}
RESULT: {}
COMMAND: POST /session/baa8cc8c703ae50a3cfee07d32ab3bfd/element - {"using":"xpath","value":"//span[contains(@id ,\"application-billingtransfer-display-component---billingWorkbench--smartTableBillingRuns-header-inner\")]"}
RESULT: {"using":"xpath","value":"//span[contains(@id ,\"application-billingtransfer-display-component---billingWorkbench--smartTableBillingRuns-header-inner\")]"}
COMMAND: POST /session/baa8cc8c703ae50a3cfee07d32ab3bfd/elements - {"using":"xpath","value":"//span[contains(@id ,\"application-billingtransfer-display-component---billingWorkbench--smartTableBillingRuns-header-inner\")]"}
RESULT: {"using":"xpath","value":"//span[contains(@id ,\"application-billingtransfer-display-component---billingWorkbench--smartTableBillingRuns-header-inner\")]"}
COMMAND: POST /session/baa8cc8c703ae50a3cfee07d32ab3bfd/execute/sync - {"script":"<script> [56 bytes]","args":[{"element-6066-11e4-a52e-4f735466cecf":"f.A7D77B31E8FD2DE6ABF8E388F5FFE54F.d.5C1C6E58D66C69C031893508850FD013.e.23612","ELEMENT":"f.A7D77B31E8FD2DE6ABF8E388F5FFE54F.d.5C1C6E58D66C69C031893508850FD013.e.23612"}]}
RESULT: {"script":"<script> [56 bytes]","args":[{"element-6066-11e4-a52e-4f735466cecf":"f.A7D77B31E8FD2DE6ABF8E388F5FFE54F.d.5C1C6E58D66C69C031893508850FD013.e.23612","ELEMENT":"f.A7D77B31E8FD2DE6ABF8E388F5FFE54F.d.5C1C6E58D66C69C031893508850FD013.e.23612"}]}
COMMAND: POST /session/baa8cc8c703ae50a3cfee07d32ab3bfd/element - {"using":"xpath","value":"//td[@aria-colindex=\"1\"]/div/div[contains(@class, \"sapMCbBg\")]"}
COMMAND: GET /session/baa8cc8c703ae50a3cfee07d32ab3bfd/screenshot - {}
RESULT: {"using":"xpath","value":"//td[@aria-colindex=\"1\"]/div/div[contains(@class, \"sapMCbBg\")]"}
COMMAND: POST /session/baa8cc8c703ae50a3cfee07d32ab3bfd/element/f.A7D77B31E8FD2DE6ABF8E388F5FFE54F.d.5C1C6E58D66C69C031893508850FD013.e.23605/click - {}
RESULT: {}
RESULT: {}
COMMAND: GET /session/baa8cc8c703ae50a3cfee07d32ab3bfd/screenshot - {}
RESULT: {}
COMMAND: POST /session/baa8cc8c703ae50a3cfee07d32ab3bfd/element - {"using":"xpath","value":"//bdi[contains(text(), \"Check\")]"}
RESULT: {"using":"xpath","value":"//bdi[contains(text(), \"Check\")]"}
COMMAND: POST /session/baa8cc8c703ae50a3cfee07d32ab3bfd/element/f.A7D77B31E8FD2DE6ABF8E388F5FFE54F.d.5C1C6E58D66C69C031893508850FD013.e.23613/click - {}
RESULT: {}
COMMAND: GET /session/baa8cc8c703ae50a3cfee07d32ab3bfd/screenshot - {}
RESULT: {}
COMMAND: POST /session/baa8cc8c703ae50a3cfee07d32ab3bfd/element - {"using":"xpath","value":"//bdi[contains(text(), \"OK\")]"}
RESULT: {"using":"xpath","value":"//bdi[contains(text(), \"OK\")]"}
COMMAND: POST /session/baa8cc8c703ae50a3cfee07d32ab3bfd/element/f.A7D77B31E8FD2DE6ABF8E388F5FFE54F.d.5C1C6E58D66C69C031893508850FD013.e.23616/click - {}
RESULT: {}
COMMAND: GET /session/baa8cc8c703ae50a3cfee07d32ab3bfd/screenshot - {}
RESULT: {}
COMMAND: POST /session/baa8cc8c703ae50a3cfee07d32ab3bfd/element - {"using":"xpath","value":"(//span[contains(text(), \"CO/SD checked\")]/parent::div/preceding-sibling::div/span)[1]"}
RESULT: {"using":"xpath","value":"(//span[contains(text(), \"CO/SD checked\")]/parent::div/preceding-sibling::div/span)[1]"}
COMMAND: POST /session/baa8cc8c703ae50a3cfee07d32ab3bfd/element/f.A7D77B31E8FD2DE6ABF8E388F5FFE54F.d.5C1C6E58D66C69C031893508850FD013.e.23625/click - {}
RESULT: {}
COMMAND: GET /session/baa8cc8c703ae50a3cfee07d32ab3bfd/screenshot - {}
RESULT: {}
COMMAND: POST /session/baa8cc8c703ae50a3cfee07d32ab3bfd/element - {"using":"xpath","value":"//input[contains(@id ,\"application-billingtransfer-display-component---billingWorkbench--smartFilterBar-btnBasicSearch\")]"}
RESULT: {"using":"xpath","value":"//input[contains(@id ,\"application-billingtransfer-display-component---billingWorkbench--smartFilterBar-btnBasicSearch\")]"}
COMMAND: POST /session/baa8cc8c703ae50a3cfee07d32ab3bfd/elements - {"using":"xpath","value":"//input[contains(@id ,\"application-billingtransfer-display-component---billingWorkbench--smartFilterBar-btnBasicSearch\")]"}
RESULT: {"using":"xpath","value":"//input[contains(@id ,\"application-billingtransfer-display-component---billingWorkbench--smartFilterBar-btnBasicSearch\")]"}
COMMAND: POST /session/baa8cc8c703ae50a3cfee07d32ab3bfd/execute/sync - {"script":"<script> [8489 bytes]","args":[{"element-6066-11e4-a52e-4f735466cecf":"f.A7D77B31E8FD2DE6ABF8E388F5FFE54F.d.5C1C6E58D66C69C031893508850FD013.e.23465","ELEMENT":"f.A7D77B31E8FD2DE6ABF8E388F5FFE54F.d.5C1C6E58D66C69C031893508850FD013.e.23465"}]}
RESULT: {"script":"<script> [8489 bytes]","args":[{"element-6066-11e4-a52e-4f735466cecf":"f.A7D77B31E8FD2DE6ABF8E388F5FFE54F.d.5C1C6E58D66C69C031893508850FD013.e.23465","ELEMENT":"f.A7D77B31E8FD2DE6ABF8E388F5FFE54F.d.5C1C6E58D66C69C031893508850FD013.e.23465"}]}
COMMAND: GET /session/baa8cc8c703ae50a3cfee07d32ab3bfd/element/f.A7D77B31E8FD2DE6ABF8E388F5FFE54F.d.5C1C6E58D66C69C031893508850FD013.e.23465/enabled - {}
COMMAND: GET /session/baa8cc8c703ae50a3cfee07d32ab3bfd/screenshot - {}
RESULT: {}
COMMAND: POST /session/baa8cc8c703ae50a3cfee07d32ab3bfd/element/f.A7D77B31E8FD2DE6ABF8E388F5FFE54F.d.5C1C6E58D66C69C031893508850FD013.e.23465/click - {}
COMMAND: GET /session/baa8cc8c703ae50a3cfee07d32ab3bfd/screenshot - {}
RESULT: {}
RESULT: {}
COMMAND: GET /session/baa8cc8c703ae50a3cfee07d32ab3bfd/screenshot - {}
RESULT: {}
RESULT: {}
COMMAND: POST /session/baa8cc8c703ae50a3cfee07d32ab3bfd/element/f.A7D77B31E8FD2DE6ABF8E388F5FFE54F.d.5C1C6E58D66C69C031893508850FD013.e.23465/clear - {}
RESULT: {}
COMMAND: POST /session/baa8cc8c703ae50a3cfee07d32ab3bfd/element/f.A7D77B31E8FD2DE6ABF8E388F5FFE54F.d.5C1C6E58D66C69C031893508850FD013.e.23465/value - {"text":"10594"}
COMMAND: GET /session/baa8cc8c703ae50a3cfee07d32ab3bfd/screenshot - {}
RESULT: {"text":"10594"}
COMMAND: POST /session/baa8cc8c703ae50a3cfee07d32ab3bfd/actions - {"actions":[{"id":"action78","type":"key","parameters":{},"actions":[{"type":"keyDown","value":""},{"type":"pause","duration":10},{"type":"keyUp","value":""}]}]}
COMMAND: GET /session/baa8cc8c703ae50a3cfee07d32ab3bfd/screenshot - {}
RESULT: {}
RESULT: {"actions":[{"id":"action78","type":"key","parameters":{},"actions":[{"type":"keyDown","value":""},{"type":"pause","duration":10},{"type":"keyUp","value":""}]}]}
COMMAND: GET /session/baa8cc8c703ae50a3cfee07d32ab3bfd/screenshot - {}
RESULT: {}
RESULT: {}
COMMAND: POST /session/baa8cc8c703ae50a3cfee07d32ab3bfd/element - {"using":"xpath","value":"//span[contains(@id ,\"application-billingtransfer-display-component---billingWorkbench--smartTableBillingRuns-header-inner\")]"}
RESULT: {"using":"xpath","value":"//span[contains(@id ,\"application-billingtransfer-display-component---billingWorkbench--smartTableBillingRuns-header-inner\")]"}
COMMAND: POST /session/baa8cc8c703ae50a3cfee07d32ab3bfd/elements - {"using":"xpath","value":"//span[contains(@id ,\"application-billingtransfer-display-component---billingWorkbench--smartTableBillingRuns-header-inner\")]"}
RESULT: {"using":"xpath","value":"//span[contains(@id ,\"application-billingtransfer-display-component---billingWorkbench--smartTableBillingRuns-header-inner\")]"}
COMMAND: POST /session/baa8cc8c703ae50a3cfee07d32ab3bfd/execute/sync - {"script":"<script> [56 bytes]","args":[{"element-6066-11e4-a52e-4f735466cecf":"f.A7D77B31E8FD2DE6ABF8E388F5FFE54F.d.5C1C6E58D66C69C031893508850FD013.e.23612","ELEMENT":"f.A7D77B31E8FD2DE6ABF8E388F5FFE54F.d.5C1C6E58D66C69C031893508850FD013.e.23612"}]}
RESULT: {"script":"<script> [56 bytes]","args":[{"element-6066-11e4-a52e-4f735466cecf":"f.A7D77B31E8FD2DE6ABF8E388F5FFE54F.d.5C1C6E58D66C69C031893508850FD013.e.23612","ELEMENT":"f.A7D77B31E8FD2DE6ABF8E388F5FFE54F.d.5C1C6E58D66C69C031893508850FD013.e.23612"}]}
COMMAND: GET /session/baa8cc8c703ae50a3cfee07d32ab3bfd/screenshot - {}
RESULT: {}
COMMAND: POST /session/baa8cc8c703ae50a3cfee07d32ab3bfd/execute/sync - {"script":"<script> [56 bytes]","args":[{"element-6066-11e4-a52e-4f735466cecf":"f.A7D77B31E8FD2DE6ABF8E388F5FFE54F.d.5C1C6E58D66C69C031893508850FD013.e.23612","ELEMENT":"f.A7D77B31E8FD2DE6ABF8E388F5FFE54F.d.5C1C6E58D66C69C031893508850FD013.e.23612"}]}
RESULT: {"script":"<script> [56 bytes]","args":[{"element-6066-11e4-a52e-4f735466cecf":"f.A7D77B31E8FD2DE6ABF8E388F5FFE54F.d.5C1C6E58D66C69C031893508850FD013.e.23612","ELEMENT":"f.A7D77B31E8FD2DE6ABF8E388F5FFE54F.d.5C1C6E58D66C69C031893508850FD013.e.23612"}]}
COMMAND: GET /session/baa8cc8c703ae50a3cfee07d32ab3bfd/screenshot - {}
RESULT: {}
COMMAND: POST /session/baa8cc8c703ae50a3cfee07d32ab3bfd/execute/sync - {"script":"<script> [56 bytes]","args":[{"element-6066-11e4-a52e-4f735466cecf":"f.A7D77B31E8FD2DE6ABF8E388F5FFE54F.d.5C1C6E58D66C69C031893508850FD013.e.23612","ELEMENT":"f.A7D77B31E8FD2DE6ABF8E388F5FFE54F.d.5C1C6E58D66C69C031893508850FD013.e.23612"}]}
RESULT: {"script":"<script> [56 bytes]","args":[{"element-6066-11e4-a52e-4f735466cecf":"f.A7D77B31E8FD2DE6ABF8E388F5FFE54F.d.5C1C6E58D66C69C031893508850FD013.e.23612","ELEMENT":"f.A7D77B31E8FD2DE6ABF8E388F5FFE54F.d.5C1C6E58D66C69C031893508850FD013.e.23612"}]}
COMMAND: GET /session/baa8cc8c703ae50a3cfee07d32ab3bfd/screenshot - {}
RESULT: {}
COMMAND: POST /session/baa8cc8c703ae50a3cfee07d32ab3bfd/execute/sync - {"script":"<script> [56 bytes]","args":[{"element-6066-11e4-a52e-4f735466cecf":"f.A7D77B31E8FD2DE6ABF8E388F5FFE54F.d.5C1C6E58D66C69C031893508850FD013.e.23612","ELEMENT":"f.A7D77B31E8FD2DE6ABF8E388F5FFE54F.d.5C1C6E58D66C69C031893508850FD013.e.23612"}]}
RESULT: {"script":"<script> [56 bytes]","args":[{"element-6066-11e4-a52e-4f735466cecf":"f.A7D77B31E8FD2DE6ABF8E388F5FFE54F.d.5C1C6E58D66C69C031893508850FD013.e.23612","ELEMENT":"f.A7D77B31E8FD2DE6ABF8E388F5FFE54F.d.5C1C6E58D66C69C031893508850FD013.e.23612"}]}
COMMAND: GET /session/baa8cc8c703ae50a3cfee07d32ab3bfd/screenshot - {}
RESULT: {}
COMMAND: POST /session/baa8cc8c703ae50a3cfee07d32ab3bfd/execute/sync - {"script":"<script> [56 bytes]","args":[{"element-6066-11e4-a52e-4f735466cecf":"f.A7D77B31E8FD2DE6ABF8E388F5FFE54F.d.5C1C6E58D66C69C031893508850FD013.e.23612","ELEMENT":"f.A7D77B31E8FD2DE6ABF8E388F5FFE54F.d.5C1C6E58D66C69C031893508850FD013.e.23612"}]}
RESULT: {"script":"<script> [56 bytes]","args":[{"element-6066-11e4-a52e-4f735466cecf":"f.A7D77B31E8FD2DE6ABF8E388F5FFE54F.d.5C1C6E58D66C69C031893508850FD013.e.23612","ELEMENT":"f.A7D77B31E8FD2DE6ABF8E388F5FFE54F.d.5C1C6E58D66C69C031893508850FD013.e.23612"}]}
COMMAND: GET /session/baa8cc8c703ae50a3cfee07d32ab3bfd/screenshot - {}
RESULT: {}
COMMAND: POST /session/baa8cc8c703ae50a3cfee07d32ab3bfd/execute/sync - {"script":"<script> [56 bytes]","args":[{"element-6066-11e4-a52e-4f735466cecf":"f.A7D77B31E8FD2DE6ABF8E388F5FFE54F.d.5C1C6E58D66C69C031893508850FD013.e.23612","ELEMENT":"f.A7D77B31E8FD2DE6ABF8E388F5FFE54F.d.5C1C6E58D66C69C031893508850FD013.e.23612"}]}
RESULT: {"script":"<script> [56 bytes]","args":[{"element-6066-11e4-a52e-4f735466cecf":"f.A7D77B31E8FD2DE6ABF8E388F5FFE54F.d.5C1C6E58D66C69C031893508850FD013.e.23612","ELEMENT":"f.A7D77B31E8FD2DE6ABF8E388F5FFE54F.d.5C1C6E58D66C69C031893508850FD013.e.23612"}]}
COMMAND: GET /session/baa8cc8c703ae50a3cfee07d32ab3bfd/screenshot - {}
RESULT: {}
COMMAND: POST /session/baa8cc8c703ae50a3cfee07d32ab3bfd/execute/sync - {"script":"<script> [56 bytes]","args":[{"element-6066-11e4-a52e-4f735466cecf":"f.A7D77B31E8FD2DE6ABF8E388F5FFE54F.d.5C1C6E58D66C69C031893508850FD013.e.23612","ELEMENT":"f.A7D77B31E8FD2DE6ABF8E388F5FFE54F.d.5C1C6E58D66C69C031893508850FD013.e.23612"}]}
RESULT: {"script":"<script> [56 bytes]","args":[{"element-6066-11e4-a52e-4f735466cecf":"f.A7D77B31E8FD2DE6ABF8E388F5FFE54F.d.5C1C6E58D66C69C031893508850FD013.e.23612","ELEMENT":"f.A7D77B31E8FD2DE6ABF8E388F5FFE54F.d.5C1C6E58D66C69C031893508850FD013.e.23612"}]}
COMMAND: GET /session/baa8cc8c703ae50a3cfee07d32ab3bfd/screenshot - {}
RESULT: {}
COMMAND: POST /session/baa8cc8c703ae50a3cfee07d32ab3bfd/execute/sync - {"script":"<script> [56 bytes]","args":[{"element-6066-11e4-a52e-4f735466cecf":"f.A7D77B31E8FD2DE6ABF8E388F5FFE54F.d.5C1C6E58D66C69C031893508850FD013.e.23612","ELEMENT":"f.A7D77B31E8FD2DE6ABF8E388F5FFE54F.d.5C1C6E58D66C69C031893508850FD013.e.23612"}]}
RESULT: {"script":"<script> [56 bytes]","args":[{"element-6066-11e4-a52e-4f735466cecf":"f.A7D77B31E8FD2DE6ABF8E388F5FFE54F.d.5C1C6E58D66C69C031893508850FD013.e.23612","ELEMENT":"f.A7D77B31E8FD2DE6ABF8E388F5FFE54F.d.5C1C6E58D66C69C031893508850FD013.e.23612"}]}
COMMAND: GET /session/baa8cc8c703ae50a3cfee07d32ab3bfd/screenshot - {}
RESULT: {}
COMMAND: POST /session/baa8cc8c703ae50a3cfee07d32ab3bfd/execute/sync - {"script":"<script> [56 bytes]","args":[{"element-6066-11e4-a52e-4f735466cecf":"f.A7D77B31E8FD2DE6ABF8E388F5FFE54F.d.5C1C6E58D66C69C031893508850FD013.e.23612","ELEMENT":"f.A7D77B31E8FD2DE6ABF8E388F5FFE54F.d.5C1C6E58D66C69C031893508850FD013.e.23612"}]}
RESULT: {"script":"<script> [56 bytes]","args":[{"element-6066-11e4-a52e-4f735466cecf":"f.A7D77B31E8FD2DE6ABF8E388F5FFE54F.d.5C1C6E58D66C69C031893508850FD013.e.23612","ELEMENT":"f.A7D77B31E8FD2DE6ABF8E388F5FFE54F.d.5C1C6E58D66C69C031893508850FD013.e.23612"}]}
COMMAND: GET /session/baa8cc8c703ae50a3cfee07d32ab3bfd/screenshot - {}
RESULT: {}
COMMAND: POST /session/baa8cc8c703ae50a3cfee07d32ab3bfd/execute/sync - {"script":"<script> [56 bytes]","args":[{"element-6066-11e4-a52e-4f735466cecf":"f.A7D77B31E8FD2DE6ABF8E388F5FFE54F.d.5C1C6E58D66C69C031893508850FD013.e.23612","ELEMENT":"f.A7D77B31E8FD2DE6ABF8E388F5FFE54F.d.5C1C6E58D66C69C031893508850FD013.e.23612"}]}
RESULT: {"script":"<script> [56 bytes]","args":[{"element-6066-11e4-a52e-4f735466cecf":"f.A7D77B31E8FD2DE6ABF8E388F5FFE54F.d.5C1C6E58D66C69C031893508850FD013.e.23612","ELEMENT":"f.A7D77B31E8FD2DE6ABF8E388F5FFE54F.d.5C1C6E58D66C69C031893508850FD013.e.23612"}]}
COMMAND: GET /session/baa8cc8c703ae50a3cfee07d32ab3bfd/screenshot - {}
RESULT: {}
COMMAND: POST /session/baa8cc8c703ae50a3cfee07d32ab3bfd/execute/sync - {"script":"<script> [56 bytes]","args":[{"element-6066-11e4-a52e-4f735466cecf":"f.A7D77B31E8FD2DE6ABF8E388F5FFE54F.d.5C1C6E58D66C69C031893508850FD013.e.23612","ELEMENT":"f.A7D77B31E8FD2DE6ABF8E388F5FFE54F.d.5C1C6E58D66C69C031893508850FD013.e.23612"}]}
RESULT: {"script":"<script> [56 bytes]","args":[{"element-6066-11e4-a52e-4f735466cecf":"f.A7D77B31E8FD2DE6ABF8E388F5FFE54F.d.5C1C6E58D66C69C031893508850FD013.e.23612","ELEMENT":"f.A7D77B31E8FD2DE6ABF8E388F5FFE54F.d.5C1C6E58D66C69C031893508850FD013.e.23612"}]}
COMMAND: GET /session/baa8cc8c703ae50a3cfee07d32ab3bfd/screenshot - {}
RESULT: {}
COMMAND: POST /session/baa8cc8c703ae50a3cfee07d32ab3bfd/execute/sync - {"script":"<script> [56 bytes]","args":[{"element-6066-11e4-a52e-4f735466cecf":"f.A7D77B31E8FD2DE6ABF8E388F5FFE54F.d.5C1C6E58D66C69C031893508850FD013.e.23612","ELEMENT":"f.A7D77B31E8FD2DE6ABF8E388F5FFE54F.d.5C1C6E58D66C69C031893508850FD013.e.23612"}]}
RESULT: {"script":"<script> [56 bytes]","args":[{"element-6066-11e4-a52e-4f735466cecf":"f.A7D77B31E8FD2DE6ABF8E388F5FFE54F.d.5C1C6E58D66C69C031893508850FD013.e.23612","ELEMENT":"f.A7D77B31E8FD2DE6ABF8E388F5FFE54F.d.5C1C6E58D66C69C031893508850FD013.e.23612"}]}
COMMAND: GET /session/baa8cc8c703ae50a3cfee07d32ab3bfd/screenshot - {}
RESULT: {}
COMMAND: POST /session/baa8cc8c703ae50a3cfee07d32ab3bfd/execute/sync - {"script":"<script> [56 bytes]","args":[{"element-6066-11e4-a52e-4f735466cecf":"f.A7D77B31E8FD2DE6ABF8E388F5FFE54F.d.5C1C6E58D66C69C031893508850FD013.e.23612","ELEMENT":"f.A7D77B31E8FD2DE6ABF8E388F5FFE54F.d.5C1C6E58D66C69C031893508850FD013.e.23612"}]}
RESULT: {"script":"<script> [56 bytes]","args":[{"element-6066-11e4-a52e-4f735466cecf":"f.A7D77B31E8FD2DE6ABF8E388F5FFE54F.d.5C1C6E58D66C69C031893508850FD013.e.23612","ELEMENT":"f.A7D77B31E8FD2DE6ABF8E388F5FFE54F.d.5C1C6E58D66C69C031893508850FD013.e.23612"}]}
COMMAND: GET /session/baa8cc8c703ae50a3cfee07d32ab3bfd/screenshot - {}
RESULT: {}
COMMAND: POST /session/baa8cc8c703ae50a3cfee07d32ab3bfd/execute/sync - {"script":"<script> [56 bytes]","args":[{"element-6066-11e4-a52e-4f735466cecf":"f.A7D77B31E8FD2DE6ABF8E388F5FFE54F.d.5C1C6E58D66C69C031893508850FD013.e.23612","ELEMENT":"f.A7D77B31E8FD2DE6ABF8E388F5FFE54F.d.5C1C6E58D66C69C031893508850FD013.e.23612"}]}
RESULT: {"script":"<script> [56 bytes]","args":[{"element-6066-11e4-a52e-4f735466cecf":"f.A7D77B31E8FD2DE6ABF8E388F5FFE54F.d.5C1C6E58D66C69C031893508850FD013.e.23612","ELEMENT":"f.A7D77B31E8FD2DE6ABF8E388F5FFE54F.d.5C1C6E58D66C69C031893508850FD013.e.23612"}]}
COMMAND: GET /session/baa8cc8c703ae50a3cfee07d32ab3bfd/screenshot - {}
COMMAND: POST /session/baa8cc8c703ae50a3cfee07d32ab3bfd/execute/sync - {"script":"<script> [56 bytes]","args":[{"element-6066-11e4-a52e-4f735466cecf":"f.A7D77B31E8FD2DE6ABF8E388F5FFE54F.d.5C1C6E58D66C69C031893508850FD013.e.23612","ELEMENT":"f.A7D77B31E8FD2DE6ABF8E388F5FFE54F.d.5C1C6E58D66C69C031893508850FD013.e.23612"}]}
RESULT: {}
RESULT: {"script":"<script> [56 bytes]","args":[{"element-6066-11e4-a52e-4f735466cecf":"f.A7D77B31E8FD2DE6ABF8E388F5FFE54F.d.5C1C6E58D66C69C031893508850FD013.e.23612","ELEMENT":"f.A7D77B31E8FD2DE6ABF8E388F5FFE54F.d.5C1C6E58D66C69C031893508850FD013.e.23612"}]}
COMMAND: GET /session/baa8cc8c703ae50a3cfee07d32ab3bfd/screenshot - {}
COMMAND: POST /session/baa8cc8c703ae50a3cfee07d32ab3bfd/execute/sync - {"script":"<script> [56 bytes]","args":[{"element-6066-11e4-a52e-4f735466cecf":"f.A7D77B31E8FD2DE6ABF8E388F5FFE54F.d.5C1C6E58D66C69C031893508850FD013.e.23612","ELEMENT":"f.A7D77B31E8FD2DE6ABF8E388F5FFE54F.d.5C1C6E58D66C69C031893508850FD013.e.23612"}]}
RESULT: {}
RESULT: {"script":"<script> [56 bytes]","args":[{"element-6066-11e4-a52e-4f735466cecf":"f.A7D77B31E8FD2DE6ABF8E388F5FFE54F.d.5C1C6E58D66C69C031893508850FD013.e.23612","ELEMENT":"f.A7D77B31E8FD2DE6ABF8E388F5FFE54F.d.5C1C6E58D66C69C031893508850FD013.e.23612"}]}
COMMAND: GET /session/baa8cc8c703ae50a3cfee07d32ab3bfd/screenshot - {}
RESULT: {}
COMMAND: POST /session/baa8cc8c703ae50a3cfee07d32ab3bfd/execute/sync - {"script":"<script> [56 bytes]","args":[{"element-6066-11e4-a52e-4f735466cecf":"f.A7D77B31E8FD2DE6ABF8E388F5FFE54F.d.5C1C6E58D66C69C031893508850FD013.e.23612","ELEMENT":"f.A7D77B31E8FD2DE6ABF8E388F5FFE54F.d.5C1C6E58D66C69C031893508850FD013.e.23612"}]}
RESULT: {"script":"<script> [56 bytes]","args":[{"element-6066-11e4-a52e-4f735466cecf":"f.A7D77B31E8FD2DE6ABF8E388F5FFE54F.d.5C1C6E58D66C69C031893508850FD013.e.23612","ELEMENT":"f.A7D77B31E8FD2DE6ABF8E388F5FFE54F.d.5C1C6E58D66C69C031893508850FD013.e.23612"}]}
COMMAND: GET /session/baa8cc8c703ae50a3cfee07d32ab3bfd/screenshot - {}
RESULT: {}
COMMAND: POST /session/baa8cc8c703ae50a3cfee07d32ab3bfd/execute/sync - {"script":"<script> [56 bytes]","args":[{"element-6066-11e4-a52e-4f735466cecf":"f.A7D77B31E8FD2DE6ABF8E388F5FFE54F.d.5C1C6E58D66C69C031893508850FD013.e.23612","ELEMENT":"f.A7D77B31E8FD2DE6ABF8E388F5FFE54F.d.5C1C6E58D66C69C031893508850FD013.e.23612"}]}
RESULT: {"script":"<script> [56 bytes]","args":[{"element-6066-11e4-a52e-4f735466cecf":"f.A7D77B31E8FD2DE6ABF8E388F5FFE54F.d.5C1C6E58D66C69C031893508850FD013.e.23612","ELEMENT":"f.A7D77B31E8FD2DE6ABF8E388F5FFE54F.d.5C1C6E58D66C69C031893508850FD013.e.23612"}]}
COMMAND: GET /session/baa8cc8c703ae50a3cfee07d32ab3bfd/screenshot - {}
RESULT: {}
COMMAND: POST /session/baa8cc8c703ae50a3cfee07d32ab3bfd/execute/sync - {"script":"<script> [56 bytes]","args":[{"element-6066-11e4-a52e-4f735466cecf":"f.A7D77B31E8FD2DE6ABF8E388F5FFE54F.d.5C1C6E58D66C69C031893508850FD013.e.23612","ELEMENT":"f.A7D77B31E8FD2DE6ABF8E388F5FFE54F.d.5C1C6E58D66C69C031893508850FD013.e.23612"}]}
RESULT: {"script":"<script> [56 bytes]","args":[{"element-6066-11e4-a52e-4f735466cecf":"f.A7D77B31E8FD2DE6ABF8E388F5FFE54F.d.5C1C6E58D66C69C031893508850FD013.e.23612","ELEMENT":"f.A7D77B31E8FD2DE6ABF8E388F5FFE54F.d.5C1C6E58D66C69C031893508850FD013.e.23612"}]}
COMMAND: GET /session/baa8cc8c703ae50a3cfee07d32ab3bfd/screenshot - {}
RESULT: {}
COMMAND: POST /session/baa8cc8c703ae50a3cfee07d32ab3bfd/execute/sync - {"script":"<script> [56 bytes]","args":[{"element-6066-11e4-a52e-4f735466cecf":"f.A7D77B31E8FD2DE6ABF8E388F5FFE54F.d.5C1C6E58D66C69C031893508850FD013.e.23612","ELEMENT":"f.A7D77B31E8FD2DE6ABF8E388F5FFE54F.d.5C1C6E58D66C69C031893508850FD013.e.23612"}]}
RESULT: {"script":"<script> [56 bytes]","args":[{"element-6066-11e4-a52e-4f735466cecf":"f.A7D77B31E8FD2DE6ABF8E388F5FFE54F.d.5C1C6E58D66C69C031893508850FD013.e.23612","ELEMENT":"f.A7D77B31E8FD2DE6ABF8E388F5FFE54F.d.5C1C6E58D66C69C031893508850FD013.e.23612"}]}
COMMAND: GET /session/baa8cc8c703ae50a3cfee07d32ab3bfd/screenshot - {}
RESULT: {}
COMMAND: POST /session/baa8cc8c703ae50a3cfee07d32ab3bfd/execute/sync - {"script":"<script> [56 bytes]","args":[{"element-6066-11e4-a52e-4f735466cecf":"f.A7D77B31E8FD2DE6ABF8E388F5FFE54F.d.5C1C6E58D66C69C031893508850FD013.e.23612","ELEMENT":"f.A7D77B31E8FD2DE6ABF8E388F5FFE54F.d.5C1C6E58D66C69C031893508850FD013.e.23612"}]}
RESULT: {"script":"<script> [56 bytes]","args":[{"element-6066-11e4-a52e-4f735466cecf":"f.A7D77B31E8FD2DE6ABF8E388F5FFE54F.d.5C1C6E58D66C69C031893508850FD013.e.23612","ELEMENT":"f.A7D77B31E8FD2DE6ABF8E388F5FFE54F.d.5C1C6E58D66C69C031893508850FD013.e.23612"}]}
COMMAND: GET /session/baa8cc8c703ae50a3cfee07d32ab3bfd/screenshot - {}
RESULT: {}
COMMAND: POST /session/baa8cc8c703ae50a3cfee07d32ab3bfd/execute/sync - {"script":"<script> [56 bytes]","args":[{"element-6066-11e4-a52e-4f735466cecf":"f.A7D77B31E8FD2DE6ABF8E388F5FFE54F.d.5C1C6E58D66C69C031893508850FD013.e.23612","ELEMENT":"f.A7D77B31E8FD2DE6ABF8E388F5FFE54F.d.5C1C6E58D66C69C031893508850FD013.e.23612"}]}
RESULT: {"script":"<script> [56 bytes]","args":[{"element-6066-11e4-a52e-4f735466cecf":"f.A7D77B31E8FD2DE6ABF8E388F5FFE54F.d.5C1C6E58D66C69C031893508850FD013.e.23612","ELEMENT":"f.A7D77B31E8FD2DE6ABF8E388F5FFE54F.d.5C1C6E58D66C69C031893508850FD013.e.23612"}]}
COMMAND: GET /session/baa8cc8c703ae50a3cfee07d32ab3bfd/screenshot - {}
RESULT: {}
COMMAND: POST /session/baa8cc8c703ae50a3cfee07d32ab3bfd/execute/sync - {"script":"<script> [56 bytes]","args":[{"element-6066-11e4-a52e-4f735466cecf":"f.A7D77B31E8FD2DE6ABF8E388F5FFE54F.d.5C1C6E58D66C69C031893508850FD013.e.23612","ELEMENT":"f.A7D77B31E8FD2DE6ABF8E388F5FFE54F.d.5C1C6E58D66C69C031893508850FD013.e.23612"}]}
RESULT: {"script":"<script> [56 bytes]","args":[{"element-6066-11e4-a52e-4f735466cecf":"f.A7D77B31E8FD2DE6ABF8E388F5FFE54F.d.5C1C6E58D66C69C031893508850FD013.e.23612","ELEMENT":"f.A7D77B31E8FD2DE6ABF8E388F5FFE54F.d.5C1C6E58D66C69C031893508850FD013.e.23612"}]}
COMMAND: GET /session/baa8cc8c703ae50a3cfee07d32ab3bfd/screenshot - {}
RESULT: {}
COMMAND: POST /session/baa8cc8c703ae50a3cfee07d32ab3bfd/execute/sync - {"script":"<script> [56 bytes]","args":[{"element-6066-11e4-a52e-4f735466cecf":"f.A7D77B31E8FD2DE6ABF8E388F5FFE54F.d.5C1C6E58D66C69C031893508850FD013.e.23612","ELEMENT":"f.A7D77B31E8FD2DE6ABF8E388F5FFE54F.d.5C1C6E58D66C69C031893508850FD013.e.23612"}]}
RESULT: {"script":"<script> [56 bytes]","args":[{"element-6066-11e4-a52e-4f735466cecf":"f.A7D77B31E8FD2DE6ABF8E388F5FFE54F.d.5C1C6E58D66C69C031893508850FD013.e.23612","ELEMENT":"f.A7D77B31E8FD2DE6ABF8E388F5FFE54F.d.5C1C6E58D66C69C031893508850FD013.e.23612"}]}
COMMAND: GET /session/baa8cc8c703ae50a3cfee07d32ab3bfd/screenshot - {}
RESULT: {}
COMMAND: POST /session/baa8cc8c703ae50a3cfee07d32ab3bfd/execute/sync - {"script":"<script> [56 bytes]","args":[{"element-6066-11e4-a52e-4f735466cecf":"f.A7D77B31E8FD2DE6ABF8E388F5FFE54F.d.5C1C6E58D66C69C031893508850FD013.e.23612","ELEMENT":"f.A7D77B31E8FD2DE6ABF8E388F5FFE54F.d.5C1C6E58D66C69C031893508850FD013.e.23612"}]}
RESULT: {"script":"<script> [56 bytes]","args":[{"element-6066-11e4-a52e-4f735466cecf":"f.A7D77B31E8FD2DE6ABF8E388F5FFE54F.d.5C1C6E58D66C69C031893508850FD013.e.23612","ELEMENT":"f.A7D77B31E8FD2DE6ABF8E388F5FFE54F.d.5C1C6E58D66C69C031893508850FD013.e.23612"}]}
COMMAND: GET /session/baa8cc8c703ae50a3cfee07d32ab3bfd/screenshot - {}
RESULT: {}
COMMAND: POST /session/baa8cc8c703ae50a3cfee07d32ab3bfd/execute/sync - {"script":"<script> [56 bytes]","args":[{"element-6066-11e4-a52e-4f735466cecf":"f.A7D77B31E8FD2DE6ABF8E388F5FFE54F.d.5C1C6E58D66C69C031893508850FD013.e.23612","ELEMENT":"f.A7D77B31E8FD2DE6ABF8E388F5FFE54F.d.5C1C6E58D66C69C031893508850FD013.e.23612"}]}
RESULT: {"script":"<script> [56 bytes]","args":[{"element-6066-11e4-a52e-4f735466cecf":"f.A7D77B31E8FD2DE6ABF8E388F5FFE54F.d.5C1C6E58D66C69C031893508850FD013.e.23612","ELEMENT":"f.A7D77B31E8FD2DE6ABF8E388F5FFE54F.d.5C1C6E58D66C69C031893508850FD013.e.23612"}]}
COMMAND: GET /session/baa8cc8c703ae50a3cfee07d32ab3bfd/screenshot - {}
RESULT: {}
COMMAND: POST /session/baa8cc8c703ae50a3cfee07d32ab3bfd/execute/sync - {"script":"<script> [56 bytes]","args":[{"element-6066-11e4-a52e-4f735466cecf":"f.A7D77B31E8FD2DE6ABF8E388F5FFE54F.d.5C1C6E58D66C69C031893508850FD013.e.23612","ELEMENT":"f.A7D77B31E8FD2DE6ABF8E388F5FFE54F.d.5C1C6E58D66C69C031893508850FD013.e.23612"}]}
RESULT: {"script":"<script> [56 bytes]","args":[{"element-6066-11e4-a52e-4f735466cecf":"f.A7D77B31E8FD2DE6ABF8E388F5FFE54F.d.5C1C6E58D66C69C031893508850FD013.e.23612","ELEMENT":"f.A7D77B31E8FD2DE6ABF8E388F5FFE54F.d.5C1C6E58D66C69C031893508850FD013.e.23612"}]}
COMMAND: GET /session/baa8cc8c703ae50a3cfee07d32ab3bfd/screenshot - {}
RESULT: {}
COMMAND: POST /session/baa8cc8c703ae50a3cfee07d32ab3bfd/execute/sync - {"script":"<script> [56 bytes]","args":[{"element-6066-11e4-a52e-4f735466cecf":"f.A7D77B31E8FD2DE6ABF8E388F5FFE54F.d.5C1C6E58D66C69C031893508850FD013.e.23612","ELEMENT":"f.A7D77B31E8FD2DE6ABF8E388F5FFE54F.d.5C1C6E58D66C69C031893508850FD013.e.23612"}]}
RESULT: {"script":"<script> [56 bytes]","args":[{"element-6066-11e4-a52e-4f735466cecf":"f.A7D77B31E8FD2DE6ABF8E388F5FFE54F.d.5C1C6E58D66C69C031893508850FD013.e.23612","ELEMENT":"f.A7D77B31E8FD2DE6ABF8E388F5FFE54F.d.5C1C6E58D66C69C031893508850FD013.e.23612"}]}
COMMAND: GET /session/baa8cc8c703ae50a3cfee07d32ab3bfd/screenshot - {}
RESULT: {}
COMMAND: POST /session/baa8cc8c703ae50a3cfee07d32ab3bfd/execute/sync - {"script":"<script> [56 bytes]","args":[{"element-6066-11e4-a52e-4f735466cecf":"f.A7D77B31E8FD2DE6ABF8E388F5FFE54F.d.5C1C6E58D66C69C031893508850FD013.e.23612","ELEMENT":"f.A7D77B31E8FD2DE6ABF8E388F5FFE54F.d.5C1C6E58D66C69C031893508850FD013.e.23612"}]}
RESULT: {"script":"<script> [56 bytes]","args":[{"element-6066-11e4-a52e-4f735466cecf":"f.A7D77B31E8FD2DE6ABF8E388F5FFE54F.d.5C1C6E58D66C69C031893508850FD013.e.23612","ELEMENT":"f.A7D77B31E8FD2DE6ABF8E388F5FFE54F.d.5C1C6E58D66C69C031893508850FD013.e.23612"}]}
COMMAND: GET /session/baa8cc8c703ae50a3cfee07d32ab3bfd/screenshot - {}
COMMAND: POST /session/baa8cc8c703ae50a3cfee07d32ab3bfd/execute/sync - {"script":"<script> [56 bytes]","args":[{"element-6066-11e4-a52e-4f735466cecf":"f.A7D77B31E8FD2DE6ABF8E388F5FFE54F.d.5C1C6E58D66C69C031893508850FD013.e.23612","ELEMENT":"f.A7D77B31E8FD2DE6ABF8E388F5FFE54F.d.5C1C6E58D66C69C031893508850FD013.e.23612"}]}
RESULT: {}
RESULT: {"script":"<script> [56 bytes]","args":[{"element-6066-11e4-a52e-4f735466cecf":"f.A7D77B31E8FD2DE6ABF8E388F5FFE54F.d.5C1C6E58D66C69C031893508850FD013.e.23612","ELEMENT":"f.A7D77B31E8FD2DE6ABF8E388F5FFE54F.d.5C1C6E58D66C69C031893508850FD013.e.23612"}]}
COMMAND: POST /session/baa8cc8c703ae50a3cfee07d32ab3bfd/element - {"using":"xpath","value":"//td[@aria-colindex=\"1\"]/div/div[contains(@class, \"sapMCbBg\")]"}
COMMAND: GET /session/baa8cc8c703ae50a3cfee07d32ab3bfd/screenshot - {}
RESULT: {"using":"xpath","value":"//td[@aria-colindex=\"1\"]/div/div[contains(@class, \"sapMCbBg\")]"}
COMMAND: POST /session/baa8cc8c703ae50a3cfee07d32ab3bfd/element/f.A7D77B31E8FD2DE6ABF8E388F5FFE54F.d.5C1C6E58D66C69C031893508850FD013.e.23628/click - {}
RESULT: {}
RESULT: {}
COMMAND: GET /session/baa8cc8c703ae50a3cfee07d32ab3bfd/screenshot - {}
RESULT: {}
COMMAND: POST /session/baa8cc8c703ae50a3cfee07d32ab3bfd/element - {"using":"xpath","value":"//bdi[text()=\"Transfer\"]"}
RESULT: {"using":"xpath","value":"//bdi[text()=\"Transfer\"]"}
COMMAND: POST /session/baa8cc8c703ae50a3cfee07d32ab3bfd/element/f.A7D77B31E8FD2DE6ABF8E388F5FFE54F.d.5C1C6E58D66C69C031893508850FD013.e.23629/click - {}
RESULT: {}
COMMAND: GET /session/baa8cc8c703ae50a3cfee07d32ab3bfd/screenshot - {}
RESULT: {}
COMMAND: POST /session/baa8cc8c703ae50a3cfee07d32ab3bfd/element - {"using":"xpath","value":"//bdi[contains(text(), \"OK\")]"}
RESULT: {"using":"xpath","value":"//bdi[contains(text(), \"OK\")]"}
COMMAND: POST /session/baa8cc8c703ae50a3cfee07d32ab3bfd/element/f.A7D77B31E8FD2DE6ABF8E388F5FFE54F.d.5C1C6E58D66C69C031893508850FD013.e.23632/click - {}
RESULT: {}
COMMAND: GET /session/baa8cc8c703ae50a3cfee07d32ab3bfd/screenshot - {}
RESULT: {}
COMMAND: POST /session/baa8cc8c703ae50a3cfee07d32ab3bfd/element - {"using":"xpath","value":"(//span[contains(text(), \"Completed\")]/parent::div/preceding-sibling::div/span)[1]"}
RESULT: {"using":"xpath","value":"(//span[contains(text(), \"Completed\")]/parent::div/preceding-sibling::div/span)[1]"}
COMMAND: POST /session/baa8cc8c703ae50a3cfee07d32ab3bfd/element/f.A7D77B31E8FD2DE6ABF8E388F5FFE54F.d.5C1C6E58D66C69C031893508850FD013.e.23641/click - {}
RESULT: {}
COMMAND: POST /session/baa8cc8c703ae50a3cfee07d32ab3bfd/element - {"using":"xpath","value":"//input[contains(@id ,\"application-billingtransfer-display-component---billingWorkbench--smartFilterBar-btnBasicSearch\")]"}
COMMAND: GET /session/baa8cc8c703ae50a3cfee07d32ab3bfd/screenshot - {}
RESULT: {}
RESULT: {"using":"xpath","value":"//input[contains(@id ,\"application-billingtransfer-display-component---billingWorkbench--smartFilterBar-btnBasicSearch\")]"}
COMMAND: POST /session/baa8cc8c703ae50a3cfee07d32ab3bfd/elements - {"using":"xpath","value":"//input[contains(@id ,\"application-billingtransfer-display-component---billingWorkbench--smartFilterBar-btnBasicSearch\")]"}
RESULT: {"using":"xpath","value":"//input[contains(@id ,\"application-billingtransfer-display-component---billingWorkbench--smartFilterBar-btnBasicSearch\")]"}
COMMAND: POST /session/baa8cc8c703ae50a3cfee07d32ab3bfd/execute/sync - {"script":"<script> [8489 bytes]","args":[{"element-6066-11e4-a52e-4f735466cecf":"f.A7D77B31E8FD2DE6ABF8E388F5FFE54F.d.5C1C6E58D66C69C031893508850FD013.e.23465","ELEMENT":"f.A7D77B31E8FD2DE6ABF8E388F5FFE54F.d.5C1C6E58D66C69C031893508850FD013.e.23465"}]}
RESULT: {"script":"<script> [8489 bytes]","args":[{"element-6066-11e4-a52e-4f735466cecf":"f.A7D77B31E8FD2DE6ABF8E388F5FFE54F.d.5C1C6E58D66C69C031893508850FD013.e.23465","ELEMENT":"f.A7D77B31E8FD2DE6ABF8E388F5FFE54F.d.5C1C6E58D66C69C031893508850FD013.e.23465"}]}
COMMAND: GET /session/baa8cc8c703ae50a3cfee07d32ab3bfd/element/f.A7D77B31E8FD2DE6ABF8E388F5FFE54F.d.5C1C6E58D66C69C031893508850FD013.e.23465/enabled - {}
COMMAND: GET /session/baa8cc8c703ae50a3cfee07d32ab3bfd/screenshot - {}
RESULT: {}
COMMAND: POST /session/baa8cc8c703ae50a3cfee07d32ab3bfd/element/f.A7D77B31E8FD2DE6ABF8E388F5FFE54F.d.5C1C6E58D66C69C031893508850FD013.e.23465/click - {}
COMMAND: GET /session/baa8cc8c703ae50a3cfee07d32ab3bfd/screenshot - {}
RESULT: {}
RESULT: {}
COMMAND: GET /session/baa8cc8c703ae50a3cfee07d32ab3bfd/screenshot - {}
RESULT: {}
RESULT: {}
COMMAND: POST /session/baa8cc8c703ae50a3cfee07d32ab3bfd/element/f.A7D77B31E8FD2DE6ABF8E388F5FFE54F.d.5C1C6E58D66C69C031893508850FD013.e.23465/clear - {}
RESULT: {}
COMMAND: POST /session/baa8cc8c703ae50a3cfee07d32ab3bfd/element/f.A7D77B31E8FD2DE6ABF8E388F5FFE54F.d.5C1C6E58D66C69C031893508850FD013.e.23465/value - {"text":"10594"}
COMMAND: GET /session/baa8cc8c703ae50a3cfee07d32ab3bfd/screenshot - {}
RESULT: {"text":"10594"}
COMMAND: POST /session/baa8cc8c703ae50a3cfee07d32ab3bfd/actions - {"actions":[{"id":"action79","type":"key","parameters":{},"actions":[{"type":"keyDown","value":""},{"type":"pause","duration":10},{"type":"keyUp","value":""}]}]}
COMMAND: GET /session/baa8cc8c703ae50a3cfee07d32ab3bfd/screenshot - {}
RESULT: {}
RESULT: {"actions":[{"id":"action79","type":"key","parameters":{},"actions":[{"type":"keyDown","value":""},{"type":"pause","duration":10},{"type":"keyUp","value":""}]}]}
COMMAND: GET /session/baa8cc8c703ae50a3cfee07d32ab3bfd/screenshot - {}
RESULT: {}
RESULT: {}
COMMAND: POST /session/baa8cc8c703ae50a3cfee07d32ab3bfd/element - {"using":"xpath","value":"//span[contains(@id ,\"application-billingtransfer-display-component---billingWorkbench--smartTableBillingRuns-header-inner\")]"}
RESULT: {"using":"xpath","value":"//span[contains(@id ,\"application-billingtransfer-display-component---billingWorkbench--smartTableBillingRuns-header-inner\")]"}
COMMAND: POST /session/baa8cc8c703ae50a3cfee07d32ab3bfd/elements - {"using":"xpath","value":"//span[contains(@id ,\"application-billingtransfer-display-component---billingWorkbench--smartTableBillingRuns-header-inner\")]"}
RESULT: {"using":"xpath","value":"//span[contains(@id ,\"application-billingtransfer-display-component---billingWorkbench--smartTableBillingRuns-header-inner\")]"}
COMMAND: POST /session/baa8cc8c703ae50a3cfee07d32ab3bfd/execute/sync - {"script":"<script> [56 bytes]","args":[{"element-6066-11e4-a52e-4f735466cecf":"f.A7D77B31E8FD2DE6ABF8E388F5FFE54F.d.5C1C6E58D66C69C031893508850FD013.e.23612","ELEMENT":"f.A7D77B31E8FD2DE6ABF8E388F5FFE54F.d.5C1C6E58D66C69C031893508850FD013.e.23612"}]}
RESULT: {"script":"<script> [56 bytes]","args":[{"element-6066-11e4-a52e-4f735466cecf":"f.A7D77B31E8FD2DE6ABF8E388F5FFE54F.d.5C1C6E58D66C69C031893508850FD013.e.23612","ELEMENT":"f.A7D77B31E8FD2DE6ABF8E388F5FFE54F.d.5C1C6E58D66C69C031893508850FD013.e.23612"}]}
COMMAND: GET /session/baa8cc8c703ae50a3cfee07d32ab3bfd/screenshot - {}
RESULT: {}
COMMAND: POST /session/baa8cc8c703ae50a3cfee07d32ab3bfd/execute/sync - {"script":"<script> [56 bytes]","args":[{"element-6066-11e4-a52e-4f735466cecf":"f.A7D77B31E8FD2DE6ABF8E388F5FFE54F.d.5C1C6E58D66C69C031893508850FD013.e.23612","ELEMENT":"f.A7D77B31E8FD2DE6ABF8E388F5FFE54F.d.5C1C6E58D66C69C031893508850FD013.e.23612"}]}
RESULT: {"script":"<script> [56 bytes]","args":[{"element-6066-11e4-a52e-4f735466cecf":"f.A7D77B31E8FD2DE6ABF8E388F5FFE54F.d.5C1C6E58D66C69C031893508850FD013.e.23612","ELEMENT":"f.A7D77B31E8FD2DE6ABF8E388F5FFE54F.d.5C1C6E58D66C69C031893508850FD013.e.23612"}]}
COMMAND: GET /session/baa8cc8c703ae50a3cfee07d32ab3bfd/screenshot - {}
RESULT: {}
COMMAND: POST /session/baa8cc8c703ae50a3cfee07d32ab3bfd/execute/sync - {"script":"<script> [56 bytes]","args":[{"element-6066-11e4-a52e-4f735466cecf":"f.A7D77B31E8FD2DE6ABF8E388F5FFE54F.d.5C1C6E58D66C69C031893508850FD013.e.23612","ELEMENT":"f.A7D77B31E8FD2DE6ABF8E388F5FFE54F.d.5C1C6E58D66C69C031893508850FD013.e.23612"}]}
RESULT: {"script":"<script> [56 bytes]","args":[{"element-6066-11e4-a52e-4f735466cecf":"f.A7D77B31E8FD2DE6ABF8E388F5FFE54F.d.5C1C6E58D66C69C031893508850FD013.e.23612","ELEMENT":"f.A7D77B31E8FD2DE6ABF8E388F5FFE54F.d.5C1C6E58D66C69C031893508850FD013.e.23612"}]}
COMMAND: GET /session/baa8cc8c703ae50a3cfee07d32ab3bfd/screenshot - {}
RESULT: {}
COMMAND: POST /session/baa8cc8c703ae50a3cfee07d32ab3bfd/execute/sync - {"script":"<script> [56 bytes]","args":[{"element-6066-11e4-a52e-4f735466cecf":"f.A7D77B31E8FD2DE6ABF8E388F5FFE54F.d.5C1C6E58D66C69C031893508850FD013.e.23612","ELEMENT":"f.A7D77B31E8FD2DE6ABF8E388F5FFE54F.d.5C1C6E58D66C69C031893508850FD013.e.23612"}]}
RESULT: {"script":"<script> [56 bytes]","args":[{"element-6066-11e4-a52e-4f735466cecf":"f.A7D77B31E8FD2DE6ABF8E388F5FFE54F.d.5C1C6E58D66C69C031893508850FD013.e.23612","ELEMENT":"f.A7D77B31E8FD2DE6ABF8E388F5FFE54F.d.5C1C6E58D66C69C031893508850FD013.e.23612"}]}
COMMAND: GET /session/baa8cc8c703ae50a3cfee07d32ab3bfd/screenshot - {}
RESULT: {}
COMMAND: POST /session/baa8cc8c703ae50a3cfee07d32ab3bfd/execute/sync - {"script":"<script> [56 bytes]","args":[{"element-6066-11e4-a52e-4f735466cecf":"f.A7D77B31E8FD2DE6ABF8E388F5FFE54F.d.5C1C6E58D66C69C031893508850FD013.e.23612","ELEMENT":"f.A7D77B31E8FD2DE6ABF8E388F5FFE54F.d.5C1C6E58D66C69C031893508850FD013.e.23612"}]}
RESULT: {"script":"<script> [56 bytes]","args":[{"element-6066-11e4-a52e-4f735466cecf":"f.A7D77B31E8FD2DE6ABF8E388F5FFE54F.d.5C1C6E58D66C69C031893508850FD013.e.23612","ELEMENT":"f.A7D77B31E8FD2DE6ABF8E388F5FFE54F.d.5C1C6E58D66C69C031893508850FD013.e.23612"}]}
COMMAND: GET /session/baa8cc8c703ae50a3cfee07d32ab3bfd/screenshot - {}
RESULT: {}
COMMAND: POST /session/baa8cc8c703ae50a3cfee07d32ab3bfd/execute/sync - {"script":"<script> [56 bytes]","args":[{"element-6066-11e4-a52e-4f735466cecf":"f.A7D77B31E8FD2DE6ABF8E388F5FFE54F.d.5C1C6E58D66C69C031893508850FD013.e.23612","ELEMENT":"f.A7D77B31E8FD2DE6ABF8E388F5FFE54F.d.5C1C6E58D66C69C031893508850FD013.e.23612"}]}
RESULT: {"script":"<script> [56 bytes]","args":[{"element-6066-11e4-a52e-4f735466cecf":"f.A7D77B31E8FD2DE6ABF8E388F5FFE54F.d.5C1C6E58D66C69C031893508850FD013.e.23612","ELEMENT":"f.A7D77B31E8FD2DE6ABF8E388F5FFE54F.d.5C1C6E58D66C69C031893508850FD013.e.23612"}]}
COMMAND: GET /session/baa8cc8c703ae50a3cfee07d32ab3bfd/screenshot - {}
RESULT: {}
COMMAND: POST /session/baa8cc8c703ae50a3cfee07d32ab3bfd/execute/sync - {"script":"<script> [56 bytes]","args":[{"element-6066-11e4-a52e-4f735466cecf":"f.A7D77B31E8FD2DE6ABF8E388F5FFE54F.d.5C1C6E58D66C69C031893508850FD013.e.23612","ELEMENT":"f.A7D77B31E8FD2DE6ABF8E388F5FFE54F.d.5C1C6E58D66C69C031893508850FD013.e.23612"}]}
RESULT: {"script":"<script> [56 bytes]","args":[{"element-6066-11e4-a52e-4f735466cecf":"f.A7D77B31E8FD2DE6ABF8E388F5FFE54F.d.5C1C6E58D66C69C031893508850FD013.e.23612","ELEMENT":"f.A7D77B31E8FD2DE6ABF8E388F5FFE54F.d.5C1C6E58D66C69C031893508850FD013.e.23612"}]}
COMMAND: GET /session/baa8cc8c703ae50a3cfee07d32ab3bfd/screenshot - {}
RESULT: {}
COMMAND: POST /session/baa8cc8c703ae50a3cfee07d32ab3bfd/execute/sync - {"script":"<script> [56 bytes]","args":[{"element-6066-11e4-a52e-4f735466cecf":"f.A7D77B31E8FD2DE6ABF8E388F5FFE54F.d.5C1C6E58D66C69C031893508850FD013.e.23612","ELEMENT":"f.A7D77B31E8FD2DE6ABF8E388F5FFE54F.d.5C1C6E58D66C69C031893508850FD013.e.23612"}]}
RESULT: {"script":"<script> [56 bytes]","args":[{"element-6066-11e4-a52e-4f735466cecf":"f.A7D77B31E8FD2DE6ABF8E388F5FFE54F.d.5C1C6E58D66C69C031893508850FD013.e.23612","ELEMENT":"f.A7D77B31E8FD2DE6ABF8E388F5FFE54F.d.5C1C6E58D66C69C031893508850FD013.e.23612"}]}
COMMAND: GET /session/baa8cc8c703ae50a3cfee07d32ab3bfd/screenshot - {}
COMMAND: POST /session/baa8cc8c703ae50a3cfee07d32ab3bfd/execute/sync - {"script":"<script> [56 bytes]","args":[{"element-6066-11e4-a52e-4f735466cecf":"f.A7D77B31E8FD2DE6ABF8E388F5FFE54F.d.5C1C6E58D66C69C031893508850FD013.e.23612","ELEMENT":"f.A7D77B31E8FD2DE6ABF8E388F5FFE54F.d.5C1C6E58D66C69C031893508850FD013.e.23612"}]}
RESULT: {}
RESULT: {"script":"<script> [56 bytes]","args":[{"element-6066-11e4-a52e-4f735466cecf":"f.A7D77B31E8FD2DE6ABF8E388F5FFE54F.d.5C1C6E58D66C69C031893508850FD013.e.23612","ELEMENT":"f.A7D77B31E8FD2DE6ABF8E388F5FFE54F.d.5C1C6E58D66C69C031893508850FD013.e.23612"}]}
COMMAND: GET /session/baa8cc8c703ae50a3cfee07d32ab3bfd/screenshot - {}
RESULT: {}
COMMAND: POST /session/baa8cc8c703ae50a3cfee07d32ab3bfd/execute/sync - {"script":"<script> [56 bytes]","args":[{"element-6066-11e4-a52e-4f735466cecf":"f.A7D77B31E8FD2DE6ABF8E388F5FFE54F.d.5C1C6E58D66C69C031893508850FD013.e.23612","ELEMENT":"f.A7D77B31E8FD2DE6ABF8E388F5FFE54F.d.5C1C6E58D66C69C031893508850FD013.e.23612"}]}
RESULT: {"script":"<script> [56 bytes]","args":[{"element-6066-11e4-a52e-4f735466cecf":"f.A7D77B31E8FD2DE6ABF8E388F5FFE54F.d.5C1C6E58D66C69C031893508850FD013.e.23612","ELEMENT":"f.A7D77B31E8FD2DE6ABF8E388F5FFE54F.d.5C1C6E58D66C69C031893508850FD013.e.23612"}]}
COMMAND: GET /session/baa8cc8c703ae50a3cfee07d32ab3bfd/screenshot - {}
RESULT: {}
COMMAND: POST /session/baa8cc8c703ae50a3cfee07d32ab3bfd/execute/sync - {"script":"<script> [56 bytes]","args":[{"element-6066-11e4-a52e-4f735466cecf":"f.A7D77B31E8FD2DE6ABF8E388F5FFE54F.d.5C1C6E58D66C69C031893508850FD013.e.23612","ELEMENT":"f.A7D77B31E8FD2DE6ABF8E388F5FFE54F.d.5C1C6E58D66C69C031893508850FD013.e.23612"}]}
RESULT: {"script":"<script> [56 bytes]","args":[{"element-6066-11e4-a52e-4f735466cecf":"f.A7D77B31E8FD2DE6ABF8E388F5FFE54F.d.5C1C6E58D66C69C031893508850FD013.e.23612","ELEMENT":"f.A7D77B31E8FD2DE6ABF8E388F5FFE54F.d.5C1C6E58D66C69C031893508850FD013.e.23612"}]}
COMMAND: GET /session/baa8cc8c703ae50a3cfee07d32ab3bfd/screenshot - {}
RESULT: {}
COMMAND: POST /session/baa8cc8c703ae50a3cfee07d32ab3bfd/execute/sync - {"script":"<script> [56 bytes]","args":[{"element-6066-11e4-a52e-4f735466cecf":"f.A7D77B31E8FD2DE6ABF8E388F5FFE54F.d.5C1C6E58D66C69C031893508850FD013.e.23612","ELEMENT":"f.A7D77B31E8FD2DE6ABF8E388F5FFE54F.d.5C1C6E58D66C69C031893508850FD013.e.23612"}]}
RESULT: {"script":"<script> [56 bytes]","args":[{"element-6066-11e4-a52e-4f735466cecf":"f.A7D77B31E8FD2DE6ABF8E388F5FFE54F.d.5C1C6E58D66C69C031893508850FD013.e.23612","ELEMENT":"f.A7D77B31E8FD2DE6ABF8E388F5FFE54F.d.5C1C6E58D66C69C031893508850FD013.e.23612"}]}
COMMAND: GET /session/baa8cc8c703ae50a3cfee07d32ab3bfd/screenshot - {}
RESULT: {}
COMMAND: POST /session/baa8cc8c703ae50a3cfee07d32ab3bfd/execute/sync - {"script":"<script> [56 bytes]","args":[{"element-6066-11e4-a52e-4f735466cecf":"f.A7D77B31E8FD2DE6ABF8E388F5FFE54F.d.5C1C6E58D66C69C031893508850FD013.e.23612","ELEMENT":"f.A7D77B31E8FD2DE6ABF8E388F5FFE54F.d.5C1C6E58D66C69C031893508850FD013.e.23612"}]}
RESULT: {"script":"<script> [56 bytes]","args":[{"element-6066-11e4-a52e-4f735466cecf":"f.A7D77B31E8FD2DE6ABF8E388F5FFE54F.d.5C1C6E58D66C69C031893508850FD013.e.23612","ELEMENT":"f.A7D77B31E8FD2DE6ABF8E388F5FFE54F.d.5C1C6E58D66C69C031893508850FD013.e.23612"}]}
COMMAND: GET /session/baa8cc8c703ae50a3cfee07d32ab3bfd/screenshot - {}
RESULT: {}
COMMAND: POST /session/baa8cc8c703ae50a3cfee07d32ab3bfd/execute/sync - {"script":"<script> [56 bytes]","args":[{"element-6066-11e4-a52e-4f735466cecf":"f.A7D77B31E8FD2DE6ABF8E388F5FFE54F.d.5C1C6E58D66C69C031893508850FD013.e.23612","ELEMENT":"f.A7D77B31E8FD2DE6ABF8E388F5FFE54F.d.5C1C6E58D66C69C031893508850FD013.e.23612"}]}
RESULT: {"script":"<script> [56 bytes]","args":[{"element-6066-11e4-a52e-4f735466cecf":"f.A7D77B31E8FD2DE6ABF8E388F5FFE54F.d.5C1C6E58D66C69C031893508850FD013.e.23612","ELEMENT":"f.A7D77B31E8FD2DE6ABF8E388F5FFE54F.d.5C1C6E58D66C69C031893508850FD013.e.23612"}]}
COMMAND: GET /session/baa8cc8c703ae50a3cfee07d32ab3bfd/screenshot - {}
RESULT: {}
COMMAND: POST /session/baa8cc8c703ae50a3cfee07d32ab3bfd/execute/sync - {"script":"<script> [56 bytes]","args":[{"element-6066-11e4-a52e-4f735466cecf":"f.A7D77B31E8FD2DE6ABF8E388F5FFE54F.d.5C1C6E58D66C69C031893508850FD013.e.23612","ELEMENT":"f.A7D77B31E8FD2DE6ABF8E388F5FFE54F.d.5C1C6E58D66C69C031893508850FD013.e.23612"}]}
RESULT: {"script":"<script> [56 bytes]","args":[{"element-6066-11e4-a52e-4f735466cecf":"f.A7D77B31E8FD2DE6ABF8E388F5FFE54F.d.5C1C6E58D66C69C031893508850FD013.e.23612","ELEMENT":"f.A7D77B31E8FD2DE6ABF8E388F5FFE54F.d.5C1C6E58D66C69C031893508850FD013.e.23612"}]}
COMMAND: GET /session/baa8cc8c703ae50a3cfee07d32ab3bfd/screenshot - {}
RESULT: {}
COMMAND: POST /session/baa8cc8c703ae50a3cfee07d32ab3bfd/execute/sync - {"script":"<script> [56 bytes]","args":[{"element-6066-11e4-a52e-4f735466cecf":"f.A7D77B31E8FD2DE6ABF8E388F5FFE54F.d.5C1C6E58D66C69C031893508850FD013.e.23612","ELEMENT":"f.A7D77B31E8FD2DE6ABF8E388F5FFE54F.d.5C1C6E58D66C69C031893508850FD013.e.23612"}]}
RESULT: {"script":"<script> [56 bytes]","args":[{"element-6066-11e4-a52e-4f735466cecf":"f.A7D77B31E8FD2DE6ABF8E388F5FFE54F.d.5C1C6E58D66C69C031893508850FD013.e.23612","ELEMENT":"f.A7D77B31E8FD2DE6ABF8E388F5FFE54F.d.5C1C6E58D66C69C031893508850FD013.e.23612"}]}
COMMAND: GET /session/baa8cc8c703ae50a3cfee07d32ab3bfd/screenshot - {}
RESULT: {}
COMMAND: POST /session/baa8cc8c703ae50a3cfee07d32ab3bfd/execute/sync - {"script":"<script> [56 bytes]","args":[{"element-6066-11e4-a52e-4f735466cecf":"f.A7D77B31E8FD2DE6ABF8E388F5FFE54F.d.5C1C6E58D66C69C031893508850FD013.e.23612","ELEMENT":"f.A7D77B31E8FD2DE6ABF8E388F5FFE54F.d.5C1C6E58D66C69C031893508850FD013.e.23612"}]}
RESULT: {"script":"<script> [56 bytes]","args":[{"element-6066-11e4-a52e-4f735466cecf":"f.A7D77B31E8FD2DE6ABF8E388F5FFE54F.d.5C1C6E58D66C69C031893508850FD013.e.23612","ELEMENT":"f.A7D77B31E8FD2DE6ABF8E388F5FFE54F.d.5C1C6E58D66C69C031893508850FD013.e.23612"}]}
COMMAND: GET /session/baa8cc8c703ae50a3cfee07d32ab3bfd/screenshot - {}
RESULT: {}
COMMAND: POST /session/baa8cc8c703ae50a3cfee07d32ab3bfd/execute/sync - {"script":"<script> [56 bytes]","args":[{"element-6066-11e4-a52e-4f735466cecf":"f.A7D77B31E8FD2DE6ABF8E388F5FFE54F.d.5C1C6E58D66C69C031893508850FD013.e.23612","ELEMENT":"f.A7D77B31E8FD2DE6ABF8E388F5FFE54F.d.5C1C6E58D66C69C031893508850FD013.e.23612"}]}
RESULT: {"script":"<script> [56 bytes]","args":[{"element-6066-11e4-a52e-4f735466cecf":"f.A7D77B31E8FD2DE6ABF8E388F5FFE54F.d.5C1C6E58D66C69C031893508850FD013.e.23612","ELEMENT":"f.A7D77B31E8FD2DE6ABF8E388F5FFE54F.d.5C1C6E58D66C69C031893508850FD013.e.23612"}]}
COMMAND: GET /session/baa8cc8c703ae50a3cfee07d32ab3bfd/screenshot - {}
RESULT: {}
COMMAND: POST /session/baa8cc8c703ae50a3cfee07d32ab3bfd/execute/sync - {"script":"<script> [56 bytes]","args":[{"element-6066-11e4-a52e-4f735466cecf":"f.A7D77B31E8FD2DE6ABF8E388F5FFE54F.d.5C1C6E58D66C69C031893508850FD013.e.23612","ELEMENT":"f.A7D77B31E8FD2DE6ABF8E388F5FFE54F.d.5C1C6E58D66C69C031893508850FD013.e.23612"}]}
RESULT: {"script":"<script> [56 bytes]","args":[{"element-6066-11e4-a52e-4f735466cecf":"f.A7D77B31E8FD2DE6ABF8E388F5FFE54F.d.5C1C6E58D66C69C031893508850FD013.e.23612","ELEMENT":"f.A7D77B31E8FD2DE6ABF8E388F5FFE54F.d.5C1C6E58D66C69C031893508850FD013.e.23612"}]}
COMMAND: GET /session/baa8cc8c703ae50a3cfee07d32ab3bfd/screenshot - {}
RESULT: {}
COMMAND: POST /session/baa8cc8c703ae50a3cfee07d32ab3bfd/execute/sync - {"script":"<script> [56 bytes]","args":[{"element-6066-11e4-a52e-4f735466cecf":"f.A7D77B31E8FD2DE6ABF8E388F5FFE54F.d.5C1C6E58D66C69C031893508850FD013.e.23612","ELEMENT":"f.A7D77B31E8FD2DE6ABF8E388F5FFE54F.d.5C1C6E58D66C69C031893508850FD013.e.23612"}]}
RESULT: {"script":"<script> [56 bytes]","args":[{"element-6066-11e4-a52e-4f735466cecf":"f.A7D77B31E8FD2DE6ABF8E388F5FFE54F.d.5C1C6E58D66C69C031893508850FD013.e.23612","ELEMENT":"f.A7D77B31E8FD2DE6ABF8E388F5FFE54F.d.5C1C6E58D66C69C031893508850FD013.e.23612"}]}
COMMAND: GET /session/baa8cc8c703ae50a3cfee07d32ab3bfd/screenshot - {}
RESULT: {}
COMMAND: POST /session/baa8cc8c703ae50a3cfee07d32ab3bfd/execute/sync - {"script":"<script> [56 bytes]","args":[{"element-6066-11e4-a52e-4f735466cecf":"f.A7D77B31E8FD2DE6ABF8E388F5FFE54F.d.5C1C6E58D66C69C031893508850FD013.e.23612","ELEMENT":"f.A7D77B31E8FD2DE6ABF8E388F5FFE54F.d.5C1C6E58D66C69C031893508850FD013.e.23612"}]}
RESULT: {"script":"<script> [56 bytes]","args":[{"element-6066-11e4-a52e-4f735466cecf":"f.A7D77B31E8FD2DE6ABF8E388F5FFE54F.d.5C1C6E58D66C69C031893508850FD013.e.23612","ELEMENT":"f.A7D77B31E8FD2DE6ABF8E388F5FFE54F.d.5C1C6E58D66C69C031893508850FD013.e.23612"}]}
COMMAND: GET /session/baa8cc8c703ae50a3cfee07d32ab3bfd/screenshot - {}
RESULT: {}
COMMAND: POST /session/baa8cc8c703ae50a3cfee07d32ab3bfd/execute/sync - {"script":"<script> [56 bytes]","args":[{"element-6066-11e4-a52e-4f735466cecf":"f.A7D77B31E8FD2DE6ABF8E388F5FFE54F.d.5C1C6E58D66C69C031893508850FD013.e.23612","ELEMENT":"f.A7D77B31E8FD2DE6ABF8E388F5FFE54F.d.5C1C6E58D66C69C031893508850FD013.e.23612"}]}
RESULT: {"script":"<script> [56 bytes]","args":[{"element-6066-11e4-a52e-4f735466cecf":"f.A7D77B31E8FD2DE6ABF8E388F5FFE54F.d.5C1C6E58D66C69C031893508850FD013.e.23612","ELEMENT":"f.A7D77B31E8FD2DE6ABF8E388F5FFE54F.d.5C1C6E58D66C69C031893508850FD013.e.23612"}]}
COMMAND: POST /session/baa8cc8c703ae50a3cfee07d32ab3bfd/element - {"using":"css selector","value":"#shell-header-logo"}
COMMAND: GET /session/baa8cc8c703ae50a3cfee07d32ab3bfd/screenshot - {}
RESULT: {"using":"css selector","value":"#shell-header-logo"}
COMMAND: POST /session/baa8cc8c703ae50a3cfee07d32ab3bfd/element/f.A7D77B31E8FD2DE6ABF8E388F5FFE54F.d.5C1C6E58D66C69C031893508850FD013.e.23463/click - {}
RESULT: {}
RESULT: {}
COMMAND: GET /session/baa8cc8c703ae50a3cfee07d32ab3bfd/screenshot - {}
RESULT: {}
]]></system-out>
    </testcase>
    <testcase classname="chrome.135_0_7049_42.windows.Billing_Calculation_-_Time_based_(considering_transport_times)_US139738" name="Should navigate to the contract item check the billed until field value" time="39.878">
      <system-out><![CDATA[
RESULT: undefined
COMMAND: POST /session/baa8cc8c703ae50a3cfee07d32ab3bfd/element - {"using":"xpath","value":"//*[@id=\"__tile130-title\"]"}
RESULT: {"using":"xpath","value":"//*[@id=\"__tile130-title\"]"}
COMMAND: POST /session/baa8cc8c703ae50a3cfee07d32ab3bfd/element/f.A7D77B31E8FD2DE6ABF8E388F5FFE54F.d.5C1C6E58D66C69C031893508850FD013.e.21634/click - {}
RESULT: undefined
RESULT: undefined
RESULT: {}
COMMAND: GET /session/baa8cc8c703ae50a3cfee07d32ab3bfd/screenshot - {}
RESULT: {}
COMMAND: POST /session/baa8cc8c703ae50a3cfee07d32ab3bfd/element - {"using":"xpath","value":"//button[@data-kt=\"addButton\"]"}
RESULT: {"using":"xpath","value":"//button[@data-kt=\"addButton\"]"}
COMMAND: POST /session/baa8cc8c703ae50a3cfee07d32ab3bfd/elements - {"using":"xpath","value":"//button[@data-kt=\"addButton\"]"}
RESULT: {"using":"xpath","value":"//button[@data-kt=\"addButton\"]"}
COMMAND: POST /session/baa8cc8c703ae50a3cfee07d32ab3bfd/execute/sync - {"script":"<script> [8489 bytes]","args":[{"element-6066-11e4-a52e-4f735466cecf":"f.A7D77B31E8FD2DE6ABF8E388F5FFE54F.d.5C1C6E58D66C69C031893508850FD013.e.23707","ELEMENT":"f.A7D77B31E8FD2DE6ABF8E388F5FFE54F.d.5C1C6E58D66C69C031893508850FD013.e.23707"}]}
RESULT: {"script":"<script> [8489 bytes]","args":[{"element-6066-11e4-a52e-4f735466cecf":"f.A7D77B31E8FD2DE6ABF8E388F5FFE54F.d.5C1C6E58D66C69C031893508850FD013.e.23707","ELEMENT":"f.A7D77B31E8FD2DE6ABF8E388F5FFE54F.d.5C1C6E58D66C69C031893508850FD013.e.23707"}]}
COMMAND: GET /session/baa8cc8c703ae50a3cfee07d32ab3bfd/element/f.A7D77B31E8FD2DE6ABF8E388F5FFE54F.d.5C1C6E58D66C69C031893508850FD013.e.23707/enabled - {}
COMMAND: GET /session/baa8cc8c703ae50a3cfee07d32ab3bfd/screenshot - {}
RESULT: {}
COMMAND: POST /session/baa8cc8c703ae50a3cfee07d32ab3bfd/execute/sync - {"script":"<script> [8489 bytes]","args":[{"element-6066-11e4-a52e-4f735466cecf":"f.A7D77B31E8FD2DE6ABF8E388F5FFE54F.d.5C1C6E58D66C69C031893508850FD013.e.23707","ELEMENT":"f.A7D77B31E8FD2DE6ABF8E388F5FFE54F.d.5C1C6E58D66C69C031893508850FD013.e.23707"}]}
COMMAND: GET /session/baa8cc8c703ae50a3cfee07d32ab3bfd/screenshot - {}
RESULT: {}
RESULT: {"script":"<script> [8489 bytes]","args":[{"element-6066-11e4-a52e-4f735466cecf":"f.A7D77B31E8FD2DE6ABF8E388F5FFE54F.d.5C1C6E58D66C69C031893508850FD013.e.23707","ELEMENT":"f.A7D77B31E8FD2DE6ABF8E388F5FFE54F.d.5C1C6E58D66C69C031893508850FD013.e.23707"}]}
COMMAND: POST /session/baa8cc8c703ae50a3cfee07d32ab3bfd/execute/sync - {"script":"<script> [5351 bytes]","args":[{"element-6066-11e4-a52e-4f735466cecf":"f.A7D77B31E8FD2DE6ABF8E388F5FFE54F.d.5C1C6E58D66C69C031893508850FD013.e.23707","ELEMENT":"f.A7D77B31E8FD2DE6ABF8E388F5FFE54F.d.5C1C6E58D66C69C031893508850FD013.e.23707"}]}
COMMAND: GET /session/baa8cc8c703ae50a3cfee07d32ab3bfd/screenshot - {}
RESULT: {}
RESULT: {"script":"<script> [5351 bytes]","args":[{"element-6066-11e4-a52e-4f735466cecf":"f.A7D77B31E8FD2DE6ABF8E388F5FFE54F.d.5C1C6E58D66C69C031893508850FD013.e.23707","ELEMENT":"f.A7D77B31E8FD2DE6ABF8E388F5FFE54F.d.5C1C6E58D66C69C031893508850FD013.e.23707"}]}
COMMAND: POST /session/baa8cc8c703ae50a3cfee07d32ab3bfd/element - {"using":"xpath","value":"//input[contains(@id ,\"smartContractFilterBar-btnBasicSearch-I\")]"}
COMMAND: GET /session/baa8cc8c703ae50a3cfee07d32ab3bfd/screenshot - {}
RESULT: {}
RESULT: {"using":"xpath","value":"//input[contains(@id ,\"smartContractFilterBar-btnBasicSearch-I\")]"}
COMMAND: POST /session/baa8cc8c703ae50a3cfee07d32ab3bfd/elements - {"using":"xpath","value":"//input[contains(@id ,\"smartContractFilterBar-btnBasicSearch-I\")]"}
RESULT: {}
RESULT: {"using":"xpath","value":"//input[contains(@id ,\"smartContractFilterBar-btnBasicSearch-I\")]"}
COMMAND: POST /session/baa8cc8c703ae50a3cfee07d32ab3bfd/execute/sync - {"script":"<script> [8489 bytes]","args":[{"element-6066-11e4-a52e-4f735466cecf":"f.A7D77B31E8FD2DE6ABF8E388F5FFE54F.d.5C1C6E58D66C69C031893508850FD013.e.23714","ELEMENT":"f.A7D77B31E8FD2DE6ABF8E388F5FFE54F.d.5C1C6E58D66C69C031893508850FD013.e.23714"}]}
RESULT: {"script":"<script> [8489 bytes]","args":[{"element-6066-11e4-a52e-4f735466cecf":"f.A7D77B31E8FD2DE6ABF8E388F5FFE54F.d.5C1C6E58D66C69C031893508850FD013.e.23714","ELEMENT":"f.A7D77B31E8FD2DE6ABF8E388F5FFE54F.d.5C1C6E58D66C69C031893508850FD013.e.23714"}]}
COMMAND: GET /session/baa8cc8c703ae50a3cfee07d32ab3bfd/element/f.A7D77B31E8FD2DE6ABF8E388F5FFE54F.d.5C1C6E58D66C69C031893508850FD013.e.23714/enabled - {}
COMMAND: GET /session/baa8cc8c703ae50a3cfee07d32ab3bfd/screenshot - {}
RESULT: {}
COMMAND: POST /session/baa8cc8c703ae50a3cfee07d32ab3bfd/element/f.A7D77B31E8FD2DE6ABF8E388F5FFE54F.d.5C1C6E58D66C69C031893508850FD013.e.23714/clear - {}
COMMAND: GET /session/baa8cc8c703ae50a3cfee07d32ab3bfd/screenshot - {}
RESULT: {}
RESULT: {}
COMMAND: POST /session/baa8cc8c703ae50a3cfee07d32ab3bfd/element/f.A7D77B31E8FD2DE6ABF8E388F5FFE54F.d.5C1C6E58D66C69C031893508850FD013.e.23714/value - {"text":"10594"}
COMMAND: GET /session/baa8cc8c703ae50a3cfee07d32ab3bfd/screenshot - {}
RESULT: {}
RESULT: {"text":"10594"}
COMMAND: GET /session/baa8cc8c703ae50a3cfee07d32ab3bfd/screenshot - {}
RESULT: {}
RESULT: {}
COMMAND: POST /session/baa8cc8c703ae50a3cfee07d32ab3bfd/actions - {"actions":[{"id":"action80","type":"key","parameters":{},"actions":[{"type":"keyDown","value":""},{"type":"pause","duration":10},{"type":"keyUp","value":""}]}]}
RESULT: {"actions":[{"id":"action80","type":"key","parameters":{},"actions":[{"type":"keyDown","value":""},{"type":"pause","duration":10},{"type":"keyUp","value":""}]}]}
COMMAND: GET /session/baa8cc8c703ae50a3cfee07d32ab3bfd/screenshot - {}
RESULT: {}
COMMAND: POST /session/baa8cc8c703ae50a3cfee07d32ab3bfd/element - {"using":"xpath","value":"//span[contains(@id, \"masterListContractsSmartTable-header-inner\")]"}
RESULT: {"using":"xpath","value":"//span[contains(@id, \"masterListContractsSmartTable-header-inner\")]"}
COMMAND: POST /session/baa8cc8c703ae50a3cfee07d32ab3bfd/elements - {"using":"xpath","value":"//span[contains(@id, \"masterListContractsSmartTable-header-inner\")]"}
RESULT: {"using":"xpath","value":"//span[contains(@id, \"masterListContractsSmartTable-header-inner\")]"}
COMMAND: POST /session/baa8cc8c703ae50a3cfee07d32ab3bfd/execute/sync - {"script":"<script> [56 bytes]","args":[{"element-6066-11e4-a52e-4f735466cecf":"f.A7D77B31E8FD2DE6ABF8E388F5FFE54F.d.5C1C6E58D66C69C031893508850FD013.e.23782","ELEMENT":"f.A7D77B31E8FD2DE6ABF8E388F5FFE54F.d.5C1C6E58D66C69C031893508850FD013.e.23782"}]}
RESULT: {"script":"<script> [56 bytes]","args":[{"element-6066-11e4-a52e-4f735466cecf":"f.A7D77B31E8FD2DE6ABF8E388F5FFE54F.d.5C1C6E58D66C69C031893508850FD013.e.23782","ELEMENT":"f.A7D77B31E8FD2DE6ABF8E388F5FFE54F.d.5C1C6E58D66C69C031893508850FD013.e.23782"}]}
COMMAND: POST /session/baa8cc8c703ae50a3cfee07d32ab3bfd/element - {"using":"xpath","value":"(//span[contains(@id, \"imgNav\")])[1]"}
COMMAND: GET /session/baa8cc8c703ae50a3cfee07d32ab3bfd/screenshot - {}
RESULT: {"using":"xpath","value":"(//span[contains(@id, \"imgNav\")])[1]"}
COMMAND: POST /session/baa8cc8c703ae50a3cfee07d32ab3bfd/element/f.A7D77B31E8FD2DE6ABF8E388F5FFE54F.d.5C1C6E58D66C69C031893508850FD013.e.23754/click - {}
RESULT: {}
RESULT: {}
COMMAND: GET /session/baa8cc8c703ae50a3cfee07d32ab3bfd/screenshot - {}
RESULT: {}
COMMAND: POST /session/baa8cc8c703ae50a3cfee07d32ab3bfd/element - {"using":"xpath","value":"//tr[@data-kt=\"productsColumnListItem\"]//td//span[contains(@id, \"imgNav\")][1]"}
RESULT: {"using":"xpath","value":"//tr[@data-kt=\"productsColumnListItem\"]//td//span[contains(@id, \"imgNav\")][1]"}
COMMAND: POST /session/baa8cc8c703ae50a3cfee07d32ab3bfd/element/f.A7D77B31E8FD2DE6ABF8E388F5FFE54F.d.5C1C6E58D66C69C031893508850FD013.e.23944/click - {}
RESULT: {}
COMMAND: GET /session/baa8cc8c703ae50a3cfee07d32ab3bfd/screenshot - {}
RESULT: {}
COMMAND: POST /session/baa8cc8c703ae50a3cfee07d32ab3bfd/element - {"using":"xpath","value":"//section[contains(@id, \"application-managecontracts-display-component---BillingItem--ObjectPageLayout-OPHeaderContent\")]/div/div/div/div/div[2]/div/div[2]/span"}
RESULT: {"using":"xpath","value":"//section[contains(@id, \"application-managecontracts-display-component---BillingItem--ObjectPageLayout-OPHeaderContent\")]/div/div/div/div/div[2]/div/div[2]/span"}
COMMAND: POST /session/baa8cc8c703ae50a3cfee07d32ab3bfd/execute/sync - {"script":"<script> [56 bytes]","args":[{"element-6066-11e4-a52e-4f735466cecf":"f.A7D77B31E8FD2DE6ABF8E388F5FFE54F.d.5C1C6E58D66C69C031893508850FD013.e.24080","ELEMENT":"f.A7D77B31E8FD2DE6ABF8E388F5FFE54F.d.5C1C6E58D66C69C031893508850FD013.e.24080"}]}
RESULT: {"script":"<script> [56 bytes]","args":[{"element-6066-11e4-a52e-4f735466cecf":"f.A7D77B31E8FD2DE6ABF8E388F5FFE54F.d.5C1C6E58D66C69C031893508850FD013.e.24080","ELEMENT":"f.A7D77B31E8FD2DE6ABF8E388F5FFE54F.d.5C1C6E58D66C69C031893508850FD013.e.24080"}]}
COMMAND: POST /session/baa8cc8c703ae50a3cfee07d32ab3bfd/element - {"using":"xpath","value":"//table[contains(@id, \"application-managecontracts-display-component---BillingItem--billingList-listUl\")]//td//*[contains(text(), \"partial billed\")]"}
COMMAND: GET /session/baa8cc8c703ae50a3cfee07d32ab3bfd/screenshot - {}
RESULT: {"using":"xpath","value":"//table[contains(@id, \"application-managecontracts-display-component---BillingItem--billingList-listUl\")]//td//*[contains(text(), \"partial billed\")]"}
COMMAND: POST /session/baa8cc8c703ae50a3cfee07d32ab3bfd/execute/sync - {"script":"<script> [56 bytes]","args":[{"element-6066-11e4-a52e-4f735466cecf":"f.A7D77B31E8FD2DE6ABF8E388F5FFE54F.d.5C1C6E58D66C69C031893508850FD013.e.24081","ELEMENT":"f.A7D77B31E8FD2DE6ABF8E388F5FFE54F.d.5C1C6E58D66C69C031893508850FD013.e.24081"}]}
RESULT: {}
RESULT: {"script":"<script> [56 bytes]","args":[{"element-6066-11e4-a52e-4f735466cecf":"f.A7D77B31E8FD2DE6ABF8E388F5FFE54F.d.5C1C6E58D66C69C031893508850FD013.e.24081","ELEMENT":"f.A7D77B31E8FD2DE6ABF8E388F5FFE54F.d.5C1C6E58D66C69C031893508850FD013.e.24081"}]}
COMMAND: POST /session/baa8cc8c703ae50a3cfee07d32ab3bfd/element - {"using":"css selector","value":"#shell-header-logo"}
COMMAND: GET /session/baa8cc8c703ae50a3cfee07d32ab3bfd/screenshot - {}
RESULT: {"using":"css selector","value":"#shell-header-logo"}
COMMAND: POST /session/baa8cc8c703ae50a3cfee07d32ab3bfd/element/f.A7D77B31E8FD2DE6ABF8E388F5FFE54F.d.5C1C6E58D66C69C031893508850FD013.e.23646/click - {}
RESULT: {}
RESULT: {}
COMMAND: GET /session/baa8cc8c703ae50a3cfee07d32ab3bfd/screenshot - {}
RESULT: {}
]]></system-out>
    </testcase>
    <testcase classname="chrome.135_0_7049_42.windows.Billing_Calculation_-_Time_based_(considering_transport_times)_US139738" name="Should do a handover return 2 step 7 days after provide or 14 days from today receive it in 21 days" time="155.653">
      <system-out><![CDATA[
RESULT: undefined
COMMAND: POST /session/baa8cc8c703ae50a3cfee07d32ab3bfd/element - {"using":"xpath","value":"//*[@id=\"__tile130-title\"]"}
RESULT: {"using":"xpath","value":"//*[@id=\"__tile130-title\"]"}
COMMAND: POST /session/baa8cc8c703ae50a3cfee07d32ab3bfd/element/f.A7D77B31E8FD2DE6ABF8E388F5FFE54F.d.5C1C6E58D66C69C031893508850FD013.e.21634/click - {}
RESULT: undefined
RESULT: undefined
RESULT: {}
COMMAND: GET /session/baa8cc8c703ae50a3cfee07d32ab3bfd/screenshot - {}
RESULT: {}
COMMAND: POST /session/baa8cc8c703ae50a3cfee07d32ab3bfd/element - {"using":"xpath","value":"//button[@data-kt=\"addButton\"]"}
RESULT: {"using":"xpath","value":"//button[@data-kt=\"addButton\"]"}
COMMAND: POST /session/baa8cc8c703ae50a3cfee07d32ab3bfd/elements - {"using":"xpath","value":"//button[@data-kt=\"addButton\"]"}
RESULT: {"using":"xpath","value":"//button[@data-kt=\"addButton\"]"}
COMMAND: POST /session/baa8cc8c703ae50a3cfee07d32ab3bfd/execute/sync - {"script":"<script> [8489 bytes]","args":[{"element-6066-11e4-a52e-4f735466cecf":"f.A7D77B31E8FD2DE6ABF8E388F5FFE54F.d.5C1C6E58D66C69C031893508850FD013.e.24160","ELEMENT":"f.A7D77B31E8FD2DE6ABF8E388F5FFE54F.d.5C1C6E58D66C69C031893508850FD013.e.24160"}]}
RESULT: {"script":"<script> [8489 bytes]","args":[{"element-6066-11e4-a52e-4f735466cecf":"f.A7D77B31E8FD2DE6ABF8E388F5FFE54F.d.5C1C6E58D66C69C031893508850FD013.e.24160","ELEMENT":"f.A7D77B31E8FD2DE6ABF8E388F5FFE54F.d.5C1C6E58D66C69C031893508850FD013.e.24160"}]}
COMMAND: GET /session/baa8cc8c703ae50a3cfee07d32ab3bfd/element/f.A7D77B31E8FD2DE6ABF8E388F5FFE54F.d.5C1C6E58D66C69C031893508850FD013.e.24160/enabled - {}
COMMAND: GET /session/baa8cc8c703ae50a3cfee07d32ab3bfd/screenshot - {}
RESULT: {}
COMMAND: POST /session/baa8cc8c703ae50a3cfee07d32ab3bfd/execute/sync - {"script":"<script> [8489 bytes]","args":[{"element-6066-11e4-a52e-4f735466cecf":"f.A7D77B31E8FD2DE6ABF8E388F5FFE54F.d.5C1C6E58D66C69C031893508850FD013.e.24160","ELEMENT":"f.A7D77B31E8FD2DE6ABF8E388F5FFE54F.d.5C1C6E58D66C69C031893508850FD013.e.24160"}]}
COMMAND: GET /session/baa8cc8c703ae50a3cfee07d32ab3bfd/screenshot - {}
RESULT: {}
RESULT: {"script":"<script> [8489 bytes]","args":[{"element-6066-11e4-a52e-4f735466cecf":"f.A7D77B31E8FD2DE6ABF8E388F5FFE54F.d.5C1C6E58D66C69C031893508850FD013.e.24160","ELEMENT":"f.A7D77B31E8FD2DE6ABF8E388F5FFE54F.d.5C1C6E58D66C69C031893508850FD013.e.24160"}]}
COMMAND: POST /session/baa8cc8c703ae50a3cfee07d32ab3bfd/execute/sync - {"script":"<script> [5351 bytes]","args":[{"element-6066-11e4-a52e-4f735466cecf":"f.A7D77B31E8FD2DE6ABF8E388F5FFE54F.d.5C1C6E58D66C69C031893508850FD013.e.24160","ELEMENT":"f.A7D77B31E8FD2DE6ABF8E388F5FFE54F.d.5C1C6E58D66C69C031893508850FD013.e.24160"}]}
COMMAND: GET /session/baa8cc8c703ae50a3cfee07d32ab3bfd/screenshot - {}
RESULT: {}
RESULT: {"script":"<script> [5351 bytes]","args":[{"element-6066-11e4-a52e-4f735466cecf":"f.A7D77B31E8FD2DE6ABF8E388F5FFE54F.d.5C1C6E58D66C69C031893508850FD013.e.24160","ELEMENT":"f.A7D77B31E8FD2DE6ABF8E388F5FFE54F.d.5C1C6E58D66C69C031893508850FD013.e.24160"}]}
COMMAND: GET /session/baa8cc8c703ae50a3cfee07d32ab3bfd/screenshot - {}
RESULT: {}
RESULT: {}
COMMAND: POST /session/baa8cc8c703ae50a3cfee07d32ab3bfd/element - {"using":"xpath","value":"//input[contains(@id ,\"smartContractFilterBar-btnBasicSearch-I\")]"}
RESULT: {"using":"xpath","value":"//input[contains(@id ,\"smartContractFilterBar-btnBasicSearch-I\")]"}
COMMAND: POST /session/baa8cc8c703ae50a3cfee07d32ab3bfd/elements - {"using":"xpath","value":"//input[contains(@id ,\"smartContractFilterBar-btnBasicSearch-I\")]"}
RESULT: {"using":"xpath","value":"//input[contains(@id ,\"smartContractFilterBar-btnBasicSearch-I\")]"}
COMMAND: POST /session/baa8cc8c703ae50a3cfee07d32ab3bfd/execute/sync - {"script":"<script> [8489 bytes]","args":[{"element-6066-11e4-a52e-4f735466cecf":"f.A7D77B31E8FD2DE6ABF8E388F5FFE54F.d.5C1C6E58D66C69C031893508850FD013.e.24087","ELEMENT":"f.A7D77B31E8FD2DE6ABF8E388F5FFE54F.d.5C1C6E58D66C69C031893508850FD013.e.24087"}]}
RESULT: {"script":"<script> [8489 bytes]","args":[{"element-6066-11e4-a52e-4f735466cecf":"f.A7D77B31E8FD2DE6ABF8E388F5FFE54F.d.5C1C6E58D66C69C031893508850FD013.e.24087","ELEMENT":"f.A7D77B31E8FD2DE6ABF8E388F5FFE54F.d.5C1C6E58D66C69C031893508850FD013.e.24087"}]}
COMMAND: GET /session/baa8cc8c703ae50a3cfee07d32ab3bfd/element/f.A7D77B31E8FD2DE6ABF8E388F5FFE54F.d.5C1C6E58D66C69C031893508850FD013.e.24087/enabled - {}
COMMAND: GET /session/baa8cc8c703ae50a3cfee07d32ab3bfd/screenshot - {}
RESULT: {}
COMMAND: POST /session/baa8cc8c703ae50a3cfee07d32ab3bfd/element/f.A7D77B31E8FD2DE6ABF8E388F5FFE54F.d.5C1C6E58D66C69C031893508850FD013.e.24087/clear - {}
COMMAND: GET /session/baa8cc8c703ae50a3cfee07d32ab3bfd/screenshot - {}
RESULT: {}
RESULT: {}
COMMAND: POST /session/baa8cc8c703ae50a3cfee07d32ab3bfd/element/f.A7D77B31E8FD2DE6ABF8E388F5FFE54F.d.5C1C6E58D66C69C031893508850FD013.e.24087/value - {"text":"10594"}
COMMAND: GET /session/baa8cc8c703ae50a3cfee07d32ab3bfd/screenshot - {}
RESULT: {}
RESULT: {"text":"10594"}
COMMAND: GET /session/baa8cc8c703ae50a3cfee07d32ab3bfd/screenshot - {}
RESULT: {}
RESULT: {}
COMMAND: POST /session/baa8cc8c703ae50a3cfee07d32ab3bfd/actions - {"actions":[{"id":"action81","type":"key","parameters":{},"actions":[{"type":"keyDown","value":""},{"type":"pause","duration":10},{"type":"keyUp","value":""}]}]}
RESULT: {"actions":[{"id":"action81","type":"key","parameters":{},"actions":[{"type":"keyDown","value":""},{"type":"pause","duration":10},{"type":"keyUp","value":""}]}]}
COMMAND: GET /session/baa8cc8c703ae50a3cfee07d32ab3bfd/screenshot - {}
RESULT: {}
COMMAND: POST /session/baa8cc8c703ae50a3cfee07d32ab3bfd/element - {"using":"xpath","value":"//span[contains(@id, \"masterListContractsSmartTable-header-inner\")]"}
RESULT: {"using":"xpath","value":"//span[contains(@id, \"masterListContractsSmartTable-header-inner\")]"}
COMMAND: POST /session/baa8cc8c703ae50a3cfee07d32ab3bfd/elements - {"using":"xpath","value":"//span[contains(@id, \"masterListContractsSmartTable-header-inner\")]"}
RESULT: {"using":"xpath","value":"//span[contains(@id, \"masterListContractsSmartTable-header-inner\")]"}
COMMAND: POST /session/baa8cc8c703ae50a3cfee07d32ab3bfd/execute/sync - {"script":"<script> [56 bytes]","args":[{"element-6066-11e4-a52e-4f735466cecf":"f.A7D77B31E8FD2DE6ABF8E388F5FFE54F.d.5C1C6E58D66C69C031893508850FD013.e.24214","ELEMENT":"f.A7D77B31E8FD2DE6ABF8E388F5FFE54F.d.5C1C6E58D66C69C031893508850FD013.e.24214"}]}
RESULT: {"script":"<script> [56 bytes]","args":[{"element-6066-11e4-a52e-4f735466cecf":"f.A7D77B31E8FD2DE6ABF8E388F5FFE54F.d.5C1C6E58D66C69C031893508850FD013.e.24214","ELEMENT":"f.A7D77B31E8FD2DE6ABF8E388F5FFE54F.d.5C1C6E58D66C69C031893508850FD013.e.24214"}]}
COMMAND: POST /session/baa8cc8c703ae50a3cfee07d32ab3bfd/element - {"using":"xpath","value":"(//span[contains(@id, \"imgNav\")])[1]"}
COMMAND: GET /session/baa8cc8c703ae50a3cfee07d32ab3bfd/screenshot - {}
RESULT: {}
RESULT: {"using":"xpath","value":"(//span[contains(@id, \"imgNav\")])[1]"}
COMMAND: POST /session/baa8cc8c703ae50a3cfee07d32ab3bfd/element/f.A7D77B31E8FD2DE6ABF8E388F5FFE54F.d.5C1C6E58D66C69C031893508850FD013.e.24190/click - {}
RESULT: {}
COMMAND: GET /session/baa8cc8c703ae50a3cfee07d32ab3bfd/screenshot - {}
RESULT: {}
COMMAND: POST /session/baa8cc8c703ae50a3cfee07d32ab3bfd/element - {"using":"xpath","value":"//button[contains(@id, \"contractDetailReturnButton\")]"}
RESULT: {"using":"xpath","value":"//button[contains(@id, \"contractDetailReturnButton\")]"}
COMMAND: POST /session/baa8cc8c703ae50a3cfee07d32ab3bfd/element/f.A7D77B31E8FD2DE6ABF8E388F5FFE54F.d.5C1C6E58D66C69C031893508850FD013.e.24283/click - {}
RESULT: {}
COMMAND: GET /session/baa8cc8c703ae50a3cfee07d32ab3bfd/screenshot - {}
RESULT: {}
RESULT: undefined
COMMAND: POST /session/baa8cc8c703ae50a3cfee07d32ab3bfd/execute/async - {"script":"<script> [776 bytes]","args":[{"enterText":"05/07/25","selector":{"id":"application-managehandovers-display-component---AddNewHO--dueDate","interaction":{"idSuffix":"inner"}},"clearTextFirst":true,"interactionType":"ENTER_TEXT"}]}
RESULT: {"script":"<script> [776 bytes]","args":[{"enterText":"05/07/25","selector":{"id":"application-managehandovers-display-component---AddNewHO--dueDate","interaction":{"idSuffix":"inner"}},"clearTextFirst":true,"interactionType":"ENTER_TEXT"}]}
COMMAND: POST /session/baa8cc8c703ae50a3cfee07d32ab3bfd/element - {"using":"xpath","value":"//bdi[contains(text(), \"Instructions\")]"}
RESULT: {"using":"xpath","value":"//bdi[contains(text(), \"Instructions\")]"}
COMMAND: POST /session/baa8cc8c703ae50a3cfee07d32ab3bfd/element/f.A7D77B31E8FD2DE6ABF8E388F5FFE54F.d.5C1C6E58D66C69C031893508850FD013.e.24683/click - {}
RESULT: {}
COMMAND: GET /session/baa8cc8c703ae50a3cfee07d32ab3bfd/screenshot - {}
RESULT: {}
COMMAND: POST /session/baa8cc8c703ae50a3cfee07d32ab3bfd/element - {"using":"xpath","value":"//button[@data-kt=\"AddNewHOProvideAddItemsButton\"]"}
RESULT: {"using":"xpath","value":"//button[@data-kt=\"AddNewHOProvideAddItemsButton\"]"}
COMMAND: POST /session/baa8cc8c703ae50a3cfee07d32ab3bfd/element/f.A7D77B31E8FD2DE6ABF8E388F5FFE54F.d.5C1C6E58D66C69C031893508850FD013.e.24504/click - {}
RESULT: {}
COMMAND: GET /session/baa8cc8c703ae50a3cfee07d32ab3bfd/screenshot - {}
RESULT: {}
RESULT: undefined
COMMAND: POST /session/baa8cc8c703ae50a3cfee07d32ab3bfd/element - {"using":"xpath","value":"//*[@id=\"application-managehandovers-display-component---AddNewHO--popup-sa\"]"}
RESULT: {"using":"xpath","value":"//*[@id=\"application-managehandovers-display-component---AddNewHO--popup-sa\"]"}
COMMAND: POST /session/baa8cc8c703ae50a3cfee07d32ab3bfd/element/f.A7D77B31E8FD2DE6ABF8E388F5FFE54F.d.5C1C6E58D66C69C031893508850FD013.e.24701/click - {}
RESULT: {}
COMMAND: GET /session/baa8cc8c703ae50a3cfee07d32ab3bfd/screenshot - {}
RESULT: {}
COMMAND: POST /session/baa8cc8c703ae50a3cfee07d32ab3bfd/element - {"using":"xpath","value":"//*[contains(@id ,\"BDI-content\")][contains(text(), \"Select\")]"}
RESULT: {"using":"xpath","value":"//*[contains(@id ,\"BDI-content\")][contains(text(), \"Select\")]"}
COMMAND: POST /session/baa8cc8c703ae50a3cfee07d32ab3bfd/element/f.A7D77B31E8FD2DE6ABF8E388F5FFE54F.d.5C1C6E58D66C69C031893508850FD013.e.24702/click - {}
RESULT: {}
COMMAND: GET /session/baa8cc8c703ae50a3cfee07d32ab3bfd/screenshot - {}
RESULT: {}
COMMAND: POST /session/baa8cc8c703ae50a3cfee07d32ab3bfd/element - {"using":"xpath","value":"(//div[contains(@id, \"application-managehandovers-display-component---AddNewHO--oneStep-CbBg\")])"}
RESULT: {"using":"xpath","value":"(//div[contains(@id, \"application-managehandovers-display-component---AddNewHO--oneStep-CbBg\")])"}
COMMAND: POST /session/baa8cc8c703ae50a3cfee07d32ab3bfd/element/f.A7D77B31E8FD2DE6ABF8E388F5FFE54F.d.5C1C6E58D66C69C031893508850FD013.e.24710/click - {}
RESULT: {}
RESULT: undefined
COMMAND: POST /session/baa8cc8c703ae50a3cfee07d32ab3bfd/element - {"using":"xpath","value":"//*[@id=\"application-managehandovers-display-component---AddNewHO--confirmCreationButton\"]"}
COMMAND: GET /session/baa8cc8c703ae50a3cfee07d32ab3bfd/screenshot - {}
RESULT: {"using":"xpath","value":"//*[@id=\"application-managehandovers-display-component---AddNewHO--confirmCreationButton\"]"}
COMMAND: POST /session/baa8cc8c703ae50a3cfee07d32ab3bfd/element/f.A7D77B31E8FD2DE6ABF8E388F5FFE54F.d.5C1C6E58D66C69C031893508850FD013.e.24511/click - {}
RESULT: {}
RESULT: {}
COMMAND: GET /session/baa8cc8c703ae50a3cfee07d32ab3bfd/screenshot - {}
RESULT: {}
COMMAND: POST /session/baa8cc8c703ae50a3cfee07d32ab3bfd/element - {"using":"xpath","value":"//button[@data-kt=\"PickingTableConfirmAllButton\"]"}
RESULT: {"using":"xpath","value":"//button[@data-kt=\"PickingTableConfirmAllButton\"]"}
COMMAND: POST /session/baa8cc8c703ae50a3cfee07d32ab3bfd/element/f.A7D77B31E8FD2DE6ABF8E388F5FFE54F.d.5C1C6E58D66C69C031893508850FD013.e.24739/click - {}
COMMAND: POST /session/baa8cc8c703ae50a3cfee07d32ab3bfd/element - {"using":"xpath","value":"//button[@data-kt=\"PickingTableConfirmAllButton\"]"}
RESULT: {"using":"xpath","value":"//button[@data-kt=\"PickingTableConfirmAllButton\"]"}
COMMAND: POST /session/baa8cc8c703ae50a3cfee07d32ab3bfd/element/f.A7D77B31E8FD2DE6ABF8E388F5FFE54F.d.5C1C6E58D66C69C031893508850FD013.e.24739/click - {}
COMMAND: POST /session/baa8cc8c703ae50a3cfee07d32ab3bfd/element - {"using":"xpath","value":"//button[@data-kt=\"PickingTableConfirmAllButton\"]"}
RESULT: {"using":"xpath","value":"//button[@data-kt=\"PickingTableConfirmAllButton\"]"}
COMMAND: POST /session/baa8cc8c703ae50a3cfee07d32ab3bfd/element/f.A7D77B31E8FD2DE6ABF8E388F5FFE54F.d.5C1C6E58D66C69C031893508850FD013.e.24762/click - {}
RESULT: {}
COMMAND: GET /session/baa8cc8c703ae50a3cfee07d32ab3bfd/screenshot - {}
RESULT: {}
COMMAND: POST /session/baa8cc8c703ae50a3cfee07d32ab3bfd/element - {"using":"xpath","value":"//bdi[contains(text(), \"OK\")]"}
RESULT: {"using":"xpath","value":"//bdi[contains(text(), \"OK\")]"}
COMMAND: POST /session/baa8cc8c703ae50a3cfee07d32ab3bfd/element/f.A7D77B31E8FD2DE6ABF8E388F5FFE54F.d.5C1C6E58D66C69C031893508850FD013.e.24765/click - {}
RESULT: {}
COMMAND: GET /session/baa8cc8c703ae50a3cfee07d32ab3bfd/screenshot - {}
RESULT: {}
COMMAND: POST /session/baa8cc8c703ae50a3cfee07d32ab3bfd/element - {"using":"xpath","value":"//button[@data-kt=\"execHoPickButton\"]"}
RESULT: {"using":"xpath","value":"//button[@data-kt=\"execHoPickButton\"]"}
COMMAND: POST /session/baa8cc8c703ae50a3cfee07d32ab3bfd/element/f.A7D77B31E8FD2DE6ABF8E388F5FFE54F.d.5C1C6E58D66C69C031893508850FD013.e.24767/click - {}
RESULT: {}
COMMAND: GET /session/baa8cc8c703ae50a3cfee07d32ab3bfd/screenshot - {}
RESULT: {}
COMMAND: POST /session/baa8cc8c703ae50a3cfee07d32ab3bfd/element - {"using":"xpath","value":"//span[contains(@id ,\"filterItemControl_BASIC-SEND_CONTRACT-vhi\")]"}
RESULT: {"using":"xpath","value":"//span[contains(@id ,\"filterItemControl_BASIC-SEND_CONTRACT-vhi\")]"}
COMMAND: POST /session/baa8cc8c703ae50a3cfee07d32ab3bfd/element/f.A7D77B31E8FD2DE6ABF8E388F5FFE54F.d.5C1C6E58D66C69C031893508850FD013.e.24942/click - {}
RESULT: {}
COMMAND: GET /session/baa8cc8c703ae50a3cfee07d32ab3bfd/screenshot - {}
RESULT: {}
RESULT: undefined
COMMAND: POST /session/baa8cc8c703ae50a3cfee07d32ab3bfd/execute/async - {"script":"<script> [776 bytes]","args":[{"enterText":"10594","selector":{"controlType":"sap.m.SearchField","viewName":"etm.portal.ui.managehandovers.view.MasterHO","bindingPath":{"path":"","propertyPath":"/_BASIC_SEARCH_FIELD","modelName":"fi1t3rM0d31"},"searchOpenDialogs":true,"interaction":{"idSuffix":"I"}},"clearTextFirst":true,"interactionType":"ENTER_TEXT"}]}
RESULT: {"script":"<script> [776 bytes]","args":[{"enterText":"10594","selector":{"controlType":"sap.m.SearchField","viewName":"etm.portal.ui.managehandovers.view.MasterHO","bindingPath":{"path":"","propertyPath":"/_BASIC_SEARCH_FIELD","modelName":"fi1t3rM0d31"},"searchOpenDialogs":true,"interaction":{"idSuffix":"I"}},"clearTextFirst":true,"interactionType":"ENTER_TEXT"}]}
COMMAND: POST /session/baa8cc8c703ae50a3cfee07d32ab3bfd/actions - {"actions":[{"id":"action82","type":"key","parameters":{},"actions":[{"type":"keyDown","value":""},{"type":"pause","duration":10},{"type":"keyUp","value":""}]}]}
RESULT: {"actions":[{"id":"action82","type":"key","parameters":{},"actions":[{"type":"keyDown","value":""},{"type":"pause","duration":10},{"type":"keyUp","value":""}]}]}
COMMAND: GET /session/baa8cc8c703ae50a3cfee07d32ab3bfd/screenshot - {}
RESULT: {}
COMMAND: POST /session/baa8cc8c703ae50a3cfee07d32ab3bfd/element - {"using":"xpath","value":"//div[contains(@id, 'filterItemControl_BASIC-SEND_CONTRACT-valueHelpDialog-table-rowsel0')]"}
RESULT: {"using":"xpath","value":"//div[contains(@id, 'filterItemControl_BASIC-SEND_CONTRACT-valueHelpDialog-table-rowsel0')]"}
COMMAND: POST /session/baa8cc8c703ae50a3cfee07d32ab3bfd/element/f.A7D77B31E8FD2DE6ABF8E388F5FFE54F.d.5C1C6E58D66C69C031893508850FD013.e.24950/click - {}
RESULT: {}
COMMAND: GET /session/baa8cc8c703ae50a3cfee07d32ab3bfd/screenshot - {}
RESULT: {}
COMMAND: POST /session/baa8cc8c703ae50a3cfee07d32ab3bfd/element - {"using":"xpath","value":"//bdi[contains(text(), \"OK\")]"}
RESULT: {"using":"xpath","value":"//bdi[contains(text(), \"OK\")]"}
COMMAND: POST /session/baa8cc8c703ae50a3cfee07d32ab3bfd/element/f.A7D77B31E8FD2DE6ABF8E388F5FFE54F.d.5C1C6E58D66C69C031893508850FD013.e.24952/click - {}
RESULT: {}
COMMAND: GET /session/baa8cc8c703ae50a3cfee07d32ab3bfd/screenshot - {}
RESULT: {}
COMMAND: POST /session/baa8cc8c703ae50a3cfee07d32ab3bfd/element - {"using":"xpath","value":"//span[contains(@id, \"smartTable-header-inner\")]"}
RESULT: {"using":"xpath","value":"//span[contains(@id, \"smartTable-header-inner\")]"}
COMMAND: POST /session/baa8cc8c703ae50a3cfee07d32ab3bfd/elements - {"using":"xpath","value":"//span[contains(@id, \"smartTable-header-inner\")]"}
RESULT: {"using":"xpath","value":"//span[contains(@id, \"smartTable-header-inner\")]"}
COMMAND: POST /session/baa8cc8c703ae50a3cfee07d32ab3bfd/execute/sync - {"script":"<script> [56 bytes]","args":[{"element-6066-11e4-a52e-4f735466cecf":"f.A7D77B31E8FD2DE6ABF8E388F5FFE54F.d.5C1C6E58D66C69C031893508850FD013.e.24976","ELEMENT":"f.A7D77B31E8FD2DE6ABF8E388F5FFE54F.d.5C1C6E58D66C69C031893508850FD013.e.24976"}]}
RESULT: {"script":"<script> [56 bytes]","args":[{"element-6066-11e4-a52e-4f735466cecf":"f.A7D77B31E8FD2DE6ABF8E388F5FFE54F.d.5C1C6E58D66C69C031893508850FD013.e.24976","ELEMENT":"f.A7D77B31E8FD2DE6ABF8E388F5FFE54F.d.5C1C6E58D66C69C031893508850FD013.e.24976"}]}
COMMAND: POST /session/baa8cc8c703ae50a3cfee07d32ab3bfd/element - {"using":"xpath","value":"//table[contains(@id, \"customHandovers\")]//tbody/tr[1]/td[2]/span"}
COMMAND: GET /session/baa8cc8c703ae50a3cfee07d32ab3bfd/screenshot - {}
RESULT: {"using":"xpath","value":"//table[contains(@id, \"customHandovers\")]//tbody/tr[1]/td[2]/span"}
COMMAND: POST /session/baa8cc8c703ae50a3cfee07d32ab3bfd/execute/sync - {"script":"<script> [56 bytes]","args":[{"element-6066-11e4-a52e-4f735466cecf":"f.A7D77B31E8FD2DE6ABF8E388F5FFE54F.d.5C1C6E58D66C69C031893508850FD013.e.24977","ELEMENT":"f.A7D77B31E8FD2DE6ABF8E388F5FFE54F.d.5C1C6E58D66C69C031893508850FD013.e.24977"}]}
RESULT: {}
RESULT: {"script":"<script> [56 bytes]","args":[{"element-6066-11e4-a52e-4f735466cecf":"f.A7D77B31E8FD2DE6ABF8E388F5FFE54F.d.5C1C6E58D66C69C031893508850FD013.e.24977","ELEMENT":"f.A7D77B31E8FD2DE6ABF8E388F5FFE54F.d.5C1C6E58D66C69C031893508850FD013.e.24977"}]}
COMMAND: POST /session/baa8cc8c703ae50a3cfee07d32ab3bfd/element - {"using":"xpath","value":"(//span[contains(@id, \"imgNav\")])[1]"}
COMMAND: GET /session/baa8cc8c703ae50a3cfee07d32ab3bfd/screenshot - {}
RESULT: {"using":"xpath","value":"(//span[contains(@id, \"imgNav\")])[1]"}
COMMAND: POST /session/baa8cc8c703ae50a3cfee07d32ab3bfd/element/f.A7D77B31E8FD2DE6ABF8E388F5FFE54F.d.5C1C6E58D66C69C031893508850FD013.e.24974/click - {}
RESULT: {}
RESULT: {}
COMMAND: GET /session/baa8cc8c703ae50a3cfee07d32ab3bfd/screenshot - {}
RESULT: {}
COMMAND: POST /session/baa8cc8c703ae50a3cfee07d32ab3bfd/element - {"using":"xpath","value":"//button[@data-kt=\"PickingTableConfirmAllButton\"]"}
RESULT: {"using":"xpath","value":"//button[@data-kt=\"PickingTableConfirmAllButton\"]"}
COMMAND: POST /session/baa8cc8c703ae50a3cfee07d32ab3bfd/element/f.A7D77B31E8FD2DE6ABF8E388F5FFE54F.d.5C1C6E58D66C69C031893508850FD013.e.24997/click - {}
RESULT: {}
COMMAND: GET /session/baa8cc8c703ae50a3cfee07d32ab3bfd/screenshot - {}
RESULT: {}
COMMAND: POST /session/baa8cc8c703ae50a3cfee07d32ab3bfd/element - {"using":"xpath","value":"//bdi[contains(text(), \"OK\")]"}
RESULT: {"using":"xpath","value":"//bdi[contains(text(), \"OK\")]"}
COMMAND: POST /session/baa8cc8c703ae50a3cfee07d32ab3bfd/element/f.A7D77B31E8FD2DE6ABF8E388F5FFE54F.d.5C1C6E58D66C69C031893508850FD013.e.25022/click - {}
RESULT: {}
COMMAND: GET /session/baa8cc8c703ae50a3cfee07d32ab3bfd/screenshot - {}
RESULT: {}
COMMAND: POST /session/baa8cc8c703ae50a3cfee07d32ab3bfd/element - {"using":"xpath","value":"//button[@data-kt=\"execHoIssueButton\"]"}
RESULT: {"using":"xpath","value":"//button[@data-kt=\"execHoIssueButton\"]"}
COMMAND: POST /session/baa8cc8c703ae50a3cfee07d32ab3bfd/element/f.A7D77B31E8FD2DE6ABF8E388F5FFE54F.d.5C1C6E58D66C69C031893508850FD013.e.25024/click - {}
RESULT: {}
COMMAND: GET /session/baa8cc8c703ae50a3cfee07d32ab3bfd/screenshot - {}
RESULT: {}
COMMAND: POST /session/baa8cc8c703ae50a3cfee07d32ab3bfd/element - {"using":"xpath","value":"//input[contains(@id ,\"smartFilterBar-btnBasicSearch-I\")]"}
RESULT: {"using":"xpath","value":"//input[contains(@id ,\"smartFilterBar-btnBasicSearch-I\")]"}
COMMAND: POST /session/baa8cc8c703ae50a3cfee07d32ab3bfd/elements - {"using":"xpath","value":"//input[contains(@id ,\"smartFilterBar-btnBasicSearch-I\")]"}
RESULT: {"using":"xpath","value":"//input[contains(@id ,\"smartFilterBar-btnBasicSearch-I\")]"}
COMMAND: POST /session/baa8cc8c703ae50a3cfee07d32ab3bfd/execute/sync - {"script":"<script> [8489 bytes]","args":[{"element-6066-11e4-a52e-4f735466cecf":"f.A7D77B31E8FD2DE6ABF8E388F5FFE54F.d.5C1C6E58D66C69C031893508850FD013.e.24434","ELEMENT":"f.A7D77B31E8FD2DE6ABF8E388F5FFE54F.d.5C1C6E58D66C69C031893508850FD013.e.24434"}]}
RESULT: {"script":"<script> [8489 bytes]","args":[{"element-6066-11e4-a52e-4f735466cecf":"f.A7D77B31E8FD2DE6ABF8E388F5FFE54F.d.5C1C6E58D66C69C031893508850FD013.e.24434","ELEMENT":"f.A7D77B31E8FD2DE6ABF8E388F5FFE54F.d.5C1C6E58D66C69C031893508850FD013.e.24434"}]}
COMMAND: GET /session/baa8cc8c703ae50a3cfee07d32ab3bfd/element/f.A7D77B31E8FD2DE6ABF8E388F5FFE54F.d.5C1C6E58D66C69C031893508850FD013.e.24434/enabled - {}
COMMAND: GET /session/baa8cc8c703ae50a3cfee07d32ab3bfd/screenshot - {}
RESULT: {}
COMMAND: POST /session/baa8cc8c703ae50a3cfee07d32ab3bfd/element/f.A7D77B31E8FD2DE6ABF8E388F5FFE54F.d.5C1C6E58D66C69C031893508850FD013.e.24434/clear - {}
COMMAND: GET /session/baa8cc8c703ae50a3cfee07d32ab3bfd/screenshot - {}
RESULT: {}
RESULT: {}
COMMAND: POST /session/baa8cc8c703ae50a3cfee07d32ab3bfd/element/f.A7D77B31E8FD2DE6ABF8E388F5FFE54F.d.5C1C6E58D66C69C031893508850FD013.e.24434/value - {"text":"31074"}
COMMAND: GET /session/baa8cc8c703ae50a3cfee07d32ab3bfd/screenshot - {}
RESULT: {}
RESULT: {"text":"31074"}
COMMAND: GET /session/baa8cc8c703ae50a3cfee07d32ab3bfd/screenshot - {}
RESULT: {}
RESULT: {}
COMMAND: POST /session/baa8cc8c703ae50a3cfee07d32ab3bfd/actions - {"actions":[{"id":"action83","type":"key","parameters":{},"actions":[{"type":"keyDown","value":""},{"type":"pause","duration":10},{"type":"keyUp","value":""}]}]}
RESULT: {"actions":[{"id":"action83","type":"key","parameters":{},"actions":[{"type":"keyDown","value":""},{"type":"pause","duration":10},{"type":"keyUp","value":""}]}]}
COMMAND: GET /session/baa8cc8c703ae50a3cfee07d32ab3bfd/screenshot - {}
RESULT: {}
COMMAND: POST /session/baa8cc8c703ae50a3cfee07d32ab3bfd/element - {"using":"xpath","value":"//span[contains(@id, \"smartTable-header-inner\")]"}
RESULT: {"using":"xpath","value":"//span[contains(@id, \"smartTable-header-inner\")]"}
COMMAND: POST /session/baa8cc8c703ae50a3cfee07d32ab3bfd/elements - {"using":"xpath","value":"//span[contains(@id, \"smartTable-header-inner\")]"}
RESULT: {"using":"xpath","value":"//span[contains(@id, \"smartTable-header-inner\")]"}
COMMAND: POST /session/baa8cc8c703ae50a3cfee07d32ab3bfd/execute/sync - {"script":"<script> [56 bytes]","args":[{"element-6066-11e4-a52e-4f735466cecf":"f.A7D77B31E8FD2DE6ABF8E388F5FFE54F.d.5C1C6E58D66C69C031893508850FD013.e.24976","ELEMENT":"f.A7D77B31E8FD2DE6ABF8E388F5FFE54F.d.5C1C6E58D66C69C031893508850FD013.e.24976"}]}
RESULT: {"script":"<script> [56 bytes]","args":[{"element-6066-11e4-a52e-4f735466cecf":"f.A7D77B31E8FD2DE6ABF8E388F5FFE54F.d.5C1C6E58D66C69C031893508850FD013.e.24976","ELEMENT":"f.A7D77B31E8FD2DE6ABF8E388F5FFE54F.d.5C1C6E58D66C69C031893508850FD013.e.24976"}]}
COMMAND: POST /session/baa8cc8c703ae50a3cfee07d32ab3bfd/elements - {"using":"xpath","value":"//thead[contains(@class, \"sapMTableTH\")]/tr/th"}
COMMAND: GET /session/baa8cc8c703ae50a3cfee07d32ab3bfd/screenshot - {}
RESULT: {"using":"xpath","value":"//thead[contains(@class, \"sapMTableTH\")]/tr/th"}
COMMAND: GET /session/baa8cc8c703ae50a3cfee07d32ab3bfd/element/f.A7D77B31E8FD2DE6ABF8E388F5FFE54F.d.5C1C6E58D66C69C031893508850FD013.e.25059/text - {}
RESULT: {}
RESULT: {}
COMMAND: GET /session/baa8cc8c703ae50a3cfee07d32ab3bfd/element/f.A7D77B31E8FD2DE6ABF8E388F5FFE54F.d.5C1C6E58D66C69C031893508850FD013.e.25060/text - {}
RESULT: {}
COMMAND: GET /session/baa8cc8c703ae50a3cfee07d32ab3bfd/element/f.A7D77B31E8FD2DE6ABF8E388F5FFE54F.d.5C1C6E58D66C69C031893508850FD013.e.24478/text - {}
RESULT: {}
COMMAND: GET /session/baa8cc8c703ae50a3cfee07d32ab3bfd/element/f.A7D77B31E8FD2DE6ABF8E388F5FFE54F.d.5C1C6E58D66C69C031893508850FD013.e.24480/text - {}
RESULT: {}
COMMAND: GET /session/baa8cc8c703ae50a3cfee07d32ab3bfd/element/f.A7D77B31E8FD2DE6ABF8E388F5FFE54F.d.5C1C6E58D66C69C031893508850FD013.e.25027/text - {}
RESULT: {}
COMMAND: GET /session/baa8cc8c703ae50a3cfee07d32ab3bfd/element/f.A7D77B31E8FD2DE6ABF8E388F5FFE54F.d.5C1C6E58D66C69C031893508850FD013.e.25028/text - {}
RESULT: {}
COMMAND: GET /session/baa8cc8c703ae50a3cfee07d32ab3bfd/element/f.A7D77B31E8FD2DE6ABF8E388F5FFE54F.d.5C1C6E58D66C69C031893508850FD013.e.25029/text - {}
RESULT: {}
COMMAND: GET /session/baa8cc8c703ae50a3cfee07d32ab3bfd/element/f.A7D77B31E8FD2DE6ABF8E388F5FFE54F.d.5C1C6E58D66C69C031893508850FD013.e.25030/text - {}
RESULT: {}
COMMAND: GET /session/baa8cc8c703ae50a3cfee07d32ab3bfd/element/f.A7D77B31E8FD2DE6ABF8E388F5FFE54F.d.5C1C6E58D66C69C031893508850FD013.e.25031/text - {}
RESULT: {}
COMMAND: GET /session/baa8cc8c703ae50a3cfee07d32ab3bfd/element/f.A7D77B31E8FD2DE6ABF8E388F5FFE54F.d.5C1C6E58D66C69C031893508850FD013.e.25032/text - {}
RESULT: {}
COMMAND: GET /session/baa8cc8c703ae50a3cfee07d32ab3bfd/element/f.A7D77B31E8FD2DE6ABF8E388F5FFE54F.d.5C1C6E58D66C69C031893508850FD013.e.25033/text - {}
RESULT: {}
COMMAND: GET /session/baa8cc8c703ae50a3cfee07d32ab3bfd/element/f.A7D77B31E8FD2DE6ABF8E388F5FFE54F.d.5C1C6E58D66C69C031893508850FD013.e.25034/text - {}
RESULT: {}
COMMAND: GET /session/baa8cc8c703ae50a3cfee07d32ab3bfd/element/f.A7D77B31E8FD2DE6ABF8E388F5FFE54F.d.5C1C6E58D66C69C031893508850FD013.e.25035/text - {}
RESULT: {}
COMMAND: GET /session/baa8cc8c703ae50a3cfee07d32ab3bfd/element/f.A7D77B31E8FD2DE6ABF8E388F5FFE54F.d.5C1C6E58D66C69C031893508850FD013.e.24481/text - {}
RESULT: {}
COMMAND: POST /session/baa8cc8c703ae50a3cfee07d32ab3bfd/element - {"using":"xpath","value":"//tbody[contains(@id, \"customHandoversTable-tblBody\")]/tr[1]/td[14]/div/span"}
RESULT: {"using":"xpath","value":"//tbody[contains(@id, \"customHandoversTable-tblBody\")]/tr[1]/td[14]/div/span"}
COMMAND: POST /session/baa8cc8c703ae50a3cfee07d32ab3bfd/execute/sync - {"script":"<script> [56 bytes]","args":[{"element-6066-11e4-a52e-4f735466cecf":"f.A7D77B31E8FD2DE6ABF8E388F5FFE54F.d.5C1C6E58D66C69C031893508850FD013.e.25113","ELEMENT":"f.A7D77B31E8FD2DE6ABF8E388F5FFE54F.d.5C1C6E58D66C69C031893508850FD013.e.25113"}]}
RESULT: {"script":"<script> [56 bytes]","args":[{"element-6066-11e4-a52e-4f735466cecf":"f.A7D77B31E8FD2DE6ABF8E388F5FFE54F.d.5C1C6E58D66C69C031893508850FD013.e.25113","ELEMENT":"f.A7D77B31E8FD2DE6ABF8E388F5FFE54F.d.5C1C6E58D66C69C031893508850FD013.e.25113"}]}
COMMAND: POST /session/baa8cc8c703ae50a3cfee07d32ab3bfd/element - {"using":"xpath","value":"(//span[contains(@id, \"imgNav\")])[1]"}
COMMAND: GET /session/baa8cc8c703ae50a3cfee07d32ab3bfd/screenshot - {}
RESULT: {"using":"xpath","value":"(//span[contains(@id, \"imgNav\")])[1]"}
COMMAND: POST /session/baa8cc8c703ae50a3cfee07d32ab3bfd/element/f.A7D77B31E8FD2DE6ABF8E388F5FFE54F.d.5C1C6E58D66C69C031893508850FD013.e.25114/click - {}
RESULT: {}
RESULT: {}
COMMAND: GET /session/baa8cc8c703ae50a3cfee07d32ab3bfd/screenshot - {}
RESULT: {}
RESULT: undefined
COMMAND: POST /session/baa8cc8c703ae50a3cfee07d32ab3bfd/execute/async - {"script":"<script> [776 bytes]","args":[{"enterText":"05/14/25","selector":{"id":"receiptDatePicker","viewName":"etm.portal.ui.managehandovers.view.DetailExecuteHO","interaction":{"idSuffix":"inner"}},"clearTextFirst":true,"interactionType":"ENTER_TEXT"}]}
RESULT: {"script":"<script> [776 bytes]","args":[{"enterText":"05/14/25","selector":{"id":"receiptDatePicker","viewName":"etm.portal.ui.managehandovers.view.DetailExecuteHO","interaction":{"idSuffix":"inner"}},"clearTextFirst":true,"interactionType":"ENTER_TEXT"}]}
COMMAND: POST /session/baa8cc8c703ae50a3cfee07d32ab3bfd/element - {"using":"xpath","value":"//bdi[contains(text(), \"OK\")]"}
RESULT: {"using":"xpath","value":"//bdi[contains(text(), \"OK\")]"}
COMMAND: POST /session/baa8cc8c703ae50a3cfee07d32ab3bfd/element/f.A7D77B31E8FD2DE6ABF8E388F5FFE54F.d.5C1C6E58D66C69C031893508850FD013.e.25157/click - {}
RESULT: {}
COMMAND: GET /session/baa8cc8c703ae50a3cfee07d32ab3bfd/screenshot - {}
RESULT: {}
COMMAND: POST /session/baa8cc8c703ae50a3cfee07d32ab3bfd/element - {"using":"xpath","value":"//button[@data-kt=\"PickingTableConfirmAllButton\"]"}
RESULT: {"using":"xpath","value":"//button[@data-kt=\"PickingTableConfirmAllButton\"]"}
COMMAND: POST /session/baa8cc8c703ae50a3cfee07d32ab3bfd/element/f.A7D77B31E8FD2DE6ABF8E388F5FFE54F.d.5C1C6E58D66C69C031893508850FD013.e.25143/click - {}
RESULT: {}
COMMAND: GET /session/baa8cc8c703ae50a3cfee07d32ab3bfd/screenshot - {}
RESULT: {}
COMMAND: POST /session/baa8cc8c703ae50a3cfee07d32ab3bfd/element - {"using":"xpath","value":"//bdi[contains(text(), \"OK\")]"}
RESULT: {"using":"xpath","value":"//bdi[contains(text(), \"OK\")]"}
COMMAND: POST /session/baa8cc8c703ae50a3cfee07d32ab3bfd/element/f.A7D77B31E8FD2DE6ABF8E388F5FFE54F.d.5C1C6E58D66C69C031893508850FD013.e.25171/click - {}
RESULT: {}
COMMAND: GET /session/baa8cc8c703ae50a3cfee07d32ab3bfd/screenshot - {}
RESULT: {}
COMMAND: POST /session/baa8cc8c703ae50a3cfee07d32ab3bfd/element - {"using":"xpath","value":"//button[@data-kt= \"execHoReceiveButton\"]"}
RESULT: {"using":"xpath","value":"//button[@data-kt= \"execHoReceiveButton\"]"}
COMMAND: POST /session/baa8cc8c703ae50a3cfee07d32ab3bfd/element/f.A7D77B31E8FD2DE6ABF8E388F5FFE54F.d.5C1C6E58D66C69C031893508850FD013.e.25172/click - {}
RESULT: {}
COMMAND: GET /session/baa8cc8c703ae50a3cfee07d32ab3bfd/screenshot - {}
RESULT: {}
COMMAND: POST /session/baa8cc8c703ae50a3cfee07d32ab3bfd/element - {"using":"xpath","value":"//input[contains(@id ,\"smartFilterBar-btnBasicSearch-I\")]"}
RESULT: {"using":"xpath","value":"//input[contains(@id ,\"smartFilterBar-btnBasicSearch-I\")]"}
COMMAND: POST /session/baa8cc8c703ae50a3cfee07d32ab3bfd/elements - {"using":"xpath","value":"//input[contains(@id ,\"smartFilterBar-btnBasicSearch-I\")]"}
RESULT: {"using":"xpath","value":"//input[contains(@id ,\"smartFilterBar-btnBasicSearch-I\")]"}
COMMAND: POST /session/baa8cc8c703ae50a3cfee07d32ab3bfd/execute/sync - {"script":"<script> [8489 bytes]","args":[{"element-6066-11e4-a52e-4f735466cecf":"f.A7D77B31E8FD2DE6ABF8E388F5FFE54F.d.5C1C6E58D66C69C031893508850FD013.e.24434","ELEMENT":"f.A7D77B31E8FD2DE6ABF8E388F5FFE54F.d.5C1C6E58D66C69C031893508850FD013.e.24434"}]}
RESULT: {"script":"<script> [8489 bytes]","args":[{"element-6066-11e4-a52e-4f735466cecf":"f.A7D77B31E8FD2DE6ABF8E388F5FFE54F.d.5C1C6E58D66C69C031893508850FD013.e.24434","ELEMENT":"f.A7D77B31E8FD2DE6ABF8E388F5FFE54F.d.5C1C6E58D66C69C031893508850FD013.e.24434"}]}
COMMAND: GET /session/baa8cc8c703ae50a3cfee07d32ab3bfd/element/f.A7D77B31E8FD2DE6ABF8E388F5FFE54F.d.5C1C6E58D66C69C031893508850FD013.e.24434/enabled - {}
COMMAND: GET /session/baa8cc8c703ae50a3cfee07d32ab3bfd/screenshot - {}
RESULT: {}
COMMAND: POST /session/baa8cc8c703ae50a3cfee07d32ab3bfd/element/f.A7D77B31E8FD2DE6ABF8E388F5FFE54F.d.5C1C6E58D66C69C031893508850FD013.e.24434/clear - {}
COMMAND: GET /session/baa8cc8c703ae50a3cfee07d32ab3bfd/screenshot - {}
RESULT: {}
RESULT: {}
COMMAND: POST /session/baa8cc8c703ae50a3cfee07d32ab3bfd/element/f.A7D77B31E8FD2DE6ABF8E388F5FFE54F.d.5C1C6E58D66C69C031893508850FD013.e.24434/value - {"text":"31074"}
COMMAND: GET /session/baa8cc8c703ae50a3cfee07d32ab3bfd/screenshot - {}
RESULT: {}
RESULT: {"text":"31074"}
COMMAND: GET /session/baa8cc8c703ae50a3cfee07d32ab3bfd/screenshot - {}
RESULT: {}
RESULT: {}
COMMAND: POST /session/baa8cc8c703ae50a3cfee07d32ab3bfd/actions - {"actions":[{"id":"action84","type":"key","parameters":{},"actions":[{"type":"keyDown","value":""},{"type":"pause","duration":10},{"type":"keyUp","value":""}]}]}
RESULT: {"actions":[{"id":"action84","type":"key","parameters":{},"actions":[{"type":"keyDown","value":""},{"type":"pause","duration":10},{"type":"keyUp","value":""}]}]}
COMMAND: GET /session/baa8cc8c703ae50a3cfee07d32ab3bfd/screenshot - {}
RESULT: {}
COMMAND: POST /session/baa8cc8c703ae50a3cfee07d32ab3bfd/element - {"using":"xpath","value":"//span[contains(@id, \"smartTable-header-inner\")]"}
RESULT: {"using":"xpath","value":"//span[contains(@id, \"smartTable-header-inner\")]"}
COMMAND: POST /session/baa8cc8c703ae50a3cfee07d32ab3bfd/elements - {"using":"xpath","value":"//span[contains(@id, \"smartTable-header-inner\")]"}
RESULT: {"using":"xpath","value":"//span[contains(@id, \"smartTable-header-inner\")]"}
COMMAND: POST /session/baa8cc8c703ae50a3cfee07d32ab3bfd/execute/sync - {"script":"<script> [56 bytes]","args":[{"element-6066-11e4-a52e-4f735466cecf":"f.A7D77B31E8FD2DE6ABF8E388F5FFE54F.d.5C1C6E58D66C69C031893508850FD013.e.24976","ELEMENT":"f.A7D77B31E8FD2DE6ABF8E388F5FFE54F.d.5C1C6E58D66C69C031893508850FD013.e.24976"}]}
RESULT: {"script":"<script> [56 bytes]","args":[{"element-6066-11e4-a52e-4f735466cecf":"f.A7D77B31E8FD2DE6ABF8E388F5FFE54F.d.5C1C6E58D66C69C031893508850FD013.e.24976","ELEMENT":"f.A7D77B31E8FD2DE6ABF8E388F5FFE54F.d.5C1C6E58D66C69C031893508850FD013.e.24976"}]}
COMMAND: POST /session/baa8cc8c703ae50a3cfee07d32ab3bfd/elements - {"using":"xpath","value":"//thead[contains(@class, \"sapMTableTH\")]/tr/th"}
COMMAND: GET /session/baa8cc8c703ae50a3cfee07d32ab3bfd/screenshot - {}
RESULT: {"using":"xpath","value":"//thead[contains(@class, \"sapMTableTH\")]/tr/th"}
COMMAND: GET /session/baa8cc8c703ae50a3cfee07d32ab3bfd/element/f.A7D77B31E8FD2DE6ABF8E388F5FFE54F.d.5C1C6E58D66C69C031893508850FD013.e.25059/text - {}
RESULT: {}
RESULT: {}
COMMAND: GET /session/baa8cc8c703ae50a3cfee07d32ab3bfd/element/f.A7D77B31E8FD2DE6ABF8E388F5FFE54F.d.5C1C6E58D66C69C031893508850FD013.e.25060/text - {}
RESULT: {}
COMMAND: GET /session/baa8cc8c703ae50a3cfee07d32ab3bfd/element/f.A7D77B31E8FD2DE6ABF8E388F5FFE54F.d.5C1C6E58D66C69C031893508850FD013.e.24478/text - {}
RESULT: {}
COMMAND: GET /session/baa8cc8c703ae50a3cfee07d32ab3bfd/element/f.A7D77B31E8FD2DE6ABF8E388F5FFE54F.d.5C1C6E58D66C69C031893508850FD013.e.24480/text - {}
RESULT: {}
COMMAND: GET /session/baa8cc8c703ae50a3cfee07d32ab3bfd/element/f.A7D77B31E8FD2DE6ABF8E388F5FFE54F.d.5C1C6E58D66C69C031893508850FD013.e.25177/text - {}
RESULT: {}
COMMAND: GET /session/baa8cc8c703ae50a3cfee07d32ab3bfd/element/f.A7D77B31E8FD2DE6ABF8E388F5FFE54F.d.5C1C6E58D66C69C031893508850FD013.e.25178/text - {}
RESULT: {}
COMMAND: GET /session/baa8cc8c703ae50a3cfee07d32ab3bfd/element/f.A7D77B31E8FD2DE6ABF8E388F5FFE54F.d.5C1C6E58D66C69C031893508850FD013.e.25179/text - {}
RESULT: {}
COMMAND: GET /session/baa8cc8c703ae50a3cfee07d32ab3bfd/element/f.A7D77B31E8FD2DE6ABF8E388F5FFE54F.d.5C1C6E58D66C69C031893508850FD013.e.25180/text - {}
RESULT: {}
COMMAND: GET /session/baa8cc8c703ae50a3cfee07d32ab3bfd/element/f.A7D77B31E8FD2DE6ABF8E388F5FFE54F.d.5C1C6E58D66C69C031893508850FD013.e.25181/text - {}
RESULT: {}
COMMAND: GET /session/baa8cc8c703ae50a3cfee07d32ab3bfd/element/f.A7D77B31E8FD2DE6ABF8E388F5FFE54F.d.5C1C6E58D66C69C031893508850FD013.e.25182/text - {}
RESULT: {}
COMMAND: GET /session/baa8cc8c703ae50a3cfee07d32ab3bfd/element/f.A7D77B31E8FD2DE6ABF8E388F5FFE54F.d.5C1C6E58D66C69C031893508850FD013.e.25183/text - {}
RESULT: {}
COMMAND: GET /session/baa8cc8c703ae50a3cfee07d32ab3bfd/element/f.A7D77B31E8FD2DE6ABF8E388F5FFE54F.d.5C1C6E58D66C69C031893508850FD013.e.25184/text - {}
RESULT: {}
COMMAND: GET /session/baa8cc8c703ae50a3cfee07d32ab3bfd/element/f.A7D77B31E8FD2DE6ABF8E388F5FFE54F.d.5C1C6E58D66C69C031893508850FD013.e.25185/text - {}
RESULT: {}
COMMAND: GET /session/baa8cc8c703ae50a3cfee07d32ab3bfd/element/f.A7D77B31E8FD2DE6ABF8E388F5FFE54F.d.5C1C6E58D66C69C031893508850FD013.e.24481/text - {}
RESULT: {}
COMMAND: POST /session/baa8cc8c703ae50a3cfee07d32ab3bfd/element - {"using":"xpath","value":"//tbody[contains(@id, \"customHandoversTable-tblBody\")]/tr[1]/td[14]/div/span"}
RESULT: {"using":"xpath","value":"//tbody[contains(@id, \"customHandoversTable-tblBody\")]/tr[1]/td[14]/div/span"}
COMMAND: POST /session/baa8cc8c703ae50a3cfee07d32ab3bfd/execute/sync - {"script":"<script> [56 bytes]","args":[{"element-6066-11e4-a52e-4f735466cecf":"f.A7D77B31E8FD2DE6ABF8E388F5FFE54F.d.5C1C6E58D66C69C031893508850FD013.e.25240","ELEMENT":"f.A7D77B31E8FD2DE6ABF8E388F5FFE54F.d.5C1C6E58D66C69C031893508850FD013.e.25240"}]}
RESULT: {"script":"<script> [56 bytes]","args":[{"element-6066-11e4-a52e-4f735466cecf":"f.A7D77B31E8FD2DE6ABF8E388F5FFE54F.d.5C1C6E58D66C69C031893508850FD013.e.25240","ELEMENT":"f.A7D77B31E8FD2DE6ABF8E388F5FFE54F.d.5C1C6E58D66C69C031893508850FD013.e.25240"}]}
COMMAND: POST /session/baa8cc8c703ae50a3cfee07d32ab3bfd/element - {"using":"css selector","value":"#shell-header-logo"}
COMMAND: GET /session/baa8cc8c703ae50a3cfee07d32ab3bfd/screenshot - {}
RESULT: {"using":"css selector","value":"#shell-header-logo"}
COMMAND: POST /session/baa8cc8c703ae50a3cfee07d32ab3bfd/element/f.A7D77B31E8FD2DE6ABF8E388F5FFE54F.d.5C1C6E58D66C69C031893508850FD013.e.24085/click - {}
RESULT: {}
RESULT: {}
COMMAND: GET /session/baa8cc8c703ae50a3cfee07d32ab3bfd/screenshot - {}
RESULT: {}
]]></system-out>
    </testcase>
    <testcase classname="chrome.135_0_7049_42.windows.Billing_Calculation_-_Time_based_(considering_transport_times)_US139738" name="Should do another billing run but in around 17 days from today" time="52.527">
      <system-out><![CDATA[
RESULT: undefined
COMMAND: POST /session/baa8cc8c703ae50a3cfee07d32ab3bfd/element - {"using":"xpath","value":"//*[@id=\"__tile51\"]"}
RESULT: {"using":"xpath","value":"//*[@id=\"__tile51\"]"}
COMMAND: POST /session/baa8cc8c703ae50a3cfee07d32ab3bfd/element/f.A7D77B31E8FD2DE6ABF8E388F5FFE54F.d.5C1C6E58D66C69C031893508850FD013.e.19508/click - {}
RESULT: {}
COMMAND: GET /session/baa8cc8c703ae50a3cfee07d32ab3bfd/screenshot - {}
RESULT: {}
RESULT: undefined
COMMAND: POST /session/baa8cc8c703ae50a3cfee07d32ab3bfd/execute/async - {"script":"<script> [776 bytes]","args":[{"enterText":"10594","selector":{"id":"application-managebillings-display-component---billRunCalcResult--smartFilterBar-btnBasicSearch","interaction":{"idSuffix":"I"}},"clearTextFirst":true,"interactionType":"ENTER_TEXT"}]}
RESULT: {"script":"<script> [776 bytes]","args":[{"enterText":"10594","selector":{"id":"application-managebillings-display-component---billRunCalcResult--smartFilterBar-btnBasicSearch","interaction":{"idSuffix":"I"}},"clearTextFirst":true,"interactionType":"ENTER_TEXT"}]}
COMMAND: POST /session/baa8cc8c703ae50a3cfee07d32ab3bfd/actions - {"actions":[{"id":"action85","type":"key","parameters":{},"actions":[{"type":"keyDown","value":""},{"type":"pause","duration":10},{"type":"keyUp","value":""}]}]}
RESULT: {"actions":[{"id":"action85","type":"key","parameters":{},"actions":[{"type":"keyDown","value":""},{"type":"pause","duration":10},{"type":"keyUp","value":""}]}]}
COMMAND: GET /session/baa8cc8c703ae50a3cfee07d32ab3bfd/screenshot - {}
RESULT: {}
COMMAND: POST /session/baa8cc8c703ae50a3cfee07d32ab3bfd/element - {"using":"xpath","value":"//td[@aria-colindex=\"1\"]/div/div[contains(@class, \"sapMCbBg\")]"}
RESULT: {"using":"xpath","value":"//td[@aria-colindex=\"1\"]/div/div[contains(@class, \"sapMCbBg\")]"}
COMMAND: POST /session/baa8cc8c703ae50a3cfee07d32ab3bfd/element/f.A7D77B31E8FD2DE6ABF8E388F5FFE54F.d.5C1C6E58D66C69C031893508850FD013.e.25452/click - {}
RESULT: {}
COMMAND: GET /session/baa8cc8c703ae50a3cfee07d32ab3bfd/screenshot - {}
RESULT: {}
RESULT: undefined
COMMAND: POST /session/baa8cc8c703ae50a3cfee07d32ab3bfd/execute/async - {"script":"<script> [776 bytes]","args":[{"enterText":"05/10/25","selector":{"id":"application-managebillings-display-component---billRunCalcResult--contractBillRunDate","interaction":{"idSuffix":"inner"}},"clearTextFirst":true,"interactionType":"ENTER_TEXT"}]}
RESULT: {"script":"<script> [776 bytes]","args":[{"enterText":"05/10/25","selector":{"id":"application-managebillings-display-component---billRunCalcResult--contractBillRunDate","interaction":{"idSuffix":"inner"}},"clearTextFirst":true,"interactionType":"ENTER_TEXT"}]}
COMMAND: POST /session/baa8cc8c703ae50a3cfee07d32ab3bfd/element - {"using":"xpath","value":"//bdi[contains(text(), \"Trigger Calculation\")]"}
RESULT: {"using":"xpath","value":"//bdi[contains(text(), \"Trigger Calculation\")]"}
COMMAND: POST /session/baa8cc8c703ae50a3cfee07d32ab3bfd/element/f.A7D77B31E8FD2DE6ABF8E388F5FFE54F.d.5C1C6E58D66C69C031893508850FD013.e.25503/click - {}
RESULT: {}
COMMAND: GET /session/baa8cc8c703ae50a3cfee07d32ab3bfd/screenshot - {}
RESULT: {}
COMMAND: POST /session/baa8cc8c703ae50a3cfee07d32ab3bfd/element - {"using":"xpath","value":"(//span[contains(@id, \"imgNav\")])[1]"}
RESULT: {"using":"xpath","value":"(//span[contains(@id, \"imgNav\")])[1]"}
COMMAND: POST /session/baa8cc8c703ae50a3cfee07d32ab3bfd/element/f.A7D77B31E8FD2DE6ABF8E388F5FFE54F.d.5C1C6E58D66C69C031893508850FD013.e.25453/click - {}
RESULT: {}
COMMAND: GET /session/baa8cc8c703ae50a3cfee07d32ab3bfd/screenshot - {}
RESULT: {}
COMMAND: POST /session/baa8cc8c703ae50a3cfee07d32ab3bfd/element - {"using":"xpath","value":"//tr/td[6]/div[1]/span[1]/span[1]"}
RESULT: {"using":"xpath","value":"//tr/td[6]/div[1]/span[1]/span[1]"}
COMMAND: GET /session/baa8cc8c703ae50a3cfee07d32ab3bfd/element/f.A7D77B31E8FD2DE6ABF8E388F5FFE54F.d.5C1C6E58D66C69C031893508850FD013.e.25508/text - {}
RESULT: {}
COMMAND: POST /session/baa8cc8c703ae50a3cfee07d32ab3bfd/element - {"using":"xpath","value":"(//span[contains(@id, \"imgNav\")])[2]"}
RESULT: {"using":"xpath","value":"(//span[contains(@id, \"imgNav\")])[2]"}
COMMAND: POST /session/baa8cc8c703ae50a3cfee07d32ab3bfd/element/f.A7D77B31E8FD2DE6ABF8E388F5FFE54F.d.5C1C6E58D66C69C031893508850FD013.e.25509/click - {}
RESULT: {}
COMMAND: POST /session/baa8cc8c703ae50a3cfee07d32ab3bfd/element - {"using":"xpath","value":"//bdi[contains(text(), \"Business Confirm\")]"}
COMMAND: GET /session/baa8cc8c703ae50a3cfee07d32ab3bfd/screenshot - {}
RESULT: {"using":"xpath","value":"//bdi[contains(text(), \"Business Confirm\")]"}
COMMAND: POST /session/baa8cc8c703ae50a3cfee07d32ab3bfd/elements - {"using":"xpath","value":"//bdi[contains(text(), \"Business Confirm\")]"}
RESULT: {}
RESULT: {"using":"xpath","value":"//bdi[contains(text(), \"Business Confirm\")]"}
COMMAND: POST /session/baa8cc8c703ae50a3cfee07d32ab3bfd/elements - {"using":"xpath","value":"//bdi[contains(text(), \"Business Confirm\")]"}
RESULT: {"using":"xpath","value":"//bdi[contains(text(), \"Business Confirm\")]"}
COMMAND: POST /session/baa8cc8c703ae50a3cfee07d32ab3bfd/element - {"using":"xpath","value":"//bdi[contains(text(), \"Business Confirm\")]"}
RESULT: {"using":"xpath","value":"//bdi[contains(text(), \"Business Confirm\")]"}
COMMAND: POST /session/baa8cc8c703ae50a3cfee07d32ab3bfd/element/f.A7D77B31E8FD2DE6ABF8E388F5FFE54F.d.5C1C6E58D66C69C031893508850FD013.e.25538/click - {}
RESULT: {}
COMMAND: POST /session/baa8cc8c703ae50a3cfee07d32ab3bfd/element - {"using":"css selector","value":"#shell-header-logo"}
COMMAND: GET /session/baa8cc8c703ae50a3cfee07d32ab3bfd/screenshot - {}
RESULT: {"using":"css selector","value":"#shell-header-logo"}
COMMAND: POST /session/baa8cc8c703ae50a3cfee07d32ab3bfd/element/f.A7D77B31E8FD2DE6ABF8E388F5FFE54F.d.5C1C6E58D66C69C031893508850FD013.e.25244/click - {}
RESULT: {}
RESULT: {}
COMMAND: GET /session/baa8cc8c703ae50a3cfee07d32ab3bfd/screenshot - {}
RESULT: {}
]]></system-out>
    </testcase>
    <testcase classname="chrome.135_0_7049_42.windows.Billing_Calculation_-_Time_based_(considering_transport_times)_US139738" name="Should transfer the billing all the way to completion" time="84.211">
      <system-out><![CDATA[
RESULT: undefined
COMMAND: POST /session/baa8cc8c703ae50a3cfee07d32ab3bfd/element - {"using":"xpath","value":"//*[@id=\"__tile50\"]"}
RESULT: {"using":"xpath","value":"//*[@id=\"__tile50\"]"}
COMMAND: POST /session/baa8cc8c703ae50a3cfee07d32ab3bfd/element/f.A7D77B31E8FD2DE6ABF8E388F5FFE54F.d.5C1C6E58D66C69C031893508850FD013.e.19506/click - {}
RESULT: {}
COMMAND: POST /session/baa8cc8c703ae50a3cfee07d32ab3bfd/element - {"using":"xpath","value":"//input[contains(@id ,\"application-billingtransfer-display-component---billingWorkbench--smartFilterBar-btnBasicSearch\")]"}
COMMAND: GET /session/baa8cc8c703ae50a3cfee07d32ab3bfd/screenshot - {}
RESULT: {"using":"xpath","value":"//input[contains(@id ,\"application-billingtransfer-display-component---billingWorkbench--smartFilterBar-btnBasicSearch\")]"}
COMMAND: POST /session/baa8cc8c703ae50a3cfee07d32ab3bfd/elements - {"using":"xpath","value":"//input[contains(@id ,\"application-billingtransfer-display-component---billingWorkbench--smartFilterBar-btnBasicSearch\")]"}
RESULT: {}
RESULT: {"using":"xpath","value":"//input[contains(@id ,\"application-billingtransfer-display-component---billingWorkbench--smartFilterBar-btnBasicSearch\")]"}
COMMAND: POST /session/baa8cc8c703ae50a3cfee07d32ab3bfd/execute/sync - {"script":"<script> [8489 bytes]","args":[{"element-6066-11e4-a52e-4f735466cecf":"f.A7D77B31E8FD2DE6ABF8E388F5FFE54F.d.5C1C6E58D66C69C031893508850FD013.e.25567","ELEMENT":"f.A7D77B31E8FD2DE6ABF8E388F5FFE54F.d.5C1C6E58D66C69C031893508850FD013.e.25567"}]}
RESULT: {"script":"<script> [8489 bytes]","args":[{"element-6066-11e4-a52e-4f735466cecf":"f.A7D77B31E8FD2DE6ABF8E388F5FFE54F.d.5C1C6E58D66C69C031893508850FD013.e.25567","ELEMENT":"f.A7D77B31E8FD2DE6ABF8E388F5FFE54F.d.5C1C6E58D66C69C031893508850FD013.e.25567"}]}
COMMAND: GET /session/baa8cc8c703ae50a3cfee07d32ab3bfd/element/f.A7D77B31E8FD2DE6ABF8E388F5FFE54F.d.5C1C6E58D66C69C031893508850FD013.e.25567/enabled - {}
COMMAND: GET /session/baa8cc8c703ae50a3cfee07d32ab3bfd/screenshot - {}
RESULT: {}
COMMAND: POST /session/baa8cc8c703ae50a3cfee07d32ab3bfd/element/f.A7D77B31E8FD2DE6ABF8E388F5FFE54F.d.5C1C6E58D66C69C031893508850FD013.e.25567/click - {}
COMMAND: GET /session/baa8cc8c703ae50a3cfee07d32ab3bfd/screenshot - {}
RESULT: {}
RESULT: {}
COMMAND: GET /session/baa8cc8c703ae50a3cfee07d32ab3bfd/screenshot - {}
RESULT: {}
RESULT: {}
COMMAND: POST /session/baa8cc8c703ae50a3cfee07d32ab3bfd/element/f.A7D77B31E8FD2DE6ABF8E388F5FFE54F.d.5C1C6E58D66C69C031893508850FD013.e.25567/clear - {}
RESULT: {}
COMMAND: POST /session/baa8cc8c703ae50a3cfee07d32ab3bfd/element/f.A7D77B31E8FD2DE6ABF8E388F5FFE54F.d.5C1C6E58D66C69C031893508850FD013.e.25567/value - {"text":"10594"}
COMMAND: GET /session/baa8cc8c703ae50a3cfee07d32ab3bfd/screenshot - {}
RESULT: {"text":"10594"}
COMMAND: POST /session/baa8cc8c703ae50a3cfee07d32ab3bfd/actions - {"actions":[{"id":"action86","type":"key","parameters":{},"actions":[{"type":"keyDown","value":""},{"type":"pause","duration":10},{"type":"keyUp","value":""}]}]}
COMMAND: GET /session/baa8cc8c703ae50a3cfee07d32ab3bfd/screenshot - {}
RESULT: {}
RESULT: {"actions":[{"id":"action86","type":"key","parameters":{},"actions":[{"type":"keyDown","value":""},{"type":"pause","duration":10},{"type":"keyUp","value":""}]}]}
COMMAND: GET /session/baa8cc8c703ae50a3cfee07d32ab3bfd/screenshot - {}
RESULT: {}
RESULT: {}
COMMAND: POST /session/baa8cc8c703ae50a3cfee07d32ab3bfd/element - {"using":"xpath","value":"//span[contains(@id ,\"application-billingtransfer-display-component---billingWorkbench--smartTableBillingRuns-header-inner\")]"}
RESULT: {"using":"xpath","value":"//span[contains(@id ,\"application-billingtransfer-display-component---billingWorkbench--smartTableBillingRuns-header-inner\")]"}
COMMAND: POST /session/baa8cc8c703ae50a3cfee07d32ab3bfd/elements - {"using":"xpath","value":"//span[contains(@id ,\"application-billingtransfer-display-component---billingWorkbench--smartTableBillingRuns-header-inner\")]"}
RESULT: {"using":"xpath","value":"//span[contains(@id ,\"application-billingtransfer-display-component---billingWorkbench--smartTableBillingRuns-header-inner\")]"}
COMMAND: POST /session/baa8cc8c703ae50a3cfee07d32ab3bfd/execute/sync - {"script":"<script> [56 bytes]","args":[{"element-6066-11e4-a52e-4f735466cecf":"f.A7D77B31E8FD2DE6ABF8E388F5FFE54F.d.5C1C6E58D66C69C031893508850FD013.e.25779","ELEMENT":"f.A7D77B31E8FD2DE6ABF8E388F5FFE54F.d.5C1C6E58D66C69C031893508850FD013.e.25779"}]}
RESULT: {"script":"<script> [56 bytes]","args":[{"element-6066-11e4-a52e-4f735466cecf":"f.A7D77B31E8FD2DE6ABF8E388F5FFE54F.d.5C1C6E58D66C69C031893508850FD013.e.25779","ELEMENT":"f.A7D77B31E8FD2DE6ABF8E388F5FFE54F.d.5C1C6E58D66C69C031893508850FD013.e.25779"}]}
COMMAND: POST /session/baa8cc8c703ae50a3cfee07d32ab3bfd/element - {"using":"xpath","value":"//td[@aria-colindex=\"1\"]/div/div[contains(@class, \"sapMCbBg\")]"}
COMMAND: GET /session/baa8cc8c703ae50a3cfee07d32ab3bfd/screenshot - {}
RESULT: {"using":"xpath","value":"//td[@aria-colindex=\"1\"]/div/div[contains(@class, \"sapMCbBg\")]"}
COMMAND: POST /session/baa8cc8c703ae50a3cfee07d32ab3bfd/element/f.A7D77B31E8FD2DE6ABF8E388F5FFE54F.d.5C1C6E58D66C69C031893508850FD013.e.25772/click - {}
RESULT: {}
RESULT: {}
COMMAND: GET /session/baa8cc8c703ae50a3cfee07d32ab3bfd/screenshot - {}
RESULT: {}
COMMAND: POST /session/baa8cc8c703ae50a3cfee07d32ab3bfd/element - {"using":"xpath","value":"//bdi[contains(text(), \"Check\")]"}
RESULT: {"using":"xpath","value":"//bdi[contains(text(), \"Check\")]"}
COMMAND: POST /session/baa8cc8c703ae50a3cfee07d32ab3bfd/element/f.A7D77B31E8FD2DE6ABF8E388F5FFE54F.d.5C1C6E58D66C69C031893508850FD013.e.25780/click - {}
RESULT: {}
COMMAND: GET /session/baa8cc8c703ae50a3cfee07d32ab3bfd/screenshot - {}
RESULT: {}
COMMAND: POST /session/baa8cc8c703ae50a3cfee07d32ab3bfd/element - {"using":"xpath","value":"//bdi[contains(text(), \"OK\")]"}
RESULT: {"using":"xpath","value":"//bdi[contains(text(), \"OK\")]"}
COMMAND: POST /session/baa8cc8c703ae50a3cfee07d32ab3bfd/element/f.A7D77B31E8FD2DE6ABF8E388F5FFE54F.d.5C1C6E58D66C69C031893508850FD013.e.25783/click - {}
RESULT: {}
COMMAND: GET /session/baa8cc8c703ae50a3cfee07d32ab3bfd/screenshot - {}
RESULT: {}
COMMAND: POST /session/baa8cc8c703ae50a3cfee07d32ab3bfd/element - {"using":"xpath","value":"(//span[contains(text(), \"CO/SD checked\")]/parent::div/preceding-sibling::div/span)[1]"}
RESULT: {"using":"xpath","value":"(//span[contains(text(), \"CO/SD checked\")]/parent::div/preceding-sibling::div/span)[1]"}
COMMAND: POST /session/baa8cc8c703ae50a3cfee07d32ab3bfd/element/f.A7D77B31E8FD2DE6ABF8E388F5FFE54F.d.5C1C6E58D66C69C031893508850FD013.e.25792/click - {}
RESULT: {}
COMMAND: GET /session/baa8cc8c703ae50a3cfee07d32ab3bfd/screenshot - {}
RESULT: {}
COMMAND: POST /session/baa8cc8c703ae50a3cfee07d32ab3bfd/element - {"using":"xpath","value":"//input[contains(@id ,\"application-billingtransfer-display-component---billingWorkbench--smartFilterBar-btnBasicSearch\")]"}
RESULT: {"using":"xpath","value":"//input[contains(@id ,\"application-billingtransfer-display-component---billingWorkbench--smartFilterBar-btnBasicSearch\")]"}
COMMAND: POST /session/baa8cc8c703ae50a3cfee07d32ab3bfd/elements - {"using":"xpath","value":"//input[contains(@id ,\"application-billingtransfer-display-component---billingWorkbench--smartFilterBar-btnBasicSearch\")]"}
RESULT: {"using":"xpath","value":"//input[contains(@id ,\"application-billingtransfer-display-component---billingWorkbench--smartFilterBar-btnBasicSearch\")]"}
COMMAND: POST /session/baa8cc8c703ae50a3cfee07d32ab3bfd/execute/sync - {"script":"<script> [8489 bytes]","args":[{"element-6066-11e4-a52e-4f735466cecf":"f.A7D77B31E8FD2DE6ABF8E388F5FFE54F.d.5C1C6E58D66C69C031893508850FD013.e.25567","ELEMENT":"f.A7D77B31E8FD2DE6ABF8E388F5FFE54F.d.5C1C6E58D66C69C031893508850FD013.e.25567"}]}
RESULT: {"script":"<script> [8489 bytes]","args":[{"element-6066-11e4-a52e-4f735466cecf":"f.A7D77B31E8FD2DE6ABF8E388F5FFE54F.d.5C1C6E58D66C69C031893508850FD013.e.25567","ELEMENT":"f.A7D77B31E8FD2DE6ABF8E388F5FFE54F.d.5C1C6E58D66C69C031893508850FD013.e.25567"}]}
COMMAND: GET /session/baa8cc8c703ae50a3cfee07d32ab3bfd/element/f.A7D77B31E8FD2DE6ABF8E388F5FFE54F.d.5C1C6E58D66C69C031893508850FD013.e.25567/enabled - {}
COMMAND: GET /session/baa8cc8c703ae50a3cfee07d32ab3bfd/screenshot - {}
RESULT: {}
COMMAND: POST /session/baa8cc8c703ae50a3cfee07d32ab3bfd/element/f.A7D77B31E8FD2DE6ABF8E388F5FFE54F.d.5C1C6E58D66C69C031893508850FD013.e.25567/click - {}
COMMAND: GET /session/baa8cc8c703ae50a3cfee07d32ab3bfd/screenshot - {}
RESULT: {}
RESULT: {}
COMMAND: GET /session/baa8cc8c703ae50a3cfee07d32ab3bfd/screenshot - {}
RESULT: {}
RESULT: {}
COMMAND: POST /session/baa8cc8c703ae50a3cfee07d32ab3bfd/element/f.A7D77B31E8FD2DE6ABF8E388F5FFE54F.d.5C1C6E58D66C69C031893508850FD013.e.25567/clear - {}
RESULT: {}
COMMAND: POST /session/baa8cc8c703ae50a3cfee07d32ab3bfd/element/f.A7D77B31E8FD2DE6ABF8E388F5FFE54F.d.5C1C6E58D66C69C031893508850FD013.e.25567/value - {"text":"10594"}
COMMAND: GET /session/baa8cc8c703ae50a3cfee07d32ab3bfd/screenshot - {}
RESULT: {"text":"10594"}
COMMAND: POST /session/baa8cc8c703ae50a3cfee07d32ab3bfd/actions - {"actions":[{"id":"action87","type":"key","parameters":{},"actions":[{"type":"keyDown","value":""},{"type":"pause","duration":10},{"type":"keyUp","value":""}]}]}
COMMAND: GET /session/baa8cc8c703ae50a3cfee07d32ab3bfd/screenshot - {}
RESULT: {}
RESULT: {"actions":[{"id":"action87","type":"key","parameters":{},"actions":[{"type":"keyDown","value":""},{"type":"pause","duration":10},{"type":"keyUp","value":""}]}]}
COMMAND: GET /session/baa8cc8c703ae50a3cfee07d32ab3bfd/screenshot - {}
RESULT: {}
RESULT: {}
COMMAND: POST /session/baa8cc8c703ae50a3cfee07d32ab3bfd/element - {"using":"xpath","value":"//span[contains(@id ,\"application-billingtransfer-display-component---billingWorkbench--smartTableBillingRuns-header-inner\")]"}
RESULT: {"using":"xpath","value":"//span[contains(@id ,\"application-billingtransfer-display-component---billingWorkbench--smartTableBillingRuns-header-inner\")]"}
COMMAND: POST /session/baa8cc8c703ae50a3cfee07d32ab3bfd/elements - {"using":"xpath","value":"//span[contains(@id ,\"application-billingtransfer-display-component---billingWorkbench--smartTableBillingRuns-header-inner\")]"}
RESULT: {"using":"xpath","value":"//span[contains(@id ,\"application-billingtransfer-display-component---billingWorkbench--smartTableBillingRuns-header-inner\")]"}
COMMAND: POST /session/baa8cc8c703ae50a3cfee07d32ab3bfd/execute/sync - {"script":"<script> [56 bytes]","args":[{"element-6066-11e4-a52e-4f735466cecf":"f.A7D77B31E8FD2DE6ABF8E388F5FFE54F.d.5C1C6E58D66C69C031893508850FD013.e.25779","ELEMENT":"f.A7D77B31E8FD2DE6ABF8E388F5FFE54F.d.5C1C6E58D66C69C031893508850FD013.e.25779"}]}
RESULT: {"script":"<script> [56 bytes]","args":[{"element-6066-11e4-a52e-4f735466cecf":"f.A7D77B31E8FD2DE6ABF8E388F5FFE54F.d.5C1C6E58D66C69C031893508850FD013.e.25779","ELEMENT":"f.A7D77B31E8FD2DE6ABF8E388F5FFE54F.d.5C1C6E58D66C69C031893508850FD013.e.25779"}]}
COMMAND: GET /session/baa8cc8c703ae50a3cfee07d32ab3bfd/screenshot - {}
RESULT: {}
COMMAND: POST /session/baa8cc8c703ae50a3cfee07d32ab3bfd/execute/sync - {"script":"<script> [56 bytes]","args":[{"element-6066-11e4-a52e-4f735466cecf":"f.A7D77B31E8FD2DE6ABF8E388F5FFE54F.d.5C1C6E58D66C69C031893508850FD013.e.25779","ELEMENT":"f.A7D77B31E8FD2DE6ABF8E388F5FFE54F.d.5C1C6E58D66C69C031893508850FD013.e.25779"}]}
RESULT: {"script":"<script> [56 bytes]","args":[{"element-6066-11e4-a52e-4f735466cecf":"f.A7D77B31E8FD2DE6ABF8E388F5FFE54F.d.5C1C6E58D66C69C031893508850FD013.e.25779","ELEMENT":"f.A7D77B31E8FD2DE6ABF8E388F5FFE54F.d.5C1C6E58D66C69C031893508850FD013.e.25779"}]}
COMMAND: GET /session/baa8cc8c703ae50a3cfee07d32ab3bfd/screenshot - {}
RESULT: {}
COMMAND: POST /session/baa8cc8c703ae50a3cfee07d32ab3bfd/execute/sync - {"script":"<script> [56 bytes]","args":[{"element-6066-11e4-a52e-4f735466cecf":"f.A7D77B31E8FD2DE6ABF8E388F5FFE54F.d.5C1C6E58D66C69C031893508850FD013.e.25779","ELEMENT":"f.A7D77B31E8FD2DE6ABF8E388F5FFE54F.d.5C1C6E58D66C69C031893508850FD013.e.25779"}]}
RESULT: {"script":"<script> [56 bytes]","args":[{"element-6066-11e4-a52e-4f735466cecf":"f.A7D77B31E8FD2DE6ABF8E388F5FFE54F.d.5C1C6E58D66C69C031893508850FD013.e.25779","ELEMENT":"f.A7D77B31E8FD2DE6ABF8E388F5FFE54F.d.5C1C6E58D66C69C031893508850FD013.e.25779"}]}
COMMAND: GET /session/baa8cc8c703ae50a3cfee07d32ab3bfd/screenshot - {}
RESULT: {}
COMMAND: POST /session/baa8cc8c703ae50a3cfee07d32ab3bfd/execute/sync - {"script":"<script> [56 bytes]","args":[{"element-6066-11e4-a52e-4f735466cecf":"f.A7D77B31E8FD2DE6ABF8E388F5FFE54F.d.5C1C6E58D66C69C031893508850FD013.e.25779","ELEMENT":"f.A7D77B31E8FD2DE6ABF8E388F5FFE54F.d.5C1C6E58D66C69C031893508850FD013.e.25779"}]}
RESULT: {"script":"<script> [56 bytes]","args":[{"element-6066-11e4-a52e-4f735466cecf":"f.A7D77B31E8FD2DE6ABF8E388F5FFE54F.d.5C1C6E58D66C69C031893508850FD013.e.25779","ELEMENT":"f.A7D77B31E8FD2DE6ABF8E388F5FFE54F.d.5C1C6E58D66C69C031893508850FD013.e.25779"}]}
COMMAND: GET /session/baa8cc8c703ae50a3cfee07d32ab3bfd/screenshot - {}
RESULT: {}
COMMAND: POST /session/baa8cc8c703ae50a3cfee07d32ab3bfd/execute/sync - {"script":"<script> [56 bytes]","args":[{"element-6066-11e4-a52e-4f735466cecf":"f.A7D77B31E8FD2DE6ABF8E388F5FFE54F.d.5C1C6E58D66C69C031893508850FD013.e.25779","ELEMENT":"f.A7D77B31E8FD2DE6ABF8E388F5FFE54F.d.5C1C6E58D66C69C031893508850FD013.e.25779"}]}
RESULT: {"script":"<script> [56 bytes]","args":[{"element-6066-11e4-a52e-4f735466cecf":"f.A7D77B31E8FD2DE6ABF8E388F5FFE54F.d.5C1C6E58D66C69C031893508850FD013.e.25779","ELEMENT":"f.A7D77B31E8FD2DE6ABF8E388F5FFE54F.d.5C1C6E58D66C69C031893508850FD013.e.25779"}]}
COMMAND: GET /session/baa8cc8c703ae50a3cfee07d32ab3bfd/screenshot - {}
RESULT: {}
COMMAND: POST /session/baa8cc8c703ae50a3cfee07d32ab3bfd/execute/sync - {"script":"<script> [56 bytes]","args":[{"element-6066-11e4-a52e-4f735466cecf":"f.A7D77B31E8FD2DE6ABF8E388F5FFE54F.d.5C1C6E58D66C69C031893508850FD013.e.25779","ELEMENT":"f.A7D77B31E8FD2DE6ABF8E388F5FFE54F.d.5C1C6E58D66C69C031893508850FD013.e.25779"}]}
RESULT: {"script":"<script> [56 bytes]","args":[{"element-6066-11e4-a52e-4f735466cecf":"f.A7D77B31E8FD2DE6ABF8E388F5FFE54F.d.5C1C6E58D66C69C031893508850FD013.e.25779","ELEMENT":"f.A7D77B31E8FD2DE6ABF8E388F5FFE54F.d.5C1C6E58D66C69C031893508850FD013.e.25779"}]}
COMMAND: GET /session/baa8cc8c703ae50a3cfee07d32ab3bfd/screenshot - {}
RESULT: {}
COMMAND: POST /session/baa8cc8c703ae50a3cfee07d32ab3bfd/execute/sync - {"script":"<script> [56 bytes]","args":[{"element-6066-11e4-a52e-4f735466cecf":"f.A7D77B31E8FD2DE6ABF8E388F5FFE54F.d.5C1C6E58D66C69C031893508850FD013.e.25779","ELEMENT":"f.A7D77B31E8FD2DE6ABF8E388F5FFE54F.d.5C1C6E58D66C69C031893508850FD013.e.25779"}]}
RESULT: {"script":"<script> [56 bytes]","args":[{"element-6066-11e4-a52e-4f735466cecf":"f.A7D77B31E8FD2DE6ABF8E388F5FFE54F.d.5C1C6E58D66C69C031893508850FD013.e.25779","ELEMENT":"f.A7D77B31E8FD2DE6ABF8E388F5FFE54F.d.5C1C6E58D66C69C031893508850FD013.e.25779"}]}
COMMAND: GET /session/baa8cc8c703ae50a3cfee07d32ab3bfd/screenshot - {}
RESULT: {}
COMMAND: POST /session/baa8cc8c703ae50a3cfee07d32ab3bfd/execute/sync - {"script":"<script> [56 bytes]","args":[{"element-6066-11e4-a52e-4f735466cecf":"f.A7D77B31E8FD2DE6ABF8E388F5FFE54F.d.5C1C6E58D66C69C031893508850FD013.e.25779","ELEMENT":"f.A7D77B31E8FD2DE6ABF8E388F5FFE54F.d.5C1C6E58D66C69C031893508850FD013.e.25779"}]}
RESULT: {"script":"<script> [56 bytes]","args":[{"element-6066-11e4-a52e-4f735466cecf":"f.A7D77B31E8FD2DE6ABF8E388F5FFE54F.d.5C1C6E58D66C69C031893508850FD013.e.25779","ELEMENT":"f.A7D77B31E8FD2DE6ABF8E388F5FFE54F.d.5C1C6E58D66C69C031893508850FD013.e.25779"}]}
COMMAND: GET /session/baa8cc8c703ae50a3cfee07d32ab3bfd/screenshot - {}
RESULT: {}
COMMAND: POST /session/baa8cc8c703ae50a3cfee07d32ab3bfd/execute/sync - {"script":"<script> [56 bytes]","args":[{"element-6066-11e4-a52e-4f735466cecf":"f.A7D77B31E8FD2DE6ABF8E388F5FFE54F.d.5C1C6E58D66C69C031893508850FD013.e.25779","ELEMENT":"f.A7D77B31E8FD2DE6ABF8E388F5FFE54F.d.5C1C6E58D66C69C031893508850FD013.e.25779"}]}
RESULT: {"script":"<script> [56 bytes]","args":[{"element-6066-11e4-a52e-4f735466cecf":"f.A7D77B31E8FD2DE6ABF8E388F5FFE54F.d.5C1C6E58D66C69C031893508850FD013.e.25779","ELEMENT":"f.A7D77B31E8FD2DE6ABF8E388F5FFE54F.d.5C1C6E58D66C69C031893508850FD013.e.25779"}]}
COMMAND: GET /session/baa8cc8c703ae50a3cfee07d32ab3bfd/screenshot - {}
RESULT: {}
COMMAND: POST /session/baa8cc8c703ae50a3cfee07d32ab3bfd/execute/sync - {"script":"<script> [56 bytes]","args":[{"element-6066-11e4-a52e-4f735466cecf":"f.A7D77B31E8FD2DE6ABF8E388F5FFE54F.d.5C1C6E58D66C69C031893508850FD013.e.25779","ELEMENT":"f.A7D77B31E8FD2DE6ABF8E388F5FFE54F.d.5C1C6E58D66C69C031893508850FD013.e.25779"}]}
RESULT: {"script":"<script> [56 bytes]","args":[{"element-6066-11e4-a52e-4f735466cecf":"f.A7D77B31E8FD2DE6ABF8E388F5FFE54F.d.5C1C6E58D66C69C031893508850FD013.e.25779","ELEMENT":"f.A7D77B31E8FD2DE6ABF8E388F5FFE54F.d.5C1C6E58D66C69C031893508850FD013.e.25779"}]}
COMMAND: GET /session/baa8cc8c703ae50a3cfee07d32ab3bfd/screenshot - {}
RESULT: {}
COMMAND: POST /session/baa8cc8c703ae50a3cfee07d32ab3bfd/execute/sync - {"script":"<script> [56 bytes]","args":[{"element-6066-11e4-a52e-4f735466cecf":"f.A7D77B31E8FD2DE6ABF8E388F5FFE54F.d.5C1C6E58D66C69C031893508850FD013.e.25779","ELEMENT":"f.A7D77B31E8FD2DE6ABF8E388F5FFE54F.d.5C1C6E58D66C69C031893508850FD013.e.25779"}]}
RESULT: {"script":"<script> [56 bytes]","args":[{"element-6066-11e4-a52e-4f735466cecf":"f.A7D77B31E8FD2DE6ABF8E388F5FFE54F.d.5C1C6E58D66C69C031893508850FD013.e.25779","ELEMENT":"f.A7D77B31E8FD2DE6ABF8E388F5FFE54F.d.5C1C6E58D66C69C031893508850FD013.e.25779"}]}
COMMAND: GET /session/baa8cc8c703ae50a3cfee07d32ab3bfd/screenshot - {}
RESULT: {}
COMMAND: POST /session/baa8cc8c703ae50a3cfee07d32ab3bfd/execute/sync - {"script":"<script> [56 bytes]","args":[{"element-6066-11e4-a52e-4f735466cecf":"f.A7D77B31E8FD2DE6ABF8E388F5FFE54F.d.5C1C6E58D66C69C031893508850FD013.e.25779","ELEMENT":"f.A7D77B31E8FD2DE6ABF8E388F5FFE54F.d.5C1C6E58D66C69C031893508850FD013.e.25779"}]}
RESULT: {"script":"<script> [56 bytes]","args":[{"element-6066-11e4-a52e-4f735466cecf":"f.A7D77B31E8FD2DE6ABF8E388F5FFE54F.d.5C1C6E58D66C69C031893508850FD013.e.25779","ELEMENT":"f.A7D77B31E8FD2DE6ABF8E388F5FFE54F.d.5C1C6E58D66C69C031893508850FD013.e.25779"}]}
COMMAND: GET /session/baa8cc8c703ae50a3cfee07d32ab3bfd/screenshot - {}
RESULT: {}
COMMAND: POST /session/baa8cc8c703ae50a3cfee07d32ab3bfd/execute/sync - {"script":"<script> [56 bytes]","args":[{"element-6066-11e4-a52e-4f735466cecf":"f.A7D77B31E8FD2DE6ABF8E388F5FFE54F.d.5C1C6E58D66C69C031893508850FD013.e.25779","ELEMENT":"f.A7D77B31E8FD2DE6ABF8E388F5FFE54F.d.5C1C6E58D66C69C031893508850FD013.e.25779"}]}
RESULT: {"script":"<script> [56 bytes]","args":[{"element-6066-11e4-a52e-4f735466cecf":"f.A7D77B31E8FD2DE6ABF8E388F5FFE54F.d.5C1C6E58D66C69C031893508850FD013.e.25779","ELEMENT":"f.A7D77B31E8FD2DE6ABF8E388F5FFE54F.d.5C1C6E58D66C69C031893508850FD013.e.25779"}]}
COMMAND: GET /session/baa8cc8c703ae50a3cfee07d32ab3bfd/screenshot - {}
RESULT: {}
COMMAND: POST /session/baa8cc8c703ae50a3cfee07d32ab3bfd/execute/sync - {"script":"<script> [56 bytes]","args":[{"element-6066-11e4-a52e-4f735466cecf":"f.A7D77B31E8FD2DE6ABF8E388F5FFE54F.d.5C1C6E58D66C69C031893508850FD013.e.25779","ELEMENT":"f.A7D77B31E8FD2DE6ABF8E388F5FFE54F.d.5C1C6E58D66C69C031893508850FD013.e.25779"}]}
RESULT: {"script":"<script> [56 bytes]","args":[{"element-6066-11e4-a52e-4f735466cecf":"f.A7D77B31E8FD2DE6ABF8E388F5FFE54F.d.5C1C6E58D66C69C031893508850FD013.e.25779","ELEMENT":"f.A7D77B31E8FD2DE6ABF8E388F5FFE54F.d.5C1C6E58D66C69C031893508850FD013.e.25779"}]}
COMMAND: POST /session/baa8cc8c703ae50a3cfee07d32ab3bfd/element - {"using":"xpath","value":"//td[@aria-colindex=\"1\"]/div/div[contains(@class, \"sapMCbBg\")]"}
COMMAND: GET /session/baa8cc8c703ae50a3cfee07d32ab3bfd/screenshot - {}
RESULT: {"using":"xpath","value":"//td[@aria-colindex=\"1\"]/div/div[contains(@class, \"sapMCbBg\")]"}
COMMAND: POST /session/baa8cc8c703ae50a3cfee07d32ab3bfd/element/f.A7D77B31E8FD2DE6ABF8E388F5FFE54F.d.5C1C6E58D66C69C031893508850FD013.e.25795/click - {}
RESULT: {}
RESULT: {}
COMMAND: GET /session/baa8cc8c703ae50a3cfee07d32ab3bfd/screenshot - {}
RESULT: {}
COMMAND: POST /session/baa8cc8c703ae50a3cfee07d32ab3bfd/element - {"using":"xpath","value":"//bdi[text()=\"Transfer\"]"}
RESULT: {"using":"xpath","value":"//bdi[text()=\"Transfer\"]"}
COMMAND: POST /session/baa8cc8c703ae50a3cfee07d32ab3bfd/element/f.A7D77B31E8FD2DE6ABF8E388F5FFE54F.d.5C1C6E58D66C69C031893508850FD013.e.25796/click - {}
RESULT: {}
COMMAND: GET /session/baa8cc8c703ae50a3cfee07d32ab3bfd/screenshot - {}
RESULT: {}
COMMAND: POST /session/baa8cc8c703ae50a3cfee07d32ab3bfd/element - {"using":"xpath","value":"//bdi[contains(text(), \"OK\")]"}
RESULT: {"using":"xpath","value":"//bdi[contains(text(), \"OK\")]"}
COMMAND: POST /session/baa8cc8c703ae50a3cfee07d32ab3bfd/element/f.A7D77B31E8FD2DE6ABF8E388F5FFE54F.d.5C1C6E58D66C69C031893508850FD013.e.25799/click - {}
RESULT: {}
COMMAND: GET /session/baa8cc8c703ae50a3cfee07d32ab3bfd/screenshot - {}
RESULT: {}
COMMAND: POST /session/baa8cc8c703ae50a3cfee07d32ab3bfd/element - {"using":"xpath","value":"(//span[contains(text(), \"Completed\")]/parent::div/preceding-sibling::div/span)[1]"}
RESULT: {"using":"xpath","value":"(//span[contains(text(), \"Completed\")]/parent::div/preceding-sibling::div/span)[1]"}
COMMAND: POST /session/baa8cc8c703ae50a3cfee07d32ab3bfd/element/f.A7D77B31E8FD2DE6ABF8E388F5FFE54F.d.5C1C6E58D66C69C031893508850FD013.e.25807/click - {}
RESULT: {}
COMMAND: POST /session/baa8cc8c703ae50a3cfee07d32ab3bfd/element - {"using":"xpath","value":"//input[contains(@id ,\"application-billingtransfer-display-component---billingWorkbench--smartFilterBar-btnBasicSearch\")]"}
COMMAND: GET /session/baa8cc8c703ae50a3cfee07d32ab3bfd/screenshot - {}
RESULT: {"using":"xpath","value":"//input[contains(@id ,\"application-billingtransfer-display-component---billingWorkbench--smartFilterBar-btnBasicSearch\")]"}
COMMAND: POST /session/baa8cc8c703ae50a3cfee07d32ab3bfd/elements - {"using":"xpath","value":"//input[contains(@id ,\"application-billingtransfer-display-component---billingWorkbench--smartFilterBar-btnBasicSearch\")]"}
RESULT: {}
RESULT: {"using":"xpath","value":"//input[contains(@id ,\"application-billingtransfer-display-component---billingWorkbench--smartFilterBar-btnBasicSearch\")]"}
COMMAND: POST /session/baa8cc8c703ae50a3cfee07d32ab3bfd/execute/sync - {"script":"<script> [8489 bytes]","args":[{"element-6066-11e4-a52e-4f735466cecf":"f.A7D77B31E8FD2DE6ABF8E388F5FFE54F.d.5C1C6E58D66C69C031893508850FD013.e.25567","ELEMENT":"f.A7D77B31E8FD2DE6ABF8E388F5FFE54F.d.5C1C6E58D66C69C031893508850FD013.e.25567"}]}
RESULT: {"script":"<script> [8489 bytes]","args":[{"element-6066-11e4-a52e-4f735466cecf":"f.A7D77B31E8FD2DE6ABF8E388F5FFE54F.d.5C1C6E58D66C69C031893508850FD013.e.25567","ELEMENT":"f.A7D77B31E8FD2DE6ABF8E388F5FFE54F.d.5C1C6E58D66C69C031893508850FD013.e.25567"}]}
COMMAND: GET /session/baa8cc8c703ae50a3cfee07d32ab3bfd/element/f.A7D77B31E8FD2DE6ABF8E388F5FFE54F.d.5C1C6E58D66C69C031893508850FD013.e.25567/enabled - {}
COMMAND: GET /session/baa8cc8c703ae50a3cfee07d32ab3bfd/screenshot - {}
RESULT: {}
COMMAND: POST /session/baa8cc8c703ae50a3cfee07d32ab3bfd/element/f.A7D77B31E8FD2DE6ABF8E388F5FFE54F.d.5C1C6E58D66C69C031893508850FD013.e.25567/click - {}
COMMAND: GET /session/baa8cc8c703ae50a3cfee07d32ab3bfd/screenshot - {}
RESULT: {}
RESULT: {}
COMMAND: GET /session/baa8cc8c703ae50a3cfee07d32ab3bfd/screenshot - {}
RESULT: {}
RESULT: {}
COMMAND: POST /session/baa8cc8c703ae50a3cfee07d32ab3bfd/element/f.A7D77B31E8FD2DE6ABF8E388F5FFE54F.d.5C1C6E58D66C69C031893508850FD013.e.25567/clear - {}
RESULT: {}
COMMAND: POST /session/baa8cc8c703ae50a3cfee07d32ab3bfd/element/f.A7D77B31E8FD2DE6ABF8E388F5FFE54F.d.5C1C6E58D66C69C031893508850FD013.e.25567/value - {"text":"10594"}
COMMAND: GET /session/baa8cc8c703ae50a3cfee07d32ab3bfd/screenshot - {}
RESULT: {"text":"10594"}
COMMAND: POST /session/baa8cc8c703ae50a3cfee07d32ab3bfd/actions - {"actions":[{"id":"action88","type":"key","parameters":{},"actions":[{"type":"keyDown","value":""},{"type":"pause","duration":10},{"type":"keyUp","value":""}]}]}
COMMAND: GET /session/baa8cc8c703ae50a3cfee07d32ab3bfd/screenshot - {}
RESULT: {}
RESULT: {"actions":[{"id":"action88","type":"key","parameters":{},"actions":[{"type":"keyDown","value":""},{"type":"pause","duration":10},{"type":"keyUp","value":""}]}]}
COMMAND: GET /session/baa8cc8c703ae50a3cfee07d32ab3bfd/screenshot - {}
RESULT: {}
RESULT: {}
COMMAND: POST /session/baa8cc8c703ae50a3cfee07d32ab3bfd/element - {"using":"xpath","value":"//span[contains(@id ,\"application-billingtransfer-display-component---billingWorkbench--smartTableBillingRuns-header-inner\")]"}
RESULT: {"using":"xpath","value":"//span[contains(@id ,\"application-billingtransfer-display-component---billingWorkbench--smartTableBillingRuns-header-inner\")]"}
COMMAND: POST /session/baa8cc8c703ae50a3cfee07d32ab3bfd/elements - {"using":"xpath","value":"//span[contains(@id ,\"application-billingtransfer-display-component---billingWorkbench--smartTableBillingRuns-header-inner\")]"}
RESULT: {"using":"xpath","value":"//span[contains(@id ,\"application-billingtransfer-display-component---billingWorkbench--smartTableBillingRuns-header-inner\")]"}
COMMAND: POST /session/baa8cc8c703ae50a3cfee07d32ab3bfd/execute/sync - {"script":"<script> [56 bytes]","args":[{"element-6066-11e4-a52e-4f735466cecf":"f.A7D77B31E8FD2DE6ABF8E388F5FFE54F.d.5C1C6E58D66C69C031893508850FD013.e.25779","ELEMENT":"f.A7D77B31E8FD2DE6ABF8E388F5FFE54F.d.5C1C6E58D66C69C031893508850FD013.e.25779"}]}
RESULT: {"script":"<script> [56 bytes]","args":[{"element-6066-11e4-a52e-4f735466cecf":"f.A7D77B31E8FD2DE6ABF8E388F5FFE54F.d.5C1C6E58D66C69C031893508850FD013.e.25779","ELEMENT":"f.A7D77B31E8FD2DE6ABF8E388F5FFE54F.d.5C1C6E58D66C69C031893508850FD013.e.25779"}]}
COMMAND: GET /session/baa8cc8c703ae50a3cfee07d32ab3bfd/screenshot - {}
RESULT: {}
COMMAND: POST /session/baa8cc8c703ae50a3cfee07d32ab3bfd/execute/sync - {"script":"<script> [56 bytes]","args":[{"element-6066-11e4-a52e-4f735466cecf":"f.A7D77B31E8FD2DE6ABF8E388F5FFE54F.d.5C1C6E58D66C69C031893508850FD013.e.25779","ELEMENT":"f.A7D77B31E8FD2DE6ABF8E388F5FFE54F.d.5C1C6E58D66C69C031893508850FD013.e.25779"}]}
RESULT: {"script":"<script> [56 bytes]","args":[{"element-6066-11e4-a52e-4f735466cecf":"f.A7D77B31E8FD2DE6ABF8E388F5FFE54F.d.5C1C6E58D66C69C031893508850FD013.e.25779","ELEMENT":"f.A7D77B31E8FD2DE6ABF8E388F5FFE54F.d.5C1C6E58D66C69C031893508850FD013.e.25779"}]}
COMMAND: GET /session/baa8cc8c703ae50a3cfee07d32ab3bfd/screenshot - {}
RESULT: {}
COMMAND: POST /session/baa8cc8c703ae50a3cfee07d32ab3bfd/execute/sync - {"script":"<script> [56 bytes]","args":[{"element-6066-11e4-a52e-4f735466cecf":"f.A7D77B31E8FD2DE6ABF8E388F5FFE54F.d.5C1C6E58D66C69C031893508850FD013.e.25779","ELEMENT":"f.A7D77B31E8FD2DE6ABF8E388F5FFE54F.d.5C1C6E58D66C69C031893508850FD013.e.25779"}]}
RESULT: {"script":"<script> [56 bytes]","args":[{"element-6066-11e4-a52e-4f735466cecf":"f.A7D77B31E8FD2DE6ABF8E388F5FFE54F.d.5C1C6E58D66C69C031893508850FD013.e.25779","ELEMENT":"f.A7D77B31E8FD2DE6ABF8E388F5FFE54F.d.5C1C6E58D66C69C031893508850FD013.e.25779"}]}
COMMAND: GET /session/baa8cc8c703ae50a3cfee07d32ab3bfd/screenshot - {}
RESULT: {}
COMMAND: POST /session/baa8cc8c703ae50a3cfee07d32ab3bfd/execute/sync - {"script":"<script> [56 bytes]","args":[{"element-6066-11e4-a52e-4f735466cecf":"f.A7D77B31E8FD2DE6ABF8E388F5FFE54F.d.5C1C6E58D66C69C031893508850FD013.e.25779","ELEMENT":"f.A7D77B31E8FD2DE6ABF8E388F5FFE54F.d.5C1C6E58D66C69C031893508850FD013.e.25779"}]}
RESULT: {"script":"<script> [56 bytes]","args":[{"element-6066-11e4-a52e-4f735466cecf":"f.A7D77B31E8FD2DE6ABF8E388F5FFE54F.d.5C1C6E58D66C69C031893508850FD013.e.25779","ELEMENT":"f.A7D77B31E8FD2DE6ABF8E388F5FFE54F.d.5C1C6E58D66C69C031893508850FD013.e.25779"}]}
COMMAND: GET /session/baa8cc8c703ae50a3cfee07d32ab3bfd/screenshot - {}
RESULT: {}
COMMAND: POST /session/baa8cc8c703ae50a3cfee07d32ab3bfd/execute/sync - {"script":"<script> [56 bytes]","args":[{"element-6066-11e4-a52e-4f735466cecf":"f.A7D77B31E8FD2DE6ABF8E388F5FFE54F.d.5C1C6E58D66C69C031893508850FD013.e.25779","ELEMENT":"f.A7D77B31E8FD2DE6ABF8E388F5FFE54F.d.5C1C6E58D66C69C031893508850FD013.e.25779"}]}
RESULT: {"script":"<script> [56 bytes]","args":[{"element-6066-11e4-a52e-4f735466cecf":"f.A7D77B31E8FD2DE6ABF8E388F5FFE54F.d.5C1C6E58D66C69C031893508850FD013.e.25779","ELEMENT":"f.A7D77B31E8FD2DE6ABF8E388F5FFE54F.d.5C1C6E58D66C69C031893508850FD013.e.25779"}]}
COMMAND: GET /session/baa8cc8c703ae50a3cfee07d32ab3bfd/screenshot - {}
RESULT: {}
COMMAND: POST /session/baa8cc8c703ae50a3cfee07d32ab3bfd/execute/sync - {"script":"<script> [56 bytes]","args":[{"element-6066-11e4-a52e-4f735466cecf":"f.A7D77B31E8FD2DE6ABF8E388F5FFE54F.d.5C1C6E58D66C69C031893508850FD013.e.25779","ELEMENT":"f.A7D77B31E8FD2DE6ABF8E388F5FFE54F.d.5C1C6E58D66C69C031893508850FD013.e.25779"}]}
RESULT: {"script":"<script> [56 bytes]","args":[{"element-6066-11e4-a52e-4f735466cecf":"f.A7D77B31E8FD2DE6ABF8E388F5FFE54F.d.5C1C6E58D66C69C031893508850FD013.e.25779","ELEMENT":"f.A7D77B31E8FD2DE6ABF8E388F5FFE54F.d.5C1C6E58D66C69C031893508850FD013.e.25779"}]}
COMMAND: GET /session/baa8cc8c703ae50a3cfee07d32ab3bfd/screenshot - {}
RESULT: {}
COMMAND: POST /session/baa8cc8c703ae50a3cfee07d32ab3bfd/execute/sync - {"script":"<script> [56 bytes]","args":[{"element-6066-11e4-a52e-4f735466cecf":"f.A7D77B31E8FD2DE6ABF8E388F5FFE54F.d.5C1C6E58D66C69C031893508850FD013.e.25779","ELEMENT":"f.A7D77B31E8FD2DE6ABF8E388F5FFE54F.d.5C1C6E58D66C69C031893508850FD013.e.25779"}]}
RESULT: {"script":"<script> [56 bytes]","args":[{"element-6066-11e4-a52e-4f735466cecf":"f.A7D77B31E8FD2DE6ABF8E388F5FFE54F.d.5C1C6E58D66C69C031893508850FD013.e.25779","ELEMENT":"f.A7D77B31E8FD2DE6ABF8E388F5FFE54F.d.5C1C6E58D66C69C031893508850FD013.e.25779"}]}
COMMAND: GET /session/baa8cc8c703ae50a3cfee07d32ab3bfd/screenshot - {}
RESULT: {}
COMMAND: POST /session/baa8cc8c703ae50a3cfee07d32ab3bfd/execute/sync - {"script":"<script> [56 bytes]","args":[{"element-6066-11e4-a52e-4f735466cecf":"f.A7D77B31E8FD2DE6ABF8E388F5FFE54F.d.5C1C6E58D66C69C031893508850FD013.e.25779","ELEMENT":"f.A7D77B31E8FD2DE6ABF8E388F5FFE54F.d.5C1C6E58D66C69C031893508850FD013.e.25779"}]}
RESULT: {"script":"<script> [56 bytes]","args":[{"element-6066-11e4-a52e-4f735466cecf":"f.A7D77B31E8FD2DE6ABF8E388F5FFE54F.d.5C1C6E58D66C69C031893508850FD013.e.25779","ELEMENT":"f.A7D77B31E8FD2DE6ABF8E388F5FFE54F.d.5C1C6E58D66C69C031893508850FD013.e.25779"}]}
COMMAND: GET /session/baa8cc8c703ae50a3cfee07d32ab3bfd/screenshot - {}
RESULT: {}
COMMAND: POST /session/baa8cc8c703ae50a3cfee07d32ab3bfd/execute/sync - {"script":"<script> [56 bytes]","args":[{"element-6066-11e4-a52e-4f735466cecf":"f.A7D77B31E8FD2DE6ABF8E388F5FFE54F.d.5C1C6E58D66C69C031893508850FD013.e.25779","ELEMENT":"f.A7D77B31E8FD2DE6ABF8E388F5FFE54F.d.5C1C6E58D66C69C031893508850FD013.e.25779"}]}
RESULT: {"script":"<script> [56 bytes]","args":[{"element-6066-11e4-a52e-4f735466cecf":"f.A7D77B31E8FD2DE6ABF8E388F5FFE54F.d.5C1C6E58D66C69C031893508850FD013.e.25779","ELEMENT":"f.A7D77B31E8FD2DE6ABF8E388F5FFE54F.d.5C1C6E58D66C69C031893508850FD013.e.25779"}]}
COMMAND: GET /session/baa8cc8c703ae50a3cfee07d32ab3bfd/screenshot - {}
RESULT: {}
COMMAND: POST /session/baa8cc8c703ae50a3cfee07d32ab3bfd/execute/sync - {"script":"<script> [56 bytes]","args":[{"element-6066-11e4-a52e-4f735466cecf":"f.A7D77B31E8FD2DE6ABF8E388F5FFE54F.d.5C1C6E58D66C69C031893508850FD013.e.25779","ELEMENT":"f.A7D77B31E8FD2DE6ABF8E388F5FFE54F.d.5C1C6E58D66C69C031893508850FD013.e.25779"}]}
RESULT: {"script":"<script> [56 bytes]","args":[{"element-6066-11e4-a52e-4f735466cecf":"f.A7D77B31E8FD2DE6ABF8E388F5FFE54F.d.5C1C6E58D66C69C031893508850FD013.e.25779","ELEMENT":"f.A7D77B31E8FD2DE6ABF8E388F5FFE54F.d.5C1C6E58D66C69C031893508850FD013.e.25779"}]}
COMMAND: GET /session/baa8cc8c703ae50a3cfee07d32ab3bfd/screenshot - {}
RESULT: {}
COMMAND: POST /session/baa8cc8c703ae50a3cfee07d32ab3bfd/execute/sync - {"script":"<script> [56 bytes]","args":[{"element-6066-11e4-a52e-4f735466cecf":"f.A7D77B31E8FD2DE6ABF8E388F5FFE54F.d.5C1C6E58D66C69C031893508850FD013.e.25779","ELEMENT":"f.A7D77B31E8FD2DE6ABF8E388F5FFE54F.d.5C1C6E58D66C69C031893508850FD013.e.25779"}]}
RESULT: {"script":"<script> [56 bytes]","args":[{"element-6066-11e4-a52e-4f735466cecf":"f.A7D77B31E8FD2DE6ABF8E388F5FFE54F.d.5C1C6E58D66C69C031893508850FD013.e.25779","ELEMENT":"f.A7D77B31E8FD2DE6ABF8E388F5FFE54F.d.5C1C6E58D66C69C031893508850FD013.e.25779"}]}
COMMAND: GET /session/baa8cc8c703ae50a3cfee07d32ab3bfd/screenshot - {}
RESULT: {}
COMMAND: POST /session/baa8cc8c703ae50a3cfee07d32ab3bfd/execute/sync - {"script":"<script> [56 bytes]","args":[{"element-6066-11e4-a52e-4f735466cecf":"f.A7D77B31E8FD2DE6ABF8E388F5FFE54F.d.5C1C6E58D66C69C031893508850FD013.e.25779","ELEMENT":"f.A7D77B31E8FD2DE6ABF8E388F5FFE54F.d.5C1C6E58D66C69C031893508850FD013.e.25779"}]}
RESULT: {"script":"<script> [56 bytes]","args":[{"element-6066-11e4-a52e-4f735466cecf":"f.A7D77B31E8FD2DE6ABF8E388F5FFE54F.d.5C1C6E58D66C69C031893508850FD013.e.25779","ELEMENT":"f.A7D77B31E8FD2DE6ABF8E388F5FFE54F.d.5C1C6E58D66C69C031893508850FD013.e.25779"}]}
COMMAND: GET /session/baa8cc8c703ae50a3cfee07d32ab3bfd/screenshot - {}
RESULT: {}
COMMAND: POST /session/baa8cc8c703ae50a3cfee07d32ab3bfd/execute/sync - {"script":"<script> [56 bytes]","args":[{"element-6066-11e4-a52e-4f735466cecf":"f.A7D77B31E8FD2DE6ABF8E388F5FFE54F.d.5C1C6E58D66C69C031893508850FD013.e.25779","ELEMENT":"f.A7D77B31E8FD2DE6ABF8E388F5FFE54F.d.5C1C6E58D66C69C031893508850FD013.e.25779"}]}
RESULT: {"script":"<script> [56 bytes]","args":[{"element-6066-11e4-a52e-4f735466cecf":"f.A7D77B31E8FD2DE6ABF8E388F5FFE54F.d.5C1C6E58D66C69C031893508850FD013.e.25779","ELEMENT":"f.A7D77B31E8FD2DE6ABF8E388F5FFE54F.d.5C1C6E58D66C69C031893508850FD013.e.25779"}]}
COMMAND: GET /session/baa8cc8c703ae50a3cfee07d32ab3bfd/screenshot - {}
RESULT: {}
COMMAND: POST /session/baa8cc8c703ae50a3cfee07d32ab3bfd/execute/sync - {"script":"<script> [56 bytes]","args":[{"element-6066-11e4-a52e-4f735466cecf":"f.A7D77B31E8FD2DE6ABF8E388F5FFE54F.d.5C1C6E58D66C69C031893508850FD013.e.25779","ELEMENT":"f.A7D77B31E8FD2DE6ABF8E388F5FFE54F.d.5C1C6E58D66C69C031893508850FD013.e.25779"}]}
RESULT: {"script":"<script> [56 bytes]","args":[{"element-6066-11e4-a52e-4f735466cecf":"f.A7D77B31E8FD2DE6ABF8E388F5FFE54F.d.5C1C6E58D66C69C031893508850FD013.e.25779","ELEMENT":"f.A7D77B31E8FD2DE6ABF8E388F5FFE54F.d.5C1C6E58D66C69C031893508850FD013.e.25779"}]}
COMMAND: GET /session/baa8cc8c703ae50a3cfee07d32ab3bfd/screenshot - {}
RESULT: {}
COMMAND: POST /session/baa8cc8c703ae50a3cfee07d32ab3bfd/execute/sync - {"script":"<script> [56 bytes]","args":[{"element-6066-11e4-a52e-4f735466cecf":"f.A7D77B31E8FD2DE6ABF8E388F5FFE54F.d.5C1C6E58D66C69C031893508850FD013.e.25779","ELEMENT":"f.A7D77B31E8FD2DE6ABF8E388F5FFE54F.d.5C1C6E58D66C69C031893508850FD013.e.25779"}]}
RESULT: {"script":"<script> [56 bytes]","args":[{"element-6066-11e4-a52e-4f735466cecf":"f.A7D77B31E8FD2DE6ABF8E388F5FFE54F.d.5C1C6E58D66C69C031893508850FD013.e.25779","ELEMENT":"f.A7D77B31E8FD2DE6ABF8E388F5FFE54F.d.5C1C6E58D66C69C031893508850FD013.e.25779"}]}
COMMAND: GET /session/baa8cc8c703ae50a3cfee07d32ab3bfd/screenshot - {}
RESULT: {}
COMMAND: POST /session/baa8cc8c703ae50a3cfee07d32ab3bfd/execute/sync - {"script":"<script> [56 bytes]","args":[{"element-6066-11e4-a52e-4f735466cecf":"f.A7D77B31E8FD2DE6ABF8E388F5FFE54F.d.5C1C6E58D66C69C031893508850FD013.e.25779","ELEMENT":"f.A7D77B31E8FD2DE6ABF8E388F5FFE54F.d.5C1C6E58D66C69C031893508850FD013.e.25779"}]}
RESULT: {"script":"<script> [56 bytes]","args":[{"element-6066-11e4-a52e-4f735466cecf":"f.A7D77B31E8FD2DE6ABF8E388F5FFE54F.d.5C1C6E58D66C69C031893508850FD013.e.25779","ELEMENT":"f.A7D77B31E8FD2DE6ABF8E388F5FFE54F.d.5C1C6E58D66C69C031893508850FD013.e.25779"}]}
COMMAND: GET /session/baa8cc8c703ae50a3cfee07d32ab3bfd/screenshot - {}
RESULT: {}
COMMAND: POST /session/baa8cc8c703ae50a3cfee07d32ab3bfd/execute/sync - {"script":"<script> [56 bytes]","args":[{"element-6066-11e4-a52e-4f735466cecf":"f.A7D77B31E8FD2DE6ABF8E388F5FFE54F.d.5C1C6E58D66C69C031893508850FD013.e.25779","ELEMENT":"f.A7D77B31E8FD2DE6ABF8E388F5FFE54F.d.5C1C6E58D66C69C031893508850FD013.e.25779"}]}
RESULT: {"script":"<script> [56 bytes]","args":[{"element-6066-11e4-a52e-4f735466cecf":"f.A7D77B31E8FD2DE6ABF8E388F5FFE54F.d.5C1C6E58D66C69C031893508850FD013.e.25779","ELEMENT":"f.A7D77B31E8FD2DE6ABF8E388F5FFE54F.d.5C1C6E58D66C69C031893508850FD013.e.25779"}]}
COMMAND: GET /session/baa8cc8c703ae50a3cfee07d32ab3bfd/screenshot - {}
RESULT: {}
COMMAND: POST /session/baa8cc8c703ae50a3cfee07d32ab3bfd/execute/sync - {"script":"<script> [56 bytes]","args":[{"element-6066-11e4-a52e-4f735466cecf":"f.A7D77B31E8FD2DE6ABF8E388F5FFE54F.d.5C1C6E58D66C69C031893508850FD013.e.25779","ELEMENT":"f.A7D77B31E8FD2DE6ABF8E388F5FFE54F.d.5C1C6E58D66C69C031893508850FD013.e.25779"}]}
RESULT: {"script":"<script> [56 bytes]","args":[{"element-6066-11e4-a52e-4f735466cecf":"f.A7D77B31E8FD2DE6ABF8E388F5FFE54F.d.5C1C6E58D66C69C031893508850FD013.e.25779","ELEMENT":"f.A7D77B31E8FD2DE6ABF8E388F5FFE54F.d.5C1C6E58D66C69C031893508850FD013.e.25779"}]}
COMMAND: GET /session/baa8cc8c703ae50a3cfee07d32ab3bfd/screenshot - {}
RESULT: {}
COMMAND: POST /session/baa8cc8c703ae50a3cfee07d32ab3bfd/execute/sync - {"script":"<script> [56 bytes]","args":[{"element-6066-11e4-a52e-4f735466cecf":"f.A7D77B31E8FD2DE6ABF8E388F5FFE54F.d.5C1C6E58D66C69C031893508850FD013.e.25779","ELEMENT":"f.A7D77B31E8FD2DE6ABF8E388F5FFE54F.d.5C1C6E58D66C69C031893508850FD013.e.25779"}]}
RESULT: {"script":"<script> [56 bytes]","args":[{"element-6066-11e4-a52e-4f735466cecf":"f.A7D77B31E8FD2DE6ABF8E388F5FFE54F.d.5C1C6E58D66C69C031893508850FD013.e.25779","ELEMENT":"f.A7D77B31E8FD2DE6ABF8E388F5FFE54F.d.5C1C6E58D66C69C031893508850FD013.e.25779"}]}
COMMAND: GET /session/baa8cc8c703ae50a3cfee07d32ab3bfd/screenshot - {}
RESULT: {}
COMMAND: POST /session/baa8cc8c703ae50a3cfee07d32ab3bfd/execute/sync - {"script":"<script> [56 bytes]","args":[{"element-6066-11e4-a52e-4f735466cecf":"f.A7D77B31E8FD2DE6ABF8E388F5FFE54F.d.5C1C6E58D66C69C031893508850FD013.e.25779","ELEMENT":"f.A7D77B31E8FD2DE6ABF8E388F5FFE54F.d.5C1C6E58D66C69C031893508850FD013.e.25779"}]}
RESULT: {"script":"<script> [56 bytes]","args":[{"element-6066-11e4-a52e-4f735466cecf":"f.A7D77B31E8FD2DE6ABF8E388F5FFE54F.d.5C1C6E58D66C69C031893508850FD013.e.25779","ELEMENT":"f.A7D77B31E8FD2DE6ABF8E388F5FFE54F.d.5C1C6E58D66C69C031893508850FD013.e.25779"}]}
COMMAND: GET /session/baa8cc8c703ae50a3cfee07d32ab3bfd/screenshot - {}
RESULT: {}
COMMAND: POST /session/baa8cc8c703ae50a3cfee07d32ab3bfd/execute/sync - {"script":"<script> [56 bytes]","args":[{"element-6066-11e4-a52e-4f735466cecf":"f.A7D77B31E8FD2DE6ABF8E388F5FFE54F.d.5C1C6E58D66C69C031893508850FD013.e.25779","ELEMENT":"f.A7D77B31E8FD2DE6ABF8E388F5FFE54F.d.5C1C6E58D66C69C031893508850FD013.e.25779"}]}
RESULT: {"script":"<script> [56 bytes]","args":[{"element-6066-11e4-a52e-4f735466cecf":"f.A7D77B31E8FD2DE6ABF8E388F5FFE54F.d.5C1C6E58D66C69C031893508850FD013.e.25779","ELEMENT":"f.A7D77B31E8FD2DE6ABF8E388F5FFE54F.d.5C1C6E58D66C69C031893508850FD013.e.25779"}]}
COMMAND: POST /session/baa8cc8c703ae50a3cfee07d32ab3bfd/element - {"using":"css selector","value":"#shell-header-logo"}
COMMAND: GET /session/baa8cc8c703ae50a3cfee07d32ab3bfd/screenshot - {}
RESULT: {"using":"css selector","value":"#shell-header-logo"}
COMMAND: POST /session/baa8cc8c703ae50a3cfee07d32ab3bfd/element/f.A7D77B31E8FD2DE6ABF8E388F5FFE54F.d.5C1C6E58D66C69C031893508850FD013.e.25565/click - {}
RESULT: {}
RESULT: {}
COMMAND: GET /session/baa8cc8c703ae50a3cfee07d32ab3bfd/screenshot - {}
RESULT: {}
]]></system-out>
    </testcase>
    <testcase classname="chrome.135_0_7049_42.windows.Billing_Calculation_-_Time_based_(considering_transport_times)_US139738" name="Should do another billing run but in around 25 days from today" time="54.086">
      <system-out><![CDATA[
RESULT: undefined
COMMAND: POST /session/baa8cc8c703ae50a3cfee07d32ab3bfd/element - {"using":"xpath","value":"//*[@id=\"__tile51\"]"}
RESULT: {"using":"xpath","value":"//*[@id=\"__tile51\"]"}
COMMAND: POST /session/baa8cc8c703ae50a3cfee07d32ab3bfd/element/f.A7D77B31E8FD2DE6ABF8E388F5FFE54F.d.5C1C6E58D66C69C031893508850FD013.e.19508/click - {}
RESULT: {}
COMMAND: GET /session/baa8cc8c703ae50a3cfee07d32ab3bfd/screenshot - {}
RESULT: {}
RESULT: undefined
COMMAND: POST /session/baa8cc8c703ae50a3cfee07d32ab3bfd/execute/async - {"script":"<script> [776 bytes]","args":[{"enterText":"10594","selector":{"id":"application-managebillings-display-component---billRunCalcResult--smartFilterBar-btnBasicSearch","interaction":{"idSuffix":"I"}},"clearTextFirst":true,"interactionType":"ENTER_TEXT"}]}
RESULT: {"script":"<script> [776 bytes]","args":[{"enterText":"10594","selector":{"id":"application-managebillings-display-component---billRunCalcResult--smartFilterBar-btnBasicSearch","interaction":{"idSuffix":"I"}},"clearTextFirst":true,"interactionType":"ENTER_TEXT"}]}
COMMAND: POST /session/baa8cc8c703ae50a3cfee07d32ab3bfd/actions - {"actions":[{"id":"action89","type":"key","parameters":{},"actions":[{"type":"keyDown","value":""},{"type":"pause","duration":10},{"type":"keyUp","value":""}]}]}
RESULT: {"actions":[{"id":"action89","type":"key","parameters":{},"actions":[{"type":"keyDown","value":""},{"type":"pause","duration":10},{"type":"keyUp","value":""}]}]}
COMMAND: GET /session/baa8cc8c703ae50a3cfee07d32ab3bfd/screenshot - {}
RESULT: {}
COMMAND: POST /session/baa8cc8c703ae50a3cfee07d32ab3bfd/element - {"using":"xpath","value":"//td[@aria-colindex=\"1\"]/div/div[contains(@class, \"sapMCbBg\")]"}
RESULT: {"using":"xpath","value":"//td[@aria-colindex=\"1\"]/div/div[contains(@class, \"sapMCbBg\")]"}
COMMAND: POST /session/baa8cc8c703ae50a3cfee07d32ab3bfd/element/f.A7D77B31E8FD2DE6ABF8E388F5FFE54F.d.5C1C6E58D66C69C031893508850FD013.e.26028/click - {}
RESULT: {}
COMMAND: GET /session/baa8cc8c703ae50a3cfee07d32ab3bfd/screenshot - {}
RESULT: {}
RESULT: undefined
COMMAND: POST /session/baa8cc8c703ae50a3cfee07d32ab3bfd/execute/async - {"script":"<script> [776 bytes]","args":[{"enterText":"05/18/25","selector":{"id":"application-managebillings-display-component---billRunCalcResult--contractBillRunDate","interaction":{"idSuffix":"inner"}},"clearTextFirst":true,"interactionType":"ENTER_TEXT"}]}
RESULT: {"script":"<script> [776 bytes]","args":[{"enterText":"05/18/25","selector":{"id":"application-managebillings-display-component---billRunCalcResult--contractBillRunDate","interaction":{"idSuffix":"inner"}},"clearTextFirst":true,"interactionType":"ENTER_TEXT"}]}
COMMAND: POST /session/baa8cc8c703ae50a3cfee07d32ab3bfd/element - {"using":"xpath","value":"//bdi[contains(text(), \"Trigger Calculation\")]"}
RESULT: {"using":"xpath","value":"//bdi[contains(text(), \"Trigger Calculation\")]"}
COMMAND: POST /session/baa8cc8c703ae50a3cfee07d32ab3bfd/element/f.A7D77B31E8FD2DE6ABF8E388F5FFE54F.d.5C1C6E58D66C69C031893508850FD013.e.26084/click - {}
RESULT: {}
COMMAND: GET /session/baa8cc8c703ae50a3cfee07d32ab3bfd/screenshot - {}
RESULT: {}
COMMAND: POST /session/baa8cc8c703ae50a3cfee07d32ab3bfd/element - {"using":"xpath","value":"(//span[contains(@id, \"imgNav\")])[1]"}
RESULT: {"using":"xpath","value":"(//span[contains(@id, \"imgNav\")])[1]"}
COMMAND: POST /session/baa8cc8c703ae50a3cfee07d32ab3bfd/element/f.A7D77B31E8FD2DE6ABF8E388F5FFE54F.d.5C1C6E58D66C69C031893508850FD013.e.26029/click - {}
RESULT: {}
COMMAND: GET /session/baa8cc8c703ae50a3cfee07d32ab3bfd/screenshot - {}
RESULT: {}
COMMAND: POST /session/baa8cc8c703ae50a3cfee07d32ab3bfd/element - {"using":"xpath","value":"//tr/td[6]/div[1]/span[1]/span[1]"}
RESULT: {"using":"xpath","value":"//tr/td[6]/div[1]/span[1]/span[1]"}
COMMAND: GET /session/baa8cc8c703ae50a3cfee07d32ab3bfd/element/f.A7D77B31E8FD2DE6ABF8E388F5FFE54F.d.5C1C6E58D66C69C031893508850FD013.e.26088/text - {}
RESULT: {}
COMMAND: POST /session/baa8cc8c703ae50a3cfee07d32ab3bfd/element - {"using":"xpath","value":"(//span[contains(@id, \"imgNav\")])[2]"}
RESULT: {"using":"xpath","value":"(//span[contains(@id, \"imgNav\")])[2]"}
COMMAND: POST /session/baa8cc8c703ae50a3cfee07d32ab3bfd/element/f.A7D77B31E8FD2DE6ABF8E388F5FFE54F.d.5C1C6E58D66C69C031893508850FD013.e.26089/click - {}
RESULT: {}
COMMAND: POST /session/baa8cc8c703ae50a3cfee07d32ab3bfd/element - {"using":"xpath","value":"//bdi[contains(text(), \"Business Confirm\")]"}
COMMAND: GET /session/baa8cc8c703ae50a3cfee07d32ab3bfd/screenshot - {}
RESULT: {"using":"xpath","value":"//bdi[contains(text(), \"Business Confirm\")]"}
COMMAND: POST /session/baa8cc8c703ae50a3cfee07d32ab3bfd/elements - {"using":"xpath","value":"//bdi[contains(text(), \"Business Confirm\")]"}
RESULT: {}
RESULT: {"using":"xpath","value":"//bdi[contains(text(), \"Business Confirm\")]"}
COMMAND: POST /session/baa8cc8c703ae50a3cfee07d32ab3bfd/elements - {"using":"xpath","value":"//bdi[contains(text(), \"Business Confirm\")]"}
RESULT: {"using":"xpath","value":"//bdi[contains(text(), \"Business Confirm\")]"}
COMMAND: POST /session/baa8cc8c703ae50a3cfee07d32ab3bfd/element - {"using":"xpath","value":"//bdi[contains(text(), \"Business Confirm\")]"}
RESULT: {"using":"xpath","value":"//bdi[contains(text(), \"Business Confirm\")]"}
COMMAND: POST /session/baa8cc8c703ae50a3cfee07d32ab3bfd/element/f.A7D77B31E8FD2DE6ABF8E388F5FFE54F.d.5C1C6E58D66C69C031893508850FD013.e.26092/click - {}
RESULT: {}
COMMAND: POST /session/baa8cc8c703ae50a3cfee07d32ab3bfd/element - {"using":"css selector","value":"#shell-header-logo"}
COMMAND: GET /session/baa8cc8c703ae50a3cfee07d32ab3bfd/screenshot - {}
RESULT: {"using":"css selector","value":"#shell-header-logo"}
COMMAND: POST /session/baa8cc8c703ae50a3cfee07d32ab3bfd/element/f.A7D77B31E8FD2DE6ABF8E388F5FFE54F.d.5C1C6E58D66C69C031893508850FD013.e.25818/click - {}
RESULT: {}
RESULT: {}
COMMAND: GET /session/baa8cc8c703ae50a3cfee07d32ab3bfd/screenshot - {}
RESULT: {}
]]></system-out>
    </testcase>
    <testcase classname="chrome.135_0_7049_42.windows.Billing_Calculation_-_Time_based_(considering_transport_times)_US139738" name="Should transfer the billing all the way to completion" time="64.234">
      <system-out><![CDATA[
RESULT: undefined
COMMAND: POST /session/baa8cc8c703ae50a3cfee07d32ab3bfd/element - {"using":"xpath","value":"//*[@id=\"__tile50\"]"}
RESULT: {"using":"xpath","value":"//*[@id=\"__tile50\"]"}
COMMAND: POST /session/baa8cc8c703ae50a3cfee07d32ab3bfd/element/f.A7D77B31E8FD2DE6ABF8E388F5FFE54F.d.5C1C6E58D66C69C031893508850FD013.e.19506/click - {}
RESULT: {}
COMMAND: POST /session/baa8cc8c703ae50a3cfee07d32ab3bfd/element - {"using":"xpath","value":"//input[contains(@id ,\"application-billingtransfer-display-component---billingWorkbench--smartFilterBar-btnBasicSearch\")]"}
COMMAND: GET /session/baa8cc8c703ae50a3cfee07d32ab3bfd/screenshot - {}
RESULT: {"using":"xpath","value":"//input[contains(@id ,\"application-billingtransfer-display-component---billingWorkbench--smartFilterBar-btnBasicSearch\")]"}
COMMAND: POST /session/baa8cc8c703ae50a3cfee07d32ab3bfd/elements - {"using":"xpath","value":"//input[contains(@id ,\"application-billingtransfer-display-component---billingWorkbench--smartFilterBar-btnBasicSearch\")]"}
RESULT: {}
RESULT: {"using":"xpath","value":"//input[contains(@id ,\"application-billingtransfer-display-component---billingWorkbench--smartFilterBar-btnBasicSearch\")]"}
COMMAND: POST /session/baa8cc8c703ae50a3cfee07d32ab3bfd/execute/sync - {"script":"<script> [8489 bytes]","args":[{"element-6066-11e4-a52e-4f735466cecf":"f.A7D77B31E8FD2DE6ABF8E388F5FFE54F.d.5C1C6E58D66C69C031893508850FD013.e.26171","ELEMENT":"f.A7D77B31E8FD2DE6ABF8E388F5FFE54F.d.5C1C6E58D66C69C031893508850FD013.e.26171"}]}
RESULT: {"script":"<script> [8489 bytes]","args":[{"element-6066-11e4-a52e-4f735466cecf":"f.A7D77B31E8FD2DE6ABF8E388F5FFE54F.d.5C1C6E58D66C69C031893508850FD013.e.26171","ELEMENT":"f.A7D77B31E8FD2DE6ABF8E388F5FFE54F.d.5C1C6E58D66C69C031893508850FD013.e.26171"}]}
COMMAND: GET /session/baa8cc8c703ae50a3cfee07d32ab3bfd/element/f.A7D77B31E8FD2DE6ABF8E388F5FFE54F.d.5C1C6E58D66C69C031893508850FD013.e.26171/enabled - {}
COMMAND: GET /session/baa8cc8c703ae50a3cfee07d32ab3bfd/screenshot - {}
RESULT: {}
COMMAND: POST /session/baa8cc8c703ae50a3cfee07d32ab3bfd/element/f.A7D77B31E8FD2DE6ABF8E388F5FFE54F.d.5C1C6E58D66C69C031893508850FD013.e.26171/click - {}
COMMAND: GET /session/baa8cc8c703ae50a3cfee07d32ab3bfd/screenshot - {}
RESULT: {}
RESULT: {}
COMMAND: GET /session/baa8cc8c703ae50a3cfee07d32ab3bfd/screenshot - {}
RESULT: {}
RESULT: {}
COMMAND: POST /session/baa8cc8c703ae50a3cfee07d32ab3bfd/element/f.A7D77B31E8FD2DE6ABF8E388F5FFE54F.d.5C1C6E58D66C69C031893508850FD013.e.26171/clear - {}
RESULT: {}
COMMAND: POST /session/baa8cc8c703ae50a3cfee07d32ab3bfd/element/f.A7D77B31E8FD2DE6ABF8E388F5FFE54F.d.5C1C6E58D66C69C031893508850FD013.e.26171/value - {"text":"10594"}
COMMAND: GET /session/baa8cc8c703ae50a3cfee07d32ab3bfd/screenshot - {}
RESULT: {"text":"10594"}
COMMAND: POST /session/baa8cc8c703ae50a3cfee07d32ab3bfd/actions - {"actions":[{"id":"action90","type":"key","parameters":{},"actions":[{"type":"keyDown","value":""},{"type":"pause","duration":10},{"type":"keyUp","value":""}]}]}
COMMAND: GET /session/baa8cc8c703ae50a3cfee07d32ab3bfd/screenshot - {}
RESULT: {}
RESULT: {"actions":[{"id":"action90","type":"key","parameters":{},"actions":[{"type":"keyDown","value":""},{"type":"pause","duration":10},{"type":"keyUp","value":""}]}]}
COMMAND: GET /session/baa8cc8c703ae50a3cfee07d32ab3bfd/screenshot - {}
RESULT: {}
RESULT: {}
COMMAND: POST /session/baa8cc8c703ae50a3cfee07d32ab3bfd/element - {"using":"xpath","value":"//span[contains(@id ,\"application-billingtransfer-display-component---billingWorkbench--smartTableBillingRuns-header-inner\")]"}
RESULT: {"using":"xpath","value":"//span[contains(@id ,\"application-billingtransfer-display-component---billingWorkbench--smartTableBillingRuns-header-inner\")]"}
COMMAND: POST /session/baa8cc8c703ae50a3cfee07d32ab3bfd/elements - {"using":"xpath","value":"//span[contains(@id ,\"application-billingtransfer-display-component---billingWorkbench--smartTableBillingRuns-header-inner\")]"}
RESULT: {"using":"xpath","value":"//span[contains(@id ,\"application-billingtransfer-display-component---billingWorkbench--smartTableBillingRuns-header-inner\")]"}
COMMAND: POST /session/baa8cc8c703ae50a3cfee07d32ab3bfd/execute/sync - {"script":"<script> [56 bytes]","args":[{"element-6066-11e4-a52e-4f735466cecf":"f.A7D77B31E8FD2DE6ABF8E388F5FFE54F.d.5C1C6E58D66C69C031893508850FD013.e.26317","ELEMENT":"f.A7D77B31E8FD2DE6ABF8E388F5FFE54F.d.5C1C6E58D66C69C031893508850FD013.e.26317"}]}
RESULT: {"script":"<script> [56 bytes]","args":[{"element-6066-11e4-a52e-4f735466cecf":"f.A7D77B31E8FD2DE6ABF8E388F5FFE54F.d.5C1C6E58D66C69C031893508850FD013.e.26317","ELEMENT":"f.A7D77B31E8FD2DE6ABF8E388F5FFE54F.d.5C1C6E58D66C69C031893508850FD013.e.26317"}]}
COMMAND: POST /session/baa8cc8c703ae50a3cfee07d32ab3bfd/element - {"using":"xpath","value":"//td[@aria-colindex=\"1\"]/div/div[contains(@class, \"sapMCbBg\")]"}
COMMAND: GET /session/baa8cc8c703ae50a3cfee07d32ab3bfd/screenshot - {}
RESULT: {"using":"xpath","value":"//td[@aria-colindex=\"1\"]/div/div[contains(@class, \"sapMCbBg\")]"}
COMMAND: POST /session/baa8cc8c703ae50a3cfee07d32ab3bfd/element/f.A7D77B31E8FD2DE6ABF8E388F5FFE54F.d.5C1C6E58D66C69C031893508850FD013.e.26310/click - {}
RESULT: {}
RESULT: {}
COMMAND: GET /session/baa8cc8c703ae50a3cfee07d32ab3bfd/screenshot - {}
RESULT: {}
COMMAND: POST /session/baa8cc8c703ae50a3cfee07d32ab3bfd/element - {"using":"xpath","value":"//bdi[contains(text(), \"Check\")]"}
RESULT: {"using":"xpath","value":"//bdi[contains(text(), \"Check\")]"}
COMMAND: POST /session/baa8cc8c703ae50a3cfee07d32ab3bfd/element/f.A7D77B31E8FD2DE6ABF8E388F5FFE54F.d.5C1C6E58D66C69C031893508850FD013.e.26318/click - {}
RESULT: {}
COMMAND: GET /session/baa8cc8c703ae50a3cfee07d32ab3bfd/screenshot - {}
RESULT: {}
COMMAND: POST /session/baa8cc8c703ae50a3cfee07d32ab3bfd/element - {"using":"xpath","value":"//bdi[contains(text(), \"OK\")]"}
RESULT: {"using":"xpath","value":"//bdi[contains(text(), \"OK\")]"}
COMMAND: POST /session/baa8cc8c703ae50a3cfee07d32ab3bfd/element/f.A7D77B31E8FD2DE6ABF8E388F5FFE54F.d.5C1C6E58D66C69C031893508850FD013.e.26321/click - {}
RESULT: {}
COMMAND: GET /session/baa8cc8c703ae50a3cfee07d32ab3bfd/screenshot - {}
RESULT: {}
COMMAND: POST /session/baa8cc8c703ae50a3cfee07d32ab3bfd/element - {"using":"xpath","value":"(//span[contains(text(), \"CO/SD checked\")]/parent::div/preceding-sibling::div/span)[1]"}
RESULT: {"using":"xpath","value":"(//span[contains(text(), \"CO/SD checked\")]/parent::div/preceding-sibling::div/span)[1]"}
COMMAND: POST /session/baa8cc8c703ae50a3cfee07d32ab3bfd/element/f.A7D77B31E8FD2DE6ABF8E388F5FFE54F.d.5C1C6E58D66C69C031893508850FD013.e.26331/click - {}
RESULT: {}
COMMAND: GET /session/baa8cc8c703ae50a3cfee07d32ab3bfd/screenshot - {}
RESULT: {}
COMMAND: POST /session/baa8cc8c703ae50a3cfee07d32ab3bfd/element - {"using":"xpath","value":"//input[contains(@id ,\"application-billingtransfer-display-component---billingWorkbench--smartFilterBar-btnBasicSearch\")]"}
RESULT: {"using":"xpath","value":"//input[contains(@id ,\"application-billingtransfer-display-component---billingWorkbench--smartFilterBar-btnBasicSearch\")]"}
COMMAND: POST /session/baa8cc8c703ae50a3cfee07d32ab3bfd/elements - {"using":"xpath","value":"//input[contains(@id ,\"application-billingtransfer-display-component---billingWorkbench--smartFilterBar-btnBasicSearch\")]"}
RESULT: {"using":"xpath","value":"//input[contains(@id ,\"application-billingtransfer-display-component---billingWorkbench--smartFilterBar-btnBasicSearch\")]"}
COMMAND: POST /session/baa8cc8c703ae50a3cfee07d32ab3bfd/execute/sync - {"script":"<script> [8489 bytes]","args":[{"element-6066-11e4-a52e-4f735466cecf":"f.A7D77B31E8FD2DE6ABF8E388F5FFE54F.d.5C1C6E58D66C69C031893508850FD013.e.26171","ELEMENT":"f.A7D77B31E8FD2DE6ABF8E388F5FFE54F.d.5C1C6E58D66C69C031893508850FD013.e.26171"}]}
RESULT: {"script":"<script> [8489 bytes]","args":[{"element-6066-11e4-a52e-4f735466cecf":"f.A7D77B31E8FD2DE6ABF8E388F5FFE54F.d.5C1C6E58D66C69C031893508850FD013.e.26171","ELEMENT":"f.A7D77B31E8FD2DE6ABF8E388F5FFE54F.d.5C1C6E58D66C69C031893508850FD013.e.26171"}]}
COMMAND: GET /session/baa8cc8c703ae50a3cfee07d32ab3bfd/element/f.A7D77B31E8FD2DE6ABF8E388F5FFE54F.d.5C1C6E58D66C69C031893508850FD013.e.26171/enabled - {}
COMMAND: GET /session/baa8cc8c703ae50a3cfee07d32ab3bfd/screenshot - {}
RESULT: {}
COMMAND: POST /session/baa8cc8c703ae50a3cfee07d32ab3bfd/element/f.A7D77B31E8FD2DE6ABF8E388F5FFE54F.d.5C1C6E58D66C69C031893508850FD013.e.26171/click - {}
COMMAND: GET /session/baa8cc8c703ae50a3cfee07d32ab3bfd/screenshot - {}
RESULT: {}
RESULT: {}
COMMAND: GET /session/baa8cc8c703ae50a3cfee07d32ab3bfd/screenshot - {}
RESULT: {}
RESULT: {}
COMMAND: POST /session/baa8cc8c703ae50a3cfee07d32ab3bfd/element/f.A7D77B31E8FD2DE6ABF8E388F5FFE54F.d.5C1C6E58D66C69C031893508850FD013.e.26171/clear - {}
RESULT: {}
COMMAND: POST /session/baa8cc8c703ae50a3cfee07d32ab3bfd/element/f.A7D77B31E8FD2DE6ABF8E388F5FFE54F.d.5C1C6E58D66C69C031893508850FD013.e.26171/value - {"text":"10594"}
COMMAND: GET /session/baa8cc8c703ae50a3cfee07d32ab3bfd/screenshot - {}
RESULT: {"text":"10594"}
COMMAND: POST /session/baa8cc8c703ae50a3cfee07d32ab3bfd/actions - {"actions":[{"id":"action91","type":"key","parameters":{},"actions":[{"type":"keyDown","value":""},{"type":"pause","duration":10},{"type":"keyUp","value":""}]}]}
COMMAND: GET /session/baa8cc8c703ae50a3cfee07d32ab3bfd/screenshot - {}
RESULT: {}
RESULT: {"actions":[{"id":"action91","type":"key","parameters":{},"actions":[{"type":"keyDown","value":""},{"type":"pause","duration":10},{"type":"keyUp","value":""}]}]}
COMMAND: GET /session/baa8cc8c703ae50a3cfee07d32ab3bfd/screenshot - {}
RESULT: {}
RESULT: {}
COMMAND: POST /session/baa8cc8c703ae50a3cfee07d32ab3bfd/element - {"using":"xpath","value":"//span[contains(@id ,\"application-billingtransfer-display-component---billingWorkbench--smartTableBillingRuns-header-inner\")]"}
RESULT: {"using":"xpath","value":"//span[contains(@id ,\"application-billingtransfer-display-component---billingWorkbench--smartTableBillingRuns-header-inner\")]"}
COMMAND: POST /session/baa8cc8c703ae50a3cfee07d32ab3bfd/elements - {"using":"xpath","value":"//span[contains(@id ,\"application-billingtransfer-display-component---billingWorkbench--smartTableBillingRuns-header-inner\")]"}
RESULT: {"using":"xpath","value":"//span[contains(@id ,\"application-billingtransfer-display-component---billingWorkbench--smartTableBillingRuns-header-inner\")]"}
COMMAND: POST /session/baa8cc8c703ae50a3cfee07d32ab3bfd/execute/sync - {"script":"<script> [56 bytes]","args":[{"element-6066-11e4-a52e-4f735466cecf":"f.A7D77B31E8FD2DE6ABF8E388F5FFE54F.d.5C1C6E58D66C69C031893508850FD013.e.26317","ELEMENT":"f.A7D77B31E8FD2DE6ABF8E388F5FFE54F.d.5C1C6E58D66C69C031893508850FD013.e.26317"}]}
RESULT: {"script":"<script> [56 bytes]","args":[{"element-6066-11e4-a52e-4f735466cecf":"f.A7D77B31E8FD2DE6ABF8E388F5FFE54F.d.5C1C6E58D66C69C031893508850FD013.e.26317","ELEMENT":"f.A7D77B31E8FD2DE6ABF8E388F5FFE54F.d.5C1C6E58D66C69C031893508850FD013.e.26317"}]}
COMMAND: POST /session/baa8cc8c703ae50a3cfee07d32ab3bfd/element - {"using":"xpath","value":"//td[@aria-colindex=\"1\"]/div/div[contains(@class, \"sapMCbBg\")]"}
COMMAND: GET /session/baa8cc8c703ae50a3cfee07d32ab3bfd/screenshot - {}
RESULT: {"using":"xpath","value":"//td[@aria-colindex=\"1\"]/div/div[contains(@class, \"sapMCbBg\")]"}
COMMAND: POST /session/baa8cc8c703ae50a3cfee07d32ab3bfd/element/f.A7D77B31E8FD2DE6ABF8E388F5FFE54F.d.5C1C6E58D66C69C031893508850FD013.e.26334/click - {}
RESULT: {}
RESULT: {}
COMMAND: GET /session/baa8cc8c703ae50a3cfee07d32ab3bfd/screenshot - {}
RESULT: {}
COMMAND: POST /session/baa8cc8c703ae50a3cfee07d32ab3bfd/element - {"using":"xpath","value":"//bdi[text()=\"Transfer\"]"}
RESULT: {"using":"xpath","value":"//bdi[text()=\"Transfer\"]"}
COMMAND: POST /session/baa8cc8c703ae50a3cfee07d32ab3bfd/element/f.A7D77B31E8FD2DE6ABF8E388F5FFE54F.d.5C1C6E58D66C69C031893508850FD013.e.26335/click - {}
RESULT: {}
COMMAND: GET /session/baa8cc8c703ae50a3cfee07d32ab3bfd/screenshot - {}
RESULT: {}
COMMAND: POST /session/baa8cc8c703ae50a3cfee07d32ab3bfd/element - {"using":"xpath","value":"//bdi[contains(text(), \"OK\")]"}
RESULT: {"using":"xpath","value":"//bdi[contains(text(), \"OK\")]"}
COMMAND: POST /session/baa8cc8c703ae50a3cfee07d32ab3bfd/element/f.A7D77B31E8FD2DE6ABF8E388F5FFE54F.d.5C1C6E58D66C69C031893508850FD013.e.26338/click - {}
RESULT: {}
COMMAND: GET /session/baa8cc8c703ae50a3cfee07d32ab3bfd/screenshot - {}
RESULT: {}
COMMAND: POST /session/baa8cc8c703ae50a3cfee07d32ab3bfd/element - {"using":"xpath","value":"(//span[contains(text(), \"Completed\")]/parent::div/preceding-sibling::div/span)[1]"}
RESULT: {"using":"xpath","value":"(//span[contains(text(), \"Completed\")]/parent::div/preceding-sibling::div/span)[1]"}
COMMAND: POST /session/baa8cc8c703ae50a3cfee07d32ab3bfd/element/f.A7D77B31E8FD2DE6ABF8E388F5FFE54F.d.5C1C6E58D66C69C031893508850FD013.e.26346/click - {}
RESULT: {}
COMMAND: POST /session/baa8cc8c703ae50a3cfee07d32ab3bfd/element - {"using":"xpath","value":"//input[contains(@id ,\"application-billingtransfer-display-component---billingWorkbench--smartFilterBar-btnBasicSearch\")]"}
COMMAND: GET /session/baa8cc8c703ae50a3cfee07d32ab3bfd/screenshot - {}
RESULT: {"using":"xpath","value":"//input[contains(@id ,\"application-billingtransfer-display-component---billingWorkbench--smartFilterBar-btnBasicSearch\")]"}
COMMAND: POST /session/baa8cc8c703ae50a3cfee07d32ab3bfd/elements - {"using":"xpath","value":"//input[contains(@id ,\"application-billingtransfer-display-component---billingWorkbench--smartFilterBar-btnBasicSearch\")]"}
RESULT: {}
RESULT: {"using":"xpath","value":"//input[contains(@id ,\"application-billingtransfer-display-component---billingWorkbench--smartFilterBar-btnBasicSearch\")]"}
COMMAND: POST /session/baa8cc8c703ae50a3cfee07d32ab3bfd/execute/sync - {"script":"<script> [8489 bytes]","args":[{"element-6066-11e4-a52e-4f735466cecf":"f.A7D77B31E8FD2DE6ABF8E388F5FFE54F.d.5C1C6E58D66C69C031893508850FD013.e.26171","ELEMENT":"f.A7D77B31E8FD2DE6ABF8E388F5FFE54F.d.5C1C6E58D66C69C031893508850FD013.e.26171"}]}
RESULT: {"script":"<script> [8489 bytes]","args":[{"element-6066-11e4-a52e-4f735466cecf":"f.A7D77B31E8FD2DE6ABF8E388F5FFE54F.d.5C1C6E58D66C69C031893508850FD013.e.26171","ELEMENT":"f.A7D77B31E8FD2DE6ABF8E388F5FFE54F.d.5C1C6E58D66C69C031893508850FD013.e.26171"}]}
COMMAND: GET /session/baa8cc8c703ae50a3cfee07d32ab3bfd/element/f.A7D77B31E8FD2DE6ABF8E388F5FFE54F.d.5C1C6E58D66C69C031893508850FD013.e.26171/enabled - {}
COMMAND: GET /session/baa8cc8c703ae50a3cfee07d32ab3bfd/screenshot - {}
RESULT: {}
COMMAND: POST /session/baa8cc8c703ae50a3cfee07d32ab3bfd/element/f.A7D77B31E8FD2DE6ABF8E388F5FFE54F.d.5C1C6E58D66C69C031893508850FD013.e.26171/click - {}
COMMAND: GET /session/baa8cc8c703ae50a3cfee07d32ab3bfd/screenshot - {}
RESULT: {}
RESULT: {}
COMMAND: GET /session/baa8cc8c703ae50a3cfee07d32ab3bfd/screenshot - {}
RESULT: {}
RESULT: {}
COMMAND: POST /session/baa8cc8c703ae50a3cfee07d32ab3bfd/element/f.A7D77B31E8FD2DE6ABF8E388F5FFE54F.d.5C1C6E58D66C69C031893508850FD013.e.26171/clear - {}
RESULT: {}
COMMAND: POST /session/baa8cc8c703ae50a3cfee07d32ab3bfd/element/f.A7D77B31E8FD2DE6ABF8E388F5FFE54F.d.5C1C6E58D66C69C031893508850FD013.e.26171/value - {"text":"10594"}
COMMAND: GET /session/baa8cc8c703ae50a3cfee07d32ab3bfd/screenshot - {}
RESULT: {"text":"10594"}
COMMAND: POST /session/baa8cc8c703ae50a3cfee07d32ab3bfd/actions - {"actions":[{"id":"action92","type":"key","parameters":{},"actions":[{"type":"keyDown","value":""},{"type":"pause","duration":10},{"type":"keyUp","value":""}]}]}
COMMAND: GET /session/baa8cc8c703ae50a3cfee07d32ab3bfd/screenshot - {}
RESULT: {}
RESULT: {}
RESULT: {"actions":[{"id":"action92","type":"key","parameters":{},"actions":[{"type":"keyDown","value":""},{"type":"pause","duration":10},{"type":"keyUp","value":""}]}]}
COMMAND: GET /session/baa8cc8c703ae50a3cfee07d32ab3bfd/screenshot - {}
RESULT: {}
COMMAND: POST /session/baa8cc8c703ae50a3cfee07d32ab3bfd/element - {"using":"xpath","value":"//span[contains(@id ,\"application-billingtransfer-display-component---billingWorkbench--smartTableBillingRuns-header-inner\")]"}
RESULT: {"using":"xpath","value":"//span[contains(@id ,\"application-billingtransfer-display-component---billingWorkbench--smartTableBillingRuns-header-inner\")]"}
COMMAND: POST /session/baa8cc8c703ae50a3cfee07d32ab3bfd/elements - {"using":"xpath","value":"//span[contains(@id ,\"application-billingtransfer-display-component---billingWorkbench--smartTableBillingRuns-header-inner\")]"}
RESULT: {"using":"xpath","value":"//span[contains(@id ,\"application-billingtransfer-display-component---billingWorkbench--smartTableBillingRuns-header-inner\")]"}
COMMAND: POST /session/baa8cc8c703ae50a3cfee07d32ab3bfd/execute/sync - {"script":"<script> [56 bytes]","args":[{"element-6066-11e4-a52e-4f735466cecf":"f.A7D77B31E8FD2DE6ABF8E388F5FFE54F.d.5C1C6E58D66C69C031893508850FD013.e.26317","ELEMENT":"f.A7D77B31E8FD2DE6ABF8E388F5FFE54F.d.5C1C6E58D66C69C031893508850FD013.e.26317"}]}
RESULT: {"script":"<script> [56 bytes]","args":[{"element-6066-11e4-a52e-4f735466cecf":"f.A7D77B31E8FD2DE6ABF8E388F5FFE54F.d.5C1C6E58D66C69C031893508850FD013.e.26317","ELEMENT":"f.A7D77B31E8FD2DE6ABF8E388F5FFE54F.d.5C1C6E58D66C69C031893508850FD013.e.26317"}]}
COMMAND: POST /session/baa8cc8c703ae50a3cfee07d32ab3bfd/element - {"using":"css selector","value":"#shell-header-logo"}
COMMAND: GET /session/baa8cc8c703ae50a3cfee07d32ab3bfd/screenshot - {}
RESULT: {"using":"css selector","value":"#shell-header-logo"}
COMMAND: POST /session/baa8cc8c703ae50a3cfee07d32ab3bfd/element/f.A7D77B31E8FD2DE6ABF8E388F5FFE54F.d.5C1C6E58D66C69C031893508850FD013.e.26169/click - {}
RESULT: {}
RESULT: {}
COMMAND: GET /session/baa8cc8c703ae50a3cfee07d32ab3bfd/screenshot - {}
RESULT: {}
]]></system-out>
    </testcase>
    <testcase classname="chrome.135_0_7049_42.windows.Billing_Calculation_-_Time_based_(considering_transport_times)_US139738" name="Should navigate to the contract item check the billed until field value" time="38.333">
      <system-out><![CDATA[
RESULT: undefined
COMMAND: POST /session/baa8cc8c703ae50a3cfee07d32ab3bfd/element - {"using":"xpath","value":"//*[@id=\"__tile130-title\"]"}
RESULT: {"using":"xpath","value":"//*[@id=\"__tile130-title\"]"}
COMMAND: POST /session/baa8cc8c703ae50a3cfee07d32ab3bfd/element/f.A7D77B31E8FD2DE6ABF8E388F5FFE54F.d.5C1C6E58D66C69C031893508850FD013.e.21634/click - {}
RESULT: {}
COMMAND: GET /session/baa8cc8c703ae50a3cfee07d32ab3bfd/screenshot - {}
RESULT: undefined
RESULT: {}
COMMAND: POST /session/baa8cc8c703ae50a3cfee07d32ab3bfd/element - {"using":"xpath","value":"//button[@data-kt=\"addButton\"]"}
RESULT: {"using":"xpath","value":"//button[@data-kt=\"addButton\"]"}
COMMAND: POST /session/baa8cc8c703ae50a3cfee07d32ab3bfd/elements - {"using":"xpath","value":"//button[@data-kt=\"addButton\"]"}
RESULT: {"using":"xpath","value":"//button[@data-kt=\"addButton\"]"}
COMMAND: POST /session/baa8cc8c703ae50a3cfee07d32ab3bfd/execute/sync - {"script":"<script> [8489 bytes]","args":[{"element-6066-11e4-a52e-4f735466cecf":"f.A7D77B31E8FD2DE6ABF8E388F5FFE54F.d.5C1C6E58D66C69C031893508850FD013.e.26380","ELEMENT":"f.A7D77B31E8FD2DE6ABF8E388F5FFE54F.d.5C1C6E58D66C69C031893508850FD013.e.26380"}]}
RESULT: {"script":"<script> [8489 bytes]","args":[{"element-6066-11e4-a52e-4f735466cecf":"f.A7D77B31E8FD2DE6ABF8E388F5FFE54F.d.5C1C6E58D66C69C031893508850FD013.e.26380","ELEMENT":"f.A7D77B31E8FD2DE6ABF8E388F5FFE54F.d.5C1C6E58D66C69C031893508850FD013.e.26380"}]}
COMMAND: GET /session/baa8cc8c703ae50a3cfee07d32ab3bfd/element/f.A7D77B31E8FD2DE6ABF8E388F5FFE54F.d.5C1C6E58D66C69C031893508850FD013.e.26380/enabled - {}
COMMAND: GET /session/baa8cc8c703ae50a3cfee07d32ab3bfd/screenshot - {}
RESULT: {}
COMMAND: POST /session/baa8cc8c703ae50a3cfee07d32ab3bfd/execute/sync - {"script":"<script> [8489 bytes]","args":[{"element-6066-11e4-a52e-4f735466cecf":"f.A7D77B31E8FD2DE6ABF8E388F5FFE54F.d.5C1C6E58D66C69C031893508850FD013.e.26380","ELEMENT":"f.A7D77B31E8FD2DE6ABF8E388F5FFE54F.d.5C1C6E58D66C69C031893508850FD013.e.26380"}]}
COMMAND: GET /session/baa8cc8c703ae50a3cfee07d32ab3bfd/screenshot - {}
RESULT: {}
RESULT: {"script":"<script> [8489 bytes]","args":[{"element-6066-11e4-a52e-4f735466cecf":"f.A7D77B31E8FD2DE6ABF8E388F5FFE54F.d.5C1C6E58D66C69C031893508850FD013.e.26380","ELEMENT":"f.A7D77B31E8FD2DE6ABF8E388F5FFE54F.d.5C1C6E58D66C69C031893508850FD013.e.26380"}]}
COMMAND: POST /session/baa8cc8c703ae50a3cfee07d32ab3bfd/execute/sync - {"script":"<script> [5351 bytes]","args":[{"element-6066-11e4-a52e-4f735466cecf":"f.A7D77B31E8FD2DE6ABF8E388F5FFE54F.d.5C1C6E58D66C69C031893508850FD013.e.26380","ELEMENT":"f.A7D77B31E8FD2DE6ABF8E388F5FFE54F.d.5C1C6E58D66C69C031893508850FD013.e.26380"}]}
COMMAND: GET /session/baa8cc8c703ae50a3cfee07d32ab3bfd/screenshot - {}
RESULT: {}
RESULT: {"script":"<script> [5351 bytes]","args":[{"element-6066-11e4-a52e-4f735466cecf":"f.A7D77B31E8FD2DE6ABF8E388F5FFE54F.d.5C1C6E58D66C69C031893508850FD013.e.26380","ELEMENT":"f.A7D77B31E8FD2DE6ABF8E388F5FFE54F.d.5C1C6E58D66C69C031893508850FD013.e.26380"}]}
COMMAND: POST /session/baa8cc8c703ae50a3cfee07d32ab3bfd/element - {"using":"xpath","value":"//input[contains(@id ,\"smartContractFilterBar-btnBasicSearch-I\")]"}
COMMAND: GET /session/baa8cc8c703ae50a3cfee07d32ab3bfd/screenshot - {}
RESULT: {}
RESULT: {"using":"xpath","value":"//input[contains(@id ,\"smartContractFilterBar-btnBasicSearch-I\")]"}
COMMAND: POST /session/baa8cc8c703ae50a3cfee07d32ab3bfd/elements - {"using":"xpath","value":"//input[contains(@id ,\"smartContractFilterBar-btnBasicSearch-I\")]"}
RESULT: {}
RESULT: {"using":"xpath","value":"//input[contains(@id ,\"smartContractFilterBar-btnBasicSearch-I\")]"}
COMMAND: POST /session/baa8cc8c703ae50a3cfee07d32ab3bfd/execute/sync - {"script":"<script> [8489 bytes]","args":[{"element-6066-11e4-a52e-4f735466cecf":"f.A7D77B31E8FD2DE6ABF8E388F5FFE54F.d.5C1C6E58D66C69C031893508850FD013.e.26363","ELEMENT":"f.A7D77B31E8FD2DE6ABF8E388F5FFE54F.d.5C1C6E58D66C69C031893508850FD013.e.26363"}]}
RESULT: {"script":"<script> [8489 bytes]","args":[{"element-6066-11e4-a52e-4f735466cecf":"f.A7D77B31E8FD2DE6ABF8E388F5FFE54F.d.5C1C6E58D66C69C031893508850FD013.e.26363","ELEMENT":"f.A7D77B31E8FD2DE6ABF8E388F5FFE54F.d.5C1C6E58D66C69C031893508850FD013.e.26363"}]}
COMMAND: GET /session/baa8cc8c703ae50a3cfee07d32ab3bfd/element/f.A7D77B31E8FD2DE6ABF8E388F5FFE54F.d.5C1C6E58D66C69C031893508850FD013.e.26363/enabled - {}
COMMAND: GET /session/baa8cc8c703ae50a3cfee07d32ab3bfd/screenshot - {}
RESULT: {}
COMMAND: POST /session/baa8cc8c703ae50a3cfee07d32ab3bfd/element/f.A7D77B31E8FD2DE6ABF8E388F5FFE54F.d.5C1C6E58D66C69C031893508850FD013.e.26363/clear - {}
COMMAND: GET /session/baa8cc8c703ae50a3cfee07d32ab3bfd/screenshot - {}
RESULT: {}
RESULT: {}
COMMAND: POST /session/baa8cc8c703ae50a3cfee07d32ab3bfd/element/f.A7D77B31E8FD2DE6ABF8E388F5FFE54F.d.5C1C6E58D66C69C031893508850FD013.e.26363/value - {"text":"10594"}
COMMAND: GET /session/baa8cc8c703ae50a3cfee07d32ab3bfd/screenshot - {}
RESULT: {}
RESULT: {}
RESULT: {"text":"10594"}
COMMAND: GET /session/baa8cc8c703ae50a3cfee07d32ab3bfd/screenshot - {}
RESULT: {}
COMMAND: POST /session/baa8cc8c703ae50a3cfee07d32ab3bfd/actions - {"actions":[{"id":"action93","type":"key","parameters":{},"actions":[{"type":"keyDown","value":""},{"type":"pause","duration":10},{"type":"keyUp","value":""}]}]}
RESULT: {"actions":[{"id":"action93","type":"key","parameters":{},"actions":[{"type":"keyDown","value":""},{"type":"pause","duration":10},{"type":"keyUp","value":""}]}]}
COMMAND: GET /session/baa8cc8c703ae50a3cfee07d32ab3bfd/screenshot - {}
RESULT: {}
COMMAND: POST /session/baa8cc8c703ae50a3cfee07d32ab3bfd/element - {"using":"xpath","value":"//span[contains(@id, \"masterListContractsSmartTable-header-inner\")]"}
RESULT: {"using":"xpath","value":"//span[contains(@id, \"masterListContractsSmartTable-header-inner\")]"}
COMMAND: POST /session/baa8cc8c703ae50a3cfee07d32ab3bfd/elements - {"using":"xpath","value":"//span[contains(@id, \"masterListContractsSmartTable-header-inner\")]"}
RESULT: {"using":"xpath","value":"//span[contains(@id, \"masterListContractsSmartTable-header-inner\")]"}
COMMAND: POST /session/baa8cc8c703ae50a3cfee07d32ab3bfd/execute/sync - {"script":"<script> [56 bytes]","args":[{"element-6066-11e4-a52e-4f735466cecf":"f.A7D77B31E8FD2DE6ABF8E388F5FFE54F.d.5C1C6E58D66C69C031893508850FD013.e.26472","ELEMENT":"f.A7D77B31E8FD2DE6ABF8E388F5FFE54F.d.5C1C6E58D66C69C031893508850FD013.e.26472"}]}
RESULT: {"script":"<script> [56 bytes]","args":[{"element-6066-11e4-a52e-4f735466cecf":"f.A7D77B31E8FD2DE6ABF8E388F5FFE54F.d.5C1C6E58D66C69C031893508850FD013.e.26472","ELEMENT":"f.A7D77B31E8FD2DE6ABF8E388F5FFE54F.d.5C1C6E58D66C69C031893508850FD013.e.26472"}]}
COMMAND: POST /session/baa8cc8c703ae50a3cfee07d32ab3bfd/element - {"using":"xpath","value":"(//span[contains(@id, \"imgNav\")])[1]"}
COMMAND: GET /session/baa8cc8c703ae50a3cfee07d32ab3bfd/screenshot - {}
RESULT: {"using":"xpath","value":"(//span[contains(@id, \"imgNav\")])[1]"}
COMMAND: POST /session/baa8cc8c703ae50a3cfee07d32ab3bfd/element/f.A7D77B31E8FD2DE6ABF8E388F5FFE54F.d.5C1C6E58D66C69C031893508850FD013.e.26443/click - {}
RESULT: {}
RESULT: {}
COMMAND: GET /session/baa8cc8c703ae50a3cfee07d32ab3bfd/screenshot - {}
RESULT: {}
COMMAND: POST /session/baa8cc8c703ae50a3cfee07d32ab3bfd/element - {"using":"xpath","value":"//tr[@data-kt=\"productsColumnListItem\"]//td//span[contains(@id, \"imgNav\")][1]"}
RESULT: {"using":"xpath","value":"//tr[@data-kt=\"productsColumnListItem\"]//td//span[contains(@id, \"imgNav\")][1]"}
COMMAND: POST /session/baa8cc8c703ae50a3cfee07d32ab3bfd/element/f.A7D77B31E8FD2DE6ABF8E388F5FFE54F.d.5C1C6E58D66C69C031893508850FD013.e.26643/click - {}
RESULT: {}
COMMAND: GET /session/baa8cc8c703ae50a3cfee07d32ab3bfd/screenshot - {}
RESULT: {}
COMMAND: POST /session/baa8cc8c703ae50a3cfee07d32ab3bfd/element - {"using":"xpath","value":"//section[contains(@id, \"application-managecontracts-display-component---BillingItem--ObjectPageLayout-OPHeaderContent\")]/div/div/div/div/div[2]/div/div[2]/span"}
RESULT: {"using":"xpath","value":"//section[contains(@id, \"application-managecontracts-display-component---BillingItem--ObjectPageLayout-OPHeaderContent\")]/div/div/div/div/div[2]/div/div[2]/span"}
COMMAND: POST /session/baa8cc8c703ae50a3cfee07d32ab3bfd/execute/sync - {"script":"<script> [56 bytes]","args":[{"element-6066-11e4-a52e-4f735466cecf":"f.A7D77B31E8FD2DE6ABF8E388F5FFE54F.d.5C1C6E58D66C69C031893508850FD013.e.26779","ELEMENT":"f.A7D77B31E8FD2DE6ABF8E388F5FFE54F.d.5C1C6E58D66C69C031893508850FD013.e.26779"}]}
RESULT: {"script":"<script> [56 bytes]","args":[{"element-6066-11e4-a52e-4f735466cecf":"f.A7D77B31E8FD2DE6ABF8E388F5FFE54F.d.5C1C6E58D66C69C031893508850FD013.e.26779","ELEMENT":"f.A7D77B31E8FD2DE6ABF8E388F5FFE54F.d.5C1C6E58D66C69C031893508850FD013.e.26779"}]}
COMMAND: POST /session/baa8cc8c703ae50a3cfee07d32ab3bfd/element - {"using":"xpath","value":"//table[contains(@id, \"application-managecontracts-display-component---BillingItem--billingList-listUl\")]//td//*[contains(text(), \"final billed\")]"}
COMMAND: GET /session/baa8cc8c703ae50a3cfee07d32ab3bfd/screenshot - {}
RESULT: {"using":"xpath","value":"//table[contains(@id, \"application-managecontracts-display-component---BillingItem--billingList-listUl\")]//td//*[contains(text(), \"final billed\")]"}
COMMAND: POST /session/baa8cc8c703ae50a3cfee07d32ab3bfd/execute/sync - {"script":"<script> [56 bytes]","args":[{"element-6066-11e4-a52e-4f735466cecf":"f.A7D77B31E8FD2DE6ABF8E388F5FFE54F.d.5C1C6E58D66C69C031893508850FD013.e.26780","ELEMENT":"f.A7D77B31E8FD2DE6ABF8E388F5FFE54F.d.5C1C6E58D66C69C031893508850FD013.e.26780"}]}
RESULT: {}
RESULT: {"script":"<script> [56 bytes]","args":[{"element-6066-11e4-a52e-4f735466cecf":"f.A7D77B31E8FD2DE6ABF8E388F5FFE54F.d.5C1C6E58D66C69C031893508850FD013.e.26780","ELEMENT":"f.A7D77B31E8FD2DE6ABF8E388F5FFE54F.d.5C1C6E58D66C69C031893508850FD013.e.26780"}]}
COMMAND: POST /session/baa8cc8c703ae50a3cfee07d32ab3bfd/element - {"using":"css selector","value":"#shell-header-logo"}
COMMAND: GET /session/baa8cc8c703ae50a3cfee07d32ab3bfd/screenshot - {}
RESULT: {"using":"css selector","value":"#shell-header-logo"}
COMMAND: POST /session/baa8cc8c703ae50a3cfee07d32ab3bfd/element/f.A7D77B31E8FD2DE6ABF8E388F5FFE54F.d.5C1C6E58D66C69C031893508850FD013.e.26355/click - {}
RESULT: {}
RESULT: {}
COMMAND: GET /session/baa8cc8c703ae50a3cfee07d32ab3bfd/screenshot - {}
RESULT: {}
COMMAND: DELETE /session/baa8cc8c703ae50a3cfee07d32ab3bfd - {}
RESULT: {}
]]></system-out>
    </testcase>
  </testsuite>
</testsuites>