<?xml version="1.0" encoding="UTF-8"?>
<testsuites tests="9" failures="0" errors="0" skipped="0">
  <testsuite timestamp="2025-05-17T15:47:47" time="100.792" tests="1" failures="0" errors="0" skipped="0">
    <properties>
      <property name="specId" value="0" />
      <property name="suiteName" value="Create a new catalogs section" />
      <property name="capabilities" value="chrome.136_0_7103_93.windows" />
      <property name="file" value="file:///D:/a/1/s/test/specs/R2C/create-new-webshop-catalog-section.spec.js" />
    </properties>
    <testcase classname="chrome.136_0_7103_93.windows.Create_a_new_catalogs_section" name="Should navigate to manage catalogs and add a new section on webshop catalog" time="76.389">
      <system-out><![CDATA[
COMMAND: POST /session/49ce6e540116f27b140a1659947dcef3/execute/async - {"script":"<script> [1562 bytes]","args":[{"selector":{"controlType":"sap.m.GenericTile","properties":{"header":"Manage Catalogs"}},"wdio_ui5_key":"sapm.GenericTile{\"header\":\"Manage Catalogs\"}"}]}
RESULT: {"script":"<script> [1562 bytes]","args":[{"selector":{"controlType":"sap.m.GenericTile","properties":{"header":"Manage Catalogs"}},"wdio_ui5_key":"sapm.GenericTile{\"header\":\"Manage Catalogs\"}"}]}
RESULT: undefined
COMMAND: POST /session/49ce6e540116f27b140a1659947dcef3/element - {"using":"xpath","value":"//*[@id=\"__tile37\"]"}
RESULT: {"using":"xpath","value":"//*[@id=\"__tile37\"]"}
COMMAND: POST /session/49ce6e540116f27b140a1659947dcef3/element/f.7D4ACEAF94CC5BFA60E7F487674B7E0A.d.4BC0018C37DA84B4D6F951C81DEFE264.e.117/click - {}
RESULT: {}
COMMAND: GET /session/49ce6e540116f27b140a1659947dcef3/screenshot - {}
RESULT: {}
COMMAND: POST /session/49ce6e540116f27b140a1659947dcef3/elements - {"using":"xpath","value":"//span[text()='Error']"}
RESULT: {"using":"xpath","value":"//span[text()='Error']"}
COMMAND: POST /session/49ce6e540116f27b140a1659947dcef3/execute/async - {"script":"<script> [1562 bytes]","args":[{"selector":{"controlType":"sap.m.Text","viewName":"etm.portal.ui.managecatalogs.view.MasterCatalogs","viewId":"application-managecatalogs-display-component---masterCatalogs","bindingPath":{"path":"/Catalogs('0D7502D073D53A0F1700BE067B89AFF9')","propertyPath":"DESCRIPTION","modelName":"catalogModel"}},"wdio_ui5_key":"etmportal.ui.managecatalogs.view.MasterCatalogssap.m.Text{\"path\":\"/Catalogs('0D7502D073D53A0F1700BE067B89AFF9')\",\"propertyPath\":\"DESCRIPTION\",\"modelName\":\"catalogModel\"}"}]}
RESULT: {"script":"<script> [1562 bytes]","args":[{"selector":{"controlType":"sap.m.Text","viewName":"etm.portal.ui.managecatalogs.view.MasterCatalogs","viewId":"application-managecatalogs-display-component---masterCatalogs","bindingPath":{"path":"/Catalogs('0D7502D073D53A0F1700BE067B89AFF9')","propertyPath":"DESCRIPTION","modelName":"catalogModel"}},"wdio_ui5_key":"etmportal.ui.managecatalogs.view.MasterCatalogssap.m.Text{\"path\":\"/Catalogs('0D7502D073D53A0F1700BE067B89AFF9')\",\"propertyPath\":\"DESCRIPTION\",\"modelName\":\"catalogModel\"}"}]}
RESULT: undefined
COMMAND: POST /session/49ce6e540116f27b140a1659947dcef3/element - {"using":"xpath","value":"//*[@id=\"__text39-application-managecatalogs-display-component---masterCatalogs--CatalogsTable-11\"]"}
RESULT: {"using":"xpath","value":"//*[@id=\"__text39-application-managecatalogs-display-component---masterCatalogs--CatalogsTable-11\"]"}
COMMAND: POST /session/49ce6e540116f27b140a1659947dcef3/element/f.7D4ACEAF94CC5BFA60E7F487674B7E0A.d.4BC0018C37DA84B4D6F951C81DEFE264.e.147/click - {}
RESULT: {}
COMMAND: POST /session/49ce6e540116f27b140a1659947dcef3/execute/async - {"script":"<script> [1562 bytes]","args":[{"selector":{"controlType":"sap.ui.layout.HorizontalLayout","viewName":"etm.portal.ui.managecatalogs.view.MasterItems","viewId":"application-managecatalogs-display-component---masterCatalogItems","ancestor":{"id":"application-managecatalogs-display-component---masterCatalogItems--idCatalogItemsTree-rows-row0"}},"wdio_ui5_key":"etmportal.ui.managecatalogs.view.MasterItemssap.ui.layout.HorizontalLayout{\"id\":\"application-managecatalogs-display-component---masterCatalogItems--idCatalogItemsTree-rows-row0\"}"}]}
COMMAND: GET /session/49ce6e540116f27b140a1659947dcef3/screenshot - {}
RESULT: {"script":"<script> [1562 bytes]","args":[{"selector":{"controlType":"sap.ui.layout.HorizontalLayout","viewName":"etm.portal.ui.managecatalogs.view.MasterItems","viewId":"application-managecatalogs-display-component---masterCatalogItems","ancestor":{"id":"application-managecatalogs-display-component---masterCatalogItems--idCatalogItemsTree-rows-row0"}},"wdio_ui5_key":"etmportal.ui.managecatalogs.view.MasterItemssap.ui.layout.HorizontalLayout{\"id\":\"application-managecatalogs-display-component---masterCatalogItems--idCatalogItemsTree-rows-row0\"}"}]}
RESULT: undefined
COMMAND: POST /session/49ce6e540116f27b140a1659947dcef3/element - {"using":"xpath","value":"//*[@id=\"__layout3-__clone11\"]"}
RESULT: {}
RESULT: {"using":"xpath","value":"//*[@id=\"__layout3-__clone11\"]"}
COMMAND: POST /session/49ce6e540116f27b140a1659947dcef3/element/f.7D4ACEAF94CC5BFA60E7F487674B7E0A.d.4BC0018C37DA84B4D6F951C81DEFE264.e.181/click - {}
RESULT: {}
COMMAND: GET /session/49ce6e540116f27b140a1659947dcef3/screenshot - {}
RESULT: {}
COMMAND: POST /session/49ce6e540116f27b140a1659947dcef3/execute/async - {"script":"<script> [1562 bytes]","args":[{"selector":{"controlType":"sap.m.Button","viewName":"etm.portal.ui.managecatalogs.view.Detail","viewId":"application-managecatalogs-display-component---detailCatalog","i18NText":{"propertyName":"text","key":"edit"},"interaction":{"idSuffix":"BDI-content"}},"wdio_ui5_key":"etmportal.ui.managecatalogs.view.Detailsap.m.Button{\"propertyName\":\"text\",\"key\":\"edit\"}"}]}
RESULT: {"script":"<script> [1562 bytes]","args":[{"selector":{"controlType":"sap.m.Button","viewName":"etm.portal.ui.managecatalogs.view.Detail","viewId":"application-managecatalogs-display-component---detailCatalog","i18NText":{"propertyName":"text","key":"edit"},"interaction":{"idSuffix":"BDI-content"}},"wdio_ui5_key":"etmportal.ui.managecatalogs.view.Detailsap.m.Button{\"propertyName\":\"text\",\"key\":\"edit\"}"}]}
RESULT: undefined
COMMAND: POST /session/49ce6e540116f27b140a1659947dcef3/element - {"using":"xpath","value":"//*[@id=\"__button35\"]"}
RESULT: {"using":"xpath","value":"//*[@id=\"__button35\"]"}
COMMAND: POST /session/49ce6e540116f27b140a1659947dcef3/element/f.7D4ACEAF94CC5BFA60E7F487674B7E0A.d.4BC0018C37DA84B4D6F951C81DEFE264.e.290/click - {}
RESULT: {}
COMMAND: GET /session/49ce6e540116f27b140a1659947dcef3/screenshot - {}
RESULT: {}
COMMAND: POST /session/49ce6e540116f27b140a1659947dcef3/element - {"using":"xpath","value":"//bdi[contains(text(), \"Unlock\")]"}
RESULT: {"using":"xpath","value":"//bdi[contains(text(), \"Unlock\")]"}
COMMAND: POST /session/49ce6e540116f27b140a1659947dcef3/elements - {"using":"xpath","value":"//bdi[contains(text(), \"Unlock\")]"}
RESULT: {"using":"xpath","value":"//bdi[contains(text(), \"Unlock\")]"}
COMMAND: POST /session/49ce6e540116f27b140a1659947dcef3/execute/async - {"script":"<script> [1562 bytes]","args":[{"selector":{"controlType":"sap.ui.core.Icon","viewName":"etm.portal.ui.managecatalogs.view.Detail","viewId":"application-managecatalogs-display-component---detailCatalog","properties":{"src":{"regex":{"source":"add\\-folder"}}}},"wdio_ui5_key":"etmportal.ui.managecatalogs.view.Detailsap.ui.core.Icon{\"src\":{\"regex\":{\"source\":\"add\\\\-folder\"}}}"}]}
RESULT: {"script":"<script> [1562 bytes]","args":[{"selector":{"controlType":"sap.ui.core.Icon","viewName":"etm.portal.ui.managecatalogs.view.Detail","viewId":"application-managecatalogs-display-component---detailCatalog","properties":{"src":{"regex":{"source":"add\\-folder"}}}},"wdio_ui5_key":"etmportal.ui.managecatalogs.view.Detailsap.ui.core.Icon{\"src\":{\"regex\":{\"source\":\"add\\\\-folder\"}}}"}]}
RESULT: undefined
COMMAND: POST /session/49ce6e540116f27b140a1659947dcef3/element - {"using":"xpath","value":"//*[@id=\"__button43-img\"]"}
RESULT: {"using":"xpath","value":"//*[@id=\"__button43-img\"]"}
COMMAND: POST /session/49ce6e540116f27b140a1659947dcef3/element/f.7D4ACEAF94CC5BFA60E7F487674B7E0A.d.4BC0018C37DA84B4D6F951C81DEFE264.e.297/click - {}
RESULT: {}
COMMAND: GET /session/49ce6e540116f27b140a1659947dcef3/screenshot - {}
RESULT: {}
COMMAND: POST /session/49ce6e540116f27b140a1659947dcef3/execute/async - {"script":"<script> [1562 bytes]","args":[{"selector":{"id":"application-managecatalogs-display-component---detailCatalog--numberInput","searchOpenDialogs":true,"interaction":{"idSuffix":"inner"}},"wdio_ui5_key":"applicationmanagecatalogs-display-component---detailCatalog--numberInput"}]}
RESULT: {"script":"<script> [1562 bytes]","args":[{"selector":{"id":"application-managecatalogs-display-component---detailCatalog--numberInput","searchOpenDialogs":true,"interaction":{"idSuffix":"inner"}},"wdio_ui5_key":"applicationmanagecatalogs-display-component---detailCatalog--numberInput"}]}
RESULT: undefined
COMMAND: POST /session/49ce6e540116f27b140a1659947dcef3/execute/async - {"script":"<script> [776 bytes]","args":[{"enterText":"Sectionvxj1z","selector":{"id":"application-managecatalogs-display-component---detailCatalog--numberInput","searchOpenDialogs":true,"interaction":{"idSuffix":"inner"}},"clearTextFirst":true,"interactionType":"ENTER_TEXT"}]}
RESULT: {"script":"<script> [776 bytes]","args":[{"enterText":"Sectionvxj1z","selector":{"id":"application-managecatalogs-display-component---detailCatalog--numberInput","searchOpenDialogs":true,"interaction":{"idSuffix":"inner"}},"clearTextFirst":true,"interactionType":"ENTER_TEXT"}]}
COMMAND: POST /session/49ce6e540116f27b140a1659947dcef3/element - {"using":"css selector","value":"#application-managecatalogs-display-component---detailCatalog--nameInput-inner"}
RESULT: {"using":"css selector","value":"#application-managecatalogs-display-component---detailCatalog--nameInput-inner"}
COMMAND: POST /session/49ce6e540116f27b140a1659947dcef3/elements - {"using":"css selector","value":"#application-managecatalogs-display-component---detailCatalog--nameInput-inner"}
RESULT: {"using":"css selector","value":"#application-managecatalogs-display-component---detailCatalog--nameInput-inner"}
COMMAND: POST /session/49ce6e540116f27b140a1659947dcef3/element/f.7D4ACEAF94CC5BFA60E7F487674B7E0A.d.4BC0018C37DA84B4D6F951C81DEFE264.e.301/clear - {}
RESULT: {}
COMMAND: POST /session/49ce6e540116f27b140a1659947dcef3/element/f.7D4ACEAF94CC5BFA60E7F487674B7E0A.d.4BC0018C37DA84B4D6F951C81DEFE264.e.301/value - {"text":"Webdriverb1lujg"}
COMMAND: GET /session/49ce6e540116f27b140a1659947dcef3/screenshot - {}
RESULT: {"text":"Webdriverb1lujg"}
COMMAND: POST /session/49ce6e540116f27b140a1659947dcef3/execute/async - {"script":"<script> [1562 bytes]","args":[{"selector":{"controlType":"sap.m.Button","viewName":"etm.portal.ui.managecatalogs.view.Detail","viewId":"application-managecatalogs-display-component---detailCatalog","i18NText":{"propertyName":"text","key":"create"},"searchOpenDialogs":true,"interaction":{"idSuffix":"BDI-content"}},"wdio_ui5_key":"etmportal.ui.managecatalogs.view.Detailsap.m.Button{\"propertyName\":\"text\",\"key\":\"create\"}"}]}
COMMAND: GET /session/49ce6e540116f27b140a1659947dcef3/screenshot - {}
RESULT: {}
RESULT: {"script":"<script> [1562 bytes]","args":[{"selector":{"controlType":"sap.m.Button","viewName":"etm.portal.ui.managecatalogs.view.Detail","viewId":"application-managecatalogs-display-component---detailCatalog","i18NText":{"propertyName":"text","key":"create"},"searchOpenDialogs":true,"interaction":{"idSuffix":"BDI-content"}},"wdio_ui5_key":"etmportal.ui.managecatalogs.view.Detailsap.m.Button{\"propertyName\":\"text\",\"key\":\"create\"}"}]}
RESULT: undefined
COMMAND: POST /session/49ce6e540116f27b140a1659947dcef3/element - {"using":"xpath","value":"//*[@id=\"__button13\"]"}
RESULT: {}
RESULT: {"using":"xpath","value":"//*[@id=\"__button13\"]"}
COMMAND: POST /session/49ce6e540116f27b140a1659947dcef3/element/f.7D4ACEAF94CC5BFA60E7F487674B7E0A.d.4BC0018C37DA84B4D6F951C81DEFE264.e.307/click - {}
RESULT: {}
COMMAND: GET /session/49ce6e540116f27b140a1659947dcef3/screenshot - {}
RESULT: {}
COMMAND: POST /session/49ce6e540116f27b140a1659947dcef3/element - {"using":"xpath","value":"//button[@title=\"Save\"]"}
RESULT: {"using":"xpath","value":"//button[@title=\"Save\"]"}
COMMAND: POST /session/49ce6e540116f27b140a1659947dcef3/element/f.7D4ACEAF94CC5BFA60E7F487674B7E0A.d.4BC0018C37DA84B4D6F951C81DEFE264.e.308/click - {}
RESULT: {}
COMMAND: POST /session/49ce6e540116f27b140a1659947dcef3/execute/async - {"script":"<script> [1562 bytes]","args":[{"selector":{"controlType":"sap.ui.core.Icon","viewName":"etm.portal.ui.managecatalogs.view.Detail","viewId":"application-managecatalogs-display-component---detailCatalog","properties":{"src":{"regex":{"source":"decline"}}}},"wdio_ui5_key":"etmportal.ui.managecatalogs.view.Detailsap.ui.core.Icon{\"src\":{\"regex\":{\"source\":\"decline\"}}}"}]}
COMMAND: GET /session/49ce6e540116f27b140a1659947dcef3/screenshot - {}
RESULT: {"script":"<script> [1562 bytes]","args":[{"selector":{"controlType":"sap.ui.core.Icon","viewName":"etm.portal.ui.managecatalogs.view.Detail","viewId":"application-managecatalogs-display-component---detailCatalog","properties":{"src":{"regex":{"source":"decline"}}}},"wdio_ui5_key":"etmportal.ui.managecatalogs.view.Detailsap.ui.core.Icon{\"src\":{\"regex\":{\"source\":\"decline\"}}}"}]}
RESULT: undefined
COMMAND: POST /session/49ce6e540116f27b140a1659947dcef3/element - {"using":"xpath","value":"//*[@id=\"__button38-img\"]"}
RESULT: {}
RESULT: {"using":"xpath","value":"//*[@id=\"__button38-img\"]"}
COMMAND: POST /session/49ce6e540116f27b140a1659947dcef3/element/f.7D4ACEAF94CC5BFA60E7F487674B7E0A.d.4BC0018C37DA84B4D6F951C81DEFE264.e.313/click - {}
RESULT: {}
COMMAND: GET /session/49ce6e540116f27b140a1659947dcef3/screenshot - {}
RESULT: {}
COMMAND: POST /session/49ce6e540116f27b140a1659947dcef3/execute/async - {"script":"<script> [1562 bytes]","args":[{"selector":{"controlType":"sap.ui.core.Icon","viewName":"etm.portal.ui.managecatalogs.view.MasterItems","viewId":"application-managecatalogs-display-component---masterCatalogItems","properties":{"src":{"regex":{"source":"refresh"}}}},"wdio_ui5_key":"etmportal.ui.managecatalogs.view.MasterItemssap.ui.core.Icon{\"src\":{\"regex\":{\"source\":\"refresh\"}}}"}]}
RESULT: {"script":"<script> [1562 bytes]","args":[{"selector":{"controlType":"sap.ui.core.Icon","viewName":"etm.portal.ui.managecatalogs.view.MasterItems","viewId":"application-managecatalogs-display-component---masterCatalogItems","properties":{"src":{"regex":{"source":"refresh"}}}},"wdio_ui5_key":"etmportal.ui.managecatalogs.view.MasterItemssap.ui.core.Icon{\"src\":{\"regex\":{\"source\":\"refresh\"}}}"}]}
RESULT: undefined
COMMAND: POST /session/49ce6e540116f27b140a1659947dcef3/element - {"using":"xpath","value":"//*[@id=\"__button11-img\"]"}
RESULT: {"using":"xpath","value":"//*[@id=\"__button11-img\"]"}
COMMAND: POST /session/49ce6e540116f27b140a1659947dcef3/element/f.7D4ACEAF94CC5BFA60E7F487674B7E0A.d.4BC0018C37DA84B4D6F951C81DEFE264.e.349/click - {}
RESULT: {}
COMMAND: POST /session/49ce6e540116f27b140a1659947dcef3/execute/async - {"script":"<script> [1562 bytes]","args":[{"selector":{"id":"application-managecatalogs-display-component---masterCatalogItems--searchItemsField","interaction":{"idSuffix":"I"}},"wdio_ui5_key":"applicationmanagecatalogs-display-component---masterCatalogItems--searchItemsField"}]}
COMMAND: GET /session/49ce6e540116f27b140a1659947dcef3/screenshot - {}
RESULT: {"script":"<script> [1562 bytes]","args":[{"selector":{"id":"application-managecatalogs-display-component---masterCatalogItems--searchItemsField","interaction":{"idSuffix":"I"}},"wdio_ui5_key":"applicationmanagecatalogs-display-component---masterCatalogItems--searchItemsField"}]}
RESULT: undefined
COMMAND: POST /session/49ce6e540116f27b140a1659947dcef3/execute/async - {"script":"<script> [776 bytes]","args":[{"enterText":"Webdriverb1lujg","selector":{"id":"application-managecatalogs-display-component---masterCatalogItems--searchItemsField","interaction":{"idSuffix":"I"}},"clearTextFirst":true,"interactionType":"ENTER_TEXT"}]}
RESULT: {}
RESULT: {"script":"<script> [776 bytes]","args":[{"enterText":"Webdriverb1lujg","selector":{"id":"application-managecatalogs-display-component---masterCatalogItems--searchItemsField","interaction":{"idSuffix":"I"}},"clearTextFirst":true,"interactionType":"ENTER_TEXT"}]}
COMMAND: POST /session/49ce6e540116f27b140a1659947dcef3/actions - {"actions":[{"id":"action1","type":"key","parameters":{},"actions":[{"type":"keyDown","value":"î€‡"},{"type":"pause","duration":10},{"type":"keyUp","value":"î€‡"}]}]}
RESULT: {"actions":[{"id":"action1","type":"key","parameters":{},"actions":[{"type":"keyDown","value":"î€‡"},{"type":"pause","duration":10},{"type":"keyUp","value":"î€‡"}]}]}
COMMAND: POST /session/49ce6e540116f27b140a1659947dcef3/element - {"using":"xpath","value":"(//span[contains(text(), \"Webdriverb1lujg\")])[1]"}
COMMAND: GET /session/49ce6e540116f27b140a1659947dcef3/screenshot - {}
RESULT: {"using":"xpath","value":"(//span[contains(text(), \"Webdriverb1lujg\")])[1]"}
COMMAND: POST /session/49ce6e540116f27b140a1659947dcef3/element/f.7D4ACEAF94CC5BFA60E7F487674B7E0A.d.4BC0018C37DA84B4D6F951C81DEFE264.e.352/click - {}
RESULT: {}
RESULT: {}
COMMAND: GET /session/49ce6e540116f27b140a1659947dcef3/screenshot - {}
RESULT: {}
RESULT: undefined
COMMAND: POST /session/49ce6e540116f27b140a1659947dcef3/element - {"using":"xpath","value":"//*[@id=\"__button35\"]"}
RESULT: {"using":"xpath","value":"//*[@id=\"__button35\"]"}
COMMAND: POST /session/49ce6e540116f27b140a1659947dcef3/element/f.7D4ACEAF94CC5BFA60E7F487674B7E0A.d.4BC0018C37DA84B4D6F951C81DEFE264.e.421/click - {}
RESULT: {}
COMMAND: GET /session/49ce6e540116f27b140a1659947dcef3/screenshot - {}
RESULT: {}
RESULT: undefined
COMMAND: POST /session/49ce6e540116f27b140a1659947dcef3/element - {"using":"xpath","value":"//*[@id=\"__button43-img\"]"}
RESULT: {"using":"xpath","value":"//*[@id=\"__button43-img\"]"}
COMMAND: POST /session/49ce6e540116f27b140a1659947dcef3/element/f.7D4ACEAF94CC5BFA60E7F487674B7E0A.d.4BC0018C37DA84B4D6F951C81DEFE264.e.438/click - {}
RESULT: {}
COMMAND: GET /session/49ce6e540116f27b140a1659947dcef3/screenshot - {}
RESULT: {}
RESULT: undefined
COMMAND: POST /session/49ce6e540116f27b140a1659947dcef3/execute/async - {"script":"<script> [776 bytes]","args":[{"enterText":"SecondSectiondb9u","selector":{"id":"application-managecatalogs-display-component---detailCatalog--numberInput","searchOpenDialogs":true,"interaction":{"idSuffix":"inner"}},"clearTextFirst":true,"interactionType":"ENTER_TEXT"}]}
RESULT: {"script":"<script> [776 bytes]","args":[{"enterText":"SecondSectiondb9u","selector":{"id":"application-managecatalogs-display-component---detailCatalog--numberInput","searchOpenDialogs":true,"interaction":{"idSuffix":"inner"}},"clearTextFirst":true,"interactionType":"ENTER_TEXT"}]}
COMMAND: POST /session/49ce6e540116f27b140a1659947dcef3/element - {"using":"xpath","value":"//input[contains(@id ,\"application-managecatalogs-display-component---detailCatalog--nameInput-inner\")]"}
RESULT: {"using":"xpath","value":"//input[contains(@id ,\"application-managecatalogs-display-component---detailCatalog--nameInput-inner\")]"}
COMMAND: POST /session/49ce6e540116f27b140a1659947dcef3/elements - {"using":"xpath","value":"//input[contains(@id ,\"application-managecatalogs-display-component---detailCatalog--nameInput-inner\")]"}
RESULT: {"using":"xpath","value":"//input[contains(@id ,\"application-managecatalogs-display-component---detailCatalog--nameInput-inner\")]"}
COMMAND: POST /session/49ce6e540116f27b140a1659947dcef3/element/f.7D4ACEAF94CC5BFA60E7F487674B7E0A.d.4BC0018C37DA84B4D6F951C81DEFE264.e.441/clear - {}
RESULT: {}
COMMAND: POST /session/49ce6e540116f27b140a1659947dcef3/element/f.7D4ACEAF94CC5BFA60E7F487674B7E0A.d.4BC0018C37DA84B4D6F951C81DEFE264.e.441/value - {"text":"webdriversecondbuw5f"}
COMMAND: GET /session/49ce6e540116f27b140a1659947dcef3/screenshot - {}
RESULT: {"text":"webdriversecondbuw5f"}
COMMAND: POST /session/49ce6e540116f27b140a1659947dcef3/execute/async - {"script":"<script> [1562 bytes]","args":[{"selector":{"id":"application-managecatalogs-display-component---detailCatalog--nameInput","searchOpenDialogs":true,"interaction":{"idSuffix":"inner"}},"wdio_ui5_key":"applicationmanagecatalogs-display-component---detailCatalog--nameInput"}]}
COMMAND: GET /session/49ce6e540116f27b140a1659947dcef3/screenshot - {}
RESULT: {}
RESULT: {"script":"<script> [1562 bytes]","args":[{"selector":{"id":"application-managecatalogs-display-component---detailCatalog--nameInput","searchOpenDialogs":true,"interaction":{"idSuffix":"inner"}},"wdio_ui5_key":"applicationmanagecatalogs-display-component---detailCatalog--nameInput"}]}
RESULT: undefined
COMMAND: POST /session/49ce6e540116f27b140a1659947dcef3/execute/async - {"script":"<script> [776 bytes]","args":[{"enterText":"webdriversecondbuw5f","selector":{"id":"application-managecatalogs-display-component---detailCatalog--nameInput","searchOpenDialogs":true,"interaction":{"idSuffix":"inner"}},"clearTextFirst":true,"interactionType":"ENTER_TEXT"}]}
RESULT: {}
RESULT: {"script":"<script> [776 bytes]","args":[{"enterText":"webdriversecondbuw5f","selector":{"id":"application-managecatalogs-display-component---detailCatalog--nameInput","searchOpenDialogs":true,"interaction":{"idSuffix":"inner"}},"clearTextFirst":true,"interactionType":"ENTER_TEXT"}]}
RESULT: undefined
COMMAND: POST /session/49ce6e540116f27b140a1659947dcef3/element - {"using":"xpath","value":"//*[@id=\"__button13\"]"}
RESULT: {"using":"xpath","value":"//*[@id=\"__button13\"]"}
COMMAND: POST /session/49ce6e540116f27b140a1659947dcef3/element/f.7D4ACEAF94CC5BFA60E7F487674B7E0A.d.4BC0018C37DA84B4D6F951C81DEFE264.e.445/click - {}
RESULT: {}
COMMAND: GET /session/49ce6e540116f27b140a1659947dcef3/screenshot - {}
RESULT: {}
COMMAND: POST /session/49ce6e540116f27b140a1659947dcef3/element - {"using":"xpath","value":"//button[@title=\"Save\"]"}
RESULT: {"using":"xpath","value":"//button[@title=\"Save\"]"}
COMMAND: POST /session/49ce6e540116f27b140a1659947dcef3/element/f.7D4ACEAF94CC5BFA60E7F487674B7E0A.d.4BC0018C37DA84B4D6F951C81DEFE264.e.425/click - {}
RESULT: {}
COMMAND: GET /session/49ce6e540116f27b140a1659947dcef3/screenshot - {}
RESULT: {}
RESULT: undefined
COMMAND: POST /session/49ce6e540116f27b140a1659947dcef3/element - {"using":"xpath","value":"//*[@id=\"__button38-img\"]"}
RESULT: {"using":"xpath","value":"//*[@id=\"__button38-img\"]"}
COMMAND: POST /session/49ce6e540116f27b140a1659947dcef3/element/f.7D4ACEAF94CC5BFA60E7F487674B7E0A.d.4BC0018C37DA84B4D6F951C81DEFE264.e.449/click - {}
RESULT: {}
COMMAND: GET /session/49ce6e540116f27b140a1659947dcef3/screenshot - {}
RESULT: {}
RESULT: undefined
COMMAND: POST /session/49ce6e540116f27b140a1659947dcef3/element - {"using":"xpath","value":"//*[@id=\"__button11-img\"]"}
RESULT: {"using":"xpath","value":"//*[@id=\"__button11-img\"]"}
COMMAND: POST /session/49ce6e540116f27b140a1659947dcef3/element/f.7D4ACEAF94CC5BFA60E7F487674B7E0A.d.4BC0018C37DA84B4D6F951C81DEFE264.e.486/click - {}
RESULT: {}
COMMAND: GET /session/49ce6e540116f27b140a1659947dcef3/screenshot - {}
RESULT: {}
RESULT: undefined
COMMAND: POST /session/49ce6e540116f27b140a1659947dcef3/execute/async - {"script":"<script> [776 bytes]","args":[{"enterText":"SecondSectiondb9u","selector":{"id":"application-managecatalogs-display-component---masterCatalogItems--searchItemsField","interaction":{"idSuffix":"I"}},"clearTextFirst":true,"interactionType":"ENTER_TEXT"}]}
RESULT: {"script":"<script> [776 bytes]","args":[{"enterText":"SecondSectiondb9u","selector":{"id":"application-managecatalogs-display-component---masterCatalogItems--searchItemsField","interaction":{"idSuffix":"I"}},"clearTextFirst":true,"interactionType":"ENTER_TEXT"}]}
COMMAND: POST /session/49ce6e540116f27b140a1659947dcef3/actions - {"actions":[{"id":"action2","type":"key","parameters":{},"actions":[{"type":"keyDown","value":"î€‡"},{"type":"pause","duration":10},{"type":"keyUp","value":"î€‡"}]}]}
RESULT: {"actions":[{"id":"action2","type":"key","parameters":{},"actions":[{"type":"keyDown","value":"î€‡"},{"type":"pause","duration":10},{"type":"keyUp","value":"î€‡"}]}]}
COMMAND: POST /session/49ce6e540116f27b140a1659947dcef3/element - {"using":"xpath","value":"(//span[contains(text(), \"SecondSectiondb9u\")])[1]"}
COMMAND: GET /session/49ce6e540116f27b140a1659947dcef3/screenshot - {}
RESULT: {"using":"xpath","value":"(//span[contains(text(), \"SecondSectiondb9u\")])[1]"}
COMMAND: POST /session/49ce6e540116f27b140a1659947dcef3/element/f.7D4ACEAF94CC5BFA60E7F487674B7E0A.d.4BC0018C37DA84B4D6F951C81DEFE264.e.489/click - {}
RESULT: {}
RESULT: {}
COMMAND: POST /session/49ce6e540116f27b140a1659947dcef3/element - {"using":"xpath","value":"(//span[contains(text(), \"SecondSectiondb9u\")])[1]"}
COMMAND: GET /session/49ce6e540116f27b140a1659947dcef3/screenshot - {}
RESULT: {"using":"xpath","value":"(//span[contains(text(), \"SecondSectiondb9u\")])[1]"}
COMMAND: GET /session/49ce6e540116f27b140a1659947dcef3/element/f.7D4ACEAF94CC5BFA60E7F487674B7E0A.d.4BC0018C37DA84B4D6F951C81DEFE264.e.489/text - {}
RESULT: {}
COMMAND: POST /session/49ce6e540116f27b140a1659947dcef3/element - {"using":"xpath","value":"(//span[contains(text(), \"SecondSectiondb9u\")])[1]"}
RESULT: {"using":"xpath","value":"(//span[contains(text(), \"SecondSectiondb9u\")])[1]"}
COMMAND: GET /session/49ce6e540116f27b140a1659947dcef3/element/f.7D4ACEAF94CC5BFA60E7F487674B7E0A.d.4BC0018C37DA84B4D6F951C81DEFE264.e.489/text - {}
COMMAND: POST /session/49ce6e540116f27b140a1659947dcef3/element - {"using":"xpath","value":"(//span[contains(text(), \"SecondSectiondb9u\")])[1]"}
RESULT: {"using":"xpath","value":"(//span[contains(text(), \"SecondSectiondb9u\")])[1]"}
COMMAND: GET /session/49ce6e540116f27b140a1659947dcef3/element/f.7D4ACEAF94CC5BFA60E7F487674B7E0A.d.4BC0018C37DA84B4D6F951C81DEFE264.e.542/text - {}
RESULT: {}
COMMAND: POST /session/49ce6e540116f27b140a1659947dcef3/element - {"using":"css selector","value":"#shell-header-logo"}
RESULT: {"using":"css selector","value":"#shell-header-logo"}
COMMAND: POST /session/49ce6e540116f27b140a1659947dcef3/element/f.7D4ACEAF94CC5BFA60E7F487674B7E0A.d.4BC0018C37DA84B4D6F951C81DEFE264.e.120/click - {}
RESULT: {}
COMMAND: GET /session/49ce6e540116f27b140a1659947dcef3/screenshot - {}
RESULT: {}
COMMAND: POST /session/49ce6e540116f27b140a1659947dcef3/execute/async - {"script":"<script> [1562 bytes]","args":[{"selector":{"controlType":"sap.m.GenericTile","properties":{"header":"Manage Classifications"}},"wdio_ui5_key":"sapm.GenericTile{\"header\":\"Manage Classifications\"}"}]}
RESULT: {"script":"<script> [1562 bytes]","args":[{"selector":{"controlType":"sap.m.GenericTile","properties":{"header":"Manage Classifications"}},"wdio_ui5_key":"sapm.GenericTile{\"header\":\"Manage Classifications\"}"}]}
RESULT: undefined
COMMAND: POST /session/49ce6e540116f27b140a1659947dcef3/element - {"using":"xpath","value":"//*[@id=\"__tile115\"]"}
RESULT: {"using":"xpath","value":"//*[@id=\"__tile115\"]"}
COMMAND: POST /session/49ce6e540116f27b140a1659947dcef3/element/f.7D4ACEAF94CC5BFA60E7F487674B7E0A.d.4BC0018C37DA84B4D6F951C81DEFE264.e.548/click - {}
RESULT: {}
COMMAND: GET /session/49ce6e540116f27b140a1659947dcef3/screenshot - {}
RESULT: {}
COMMAND: POST /session/49ce6e540116f27b140a1659947dcef3/elements - {"using":"xpath","value":"//span[text()='Error']"}
RESULT: {"using":"xpath","value":"//span[text()='Error']"}
]]></system-out>
    </testcase>
  </testsuite>
  <testsuite timestamp="2025-05-17T15:49:28" time="245.195" tests="3" failures="0" errors="0" skipped="0">
    <properties>
      <property name="specId" value="0" />
      <property name="suiteName" value="Manage catalogs - yard assignment classification US138930" />
      <property name="capabilities" value="chrome.136_0_7103_93.windows" />
      <property name="file" value="file:///D:/a/1/s/test/specs/R2C/manage-catalogs-yard-assignment-classification.spec.js" />
    </properties>
    <testcase classname="chrome.136_0_7103_93.windows.Manage_catalogs_-_yard_assignment_classification_US138930" name="Should create a new classification of type yard assignment" time="36.33">
      <system-out><![CDATA[
COMMAND: POST /session/49ce6e540116f27b140a1659947dcef3/execute/async - {"script":"<script> [1562 bytes]","args":[{"selector":{"controlType":"sap.ui.core.Icon","viewName":"etm.portal.ui.manageclassifications.view.Master","viewId":"application-manageclassifications-display-component---classificationMaster","properties":{"src":{"regex":{"source":"add"}}}},"wdio_ui5_key":"etmportal.ui.manageclassifications.view.Mastersap.ui.core.Icon{\"src\":{\"regex\":{\"source\":\"add\"}}}"}]}
RESULT: {"script":"<script> [1562 bytes]","args":[{"selector":{"controlType":"sap.ui.core.Icon","viewName":"etm.portal.ui.manageclassifications.view.Master","viewId":"application-manageclassifications-display-component---classificationMaster","properties":{"src":{"regex":{"source":"add"}}}},"wdio_ui5_key":"etmportal.ui.manageclassifications.view.Mastersap.ui.core.Icon{\"src\":{\"regex\":{\"source\":\"add\"}}}"}]}
RESULT: undefined
COMMAND: POST /session/49ce6e540116f27b140a1659947dcef3/element - {"using":"xpath","value":"//*[@id=\"__button75-img\"]"}
RESULT: {"using":"xpath","value":"//*[@id=\"__button75-img\"]"}
COMMAND: POST /session/49ce6e540116f27b140a1659947dcef3/element/f.7D4ACEAF94CC5BFA60E7F487674B7E0A.d.4BC0018C37DA84B4D6F951C81DEFE264.e.588/click - {}
RESULT: {}
COMMAND: POST /session/49ce6e540116f27b140a1659947dcef3/execute/async - {"script":"<script> [1562 bytes]","args":[{"selector":{"id":"application-manageclassifications-display-component---classificationCreate--classHeaderName","interaction":{"idSuffix":"inner"}},"wdio_ui5_key":"applicationmanageclassifications-display-component---classificationCreate--classHeaderName"}]}
COMMAND: GET /session/49ce6e540116f27b140a1659947dcef3/screenshot - {}
RESULT: {"script":"<script> [1562 bytes]","args":[{"selector":{"id":"application-manageclassifications-display-component---classificationCreate--classHeaderName","interaction":{"idSuffix":"inner"}},"wdio_ui5_key":"applicationmanageclassifications-display-component---classificationCreate--classHeaderName"}]}
RESULT: undefined
COMMAND: POST /session/49ce6e540116f27b140a1659947dcef3/execute/async - {"script":"<script> [776 bytes]","args":[{"enterText":"WebdriverYardClassrpg5b","selector":{"id":"application-manageclassifications-display-component---classificationCreate--classHeaderName","interaction":{"idSuffix":"inner"}},"clearTextFirst":true,"interactionType":"ENTER_TEXT"}]}
RESULT: {}
RESULT: {"script":"<script> [776 bytes]","args":[{"enterText":"WebdriverYardClassrpg5b","selector":{"id":"application-manageclassifications-display-component---classificationCreate--classHeaderName","interaction":{"idSuffix":"inner"}},"clearTextFirst":true,"interactionType":"ENTER_TEXT"}]}
COMMAND: POST /session/49ce6e540116f27b140a1659947dcef3/execute/async - {"script":"<script> [1562 bytes]","args":[{"selector":{"controlType":"sap.ui.core.Icon","viewName":"etm.portal.ui.manageclassifications.view.Create","viewId":"application-manageclassifications-display-component---classificationCreate","properties":{"src":{"regex":{"source":"slim\\-arrow\\-down"}}}},"wdio_ui5_key":"etmportal.ui.manageclassifications.view.Createsap.ui.core.Icon{\"src\":{\"regex\":{\"source\":\"slim\\\\-arrow\\\\-down\"}}}"}]}
RESULT: {"script":"<script> [1562 bytes]","args":[{"selector":{"controlType":"sap.ui.core.Icon","viewName":"etm.portal.ui.manageclassifications.view.Create","viewId":"application-manageclassifications-display-component---classificationCreate","properties":{"src":{"regex":{"source":"slim\\-arrow\\-down"}}}},"wdio_ui5_key":"etmportal.ui.manageclassifications.view.Createsap.ui.core.Icon{\"src\":{\"regex\":{\"source\":\"slim\\\\-arrow\\\\-down\"}}}"}]}
RESULT: undefined
COMMAND: POST /session/49ce6e540116f27b140a1659947dcef3/element - {"using":"xpath","value":"//*[@id=\"__box48-arrow\"]"}
RESULT: {"using":"xpath","value":"//*[@id=\"__box48-arrow\"]"}
COMMAND: POST /session/49ce6e540116f27b140a1659947dcef3/element/f.7D4ACEAF94CC5BFA60E7F487674B7E0A.d.4BC0018C37DA84B4D6F951C81DEFE264.e.1045/click - {}
RESULT: {}
COMMAND: POST /session/49ce6e540116f27b140a1659947dcef3/execute/async - {"script":"<script> [1562 bytes]","args":[{"selector":{"controlType":"sap.m.StandardListItem","viewName":"etm.portal.ui.manageclassifications.view.Create","viewId":"application-manageclassifications-display-component---classificationCreate","properties":{"title":"Yard assignment"},"searchOpenDialogs":true,"interaction":{"idSuffix":"titleText"}},"wdio_ui5_key":"etmportal.ui.manageclassifications.view.Createsap.m.StandardListItem{\"title\":\"Yard assignment\"}"}]}
COMMAND: GET /session/49ce6e540116f27b140a1659947dcef3/screenshot - {}
RESULT: {"script":"<script> [1562 bytes]","args":[{"selector":{"controlType":"sap.m.StandardListItem","viewName":"etm.portal.ui.manageclassifications.view.Create","viewId":"application-manageclassifications-display-component---classificationCreate","properties":{"title":"Yard assignment"},"searchOpenDialogs":true,"interaction":{"idSuffix":"titleText"}},"wdio_ui5_key":"etmportal.ui.manageclassifications.view.Createsap.m.StandardListItem{\"title\":\"Yard assignment\"}"}]}
RESULT: undefined
COMMAND: POST /session/49ce6e540116f27b140a1659947dcef3/element - {"using":"xpath","value":"//*[@id=\"__item304\"]"}
RESULT: {}
RESULT: {"using":"xpath","value":"//*[@id=\"__item304\"]"}
COMMAND: POST /session/49ce6e540116f27b140a1659947dcef3/element/f.7D4ACEAF94CC5BFA60E7F487674B7E0A.d.4BC0018C37DA84B4D6F951C81DEFE264.e.1086/click - {}
RESULT: {}
COMMAND: POST /session/49ce6e540116f27b140a1659947dcef3/execute/async - {"script":"<script> [1562 bytes]","args":[{"selector":{"controlType":"sap.ui.core.Icon","viewName":"etm.portal.ui.manageclassifications.view.Create","viewId":"application-manageclassifications-display-component---classificationCreate","properties":{"src":{"regex":{"source":"add"}}}},"wdio_ui5_key":"etmportal.ui.manageclassifications.view.Createsap.ui.core.Icon{\"src\":{\"regex\":{\"source\":\"add\"}}}"}]}
COMMAND: GET /session/49ce6e540116f27b140a1659947dcef3/screenshot - {}
RESULT: {"script":"<script> [1562 bytes]","args":[{"selector":{"controlType":"sap.ui.core.Icon","viewName":"etm.portal.ui.manageclassifications.view.Create","viewId":"application-manageclassifications-display-component---classificationCreate","properties":{"src":{"regex":{"source":"add"}}}},"wdio_ui5_key":"etmportal.ui.manageclassifications.view.Createsap.ui.core.Icon{\"src\":{\"regex\":{\"source\":\"add\"}}}"}]}
RESULT: undefined
COMMAND: POST /session/49ce6e540116f27b140a1659947dcef3/element - {"using":"xpath","value":"//*[@id=\"__button80-img\"]"}
RESULT: {}
RESULT: {"using":"xpath","value":"//*[@id=\"__button80-img\"]"}
COMMAND: POST /session/49ce6e540116f27b140a1659947dcef3/element/f.7D4ACEAF94CC5BFA60E7F487674B7E0A.d.4BC0018C37DA84B4D6F951C81DEFE264.e.1048/click - {}
RESULT: {}
COMMAND: POST /session/49ce6e540116f27b140a1659947dcef3/execute/async - {"script":"<script> [1562 bytes]","args":[{"selector":{"controlType":"sap.m.Input","viewName":"etm.portal.ui.manageclassifications.view.Create","viewId":"application-manageclassifications-display-component---classificationCreate","bindingPath":{"path":"/0","propertyPath":"PROPERTY","modelName":"newConfigModel"},"interaction":{"idSuffix":"inner"}},"wdio_ui5_key":"etmportal.ui.manageclassifications.view.Createsap.m.Input{\"path\":\"/0\",\"propertyPath\":\"PROPERTY\",\"modelName\":\"newConfigModel\"}"}]}
COMMAND: GET /session/49ce6e540116f27b140a1659947dcef3/screenshot - {}
RESULT: {"script":"<script> [1562 bytes]","args":[{"selector":{"controlType":"sap.m.Input","viewName":"etm.portal.ui.manageclassifications.view.Create","viewId":"application-manageclassifications-display-component---classificationCreate","bindingPath":{"path":"/0","propertyPath":"PROPERTY","modelName":"newConfigModel"},"interaction":{"idSuffix":"inner"}},"wdio_ui5_key":"etmportal.ui.manageclassifications.view.Createsap.m.Input{\"path\":\"/0\",\"propertyPath\":\"PROPERTY\",\"modelName\":\"newConfigModel\"}"}]}
RESULT: undefined
COMMAND: POST /session/49ce6e540116f27b140a1659947dcef3/execute/async - {"script":"<script> [776 bytes]","args":[{"enterText":"101","selector":{"controlType":"sap.m.Input","viewName":"etm.portal.ui.manageclassifications.view.Create","viewId":"application-manageclassifications-display-component---classificationCreate","bindingPath":{"path":"/0","propertyPath":"PROPERTY","modelName":"newConfigModel"},"interaction":{"idSuffix":"inner"}},"clearTextFirst":true,"interactionType":"ENTER_TEXT"}]}
RESULT: {}
RESULT: {"script":"<script> [776 bytes]","args":[{"enterText":"101","selector":{"controlType":"sap.m.Input","viewName":"etm.portal.ui.manageclassifications.view.Create","viewId":"application-manageclassifications-display-component---classificationCreate","bindingPath":{"path":"/0","propertyPath":"PROPERTY","modelName":"newConfigModel"},"interaction":{"idSuffix":"inner"}},"clearTextFirst":true,"interactionType":"ENTER_TEXT"}]}
COMMAND: POST /session/49ce6e540116f27b140a1659947dcef3/execute/async - {"script":"<script> [1562 bytes]","args":[{"selector":{"controlType":"sap.m.Input","viewName":"etm.portal.ui.manageclassifications.view.Create","viewId":"application-manageclassifications-display-component---classificationCreate","bindingPath":{"path":"/0","propertyPath":"DESCRIPTION","modelName":"newConfigModel"},"interaction":{"idSuffix":"inner"}},"wdio_ui5_key":"etmportal.ui.manageclassifications.view.Createsap.m.Input{\"path\":\"/0\",\"propertyPath\":\"DESCRIPTION\",\"modelName\":\"newConfigModel\"}"}]}
RESULT: {"script":"<script> [1562 bytes]","args":[{"selector":{"controlType":"sap.m.Input","viewName":"etm.portal.ui.manageclassifications.view.Create","viewId":"application-manageclassifications-display-component---classificationCreate","bindingPath":{"path":"/0","propertyPath":"DESCRIPTION","modelName":"newConfigModel"},"interaction":{"idSuffix":"inner"}},"wdio_ui5_key":"etmportal.ui.manageclassifications.view.Createsap.m.Input{\"path\":\"/0\",\"propertyPath\":\"DESCRIPTION\",\"modelName\":\"newConfigModel\"}"}]}
RESULT: undefined
COMMAND: POST /session/49ce6e540116f27b140a1659947dcef3/execute/async - {"script":"<script> [776 bytes]","args":[{"enterText":"yard1","selector":{"controlType":"sap.m.Input","viewName":"etm.portal.ui.manageclassifications.view.Create","viewId":"application-manageclassifications-display-component---classificationCreate","bindingPath":{"path":"/0","propertyPath":"DESCRIPTION","modelName":"newConfigModel"},"interaction":{"idSuffix":"inner"}},"clearTextFirst":true,"interactionType":"ENTER_TEXT"}]}
RESULT: {"script":"<script> [776 bytes]","args":[{"enterText":"yard1","selector":{"controlType":"sap.m.Input","viewName":"etm.portal.ui.manageclassifications.view.Create","viewId":"application-manageclassifications-display-component---classificationCreate","bindingPath":{"path":"/0","propertyPath":"DESCRIPTION","modelName":"newConfigModel"},"interaction":{"idSuffix":"inner"}},"clearTextFirst":true,"interactionType":"ENTER_TEXT"}]}
COMMAND: POST /session/49ce6e540116f27b140a1659947dcef3/execute/async - {"script":"<script> [1562 bytes]","args":[{"selector":{"controlType":"sap.ui.core.Icon","viewName":"etm.portal.ui.manageclassifications.view.Create","viewId":"application-manageclassifications-display-component---classificationCreate","properties":{"src":{"regex":{"source":"slim\\-arrow\\-down"}}},"ancestor":{"controlType":"sap.m.ComboBox","viewName":"etm.portal.ui.manageclassifications.view.Create","viewId":"application-manageclassifications-display-component---classificationCreate","bindingPath":{"path":"/0","propertyPath":"VALUE_TYPE","modelName":"newConfigModel"}}},"wdio_ui5_key":"etmportal.ui.manageclassifications.view.Createsap.ui.core.Icon{\"src\":{\"regex\":{\"source\":\"slim\\\\-arrow\\\\-down\"}}}{\"controlType\":\"sap.m.ComboBox\",\"viewName\":\"etm.portal.ui.manageclassifications.view.Create\",\"viewId\":\"application-manageclassifications-display-component---classificationCreate\",\"bindingPath\":{\"path\":\"/0\",\"propertyPath\":\"VALUE_TYPE\",\"modelName\":\"newConfigModel\"}}"}]}
RESULT: {"script":"<script> [1562 bytes]","args":[{"selector":{"controlType":"sap.ui.core.Icon","viewName":"etm.portal.ui.manageclassifications.view.Create","viewId":"application-manageclassifications-display-component---classificationCreate","properties":{"src":{"regex":{"source":"slim\\-arrow\\-down"}}},"ancestor":{"controlType":"sap.m.ComboBox","viewName":"etm.portal.ui.manageclassifications.view.Create","viewId":"application-manageclassifications-display-component---classificationCreate","bindingPath":{"path":"/0","propertyPath":"VALUE_TYPE","modelName":"newConfigModel"}}},"wdio_ui5_key":"etmportal.ui.manageclassifications.view.Createsap.ui.core.Icon{\"src\":{\"regex\":{\"source\":\"slim\\\\-arrow\\\\-down\"}}}{\"controlType\":\"sap.m.ComboBox\",\"viewName\":\"etm.portal.ui.manageclassifications.view.Create\",\"viewId\":\"application-manageclassifications-display-component---classificationCreate\",\"bindingPath\":{\"path\":\"/0\",\"propertyPath\":\"VALUE_TYPE\",\"modelName\":\"newConfigModel\"}}"}]}
RESULT: undefined
COMMAND: POST /session/49ce6e540116f27b140a1659947dcef3/element - {"using":"xpath","value":"//*[@id=\"__box49-application-manageclassifications-display-component---classificationCreate--configurationList-0-arrow\"]"}
RESULT: {"using":"xpath","value":"//*[@id=\"__box49-application-manageclassifications-display-component---classificationCreate--configurationList-0-arrow\"]"}
COMMAND: POST /session/49ce6e540116f27b140a1659947dcef3/element/f.7D4ACEAF94CC5BFA60E7F487674B7E0A.d.4BC0018C37DA84B4D6F951C81DEFE264.e.1095/click - {}
RESULT: {}
COMMAND: POST /session/49ce6e540116f27b140a1659947dcef3/execute/async - {"script":"<script> [1562 bytes]","args":[{"selector":{"controlType":"sap.m.StandardListItem","viewName":"etm.portal.ui.manageclassifications.view.Create","viewId":"application-manageclassifications-display-component---classificationCreate","properties":{"title":"Boolean"},"searchOpenDialogs":true,"interaction":{"idSuffix":"content"}},"wdio_ui5_key":"etmportal.ui.manageclassifications.view.Createsap.m.StandardListItem{\"title\":\"Boolean\"}"}]}
COMMAND: GET /session/49ce6e540116f27b140a1659947dcef3/screenshot - {}
RESULT: {"script":"<script> [1562 bytes]","args":[{"selector":{"controlType":"sap.m.StandardListItem","viewName":"etm.portal.ui.manageclassifications.view.Create","viewId":"application-manageclassifications-display-component---classificationCreate","properties":{"title":"Boolean"},"searchOpenDialogs":true,"interaction":{"idSuffix":"content"}},"wdio_ui5_key":"etmportal.ui.manageclassifications.view.Createsap.m.StandardListItem{\"title\":\"Boolean\"}"}]}
RESULT: undefined
COMMAND: POST /session/49ce6e540116f27b140a1659947dcef3/element - {"using":"xpath","value":"//*[@id=\"__item307\"]"}
RESULT: {}
RESULT: {"using":"xpath","value":"//*[@id=\"__item307\"]"}
COMMAND: POST /session/49ce6e540116f27b140a1659947dcef3/element/f.7D4ACEAF94CC5BFA60E7F487674B7E0A.d.4BC0018C37DA84B4D6F951C81DEFE264.e.1097/click - {}
RESULT: {}
COMMAND: POST /session/49ce6e540116f27b140a1659947dcef3/element - {"using":"xpath","value":"//input[contains(@id ,\"application-manageclassifications-display-component---classificationCreate--classHeaderName-inner\")]"}
COMMAND: GET /session/49ce6e540116f27b140a1659947dcef3/screenshot - {}
RESULT: {"using":"xpath","value":"//input[contains(@id ,\"application-manageclassifications-display-component---classificationCreate--classHeaderName-inner\")]"}
COMMAND: GET /session/49ce6e540116f27b140a1659947dcef3/element/f.7D4ACEAF94CC5BFA60E7F487674B7E0A.d.4BC0018C37DA84B4D6F951C81DEFE264.e.997/property/value - {}
RESULT: {}
RESULT: {}
COMMAND: GET /session/49ce6e540116f27b140a1659947dcef3/screenshot - {}
RESULT: {}
COMMAND: POST /session/49ce6e540116f27b140a1659947dcef3/element - {"using":"xpath","value":"//button[@title=\"Save\"]"}
RESULT: {"using":"xpath","value":"//button[@title=\"Save\"]"}
COMMAND: POST /session/49ce6e540116f27b140a1659947dcef3/element/f.7D4ACEAF94CC5BFA60E7F487674B7E0A.d.4BC0018C37DA84B4D6F951C81DEFE264.e.1055/click - {}
RESULT: {}
COMMAND: GET /session/49ce6e540116f27b140a1659947dcef3/screenshot - {}
RESULT: {}
COMMAND: POST /session/49ce6e540116f27b140a1659947dcef3/execute/async - {"script":"<script> [1562 bytes]","args":[{"selector":{"id":"application-manageclassifications-display-component---classificationMaster--smartFilterBar-btnBasicSearch","interaction":{"idSuffix":"I"}},"wdio_ui5_key":"applicationmanageclassifications-display-component---classificationMaster--smartFilterBar-btnBasicSearch"}]}
RESULT: {"script":"<script> [1562 bytes]","args":[{"selector":{"id":"application-manageclassifications-display-component---classificationMaster--smartFilterBar-btnBasicSearch","interaction":{"idSuffix":"I"}},"wdio_ui5_key":"applicationmanageclassifications-display-component---classificationMaster--smartFilterBar-btnBasicSearch"}]}
RESULT: undefined
COMMAND: POST /session/49ce6e540116f27b140a1659947dcef3/execute/async - {"script":"<script> [776 bytes]","args":[{"enterText":"WebdriverYardClassrpg5b","selector":{"id":"application-manageclassifications-display-component---classificationMaster--smartFilterBar-btnBasicSearch","interaction":{"idSuffix":"I"}},"clearTextFirst":true,"interactionType":"ENTER_TEXT"}]}
RESULT: {"script":"<script> [776 bytes]","args":[{"enterText":"WebdriverYardClassrpg5b","selector":{"id":"application-manageclassifications-display-component---classificationMaster--smartFilterBar-btnBasicSearch","interaction":{"idSuffix":"I"}},"clearTextFirst":true,"interactionType":"ENTER_TEXT"}]}
COMMAND: POST /session/49ce6e540116f27b140a1659947dcef3/actions - {"actions":[{"id":"action3","type":"key","parameters":{},"actions":[{"type":"keyDown","value":"î€‡"},{"type":"pause","duration":10},{"type":"keyUp","value":"î€‡"}]}]}
RESULT: {"actions":[{"id":"action3","type":"key","parameters":{},"actions":[{"type":"keyDown","value":"î€‡"},{"type":"pause","duration":10},{"type":"keyUp","value":"î€‡"}]}]}
COMMAND: POST /session/49ce6e540116f27b140a1659947dcef3/execute/async - {"script":"<script> [1562 bytes]","args":[{"selector":{"id":"application-manageclassifications-display-component---classificationMaster--smartTable-header"},"wdio_ui5_key":"applicationmanageclassifications-display-component---classificationMaster--smartTable-header"}]}
COMMAND: GET /session/49ce6e540116f27b140a1659947dcef3/screenshot - {}
RESULT: {"script":"<script> [1562 bytes]","args":[{"selector":{"id":"application-manageclassifications-display-component---classificationMaster--smartTable-header"},"wdio_ui5_key":"applicationmanageclassifications-display-component---classificationMaster--smartTable-header"}]}
RESULT: undefined
COMMAND: POST /session/49ce6e540116f27b140a1659947dcef3/execute/async - {"script":"<script> [6424 bytes]","args":[{"element-6066-11e4-a52e-4f735466cecf":"f.7D4ACEAF94CC5BFA60E7F487674B7E0A.d.4BC0018C37DA84B4D6F951C81DEFE264.e.1286"},"getText",[]]}
RESULT: {}
RESULT: {"script":"<script> [6424 bytes]","args":[{"element-6066-11e4-a52e-4f735466cecf":"f.7D4ACEAF94CC5BFA60E7F487674B7E0A.d.4BC0018C37DA84B4D6F951C81DEFE264.e.1286"},"getText",[]]}
COMMAND: POST /session/49ce6e540116f27b140a1659947dcef3/element - {"using":"css selector","value":"#shell-header-logo"}
RESULT: {"using":"css selector","value":"#shell-header-logo"}
COMMAND: POST /session/49ce6e540116f27b140a1659947dcef3/element/f.7D4ACEAF94CC5BFA60E7F487674B7E0A.d.4BC0018C37DA84B4D6F951C81DEFE264.e.554/click - {}
RESULT: {}
COMMAND: GET /session/49ce6e540116f27b140a1659947dcef3/screenshot - {}
RESULT: {}
]]></system-out>
    </testcase>
    <testcase classname="chrome.136_0_7103_93.windows.Manage_catalogs_-_yard_assignment_classification_US138930" name="Should add the yard classification to a catalog item" time="118.21">
      <system-out><![CDATA[
RESULT: undefined
COMMAND: POST /session/49ce6e540116f27b140a1659947dcef3/element - {"using":"xpath","value":"//*[@id=\"__tile37\"]"}
RESULT: {"using":"xpath","value":"//*[@id=\"__tile37\"]"}
COMMAND: POST /session/49ce6e540116f27b140a1659947dcef3/element/f.7D4ACEAF94CC5BFA60E7F487674B7E0A.d.4BC0018C37DA84B4D6F951C81DEFE264.e.117/click - {}
RESULT: {}
COMMAND: GET /session/49ce6e540116f27b140a1659947dcef3/screenshot - {}
RESULT: {}
COMMAND: POST /session/49ce6e540116f27b140a1659947dcef3/elements - {"using":"xpath","value":"//span[text()='Error']"}
RESULT: {"using":"xpath","value":"//span[text()='Error']"}
COMMAND: POST /session/49ce6e540116f27b140a1659947dcef3/refresh - {}
RESULT: {}
COMMAND: GET /session/49ce6e540116f27b140a1659947dcef3/screenshot - {}
RESULT: {}
COMMAND: POST /session/49ce6e540116f27b140a1659947dcef3/execute/async - {"script":"<script> [189 bytes]","args":[]}
RESULT: {"script":"<script> [189 bytes]","args":[]}
COMMAND: POST /session/49ce6e540116f27b140a1659947dcef3/execute/async - {"script":"<script> [123 bytes]","args":[]}
RESULT: {"script":"<script> [123 bytes]","args":[]}
COMMAND: POST /session/49ce6e540116f27b140a1659947dcef3/timeouts - {"script":"<number>"}
RESULT: {"script":"<number>"}
COMMAND: GET /session/49ce6e540116f27b140a1659947dcef3/timeouts - {}
RESULT: {}
RESULT: undefined
COMMAND: POST /session/49ce6e540116f27b140a1659947dcef3/execute/async - {"script":"<script> [2676 bytes]","args":[]}
RESULT: {"script":"<script> [2676 bytes]","args":[]}
COMMAND: POST /session/49ce6e540116f27b140a1659947dcef3/execute/async - {"script":"<script> [2342 bytes]","args":[{"protocol":"http","hostname":"0.0.0.0","path":"/","capabilities":{"browserName":"chrome","goog:chromeOptions":{"binary":"C:\\Program Files\\Google\\Chrome\\Application\\chrome.exe","args":["--start-maximized"]}},"logLevel":"warn","connectionRetryTimeout":120000,"connectionRetryCount":3,"logLevels":{},"enableDirectConnect":true,"strictSSL":true,"_":"65 more keys: [\"cacheDir\",\"port\",\"requestedCapabilities\",\"automationProtocol\",\"baseUrl\",\"waitforInterval\",\"waitforTimeout\",\"onReload\",\"beforeCommand\",\"afterCommand\",\"rootDir\",\"specs\",\"suites\",\"exclude\",\"groupLogsByTestSpec\",\"excludeDriverLogs\",\"bail\",\"framework\",\"reporters\",\"services\",\"maxInstances\",\"maxInstancesPerCapability\",\"injectGlobals\",\"filesToWatch\",\"execArgv\",\"runnerEnv\",\"runner\",\"shard\",\"specFileRetries\",\"specFileRetriesDelay\",\"specFileRetriesDeferred\",\"reporterSyncInterval\",\"reporterSyncTimeout\",\"cucumberFeaturesWithLineNumbers\",\"autoCompileOpts\",\"mochaOpts\",\"jasmineOpts\",\"cucumberOpts\",\"onPrepare\",\"onWorkerStart\",\"onWorkerEnd\",\"before\",\"beforeSession\",\"beforeSuite\",\"beforeHook\",\"beforeTest\",\"afterTest\",\"afterHook\",\"afterSuite\",\"afterSession\",\"after\",\"onComplete\",\"beforeAssertion\",\"afterAssertion\",\"beforeFeature\",\"beforeScenario\",\"beforeStep\",\"afterStep\",\"afterScenario\",\"afterFeature\",\"_\",\"suite\",\"$0\",\"ignoredWorkerServices\",\"wdi5\"]"}]}
RESULT: {"script":"<script> [2342 bytes]","args":[{"protocol":"http","hostname":"0.0.0.0","path":"/","capabilities":{"browserName":"chrome","goog:chromeOptions":{"binary":"C:\\Program Files\\Google\\Chrome\\Application\\chrome.exe","args":["--start-maximized"]}},"logLevel":"warn","connectionRetryTimeout":120000,"connectionRetryCount":3,"logLevels":{},"enableDirectConnect":true,"strictSSL":true,"_":"65 more keys: [\"cacheDir\",\"port\",\"requestedCapabilities\",\"automationProtocol\",\"baseUrl\",\"waitforInterval\",\"waitforTimeout\",\"onReload\",\"beforeCommand\",\"afterCommand\",\"rootDir\",\"specs\",\"suites\",\"exclude\",\"groupLogsByTestSpec\",\"excludeDriverLogs\",\"bail\",\"framework\",\"reporters\",\"services\",\"maxInstances\",\"maxInstancesPerCapability\",\"injectGlobals\",\"filesToWatch\",\"execArgv\",\"runnerEnv\",\"runner\",\"shard\",\"specFileRetries\",\"specFileRetriesDelay\",\"specFileRetriesDeferred\",\"reporterSyncInterval\",\"reporterSyncTimeout\",\"cucumberFeaturesWithLineNumbers\",\"autoCompileOpts\",\"mochaOpts\",\"jasmineOpts\",\"cucumberOpts\",\"onPrepare\",\"onWorkerStart\",\"onWorkerEnd\",\"before\",\"beforeSession\",\"beforeSuite\",\"beforeHook\",\"beforeTest\",\"afterTest\",\"afterHook\",\"afterSuite\",\"afterSession\",\"after\",\"onComplete\",\"beforeAssertion\",\"afterAssertion\",\"beforeFeature\",\"beforeScenario\",\"beforeStep\",\"afterStep\",\"afterScenario\",\"afterFeature\",\"_\",\"suite\",\"$0\",\"ignoredWorkerServices\",\"wdi5\"]"}]}
COMMAND: POST /session/49ce6e540116f27b140a1659947dcef3/execute/async - {"script":"<script> [21126 bytes]","args":[35000]}
RESULT: {"script":"<script> [21126 bytes]","args":[35000]}
COMMAND: POST /session/49ce6e540116f27b140a1659947dcef3/element - {"using":"xpath","value":"//span[contains(text(), \"Webshop Catalog\")][contains(@id ,\"masterCatalogs\")]"}
RESULT: {"using":"xpath","value":"//span[contains(text(), \"Webshop Catalog\")][contains(@id ,\"masterCatalogs\")]"}
COMMAND: POST /session/49ce6e540116f27b140a1659947dcef3/element/f.7D4ACEAF94CC5BFA60E7F487674B7E0A.d.7828FE973879BC7C0E880EC7DF460B89.e.1390/click - {}
RESULT: {}
COMMAND: GET /session/49ce6e540116f27b140a1659947dcef3/screenshot - {}
RESULT: {}
COMMAND: POST /session/49ce6e540116f27b140a1659947dcef3/element - {"using":"xpath","value":"//input[contains(@id ,\"application-managecatalogs-display-component---masterCatalogItems--searchItemsField-I\")]"}
RESULT: {"using":"xpath","value":"//input[contains(@id ,\"application-managecatalogs-display-component---masterCatalogItems--searchItemsField-I\")]"}
COMMAND: POST /session/49ce6e540116f27b140a1659947dcef3/element/f.7D4ACEAF94CC5BFA60E7F487674B7E0A.d.7828FE973879BC7C0E880EC7DF460B89.e.1399/value - {"text":"SecondSectiondb9u"}
RESULT: {"text":"SecondSectiondb9u"}
COMMAND: POST /session/49ce6e540116f27b140a1659947dcef3/actions - {"actions":[{"id":"action4","type":"key","parameters":{},"actions":[{"type":"keyDown","value":"î€‡"},{"type":"pause","duration":10},{"type":"keyUp","value":"î€‡"}]}]}
COMMAND: GET /session/49ce6e540116f27b140a1659947dcef3/screenshot - {}
RESULT: {"actions":[{"id":"action4","type":"key","parameters":{},"actions":[{"type":"keyDown","value":"î€‡"},{"type":"pause","duration":10},{"type":"keyUp","value":"î€‡"}]}]}
COMMAND: GET /session/49ce6e540116f27b140a1659947dcef3/screenshot - {}
RESULT: {}
RESULT: {}
COMMAND: POST /session/49ce6e540116f27b140a1659947dcef3/element - {"using":"xpath","value":"(//span[contains(text(), \"SecondSectiondb9u\")])[1]"}
RESULT: {"using":"xpath","value":"(//span[contains(text(), \"SecondSectiondb9u\")])[1]"}
COMMAND: POST /session/49ce6e540116f27b140a1659947dcef3/element/f.7D4ACEAF94CC5BFA60E7F487674B7E0A.d.7828FE973879BC7C0E880EC7DF460B89.e.1427/click - {}
RESULT: {}
COMMAND: POST /session/49ce6e540116f27b140a1659947dcef3/execute/async - {"script":"<script> [1562 bytes]","args":[{"selector":{"controlType":"sap.m.Button","viewName":"etm.portal.ui.managecatalogs.view.Detail","viewId":"application-managecatalogs-display-component---detailCatalog","i18NText":{"propertyName":"text","key":"edit"},"interaction":{"idSuffix":"BDI-content"}},"wdio_ui5_key":"etmportal.ui.managecatalogs.view.Detailsap.m.Button{\"propertyName\":\"text\",\"key\":\"edit\"}"}]}
COMMAND: GET /session/49ce6e540116f27b140a1659947dcef3/screenshot - {}
RESULT: {"script":"<script> [1562 bytes]","args":[{"selector":{"controlType":"sap.m.Button","viewName":"etm.portal.ui.managecatalogs.view.Detail","viewId":"application-managecatalogs-display-component---detailCatalog","i18NText":{"propertyName":"text","key":"edit"},"interaction":{"idSuffix":"BDI-content"}},"wdio_ui5_key":"etmportal.ui.managecatalogs.view.Detailsap.m.Button{\"propertyName\":\"text\",\"key\":\"edit\"}"}]}
RESULT: undefined
COMMAND: POST /session/49ce6e540116f27b140a1659947dcef3/element - {"using":"xpath","value":"//*[@id=\"__button33\"]"}
RESULT: {}
RESULT: {"using":"xpath","value":"//*[@id=\"__button33\"]"}
COMMAND: POST /session/49ce6e540116f27b140a1659947dcef3/element/f.7D4ACEAF94CC5BFA60E7F487674B7E0A.d.7828FE973879BC7C0E880EC7DF460B89.e.1496/click - {}
RESULT: {}
COMMAND: POST /session/49ce6e540116f27b140a1659947dcef3/execute/async - {"script":"<script> [1562 bytes]","args":[{"selector":{"controlType":"sap.ui.core.Icon","viewName":"etm.portal.ui.managecatalogs.view.Detail","viewId":"application-managecatalogs-display-component---detailCatalog","properties":{"src":{"regex":{"source":"add\\-document"}}}},"wdio_ui5_key":"etmportal.ui.managecatalogs.view.Detailsap.ui.core.Icon{\"src\":{\"regex\":{\"source\":\"add\\\\-document\"}}}"}]}
COMMAND: GET /session/49ce6e540116f27b140a1659947dcef3/screenshot - {}
RESULT: {"script":"<script> [1562 bytes]","args":[{"selector":{"controlType":"sap.ui.core.Icon","viewName":"etm.portal.ui.managecatalogs.view.Detail","viewId":"application-managecatalogs-display-component---detailCatalog","properties":{"src":{"regex":{"source":"add\\-document"}}}},"wdio_ui5_key":"etmportal.ui.managecatalogs.view.Detailsap.ui.core.Icon{\"src\":{\"regex\":{\"source\":\"add\\\\-document\"}}}"}]}
RESULT: undefined
COMMAND: POST /session/49ce6e540116f27b140a1659947dcef3/element - {"using":"xpath","value":"//*[@id=\"__button42-img\"]"}
RESULT: {}
RESULT: {"using":"xpath","value":"//*[@id=\"__button42-img\"]"}
COMMAND: POST /session/49ce6e540116f27b140a1659947dcef3/element/f.7D4ACEAF94CC5BFA60E7F487674B7E0A.d.7828FE973879BC7C0E880EC7DF460B89.e.1501/click - {}
RESULT: {}
COMMAND: POST /session/49ce6e540116f27b140a1659947dcef3/execute/async - {"script":"<script> [1562 bytes]","args":[{"selector":{"id":"application-managecatalogs-display-component---detailCatalog--newItemNumberInput","searchOpenDialogs":true,"interaction":{"idSuffix":"inner"}},"wdio_ui5_key":"applicationmanagecatalogs-display-component---detailCatalog--newItemNumberInput"}]}
COMMAND: GET /session/49ce6e540116f27b140a1659947dcef3/screenshot - {}
RESULT: {"script":"<script> [1562 bytes]","args":[{"selector":{"id":"application-managecatalogs-display-component---detailCatalog--newItemNumberInput","searchOpenDialogs":true,"interaction":{"idSuffix":"inner"}},"wdio_ui5_key":"applicationmanagecatalogs-display-component---detailCatalog--newItemNumberInput"}]}
RESULT: undefined
COMMAND: POST /session/49ce6e540116f27b140a1659947dcef3/execute/async - {"script":"<script> [776 bytes]","args":[{"enterText":"catalogItemc1kuu","selector":{"id":"application-managecatalogs-display-component---detailCatalog--newItemNumberInput","searchOpenDialogs":true,"interaction":{"idSuffix":"inner"}},"clearTextFirst":true,"interactionType":"ENTER_TEXT"}]}
RESULT: {}
RESULT: {"script":"<script> [776 bytes]","args":[{"enterText":"catalogItemc1kuu","selector":{"id":"application-managecatalogs-display-component---detailCatalog--newItemNumberInput","searchOpenDialogs":true,"interaction":{"idSuffix":"inner"}},"clearTextFirst":true,"interactionType":"ENTER_TEXT"}]}
COMMAND: POST /session/49ce6e540116f27b140a1659947dcef3/execute/async - {"script":"<script> [1562 bytes]","args":[{"selector":{"controlType":"sap.m.Input","viewName":"etm.portal.ui.managecatalogs.view.Detail","viewId":"application-managecatalogs-display-component---detailCatalog","bindingPath":{"path":"","propertyPath":"/DESCRIPTION"},"searchOpenDialogs":true,"interaction":{"idSuffix":"inner"}},"wdio_ui5_key":"etmportal.ui.managecatalogs.view.Detailsap.m.Input{\"path\":\"\",\"propertyPath\":\"/DESCRIPTION\"}"}]}
RESULT: {"script":"<script> [1562 bytes]","args":[{"selector":{"controlType":"sap.m.Input","viewName":"etm.portal.ui.managecatalogs.view.Detail","viewId":"application-managecatalogs-display-component---detailCatalog","bindingPath":{"path":"","propertyPath":"/DESCRIPTION"},"searchOpenDialogs":true,"interaction":{"idSuffix":"inner"}},"wdio_ui5_key":"etmportal.ui.managecatalogs.view.Detailsap.m.Input{\"path\":\"\",\"propertyPath\":\"/DESCRIPTION\"}"}]}
RESULT: undefined
COMMAND: POST /session/49ce6e540116f27b140a1659947dcef3/execute/async - {"script":"<script> [776 bytes]","args":[{"enterText":"catalogItemNameeuuxt","selector":{"controlType":"sap.m.Input","viewName":"etm.portal.ui.managecatalogs.view.Detail","viewId":"application-managecatalogs-display-component---detailCatalog","bindingPath":{"path":"","propertyPath":"/DESCRIPTION"},"searchOpenDialogs":true,"interaction":{"idSuffix":"inner"}},"clearTextFirst":true,"interactionType":"ENTER_TEXT"}]}
RESULT: {"script":"<script> [776 bytes]","args":[{"enterText":"catalogItemNameeuuxt","selector":{"controlType":"sap.m.Input","viewName":"etm.portal.ui.managecatalogs.view.Detail","viewId":"application-managecatalogs-display-component---detailCatalog","bindingPath":{"path":"","propertyPath":"/DESCRIPTION"},"searchOpenDialogs":true,"interaction":{"idSuffix":"inner"}},"clearTextFirst":true,"interactionType":"ENTER_TEXT"}]}
COMMAND: POST /session/49ce6e540116f27b140a1659947dcef3/execute/async - {"script":"<script> [1562 bytes]","args":[{"selector":{"controlType":"sap.m.Button","viewName":"etm.portal.ui.managecatalogs.view.Detail","viewId":"application-managecatalogs-display-component---detailCatalog","i18NText":{"propertyName":"text","key":"create"},"searchOpenDialogs":true,"interaction":{"idSuffix":"BDI-content"}},"wdio_ui5_key":"etmportal.ui.managecatalogs.view.Detailsap.m.Button{\"propertyName\":\"text\",\"key\":\"create\"}"}]}
RESULT: {"script":"<script> [1562 bytes]","args":[{"selector":{"controlType":"sap.m.Button","viewName":"etm.portal.ui.managecatalogs.view.Detail","viewId":"application-managecatalogs-display-component---detailCatalog","i18NText":{"propertyName":"text","key":"create"},"searchOpenDialogs":true,"interaction":{"idSuffix":"BDI-content"}},"wdio_ui5_key":"etmportal.ui.managecatalogs.view.Detailsap.m.Button{\"propertyName\":\"text\",\"key\":\"create\"}"}]}
RESULT: undefined
COMMAND: POST /session/49ce6e540116f27b140a1659947dcef3/element - {"using":"xpath","value":"//*[@id=\"__button17\"]"}
RESULT: {"using":"xpath","value":"//*[@id=\"__button17\"]"}
COMMAND: POST /session/49ce6e540116f27b140a1659947dcef3/element/f.7D4ACEAF94CC5BFA60E7F487674B7E0A.d.7828FE973879BC7C0E880EC7DF460B89.e.1511/click - {}
RESULT: {}
COMMAND: GET /session/49ce6e540116f27b140a1659947dcef3/screenshot - {}
RESULT: {}
COMMAND: POST /session/49ce6e540116f27b140a1659947dcef3/element - {"using":"xpath","value":"//button[@title=\"Save\"]"}
RESULT: {"using":"xpath","value":"//button[@title=\"Save\"]"}
COMMAND: POST /session/49ce6e540116f27b140a1659947dcef3/element/f.7D4ACEAF94CC5BFA60E7F487674B7E0A.d.7828FE973879BC7C0E880EC7DF460B89.e.1512/click - {}
RESULT: {}
COMMAND: GET /session/49ce6e540116f27b140a1659947dcef3/screenshot - {}
RESULT: {}
COMMAND: POST /session/49ce6e540116f27b140a1659947dcef3/execute/async - {"script":"<script> [1562 bytes]","args":[{"selector":{"controlType":"sap.ui.core.Icon","viewName":"etm.portal.ui.managecatalogs.view.Detail","viewId":"application-managecatalogs-display-component---detailCatalog","properties":{"src":{"regex":{"source":"decline"}}}},"wdio_ui5_key":"etmportal.ui.managecatalogs.view.Detailsap.ui.core.Icon{\"src\":{\"regex\":{\"source\":\"decline\"}}}"}]}
RESULT: {"script":"<script> [1562 bytes]","args":[{"selector":{"controlType":"sap.ui.core.Icon","viewName":"etm.portal.ui.managecatalogs.view.Detail","viewId":"application-managecatalogs-display-component---detailCatalog","properties":{"src":{"regex":{"source":"decline"}}}},"wdio_ui5_key":"etmportal.ui.managecatalogs.view.Detailsap.ui.core.Icon{\"src\":{\"regex\":{\"source\":\"decline\"}}}"}]}
RESULT: undefined
COMMAND: POST /session/49ce6e540116f27b140a1659947dcef3/element - {"using":"xpath","value":"//*[@id=\"__button36-img\"]"}
RESULT: {"using":"xpath","value":"//*[@id=\"__button36-img\"]"}
COMMAND: POST /session/49ce6e540116f27b140a1659947dcef3/element/f.7D4ACEAF94CC5BFA60E7F487674B7E0A.d.7828FE973879BC7C0E880EC7DF460B89.e.1516/click - {}
RESULT: {}
COMMAND: GET /session/49ce6e540116f27b140a1659947dcef3/screenshot - {}
RESULT: {}
COMMAND: POST /session/49ce6e540116f27b140a1659947dcef3/execute/async - {"script":"<script> [1562 bytes]","args":[{"selector":{"controlType":"sap.ui.core.Icon","viewName":"etm.portal.ui.managecatalogs.view.MasterItems","viewId":"application-managecatalogs-display-component---masterCatalogItems","properties":{"src":{"regex":{"source":"refresh"}}}},"wdio_ui5_key":"etmportal.ui.managecatalogs.view.MasterItemssap.ui.core.Icon{\"src\":{\"regex\":{\"source\":\"refresh\"}}}"}]}
RESULT: {"script":"<script> [1562 bytes]","args":[{"selector":{"controlType":"sap.ui.core.Icon","viewName":"etm.portal.ui.managecatalogs.view.MasterItems","viewId":"application-managecatalogs-display-component---masterCatalogItems","properties":{"src":{"regex":{"source":"refresh"}}}},"wdio_ui5_key":"etmportal.ui.managecatalogs.view.MasterItemssap.ui.core.Icon{\"src\":{\"regex\":{\"source\":\"refresh\"}}}"}]}
RESULT: undefined
COMMAND: POST /session/49ce6e540116f27b140a1659947dcef3/element - {"using":"xpath","value":"//*[@id=\"__button9-img\"]"}
RESULT: {"using":"xpath","value":"//*[@id=\"__button9-img\"]"}
COMMAND: POST /session/49ce6e540116f27b140a1659947dcef3/element/f.7D4ACEAF94CC5BFA60E7F487674B7E0A.d.7828FE973879BC7C0E880EC7DF460B89.e.1551/click - {}
RESULT: {}
COMMAND: GET /session/49ce6e540116f27b140a1659947dcef3/screenshot - {}
RESULT: {}
COMMAND: POST /session/49ce6e540116f27b140a1659947dcef3/execute/async - {"script":"<script> [1562 bytes]","args":[{"selector":{"id":"application-managecatalogs-display-component---masterCatalogItems--searchItemsField","interaction":{"idSuffix":"I"}},"wdio_ui5_key":"applicationmanagecatalogs-display-component---masterCatalogItems--searchItemsField"}]}
RESULT: {"script":"<script> [1562 bytes]","args":[{"selector":{"id":"application-managecatalogs-display-component---masterCatalogItems--searchItemsField","interaction":{"idSuffix":"I"}},"wdio_ui5_key":"applicationmanagecatalogs-display-component---masterCatalogItems--searchItemsField"}]}
RESULT: undefined
COMMAND: POST /session/49ce6e540116f27b140a1659947dcef3/execute/async - {"script":"<script> [776 bytes]","args":[{"enterText":"catalogItemNameeuuxt","selector":{"id":"application-managecatalogs-display-component---masterCatalogItems--searchItemsField","interaction":{"idSuffix":"I"}},"clearTextFirst":true,"interactionType":"ENTER_TEXT"}]}
RESULT: {"script":"<script> [776 bytes]","args":[{"enterText":"catalogItemNameeuuxt","selector":{"id":"application-managecatalogs-display-component---masterCatalogItems--searchItemsField","interaction":{"idSuffix":"I"}},"clearTextFirst":true,"interactionType":"ENTER_TEXT"}]}
COMMAND: POST /session/49ce6e540116f27b140a1659947dcef3/actions - {"actions":[{"id":"action5","type":"key","parameters":{},"actions":[{"type":"keyDown","value":"î€‡"},{"type":"pause","duration":10},{"type":"keyUp","value":"î€‡"}]}]}
RESULT: {"actions":[{"id":"action5","type":"key","parameters":{},"actions":[{"type":"keyDown","value":"î€‡"},{"type":"pause","duration":10},{"type":"keyUp","value":"î€‡"}]}]}
COMMAND: POST /session/49ce6e540116f27b140a1659947dcef3/element - {"using":"xpath","value":"(//span[contains(text(), \"catalogItemNameeuuxt\")])[1]"}
COMMAND: GET /session/49ce6e540116f27b140a1659947dcef3/screenshot - {}
RESULT: {"using":"xpath","value":"(//span[contains(text(), \"catalogItemNameeuuxt\")])[1]"}
COMMAND: POST /session/49ce6e540116f27b140a1659947dcef3/element/f.7D4ACEAF94CC5BFA60E7F487674B7E0A.d.7828FE973879BC7C0E880EC7DF460B89.e.1558/click - {}
RESULT: {}
RESULT: {}
COMMAND: GET /session/49ce6e540116f27b140a1659947dcef3/screenshot - {}
RESULT: {}
COMMAND: POST /session/49ce6e540116f27b140a1659947dcef3/element - {"using":"xpath","value":"//span[contains(text(), \"catalogItemc1kuu\")]"}
RESULT: {"using":"xpath","value":"//span[contains(text(), \"catalogItemc1kuu\")]"}
COMMAND: GET /session/49ce6e540116f27b140a1659947dcef3/element/f.7D4ACEAF94CC5BFA60E7F487674B7E0A.d.7828FE973879BC7C0E880EC7DF460B89.e.1612/text - {}
RESULT: {}
RESULT: undefined
COMMAND: POST /session/49ce6e540116f27b140a1659947dcef3/element - {"using":"xpath","value":"//*[@id=\"__button33\"]"}
RESULT: {"using":"xpath","value":"//*[@id=\"__button33\"]"}
COMMAND: POST /session/49ce6e540116f27b140a1659947dcef3/element/f.7D4ACEAF94CC5BFA60E7F487674B7E0A.d.7828FE973879BC7C0E880EC7DF460B89.e.1613/click - {}
COMMAND: POST /session/49ce6e540116f27b140a1659947dcef3/element - {"using":"xpath","value":"//*[@id=\"__button33\"]"}
RESULT: {"using":"xpath","value":"//*[@id=\"__button33\"]"}
COMMAND: POST /session/49ce6e540116f27b140a1659947dcef3/element/f.7D4ACEAF94CC5BFA60E7F487674B7E0A.d.7828FE973879BC7C0E880EC7DF460B89.e.1613/click - {}
COMMAND: POST /session/49ce6e540116f27b140a1659947dcef3/element - {"using":"xpath","value":"//*[@id=\"__button33\"]"}
RESULT: {"using":"xpath","value":"//*[@id=\"__button33\"]"}
COMMAND: POST /session/49ce6e540116f27b140a1659947dcef3/element/f.7D4ACEAF94CC5BFA60E7F487674B7E0A.d.7828FE973879BC7C0E880EC7DF460B89.e.1621/click - {}
RESULT: {}
COMMAND: GET /session/49ce6e540116f27b140a1659947dcef3/screenshot - {}
RESULT: {}
COMMAND: POST /session/49ce6e540116f27b140a1659947dcef3/execute/async - {"script":"<script> [1562 bytes]","args":[{"selector":{"id":"application-managecatalogs-display-component---detailCatalog--BASE_UNIT_OF_MEASURE-arrow"},"wdio_ui5_key":"applicationmanagecatalogs-display-component---detailCatalog--BASE_UNIT_OF_MEASURE-arrow"}]}
RESULT: {"script":"<script> [1562 bytes]","args":[{"selector":{"id":"application-managecatalogs-display-component---detailCatalog--BASE_UNIT_OF_MEASURE-arrow"},"wdio_ui5_key":"applicationmanagecatalogs-display-component---detailCatalog--BASE_UNIT_OF_MEASURE-arrow"}]}
RESULT: undefined
COMMAND: POST /session/49ce6e540116f27b140a1659947dcef3/element - {"using":"xpath","value":"//*[@id=\"application-managecatalogs-display-component---detailCatalog--BASE_UNIT_OF_MEASURE-arrow\"]"}
RESULT: {"using":"xpath","value":"//*[@id=\"application-managecatalogs-display-component---detailCatalog--BASE_UNIT_OF_MEASURE-arrow\"]"}
COMMAND: POST /session/49ce6e540116f27b140a1659947dcef3/element/f.7D4ACEAF94CC5BFA60E7F487674B7E0A.d.7828FE973879BC7C0E880EC7DF460B89.e.1649/click - {}
RESULT: {}
COMMAND: GET /session/49ce6e540116f27b140a1659947dcef3/screenshot - {}
RESULT: {}
COMMAND: POST /session/49ce6e540116f27b140a1659947dcef3/execute/async - {"script":"<script> [1562 bytes]","args":[{"selector":{"controlType":"sap.m.StandardListItem","viewName":"etm.portal.ui.managecatalogs.view.Detail","viewId":"application-managecatalogs-display-component---detailCatalog","properties":{"title":"Piece"},"searchOpenDialogs":true,"interaction":{"idSuffix":"titleText"}},"wdio_ui5_key":"etmportal.ui.managecatalogs.view.Detailsap.m.StandardListItem{\"title\":\"Piece\"}"}]}
RESULT: {"script":"<script> [1562 bytes]","args":[{"selector":{"controlType":"sap.m.StandardListItem","viewName":"etm.portal.ui.managecatalogs.view.Detail","viewId":"application-managecatalogs-display-component---detailCatalog","properties":{"title":"Piece"},"searchOpenDialogs":true,"interaction":{"idSuffix":"titleText"}},"wdio_ui5_key":"etmportal.ui.managecatalogs.view.Detailsap.m.StandardListItem{\"title\":\"Piece\"}"}]}
RESULT: undefined
COMMAND: POST /session/49ce6e540116f27b140a1659947dcef3/element - {"using":"xpath","value":"//*[@id=\"__item229\"]"}
RESULT: {"using":"xpath","value":"//*[@id=\"__item229\"]"}
COMMAND: POST /session/49ce6e540116f27b140a1659947dcef3/element/f.7D4ACEAF94CC5BFA60E7F487674B7E0A.d.7828FE973879BC7C0E880EC7DF460B89.e.1653/click - {}
RESULT: {}
COMMAND: POST /session/49ce6e540116f27b140a1659947dcef3/execute/async - {"script":"<script> [1562 bytes]","args":[{"selector":{"controlType":"sap.ui.core.Icon","viewName":"etm.portal.ui.managecatalogs.view.Detail","viewId":"application-managecatalogs-display-component---detailCatalog","properties":{"src":{"regex":{"source":"add"}}},"ancestor":{"controlType":"sap.m.Button","viewName":"etm.portal.ui.managecatalogs.view.Detail","viewId":"application-managecatalogs-display-component---detailCatalog","i18NText":{"propertyName":"tooltip","key":"addClass"}}},"wdio_ui5_key":"etmportal.ui.managecatalogs.view.Detailsap.ui.core.Icon{\"src\":{\"regex\":{\"source\":\"add\"}}}{\"controlType\":\"sap.m.Button\",\"viewName\":\"etm.portal.ui.managecatalogs.view.Detail\",\"viewId\":\"application-managecatalogs-display-component---detailCatalog\",\"i18NText\":{\"propertyName\":\"tooltip\",\"key\":\"addClass\"}}"}]}
COMMAND: GET /session/49ce6e540116f27b140a1659947dcef3/screenshot - {}
RESULT: {"script":"<script> [1562 bytes]","args":[{"selector":{"controlType":"sap.ui.core.Icon","viewName":"etm.portal.ui.managecatalogs.view.Detail","viewId":"application-managecatalogs-display-component---detailCatalog","properties":{"src":{"regex":{"source":"add"}}},"ancestor":{"controlType":"sap.m.Button","viewName":"etm.portal.ui.managecatalogs.view.Detail","viewId":"application-managecatalogs-display-component---detailCatalog","i18NText":{"propertyName":"tooltip","key":"addClass"}}},"wdio_ui5_key":"etmportal.ui.managecatalogs.view.Detailsap.ui.core.Icon{\"src\":{\"regex\":{\"source\":\"add\"}}}{\"controlType\":\"sap.m.Button\",\"viewName\":\"etm.portal.ui.managecatalogs.view.Detail\",\"viewId\":\"application-managecatalogs-display-component---detailCatalog\",\"i18NText\":{\"propertyName\":\"tooltip\",\"key\":\"addClass\"}}"}]}
RESULT: undefined
COMMAND: POST /session/49ce6e540116f27b140a1659947dcef3/element - {"using":"xpath","value":"//*[@id=\"__button39-img\"]"}
RESULT: {}
RESULT: {"using":"xpath","value":"//*[@id=\"__button39-img\"]"}
COMMAND: POST /session/49ce6e540116f27b140a1659947dcef3/element/f.7D4ACEAF94CC5BFA60E7F487674B7E0A.d.7828FE973879BC7C0E880EC7DF460B89.e.1654/click - {}
RESULT: {}
COMMAND: GET /session/49ce6e540116f27b140a1659947dcef3/screenshot - {}
RESULT: {}
COMMAND: POST /session/49ce6e540116f27b140a1659947dcef3/element - {"using":"xpath","value":"//input[contains(@id ,\"searchField-I\")]"}
RESULT: {"using":"xpath","value":"//input[contains(@id ,\"searchField-I\")]"}
COMMAND: POST /session/49ce6e540116f27b140a1659947dcef3/element/f.7D4ACEAF94CC5BFA60E7F487674B7E0A.d.7828FE973879BC7C0E880EC7DF460B89.e.1658/value - {"text":"WebdriverYardClassrpg5b"}
RESULT: {"text":"WebdriverYardClassrpg5b"}
COMMAND: POST /session/49ce6e540116f27b140a1659947dcef3/actions - {"actions":[{"id":"action6","type":"key","parameters":{},"actions":[{"type":"keyDown","value":"î€‡"},{"type":"pause","duration":10},{"type":"keyUp","value":"î€‡"}]}]}
COMMAND: GET /session/49ce6e540116f27b140a1659947dcef3/screenshot - {}
RESULT: {"actions":[{"id":"action6","type":"key","parameters":{},"actions":[{"type":"keyDown","value":"î€‡"},{"type":"pause","duration":10},{"type":"keyUp","value":"î€‡"}]}]}
COMMAND: GET /session/49ce6e540116f27b140a1659947dcef3/screenshot - {}
RESULT: {}
RESULT: {}
COMMAND: POST /session/49ce6e540116f27b140a1659947dcef3/element - {"using":"xpath","value":"//span[contains(text(), \"WebdriverYardClassrpg5b\")]"}
RESULT: {"using":"xpath","value":"//span[contains(text(), \"WebdriverYardClassrpg5b\")]"}
COMMAND: POST /session/49ce6e540116f27b140a1659947dcef3/element/f.7D4ACEAF94CC5BFA60E7F487674B7E0A.d.7828FE973879BC7C0E880EC7DF460B89.e.1689/click - {}
RESULT: {}
COMMAND: GET /session/49ce6e540116f27b140a1659947dcef3/screenshot - {}
RESULT: {}
COMMAND: POST /session/49ce6e540116f27b140a1659947dcef3/execute/async - {"script":"<script> [1562 bytes]","args":[{"selector":{"controlType":"sap.m.Button","viewName":"etm.portal.ui.managecatalogs.view.Detail","viewId":"application-managecatalogs-display-component---detailCatalog","properties":{"text":"Classification"},"interaction":{"idSuffix":"BDI-content"}},"wdio_ui5_key":"etmportal.ui.managecatalogs.view.Detailsap.m.Button{\"text\":\"Classification\"}"}]}
RESULT: {"script":"<script> [1562 bytes]","args":[{"selector":{"controlType":"sap.m.Button","viewName":"etm.portal.ui.managecatalogs.view.Detail","viewId":"application-managecatalogs-display-component---detailCatalog","properties":{"text":"Classification"},"interaction":{"idSuffix":"BDI-content"}},"wdio_ui5_key":"etmportal.ui.managecatalogs.view.Detailsap.m.Button{\"text\":\"Classification\"}"}]}
RESULT: undefined
COMMAND: POST /session/49ce6e540116f27b140a1659947dcef3/element - {"using":"xpath","value":"//*[@id=\"application-managecatalogs-display-component---detailCatalog--ObjectPageLayout-anchBar-__section3-anchor\"]"}
RESULT: {"using":"xpath","value":"//*[@id=\"application-managecatalogs-display-component---detailCatalog--ObjectPageLayout-anchBar-__section3-anchor\"]"}
COMMAND: POST /session/49ce6e540116f27b140a1659947dcef3/element/f.7D4ACEAF94CC5BFA60E7F487674B7E0A.d.7828FE973879BC7C0E880EC7DF460B89.e.1694/click - {}
RESULT: {}
COMMAND: GET /session/49ce6e540116f27b140a1659947dcef3/screenshot - {}
RESULT: {}
COMMAND: POST /session/49ce6e540116f27b140a1659947dcef3/element - {"using":"xpath","value":"//span[contains(@id ,\"expandButton-img\")]"}
RESULT: {"using":"xpath","value":"//span[contains(@id ,\"expandButton-img\")]"}
COMMAND: POST /session/49ce6e540116f27b140a1659947dcef3/element/f.7D4ACEAF94CC5BFA60E7F487674B7E0A.d.7828FE973879BC7C0E880EC7DF460B89.e.1700/click - {}
RESULT: {}
COMMAND: POST /session/49ce6e540116f27b140a1659947dcef3/execute/async - {"script":"<script> [1562 bytes]","args":[{"selector":{"controlType":"sap.m.CheckBox","viewName":"etm.portal.ui.managecatalogs.view.Detail","viewId":"application-managecatalogs-display-component---detailCatalog","bindingPath":{"path":"/data/0/PROPERTIES/0","propertyPath":"SELECTED","modelName":"classModel"},"interaction":{"idSuffix":"CbBg"}},"wdio_ui5_key":"etmportal.ui.managecatalogs.view.Detailsap.m.CheckBox{\"path\":\"/data/0/PROPERTIES/0\",\"propertyPath\":\"SELECTED\",\"modelName\":\"classModel\"}"}]}
COMMAND: GET /session/49ce6e540116f27b140a1659947dcef3/screenshot - {}
RESULT: {"script":"<script> [1562 bytes]","args":[{"selector":{"controlType":"sap.m.CheckBox","viewName":"etm.portal.ui.managecatalogs.view.Detail","viewId":"application-managecatalogs-display-component---detailCatalog","bindingPath":{"path":"/data/0/PROPERTIES/0","propertyPath":"SELECTED","modelName":"classModel"},"interaction":{"idSuffix":"CbBg"}},"wdio_ui5_key":"etmportal.ui.managecatalogs.view.Detailsap.m.CheckBox{\"path\":\"/data/0/PROPERTIES/0\",\"propertyPath\":\"SELECTED\",\"modelName\":\"classModel\"}"}]}
RESULT: undefined
COMMAND: POST /session/49ce6e540116f27b140a1659947dcef3/element - {"using":"xpath","value":"//*[@id=\"__box32\"]"}
RESULT: {}
RESULT: {"using":"xpath","value":"//*[@id=\"__box32\"]"}
COMMAND: POST /session/49ce6e540116f27b140a1659947dcef3/element/f.7D4ACEAF94CC5BFA60E7F487674B7E0A.d.7828FE973879BC7C0E880EC7DF460B89.e.1715/click - {}
RESULT: {}
RESULT: undefined
COMMAND: POST /session/49ce6e540116f27b140a1659947dcef3/execute/async - {"script":"<script> [6424 bytes]","args":[{"element-6066-11e4-a52e-4f735466cecf":"f.7D4ACEAF94CC5BFA60E7F487674B7E0A.d.7828FE973879BC7C0E880EC7DF460B89.e.1713"},"getSelected",[]]}
COMMAND: GET /session/49ce6e540116f27b140a1659947dcef3/screenshot - {}
RESULT: {"script":"<script> [6424 bytes]","args":[{"element-6066-11e4-a52e-4f735466cecf":"f.7D4ACEAF94CC5BFA60E7F487674B7E0A.d.7828FE973879BC7C0E880EC7DF460B89.e.1713"},"getSelected",[]]}
COMMAND: POST /session/49ce6e540116f27b140a1659947dcef3/execute/async - {"script":"<script> [1562 bytes]","args":[{"selector":{"controlType":"sap.m.Button","viewName":"etm.portal.ui.managecatalogs.view.Detail","viewId":"application-managecatalogs-display-component---detailCatalog","i18NText":{"propertyName":"text","key":"save"},"interaction":{"idSuffix":"BDI-content"}},"wdio_ui5_key":"etmportal.ui.managecatalogs.view.Detailsap.m.Button{\"propertyName\":\"text\",\"key\":\"save\"}"}]}
RESULT: {}
RESULT: {"script":"<script> [1562 bytes]","args":[{"selector":{"controlType":"sap.m.Button","viewName":"etm.portal.ui.managecatalogs.view.Detail","viewId":"application-managecatalogs-display-component---detailCatalog","i18NText":{"propertyName":"text","key":"save"},"interaction":{"idSuffix":"BDI-content"}},"wdio_ui5_key":"etmportal.ui.managecatalogs.view.Detailsap.m.Button{\"propertyName\":\"text\",\"key\":\"save\"}"}]}
RESULT: undefined
COMMAND: POST /session/49ce6e540116f27b140a1659947dcef3/element - {"using":"xpath","value":"//*[@id=\"__button51\"]"}
RESULT: {"using":"xpath","value":"//*[@id=\"__button51\"]"}
COMMAND: POST /session/49ce6e540116f27b140a1659947dcef3/element/f.7D4ACEAF94CC5BFA60E7F487674B7E0A.d.7828FE973879BC7C0E880EC7DF460B89.e.1625/click - {}
RESULT: {}
COMMAND: GET /session/49ce6e540116f27b140a1659947dcef3/screenshot - {}
RESULT: {}
COMMAND: POST /session/49ce6e540116f27b140a1659947dcef3/element - {"using":"css selector","value":"#shell-header-logo"}
RESULT: {"using":"css selector","value":"#shell-header-logo"}
COMMAND: POST /session/49ce6e540116f27b140a1659947dcef3/element/f.7D4ACEAF94CC5BFA60E7F487674B7E0A.d.7828FE973879BC7C0E880EC7DF460B89.e.1387/click - {}
RESULT: {}
COMMAND: GET /session/49ce6e540116f27b140a1659947dcef3/screenshot - {}
RESULT: {}
]]></system-out>
    </testcase>
    <testcase classname="chrome.136_0_7103_93.windows.Manage_catalogs_-_yard_assignment_classification_US138930" name="Should verify if the catalog item is visible after selecting the yard" time="63.418">
      <system-out><![CDATA[
COMMAND: POST /session/49ce6e540116f27b140a1659947dcef3/execute/async - {"script":"<script> [1562 bytes]","args":[{"selector":{"controlType":"sap.m.Text","properties":{"text":"Webshop"},"interaction":{"idSuffix":"inner"}},"wdio_ui5_key":"sapm.Text{\"text\":\"Webshop\"}"}]}
RESULT: {"script":"<script> [1562 bytes]","args":[{"selector":{"controlType":"sap.m.Text","properties":{"text":"Webshop"},"interaction":{"idSuffix":"inner"}},"wdio_ui5_key":"sapm.Text{\"text\":\"Webshop\"}"}]}
RESULT: undefined
COMMAND: POST /session/49ce6e540116f27b140a1659947dcef3/element - {"using":"xpath","value":"//*[@id=\"__tile49-title\"]"}
RESULT: {"using":"xpath","value":"//*[@id=\"__tile49-title\"]"}
COMMAND: POST /session/49ce6e540116f27b140a1659947dcef3/element/f.7D4ACEAF94CC5BFA60E7F487674B7E0A.d.7828FE973879BC7C0E880EC7DF460B89.e.1742/click - {}
RESULT: {}
COMMAND: GET /session/49ce6e540116f27b140a1659947dcef3/screenshot - {}
RESULT: {}
COMMAND: POST /session/49ce6e540116f27b140a1659947dcef3/element - {"using":"css selector","value":"#requestCreationDialog--createRequestPopUp-title-inner"}
RESULT: {"using":"css selector","value":"#requestCreationDialog--createRequestPopUp-title-inner"}
COMMAND: POST /session/49ce6e540116f27b140a1659947dcef3/execute/sync - {"script":"<script> [8489 bytes]","args":[{"element-6066-11e4-a52e-4f735466cecf":"f.7D4ACEAF94CC5BFA60E7F487674B7E0A.d.7828FE973879BC7C0E880EC7DF460B89.e.1772","ELEMENT":"f.7D4ACEAF94CC5BFA60E7F487674B7E0A.d.7828FE973879BC7C0E880EC7DF460B89.e.1772"}]}
RESULT: {"script":"<script> [8489 bytes]","args":[{"element-6066-11e4-a52e-4f735466cecf":"f.7D4ACEAF94CC5BFA60E7F487674B7E0A.d.7828FE973879BC7C0E880EC7DF460B89.e.1772","ELEMENT":"f.7D4ACEAF94CC5BFA60E7F487674B7E0A.d.7828FE973879BC7C0E880EC7DF460B89.e.1772"}]}
COMMAND: GET /session/49ce6e540116f27b140a1659947dcef3/element/f.7D4ACEAF94CC5BFA60E7F487674B7E0A.d.7828FE973879BC7C0E880EC7DF460B89.e.1772/enabled - {}
COMMAND: GET /session/49ce6e540116f27b140a1659947dcef3/screenshot - {}
RESULT: {}
COMMAND: POST /session/49ce6e540116f27b140a1659947dcef3/elements - {"using":"css selector","value":"#requestCreationDialog--createRequestPopUp-title-inner"}
COMMAND: GET /session/49ce6e540116f27b140a1659947dcef3/screenshot - {}
RESULT: {}
RESULT: {"using":"css selector","value":"#requestCreationDialog--createRequestPopUp-title-inner"}
COMMAND: POST /session/49ce6e540116f27b140a1659947dcef3/execute/async - {"script":"<script> [1562 bytes]","args":[{"selector":{"id":"requestCreationDialog--requestName","searchOpenDialogs":true,"interaction":{"idSuffix":"inner"}},"wdio_ui5_key":"requestCreationDialogrequestName"}]}
RESULT: {}
RESULT: {"script":"<script> [1562 bytes]","args":[{"selector":{"id":"requestCreationDialog--requestName","searchOpenDialogs":true,"interaction":{"idSuffix":"inner"}},"wdio_ui5_key":"requestCreationDialogrequestName"}]}
RESULT: undefined
COMMAND: POST /session/49ce6e540116f27b140a1659947dcef3/execute/async - {"script":"<script> [776 bytes]","args":[{"enterText":"WebdriverTest","selector":{"id":"requestCreationDialog--requestName","searchOpenDialogs":true,"interaction":{"idSuffix":"inner"}},"clearTextFirst":true,"interactionType":"ENTER_TEXT"}]}
RESULT: {"script":"<script> [776 bytes]","args":[{"enterText":"WebdriverTest","selector":{"id":"requestCreationDialog--requestName","searchOpenDialogs":true,"interaction":{"idSuffix":"inner"}},"clearTextFirst":true,"interactionType":"ENTER_TEXT"}]}
COMMAND: POST /session/49ce6e540116f27b140a1659947dcef3/element - {"using":"xpath","value":"//input[contains(@id ,\"requestCreationDialog--yardId-inner\")]"}
RESULT: {"using":"xpath","value":"//input[contains(@id ,\"requestCreationDialog--yardId-inner\")]"}
COMMAND: POST /session/49ce6e540116f27b140a1659947dcef3/element/f.7D4ACEAF94CC5BFA60E7F487674B7E0A.d.7828FE973879BC7C0E880EC7DF460B89.e.1760/clear - {}
RESULT: {}
COMMAND: POST /session/49ce6e540116f27b140a1659947dcef3/element/f.7D4ACEAF94CC5BFA60E7F487674B7E0A.d.7828FE973879BC7C0E880EC7DF460B89.e.1760/value - {"text":"101"}
COMMAND: GET /session/49ce6e540116f27b140a1659947dcef3/screenshot - {}
RESULT: {"text":"101"}
COMMAND: GET /session/49ce6e540116f27b140a1659947dcef3/screenshot - {}
RESULT: {}
RESULT: {}
COMMAND: POST /session/49ce6e540116f27b140a1659947dcef3/execute/async - {"script":"<script> [1562 bytes]","args":[{"selector":{"id":"requestCreationDialog--okButton","searchOpenDialogs":true,"interaction":{"idSuffix":"BDI-content"}},"wdio_ui5_key":"requestCreationDialogokButton"}]}
RESULT: {"script":"<script> [1562 bytes]","args":[{"selector":{"id":"requestCreationDialog--okButton","searchOpenDialogs":true,"interaction":{"idSuffix":"BDI-content"}},"wdio_ui5_key":"requestCreationDialogokButton"}]}
RESULT: undefined
COMMAND: POST /session/49ce6e540116f27b140a1659947dcef3/element - {"using":"xpath","value":"//*[@id=\"requestCreationDialog--okButton\"]"}
RESULT: {"using":"xpath","value":"//*[@id=\"requestCreationDialog--okButton\"]"}
COMMAND: POST /session/49ce6e540116f27b140a1659947dcef3/element/f.7D4ACEAF94CC5BFA60E7F487674B7E0A.d.7828FE973879BC7C0E880EC7DF460B89.e.1779/click - {}
RESULT: {}
COMMAND: GET /session/49ce6e540116f27b140a1659947dcef3/screenshot - {}
COMMAND: POST /session/49ce6e540116f27b140a1659947dcef3/element - {"using":"xpath","value":"//input[contains(@id ,\"searchFiledId-I\")]"}
RESULT: {}
RESULT: {"using":"xpath","value":"//input[contains(@id ,\"searchFiledId-I\")]"}
COMMAND: POST /session/49ce6e540116f27b140a1659947dcef3/element/f.7D4ACEAF94CC5BFA60E7F487674B7E0A.d.7828FE973879BC7C0E880EC7DF460B89.e.1748/value - {"text":"catalogItemc1kuu"}
RESULT: {"text":"catalogItemc1kuu"}
COMMAND: POST /session/49ce6e540116f27b140a1659947dcef3/actions - {"actions":[{"id":"action7","type":"key","parameters":{},"actions":[{"type":"keyDown","value":"î€‡"},{"type":"pause","duration":10},{"type":"keyUp","value":"î€‡"}]}]}
COMMAND: GET /session/49ce6e540116f27b140a1659947dcef3/screenshot - {}
RESULT: {"actions":[{"id":"action7","type":"key","parameters":{},"actions":[{"type":"keyDown","value":"î€‡"},{"type":"pause","duration":10},{"type":"keyUp","value":"î€‡"}]}]}
COMMAND: GET /session/49ce6e540116f27b140a1659947dcef3/screenshot - {}
RESULT: {}
RESULT: {}
COMMAND: POST /session/49ce6e540116f27b140a1659947dcef3/element - {"using":"xpath","value":"//span[contains(@id ,\"subTitle\")][contains(text(), \"catalogItemc1kuu\")]"}
RESULT: {"using":"xpath","value":"//span[contains(@id ,\"subTitle\")][contains(text(), \"catalogItemc1kuu\")]"}
COMMAND: POST /session/49ce6e540116f27b140a1659947dcef3/element - {"using":"xpath","value":"//span[contains(@id ,\"subTitle\")][contains(text(), \"catalogItemc1kuu\")]"}
RESULT: {"using":"xpath","value":"//span[contains(@id ,\"subTitle\")][contains(text(), \"catalogItemc1kuu\")]"}
COMMAND: POST /session/49ce6e540116f27b140a1659947dcef3/execute/async - {"script":"<script> [1562 bytes]","args":[{"selector":{"controlType":"sap.tnt.NavigationListItem","viewName":"etm.portal.ui.webshop.view.Homepage","i18NText":{"propertyName":"text","key":"exit"},"interaction":{"idSuffix":"a"}},"wdio_ui5_key":"etmportal.ui.webshop.view.Homepagesap.tnt.NavigationListItem{\"propertyName\":\"text\",\"key\":\"exit\"}"}]}
RESULT: {"script":"<script> [1562 bytes]","args":[{"selector":{"controlType":"sap.tnt.NavigationListItem","viewName":"etm.portal.ui.webshop.view.Homepage","i18NText":{"propertyName":"text","key":"exit"},"interaction":{"idSuffix":"a"}},"wdio_ui5_key":"etmportal.ui.webshop.view.Homepagesap.tnt.NavigationListItem{\"propertyName\":\"text\",\"key\":\"exit\"}"}]}
RESULT: undefined
COMMAND: POST /session/49ce6e540116f27b140a1659947dcef3/element - {"using":"xpath","value":"//*[@id=\"__item287\"]"}
RESULT: {"using":"xpath","value":"//*[@id=\"__item287\"]"}
COMMAND: POST /session/49ce6e540116f27b140a1659947dcef3/element/f.7D4ACEAF94CC5BFA60E7F487674B7E0A.d.7828FE973879BC7C0E880EC7DF460B89.e.1787/click - {}
RESULT: {}
]]></system-out>
    </testcase>
  </testsuite>
  <testsuite timestamp="2025-05-17T15:53:33" time="258.596" tests="1" failures="0" errors="0" skipped="0">
    <properties>
      <property name="specId" value="0" />
      <property name="suiteName" value="Catalogs section" />
      <property name="capabilities" value="chrome.136_0_7103_93.windows" />
      <property name="file" value="file:///D:/a/1/s/test/specs/R2C/manage-catalogs-values-section.spec.js" />
    </properties>
    <testcase classname="chrome.136_0_7103_93.windows.Catalogs_section" name="Should add values to a catalog item" time="258.591">
      <system-out><![CDATA[
COMMAND: POST /session/49ce6e540116f27b140a1659947dcef3/element - {"using":"xpath","value":"//span[contains(@id ,\"requestCreationDialog--createRequestPopUp-title-inner\")]"}
COMMAND: GET /session/49ce6e540116f27b140a1659947dcef3/screenshot - {}
RESULT: {"using":"xpath","value":"//span[contains(@id ,\"requestCreationDialog--createRequestPopUp-title-inner\")]"}
COMMAND: POST /session/49ce6e540116f27b140a1659947dcef3/elements - {"using":"xpath","value":"//span[contains(@id ,\"requestCreationDialog--createRequestPopUp-title-inner\")]"}
RESULT: {}
RESULT: {"using":"xpath","value":"//span[contains(@id ,\"requestCreationDialog--createRequestPopUp-title-inner\")]"}
COMMAND: POST /session/49ce6e540116f27b140a1659947dcef3/execute/async - {"script":"<script> [1562 bytes]","args":[{"selector":{"controlType":"sap.m.GenericTile","properties":{"header":"Manage Catalogs"}},"wdio_ui5_key":"sapm.GenericTile{\"header\":\"Manage Catalogs\"}"}]}
RESULT: {"script":"<script> [1562 bytes]","args":[{"selector":{"controlType":"sap.m.GenericTile","properties":{"header":"Manage Catalogs"}},"wdio_ui5_key":"sapm.GenericTile{\"header\":\"Manage Catalogs\"}"}]}
RESULT: undefined
COMMAND: POST /session/49ce6e540116f27b140a1659947dcef3/element - {"using":"xpath","value":"//*[@id=\"__tile37\"]"}
RESULT: {"using":"xpath","value":"//*[@id=\"__tile37\"]"}
COMMAND: POST /session/49ce6e540116f27b140a1659947dcef3/element/f.7D4ACEAF94CC5BFA60E7F487674B7E0A.d.7828FE973879BC7C0E880EC7DF460B89.e.1792/click - {}
RESULT: {}
COMMAND: GET /session/49ce6e540116f27b140a1659947dcef3/screenshot - {}
RESULT: {}
COMMAND: POST /session/49ce6e540116f27b140a1659947dcef3/elements - {"using":"xpath","value":"//span[text()='Error']"}
RESULT: {"using":"xpath","value":"//span[text()='Error']"}
COMMAND: POST /session/49ce6e540116f27b140a1659947dcef3/refresh - {}
RESULT: {}
COMMAND: GET /session/49ce6e540116f27b140a1659947dcef3/screenshot - {}
RESULT: {}
COMMAND: POST /session/49ce6e540116f27b140a1659947dcef3/execute/async - {"script":"<script> [189 bytes]","args":[]}
RESULT: {"script":"<script> [189 bytes]","args":[]}
COMMAND: POST /session/49ce6e540116f27b140a1659947dcef3/execute/async - {"script":"<script> [123 bytes]","args":[]}
RESULT: {"script":"<script> [123 bytes]","args":[]}
COMMAND: POST /session/49ce6e540116f27b140a1659947dcef3/timeouts - {"script":"<number>"}
RESULT: {"script":"<number>"}
COMMAND: GET /session/49ce6e540116f27b140a1659947dcef3/timeouts - {}
RESULT: {}
RESULT: undefined
COMMAND: POST /session/49ce6e540116f27b140a1659947dcef3/execute/async - {"script":"<script> [2676 bytes]","args":[]}
RESULT: {"script":"<script> [2676 bytes]","args":[]}
COMMAND: POST /session/49ce6e540116f27b140a1659947dcef3/execute/async - {"script":"<script> [2342 bytes]","args":[{"protocol":"http","hostname":"0.0.0.0","path":"/","capabilities":{"browserName":"chrome","goog:chromeOptions":{"binary":"C:\\Program Files\\Google\\Chrome\\Application\\chrome.exe","args":["--start-maximized"]}},"logLevel":"warn","connectionRetryTimeout":120000,"connectionRetryCount":3,"logLevels":{},"enableDirectConnect":true,"strictSSL":true,"_":"65 more keys: [\"cacheDir\",\"port\",\"requestedCapabilities\",\"automationProtocol\",\"baseUrl\",\"waitforInterval\",\"waitforTimeout\",\"onReload\",\"beforeCommand\",\"afterCommand\",\"rootDir\",\"specs\",\"suites\",\"exclude\",\"groupLogsByTestSpec\",\"excludeDriverLogs\",\"bail\",\"framework\",\"reporters\",\"services\",\"maxInstances\",\"maxInstancesPerCapability\",\"injectGlobals\",\"filesToWatch\",\"execArgv\",\"runnerEnv\",\"runner\",\"shard\",\"specFileRetries\",\"specFileRetriesDelay\",\"specFileRetriesDeferred\",\"reporterSyncInterval\",\"reporterSyncTimeout\",\"cucumberFeaturesWithLineNumbers\",\"autoCompileOpts\",\"mochaOpts\",\"jasmineOpts\",\"cucumberOpts\",\"onPrepare\",\"onWorkerStart\",\"onWorkerEnd\",\"before\",\"beforeSession\",\"beforeSuite\",\"beforeHook\",\"beforeTest\",\"afterTest\",\"afterHook\",\"afterSuite\",\"afterSession\",\"after\",\"onComplete\",\"beforeAssertion\",\"afterAssertion\",\"beforeFeature\",\"beforeScenario\",\"beforeStep\",\"afterStep\",\"afterScenario\",\"afterFeature\",\"_\",\"suite\",\"$0\",\"ignoredWorkerServices\",\"wdi5\"]"}]}
RESULT: {"script":"<script> [2342 bytes]","args":[{"protocol":"http","hostname":"0.0.0.0","path":"/","capabilities":{"browserName":"chrome","goog:chromeOptions":{"binary":"C:\\Program Files\\Google\\Chrome\\Application\\chrome.exe","args":["--start-maximized"]}},"logLevel":"warn","connectionRetryTimeout":120000,"connectionRetryCount":3,"logLevels":{},"enableDirectConnect":true,"strictSSL":true,"_":"65 more keys: [\"cacheDir\",\"port\",\"requestedCapabilities\",\"automationProtocol\",\"baseUrl\",\"waitforInterval\",\"waitforTimeout\",\"onReload\",\"beforeCommand\",\"afterCommand\",\"rootDir\",\"specs\",\"suites\",\"exclude\",\"groupLogsByTestSpec\",\"excludeDriverLogs\",\"bail\",\"framework\",\"reporters\",\"services\",\"maxInstances\",\"maxInstancesPerCapability\",\"injectGlobals\",\"filesToWatch\",\"execArgv\",\"runnerEnv\",\"runner\",\"shard\",\"specFileRetries\",\"specFileRetriesDelay\",\"specFileRetriesDeferred\",\"reporterSyncInterval\",\"reporterSyncTimeout\",\"cucumberFeaturesWithLineNumbers\",\"autoCompileOpts\",\"mochaOpts\",\"jasmineOpts\",\"cucumberOpts\",\"onPrepare\",\"onWorkerStart\",\"onWorkerEnd\",\"before\",\"beforeSession\",\"beforeSuite\",\"beforeHook\",\"beforeTest\",\"afterTest\",\"afterHook\",\"afterSuite\",\"afterSession\",\"after\",\"onComplete\",\"beforeAssertion\",\"afterAssertion\",\"beforeFeature\",\"beforeScenario\",\"beforeStep\",\"afterStep\",\"afterScenario\",\"afterFeature\",\"_\",\"suite\",\"$0\",\"ignoredWorkerServices\",\"wdi5\"]"}]}
COMMAND: POST /session/49ce6e540116f27b140a1659947dcef3/execute/async - {"script":"<script> [21126 bytes]","args":[35000]}
RESULT: {"script":"<script> [21126 bytes]","args":[35000]}
COMMAND: POST /session/49ce6e540116f27b140a1659947dcef3/element - {"using":"xpath","value":"//span[contains(text(), \"Webshop Catalog\")][contains(@id ,\"masterCatalogs\")]"}
RESULT: {"using":"xpath","value":"//span[contains(text(), \"Webshop Catalog\")][contains(@id ,\"masterCatalogs\")]"}
COMMAND: POST /session/49ce6e540116f27b140a1659947dcef3/element/f.7D4ACEAF94CC5BFA60E7F487674B7E0A.d.702D9DF1E3F6CD27FC3482982209DE5B.e.1893/click - {}
RESULT: {}
COMMAND: GET /session/49ce6e540116f27b140a1659947dcef3/screenshot - {}
RESULT: {}
COMMAND: POST /session/49ce6e540116f27b140a1659947dcef3/element - {"using":"xpath","value":"//input[contains(@id ,\"application-managecatalogs-display-component---masterCatalogItems--searchItemsField-I\")]"}
RESULT: {"using":"xpath","value":"//input[contains(@id ,\"application-managecatalogs-display-component---masterCatalogItems--searchItemsField-I\")]"}
COMMAND: POST /session/49ce6e540116f27b140a1659947dcef3/element/f.7D4ACEAF94CC5BFA60E7F487674B7E0A.d.702D9DF1E3F6CD27FC3482982209DE5B.e.1896/value - {"text":"SecondSectiondb9u"}
RESULT: {"text":"SecondSectiondb9u"}
COMMAND: POST /session/49ce6e540116f27b140a1659947dcef3/actions - {"actions":[{"id":"action8","type":"key","parameters":{},"actions":[{"type":"keyDown","value":"î€‡"},{"type":"pause","duration":10},{"type":"keyUp","value":"î€‡"}]}]}
COMMAND: GET /session/49ce6e540116f27b140a1659947dcef3/screenshot - {}
RESULT: {"actions":[{"id":"action8","type":"key","parameters":{},"actions":[{"type":"keyDown","value":"î€‡"},{"type":"pause","duration":10},{"type":"keyUp","value":"î€‡"}]}]}
COMMAND: GET /session/49ce6e540116f27b140a1659947dcef3/screenshot - {}
RESULT: {}
RESULT: {}
COMMAND: POST /session/49ce6e540116f27b140a1659947dcef3/element - {"using":"xpath","value":"(//span[contains(text(), \"SecondSectiondb9u\")])[1]"}
RESULT: {"using":"xpath","value":"(//span[contains(text(), \"SecondSectiondb9u\")])[1]"}
COMMAND: POST /session/49ce6e540116f27b140a1659947dcef3/element/f.7D4ACEAF94CC5BFA60E7F487674B7E0A.d.702D9DF1E3F6CD27FC3482982209DE5B.e.1931/click - {}
RESULT: {}
COMMAND: POST /session/49ce6e540116f27b140a1659947dcef3/execute/async - {"script":"<script> [1562 bytes]","args":[{"selector":{"controlType":"sap.m.Button","viewName":"etm.portal.ui.managecatalogs.view.Detail","viewId":"application-managecatalogs-display-component---detailCatalog","i18NText":{"propertyName":"text","key":"edit"},"interaction":{"idSuffix":"BDI-content"}},"wdio_ui5_key":"etmportal.ui.managecatalogs.view.Detailsap.m.Button{\"propertyName\":\"text\",\"key\":\"edit\"}"}]}
COMMAND: GET /session/49ce6e540116f27b140a1659947dcef3/screenshot - {}
RESULT: {"script":"<script> [1562 bytes]","args":[{"selector":{"controlType":"sap.m.Button","viewName":"etm.portal.ui.managecatalogs.view.Detail","viewId":"application-managecatalogs-display-component---detailCatalog","i18NText":{"propertyName":"text","key":"edit"},"interaction":{"idSuffix":"BDI-content"}},"wdio_ui5_key":"etmportal.ui.managecatalogs.view.Detailsap.m.Button{\"propertyName\":\"text\",\"key\":\"edit\"}"}]}
RESULT: undefined
COMMAND: POST /session/49ce6e540116f27b140a1659947dcef3/element - {"using":"xpath","value":"//*[@id=\"__button33\"]"}
RESULT: {}
RESULT: {"using":"xpath","value":"//*[@id=\"__button33\"]"}
COMMAND: POST /session/49ce6e540116f27b140a1659947dcef3/element/f.7D4ACEAF94CC5BFA60E7F487674B7E0A.d.702D9DF1E3F6CD27FC3482982209DE5B.e.1995/click - {}
RESULT: {}
COMMAND: POST /session/49ce6e540116f27b140a1659947dcef3/execute/async - {"script":"<script> [1562 bytes]","args":[{"selector":{"controlType":"sap.ui.core.Icon","viewName":"etm.portal.ui.managecatalogs.view.Detail","viewId":"application-managecatalogs-display-component---detailCatalog","properties":{"src":{"regex":{"source":"add\\-document"}}}},"wdio_ui5_key":"etmportal.ui.managecatalogs.view.Detailsap.ui.core.Icon{\"src\":{\"regex\":{\"source\":\"add\\\\-document\"}}}"}]}
COMMAND: GET /session/49ce6e540116f27b140a1659947dcef3/screenshot - {}
RESULT: {"script":"<script> [1562 bytes]","args":[{"selector":{"controlType":"sap.ui.core.Icon","viewName":"etm.portal.ui.managecatalogs.view.Detail","viewId":"application-managecatalogs-display-component---detailCatalog","properties":{"src":{"regex":{"source":"add\\-document"}}}},"wdio_ui5_key":"etmportal.ui.managecatalogs.view.Detailsap.ui.core.Icon{\"src\":{\"regex\":{\"source\":\"add\\\\-document\"}}}"}]}
RESULT: undefined
COMMAND: POST /session/49ce6e540116f27b140a1659947dcef3/element - {"using":"xpath","value":"//*[@id=\"__button42-img\"]"}
RESULT: {}
RESULT: {"using":"xpath","value":"//*[@id=\"__button42-img\"]"}
COMMAND: POST /session/49ce6e540116f27b140a1659947dcef3/element/f.7D4ACEAF94CC5BFA60E7F487674B7E0A.d.702D9DF1E3F6CD27FC3482982209DE5B.e.2001/click - {}
RESULT: {}
COMMAND: POST /session/49ce6e540116f27b140a1659947dcef3/execute/async - {"script":"<script> [1562 bytes]","args":[{"selector":{"id":"application-managecatalogs-display-component---detailCatalog--newItemNumberInput","searchOpenDialogs":true,"interaction":{"idSuffix":"inner"}},"wdio_ui5_key":"applicationmanagecatalogs-display-component---detailCatalog--newItemNumberInput"}]}
COMMAND: GET /session/49ce6e540116f27b140a1659947dcef3/screenshot - {}
RESULT: {"script":"<script> [1562 bytes]","args":[{"selector":{"id":"application-managecatalogs-display-component---detailCatalog--newItemNumberInput","searchOpenDialogs":true,"interaction":{"idSuffix":"inner"}},"wdio_ui5_key":"applicationmanagecatalogs-display-component---detailCatalog--newItemNumberInput"}]}
RESULT: undefined
COMMAND: POST /session/49ce6e540116f27b140a1659947dcef3/execute/async - {"script":"<script> [776 bytes]","args":[{"enterText":"catalogItem4f7lg","selector":{"id":"application-managecatalogs-display-component---detailCatalog--newItemNumberInput","searchOpenDialogs":true,"interaction":{"idSuffix":"inner"}},"clearTextFirst":true,"interactionType":"ENTER_TEXT"}]}
RESULT: {}
RESULT: {"script":"<script> [776 bytes]","args":[{"enterText":"catalogItem4f7lg","selector":{"id":"application-managecatalogs-display-component---detailCatalog--newItemNumberInput","searchOpenDialogs":true,"interaction":{"idSuffix":"inner"}},"clearTextFirst":true,"interactionType":"ENTER_TEXT"}]}
COMMAND: POST /session/49ce6e540116f27b140a1659947dcef3/execute/async - {"script":"<script> [1562 bytes]","args":[{"selector":{"controlType":"sap.m.Input","viewName":"etm.portal.ui.managecatalogs.view.Detail","viewId":"application-managecatalogs-display-component---detailCatalog","bindingPath":{"path":"","propertyPath":"/DESCRIPTION"},"searchOpenDialogs":true,"interaction":{"idSuffix":"inner"}},"wdio_ui5_key":"etmportal.ui.managecatalogs.view.Detailsap.m.Input{\"path\":\"\",\"propertyPath\":\"/DESCRIPTION\"}"}]}
RESULT: {"script":"<script> [1562 bytes]","args":[{"selector":{"controlType":"sap.m.Input","viewName":"etm.portal.ui.managecatalogs.view.Detail","viewId":"application-managecatalogs-display-component---detailCatalog","bindingPath":{"path":"","propertyPath":"/DESCRIPTION"},"searchOpenDialogs":true,"interaction":{"idSuffix":"inner"}},"wdio_ui5_key":"etmportal.ui.managecatalogs.view.Detailsap.m.Input{\"path\":\"\",\"propertyPath\":\"/DESCRIPTION\"}"}]}
RESULT: undefined
COMMAND: POST /session/49ce6e540116f27b140a1659947dcef3/execute/async - {"script":"<script> [776 bytes]","args":[{"enterText":"catalogItemNamej9sjp","selector":{"controlType":"sap.m.Input","viewName":"etm.portal.ui.managecatalogs.view.Detail","viewId":"application-managecatalogs-display-component---detailCatalog","bindingPath":{"path":"","propertyPath":"/DESCRIPTION"},"searchOpenDialogs":true,"interaction":{"idSuffix":"inner"}},"clearTextFirst":true,"interactionType":"ENTER_TEXT"}]}
RESULT: {"script":"<script> [776 bytes]","args":[{"enterText":"catalogItemNamej9sjp","selector":{"controlType":"sap.m.Input","viewName":"etm.portal.ui.managecatalogs.view.Detail","viewId":"application-managecatalogs-display-component---detailCatalog","bindingPath":{"path":"","propertyPath":"/DESCRIPTION"},"searchOpenDialogs":true,"interaction":{"idSuffix":"inner"}},"clearTextFirst":true,"interactionType":"ENTER_TEXT"}]}
COMMAND: POST /session/49ce6e540116f27b140a1659947dcef3/execute/async - {"script":"<script> [1562 bytes]","args":[{"selector":{"controlType":"sap.m.Button","viewName":"etm.portal.ui.managecatalogs.view.Detail","viewId":"application-managecatalogs-display-component---detailCatalog","i18NText":{"propertyName":"text","key":"create"},"searchOpenDialogs":true,"interaction":{"idSuffix":"BDI-content"}},"wdio_ui5_key":"etmportal.ui.managecatalogs.view.Detailsap.m.Button{\"propertyName\":\"text\",\"key\":\"create\"}"}]}
RESULT: {"script":"<script> [1562 bytes]","args":[{"selector":{"controlType":"sap.m.Button","viewName":"etm.portal.ui.managecatalogs.view.Detail","viewId":"application-managecatalogs-display-component---detailCatalog","i18NText":{"propertyName":"text","key":"create"},"searchOpenDialogs":true,"interaction":{"idSuffix":"BDI-content"}},"wdio_ui5_key":"etmportal.ui.managecatalogs.view.Detailsap.m.Button{\"propertyName\":\"text\",\"key\":\"create\"}"}]}
RESULT: undefined
COMMAND: POST /session/49ce6e540116f27b140a1659947dcef3/element - {"using":"xpath","value":"//*[@id=\"__button17\"]"}
RESULT: {"using":"xpath","value":"//*[@id=\"__button17\"]"}
COMMAND: POST /session/49ce6e540116f27b140a1659947dcef3/element/f.7D4ACEAF94CC5BFA60E7F487674B7E0A.d.702D9DF1E3F6CD27FC3482982209DE5B.e.2012/click - {}
RESULT: {}
COMMAND: GET /session/49ce6e540116f27b140a1659947dcef3/screenshot - {}
RESULT: {}
COMMAND: POST /session/49ce6e540116f27b140a1659947dcef3/element - {"using":"xpath","value":"//button[@title=\"Save\"]"}
RESULT: {"using":"xpath","value":"//button[@title=\"Save\"]"}
COMMAND: POST /session/49ce6e540116f27b140a1659947dcef3/element/f.7D4ACEAF94CC5BFA60E7F487674B7E0A.d.702D9DF1E3F6CD27FC3482982209DE5B.e.2014/click - {}
RESULT: {}
COMMAND: GET /session/49ce6e540116f27b140a1659947dcef3/screenshot - {}
RESULT: {}
COMMAND: POST /session/49ce6e540116f27b140a1659947dcef3/execute/async - {"script":"<script> [1562 bytes]","args":[{"selector":{"controlType":"sap.ui.core.Icon","viewName":"etm.portal.ui.managecatalogs.view.Detail","viewId":"application-managecatalogs-display-component---detailCatalog","properties":{"src":{"regex":{"source":"decline"}}}},"wdio_ui5_key":"etmportal.ui.managecatalogs.view.Detailsap.ui.core.Icon{\"src\":{\"regex\":{\"source\":\"decline\"}}}"}]}
RESULT: {"script":"<script> [1562 bytes]","args":[{"selector":{"controlType":"sap.ui.core.Icon","viewName":"etm.portal.ui.managecatalogs.view.Detail","viewId":"application-managecatalogs-display-component---detailCatalog","properties":{"src":{"regex":{"source":"decline"}}}},"wdio_ui5_key":"etmportal.ui.managecatalogs.view.Detailsap.ui.core.Icon{\"src\":{\"regex\":{\"source\":\"decline\"}}}"}]}
RESULT: undefined
COMMAND: POST /session/49ce6e540116f27b140a1659947dcef3/element - {"using":"xpath","value":"//*[@id=\"__button36-img\"]"}
RESULT: {"using":"xpath","value":"//*[@id=\"__button36-img\"]"}
COMMAND: POST /session/49ce6e540116f27b140a1659947dcef3/element/f.7D4ACEAF94CC5BFA60E7F487674B7E0A.d.702D9DF1E3F6CD27FC3482982209DE5B.e.2018/click - {}
RESULT: {}
COMMAND: GET /session/49ce6e540116f27b140a1659947dcef3/screenshot - {}
RESULT: {}
COMMAND: POST /session/49ce6e540116f27b140a1659947dcef3/execute/async - {"script":"<script> [1562 bytes]","args":[{"selector":{"controlType":"sap.ui.core.Icon","viewName":"etm.portal.ui.managecatalogs.view.MasterItems","viewId":"application-managecatalogs-display-component---masterCatalogItems","properties":{"src":{"regex":{"source":"refresh"}}}},"wdio_ui5_key":"etmportal.ui.managecatalogs.view.MasterItemssap.ui.core.Icon{\"src\":{\"regex\":{\"source\":\"refresh\"}}}"}]}
RESULT: {"script":"<script> [1562 bytes]","args":[{"selector":{"controlType":"sap.ui.core.Icon","viewName":"etm.portal.ui.managecatalogs.view.MasterItems","viewId":"application-managecatalogs-display-component---masterCatalogItems","properties":{"src":{"regex":{"source":"refresh"}}}},"wdio_ui5_key":"etmportal.ui.managecatalogs.view.MasterItemssap.ui.core.Icon{\"src\":{\"regex\":{\"source\":\"refresh\"}}}"}]}
RESULT: undefined
COMMAND: POST /session/49ce6e540116f27b140a1659947dcef3/element - {"using":"xpath","value":"//*[@id=\"__button9-img\"]"}
RESULT: {"using":"xpath","value":"//*[@id=\"__button9-img\"]"}
COMMAND: POST /session/49ce6e540116f27b140a1659947dcef3/element/f.7D4ACEAF94CC5BFA60E7F487674B7E0A.d.702D9DF1E3F6CD27FC3482982209DE5B.e.2051/click - {}
RESULT: {}
COMMAND: GET /session/49ce6e540116f27b140a1659947dcef3/screenshot - {}
RESULT: {}
COMMAND: POST /session/49ce6e540116f27b140a1659947dcef3/execute/async - {"script":"<script> [1562 bytes]","args":[{"selector":{"id":"application-managecatalogs-display-component---masterCatalogItems--searchItemsField","interaction":{"idSuffix":"I"}},"wdio_ui5_key":"applicationmanagecatalogs-display-component---masterCatalogItems--searchItemsField"}]}
RESULT: {"script":"<script> [1562 bytes]","args":[{"selector":{"id":"application-managecatalogs-display-component---masterCatalogItems--searchItemsField","interaction":{"idSuffix":"I"}},"wdio_ui5_key":"applicationmanagecatalogs-display-component---masterCatalogItems--searchItemsField"}]}
RESULT: undefined
COMMAND: POST /session/49ce6e540116f27b140a1659947dcef3/execute/async - {"script":"<script> [776 bytes]","args":[{"enterText":"catalogItemNamej9sjp","selector":{"id":"application-managecatalogs-display-component---masterCatalogItems--searchItemsField","interaction":{"idSuffix":"I"}},"clearTextFirst":true,"interactionType":"ENTER_TEXT"}]}
RESULT: {"script":"<script> [776 bytes]","args":[{"enterText":"catalogItemNamej9sjp","selector":{"id":"application-managecatalogs-display-component---masterCatalogItems--searchItemsField","interaction":{"idSuffix":"I"}},"clearTextFirst":true,"interactionType":"ENTER_TEXT"}]}
COMMAND: POST /session/49ce6e540116f27b140a1659947dcef3/actions - {"actions":[{"id":"action9","type":"key","parameters":{},"actions":[{"type":"keyDown","value":"î€‡"},{"type":"pause","duration":10},{"type":"keyUp","value":"î€‡"}]}]}
RESULT: {"actions":[{"id":"action9","type":"key","parameters":{},"actions":[{"type":"keyDown","value":"î€‡"},{"type":"pause","duration":10},{"type":"keyUp","value":"î€‡"}]}]}
COMMAND: POST /session/49ce6e540116f27b140a1659947dcef3/element - {"using":"xpath","value":"(//span[contains(text(), \"catalogItemNamej9sjp\")])[1]"}
COMMAND: GET /session/49ce6e540116f27b140a1659947dcef3/screenshot - {}
RESULT: {"using":"xpath","value":"(//span[contains(text(), \"catalogItemNamej9sjp\")])[1]"}
COMMAND: POST /session/49ce6e540116f27b140a1659947dcef3/element/f.7D4ACEAF94CC5BFA60E7F487674B7E0A.d.702D9DF1E3F6CD27FC3482982209DE5B.e.2058/click - {}
RESULT: {}
RESULT: {}
COMMAND: GET /session/49ce6e540116f27b140a1659947dcef3/screenshot - {}
COMMAND: POST /session/49ce6e540116f27b140a1659947dcef3/element - {"using":"xpath","value":"//span[contains(text(), \"catalogItem4f7lg\")]"}
RESULT: {}
RESULT: {"using":"xpath","value":"//span[contains(text(), \"catalogItem4f7lg\")]"}
COMMAND: GET /session/49ce6e540116f27b140a1659947dcef3/element/f.7D4ACEAF94CC5BFA60E7F487674B7E0A.d.702D9DF1E3F6CD27FC3482982209DE5B.e.2113/text - {}
RESULT: {}
RESULT: undefined
COMMAND: POST /session/49ce6e540116f27b140a1659947dcef3/element - {"using":"xpath","value":"//*[@id=\"__button33\"]"}
RESULT: {"using":"xpath","value":"//*[@id=\"__button33\"]"}
COMMAND: POST /session/49ce6e540116f27b140a1659947dcef3/element/f.7D4ACEAF94CC5BFA60E7F487674B7E0A.d.702D9DF1E3F6CD27FC3482982209DE5B.e.2115/click - {}
COMMAND: POST /session/49ce6e540116f27b140a1659947dcef3/element - {"using":"xpath","value":"//*[@id=\"__button33\"]"}
RESULT: {"using":"xpath","value":"//*[@id=\"__button33\"]"}
COMMAND: POST /session/49ce6e540116f27b140a1659947dcef3/element/f.7D4ACEAF94CC5BFA60E7F487674B7E0A.d.702D9DF1E3F6CD27FC3482982209DE5B.e.2115/click - {}
COMMAND: POST /session/49ce6e540116f27b140a1659947dcef3/element - {"using":"xpath","value":"//*[@id=\"__button33\"]"}
RESULT: {"using":"xpath","value":"//*[@id=\"__button33\"]"}
COMMAND: POST /session/49ce6e540116f27b140a1659947dcef3/element/f.7D4ACEAF94CC5BFA60E7F487674B7E0A.d.702D9DF1E3F6CD27FC3482982209DE5B.e.2124/click - {}
RESULT: {}
COMMAND: GET /session/49ce6e540116f27b140a1659947dcef3/screenshot - {}
RESULT: {}
COMMAND: POST /session/49ce6e540116f27b140a1659947dcef3/execute/async - {"script":"<script> [1562 bytes]","args":[{"selector":{"id":"application-managecatalogs-display-component---detailCatalog--BASE_UNIT_OF_MEASURE-arrow"},"wdio_ui5_key":"applicationmanagecatalogs-display-component---detailCatalog--BASE_UNIT_OF_MEASURE-arrow"}]}
RESULT: {"script":"<script> [1562 bytes]","args":[{"selector":{"id":"application-managecatalogs-display-component---detailCatalog--BASE_UNIT_OF_MEASURE-arrow"},"wdio_ui5_key":"applicationmanagecatalogs-display-component---detailCatalog--BASE_UNIT_OF_MEASURE-arrow"}]}
RESULT: undefined
COMMAND: POST /session/49ce6e540116f27b140a1659947dcef3/element - {"using":"xpath","value":"//*[@id=\"application-managecatalogs-display-component---detailCatalog--BASE_UNIT_OF_MEASURE-arrow\"]"}
RESULT: {"using":"xpath","value":"//*[@id=\"application-managecatalogs-display-component---detailCatalog--BASE_UNIT_OF_MEASURE-arrow\"]"}
COMMAND: POST /session/49ce6e540116f27b140a1659947dcef3/element/f.7D4ACEAF94CC5BFA60E7F487674B7E0A.d.702D9DF1E3F6CD27FC3482982209DE5B.e.2150/click - {}
RESULT: {}
COMMAND: GET /session/49ce6e540116f27b140a1659947dcef3/screenshot - {}
RESULT: {}
COMMAND: POST /session/49ce6e540116f27b140a1659947dcef3/execute/async - {"script":"<script> [1562 bytes]","args":[{"selector":{"controlType":"sap.m.StandardListItem","viewName":"etm.portal.ui.managecatalogs.view.Detail","viewId":"application-managecatalogs-display-component---detailCatalog","properties":{"title":"Piece"},"searchOpenDialogs":true,"interaction":{"idSuffix":"titleText"}},"wdio_ui5_key":"etmportal.ui.managecatalogs.view.Detailsap.m.StandardListItem{\"title\":\"Piece\"}"}]}
RESULT: {"script":"<script> [1562 bytes]","args":[{"selector":{"controlType":"sap.m.StandardListItem","viewName":"etm.portal.ui.managecatalogs.view.Detail","viewId":"application-managecatalogs-display-component---detailCatalog","properties":{"title":"Piece"},"searchOpenDialogs":true,"interaction":{"idSuffix":"titleText"}},"wdio_ui5_key":"etmportal.ui.managecatalogs.view.Detailsap.m.StandardListItem{\"title\":\"Piece\"}"}]}
RESULT: undefined
COMMAND: POST /session/49ce6e540116f27b140a1659947dcef3/element - {"using":"xpath","value":"//*[@id=\"__item237\"]"}
RESULT: {"using":"xpath","value":"//*[@id=\"__item237\"]"}
COMMAND: POST /session/49ce6e540116f27b140a1659947dcef3/element/f.7D4ACEAF94CC5BFA60E7F487674B7E0A.d.702D9DF1E3F6CD27FC3482982209DE5B.e.2154/click - {}
RESULT: {}
COMMAND: POST /session/49ce6e540116f27b140a1659947dcef3/execute/async - {"script":"<script> [1562 bytes]","args":[{"selector":{"id":"application-managecatalogs-display-component---detailCatalog--ObjectPageLayout-anchBar-application-managecatalogs-display-component---detailCatalog--sectionValues-anchor","interaction":{"idSuffix":"BDI-content"}},"wdio_ui5_key":"applicationmanagecatalogs-display-component---detailCatalog--ObjectPageLayout-anchBar-application-managecatalogs-display-component---detailCatalog--sectionValues-anchor"}]}
COMMAND: GET /session/49ce6e540116f27b140a1659947dcef3/screenshot - {}
RESULT: {"script":"<script> [1562 bytes]","args":[{"selector":{"id":"application-managecatalogs-display-component---detailCatalog--ObjectPageLayout-anchBar-application-managecatalogs-display-component---detailCatalog--sectionValues-anchor","interaction":{"idSuffix":"BDI-content"}},"wdio_ui5_key":"applicationmanagecatalogs-display-component---detailCatalog--ObjectPageLayout-anchBar-application-managecatalogs-display-component---detailCatalog--sectionValues-anchor"}]}
RESULT: undefined
COMMAND: POST /session/49ce6e540116f27b140a1659947dcef3/element - {"using":"xpath","value":"//*[@id=\"application-managecatalogs-display-component---detailCatalog--ObjectPageLayout-anchBar-application-managecatalogs-display-component---detailCatalog--sectionValues-anchor\"]"}
RESULT: {}
RESULT: {"using":"xpath","value":"//*[@id=\"application-managecatalogs-display-component---detailCatalog--ObjectPageLayout-anchBar-application-managecatalogs-display-component---detailCatalog--sectionValues-anchor\"]"}
COMMAND: POST /session/49ce6e540116f27b140a1659947dcef3/element/f.7D4ACEAF94CC5BFA60E7F487674B7E0A.d.702D9DF1E3F6CD27FC3482982209DE5B.e.2156/click - {}
RESULT: {}
COMMAND: GET /session/49ce6e540116f27b140a1659947dcef3/screenshot - {}
RESULT: {}
COMMAND: POST /session/49ce6e540116f27b140a1659947dcef3/execute/async - {"script":"<script> [1562 bytes]","args":[{"selector":{"controlType":"sap.ui.core.Icon","viewName":"etm.portal.ui.managecatalogs.view.Detail","viewId":"application-managecatalogs-display-component---detailCatalog","properties":{"src":{"regex":{"source":"add"}}},"ancestor":{"id":"application-managecatalogs-display-component---detailCatalog--ValuesTable"}},"wdio_ui5_key":"etmportal.ui.managecatalogs.view.Detailsap.ui.core.Icon{\"src\":{\"regex\":{\"source\":\"add\"}}}{\"id\":\"application-managecatalogs-display-component---detailCatalog--ValuesTable\"}"}]}
RESULT: {"script":"<script> [1562 bytes]","args":[{"selector":{"controlType":"sap.ui.core.Icon","viewName":"etm.portal.ui.managecatalogs.view.Detail","viewId":"application-managecatalogs-display-component---detailCatalog","properties":{"src":{"regex":{"source":"add"}}},"ancestor":{"id":"application-managecatalogs-display-component---detailCatalog--ValuesTable"}},"wdio_ui5_key":"etmportal.ui.managecatalogs.view.Detailsap.ui.core.Icon{\"src\":{\"regex\":{\"source\":\"add\"}}}{\"id\":\"application-managecatalogs-display-component---detailCatalog--ValuesTable\"}"}]}
RESULT: undefined
COMMAND: POST /session/49ce6e540116f27b140a1659947dcef3/element - {"using":"xpath","value":"//*[@id=\"__button45-img\"]"}
RESULT: {"using":"xpath","value":"//*[@id=\"__button45-img\"]"}
COMMAND: POST /session/49ce6e540116f27b140a1659947dcef3/element/f.7D4ACEAF94CC5BFA60E7F487674B7E0A.d.702D9DF1E3F6CD27FC3482982209DE5B.e.2161/click - {}
RESULT: {}
RESULT: undefined
COMMAND: POST /session/49ce6e540116f27b140a1659947dcef3/element - {"using":"xpath","value":"//*[@id=\"__button45-img\"]"}
COMMAND: GET /session/49ce6e540116f27b140a1659947dcef3/screenshot - {}
RESULT: {}
RESULT: {"using":"xpath","value":"//*[@id=\"__button45-img\"]"}
COMMAND: POST /session/49ce6e540116f27b140a1659947dcef3/element/f.7D4ACEAF94CC5BFA60E7F487674B7E0A.d.702D9DF1E3F6CD27FC3482982209DE5B.e.2161/click - {}
RESULT: {}
COMMAND: POST /session/49ce6e540116f27b140a1659947dcef3/element - {"using":"xpath","value":"(//input[contains(@id ,\"application-managecatalogs-display-component---detailCatalog--ValuesTable-0-inner\")])[1]"}
COMMAND: GET /session/49ce6e540116f27b140a1659947dcef3/screenshot - {}
RESULT: {"using":"xpath","value":"(//input[contains(@id ,\"application-managecatalogs-display-component---detailCatalog--ValuesTable-0-inner\")])[1]"}
COMMAND: POST /session/49ce6e540116f27b140a1659947dcef3/element/f.7D4ACEAF94CC5BFA60E7F487674B7E0A.d.702D9DF1E3F6CD27FC3482982209DE5B.e.2166/clear - {}
RESULT: {}
RESULT: {}
COMMAND: POST /session/49ce6e540116f27b140a1659947dcef3/element/f.7D4ACEAF94CC5BFA60E7F487674B7E0A.d.702D9DF1E3F6CD27FC3482982209DE5B.e.2166/value - {"text":"D&I catalog price"}
COMMAND: GET /session/49ce6e540116f27b140a1659947dcef3/screenshot - {}
RESULT: {"text":"D&I catalog price"}
COMMAND: GET /session/49ce6e540116f27b140a1659947dcef3/screenshot - {}
RESULT: {}
RESULT: {}
COMMAND: POST /session/49ce6e540116f27b140a1659947dcef3/actions - {"actions":[{"id":"action10","type":"key","parameters":{},"actions":[{"type":"keyDown","value":"î€‡"},{"type":"pause","duration":10},{"type":"keyUp","value":"î€‡"}]}]}
RESULT: {"actions":[{"id":"action10","type":"key","parameters":{},"actions":[{"type":"keyDown","value":"î€‡"},{"type":"pause","duration":10},{"type":"keyUp","value":"î€‡"}]}]}
COMMAND: POST /session/49ce6e540116f27b140a1659947dcef3/element - {"using":"xpath","value":"(//input[contains(@id ,\"application-managecatalogs-display-component---detailCatalog--ValuesTable-1-inner\")])[1]"}
COMMAND: GET /session/49ce6e540116f27b140a1659947dcef3/screenshot - {}
RESULT: {"using":"xpath","value":"(//input[contains(@id ,\"application-managecatalogs-display-component---detailCatalog--ValuesTable-1-inner\")])[1]"}
COMMAND: POST /session/49ce6e540116f27b140a1659947dcef3/element/f.7D4ACEAF94CC5BFA60E7F487674B7E0A.d.702D9DF1E3F6CD27FC3482982209DE5B.e.2189/clear - {}
RESULT: {}
RESULT: {}
COMMAND: POST /session/49ce6e540116f27b140a1659947dcef3/element/f.7D4ACEAF94CC5BFA60E7F487674B7E0A.d.702D9DF1E3F6CD27FC3482982209DE5B.e.2189/value - {"text":"D&I catalog price"}
COMMAND: GET /session/49ce6e540116f27b140a1659947dcef3/screenshot - {}
RESULT: {"text":"D&I catalog price"}
COMMAND: GET /session/49ce6e540116f27b140a1659947dcef3/screenshot - {}
RESULT: {}
RESULT: {}
COMMAND: POST /session/49ce6e540116f27b140a1659947dcef3/actions - {"actions":[{"id":"action11","type":"key","parameters":{},"actions":[{"type":"keyDown","value":"î€‡"},{"type":"pause","duration":10},{"type":"keyUp","value":"î€‡"}]}]}
RESULT: {"actions":[{"id":"action11","type":"key","parameters":{},"actions":[{"type":"keyDown","value":"î€‡"},{"type":"pause","duration":10},{"type":"keyUp","value":"î€‡"}]}]}
COMMAND: POST /session/49ce6e540116f27b140a1659947dcef3/execute/async - {"script":"<script> [1562 bytes]","args":[{"selector":{"controlType":"sap.m.Button","viewName":"etm.portal.ui.managecatalogs.view.Detail","viewId":"application-managecatalogs-display-component---detailCatalog","i18NText":{"propertyName":"text","key":"save"},"interaction":{"idSuffix":"BDI-content"}},"wdio_ui5_key":"etmportal.ui.managecatalogs.view.Detailsap.m.Button{\"propertyName\":\"text\",\"key\":\"save\"}"}]}
COMMAND: GET /session/49ce6e540116f27b140a1659947dcef3/screenshot - {}
RESULT: {"script":"<script> [1562 bytes]","args":[{"selector":{"controlType":"sap.m.Button","viewName":"etm.portal.ui.managecatalogs.view.Detail","viewId":"application-managecatalogs-display-component---detailCatalog","i18NText":{"propertyName":"text","key":"save"},"interaction":{"idSuffix":"BDI-content"}},"wdio_ui5_key":"etmportal.ui.managecatalogs.view.Detailsap.m.Button{\"propertyName\":\"text\",\"key\":\"save\"}"}]}
RESULT: undefined
COMMAND: POST /session/49ce6e540116f27b140a1659947dcef3/element - {"using":"xpath","value":"//*[@id=\"__button51\"]"}
RESULT: {}
RESULT: {"using":"xpath","value":"//*[@id=\"__button51\"]"}
COMMAND: POST /session/49ce6e540116f27b140a1659947dcef3/element/f.7D4ACEAF94CC5BFA60E7F487674B7E0A.d.702D9DF1E3F6CD27FC3482982209DE5B.e.2126/click - {}
RESULT: {}
COMMAND: GET /session/49ce6e540116f27b140a1659947dcef3/screenshot - {}
RESULT: {}
COMMAND: POST /session/49ce6e540116f27b140a1659947dcef3/execute/async - {"script":"<script> [1562 bytes]","args":[{"selector":{"controlType":"sap.m.Text","properties":{"text":"Existing values with the same start date!"},"searchOpenDialogs":true},"wdio_ui5_key":"sapm.Text{\"text\":\"Existing values with the same start date!\"}"}]}
RESULT: {"script":"<script> [1562 bytes]","args":[{"selector":{"controlType":"sap.m.Text","properties":{"text":"Existing values with the same start date!"},"searchOpenDialogs":true},"wdio_ui5_key":"sapm.Text{\"text\":\"Existing values with the same start date!\"}"}]}
RESULT: undefined
COMMAND: POST /session/49ce6e540116f27b140a1659947dcef3/execute/async - {"script":"<script> [6424 bytes]","args":[{"element-6066-11e4-a52e-4f735466cecf":"f.7D4ACEAF94CC5BFA60E7F487674B7E0A.d.702D9DF1E3F6CD27FC3482982209DE5B.e.2205"},"getText",[]]}
RESULT: {"script":"<script> [6424 bytes]","args":[{"element-6066-11e4-a52e-4f735466cecf":"f.7D4ACEAF94CC5BFA60E7F487674B7E0A.d.702D9DF1E3F6CD27FC3482982209DE5B.e.2205"},"getText",[]]}
COMMAND: POST /session/49ce6e540116f27b140a1659947dcef3/execute/async - {"script":"<script> [1562 bytes]","args":[{"selector":{"controlType":"sap.m.Button","properties":{"text":"OK"},"searchOpenDialogs":true,"interaction":{"idSuffix":"BDI-content"}},"wdio_ui5_key":"sapm.Button{\"text\":\"OK\"}"}]}
RESULT: {"script":"<script> [1562 bytes]","args":[{"selector":{"controlType":"sap.m.Button","properties":{"text":"OK"},"searchOpenDialogs":true,"interaction":{"idSuffix":"BDI-content"}},"wdio_ui5_key":"sapm.Button{\"text\":\"OK\"}"}]}
RESULT: undefined
COMMAND: POST /session/49ce6e540116f27b140a1659947dcef3/element - {"using":"xpath","value":"//*[@id=\"__mbox-btn-0\"]"}
RESULT: {"using":"xpath","value":"//*[@id=\"__mbox-btn-0\"]"}
COMMAND: POST /session/49ce6e540116f27b140a1659947dcef3/element/f.7D4ACEAF94CC5BFA60E7F487674B7E0A.d.702D9DF1E3F6CD27FC3482982209DE5B.e.2201/click - {}
RESULT: {}
COMMAND: POST /session/49ce6e540116f27b140a1659947dcef3/execute/async - {"script":"<script> [1562 bytes]","args":[{"selector":{"controlType":"sap.m.DatePicker","viewName":"etm.portal.ui.managecatalogs.view.Detail","viewId":"application-managecatalogs-display-component---detailCatalog","bindingPath":{"propertyPath":"VALID_TO","modelName":"catalogModel"},"interaction":{"idSuffix":"inner"}},"wdio_ui5_key":"etmportal.ui.managecatalogs.view.Detailsap.m.DatePicker{\"propertyPath\":\"VALID_TO\",\"modelName\":\"catalogModel\"}"}]}
COMMAND: GET /session/49ce6e540116f27b140a1659947dcef3/screenshot - {}
RESULT: {"script":"<script> [1562 bytes]","args":[{"selector":{"controlType":"sap.m.DatePicker","viewName":"etm.portal.ui.managecatalogs.view.Detail","viewId":"application-managecatalogs-display-component---detailCatalog","bindingPath":{"propertyPath":"VALID_TO","modelName":"catalogModel"},"interaction":{"idSuffix":"inner"}},"wdio_ui5_key":"etmportal.ui.managecatalogs.view.Detailsap.m.DatePicker{\"propertyPath\":\"VALID_TO\",\"modelName\":\"catalogModel\"}"}]}
RESULT: undefined
COMMAND: POST /session/49ce6e540116f27b140a1659947dcef3/execute/async - {"script":"<script> [776 bytes]","args":[{"enterText":"05/18/25","selector":{"controlType":"sap.m.DatePicker","viewName":"etm.portal.ui.managecatalogs.view.Detail","viewId":"application-managecatalogs-display-component---detailCatalog","bindingPath":{"propertyPath":"VALID_TO","modelName":"catalogModel"},"interaction":{"idSuffix":"inner"}},"clearTextFirst":true,"interactionType":"ENTER_TEXT"}]}
RESULT: {}
RESULT: {"script":"<script> [776 bytes]","args":[{"enterText":"05/18/25","selector":{"controlType":"sap.m.DatePicker","viewName":"etm.portal.ui.managecatalogs.view.Detail","viewId":"application-managecatalogs-display-component---detailCatalog","bindingPath":{"propertyPath":"VALID_TO","modelName":"catalogModel"},"interaction":{"idSuffix":"inner"}},"clearTextFirst":true,"interactionType":"ENTER_TEXT"}]}
COMMAND: POST /session/49ce6e540116f27b140a1659947dcef3/element - {"using":"xpath","value":"(//input[contains(@id ,\"-application-managecatalogs-display-component---detailCatalog--ValuesTable-0-inner\")])[7]"}
RESULT: {"using":"xpath","value":"(//input[contains(@id ,\"-application-managecatalogs-display-component---detailCatalog--ValuesTable-0-inner\")])[7]"}
COMMAND: POST /session/49ce6e540116f27b140a1659947dcef3/element/f.7D4ACEAF94CC5BFA60E7F487674B7E0A.d.702D9DF1E3F6CD27FC3482982209DE5B.e.2172/clear - {}
RESULT: {}
COMMAND: POST /session/49ce6e540116f27b140a1659947dcef3/element/f.7D4ACEAF94CC5BFA60E7F487674B7E0A.d.702D9DF1E3F6CD27FC3482982209DE5B.e.2172/value - {"text":"05/18/25"}
COMMAND: GET /session/49ce6e540116f27b140a1659947dcef3/screenshot - {}
RESULT: {"text":"05/18/25"}
COMMAND: POST /session/49ce6e540116f27b140a1659947dcef3/element - {"using":"xpath","value":"(//input[contains(@id ,\"application-managecatalogs-display-component---detailCatalog--ValuesTable-1-inner\")])[6]"}
COMMAND: GET /session/49ce6e540116f27b140a1659947dcef3/screenshot - {}
RESULT: {}
RESULT: {"using":"xpath","value":"(//input[contains(@id ,\"application-managecatalogs-display-component---detailCatalog--ValuesTable-1-inner\")])[6]"}
COMMAND: POST /session/49ce6e540116f27b140a1659947dcef3/element/f.7D4ACEAF94CC5BFA60E7F487674B7E0A.d.702D9DF1E3F6CD27FC3482982209DE5B.e.2194/clear - {}
RESULT: {}
RESULT: {}
COMMAND: POST /session/49ce6e540116f27b140a1659947dcef3/element/f.7D4ACEAF94CC5BFA60E7F487674B7E0A.d.702D9DF1E3F6CD27FC3482982209DE5B.e.2194/value - {"text":"05/19/25"}
COMMAND: GET /session/49ce6e540116f27b140a1659947dcef3/screenshot - {}
RESULT: {"text":"05/19/25"}
COMMAND: POST /session/49ce6e540116f27b140a1659947dcef3/element - {"using":"xpath","value":"//bdi[contains(text(), \"Save\")]"}
COMMAND: GET /session/49ce6e540116f27b140a1659947dcef3/screenshot - {}
RESULT: {}
RESULT: {"using":"xpath","value":"//bdi[contains(text(), \"Save\")]"}
COMMAND: POST /session/49ce6e540116f27b140a1659947dcef3/element/f.7D4ACEAF94CC5BFA60E7F487674B7E0A.d.702D9DF1E3F6CD27FC3482982209DE5B.e.2200/click - {}
RESULT: {}
RESULT: {}
COMMAND: POST /session/49ce6e540116f27b140a1659947dcef3/execute/async - {"script":"<script> [1562 bytes]","args":[{"selector":{"controlType":"sap.m.Title","properties":{"text":"Warning"},"searchOpenDialogs":true},"wdio_ui5_key":"sapm.Title{\"text\":\"Warning\"}"}]}
COMMAND: GET /session/49ce6e540116f27b140a1659947dcef3/screenshot - {}
RESULT: {"script":"<script> [1562 bytes]","args":[{"selector":{"controlType":"sap.m.Title","properties":{"text":"Warning"},"searchOpenDialogs":true},"wdio_ui5_key":"sapm.Title{\"text\":\"Warning\"}"}]}
RESULT: undefined
COMMAND: POST /session/49ce6e540116f27b140a1659947dcef3/execute/async - {"script":"<script> [6424 bytes]","args":[{"element-6066-11e4-a52e-4f735466cecf":"f.7D4ACEAF94CC5BFA60E7F487674B7E0A.d.702D9DF1E3F6CD27FC3482982209DE5B.e.2211"},"getText",[]]}
RESULT: {}
RESULT: {"script":"<script> [6424 bytes]","args":[{"element-6066-11e4-a52e-4f735466cecf":"f.7D4ACEAF94CC5BFA60E7F487674B7E0A.d.702D9DF1E3F6CD27FC3482982209DE5B.e.2211"},"getText",[]]}
COMMAND: POST /session/49ce6e540116f27b140a1659947dcef3/execute/async - {"script":"<script> [1562 bytes]","args":[{"selector":{"controlType":"sap.m.Button","properties":{"text":"Yes"},"searchOpenDialogs":true,"interaction":{"idSuffix":"BDI-content"}},"wdio_ui5_key":"sapm.Button{\"text\":\"Yes\"}"}]}
RESULT: {"script":"<script> [1562 bytes]","args":[{"selector":{"controlType":"sap.m.Button","properties":{"text":"Yes"},"searchOpenDialogs":true,"interaction":{"idSuffix":"BDI-content"}},"wdio_ui5_key":"sapm.Button{\"text\":\"Yes\"}"}]}
RESULT: undefined
COMMAND: POST /session/49ce6e540116f27b140a1659947dcef3/element - {"using":"xpath","value":"//*[@id=\"__mbox-btn-1\"]"}
RESULT: {"using":"xpath","value":"//*[@id=\"__mbox-btn-1\"]"}
COMMAND: POST /session/49ce6e540116f27b140a1659947dcef3/element/f.7D4ACEAF94CC5BFA60E7F487674B7E0A.d.702D9DF1E3F6CD27FC3482982209DE5B.e.2209/click - {}
RESULT: {}
COMMAND: GET /session/49ce6e540116f27b140a1659947dcef3/screenshot - {}
RESULT: {}
COMMAND: POST /session/49ce6e540116f27b140a1659947dcef3/refresh - {}
RESULT: {}
COMMAND: GET /session/49ce6e540116f27b140a1659947dcef3/screenshot - {}
RESULT: {}
COMMAND: POST /session/49ce6e540116f27b140a1659947dcef3/execute/async - {"script":"<script> [189 bytes]","args":[]}
RESULT: {"script":"<script> [189 bytes]","args":[]}
COMMAND: POST /session/49ce6e540116f27b140a1659947dcef3/execute/async - {"script":"<script> [123 bytes]","args":[]}
RESULT: {"script":"<script> [123 bytes]","args":[]}
COMMAND: POST /session/49ce6e540116f27b140a1659947dcef3/timeouts - {"script":"<number>"}
RESULT: {"script":"<number>"}
COMMAND: GET /session/49ce6e540116f27b140a1659947dcef3/timeouts - {}
RESULT: {}
RESULT: undefined
COMMAND: POST /session/49ce6e540116f27b140a1659947dcef3/execute/async - {"script":"<script> [2676 bytes]","args":[]}
RESULT: {"script":"<script> [2676 bytes]","args":[]}
COMMAND: POST /session/49ce6e540116f27b140a1659947dcef3/execute/async - {"script":"<script> [2342 bytes]","args":[{"protocol":"http","hostname":"0.0.0.0","path":"/","capabilities":{"browserName":"chrome","goog:chromeOptions":{"binary":"C:\\Program Files\\Google\\Chrome\\Application\\chrome.exe","args":["--start-maximized"]}},"logLevel":"warn","connectionRetryTimeout":120000,"connectionRetryCount":3,"logLevels":{},"enableDirectConnect":true,"strictSSL":true,"_":"65 more keys: [\"cacheDir\",\"port\",\"requestedCapabilities\",\"automationProtocol\",\"baseUrl\",\"waitforInterval\",\"waitforTimeout\",\"onReload\",\"beforeCommand\",\"afterCommand\",\"rootDir\",\"specs\",\"suites\",\"exclude\",\"groupLogsByTestSpec\",\"excludeDriverLogs\",\"bail\",\"framework\",\"reporters\",\"services\",\"maxInstances\",\"maxInstancesPerCapability\",\"injectGlobals\",\"filesToWatch\",\"execArgv\",\"runnerEnv\",\"runner\",\"shard\",\"specFileRetries\",\"specFileRetriesDelay\",\"specFileRetriesDeferred\",\"reporterSyncInterval\",\"reporterSyncTimeout\",\"cucumberFeaturesWithLineNumbers\",\"autoCompileOpts\",\"mochaOpts\",\"jasmineOpts\",\"cucumberOpts\",\"onPrepare\",\"onWorkerStart\",\"onWorkerEnd\",\"before\",\"beforeSession\",\"beforeSuite\",\"beforeHook\",\"beforeTest\",\"afterTest\",\"afterHook\",\"afterSuite\",\"afterSession\",\"after\",\"onComplete\",\"beforeAssertion\",\"afterAssertion\",\"beforeFeature\",\"beforeScenario\",\"beforeStep\",\"afterStep\",\"afterScenario\",\"afterFeature\",\"_\",\"suite\",\"$0\",\"ignoredWorkerServices\",\"wdi5\"]"}]}
RESULT: {"script":"<script> [2342 bytes]","args":[{"protocol":"http","hostname":"0.0.0.0","path":"/","capabilities":{"browserName":"chrome","goog:chromeOptions":{"binary":"C:\\Program Files\\Google\\Chrome\\Application\\chrome.exe","args":["--start-maximized"]}},"logLevel":"warn","connectionRetryTimeout":120000,"connectionRetryCount":3,"logLevels":{},"enableDirectConnect":true,"strictSSL":true,"_":"65 more keys: [\"cacheDir\",\"port\",\"requestedCapabilities\",\"automationProtocol\",\"baseUrl\",\"waitforInterval\",\"waitforTimeout\",\"onReload\",\"beforeCommand\",\"afterCommand\",\"rootDir\",\"specs\",\"suites\",\"exclude\",\"groupLogsByTestSpec\",\"excludeDriverLogs\",\"bail\",\"framework\",\"reporters\",\"services\",\"maxInstances\",\"maxInstancesPerCapability\",\"injectGlobals\",\"filesToWatch\",\"execArgv\",\"runnerEnv\",\"runner\",\"shard\",\"specFileRetries\",\"specFileRetriesDelay\",\"specFileRetriesDeferred\",\"reporterSyncInterval\",\"reporterSyncTimeout\",\"cucumberFeaturesWithLineNumbers\",\"autoCompileOpts\",\"mochaOpts\",\"jasmineOpts\",\"cucumberOpts\",\"onPrepare\",\"onWorkerStart\",\"onWorkerEnd\",\"before\",\"beforeSession\",\"beforeSuite\",\"beforeHook\",\"beforeTest\",\"afterTest\",\"afterHook\",\"afterSuite\",\"afterSession\",\"after\",\"onComplete\",\"beforeAssertion\",\"afterAssertion\",\"beforeFeature\",\"beforeScenario\",\"beforeStep\",\"afterStep\",\"afterScenario\",\"afterFeature\",\"_\",\"suite\",\"$0\",\"ignoredWorkerServices\",\"wdi5\"]"}]}
COMMAND: POST /session/49ce6e540116f27b140a1659947dcef3/execute/async - {"script":"<script> [21126 bytes]","args":[35000]}
RESULT: {"script":"<script> [21126 bytes]","args":[35000]}
COMMAND: POST /session/49ce6e540116f27b140a1659947dcef3/execute/async - {"script":"<script> [1562 bytes]","args":[{"selector":{"id":"application-managecatalogs-display-component---detailCatalog--ValuesSmartTable-header"},"wdio_ui5_key":"applicationmanagecatalogs-display-component---detailCatalog--ValuesSmartTable-header"}]}
RESULT: {"script":"<script> [1562 bytes]","args":[{"selector":{"id":"application-managecatalogs-display-component---detailCatalog--ValuesSmartTable-header"},"wdio_ui5_key":"applicationmanagecatalogs-display-component---detailCatalog--ValuesSmartTable-header"}]}
RESULT: undefined
COMMAND: POST /session/49ce6e540116f27b140a1659947dcef3/execute/async - {"script":"<script> [6424 bytes]","args":[{"element-6066-11e4-a52e-4f735466cecf":"f.7D4ACEAF94CC5BFA60E7F487674B7E0A.d.6E89BE28B985EAECBFF5461A81964F01.e.2283"},"getText",[]]}
RESULT: {"script":"<script> [6424 bytes]","args":[{"element-6066-11e4-a52e-4f735466cecf":"f.7D4ACEAF94CC5BFA60E7F487674B7E0A.d.6E89BE28B985EAECBFF5461A81964F01.e.2283"},"getText",[]]}
COMMAND: POST /session/49ce6e540116f27b140a1659947dcef3/execute/async - {"script":"<script> [1562 bytes]","args":[{"selector":{"controlType":"sap.m.Button","viewName":"etm.portal.ui.managecatalogs.view.Detail","viewId":"application-managecatalogs-display-component---detailCatalog","i18NText":{"propertyName":"text","key":"edit"},"interaction":{"idSuffix":"BDI-content"}},"wdio_ui5_key":"etmportal.ui.managecatalogs.view.Detailsap.m.Button{\"propertyName\":\"text\",\"key\":\"edit\"}"}]}
RESULT: {"script":"<script> [1562 bytes]","args":[{"selector":{"controlType":"sap.m.Button","viewName":"etm.portal.ui.managecatalogs.view.Detail","viewId":"application-managecatalogs-display-component---detailCatalog","i18NText":{"propertyName":"text","key":"edit"},"interaction":{"idSuffix":"BDI-content"}},"wdio_ui5_key":"etmportal.ui.managecatalogs.view.Detailsap.m.Button{\"propertyName\":\"text\",\"key\":\"edit\"}"}]}
RESULT: undefined
COMMAND: POST /session/49ce6e540116f27b140a1659947dcef3/element - {"using":"xpath","value":"//*[@id=\"__button25\"]"}
RESULT: {"using":"xpath","value":"//*[@id=\"__button25\"]"}
COMMAND: POST /session/49ce6e540116f27b140a1659947dcef3/element/f.7D4ACEAF94CC5BFA60E7F487674B7E0A.d.6E89BE28B985EAECBFF5461A81964F01.e.2285/click - {}
RESULT: {}
COMMAND: POST /session/49ce6e540116f27b140a1659947dcef3/execute/async - {"script":"<script> [1562 bytes]","args":[{"selector":{"id":"application-managecatalogs-display-component---detailCatalog--ObjectPageLayout-anchBar-application-managecatalogs-display-component---detailCatalog--sectionValues-anchor","interaction":{"idSuffix":"BDI-content"}},"wdio_ui5_key":"applicationmanagecatalogs-display-component---detailCatalog--ObjectPageLayout-anchBar-application-managecatalogs-display-component---detailCatalog--sectionValues-anchor"}]}
COMMAND: GET /session/49ce6e540116f27b140a1659947dcef3/screenshot - {}
RESULT: {"script":"<script> [1562 bytes]","args":[{"selector":{"id":"application-managecatalogs-display-component---detailCatalog--ObjectPageLayout-anchBar-application-managecatalogs-display-component---detailCatalog--sectionValues-anchor","interaction":{"idSuffix":"BDI-content"}},"wdio_ui5_key":"applicationmanagecatalogs-display-component---detailCatalog--ObjectPageLayout-anchBar-application-managecatalogs-display-component---detailCatalog--sectionValues-anchor"}]}
RESULT: undefined
COMMAND: POST /session/49ce6e540116f27b140a1659947dcef3/element - {"using":"xpath","value":"//*[@id=\"application-managecatalogs-display-component---detailCatalog--ObjectPageLayout-anchBar-application-managecatalogs-display-component---detailCatalog--sectionValues-anchor\"]"}
RESULT: {}
RESULT: {"using":"xpath","value":"//*[@id=\"application-managecatalogs-display-component---detailCatalog--ObjectPageLayout-anchBar-application-managecatalogs-display-component---detailCatalog--sectionValues-anchor\"]"}
COMMAND: POST /session/49ce6e540116f27b140a1659947dcef3/element/f.7D4ACEAF94CC5BFA60E7F487674B7E0A.d.6E89BE28B985EAECBFF5461A81964F01.e.2324/click - {}
RESULT: {}
COMMAND: GET /session/49ce6e540116f27b140a1659947dcef3/screenshot - {}
RESULT: {}
COMMAND: POST /session/49ce6e540116f27b140a1659947dcef3/execute/async - {"script":"<script> [1562 bytes]","args":[{"selector":{"id":"application-managecatalogs-display-component---detailCatalog--ValuesTable-sa","interaction":{"idSuffix":"CbBg"}},"wdio_ui5_key":"applicationmanagecatalogs-display-component---detailCatalog--ValuesTable-sa"}]}
RESULT: {"script":"<script> [1562 bytes]","args":[{"selector":{"id":"application-managecatalogs-display-component---detailCatalog--ValuesTable-sa","interaction":{"idSuffix":"CbBg"}},"wdio_ui5_key":"applicationmanagecatalogs-display-component---detailCatalog--ValuesTable-sa"}]}
RESULT: undefined
COMMAND: POST /session/49ce6e540116f27b140a1659947dcef3/element - {"using":"xpath","value":"//*[@id=\"application-managecatalogs-display-component---detailCatalog--ValuesTable-sa\"]"}
RESULT: {"using":"xpath","value":"//*[@id=\"application-managecatalogs-display-component---detailCatalog--ValuesTable-sa\"]"}
COMMAND: POST /session/49ce6e540116f27b140a1659947dcef3/element/f.7D4ACEAF94CC5BFA60E7F487674B7E0A.d.6E89BE28B985EAECBFF5461A81964F01.e.2330/click - {}
RESULT: {}
COMMAND: POST /session/49ce6e540116f27b140a1659947dcef3/execute/async - {"script":"<script> [1562 bytes]","args":[{"selector":{"controlType":"sap.ui.core.Icon","viewName":"etm.portal.ui.managecatalogs.view.Detail","viewId":"application-managecatalogs-display-component---detailCatalog","properties":{"src":{"regex":{"source":"delete"}}},"ancestor":{"id":"application-managecatalogs-display-component---detailCatalog--ValuesTable"}},"wdio_ui5_key":"etmportal.ui.managecatalogs.view.Detailsap.ui.core.Icon{\"src\":{\"regex\":{\"source\":\"delete\"}}}{\"id\":\"application-managecatalogs-display-component---detailCatalog--ValuesTable\"}"}]}
COMMAND: GET /session/49ce6e540116f27b140a1659947dcef3/screenshot - {}
RESULT: {"script":"<script> [1562 bytes]","args":[{"selector":{"controlType":"sap.ui.core.Icon","viewName":"etm.portal.ui.managecatalogs.view.Detail","viewId":"application-managecatalogs-display-component---detailCatalog","properties":{"src":{"regex":{"source":"delete"}}},"ancestor":{"id":"application-managecatalogs-display-component---detailCatalog--ValuesTable"}},"wdio_ui5_key":"etmportal.ui.managecatalogs.view.Detailsap.ui.core.Icon{\"src\":{\"regex\":{\"source\":\"delete\"}}}{\"id\":\"application-managecatalogs-display-component---detailCatalog--ValuesTable\"}"}]}
RESULT: undefined
COMMAND: POST /session/49ce6e540116f27b140a1659947dcef3/element - {"using":"xpath","value":"//*[@id=\"__button36-img\"]"}
RESULT: {}
RESULT: {"using":"xpath","value":"//*[@id=\"__button36-img\"]"}
COMMAND: POST /session/49ce6e540116f27b140a1659947dcef3/element/f.7D4ACEAF94CC5BFA60E7F487674B7E0A.d.6E89BE28B985EAECBFF5461A81964F01.e.2331/click - {}
RESULT: {}
COMMAND: POST /session/49ce6e540116f27b140a1659947dcef3/execute/async - {"script":"<script> [1562 bytes]","args":[{"selector":{"controlType":"sap.m.Button","properties":{"text":"Yes"},"searchOpenDialogs":true,"interaction":{"idSuffix":"BDI-content"}},"wdio_ui5_key":"sapm.Button{\"text\":\"Yes\"}"}]}
COMMAND: GET /session/49ce6e540116f27b140a1659947dcef3/screenshot - {}
RESULT: {"script":"<script> [1562 bytes]","args":[{"selector":{"controlType":"sap.m.Button","properties":{"text":"Yes"},"searchOpenDialogs":true,"interaction":{"idSuffix":"BDI-content"}},"wdio_ui5_key":"sapm.Button{\"text\":\"Yes\"}"}]}
RESULT: undefined
COMMAND: POST /session/49ce6e540116f27b140a1659947dcef3/element - {"using":"xpath","value":"//*[@id=\"__mbox-btn-0\"]"}
RESULT: {}
RESULT: {"using":"xpath","value":"//*[@id=\"__mbox-btn-0\"]"}
COMMAND: POST /session/49ce6e540116f27b140a1659947dcef3/element/f.7D4ACEAF94CC5BFA60E7F487674B7E0A.d.6E89BE28B985EAECBFF5461A81964F01.e.2333/click - {}
RESULT: {}
COMMAND: GET /session/49ce6e540116f27b140a1659947dcef3/screenshot - {}
RESULT: {}
COMMAND: POST /session/49ce6e540116f27b140a1659947dcef3/execute/async - {"script":"<script> [1562 bytes]","args":[{"selector":{"controlType":"sap.m.Button","viewName":"etm.portal.ui.managecatalogs.view.Detail","viewId":"application-managecatalogs-display-component---detailCatalog","i18NText":{"propertyName":"text","key":"save"},"interaction":{"idSuffix":"BDI-content"}},"wdio_ui5_key":"etmportal.ui.managecatalogs.view.Detailsap.m.Button{\"propertyName\":\"text\",\"key\":\"save\"}"}]}
RESULT: {"script":"<script> [1562 bytes]","args":[{"selector":{"controlType":"sap.m.Button","viewName":"etm.portal.ui.managecatalogs.view.Detail","viewId":"application-managecatalogs-display-component---detailCatalog","i18NText":{"propertyName":"text","key":"save"},"interaction":{"idSuffix":"BDI-content"}},"wdio_ui5_key":"etmportal.ui.managecatalogs.view.Detailsap.m.Button{\"propertyName\":\"text\",\"key\":\"save\"}"}]}
RESULT: undefined
COMMAND: POST /session/49ce6e540116f27b140a1659947dcef3/element - {"using":"xpath","value":"//*[@id=\"__button43\"]"}
RESULT: {"using":"xpath","value":"//*[@id=\"__button43\"]"}
COMMAND: POST /session/49ce6e540116f27b140a1659947dcef3/element/f.7D4ACEAF94CC5BFA60E7F487674B7E0A.d.6E89BE28B985EAECBFF5461A81964F01.e.2338/click - {}
RESULT: {}
COMMAND: GET /session/49ce6e540116f27b140a1659947dcef3/screenshot - {}
RESULT: {}
RESULT: undefined
COMMAND: POST /session/49ce6e540116f27b140a1659947dcef3/element - {"using":"xpath","value":"//*[@id=\"__button25\"]"}
RESULT: {"using":"xpath","value":"//*[@id=\"__button25\"]"}
COMMAND: POST /session/49ce6e540116f27b140a1659947dcef3/element/f.7D4ACEAF94CC5BFA60E7F487674B7E0A.d.6E89BE28B985EAECBFF5461A81964F01.e.2339/click - {}
RESULT: {}
COMMAND: GET /session/49ce6e540116f27b140a1659947dcef3/screenshot - {}
RESULT: {}
RESULT: undefined
COMMAND: POST /session/49ce6e540116f27b140a1659947dcef3/element - {"using":"xpath","value":"//*[@id=\"application-managecatalogs-display-component---detailCatalog--ObjectPageLayout-anchBar-application-managecatalogs-display-component---detailCatalog--sectionValues-anchor\"]"}
RESULT: {"using":"xpath","value":"//*[@id=\"application-managecatalogs-display-component---detailCatalog--ObjectPageLayout-anchBar-application-managecatalogs-display-component---detailCatalog--sectionValues-anchor\"]"}
COMMAND: POST /session/49ce6e540116f27b140a1659947dcef3/element/f.7D4ACEAF94CC5BFA60E7F487674B7E0A.d.6E89BE28B985EAECBFF5461A81964F01.e.2367/click - {}
RESULT: {}
COMMAND: GET /session/49ce6e540116f27b140a1659947dcef3/screenshot - {}
RESULT: {}
COMMAND: POST /session/49ce6e540116f27b140a1659947dcef3/execute/async - {"script":"<script> [1562 bytes]","args":[{"selector":{"controlType":"sap.ui.core.Icon","viewName":"etm.portal.ui.managecatalogs.view.Detail","viewId":"application-managecatalogs-display-component---detailCatalog","properties":{"src":{"regex":{"source":"add"}}},"ancestor":{"id":"application-managecatalogs-display-component---detailCatalog--ValuesTable"}},"wdio_ui5_key":"etmportal.ui.managecatalogs.view.Detailsap.ui.core.Icon{\"src\":{\"regex\":{\"source\":\"add\"}}}{\"id\":\"application-managecatalogs-display-component---detailCatalog--ValuesTable\"}"}]}
RESULT: {"script":"<script> [1562 bytes]","args":[{"selector":{"controlType":"sap.ui.core.Icon","viewName":"etm.portal.ui.managecatalogs.view.Detail","viewId":"application-managecatalogs-display-component---detailCatalog","properties":{"src":{"regex":{"source":"add"}}},"ancestor":{"id":"application-managecatalogs-display-component---detailCatalog--ValuesTable"}},"wdio_ui5_key":"etmportal.ui.managecatalogs.view.Detailsap.ui.core.Icon{\"src\":{\"regex\":{\"source\":\"add\"}}}{\"id\":\"application-managecatalogs-display-component---detailCatalog--ValuesTable\"}"}]}
RESULT: undefined
COMMAND: POST /session/49ce6e540116f27b140a1659947dcef3/element - {"using":"xpath","value":"//*[@id=\"__button37-img\"]"}
RESULT: {"using":"xpath","value":"//*[@id=\"__button37-img\"]"}
COMMAND: POST /session/49ce6e540116f27b140a1659947dcef3/element/f.7D4ACEAF94CC5BFA60E7F487674B7E0A.d.6E89BE28B985EAECBFF5461A81964F01.e.2368/click - {}
RESULT: {}
RESULT: undefined
COMMAND: POST /session/49ce6e540116f27b140a1659947dcef3/element - {"using":"xpath","value":"//*[@id=\"__button37-img\"]"}
COMMAND: GET /session/49ce6e540116f27b140a1659947dcef3/screenshot - {}
RESULT: {"using":"xpath","value":"//*[@id=\"__button37-img\"]"}
COMMAND: POST /session/49ce6e540116f27b140a1659947dcef3/element/f.7D4ACEAF94CC5BFA60E7F487674B7E0A.d.6E89BE28B985EAECBFF5461A81964F01.e.2368/click - {}
RESULT: {}
RESULT: {}
COMMAND: POST /session/49ce6e540116f27b140a1659947dcef3/element - {"using":"xpath","value":"(//input[contains(@id ,\"application-managecatalogs-display-component---detailCatalog--ValuesTable-0-inner\")])[1]"}
COMMAND: GET /session/49ce6e540116f27b140a1659947dcef3/screenshot - {}
RESULT: {"using":"xpath","value":"(//input[contains(@id ,\"application-managecatalogs-display-component---detailCatalog--ValuesTable-0-inner\")])[1]"}
COMMAND: POST /session/49ce6e540116f27b140a1659947dcef3/element/f.7D4ACEAF94CC5BFA60E7F487674B7E0A.d.6E89BE28B985EAECBFF5461A81964F01.e.2371/clear - {}
RESULT: {}
RESULT: {}
COMMAND: POST /session/49ce6e540116f27b140a1659947dcef3/element/f.7D4ACEAF94CC5BFA60E7F487674B7E0A.d.6E89BE28B985EAECBFF5461A81964F01.e.2371/value - {"text":"D&I catalog price"}
COMMAND: GET /session/49ce6e540116f27b140a1659947dcef3/screenshot - {}
RESULT: {"text":"D&I catalog price"}
COMMAND: GET /session/49ce6e540116f27b140a1659947dcef3/screenshot - {}
RESULT: {}
RESULT: {}
COMMAND: POST /session/49ce6e540116f27b140a1659947dcef3/actions - {"actions":[{"id":"action12","type":"key","parameters":{},"actions":[{"type":"keyDown","value":"î€‡"},{"type":"pause","duration":10},{"type":"keyUp","value":"î€‡"}]}]}
RESULT: {"actions":[{"id":"action12","type":"key","parameters":{},"actions":[{"type":"keyDown","value":"î€‡"},{"type":"pause","duration":10},{"type":"keyUp","value":"î€‡"}]}]}
COMMAND: POST /session/49ce6e540116f27b140a1659947dcef3/element - {"using":"xpath","value":"(//input[contains(@id ,\"application-managecatalogs-display-component---detailCatalog--ValuesTable-1-inner\")])[1]"}
COMMAND: GET /session/49ce6e540116f27b140a1659947dcef3/screenshot - {}
RESULT: {"using":"xpath","value":"(//input[contains(@id ,\"application-managecatalogs-display-component---detailCatalog--ValuesTable-1-inner\")])[1]"}
COMMAND: POST /session/49ce6e540116f27b140a1659947dcef3/element/f.7D4ACEAF94CC5BFA60E7F487674B7E0A.d.6E89BE28B985EAECBFF5461A81964F01.e.2385/clear - {}
RESULT: {}
RESULT: {}
COMMAND: POST /session/49ce6e540116f27b140a1659947dcef3/element/f.7D4ACEAF94CC5BFA60E7F487674B7E0A.d.6E89BE28B985EAECBFF5461A81964F01.e.2385/value - {"text":"D&I catalog price"}
COMMAND: GET /session/49ce6e540116f27b140a1659947dcef3/screenshot - {}
RESULT: {"text":"D&I catalog price"}
COMMAND: GET /session/49ce6e540116f27b140a1659947dcef3/screenshot - {}
RESULT: {}
RESULT: {}
COMMAND: POST /session/49ce6e540116f27b140a1659947dcef3/actions - {"actions":[{"id":"action13","type":"key","parameters":{},"actions":[{"type":"keyDown","value":"î€‡"},{"type":"pause","duration":10},{"type":"keyUp","value":"î€‡"}]}]}
RESULT: {"actions":[{"id":"action13","type":"key","parameters":{},"actions":[{"type":"keyDown","value":"î€‡"},{"type":"pause","duration":10},{"type":"keyUp","value":"î€‡"}]}]}
COMMAND: POST /session/49ce6e540116f27b140a1659947dcef3/element - {"using":"xpath","value":"(//input[contains(@id ,\"application-managecatalogs-display-component---detailCatalog--ValuesTable-0-inner\")])[8]"}
COMMAND: GET /session/49ce6e540116f27b140a1659947dcef3/screenshot - {}
RESULT: {"using":"xpath","value":"(//input[contains(@id ,\"application-managecatalogs-display-component---detailCatalog--ValuesTable-0-inner\")])[8]"}
COMMAND: POST /session/49ce6e540116f27b140a1659947dcef3/element/f.7D4ACEAF94CC5BFA60E7F487674B7E0A.d.6E89BE28B985EAECBFF5461A81964F01.e.2378/clear - {}
RESULT: {}
RESULT: {}
COMMAND: POST /session/49ce6e540116f27b140a1659947dcef3/element/f.7D4ACEAF94CC5BFA60E7F487674B7E0A.d.6E89BE28B985EAECBFF5461A81964F01.e.2378/value - {"text":"101"}
COMMAND: GET /session/49ce6e540116f27b140a1659947dcef3/screenshot - {}
RESULT: {"text":"101"}
COMMAND: GET /session/49ce6e540116f27b140a1659947dcef3/screenshot - {}
RESULT: {}
RESULT: {}
COMMAND: POST /session/49ce6e540116f27b140a1659947dcef3/actions - {"actions":[{"id":"action14","type":"key","parameters":{},"actions":[{"type":"keyDown","value":"î€‡"},{"type":"pause","duration":10},{"type":"keyUp","value":"î€‡"}]}]}
RESULT: {"actions":[{"id":"action14","type":"key","parameters":{},"actions":[{"type":"keyDown","value":"î€‡"},{"type":"pause","duration":10},{"type":"keyUp","value":"î€‡"}]}]}
COMMAND: POST /session/49ce6e540116f27b140a1659947dcef3/element - {"using":"xpath","value":"(//input[contains(@id ,\"application-managecatalogs-display-component---detailCatalog--ValuesTable-1-inner\")])[8]"}
COMMAND: GET /session/49ce6e540116f27b140a1659947dcef3/screenshot - {}
RESULT: {"using":"xpath","value":"(//input[contains(@id ,\"application-managecatalogs-display-component---detailCatalog--ValuesTable-1-inner\")])[8]"}
COMMAND: POST /session/49ce6e540116f27b140a1659947dcef3/element/f.7D4ACEAF94CC5BFA60E7F487674B7E0A.d.6E89BE28B985EAECBFF5461A81964F01.e.2392/clear - {}
RESULT: {}
RESULT: {}
COMMAND: POST /session/49ce6e540116f27b140a1659947dcef3/element/f.7D4ACEAF94CC5BFA60E7F487674B7E0A.d.6E89BE28B985EAECBFF5461A81964F01.e.2392/value - {"text":"101"}
COMMAND: GET /session/49ce6e540116f27b140a1659947dcef3/screenshot - {}
RESULT: {"text":"101"}
COMMAND: GET /session/49ce6e540116f27b140a1659947dcef3/screenshot - {}
RESULT: {}
RESULT: {}
COMMAND: POST /session/49ce6e540116f27b140a1659947dcef3/actions - {"actions":[{"id":"action15","type":"key","parameters":{},"actions":[{"type":"keyDown","value":"î€‡"},{"type":"pause","duration":10},{"type":"keyUp","value":"î€‡"}]}]}
RESULT: {"actions":[{"id":"action15","type":"key","parameters":{},"actions":[{"type":"keyDown","value":"î€‡"},{"type":"pause","duration":10},{"type":"keyUp","value":"î€‡"}]}]}
RESULT: undefined
COMMAND: POST /session/49ce6e540116f27b140a1659947dcef3/element - {"using":"xpath","value":"//*[@id=\"__button43\"]"}
COMMAND: GET /session/49ce6e540116f27b140a1659947dcef3/screenshot - {}
RESULT: {"using":"xpath","value":"//*[@id=\"__button43\"]"}
COMMAND: POST /session/49ce6e540116f27b140a1659947dcef3/element/f.7D4ACEAF94CC5BFA60E7F487674B7E0A.d.6E89BE28B985EAECBFF5461A81964F01.e.2360/click - {}
RESULT: {}
RESULT: {}
COMMAND: POST /session/49ce6e540116f27b140a1659947dcef3/execute/async - {"script":"<script> [1562 bytes]","args":[{"selector":{"controlType":"sap.m.Text","properties":{"text":"Existing values with the same start date!"},"searchOpenDialogs":true},"wdio_ui5_key":"sapm.Text{\"text\":\"Existing values with the same start date!\"}"}]}
COMMAND: GET /session/49ce6e540116f27b140a1659947dcef3/screenshot - {}
RESULT: {"script":"<script> [1562 bytes]","args":[{"selector":{"controlType":"sap.m.Text","properties":{"text":"Existing values with the same start date!"},"searchOpenDialogs":true},"wdio_ui5_key":"sapm.Text{\"text\":\"Existing values with the same start date!\"}"}]}
RESULT: undefined
COMMAND: POST /session/49ce6e540116f27b140a1659947dcef3/execute/async - {"script":"<script> [6424 bytes]","args":[{"element-6066-11e4-a52e-4f735466cecf":"f.7D4ACEAF94CC5BFA60E7F487674B7E0A.d.6E89BE28B985EAECBFF5461A81964F01.e.2442"},"getText",[]]}
RESULT: {}
RESULT: {"script":"<script> [6424 bytes]","args":[{"element-6066-11e4-a52e-4f735466cecf":"f.7D4ACEAF94CC5BFA60E7F487674B7E0A.d.6E89BE28B985EAECBFF5461A81964F01.e.2442"},"getText",[]]}
COMMAND: POST /session/49ce6e540116f27b140a1659947dcef3/execute/async - {"script":"<script> [1562 bytes]","args":[{"selector":{"controlType":"sap.m.Button","properties":{"text":"OK"},"searchOpenDialogs":true,"interaction":{"idSuffix":"BDI-content"}},"wdio_ui5_key":"sapm.Button{\"text\":\"OK\"}"}]}
RESULT: {"script":"<script> [1562 bytes]","args":[{"selector":{"controlType":"sap.m.Button","properties":{"text":"OK"},"searchOpenDialogs":true,"interaction":{"idSuffix":"BDI-content"}},"wdio_ui5_key":"sapm.Button{\"text\":\"OK\"}"}]}
RESULT: undefined
COMMAND: POST /session/49ce6e540116f27b140a1659947dcef3/element - {"using":"xpath","value":"//*[@id=\"__mbox-btn-2\"]"}
RESULT: {"using":"xpath","value":"//*[@id=\"__mbox-btn-2\"]"}
COMMAND: POST /session/49ce6e540116f27b140a1659947dcef3/element/f.7D4ACEAF94CC5BFA60E7F487674B7E0A.d.6E89BE28B985EAECBFF5461A81964F01.e.2438/click - {}
RESULT: {}
COMMAND: POST /session/49ce6e540116f27b140a1659947dcef3/element - {"using":"xpath","value":"(//input[contains(@id ,\"application-managecatalogs-display-component---detailCatalog--ValuesTable-0-inner\")])[8]"}
COMMAND: GET /session/49ce6e540116f27b140a1659947dcef3/screenshot - {}
RESULT: {"using":"xpath","value":"(//input[contains(@id ,\"application-managecatalogs-display-component---detailCatalog--ValuesTable-0-inner\")])[8]"}
COMMAND: POST /session/49ce6e540116f27b140a1659947dcef3/element/f.7D4ACEAF94CC5BFA60E7F487674B7E0A.d.6E89BE28B985EAECBFF5461A81964F01.e.2378/clear - {}
RESULT: {}
RESULT: {}
COMMAND: POST /session/49ce6e540116f27b140a1659947dcef3/element/f.7D4ACEAF94CC5BFA60E7F487674B7E0A.d.6E89BE28B985EAECBFF5461A81964F01.e.2378/value - {"text":"102"}
COMMAND: GET /session/49ce6e540116f27b140a1659947dcef3/screenshot - {}
RESULT: {"text":"102"}
COMMAND: GET /session/49ce6e540116f27b140a1659947dcef3/screenshot - {}
RESULT: {}
RESULT: {}
COMMAND: POST /session/49ce6e540116f27b140a1659947dcef3/actions - {"actions":[{"id":"action16","type":"key","parameters":{},"actions":[{"type":"keyDown","value":"î€‡"},{"type":"pause","duration":10},{"type":"keyUp","value":"î€‡"}]}]}
RESULT: {"actions":[{"id":"action16","type":"key","parameters":{},"actions":[{"type":"keyDown","value":"î€‡"},{"type":"pause","duration":10},{"type":"keyUp","value":"î€‡"}]}]}
COMMAND: GET /session/49ce6e540116f27b140a1659947dcef3/screenshot - {}
RESULT: {}
RESULT: undefined
COMMAND: POST /session/49ce6e540116f27b140a1659947dcef3/element - {"using":"xpath","value":"//*[@id=\"__button43\"]"}
RESULT: {"using":"xpath","value":"//*[@id=\"__button43\"]"}
COMMAND: POST /session/49ce6e540116f27b140a1659947dcef3/element/f.7D4ACEAF94CC5BFA60E7F487674B7E0A.d.6E89BE28B985EAECBFF5461A81964F01.e.2360/click - {}
RESULT: {}
COMMAND: GET /session/49ce6e540116f27b140a1659947dcef3/screenshot - {}
RESULT: {}
COMMAND: POST /session/49ce6e540116f27b140a1659947dcef3/refresh - {}
RESULT: {}
COMMAND: GET /session/49ce6e540116f27b140a1659947dcef3/screenshot - {}
RESULT: {}
COMMAND: POST /session/49ce6e540116f27b140a1659947dcef3/execute/async - {"script":"<script> [189 bytes]","args":[]}
RESULT: {"script":"<script> [189 bytes]","args":[]}
COMMAND: POST /session/49ce6e540116f27b140a1659947dcef3/execute/async - {"script":"<script> [123 bytes]","args":[]}
RESULT: {"script":"<script> [123 bytes]","args":[]}
COMMAND: POST /session/49ce6e540116f27b140a1659947dcef3/timeouts - {"script":"<number>"}
RESULT: {"script":"<number>"}
COMMAND: GET /session/49ce6e540116f27b140a1659947dcef3/timeouts - {}
RESULT: {}
RESULT: undefined
COMMAND: POST /session/49ce6e540116f27b140a1659947dcef3/execute/async - {"script":"<script> [2676 bytes]","args":[]}
RESULT: {"script":"<script> [2676 bytes]","args":[]}
COMMAND: POST /session/49ce6e540116f27b140a1659947dcef3/execute/async - {"script":"<script> [2342 bytes]","args":[{"protocol":"http","hostname":"0.0.0.0","path":"/","capabilities":{"browserName":"chrome","goog:chromeOptions":{"binary":"C:\\Program Files\\Google\\Chrome\\Application\\chrome.exe","args":["--start-maximized"]}},"logLevel":"warn","connectionRetryTimeout":120000,"connectionRetryCount":3,"logLevels":{},"enableDirectConnect":true,"strictSSL":true,"_":"65 more keys: [\"cacheDir\",\"port\",\"requestedCapabilities\",\"automationProtocol\",\"baseUrl\",\"waitforInterval\",\"waitforTimeout\",\"onReload\",\"beforeCommand\",\"afterCommand\",\"rootDir\",\"specs\",\"suites\",\"exclude\",\"groupLogsByTestSpec\",\"excludeDriverLogs\",\"bail\",\"framework\",\"reporters\",\"services\",\"maxInstances\",\"maxInstancesPerCapability\",\"injectGlobals\",\"filesToWatch\",\"execArgv\",\"runnerEnv\",\"runner\",\"shard\",\"specFileRetries\",\"specFileRetriesDelay\",\"specFileRetriesDeferred\",\"reporterSyncInterval\",\"reporterSyncTimeout\",\"cucumberFeaturesWithLineNumbers\",\"autoCompileOpts\",\"mochaOpts\",\"jasmineOpts\",\"cucumberOpts\",\"onPrepare\",\"onWorkerStart\",\"onWorkerEnd\",\"before\",\"beforeSession\",\"beforeSuite\",\"beforeHook\",\"beforeTest\",\"afterTest\",\"afterHook\",\"afterSuite\",\"afterSession\",\"after\",\"onComplete\",\"beforeAssertion\",\"afterAssertion\",\"beforeFeature\",\"beforeScenario\",\"beforeStep\",\"afterStep\",\"afterScenario\",\"afterFeature\",\"_\",\"suite\",\"$0\",\"ignoredWorkerServices\",\"wdi5\"]"}]}
RESULT: {"script":"<script> [2342 bytes]","args":[{"protocol":"http","hostname":"0.0.0.0","path":"/","capabilities":{"browserName":"chrome","goog:chromeOptions":{"binary":"C:\\Program Files\\Google\\Chrome\\Application\\chrome.exe","args":["--start-maximized"]}},"logLevel":"warn","connectionRetryTimeout":120000,"connectionRetryCount":3,"logLevels":{},"enableDirectConnect":true,"strictSSL":true,"_":"65 more keys: [\"cacheDir\",\"port\",\"requestedCapabilities\",\"automationProtocol\",\"baseUrl\",\"waitforInterval\",\"waitforTimeout\",\"onReload\",\"beforeCommand\",\"afterCommand\",\"rootDir\",\"specs\",\"suites\",\"exclude\",\"groupLogsByTestSpec\",\"excludeDriverLogs\",\"bail\",\"framework\",\"reporters\",\"services\",\"maxInstances\",\"maxInstancesPerCapability\",\"injectGlobals\",\"filesToWatch\",\"execArgv\",\"runnerEnv\",\"runner\",\"shard\",\"specFileRetries\",\"specFileRetriesDelay\",\"specFileRetriesDeferred\",\"reporterSyncInterval\",\"reporterSyncTimeout\",\"cucumberFeaturesWithLineNumbers\",\"autoCompileOpts\",\"mochaOpts\",\"jasmineOpts\",\"cucumberOpts\",\"onPrepare\",\"onWorkerStart\",\"onWorkerEnd\",\"before\",\"beforeSession\",\"beforeSuite\",\"beforeHook\",\"beforeTest\",\"afterTest\",\"afterHook\",\"afterSuite\",\"afterSession\",\"after\",\"onComplete\",\"beforeAssertion\",\"afterAssertion\",\"beforeFeature\",\"beforeScenario\",\"beforeStep\",\"afterStep\",\"afterScenario\",\"afterFeature\",\"_\",\"suite\",\"$0\",\"ignoredWorkerServices\",\"wdi5\"]"}]}
COMMAND: POST /session/49ce6e540116f27b140a1659947dcef3/execute/async - {"script":"<script> [21126 bytes]","args":[35000]}
RESULT: {"script":"<script> [21126 bytes]","args":[35000]}
COMMAND: POST /session/49ce6e540116f27b140a1659947dcef3/execute/async - {"script":"<script> [1562 bytes]","args":[{"selector":{"id":"application-managecatalogs-display-component---detailCatalog--ValuesSmartTable-header"},"wdio_ui5_key":"applicationmanagecatalogs-display-component---detailCatalog--ValuesSmartTable-header"}]}
RESULT: {"script":"<script> [1562 bytes]","args":[{"selector":{"id":"application-managecatalogs-display-component---detailCatalog--ValuesSmartTable-header"},"wdio_ui5_key":"applicationmanagecatalogs-display-component---detailCatalog--ValuesSmartTable-header"}]}
RESULT: undefined
COMMAND: POST /session/49ce6e540116f27b140a1659947dcef3/execute/async - {"script":"<script> [6424 bytes]","args":[{"element-6066-11e4-a52e-4f735466cecf":"f.7D4ACEAF94CC5BFA60E7F487674B7E0A.d.A290A50464E2B1108F223C5227262860.e.2516"},"getText",[]]}
RESULT: {"script":"<script> [6424 bytes]","args":[{"element-6066-11e4-a52e-4f735466cecf":"f.7D4ACEAF94CC5BFA60E7F487674B7E0A.d.A290A50464E2B1108F223C5227262860.e.2516"},"getText",[]]}
COMMAND: POST /session/49ce6e540116f27b140a1659947dcef3/element - {"using":"css selector","value":"#shell-header-logo"}
RESULT: {"using":"css selector","value":"#shell-header-logo"}
COMMAND: POST /session/49ce6e540116f27b140a1659947dcef3/element/f.7D4ACEAF94CC5BFA60E7F487674B7E0A.d.A290A50464E2B1108F223C5227262860.e.2458/click - {}
RESULT: {}
COMMAND: GET /session/49ce6e540116f27b140a1659947dcef3/screenshot - {}
RESULT: {}
]]></system-out>
    </testcase>
  </testsuite>
  <testsuite timestamp="2025-05-17T15:57:52" time="414.847" tests="4" failures="0" errors="0" skipped="0">
    <properties>
      <property name="specId" value="0" />
      <property name="suiteName" value="Verify RU inventory split cost information US139363" />
      <property name="capabilities" value="chrome.136_0_7103_93.windows" />
      <property name="file" value="file:///D:/a/1/s/test/specs/R2C/verify-ru-inventory-split-cost-information.spec.js" />
    </properties>
    <testcase classname="chrome.136_0_7103_93.windows.Verify_RU_inventory_split_cost_information_US139363" name="Should create a new contract" time="92.237">
      <system-out><![CDATA[
COMMAND: POST /session/49ce6e540116f27b140a1659947dcef3/execute/async - {"script":"<script> [1562 bytes]","args":[{"selector":{"controlType":"sap.m.GenericTile","properties":{"header":"Manage Contracts"}},"wdio_ui5_key":"sapm.GenericTile{\"header\":\"Manage Contracts\"}"}]}
RESULT: {"script":"<script> [1562 bytes]","args":[{"selector":{"controlType":"sap.m.GenericTile","properties":{"header":"Manage Contracts"}},"wdio_ui5_key":"sapm.GenericTile{\"header\":\"Manage Contracts\"}"}]}
RESULT: undefined
COMMAND: POST /session/49ce6e540116f27b140a1659947dcef3/element - {"using":"xpath","value":"//*[@id=\"__tile130\"]"}
RESULT: {"using":"xpath","value":"//*[@id=\"__tile130\"]"}
COMMAND: POST /session/49ce6e540116f27b140a1659947dcef3/element/f.7D4ACEAF94CC5BFA60E7F487674B7E0A.d.A290A50464E2B1108F223C5227262860.e.2533/click - {}
RESULT: {}
COMMAND: GET /session/49ce6e540116f27b140a1659947dcef3/screenshot - {}
RESULT: {}
COMMAND: POST /session/49ce6e540116f27b140a1659947dcef3/elements - {"using":"xpath","value":"//span[text()='Error']"}
RESULT: {"using":"xpath","value":"//span[text()='Error']"}
COMMAND: POST /session/49ce6e540116f27b140a1659947dcef3/element - {"using":"xpath","value":"//button[@data-kt=\"addButton\"]"}
RESULT: {"using":"xpath","value":"//button[@data-kt=\"addButton\"]"}
COMMAND: POST /session/49ce6e540116f27b140a1659947dcef3/element/f.7D4ACEAF94CC5BFA60E7F487674B7E0A.d.A290A50464E2B1108F223C5227262860.e.2585/click - {}
RESULT: {}
COMMAND: GET /session/49ce6e540116f27b140a1659947dcef3/screenshot - {}
RESULT: {}
COMMAND: POST /session/49ce6e540116f27b140a1659947dcef3/execute/async - {"script":"<script> [1562 bytes]","args":[{"selector":{"id":"application-managecontracts-display-component---AddNewContract--projectDescription","interaction":{"idSuffix":"inner"}},"wdio_ui5_key":"applicationmanagecontracts-display-component---AddNewContract--projectDescription"}]}
RESULT: {"script":"<script> [1562 bytes]","args":[{"selector":{"id":"application-managecontracts-display-component---AddNewContract--projectDescription","interaction":{"idSuffix":"inner"}},"wdio_ui5_key":"applicationmanagecontracts-display-component---AddNewContract--projectDescription"}]}
RESULT: undefined
COMMAND: POST /session/49ce6e540116f27b140a1659947dcef3/execute/async - {"script":"<script> [776 bytes]","args":[{"enterText":"WdIOR2c6r16k","selector":{"id":"application-managecontracts-display-component---AddNewContract--projectDescription","interaction":{"idSuffix":"inner"}},"clearTextFirst":true,"interactionType":"ENTER_TEXT"}]}
RESULT: {"script":"<script> [776 bytes]","args":[{"enterText":"WdIOR2c6r16k","selector":{"id":"application-managecontracts-display-component---AddNewContract--projectDescription","interaction":{"idSuffix":"inner"}},"clearTextFirst":true,"interactionType":"ENTER_TEXT"}]}
COMMAND: POST /session/49ce6e540116f27b140a1659947dcef3/element - {"using":"xpath","value":"//input[@id=\"application-managecontracts-display-component---AddNewContract--yardId-inner\"]"}
RESULT: {"using":"xpath","value":"//input[@id=\"application-managecontracts-display-component---AddNewContract--yardId-inner\"]"}
COMMAND: POST /session/49ce6e540116f27b140a1659947dcef3/element/f.7D4ACEAF94CC5BFA60E7F487674B7E0A.d.A290A50464E2B1108F223C5227262860.e.2892/clear - {}
RESULT: {}
COMMAND: POST /session/49ce6e540116f27b140a1659947dcef3/element/f.7D4ACEAF94CC5BFA60E7F487674B7E0A.d.A290A50464E2B1108F223C5227262860.e.2892/value - {"text":"webdriveryard"}
COMMAND: GET /session/49ce6e540116f27b140a1659947dcef3/screenshot - {}
RESULT: {"text":"webdriveryard"}
COMMAND: GET /session/49ce6e540116f27b140a1659947dcef3/screenshot - {}
RESULT: {}
RESULT: {}
COMMAND: POST /session/49ce6e540116f27b140a1659947dcef3/actions - {"actions":[{"id":"action17","type":"key","parameters":{},"actions":[{"type":"keyDown","value":"î€‡"},{"type":"pause","duration":10},{"type":"keyUp","value":"î€‡"}]}]}
RESULT: {"actions":[{"id":"action17","type":"key","parameters":{},"actions":[{"type":"keyDown","value":"î€‡"},{"type":"pause","duration":10},{"type":"keyUp","value":"î€‡"}]}]}
COMMAND: GET /session/49ce6e540116f27b140a1659947dcef3/screenshot - {}
RESULT: {}
COMMAND: POST /session/49ce6e540116f27b140a1659947dcef3/element - {"using":"xpath","value":"//input[@id=\"application-managecontracts-display-component---AddNewContract--customerSelect-inner\"]"}
RESULT: {"using":"xpath","value":"//input[@id=\"application-managecontracts-display-component---AddNewContract--customerSelect-inner\"]"}
COMMAND: POST /session/49ce6e540116f27b140a1659947dcef3/element/f.7D4ACEAF94CC5BFA60E7F487674B7E0A.d.A290A50464E2B1108F223C5227262860.e.2890/clear - {}
RESULT: {}
COMMAND: POST /session/49ce6e540116f27b140a1659947dcef3/element/f.7D4ACEAF94CC5BFA60E7F487674B7E0A.d.A290A50464E2B1108F223C5227262860.e.2890/value - {"text":"webdriverpartner"}
COMMAND: GET /session/49ce6e540116f27b140a1659947dcef3/screenshot - {}
RESULT: {"text":"webdriverpartner"}
COMMAND: GET /session/49ce6e540116f27b140a1659947dcef3/screenshot - {}
RESULT: {}
RESULT: {}
COMMAND: POST /session/49ce6e540116f27b140a1659947dcef3/actions - {"actions":[{"id":"action18","type":"key","parameters":{},"actions":[{"type":"keyDown","value":"î€‡"},{"type":"pause","duration":10},{"type":"keyUp","value":"î€‡"}]}]}
RESULT: {"actions":[{"id":"action18","type":"key","parameters":{},"actions":[{"type":"keyDown","value":"î€‡"},{"type":"pause","duration":10},{"type":"keyUp","value":"î€‡"}]}]}
COMMAND: GET /session/49ce6e540116f27b140a1659947dcef3/screenshot - {}
RESULT: {}
COMMAND: POST /session/49ce6e540116f27b140a1659947dcef3/element - {"using":"xpath","value":"//input[@id=\"application-managecontracts-display-component---AddNewContract--site-inner\"]"}
RESULT: {"using":"xpath","value":"//input[@id=\"application-managecontracts-display-component---AddNewContract--site-inner\"]"}
COMMAND: POST /session/49ce6e540116f27b140a1659947dcef3/element/f.7D4ACEAF94CC5BFA60E7F487674B7E0A.d.A290A50464E2B1108F223C5227262860.e.2891/clear - {}
RESULT: {}
COMMAND: POST /session/49ce6e540116f27b140a1659947dcef3/element/f.7D4ACEAF94CC5BFA60E7F487674B7E0A.d.A290A50464E2B1108F223C5227262860.e.2891/value - {"text":"Webdriversite"}
COMMAND: GET /session/49ce6e540116f27b140a1659947dcef3/screenshot - {}
RESULT: {"text":"Webdriversite"}
COMMAND: GET /session/49ce6e540116f27b140a1659947dcef3/screenshot - {}
RESULT: {}
RESULT: {}
COMMAND: POST /session/49ce6e540116f27b140a1659947dcef3/actions - {"actions":[{"id":"action19","type":"key","parameters":{},"actions":[{"type":"keyDown","value":"î€‡"},{"type":"pause","duration":10},{"type":"keyUp","value":"î€‡"}]}]}
RESULT: {"actions":[{"id":"action19","type":"key","parameters":{},"actions":[{"type":"keyDown","value":"î€‡"},{"type":"pause","duration":10},{"type":"keyUp","value":"î€‡"}]}]}
COMMAND: GET /session/49ce6e540116f27b140a1659947dcef3/screenshot - {}
RESULT: {}
COMMAND: POST /session/49ce6e540116f27b140a1659947dcef3/element - {"using":"xpath","value":"//button[@data-kt=\"saveButton\"]"}
RESULT: {"using":"xpath","value":"//button[@data-kt=\"saveButton\"]"}
COMMAND: POST /session/49ce6e540116f27b140a1659947dcef3/element/f.7D4ACEAF94CC5BFA60E7F487674B7E0A.d.A290A50464E2B1108F223C5227262860.e.2922/click - {}
RESULT: {}
COMMAND: GET /session/49ce6e540116f27b140a1659947dcef3/screenshot - {}
RESULT: {}
COMMAND: POST /session/49ce6e540116f27b140a1659947dcef3/execute/async - {"script":"<script> [1562 bytes]","args":[{"selector":{"id":"contractDetailTitleNoExpanded","viewName":"etm.portal.ui.managecontracts.view.Detail"},"wdio_ui5_key":"contractDetailTitleNoExpandedetmportal.ui.managecontracts.view.Detail"}]}
RESULT: {"script":"<script> [1562 bytes]","args":[{"selector":{"id":"contractDetailTitleNoExpanded","viewName":"etm.portal.ui.managecontracts.view.Detail"},"wdio_ui5_key":"contractDetailTitleNoExpandedetmportal.ui.managecontracts.view.Detail"}]}
RESULT: undefined
COMMAND: POST /session/49ce6e540116f27b140a1659947dcef3/execute/async - {"script":"<script> [6424 bytes]","args":[{"element-6066-11e4-a52e-4f735466cecf":"f.7D4ACEAF94CC5BFA60E7F487674B7E0A.d.A290A50464E2B1108F223C5227262860.e.2936"},"getText",[]]}
RESULT: {"script":"<script> [6424 bytes]","args":[{"element-6066-11e4-a52e-4f735466cecf":"f.7D4ACEAF94CC5BFA60E7F487674B7E0A.d.A290A50464E2B1108F223C5227262860.e.2936"},"getText",[]]}
COMMAND: POST /session/49ce6e540116f27b140a1659947dcef3/element - {"using":"css selector","value":"#shell-header-logo"}
RESULT: {"using":"css selector","value":"#shell-header-logo"}
COMMAND: POST /session/49ce6e540116f27b140a1659947dcef3/element/f.7D4ACEAF94CC5BFA60E7F487674B7E0A.d.A290A50464E2B1108F223C5227262860.e.2536/click - {}
RESULT: {}
COMMAND: GET /session/49ce6e540116f27b140a1659947dcef3/screenshot - {}
RESULT: {}
]]></system-out>
    </testcase>
    <testcase classname="chrome.136_0_7103_93.windows.Verify_RU_inventory_split_cost_information_US139363" name="Should create a new equipment" time="124.02">
      <system-out><![CDATA[
COMMAND: POST /session/49ce6e540116f27b140a1659947dcef3/execute/async - {"script":"<script> [1562 bytes]","args":[{"selector":{"controlType":"sap.m.GenericTile","properties":{"header":"Manage Resources"}},"wdio_ui5_key":"sapm.GenericTile{\"header\":\"Manage Resources\"}"}]}
RESULT: {"script":"<script> [1562 bytes]","args":[{"selector":{"controlType":"sap.m.GenericTile","properties":{"header":"Manage Resources"}},"wdio_ui5_key":"sapm.GenericTile{\"header\":\"Manage Resources\"}"}]}
RESULT: undefined
COMMAND: POST /session/49ce6e540116f27b140a1659947dcef3/element - {"using":"xpath","value":"//*[@id=\"__tile39\"]"}
RESULT: {"using":"xpath","value":"//*[@id=\"__tile39\"]"}
COMMAND: POST /session/49ce6e540116f27b140a1659947dcef3/element/f.7D4ACEAF94CC5BFA60E7F487674B7E0A.d.A290A50464E2B1108F223C5227262860.e.2939/click - {}
RESULT: {}
COMMAND: GET /session/49ce6e540116f27b140a1659947dcef3/screenshot - {}
RESULT: {}
COMMAND: POST /session/49ce6e540116f27b140a1659947dcef3/elements - {"using":"xpath","value":"//span[text()='Error']"}
RESULT: {"using":"xpath","value":"//span[text()='Error']"}
COMMAND: POST /session/49ce6e540116f27b140a1659947dcef3/element - {"using":"xpath","value":"//button[@data-kt=\"addNewRUOverflowToolbarButton\"]"}
RESULT: {"using":"xpath","value":"//button[@data-kt=\"addNewRUOverflowToolbarButton\"]"}
COMMAND: POST /session/49ce6e540116f27b140a1659947dcef3/execute/sync - {"script":"<script> [8489 bytes]","args":[{"element-6066-11e4-a52e-4f735466cecf":"f.7D4ACEAF94CC5BFA60E7F487674B7E0A.d.A290A50464E2B1108F223C5227262860.e.2979","ELEMENT":"f.7D4ACEAF94CC5BFA60E7F487674B7E0A.d.A290A50464E2B1108F223C5227262860.e.2979"}]}
RESULT: {"script":"<script> [8489 bytes]","args":[{"element-6066-11e4-a52e-4f735466cecf":"f.7D4ACEAF94CC5BFA60E7F487674B7E0A.d.A290A50464E2B1108F223C5227262860.e.2979","ELEMENT":"f.7D4ACEAF94CC5BFA60E7F487674B7E0A.d.A290A50464E2B1108F223C5227262860.e.2979"}]}
COMMAND: POST /session/49ce6e540116f27b140a1659947dcef3/element/f.7D4ACEAF94CC5BFA60E7F487674B7E0A.d.A290A50464E2B1108F223C5227262860.e.2979/click - {}
COMMAND: GET /session/49ce6e540116f27b140a1659947dcef3/screenshot - {}
RESULT: {}
COMMAND: GET /session/49ce6e540116f27b140a1659947dcef3/screenshot - {}
RESULT: {}
COMMAND: POST /session/49ce6e540116f27b140a1659947dcef3/execute/async - {"script":"<script> [1562 bytes]","args":[{"selector":{"id":"application-manageresources-display-component---newResourceUnit--TYPE-arrow"},"wdio_ui5_key":"applicationmanageresources-display-component---newResourceUnit--TYPE-arrow"}]}
RESULT: {}
RESULT: {"script":"<script> [1562 bytes]","args":[{"selector":{"id":"application-manageresources-display-component---newResourceUnit--TYPE-arrow"},"wdio_ui5_key":"applicationmanageresources-display-component---newResourceUnit--TYPE-arrow"}]}
RESULT: undefined
COMMAND: POST /session/49ce6e540116f27b140a1659947dcef3/element - {"using":"xpath","value":"//*[@id=\"application-manageresources-display-component---newResourceUnit--TYPE-arrow\"]"}
RESULT: {"using":"xpath","value":"//*[@id=\"application-manageresources-display-component---newResourceUnit--TYPE-arrow\"]"}
COMMAND: POST /session/49ce6e540116f27b140a1659947dcef3/element/f.7D4ACEAF94CC5BFA60E7F487674B7E0A.d.A290A50464E2B1108F223C5227262860.e.3298/click - {}
RESULT: {}
COMMAND: POST /session/49ce6e540116f27b140a1659947dcef3/execute/async - {"script":"<script> [1562 bytes]","args":[{"selector":{"controlType":"sap.m.StandardListItem","viewName":"reusables.view.manageresources.NewResourceUnit","viewId":"application-manageresources-display-component---newResourceUnit","properties":{"title":"Equipment"},"searchOpenDialogs":true,"interaction":{"idSuffix":"content"}},"wdio_ui5_key":"reusablesview.manageresources.NewResourceUnitsap.m.StandardListItem{\"title\":\"Equipment\"}"}]}
COMMAND: GET /session/49ce6e540116f27b140a1659947dcef3/screenshot - {}
RESULT: {"script":"<script> [1562 bytes]","args":[{"selector":{"controlType":"sap.m.StandardListItem","viewName":"reusables.view.manageresources.NewResourceUnit","viewId":"application-manageresources-display-component---newResourceUnit","properties":{"title":"Equipment"},"searchOpenDialogs":true,"interaction":{"idSuffix":"content"}},"wdio_ui5_key":"reusablesview.manageresources.NewResourceUnitsap.m.StandardListItem{\"title\":\"Equipment\"}"}]}
RESULT: undefined
COMMAND: POST /session/49ce6e540116f27b140a1659947dcef3/element - {"using":"xpath","value":"//*[@id=\"__item1734\"]"}
RESULT: {}
RESULT: {"using":"xpath","value":"//*[@id=\"__item1734\"]"}
COMMAND: POST /session/49ce6e540116f27b140a1659947dcef3/element/f.7D4ACEAF94CC5BFA60E7F487674B7E0A.d.A290A50464E2B1108F223C5227262860.e.3301/click - {}
RESULT: {}
COMMAND: POST /session/49ce6e540116f27b140a1659947dcef3/execute/async - {"script":"<script> [1562 bytes]","args":[{"selector":{"id":"application-manageresources-display-component---newResourceUnit--resourceId","interaction":{"idSuffix":"inner"}},"wdio_ui5_key":"applicationmanageresources-display-component---newResourceUnit--resourceId"}]}
COMMAND: GET /session/49ce6e540116f27b140a1659947dcef3/screenshot - {}
RESULT: {"script":"<script> [1562 bytes]","args":[{"selector":{"id":"application-manageresources-display-component---newResourceUnit--resourceId","interaction":{"idSuffix":"inner"}},"wdio_ui5_key":"applicationmanageresources-display-component---newResourceUnit--resourceId"}]}
RESULT: undefined
COMMAND: POST /session/49ce6e540116f27b140a1659947dcef3/execute/async - {"script":"<script> [776 bytes]","args":[{"enterText":"WdIOR2cEquipldzqb","selector":{"id":"application-manageresources-display-component---newResourceUnit--resourceId","interaction":{"idSuffix":"inner"}},"clearTextFirst":true,"interactionType":"ENTER_TEXT"}]}
RESULT: {}
RESULT: {"script":"<script> [776 bytes]","args":[{"enterText":"WdIOR2cEquipldzqb","selector":{"id":"application-manageresources-display-component---newResourceUnit--resourceId","interaction":{"idSuffix":"inner"}},"clearTextFirst":true,"interactionType":"ENTER_TEXT"}]}
COMMAND: POST /session/49ce6e540116f27b140a1659947dcef3/execute/async - {"script":"<script> [1562 bytes]","args":[{"selector":{"id":"application-manageresources-display-component---newResourceUnit--SHORT_TEXT","interaction":{"idSuffix":"inner"}},"wdio_ui5_key":"applicationmanageresources-display-component---newResourceUnit--SHORT_TEXT"}]}
RESULT: {"script":"<script> [1562 bytes]","args":[{"selector":{"id":"application-manageresources-display-component---newResourceUnit--SHORT_TEXT","interaction":{"idSuffix":"inner"}},"wdio_ui5_key":"applicationmanageresources-display-component---newResourceUnit--SHORT_TEXT"}]}
RESULT: undefined
COMMAND: POST /session/49ce6e540116f27b140a1659947dcef3/execute/async - {"script":"<script> [776 bytes]","args":[{"enterText":"WdIOR2cEquipldzqb","selector":{"id":"application-manageresources-display-component---newResourceUnit--SHORT_TEXT","interaction":{"idSuffix":"inner"}},"clearTextFirst":true,"interactionType":"ENTER_TEXT"}]}
RESULT: {"script":"<script> [776 bytes]","args":[{"enterText":"WdIOR2cEquipldzqb","selector":{"id":"application-manageresources-display-component---newResourceUnit--SHORT_TEXT","interaction":{"idSuffix":"inner"}},"clearTextFirst":true,"interactionType":"ENTER_TEXT"}]}
COMMAND: POST /session/49ce6e540116f27b140a1659947dcef3/execute/async - {"script":"<script> [1562 bytes]","args":[{"selector":{"id":"application-manageresources-display-component---newResourceUnit--BASE_UNIT_OF_MEASURE","interaction":{"idSuffix":"inner"}},"wdio_ui5_key":"applicationmanageresources-display-component---newResourceUnit--BASE_UNIT_OF_MEASURE"}]}
RESULT: {"script":"<script> [1562 bytes]","args":[{"selector":{"id":"application-manageresources-display-component---newResourceUnit--BASE_UNIT_OF_MEASURE","interaction":{"idSuffix":"inner"}},"wdio_ui5_key":"applicationmanageresources-display-component---newResourceUnit--BASE_UNIT_OF_MEASURE"}]}
RESULT: undefined
COMMAND: POST /session/49ce6e540116f27b140a1659947dcef3/execute/async - {"script":"<script> [776 bytes]","args":[{"enterText":"Piece","selector":{"id":"application-manageresources-display-component---newResourceUnit--BASE_UNIT_OF_MEASURE","interaction":{"idSuffix":"inner"}},"clearTextFirst":true,"interactionType":"ENTER_TEXT"}]}
RESULT: {"script":"<script> [776 bytes]","args":[{"enterText":"Piece","selector":{"id":"application-manageresources-display-component---newResourceUnit--BASE_UNIT_OF_MEASURE","interaction":{"idSuffix":"inner"}},"clearTextFirst":true,"interactionType":"ENTER_TEXT"}]}
COMMAND: POST /session/49ce6e540116f27b140a1659947dcef3/execute/async - {"script":"<script> [1562 bytes]","args":[{"selector":{"id":"application-manageresources-display-component---newResourceUnit--WEIGHT_UNIT","interaction":{"idSuffix":"inner"}},"wdio_ui5_key":"applicationmanageresources-display-component---newResourceUnit--WEIGHT_UNIT"}]}
RESULT: {"script":"<script> [1562 bytes]","args":[{"selector":{"id":"application-manageresources-display-component---newResourceUnit--WEIGHT_UNIT","interaction":{"idSuffix":"inner"}},"wdio_ui5_key":"applicationmanageresources-display-component---newResourceUnit--WEIGHT_UNIT"}]}
RESULT: undefined
COMMAND: POST /session/49ce6e540116f27b140a1659947dcef3/execute/async - {"script":"<script> [776 bytes]","args":[{"enterText":"Gram","selector":{"id":"application-manageresources-display-component---newResourceUnit--WEIGHT_UNIT","interaction":{"idSuffix":"inner"}},"clearTextFirst":true,"interactionType":"ENTER_TEXT"}]}
RESULT: {"script":"<script> [776 bytes]","args":[{"enterText":"Gram","selector":{"id":"application-manageresources-display-component---newResourceUnit--WEIGHT_UNIT","interaction":{"idSuffix":"inner"}},"clearTextFirst":true,"interactionType":"ENTER_TEXT"}]}
COMMAND: POST /session/49ce6e540116f27b140a1659947dcef3/execute/async - {"script":"<script> [1562 bytes]","args":[{"selector":{"id":"application-manageresources-display-component---newResourceUnit--newRRUPage-OPHeaderContent-collapseBtn-img"},"wdio_ui5_key":"applicationmanageresources-display-component---newResourceUnit--newRRUPage-OPHeaderContent-collapseBtn-img"}]}
RESULT: {"script":"<script> [1562 bytes]","args":[{"selector":{"id":"application-manageresources-display-component---newResourceUnit--newRRUPage-OPHeaderContent-collapseBtn-img"},"wdio_ui5_key":"applicationmanageresources-display-component---newResourceUnit--newRRUPage-OPHeaderContent-collapseBtn-img"}]}
RESULT: undefined
COMMAND: POST /session/49ce6e540116f27b140a1659947dcef3/element - {"using":"xpath","value":"//*[@id=\"application-manageresources-display-component---newResourceUnit--newRRUPage-OPHeaderContent-collapseBtn-img\"]"}
RESULT: {"using":"xpath","value":"//*[@id=\"application-manageresources-display-component---newResourceUnit--newRRUPage-OPHeaderContent-collapseBtn-img\"]"}
COMMAND: POST /session/49ce6e540116f27b140a1659947dcef3/element/f.7D4ACEAF94CC5BFA60E7F487674B7E0A.d.A290A50464E2B1108F223C5227262860.e.3309/click - {}
RESULT: {}
COMMAND: GET /session/49ce6e540116f27b140a1659947dcef3/screenshot - {}
RESULT: {}
COMMAND: POST /session/49ce6e540116f27b140a1659947dcef3/element - {"using":"xpath","value":"(//span[contains(@id ,\"application-manageresources-display-component---newResourceUnit--DIMENSION_UNIT-arrow\")])[1]"}
RESULT: {"using":"xpath","value":"(//span[contains(@id ,\"application-manageresources-display-component---newResourceUnit--DIMENSION_UNIT-arrow\")])[1]"}
COMMAND: POST /session/49ce6e540116f27b140a1659947dcef3/element/f.7D4ACEAF94CC5BFA60E7F487674B7E0A.d.A290A50464E2B1108F223C5227262860.e.3432/click - {}
RESULT: {}
COMMAND: GET /session/49ce6e540116f27b140a1659947dcef3/screenshot - {}
RESULT: {}
COMMAND: POST /session/49ce6e540116f27b140a1659947dcef3/execute/async - {"script":"<script> [1562 bytes]","args":[{"selector":{"controlType":"sap.m.StandardListItem","viewName":"reusables.view.manageresources.NewResourceUnit","viewId":"application-manageresources-display-component---newResourceUnit","properties":{"title":"Centimeter"},"searchOpenDialogs":true,"interaction":{"idSuffix":"titleText"}},"wdio_ui5_key":"reusablesview.manageresources.NewResourceUnitsap.m.StandardListItem{\"title\":\"Centimeter\"}"}]}
RESULT: {"script":"<script> [1562 bytes]","args":[{"selector":{"controlType":"sap.m.StandardListItem","viewName":"reusables.view.manageresources.NewResourceUnit","viewId":"application-manageresources-display-component---newResourceUnit","properties":{"title":"Centimeter"},"searchOpenDialogs":true,"interaction":{"idSuffix":"titleText"}},"wdio_ui5_key":"reusablesview.manageresources.NewResourceUnitsap.m.StandardListItem{\"title\":\"Centimeter\"}"}]}
RESULT: undefined
COMMAND: POST /session/49ce6e540116f27b140a1659947dcef3/element - {"using":"xpath","value":"//*[@id=\"__item1775\"]"}
RESULT: {"using":"xpath","value":"//*[@id=\"__item1775\"]"}
COMMAND: POST /session/49ce6e540116f27b140a1659947dcef3/element/f.7D4ACEAF94CC5BFA60E7F487674B7E0A.d.A290A50464E2B1108F223C5227262860.e.3434/click - {}
RESULT: {}
COMMAND: GET /session/49ce6e540116f27b140a1659947dcef3/screenshot - {}
RESULT: {}
COMMAND: POST /session/49ce6e540116f27b140a1659947dcef3/execute/async - {"script":"<script> [1562 bytes]","args":[{"selector":{"id":"application-manageresources-display-component---newResourceUnit--newRRUPage-anchBar-application-manageresources-display-component---newResourceUnit--control-anchor","interaction":{"idSuffix":"BDI-content"}},"wdio_ui5_key":"applicationmanageresources-display-component---newResourceUnit--newRRUPage-anchBar-application-manageresources-display-component---newResourceUnit--control-anchor"}]}
RESULT: {"script":"<script> [1562 bytes]","args":[{"selector":{"id":"application-manageresources-display-component---newResourceUnit--newRRUPage-anchBar-application-manageresources-display-component---newResourceUnit--control-anchor","interaction":{"idSuffix":"BDI-content"}},"wdio_ui5_key":"applicationmanageresources-display-component---newResourceUnit--newRRUPage-anchBar-application-manageresources-display-component---newResourceUnit--control-anchor"}]}
RESULT: undefined
COMMAND: POST /session/49ce6e540116f27b140a1659947dcef3/element - {"using":"xpath","value":"//*[@id=\"application-manageresources-display-component---newResourceUnit--newRRUPage-anchBar-application-manageresources-display-component---newResourceUnit--control-anchor\"]"}
RESULT: {"using":"xpath","value":"//*[@id=\"application-manageresources-display-component---newResourceUnit--newRRUPage-anchBar-application-manageresources-display-component---newResourceUnit--control-anchor\"]"}
COMMAND: POST /session/49ce6e540116f27b140a1659947dcef3/element/f.7D4ACEAF94CC5BFA60E7F487674B7E0A.d.A290A50464E2B1108F223C5227262860.e.3436/click - {}
RESULT: {}
COMMAND: POST /session/49ce6e540116f27b140a1659947dcef3/execute/async - {"script":"<script> [1562 bytes]","args":[{"selector":{"id":"application-manageresources-display-component---newResourceUnit--PLANNING_GROUP","interaction":{"idSuffix":"inner"}},"wdio_ui5_key":"applicationmanageresources-display-component---newResourceUnit--PLANNING_GROUP"}]}
COMMAND: GET /session/49ce6e540116f27b140a1659947dcef3/screenshot - {}
RESULT: {"script":"<script> [1562 bytes]","args":[{"selector":{"id":"application-manageresources-display-component---newResourceUnit--PLANNING_GROUP","interaction":{"idSuffix":"inner"}},"wdio_ui5_key":"applicationmanageresources-display-component---newResourceUnit--PLANNING_GROUP"}]}
RESULT: undefined
COMMAND: POST /session/49ce6e540116f27b140a1659947dcef3/execute/async - {"script":"<script> [776 bytes]","args":[{"enterText":"Heavy Equi","selector":{"id":"application-manageresources-display-component---newResourceUnit--PLANNING_GROUP","interaction":{"idSuffix":"inner"}},"clearTextFirst":true,"interactionType":"ENTER_TEXT"}]}
RESULT: {}
RESULT: {"script":"<script> [776 bytes]","args":[{"enterText":"Heavy Equi","selector":{"id":"application-manageresources-display-component---newResourceUnit--PLANNING_GROUP","interaction":{"idSuffix":"inner"}},"clearTextFirst":true,"interactionType":"ENTER_TEXT"}]}
COMMAND: POST /session/49ce6e540116f27b140a1659947dcef3/execute/async - {"script":"<script> [1562 bytes]","args":[{"selector":{"id":"application-manageresources-display-component---newResourceUnit--ITEM_TYPE-arrow"},"wdio_ui5_key":"applicationmanageresources-display-component---newResourceUnit--ITEM_TYPE-arrow"}]}
RESULT: {"script":"<script> [1562 bytes]","args":[{"selector":{"id":"application-manageresources-display-component---newResourceUnit--ITEM_TYPE-arrow"},"wdio_ui5_key":"applicationmanageresources-display-component---newResourceUnit--ITEM_TYPE-arrow"}]}
RESULT: undefined
COMMAND: POST /session/49ce6e540116f27b140a1659947dcef3/element - {"using":"xpath","value":"//*[@id=\"application-manageresources-display-component---newResourceUnit--ITEM_TYPE-arrow\"]"}
RESULT: {"using":"xpath","value":"//*[@id=\"application-manageresources-display-component---newResourceUnit--ITEM_TYPE-arrow\"]"}
COMMAND: POST /session/49ce6e540116f27b140a1659947dcef3/element/f.7D4ACEAF94CC5BFA60E7F487674B7E0A.d.A290A50464E2B1108F223C5227262860.e.3441/click - {}
RESULT: {}
COMMAND: POST /session/49ce6e540116f27b140a1659947dcef3/execute/async - {"script":"<script> [1562 bytes]","args":[{"selector":{"controlType":"sap.m.StandardListItem","viewName":"reusables.view.manageresources.NewResourceUnit","viewId":"application-manageresources-display-component---newResourceUnit","properties":{"title":"Resource Unit"},"searchOpenDialogs":true,"interaction":{"idSuffix":"titleText"}},"wdio_ui5_key":"reusablesview.manageresources.NewResourceUnitsap.m.StandardListItem{\"title\":\"Resource Unit\"}"}]}
COMMAND: GET /session/49ce6e540116f27b140a1659947dcef3/screenshot - {}
RESULT: {"script":"<script> [1562 bytes]","args":[{"selector":{"controlType":"sap.m.StandardListItem","viewName":"reusables.view.manageresources.NewResourceUnit","viewId":"application-manageresources-display-component---newResourceUnit","properties":{"title":"Resource Unit"},"searchOpenDialogs":true,"interaction":{"idSuffix":"titleText"}},"wdio_ui5_key":"reusablesview.manageresources.NewResourceUnitsap.m.StandardListItem{\"title\":\"Resource Unit\"}"}]}
RESULT: undefined
COMMAND: POST /session/49ce6e540116f27b140a1659947dcef3/element - {"using":"xpath","value":"//*[@id=\"__item1797\"]"}
RESULT: {}
RESULT: {"using":"xpath","value":"//*[@id=\"__item1797\"]"}
COMMAND: POST /session/49ce6e540116f27b140a1659947dcef3/element/f.7D4ACEAF94CC5BFA60E7F487674B7E0A.d.A290A50464E2B1108F223C5227262860.e.3443/click - {}
RESULT: {}
COMMAND: POST /session/49ce6e540116f27b140a1659947dcef3/element - {"using":"xpath","value":"//bdi[contains(text(), \"Time Segment\")]"}
COMMAND: GET /session/49ce6e540116f27b140a1659947dcef3/screenshot - {}
RESULT: {"using":"xpath","value":"//bdi[contains(text(), \"Time Segment\")]"}
COMMAND: GET /session/49ce6e540116f27b140a1659947dcef3/element/f.7D4ACEAF94CC5BFA60E7F487674B7E0A.d.A290A50464E2B1108F223C5227262860.e.3444/rect - {}
RESULT: {}
RESULT: {}
COMMAND: GET /session/49ce6e540116f27b140a1659947dcef3/window/rect - {}
RESULT: {}
COMMAND: POST /session/49ce6e540116f27b140a1659947dcef3/execute/sync - {"script":"<script> [92 bytes]","args":[]}
RESULT: {"script":"<script> [92 bytes]","args":[]}
COMMAND: POST /session/49ce6e540116f27b140a1659947dcef3/actions - {"actions":[{"id":"action20","type":"wheel","parameters":{},"actions":[{"type":"scroll","x":-1820,"y":-21,"deltaX":0,"deltaY":0,"duration":0,"origin":{"element-6066-11e4-a52e-4f735466cecf":"f.7D4ACEAF94CC5BFA60E7F487674B7E0A.d.A290A50464E2B1108F223C5227262860.e.3444"}}]}]}
COMMAND: GET /session/49ce6e540116f27b140a1659947dcef3/screenshot - {}
RESULT: {}
COMMAND: POST /session/49ce6e540116f27b140a1659947dcef3/execute/sync - {"script":"<script> [79 bytes]","args":[{"element-6066-11e4-a52e-4f735466cecf":"f.7D4ACEAF94CC5BFA60E7F487674B7E0A.d.A290A50464E2B1108F223C5227262860.e.3444","ELEMENT":"f.7D4ACEAF94CC5BFA60E7F487674B7E0A.d.A290A50464E2B1108F223C5227262860.e.3444"},{"block":"start","inline":"nearest"}]}
RESULT: {"script":"<script> [79 bytes]","args":[{"element-6066-11e4-a52e-4f735466cecf":"f.7D4ACEAF94CC5BFA60E7F487674B7E0A.d.A290A50464E2B1108F223C5227262860.e.3444","ELEMENT":"f.7D4ACEAF94CC5BFA60E7F487674B7E0A.d.A290A50464E2B1108F223C5227262860.e.3444"},{"block":"start","inline":"nearest"}]}
COMMAND: POST /session/49ce6e540116f27b140a1659947dcef3/execute/async - {"script":"<script> [1562 bytes]","args":[{"selector":{"id":"application-manageresources-display-component---newResourceUnit--btnAddTimeSegment-img"},"wdio_ui5_key":"applicationmanageresources-display-component---newResourceUnit--btnAddTimeSegment-img"}]}
COMMAND: GET /session/49ce6e540116f27b140a1659947dcef3/screenshot - {}
RESULT: {"script":"<script> [1562 bytes]","args":[{"selector":{"id":"application-manageresources-display-component---newResourceUnit--btnAddTimeSegment-img"},"wdio_ui5_key":"applicationmanageresources-display-component---newResourceUnit--btnAddTimeSegment-img"}]}
RESULT: undefined
COMMAND: POST /session/49ce6e540116f27b140a1659947dcef3/element - {"using":"xpath","value":"//*[@id=\"application-manageresources-display-component---newResourceUnit--btnAddTimeSegment-img\"]"}
RESULT: {}
RESULT: {"using":"xpath","value":"//*[@id=\"application-manageresources-display-component---newResourceUnit--btnAddTimeSegment-img\"]"}
COMMAND: POST /session/49ce6e540116f27b140a1659947dcef3/element/f.7D4ACEAF94CC5BFA60E7F487674B7E0A.d.A290A50464E2B1108F223C5227262860.e.3447/click - {}
RESULT: {}
COMMAND: GET /session/49ce6e540116f27b140a1659947dcef3/screenshot - {}
RESULT: {}
COMMAND: POST /session/49ce6e540116f27b140a1659947dcef3/element - {"using":"xpath","value":"//input[@id=\"application-manageresources-display-component---newResourceUnit--idRuTSAdmin-application-manageresources-display-component---newResourceUnit--RUTimeSegment-0-inner\"]"}
RESULT: {"using":"xpath","value":"//input[@id=\"application-manageresources-display-component---newResourceUnit--idRuTSAdmin-application-manageresources-display-component---newResourceUnit--RUTimeSegment-0-inner\"]"}
COMMAND: POST /session/49ce6e540116f27b140a1659947dcef3/element/f.7D4ACEAF94CC5BFA60E7F487674B7E0A.d.A290A50464E2B1108F223C5227262860.e.3451/clear - {}
RESULT: {}
COMMAND: POST /session/49ce6e540116f27b140a1659947dcef3/element/f.7D4ACEAF94CC5BFA60E7F487674B7E0A.d.A290A50464E2B1108F223C5227262860.e.3451/value - {"text":"webdriveryard"}
COMMAND: GET /session/49ce6e540116f27b140a1659947dcef3/screenshot - {}
RESULT: {"text":"webdriveryard"}
COMMAND: GET /session/49ce6e540116f27b140a1659947dcef3/screenshot - {}
RESULT: {}
RESULT: {}
COMMAND: POST /session/49ce6e540116f27b140a1659947dcef3/actions - {"actions":[{"id":"action21","type":"key","parameters":{},"actions":[{"type":"keyDown","value":"î€‡"},{"type":"pause","duration":10},{"type":"keyUp","value":"î€‡"}]}]}
RESULT: {"actions":[{"id":"action21","type":"key","parameters":{},"actions":[{"type":"keyDown","value":"î€‡"},{"type":"pause","duration":10},{"type":"keyUp","value":"î€‡"}]}]}
COMMAND: POST /session/49ce6e540116f27b140a1659947dcef3/execute/async - {"script":"<script> [1562 bytes]","args":[{"selector":{"controlType":"sap.ui.core.Icon","viewName":"reusables.view.manageresources.NewResourceUnit","viewId":"application-manageresources-display-component---newResourceUnit","properties":{"src":{"regex":{"source":"slim\\-arrow\\-down"}}},"ancestor":{"controlType":"sap.m.ComboBox","viewName":"reusables.view.manageresources.NewResourceUnit","viewId":"application-manageresources-display-component---newResourceUnit","bindingPath":{"path":"/RESOURCE_UNIT_TIME_SEQUENCES/0","propertyPath":"COST_OBJECT_ADMIN_CST_TYPE","modelName":"oNewRruModel"}}},"wdio_ui5_key":"reusablesview.manageresources.NewResourceUnitsap.ui.core.Icon{\"src\":{\"regex\":{\"source\":\"slim\\\\-arrow\\\\-down\"}}}{\"controlType\":\"sap.m.ComboBox\",\"viewName\":\"reusables.view.manageresources.NewResourceUnit\",\"viewId\":\"application-manageresources-display-component---newResourceUnit\",\"bindingPath\":{\"path\":\"/RESOURCE_UNIT_TIME_SEQUENCES/0\",\"propertyPath\":\"COST_OBJECT_ADMIN_CST_TYPE\",\"modelName\":\"oNewRruModel\"}}"}]}
COMMAND: GET /session/49ce6e540116f27b140a1659947dcef3/screenshot - {}
RESULT: {"script":"<script> [1562 bytes]","args":[{"selector":{"controlType":"sap.ui.core.Icon","viewName":"reusables.view.manageresources.NewResourceUnit","viewId":"application-manageresources-display-component---newResourceUnit","properties":{"src":{"regex":{"source":"slim\\-arrow\\-down"}}},"ancestor":{"controlType":"sap.m.ComboBox","viewName":"reusables.view.manageresources.NewResourceUnit","viewId":"application-manageresources-display-component---newResourceUnit","bindingPath":{"path":"/RESOURCE_UNIT_TIME_SEQUENCES/0","propertyPath":"COST_OBJECT_ADMIN_CST_TYPE","modelName":"oNewRruModel"}}},"wdio_ui5_key":"reusablesview.manageresources.NewResourceUnitsap.ui.core.Icon{\"src\":{\"regex\":{\"source\":\"slim\\\\-arrow\\\\-down\"}}}{\"controlType\":\"sap.m.ComboBox\",\"viewName\":\"reusables.view.manageresources.NewResourceUnit\",\"viewId\":\"application-manageresources-display-component---newResourceUnit\",\"bindingPath\":{\"path\":\"/RESOURCE_UNIT_TIME_SEQUENCES/0\",\"propertyPath\":\"COST_OBJECT_ADMIN_CST_TYPE\",\"modelName\":\"oNewRruModel\"}}"}]}
RESULT: undefined
COMMAND: POST /session/49ce6e540116f27b140a1659947dcef3/element - {"using":"xpath","value":"//*[@id=\"__box16-application-manageresources-display-component---newResourceUnit--RUTimeSegment-0-arrow\"]"}
RESULT: {}
RESULT: {"using":"xpath","value":"//*[@id=\"__box16-application-manageresources-display-component---newResourceUnit--RUTimeSegment-0-arrow\"]"}
COMMAND: POST /session/49ce6e540116f27b140a1659947dcef3/element/f.7D4ACEAF94CC5BFA60E7F487674B7E0A.d.A290A50464E2B1108F223C5227262860.e.3467/click - {}
RESULT: {}
COMMAND: POST /session/49ce6e540116f27b140a1659947dcef3/execute/async - {"script":"<script> [1562 bytes]","args":[{"selector":{"controlType":"sap.m.StandardListItem","viewName":"reusables.view.manageresources.NewResourceUnit","viewId":"application-manageresources-display-component---newResourceUnit","properties":{"title":"PM Order"},"searchOpenDialogs":true,"interaction":{"idSuffix":"titleText"}},"wdio_ui5_key":"reusablesview.manageresources.NewResourceUnitsap.m.StandardListItem{\"title\":\"PM Order\"}"}]}
COMMAND: GET /session/49ce6e540116f27b140a1659947dcef3/screenshot - {}
RESULT: {"script":"<script> [1562 bytes]","args":[{"selector":{"controlType":"sap.m.StandardListItem","viewName":"reusables.view.manageresources.NewResourceUnit","viewId":"application-manageresources-display-component---newResourceUnit","properties":{"title":"PM Order"},"searchOpenDialogs":true,"interaction":{"idSuffix":"titleText"}},"wdio_ui5_key":"reusablesview.manageresources.NewResourceUnitsap.m.StandardListItem{\"title\":\"PM Order\"}"}]}
RESULT: undefined
COMMAND: POST /session/49ce6e540116f27b140a1659947dcef3/element - {"using":"xpath","value":"//*[@id=\"__item2589\"]"}
RESULT: {}
RESULT: {"using":"xpath","value":"//*[@id=\"__item2589\"]"}
COMMAND: POST /session/49ce6e540116f27b140a1659947dcef3/element/f.7D4ACEAF94CC5BFA60E7F487674B7E0A.d.A290A50464E2B1108F223C5227262860.e.3471/click - {}
RESULT: {}
COMMAND: GET /session/49ce6e540116f27b140a1659947dcef3/screenshot - {}
RESULT: {}
COMMAND: POST /session/49ce6e540116f27b140a1659947dcef3/element - {"using":"xpath","value":"(//input[contains(@id ,\"-application-manageresources-display-component---newResourceUnit--RUTimeSegment-0-inner\")])[8]"}
RESULT: {"using":"xpath","value":"(//input[contains(@id ,\"-application-manageresources-display-component---newResourceUnit--RUTimeSegment-0-inner\")])[8]"}
COMMAND: POST /session/49ce6e540116f27b140a1659947dcef3/element/f.7D4ACEAF94CC5BFA60E7F487674B7E0A.d.A290A50464E2B1108F223C5227262860.e.3474/clear - {}
RESULT: {}
COMMAND: POST /session/49ce6e540116f27b140a1659947dcef3/element/f.7D4ACEAF94CC5BFA60E7F487674B7E0A.d.A290A50464E2B1108F223C5227262860.e.3474/value - {"text":"4000360"}
COMMAND: GET /session/49ce6e540116f27b140a1659947dcef3/screenshot - {}
RESULT: {"text":"4000360"}
COMMAND: GET /session/49ce6e540116f27b140a1659947dcef3/screenshot - {}
RESULT: {}
RESULT: {}
COMMAND: POST /session/49ce6e540116f27b140a1659947dcef3/actions - {"actions":[{"id":"action22","type":"key","parameters":{},"actions":[{"type":"keyDown","value":"î€‡"},{"type":"pause","duration":10},{"type":"keyUp","value":"î€‡"}]}]}
RESULT: {"actions":[{"id":"action22","type":"key","parameters":{},"actions":[{"type":"keyDown","value":"î€‡"},{"type":"pause","duration":10},{"type":"keyUp","value":"î€‡"}]}]}
COMMAND: GET /session/49ce6e540116f27b140a1659947dcef3/screenshot - {}
RESULT: {}
COMMAND: POST /session/49ce6e540116f27b140a1659947dcef3/element - {"using":"xpath","value":"//input[contains(@id ,\"application-manageresources-display-component---newResourceUnit--newTimeSegmentFromDatePicker-application-manageresources-display-component---newResourceUnit--RUTimeSegment-0-inner\")]"}
RESULT: {"using":"xpath","value":"//input[contains(@id ,\"application-manageresources-display-component---newResourceUnit--newTimeSegmentFromDatePicker-application-manageresources-display-component---newResourceUnit--RUTimeSegment-0-inner\")]"}
COMMAND: POST /session/49ce6e540116f27b140a1659947dcef3/element/f.7D4ACEAF94CC5BFA60E7F487674B7E0A.d.A290A50464E2B1108F223C5227262860.e.3458/clear - {}
RESULT: {}
COMMAND: POST /session/49ce6e540116f27b140a1659947dcef3/element/f.7D4ACEAF94CC5BFA60E7F487674B7E0A.d.A290A50464E2B1108F223C5227262860.e.3458/clear - {}
COMMAND: GET /session/49ce6e540116f27b140a1659947dcef3/screenshot - {}
RESULT: {}
COMMAND: POST /session/49ce6e540116f27b140a1659947dcef3/element/f.7D4ACEAF94CC5BFA60E7F487674B7E0A.d.A290A50464E2B1108F223C5227262860.e.3458/value - {"text":"06/17/24"}
COMMAND: GET /session/49ce6e540116f27b140a1659947dcef3/screenshot - {}
RESULT: {}
RESULT: {"text":"06/17/24"}
COMMAND: POST /session/49ce6e540116f27b140a1659947dcef3/execute/async - {"script":"<script> [1562 bytes]","args":[{"selector":{"id":"application-manageresources-display-component---newResourceUnit--newRRUPage-anchBar-application-manageresources-display-component---newResourceUnit--resource-anchor","interaction":{"idSuffix":"BDI-content"}},"wdio_ui5_key":"applicationmanageresources-display-component---newResourceUnit--newRRUPage-anchBar-application-manageresources-display-component---newResourceUnit--resource-anchor"}]}
COMMAND: GET /session/49ce6e540116f27b140a1659947dcef3/screenshot - {}
RESULT: {}
RESULT: {"script":"<script> [1562 bytes]","args":[{"selector":{"id":"application-manageresources-display-component---newResourceUnit--newRRUPage-anchBar-application-manageresources-display-component---newResourceUnit--resource-anchor","interaction":{"idSuffix":"BDI-content"}},"wdio_ui5_key":"applicationmanageresources-display-component---newResourceUnit--newRRUPage-anchBar-application-manageresources-display-component---newResourceUnit--resource-anchor"}]}
RESULT: undefined
COMMAND: POST /session/49ce6e540116f27b140a1659947dcef3/element - {"using":"xpath","value":"//*[@id=\"application-manageresources-display-component---newResourceUnit--newRRUPage-anchBar-application-manageresources-display-component---newResourceUnit--resource-anchor\"]"}
RESULT: {}
RESULT: {"using":"xpath","value":"//*[@id=\"application-manageresources-display-component---newResourceUnit--newRRUPage-anchBar-application-manageresources-display-component---newResourceUnit--resource-anchor\"]"}
COMMAND: POST /session/49ce6e540116f27b140a1659947dcef3/element/f.7D4ACEAF94CC5BFA60E7F487674B7E0A.d.A290A50464E2B1108F223C5227262860.e.3495/click - {}
RESULT: {}
COMMAND: POST /session/49ce6e540116f27b140a1659947dcef3/execute/async - {"script":"<script> [1562 bytes]","args":[{"selector":{"id":"application-manageresources-display-component---newResourceUnit--PLANNED_DELIVERY_DATE","interaction":{"idSuffix":"inner"}},"wdio_ui5_key":"applicationmanageresources-display-component---newResourceUnit--PLANNED_DELIVERY_DATE"}]}
COMMAND: GET /session/49ce6e540116f27b140a1659947dcef3/screenshot - {}
RESULT: {"script":"<script> [1562 bytes]","args":[{"selector":{"id":"application-manageresources-display-component---newResourceUnit--PLANNED_DELIVERY_DATE","interaction":{"idSuffix":"inner"}},"wdio_ui5_key":"applicationmanageresources-display-component---newResourceUnit--PLANNED_DELIVERY_DATE"}]}
RESULT: undefined
COMMAND: POST /session/49ce6e540116f27b140a1659947dcef3/execute/async - {"script":"<script> [6424 bytes]","args":[{"element-6066-11e4-a52e-4f735466cecf":"f.7D4ACEAF94CC5BFA60E7F487674B7E0A.d.A290A50464E2B1108F223C5227262860.e.3355"},"setValue",["06/17/24"]]}
RESULT: {}
RESULT: {"script":"<script> [6424 bytes]","args":[{"element-6066-11e4-a52e-4f735466cecf":"f.7D4ACEAF94CC5BFA60E7F487674B7E0A.d.A290A50464E2B1108F223C5227262860.e.3355"},"setValue",["06/17/24"]]}
COMMAND: POST /session/49ce6e540116f27b140a1659947dcef3/execute/async - {"script":"<script> [1562 bytes]","args":[{"selector":{"id":"application-manageresources-display-component---newResourceUnit--RETIRE_PLANNED_DATE","interaction":{"idSuffix":"inner"}},"wdio_ui5_key":"applicationmanageresources-display-component---newResourceUnit--RETIRE_PLANNED_DATE"}]}
RESULT: {"script":"<script> [1562 bytes]","args":[{"selector":{"id":"application-manageresources-display-component---newResourceUnit--RETIRE_PLANNED_DATE","interaction":{"idSuffix":"inner"}},"wdio_ui5_key":"applicationmanageresources-display-component---newResourceUnit--RETIRE_PLANNED_DATE"}]}
RESULT: undefined
COMMAND: POST /session/49ce6e540116f27b140a1659947dcef3/execute/async - {"script":"<script> [776 bytes]","args":[{"enterText":"3/14/29","selector":{"id":"application-manageresources-display-component---newResourceUnit--RETIRE_PLANNED_DATE","interaction":{"idSuffix":"inner"}},"clearTextFirst":true,"interactionType":"ENTER_TEXT"}]}
RESULT: {"script":"<script> [776 bytes]","args":[{"enterText":"3/14/29","selector":{"id":"application-manageresources-display-component---newResourceUnit--RETIRE_PLANNED_DATE","interaction":{"idSuffix":"inner"}},"clearTextFirst":true,"interactionType":"ENTER_TEXT"}]}
COMMAND: POST /session/49ce6e540116f27b140a1659947dcef3/execute/async - {"script":"<script> [1562 bytes]","args":[{"selector":{"controlType":"sap.m.Button","viewName":"reusables.view.manageresources.NewResourceUnit","viewId":"application-manageresources-display-component---newResourceUnit","i18NText":{"propertyName":"tooltip","key":"save"},"interaction":{"idSuffix":"BDI-content"}},"wdio_ui5_key":"reusablesview.manageresources.NewResourceUnitsap.m.Button{\"propertyName\":\"tooltip\",\"key\":\"save\"}"}]}
RESULT: {"script":"<script> [1562 bytes]","args":[{"selector":{"controlType":"sap.m.Button","viewName":"reusables.view.manageresources.NewResourceUnit","viewId":"application-manageresources-display-component---newResourceUnit","i18NText":{"propertyName":"tooltip","key":"save"},"interaction":{"idSuffix":"BDI-content"}},"wdio_ui5_key":"reusablesview.manageresources.NewResourceUnitsap.m.Button{\"propertyName\":\"tooltip\",\"key\":\"save\"}"}]}
RESULT: undefined
COMMAND: POST /session/49ce6e540116f27b140a1659947dcef3/element - {"using":"xpath","value":"//*[@id=\"application-manageresources-display-component---newResourceUnit--createRuButton\"]"}
RESULT: {"using":"xpath","value":"//*[@id=\"application-manageresources-display-component---newResourceUnit--createRuButton\"]"}
COMMAND: POST /session/49ce6e540116f27b140a1659947dcef3/element/f.7D4ACEAF94CC5BFA60E7F487674B7E0A.d.A290A50464E2B1108F223C5227262860.e.3315/click - {}
RESULT: {}
COMMAND: GET /session/49ce6e540116f27b140a1659947dcef3/screenshot - {}
RESULT: {}
COMMAND: POST /session/49ce6e540116f27b140a1659947dcef3/execute/async - {"script":"<script> [1562 bytes]","args":[{"selector":{"controlType":"sap.m.Button","properties":{"text":"Close"},"searchOpenDialogs":true,"interaction":{"idSuffix":"inner"}},"wdio_ui5_key":"sapm.Button{\"text\":\"Close\"}"}]}
RESULT: {"script":"<script> [1562 bytes]","args":[{"selector":{"controlType":"sap.m.Button","properties":{"text":"Close"},"searchOpenDialogs":true,"interaction":{"idSuffix":"inner"}},"wdio_ui5_key":"sapm.Button{\"text\":\"Close\"}"}]}
RESULT: undefined
COMMAND: POST /session/49ce6e540116f27b140a1659947dcef3/element - {"using":"xpath","value":"//*[@id=\"__mbox-btn-0\"]"}
RESULT: {"using":"xpath","value":"//*[@id=\"__mbox-btn-0\"]"}
COMMAND: POST /session/49ce6e540116f27b140a1659947dcef3/element/f.7D4ACEAF94CC5BFA60E7F487674B7E0A.d.A290A50464E2B1108F223C5227262860.e.3503/click - {}
RESULT: {}
COMMAND: GET /session/49ce6e540116f27b140a1659947dcef3/screenshot - {}
COMMAND: POST /session/49ce6e540116f27b140a1659947dcef3/execute/async - {"script":"<script> [1562 bytes]","args":[{"selector":{"controlType":"sap.m.Text","viewName":"etm.portal.ui.manageresources.view.Detail","viewId":"application-manageresources-display-component---detailRU","bindingPath":{"propertyPath":"ID","modelName":"catalogModel"}},"wdio_ui5_key":"etmportal.ui.manageresources.view.Detailsap.m.Text{\"propertyPath\":\"ID\",\"modelName\":\"catalogModel\"}"}]}
RESULT: {}
RESULT: {"script":"<script> [1562 bytes]","args":[{"selector":{"controlType":"sap.m.Text","viewName":"etm.portal.ui.manageresources.view.Detail","viewId":"application-manageresources-display-component---detailRU","bindingPath":{"propertyPath":"ID","modelName":"catalogModel"}},"wdio_ui5_key":"etmportal.ui.manageresources.view.Detailsap.m.Text{\"propertyPath\":\"ID\",\"modelName\":\"catalogModel\"}"}]}
RESULT: undefined
COMMAND: POST /session/49ce6e540116f27b140a1659947dcef3/execute/async - {"script":"<script> [6424 bytes]","args":[{"element-6066-11e4-a52e-4f735466cecf":"f.7D4ACEAF94CC5BFA60E7F487674B7E0A.d.A290A50464E2B1108F223C5227262860.e.3559"},"getText",[]]}
RESULT: {"script":"<script> [6424 bytes]","args":[{"element-6066-11e4-a52e-4f735466cecf":"f.7D4ACEAF94CC5BFA60E7F487674B7E0A.d.A290A50464E2B1108F223C5227262860.e.3559"},"getText",[]]}
COMMAND: POST /session/49ce6e540116f27b140a1659947dcef3/element - {"using":"css selector","value":"#shell-header-logo"}
RESULT: {"using":"css selector","value":"#shell-header-logo"}
COMMAND: POST /session/49ce6e540116f27b140a1659947dcef3/element/f.7D4ACEAF94CC5BFA60E7F487674B7E0A.d.A290A50464E2B1108F223C5227262860.e.2941/click - {}
RESULT: {}
COMMAND: GET /session/49ce6e540116f27b140a1659947dcef3/screenshot - {}
RESULT: {}
]]></system-out>
    </testcase>
    <testcase classname="chrome.136_0_7103_93.windows.Verify_RU_inventory_split_cost_information_US139363" name="Should do a stock increase for the equipment" time="89.669">
      <system-out><![CDATA[
COMMAND: POST /session/49ce6e540116f27b140a1659947dcef3/execute/async - {"script":"<script> [1562 bytes]","args":[{"selector":{"controlType":"sap.m.GenericTile","properties":{"header":"Manage Handovers"}},"wdio_ui5_key":"sapm.GenericTile{\"header\":\"Manage Handovers\"}"}]}
RESULT: {"script":"<script> [1562 bytes]","args":[{"selector":{"controlType":"sap.m.GenericTile","properties":{"header":"Manage Handovers"}},"wdio_ui5_key":"sapm.GenericTile{\"header\":\"Manage Handovers\"}"}]}
RESULT: undefined
COMMAND: POST /session/49ce6e540116f27b140a1659947dcef3/element - {"using":"xpath","value":"//*[@id=\"__tile133\"]"}
RESULT: {"using":"xpath","value":"//*[@id=\"__tile133\"]"}
COMMAND: POST /session/49ce6e540116f27b140a1659947dcef3/element/f.7D4ACEAF94CC5BFA60E7F487674B7E0A.d.A290A50464E2B1108F223C5227262860.e.3561/click - {}
RESULT: {}
COMMAND: GET /session/49ce6e540116f27b140a1659947dcef3/screenshot - {}
RESULT: {}
COMMAND: POST /session/49ce6e540116f27b140a1659947dcef3/elements - {"using":"xpath","value":"//span[text()='Error']"}
RESULT: {"using":"xpath","value":"//span[text()='Error']"}
COMMAND: POST /session/49ce6e540116f27b140a1659947dcef3/element - {"using":"xpath","value":"//button[@data-kt=\"masterHOAddButton\"]"}
RESULT: {"using":"xpath","value":"//button[@data-kt=\"masterHOAddButton\"]"}
COMMAND: POST /session/49ce6e540116f27b140a1659947dcef3/execute/sync - {"script":"<script> [8489 bytes]","args":[{"element-6066-11e4-a52e-4f735466cecf":"f.7D4ACEAF94CC5BFA60E7F487674B7E0A.d.A290A50464E2B1108F223C5227262860.e.3615","ELEMENT":"f.7D4ACEAF94CC5BFA60E7F487674B7E0A.d.A290A50464E2B1108F223C5227262860.e.3615"}]}
RESULT: {"script":"<script> [8489 bytes]","args":[{"element-6066-11e4-a52e-4f735466cecf":"f.7D4ACEAF94CC5BFA60E7F487674B7E0A.d.A290A50464E2B1108F223C5227262860.e.3615","ELEMENT":"f.7D4ACEAF94CC5BFA60E7F487674B7E0A.d.A290A50464E2B1108F223C5227262860.e.3615"}]}
COMMAND: POST /session/49ce6e540116f27b140a1659947dcef3/element/f.7D4ACEAF94CC5BFA60E7F487674B7E0A.d.A290A50464E2B1108F223C5227262860.e.3615/click - {}
COMMAND: GET /session/49ce6e540116f27b140a1659947dcef3/screenshot - {}
RESULT: {}
COMMAND: GET /session/49ce6e540116f27b140a1659947dcef3/screenshot - {}
RESULT: {}
COMMAND: POST /session/49ce6e540116f27b140a1659947dcef3/element - {"using":"xpath","value":"//span[contains(@id ,\"AddNewHO--typeSelect-arrow\")]"}
RESULT: {}
RESULT: {"using":"xpath","value":"//span[contains(@id ,\"AddNewHO--typeSelect-arrow\")]"}
COMMAND: POST /session/49ce6e540116f27b140a1659947dcef3/element/f.7D4ACEAF94CC5BFA60E7F487674B7E0A.d.A290A50464E2B1108F223C5227262860.e.3958/click - {}
RESULT: {}
COMMAND: GET /session/49ce6e540116f27b140a1659947dcef3/screenshot - {}
RESULT: {}
COMMAND: POST /session/49ce6e540116f27b140a1659947dcef3/element - {"using":"xpath","value":"(//li[contains(text(), \"stock increase yard\")])[1]"}
RESULT: {"using":"xpath","value":"(//li[contains(text(), \"stock increase yard\")])[1]"}
COMMAND: POST /session/49ce6e540116f27b140a1659947dcef3/element/f.7D4ACEAF94CC5BFA60E7F487674B7E0A.d.A290A50464E2B1108F223C5227262860.e.3959/click - {}
RESULT: {}
COMMAND: GET /session/49ce6e540116f27b140a1659947dcef3/screenshot - {}
RESULT: {}
COMMAND: POST /session/49ce6e540116f27b140a1659947dcef3/execute/async - {"script":"<script> [1562 bytes]","args":[{"selector":{"id":"application-managehandovers-display-component---AddNewHO--dueDate","interaction":{"idSuffix":"inner"}},"wdio_ui5_key":"applicationmanagehandovers-display-component---AddNewHO--dueDate"}]}
RESULT: {"script":"<script> [1562 bytes]","args":[{"selector":{"id":"application-managehandovers-display-component---AddNewHO--dueDate","interaction":{"idSuffix":"inner"}},"wdio_ui5_key":"applicationmanagehandovers-display-component---AddNewHO--dueDate"}]}
RESULT: undefined
COMMAND: POST /session/49ce6e540116f27b140a1659947dcef3/execute/async - {"script":"<script> [6424 bytes]","args":[{"element-6066-11e4-a52e-4f735466cecf":"f.7D4ACEAF94CC5BFA60E7F487674B7E0A.d.A290A50464E2B1108F223C5227262860.e.3961"},"setValue",["5/17/25"]]}
RESULT: {"script":"<script> [6424 bytes]","args":[{"element-6066-11e4-a52e-4f735466cecf":"f.7D4ACEAF94CC5BFA60E7F487674B7E0A.d.A290A50464E2B1108F223C5227262860.e.3961"},"setValue",["5/17/25"]]}
COMMAND: POST /session/49ce6e540116f27b140a1659947dcef3/element - {"using":"xpath","value":"//input[@id=\"generalSectionFrg--receiveYard-inner\"]"}
RESULT: {"using":"xpath","value":"//input[@id=\"generalSectionFrg--receiveYard-inner\"]"}
COMMAND: POST /session/49ce6e540116f27b140a1659947dcef3/element/f.7D4ACEAF94CC5BFA60E7F487674B7E0A.d.A290A50464E2B1108F223C5227262860.e.3965/clear - {}
RESULT: {}
COMMAND: POST /session/49ce6e540116f27b140a1659947dcef3/element/f.7D4ACEAF94CC5BFA60E7F487674B7E0A.d.A290A50464E2B1108F223C5227262860.e.3965/value - {"text":"webdriveryard"}
COMMAND: GET /session/49ce6e540116f27b140a1659947dcef3/screenshot - {}
RESULT: {"text":"webdriveryard"}
COMMAND: GET /session/49ce6e540116f27b140a1659947dcef3/screenshot - {}
RESULT: {}
RESULT: {}
COMMAND: POST /session/49ce6e540116f27b140a1659947dcef3/execute/async - {"script":"<script> [1562 bytes]","args":[{"selector":{"id":"application-managehandovers-display-component---AddNewHO--ObjectPageLayout-anchBar-application-managehandovers-display-component---AddNewHO--section4-anchor","interaction":{"idSuffix":"BDI-content"}},"wdio_ui5_key":"applicationmanagehandovers-display-component---AddNewHO--ObjectPageLayout-anchBar-application-managehandovers-display-component---AddNewHO--section4-anchor"}]}
RESULT: {"script":"<script> [1562 bytes]","args":[{"selector":{"id":"application-managehandovers-display-component---AddNewHO--ObjectPageLayout-anchBar-application-managehandovers-display-component---AddNewHO--section4-anchor","interaction":{"idSuffix":"BDI-content"}},"wdio_ui5_key":"applicationmanagehandovers-display-component---AddNewHO--ObjectPageLayout-anchBar-application-managehandovers-display-component---AddNewHO--section4-anchor"}]}
RESULT: undefined
COMMAND: POST /session/49ce6e540116f27b140a1659947dcef3/element - {"using":"xpath","value":"//*[@id=\"application-managehandovers-display-component---AddNewHO--ObjectPageLayout-anchBar-application-managehandovers-display-component---AddNewHO--section4-anchor\"]"}
RESULT: {"using":"xpath","value":"//*[@id=\"application-managehandovers-display-component---AddNewHO--ObjectPageLayout-anchBar-application-managehandovers-display-component---AddNewHO--section4-anchor\"]"}
COMMAND: POST /session/49ce6e540116f27b140a1659947dcef3/element/f.7D4ACEAF94CC5BFA60E7F487674B7E0A.d.A290A50464E2B1108F223C5227262860.e.3986/click - {}
RESULT: {}
COMMAND: GET /session/49ce6e540116f27b140a1659947dcef3/screenshot - {}
RESULT: {}
COMMAND: POST /session/49ce6e540116f27b140a1659947dcef3/element - {"using":"xpath","value":"//button[@aria-label=\"Add\"]"}
RESULT: {"using":"xpath","value":"//button[@aria-label=\"Add\"]"}
COMMAND: POST /session/49ce6e540116f27b140a1659947dcef3/element/f.7D4ACEAF94CC5BFA60E7F487674B7E0A.d.A290A50464E2B1108F223C5227262860.e.3990/click - {}
RESULT: {}
COMMAND: GET /session/49ce6e540116f27b140a1659947dcef3/screenshot - {}
RESULT: {}
COMMAND: POST /session/49ce6e540116f27b140a1659947dcef3/execute/async - {"script":"<script> [1562 bytes]","args":[{"selector":{"id":"application-managehandovers-display-component---AddNewHO--smartFilterBar-btnBasicSearch","searchOpenDialogs":true,"interaction":{"idSuffix":"I"}},"wdio_ui5_key":"applicationmanagehandovers-display-component---AddNewHO--smartFilterBar-btnBasicSearch"}]}
RESULT: {"script":"<script> [1562 bytes]","args":[{"selector":{"id":"application-managehandovers-display-component---AddNewHO--smartFilterBar-btnBasicSearch","searchOpenDialogs":true,"interaction":{"idSuffix":"I"}},"wdio_ui5_key":"applicationmanagehandovers-display-component---AddNewHO--smartFilterBar-btnBasicSearch"}]}
RESULT: undefined
COMMAND: POST /session/49ce6e540116f27b140a1659947dcef3/execute/async - {"script":"<script> [776 bytes]","args":[{"enterText":"WdIOR2cEquipldzqb","selector":{"id":"application-managehandovers-display-component---AddNewHO--smartFilterBar-btnBasicSearch","searchOpenDialogs":true,"interaction":{"idSuffix":"I"}},"clearTextFirst":true,"interactionType":"ENTER_TEXT"}]}
RESULT: {"script":"<script> [776 bytes]","args":[{"enterText":"WdIOR2cEquipldzqb","selector":{"id":"application-managehandovers-display-component---AddNewHO--smartFilterBar-btnBasicSearch","searchOpenDialogs":true,"interaction":{"idSuffix":"I"}},"clearTextFirst":true,"interactionType":"ENTER_TEXT"}]}
COMMAND: POST /session/49ce6e540116f27b140a1659947dcef3/actions - {"actions":[{"id":"action23","type":"key","parameters":{},"actions":[{"type":"keyDown","value":"î€‡"},{"type":"pause","duration":10},{"type":"keyUp","value":"î€‡"}]}]}
RESULT: {"actions":[{"id":"action23","type":"key","parameters":{},"actions":[{"type":"keyDown","value":"î€‡"},{"type":"pause","duration":10},{"type":"keyUp","value":"î€‡"}]}]}
COMMAND: POST /session/49ce6e540116f27b140a1659947dcef3/execute/async - {"script":"<script> [1562 bytes]","args":[{"selector":{"id":"application-managehandovers-display-component---AddNewHO--popup-sa","searchOpenDialogs":true,"interaction":{"idSuffix":"CbBg"}},"wdio_ui5_key":"applicationmanagehandovers-display-component---AddNewHO--popup-sa"}]}
COMMAND: GET /session/49ce6e540116f27b140a1659947dcef3/screenshot - {}
RESULT: {"script":"<script> [1562 bytes]","args":[{"selector":{"id":"application-managehandovers-display-component---AddNewHO--popup-sa","searchOpenDialogs":true,"interaction":{"idSuffix":"CbBg"}},"wdio_ui5_key":"applicationmanagehandovers-display-component---AddNewHO--popup-sa"}]}
RESULT: undefined
COMMAND: POST /session/49ce6e540116f27b140a1659947dcef3/element - {"using":"xpath","value":"//*[@id=\"application-managehandovers-display-component---AddNewHO--popup-sa\"]"}
RESULT: {}
RESULT: {"using":"xpath","value":"//*[@id=\"application-managehandovers-display-component---AddNewHO--popup-sa\"]"}
COMMAND: POST /session/49ce6e540116f27b140a1659947dcef3/element/f.7D4ACEAF94CC5BFA60E7F487674B7E0A.d.A290A50464E2B1108F223C5227262860.e.4114/click - {}
RESULT: {}
COMMAND: GET /session/49ce6e540116f27b140a1659947dcef3/screenshot - {}
RESULT: {}
COMMAND: POST /session/49ce6e540116f27b140a1659947dcef3/element - {"using":"xpath","value":"//bdi[contains(text(), \"Select\")]"}
RESULT: {"using":"xpath","value":"//bdi[contains(text(), \"Select\")]"}
COMMAND: POST /session/49ce6e540116f27b140a1659947dcef3/element/f.7D4ACEAF94CC5BFA60E7F487674B7E0A.d.A290A50464E2B1108F223C5227262860.e.4115/click - {}
RESULT: {}
COMMAND: GET /session/49ce6e540116f27b140a1659947dcef3/screenshot - {}
RESULT: {}
COMMAND: POST /session/49ce6e540116f27b140a1659947dcef3/element - {"using":"xpath","value":"//button[@data-kt=\"AddNewHOSaveButton\"]"}
RESULT: {"using":"xpath","value":"//button[@data-kt=\"AddNewHOSaveButton\"]"}
COMMAND: POST /session/49ce6e540116f27b140a1659947dcef3/element/f.7D4ACEAF94CC5BFA60E7F487674B7E0A.d.A290A50464E2B1108F223C5227262860.e.4119/click - {}
RESULT: {}
COMMAND: GET /session/49ce6e540116f27b140a1659947dcef3/screenshot - {}
RESULT: {}
COMMAND: POST /session/49ce6e540116f27b140a1659947dcef3/execute/async - {"script":"<script> [1562 bytes]","args":[{"selector":{"id":"receiptDatePicker","viewName":"etm.portal.ui.managehandovers.view.DetailExecuteHO","interaction":{"idSuffix":"inner"}},"wdio_ui5_key":"receiptDatePickeretmportal.ui.managehandovers.view.DetailExecuteHO"}]}
RESULT: {"script":"<script> [1562 bytes]","args":[{"selector":{"id":"receiptDatePicker","viewName":"etm.portal.ui.managehandovers.view.DetailExecuteHO","interaction":{"idSuffix":"inner"}},"wdio_ui5_key":"receiptDatePickeretmportal.ui.managehandovers.view.DetailExecuteHO"}]}
RESULT: undefined
COMMAND: POST /session/49ce6e540116f27b140a1659947dcef3/execute/async - {"script":"<script> [6424 bytes]","args":[{"element-6066-11e4-a52e-4f735466cecf":"f.7D4ACEAF94CC5BFA60E7F487674B7E0A.d.A290A50464E2B1108F223C5227262860.e.4140"},"setValue",["5/17/25"]]}
RESULT: {"script":"<script> [6424 bytes]","args":[{"element-6066-11e4-a52e-4f735466cecf":"f.7D4ACEAF94CC5BFA60E7F487674B7E0A.d.A290A50464E2B1108F223C5227262860.e.4140"},"setValue",["5/17/25"]]}
COMMAND: POST /session/49ce6e540116f27b140a1659947dcef3/element - {"using":"xpath","value":"//button[@data-kt=\"PickingTableConfirmAllButton\"]"}
RESULT: {"using":"xpath","value":"//button[@data-kt=\"PickingTableConfirmAllButton\"]"}
COMMAND: POST /session/49ce6e540116f27b140a1659947dcef3/element/f.7D4ACEAF94CC5BFA60E7F487674B7E0A.d.A290A50464E2B1108F223C5227262860.e.4155/click - {}
RESULT: {}
COMMAND: GET /session/49ce6e540116f27b140a1659947dcef3/screenshot - {}
RESULT: {}
COMMAND: POST /session/49ce6e540116f27b140a1659947dcef3/element - {"using":"xpath","value":"//bdi[contains(text(), \"OK\")]"}
RESULT: {"using":"xpath","value":"//bdi[contains(text(), \"OK\")]"}
COMMAND: POST /session/49ce6e540116f27b140a1659947dcef3/element/f.7D4ACEAF94CC5BFA60E7F487674B7E0A.d.A290A50464E2B1108F223C5227262860.e.4157/click - {}
RESULT: {}
COMMAND: GET /session/49ce6e540116f27b140a1659947dcef3/screenshot - {}
RESULT: {}
COMMAND: POST /session/49ce6e540116f27b140a1659947dcef3/element - {"using":"xpath","value":"(//bdi[contains(text(), \"Receive\")])[2]"}
RESULT: {"using":"xpath","value":"(//bdi[contains(text(), \"Receive\")])[2]"}
COMMAND: POST /session/49ce6e540116f27b140a1659947dcef3/element/f.7D4ACEAF94CC5BFA60E7F487674B7E0A.d.A290A50464E2B1108F223C5227262860.e.4159/click - {}
RESULT: {}
COMMAND: GET /session/49ce6e540116f27b140a1659947dcef3/screenshot - {}
RESULT: {}
COMMAND: POST /session/49ce6e540116f27b140a1659947dcef3/element - {"using":"css selector","value":"#shell-header-logo"}
RESULT: {"using":"css selector","value":"#shell-header-logo"}
COMMAND: POST /session/49ce6e540116f27b140a1659947dcef3/element/f.7D4ACEAF94CC5BFA60E7F487674B7E0A.d.A290A50464E2B1108F223C5227262860.e.3565/click - {}
RESULT: {}
COMMAND: GET /session/49ce6e540116f27b140a1659947dcef3/screenshot - {}
]]></system-out>
    </testcase>
    <testcase classname="chrome.136_0_7103_93.windows.Verify_RU_inventory_split_cost_information_US139363" name="Should navigate to RU inventory and add the resource to the contract" time="103.993">
      <system-out><![CDATA[
COMMAND: POST /session/49ce6e540116f27b140a1659947dcef3/execute/async - {"script":"<script> [1562 bytes]","args":[{"selector":{"controlType":"sap.m.GenericTile","properties":{"header":"RU Inventory List"}},"wdio_ui5_key":"sapm.GenericTile{\"header\":\"RU Inventory List\"}"}]}
RESULT: {}
RESULT: {"script":"<script> [1562 bytes]","args":[{"selector":{"controlType":"sap.m.GenericTile","properties":{"header":"RU Inventory List"}},"wdio_ui5_key":"sapm.GenericTile{\"header\":\"RU Inventory List\"}"}]}
RESULT: undefined
COMMAND: POST /session/49ce6e540116f27b140a1659947dcef3/element - {"using":"xpath","value":"//*[@id=\"__tile99\"]"}
RESULT: {"using":"xpath","value":"//*[@id=\"__tile99\"]"}
COMMAND: POST /session/49ce6e540116f27b140a1659947dcef3/element/f.7D4ACEAF94CC5BFA60E7F487674B7E0A.d.A290A50464E2B1108F223C5227262860.e.4303/click - {}
RESULT: {}
COMMAND: GET /session/49ce6e540116f27b140a1659947dcef3/screenshot - {}
RESULT: {}
COMMAND: POST /session/49ce6e540116f27b140a1659947dcef3/elements - {"using":"xpath","value":"//span[text()='Error']"}
RESULT: {"using":"xpath","value":"//span[text()='Error']"}
COMMAND: POST /session/49ce6e540116f27b140a1659947dcef3/execute/async - {"script":"<script> [1562 bytes]","args":[{"selector":{"id":"application-ruinventorylist-display-component---Master--smartFilterBar-btnBasicSearch","interaction":{"idSuffix":"I"}},"wdio_ui5_key":"applicationruinventorylist-display-component---Master--smartFilterBar-btnBasicSearch"}]}
RESULT: {"script":"<script> [1562 bytes]","args":[{"selector":{"id":"application-ruinventorylist-display-component---Master--smartFilterBar-btnBasicSearch","interaction":{"idSuffix":"I"}},"wdio_ui5_key":"applicationruinventorylist-display-component---Master--smartFilterBar-btnBasicSearch"}]}
RESULT: undefined
COMMAND: POST /session/49ce6e540116f27b140a1659947dcef3/execute/async - {"script":"<script> [776 bytes]","args":[{"enterText":"WdIOR2cEquipldzqb","selector":{"id":"application-ruinventorylist-display-component---Master--smartFilterBar-btnBasicSearch","interaction":{"idSuffix":"I"}},"clearTextFirst":true,"interactionType":"ENTER_TEXT"}]}
RESULT: {"script":"<script> [776 bytes]","args":[{"enterText":"WdIOR2cEquipldzqb","selector":{"id":"application-ruinventorylist-display-component---Master--smartFilterBar-btnBasicSearch","interaction":{"idSuffix":"I"}},"clearTextFirst":true,"interactionType":"ENTER_TEXT"}]}
COMMAND: POST /session/49ce6e540116f27b140a1659947dcef3/actions - {"actions":[{"id":"action24","type":"key","parameters":{},"actions":[{"type":"keyDown","value":"î€‡"},{"type":"pause","duration":10},{"type":"keyUp","value":"î€‡"}]}]}
RESULT: {"actions":[{"id":"action24","type":"key","parameters":{},"actions":[{"type":"keyDown","value":"î€‡"},{"type":"pause","duration":10},{"type":"keyUp","value":"î€‡"}]}]}
COMMAND: GET /session/49ce6e540116f27b140a1659947dcef3/screenshot - {}
RESULT: {}
COMMAND: POST /session/49ce6e540116f27b140a1659947dcef3/execute/async - {"script":"<script> [1562 bytes]","args":[{"selector":{"id":"application-ruinventorylist-display-component---Master--smartTableRuInventoryList-header"},"wdio_ui5_key":"applicationruinventorylist-display-component---Master--smartTableRuInventoryList-header"}]}
RESULT: {"script":"<script> [1562 bytes]","args":[{"selector":{"id":"application-ruinventorylist-display-component---Master--smartTableRuInventoryList-header"},"wdio_ui5_key":"applicationruinventorylist-display-component---Master--smartTableRuInventoryList-header"}]}
RESULT: undefined
COMMAND: POST /session/49ce6e540116f27b140a1659947dcef3/execute/async - {"script":"<script> [6424 bytes]","args":[{"element-6066-11e4-a52e-4f735466cecf":"f.7D4ACEAF94CC5BFA60E7F487674B7E0A.d.A290A50464E2B1108F223C5227262860.e.4507"},"getText",[]]}
RESULT: {"script":"<script> [6424 bytes]","args":[{"element-6066-11e4-a52e-4f735466cecf":"f.7D4ACEAF94CC5BFA60E7F487674B7E0A.d.A290A50464E2B1108F223C5227262860.e.4507"},"getText",[]]}
COMMAND: POST /session/49ce6e540116f27b140a1659947dcef3/execute/async - {"script":"<script> [1562 bytes]","args":[{"selector":{"id":"application-ruinventorylist-display-component---Master--createContractItemsBtn-img"},"wdio_ui5_key":"applicationruinventorylist-display-component---Master--createContractItemsBtn-img"}]}
RESULT: {"script":"<script> [1562 bytes]","args":[{"selector":{"id":"application-ruinventorylist-display-component---Master--createContractItemsBtn-img"},"wdio_ui5_key":"applicationruinventorylist-display-component---Master--createContractItemsBtn-img"}]}
RESULT: undefined
COMMAND: POST /session/49ce6e540116f27b140a1659947dcef3/element - {"using":"xpath","value":"//*[@id=\"application-ruinventorylist-display-component---Master--createContractItemsBtn-img\"]"}
RESULT: {"using":"xpath","value":"//*[@id=\"application-ruinventorylist-display-component---Master--createContractItemsBtn-img\"]"}
COMMAND: POST /session/49ce6e540116f27b140a1659947dcef3/element/f.7D4ACEAF94CC5BFA60E7F487674B7E0A.d.A290A50464E2B1108F223C5227262860.e.4353/click - {}
RESULT: {}
COMMAND: GET /session/49ce6e540116f27b140a1659947dcef3/screenshot - {}
RESULT: {}
COMMAND: POST /session/49ce6e540116f27b140a1659947dcef3/element - {"using":"xpath","value":"//div[contains(@id ,\"application-ruinventorylist-display-component---Master--tableRuInventoryList-sa-CbBg\")]"}
RESULT: {"using":"xpath","value":"//div[contains(@id ,\"application-ruinventorylist-display-component---Master--tableRuInventoryList-sa-CbBg\")]"}
COMMAND: POST /session/49ce6e540116f27b140a1659947dcef3/element/f.7D4ACEAF94CC5BFA60E7F487674B7E0A.d.A290A50464E2B1108F223C5227262860.e.4516/click - {}
RESULT: {}
RESULT: undefined
COMMAND: POST /session/49ce6e540116f27b140a1659947dcef3/element - {"using":"xpath","value":"//*[@id=\"application-ruinventorylist-display-component---Master--createContractItemsBtn-img\"]"}
COMMAND: GET /session/49ce6e540116f27b140a1659947dcef3/screenshot - {}
RESULT: {"using":"xpath","value":"//*[@id=\"application-ruinventorylist-display-component---Master--createContractItemsBtn-img\"]"}
COMMAND: POST /session/49ce6e540116f27b140a1659947dcef3/element/f.7D4ACEAF94CC5BFA60E7F487674B7E0A.d.A290A50464E2B1108F223C5227262860.e.4353/click - {}
RESULT: {}
RESULT: {}
COMMAND: GET /session/49ce6e540116f27b140a1659947dcef3/screenshot - {}
RESULT: {}
COMMAND: POST /session/49ce6e540116f27b140a1659947dcef3/element - {"using":"xpath","value":"//div[contains(@class ,\"sapMObjStatus sapMObjStatusError sapMObjStatusActive\")]"}
RESULT: {"using":"xpath","value":"//div[contains(@class ,\"sapMObjStatus sapMObjStatusError sapMObjStatusActive\")]"}
COMMAND: POST /session/49ce6e540116f27b140a1659947dcef3/elements - {"using":"xpath","value":"//div[contains(@class ,\"sapMObjStatus sapMObjStatusError sapMObjStatusActive\")]"}
RESULT: {"using":"xpath","value":"//div[contains(@class ,\"sapMObjStatus sapMObjStatusError sapMObjStatusActive\")]"}
COMMAND: POST /session/49ce6e540116f27b140a1659947dcef3/element - {"using":"xpath","value":"//input[contains(@id, \"application-ruinventorylist-display-component---Master--contractCb-inner\")]"}
RESULT: {"using":"xpath","value":"//input[contains(@id, \"application-ruinventorylist-display-component---Master--contractCb-inner\")]"}
COMMAND: POST /session/49ce6e540116f27b140a1659947dcef3/element/f.7D4ACEAF94CC5BFA60E7F487674B7E0A.d.A290A50464E2B1108F223C5227262860.e.4519/clear - {}
RESULT: {}
COMMAND: POST /session/49ce6e540116f27b140a1659947dcef3/element/f.7D4ACEAF94CC5BFA60E7F487674B7E0A.d.A290A50464E2B1108F223C5227262860.e.4519/value - {"text":"10327"}
COMMAND: GET /session/49ce6e540116f27b140a1659947dcef3/screenshot - {}
RESULT: {"text":"10327"}
COMMAND: GET /session/49ce6e540116f27b140a1659947dcef3/screenshot - {}
RESULT: {}
RESULT: {}
COMMAND: POST /session/49ce6e540116f27b140a1659947dcef3/actions - {"actions":[{"id":"action25","type":"key","parameters":{},"actions":[{"type":"keyDown","value":"î€‡"},{"type":"pause","duration":10},{"type":"keyUp","value":"î€‡"}]}]}
RESULT: {"actions":[{"id":"action25","type":"key","parameters":{},"actions":[{"type":"keyDown","value":"î€‡"},{"type":"pause","duration":10},{"type":"keyUp","value":"î€‡"}]}]}
COMMAND: GET /session/49ce6e540116f27b140a1659947dcef3/screenshot - {}
RESULT: {}
COMMAND: POST /session/49ce6e540116f27b140a1659947dcef3/actions - {"actions":[{"id":"action26","type":"key","parameters":{},"actions":[{"type":"keyDown","value":"î€‡"},{"type":"pause","duration":10},{"type":"keyUp","value":"î€‡"}]}]}
RESULT: {"actions":[{"id":"action26","type":"key","parameters":{},"actions":[{"type":"keyDown","value":"î€‡"},{"type":"pause","duration":10},{"type":"keyUp","value":"î€‡"}]}]}
COMMAND: GET /session/49ce6e540116f27b140a1659947dcef3/screenshot - {}
RESULT: {}
COMMAND: POST /session/49ce6e540116f27b140a1659947dcef3/element - {"using":"xpath","value":"//input[contains(@id, \"application-ruinventorylist-display-component---Master--endDate-inner\")]"}
RESULT: {"using":"xpath","value":"//input[contains(@id, \"application-ruinventorylist-display-component---Master--endDate-inner\")]"}
COMMAND: POST /session/49ce6e540116f27b140a1659947dcef3/element/f.7D4ACEAF94CC5BFA60E7F487674B7E0A.d.A290A50464E2B1108F223C5227262860.e.4522/clear - {}
RESULT: {}
COMMAND: POST /session/49ce6e540116f27b140a1659947dcef3/element/f.7D4ACEAF94CC5BFA60E7F487674B7E0A.d.A290A50464E2B1108F223C5227262860.e.4522/value - {"text":"05/18/25"}
COMMAND: GET /session/49ce6e540116f27b140a1659947dcef3/screenshot - {}
RESULT: {"text":"05/18/25"}
COMMAND: POST /session/49ce6e540116f27b140a1659947dcef3/element - {"using":"xpath","value":"(//div[contains(@data-kt ,\"characteristicsObjectStatus\")])[2]"}
COMMAND: GET /session/49ce6e540116f27b140a1659947dcef3/screenshot - {}
RESULT: {}
RESULT: {"using":"xpath","value":"(//div[contains(@data-kt ,\"characteristicsObjectStatus\")])[2]"}
COMMAND: POST /session/49ce6e540116f27b140a1659947dcef3/element/f.7D4ACEAF94CC5BFA60E7F487674B7E0A.d.A290A50464E2B1108F223C5227262860.e.4536/click - {}
RESULT: {}
RESULT: {}
COMMAND: GET /session/49ce6e540116f27b140a1659947dcef3/screenshot - {}
RESULT: {}
COMMAND: POST /session/49ce6e540116f27b140a1659947dcef3/element - {"using":"xpath","value":"//span[contains(@id ,\"application-ruinventorylist-display-component---Master--addSplitCharacteristicsRowButton-img\")]"}
RESULT: {"using":"xpath","value":"//span[contains(@id ,\"application-ruinventorylist-display-component---Master--addSplitCharacteristicsRowButton-img\")]"}
COMMAND: POST /session/49ce6e540116f27b140a1659947dcef3/element/f.7D4ACEAF94CC5BFA60E7F487674B7E0A.d.A290A50464E2B1108F223C5227262860.e.4540/click - {}
RESULT: {}
COMMAND: POST /session/49ce6e540116f27b140a1659947dcef3/element - {"using":"xpath","value":"(//input[contains(@id ,\"application-ruinventorylist-display-component---Master--splitCharacteristicsTable-0-inner\")])[1]"}
COMMAND: GET /session/49ce6e540116f27b140a1659947dcef3/screenshot - {}
RESULT: {"using":"xpath","value":"(//input[contains(@id ,\"application-ruinventorylist-display-component---Master--splitCharacteristicsTable-0-inner\")])[1]"}
COMMAND: POST /session/49ce6e540116f27b140a1659947dcef3/element/f.7D4ACEAF94CC5BFA60E7F487674B7E0A.d.A290A50464E2B1108F223C5227262860.e.4542/clear - {}
RESULT: {}
RESULT: {}
COMMAND: POST /session/49ce6e540116f27b140a1659947dcef3/element/f.7D4ACEAF94CC5BFA60E7F487674B7E0A.d.A290A50464E2B1108F223C5227262860.e.4542/value - {"text":"Cost Center"}
COMMAND: GET /session/49ce6e540116f27b140a1659947dcef3/screenshot - {}
RESULT: {"text":"Cost Center"}
COMMAND: GET /session/49ce6e540116f27b140a1659947dcef3/screenshot - {}
RESULT: {}
COMMAND: POST /session/49ce6e540116f27b140a1659947dcef3/actions - {"actions":[{"id":"action27","type":"key","parameters":{},"actions":[{"type":"keyDown","value":"î€‡"},{"type":"pause","duration":10},{"type":"keyUp","value":"î€‡"}]}]}
RESULT: {}
RESULT: {"actions":[{"id":"action27","type":"key","parameters":{},"actions":[{"type":"keyDown","value":"î€‡"},{"type":"pause","duration":10},{"type":"keyUp","value":"î€‡"}]}]}
COMMAND: POST /session/49ce6e540116f27b140a1659947dcef3/execute/async - {"script":"<script> [1562 bytes]","args":[{"selector":{"controlType":"sap.ui.core.Icon","viewName":"etm.portal.ui.ruinventorylist.view.Master","viewId":"application-ruinventorylist-display-component---Master","properties":{"src":{"regex":{"source":"value\\-help"}}},"searchOpenDialogs":true,"ancestor":{"controlType":"sap.m.ColumnListItem","viewName":"etm.portal.ui.ruinventorylist.view.Master","viewId":"application-ruinventorylist-display-component---Master","bindingPath":{"modelName":"additionalRequiredFields","path":"/currentCharacteristics/0"},"ancestor":{"id":"application-ruinventorylist-display-component---Master--splitCharacteristicsTable","searchOpenDialogs":true}}},"wdio_ui5_key":"etmportal.ui.ruinventorylist.view.Mastersap.ui.core.Icon{\"src\":{\"regex\":{\"source\":\"value\\\\-help\"}}}{\"controlType\":\"sap.m.ColumnListItem\",\"viewName\":\"etm.portal.ui.ruinventorylist.view.Master\",\"viewId\":\"application-ruinventorylist-display-component---Master\",\"bindingPath\":{\"modelName\":\"additionalRequiredFields\",\"path\":\"/currentCharacteristics/0\"},\"ancestor\":{\"id\":\"application-ruinventorylist-display-component---Master--splitCharacteristicsTable\",\"searchOpenDialogs\":true}}"}]}
COMMAND: GET /session/49ce6e540116f27b140a1659947dcef3/screenshot - {}
RESULT: {"script":"<script> [1562 bytes]","args":[{"selector":{"controlType":"sap.ui.core.Icon","viewName":"etm.portal.ui.ruinventorylist.view.Master","viewId":"application-ruinventorylist-display-component---Master","properties":{"src":{"regex":{"source":"value\\-help"}}},"searchOpenDialogs":true,"ancestor":{"controlType":"sap.m.ColumnListItem","viewName":"etm.portal.ui.ruinventorylist.view.Master","viewId":"application-ruinventorylist-display-component---Master","bindingPath":{"modelName":"additionalRequiredFields","path":"/currentCharacteristics/0"},"ancestor":{"id":"application-ruinventorylist-display-component---Master--splitCharacteristicsTable","searchOpenDialogs":true}}},"wdio_ui5_key":"etmportal.ui.ruinventorylist.view.Mastersap.ui.core.Icon{\"src\":{\"regex\":{\"source\":\"value\\\\-help\"}}}{\"controlType\":\"sap.m.ColumnListItem\",\"viewName\":\"etm.portal.ui.ruinventorylist.view.Master\",\"viewId\":\"application-ruinventorylist-display-component---Master\",\"bindingPath\":{\"modelName\":\"additionalRequiredFields\",\"path\":\"/currentCharacteristics/0\"},\"ancestor\":{\"id\":\"application-ruinventorylist-display-component---Master--splitCharacteristicsTable\",\"searchOpenDialogs\":true}}"}]}
RESULT: undefined
COMMAND: POST /session/49ce6e540116f27b140a1659947dcef3/element - {"using":"xpath","value":"//*[@id=\"__help4-application-ruinventorylist-display-component---Master--splitCharacteristicsTable-0-vhi\"]"}
RESULT: {}
RESULT: {"using":"xpath","value":"//*[@id=\"__help4-application-ruinventorylist-display-component---Master--splitCharacteristicsTable-0-vhi\"]"}
COMMAND: POST /session/49ce6e540116f27b140a1659947dcef3/element/f.7D4ACEAF94CC5BFA60E7F487674B7E0A.d.A290A50464E2B1108F223C5227262860.e.4550/click - {}
RESULT: {}
COMMAND: POST /session/49ce6e540116f27b140a1659947dcef3/element - {"using":"xpath","value":"(//input[contains(@aria-label ,\"Search\")])[1]"}
COMMAND: GET /session/49ce6e540116f27b140a1659947dcef3/screenshot - {}
RESULT: {"using":"xpath","value":"(//input[contains(@aria-label ,\"Search\")])[1]"}
COMMAND: POST /session/49ce6e540116f27b140a1659947dcef3/element/f.7D4ACEAF94CC5BFA60E7F487674B7E0A.d.A290A50464E2B1108F223C5227262860.e.4554/clear - {}
RESULT: {}
RESULT: {}
COMMAND: POST /session/49ce6e540116f27b140a1659947dcef3/element/f.7D4ACEAF94CC5BFA60E7F487674B7E0A.d.A290A50464E2B1108F223C5227262860.e.4554/value - {"text":"10001010"}
COMMAND: GET /session/49ce6e540116f27b140a1659947dcef3/screenshot - {}
RESULT: {"text":"10001010"}
COMMAND: POST /session/49ce6e540116f27b140a1659947dcef3/actions - {"actions":[{"id":"action28","type":"key","parameters":{},"actions":[{"type":"keyDown","value":"î€‡"},{"type":"pause","duration":10},{"type":"keyUp","value":"î€‡"}]}]}
COMMAND: GET /session/49ce6e540116f27b140a1659947dcef3/screenshot - {}
RESULT: {}
RESULT: {"actions":[{"id":"action28","type":"key","parameters":{},"actions":[{"type":"keyDown","value":"î€‡"},{"type":"pause","duration":10},{"type":"keyUp","value":"î€‡"}]}]}
COMMAND: GET /session/49ce6e540116f27b140a1659947dcef3/screenshot - {}
RESULT: {}
RESULT: {}
COMMAND: POST /session/49ce6e540116f27b140a1659947dcef3/element - {"using":"xpath","value":"(//span[contains(text(), \"Purchasing\")])[1]"}
RESULT: {"using":"xpath","value":"(//span[contains(text(), \"Purchasing\")])[1]"}
COMMAND: POST /session/49ce6e540116f27b140a1659947dcef3/element/f.7D4ACEAF94CC5BFA60E7F487674B7E0A.d.A290A50464E2B1108F223C5227262860.e.4591/click - {}
RESULT: {}
COMMAND: GET /session/49ce6e540116f27b140a1659947dcef3/screenshot - {}
RESULT: {}
COMMAND: POST /session/49ce6e540116f27b140a1659947dcef3/element - {"using":"xpath","value":"//span[contains(@id ,\"ok-content\")]"}
RESULT: {"using":"xpath","value":"//span[contains(@id ,\"ok-content\")]"}
COMMAND: POST /session/49ce6e540116f27b140a1659947dcef3/element/f.7D4ACEAF94CC5BFA60E7F487674B7E0A.d.A290A50464E2B1108F223C5227262860.e.4592/click - {}
RESULT: {}
COMMAND: GET /session/49ce6e540116f27b140a1659947dcef3/screenshot - {}
RESULT: {}
COMMAND: POST /session/49ce6e540116f27b140a1659947dcef3/element - {"using":"xpath","value":"//bdi[contains(text(), \"Save\")]"}
RESULT: {"using":"xpath","value":"//bdi[contains(text(), \"Save\")]"}
COMMAND: POST /session/49ce6e540116f27b140a1659947dcef3/element/f.7D4ACEAF94CC5BFA60E7F487674B7E0A.d.A290A50464E2B1108F223C5227262860.e.4595/click - {}
RESULT: {}
COMMAND: GET /session/49ce6e540116f27b140a1659947dcef3/screenshot - {}
RESULT: {}
COMMAND: POST /session/49ce6e540116f27b140a1659947dcef3/element - {"using":"xpath","value":"//bdi[contains(text(), \"OK\")]"}
RESULT: {"using":"xpath","value":"//bdi[contains(text(), \"OK\")]"}
COMMAND: POST /session/49ce6e540116f27b140a1659947dcef3/element/f.7D4ACEAF94CC5BFA60E7F487674B7E0A.d.A290A50464E2B1108F223C5227262860.e.4597/click - {}
RESULT: {}
COMMAND: GET /session/49ce6e540116f27b140a1659947dcef3/screenshot - {}
RESULT: {}
COMMAND: POST /session/49ce6e540116f27b140a1659947dcef3/actions - {"actions":[{"id":"action29","type":"key","parameters":{},"actions":[{"type":"keyDown","value":"î€‡"},{"type":"pause","duration":10},{"type":"keyUp","value":"î€‡"}]}]}
RESULT: {"actions":[{"id":"action29","type":"key","parameters":{},"actions":[{"type":"keyDown","value":"î€‡"},{"type":"pause","duration":10},{"type":"keyUp","value":"î€‡"}]}]}
COMMAND: GET /session/49ce6e540116f27b140a1659947dcef3/screenshot - {}
RESULT: {}
COMMAND: POST /session/49ce6e540116f27b140a1659947dcef3/execute/async - {"script":"<script> [1562 bytes]","args":[{"selector":{"controlType":"sap.m.Title","viewName":"etm.portal.ui.managecontracts.view.Detail","properties":{"text":"Contract Items (1)"}},"wdio_ui5_key":"etmportal.ui.managecontracts.view.Detailsap.m.Title{\"text\":\"Contract Items (1)\"}"}]}
RESULT: {"script":"<script> [1562 bytes]","args":[{"selector":{"controlType":"sap.m.Title","viewName":"etm.portal.ui.managecontracts.view.Detail","properties":{"text":"Contract Items (1)"}},"wdio_ui5_key":"etmportal.ui.managecontracts.view.Detailsap.m.Title{\"text\":\"Contract Items (1)\"}"}]}
RESULT: undefined
COMMAND: POST /session/49ce6e540116f27b140a1659947dcef3/execute/async - {"script":"<script> [6424 bytes]","args":[{"element-6066-11e4-a52e-4f735466cecf":"f.7D4ACEAF94CC5BFA60E7F487674B7E0A.d.A290A50464E2B1108F223C5227262860.e.4783"},"getText",[]]}
RESULT: {"script":"<script> [6424 bytes]","args":[{"element-6066-11e4-a52e-4f735466cecf":"f.7D4ACEAF94CC5BFA60E7F487674B7E0A.d.A290A50464E2B1108F223C5227262860.e.4783"},"getText",[]]}
COMMAND: POST /session/49ce6e540116f27b140a1659947dcef3/element - {"using":"xpath","value":"//div[contains(@data-kt ,\"characteristicsObjectStatus\")]"}
RESULT: {"using":"xpath","value":"//div[contains(@data-kt ,\"characteristicsObjectStatus\")]"}
COMMAND: POST /session/49ce6e540116f27b140a1659947dcef3/element/f.7D4ACEAF94CC5BFA60E7F487674B7E0A.d.A290A50464E2B1108F223C5227262860.e.4784/click - {}
RESULT: {}
COMMAND: GET /session/49ce6e540116f27b140a1659947dcef3/screenshot - {}
RESULT: {}
COMMAND: POST /session/49ce6e540116f27b140a1659947dcef3/element - {"using":"xpath","value":"(//input[contains(@class ,\"sapMInputBaseInner sapMComboBoxInner\")])[2]"}
RESULT: {"using":"xpath","value":"(//input[contains(@class ,\"sapMInputBaseInner sapMComboBoxInner\")])[2]"}
COMMAND: GET /session/49ce6e540116f27b140a1659947dcef3/element/f.7D4ACEAF94CC5BFA60E7F487674B7E0A.d.A290A50464E2B1108F223C5227262860.e.4790/property/value - {}
RESULT: {}
COMMAND: POST /session/49ce6e540116f27b140a1659947dcef3/element - {"using":"xpath","value":"//span[contains(text(), \"Input (10001010) 10001010 - Purchasing\")]"}
COMMAND: GET /session/49ce6e540116f27b140a1659947dcef3/screenshot - {}
RESULT: {"using":"xpath","value":"//span[contains(text(), \"Input (10001010) 10001010 - Purchasing\")]"}
COMMAND: POST /session/49ce6e540116f27b140a1659947dcef3/elements - {"using":"xpath","value":"//span[contains(text(), \"Input (10001010) 10001010 - Purchasing\")]"}
RESULT: {}
RESULT: {"using":"xpath","value":"//span[contains(text(), \"Input (10001010) 10001010 - Purchasing\")]"}
COMMAND: POST /session/49ce6e540116f27b140a1659947dcef3/elements - {"using":"xpath","value":"//span[contains(text(), \"Input (10001010) 10001010 - Purchasing\")]"}
RESULT: {"using":"xpath","value":"//span[contains(text(), \"Input (10001010) 10001010 - Purchasing\")]"}
COMMAND: POST /session/49ce6e540116f27b140a1659947dcef3/elements - {"using":"xpath","value":"//span[contains(text(), \"Input (10001010) 10001010 - Purchasing\")]"}
RESULT: {"using":"xpath","value":"//span[contains(text(), \"Input (10001010) 10001010 - Purchasing\")]"}
COMMAND: POST /session/49ce6e540116f27b140a1659947dcef3/elements - {"using":"xpath","value":"//span[contains(text(), \"Input (10001010) 10001010 - Purchasing\")]"}
RESULT: {"using":"xpath","value":"//span[contains(text(), \"Input (10001010) 10001010 - Purchasing\")]"}
COMMAND: POST /session/49ce6e540116f27b140a1659947dcef3/elements - {"using":"xpath","value":"//span[contains(text(), \"Input (10001010) 10001010 - Purchasing\")]"}
RESULT: {"using":"xpath","value":"//span[contains(text(), \"Input (10001010) 10001010 - Purchasing\")]"}
COMMAND: POST /session/49ce6e540116f27b140a1659947dcef3/elements - {"using":"xpath","value":"//span[contains(text(), \"Input (10001010) 10001010 - Purchasing\")]"}
RESULT: {"using":"xpath","value":"//span[contains(text(), \"Input (10001010) 10001010 - Purchasing\")]"}
COMMAND: POST /session/49ce6e540116f27b140a1659947dcef3/elements - {"using":"xpath","value":"//span[contains(text(), \"Input (10001010) 10001010 - Purchasing\")]"}
RESULT: {"using":"xpath","value":"//span[contains(text(), \"Input (10001010) 10001010 - Purchasing\")]"}
COMMAND: POST /session/49ce6e540116f27b140a1659947dcef3/elements - {"using":"xpath","value":"//span[contains(text(), \"Input (10001010) 10001010 - Purchasing\")]"}
RESULT: {"using":"xpath","value":"//span[contains(text(), \"Input (10001010) 10001010 - Purchasing\")]"}
COMMAND: POST /session/49ce6e540116f27b140a1659947dcef3/elements - {"using":"xpath","value":"//span[contains(text(), \"Input (10001010) 10001010 - Purchasing\")]"}
RESULT: {"using":"xpath","value":"//span[contains(text(), \"Input (10001010) 10001010 - Purchasing\")]"}
COMMAND: POST /session/49ce6e540116f27b140a1659947dcef3/elements - {"using":"xpath","value":"//span[contains(text(), \"Input (10001010) 10001010 - Purchasing\")]"}
RESULT: {"using":"xpath","value":"//span[contains(text(), \"Input (10001010) 10001010 - Purchasing\")]"}
COMMAND: POST /session/49ce6e540116f27b140a1659947dcef3/elements - {"using":"xpath","value":"//span[contains(text(), \"Input (10001010) 10001010 - Purchasing\")]"}
RESULT: {"using":"xpath","value":"//span[contains(text(), \"Input (10001010) 10001010 - Purchasing\")]"}
COMMAND: POST /session/49ce6e540116f27b140a1659947dcef3/elements - {"using":"xpath","value":"//span[contains(text(), \"Input (10001010) 10001010 - Purchasing\")]"}
RESULT: {"using":"xpath","value":"//span[contains(text(), \"Input (10001010) 10001010 - Purchasing\")]"}
COMMAND: POST /session/49ce6e540116f27b140a1659947dcef3/elements - {"using":"xpath","value":"//span[contains(text(), \"Input (10001010) 10001010 - Purchasing\")]"}
RESULT: {"using":"xpath","value":"//span[contains(text(), \"Input (10001010) 10001010 - Purchasing\")]"}
COMMAND: POST /session/49ce6e540116f27b140a1659947dcef3/elements - {"using":"xpath","value":"//span[contains(text(), \"Input (10001010) 10001010 - Purchasing\")]"}
RESULT: {"using":"xpath","value":"//span[contains(text(), \"Input (10001010) 10001010 - Purchasing\")]"}
COMMAND: POST /session/49ce6e540116f27b140a1659947dcef3/elements - {"using":"xpath","value":"//span[contains(text(), \"Input (10001010) 10001010 - Purchasing\")]"}
RESULT: {"using":"xpath","value":"//span[contains(text(), \"Input (10001010) 10001010 - Purchasing\")]"}
COMMAND: POST /session/49ce6e540116f27b140a1659947dcef3/elements - {"using":"xpath","value":"//span[contains(text(), \"Input (10001010) 10001010 - Purchasing\")]"}
RESULT: {"using":"xpath","value":"//span[contains(text(), \"Input (10001010) 10001010 - Purchasing\")]"}
COMMAND: POST /session/49ce6e540116f27b140a1659947dcef3/elements - {"using":"xpath","value":"//span[contains(text(), \"Input (10001010) 10001010 - Purchasing\")]"}
RESULT: {"using":"xpath","value":"//span[contains(text(), \"Input (10001010) 10001010 - Purchasing\")]"}
COMMAND: POST /session/49ce6e540116f27b140a1659947dcef3/elements - {"using":"xpath","value":"//span[contains(text(), \"Input (10001010) 10001010 - Purchasing\")]"}
RESULT: {"using":"xpath","value":"//span[contains(text(), \"Input (10001010) 10001010 - Purchasing\")]"}
COMMAND: POST /session/49ce6e540116f27b140a1659947dcef3/elements - {"using":"xpath","value":"//span[contains(text(), \"Input (10001010) 10001010 - Purchasing\")]"}
RESULT: {"using":"xpath","value":"//span[contains(text(), \"Input (10001010) 10001010 - Purchasing\")]"}
COMMAND: DELETE /session/49ce6e540116f27b140a1659947dcef3 - {}
RESULT: {}
]]></system-out>
    </testcase>
  </testsuite>
</testsuites>