<?xml version="1.0" encoding="UTF-8"?>
<testsuites tests="49" failures="0" errors="0" skipped="0">
  <testsuite timestamp="2025-05-19T15:08:35" time="1857.479" tests="49" failures="0" errors="0" skipped="0">
    <properties>
      <property name="specId" value="0" />
      <property name="suiteName" value="Sanity Tests US104253" />
      <property name="capabilities" value="chrome.136_0_7103_93.windows" />
      <property name="file" value="file:///D:/a/1/s/test/specs/General/sanity.spec.js" />
    </properties>
    <testcase classname="chrome.136_0_7103_93.windows.Sanity_Tests_US104253" name="Should open Manage Partners page" time="42.199">
      <system-out><![CDATA[
COMMAND: POST /session/7da9309f7e88fd38dc1cf6604ce40035/execute/async - {"script":"<script> [1562 bytes]","args":[{"selector":{"controlType":"sap.m.GenericTile","properties":{"header":"Manage Partners"}},"wdio_ui5_key":"sapm.GenericTile{\"header\":\"Manage Partners\"}"}]}
RESULT: {"script":"<script> [1562 bytes]","args":[{"selector":{"controlType":"sap.m.GenericTile","properties":{"header":"Manage Partners"}},"wdio_ui5_key":"sapm.GenericTile{\"header\":\"Manage Partners\"}"}]}
RESULT: undefined
COMMAND: POST /session/7da9309f7e88fd38dc1cf6604ce40035/element - {"using":"xpath","value":"//*[@id=\"__tile38\"]"}
RESULT: {"using":"xpath","value":"//*[@id=\"__tile38\"]"}
COMMAND: POST /session/7da9309f7e88fd38dc1cf6604ce40035/element/f.BBFD096D24AC98DA896BC059A3F326CC.d.C617F25205C05CC7C9BFA22EFBE3DCD4.e.109/click - {}
RESULT: {}
COMMAND: GET /session/7da9309f7e88fd38dc1cf6604ce40035/screenshot - {}
RESULT: {}
COMMAND: POST /session/7da9309f7e88fd38dc1cf6604ce40035/elements - {"using":"xpath","value":"//span[text()='Error']"}
RESULT: {"using":"xpath","value":"//span[text()='Error']"}
RESULT: undefined
COMMAND: POST /session/7da9309f7e88fd38dc1cf6604ce40035/element - {"using":"xpath","value":"//*[@id=\"__tile38\"]"}
RESULT: {"using":"xpath","value":"//*[@id=\"__tile38\"]"}
COMMAND: POST /session/7da9309f7e88fd38dc1cf6604ce40035/element/f.BBFD096D24AC98DA896BC059A3F326CC.d.C617F25205C05CC7C9BFA22EFBE3DCD4.e.109/click - {}
RESULT: undefined
COMMAND: POST /session/7da9309f7e88fd38dc1cf6604ce40035/element - {"using":"xpath","value":"//*[@id=\"__tile38\"]"}
RESULT: {"using":"xpath","value":"//*[@id=\"__tile38\"]"}
COMMAND: POST /session/7da9309f7e88fd38dc1cf6604ce40035/element/f.BBFD096D24AC98DA896BC059A3F326CC.d.C617F25205C05CC7C9BFA22EFBE3DCD4.e.109/click - {}
COMMAND: POST /session/7da9309f7e88fd38dc1cf6604ce40035/execute/async - {"script":"<script> [1562 bytes]","args":[{"selector":{"id":"shellAppTitle"},"wdio_ui5_key":"shellAppTitle"}]}
RESULT: {"script":"<script> [1562 bytes]","args":[{"selector":{"id":"shellAppTitle"},"wdio_ui5_key":"shellAppTitle"}]}
RESULT: undefined
COMMAND: POST /session/7da9309f7e88fd38dc1cf6604ce40035/execute/async - {"script":"<script> [6424 bytes]","args":[{"element-6066-11e4-a52e-4f735466cecf":"f.BBFD096D24AC98DA896BC059A3F326CC.d.C617F25205C05CC7C9BFA22EFBE3DCD4.e.282"},"getTitle",[]]}
RESULT: {"script":"<script> [6424 bytes]","args":[{"element-6066-11e4-a52e-4f735466cecf":"f.BBFD096D24AC98DA896BC059A3F326CC.d.C617F25205C05CC7C9BFA22EFBE3DCD4.e.282"},"getTitle",[]]}
COMMAND: POST /session/7da9309f7e88fd38dc1cf6604ce40035/execute/async - {"script":"<script> [1562 bytes]","args":[{"selector":{"id":"backBtn"},"wdio_ui5_key":"backBtn"}]}
RESULT: {"script":"<script> [1562 bytes]","args":[{"selector":{"id":"backBtn"},"wdio_ui5_key":"backBtn"}]}
RESULT: undefined
COMMAND: POST /session/7da9309f7e88fd38dc1cf6604ce40035/element - {"using":"xpath","value":"//*[@id=\"backBtn\"]"}
RESULT: {"using":"xpath","value":"//*[@id=\"backBtn\"]"}
COMMAND: POST /session/7da9309f7e88fd38dc1cf6604ce40035/element/f.BBFD096D24AC98DA896BC059A3F326CC.d.C617F25205C05CC7C9BFA22EFBE3DCD4.e.283/click - {}
RESULT: {}
COMMAND: GET /session/7da9309f7e88fd38dc1cf6604ce40035/screenshot - {}
RESULT: {}
]]></system-out>
    </testcase>
    <testcase classname="chrome.136_0_7103_93.windows.Sanity_Tests_US104253" name="Should open Manage Sites page" time="46.608">
      <system-out><![CDATA[
COMMAND: POST /session/7da9309f7e88fd38dc1cf6604ce40035/execute/async - {"script":"<script> [1562 bytes]","args":[{"selector":{"controlType":"sap.m.GenericTile","properties":{"header":"Manage Sites"}},"wdio_ui5_key":"sapm.GenericTile{\"header\":\"Manage Sites\"}"}]}
RESULT: {"script":"<script> [1562 bytes]","args":[{"selector":{"controlType":"sap.m.GenericTile","properties":{"header":"Manage Sites"}},"wdio_ui5_key":"sapm.GenericTile{\"header\":\"Manage Sites\"}"}]}
RESULT: undefined
COMMAND: POST /session/7da9309f7e88fd38dc1cf6604ce40035/element - {"using":"xpath","value":"//*[@id=\"__tile40\"]"}
RESULT: {"using":"xpath","value":"//*[@id=\"__tile40\"]"}
COMMAND: POST /session/7da9309f7e88fd38dc1cf6604ce40035/element/f.BBFD096D24AC98DA896BC059A3F326CC.d.C617F25205C05CC7C9BFA22EFBE3DCD4.e.285/click - {}
RESULT: {}
COMMAND: GET /session/7da9309f7e88fd38dc1cf6604ce40035/screenshot - {}
RESULT: {}
COMMAND: POST /session/7da9309f7e88fd38dc1cf6604ce40035/elements - {"using":"xpath","value":"//span[text()='Error']"}
RESULT: {"using":"xpath","value":"//span[text()='Error']"}
RESULT: undefined
COMMAND: POST /session/7da9309f7e88fd38dc1cf6604ce40035/element - {"using":"xpath","value":"//*[@id=\"__tile40\"]"}
RESULT: {"using":"xpath","value":"//*[@id=\"__tile40\"]"}
COMMAND: POST /session/7da9309f7e88fd38dc1cf6604ce40035/element/f.BBFD096D24AC98DA896BC059A3F326CC.d.C617F25205C05CC7C9BFA22EFBE3DCD4.e.285/click - {}
RESULT: undefined
COMMAND: POST /session/7da9309f7e88fd38dc1cf6604ce40035/element - {"using":"xpath","value":"//*[@id=\"__tile40\"]"}
RESULT: {"using":"xpath","value":"//*[@id=\"__tile40\"]"}
COMMAND: POST /session/7da9309f7e88fd38dc1cf6604ce40035/element/f.BBFD096D24AC98DA896BC059A3F326CC.d.C617F25205C05CC7C9BFA22EFBE3DCD4.e.285/click - {}
RESULT: undefined
COMMAND: POST /session/7da9309f7e88fd38dc1cf6604ce40035/execute/async - {"script":"<script> [6424 bytes]","args":[{"element-6066-11e4-a52e-4f735466cecf":"f.BBFD096D24AC98DA896BC059A3F326CC.d.C617F25205C05CC7C9BFA22EFBE3DCD4.e.282"},"getTitle",[]]}
COMMAND: POST /session/7da9309f7e88fd38dc1cf6604ce40035/execute/async - {"script":"<script> [1562 bytes]","args":[{"selector":{"id":"shellAppTitle"},"wdio_ui5_key":"shellAppTitle"}]}
RESULT: {"script":"<script> [1562 bytes]","args":[{"selector":{"id":"shellAppTitle"},"wdio_ui5_key":"shellAppTitle"}]}
COMMAND: POST /session/7da9309f7e88fd38dc1cf6604ce40035/execute/async - {"script":"<script> [6424 bytes]","args":[{"element-6066-11e4-a52e-4f735466cecf":"f.BBFD096D24AC98DA896BC059A3F326CC.d.C617F25205C05CC7C9BFA22EFBE3DCD4.e.475"},"getTitle",[]]}
RESULT: {"script":"<script> [6424 bytes]","args":[{"element-6066-11e4-a52e-4f735466cecf":"f.BBFD096D24AC98DA896BC059A3F326CC.d.C617F25205C05CC7C9BFA22EFBE3DCD4.e.475"},"getTitle",[]]}
RESULT: undefined
COMMAND: POST /session/7da9309f7e88fd38dc1cf6604ce40035/element/f.BBFD096D24AC98DA896BC059A3F326CC.d.C617F25205C05CC7C9BFA22EFBE3DCD4.e.283/click - {}
RESULT: {}
COMMAND: GET /session/7da9309f7e88fd38dc1cf6604ce40035/screenshot - {}
RESULT: {}
]]></system-out>
    </testcase>
    <testcase classname="chrome.136_0_7103_93.windows.Sanity_Tests_US104253" name="Should open Manage Resources page" time="35.804">
      <system-out><![CDATA[
COMMAND: POST /session/7da9309f7e88fd38dc1cf6604ce40035/execute/async - {"script":"<script> [1562 bytes]","args":[{"selector":{"controlType":"sap.m.GenericTile","properties":{"header":"Manage Resources"}},"wdio_ui5_key":"sapm.GenericTile{\"header\":\"Manage Resources\"}"}]}
RESULT: {"script":"<script> [1562 bytes]","args":[{"selector":{"controlType":"sap.m.GenericTile","properties":{"header":"Manage Resources"}},"wdio_ui5_key":"sapm.GenericTile{\"header\":\"Manage Resources\"}"}]}
RESULT: undefined
COMMAND: POST /session/7da9309f7e88fd38dc1cf6604ce40035/element - {"using":"xpath","value":"//*[@id=\"__tile39\"]"}
RESULT: {"using":"xpath","value":"//*[@id=\"__tile39\"]"}
COMMAND: POST /session/7da9309f7e88fd38dc1cf6604ce40035/element/f.BBFD096D24AC98DA896BC059A3F326CC.d.C617F25205C05CC7C9BFA22EFBE3DCD4.e.477/click - {}
RESULT: {}
COMMAND: GET /session/7da9309f7e88fd38dc1cf6604ce40035/screenshot - {}
RESULT: {}
COMMAND: POST /session/7da9309f7e88fd38dc1cf6604ce40035/elements - {"using":"xpath","value":"//span[text()='Error']"}
RESULT: {"using":"xpath","value":"//span[text()='Error']"}
RESULT: undefined
COMMAND: POST /session/7da9309f7e88fd38dc1cf6604ce40035/element - {"using":"xpath","value":"//*[@id=\"__tile39\"]"}
RESULT: {"using":"xpath","value":"//*[@id=\"__tile39\"]"}
COMMAND: POST /session/7da9309f7e88fd38dc1cf6604ce40035/element/f.BBFD096D24AC98DA896BC059A3F326CC.d.C617F25205C05CC7C9BFA22EFBE3DCD4.e.477/click - {}
RESULT: undefined
COMMAND: POST /session/7da9309f7e88fd38dc1cf6604ce40035/element - {"using":"xpath","value":"//*[@id=\"__tile39\"]"}
RESULT: {"using":"xpath","value":"//*[@id=\"__tile39\"]"}
COMMAND: POST /session/7da9309f7e88fd38dc1cf6604ce40035/element/f.BBFD096D24AC98DA896BC059A3F326CC.d.C617F25205C05CC7C9BFA22EFBE3DCD4.e.477/click - {}
RESULT: undefined
COMMAND: POST /session/7da9309f7e88fd38dc1cf6604ce40035/execute/async - {"script":"<script> [6424 bytes]","args":[{"element-6066-11e4-a52e-4f735466cecf":"f.BBFD096D24AC98DA896BC059A3F326CC.d.C617F25205C05CC7C9BFA22EFBE3DCD4.e.282"},"getTitle",[]]}
COMMAND: POST /session/7da9309f7e88fd38dc1cf6604ce40035/execute/async - {"script":"<script> [1562 bytes]","args":[{"selector":{"id":"shellAppTitle"},"wdio_ui5_key":"shellAppTitle"}]}
RESULT: {"script":"<script> [1562 bytes]","args":[{"selector":{"id":"shellAppTitle"},"wdio_ui5_key":"shellAppTitle"}]}
COMMAND: POST /session/7da9309f7e88fd38dc1cf6604ce40035/execute/async - {"script":"<script> [6424 bytes]","args":[{"element-6066-11e4-a52e-4f735466cecf":"f.BBFD096D24AC98DA896BC059A3F326CC.d.C617F25205C05CC7C9BFA22EFBE3DCD4.e.647"},"getTitle",[]]}
RESULT: {"script":"<script> [6424 bytes]","args":[{"element-6066-11e4-a52e-4f735466cecf":"f.BBFD096D24AC98DA896BC059A3F326CC.d.C617F25205C05CC7C9BFA22EFBE3DCD4.e.647"},"getTitle",[]]}
RESULT: undefined
COMMAND: POST /session/7da9309f7e88fd38dc1cf6604ce40035/element/f.BBFD096D24AC98DA896BC059A3F326CC.d.C617F25205C05CC7C9BFA22EFBE3DCD4.e.283/click - {}
COMMAND: POST /session/7da9309f7e88fd38dc1cf6604ce40035/element - {"using":"xpath","value":"//*[@id=\"backBtn\"]"}
RESULT: {"using":"xpath","value":"//*[@id=\"backBtn\"]"}
COMMAND: POST /session/7da9309f7e88fd38dc1cf6604ce40035/element/f.BBFD096D24AC98DA896BC059A3F326CC.d.C617F25205C05CC7C9BFA22EFBE3DCD4.e.283/click - {}
COMMAND: POST /session/7da9309f7e88fd38dc1cf6604ce40035/element - {"using":"xpath","value":"//*[@id=\"backBtn\"]"}
RESULT: {"using":"xpath","value":"//*[@id=\"backBtn\"]"}
COMMAND: POST /session/7da9309f7e88fd38dc1cf6604ce40035/element/f.BBFD096D24AC98DA896BC059A3F326CC.d.C617F25205C05CC7C9BFA22EFBE3DCD4.e.648/click - {}
RESULT: {}
COMMAND: GET /session/7da9309f7e88fd38dc1cf6604ce40035/screenshot - {}
RESULT: {}
]]></system-out>
    </testcase>
    <testcase classname="chrome.136_0_7103_93.windows.Sanity_Tests_US104253" name="Should open Manage Catalogs page" time="35.897">
      <system-out><![CDATA[
COMMAND: POST /session/7da9309f7e88fd38dc1cf6604ce40035/execute/async - {"script":"<script> [1562 bytes]","args":[{"selector":{"controlType":"sap.m.GenericTile","properties":{"header":"Manage Catalogs"}},"wdio_ui5_key":"sapm.GenericTile{\"header\":\"Manage Catalogs\"}"}]}
RESULT: {"script":"<script> [1562 bytes]","args":[{"selector":{"controlType":"sap.m.GenericTile","properties":{"header":"Manage Catalogs"}},"wdio_ui5_key":"sapm.GenericTile{\"header\":\"Manage Catalogs\"}"}]}
RESULT: undefined
COMMAND: POST /session/7da9309f7e88fd38dc1cf6604ce40035/element - {"using":"xpath","value":"//*[@id=\"__tile37\"]"}
RESULT: {"using":"xpath","value":"//*[@id=\"__tile37\"]"}
COMMAND: POST /session/7da9309f7e88fd38dc1cf6604ce40035/element/f.BBFD096D24AC98DA896BC059A3F326CC.d.C617F25205C05CC7C9BFA22EFBE3DCD4.e.650/click - {}
RESULT: {}
COMMAND: GET /session/7da9309f7e88fd38dc1cf6604ce40035/screenshot - {}
RESULT: {}
COMMAND: POST /session/7da9309f7e88fd38dc1cf6604ce40035/elements - {"using":"xpath","value":"//span[text()='Error']"}
RESULT: {"using":"xpath","value":"//span[text()='Error']"}
RESULT: undefined
COMMAND: POST /session/7da9309f7e88fd38dc1cf6604ce40035/element - {"using":"xpath","value":"//*[@id=\"__tile37\"]"}
RESULT: {"using":"xpath","value":"//*[@id=\"__tile37\"]"}
COMMAND: POST /session/7da9309f7e88fd38dc1cf6604ce40035/element/f.BBFD096D24AC98DA896BC059A3F326CC.d.C617F25205C05CC7C9BFA22EFBE3DCD4.e.650/click - {}
RESULT: undefined
COMMAND: POST /session/7da9309f7e88fd38dc1cf6604ce40035/element - {"using":"xpath","value":"//*[@id=\"__tile37\"]"}
RESULT: {"using":"xpath","value":"//*[@id=\"__tile37\"]"}
COMMAND: POST /session/7da9309f7e88fd38dc1cf6604ce40035/element/f.BBFD096D24AC98DA896BC059A3F326CC.d.C617F25205C05CC7C9BFA22EFBE3DCD4.e.650/click - {}
RESULT: undefined
COMMAND: POST /session/7da9309f7e88fd38dc1cf6604ce40035/execute/async - {"script":"<script> [6424 bytes]","args":[{"element-6066-11e4-a52e-4f735466cecf":"f.BBFD096D24AC98DA896BC059A3F326CC.d.C617F25205C05CC7C9BFA22EFBE3DCD4.e.282"},"getTitle",[]]}
COMMAND: POST /session/7da9309f7e88fd38dc1cf6604ce40035/execute/async - {"script":"<script> [1562 bytes]","args":[{"selector":{"id":"shellAppTitle"},"wdio_ui5_key":"shellAppTitle"}]}
RESULT: {"script":"<script> [1562 bytes]","args":[{"selector":{"id":"shellAppTitle"},"wdio_ui5_key":"shellAppTitle"}]}
COMMAND: POST /session/7da9309f7e88fd38dc1cf6604ce40035/execute/async - {"script":"<script> [6424 bytes]","args":[{"element-6066-11e4-a52e-4f735466cecf":"f.BBFD096D24AC98DA896BC059A3F326CC.d.C617F25205C05CC7C9BFA22EFBE3DCD4.e.717"},"getTitle",[]]}
RESULT: {"script":"<script> [6424 bytes]","args":[{"element-6066-11e4-a52e-4f735466cecf":"f.BBFD096D24AC98DA896BC059A3F326CC.d.C617F25205C05CC7C9BFA22EFBE3DCD4.e.717"},"getTitle",[]]}
RESULT: undefined
COMMAND: POST /session/7da9309f7e88fd38dc1cf6604ce40035/element/f.BBFD096D24AC98DA896BC059A3F326CC.d.C617F25205C05CC7C9BFA22EFBE3DCD4.e.648/click - {}
RESULT: {}
COMMAND: GET /session/7da9309f7e88fd38dc1cf6604ce40035/screenshot - {}
RESULT: {}
]]></system-out>
    </testcase>
    <testcase classname="chrome.136_0_7103_93.windows.Sanity_Tests_US104253" name="Should open Manage Calendars page" time="36.79">
      <system-out><![CDATA[
COMMAND: POST /session/7da9309f7e88fd38dc1cf6604ce40035/execute/async - {"script":"<script> [1562 bytes]","args":[{"selector":{"controlType":"sap.m.GenericTile","properties":{"header":"Manage Calendars"}},"wdio_ui5_key":"sapm.GenericTile{\"header\":\"Manage Calendars\"}"}]}
RESULT: {"script":"<script> [1562 bytes]","args":[{"selector":{"controlType":"sap.m.GenericTile","properties":{"header":"Manage Calendars"}},"wdio_ui5_key":"sapm.GenericTile{\"header\":\"Manage Calendars\"}"}]}
RESULT: undefined
COMMAND: POST /session/7da9309f7e88fd38dc1cf6604ce40035/element - {"using":"xpath","value":"//*[@id=\"__tile36\"]"}
RESULT: {"using":"xpath","value":"//*[@id=\"__tile36\"]"}
COMMAND: POST /session/7da9309f7e88fd38dc1cf6604ce40035/element/f.BBFD096D24AC98DA896BC059A3F326CC.d.C617F25205C05CC7C9BFA22EFBE3DCD4.e.721/click - {}
RESULT: {}
COMMAND: GET /session/7da9309f7e88fd38dc1cf6604ce40035/screenshot - {}
RESULT: {}
COMMAND: POST /session/7da9309f7e88fd38dc1cf6604ce40035/elements - {"using":"xpath","value":"//span[text()='Error']"}
RESULT: {"using":"xpath","value":"//span[text()='Error']"}
RESULT: undefined
COMMAND: POST /session/7da9309f7e88fd38dc1cf6604ce40035/element - {"using":"xpath","value":"//*[@id=\"__tile36\"]"}
RESULT: {"using":"xpath","value":"//*[@id=\"__tile36\"]"}
COMMAND: POST /session/7da9309f7e88fd38dc1cf6604ce40035/element/f.BBFD096D24AC98DA896BC059A3F326CC.d.C617F25205C05CC7C9BFA22EFBE3DCD4.e.721/click - {}
RESULT: undefined
COMMAND: POST /session/7da9309f7e88fd38dc1cf6604ce40035/element - {"using":"xpath","value":"//*[@id=\"__tile36\"]"}
RESULT: {"using":"xpath","value":"//*[@id=\"__tile36\"]"}
COMMAND: POST /session/7da9309f7e88fd38dc1cf6604ce40035/element/f.BBFD096D24AC98DA896BC059A3F326CC.d.C617F25205C05CC7C9BFA22EFBE3DCD4.e.721/click - {}
RESULT: undefined
COMMAND: POST /session/7da9309f7e88fd38dc1cf6604ce40035/execute/async - {"script":"<script> [6424 bytes]","args":[{"element-6066-11e4-a52e-4f735466cecf":"f.BBFD096D24AC98DA896BC059A3F326CC.d.C617F25205C05CC7C9BFA22EFBE3DCD4.e.282"},"getTitle",[]]}
COMMAND: POST /session/7da9309f7e88fd38dc1cf6604ce40035/execute/async - {"script":"<script> [1562 bytes]","args":[{"selector":{"id":"shellAppTitle"},"wdio_ui5_key":"shellAppTitle"}]}
RESULT: {"script":"<script> [1562 bytes]","args":[{"selector":{"id":"shellAppTitle"},"wdio_ui5_key":"shellAppTitle"}]}
COMMAND: POST /session/7da9309f7e88fd38dc1cf6604ce40035/execute/async - {"script":"<script> [6424 bytes]","args":[{"element-6066-11e4-a52e-4f735466cecf":"f.BBFD096D24AC98DA896BC059A3F326CC.d.C617F25205C05CC7C9BFA22EFBE3DCD4.e.794"},"getTitle",[]]}
RESULT: {"script":"<script> [6424 bytes]","args":[{"element-6066-11e4-a52e-4f735466cecf":"f.BBFD096D24AC98DA896BC059A3F326CC.d.C617F25205C05CC7C9BFA22EFBE3DCD4.e.794"},"getTitle",[]]}
RESULT: undefined
COMMAND: POST /session/7da9309f7e88fd38dc1cf6604ce40035/element/f.BBFD096D24AC98DA896BC059A3F326CC.d.C617F25205C05CC7C9BFA22EFBE3DCD4.e.648/click - {}
COMMAND: POST /session/7da9309f7e88fd38dc1cf6604ce40035/element - {"using":"xpath","value":"//*[@id=\"backBtn\"]"}
RESULT: {"using":"xpath","value":"//*[@id=\"backBtn\"]"}
COMMAND: POST /session/7da9309f7e88fd38dc1cf6604ce40035/element/f.BBFD096D24AC98DA896BC059A3F326CC.d.C617F25205C05CC7C9BFA22EFBE3DCD4.e.648/click - {}
COMMAND: POST /session/7da9309f7e88fd38dc1cf6604ce40035/element - {"using":"xpath","value":"//*[@id=\"backBtn\"]"}
RESULT: {"using":"xpath","value":"//*[@id=\"backBtn\"]"}
COMMAND: POST /session/7da9309f7e88fd38dc1cf6604ce40035/element/f.BBFD096D24AC98DA896BC059A3F326CC.d.C617F25205C05CC7C9BFA22EFBE3DCD4.e.795/click - {}
RESULT: {}
COMMAND: GET /session/7da9309f7e88fd38dc1cf6604ce40035/screenshot - {}
RESULT: {}
]]></system-out>
    </testcase>
    <testcase classname="chrome.136_0_7103_93.windows.Sanity_Tests_US104253" name="Should open Address Management page" time="36.929">
      <system-out><![CDATA[
COMMAND: POST /session/7da9309f7e88fd38dc1cf6604ce40035/execute/async - {"script":"<script> [1562 bytes]","args":[{"selector":{"controlType":"sap.m.GenericTile","properties":{"header":"Address Management"}},"wdio_ui5_key":"sapm.GenericTile{\"header\":\"Address Management\"}"}]}
RESULT: {"script":"<script> [1562 bytes]","args":[{"selector":{"controlType":"sap.m.GenericTile","properties":{"header":"Address Management"}},"wdio_ui5_key":"sapm.GenericTile{\"header\":\"Address Management\"}"}]}
RESULT: undefined
COMMAND: POST /session/7da9309f7e88fd38dc1cf6604ce40035/element - {"using":"xpath","value":"//*[@id=\"__tile33\"]"}
RESULT: {"using":"xpath","value":"//*[@id=\"__tile33\"]"}
COMMAND: POST /session/7da9309f7e88fd38dc1cf6604ce40035/element/f.BBFD096D24AC98DA896BC059A3F326CC.d.C617F25205C05CC7C9BFA22EFBE3DCD4.e.797/click - {}
RESULT: {}
COMMAND: GET /session/7da9309f7e88fd38dc1cf6604ce40035/screenshot - {}
RESULT: {}
COMMAND: POST /session/7da9309f7e88fd38dc1cf6604ce40035/elements - {"using":"xpath","value":"//span[text()='Error']"}
RESULT: {"using":"xpath","value":"//span[text()='Error']"}
RESULT: undefined
COMMAND: POST /session/7da9309f7e88fd38dc1cf6604ce40035/element - {"using":"xpath","value":"//*[@id=\"__tile33\"]"}
RESULT: {"using":"xpath","value":"//*[@id=\"__tile33\"]"}
COMMAND: POST /session/7da9309f7e88fd38dc1cf6604ce40035/element/f.BBFD096D24AC98DA896BC059A3F326CC.d.C617F25205C05CC7C9BFA22EFBE3DCD4.e.797/click - {}
RESULT: undefined
COMMAND: POST /session/7da9309f7e88fd38dc1cf6604ce40035/element - {"using":"xpath","value":"//*[@id=\"__tile33\"]"}
RESULT: {"using":"xpath","value":"//*[@id=\"__tile33\"]"}
COMMAND: POST /session/7da9309f7e88fd38dc1cf6604ce40035/element/f.BBFD096D24AC98DA896BC059A3F326CC.d.C617F25205C05CC7C9BFA22EFBE3DCD4.e.797/click - {}
RESULT: undefined
COMMAND: POST /session/7da9309f7e88fd38dc1cf6604ce40035/execute/async - {"script":"<script> [6424 bytes]","args":[{"element-6066-11e4-a52e-4f735466cecf":"f.BBFD096D24AC98DA896BC059A3F326CC.d.C617F25205C05CC7C9BFA22EFBE3DCD4.e.282"},"getTitle",[]]}
COMMAND: POST /session/7da9309f7e88fd38dc1cf6604ce40035/execute/async - {"script":"<script> [1562 bytes]","args":[{"selector":{"id":"shellAppTitle"},"wdio_ui5_key":"shellAppTitle"}]}
RESULT: {"script":"<script> [1562 bytes]","args":[{"selector":{"id":"shellAppTitle"},"wdio_ui5_key":"shellAppTitle"}]}
COMMAND: POST /session/7da9309f7e88fd38dc1cf6604ce40035/execute/async - {"script":"<script> [6424 bytes]","args":[{"element-6066-11e4-a52e-4f735466cecf":"f.BBFD096D24AC98DA896BC059A3F326CC.d.C617F25205C05CC7C9BFA22EFBE3DCD4.e.979"},"getTitle",[]]}
RESULT: {"script":"<script> [6424 bytes]","args":[{"element-6066-11e4-a52e-4f735466cecf":"f.BBFD096D24AC98DA896BC059A3F326CC.d.C617F25205C05CC7C9BFA22EFBE3DCD4.e.979"},"getTitle",[]]}
RESULT: undefined
COMMAND: POST /session/7da9309f7e88fd38dc1cf6604ce40035/element/f.BBFD096D24AC98DA896BC059A3F326CC.d.C617F25205C05CC7C9BFA22EFBE3DCD4.e.795/click - {}
RESULT: {}
COMMAND: GET /session/7da9309f7e88fd38dc1cf6604ce40035/screenshot - {}
RESULT: {}
]]></system-out>
    </testcase>
    <testcase classname="chrome.136_0_7103_93.windows.Sanity_Tests_US104253" name="Should open Bill Of Resources page" time="35.904">
      <system-out><![CDATA[
COMMAND: POST /session/7da9309f7e88fd38dc1cf6604ce40035/execute/async - {"script":"<script> [1562 bytes]","args":[{"selector":{"controlType":"sap.m.GenericTile","properties":{"header":"Bill Of Resources"}},"wdio_ui5_key":"sapm.GenericTile{\"header\":\"Bill Of Resources\"}"}]}
RESULT: {"script":"<script> [1562 bytes]","args":[{"selector":{"controlType":"sap.m.GenericTile","properties":{"header":"Bill Of Resources"}},"wdio_ui5_key":"sapm.GenericTile{\"header\":\"Bill Of Resources\"}"}]}
RESULT: undefined
COMMAND: POST /session/7da9309f7e88fd38dc1cf6604ce40035/element - {"using":"xpath","value":"//*[@id=\"__tile34\"]"}
RESULT: {"using":"xpath","value":"//*[@id=\"__tile34\"]"}
COMMAND: POST /session/7da9309f7e88fd38dc1cf6604ce40035/element/f.BBFD096D24AC98DA896BC059A3F326CC.d.C617F25205C05CC7C9BFA22EFBE3DCD4.e.981/click - {}
RESULT: {}
COMMAND: GET /session/7da9309f7e88fd38dc1cf6604ce40035/screenshot - {}
RESULT: {}
COMMAND: POST /session/7da9309f7e88fd38dc1cf6604ce40035/elements - {"using":"xpath","value":"//span[text()='Error']"}
RESULT: {"using":"xpath","value":"//span[text()='Error']"}
RESULT: undefined
COMMAND: POST /session/7da9309f7e88fd38dc1cf6604ce40035/element - {"using":"xpath","value":"//*[@id=\"__tile34\"]"}
RESULT: {"using":"xpath","value":"//*[@id=\"__tile34\"]"}
COMMAND: POST /session/7da9309f7e88fd38dc1cf6604ce40035/element/f.BBFD096D24AC98DA896BC059A3F326CC.d.C617F25205C05CC7C9BFA22EFBE3DCD4.e.981/click - {}
RESULT: undefined
COMMAND: POST /session/7da9309f7e88fd38dc1cf6604ce40035/element - {"using":"xpath","value":"//*[@id=\"__tile34\"]"}
RESULT: {"using":"xpath","value":"//*[@id=\"__tile34\"]"}
COMMAND: POST /session/7da9309f7e88fd38dc1cf6604ce40035/element/f.BBFD096D24AC98DA896BC059A3F326CC.d.C617F25205C05CC7C9BFA22EFBE3DCD4.e.981/click - {}
RESULT: undefined
COMMAND: POST /session/7da9309f7e88fd38dc1cf6604ce40035/execute/async - {"script":"<script> [6424 bytes]","args":[{"element-6066-11e4-a52e-4f735466cecf":"f.BBFD096D24AC98DA896BC059A3F326CC.d.C617F25205C05CC7C9BFA22EFBE3DCD4.e.282"},"getTitle",[]]}
COMMAND: POST /session/7da9309f7e88fd38dc1cf6604ce40035/execute/async - {"script":"<script> [1562 bytes]","args":[{"selector":{"id":"shellAppTitle"},"wdio_ui5_key":"shellAppTitle"}]}
RESULT: {"script":"<script> [1562 bytes]","args":[{"selector":{"id":"shellAppTitle"},"wdio_ui5_key":"shellAppTitle"}]}
COMMAND: POST /session/7da9309f7e88fd38dc1cf6604ce40035/execute/async - {"script":"<script> [6424 bytes]","args":[{"element-6066-11e4-a52e-4f735466cecf":"f.BBFD096D24AC98DA896BC059A3F326CC.d.C617F25205C05CC7C9BFA22EFBE3DCD4.e.1080"},"getTitle",[]]}
RESULT: {"script":"<script> [6424 bytes]","args":[{"element-6066-11e4-a52e-4f735466cecf":"f.BBFD096D24AC98DA896BC059A3F326CC.d.C617F25205C05CC7C9BFA22EFBE3DCD4.e.1080"},"getTitle",[]]}
RESULT: undefined
COMMAND: POST /session/7da9309f7e88fd38dc1cf6604ce40035/element/f.BBFD096D24AC98DA896BC059A3F326CC.d.C617F25205C05CC7C9BFA22EFBE3DCD4.e.795/click - {}
COMMAND: POST /session/7da9309f7e88fd38dc1cf6604ce40035/element - {"using":"xpath","value":"//*[@id=\"backBtn\"]"}
RESULT: {"using":"xpath","value":"//*[@id=\"backBtn\"]"}
COMMAND: POST /session/7da9309f7e88fd38dc1cf6604ce40035/element/f.BBFD096D24AC98DA896BC059A3F326CC.d.C617F25205C05CC7C9BFA22EFBE3DCD4.e.795/click - {}
COMMAND: POST /session/7da9309f7e88fd38dc1cf6604ce40035/element - {"using":"xpath","value":"//*[@id=\"backBtn\"]"}
RESULT: {"using":"xpath","value":"//*[@id=\"backBtn\"]"}
COMMAND: POST /session/7da9309f7e88fd38dc1cf6604ce40035/element/f.BBFD096D24AC98DA896BC059A3F326CC.d.C617F25205C05CC7C9BFA22EFBE3DCD4.e.1081/click - {}
RESULT: {}
COMMAND: GET /session/7da9309f7e88fd38dc1cf6604ce40035/screenshot - {}
RESULT: {}
]]></system-out>
    </testcase>
    <testcase classname="chrome.136_0_7103_93.windows.Sanity_Tests_US104253" name="Should open Manage Yards page" time="38.198">
      <system-out><![CDATA[
COMMAND: POST /session/7da9309f7e88fd38dc1cf6604ce40035/execute/async - {"script":"<script> [1562 bytes]","args":[{"selector":{"controlType":"sap.m.GenericTile","properties":{"header":"Manage Yards"}},"wdio_ui5_key":"sapm.GenericTile{\"header\":\"Manage Yards\"}"}]}
RESULT: {"script":"<script> [1562 bytes]","args":[{"selector":{"controlType":"sap.m.GenericTile","properties":{"header":"Manage Yards"}},"wdio_ui5_key":"sapm.GenericTile{\"header\":\"Manage Yards\"}"}]}
RESULT: undefined
COMMAND: POST /session/7da9309f7e88fd38dc1cf6604ce40035/element - {"using":"xpath","value":"//*[@id=\"__tile41\"]"}
RESULT: {"using":"xpath","value":"//*[@id=\"__tile41\"]"}
COMMAND: POST /session/7da9309f7e88fd38dc1cf6604ce40035/element/f.BBFD096D24AC98DA896BC059A3F326CC.d.C617F25205C05CC7C9BFA22EFBE3DCD4.e.1083/click - {}
RESULT: {}
COMMAND: GET /session/7da9309f7e88fd38dc1cf6604ce40035/screenshot - {}
RESULT: {}
COMMAND: POST /session/7da9309f7e88fd38dc1cf6604ce40035/elements - {"using":"xpath","value":"//span[text()='Error']"}
RESULT: {"using":"xpath","value":"//span[text()='Error']"}
RESULT: undefined
COMMAND: POST /session/7da9309f7e88fd38dc1cf6604ce40035/element - {"using":"xpath","value":"//*[@id=\"__tile41\"]"}
RESULT: {"using":"xpath","value":"//*[@id=\"__tile41\"]"}
COMMAND: POST /session/7da9309f7e88fd38dc1cf6604ce40035/element/f.BBFD096D24AC98DA896BC059A3F326CC.d.C617F25205C05CC7C9BFA22EFBE3DCD4.e.1083/click - {}
RESULT: undefined
COMMAND: POST /session/7da9309f7e88fd38dc1cf6604ce40035/element - {"using":"xpath","value":"//*[@id=\"__tile41\"]"}
RESULT: {"using":"xpath","value":"//*[@id=\"__tile41\"]"}
COMMAND: POST /session/7da9309f7e88fd38dc1cf6604ce40035/element/f.BBFD096D24AC98DA896BC059A3F326CC.d.C617F25205C05CC7C9BFA22EFBE3DCD4.e.1083/click - {}
RESULT: undefined
COMMAND: POST /session/7da9309f7e88fd38dc1cf6604ce40035/execute/async - {"script":"<script> [6424 bytes]","args":[{"element-6066-11e4-a52e-4f735466cecf":"f.BBFD096D24AC98DA896BC059A3F326CC.d.C617F25205C05CC7C9BFA22EFBE3DCD4.e.282"},"getTitle",[]]}
COMMAND: POST /session/7da9309f7e88fd38dc1cf6604ce40035/execute/async - {"script":"<script> [1562 bytes]","args":[{"selector":{"id":"shellAppTitle"},"wdio_ui5_key":"shellAppTitle"}]}
RESULT: {"script":"<script> [1562 bytes]","args":[{"selector":{"id":"shellAppTitle"},"wdio_ui5_key":"shellAppTitle"}]}
COMMAND: POST /session/7da9309f7e88fd38dc1cf6604ce40035/execute/async - {"script":"<script> [6424 bytes]","args":[{"element-6066-11e4-a52e-4f735466cecf":"f.BBFD096D24AC98DA896BC059A3F326CC.d.C617F25205C05CC7C9BFA22EFBE3DCD4.e.1402"},"getTitle",[]]}
RESULT: {"script":"<script> [6424 bytes]","args":[{"element-6066-11e4-a52e-4f735466cecf":"f.BBFD096D24AC98DA896BC059A3F326CC.d.C617F25205C05CC7C9BFA22EFBE3DCD4.e.1402"},"getTitle",[]]}
RESULT: undefined
COMMAND: POST /session/7da9309f7e88fd38dc1cf6604ce40035/element/f.BBFD096D24AC98DA896BC059A3F326CC.d.C617F25205C05CC7C9BFA22EFBE3DCD4.e.1081/click - {}
RESULT: {}
COMMAND: GET /session/7da9309f7e88fd38dc1cf6604ce40035/screenshot - {}
RESULT: {}
]]></system-out>
    </testcase>
    <testcase classname="chrome.136_0_7103_93.windows.Sanity_Tests_US104253" name="Should open Manage Requests page" time="38.23">
      <system-out><![CDATA[
COMMAND: POST /session/7da9309f7e88fd38dc1cf6604ce40035/execute/async - {"script":"<script> [1562 bytes]","args":[{"selector":{"controlType":"sap.m.GenericTile","properties":{"header":"Manage Requests"}},"wdio_ui5_key":"sapm.GenericTile{\"header\":\"Manage Requests\"}"}]}
RESULT: {"script":"<script> [1562 bytes]","args":[{"selector":{"controlType":"sap.m.GenericTile","properties":{"header":"Manage Requests"}},"wdio_ui5_key":"sapm.GenericTile{\"header\":\"Manage Requests\"}"}]}
RESULT: undefined
COMMAND: POST /session/7da9309f7e88fd38dc1cf6604ce40035/element - {"using":"xpath","value":"//*[@id=\"__tile47\"]"}
RESULT: {"using":"xpath","value":"//*[@id=\"__tile47\"]"}
COMMAND: POST /session/7da9309f7e88fd38dc1cf6604ce40035/element/f.BBFD096D24AC98DA896BC059A3F326CC.d.C617F25205C05CC7C9BFA22EFBE3DCD4.e.1404/click - {}
RESULT: {}
COMMAND: GET /session/7da9309f7e88fd38dc1cf6604ce40035/screenshot - {}
RESULT: {}
COMMAND: POST /session/7da9309f7e88fd38dc1cf6604ce40035/elements - {"using":"xpath","value":"//span[text()='Error']"}
RESULT: {"using":"xpath","value":"//span[text()='Error']"}
RESULT: undefined
COMMAND: POST /session/7da9309f7e88fd38dc1cf6604ce40035/element - {"using":"xpath","value":"//*[@id=\"__tile47\"]"}
RESULT: {"using":"xpath","value":"//*[@id=\"__tile47\"]"}
COMMAND: POST /session/7da9309f7e88fd38dc1cf6604ce40035/element/f.BBFD096D24AC98DA896BC059A3F326CC.d.C617F25205C05CC7C9BFA22EFBE3DCD4.e.1404/click - {}
RESULT: undefined
COMMAND: POST /session/7da9309f7e88fd38dc1cf6604ce40035/element - {"using":"xpath","value":"//*[@id=\"__tile47\"]"}
RESULT: {"using":"xpath","value":"//*[@id=\"__tile47\"]"}
COMMAND: POST /session/7da9309f7e88fd38dc1cf6604ce40035/element/f.BBFD096D24AC98DA896BC059A3F326CC.d.C617F25205C05CC7C9BFA22EFBE3DCD4.e.1404/click - {}
RESULT: undefined
COMMAND: POST /session/7da9309f7e88fd38dc1cf6604ce40035/execute/async - {"script":"<script> [6424 bytes]","args":[{"element-6066-11e4-a52e-4f735466cecf":"f.BBFD096D24AC98DA896BC059A3F326CC.d.C617F25205C05CC7C9BFA22EFBE3DCD4.e.282"},"getTitle",[]]}
COMMAND: POST /session/7da9309f7e88fd38dc1cf6604ce40035/execute/async - {"script":"<script> [1562 bytes]","args":[{"selector":{"id":"shellAppTitle"},"wdio_ui5_key":"shellAppTitle"}]}
RESULT: {"script":"<script> [1562 bytes]","args":[{"selector":{"id":"shellAppTitle"},"wdio_ui5_key":"shellAppTitle"}]}
COMMAND: POST /session/7da9309f7e88fd38dc1cf6604ce40035/execute/async - {"script":"<script> [6424 bytes]","args":[{"element-6066-11e4-a52e-4f735466cecf":"f.BBFD096D24AC98DA896BC059A3F326CC.d.C617F25205C05CC7C9BFA22EFBE3DCD4.e.1500"},"getTitle",[]]}
RESULT: {"script":"<script> [6424 bytes]","args":[{"element-6066-11e4-a52e-4f735466cecf":"f.BBFD096D24AC98DA896BC059A3F326CC.d.C617F25205C05CC7C9BFA22EFBE3DCD4.e.1500"},"getTitle",[]]}
RESULT: undefined
COMMAND: POST /session/7da9309f7e88fd38dc1cf6604ce40035/element/f.BBFD096D24AC98DA896BC059A3F326CC.d.C617F25205C05CC7C9BFA22EFBE3DCD4.e.1081/click - {}
COMMAND: POST /session/7da9309f7e88fd38dc1cf6604ce40035/element - {"using":"xpath","value":"//*[@id=\"backBtn\"]"}
RESULT: {"using":"xpath","value":"//*[@id=\"backBtn\"]"}
COMMAND: POST /session/7da9309f7e88fd38dc1cf6604ce40035/element/f.BBFD096D24AC98DA896BC059A3F326CC.d.C617F25205C05CC7C9BFA22EFBE3DCD4.e.1081/click - {}
COMMAND: POST /session/7da9309f7e88fd38dc1cf6604ce40035/element - {"using":"xpath","value":"//*[@id=\"backBtn\"]"}
RESULT: {"using":"xpath","value":"//*[@id=\"backBtn\"]"}
COMMAND: POST /session/7da9309f7e88fd38dc1cf6604ce40035/element/f.BBFD096D24AC98DA896BC059A3F326CC.d.C617F25205C05CC7C9BFA22EFBE3DCD4.e.1501/click - {}
RESULT: {}
COMMAND: GET /session/7da9309f7e88fd38dc1cf6604ce40035/screenshot - {}
RESULT: {}
]]></system-out>
    </testcase>
    <testcase classname="chrome.136_0_7103_93.windows.Sanity_Tests_US104253" name="Should open Manage Purchasing page" time="37.332">
      <system-out><![CDATA[
COMMAND: POST /session/7da9309f7e88fd38dc1cf6604ce40035/execute/async - {"script":"<script> [1562 bytes]","args":[{"selector":{"controlType":"sap.m.GenericTile","properties":{"header":"Manage Purchasing"}},"wdio_ui5_key":"sapm.GenericTile{\"header\":\"Manage Purchasing\"}"}]}
RESULT: {"script":"<script> [1562 bytes]","args":[{"selector":{"controlType":"sap.m.GenericTile","properties":{"header":"Manage Purchasing"}},"wdio_ui5_key":"sapm.GenericTile{\"header\":\"Manage Purchasing\"}"}]}
RESULT: undefined
COMMAND: POST /session/7da9309f7e88fd38dc1cf6604ce40035/element - {"using":"xpath","value":"//*[@id=\"__tile46\"]"}
RESULT: {"using":"xpath","value":"//*[@id=\"__tile46\"]"}
COMMAND: POST /session/7da9309f7e88fd38dc1cf6604ce40035/element/f.BBFD096D24AC98DA896BC059A3F326CC.d.C617F25205C05CC7C9BFA22EFBE3DCD4.e.1504/click - {}
RESULT: {}
COMMAND: GET /session/7da9309f7e88fd38dc1cf6604ce40035/screenshot - {}
RESULT: {}
COMMAND: POST /session/7da9309f7e88fd38dc1cf6604ce40035/elements - {"using":"xpath","value":"//span[text()='Error']"}
RESULT: {"using":"xpath","value":"//span[text()='Error']"}
RESULT: undefined
COMMAND: POST /session/7da9309f7e88fd38dc1cf6604ce40035/element - {"using":"xpath","value":"//*[@id=\"__tile46\"]"}
RESULT: {"using":"xpath","value":"//*[@id=\"__tile46\"]"}
COMMAND: POST /session/7da9309f7e88fd38dc1cf6604ce40035/element/f.BBFD096D24AC98DA896BC059A3F326CC.d.C617F25205C05CC7C9BFA22EFBE3DCD4.e.1504/click - {}
RESULT: undefined
COMMAND: POST /session/7da9309f7e88fd38dc1cf6604ce40035/element - {"using":"xpath","value":"//*[@id=\"__tile46\"]"}
RESULT: {"using":"xpath","value":"//*[@id=\"__tile46\"]"}
COMMAND: POST /session/7da9309f7e88fd38dc1cf6604ce40035/element/f.BBFD096D24AC98DA896BC059A3F326CC.d.C617F25205C05CC7C9BFA22EFBE3DCD4.e.1504/click - {}
RESULT: undefined
COMMAND: POST /session/7da9309f7e88fd38dc1cf6604ce40035/execute/async - {"script":"<script> [6424 bytes]","args":[{"element-6066-11e4-a52e-4f735466cecf":"f.BBFD096D24AC98DA896BC059A3F326CC.d.C617F25205C05CC7C9BFA22EFBE3DCD4.e.282"},"getTitle",[]]}
COMMAND: POST /session/7da9309f7e88fd38dc1cf6604ce40035/execute/async - {"script":"<script> [1562 bytes]","args":[{"selector":{"id":"shellAppTitle"},"wdio_ui5_key":"shellAppTitle"}]}
RESULT: {"script":"<script> [1562 bytes]","args":[{"selector":{"id":"shellAppTitle"},"wdio_ui5_key":"shellAppTitle"}]}
COMMAND: POST /session/7da9309f7e88fd38dc1cf6604ce40035/execute/async - {"script":"<script> [6424 bytes]","args":[{"element-6066-11e4-a52e-4f735466cecf":"f.BBFD096D24AC98DA896BC059A3F326CC.d.C617F25205C05CC7C9BFA22EFBE3DCD4.e.1581"},"getTitle",[]]}
RESULT: {"script":"<script> [6424 bytes]","args":[{"element-6066-11e4-a52e-4f735466cecf":"f.BBFD096D24AC98DA896BC059A3F326CC.d.C617F25205C05CC7C9BFA22EFBE3DCD4.e.1581"},"getTitle",[]]}
RESULT: undefined
COMMAND: POST /session/7da9309f7e88fd38dc1cf6604ce40035/element/f.BBFD096D24AC98DA896BC059A3F326CC.d.C617F25205C05CC7C9BFA22EFBE3DCD4.e.1501/click - {}
RESULT: {}
COMMAND: GET /session/7da9309f7e88fd38dc1cf6604ce40035/screenshot - {}
RESULT: {}
]]></system-out>
    </testcase>
    <testcase classname="chrome.136_0_7103_93.windows.Sanity_Tests_US104253" name="Should open Planning Board page" time="36.234">
      <system-out><![CDATA[
COMMAND: POST /session/7da9309f7e88fd38dc1cf6604ce40035/execute/async - {"script":"<script> [1562 bytes]","args":[{"selector":{"controlType":"sap.m.GenericTile","properties":{"header":"Planning Board"}},"wdio_ui5_key":"sapm.GenericTile{\"header\":\"Planning Board\"}"}]}
RESULT: {"script":"<script> [1562 bytes]","args":[{"selector":{"controlType":"sap.m.GenericTile","properties":{"header":"Planning Board"}},"wdio_ui5_key":"sapm.GenericTile{\"header\":\"Planning Board\"}"}]}
RESULT: undefined
COMMAND: POST /session/7da9309f7e88fd38dc1cf6604ce40035/element - {"using":"xpath","value":"//*[@id=\"__tile132\"]"}
RESULT: {"using":"xpath","value":"//*[@id=\"__tile132\"]"}
COMMAND: POST /session/7da9309f7e88fd38dc1cf6604ce40035/element/f.BBFD096D24AC98DA896BC059A3F326CC.d.C617F25205C05CC7C9BFA22EFBE3DCD4.e.1583/click - {}
RESULT: {}
COMMAND: GET /session/7da9309f7e88fd38dc1cf6604ce40035/screenshot - {}
RESULT: {}
COMMAND: POST /session/7da9309f7e88fd38dc1cf6604ce40035/elements - {"using":"xpath","value":"//span[text()='Error']"}
RESULT: {"using":"xpath","value":"//span[text()='Error']"}
RESULT: undefined
COMMAND: POST /session/7da9309f7e88fd38dc1cf6604ce40035/element - {"using":"xpath","value":"//*[@id=\"__tile132\"]"}
RESULT: {"using":"xpath","value":"//*[@id=\"__tile132\"]"}
COMMAND: POST /session/7da9309f7e88fd38dc1cf6604ce40035/element/f.BBFD096D24AC98DA896BC059A3F326CC.d.C617F25205C05CC7C9BFA22EFBE3DCD4.e.1583/click - {}
RESULT: undefined
COMMAND: POST /session/7da9309f7e88fd38dc1cf6604ce40035/element - {"using":"xpath","value":"//*[@id=\"__tile132\"]"}
RESULT: {"using":"xpath","value":"//*[@id=\"__tile132\"]"}
COMMAND: POST /session/7da9309f7e88fd38dc1cf6604ce40035/element/f.BBFD096D24AC98DA896BC059A3F326CC.d.C617F25205C05CC7C9BFA22EFBE3DCD4.e.1583/click - {}
RESULT: undefined
COMMAND: POST /session/7da9309f7e88fd38dc1cf6604ce40035/execute/async - {"script":"<script> [6424 bytes]","args":[{"element-6066-11e4-a52e-4f735466cecf":"f.BBFD096D24AC98DA896BC059A3F326CC.d.C617F25205C05CC7C9BFA22EFBE3DCD4.e.282"},"getTitle",[]]}
COMMAND: POST /session/7da9309f7e88fd38dc1cf6604ce40035/execute/async - {"script":"<script> [1562 bytes]","args":[{"selector":{"id":"shellAppTitle"},"wdio_ui5_key":"shellAppTitle"}]}
RESULT: {"script":"<script> [1562 bytes]","args":[{"selector":{"id":"shellAppTitle"},"wdio_ui5_key":"shellAppTitle"}]}
COMMAND: POST /session/7da9309f7e88fd38dc1cf6604ce40035/execute/async - {"script":"<script> [6424 bytes]","args":[{"element-6066-11e4-a52e-4f735466cecf":"f.BBFD096D24AC98DA896BC059A3F326CC.d.C617F25205C05CC7C9BFA22EFBE3DCD4.e.1634"},"getTitle",[]]}
RESULT: {"script":"<script> [6424 bytes]","args":[{"element-6066-11e4-a52e-4f735466cecf":"f.BBFD096D24AC98DA896BC059A3F326CC.d.C617F25205C05CC7C9BFA22EFBE3DCD4.e.1634"},"getTitle",[]]}
RESULT: undefined
COMMAND: POST /session/7da9309f7e88fd38dc1cf6604ce40035/element/f.BBFD096D24AC98DA896BC059A3F326CC.d.C617F25205C05CC7C9BFA22EFBE3DCD4.e.1501/click - {}
COMMAND: POST /session/7da9309f7e88fd38dc1cf6604ce40035/element/f.BBFD096D24AC98DA896BC059A3F326CC.d.C617F25205C05CC7C9BFA22EFBE3DCD4.e.1501/click - {}
COMMAND: POST /session/7da9309f7e88fd38dc1cf6604ce40035/element - {"using":"xpath","value":"//*[@id=\"backBtn\"]"}
COMMAND: POST /session/7da9309f7e88fd38dc1cf6604ce40035/element - {"using":"xpath","value":"//*[@id=\"backBtn\"]"}
RESULT: {"using":"xpath","value":"//*[@id=\"backBtn\"]"}
COMMAND: POST /session/7da9309f7e88fd38dc1cf6604ce40035/element/f.BBFD096D24AC98DA896BC059A3F326CC.d.C617F25205C05CC7C9BFA22EFBE3DCD4.e.1501/click - {}
RESULT: {"using":"xpath","value":"//*[@id=\"backBtn\"]"}
COMMAND: POST /session/7da9309f7e88fd38dc1cf6604ce40035/element/f.BBFD096D24AC98DA896BC059A3F326CC.d.C617F25205C05CC7C9BFA22EFBE3DCD4.e.1501/click - {}
COMMAND: POST /session/7da9309f7e88fd38dc1cf6604ce40035/element - {"using":"xpath","value":"//*[@id=\"backBtn\"]"}
COMMAND: POST /session/7da9309f7e88fd38dc1cf6604ce40035/element - {"using":"xpath","value":"//*[@id=\"backBtn\"]"}
RESULT: {"using":"xpath","value":"//*[@id=\"backBtn\"]"}
COMMAND: POST /session/7da9309f7e88fd38dc1cf6604ce40035/element/f.BBFD096D24AC98DA896BC059A3F326CC.d.C617F25205C05CC7C9BFA22EFBE3DCD4.e.1635/click - {}
RESULT: {"using":"xpath","value":"//*[@id=\"backBtn\"]"}
COMMAND: POST /session/7da9309f7e88fd38dc1cf6604ce40035/element/f.BBFD096D24AC98DA896BC059A3F326CC.d.C617F25205C05CC7C9BFA22EFBE3DCD4.e.1635/click - {}
RESULT: {}
COMMAND: GET /session/7da9309f7e88fd38dc1cf6604ce40035/screenshot - {}
RESULT: {}
COMMAND: GET /session/7da9309f7e88fd38dc1cf6604ce40035/screenshot - {}
RESULT: {}
RESULT: {}
]]></system-out>
    </testcase>
    <testcase classname="chrome.136_0_7103_93.windows.Sanity_Tests_US104253" name="Should open Manage Contracts page" time="36.439">
      <system-out><![CDATA[
COMMAND: POST /session/7da9309f7e88fd38dc1cf6604ce40035/execute/async - {"script":"<script> [1562 bytes]","args":[{"selector":{"controlType":"sap.m.GenericTile","properties":{"header":"Manage Contracts"}},"wdio_ui5_key":"sapm.GenericTile{\"header\":\"Manage Contracts\"}"}]}
RESULT: {"script":"<script> [1562 bytes]","args":[{"selector":{"controlType":"sap.m.GenericTile","properties":{"header":"Manage Contracts"}},"wdio_ui5_key":"sapm.GenericTile{\"header\":\"Manage Contracts\"}"}]}
RESULT: undefined
COMMAND: POST /session/7da9309f7e88fd38dc1cf6604ce40035/element - {"using":"xpath","value":"//*[@id=\"__tile131\"]"}
RESULT: {"using":"xpath","value":"//*[@id=\"__tile131\"]"}
COMMAND: POST /session/7da9309f7e88fd38dc1cf6604ce40035/element/f.BBFD096D24AC98DA896BC059A3F326CC.d.C617F25205C05CC7C9BFA22EFBE3DCD4.e.1637/click - {}
RESULT: {}
COMMAND: GET /session/7da9309f7e88fd38dc1cf6604ce40035/screenshot - {}
RESULT: {}
COMMAND: POST /session/7da9309f7e88fd38dc1cf6604ce40035/elements - {"using":"xpath","value":"//span[text()='Error']"}
RESULT: {"using":"xpath","value":"//span[text()='Error']"}
RESULT: undefined
COMMAND: POST /session/7da9309f7e88fd38dc1cf6604ce40035/element - {"using":"xpath","value":"//*[@id=\"__tile131\"]"}
RESULT: {"using":"xpath","value":"//*[@id=\"__tile131\"]"}
COMMAND: POST /session/7da9309f7e88fd38dc1cf6604ce40035/element/f.BBFD096D24AC98DA896BC059A3F326CC.d.C617F25205C05CC7C9BFA22EFBE3DCD4.e.1637/click - {}
RESULT: undefined
COMMAND: POST /session/7da9309f7e88fd38dc1cf6604ce40035/element - {"using":"xpath","value":"//*[@id=\"__tile131\"]"}
RESULT: {"using":"xpath","value":"//*[@id=\"__tile131\"]"}
COMMAND: POST /session/7da9309f7e88fd38dc1cf6604ce40035/element/f.BBFD096D24AC98DA896BC059A3F326CC.d.C617F25205C05CC7C9BFA22EFBE3DCD4.e.1637/click - {}
RESULT: undefined
COMMAND: POST /session/7da9309f7e88fd38dc1cf6604ce40035/execute/async - {"script":"<script> [6424 bytes]","args":[{"element-6066-11e4-a52e-4f735466cecf":"f.BBFD096D24AC98DA896BC059A3F326CC.d.C617F25205C05CC7C9BFA22EFBE3DCD4.e.282"},"getTitle",[]]}
COMMAND: POST /session/7da9309f7e88fd38dc1cf6604ce40035/execute/async - {"script":"<script> [1562 bytes]","args":[{"selector":{"id":"shellAppTitle"},"wdio_ui5_key":"shellAppTitle"}]}
RESULT: {"script":"<script> [1562 bytes]","args":[{"selector":{"id":"shellAppTitle"},"wdio_ui5_key":"shellAppTitle"}]}
COMMAND: POST /session/7da9309f7e88fd38dc1cf6604ce40035/execute/async - {"script":"<script> [6424 bytes]","args":[{"element-6066-11e4-a52e-4f735466cecf":"f.BBFD096D24AC98DA896BC059A3F326CC.d.C617F25205C05CC7C9BFA22EFBE3DCD4.e.1702"},"getTitle",[]]}
RESULT: {"script":"<script> [6424 bytes]","args":[{"element-6066-11e4-a52e-4f735466cecf":"f.BBFD096D24AC98DA896BC059A3F326CC.d.C617F25205C05CC7C9BFA22EFBE3DCD4.e.1702"},"getTitle",[]]}
RESULT: undefined
COMMAND: POST /session/7da9309f7e88fd38dc1cf6604ce40035/element/f.BBFD096D24AC98DA896BC059A3F326CC.d.C617F25205C05CC7C9BFA22EFBE3DCD4.e.1635/click - {}
RESULT: {}
COMMAND: GET /session/7da9309f7e88fd38dc1cf6604ce40035/screenshot - {}
RESULT: {}
]]></system-out>
    </testcase>
    <testcase classname="chrome.136_0_7103_93.windows.Sanity_Tests_US104253" name="Should open Manage Quotations page" time="35.898">
      <system-out><![CDATA[
COMMAND: POST /session/7da9309f7e88fd38dc1cf6604ce40035/execute/async - {"script":"<script> [1562 bytes]","args":[{"selector":{"controlType":"sap.m.GenericTile","properties":{"header":"Manage Quotations"}},"wdio_ui5_key":"sapm.GenericTile{\"header\":\"Manage Quotations\"}"}]}
RESULT: {"script":"<script> [1562 bytes]","args":[{"selector":{"controlType":"sap.m.GenericTile","properties":{"header":"Manage Quotations"}},"wdio_ui5_key":"sapm.GenericTile{\"header\":\"Manage Quotations\"}"}]}
RESULT: undefined
COMMAND: POST /session/7da9309f7e88fd38dc1cf6604ce40035/element - {"using":"xpath","value":"//*[@id=\"__tile130\"]"}
RESULT: {"using":"xpath","value":"//*[@id=\"__tile130\"]"}
COMMAND: POST /session/7da9309f7e88fd38dc1cf6604ce40035/element/f.BBFD096D24AC98DA896BC059A3F326CC.d.C617F25205C05CC7C9BFA22EFBE3DCD4.e.1704/click - {}
RESULT: {}
COMMAND: GET /session/7da9309f7e88fd38dc1cf6604ce40035/screenshot - {}
RESULT: {}
COMMAND: POST /session/7da9309f7e88fd38dc1cf6604ce40035/elements - {"using":"xpath","value":"//span[text()='Error']"}
RESULT: {"using":"xpath","value":"//span[text()='Error']"}
RESULT: undefined
COMMAND: POST /session/7da9309f7e88fd38dc1cf6604ce40035/element - {"using":"xpath","value":"//*[@id=\"__tile130\"]"}
RESULT: {"using":"xpath","value":"//*[@id=\"__tile130\"]"}
COMMAND: POST /session/7da9309f7e88fd38dc1cf6604ce40035/element/f.BBFD096D24AC98DA896BC059A3F326CC.d.C617F25205C05CC7C9BFA22EFBE3DCD4.e.1704/click - {}
RESULT: undefined
COMMAND: POST /session/7da9309f7e88fd38dc1cf6604ce40035/element - {"using":"xpath","value":"//*[@id=\"__tile130\"]"}
RESULT: {"using":"xpath","value":"//*[@id=\"__tile130\"]"}
COMMAND: POST /session/7da9309f7e88fd38dc1cf6604ce40035/element/f.BBFD096D24AC98DA896BC059A3F326CC.d.C617F25205C05CC7C9BFA22EFBE3DCD4.e.1704/click - {}
RESULT: undefined
COMMAND: POST /session/7da9309f7e88fd38dc1cf6604ce40035/execute/async - {"script":"<script> [6424 bytes]","args":[{"element-6066-11e4-a52e-4f735466cecf":"f.BBFD096D24AC98DA896BC059A3F326CC.d.C617F25205C05CC7C9BFA22EFBE3DCD4.e.282"},"getTitle",[]]}
COMMAND: POST /session/7da9309f7e88fd38dc1cf6604ce40035/execute/async - {"script":"<script> [1562 bytes]","args":[{"selector":{"id":"shellAppTitle"},"wdio_ui5_key":"shellAppTitle"}]}
RESULT: {"script":"<script> [1562 bytes]","args":[{"selector":{"id":"shellAppTitle"},"wdio_ui5_key":"shellAppTitle"}]}
COMMAND: POST /session/7da9309f7e88fd38dc1cf6604ce40035/execute/async - {"script":"<script> [6424 bytes]","args":[{"element-6066-11e4-a52e-4f735466cecf":"f.BBFD096D24AC98DA896BC059A3F326CC.d.C617F25205C05CC7C9BFA22EFBE3DCD4.e.1778"},"getTitle",[]]}
RESULT: {"script":"<script> [6424 bytes]","args":[{"element-6066-11e4-a52e-4f735466cecf":"f.BBFD096D24AC98DA896BC059A3F326CC.d.C617F25205C05CC7C9BFA22EFBE3DCD4.e.1778"},"getTitle",[]]}
RESULT: undefined
COMMAND: POST /session/7da9309f7e88fd38dc1cf6604ce40035/element/f.BBFD096D24AC98DA896BC059A3F326CC.d.C617F25205C05CC7C9BFA22EFBE3DCD4.e.1635/click - {}
COMMAND: POST /session/7da9309f7e88fd38dc1cf6604ce40035/element - {"using":"xpath","value":"//*[@id=\"backBtn\"]"}
RESULT: {"using":"xpath","value":"//*[@id=\"backBtn\"]"}
COMMAND: POST /session/7da9309f7e88fd38dc1cf6604ce40035/element/f.BBFD096D24AC98DA896BC059A3F326CC.d.C617F25205C05CC7C9BFA22EFBE3DCD4.e.1635/click - {}
COMMAND: POST /session/7da9309f7e88fd38dc1cf6604ce40035/element - {"using":"xpath","value":"//*[@id=\"backBtn\"]"}
RESULT: {"using":"xpath","value":"//*[@id=\"backBtn\"]"}
COMMAND: POST /session/7da9309f7e88fd38dc1cf6604ce40035/element/f.BBFD096D24AC98DA896BC059A3F326CC.d.C617F25205C05CC7C9BFA22EFBE3DCD4.e.1779/click - {}
RESULT: {}
COMMAND: GET /session/7da9309f7e88fd38dc1cf6604ce40035/screenshot - {}
RESULT: {}
]]></system-out>
    </testcase>
    <testcase classname="chrome.136_0_7103_93.windows.Sanity_Tests_US104253" name="Should open Manage Handovers page" time="38.081">
      <system-out><![CDATA[
COMMAND: POST /session/7da9309f7e88fd38dc1cf6604ce40035/execute/async - {"script":"<script> [1562 bytes]","args":[{"selector":{"controlType":"sap.m.GenericTile","properties":{"header":"Manage Handovers"}},"wdio_ui5_key":"sapm.GenericTile{\"header\":\"Manage Handovers\"}"}]}
RESULT: {"script":"<script> [1562 bytes]","args":[{"selector":{"controlType":"sap.m.GenericTile","properties":{"header":"Manage Handovers"}},"wdio_ui5_key":"sapm.GenericTile{\"header\":\"Manage Handovers\"}"}]}
RESULT: undefined
COMMAND: POST /session/7da9309f7e88fd38dc1cf6604ce40035/element - {"using":"xpath","value":"//*[@id=\"__tile133\"]"}
RESULT: {"using":"xpath","value":"//*[@id=\"__tile133\"]"}
COMMAND: POST /session/7da9309f7e88fd38dc1cf6604ce40035/element/f.BBFD096D24AC98DA896BC059A3F326CC.d.C617F25205C05CC7C9BFA22EFBE3DCD4.e.1781/click - {}
RESULT: {}
COMMAND: GET /session/7da9309f7e88fd38dc1cf6604ce40035/screenshot - {}
RESULT: {}
COMMAND: POST /session/7da9309f7e88fd38dc1cf6604ce40035/elements - {"using":"xpath","value":"//span[text()='Error']"}
RESULT: {"using":"xpath","value":"//span[text()='Error']"}
RESULT: undefined
COMMAND: POST /session/7da9309f7e88fd38dc1cf6604ce40035/element - {"using":"xpath","value":"//*[@id=\"__tile133\"]"}
RESULT: {"using":"xpath","value":"//*[@id=\"__tile133\"]"}
COMMAND: POST /session/7da9309f7e88fd38dc1cf6604ce40035/element/f.BBFD096D24AC98DA896BC059A3F326CC.d.C617F25205C05CC7C9BFA22EFBE3DCD4.e.1781/click - {}
RESULT: undefined
COMMAND: POST /session/7da9309f7e88fd38dc1cf6604ce40035/element - {"using":"xpath","value":"//*[@id=\"__tile133\"]"}
RESULT: {"using":"xpath","value":"//*[@id=\"__tile133\"]"}
COMMAND: POST /session/7da9309f7e88fd38dc1cf6604ce40035/element/f.BBFD096D24AC98DA896BC059A3F326CC.d.C617F25205C05CC7C9BFA22EFBE3DCD4.e.1781/click - {}
RESULT: undefined
COMMAND: POST /session/7da9309f7e88fd38dc1cf6604ce40035/execute/async - {"script":"<script> [6424 bytes]","args":[{"element-6066-11e4-a52e-4f735466cecf":"f.BBFD096D24AC98DA896BC059A3F326CC.d.C617F25205C05CC7C9BFA22EFBE3DCD4.e.282"},"getTitle",[]]}
COMMAND: POST /session/7da9309f7e88fd38dc1cf6604ce40035/execute/async - {"script":"<script> [1562 bytes]","args":[{"selector":{"id":"shellAppTitle"},"wdio_ui5_key":"shellAppTitle"}]}
RESULT: {"script":"<script> [1562 bytes]","args":[{"selector":{"id":"shellAppTitle"},"wdio_ui5_key":"shellAppTitle"}]}
COMMAND: POST /session/7da9309f7e88fd38dc1cf6604ce40035/execute/async - {"script":"<script> [6424 bytes]","args":[{"element-6066-11e4-a52e-4f735466cecf":"f.BBFD096D24AC98DA896BC059A3F326CC.d.C617F25205C05CC7C9BFA22EFBE3DCD4.e.1880"},"getTitle",[]]}
RESULT: {"script":"<script> [6424 bytes]","args":[{"element-6066-11e4-a52e-4f735466cecf":"f.BBFD096D24AC98DA896BC059A3F326CC.d.C617F25205C05CC7C9BFA22EFBE3DCD4.e.1880"},"getTitle",[]]}
RESULT: undefined
COMMAND: POST /session/7da9309f7e88fd38dc1cf6604ce40035/element/f.BBFD096D24AC98DA896BC059A3F326CC.d.C617F25205C05CC7C9BFA22EFBE3DCD4.e.1779/click - {}
RESULT: {}
COMMAND: GET /session/7da9309f7e88fd38dc1cf6604ce40035/screenshot - {}
RESULT: {}
]]></system-out>
    </testcase>
    <testcase classname="chrome.136_0_7103_93.windows.Sanity_Tests_US104253" name="Should open Delivery Monitor page" time="36.153">
      <system-out><![CDATA[
COMMAND: POST /session/7da9309f7e88fd38dc1cf6604ce40035/execute/async - {"script":"<script> [1562 bytes]","args":[{"selector":{"controlType":"sap.m.GenericTile","properties":{"header":"Delivery Monitor"}},"wdio_ui5_key":"sapm.GenericTile{\"header\":\"Delivery Monitor\"}"}]}
RESULT: {"script":"<script> [1562 bytes]","args":[{"selector":{"controlType":"sap.m.GenericTile","properties":{"header":"Delivery Monitor"}},"wdio_ui5_key":"sapm.GenericTile{\"header\":\"Delivery Monitor\"}"}]}
RESULT: undefined
COMMAND: POST /session/7da9309f7e88fd38dc1cf6604ce40035/element - {"using":"xpath","value":"//*[@id=\"__tile43\"]"}
RESULT: {"using":"xpath","value":"//*[@id=\"__tile43\"]"}
COMMAND: POST /session/7da9309f7e88fd38dc1cf6604ce40035/element/f.BBFD096D24AC98DA896BC059A3F326CC.d.C617F25205C05CC7C9BFA22EFBE3DCD4.e.1882/click - {}
RESULT: {}
COMMAND: GET /session/7da9309f7e88fd38dc1cf6604ce40035/screenshot - {}
RESULT: {}
COMMAND: POST /session/7da9309f7e88fd38dc1cf6604ce40035/elements - {"using":"xpath","value":"//span[text()='Error']"}
RESULT: {"using":"xpath","value":"//span[text()='Error']"}
RESULT: undefined
COMMAND: POST /session/7da9309f7e88fd38dc1cf6604ce40035/element - {"using":"xpath","value":"//*[@id=\"__tile43\"]"}
RESULT: {"using":"xpath","value":"//*[@id=\"__tile43\"]"}
COMMAND: POST /session/7da9309f7e88fd38dc1cf6604ce40035/element/f.BBFD096D24AC98DA896BC059A3F326CC.d.C617F25205C05CC7C9BFA22EFBE3DCD4.e.1882/click - {}
RESULT: undefined
COMMAND: POST /session/7da9309f7e88fd38dc1cf6604ce40035/element - {"using":"xpath","value":"//*[@id=\"__tile43\"]"}
RESULT: {"using":"xpath","value":"//*[@id=\"__tile43\"]"}
COMMAND: POST /session/7da9309f7e88fd38dc1cf6604ce40035/element/f.BBFD096D24AC98DA896BC059A3F326CC.d.C617F25205C05CC7C9BFA22EFBE3DCD4.e.1882/click - {}
RESULT: undefined
COMMAND: POST /session/7da9309f7e88fd38dc1cf6604ce40035/execute/async - {"script":"<script> [6424 bytes]","args":[{"element-6066-11e4-a52e-4f735466cecf":"f.BBFD096D24AC98DA896BC059A3F326CC.d.C617F25205C05CC7C9BFA22EFBE3DCD4.e.282"},"getTitle",[]]}
COMMAND: POST /session/7da9309f7e88fd38dc1cf6604ce40035/execute/async - {"script":"<script> [1562 bytes]","args":[{"selector":{"id":"shellAppTitle"},"wdio_ui5_key":"shellAppTitle"}]}
RESULT: {"script":"<script> [1562 bytes]","args":[{"selector":{"id":"shellAppTitle"},"wdio_ui5_key":"shellAppTitle"}]}
COMMAND: POST /session/7da9309f7e88fd38dc1cf6604ce40035/execute/async - {"script":"<script> [6424 bytes]","args":[{"element-6066-11e4-a52e-4f735466cecf":"f.BBFD096D24AC98DA896BC059A3F326CC.d.C617F25205C05CC7C9BFA22EFBE3DCD4.e.1978"},"getTitle",[]]}
RESULT: {"script":"<script> [6424 bytes]","args":[{"element-6066-11e4-a52e-4f735466cecf":"f.BBFD096D24AC98DA896BC059A3F326CC.d.C617F25205C05CC7C9BFA22EFBE3DCD4.e.1978"},"getTitle",[]]}
RESULT: undefined
COMMAND: POST /session/7da9309f7e88fd38dc1cf6604ce40035/element/f.BBFD096D24AC98DA896BC059A3F326CC.d.C617F25205C05CC7C9BFA22EFBE3DCD4.e.1779/click - {}
COMMAND: POST /session/7da9309f7e88fd38dc1cf6604ce40035/element - {"using":"xpath","value":"//*[@id=\"backBtn\"]"}
RESULT: {"using":"xpath","value":"//*[@id=\"backBtn\"]"}
COMMAND: POST /session/7da9309f7e88fd38dc1cf6604ce40035/element/f.BBFD096D24AC98DA896BC059A3F326CC.d.C617F25205C05CC7C9BFA22EFBE3DCD4.e.1779/click - {}
COMMAND: POST /session/7da9309f7e88fd38dc1cf6604ce40035/element - {"using":"xpath","value":"//*[@id=\"backBtn\"]"}
RESULT: {"using":"xpath","value":"//*[@id=\"backBtn\"]"}
COMMAND: POST /session/7da9309f7e88fd38dc1cf6604ce40035/element/f.BBFD096D24AC98DA896BC059A3F326CC.d.C617F25205C05CC7C9BFA22EFBE3DCD4.e.1979/click - {}
RESULT: {}
COMMAND: GET /session/7da9309f7e88fd38dc1cf6604ce40035/screenshot - {}
RESULT: {}
]]></system-out>
    </testcase>
    <testcase classname="chrome.136_0_7103_93.windows.Sanity_Tests_US104253" name="Should open Manage Calendar Exceptions page" time="35.947">
      <system-out><![CDATA[
COMMAND: POST /session/7da9309f7e88fd38dc1cf6604ce40035/execute/async - {"script":"<script> [1562 bytes]","args":[{"selector":{"controlType":"sap.m.GenericTile","properties":{"header":"Manage Calendar Exceptions"}},"wdio_ui5_key":"sapm.GenericTile{\"header\":\"Manage Calendar Exceptions\"}"}]}
RESULT: {"script":"<script> [1562 bytes]","args":[{"selector":{"controlType":"sap.m.GenericTile","properties":{"header":"Manage Calendar Exceptions"}},"wdio_ui5_key":"sapm.GenericTile{\"header\":\"Manage Calendar Exceptions\"}"}]}
RESULT: undefined
COMMAND: POST /session/7da9309f7e88fd38dc1cf6604ce40035/element - {"using":"xpath","value":"//*[@id=\"__tile52\"]"}
RESULT: {"using":"xpath","value":"//*[@id=\"__tile52\"]"}
COMMAND: POST /session/7da9309f7e88fd38dc1cf6604ce40035/element/f.BBFD096D24AC98DA896BC059A3F326CC.d.C617F25205C05CC7C9BFA22EFBE3DCD4.e.1981/click - {}
RESULT: {}
COMMAND: GET /session/7da9309f7e88fd38dc1cf6604ce40035/screenshot - {}
RESULT: {}
COMMAND: POST /session/7da9309f7e88fd38dc1cf6604ce40035/elements - {"using":"xpath","value":"//span[text()='Error']"}
RESULT: {"using":"xpath","value":"//span[text()='Error']"}
RESULT: undefined
COMMAND: POST /session/7da9309f7e88fd38dc1cf6604ce40035/element - {"using":"xpath","value":"//*[@id=\"__tile52\"]"}
RESULT: {"using":"xpath","value":"//*[@id=\"__tile52\"]"}
COMMAND: POST /session/7da9309f7e88fd38dc1cf6604ce40035/element/f.BBFD096D24AC98DA896BC059A3F326CC.d.C617F25205C05CC7C9BFA22EFBE3DCD4.e.1981/click - {}
RESULT: undefined
COMMAND: POST /session/7da9309f7e88fd38dc1cf6604ce40035/element - {"using":"xpath","value":"//*[@id=\"__tile52\"]"}
RESULT: {"using":"xpath","value":"//*[@id=\"__tile52\"]"}
COMMAND: POST /session/7da9309f7e88fd38dc1cf6604ce40035/element/f.BBFD096D24AC98DA896BC059A3F326CC.d.C617F25205C05CC7C9BFA22EFBE3DCD4.e.1981/click - {}
RESULT: undefined
COMMAND: POST /session/7da9309f7e88fd38dc1cf6604ce40035/execute/async - {"script":"<script> [6424 bytes]","args":[{"element-6066-11e4-a52e-4f735466cecf":"f.BBFD096D24AC98DA896BC059A3F326CC.d.C617F25205C05CC7C9BFA22EFBE3DCD4.e.282"},"getTitle",[]]}
COMMAND: POST /session/7da9309f7e88fd38dc1cf6604ce40035/execute/async - {"script":"<script> [1562 bytes]","args":[{"selector":{"id":"shellAppTitle"},"wdio_ui5_key":"shellAppTitle"}]}
RESULT: {"script":"<script> [1562 bytes]","args":[{"selector":{"id":"shellAppTitle"},"wdio_ui5_key":"shellAppTitle"}]}
COMMAND: POST /session/7da9309f7e88fd38dc1cf6604ce40035/execute/async - {"script":"<script> [6424 bytes]","args":[{"element-6066-11e4-a52e-4f735466cecf":"f.BBFD096D24AC98DA896BC059A3F326CC.d.C617F25205C05CC7C9BFA22EFBE3DCD4.e.2048"},"getTitle",[]]}
RESULT: {"script":"<script> [6424 bytes]","args":[{"element-6066-11e4-a52e-4f735466cecf":"f.BBFD096D24AC98DA896BC059A3F326CC.d.C617F25205C05CC7C9BFA22EFBE3DCD4.e.2048"},"getTitle",[]]}
RESULT: undefined
COMMAND: POST /session/7da9309f7e88fd38dc1cf6604ce40035/element/f.BBFD096D24AC98DA896BC059A3F326CC.d.C617F25205C05CC7C9BFA22EFBE3DCD4.e.1979/click - {}
RESULT: {}
COMMAND: GET /session/7da9309f7e88fd38dc1cf6604ce40035/screenshot - {}
RESULT: {}
]]></system-out>
    </testcase>
    <testcase classname="chrome.136_0_7103_93.windows.Sanity_Tests_US104253" name="Should open Manage States Performance page" time="36.45">
      <system-out><![CDATA[
COMMAND: POST /session/7da9309f7e88fd38dc1cf6604ce40035/execute/async - {"script":"<script> [1562 bytes]","args":[{"selector":{"controlType":"sap.m.GenericTile","properties":{"header":"Manage States & Performance"}},"wdio_ui5_key":"sapm.GenericTile{\"header\":\"Manage States & Performance\"}"}]}
RESULT: {"script":"<script> [1562 bytes]","args":[{"selector":{"controlType":"sap.m.GenericTile","properties":{"header":"Manage States & Performance"}},"wdio_ui5_key":"sapm.GenericTile{\"header\":\"Manage States & Performance\"}"}]}
RESULT: undefined
COMMAND: POST /session/7da9309f7e88fd38dc1cf6604ce40035/element - {"using":"xpath","value":"//*[@id=\"__tile56\"]"}
RESULT: {"using":"xpath","value":"//*[@id=\"__tile56\"]"}
COMMAND: POST /session/7da9309f7e88fd38dc1cf6604ce40035/element/f.BBFD096D24AC98DA896BC059A3F326CC.d.C617F25205C05CC7C9BFA22EFBE3DCD4.e.2052/click - {}
RESULT: {}
COMMAND: GET /session/7da9309f7e88fd38dc1cf6604ce40035/screenshot - {}
RESULT: {}
COMMAND: POST /session/7da9309f7e88fd38dc1cf6604ce40035/elements - {"using":"xpath","value":"//span[text()='Error']"}
RESULT: {"using":"xpath","value":"//span[text()='Error']"}
RESULT: undefined
COMMAND: POST /session/7da9309f7e88fd38dc1cf6604ce40035/element - {"using":"xpath","value":"//*[@id=\"__tile56\"]"}
RESULT: {"using":"xpath","value":"//*[@id=\"__tile56\"]"}
COMMAND: POST /session/7da9309f7e88fd38dc1cf6604ce40035/element/f.BBFD096D24AC98DA896BC059A3F326CC.d.C617F25205C05CC7C9BFA22EFBE3DCD4.e.2052/click - {}
RESULT: undefined
COMMAND: POST /session/7da9309f7e88fd38dc1cf6604ce40035/element - {"using":"xpath","value":"//*[@id=\"__tile56\"]"}
RESULT: {"using":"xpath","value":"//*[@id=\"__tile56\"]"}
COMMAND: POST /session/7da9309f7e88fd38dc1cf6604ce40035/element/f.BBFD096D24AC98DA896BC059A3F326CC.d.C617F25205C05CC7C9BFA22EFBE3DCD4.e.2052/click - {}
RESULT: undefined
COMMAND: POST /session/7da9309f7e88fd38dc1cf6604ce40035/execute/async - {"script":"<script> [6424 bytes]","args":[{"element-6066-11e4-a52e-4f735466cecf":"f.BBFD096D24AC98DA896BC059A3F326CC.d.C617F25205C05CC7C9BFA22EFBE3DCD4.e.282"},"getTitle",[]]}
COMMAND: POST /session/7da9309f7e88fd38dc1cf6604ce40035/execute/async - {"script":"<script> [1562 bytes]","args":[{"selector":{"id":"shellAppTitle"},"wdio_ui5_key":"shellAppTitle"}]}
RESULT: {"script":"<script> [1562 bytes]","args":[{"selector":{"id":"shellAppTitle"},"wdio_ui5_key":"shellAppTitle"}]}
COMMAND: POST /session/7da9309f7e88fd38dc1cf6604ce40035/execute/async - {"script":"<script> [6424 bytes]","args":[{"element-6066-11e4-a52e-4f735466cecf":"f.BBFD096D24AC98DA896BC059A3F326CC.d.C617F25205C05CC7C9BFA22EFBE3DCD4.e.2153"},"getTitle",[]]}
RESULT: {"script":"<script> [6424 bytes]","args":[{"element-6066-11e4-a52e-4f735466cecf":"f.BBFD096D24AC98DA896BC059A3F326CC.d.C617F25205C05CC7C9BFA22EFBE3DCD4.e.2153"},"getTitle",[]]}
RESULT: undefined
COMMAND: POST /session/7da9309f7e88fd38dc1cf6604ce40035/element/f.BBFD096D24AC98DA896BC059A3F326CC.d.C617F25205C05CC7C9BFA22EFBE3DCD4.e.1979/click - {}
COMMAND: POST /session/7da9309f7e88fd38dc1cf6604ce40035/element - {"using":"xpath","value":"//*[@id=\"backBtn\"]"}
RESULT: {"using":"xpath","value":"//*[@id=\"backBtn\"]"}
COMMAND: POST /session/7da9309f7e88fd38dc1cf6604ce40035/element/f.BBFD096D24AC98DA896BC059A3F326CC.d.C617F25205C05CC7C9BFA22EFBE3DCD4.e.1979/click - {}
COMMAND: POST /session/7da9309f7e88fd38dc1cf6604ce40035/element - {"using":"xpath","value":"//*[@id=\"backBtn\"]"}
RESULT: {"using":"xpath","value":"//*[@id=\"backBtn\"]"}
COMMAND: POST /session/7da9309f7e88fd38dc1cf6604ce40035/element/f.BBFD096D24AC98DA896BC059A3F326CC.d.C617F25205C05CC7C9BFA22EFBE3DCD4.e.2154/click - {}
RESULT: {}
COMMAND: GET /session/7da9309f7e88fd38dc1cf6604ce40035/screenshot - {}
RESULT: {}
]]></system-out>
    </testcase>
    <testcase classname="chrome.136_0_7103_93.windows.Sanity_Tests_US104253" name="Should open Manage Billings page" time="36.653">
      <system-out><![CDATA[
COMMAND: POST /session/7da9309f7e88fd38dc1cf6604ce40035/execute/async - {"script":"<script> [1562 bytes]","args":[{"selector":{"controlType":"sap.m.GenericTile","properties":{"header":"Manage Billings"}},"wdio_ui5_key":"sapm.GenericTile{\"header\":\"Manage Billings\"}"}]}
RESULT: {"script":"<script> [1562 bytes]","args":[{"selector":{"controlType":"sap.m.GenericTile","properties":{"header":"Manage Billings"}},"wdio_ui5_key":"sapm.GenericTile{\"header\":\"Manage Billings\"}"}]}
RESULT: undefined
COMMAND: POST /session/7da9309f7e88fd38dc1cf6604ce40035/element - {"using":"xpath","value":"//*[@id=\"__tile51\"]"}
RESULT: {"using":"xpath","value":"//*[@id=\"__tile51\"]"}
COMMAND: POST /session/7da9309f7e88fd38dc1cf6604ce40035/element/f.BBFD096D24AC98DA896BC059A3F326CC.d.C617F25205C05CC7C9BFA22EFBE3DCD4.e.2156/click - {}
RESULT: {}
COMMAND: GET /session/7da9309f7e88fd38dc1cf6604ce40035/screenshot - {}
RESULT: {}
COMMAND: POST /session/7da9309f7e88fd38dc1cf6604ce40035/elements - {"using":"xpath","value":"//span[text()='Error']"}
RESULT: {"using":"xpath","value":"//span[text()='Error']"}
RESULT: undefined
COMMAND: POST /session/7da9309f7e88fd38dc1cf6604ce40035/element - {"using":"xpath","value":"//*[@id=\"__tile51\"]"}
RESULT: {"using":"xpath","value":"//*[@id=\"__tile51\"]"}
COMMAND: POST /session/7da9309f7e88fd38dc1cf6604ce40035/element/f.BBFD096D24AC98DA896BC059A3F326CC.d.C617F25205C05CC7C9BFA22EFBE3DCD4.e.2156/click - {}
RESULT: undefined
COMMAND: POST /session/7da9309f7e88fd38dc1cf6604ce40035/element - {"using":"xpath","value":"//*[@id=\"__tile51\"]"}
RESULT: {"using":"xpath","value":"//*[@id=\"__tile51\"]"}
COMMAND: POST /session/7da9309f7e88fd38dc1cf6604ce40035/element/f.BBFD096D24AC98DA896BC059A3F326CC.d.C617F25205C05CC7C9BFA22EFBE3DCD4.e.2156/click - {}
RESULT: undefined
COMMAND: POST /session/7da9309f7e88fd38dc1cf6604ce40035/execute/async - {"script":"<script> [6424 bytes]","args":[{"element-6066-11e4-a52e-4f735466cecf":"f.BBFD096D24AC98DA896BC059A3F326CC.d.C617F25205C05CC7C9BFA22EFBE3DCD4.e.282"},"getTitle",[]]}
COMMAND: POST /session/7da9309f7e88fd38dc1cf6604ce40035/execute/async - {"script":"<script> [1562 bytes]","args":[{"selector":{"id":"shellAppTitle"},"wdio_ui5_key":"shellAppTitle"}]}
RESULT: {"script":"<script> [1562 bytes]","args":[{"selector":{"id":"shellAppTitle"},"wdio_ui5_key":"shellAppTitle"}]}
COMMAND: POST /session/7da9309f7e88fd38dc1cf6604ce40035/execute/async - {"script":"<script> [6424 bytes]","args":[{"element-6066-11e4-a52e-4f735466cecf":"f.BBFD096D24AC98DA896BC059A3F326CC.d.C617F25205C05CC7C9BFA22EFBE3DCD4.e.2374"},"getTitle",[]]}
RESULT: {"script":"<script> [6424 bytes]","args":[{"element-6066-11e4-a52e-4f735466cecf":"f.BBFD096D24AC98DA896BC059A3F326CC.d.C617F25205C05CC7C9BFA22EFBE3DCD4.e.2374"},"getTitle",[]]}
RESULT: undefined
COMMAND: POST /session/7da9309f7e88fd38dc1cf6604ce40035/element/f.BBFD096D24AC98DA896BC059A3F326CC.d.C617F25205C05CC7C9BFA22EFBE3DCD4.e.2154/click - {}
COMMAND: POST /session/7da9309f7e88fd38dc1cf6604ce40035/element/f.BBFD096D24AC98DA896BC059A3F326CC.d.C617F25205C05CC7C9BFA22EFBE3DCD4.e.2154/click - {}
RESULT: {}
COMMAND: GET /session/7da9309f7e88fd38dc1cf6604ce40035/screenshot - {}
COMMAND: POST /session/7da9309f7e88fd38dc1cf6604ce40035/element - {"using":"xpath","value":"//*[@id=\"backBtn\"]"}
RESULT: {}
RESULT: {"using":"xpath","value":"//*[@id=\"backBtn\"]"}
COMMAND: POST /session/7da9309f7e88fd38dc1cf6604ce40035/elements - {"using":"xpath","value":"//*[@id=\"backBtn\"]"}
RESULT: {"using":"xpath","value":"//*[@id=\"backBtn\"]"}
COMMAND: POST /session/7da9309f7e88fd38dc1cf6604ce40035/elements - {"using":"xpath","value":"//*[@id=\"backBtn\"]"}
RESULT: {"using":"xpath","value":"//*[@id=\"backBtn\"]"}
COMMAND: POST /session/7da9309f7e88fd38dc1cf6604ce40035/elements - {"using":"xpath","value":"//*[@id=\"backBtn\"]"}
RESULT: {"using":"xpath","value":"//*[@id=\"backBtn\"]"}
COMMAND: POST /session/7da9309f7e88fd38dc1cf6604ce40035/elements - {"using":"xpath","value":"//*[@id=\"backBtn\"]"}
RESULT: {"using":"xpath","value":"//*[@id=\"backBtn\"]"}
COMMAND: POST /session/7da9309f7e88fd38dc1cf6604ce40035/elements - {"using":"xpath","value":"//*[@id=\"backBtn\"]"}
RESULT: {"using":"xpath","value":"//*[@id=\"backBtn\"]"}
COMMAND: POST /session/7da9309f7e88fd38dc1cf6604ce40035/elements - {"using":"xpath","value":"//*[@id=\"backBtn\"]"}
RESULT: {"using":"xpath","value":"//*[@id=\"backBtn\"]"}
COMMAND: POST /session/7da9309f7e88fd38dc1cf6604ce40035/elements - {"using":"xpath","value":"//*[@id=\"backBtn\"]"}
RESULT: {"using":"xpath","value":"//*[@id=\"backBtn\"]"}
COMMAND: POST /session/7da9309f7e88fd38dc1cf6604ce40035/elements - {"using":"xpath","value":"//*[@id=\"backBtn\"]"}
RESULT: {"using":"xpath","value":"//*[@id=\"backBtn\"]"}
COMMAND: POST /session/7da9309f7e88fd38dc1cf6604ce40035/elements - {"using":"xpath","value":"//*[@id=\"backBtn\"]"}
RESULT: {"using":"xpath","value":"//*[@id=\"backBtn\"]"}
COMMAND: POST /session/7da9309f7e88fd38dc1cf6604ce40035/elements - {"using":"xpath","value":"//*[@id=\"backBtn\"]"}
RESULT: {"using":"xpath","value":"//*[@id=\"backBtn\"]"}
COMMAND: POST /session/7da9309f7e88fd38dc1cf6604ce40035/elements - {"using":"xpath","value":"//*[@id=\"backBtn\"]"}
RESULT: {"using":"xpath","value":"//*[@id=\"backBtn\"]"}
COMMAND: POST /session/7da9309f7e88fd38dc1cf6604ce40035/elements - {"using":"xpath","value":"//*[@id=\"backBtn\"]"}
RESULT: {"using":"xpath","value":"//*[@id=\"backBtn\"]"}
COMMAND: POST /session/7da9309f7e88fd38dc1cf6604ce40035/elements - {"using":"xpath","value":"//*[@id=\"backBtn\"]"}
RESULT: {"using":"xpath","value":"//*[@id=\"backBtn\"]"}
COMMAND: POST /session/7da9309f7e88fd38dc1cf6604ce40035/elements - {"using":"xpath","value":"//*[@id=\"backBtn\"]"}
RESULT: {"using":"xpath","value":"//*[@id=\"backBtn\"]"}
COMMAND: POST /session/7da9309f7e88fd38dc1cf6604ce40035/elements - {"using":"xpath","value":"//*[@id=\"backBtn\"]"}
RESULT: {"using":"xpath","value":"//*[@id=\"backBtn\"]"}
COMMAND: POST /session/7da9309f7e88fd38dc1cf6604ce40035/elements - {"using":"xpath","value":"//*[@id=\"backBtn\"]"}
RESULT: {"using":"xpath","value":"//*[@id=\"backBtn\"]"}
COMMAND: POST /session/7da9309f7e88fd38dc1cf6604ce40035/elements - {"using":"xpath","value":"//*[@id=\"backBtn\"]"}
RESULT: {"using":"xpath","value":"//*[@id=\"backBtn\"]"}
]]></system-out>
    </testcase>
    <testcase classname="chrome.136_0_7103_93.windows.Sanity_Tests_US104253" name="Should open Manage Conditions Prices page" time="45.465">
      <system-out><![CDATA[
COMMAND: POST /session/7da9309f7e88fd38dc1cf6604ce40035/execute/async - {"script":"<script> [1562 bytes]","args":[{"selector":{"controlType":"sap.m.GenericTile","properties":{"header":"Manage Conditions & Prices"}},"wdio_ui5_key":"sapm.GenericTile{\"header\":\"Manage Conditions & Prices\"}"}]}
COMMAND: POST /session/7da9309f7e88fd38dc1cf6604ce40035/elements - {"using":"xpath","value":"//*[@id=\"backBtn\"]"}
RESULT: {"script":"<script> [1562 bytes]","args":[{"selector":{"controlType":"sap.m.GenericTile","properties":{"header":"Manage Conditions & Prices"}},"wdio_ui5_key":"sapm.GenericTile{\"header\":\"Manage Conditions & Prices\"}"}]}
RESULT: undefined
COMMAND: POST /session/7da9309f7e88fd38dc1cf6604ce40035/element - {"using":"xpath","value":"//*[@id=\"__tile53\"]"}
RESULT: {"using":"xpath","value":"//*[@id=\"backBtn\"]"}
RESULT: {"using":"xpath","value":"//*[@id=\"__tile53\"]"}
COMMAND: POST /session/7da9309f7e88fd38dc1cf6604ce40035/element/f.BBFD096D24AC98DA896BC059A3F326CC.d.C617F25205C05CC7C9BFA22EFBE3DCD4.e.2376/click - {}
RESULT: {}
COMMAND: GET /session/7da9309f7e88fd38dc1cf6604ce40035/screenshot - {}
RESULT: {}
COMMAND: POST /session/7da9309f7e88fd38dc1cf6604ce40035/elements - {"using":"xpath","value":"//*[@id=\"backBtn\"]"}
RESULT: {"using":"xpath","value":"//*[@id=\"backBtn\"]"}
COMMAND: POST /session/7da9309f7e88fd38dc1cf6604ce40035/elements - {"using":"xpath","value":"//*[@id=\"backBtn\"]"}
RESULT: {"using":"xpath","value":"//*[@id=\"backBtn\"]"}
COMMAND: POST /session/7da9309f7e88fd38dc1cf6604ce40035/elements - {"using":"xpath","value":"//*[@id=\"backBtn\"]"}
RESULT: {"using":"xpath","value":"//*[@id=\"backBtn\"]"}
COMMAND: POST /session/7da9309f7e88fd38dc1cf6604ce40035/elements - {"using":"xpath","value":"//*[@id=\"backBtn\"]"}
RESULT: {"using":"xpath","value":"//*[@id=\"backBtn\"]"}
COMMAND: POST /session/7da9309f7e88fd38dc1cf6604ce40035/elements - {"using":"xpath","value":"//*[@id=\"backBtn\"]"}
RESULT: {"using":"xpath","value":"//*[@id=\"backBtn\"]"}
COMMAND: POST /session/7da9309f7e88fd38dc1cf6604ce40035/elements - {"using":"xpath","value":"//*[@id=\"backBtn\"]"}
COMMAND: POST /session/7da9309f7e88fd38dc1cf6604ce40035/elements - {"using":"xpath","value":"//span[text()='Error']"}
RESULT: {"using":"xpath","value":"//*[@id=\"backBtn\"]"}
COMMAND: POST /session/7da9309f7e88fd38dc1cf6604ce40035/element - {"using":"xpath","value":"//*[@id=\"backBtn\"]"}
RESULT: {"using":"xpath","value":"//span[text()='Error']"}
RESULT: {"using":"xpath","value":"//*[@id=\"backBtn\"]"}
COMMAND: POST /session/7da9309f7e88fd38dc1cf6604ce40035/element/f.BBFD096D24AC98DA896BC059A3F326CC.d.C617F25205C05CC7C9BFA22EFBE3DCD4.e.2154/click - {}
COMMAND: POST /session/7da9309f7e88fd38dc1cf6604ce40035/element - {"using":"xpath","value":"//*[@id=\"backBtn\"]"}
RESULT: {"using":"xpath","value":"//*[@id=\"backBtn\"]"}
COMMAND: POST /session/7da9309f7e88fd38dc1cf6604ce40035/element/f.BBFD096D24AC98DA896BC059A3F326CC.d.C617F25205C05CC7C9BFA22EFBE3DCD4.e.2380/click - {}
RESULT: {}
COMMAND: GET /session/7da9309f7e88fd38dc1cf6604ce40035/screenshot - {}
RESULT: {}
RESULT: undefined
COMMAND: POST /session/7da9309f7e88fd38dc1cf6604ce40035/element - {"using":"xpath","value":"//*[@id=\"__tile53\"]"}
RESULT: {"using":"xpath","value":"//*[@id=\"__tile53\"]"}
COMMAND: POST /session/7da9309f7e88fd38dc1cf6604ce40035/element/f.BBFD096D24AC98DA896BC059A3F326CC.d.C617F25205C05CC7C9BFA22EFBE3DCD4.e.2376/click - {}
RESULT: {}
RESULT: undefined
COMMAND: POST /session/7da9309f7e88fd38dc1cf6604ce40035/element - {"using":"xpath","value":"//*[@id=\"__tile53\"]"}
COMMAND: GET /session/7da9309f7e88fd38dc1cf6604ce40035/screenshot - {}
RESULT: {"using":"xpath","value":"//*[@id=\"__tile53\"]"}
COMMAND: POST /session/7da9309f7e88fd38dc1cf6604ce40035/element/f.BBFD096D24AC98DA896BC059A3F326CC.d.C617F25205C05CC7C9BFA22EFBE3DCD4.e.2376/click - {}
RESULT: {}
RESULT: undefined
COMMAND: POST /session/7da9309f7e88fd38dc1cf6604ce40035/execute/async - {"script":"<script> [6424 bytes]","args":[{"element-6066-11e4-a52e-4f735466cecf":"f.BBFD096D24AC98DA896BC059A3F326CC.d.C617F25205C05CC7C9BFA22EFBE3DCD4.e.282"},"getTitle",[]]}
COMMAND: POST /session/7da9309f7e88fd38dc1cf6604ce40035/execute/async - {"script":"<script> [1562 bytes]","args":[{"selector":{"id":"shellAppTitle"},"wdio_ui5_key":"shellAppTitle"}]}
RESULT: {"script":"<script> [1562 bytes]","args":[{"selector":{"id":"shellAppTitle"},"wdio_ui5_key":"shellAppTitle"}]}
COMMAND: POST /session/7da9309f7e88fd38dc1cf6604ce40035/execute/async - {"script":"<script> [6424 bytes]","args":[{"element-6066-11e4-a52e-4f735466cecf":"f.BBFD096D24AC98DA896BC059A3F326CC.d.C617F25205C05CC7C9BFA22EFBE3DCD4.e.2566"},"getTitle",[]]}
RESULT: {"script":"<script> [6424 bytes]","args":[{"element-6066-11e4-a52e-4f735466cecf":"f.BBFD096D24AC98DA896BC059A3F326CC.d.C617F25205C05CC7C9BFA22EFBE3DCD4.e.2566"},"getTitle",[]]}
RESULT: undefined
COMMAND: POST /session/7da9309f7e88fd38dc1cf6604ce40035/element/f.BBFD096D24AC98DA896BC059A3F326CC.d.C617F25205C05CC7C9BFA22EFBE3DCD4.e.2380/click - {}
RESULT: {}
COMMAND: GET /session/7da9309f7e88fd38dc1cf6604ce40035/screenshot - {}
RESULT: {}
]]></system-out>
    </testcase>
    <testcase classname="chrome.136_0_7103_93.windows.Sanity_Tests_US104253" name="Should open Billing Transfer page" time="36.548">
      <system-out><![CDATA[
COMMAND: POST /session/7da9309f7e88fd38dc1cf6604ce40035/execute/async - {"script":"<script> [1562 bytes]","args":[{"selector":{"controlType":"sap.m.GenericTile","properties":{"header":"Billing Transfer"}},"wdio_ui5_key":"sapm.GenericTile{\"header\":\"Billing Transfer\"}"}]}
RESULT: {"script":"<script> [1562 bytes]","args":[{"selector":{"controlType":"sap.m.GenericTile","properties":{"header":"Billing Transfer"}},"wdio_ui5_key":"sapm.GenericTile{\"header\":\"Billing Transfer\"}"}]}
RESULT: undefined
COMMAND: POST /session/7da9309f7e88fd38dc1cf6604ce40035/element - {"using":"xpath","value":"//*[@id=\"__tile50\"]"}
RESULT: {"using":"xpath","value":"//*[@id=\"__tile50\"]"}
COMMAND: POST /session/7da9309f7e88fd38dc1cf6604ce40035/element/f.BBFD096D24AC98DA896BC059A3F326CC.d.C617F25205C05CC7C9BFA22EFBE3DCD4.e.2568/click - {}
RESULT: {}
COMMAND: GET /session/7da9309f7e88fd38dc1cf6604ce40035/screenshot - {}
RESULT: {}
COMMAND: POST /session/7da9309f7e88fd38dc1cf6604ce40035/elements - {"using":"xpath","value":"//span[text()='Error']"}
RESULT: {"using":"xpath","value":"//span[text()='Error']"}
RESULT: undefined
COMMAND: POST /session/7da9309f7e88fd38dc1cf6604ce40035/element - {"using":"xpath","value":"//*[@id=\"__tile50\"]"}
RESULT: {"using":"xpath","value":"//*[@id=\"__tile50\"]"}
COMMAND: POST /session/7da9309f7e88fd38dc1cf6604ce40035/element/f.BBFD096D24AC98DA896BC059A3F326CC.d.C617F25205C05CC7C9BFA22EFBE3DCD4.e.2568/click - {}
RESULT: undefined
COMMAND: POST /session/7da9309f7e88fd38dc1cf6604ce40035/element - {"using":"xpath","value":"//*[@id=\"__tile50\"]"}
RESULT: {"using":"xpath","value":"//*[@id=\"__tile50\"]"}
COMMAND: POST /session/7da9309f7e88fd38dc1cf6604ce40035/element/f.BBFD096D24AC98DA896BC059A3F326CC.d.C617F25205C05CC7C9BFA22EFBE3DCD4.e.2568/click - {}
RESULT: undefined
COMMAND: POST /session/7da9309f7e88fd38dc1cf6604ce40035/execute/async - {"script":"<script> [6424 bytes]","args":[{"element-6066-11e4-a52e-4f735466cecf":"f.BBFD096D24AC98DA896BC059A3F326CC.d.C617F25205C05CC7C9BFA22EFBE3DCD4.e.282"},"getTitle",[]]}
COMMAND: POST /session/7da9309f7e88fd38dc1cf6604ce40035/execute/async - {"script":"<script> [1562 bytes]","args":[{"selector":{"id":"shellAppTitle"},"wdio_ui5_key":"shellAppTitle"}]}
RESULT: {"script":"<script> [1562 bytes]","args":[{"selector":{"id":"shellAppTitle"},"wdio_ui5_key":"shellAppTitle"}]}
COMMAND: POST /session/7da9309f7e88fd38dc1cf6604ce40035/execute/async - {"script":"<script> [6424 bytes]","args":[{"element-6066-11e4-a52e-4f735466cecf":"f.BBFD096D24AC98DA896BC059A3F326CC.d.C617F25205C05CC7C9BFA22EFBE3DCD4.e.2679"},"getTitle",[]]}
RESULT: {"script":"<script> [6424 bytes]","args":[{"element-6066-11e4-a52e-4f735466cecf":"f.BBFD096D24AC98DA896BC059A3F326CC.d.C617F25205C05CC7C9BFA22EFBE3DCD4.e.2679"},"getTitle",[]]}
RESULT: undefined
COMMAND: POST /session/7da9309f7e88fd38dc1cf6604ce40035/element/f.BBFD096D24AC98DA896BC059A3F326CC.d.C617F25205C05CC7C9BFA22EFBE3DCD4.e.2380/click - {}
COMMAND: POST /session/7da9309f7e88fd38dc1cf6604ce40035/element - {"using":"xpath","value":"//*[@id=\"backBtn\"]"}
RESULT: {"using":"xpath","value":"//*[@id=\"backBtn\"]"}
COMMAND: POST /session/7da9309f7e88fd38dc1cf6604ce40035/element/f.BBFD096D24AC98DA896BC059A3F326CC.d.C617F25205C05CC7C9BFA22EFBE3DCD4.e.2380/click - {}
COMMAND: POST /session/7da9309f7e88fd38dc1cf6604ce40035/element - {"using":"xpath","value":"//*[@id=\"backBtn\"]"}
RESULT: {"using":"xpath","value":"//*[@id=\"backBtn\"]"}
COMMAND: POST /session/7da9309f7e88fd38dc1cf6604ce40035/element/f.BBFD096D24AC98DA896BC059A3F326CC.d.C617F25205C05CC7C9BFA22EFBE3DCD4.e.2680/click - {}
RESULT: {}
COMMAND: GET /session/7da9309f7e88fd38dc1cf6604ce40035/screenshot - {}
RESULT: {}
]]></system-out>
    </testcase>
    <testcase classname="chrome.136_0_7103_93.windows.Sanity_Tests_US104253" name="Should open Manage Pricing Rules page" time="36.065">
      <system-out><![CDATA[
COMMAND: POST /session/7da9309f7e88fd38dc1cf6604ce40035/execute/async - {"script":"<script> [1562 bytes]","args":[{"selector":{"controlType":"sap.m.GenericTile","properties":{"header":"Manage Pricing Rules"}},"wdio_ui5_key":"sapm.GenericTile{\"header\":\"Manage Pricing Rules\"}"}]}
RESULT: {"script":"<script> [1562 bytes]","args":[{"selector":{"controlType":"sap.m.GenericTile","properties":{"header":"Manage Pricing Rules"}},"wdio_ui5_key":"sapm.GenericTile{\"header\":\"Manage Pricing Rules\"}"}]}
RESULT: undefined
COMMAND: POST /session/7da9309f7e88fd38dc1cf6604ce40035/element - {"using":"xpath","value":"//*[@id=\"__tile55\"]"}
RESULT: {"using":"xpath","value":"//*[@id=\"__tile55\"]"}
COMMAND: POST /session/7da9309f7e88fd38dc1cf6604ce40035/element/f.BBFD096D24AC98DA896BC059A3F326CC.d.C617F25205C05CC7C9BFA22EFBE3DCD4.e.2682/click - {}
RESULT: {}
COMMAND: GET /session/7da9309f7e88fd38dc1cf6604ce40035/screenshot - {}
RESULT: {}
COMMAND: POST /session/7da9309f7e88fd38dc1cf6604ce40035/elements - {"using":"xpath","value":"//span[text()='Error']"}
RESULT: {"using":"xpath","value":"//span[text()='Error']"}
RESULT: undefined
COMMAND: POST /session/7da9309f7e88fd38dc1cf6604ce40035/element - {"using":"xpath","value":"//*[@id=\"__tile55\"]"}
RESULT: {"using":"xpath","value":"//*[@id=\"__tile55\"]"}
COMMAND: POST /session/7da9309f7e88fd38dc1cf6604ce40035/element/f.BBFD096D24AC98DA896BC059A3F326CC.d.C617F25205C05CC7C9BFA22EFBE3DCD4.e.2682/click - {}
RESULT: undefined
COMMAND: POST /session/7da9309f7e88fd38dc1cf6604ce40035/element - {"using":"xpath","value":"//*[@id=\"__tile55\"]"}
RESULT: {"using":"xpath","value":"//*[@id=\"__tile55\"]"}
COMMAND: POST /session/7da9309f7e88fd38dc1cf6604ce40035/element/f.BBFD096D24AC98DA896BC059A3F326CC.d.C617F25205C05CC7C9BFA22EFBE3DCD4.e.2682/click - {}
RESULT: undefined
COMMAND: POST /session/7da9309f7e88fd38dc1cf6604ce40035/execute/async - {"script":"<script> [6424 bytes]","args":[{"element-6066-11e4-a52e-4f735466cecf":"f.BBFD096D24AC98DA896BC059A3F326CC.d.C617F25205C05CC7C9BFA22EFBE3DCD4.e.282"},"getTitle",[]]}
COMMAND: POST /session/7da9309f7e88fd38dc1cf6604ce40035/execute/async - {"script":"<script> [1562 bytes]","args":[{"selector":{"id":"shellAppTitle"},"wdio_ui5_key":"shellAppTitle"}]}
RESULT: {"script":"<script> [1562 bytes]","args":[{"selector":{"id":"shellAppTitle"},"wdio_ui5_key":"shellAppTitle"}]}
COMMAND: POST /session/7da9309f7e88fd38dc1cf6604ce40035/execute/async - {"script":"<script> [6424 bytes]","args":[{"element-6066-11e4-a52e-4f735466cecf":"f.BBFD096D24AC98DA896BC059A3F326CC.d.C617F25205C05CC7C9BFA22EFBE3DCD4.e.2766"},"getTitle",[]]}
RESULT: {"script":"<script> [6424 bytes]","args":[{"element-6066-11e4-a52e-4f735466cecf":"f.BBFD096D24AC98DA896BC059A3F326CC.d.C617F25205C05CC7C9BFA22EFBE3DCD4.e.2766"},"getTitle",[]]}
RESULT: undefined
COMMAND: POST /session/7da9309f7e88fd38dc1cf6604ce40035/element/f.BBFD096D24AC98DA896BC059A3F326CC.d.C617F25205C05CC7C9BFA22EFBE3DCD4.e.2680/click - {}
RESULT: {}
COMMAND: GET /session/7da9309f7e88fd38dc1cf6604ce40035/screenshot - {}
RESULT: {}
]]></system-out>
    </testcase>
    <testcase classname="chrome.136_0_7103_93.windows.Sanity_Tests_US104253" name="Should open Manage Price Determination Matrices page" time="36.612">
      <system-out><![CDATA[
COMMAND: POST /session/7da9309f7e88fd38dc1cf6604ce40035/execute/async - {"script":"<script> [1562 bytes]","args":[{"selector":{"controlType":"sap.m.GenericTile","properties":{"header":"Manage Price Determination Matrices"}},"wdio_ui5_key":"sapm.GenericTile{\"header\":\"Manage Price Determination Matrices\"}"}]}
RESULT: {"script":"<script> [1562 bytes]","args":[{"selector":{"controlType":"sap.m.GenericTile","properties":{"header":"Manage Price Determination Matrices"}},"wdio_ui5_key":"sapm.GenericTile{\"header\":\"Manage Price Determination Matrices\"}"}]}
RESULT: undefined
COMMAND: POST /session/7da9309f7e88fd38dc1cf6604ce40035/element - {"using":"xpath","value":"//*[@id=\"__tile54\"]"}
RESULT: {"using":"xpath","value":"//*[@id=\"__tile54\"]"}
COMMAND: POST /session/7da9309f7e88fd38dc1cf6604ce40035/element/f.BBFD096D24AC98DA896BC059A3F326CC.d.C617F25205C05CC7C9BFA22EFBE3DCD4.e.2768/click - {}
RESULT: {}
COMMAND: GET /session/7da9309f7e88fd38dc1cf6604ce40035/screenshot - {}
RESULT: {}
COMMAND: POST /session/7da9309f7e88fd38dc1cf6604ce40035/elements - {"using":"xpath","value":"//span[text()='Error']"}
RESULT: {"using":"xpath","value":"//span[text()='Error']"}
RESULT: undefined
COMMAND: POST /session/7da9309f7e88fd38dc1cf6604ce40035/element - {"using":"xpath","value":"//*[@id=\"__tile54\"]"}
RESULT: {"using":"xpath","value":"//*[@id=\"__tile54\"]"}
COMMAND: POST /session/7da9309f7e88fd38dc1cf6604ce40035/element/f.BBFD096D24AC98DA896BC059A3F326CC.d.C617F25205C05CC7C9BFA22EFBE3DCD4.e.2768/click - {}
RESULT: undefined
COMMAND: POST /session/7da9309f7e88fd38dc1cf6604ce40035/element - {"using":"xpath","value":"//*[@id=\"__tile54\"]"}
RESULT: {"using":"xpath","value":"//*[@id=\"__tile54\"]"}
COMMAND: POST /session/7da9309f7e88fd38dc1cf6604ce40035/element/f.BBFD096D24AC98DA896BC059A3F326CC.d.C617F25205C05CC7C9BFA22EFBE3DCD4.e.2768/click - {}
RESULT: undefined
COMMAND: POST /session/7da9309f7e88fd38dc1cf6604ce40035/execute/async - {"script":"<script> [6424 bytes]","args":[{"element-6066-11e4-a52e-4f735466cecf":"f.BBFD096D24AC98DA896BC059A3F326CC.d.C617F25205C05CC7C9BFA22EFBE3DCD4.e.282"},"getTitle",[]]}
COMMAND: POST /session/7da9309f7e88fd38dc1cf6604ce40035/execute/async - {"script":"<script> [1562 bytes]","args":[{"selector":{"id":"shellAppTitle"},"wdio_ui5_key":"shellAppTitle"}]}
RESULT: {"script":"<script> [1562 bytes]","args":[{"selector":{"id":"shellAppTitle"},"wdio_ui5_key":"shellAppTitle"}]}
COMMAND: POST /session/7da9309f7e88fd38dc1cf6604ce40035/execute/async - {"script":"<script> [6424 bytes]","args":[{"element-6066-11e4-a52e-4f735466cecf":"f.BBFD096D24AC98DA896BC059A3F326CC.d.C617F25205C05CC7C9BFA22EFBE3DCD4.e.2852"},"getTitle",[]]}
RESULT: {"script":"<script> [6424 bytes]","args":[{"element-6066-11e4-a52e-4f735466cecf":"f.BBFD096D24AC98DA896BC059A3F326CC.d.C617F25205C05CC7C9BFA22EFBE3DCD4.e.2852"},"getTitle",[]]}
RESULT: undefined
COMMAND: POST /session/7da9309f7e88fd38dc1cf6604ce40035/element/f.BBFD096D24AC98DA896BC059A3F326CC.d.C617F25205C05CC7C9BFA22EFBE3DCD4.e.2680/click - {}
COMMAND: POST /session/7da9309f7e88fd38dc1cf6604ce40035/element - {"using":"xpath","value":"//*[@id=\"backBtn\"]"}
RESULT: {"using":"xpath","value":"//*[@id=\"backBtn\"]"}
COMMAND: POST /session/7da9309f7e88fd38dc1cf6604ce40035/element/f.BBFD096D24AC98DA896BC059A3F326CC.d.C617F25205C05CC7C9BFA22EFBE3DCD4.e.2680/click - {}
COMMAND: POST /session/7da9309f7e88fd38dc1cf6604ce40035/element - {"using":"xpath","value":"//*[@id=\"backBtn\"]"}
RESULT: {"using":"xpath","value":"//*[@id=\"backBtn\"]"}
COMMAND: POST /session/7da9309f7e88fd38dc1cf6604ce40035/element/f.BBFD096D24AC98DA896BC059A3F326CC.d.C617F25205C05CC7C9BFA22EFBE3DCD4.e.2853/click - {}
RESULT: {}
COMMAND: GET /session/7da9309f7e88fd38dc1cf6604ce40035/screenshot - {}
RESULT: {}
]]></system-out>
    </testcase>
    <testcase classname="chrome.136_0_7103_93.windows.Sanity_Tests_US104253" name="Should open Yard Overview page" time="37.076">
      <system-out><![CDATA[
COMMAND: POST /session/7da9309f7e88fd38dc1cf6604ce40035/execute/async - {"script":"<script> [1562 bytes]","args":[{"selector":{"controlType":"sap.m.GenericTile","properties":{"header":"Yard Overview"}},"wdio_ui5_key":"sapm.GenericTile{\"header\":\"Yard Overview\"}"}]}
RESULT: {"script":"<script> [1562 bytes]","args":[{"selector":{"controlType":"sap.m.GenericTile","properties":{"header":"Yard Overview"}},"wdio_ui5_key":"sapm.GenericTile{\"header\":\"Yard Overview\"}"}]}
RESULT: undefined
COMMAND: POST /session/7da9309f7e88fd38dc1cf6604ce40035/element - {"using":"xpath","value":"//*[@id=\"__tile102\"]"}
RESULT: {"using":"xpath","value":"//*[@id=\"__tile102\"]"}
COMMAND: POST /session/7da9309f7e88fd38dc1cf6604ce40035/element/f.BBFD096D24AC98DA896BC059A3F326CC.d.C617F25205C05CC7C9BFA22EFBE3DCD4.e.2855/click - {}
RESULT: {}
COMMAND: GET /session/7da9309f7e88fd38dc1cf6604ce40035/screenshot - {}
RESULT: {}
COMMAND: POST /session/7da9309f7e88fd38dc1cf6604ce40035/elements - {"using":"xpath","value":"//span[text()='Error']"}
RESULT: {"using":"xpath","value":"//span[text()='Error']"}
RESULT: undefined
COMMAND: POST /session/7da9309f7e88fd38dc1cf6604ce40035/element - {"using":"xpath","value":"//*[@id=\"__tile102\"]"}
RESULT: {"using":"xpath","value":"//*[@id=\"__tile102\"]"}
COMMAND: POST /session/7da9309f7e88fd38dc1cf6604ce40035/element/f.BBFD096D24AC98DA896BC059A3F326CC.d.C617F25205C05CC7C9BFA22EFBE3DCD4.e.2855/click - {}
RESULT: undefined
COMMAND: POST /session/7da9309f7e88fd38dc1cf6604ce40035/element - {"using":"xpath","value":"//*[@id=\"__tile102\"]"}
RESULT: {"using":"xpath","value":"//*[@id=\"__tile102\"]"}
COMMAND: POST /session/7da9309f7e88fd38dc1cf6604ce40035/element/f.BBFD096D24AC98DA896BC059A3F326CC.d.C617F25205C05CC7C9BFA22EFBE3DCD4.e.2855/click - {}
RESULT: undefined
COMMAND: POST /session/7da9309f7e88fd38dc1cf6604ce40035/execute/async - {"script":"<script> [6424 bytes]","args":[{"element-6066-11e4-a52e-4f735466cecf":"f.BBFD096D24AC98DA896BC059A3F326CC.d.C617F25205C05CC7C9BFA22EFBE3DCD4.e.282"},"getTitle",[]]}
COMMAND: POST /session/7da9309f7e88fd38dc1cf6604ce40035/execute/async - {"script":"<script> [1562 bytes]","args":[{"selector":{"id":"shellAppTitle"},"wdio_ui5_key":"shellAppTitle"}]}
RESULT: {"script":"<script> [1562 bytes]","args":[{"selector":{"id":"shellAppTitle"},"wdio_ui5_key":"shellAppTitle"}]}
COMMAND: POST /session/7da9309f7e88fd38dc1cf6604ce40035/execute/async - {"script":"<script> [6424 bytes]","args":[{"element-6066-11e4-a52e-4f735466cecf":"f.BBFD096D24AC98DA896BC059A3F326CC.d.C617F25205C05CC7C9BFA22EFBE3DCD4.e.2920"},"getTitle",[]]}
RESULT: {"script":"<script> [6424 bytes]","args":[{"element-6066-11e4-a52e-4f735466cecf":"f.BBFD096D24AC98DA896BC059A3F326CC.d.C617F25205C05CC7C9BFA22EFBE3DCD4.e.2920"},"getTitle",[]]}
RESULT: undefined
COMMAND: POST /session/7da9309f7e88fd38dc1cf6604ce40035/element/f.BBFD096D24AC98DA896BC059A3F326CC.d.C617F25205C05CC7C9BFA22EFBE3DCD4.e.2853/click - {}
RESULT: {}
COMMAND: GET /session/7da9309f7e88fd38dc1cf6604ce40035/screenshot - {}
RESULT: {}
]]></system-out>
    </testcase>
    <testcase classname="chrome.136_0_7103_93.windows.Sanity_Tests_US104253" name="Should open Site Overview page" time="37.308">
      <system-out><![CDATA[
COMMAND: POST /session/7da9309f7e88fd38dc1cf6604ce40035/execute/async - {"script":"<script> [1562 bytes]","args":[{"selector":{"controlType":"sap.m.GenericTile","properties":{"header":"Site Overview"}},"wdio_ui5_key":"sapm.GenericTile{\"header\":\"Site Overview\"}"}]}
RESULT: {"script":"<script> [1562 bytes]","args":[{"selector":{"controlType":"sap.m.GenericTile","properties":{"header":"Site Overview"}},"wdio_ui5_key":"sapm.GenericTile{\"header\":\"Site Overview\"}"}]}
RESULT: undefined
COMMAND: POST /session/7da9309f7e88fd38dc1cf6604ce40035/element - {"using":"xpath","value":"//*[@id=\"__tile100\"]"}
RESULT: {"using":"xpath","value":"//*[@id=\"__tile100\"]"}
COMMAND: POST /session/7da9309f7e88fd38dc1cf6604ce40035/element/f.BBFD096D24AC98DA896BC059A3F326CC.d.C617F25205C05CC7C9BFA22EFBE3DCD4.e.2923/click - {}
RESULT: {}
COMMAND: GET /session/7da9309f7e88fd38dc1cf6604ce40035/screenshot - {}
RESULT: {}
COMMAND: POST /session/7da9309f7e88fd38dc1cf6604ce40035/elements - {"using":"xpath","value":"//span[text()='Error']"}
RESULT: {"using":"xpath","value":"//span[text()='Error']"}
RESULT: undefined
COMMAND: POST /session/7da9309f7e88fd38dc1cf6604ce40035/element - {"using":"xpath","value":"//*[@id=\"__tile100\"]"}
RESULT: {"using":"xpath","value":"//*[@id=\"__tile100\"]"}
COMMAND: POST /session/7da9309f7e88fd38dc1cf6604ce40035/element/f.BBFD096D24AC98DA896BC059A3F326CC.d.C617F25205C05CC7C9BFA22EFBE3DCD4.e.2923/click - {}
RESULT: undefined
COMMAND: POST /session/7da9309f7e88fd38dc1cf6604ce40035/element - {"using":"xpath","value":"//*[@id=\"__tile100\"]"}
RESULT: {"using":"xpath","value":"//*[@id=\"__tile100\"]"}
COMMAND: POST /session/7da9309f7e88fd38dc1cf6604ce40035/element/f.BBFD096D24AC98DA896BC059A3F326CC.d.C617F25205C05CC7C9BFA22EFBE3DCD4.e.2923/click - {}
RESULT: undefined
COMMAND: POST /session/7da9309f7e88fd38dc1cf6604ce40035/execute/async - {"script":"<script> [6424 bytes]","args":[{"element-6066-11e4-a52e-4f735466cecf":"f.BBFD096D24AC98DA896BC059A3F326CC.d.C617F25205C05CC7C9BFA22EFBE3DCD4.e.282"},"getTitle",[]]}
COMMAND: POST /session/7da9309f7e88fd38dc1cf6604ce40035/execute/async - {"script":"<script> [1562 bytes]","args":[{"selector":{"id":"shellAppTitle"},"wdio_ui5_key":"shellAppTitle"}]}
RESULT: {"script":"<script> [1562 bytes]","args":[{"selector":{"id":"shellAppTitle"},"wdio_ui5_key":"shellAppTitle"}]}
COMMAND: POST /session/7da9309f7e88fd38dc1cf6604ce40035/execute/async - {"script":"<script> [6424 bytes]","args":[{"element-6066-11e4-a52e-4f735466cecf":"f.BBFD096D24AC98DA896BC059A3F326CC.d.C617F25205C05CC7C9BFA22EFBE3DCD4.e.3051"},"getTitle",[]]}
RESULT: {"script":"<script> [6424 bytes]","args":[{"element-6066-11e4-a52e-4f735466cecf":"f.BBFD096D24AC98DA896BC059A3F326CC.d.C617F25205C05CC7C9BFA22EFBE3DCD4.e.3051"},"getTitle",[]]}
RESULT: undefined
COMMAND: POST /session/7da9309f7e88fd38dc1cf6604ce40035/element/f.BBFD096D24AC98DA896BC059A3F326CC.d.C617F25205C05CC7C9BFA22EFBE3DCD4.e.2853/click - {}
COMMAND: POST /session/7da9309f7e88fd38dc1cf6604ce40035/element - {"using":"xpath","value":"//*[@id=\"backBtn\"]"}
RESULT: {"using":"xpath","value":"//*[@id=\"backBtn\"]"}
COMMAND: POST /session/7da9309f7e88fd38dc1cf6604ce40035/element/f.BBFD096D24AC98DA896BC059A3F326CC.d.C617F25205C05CC7C9BFA22EFBE3DCD4.e.2853/click - {}
COMMAND: POST /session/7da9309f7e88fd38dc1cf6604ce40035/element - {"using":"xpath","value":"//*[@id=\"backBtn\"]"}
RESULT: {"using":"xpath","value":"//*[@id=\"backBtn\"]"}
COMMAND: POST /session/7da9309f7e88fd38dc1cf6604ce40035/element/f.BBFD096D24AC98DA896BC059A3F326CC.d.C617F25205C05CC7C9BFA22EFBE3DCD4.e.3052/click - {}
RESULT: {}
COMMAND: GET /session/7da9309f7e88fd38dc1cf6604ce40035/screenshot - {}
RESULT: {}
]]></system-out>
    </testcase>
    <testcase classname="chrome.136_0_7103_93.windows.Sanity_Tests_US104253" name="Should open Trace Track Resources page" time="36.41">
      <system-out><![CDATA[
COMMAND: POST /session/7da9309f7e88fd38dc1cf6604ce40035/execute/async - {"script":"<script> [1562 bytes]","args":[{"selector":{"controlType":"sap.m.GenericTile","properties":{"header":"Trace & Track Resources"}},"wdio_ui5_key":"sapm.GenericTile{\"header\":\"Trace & Track Resources\"}"}]}
RESULT: {"script":"<script> [1562 bytes]","args":[{"selector":{"controlType":"sap.m.GenericTile","properties":{"header":"Trace & Track Resources"}},"wdio_ui5_key":"sapm.GenericTile{\"header\":\"Trace & Track Resources\"}"}]}
RESULT: undefined
COMMAND: POST /session/7da9309f7e88fd38dc1cf6604ce40035/element - {"using":"xpath","value":"//*[@id=\"__tile101\"]"}
RESULT: {"using":"xpath","value":"//*[@id=\"__tile101\"]"}
COMMAND: POST /session/7da9309f7e88fd38dc1cf6604ce40035/element/f.BBFD096D24AC98DA896BC059A3F326CC.d.C617F25205C05CC7C9BFA22EFBE3DCD4.e.3055/click - {}
RESULT: {}
COMMAND: GET /session/7da9309f7e88fd38dc1cf6604ce40035/screenshot - {}
RESULT: {}
COMMAND: POST /session/7da9309f7e88fd38dc1cf6604ce40035/elements - {"using":"xpath","value":"//span[text()='Error']"}
RESULT: {"using":"xpath","value":"//span[text()='Error']"}
RESULT: undefined
COMMAND: POST /session/7da9309f7e88fd38dc1cf6604ce40035/element - {"using":"xpath","value":"//*[@id=\"__tile101\"]"}
RESULT: {"using":"xpath","value":"//*[@id=\"__tile101\"]"}
COMMAND: POST /session/7da9309f7e88fd38dc1cf6604ce40035/element/f.BBFD096D24AC98DA896BC059A3F326CC.d.C617F25205C05CC7C9BFA22EFBE3DCD4.e.3055/click - {}
RESULT: undefined
COMMAND: POST /session/7da9309f7e88fd38dc1cf6604ce40035/element - {"using":"xpath","value":"//*[@id=\"__tile101\"]"}
RESULT: {"using":"xpath","value":"//*[@id=\"__tile101\"]"}
COMMAND: POST /session/7da9309f7e88fd38dc1cf6604ce40035/element/f.BBFD096D24AC98DA896BC059A3F326CC.d.C617F25205C05CC7C9BFA22EFBE3DCD4.e.3055/click - {}
RESULT: undefined
COMMAND: POST /session/7da9309f7e88fd38dc1cf6604ce40035/execute/async - {"script":"<script> [6424 bytes]","args":[{"element-6066-11e4-a52e-4f735466cecf":"f.BBFD096D24AC98DA896BC059A3F326CC.d.C617F25205C05CC7C9BFA22EFBE3DCD4.e.282"},"getTitle",[]]}
COMMAND: POST /session/7da9309f7e88fd38dc1cf6604ce40035/execute/async - {"script":"<script> [1562 bytes]","args":[{"selector":{"id":"shellAppTitle"},"wdio_ui5_key":"shellAppTitle"}]}
RESULT: {"script":"<script> [1562 bytes]","args":[{"selector":{"id":"shellAppTitle"},"wdio_ui5_key":"shellAppTitle"}]}
COMMAND: POST /session/7da9309f7e88fd38dc1cf6604ce40035/execute/async - {"script":"<script> [6424 bytes]","args":[{"element-6066-11e4-a52e-4f735466cecf":"f.BBFD096D24AC98DA896BC059A3F326CC.d.C617F25205C05CC7C9BFA22EFBE3DCD4.e.3090"},"getTitle",[]]}
RESULT: {"script":"<script> [6424 bytes]","args":[{"element-6066-11e4-a52e-4f735466cecf":"f.BBFD096D24AC98DA896BC059A3F326CC.d.C617F25205C05CC7C9BFA22EFBE3DCD4.e.3090"},"getTitle",[]]}
RESULT: undefined
COMMAND: POST /session/7da9309f7e88fd38dc1cf6604ce40035/element/f.BBFD096D24AC98DA896BC059A3F326CC.d.C617F25205C05CC7C9BFA22EFBE3DCD4.e.3052/click - {}
RESULT: {}
COMMAND: GET /session/7da9309f7e88fd38dc1cf6604ce40035/screenshot - {}
RESULT: {}
]]></system-out>
    </testcase>
    <testcase classname="chrome.136_0_7103_93.windows.Sanity_Tests_US104253" name="Should open RU Inventory List page" time="36.65">
      <system-out><![CDATA[
COMMAND: POST /session/7da9309f7e88fd38dc1cf6604ce40035/execute/async - {"script":"<script> [1562 bytes]","args":[{"selector":{"controlType":"sap.m.GenericTile","properties":{"header":"RU Inventory List"}},"wdio_ui5_key":"sapm.GenericTile{\"header\":\"RU Inventory List\"}"}]}
RESULT: {"script":"<script> [1562 bytes]","args":[{"selector":{"controlType":"sap.m.GenericTile","properties":{"header":"RU Inventory List"}},"wdio_ui5_key":"sapm.GenericTile{\"header\":\"RU Inventory List\"}"}]}
RESULT: undefined
COMMAND: POST /session/7da9309f7e88fd38dc1cf6604ce40035/element - {"using":"xpath","value":"//*[@id=\"__tile99\"]"}
RESULT: {"using":"xpath","value":"//*[@id=\"__tile99\"]"}
COMMAND: POST /session/7da9309f7e88fd38dc1cf6604ce40035/element/f.BBFD096D24AC98DA896BC059A3F326CC.d.C617F25205C05CC7C9BFA22EFBE3DCD4.e.3092/click - {}
RESULT: {}
COMMAND: GET /session/7da9309f7e88fd38dc1cf6604ce40035/screenshot - {}
RESULT: {}
COMMAND: POST /session/7da9309f7e88fd38dc1cf6604ce40035/elements - {"using":"xpath","value":"//span[text()='Error']"}
RESULT: {"using":"xpath","value":"//span[text()='Error']"}
RESULT: undefined
COMMAND: POST /session/7da9309f7e88fd38dc1cf6604ce40035/element - {"using":"xpath","value":"//*[@id=\"__tile99\"]"}
RESULT: {"using":"xpath","value":"//*[@id=\"__tile99\"]"}
COMMAND: POST /session/7da9309f7e88fd38dc1cf6604ce40035/element/f.BBFD096D24AC98DA896BC059A3F326CC.d.C617F25205C05CC7C9BFA22EFBE3DCD4.e.3092/click - {}
RESULT: undefined
COMMAND: POST /session/7da9309f7e88fd38dc1cf6604ce40035/element - {"using":"xpath","value":"//*[@id=\"__tile99\"]"}
RESULT: {"using":"xpath","value":"//*[@id=\"__tile99\"]"}
COMMAND: POST /session/7da9309f7e88fd38dc1cf6604ce40035/element/f.BBFD096D24AC98DA896BC059A3F326CC.d.C617F25205C05CC7C9BFA22EFBE3DCD4.e.3092/click - {}
RESULT: undefined
COMMAND: POST /session/7da9309f7e88fd38dc1cf6604ce40035/execute/async - {"script":"<script> [6424 bytes]","args":[{"element-6066-11e4-a52e-4f735466cecf":"f.BBFD096D24AC98DA896BC059A3F326CC.d.C617F25205C05CC7C9BFA22EFBE3DCD4.e.282"},"getTitle",[]]}
COMMAND: POST /session/7da9309f7e88fd38dc1cf6604ce40035/execute/async - {"script":"<script> [1562 bytes]","args":[{"selector":{"id":"shellAppTitle"},"wdio_ui5_key":"shellAppTitle"}]}
RESULT: {"script":"<script> [1562 bytes]","args":[{"selector":{"id":"shellAppTitle"},"wdio_ui5_key":"shellAppTitle"}]}
COMMAND: POST /session/7da9309f7e88fd38dc1cf6604ce40035/execute/async - {"script":"<script> [6424 bytes]","args":[{"element-6066-11e4-a52e-4f735466cecf":"f.BBFD096D24AC98DA896BC059A3F326CC.d.C617F25205C05CC7C9BFA22EFBE3DCD4.e.3293"},"getTitle",[]]}
RESULT: {"script":"<script> [6424 bytes]","args":[{"element-6066-11e4-a52e-4f735466cecf":"f.BBFD096D24AC98DA896BC059A3F326CC.d.C617F25205C05CC7C9BFA22EFBE3DCD4.e.3293"},"getTitle",[]]}
RESULT: undefined
COMMAND: POST /session/7da9309f7e88fd38dc1cf6604ce40035/element/f.BBFD096D24AC98DA896BC059A3F326CC.d.C617F25205C05CC7C9BFA22EFBE3DCD4.e.3052/click - {}
COMMAND: POST /session/7da9309f7e88fd38dc1cf6604ce40035/element - {"using":"xpath","value":"//*[@id=\"backBtn\"]"}
RESULT: {"using":"xpath","value":"//*[@id=\"backBtn\"]"}
COMMAND: POST /session/7da9309f7e88fd38dc1cf6604ce40035/element/f.BBFD096D24AC98DA896BC059A3F326CC.d.C617F25205C05CC7C9BFA22EFBE3DCD4.e.3052/click - {}
COMMAND: POST /session/7da9309f7e88fd38dc1cf6604ce40035/element - {"using":"xpath","value":"//*[@id=\"backBtn\"]"}
RESULT: {"using":"xpath","value":"//*[@id=\"backBtn\"]"}
COMMAND: POST /session/7da9309f7e88fd38dc1cf6604ce40035/element/f.BBFD096D24AC98DA896BC059A3F326CC.d.C617F25205C05CC7C9BFA22EFBE3DCD4.e.3294/click - {}
RESULT: {}
COMMAND: GET /session/7da9309f7e88fd38dc1cf6604ce40035/screenshot - {}
RESULT: {}
]]></system-out>
    </testcase>
    <testcase classname="chrome.136_0_7103_93.windows.Sanity_Tests_US104253" name="Should open Contracts Dashboard page" time="35.877">
      <system-out><![CDATA[
COMMAND: POST /session/7da9309f7e88fd38dc1cf6604ce40035/execute/async - {"script":"<script> [1562 bytes]","args":[{"selector":{"controlType":"sap.m.GenericTile","properties":{"header":"Contracts Dashboard"}},"wdio_ui5_key":"sapm.GenericTile{\"header\":\"Contracts Dashboard\"}"}]}
RESULT: {"script":"<script> [1562 bytes]","args":[{"selector":{"controlType":"sap.m.GenericTile","properties":{"header":"Contracts Dashboard"}},"wdio_ui5_key":"sapm.GenericTile{\"header\":\"Contracts Dashboard\"}"}]}
RESULT: undefined
COMMAND: POST /session/7da9309f7e88fd38dc1cf6604ce40035/element - {"using":"xpath","value":"//*[@id=\"__tile97\"]"}
RESULT: {"using":"xpath","value":"//*[@id=\"__tile97\"]"}
COMMAND: POST /session/7da9309f7e88fd38dc1cf6604ce40035/element/f.BBFD096D24AC98DA896BC059A3F326CC.d.C617F25205C05CC7C9BFA22EFBE3DCD4.e.3296/click - {}
RESULT: {}
COMMAND: GET /session/7da9309f7e88fd38dc1cf6604ce40035/screenshot - {}
RESULT: {}
COMMAND: POST /session/7da9309f7e88fd38dc1cf6604ce40035/elements - {"using":"xpath","value":"//span[text()='Error']"}
RESULT: {"using":"xpath","value":"//span[text()='Error']"}
RESULT: undefined
COMMAND: POST /session/7da9309f7e88fd38dc1cf6604ce40035/element - {"using":"xpath","value":"//*[@id=\"__tile97\"]"}
RESULT: {"using":"xpath","value":"//*[@id=\"__tile97\"]"}
COMMAND: POST /session/7da9309f7e88fd38dc1cf6604ce40035/element/f.BBFD096D24AC98DA896BC059A3F326CC.d.C617F25205C05CC7C9BFA22EFBE3DCD4.e.3296/click - {}
RESULT: undefined
COMMAND: POST /session/7da9309f7e88fd38dc1cf6604ce40035/element - {"using":"xpath","value":"//*[@id=\"__tile97\"]"}
RESULT: {"using":"xpath","value":"//*[@id=\"__tile97\"]"}
COMMAND: POST /session/7da9309f7e88fd38dc1cf6604ce40035/element/f.BBFD096D24AC98DA896BC059A3F326CC.d.C617F25205C05CC7C9BFA22EFBE3DCD4.e.3296/click - {}
RESULT: undefined
COMMAND: POST /session/7da9309f7e88fd38dc1cf6604ce40035/execute/async - {"script":"<script> [6424 bytes]","args":[{"element-6066-11e4-a52e-4f735466cecf":"f.BBFD096D24AC98DA896BC059A3F326CC.d.C617F25205C05CC7C9BFA22EFBE3DCD4.e.282"},"getTitle",[]]}
COMMAND: POST /session/7da9309f7e88fd38dc1cf6604ce40035/execute/async - {"script":"<script> [1562 bytes]","args":[{"selector":{"id":"shellAppTitle"},"wdio_ui5_key":"shellAppTitle"}]}
RESULT: {"script":"<script> [1562 bytes]","args":[{"selector":{"id":"shellAppTitle"},"wdio_ui5_key":"shellAppTitle"}]}
COMMAND: POST /session/7da9309f7e88fd38dc1cf6604ce40035/execute/async - {"script":"<script> [6424 bytes]","args":[{"element-6066-11e4-a52e-4f735466cecf":"f.BBFD096D24AC98DA896BC059A3F326CC.d.C617F25205C05CC7C9BFA22EFBE3DCD4.e.3321"},"getTitle",[]]}
RESULT: {"script":"<script> [6424 bytes]","args":[{"element-6066-11e4-a52e-4f735466cecf":"f.BBFD096D24AC98DA896BC059A3F326CC.d.C617F25205C05CC7C9BFA22EFBE3DCD4.e.3321"},"getTitle",[]]}
RESULT: undefined
COMMAND: POST /session/7da9309f7e88fd38dc1cf6604ce40035/element/f.BBFD096D24AC98DA896BC059A3F326CC.d.C617F25205C05CC7C9BFA22EFBE3DCD4.e.3294/click - {}
RESULT: {}
COMMAND: GET /session/7da9309f7e88fd38dc1cf6604ce40035/screenshot - {}
RESULT: {}
]]></system-out>
    </testcase>
    <testcase classname="chrome.136_0_7103_93.windows.Sanity_Tests_US104253" name="Should open Bin Status Report page" time="37.905">
      <system-out><![CDATA[
COMMAND: POST /session/7da9309f7e88fd38dc1cf6604ce40035/execute/async - {"script":"<script> [1562 bytes]","args":[{"selector":{"controlType":"sap.m.GenericTile","properties":{"header":"Bin Status Report"}},"wdio_ui5_key":"sapm.GenericTile{\"header\":\"Bin Status Report\"}"}]}
RESULT: {"script":"<script> [1562 bytes]","args":[{"selector":{"controlType":"sap.m.GenericTile","properties":{"header":"Bin Status Report"}},"wdio_ui5_key":"sapm.GenericTile{\"header\":\"Bin Status Report\"}"}]}
RESULT: undefined
COMMAND: POST /session/7da9309f7e88fd38dc1cf6604ce40035/element - {"using":"xpath","value":"//*[@id=\"__tile104\"]"}
RESULT: {"using":"xpath","value":"//*[@id=\"__tile104\"]"}
COMMAND: POST /session/7da9309f7e88fd38dc1cf6604ce40035/element/f.BBFD096D24AC98DA896BC059A3F326CC.d.C617F25205C05CC7C9BFA22EFBE3DCD4.e.3323/click - {}
RESULT: {}
COMMAND: GET /session/7da9309f7e88fd38dc1cf6604ce40035/screenshot - {}
RESULT: {}
COMMAND: POST /session/7da9309f7e88fd38dc1cf6604ce40035/elements - {"using":"xpath","value":"//span[text()='Error']"}
RESULT: {"using":"xpath","value":"//span[text()='Error']"}
RESULT: undefined
COMMAND: POST /session/7da9309f7e88fd38dc1cf6604ce40035/element - {"using":"xpath","value":"//*[@id=\"__tile104\"]"}
RESULT: {"using":"xpath","value":"//*[@id=\"__tile104\"]"}
COMMAND: POST /session/7da9309f7e88fd38dc1cf6604ce40035/element/f.BBFD096D24AC98DA896BC059A3F326CC.d.C617F25205C05CC7C9BFA22EFBE3DCD4.e.3323/click - {}
RESULT: undefined
COMMAND: POST /session/7da9309f7e88fd38dc1cf6604ce40035/element - {"using":"xpath","value":"//*[@id=\"__tile104\"]"}
RESULT: {"using":"xpath","value":"//*[@id=\"__tile104\"]"}
COMMAND: POST /session/7da9309f7e88fd38dc1cf6604ce40035/element/f.BBFD096D24AC98DA896BC059A3F326CC.d.C617F25205C05CC7C9BFA22EFBE3DCD4.e.3323/click - {}
RESULT: undefined
COMMAND: POST /session/7da9309f7e88fd38dc1cf6604ce40035/execute/async - {"script":"<script> [6424 bytes]","args":[{"element-6066-11e4-a52e-4f735466cecf":"f.BBFD096D24AC98DA896BC059A3F326CC.d.C617F25205C05CC7C9BFA22EFBE3DCD4.e.282"},"getTitle",[]]}
COMMAND: POST /session/7da9309f7e88fd38dc1cf6604ce40035/execute/async - {"script":"<script> [1562 bytes]","args":[{"selector":{"id":"shellAppTitle"},"wdio_ui5_key":"shellAppTitle"}]}
RESULT: {"script":"<script> [1562 bytes]","args":[{"selector":{"id":"shellAppTitle"},"wdio_ui5_key":"shellAppTitle"}]}
COMMAND: POST /session/7da9309f7e88fd38dc1cf6604ce40035/execute/async - {"script":"<script> [6424 bytes]","args":[{"element-6066-11e4-a52e-4f735466cecf":"f.BBFD096D24AC98DA896BC059A3F326CC.d.C617F25205C05CC7C9BFA22EFBE3DCD4.e.3415"},"getTitle",[]]}
RESULT: {"script":"<script> [6424 bytes]","args":[{"element-6066-11e4-a52e-4f735466cecf":"f.BBFD096D24AC98DA896BC059A3F326CC.d.C617F25205C05CC7C9BFA22EFBE3DCD4.e.3415"},"getTitle",[]]}
RESULT: undefined
COMMAND: POST /session/7da9309f7e88fd38dc1cf6604ce40035/element/f.BBFD096D24AC98DA896BC059A3F326CC.d.C617F25205C05CC7C9BFA22EFBE3DCD4.e.3294/click - {}
COMMAND: POST /session/7da9309f7e88fd38dc1cf6604ce40035/element - {"using":"xpath","value":"//*[@id=\"backBtn\"]"}
RESULT: {"using":"xpath","value":"//*[@id=\"backBtn\"]"}
COMMAND: POST /session/7da9309f7e88fd38dc1cf6604ce40035/element/f.BBFD096D24AC98DA896BC059A3F326CC.d.C617F25205C05CC7C9BFA22EFBE3DCD4.e.3294/click - {}
COMMAND: POST /session/7da9309f7e88fd38dc1cf6604ce40035/element - {"using":"xpath","value":"//*[@id=\"backBtn\"]"}
RESULT: {"using":"xpath","value":"//*[@id=\"backBtn\"]"}
COMMAND: POST /session/7da9309f7e88fd38dc1cf6604ce40035/element/f.BBFD096D24AC98DA896BC059A3F326CC.d.C617F25205C05CC7C9BFA22EFBE3DCD4.e.3416/click - {}
RESULT: {}
COMMAND: GET /session/7da9309f7e88fd38dc1cf6604ce40035/screenshot - {}
RESULT: {}
]]></system-out>
    </testcase>
    <testcase classname="chrome.136_0_7103_93.windows.Sanity_Tests_US104253" name="Should open Manage Warehouse Movements page" time="36.985">
      <system-out><![CDATA[
COMMAND: POST /session/7da9309f7e88fd38dc1cf6604ce40035/execute/async - {"script":"<script> [1562 bytes]","args":[{"selector":{"controlType":"sap.m.GenericTile","properties":{"header":"Manage Warehouse Movements"}},"wdio_ui5_key":"sapm.GenericTile{\"header\":\"Manage Warehouse Movements\"}"}]}
RESULT: {"script":"<script> [1562 bytes]","args":[{"selector":{"controlType":"sap.m.GenericTile","properties":{"header":"Manage Warehouse Movements"}},"wdio_ui5_key":"sapm.GenericTile{\"header\":\"Manage Warehouse Movements\"}"}]}
RESULT: undefined
COMMAND: POST /session/7da9309f7e88fd38dc1cf6604ce40035/element - {"using":"xpath","value":"//*[@id=\"__tile105\"]"}
RESULT: {"using":"xpath","value":"//*[@id=\"__tile105\"]"}
COMMAND: POST /session/7da9309f7e88fd38dc1cf6604ce40035/element/f.BBFD096D24AC98DA896BC059A3F326CC.d.C617F25205C05CC7C9BFA22EFBE3DCD4.e.3420/click - {}
RESULT: {}
COMMAND: GET /session/7da9309f7e88fd38dc1cf6604ce40035/screenshot - {}
RESULT: {}
COMMAND: POST /session/7da9309f7e88fd38dc1cf6604ce40035/elements - {"using":"xpath","value":"//span[text()='Error']"}
RESULT: {"using":"xpath","value":"//span[text()='Error']"}
RESULT: undefined
COMMAND: POST /session/7da9309f7e88fd38dc1cf6604ce40035/element - {"using":"xpath","value":"//*[@id=\"__tile105\"]"}
RESULT: {"using":"xpath","value":"//*[@id=\"__tile105\"]"}
COMMAND: POST /session/7da9309f7e88fd38dc1cf6604ce40035/element/f.BBFD096D24AC98DA896BC059A3F326CC.d.C617F25205C05CC7C9BFA22EFBE3DCD4.e.3420/click - {}
RESULT: undefined
COMMAND: POST /session/7da9309f7e88fd38dc1cf6604ce40035/element - {"using":"xpath","value":"//*[@id=\"__tile105\"]"}
RESULT: {"using":"xpath","value":"//*[@id=\"__tile105\"]"}
COMMAND: POST /session/7da9309f7e88fd38dc1cf6604ce40035/element/f.BBFD096D24AC98DA896BC059A3F326CC.d.C617F25205C05CC7C9BFA22EFBE3DCD4.e.3420/click - {}
RESULT: undefined
COMMAND: POST /session/7da9309f7e88fd38dc1cf6604ce40035/execute/async - {"script":"<script> [6424 bytes]","args":[{"element-6066-11e4-a52e-4f735466cecf":"f.BBFD096D24AC98DA896BC059A3F326CC.d.C617F25205C05CC7C9BFA22EFBE3DCD4.e.282"},"getTitle",[]]}
COMMAND: POST /session/7da9309f7e88fd38dc1cf6604ce40035/execute/async - {"script":"<script> [1562 bytes]","args":[{"selector":{"id":"shellAppTitle"},"wdio_ui5_key":"shellAppTitle"}]}
RESULT: {"script":"<script> [1562 bytes]","args":[{"selector":{"id":"shellAppTitle"},"wdio_ui5_key":"shellAppTitle"}]}
COMMAND: POST /session/7da9309f7e88fd38dc1cf6604ce40035/execute/async - {"script":"<script> [6424 bytes]","args":[{"element-6066-11e4-a52e-4f735466cecf":"f.BBFD096D24AC98DA896BC059A3F326CC.d.C617F25205C05CC7C9BFA22EFBE3DCD4.e.3508"},"getTitle",[]]}
RESULT: {"script":"<script> [6424 bytes]","args":[{"element-6066-11e4-a52e-4f735466cecf":"f.BBFD096D24AC98DA896BC059A3F326CC.d.C617F25205C05CC7C9BFA22EFBE3DCD4.e.3508"},"getTitle",[]]}
RESULT: undefined
COMMAND: POST /session/7da9309f7e88fd38dc1cf6604ce40035/element/f.BBFD096D24AC98DA896BC059A3F326CC.d.C617F25205C05CC7C9BFA22EFBE3DCD4.e.3416/click - {}
RESULT: {}
COMMAND: GET /session/7da9309f7e88fd38dc1cf6604ce40035/screenshot - {}
RESULT: {}
]]></system-out>
    </testcase>
    <testcase classname="chrome.136_0_7103_93.windows.Sanity_Tests_US104253" name="Should open Bin Inventory List page" time="36.037">
      <system-out><![CDATA[
COMMAND: POST /session/7da9309f7e88fd38dc1cf6604ce40035/execute/async - {"script":"<script> [1562 bytes]","args":[{"selector":{"controlType":"sap.m.GenericTile","properties":{"header":"Bin Inventory List"}},"wdio_ui5_key":"sapm.GenericTile{\"header\":\"Bin Inventory List\"}"}]}
RESULT: {"script":"<script> [1562 bytes]","args":[{"selector":{"controlType":"sap.m.GenericTile","properties":{"header":"Bin Inventory List"}},"wdio_ui5_key":"sapm.GenericTile{\"header\":\"Bin Inventory List\"}"}]}
RESULT: undefined
COMMAND: POST /session/7da9309f7e88fd38dc1cf6604ce40035/element - {"using":"xpath","value":"//*[@id=\"__tile103\"]"}
RESULT: {"using":"xpath","value":"//*[@id=\"__tile103\"]"}
COMMAND: POST /session/7da9309f7e88fd38dc1cf6604ce40035/element/f.BBFD096D24AC98DA896BC059A3F326CC.d.C617F25205C05CC7C9BFA22EFBE3DCD4.e.3510/click - {}
RESULT: {}
COMMAND: GET /session/7da9309f7e88fd38dc1cf6604ce40035/screenshot - {}
RESULT: {}
COMMAND: POST /session/7da9309f7e88fd38dc1cf6604ce40035/elements - {"using":"xpath","value":"//span[text()='Error']"}
RESULT: {"using":"xpath","value":"//span[text()='Error']"}
RESULT: undefined
COMMAND: POST /session/7da9309f7e88fd38dc1cf6604ce40035/element - {"using":"xpath","value":"//*[@id=\"__tile103\"]"}
RESULT: {"using":"xpath","value":"//*[@id=\"__tile103\"]"}
COMMAND: POST /session/7da9309f7e88fd38dc1cf6604ce40035/element/f.BBFD096D24AC98DA896BC059A3F326CC.d.C617F25205C05CC7C9BFA22EFBE3DCD4.e.3510/click - {}
RESULT: undefined
COMMAND: POST /session/7da9309f7e88fd38dc1cf6604ce40035/element - {"using":"xpath","value":"//*[@id=\"__tile103\"]"}
RESULT: {"using":"xpath","value":"//*[@id=\"__tile103\"]"}
COMMAND: POST /session/7da9309f7e88fd38dc1cf6604ce40035/element/f.BBFD096D24AC98DA896BC059A3F326CC.d.C617F25205C05CC7C9BFA22EFBE3DCD4.e.3510/click - {}
RESULT: undefined
COMMAND: POST /session/7da9309f7e88fd38dc1cf6604ce40035/execute/async - {"script":"<script> [6424 bytes]","args":[{"element-6066-11e4-a52e-4f735466cecf":"f.BBFD096D24AC98DA896BC059A3F326CC.d.C617F25205C05CC7C9BFA22EFBE3DCD4.e.282"},"getTitle",[]]}
COMMAND: POST /session/7da9309f7e88fd38dc1cf6604ce40035/execute/async - {"script":"<script> [1562 bytes]","args":[{"selector":{"id":"shellAppTitle"},"wdio_ui5_key":"shellAppTitle"}]}
RESULT: {"script":"<script> [1562 bytes]","args":[{"selector":{"id":"shellAppTitle"},"wdio_ui5_key":"shellAppTitle"}]}
COMMAND: POST /session/7da9309f7e88fd38dc1cf6604ce40035/execute/async - {"script":"<script> [6424 bytes]","args":[{"element-6066-11e4-a52e-4f735466cecf":"f.BBFD096D24AC98DA896BC059A3F326CC.d.C617F25205C05CC7C9BFA22EFBE3DCD4.e.3613"},"getTitle",[]]}
RESULT: {"script":"<script> [6424 bytes]","args":[{"element-6066-11e4-a52e-4f735466cecf":"f.BBFD096D24AC98DA896BC059A3F326CC.d.C617F25205C05CC7C9BFA22EFBE3DCD4.e.3613"},"getTitle",[]]}
RESULT: undefined
COMMAND: POST /session/7da9309f7e88fd38dc1cf6604ce40035/element/f.BBFD096D24AC98DA896BC059A3F326CC.d.C617F25205C05CC7C9BFA22EFBE3DCD4.e.3416/click - {}
COMMAND: POST /session/7da9309f7e88fd38dc1cf6604ce40035/element - {"using":"xpath","value":"//*[@id=\"backBtn\"]"}
RESULT: {"using":"xpath","value":"//*[@id=\"backBtn\"]"}
COMMAND: POST /session/7da9309f7e88fd38dc1cf6604ce40035/element/f.BBFD096D24AC98DA896BC059A3F326CC.d.C617F25205C05CC7C9BFA22EFBE3DCD4.e.3416/click - {}
COMMAND: POST /session/7da9309f7e88fd38dc1cf6604ce40035/element - {"using":"xpath","value":"//*[@id=\"backBtn\"]"}
RESULT: {"using":"xpath","value":"//*[@id=\"backBtn\"]"}
COMMAND: POST /session/7da9309f7e88fd38dc1cf6604ce40035/element/f.BBFD096D24AC98DA896BC059A3F326CC.d.C617F25205C05CC7C9BFA22EFBE3DCD4.e.3614/click - {}
RESULT: {}
COMMAND: GET /session/7da9309f7e88fd38dc1cf6604ce40035/screenshot - {}
RESULT: {}
]]></system-out>
    </testcase>
    <testcase classname="chrome.136_0_7103_93.windows.Sanity_Tests_US104253" name="Should open ISC Templates page" time="37.676">
      <system-out><![CDATA[
COMMAND: POST /session/7da9309f7e88fd38dc1cf6604ce40035/execute/async - {"script":"<script> [1562 bytes]","args":[{"selector":{"controlType":"sap.m.GenericTile","properties":{"header":"ISC Templates"}},"wdio_ui5_key":"sapm.GenericTile{\"header\":\"ISC Templates\"}"}]}
RESULT: {"script":"<script> [1562 bytes]","args":[{"selector":{"controlType":"sap.m.GenericTile","properties":{"header":"ISC Templates"}},"wdio_ui5_key":"sapm.GenericTile{\"header\":\"ISC Templates\"}"}]}
RESULT: undefined
COMMAND: POST /session/7da9309f7e88fd38dc1cf6604ce40035/element - {"using":"xpath","value":"//*[@id=\"__tile111\"]"}
RESULT: {"using":"xpath","value":"//*[@id=\"__tile111\"]"}
COMMAND: POST /session/7da9309f7e88fd38dc1cf6604ce40035/element/f.BBFD096D24AC98DA896BC059A3F326CC.d.C617F25205C05CC7C9BFA22EFBE3DCD4.e.3616/click - {}
RESULT: {}
COMMAND: GET /session/7da9309f7e88fd38dc1cf6604ce40035/screenshot - {}
RESULT: {}
COMMAND: POST /session/7da9309f7e88fd38dc1cf6604ce40035/elements - {"using":"xpath","value":"//span[text()='Error']"}
RESULT: {"using":"xpath","value":"//span[text()='Error']"}
RESULT: undefined
COMMAND: POST /session/7da9309f7e88fd38dc1cf6604ce40035/element - {"using":"xpath","value":"//*[@id=\"__tile111\"]"}
RESULT: {"using":"xpath","value":"//*[@id=\"__tile111\"]"}
COMMAND: POST /session/7da9309f7e88fd38dc1cf6604ce40035/element/f.BBFD096D24AC98DA896BC059A3F326CC.d.C617F25205C05CC7C9BFA22EFBE3DCD4.e.3616/click - {}
RESULT: undefined
COMMAND: POST /session/7da9309f7e88fd38dc1cf6604ce40035/element - {"using":"xpath","value":"//*[@id=\"__tile111\"]"}
RESULT: {"using":"xpath","value":"//*[@id=\"__tile111\"]"}
COMMAND: POST /session/7da9309f7e88fd38dc1cf6604ce40035/element/f.BBFD096D24AC98DA896BC059A3F326CC.d.C617F25205C05CC7C9BFA22EFBE3DCD4.e.3616/click - {}
RESULT: undefined
COMMAND: POST /session/7da9309f7e88fd38dc1cf6604ce40035/execute/async - {"script":"<script> [6424 bytes]","args":[{"element-6066-11e4-a52e-4f735466cecf":"f.BBFD096D24AC98DA896BC059A3F326CC.d.C617F25205C05CC7C9BFA22EFBE3DCD4.e.282"},"getTitle",[]]}
COMMAND: POST /session/7da9309f7e88fd38dc1cf6604ce40035/execute/async - {"script":"<script> [1562 bytes]","args":[{"selector":{"id":"shellAppTitle"},"wdio_ui5_key":"shellAppTitle"}]}
RESULT: {"script":"<script> [1562 bytes]","args":[{"selector":{"id":"shellAppTitle"},"wdio_ui5_key":"shellAppTitle"}]}
COMMAND: POST /session/7da9309f7e88fd38dc1cf6604ce40035/execute/async - {"script":"<script> [6424 bytes]","args":[{"element-6066-11e4-a52e-4f735466cecf":"f.BBFD096D24AC98DA896BC059A3F326CC.d.C617F25205C05CC7C9BFA22EFBE3DCD4.e.3690"},"getTitle",[]]}
RESULT: {"script":"<script> [6424 bytes]","args":[{"element-6066-11e4-a52e-4f735466cecf":"f.BBFD096D24AC98DA896BC059A3F326CC.d.C617F25205C05CC7C9BFA22EFBE3DCD4.e.3690"},"getTitle",[]]}
RESULT: undefined
COMMAND: POST /session/7da9309f7e88fd38dc1cf6604ce40035/element/f.BBFD096D24AC98DA896BC059A3F326CC.d.C617F25205C05CC7C9BFA22EFBE3DCD4.e.3614/click - {}
RESULT: {}
COMMAND: GET /session/7da9309f7e88fd38dc1cf6604ce40035/screenshot - {}
RESULT: {}
]]></system-out>
    </testcase>
    <testcase classname="chrome.136_0_7103_93.windows.Sanity_Tests_US104253" name="Should open ISC Schedules page" time="36.976">
      <system-out><![CDATA[
COMMAND: POST /session/7da9309f7e88fd38dc1cf6604ce40035/execute/async - {"script":"<script> [1562 bytes]","args":[{"selector":{"controlType":"sap.m.GenericTile","properties":{"header":"ISC Schedules"}},"wdio_ui5_key":"sapm.GenericTile{\"header\":\"ISC Schedules\"}"}]}
RESULT: {"script":"<script> [1562 bytes]","args":[{"selector":{"controlType":"sap.m.GenericTile","properties":{"header":"ISC Schedules"}},"wdio_ui5_key":"sapm.GenericTile{\"header\":\"ISC Schedules\"}"}]}
RESULT: undefined
COMMAND: POST /session/7da9309f7e88fd38dc1cf6604ce40035/element - {"using":"xpath","value":"//*[@id=\"__tile109\"]"}
RESULT: {"using":"xpath","value":"//*[@id=\"__tile109\"]"}
COMMAND: POST /session/7da9309f7e88fd38dc1cf6604ce40035/element/f.BBFD096D24AC98DA896BC059A3F326CC.d.C617F25205C05CC7C9BFA22EFBE3DCD4.e.3693/click - {}
RESULT: {}
COMMAND: GET /session/7da9309f7e88fd38dc1cf6604ce40035/screenshot - {}
RESULT: {}
COMMAND: POST /session/7da9309f7e88fd38dc1cf6604ce40035/elements - {"using":"xpath","value":"//span[text()='Error']"}
RESULT: {"using":"xpath","value":"//span[text()='Error']"}
RESULT: undefined
COMMAND: POST /session/7da9309f7e88fd38dc1cf6604ce40035/element - {"using":"xpath","value":"//*[@id=\"__tile109\"]"}
RESULT: {"using":"xpath","value":"//*[@id=\"__tile109\"]"}
COMMAND: POST /session/7da9309f7e88fd38dc1cf6604ce40035/element/f.BBFD096D24AC98DA896BC059A3F326CC.d.C617F25205C05CC7C9BFA22EFBE3DCD4.e.3693/click - {}
RESULT: undefined
COMMAND: POST /session/7da9309f7e88fd38dc1cf6604ce40035/element - {"using":"xpath","value":"//*[@id=\"__tile109\"]"}
RESULT: {"using":"xpath","value":"//*[@id=\"__tile109\"]"}
COMMAND: POST /session/7da9309f7e88fd38dc1cf6604ce40035/element/f.BBFD096D24AC98DA896BC059A3F326CC.d.C617F25205C05CC7C9BFA22EFBE3DCD4.e.3693/click - {}
RESULT: undefined
COMMAND: POST /session/7da9309f7e88fd38dc1cf6604ce40035/execute/async - {"script":"<script> [6424 bytes]","args":[{"element-6066-11e4-a52e-4f735466cecf":"f.BBFD096D24AC98DA896BC059A3F326CC.d.C617F25205C05CC7C9BFA22EFBE3DCD4.e.282"},"getTitle",[]]}
COMMAND: POST /session/7da9309f7e88fd38dc1cf6604ce40035/execute/async - {"script":"<script> [1562 bytes]","args":[{"selector":{"id":"shellAppTitle"},"wdio_ui5_key":"shellAppTitle"}]}
RESULT: {"script":"<script> [1562 bytes]","args":[{"selector":{"id":"shellAppTitle"},"wdio_ui5_key":"shellAppTitle"}]}
COMMAND: POST /session/7da9309f7e88fd38dc1cf6604ce40035/execute/async - {"script":"<script> [6424 bytes]","args":[{"element-6066-11e4-a52e-4f735466cecf":"f.BBFD096D24AC98DA896BC059A3F326CC.d.C617F25205C05CC7C9BFA22EFBE3DCD4.e.3898"},"getTitle",[]]}
RESULT: {"script":"<script> [6424 bytes]","args":[{"element-6066-11e4-a52e-4f735466cecf":"f.BBFD096D24AC98DA896BC059A3F326CC.d.C617F25205C05CC7C9BFA22EFBE3DCD4.e.3898"},"getTitle",[]]}
RESULT: undefined
COMMAND: POST /session/7da9309f7e88fd38dc1cf6604ce40035/element/f.BBFD096D24AC98DA896BC059A3F326CC.d.C617F25205C05CC7C9BFA22EFBE3DCD4.e.3614/click - {}
COMMAND: POST /session/7da9309f7e88fd38dc1cf6604ce40035/element - {"using":"xpath","value":"//*[@id=\"backBtn\"]"}
RESULT: {"using":"xpath","value":"//*[@id=\"backBtn\"]"}
COMMAND: POST /session/7da9309f7e88fd38dc1cf6604ce40035/element/f.BBFD096D24AC98DA896BC059A3F326CC.d.C617F25205C05CC7C9BFA22EFBE3DCD4.e.3614/click - {}
COMMAND: POST /session/7da9309f7e88fd38dc1cf6604ce40035/element - {"using":"xpath","value":"//*[@id=\"backBtn\"]"}
RESULT: {"using":"xpath","value":"//*[@id=\"backBtn\"]"}
COMMAND: POST /session/7da9309f7e88fd38dc1cf6604ce40035/element/f.BBFD096D24AC98DA896BC059A3F326CC.d.C617F25205C05CC7C9BFA22EFBE3DCD4.e.3899/click - {}
RESULT: {}
COMMAND: GET /session/7da9309f7e88fd38dc1cf6604ce40035/screenshot - {}
RESULT: {}
]]></system-out>
    </testcase>
    <testcase classname="chrome.136_0_7103_93.windows.Sanity_Tests_US104253" name="Should open ISC Dashboard page" time="36.128">
      <system-out><![CDATA[
COMMAND: POST /session/7da9309f7e88fd38dc1cf6604ce40035/execute/async - {"script":"<script> [1562 bytes]","args":[{"selector":{"controlType":"sap.m.GenericTile","properties":{"header":"ISC Dashboard"}},"wdio_ui5_key":"sapm.GenericTile{\"header\":\"ISC Dashboard\"}"}]}
RESULT: {"script":"<script> [1562 bytes]","args":[{"selector":{"controlType":"sap.m.GenericTile","properties":{"header":"ISC Dashboard"}},"wdio_ui5_key":"sapm.GenericTile{\"header\":\"ISC Dashboard\"}"}]}
RESULT: undefined
COMMAND: POST /session/7da9309f7e88fd38dc1cf6604ce40035/element - {"using":"xpath","value":"//*[@id=\"__tile106\"]"}
RESULT: {"using":"xpath","value":"//*[@id=\"__tile106\"]"}
COMMAND: POST /session/7da9309f7e88fd38dc1cf6604ce40035/element/f.BBFD096D24AC98DA896BC059A3F326CC.d.C617F25205C05CC7C9BFA22EFBE3DCD4.e.3901/click - {}
RESULT: {}
COMMAND: GET /session/7da9309f7e88fd38dc1cf6604ce40035/screenshot - {}
RESULT: {}
COMMAND: POST /session/7da9309f7e88fd38dc1cf6604ce40035/elements - {"using":"xpath","value":"//span[text()='Error']"}
RESULT: {"using":"xpath","value":"//span[text()='Error']"}
RESULT: undefined
COMMAND: POST /session/7da9309f7e88fd38dc1cf6604ce40035/element - {"using":"xpath","value":"//*[@id=\"__tile106\"]"}
RESULT: {"using":"xpath","value":"//*[@id=\"__tile106\"]"}
COMMAND: POST /session/7da9309f7e88fd38dc1cf6604ce40035/element/f.BBFD096D24AC98DA896BC059A3F326CC.d.C617F25205C05CC7C9BFA22EFBE3DCD4.e.3901/click - {}
RESULT: undefined
COMMAND: POST /session/7da9309f7e88fd38dc1cf6604ce40035/element - {"using":"xpath","value":"//*[@id=\"__tile106\"]"}
RESULT: {"using":"xpath","value":"//*[@id=\"__tile106\"]"}
COMMAND: POST /session/7da9309f7e88fd38dc1cf6604ce40035/element/f.BBFD096D24AC98DA896BC059A3F326CC.d.C617F25205C05CC7C9BFA22EFBE3DCD4.e.3901/click - {}
RESULT: undefined
COMMAND: POST /session/7da9309f7e88fd38dc1cf6604ce40035/execute/async - {"script":"<script> [6424 bytes]","args":[{"element-6066-11e4-a52e-4f735466cecf":"f.BBFD096D24AC98DA896BC059A3F326CC.d.C617F25205C05CC7C9BFA22EFBE3DCD4.e.282"},"getTitle",[]]}
COMMAND: POST /session/7da9309f7e88fd38dc1cf6604ce40035/execute/async - {"script":"<script> [1562 bytes]","args":[{"selector":{"id":"shellAppTitle"},"wdio_ui5_key":"shellAppTitle"}]}
RESULT: {"script":"<script> [1562 bytes]","args":[{"selector":{"id":"shellAppTitle"},"wdio_ui5_key":"shellAppTitle"}]}
COMMAND: POST /session/7da9309f7e88fd38dc1cf6604ce40035/execute/async - {"script":"<script> [6424 bytes]","args":[{"element-6066-11e4-a52e-4f735466cecf":"f.BBFD096D24AC98DA896BC059A3F326CC.d.C617F25205C05CC7C9BFA22EFBE3DCD4.e.4030"},"getTitle",[]]}
RESULT: {"script":"<script> [6424 bytes]","args":[{"element-6066-11e4-a52e-4f735466cecf":"f.BBFD096D24AC98DA896BC059A3F326CC.d.C617F25205C05CC7C9BFA22EFBE3DCD4.e.4030"},"getTitle",[]]}
RESULT: undefined
COMMAND: POST /session/7da9309f7e88fd38dc1cf6604ce40035/element/f.BBFD096D24AC98DA896BC059A3F326CC.d.C617F25205C05CC7C9BFA22EFBE3DCD4.e.3899/click - {}
RESULT: {}
COMMAND: GET /session/7da9309f7e88fd38dc1cf6604ce40035/screenshot - {}
RESULT: {}
]]></system-out>
    </testcase>
    <testcase classname="chrome.136_0_7103_93.windows.Sanity_Tests_US104253" name="Should open ISC Orders page" time="37.501">
      <system-out><![CDATA[
COMMAND: POST /session/7da9309f7e88fd38dc1cf6604ce40035/execute/async - {"script":"<script> [1562 bytes]","args":[{"selector":{"controlType":"sap.m.GenericTile","properties":{"header":"ISC Orders"}},"wdio_ui5_key":"sapm.GenericTile{\"header\":\"ISC Orders\"}"}]}
RESULT: {"script":"<script> [1562 bytes]","args":[{"selector":{"controlType":"sap.m.GenericTile","properties":{"header":"ISC Orders"}},"wdio_ui5_key":"sapm.GenericTile{\"header\":\"ISC Orders\"}"}]}
RESULT: undefined
COMMAND: POST /session/7da9309f7e88fd38dc1cf6604ce40035/element - {"using":"xpath","value":"//*[@id=\"__tile108\"]"}
RESULT: {"using":"xpath","value":"//*[@id=\"__tile108\"]"}
COMMAND: POST /session/7da9309f7e88fd38dc1cf6604ce40035/element/f.BBFD096D24AC98DA896BC059A3F326CC.d.C617F25205C05CC7C9BFA22EFBE3DCD4.e.4032/click - {}
RESULT: {}
COMMAND: GET /session/7da9309f7e88fd38dc1cf6604ce40035/screenshot - {}
RESULT: {}
COMMAND: POST /session/7da9309f7e88fd38dc1cf6604ce40035/elements - {"using":"xpath","value":"//span[text()='Error']"}
RESULT: {"using":"xpath","value":"//span[text()='Error']"}
RESULT: undefined
COMMAND: POST /session/7da9309f7e88fd38dc1cf6604ce40035/element - {"using":"xpath","value":"//*[@id=\"__tile108\"]"}
RESULT: {"using":"xpath","value":"//*[@id=\"__tile108\"]"}
COMMAND: POST /session/7da9309f7e88fd38dc1cf6604ce40035/element/f.BBFD096D24AC98DA896BC059A3F326CC.d.C617F25205C05CC7C9BFA22EFBE3DCD4.e.4032/click - {}
RESULT: undefined
COMMAND: POST /session/7da9309f7e88fd38dc1cf6604ce40035/element - {"using":"xpath","value":"//*[@id=\"__tile108\"]"}
RESULT: {"using":"xpath","value":"//*[@id=\"__tile108\"]"}
COMMAND: POST /session/7da9309f7e88fd38dc1cf6604ce40035/element/f.BBFD096D24AC98DA896BC059A3F326CC.d.C617F25205C05CC7C9BFA22EFBE3DCD4.e.4032/click - {}
RESULT: undefined
COMMAND: POST /session/7da9309f7e88fd38dc1cf6604ce40035/execute/async - {"script":"<script> [6424 bytes]","args":[{"element-6066-11e4-a52e-4f735466cecf":"f.BBFD096D24AC98DA896BC059A3F326CC.d.C617F25205C05CC7C9BFA22EFBE3DCD4.e.282"},"getTitle",[]]}
COMMAND: POST /session/7da9309f7e88fd38dc1cf6604ce40035/execute/async - {"script":"<script> [1562 bytes]","args":[{"selector":{"id":"shellAppTitle"},"wdio_ui5_key":"shellAppTitle"}]}
RESULT: {"script":"<script> [1562 bytes]","args":[{"selector":{"id":"shellAppTitle"},"wdio_ui5_key":"shellAppTitle"}]}
COMMAND: POST /session/7da9309f7e88fd38dc1cf6604ce40035/execute/async - {"script":"<script> [6424 bytes]","args":[{"element-6066-11e4-a52e-4f735466cecf":"f.BBFD096D24AC98DA896BC059A3F326CC.d.C617F25205C05CC7C9BFA22EFBE3DCD4.e.4148"},"getTitle",[]]}
RESULT: {"script":"<script> [6424 bytes]","args":[{"element-6066-11e4-a52e-4f735466cecf":"f.BBFD096D24AC98DA896BC059A3F326CC.d.C617F25205C05CC7C9BFA22EFBE3DCD4.e.4148"},"getTitle",[]]}
RESULT: undefined
COMMAND: POST /session/7da9309f7e88fd38dc1cf6604ce40035/element/f.BBFD096D24AC98DA896BC059A3F326CC.d.C617F25205C05CC7C9BFA22EFBE3DCD4.e.3899/click - {}
COMMAND: POST /session/7da9309f7e88fd38dc1cf6604ce40035/element - {"using":"xpath","value":"//*[@id=\"backBtn\"]"}
RESULT: {"using":"xpath","value":"//*[@id=\"backBtn\"]"}
COMMAND: POST /session/7da9309f7e88fd38dc1cf6604ce40035/element/f.BBFD096D24AC98DA896BC059A3F326CC.d.C617F25205C05CC7C9BFA22EFBE3DCD4.e.3899/click - {}
COMMAND: POST /session/7da9309f7e88fd38dc1cf6604ce40035/element - {"using":"xpath","value":"//*[@id=\"backBtn\"]"}
RESULT: {"using":"xpath","value":"//*[@id=\"backBtn\"]"}
COMMAND: POST /session/7da9309f7e88fd38dc1cf6604ce40035/element/f.BBFD096D24AC98DA896BC059A3F326CC.d.C617F25205C05CC7C9BFA22EFBE3DCD4.e.4149/click - {}
RESULT: {}
COMMAND: GET /session/7da9309f7e88fd38dc1cf6604ce40035/screenshot - {}
RESULT: {}
]]></system-out>
    </testcase>
    <testcase classname="chrome.136_0_7103_93.windows.Sanity_Tests_US104253" name="Should open ISC Tasks page" time="36.321">
      <system-out><![CDATA[
COMMAND: POST /session/7da9309f7e88fd38dc1cf6604ce40035/execute/async - {"script":"<script> [1562 bytes]","args":[{"selector":{"controlType":"sap.m.GenericTile","properties":{"header":"ISC Tasks"}},"wdio_ui5_key":"sapm.GenericTile{\"header\":\"ISC Tasks\"}"}]}
RESULT: {"script":"<script> [1562 bytes]","args":[{"selector":{"controlType":"sap.m.GenericTile","properties":{"header":"ISC Tasks"}},"wdio_ui5_key":"sapm.GenericTile{\"header\":\"ISC Tasks\"}"}]}
RESULT: undefined
COMMAND: POST /session/7da9309f7e88fd38dc1cf6604ce40035/element - {"using":"xpath","value":"//*[@id=\"__tile110\"]"}
RESULT: {"using":"xpath","value":"//*[@id=\"__tile110\"]"}
COMMAND: POST /session/7da9309f7e88fd38dc1cf6604ce40035/element/f.BBFD096D24AC98DA896BC059A3F326CC.d.C617F25205C05CC7C9BFA22EFBE3DCD4.e.4151/click - {}
RESULT: {}
COMMAND: GET /session/7da9309f7e88fd38dc1cf6604ce40035/screenshot - {}
RESULT: {}
COMMAND: POST /session/7da9309f7e88fd38dc1cf6604ce40035/elements - {"using":"xpath","value":"//span[text()='Error']"}
RESULT: {"using":"xpath","value":"//span[text()='Error']"}
RESULT: undefined
COMMAND: POST /session/7da9309f7e88fd38dc1cf6604ce40035/element - {"using":"xpath","value":"//*[@id=\"__tile110\"]"}
RESULT: {"using":"xpath","value":"//*[@id=\"__tile110\"]"}
COMMAND: POST /session/7da9309f7e88fd38dc1cf6604ce40035/element/f.BBFD096D24AC98DA896BC059A3F326CC.d.C617F25205C05CC7C9BFA22EFBE3DCD4.e.4151/click - {}
RESULT: undefined
COMMAND: POST /session/7da9309f7e88fd38dc1cf6604ce40035/element - {"using":"xpath","value":"//*[@id=\"__tile110\"]"}
RESULT: {"using":"xpath","value":"//*[@id=\"__tile110\"]"}
COMMAND: POST /session/7da9309f7e88fd38dc1cf6604ce40035/element/f.BBFD096D24AC98DA896BC059A3F326CC.d.C617F25205C05CC7C9BFA22EFBE3DCD4.e.4151/click - {}
RESULT: undefined
COMMAND: POST /session/7da9309f7e88fd38dc1cf6604ce40035/execute/async - {"script":"<script> [6424 bytes]","args":[{"element-6066-11e4-a52e-4f735466cecf":"f.BBFD096D24AC98DA896BC059A3F326CC.d.C617F25205C05CC7C9BFA22EFBE3DCD4.e.282"},"getTitle",[]]}
COMMAND: POST /session/7da9309f7e88fd38dc1cf6604ce40035/execute/async - {"script":"<script> [1562 bytes]","args":[{"selector":{"id":"shellAppTitle"},"wdio_ui5_key":"shellAppTitle"}]}
RESULT: {"script":"<script> [1562 bytes]","args":[{"selector":{"id":"shellAppTitle"},"wdio_ui5_key":"shellAppTitle"}]}
COMMAND: POST /session/7da9309f7e88fd38dc1cf6604ce40035/execute/async - {"script":"<script> [6424 bytes]","args":[{"element-6066-11e4-a52e-4f735466cecf":"f.BBFD096D24AC98DA896BC059A3F326CC.d.C617F25205C05CC7C9BFA22EFBE3DCD4.e.4241"},"getTitle",[]]}
RESULT: {"script":"<script> [6424 bytes]","args":[{"element-6066-11e4-a52e-4f735466cecf":"f.BBFD096D24AC98DA896BC059A3F326CC.d.C617F25205C05CC7C9BFA22EFBE3DCD4.e.4241"},"getTitle",[]]}
RESULT: undefined
COMMAND: POST /session/7da9309f7e88fd38dc1cf6604ce40035/element/f.BBFD096D24AC98DA896BC059A3F326CC.d.C617F25205C05CC7C9BFA22EFBE3DCD4.e.4149/click - {}
RESULT: {}
COMMAND: GET /session/7da9309f7e88fd38dc1cf6604ce40035/screenshot - {}
RESULT: {}
]]></system-out>
    </testcase>
    <testcase classname="chrome.136_0_7103_93.windows.Sanity_Tests_US104253" name="Should open Manage Resource Logbook page" time="36.152">
      <system-out><![CDATA[
COMMAND: POST /session/7da9309f7e88fd38dc1cf6604ce40035/execute/async - {"script":"<script> [1562 bytes]","args":[{"selector":{"controlType":"sap.m.GenericTile","properties":{"header":"Manage Resource Logbook"}},"wdio_ui5_key":"sapm.GenericTile{\"header\":\"Manage Resource Logbook\"}"}]}
RESULT: {"script":"<script> [1562 bytes]","args":[{"selector":{"controlType":"sap.m.GenericTile","properties":{"header":"Manage Resource Logbook"}},"wdio_ui5_key":"sapm.GenericTile{\"header\":\"Manage Resource Logbook\"}"}]}
RESULT: undefined
COMMAND: POST /session/7da9309f7e88fd38dc1cf6604ce40035/element - {"using":"xpath","value":"//*[@id=\"__tile113\"]"}
RESULT: {"using":"xpath","value":"//*[@id=\"__tile113\"]"}
COMMAND: POST /session/7da9309f7e88fd38dc1cf6604ce40035/element/f.BBFD096D24AC98DA896BC059A3F326CC.d.C617F25205C05CC7C9BFA22EFBE3DCD4.e.4243/click - {}
RESULT: {}
COMMAND: GET /session/7da9309f7e88fd38dc1cf6604ce40035/screenshot - {}
RESULT: {}
COMMAND: POST /session/7da9309f7e88fd38dc1cf6604ce40035/elements - {"using":"xpath","value":"//span[text()='Error']"}
RESULT: {"using":"xpath","value":"//span[text()='Error']"}
RESULT: undefined
COMMAND: POST /session/7da9309f7e88fd38dc1cf6604ce40035/element - {"using":"xpath","value":"//*[@id=\"__tile113\"]"}
RESULT: {"using":"xpath","value":"//*[@id=\"__tile113\"]"}
COMMAND: POST /session/7da9309f7e88fd38dc1cf6604ce40035/element/f.BBFD096D24AC98DA896BC059A3F326CC.d.C617F25205C05CC7C9BFA22EFBE3DCD4.e.4243/click - {}
RESULT: undefined
COMMAND: POST /session/7da9309f7e88fd38dc1cf6604ce40035/element - {"using":"xpath","value":"//*[@id=\"__tile113\"]"}
RESULT: {"using":"xpath","value":"//*[@id=\"__tile113\"]"}
COMMAND: POST /session/7da9309f7e88fd38dc1cf6604ce40035/element/f.BBFD096D24AC98DA896BC059A3F326CC.d.C617F25205C05CC7C9BFA22EFBE3DCD4.e.4243/click - {}
RESULT: undefined
COMMAND: POST /session/7da9309f7e88fd38dc1cf6604ce40035/execute/async - {"script":"<script> [6424 bytes]","args":[{"element-6066-11e4-a52e-4f735466cecf":"f.BBFD096D24AC98DA896BC059A3F326CC.d.C617F25205C05CC7C9BFA22EFBE3DCD4.e.282"},"getTitle",[]]}
COMMAND: POST /session/7da9309f7e88fd38dc1cf6604ce40035/execute/async - {"script":"<script> [1562 bytes]","args":[{"selector":{"id":"shellAppTitle"},"wdio_ui5_key":"shellAppTitle"}]}
RESULT: {"script":"<script> [1562 bytes]","args":[{"selector":{"id":"shellAppTitle"},"wdio_ui5_key":"shellAppTitle"}]}
COMMAND: POST /session/7da9309f7e88fd38dc1cf6604ce40035/execute/async - {"script":"<script> [6424 bytes]","args":[{"element-6066-11e4-a52e-4f735466cecf":"f.BBFD096D24AC98DA896BC059A3F326CC.d.C617F25205C05CC7C9BFA22EFBE3DCD4.e.4350"},"getTitle",[]]}
RESULT: {"script":"<script> [6424 bytes]","args":[{"element-6066-11e4-a52e-4f735466cecf":"f.BBFD096D24AC98DA896BC059A3F326CC.d.C617F25205C05CC7C9BFA22EFBE3DCD4.e.4350"},"getTitle",[]]}
RESULT: undefined
COMMAND: POST /session/7da9309f7e88fd38dc1cf6604ce40035/element/f.BBFD096D24AC98DA896BC059A3F326CC.d.C617F25205C05CC7C9BFA22EFBE3DCD4.e.4149/click - {}
COMMAND: POST /session/7da9309f7e88fd38dc1cf6604ce40035/element - {"using":"xpath","value":"//*[@id=\"backBtn\"]"}
RESULT: {"using":"xpath","value":"//*[@id=\"backBtn\"]"}
COMMAND: POST /session/7da9309f7e88fd38dc1cf6604ce40035/element/f.BBFD096D24AC98DA896BC059A3F326CC.d.C617F25205C05CC7C9BFA22EFBE3DCD4.e.4149/click - {}
COMMAND: POST /session/7da9309f7e88fd38dc1cf6604ce40035/element - {"using":"xpath","value":"//*[@id=\"backBtn\"]"}
RESULT: {"using":"xpath","value":"//*[@id=\"backBtn\"]"}
COMMAND: POST /session/7da9309f7e88fd38dc1cf6604ce40035/element/f.BBFD096D24AC98DA896BC059A3F326CC.d.C617F25205C05CC7C9BFA22EFBE3DCD4.e.4351/click - {}
RESULT: {}
COMMAND: GET /session/7da9309f7e88fd38dc1cf6604ce40035/screenshot - {}
RESULT: {}
]]></system-out>
    </testcase>
    <testcase classname="chrome.136_0_7103_93.windows.Sanity_Tests_US104253" name="Should open Manage Logbook page" time="36.01">
      <system-out><![CDATA[
COMMAND: POST /session/7da9309f7e88fd38dc1cf6604ce40035/execute/async - {"script":"<script> [1562 bytes]","args":[{"selector":{"controlType":"sap.m.GenericTile","properties":{"header":"Manage Logbook"}},"wdio_ui5_key":"sapm.GenericTile{\"header\":\"Manage Logbook\"}"}]}
RESULT: {"script":"<script> [1562 bytes]","args":[{"selector":{"controlType":"sap.m.GenericTile","properties":{"header":"Manage Logbook"}},"wdio_ui5_key":"sapm.GenericTile{\"header\":\"Manage Logbook\"}"}]}
RESULT: undefined
COMMAND: POST /session/7da9309f7e88fd38dc1cf6604ce40035/element - {"using":"xpath","value":"//*[@id=\"__tile112\"]"}
RESULT: {"using":"xpath","value":"//*[@id=\"__tile112\"]"}
COMMAND: POST /session/7da9309f7e88fd38dc1cf6604ce40035/element/f.BBFD096D24AC98DA896BC059A3F326CC.d.C617F25205C05CC7C9BFA22EFBE3DCD4.e.4353/click - {}
RESULT: {}
COMMAND: GET /session/7da9309f7e88fd38dc1cf6604ce40035/screenshot - {}
RESULT: {}
COMMAND: POST /session/7da9309f7e88fd38dc1cf6604ce40035/elements - {"using":"xpath","value":"//span[text()='Error']"}
RESULT: {"using":"xpath","value":"//span[text()='Error']"}
RESULT: undefined
COMMAND: POST /session/7da9309f7e88fd38dc1cf6604ce40035/element - {"using":"xpath","value":"//*[@id=\"__tile112\"]"}
RESULT: {"using":"xpath","value":"//*[@id=\"__tile112\"]"}
COMMAND: POST /session/7da9309f7e88fd38dc1cf6604ce40035/element/f.BBFD096D24AC98DA896BC059A3F326CC.d.C617F25205C05CC7C9BFA22EFBE3DCD4.e.4353/click - {}
RESULT: undefined
COMMAND: POST /session/7da9309f7e88fd38dc1cf6604ce40035/element - {"using":"xpath","value":"//*[@id=\"__tile112\"]"}
RESULT: {"using":"xpath","value":"//*[@id=\"__tile112\"]"}
COMMAND: POST /session/7da9309f7e88fd38dc1cf6604ce40035/element/f.BBFD096D24AC98DA896BC059A3F326CC.d.C617F25205C05CC7C9BFA22EFBE3DCD4.e.4353/click - {}
RESULT: undefined
COMMAND: POST /session/7da9309f7e88fd38dc1cf6604ce40035/execute/async - {"script":"<script> [6424 bytes]","args":[{"element-6066-11e4-a52e-4f735466cecf":"f.BBFD096D24AC98DA896BC059A3F326CC.d.C617F25205C05CC7C9BFA22EFBE3DCD4.e.282"},"getTitle",[]]}
COMMAND: POST /session/7da9309f7e88fd38dc1cf6604ce40035/execute/async - {"script":"<script> [1562 bytes]","args":[{"selector":{"id":"shellAppTitle"},"wdio_ui5_key":"shellAppTitle"}]}
RESULT: {"script":"<script> [1562 bytes]","args":[{"selector":{"id":"shellAppTitle"},"wdio_ui5_key":"shellAppTitle"}]}
COMMAND: POST /session/7da9309f7e88fd38dc1cf6604ce40035/execute/async - {"script":"<script> [6424 bytes]","args":[{"element-6066-11e4-a52e-4f735466cecf":"f.BBFD096D24AC98DA896BC059A3F326CC.d.C617F25205C05CC7C9BFA22EFBE3DCD4.e.4443"},"getTitle",[]]}
RESULT: {"script":"<script> [6424 bytes]","args":[{"element-6066-11e4-a52e-4f735466cecf":"f.BBFD096D24AC98DA896BC059A3F326CC.d.C617F25205C05CC7C9BFA22EFBE3DCD4.e.4443"},"getTitle",[]]}
RESULT: undefined
COMMAND: POST /session/7da9309f7e88fd38dc1cf6604ce40035/element/f.BBFD096D24AC98DA896BC059A3F326CC.d.C617F25205C05CC7C9BFA22EFBE3DCD4.e.4351/click - {}
RESULT: {}
COMMAND: GET /session/7da9309f7e88fd38dc1cf6604ce40035/screenshot - {}
RESULT: {}
]]></system-out>
    </testcase>
    <testcase classname="chrome.136_0_7103_93.windows.Sanity_Tests_US104253" name="Should open ISC Orders Calendar page" time="37.203">
      <system-out><![CDATA[
COMMAND: POST /session/7da9309f7e88fd38dc1cf6604ce40035/execute/async - {"script":"<script> [1562 bytes]","args":[{"selector":{"controlType":"sap.m.GenericTile","properties":{"header":"ISC Orders Calendar"}},"wdio_ui5_key":"sapm.GenericTile{\"header\":\"ISC Orders Calendar\"}"}]}
RESULT: {"script":"<script> [1562 bytes]","args":[{"selector":{"controlType":"sap.m.GenericTile","properties":{"header":"ISC Orders Calendar"}},"wdio_ui5_key":"sapm.GenericTile{\"header\":\"ISC Orders Calendar\"}"}]}
RESULT: undefined
COMMAND: POST /session/7da9309f7e88fd38dc1cf6604ce40035/element - {"using":"xpath","value":"//*[@id=\"__tile107\"]"}
RESULT: {"using":"xpath","value":"//*[@id=\"__tile107\"]"}
COMMAND: POST /session/7da9309f7e88fd38dc1cf6604ce40035/element/f.BBFD096D24AC98DA896BC059A3F326CC.d.C617F25205C05CC7C9BFA22EFBE3DCD4.e.4445/click - {}
RESULT: {}
COMMAND: GET /session/7da9309f7e88fd38dc1cf6604ce40035/screenshot - {}
RESULT: {}
COMMAND: POST /session/7da9309f7e88fd38dc1cf6604ce40035/elements - {"using":"xpath","value":"//span[text()='Error']"}
RESULT: {"using":"xpath","value":"//span[text()='Error']"}
RESULT: undefined
COMMAND: POST /session/7da9309f7e88fd38dc1cf6604ce40035/element - {"using":"xpath","value":"//*[@id=\"__tile107\"]"}
RESULT: {"using":"xpath","value":"//*[@id=\"__tile107\"]"}
COMMAND: POST /session/7da9309f7e88fd38dc1cf6604ce40035/element/f.BBFD096D24AC98DA896BC059A3F326CC.d.C617F25205C05CC7C9BFA22EFBE3DCD4.e.4445/click - {}
RESULT: undefined
COMMAND: POST /session/7da9309f7e88fd38dc1cf6604ce40035/element - {"using":"xpath","value":"//*[@id=\"__tile107\"]"}
RESULT: {"using":"xpath","value":"//*[@id=\"__tile107\"]"}
COMMAND: POST /session/7da9309f7e88fd38dc1cf6604ce40035/element/f.BBFD096D24AC98DA896BC059A3F326CC.d.C617F25205C05CC7C9BFA22EFBE3DCD4.e.4445/click - {}
RESULT: undefined
COMMAND: POST /session/7da9309f7e88fd38dc1cf6604ce40035/execute/async - {"script":"<script> [6424 bytes]","args":[{"element-6066-11e4-a52e-4f735466cecf":"f.BBFD096D24AC98DA896BC059A3F326CC.d.C617F25205C05CC7C9BFA22EFBE3DCD4.e.282"},"getTitle",[]]}
COMMAND: POST /session/7da9309f7e88fd38dc1cf6604ce40035/execute/async - {"script":"<script> [1562 bytes]","args":[{"selector":{"id":"shellAppTitle"},"wdio_ui5_key":"shellAppTitle"}]}
RESULT: {"script":"<script> [1562 bytes]","args":[{"selector":{"id":"shellAppTitle"},"wdio_ui5_key":"shellAppTitle"}]}
COMMAND: POST /session/7da9309f7e88fd38dc1cf6604ce40035/execute/async - {"script":"<script> [6424 bytes]","args":[{"element-6066-11e4-a52e-4f735466cecf":"f.BBFD096D24AC98DA896BC059A3F326CC.d.C617F25205C05CC7C9BFA22EFBE3DCD4.e.4621"},"getTitle",[]]}
RESULT: {"script":"<script> [6424 bytes]","args":[{"element-6066-11e4-a52e-4f735466cecf":"f.BBFD096D24AC98DA896BC059A3F326CC.d.C617F25205C05CC7C9BFA22EFBE3DCD4.e.4621"},"getTitle",[]]}
RESULT: undefined
COMMAND: POST /session/7da9309f7e88fd38dc1cf6604ce40035/element/f.BBFD096D24AC98DA896BC059A3F326CC.d.C617F25205C05CC7C9BFA22EFBE3DCD4.e.4351/click - {}
COMMAND: POST /session/7da9309f7e88fd38dc1cf6604ce40035/element - {"using":"xpath","value":"//*[@id=\"backBtn\"]"}
RESULT: {"using":"xpath","value":"//*[@id=\"backBtn\"]"}
COMMAND: POST /session/7da9309f7e88fd38dc1cf6604ce40035/element/f.BBFD096D24AC98DA896BC059A3F326CC.d.C617F25205C05CC7C9BFA22EFBE3DCD4.e.4351/click - {}
COMMAND: POST /session/7da9309f7e88fd38dc1cf6604ce40035/element - {"using":"xpath","value":"//*[@id=\"backBtn\"]"}
RESULT: {"using":"xpath","value":"//*[@id=\"backBtn\"]"}
COMMAND: POST /session/7da9309f7e88fd38dc1cf6604ce40035/element/f.BBFD096D24AC98DA896BC059A3F326CC.d.C617F25205C05CC7C9BFA22EFBE3DCD4.e.4622/click - {}
RESULT: {}
COMMAND: GET /session/7da9309f7e88fd38dc1cf6604ce40035/screenshot - {}
RESULT: {}
]]></system-out>
    </testcase>
    <testcase classname="chrome.136_0_7103_93.windows.Sanity_Tests_US104253" name="Should open Configure System page" time="35.908">
      <system-out><![CDATA[
COMMAND: POST /session/7da9309f7e88fd38dc1cf6604ce40035/execute/async - {"script":"<script> [1562 bytes]","args":[{"selector":{"controlType":"sap.m.GenericTile","properties":{"header":"Configure System"}},"wdio_ui5_key":"sapm.GenericTile{\"header\":\"Configure System\"}"}]}
RESULT: {"script":"<script> [1562 bytes]","args":[{"selector":{"controlType":"sap.m.GenericTile","properties":{"header":"Configure System"}},"wdio_ui5_key":"sapm.GenericTile{\"header\":\"Configure System\"}"}]}
RESULT: undefined
COMMAND: POST /session/7da9309f7e88fd38dc1cf6604ce40035/element - {"using":"xpath","value":"//*[@id=\"__tile114\"]"}
RESULT: {"using":"xpath","value":"//*[@id=\"__tile114\"]"}
COMMAND: POST /session/7da9309f7e88fd38dc1cf6604ce40035/element/f.BBFD096D24AC98DA896BC059A3F326CC.d.C617F25205C05CC7C9BFA22EFBE3DCD4.e.4626/click - {}
RESULT: {}
COMMAND: GET /session/7da9309f7e88fd38dc1cf6604ce40035/screenshot - {}
RESULT: {}
COMMAND: POST /session/7da9309f7e88fd38dc1cf6604ce40035/elements - {"using":"xpath","value":"//span[text()='Error']"}
RESULT: {"using":"xpath","value":"//span[text()='Error']"}
RESULT: undefined
COMMAND: POST /session/7da9309f7e88fd38dc1cf6604ce40035/element - {"using":"xpath","value":"//*[@id=\"__tile114\"]"}
RESULT: {"using":"xpath","value":"//*[@id=\"__tile114\"]"}
COMMAND: POST /session/7da9309f7e88fd38dc1cf6604ce40035/element/f.BBFD096D24AC98DA896BC059A3F326CC.d.C617F25205C05CC7C9BFA22EFBE3DCD4.e.4626/click - {}
RESULT: undefined
COMMAND: POST /session/7da9309f7e88fd38dc1cf6604ce40035/element - {"using":"xpath","value":"//*[@id=\"__tile114\"]"}
RESULT: {"using":"xpath","value":"//*[@id=\"__tile114\"]"}
COMMAND: POST /session/7da9309f7e88fd38dc1cf6604ce40035/element/f.BBFD096D24AC98DA896BC059A3F326CC.d.C617F25205C05CC7C9BFA22EFBE3DCD4.e.4626/click - {}
RESULT: undefined
COMMAND: POST /session/7da9309f7e88fd38dc1cf6604ce40035/execute/async - {"script":"<script> [6424 bytes]","args":[{"element-6066-11e4-a52e-4f735466cecf":"f.BBFD096D24AC98DA896BC059A3F326CC.d.C617F25205C05CC7C9BFA22EFBE3DCD4.e.282"},"getTitle",[]]}
COMMAND: POST /session/7da9309f7e88fd38dc1cf6604ce40035/execute/async - {"script":"<script> [1562 bytes]","args":[{"selector":{"id":"shellAppTitle"},"wdio_ui5_key":"shellAppTitle"}]}
RESULT: {"script":"<script> [1562 bytes]","args":[{"selector":{"id":"shellAppTitle"},"wdio_ui5_key":"shellAppTitle"}]}
COMMAND: POST /session/7da9309f7e88fd38dc1cf6604ce40035/execute/async - {"script":"<script> [6424 bytes]","args":[{"element-6066-11e4-a52e-4f735466cecf":"f.BBFD096D24AC98DA896BC059A3F326CC.d.C617F25205C05CC7C9BFA22EFBE3DCD4.e.4663"},"getTitle",[]]}
RESULT: {"script":"<script> [6424 bytes]","args":[{"element-6066-11e4-a52e-4f735466cecf":"f.BBFD096D24AC98DA896BC059A3F326CC.d.C617F25205C05CC7C9BFA22EFBE3DCD4.e.4663"},"getTitle",[]]}
RESULT: undefined
COMMAND: POST /session/7da9309f7e88fd38dc1cf6604ce40035/element/f.BBFD096D24AC98DA896BC059A3F326CC.d.C617F25205C05CC7C9BFA22EFBE3DCD4.e.4622/click - {}
RESULT: {}
COMMAND: GET /session/7da9309f7e88fd38dc1cf6604ce40035/screenshot - {}
RESULT: {}
]]></system-out>
    </testcase>
    <testcase classname="chrome.136_0_7103_93.windows.Sanity_Tests_US104253" name="Should open Manage Classifications page" time="36.178">
      <system-out><![CDATA[
COMMAND: POST /session/7da9309f7e88fd38dc1cf6604ce40035/execute/async - {"script":"<script> [1562 bytes]","args":[{"selector":{"controlType":"sap.m.GenericTile","properties":{"header":"Manage Classifications"}},"wdio_ui5_key":"sapm.GenericTile{\"header\":\"Manage Classifications\"}"}]}
RESULT: {"script":"<script> [1562 bytes]","args":[{"selector":{"controlType":"sap.m.GenericTile","properties":{"header":"Manage Classifications"}},"wdio_ui5_key":"sapm.GenericTile{\"header\":\"Manage Classifications\"}"}]}
RESULT: undefined
COMMAND: POST /session/7da9309f7e88fd38dc1cf6604ce40035/element - {"using":"xpath","value":"//*[@id=\"__tile115\"]"}
RESULT: {"using":"xpath","value":"//*[@id=\"__tile115\"]"}
COMMAND: POST /session/7da9309f7e88fd38dc1cf6604ce40035/element/f.BBFD096D24AC98DA896BC059A3F326CC.d.C617F25205C05CC7C9BFA22EFBE3DCD4.e.4667/click - {}
RESULT: {}
COMMAND: GET /session/7da9309f7e88fd38dc1cf6604ce40035/screenshot - {}
RESULT: {}
COMMAND: POST /session/7da9309f7e88fd38dc1cf6604ce40035/elements - {"using":"xpath","value":"//span[text()='Error']"}
RESULT: {"using":"xpath","value":"//span[text()='Error']"}
RESULT: undefined
COMMAND: POST /session/7da9309f7e88fd38dc1cf6604ce40035/element - {"using":"xpath","value":"//*[@id=\"__tile115\"]"}
RESULT: {"using":"xpath","value":"//*[@id=\"__tile115\"]"}
COMMAND: POST /session/7da9309f7e88fd38dc1cf6604ce40035/element/f.BBFD096D24AC98DA896BC059A3F326CC.d.C617F25205C05CC7C9BFA22EFBE3DCD4.e.4667/click - {}
RESULT: undefined
COMMAND: POST /session/7da9309f7e88fd38dc1cf6604ce40035/element - {"using":"xpath","value":"//*[@id=\"__tile115\"]"}
RESULT: {"using":"xpath","value":"//*[@id=\"__tile115\"]"}
COMMAND: POST /session/7da9309f7e88fd38dc1cf6604ce40035/element/f.BBFD096D24AC98DA896BC059A3F326CC.d.C617F25205C05CC7C9BFA22EFBE3DCD4.e.4667/click - {}
RESULT: undefined
COMMAND: POST /session/7da9309f7e88fd38dc1cf6604ce40035/execute/async - {"script":"<script> [6424 bytes]","args":[{"element-6066-11e4-a52e-4f735466cecf":"f.BBFD096D24AC98DA896BC059A3F326CC.d.C617F25205C05CC7C9BFA22EFBE3DCD4.e.282"},"getTitle",[]]}
COMMAND: POST /session/7da9309f7e88fd38dc1cf6604ce40035/execute/async - {"script":"<script> [1562 bytes]","args":[{"selector":{"id":"shellAppTitle"},"wdio_ui5_key":"shellAppTitle"}]}
RESULT: {"script":"<script> [1562 bytes]","args":[{"selector":{"id":"shellAppTitle"},"wdio_ui5_key":"shellAppTitle"}]}
COMMAND: POST /session/7da9309f7e88fd38dc1cf6604ce40035/execute/async - {"script":"<script> [6424 bytes]","args":[{"element-6066-11e4-a52e-4f735466cecf":"f.BBFD096D24AC98DA896BC059A3F326CC.d.C617F25205C05CC7C9BFA22EFBE3DCD4.e.4783"},"getTitle",[]]}
RESULT: {"script":"<script> [6424 bytes]","args":[{"element-6066-11e4-a52e-4f735466cecf":"f.BBFD096D24AC98DA896BC059A3F326CC.d.C617F25205C05CC7C9BFA22EFBE3DCD4.e.4783"},"getTitle",[]]}
RESULT: undefined
COMMAND: POST /session/7da9309f7e88fd38dc1cf6604ce40035/element/f.BBFD096D24AC98DA896BC059A3F326CC.d.C617F25205C05CC7C9BFA22EFBE3DCD4.e.4622/click - {}
COMMAND: POST /session/7da9309f7e88fd38dc1cf6604ce40035/element - {"using":"xpath","value":"//*[@id=\"backBtn\"]"}
RESULT: {"using":"xpath","value":"//*[@id=\"backBtn\"]"}
COMMAND: POST /session/7da9309f7e88fd38dc1cf6604ce40035/element/f.BBFD096D24AC98DA896BC059A3F326CC.d.C617F25205C05CC7C9BFA22EFBE3DCD4.e.4622/click - {}
COMMAND: POST /session/7da9309f7e88fd38dc1cf6604ce40035/element - {"using":"xpath","value":"//*[@id=\"backBtn\"]"}
RESULT: {"using":"xpath","value":"//*[@id=\"backBtn\"]"}
COMMAND: POST /session/7da9309f7e88fd38dc1cf6604ce40035/element/f.BBFD096D24AC98DA896BC059A3F326CC.d.C617F25205C05CC7C9BFA22EFBE3DCD4.e.4784/click - {}
RESULT: {}
COMMAND: GET /session/7da9309f7e88fd38dc1cf6604ce40035/screenshot - {}
RESULT: {}
]]></system-out>
    </testcase>
    <testcase classname="chrome.136_0_7103_93.windows.Sanity_Tests_US104253" name="Should open Data Explorer page" time="42.253">
      <system-out><![CDATA[
COMMAND: POST /session/7da9309f7e88fd38dc1cf6604ce40035/execute/async - {"script":"<script> [1562 bytes]","args":[{"selector":{"controlType":"sap.m.GenericTile","properties":{"header":"Data Explorer"}},"wdio_ui5_key":"sapm.GenericTile{\"header\":\"Data Explorer\"}"}]}
RESULT: {"script":"<script> [1562 bytes]","args":[{"selector":{"controlType":"sap.m.GenericTile","properties":{"header":"Data Explorer"}},"wdio_ui5_key":"sapm.GenericTile{\"header\":\"Data Explorer\"}"}]}
RESULT: undefined
COMMAND: POST /session/7da9309f7e88fd38dc1cf6604ce40035/element - {"using":"xpath","value":"//*[@id=\"__tile117\"]"}
RESULT: {"using":"xpath","value":"//*[@id=\"__tile117\"]"}
COMMAND: POST /session/7da9309f7e88fd38dc1cf6604ce40035/element/f.BBFD096D24AC98DA896BC059A3F326CC.d.C617F25205C05CC7C9BFA22EFBE3DCD4.e.4786/click - {}
RESULT: {}
COMMAND: GET /session/7da9309f7e88fd38dc1cf6604ce40035/screenshot - {}
RESULT: {}
COMMAND: POST /session/7da9309f7e88fd38dc1cf6604ce40035/elements - {"using":"xpath","value":"//span[text()='Error']"}
RESULT: {"using":"xpath","value":"//span[text()='Error']"}
RESULT: undefined
COMMAND: POST /session/7da9309f7e88fd38dc1cf6604ce40035/element - {"using":"xpath","value":"//*[@id=\"__tile117\"]"}
RESULT: {"using":"xpath","value":"//*[@id=\"__tile117\"]"}
COMMAND: POST /session/7da9309f7e88fd38dc1cf6604ce40035/element/f.BBFD096D24AC98DA896BC059A3F326CC.d.C617F25205C05CC7C9BFA22EFBE3DCD4.e.4786/click - {}
RESULT: undefined
COMMAND: POST /session/7da9309f7e88fd38dc1cf6604ce40035/element - {"using":"xpath","value":"//*[@id=\"__tile117\"]"}
RESULT: {"using":"xpath","value":"//*[@id=\"__tile117\"]"}
COMMAND: POST /session/7da9309f7e88fd38dc1cf6604ce40035/element/f.BBFD096D24AC98DA896BC059A3F326CC.d.C617F25205C05CC7C9BFA22EFBE3DCD4.e.4786/click - {}
RESULT: undefined
COMMAND: POST /session/7da9309f7e88fd38dc1cf6604ce40035/execute/async - {"script":"<script> [6424 bytes]","args":[{"element-6066-11e4-a52e-4f735466cecf":"f.BBFD096D24AC98DA896BC059A3F326CC.d.C617F25205C05CC7C9BFA22EFBE3DCD4.e.282"},"getTitle",[]]}
COMMAND: POST /session/7da9309f7e88fd38dc1cf6604ce40035/execute/async - {"script":"<script> [1562 bytes]","args":[{"selector":{"id":"shellAppTitle"},"wdio_ui5_key":"shellAppTitle"}]}
RESULT: {"script":"<script> [1562 bytes]","args":[{"selector":{"id":"shellAppTitle"},"wdio_ui5_key":"shellAppTitle"}]}
COMMAND: POST /session/7da9309f7e88fd38dc1cf6604ce40035/execute/async - {"script":"<script> [6424 bytes]","args":[{"element-6066-11e4-a52e-4f735466cecf":"f.BBFD096D24AC98DA896BC059A3F326CC.d.C617F25205C05CC7C9BFA22EFBE3DCD4.e.5121"},"getTitle",[]]}
RESULT: {"script":"<script> [6424 bytes]","args":[{"element-6066-11e4-a52e-4f735466cecf":"f.BBFD096D24AC98DA896BC059A3F326CC.d.C617F25205C05CC7C9BFA22EFBE3DCD4.e.5121"},"getTitle",[]]}
RESULT: undefined
COMMAND: POST /session/7da9309f7e88fd38dc1cf6604ce40035/element/f.BBFD096D24AC98DA896BC059A3F326CC.d.C617F25205C05CC7C9BFA22EFBE3DCD4.e.4784/click - {}
RESULT: {}
COMMAND: GET /session/7da9309f7e88fd38dc1cf6604ce40035/screenshot - {}
RESULT: {}
]]></system-out>
    </testcase>
    <testcase classname="chrome.136_0_7103_93.windows.Sanity_Tests_US104253" name="Should open Performance Monitor page" time="35.848">
      <system-out><![CDATA[
COMMAND: POST /session/7da9309f7e88fd38dc1cf6604ce40035/execute/async - {"script":"<script> [1562 bytes]","args":[{"selector":{"controlType":"sap.m.GenericTile","properties":{"header":"Performance Monitor"}},"wdio_ui5_key":"sapm.GenericTile{\"header\":\"Performance Monitor\"}"}]}
RESULT: {"script":"<script> [1562 bytes]","args":[{"selector":{"controlType":"sap.m.GenericTile","properties":{"header":"Performance Monitor"}},"wdio_ui5_key":"sapm.GenericTile{\"header\":\"Performance Monitor\"}"}]}
RESULT: undefined
COMMAND: POST /session/7da9309f7e88fd38dc1cf6604ce40035/element - {"using":"xpath","value":"//*[@id=\"__tile116\"]"}
RESULT: {"using":"xpath","value":"//*[@id=\"__tile116\"]"}
COMMAND: POST /session/7da9309f7e88fd38dc1cf6604ce40035/element/f.BBFD096D24AC98DA896BC059A3F326CC.d.C617F25205C05CC7C9BFA22EFBE3DCD4.e.5123/click - {}
RESULT: {}
COMMAND: GET /session/7da9309f7e88fd38dc1cf6604ce40035/screenshot - {}
RESULT: {}
COMMAND: POST /session/7da9309f7e88fd38dc1cf6604ce40035/elements - {"using":"xpath","value":"//span[text()='Error']"}
RESULT: {"using":"xpath","value":"//span[text()='Error']"}
RESULT: undefined
COMMAND: POST /session/7da9309f7e88fd38dc1cf6604ce40035/element - {"using":"xpath","value":"//*[@id=\"__tile116\"]"}
RESULT: {"using":"xpath","value":"//*[@id=\"__tile116\"]"}
COMMAND: POST /session/7da9309f7e88fd38dc1cf6604ce40035/element/f.BBFD096D24AC98DA896BC059A3F326CC.d.C617F25205C05CC7C9BFA22EFBE3DCD4.e.5123/click - {}
RESULT: undefined
COMMAND: POST /session/7da9309f7e88fd38dc1cf6604ce40035/element - {"using":"xpath","value":"//*[@id=\"__tile116\"]"}
RESULT: {"using":"xpath","value":"//*[@id=\"__tile116\"]"}
COMMAND: POST /session/7da9309f7e88fd38dc1cf6604ce40035/element/f.BBFD096D24AC98DA896BC059A3F326CC.d.C617F25205C05CC7C9BFA22EFBE3DCD4.e.5123/click - {}
RESULT: undefined
COMMAND: POST /session/7da9309f7e88fd38dc1cf6604ce40035/execute/async - {"script":"<script> [6424 bytes]","args":[{"element-6066-11e4-a52e-4f735466cecf":"f.BBFD096D24AC98DA896BC059A3F326CC.d.C617F25205C05CC7C9BFA22EFBE3DCD4.e.282"},"getTitle",[]]}
COMMAND: POST /session/7da9309f7e88fd38dc1cf6604ce40035/execute/async - {"script":"<script> [1562 bytes]","args":[{"selector":{"id":"shellAppTitle"},"wdio_ui5_key":"shellAppTitle"}]}
RESULT: {"script":"<script> [1562 bytes]","args":[{"selector":{"id":"shellAppTitle"},"wdio_ui5_key":"shellAppTitle"}]}
COMMAND: POST /session/7da9309f7e88fd38dc1cf6604ce40035/execute/async - {"script":"<script> [6424 bytes]","args":[{"element-6066-11e4-a52e-4f735466cecf":"f.BBFD096D24AC98DA896BC059A3F326CC.d.C617F25205C05CC7C9BFA22EFBE3DCD4.e.5163"},"getTitle",[]]}
RESULT: {"script":"<script> [6424 bytes]","args":[{"element-6066-11e4-a52e-4f735466cecf":"f.BBFD096D24AC98DA896BC059A3F326CC.d.C617F25205C05CC7C9BFA22EFBE3DCD4.e.5163"},"getTitle",[]]}
RESULT: undefined
COMMAND: POST /session/7da9309f7e88fd38dc1cf6604ce40035/element/f.BBFD096D24AC98DA896BC059A3F326CC.d.C617F25205C05CC7C9BFA22EFBE3DCD4.e.4784/click - {}
COMMAND: POST /session/7da9309f7e88fd38dc1cf6604ce40035/element - {"using":"xpath","value":"//*[@id=\"backBtn\"]"}
RESULT: {"using":"xpath","value":"//*[@id=\"backBtn\"]"}
COMMAND: POST /session/7da9309f7e88fd38dc1cf6604ce40035/element/f.BBFD096D24AC98DA896BC059A3F326CC.d.C617F25205C05CC7C9BFA22EFBE3DCD4.e.4784/click - {}
COMMAND: POST /session/7da9309f7e88fd38dc1cf6604ce40035/element - {"using":"xpath","value":"//*[@id=\"backBtn\"]"}
RESULT: {"using":"xpath","value":"//*[@id=\"backBtn\"]"}
COMMAND: POST /session/7da9309f7e88fd38dc1cf6604ce40035/element/f.BBFD096D24AC98DA896BC059A3F326CC.d.C617F25205C05CC7C9BFA22EFBE3DCD4.e.5164/click - {}
RESULT: {}
COMMAND: GET /session/7da9309f7e88fd38dc1cf6604ce40035/screenshot - {}
RESULT: {}
]]></system-out>
    </testcase>
    <testcase classname="chrome.136_0_7103_93.windows.Sanity_Tests_US104253" name="Should open Organizational Model page" time="35.82">
      <system-out><![CDATA[
COMMAND: POST /session/7da9309f7e88fd38dc1cf6604ce40035/execute/async - {"script":"<script> [1562 bytes]","args":[{"selector":{"controlType":"sap.m.GenericTile","properties":{"header":"Organizational Model"}},"wdio_ui5_key":"sapm.GenericTile{\"header\":\"Organizational Model\"}"}]}
RESULT: {"script":"<script> [1562 bytes]","args":[{"selector":{"controlType":"sap.m.GenericTile","properties":{"header":"Organizational Model"}},"wdio_ui5_key":"sapm.GenericTile{\"header\":\"Organizational Model\"}"}]}
RESULT: undefined
COMMAND: POST /session/7da9309f7e88fd38dc1cf6604ce40035/element - {"using":"xpath","value":"//*[@id=\"__tile120\"]"}
RESULT: {"using":"xpath","value":"//*[@id=\"__tile120\"]"}
COMMAND: POST /session/7da9309f7e88fd38dc1cf6604ce40035/element/f.BBFD096D24AC98DA896BC059A3F326CC.d.C617F25205C05CC7C9BFA22EFBE3DCD4.e.5167/click - {}
RESULT: {}
COMMAND: GET /session/7da9309f7e88fd38dc1cf6604ce40035/screenshot - {}
RESULT: {}
COMMAND: POST /session/7da9309f7e88fd38dc1cf6604ce40035/elements - {"using":"xpath","value":"//span[text()='Error']"}
RESULT: {"using":"xpath","value":"//span[text()='Error']"}
RESULT: undefined
COMMAND: POST /session/7da9309f7e88fd38dc1cf6604ce40035/element - {"using":"xpath","value":"//*[@id=\"__tile120\"]"}
RESULT: {"using":"xpath","value":"//*[@id=\"__tile120\"]"}
COMMAND: POST /session/7da9309f7e88fd38dc1cf6604ce40035/element/f.BBFD096D24AC98DA896BC059A3F326CC.d.C617F25205C05CC7C9BFA22EFBE3DCD4.e.5167/click - {}
RESULT: undefined
COMMAND: POST /session/7da9309f7e88fd38dc1cf6604ce40035/element - {"using":"xpath","value":"//*[@id=\"__tile120\"]"}
RESULT: {"using":"xpath","value":"//*[@id=\"__tile120\"]"}
COMMAND: POST /session/7da9309f7e88fd38dc1cf6604ce40035/element/f.BBFD096D24AC98DA896BC059A3F326CC.d.C617F25205C05CC7C9BFA22EFBE3DCD4.e.5167/click - {}
RESULT: undefined
COMMAND: POST /session/7da9309f7e88fd38dc1cf6604ce40035/execute/async - {"script":"<script> [6424 bytes]","args":[{"element-6066-11e4-a52e-4f735466cecf":"f.BBFD096D24AC98DA896BC059A3F326CC.d.C617F25205C05CC7C9BFA22EFBE3DCD4.e.282"},"getTitle",[]]}
COMMAND: POST /session/7da9309f7e88fd38dc1cf6604ce40035/execute/async - {"script":"<script> [1562 bytes]","args":[{"selector":{"id":"shellAppTitle"},"wdio_ui5_key":"shellAppTitle"}]}
RESULT: {"script":"<script> [1562 bytes]","args":[{"selector":{"id":"shellAppTitle"},"wdio_ui5_key":"shellAppTitle"}]}
COMMAND: POST /session/7da9309f7e88fd38dc1cf6604ce40035/execute/async - {"script":"<script> [6424 bytes]","args":[{"element-6066-11e4-a52e-4f735466cecf":"f.BBFD096D24AC98DA896BC059A3F326CC.d.C617F25205C05CC7C9BFA22EFBE3DCD4.e.5184"},"getTitle",[]]}
RESULT: {"script":"<script> [6424 bytes]","args":[{"element-6066-11e4-a52e-4f735466cecf":"f.BBFD096D24AC98DA896BC059A3F326CC.d.C617F25205C05CC7C9BFA22EFBE3DCD4.e.5184"},"getTitle",[]]}
RESULT: undefined
COMMAND: POST /session/7da9309f7e88fd38dc1cf6604ce40035/element/f.BBFD096D24AC98DA896BC059A3F326CC.d.C617F25205C05CC7C9BFA22EFBE3DCD4.e.5164/click - {}
RESULT: {}
COMMAND: GET /session/7da9309f7e88fd38dc1cf6604ce40035/screenshot - {}
RESULT: {}
]]></system-out>
    </testcase>
    <testcase classname="chrome.136_0_7103_93.windows.Sanity_Tests_US104253" name="Should open Manage Roles page" time="37.475">
      <system-out><![CDATA[
COMMAND: POST /session/7da9309f7e88fd38dc1cf6604ce40035/execute/async - {"script":"<script> [1562 bytes]","args":[{"selector":{"controlType":"sap.m.GenericTile","properties":{"header":"Manage Roles"}},"wdio_ui5_key":"sapm.GenericTile{\"header\":\"Manage Roles\"}"}]}
RESULT: {"script":"<script> [1562 bytes]","args":[{"selector":{"controlType":"sap.m.GenericTile","properties":{"header":"Manage Roles"}},"wdio_ui5_key":"sapm.GenericTile{\"header\":\"Manage Roles\"}"}]}
RESULT: undefined
COMMAND: POST /session/7da9309f7e88fd38dc1cf6604ce40035/element - {"using":"xpath","value":"//*[@id=\"__tile119\"]"}
RESULT: {"using":"xpath","value":"//*[@id=\"__tile119\"]"}
COMMAND: POST /session/7da9309f7e88fd38dc1cf6604ce40035/element/f.BBFD096D24AC98DA896BC059A3F326CC.d.C617F25205C05CC7C9BFA22EFBE3DCD4.e.5188/click - {}
RESULT: {}
COMMAND: GET /session/7da9309f7e88fd38dc1cf6604ce40035/screenshot - {}
RESULT: {}
COMMAND: POST /session/7da9309f7e88fd38dc1cf6604ce40035/elements - {"using":"xpath","value":"//span[text()='Error']"}
RESULT: {"using":"xpath","value":"//span[text()='Error']"}
RESULT: undefined
COMMAND: POST /session/7da9309f7e88fd38dc1cf6604ce40035/element - {"using":"xpath","value":"//*[@id=\"__tile119\"]"}
RESULT: {"using":"xpath","value":"//*[@id=\"__tile119\"]"}
COMMAND: POST /session/7da9309f7e88fd38dc1cf6604ce40035/element/f.BBFD096D24AC98DA896BC059A3F326CC.d.C617F25205C05CC7C9BFA22EFBE3DCD4.e.5188/click - {}
RESULT: undefined
COMMAND: POST /session/7da9309f7e88fd38dc1cf6604ce40035/element - {"using":"xpath","value":"//*[@id=\"__tile119\"]"}
RESULT: {"using":"xpath","value":"//*[@id=\"__tile119\"]"}
COMMAND: POST /session/7da9309f7e88fd38dc1cf6604ce40035/element/f.BBFD096D24AC98DA896BC059A3F326CC.d.C617F25205C05CC7C9BFA22EFBE3DCD4.e.5188/click - {}
RESULT: undefined
COMMAND: POST /session/7da9309f7e88fd38dc1cf6604ce40035/execute/async - {"script":"<script> [6424 bytes]","args":[{"element-6066-11e4-a52e-4f735466cecf":"f.BBFD096D24AC98DA896BC059A3F326CC.d.C617F25205C05CC7C9BFA22EFBE3DCD4.e.282"},"getTitle",[]]}
COMMAND: POST /session/7da9309f7e88fd38dc1cf6604ce40035/execute/async - {"script":"<script> [1562 bytes]","args":[{"selector":{"id":"shellAppTitle"},"wdio_ui5_key":"shellAppTitle"}]}
RESULT: {"script":"<script> [1562 bytes]","args":[{"selector":{"id":"shellAppTitle"},"wdio_ui5_key":"shellAppTitle"}]}
COMMAND: POST /session/7da9309f7e88fd38dc1cf6604ce40035/execute/async - {"script":"<script> [6424 bytes]","args":[{"element-6066-11e4-a52e-4f735466cecf":"f.BBFD096D24AC98DA896BC059A3F326CC.d.C617F25205C05CC7C9BFA22EFBE3DCD4.e.5233"},"getTitle",[]]}
RESULT: {"script":"<script> [6424 bytes]","args":[{"element-6066-11e4-a52e-4f735466cecf":"f.BBFD096D24AC98DA896BC059A3F326CC.d.C617F25205C05CC7C9BFA22EFBE3DCD4.e.5233"},"getTitle",[]]}
RESULT: undefined
COMMAND: POST /session/7da9309f7e88fd38dc1cf6604ce40035/element/f.BBFD096D24AC98DA896BC059A3F326CC.d.C617F25205C05CC7C9BFA22EFBE3DCD4.e.5164/click - {}
COMMAND: POST /session/7da9309f7e88fd38dc1cf6604ce40035/element - {"using":"xpath","value":"//*[@id=\"backBtn\"]"}
RESULT: {"using":"xpath","value":"//*[@id=\"backBtn\"]"}
COMMAND: POST /session/7da9309f7e88fd38dc1cf6604ce40035/element/f.BBFD096D24AC98DA896BC059A3F326CC.d.C617F25205C05CC7C9BFA22EFBE3DCD4.e.5164/click - {}
COMMAND: POST /session/7da9309f7e88fd38dc1cf6604ce40035/element - {"using":"xpath","value":"//*[@id=\"backBtn\"]"}
RESULT: {"using":"xpath","value":"//*[@id=\"backBtn\"]"}
COMMAND: POST /session/7da9309f7e88fd38dc1cf6604ce40035/element/f.BBFD096D24AC98DA896BC059A3F326CC.d.C617F25205C05CC7C9BFA22EFBE3DCD4.e.5234/click - {}
RESULT: {}
COMMAND: GET /session/7da9309f7e88fd38dc1cf6604ce40035/screenshot - {}
RESULT: {}
]]></system-out>
    </testcase>
    <testcase classname="chrome.136_0_7103_93.windows.Sanity_Tests_US104253" name="Should open Authorization Tables page" time="36.633">
      <system-out><![CDATA[
COMMAND: POST /session/7da9309f7e88fd38dc1cf6604ce40035/execute/async - {"script":"<script> [1562 bytes]","args":[{"selector":{"controlType":"sap.m.GenericTile","properties":{"header":"Authorization Tables"}},"wdio_ui5_key":"sapm.GenericTile{\"header\":\"Authorization Tables\"}"}]}
RESULT: {"script":"<script> [1562 bytes]","args":[{"selector":{"controlType":"sap.m.GenericTile","properties":{"header":"Authorization Tables"}},"wdio_ui5_key":"sapm.GenericTile{\"header\":\"Authorization Tables\"}"}]}
RESULT: undefined
COMMAND: POST /session/7da9309f7e88fd38dc1cf6604ce40035/element - {"using":"xpath","value":"//*[@id=\"__tile118\"]"}
RESULT: {"using":"xpath","value":"//*[@id=\"__tile118\"]"}
COMMAND: POST /session/7da9309f7e88fd38dc1cf6604ce40035/element/f.BBFD096D24AC98DA896BC059A3F326CC.d.C617F25205C05CC7C9BFA22EFBE3DCD4.e.5236/click - {}
RESULT: {}
COMMAND: GET /session/7da9309f7e88fd38dc1cf6604ce40035/screenshot - {}
RESULT: {}
COMMAND: POST /session/7da9309f7e88fd38dc1cf6604ce40035/elements - {"using":"xpath","value":"//span[text()='Error']"}
RESULT: {"using":"xpath","value":"//span[text()='Error']"}
RESULT: undefined
COMMAND: POST /session/7da9309f7e88fd38dc1cf6604ce40035/element - {"using":"xpath","value":"//*[@id=\"__tile118\"]"}
RESULT: {"using":"xpath","value":"//*[@id=\"__tile118\"]"}
COMMAND: POST /session/7da9309f7e88fd38dc1cf6604ce40035/element/f.BBFD096D24AC98DA896BC059A3F326CC.d.C617F25205C05CC7C9BFA22EFBE3DCD4.e.5236/click - {}
RESULT: undefined
COMMAND: POST /session/7da9309f7e88fd38dc1cf6604ce40035/element - {"using":"xpath","value":"//*[@id=\"__tile118\"]"}
RESULT: {"using":"xpath","value":"//*[@id=\"__tile118\"]"}
COMMAND: POST /session/7da9309f7e88fd38dc1cf6604ce40035/element/f.BBFD096D24AC98DA896BC059A3F326CC.d.C617F25205C05CC7C9BFA22EFBE3DCD4.e.5236/click - {}
RESULT: undefined
COMMAND: POST /session/7da9309f7e88fd38dc1cf6604ce40035/execute/async - {"script":"<script> [6424 bytes]","args":[{"element-6066-11e4-a52e-4f735466cecf":"f.BBFD096D24AC98DA896BC059A3F326CC.d.C617F25205C05CC7C9BFA22EFBE3DCD4.e.282"},"getTitle",[]]}
COMMAND: POST /session/7da9309f7e88fd38dc1cf6604ce40035/execute/async - {"script":"<script> [1562 bytes]","args":[{"selector":{"id":"shellAppTitle"},"wdio_ui5_key":"shellAppTitle"}]}
RESULT: {"script":"<script> [1562 bytes]","args":[{"selector":{"id":"shellAppTitle"},"wdio_ui5_key":"shellAppTitle"}]}
COMMAND: POST /session/7da9309f7e88fd38dc1cf6604ce40035/execute/async - {"script":"<script> [6424 bytes]","args":[{"element-6066-11e4-a52e-4f735466cecf":"f.BBFD096D24AC98DA896BC059A3F326CC.d.C617F25205C05CC7C9BFA22EFBE3DCD4.e.5322"},"getTitle",[]]}
RESULT: {"script":"<script> [6424 bytes]","args":[{"element-6066-11e4-a52e-4f735466cecf":"f.BBFD096D24AC98DA896BC059A3F326CC.d.C617F25205C05CC7C9BFA22EFBE3DCD4.e.5322"},"getTitle",[]]}
RESULT: undefined
COMMAND: POST /session/7da9309f7e88fd38dc1cf6604ce40035/element/f.BBFD096D24AC98DA896BC059A3F326CC.d.C617F25205C05CC7C9BFA22EFBE3DCD4.e.5234/click - {}
RESULT: {}
COMMAND: GET /session/7da9309f7e88fd38dc1cf6604ce40035/screenshot - {}
RESULT: {}
]]></system-out>
    </testcase>
    <testcase classname="chrome.136_0_7103_93.windows.Sanity_Tests_US104253" name="Should open User Maintenance page" time="36.882">
      <system-out><![CDATA[
COMMAND: POST /session/7da9309f7e88fd38dc1cf6604ce40035/execute/async - {"script":"<script> [1562 bytes]","args":[{"selector":{"controlType":"sap.m.GenericTile","properties":{"header":"User Maintenance"}},"wdio_ui5_key":"sapm.GenericTile{\"header\":\"User Maintenance\"}"}]}
RESULT: {"script":"<script> [1562 bytes]","args":[{"selector":{"controlType":"sap.m.GenericTile","properties":{"header":"User Maintenance"}},"wdio_ui5_key":"sapm.GenericTile{\"header\":\"User Maintenance\"}"}]}
RESULT: undefined
COMMAND: POST /session/7da9309f7e88fd38dc1cf6604ce40035/element - {"using":"xpath","value":"//*[@id=\"__tile121\"]"}
RESULT: {"using":"xpath","value":"//*[@id=\"__tile121\"]"}
COMMAND: POST /session/7da9309f7e88fd38dc1cf6604ce40035/element/f.BBFD096D24AC98DA896BC059A3F326CC.d.C617F25205C05CC7C9BFA22EFBE3DCD4.e.5324/click - {}
RESULT: {}
COMMAND: GET /session/7da9309f7e88fd38dc1cf6604ce40035/screenshot - {}
RESULT: {}
COMMAND: POST /session/7da9309f7e88fd38dc1cf6604ce40035/elements - {"using":"xpath","value":"//span[text()='Error']"}
RESULT: {"using":"xpath","value":"//span[text()='Error']"}
RESULT: undefined
COMMAND: POST /session/7da9309f7e88fd38dc1cf6604ce40035/element - {"using":"xpath","value":"//*[@id=\"__tile121\"]"}
RESULT: {"using":"xpath","value":"//*[@id=\"__tile121\"]"}
COMMAND: POST /session/7da9309f7e88fd38dc1cf6604ce40035/element/f.BBFD096D24AC98DA896BC059A3F326CC.d.C617F25205C05CC7C9BFA22EFBE3DCD4.e.5324/click - {}
RESULT: undefined
COMMAND: POST /session/7da9309f7e88fd38dc1cf6604ce40035/element - {"using":"xpath","value":"//*[@id=\"__tile121\"]"}
RESULT: {"using":"xpath","value":"//*[@id=\"__tile121\"]"}
COMMAND: POST /session/7da9309f7e88fd38dc1cf6604ce40035/element/f.BBFD096D24AC98DA896BC059A3F326CC.d.C617F25205C05CC7C9BFA22EFBE3DCD4.e.5324/click - {}
RESULT: undefined
COMMAND: POST /session/7da9309f7e88fd38dc1cf6604ce40035/execute/async - {"script":"<script> [6424 bytes]","args":[{"element-6066-11e4-a52e-4f735466cecf":"f.BBFD096D24AC98DA896BC059A3F326CC.d.C617F25205C05CC7C9BFA22EFBE3DCD4.e.282"},"getTitle",[]]}
COMMAND: POST /session/7da9309f7e88fd38dc1cf6604ce40035/execute/async - {"script":"<script> [1562 bytes]","args":[{"selector":{"id":"shellAppTitle"},"wdio_ui5_key":"shellAppTitle"}]}
RESULT: {"script":"<script> [1562 bytes]","args":[{"selector":{"id":"shellAppTitle"},"wdio_ui5_key":"shellAppTitle"}]}
COMMAND: POST /session/7da9309f7e88fd38dc1cf6604ce40035/execute/async - {"script":"<script> [6424 bytes]","args":[{"element-6066-11e4-a52e-4f735466cecf":"f.BBFD096D24AC98DA896BC059A3F326CC.d.C617F25205C05CC7C9BFA22EFBE3DCD4.e.5412"},"getTitle",[]]}
RESULT: {"script":"<script> [6424 bytes]","args":[{"element-6066-11e4-a52e-4f735466cecf":"f.BBFD096D24AC98DA896BC059A3F326CC.d.C617F25205C05CC7C9BFA22EFBE3DCD4.e.5412"},"getTitle",[]]}
RESULT: undefined
COMMAND: POST /session/7da9309f7e88fd38dc1cf6604ce40035/element/f.BBFD096D24AC98DA896BC059A3F326CC.d.C617F25205C05CC7C9BFA22EFBE3DCD4.e.5234/click - {}
COMMAND: POST /session/7da9309f7e88fd38dc1cf6604ce40035/element - {"using":"xpath","value":"//*[@id=\"backBtn\"]"}
RESULT: {"using":"xpath","value":"//*[@id=\"backBtn\"]"}
COMMAND: POST /session/7da9309f7e88fd38dc1cf6604ce40035/element/f.BBFD096D24AC98DA896BC059A3F326CC.d.C617F25205C05CC7C9BFA22EFBE3DCD4.e.5234/click - {}
COMMAND: POST /session/7da9309f7e88fd38dc1cf6604ce40035/element - {"using":"xpath","value":"//*[@id=\"backBtn\"]"}
RESULT: {"using":"xpath","value":"//*[@id=\"backBtn\"]"}
COMMAND: POST /session/7da9309f7e88fd38dc1cf6604ce40035/element/f.BBFD096D24AC98DA896BC059A3F326CC.d.C617F25205C05CC7C9BFA22EFBE3DCD4.e.5413/click - {}
RESULT: {}
COMMAND: GET /session/7da9309f7e88fd38dc1cf6604ce40035/screenshot - {}
RESULT: {}
]]></system-out>
    </testcase>
    <testcase classname="chrome.136_0_7103_93.windows.Sanity_Tests_US104253" name="Should open Schedule Jobs page" time="35.966">
      <system-out><![CDATA[
COMMAND: POST /session/7da9309f7e88fd38dc1cf6604ce40035/execute/async - {"script":"<script> [1562 bytes]","args":[{"selector":{"controlType":"sap.m.GenericTile","properties":{"header":"Schedule Jobs"}},"wdio_ui5_key":"sapm.GenericTile{\"header\":\"Schedule Jobs\"}"}]}
RESULT: {"script":"<script> [1562 bytes]","args":[{"selector":{"controlType":"sap.m.GenericTile","properties":{"header":"Schedule Jobs"}},"wdio_ui5_key":"sapm.GenericTile{\"header\":\"Schedule Jobs\"}"}]}
RESULT: undefined
COMMAND: POST /session/7da9309f7e88fd38dc1cf6604ce40035/element - {"using":"xpath","value":"//*[@id=\"__tile127\"]"}
RESULT: {"using":"xpath","value":"//*[@id=\"__tile127\"]"}
COMMAND: POST /session/7da9309f7e88fd38dc1cf6604ce40035/element/f.BBFD096D24AC98DA896BC059A3F326CC.d.C617F25205C05CC7C9BFA22EFBE3DCD4.e.5416/click - {}
RESULT: {}
COMMAND: GET /session/7da9309f7e88fd38dc1cf6604ce40035/screenshot - {}
RESULT: {}
COMMAND: POST /session/7da9309f7e88fd38dc1cf6604ce40035/elements - {"using":"xpath","value":"//span[text()='Error']"}
RESULT: {"using":"xpath","value":"//span[text()='Error']"}
RESULT: undefined
COMMAND: POST /session/7da9309f7e88fd38dc1cf6604ce40035/element - {"using":"xpath","value":"//*[@id=\"__tile127\"]"}
RESULT: {"using":"xpath","value":"//*[@id=\"__tile127\"]"}
COMMAND: POST /session/7da9309f7e88fd38dc1cf6604ce40035/element/f.BBFD096D24AC98DA896BC059A3F326CC.d.C617F25205C05CC7C9BFA22EFBE3DCD4.e.5416/click - {}
RESULT: undefined
COMMAND: POST /session/7da9309f7e88fd38dc1cf6604ce40035/element - {"using":"xpath","value":"//*[@id=\"__tile127\"]"}
RESULT: {"using":"xpath","value":"//*[@id=\"__tile127\"]"}
COMMAND: POST /session/7da9309f7e88fd38dc1cf6604ce40035/element/f.BBFD096D24AC98DA896BC059A3F326CC.d.C617F25205C05CC7C9BFA22EFBE3DCD4.e.5416/click - {}
RESULT: undefined
COMMAND: POST /session/7da9309f7e88fd38dc1cf6604ce40035/execute/async - {"script":"<script> [6424 bytes]","args":[{"element-6066-11e4-a52e-4f735466cecf":"f.BBFD096D24AC98DA896BC059A3F326CC.d.C617F25205C05CC7C9BFA22EFBE3DCD4.e.282"},"getTitle",[]]}
COMMAND: POST /session/7da9309f7e88fd38dc1cf6604ce40035/execute/async - {"script":"<script> [1562 bytes]","args":[{"selector":{"id":"shellAppTitle"},"wdio_ui5_key":"shellAppTitle"}]}
RESULT: {"script":"<script> [1562 bytes]","args":[{"selector":{"id":"shellAppTitle"},"wdio_ui5_key":"shellAppTitle"}]}
COMMAND: POST /session/7da9309f7e88fd38dc1cf6604ce40035/execute/async - {"script":"<script> [6424 bytes]","args":[{"element-6066-11e4-a52e-4f735466cecf":"f.BBFD096D24AC98DA896BC059A3F326CC.d.C617F25205C05CC7C9BFA22EFBE3DCD4.e.5461"},"getTitle",[]]}
RESULT: {"script":"<script> [6424 bytes]","args":[{"element-6066-11e4-a52e-4f735466cecf":"f.BBFD096D24AC98DA896BC059A3F326CC.d.C617F25205C05CC7C9BFA22EFBE3DCD4.e.5461"},"getTitle",[]]}
RESULT: undefined
COMMAND: POST /session/7da9309f7e88fd38dc1cf6604ce40035/element/f.BBFD096D24AC98DA896BC059A3F326CC.d.C617F25205C05CC7C9BFA22EFBE3DCD4.e.5413/click - {}
COMMAND: POST /session/7da9309f7e88fd38dc1cf6604ce40035/element/f.BBFD096D24AC98DA896BC059A3F326CC.d.C617F25205C05CC7C9BFA22EFBE3DCD4.e.5413/click - {}
RESULT: {}
COMMAND: GET /session/7da9309f7e88fd38dc1cf6604ce40035/screenshot - {}
COMMAND: POST /session/7da9309f7e88fd38dc1cf6604ce40035/element - {"using":"xpath","value":"//*[@id=\"backBtn\"]"}
RESULT: {}
RESULT: {"using":"xpath","value":"//*[@id=\"backBtn\"]"}
COMMAND: POST /session/7da9309f7e88fd38dc1cf6604ce40035/elements - {"using":"xpath","value":"//*[@id=\"backBtn\"]"}
RESULT: {"using":"xpath","value":"//*[@id=\"backBtn\"]"}
COMMAND: POST /session/7da9309f7e88fd38dc1cf6604ce40035/elements - {"using":"xpath","value":"//*[@id=\"backBtn\"]"}
RESULT: {"using":"xpath","value":"//*[@id=\"backBtn\"]"}
COMMAND: POST /session/7da9309f7e88fd38dc1cf6604ce40035/elements - {"using":"xpath","value":"//*[@id=\"backBtn\"]"}
RESULT: {"using":"xpath","value":"//*[@id=\"backBtn\"]"}
COMMAND: POST /session/7da9309f7e88fd38dc1cf6604ce40035/elements - {"using":"xpath","value":"//*[@id=\"backBtn\"]"}
RESULT: {"using":"xpath","value":"//*[@id=\"backBtn\"]"}
COMMAND: POST /session/7da9309f7e88fd38dc1cf6604ce40035/elements - {"using":"xpath","value":"//*[@id=\"backBtn\"]"}
RESULT: {"using":"xpath","value":"//*[@id=\"backBtn\"]"}
COMMAND: POST /session/7da9309f7e88fd38dc1cf6604ce40035/elements - {"using":"xpath","value":"//*[@id=\"backBtn\"]"}
RESULT: {"using":"xpath","value":"//*[@id=\"backBtn\"]"}
COMMAND: POST /session/7da9309f7e88fd38dc1cf6604ce40035/elements - {"using":"xpath","value":"//*[@id=\"backBtn\"]"}
RESULT: {"using":"xpath","value":"//*[@id=\"backBtn\"]"}
COMMAND: POST /session/7da9309f7e88fd38dc1cf6604ce40035/elements - {"using":"xpath","value":"//*[@id=\"backBtn\"]"}
RESULT: {"using":"xpath","value":"//*[@id=\"backBtn\"]"}
COMMAND: POST /session/7da9309f7e88fd38dc1cf6604ce40035/elements - {"using":"xpath","value":"//*[@id=\"backBtn\"]"}
RESULT: {"using":"xpath","value":"//*[@id=\"backBtn\"]"}
COMMAND: POST /session/7da9309f7e88fd38dc1cf6604ce40035/elements - {"using":"xpath","value":"//*[@id=\"backBtn\"]"}
RESULT: {"using":"xpath","value":"//*[@id=\"backBtn\"]"}
COMMAND: POST /session/7da9309f7e88fd38dc1cf6604ce40035/elements - {"using":"xpath","value":"//*[@id=\"backBtn\"]"}
RESULT: {"using":"xpath","value":"//*[@id=\"backBtn\"]"}
COMMAND: POST /session/7da9309f7e88fd38dc1cf6604ce40035/elements - {"using":"xpath","value":"//*[@id=\"backBtn\"]"}
RESULT: {"using":"xpath","value":"//*[@id=\"backBtn\"]"}
COMMAND: POST /session/7da9309f7e88fd38dc1cf6604ce40035/elements - {"using":"xpath","value":"//*[@id=\"backBtn\"]"}
RESULT: {"using":"xpath","value":"//*[@id=\"backBtn\"]"}
COMMAND: POST /session/7da9309f7e88fd38dc1cf6604ce40035/elements - {"using":"xpath","value":"//*[@id=\"backBtn\"]"}
RESULT: {"using":"xpath","value":"//*[@id=\"backBtn\"]"}
COMMAND: POST /session/7da9309f7e88fd38dc1cf6604ce40035/elements - {"using":"xpath","value":"//*[@id=\"backBtn\"]"}
RESULT: {"using":"xpath","value":"//*[@id=\"backBtn\"]"}
COMMAND: POST /session/7da9309f7e88fd38dc1cf6604ce40035/elements - {"using":"xpath","value":"//*[@id=\"backBtn\"]"}
RESULT: {"using":"xpath","value":"//*[@id=\"backBtn\"]"}
COMMAND: POST /session/7da9309f7e88fd38dc1cf6604ce40035/elements - {"using":"xpath","value":"//*[@id=\"backBtn\"]"}
RESULT: {"using":"xpath","value":"//*[@id=\"backBtn\"]"}
COMMAND: POST /session/7da9309f7e88fd38dc1cf6604ce40035/elements - {"using":"xpath","value":"//*[@id=\"backBtn\"]"}
RESULT: {"using":"xpath","value":"//*[@id=\"backBtn\"]"}
]]></system-out>
    </testcase>
    <testcase classname="chrome.136_0_7103_93.windows.Sanity_Tests_US104253" name="Should open Jobs Setup page" time="36.698">
      <system-out><![CDATA[
COMMAND: POST /session/7da9309f7e88fd38dc1cf6604ce40035/execute/async - {"script":"<script> [1562 bytes]","args":[{"selector":{"controlType":"sap.m.GenericTile","properties":{"header":"Jobs Setup"}},"wdio_ui5_key":"sapm.GenericTile{\"header\":\"Jobs Setup\"}"}]}
COMMAND: POST /session/7da9309f7e88fd38dc1cf6604ce40035/elements - {"using":"xpath","value":"//*[@id=\"backBtn\"]"}
RESULT: {"script":"<script> [1562 bytes]","args":[{"selector":{"controlType":"sap.m.GenericTile","properties":{"header":"Jobs Setup"}},"wdio_ui5_key":"sapm.GenericTile{\"header\":\"Jobs Setup\"}"}]}
RESULT: undefined
COMMAND: POST /session/7da9309f7e88fd38dc1cf6604ce40035/element - {"using":"xpath","value":"//*[@id=\"__tile128\"]"}
RESULT: {"using":"xpath","value":"//*[@id=\"backBtn\"]"}
RESULT: {"using":"xpath","value":"//*[@id=\"__tile128\"]"}
COMMAND: POST /session/7da9309f7e88fd38dc1cf6604ce40035/element/f.BBFD096D24AC98DA896BC059A3F326CC.d.C617F25205C05CC7C9BFA22EFBE3DCD4.e.5463/click - {}
RESULT: {}
COMMAND: GET /session/7da9309f7e88fd38dc1cf6604ce40035/screenshot - {}
RESULT: {}
COMMAND: POST /session/7da9309f7e88fd38dc1cf6604ce40035/elements - {"using":"xpath","value":"//*[@id=\"backBtn\"]"}
RESULT: {"using":"xpath","value":"//*[@id=\"backBtn\"]"}
COMMAND: POST /session/7da9309f7e88fd38dc1cf6604ce40035/elements - {"using":"xpath","value":"//*[@id=\"backBtn\"]"}
RESULT: {"using":"xpath","value":"//*[@id=\"backBtn\"]"}
COMMAND: POST /session/7da9309f7e88fd38dc1cf6604ce40035/element - {"using":"xpath","value":"//*[@id=\"backBtn\"]"}
RESULT: {"using":"xpath","value":"//*[@id=\"backBtn\"]"}
COMMAND: POST /session/7da9309f7e88fd38dc1cf6604ce40035/element/f.BBFD096D24AC98DA896BC059A3F326CC.d.C617F25205C05CC7C9BFA22EFBE3DCD4.e.5413/click - {}
COMMAND: POST /session/7da9309f7e88fd38dc1cf6604ce40035/element - {"using":"xpath","value":"//*[@id=\"backBtn\"]"}
RESULT: {"using":"xpath","value":"//*[@id=\"backBtn\"]"}
COMMAND: POST /session/7da9309f7e88fd38dc1cf6604ce40035/element/f.BBFD096D24AC98DA896BC059A3F326CC.d.C617F25205C05CC7C9BFA22EFBE3DCD4.e.5520/click - {}
RESULT: {}
COMMAND: GET /session/7da9309f7e88fd38dc1cf6604ce40035/screenshot - {}
RESULT: {}
COMMAND: POST /session/7da9309f7e88fd38dc1cf6604ce40035/elements - {"using":"xpath","value":"//span[text()='Error']"}
RESULT: {"using":"xpath","value":"//span[text()='Error']"}
RESULT: undefined
COMMAND: POST /session/7da9309f7e88fd38dc1cf6604ce40035/element - {"using":"xpath","value":"//*[@id=\"__tile128\"]"}
RESULT: {"using":"xpath","value":"//*[@id=\"__tile128\"]"}
COMMAND: POST /session/7da9309f7e88fd38dc1cf6604ce40035/element/f.BBFD096D24AC98DA896BC059A3F326CC.d.C617F25205C05CC7C9BFA22EFBE3DCD4.e.5463/click - {}
RESULT: undefined
COMMAND: POST /session/7da9309f7e88fd38dc1cf6604ce40035/element - {"using":"xpath","value":"//*[@id=\"__tile128\"]"}
RESULT: {"using":"xpath","value":"//*[@id=\"__tile128\"]"}
COMMAND: POST /session/7da9309f7e88fd38dc1cf6604ce40035/element/f.BBFD096D24AC98DA896BC059A3F326CC.d.C617F25205C05CC7C9BFA22EFBE3DCD4.e.5463/click - {}
RESULT: undefined
COMMAND: POST /session/7da9309f7e88fd38dc1cf6604ce40035/execute/async - {"script":"<script> [6424 bytes]","args":[{"element-6066-11e4-a52e-4f735466cecf":"f.BBFD096D24AC98DA896BC059A3F326CC.d.C617F25205C05CC7C9BFA22EFBE3DCD4.e.282"},"getTitle",[]]}
COMMAND: POST /session/7da9309f7e88fd38dc1cf6604ce40035/execute/async - {"script":"<script> [1562 bytes]","args":[{"selector":{"id":"shellAppTitle"},"wdio_ui5_key":"shellAppTitle"}]}
RESULT: {"script":"<script> [1562 bytes]","args":[{"selector":{"id":"shellAppTitle"},"wdio_ui5_key":"shellAppTitle"}]}
COMMAND: POST /session/7da9309f7e88fd38dc1cf6604ce40035/execute/async - {"script":"<script> [6424 bytes]","args":[{"element-6066-11e4-a52e-4f735466cecf":"f.BBFD096D24AC98DA896BC059A3F326CC.d.C617F25205C05CC7C9BFA22EFBE3DCD4.e.5551"},"getTitle",[]]}
RESULT: {"script":"<script> [6424 bytes]","args":[{"element-6066-11e4-a52e-4f735466cecf":"f.BBFD096D24AC98DA896BC059A3F326CC.d.C617F25205C05CC7C9BFA22EFBE3DCD4.e.5551"},"getTitle",[]]}
RESULT: undefined
COMMAND: POST /session/7da9309f7e88fd38dc1cf6604ce40035/element/f.BBFD096D24AC98DA896BC059A3F326CC.d.C617F25205C05CC7C9BFA22EFBE3DCD4.e.5520/click - {}
COMMAND: POST /session/7da9309f7e88fd38dc1cf6604ce40035/element/f.BBFD096D24AC98DA896BC059A3F326CC.d.C617F25205C05CC7C9BFA22EFBE3DCD4.e.5520/click - {}
RESULT: {}
COMMAND: GET /session/7da9309f7e88fd38dc1cf6604ce40035/screenshot - {}
RESULT: {}
COMMAND: GET /session/7da9309f7e88fd38dc1cf6604ce40035/screenshot - {}
RESULT: {}
RESULT: {}
]]></system-out>
    </testcase>
    <testcase classname="chrome.136_0_7103_93.windows.Sanity_Tests_US104253" name="Should open Target Systems Configuration page" time="36.782">
      <system-out><![CDATA[
COMMAND: POST /session/7da9309f7e88fd38dc1cf6604ce40035/execute/async - {"script":"<script> [1562 bytes]","args":[{"selector":{"controlType":"sap.m.GenericTile","properties":{"header":"Target Systems Configuration"}},"wdio_ui5_key":"sapm.GenericTile{\"header\":\"Target Systems Configuration\"}"}]}
RESULT: {"script":"<script> [1562 bytes]","args":[{"selector":{"controlType":"sap.m.GenericTile","properties":{"header":"Target Systems Configuration"}},"wdio_ui5_key":"sapm.GenericTile{\"header\":\"Target Systems Configuration\"}"}]}
RESULT: undefined
COMMAND: POST /session/7da9309f7e88fd38dc1cf6604ce40035/element - {"using":"xpath","value":"//*[@id=\"__tile129\"]"}
RESULT: {"using":"xpath","value":"//*[@id=\"__tile129\"]"}
COMMAND: POST /session/7da9309f7e88fd38dc1cf6604ce40035/element/f.BBFD096D24AC98DA896BC059A3F326CC.d.C617F25205C05CC7C9BFA22EFBE3DCD4.e.5553/click - {}
RESULT: {}
COMMAND: GET /session/7da9309f7e88fd38dc1cf6604ce40035/screenshot - {}
RESULT: {}
COMMAND: POST /session/7da9309f7e88fd38dc1cf6604ce40035/elements - {"using":"xpath","value":"//span[text()='Error']"}
RESULT: {"using":"xpath","value":"//span[text()='Error']"}
RESULT: undefined
COMMAND: POST /session/7da9309f7e88fd38dc1cf6604ce40035/element - {"using":"xpath","value":"//*[@id=\"__tile129\"]"}
RESULT: {"using":"xpath","value":"//*[@id=\"__tile129\"]"}
COMMAND: POST /session/7da9309f7e88fd38dc1cf6604ce40035/element/f.BBFD096D24AC98DA896BC059A3F326CC.d.C617F25205C05CC7C9BFA22EFBE3DCD4.e.5553/click - {}
RESULT: undefined
COMMAND: POST /session/7da9309f7e88fd38dc1cf6604ce40035/element - {"using":"xpath","value":"//*[@id=\"__tile129\"]"}
RESULT: {"using":"xpath","value":"//*[@id=\"__tile129\"]"}
COMMAND: POST /session/7da9309f7e88fd38dc1cf6604ce40035/element/f.BBFD096D24AC98DA896BC059A3F326CC.d.C617F25205C05CC7C9BFA22EFBE3DCD4.e.5553/click - {}
RESULT: undefined
COMMAND: POST /session/7da9309f7e88fd38dc1cf6604ce40035/execute/async - {"script":"<script> [6424 bytes]","args":[{"element-6066-11e4-a52e-4f735466cecf":"f.BBFD096D24AC98DA896BC059A3F326CC.d.C617F25205C05CC7C9BFA22EFBE3DCD4.e.282"},"getTitle",[]]}
COMMAND: POST /session/7da9309f7e88fd38dc1cf6604ce40035/execute/async - {"script":"<script> [1562 bytes]","args":[{"selector":{"id":"shellAppTitle"},"wdio_ui5_key":"shellAppTitle"}]}
RESULT: {"script":"<script> [1562 bytes]","args":[{"selector":{"id":"shellAppTitle"},"wdio_ui5_key":"shellAppTitle"}]}
COMMAND: POST /session/7da9309f7e88fd38dc1cf6604ce40035/execute/async - {"script":"<script> [6424 bytes]","args":[{"element-6066-11e4-a52e-4f735466cecf":"f.BBFD096D24AC98DA896BC059A3F326CC.d.C617F25205C05CC7C9BFA22EFBE3DCD4.e.5604"},"getTitle",[]]}
RESULT: {"script":"<script> [6424 bytes]","args":[{"element-6066-11e4-a52e-4f735466cecf":"f.BBFD096D24AC98DA896BC059A3F326CC.d.C617F25205C05CC7C9BFA22EFBE3DCD4.e.5604"},"getTitle",[]]}
RESULT: undefined
COMMAND: POST /session/7da9309f7e88fd38dc1cf6604ce40035/element/f.BBFD096D24AC98DA896BC059A3F326CC.d.C617F25205C05CC7C9BFA22EFBE3DCD4.e.5520/click - {}
COMMAND: POST /session/7da9309f7e88fd38dc1cf6604ce40035/element/f.BBFD096D24AC98DA896BC059A3F326CC.d.C617F25205C05CC7C9BFA22EFBE3DCD4.e.5520/click - {}
RESULT: {}
COMMAND: GET /session/7da9309f7e88fd38dc1cf6604ce40035/screenshot - {}
COMMAND: POST /session/7da9309f7e88fd38dc1cf6604ce40035/element - {"using":"xpath","value":"//*[@id=\"backBtn\"]"}
RESULT: {}
RESULT: {"using":"xpath","value":"//*[@id=\"backBtn\"]"}
COMMAND: POST /session/7da9309f7e88fd38dc1cf6604ce40035/elements - {"using":"xpath","value":"//*[@id=\"backBtn\"]"}
RESULT: {"using":"xpath","value":"//*[@id=\"backBtn\"]"}
COMMAND: POST /session/7da9309f7e88fd38dc1cf6604ce40035/elements - {"using":"xpath","value":"//*[@id=\"backBtn\"]"}
RESULT: {"using":"xpath","value":"//*[@id=\"backBtn\"]"}
COMMAND: POST /session/7da9309f7e88fd38dc1cf6604ce40035/elements - {"using":"xpath","value":"//*[@id=\"backBtn\"]"}
RESULT: {"using":"xpath","value":"//*[@id=\"backBtn\"]"}
COMMAND: POST /session/7da9309f7e88fd38dc1cf6604ce40035/elements - {"using":"xpath","value":"//*[@id=\"backBtn\"]"}
RESULT: {"using":"xpath","value":"//*[@id=\"backBtn\"]"}
COMMAND: POST /session/7da9309f7e88fd38dc1cf6604ce40035/elements - {"using":"xpath","value":"//*[@id=\"backBtn\"]"}
RESULT: {"using":"xpath","value":"//*[@id=\"backBtn\"]"}
COMMAND: POST /session/7da9309f7e88fd38dc1cf6604ce40035/elements - {"using":"xpath","value":"//*[@id=\"backBtn\"]"}
RESULT: {"using":"xpath","value":"//*[@id=\"backBtn\"]"}
COMMAND: POST /session/7da9309f7e88fd38dc1cf6604ce40035/elements - {"using":"xpath","value":"//*[@id=\"backBtn\"]"}
RESULT: {"using":"xpath","value":"//*[@id=\"backBtn\"]"}
COMMAND: POST /session/7da9309f7e88fd38dc1cf6604ce40035/elements - {"using":"xpath","value":"//*[@id=\"backBtn\"]"}
RESULT: {"using":"xpath","value":"//*[@id=\"backBtn\"]"}
COMMAND: POST /session/7da9309f7e88fd38dc1cf6604ce40035/elements - {"using":"xpath","value":"//*[@id=\"backBtn\"]"}
RESULT: {"using":"xpath","value":"//*[@id=\"backBtn\"]"}
COMMAND: POST /session/7da9309f7e88fd38dc1cf6604ce40035/elements - {"using":"xpath","value":"//*[@id=\"backBtn\"]"}
RESULT: {"using":"xpath","value":"//*[@id=\"backBtn\"]"}
COMMAND: POST /session/7da9309f7e88fd38dc1cf6604ce40035/elements - {"using":"xpath","value":"//*[@id=\"backBtn\"]"}
RESULT: {"using":"xpath","value":"//*[@id=\"backBtn\"]"}
COMMAND: POST /session/7da9309f7e88fd38dc1cf6604ce40035/elements - {"using":"xpath","value":"//*[@id=\"backBtn\"]"}
RESULT: {"using":"xpath","value":"//*[@id=\"backBtn\"]"}
COMMAND: POST /session/7da9309f7e88fd38dc1cf6604ce40035/elements - {"using":"xpath","value":"//*[@id=\"backBtn\"]"}
RESULT: {"using":"xpath","value":"//*[@id=\"backBtn\"]"}
COMMAND: POST /session/7da9309f7e88fd38dc1cf6604ce40035/elements - {"using":"xpath","value":"//*[@id=\"backBtn\"]"}
RESULT: {"using":"xpath","value":"//*[@id=\"backBtn\"]"}
COMMAND: POST /session/7da9309f7e88fd38dc1cf6604ce40035/elements - {"using":"xpath","value":"//*[@id=\"backBtn\"]"}
RESULT: {"using":"xpath","value":"//*[@id=\"backBtn\"]"}
COMMAND: POST /session/7da9309f7e88fd38dc1cf6604ce40035/elements - {"using":"xpath","value":"//*[@id=\"backBtn\"]"}
RESULT: {"using":"xpath","value":"//*[@id=\"backBtn\"]"}
COMMAND: POST /session/7da9309f7e88fd38dc1cf6604ce40035/elements - {"using":"xpath","value":"//*[@id=\"backBtn\"]"}
RESULT: {"using":"xpath","value":"//*[@id=\"backBtn\"]"}
COMMAND: POST /session/7da9309f7e88fd38dc1cf6604ce40035/elements - {"using":"xpath","value":"//*[@id=\"backBtn\"]"}
RESULT: {"using":"xpath","value":"//*[@id=\"backBtn\"]"}
COMMAND: POST /session/7da9309f7e88fd38dc1cf6604ce40035/elements - {"using":"xpath","value":"//*[@id=\"backBtn\"]"}
RESULT: {"using":"xpath","value":"//*[@id=\"backBtn\"]"}
COMMAND: POST /session/7da9309f7e88fd38dc1cf6604ce40035/elements - {"using":"xpath","value":"//*[@id=\"backBtn\"]"}
RESULT: {"using":"xpath","value":"//*[@id=\"backBtn\"]"}
COMMAND: POST /session/7da9309f7e88fd38dc1cf6604ce40035/elements - {"using":"xpath","value":"//*[@id=\"backBtn\"]"}
RESULT: {"using":"xpath","value":"//*[@id=\"backBtn\"]"}
COMMAND: POST /session/7da9309f7e88fd38dc1cf6604ce40035/elements - {"using":"xpath","value":"//*[@id=\"backBtn\"]"}
RESULT: {"using":"xpath","value":"//*[@id=\"backBtn\"]"}
COMMAND: POST /session/7da9309f7e88fd38dc1cf6604ce40035/elements - {"using":"xpath","value":"//*[@id=\"backBtn\"]"}
RESULT: {"using":"xpath","value":"//*[@id=\"backBtn\"]"}
COMMAND: POST /session/7da9309f7e88fd38dc1cf6604ce40035/elements - {"using":"xpath","value":"//*[@id=\"backBtn\"]"}
RESULT: {"using":"xpath","value":"//*[@id=\"backBtn\"]"}
COMMAND: POST /session/7da9309f7e88fd38dc1cf6604ce40035/elements - {"using":"xpath","value":"//*[@id=\"backBtn\"]"}
RESULT: {"using":"xpath","value":"//*[@id=\"backBtn\"]"}
COMMAND: POST /session/7da9309f7e88fd38dc1cf6604ce40035/elements - {"using":"xpath","value":"//*[@id=\"backBtn\"]"}
RESULT: {"using":"xpath","value":"//*[@id=\"backBtn\"]"}
COMMAND: POST /session/7da9309f7e88fd38dc1cf6604ce40035/elements - {"using":"xpath","value":"//*[@id=\"backBtn\"]"}
RESULT: {"using":"xpath","value":"//*[@id=\"backBtn\"]"}
COMMAND: POST /session/7da9309f7e88fd38dc1cf6604ce40035/elements - {"using":"xpath","value":"//*[@id=\"backBtn\"]"}
RESULT: {"using":"xpath","value":"//*[@id=\"backBtn\"]"}
COMMAND: POST /session/7da9309f7e88fd38dc1cf6604ce40035/elements - {"using":"xpath","value":"//*[@id=\"backBtn\"]"}
RESULT: {"using":"xpath","value":"//*[@id=\"backBtn\"]"}
COMMAND: POST /session/7da9309f7e88fd38dc1cf6604ce40035/elements - {"using":"xpath","value":"//*[@id=\"backBtn\"]"}
RESULT: {"using":"xpath","value":"//*[@id=\"backBtn\"]"}
COMMAND: POST /session/7da9309f7e88fd38dc1cf6604ce40035/elements - {"using":"xpath","value":"//*[@id=\"backBtn\"]"}
RESULT: {"using":"xpath","value":"//*[@id=\"backBtn\"]"}
COMMAND: POST /session/7da9309f7e88fd38dc1cf6604ce40035/elements - {"using":"xpath","value":"//*[@id=\"backBtn\"]"}
RESULT: {"using":"xpath","value":"//*[@id=\"backBtn\"]"}
COMMAND: POST /session/7da9309f7e88fd38dc1cf6604ce40035/elements - {"using":"xpath","value":"//*[@id=\"backBtn\"]"}
RESULT: {"using":"xpath","value":"//*[@id=\"backBtn\"]"}
COMMAND: POST /session/7da9309f7e88fd38dc1cf6604ce40035/elements - {"using":"xpath","value":"//*[@id=\"backBtn\"]"}
RESULT: {"using":"xpath","value":"//*[@id=\"backBtn\"]"}
COMMAND: POST /session/7da9309f7e88fd38dc1cf6604ce40035/elements - {"using":"xpath","value":"//*[@id=\"backBtn\"]"}
RESULT: {"using":"xpath","value":"//*[@id=\"backBtn\"]"}
COMMAND: POST /session/7da9309f7e88fd38dc1cf6604ce40035/elements - {"using":"xpath","value":"//*[@id=\"backBtn\"]"}
RESULT: {"using":"xpath","value":"//*[@id=\"backBtn\"]"}
COMMAND: POST /session/7da9309f7e88fd38dc1cf6604ce40035/elements - {"using":"xpath","value":"//*[@id=\"backBtn\"]"}
RESULT: {"using":"xpath","value":"//*[@id=\"backBtn\"]"}
COMMAND: POST /session/7da9309f7e88fd38dc1cf6604ce40035/elements - {"using":"xpath","value":"//*[@id=\"backBtn\"]"}
RESULT: {"using":"xpath","value":"//*[@id=\"backBtn\"]"}
COMMAND: POST /session/7da9309f7e88fd38dc1cf6604ce40035/elements - {"using":"xpath","value":"//*[@id=\"backBtn\"]"}
RESULT: {"using":"xpath","value":"//*[@id=\"backBtn\"]"}
COMMAND: DELETE /session/7da9309f7e88fd38dc1cf6604ce40035 - {}
COMMAND: POST /session/7da9309f7e88fd38dc1cf6604ce40035/elements - {"using":"xpath","value":"//*[@id=\"backBtn\"]"}
RESULT: {}
]]></system-out>
    </testcase>
  </testsuite>
</testsuites>