<?xml version="1.0" encoding="UTF-8"?>
<testsuites tests="21" failures="0" errors="0" skipped="0">
  <testsuite timestamp="2025-05-17T16:58:53" time="407.767" tests="3" failures="0" errors="0" skipped="0">
    <properties>
      <property name="specId" value="0" />
      <property name="suiteName" value="Create condition pricing US117289 US134625" />
      <property name="capabilities" value="chrome.136_0_7103_93.windows" />
      <property name="file" value="file:///D:/a/1/s/test/specs/BTS/create-condition-pricing.spec.js" />
    </properties>
    <testcase classname="chrome.136_0_7103_93.windows.Create_condition_pricing_US117289_US134625" name="Should create a new yard used for all following tests" time="138.009">
      <system-out><![CDATA[
COMMAND: POST /session/6773c96d6a7511f796a85c459a165c74/window/fullscreen - {}
RESULT: {}
COMMAND: POST /session/6773c96d6a7511f796a85c459a165c74/execute/async - {"script":"<script> [1562 bytes]","args":[{"selector":{"controlType":"sap.m.GenericTile","properties":{"header":"Manage Yards"}},"wdio_ui5_key":"sapm.GenericTile{\"header\":\"Manage Yards\"}"}]}
RESULT: {"script":"<script> [1562 bytes]","args":[{"selector":{"controlType":"sap.m.GenericTile","properties":{"header":"Manage Yards"}},"wdio_ui5_key":"sapm.GenericTile{\"header\":\"Manage Yards\"}"}]}
RESULT: undefined
COMMAND: POST /session/6773c96d6a7511f796a85c459a165c74/element - {"using":"xpath","value":"//*[@id=\"__tile41\"]"}
RESULT: {"using":"xpath","value":"//*[@id=\"__tile41\"]"}
COMMAND: POST /session/6773c96d6a7511f796a85c459a165c74/element/f.29D878CEA50B72482771CEDAC8A54377.d.FF5B051F9E1B3A66C4F212E4586B068A.e.168/click - {}
RESULT: {}
COMMAND: GET /session/6773c96d6a7511f796a85c459a165c74/screenshot - {}
RESULT: {}
COMMAND: POST /session/6773c96d6a7511f796a85c459a165c74/elements - {"using":"xpath","value":"//span[text()='Error']"}
RESULT: {"using":"xpath","value":"//span[text()='Error']"}
COMMAND: POST /session/6773c96d6a7511f796a85c459a165c74/element - {"using":"xpath","value":"//button[@data-kt=\"addNewYardOverflowToolbarButton\"]"}
RESULT: {"using":"xpath","value":"//button[@data-kt=\"addNewYardOverflowToolbarButton\"]"}
COMMAND: POST /session/6773c96d6a7511f796a85c459a165c74/elements - {"using":"xpath","value":"//button[@data-kt=\"addNewYardOverflowToolbarButton\"]"}
RESULT: {"using":"xpath","value":"//button[@data-kt=\"addNewYardOverflowToolbarButton\"]"}
COMMAND: POST /session/6773c96d6a7511f796a85c459a165c74/elements - {"using":"xpath","value":"//button[@data-kt=\"addNewYardOverflowToolbarButton\"]"}
RESULT: {"using":"xpath","value":"//button[@data-kt=\"addNewYardOverflowToolbarButton\"]"}
COMMAND: POST /session/6773c96d6a7511f796a85c459a165c74/elements - {"using":"xpath","value":"//button[@data-kt=\"addNewYardOverflowToolbarButton\"]"}
RESULT: {"using":"xpath","value":"//button[@data-kt=\"addNewYardOverflowToolbarButton\"]"}
COMMAND: POST /session/6773c96d6a7511f796a85c459a165c74/elements - {"using":"xpath","value":"//button[@data-kt=\"addNewYardOverflowToolbarButton\"]"}
RESULT: {"using":"xpath","value":"//button[@data-kt=\"addNewYardOverflowToolbarButton\"]"}
COMMAND: POST /session/6773c96d6a7511f796a85c459a165c74/elements - {"using":"xpath","value":"//button[@data-kt=\"addNewYardOverflowToolbarButton\"]"}
RESULT: {"using":"xpath","value":"//button[@data-kt=\"addNewYardOverflowToolbarButton\"]"}
COMMAND: POST /session/6773c96d6a7511f796a85c459a165c74/elements - {"using":"xpath","value":"//button[@data-kt=\"addNewYardOverflowToolbarButton\"]"}
RESULT: {"using":"xpath","value":"//button[@data-kt=\"addNewYardOverflowToolbarButton\"]"}
COMMAND: POST /session/6773c96d6a7511f796a85c459a165c74/elements - {"using":"xpath","value":"//button[@data-kt=\"addNewYardOverflowToolbarButton\"]"}
RESULT: {"using":"xpath","value":"//button[@data-kt=\"addNewYardOverflowToolbarButton\"]"}
COMMAND: POST /session/6773c96d6a7511f796a85c459a165c74/elements - {"using":"xpath","value":"//button[@data-kt=\"addNewYardOverflowToolbarButton\"]"}
RESULT: {"using":"xpath","value":"//button[@data-kt=\"addNewYardOverflowToolbarButton\"]"}
COMMAND: POST /session/6773c96d6a7511f796a85c459a165c74/elements - {"using":"xpath","value":"//button[@data-kt=\"addNewYardOverflowToolbarButton\"]"}
RESULT: {"using":"xpath","value":"//button[@data-kt=\"addNewYardOverflowToolbarButton\"]"}
COMMAND: POST /session/6773c96d6a7511f796a85c459a165c74/elements - {"using":"xpath","value":"//button[@data-kt=\"addNewYardOverflowToolbarButton\"]"}
RESULT: {"using":"xpath","value":"//button[@data-kt=\"addNewYardOverflowToolbarButton\"]"}
COMMAND: POST /session/6773c96d6a7511f796a85c459a165c74/elements - {"using":"xpath","value":"//button[@data-kt=\"addNewYardOverflowToolbarButton\"]"}
RESULT: {"using":"xpath","value":"//button[@data-kt=\"addNewYardOverflowToolbarButton\"]"}
COMMAND: POST /session/6773c96d6a7511f796a85c459a165c74/elements - {"using":"xpath","value":"//button[@data-kt=\"addNewYardOverflowToolbarButton\"]"}
RESULT: {"using":"xpath","value":"//button[@data-kt=\"addNewYardOverflowToolbarButton\"]"}
COMMAND: POST /session/6773c96d6a7511f796a85c459a165c74/elements - {"using":"xpath","value":"//button[@data-kt=\"addNewYardOverflowToolbarButton\"]"}
RESULT: {"using":"xpath","value":"//button[@data-kt=\"addNewYardOverflowToolbarButton\"]"}
COMMAND: POST /session/6773c96d6a7511f796a85c459a165c74/elements - {"using":"xpath","value":"//button[@data-kt=\"addNewYardOverflowToolbarButton\"]"}
RESULT: {"using":"xpath","value":"//button[@data-kt=\"addNewYardOverflowToolbarButton\"]"}
COMMAND: POST /session/6773c96d6a7511f796a85c459a165c74/elements - {"using":"xpath","value":"//button[@data-kt=\"addNewYardOverflowToolbarButton\"]"}
RESULT: {"using":"xpath","value":"//button[@data-kt=\"addNewYardOverflowToolbarButton\"]"}
COMMAND: POST /session/6773c96d6a7511f796a85c459a165c74/element - {"using":"xpath","value":"//button[@data-kt=\"addNewYardOverflowToolbarButton\"]"}
RESULT: {"using":"xpath","value":"//button[@data-kt=\"addNewYardOverflowToolbarButton\"]"}
COMMAND: POST /session/6773c96d6a7511f796a85c459a165c74/execute/sync - {"script":"<script> [8489 bytes]","args":[{"element-6066-11e4-a52e-4f735466cecf":"f.29D878CEA50B72482771CEDAC8A54377.d.FF5B051F9E1B3A66C4F212E4586B068A.e.291","ELEMENT":"f.29D878CEA50B72482771CEDAC8A54377.d.FF5B051F9E1B3A66C4F212E4586B068A.e.291"}]}
RESULT: {"script":"<script> [8489 bytes]","args":[{"element-6066-11e4-a52e-4f735466cecf":"f.29D878CEA50B72482771CEDAC8A54377.d.FF5B051F9E1B3A66C4F212E4586B068A.e.291","ELEMENT":"f.29D878CEA50B72482771CEDAC8A54377.d.FF5B051F9E1B3A66C4F212E4586B068A.e.291"}]}
COMMAND: GET /session/6773c96d6a7511f796a85c459a165c74/element/f.29D878CEA50B72482771CEDAC8A54377.d.FF5B051F9E1B3A66C4F212E4586B068A.e.291/enabled - {}
COMMAND: GET /session/6773c96d6a7511f796a85c459a165c74/screenshot - {}
RESULT: {}
COMMAND: POST /session/6773c96d6a7511f796a85c459a165c74/execute/sync - {"script":"<script> [8489 bytes]","args":[{"element-6066-11e4-a52e-4f735466cecf":"f.29D878CEA50B72482771CEDAC8A54377.d.FF5B051F9E1B3A66C4F212E4586B068A.e.291","ELEMENT":"f.29D878CEA50B72482771CEDAC8A54377.d.FF5B051F9E1B3A66C4F212E4586B068A.e.291"}]}
COMMAND: GET /session/6773c96d6a7511f796a85c459a165c74/screenshot - {}
RESULT: {}
RESULT: {"script":"<script> [8489 bytes]","args":[{"element-6066-11e4-a52e-4f735466cecf":"f.29D878CEA50B72482771CEDAC8A54377.d.FF5B051F9E1B3A66C4F212E4586B068A.e.291","ELEMENT":"f.29D878CEA50B72482771CEDAC8A54377.d.FF5B051F9E1B3A66C4F212E4586B068A.e.291"}]}
COMMAND: POST /session/6773c96d6a7511f796a85c459a165c74/execute/sync - {"script":"<script> [5351 bytes]","args":[{"element-6066-11e4-a52e-4f735466cecf":"f.29D878CEA50B72482771CEDAC8A54377.d.FF5B051F9E1B3A66C4F212E4586B068A.e.291","ELEMENT":"f.29D878CEA50B72482771CEDAC8A54377.d.FF5B051F9E1B3A66C4F212E4586B068A.e.291"}]}
COMMAND: GET /session/6773c96d6a7511f796a85c459a165c74/screenshot - {}
RESULT: {}
RESULT: {"script":"<script> [5351 bytes]","args":[{"element-6066-11e4-a52e-4f735466cecf":"f.29D878CEA50B72482771CEDAC8A54377.d.FF5B051F9E1B3A66C4F212E4586B068A.e.291","ELEMENT":"f.29D878CEA50B72482771CEDAC8A54377.d.FF5B051F9E1B3A66C4F212E4586B068A.e.291"}]}
COMMAND: POST /session/6773c96d6a7511f796a85c459a165c74/element/f.29D878CEA50B72482771CEDAC8A54377.d.FF5B051F9E1B3A66C4F212E4586B068A.e.291/click - {}
COMMAND: GET /session/6773c96d6a7511f796a85c459a165c74/screenshot - {}
RESULT: {}
RESULT: {}
COMMAND: GET /session/6773c96d6a7511f796a85c459a165c74/screenshot - {}
RESULT: {}
RESULT: {}
COMMAND: POST /session/6773c96d6a7511f796a85c459a165c74/element - {"using":"xpath","value":"//input[@id=\"application-manageyards-display-component---NewYard--yardId-inner\"]"}
RESULT: {"using":"xpath","value":"//input[@id=\"application-manageyards-display-component---NewYard--yardId-inner\"]"}
COMMAND: POST /session/6773c96d6a7511f796a85c459a165c74/element - {"using":"xpath","value":"//input[@id=\"application-manageyards-display-component---NewYard--yardId-inner\"]"}
RESULT: {"using":"xpath","value":"//input[@id=\"application-manageyards-display-component---NewYard--yardId-inner\"]"}
COMMAND: POST /session/6773c96d6a7511f796a85c459a165c74/execute/async - {"script":"<script> [1562 bytes]","args":[{"selector":{"id":"application-manageyards-display-component---NewYard--addressDetailDetailsName1","interaction":{"idSuffix":"inner"}},"wdio_ui5_key":"applicationmanageyards-display-component---NewYard--addressDetailDetailsName1"}]}
RESULT: {"script":"<script> [1562 bytes]","args":[{"selector":{"id":"application-manageyards-display-component---NewYard--addressDetailDetailsName1","interaction":{"idSuffix":"inner"}},"wdio_ui5_key":"applicationmanageyards-display-component---NewYard--addressDetailDetailsName1"}]}
RESULT: undefined
COMMAND: POST /session/6773c96d6a7511f796a85c459a165c74/execute/async - {"script":"<script> [776 bytes]","args":[{"enterText":"DailyPrice WDIO","selector":{"id":"application-manageyards-display-component---NewYard--addressDetailDetailsName1","interaction":{"idSuffix":"inner"}},"clearTextFirst":true,"interactionType":"ENTER_TEXT"}]}
RESULT: {"script":"<script> [776 bytes]","args":[{"enterText":"DailyPrice WDIO","selector":{"id":"application-manageyards-display-component---NewYard--addressDetailDetailsName1","interaction":{"idSuffix":"inner"}},"clearTextFirst":true,"interactionType":"ENTER_TEXT"}]}
COMMAND: POST /session/6773c96d6a7511f796a85c459a165c74/execute/async - {"script":"<script> [1562 bytes]","args":[{"selector":{"id":"application-manageyards-display-component---NewYard--addressDetailDetailsLanguage-arrow"},"wdio_ui5_key":"applicationmanageyards-display-component---NewYard--addressDetailDetailsLanguage-arrow"}]}
RESULT: {"script":"<script> [1562 bytes]","args":[{"selector":{"id":"application-manageyards-display-component---NewYard--addressDetailDetailsLanguage-arrow"},"wdio_ui5_key":"applicationmanageyards-display-component---NewYard--addressDetailDetailsLanguage-arrow"}]}
RESULT: undefined
COMMAND: POST /session/6773c96d6a7511f796a85c459a165c74/element - {"using":"xpath","value":"//*[@id=\"application-manageyards-display-component---NewYard--addressDetailDetailsLanguage-arrow\"]"}
RESULT: {"using":"xpath","value":"//*[@id=\"application-manageyards-display-component---NewYard--addressDetailDetailsLanguage-arrow\"]"}
COMMAND: POST /session/6773c96d6a7511f796a85c459a165c74/element/f.29D878CEA50B72482771CEDAC8A54377.d.FF5B051F9E1B3A66C4F212E4586B068A.e.739/click - {}
RESULT: {}
COMMAND: POST /session/6773c96d6a7511f796a85c459a165c74/element - {"using":"xpath","value":"//span[contains(text(), \"English\")]"}
COMMAND: GET /session/6773c96d6a7511f796a85c459a165c74/screenshot - {}
RESULT: {"using":"xpath","value":"//span[contains(text(), \"English\")]"}
COMMAND: POST /session/6773c96d6a7511f796a85c459a165c74/element/f.29D878CEA50B72482771CEDAC8A54377.d.FF5B051F9E1B3A66C4F212E4586B068A.e.740/click - {}
RESULT: {}
RESULT: {}
COMMAND: POST /session/6773c96d6a7511f796a85c459a165c74/execute/async - {"script":"<script> [1562 bytes]","args":[{"selector":{"id":"application-manageyards-display-component---NewYard--addressDetailDetailsCity1","interaction":{"idSuffix":"inner"}},"wdio_ui5_key":"applicationmanageyards-display-component---NewYard--addressDetailDetailsCity1"}]}
COMMAND: GET /session/6773c96d6a7511f796a85c459a165c74/screenshot - {}
RESULT: {"script":"<script> [1562 bytes]","args":[{"selector":{"id":"application-manageyards-display-component---NewYard--addressDetailDetailsCity1","interaction":{"idSuffix":"inner"}},"wdio_ui5_key":"applicationmanageyards-display-component---NewYard--addressDetailDetailsCity1"}]}
RESULT: undefined
COMMAND: POST /session/6773c96d6a7511f796a85c459a165c74/execute/async - {"script":"<script> [776 bytes]","args":[{"enterText":"Rosario","selector":{"id":"application-manageyards-display-component---NewYard--addressDetailDetailsCity1","interaction":{"idSuffix":"inner"}},"clearTextFirst":true,"interactionType":"ENTER_TEXT"}]}
RESULT: {}
RESULT: {"script":"<script> [776 bytes]","args":[{"enterText":"Rosario","selector":{"id":"application-manageyards-display-component---NewYard--addressDetailDetailsCity1","interaction":{"idSuffix":"inner"}},"clearTextFirst":true,"interactionType":"ENTER_TEXT"}]}
COMMAND: POST /session/6773c96d6a7511f796a85c459a165c74/execute/async - {"script":"<script> [1562 bytes]","args":[{"selector":{"id":"application-manageyards-display-component---NewYard--addressDetailDetailsCountry-arrow"},"wdio_ui5_key":"applicationmanageyards-display-component---NewYard--addressDetailDetailsCountry-arrow"}]}
RESULT: {"script":"<script> [1562 bytes]","args":[{"selector":{"id":"application-manageyards-display-component---NewYard--addressDetailDetailsCountry-arrow"},"wdio_ui5_key":"applicationmanageyards-display-component---NewYard--addressDetailDetailsCountry-arrow"}]}
RESULT: undefined
COMMAND: POST /session/6773c96d6a7511f796a85c459a165c74/element - {"using":"xpath","value":"//*[@id=\"application-manageyards-display-component---NewYard--addressDetailDetailsCountry-arrow\"]"}
RESULT: {"using":"xpath","value":"//*[@id=\"application-manageyards-display-component---NewYard--addressDetailDetailsCountry-arrow\"]"}
COMMAND: POST /session/6773c96d6a7511f796a85c459a165c74/element/f.29D878CEA50B72482771CEDAC8A54377.d.FF5B051F9E1B3A66C4F212E4586B068A.e.742/click - {}
RESULT: {}
COMMAND: POST /session/6773c96d6a7511f796a85c459a165c74/element - {"using":"xpath","value":"//span[contains(text(), \"Argentina\")]"}
COMMAND: GET /session/6773c96d6a7511f796a85c459a165c74/screenshot - {}
RESULT: {"using":"xpath","value":"//span[contains(text(), \"Argentina\")]"}
COMMAND: POST /session/6773c96d6a7511f796a85c459a165c74/element/f.29D878CEA50B72482771CEDAC8A54377.d.FF5B051F9E1B3A66C4F212E4586B068A.e.743/click - {}
RESULT: {}
RESULT: {}
COMMAND: POST /session/6773c96d6a7511f796a85c459a165c74/execute/async - {"script":"<script> [1562 bytes]","args":[{"selector":{"id":"application-manageyards-display-component---NewYard--addressEditDetailsCostObjectCstType-arrow"},"wdio_ui5_key":"applicationmanageyards-display-component---NewYard--addressEditDetailsCostObjectCstType-arrow"}]}
COMMAND: GET /session/6773c96d6a7511f796a85c459a165c74/screenshot - {}
RESULT: {"script":"<script> [1562 bytes]","args":[{"selector":{"id":"application-manageyards-display-component---NewYard--addressEditDetailsCostObjectCstType-arrow"},"wdio_ui5_key":"applicationmanageyards-display-component---NewYard--addressEditDetailsCostObjectCstType-arrow"}]}
RESULT: undefined
COMMAND: POST /session/6773c96d6a7511f796a85c459a165c74/element - {"using":"xpath","value":"//*[@id=\"application-manageyards-display-component---NewYard--addressEditDetailsCostObjectCstType-arrow\"]"}
RESULT: {}
RESULT: {"using":"xpath","value":"//*[@id=\"application-manageyards-display-component---NewYard--addressEditDetailsCostObjectCstType-arrow\"]"}
COMMAND: POST /session/6773c96d6a7511f796a85c459a165c74/element/f.29D878CEA50B72482771CEDAC8A54377.d.FF5B051F9E1B3A66C4F212E4586B068A.e.745/click - {}
RESULT: {}
COMMAND: POST /session/6773c96d6a7511f796a85c459a165c74/element - {"using":"xpath","value":"//span[contains(text(), \"Cost Center\")]"}
COMMAND: GET /session/6773c96d6a7511f796a85c459a165c74/screenshot - {}
RESULT: {"using":"xpath","value":"//span[contains(text(), \"Cost Center\")]"}
COMMAND: POST /session/6773c96d6a7511f796a85c459a165c74/element/f.29D878CEA50B72482771CEDAC8A54377.d.FF5B051F9E1B3A66C4F212E4586B068A.e.746/click - {}
RESULT: {}
RESULT: {}
COMMAND: GET /session/6773c96d6a7511f796a85c459a165c74/screenshot - {}
RESULT: {}
COMMAND: POST /session/6773c96d6a7511f796a85c459a165c74/element - {"using":"xpath","value":"//span[@id=\"application-manageyards-display-component---NewYard--addressNewCostObjectCstID-vhi\"]"}
RESULT: {"using":"xpath","value":"//span[@id=\"application-manageyards-display-component---NewYard--addressNewCostObjectCstID-vhi\"]"}
COMMAND: POST /session/6773c96d6a7511f796a85c459a165c74/execute/sync - {"script":"<script> [8489 bytes]","args":[{"element-6066-11e4-a52e-4f735466cecf":"f.29D878CEA50B72482771CEDAC8A54377.d.FF5B051F9E1B3A66C4F212E4586B068A.e.750","ELEMENT":"f.29D878CEA50B72482771CEDAC8A54377.d.FF5B051F9E1B3A66C4F212E4586B068A.e.750"}]}
RESULT: {"script":"<script> [8489 bytes]","args":[{"element-6066-11e4-a52e-4f735466cecf":"f.29D878CEA50B72482771CEDAC8A54377.d.FF5B051F9E1B3A66C4F212E4586B068A.e.750","ELEMENT":"f.29D878CEA50B72482771CEDAC8A54377.d.FF5B051F9E1B3A66C4F212E4586B068A.e.750"}]}
COMMAND: POST /session/6773c96d6a7511f796a85c459a165c74/execute/async - {"script":"<script> [1562 bytes]","args":[{"selector":{"id":"application-manageyards-display-component---NewYard--addressNewCostObjectCstID-vhi"},"wdio_ui5_key":"applicationmanageyards-display-component---NewYard--addressNewCostObjectCstID-vhi"}]}
COMMAND: GET /session/6773c96d6a7511f796a85c459a165c74/screenshot - {}
RESULT: {"script":"<script> [1562 bytes]","args":[{"selector":{"id":"application-manageyards-display-component---NewYard--addressNewCostObjectCstID-vhi"},"wdio_ui5_key":"applicationmanageyards-display-component---NewYard--addressNewCostObjectCstID-vhi"}]}
RESULT: undefined
COMMAND: POST /session/6773c96d6a7511f796a85c459a165c74/element - {"using":"xpath","value":"//*[@id=\"application-manageyards-display-component---NewYard--addressNewCostObjectCstID-vhi\"]"}
RESULT: {}
RESULT: {"using":"xpath","value":"//*[@id=\"application-manageyards-display-component---NewYard--addressNewCostObjectCstID-vhi\"]"}
COMMAND: POST /session/6773c96d6a7511f796a85c459a165c74/element/f.29D878CEA50B72482771CEDAC8A54377.d.FF5B051F9E1B3A66C4F212E4586B068A.e.750/click - {}
RESULT: {}
COMMAND: GET /session/6773c96d6a7511f796a85c459a165c74/screenshot - {}
RESULT: {}
COMMAND: POST /session/6773c96d6a7511f796a85c459a165c74/execute/async - {"script":"<script> [1562 bytes]","args":[{"selector":{"controlType":"sap.m.SearchField","properties":{"placeholder":"Search"},"searchOpenDialogs":true,"interaction":{"idSuffix":"I"}},"wdio_ui5_key":"sapm.SearchField{\"placeholder\":\"Search\"}"}]}
RESULT: {"script":"<script> [1562 bytes]","args":[{"selector":{"controlType":"sap.m.SearchField","properties":{"placeholder":"Search"},"searchOpenDialogs":true,"interaction":{"idSuffix":"I"}},"wdio_ui5_key":"sapm.SearchField{\"placeholder\":\"Search\"}"}]}
RESULT: undefined
COMMAND: POST /session/6773c96d6a7511f796a85c459a165c74/execute/async - {"script":"<script> [776 bytes]","args":[{"enterText":"bauh_b","selector":{"controlType":"sap.m.SearchField","properties":{"placeholder":"Search"},"searchOpenDialogs":true,"interaction":{"idSuffix":"I"}},"clearTextFirst":true,"interactionType":"ENTER_TEXT"}]}
RESULT: {"script":"<script> [776 bytes]","args":[{"enterText":"bauh_b","selector":{"controlType":"sap.m.SearchField","properties":{"placeholder":"Search"},"searchOpenDialogs":true,"interaction":{"idSuffix":"I"}},"clearTextFirst":true,"interactionType":"ENTER_TEXT"}]}
COMMAND: POST /session/6773c96d6a7511f796a85c459a165c74/actions - {"actions":[{"id":"action1","type":"key","parameters":{},"actions":[{"type":"keyDown","value":"î€‡"},{"type":"pause","duration":10},{"type":"keyUp","value":"î€‡"}]}]}
RESULT: {"actions":[{"id":"action1","type":"key","parameters":{},"actions":[{"type":"keyDown","value":"î€‡"},{"type":"pause","duration":10},{"type":"keyUp","value":"î€‡"}]}]}
COMMAND: GET /session/6773c96d6a7511f796a85c459a165c74/screenshot - {}
RESULT: {}
COMMAND: POST /session/6773c96d6a7511f796a85c459a165c74/element - {"using":"xpath","value":"//span[contains(text(), \"Demo Yard\")]"}
RESULT: {"using":"xpath","value":"//span[contains(text(), \"Demo Yard\")]"}
COMMAND: POST /session/6773c96d6a7511f796a85c459a165c74/element/f.29D878CEA50B72482771CEDAC8A54377.d.FF5B051F9E1B3A66C4F212E4586B068A.e.791/click - {}
RESULT: {}
COMMAND: GET /session/6773c96d6a7511f796a85c459a165c74/screenshot - {}
RESULT: {}
COMMAND: POST /session/6773c96d6a7511f796a85c459a165c74/element - {"using":"xpath","value":"//bdi[contains(text(), \"OK\")]"}
RESULT: {"using":"xpath","value":"//bdi[contains(text(), \"OK\")]"}
COMMAND: POST /session/6773c96d6a7511f796a85c459a165c74/element/f.29D878CEA50B72482771CEDAC8A54377.d.FF5B051F9E1B3A66C4F212E4586B068A.e.792/click - {}
RESULT: {}
COMMAND: GET /session/6773c96d6a7511f796a85c459a165c74/screenshot - {}
RESULT: {}
COMMAND: POST /session/6773c96d6a7511f796a85c459a165c74/execute/async - {"script":"<script> [1562 bytes]","args":[{"selector":{"id":"application-manageyards-display-component---NewYard--addressEditDetailsCurrency-arrow"},"wdio_ui5_key":"applicationmanageyards-display-component---NewYard--addressEditDetailsCurrency-arrow"}]}
RESULT: {"script":"<script> [1562 bytes]","args":[{"selector":{"id":"application-manageyards-display-component---NewYard--addressEditDetailsCurrency-arrow"},"wdio_ui5_key":"applicationmanageyards-display-component---NewYard--addressEditDetailsCurrency-arrow"}]}
RESULT: undefined
COMMAND: POST /session/6773c96d6a7511f796a85c459a165c74/element - {"using":"xpath","value":"//*[@id=\"application-manageyards-display-component---NewYard--addressEditDetailsCurrency-arrow\"]"}
RESULT: {"using":"xpath","value":"//*[@id=\"application-manageyards-display-component---NewYard--addressEditDetailsCurrency-arrow\"]"}
COMMAND: POST /session/6773c96d6a7511f796a85c459a165c74/element/f.29D878CEA50B72482771CEDAC8A54377.d.FF5B051F9E1B3A66C4F212E4586B068A.e.795/click - {}
RESULT: {}
COMMAND: POST /session/6773c96d6a7511f796a85c459a165c74/element - {"using":"xpath","value":"//span[contains(text(), \"Euro\")]"}
COMMAND: GET /session/6773c96d6a7511f796a85c459a165c74/screenshot - {}
RESULT: {"using":"xpath","value":"//span[contains(text(), \"Euro\")]"}
COMMAND: POST /session/6773c96d6a7511f796a85c459a165c74/element/f.29D878CEA50B72482771CEDAC8A54377.d.FF5B051F9E1B3A66C4F212E4586B068A.e.796/click - {}
RESULT: {}
RESULT: {}
COMMAND: POST /session/6773c96d6a7511f796a85c459a165c74/execute/async - {"script":"<script> [1562 bytes]","args":[{"selector":{"controlType":"sap.m.Input","viewName":"etm.portal.ui.manageyards.view.New","viewId":"application-manageyards-display-component---NewYard","bindingPath":{"path":"","propertyPath":"/CONTROLLING_AREA","modelName":"NewYardModel"},"interaction":{"idSuffix":"inner"}},"wdio_ui5_key":"etmportal.ui.manageyards.view.Newsap.m.Input{\"path\":\"\",\"propertyPath\":\"/CONTROLLING_AREA\",\"modelName\":\"NewYardModel\"}"}]}
COMMAND: GET /session/6773c96d6a7511f796a85c459a165c74/screenshot - {}
RESULT: {"script":"<script> [1562 bytes]","args":[{"selector":{"controlType":"sap.m.Input","viewName":"etm.portal.ui.manageyards.view.New","viewId":"application-manageyards-display-component---NewYard","bindingPath":{"path":"","propertyPath":"/CONTROLLING_AREA","modelName":"NewYardModel"},"interaction":{"idSuffix":"inner"}},"wdio_ui5_key":"etmportal.ui.manageyards.view.Newsap.m.Input{\"path\":\"\",\"propertyPath\":\"/CONTROLLING_AREA\",\"modelName\":\"NewYardModel\"}"}]}
RESULT: undefined
COMMAND: POST /session/6773c96d6a7511f796a85c459a165c74/execute/async - {"script":"<script> [776 bytes]","args":[{"enterText":"Z001","selector":{"controlType":"sap.m.Input","viewName":"etm.portal.ui.manageyards.view.New","viewId":"application-manageyards-display-component---NewYard","bindingPath":{"path":"","propertyPath":"/CONTROLLING_AREA","modelName":"NewYardModel"},"interaction":{"idSuffix":"inner"}},"clearTextFirst":true,"interactionType":"ENTER_TEXT"}]}
RESULT: {}
RESULT: {"script":"<script> [776 bytes]","args":[{"enterText":"Z001","selector":{"controlType":"sap.m.Input","viewName":"etm.portal.ui.manageyards.view.New","viewId":"application-manageyards-display-component---NewYard","bindingPath":{"path":"","propertyPath":"/CONTROLLING_AREA","modelName":"NewYardModel"},"interaction":{"idSuffix":"inner"}},"clearTextFirst":true,"interactionType":"ENTER_TEXT"}]}
COMMAND: POST /session/6773c96d6a7511f796a85c459a165c74/execute/async - {"script":"<script> [1562 bytes]","args":[{"selector":{"id":"application-manageyards-display-component---NewYard--companyCodeComboBox","interaction":{"idSuffix":"inner"}},"wdio_ui5_key":"applicationmanageyards-display-component---NewYard--companyCodeComboBox"}]}
RESULT: {"script":"<script> [1562 bytes]","args":[{"selector":{"id":"application-manageyards-display-component---NewYard--companyCodeComboBox","interaction":{"idSuffix":"inner"}},"wdio_ui5_key":"applicationmanageyards-display-component---NewYard--companyCodeComboBox"}]}
RESULT: undefined
COMMAND: POST /session/6773c96d6a7511f796a85c459a165c74/execute/async - {"script":"<script> [776 bytes]","args":[{"enterText":"1000","selector":{"id":"application-manageyards-display-component---NewYard--companyCodeComboBox","interaction":{"idSuffix":"inner"}},"clearTextFirst":true,"interactionType":"ENTER_TEXT"}]}
RESULT: {"script":"<script> [776 bytes]","args":[{"enterText":"1000","selector":{"id":"application-manageyards-display-component---NewYard--companyCodeComboBox","interaction":{"idSuffix":"inner"}},"clearTextFirst":true,"interactionType":"ENTER_TEXT"}]}
COMMAND: POST /session/6773c96d6a7511f796a85c459a165c74/execute/async - {"script":"<script> [1562 bytes]","args":[{"selector":{"controlType":"sap.m.Input","viewName":"etm.portal.ui.manageyards.view.New","viewId":"application-manageyards-display-component---NewYard","bindingPath":{"path":"","propertyPath":"/PLANT","modelName":"NewYardModel"},"interaction":{"idSuffix":"inner"}},"wdio_ui5_key":"etmportal.ui.manageyards.view.Newsap.m.Input{\"path\":\"\",\"propertyPath\":\"/PLANT\",\"modelName\":\"NewYardModel\"}"}]}
RESULT: {"script":"<script> [1562 bytes]","args":[{"selector":{"controlType":"sap.m.Input","viewName":"etm.portal.ui.manageyards.view.New","viewId":"application-manageyards-display-component---NewYard","bindingPath":{"path":"","propertyPath":"/PLANT","modelName":"NewYardModel"},"interaction":{"idSuffix":"inner"}},"wdio_ui5_key":"etmportal.ui.manageyards.view.Newsap.m.Input{\"path\":\"\",\"propertyPath\":\"/PLANT\",\"modelName\":\"NewYardModel\"}"}]}
RESULT: undefined
COMMAND: POST /session/6773c96d6a7511f796a85c459a165c74/execute/async - {"script":"<script> [776 bytes]","args":[{"enterText":"1001","selector":{"controlType":"sap.m.Input","viewName":"etm.portal.ui.manageyards.view.New","viewId":"application-manageyards-display-component---NewYard","bindingPath":{"path":"","propertyPath":"/PLANT","modelName":"NewYardModel"},"interaction":{"idSuffix":"inner"}},"clearTextFirst":true,"interactionType":"ENTER_TEXT"}]}
RESULT: {"script":"<script> [776 bytes]","args":[{"enterText":"1001","selector":{"controlType":"sap.m.Input","viewName":"etm.portal.ui.manageyards.view.New","viewId":"application-manageyards-display-component---NewYard","bindingPath":{"path":"","propertyPath":"/PLANT","modelName":"NewYardModel"},"interaction":{"idSuffix":"inner"}},"clearTextFirst":true,"interactionType":"ENTER_TEXT"}]}
COMMAND: POST /session/6773c96d6a7511f796a85c459a165c74/execute/async - {"script":"<script> [1562 bytes]","args":[{"selector":{"controlType":"sap.m.Input","viewName":"etm.portal.ui.manageyards.view.New","viewId":"application-manageyards-display-component---NewYard","bindingPath":{"path":"","propertyPath":"/SALES_AREA_VKORG","modelName":"NewYardModel"},"interaction":{"idSuffix":"inner"}},"wdio_ui5_key":"etmportal.ui.manageyards.view.Newsap.m.Input{\"path\":\"\",\"propertyPath\":\"/SALES_AREA_VKORG\",\"modelName\":\"NewYardModel\"}"}]}
RESULT: {"script":"<script> [1562 bytes]","args":[{"selector":{"controlType":"sap.m.Input","viewName":"etm.portal.ui.manageyards.view.New","viewId":"application-manageyards-display-component---NewYard","bindingPath":{"path":"","propertyPath":"/SALES_AREA_VKORG","modelName":"NewYardModel"},"interaction":{"idSuffix":"inner"}},"wdio_ui5_key":"etmportal.ui.manageyards.view.Newsap.m.Input{\"path\":\"\",\"propertyPath\":\"/SALES_AREA_VKORG\",\"modelName\":\"NewYardModel\"}"}]}
RESULT: undefined
COMMAND: POST /session/6773c96d6a7511f796a85c459a165c74/execute/async - {"script":"<script> [776 bytes]","args":[{"enterText":"C002","selector":{"controlType":"sap.m.Input","viewName":"etm.portal.ui.manageyards.view.New","viewId":"application-manageyards-display-component---NewYard","bindingPath":{"path":"","propertyPath":"/SALES_AREA_VKORG","modelName":"NewYardModel"},"interaction":{"idSuffix":"inner"}},"clearTextFirst":true,"interactionType":"ENTER_TEXT"}]}
RESULT: {"script":"<script> [776 bytes]","args":[{"enterText":"C002","selector":{"controlType":"sap.m.Input","viewName":"etm.portal.ui.manageyards.view.New","viewId":"application-manageyards-display-component---NewYard","bindingPath":{"path":"","propertyPath":"/SALES_AREA_VKORG","modelName":"NewYardModel"},"interaction":{"idSuffix":"inner"}},"clearTextFirst":true,"interactionType":"ENTER_TEXT"}]}
COMMAND: POST /session/6773c96d6a7511f796a85c459a165c74/execute/async - {"script":"<script> [1562 bytes]","args":[{"selector":{"controlType":"sap.m.Input","viewName":"etm.portal.ui.manageyards.view.New","viewId":"application-manageyards-display-component---NewYard","bindingPath":{"path":"","propertyPath":"/SALES_AREA_VTWEG","modelName":"NewYardModel"},"interaction":{"idSuffix":"inner"}},"wdio_ui5_key":"etmportal.ui.manageyards.view.Newsap.m.Input{\"path\":\"\",\"propertyPath\":\"/SALES_AREA_VTWEG\",\"modelName\":\"NewYardModel\"}"}]}
RESULT: {"script":"<script> [1562 bytes]","args":[{"selector":{"controlType":"sap.m.Input","viewName":"etm.portal.ui.manageyards.view.New","viewId":"application-manageyards-display-component---NewYard","bindingPath":{"path":"","propertyPath":"/SALES_AREA_VTWEG","modelName":"NewYardModel"},"interaction":{"idSuffix":"inner"}},"wdio_ui5_key":"etmportal.ui.manageyards.view.Newsap.m.Input{\"path\":\"\",\"propertyPath\":\"/SALES_AREA_VTWEG\",\"modelName\":\"NewYardModel\"}"}]}
RESULT: undefined
COMMAND: POST /session/6773c96d6a7511f796a85c459a165c74/execute/async - {"script":"<script> [776 bytes]","args":[{"enterText":"C2","selector":{"controlType":"sap.m.Input","viewName":"etm.portal.ui.manageyards.view.New","viewId":"application-manageyards-display-component---NewYard","bindingPath":{"path":"","propertyPath":"/SALES_AREA_VTWEG","modelName":"NewYardModel"},"interaction":{"idSuffix":"inner"}},"clearTextFirst":true,"interactionType":"ENTER_TEXT"}]}
RESULT: {"script":"<script> [776 bytes]","args":[{"enterText":"C2","selector":{"controlType":"sap.m.Input","viewName":"etm.portal.ui.manageyards.view.New","viewId":"application-manageyards-display-component---NewYard","bindingPath":{"path":"","propertyPath":"/SALES_AREA_VTWEG","modelName":"NewYardModel"},"interaction":{"idSuffix":"inner"}},"clearTextFirst":true,"interactionType":"ENTER_TEXT"}]}
COMMAND: POST /session/6773c96d6a7511f796a85c459a165c74/execute/async - {"script":"<script> [1562 bytes]","args":[{"selector":{"controlType":"sap.m.Input","viewName":"etm.portal.ui.manageyards.view.New","viewId":"application-manageyards-display-component---NewYard","bindingPath":{"path":"","propertyPath":"/SALES_AREA_SPART","modelName":"NewYardModel"},"interaction":{"idSuffix":"inner"}},"wdio_ui5_key":"etmportal.ui.manageyards.view.Newsap.m.Input{\"path\":\"\",\"propertyPath\":\"/SALES_AREA_SPART\",\"modelName\":\"NewYardModel\"}"}]}
RESULT: {"script":"<script> [1562 bytes]","args":[{"selector":{"controlType":"sap.m.Input","viewName":"etm.portal.ui.manageyards.view.New","viewId":"application-manageyards-display-component---NewYard","bindingPath":{"path":"","propertyPath":"/SALES_AREA_SPART","modelName":"NewYardModel"},"interaction":{"idSuffix":"inner"}},"wdio_ui5_key":"etmportal.ui.manageyards.view.Newsap.m.Input{\"path\":\"\",\"propertyPath\":\"/SALES_AREA_SPART\",\"modelName\":\"NewYardModel\"}"}]}
RESULT: undefined
COMMAND: POST /session/6773c96d6a7511f796a85c459a165c74/execute/async - {"script":"<script> [776 bytes]","args":[{"enterText":"C2","selector":{"controlType":"sap.m.Input","viewName":"etm.portal.ui.manageyards.view.New","viewId":"application-manageyards-display-component---NewYard","bindingPath":{"path":"","propertyPath":"/SALES_AREA_SPART","modelName":"NewYardModel"},"interaction":{"idSuffix":"inner"}},"clearTextFirst":true,"interactionType":"ENTER_TEXT"}]}
RESULT: {"script":"<script> [776 bytes]","args":[{"enterText":"C2","selector":{"controlType":"sap.m.Input","viewName":"etm.portal.ui.manageyards.view.New","viewId":"application-manageyards-display-component---NewYard","bindingPath":{"path":"","propertyPath":"/SALES_AREA_SPART","modelName":"NewYardModel"},"interaction":{"idSuffix":"inner"}},"clearTextFirst":true,"interactionType":"ENTER_TEXT"}]}
COMMAND: POST /session/6773c96d6a7511f796a85c459a165c74/execute/async - {"script":"<script> [1562 bytes]","args":[{"selector":{"controlType":"sap.m.Input","viewName":"etm.portal.ui.manageyards.view.New","viewId":"application-manageyards-display-component---NewYard","bindingPath":{"path":"","propertyPath":"/SHIP_POINT","modelName":"NewYardModel"},"interaction":{"idSuffix":"inner"}},"wdio_ui5_key":"etmportal.ui.manageyards.view.Newsap.m.Input{\"path\":\"\",\"propertyPath\":\"/SHIP_POINT\",\"modelName\":\"NewYardModel\"}"}]}
RESULT: {"script":"<script> [1562 bytes]","args":[{"selector":{"controlType":"sap.m.Input","viewName":"etm.portal.ui.manageyards.view.New","viewId":"application-manageyards-display-component---NewYard","bindingPath":{"path":"","propertyPath":"/SHIP_POINT","modelName":"NewYardModel"},"interaction":{"idSuffix":"inner"}},"wdio_ui5_key":"etmportal.ui.manageyards.view.Newsap.m.Input{\"path\":\"\",\"propertyPath\":\"/SHIP_POINT\",\"modelName\":\"NewYardModel\"}"}]}
RESULT: undefined
COMMAND: POST /session/6773c96d6a7511f796a85c459a165c74/execute/async - {"script":"<script> [776 bytes]","args":[{"enterText":"1710","selector":{"controlType":"sap.m.Input","viewName":"etm.portal.ui.manageyards.view.New","viewId":"application-manageyards-display-component---NewYard","bindingPath":{"path":"","propertyPath":"/SHIP_POINT","modelName":"NewYardModel"},"interaction":{"idSuffix":"inner"}},"clearTextFirst":true,"interactionType":"ENTER_TEXT"}]}
RESULT: {"script":"<script> [776 bytes]","args":[{"enterText":"1710","selector":{"controlType":"sap.m.Input","viewName":"etm.portal.ui.manageyards.view.New","viewId":"application-manageyards-display-component---NewYard","bindingPath":{"path":"","propertyPath":"/SHIP_POINT","modelName":"NewYardModel"},"interaction":{"idSuffix":"inner"}},"clearTextFirst":true,"interactionType":"ENTER_TEXT"}]}
COMMAND: POST /session/6773c96d6a7511f796a85c459a165c74/execute/async - {"script":"<script> [1562 bytes]","args":[{"selector":{"controlType":"sap.m.Input","viewName":"etm.portal.ui.manageyards.view.New","viewId":"application-manageyards-display-component---NewYard","bindingPath":{"path":"","propertyPath":"/DELIVERY_TYPE","modelName":"NewYardModel"},"interaction":{"idSuffix":"inner"}},"wdio_ui5_key":"etmportal.ui.manageyards.view.Newsap.m.Input{\"path\":\"\",\"propertyPath\":\"/DELIVERY_TYPE\",\"modelName\":\"NewYardModel\"}"}]}
RESULT: {"script":"<script> [1562 bytes]","args":[{"selector":{"controlType":"sap.m.Input","viewName":"etm.portal.ui.manageyards.view.New","viewId":"application-manageyards-display-component---NewYard","bindingPath":{"path":"","propertyPath":"/DELIVERY_TYPE","modelName":"NewYardModel"},"interaction":{"idSuffix":"inner"}},"wdio_ui5_key":"etmportal.ui.manageyards.view.Newsap.m.Input{\"path\":\"\",\"propertyPath\":\"/DELIVERY_TYPE\",\"modelName\":\"NewYardModel\"}"}]}
RESULT: undefined
COMMAND: POST /session/6773c96d6a7511f796a85c459a165c74/execute/async - {"script":"<script> [776 bytes]","args":[{"enterText":"ZL01","selector":{"controlType":"sap.m.Input","viewName":"etm.portal.ui.manageyards.view.New","viewId":"application-manageyards-display-component---NewYard","bindingPath":{"path":"","propertyPath":"/DELIVERY_TYPE","modelName":"NewYardModel"},"interaction":{"idSuffix":"inner"}},"clearTextFirst":true,"interactionType":"ENTER_TEXT"}]}
RESULT: {"script":"<script> [776 bytes]","args":[{"enterText":"ZL01","selector":{"controlType":"sap.m.Input","viewName":"etm.portal.ui.manageyards.view.New","viewId":"application-manageyards-display-component---NewYard","bindingPath":{"path":"","propertyPath":"/DELIVERY_TYPE","modelName":"NewYardModel"},"interaction":{"idSuffix":"inner"}},"clearTextFirst":true,"interactionType":"ENTER_TEXT"}]}
COMMAND: POST /session/6773c96d6a7511f796a85c459a165c74/execute/async - {"script":"<script> [1562 bytes]","args":[{"selector":{"controlType":"sap.m.Input","viewName":"etm.portal.ui.manageyards.view.New","viewId":"application-manageyards-display-component---NewYard","bindingPath":{"path":"","propertyPath":"/AUART","modelName":"NewYardModel"},"interaction":{"idSuffix":"inner"}},"wdio_ui5_key":"etmportal.ui.manageyards.view.Newsap.m.Input{\"path\":\"\",\"propertyPath\":\"/AUART\",\"modelName\":\"NewYardModel\"}"}]}
RESULT: {"script":"<script> [1562 bytes]","args":[{"selector":{"controlType":"sap.m.Input","viewName":"etm.portal.ui.manageyards.view.New","viewId":"application-manageyards-display-component---NewYard","bindingPath":{"path":"","propertyPath":"/AUART","modelName":"NewYardModel"},"interaction":{"idSuffix":"inner"}},"wdio_ui5_key":"etmportal.ui.manageyards.view.Newsap.m.Input{\"path\":\"\",\"propertyPath\":\"/AUART\",\"modelName\":\"NewYardModel\"}"}]}
RESULT: undefined
COMMAND: POST /session/6773c96d6a7511f796a85c459a165c74/execute/async - {"script":"<script> [776 bytes]","args":[{"enterText":"TA","selector":{"controlType":"sap.m.Input","viewName":"etm.portal.ui.manageyards.view.New","viewId":"application-manageyards-display-component---NewYard","bindingPath":{"path":"","propertyPath":"/AUART","modelName":"NewYardModel"},"interaction":{"idSuffix":"inner"}},"clearTextFirst":true,"interactionType":"ENTER_TEXT"}]}
RESULT: {"script":"<script> [776 bytes]","args":[{"enterText":"TA","selector":{"controlType":"sap.m.Input","viewName":"etm.portal.ui.manageyards.view.New","viewId":"application-manageyards-display-component---NewYard","bindingPath":{"path":"","propertyPath":"/AUART","modelName":"NewYardModel"},"interaction":{"idSuffix":"inner"}},"clearTextFirst":true,"interactionType":"ENTER_TEXT"}]}
COMMAND: POST /session/6773c96d6a7511f796a85c459a165c74/element - {"using":"xpath","value":"//button[@data-kt=\"newYardSaveButton\"]"}
RESULT: {"using":"xpath","value":"//button[@data-kt=\"newYardSaveButton\"]"}
COMMAND: POST /session/6773c96d6a7511f796a85c459a165c74/element/f.29D878CEA50B72482771CEDAC8A54377.d.FF5B051F9E1B3A66C4F212E4586B068A.e.690/click - {}
RESULT: {}
COMMAND: GET /session/6773c96d6a7511f796a85c459a165c74/screenshot - {}
RESULT: {}
COMMAND: POST /session/6773c96d6a7511f796a85c459a165c74/element - {"using":"xpath","value":"//header[contains(@id, 'ObjectPageLayout-headerTitle')]/div[1]/div[2]/div[1]/span[1]"}
RESULT: {"using":"xpath","value":"//header[contains(@id, 'ObjectPageLayout-headerTitle')]/div[1]/div[2]/div[1]/span[1]"}
COMMAND: POST /session/6773c96d6a7511f796a85c459a165c74/elements - {"using":"xpath","value":"//header[contains(@id, 'ObjectPageLayout-headerTitle')]/div[1]/div[2]/div[1]/span[1]"}
RESULT: {"using":"xpath","value":"//header[contains(@id, 'ObjectPageLayout-headerTitle')]/div[1]/div[2]/div[1]/span[1]"}
COMMAND: POST /session/6773c96d6a7511f796a85c459a165c74/execute/sync - {"script":"<script> [56 bytes]","args":[{"element-6066-11e4-a52e-4f735466cecf":"f.29D878CEA50B72482771CEDAC8A54377.d.FF5B051F9E1B3A66C4F212E4586B068A.e.1021","ELEMENT":"f.29D878CEA50B72482771CEDAC8A54377.d.FF5B051F9E1B3A66C4F212E4586B068A.e.1021"}]}
RESULT: {"script":"<script> [56 bytes]","args":[{"element-6066-11e4-a52e-4f735466cecf":"f.29D878CEA50B72482771CEDAC8A54377.d.FF5B051F9E1B3A66C4F212E4586B068A.e.1021","ELEMENT":"f.29D878CEA50B72482771CEDAC8A54377.d.FF5B051F9E1B3A66C4F212E4586B068A.e.1021"}]}
COMMAND: GET /session/6773c96d6a7511f796a85c459a165c74/screenshot - {}
RESULT: {}
COMMAND: POST /session/6773c96d6a7511f796a85c459a165c74/element - {"using":"css selector","value":"#shell-header-logo"}
RESULT: {"using":"css selector","value":"#shell-header-logo"}
COMMAND: POST /session/6773c96d6a7511f796a85c459a165c74/element/f.29D878CEA50B72482771CEDAC8A54377.d.FF5B051F9E1B3A66C4F212E4586B068A.e.264/click - {}
RESULT: {}
COMMAND: GET /session/6773c96d6a7511f796a85c459a165c74/screenshot - {}
RESULT: {}
COMMAND: POST /session/6773c96d6a7511f796a85c459a165c74/execute/sync - {"script":"<script> [299 bytes]","args":[["getModel","getResource"]]}
RESULT: {"script":"<script> [299 bytes]","args":[["getModel","getResource"]]}
]]></system-out>
    </testcase>
    <testcase classname="chrome.136_0_7103_93.windows.Create_condition_pricing_US117289_US134625" name="Should create a new equipment used for all following tests" time="138.366">
      <system-out><![CDATA[
COMMAND: POST /session/6773c96d6a7511f796a85c459a165c74/execute/async - {"script":"<script> [1562 bytes]","args":[{"selector":{"controlType":"sap.m.GenericTile","properties":{"header":"Manage Resources"}},"wdio_ui5_key":"sapm.GenericTile{\"header\":\"Manage Resources\"}"}]}
COMMAND: GET /session/6773c96d6a7511f796a85c459a165c74/screenshot - {}
RESULT: {"script":"<script> [1562 bytes]","args":[{"selector":{"controlType":"sap.m.GenericTile","properties":{"header":"Manage Resources"}},"wdio_ui5_key":"sapm.GenericTile{\"header\":\"Manage Resources\"}"}]}
RESULT: undefined
COMMAND: POST /session/6773c96d6a7511f796a85c459a165c74/element - {"using":"xpath","value":"//*[@id=\"__tile39\"]"}
RESULT: {}
RESULT: {"using":"xpath","value":"//*[@id=\"__tile39\"]"}
COMMAND: POST /session/6773c96d6a7511f796a85c459a165c74/element/f.29D878CEA50B72482771CEDAC8A54377.d.FF5B051F9E1B3A66C4F212E4586B068A.e.162/click - {}
RESULT: {}
COMMAND: GET /session/6773c96d6a7511f796a85c459a165c74/screenshot - {}
RESULT: {}
COMMAND: POST /session/6773c96d6a7511f796a85c459a165c74/elements - {"using":"xpath","value":"//span[text()='Error']"}
RESULT: {"using":"xpath","value":"//span[text()='Error']"}
COMMAND: POST /session/6773c96d6a7511f796a85c459a165c74/element - {"using":"xpath","value":"//button[@data-kt=\"addNewRUOverflowToolbarButton\"]"}
RESULT: {"using":"xpath","value":"//button[@data-kt=\"addNewRUOverflowToolbarButton\"]"}
COMMAND: POST /session/6773c96d6a7511f796a85c459a165c74/elements - {"using":"xpath","value":"//button[@data-kt=\"addNewRUOverflowToolbarButton\"]"}
RESULT: {"using":"xpath","value":"//button[@data-kt=\"addNewRUOverflowToolbarButton\"]"}
COMMAND: POST /session/6773c96d6a7511f796a85c459a165c74/execute/sync - {"script":"<script> [8489 bytes]","args":[{"element-6066-11e4-a52e-4f735466cecf":"f.29D878CEA50B72482771CEDAC8A54377.d.FF5B051F9E1B3A66C4F212E4586B068A.e.1053","ELEMENT":"f.29D878CEA50B72482771CEDAC8A54377.d.FF5B051F9E1B3A66C4F212E4586B068A.e.1053"}]}
RESULT: {"script":"<script> [8489 bytes]","args":[{"element-6066-11e4-a52e-4f735466cecf":"f.29D878CEA50B72482771CEDAC8A54377.d.FF5B051F9E1B3A66C4F212E4586B068A.e.1053","ELEMENT":"f.29D878CEA50B72482771CEDAC8A54377.d.FF5B051F9E1B3A66C4F212E4586B068A.e.1053"}]}
COMMAND: GET /session/6773c96d6a7511f796a85c459a165c74/element/f.29D878CEA50B72482771CEDAC8A54377.d.FF5B051F9E1B3A66C4F212E4586B068A.e.1053/enabled - {}
COMMAND: GET /session/6773c96d6a7511f796a85c459a165c74/screenshot - {}
RESULT: {}
COMMAND: POST /session/6773c96d6a7511f796a85c459a165c74/execute/sync - {"script":"<script> [8489 bytes]","args":[{"element-6066-11e4-a52e-4f735466cecf":"f.29D878CEA50B72482771CEDAC8A54377.d.FF5B051F9E1B3A66C4F212E4586B068A.e.1053","ELEMENT":"f.29D878CEA50B72482771CEDAC8A54377.d.FF5B051F9E1B3A66C4F212E4586B068A.e.1053"}]}
COMMAND: GET /session/6773c96d6a7511f796a85c459a165c74/screenshot - {}
RESULT: {}
RESULT: {"script":"<script> [8489 bytes]","args":[{"element-6066-11e4-a52e-4f735466cecf":"f.29D878CEA50B72482771CEDAC8A54377.d.FF5B051F9E1B3A66C4F212E4586B068A.e.1053","ELEMENT":"f.29D878CEA50B72482771CEDAC8A54377.d.FF5B051F9E1B3A66C4F212E4586B068A.e.1053"}]}
COMMAND: POST /session/6773c96d6a7511f796a85c459a165c74/execute/sync - {"script":"<script> [5351 bytes]","args":[{"element-6066-11e4-a52e-4f735466cecf":"f.29D878CEA50B72482771CEDAC8A54377.d.FF5B051F9E1B3A66C4F212E4586B068A.e.1053","ELEMENT":"f.29D878CEA50B72482771CEDAC8A54377.d.FF5B051F9E1B3A66C4F212E4586B068A.e.1053"}]}
COMMAND: GET /session/6773c96d6a7511f796a85c459a165c74/screenshot - {}
RESULT: {}
RESULT: {"script":"<script> [5351 bytes]","args":[{"element-6066-11e4-a52e-4f735466cecf":"f.29D878CEA50B72482771CEDAC8A54377.d.FF5B051F9E1B3A66C4F212E4586B068A.e.1053","ELEMENT":"f.29D878CEA50B72482771CEDAC8A54377.d.FF5B051F9E1B3A66C4F212E4586B068A.e.1053"}]}
COMMAND: POST /session/6773c96d6a7511f796a85c459a165c74/element/f.29D878CEA50B72482771CEDAC8A54377.d.FF5B051F9E1B3A66C4F212E4586B068A.e.1053/click - {}
RESULT: {}
COMMAND: GET /session/6773c96d6a7511f796a85c459a165c74/screenshot - {}
RESULT: {}
COMMAND: GET /session/6773c96d6a7511f796a85c459a165c74/screenshot - {}
RESULT: {}
RESULT: {}
COMMAND: POST /session/6773c96d6a7511f796a85c459a165c74/execute/async - {"script":"<script> [1562 bytes]","args":[{"selector":{"id":"application-manageresources-display-component---newResourceUnit--TYPE-arrow"},"wdio_ui5_key":"applicationmanageresources-display-component---newResourceUnit--TYPE-arrow"}]}
RESULT: {"script":"<script> [1562 bytes]","args":[{"selector":{"id":"application-manageresources-display-component---newResourceUnit--TYPE-arrow"},"wdio_ui5_key":"applicationmanageresources-display-component---newResourceUnit--TYPE-arrow"}]}
RESULT: undefined
COMMAND: POST /session/6773c96d6a7511f796a85c459a165c74/element - {"using":"xpath","value":"//*[@id=\"application-manageresources-display-component---newResourceUnit--TYPE-arrow\"]"}
RESULT: {"using":"xpath","value":"//*[@id=\"application-manageresources-display-component---newResourceUnit--TYPE-arrow\"]"}
COMMAND: POST /session/6773c96d6a7511f796a85c459a165c74/element/f.29D878CEA50B72482771CEDAC8A54377.d.FF5B051F9E1B3A66C4F212E4586B068A.e.1407/click - {}
RESULT: {}
COMMAND: POST /session/6773c96d6a7511f796a85c459a165c74/element - {"using":"xpath","value":"//input[@id=\"application-manageresources-display-component---newResourceUnit--TYPE-inner\"]"}
COMMAND: GET /session/6773c96d6a7511f796a85c459a165c74/screenshot - {}
RESULT: {"using":"xpath","value":"//input[@id=\"application-manageresources-display-component---newResourceUnit--TYPE-inner\"]"}
COMMAND: POST /session/6773c96d6a7511f796a85c459a165c74/element/f.29D878CEA50B72482771CEDAC8A54377.d.FF5B051F9E1B3A66C4F212E4586B068A.e.1403/clear - {}
RESULT: {}
RESULT: {}
COMMAND: POST /session/6773c96d6a7511f796a85c459a165c74/element/f.29D878CEA50B72482771CEDAC8A54377.d.FF5B051F9E1B3A66C4F212E4586B068A.e.1403/value - {"text":"Equipment"}
COMMAND: GET /session/6773c96d6a7511f796a85c459a165c74/screenshot - {}
RESULT: {"text":"Equipment"}
COMMAND: GET /session/6773c96d6a7511f796a85c459a165c74/screenshot - {}
RESULT: {}
RESULT: {}
COMMAND: POST /session/6773c96d6a7511f796a85c459a165c74/actions - {"actions":[{"id":"action2","type":"key","parameters":{},"actions":[{"type":"keyDown","value":"î€‡"},{"type":"pause","duration":10},{"type":"keyUp","value":"î€‡"}]}]}
RESULT: {"actions":[{"id":"action2","type":"key","parameters":{},"actions":[{"type":"keyDown","value":"î€‡"},{"type":"pause","duration":10},{"type":"keyUp","value":"î€‡"}]}]}
COMMAND: POST /session/6773c96d6a7511f796a85c459a165c74/execute/async - {"script":"<script> [1562 bytes]","args":[{"selector":{"id":"application-manageresources-display-component---newResourceUnit--resourceId","interaction":{"idSuffix":"inner"}},"wdio_ui5_key":"applicationmanageresources-display-component---newResourceUnit--resourceId"}]}
COMMAND: GET /session/6773c96d6a7511f796a85c459a165c74/screenshot - {}
RESULT: {"script":"<script> [1562 bytes]","args":[{"selector":{"id":"application-manageresources-display-component---newResourceUnit--resourceId","interaction":{"idSuffix":"inner"}},"wdio_ui5_key":"applicationmanageresources-display-component---newResourceUnit--resourceId"}]}
RESULT: undefined
COMMAND: POST /session/6773c96d6a7511f796a85c459a165c74/execute/async - {"script":"<script> [776 bytes]","args":[{"enterText":"2SRl0Y2utJ","selector":{"id":"application-manageresources-display-component---newResourceUnit--resourceId","interaction":{"idSuffix":"inner"}},"clearTextFirst":true,"interactionType":"ENTER_TEXT"}]}
RESULT: {}
RESULT: {"script":"<script> [776 bytes]","args":[{"enterText":"2SRl0Y2utJ","selector":{"id":"application-manageresources-display-component---newResourceUnit--resourceId","interaction":{"idSuffix":"inner"}},"clearTextFirst":true,"interactionType":"ENTER_TEXT"}]}
COMMAND: POST /session/6773c96d6a7511f796a85c459a165c74/execute/async - {"script":"<script> [1562 bytes]","args":[{"selector":{"id":"application-manageresources-display-component---newResourceUnit--SHORT_TEXT","interaction":{"idSuffix":"inner"}},"wdio_ui5_key":"applicationmanageresources-display-component---newResourceUnit--SHORT_TEXT"}]}
RESULT: {"script":"<script> [1562 bytes]","args":[{"selector":{"id":"application-manageresources-display-component---newResourceUnit--SHORT_TEXT","interaction":{"idSuffix":"inner"}},"wdio_ui5_key":"applicationmanageresources-display-component---newResourceUnit--SHORT_TEXT"}]}
RESULT: undefined
COMMAND: POST /session/6773c96d6a7511f796a85c459a165c74/execute/async - {"script":"<script> [776 bytes]","args":[{"enterText":"Intercompany Equipment WDIO","selector":{"id":"application-manageresources-display-component---newResourceUnit--SHORT_TEXT","interaction":{"idSuffix":"inner"}},"clearTextFirst":true,"interactionType":"ENTER_TEXT"}]}
RESULT: {"script":"<script> [776 bytes]","args":[{"enterText":"Intercompany Equipment WDIO","selector":{"id":"application-manageresources-display-component---newResourceUnit--SHORT_TEXT","interaction":{"idSuffix":"inner"}},"clearTextFirst":true,"interactionType":"ENTER_TEXT"}]}
COMMAND: POST /session/6773c96d6a7511f796a85c459a165c74/execute/async - {"script":"<script> [1562 bytes]","args":[{"selector":{"id":"application-manageresources-display-component---newResourceUnit--BASE_UNIT_OF_MEASURE","interaction":{"idSuffix":"inner"}},"wdio_ui5_key":"applicationmanageresources-display-component---newResourceUnit--BASE_UNIT_OF_MEASURE"}]}
RESULT: {"script":"<script> [1562 bytes]","args":[{"selector":{"id":"application-manageresources-display-component---newResourceUnit--BASE_UNIT_OF_MEASURE","interaction":{"idSuffix":"inner"}},"wdio_ui5_key":"applicationmanageresources-display-component---newResourceUnit--BASE_UNIT_OF_MEASURE"}]}
RESULT: undefined
COMMAND: POST /session/6773c96d6a7511f796a85c459a165c74/execute/async - {"script":"<script> [776 bytes]","args":[{"enterText":"Piece","selector":{"id":"application-manageresources-display-component---newResourceUnit--BASE_UNIT_OF_MEASURE","interaction":{"idSuffix":"inner"}},"clearTextFirst":true,"interactionType":"ENTER_TEXT"}]}
RESULT: {"script":"<script> [776 bytes]","args":[{"enterText":"Piece","selector":{"id":"application-manageresources-display-component---newResourceUnit--BASE_UNIT_OF_MEASURE","interaction":{"idSuffix":"inner"}},"clearTextFirst":true,"interactionType":"ENTER_TEXT"}]}
COMMAND: POST /session/6773c96d6a7511f796a85c459a165c74/execute/async - {"script":"<script> [1562 bytes]","args":[{"selector":{"id":"application-manageresources-display-component---newResourceUnit--WEIGHT_UNIT","interaction":{"idSuffix":"inner"}},"wdio_ui5_key":"applicationmanageresources-display-component---newResourceUnit--WEIGHT_UNIT"}]}
RESULT: {"script":"<script> [1562 bytes]","args":[{"selector":{"id":"application-manageresources-display-component---newResourceUnit--WEIGHT_UNIT","interaction":{"idSuffix":"inner"}},"wdio_ui5_key":"applicationmanageresources-display-component---newResourceUnit--WEIGHT_UNIT"}]}
RESULT: undefined
COMMAND: POST /session/6773c96d6a7511f796a85c459a165c74/execute/async - {"script":"<script> [776 bytes]","args":[{"enterText":"Gram","selector":{"id":"application-manageresources-display-component---newResourceUnit--WEIGHT_UNIT","interaction":{"idSuffix":"inner"}},"clearTextFirst":true,"interactionType":"ENTER_TEXT"}]}
RESULT: {"script":"<script> [776 bytes]","args":[{"enterText":"Gram","selector":{"id":"application-manageresources-display-component---newResourceUnit--WEIGHT_UNIT","interaction":{"idSuffix":"inner"}},"clearTextFirst":true,"interactionType":"ENTER_TEXT"}]}
COMMAND: POST /session/6773c96d6a7511f796a85c459a165c74/execute/async - {"script":"<script> [1562 bytes]","args":[{"selector":{"id":"application-manageresources-display-component---newResourceUnit--DIMENSION_UNIT","interaction":{"idSuffix":"inner"}},"wdio_ui5_key":"applicationmanageresources-display-component---newResourceUnit--DIMENSION_UNIT"}]}
RESULT: {"script":"<script> [1562 bytes]","args":[{"selector":{"id":"application-manageresources-display-component---newResourceUnit--DIMENSION_UNIT","interaction":{"idSuffix":"inner"}},"wdio_ui5_key":"applicationmanageresources-display-component---newResourceUnit--DIMENSION_UNIT"}]}
RESULT: undefined
COMMAND: POST /session/6773c96d6a7511f796a85c459a165c74/execute/async - {"script":"<script> [776 bytes]","args":[{"enterText":"Meter","selector":{"id":"application-manageresources-display-component---newResourceUnit--DIMENSION_UNIT","interaction":{"idSuffix":"inner"}},"clearTextFirst":true,"interactionType":"ENTER_TEXT"}]}
RESULT: {"script":"<script> [776 bytes]","args":[{"enterText":"Meter","selector":{"id":"application-manageresources-display-component---newResourceUnit--DIMENSION_UNIT","interaction":{"idSuffix":"inner"}},"clearTextFirst":true,"interactionType":"ENTER_TEXT"}]}
COMMAND: POST /session/6773c96d6a7511f796a85c459a165c74/execute/async - {"script":"<script> [1562 bytes]","args":[{"selector":{"id":"application-manageresources-display-component---newResourceUnit--newRRUPage-anchBar-application-manageresources-display-component---newResourceUnit--control-anchor","interaction":{"idSuffix":"BDI-content"}},"wdio_ui5_key":"applicationmanageresources-display-component---newResourceUnit--newRRUPage-anchBar-application-manageresources-display-component---newResourceUnit--control-anchor"}]}
RESULT: {"script":"<script> [1562 bytes]","args":[{"selector":{"id":"application-manageresources-display-component---newResourceUnit--newRRUPage-anchBar-application-manageresources-display-component---newResourceUnit--control-anchor","interaction":{"idSuffix":"BDI-content"}},"wdio_ui5_key":"applicationmanageresources-display-component---newResourceUnit--newRRUPage-anchBar-application-manageresources-display-component---newResourceUnit--control-anchor"}]}
RESULT: undefined
COMMAND: POST /session/6773c96d6a7511f796a85c459a165c74/element - {"using":"xpath","value":"//*[@id=\"application-manageresources-display-component---newResourceUnit--newRRUPage-anchBar-application-manageresources-display-component---newResourceUnit--control-anchor\"]"}
RESULT: {"using":"xpath","value":"//*[@id=\"application-manageresources-display-component---newResourceUnit--newRRUPage-anchBar-application-manageresources-display-component---newResourceUnit--control-anchor\"]"}
COMMAND: POST /session/6773c96d6a7511f796a85c459a165c74/element/f.29D878CEA50B72482771CEDAC8A54377.d.FF5B051F9E1B3A66C4F212E4586B068A.e.1537/click - {}
RESULT: {}
COMMAND: POST /session/6773c96d6a7511f796a85c459a165c74/execute/async - {"script":"<script> [1562 bytes]","args":[{"selector":{"id":"application-manageresources-display-component---newResourceUnit--PLANNING_GROUP","interaction":{"idSuffix":"inner"}},"wdio_ui5_key":"applicationmanageresources-display-component---newResourceUnit--PLANNING_GROUP"}]}
COMMAND: GET /session/6773c96d6a7511f796a85c459a165c74/screenshot - {}
RESULT: {"script":"<script> [1562 bytes]","args":[{"selector":{"id":"application-manageresources-display-component---newResourceUnit--PLANNING_GROUP","interaction":{"idSuffix":"inner"}},"wdio_ui5_key":"applicationmanageresources-display-component---newResourceUnit--PLANNING_GROUP"}]}
RESULT: undefined
COMMAND: POST /session/6773c96d6a7511f796a85c459a165c74/execute/async - {"script":"<script> [776 bytes]","args":[{"enterText":"Heavy Equi","selector":{"id":"application-manageresources-display-component---newResourceUnit--PLANNING_GROUP","interaction":{"idSuffix":"inner"}},"clearTextFirst":true,"interactionType":"ENTER_TEXT"}]}
RESULT: {}
RESULT: {"script":"<script> [776 bytes]","args":[{"enterText":"Heavy Equi","selector":{"id":"application-manageresources-display-component---newResourceUnit--PLANNING_GROUP","interaction":{"idSuffix":"inner"}},"clearTextFirst":true,"interactionType":"ENTER_TEXT"}]}
COMMAND: POST /session/6773c96d6a7511f796a85c459a165c74/execute/async - {"script":"<script> [1562 bytes]","args":[{"selector":{"id":"application-manageresources-display-component---newResourceUnit--ITEM_TYPE-arrow"},"wdio_ui5_key":"applicationmanageresources-display-component---newResourceUnit--ITEM_TYPE-arrow"}]}
RESULT: {"script":"<script> [1562 bytes]","args":[{"selector":{"id":"application-manageresources-display-component---newResourceUnit--ITEM_TYPE-arrow"},"wdio_ui5_key":"applicationmanageresources-display-component---newResourceUnit--ITEM_TYPE-arrow"}]}
RESULT: undefined
COMMAND: POST /session/6773c96d6a7511f796a85c459a165c74/element - {"using":"xpath","value":"//*[@id=\"application-manageresources-display-component---newResourceUnit--ITEM_TYPE-arrow\"]"}
RESULT: {"using":"xpath","value":"//*[@id=\"application-manageresources-display-component---newResourceUnit--ITEM_TYPE-arrow\"]"}
COMMAND: POST /session/6773c96d6a7511f796a85c459a165c74/element/f.29D878CEA50B72482771CEDAC8A54377.d.FF5B051F9E1B3A66C4F212E4586B068A.e.1544/click - {}
RESULT: {}
COMMAND: POST /session/6773c96d6a7511f796a85c459a165c74/element - {"using":"xpath","value":"(//span[contains(text(), \"Resource Unit\")])[2]"}
COMMAND: GET /session/6773c96d6a7511f796a85c459a165c74/screenshot - {}
RESULT: {"using":"xpath","value":"(//span[contains(text(), \"Resource Unit\")])[2]"}
COMMAND: POST /session/6773c96d6a7511f796a85c459a165c74/element/f.29D878CEA50B72482771CEDAC8A54377.d.FF5B051F9E1B3A66C4F212E4586B068A.e.1545/click - {}
RESULT: {}
RESULT: {}
COMMAND: GET /session/6773c96d6a7511f796a85c459a165c74/screenshot - {}
RESULT: {}
COMMAND: POST /session/6773c96d6a7511f796a85c459a165c74/element - {"using":"css selector","value":"#application-manageresources-display-component---newResourceUnit--btnAddTimeSegment"}
RESULT: {"using":"css selector","value":"#application-manageresources-display-component---newResourceUnit--btnAddTimeSegment"}
COMMAND: GET /session/6773c96d6a7511f796a85c459a165c74/element/f.29D878CEA50B72482771CEDAC8A54377.d.FF5B051F9E1B3A66C4F212E4586B068A.e.1546/rect - {}
RESULT: {}
COMMAND: GET /session/6773c96d6a7511f796a85c459a165c74/window/rect - {}
RESULT: {}
COMMAND: POST /session/6773c96d6a7511f796a85c459a165c74/execute/sync - {"script":"<script> [92 bytes]","args":[]}
RESULT: {"script":"<script> [92 bytes]","args":[]}
COMMAND: POST /session/6773c96d6a7511f796a85c459a165c74/actions - {"actions":[{"id":"action3","type":"wheel","parameters":{},"actions":[{"type":"scroll","x":-1888,"y":-32,"deltaX":0,"deltaY":0,"duration":0,"origin":{"element-6066-11e4-a52e-4f735466cecf":"f.29D878CEA50B72482771CEDAC8A54377.d.FF5B051F9E1B3A66C4F212E4586B068A.e.1546"}}]}]}
COMMAND: GET /session/6773c96d6a7511f796a85c459a165c74/screenshot - {}
RESULT: {}
COMMAND: POST /session/6773c96d6a7511f796a85c459a165c74/execute/sync - {"script":"<script> [79 bytes]","args":[{"element-6066-11e4-a52e-4f735466cecf":"f.29D878CEA50B72482771CEDAC8A54377.d.FF5B051F9E1B3A66C4F212E4586B068A.e.1546","ELEMENT":"f.29D878CEA50B72482771CEDAC8A54377.d.FF5B051F9E1B3A66C4F212E4586B068A.e.1546"},{"block":"start","inline":"nearest"}]}
RESULT: {"script":"<script> [79 bytes]","args":[{"element-6066-11e4-a52e-4f735466cecf":"f.29D878CEA50B72482771CEDAC8A54377.d.FF5B051F9E1B3A66C4F212E4586B068A.e.1546","ELEMENT":"f.29D878CEA50B72482771CEDAC8A54377.d.FF5B051F9E1B3A66C4F212E4586B068A.e.1546"},{"block":"start","inline":"nearest"}]}
COMMAND: POST /session/6773c96d6a7511f796a85c459a165c74/execute/async - {"script":"<script> [1562 bytes]","args":[{"selector":{"id":"application-manageresources-display-component---newResourceUnit--btnAddTimeSegment","interaction":{"idSuffix":"inner"}},"wdio_ui5_key":"applicationmanageresources-display-component---newResourceUnit--btnAddTimeSegment"}]}
COMMAND: GET /session/6773c96d6a7511f796a85c459a165c74/screenshot - {}
RESULT: {"script":"<script> [1562 bytes]","args":[{"selector":{"id":"application-manageresources-display-component---newResourceUnit--btnAddTimeSegment","interaction":{"idSuffix":"inner"}},"wdio_ui5_key":"applicationmanageresources-display-component---newResourceUnit--btnAddTimeSegment"}]}
RESULT: undefined
COMMAND: POST /session/6773c96d6a7511f796a85c459a165c74/element - {"using":"xpath","value":"//*[@id=\"application-manageresources-display-component---newResourceUnit--btnAddTimeSegment\"]"}
RESULT: {}
RESULT: {"using":"xpath","value":"//*[@id=\"application-manageresources-display-component---newResourceUnit--btnAddTimeSegment\"]"}
COMMAND: POST /session/6773c96d6a7511f796a85c459a165c74/element/f.29D878CEA50B72482771CEDAC8A54377.d.FF5B051F9E1B3A66C4F212E4586B068A.e.1546/click - {}
RESULT: {}
COMMAND: GET /session/6773c96d6a7511f796a85c459a165c74/screenshot - {}
RESULT: {}
COMMAND: POST /session/6773c96d6a7511f796a85c459a165c74/element - {"using":"xpath","value":"//input[@id=\"application-manageresources-display-component---newResourceUnit--idRuTSAdmin-application-manageresources-display-component---newResourceUnit--RUTimeSegment-0-inner\"]"}
RESULT: {"using":"xpath","value":"//input[@id=\"application-manageresources-display-component---newResourceUnit--idRuTSAdmin-application-manageresources-display-component---newResourceUnit--RUTimeSegment-0-inner\"]"}
COMMAND: POST /session/6773c96d6a7511f796a85c459a165c74/element/f.29D878CEA50B72482771CEDAC8A54377.d.FF5B051F9E1B3A66C4F212E4586B068A.e.1552/clear - {}
RESULT: {}
COMMAND: POST /session/6773c96d6a7511f796a85c459a165c74/element/f.29D878CEA50B72482771CEDAC8A54377.d.FF5B051F9E1B3A66C4F212E4586B068A.e.1552/value - {"text":"501"}
COMMAND: GET /session/6773c96d6a7511f796a85c459a165c74/screenshot - {}
RESULT: {"text":"501"}
COMMAND: GET /session/6773c96d6a7511f796a85c459a165c74/screenshot - {}
RESULT: {}
RESULT: {}
COMMAND: POST /session/6773c96d6a7511f796a85c459a165c74/element - {"using":"xpath","value":"//li[.//span[text()='501']]"}
RESULT: {"using":"xpath","value":"//li[.//span[text()='501']]"}
COMMAND: POST /session/6773c96d6a7511f796a85c459a165c74/element/f.29D878CEA50B72482771CEDAC8A54377.d.FF5B051F9E1B3A66C4F212E4586B068A.e.1564/click - {}
RESULT: {}
COMMAND: GET /session/6773c96d6a7511f796a85c459a165c74/screenshot - {}
RESULT: {}
COMMAND: POST /session/6773c96d6a7511f796a85c459a165c74/element - {"using":"xpath","value":"(//span[contains(@id, \"-application-manageresources-display-component---newResourceUnit--RUTimeSegment-0-arrow\")])[6]"}
RESULT: {"using":"xpath","value":"(//span[contains(@id, \"-application-manageresources-display-component---newResourceUnit--RUTimeSegment-0-arrow\")])[6]"}
COMMAND: POST /session/6773c96d6a7511f796a85c459a165c74/element/f.29D878CEA50B72482771CEDAC8A54377.d.FF5B051F9E1B3A66C4F212E4586B068A.e.1565/click - {}
RESULT: {}
COMMAND: GET /session/6773c96d6a7511f796a85c459a165c74/screenshot - {}
RESULT: {}
COMMAND: POST /session/6773c96d6a7511f796a85c459a165c74/element - {"using":"xpath","value":"//span[contains(text(), \"PM Order\")]"}
RESULT: {"using":"xpath","value":"//span[contains(text(), \"PM Order\")]"}
COMMAND: POST /session/6773c96d6a7511f796a85c459a165c74/element/f.29D878CEA50B72482771CEDAC8A54377.d.FF5B051F9E1B3A66C4F212E4586B068A.e.1568/click - {}
RESULT: {}
COMMAND: GET /session/6773c96d6a7511f796a85c459a165c74/screenshot - {}
RESULT: {}
COMMAND: POST /session/6773c96d6a7511f796a85c459a165c74/element - {"using":"xpath","value":"(//span[contains(@id ,\"manageresources-display-component---newResourceUnit--RUTimeSegment-0-vhi\")])[1]"}
RESULT: {"using":"xpath","value":"(//span[contains(@id ,\"manageresources-display-component---newResourceUnit--RUTimeSegment-0-vhi\")])[1]"}
COMMAND: GET /session/6773c96d6a7511f796a85c459a165c74/element/f.29D878CEA50B72482771CEDAC8A54377.d.FF5B051F9E1B3A66C4F212E4586B068A.e.1572/rect - {}
RESULT: {}
COMMAND: GET /session/6773c96d6a7511f796a85c459a165c74/window/rect - {}
RESULT: {}
COMMAND: POST /session/6773c96d6a7511f796a85c459a165c74/execute/sync - {"script":"<script> [92 bytes]","args":[]}
RESULT: {"script":"<script> [92 bytes]","args":[]}
COMMAND: POST /session/6773c96d6a7511f796a85c459a165c74/actions - {"actions":[{"id":"action4","type":"wheel","parameters":{},"actions":[{"type":"scroll","x":-869,"y":-24,"deltaX":0,"deltaY":0,"duration":0,"origin":{"element-6066-11e4-a52e-4f735466cecf":"f.29D878CEA50B72482771CEDAC8A54377.d.FF5B051F9E1B3A66C4F212E4586B068A.e.1572"}}]}]}
COMMAND: GET /session/6773c96d6a7511f796a85c459a165c74/screenshot - {}
RESULT: {"actions":[{"id":"action4","type":"wheel","parameters":{},"actions":[{"type":"scroll","x":-869,"y":-24,"deltaX":0,"deltaY":0,"duration":0,"origin":{"element-6066-11e4-a52e-4f735466cecf":"f.29D878CEA50B72482771CEDAC8A54377.d.FF5B051F9E1B3A66C4F212E4586B068A.e.1572"}}]}]}
COMMAND: DELETE /session/6773c96d6a7511f796a85c459a165c74/actions - {}
COMMAND: GET /session/6773c96d6a7511f796a85c459a165c74/screenshot - {}
RESULT: {}
RESULT: {}
COMMAND: GET /session/6773c96d6a7511f796a85c459a165c74/screenshot - {}
RESULT: {}
RESULT: {}
COMMAND: POST /session/6773c96d6a7511f796a85c459a165c74/element/f.29D878CEA50B72482771CEDAC8A54377.d.FF5B051F9E1B3A66C4F212E4586B068A.e.1572/click - {}
RESULT: {}
COMMAND: GET /session/6773c96d6a7511f796a85c459a165c74/screenshot - {}
RESULT: {}
RESULT: undefined
COMMAND: POST /session/6773c96d6a7511f796a85c459a165c74/execute/async - {"script":"<script> [776 bytes]","args":[{"enterText":"4000360","selector":{"controlType":"sap.m.SearchField","properties":{"placeholder":"Search"},"searchOpenDialogs":true,"interaction":{"idSuffix":"I"}},"clearTextFirst":true,"interactionType":"ENTER_TEXT"}]}
RESULT: {"script":"<script> [776 bytes]","args":[{"enterText":"4000360","selector":{"controlType":"sap.m.SearchField","properties":{"placeholder":"Search"},"searchOpenDialogs":true,"interaction":{"idSuffix":"I"}},"clearTextFirst":true,"interactionType":"ENTER_TEXT"}]}
COMMAND: POST /session/6773c96d6a7511f796a85c459a165c74/actions - {"actions":[{"id":"action5","type":"key","parameters":{},"actions":[{"type":"keyDown","value":"î€‡"},{"type":"pause","duration":10},{"type":"keyUp","value":"î€‡"}]}]}
RESULT: {"actions":[{"id":"action5","type":"key","parameters":{},"actions":[{"type":"keyDown","value":"î€‡"},{"type":"pause","duration":10},{"type":"keyUp","value":"î€‡"}]}]}
COMMAND: GET /session/6773c96d6a7511f796a85c459a165c74/screenshot - {}
RESULT: {}
COMMAND: POST /session/6773c96d6a7511f796a85c459a165c74/element - {"using":"xpath","value":"//td/div/span[contains(text(), \"BGL Vehicles\")]"}
RESULT: {"using":"xpath","value":"//td/div/span[contains(text(), \"BGL Vehicles\")]"}
COMMAND: POST /session/6773c96d6a7511f796a85c459a165c74/element/f.29D878CEA50B72482771CEDAC8A54377.d.FF5B051F9E1B3A66C4F212E4586B068A.e.1592/click - {}
RESULT: {}
COMMAND: GET /session/6773c96d6a7511f796a85c459a165c74/screenshot - {}
RESULT: {}
COMMAND: POST /session/6773c96d6a7511f796a85c459a165c74/element - {"using":"xpath","value":"//bdi[contains(text(), \"OK\")]"}
RESULT: {"using":"xpath","value":"//bdi[contains(text(), \"OK\")]"}
COMMAND: POST /session/6773c96d6a7511f796a85c459a165c74/element/f.29D878CEA50B72482771CEDAC8A54377.d.FF5B051F9E1B3A66C4F212E4586B068A.e.1593/click - {}
RESULT: {}
COMMAND: GET /session/6773c96d6a7511f796a85c459a165c74/screenshot - {}
RESULT: {}
COMMAND: POST /session/6773c96d6a7511f796a85c459a165c74/execute/async - {"script":"<script> [1562 bytes]","args":[{"selector":{"id":"application-manageresources-display-component---newResourceUnit--newRRUPage-anchBar-application-manageresources-display-component---newResourceUnit--resource-anchor","interaction":{"idSuffix":"BDI-content"}},"wdio_ui5_key":"applicationmanageresources-display-component---newResourceUnit--newRRUPage-anchBar-application-manageresources-display-component---newResourceUnit--resource-anchor"}]}
RESULT: {"script":"<script> [1562 bytes]","args":[{"selector":{"id":"application-manageresources-display-component---newResourceUnit--newRRUPage-anchBar-application-manageresources-display-component---newResourceUnit--resource-anchor","interaction":{"idSuffix":"BDI-content"}},"wdio_ui5_key":"applicationmanageresources-display-component---newResourceUnit--newRRUPage-anchBar-application-manageresources-display-component---newResourceUnit--resource-anchor"}]}
RESULT: undefined
COMMAND: POST /session/6773c96d6a7511f796a85c459a165c74/element - {"using":"xpath","value":"//*[@id=\"application-manageresources-display-component---newResourceUnit--newRRUPage-anchBar-application-manageresources-display-component---newResourceUnit--resource-anchor\"]"}
RESULT: {"using":"xpath","value":"//*[@id=\"application-manageresources-display-component---newResourceUnit--newRRUPage-anchBar-application-manageresources-display-component---newResourceUnit--resource-anchor\"]"}
COMMAND: POST /session/6773c96d6a7511f796a85c459a165c74/element/f.29D878CEA50B72482771CEDAC8A54377.d.FF5B051F9E1B3A66C4F212E4586B068A.e.1597/click - {}
RESULT: {}
COMMAND: POST /session/6773c96d6a7511f796a85c459a165c74/execute/async - {"script":"<script> [1562 bytes]","args":[{"selector":{"id":"application-manageresources-display-component---newResourceUnit--PLANNED_DELIVERY_DATE","interaction":{"idSuffix":"inner"}},"wdio_ui5_key":"applicationmanageresources-display-component---newResourceUnit--PLANNED_DELIVERY_DATE"}]}
COMMAND: GET /session/6773c96d6a7511f796a85c459a165c74/screenshot - {}
RESULT: {"script":"<script> [1562 bytes]","args":[{"selector":{"id":"application-manageresources-display-component---newResourceUnit--PLANNED_DELIVERY_DATE","interaction":{"idSuffix":"inner"}},"wdio_ui5_key":"applicationmanageresources-display-component---newResourceUnit--PLANNED_DELIVERY_DATE"}]}
RESULT: undefined
COMMAND: POST /session/6773c96d6a7511f796a85c459a165c74/execute/async - {"script":"<script> [6424 bytes]","args":[{"element-6066-11e4-a52e-4f735466cecf":"f.29D878CEA50B72482771CEDAC8A54377.d.FF5B051F9E1B3A66C4F212E4586B068A.e.1462"},"setValue",["5/17/25"]]}
RESULT: {}
RESULT: {"script":"<script> [6424 bytes]","args":[{"element-6066-11e4-a52e-4f735466cecf":"f.29D878CEA50B72482771CEDAC8A54377.d.FF5B051F9E1B3A66C4F212E4586B068A.e.1462"},"setValue",["5/17/25"]]}
COMMAND: POST /session/6773c96d6a7511f796a85c459a165c74/element - {"using":"xpath","value":"//label[contains(@class, 'sapMLabelRequired') and .//bdi[contains(text(), 'Planned Retirement')]]"}
RESULT: {"using":"xpath","value":"//label[contains(@class, 'sapMLabelRequired') and .//bdi[contains(text(), 'Planned Retirement')]]"}
COMMAND: POST /session/6773c96d6a7511f796a85c459a165c74/elements - {"using":"xpath","value":"//label[contains(@class, 'sapMLabelRequired') and .//bdi[contains(text(), 'Planned Retirement')]]"}
RESULT: {"using":"xpath","value":"//label[contains(@class, 'sapMLabelRequired') and .//bdi[contains(text(), 'Planned Retirement')]]"}
COMMAND: POST /session/6773c96d6a7511f796a85c459a165c74/element - {"using":"xpath","value":"//button[@data-kt=\"resourceUnitSaveButton\"]"}
RESULT: {"using":"xpath","value":"//button[@data-kt=\"resourceUnitSaveButton\"]"}
COMMAND: POST /session/6773c96d6a7511f796a85c459a165c74/element/f.29D878CEA50B72482771CEDAC8A54377.d.FF5B051F9E1B3A66C4F212E4586B068A.e.1423/click - {}
RESULT: {}
COMMAND: GET /session/6773c96d6a7511f796a85c459a165c74/screenshot - {}
RESULT: {}
COMMAND: POST /session/6773c96d6a7511f796a85c459a165c74/element - {"using":"xpath","value":"//bdi[contains(text(), \"Close\")]"}
RESULT: {"using":"xpath","value":"//bdi[contains(text(), \"Close\")]"}
COMMAND: POST /session/6773c96d6a7511f796a85c459a165c74/element/f.29D878CEA50B72482771CEDAC8A54377.d.FF5B051F9E1B3A66C4F212E4586B068A.e.1605/click - {}
RESULT: {}
COMMAND: GET /session/6773c96d6a7511f796a85c459a165c74/screenshot - {}
RESULT: {}
COMMAND: POST /session/6773c96d6a7511f796a85c459a165c74/element - {"using":"xpath","value":"(//button[contains(@id ,\"actionsToolbar-overflowButton\")])[1]"}
RESULT: {"using":"xpath","value":"(//button[contains(@id ,\"actionsToolbar-overflowButton\")])[1]"}
COMMAND: POST /session/6773c96d6a7511f796a85c459a165c74/element/f.29D878CEA50B72482771CEDAC8A54377.d.FF5B051F9E1B3A66C4F212E4586B068A.e.1663/click - {}
RESULT: {}
COMMAND: GET /session/6773c96d6a7511f796a85c459a165c74/screenshot - {}
RESULT: {}
COMMAND: POST /session/6773c96d6a7511f796a85c459a165c74/element - {"using":"xpath","value":"//button[@data-kt=\"priceInfoButton\"]"}
RESULT: {"using":"xpath","value":"//button[@data-kt=\"priceInfoButton\"]"}
COMMAND: POST /session/6773c96d6a7511f796a85c459a165c74/element/f.29D878CEA50B72482771CEDAC8A54377.d.FF5B051F9E1B3A66C4F212E4586B068A.e.1665/click - {}
RESULT: {}
COMMAND: GET /session/6773c96d6a7511f796a85c459a165c74/screenshot - {}
RESULT: {}
COMMAND: POST /session/6773c96d6a7511f796a85c459a165c74/element - {"using":"css selector","value":"#shell-header-logo"}
RESULT: {"using":"css selector","value":"#shell-header-logo"}
COMMAND: POST /session/6773c96d6a7511f796a85c459a165c74/element/f.29D878CEA50B72482771CEDAC8A54377.d.FF5B051F9E1B3A66C4F212E4586B068A.e.1024/click - {}
RESULT: {}
COMMAND: GET /session/6773c96d6a7511f796a85c459a165c74/screenshot - {}
]]></system-out>
    </testcase>
    <testcase classname="chrome.136_0_7103_93.windows.Create_condition_pricing_US117289_US134625" name="Should create new condition" time="70.731">
      <system-out><![CDATA[
COMMAND: POST /session/6773c96d6a7511f796a85c459a165c74/execute/async - {"script":"<script> [1562 bytes]","args":[{"selector":{"controlType":"sap.m.GenericTile","properties":{"header":"Manage Conditions & Prices"}},"wdio_ui5_key":"sapm.GenericTile{\"header\":\"Manage Conditions & Prices\"}"}]}
RESULT: {"script":"<script> [1562 bytes]","args":[{"selector":{"controlType":"sap.m.GenericTile","properties":{"header":"Manage Conditions & Prices"}},"wdio_ui5_key":"sapm.GenericTile{\"header\":\"Manage Conditions & Prices\"}"}]}
RESULT: undefined
COMMAND: POST /session/6773c96d6a7511f796a85c459a165c74/element - {"using":"xpath","value":"//*[@id=\"__tile53\"]"}
RESULT: {}
RESULT: {"using":"xpath","value":"//*[@id=\"__tile53\"]"}
COMMAND: POST /session/6773c96d6a7511f796a85c459a165c74/element/f.29D878CEA50B72482771CEDAC8A54377.d.FF5B051F9E1B3A66C4F212E4586B068A.e.209/click - {}
RESULT: {}
COMMAND: GET /session/6773c96d6a7511f796a85c459a165c74/screenshot - {}
RESULT: {}
COMMAND: POST /session/6773c96d6a7511f796a85c459a165c74/elements - {"using":"xpath","value":"//span[text()='Error']"}
RESULT: {"using":"xpath","value":"//span[text()='Error']"}
COMMAND: POST /session/6773c96d6a7511f796a85c459a165c74/element - {"using":"xpath","value":"//button[@aria-label=\"Create\"]"}
RESULT: {"using":"xpath","value":"//button[@aria-label=\"Create\"]"}
COMMAND: POST /session/6773c96d6a7511f796a85c459a165c74/elements - {"using":"xpath","value":"//button[@aria-label=\"Create\"]"}
RESULT: {"using":"xpath","value":"//button[@aria-label=\"Create\"]"}
COMMAND: POST /session/6773c96d6a7511f796a85c459a165c74/execute/sync - {"script":"<script> [8489 bytes]","args":[{"element-6066-11e4-a52e-4f735466cecf":"f.29D878CEA50B72482771CEDAC8A54377.d.FF5B051F9E1B3A66C4F212E4586B068A.e.1742","ELEMENT":"f.29D878CEA50B72482771CEDAC8A54377.d.FF5B051F9E1B3A66C4F212E4586B068A.e.1742"}]}
RESULT: {"script":"<script> [8489 bytes]","args":[{"element-6066-11e4-a52e-4f735466cecf":"f.29D878CEA50B72482771CEDAC8A54377.d.FF5B051F9E1B3A66C4F212E4586B068A.e.1742","ELEMENT":"f.29D878CEA50B72482771CEDAC8A54377.d.FF5B051F9E1B3A66C4F212E4586B068A.e.1742"}]}
COMMAND: GET /session/6773c96d6a7511f796a85c459a165c74/element/f.29D878CEA50B72482771CEDAC8A54377.d.FF5B051F9E1B3A66C4F212E4586B068A.e.1742/enabled - {}
COMMAND: GET /session/6773c96d6a7511f796a85c459a165c74/screenshot - {}
RESULT: {}
COMMAND: POST /session/6773c96d6a7511f796a85c459a165c74/execute/sync - {"script":"<script> [8489 bytes]","args":[{"element-6066-11e4-a52e-4f735466cecf":"f.29D878CEA50B72482771CEDAC8A54377.d.FF5B051F9E1B3A66C4F212E4586B068A.e.1742","ELEMENT":"f.29D878CEA50B72482771CEDAC8A54377.d.FF5B051F9E1B3A66C4F212E4586B068A.e.1742"}]}
COMMAND: GET /session/6773c96d6a7511f796a85c459a165c74/screenshot - {}
RESULT: {}
RESULT: {"script":"<script> [8489 bytes]","args":[{"element-6066-11e4-a52e-4f735466cecf":"f.29D878CEA50B72482771CEDAC8A54377.d.FF5B051F9E1B3A66C4F212E4586B068A.e.1742","ELEMENT":"f.29D878CEA50B72482771CEDAC8A54377.d.FF5B051F9E1B3A66C4F212E4586B068A.e.1742"}]}
COMMAND: POST /session/6773c96d6a7511f796a85c459a165c74/execute/sync - {"script":"<script> [5351 bytes]","args":[{"element-6066-11e4-a52e-4f735466cecf":"f.29D878CEA50B72482771CEDAC8A54377.d.FF5B051F9E1B3A66C4F212E4586B068A.e.1742","ELEMENT":"f.29D878CEA50B72482771CEDAC8A54377.d.FF5B051F9E1B3A66C4F212E4586B068A.e.1742"}]}
COMMAND: GET /session/6773c96d6a7511f796a85c459a165c74/screenshot - {}
RESULT: {}
RESULT: {"script":"<script> [5351 bytes]","args":[{"element-6066-11e4-a52e-4f735466cecf":"f.29D878CEA50B72482771CEDAC8A54377.d.FF5B051F9E1B3A66C4F212E4586B068A.e.1742","ELEMENT":"f.29D878CEA50B72482771CEDAC8A54377.d.FF5B051F9E1B3A66C4F212E4586B068A.e.1742"}]}
COMMAND: POST /session/6773c96d6a7511f796a85c459a165c74/element/f.29D878CEA50B72482771CEDAC8A54377.d.FF5B051F9E1B3A66C4F212E4586B068A.e.1742/click - {}
COMMAND: GET /session/6773c96d6a7511f796a85c459a165c74/screenshot - {}
RESULT: {}
RESULT: {}
COMMAND: GET /session/6773c96d6a7511f796a85c459a165c74/screenshot - {}
RESULT: {}
RESULT: {}
COMMAND: POST /session/6773c96d6a7511f796a85c459a165c74/actions - {"actions":[{"id":"action6","type":"key","parameters":{},"actions":[{"type":"keyDown","value":"î€‡"},{"type":"pause","duration":10},{"type":"keyUp","value":"î€‡"}]}]}
RESULT: {"actions":[{"id":"action6","type":"key","parameters":{},"actions":[{"type":"keyDown","value":"î€‡"},{"type":"pause","duration":10},{"type":"keyUp","value":"î€‡"}]}]}
COMMAND: GET /session/6773c96d6a7511f796a85c459a165c74/screenshot - {}
RESULT: {}
COMMAND: POST /session/6773c96d6a7511f796a85c459a165c74/execute/async - {"script":"<script> [1562 bytes]","args":[{"selector":{"id":"application-manageconditionprice-display-component---newCondition--condBillCond-arrow"},"wdio_ui5_key":"applicationmanageconditionprice-display-component---newCondition--condBillCond-arrow"}]}
RESULT: {"script":"<script> [1562 bytes]","args":[{"selector":{"id":"application-manageconditionprice-display-component---newCondition--condBillCond-arrow"},"wdio_ui5_key":"applicationmanageconditionprice-display-component---newCondition--condBillCond-arrow"}]}
RESULT: undefined
COMMAND: POST /session/6773c96d6a7511f796a85c459a165c74/element - {"using":"xpath","value":"//*[@id=\"application-manageconditionprice-display-component---newCondition--condBillCond-arrow\"]"}
RESULT: {"using":"xpath","value":"//*[@id=\"application-manageconditionprice-display-component---newCondition--condBillCond-arrow\"]"}
COMMAND: POST /session/6773c96d6a7511f796a85c459a165c74/element/f.29D878CEA50B72482771CEDAC8A54377.d.FF5B051F9E1B3A66C4F212E4586B068A.e.1953/click - {}
RESULT: {}
COMMAND: GET /session/6773c96d6a7511f796a85c459a165c74/screenshot - {}
RESULT: {}
COMMAND: POST /session/6773c96d6a7511f796a85c459a165c74/element - {"using":"xpath","value":"//li[.//span[contains(text(), \"SAPR - Sales price\")]]"}
RESULT: {"using":"xpath","value":"//li[.//span[contains(text(), \"SAPR - Sales price\")]]"}
COMMAND: POST /session/6773c96d6a7511f796a85c459a165c74/element/f.29D878CEA50B72482771CEDAC8A54377.d.FF5B051F9E1B3A66C4F212E4586B068A.e.1956/click - {}
RESULT: {}
COMMAND: GET /session/6773c96d6a7511f796a85c459a165c74/screenshot - {}
RESULT: {}
COMMAND: POST /session/6773c96d6a7511f796a85c459a165c74/execute/async - {"script":"<script> [1562 bytes]","args":[{"selector":{"id":"application-manageconditionprice-display-component---newCondition--condValidTo","interaction":{"idSuffix":"inner"}},"wdio_ui5_key":"applicationmanageconditionprice-display-component---newCondition--condValidTo"}]}
RESULT: {"script":"<script> [1562 bytes]","args":[{"selector":{"id":"application-manageconditionprice-display-component---newCondition--condValidTo","interaction":{"idSuffix":"inner"}},"wdio_ui5_key":"applicationmanageconditionprice-display-component---newCondition--condValidTo"}]}
RESULT: undefined
COMMAND: POST /session/6773c96d6a7511f796a85c459a165c74/execute/async - {"script":"<script> [776 bytes]","args":[{"enterText":"1/17/26","selector":{"id":"application-manageconditionprice-display-component---newCondition--condValidTo","interaction":{"idSuffix":"inner"}},"clearTextFirst":true,"interactionType":"ENTER_TEXT"}]}
RESULT: {"script":"<script> [776 bytes]","args":[{"enterText":"1/17/26","selector":{"id":"application-manageconditionprice-display-component---newCondition--condValidTo","interaction":{"idSuffix":"inner"}},"clearTextFirst":true,"interactionType":"ENTER_TEXT"}]}
COMMAND: POST /session/6773c96d6a7511f796a85c459a165c74/element - {"using":"xpath","value":"//input[@id=\"application-manageconditionprice-display-component---newCondition--condRU-inner\"]"}
RESULT: {"using":"xpath","value":"//input[@id=\"application-manageconditionprice-display-component---newCondition--condRU-inner\"]"}
COMMAND: POST /session/6773c96d6a7511f796a85c459a165c74/element/f.29D878CEA50B72482771CEDAC8A54377.d.FF5B051F9E1B3A66C4F212E4586B068A.e.1819/clear - {}
RESULT: {}
COMMAND: POST /session/6773c96d6a7511f796a85c459a165c74/element/f.29D878CEA50B72482771CEDAC8A54377.d.FF5B051F9E1B3A66C4F212E4586B068A.e.1819/value - {"text":"2SRl0Y2utJ"}
COMMAND: GET /session/6773c96d6a7511f796a85c459a165c74/screenshot - {}
RESULT: {"text":"2SRl0Y2utJ"}
COMMAND: GET /session/6773c96d6a7511f796a85c459a165c74/screenshot - {}
RESULT: {}
RESULT: {}
COMMAND: POST /session/6773c96d6a7511f796a85c459a165c74/actions - {"actions":[{"id":"action7","type":"key","parameters":{},"actions":[{"type":"keyDown","value":"î€‡"},{"type":"pause","duration":10},{"type":"keyUp","value":"î€‡"}]}]}
RESULT: {"actions":[{"id":"action7","type":"key","parameters":{},"actions":[{"type":"keyDown","value":"î€‡"},{"type":"pause","duration":10},{"type":"keyUp","value":"î€‡"}]}]}
COMMAND: POST /session/6773c96d6a7511f796a85c459a165c74/execute/async - {"script":"<script> [1562 bytes]","args":[{"selector":{"id":"application-manageconditionprice-display-component---newCondition--condBaseQty","interaction":{"idSuffix":"inner"}},"wdio_ui5_key":"applicationmanageconditionprice-display-component---newCondition--condBaseQty"}]}
COMMAND: GET /session/6773c96d6a7511f796a85c459a165c74/screenshot - {}
RESULT: {"script":"<script> [1562 bytes]","args":[{"selector":{"id":"application-manageconditionprice-display-component---newCondition--condBaseQty","interaction":{"idSuffix":"inner"}},"wdio_ui5_key":"applicationmanageconditionprice-display-component---newCondition--condBaseQty"}]}
RESULT: undefined
COMMAND: POST /session/6773c96d6a7511f796a85c459a165c74/execute/async - {"script":"<script> [776 bytes]","args":[{"enterText":"1","selector":{"id":"application-manageconditionprice-display-component---newCondition--condBaseQty","interaction":{"idSuffix":"inner"}},"clearTextFirst":true,"interactionType":"ENTER_TEXT"}]}
RESULT: {}
RESULT: {"script":"<script> [776 bytes]","args":[{"enterText":"1","selector":{"id":"application-manageconditionprice-display-component---newCondition--condBaseQty","interaction":{"idSuffix":"inner"}},"clearTextFirst":true,"interactionType":"ENTER_TEXT"}]}
COMMAND: POST /session/6773c96d6a7511f796a85c459a165c74/execute/async - {"script":"<script> [1562 bytes]","args":[{"selector":{"id":"application-manageconditionprice-display-component---newCondition--condValue","interaction":{"idSuffix":"inner"}},"wdio_ui5_key":"applicationmanageconditionprice-display-component---newCondition--condValue"}]}
RESULT: {"script":"<script> [1562 bytes]","args":[{"selector":{"id":"application-manageconditionprice-display-component---newCondition--condValue","interaction":{"idSuffix":"inner"}},"wdio_ui5_key":"applicationmanageconditionprice-display-component---newCondition--condValue"}]}
RESULT: undefined
COMMAND: POST /session/6773c96d6a7511f796a85c459a165c74/execute/async - {"script":"<script> [776 bytes]","args":[{"enterText":"200","selector":{"id":"application-manageconditionprice-display-component---newCondition--condValue","interaction":{"idSuffix":"inner"}},"clearTextFirst":true,"interactionType":"ENTER_TEXT"}]}
RESULT: {"script":"<script> [776 bytes]","args":[{"enterText":"200","selector":{"id":"application-manageconditionprice-display-component---newCondition--condValue","interaction":{"idSuffix":"inner"}},"clearTextFirst":true,"interactionType":"ENTER_TEXT"}]}
COMMAND: POST /session/6773c96d6a7511f796a85c459a165c74/execute/async - {"script":"<script> [1562 bytes]","args":[{"selector":{"id":"application-manageconditionprice-display-component---newCondition--condCurr-arrow"},"wdio_ui5_key":"applicationmanageconditionprice-display-component---newCondition--condCurr-arrow"}]}
RESULT: {"script":"<script> [1562 bytes]","args":[{"selector":{"id":"application-manageconditionprice-display-component---newCondition--condCurr-arrow"},"wdio_ui5_key":"applicationmanageconditionprice-display-component---newCondition--condCurr-arrow"}]}
RESULT: undefined
COMMAND: POST /session/6773c96d6a7511f796a85c459a165c74/element - {"using":"xpath","value":"//*[@id=\"application-manageconditionprice-display-component---newCondition--condCurr-arrow\"]"}
RESULT: {"using":"xpath","value":"//*[@id=\"application-manageconditionprice-display-component---newCondition--condCurr-arrow\"]"}
COMMAND: POST /session/6773c96d6a7511f796a85c459a165c74/element/f.29D878CEA50B72482771CEDAC8A54377.d.FF5B051F9E1B3A66C4F212E4586B068A.e.1935/click - {}
RESULT: {}
COMMAND: POST /session/6773c96d6a7511f796a85c459a165c74/element - {"using":"xpath","value":"//span[contains(text(), \"Euro\")]"}
COMMAND: GET /session/6773c96d6a7511f796a85c459a165c74/screenshot - {}
RESULT: {"using":"xpath","value":"//span[contains(text(), \"Euro\")]"}
COMMAND: POST /session/6773c96d6a7511f796a85c459a165c74/element/f.29D878CEA50B72482771CEDAC8A54377.d.FF5B051F9E1B3A66C4F212E4586B068A.e.1994/click - {}
RESULT: {}
RESULT: {}
COMMAND: POST /session/6773c96d6a7511f796a85c459a165c74/element - {"using":"xpath","value":"//button[@data-kt=\"saveButton\"]"}
COMMAND: GET /session/6773c96d6a7511f796a85c459a165c74/screenshot - {}
RESULT: {"using":"xpath","value":"//button[@data-kt=\"saveButton\"]"}
COMMAND: POST /session/6773c96d6a7511f796a85c459a165c74/element/f.29D878CEA50B72482771CEDAC8A54377.d.FF5B051F9E1B3A66C4F212E4586B068A.e.1936/click - {}
RESULT: {}
RESULT: {}
COMMAND: GET /session/6773c96d6a7511f796a85c459a165c74/screenshot - {}
RESULT: {}
COMMAND: POST /session/6773c96d6a7511f796a85c459a165c74/execute/async - {"script":"<script> [1562 bytes]","args":[{"selector":{"id":"application-manageconditionprice-display-component---conditions--smartFilterBar-btnBasicSearch","interaction":{"idSuffix":"I"}},"wdio_ui5_key":"applicationmanageconditionprice-display-component---conditions--smartFilterBar-btnBasicSearch"}]}
RESULT: {"script":"<script> [1562 bytes]","args":[{"selector":{"id":"application-manageconditionprice-display-component---conditions--smartFilterBar-btnBasicSearch","interaction":{"idSuffix":"I"}},"wdio_ui5_key":"applicationmanageconditionprice-display-component---conditions--smartFilterBar-btnBasicSearch"}]}
RESULT: undefined
COMMAND: POST /session/6773c96d6a7511f796a85c459a165c74/execute/async - {"script":"<script> [776 bytes]","args":[{"enterText":"2SRl0Y2utJ","selector":{"id":"application-manageconditionprice-display-component---conditions--smartFilterBar-btnBasicSearch","interaction":{"idSuffix":"I"}},"clearTextFirst":true,"interactionType":"ENTER_TEXT"}]}
RESULT: {"script":"<script> [776 bytes]","args":[{"enterText":"2SRl0Y2utJ","selector":{"id":"application-manageconditionprice-display-component---conditions--smartFilterBar-btnBasicSearch","interaction":{"idSuffix":"I"}},"clearTextFirst":true,"interactionType":"ENTER_TEXT"}]}
COMMAND: POST /session/6773c96d6a7511f796a85c459a165c74/actions - {"actions":[{"id":"action8","type":"key","parameters":{},"actions":[{"type":"keyDown","value":"î€‡"},{"type":"pause","duration":10},{"type":"keyUp","value":"î€‡"}]}]}
RESULT: {"actions":[{"id":"action8","type":"key","parameters":{},"actions":[{"type":"keyDown","value":"î€‡"},{"type":"pause","duration":10},{"type":"keyUp","value":"î€‡"}]}]}
COMMAND: GET /session/6773c96d6a7511f796a85c459a165c74/screenshot - {}
RESULT: {}
COMMAND: POST /session/6773c96d6a7511f796a85c459a165c74/execute/async - {"script":"<script> [1562 bytes]","args":[{"selector":{"id":"application-manageconditionprice-display-component---conditions--smartFilterBar-filterItemControl_BASIC-BILL_TYPES-vhi"},"wdio_ui5_key":"applicationmanageconditionprice-display-component---conditions--smartFilterBar-filterItemControl_BASIC-BILL_TYPES-vhi"}]}
RESULT: {"script":"<script> [1562 bytes]","args":[{"selector":{"id":"application-manageconditionprice-display-component---conditions--smartFilterBar-filterItemControl_BASIC-BILL_TYPES-vhi"},"wdio_ui5_key":"applicationmanageconditionprice-display-component---conditions--smartFilterBar-filterItemControl_BASIC-BILL_TYPES-vhi"}]}
RESULT: undefined
COMMAND: POST /session/6773c96d6a7511f796a85c459a165c74/element - {"using":"xpath","value":"//*[@id=\"application-manageconditionprice-display-component---conditions--smartFilterBar-filterItemControl_BASIC-BILL_TYPES-vhi\"]"}
RESULT: {"using":"xpath","value":"//*[@id=\"application-manageconditionprice-display-component---conditions--smartFilterBar-filterItemControl_BASIC-BILL_TYPES-vhi\"]"}
COMMAND: POST /session/6773c96d6a7511f796a85c459a165c74/element/f.29D878CEA50B72482771CEDAC8A54377.d.FF5B051F9E1B3A66C4F212E4586B068A.e.2101/click - {}
RESULT: {}
COMMAND: POST /session/6773c96d6a7511f796a85c459a165c74/execute/async - {"script":"<script> [1562 bytes]","args":[{"selector":{"id":"application-manageconditionprice-display-component---conditions--smartFilterBar-filterItemControl_BASIC-BILL_TYPES-valueHelpDialog-smartFilterBar-btnBasicSearch","searchOpenDialogs":true,"interaction":{"idSuffix":"I"}},"wdio_ui5_key":"applicationmanageconditionprice-display-component---conditions--smartFilterBar-filterItemControl_BASIC-BILL_TYPES-valueHelpDialog-smartFilterBar-btnBasicSearch"}]}
COMMAND: GET /session/6773c96d6a7511f796a85c459a165c74/screenshot - {}
RESULT: {"script":"<script> [1562 bytes]","args":[{"selector":{"id":"application-manageconditionprice-display-component---conditions--smartFilterBar-filterItemControl_BASIC-BILL_TYPES-valueHelpDialog-smartFilterBar-btnBasicSearch","searchOpenDialogs":true,"interaction":{"idSuffix":"I"}},"wdio_ui5_key":"applicationmanageconditionprice-display-component---conditions--smartFilterBar-filterItemControl_BASIC-BILL_TYPES-valueHelpDialog-smartFilterBar-btnBasicSearch"}]}
RESULT: undefined
COMMAND: POST /session/6773c96d6a7511f796a85c459a165c74/execute/async - {"script":"<script> [776 bytes]","args":[{"enterText":"one","selector":{"id":"application-manageconditionprice-display-component---conditions--smartFilterBar-filterItemControl_BASIC-BILL_TYPES-valueHelpDialog-smartFilterBar-btnBasicSearch","searchOpenDialogs":true,"interaction":{"idSuffix":"I"}},"clearTextFirst":true,"interactionType":"ENTER_TEXT"}]}
RESULT: {}
RESULT: {"script":"<script> [776 bytes]","args":[{"enterText":"one","selector":{"id":"application-manageconditionprice-display-component---conditions--smartFilterBar-filterItemControl_BASIC-BILL_TYPES-valueHelpDialog-smartFilterBar-btnBasicSearch","searchOpenDialogs":true,"interaction":{"idSuffix":"I"}},"clearTextFirst":true,"interactionType":"ENTER_TEXT"}]}
COMMAND: POST /session/6773c96d6a7511f796a85c459a165c74/actions - {"actions":[{"id":"action9","type":"key","parameters":{},"actions":[{"type":"keyDown","value":"î€‡"},{"type":"pause","duration":10},{"type":"keyUp","value":"î€‡"}]}]}
RESULT: {"actions":[{"id":"action9","type":"key","parameters":{},"actions":[{"type":"keyDown","value":"î€‡"},{"type":"pause","duration":10},{"type":"keyUp","value":"î€‡"}]}]}
COMMAND: GET /session/6773c96d6a7511f796a85c459a165c74/screenshot - {}
RESULT: {}
COMMAND: POST /session/6773c96d6a7511f796a85c459a165c74/element - {"using":"xpath","value":"//div[contains(@id, 'application-manageconditionprice-display-component---conditions--smartFilterBar-filterItemControl_BASIC-BILL_TYPES-valueHelpDialog-table-rowsel0')]"}
RESULT: {"using":"xpath","value":"//div[contains(@id, 'application-manageconditionprice-display-component---conditions--smartFilterBar-filterItemControl_BASIC-BILL_TYPES-valueHelpDialog-table-rowsel0')]"}
COMMAND: POST /session/6773c96d6a7511f796a85c459a165c74/element/f.29D878CEA50B72482771CEDAC8A54377.d.FF5B051F9E1B3A66C4F212E4586B068A.e.2109/click - {}
RESULT: {}
COMMAND: GET /session/6773c96d6a7511f796a85c459a165c74/screenshot - {}
RESULT: {}
COMMAND: POST /session/6773c96d6a7511f796a85c459a165c74/element - {"using":"xpath","value":"//bdi[contains(text(), \"OK\")]"}
RESULT: {"using":"xpath","value":"//bdi[contains(text(), \"OK\")]"}
COMMAND: POST /session/6773c96d6a7511f796a85c459a165c74/element/f.29D878CEA50B72482771CEDAC8A54377.d.FF5B051F9E1B3A66C4F212E4586B068A.e.2111/click - {}
RESULT: {}
COMMAND: GET /session/6773c96d6a7511f796a85c459a165c74/screenshot - {}
RESULT: {}
COMMAND: POST /session/6773c96d6a7511f796a85c459a165c74/element - {"using":"xpath","value":"//span[@id=\"application-manageconditionprice-display-component---conditions--smartTable-header-inner\"]"}
RESULT: {"using":"xpath","value":"//span[@id=\"application-manageconditionprice-display-component---conditions--smartTable-header-inner\"]"}
COMMAND: POST /session/6773c96d6a7511f796a85c459a165c74/elements - {"using":"xpath","value":"//span[@id=\"application-manageconditionprice-display-component---conditions--smartTable-header-inner\"]"}
RESULT: {"using":"xpath","value":"//span[@id=\"application-manageconditionprice-display-component---conditions--smartTable-header-inner\"]"}
COMMAND: POST /session/6773c96d6a7511f796a85c459a165c74/execute/sync - {"script":"<script> [56 bytes]","args":[{"element-6066-11e4-a52e-4f735466cecf":"f.29D878CEA50B72482771CEDAC8A54377.d.FF5B051F9E1B3A66C4F212E4586B068A.e.2114","ELEMENT":"f.29D878CEA50B72482771CEDAC8A54377.d.FF5B051F9E1B3A66C4F212E4586B068A.e.2114"}]}
RESULT: {"script":"<script> [56 bytes]","args":[{"element-6066-11e4-a52e-4f735466cecf":"f.29D878CEA50B72482771CEDAC8A54377.d.FF5B051F9E1B3A66C4F212E4586B068A.e.2114","ELEMENT":"f.29D878CEA50B72482771CEDAC8A54377.d.FF5B051F9E1B3A66C4F212E4586B068A.e.2114"}]}
COMMAND: POST /session/6773c96d6a7511f796a85c459a165c74/element - {"using":"css selector","value":"#shell-header-logo"}
COMMAND: GET /session/6773c96d6a7511f796a85c459a165c74/screenshot - {}
RESULT: {"using":"css selector","value":"#shell-header-logo"}
COMMAND: POST /session/6773c96d6a7511f796a85c459a165c74/element/f.29D878CEA50B72482771CEDAC8A54377.d.FF5B051F9E1B3A66C4F212E4586B068A.e.1705/click - {}
RESULT: {}
RESULT: {}
COMMAND: GET /session/6773c96d6a7511f796a85c459a165c74/screenshot - {}
RESULT: {}
COMMAND: POST /session/6773c96d6a7511f796a85c459a165c74/element - {"using":"css selector","value":"#j_username"}
COMMAND: POST /session/6773c96d6a7511f796a85c459a165c74/url - {"url":"https://qa-testing-00-live-etm-ui.cfapps.eu10-004.hana.ondemand.com/"}
RESULT: {"using":"css selector","value":"#j_username"}
COMMAND: POST /session/6773c96d6a7511f796a85c459a165c74/element - {"using":"css selector","value":"#j_username"}
RESULT: {"url":"https://qa-testing-00-live-etm-ui.cfapps.eu10-004.hana.ondemand.com/"}
RESULT: undefined
COMMAND: GET /session/6773c96d6a7511f796a85c459a165c74/screenshot - {}
RESULT: {"using":"css selector","value":"#j_username"}
COMMAND: POST /session/6773c96d6a7511f796a85c459a165c74/element - {"using":"css selector","value":"#shell-header-logo"}
RESULT: {}
RESULT: {"using":"css selector","value":"#shell-header-logo"}
COMMAND: POST /session/6773c96d6a7511f796a85c459a165c74/execute/sync - {"script":"<script> [8489 bytes]","args":[{"element-6066-11e4-a52e-4f735466cecf":"f.29D878CEA50B72482771CEDAC8A54377.d.D1685A232CF825BF2B280211FBE8768E.e.2134","ELEMENT":"f.29D878CEA50B72482771CEDAC8A54377.d.D1685A232CF825BF2B280211FBE8768E.e.2134"}]}
RESULT: {"script":"<script> [8489 bytes]","args":[{"element-6066-11e4-a52e-4f735466cecf":"f.29D878CEA50B72482771CEDAC8A54377.d.D1685A232CF825BF2B280211FBE8768E.e.2134","ELEMENT":"f.29D878CEA50B72482771CEDAC8A54377.d.D1685A232CF825BF2B280211FBE8768E.e.2134"}]}
COMMAND: POST /session/6773c96d6a7511f796a85c459a165c74/element - {"using":"css selector","value":"#shell-header-logo"}
COMMAND: GET /session/6773c96d6a7511f796a85c459a165c74/screenshot - {}
RESULT: {"using":"css selector","value":"#shell-header-logo"}
COMMAND: POST /session/6773c96d6a7511f796a85c459a165c74/execute/sync - {"script":"<script> [8489 bytes]","args":[{"element-6066-11e4-a52e-4f735466cecf":"f.29D878CEA50B72482771CEDAC8A54377.d.D1685A232CF825BF2B280211FBE8768E.e.2134","ELEMENT":"f.29D878CEA50B72482771CEDAC8A54377.d.D1685A232CF825BF2B280211FBE8768E.e.2134"}]}
RESULT: {}
RESULT: {"script":"<script> [8489 bytes]","args":[{"element-6066-11e4-a52e-4f735466cecf":"f.29D878CEA50B72482771CEDAC8A54377.d.D1685A232CF825BF2B280211FBE8768E.e.2134","ELEMENT":"f.29D878CEA50B72482771CEDAC8A54377.d.D1685A232CF825BF2B280211FBE8768E.e.2134"}]}
COMMAND: POST /session/6773c96d6a7511f796a85c459a165c74/execute/sync - {"script":"<script> [5351 bytes]","args":[{"element-6066-11e4-a52e-4f735466cecf":"f.29D878CEA50B72482771CEDAC8A54377.d.D1685A232CF825BF2B280211FBE8768E.e.2134","ELEMENT":"f.29D878CEA50B72482771CEDAC8A54377.d.D1685A232CF825BF2B280211FBE8768E.e.2134"}]}
COMMAND: GET /session/6773c96d6a7511f796a85c459a165c74/screenshot - {}
RESULT: {"script":"<script> [5351 bytes]","args":[{"element-6066-11e4-a52e-4f735466cecf":"f.29D878CEA50B72482771CEDAC8A54377.d.D1685A232CF825BF2B280211FBE8768E.e.2134","ELEMENT":"f.29D878CEA50B72482771CEDAC8A54377.d.D1685A232CF825BF2B280211FBE8768E.e.2134"}]}
COMMAND: POST /session/6773c96d6a7511f796a85c459a165c74/element - {"using":"css selector","value":"#shell-header-logo"}
COMMAND: GET /session/6773c96d6a7511f796a85c459a165c74/screenshot - {}
RESULT: {}
RESULT: {"using":"css selector","value":"#shell-header-logo"}
COMMAND: POST /session/6773c96d6a7511f796a85c459a165c74/element/f.29D878CEA50B72482771CEDAC8A54377.d.D1685A232CF825BF2B280211FBE8768E.e.2134/click - {}
RESULT: {}
RESULT: {}
COMMAND: GET /session/6773c96d6a7511f796a85c459a165c74/screenshot - {}
RESULT: {}
COMMAND: POST /session/6773c96d6a7511f796a85c459a165c74/execute/async - {"script":"<script> [189 bytes]","args":[]}
RESULT: {"script":"<script> [189 bytes]","args":[]}
COMMAND: POST /session/6773c96d6a7511f796a85c459a165c74/execute/async - {"script":"<script> [123 bytes]","args":[]}
RESULT: {"script":"<script> [123 bytes]","args":[]}
COMMAND: POST /session/6773c96d6a7511f796a85c459a165c74/timeouts - {"script":"<number>"}
RESULT: {"script":"<number>"}
COMMAND: GET /session/6773c96d6a7511f796a85c459a165c74/timeouts - {}
RESULT: {}
RESULT: undefined
COMMAND: POST /session/6773c96d6a7511f796a85c459a165c74/execute/async - {"script":"<script> [2676 bytes]","args":[]}
RESULT: {"script":"<script> [2676 bytes]","args":[]}
COMMAND: POST /session/6773c96d6a7511f796a85c459a165c74/execute/async - {"script":"<script> [2342 bytes]","args":[{"protocol":"http","hostname":"0.0.0.0","path":"/","capabilities":{"browserName":"chrome","goog:chromeOptions":{"binary":"C:\\Program Files\\Google\\Chrome\\Application\\chrome.exe","args":["--start-maximized"]}},"logLevel":"warn","connectionRetryTimeout":120000,"connectionRetryCount":3,"logLevels":{},"enableDirectConnect":true,"strictSSL":true,"_":"65 more keys: [\"cacheDir\",\"port\",\"requestedCapabilities\",\"automationProtocol\",\"baseUrl\",\"waitforInterval\",\"waitforTimeout\",\"onReload\",\"beforeCommand\",\"afterCommand\",\"rootDir\",\"specs\",\"suites\",\"exclude\",\"groupLogsByTestSpec\",\"excludeDriverLogs\",\"bail\",\"framework\",\"reporters\",\"services\",\"maxInstances\",\"maxInstancesPerCapability\",\"injectGlobals\",\"filesToWatch\",\"execArgv\",\"runnerEnv\",\"runner\",\"shard\",\"specFileRetries\",\"specFileRetriesDelay\",\"specFileRetriesDeferred\",\"reporterSyncInterval\",\"reporterSyncTimeout\",\"cucumberFeaturesWithLineNumbers\",\"autoCompileOpts\",\"mochaOpts\",\"jasmineOpts\",\"cucumberOpts\",\"onPrepare\",\"onWorkerStart\",\"onWorkerEnd\",\"before\",\"beforeSession\",\"beforeSuite\",\"beforeHook\",\"beforeTest\",\"afterTest\",\"afterHook\",\"afterSuite\",\"afterSession\",\"after\",\"onComplete\",\"beforeAssertion\",\"afterAssertion\",\"beforeFeature\",\"beforeScenario\",\"beforeStep\",\"afterStep\",\"afterScenario\",\"afterFeature\",\"_\",\"suite\",\"$0\",\"ignoredWorkerServices\",\"wdi5\"]"}]}
RESULT: {"script":"<script> [2342 bytes]","args":[{"protocol":"http","hostname":"0.0.0.0","path":"/","capabilities":{"browserName":"chrome","goog:chromeOptions":{"binary":"C:\\Program Files\\Google\\Chrome\\Application\\chrome.exe","args":["--start-maximized"]}},"logLevel":"warn","connectionRetryTimeout":120000,"connectionRetryCount":3,"logLevels":{},"enableDirectConnect":true,"strictSSL":true,"_":"65 more keys: [\"cacheDir\",\"port\",\"requestedCapabilities\",\"automationProtocol\",\"baseUrl\",\"waitforInterval\",\"waitforTimeout\",\"onReload\",\"beforeCommand\",\"afterCommand\",\"rootDir\",\"specs\",\"suites\",\"exclude\",\"groupLogsByTestSpec\",\"excludeDriverLogs\",\"bail\",\"framework\",\"reporters\",\"services\",\"maxInstances\",\"maxInstancesPerCapability\",\"injectGlobals\",\"filesToWatch\",\"execArgv\",\"runnerEnv\",\"runner\",\"shard\",\"specFileRetries\",\"specFileRetriesDelay\",\"specFileRetriesDeferred\",\"reporterSyncInterval\",\"reporterSyncTimeout\",\"cucumberFeaturesWithLineNumbers\",\"autoCompileOpts\",\"mochaOpts\",\"jasmineOpts\",\"cucumberOpts\",\"onPrepare\",\"onWorkerStart\",\"onWorkerEnd\",\"before\",\"beforeSession\",\"beforeSuite\",\"beforeHook\",\"beforeTest\",\"afterTest\",\"afterHook\",\"afterSuite\",\"afterSession\",\"after\",\"onComplete\",\"beforeAssertion\",\"afterAssertion\",\"beforeFeature\",\"beforeScenario\",\"beforeStep\",\"afterStep\",\"afterScenario\",\"afterFeature\",\"_\",\"suite\",\"$0\",\"ignoredWorkerServices\",\"wdi5\"]"}]}
COMMAND: POST /session/6773c96d6a7511f796a85c459a165c74/execute/async - {"script":"<script> [21126 bytes]","args":[35000]}
RESULT: {"script":"<script> [21126 bytes]","args":[35000]}
COMMAND: POST /session/6773c96d6a7511f796a85c459a165c74/window/maximize - {}
RESULT: {}
COMMAND: POST /session/6773c96d6a7511f796a85c459a165c74/execute/async - {"script":"<script> [1562 bytes]","args":[{"selector":{"id":"shell-header","interaction":{"idSuffix":"icon"}},"wdio_ui5_key":"shellheader"}]}
COMMAND: GET /session/6773c96d6a7511f796a85c459a165c74/screenshot - {}
RESULT: {"script":"<script> [1562 bytes]","args":[{"selector":{"id":"shell-header","interaction":{"idSuffix":"icon"}},"wdio_ui5_key":"shellheader"}]}
RESULT: undefined
COMMAND: POST /session/6773c96d6a7511f796a85c459a165c74/refresh - {}
RESULT: {}
RESULT: {}
COMMAND: GET /session/6773c96d6a7511f796a85c459a165c74/screenshot - {}
RESULT: {}
COMMAND: POST /session/6773c96d6a7511f796a85c459a165c74/refresh - {}
RESULT: {}
COMMAND: GET /session/6773c96d6a7511f796a85c459a165c74/screenshot - {}
RESULT: {}
COMMAND: POST /session/6773c96d6a7511f796a85c459a165c74/window/fullscreen - {}
RESULT: {}
COMMAND: POST /session/6773c96d6a7511f796a85c459a165c74/execute/async - {"script":"<script> [189 bytes]","args":[]}
RESULT: {"script":"<script> [189 bytes]","args":[]}
COMMAND: POST /session/6773c96d6a7511f796a85c459a165c74/execute/async - {"script":"<script> [123 bytes]","args":[]}
RESULT: {"script":"<script> [123 bytes]","args":[]}
COMMAND: POST /session/6773c96d6a7511f796a85c459a165c74/timeouts - {"script":"<number>"}
RESULT: {"script":"<number>"}
COMMAND: GET /session/6773c96d6a7511f796a85c459a165c74/timeouts - {}
RESULT: {}
RESULT: undefined
COMMAND: POST /session/6773c96d6a7511f796a85c459a165c74/execute/async - {"script":"<script> [2676 bytes]","args":[]}
RESULT: {"script":"<script> [2676 bytes]","args":[]}
COMMAND: POST /session/6773c96d6a7511f796a85c459a165c74/execute/async - {"script":"<script> [2342 bytes]","args":[{"protocol":"http","hostname":"0.0.0.0","path":"/","capabilities":{"browserName":"chrome","goog:chromeOptions":{"binary":"C:\\Program Files\\Google\\Chrome\\Application\\chrome.exe","args":["--start-maximized"]}},"logLevel":"warn","connectionRetryTimeout":120000,"connectionRetryCount":3,"logLevels":{},"enableDirectConnect":true,"strictSSL":true,"_":"65 more keys: [\"cacheDir\",\"port\",\"requestedCapabilities\",\"automationProtocol\",\"baseUrl\",\"waitforInterval\",\"waitforTimeout\",\"onReload\",\"beforeCommand\",\"afterCommand\",\"rootDir\",\"specs\",\"suites\",\"exclude\",\"groupLogsByTestSpec\",\"excludeDriverLogs\",\"bail\",\"framework\",\"reporters\",\"services\",\"maxInstances\",\"maxInstancesPerCapability\",\"injectGlobals\",\"filesToWatch\",\"execArgv\",\"runnerEnv\",\"runner\",\"shard\",\"specFileRetries\",\"specFileRetriesDelay\",\"specFileRetriesDeferred\",\"reporterSyncInterval\",\"reporterSyncTimeout\",\"cucumberFeaturesWithLineNumbers\",\"autoCompileOpts\",\"mochaOpts\",\"jasmineOpts\",\"cucumberOpts\",\"onPrepare\",\"onWorkerStart\",\"onWorkerEnd\",\"before\",\"beforeSession\",\"beforeSuite\",\"beforeHook\",\"beforeTest\",\"afterTest\",\"afterHook\",\"afterSuite\",\"afterSession\",\"after\",\"onComplete\",\"beforeAssertion\",\"afterAssertion\",\"beforeFeature\",\"beforeScenario\",\"beforeStep\",\"afterStep\",\"afterScenario\",\"afterFeature\",\"_\",\"suite\",\"$0\",\"ignoredWorkerServices\",\"wdi5\"]"}]}
RESULT: {"script":"<script> [2342 bytes]","args":[{"protocol":"http","hostname":"0.0.0.0","path":"/","capabilities":{"browserName":"chrome","goog:chromeOptions":{"binary":"C:\\Program Files\\Google\\Chrome\\Application\\chrome.exe","args":["--start-maximized"]}},"logLevel":"warn","connectionRetryTimeout":120000,"connectionRetryCount":3,"logLevels":{},"enableDirectConnect":true,"strictSSL":true,"_":"65 more keys: [\"cacheDir\",\"port\",\"requestedCapabilities\",\"automationProtocol\",\"baseUrl\",\"waitforInterval\",\"waitforTimeout\",\"onReload\",\"beforeCommand\",\"afterCommand\",\"rootDir\",\"specs\",\"suites\",\"exclude\",\"groupLogsByTestSpec\",\"excludeDriverLogs\",\"bail\",\"framework\",\"reporters\",\"services\",\"maxInstances\",\"maxInstancesPerCapability\",\"injectGlobals\",\"filesToWatch\",\"execArgv\",\"runnerEnv\",\"runner\",\"shard\",\"specFileRetries\",\"specFileRetriesDelay\",\"specFileRetriesDeferred\",\"reporterSyncInterval\",\"reporterSyncTimeout\",\"cucumberFeaturesWithLineNumbers\",\"autoCompileOpts\",\"mochaOpts\",\"jasmineOpts\",\"cucumberOpts\",\"onPrepare\",\"onWorkerStart\",\"onWorkerEnd\",\"before\",\"beforeSession\",\"beforeSuite\",\"beforeHook\",\"beforeTest\",\"afterTest\",\"afterHook\",\"afterSuite\",\"afterSession\",\"after\",\"onComplete\",\"beforeAssertion\",\"afterAssertion\",\"beforeFeature\",\"beforeScenario\",\"beforeStep\",\"afterStep\",\"afterScenario\",\"afterFeature\",\"_\",\"suite\",\"$0\",\"ignoredWorkerServices\",\"wdi5\"]"}]}
COMMAND: POST /session/6773c96d6a7511f796a85c459a165c74/execute/async - {"script":"<script> [21126 bytes]","args":[35000]}
RESULT: {"script":"<script> [21126 bytes]","args":[35000]}
]]></system-out>
    </testcase>
  </testsuite>
  <testsuite timestamp="2025-05-17T17:05:40" time="125.849" tests="3" failures="0" errors="0" skipped="0">
    <properties>
      <property name="specId" value="0" />
      <property name="suiteName" value="Set up pricing rule(OT) 104624" />
      <property name="capabilities" value="chrome.136_0_7103_93.windows" />
      <property name="file" value="file:///D:/a/1/s/test/specs/BTS/create-pricing-rule.spec.js" />
    </properties>
    <testcase classname="chrome.136_0_7103_93.windows.Set_up_pricing_rule(OT)_104624" name="Should create a new yard used for all following tests" time="0.022">
      <system-out><![CDATA[
COMMAND: POST /session/6773c96d6a7511f796a85c459a165c74/window/fullscreen - {}
RESULT: {}
]]></system-out>
    </testcase>
    <testcase classname="chrome.136_0_7103_93.windows.Set_up_pricing_rule(OT)_104624" name="Should create a new equipment used for all following tests" time="0.003" />
    <testcase classname="chrome.136_0_7103_93.windows.Set_up_pricing_rule(OT)_104624" name="Should create new pricing rule on the created resource from earlier module or above" time="68.453">
      <system-out><![CDATA[
COMMAND: POST /session/6773c96d6a7511f796a85c459a165c74/execute/async - {"script":"<script> [1562 bytes]","args":[{"selector":{"controlType":"sap.m.GenericTile","properties":{"header":"Manage Pricing Rules"}},"wdio_ui5_key":"sapm.GenericTile{\"header\":\"Manage Pricing Rules\"}"}]}
RESULT: {"script":"<script> [1562 bytes]","args":[{"selector":{"controlType":"sap.m.GenericTile","properties":{"header":"Manage Pricing Rules"}},"wdio_ui5_key":"sapm.GenericTile{\"header\":\"Manage Pricing Rules\"}"}]}
RESULT: undefined
COMMAND: POST /session/6773c96d6a7511f796a85c459a165c74/element - {"using":"xpath","value":"//*[@id=\"__tile55\"]"}
RESULT: {"using":"xpath","value":"//*[@id=\"__tile55\"]"}
COMMAND: POST /session/6773c96d6a7511f796a85c459a165c74/element/f.29D878CEA50B72482771CEDAC8A54377.d.ECC2AA1ABDBE8925E57CF6B94A06F9B6.e.2388/click - {}
RESULT: {}
COMMAND: GET /session/6773c96d6a7511f796a85c459a165c74/screenshot - {}
RESULT: {}
COMMAND: POST /session/6773c96d6a7511f796a85c459a165c74/elements - {"using":"xpath","value":"//span[text()='Error']"}
RESULT: {"using":"xpath","value":"//span[text()='Error']"}
COMMAND: POST /session/6773c96d6a7511f796a85c459a165c74/execute/async - {"script":"<script> [1562 bytes]","args":[{"selector":{"controlType":"sap.ui.core.Icon","viewName":"etm.portal.ui.managepricingrules.view.MasterHeader","viewId":"application-managepricingrules-display-component---priceInfoHeader","properties":{"src":{"regex":{"source":"activity\\-items"}}}},"wdio_ui5_key":"etmportal.ui.managepricingrules.view.MasterHeadersap.ui.core.Icon{\"src\":{\"regex\":{\"source\":\"activity\\\\-items\"}}}"}]}
RESULT: {"script":"<script> [1562 bytes]","args":[{"selector":{"controlType":"sap.ui.core.Icon","viewName":"etm.portal.ui.managepricingrules.view.MasterHeader","viewId":"application-managepricingrules-display-component---priceInfoHeader","properties":{"src":{"regex":{"source":"activity\\-items"}}}},"wdio_ui5_key":"etmportal.ui.managepricingrules.view.MasterHeadersap.ui.core.Icon{\"src\":{\"regex\":{\"source\":\"activity\\\\-items\"}}}"}]}
RESULT: undefined
COMMAND: POST /session/6773c96d6a7511f796a85c459a165c74/element - {"using":"xpath","value":"//*[@id=\"__filter1-icon\"]"}
RESULT: {"using":"xpath","value":"//*[@id=\"__filter1-icon\"]"}
COMMAND: POST /session/6773c96d6a7511f796a85c459a165c74/element/f.29D878CEA50B72482771CEDAC8A54377.d.ECC2AA1ABDBE8925E57CF6B94A06F9B6.e.2441/click - {}
RESULT: {}
COMMAND: GET /session/6773c96d6a7511f796a85c459a165c74/screenshot - {}
RESULT: {}
COMMAND: POST /session/6773c96d6a7511f796a85c459a165c74/element - {"using":"xpath","value":"//button[@data-kt=\"addButton\"]"}
RESULT: {"using":"xpath","value":"//button[@data-kt=\"addButton\"]"}
COMMAND: POST /session/6773c96d6a7511f796a85c459a165c74/elements - {"using":"xpath","value":"//button[@data-kt=\"addButton\"]"}
RESULT: {"using":"xpath","value":"//button[@data-kt=\"addButton\"]"}
COMMAND: POST /session/6773c96d6a7511f796a85c459a165c74/execute/sync - {"script":"<script> [8489 bytes]","args":[{"element-6066-11e4-a52e-4f735466cecf":"f.29D878CEA50B72482771CEDAC8A54377.d.ECC2AA1ABDBE8925E57CF6B94A06F9B6.e.2489","ELEMENT":"f.29D878CEA50B72482771CEDAC8A54377.d.ECC2AA1ABDBE8925E57CF6B94A06F9B6.e.2489"}]}
RESULT: {"script":"<script> [8489 bytes]","args":[{"element-6066-11e4-a52e-4f735466cecf":"f.29D878CEA50B72482771CEDAC8A54377.d.ECC2AA1ABDBE8925E57CF6B94A06F9B6.e.2489","ELEMENT":"f.29D878CEA50B72482771CEDAC8A54377.d.ECC2AA1ABDBE8925E57CF6B94A06F9B6.e.2489"}]}
COMMAND: GET /session/6773c96d6a7511f796a85c459a165c74/element/f.29D878CEA50B72482771CEDAC8A54377.d.ECC2AA1ABDBE8925E57CF6B94A06F9B6.e.2489/enabled - {}
COMMAND: GET /session/6773c96d6a7511f796a85c459a165c74/screenshot - {}
RESULT: {}
COMMAND: POST /session/6773c96d6a7511f796a85c459a165c74/execute/sync - {"script":"<script> [8489 bytes]","args":[{"element-6066-11e4-a52e-4f735466cecf":"f.29D878CEA50B72482771CEDAC8A54377.d.ECC2AA1ABDBE8925E57CF6B94A06F9B6.e.2489","ELEMENT":"f.29D878CEA50B72482771CEDAC8A54377.d.ECC2AA1ABDBE8925E57CF6B94A06F9B6.e.2489"}]}
COMMAND: GET /session/6773c96d6a7511f796a85c459a165c74/screenshot - {}
RESULT: {}
RESULT: {"script":"<script> [8489 bytes]","args":[{"element-6066-11e4-a52e-4f735466cecf":"f.29D878CEA50B72482771CEDAC8A54377.d.ECC2AA1ABDBE8925E57CF6B94A06F9B6.e.2489","ELEMENT":"f.29D878CEA50B72482771CEDAC8A54377.d.ECC2AA1ABDBE8925E57CF6B94A06F9B6.e.2489"}]}
COMMAND: POST /session/6773c96d6a7511f796a85c459a165c74/execute/sync - {"script":"<script> [5351 bytes]","args":[{"element-6066-11e4-a52e-4f735466cecf":"f.29D878CEA50B72482771CEDAC8A54377.d.ECC2AA1ABDBE8925E57CF6B94A06F9B6.e.2489","ELEMENT":"f.29D878CEA50B72482771CEDAC8A54377.d.ECC2AA1ABDBE8925E57CF6B94A06F9B6.e.2489"}]}
COMMAND: GET /session/6773c96d6a7511f796a85c459a165c74/screenshot - {}
RESULT: {}
RESULT: {"script":"<script> [5351 bytes]","args":[{"element-6066-11e4-a52e-4f735466cecf":"f.29D878CEA50B72482771CEDAC8A54377.d.ECC2AA1ABDBE8925E57CF6B94A06F9B6.e.2489","ELEMENT":"f.29D878CEA50B72482771CEDAC8A54377.d.ECC2AA1ABDBE8925E57CF6B94A06F9B6.e.2489"}]}
COMMAND: POST /session/6773c96d6a7511f796a85c459a165c74/element/f.29D878CEA50B72482771CEDAC8A54377.d.ECC2AA1ABDBE8925E57CF6B94A06F9B6.e.2489/click - {}
COMMAND: GET /session/6773c96d6a7511f796a85c459a165c74/screenshot - {}
RESULT: {}
RESULT: {}
COMMAND: GET /session/6773c96d6a7511f796a85c459a165c74/screenshot - {}
RESULT: {}
RESULT: {}
COMMAND: POST /session/6773c96d6a7511f796a85c459a165c74/execute/async - {"script":"<script> [1562 bytes]","args":[{"selector":{"controlType":"sap.m.Title","viewName":"etm.portal.ui.managepricingrules.view.NewItem","viewId":"application-managepricingrules-display-component---newInfoPriceItem","properties":{"text":"New Pricing Rules - Item Level"}},"wdio_ui5_key":"etmportal.ui.managepricingrules.view.NewItemsap.m.Title{\"text\":\"New Pricing Rules - Item Level\"}"}]}
RESULT: {"script":"<script> [1562 bytes]","args":[{"selector":{"controlType":"sap.m.Title","viewName":"etm.portal.ui.managepricingrules.view.NewItem","viewId":"application-managepricingrules-display-component---newInfoPriceItem","properties":{"text":"New Pricing Rules - Item Level"}},"wdio_ui5_key":"etmportal.ui.managepricingrules.view.NewItemsap.m.Title{\"text\":\"New Pricing Rules - Item Level\"}"}]}
RESULT: undefined
COMMAND: POST /session/6773c96d6a7511f796a85c459a165c74/execute/async - {"script":"<script> [6424 bytes]","args":[{"element-6066-11e4-a52e-4f735466cecf":"f.29D878CEA50B72482771CEDAC8A54377.d.ECC2AA1ABDBE8925E57CF6B94A06F9B6.e.2775"},"getText",[]]}
RESULT: {"script":"<script> [6424 bytes]","args":[{"element-6066-11e4-a52e-4f735466cecf":"f.29D878CEA50B72482771CEDAC8A54377.d.ECC2AA1ABDBE8925E57CF6B94A06F9B6.e.2775"},"getText",[]]}
COMMAND: POST /session/6773c96d6a7511f796a85c459a165c74/execute/async - {"script":"<script> [1562 bytes]","args":[{"selector":{"id":"application-managepricingrules-display-component---newInfoPriceItem--condValidTo","interaction":{"idSuffix":"inner"}},"wdio_ui5_key":"applicationmanagepricingrules-display-component---newInfoPriceItem--condValidTo"}]}
RESULT: {"script":"<script> [1562 bytes]","args":[{"selector":{"id":"application-managepricingrules-display-component---newInfoPriceItem--condValidTo","interaction":{"idSuffix":"inner"}},"wdio_ui5_key":"applicationmanagepricingrules-display-component---newInfoPriceItem--condValidTo"}]}
RESULT: undefined
COMMAND: POST /session/6773c96d6a7511f796a85c459a165c74/execute/async - {"script":"<script> [776 bytes]","args":[{"enterText":"1/17/26","selector":{"id":"application-managepricingrules-display-component---newInfoPriceItem--condValidTo","interaction":{"idSuffix":"inner"}},"clearTextFirst":true,"interactionType":"ENTER_TEXT"}]}
RESULT: {"script":"<script> [776 bytes]","args":[{"enterText":"1/17/26","selector":{"id":"application-managepricingrules-display-component---newInfoPriceItem--condValidTo","interaction":{"idSuffix":"inner"}},"clearTextFirst":true,"interactionType":"ENTER_TEXT"}]}
COMMAND: POST /session/6773c96d6a7511f796a85c459a165c74/element - {"using":"xpath","value":"//input[@id=\"application-managepricingrules-display-component---newInfoPriceItem--condRU-inner\"]"}
RESULT: {"using":"xpath","value":"//input[@id=\"application-managepricingrules-display-component---newInfoPriceItem--condRU-inner\"]"}
COMMAND: POST /session/6773c96d6a7511f796a85c459a165c74/element/f.29D878CEA50B72482771CEDAC8A54377.d.ECC2AA1ABDBE8925E57CF6B94A06F9B6.e.2744/clear - {}
RESULT: {}
COMMAND: POST /session/6773c96d6a7511f796a85c459a165c74/element/f.29D878CEA50B72482771CEDAC8A54377.d.ECC2AA1ABDBE8925E57CF6B94A06F9B6.e.2744/value - {"text":"2SRl0Y2utJ"}
COMMAND: GET /session/6773c96d6a7511f796a85c459a165c74/screenshot - {}
RESULT: {"text":"2SRl0Y2utJ"}
COMMAND: GET /session/6773c96d6a7511f796a85c459a165c74/screenshot - {}
RESULT: {}
RESULT: {}
COMMAND: POST /session/6773c96d6a7511f796a85c459a165c74/execute/async - {"script":"<script> [1562 bytes]","args":[{"selector":{"id":"application-managepricingrules-display-component---newInfoPriceItem--billType-arrow"},"wdio_ui5_key":"applicationmanagepricingrules-display-component---newInfoPriceItem--billType-arrow"}]}
RESULT: {"script":"<script> [1562 bytes]","args":[{"selector":{"id":"application-managepricingrules-display-component---newInfoPriceItem--billType-arrow"},"wdio_ui5_key":"applicationmanagepricingrules-display-component---newInfoPriceItem--billType-arrow"}]}
RESULT: undefined
COMMAND: POST /session/6773c96d6a7511f796a85c459a165c74/element - {"using":"xpath","value":"//*[@id=\"application-managepricingrules-display-component---newInfoPriceItem--billType-arrow\"]"}
RESULT: {"using":"xpath","value":"//*[@id=\"application-managepricingrules-display-component---newInfoPriceItem--billType-arrow\"]"}
COMMAND: POST /session/6773c96d6a7511f796a85c459a165c74/element/f.29D878CEA50B72482771CEDAC8A54377.d.ECC2AA1ABDBE8925E57CF6B94A06F9B6.e.2832/click - {}
RESULT: {}
COMMAND: POST /session/6773c96d6a7511f796a85c459a165c74/element - {"using":"xpath","value":"//span[contains(text(), \"OT - Sales (one-time)\")]"}
COMMAND: GET /session/6773c96d6a7511f796a85c459a165c74/screenshot - {}
RESULT: {"using":"xpath","value":"//span[contains(text(), \"OT - Sales (one-time)\")]"}
COMMAND: POST /session/6773c96d6a7511f796a85c459a165c74/element/f.29D878CEA50B72482771CEDAC8A54377.d.ECC2AA1ABDBE8925E57CF6B94A06F9B6.e.2880/click - {}
RESULT: {}
RESULT: {}
COMMAND: POST /session/6773c96d6a7511f796a85c459a165c74/execute/async - {"script":"<script> [1562 bytes]","args":[{"selector":{"id":"application-managepricingrules-display-component---newInfoPriceItem--priceProc-arrow"},"wdio_ui5_key":"applicationmanagepricingrules-display-component---newInfoPriceItem--priceProc-arrow"}]}
COMMAND: GET /session/6773c96d6a7511f796a85c459a165c74/screenshot - {}
RESULT: {"script":"<script> [1562 bytes]","args":[{"selector":{"id":"application-managepricingrules-display-component---newInfoPriceItem--priceProc-arrow"},"wdio_ui5_key":"applicationmanagepricingrules-display-component---newInfoPriceItem--priceProc-arrow"}]}
RESULT: undefined
COMMAND: POST /session/6773c96d6a7511f796a85c459a165c74/element - {"using":"xpath","value":"//*[@id=\"application-managepricingrules-display-component---newInfoPriceItem--priceProc-arrow\"]"}
RESULT: {}
RESULT: {"using":"xpath","value":"//*[@id=\"application-managepricingrules-display-component---newInfoPriceItem--priceProc-arrow\"]"}
COMMAND: POST /session/6773c96d6a7511f796a85c459a165c74/element/f.29D878CEA50B72482771CEDAC8A54377.d.ECC2AA1ABDBE8925E57CF6B94A06F9B6.e.2839/click - {}
RESULT: {}
COMMAND: POST /session/6773c96d6a7511f796a85c459a165c74/element - {"using":"xpath","value":"//span[contains(text(), \"MAT - Material\")]"}
COMMAND: GET /session/6773c96d6a7511f796a85c459a165c74/screenshot - {}
RESULT: {"using":"xpath","value":"//span[contains(text(), \"MAT - Material\")]"}
COMMAND: POST /session/6773c96d6a7511f796a85c459a165c74/element/f.29D878CEA50B72482771CEDAC8A54377.d.ECC2AA1ABDBE8925E57CF6B94A06F9B6.e.2881/click - {}
RESULT: {}
RESULT: {}
COMMAND: POST /session/6773c96d6a7511f796a85c459a165c74/execute/async - {"script":"<script> [1562 bytes]","args":[{"selector":{"id":"application-managepricingrules-display-component---newInfoPriceItem--calcBase-arrow"},"wdio_ui5_key":"applicationmanagepricingrules-display-component---newInfoPriceItem--calcBase-arrow"}]}
COMMAND: GET /session/6773c96d6a7511f796a85c459a165c74/screenshot - {}
RESULT: {"script":"<script> [1562 bytes]","args":[{"selector":{"id":"application-managepricingrules-display-component---newInfoPriceItem--calcBase-arrow"},"wdio_ui5_key":"applicationmanagepricingrules-display-component---newInfoPriceItem--calcBase-arrow"}]}
RESULT: undefined
COMMAND: POST /session/6773c96d6a7511f796a85c459a165c74/element - {"using":"xpath","value":"//*[@id=\"application-managepricingrules-display-component---newInfoPriceItem--calcBase-arrow\"]"}
RESULT: {}
RESULT: {"using":"xpath","value":"//*[@id=\"application-managepricingrules-display-component---newInfoPriceItem--calcBase-arrow\"]"}
COMMAND: POST /session/6773c96d6a7511f796a85c459a165c74/element/f.29D878CEA50B72482771CEDAC8A54377.d.ECC2AA1ABDBE8925E57CF6B94A06F9B6.e.2846/click - {}
RESULT: {}
COMMAND: GET /session/6773c96d6a7511f796a85c459a165c74/screenshot - {}
RESULT: {}
COMMAND: POST /session/6773c96d6a7511f796a85c459a165c74/element - {"using":"xpath","value":"//span[contains(text(), \"0001 - TB(exact month + cal_days)\")]"}
RESULT: {"using":"xpath","value":"//span[contains(text(), \"0001 - TB(exact month + cal_days)\")]"}
COMMAND: POST /session/6773c96d6a7511f796a85c459a165c74/element/f.29D878CEA50B72482771CEDAC8A54377.d.ECC2AA1ABDBE8925E57CF6B94A06F9B6.e.2882/click - {}
RESULT: {}
COMMAND: GET /session/6773c96d6a7511f796a85c459a165c74/screenshot - {}
RESULT: {}
COMMAND: POST /session/6773c96d6a7511f796a85c459a165c74/element - {"using":"xpath","value":"//button[@data-kt=\"saveNewRuleButton\"]"}
RESULT: {"using":"xpath","value":"//button[@data-kt=\"saveNewRuleButton\"]"}
COMMAND: POST /session/6773c96d6a7511f796a85c459a165c74/element/f.29D878CEA50B72482771CEDAC8A54377.d.ECC2AA1ABDBE8925E57CF6B94A06F9B6.e.2867/click - {}
RESULT: {}
COMMAND: GET /session/6773c96d6a7511f796a85c459a165c74/screenshot - {}
RESULT: {}
COMMAND: POST /session/6773c96d6a7511f796a85c459a165c74/execute/async - {"script":"<script> [1562 bytes]","args":[{"selector":{"id":"application-managepricingrules-display-component---priceInfoItem--smartFilterBar-btnBasicSearch","interaction":{"idSuffix":"I"}},"wdio_ui5_key":"applicationmanagepricingrules-display-component---priceInfoItem--smartFilterBar-btnBasicSearch"}]}
RESULT: {"script":"<script> [1562 bytes]","args":[{"selector":{"id":"application-managepricingrules-display-component---priceInfoItem--smartFilterBar-btnBasicSearch","interaction":{"idSuffix":"I"}},"wdio_ui5_key":"applicationmanagepricingrules-display-component---priceInfoItem--smartFilterBar-btnBasicSearch"}]}
RESULT: undefined
COMMAND: POST /session/6773c96d6a7511f796a85c459a165c74/execute/async - {"script":"<script> [776 bytes]","args":[{"enterText":"2SRl0Y2utJ","selector":{"id":"application-managepricingrules-display-component---priceInfoItem--smartFilterBar-btnBasicSearch","interaction":{"idSuffix":"I"}},"clearTextFirst":true,"interactionType":"ENTER_TEXT"}]}
RESULT: {"script":"<script> [776 bytes]","args":[{"enterText":"2SRl0Y2utJ","selector":{"id":"application-managepricingrules-display-component---priceInfoItem--smartFilterBar-btnBasicSearch","interaction":{"idSuffix":"I"}},"clearTextFirst":true,"interactionType":"ENTER_TEXT"}]}
COMMAND: POST /session/6773c96d6a7511f796a85c459a165c74/actions - {"actions":[{"id":"action10","type":"key","parameters":{},"actions":[{"type":"keyDown","value":"î€‡"},{"type":"pause","duration":10},{"type":"keyUp","value":"î€‡"}]}]}
RESULT: {"actions":[{"id":"action10","type":"key","parameters":{},"actions":[{"type":"keyDown","value":"î€‡"},{"type":"pause","duration":10},{"type":"keyUp","value":"î€‡"}]}]}
COMMAND: GET /session/6773c96d6a7511f796a85c459a165c74/screenshot - {}
RESULT: {}
COMMAND: POST /session/6773c96d6a7511f796a85c459a165c74/element - {"using":"xpath","value":"//span[@id=\"application-managepricingrules-display-component---priceInfoItem--smartTable-header-inner\"]"}
RESULT: {"using":"xpath","value":"//span[@id=\"application-managepricingrules-display-component---priceInfoItem--smartTable-header-inner\"]"}
COMMAND: POST /session/6773c96d6a7511f796a85c459a165c74/elements - {"using":"xpath","value":"//span[@id=\"application-managepricingrules-display-component---priceInfoItem--smartTable-header-inner\"]"}
RESULT: {"using":"xpath","value":"//span[@id=\"application-managepricingrules-display-component---priceInfoItem--smartTable-header-inner\"]"}
COMMAND: POST /session/6773c96d6a7511f796a85c459a165c74/execute/sync - {"script":"<script> [56 bytes]","args":[{"element-6066-11e4-a52e-4f735466cecf":"f.29D878CEA50B72482771CEDAC8A54377.d.ECC2AA1ABDBE8925E57CF6B94A06F9B6.e.2899","ELEMENT":"f.29D878CEA50B72482771CEDAC8A54377.d.ECC2AA1ABDBE8925E57CF6B94A06F9B6.e.2899"}]}
RESULT: {"script":"<script> [56 bytes]","args":[{"element-6066-11e4-a52e-4f735466cecf":"f.29D878CEA50B72482771CEDAC8A54377.d.ECC2AA1ABDBE8925E57CF6B94A06F9B6.e.2899","ELEMENT":"f.29D878CEA50B72482771CEDAC8A54377.d.ECC2AA1ABDBE8925E57CF6B94A06F9B6.e.2899"}]}
COMMAND: POST /session/6773c96d6a7511f796a85c459a165c74/element - {"using":"css selector","value":"#shell-header-logo"}
COMMAND: GET /session/6773c96d6a7511f796a85c459a165c74/screenshot - {}
RESULT: {"using":"css selector","value":"#shell-header-logo"}
COMMAND: POST /session/6773c96d6a7511f796a85c459a165c74/element/f.29D878CEA50B72482771CEDAC8A54377.d.ECC2AA1ABDBE8925E57CF6B94A06F9B6.e.2394/click - {}
RESULT: {}
RESULT: {}
COMMAND: GET /session/6773c96d6a7511f796a85c459a165c74/screenshot - {}
RESULT: {}
COMMAND: POST /session/6773c96d6a7511f796a85c459a165c74/element - {"using":"css selector","value":"#j_username"}
COMMAND: POST /session/6773c96d6a7511f796a85c459a165c74/url - {"url":"https://qa-testing-00-live-etm-ui.cfapps.eu10-004.hana.ondemand.com/"}
RESULT: {"using":"css selector","value":"#j_username"}
COMMAND: POST /session/6773c96d6a7511f796a85c459a165c74/element - {"using":"css selector","value":"#j_username"}
RESULT: {"url":"https://qa-testing-00-live-etm-ui.cfapps.eu10-004.hana.ondemand.com/"}
RESULT: undefined
COMMAND: GET /session/6773c96d6a7511f796a85c459a165c74/screenshot - {}
RESULT: {"using":"css selector","value":"#j_username"}
COMMAND: POST /session/6773c96d6a7511f796a85c459a165c74/element - {"using":"css selector","value":"#shell-header-logo"}
RESULT: {}
RESULT: {"using":"css selector","value":"#shell-header-logo"}
COMMAND: POST /session/6773c96d6a7511f796a85c459a165c74/execute/sync - {"script":"<script> [8489 bytes]","args":[{"element-6066-11e4-a52e-4f735466cecf":"f.29D878CEA50B72482771CEDAC8A54377.d.2D6018CCBEA92F9437CE0D249E225B41.e.2912","ELEMENT":"f.29D878CEA50B72482771CEDAC8A54377.d.2D6018CCBEA92F9437CE0D249E225B41.e.2912"}]}
RESULT: {"script":"<script> [8489 bytes]","args":[{"element-6066-11e4-a52e-4f735466cecf":"f.29D878CEA50B72482771CEDAC8A54377.d.2D6018CCBEA92F9437CE0D249E225B41.e.2912","ELEMENT":"f.29D878CEA50B72482771CEDAC8A54377.d.2D6018CCBEA92F9437CE0D249E225B41.e.2912"}]}
COMMAND: POST /session/6773c96d6a7511f796a85c459a165c74/element - {"using":"css selector","value":"#shell-header-logo"}
COMMAND: GET /session/6773c96d6a7511f796a85c459a165c74/screenshot - {}
RESULT: {"using":"css selector","value":"#shell-header-logo"}
COMMAND: POST /session/6773c96d6a7511f796a85c459a165c74/execute/sync - {"script":"<script> [8489 bytes]","args":[{"element-6066-11e4-a52e-4f735466cecf":"f.29D878CEA50B72482771CEDAC8A54377.d.2D6018CCBEA92F9437CE0D249E225B41.e.2912","ELEMENT":"f.29D878CEA50B72482771CEDAC8A54377.d.2D6018CCBEA92F9437CE0D249E225B41.e.2912"}]}
RESULT: {}
RESULT: {"script":"<script> [8489 bytes]","args":[{"element-6066-11e4-a52e-4f735466cecf":"f.29D878CEA50B72482771CEDAC8A54377.d.2D6018CCBEA92F9437CE0D249E225B41.e.2912","ELEMENT":"f.29D878CEA50B72482771CEDAC8A54377.d.2D6018CCBEA92F9437CE0D249E225B41.e.2912"}]}
COMMAND: POST /session/6773c96d6a7511f796a85c459a165c74/execute/sync - {"script":"<script> [5351 bytes]","args":[{"element-6066-11e4-a52e-4f735466cecf":"f.29D878CEA50B72482771CEDAC8A54377.d.2D6018CCBEA92F9437CE0D249E225B41.e.2912","ELEMENT":"f.29D878CEA50B72482771CEDAC8A54377.d.2D6018CCBEA92F9437CE0D249E225B41.e.2912"}]}
COMMAND: GET /session/6773c96d6a7511f796a85c459a165c74/screenshot - {}
RESULT: {"script":"<script> [5351 bytes]","args":[{"element-6066-11e4-a52e-4f735466cecf":"f.29D878CEA50B72482771CEDAC8A54377.d.2D6018CCBEA92F9437CE0D249E225B41.e.2912","ELEMENT":"f.29D878CEA50B72482771CEDAC8A54377.d.2D6018CCBEA92F9437CE0D249E225B41.e.2912"}]}
COMMAND: POST /session/6773c96d6a7511f796a85c459a165c74/element - {"using":"css selector","value":"#shell-header-logo"}
COMMAND: GET /session/6773c96d6a7511f796a85c459a165c74/screenshot - {}
RESULT: {}
RESULT: {"using":"css selector","value":"#shell-header-logo"}
COMMAND: POST /session/6773c96d6a7511f796a85c459a165c74/element/f.29D878CEA50B72482771CEDAC8A54377.d.2D6018CCBEA92F9437CE0D249E225B41.e.2912/click - {}
RESULT: {}
RESULT: {}
COMMAND: GET /session/6773c96d6a7511f796a85c459a165c74/screenshot - {}
RESULT: {}
COMMAND: POST /session/6773c96d6a7511f796a85c459a165c74/execute/async - {"script":"<script> [189 bytes]","args":[]}
RESULT: {"script":"<script> [189 bytes]","args":[]}
COMMAND: POST /session/6773c96d6a7511f796a85c459a165c74/execute/async - {"script":"<script> [123 bytes]","args":[]}
RESULT: {"script":"<script> [123 bytes]","args":[]}
COMMAND: POST /session/6773c96d6a7511f796a85c459a165c74/timeouts - {"script":"<number>"}
RESULT: {"script":"<number>"}
COMMAND: GET /session/6773c96d6a7511f796a85c459a165c74/timeouts - {}
RESULT: {}
RESULT: undefined
COMMAND: POST /session/6773c96d6a7511f796a85c459a165c74/execute/async - {"script":"<script> [2676 bytes]","args":[]}
RESULT: {"script":"<script> [2676 bytes]","args":[]}
COMMAND: POST /session/6773c96d6a7511f796a85c459a165c74/execute/async - {"script":"<script> [2342 bytes]","args":[{"protocol":"http","hostname":"0.0.0.0","path":"/","capabilities":{"browserName":"chrome","goog:chromeOptions":{"binary":"C:\\Program Files\\Google\\Chrome\\Application\\chrome.exe","args":["--start-maximized"]}},"logLevel":"warn","connectionRetryTimeout":120000,"connectionRetryCount":3,"logLevels":{},"enableDirectConnect":true,"strictSSL":true,"_":"65 more keys: [\"cacheDir\",\"port\",\"requestedCapabilities\",\"automationProtocol\",\"baseUrl\",\"waitforInterval\",\"waitforTimeout\",\"onReload\",\"beforeCommand\",\"afterCommand\",\"rootDir\",\"specs\",\"suites\",\"exclude\",\"groupLogsByTestSpec\",\"excludeDriverLogs\",\"bail\",\"framework\",\"reporters\",\"services\",\"maxInstances\",\"maxInstancesPerCapability\",\"injectGlobals\",\"filesToWatch\",\"execArgv\",\"runnerEnv\",\"runner\",\"shard\",\"specFileRetries\",\"specFileRetriesDelay\",\"specFileRetriesDeferred\",\"reporterSyncInterval\",\"reporterSyncTimeout\",\"cucumberFeaturesWithLineNumbers\",\"autoCompileOpts\",\"mochaOpts\",\"jasmineOpts\",\"cucumberOpts\",\"onPrepare\",\"onWorkerStart\",\"onWorkerEnd\",\"before\",\"beforeSession\",\"beforeSuite\",\"beforeHook\",\"beforeTest\",\"afterTest\",\"afterHook\",\"afterSuite\",\"afterSession\",\"after\",\"onComplete\",\"beforeAssertion\",\"afterAssertion\",\"beforeFeature\",\"beforeScenario\",\"beforeStep\",\"afterStep\",\"afterScenario\",\"afterFeature\",\"_\",\"suite\",\"$0\",\"ignoredWorkerServices\",\"wdi5\"]"}]}
RESULT: {"script":"<script> [2342 bytes]","args":[{"protocol":"http","hostname":"0.0.0.0","path":"/","capabilities":{"browserName":"chrome","goog:chromeOptions":{"binary":"C:\\Program Files\\Google\\Chrome\\Application\\chrome.exe","args":["--start-maximized"]}},"logLevel":"warn","connectionRetryTimeout":120000,"connectionRetryCount":3,"logLevels":{},"enableDirectConnect":true,"strictSSL":true,"_":"65 more keys: [\"cacheDir\",\"port\",\"requestedCapabilities\",\"automationProtocol\",\"baseUrl\",\"waitforInterval\",\"waitforTimeout\",\"onReload\",\"beforeCommand\",\"afterCommand\",\"rootDir\",\"specs\",\"suites\",\"exclude\",\"groupLogsByTestSpec\",\"excludeDriverLogs\",\"bail\",\"framework\",\"reporters\",\"services\",\"maxInstances\",\"maxInstancesPerCapability\",\"injectGlobals\",\"filesToWatch\",\"execArgv\",\"runnerEnv\",\"runner\",\"shard\",\"specFileRetries\",\"specFileRetriesDelay\",\"specFileRetriesDeferred\",\"reporterSyncInterval\",\"reporterSyncTimeout\",\"cucumberFeaturesWithLineNumbers\",\"autoCompileOpts\",\"mochaOpts\",\"jasmineOpts\",\"cucumberOpts\",\"onPrepare\",\"onWorkerStart\",\"onWorkerEnd\",\"before\",\"beforeSession\",\"beforeSuite\",\"beforeHook\",\"beforeTest\",\"afterTest\",\"afterHook\",\"afterSuite\",\"afterSession\",\"after\",\"onComplete\",\"beforeAssertion\",\"afterAssertion\",\"beforeFeature\",\"beforeScenario\",\"beforeStep\",\"afterStep\",\"afterScenario\",\"afterFeature\",\"_\",\"suite\",\"$0\",\"ignoredWorkerServices\",\"wdi5\"]"}]}
COMMAND: POST /session/6773c96d6a7511f796a85c459a165c74/execute/async - {"script":"<script> [21126 bytes]","args":[35000]}
RESULT: {"script":"<script> [21126 bytes]","args":[35000]}
COMMAND: POST /session/6773c96d6a7511f796a85c459a165c74/window/maximize - {}
RESULT: {}
COMMAND: POST /session/6773c96d6a7511f796a85c459a165c74/execute/async - {"script":"<script> [1562 bytes]","args":[{"selector":{"id":"shell-header","interaction":{"idSuffix":"icon"}},"wdio_ui5_key":"shellheader"}]}
COMMAND: GET /session/6773c96d6a7511f796a85c459a165c74/screenshot - {}
RESULT: {"script":"<script> [1562 bytes]","args":[{"selector":{"id":"shell-header","interaction":{"idSuffix":"icon"}},"wdio_ui5_key":"shellheader"}]}
RESULT: undefined
COMMAND: POST /session/6773c96d6a7511f796a85c459a165c74/refresh - {}
RESULT: {}
RESULT: {}
COMMAND: GET /session/6773c96d6a7511f796a85c459a165c74/screenshot - {}
RESULT: {}
COMMAND: POST /session/6773c96d6a7511f796a85c459a165c74/refresh - {}
RESULT: {}
COMMAND: GET /session/6773c96d6a7511f796a85c459a165c74/screenshot - {}
RESULT: {}
COMMAND: POST /session/6773c96d6a7511f796a85c459a165c74/window/fullscreen - {}
RESULT: {}
COMMAND: POST /session/6773c96d6a7511f796a85c459a165c74/execute/async - {"script":"<script> [189 bytes]","args":[]}
RESULT: {"script":"<script> [189 bytes]","args":[]}
COMMAND: POST /session/6773c96d6a7511f796a85c459a165c74/execute/async - {"script":"<script> [123 bytes]","args":[]}
RESULT: {"script":"<script> [123 bytes]","args":[]}
COMMAND: POST /session/6773c96d6a7511f796a85c459a165c74/timeouts - {"script":"<number>"}
RESULT: {"script":"<number>"}
COMMAND: GET /session/6773c96d6a7511f796a85c459a165c74/timeouts - {}
RESULT: {}
RESULT: undefined
COMMAND: POST /session/6773c96d6a7511f796a85c459a165c74/execute/async - {"script":"<script> [2676 bytes]","args":[]}
RESULT: {"script":"<script> [2676 bytes]","args":[]}
COMMAND: POST /session/6773c96d6a7511f796a85c459a165c74/execute/async - {"script":"<script> [2342 bytes]","args":[{"protocol":"http","hostname":"0.0.0.0","path":"/","capabilities":{"browserName":"chrome","goog:chromeOptions":{"binary":"C:\\Program Files\\Google\\Chrome\\Application\\chrome.exe","args":["--start-maximized"]}},"logLevel":"warn","connectionRetryTimeout":120000,"connectionRetryCount":3,"logLevels":{},"enableDirectConnect":true,"strictSSL":true,"_":"65 more keys: [\"cacheDir\",\"port\",\"requestedCapabilities\",\"automationProtocol\",\"baseUrl\",\"waitforInterval\",\"waitforTimeout\",\"onReload\",\"beforeCommand\",\"afterCommand\",\"rootDir\",\"specs\",\"suites\",\"exclude\",\"groupLogsByTestSpec\",\"excludeDriverLogs\",\"bail\",\"framework\",\"reporters\",\"services\",\"maxInstances\",\"maxInstancesPerCapability\",\"injectGlobals\",\"filesToWatch\",\"execArgv\",\"runnerEnv\",\"runner\",\"shard\",\"specFileRetries\",\"specFileRetriesDelay\",\"specFileRetriesDeferred\",\"reporterSyncInterval\",\"reporterSyncTimeout\",\"cucumberFeaturesWithLineNumbers\",\"autoCompileOpts\",\"mochaOpts\",\"jasmineOpts\",\"cucumberOpts\",\"onPrepare\",\"onWorkerStart\",\"onWorkerEnd\",\"before\",\"beforeSession\",\"beforeSuite\",\"beforeHook\",\"beforeTest\",\"afterTest\",\"afterHook\",\"afterSuite\",\"afterSession\",\"after\",\"onComplete\",\"beforeAssertion\",\"afterAssertion\",\"beforeFeature\",\"beforeScenario\",\"beforeStep\",\"afterStep\",\"afterScenario\",\"afterFeature\",\"_\",\"suite\",\"$0\",\"ignoredWorkerServices\",\"wdi5\"]"}]}
RESULT: {"script":"<script> [2342 bytes]","args":[{"protocol":"http","hostname":"0.0.0.0","path":"/","capabilities":{"browserName":"chrome","goog:chromeOptions":{"binary":"C:\\Program Files\\Google\\Chrome\\Application\\chrome.exe","args":["--start-maximized"]}},"logLevel":"warn","connectionRetryTimeout":120000,"connectionRetryCount":3,"logLevels":{},"enableDirectConnect":true,"strictSSL":true,"_":"65 more keys: [\"cacheDir\",\"port\",\"requestedCapabilities\",\"automationProtocol\",\"baseUrl\",\"waitforInterval\",\"waitforTimeout\",\"onReload\",\"beforeCommand\",\"afterCommand\",\"rootDir\",\"specs\",\"suites\",\"exclude\",\"groupLogsByTestSpec\",\"excludeDriverLogs\",\"bail\",\"framework\",\"reporters\",\"services\",\"maxInstances\",\"maxInstancesPerCapability\",\"injectGlobals\",\"filesToWatch\",\"execArgv\",\"runnerEnv\",\"runner\",\"shard\",\"specFileRetries\",\"specFileRetriesDelay\",\"specFileRetriesDeferred\",\"reporterSyncInterval\",\"reporterSyncTimeout\",\"cucumberFeaturesWithLineNumbers\",\"autoCompileOpts\",\"mochaOpts\",\"jasmineOpts\",\"cucumberOpts\",\"onPrepare\",\"onWorkerStart\",\"onWorkerEnd\",\"before\",\"beforeSession\",\"beforeSuite\",\"beforeHook\",\"beforeTest\",\"afterTest\",\"afterHook\",\"afterSuite\",\"afterSession\",\"after\",\"onComplete\",\"beforeAssertion\",\"afterAssertion\",\"beforeFeature\",\"beforeScenario\",\"beforeStep\",\"afterStep\",\"afterScenario\",\"afterFeature\",\"_\",\"suite\",\"$0\",\"ignoredWorkerServices\",\"wdi5\"]"}]}
COMMAND: POST /session/6773c96d6a7511f796a85c459a165c74/execute/async - {"script":"<script> [21126 bytes]","args":[35000]}
RESULT: {"script":"<script> [21126 bytes]","args":[35000]}
]]></system-out>
    </testcase>
  </testsuite>
  <testsuite timestamp="2025-05-17T17:07:46" time="500.507" tests="6" failures="0" errors="0" skipped="0">
    <properties>
      <property name="specId" value="0" />
      <property name="suiteName" value="Edit and delete daily price US134629 US134627" />
      <property name="capabilities" value="chrome.136_0_7103_93.windows" />
      <property name="file" value="file:///D:/a/1/s/test/specs/BTS/conditions-prices-daily-price.spec.js" />
    </properties>
    <testcase classname="chrome.136_0_7103_93.windows.Edit_and_delete_daily_price_US134629_US134627" name="Should create a new yard used for all following tests" time="0.022">
      <system-out><![CDATA[
COMMAND: POST /session/6773c96d6a7511f796a85c459a165c74/window/fullscreen - {}
RESULT: {}
]]></system-out>
    </testcase>
    <testcase classname="chrome.136_0_7103_93.windows.Edit_and_delete_daily_price_US134629_US134627" name="Should create a new partner" time="150.56">
      <system-out><![CDATA[
COMMAND: POST /session/6773c96d6a7511f796a85c459a165c74/window/fullscreen - {}
RESULT: {}
COMMAND: POST /session/6773c96d6a7511f796a85c459a165c74/execute/async - {"script":"<script> [1562 bytes]","args":[{"selector":{"controlType":"sap.m.GenericTile","properties":{"header":"Manage Partners"}},"wdio_ui5_key":"sapm.GenericTile{\"header\":\"Manage Partners\"}"}]}
RESULT: {"script":"<script> [1562 bytes]","args":[{"selector":{"controlType":"sap.m.GenericTile","properties":{"header":"Manage Partners"}},"wdio_ui5_key":"sapm.GenericTile{\"header\":\"Manage Partners\"}"}]}
RESULT: undefined
COMMAND: POST /session/6773c96d6a7511f796a85c459a165c74/element - {"using":"xpath","value":"//*[@id=\"__tile38\"]"}
RESULT: {"using":"xpath","value":"//*[@id=\"__tile38\"]"}
COMMAND: POST /session/6773c96d6a7511f796a85c459a165c74/element/f.29D878CEA50B72482771CEDAC8A54377.d.4CB98B3A9C9BBA7C1A23218BBC0FE194.e.3067/click - {}
RESULT: {}
COMMAND: GET /session/6773c96d6a7511f796a85c459a165c74/screenshot - {}
RESULT: {}
COMMAND: POST /session/6773c96d6a7511f796a85c459a165c74/elements - {"using":"xpath","value":"//span[text()='Error']"}
RESULT: {"using":"xpath","value":"//span[text()='Error']"}
COMMAND: POST /session/6773c96d6a7511f796a85c459a165c74/element - {"using":"xpath","value":"//button[@data-kt=\"addButton\"]"}
RESULT: {"using":"xpath","value":"//button[@data-kt=\"addButton\"]"}
COMMAND: POST /session/6773c96d6a7511f796a85c459a165c74/elements - {"using":"xpath","value":"//button[@data-kt=\"addButton\"]"}
RESULT: {"using":"xpath","value":"//button[@data-kt=\"addButton\"]"}
COMMAND: POST /session/6773c96d6a7511f796a85c459a165c74/elements - {"using":"xpath","value":"//button[@data-kt=\"addButton\"]"}
RESULT: {"using":"xpath","value":"//button[@data-kt=\"addButton\"]"}
COMMAND: POST /session/6773c96d6a7511f796a85c459a165c74/elements - {"using":"xpath","value":"//button[@data-kt=\"addButton\"]"}
RESULT: {"using":"xpath","value":"//button[@data-kt=\"addButton\"]"}
COMMAND: POST /session/6773c96d6a7511f796a85c459a165c74/elements - {"using":"xpath","value":"//button[@data-kt=\"addButton\"]"}
RESULT: {"using":"xpath","value":"//button[@data-kt=\"addButton\"]"}
COMMAND: POST /session/6773c96d6a7511f796a85c459a165c74/elements - {"using":"xpath","value":"//button[@data-kt=\"addButton\"]"}
RESULT: {"using":"xpath","value":"//button[@data-kt=\"addButton\"]"}
COMMAND: POST /session/6773c96d6a7511f796a85c459a165c74/element - {"using":"xpath","value":"//button[@data-kt=\"addButton\"]"}
RESULT: {"using":"xpath","value":"//button[@data-kt=\"addButton\"]"}
COMMAND: POST /session/6773c96d6a7511f796a85c459a165c74/execute/sync - {"script":"<script> [8489 bytes]","args":[{"element-6066-11e4-a52e-4f735466cecf":"f.29D878CEA50B72482771CEDAC8A54377.d.4CB98B3A9C9BBA7C1A23218BBC0FE194.e.3216","ELEMENT":"f.29D878CEA50B72482771CEDAC8A54377.d.4CB98B3A9C9BBA7C1A23218BBC0FE194.e.3216"}]}
RESULT: {"script":"<script> [8489 bytes]","args":[{"element-6066-11e4-a52e-4f735466cecf":"f.29D878CEA50B72482771CEDAC8A54377.d.4CB98B3A9C9BBA7C1A23218BBC0FE194.e.3216","ELEMENT":"f.29D878CEA50B72482771CEDAC8A54377.d.4CB98B3A9C9BBA7C1A23218BBC0FE194.e.3216"}]}
COMMAND: GET /session/6773c96d6a7511f796a85c459a165c74/element/f.29D878CEA50B72482771CEDAC8A54377.d.4CB98B3A9C9BBA7C1A23218BBC0FE194.e.3216/enabled - {}
COMMAND: GET /session/6773c96d6a7511f796a85c459a165c74/screenshot - {}
RESULT: {}
COMMAND: POST /session/6773c96d6a7511f796a85c459a165c74/execute/sync - {"script":"<script> [8489 bytes]","args":[{"element-6066-11e4-a52e-4f735466cecf":"f.29D878CEA50B72482771CEDAC8A54377.d.4CB98B3A9C9BBA7C1A23218BBC0FE194.e.3216","ELEMENT":"f.29D878CEA50B72482771CEDAC8A54377.d.4CB98B3A9C9BBA7C1A23218BBC0FE194.e.3216"}]}
COMMAND: GET /session/6773c96d6a7511f796a85c459a165c74/screenshot - {}
RESULT: {}
RESULT: {"script":"<script> [8489 bytes]","args":[{"element-6066-11e4-a52e-4f735466cecf":"f.29D878CEA50B72482771CEDAC8A54377.d.4CB98B3A9C9BBA7C1A23218BBC0FE194.e.3216","ELEMENT":"f.29D878CEA50B72482771CEDAC8A54377.d.4CB98B3A9C9BBA7C1A23218BBC0FE194.e.3216"}]}
COMMAND: POST /session/6773c96d6a7511f796a85c459a165c74/execute/sync - {"script":"<script> [5351 bytes]","args":[{"element-6066-11e4-a52e-4f735466cecf":"f.29D878CEA50B72482771CEDAC8A54377.d.4CB98B3A9C9BBA7C1A23218BBC0FE194.e.3216","ELEMENT":"f.29D878CEA50B72482771CEDAC8A54377.d.4CB98B3A9C9BBA7C1A23218BBC0FE194.e.3216"}]}
COMMAND: GET /session/6773c96d6a7511f796a85c459a165c74/screenshot - {}
RESULT: {}
RESULT: {"script":"<script> [5351 bytes]","args":[{"element-6066-11e4-a52e-4f735466cecf":"f.29D878CEA50B72482771CEDAC8A54377.d.4CB98B3A9C9BBA7C1A23218BBC0FE194.e.3216","ELEMENT":"f.29D878CEA50B72482771CEDAC8A54377.d.4CB98B3A9C9BBA7C1A23218BBC0FE194.e.3216"}]}
COMMAND: POST /session/6773c96d6a7511f796a85c459a165c74/element/f.29D878CEA50B72482771CEDAC8A54377.d.4CB98B3A9C9BBA7C1A23218BBC0FE194.e.3216/click - {}
COMMAND: GET /session/6773c96d6a7511f796a85c459a165c74/screenshot - {}
RESULT: {}
RESULT: {}
COMMAND: GET /session/6773c96d6a7511f796a85c459a165c74/screenshot - {}
RESULT: {}
RESULT: {}
COMMAND: POST /session/6773c96d6a7511f796a85c459a165c74/execute/async - {"script":"<script> [1562 bytes]","args":[{"selector":{"id":"application-managepartners-display-component---NewPartner--addressDetailDetailsName1","interaction":{"idSuffix":"inner"}},"wdio_ui5_key":"applicationmanagepartners-display-component---NewPartner--addressDetailDetailsName1"}]}
RESULT: {"script":"<script> [1562 bytes]","args":[{"selector":{"id":"application-managepartners-display-component---NewPartner--addressDetailDetailsName1","interaction":{"idSuffix":"inner"}},"wdio_ui5_key":"applicationmanagepartners-display-component---NewPartner--addressDetailDetailsName1"}]}
RESULT: undefined
COMMAND: POST /session/6773c96d6a7511f796a85c459a165c74/execute/async - {"script":"<script> [776 bytes]","args":[{"enterText":"DailyPrice Partner WDIO","selector":{"id":"application-managepartners-display-component---NewPartner--addressDetailDetailsName1","interaction":{"idSuffix":"inner"}},"clearTextFirst":true,"interactionType":"ENTER_TEXT"}]}
RESULT: {"script":"<script> [776 bytes]","args":[{"enterText":"DailyPrice Partner WDIO","selector":{"id":"application-managepartners-display-component---NewPartner--addressDetailDetailsName1","interaction":{"idSuffix":"inner"}},"clearTextFirst":true,"interactionType":"ENTER_TEXT"}]}
COMMAND: POST /session/6773c96d6a7511f796a85c459a165c74/execute/async - {"script":"<script> [1562 bytes]","args":[{"selector":{"id":"application-managepartners-display-component---NewPartner--addressDetailDetailsLanguage-arrow"},"wdio_ui5_key":"applicationmanagepartners-display-component---NewPartner--addressDetailDetailsLanguage-arrow"}]}
RESULT: {"script":"<script> [1562 bytes]","args":[{"selector":{"id":"application-managepartners-display-component---NewPartner--addressDetailDetailsLanguage-arrow"},"wdio_ui5_key":"applicationmanagepartners-display-component---NewPartner--addressDetailDetailsLanguage-arrow"}]}
RESULT: undefined
COMMAND: POST /session/6773c96d6a7511f796a85c459a165c74/element - {"using":"xpath","value":"//*[@id=\"application-managepartners-display-component---NewPartner--addressDetailDetailsLanguage-arrow\"]"}
RESULT: {"using":"xpath","value":"//*[@id=\"application-managepartners-display-component---NewPartner--addressDetailDetailsLanguage-arrow\"]"}
COMMAND: POST /session/6773c96d6a7511f796a85c459a165c74/element/f.29D878CEA50B72482771CEDAC8A54377.d.4CB98B3A9C9BBA7C1A23218BBC0FE194.e.3671/click - {}
RESULT: {}
COMMAND: POST /session/6773c96d6a7511f796a85c459a165c74/element - {"using":"xpath","value":"//span[contains(text(), \"English\")]"}
COMMAND: GET /session/6773c96d6a7511f796a85c459a165c74/screenshot - {}
RESULT: {"using":"xpath","value":"//span[contains(text(), \"English\")]"}
COMMAND: POST /session/6773c96d6a7511f796a85c459a165c74/element/f.29D878CEA50B72482771CEDAC8A54377.d.4CB98B3A9C9BBA7C1A23218BBC0FE194.e.3672/click - {}
RESULT: {}
RESULT: {}
COMMAND: GET /session/6773c96d6a7511f796a85c459a165c74/screenshot - {}
RESULT: {}
COMMAND: POST /session/6773c96d6a7511f796a85c459a165c74/execute/async - {"script":"<script> [1562 bytes]","args":[{"selector":{"id":"application-managepartners-display-component---NewPartner--addressDetailDetailsCity1","interaction":{"idSuffix":"inner"}},"wdio_ui5_key":"applicationmanagepartners-display-component---NewPartner--addressDetailDetailsCity1"}]}
RESULT: {"script":"<script> [1562 bytes]","args":[{"selector":{"id":"application-managepartners-display-component---NewPartner--addressDetailDetailsCity1","interaction":{"idSuffix":"inner"}},"wdio_ui5_key":"applicationmanagepartners-display-component---NewPartner--addressDetailDetailsCity1"}]}
RESULT: undefined
COMMAND: POST /session/6773c96d6a7511f796a85c459a165c74/execute/async - {"script":"<script> [776 bytes]","args":[{"enterText":"Rosario","selector":{"id":"application-managepartners-display-component---NewPartner--addressDetailDetailsCity1","interaction":{"idSuffix":"inner"}},"clearTextFirst":true,"interactionType":"ENTER_TEXT"}]}
RESULT: {"script":"<script> [776 bytes]","args":[{"enterText":"Rosario","selector":{"id":"application-managepartners-display-component---NewPartner--addressDetailDetailsCity1","interaction":{"idSuffix":"inner"}},"clearTextFirst":true,"interactionType":"ENTER_TEXT"}]}
COMMAND: POST /session/6773c96d6a7511f796a85c459a165c74/execute/async - {"script":"<script> [1562 bytes]","args":[{"selector":{"id":"application-managepartners-display-component---NewPartner--addressDetailDetailsCountry-arrow"},"wdio_ui5_key":"applicationmanagepartners-display-component---NewPartner--addressDetailDetailsCountry-arrow"}]}
RESULT: {"script":"<script> [1562 bytes]","args":[{"selector":{"id":"application-managepartners-display-component---NewPartner--addressDetailDetailsCountry-arrow"},"wdio_ui5_key":"applicationmanagepartners-display-component---NewPartner--addressDetailDetailsCountry-arrow"}]}
RESULT: undefined
COMMAND: POST /session/6773c96d6a7511f796a85c459a165c74/element - {"using":"xpath","value":"//*[@id=\"application-managepartners-display-component---NewPartner--addressDetailDetailsCountry-arrow\"]"}
RESULT: {"using":"xpath","value":"//*[@id=\"application-managepartners-display-component---NewPartner--addressDetailDetailsCountry-arrow\"]"}
COMMAND: POST /session/6773c96d6a7511f796a85c459a165c74/element/f.29D878CEA50B72482771CEDAC8A54377.d.4CB98B3A9C9BBA7C1A23218BBC0FE194.e.3658/click - {}
RESULT: {}
COMMAND: POST /session/6773c96d6a7511f796a85c459a165c74/element - {"using":"xpath","value":"//span[contains(text(), \"Argentina\")]"}
COMMAND: GET /session/6773c96d6a7511f796a85c459a165c74/screenshot - {}
RESULT: {"using":"xpath","value":"//span[contains(text(), \"Argentina\")]"}
COMMAND: POST /session/6773c96d6a7511f796a85c459a165c74/element/f.29D878CEA50B72482771CEDAC8A54377.d.4CB98B3A9C9BBA7C1A23218BBC0FE194.e.3674/click - {}
RESULT: {}
RESULT: {}
COMMAND: GET /session/6773c96d6a7511f796a85c459a165c74/screenshot - {}
RESULT: {}
COMMAND: POST /session/6773c96d6a7511f796a85c459a165c74/element - {"using":"xpath","value":"//bdi[contains(text(), \"Commercial\")]"}
RESULT: {"using":"xpath","value":"//bdi[contains(text(), \"Commercial\")]"}
COMMAND: POST /session/6773c96d6a7511f796a85c459a165c74/element/f.29D878CEA50B72482771CEDAC8A54377.d.4CB98B3A9C9BBA7C1A23218BBC0FE194.e.3675/click - {}
RESULT: {}
COMMAND: GET /session/6773c96d6a7511f796a85c459a165c74/screenshot - {}
RESULT: {}
COMMAND: POST /session/6773c96d6a7511f796a85c459a165c74/execute/async - {"script":"<script> [1562 bytes]","args":[{"selector":{"id":"application-managepartners-display-component---NewPartner--partnerDetailInternal-arrow"},"wdio_ui5_key":"applicationmanagepartners-display-component---NewPartner--partnerDetailInternal-arrow"}]}
RESULT: {"script":"<script> [1562 bytes]","args":[{"selector":{"id":"application-managepartners-display-component---NewPartner--partnerDetailInternal-arrow"},"wdio_ui5_key":"applicationmanagepartners-display-component---NewPartner--partnerDetailInternal-arrow"}]}
RESULT: undefined
COMMAND: POST /session/6773c96d6a7511f796a85c459a165c74/element - {"using":"xpath","value":"//*[@id=\"application-managepartners-display-component---NewPartner--partnerDetailInternal-arrow\"]"}
RESULT: {"using":"xpath","value":"//*[@id=\"application-managepartners-display-component---NewPartner--partnerDetailInternal-arrow\"]"}
COMMAND: POST /session/6773c96d6a7511f796a85c459a165c74/element/f.29D878CEA50B72482771CEDAC8A54377.d.4CB98B3A9C9BBA7C1A23218BBC0FE194.e.3681/click - {}
RESULT: {}
COMMAND: POST /session/6773c96d6a7511f796a85c459a165c74/element - {"using":"xpath","value":"//span[contains(text(), \"Affiliated company\")]"}
COMMAND: GET /session/6773c96d6a7511f796a85c459a165c74/screenshot - {}
RESULT: {"using":"xpath","value":"//span[contains(text(), \"Affiliated company\")]"}
COMMAND: POST /session/6773c96d6a7511f796a85c459a165c74/element/f.29D878CEA50B72482771CEDAC8A54377.d.4CB98B3A9C9BBA7C1A23218BBC0FE194.e.3682/click - {}
RESULT: {}
RESULT: {}
COMMAND: POST /session/6773c96d6a7511f796a85c459a165c74/execute/async - {"script":"<script> [1562 bytes]","args":[{"selector":{"id":"application-managepartners-display-component---NewPartner--partnerDetailsCurrency-arrow"},"wdio_ui5_key":"applicationmanagepartners-display-component---NewPartner--partnerDetailsCurrency-arrow"}]}
COMMAND: GET /session/6773c96d6a7511f796a85c459a165c74/screenshot - {}
RESULT: {"script":"<script> [1562 bytes]","args":[{"selector":{"id":"application-managepartners-display-component---NewPartner--partnerDetailsCurrency-arrow"},"wdio_ui5_key":"applicationmanagepartners-display-component---NewPartner--partnerDetailsCurrency-arrow"}]}
RESULT: undefined
COMMAND: POST /session/6773c96d6a7511f796a85c459a165c74/element - {"using":"xpath","value":"//*[@id=\"application-managepartners-display-component---NewPartner--partnerDetailsCurrency-arrow\"]"}
RESULT: {}
RESULT: {"using":"xpath","value":"//*[@id=\"application-managepartners-display-component---NewPartner--partnerDetailsCurrency-arrow\"]"}
COMMAND: POST /session/6773c96d6a7511f796a85c459a165c74/element/f.29D878CEA50B72482771CEDAC8A54377.d.4CB98B3A9C9BBA7C1A23218BBC0FE194.e.3689/click - {}
RESULT: {}
COMMAND: POST /session/6773c96d6a7511f796a85c459a165c74/element - {"using":"xpath","value":"//span[contains(text(), \"Euro\")]"}
COMMAND: GET /session/6773c96d6a7511f796a85c459a165c74/screenshot - {}
RESULT: {"using":"xpath","value":"//span[contains(text(), \"Euro\")]"}
COMMAND: POST /session/6773c96d6a7511f796a85c459a165c74/element/f.29D878CEA50B72482771CEDAC8A54377.d.4CB98B3A9C9BBA7C1A23218BBC0FE194.e.3690/click - {}
RESULT: {}
RESULT: {}
COMMAND: POST /session/6773c96d6a7511f796a85c459a165c74/execute/async - {"script":"<script> [1562 bytes]","args":[{"selector":{"id":"application-managepartners-display-component---NewPartner--addressEditDetailsCostObjectCstType-arrow"},"wdio_ui5_key":"applicationmanagepartners-display-component---NewPartner--addressEditDetailsCostObjectCstType-arrow"}]}
COMMAND: GET /session/6773c96d6a7511f796a85c459a165c74/screenshot - {}
RESULT: {"script":"<script> [1562 bytes]","args":[{"selector":{"id":"application-managepartners-display-component---NewPartner--addressEditDetailsCostObjectCstType-arrow"},"wdio_ui5_key":"applicationmanagepartners-display-component---NewPartner--addressEditDetailsCostObjectCstType-arrow"}]}
RESULT: undefined
COMMAND: POST /session/6773c96d6a7511f796a85c459a165c74/element - {"using":"xpath","value":"//*[@id=\"application-managepartners-display-component---NewPartner--addressEditDetailsCostObjectCstType-arrow\"]"}
RESULT: {}
RESULT: {"using":"xpath","value":"//*[@id=\"application-managepartners-display-component---NewPartner--addressEditDetailsCostObjectCstType-arrow\"]"}
COMMAND: POST /session/6773c96d6a7511f796a85c459a165c74/element/f.29D878CEA50B72482771CEDAC8A54377.d.4CB98B3A9C9BBA7C1A23218BBC0FE194.e.3691/click - {}
RESULT: {}
COMMAND: POST /session/6773c96d6a7511f796a85c459a165c74/element - {"using":"xpath","value":"//span[contains(text(), \"Cost Center\")]"}
COMMAND: GET /session/6773c96d6a7511f796a85c459a165c74/screenshot - {}
RESULT: {"using":"xpath","value":"//span[contains(text(), \"Cost Center\")]"}
COMMAND: POST /session/6773c96d6a7511f796a85c459a165c74/element/f.29D878CEA50B72482771CEDAC8A54377.d.4CB98B3A9C9BBA7C1A23218BBC0FE194.e.3692/click - {}
RESULT: {}
RESULT: {}
COMMAND: GET /session/6773c96d6a7511f796a85c459a165c74/screenshot - {}
RESULT: {}
COMMAND: POST /session/6773c96d6a7511f796a85c459a165c74/element - {"using":"xpath","value":"//span[@id=\"application-managepartners-display-component---NewPartner--addressNewCostObjectCstID-vhi\"]"}
RESULT: {"using":"xpath","value":"//span[@id=\"application-managepartners-display-component---NewPartner--addressNewCostObjectCstID-vhi\"]"}
COMMAND: POST /session/6773c96d6a7511f796a85c459a165c74/execute/sync - {"script":"<script> [8489 bytes]","args":[{"element-6066-11e4-a52e-4f735466cecf":"f.29D878CEA50B72482771CEDAC8A54377.d.4CB98B3A9C9BBA7C1A23218BBC0FE194.e.3696","ELEMENT":"f.29D878CEA50B72482771CEDAC8A54377.d.4CB98B3A9C9BBA7C1A23218BBC0FE194.e.3696"}]}
RESULT: {"script":"<script> [8489 bytes]","args":[{"element-6066-11e4-a52e-4f735466cecf":"f.29D878CEA50B72482771CEDAC8A54377.d.4CB98B3A9C9BBA7C1A23218BBC0FE194.e.3696","ELEMENT":"f.29D878CEA50B72482771CEDAC8A54377.d.4CB98B3A9C9BBA7C1A23218BBC0FE194.e.3696"}]}
COMMAND: POST /session/6773c96d6a7511f796a85c459a165c74/execute/async - {"script":"<script> [1562 bytes]","args":[{"selector":{"id":"application-managepartners-display-component---NewPartner--addressNewCostObjectCstID-vhi"},"wdio_ui5_key":"applicationmanagepartners-display-component---NewPartner--addressNewCostObjectCstID-vhi"}]}
COMMAND: GET /session/6773c96d6a7511f796a85c459a165c74/screenshot - {}
RESULT: {"script":"<script> [1562 bytes]","args":[{"selector":{"id":"application-managepartners-display-component---NewPartner--addressNewCostObjectCstID-vhi"},"wdio_ui5_key":"applicationmanagepartners-display-component---NewPartner--addressNewCostObjectCstID-vhi"}]}
RESULT: undefined
COMMAND: POST /session/6773c96d6a7511f796a85c459a165c74/element - {"using":"xpath","value":"//*[@id=\"application-managepartners-display-component---NewPartner--addressNewCostObjectCstID-vhi\"]"}
RESULT: {}
RESULT: {"using":"xpath","value":"//*[@id=\"application-managepartners-display-component---NewPartner--addressNewCostObjectCstID-vhi\"]"}
COMMAND: POST /session/6773c96d6a7511f796a85c459a165c74/element/f.29D878CEA50B72482771CEDAC8A54377.d.4CB98B3A9C9BBA7C1A23218BBC0FE194.e.3696/click - {}
RESULT: {}
COMMAND: GET /session/6773c96d6a7511f796a85c459a165c74/screenshot - {}
RESULT: {}
COMMAND: POST /session/6773c96d6a7511f796a85c459a165c74/execute/async - {"script":"<script> [1562 bytes]","args":[{"selector":{"controlType":"sap.m.SearchField","properties":{"placeholder":"Search"},"searchOpenDialogs":true,"interaction":{"idSuffix":"I"}},"wdio_ui5_key":"sapm.SearchField{\"placeholder\":\"Search\"}"}]}
RESULT: {"script":"<script> [1562 bytes]","args":[{"selector":{"controlType":"sap.m.SearchField","properties":{"placeholder":"Search"},"searchOpenDialogs":true,"interaction":{"idSuffix":"I"}},"wdio_ui5_key":"sapm.SearchField{\"placeholder\":\"Search\"}"}]}
RESULT: undefined
COMMAND: POST /session/6773c96d6a7511f796a85c459a165c74/execute/async - {"script":"<script> [776 bytes]","args":[{"enterText":"10001013","selector":{"controlType":"sap.m.SearchField","properties":{"placeholder":"Search"},"searchOpenDialogs":true,"interaction":{"idSuffix":"I"}},"clearTextFirst":true,"interactionType":"ENTER_TEXT"}]}
RESULT: {"script":"<script> [776 bytes]","args":[{"enterText":"10001013","selector":{"controlType":"sap.m.SearchField","properties":{"placeholder":"Search"},"searchOpenDialogs":true,"interaction":{"idSuffix":"I"}},"clearTextFirst":true,"interactionType":"ENTER_TEXT"}]}
COMMAND: POST /session/6773c96d6a7511f796a85c459a165c74/actions - {"actions":[{"id":"action11","type":"key","parameters":{},"actions":[{"type":"keyDown","value":"î€‡"},{"type":"pause","duration":10},{"type":"keyUp","value":"î€‡"}]}]}
RESULT: {"actions":[{"id":"action11","type":"key","parameters":{},"actions":[{"type":"keyDown","value":"î€‡"},{"type":"pause","duration":10},{"type":"keyUp","value":"î€‡"}]}]}
COMMAND: GET /session/6773c96d6a7511f796a85c459a165c74/screenshot - {}
RESULT: {}
COMMAND: POST /session/6773c96d6a7511f796a85c459a165c74/element - {"using":"xpath","value":"//span[contains(text(), \"General Management\")]"}
RESULT: {"using":"xpath","value":"//span[contains(text(), \"General Management\")]"}
COMMAND: POST /session/6773c96d6a7511f796a85c459a165c74/element/f.29D878CEA50B72482771CEDAC8A54377.d.4CB98B3A9C9BBA7C1A23218BBC0FE194.e.3738/click - {}
RESULT: {}
COMMAND: GET /session/6773c96d6a7511f796a85c459a165c74/screenshot - {}
RESULT: {}
COMMAND: POST /session/6773c96d6a7511f796a85c459a165c74/element - {"using":"xpath","value":"//bdi[contains(text(), \"OK\")]"}
RESULT: {"using":"xpath","value":"//bdi[contains(text(), \"OK\")]"}
COMMAND: POST /session/6773c96d6a7511f796a85c459a165c74/element/f.29D878CEA50B72482771CEDAC8A54377.d.4CB98B3A9C9BBA7C1A23218BBC0FE194.e.3739/click - {}
RESULT: {}
COMMAND: GET /session/6773c96d6a7511f796a85c459a165c74/screenshot - {}
RESULT: {}
COMMAND: POST /session/6773c96d6a7511f796a85c459a165c74/element - {"using":"xpath","value":"//input[@id=\"application-managepartners-display-component---NewPartner--companyCodeComboBox-inner\"]"}
RESULT: {"using":"xpath","value":"//input[@id=\"application-managepartners-display-component---NewPartner--companyCodeComboBox-inner\"]"}
COMMAND: POST /session/6773c96d6a7511f796a85c459a165c74/element/f.29D878CEA50B72482771CEDAC8A54377.d.4CB98B3A9C9BBA7C1A23218BBC0FE194.e.3537/clear - {}
RESULT: {}
COMMAND: POST /session/6773c96d6a7511f796a85c459a165c74/element/f.29D878CEA50B72482771CEDAC8A54377.d.4CB98B3A9C9BBA7C1A23218BBC0FE194.e.3537/value - {"text":"C002"}
COMMAND: GET /session/6773c96d6a7511f796a85c459a165c74/screenshot - {}
RESULT: {"text":"C002"}
COMMAND: GET /session/6773c96d6a7511f796a85c459a165c74/screenshot - {}
RESULT: {}
RESULT: {}
COMMAND: POST /session/6773c96d6a7511f796a85c459a165c74/element - {"using":"xpath","value":"//li[.//span[text()= \"C002\"]]"}
RESULT: {"using":"xpath","value":"//li[.//span[text()= \"C002\"]]"}
COMMAND: POST /session/6773c96d6a7511f796a85c459a165c74/element/f.29D878CEA50B72482771CEDAC8A54377.d.4CB98B3A9C9BBA7C1A23218BBC0FE194.e.3745/click - {}
RESULT: {}
COMMAND: GET /session/6773c96d6a7511f796a85c459a165c74/screenshot - {}
RESULT: {}
COMMAND: POST /session/6773c96d6a7511f796a85c459a165c74/execute/async - {"script":"<script> [1562 bytes]","args":[{"selector":{"id":"application-managepartners-display-component---NewPartner--btnAddTableRow-img"},"wdio_ui5_key":"applicationmanagepartners-display-component---NewPartner--btnAddTableRow-img"}]}
RESULT: {"script":"<script> [1562 bytes]","args":[{"selector":{"id":"application-managepartners-display-component---NewPartner--btnAddTableRow-img"},"wdio_ui5_key":"applicationmanagepartners-display-component---NewPartner--btnAddTableRow-img"}]}
RESULT: undefined
COMMAND: POST /session/6773c96d6a7511f796a85c459a165c74/element - {"using":"xpath","value":"//*[@id=\"application-managepartners-display-component---NewPartner--btnAddTableRow-img\"]"}
RESULT: {"using":"xpath","value":"//*[@id=\"application-managepartners-display-component---NewPartner--btnAddTableRow-img\"]"}
COMMAND: POST /session/6773c96d6a7511f796a85c459a165c74/element/f.29D878CEA50B72482771CEDAC8A54377.d.4CB98B3A9C9BBA7C1A23218BBC0FE194.e.3746/click - {}
RESULT: {}
COMMAND: GET /session/6773c96d6a7511f796a85c459a165c74/screenshot - {}
RESULT: {}
COMMAND: POST /session/6773c96d6a7511f796a85c459a165c74/element - {"using":"xpath","value":"//input[@id=\"application-managepartners-display-component---NewPartner--assignmentYard-application-managepartners-display-component---NewPartner--assignmentsTable-0-inner\"]"}
RESULT: {"using":"xpath","value":"//input[@id=\"application-managepartners-display-component---NewPartner--assignmentYard-application-managepartners-display-component---NewPartner--assignmentsTable-0-inner\"]"}
COMMAND: POST /session/6773c96d6a7511f796a85c459a165c74/element/f.29D878CEA50B72482771CEDAC8A54377.d.4CB98B3A9C9BBA7C1A23218BBC0FE194.e.3749/clear - {}
RESULT: {}
COMMAND: POST /session/6773c96d6a7511f796a85c459a165c74/element/f.29D878CEA50B72482771CEDAC8A54377.d.4CB98B3A9C9BBA7C1A23218BBC0FE194.e.3749/value - {"text":"501"}
COMMAND: GET /session/6773c96d6a7511f796a85c459a165c74/screenshot - {}
RESULT: {"text":"501"}
COMMAND: GET /session/6773c96d6a7511f796a85c459a165c74/screenshot - {}
RESULT: {}
RESULT: {}
COMMAND: POST /session/6773c96d6a7511f796a85c459a165c74/element - {"using":"xpath","value":"//li[.//span[text()='501']]"}
RESULT: {"using":"xpath","value":"//li[.//span[text()='501']]"}
COMMAND: POST /session/6773c96d6a7511f796a85c459a165c74/element/f.29D878CEA50B72482771CEDAC8A54377.d.4CB98B3A9C9BBA7C1A23218BBC0FE194.e.3758/click - {}
RESULT: {}
COMMAND: GET /session/6773c96d6a7511f796a85c459a165c74/screenshot - {}
RESULT: {}
COMMAND: POST /session/6773c96d6a7511f796a85c459a165c74/actions - {"actions":[{"id":"action12","type":"key","parameters":{},"actions":[{"type":"keyDown","value":"î€‡"},{"type":"pause","duration":10},{"type":"keyUp","value":"î€‡"}]}]}
RESULT: {"actions":[{"id":"action12","type":"key","parameters":{},"actions":[{"type":"keyDown","value":"î€‡"},{"type":"pause","duration":10},{"type":"keyUp","value":"î€‡"}]}]}
COMMAND: POST /session/6773c96d6a7511f796a85c459a165c74/execute/async - {"script":"<script> [1562 bytes]","args":[{"selector":{"id":"application-managepartners-display-component---NewPartner--externalCustomerComboBox-application-managepartners-display-component---NewPartner--assignmentsTable-0-vhi"},"wdio_ui5_key":"applicationmanagepartners-display-component---NewPartner--externalCustomerComboBox-application-managepartners-display-component---NewPartner--assignmentsTable-0-vhi"}]}
COMMAND: GET /session/6773c96d6a7511f796a85c459a165c74/screenshot - {}
RESULT: {"script":"<script> [1562 bytes]","args":[{"selector":{"id":"application-managepartners-display-component---NewPartner--externalCustomerComboBox-application-managepartners-display-component---NewPartner--assignmentsTable-0-vhi"},"wdio_ui5_key":"applicationmanagepartners-display-component---NewPartner--externalCustomerComboBox-application-managepartners-display-component---NewPartner--assignmentsTable-0-vhi"}]}
RESULT: undefined
COMMAND: POST /session/6773c96d6a7511f796a85c459a165c74/element - {"using":"xpath","value":"//*[@id=\"application-managepartners-display-component---NewPartner--externalCustomerComboBox-application-managepartners-display-component---NewPartner--assignmentsTable-0-vhi\"]"}
RESULT: {}
RESULT: {"using":"xpath","value":"//*[@id=\"application-managepartners-display-component---NewPartner--externalCustomerComboBox-application-managepartners-display-component---NewPartner--assignmentsTable-0-vhi\"]"}
COMMAND: POST /session/6773c96d6a7511f796a85c459a165c74/element/f.29D878CEA50B72482771CEDAC8A54377.d.4CB98B3A9C9BBA7C1A23218BBC0FE194.e.3762/click - {}
RESULT: {}
RESULT: undefined
COMMAND: POST /session/6773c96d6a7511f796a85c459a165c74/execute/async - {"script":"<script> [776 bytes]","args":[{"enterText":"300003","selector":{"controlType":"sap.m.SearchField","properties":{"placeholder":"Search"},"searchOpenDialogs":true,"interaction":{"idSuffix":"I"}},"clearTextFirst":true,"interactionType":"ENTER_TEXT"}]}
COMMAND: GET /session/6773c96d6a7511f796a85c459a165c74/screenshot - {}
RESULT: {"script":"<script> [776 bytes]","args":[{"enterText":"300003","selector":{"controlType":"sap.m.SearchField","properties":{"placeholder":"Search"},"searchOpenDialogs":true,"interaction":{"idSuffix":"I"}},"clearTextFirst":true,"interactionType":"ENTER_TEXT"}]}
COMMAND: POST /session/6773c96d6a7511f796a85c459a165c74/actions - {"actions":[{"id":"action13","type":"key","parameters":{},"actions":[{"type":"keyDown","value":"î€‡"},{"type":"pause","duration":10},{"type":"keyUp","value":"î€‡"}]}]}
RESULT: {}
RESULT: {"actions":[{"id":"action13","type":"key","parameters":{},"actions":[{"type":"keyDown","value":"î€‡"},{"type":"pause","duration":10},{"type":"keyUp","value":"î€‡"}]}]}
COMMAND: GET /session/6773c96d6a7511f796a85c459a165c74/screenshot - {}
RESULT: {}
COMMAND: POST /session/6773c96d6a7511f796a85c459a165c74/element - {"using":"xpath","value":"//span[contains(text(), \"300003\")]"}
RESULT: {"using":"xpath","value":"//span[contains(text(), \"300003\")]"}
COMMAND: POST /session/6773c96d6a7511f796a85c459a165c74/element/f.29D878CEA50B72482771CEDAC8A54377.d.4CB98B3A9C9BBA7C1A23218BBC0FE194.e.3781/click - {}
RESULT: {}
COMMAND: GET /session/6773c96d6a7511f796a85c459a165c74/screenshot - {}
RESULT: {}
COMMAND: POST /session/6773c96d6a7511f796a85c459a165c74/element - {"using":"xpath","value":"//bdi[contains(text(), \"OK\")]"}
RESULT: {"using":"xpath","value":"//bdi[contains(text(), \"OK\")]"}
COMMAND: POST /session/6773c96d6a7511f796a85c459a165c74/element/f.29D878CEA50B72482771CEDAC8A54377.d.4CB98B3A9C9BBA7C1A23218BBC0FE194.e.3783/click - {}
RESULT: {}
COMMAND: GET /session/6773c96d6a7511f796a85c459a165c74/screenshot - {}
RESULT: {}
COMMAND: POST /session/6773c96d6a7511f796a85c459a165c74/execute/async - {"script":"<script> [1562 bytes]","args":[{"selector":{"id":"application-managepartners-display-component---NewPartner--intercompVendorComboBox-application-managepartners-display-component---NewPartner--assignmentsTable-0-vhi"},"wdio_ui5_key":"applicationmanagepartners-display-component---NewPartner--intercompVendorComboBox-application-managepartners-display-component---NewPartner--assignmentsTable-0-vhi"}]}
RESULT: {"script":"<script> [1562 bytes]","args":[{"selector":{"id":"application-managepartners-display-component---NewPartner--intercompVendorComboBox-application-managepartners-display-component---NewPartner--assignmentsTable-0-vhi"},"wdio_ui5_key":"applicationmanagepartners-display-component---NewPartner--intercompVendorComboBox-application-managepartners-display-component---NewPartner--assignmentsTable-0-vhi"}]}
RESULT: undefined
COMMAND: POST /session/6773c96d6a7511f796a85c459a165c74/element - {"using":"xpath","value":"//*[@id=\"application-managepartners-display-component---NewPartner--intercompVendorComboBox-application-managepartners-display-component---NewPartner--assignmentsTable-0-vhi\"]"}
RESULT: {"using":"xpath","value":"//*[@id=\"application-managepartners-display-component---NewPartner--intercompVendorComboBox-application-managepartners-display-component---NewPartner--assignmentsTable-0-vhi\"]"}
COMMAND: POST /session/6773c96d6a7511f796a85c459a165c74/element/f.29D878CEA50B72482771CEDAC8A54377.d.4CB98B3A9C9BBA7C1A23218BBC0FE194.e.3786/click - {}
RESULT: {}
RESULT: undefined
COMMAND: POST /session/6773c96d6a7511f796a85c459a165c74/execute/async - {"script":"<script> [776 bytes]","args":[{"enterText":"100005","selector":{"controlType":"sap.m.SearchField","properties":{"placeholder":"Search"},"searchOpenDialogs":true,"interaction":{"idSuffix":"I"}},"clearTextFirst":true,"interactionType":"ENTER_TEXT"}]}
COMMAND: GET /session/6773c96d6a7511f796a85c459a165c74/screenshot - {}
RESULT: {"script":"<script> [776 bytes]","args":[{"enterText":"100005","selector":{"controlType":"sap.m.SearchField","properties":{"placeholder":"Search"},"searchOpenDialogs":true,"interaction":{"idSuffix":"I"}},"clearTextFirst":true,"interactionType":"ENTER_TEXT"}]}
COMMAND: POST /session/6773c96d6a7511f796a85c459a165c74/actions - {"actions":[{"id":"action14","type":"key","parameters":{},"actions":[{"type":"keyDown","value":"î€‡"},{"type":"pause","duration":10},{"type":"keyUp","value":"î€‡"}]}]}
RESULT: {}
RESULT: {"actions":[{"id":"action14","type":"key","parameters":{},"actions":[{"type":"keyDown","value":"î€‡"},{"type":"pause","duration":10},{"type":"keyUp","value":"î€‡"}]}]}
COMMAND: GET /session/6773c96d6a7511f796a85c459a165c74/screenshot - {}
RESULT: {}
COMMAND: POST /session/6773c96d6a7511f796a85c459a165c74/element - {"using":"xpath","value":"//span[contains(text(), \"Penguins - Field/12345 Berlin\")]"}
RESULT: {"using":"xpath","value":"//span[contains(text(), \"Penguins - Field/12345 Berlin\")]"}
COMMAND: POST /session/6773c96d6a7511f796a85c459a165c74/element/f.29D878CEA50B72482771CEDAC8A54377.d.4CB98B3A9C9BBA7C1A23218BBC0FE194.e.3804/click - {}
RESULT: {}
COMMAND: GET /session/6773c96d6a7511f796a85c459a165c74/screenshot - {}
RESULT: {}
COMMAND: POST /session/6773c96d6a7511f796a85c459a165c74/element - {"using":"xpath","value":"//bdi[contains(text(), \"OK\")]"}
RESULT: {"using":"xpath","value":"//bdi[contains(text(), \"OK\")]"}
COMMAND: POST /session/6773c96d6a7511f796a85c459a165c74/element/f.29D878CEA50B72482771CEDAC8A54377.d.4CB98B3A9C9BBA7C1A23218BBC0FE194.e.3805/click - {}
RESULT: {}
COMMAND: GET /session/6773c96d6a7511f796a85c459a165c74/screenshot - {}
RESULT: {}
COMMAND: POST /session/6773c96d6a7511f796a85c459a165c74/element - {"using":"xpath","value":"//button[@data-kt=\"saveButton\"]"}
RESULT: {"using":"xpath","value":"//button[@data-kt=\"saveButton\"]"}
COMMAND: POST /session/6773c96d6a7511f796a85c459a165c74/element/f.29D878CEA50B72482771CEDAC8A54377.d.4CB98B3A9C9BBA7C1A23218BBC0FE194.e.3571/click - {}
RESULT: {}
COMMAND: GET /session/6773c96d6a7511f796a85c459a165c74/screenshot - {}
RESULT: {}
COMMAND: POST /session/6773c96d6a7511f796a85c459a165c74/element - {"using":"xpath","value":"//header[contains(@id, 'ObjectPageLayout-headerTitle')]/div[1]/div[2]/div[2]/span[1]"}
RESULT: {"using":"xpath","value":"//header[contains(@id, 'ObjectPageLayout-headerTitle')]/div[1]/div[2]/div[2]/span[1]"}
COMMAND: POST /session/6773c96d6a7511f796a85c459a165c74/elements - {"using":"xpath","value":"//header[contains(@id, 'ObjectPageLayout-headerTitle')]/div[1]/div[2]/div[2]/span[1]"}
RESULT: {"using":"xpath","value":"//header[contains(@id, 'ObjectPageLayout-headerTitle')]/div[1]/div[2]/div[2]/span[1]"}
COMMAND: POST /session/6773c96d6a7511f796a85c459a165c74/execute/sync - {"script":"<script> [56 bytes]","args":[{"element-6066-11e4-a52e-4f735466cecf":"f.29D878CEA50B72482771CEDAC8A54377.d.4CB98B3A9C9BBA7C1A23218BBC0FE194.e.3971","ELEMENT":"f.29D878CEA50B72482771CEDAC8A54377.d.4CB98B3A9C9BBA7C1A23218BBC0FE194.e.3971"}]}
RESULT: {"script":"<script> [56 bytes]","args":[{"element-6066-11e4-a52e-4f735466cecf":"f.29D878CEA50B72482771CEDAC8A54377.d.4CB98B3A9C9BBA7C1A23218BBC0FE194.e.3971","ELEMENT":"f.29D878CEA50B72482771CEDAC8A54377.d.4CB98B3A9C9BBA7C1A23218BBC0FE194.e.3971"}]}
COMMAND: POST /session/6773c96d6a7511f796a85c459a165c74/element - {"using":"css selector","value":"#shell-header-logo"}
COMMAND: GET /session/6773c96d6a7511f796a85c459a165c74/screenshot - {}
RESULT: {"using":"css selector","value":"#shell-header-logo"}
COMMAND: POST /session/6773c96d6a7511f796a85c459a165c74/element/f.29D878CEA50B72482771CEDAC8A54377.d.4CB98B3A9C9BBA7C1A23218BBC0FE194.e.3181/click - {}
RESULT: {}
RESULT: {}
COMMAND: GET /session/6773c96d6a7511f796a85c459a165c74/screenshot - {}
RESULT: {}
COMMAND: POST /session/6773c96d6a7511f796a85c459a165c74/execute/sync - {"script":"<script> [299 bytes]","args":[["getModel","getResource"]]}
RESULT: {"script":"<script> [299 bytes]","args":[["getModel","getResource"]]}
COMMAND: GET /session/6773c96d6a7511f796a85c459a165c74/screenshot - {}
]]></system-out>
    </testcase>
    <testcase classname="chrome.136_0_7103_93.windows.Edit_and_delete_daily_price_US134629_US134627" name="Should create a new site used for following tests" time="155.096">
      <system-out><![CDATA[
COMMAND: POST /session/6773c96d6a7511f796a85c459a165c74/execute/async - {"script":"<script> [1562 bytes]","args":[{"selector":{"controlType":"sap.m.GenericTile","properties":{"header":"Manage Sites"}},"wdio_ui5_key":"sapm.GenericTile{\"header\":\"Manage Sites\"}"}]}
RESULT: {}
RESULT: {"script":"<script> [1562 bytes]","args":[{"selector":{"controlType":"sap.m.GenericTile","properties":{"header":"Manage Sites"}},"wdio_ui5_key":"sapm.GenericTile{\"header\":\"Manage Sites\"}"}]}
RESULT: undefined
COMMAND: POST /session/6773c96d6a7511f796a85c459a165c74/element - {"using":"xpath","value":"//*[@id=\"__tile40\"]"}
RESULT: {"using":"xpath","value":"//*[@id=\"__tile40\"]"}
COMMAND: POST /session/6773c96d6a7511f796a85c459a165c74/element/f.29D878CEA50B72482771CEDAC8A54377.d.4CB98B3A9C9BBA7C1A23218BBC0FE194.e.3073/click - {}
RESULT: {}
COMMAND: GET /session/6773c96d6a7511f796a85c459a165c74/screenshot - {}
RESULT: {}
COMMAND: POST /session/6773c96d6a7511f796a85c459a165c74/elements - {"using":"xpath","value":"//span[text()='Error']"}
RESULT: {"using":"xpath","value":"//span[text()='Error']"}
COMMAND: POST /session/6773c96d6a7511f796a85c459a165c74/element - {"using":"xpath","value":"//button[@data-kt=\"addOverflowToolbarButton\"]"}
RESULT: {"using":"xpath","value":"//button[@data-kt=\"addOverflowToolbarButton\"]"}
COMMAND: POST /session/6773c96d6a7511f796a85c459a165c74/elements - {"using":"xpath","value":"//button[@data-kt=\"addOverflowToolbarButton\"]"}
RESULT: {"using":"xpath","value":"//button[@data-kt=\"addOverflowToolbarButton\"]"}
COMMAND: POST /session/6773c96d6a7511f796a85c459a165c74/execute/sync - {"script":"<script> [8489 bytes]","args":[{"element-6066-11e4-a52e-4f735466cecf":"f.29D878CEA50B72482771CEDAC8A54377.d.4CB98B3A9C9BBA7C1A23218BBC0FE194.e.4122","ELEMENT":"f.29D878CEA50B72482771CEDAC8A54377.d.4CB98B3A9C9BBA7C1A23218BBC0FE194.e.4122"}]}
RESULT: {"script":"<script> [8489 bytes]","args":[{"element-6066-11e4-a52e-4f735466cecf":"f.29D878CEA50B72482771CEDAC8A54377.d.4CB98B3A9C9BBA7C1A23218BBC0FE194.e.4122","ELEMENT":"f.29D878CEA50B72482771CEDAC8A54377.d.4CB98B3A9C9BBA7C1A23218BBC0FE194.e.4122"}]}
COMMAND: GET /session/6773c96d6a7511f796a85c459a165c74/element/f.29D878CEA50B72482771CEDAC8A54377.d.4CB98B3A9C9BBA7C1A23218BBC0FE194.e.4122/enabled - {}
COMMAND: GET /session/6773c96d6a7511f796a85c459a165c74/screenshot - {}
RESULT: {}
COMMAND: POST /session/6773c96d6a7511f796a85c459a165c74/execute/sync - {"script":"<script> [8489 bytes]","args":[{"element-6066-11e4-a52e-4f735466cecf":"f.29D878CEA50B72482771CEDAC8A54377.d.4CB98B3A9C9BBA7C1A23218BBC0FE194.e.4122","ELEMENT":"f.29D878CEA50B72482771CEDAC8A54377.d.4CB98B3A9C9BBA7C1A23218BBC0FE194.e.4122"}]}
COMMAND: GET /session/6773c96d6a7511f796a85c459a165c74/screenshot - {}
RESULT: {}
RESULT: {"script":"<script> [8489 bytes]","args":[{"element-6066-11e4-a52e-4f735466cecf":"f.29D878CEA50B72482771CEDAC8A54377.d.4CB98B3A9C9BBA7C1A23218BBC0FE194.e.4122","ELEMENT":"f.29D878CEA50B72482771CEDAC8A54377.d.4CB98B3A9C9BBA7C1A23218BBC0FE194.e.4122"}]}
COMMAND: POST /session/6773c96d6a7511f796a85c459a165c74/execute/sync - {"script":"<script> [5351 bytes]","args":[{"element-6066-11e4-a52e-4f735466cecf":"f.29D878CEA50B72482771CEDAC8A54377.d.4CB98B3A9C9BBA7C1A23218BBC0FE194.e.4122","ELEMENT":"f.29D878CEA50B72482771CEDAC8A54377.d.4CB98B3A9C9BBA7C1A23218BBC0FE194.e.4122"}]}
COMMAND: GET /session/6773c96d6a7511f796a85c459a165c74/screenshot - {}
RESULT: {}
RESULT: {"script":"<script> [5351 bytes]","args":[{"element-6066-11e4-a52e-4f735466cecf":"f.29D878CEA50B72482771CEDAC8A54377.d.4CB98B3A9C9BBA7C1A23218BBC0FE194.e.4122","ELEMENT":"f.29D878CEA50B72482771CEDAC8A54377.d.4CB98B3A9C9BBA7C1A23218BBC0FE194.e.4122"}]}
COMMAND: POST /session/6773c96d6a7511f796a85c459a165c74/element/f.29D878CEA50B72482771CEDAC8A54377.d.4CB98B3A9C9BBA7C1A23218BBC0FE194.e.4122/click - {}
COMMAND: GET /session/6773c96d6a7511f796a85c459a165c74/screenshot - {}
RESULT: {}
RESULT: {}
COMMAND: GET /session/6773c96d6a7511f796a85c459a165c74/screenshot - {}
RESULT: {}
RESULT: {}
COMMAND: POST /session/6773c96d6a7511f796a85c459a165c74/element - {"using":"xpath","value":"//input[@id=\"application-managesites-display-component---NewSite--siteId-inner\"]"}
RESULT: {"using":"xpath","value":"//input[@id=\"application-managesites-display-component---NewSite--siteId-inner\"]"}
COMMAND: POST /session/6773c96d6a7511f796a85c459a165c74/element - {"using":"xpath","value":"//input[@id=\"application-managesites-display-component---NewSite--siteId-inner\"]"}
RESULT: {"using":"xpath","value":"//input[@id=\"application-managesites-display-component---NewSite--siteId-inner\"]"}
COMMAND: POST /session/6773c96d6a7511f796a85c459a165c74/execute/async - {"script":"<script> [1562 bytes]","args":[{"selector":{"id":"application-managesites-display-component---NewSite--addressDetailDetailsName1","interaction":{"idSuffix":"inner"}},"wdio_ui5_key":"applicationmanagesites-display-component---NewSite--addressDetailDetailsName1"}]}
RESULT: {"script":"<script> [1562 bytes]","args":[{"selector":{"id":"application-managesites-display-component---NewSite--addressDetailDetailsName1","interaction":{"idSuffix":"inner"}},"wdio_ui5_key":"applicationmanagesites-display-component---NewSite--addressDetailDetailsName1"}]}
RESULT: undefined
COMMAND: POST /session/6773c96d6a7511f796a85c459a165c74/execute/async - {"script":"<script> [776 bytes]","args":[{"enterText":"DailyPrice WDIO","selector":{"id":"application-managesites-display-component---NewSite--addressDetailDetailsName1","interaction":{"idSuffix":"inner"}},"clearTextFirst":true,"interactionType":"ENTER_TEXT"}]}
RESULT: {"script":"<script> [776 bytes]","args":[{"enterText":"DailyPrice WDIO","selector":{"id":"application-managesites-display-component---NewSite--addressDetailDetailsName1","interaction":{"idSuffix":"inner"}},"clearTextFirst":true,"interactionType":"ENTER_TEXT"}]}
COMMAND: POST /session/6773c96d6a7511f796a85c459a165c74/execute/async - {"script":"<script> [1562 bytes]","args":[{"selector":{"id":"application-managesites-display-component---NewSite--addressDetailDetailsLanguage-arrow"},"wdio_ui5_key":"applicationmanagesites-display-component---NewSite--addressDetailDetailsLanguage-arrow"}]}
RESULT: {"script":"<script> [1562 bytes]","args":[{"selector":{"id":"application-managesites-display-component---NewSite--addressDetailDetailsLanguage-arrow"},"wdio_ui5_key":"applicationmanagesites-display-component---NewSite--addressDetailDetailsLanguage-arrow"}]}
RESULT: undefined
COMMAND: POST /session/6773c96d6a7511f796a85c459a165c74/element - {"using":"xpath","value":"//*[@id=\"application-managesites-display-component---NewSite--addressDetailDetailsLanguage-arrow\"]"}
RESULT: {"using":"xpath","value":"//*[@id=\"application-managesites-display-component---NewSite--addressDetailDetailsLanguage-arrow\"]"}
COMMAND: POST /session/6773c96d6a7511f796a85c459a165c74/element/f.29D878CEA50B72482771CEDAC8A54377.d.4CB98B3A9C9BBA7C1A23218BBC0FE194.e.4626/click - {}
RESULT: {}
COMMAND: POST /session/6773c96d6a7511f796a85c459a165c74/element - {"using":"xpath","value":"//span[contains(text(), \"English\")]"}
COMMAND: GET /session/6773c96d6a7511f796a85c459a165c74/screenshot - {}
RESULT: {"using":"xpath","value":"//span[contains(text(), \"English\")]"}
COMMAND: POST /session/6773c96d6a7511f796a85c459a165c74/element/f.29D878CEA50B72482771CEDAC8A54377.d.4CB98B3A9C9BBA7C1A23218BBC0FE194.e.4627/click - {}
RESULT: {}
RESULT: {}
COMMAND: POST /session/6773c96d6a7511f796a85c459a165c74/execute/async - {"script":"<script> [1562 bytes]","args":[{"selector":{"id":"application-managesites-display-component---NewSite--addressDetailDetailsCity1","interaction":{"idSuffix":"inner"}},"wdio_ui5_key":"applicationmanagesites-display-component---NewSite--addressDetailDetailsCity1"}]}
COMMAND: GET /session/6773c96d6a7511f796a85c459a165c74/screenshot - {}
RESULT: {"script":"<script> [1562 bytes]","args":[{"selector":{"id":"application-managesites-display-component---NewSite--addressDetailDetailsCity1","interaction":{"idSuffix":"inner"}},"wdio_ui5_key":"applicationmanagesites-display-component---NewSite--addressDetailDetailsCity1"}]}
RESULT: undefined
COMMAND: POST /session/6773c96d6a7511f796a85c459a165c74/execute/async - {"script":"<script> [776 bytes]","args":[{"enterText":"Rosario","selector":{"id":"application-managesites-display-component---NewSite--addressDetailDetailsCity1","interaction":{"idSuffix":"inner"}},"clearTextFirst":true,"interactionType":"ENTER_TEXT"}]}
RESULT: {}
RESULT: {"script":"<script> [776 bytes]","args":[{"enterText":"Rosario","selector":{"id":"application-managesites-display-component---NewSite--addressDetailDetailsCity1","interaction":{"idSuffix":"inner"}},"clearTextFirst":true,"interactionType":"ENTER_TEXT"}]}
COMMAND: POST /session/6773c96d6a7511f796a85c459a165c74/execute/async - {"script":"<script> [1562 bytes]","args":[{"selector":{"id":"application-managesites-display-component---NewSite--addressDetailDetailsCountry-arrow"},"wdio_ui5_key":"applicationmanagesites-display-component---NewSite--addressDetailDetailsCountry-arrow"}]}
RESULT: {"script":"<script> [1562 bytes]","args":[{"selector":{"id":"application-managesites-display-component---NewSite--addressDetailDetailsCountry-arrow"},"wdio_ui5_key":"applicationmanagesites-display-component---NewSite--addressDetailDetailsCountry-arrow"}]}
RESULT: undefined
COMMAND: POST /session/6773c96d6a7511f796a85c459a165c74/element - {"using":"xpath","value":"//*[@id=\"application-managesites-display-component---NewSite--addressDetailDetailsCountry-arrow\"]"}
RESULT: {"using":"xpath","value":"//*[@id=\"application-managesites-display-component---NewSite--addressDetailDetailsCountry-arrow\"]"}
COMMAND: POST /session/6773c96d6a7511f796a85c459a165c74/element/f.29D878CEA50B72482771CEDAC8A54377.d.4CB98B3A9C9BBA7C1A23218BBC0FE194.e.4629/click - {}
RESULT: {}
COMMAND: POST /session/6773c96d6a7511f796a85c459a165c74/element - {"using":"xpath","value":"//span[contains(text(), \"Argentina\")]"}
COMMAND: GET /session/6773c96d6a7511f796a85c459a165c74/screenshot - {}
RESULT: {"using":"xpath","value":"//span[contains(text(), \"Argentina\")]"}
COMMAND: POST /session/6773c96d6a7511f796a85c459a165c74/element/f.29D878CEA50B72482771CEDAC8A54377.d.4CB98B3A9C9BBA7C1A23218BBC0FE194.e.4630/click - {}
RESULT: {}
RESULT: {}
COMMAND: GET /session/6773c96d6a7511f796a85c459a165c74/screenshot - {}
RESULT: {}
COMMAND: POST /session/6773c96d6a7511f796a85c459a165c74/execute/async - {"script":"<script> [1562 bytes]","args":[{"selector":{"id":"application-managesites-display-component---NewSite--addressEditDetailsCostObjectCstType-arrow"},"wdio_ui5_key":"applicationmanagesites-display-component---NewSite--addressEditDetailsCostObjectCstType-arrow"}]}
RESULT: {"script":"<script> [1562 bytes]","args":[{"selector":{"id":"application-managesites-display-component---NewSite--addressEditDetailsCostObjectCstType-arrow"},"wdio_ui5_key":"applicationmanagesites-display-component---NewSite--addressEditDetailsCostObjectCstType-arrow"}]}
RESULT: undefined
COMMAND: POST /session/6773c96d6a7511f796a85c459a165c74/element - {"using":"xpath","value":"//*[@id=\"application-managesites-display-component---NewSite--addressEditDetailsCostObjectCstType-arrow\"]"}
RESULT: {"using":"xpath","value":"//*[@id=\"application-managesites-display-component---NewSite--addressEditDetailsCostObjectCstType-arrow\"]"}
COMMAND: POST /session/6773c96d6a7511f796a85c459a165c74/element/f.29D878CEA50B72482771CEDAC8A54377.d.4CB98B3A9C9BBA7C1A23218BBC0FE194.e.4632/click - {}
RESULT: {}
COMMAND: POST /session/6773c96d6a7511f796a85c459a165c74/element - {"using":"xpath","value":"//span[contains(text(), \"Cost Center\")]"}
COMMAND: GET /session/6773c96d6a7511f796a85c459a165c74/screenshot - {}
RESULT: {"using":"xpath","value":"//span[contains(text(), \"Cost Center\")]"}
COMMAND: POST /session/6773c96d6a7511f796a85c459a165c74/element/f.29D878CEA50B72482771CEDAC8A54377.d.4CB98B3A9C9BBA7C1A23218BBC0FE194.e.4634/click - {}
RESULT: {}
RESULT: {}
COMMAND: GET /session/6773c96d6a7511f796a85c459a165c74/screenshot - {}
RESULT: {}
COMMAND: POST /session/6773c96d6a7511f796a85c459a165c74/element - {"using":"xpath","value":"//span[@id=\"application-managesites-display-component---NewSite--addressNewCostObjectCstID-vhi\"]"}
RESULT: {"using":"xpath","value":"//span[@id=\"application-managesites-display-component---NewSite--addressNewCostObjectCstID-vhi\"]"}
COMMAND: POST /session/6773c96d6a7511f796a85c459a165c74/execute/sync - {"script":"<script> [8489 bytes]","args":[{"element-6066-11e4-a52e-4f735466cecf":"f.29D878CEA50B72482771CEDAC8A54377.d.4CB98B3A9C9BBA7C1A23218BBC0FE194.e.4638","ELEMENT":"f.29D878CEA50B72482771CEDAC8A54377.d.4CB98B3A9C9BBA7C1A23218BBC0FE194.e.4638"}]}
RESULT: {"script":"<script> [8489 bytes]","args":[{"element-6066-11e4-a52e-4f735466cecf":"f.29D878CEA50B72482771CEDAC8A54377.d.4CB98B3A9C9BBA7C1A23218BBC0FE194.e.4638","ELEMENT":"f.29D878CEA50B72482771CEDAC8A54377.d.4CB98B3A9C9BBA7C1A23218BBC0FE194.e.4638"}]}
COMMAND: POST /session/6773c96d6a7511f796a85c459a165c74/execute/async - {"script":"<script> [1562 bytes]","args":[{"selector":{"id":"application-managesites-display-component---NewSite--addressNewCostObjectCstID-vhi"},"wdio_ui5_key":"applicationmanagesites-display-component---NewSite--addressNewCostObjectCstID-vhi"}]}
COMMAND: GET /session/6773c96d6a7511f796a85c459a165c74/screenshot - {}
RESULT: {"script":"<script> [1562 bytes]","args":[{"selector":{"id":"application-managesites-display-component---NewSite--addressNewCostObjectCstID-vhi"},"wdio_ui5_key":"applicationmanagesites-display-component---NewSite--addressNewCostObjectCstID-vhi"}]}
RESULT: undefined
COMMAND: POST /session/6773c96d6a7511f796a85c459a165c74/element - {"using":"xpath","value":"//*[@id=\"application-managesites-display-component---NewSite--addressNewCostObjectCstID-vhi\"]"}
RESULT: {}
RESULT: {"using":"xpath","value":"//*[@id=\"application-managesites-display-component---NewSite--addressNewCostObjectCstID-vhi\"]"}
COMMAND: POST /session/6773c96d6a7511f796a85c459a165c74/element/f.29D878CEA50B72482771CEDAC8A54377.d.4CB98B3A9C9BBA7C1A23218BBC0FE194.e.4638/click - {}
RESULT: {}
COMMAND: GET /session/6773c96d6a7511f796a85c459a165c74/screenshot - {}
RESULT: {}
RESULT: undefined
COMMAND: POST /session/6773c96d6a7511f796a85c459a165c74/execute/async - {"script":"<script> [776 bytes]","args":[{"enterText":"10001013","selector":{"controlType":"sap.m.SearchField","properties":{"placeholder":"Search"},"searchOpenDialogs":true,"interaction":{"idSuffix":"I"}},"clearTextFirst":true,"interactionType":"ENTER_TEXT"}]}
RESULT: {"script":"<script> [776 bytes]","args":[{"enterText":"10001013","selector":{"controlType":"sap.m.SearchField","properties":{"placeholder":"Search"},"searchOpenDialogs":true,"interaction":{"idSuffix":"I"}},"clearTextFirst":true,"interactionType":"ENTER_TEXT"}]}
COMMAND: POST /session/6773c96d6a7511f796a85c459a165c74/actions - {"actions":[{"id":"action15","type":"key","parameters":{},"actions":[{"type":"keyDown","value":"î€‡"},{"type":"pause","duration":10},{"type":"keyUp","value":"î€‡"}]}]}
RESULT: {"actions":[{"id":"action15","type":"key","parameters":{},"actions":[{"type":"keyDown","value":"î€‡"},{"type":"pause","duration":10},{"type":"keyUp","value":"î€‡"}]}]}
COMMAND: GET /session/6773c96d6a7511f796a85c459a165c74/screenshot - {}
RESULT: {}
COMMAND: POST /session/6773c96d6a7511f796a85c459a165c74/element - {"using":"xpath","value":"//span[contains(text(), \"General Management\")]"}
RESULT: {"using":"xpath","value":"//span[contains(text(), \"General Management\")]"}
COMMAND: POST /session/6773c96d6a7511f796a85c459a165c74/element/f.29D878CEA50B72482771CEDAC8A54377.d.4CB98B3A9C9BBA7C1A23218BBC0FE194.e.4677/click - {}
RESULT: {}
COMMAND: GET /session/6773c96d6a7511f796a85c459a165c74/screenshot - {}
RESULT: {}
COMMAND: POST /session/6773c96d6a7511f796a85c459a165c74/element - {"using":"xpath","value":"//bdi[contains(text(), \"OK\")]"}
RESULT: {"using":"xpath","value":"//bdi[contains(text(), \"OK\")]"}
COMMAND: POST /session/6773c96d6a7511f796a85c459a165c74/element/f.29D878CEA50B72482771CEDAC8A54377.d.4CB98B3A9C9BBA7C1A23218BBC0FE194.e.4678/click - {}
RESULT: {}
COMMAND: GET /session/6773c96d6a7511f796a85c459a165c74/screenshot - {}
RESULT: {}
COMMAND: POST /session/6773c96d6a7511f796a85c459a165c74/element - {"using":"xpath","value":"//input[@id=\"application-managesites-display-component---NewSite--addressDetailDetailsCalendar-inner\"]"}
RESULT: {"using":"xpath","value":"//input[@id=\"application-managesites-display-component---NewSite--addressDetailDetailsCalendar-inner\"]"}
COMMAND: POST /session/6773c96d6a7511f796a85c459a165c74/element/f.29D878CEA50B72482771CEDAC8A54377.d.4CB98B3A9C9BBA7C1A23218BBC0FE194.e.4427/clear - {}
RESULT: {}
COMMAND: POST /session/6773c96d6a7511f796a85c459a165c74/element/f.29D878CEA50B72482771CEDAC8A54377.d.4CB98B3A9C9BBA7C1A23218BBC0FE194.e.4427/value - {"text":"Unit"}
COMMAND: GET /session/6773c96d6a7511f796a85c459a165c74/screenshot - {}
RESULT: {"text":"Unit"}
COMMAND: GET /session/6773c96d6a7511f796a85c459a165c74/screenshot - {}
RESULT: {}
RESULT: {}
COMMAND: POST /session/6773c96d6a7511f796a85c459a165c74/actions - {"actions":[{"id":"action16","type":"key","parameters":{},"actions":[{"type":"keyDown","value":"î€‡"},{"type":"pause","duration":10},{"type":"keyUp","value":"î€‡"}]}]}
RESULT: {"actions":[{"id":"action16","type":"key","parameters":{},"actions":[{"type":"keyDown","value":"î€‡"},{"type":"pause","duration":10},{"type":"keyUp","value":"î€‡"}]}]}
COMMAND: POST /session/6773c96d6a7511f796a85c459a165c74/element - {"using":"xpath","value":"//input[@id=\"application-managesites-display-component---NewSite--addressDetailDetailsYard-inner\"]"}
COMMAND: GET /session/6773c96d6a7511f796a85c459a165c74/screenshot - {}
RESULT: {"using":"xpath","value":"//input[@id=\"application-managesites-display-component---NewSite--addressDetailDetailsYard-inner\"]"}
COMMAND: POST /session/6773c96d6a7511f796a85c459a165c74/element/f.29D878CEA50B72482771CEDAC8A54377.d.4CB98B3A9C9BBA7C1A23218BBC0FE194.e.4428/clear - {}
RESULT: {}
RESULT: {}
COMMAND: POST /session/6773c96d6a7511f796a85c459a165c74/element/f.29D878CEA50B72482771CEDAC8A54377.d.4CB98B3A9C9BBA7C1A23218BBC0FE194.e.4428/value - {"text":"501"}
COMMAND: GET /session/6773c96d6a7511f796a85c459a165c74/screenshot - {}
RESULT: {"text":"501"}
COMMAND: GET /session/6773c96d6a7511f796a85c459a165c74/screenshot - {}
RESULT: {}
RESULT: {}
COMMAND: POST /session/6773c96d6a7511f796a85c459a165c74/element - {"using":"xpath","value":"//li[.//span[text()='501']]"}
RESULT: {"using":"xpath","value":"//li[.//span[text()='501']]"}
COMMAND: POST /session/6773c96d6a7511f796a85c459a165c74/element/f.29D878CEA50B72482771CEDAC8A54377.d.4CB98B3A9C9BBA7C1A23218BBC0FE194.e.4686/click - {}
RESULT: {}
COMMAND: GET /session/6773c96d6a7511f796a85c459a165c74/screenshot - {}
RESULT: {}
COMMAND: POST /session/6773c96d6a7511f796a85c459a165c74/element - {"using":"xpath","value":"//input[@id=\"application-managesites-display-component---NewSite--addressDetailDetailsPartner-inner\"]"}
RESULT: {"using":"xpath","value":"//input[@id=\"application-managesites-display-component---NewSite--addressDetailDetailsPartner-inner\"]"}
COMMAND: POST /session/6773c96d6a7511f796a85c459a165c74/element - {"using":"xpath","value":"//input[@id=\"application-managesites-display-component---NewSite--addressDetailDetailsPartner-inner\"]"}
RESULT: {"using":"xpath","value":"//input[@id=\"application-managesites-display-component---NewSite--addressDetailDetailsPartner-inner\"]"}
COMMAND: POST /session/6773c96d6a7511f796a85c459a165c74/element - {"using":"xpath","value":"//button[@data-kt=\"saveButton\"]"}
RESULT: {"using":"xpath","value":"//button[@data-kt=\"saveButton\"]"}
COMMAND: POST /session/6773c96d6a7511f796a85c459a165c74/element/f.29D878CEA50B72482771CEDAC8A54377.d.4CB98B3A9C9BBA7C1A23218BBC0FE194.e.4564/click - {}
RESULT: {}
COMMAND: GET /session/6773c96d6a7511f796a85c459a165c74/screenshot - {}
COMMAND: POST /session/6773c96d6a7511f796a85c459a165c74/element - {"using":"xpath","value":"//header[contains(@id, 'ObjectPageLayout-headerTitle')]/div[1]/div[2]/div[2]/span[1]"}
RESULT: {}
RESULT: {"using":"xpath","value":"//header[contains(@id, 'ObjectPageLayout-headerTitle')]/div[1]/div[2]/div[2]/span[1]"}
COMMAND: POST /session/6773c96d6a7511f796a85c459a165c74/elements - {"using":"xpath","value":"//header[contains(@id, 'ObjectPageLayout-headerTitle')]/div[1]/div[2]/div[2]/span[1]"}
RESULT: {"using":"xpath","value":"//header[contains(@id, 'ObjectPageLayout-headerTitle')]/div[1]/div[2]/div[2]/span[1]"}
COMMAND: POST /session/6773c96d6a7511f796a85c459a165c74/execute/sync - {"script":"<script> [56 bytes]","args":[{"element-6066-11e4-a52e-4f735466cecf":"f.29D878CEA50B72482771CEDAC8A54377.d.4CB98B3A9C9BBA7C1A23218BBC0FE194.e.4893","ELEMENT":"f.29D878CEA50B72482771CEDAC8A54377.d.4CB98B3A9C9BBA7C1A23218BBC0FE194.e.4893"}]}
RESULT: {"script":"<script> [56 bytes]","args":[{"element-6066-11e4-a52e-4f735466cecf":"f.29D878CEA50B72482771CEDAC8A54377.d.4CB98B3A9C9BBA7C1A23218BBC0FE194.e.4893","ELEMENT":"f.29D878CEA50B72482771CEDAC8A54377.d.4CB98B3A9C9BBA7C1A23218BBC0FE194.e.4893"}]}
COMMAND: POST /session/6773c96d6a7511f796a85c459a165c74/element - {"using":"css selector","value":"#shell-header-logo"}
COMMAND: GET /session/6773c96d6a7511f796a85c459a165c74/screenshot - {}
RESULT: {"using":"css selector","value":"#shell-header-logo"}
COMMAND: POST /session/6773c96d6a7511f796a85c459a165c74/element/f.29D878CEA50B72482771CEDAC8A54377.d.4CB98B3A9C9BBA7C1A23218BBC0FE194.e.3975/click - {}
RESULT: {}
RESULT: {}
COMMAND: GET /session/6773c96d6a7511f796a85c459a165c74/screenshot - {}
RESULT: {}
COMMAND: POST /session/6773c96d6a7511f796a85c459a165c74/execute/sync - {"script":"<script> [299 bytes]","args":[["getModel","getResource"]]}
RESULT: {"script":"<script> [299 bytes]","args":[["getModel","getResource"]]}
COMMAND: POST /session/6773c96d6a7511f796a85c459a165c74/actions - {"actions":[{"id":"action17","type":"key","parameters":{},"actions":[{"type":"keyDown","value":"î€‡"},{"type":"pause","duration":10},{"type":"keyUp","value":"î€‡"}]}]}
COMMAND: GET /session/6773c96d6a7511f796a85c459a165c74/screenshot - {}
RESULT: {"actions":[{"id":"action17","type":"key","parameters":{},"actions":[{"type":"keyDown","value":"î€‡"},{"type":"pause","duration":10},{"type":"keyUp","value":"î€‡"}]}]}
COMMAND: GET /session/6773c96d6a7511f796a85c459a165c74/screenshot - {}
RESULT: {}
RESULT: {}
COMMAND: POST /session/6773c96d6a7511f796a85c459a165c74/refresh - {}
RESULT: {}
COMMAND: GET /session/6773c96d6a7511f796a85c459a165c74/screenshot - {}
RESULT: {}
COMMAND: POST /session/6773c96d6a7511f796a85c459a165c74/refresh - {}
RESULT: {}
COMMAND: GET /session/6773c96d6a7511f796a85c459a165c74/screenshot - {}
RESULT: {}
COMMAND: POST /session/6773c96d6a7511f796a85c459a165c74/window/fullscreen - {}
RESULT: {}
COMMAND: POST /session/6773c96d6a7511f796a85c459a165c74/execute/async - {"script":"<script> [189 bytes]","args":[]}
RESULT: {"script":"<script> [189 bytes]","args":[]}
COMMAND: POST /session/6773c96d6a7511f796a85c459a165c74/execute/async - {"script":"<script> [123 bytes]","args":[]}
RESULT: {"script":"<script> [123 bytes]","args":[]}
COMMAND: POST /session/6773c96d6a7511f796a85c459a165c74/timeouts - {"script":"<number>"}
RESULT: {"script":"<number>"}
COMMAND: GET /session/6773c96d6a7511f796a85c459a165c74/timeouts - {}
RESULT: {}
RESULT: undefined
COMMAND: POST /session/6773c96d6a7511f796a85c459a165c74/execute/async - {"script":"<script> [2676 bytes]","args":[]}
RESULT: {"script":"<script> [2676 bytes]","args":[]}
COMMAND: POST /session/6773c96d6a7511f796a85c459a165c74/execute/async - {"script":"<script> [2342 bytes]","args":[{"protocol":"http","hostname":"0.0.0.0","path":"/","capabilities":{"browserName":"chrome","goog:chromeOptions":{"binary":"C:\\Program Files\\Google\\Chrome\\Application\\chrome.exe","args":["--start-maximized"]}},"logLevel":"warn","connectionRetryTimeout":120000,"connectionRetryCount":3,"logLevels":{},"enableDirectConnect":true,"strictSSL":true,"_":"65 more keys: [\"cacheDir\",\"port\",\"requestedCapabilities\",\"automationProtocol\",\"baseUrl\",\"waitforInterval\",\"waitforTimeout\",\"onReload\",\"beforeCommand\",\"afterCommand\",\"rootDir\",\"specs\",\"suites\",\"exclude\",\"groupLogsByTestSpec\",\"excludeDriverLogs\",\"bail\",\"framework\",\"reporters\",\"services\",\"maxInstances\",\"maxInstancesPerCapability\",\"injectGlobals\",\"filesToWatch\",\"execArgv\",\"runnerEnv\",\"runner\",\"shard\",\"specFileRetries\",\"specFileRetriesDelay\",\"specFileRetriesDeferred\",\"reporterSyncInterval\",\"reporterSyncTimeout\",\"cucumberFeaturesWithLineNumbers\",\"autoCompileOpts\",\"mochaOpts\",\"jasmineOpts\",\"cucumberOpts\",\"onPrepare\",\"onWorkerStart\",\"onWorkerEnd\",\"before\",\"beforeSession\",\"beforeSuite\",\"beforeHook\",\"beforeTest\",\"afterTest\",\"afterHook\",\"afterSuite\",\"afterSession\",\"after\",\"onComplete\",\"beforeAssertion\",\"afterAssertion\",\"beforeFeature\",\"beforeScenario\",\"beforeStep\",\"afterStep\",\"afterScenario\",\"afterFeature\",\"_\",\"suite\",\"$0\",\"ignoredWorkerServices\",\"wdi5\"]"}]}
RESULT: {"script":"<script> [2342 bytes]","args":[{"protocol":"http","hostname":"0.0.0.0","path":"/","capabilities":{"browserName":"chrome","goog:chromeOptions":{"binary":"C:\\Program Files\\Google\\Chrome\\Application\\chrome.exe","args":["--start-maximized"]}},"logLevel":"warn","connectionRetryTimeout":120000,"connectionRetryCount":3,"logLevels":{},"enableDirectConnect":true,"strictSSL":true,"_":"65 more keys: [\"cacheDir\",\"port\",\"requestedCapabilities\",\"automationProtocol\",\"baseUrl\",\"waitforInterval\",\"waitforTimeout\",\"onReload\",\"beforeCommand\",\"afterCommand\",\"rootDir\",\"specs\",\"suites\",\"exclude\",\"groupLogsByTestSpec\",\"excludeDriverLogs\",\"bail\",\"framework\",\"reporters\",\"services\",\"maxInstances\",\"maxInstancesPerCapability\",\"injectGlobals\",\"filesToWatch\",\"execArgv\",\"runnerEnv\",\"runner\",\"shard\",\"specFileRetries\",\"specFileRetriesDelay\",\"specFileRetriesDeferred\",\"reporterSyncInterval\",\"reporterSyncTimeout\",\"cucumberFeaturesWithLineNumbers\",\"autoCompileOpts\",\"mochaOpts\",\"jasmineOpts\",\"cucumberOpts\",\"onPrepare\",\"onWorkerStart\",\"onWorkerEnd\",\"before\",\"beforeSession\",\"beforeSuite\",\"beforeHook\",\"beforeTest\",\"afterTest\",\"afterHook\",\"afterSuite\",\"afterSession\",\"after\",\"onComplete\",\"beforeAssertion\",\"afterAssertion\",\"beforeFeature\",\"beforeScenario\",\"beforeStep\",\"afterStep\",\"afterScenario\",\"afterFeature\",\"_\",\"suite\",\"$0\",\"ignoredWorkerServices\",\"wdi5\"]"}]}
COMMAND: POST /session/6773c96d6a7511f796a85c459a165c74/execute/async - {"script":"<script> [21126 bytes]","args":[35000]}
RESULT: {"script":"<script> [21126 bytes]","args":[35000]}
COMMAND: POST /session/6773c96d6a7511f796a85c459a165c74/window/fullscreen - {}
RESULT: {}
]]></system-out>
    </testcase>
    <testcase classname="chrome.136_0_7103_93.windows.Edit_and_delete_daily_price_US134629_US134627" name="Should go to Manage Conditions Daily Price and add the 2 rows one with yard site and one with yard" time="97.422">
      <system-out><![CDATA[
COMMAND: POST /session/6773c96d6a7511f796a85c459a165c74/execute/async - {"script":"<script> [1562 bytes]","args":[{"selector":{"controlType":"sap.m.GenericTile","properties":{"header":"Manage Conditions & Prices"}},"wdio_ui5_key":"sapm.GenericTile{\"header\":\"Manage Conditions & Prices\"}"}]}
RESULT: {"script":"<script> [1562 bytes]","args":[{"selector":{"controlType":"sap.m.GenericTile","properties":{"header":"Manage Conditions & Prices"}},"wdio_ui5_key":"sapm.GenericTile{\"header\":\"Manage Conditions & Prices\"}"}]}
RESULT: undefined
COMMAND: POST /session/6773c96d6a7511f796a85c459a165c74/element - {"using":"xpath","value":"//*[@id=\"__tile93\"]"}
RESULT: {"using":"xpath","value":"//*[@id=\"__tile93\"]"}
COMMAND: POST /session/6773c96d6a7511f796a85c459a165c74/element/f.29D878CEA50B72482771CEDAC8A54377.d.8201C091F0CE7253EF2914AC21BD4E62.e.5027/click - {}
RESULT: {}
COMMAND: GET /session/6773c96d6a7511f796a85c459a165c74/screenshot - {}
RESULT: {}
COMMAND: POST /session/6773c96d6a7511f796a85c459a165c74/elements - {"using":"xpath","value":"//span[text()='Error']"}
RESULT: {"using":"xpath","value":"//span[text()='Error']"}
COMMAND: POST /session/6773c96d6a7511f796a85c459a165c74/element - {"using":"xpath","value":"//button[@aria-label=\"Create\"]"}
RESULT: {"using":"xpath","value":"//button[@aria-label=\"Create\"]"}
COMMAND: POST /session/6773c96d6a7511f796a85c459a165c74/element/f.29D878CEA50B72482771CEDAC8A54377.d.8201C091F0CE7253EF2914AC21BD4E62.e.5071/click - {}
RESULT: {}
COMMAND: GET /session/6773c96d6a7511f796a85c459a165c74/screenshot - {}
RESULT: {}
COMMAND: POST /session/6773c96d6a7511f796a85c459a165c74/actions - {"actions":[{"id":"action18","type":"key","parameters":{},"actions":[{"type":"keyDown","value":"î€•"},{"type":"pause","duration":10},{"type":"keyUp","value":"î€•"}]}]}
RESULT: {"actions":[{"id":"action18","type":"key","parameters":{},"actions":[{"type":"keyDown","value":"î€•"},{"type":"pause","duration":10},{"type":"keyUp","value":"î€•"}]}]}
COMMAND: POST /session/6773c96d6a7511f796a85c459a165c74/actions - {"actions":[{"id":"action19","type":"key","parameters":{},"actions":[{"type":"keyDown","value":"î€‡"},{"type":"pause","duration":10},{"type":"keyUp","value":"î€‡"}]}]}
COMMAND: GET /session/6773c96d6a7511f796a85c459a165c74/screenshot - {}
RESULT: {"actions":[{"id":"action19","type":"key","parameters":{},"actions":[{"type":"keyDown","value":"î€‡"},{"type":"pause","duration":10},{"type":"keyUp","value":"î€‡"}]}]}
COMMAND: POST /session/6773c96d6a7511f796a85c459a165c74/execute/async - {"script":"<script> [1562 bytes]","args":[{"selector":{"controlType":"sap.m.Title","viewName":"etm.portal.ui.manageconditionprice.view.DailyPrices","viewId":"application-manageconditionprice-display-component---dailyPrices","i18NText":{"propertyName":"text","key":"dailyPrices"}},"wdio_ui5_key":"etmportal.ui.manageconditionprice.view.DailyPricessap.m.Title{\"propertyName\":\"text\",\"key\":\"dailyPrices\"}"}]}
COMMAND: GET /session/6773c96d6a7511f796a85c459a165c74/screenshot - {}
RESULT: {}
RESULT: {"script":"<script> [1562 bytes]","args":[{"selector":{"controlType":"sap.m.Title","viewName":"etm.portal.ui.manageconditionprice.view.DailyPrices","viewId":"application-manageconditionprice-display-component---dailyPrices","i18NText":{"propertyName":"text","key":"dailyPrices"}},"wdio_ui5_key":"etmportal.ui.manageconditionprice.view.DailyPricessap.m.Title{\"propertyName\":\"text\",\"key\":\"dailyPrices\"}"}]}
RESULT: undefined
COMMAND: POST /session/6773c96d6a7511f796a85c459a165c74/execute/async - {"script":"<script> [6424 bytes]","args":[{"element-6066-11e4-a52e-4f735466cecf":"f.29D878CEA50B72482771CEDAC8A54377.d.8201C091F0CE7253EF2914AC21BD4E62.e.5452"},"getText",[]]}
RESULT: {}
RESULT: {"script":"<script> [6424 bytes]","args":[{"element-6066-11e4-a52e-4f735466cecf":"f.29D878CEA50B72482771CEDAC8A54377.d.8201C091F0CE7253EF2914AC21BD4E62.e.5452"},"getText",[]]}
COMMAND: POST /session/6773c96d6a7511f796a85c459a165c74/execute/async - {"script":"<script> [1562 bytes]","args":[{"selector":{"id":"application-manageconditionprice-display-component---dailyPrices--condBillCond","interaction":{"idSuffix":"inner"}},"wdio_ui5_key":"applicationmanageconditionprice-display-component---dailyPrices--condBillCond"}]}
RESULT: {"script":"<script> [1562 bytes]","args":[{"selector":{"id":"application-manageconditionprice-display-component---dailyPrices--condBillCond","interaction":{"idSuffix":"inner"}},"wdio_ui5_key":"applicationmanageconditionprice-display-component---dailyPrices--condBillCond"}]}
RESULT: undefined
COMMAND: POST /session/6773c96d6a7511f796a85c459a165c74/execute/async - {"script":"<script> [776 bytes]","args":[{"enterText":"Residual Value %","selector":{"id":"application-manageconditionprice-display-component---dailyPrices--condBillCond","interaction":{"idSuffix":"inner"}},"clearTextFirst":true,"interactionType":"ENTER_TEXT"}]}
RESULT: {"script":"<script> [776 bytes]","args":[{"enterText":"Residual Value %","selector":{"id":"application-manageconditionprice-display-component---dailyPrices--condBillCond","interaction":{"idSuffix":"inner"}},"clearTextFirst":true,"interactionType":"ENTER_TEXT"}]}
COMMAND: POST /session/6773c96d6a7511f796a85c459a165c74/execute/async - {"script":"<script> [1562 bytes]","args":[{"selector":{"controlType":"sap.m.StandardListItem","viewName":"etm.portal.ui.manageconditionprice.view.DailyPrices","viewId":"application-manageconditionprice-display-component---dailyPrices","properties":{"type":"Active"},"searchOpenDialogs":true,"interaction":{"idSuffix":"titleText"}},"wdio_ui5_key":"etmportal.ui.manageconditionprice.view.DailyPricessap.m.StandardListItem{\"type\":\"Active\"}"}]}
RESULT: {"script":"<script> [1562 bytes]","args":[{"selector":{"controlType":"sap.m.StandardListItem","viewName":"etm.portal.ui.manageconditionprice.view.DailyPrices","viewId":"application-manageconditionprice-display-component---dailyPrices","properties":{"type":"Active"},"searchOpenDialogs":true,"interaction":{"idSuffix":"titleText"}},"wdio_ui5_key":"etmportal.ui.manageconditionprice.view.DailyPricessap.m.StandardListItem{\"type\":\"Active\"}"}]}
RESULT: undefined
COMMAND: POST /session/6773c96d6a7511f796a85c459a165c74/element - {"using":"xpath","value":"//*[@id=\"__item42\"]"}
RESULT: {"using":"xpath","value":"//*[@id=\"__item42\"]"}
COMMAND: POST /session/6773c96d6a7511f796a85c459a165c74/element/f.29D878CEA50B72482771CEDAC8A54377.d.8201C091F0CE7253EF2914AC21BD4E62.e.5456/click - {}
RESULT: {}
COMMAND: POST /session/6773c96d6a7511f796a85c459a165c74/execute/async - {"script":"<script> [1562 bytes]","args":[{"selector":{"id":"application-manageconditionprice-display-component---dailyPrices--editBtn","interaction":{"idSuffix":"BDI-content"}},"wdio_ui5_key":"applicationmanageconditionprice-display-component---dailyPrices--editBtn"}]}
COMMAND: GET /session/6773c96d6a7511f796a85c459a165c74/screenshot - {}
RESULT: {"script":"<script> [1562 bytes]","args":[{"selector":{"id":"application-manageconditionprice-display-component---dailyPrices--editBtn","interaction":{"idSuffix":"BDI-content"}},"wdio_ui5_key":"applicationmanageconditionprice-display-component---dailyPrices--editBtn"}]}
RESULT: undefined
COMMAND: POST /session/6773c96d6a7511f796a85c459a165c74/element - {"using":"xpath","value":"//*[@id=\"application-manageconditionprice-display-component---dailyPrices--editBtn\"]"}
RESULT: {}
RESULT: {"using":"xpath","value":"//*[@id=\"application-manageconditionprice-display-component---dailyPrices--editBtn\"]"}
COMMAND: POST /session/6773c96d6a7511f796a85c459a165c74/element/f.29D878CEA50B72482771CEDAC8A54377.d.8201C091F0CE7253EF2914AC21BD4E62.e.5454/click - {}
RESULT: {}
COMMAND: POST /session/6773c96d6a7511f796a85c459a165c74/execute/async - {"script":"<script> [1562 bytes]","args":[{"selector":{"controlType":"sap.m.Button","viewName":"etm.portal.ui.manageconditionprice.view.DailyPrices","viewId":"application-manageconditionprice-display-component---dailyPrices","i18NText":{"propertyName":"text","key":"add"},"interaction":{"idSuffix":"BDI-content"}},"wdio_ui5_key":"etmportal.ui.manageconditionprice.view.DailyPricessap.m.Button{\"propertyName\":\"text\",\"key\":\"add\"}"}]}
COMMAND: GET /session/6773c96d6a7511f796a85c459a165c74/screenshot - {}
RESULT: {"script":"<script> [1562 bytes]","args":[{"selector":{"controlType":"sap.m.Button","viewName":"etm.portal.ui.manageconditionprice.view.DailyPrices","viewId":"application-manageconditionprice-display-component---dailyPrices","i18NText":{"propertyName":"text","key":"add"},"interaction":{"idSuffix":"BDI-content"}},"wdio_ui5_key":"etmportal.ui.manageconditionprice.view.DailyPricessap.m.Button{\"propertyName\":\"text\",\"key\":\"add\"}"}]}
RESULT: undefined
COMMAND: POST /session/6773c96d6a7511f796a85c459a165c74/element - {"using":"xpath","value":"//*[@id=\"__button6\"]"}
RESULT: {}
RESULT: {"using":"xpath","value":"//*[@id=\"__button6\"]"}
COMMAND: POST /session/6773c96d6a7511f796a85c459a165c74/element/f.29D878CEA50B72482771CEDAC8A54377.d.8201C091F0CE7253EF2914AC21BD4E62.e.5464/click - {}
RESULT: {}
COMMAND: POST /session/6773c96d6a7511f796a85c459a165c74/elements - {"using":"css selector","value":"table tr"}
COMMAND: GET /session/6773c96d6a7511f796a85c459a165c74/screenshot - {}
RESULT: {"using":"css selector","value":"table tr"}
COMMAND: POST /session/6773c96d6a7511f796a85c459a165c74/element/f.29D878CEA50B72482771CEDAC8A54377.d.8201C091F0CE7253EF2914AC21BD4E62.e.5662/elements - {"using":"css selector","value":"input"}
RESULT: {}
RESULT: {"using":"css selector","value":"input"}
COMMAND: POST /session/6773c96d6a7511f796a85c459a165c74/element/f.29D878CEA50B72482771CEDAC8A54377.d.8201C091F0CE7253EF2914AC21BD4E62.e.5665/clear - {}
COMMAND: POST /session/6773c96d6a7511f796a85c459a165c74/element/f.29D878CEA50B72482771CEDAC8A54377.d.8201C091F0CE7253EF2914AC21BD4E62.e.5663/clear - {}
COMMAND: POST /session/6773c96d6a7511f796a85c459a165c74/element/f.29D878CEA50B72482771CEDAC8A54377.d.8201C091F0CE7253EF2914AC21BD4E62.e.5666/clear - {}
COMMAND: POST /session/6773c96d6a7511f796a85c459a165c74/element/f.29D878CEA50B72482771CEDAC8A54377.d.8201C091F0CE7253EF2914AC21BD4E62.e.5664/clear - {}
COMMAND: POST /session/6773c96d6a7511f796a85c459a165c74/element/f.29D878CEA50B72482771CEDAC8A54377.d.8201C091F0CE7253EF2914AC21BD4E62.e.5662/elements - {"using":"css selector","value":"td"}
RESULT: {}
COMMAND: POST /session/6773c96d6a7511f796a85c459a165c74/element/f.29D878CEA50B72482771CEDAC8A54377.d.8201C091F0CE7253EF2914AC21BD4E62.e.5665/value - {"text":"705.60"}
COMMAND: GET /session/6773c96d6a7511f796a85c459a165c74/screenshot - {}
RESULT: {}
COMMAND: POST /session/6773c96d6a7511f796a85c459a165c74/element/f.29D878CEA50B72482771CEDAC8A54377.d.8201C091F0CE7253EF2914AC21BD4E62.e.5663/value - {"text":"05/17/25"}
RESULT: {}
COMMAND: POST /session/6773c96d6a7511f796a85c459a165c74/element/f.29D878CEA50B72482771CEDAC8A54377.d.8201C091F0CE7253EF2914AC21BD4E62.e.5666/value - {"text":"Euro"}
RESULT: {"text":"Euro"}
RESULT: {}
COMMAND: POST /session/6773c96d6a7511f796a85c459a165c74/element/f.29D878CEA50B72482771CEDAC8A54377.d.8201C091F0CE7253EF2914AC21BD4E62.e.5664/value - {"text":"10/17/25"}
RESULT: {"using":"css selector","value":"td"}
COMMAND: POST /session/6773c96d6a7511f796a85c459a165c74/element - {"using":"xpath","value":".//li[contains(., \"2241\") and not(.//li)]"}
COMMAND: POST /session/6773c96d6a7511f796a85c459a165c74/element/f.29D878CEA50B72482771CEDAC8A54377.d.8201C091F0CE7253EF2914AC21BD4E62.e.5684/element - {"using":"css selector","value":"input"}
COMMAND: POST /session/6773c96d6a7511f796a85c459a165c74/element/f.29D878CEA50B72482771CEDAC8A54377.d.8201C091F0CE7253EF2914AC21BD4E62.e.5684/element - {"using":"css selector","value":"input"}
RESULT: {"using":"xpath","value":".//li[contains(., \"2241\") and not(.//li)]"}
COMMAND: GET /session/6773c96d6a7511f796a85c459a165c74/screenshot - {}
COMMAND: GET /session/6773c96d6a7511f796a85c459a165c74/screenshot - {}
COMMAND: GET /session/6773c96d6a7511f796a85c459a165c74/screenshot - {}
COMMAND: GET /session/6773c96d6a7511f796a85c459a165c74/screenshot - {}
RESULT: {"text":"705.60"}
RESULT: {"text":"05/17/25"}
RESULT: {"text":"10/17/25"}
RESULT: {"using":"css selector","value":"input"}
COMMAND: POST /session/6773c96d6a7511f796a85c459a165c74/element/f.29D878CEA50B72482771CEDAC8A54377.d.8201C091F0CE7253EF2914AC21BD4E62.e.5667/click - {}
COMMAND: GET /session/6773c96d6a7511f796a85c459a165c74/screenshot - {}
COMMAND: GET /session/6773c96d6a7511f796a85c459a165c74/screenshot - {}
COMMAND: GET /session/6773c96d6a7511f796a85c459a165c74/screenshot - {}
RESULT: {}
RESULT: {}
RESULT: {}
RESULT: {"using":"css selector","value":"input"}
COMMAND: POST /session/6773c96d6a7511f796a85c459a165c74/element/f.29D878CEA50B72482771CEDAC8A54377.d.8201C091F0CE7253EF2914AC21BD4E62.e.5667/clear - {}
RESULT: {}
RESULT: {}
COMMAND: POST /session/6773c96d6a7511f796a85c459a165c74/elements - {"using":"xpath","value":".//li[contains(., \"2241\") and not(.//li)]"}
COMMAND: GET /session/6773c96d6a7511f796a85c459a165c74/screenshot - {}
RESULT: {}
RESULT: {}
RESULT: {}
RESULT: {}
RESULT: {}
COMMAND: POST /session/6773c96d6a7511f796a85c459a165c74/element/f.29D878CEA50B72482771CEDAC8A54377.d.8201C091F0CE7253EF2914AC21BD4E62.e.5667/value - {"text":"2241"}
RESULT: {"using":"xpath","value":".//li[contains(., \"2241\") and not(.//li)]"}
RESULT: {"text":"2241"}
COMMAND: POST /session/6773c96d6a7511f796a85c459a165c74/elements - {"using":"xpath","value":".//li[contains(., \"2241\") and not(.//li)]"}
COMMAND: GET /session/6773c96d6a7511f796a85c459a165c74/screenshot - {}
COMMAND: GET /session/6773c96d6a7511f796a85c459a165c74/screenshot - {}
RESULT: {}
RESULT: {"using":"xpath","value":".//li[contains(., \"2241\") and not(.//li)]"}
COMMAND: POST /session/6773c96d6a7511f796a85c459a165c74/element - {"using":"xpath","value":".//li[contains(., \"2241\") and not(.//li)]"}
RESULT: {}
RESULT: {}
RESULT: {"using":"xpath","value":".//li[contains(., \"2241\") and not(.//li)]"}
COMMAND: POST /session/6773c96d6a7511f796a85c459a165c74/element/f.29D878CEA50B72482771CEDAC8A54377.d.8201C091F0CE7253EF2914AC21BD4E62.e.5689/click - {}
RESULT: {}
COMMAND: POST /session/6773c96d6a7511f796a85c459a165c74/element/f.29D878CEA50B72482771CEDAC8A54377.d.8201C091F0CE7253EF2914AC21BD4E62.e.5685/element - {"using":"css selector","value":"input"}
COMMAND: GET /session/6773c96d6a7511f796a85c459a165c74/screenshot - {}
RESULT: {"using":"css selector","value":"input"}
COMMAND: POST /session/6773c96d6a7511f796a85c459a165c74/element/f.29D878CEA50B72482771CEDAC8A54377.d.8201C091F0CE7253EF2914AC21BD4E62.e.5668/click - {}
RESULT: {}
RESULT: {}
COMMAND: GET /session/6773c96d6a7511f796a85c459a165c74/screenshot - {}
RESULT: {}
COMMAND: POST /session/6773c96d6a7511f796a85c459a165c74/element/f.29D878CEA50B72482771CEDAC8A54377.d.8201C091F0CE7253EF2914AC21BD4E62.e.5685/element - {"using":"css selector","value":"input"}
RESULT: {"using":"css selector","value":"input"}
COMMAND: POST /session/6773c96d6a7511f796a85c459a165c74/element/f.29D878CEA50B72482771CEDAC8A54377.d.8201C091F0CE7253EF2914AC21BD4E62.e.5668/clear - {}
RESULT: {}
COMMAND: POST /session/6773c96d6a7511f796a85c459a165c74/element/f.29D878CEA50B72482771CEDAC8A54377.d.8201C091F0CE7253EF2914AC21BD4E62.e.5668/value - {"text":"501"}
COMMAND: GET /session/6773c96d6a7511f796a85c459a165c74/screenshot - {}
RESULT: {"text":"501"}
COMMAND: GET /session/6773c96d6a7511f796a85c459a165c74/screenshot - {}
RESULT: {}
RESULT: {}
COMMAND: POST /session/6773c96d6a7511f796a85c459a165c74/element - {"using":"xpath","value":".//li[contains(., \"501\") and not(.//li)]"}
RESULT: {"using":"xpath","value":".//li[contains(., \"501\") and not(.//li)]"}
COMMAND: POST /session/6773c96d6a7511f796a85c459a165c74/element/f.29D878CEA50B72482771CEDAC8A54377.d.8201C091F0CE7253EF2914AC21BD4E62.e.5690/click - {}
RESULT: {}
RESULT: undefined
COMMAND: POST /session/6773c96d6a7511f796a85c459a165c74/element - {"using":"xpath","value":"//*[@id=\"__button6\"]"}
COMMAND: GET /session/6773c96d6a7511f796a85c459a165c74/screenshot - {}
RESULT: {"using":"xpath","value":"//*[@id=\"__button6\"]"}
COMMAND: POST /session/6773c96d6a7511f796a85c459a165c74/element/f.29D878CEA50B72482771CEDAC8A54377.d.8201C091F0CE7253EF2914AC21BD4E62.e.5464/click - {}
RESULT: {}
RESULT: {}
COMMAND: POST /session/6773c96d6a7511f796a85c459a165c74/elements - {"using":"css selector","value":"table tr"}
COMMAND: GET /session/6773c96d6a7511f796a85c459a165c74/screenshot - {}
RESULT: {"using":"css selector","value":"table tr"}
COMMAND: POST /session/6773c96d6a7511f796a85c459a165c74/element/f.29D878CEA50B72482771CEDAC8A54377.d.8201C091F0CE7253EF2914AC21BD4E62.e.5692/elements - {"using":"css selector","value":"input"}
RESULT: {}
RESULT: {"using":"css selector","value":"input"}
COMMAND: POST /session/6773c96d6a7511f796a85c459a165c74/element/f.29D878CEA50B72482771CEDAC8A54377.d.8201C091F0CE7253EF2914AC21BD4E62.e.5695/clear - {}
COMMAND: POST /session/6773c96d6a7511f796a85c459a165c74/element/f.29D878CEA50B72482771CEDAC8A54377.d.8201C091F0CE7253EF2914AC21BD4E62.e.5693/clear - {}
COMMAND: POST /session/6773c96d6a7511f796a85c459a165c74/element/f.29D878CEA50B72482771CEDAC8A54377.d.8201C091F0CE7253EF2914AC21BD4E62.e.5696/clear - {}
COMMAND: POST /session/6773c96d6a7511f796a85c459a165c74/element/f.29D878CEA50B72482771CEDAC8A54377.d.8201C091F0CE7253EF2914AC21BD4E62.e.5694/clear - {}
RESULT: {}
COMMAND: POST /session/6773c96d6a7511f796a85c459a165c74/element/f.29D878CEA50B72482771CEDAC8A54377.d.8201C091F0CE7253EF2914AC21BD4E62.e.5695/value - {"text":"99.5"}
COMMAND: GET /session/6773c96d6a7511f796a85c459a165c74/screenshot - {}
RESULT: {}
COMMAND: POST /session/6773c96d6a7511f796a85c459a165c74/element/f.29D878CEA50B72482771CEDAC8A54377.d.8201C091F0CE7253EF2914AC21BD4E62.e.5693/value - {"text":"05/17/25"}
COMMAND: GET /session/6773c96d6a7511f796a85c459a165c74/screenshot - {}
RESULT: {}
COMMAND: POST /session/6773c96d6a7511f796a85c459a165c74/element/f.29D878CEA50B72482771CEDAC8A54377.d.8201C091F0CE7253EF2914AC21BD4E62.e.5696/value - {"text":"US Dollar"}
COMMAND: GET /session/6773c96d6a7511f796a85c459a165c74/screenshot - {}
RESULT: {}
COMMAND: POST /session/6773c96d6a7511f796a85c459a165c74/element/f.29D878CEA50B72482771CEDAC8A54377.d.8201C091F0CE7253EF2914AC21BD4E62.e.5694/value - {"text":"10/17/25"}
COMMAND: GET /session/6773c96d6a7511f796a85c459a165c74/screenshot - {}
RESULT: {"text":"99.5"}
COMMAND: GET /session/6773c96d6a7511f796a85c459a165c74/screenshot - {}
RESULT: {}
COMMAND: POST /session/6773c96d6a7511f796a85c459a165c74/element/f.29D878CEA50B72482771CEDAC8A54377.d.8201C091F0CE7253EF2914AC21BD4E62.e.5692/elements - {"using":"css selector","value":"td"}
RESULT: {"text":"05/17/25"}
COMMAND: GET /session/6773c96d6a7511f796a85c459a165c74/screenshot - {}
RESULT: {}
RESULT: {"text":"US Dollar"}
COMMAND: GET /session/6773c96d6a7511f796a85c459a165c74/screenshot - {}
RESULT: {}
RESULT: {"text":"10/17/25"}
COMMAND: GET /session/6773c96d6a7511f796a85c459a165c74/screenshot - {}
RESULT: {}
RESULT: {}
RESULT: {"using":"css selector","value":"td"}
COMMAND: POST /session/6773c96d6a7511f796a85c459a165c74/element/f.29D878CEA50B72482771CEDAC8A54377.d.8201C091F0CE7253EF2914AC21BD4E62.e.5714/element - {"using":"css selector","value":"input"}
RESULT: {}
RESULT: {}
RESULT: {}
RESULT: {"using":"css selector","value":"input"}
COMMAND: POST /session/6773c96d6a7511f796a85c459a165c74/element/f.29D878CEA50B72482771CEDAC8A54377.d.8201C091F0CE7253EF2914AC21BD4E62.e.5697/click - {}
RESULT: {}
COMMAND: GET /session/6773c96d6a7511f796a85c459a165c74/screenshot - {}
RESULT: {}
COMMAND: POST /session/6773c96d6a7511f796a85c459a165c74/element/f.29D878CEA50B72482771CEDAC8A54377.d.8201C091F0CE7253EF2914AC21BD4E62.e.5714/element - {"using":"css selector","value":"input"}
RESULT: {"using":"css selector","value":"input"}
COMMAND: POST /session/6773c96d6a7511f796a85c459a165c74/element/f.29D878CEA50B72482771CEDAC8A54377.d.8201C091F0CE7253EF2914AC21BD4E62.e.5697/clear - {}
RESULT: {}
COMMAND: POST /session/6773c96d6a7511f796a85c459a165c74/element/f.29D878CEA50B72482771CEDAC8A54377.d.8201C091F0CE7253EF2914AC21BD4E62.e.5697/value - {"text":"2241"}
COMMAND: GET /session/6773c96d6a7511f796a85c459a165c74/screenshot - {}
RESULT: {"text":"2241"}
COMMAND: GET /session/6773c96d6a7511f796a85c459a165c74/screenshot - {}
RESULT: {}
COMMAND: POST /session/6773c96d6a7511f796a85c459a165c74/element - {"using":"xpath","value":"(//li[div//span[contains(text(), '2241')]])[2]"}
RESULT: {}
RESULT: {"using":"xpath","value":"(//li[div//span[contains(text(), '2241')]])[2]"}
COMMAND: POST /session/6773c96d6a7511f796a85c459a165c74/element/f.29D878CEA50B72482771CEDAC8A54377.d.8201C091F0CE7253EF2914AC21BD4E62.e.5722/click - {}
RESULT: {}
COMMAND: POST /session/6773c96d6a7511f796a85c459a165c74/execute/async - {"script":"<script> [1562 bytes]","args":[{"selector":{"controlType":"sap.m.Button","viewName":"etm.portal.ui.manageconditionprice.view.DailyPrices","viewId":"application-manageconditionprice-display-component---dailyPrices","i18NText":{"propertyName":"tooltip","key":"save"},"interaction":{"idSuffix":"BDI-content"}},"wdio_ui5_key":"etmportal.ui.manageconditionprice.view.DailyPricessap.m.Button{\"propertyName\":\"tooltip\",\"key\":\"save\"}"}]}
COMMAND: GET /session/6773c96d6a7511f796a85c459a165c74/screenshot - {}
RESULT: {"script":"<script> [1562 bytes]","args":[{"selector":{"controlType":"sap.m.Button","viewName":"etm.portal.ui.manageconditionprice.view.DailyPrices","viewId":"application-manageconditionprice-display-component---dailyPrices","i18NText":{"propertyName":"tooltip","key":"save"},"interaction":{"idSuffix":"BDI-content"}},"wdio_ui5_key":"etmportal.ui.manageconditionprice.view.DailyPricessap.m.Button{\"propertyName\":\"tooltip\",\"key\":\"save\"}"}]}
RESULT: undefined
COMMAND: POST /session/6773c96d6a7511f796a85c459a165c74/element - {"using":"xpath","value":"//*[@id=\"__button8\"]"}
RESULT: {}
RESULT: {"using":"xpath","value":"//*[@id=\"__button8\"]"}
COMMAND: POST /session/6773c96d6a7511f796a85c459a165c74/element/f.29D878CEA50B72482771CEDAC8A54377.d.8201C091F0CE7253EF2914AC21BD4E62.e.5458/click - {}
RESULT: {}
COMMAND: GET /session/6773c96d6a7511f796a85c459a165c74/screenshot - {}
RESULT: {}
]]></system-out>
    </testcase>
    <testcase classname="chrome.136_0_7103_93.windows.Edit_and_delete_daily_price_US134629_US134627" name="Should check whether the 2 rows have been added then edit one of the rows s currency and value and save and check the edited values" time="12.479">
      <system-out><![CDATA[
COMMAND: POST /session/6773c96d6a7511f796a85c459a165c74/elements - {"using":"css selector","value":"table tr"}
RESULT: {"using":"css selector","value":"table tr"}
COMMAND: POST /session/6773c96d6a7511f796a85c459a165c74/element/f.29D878CEA50B72482771CEDAC8A54377.d.8201C091F0CE7253EF2914AC21BD4E62.e.5692/elements - {"using":"css selector","value":"td"}
RESULT: {"using":"css selector","value":"td"}
COMMAND: POST /session/6773c96d6a7511f796a85c459a165c74/element/f.29D878CEA50B72482771CEDAC8A54377.d.8201C091F0CE7253EF2914AC21BD4E62.e.5662/elements - {"using":"css selector","value":"td"}
RESULT: {"using":"css selector","value":"td"}
COMMAND: POST /session/6773c96d6a7511f796a85c459a165c74/element/f.29D878CEA50B72482771CEDAC8A54377.d.8201C091F0CE7253EF2914AC21BD4E62.e.5725/element - {"using":"css selector","value":".sapMObjectNumberText"}
RESULT: {"using":"css selector","value":".sapMObjectNumberText"}
COMMAND: GET /session/6773c96d6a7511f796a85c459a165c74/element/f.29D878CEA50B72482771CEDAC8A54377.d.8201C091F0CE7253EF2914AC21BD4E62.e.5727/text - {}
RESULT: {}
COMMAND: POST /session/6773c96d6a7511f796a85c459a165c74/element/f.29D878CEA50B72482771CEDAC8A54377.d.8201C091F0CE7253EF2914AC21BD4E62.e.5726/element - {"using":"css selector","value":".sapMObjectNumberText"}
RESULT: {"using":"css selector","value":".sapMObjectNumberText"}
COMMAND: GET /session/6773c96d6a7511f796a85c459a165c74/element/f.29D878CEA50B72482771CEDAC8A54377.d.8201C091F0CE7253EF2914AC21BD4E62.e.5728/text - {}
RESULT: {}
RESULT: undefined
COMMAND: POST /session/6773c96d6a7511f796a85c459a165c74/element - {"using":"xpath","value":"//*[@id=\"application-manageconditionprice-display-component---dailyPrices--editBtn\"]"}
RESULT: {"using":"xpath","value":"//*[@id=\"application-manageconditionprice-display-component---dailyPrices--editBtn\"]"}
COMMAND: POST /session/6773c96d6a7511f796a85c459a165c74/element/f.29D878CEA50B72482771CEDAC8A54377.d.8201C091F0CE7253EF2914AC21BD4E62.e.5724/click - {}
RESULT: {}
COMMAND: POST /session/6773c96d6a7511f796a85c459a165c74/elements - {"using":"css selector","value":"table tr"}
COMMAND: GET /session/6773c96d6a7511f796a85c459a165c74/screenshot - {}
RESULT: {"using":"css selector","value":"table tr"}
COMMAND: POST /session/6773c96d6a7511f796a85c459a165c74/element/f.29D878CEA50B72482771CEDAC8A54377.d.8201C091F0CE7253EF2914AC21BD4E62.e.5692/elements - {"using":"css selector","value":"input"}
RESULT: {}
RESULT: {"using":"css selector","value":"input"}
COMMAND: POST /session/6773c96d6a7511f796a85c459a165c74/element/f.29D878CEA50B72482771CEDAC8A54377.d.8201C091F0CE7253EF2914AC21BD4E62.e.5743/clear - {}
COMMAND: POST /session/6773c96d6a7511f796a85c459a165c74/element/f.29D878CEA50B72482771CEDAC8A54377.d.8201C091F0CE7253EF2914AC21BD4E62.e.5744/clear - {}
RESULT: {}
COMMAND: POST /session/6773c96d6a7511f796a85c459a165c74/element/f.29D878CEA50B72482771CEDAC8A54377.d.8201C091F0CE7253EF2914AC21BD4E62.e.5743/value - {"text":"566.1"}
COMMAND: GET /session/6773c96d6a7511f796a85c459a165c74/screenshot - {}
RESULT: {}
COMMAND: POST /session/6773c96d6a7511f796a85c459a165c74/element/f.29D878CEA50B72482771CEDAC8A54377.d.8201C091F0CE7253EF2914AC21BD4E62.e.5744/value - {"text":"US Dollar"}
COMMAND: GET /session/6773c96d6a7511f796a85c459a165c74/screenshot - {}
RESULT: {"text":"566.1"}
COMMAND: GET /session/6773c96d6a7511f796a85c459a165c74/screenshot - {}
RESULT: {}
RESULT: {"text":"US Dollar"}
COMMAND: GET /session/6773c96d6a7511f796a85c459a165c74/screenshot - {}
RESULT: {}
RESULT: undefined
COMMAND: POST /session/6773c96d6a7511f796a85c459a165c74/element - {"using":"xpath","value":"//*[@id=\"__button8\"]"}
RESULT: {}
RESULT: {}
RESULT: {"using":"xpath","value":"//*[@id=\"__button8\"]"}
COMMAND: POST /session/6773c96d6a7511f796a85c459a165c74/element/f.29D878CEA50B72482771CEDAC8A54377.d.8201C091F0CE7253EF2914AC21BD4E62.e.5729/click - {}
RESULT: {}
COMMAND: GET /session/6773c96d6a7511f796a85c459a165c74/screenshot - {}
RESULT: {}
COMMAND: POST /session/6773c96d6a7511f796a85c459a165c74/elements - {"using":"css selector","value":"table tr"}
RESULT: {"using":"css selector","value":"table tr"}
COMMAND: POST /session/6773c96d6a7511f796a85c459a165c74/element/f.29D878CEA50B72482771CEDAC8A54377.d.8201C091F0CE7253EF2914AC21BD4E62.e.5692/elements - {"using":"css selector","value":"td"}
RESULT: {"using":"css selector","value":"td"}
COMMAND: POST /session/6773c96d6a7511f796a85c459a165c74/element/f.29D878CEA50B72482771CEDAC8A54377.d.8201C091F0CE7253EF2914AC21BD4E62.e.5748/element - {"using":"css selector","value":".sapMObjectNumberText"}
RESULT: {"using":"css selector","value":".sapMObjectNumberText"}
COMMAND: GET /session/6773c96d6a7511f796a85c459a165c74/element/f.29D878CEA50B72482771CEDAC8A54377.d.8201C091F0CE7253EF2914AC21BD4E62.e.5750/text - {}
RESULT: {}
]]></system-out>
    </testcase>
    <testcase classname="chrome.136_0_7103_93.windows.Edit_and_delete_daily_price_US134629_US134627" name="Should go into edit and delete all the rows that match the yard we have created for this scenario check if all rows deleted" time="32.982">
      <system-out><![CDATA[
RESULT: undefined
COMMAND: POST /session/6773c96d6a7511f796a85c459a165c74/element - {"using":"xpath","value":"//*[@id=\"application-manageconditionprice-display-component---dailyPrices--editBtn\"]"}
RESULT: {"using":"xpath","value":"//*[@id=\"application-manageconditionprice-display-component---dailyPrices--editBtn\"]"}
COMMAND: POST /session/6773c96d6a7511f796a85c459a165c74/element/f.29D878CEA50B72482771CEDAC8A54377.d.8201C091F0CE7253EF2914AC21BD4E62.e.5747/click - {}
RESULT: {}
COMMAND: GET /session/6773c96d6a7511f796a85c459a165c74/screenshot - {}
RESULT: {}
COMMAND: POST /session/6773c96d6a7511f796a85c459a165c74/elements - {"using":"css selector","value":"table tr"}
RESULT: {"using":"css selector","value":"table tr"}
COMMAND: POST /session/6773c96d6a7511f796a85c459a165c74/element/f.29D878CEA50B72482771CEDAC8A54377.d.8201C091F0CE7253EF2914AC21BD4E62.e.5466/elements - {"using":"css selector","value":"td"}
RESULT: {"using":"css selector","value":"td"}
COMMAND: POST /session/6773c96d6a7511f796a85c459a165c74/element/f.29D878CEA50B72482771CEDAC8A54377.d.8201C091F0CE7253EF2914AC21BD4E62.e.5467/elements - {"using":"css selector","value":"td"}
RESULT: {"using":"css selector","value":"td"}
COMMAND: POST /session/6773c96d6a7511f796a85c459a165c74/element/f.29D878CEA50B72482771CEDAC8A54377.d.8201C091F0CE7253EF2914AC21BD4E62.e.5468/elements - {"using":"css selector","value":"td"}
RESULT: {"using":"css selector","value":"td"}
COMMAND: POST /session/6773c96d6a7511f796a85c459a165c74/element/f.29D878CEA50B72482771CEDAC8A54377.d.8201C091F0CE7253EF2914AC21BD4E62.e.5378/elements - {"using":"css selector","value":"td"}
RESULT: {"using":"css selector","value":"td"}
COMMAND: POST /session/6773c96d6a7511f796a85c459a165c74/element/f.29D878CEA50B72482771CEDAC8A54377.d.8201C091F0CE7253EF2914AC21BD4E62.e.5379/elements - {"using":"css selector","value":"td"}
RESULT: {"using":"css selector","value":"td"}
COMMAND: POST /session/6773c96d6a7511f796a85c459a165c74/element/f.29D878CEA50B72482771CEDAC8A54377.d.8201C091F0CE7253EF2914AC21BD4E62.e.5387/elements - {"using":"css selector","value":"td"}
RESULT: {"using":"css selector","value":"td"}
COMMAND: POST /session/6773c96d6a7511f796a85c459a165c74/element/f.29D878CEA50B72482771CEDAC8A54377.d.8201C091F0CE7253EF2914AC21BD4E62.e.5388/elements - {"using":"css selector","value":"td"}
RESULT: {"using":"css selector","value":"td"}
COMMAND: POST /session/6773c96d6a7511f796a85c459a165c74/element/f.29D878CEA50B72482771CEDAC8A54377.d.8201C091F0CE7253EF2914AC21BD4E62.e.5396/elements - {"using":"css selector","value":"td"}
RESULT: {"using":"css selector","value":"td"}
COMMAND: POST /session/6773c96d6a7511f796a85c459a165c74/element/f.29D878CEA50B72482771CEDAC8A54377.d.8201C091F0CE7253EF2914AC21BD4E62.e.5397/elements - {"using":"css selector","value":"td"}
RESULT: {"using":"css selector","value":"td"}
COMMAND: POST /session/6773c96d6a7511f796a85c459a165c74/element/f.29D878CEA50B72482771CEDAC8A54377.d.8201C091F0CE7253EF2914AC21BD4E62.e.5401/elements - {"using":"css selector","value":"td"}
RESULT: {"using":"css selector","value":"td"}
COMMAND: POST /session/6773c96d6a7511f796a85c459a165c74/element/f.29D878CEA50B72482771CEDAC8A54377.d.8201C091F0CE7253EF2914AC21BD4E62.e.5469/elements - {"using":"css selector","value":"td"}
RESULT: {"using":"css selector","value":"td"}
COMMAND: POST /session/6773c96d6a7511f796a85c459a165c74/element/f.29D878CEA50B72482771CEDAC8A54377.d.8201C091F0CE7253EF2914AC21BD4E62.e.5470/elements - {"using":"css selector","value":"td"}
RESULT: {"using":"css selector","value":"td"}
COMMAND: POST /session/6773c96d6a7511f796a85c459a165c74/element/f.29D878CEA50B72482771CEDAC8A54377.d.8201C091F0CE7253EF2914AC21BD4E62.e.5471/elements - {"using":"css selector","value":"td"}
RESULT: {"using":"css selector","value":"td"}
COMMAND: POST /session/6773c96d6a7511f796a85c459a165c74/element/f.29D878CEA50B72482771CEDAC8A54377.d.8201C091F0CE7253EF2914AC21BD4E62.e.5472/elements - {"using":"css selector","value":"td"}
RESULT: {"using":"css selector","value":"td"}
COMMAND: POST /session/6773c96d6a7511f796a85c459a165c74/element/f.29D878CEA50B72482771CEDAC8A54377.d.8201C091F0CE7253EF2914AC21BD4E62.e.5473/elements - {"using":"css selector","value":"td"}
RESULT: {"using":"css selector","value":"td"}
COMMAND: POST /session/6773c96d6a7511f796a85c459a165c74/element/f.29D878CEA50B72482771CEDAC8A54377.d.8201C091F0CE7253EF2914AC21BD4E62.e.5474/elements - {"using":"css selector","value":"td"}
RESULT: {"using":"css selector","value":"td"}
COMMAND: POST /session/6773c96d6a7511f796a85c459a165c74/element/f.29D878CEA50B72482771CEDAC8A54377.d.8201C091F0CE7253EF2914AC21BD4E62.e.5475/elements - {"using":"css selector","value":"td"}
RESULT: {"using":"css selector","value":"td"}
COMMAND: POST /session/6773c96d6a7511f796a85c459a165c74/element/f.29D878CEA50B72482771CEDAC8A54377.d.8201C091F0CE7253EF2914AC21BD4E62.e.5476/elements - {"using":"css selector","value":"td"}
RESULT: {"using":"css selector","value":"td"}
COMMAND: POST /session/6773c96d6a7511f796a85c459a165c74/element/f.29D878CEA50B72482771CEDAC8A54377.d.8201C091F0CE7253EF2914AC21BD4E62.e.5477/elements - {"using":"css selector","value":"td"}
RESULT: {"using":"css selector","value":"td"}
COMMAND: POST /session/6773c96d6a7511f796a85c459a165c74/element/f.29D878CEA50B72482771CEDAC8A54377.d.8201C091F0CE7253EF2914AC21BD4E62.e.5478/elements - {"using":"css selector","value":"td"}
RESULT: {"using":"css selector","value":"td"}
COMMAND: POST /session/6773c96d6a7511f796a85c459a165c74/element/f.29D878CEA50B72482771CEDAC8A54377.d.8201C091F0CE7253EF2914AC21BD4E62.e.5479/elements - {"using":"css selector","value":"td"}
RESULT: {"using":"css selector","value":"td"}
COMMAND: POST /session/6773c96d6a7511f796a85c459a165c74/element/f.29D878CEA50B72482771CEDAC8A54377.d.8201C091F0CE7253EF2914AC21BD4E62.e.5480/elements - {"using":"css selector","value":"td"}
RESULT: {"using":"css selector","value":"td"}
COMMAND: POST /session/6773c96d6a7511f796a85c459a165c74/element/f.29D878CEA50B72482771CEDAC8A54377.d.8201C091F0CE7253EF2914AC21BD4E62.e.5481/elements - {"using":"css selector","value":"td"}
RESULT: {"using":"css selector","value":"td"}
COMMAND: POST /session/6773c96d6a7511f796a85c459a165c74/element/f.29D878CEA50B72482771CEDAC8A54377.d.8201C091F0CE7253EF2914AC21BD4E62.e.5482/elements - {"using":"css selector","value":"td"}
RESULT: {"using":"css selector","value":"td"}
COMMAND: POST /session/6773c96d6a7511f796a85c459a165c74/element/f.29D878CEA50B72482771CEDAC8A54377.d.8201C091F0CE7253EF2914AC21BD4E62.e.5483/elements - {"using":"css selector","value":"td"}
RESULT: {"using":"css selector","value":"td"}
COMMAND: POST /session/6773c96d6a7511f796a85c459a165c74/element/f.29D878CEA50B72482771CEDAC8A54377.d.8201C091F0CE7253EF2914AC21BD4E62.e.5484/elements - {"using":"css selector","value":"td"}
RESULT: {"using":"css selector","value":"td"}
COMMAND: POST /session/6773c96d6a7511f796a85c459a165c74/element/f.29D878CEA50B72482771CEDAC8A54377.d.8201C091F0CE7253EF2914AC21BD4E62.e.5485/elements - {"using":"css selector","value":"td"}
RESULT: {"using":"css selector","value":"td"}
COMMAND: POST /session/6773c96d6a7511f796a85c459a165c74/element/f.29D878CEA50B72482771CEDAC8A54377.d.8201C091F0CE7253EF2914AC21BD4E62.e.5486/elements - {"using":"css selector","value":"td"}
RESULT: {"using":"css selector","value":"td"}
COMMAND: POST /session/6773c96d6a7511f796a85c459a165c74/element/f.29D878CEA50B72482771CEDAC8A54377.d.8201C091F0CE7253EF2914AC21BD4E62.e.5487/elements - {"using":"css selector","value":"td"}
RESULT: {"using":"css selector","value":"td"}
COMMAND: POST /session/6773c96d6a7511f796a85c459a165c74/element/f.29D878CEA50B72482771CEDAC8A54377.d.8201C091F0CE7253EF2914AC21BD4E62.e.5488/elements - {"using":"css selector","value":"td"}
RESULT: {"using":"css selector","value":"td"}
COMMAND: POST /session/6773c96d6a7511f796a85c459a165c74/element/f.29D878CEA50B72482771CEDAC8A54377.d.8201C091F0CE7253EF2914AC21BD4E62.e.5489/elements - {"using":"css selector","value":"td"}
RESULT: {"using":"css selector","value":"td"}
COMMAND: POST /session/6773c96d6a7511f796a85c459a165c74/element/f.29D878CEA50B72482771CEDAC8A54377.d.8201C091F0CE7253EF2914AC21BD4E62.e.5490/elements - {"using":"css selector","value":"td"}
RESULT: {"using":"css selector","value":"td"}
COMMAND: POST /session/6773c96d6a7511f796a85c459a165c74/element/f.29D878CEA50B72482771CEDAC8A54377.d.8201C091F0CE7253EF2914AC21BD4E62.e.5491/elements - {"using":"css selector","value":"td"}
RESULT: {"using":"css selector","value":"td"}
COMMAND: POST /session/6773c96d6a7511f796a85c459a165c74/element/f.29D878CEA50B72482771CEDAC8A54377.d.8201C091F0CE7253EF2914AC21BD4E62.e.5492/elements - {"using":"css selector","value":"td"}
RESULT: {"using":"css selector","value":"td"}
COMMAND: POST /session/6773c96d6a7511f796a85c459a165c74/element/f.29D878CEA50B72482771CEDAC8A54377.d.8201C091F0CE7253EF2914AC21BD4E62.e.5493/elements - {"using":"css selector","value":"td"}
RESULT: {"using":"css selector","value":"td"}
COMMAND: POST /session/6773c96d6a7511f796a85c459a165c74/element/f.29D878CEA50B72482771CEDAC8A54377.d.8201C091F0CE7253EF2914AC21BD4E62.e.5494/elements - {"using":"css selector","value":"td"}
RESULT: {"using":"css selector","value":"td"}
COMMAND: POST /session/6773c96d6a7511f796a85c459a165c74/element/f.29D878CEA50B72482771CEDAC8A54377.d.8201C091F0CE7253EF2914AC21BD4E62.e.5495/elements - {"using":"css selector","value":"td"}
RESULT: {"using":"css selector","value":"td"}
COMMAND: POST /session/6773c96d6a7511f796a85c459a165c74/element/f.29D878CEA50B72482771CEDAC8A54377.d.8201C091F0CE7253EF2914AC21BD4E62.e.5496/elements - {"using":"css selector","value":"td"}
RESULT: {"using":"css selector","value":"td"}
COMMAND: POST /session/6773c96d6a7511f796a85c459a165c74/element/f.29D878CEA50B72482771CEDAC8A54377.d.8201C091F0CE7253EF2914AC21BD4E62.e.5497/elements - {"using":"css selector","value":"td"}
RESULT: {"using":"css selector","value":"td"}
COMMAND: POST /session/6773c96d6a7511f796a85c459a165c74/element/f.29D878CEA50B72482771CEDAC8A54377.d.8201C091F0CE7253EF2914AC21BD4E62.e.5498/elements - {"using":"css selector","value":"td"}
RESULT: {"using":"css selector","value":"td"}
COMMAND: POST /session/6773c96d6a7511f796a85c459a165c74/element/f.29D878CEA50B72482771CEDAC8A54377.d.8201C091F0CE7253EF2914AC21BD4E62.e.5499/elements - {"using":"css selector","value":"td"}
RESULT: {"using":"css selector","value":"td"}
COMMAND: POST /session/6773c96d6a7511f796a85c459a165c74/element/f.29D878CEA50B72482771CEDAC8A54377.d.8201C091F0CE7253EF2914AC21BD4E62.e.5500/elements - {"using":"css selector","value":"td"}
RESULT: {"using":"css selector","value":"td"}
COMMAND: POST /session/6773c96d6a7511f796a85c459a165c74/element/f.29D878CEA50B72482771CEDAC8A54377.d.8201C091F0CE7253EF2914AC21BD4E62.e.5501/elements - {"using":"css selector","value":"td"}
RESULT: {"using":"css selector","value":"td"}
COMMAND: POST /session/6773c96d6a7511f796a85c459a165c74/element/f.29D878CEA50B72482771CEDAC8A54377.d.8201C091F0CE7253EF2914AC21BD4E62.e.5502/elements - {"using":"css selector","value":"td"}
RESULT: {"using":"css selector","value":"td"}
COMMAND: POST /session/6773c96d6a7511f796a85c459a165c74/element/f.29D878CEA50B72482771CEDAC8A54377.d.8201C091F0CE7253EF2914AC21BD4E62.e.5503/elements - {"using":"css selector","value":"td"}
RESULT: {"using":"css selector","value":"td"}
COMMAND: POST /session/6773c96d6a7511f796a85c459a165c74/element/f.29D878CEA50B72482771CEDAC8A54377.d.8201C091F0CE7253EF2914AC21BD4E62.e.5504/elements - {"using":"css selector","value":"td"}
RESULT: {"using":"css selector","value":"td"}
COMMAND: POST /session/6773c96d6a7511f796a85c459a165c74/element/f.29D878CEA50B72482771CEDAC8A54377.d.8201C091F0CE7253EF2914AC21BD4E62.e.5505/elements - {"using":"css selector","value":"td"}
RESULT: {"using":"css selector","value":"td"}
COMMAND: POST /session/6773c96d6a7511f796a85c459a165c74/element/f.29D878CEA50B72482771CEDAC8A54377.d.8201C091F0CE7253EF2914AC21BD4E62.e.5506/elements - {"using":"css selector","value":"td"}
RESULT: {"using":"css selector","value":"td"}
COMMAND: POST /session/6773c96d6a7511f796a85c459a165c74/element/f.29D878CEA50B72482771CEDAC8A54377.d.8201C091F0CE7253EF2914AC21BD4E62.e.5507/elements - {"using":"css selector","value":"td"}
RESULT: {"using":"css selector","value":"td"}
COMMAND: POST /session/6773c96d6a7511f796a85c459a165c74/element/f.29D878CEA50B72482771CEDAC8A54377.d.8201C091F0CE7253EF2914AC21BD4E62.e.5508/elements - {"using":"css selector","value":"td"}
RESULT: {"using":"css selector","value":"td"}
COMMAND: POST /session/6773c96d6a7511f796a85c459a165c74/element/f.29D878CEA50B72482771CEDAC8A54377.d.8201C091F0CE7253EF2914AC21BD4E62.e.5509/elements - {"using":"css selector","value":"td"}
RESULT: {"using":"css selector","value":"td"}
COMMAND: POST /session/6773c96d6a7511f796a85c459a165c74/element/f.29D878CEA50B72482771CEDAC8A54377.d.8201C091F0CE7253EF2914AC21BD4E62.e.5510/elements - {"using":"css selector","value":"td"}
RESULT: {"using":"css selector","value":"td"}
COMMAND: POST /session/6773c96d6a7511f796a85c459a165c74/element/f.29D878CEA50B72482771CEDAC8A54377.d.8201C091F0CE7253EF2914AC21BD4E62.e.5511/elements - {"using":"css selector","value":"td"}
RESULT: {"using":"css selector","value":"td"}
COMMAND: POST /session/6773c96d6a7511f796a85c459a165c74/element/f.29D878CEA50B72482771CEDAC8A54377.d.8201C091F0CE7253EF2914AC21BD4E62.e.5512/elements - {"using":"css selector","value":"td"}
RESULT: {"using":"css selector","value":"td"}
COMMAND: POST /session/6773c96d6a7511f796a85c459a165c74/element/f.29D878CEA50B72482771CEDAC8A54377.d.8201C091F0CE7253EF2914AC21BD4E62.e.5513/elements - {"using":"css selector","value":"td"}
RESULT: {"using":"css selector","value":"td"}
COMMAND: POST /session/6773c96d6a7511f796a85c459a165c74/element/f.29D878CEA50B72482771CEDAC8A54377.d.8201C091F0CE7253EF2914AC21BD4E62.e.5514/elements - {"using":"css selector","value":"td"}
RESULT: {"using":"css selector","value":"td"}
COMMAND: POST /session/6773c96d6a7511f796a85c459a165c74/element/f.29D878CEA50B72482771CEDAC8A54377.d.8201C091F0CE7253EF2914AC21BD4E62.e.5515/elements - {"using":"css selector","value":"td"}
RESULT: {"using":"css selector","value":"td"}
COMMAND: POST /session/6773c96d6a7511f796a85c459a165c74/element/f.29D878CEA50B72482771CEDAC8A54377.d.8201C091F0CE7253EF2914AC21BD4E62.e.5516/elements - {"using":"css selector","value":"td"}
RESULT: {"using":"css selector","value":"td"}
COMMAND: POST /session/6773c96d6a7511f796a85c459a165c74/element/f.29D878CEA50B72482771CEDAC8A54377.d.8201C091F0CE7253EF2914AC21BD4E62.e.5517/elements - {"using":"css selector","value":"td"}
RESULT: {"using":"css selector","value":"td"}
COMMAND: POST /session/6773c96d6a7511f796a85c459a165c74/element/f.29D878CEA50B72482771CEDAC8A54377.d.8201C091F0CE7253EF2914AC21BD4E62.e.5518/elements - {"using":"css selector","value":"td"}
RESULT: {"using":"css selector","value":"td"}
COMMAND: POST /session/6773c96d6a7511f796a85c459a165c74/element/f.29D878CEA50B72482771CEDAC8A54377.d.8201C091F0CE7253EF2914AC21BD4E62.e.5519/elements - {"using":"css selector","value":"td"}
RESULT: {"using":"css selector","value":"td"}
COMMAND: POST /session/6773c96d6a7511f796a85c459a165c74/element/f.29D878CEA50B72482771CEDAC8A54377.d.8201C091F0CE7253EF2914AC21BD4E62.e.5520/elements - {"using":"css selector","value":"td"}
RESULT: {"using":"css selector","value":"td"}
COMMAND: POST /session/6773c96d6a7511f796a85c459a165c74/element/f.29D878CEA50B72482771CEDAC8A54377.d.8201C091F0CE7253EF2914AC21BD4E62.e.5521/elements - {"using":"css selector","value":"td"}
RESULT: {"using":"css selector","value":"td"}
COMMAND: POST /session/6773c96d6a7511f796a85c459a165c74/element/f.29D878CEA50B72482771CEDAC8A54377.d.8201C091F0CE7253EF2914AC21BD4E62.e.5522/elements - {"using":"css selector","value":"td"}
RESULT: {"using":"css selector","value":"td"}
COMMAND: POST /session/6773c96d6a7511f796a85c459a165c74/element/f.29D878CEA50B72482771CEDAC8A54377.d.8201C091F0CE7253EF2914AC21BD4E62.e.5523/elements - {"using":"css selector","value":"td"}
RESULT: {"using":"css selector","value":"td"}
COMMAND: POST /session/6773c96d6a7511f796a85c459a165c74/element/f.29D878CEA50B72482771CEDAC8A54377.d.8201C091F0CE7253EF2914AC21BD4E62.e.5524/elements - {"using":"css selector","value":"td"}
RESULT: {"using":"css selector","value":"td"}
COMMAND: POST /session/6773c96d6a7511f796a85c459a165c74/element/f.29D878CEA50B72482771CEDAC8A54377.d.8201C091F0CE7253EF2914AC21BD4E62.e.5525/elements - {"using":"css selector","value":"td"}
RESULT: {"using":"css selector","value":"td"}
COMMAND: POST /session/6773c96d6a7511f796a85c459a165c74/element/f.29D878CEA50B72482771CEDAC8A54377.d.8201C091F0CE7253EF2914AC21BD4E62.e.5526/elements - {"using":"css selector","value":"td"}
RESULT: {"using":"css selector","value":"td"}
COMMAND: POST /session/6773c96d6a7511f796a85c459a165c74/element/f.29D878CEA50B72482771CEDAC8A54377.d.8201C091F0CE7253EF2914AC21BD4E62.e.5527/elements - {"using":"css selector","value":"td"}
RESULT: {"using":"css selector","value":"td"}
COMMAND: POST /session/6773c96d6a7511f796a85c459a165c74/element/f.29D878CEA50B72482771CEDAC8A54377.d.8201C091F0CE7253EF2914AC21BD4E62.e.5528/elements - {"using":"css selector","value":"td"}
RESULT: {"using":"css selector","value":"td"}
COMMAND: POST /session/6773c96d6a7511f796a85c459a165c74/element/f.29D878CEA50B72482771CEDAC8A54377.d.8201C091F0CE7253EF2914AC21BD4E62.e.5529/elements - {"using":"css selector","value":"td"}
RESULT: {"using":"css selector","value":"td"}
COMMAND: POST /session/6773c96d6a7511f796a85c459a165c74/element/f.29D878CEA50B72482771CEDAC8A54377.d.8201C091F0CE7253EF2914AC21BD4E62.e.5530/elements - {"using":"css selector","value":"td"}
RESULT: {"using":"css selector","value":"td"}
COMMAND: POST /session/6773c96d6a7511f796a85c459a165c74/element/f.29D878CEA50B72482771CEDAC8A54377.d.8201C091F0CE7253EF2914AC21BD4E62.e.5531/elements - {"using":"css selector","value":"td"}
RESULT: {"using":"css selector","value":"td"}
COMMAND: POST /session/6773c96d6a7511f796a85c459a165c74/element/f.29D878CEA50B72482771CEDAC8A54377.d.8201C091F0CE7253EF2914AC21BD4E62.e.5532/elements - {"using":"css selector","value":"td"}
RESULT: {"using":"css selector","value":"td"}
COMMAND: POST /session/6773c96d6a7511f796a85c459a165c74/element/f.29D878CEA50B72482771CEDAC8A54377.d.8201C091F0CE7253EF2914AC21BD4E62.e.5533/elements - {"using":"css selector","value":"td"}
RESULT: {"using":"css selector","value":"td"}
COMMAND: POST /session/6773c96d6a7511f796a85c459a165c74/element/f.29D878CEA50B72482771CEDAC8A54377.d.8201C091F0CE7253EF2914AC21BD4E62.e.5534/elements - {"using":"css selector","value":"td"}
RESULT: {"using":"css selector","value":"td"}
COMMAND: POST /session/6773c96d6a7511f796a85c459a165c74/element/f.29D878CEA50B72482771CEDAC8A54377.d.8201C091F0CE7253EF2914AC21BD4E62.e.5535/elements - {"using":"css selector","value":"td"}
RESULT: {"using":"css selector","value":"td"}
COMMAND: POST /session/6773c96d6a7511f796a85c459a165c74/element/f.29D878CEA50B72482771CEDAC8A54377.d.8201C091F0CE7253EF2914AC21BD4E62.e.5536/elements - {"using":"css selector","value":"td"}
RESULT: {"using":"css selector","value":"td"}
COMMAND: POST /session/6773c96d6a7511f796a85c459a165c74/element/f.29D878CEA50B72482771CEDAC8A54377.d.8201C091F0CE7253EF2914AC21BD4E62.e.5537/elements - {"using":"css selector","value":"td"}
RESULT: {"using":"css selector","value":"td"}
COMMAND: POST /session/6773c96d6a7511f796a85c459a165c74/element/f.29D878CEA50B72482771CEDAC8A54377.d.8201C091F0CE7253EF2914AC21BD4E62.e.5538/elements - {"using":"css selector","value":"td"}
RESULT: {"using":"css selector","value":"td"}
COMMAND: POST /session/6773c96d6a7511f796a85c459a165c74/element/f.29D878CEA50B72482771CEDAC8A54377.d.8201C091F0CE7253EF2914AC21BD4E62.e.5539/elements - {"using":"css selector","value":"td"}
RESULT: {"using":"css selector","value":"td"}
COMMAND: POST /session/6773c96d6a7511f796a85c459a165c74/element/f.29D878CEA50B72482771CEDAC8A54377.d.8201C091F0CE7253EF2914AC21BD4E62.e.5540/elements - {"using":"css selector","value":"td"}
RESULT: {"using":"css selector","value":"td"}
COMMAND: POST /session/6773c96d6a7511f796a85c459a165c74/element/f.29D878CEA50B72482771CEDAC8A54377.d.8201C091F0CE7253EF2914AC21BD4E62.e.5541/elements - {"using":"css selector","value":"td"}
RESULT: {"using":"css selector","value":"td"}
COMMAND: POST /session/6773c96d6a7511f796a85c459a165c74/element/f.29D878CEA50B72482771CEDAC8A54377.d.8201C091F0CE7253EF2914AC21BD4E62.e.5542/elements - {"using":"css selector","value":"td"}
RESULT: {"using":"css selector","value":"td"}
COMMAND: POST /session/6773c96d6a7511f796a85c459a165c74/element/f.29D878CEA50B72482771CEDAC8A54377.d.8201C091F0CE7253EF2914AC21BD4E62.e.5543/elements - {"using":"css selector","value":"td"}
RESULT: {"using":"css selector","value":"td"}
COMMAND: POST /session/6773c96d6a7511f796a85c459a165c74/element/f.29D878CEA50B72482771CEDAC8A54377.d.8201C091F0CE7253EF2914AC21BD4E62.e.5544/elements - {"using":"css selector","value":"td"}
RESULT: {"using":"css selector","value":"td"}
COMMAND: POST /session/6773c96d6a7511f796a85c459a165c74/element/f.29D878CEA50B72482771CEDAC8A54377.d.8201C091F0CE7253EF2914AC21BD4E62.e.5545/elements - {"using":"css selector","value":"td"}
RESULT: {"using":"css selector","value":"td"}
COMMAND: POST /session/6773c96d6a7511f796a85c459a165c74/element/f.29D878CEA50B72482771CEDAC8A54377.d.8201C091F0CE7253EF2914AC21BD4E62.e.5546/elements - {"using":"css selector","value":"td"}
RESULT: {"using":"css selector","value":"td"}
COMMAND: POST /session/6773c96d6a7511f796a85c459a165c74/element/f.29D878CEA50B72482771CEDAC8A54377.d.8201C091F0CE7253EF2914AC21BD4E62.e.5547/elements - {"using":"css selector","value":"td"}
RESULT: {"using":"css selector","value":"td"}
COMMAND: POST /session/6773c96d6a7511f796a85c459a165c74/element/f.29D878CEA50B72482771CEDAC8A54377.d.8201C091F0CE7253EF2914AC21BD4E62.e.5548/elements - {"using":"css selector","value":"td"}
RESULT: {"using":"css selector","value":"td"}
COMMAND: POST /session/6773c96d6a7511f796a85c459a165c74/element/f.29D878CEA50B72482771CEDAC8A54377.d.8201C091F0CE7253EF2914AC21BD4E62.e.5549/elements - {"using":"css selector","value":"td"}
RESULT: {"using":"css selector","value":"td"}
COMMAND: POST /session/6773c96d6a7511f796a85c459a165c74/element/f.29D878CEA50B72482771CEDAC8A54377.d.8201C091F0CE7253EF2914AC21BD4E62.e.5550/elements - {"using":"css selector","value":"td"}
RESULT: {"using":"css selector","value":"td"}
COMMAND: POST /session/6773c96d6a7511f796a85c459a165c74/element/f.29D878CEA50B72482771CEDAC8A54377.d.8201C091F0CE7253EF2914AC21BD4E62.e.5551/elements - {"using":"css selector","value":"td"}
RESULT: {"using":"css selector","value":"td"}
COMMAND: POST /session/6773c96d6a7511f796a85c459a165c74/element/f.29D878CEA50B72482771CEDAC8A54377.d.8201C091F0CE7253EF2914AC21BD4E62.e.5552/elements - {"using":"css selector","value":"td"}
RESULT: {"using":"css selector","value":"td"}
COMMAND: POST /session/6773c96d6a7511f796a85c459a165c74/element/f.29D878CEA50B72482771CEDAC8A54377.d.8201C091F0CE7253EF2914AC21BD4E62.e.5553/elements - {"using":"css selector","value":"td"}
RESULT: {"using":"css selector","value":"td"}
COMMAND: POST /session/6773c96d6a7511f796a85c459a165c74/element/f.29D878CEA50B72482771CEDAC8A54377.d.8201C091F0CE7253EF2914AC21BD4E62.e.5554/elements - {"using":"css selector","value":"td"}
RESULT: {"using":"css selector","value":"td"}
COMMAND: POST /session/6773c96d6a7511f796a85c459a165c74/element/f.29D878CEA50B72482771CEDAC8A54377.d.8201C091F0CE7253EF2914AC21BD4E62.e.5555/elements - {"using":"css selector","value":"td"}
RESULT: {"using":"css selector","value":"td"}
COMMAND: POST /session/6773c96d6a7511f796a85c459a165c74/element/f.29D878CEA50B72482771CEDAC8A54377.d.8201C091F0CE7253EF2914AC21BD4E62.e.5556/elements - {"using":"css selector","value":"td"}
RESULT: {"using":"css selector","value":"td"}
COMMAND: POST /session/6773c96d6a7511f796a85c459a165c74/element/f.29D878CEA50B72482771CEDAC8A54377.d.8201C091F0CE7253EF2914AC21BD4E62.e.5557/elements - {"using":"css selector","value":"td"}
RESULT: {"using":"css selector","value":"td"}
COMMAND: POST /session/6773c96d6a7511f796a85c459a165c74/element/f.29D878CEA50B72482771CEDAC8A54377.d.8201C091F0CE7253EF2914AC21BD4E62.e.5558/elements - {"using":"css selector","value":"td"}
RESULT: {"using":"css selector","value":"td"}
COMMAND: POST /session/6773c96d6a7511f796a85c459a165c74/element/f.29D878CEA50B72482771CEDAC8A54377.d.8201C091F0CE7253EF2914AC21BD4E62.e.5559/elements - {"using":"css selector","value":"td"}
RESULT: {"using":"css selector","value":"td"}
COMMAND: POST /session/6773c96d6a7511f796a85c459a165c74/element/f.29D878CEA50B72482771CEDAC8A54377.d.8201C091F0CE7253EF2914AC21BD4E62.e.5560/elements - {"using":"css selector","value":"td"}
RESULT: {"using":"css selector","value":"td"}
COMMAND: POST /session/6773c96d6a7511f796a85c459a165c74/element/f.29D878CEA50B72482771CEDAC8A54377.d.8201C091F0CE7253EF2914AC21BD4E62.e.5561/elements - {"using":"css selector","value":"td"}
RESULT: {"using":"css selector","value":"td"}
COMMAND: POST /session/6773c96d6a7511f796a85c459a165c74/element/f.29D878CEA50B72482771CEDAC8A54377.d.8201C091F0CE7253EF2914AC21BD4E62.e.5562/elements - {"using":"css selector","value":"td"}
RESULT: {"using":"css selector","value":"td"}
COMMAND: POST /session/6773c96d6a7511f796a85c459a165c74/element/f.29D878CEA50B72482771CEDAC8A54377.d.8201C091F0CE7253EF2914AC21BD4E62.e.5563/elements - {"using":"css selector","value":"td"}
RESULT: {"using":"css selector","value":"td"}
COMMAND: POST /session/6773c96d6a7511f796a85c459a165c74/element/f.29D878CEA50B72482771CEDAC8A54377.d.8201C091F0CE7253EF2914AC21BD4E62.e.5564/elements - {"using":"css selector","value":"td"}
RESULT: {"using":"css selector","value":"td"}
COMMAND: POST /session/6773c96d6a7511f796a85c459a165c74/element/f.29D878CEA50B72482771CEDAC8A54377.d.8201C091F0CE7253EF2914AC21BD4E62.e.5565/elements - {"using":"css selector","value":"td"}
RESULT: {"using":"css selector","value":"td"}
COMMAND: POST /session/6773c96d6a7511f796a85c459a165c74/element/f.29D878CEA50B72482771CEDAC8A54377.d.8201C091F0CE7253EF2914AC21BD4E62.e.5566/elements - {"using":"css selector","value":"td"}
RESULT: {"using":"css selector","value":"td"}
COMMAND: POST /session/6773c96d6a7511f796a85c459a165c74/element/f.29D878CEA50B72482771CEDAC8A54377.d.8201C091F0CE7253EF2914AC21BD4E62.e.5567/elements - {"using":"css selector","value":"td"}
RESULT: {"using":"css selector","value":"td"}
COMMAND: POST /session/6773c96d6a7511f796a85c459a165c74/element/f.29D878CEA50B72482771CEDAC8A54377.d.8201C091F0CE7253EF2914AC21BD4E62.e.5568/elements - {"using":"css selector","value":"td"}
RESULT: {"using":"css selector","value":"td"}
COMMAND: POST /session/6773c96d6a7511f796a85c459a165c74/element/f.29D878CEA50B72482771CEDAC8A54377.d.8201C091F0CE7253EF2914AC21BD4E62.e.5569/elements - {"using":"css selector","value":"td"}
RESULT: {"using":"css selector","value":"td"}
COMMAND: POST /session/6773c96d6a7511f796a85c459a165c74/element/f.29D878CEA50B72482771CEDAC8A54377.d.8201C091F0CE7253EF2914AC21BD4E62.e.5570/elements - {"using":"css selector","value":"td"}
RESULT: {"using":"css selector","value":"td"}
COMMAND: POST /session/6773c96d6a7511f796a85c459a165c74/element/f.29D878CEA50B72482771CEDAC8A54377.d.8201C091F0CE7253EF2914AC21BD4E62.e.5571/elements - {"using":"css selector","value":"td"}
RESULT: {"using":"css selector","value":"td"}
COMMAND: POST /session/6773c96d6a7511f796a85c459a165c74/element/f.29D878CEA50B72482771CEDAC8A54377.d.8201C091F0CE7253EF2914AC21BD4E62.e.5572/elements - {"using":"css selector","value":"td"}
RESULT: {"using":"css selector","value":"td"}
COMMAND: POST /session/6773c96d6a7511f796a85c459a165c74/element/f.29D878CEA50B72482771CEDAC8A54377.d.8201C091F0CE7253EF2914AC21BD4E62.e.5573/elements - {"using":"css selector","value":"td"}
RESULT: {"using":"css selector","value":"td"}
COMMAND: POST /session/6773c96d6a7511f796a85c459a165c74/element/f.29D878CEA50B72482771CEDAC8A54377.d.8201C091F0CE7253EF2914AC21BD4E62.e.5574/elements - {"using":"css selector","value":"td"}
RESULT: {"using":"css selector","value":"td"}
COMMAND: POST /session/6773c96d6a7511f796a85c459a165c74/element/f.29D878CEA50B72482771CEDAC8A54377.d.8201C091F0CE7253EF2914AC21BD4E62.e.5575/elements - {"using":"css selector","value":"td"}
RESULT: {"using":"css selector","value":"td"}
COMMAND: POST /session/6773c96d6a7511f796a85c459a165c74/element/f.29D878CEA50B72482771CEDAC8A54377.d.8201C091F0CE7253EF2914AC21BD4E62.e.5576/elements - {"using":"css selector","value":"td"}
RESULT: {"using":"css selector","value":"td"}
COMMAND: POST /session/6773c96d6a7511f796a85c459a165c74/element/f.29D878CEA50B72482771CEDAC8A54377.d.8201C091F0CE7253EF2914AC21BD4E62.e.5577/elements - {"using":"css selector","value":"td"}
RESULT: {"using":"css selector","value":"td"}
COMMAND: POST /session/6773c96d6a7511f796a85c459a165c74/element/f.29D878CEA50B72482771CEDAC8A54377.d.8201C091F0CE7253EF2914AC21BD4E62.e.5578/elements - {"using":"css selector","value":"td"}
RESULT: {"using":"css selector","value":"td"}
COMMAND: POST /session/6773c96d6a7511f796a85c459a165c74/element/f.29D878CEA50B72482771CEDAC8A54377.d.8201C091F0CE7253EF2914AC21BD4E62.e.5579/elements - {"using":"css selector","value":"td"}
RESULT: {"using":"css selector","value":"td"}
COMMAND: POST /session/6773c96d6a7511f796a85c459a165c74/element/f.29D878CEA50B72482771CEDAC8A54377.d.8201C091F0CE7253EF2914AC21BD4E62.e.5580/elements - {"using":"css selector","value":"td"}
RESULT: {"using":"css selector","value":"td"}
COMMAND: POST /session/6773c96d6a7511f796a85c459a165c74/element/f.29D878CEA50B72482771CEDAC8A54377.d.8201C091F0CE7253EF2914AC21BD4E62.e.5581/elements - {"using":"css selector","value":"td"}
RESULT: {"using":"css selector","value":"td"}
COMMAND: POST /session/6773c96d6a7511f796a85c459a165c74/element/f.29D878CEA50B72482771CEDAC8A54377.d.8201C091F0CE7253EF2914AC21BD4E62.e.5582/elements - {"using":"css selector","value":"td"}
RESULT: {"using":"css selector","value":"td"}
COMMAND: POST /session/6773c96d6a7511f796a85c459a165c74/element/f.29D878CEA50B72482771CEDAC8A54377.d.8201C091F0CE7253EF2914AC21BD4E62.e.5583/elements - {"using":"css selector","value":"td"}
RESULT: {"using":"css selector","value":"td"}
COMMAND: POST /session/6773c96d6a7511f796a85c459a165c74/element/f.29D878CEA50B72482771CEDAC8A54377.d.8201C091F0CE7253EF2914AC21BD4E62.e.5584/elements - {"using":"css selector","value":"td"}
RESULT: {"using":"css selector","value":"td"}
COMMAND: POST /session/6773c96d6a7511f796a85c459a165c74/element/f.29D878CEA50B72482771CEDAC8A54377.d.8201C091F0CE7253EF2914AC21BD4E62.e.5585/elements - {"using":"css selector","value":"td"}
RESULT: {"using":"css selector","value":"td"}
COMMAND: POST /session/6773c96d6a7511f796a85c459a165c74/element/f.29D878CEA50B72482771CEDAC8A54377.d.8201C091F0CE7253EF2914AC21BD4E62.e.5586/elements - {"using":"css selector","value":"td"}
RESULT: {"using":"css selector","value":"td"}
COMMAND: POST /session/6773c96d6a7511f796a85c459a165c74/element/f.29D878CEA50B72482771CEDAC8A54377.d.8201C091F0CE7253EF2914AC21BD4E62.e.5587/elements - {"using":"css selector","value":"td"}
RESULT: {"using":"css selector","value":"td"}
COMMAND: POST /session/6773c96d6a7511f796a85c459a165c74/element/f.29D878CEA50B72482771CEDAC8A54377.d.8201C091F0CE7253EF2914AC21BD4E62.e.5588/elements - {"using":"css selector","value":"td"}
RESULT: {"using":"css selector","value":"td"}
COMMAND: POST /session/6773c96d6a7511f796a85c459a165c74/element/f.29D878CEA50B72482771CEDAC8A54377.d.8201C091F0CE7253EF2914AC21BD4E62.e.5589/elements - {"using":"css selector","value":"td"}
RESULT: {"using":"css selector","value":"td"}
COMMAND: POST /session/6773c96d6a7511f796a85c459a165c74/element/f.29D878CEA50B72482771CEDAC8A54377.d.8201C091F0CE7253EF2914AC21BD4E62.e.5590/elements - {"using":"css selector","value":"td"}
RESULT: {"using":"css selector","value":"td"}
COMMAND: POST /session/6773c96d6a7511f796a85c459a165c74/element/f.29D878CEA50B72482771CEDAC8A54377.d.8201C091F0CE7253EF2914AC21BD4E62.e.5591/elements - {"using":"css selector","value":"td"}
RESULT: {"using":"css selector","value":"td"}
COMMAND: POST /session/6773c96d6a7511f796a85c459a165c74/element/f.29D878CEA50B72482771CEDAC8A54377.d.8201C091F0CE7253EF2914AC21BD4E62.e.5592/elements - {"using":"css selector","value":"td"}
RESULT: {"using":"css selector","value":"td"}
COMMAND: POST /session/6773c96d6a7511f796a85c459a165c74/element/f.29D878CEA50B72482771CEDAC8A54377.d.8201C091F0CE7253EF2914AC21BD4E62.e.5593/elements - {"using":"css selector","value":"td"}
RESULT: {"using":"css selector","value":"td"}
COMMAND: POST /session/6773c96d6a7511f796a85c459a165c74/element/f.29D878CEA50B72482771CEDAC8A54377.d.8201C091F0CE7253EF2914AC21BD4E62.e.5594/elements - {"using":"css selector","value":"td"}
RESULT: {"using":"css selector","value":"td"}
COMMAND: POST /session/6773c96d6a7511f796a85c459a165c74/element/f.29D878CEA50B72482771CEDAC8A54377.d.8201C091F0CE7253EF2914AC21BD4E62.e.5595/elements - {"using":"css selector","value":"td"}
RESULT: {"using":"css selector","value":"td"}
COMMAND: POST /session/6773c96d6a7511f796a85c459a165c74/element/f.29D878CEA50B72482771CEDAC8A54377.d.8201C091F0CE7253EF2914AC21BD4E62.e.5596/elements - {"using":"css selector","value":"td"}
RESULT: {"using":"css selector","value":"td"}
COMMAND: POST /session/6773c96d6a7511f796a85c459a165c74/element/f.29D878CEA50B72482771CEDAC8A54377.d.8201C091F0CE7253EF2914AC21BD4E62.e.5597/elements - {"using":"css selector","value":"td"}
RESULT: {"using":"css selector","value":"td"}
COMMAND: POST /session/6773c96d6a7511f796a85c459a165c74/element/f.29D878CEA50B72482771CEDAC8A54377.d.8201C091F0CE7253EF2914AC21BD4E62.e.5598/elements - {"using":"css selector","value":"td"}
RESULT: {"using":"css selector","value":"td"}
COMMAND: POST /session/6773c96d6a7511f796a85c459a165c74/element/f.29D878CEA50B72482771CEDAC8A54377.d.8201C091F0CE7253EF2914AC21BD4E62.e.5599/elements - {"using":"css selector","value":"td"}
RESULT: {"using":"css selector","value":"td"}
COMMAND: POST /session/6773c96d6a7511f796a85c459a165c74/element/f.29D878CEA50B72482771CEDAC8A54377.d.8201C091F0CE7253EF2914AC21BD4E62.e.5600/elements - {"using":"css selector","value":"td"}
RESULT: {"using":"css selector","value":"td"}
COMMAND: POST /session/6773c96d6a7511f796a85c459a165c74/element/f.29D878CEA50B72482771CEDAC8A54377.d.8201C091F0CE7253EF2914AC21BD4E62.e.5601/elements - {"using":"css selector","value":"td"}
RESULT: {"using":"css selector","value":"td"}
COMMAND: POST /session/6773c96d6a7511f796a85c459a165c74/element/f.29D878CEA50B72482771CEDAC8A54377.d.8201C091F0CE7253EF2914AC21BD4E62.e.5602/elements - {"using":"css selector","value":"td"}
RESULT: {"using":"css selector","value":"td"}
COMMAND: POST /session/6773c96d6a7511f796a85c459a165c74/element/f.29D878CEA50B72482771CEDAC8A54377.d.8201C091F0CE7253EF2914AC21BD4E62.e.5603/elements - {"using":"css selector","value":"td"}
RESULT: {"using":"css selector","value":"td"}
COMMAND: POST /session/6773c96d6a7511f796a85c459a165c74/element/f.29D878CEA50B72482771CEDAC8A54377.d.8201C091F0CE7253EF2914AC21BD4E62.e.5604/elements - {"using":"css selector","value":"td"}
RESULT: {"using":"css selector","value":"td"}
COMMAND: POST /session/6773c96d6a7511f796a85c459a165c74/element/f.29D878CEA50B72482771CEDAC8A54377.d.8201C091F0CE7253EF2914AC21BD4E62.e.5605/elements - {"using":"css selector","value":"td"}
RESULT: {"using":"css selector","value":"td"}
COMMAND: POST /session/6773c96d6a7511f796a85c459a165c74/element/f.29D878CEA50B72482771CEDAC8A54377.d.8201C091F0CE7253EF2914AC21BD4E62.e.5606/elements - {"using":"css selector","value":"td"}
RESULT: {"using":"css selector","value":"td"}
COMMAND: POST /session/6773c96d6a7511f796a85c459a165c74/element/f.29D878CEA50B72482771CEDAC8A54377.d.8201C091F0CE7253EF2914AC21BD4E62.e.5607/elements - {"using":"css selector","value":"td"}
RESULT: {"using":"css selector","value":"td"}
COMMAND: POST /session/6773c96d6a7511f796a85c459a165c74/element/f.29D878CEA50B72482771CEDAC8A54377.d.8201C091F0CE7253EF2914AC21BD4E62.e.5608/elements - {"using":"css selector","value":"td"}
RESULT: {"using":"css selector","value":"td"}
COMMAND: POST /session/6773c96d6a7511f796a85c459a165c74/element/f.29D878CEA50B72482771CEDAC8A54377.d.8201C091F0CE7253EF2914AC21BD4E62.e.5609/elements - {"using":"css selector","value":"td"}
RESULT: {"using":"css selector","value":"td"}
COMMAND: POST /session/6773c96d6a7511f796a85c459a165c74/element/f.29D878CEA50B72482771CEDAC8A54377.d.8201C091F0CE7253EF2914AC21BD4E62.e.5610/elements - {"using":"css selector","value":"td"}
RESULT: {"using":"css selector","value":"td"}
COMMAND: POST /session/6773c96d6a7511f796a85c459a165c74/element/f.29D878CEA50B72482771CEDAC8A54377.d.8201C091F0CE7253EF2914AC21BD4E62.e.5611/elements - {"using":"css selector","value":"td"}
RESULT: {"using":"css selector","value":"td"}
COMMAND: POST /session/6773c96d6a7511f796a85c459a165c74/element/f.29D878CEA50B72482771CEDAC8A54377.d.8201C091F0CE7253EF2914AC21BD4E62.e.5612/elements - {"using":"css selector","value":"td"}
RESULT: {"using":"css selector","value":"td"}
COMMAND: POST /session/6773c96d6a7511f796a85c459a165c74/element/f.29D878CEA50B72482771CEDAC8A54377.d.8201C091F0CE7253EF2914AC21BD4E62.e.5613/elements - {"using":"css selector","value":"td"}
RESULT: {"using":"css selector","value":"td"}
COMMAND: POST /session/6773c96d6a7511f796a85c459a165c74/element/f.29D878CEA50B72482771CEDAC8A54377.d.8201C091F0CE7253EF2914AC21BD4E62.e.5614/elements - {"using":"css selector","value":"td"}
RESULT: {"using":"css selector","value":"td"}
COMMAND: POST /session/6773c96d6a7511f796a85c459a165c74/element/f.29D878CEA50B72482771CEDAC8A54377.d.8201C091F0CE7253EF2914AC21BD4E62.e.5615/elements - {"using":"css selector","value":"td"}
RESULT: {"using":"css selector","value":"td"}
COMMAND: POST /session/6773c96d6a7511f796a85c459a165c74/element/f.29D878CEA50B72482771CEDAC8A54377.d.8201C091F0CE7253EF2914AC21BD4E62.e.5616/elements - {"using":"css selector","value":"td"}
RESULT: {"using":"css selector","value":"td"}
COMMAND: POST /session/6773c96d6a7511f796a85c459a165c74/element/f.29D878CEA50B72482771CEDAC8A54377.d.8201C091F0CE7253EF2914AC21BD4E62.e.5617/elements - {"using":"css selector","value":"td"}
RESULT: {"using":"css selector","value":"td"}
COMMAND: POST /session/6773c96d6a7511f796a85c459a165c74/element/f.29D878CEA50B72482771CEDAC8A54377.d.8201C091F0CE7253EF2914AC21BD4E62.e.5618/elements - {"using":"css selector","value":"td"}
RESULT: {"using":"css selector","value":"td"}
COMMAND: POST /session/6773c96d6a7511f796a85c459a165c74/element/f.29D878CEA50B72482771CEDAC8A54377.d.8201C091F0CE7253EF2914AC21BD4E62.e.5619/elements - {"using":"css selector","value":"td"}
RESULT: {"using":"css selector","value":"td"}
COMMAND: POST /session/6773c96d6a7511f796a85c459a165c74/element/f.29D878CEA50B72482771CEDAC8A54377.d.8201C091F0CE7253EF2914AC21BD4E62.e.5620/elements - {"using":"css selector","value":"td"}
RESULT: {"using":"css selector","value":"td"}
COMMAND: POST /session/6773c96d6a7511f796a85c459a165c74/element/f.29D878CEA50B72482771CEDAC8A54377.d.8201C091F0CE7253EF2914AC21BD4E62.e.5621/elements - {"using":"css selector","value":"td"}
RESULT: {"using":"css selector","value":"td"}
COMMAND: POST /session/6773c96d6a7511f796a85c459a165c74/element/f.29D878CEA50B72482771CEDAC8A54377.d.8201C091F0CE7253EF2914AC21BD4E62.e.5622/elements - {"using":"css selector","value":"td"}
RESULT: {"using":"css selector","value":"td"}
COMMAND: POST /session/6773c96d6a7511f796a85c459a165c74/element/f.29D878CEA50B72482771CEDAC8A54377.d.8201C091F0CE7253EF2914AC21BD4E62.e.5623/elements - {"using":"css selector","value":"td"}
RESULT: {"using":"css selector","value":"td"}
COMMAND: POST /session/6773c96d6a7511f796a85c459a165c74/element/f.29D878CEA50B72482771CEDAC8A54377.d.8201C091F0CE7253EF2914AC21BD4E62.e.5624/elements - {"using":"css selector","value":"td"}
RESULT: {"using":"css selector","value":"td"}
COMMAND: POST /session/6773c96d6a7511f796a85c459a165c74/element/f.29D878CEA50B72482771CEDAC8A54377.d.8201C091F0CE7253EF2914AC21BD4E62.e.5625/elements - {"using":"css selector","value":"td"}
RESULT: {"using":"css selector","value":"td"}
COMMAND: POST /session/6773c96d6a7511f796a85c459a165c74/element/f.29D878CEA50B72482771CEDAC8A54377.d.8201C091F0CE7253EF2914AC21BD4E62.e.5626/elements - {"using":"css selector","value":"td"}
RESULT: {"using":"css selector","value":"td"}
COMMAND: POST /session/6773c96d6a7511f796a85c459a165c74/element/f.29D878CEA50B72482771CEDAC8A54377.d.8201C091F0CE7253EF2914AC21BD4E62.e.5627/elements - {"using":"css selector","value":"td"}
RESULT: {"using":"css selector","value":"td"}
COMMAND: POST /session/6773c96d6a7511f796a85c459a165c74/element/f.29D878CEA50B72482771CEDAC8A54377.d.8201C091F0CE7253EF2914AC21BD4E62.e.5628/elements - {"using":"css selector","value":"td"}
RESULT: {"using":"css selector","value":"td"}
COMMAND: POST /session/6773c96d6a7511f796a85c459a165c74/element/f.29D878CEA50B72482771CEDAC8A54377.d.8201C091F0CE7253EF2914AC21BD4E62.e.5629/elements - {"using":"css selector","value":"td"}
RESULT: {"using":"css selector","value":"td"}
COMMAND: POST /session/6773c96d6a7511f796a85c459a165c74/element/f.29D878CEA50B72482771CEDAC8A54377.d.8201C091F0CE7253EF2914AC21BD4E62.e.5630/elements - {"using":"css selector","value":"td"}
RESULT: {"using":"css selector","value":"td"}
COMMAND: POST /session/6773c96d6a7511f796a85c459a165c74/element/f.29D878CEA50B72482771CEDAC8A54377.d.8201C091F0CE7253EF2914AC21BD4E62.e.5631/elements - {"using":"css selector","value":"td"}
RESULT: {"using":"css selector","value":"td"}
COMMAND: POST /session/6773c96d6a7511f796a85c459a165c74/element/f.29D878CEA50B72482771CEDAC8A54377.d.8201C091F0CE7253EF2914AC21BD4E62.e.5632/elements - {"using":"css selector","value":"td"}
RESULT: {"using":"css selector","value":"td"}
COMMAND: POST /session/6773c96d6a7511f796a85c459a165c74/element/f.29D878CEA50B72482771CEDAC8A54377.d.8201C091F0CE7253EF2914AC21BD4E62.e.5633/elements - {"using":"css selector","value":"td"}
RESULT: {"using":"css selector","value":"td"}
COMMAND: POST /session/6773c96d6a7511f796a85c459a165c74/element/f.29D878CEA50B72482771CEDAC8A54377.d.8201C091F0CE7253EF2914AC21BD4E62.e.5634/elements - {"using":"css selector","value":"td"}
RESULT: {"using":"css selector","value":"td"}
COMMAND: POST /session/6773c96d6a7511f796a85c459a165c74/element/f.29D878CEA50B72482771CEDAC8A54377.d.8201C091F0CE7253EF2914AC21BD4E62.e.5635/elements - {"using":"css selector","value":"td"}
RESULT: {"using":"css selector","value":"td"}
COMMAND: POST /session/6773c96d6a7511f796a85c459a165c74/element/f.29D878CEA50B72482771CEDAC8A54377.d.8201C091F0CE7253EF2914AC21BD4E62.e.5636/elements - {"using":"css selector","value":"td"}
RESULT: {"using":"css selector","value":"td"}
COMMAND: POST /session/6773c96d6a7511f796a85c459a165c74/element/f.29D878CEA50B72482771CEDAC8A54377.d.8201C091F0CE7253EF2914AC21BD4E62.e.5637/elements - {"using":"css selector","value":"td"}
RESULT: {"using":"css selector","value":"td"}
COMMAND: POST /session/6773c96d6a7511f796a85c459a165c74/element/f.29D878CEA50B72482771CEDAC8A54377.d.8201C091F0CE7253EF2914AC21BD4E62.e.5638/elements - {"using":"css selector","value":"td"}
RESULT: {"using":"css selector","value":"td"}
COMMAND: POST /session/6773c96d6a7511f796a85c459a165c74/element/f.29D878CEA50B72482771CEDAC8A54377.d.8201C091F0CE7253EF2914AC21BD4E62.e.5639/elements - {"using":"css selector","value":"td"}
RESULT: {"using":"css selector","value":"td"}
COMMAND: POST /session/6773c96d6a7511f796a85c459a165c74/element/f.29D878CEA50B72482771CEDAC8A54377.d.8201C091F0CE7253EF2914AC21BD4E62.e.5640/elements - {"using":"css selector","value":"td"}
RESULT: {"using":"css selector","value":"td"}
COMMAND: POST /session/6773c96d6a7511f796a85c459a165c74/element/f.29D878CEA50B72482771CEDAC8A54377.d.8201C091F0CE7253EF2914AC21BD4E62.e.5641/elements - {"using":"css selector","value":"td"}
RESULT: {"using":"css selector","value":"td"}
COMMAND: POST /session/6773c96d6a7511f796a85c459a165c74/element/f.29D878CEA50B72482771CEDAC8A54377.d.8201C091F0CE7253EF2914AC21BD4E62.e.5642/elements - {"using":"css selector","value":"td"}
RESULT: {"using":"css selector","value":"td"}
COMMAND: POST /session/6773c96d6a7511f796a85c459a165c74/element/f.29D878CEA50B72482771CEDAC8A54377.d.8201C091F0CE7253EF2914AC21BD4E62.e.5643/elements - {"using":"css selector","value":"td"}
RESULT: {"using":"css selector","value":"td"}
COMMAND: POST /session/6773c96d6a7511f796a85c459a165c74/element/f.29D878CEA50B72482771CEDAC8A54377.d.8201C091F0CE7253EF2914AC21BD4E62.e.5644/elements - {"using":"css selector","value":"td"}
RESULT: {"using":"css selector","value":"td"}
COMMAND: POST /session/6773c96d6a7511f796a85c459a165c74/element/f.29D878CEA50B72482771CEDAC8A54377.d.8201C091F0CE7253EF2914AC21BD4E62.e.5645/elements - {"using":"css selector","value":"td"}
RESULT: {"using":"css selector","value":"td"}
COMMAND: POST /session/6773c96d6a7511f796a85c459a165c74/element/f.29D878CEA50B72482771CEDAC8A54377.d.8201C091F0CE7253EF2914AC21BD4E62.e.5646/elements - {"using":"css selector","value":"td"}
RESULT: {"using":"css selector","value":"td"}
COMMAND: POST /session/6773c96d6a7511f796a85c459a165c74/element/f.29D878CEA50B72482771CEDAC8A54377.d.8201C091F0CE7253EF2914AC21BD4E62.e.5647/elements - {"using":"css selector","value":"td"}
RESULT: {"using":"css selector","value":"td"}
COMMAND: POST /session/6773c96d6a7511f796a85c459a165c74/element/f.29D878CEA50B72482771CEDAC8A54377.d.8201C091F0CE7253EF2914AC21BD4E62.e.5648/elements - {"using":"css selector","value":"td"}
RESULT: {"using":"css selector","value":"td"}
COMMAND: POST /session/6773c96d6a7511f796a85c459a165c74/element/f.29D878CEA50B72482771CEDAC8A54377.d.8201C091F0CE7253EF2914AC21BD4E62.e.5649/elements - {"using":"css selector","value":"td"}
RESULT: {"using":"css selector","value":"td"}
COMMAND: POST /session/6773c96d6a7511f796a85c459a165c74/element/f.29D878CEA50B72482771CEDAC8A54377.d.8201C091F0CE7253EF2914AC21BD4E62.e.5650/elements - {"using":"css selector","value":"td"}
RESULT: {"using":"css selector","value":"td"}
COMMAND: POST /session/6773c96d6a7511f796a85c459a165c74/element/f.29D878CEA50B72482771CEDAC8A54377.d.8201C091F0CE7253EF2914AC21BD4E62.e.5651/elements - {"using":"css selector","value":"td"}
RESULT: {"using":"css selector","value":"td"}
COMMAND: POST /session/6773c96d6a7511f796a85c459a165c74/element/f.29D878CEA50B72482771CEDAC8A54377.d.8201C091F0CE7253EF2914AC21BD4E62.e.5652/elements - {"using":"css selector","value":"td"}
RESULT: {"using":"css selector","value":"td"}
COMMAND: POST /session/6773c96d6a7511f796a85c459a165c74/element/f.29D878CEA50B72482771CEDAC8A54377.d.8201C091F0CE7253EF2914AC21BD4E62.e.5653/elements - {"using":"css selector","value":"td"}
RESULT: {"using":"css selector","value":"td"}
COMMAND: POST /session/6773c96d6a7511f796a85c459a165c74/element/f.29D878CEA50B72482771CEDAC8A54377.d.8201C091F0CE7253EF2914AC21BD4E62.e.5654/elements - {"using":"css selector","value":"td"}
RESULT: {"using":"css selector","value":"td"}
COMMAND: POST /session/6773c96d6a7511f796a85c459a165c74/element/f.29D878CEA50B72482771CEDAC8A54377.d.8201C091F0CE7253EF2914AC21BD4E62.e.5655/elements - {"using":"css selector","value":"td"}
RESULT: {"using":"css selector","value":"td"}
COMMAND: POST /session/6773c96d6a7511f796a85c459a165c74/element/f.29D878CEA50B72482771CEDAC8A54377.d.8201C091F0CE7253EF2914AC21BD4E62.e.5656/elements - {"using":"css selector","value":"td"}
RESULT: {"using":"css selector","value":"td"}
COMMAND: POST /session/6773c96d6a7511f796a85c459a165c74/element/f.29D878CEA50B72482771CEDAC8A54377.d.8201C091F0CE7253EF2914AC21BD4E62.e.5657/elements - {"using":"css selector","value":"td"}
RESULT: {"using":"css selector","value":"td"}
COMMAND: POST /session/6773c96d6a7511f796a85c459a165c74/element/f.29D878CEA50B72482771CEDAC8A54377.d.8201C091F0CE7253EF2914AC21BD4E62.e.5658/elements - {"using":"css selector","value":"td"}
RESULT: {"using":"css selector","value":"td"}
COMMAND: POST /session/6773c96d6a7511f796a85c459a165c74/element/f.29D878CEA50B72482771CEDAC8A54377.d.8201C091F0CE7253EF2914AC21BD4E62.e.5659/elements - {"using":"css selector","value":"td"}
RESULT: {"using":"css selector","value":"td"}
COMMAND: POST /session/6773c96d6a7511f796a85c459a165c74/element/f.29D878CEA50B72482771CEDAC8A54377.d.8201C091F0CE7253EF2914AC21BD4E62.e.5660/elements - {"using":"css selector","value":"td"}
RESULT: {"using":"css selector","value":"td"}
COMMAND: POST /session/6773c96d6a7511f796a85c459a165c74/element/f.29D878CEA50B72482771CEDAC8A54377.d.8201C091F0CE7253EF2914AC21BD4E62.e.5661/elements - {"using":"css selector","value":"td"}
RESULT: {"using":"css selector","value":"td"}
COMMAND: POST /session/6773c96d6a7511f796a85c459a165c74/element/f.29D878CEA50B72482771CEDAC8A54377.d.8201C091F0CE7253EF2914AC21BD4E62.e.5662/elements - {"using":"css selector","value":"td"}
RESULT: {"using":"css selector","value":"td"}
COMMAND: POST /session/6773c96d6a7511f796a85c459a165c74/element/f.29D878CEA50B72482771CEDAC8A54377.d.8201C091F0CE7253EF2914AC21BD4E62.e.5684/element - {"using":"css selector","value":"input"}
RESULT: {"using":"css selector","value":"input"}
COMMAND: GET /session/6773c96d6a7511f796a85c459a165c74/element/f.29D878CEA50B72482771CEDAC8A54377.d.8201C091F0CE7253EF2914AC21BD4E62.e.5667/property/value - {}
RESULT: {}
COMMAND: POST /session/6773c96d6a7511f796a85c459a165c74/element/f.29D878CEA50B72482771CEDAC8A54377.d.8201C091F0CE7253EF2914AC21BD4E62.e.5662/element - {"using":"css selector","value":".sapMCbBg"}
COMMAND: GET /session/6773c96d6a7511f796a85c459a165c74/screenshot - {}
RESULT: {"using":"css selector","value":".sapMCbBg"}
COMMAND: GET /session/6773c96d6a7511f796a85c459a165c74/element/f.29D878CEA50B72482771CEDAC8A54377.d.8201C091F0CE7253EF2914AC21BD4E62.e.6556/selected - {}
RESULT: {}
RESULT: {}
COMMAND: POST /session/6773c96d6a7511f796a85c459a165c74/element/f.29D878CEA50B72482771CEDAC8A54377.d.8201C091F0CE7253EF2914AC21BD4E62.e.6556/click - {}
COMMAND: GET /session/6773c96d6a7511f796a85c459a165c74/screenshot - {}
RESULT: {}
COMMAND: POST /session/6773c96d6a7511f796a85c459a165c74/element/f.29D878CEA50B72482771CEDAC8A54377.d.8201C091F0CE7253EF2914AC21BD4E62.e.5692/elements - {"using":"css selector","value":"td"}
COMMAND: GET /session/6773c96d6a7511f796a85c459a165c74/screenshot - {}
RESULT: {}
RESULT: {"using":"css selector","value":"td"}
COMMAND: POST /session/6773c96d6a7511f796a85c459a165c74/element/f.29D878CEA50B72482771CEDAC8A54377.d.8201C091F0CE7253EF2914AC21BD4E62.e.5714/element - {"using":"css selector","value":"input"}
RESULT: {}
RESULT: {"using":"css selector","value":"input"}
COMMAND: GET /session/6773c96d6a7511f796a85c459a165c74/element/f.29D878CEA50B72482771CEDAC8A54377.d.8201C091F0CE7253EF2914AC21BD4E62.e.5697/property/value - {}
RESULT: {}
COMMAND: POST /session/6773c96d6a7511f796a85c459a165c74/element/f.29D878CEA50B72482771CEDAC8A54377.d.8201C091F0CE7253EF2914AC21BD4E62.e.5692/element - {"using":"css selector","value":".sapMCbBg"}
COMMAND: GET /session/6773c96d6a7511f796a85c459a165c74/screenshot - {}
RESULT: {}
RESULT: {"using":"css selector","value":".sapMCbBg"}
COMMAND: GET /session/6773c96d6a7511f796a85c459a165c74/element/f.29D878CEA50B72482771CEDAC8A54377.d.8201C091F0CE7253EF2914AC21BD4E62.e.6560/selected - {}
RESULT: {}
COMMAND: POST /session/6773c96d6a7511f796a85c459a165c74/element/f.29D878CEA50B72482771CEDAC8A54377.d.8201C091F0CE7253EF2914AC21BD4E62.e.6560/click - {}
COMMAND: GET /session/6773c96d6a7511f796a85c459a165c74/screenshot - {}
RESULT: {}
COMMAND: GET /session/6773c96d6a7511f796a85c459a165c74/screenshot - {}
RESULT: {}
RESULT: {}
COMMAND: POST /session/6773c96d6a7511f796a85c459a165c74/execute/async - {"script":"<script> [1562 bytes]","args":[{"selector":{"id":"application-manageconditionprice-display-component---dailyPrices--deleteBtn","interaction":{"idSuffix":"content"}},"wdio_ui5_key":"applicationmanageconditionprice-display-component---dailyPrices--deleteBtn"}]}
RESULT: {"script":"<script> [1562 bytes]","args":[{"selector":{"id":"application-manageconditionprice-display-component---dailyPrices--deleteBtn","interaction":{"idSuffix":"content"}},"wdio_ui5_key":"applicationmanageconditionprice-display-component---dailyPrices--deleteBtn"}]}
RESULT: undefined
COMMAND: POST /session/6773c96d6a7511f796a85c459a165c74/element - {"using":"xpath","value":"//*[@id=\"application-manageconditionprice-display-component---dailyPrices--deleteBtn\"]"}
RESULT: {"using":"xpath","value":"//*[@id=\"application-manageconditionprice-display-component---dailyPrices--deleteBtn\"]"}
COMMAND: POST /session/6773c96d6a7511f796a85c459a165c74/element/f.29D878CEA50B72482771CEDAC8A54377.d.8201C091F0CE7253EF2914AC21BD4E62.e.6562/click - {}
RESULT: {}
COMMAND: POST /session/6773c96d6a7511f796a85c459a165c74/execute/async - {"script":"<script> [1562 bytes]","args":[{"selector":{"controlType":"sap.m.Button","properties":{"text":"OK"},"searchOpenDialogs":true,"interaction":{"idSuffix":"BDI-content"}},"wdio_ui5_key":"sapm.Button{\"text\":\"OK\"}"}]}
COMMAND: GET /session/6773c96d6a7511f796a85c459a165c74/screenshot - {}
RESULT: {"script":"<script> [1562 bytes]","args":[{"selector":{"controlType":"sap.m.Button","properties":{"text":"OK"},"searchOpenDialogs":true,"interaction":{"idSuffix":"BDI-content"}},"wdio_ui5_key":"sapm.Button{\"text\":\"OK\"}"}]}
RESULT: undefined
COMMAND: POST /session/6773c96d6a7511f796a85c459a165c74/element - {"using":"xpath","value":"//*[@id=\"__mbox-btn-0\"]"}
RESULT: {}
RESULT: {"using":"xpath","value":"//*[@id=\"__mbox-btn-0\"]"}
COMMAND: POST /session/6773c96d6a7511f796a85c459a165c74/element/f.29D878CEA50B72482771CEDAC8A54377.d.8201C091F0CE7253EF2914AC21BD4E62.e.6563/click - {}
RESULT: {}
COMMAND: GET /session/6773c96d6a7511f796a85c459a165c74/screenshot - {}
RESULT: {}
RESULT: undefined
COMMAND: POST /session/6773c96d6a7511f796a85c459a165c74/element - {"using":"xpath","value":"//*[@id=\"__button8\"]"}
RESULT: {"using":"xpath","value":"//*[@id=\"__button8\"]"}
COMMAND: POST /session/6773c96d6a7511f796a85c459a165c74/element/f.29D878CEA50B72482771CEDAC8A54377.d.8201C091F0CE7253EF2914AC21BD4E62.e.5751/click - {}
RESULT: {}
COMMAND: GET /session/6773c96d6a7511f796a85c459a165c74/screenshot - {}
RESULT: {}
COMMAND: POST /session/6773c96d6a7511f796a85c459a165c74/elements - {"using":"css selector","value":"table tr"}
RESULT: {"using":"css selector","value":"table tr"}
COMMAND: POST /session/6773c96d6a7511f796a85c459a165c74/element/f.29D878CEA50B72482771CEDAC8A54377.d.8201C091F0CE7253EF2914AC21BD4E62.e.5466/elements - {"using":"css selector","value":"td"}
RESULT: {"using":"css selector","value":"td"}
COMMAND: POST /session/6773c96d6a7511f796a85c459a165c74/element/f.29D878CEA50B72482771CEDAC8A54377.d.8201C091F0CE7253EF2914AC21BD4E62.e.5467/elements - {"using":"css selector","value":"td"}
RESULT: {"using":"css selector","value":"td"}
COMMAND: POST /session/6773c96d6a7511f796a85c459a165c74/element/f.29D878CEA50B72482771CEDAC8A54377.d.8201C091F0CE7253EF2914AC21BD4E62.e.5468/elements - {"using":"css selector","value":"td"}
RESULT: {"using":"css selector","value":"td"}
COMMAND: POST /session/6773c96d6a7511f796a85c459a165c74/element/f.29D878CEA50B72482771CEDAC8A54377.d.8201C091F0CE7253EF2914AC21BD4E62.e.5378/elements - {"using":"css selector","value":"td"}
RESULT: {"using":"css selector","value":"td"}
COMMAND: POST /session/6773c96d6a7511f796a85c459a165c74/element/f.29D878CEA50B72482771CEDAC8A54377.d.8201C091F0CE7253EF2914AC21BD4E62.e.5379/elements - {"using":"css selector","value":"td"}
RESULT: {"using":"css selector","value":"td"}
COMMAND: POST /session/6773c96d6a7511f796a85c459a165c74/element/f.29D878CEA50B72482771CEDAC8A54377.d.8201C091F0CE7253EF2914AC21BD4E62.e.5387/elements - {"using":"css selector","value":"td"}
RESULT: {"using":"css selector","value":"td"}
COMMAND: POST /session/6773c96d6a7511f796a85c459a165c74/element/f.29D878CEA50B72482771CEDAC8A54377.d.8201C091F0CE7253EF2914AC21BD4E62.e.5388/elements - {"using":"css selector","value":"td"}
RESULT: {"using":"css selector","value":"td"}
COMMAND: POST /session/6773c96d6a7511f796a85c459a165c74/element/f.29D878CEA50B72482771CEDAC8A54377.d.8201C091F0CE7253EF2914AC21BD4E62.e.5396/elements - {"using":"css selector","value":"td"}
RESULT: {"using":"css selector","value":"td"}
COMMAND: POST /session/6773c96d6a7511f796a85c459a165c74/element/f.29D878CEA50B72482771CEDAC8A54377.d.8201C091F0CE7253EF2914AC21BD4E62.e.5397/elements - {"using":"css selector","value":"td"}
RESULT: {"using":"css selector","value":"td"}
COMMAND: POST /session/6773c96d6a7511f796a85c459a165c74/element/f.29D878CEA50B72482771CEDAC8A54377.d.8201C091F0CE7253EF2914AC21BD4E62.e.5401/elements - {"using":"css selector","value":"td"}
RESULT: {"using":"css selector","value":"td"}
COMMAND: POST /session/6773c96d6a7511f796a85c459a165c74/element/f.29D878CEA50B72482771CEDAC8A54377.d.8201C091F0CE7253EF2914AC21BD4E62.e.5469/elements - {"using":"css selector","value":"td"}
RESULT: {"using":"css selector","value":"td"}
COMMAND: POST /session/6773c96d6a7511f796a85c459a165c74/element/f.29D878CEA50B72482771CEDAC8A54377.d.8201C091F0CE7253EF2914AC21BD4E62.e.5470/elements - {"using":"css selector","value":"td"}
RESULT: {"using":"css selector","value":"td"}
COMMAND: POST /session/6773c96d6a7511f796a85c459a165c74/element/f.29D878CEA50B72482771CEDAC8A54377.d.8201C091F0CE7253EF2914AC21BD4E62.e.5471/elements - {"using":"css selector","value":"td"}
RESULT: {"using":"css selector","value":"td"}
COMMAND: POST /session/6773c96d6a7511f796a85c459a165c74/element/f.29D878CEA50B72482771CEDAC8A54377.d.8201C091F0CE7253EF2914AC21BD4E62.e.5472/elements - {"using":"css selector","value":"td"}
RESULT: {"using":"css selector","value":"td"}
COMMAND: POST /session/6773c96d6a7511f796a85c459a165c74/element/f.29D878CEA50B72482771CEDAC8A54377.d.8201C091F0CE7253EF2914AC21BD4E62.e.5473/elements - {"using":"css selector","value":"td"}
RESULT: {"using":"css selector","value":"td"}
COMMAND: POST /session/6773c96d6a7511f796a85c459a165c74/element/f.29D878CEA50B72482771CEDAC8A54377.d.8201C091F0CE7253EF2914AC21BD4E62.e.5474/elements - {"using":"css selector","value":"td"}
RESULT: {"using":"css selector","value":"td"}
COMMAND: POST /session/6773c96d6a7511f796a85c459a165c74/element/f.29D878CEA50B72482771CEDAC8A54377.d.8201C091F0CE7253EF2914AC21BD4E62.e.5475/elements - {"using":"css selector","value":"td"}
RESULT: {"using":"css selector","value":"td"}
COMMAND: POST /session/6773c96d6a7511f796a85c459a165c74/element/f.29D878CEA50B72482771CEDAC8A54377.d.8201C091F0CE7253EF2914AC21BD4E62.e.5476/elements - {"using":"css selector","value":"td"}
RESULT: {"using":"css selector","value":"td"}
COMMAND: POST /session/6773c96d6a7511f796a85c459a165c74/element/f.29D878CEA50B72482771CEDAC8A54377.d.8201C091F0CE7253EF2914AC21BD4E62.e.5477/elements - {"using":"css selector","value":"td"}
RESULT: {"using":"css selector","value":"td"}
COMMAND: POST /session/6773c96d6a7511f796a85c459a165c74/element/f.29D878CEA50B72482771CEDAC8A54377.d.8201C091F0CE7253EF2914AC21BD4E62.e.5478/elements - {"using":"css selector","value":"td"}
RESULT: {"using":"css selector","value":"td"}
COMMAND: POST /session/6773c96d6a7511f796a85c459a165c74/element/f.29D878CEA50B72482771CEDAC8A54377.d.8201C091F0CE7253EF2914AC21BD4E62.e.5479/elements - {"using":"css selector","value":"td"}
RESULT: {"using":"css selector","value":"td"}
COMMAND: POST /session/6773c96d6a7511f796a85c459a165c74/element/f.29D878CEA50B72482771CEDAC8A54377.d.8201C091F0CE7253EF2914AC21BD4E62.e.5480/elements - {"using":"css selector","value":"td"}
RESULT: {"using":"css selector","value":"td"}
COMMAND: POST /session/6773c96d6a7511f796a85c459a165c74/element/f.29D878CEA50B72482771CEDAC8A54377.d.8201C091F0CE7253EF2914AC21BD4E62.e.5481/elements - {"using":"css selector","value":"td"}
RESULT: {"using":"css selector","value":"td"}
COMMAND: POST /session/6773c96d6a7511f796a85c459a165c74/element/f.29D878CEA50B72482771CEDAC8A54377.d.8201C091F0CE7253EF2914AC21BD4E62.e.5482/elements - {"using":"css selector","value":"td"}
RESULT: {"using":"css selector","value":"td"}
COMMAND: POST /session/6773c96d6a7511f796a85c459a165c74/element/f.29D878CEA50B72482771CEDAC8A54377.d.8201C091F0CE7253EF2914AC21BD4E62.e.5483/elements - {"using":"css selector","value":"td"}
RESULT: {"using":"css selector","value":"td"}
COMMAND: POST /session/6773c96d6a7511f796a85c459a165c74/element/f.29D878CEA50B72482771CEDAC8A54377.d.8201C091F0CE7253EF2914AC21BD4E62.e.5484/elements - {"using":"css selector","value":"td"}
RESULT: {"using":"css selector","value":"td"}
COMMAND: POST /session/6773c96d6a7511f796a85c459a165c74/element/f.29D878CEA50B72482771CEDAC8A54377.d.8201C091F0CE7253EF2914AC21BD4E62.e.5485/elements - {"using":"css selector","value":"td"}
RESULT: {"using":"css selector","value":"td"}
COMMAND: POST /session/6773c96d6a7511f796a85c459a165c74/element/f.29D878CEA50B72482771CEDAC8A54377.d.8201C091F0CE7253EF2914AC21BD4E62.e.5486/elements - {"using":"css selector","value":"td"}
RESULT: {"using":"css selector","value":"td"}
COMMAND: POST /session/6773c96d6a7511f796a85c459a165c74/element/f.29D878CEA50B72482771CEDAC8A54377.d.8201C091F0CE7253EF2914AC21BD4E62.e.5487/elements - {"using":"css selector","value":"td"}
RESULT: {"using":"css selector","value":"td"}
COMMAND: POST /session/6773c96d6a7511f796a85c459a165c74/element/f.29D878CEA50B72482771CEDAC8A54377.d.8201C091F0CE7253EF2914AC21BD4E62.e.5488/elements - {"using":"css selector","value":"td"}
RESULT: {"using":"css selector","value":"td"}
COMMAND: POST /session/6773c96d6a7511f796a85c459a165c74/element/f.29D878CEA50B72482771CEDAC8A54377.d.8201C091F0CE7253EF2914AC21BD4E62.e.5489/elements - {"using":"css selector","value":"td"}
RESULT: {"using":"css selector","value":"td"}
COMMAND: POST /session/6773c96d6a7511f796a85c459a165c74/element/f.29D878CEA50B72482771CEDAC8A54377.d.8201C091F0CE7253EF2914AC21BD4E62.e.5490/elements - {"using":"css selector","value":"td"}
RESULT: {"using":"css selector","value":"td"}
COMMAND: POST /session/6773c96d6a7511f796a85c459a165c74/element/f.29D878CEA50B72482771CEDAC8A54377.d.8201C091F0CE7253EF2914AC21BD4E62.e.5491/elements - {"using":"css selector","value":"td"}
RESULT: {"using":"css selector","value":"td"}
COMMAND: POST /session/6773c96d6a7511f796a85c459a165c74/element/f.29D878CEA50B72482771CEDAC8A54377.d.8201C091F0CE7253EF2914AC21BD4E62.e.5492/elements - {"using":"css selector","value":"td"}
RESULT: {"using":"css selector","value":"td"}
COMMAND: POST /session/6773c96d6a7511f796a85c459a165c74/element/f.29D878CEA50B72482771CEDAC8A54377.d.8201C091F0CE7253EF2914AC21BD4E62.e.5493/elements - {"using":"css selector","value":"td"}
RESULT: {"using":"css selector","value":"td"}
COMMAND: POST /session/6773c96d6a7511f796a85c459a165c74/element/f.29D878CEA50B72482771CEDAC8A54377.d.8201C091F0CE7253EF2914AC21BD4E62.e.5494/elements - {"using":"css selector","value":"td"}
RESULT: {"using":"css selector","value":"td"}
COMMAND: POST /session/6773c96d6a7511f796a85c459a165c74/element/f.29D878CEA50B72482771CEDAC8A54377.d.8201C091F0CE7253EF2914AC21BD4E62.e.5495/elements - {"using":"css selector","value":"td"}
RESULT: {"using":"css selector","value":"td"}
COMMAND: POST /session/6773c96d6a7511f796a85c459a165c74/element/f.29D878CEA50B72482771CEDAC8A54377.d.8201C091F0CE7253EF2914AC21BD4E62.e.5496/elements - {"using":"css selector","value":"td"}
RESULT: {"using":"css selector","value":"td"}
COMMAND: POST /session/6773c96d6a7511f796a85c459a165c74/element/f.29D878CEA50B72482771CEDAC8A54377.d.8201C091F0CE7253EF2914AC21BD4E62.e.5497/elements - {"using":"css selector","value":"td"}
RESULT: {"using":"css selector","value":"td"}
COMMAND: POST /session/6773c96d6a7511f796a85c459a165c74/element/f.29D878CEA50B72482771CEDAC8A54377.d.8201C091F0CE7253EF2914AC21BD4E62.e.5498/elements - {"using":"css selector","value":"td"}
RESULT: {"using":"css selector","value":"td"}
COMMAND: POST /session/6773c96d6a7511f796a85c459a165c74/element/f.29D878CEA50B72482771CEDAC8A54377.d.8201C091F0CE7253EF2914AC21BD4E62.e.5499/elements - {"using":"css selector","value":"td"}
RESULT: {"using":"css selector","value":"td"}
COMMAND: POST /session/6773c96d6a7511f796a85c459a165c74/element/f.29D878CEA50B72482771CEDAC8A54377.d.8201C091F0CE7253EF2914AC21BD4E62.e.5500/elements - {"using":"css selector","value":"td"}
RESULT: {"using":"css selector","value":"td"}
COMMAND: POST /session/6773c96d6a7511f796a85c459a165c74/element/f.29D878CEA50B72482771CEDAC8A54377.d.8201C091F0CE7253EF2914AC21BD4E62.e.5501/elements - {"using":"css selector","value":"td"}
RESULT: {"using":"css selector","value":"td"}
COMMAND: POST /session/6773c96d6a7511f796a85c459a165c74/element/f.29D878CEA50B72482771CEDAC8A54377.d.8201C091F0CE7253EF2914AC21BD4E62.e.5502/elements - {"using":"css selector","value":"td"}
RESULT: {"using":"css selector","value":"td"}
COMMAND: POST /session/6773c96d6a7511f796a85c459a165c74/element/f.29D878CEA50B72482771CEDAC8A54377.d.8201C091F0CE7253EF2914AC21BD4E62.e.5503/elements - {"using":"css selector","value":"td"}
RESULT: {"using":"css selector","value":"td"}
COMMAND: POST /session/6773c96d6a7511f796a85c459a165c74/element/f.29D878CEA50B72482771CEDAC8A54377.d.8201C091F0CE7253EF2914AC21BD4E62.e.5504/elements - {"using":"css selector","value":"td"}
RESULT: {"using":"css selector","value":"td"}
COMMAND: POST /session/6773c96d6a7511f796a85c459a165c74/element/f.29D878CEA50B72482771CEDAC8A54377.d.8201C091F0CE7253EF2914AC21BD4E62.e.5505/elements - {"using":"css selector","value":"td"}
RESULT: {"using":"css selector","value":"td"}
COMMAND: POST /session/6773c96d6a7511f796a85c459a165c74/element/f.29D878CEA50B72482771CEDAC8A54377.d.8201C091F0CE7253EF2914AC21BD4E62.e.5506/elements - {"using":"css selector","value":"td"}
RESULT: {"using":"css selector","value":"td"}
COMMAND: POST /session/6773c96d6a7511f796a85c459a165c74/element/f.29D878CEA50B72482771CEDAC8A54377.d.8201C091F0CE7253EF2914AC21BD4E62.e.5507/elements - {"using":"css selector","value":"td"}
RESULT: {"using":"css selector","value":"td"}
COMMAND: POST /session/6773c96d6a7511f796a85c459a165c74/element/f.29D878CEA50B72482771CEDAC8A54377.d.8201C091F0CE7253EF2914AC21BD4E62.e.5508/elements - {"using":"css selector","value":"td"}
RESULT: {"using":"css selector","value":"td"}
COMMAND: POST /session/6773c96d6a7511f796a85c459a165c74/element/f.29D878CEA50B72482771CEDAC8A54377.d.8201C091F0CE7253EF2914AC21BD4E62.e.5509/elements - {"using":"css selector","value":"td"}
RESULT: {"using":"css selector","value":"td"}
COMMAND: POST /session/6773c96d6a7511f796a85c459a165c74/element/f.29D878CEA50B72482771CEDAC8A54377.d.8201C091F0CE7253EF2914AC21BD4E62.e.5510/elements - {"using":"css selector","value":"td"}
RESULT: {"using":"css selector","value":"td"}
COMMAND: POST /session/6773c96d6a7511f796a85c459a165c74/element/f.29D878CEA50B72482771CEDAC8A54377.d.8201C091F0CE7253EF2914AC21BD4E62.e.5511/elements - {"using":"css selector","value":"td"}
RESULT: {"using":"css selector","value":"td"}
COMMAND: POST /session/6773c96d6a7511f796a85c459a165c74/element/f.29D878CEA50B72482771CEDAC8A54377.d.8201C091F0CE7253EF2914AC21BD4E62.e.5512/elements - {"using":"css selector","value":"td"}
RESULT: {"using":"css selector","value":"td"}
COMMAND: POST /session/6773c96d6a7511f796a85c459a165c74/element/f.29D878CEA50B72482771CEDAC8A54377.d.8201C091F0CE7253EF2914AC21BD4E62.e.5513/elements - {"using":"css selector","value":"td"}
RESULT: {"using":"css selector","value":"td"}
COMMAND: POST /session/6773c96d6a7511f796a85c459a165c74/element/f.29D878CEA50B72482771CEDAC8A54377.d.8201C091F0CE7253EF2914AC21BD4E62.e.5514/elements - {"using":"css selector","value":"td"}
RESULT: {"using":"css selector","value":"td"}
COMMAND: POST /session/6773c96d6a7511f796a85c459a165c74/element/f.29D878CEA50B72482771CEDAC8A54377.d.8201C091F0CE7253EF2914AC21BD4E62.e.5515/elements - {"using":"css selector","value":"td"}
RESULT: {"using":"css selector","value":"td"}
COMMAND: POST /session/6773c96d6a7511f796a85c459a165c74/element/f.29D878CEA50B72482771CEDAC8A54377.d.8201C091F0CE7253EF2914AC21BD4E62.e.5516/elements - {"using":"css selector","value":"td"}
RESULT: {"using":"css selector","value":"td"}
COMMAND: POST /session/6773c96d6a7511f796a85c459a165c74/element/f.29D878CEA50B72482771CEDAC8A54377.d.8201C091F0CE7253EF2914AC21BD4E62.e.5517/elements - {"using":"css selector","value":"td"}
RESULT: {"using":"css selector","value":"td"}
COMMAND: POST /session/6773c96d6a7511f796a85c459a165c74/element/f.29D878CEA50B72482771CEDAC8A54377.d.8201C091F0CE7253EF2914AC21BD4E62.e.5518/elements - {"using":"css selector","value":"td"}
RESULT: {"using":"css selector","value":"td"}
COMMAND: POST /session/6773c96d6a7511f796a85c459a165c74/element/f.29D878CEA50B72482771CEDAC8A54377.d.8201C091F0CE7253EF2914AC21BD4E62.e.5519/elements - {"using":"css selector","value":"td"}
RESULT: {"using":"css selector","value":"td"}
COMMAND: POST /session/6773c96d6a7511f796a85c459a165c74/element/f.29D878CEA50B72482771CEDAC8A54377.d.8201C091F0CE7253EF2914AC21BD4E62.e.5520/elements - {"using":"css selector","value":"td"}
RESULT: {"using":"css selector","value":"td"}
COMMAND: POST /session/6773c96d6a7511f796a85c459a165c74/element/f.29D878CEA50B72482771CEDAC8A54377.d.8201C091F0CE7253EF2914AC21BD4E62.e.5521/elements - {"using":"css selector","value":"td"}
RESULT: {"using":"css selector","value":"td"}
COMMAND: POST /session/6773c96d6a7511f796a85c459a165c74/element/f.29D878CEA50B72482771CEDAC8A54377.d.8201C091F0CE7253EF2914AC21BD4E62.e.5522/elements - {"using":"css selector","value":"td"}
RESULT: {"using":"css selector","value":"td"}
COMMAND: POST /session/6773c96d6a7511f796a85c459a165c74/element/f.29D878CEA50B72482771CEDAC8A54377.d.8201C091F0CE7253EF2914AC21BD4E62.e.5523/elements - {"using":"css selector","value":"td"}
RESULT: {"using":"css selector","value":"td"}
COMMAND: POST /session/6773c96d6a7511f796a85c459a165c74/element/f.29D878CEA50B72482771CEDAC8A54377.d.8201C091F0CE7253EF2914AC21BD4E62.e.5524/elements - {"using":"css selector","value":"td"}
RESULT: {"using":"css selector","value":"td"}
COMMAND: POST /session/6773c96d6a7511f796a85c459a165c74/element/f.29D878CEA50B72482771CEDAC8A54377.d.8201C091F0CE7253EF2914AC21BD4E62.e.5525/elements - {"using":"css selector","value":"td"}
RESULT: {"using":"css selector","value":"td"}
COMMAND: POST /session/6773c96d6a7511f796a85c459a165c74/element/f.29D878CEA50B72482771CEDAC8A54377.d.8201C091F0CE7253EF2914AC21BD4E62.e.5526/elements - {"using":"css selector","value":"td"}
RESULT: {"using":"css selector","value":"td"}
COMMAND: POST /session/6773c96d6a7511f796a85c459a165c74/element/f.29D878CEA50B72482771CEDAC8A54377.d.8201C091F0CE7253EF2914AC21BD4E62.e.5527/elements - {"using":"css selector","value":"td"}
RESULT: {"using":"css selector","value":"td"}
COMMAND: POST /session/6773c96d6a7511f796a85c459a165c74/element/f.29D878CEA50B72482771CEDAC8A54377.d.8201C091F0CE7253EF2914AC21BD4E62.e.5528/elements - {"using":"css selector","value":"td"}
RESULT: {"using":"css selector","value":"td"}
COMMAND: POST /session/6773c96d6a7511f796a85c459a165c74/element/f.29D878CEA50B72482771CEDAC8A54377.d.8201C091F0CE7253EF2914AC21BD4E62.e.5529/elements - {"using":"css selector","value":"td"}
RESULT: {"using":"css selector","value":"td"}
COMMAND: POST /session/6773c96d6a7511f796a85c459a165c74/element/f.29D878CEA50B72482771CEDAC8A54377.d.8201C091F0CE7253EF2914AC21BD4E62.e.5530/elements - {"using":"css selector","value":"td"}
RESULT: {"using":"css selector","value":"td"}
COMMAND: POST /session/6773c96d6a7511f796a85c459a165c74/element/f.29D878CEA50B72482771CEDAC8A54377.d.8201C091F0CE7253EF2914AC21BD4E62.e.5531/elements - {"using":"css selector","value":"td"}
RESULT: {"using":"css selector","value":"td"}
COMMAND: POST /session/6773c96d6a7511f796a85c459a165c74/element/f.29D878CEA50B72482771CEDAC8A54377.d.8201C091F0CE7253EF2914AC21BD4E62.e.5532/elements - {"using":"css selector","value":"td"}
RESULT: {"using":"css selector","value":"td"}
COMMAND: POST /session/6773c96d6a7511f796a85c459a165c74/element/f.29D878CEA50B72482771CEDAC8A54377.d.8201C091F0CE7253EF2914AC21BD4E62.e.5533/elements - {"using":"css selector","value":"td"}
RESULT: {"using":"css selector","value":"td"}
COMMAND: POST /session/6773c96d6a7511f796a85c459a165c74/element/f.29D878CEA50B72482771CEDAC8A54377.d.8201C091F0CE7253EF2914AC21BD4E62.e.5534/elements - {"using":"css selector","value":"td"}
RESULT: {"using":"css selector","value":"td"}
COMMAND: POST /session/6773c96d6a7511f796a85c459a165c74/element/f.29D878CEA50B72482771CEDAC8A54377.d.8201C091F0CE7253EF2914AC21BD4E62.e.5535/elements - {"using":"css selector","value":"td"}
RESULT: {"using":"css selector","value":"td"}
COMMAND: POST /session/6773c96d6a7511f796a85c459a165c74/element/f.29D878CEA50B72482771CEDAC8A54377.d.8201C091F0CE7253EF2914AC21BD4E62.e.5536/elements - {"using":"css selector","value":"td"}
RESULT: {"using":"css selector","value":"td"}
COMMAND: POST /session/6773c96d6a7511f796a85c459a165c74/element/f.29D878CEA50B72482771CEDAC8A54377.d.8201C091F0CE7253EF2914AC21BD4E62.e.5537/elements - {"using":"css selector","value":"td"}
RESULT: {"using":"css selector","value":"td"}
COMMAND: POST /session/6773c96d6a7511f796a85c459a165c74/element/f.29D878CEA50B72482771CEDAC8A54377.d.8201C091F0CE7253EF2914AC21BD4E62.e.5538/elements - {"using":"css selector","value":"td"}
RESULT: {"using":"css selector","value":"td"}
COMMAND: POST /session/6773c96d6a7511f796a85c459a165c74/element/f.29D878CEA50B72482771CEDAC8A54377.d.8201C091F0CE7253EF2914AC21BD4E62.e.5539/elements - {"using":"css selector","value":"td"}
RESULT: {"using":"css selector","value":"td"}
COMMAND: POST /session/6773c96d6a7511f796a85c459a165c74/element/f.29D878CEA50B72482771CEDAC8A54377.d.8201C091F0CE7253EF2914AC21BD4E62.e.5540/elements - {"using":"css selector","value":"td"}
RESULT: {"using":"css selector","value":"td"}
COMMAND: POST /session/6773c96d6a7511f796a85c459a165c74/element/f.29D878CEA50B72482771CEDAC8A54377.d.8201C091F0CE7253EF2914AC21BD4E62.e.5541/elements - {"using":"css selector","value":"td"}
RESULT: {"using":"css selector","value":"td"}
COMMAND: POST /session/6773c96d6a7511f796a85c459a165c74/element/f.29D878CEA50B72482771CEDAC8A54377.d.8201C091F0CE7253EF2914AC21BD4E62.e.5542/elements - {"using":"css selector","value":"td"}
RESULT: {"using":"css selector","value":"td"}
COMMAND: POST /session/6773c96d6a7511f796a85c459a165c74/element/f.29D878CEA50B72482771CEDAC8A54377.d.8201C091F0CE7253EF2914AC21BD4E62.e.5543/elements - {"using":"css selector","value":"td"}
RESULT: {"using":"css selector","value":"td"}
COMMAND: POST /session/6773c96d6a7511f796a85c459a165c74/element/f.29D878CEA50B72482771CEDAC8A54377.d.8201C091F0CE7253EF2914AC21BD4E62.e.5544/elements - {"using":"css selector","value":"td"}
RESULT: {"using":"css selector","value":"td"}
COMMAND: POST /session/6773c96d6a7511f796a85c459a165c74/element/f.29D878CEA50B72482771CEDAC8A54377.d.8201C091F0CE7253EF2914AC21BD4E62.e.5545/elements - {"using":"css selector","value":"td"}
RESULT: {"using":"css selector","value":"td"}
COMMAND: POST /session/6773c96d6a7511f796a85c459a165c74/element/f.29D878CEA50B72482771CEDAC8A54377.d.8201C091F0CE7253EF2914AC21BD4E62.e.5546/elements - {"using":"css selector","value":"td"}
RESULT: {"using":"css selector","value":"td"}
COMMAND: POST /session/6773c96d6a7511f796a85c459a165c74/element/f.29D878CEA50B72482771CEDAC8A54377.d.8201C091F0CE7253EF2914AC21BD4E62.e.5547/elements - {"using":"css selector","value":"td"}
RESULT: {"using":"css selector","value":"td"}
COMMAND: POST /session/6773c96d6a7511f796a85c459a165c74/element/f.29D878CEA50B72482771CEDAC8A54377.d.8201C091F0CE7253EF2914AC21BD4E62.e.5548/elements - {"using":"css selector","value":"td"}
RESULT: {"using":"css selector","value":"td"}
COMMAND: POST /session/6773c96d6a7511f796a85c459a165c74/element/f.29D878CEA50B72482771CEDAC8A54377.d.8201C091F0CE7253EF2914AC21BD4E62.e.5549/elements - {"using":"css selector","value":"td"}
RESULT: {"using":"css selector","value":"td"}
COMMAND: POST /session/6773c96d6a7511f796a85c459a165c74/element/f.29D878CEA50B72482771CEDAC8A54377.d.8201C091F0CE7253EF2914AC21BD4E62.e.5550/elements - {"using":"css selector","value":"td"}
RESULT: {"using":"css selector","value":"td"}
COMMAND: POST /session/6773c96d6a7511f796a85c459a165c74/element/f.29D878CEA50B72482771CEDAC8A54377.d.8201C091F0CE7253EF2914AC21BD4E62.e.5551/elements - {"using":"css selector","value":"td"}
RESULT: {"using":"css selector","value":"td"}
COMMAND: POST /session/6773c96d6a7511f796a85c459a165c74/element/f.29D878CEA50B72482771CEDAC8A54377.d.8201C091F0CE7253EF2914AC21BD4E62.e.5552/elements - {"using":"css selector","value":"td"}
RESULT: {"using":"css selector","value":"td"}
COMMAND: POST /session/6773c96d6a7511f796a85c459a165c74/element/f.29D878CEA50B72482771CEDAC8A54377.d.8201C091F0CE7253EF2914AC21BD4E62.e.5553/elements - {"using":"css selector","value":"td"}
RESULT: {"using":"css selector","value":"td"}
COMMAND: POST /session/6773c96d6a7511f796a85c459a165c74/element/f.29D878CEA50B72482771CEDAC8A54377.d.8201C091F0CE7253EF2914AC21BD4E62.e.5554/elements - {"using":"css selector","value":"td"}
RESULT: {"using":"css selector","value":"td"}
COMMAND: POST /session/6773c96d6a7511f796a85c459a165c74/element/f.29D878CEA50B72482771CEDAC8A54377.d.8201C091F0CE7253EF2914AC21BD4E62.e.5555/elements - {"using":"css selector","value":"td"}
RESULT: {"using":"css selector","value":"td"}
COMMAND: POST /session/6773c96d6a7511f796a85c459a165c74/element/f.29D878CEA50B72482771CEDAC8A54377.d.8201C091F0CE7253EF2914AC21BD4E62.e.5556/elements - {"using":"css selector","value":"td"}
RESULT: {"using":"css selector","value":"td"}
COMMAND: POST /session/6773c96d6a7511f796a85c459a165c74/element/f.29D878CEA50B72482771CEDAC8A54377.d.8201C091F0CE7253EF2914AC21BD4E62.e.5557/elements - {"using":"css selector","value":"td"}
RESULT: {"using":"css selector","value":"td"}
COMMAND: POST /session/6773c96d6a7511f796a85c459a165c74/element/f.29D878CEA50B72482771CEDAC8A54377.d.8201C091F0CE7253EF2914AC21BD4E62.e.5558/elements - {"using":"css selector","value":"td"}
RESULT: {"using":"css selector","value":"td"}
COMMAND: POST /session/6773c96d6a7511f796a85c459a165c74/element/f.29D878CEA50B72482771CEDAC8A54377.d.8201C091F0CE7253EF2914AC21BD4E62.e.5559/elements - {"using":"css selector","value":"td"}
RESULT: {"using":"css selector","value":"td"}
COMMAND: POST /session/6773c96d6a7511f796a85c459a165c74/element/f.29D878CEA50B72482771CEDAC8A54377.d.8201C091F0CE7253EF2914AC21BD4E62.e.5560/elements - {"using":"css selector","value":"td"}
RESULT: {"using":"css selector","value":"td"}
COMMAND: POST /session/6773c96d6a7511f796a85c459a165c74/element/f.29D878CEA50B72482771CEDAC8A54377.d.8201C091F0CE7253EF2914AC21BD4E62.e.5561/elements - {"using":"css selector","value":"td"}
RESULT: {"using":"css selector","value":"td"}
COMMAND: POST /session/6773c96d6a7511f796a85c459a165c74/element/f.29D878CEA50B72482771CEDAC8A54377.d.8201C091F0CE7253EF2914AC21BD4E62.e.5562/elements - {"using":"css selector","value":"td"}
RESULT: {"using":"css selector","value":"td"}
COMMAND: POST /session/6773c96d6a7511f796a85c459a165c74/element/f.29D878CEA50B72482771CEDAC8A54377.d.8201C091F0CE7253EF2914AC21BD4E62.e.5563/elements - {"using":"css selector","value":"td"}
RESULT: {"using":"css selector","value":"td"}
COMMAND: POST /session/6773c96d6a7511f796a85c459a165c74/element/f.29D878CEA50B72482771CEDAC8A54377.d.8201C091F0CE7253EF2914AC21BD4E62.e.5564/elements - {"using":"css selector","value":"td"}
RESULT: {"using":"css selector","value":"td"}
COMMAND: POST /session/6773c96d6a7511f796a85c459a165c74/element/f.29D878CEA50B72482771CEDAC8A54377.d.8201C091F0CE7253EF2914AC21BD4E62.e.5565/elements - {"using":"css selector","value":"td"}
RESULT: {"using":"css selector","value":"td"}
COMMAND: POST /session/6773c96d6a7511f796a85c459a165c74/element/f.29D878CEA50B72482771CEDAC8A54377.d.8201C091F0CE7253EF2914AC21BD4E62.e.5566/elements - {"using":"css selector","value":"td"}
RESULT: {"using":"css selector","value":"td"}
COMMAND: POST /session/6773c96d6a7511f796a85c459a165c74/element/f.29D878CEA50B72482771CEDAC8A54377.d.8201C091F0CE7253EF2914AC21BD4E62.e.5567/elements - {"using":"css selector","value":"td"}
RESULT: {"using":"css selector","value":"td"}
COMMAND: POST /session/6773c96d6a7511f796a85c459a165c74/element/f.29D878CEA50B72482771CEDAC8A54377.d.8201C091F0CE7253EF2914AC21BD4E62.e.5568/elements - {"using":"css selector","value":"td"}
RESULT: {"using":"css selector","value":"td"}
COMMAND: POST /session/6773c96d6a7511f796a85c459a165c74/element/f.29D878CEA50B72482771CEDAC8A54377.d.8201C091F0CE7253EF2914AC21BD4E62.e.5569/elements - {"using":"css selector","value":"td"}
RESULT: {"using":"css selector","value":"td"}
COMMAND: POST /session/6773c96d6a7511f796a85c459a165c74/element/f.29D878CEA50B72482771CEDAC8A54377.d.8201C091F0CE7253EF2914AC21BD4E62.e.5570/elements - {"using":"css selector","value":"td"}
RESULT: {"using":"css selector","value":"td"}
COMMAND: POST /session/6773c96d6a7511f796a85c459a165c74/element/f.29D878CEA50B72482771CEDAC8A54377.d.8201C091F0CE7253EF2914AC21BD4E62.e.5571/elements - {"using":"css selector","value":"td"}
RESULT: {"using":"css selector","value":"td"}
COMMAND: POST /session/6773c96d6a7511f796a85c459a165c74/element/f.29D878CEA50B72482771CEDAC8A54377.d.8201C091F0CE7253EF2914AC21BD4E62.e.5572/elements - {"using":"css selector","value":"td"}
RESULT: {"using":"css selector","value":"td"}
COMMAND: POST /session/6773c96d6a7511f796a85c459a165c74/element/f.29D878CEA50B72482771CEDAC8A54377.d.8201C091F0CE7253EF2914AC21BD4E62.e.5573/elements - {"using":"css selector","value":"td"}
RESULT: {"using":"css selector","value":"td"}
COMMAND: POST /session/6773c96d6a7511f796a85c459a165c74/element/f.29D878CEA50B72482771CEDAC8A54377.d.8201C091F0CE7253EF2914AC21BD4E62.e.5574/elements - {"using":"css selector","value":"td"}
RESULT: {"using":"css selector","value":"td"}
COMMAND: POST /session/6773c96d6a7511f796a85c459a165c74/element/f.29D878CEA50B72482771CEDAC8A54377.d.8201C091F0CE7253EF2914AC21BD4E62.e.5575/elements - {"using":"css selector","value":"td"}
RESULT: {"using":"css selector","value":"td"}
COMMAND: POST /session/6773c96d6a7511f796a85c459a165c74/element/f.29D878CEA50B72482771CEDAC8A54377.d.8201C091F0CE7253EF2914AC21BD4E62.e.5576/elements - {"using":"css selector","value":"td"}
RESULT: {"using":"css selector","value":"td"}
COMMAND: POST /session/6773c96d6a7511f796a85c459a165c74/element/f.29D878CEA50B72482771CEDAC8A54377.d.8201C091F0CE7253EF2914AC21BD4E62.e.5577/elements - {"using":"css selector","value":"td"}
RESULT: {"using":"css selector","value":"td"}
COMMAND: POST /session/6773c96d6a7511f796a85c459a165c74/element/f.29D878CEA50B72482771CEDAC8A54377.d.8201C091F0CE7253EF2914AC21BD4E62.e.5578/elements - {"using":"css selector","value":"td"}
RESULT: {"using":"css selector","value":"td"}
COMMAND: POST /session/6773c96d6a7511f796a85c459a165c74/element/f.29D878CEA50B72482771CEDAC8A54377.d.8201C091F0CE7253EF2914AC21BD4E62.e.5579/elements - {"using":"css selector","value":"td"}
RESULT: {"using":"css selector","value":"td"}
COMMAND: POST /session/6773c96d6a7511f796a85c459a165c74/element/f.29D878CEA50B72482771CEDAC8A54377.d.8201C091F0CE7253EF2914AC21BD4E62.e.5580/elements - {"using":"css selector","value":"td"}
RESULT: {"using":"css selector","value":"td"}
COMMAND: POST /session/6773c96d6a7511f796a85c459a165c74/element/f.29D878CEA50B72482771CEDAC8A54377.d.8201C091F0CE7253EF2914AC21BD4E62.e.5581/elements - {"using":"css selector","value":"td"}
RESULT: {"using":"css selector","value":"td"}
COMMAND: POST /session/6773c96d6a7511f796a85c459a165c74/element/f.29D878CEA50B72482771CEDAC8A54377.d.8201C091F0CE7253EF2914AC21BD4E62.e.5582/elements - {"using":"css selector","value":"td"}
RESULT: {"using":"css selector","value":"td"}
COMMAND: POST /session/6773c96d6a7511f796a85c459a165c74/element/f.29D878CEA50B72482771CEDAC8A54377.d.8201C091F0CE7253EF2914AC21BD4E62.e.5583/elements - {"using":"css selector","value":"td"}
RESULT: {"using":"css selector","value":"td"}
COMMAND: POST /session/6773c96d6a7511f796a85c459a165c74/element/f.29D878CEA50B72482771CEDAC8A54377.d.8201C091F0CE7253EF2914AC21BD4E62.e.5584/elements - {"using":"css selector","value":"td"}
RESULT: {"using":"css selector","value":"td"}
COMMAND: POST /session/6773c96d6a7511f796a85c459a165c74/element/f.29D878CEA50B72482771CEDAC8A54377.d.8201C091F0CE7253EF2914AC21BD4E62.e.5585/elements - {"using":"css selector","value":"td"}
RESULT: {"using":"css selector","value":"td"}
COMMAND: POST /session/6773c96d6a7511f796a85c459a165c74/element/f.29D878CEA50B72482771CEDAC8A54377.d.8201C091F0CE7253EF2914AC21BD4E62.e.5586/elements - {"using":"css selector","value":"td"}
RESULT: {"using":"css selector","value":"td"}
COMMAND: POST /session/6773c96d6a7511f796a85c459a165c74/element/f.29D878CEA50B72482771CEDAC8A54377.d.8201C091F0CE7253EF2914AC21BD4E62.e.5587/elements - {"using":"css selector","value":"td"}
RESULT: {"using":"css selector","value":"td"}
COMMAND: POST /session/6773c96d6a7511f796a85c459a165c74/element/f.29D878CEA50B72482771CEDAC8A54377.d.8201C091F0CE7253EF2914AC21BD4E62.e.5588/elements - {"using":"css selector","value":"td"}
RESULT: {"using":"css selector","value":"td"}
COMMAND: POST /session/6773c96d6a7511f796a85c459a165c74/element/f.29D878CEA50B72482771CEDAC8A54377.d.8201C091F0CE7253EF2914AC21BD4E62.e.5589/elements - {"using":"css selector","value":"td"}
RESULT: {"using":"css selector","value":"td"}
COMMAND: POST /session/6773c96d6a7511f796a85c459a165c74/element/f.29D878CEA50B72482771CEDAC8A54377.d.8201C091F0CE7253EF2914AC21BD4E62.e.5590/elements - {"using":"css selector","value":"td"}
RESULT: {"using":"css selector","value":"td"}
COMMAND: POST /session/6773c96d6a7511f796a85c459a165c74/element/f.29D878CEA50B72482771CEDAC8A54377.d.8201C091F0CE7253EF2914AC21BD4E62.e.5591/elements - {"using":"css selector","value":"td"}
RESULT: {"using":"css selector","value":"td"}
COMMAND: POST /session/6773c96d6a7511f796a85c459a165c74/element/f.29D878CEA50B72482771CEDAC8A54377.d.8201C091F0CE7253EF2914AC21BD4E62.e.5592/elements - {"using":"css selector","value":"td"}
RESULT: {"using":"css selector","value":"td"}
COMMAND: POST /session/6773c96d6a7511f796a85c459a165c74/element/f.29D878CEA50B72482771CEDAC8A54377.d.8201C091F0CE7253EF2914AC21BD4E62.e.5593/elements - {"using":"css selector","value":"td"}
RESULT: {"using":"css selector","value":"td"}
COMMAND: POST /session/6773c96d6a7511f796a85c459a165c74/element/f.29D878CEA50B72482771CEDAC8A54377.d.8201C091F0CE7253EF2914AC21BD4E62.e.5594/elements - {"using":"css selector","value":"td"}
RESULT: {"using":"css selector","value":"td"}
COMMAND: POST /session/6773c96d6a7511f796a85c459a165c74/element/f.29D878CEA50B72482771CEDAC8A54377.d.8201C091F0CE7253EF2914AC21BD4E62.e.5595/elements - {"using":"css selector","value":"td"}
RESULT: {"using":"css selector","value":"td"}
COMMAND: POST /session/6773c96d6a7511f796a85c459a165c74/element/f.29D878CEA50B72482771CEDAC8A54377.d.8201C091F0CE7253EF2914AC21BD4E62.e.5596/elements - {"using":"css selector","value":"td"}
RESULT: {"using":"css selector","value":"td"}
COMMAND: POST /session/6773c96d6a7511f796a85c459a165c74/element/f.29D878CEA50B72482771CEDAC8A54377.d.8201C091F0CE7253EF2914AC21BD4E62.e.5597/elements - {"using":"css selector","value":"td"}
RESULT: {"using":"css selector","value":"td"}
COMMAND: POST /session/6773c96d6a7511f796a85c459a165c74/element/f.29D878CEA50B72482771CEDAC8A54377.d.8201C091F0CE7253EF2914AC21BD4E62.e.5598/elements - {"using":"css selector","value":"td"}
RESULT: {"using":"css selector","value":"td"}
COMMAND: POST /session/6773c96d6a7511f796a85c459a165c74/element/f.29D878CEA50B72482771CEDAC8A54377.d.8201C091F0CE7253EF2914AC21BD4E62.e.5599/elements - {"using":"css selector","value":"td"}
RESULT: {"using":"css selector","value":"td"}
COMMAND: POST /session/6773c96d6a7511f796a85c459a165c74/element/f.29D878CEA50B72482771CEDAC8A54377.d.8201C091F0CE7253EF2914AC21BD4E62.e.5600/elements - {"using":"css selector","value":"td"}
RESULT: {"using":"css selector","value":"td"}
COMMAND: POST /session/6773c96d6a7511f796a85c459a165c74/element/f.29D878CEA50B72482771CEDAC8A54377.d.8201C091F0CE7253EF2914AC21BD4E62.e.5601/elements - {"using":"css selector","value":"td"}
RESULT: {"using":"css selector","value":"td"}
COMMAND: POST /session/6773c96d6a7511f796a85c459a165c74/element/f.29D878CEA50B72482771CEDAC8A54377.d.8201C091F0CE7253EF2914AC21BD4E62.e.5602/elements - {"using":"css selector","value":"td"}
RESULT: {"using":"css selector","value":"td"}
COMMAND: POST /session/6773c96d6a7511f796a85c459a165c74/element/f.29D878CEA50B72482771CEDAC8A54377.d.8201C091F0CE7253EF2914AC21BD4E62.e.5603/elements - {"using":"css selector","value":"td"}
RESULT: {"using":"css selector","value":"td"}
COMMAND: POST /session/6773c96d6a7511f796a85c459a165c74/element/f.29D878CEA50B72482771CEDAC8A54377.d.8201C091F0CE7253EF2914AC21BD4E62.e.5604/elements - {"using":"css selector","value":"td"}
RESULT: {"using":"css selector","value":"td"}
COMMAND: POST /session/6773c96d6a7511f796a85c459a165c74/element/f.29D878CEA50B72482771CEDAC8A54377.d.8201C091F0CE7253EF2914AC21BD4E62.e.5605/elements - {"using":"css selector","value":"td"}
RESULT: {"using":"css selector","value":"td"}
COMMAND: POST /session/6773c96d6a7511f796a85c459a165c74/element/f.29D878CEA50B72482771CEDAC8A54377.d.8201C091F0CE7253EF2914AC21BD4E62.e.5606/elements - {"using":"css selector","value":"td"}
RESULT: {"using":"css selector","value":"td"}
COMMAND: POST /session/6773c96d6a7511f796a85c459a165c74/element/f.29D878CEA50B72482771CEDAC8A54377.d.8201C091F0CE7253EF2914AC21BD4E62.e.5607/elements - {"using":"css selector","value":"td"}
RESULT: {"using":"css selector","value":"td"}
COMMAND: POST /session/6773c96d6a7511f796a85c459a165c74/element/f.29D878CEA50B72482771CEDAC8A54377.d.8201C091F0CE7253EF2914AC21BD4E62.e.5608/elements - {"using":"css selector","value":"td"}
RESULT: {"using":"css selector","value":"td"}
COMMAND: POST /session/6773c96d6a7511f796a85c459a165c74/element/f.29D878CEA50B72482771CEDAC8A54377.d.8201C091F0CE7253EF2914AC21BD4E62.e.5609/elements - {"using":"css selector","value":"td"}
RESULT: {"using":"css selector","value":"td"}
COMMAND: POST /session/6773c96d6a7511f796a85c459a165c74/element/f.29D878CEA50B72482771CEDAC8A54377.d.8201C091F0CE7253EF2914AC21BD4E62.e.5610/elements - {"using":"css selector","value":"td"}
RESULT: {"using":"css selector","value":"td"}
COMMAND: POST /session/6773c96d6a7511f796a85c459a165c74/element/f.29D878CEA50B72482771CEDAC8A54377.d.8201C091F0CE7253EF2914AC21BD4E62.e.5611/elements - {"using":"css selector","value":"td"}
RESULT: {"using":"css selector","value":"td"}
COMMAND: POST /session/6773c96d6a7511f796a85c459a165c74/element/f.29D878CEA50B72482771CEDAC8A54377.d.8201C091F0CE7253EF2914AC21BD4E62.e.5612/elements - {"using":"css selector","value":"td"}
RESULT: {"using":"css selector","value":"td"}
COMMAND: POST /session/6773c96d6a7511f796a85c459a165c74/element/f.29D878CEA50B72482771CEDAC8A54377.d.8201C091F0CE7253EF2914AC21BD4E62.e.5613/elements - {"using":"css selector","value":"td"}
RESULT: {"using":"css selector","value":"td"}
COMMAND: POST /session/6773c96d6a7511f796a85c459a165c74/element/f.29D878CEA50B72482771CEDAC8A54377.d.8201C091F0CE7253EF2914AC21BD4E62.e.5614/elements - {"using":"css selector","value":"td"}
RESULT: {"using":"css selector","value":"td"}
COMMAND: POST /session/6773c96d6a7511f796a85c459a165c74/element/f.29D878CEA50B72482771CEDAC8A54377.d.8201C091F0CE7253EF2914AC21BD4E62.e.5615/elements - {"using":"css selector","value":"td"}
RESULT: {"using":"css selector","value":"td"}
COMMAND: POST /session/6773c96d6a7511f796a85c459a165c74/element/f.29D878CEA50B72482771CEDAC8A54377.d.8201C091F0CE7253EF2914AC21BD4E62.e.5616/elements - {"using":"css selector","value":"td"}
RESULT: {"using":"css selector","value":"td"}
COMMAND: POST /session/6773c96d6a7511f796a85c459a165c74/element/f.29D878CEA50B72482771CEDAC8A54377.d.8201C091F0CE7253EF2914AC21BD4E62.e.5617/elements - {"using":"css selector","value":"td"}
RESULT: {"using":"css selector","value":"td"}
COMMAND: POST /session/6773c96d6a7511f796a85c459a165c74/element/f.29D878CEA50B72482771CEDAC8A54377.d.8201C091F0CE7253EF2914AC21BD4E62.e.5618/elements - {"using":"css selector","value":"td"}
RESULT: {"using":"css selector","value":"td"}
COMMAND: POST /session/6773c96d6a7511f796a85c459a165c74/element/f.29D878CEA50B72482771CEDAC8A54377.d.8201C091F0CE7253EF2914AC21BD4E62.e.5619/elements - {"using":"css selector","value":"td"}
RESULT: {"using":"css selector","value":"td"}
COMMAND: POST /session/6773c96d6a7511f796a85c459a165c74/element/f.29D878CEA50B72482771CEDAC8A54377.d.8201C091F0CE7253EF2914AC21BD4E62.e.5620/elements - {"using":"css selector","value":"td"}
RESULT: {"using":"css selector","value":"td"}
COMMAND: POST /session/6773c96d6a7511f796a85c459a165c74/element/f.29D878CEA50B72482771CEDAC8A54377.d.8201C091F0CE7253EF2914AC21BD4E62.e.5621/elements - {"using":"css selector","value":"td"}
RESULT: {"using":"css selector","value":"td"}
COMMAND: POST /session/6773c96d6a7511f796a85c459a165c74/element/f.29D878CEA50B72482771CEDAC8A54377.d.8201C091F0CE7253EF2914AC21BD4E62.e.5622/elements - {"using":"css selector","value":"td"}
RESULT: {"using":"css selector","value":"td"}
COMMAND: POST /session/6773c96d6a7511f796a85c459a165c74/element/f.29D878CEA50B72482771CEDAC8A54377.d.8201C091F0CE7253EF2914AC21BD4E62.e.5623/elements - {"using":"css selector","value":"td"}
RESULT: {"using":"css selector","value":"td"}
COMMAND: POST /session/6773c96d6a7511f796a85c459a165c74/element/f.29D878CEA50B72482771CEDAC8A54377.d.8201C091F0CE7253EF2914AC21BD4E62.e.5624/elements - {"using":"css selector","value":"td"}
RESULT: {"using":"css selector","value":"td"}
COMMAND: POST /session/6773c96d6a7511f796a85c459a165c74/element/f.29D878CEA50B72482771CEDAC8A54377.d.8201C091F0CE7253EF2914AC21BD4E62.e.5625/elements - {"using":"css selector","value":"td"}
RESULT: {"using":"css selector","value":"td"}
COMMAND: POST /session/6773c96d6a7511f796a85c459a165c74/element/f.29D878CEA50B72482771CEDAC8A54377.d.8201C091F0CE7253EF2914AC21BD4E62.e.5626/elements - {"using":"css selector","value":"td"}
RESULT: {"using":"css selector","value":"td"}
COMMAND: POST /session/6773c96d6a7511f796a85c459a165c74/element/f.29D878CEA50B72482771CEDAC8A54377.d.8201C091F0CE7253EF2914AC21BD4E62.e.5627/elements - {"using":"css selector","value":"td"}
RESULT: {"using":"css selector","value":"td"}
COMMAND: POST /session/6773c96d6a7511f796a85c459a165c74/element/f.29D878CEA50B72482771CEDAC8A54377.d.8201C091F0CE7253EF2914AC21BD4E62.e.5628/elements - {"using":"css selector","value":"td"}
RESULT: {"using":"css selector","value":"td"}
COMMAND: POST /session/6773c96d6a7511f796a85c459a165c74/element/f.29D878CEA50B72482771CEDAC8A54377.d.8201C091F0CE7253EF2914AC21BD4E62.e.5629/elements - {"using":"css selector","value":"td"}
RESULT: {"using":"css selector","value":"td"}
COMMAND: POST /session/6773c96d6a7511f796a85c459a165c74/element/f.29D878CEA50B72482771CEDAC8A54377.d.8201C091F0CE7253EF2914AC21BD4E62.e.5630/elements - {"using":"css selector","value":"td"}
RESULT: {"using":"css selector","value":"td"}
COMMAND: POST /session/6773c96d6a7511f796a85c459a165c74/element/f.29D878CEA50B72482771CEDAC8A54377.d.8201C091F0CE7253EF2914AC21BD4E62.e.5631/elements - {"using":"css selector","value":"td"}
RESULT: {"using":"css selector","value":"td"}
COMMAND: POST /session/6773c96d6a7511f796a85c459a165c74/element/f.29D878CEA50B72482771CEDAC8A54377.d.8201C091F0CE7253EF2914AC21BD4E62.e.5632/elements - {"using":"css selector","value":"td"}
RESULT: {"using":"css selector","value":"td"}
COMMAND: POST /session/6773c96d6a7511f796a85c459a165c74/element/f.29D878CEA50B72482771CEDAC8A54377.d.8201C091F0CE7253EF2914AC21BD4E62.e.5633/elements - {"using":"css selector","value":"td"}
RESULT: {"using":"css selector","value":"td"}
COMMAND: POST /session/6773c96d6a7511f796a85c459a165c74/element/f.29D878CEA50B72482771CEDAC8A54377.d.8201C091F0CE7253EF2914AC21BD4E62.e.5634/elements - {"using":"css selector","value":"td"}
RESULT: {"using":"css selector","value":"td"}
COMMAND: POST /session/6773c96d6a7511f796a85c459a165c74/element/f.29D878CEA50B72482771CEDAC8A54377.d.8201C091F0CE7253EF2914AC21BD4E62.e.5635/elements - {"using":"css selector","value":"td"}
RESULT: {"using":"css selector","value":"td"}
COMMAND: POST /session/6773c96d6a7511f796a85c459a165c74/element/f.29D878CEA50B72482771CEDAC8A54377.d.8201C091F0CE7253EF2914AC21BD4E62.e.5636/elements - {"using":"css selector","value":"td"}
RESULT: {"using":"css selector","value":"td"}
COMMAND: POST /session/6773c96d6a7511f796a85c459a165c74/element/f.29D878CEA50B72482771CEDAC8A54377.d.8201C091F0CE7253EF2914AC21BD4E62.e.5637/elements - {"using":"css selector","value":"td"}
RESULT: {"using":"css selector","value":"td"}
COMMAND: POST /session/6773c96d6a7511f796a85c459a165c74/element/f.29D878CEA50B72482771CEDAC8A54377.d.8201C091F0CE7253EF2914AC21BD4E62.e.5638/elements - {"using":"css selector","value":"td"}
RESULT: {"using":"css selector","value":"td"}
COMMAND: POST /session/6773c96d6a7511f796a85c459a165c74/element/f.29D878CEA50B72482771CEDAC8A54377.d.8201C091F0CE7253EF2914AC21BD4E62.e.5639/elements - {"using":"css selector","value":"td"}
RESULT: {"using":"css selector","value":"td"}
COMMAND: POST /session/6773c96d6a7511f796a85c459a165c74/element/f.29D878CEA50B72482771CEDAC8A54377.d.8201C091F0CE7253EF2914AC21BD4E62.e.5640/elements - {"using":"css selector","value":"td"}
RESULT: {"using":"css selector","value":"td"}
COMMAND: POST /session/6773c96d6a7511f796a85c459a165c74/element/f.29D878CEA50B72482771CEDAC8A54377.d.8201C091F0CE7253EF2914AC21BD4E62.e.5641/elements - {"using":"css selector","value":"td"}
RESULT: {"using":"css selector","value":"td"}
COMMAND: POST /session/6773c96d6a7511f796a85c459a165c74/element/f.29D878CEA50B72482771CEDAC8A54377.d.8201C091F0CE7253EF2914AC21BD4E62.e.5642/elements - {"using":"css selector","value":"td"}
RESULT: {"using":"css selector","value":"td"}
COMMAND: POST /session/6773c96d6a7511f796a85c459a165c74/element/f.29D878CEA50B72482771CEDAC8A54377.d.8201C091F0CE7253EF2914AC21BD4E62.e.5643/elements - {"using":"css selector","value":"td"}
RESULT: {"using":"css selector","value":"td"}
COMMAND: POST /session/6773c96d6a7511f796a85c459a165c74/element/f.29D878CEA50B72482771CEDAC8A54377.d.8201C091F0CE7253EF2914AC21BD4E62.e.5644/elements - {"using":"css selector","value":"td"}
RESULT: {"using":"css selector","value":"td"}
COMMAND: POST /session/6773c96d6a7511f796a85c459a165c74/element/f.29D878CEA50B72482771CEDAC8A54377.d.8201C091F0CE7253EF2914AC21BD4E62.e.5645/elements - {"using":"css selector","value":"td"}
RESULT: {"using":"css selector","value":"td"}
COMMAND: POST /session/6773c96d6a7511f796a85c459a165c74/element/f.29D878CEA50B72482771CEDAC8A54377.d.8201C091F0CE7253EF2914AC21BD4E62.e.5646/elements - {"using":"css selector","value":"td"}
RESULT: {"using":"css selector","value":"td"}
COMMAND: POST /session/6773c96d6a7511f796a85c459a165c74/element/f.29D878CEA50B72482771CEDAC8A54377.d.8201C091F0CE7253EF2914AC21BD4E62.e.5647/elements - {"using":"css selector","value":"td"}
RESULT: {"using":"css selector","value":"td"}
COMMAND: POST /session/6773c96d6a7511f796a85c459a165c74/element/f.29D878CEA50B72482771CEDAC8A54377.d.8201C091F0CE7253EF2914AC21BD4E62.e.5648/elements - {"using":"css selector","value":"td"}
RESULT: {"using":"css selector","value":"td"}
COMMAND: POST /session/6773c96d6a7511f796a85c459a165c74/element/f.29D878CEA50B72482771CEDAC8A54377.d.8201C091F0CE7253EF2914AC21BD4E62.e.5649/elements - {"using":"css selector","value":"td"}
RESULT: {"using":"css selector","value":"td"}
COMMAND: POST /session/6773c96d6a7511f796a85c459a165c74/element/f.29D878CEA50B72482771CEDAC8A54377.d.8201C091F0CE7253EF2914AC21BD4E62.e.5650/elements - {"using":"css selector","value":"td"}
RESULT: {"using":"css selector","value":"td"}
COMMAND: POST /session/6773c96d6a7511f796a85c459a165c74/element/f.29D878CEA50B72482771CEDAC8A54377.d.8201C091F0CE7253EF2914AC21BD4E62.e.5651/elements - {"using":"css selector","value":"td"}
RESULT: {"using":"css selector","value":"td"}
COMMAND: POST /session/6773c96d6a7511f796a85c459a165c74/element/f.29D878CEA50B72482771CEDAC8A54377.d.8201C091F0CE7253EF2914AC21BD4E62.e.5652/elements - {"using":"css selector","value":"td"}
RESULT: {"using":"css selector","value":"td"}
COMMAND: POST /session/6773c96d6a7511f796a85c459a165c74/element/f.29D878CEA50B72482771CEDAC8A54377.d.8201C091F0CE7253EF2914AC21BD4E62.e.5653/elements - {"using":"css selector","value":"td"}
RESULT: {"using":"css selector","value":"td"}
COMMAND: POST /session/6773c96d6a7511f796a85c459a165c74/element/f.29D878CEA50B72482771CEDAC8A54377.d.8201C091F0CE7253EF2914AC21BD4E62.e.5654/elements - {"using":"css selector","value":"td"}
RESULT: {"using":"css selector","value":"td"}
COMMAND: POST /session/6773c96d6a7511f796a85c459a165c74/element/f.29D878CEA50B72482771CEDAC8A54377.d.8201C091F0CE7253EF2914AC21BD4E62.e.5655/elements - {"using":"css selector","value":"td"}
RESULT: {"using":"css selector","value":"td"}
COMMAND: POST /session/6773c96d6a7511f796a85c459a165c74/element/f.29D878CEA50B72482771CEDAC8A54377.d.8201C091F0CE7253EF2914AC21BD4E62.e.5656/elements - {"using":"css selector","value":"td"}
RESULT: {"using":"css selector","value":"td"}
COMMAND: POST /session/6773c96d6a7511f796a85c459a165c74/element/f.29D878CEA50B72482771CEDAC8A54377.d.8201C091F0CE7253EF2914AC21BD4E62.e.5657/elements - {"using":"css selector","value":"td"}
RESULT: {"using":"css selector","value":"td"}
COMMAND: POST /session/6773c96d6a7511f796a85c459a165c74/element/f.29D878CEA50B72482771CEDAC8A54377.d.8201C091F0CE7253EF2914AC21BD4E62.e.5658/elements - {"using":"css selector","value":"td"}
RESULT: {"using":"css selector","value":"td"}
COMMAND: POST /session/6773c96d6a7511f796a85c459a165c74/element/f.29D878CEA50B72482771CEDAC8A54377.d.8201C091F0CE7253EF2914AC21BD4E62.e.5659/elements - {"using":"css selector","value":"td"}
RESULT: {"using":"css selector","value":"td"}
COMMAND: POST /session/6773c96d6a7511f796a85c459a165c74/element/f.29D878CEA50B72482771CEDAC8A54377.d.8201C091F0CE7253EF2914AC21BD4E62.e.5660/elements - {"using":"css selector","value":"td"}
RESULT: {"using":"css selector","value":"td"}
COMMAND: POST /session/6773c96d6a7511f796a85c459a165c74/element/f.29D878CEA50B72482771CEDAC8A54377.d.8201C091F0CE7253EF2914AC21BD4E62.e.5661/elements - {"using":"css selector","value":"td"}
RESULT: {"using":"css selector","value":"td"}
COMMAND: POST /session/6773c96d6a7511f796a85c459a165c74/element/f.29D878CEA50B72482771CEDAC8A54377.d.8201C091F0CE7253EF2914AC21BD4E62.e.6569/elements - {"using":"css selector","value":"td"}
RESULT: {"using":"css selector","value":"td"}
COMMAND: POST /session/6773c96d6a7511f796a85c459a165c74/element - {"using":"css selector","value":"#j_username"}
COMMAND: POST /session/6773c96d6a7511f796a85c459a165c74/url - {"url":"https://qa-testing-00-live-etm-ui.cfapps.eu10-004.hana.ondemand.com/"}
RESULT: {"url":"https://qa-testing-00-live-etm-ui.cfapps.eu10-004.hana.ondemand.com/"}
RESULT: undefined
COMMAND: GET /session/6773c96d6a7511f796a85c459a165c74/screenshot - {}
RESULT: {"using":"css selector","value":"#j_username"}
COMMAND: POST /session/6773c96d6a7511f796a85c459a165c74/element - {"using":"css selector","value":"#j_username"}
RESULT: {}
RESULT: {"using":"css selector","value":"#j_username"}
COMMAND: POST /session/6773c96d6a7511f796a85c459a165c74/element - {"using":"css selector","value":"#shell-header-logo"}
RESULT: {"using":"css selector","value":"#shell-header-logo"}
COMMAND: POST /session/6773c96d6a7511f796a85c459a165c74/execute/sync - {"script":"<script> [8489 bytes]","args":[{"element-6066-11e4-a52e-4f735466cecf":"f.29D878CEA50B72482771CEDAC8A54377.d.C7FB498C14FC34C0F9927B115783DD62.e.6577","ELEMENT":"f.29D878CEA50B72482771CEDAC8A54377.d.C7FB498C14FC34C0F9927B115783DD62.e.6577"}]}
RESULT: {"script":"<script> [8489 bytes]","args":[{"element-6066-11e4-a52e-4f735466cecf":"f.29D878CEA50B72482771CEDAC8A54377.d.C7FB498C14FC34C0F9927B115783DD62.e.6577","ELEMENT":"f.29D878CEA50B72482771CEDAC8A54377.d.C7FB498C14FC34C0F9927B115783DD62.e.6577"}]}
COMMAND: POST /session/6773c96d6a7511f796a85c459a165c74/element - {"using":"css selector","value":"#shell-header-logo"}
COMMAND: GET /session/6773c96d6a7511f796a85c459a165c74/screenshot - {}
RESULT: {"using":"css selector","value":"#shell-header-logo"}
COMMAND: POST /session/6773c96d6a7511f796a85c459a165c74/execute/sync - {"script":"<script> [8489 bytes]","args":[{"element-6066-11e4-a52e-4f735466cecf":"f.29D878CEA50B72482771CEDAC8A54377.d.C7FB498C14FC34C0F9927B115783DD62.e.6577","ELEMENT":"f.29D878CEA50B72482771CEDAC8A54377.d.C7FB498C14FC34C0F9927B115783DD62.e.6577"}]}
RESULT: {}
RESULT: {"script":"<script> [8489 bytes]","args":[{"element-6066-11e4-a52e-4f735466cecf":"f.29D878CEA50B72482771CEDAC8A54377.d.C7FB498C14FC34C0F9927B115783DD62.e.6577","ELEMENT":"f.29D878CEA50B72482771CEDAC8A54377.d.C7FB498C14FC34C0F9927B115783DD62.e.6577"}]}
COMMAND: POST /session/6773c96d6a7511f796a85c459a165c74/execute/sync - {"script":"<script> [5351 bytes]","args":[{"element-6066-11e4-a52e-4f735466cecf":"f.29D878CEA50B72482771CEDAC8A54377.d.C7FB498C14FC34C0F9927B115783DD62.e.6577","ELEMENT":"f.29D878CEA50B72482771CEDAC8A54377.d.C7FB498C14FC34C0F9927B115783DD62.e.6577"}]}
COMMAND: GET /session/6773c96d6a7511f796a85c459a165c74/screenshot - {}
RESULT: {"script":"<script> [5351 bytes]","args":[{"element-6066-11e4-a52e-4f735466cecf":"f.29D878CEA50B72482771CEDAC8A54377.d.C7FB498C14FC34C0F9927B115783DD62.e.6577","ELEMENT":"f.29D878CEA50B72482771CEDAC8A54377.d.C7FB498C14FC34C0F9927B115783DD62.e.6577"}]}
COMMAND: POST /session/6773c96d6a7511f796a85c459a165c74/element - {"using":"css selector","value":"#shell-header-logo"}
COMMAND: GET /session/6773c96d6a7511f796a85c459a165c74/screenshot - {}
RESULT: {}
RESULT: {"using":"css selector","value":"#shell-header-logo"}
COMMAND: POST /session/6773c96d6a7511f796a85c459a165c74/element/f.29D878CEA50B72482771CEDAC8A54377.d.C7FB498C14FC34C0F9927B115783DD62.e.6577/click - {}
RESULT: {}
RESULT: {}
COMMAND: GET /session/6773c96d6a7511f796a85c459a165c74/screenshot - {}
RESULT: {}
COMMAND: POST /session/6773c96d6a7511f796a85c459a165c74/execute/async - {"script":"<script> [189 bytes]","args":[]}
RESULT: {"script":"<script> [189 bytes]","args":[]}
COMMAND: POST /session/6773c96d6a7511f796a85c459a165c74/execute/async - {"script":"<script> [123 bytes]","args":[]}
RESULT: {"script":"<script> [123 bytes]","args":[]}
COMMAND: POST /session/6773c96d6a7511f796a85c459a165c74/timeouts - {"script":"<number>"}
RESULT: {"script":"<number>"}
COMMAND: GET /session/6773c96d6a7511f796a85c459a165c74/timeouts - {}
RESULT: {}
RESULT: undefined
COMMAND: POST /session/6773c96d6a7511f796a85c459a165c74/execute/async - {"script":"<script> [2676 bytes]","args":[]}
RESULT: {"script":"<script> [2676 bytes]","args":[]}
COMMAND: POST /session/6773c96d6a7511f796a85c459a165c74/execute/async - {"script":"<script> [2342 bytes]","args":[{"protocol":"http","hostname":"0.0.0.0","path":"/","capabilities":{"browserName":"chrome","goog:chromeOptions":{"binary":"C:\\Program Files\\Google\\Chrome\\Application\\chrome.exe","args":["--start-maximized"]}},"logLevel":"warn","connectionRetryTimeout":120000,"connectionRetryCount":3,"logLevels":{},"enableDirectConnect":true,"strictSSL":true,"_":"65 more keys: [\"cacheDir\",\"port\",\"requestedCapabilities\",\"automationProtocol\",\"baseUrl\",\"waitforInterval\",\"waitforTimeout\",\"onReload\",\"beforeCommand\",\"afterCommand\",\"rootDir\",\"specs\",\"suites\",\"exclude\",\"groupLogsByTestSpec\",\"excludeDriverLogs\",\"bail\",\"framework\",\"reporters\",\"services\",\"maxInstances\",\"maxInstancesPerCapability\",\"injectGlobals\",\"filesToWatch\",\"execArgv\",\"runnerEnv\",\"runner\",\"shard\",\"specFileRetries\",\"specFileRetriesDelay\",\"specFileRetriesDeferred\",\"reporterSyncInterval\",\"reporterSyncTimeout\",\"cucumberFeaturesWithLineNumbers\",\"autoCompileOpts\",\"mochaOpts\",\"jasmineOpts\",\"cucumberOpts\",\"onPrepare\",\"onWorkerStart\",\"onWorkerEnd\",\"before\",\"beforeSession\",\"beforeSuite\",\"beforeHook\",\"beforeTest\",\"afterTest\",\"afterHook\",\"afterSuite\",\"afterSession\",\"after\",\"onComplete\",\"beforeAssertion\",\"afterAssertion\",\"beforeFeature\",\"beforeScenario\",\"beforeStep\",\"afterStep\",\"afterScenario\",\"afterFeature\",\"_\",\"suite\",\"$0\",\"ignoredWorkerServices\",\"wdi5\"]"}]}
RESULT: {"script":"<script> [2342 bytes]","args":[{"protocol":"http","hostname":"0.0.0.0","path":"/","capabilities":{"browserName":"chrome","goog:chromeOptions":{"binary":"C:\\Program Files\\Google\\Chrome\\Application\\chrome.exe","args":["--start-maximized"]}},"logLevel":"warn","connectionRetryTimeout":120000,"connectionRetryCount":3,"logLevels":{},"enableDirectConnect":true,"strictSSL":true,"_":"65 more keys: [\"cacheDir\",\"port\",\"requestedCapabilities\",\"automationProtocol\",\"baseUrl\",\"waitforInterval\",\"waitforTimeout\",\"onReload\",\"beforeCommand\",\"afterCommand\",\"rootDir\",\"specs\",\"suites\",\"exclude\",\"groupLogsByTestSpec\",\"excludeDriverLogs\",\"bail\",\"framework\",\"reporters\",\"services\",\"maxInstances\",\"maxInstancesPerCapability\",\"injectGlobals\",\"filesToWatch\",\"execArgv\",\"runnerEnv\",\"runner\",\"shard\",\"specFileRetries\",\"specFileRetriesDelay\",\"specFileRetriesDeferred\",\"reporterSyncInterval\",\"reporterSyncTimeout\",\"cucumberFeaturesWithLineNumbers\",\"autoCompileOpts\",\"mochaOpts\",\"jasmineOpts\",\"cucumberOpts\",\"onPrepare\",\"onWorkerStart\",\"onWorkerEnd\",\"before\",\"beforeSession\",\"beforeSuite\",\"beforeHook\",\"beforeTest\",\"afterTest\",\"afterHook\",\"afterSuite\",\"afterSession\",\"after\",\"onComplete\",\"beforeAssertion\",\"afterAssertion\",\"beforeFeature\",\"beforeScenario\",\"beforeStep\",\"afterStep\",\"afterScenario\",\"afterFeature\",\"_\",\"suite\",\"$0\",\"ignoredWorkerServices\",\"wdi5\"]"}]}
COMMAND: POST /session/6773c96d6a7511f796a85c459a165c74/execute/async - {"script":"<script> [21126 bytes]","args":[35000]}
RESULT: {"script":"<script> [21126 bytes]","args":[35000]}
COMMAND: POST /session/6773c96d6a7511f796a85c459a165c74/window/maximize - {}
RESULT: {}
COMMAND: POST /session/6773c96d6a7511f796a85c459a165c74/execute/async - {"script":"<script> [1562 bytes]","args":[{"selector":{"id":"shell-header","interaction":{"idSuffix":"icon"}},"wdio_ui5_key":"shellheader"}]}
COMMAND: GET /session/6773c96d6a7511f796a85c459a165c74/screenshot - {}
RESULT: {"script":"<script> [1562 bytes]","args":[{"selector":{"id":"shell-header","interaction":{"idSuffix":"icon"}},"wdio_ui5_key":"shellheader"}]}
RESULT: undefined
COMMAND: POST /session/6773c96d6a7511f796a85c459a165c74/refresh - {}
RESULT: {}
RESULT: {}
COMMAND: GET /session/6773c96d6a7511f796a85c459a165c74/screenshot - {}
RESULT: {}
COMMAND: POST /session/6773c96d6a7511f796a85c459a165c74/refresh - {}
RESULT: {}
COMMAND: GET /session/6773c96d6a7511f796a85c459a165c74/screenshot - {}
RESULT: {}
COMMAND: POST /session/6773c96d6a7511f796a85c459a165c74/window/fullscreen - {}
RESULT: {}
COMMAND: POST /session/6773c96d6a7511f796a85c459a165c74/execute/async - {"script":"<script> [189 bytes]","args":[]}
RESULT: {"script":"<script> [189 bytes]","args":[]}
COMMAND: POST /session/6773c96d6a7511f796a85c459a165c74/execute/async - {"script":"<script> [123 bytes]","args":[]}
RESULT: {"script":"<script> [123 bytes]","args":[]}
COMMAND: POST /session/6773c96d6a7511f796a85c459a165c74/timeouts - {"script":"<number>"}
RESULT: {"script":"<number>"}
COMMAND: GET /session/6773c96d6a7511f796a85c459a165c74/timeouts - {}
RESULT: {}
RESULT: undefined
COMMAND: POST /session/6773c96d6a7511f796a85c459a165c74/execute/async - {"script":"<script> [2676 bytes]","args":[]}
RESULT: {"script":"<script> [2676 bytes]","args":[]}
COMMAND: POST /session/6773c96d6a7511f796a85c459a165c74/execute/async - {"script":"<script> [2342 bytes]","args":[{"protocol":"http","hostname":"0.0.0.0","path":"/","capabilities":{"browserName":"chrome","goog:chromeOptions":{"binary":"C:\\Program Files\\Google\\Chrome\\Application\\chrome.exe","args":["--start-maximized"]}},"logLevel":"warn","connectionRetryTimeout":120000,"connectionRetryCount":3,"logLevels":{},"enableDirectConnect":true,"strictSSL":true,"_":"65 more keys: [\"cacheDir\",\"port\",\"requestedCapabilities\",\"automationProtocol\",\"baseUrl\",\"waitforInterval\",\"waitforTimeout\",\"onReload\",\"beforeCommand\",\"afterCommand\",\"rootDir\",\"specs\",\"suites\",\"exclude\",\"groupLogsByTestSpec\",\"excludeDriverLogs\",\"bail\",\"framework\",\"reporters\",\"services\",\"maxInstances\",\"maxInstancesPerCapability\",\"injectGlobals\",\"filesToWatch\",\"execArgv\",\"runnerEnv\",\"runner\",\"shard\",\"specFileRetries\",\"specFileRetriesDelay\",\"specFileRetriesDeferred\",\"reporterSyncInterval\",\"reporterSyncTimeout\",\"cucumberFeaturesWithLineNumbers\",\"autoCompileOpts\",\"mochaOpts\",\"jasmineOpts\",\"cucumberOpts\",\"onPrepare\",\"onWorkerStart\",\"onWorkerEnd\",\"before\",\"beforeSession\",\"beforeSuite\",\"beforeHook\",\"beforeTest\",\"afterTest\",\"afterHook\",\"afterSuite\",\"afterSession\",\"after\",\"onComplete\",\"beforeAssertion\",\"afterAssertion\",\"beforeFeature\",\"beforeScenario\",\"beforeStep\",\"afterStep\",\"afterScenario\",\"afterFeature\",\"_\",\"suite\",\"$0\",\"ignoredWorkerServices\",\"wdi5\"]"}]}
RESULT: {"script":"<script> [2342 bytes]","args":[{"protocol":"http","hostname":"0.0.0.0","path":"/","capabilities":{"browserName":"chrome","goog:chromeOptions":{"binary":"C:\\Program Files\\Google\\Chrome\\Application\\chrome.exe","args":["--start-maximized"]}},"logLevel":"warn","connectionRetryTimeout":120000,"connectionRetryCount":3,"logLevels":{},"enableDirectConnect":true,"strictSSL":true,"_":"65 more keys: [\"cacheDir\",\"port\",\"requestedCapabilities\",\"automationProtocol\",\"baseUrl\",\"waitforInterval\",\"waitforTimeout\",\"onReload\",\"beforeCommand\",\"afterCommand\",\"rootDir\",\"specs\",\"suites\",\"exclude\",\"groupLogsByTestSpec\",\"excludeDriverLogs\",\"bail\",\"framework\",\"reporters\",\"services\",\"maxInstances\",\"maxInstancesPerCapability\",\"injectGlobals\",\"filesToWatch\",\"execArgv\",\"runnerEnv\",\"runner\",\"shard\",\"specFileRetries\",\"specFileRetriesDelay\",\"specFileRetriesDeferred\",\"reporterSyncInterval\",\"reporterSyncTimeout\",\"cucumberFeaturesWithLineNumbers\",\"autoCompileOpts\",\"mochaOpts\",\"jasmineOpts\",\"cucumberOpts\",\"onPrepare\",\"onWorkerStart\",\"onWorkerEnd\",\"before\",\"beforeSession\",\"beforeSuite\",\"beforeHook\",\"beforeTest\",\"afterTest\",\"afterHook\",\"afterSuite\",\"afterSession\",\"after\",\"onComplete\",\"beforeAssertion\",\"afterAssertion\",\"beforeFeature\",\"beforeScenario\",\"beforeStep\",\"afterStep\",\"afterScenario\",\"afterFeature\",\"_\",\"suite\",\"$0\",\"ignoredWorkerServices\",\"wdi5\"]"}]}
COMMAND: POST /session/6773c96d6a7511f796a85c459a165c74/execute/async - {"script":"<script> [21126 bytes]","args":[35000]}
RESULT: {"script":"<script> [21126 bytes]","args":[35000]}
]]></system-out>
    </testcase>
  </testsuite>
  <testsuite timestamp="2025-05-17T17:16:07" time="423.66" tests="9" failures="0" errors="0" skipped="0">
    <properties>
      <property name="specId" value="0" />
      <property name="suiteName" value="US134625 Set up price condition - one time" />
      <property name="capabilities" value="chrome.136_0_7103_93.windows" />
      <property name="file" value="file:///D:/a/1/s/test/specs/BTS/set-up-price-condition-one-time.spec.js" />
    </properties>
    <testcase classname="chrome.136_0_7103_93.windows.US134625_Set_up_price_condition_-_one_time" name="Should create a new yard used for all following tests" time="0.051">
      <system-out><![CDATA[
COMMAND: POST /session/6773c96d6a7511f796a85c459a165c74/window/fullscreen - {}
RESULT: {}
]]></system-out>
    </testcase>
    <testcase classname="chrome.136_0_7103_93.windows.US134625_Set_up_price_condition_-_one_time" name="Should create a new partner" time="0.004" />
    <testcase classname="chrome.136_0_7103_93.windows.US134625_Set_up_price_condition_-_one_time" name="Should create a new site used for following tests" time="0.006" />
    <testcase classname="chrome.136_0_7103_93.windows.US134625_Set_up_price_condition_-_one_time" name="Should create a new material for billing type one time" time="118.864">
      <system-out><![CDATA[
COMMAND: POST /session/6773c96d6a7511f796a85c459a165c74/execute/async - {"script":"<script> [1562 bytes]","args":[{"selector":{"controlType":"sap.m.GenericTile","properties":{"header":"Manage Resources"}},"wdio_ui5_key":"sapm.GenericTile{\"header\":\"Manage Resources\"}"}]}
RESULT: {"script":"<script> [1562 bytes]","args":[{"selector":{"controlType":"sap.m.GenericTile","properties":{"header":"Manage Resources"}},"wdio_ui5_key":"sapm.GenericTile{\"header\":\"Manage Resources\"}"}]}
RESULT: undefined
COMMAND: POST /session/6773c96d6a7511f796a85c459a165c74/element - {"using":"xpath","value":"//*[@id=\"__tile39\"]"}
RESULT: {"using":"xpath","value":"//*[@id=\"__tile39\"]"}
COMMAND: POST /session/6773c96d6a7511f796a85c459a165c74/element/f.29D878CEA50B72482771CEDAC8A54377.d.EF3612CE8340CE97A4212F37FD069496.e.6742/click - {}
RESULT: {}
COMMAND: GET /session/6773c96d6a7511f796a85c459a165c74/screenshot - {}
RESULT: {}
COMMAND: POST /session/6773c96d6a7511f796a85c459a165c74/elements - {"using":"xpath","value":"//span[text()='Error']"}
RESULT: {"using":"xpath","value":"//span[text()='Error']"}
COMMAND: POST /session/6773c96d6a7511f796a85c459a165c74/element - {"using":"xpath","value":"//button[@data-kt=\"addNewRUOverflowToolbarButton\"]"}
RESULT: {"using":"xpath","value":"//button[@data-kt=\"addNewRUOverflowToolbarButton\"]"}
COMMAND: POST /session/6773c96d6a7511f796a85c459a165c74/elements - {"using":"xpath","value":"//button[@data-kt=\"addNewRUOverflowToolbarButton\"]"}
RESULT: {"using":"xpath","value":"//button[@data-kt=\"addNewRUOverflowToolbarButton\"]"}
COMMAND: POST /session/6773c96d6a7511f796a85c459a165c74/elements - {"using":"xpath","value":"//button[@data-kt=\"addNewRUOverflowToolbarButton\"]"}
RESULT: {"using":"xpath","value":"//button[@data-kt=\"addNewRUOverflowToolbarButton\"]"}
COMMAND: POST /session/6773c96d6a7511f796a85c459a165c74/elements - {"using":"xpath","value":"//button[@data-kt=\"addNewRUOverflowToolbarButton\"]"}
RESULT: {"using":"xpath","value":"//button[@data-kt=\"addNewRUOverflowToolbarButton\"]"}
COMMAND: POST /session/6773c96d6a7511f796a85c459a165c74/elements - {"using":"xpath","value":"//button[@data-kt=\"addNewRUOverflowToolbarButton\"]"}
RESULT: {"using":"xpath","value":"//button[@data-kt=\"addNewRUOverflowToolbarButton\"]"}
COMMAND: POST /session/6773c96d6a7511f796a85c459a165c74/elements - {"using":"xpath","value":"//button[@data-kt=\"addNewRUOverflowToolbarButton\"]"}
RESULT: {"using":"xpath","value":"//button[@data-kt=\"addNewRUOverflowToolbarButton\"]"}
COMMAND: POST /session/6773c96d6a7511f796a85c459a165c74/elements - {"using":"xpath","value":"//button[@data-kt=\"addNewRUOverflowToolbarButton\"]"}
RESULT: {"using":"xpath","value":"//button[@data-kt=\"addNewRUOverflowToolbarButton\"]"}
COMMAND: POST /session/6773c96d6a7511f796a85c459a165c74/elements - {"using":"xpath","value":"//button[@data-kt=\"addNewRUOverflowToolbarButton\"]"}
RESULT: {"using":"xpath","value":"//button[@data-kt=\"addNewRUOverflowToolbarButton\"]"}
COMMAND: POST /session/6773c96d6a7511f796a85c459a165c74/elements - {"using":"xpath","value":"//button[@data-kt=\"addNewRUOverflowToolbarButton\"]"}
RESULT: {"using":"xpath","value":"//button[@data-kt=\"addNewRUOverflowToolbarButton\"]"}
COMMAND: POST /session/6773c96d6a7511f796a85c459a165c74/elements - {"using":"xpath","value":"//button[@data-kt=\"addNewRUOverflowToolbarButton\"]"}
RESULT: {"using":"xpath","value":"//button[@data-kt=\"addNewRUOverflowToolbarButton\"]"}
COMMAND: POST /session/6773c96d6a7511f796a85c459a165c74/elements - {"using":"xpath","value":"//button[@data-kt=\"addNewRUOverflowToolbarButton\"]"}
RESULT: {"using":"xpath","value":"//button[@data-kt=\"addNewRUOverflowToolbarButton\"]"}
COMMAND: POST /session/6773c96d6a7511f796a85c459a165c74/elements - {"using":"xpath","value":"//button[@data-kt=\"addNewRUOverflowToolbarButton\"]"}
RESULT: {"using":"xpath","value":"//button[@data-kt=\"addNewRUOverflowToolbarButton\"]"}
COMMAND: POST /session/6773c96d6a7511f796a85c459a165c74/element - {"using":"xpath","value":"//button[@data-kt=\"addNewRUOverflowToolbarButton\"]"}
RESULT: {"using":"xpath","value":"//button[@data-kt=\"addNewRUOverflowToolbarButton\"]"}
COMMAND: POST /session/6773c96d6a7511f796a85c459a165c74/execute/sync - {"script":"<script> [8489 bytes]","args":[{"element-6066-11e4-a52e-4f735466cecf":"f.29D878CEA50B72482771CEDAC8A54377.d.EF3612CE8340CE97A4212F37FD069496.e.6881","ELEMENT":"f.29D878CEA50B72482771CEDAC8A54377.d.EF3612CE8340CE97A4212F37FD069496.e.6881"}]}
RESULT: {"script":"<script> [8489 bytes]","args":[{"element-6066-11e4-a52e-4f735466cecf":"f.29D878CEA50B72482771CEDAC8A54377.d.EF3612CE8340CE97A4212F37FD069496.e.6881","ELEMENT":"f.29D878CEA50B72482771CEDAC8A54377.d.EF3612CE8340CE97A4212F37FD069496.e.6881"}]}
COMMAND: GET /session/6773c96d6a7511f796a85c459a165c74/element/f.29D878CEA50B72482771CEDAC8A54377.d.EF3612CE8340CE97A4212F37FD069496.e.6881/enabled - {}
COMMAND: GET /session/6773c96d6a7511f796a85c459a165c74/screenshot - {}
RESULT: {}
COMMAND: POST /session/6773c96d6a7511f796a85c459a165c74/execute/sync - {"script":"<script> [8489 bytes]","args":[{"element-6066-11e4-a52e-4f735466cecf":"f.29D878CEA50B72482771CEDAC8A54377.d.EF3612CE8340CE97A4212F37FD069496.e.6881","ELEMENT":"f.29D878CEA50B72482771CEDAC8A54377.d.EF3612CE8340CE97A4212F37FD069496.e.6881"}]}
COMMAND: GET /session/6773c96d6a7511f796a85c459a165c74/screenshot - {}
RESULT: {}
RESULT: {"script":"<script> [8489 bytes]","args":[{"element-6066-11e4-a52e-4f735466cecf":"f.29D878CEA50B72482771CEDAC8A54377.d.EF3612CE8340CE97A4212F37FD069496.e.6881","ELEMENT":"f.29D878CEA50B72482771CEDAC8A54377.d.EF3612CE8340CE97A4212F37FD069496.e.6881"}]}
COMMAND: POST /session/6773c96d6a7511f796a85c459a165c74/execute/sync - {"script":"<script> [5351 bytes]","args":[{"element-6066-11e4-a52e-4f735466cecf":"f.29D878CEA50B72482771CEDAC8A54377.d.EF3612CE8340CE97A4212F37FD069496.e.6881","ELEMENT":"f.29D878CEA50B72482771CEDAC8A54377.d.EF3612CE8340CE97A4212F37FD069496.e.6881"}]}
COMMAND: GET /session/6773c96d6a7511f796a85c459a165c74/screenshot - {}
RESULT: {}
RESULT: {"script":"<script> [5351 bytes]","args":[{"element-6066-11e4-a52e-4f735466cecf":"f.29D878CEA50B72482771CEDAC8A54377.d.EF3612CE8340CE97A4212F37FD069496.e.6881","ELEMENT":"f.29D878CEA50B72482771CEDAC8A54377.d.EF3612CE8340CE97A4212F37FD069496.e.6881"}]}
COMMAND: POST /session/6773c96d6a7511f796a85c459a165c74/element/f.29D878CEA50B72482771CEDAC8A54377.d.EF3612CE8340CE97A4212F37FD069496.e.6881/click - {}
COMMAND: GET /session/6773c96d6a7511f796a85c459a165c74/screenshot - {}
RESULT: {}
RESULT: {}
COMMAND: GET /session/6773c96d6a7511f796a85c459a165c74/screenshot - {}
RESULT: {}
RESULT: {}
COMMAND: POST /session/6773c96d6a7511f796a85c459a165c74/execute/async - {"script":"<script> [1562 bytes]","args":[{"selector":{"id":"application-manageresources-display-component---newResourceUnit--TYPE-arrow"},"wdio_ui5_key":"applicationmanageresources-display-component---newResourceUnit--TYPE-arrow"}]}
RESULT: {"script":"<script> [1562 bytes]","args":[{"selector":{"id":"application-manageresources-display-component---newResourceUnit--TYPE-arrow"},"wdio_ui5_key":"applicationmanageresources-display-component---newResourceUnit--TYPE-arrow"}]}
RESULT: undefined
COMMAND: POST /session/6773c96d6a7511f796a85c459a165c74/element - {"using":"xpath","value":"//*[@id=\"application-manageresources-display-component---newResourceUnit--TYPE-arrow\"]"}
RESULT: {"using":"xpath","value":"//*[@id=\"application-manageresources-display-component---newResourceUnit--TYPE-arrow\"]"}
COMMAND: POST /session/6773c96d6a7511f796a85c459a165c74/element/f.29D878CEA50B72482771CEDAC8A54377.d.EF3612CE8340CE97A4212F37FD069496.e.7241/click - {}
RESULT: {}
COMMAND: POST /session/6773c96d6a7511f796a85c459a165c74/element - {"using":"xpath","value":"//input[@id=\"application-manageresources-display-component---newResourceUnit--TYPE-inner\"]"}
COMMAND: GET /session/6773c96d6a7511f796a85c459a165c74/screenshot - {}
RESULT: {"using":"xpath","value":"//input[@id=\"application-manageresources-display-component---newResourceUnit--TYPE-inner\"]"}
COMMAND: POST /session/6773c96d6a7511f796a85c459a165c74/element/f.29D878CEA50B72482771CEDAC8A54377.d.EF3612CE8340CE97A4212F37FD069496.e.7235/clear - {}
RESULT: {}
RESULT: {}
COMMAND: POST /session/6773c96d6a7511f796a85c459a165c74/element/f.29D878CEA50B72482771CEDAC8A54377.d.EF3612CE8340CE97A4212F37FD069496.e.7235/value - {"text":"Material"}
COMMAND: GET /session/6773c96d6a7511f796a85c459a165c74/screenshot - {}
RESULT: {"text":"Material"}
COMMAND: GET /session/6773c96d6a7511f796a85c459a165c74/screenshot - {}
RESULT: {}
RESULT: {}
COMMAND: POST /session/6773c96d6a7511f796a85c459a165c74/actions - {"actions":[{"id":"action20","type":"key","parameters":{},"actions":[{"type":"keyDown","value":"î€‡"},{"type":"pause","duration":10},{"type":"keyUp","value":"î€‡"}]}]}
RESULT: {"actions":[{"id":"action20","type":"key","parameters":{},"actions":[{"type":"keyDown","value":"î€‡"},{"type":"pause","duration":10},{"type":"keyUp","value":"î€‡"}]}]}
COMMAND: POST /session/6773c96d6a7511f796a85c459a165c74/execute/async - {"script":"<script> [1562 bytes]","args":[{"selector":{"id":"application-manageresources-display-component---newResourceUnit--SHORT_TEXT","interaction":{"idSuffix":"inner"}},"wdio_ui5_key":"applicationmanageresources-display-component---newResourceUnit--SHORT_TEXT"}]}
COMMAND: GET /session/6773c96d6a7511f796a85c459a165c74/screenshot - {}
RESULT: {"script":"<script> [1562 bytes]","args":[{"selector":{"id":"application-manageresources-display-component---newResourceUnit--SHORT_TEXT","interaction":{"idSuffix":"inner"}},"wdio_ui5_key":"applicationmanageresources-display-component---newResourceUnit--SHORT_TEXT"}]}
RESULT: undefined
COMMAND: POST /session/6773c96d6a7511f796a85c459a165c74/execute/async - {"script":"<script> [776 bytes]","args":[{"enterText":"Cement WDIO","selector":{"id":"application-manageresources-display-component---newResourceUnit--SHORT_TEXT","interaction":{"idSuffix":"inner"}},"clearTextFirst":true,"interactionType":"ENTER_TEXT"}]}
RESULT: {}
RESULT: {"script":"<script> [776 bytes]","args":[{"enterText":"Cement WDIO","selector":{"id":"application-manageresources-display-component---newResourceUnit--SHORT_TEXT","interaction":{"idSuffix":"inner"}},"clearTextFirst":true,"interactionType":"ENTER_TEXT"}]}
COMMAND: POST /session/6773c96d6a7511f796a85c459a165c74/execute/async - {"script":"<script> [1562 bytes]","args":[{"selector":{"id":"application-manageresources-display-component---newResourceUnit--BASE_UNIT_OF_MEASURE","interaction":{"idSuffix":"inner"}},"wdio_ui5_key":"applicationmanageresources-display-component---newResourceUnit--BASE_UNIT_OF_MEASURE"}]}
RESULT: {"script":"<script> [1562 bytes]","args":[{"selector":{"id":"application-manageresources-display-component---newResourceUnit--BASE_UNIT_OF_MEASURE","interaction":{"idSuffix":"inner"}},"wdio_ui5_key":"applicationmanageresources-display-component---newResourceUnit--BASE_UNIT_OF_MEASURE"}]}
RESULT: undefined
COMMAND: POST /session/6773c96d6a7511f796a85c459a165c74/execute/async - {"script":"<script> [776 bytes]","args":[{"enterText":"Piece","selector":{"id":"application-manageresources-display-component---newResourceUnit--BASE_UNIT_OF_MEASURE","interaction":{"idSuffix":"inner"}},"clearTextFirst":true,"interactionType":"ENTER_TEXT"}]}
RESULT: {"script":"<script> [776 bytes]","args":[{"enterText":"Piece","selector":{"id":"application-manageresources-display-component---newResourceUnit--BASE_UNIT_OF_MEASURE","interaction":{"idSuffix":"inner"}},"clearTextFirst":true,"interactionType":"ENTER_TEXT"}]}
COMMAND: POST /session/6773c96d6a7511f796a85c459a165c74/execute/async - {"script":"<script> [1562 bytes]","args":[{"selector":{"id":"application-manageresources-display-component---newResourceUnit--WEIGHT_UNIT","interaction":{"idSuffix":"inner"}},"wdio_ui5_key":"applicationmanageresources-display-component---newResourceUnit--WEIGHT_UNIT"}]}
RESULT: {"script":"<script> [1562 bytes]","args":[{"selector":{"id":"application-manageresources-display-component---newResourceUnit--WEIGHT_UNIT","interaction":{"idSuffix":"inner"}},"wdio_ui5_key":"applicationmanageresources-display-component---newResourceUnit--WEIGHT_UNIT"}]}
RESULT: undefined
COMMAND: POST /session/6773c96d6a7511f796a85c459a165c74/execute/async - {"script":"<script> [776 bytes]","args":[{"enterText":"Gram","selector":{"id":"application-manageresources-display-component---newResourceUnit--WEIGHT_UNIT","interaction":{"idSuffix":"inner"}},"clearTextFirst":true,"interactionType":"ENTER_TEXT"}]}
RESULT: {"script":"<script> [776 bytes]","args":[{"enterText":"Gram","selector":{"id":"application-manageresources-display-component---newResourceUnit--WEIGHT_UNIT","interaction":{"idSuffix":"inner"}},"clearTextFirst":true,"interactionType":"ENTER_TEXT"}]}
COMMAND: POST /session/6773c96d6a7511f796a85c459a165c74/execute/async - {"script":"<script> [1562 bytes]","args":[{"selector":{"id":"application-manageresources-display-component---newResourceUnit--DIMENSION_UNIT","interaction":{"idSuffix":"inner"}},"wdio_ui5_key":"applicationmanageresources-display-component---newResourceUnit--DIMENSION_UNIT"}]}
RESULT: {"script":"<script> [1562 bytes]","args":[{"selector":{"id":"application-manageresources-display-component---newResourceUnit--DIMENSION_UNIT","interaction":{"idSuffix":"inner"}},"wdio_ui5_key":"applicationmanageresources-display-component---newResourceUnit--DIMENSION_UNIT"}]}
RESULT: undefined
COMMAND: POST /session/6773c96d6a7511f796a85c459a165c74/execute/async - {"script":"<script> [776 bytes]","args":[{"enterText":"Meter","selector":{"id":"application-manageresources-display-component---newResourceUnit--DIMENSION_UNIT","interaction":{"idSuffix":"inner"}},"clearTextFirst":true,"interactionType":"ENTER_TEXT"}]}
RESULT: {"script":"<script> [776 bytes]","args":[{"enterText":"Meter","selector":{"id":"application-manageresources-display-component---newResourceUnit--DIMENSION_UNIT","interaction":{"idSuffix":"inner"}},"clearTextFirst":true,"interactionType":"ENTER_TEXT"}]}
COMMAND: POST /session/6773c96d6a7511f796a85c459a165c74/execute/async - {"script":"<script> [1562 bytes]","args":[{"selector":{"id":"application-manageresources-display-component---newResourceUnit--newRRUPage-anchBar-application-manageresources-display-component---newResourceUnit--control-anchor","interaction":{"idSuffix":"BDI-content"}},"wdio_ui5_key":"applicationmanageresources-display-component---newResourceUnit--newRRUPage-anchBar-application-manageresources-display-component---newResourceUnit--control-anchor"}]}
RESULT: {"script":"<script> [1562 bytes]","args":[{"selector":{"id":"application-manageresources-display-component---newResourceUnit--newRRUPage-anchBar-application-manageresources-display-component---newResourceUnit--control-anchor","interaction":{"idSuffix":"BDI-content"}},"wdio_ui5_key":"applicationmanageresources-display-component---newResourceUnit--newRRUPage-anchBar-application-manageresources-display-component---newResourceUnit--control-anchor"}]}
RESULT: undefined
COMMAND: POST /session/6773c96d6a7511f796a85c459a165c74/element - {"using":"xpath","value":"//*[@id=\"application-manageresources-display-component---newResourceUnit--newRRUPage-anchBar-application-manageresources-display-component---newResourceUnit--control-anchor\"]"}
RESULT: {"using":"xpath","value":"//*[@id=\"application-manageresources-display-component---newResourceUnit--newRRUPage-anchBar-application-manageresources-display-component---newResourceUnit--control-anchor\"]"}
COMMAND: POST /session/6773c96d6a7511f796a85c459a165c74/element/f.29D878CEA50B72482771CEDAC8A54377.d.EF3612CE8340CE97A4212F37FD069496.e.7307/click - {}
RESULT: {}
COMMAND: POST /session/6773c96d6a7511f796a85c459a165c74/execute/async - {"script":"<script> [1562 bytes]","args":[{"selector":{"id":"application-manageresources-display-component---newResourceUnit--PLANNING_GROUP","interaction":{"idSuffix":"inner"}},"wdio_ui5_key":"applicationmanageresources-display-component---newResourceUnit--PLANNING_GROUP"}]}
COMMAND: GET /session/6773c96d6a7511f796a85c459a165c74/screenshot - {}
RESULT: {"script":"<script> [1562 bytes]","args":[{"selector":{"id":"application-manageresources-display-component---newResourceUnit--PLANNING_GROUP","interaction":{"idSuffix":"inner"}},"wdio_ui5_key":"applicationmanageresources-display-component---newResourceUnit--PLANNING_GROUP"}]}
RESULT: undefined
COMMAND: POST /session/6773c96d6a7511f796a85c459a165c74/execute/async - {"script":"<script> [776 bytes]","args":[{"enterText":"Material","selector":{"id":"application-manageresources-display-component---newResourceUnit--PLANNING_GROUP","interaction":{"idSuffix":"inner"}},"clearTextFirst":true,"interactionType":"ENTER_TEXT"}]}
RESULT: {}
RESULT: {"script":"<script> [776 bytes]","args":[{"enterText":"Material","selector":{"id":"application-manageresources-display-component---newResourceUnit--PLANNING_GROUP","interaction":{"idSuffix":"inner"}},"clearTextFirst":true,"interactionType":"ENTER_TEXT"}]}
COMMAND: POST /session/6773c96d6a7511f796a85c459a165c74/execute/async - {"script":"<script> [1562 bytes]","args":[{"selector":{"id":"application-manageresources-display-component---newResourceUnit--PLANNING_INDICATOR","interaction":{"idSuffix":"inner"}},"wdio_ui5_key":"applicationmanageresources-display-component---newResourceUnit--PLANNING_INDICATOR"}]}
RESULT: {"script":"<script> [1562 bytes]","args":[{"selector":{"id":"application-manageresources-display-component---newResourceUnit--PLANNING_INDICATOR","interaction":{"idSuffix":"inner"}},"wdio_ui5_key":"applicationmanageresources-display-component---newResourceUnit--PLANNING_INDICATOR"}]}
RESULT: undefined
COMMAND: POST /session/6773c96d6a7511f796a85c459a165c74/execute/async - {"script":"<script> [776 bytes]","args":[{"enterText":"10 - infinite","selector":{"id":"application-manageresources-display-component---newResourceUnit--PLANNING_INDICATOR","interaction":{"idSuffix":"inner"}},"clearTextFirst":true,"interactionType":"ENTER_TEXT"}]}
RESULT: {"script":"<script> [776 bytes]","args":[{"enterText":"10 - infinite","selector":{"id":"application-manageresources-display-component---newResourceUnit--PLANNING_INDICATOR","interaction":{"idSuffix":"inner"}},"clearTextFirst":true,"interactionType":"ENTER_TEXT"}]}
COMMAND: POST /session/6773c96d6a7511f796a85c459a165c74/element - {"using":"css selector","value":"#application-manageresources-display-component---newResourceUnit--btnAddTimeSegment"}
RESULT: {"using":"css selector","value":"#application-manageresources-display-component---newResourceUnit--btnAddTimeSegment"}
COMMAND: GET /session/6773c96d6a7511f796a85c459a165c74/element/f.29D878CEA50B72482771CEDAC8A54377.d.EF3612CE8340CE97A4212F37FD069496.e.7317/rect - {}
RESULT: {}
COMMAND: GET /session/6773c96d6a7511f796a85c459a165c74/window/rect - {}
RESULT: {}
COMMAND: POST /session/6773c96d6a7511f796a85c459a165c74/execute/sync - {"script":"<script> [92 bytes]","args":[]}
RESULT: {"script":"<script> [92 bytes]","args":[]}
COMMAND: POST /session/6773c96d6a7511f796a85c459a165c74/actions - {"actions":[{"id":"action21","type":"wheel","parameters":{},"actions":[{"type":"scroll","x":-1888,"y":-32,"deltaX":0,"deltaY":0,"duration":0,"origin":{"element-6066-11e4-a52e-4f735466cecf":"f.29D878CEA50B72482771CEDAC8A54377.d.EF3612CE8340CE97A4212F37FD069496.e.7317"}}]}]}
COMMAND: GET /session/6773c96d6a7511f796a85c459a165c74/screenshot - {}
RESULT: {}
COMMAND: POST /session/6773c96d6a7511f796a85c459a165c74/execute/sync - {"script":"<script> [79 bytes]","args":[{"element-6066-11e4-a52e-4f735466cecf":"f.29D878CEA50B72482771CEDAC8A54377.d.EF3612CE8340CE97A4212F37FD069496.e.7317","ELEMENT":"f.29D878CEA50B72482771CEDAC8A54377.d.EF3612CE8340CE97A4212F37FD069496.e.7317"},{"block":"start","inline":"nearest"}]}
RESULT: {"script":"<script> [79 bytes]","args":[{"element-6066-11e4-a52e-4f735466cecf":"f.29D878CEA50B72482771CEDAC8A54377.d.EF3612CE8340CE97A4212F37FD069496.e.7317","ELEMENT":"f.29D878CEA50B72482771CEDAC8A54377.d.EF3612CE8340CE97A4212F37FD069496.e.7317"},{"block":"start","inline":"nearest"}]}
COMMAND: POST /session/6773c96d6a7511f796a85c459a165c74/execute/async - {"script":"<script> [1562 bytes]","args":[{"selector":{"id":"application-manageresources-display-component---newResourceUnit--btnAddTimeSegment","interaction":{"idSuffix":"inner"}},"wdio_ui5_key":"applicationmanageresources-display-component---newResourceUnit--btnAddTimeSegment"}]}
COMMAND: GET /session/6773c96d6a7511f796a85c459a165c74/screenshot - {}
RESULT: {"script":"<script> [1562 bytes]","args":[{"selector":{"id":"application-manageresources-display-component---newResourceUnit--btnAddTimeSegment","interaction":{"idSuffix":"inner"}},"wdio_ui5_key":"applicationmanageresources-display-component---newResourceUnit--btnAddTimeSegment"}]}
RESULT: undefined
COMMAND: POST /session/6773c96d6a7511f796a85c459a165c74/element - {"using":"xpath","value":"//*[@id=\"application-manageresources-display-component---newResourceUnit--btnAddTimeSegment\"]"}
RESULT: {}
RESULT: {"using":"xpath","value":"//*[@id=\"application-manageresources-display-component---newResourceUnit--btnAddTimeSegment\"]"}
COMMAND: POST /session/6773c96d6a7511f796a85c459a165c74/element/f.29D878CEA50B72482771CEDAC8A54377.d.EF3612CE8340CE97A4212F37FD069496.e.7317/click - {}
RESULT: {}
COMMAND: GET /session/6773c96d6a7511f796a85c459a165c74/screenshot - {}
RESULT: {}
COMMAND: POST /session/6773c96d6a7511f796a85c459a165c74/element - {"using":"xpath","value":"//input[@id=\"application-manageresources-display-component---newResourceUnit--idRuTSAdmin-application-manageresources-display-component---newResourceUnit--RUTimeSegment-0-inner\"]"}
RESULT: {"using":"xpath","value":"//input[@id=\"application-manageresources-display-component---newResourceUnit--idRuTSAdmin-application-manageresources-display-component---newResourceUnit--RUTimeSegment-0-inner\"]"}
COMMAND: POST /session/6773c96d6a7511f796a85c459a165c74/element/f.29D878CEA50B72482771CEDAC8A54377.d.EF3612CE8340CE97A4212F37FD069496.e.7322/clear - {}
RESULT: {}
COMMAND: POST /session/6773c96d6a7511f796a85c459a165c74/element/f.29D878CEA50B72482771CEDAC8A54377.d.EF3612CE8340CE97A4212F37FD069496.e.7322/value - {"text":"501"}
COMMAND: GET /session/6773c96d6a7511f796a85c459a165c74/screenshot - {}
RESULT: {"text":"501"}
COMMAND: GET /session/6773c96d6a7511f796a85c459a165c74/screenshot - {}
RESULT: {}
RESULT: {}
COMMAND: POST /session/6773c96d6a7511f796a85c459a165c74/element - {"using":"xpath","value":"//li[.//span[text()='501']]"}
RESULT: {"using":"xpath","value":"//li[.//span[text()='501']]"}
COMMAND: POST /session/6773c96d6a7511f796a85c459a165c74/element/f.29D878CEA50B72482771CEDAC8A54377.d.EF3612CE8340CE97A4212F37FD069496.e.7331/click - {}
RESULT: {}
COMMAND: GET /session/6773c96d6a7511f796a85c459a165c74/screenshot - {}
RESULT: {}
COMMAND: POST /session/6773c96d6a7511f796a85c459a165c74/element - {"using":"xpath","value":"(//span[contains(@id, \"-application-manageresources-display-component---newResourceUnit--RUTimeSegment-0-arrow\")])[2]"}
RESULT: {"using":"xpath","value":"(//span[contains(@id, \"-application-manageresources-display-component---newResourceUnit--RUTimeSegment-0-arrow\")])[2]"}
COMMAND: POST /session/6773c96d6a7511f796a85c459a165c74/element/f.29D878CEA50B72482771CEDAC8A54377.d.EF3612CE8340CE97A4212F37FD069496.e.7332/click - {}
RESULT: {}
COMMAND: POST /session/6773c96d6a7511f796a85c459a165c74/element - {"using":"xpath","value":"//span[contains(text(), \"PM Order\")]"}
RESULT: {"using":"xpath","value":"//span[contains(text(), \"PM Order\")]"}
COMMAND: POST /session/6773c96d6a7511f796a85c459a165c74/element/f.29D878CEA50B72482771CEDAC8A54377.d.EF3612CE8340CE97A4212F37FD069496.e.7333/click - {}
COMMAND: GET /session/6773c96d6a7511f796a85c459a165c74/screenshot - {}
RESULT: {}
COMMAND: GET /session/6773c96d6a7511f796a85c459a165c74/screenshot - {}
RESULT: {}
RESULT: {}
COMMAND: POST /session/6773c96d6a7511f796a85c459a165c74/element - {"using":"xpath","value":"//td/div/div/div/span[contains(@id, \"newResourceUnit--RUTimeSegment-0-vhi\")][1]"}
RESULT: {"using":"xpath","value":"//td/div/div/div/span[contains(@id, \"newResourceUnit--RUTimeSegment-0-vhi\")][1]"}
COMMAND: GET /session/6773c96d6a7511f796a85c459a165c74/element/f.29D878CEA50B72482771CEDAC8A54377.d.EF3612CE8340CE97A4212F37FD069496.e.7337/rect - {}
RESULT: {}
COMMAND: GET /session/6773c96d6a7511f796a85c459a165c74/window/rect - {}
RESULT: {}
COMMAND: POST /session/6773c96d6a7511f796a85c459a165c74/execute/sync - {"script":"<script> [92 bytes]","args":[]}
RESULT: {"script":"<script> [92 bytes]","args":[]}
COMMAND: POST /session/6773c96d6a7511f796a85c459a165c74/actions - {"actions":[{"id":"action22","type":"wheel","parameters":{},"actions":[{"type":"scroll","x":-1888,"y":-24,"deltaX":0,"deltaY":0,"duration":0,"origin":{"element-6066-11e4-a52e-4f735466cecf":"f.29D878CEA50B72482771CEDAC8A54377.d.EF3612CE8340CE97A4212F37FD069496.e.7337"}}]}]}
COMMAND: GET /session/6773c96d6a7511f796a85c459a165c74/screenshot - {}
RESULT: {}
COMMAND: POST /session/6773c96d6a7511f796a85c459a165c74/execute/sync - {"script":"<script> [79 bytes]","args":[{"element-6066-11e4-a52e-4f735466cecf":"f.29D878CEA50B72482771CEDAC8A54377.d.EF3612CE8340CE97A4212F37FD069496.e.7337","ELEMENT":"f.29D878CEA50B72482771CEDAC8A54377.d.EF3612CE8340CE97A4212F37FD069496.e.7337"},{"block":"start","inline":"nearest"}]}
RESULT: {"script":"<script> [79 bytes]","args":[{"element-6066-11e4-a52e-4f735466cecf":"f.29D878CEA50B72482771CEDAC8A54377.d.EF3612CE8340CE97A4212F37FD069496.e.7337","ELEMENT":"f.29D878CEA50B72482771CEDAC8A54377.d.EF3612CE8340CE97A4212F37FD069496.e.7337"},{"block":"start","inline":"nearest"}]}
COMMAND: GET /session/6773c96d6a7511f796a85c459a165c74/screenshot - {}
RESULT: {}
COMMAND: POST /session/6773c96d6a7511f796a85c459a165c74/element/f.29D878CEA50B72482771CEDAC8A54377.d.EF3612CE8340CE97A4212F37FD069496.e.7337/click - {}
RESULT: {}
COMMAND: GET /session/6773c96d6a7511f796a85c459a165c74/screenshot - {}
RESULT: {}
COMMAND: POST /session/6773c96d6a7511f796a85c459a165c74/execute/async - {"script":"<script> [1562 bytes]","args":[{"selector":{"controlType":"sap.m.SearchField","properties":{"placeholder":"Search"},"searchOpenDialogs":true,"interaction":{"idSuffix":"I"}},"wdio_ui5_key":"sapm.SearchField{\"placeholder\":\"Search\"}"}]}
RESULT: {"script":"<script> [1562 bytes]","args":[{"selector":{"controlType":"sap.m.SearchField","properties":{"placeholder":"Search"},"searchOpenDialogs":true,"interaction":{"idSuffix":"I"}},"wdio_ui5_key":"sapm.SearchField{\"placeholder\":\"Search\"}"}]}
RESULT: undefined
COMMAND: POST /session/6773c96d6a7511f796a85c459a165c74/execute/async - {"script":"<script> [776 bytes]","args":[{"enterText":"4000360","selector":{"controlType":"sap.m.SearchField","properties":{"placeholder":"Search"},"searchOpenDialogs":true,"interaction":{"idSuffix":"I"}},"clearTextFirst":true,"interactionType":"ENTER_TEXT"}]}
RESULT: {"script":"<script> [776 bytes]","args":[{"enterText":"4000360","selector":{"controlType":"sap.m.SearchField","properties":{"placeholder":"Search"},"searchOpenDialogs":true,"interaction":{"idSuffix":"I"}},"clearTextFirst":true,"interactionType":"ENTER_TEXT"}]}
COMMAND: POST /session/6773c96d6a7511f796a85c459a165c74/actions - {"actions":[{"id":"action23","type":"key","parameters":{},"actions":[{"type":"keyDown","value":"î€‡"},{"type":"pause","duration":10},{"type":"keyUp","value":"î€‡"}]}]}
RESULT: {"actions":[{"id":"action23","type":"key","parameters":{},"actions":[{"type":"keyDown","value":"î€‡"},{"type":"pause","duration":10},{"type":"keyUp","value":"î€‡"}]}]}
COMMAND: GET /session/6773c96d6a7511f796a85c459a165c74/screenshot - {}
RESULT: {}
COMMAND: POST /session/6773c96d6a7511f796a85c459a165c74/element - {"using":"xpath","value":"//td/div/span[contains(text(), \"BGL Vehicles\")]"}
RESULT: {"using":"xpath","value":"//td/div/span[contains(text(), \"BGL Vehicles\")]"}
COMMAND: POST /session/6773c96d6a7511f796a85c459a165c74/element/f.29D878CEA50B72482771CEDAC8A54377.d.EF3612CE8340CE97A4212F37FD069496.e.7358/click - {}
RESULT: {}
COMMAND: GET /session/6773c96d6a7511f796a85c459a165c74/screenshot - {}
RESULT: {}
COMMAND: POST /session/6773c96d6a7511f796a85c459a165c74/element - {"using":"xpath","value":"//bdi[contains(text(), \"OK\")]"}
RESULT: {"using":"xpath","value":"//bdi[contains(text(), \"OK\")]"}
COMMAND: POST /session/6773c96d6a7511f796a85c459a165c74/element/f.29D878CEA50B72482771CEDAC8A54377.d.EF3612CE8340CE97A4212F37FD069496.e.7359/click - {}
RESULT: {}
COMMAND: GET /session/6773c96d6a7511f796a85c459a165c74/screenshot - {}
RESULT: {}
COMMAND: POST /session/6773c96d6a7511f796a85c459a165c74/element - {"using":"xpath","value":"//label[contains(@class, 'sapMLabelRequired') and .//bdi[contains(text(), 'Planned Retirement')]]"}
RESULT: {"using":"xpath","value":"//label[contains(@class, 'sapMLabelRequired') and .//bdi[contains(text(), 'Planned Retirement')]]"}
COMMAND: POST /session/6773c96d6a7511f796a85c459a165c74/elements - {"using":"xpath","value":"//label[contains(@class, 'sapMLabelRequired') and .//bdi[contains(text(), 'Planned Retirement')]]"}
RESULT: {"using":"xpath","value":"//label[contains(@class, 'sapMLabelRequired') and .//bdi[contains(text(), 'Planned Retirement')]]"}
COMMAND: POST /session/6773c96d6a7511f796a85c459a165c74/element - {"using":"xpath","value":"//button[@data-kt=\"resourceUnitSaveButton\"]"}
RESULT: {"using":"xpath","value":"//button[@data-kt=\"resourceUnitSaveButton\"]"}
COMMAND: POST /session/6773c96d6a7511f796a85c459a165c74/element/f.29D878CEA50B72482771CEDAC8A54377.d.EF3612CE8340CE97A4212F37FD069496.e.7259/click - {}
RESULT: {}
COMMAND: GET /session/6773c96d6a7511f796a85c459a165c74/screenshot - {}
COMMAND: POST /session/6773c96d6a7511f796a85c459a165c74/element - {"using":"xpath","value":"//bdi[contains(text(), \"Close\")]"}
RESULT: {}
RESULT: {"using":"xpath","value":"//bdi[contains(text(), \"Close\")]"}
COMMAND: POST /session/6773c96d6a7511f796a85c459a165c74/element/f.29D878CEA50B72482771CEDAC8A54377.d.EF3612CE8340CE97A4212F37FD069496.e.7365/click - {}
RESULT: {}
COMMAND: GET /session/6773c96d6a7511f796a85c459a165c74/screenshot - {}
RESULT: {}
COMMAND: POST /session/6773c96d6a7511f796a85c459a165c74/element - {"using":"xpath","value":"//header[contains(@id, 'detailRruPage-headerTitle')]/div[1]/div[2]/div[2]/span[1]"}
RESULT: {"using":"xpath","value":"//header[contains(@id, 'detailRruPage-headerTitle')]/div[1]/div[2]/div[2]/span[1]"}
COMMAND: POST /session/6773c96d6a7511f796a85c459a165c74/elements - {"using":"xpath","value":"//header[contains(@id, 'detailRruPage-headerTitle')]/div[1]/div[2]/div[2]/span[1]"}
RESULT: {"using":"xpath","value":"//header[contains(@id, 'detailRruPage-headerTitle')]/div[1]/div[2]/div[2]/span[1]"}
COMMAND: POST /session/6773c96d6a7511f796a85c459a165c74/execute/sync - {"script":"<script> [56 bytes]","args":[{"element-6066-11e4-a52e-4f735466cecf":"f.29D878CEA50B72482771CEDAC8A54377.d.EF3612CE8340CE97A4212F37FD069496.e.7402","ELEMENT":"f.29D878CEA50B72482771CEDAC8A54377.d.EF3612CE8340CE97A4212F37FD069496.e.7402"}]}
RESULT: {"script":"<script> [56 bytes]","args":[{"element-6066-11e4-a52e-4f735466cecf":"f.29D878CEA50B72482771CEDAC8A54377.d.EF3612CE8340CE97A4212F37FD069496.e.7402","ELEMENT":"f.29D878CEA50B72482771CEDAC8A54377.d.EF3612CE8340CE97A4212F37FD069496.e.7402"}]}
]]></system-out>
    </testcase>
    <testcase classname="chrome.136_0_7103_93.windows.US134625_Set_up_price_condition_-_one_time" name="Should create new pricing rule one time" time="57.446">
      <system-out><![CDATA[
COMMAND: POST /session/6773c96d6a7511f796a85c459a165c74/element - {"using":"xpath","value":"(//button[contains(@id ,\"actionsToolbar-overflowButton\")])[1]"}
COMMAND: GET /session/6773c96d6a7511f796a85c459a165c74/screenshot - {}
RESULT: {"using":"xpath","value":"(//button[contains(@id ,\"actionsToolbar-overflowButton\")])[1]"}
COMMAND: POST /session/6773c96d6a7511f796a85c459a165c74/element/f.29D878CEA50B72482771CEDAC8A54377.d.EF3612CE8340CE97A4212F37FD069496.e.7403/click - {}
RESULT: {}
RESULT: {}
COMMAND: GET /session/6773c96d6a7511f796a85c459a165c74/screenshot - {}
RESULT: {}
COMMAND: POST /session/6773c96d6a7511f796a85c459a165c74/element - {"using":"xpath","value":"//button[@data-kt=\"priceInfoButton\"]"}
RESULT: {"using":"xpath","value":"//button[@data-kt=\"priceInfoButton\"]"}
COMMAND: POST /session/6773c96d6a7511f796a85c459a165c74/element/f.29D878CEA50B72482771CEDAC8A54377.d.EF3612CE8340CE97A4212F37FD069496.e.7405/click - {}
RESULT: {}
COMMAND: GET /session/6773c96d6a7511f796a85c459a165c74/screenshot - {}
COMMAND: POST /session/6773c96d6a7511f796a85c459a165c74/element - {"using":"xpath","value":"//button[@data-kt=\"addButton\"]"}
RESULT: {}
RESULT: {"using":"xpath","value":"//button[@data-kt=\"addButton\"]"}
COMMAND: POST /session/6773c96d6a7511f796a85c459a165c74/elements - {"using":"xpath","value":"//button[@data-kt=\"addButton\"]"}
RESULT: {"using":"xpath","value":"//button[@data-kt=\"addButton\"]"}
COMMAND: POST /session/6773c96d6a7511f796a85c459a165c74/execute/sync - {"script":"<script> [8489 bytes]","args":[{"element-6066-11e4-a52e-4f735466cecf":"f.29D878CEA50B72482771CEDAC8A54377.d.EF3612CE8340CE97A4212F37FD069496.e.7445","ELEMENT":"f.29D878CEA50B72482771CEDAC8A54377.d.EF3612CE8340CE97A4212F37FD069496.e.7445"}]}
RESULT: {"script":"<script> [8489 bytes]","args":[{"element-6066-11e4-a52e-4f735466cecf":"f.29D878CEA50B72482771CEDAC8A54377.d.EF3612CE8340CE97A4212F37FD069496.e.7445","ELEMENT":"f.29D878CEA50B72482771CEDAC8A54377.d.EF3612CE8340CE97A4212F37FD069496.e.7445"}]}
COMMAND: GET /session/6773c96d6a7511f796a85c459a165c74/element/f.29D878CEA50B72482771CEDAC8A54377.d.EF3612CE8340CE97A4212F37FD069496.e.7445/enabled - {}
COMMAND: GET /session/6773c96d6a7511f796a85c459a165c74/screenshot - {}
RESULT: {}
COMMAND: POST /session/6773c96d6a7511f796a85c459a165c74/execute/sync - {"script":"<script> [8489 bytes]","args":[{"element-6066-11e4-a52e-4f735466cecf":"f.29D878CEA50B72482771CEDAC8A54377.d.EF3612CE8340CE97A4212F37FD069496.e.7445","ELEMENT":"f.29D878CEA50B72482771CEDAC8A54377.d.EF3612CE8340CE97A4212F37FD069496.e.7445"}]}
COMMAND: GET /session/6773c96d6a7511f796a85c459a165c74/screenshot - {}
RESULT: {}
RESULT: {"script":"<script> [8489 bytes]","args":[{"element-6066-11e4-a52e-4f735466cecf":"f.29D878CEA50B72482771CEDAC8A54377.d.EF3612CE8340CE97A4212F37FD069496.e.7445","ELEMENT":"f.29D878CEA50B72482771CEDAC8A54377.d.EF3612CE8340CE97A4212F37FD069496.e.7445"}]}
COMMAND: POST /session/6773c96d6a7511f796a85c459a165c74/execute/sync - {"script":"<script> [5351 bytes]","args":[{"element-6066-11e4-a52e-4f735466cecf":"f.29D878CEA50B72482771CEDAC8A54377.d.EF3612CE8340CE97A4212F37FD069496.e.7445","ELEMENT":"f.29D878CEA50B72482771CEDAC8A54377.d.EF3612CE8340CE97A4212F37FD069496.e.7445"}]}
COMMAND: GET /session/6773c96d6a7511f796a85c459a165c74/screenshot - {}
RESULT: {}
RESULT: {"script":"<script> [5351 bytes]","args":[{"element-6066-11e4-a52e-4f735466cecf":"f.29D878CEA50B72482771CEDAC8A54377.d.EF3612CE8340CE97A4212F37FD069496.e.7445","ELEMENT":"f.29D878CEA50B72482771CEDAC8A54377.d.EF3612CE8340CE97A4212F37FD069496.e.7445"}]}
COMMAND: POST /session/6773c96d6a7511f796a85c459a165c74/element/f.29D878CEA50B72482771CEDAC8A54377.d.EF3612CE8340CE97A4212F37FD069496.e.7445/click - {}
COMMAND: GET /session/6773c96d6a7511f796a85c459a165c74/screenshot - {}
RESULT: {}
RESULT: {}
COMMAND: GET /session/6773c96d6a7511f796a85c459a165c74/screenshot - {}
RESULT: {}
RESULT: {}
COMMAND: POST /session/6773c96d6a7511f796a85c459a165c74/execute/async - {"script":"<script> [1562 bytes]","args":[{"selector":{"controlType":"sap.m.Title","viewName":"etm.portal.ui.managepricingrules.view.NewItem","viewId":"application-managepricingrules-display-component---newInfoPriceItem","properties":{"text":"New Pricing Rules - Item Level"}},"wdio_ui5_key":"etmportal.ui.managepricingrules.view.NewItemsap.m.Title{\"text\":\"New Pricing Rules - Item Level\"}"}]}
RESULT: {"script":"<script> [1562 bytes]","args":[{"selector":{"controlType":"sap.m.Title","viewName":"etm.portal.ui.managepricingrules.view.NewItem","viewId":"application-managepricingrules-display-component---newInfoPriceItem","properties":{"text":"New Pricing Rules - Item Level"}},"wdio_ui5_key":"etmportal.ui.managepricingrules.view.NewItemsap.m.Title{\"text\":\"New Pricing Rules - Item Level\"}"}]}
RESULT: undefined
COMMAND: POST /session/6773c96d6a7511f796a85c459a165c74/execute/async - {"script":"<script> [6424 bytes]","args":[{"element-6066-11e4-a52e-4f735466cecf":"f.29D878CEA50B72482771CEDAC8A54377.d.EF3612CE8340CE97A4212F37FD069496.e.7620"},"getText",[]]}
RESULT: {"script":"<script> [6424 bytes]","args":[{"element-6066-11e4-a52e-4f735466cecf":"f.29D878CEA50B72482771CEDAC8A54377.d.EF3612CE8340CE97A4212F37FD069496.e.7620"},"getText",[]]}
COMMAND: POST /session/6773c96d6a7511f796a85c459a165c74/execute/async - {"script":"<script> [1562 bytes]","args":[{"selector":{"id":"application-managepricingrules-display-component---newInfoPriceItem--condValidTo","interaction":{"idSuffix":"inner"}},"wdio_ui5_key":"applicationmanagepricingrules-display-component---newInfoPriceItem--condValidTo"}]}
RESULT: {"script":"<script> [1562 bytes]","args":[{"selector":{"id":"application-managepricingrules-display-component---newInfoPriceItem--condValidTo","interaction":{"idSuffix":"inner"}},"wdio_ui5_key":"applicationmanagepricingrules-display-component---newInfoPriceItem--condValidTo"}]}
RESULT: undefined
COMMAND: POST /session/6773c96d6a7511f796a85c459a165c74/execute/async - {"script":"<script> [776 bytes]","args":[{"enterText":"1/17/26","selector":{"id":"application-managepricingrules-display-component---newInfoPriceItem--condValidTo","interaction":{"idSuffix":"inner"}},"clearTextFirst":true,"interactionType":"ENTER_TEXT"}]}
RESULT: {"script":"<script> [776 bytes]","args":[{"enterText":"1/17/26","selector":{"id":"application-managepricingrules-display-component---newInfoPriceItem--condValidTo","interaction":{"idSuffix":"inner"}},"clearTextFirst":true,"interactionType":"ENTER_TEXT"}]}
COMMAND: POST /session/6773c96d6a7511f796a85c459a165c74/execute/async - {"script":"<script> [1562 bytes]","args":[{"selector":{"id":"application-managepricingrules-display-component---newInfoPriceItem--billType-arrow"},"wdio_ui5_key":"applicationmanagepricingrules-display-component---newInfoPriceItem--billType-arrow"}]}
RESULT: {"script":"<script> [1562 bytes]","args":[{"selector":{"id":"application-managepricingrules-display-component---newInfoPriceItem--billType-arrow"},"wdio_ui5_key":"applicationmanagepricingrules-display-component---newInfoPriceItem--billType-arrow"}]}
RESULT: undefined
COMMAND: POST /session/6773c96d6a7511f796a85c459a165c74/element - {"using":"xpath","value":"//*[@id=\"application-managepricingrules-display-component---newInfoPriceItem--billType-arrow\"]"}
RESULT: {"using":"xpath","value":"//*[@id=\"application-managepricingrules-display-component---newInfoPriceItem--billType-arrow\"]"}
COMMAND: POST /session/6773c96d6a7511f796a85c459a165c74/element/f.29D878CEA50B72482771CEDAC8A54377.d.EF3612CE8340CE97A4212F37FD069496.e.7574/click - {}
RESULT: {}
COMMAND: POST /session/6773c96d6a7511f796a85c459a165c74/element - {"using":"xpath","value":"//span[contains(text(), \"OT - Sales (one-time)\")]"}
COMMAND: GET /session/6773c96d6a7511f796a85c459a165c74/screenshot - {}
RESULT: {"using":"xpath","value":"//span[contains(text(), \"OT - Sales (one-time)\")]"}
COMMAND: POST /session/6773c96d6a7511f796a85c459a165c74/element/f.29D878CEA50B72482771CEDAC8A54377.d.EF3612CE8340CE97A4212F37FD069496.e.7622/click - {}
RESULT: {}
RESULT: {}
COMMAND: POST /session/6773c96d6a7511f796a85c459a165c74/execute/async - {"script":"<script> [1562 bytes]","args":[{"selector":{"id":"application-managepricingrules-display-component---newInfoPriceItem--priceProc-arrow"},"wdio_ui5_key":"applicationmanagepricingrules-display-component---newInfoPriceItem--priceProc-arrow"}]}
COMMAND: GET /session/6773c96d6a7511f796a85c459a165c74/screenshot - {}
RESULT: {"script":"<script> [1562 bytes]","args":[{"selector":{"id":"application-managepricingrules-display-component---newInfoPriceItem--priceProc-arrow"},"wdio_ui5_key":"applicationmanagepricingrules-display-component---newInfoPriceItem--priceProc-arrow"}]}
RESULT: undefined
COMMAND: POST /session/6773c96d6a7511f796a85c459a165c74/element - {"using":"xpath","value":"//*[@id=\"application-managepricingrules-display-component---newInfoPriceItem--priceProc-arrow\"]"}
RESULT: {}
RESULT: {"using":"xpath","value":"//*[@id=\"application-managepricingrules-display-component---newInfoPriceItem--priceProc-arrow\"]"}
COMMAND: POST /session/6773c96d6a7511f796a85c459a165c74/element/f.29D878CEA50B72482771CEDAC8A54377.d.EF3612CE8340CE97A4212F37FD069496.e.7581/click - {}
RESULT: {}
COMMAND: POST /session/6773c96d6a7511f796a85c459a165c74/element - {"using":"xpath","value":"//span[contains(text(), \"MAT - Material\")]"}
COMMAND: GET /session/6773c96d6a7511f796a85c459a165c74/screenshot - {}
RESULT: {"using":"xpath","value":"//span[contains(text(), \"MAT - Material\")]"}
COMMAND: POST /session/6773c96d6a7511f796a85c459a165c74/element/f.29D878CEA50B72482771CEDAC8A54377.d.EF3612CE8340CE97A4212F37FD069496.e.7623/click - {}
RESULT: {}
RESULT: {}
COMMAND: POST /session/6773c96d6a7511f796a85c459a165c74/execute/async - {"script":"<script> [1562 bytes]","args":[{"selector":{"id":"application-managepricingrules-display-component---newInfoPriceItem--calcBase-arrow"},"wdio_ui5_key":"applicationmanagepricingrules-display-component---newInfoPriceItem--calcBase-arrow"}]}
COMMAND: GET /session/6773c96d6a7511f796a85c459a165c74/screenshot - {}
RESULT: {"script":"<script> [1562 bytes]","args":[{"selector":{"id":"application-managepricingrules-display-component---newInfoPriceItem--calcBase-arrow"},"wdio_ui5_key":"applicationmanagepricingrules-display-component---newInfoPriceItem--calcBase-arrow"}]}
RESULT: undefined
COMMAND: POST /session/6773c96d6a7511f796a85c459a165c74/element - {"using":"xpath","value":"//*[@id=\"application-managepricingrules-display-component---newInfoPriceItem--calcBase-arrow\"]"}
RESULT: {}
RESULT: {"using":"xpath","value":"//*[@id=\"application-managepricingrules-display-component---newInfoPriceItem--calcBase-arrow\"]"}
COMMAND: POST /session/6773c96d6a7511f796a85c459a165c74/element/f.29D878CEA50B72482771CEDAC8A54377.d.EF3612CE8340CE97A4212F37FD069496.e.7588/click - {}
RESULT: {}
COMMAND: GET /session/6773c96d6a7511f796a85c459a165c74/screenshot - {}
RESULT: {}
COMMAND: POST /session/6773c96d6a7511f796a85c459a165c74/element - {"using":"xpath","value":"//span[contains(text(), \"0001 - TB(exact month + cal_days)\")]"}
RESULT: {"using":"xpath","value":"//span[contains(text(), \"0001 - TB(exact month + cal_days)\")]"}
COMMAND: POST /session/6773c96d6a7511f796a85c459a165c74/element/f.29D878CEA50B72482771CEDAC8A54377.d.EF3612CE8340CE97A4212F37FD069496.e.7624/click - {}
RESULT: {}
COMMAND: GET /session/6773c96d6a7511f796a85c459a165c74/screenshot - {}
RESULT: {}
COMMAND: POST /session/6773c96d6a7511f796a85c459a165c74/element - {"using":"xpath","value":"//button[@data-kt=\"saveNewRuleButton\"]"}
RESULT: {"using":"xpath","value":"//button[@data-kt=\"saveNewRuleButton\"]"}
COMMAND: POST /session/6773c96d6a7511f796a85c459a165c74/element/f.29D878CEA50B72482771CEDAC8A54377.d.EF3612CE8340CE97A4212F37FD069496.e.7608/click - {}
RESULT: {}
COMMAND: GET /session/6773c96d6a7511f796a85c459a165c74/screenshot - {}
RESULT: {}
COMMAND: POST /session/6773c96d6a7511f796a85c459a165c74/execute/async - {"script":"<script> [1562 bytes]","args":[{"selector":{"id":"application-managepricingrules-display-component---priceInfoItem--smartFilterBar-btnBasicSearch","interaction":{"idSuffix":"I"}},"wdio_ui5_key":"applicationmanagepricingrules-display-component---priceInfoItem--smartFilterBar-btnBasicSearch"}]}
RESULT: {"script":"<script> [1562 bytes]","args":[{"selector":{"id":"application-managepricingrules-display-component---priceInfoItem--smartFilterBar-btnBasicSearch","interaction":{"idSuffix":"I"}},"wdio_ui5_key":"applicationmanagepricingrules-display-component---priceInfoItem--smartFilterBar-btnBasicSearch"}]}
RESULT: undefined
COMMAND: POST /session/6773c96d6a7511f796a85c459a165c74/execute/async - {"script":"<script> [776 bytes]","args":[{"enterText":"200260","selector":{"id":"application-managepricingrules-display-component---priceInfoItem--smartFilterBar-btnBasicSearch","interaction":{"idSuffix":"I"}},"clearTextFirst":true,"interactionType":"ENTER_TEXT"}]}
RESULT: {"script":"<script> [776 bytes]","args":[{"enterText":"200260","selector":{"id":"application-managepricingrules-display-component---priceInfoItem--smartFilterBar-btnBasicSearch","interaction":{"idSuffix":"I"}},"clearTextFirst":true,"interactionType":"ENTER_TEXT"}]}
COMMAND: POST /session/6773c96d6a7511f796a85c459a165c74/actions - {"actions":[{"id":"action24","type":"key","parameters":{},"actions":[{"type":"keyDown","value":"î€‡"},{"type":"pause","duration":10},{"type":"keyUp","value":"î€‡"}]}]}
RESULT: {"actions":[{"id":"action24","type":"key","parameters":{},"actions":[{"type":"keyDown","value":"î€‡"},{"type":"pause","duration":10},{"type":"keyUp","value":"î€‡"}]}]}
COMMAND: GET /session/6773c96d6a7511f796a85c459a165c74/screenshot - {}
RESULT: {}
COMMAND: POST /session/6773c96d6a7511f796a85c459a165c74/element - {"using":"xpath","value":"//span[@id=\"application-managepricingrules-display-component---priceInfoItem--smartTable-header-inner\"]"}
RESULT: {"using":"xpath","value":"//span[@id=\"application-managepricingrules-display-component---priceInfoItem--smartTable-header-inner\"]"}
COMMAND: POST /session/6773c96d6a7511f796a85c459a165c74/elements - {"using":"xpath","value":"//span[@id=\"application-managepricingrules-display-component---priceInfoItem--smartTable-header-inner\"]"}
RESULT: {"using":"xpath","value":"//span[@id=\"application-managepricingrules-display-component---priceInfoItem--smartTable-header-inner\"]"}
COMMAND: POST /session/6773c96d6a7511f796a85c459a165c74/execute/sync - {"script":"<script> [56 bytes]","args":[{"element-6066-11e4-a52e-4f735466cecf":"f.29D878CEA50B72482771CEDAC8A54377.d.EF3612CE8340CE97A4212F37FD069496.e.7647","ELEMENT":"f.29D878CEA50B72482771CEDAC8A54377.d.EF3612CE8340CE97A4212F37FD069496.e.7647"}]}
RESULT: {"script":"<script> [56 bytes]","args":[{"element-6066-11e4-a52e-4f735466cecf":"f.29D878CEA50B72482771CEDAC8A54377.d.EF3612CE8340CE97A4212F37FD069496.e.7647","ELEMENT":"f.29D878CEA50B72482771CEDAC8A54377.d.EF3612CE8340CE97A4212F37FD069496.e.7647"}]}
COMMAND: POST /session/6773c96d6a7511f796a85c459a165c74/element - {"using":"css selector","value":"#shell-header-logo"}
COMMAND: GET /session/6773c96d6a7511f796a85c459a165c74/screenshot - {}
RESULT: {"using":"css selector","value":"#shell-header-logo"}
COMMAND: POST /session/6773c96d6a7511f796a85c459a165c74/element/f.29D878CEA50B72482771CEDAC8A54377.d.EF3612CE8340CE97A4212F37FD069496.e.6851/click - {}
RESULT: {}
RESULT: {}
COMMAND: GET /session/6773c96d6a7511f796a85c459a165c74/screenshot - {}
RESULT: {}
]]></system-out>
    </testcase>
    <testcase classname="chrome.136_0_7103_93.windows.US134625_Set_up_price_condition_-_one_time" name="Should create new condition one time" time="67.558">
      <system-out><![CDATA[
COMMAND: POST /session/6773c96d6a7511f796a85c459a165c74/execute/async - {"script":"<script> [1562 bytes]","args":[{"selector":{"controlType":"sap.m.GenericTile","properties":{"header":"Manage Conditions & Prices"}},"wdio_ui5_key":"sapm.GenericTile{\"header\":\"Manage Conditions & Prices\"}"}]}
RESULT: {"script":"<script> [1562 bytes]","args":[{"selector":{"controlType":"sap.m.GenericTile","properties":{"header":"Manage Conditions & Prices"}},"wdio_ui5_key":"sapm.GenericTile{\"header\":\"Manage Conditions & Prices\"}"}]}
RESULT: undefined
COMMAND: POST /session/6773c96d6a7511f796a85c459a165c74/element - {"using":"xpath","value":"//*[@id=\"__tile53\"]"}
RESULT: {"using":"xpath","value":"//*[@id=\"__tile53\"]"}
COMMAND: POST /session/6773c96d6a7511f796a85c459a165c74/element/f.29D878CEA50B72482771CEDAC8A54377.d.EF3612CE8340CE97A4212F37FD069496.e.6789/click - {}
RESULT: {}
COMMAND: GET /session/6773c96d6a7511f796a85c459a165c74/screenshot - {}
RESULT: {}
COMMAND: POST /session/6773c96d6a7511f796a85c459a165c74/elements - {"using":"xpath","value":"//span[text()='Error']"}
RESULT: {"using":"xpath","value":"//span[text()='Error']"}
COMMAND: POST /session/6773c96d6a7511f796a85c459a165c74/element - {"using":"xpath","value":"//button[@aria-label=\"Create\"]"}
RESULT: {"using":"xpath","value":"//button[@aria-label=\"Create\"]"}
COMMAND: POST /session/6773c96d6a7511f796a85c459a165c74/elements - {"using":"xpath","value":"//button[@aria-label=\"Create\"]"}
RESULT: {"using":"xpath","value":"//button[@aria-label=\"Create\"]"}
COMMAND: POST /session/6773c96d6a7511f796a85c459a165c74/execute/sync - {"script":"<script> [8489 bytes]","args":[{"element-6066-11e4-a52e-4f735466cecf":"f.29D878CEA50B72482771CEDAC8A54377.d.EF3612CE8340CE97A4212F37FD069496.e.7682","ELEMENT":"f.29D878CEA50B72482771CEDAC8A54377.d.EF3612CE8340CE97A4212F37FD069496.e.7682"}]}
RESULT: {"script":"<script> [8489 bytes]","args":[{"element-6066-11e4-a52e-4f735466cecf":"f.29D878CEA50B72482771CEDAC8A54377.d.EF3612CE8340CE97A4212F37FD069496.e.7682","ELEMENT":"f.29D878CEA50B72482771CEDAC8A54377.d.EF3612CE8340CE97A4212F37FD069496.e.7682"}]}
COMMAND: GET /session/6773c96d6a7511f796a85c459a165c74/element/f.29D878CEA50B72482771CEDAC8A54377.d.EF3612CE8340CE97A4212F37FD069496.e.7682/enabled - {}
COMMAND: GET /session/6773c96d6a7511f796a85c459a165c74/screenshot - {}
RESULT: {}
COMMAND: POST /session/6773c96d6a7511f796a85c459a165c74/execute/sync - {"script":"<script> [8489 bytes]","args":[{"element-6066-11e4-a52e-4f735466cecf":"f.29D878CEA50B72482771CEDAC8A54377.d.EF3612CE8340CE97A4212F37FD069496.e.7682","ELEMENT":"f.29D878CEA50B72482771CEDAC8A54377.d.EF3612CE8340CE97A4212F37FD069496.e.7682"}]}
COMMAND: GET /session/6773c96d6a7511f796a85c459a165c74/screenshot - {}
RESULT: {}
RESULT: {"script":"<script> [8489 bytes]","args":[{"element-6066-11e4-a52e-4f735466cecf":"f.29D878CEA50B72482771CEDAC8A54377.d.EF3612CE8340CE97A4212F37FD069496.e.7682","ELEMENT":"f.29D878CEA50B72482771CEDAC8A54377.d.EF3612CE8340CE97A4212F37FD069496.e.7682"}]}
COMMAND: POST /session/6773c96d6a7511f796a85c459a165c74/execute/sync - {"script":"<script> [5351 bytes]","args":[{"element-6066-11e4-a52e-4f735466cecf":"f.29D878CEA50B72482771CEDAC8A54377.d.EF3612CE8340CE97A4212F37FD069496.e.7682","ELEMENT":"f.29D878CEA50B72482771CEDAC8A54377.d.EF3612CE8340CE97A4212F37FD069496.e.7682"}]}
COMMAND: GET /session/6773c96d6a7511f796a85c459a165c74/screenshot - {}
RESULT: {}
RESULT: {"script":"<script> [5351 bytes]","args":[{"element-6066-11e4-a52e-4f735466cecf":"f.29D878CEA50B72482771CEDAC8A54377.d.EF3612CE8340CE97A4212F37FD069496.e.7682","ELEMENT":"f.29D878CEA50B72482771CEDAC8A54377.d.EF3612CE8340CE97A4212F37FD069496.e.7682"}]}
COMMAND: POST /session/6773c96d6a7511f796a85c459a165c74/element/f.29D878CEA50B72482771CEDAC8A54377.d.EF3612CE8340CE97A4212F37FD069496.e.7682/click - {}
COMMAND: GET /session/6773c96d6a7511f796a85c459a165c74/screenshot - {}
RESULT: {}
RESULT: {}
COMMAND: GET /session/6773c96d6a7511f796a85c459a165c74/screenshot - {}
RESULT: {}
RESULT: {}
COMMAND: POST /session/6773c96d6a7511f796a85c459a165c74/actions - {"actions":[{"id":"action25","type":"key","parameters":{},"actions":[{"type":"keyDown","value":"î€‡"},{"type":"pause","duration":10},{"type":"keyUp","value":"î€‡"}]}]}
RESULT: {"actions":[{"id":"action25","type":"key","parameters":{},"actions":[{"type":"keyDown","value":"î€‡"},{"type":"pause","duration":10},{"type":"keyUp","value":"î€‡"}]}]}
COMMAND: GET /session/6773c96d6a7511f796a85c459a165c74/screenshot - {}
RESULT: {}
COMMAND: POST /session/6773c96d6a7511f796a85c459a165c74/execute/async - {"script":"<script> [1562 bytes]","args":[{"selector":{"id":"application-manageconditionprice-display-component---newCondition--condBillCond-arrow"},"wdio_ui5_key":"applicationmanageconditionprice-display-component---newCondition--condBillCond-arrow"}]}
RESULT: {"script":"<script> [1562 bytes]","args":[{"selector":{"id":"application-manageconditionprice-display-component---newCondition--condBillCond-arrow"},"wdio_ui5_key":"applicationmanageconditionprice-display-component---newCondition--condBillCond-arrow"}]}
RESULT: undefined
COMMAND: POST /session/6773c96d6a7511f796a85c459a165c74/element - {"using":"xpath","value":"//*[@id=\"application-manageconditionprice-display-component---newCondition--condBillCond-arrow\"]"}
RESULT: {"using":"xpath","value":"//*[@id=\"application-manageconditionprice-display-component---newCondition--condBillCond-arrow\"]"}
COMMAND: POST /session/6773c96d6a7511f796a85c459a165c74/element/f.29D878CEA50B72482771CEDAC8A54377.d.EF3612CE8340CE97A4212F37FD069496.e.7862/click - {}
RESULT: {}
COMMAND: GET /session/6773c96d6a7511f796a85c459a165c74/screenshot - {}
RESULT: {}
COMMAND: POST /session/6773c96d6a7511f796a85c459a165c74/element - {"using":"xpath","value":"//li[.//span[contains(text(), \"SAPR - Sales price\")]]"}
RESULT: {"using":"xpath","value":"//li[.//span[contains(text(), \"SAPR - Sales price\")]]"}
COMMAND: POST /session/6773c96d6a7511f796a85c459a165c74/element/f.29D878CEA50B72482771CEDAC8A54377.d.EF3612CE8340CE97A4212F37FD069496.e.7865/click - {}
RESULT: {}
COMMAND: GET /session/6773c96d6a7511f796a85c459a165c74/screenshot - {}
RESULT: {}
COMMAND: POST /session/6773c96d6a7511f796a85c459a165c74/execute/async - {"script":"<script> [1562 bytes]","args":[{"selector":{"id":"application-manageconditionprice-display-component---newCondition--condValidTo","interaction":{"idSuffix":"inner"}},"wdio_ui5_key":"applicationmanageconditionprice-display-component---newCondition--condValidTo"}]}
RESULT: {"script":"<script> [1562 bytes]","args":[{"selector":{"id":"application-manageconditionprice-display-component---newCondition--condValidTo","interaction":{"idSuffix":"inner"}},"wdio_ui5_key":"applicationmanageconditionprice-display-component---newCondition--condValidTo"}]}
RESULT: undefined
COMMAND: POST /session/6773c96d6a7511f796a85c459a165c74/execute/async - {"script":"<script> [776 bytes]","args":[{"enterText":"1/17/26","selector":{"id":"application-manageconditionprice-display-component---newCondition--condValidTo","interaction":{"idSuffix":"inner"}},"clearTextFirst":true,"interactionType":"ENTER_TEXT"}]}
RESULT: {"script":"<script> [776 bytes]","args":[{"enterText":"1/17/26","selector":{"id":"application-manageconditionprice-display-component---newCondition--condValidTo","interaction":{"idSuffix":"inner"}},"clearTextFirst":true,"interactionType":"ENTER_TEXT"}]}
COMMAND: POST /session/6773c96d6a7511f796a85c459a165c74/element - {"using":"xpath","value":"//input[@id=\"application-manageconditionprice-display-component---newCondition--condRU-inner\"]"}
RESULT: {"using":"xpath","value":"//input[@id=\"application-manageconditionprice-display-component---newCondition--condRU-inner\"]"}
COMMAND: POST /session/6773c96d6a7511f796a85c459a165c74/element/f.29D878CEA50B72482771CEDAC8A54377.d.EF3612CE8340CE97A4212F37FD069496.e.7727/clear - {}
RESULT: {}
COMMAND: POST /session/6773c96d6a7511f796a85c459a165c74/element/f.29D878CEA50B72482771CEDAC8A54377.d.EF3612CE8340CE97A4212F37FD069496.e.7727/value - {"text":"200260"}
COMMAND: GET /session/6773c96d6a7511f796a85c459a165c74/screenshot - {}
RESULT: {"text":"200260"}
COMMAND: GET /session/6773c96d6a7511f796a85c459a165c74/screenshot - {}
RESULT: {}
RESULT: {}
COMMAND: POST /session/6773c96d6a7511f796a85c459a165c74/actions - {"actions":[{"id":"action26","type":"key","parameters":{},"actions":[{"type":"keyDown","value":"î€‡"},{"type":"pause","duration":10},{"type":"keyUp","value":"î€‡"}]}]}
RESULT: {"actions":[{"id":"action26","type":"key","parameters":{},"actions":[{"type":"keyDown","value":"î€‡"},{"type":"pause","duration":10},{"type":"keyUp","value":"î€‡"}]}]}
COMMAND: POST /session/6773c96d6a7511f796a85c459a165c74/execute/async - {"script":"<script> [1562 bytes]","args":[{"selector":{"id":"application-manageconditionprice-display-component---newCondition--condBaseQty","interaction":{"idSuffix":"inner"}},"wdio_ui5_key":"applicationmanageconditionprice-display-component---newCondition--condBaseQty"}]}
COMMAND: GET /session/6773c96d6a7511f796a85c459a165c74/screenshot - {}
RESULT: {"script":"<script> [1562 bytes]","args":[{"selector":{"id":"application-manageconditionprice-display-component---newCondition--condBaseQty","interaction":{"idSuffix":"inner"}},"wdio_ui5_key":"applicationmanageconditionprice-display-component---newCondition--condBaseQty"}]}
RESULT: undefined
COMMAND: POST /session/6773c96d6a7511f796a85c459a165c74/execute/async - {"script":"<script> [776 bytes]","args":[{"enterText":"1","selector":{"id":"application-manageconditionprice-display-component---newCondition--condBaseQty","interaction":{"idSuffix":"inner"}},"clearTextFirst":true,"interactionType":"ENTER_TEXT"}]}
RESULT: {}
RESULT: {"script":"<script> [776 bytes]","args":[{"enterText":"1","selector":{"id":"application-manageconditionprice-display-component---newCondition--condBaseQty","interaction":{"idSuffix":"inner"}},"clearTextFirst":true,"interactionType":"ENTER_TEXT"}]}
COMMAND: POST /session/6773c96d6a7511f796a85c459a165c74/execute/async - {"script":"<script> [1562 bytes]","args":[{"selector":{"id":"application-manageconditionprice-display-component---newCondition--condValue","interaction":{"idSuffix":"inner"}},"wdio_ui5_key":"applicationmanageconditionprice-display-component---newCondition--condValue"}]}
RESULT: {"script":"<script> [1562 bytes]","args":[{"selector":{"id":"application-manageconditionprice-display-component---newCondition--condValue","interaction":{"idSuffix":"inner"}},"wdio_ui5_key":"applicationmanageconditionprice-display-component---newCondition--condValue"}]}
RESULT: undefined
COMMAND: POST /session/6773c96d6a7511f796a85c459a165c74/execute/async - {"script":"<script> [776 bytes]","args":[{"enterText":"100.00","selector":{"id":"application-manageconditionprice-display-component---newCondition--condValue","interaction":{"idSuffix":"inner"}},"clearTextFirst":true,"interactionType":"ENTER_TEXT"}]}
RESULT: {"script":"<script> [776 bytes]","args":[{"enterText":"100.00","selector":{"id":"application-manageconditionprice-display-component---newCondition--condValue","interaction":{"idSuffix":"inner"}},"clearTextFirst":true,"interactionType":"ENTER_TEXT"}]}
COMMAND: POST /session/6773c96d6a7511f796a85c459a165c74/execute/async - {"script":"<script> [1562 bytes]","args":[{"selector":{"id":"application-manageconditionprice-display-component---newCondition--condCurr-arrow"},"wdio_ui5_key":"applicationmanageconditionprice-display-component---newCondition--condCurr-arrow"}]}
RESULT: {"script":"<script> [1562 bytes]","args":[{"selector":{"id":"application-manageconditionprice-display-component---newCondition--condCurr-arrow"},"wdio_ui5_key":"applicationmanageconditionprice-display-component---newCondition--condCurr-arrow"}]}
RESULT: undefined
COMMAND: POST /session/6773c96d6a7511f796a85c459a165c74/element - {"using":"xpath","value":"//*[@id=\"application-manageconditionprice-display-component---newCondition--condCurr-arrow\"]"}
RESULT: {"using":"xpath","value":"//*[@id=\"application-manageconditionprice-display-component---newCondition--condCurr-arrow\"]"}
COMMAND: POST /session/6773c96d6a7511f796a85c459a165c74/element/f.29D878CEA50B72482771CEDAC8A54377.d.EF3612CE8340CE97A4212F37FD069496.e.7822/click - {}
RESULT: {}
COMMAND: POST /session/6773c96d6a7511f796a85c459a165c74/element - {"using":"xpath","value":"//span[contains(text(), \"Euro\")]"}
COMMAND: GET /session/6773c96d6a7511f796a85c459a165c74/screenshot - {}
RESULT: {"using":"xpath","value":"//span[contains(text(), \"Euro\")]"}
COMMAND: POST /session/6773c96d6a7511f796a85c459a165c74/element/f.29D878CEA50B72482771CEDAC8A54377.d.EF3612CE8340CE97A4212F37FD069496.e.7901/click - {}
RESULT: {}
RESULT: {}
COMMAND: POST /session/6773c96d6a7511f796a85c459a165c74/element - {"using":"xpath","value":"//button[@data-kt=\"saveButton\"]"}
COMMAND: GET /session/6773c96d6a7511f796a85c459a165c74/screenshot - {}
RESULT: {"using":"xpath","value":"//button[@data-kt=\"saveButton\"]"}
COMMAND: POST /session/6773c96d6a7511f796a85c459a165c74/element/f.29D878CEA50B72482771CEDAC8A54377.d.EF3612CE8340CE97A4212F37FD069496.e.7823/click - {}
RESULT: {}
RESULT: {}
COMMAND: GET /session/6773c96d6a7511f796a85c459a165c74/screenshot - {}
RESULT: {}
COMMAND: POST /session/6773c96d6a7511f796a85c459a165c74/execute/async - {"script":"<script> [1562 bytes]","args":[{"selector":{"id":"application-manageconditionprice-display-component---conditions--smartFilterBar-btnBasicSearch","interaction":{"idSuffix":"I"}},"wdio_ui5_key":"applicationmanageconditionprice-display-component---conditions--smartFilterBar-btnBasicSearch"}]}
RESULT: {"script":"<script> [1562 bytes]","args":[{"selector":{"id":"application-manageconditionprice-display-component---conditions--smartFilterBar-btnBasicSearch","interaction":{"idSuffix":"I"}},"wdio_ui5_key":"applicationmanageconditionprice-display-component---conditions--smartFilterBar-btnBasicSearch"}]}
RESULT: undefined
COMMAND: POST /session/6773c96d6a7511f796a85c459a165c74/execute/async - {"script":"<script> [776 bytes]","args":[{"enterText":"200260","selector":{"id":"application-manageconditionprice-display-component---conditions--smartFilterBar-btnBasicSearch","interaction":{"idSuffix":"I"}},"clearTextFirst":true,"interactionType":"ENTER_TEXT"}]}
RESULT: {"script":"<script> [776 bytes]","args":[{"enterText":"200260","selector":{"id":"application-manageconditionprice-display-component---conditions--smartFilterBar-btnBasicSearch","interaction":{"idSuffix":"I"}},"clearTextFirst":true,"interactionType":"ENTER_TEXT"}]}
COMMAND: POST /session/6773c96d6a7511f796a85c459a165c74/actions - {"actions":[{"id":"action27","type":"key","parameters":{},"actions":[{"type":"keyDown","value":"î€‡"},{"type":"pause","duration":10},{"type":"keyUp","value":"î€‡"}]}]}
RESULT: {"actions":[{"id":"action27","type":"key","parameters":{},"actions":[{"type":"keyDown","value":"î€‡"},{"type":"pause","duration":10},{"type":"keyUp","value":"î€‡"}]}]}
COMMAND: GET /session/6773c96d6a7511f796a85c459a165c74/screenshot - {}
RESULT: {}
COMMAND: POST /session/6773c96d6a7511f796a85c459a165c74/execute/async - {"script":"<script> [1562 bytes]","args":[{"selector":{"id":"application-manageconditionprice-display-component---conditions--smartFilterBar-filterItemControl_BASIC-BILL_TYPES-vhi"},"wdio_ui5_key":"applicationmanageconditionprice-display-component---conditions--smartFilterBar-filterItemControl_BASIC-BILL_TYPES-vhi"}]}
RESULT: {"script":"<script> [1562 bytes]","args":[{"selector":{"id":"application-manageconditionprice-display-component---conditions--smartFilterBar-filterItemControl_BASIC-BILL_TYPES-vhi"},"wdio_ui5_key":"applicationmanageconditionprice-display-component---conditions--smartFilterBar-filterItemControl_BASIC-BILL_TYPES-vhi"}]}
RESULT: undefined
COMMAND: POST /session/6773c96d6a7511f796a85c459a165c74/element - {"using":"xpath","value":"//*[@id=\"application-manageconditionprice-display-component---conditions--smartFilterBar-filterItemControl_BASIC-BILL_TYPES-vhi\"]"}
RESULT: {"using":"xpath","value":"//*[@id=\"application-manageconditionprice-display-component---conditions--smartFilterBar-filterItemControl_BASIC-BILL_TYPES-vhi\"]"}
COMMAND: POST /session/6773c96d6a7511f796a85c459a165c74/element/f.29D878CEA50B72482771CEDAC8A54377.d.EF3612CE8340CE97A4212F37FD069496.e.8007/click - {}
RESULT: {}
COMMAND: POST /session/6773c96d6a7511f796a85c459a165c74/execute/async - {"script":"<script> [1562 bytes]","args":[{"selector":{"id":"application-manageconditionprice-display-component---conditions--smartFilterBar-filterItemControl_BASIC-BILL_TYPES-valueHelpDialog-smartFilterBar-btnBasicSearch","searchOpenDialogs":true,"interaction":{"idSuffix":"I"}},"wdio_ui5_key":"applicationmanageconditionprice-display-component---conditions--smartFilterBar-filterItemControl_BASIC-BILL_TYPES-valueHelpDialog-smartFilterBar-btnBasicSearch"}]}
COMMAND: GET /session/6773c96d6a7511f796a85c459a165c74/screenshot - {}
RESULT: {"script":"<script> [1562 bytes]","args":[{"selector":{"id":"application-manageconditionprice-display-component---conditions--smartFilterBar-filterItemControl_BASIC-BILL_TYPES-valueHelpDialog-smartFilterBar-btnBasicSearch","searchOpenDialogs":true,"interaction":{"idSuffix":"I"}},"wdio_ui5_key":"applicationmanageconditionprice-display-component---conditions--smartFilterBar-filterItemControl_BASIC-BILL_TYPES-valueHelpDialog-smartFilterBar-btnBasicSearch"}]}
RESULT: undefined
COMMAND: POST /session/6773c96d6a7511f796a85c459a165c74/execute/async - {"script":"<script> [776 bytes]","args":[{"enterText":"one","selector":{"id":"application-manageconditionprice-display-component---conditions--smartFilterBar-filterItemControl_BASIC-BILL_TYPES-valueHelpDialog-smartFilterBar-btnBasicSearch","searchOpenDialogs":true,"interaction":{"idSuffix":"I"}},"clearTextFirst":true,"interactionType":"ENTER_TEXT"}]}
RESULT: {}
RESULT: {"script":"<script> [776 bytes]","args":[{"enterText":"one","selector":{"id":"application-manageconditionprice-display-component---conditions--smartFilterBar-filterItemControl_BASIC-BILL_TYPES-valueHelpDialog-smartFilterBar-btnBasicSearch","searchOpenDialogs":true,"interaction":{"idSuffix":"I"}},"clearTextFirst":true,"interactionType":"ENTER_TEXT"}]}
COMMAND: POST /session/6773c96d6a7511f796a85c459a165c74/actions - {"actions":[{"id":"action28","type":"key","parameters":{},"actions":[{"type":"keyDown","value":"î€‡"},{"type":"pause","duration":10},{"type":"keyUp","value":"î€‡"}]}]}
RESULT: {"actions":[{"id":"action28","type":"key","parameters":{},"actions":[{"type":"keyDown","value":"î€‡"},{"type":"pause","duration":10},{"type":"keyUp","value":"î€‡"}]}]}
COMMAND: GET /session/6773c96d6a7511f796a85c459a165c74/screenshot - {}
RESULT: {}
COMMAND: POST /session/6773c96d6a7511f796a85c459a165c74/element - {"using":"xpath","value":"//div[contains(@id, 'application-manageconditionprice-display-component---conditions--smartFilterBar-filterItemControl_BASIC-BILL_TYPES-valueHelpDialog-table-rowsel0')]"}
RESULT: {"using":"xpath","value":"//div[contains(@id, 'application-manageconditionprice-display-component---conditions--smartFilterBar-filterItemControl_BASIC-BILL_TYPES-valueHelpDialog-table-rowsel0')]"}
COMMAND: POST /session/6773c96d6a7511f796a85c459a165c74/element/f.29D878CEA50B72482771CEDAC8A54377.d.EF3612CE8340CE97A4212F37FD069496.e.8017/click - {}
RESULT: {}
COMMAND: GET /session/6773c96d6a7511f796a85c459a165c74/screenshot - {}
RESULT: {}
COMMAND: POST /session/6773c96d6a7511f796a85c459a165c74/element - {"using":"xpath","value":"//bdi[contains(text(), \"OK\")]"}
RESULT: {"using":"xpath","value":"//bdi[contains(text(), \"OK\")]"}
COMMAND: POST /session/6773c96d6a7511f796a85c459a165c74/element/f.29D878CEA50B72482771CEDAC8A54377.d.EF3612CE8340CE97A4212F37FD069496.e.8019/click - {}
RESULT: {}
COMMAND: GET /session/6773c96d6a7511f796a85c459a165c74/screenshot - {}
RESULT: {}
COMMAND: POST /session/6773c96d6a7511f796a85c459a165c74/element - {"using":"xpath","value":"//span[@id=\"application-manageconditionprice-display-component---conditions--smartTable-header-inner\"]"}
RESULT: {"using":"xpath","value":"//span[@id=\"application-manageconditionprice-display-component---conditions--smartTable-header-inner\"]"}
COMMAND: POST /session/6773c96d6a7511f796a85c459a165c74/elements - {"using":"xpath","value":"//span[@id=\"application-manageconditionprice-display-component---conditions--smartTable-header-inner\"]"}
RESULT: {"using":"xpath","value":"//span[@id=\"application-manageconditionprice-display-component---conditions--smartTable-header-inner\"]"}
COMMAND: POST /session/6773c96d6a7511f796a85c459a165c74/execute/sync - {"script":"<script> [56 bytes]","args":[{"element-6066-11e4-a52e-4f735466cecf":"f.29D878CEA50B72482771CEDAC8A54377.d.EF3612CE8340CE97A4212F37FD069496.e.8022","ELEMENT":"f.29D878CEA50B72482771CEDAC8A54377.d.EF3612CE8340CE97A4212F37FD069496.e.8022"}]}
RESULT: {"script":"<script> [56 bytes]","args":[{"element-6066-11e4-a52e-4f735466cecf":"f.29D878CEA50B72482771CEDAC8A54377.d.EF3612CE8340CE97A4212F37FD069496.e.8022","ELEMENT":"f.29D878CEA50B72482771CEDAC8A54377.d.EF3612CE8340CE97A4212F37FD069496.e.8022"}]}
COMMAND: POST /session/6773c96d6a7511f796a85c459a165c74/element - {"using":"css selector","value":"#shell-header-logo"}
COMMAND: GET /session/6773c96d6a7511f796a85c459a165c74/screenshot - {}
RESULT: {"using":"css selector","value":"#shell-header-logo"}
COMMAND: POST /session/6773c96d6a7511f796a85c459a165c74/element/f.29D878CEA50B72482771CEDAC8A54377.d.EF3612CE8340CE97A4212F37FD069496.e.7650/click - {}
RESULT: {}
RESULT: {}
COMMAND: GET /session/6773c96d6a7511f796a85c459a165c74/screenshot - {}
RESULT: {}
]]></system-out>
    </testcase>
    <testcase classname="chrome.136_0_7103_93.windows.US134625_Set_up_price_condition_-_one_time" name="Should create a new contract" time="61.776">
      <system-out><![CDATA[
COMMAND: POST /session/6773c96d6a7511f796a85c459a165c74/execute/async - {"script":"<script> [1562 bytes]","args":[{"selector":{"controlType":"sap.m.GenericTile","properties":{"header":"Manage Contracts"}},"wdio_ui5_key":"sapm.GenericTile{\"header\":\"Manage Contracts\"}"}]}
RESULT: {"script":"<script> [1562 bytes]","args":[{"selector":{"controlType":"sap.m.GenericTile","properties":{"header":"Manage Contracts"}},"wdio_ui5_key":"sapm.GenericTile{\"header\":\"Manage Contracts\"}"}]}
RESULT: undefined
COMMAND: POST /session/6773c96d6a7511f796a85c459a165c74/element - {"using":"xpath","value":"//*[@id=\"__tile132\"]"}
RESULT: {"using":"xpath","value":"//*[@id=\"__tile132\"]"}
COMMAND: POST /session/6773c96d6a7511f796a85c459a165c74/element/f.29D878CEA50B72482771CEDAC8A54377.d.EF3612CE8340CE97A4212F37FD069496.e.6758/click - {}
RESULT: {}
COMMAND: GET /session/6773c96d6a7511f796a85c459a165c74/screenshot - {}
RESULT: {}
COMMAND: POST /session/6773c96d6a7511f796a85c459a165c74/elements - {"using":"xpath","value":"//span[text()='Error']"}
RESULT: {"using":"xpath","value":"//span[text()='Error']"}
COMMAND: POST /session/6773c96d6a7511f796a85c459a165c74/element - {"using":"xpath","value":"//button[@data-kt=\"addButton\"]"}
RESULT: {"using":"xpath","value":"//button[@data-kt=\"addButton\"]"}
COMMAND: POST /session/6773c96d6a7511f796a85c459a165c74/elements - {"using":"xpath","value":"//button[@data-kt=\"addButton\"]"}
RESULT: {"using":"xpath","value":"//button[@data-kt=\"addButton\"]"}
COMMAND: POST /session/6773c96d6a7511f796a85c459a165c74/execute/sync - {"script":"<script> [8489 bytes]","args":[{"element-6066-11e4-a52e-4f735466cecf":"f.29D878CEA50B72482771CEDAC8A54377.d.EF3612CE8340CE97A4212F37FD069496.e.8076","ELEMENT":"f.29D878CEA50B72482771CEDAC8A54377.d.EF3612CE8340CE97A4212F37FD069496.e.8076"}]}
RESULT: {"script":"<script> [8489 bytes]","args":[{"element-6066-11e4-a52e-4f735466cecf":"f.29D878CEA50B72482771CEDAC8A54377.d.EF3612CE8340CE97A4212F37FD069496.e.8076","ELEMENT":"f.29D878CEA50B72482771CEDAC8A54377.d.EF3612CE8340CE97A4212F37FD069496.e.8076"}]}
COMMAND: GET /session/6773c96d6a7511f796a85c459a165c74/element/f.29D878CEA50B72482771CEDAC8A54377.d.EF3612CE8340CE97A4212F37FD069496.e.8076/enabled - {}
COMMAND: GET /session/6773c96d6a7511f796a85c459a165c74/screenshot - {}
RESULT: {}
COMMAND: POST /session/6773c96d6a7511f796a85c459a165c74/execute/sync - {"script":"<script> [8489 bytes]","args":[{"element-6066-11e4-a52e-4f735466cecf":"f.29D878CEA50B72482771CEDAC8A54377.d.EF3612CE8340CE97A4212F37FD069496.e.8076","ELEMENT":"f.29D878CEA50B72482771CEDAC8A54377.d.EF3612CE8340CE97A4212F37FD069496.e.8076"}]}
COMMAND: GET /session/6773c96d6a7511f796a85c459a165c74/screenshot - {}
RESULT: {}
RESULT: {"script":"<script> [8489 bytes]","args":[{"element-6066-11e4-a52e-4f735466cecf":"f.29D878CEA50B72482771CEDAC8A54377.d.EF3612CE8340CE97A4212F37FD069496.e.8076","ELEMENT":"f.29D878CEA50B72482771CEDAC8A54377.d.EF3612CE8340CE97A4212F37FD069496.e.8076"}]}
COMMAND: POST /session/6773c96d6a7511f796a85c459a165c74/execute/sync - {"script":"<script> [5351 bytes]","args":[{"element-6066-11e4-a52e-4f735466cecf":"f.29D878CEA50B72482771CEDAC8A54377.d.EF3612CE8340CE97A4212F37FD069496.e.8076","ELEMENT":"f.29D878CEA50B72482771CEDAC8A54377.d.EF3612CE8340CE97A4212F37FD069496.e.8076"}]}
COMMAND: GET /session/6773c96d6a7511f796a85c459a165c74/screenshot - {}
RESULT: {}
RESULT: {"script":"<script> [5351 bytes]","args":[{"element-6066-11e4-a52e-4f735466cecf":"f.29D878CEA50B72482771CEDAC8A54377.d.EF3612CE8340CE97A4212F37FD069496.e.8076","ELEMENT":"f.29D878CEA50B72482771CEDAC8A54377.d.EF3612CE8340CE97A4212F37FD069496.e.8076"}]}
COMMAND: GET /session/6773c96d6a7511f796a85c459a165c74/screenshot - {}
RESULT: {}
RESULT: {}
COMMAND: POST /session/6773c96d6a7511f796a85c459a165c74/element/f.29D878CEA50B72482771CEDAC8A54377.d.EF3612CE8340CE97A4212F37FD069496.e.8076/click - {}
RESULT: {}
COMMAND: GET /session/6773c96d6a7511f796a85c459a165c74/screenshot - {}
RESULT: {}
COMMAND: POST /session/6773c96d6a7511f796a85c459a165c74/execute/async - {"script":"<script> [1562 bytes]","args":[{"selector":{"id":"application-managecontracts-display-component---AddNewContract--projectDescription","interaction":{"idSuffix":"inner"}},"wdio_ui5_key":"applicationmanagecontracts-display-component---AddNewContract--projectDescription"}]}
RESULT: {"script":"<script> [1562 bytes]","args":[{"selector":{"id":"application-managecontracts-display-component---AddNewContract--projectDescription","interaction":{"idSuffix":"inner"}},"wdio_ui5_key":"applicationmanagecontracts-display-component---AddNewContract--projectDescription"}]}
RESULT: undefined
COMMAND: POST /session/6773c96d6a7511f796a85c459a165c74/execute/async - {"script":"<script> [776 bytes]","args":[{"enterText":"Intercompany Contract WDIO","selector":{"id":"application-managecontracts-display-component---AddNewContract--projectDescription","interaction":{"idSuffix":"inner"}},"clearTextFirst":true,"interactionType":"ENTER_TEXT"}]}
RESULT: {"script":"<script> [776 bytes]","args":[{"enterText":"Intercompany Contract WDIO","selector":{"id":"application-managecontracts-display-component---AddNewContract--projectDescription","interaction":{"idSuffix":"inner"}},"clearTextFirst":true,"interactionType":"ENTER_TEXT"}]}
COMMAND: POST /session/6773c96d6a7511f796a85c459a165c74/element - {"using":"xpath","value":"//input[@id=\"application-managecontracts-display-component---AddNewContract--site-inner\"]"}
RESULT: {"using":"xpath","value":"//input[@id=\"application-managecontracts-display-component---AddNewContract--site-inner\"]"}
COMMAND: POST /session/6773c96d6a7511f796a85c459a165c74/element/f.29D878CEA50B72482771CEDAC8A54377.d.EF3612CE8340CE97A4212F37FD069496.e.8433/clear - {}
RESULT: {}
COMMAND: POST /session/6773c96d6a7511f796a85c459a165c74/element/f.29D878CEA50B72482771CEDAC8A54377.d.EF3612CE8340CE97A4212F37FD069496.e.8433/value - {"text":"2241"}
COMMAND: GET /session/6773c96d6a7511f796a85c459a165c74/screenshot - {}
RESULT: {"text":"2241"}
COMMAND: GET /session/6773c96d6a7511f796a85c459a165c74/screenshot - {}
RESULT: {}
RESULT: {}
COMMAND: POST /session/6773c96d6a7511f796a85c459a165c74/element - {"using":"xpath","value":"//li[.//span[text()='2241']]"}
RESULT: {"using":"xpath","value":"//li[.//span[text()='2241']]"}
COMMAND: POST /session/6773c96d6a7511f796a85c459a165c74/element/f.29D878CEA50B72482771CEDAC8A54377.d.EF3612CE8340CE97A4212F37FD069496.e.8470/click - {}
RESULT: {}
COMMAND: GET /session/6773c96d6a7511f796a85c459a165c74/screenshot - {}
RESULT: {}
COMMAND: POST /session/6773c96d6a7511f796a85c459a165c74/element - {"using":"xpath","value":"//input[@id=\"application-managecontracts-display-component---AddNewContract--yardId-inner\"]"}
RESULT: {"using":"xpath","value":"//input[@id=\"application-managecontracts-display-component---AddNewContract--yardId-inner\"]"}
COMMAND: GET /session/6773c96d6a7511f796a85c459a165c74/element/f.29D878CEA50B72482771CEDAC8A54377.d.EF3612CE8340CE97A4212F37FD069496.e.8434/property/value - {}
RESULT: {}
COMMAND: POST /session/6773c96d6a7511f796a85c459a165c74/element - {"using":"xpath","value":"//input[@id=\"application-managecontracts-display-component---AddNewContract--customerSelect-inner\"]"}
COMMAND: GET /session/6773c96d6a7511f796a85c459a165c74/screenshot - {}
RESULT: {"using":"xpath","value":"//input[@id=\"application-managecontracts-display-component---AddNewContract--customerSelect-inner\"]"}
COMMAND: POST /session/6773c96d6a7511f796a85c459a165c74/element/f.29D878CEA50B72482771CEDAC8A54377.d.EF3612CE8340CE97A4212F37FD069496.e.8432/clear - {}
RESULT: {}
RESULT: {}
COMMAND: POST /session/6773c96d6a7511f796a85c459a165c74/element/f.29D878CEA50B72482771CEDAC8A54377.d.EF3612CE8340CE97A4212F37FD069496.e.8432/value - {"text":"1285"}
COMMAND: GET /session/6773c96d6a7511f796a85c459a165c74/screenshot - {}
RESULT: {"text":"1285"}
COMMAND: GET /session/6773c96d6a7511f796a85c459a165c74/screenshot - {}
RESULT: {}
RESULT: {}
COMMAND: POST /session/6773c96d6a7511f796a85c459a165c74/element - {"using":"xpath","value":"//li[.//span[text()='1285']]"}
RESULT: {"using":"xpath","value":"//li[.//span[text()='1285']]"}
COMMAND: POST /session/6773c96d6a7511f796a85c459a165c74/element/f.29D878CEA50B72482771CEDAC8A54377.d.EF3612CE8340CE97A4212F37FD069496.e.8473/click - {}
RESULT: {}
COMMAND: GET /session/6773c96d6a7511f796a85c459a165c74/screenshot - {}
RESULT: {}
COMMAND: POST /session/6773c96d6a7511f796a85c459a165c74/element - {"using":"xpath","value":"//button[@data-kt=\"saveButton\"]"}
RESULT: {"using":"xpath","value":"//button[@data-kt=\"saveButton\"]"}
COMMAND: POST /session/6773c96d6a7511f796a85c459a165c74/element/f.29D878CEA50B72482771CEDAC8A54377.d.EF3612CE8340CE97A4212F37FD069496.e.8474/click - {}
RESULT: {}
COMMAND: GET /session/6773c96d6a7511f796a85c459a165c74/screenshot - {}
RESULT: {}
COMMAND: POST /session/6773c96d6a7511f796a85c459a165c74/element - {"using":"xpath","value":"//span[contains(@id ,\"contractDetailTitleNoExpanded\")]"}
RESULT: {"using":"xpath","value":"//span[contains(@id ,\"contractDetailTitleNoExpanded\")]"}
COMMAND: POST /session/6773c96d6a7511f796a85c459a165c74/elements - {"using":"xpath","value":"//span[contains(@id ,\"contractDetailTitleNoExpanded\")]"}
RESULT: {"using":"xpath","value":"//span[contains(@id ,\"contractDetailTitleNoExpanded\")]"}
COMMAND: POST /session/6773c96d6a7511f796a85c459a165c74/execute/sync - {"script":"<script> [56 bytes]","args":[{"element-6066-11e4-a52e-4f735466cecf":"f.29D878CEA50B72482771CEDAC8A54377.d.EF3612CE8340CE97A4212F37FD069496.e.8546","ELEMENT":"f.29D878CEA50B72482771CEDAC8A54377.d.EF3612CE8340CE97A4212F37FD069496.e.8546"}]}
RESULT: {"script":"<script> [56 bytes]","args":[{"element-6066-11e4-a52e-4f735466cecf":"f.29D878CEA50B72482771CEDAC8A54377.d.EF3612CE8340CE97A4212F37FD069496.e.8546","ELEMENT":"f.29D878CEA50B72482771CEDAC8A54377.d.EF3612CE8340CE97A4212F37FD069496.e.8546"}]}
COMMAND: GET /session/6773c96d6a7511f796a85c459a165c74/screenshot - {}
RESULT: {}
]]></system-out>
    </testcase>
    <testcase classname="chrome.136_0_7103_93.windows.US134625_Set_up_price_condition_-_one_time" name="Should add the material to the contract" time="55.249">
      <system-out><![CDATA[
COMMAND: POST /session/6773c96d6a7511f796a85c459a165c74/element - {"using":"xpath","value":"//button[@data-kt=\"contractDetailEditBtnButton\"]"}
RESULT: {"using":"xpath","value":"//button[@data-kt=\"contractDetailEditBtnButton\"]"}
COMMAND: POST /session/6773c96d6a7511f796a85c459a165c74/element/f.29D878CEA50B72482771CEDAC8A54377.d.EF3612CE8340CE97A4212F37FD069496.e.8548/click - {}
RESULT: {}
COMMAND: GET /session/6773c96d6a7511f796a85c459a165c74/screenshot - {}
RESULT: {}
COMMAND: POST /session/6773c96d6a7511f796a85c459a165c74/element - {"using":"xpath","value":"(//span[contains(text(), \"Additional Addresses\")])[2]"}
RESULT: {"using":"xpath","value":"(//span[contains(text(), \"Additional Addresses\")])[2]"}
COMMAND: POST /session/6773c96d6a7511f796a85c459a165c74/element/f.29D878CEA50B72482771CEDAC8A54377.d.EF3612CE8340CE97A4212F37FD069496.e.8603/click - {}
RESULT: {}
COMMAND: GET /session/6773c96d6a7511f796a85c459a165c74/screenshot - {}
RESULT: {}
COMMAND: POST /session/6773c96d6a7511f796a85c459a165c74/element - {"using":"xpath","value":"//button[@data-kt=\"btnAddTableRowOverflowToolbarButton\"]"}
RESULT: {"using":"xpath","value":"//button[@data-kt=\"btnAddTableRowOverflowToolbarButton\"]"}
COMMAND: POST /session/6773c96d6a7511f796a85c459a165c74/element/f.29D878CEA50B72482771CEDAC8A54377.d.EF3612CE8340CE97A4212F37FD069496.e.8606/click - {}
RESULT: {}
COMMAND: GET /session/6773c96d6a7511f796a85c459a165c74/screenshot - {}
RESULT: {}
COMMAND: POST /session/6773c96d6a7511f796a85c459a165c74/element - {"using":"xpath","value":"//div[(text() = 'Standard Entry' or . = 'Standard Entry')]"}
RESULT: {"using":"xpath","value":"//div[(text() = 'Standard Entry' or . = 'Standard Entry')]"}
COMMAND: POST /session/6773c96d6a7511f796a85c459a165c74/element/f.29D878CEA50B72482771CEDAC8A54377.d.EF3612CE8340CE97A4212F37FD069496.e.8608/click - {}
RESULT: {}
COMMAND: GET /session/6773c96d6a7511f796a85c459a165c74/screenshot - {}
RESULT: {}
COMMAND: POST /session/6773c96d6a7511f796a85c459a165c74/element - {"using":"xpath","value":"//td[6]/div/div/div/span"}
RESULT: {"using":"xpath","value":"//td[6]/div/div/div/span"}
COMMAND: POST /session/6773c96d6a7511f796a85c459a165c74/element/f.29D878CEA50B72482771CEDAC8A54377.d.EF3612CE8340CE97A4212F37FD069496.e.8620/click - {}
RESULT: {}
COMMAND: GET /session/6773c96d6a7511f796a85c459a165c74/screenshot - {}
RESULT: {}
COMMAND: POST /session/6773c96d6a7511f796a85c459a165c74/element - {"using":"xpath","value":"(//span[contains(text(), \"Material\")])"}
RESULT: {"using":"xpath","value":"(//span[contains(text(), \"Material\")])"}
COMMAND: POST /session/6773c96d6a7511f796a85c459a165c74/element/f.29D878CEA50B72482771CEDAC8A54377.d.EF3612CE8340CE97A4212F37FD069496.e.8621/click - {}
RESULT: {}
COMMAND: GET /session/6773c96d6a7511f796a85c459a165c74/screenshot - {}
RESULT: {}
COMMAND: POST /session/6773c96d6a7511f796a85c459a165c74/element - {"using":"xpath","value":"//td[7]/div/div/input"}
RESULT: {"using":"xpath","value":"//td[7]/div/div/input"}
COMMAND: POST /session/6773c96d6a7511f796a85c459a165c74/element/f.29D878CEA50B72482771CEDAC8A54377.d.EF3612CE8340CE97A4212F37FD069496.e.8625/clear - {}
RESULT: {}
COMMAND: POST /session/6773c96d6a7511f796a85c459a165c74/element/f.29D878CEA50B72482771CEDAC8A54377.d.EF3612CE8340CE97A4212F37FD069496.e.8625/value - {"text":"200260"}
COMMAND: GET /session/6773c96d6a7511f796a85c459a165c74/screenshot - {}
RESULT: {"text":"200260"}
COMMAND: GET /session/6773c96d6a7511f796a85c459a165c74/screenshot - {}
RESULT: {}
RESULT: {}
COMMAND: POST /session/6773c96d6a7511f796a85c459a165c74/actions - {"actions":[{"id":"action29","type":"key","parameters":{},"actions":[{"type":"keyDown","value":"î€‡"},{"type":"pause","duration":10},{"type":"keyUp","value":"î€‡"}]}]}
RESULT: {"actions":[{"id":"action29","type":"key","parameters":{},"actions":[{"type":"keyDown","value":"î€‡"},{"type":"pause","duration":10},{"type":"keyUp","value":"î€‡"}]}]}
COMMAND: GET /session/6773c96d6a7511f796a85c459a165c74/screenshot - {}
RESULT: {}
COMMAND: POST /session/6773c96d6a7511f796a85c459a165c74/execute/sync - {"script":"<script> [276 bytes]","args":["No pricing information was found"]}
RESULT: {"script":"<script> [276 bytes]","args":["No pricing information was found"]}
COMMAND: POST /session/6773c96d6a7511f796a85c459a165c74/element - {"using":"xpath","value":"(//button[@data-kt=\"saveButton\"])[2]"}
COMMAND: GET /session/6773c96d6a7511f796a85c459a165c74/screenshot - {}
RESULT: {"using":"xpath","value":"(//button[@data-kt=\"saveButton\"])[2]"}
COMMAND: POST /session/6773c96d6a7511f796a85c459a165c74/element/f.29D878CEA50B72482771CEDAC8A54377.d.EF3612CE8340CE97A4212F37FD069496.e.8648/click - {}
RESULT: {}
RESULT: {}
COMMAND: GET /session/6773c96d6a7511f796a85c459a165c74/screenshot - {}
RESULT: {}
COMMAND: POST /session/6773c96d6a7511f796a85c459a165c74/execute/sync - {"script":"<script> [276 bytes]","args":["Some contract items are having rental validity exceeding header rental validity"]}
RESULT: {"script":"<script> [276 bytes]","args":["Some contract items are having rental validity exceeding header rental validity"]}
COMMAND: GET /session/6773c96d6a7511f796a85c459a165c74/screenshot - {}
RESULT: {}
COMMAND: POST /session/6773c96d6a7511f796a85c459a165c74/element - {"using":"xpath","value":"//span[contains(@id ,\"contractItemsSmartTable-header-inner\")]"}
RESULT: {"using":"xpath","value":"//span[contains(@id ,\"contractItemsSmartTable-header-inner\")]"}
COMMAND: POST /session/6773c96d6a7511f796a85c459a165c74/elements - {"using":"xpath","value":"//span[contains(@id ,\"contractItemsSmartTable-header-inner\")]"}
RESULT: {"using":"xpath","value":"//span[contains(@id ,\"contractItemsSmartTable-header-inner\")]"}
COMMAND: POST /session/6773c96d6a7511f796a85c459a165c74/execute/sync - {"script":"<script> [56 bytes]","args":[{"element-6066-11e4-a52e-4f735466cecf":"f.29D878CEA50B72482771CEDAC8A54377.d.EF3612CE8340CE97A4212F37FD069496.e.8655","ELEMENT":"f.29D878CEA50B72482771CEDAC8A54377.d.EF3612CE8340CE97A4212F37FD069496.e.8655"}]}
RESULT: {"script":"<script> [56 bytes]","args":[{"element-6066-11e4-a52e-4f735466cecf":"f.29D878CEA50B72482771CEDAC8A54377.d.EF3612CE8340CE97A4212F37FD069496.e.8655","ELEMENT":"f.29D878CEA50B72482771CEDAC8A54377.d.EF3612CE8340CE97A4212F37FD069496.e.8655"}]}
]]></system-out>
    </testcase>
    <testcase classname="chrome.136_0_7103_93.windows.US134625_Set_up_price_condition_-_one_time" name="Should verify the bill item creation and pricing condition" time="12.491">
      <system-out><![CDATA[
COMMAND: GET /session/6773c96d6a7511f796a85c459a165c74/screenshot - {}
COMMAND: POST /session/6773c96d6a7511f796a85c459a165c74/execute/async - {"script":"<script> [1562 bytes]","args":[{"selector":{"controlType":"sap.ui.core.Icon","viewName":"etm.portal.ui.managecontracts.view.Detail","properties":{"src":{"regex":{"source":"slim\\-arrow\\-right"}}}},"wdio_ui5_key":"etmportal.ui.managecontracts.view.Detailsap.ui.core.Icon{\"src\":{\"regex\":{\"source\":\"slim\\\\-arrow\\\\-right\"}}}"}]}
RESULT: {"script":"<script> [1562 bytes]","args":[{"selector":{"controlType":"sap.ui.core.Icon","viewName":"etm.portal.ui.managecontracts.view.Detail","properties":{"src":{"regex":{"source":"slim\\-arrow\\-right"}}}},"wdio_ui5_key":"etmportal.ui.managecontracts.view.Detailsap.ui.core.Icon{\"src\":{\"regex\":{\"source\":\"slim\\\\-arrow\\\\-right\"}}}"}]}
RESULT: undefined
COMMAND: POST /session/6773c96d6a7511f796a85c459a165c74/element - {"using":"xpath","value":"//*[@id=\"__item1539-__clone3180-imgNav\"]"}
RESULT: {}
RESULT: {"using":"xpath","value":"//*[@id=\"__item1539-__clone3180-imgNav\"]"}
COMMAND: POST /session/6773c96d6a7511f796a85c459a165c74/element/f.29D878CEA50B72482771CEDAC8A54377.d.EF3612CE8340CE97A4212F37FD069496.e.8656/click - {}
RESULT: {}
COMMAND: GET /session/6773c96d6a7511f796a85c459a165c74/screenshot - {}
COMMAND: POST /session/6773c96d6a7511f796a85c459a165c74/execute/async - {"script":"<script> [1562 bytes]","args":[{"selector":{"controlType":"sap.m.Text","viewName":"etm.portal.ui.managecontracts.view.BillingItem","viewId":"application-managecontracts-display-component---BillingItem","bindingPath":{"propertyPath":"LINK_TO_C_BILL_TYPES/DESCRIPTION"}},"wdio_ui5_key":"etmportal.ui.managecontracts.view.BillingItemsap.m.Text{\"propertyPath\":\"LINK_TO_C_BILL_TYPES/DESCRIPTION\"}"}]}
RESULT: {}
RESULT: {"script":"<script> [1562 bytes]","args":[{"selector":{"controlType":"sap.m.Text","viewName":"etm.portal.ui.managecontracts.view.BillingItem","viewId":"application-managecontracts-display-component---BillingItem","bindingPath":{"propertyPath":"LINK_TO_C_BILL_TYPES/DESCRIPTION"}},"wdio_ui5_key":"etmportal.ui.managecontracts.view.BillingItemsap.m.Text{\"propertyPath\":\"LINK_TO_C_BILL_TYPES/DESCRIPTION\"}"}]}
RESULT: undefined
COMMAND: POST /session/6773c96d6a7511f796a85c459a165c74/execute/async - {"script":"<script> [6424 bytes]","args":[{"element-6066-11e4-a52e-4f735466cecf":"f.29D878CEA50B72482771CEDAC8A54377.d.EF3612CE8340CE97A4212F37FD069496.e.8679"},"getText",[]]}
RESULT: {"script":"<script> [6424 bytes]","args":[{"element-6066-11e4-a52e-4f735466cecf":"f.29D878CEA50B72482771CEDAC8A54377.d.EF3612CE8340CE97A4212F37FD069496.e.8679"},"getText",[]]}
COMMAND: POST /session/6773c96d6a7511f796a85c459a165c74/execute/async - {"script":"<script> [1562 bytes]","args":[{"selector":{"controlType":"sap.m.ObjectNumber","viewName":"etm.portal.ui.managecontracts.view.BillingItem","viewId":"application-managecontracts-display-component---BillingItem","bindingPath":{"propertyPath":"BASE_PRICE"}},"wdio_ui5_key":"etmportal.ui.managecontracts.view.BillingItemsap.m.ObjectNumber{\"propertyPath\":\"BASE_PRICE\"}"}]}
RESULT: {"script":"<script> [1562 bytes]","args":[{"selector":{"controlType":"sap.m.ObjectNumber","viewName":"etm.portal.ui.managecontracts.view.BillingItem","viewId":"application-managecontracts-display-component---BillingItem","bindingPath":{"propertyPath":"BASE_PRICE"}},"wdio_ui5_key":"etmportal.ui.managecontracts.view.BillingItemsap.m.ObjectNumber{\"propertyPath\":\"BASE_PRICE\"}"}]}
RESULT: undefined
COMMAND: POST /session/6773c96d6a7511f796a85c459a165c74/execute/async - {"script":"<script> [6424 bytes]","args":[{"element-6066-11e4-a52e-4f735466cecf":"f.29D878CEA50B72482771CEDAC8A54377.d.EF3612CE8340CE97A4212F37FD069496.e.8680"},"getNumber",[]]}
RESULT: {"script":"<script> [6424 bytes]","args":[{"element-6066-11e4-a52e-4f735466cecf":"f.29D878CEA50B72482771CEDAC8A54377.d.EF3612CE8340CE97A4212F37FD069496.e.8680"},"getNumber",[]]}
COMMAND: POST /session/6773c96d6a7511f796a85c459a165c74/execute/async - {"script":"<script> [1562 bytes]","args":[{"selector":{"controlType":"sap.m.ObjectNumber","viewName":"etm.portal.ui.managecontracts.view.BillingItem","viewId":"application-managecontracts-display-component---BillingItem","bindingPath":{"propertyPath":"BASE_QUANTITY"}},"wdio_ui5_key":"etmportal.ui.managecontracts.view.BillingItemsap.m.ObjectNumber{\"propertyPath\":\"BASE_QUANTITY\"}"}]}
RESULT: {"script":"<script> [1562 bytes]","args":[{"selector":{"controlType":"sap.m.ObjectNumber","viewName":"etm.portal.ui.managecontracts.view.BillingItem","viewId":"application-managecontracts-display-component---BillingItem","bindingPath":{"propertyPath":"BASE_QUANTITY"}},"wdio_ui5_key":"etmportal.ui.managecontracts.view.BillingItemsap.m.ObjectNumber{\"propertyPath\":\"BASE_QUANTITY\"}"}]}
RESULT: undefined
COMMAND: POST /session/6773c96d6a7511f796a85c459a165c74/execute/async - {"script":"<script> [6424 bytes]","args":[{"element-6066-11e4-a52e-4f735466cecf":"f.29D878CEA50B72482771CEDAC8A54377.d.EF3612CE8340CE97A4212F37FD069496.e.8681"},"getNumber",[]]}
RESULT: {"script":"<script> [6424 bytes]","args":[{"element-6066-11e4-a52e-4f735466cecf":"f.29D878CEA50B72482771CEDAC8A54377.d.EF3612CE8340CE97A4212F37FD069496.e.8681"},"getNumber",[]]}
COMMAND: DELETE /session/6773c96d6a7511f796a85c459a165c74 - {}
RESULT: {}
]]></system-out>
    </testcase>
  </testsuite>
</testsuites>